<?xml version="1.0" encoding="UTF-8"?>
<testsuites tests="23" failures="0" errors="0" skipped="0">
  <testsuite timestamp="2025-05-30T17:48:24" time="1230.07" tests="6" failures="0" errors="0" skipped="0">
    <properties>
      <property name="specId" value="0"/>
      <property name="suiteName" value="Standard contract - add contract items by Insert Request US118222"/>
      <property name="capabilities" value="chrome.136_0_7103_93.windows"/>
      <property name="file" value="file:///D:/a/1/s/test/specs/R2C/standard-contract-add-contract-items-by-insert-request.spec.js"/>
    </properties>
    <testcase classname="chrome.136_0_7103_93.windows.Standard_contract_-_add_contract_items_by_Insert_Request_US118222" name="Should create prerequisites yard partner site material and equipment" time="342.317">
      <system-out><![CDATA[
COMMAND: POST /session/3ad3ed370b5892314835873e8b06bae6/execute/async - {"script":"<script> [1562 bytes]","args":[{"selector":{"controlType":"sap.m.GenericTile","properties":{"header":"Manage Yards"}},"wdio_ui5_key":"sapm.GenericTile{\"header\":\"Manage Yards\"}"}]}
RESULT: {"script":"<script> [1562 bytes]","args":[{"selector":{"controlType":"sap.m.GenericTile","properties":{"header":"Manage Yards"}},"wdio_ui5_key":"sapm.GenericTile{\"header\":\"Manage Yards\"}"}]}
RESULT: undefined
COMMAND: POST /session/3ad3ed370b5892314835873e8b06bae6/element - {"using":"xpath","value":"//*[@id=\"__tile41\"]"}
RESULT: {"using":"xpath","value":"//*[@id=\"__tile41\"]"}
COMMAND: POST /session/3ad3ed370b5892314835873e8b06bae6/element/f.66C564F48E23224A49CD761FFC4FB84D.d.67284CA41DCF03ECAED00497CA083724.e.118/click - {}
RESULT: {}
COMMAND: GET /session/3ad3ed370b5892314835873e8b06bae6/screenshot - {}
RESULT: {}
COMMAND: POST /session/3ad3ed370b5892314835873e8b06bae6/elements - {"using":"xpath","value":"//span[text()='Error']"}
RESULT: {"using":"xpath","value":"//span[text()='Error']"}
COMMAND: POST /session/3ad3ed370b5892314835873e8b06bae6/execute/async - {"script":"<script> [1562 bytes]","args":[{"selector":{"controlType":"sap.ui.core.Icon","viewName":"etm.portal.ui.manageyards.view.Master","viewId":"application-manageyards-display-component---masterYard","properties":{"src":{"regex":{"source":"add"}}}},"wdio_ui5_key":"etmportal.ui.manageyards.view.Mastersap.ui.core.Icon{\"src\":{\"regex\":{\"source\":\"add\"}}}"}]}
RESULT: {"script":"<script> [1562 bytes]","args":[{"selector":{"controlType":"sap.ui.core.Icon","viewName":"etm.portal.ui.manageyards.view.Master","viewId":"application-manageyards-display-component---masterYard","properties":{"src":{"regex":{"source":"add"}}}},"wdio_ui5_key":"etmportal.ui.manageyards.view.Mastersap.ui.core.Icon{\"src\":{\"regex\":{\"source\":\"add\"}}}"}]}
RESULT: undefined
COMMAND: POST /session/3ad3ed370b5892314835873e8b06bae6/element - {"using":"xpath","value":"//*[@id=\"__button4-img\"]"}
RESULT: {"using":"xpath","value":"//*[@id=\"__button4-img\"]"}
COMMAND: POST /session/3ad3ed370b5892314835873e8b06bae6/element/f.66C564F48E23224A49CD761FFC4FB84D.d.67284CA41DCF03ECAED00497CA083724.e.165/click - {}
RESULT: {}
COMMAND: GET /session/3ad3ed370b5892314835873e8b06bae6/screenshot - {}
RESULT: {}
COMMAND: POST /session/3ad3ed370b5892314835873e8b06bae6/execute/async - {"script":"<script> [1562 bytes]","args":[{"selector":{"id":"application-manageyards-display-component---NewYard--yardId","interaction":{"idSuffix":"inner"}},"wdio_ui5_key":"applicationmanageyards-display-component---NewYard--yardId"}]}
RESULT: {"script":"<script> [1562 bytes]","args":[{"selector":{"id":"application-manageyards-display-component---NewYard--yardId","interaction":{"idSuffix":"inner"}},"wdio_ui5_key":"applicationmanageyards-display-component---NewYard--yardId"}]}
RESULT: undefined
COMMAND: POST /session/3ad3ed370b5892314835873e8b06bae6/element - {"using":"xpath","value":"//*[@id=\"application-manageyards-display-component---NewYard--addressDetailDetailsName1-inner\"]"}
RESULT: {"using":"xpath","value":"//*[@id=\"application-manageyards-display-component---NewYard--addressDetailDetailsName1-inner\"]"}
COMMAND: POST /session/3ad3ed370b5892314835873e8b06bae6/element/f.66C564F48E23224A49CD761FFC4FB84D.d.67284CA41DCF03ECAED00497CA083724.e.380/clear - {}
RESULT: {}
COMMAND: POST /session/3ad3ed370b5892314835873e8b06bae6/element/f.66C564F48E23224A49CD761FFC4FB84D.d.67284CA41DCF03ECAED00497CA083724.e.380/value - {"text":"WebdriverYard8gjj"}
COMMAND: GET /session/3ad3ed370b5892314835873e8b06bae6/screenshot - {}
RESULT: {"text":"WebdriverYard8gjj"}
COMMAND: POST /session/3ad3ed370b5892314835873e8b06bae6/element - {"using":"xpath","value":"//*[@id=\"application-manageyards-display-component---NewYard--addressDetailDetailsLanguage-inner\"]"}
COMMAND: GET /session/3ad3ed370b5892314835873e8b06bae6/screenshot - {}
RESULT: {}
RESULT: {"using":"xpath","value":"//*[@id=\"application-manageyards-display-component---NewYard--addressDetailDetailsLanguage-inner\"]"}
COMMAND: POST /session/3ad3ed370b5892314835873e8b06bae6/element/f.66C564F48E23224A49CD761FFC4FB84D.d.67284CA41DCF03ECAED00497CA083724.e.381/clear - {}
RESULT: {}
RESULT: {}
COMMAND: POST /session/3ad3ed370b5892314835873e8b06bae6/element/f.66C564F48E23224A49CD761FFC4FB84D.d.67284CA41DCF03ECAED00497CA083724.e.381/value - {"text":"Romanian"}
COMMAND: GET /session/3ad3ed370b5892314835873e8b06bae6/screenshot - {}
RESULT: {"text":"Romanian"}
COMMAND: POST /session/3ad3ed370b5892314835873e8b06bae6/element - {"using":"xpath","value":"//input[contains(@id ,\"application-manageyards-display-component---NewYard--addressDetailDetailsName1-inner\")]"}
COMMAND: GET /session/3ad3ed370b5892314835873e8b06bae6/screenshot - {}
RESULT: {}
RESULT: {"using":"xpath","value":"//input[contains(@id ,\"application-manageyards-display-component---NewYard--addressDetailDetailsName1-inner\")]"}
COMMAND: GET /session/3ad3ed370b5892314835873e8b06bae6/element/f.66C564F48E23224A49CD761FFC4FB84D.d.67284CA41DCF03ECAED00497CA083724.e.380/property/value - {}
RESULT: {}
RESULT: {}
COMMAND: GET /session/3ad3ed370b5892314835873e8b06bae6/screenshot - {}
RESULT: {}
COMMAND: POST /session/3ad3ed370b5892314835873e8b06bae6/element - {"using":"xpath","value":"//*[@id=\"application-manageyards-display-component---NewYard--addressDetailDetailsCity1-inner\"]"}
RESULT: {"using":"xpath","value":"//*[@id=\"application-manageyards-display-component---NewYard--addressDetailDetailsCity1-inner\"]"}
COMMAND: POST /session/3ad3ed370b5892314835873e8b06bae6/element/f.66C564F48E23224A49CD761FFC4FB84D.d.67284CA41DCF03ECAED00497CA083724.e.383/clear - {}
RESULT: {}
COMMAND: POST /session/3ad3ed370b5892314835873e8b06bae6/element/f.66C564F48E23224A49CD761FFC4FB84D.d.67284CA41DCF03ECAED00497CA083724.e.383/value - {"text":"Bucuresti"}
COMMAND: GET /session/3ad3ed370b5892314835873e8b06bae6/screenshot - {}
RESULT: {"text":"Bucuresti"}
COMMAND: GET /session/3ad3ed370b5892314835873e8b06bae6/screenshot - {}
RESULT: {}
RESULT: {}
COMMAND: POST /session/3ad3ed370b5892314835873e8b06bae6/element - {"using":"xpath","value":"//*[@id=\"application-manageyards-display-component---NewYard--addressDetailDetailsCountry-inner\"]"}
RESULT: {"using":"xpath","value":"//*[@id=\"application-manageyards-display-component---NewYard--addressDetailDetailsCountry-inner\"]"}
COMMAND: POST /session/3ad3ed370b5892314835873e8b06bae6/element/f.66C564F48E23224A49CD761FFC4FB84D.d.67284CA41DCF03ECAED00497CA083724.e.387/clear - {}
RESULT: {}
COMMAND: POST /session/3ad3ed370b5892314835873e8b06bae6/element/f.66C564F48E23224A49CD761FFC4FB84D.d.67284CA41DCF03ECAED00497CA083724.e.387/value - {"text":"Romania"}
COMMAND: GET /session/3ad3ed370b5892314835873e8b06bae6/screenshot - {}
RESULT: {"text":"Romania"}
COMMAND: GET /session/3ad3ed370b5892314835873e8b06bae6/screenshot - {}
RESULT: {}
RESULT: {}
COMMAND: POST /session/3ad3ed370b5892314835873e8b06bae6/element - {"using":"xpath","value":"//div[contains(text(), \"Commercial\")]"}
RESULT: {"using":"xpath","value":"//div[contains(text(), \"Commercial\")]"}
COMMAND: GET /session/3ad3ed370b5892314835873e8b06bae6/element/f.66C564F48E23224A49CD761FFC4FB84D.d.67284CA41DCF03ECAED00497CA083724.e.573/rect - {}
RESULT: {}
COMMAND: GET /session/3ad3ed370b5892314835873e8b06bae6/window/rect - {}
RESULT: {}
COMMAND: POST /session/3ad3ed370b5892314835873e8b06bae6/execute/sync - {"script":"<script> [92 bytes]","args":[]}
RESULT: {"script":"<script> [92 bytes]","args":[]}
COMMAND: POST /session/3ad3ed370b5892314835873e8b06bae6/actions - {"actions":[{"id":"action1","type":"wheel","parameters":{},"actions":[{"type":"scroll","x":-1841,"y":-44,"deltaX":0,"deltaY":0,"duration":0,"origin":{"element-6066-11e4-a52e-4f735466cecf":"f.66C564F48E23224A49CD761FFC4FB84D.d.67284CA41DCF03ECAED00497CA083724.e.573"}}]}]}
COMMAND: GET /session/3ad3ed370b5892314835873e8b06bae6/screenshot - {}
RESULT: {}
COMMAND: POST /session/3ad3ed370b5892314835873e8b06bae6/execute/sync - {"script":"<script> [79 bytes]","args":[{"element-6066-11e4-a52e-4f735466cecf":"f.66C564F48E23224A49CD761FFC4FB84D.d.67284CA41DCF03ECAED00497CA083724.e.573","ELEMENT":"f.66C564F48E23224A49CD761FFC4FB84D.d.67284CA41DCF03ECAED00497CA083724.e.573"},{"block":"start","inline":"nearest"}]}
RESULT: {"script":"<script> [79 bytes]","args":[{"element-6066-11e4-a52e-4f735466cecf":"f.66C564F48E23224A49CD761FFC4FB84D.d.67284CA41DCF03ECAED00497CA083724.e.573","ELEMENT":"f.66C564F48E23224A49CD761FFC4FB84D.d.67284CA41DCF03ECAED00497CA083724.e.573"},{"block":"start","inline":"nearest"}]}
COMMAND: GET /session/3ad3ed370b5892314835873e8b06bae6/screenshot - {}
RESULT: {}
COMMAND: POST /session/3ad3ed370b5892314835873e8b06bae6/execute/async - {"script":"<script> [1562 bytes]","args":[{"selector":{"id":"application-manageyards-display-component---NewYard--addressEditDetailsCostObjectCstType-arrow"},"wdio_ui5_key":"applicationmanageyards-display-component---NewYard--addressEditDetailsCostObjectCstType-arrow"}]}
RESULT: {"script":"<script> [1562 bytes]","args":[{"selector":{"id":"application-manageyards-display-component---NewYard--addressEditDetailsCostObjectCstType-arrow"},"wdio_ui5_key":"applicationmanageyards-display-component---NewYard--addressEditDetailsCostObjectCstType-arrow"}]}
RESULT: undefined
COMMAND: POST /session/3ad3ed370b5892314835873e8b06bae6/element - {"using":"xpath","value":"//*[@id=\"application-manageyards-display-component---NewYard--addressEditDetailsCostObjectCstType-arrow\"]"}
RESULT: {"using":"xpath","value":"//*[@id=\"application-manageyards-display-component---NewYard--addressEditDetailsCostObjectCstType-arrow\"]"}
COMMAND: POST /session/3ad3ed370b5892314835873e8b06bae6/element/f.66C564F48E23224A49CD761FFC4FB84D.d.67284CA41DCF03ECAED00497CA083724.e.581/click - {}
RESULT: {}
COMMAND: POST /session/3ad3ed370b5892314835873e8b06bae6/element - {"using":"xpath","value":"//span[contains(text(), \"Cost Center\")]"}
COMMAND: GET /session/3ad3ed370b5892314835873e8b06bae6/screenshot - {}
RESULT: {"using":"xpath","value":"//span[contains(text(), \"Cost Center\")]"}
COMMAND: POST /session/3ad3ed370b5892314835873e8b06bae6/element/f.66C564F48E23224A49CD761FFC4FB84D.d.67284CA41DCF03ECAED00497CA083724.e.582/click - {}
RESULT: {}
RESULT: {}
COMMAND: GET /session/3ad3ed370b5892314835873e8b06bae6/screenshot - {}
RESULT: {}
COMMAND: POST /session/3ad3ed370b5892314835873e8b06bae6/execute/async - {"script":"<script> [1562 bytes]","args":[{"selector":{"id":"application-manageyards-display-component---NewYard--addressNewCostObjectCstID-vhi"},"wdio_ui5_key":"applicationmanageyards-display-component---NewYard--addressNewCostObjectCstID-vhi"}]}
RESULT: {"script":"<script> [1562 bytes]","args":[{"selector":{"id":"application-manageyards-display-component---NewYard--addressNewCostObjectCstID-vhi"},"wdio_ui5_key":"applicationmanageyards-display-component---NewYard--addressNewCostObjectCstID-vhi"}]}
RESULT: undefined
COMMAND: POST /session/3ad3ed370b5892314835873e8b06bae6/element - {"using":"xpath","value":"//*[@id=\"application-manageyards-display-component---NewYard--addressNewCostObjectCstID-vhi\"]"}
RESULT: {"using":"xpath","value":"//*[@id=\"application-manageyards-display-component---NewYard--addressNewCostObjectCstID-vhi\"]"}
COMMAND: POST /session/3ad3ed370b5892314835873e8b06bae6/element/f.66C564F48E23224A49CD761FFC4FB84D.d.67284CA41DCF03ECAED00497CA083724.e.586/click - {}
RESULT: {}
COMMAND: GET /session/3ad3ed370b5892314835873e8b06bae6/screenshot - {}
RESULT: {}
COMMAND: POST /session/3ad3ed370b5892314835873e8b06bae6/execute/async - {"script":"<script> [1562 bytes]","args":[{"selector":{"controlType":"sap.m.SearchField","properties":{"placeholder":"Search"},"searchOpenDialogs":true,"interaction":{"idSuffix":"I"}},"wdio_ui5_key":"sapm.SearchField{\"placeholder\":\"Search\"}"}]}
RESULT: {"script":"<script> [1562 bytes]","args":[{"selector":{"controlType":"sap.m.SearchField","properties":{"placeholder":"Search"},"searchOpenDialogs":true,"interaction":{"idSuffix":"I"}},"wdio_ui5_key":"sapm.SearchField{\"placeholder\":\"Search\"}"}]}
RESULT: undefined
COMMAND: POST /session/3ad3ed370b5892314835873e8b06bae6/execute/async - {"script":"<script> [776 bytes]","args":[{"enterText":"10001013","selector":{"controlType":"sap.m.SearchField","properties":{"placeholder":"Search"},"searchOpenDialogs":true,"interaction":{"idSuffix":"I"}},"clearTextFirst":true,"interactionType":"ENTER_TEXT"}]}
RESULT: {"script":"<script> [776 bytes]","args":[{"enterText":"10001013","selector":{"controlType":"sap.m.SearchField","properties":{"placeholder":"Search"},"searchOpenDialogs":true,"interaction":{"idSuffix":"I"}},"clearTextFirst":true,"interactionType":"ENTER_TEXT"}]}
COMMAND: POST /session/3ad3ed370b5892314835873e8b06bae6/actions - {"actions":[{"id":"action2","type":"key","parameters":{},"actions":[{"type":"keyDown","value":""},{"type":"pause","duration":10},{"type":"keyUp","value":""}]}]}
RESULT: {"actions":[{"id":"action2","type":"key","parameters":{},"actions":[{"type":"keyDown","value":""},{"type":"pause","duration":10},{"type":"keyUp","value":""}]}]}
COMMAND: GET /session/3ad3ed370b5892314835873e8b06bae6/screenshot - {}
RESULT: {}
COMMAND: POST /session/3ad3ed370b5892314835873e8b06bae6/element - {"using":"xpath","value":"//span[contains(text(), \"General Management\")]"}
RESULT: {"using":"xpath","value":"//span[contains(text(), \"General Management\")]"}
COMMAND: POST /session/3ad3ed370b5892314835873e8b06bae6/element/f.66C564F48E23224A49CD761FFC4FB84D.d.67284CA41DCF03ECAED00497CA083724.e.628/click - {}
RESULT: {}
COMMAND: GET /session/3ad3ed370b5892314835873e8b06bae6/screenshot - {}
RESULT: {}
COMMAND: POST /session/3ad3ed370b5892314835873e8b06bae6/element - {"using":"xpath","value":"//bdi[contains(text(), \"OK\")]"}
RESULT: {"using":"xpath","value":"//bdi[contains(text(), \"OK\")]"}
COMMAND: POST /session/3ad3ed370b5892314835873e8b06bae6/element/f.66C564F48E23224A49CD761FFC4FB84D.d.67284CA41DCF03ECAED00497CA083724.e.629/click - {}
RESULT: {}
COMMAND: GET /session/3ad3ed370b5892314835873e8b06bae6/screenshot - {}
RESULT: {}
COMMAND: POST /session/3ad3ed370b5892314835873e8b06bae6/execute/async - {"script":"<script> [1562 bytes]","args":[{"selector":{"controlType":"sap.m.Button","viewName":"etm.portal.ui.manageyards.view.New","viewId":"application-manageyards-display-component---NewYard","i18NText":{"propertyName":"text","key":"save"},"interaction":{"idSuffix":"inner"}},"wdio_ui5_key":"etmportal.ui.manageyards.view.Newsap.m.Button{\"propertyName\":\"text\",\"key\":\"save\"}"}]}
RESULT: {"script":"<script> [1562 bytes]","args":[{"selector":{"controlType":"sap.m.Button","viewName":"etm.portal.ui.manageyards.view.New","viewId":"application-manageyards-display-component---NewYard","i18NText":{"propertyName":"text","key":"save"},"interaction":{"idSuffix":"inner"}},"wdio_ui5_key":"etmportal.ui.manageyards.view.Newsap.m.Button{\"propertyName\":\"text\",\"key\":\"save\"}"}]}
RESULT: undefined
COMMAND: POST /session/3ad3ed370b5892314835873e8b06bae6/element - {"using":"xpath","value":"//*[@id=\"__button18\"]"}
RESULT: {"using":"xpath","value":"//*[@id=\"__button18\"]"}
COMMAND: POST /session/3ad3ed370b5892314835873e8b06bae6/element/f.66C564F48E23224A49CD761FFC4FB84D.d.67284CA41DCF03ECAED00497CA083724.e.553/click - {}
RESULT: {}
COMMAND: GET /session/3ad3ed370b5892314835873e8b06bae6/screenshot - {}
RESULT: {}
COMMAND: POST /session/3ad3ed370b5892314835873e8b06bae6/element - {"using":"xpath","value":"//header/div/div[2]/div[2]/span"}
RESULT: {"using":"xpath","value":"//header/div/div[2]/div[2]/span"}
COMMAND: GET /session/3ad3ed370b5892314835873e8b06bae6/element/f.66C564F48E23224A49CD761FFC4FB84D.d.67284CA41DCF03ECAED00497CA083724.e.823/text - {}
RESULT: {}
COMMAND: POST /session/3ad3ed370b5892314835873e8b06bae6/execute/async - {"script":"<script> [1562 bytes]","args":[{"selector":{"controlType":"sap.m.OverflowToolbarButton","viewName":"etm.portal.ui.manageyards.view.Detail","viewId":"application-manageyards-display-component---detailYard","i18NText":{"propertyName":"tooltip","key":"closeColumn"},"interaction":{"idSuffix":"inner"}},"wdio_ui5_key":"etmportal.ui.manageyards.view.Detailsap.m.OverflowToolbarButton{\"propertyName\":\"tooltip\",\"key\":\"closeColumn\"}"}]}
RESULT: {"script":"<script> [1562 bytes]","args":[{"selector":{"controlType":"sap.m.OverflowToolbarButton","viewName":"etm.portal.ui.manageyards.view.Detail","viewId":"application-manageyards-display-component---detailYard","i18NText":{"propertyName":"tooltip","key":"closeColumn"},"interaction":{"idSuffix":"inner"}},"wdio_ui5_key":"etmportal.ui.manageyards.view.Detailsap.m.OverflowToolbarButton{\"propertyName\":\"tooltip\",\"key\":\"closeColumn\"}"}]}
RESULT: undefined
COMMAND: POST /session/3ad3ed370b5892314835873e8b06bae6/element - {"using":"xpath","value":"//*[@id=\"__button42\"]"}
RESULT: {"using":"xpath","value":"//*[@id=\"__button42\"]"}
COMMAND: POST /session/3ad3ed370b5892314835873e8b06bae6/element/f.66C564F48E23224A49CD761FFC4FB84D.d.67284CA41DCF03ECAED00497CA083724.e.825/click - {}
RESULT: {}
COMMAND: GET /session/3ad3ed370b5892314835873e8b06bae6/screenshot - {}
RESULT: {}
COMMAND: POST /session/3ad3ed370b5892314835873e8b06bae6/element - {"using":"css selector","value":"#shell-header-logo"}
RESULT: {"using":"css selector","value":"#shell-header-logo"}
COMMAND: POST /session/3ad3ed370b5892314835873e8b06bae6/element/f.66C564F48E23224A49CD761FFC4FB84D.d.67284CA41DCF03ECAED00497CA083724.e.121/click - {}
RESULT: {}
COMMAND: GET /session/3ad3ed370b5892314835873e8b06bae6/screenshot - {}
RESULT: {}
COMMAND: POST /session/3ad3ed370b5892314835873e8b06bae6/refresh - {}
RESULT: {}
COMMAND: GET /session/3ad3ed370b5892314835873e8b06bae6/screenshot - {}
RESULT: {}
COMMAND: POST /session/3ad3ed370b5892314835873e8b06bae6/execute/async - {"script":"<script> [189 bytes]","args":[]}
RESULT: {"script":"<script> [189 bytes]","args":[]}
COMMAND: POST /session/3ad3ed370b5892314835873e8b06bae6/execute/async - {"script":"<script> [123 bytes]","args":[]}
RESULT: {"script":"<script> [123 bytes]","args":[]}
COMMAND: POST /session/3ad3ed370b5892314835873e8b06bae6/timeouts - {"script":"<number>"}
RESULT: {"script":"<number>"}
COMMAND: GET /session/3ad3ed370b5892314835873e8b06bae6/timeouts - {}
RESULT: {}
RESULT: undefined
COMMAND: POST /session/3ad3ed370b5892314835873e8b06bae6/execute/async - {"script":"<script> [2676 bytes]","args":[]}
RESULT: {"script":"<script> [2676 bytes]","args":[]}
COMMAND: POST /session/3ad3ed370b5892314835873e8b06bae6/execute/async - {"script":"<script> [2342 bytes]","args":[{"protocol":"http","hostname":"0.0.0.0","path":"/","capabilities":{"browserName":"chrome","goog:chromeOptions":{"binary":"C:\\Program Files\\Google\\Chrome\\Application\\chrome.exe","args":["--start-maximized"]}},"logLevel":"warn","connectionRetryTimeout":120000,"connectionRetryCount":3,"logLevels":{},"enableDirectConnect":true,"strictSSL":true,"_":"65 more keys: [\"cacheDir\",\"port\",\"requestedCapabilities\",\"automationProtocol\",\"baseUrl\",\"waitforInterval\",\"waitforTimeout\",\"onReload\",\"beforeCommand\",\"afterCommand\",\"rootDir\",\"specs\",\"suites\",\"exclude\",\"groupLogsByTestSpec\",\"excludeDriverLogs\",\"bail\",\"framework\",\"reporters\",\"services\",\"maxInstances\",\"maxInstancesPerCapability\",\"injectGlobals\",\"filesToWatch\",\"execArgv\",\"runnerEnv\",\"runner\",\"shard\",\"specFileRetries\",\"specFileRetriesDelay\",\"specFileRetriesDeferred\",\"reporterSyncInterval\",\"reporterSyncTimeout\",\"cucumberFeaturesWithLineNumbers\",\"autoCompileOpts\",\"mochaOpts\",\"jasmineOpts\",\"cucumberOpts\",\"onPrepare\",\"onWorkerStart\",\"onWorkerEnd\",\"before\",\"beforeSession\",\"beforeSuite\",\"beforeHook\",\"beforeTest\",\"afterTest\",\"afterHook\",\"afterSuite\",\"afterSession\",\"after\",\"onComplete\",\"beforeAssertion\",\"afterAssertion\",\"beforeFeature\",\"beforeScenario\",\"beforeStep\",\"afterStep\",\"afterScenario\",\"afterFeature\",\"_\",\"suite\",\"$0\",\"ignoredWorkerServices\",\"wdi5\"]"}]}
RESULT: {"script":"<script> [2342 bytes]","args":[{"protocol":"http","hostname":"0.0.0.0","path":"/","capabilities":{"browserName":"chrome","goog:chromeOptions":{"binary":"C:\\Program Files\\Google\\Chrome\\Application\\chrome.exe","args":["--start-maximized"]}},"logLevel":"warn","connectionRetryTimeout":120000,"connectionRetryCount":3,"logLevels":{},"enableDirectConnect":true,"strictSSL":true,"_":"65 more keys: [\"cacheDir\",\"port\",\"requestedCapabilities\",\"automationProtocol\",\"baseUrl\",\"waitforInterval\",\"waitforTimeout\",\"onReload\",\"beforeCommand\",\"afterCommand\",\"rootDir\",\"specs\",\"suites\",\"exclude\",\"groupLogsByTestSpec\",\"excludeDriverLogs\",\"bail\",\"framework\",\"reporters\",\"services\",\"maxInstances\",\"maxInstancesPerCapability\",\"injectGlobals\",\"filesToWatch\",\"execArgv\",\"runnerEnv\",\"runner\",\"shard\",\"specFileRetries\",\"specFileRetriesDelay\",\"specFileRetriesDeferred\",\"reporterSyncInterval\",\"reporterSyncTimeout\",\"cucumberFeaturesWithLineNumbers\",\"autoCompileOpts\",\"mochaOpts\",\"jasmineOpts\",\"cucumberOpts\",\"onPrepare\",\"onWorkerStart\",\"onWorkerEnd\",\"before\",\"beforeSession\",\"beforeSuite\",\"beforeHook\",\"beforeTest\",\"afterTest\",\"afterHook\",\"afterSuite\",\"afterSession\",\"after\",\"onComplete\",\"beforeAssertion\",\"afterAssertion\",\"beforeFeature\",\"beforeScenario\",\"beforeStep\",\"afterStep\",\"afterScenario\",\"afterFeature\",\"_\",\"suite\",\"$0\",\"ignoredWorkerServices\",\"wdi5\"]"}]}
COMMAND: POST /session/3ad3ed370b5892314835873e8b06bae6/execute/async - {"script":"<script> [21126 bytes]","args":[35000]}
RESULT: {"script":"<script> [21126 bytes]","args":[35000]}
COMMAND: POST /session/3ad3ed370b5892314835873e8b06bae6/execute/async - {"script":"<script> [1562 bytes]","args":[{"selector":{"controlType":"sap.m.GenericTile","properties":{"header":"Manage Partners"}},"wdio_ui5_key":"sapm.GenericTile{\"header\":\"Manage Partners\"}"}]}
RESULT: {"script":"<script> [1562 bytes]","args":[{"selector":{"controlType":"sap.m.GenericTile","properties":{"header":"Manage Partners"}},"wdio_ui5_key":"sapm.GenericTile{\"header\":\"Manage Partners\"}"}]}
RESULT: undefined
COMMAND: POST /session/3ad3ed370b5892314835873e8b06bae6/element - {"using":"xpath","value":"//*[@id=\"__tile38\"]"}
RESULT: {"using":"xpath","value":"//*[@id=\"__tile38\"]"}
COMMAND: POST /session/3ad3ed370b5892314835873e8b06bae6/element/f.66C564F48E23224A49CD761FFC4FB84D.d.05C9299A5E4C15F00A527B6F2F41E919.e.1185/click - {}
RESULT: {}
COMMAND: GET /session/3ad3ed370b5892314835873e8b06bae6/screenshot - {}
RESULT: {}
COMMAND: POST /session/3ad3ed370b5892314835873e8b06bae6/elements - {"using":"xpath","value":"//span[text()='Error']"}
RESULT: {"using":"xpath","value":"//span[text()='Error']"}
COMMAND: POST /session/3ad3ed370b5892314835873e8b06bae6/execute/async - {"script":"<script> [1562 bytes]","args":[{"selector":{"controlType":"sap.ui.core.Icon","viewName":"etm.portal.ui.managepartners.view.Master","viewId":"application-managepartners-display-component---masterPtm","properties":{"src":{"regex":{"source":"add"}}}},"wdio_ui5_key":"etmportal.ui.managepartners.view.Mastersap.ui.core.Icon{\"src\":{\"regex\":{\"source\":\"add\"}}}"}]}
RESULT: {"script":"<script> [1562 bytes]","args":[{"selector":{"controlType":"sap.ui.core.Icon","viewName":"etm.portal.ui.managepartners.view.Master","viewId":"application-managepartners-display-component---masterPtm","properties":{"src":{"regex":{"source":"add"}}}},"wdio_ui5_key":"etmportal.ui.managepartners.view.Mastersap.ui.core.Icon{\"src\":{\"regex\":{\"source\":\"add\"}}}"}]}
RESULT: undefined
COMMAND: POST /session/3ad3ed370b5892314835873e8b06bae6/element - {"using":"xpath","value":"//*[@id=\"__button4-img\"]"}
RESULT: {"using":"xpath","value":"//*[@id=\"__button4-img\"]"}
COMMAND: POST /session/3ad3ed370b5892314835873e8b06bae6/element/f.66C564F48E23224A49CD761FFC4FB84D.d.05C9299A5E4C15F00A527B6F2F41E919.e.1237/click - {}
RESULT: {}
COMMAND: GET /session/3ad3ed370b5892314835873e8b06bae6/screenshot - {}
RESULT: {}
COMMAND: POST /session/3ad3ed370b5892314835873e8b06bae6/execute/async - {"script":"<script> [1562 bytes]","args":[{"selector":{"id":"application-managepartners-display-component---NewPartner--partnerId","interaction":{"idSuffix":"inner"}},"wdio_ui5_key":"applicationmanagepartners-display-component---NewPartner--partnerId"}]}
RESULT: {"script":"<script> [1562 bytes]","args":[{"selector":{"id":"application-managepartners-display-component---NewPartner--partnerId","interaction":{"idSuffix":"inner"}},"wdio_ui5_key":"applicationmanagepartners-display-component---NewPartner--partnerId"}]}
RESULT: undefined
COMMAND: POST /session/3ad3ed370b5892314835873e8b06bae6/execute/async - {"script":"<script> [1562 bytes]","args":[{"selector":{"id":"application-managepartners-display-component---NewPartner--addressDetailDetailsName1","interaction":{"idSuffix":"inner"}},"wdio_ui5_key":"applicationmanagepartners-display-component---NewPartner--addressDetailDetailsName1"}]}
RESULT: {"script":"<script> [1562 bytes]","args":[{"selector":{"id":"application-managepartners-display-component---NewPartner--addressDetailDetailsName1","interaction":{"idSuffix":"inner"}},"wdio_ui5_key":"applicationmanagepartners-display-component---NewPartner--addressDetailDetailsName1"}]}
RESULT: undefined
COMMAND: POST /session/3ad3ed370b5892314835873e8b06bae6/execute/async - {"script":"<script> [776 bytes]","args":[{"enterText":"WebdriverPartnerva5vx","selector":{"id":"application-managepartners-display-component---NewPartner--addressDetailDetailsName1","interaction":{"idSuffix":"inner"}},"clearTextFirst":true,"interactionType":"ENTER_TEXT"}]}
RESULT: {"script":"<script> [776 bytes]","args":[{"enterText":"WebdriverPartnerva5vx","selector":{"id":"application-managepartners-display-component---NewPartner--addressDetailDetailsName1","interaction":{"idSuffix":"inner"}},"clearTextFirst":true,"interactionType":"ENTER_TEXT"}]}
COMMAND: POST /session/3ad3ed370b5892314835873e8b06bae6/execute/async - {"script":"<script> [1562 bytes]","args":[{"selector":{"id":"application-managepartners-display-component---NewPartner--addressDetailDetailsLanguage","interaction":{"idSuffix":"inner"}},"wdio_ui5_key":"applicationmanagepartners-display-component---NewPartner--addressDetailDetailsLanguage"}]}
RESULT: {"script":"<script> [1562 bytes]","args":[{"selector":{"id":"application-managepartners-display-component---NewPartner--addressDetailDetailsLanguage","interaction":{"idSuffix":"inner"}},"wdio_ui5_key":"applicationmanagepartners-display-component---NewPartner--addressDetailDetailsLanguage"}]}
RESULT: undefined
COMMAND: POST /session/3ad3ed370b5892314835873e8b06bae6/execute/async - {"script":"<script> [776 bytes]","args":[{"enterText":"Romanian","selector":{"id":"application-managepartners-display-component---NewPartner--addressDetailDetailsLanguage","interaction":{"idSuffix":"inner"}},"clearTextFirst":true,"interactionType":"ENTER_TEXT"}]}
RESULT: {"script":"<script> [776 bytes]","args":[{"enterText":"Romanian","selector":{"id":"application-managepartners-display-component---NewPartner--addressDetailDetailsLanguage","interaction":{"idSuffix":"inner"}},"clearTextFirst":true,"interactionType":"ENTER_TEXT"}]}
COMMAND: POST /session/3ad3ed370b5892314835873e8b06bae6/element - {"using":"xpath","value":"//input[contains(@id ,\"application-managepartners-display-component---NewPartner--addressDetailDetailsName1-inner\")]"}
RESULT: {"using":"xpath","value":"//input[contains(@id ,\"application-managepartners-display-component---NewPartner--addressDetailDetailsName1-inner\")]"}
COMMAND: GET /session/3ad3ed370b5892314835873e8b06bae6/element/f.66C564F48E23224A49CD761FFC4FB84D.d.05C9299A5E4C15F00A527B6F2F41E919.e.1448/property/value - {}
RESULT: {}
COMMAND: POST /session/3ad3ed370b5892314835873e8b06bae6/execute/async - {"script":"<script> [1562 bytes]","args":[{"selector":{"id":"application-managepartners-display-component---NewPartner--addressDetailDetailsCity1","interaction":{"idSuffix":"inner"}},"wdio_ui5_key":"applicationmanagepartners-display-component---NewPartner--addressDetailDetailsCity1"}]}
COMMAND: GET /session/3ad3ed370b5892314835873e8b06bae6/screenshot - {}
RESULT: {"script":"<script> [1562 bytes]","args":[{"selector":{"id":"application-managepartners-display-component---NewPartner--addressDetailDetailsCity1","interaction":{"idSuffix":"inner"}},"wdio_ui5_key":"applicationmanagepartners-display-component---NewPartner--addressDetailDetailsCity1"}]}
RESULT: undefined
COMMAND: POST /session/3ad3ed370b5892314835873e8b06bae6/execute/async - {"script":"<script> [776 bytes]","args":[{"enterText":"Bucharest","selector":{"id":"application-managepartners-display-component---NewPartner--addressDetailDetailsCity1","interaction":{"idSuffix":"inner"}},"clearTextFirst":true,"interactionType":"ENTER_TEXT"}]}
RESULT: {}
RESULT: {"script":"<script> [776 bytes]","args":[{"enterText":"Bucharest","selector":{"id":"application-managepartners-display-component---NewPartner--addressDetailDetailsCity1","interaction":{"idSuffix":"inner"}},"clearTextFirst":true,"interactionType":"ENTER_TEXT"}]}
COMMAND: POST /session/3ad3ed370b5892314835873e8b06bae6/execute/async - {"script":"<script> [1562 bytes]","args":[{"selector":{"id":"application-managepartners-display-component---NewPartner--addressDetailDetailsCountry","interaction":{"idSuffix":"inner"}},"wdio_ui5_key":"applicationmanagepartners-display-component---NewPartner--addressDetailDetailsCountry"}]}
RESULT: {"script":"<script> [1562 bytes]","args":[{"selector":{"id":"application-managepartners-display-component---NewPartner--addressDetailDetailsCountry","interaction":{"idSuffix":"inner"}},"wdio_ui5_key":"applicationmanagepartners-display-component---NewPartner--addressDetailDetailsCountry"}]}
RESULT: undefined
COMMAND: POST /session/3ad3ed370b5892314835873e8b06bae6/execute/async - {"script":"<script> [6424 bytes]","args":[{"element-6066-11e4-a52e-4f735466cecf":"f.66C564F48E23224A49CD761FFC4FB84D.d.05C9299A5E4C15F00A527B6F2F41E919.e.1455"},"setValue",["Romania"]]}
RESULT: {"script":"<script> [6424 bytes]","args":[{"element-6066-11e4-a52e-4f735466cecf":"f.66C564F48E23224A49CD761FFC4FB84D.d.05C9299A5E4C15F00A527B6F2F41E919.e.1455"},"setValue",["Romania"]]}
COMMAND: POST /session/3ad3ed370b5892314835873e8b06bae6/execute/async - {"script":"<script> [1562 bytes]","args":[{"selector":{"id":"application-managepartners-display-component---NewPartner--partnerDetailInternal","interaction":{"idSuffix":"inner"}},"wdio_ui5_key":"applicationmanagepartners-display-component---NewPartner--partnerDetailInternal"}]}
RESULT: {"script":"<script> [1562 bytes]","args":[{"selector":{"id":"application-managepartners-display-component---NewPartner--partnerDetailInternal","interaction":{"idSuffix":"inner"}},"wdio_ui5_key":"applicationmanagepartners-display-component---NewPartner--partnerDetailInternal"}]}
RESULT: undefined
COMMAND: POST /session/3ad3ed370b5892314835873e8b06bae6/execute/async - {"script":"<script> [776 bytes]","args":[{"enterText":"External partner","selector":{"id":"application-managepartners-display-component---NewPartner--partnerDetailInternal","interaction":{"idSuffix":"inner"}},"clearTextFirst":true,"interactionType":"ENTER_TEXT"}]}
RESULT: {"script":"<script> [776 bytes]","args":[{"enterText":"External partner","selector":{"id":"application-managepartners-display-component---NewPartner--partnerDetailInternal","interaction":{"idSuffix":"inner"}},"clearTextFirst":true,"interactionType":"ENTER_TEXT"}]}
COMMAND: POST /session/3ad3ed370b5892314835873e8b06bae6/execute/async - {"script":"<script> [1562 bytes]","args":[{"selector":{"id":"application-managepartners-display-component---NewPartner--partnerDetailsCurrency","interaction":{"idSuffix":"inner"}},"wdio_ui5_key":"applicationmanagepartners-display-component---NewPartner--partnerDetailsCurrency"}]}
RESULT: {"script":"<script> [1562 bytes]","args":[{"selector":{"id":"application-managepartners-display-component---NewPartner--partnerDetailsCurrency","interaction":{"idSuffix":"inner"}},"wdio_ui5_key":"applicationmanagepartners-display-component---NewPartner--partnerDetailsCurrency"}]}
RESULT: undefined
COMMAND: POST /session/3ad3ed370b5892314835873e8b06bae6/execute/async - {"script":"<script> [776 bytes]","args":[{"enterText":"Euro","selector":{"id":"application-managepartners-display-component---NewPartner--partnerDetailsCurrency","interaction":{"idSuffix":"inner"}},"clearTextFirst":true,"interactionType":"ENTER_TEXT"}]}
RESULT: {"script":"<script> [776 bytes]","args":[{"enterText":"Euro","selector":{"id":"application-managepartners-display-component---NewPartner--partnerDetailsCurrency","interaction":{"idSuffix":"inner"}},"clearTextFirst":true,"interactionType":"ENTER_TEXT"}]}
COMMAND: POST /session/3ad3ed370b5892314835873e8b06bae6/execute/async - {"script":"<script> [1562 bytes]","args":[{"selector":{"controlType":"sap.m.Button","viewName":"etm.portal.ui.managepartners.view.NewPartner","viewId":"application-managepartners-display-component---NewPartner","properties":{"text":"Commercial"},"interaction":{"idSuffix":"BDI-content"}},"wdio_ui5_key":"etmportal.ui.managepartners.view.NewPartnersap.m.Button{\"text\":\"Commercial\"}"}]}
RESULT: {"script":"<script> [1562 bytes]","args":[{"selector":{"controlType":"sap.m.Button","viewName":"etm.portal.ui.managepartners.view.NewPartner","viewId":"application-managepartners-display-component---NewPartner","properties":{"text":"Commercial"},"interaction":{"idSuffix":"BDI-content"}},"wdio_ui5_key":"etmportal.ui.managepartners.view.NewPartnersap.m.Button{\"text\":\"Commercial\"}"}]}
RESULT: undefined
COMMAND: POST /session/3ad3ed370b5892314835873e8b06bae6/element - {"using":"xpath","value":"//*[@id=\"application-managepartners-display-component---NewPartner--ObjectPageLayout-anchBar-__section5-anchor\"]"}
RESULT: {"using":"xpath","value":"//*[@id=\"application-managepartners-display-component---NewPartner--ObjectPageLayout-anchBar-__section5-anchor\"]"}
COMMAND: POST /session/3ad3ed370b5892314835873e8b06bae6/element/f.66C564F48E23224A49CD761FFC4FB84D.d.05C9299A5E4C15F00A527B6F2F41E919.e.1659/click - {}
RESULT: {}
COMMAND: GET /session/3ad3ed370b5892314835873e8b06bae6/screenshot - {}
RESULT: {}
COMMAND: POST /session/3ad3ed370b5892314835873e8b06bae6/execute/async - {"script":"<script> [1562 bytes]","args":[{"selector":{"id":"application-managepartners-display-component---NewPartner--btnAddTableRow-img"},"wdio_ui5_key":"applicationmanagepartners-display-component---NewPartner--btnAddTableRow-img"}]}
RESULT: {"script":"<script> [1562 bytes]","args":[{"selector":{"id":"application-managepartners-display-component---NewPartner--btnAddTableRow-img"},"wdio_ui5_key":"applicationmanagepartners-display-component---NewPartner--btnAddTableRow-img"}]}
RESULT: undefined
COMMAND: POST /session/3ad3ed370b5892314835873e8b06bae6/element - {"using":"xpath","value":"//*[@id=\"application-managepartners-display-component---NewPartner--btnAddTableRow-img\"]"}
RESULT: {"using":"xpath","value":"//*[@id=\"application-managepartners-display-component---NewPartner--btnAddTableRow-img\"]"}
COMMAND: POST /session/3ad3ed370b5892314835873e8b06bae6/element/f.66C564F48E23224A49CD761FFC4FB84D.d.05C9299A5E4C15F00A527B6F2F41E919.e.1665/click - {}
RESULT: {}
COMMAND: POST /session/3ad3ed370b5892314835873e8b06bae6/element - {"using":"xpath","value":"//input[contains(@id ,\"application-managepartners-display-component---NewPartner--assignmentYard-application-managepartners-display-component---NewPartner\")]"}
COMMAND: GET /session/3ad3ed370b5892314835873e8b06bae6/screenshot - {}
RESULT: {"using":"xpath","value":"//input[contains(@id ,\"application-managepartners-display-component---NewPartner--assignmentYard-application-managepartners-display-component---NewPartner\")]"}
COMMAND: POST /session/3ad3ed370b5892314835873e8b06bae6/element/f.66C564F48E23224A49CD761FFC4FB84D.d.05C9299A5E4C15F00A527B6F2F41E919.e.1670/clear - {}
RESULT: {}
RESULT: {}
COMMAND: POST /session/3ad3ed370b5892314835873e8b06bae6/element/f.66C564F48E23224A49CD761FFC4FB84D.d.05C9299A5E4C15F00A527B6F2F41E919.e.1670/value - {"text":"WebdriverYard8gjj"}
COMMAND: GET /session/3ad3ed370b5892314835873e8b06bae6/screenshot - {}
RESULT: {"text":"WebdriverYard8gjj"}
COMMAND: GET /session/3ad3ed370b5892314835873e8b06bae6/screenshot - {}
RESULT: {}
RESULT: {}
COMMAND: POST /session/3ad3ed370b5892314835873e8b06bae6/execute/async - {"script":"<script> [1562 bytes]","args":[{"selector":{"controlType":"sap.m.Button","viewName":"etm.portal.ui.managepartners.view.NewPartner","viewId":"application-managepartners-display-component---NewPartner","i18NText":{"propertyName":"text","key":"save"},"interaction":{"idSuffix":"BDI-content"}},"wdio_ui5_key":"etmportal.ui.managepartners.view.NewPartnersap.m.Button{\"propertyName\":\"text\",\"key\":\"save\"}"}]}
RESULT: {"script":"<script> [1562 bytes]","args":[{"selector":{"controlType":"sap.m.Button","viewName":"etm.portal.ui.managepartners.view.NewPartner","viewId":"application-managepartners-display-component---NewPartner","i18NText":{"propertyName":"text","key":"save"},"interaction":{"idSuffix":"BDI-content"}},"wdio_ui5_key":"etmportal.ui.managepartners.view.NewPartnersap.m.Button{\"propertyName\":\"text\",\"key\":\"save\"}"}]}
RESULT: undefined
COMMAND: POST /session/3ad3ed370b5892314835873e8b06bae6/element - {"using":"xpath","value":"//*[@id=\"__button12\"]"}
RESULT: {"using":"xpath","value":"//*[@id=\"__button12\"]"}
COMMAND: POST /session/3ad3ed370b5892314835873e8b06bae6/element/f.66C564F48E23224A49CD761FFC4FB84D.d.05C9299A5E4C15F00A527B6F2F41E919.e.1636/click - {}
RESULT: {}
COMMAND: GET /session/3ad3ed370b5892314835873e8b06bae6/screenshot - {}
RESULT: {}
COMMAND: POST /session/3ad3ed370b5892314835873e8b06bae6/element - {"using":"xpath","value":"//header/div/div[2]/div[2]/span"}
RESULT: {"using":"xpath","value":"//header/div/div[2]/div[2]/span"}
COMMAND: GET /session/3ad3ed370b5892314835873e8b06bae6/element/f.66C564F48E23224A49CD761FFC4FB84D.d.05C9299A5E4C15F00A527B6F2F41E919.e.1840/text - {}
RESULT: {}
COMMAND: POST /session/3ad3ed370b5892314835873e8b06bae6/element - {"using":"xpath","value":"//header/div/div/div/div/div/div[2]/div/span"}
RESULT: {"using":"xpath","value":"//header/div/div/div/div/div/div[2]/div/span"}
COMMAND: GET /session/3ad3ed370b5892314835873e8b06bae6/element/f.66C564F48E23224A49CD761FFC4FB84D.d.05C9299A5E4C15F00A527B6F2F41E919.e.1841/text - {}
RESULT: {}
COMMAND: POST /session/3ad3ed370b5892314835873e8b06bae6/execute/async - {"script":"<script> [1562 bytes]","args":[{"selector":{"id":"application-managepartners-display-component---detailPtm--partnerType"},"wdio_ui5_key":"applicationmanagepartners-display-component---detailPtm--partnerType"}]}
RESULT: {"script":"<script> [1562 bytes]","args":[{"selector":{"id":"application-managepartners-display-component---detailPtm--partnerType"},"wdio_ui5_key":"applicationmanagepartners-display-component---detailPtm--partnerType"}]}
RESULT: undefined
COMMAND: POST /session/3ad3ed370b5892314835873e8b06bae6/execute/async - {"script":"<script> [6424 bytes]","args":[{"element-6066-11e4-a52e-4f735466cecf":"f.66C564F48E23224A49CD761FFC4FB84D.d.05C9299A5E4C15F00A527B6F2F41E919.e.1842"},"getText",[]]}
RESULT: {"script":"<script> [6424 bytes]","args":[{"element-6066-11e4-a52e-4f735466cecf":"f.66C564F48E23224A49CD761FFC4FB84D.d.05C9299A5E4C15F00A527B6F2F41E919.e.1842"},"getText",[]]}
COMMAND: POST /session/3ad3ed370b5892314835873e8b06bae6/element - {"using":"css selector","value":"#shell-header-logo"}
RESULT: {"using":"css selector","value":"#shell-header-logo"}
COMMAND: POST /session/3ad3ed370b5892314835873e8b06bae6/element/f.66C564F48E23224A49CD761FFC4FB84D.d.05C9299A5E4C15F00A527B6F2F41E919.e.1188/click - {}
RESULT: {}
COMMAND: GET /session/3ad3ed370b5892314835873e8b06bae6/screenshot - {}
RESULT: {}
COMMAND: POST /session/3ad3ed370b5892314835873e8b06bae6/execute/async - {"script":"<script> [1562 bytes]","args":[{"selector":{"controlType":"sap.m.GenericTile","properties":{"header":"Manage Sites"}},"wdio_ui5_key":"sapm.GenericTile{\"header\":\"Manage Sites\"}"}]}
RESULT: {"script":"<script> [1562 bytes]","args":[{"selector":{"controlType":"sap.m.GenericTile","properties":{"header":"Manage Sites"}},"wdio_ui5_key":"sapm.GenericTile{\"header\":\"Manage Sites\"}"}]}
RESULT: undefined
COMMAND: POST /session/3ad3ed370b5892314835873e8b06bae6/element - {"using":"xpath","value":"//*[@id=\"__tile40\"]"}
RESULT: {"using":"xpath","value":"//*[@id=\"__tile40\"]"}
COMMAND: POST /session/3ad3ed370b5892314835873e8b06bae6/element/f.66C564F48E23224A49CD761FFC4FB84D.d.05C9299A5E4C15F00A527B6F2F41E919.e.1844/click - {}
RESULT: {}
COMMAND: GET /session/3ad3ed370b5892314835873e8b06bae6/screenshot - {}
RESULT: {}
COMMAND: POST /session/3ad3ed370b5892314835873e8b06bae6/elements - {"using":"xpath","value":"//span[text()='Error']"}
RESULT: {"using":"xpath","value":"//span[text()='Error']"}
COMMAND: POST /session/3ad3ed370b5892314835873e8b06bae6/execute/async - {"script":"<script> [1562 bytes]","args":[{"selector":{"controlType":"sap.ui.core.Icon","viewName":"etm.portal.ui.managesites.view.Master","viewId":"application-managesites-display-component---masterSite","properties":{"src":{"regex":{"source":"add"}}}},"wdio_ui5_key":"etmportal.ui.managesites.view.Mastersap.ui.core.Icon{\"src\":{\"regex\":{\"source\":\"add\"}}}"}]}
RESULT: {"script":"<script> [1562 bytes]","args":[{"selector":{"controlType":"sap.ui.core.Icon","viewName":"etm.portal.ui.managesites.view.Master","viewId":"application-managesites-display-component---masterSite","properties":{"src":{"regex":{"source":"add"}}}},"wdio_ui5_key":"etmportal.ui.managesites.view.Mastersap.ui.core.Icon{\"src\":{\"regex\":{\"source\":\"add\"}}}"}]}
RESULT: undefined
COMMAND: POST /session/3ad3ed370b5892314835873e8b06bae6/element - {"using":"xpath","value":"//*[@id=\"__button52-img\"]"}
RESULT: {"using":"xpath","value":"//*[@id=\"__button52-img\"]"}
COMMAND: POST /session/3ad3ed370b5892314835873e8b06bae6/element/f.66C564F48E23224A49CD761FFC4FB84D.d.05C9299A5E4C15F00A527B6F2F41E919.e.1894/click - {}
RESULT: {}
COMMAND: POST /session/3ad3ed370b5892314835873e8b06bae6/execute/async - {"script":"<script> [1562 bytes]","args":[{"selector":{"id":"application-managesites-display-component---NewSite--siteId","interaction":{"idSuffix":"inner"}},"wdio_ui5_key":"applicationmanagesites-display-component---NewSite--siteId"}]}
COMMAND: GET /session/3ad3ed370b5892314835873e8b06bae6/screenshot - {}
RESULT: {"script":"<script> [1562 bytes]","args":[{"selector":{"id":"application-managesites-display-component---NewSite--siteId","interaction":{"idSuffix":"inner"}},"wdio_ui5_key":"applicationmanagesites-display-component---NewSite--siteId"}]}
RESULT: undefined
COMMAND: POST /session/3ad3ed370b5892314835873e8b06bae6/execute/async - {"script":"<script> [1562 bytes]","args":[{"selector":{"id":"application-managesites-display-component---NewSite--addressDetailDetailsName1","interaction":{"idSuffix":"inner"}},"wdio_ui5_key":"applicationmanagesites-display-component---NewSite--addressDetailDetailsName1"}]}
RESULT: {}
RESULT: {"script":"<script> [1562 bytes]","args":[{"selector":{"id":"application-managesites-display-component---NewSite--addressDetailDetailsName1","interaction":{"idSuffix":"inner"}},"wdio_ui5_key":"applicationmanagesites-display-component---NewSite--addressDetailDetailsName1"}]}
RESULT: undefined
COMMAND: POST /session/3ad3ed370b5892314835873e8b06bae6/execute/async - {"script":"<script> [776 bytes]","args":[{"enterText":"WebdriverSiteo9qm","selector":{"id":"application-managesites-display-component---NewSite--addressDetailDetailsName1","interaction":{"idSuffix":"inner"}},"clearTextFirst":true,"interactionType":"ENTER_TEXT"}]}
RESULT: {"script":"<script> [776 bytes]","args":[{"enterText":"WebdriverSiteo9qm","selector":{"id":"application-managesites-display-component---NewSite--addressDetailDetailsName1","interaction":{"idSuffix":"inner"}},"clearTextFirst":true,"interactionType":"ENTER_TEXT"}]}
COMMAND: POST /session/3ad3ed370b5892314835873e8b06bae6/execute/async - {"script":"<script> [1562 bytes]","args":[{"selector":{"id":"application-managesites-display-component---NewSite--addressDetailDetailsLanguage","interaction":{"idSuffix":"inner"}},"wdio_ui5_key":"applicationmanagesites-display-component---NewSite--addressDetailDetailsLanguage"}]}
RESULT: {"script":"<script> [1562 bytes]","args":[{"selector":{"id":"application-managesites-display-component---NewSite--addressDetailDetailsLanguage","interaction":{"idSuffix":"inner"}},"wdio_ui5_key":"applicationmanagesites-display-component---NewSite--addressDetailDetailsLanguage"}]}
RESULT: undefined
COMMAND: POST /session/3ad3ed370b5892314835873e8b06bae6/execute/async - {"script":"<script> [776 bytes]","args":[{"enterText":"Romanian","selector":{"id":"application-managesites-display-component---NewSite--addressDetailDetailsLanguage","interaction":{"idSuffix":"inner"}},"clearTextFirst":true,"interactionType":"ENTER_TEXT"}]}
RESULT: {"script":"<script> [776 bytes]","args":[{"enterText":"Romanian","selector":{"id":"application-managesites-display-component---NewSite--addressDetailDetailsLanguage","interaction":{"idSuffix":"inner"}},"clearTextFirst":true,"interactionType":"ENTER_TEXT"}]}
COMMAND: POST /session/3ad3ed370b5892314835873e8b06bae6/execute/async - {"script":"<script> [1562 bytes]","args":[{"selector":{"id":"application-managesites-display-component---NewSite--addressDetailDetailsCity1","interaction":{"idSuffix":"inner"}},"wdio_ui5_key":"applicationmanagesites-display-component---NewSite--addressDetailDetailsCity1"}]}
RESULT: {"script":"<script> [1562 bytes]","args":[{"selector":{"id":"application-managesites-display-component---NewSite--addressDetailDetailsCity1","interaction":{"idSuffix":"inner"}},"wdio_ui5_key":"applicationmanagesites-display-component---NewSite--addressDetailDetailsCity1"}]}
RESULT: undefined
COMMAND: POST /session/3ad3ed370b5892314835873e8b06bae6/execute/async - {"script":"<script> [776 bytes]","args":[{"enterText":"Bucharest","selector":{"id":"application-managesites-display-component---NewSite--addressDetailDetailsCity1","interaction":{"idSuffix":"inner"}},"clearTextFirst":true,"interactionType":"ENTER_TEXT"}]}
RESULT: {"script":"<script> [776 bytes]","args":[{"enterText":"Bucharest","selector":{"id":"application-managesites-display-component---NewSite--addressDetailDetailsCity1","interaction":{"idSuffix":"inner"}},"clearTextFirst":true,"interactionType":"ENTER_TEXT"}]}
COMMAND: POST /session/3ad3ed370b5892314835873e8b06bae6/execute/async - {"script":"<script> [1562 bytes]","args":[{"selector":{"id":"application-managesites-display-component---NewSite--addressDetailDetailsCountry","interaction":{"idSuffix":"inner"}},"wdio_ui5_key":"applicationmanagesites-display-component---NewSite--addressDetailDetailsCountry"}]}
RESULT: {"script":"<script> [1562 bytes]","args":[{"selector":{"id":"application-managesites-display-component---NewSite--addressDetailDetailsCountry","interaction":{"idSuffix":"inner"}},"wdio_ui5_key":"applicationmanagesites-display-component---NewSite--addressDetailDetailsCountry"}]}
RESULT: undefined
COMMAND: POST /session/3ad3ed370b5892314835873e8b06bae6/execute/async - {"script":"<script> [776 bytes]","args":[{"enterText":"Romania","selector":{"id":"application-managesites-display-component---NewSite--addressDetailDetailsCountry","interaction":{"idSuffix":"inner"}},"clearTextFirst":true,"interactionType":"ENTER_TEXT"}]}
RESULT: {"script":"<script> [776 bytes]","args":[{"enterText":"Romania","selector":{"id":"application-managesites-display-component---NewSite--addressDetailDetailsCountry","interaction":{"idSuffix":"inner"}},"clearTextFirst":true,"interactionType":"ENTER_TEXT"}]}
COMMAND: POST /session/3ad3ed370b5892314835873e8b06bae6/element - {"using":"css selector","value":"#application-managesites-display-component---NewSite--addressDetailDetailsCalendar-inner"}
RESULT: {"using":"css selector","value":"#application-managesites-display-component---NewSite--addressDetailDetailsCalendar-inner"}
COMMAND: POST /session/3ad3ed370b5892314835873e8b06bae6/element/f.66C564F48E23224A49CD761FFC4FB84D.d.05C9299A5E4C15F00A527B6F2F41E919.e.2110/clear - {}
RESULT: {}
COMMAND: POST /session/3ad3ed370b5892314835873e8b06bae6/element/f.66C564F48E23224A49CD761FFC4FB84D.d.05C9299A5E4C15F00A527B6F2F41E919.e.2110/value - {"text":"Germany"}
COMMAND: GET /session/3ad3ed370b5892314835873e8b06bae6/screenshot - {}
RESULT: {"text":"Germany"}
COMMAND: POST /session/3ad3ed370b5892314835873e8b06bae6/execute/async - {"script":"<script> [1562 bytes]","args":[{"selector":{"id":"application-managesites-display-component---NewSite--addressEditDetailsCostObjectCstType-arrow"},"wdio_ui5_key":"applicationmanagesites-display-component---NewSite--addressEditDetailsCostObjectCstType-arrow"}]}
COMMAND: GET /session/3ad3ed370b5892314835873e8b06bae6/screenshot - {}
RESULT: {}
RESULT: {"script":"<script> [1562 bytes]","args":[{"selector":{"id":"application-managesites-display-component---NewSite--addressEditDetailsCostObjectCstType-arrow"},"wdio_ui5_key":"applicationmanagesites-display-component---NewSite--addressEditDetailsCostObjectCstType-arrow"}]}
RESULT: undefined
COMMAND: POST /session/3ad3ed370b5892314835873e8b06bae6/element - {"using":"xpath","value":"//*[@id=\"application-managesites-display-component---NewSite--addressEditDetailsCostObjectCstType-arrow\"]"}
RESULT: {}
RESULT: {"using":"xpath","value":"//*[@id=\"application-managesites-display-component---NewSite--addressEditDetailsCostObjectCstType-arrow\"]"}
COMMAND: POST /session/3ad3ed370b5892314835873e8b06bae6/element/f.66C564F48E23224A49CD761FFC4FB84D.d.05C9299A5E4C15F00A527B6F2F41E919.e.2270/click - {}
RESULT: {}
COMMAND: POST /session/3ad3ed370b5892314835873e8b06bae6/element - {"using":"xpath","value":"//span[contains(text(), \"Work Breakdown Structure\")]"}
COMMAND: GET /session/3ad3ed370b5892314835873e8b06bae6/screenshot - {}
RESULT: {"using":"xpath","value":"//span[contains(text(), \"Work Breakdown Structure\")]"}
COMMAND: POST /session/3ad3ed370b5892314835873e8b06bae6/element/f.66C564F48E23224A49CD761FFC4FB84D.d.05C9299A5E4C15F00A527B6F2F41E919.e.2271/click - {}
RESULT: {}
RESULT: {}
COMMAND: GET /session/3ad3ed370b5892314835873e8b06bae6/screenshot - {}
RESULT: {}
COMMAND: POST /session/3ad3ed370b5892314835873e8b06bae6/execute/async - {"script":"<script> [1562 bytes]","args":[{"selector":{"id":"application-managesites-display-component---NewSite--addressNewCostObjectCstID-vhi"},"wdio_ui5_key":"applicationmanagesites-display-component---NewSite--addressNewCostObjectCstID-vhi"}]}
RESULT: {"script":"<script> [1562 bytes]","args":[{"selector":{"id":"application-managesites-display-component---NewSite--addressNewCostObjectCstID-vhi"},"wdio_ui5_key":"applicationmanagesites-display-component---NewSite--addressNewCostObjectCstID-vhi"}]}
RESULT: undefined
COMMAND: POST /session/3ad3ed370b5892314835873e8b06bae6/element - {"using":"xpath","value":"//*[@id=\"application-managesites-display-component---NewSite--addressNewCostObjectCstID-vhi\"]"}
RESULT: {"using":"xpath","value":"//*[@id=\"application-managesites-display-component---NewSite--addressNewCostObjectCstID-vhi\"]"}
COMMAND: POST /session/3ad3ed370b5892314835873e8b06bae6/element/f.66C564F48E23224A49CD761FFC4FB84D.d.05C9299A5E4C15F00A527B6F2F41E919.e.2276/click - {}
RESULT: {}
COMMAND: GET /session/3ad3ed370b5892314835873e8b06bae6/screenshot - {}
RESULT: {}
COMMAND: POST /session/3ad3ed370b5892314835873e8b06bae6/execute/async - {"script":"<script> [1562 bytes]","args":[{"selector":{"controlType":"sap.m.SearchField","properties":{"placeholder":"Search"},"searchOpenDialogs":true,"interaction":{"idSuffix":"I"}},"wdio_ui5_key":"sapm.SearchField{\"placeholder\":\"Search\"}"}]}
RESULT: {"script":"<script> [1562 bytes]","args":[{"selector":{"controlType":"sap.m.SearchField","properties":{"placeholder":"Search"},"searchOpenDialogs":true,"interaction":{"idSuffix":"I"}},"wdio_ui5_key":"sapm.SearchField{\"placeholder\":\"Search\"}"}]}
RESULT: undefined
COMMAND: POST /session/3ad3ed370b5892314835873e8b06bae6/execute/async - {"script":"<script> [776 bytes]","args":[{"enterText":"A1-000100-01","selector":{"controlType":"sap.m.SearchField","properties":{"placeholder":"Search"},"searchOpenDialogs":true,"interaction":{"idSuffix":"I"}},"clearTextFirst":true,"interactionType":"ENTER_TEXT"}]}
RESULT: {"script":"<script> [776 bytes]","args":[{"enterText":"A1-000100-01","selector":{"controlType":"sap.m.SearchField","properties":{"placeholder":"Search"},"searchOpenDialogs":true,"interaction":{"idSuffix":"I"}},"clearTextFirst":true,"interactionType":"ENTER_TEXT"}]}
COMMAND: POST /session/3ad3ed370b5892314835873e8b06bae6/actions - {"actions":[{"id":"action3","type":"key","parameters":{},"actions":[{"type":"keyDown","value":""},{"type":"pause","duration":10},{"type":"keyUp","value":""}]}]}
RESULT: {"actions":[{"id":"action3","type":"key","parameters":{},"actions":[{"type":"keyDown","value":""},{"type":"pause","duration":10},{"type":"keyUp","value":""}]}]}
COMMAND: GET /session/3ad3ed370b5892314835873e8b06bae6/screenshot - {}
RESULT: {}
COMMAND: POST /session/3ad3ed370b5892314835873e8b06bae6/element - {"using":"xpath","value":"//span[contains(text(), \"Template for ETO-Process\")]"}
RESULT: {"using":"xpath","value":"//span[contains(text(), \"Template for ETO-Process\")]"}
COMMAND: POST /session/3ad3ed370b5892314835873e8b06bae6/element/f.66C564F48E23224A49CD761FFC4FB84D.d.05C9299A5E4C15F00A527B6F2F41E919.e.2297/click - {}
RESULT: {}
COMMAND: GET /session/3ad3ed370b5892314835873e8b06bae6/screenshot - {}
RESULT: {}
COMMAND: POST /session/3ad3ed370b5892314835873e8b06bae6/element - {"using":"xpath","value":"//bdi[contains(text(), \"OK\")]"}
RESULT: {"using":"xpath","value":"//bdi[contains(text(), \"OK\")]"}
COMMAND: POST /session/3ad3ed370b5892314835873e8b06bae6/element/f.66C564F48E23224A49CD761FFC4FB84D.d.05C9299A5E4C15F00A527B6F2F41E919.e.2298/click - {}
RESULT: {}
COMMAND: GET /session/3ad3ed370b5892314835873e8b06bae6/screenshot - {}
RESULT: {}
COMMAND: POST /session/3ad3ed370b5892314835873e8b06bae6/element - {"using":"xpath","value":"//input[@id=\"application-managesites-display-component---NewSite--addressDetailDetailsYard-inner\"]"}
RESULT: {"using":"xpath","value":"//input[@id=\"application-managesites-display-component---NewSite--addressDetailDetailsYard-inner\"]"}
COMMAND: POST /session/3ad3ed370b5892314835873e8b06bae6/element/f.66C564F48E23224A49CD761FFC4FB84D.d.05C9299A5E4C15F00A527B6F2F41E919.e.2111/value - {"text":"WebdriverYard8gjj"}
RESULT: {"text":"WebdriverYard8gjj"}
COMMAND: GET /session/3ad3ed370b5892314835873e8b06bae6/screenshot - {}
RESULT: {}
COMMAND: POST /session/3ad3ed370b5892314835873e8b06bae6/actions - {"actions":[{"id":"action4","type":"key","parameters":{},"actions":[{"type":"keyDown","value":""},{"type":"pause","duration":10},{"type":"keyUp","value":""}]}]}
RESULT: {"actions":[{"id":"action4","type":"key","parameters":{},"actions":[{"type":"keyDown","value":""},{"type":"pause","duration":10},{"type":"keyUp","value":""}]}]}
COMMAND: GET /session/3ad3ed370b5892314835873e8b06bae6/screenshot - {}
RESULT: {}
COMMAND: POST /session/3ad3ed370b5892314835873e8b06bae6/element - {"using":"xpath","value":"//input[@id=\"application-managesites-display-component---NewSite--addressDetailDetailsPartner-inner\"]"}
RESULT: {"using":"xpath","value":"//input[@id=\"application-managesites-display-component---NewSite--addressDetailDetailsPartner-inner\"]"}
COMMAND: POST /session/3ad3ed370b5892314835873e8b06bae6/elements - {"using":"xpath","value":"//input[@id=\"application-managesites-display-component---NewSite--addressDetailDetailsPartner-inner\"]"}
RESULT: {"using":"xpath","value":"//input[@id=\"application-managesites-display-component---NewSite--addressDetailDetailsPartner-inner\"]"}
COMMAND: POST /session/3ad3ed370b5892314835873e8b06bae6/execute/async - {"script":"<script> [1562 bytes]","args":[{"selector":{"controlType":"sap.m.Button","viewName":"etm.portal.ui.managesites.view.NewSmartSite","viewId":"application-managesites-display-component---NewSite","properties":{"text":"Commercial"},"interaction":{"idSuffix":"BDI-content"}},"wdio_ui5_key":"etmportal.ui.managesites.view.NewSmartSitesap.m.Button{\"text\":\"Commercial\"}"}]}
RESULT: {"script":"<script> [1562 bytes]","args":[{"selector":{"controlType":"sap.m.Button","viewName":"etm.portal.ui.managesites.view.NewSmartSite","viewId":"application-managesites-display-component---NewSite","properties":{"text":"Commercial"},"interaction":{"idSuffix":"BDI-content"}},"wdio_ui5_key":"etmportal.ui.managesites.view.NewSmartSitesap.m.Button{\"text\":\"Commercial\"}"}]}
RESULT: undefined
COMMAND: POST /session/3ad3ed370b5892314835873e8b06bae6/element - {"using":"xpath","value":"//*[@id=\"application-managesites-display-component---NewSite--ObjectPageLayout-anchBar-__section31-anchor\"]"}
RESULT: {"using":"xpath","value":"//*[@id=\"application-managesites-display-component---NewSite--ObjectPageLayout-anchBar-__section31-anchor\"]"}
COMMAND: POST /session/3ad3ed370b5892314835873e8b06bae6/element/f.66C564F48E23224A49CD761FFC4FB84D.d.05C9299A5E4C15F00A527B6F2F41E919.e.2305/click - {}
RESULT: {}
COMMAND: POST /session/3ad3ed370b5892314835873e8b06bae6/execute/async - {"script":"<script> [1562 bytes]","args":[{"selector":{"controlType":"sap.m.Button","viewName":"etm.portal.ui.managesites.view.NewSmartSite","viewId":"application-managesites-display-component---NewSite","i18NText":{"propertyName":"text","key":"save"},"interaction":{"idSuffix":"BDI-content"}},"wdio_ui5_key":"etmportal.ui.managesites.view.NewSmartSitesap.m.Button{\"propertyName\":\"text\",\"key\":\"save\"}"}]}
COMMAND: GET /session/3ad3ed370b5892314835873e8b06bae6/screenshot - {}
RESULT: {"script":"<script> [1562 bytes]","args":[{"selector":{"controlType":"sap.m.Button","viewName":"etm.portal.ui.managesites.view.NewSmartSite","viewId":"application-managesites-display-component---NewSite","i18NText":{"propertyName":"text","key":"save"},"interaction":{"idSuffix":"BDI-content"}},"wdio_ui5_key":"etmportal.ui.managesites.view.NewSmartSitesap.m.Button{\"propertyName\":\"text\",\"key\":\"save\"}"}]}
RESULT: undefined
COMMAND: POST /session/3ad3ed370b5892314835873e8b06bae6/element - {"using":"xpath","value":"//*[@id=\"__button64\"]"}
RESULT: {}
RESULT: {"using":"xpath","value":"//*[@id=\"__button64\"]"}
COMMAND: POST /session/3ad3ed370b5892314835873e8b06bae6/element/f.66C564F48E23224A49CD761FFC4FB84D.d.05C9299A5E4C15F00A527B6F2F41E919.e.2247/click - {}
RESULT: {}
COMMAND: GET /session/3ad3ed370b5892314835873e8b06bae6/screenshot - {}
RESULT: {}
COMMAND: POST /session/3ad3ed370b5892314835873e8b06bae6/execute/async - {"script":"<script> [1562 bytes]","args":[{"selector":{"id":"application-managesites-display-component---detailSite--addressDetailDetailsYardText"},"wdio_ui5_key":"applicationmanagesites-display-component---detailSite--addressDetailDetailsYardText"}]}
RESULT: {"script":"<script> [1562 bytes]","args":[{"selector":{"id":"application-managesites-display-component---detailSite--addressDetailDetailsYardText"},"wdio_ui5_key":"applicationmanagesites-display-component---detailSite--addressDetailDetailsYardText"}]}
RESULT: undefined
COMMAND: POST /session/3ad3ed370b5892314835873e8b06bae6/element - {"using":"xpath","value":"//header/div/div[2]/div[2]/span"}
RESULT: {"using":"xpath","value":"//header/div/div[2]/div[2]/span"}
COMMAND: GET /session/3ad3ed370b5892314835873e8b06bae6/element/f.66C564F48E23224A49CD761FFC4FB84D.d.05C9299A5E4C15F00A527B6F2F41E919.e.2511/text - {}
RESULT: {}
COMMAND: POST /session/3ad3ed370b5892314835873e8b06bae6/element - {"using":"xpath","value":"//header/div/div/div/div/div/div[2]/div/span"}
RESULT: {"using":"xpath","value":"//header/div/div/div/div/div/div[2]/div/span"}
COMMAND: GET /session/3ad3ed370b5892314835873e8b06bae6/element/f.66C564F48E23224A49CD761FFC4FB84D.d.05C9299A5E4C15F00A527B6F2F41E919.e.2512/text - {}
RESULT: {}
COMMAND: POST /session/3ad3ed370b5892314835873e8b06bae6/element - {"using":"css selector","value":"#shell-header-logo"}
RESULT: {"using":"css selector","value":"#shell-header-logo"}
COMMAND: POST /session/3ad3ed370b5892314835873e8b06bae6/element/f.66C564F48E23224A49CD761FFC4FB84D.d.05C9299A5E4C15F00A527B6F2F41E919.e.1849/click - {}
RESULT: {}
COMMAND: GET /session/3ad3ed370b5892314835873e8b06bae6/screenshot - {}
RESULT: {}
]]></system-out>
    </testcase>
    <testcase classname="chrome.136_0_7103_93.windows.Standard_contract_-_add_contract_items_by_Insert_Request_US118222" name="Should create 2 new resources and a catalog item" time="441.938">
      <system-out><![CDATA[
COMMAND: POST /session/3ad3ed370b5892314835873e8b06bae6/execute/async - {"script":"<script> [1562 bytes]","args":[{"selector":{"controlType":"sap.m.GenericTile","properties":{"header":"Manage Resources"}},"wdio_ui5_key":"sapm.GenericTile{\"header\":\"Manage Resources\"}"}]}
RESULT: {"script":"<script> [1562 bytes]","args":[{"selector":{"controlType":"sap.m.GenericTile","properties":{"header":"Manage Resources"}},"wdio_ui5_key":"sapm.GenericTile{\"header\":\"Manage Resources\"}"}]}
RESULT: undefined
COMMAND: POST /session/3ad3ed370b5892314835873e8b06bae6/element - {"using":"xpath","value":"//*[@id=\"__tile39\"]"}
RESULT: {"using":"xpath","value":"//*[@id=\"__tile39\"]"}
COMMAND: POST /session/3ad3ed370b5892314835873e8b06bae6/element/f.66C564F48E23224A49CD761FFC4FB84D.d.05C9299A5E4C15F00A527B6F2F41E919.e.2514/click - {}
RESULT: {}
COMMAND: GET /session/3ad3ed370b5892314835873e8b06bae6/screenshot - {}
RESULT: {}
COMMAND: POST /session/3ad3ed370b5892314835873e8b06bae6/elements - {"using":"xpath","value":"//span[text()='Error']"}
RESULT: {"using":"xpath","value":"//span[text()='Error']"}
COMMAND: POST /session/3ad3ed370b5892314835873e8b06bae6/element - {"using":"xpath","value":"//button[@data-kt=\"addNewRUOverflowToolbarButton\"]"}
RESULT: {"using":"xpath","value":"//button[@data-kt=\"addNewRUOverflowToolbarButton\"]"}
COMMAND: POST /session/3ad3ed370b5892314835873e8b06bae6/execute/sync - {"script":"<script> [8489 bytes]","args":[{"element-6066-11e4-a52e-4f735466cecf":"f.66C564F48E23224A49CD761FFC4FB84D.d.05C9299A5E4C15F00A527B6F2F41E919.e.2555","ELEMENT":"f.66C564F48E23224A49CD761FFC4FB84D.d.05C9299A5E4C15F00A527B6F2F41E919.e.2555"}]}
RESULT: {"script":"<script> [8489 bytes]","args":[{"element-6066-11e4-a52e-4f735466cecf":"f.66C564F48E23224A49CD761FFC4FB84D.d.05C9299A5E4C15F00A527B6F2F41E919.e.2555","ELEMENT":"f.66C564F48E23224A49CD761FFC4FB84D.d.05C9299A5E4C15F00A527B6F2F41E919.e.2555"}]}
COMMAND: POST /session/3ad3ed370b5892314835873e8b06bae6/element/f.66C564F48E23224A49CD761FFC4FB84D.d.05C9299A5E4C15F00A527B6F2F41E919.e.2555/click - {}
COMMAND: GET /session/3ad3ed370b5892314835873e8b06bae6/screenshot - {}
RESULT: {}
COMMAND: POST /session/3ad3ed370b5892314835873e8b06bae6/execute/async - {"script":"<script> [1562 bytes]","args":[{"selector":{"id":"application-manageresources-display-component---newResourceUnit--TYPE-arrow"},"wdio_ui5_key":"applicationmanageresources-display-component---newResourceUnit--TYPE-arrow"}]}
COMMAND: GET /session/3ad3ed370b5892314835873e8b06bae6/screenshot - {}
RESULT: {}
RESULT: {"script":"<script> [1562 bytes]","args":[{"selector":{"id":"application-manageresources-display-component---newResourceUnit--TYPE-arrow"},"wdio_ui5_key":"applicationmanageresources-display-component---newResourceUnit--TYPE-arrow"}]}
RESULT: undefined
COMMAND: POST /session/3ad3ed370b5892314835873e8b06bae6/element - {"using":"xpath","value":"//*[@id=\"application-manageresources-display-component---newResourceUnit--TYPE-arrow\"]"}
RESULT: {}
RESULT: {"using":"xpath","value":"//*[@id=\"application-manageresources-display-component---newResourceUnit--TYPE-arrow\"]"}
COMMAND: POST /session/3ad3ed370b5892314835873e8b06bae6/element/f.66C564F48E23224A49CD761FFC4FB84D.d.05C9299A5E4C15F00A527B6F2F41E919.e.2871/click - {}
RESULT: {}
COMMAND: POST /session/3ad3ed370b5892314835873e8b06bae6/execute/async - {"script":"<script> [1562 bytes]","args":[{"selector":{"controlType":"sap.m.StandardListItem","viewName":"reusables.view.manageresources.NewResourceUnit","viewId":"application-manageresources-display-component---newResourceUnit","properties":{"title":"Material"},"searchOpenDialogs":true,"interaction":{"idSuffix":"titleText"}},"wdio_ui5_key":"reusablesview.manageresources.NewResourceUnitsap.m.StandardListItem{\"title\":\"Material\"}"}]}
COMMAND: GET /session/3ad3ed370b5892314835873e8b06bae6/screenshot - {}
RESULT: {"script":"<script> [1562 bytes]","args":[{"selector":{"controlType":"sap.m.StandardListItem","viewName":"reusables.view.manageresources.NewResourceUnit","viewId":"application-manageresources-display-component---newResourceUnit","properties":{"title":"Material"},"searchOpenDialogs":true,"interaction":{"idSuffix":"titleText"}},"wdio_ui5_key":"reusablesview.manageresources.NewResourceUnitsap.m.StandardListItem{\"title\":\"Material\"}"}]}
RESULT: undefined
COMMAND: POST /session/3ad3ed370b5892314835873e8b06bae6/element - {"using":"xpath","value":"//*[@id=\"__item1111\"]"}
RESULT: {}
RESULT: {"using":"xpath","value":"//*[@id=\"__item1111\"]"}
COMMAND: POST /session/3ad3ed370b5892314835873e8b06bae6/element/f.66C564F48E23224A49CD761FFC4FB84D.d.05C9299A5E4C15F00A527B6F2F41E919.e.2874/click - {}
RESULT: {}
COMMAND: POST /session/3ad3ed370b5892314835873e8b06bae6/execute/async - {"script":"<script> [1562 bytes]","args":[{"selector":{"id":"application-manageresources-display-component---newResourceUnit--SHORT_TEXT","interaction":{"idSuffix":"inner"}},"wdio_ui5_key":"applicationmanageresources-display-component---newResourceUnit--SHORT_TEXT"}]}
COMMAND: GET /session/3ad3ed370b5892314835873e8b06bae6/screenshot - {}
RESULT: {"script":"<script> [1562 bytes]","args":[{"selector":{"id":"application-manageresources-display-component---newResourceUnit--SHORT_TEXT","interaction":{"idSuffix":"inner"}},"wdio_ui5_key":"applicationmanageresources-display-component---newResourceUnit--SHORT_TEXT"}]}
RESULT: undefined
COMMAND: POST /session/3ad3ed370b5892314835873e8b06bae6/execute/async - {"script":"<script> [776 bytes]","args":[{"enterText":"WebdriverMatTestcbpdd","selector":{"id":"application-manageresources-display-component---newResourceUnit--SHORT_TEXT","interaction":{"idSuffix":"inner"}},"clearTextFirst":true,"interactionType":"ENTER_TEXT"}]}
RESULT: {}
RESULT: {"script":"<script> [776 bytes]","args":[{"enterText":"WebdriverMatTestcbpdd","selector":{"id":"application-manageresources-display-component---newResourceUnit--SHORT_TEXT","interaction":{"idSuffix":"inner"}},"clearTextFirst":true,"interactionType":"ENTER_TEXT"}]}
COMMAND: POST /session/3ad3ed370b5892314835873e8b06bae6/execute/async - {"script":"<script> [1562 bytes]","args":[{"selector":{"id":"application-manageresources-display-component---newResourceUnit--BASE_UNIT_OF_MEASURE-arrow"},"wdio_ui5_key":"applicationmanageresources-display-component---newResourceUnit--BASE_UNIT_OF_MEASURE-arrow"}]}
RESULT: {"script":"<script> [1562 bytes]","args":[{"selector":{"id":"application-manageresources-display-component---newResourceUnit--BASE_UNIT_OF_MEASURE-arrow"},"wdio_ui5_key":"applicationmanageresources-display-component---newResourceUnit--BASE_UNIT_OF_MEASURE-arrow"}]}
RESULT: undefined
COMMAND: POST /session/3ad3ed370b5892314835873e8b06bae6/element - {"using":"xpath","value":"//*[@id=\"application-manageresources-display-component---newResourceUnit--BASE_UNIT_OF_MEASURE-arrow\"]"}
RESULT: {"using":"xpath","value":"//*[@id=\"application-manageresources-display-component---newResourceUnit--BASE_UNIT_OF_MEASURE-arrow\"]"}
COMMAND: POST /session/3ad3ed370b5892314835873e8b06bae6/element/f.66C564F48E23224A49CD761FFC4FB84D.d.05C9299A5E4C15F00A527B6F2F41E919.e.2994/click - {}
RESULT: {}
COMMAND: POST /session/3ad3ed370b5892314835873e8b06bae6/execute/async - {"script":"<script> [1562 bytes]","args":[{"selector":{"controlType":"sap.m.StandardListItem","viewName":"reusables.view.manageresources.NewResourceUnit","viewId":"application-manageresources-display-component---newResourceUnit","properties":{"title":"Piece"},"searchOpenDialogs":true,"interaction":{"idSuffix":"titleText"}},"wdio_ui5_key":"reusablesview.manageresources.NewResourceUnitsap.m.StandardListItem{\"title\":\"Piece\"}"}]}
COMMAND: GET /session/3ad3ed370b5892314835873e8b06bae6/screenshot - {}
RESULT: {"script":"<script> [1562 bytes]","args":[{"selector":{"controlType":"sap.m.StandardListItem","viewName":"reusables.view.manageresources.NewResourceUnit","viewId":"application-manageresources-display-component---newResourceUnit","properties":{"title":"Piece"},"searchOpenDialogs":true,"interaction":{"idSuffix":"titleText"}},"wdio_ui5_key":"reusablesview.manageresources.NewResourceUnitsap.m.StandardListItem{\"title\":\"Piece\"}"}]}
RESULT: undefined
COMMAND: POST /session/3ad3ed370b5892314835873e8b06bae6/element - {"using":"xpath","value":"//*[@id=\"__item1164\"]"}
RESULT: {}
RESULT: {"using":"xpath","value":"//*[@id=\"__item1164\"]"}
COMMAND: POST /session/3ad3ed370b5892314835873e8b06bae6/element/f.66C564F48E23224A49CD761FFC4FB84D.d.05C9299A5E4C15F00A527B6F2F41E919.e.2996/click - {}
RESULT: {}
COMMAND: POST /session/3ad3ed370b5892314835873e8b06bae6/element - {"using":"xpath","value":"//input[contains(@id ,\"application-manageresources-display-component---newResourceUnit--SHORT_TEXT-inner\")]"}
COMMAND: GET /session/3ad3ed370b5892314835873e8b06bae6/screenshot - {}
RESULT: {"using":"xpath","value":"//input[contains(@id ,\"application-manageresources-display-component---newResourceUnit--SHORT_TEXT-inner\")]"}
COMMAND: GET /session/3ad3ed370b5892314835873e8b06bae6/element/f.66C564F48E23224A49CD761FFC4FB84D.d.05C9299A5E4C15F00A527B6F2F41E919.e.2891/property/value - {}
RESULT: {}
RESULT: {}
COMMAND: POST /session/3ad3ed370b5892314835873e8b06bae6/execute/async - {"script":"<script> [1562 bytes]","args":[{"selector":{"id":"application-manageresources-display-component---newResourceUnit--WEIGHT_UNIT-arrow"},"wdio_ui5_key":"applicationmanageresources-display-component---newResourceUnit--WEIGHT_UNIT-arrow"}]}
COMMAND: GET /session/3ad3ed370b5892314835873e8b06bae6/screenshot - {}
RESULT: {"script":"<script> [1562 bytes]","args":[{"selector":{"id":"application-manageresources-display-component---newResourceUnit--WEIGHT_UNIT-arrow"},"wdio_ui5_key":"applicationmanageresources-display-component---newResourceUnit--WEIGHT_UNIT-arrow"}]}
RESULT: undefined
COMMAND: POST /session/3ad3ed370b5892314835873e8b06bae6/element - {"using":"xpath","value":"//*[@id=\"application-manageresources-display-component---newResourceUnit--WEIGHT_UNIT-arrow\"]"}
RESULT: {}
RESULT: {"using":"xpath","value":"//*[@id=\"application-manageresources-display-component---newResourceUnit--WEIGHT_UNIT-arrow\"]"}
COMMAND: POST /session/3ad3ed370b5892314835873e8b06bae6/element/f.66C564F48E23224A49CD761FFC4FB84D.d.05C9299A5E4C15F00A527B6F2F41E919.e.2997/click - {}
RESULT: {}
COMMAND: POST /session/3ad3ed370b5892314835873e8b06bae6/execute/async - {"script":"<script> [1562 bytes]","args":[{"selector":{"controlType":"sap.m.StandardListItem","viewName":"reusables.view.manageresources.NewResourceUnit","viewId":"application-manageresources-display-component---newResourceUnit","properties":{"title":"Gram"},"searchOpenDialogs":true,"interaction":{"idSuffix":"content"}},"wdio_ui5_key":"reusablesview.manageresources.NewResourceUnitsap.m.StandardListItem{\"title\":\"Gram\"}"}]}
COMMAND: GET /session/3ad3ed370b5892314835873e8b06bae6/screenshot - {}
RESULT: {"script":"<script> [1562 bytes]","args":[{"selector":{"controlType":"sap.m.StandardListItem","viewName":"reusables.view.manageresources.NewResourceUnit","viewId":"application-manageresources-display-component---newResourceUnit","properties":{"title":"Gram"},"searchOpenDialogs":true,"interaction":{"idSuffix":"content"}},"wdio_ui5_key":"reusablesview.manageresources.NewResourceUnitsap.m.StandardListItem{\"title\":\"Gram\"}"}]}
RESULT: undefined
COMMAND: POST /session/3ad3ed370b5892314835873e8b06bae6/element - {"using":"xpath","value":"//*[@id=\"__item1229\"]"}
RESULT: {}
RESULT: {"using":"xpath","value":"//*[@id=\"__item1229\"]"}
COMMAND: POST /session/3ad3ed370b5892314835873e8b06bae6/element/f.66C564F48E23224A49CD761FFC4FB84D.d.05C9299A5E4C15F00A527B6F2F41E919.e.2999/click - {}
RESULT: {}
COMMAND: POST /session/3ad3ed370b5892314835873e8b06bae6/execute/async - {"script":"<script> [1562 bytes]","args":[{"selector":{"id":"application-manageresources-display-component---newResourceUnit--newRRUPage-OPHeaderContent-collapseBtn-img"},"wdio_ui5_key":"applicationmanageresources-display-component---newResourceUnit--newRRUPage-OPHeaderContent-collapseBtn-img"}]}
COMMAND: GET /session/3ad3ed370b5892314835873e8b06bae6/screenshot - {}
RESULT: {"script":"<script> [1562 bytes]","args":[{"selector":{"id":"application-manageresources-display-component---newResourceUnit--newRRUPage-OPHeaderContent-collapseBtn-img"},"wdio_ui5_key":"applicationmanageresources-display-component---newResourceUnit--newRRUPage-OPHeaderContent-collapseBtn-img"}]}
RESULT: undefined
COMMAND: POST /session/3ad3ed370b5892314835873e8b06bae6/element - {"using":"xpath","value":"//*[@id=\"application-manageresources-display-component---newResourceUnit--newRRUPage-OPHeaderContent-collapseBtn-img\"]"}
RESULT: {}
RESULT: {"using":"xpath","value":"//*[@id=\"application-manageresources-display-component---newResourceUnit--newRRUPage-OPHeaderContent-collapseBtn-img\"]"}
COMMAND: POST /session/3ad3ed370b5892314835873e8b06bae6/element/f.66C564F48E23224A49CD761FFC4FB84D.d.05C9299A5E4C15F00A527B6F2F41E919.e.2881/click - {}
RESULT: {}
COMMAND: GET /session/3ad3ed370b5892314835873e8b06bae6/screenshot - {}
RESULT: {}
COMMAND: POST /session/3ad3ed370b5892314835873e8b06bae6/element - {"using":"xpath","value":"(//span[contains(@id ,\"application-manageresources-display-component---newResourceUnit--DIMENSION_UNIT-arrow\")])[1]"}
RESULT: {"using":"xpath","value":"(//span[contains(@id ,\"application-manageresources-display-component---newResourceUnit--DIMENSION_UNIT-arrow\")])[1]"}
COMMAND: POST /session/3ad3ed370b5892314835873e8b06bae6/element/f.66C564F48E23224A49CD761FFC4FB84D.d.05C9299A5E4C15F00A527B6F2F41E919.e.3005/click - {}
RESULT: {}
COMMAND: GET /session/3ad3ed370b5892314835873e8b06bae6/screenshot - {}
RESULT: {}
COMMAND: POST /session/3ad3ed370b5892314835873e8b06bae6/execute/async - {"script":"<script> [1562 bytes]","args":[{"selector":{"controlType":"sap.m.StandardListItem","viewName":"reusables.view.manageresources.NewResourceUnit","viewId":"application-manageresources-display-component---newResourceUnit","properties":{"title":"Centimeter"},"searchOpenDialogs":true,"interaction":{"idSuffix":"titleText"}},"wdio_ui5_key":"reusablesview.manageresources.NewResourceUnitsap.m.StandardListItem{\"title\":\"Centimeter\"}"}]}
RESULT: {"script":"<script> [1562 bytes]","args":[{"selector":{"controlType":"sap.m.StandardListItem","viewName":"reusables.view.manageresources.NewResourceUnit","viewId":"application-manageresources-display-component---newResourceUnit","properties":{"title":"Centimeter"},"searchOpenDialogs":true,"interaction":{"idSuffix":"titleText"}},"wdio_ui5_key":"reusablesview.manageresources.NewResourceUnitsap.m.StandardListItem{\"title\":\"Centimeter\"}"}]}
RESULT: undefined
COMMAND: POST /session/3ad3ed370b5892314835873e8b06bae6/element - {"using":"xpath","value":"//*[@id=\"__item1232\"]"}
RESULT: {"using":"xpath","value":"//*[@id=\"__item1232\"]"}
COMMAND: POST /session/3ad3ed370b5892314835873e8b06bae6/element/f.66C564F48E23224A49CD761FFC4FB84D.d.05C9299A5E4C15F00A527B6F2F41E919.e.3007/click - {}
RESULT: {}
COMMAND: POST /session/3ad3ed370b5892314835873e8b06bae6/execute/async - {"script":"<script> [1562 bytes]","args":[{"selector":{"id":"application-manageresources-display-component---newResourceUnit--newRRUPage-anchBar-application-manageresources-display-component---newResourceUnit--reference-anchor","interaction":{"idSuffix":"BDI-content"}},"wdio_ui5_key":"applicationmanageresources-display-component---newResourceUnit--newRRUPage-anchBar-application-manageresources-display-component---newResourceUnit--reference-anchor"}]}
COMMAND: GET /session/3ad3ed370b5892314835873e8b06bae6/screenshot - {}
RESULT: {"script":"<script> [1562 bytes]","args":[{"selector":{"id":"application-manageresources-display-component---newResourceUnit--newRRUPage-anchBar-application-manageresources-display-component---newResourceUnit--reference-anchor","interaction":{"idSuffix":"BDI-content"}},"wdio_ui5_key":"applicationmanageresources-display-component---newResourceUnit--newRRUPage-anchBar-application-manageresources-display-component---newResourceUnit--reference-anchor"}]}
RESULT: undefined
COMMAND: POST /session/3ad3ed370b5892314835873e8b06bae6/element - {"using":"xpath","value":"//*[@id=\"application-manageresources-display-component---newResourceUnit--newRRUPage-anchBar-application-manageresources-display-component---newResourceUnit--reference-anchor\"]"}
RESULT: {}
RESULT: {"using":"xpath","value":"//*[@id=\"application-manageresources-display-component---newResourceUnit--newRRUPage-anchBar-application-manageresources-display-component---newResourceUnit--reference-anchor\"]"}
COMMAND: POST /session/3ad3ed370b5892314835873e8b06bae6/element/f.66C564F48E23224A49CD761FFC4FB84D.d.05C9299A5E4C15F00A527B6F2F41E919.e.3009/click - {}
RESULT: {}
COMMAND: POST /session/3ad3ed370b5892314835873e8b06bae6/execute/async - {"script":"<script> [1562 bytes]","args":[{"selector":{"id":"application-manageresources-display-component---newResourceUnit--PLANNING_GROUP-arrow"},"wdio_ui5_key":"applicationmanageresources-display-component---newResourceUnit--PLANNING_GROUP-arrow"}]}
COMMAND: GET /session/3ad3ed370b5892314835873e8b06bae6/screenshot - {}
RESULT: {"script":"<script> [1562 bytes]","args":[{"selector":{"id":"application-manageresources-display-component---newResourceUnit--PLANNING_GROUP-arrow"},"wdio_ui5_key":"applicationmanageresources-display-component---newResourceUnit--PLANNING_GROUP-arrow"}]}
RESULT: undefined
COMMAND: POST /session/3ad3ed370b5892314835873e8b06bae6/element - {"using":"xpath","value":"//*[@id=\"application-manageresources-display-component---newResourceUnit--PLANNING_GROUP-arrow\"]"}
RESULT: {}
RESULT: {"using":"xpath","value":"//*[@id=\"application-manageresources-display-component---newResourceUnit--PLANNING_GROUP-arrow\"]"}
COMMAND: POST /session/3ad3ed370b5892314835873e8b06bae6/element/f.66C564F48E23224A49CD761FFC4FB84D.d.05C9299A5E4C15F00A527B6F2F41E919.e.3013/click - {}
RESULT: {}
COMMAND: POST /session/3ad3ed370b5892314835873e8b06bae6/execute/async - {"script":"<script> [1562 bytes]","args":[{"selector":{"controlType":"sap.m.StandardListItem","viewName":"reusables.view.manageresources.NewResourceUnit","viewId":"application-manageresources-display-component---newResourceUnit","properties":{"title":"Heavy Equi"},"searchOpenDialogs":true,"interaction":{"idSuffix":"content"}},"wdio_ui5_key":"reusablesview.manageresources.NewResourceUnitsap.m.StandardListItem{\"title\":\"Heavy Equi\"}"}]}
COMMAND: GET /session/3ad3ed370b5892314835873e8b06bae6/screenshot - {}
RESULT: {"script":"<script> [1562 bytes]","args":[{"selector":{"controlType":"sap.m.StandardListItem","viewName":"reusables.view.manageresources.NewResourceUnit","viewId":"application-manageresources-display-component---newResourceUnit","properties":{"title":"Heavy Equi"},"searchOpenDialogs":true,"interaction":{"idSuffix":"content"}},"wdio_ui5_key":"reusablesview.manageresources.NewResourceUnitsap.m.StandardListItem{\"title\":\"Heavy Equi\"}"}]}
RESULT: undefined
COMMAND: POST /session/3ad3ed370b5892314835873e8b06bae6/element - {"using":"xpath","value":"//*[@id=\"__item1240\"]"}
RESULT: {}
RESULT: {"using":"xpath","value":"//*[@id=\"__item1240\"]"}
COMMAND: POST /session/3ad3ed370b5892314835873e8b06bae6/element/f.66C564F48E23224A49CD761FFC4FB84D.d.05C9299A5E4C15F00A527B6F2F41E919.e.3017/click - {}
RESULT: {}
COMMAND: GET /session/3ad3ed370b5892314835873e8b06bae6/screenshot - {}
RESULT: {}
COMMAND: POST /session/3ad3ed370b5892314835873e8b06bae6/execute/async - {"script":"<script> [1562 bytes]","args":[{"selector":{"id":"application-manageresources-display-component---newResourceUnit--PLANNING_INDICATOR-arrow"},"wdio_ui5_key":"applicationmanageresources-display-component---newResourceUnit--PLANNING_INDICATOR-arrow"}]}
RESULT: {"script":"<script> [1562 bytes]","args":[{"selector":{"id":"application-manageresources-display-component---newResourceUnit--PLANNING_INDICATOR-arrow"},"wdio_ui5_key":"applicationmanageresources-display-component---newResourceUnit--PLANNING_INDICATOR-arrow"}]}
RESULT: undefined
COMMAND: POST /session/3ad3ed370b5892314835873e8b06bae6/element - {"using":"xpath","value":"//*[@id=\"application-manageresources-display-component---newResourceUnit--PLANNING_INDICATOR-arrow\"]"}
RESULT: {"using":"xpath","value":"//*[@id=\"application-manageresources-display-component---newResourceUnit--PLANNING_INDICATOR-arrow\"]"}
COMMAND: POST /session/3ad3ed370b5892314835873e8b06bae6/element/f.66C564F48E23224A49CD761FFC4FB84D.d.05C9299A5E4C15F00A527B6F2F41E919.e.3018/click - {}
RESULT: {}
COMMAND: POST /session/3ad3ed370b5892314835873e8b06bae6/execute/async - {"script":"<script> [1562 bytes]","args":[{"selector":{"controlType":"sap.m.StandardListItem","viewName":"reusables.view.manageresources.NewResourceUnit","viewId":"application-manageresources-display-component---newResourceUnit","properties":{"title":"10 - infinite"},"searchOpenDialogs":true,"interaction":{"idSuffix":"content"}},"wdio_ui5_key":"reusablesview.manageresources.NewResourceUnitsap.m.StandardListItem{\"title\":\"10 - infinite\"}"}]}
COMMAND: GET /session/3ad3ed370b5892314835873e8b06bae6/screenshot - {}
RESULT: {"script":"<script> [1562 bytes]","args":[{"selector":{"controlType":"sap.m.StandardListItem","viewName":"reusables.view.manageresources.NewResourceUnit","viewId":"application-manageresources-display-component---newResourceUnit","properties":{"title":"10 - infinite"},"searchOpenDialogs":true,"interaction":{"idSuffix":"content"}},"wdio_ui5_key":"reusablesview.manageresources.NewResourceUnitsap.m.StandardListItem{\"title\":\"10 - infinite\"}"}]}
RESULT: undefined
COMMAND: POST /session/3ad3ed370b5892314835873e8b06bae6/element - {"using":"xpath","value":"//*[@id=\"__item1250\"]"}
RESULT: {}
RESULT: {"using":"xpath","value":"//*[@id=\"__item1250\"]"}
COMMAND: POST /session/3ad3ed370b5892314835873e8b06bae6/element/f.66C564F48E23224A49CD761FFC4FB84D.d.05C9299A5E4C15F00A527B6F2F41E919.e.3020/click - {}
RESULT: {}
COMMAND: GET /session/3ad3ed370b5892314835873e8b06bae6/screenshot - {}
RESULT: {}
COMMAND: POST /session/3ad3ed370b5892314835873e8b06bae6/element - {"using":"xpath","value":"//bdi[contains(text(), \"Time Segment\")]"}
RESULT: {"using":"xpath","value":"//bdi[contains(text(), \"Time Segment\")]"}
COMMAND: GET /session/3ad3ed370b5892314835873e8b06bae6/element/f.66C564F48E23224A49CD761FFC4FB84D.d.05C9299A5E4C15F00A527B6F2F41E919.e.3021/rect - {}
RESULT: {}
COMMAND: GET /session/3ad3ed370b5892314835873e8b06bae6/window/rect - {}
RESULT: {}
COMMAND: POST /session/3ad3ed370b5892314835873e8b06bae6/execute/sync - {"script":"<script> [92 bytes]","args":[]}
RESULT: {"script":"<script> [92 bytes]","args":[]}
COMMAND: POST /session/3ad3ed370b5892314835873e8b06bae6/actions - {"actions":[{"id":"action5","type":"wheel","parameters":{},"actions":[{"type":"scroll","x":-1820,"y":-21,"deltaX":0,"deltaY":0,"duration":0,"origin":{"element-6066-11e4-a52e-4f735466cecf":"f.66C564F48E23224A49CD761FFC4FB84D.d.05C9299A5E4C15F00A527B6F2F41E919.e.3021"}}]}]}
COMMAND: GET /session/3ad3ed370b5892314835873e8b06bae6/screenshot - {}
RESULT: {}
COMMAND: POST /session/3ad3ed370b5892314835873e8b06bae6/execute/sync - {"script":"<script> [79 bytes]","args":[{"element-6066-11e4-a52e-4f735466cecf":"f.66C564F48E23224A49CD761FFC4FB84D.d.05C9299A5E4C15F00A527B6F2F41E919.e.3021","ELEMENT":"f.66C564F48E23224A49CD761FFC4FB84D.d.05C9299A5E4C15F00A527B6F2F41E919.e.3021"},{"block":"start","inline":"nearest"}]}
RESULT: {"script":"<script> [79 bytes]","args":[{"element-6066-11e4-a52e-4f735466cecf":"f.66C564F48E23224A49CD761FFC4FB84D.d.05C9299A5E4C15F00A527B6F2F41E919.e.3021","ELEMENT":"f.66C564F48E23224A49CD761FFC4FB84D.d.05C9299A5E4C15F00A527B6F2F41E919.e.3021"},{"block":"start","inline":"nearest"}]}
COMMAND: GET /session/3ad3ed370b5892314835873e8b06bae6/screenshot - {}
RESULT: {}
COMMAND: POST /session/3ad3ed370b5892314835873e8b06bae6/element - {"using":"xpath","value":"//span[@id=\"application-manageresources-display-component---newResourceUnit--btnAddTimeSegment-img\"]"}
RESULT: {"using":"xpath","value":"//span[@id=\"application-manageresources-display-component---newResourceUnit--btnAddTimeSegment-img\"]"}
COMMAND: POST /session/3ad3ed370b5892314835873e8b06bae6/execute/sync - {"script":"<script> [8489 bytes]","args":[{"element-6066-11e4-a52e-4f735466cecf":"f.66C564F48E23224A49CD761FFC4FB84D.d.05C9299A5E4C15F00A527B6F2F41E919.e.3024","ELEMENT":"f.66C564F48E23224A49CD761FFC4FB84D.d.05C9299A5E4C15F00A527B6F2F41E919.e.3024"}]}
RESULT: {"script":"<script> [8489 bytes]","args":[{"element-6066-11e4-a52e-4f735466cecf":"f.66C564F48E23224A49CD761FFC4FB84D.d.05C9299A5E4C15F00A527B6F2F41E919.e.3024","ELEMENT":"f.66C564F48E23224A49CD761FFC4FB84D.d.05C9299A5E4C15F00A527B6F2F41E919.e.3024"}]}
COMMAND: POST /session/3ad3ed370b5892314835873e8b06bae6/element/f.66C564F48E23224A49CD761FFC4FB84D.d.05C9299A5E4C15F00A527B6F2F41E919.e.3024/click - {}
COMMAND: GET /session/3ad3ed370b5892314835873e8b06bae6/screenshot - {}
RESULT: {}
COMMAND: GET /session/3ad3ed370b5892314835873e8b06bae6/screenshot - {}
COMMAND: POST /session/3ad3ed370b5892314835873e8b06bae6/element - {"using":"xpath","value":"//input[@id=\"application-manageresources-display-component---newResourceUnit--idRuTSAdmin-application-manageresources-display-component---newResourceUnit--RUTimeSegment-0-inner\"]"}
RESULT: {}
RESULT: {}
RESULT: {"using":"xpath","value":"//input[@id=\"application-manageresources-display-component---newResourceUnit--idRuTSAdmin-application-manageresources-display-component---newResourceUnit--RUTimeSegment-0-inner\"]"}
COMMAND: POST /session/3ad3ed370b5892314835873e8b06bae6/element/f.66C564F48E23224A49CD761FFC4FB84D.d.05C9299A5E4C15F00A527B6F2F41E919.e.3027/clear - {}
RESULT: {}
COMMAND: POST /session/3ad3ed370b5892314835873e8b06bae6/element/f.66C564F48E23224A49CD761FFC4FB84D.d.05C9299A5E4C15F00A527B6F2F41E919.e.3027/value - {"text":"WebdriverYard8gjj"}
COMMAND: GET /session/3ad3ed370b5892314835873e8b06bae6/screenshot - {}
RESULT: {"text":"WebdriverYard8gjj"}
COMMAND: GET /session/3ad3ed370b5892314835873e8b06bae6/screenshot - {}
RESULT: {}
RESULT: {}
COMMAND: POST /session/3ad3ed370b5892314835873e8b06bae6/actions - {"actions":[{"id":"action6","type":"key","parameters":{},"actions":[{"type":"keyDown","value":""},{"type":"pause","duration":10},{"type":"keyUp","value":""}]}]}
RESULT: {"actions":[{"id":"action6","type":"key","parameters":{},"actions":[{"type":"keyDown","value":""},{"type":"pause","duration":10},{"type":"keyUp","value":""}]}]}
COMMAND: GET /session/3ad3ed370b5892314835873e8b06bae6/screenshot - {}
RESULT: {}
COMMAND: POST /session/3ad3ed370b5892314835873e8b06bae6/execute/async - {"script":"<script> [1562 bytes]","args":[{"selector":{"controlType":"sap.m.Button","viewName":"reusables.view.manageresources.NewResourceUnit","viewId":"application-manageresources-display-component---newResourceUnit","i18NText":{"propertyName":"tooltip","key":"save"},"interaction":{"idSuffix":"BDI-content"}},"wdio_ui5_key":"reusablesview.manageresources.NewResourceUnitsap.m.Button{\"propertyName\":\"tooltip\",\"key\":\"save\"}"}]}
RESULT: {"script":"<script> [1562 bytes]","args":[{"selector":{"controlType":"sap.m.Button","viewName":"reusables.view.manageresources.NewResourceUnit","viewId":"application-manageresources-display-component---newResourceUnit","i18NText":{"propertyName":"tooltip","key":"save"},"interaction":{"idSuffix":"BDI-content"}},"wdio_ui5_key":"reusablesview.manageresources.NewResourceUnitsap.m.Button{\"propertyName\":\"tooltip\",\"key\":\"save\"}"}]}
RESULT: undefined
COMMAND: POST /session/3ad3ed370b5892314835873e8b06bae6/element - {"using":"xpath","value":"//*[@id=\"application-manageresources-display-component---newResourceUnit--createRuButton\"]"}
RESULT: {"using":"xpath","value":"//*[@id=\"application-manageresources-display-component---newResourceUnit--createRuButton\"]"}
COMMAND: POST /session/3ad3ed370b5892314835873e8b06bae6/element/f.66C564F48E23224A49CD761FFC4FB84D.d.05C9299A5E4C15F00A527B6F2F41E919.e.2887/click - {}
RESULT: {}
COMMAND: GET /session/3ad3ed370b5892314835873e8b06bae6/screenshot - {}
RESULT: {}
COMMAND: POST /session/3ad3ed370b5892314835873e8b06bae6/execute/async - {"script":"<script> [1562 bytes]","args":[{"selector":{"controlType":"sap.m.Title","properties":{"text":"Success"},"searchOpenDialogs":true},"wdio_ui5_key":"sapm.Title{\"text\":\"Success\"}"}]}
RESULT: {"script":"<script> [1562 bytes]","args":[{"selector":{"controlType":"sap.m.Title","properties":{"text":"Success"},"searchOpenDialogs":true},"wdio_ui5_key":"sapm.Title{\"text\":\"Success\"}"}]}
RESULT: undefined
COMMAND: POST /session/3ad3ed370b5892314835873e8b06bae6/execute/async - {"script":"<script> [6424 bytes]","args":[{"element-6066-11e4-a52e-4f735466cecf":"f.66C564F48E23224A49CD761FFC4FB84D.d.05C9299A5E4C15F00A527B6F2F41E919.e.3041"},"getText",[]]}
RESULT: {"script":"<script> [6424 bytes]","args":[{"element-6066-11e4-a52e-4f735466cecf":"f.66C564F48E23224A49CD761FFC4FB84D.d.05C9299A5E4C15F00A527B6F2F41E919.e.3041"},"getText",[]]}
COMMAND: POST /session/3ad3ed370b5892314835873e8b06bae6/element - {"using":"xpath","value":"//*[contains(@id, '__text') and (contains(text(), 'successfully created') or contains(., 'successfully created'))]"}
RESULT: {"using":"xpath","value":"//*[contains(@id, '__text') and (contains(text(), 'successfully created') or contains(., 'successfully created'))]"}
COMMAND: GET /session/3ad3ed370b5892314835873e8b06bae6/element/f.66C564F48E23224A49CD761FFC4FB84D.d.05C9299A5E4C15F00A527B6F2F41E919.e.3039/text - {}
RESULT: {}
COMMAND: POST /session/3ad3ed370b5892314835873e8b06bae6/execute/async - {"script":"<script> [1562 bytes]","args":[{"selector":{"controlType":"sap.m.Button","properties":{"text":"Close"},"searchOpenDialogs":true,"interaction":{"idSuffix":"BDI-content"}},"wdio_ui5_key":"sapm.Button{\"text\":\"Close\"}"}]}
RESULT: {"script":"<script> [1562 bytes]","args":[{"selector":{"controlType":"sap.m.Button","properties":{"text":"Close"},"searchOpenDialogs":true,"interaction":{"idSuffix":"BDI-content"}},"wdio_ui5_key":"sapm.Button{\"text\":\"Close\"}"}]}
RESULT: undefined
COMMAND: POST /session/3ad3ed370b5892314835873e8b06bae6/element - {"using":"xpath","value":"//*[@id=\"__mbox-btn-0\"]"}
RESULT: {"using":"xpath","value":"//*[@id=\"__mbox-btn-0\"]"}
COMMAND: POST /session/3ad3ed370b5892314835873e8b06bae6/element/f.66C564F48E23224A49CD761FFC4FB84D.d.05C9299A5E4C15F00A527B6F2F41E919.e.3038/click - {}
RESULT: {}
COMMAND: GET /session/3ad3ed370b5892314835873e8b06bae6/screenshot - {}
RESULT: {}
COMMAND: POST /session/3ad3ed370b5892314835873e8b06bae6/execute/async - {"script":"<script> [1562 bytes]","args":[{"selector":{"controlType":"sap.ui.core.Icon","viewName":"etm.portal.ui.manageresources.view.Detail","viewId":"application-manageresources-display-component---detailRU","properties":{"src":{"regex":{"source":"overflow"}}}},"wdio_ui5_key":"etmportal.ui.manageresources.view.Detailsap.ui.core.Icon{\"src\":{\"regex\":{\"source\":\"overflow\"}}}"}]}
RESULT: {"script":"<script> [1562 bytes]","args":[{"selector":{"controlType":"sap.ui.core.Icon","viewName":"etm.portal.ui.manageresources.view.Detail","viewId":"application-manageresources-display-component---detailRU","properties":{"src":{"regex":{"source":"overflow"}}}},"wdio_ui5_key":"etmportal.ui.manageresources.view.Detailsap.ui.core.Icon{\"src\":{\"regex\":{\"source\":\"overflow\"}}}"}]}
RESULT: undefined
COMMAND: POST /session/3ad3ed370b5892314835873e8b06bae6/element - {"using":"xpath","value":"//*[@id=\"__title36-_actionsToolbar-overflowButton-img\"]"}
RESULT: {"using":"xpath","value":"//*[@id=\"__title36-_actionsToolbar-overflowButton-img\"]"}
COMMAND: POST /session/3ad3ed370b5892314835873e8b06bae6/element/f.66C564F48E23224A49CD761FFC4FB84D.d.05C9299A5E4C15F00A527B6F2F41E919.e.3070/click - {}
RESULT: {}
COMMAND: POST /session/3ad3ed370b5892314835873e8b06bae6/execute/async - {"script":"<script> [1562 bytes]","args":[{"selector":{"controlType":"sap.m.Button","viewName":"etm.portal.ui.manageresources.view.Detail","viewId":"application-manageresources-display-component---detailRU","i18NText":{"propertyName":"tooltip","key":"closeColumn"},"searchOpenDialogs":true,"interaction":{"idSuffix":"inner"}},"wdio_ui5_key":"etmportal.ui.manageresources.view.Detailsap.m.Button{\"propertyName\":\"tooltip\",\"key\":\"closeColumn\"}"}]}
COMMAND: GET /session/3ad3ed370b5892314835873e8b06bae6/screenshot - {}
RESULT: {"script":"<script> [1562 bytes]","args":[{"selector":{"controlType":"sap.m.Button","viewName":"etm.portal.ui.manageresources.view.Detail","viewId":"application-manageresources-display-component---detailRU","i18NText":{"propertyName":"tooltip","key":"closeColumn"},"searchOpenDialogs":true,"interaction":{"idSuffix":"inner"}},"wdio_ui5_key":"etmportal.ui.manageresources.view.Detailsap.m.Button{\"propertyName\":\"tooltip\",\"key\":\"closeColumn\"}"}]}
RESULT: undefined
COMMAND: POST /session/3ad3ed370b5892314835873e8b06bae6/element - {"using":"xpath","value":"//*[@id=\"__button151\"]"}
RESULT: {}
RESULT: {"using":"xpath","value":"//*[@id=\"__button151\"]"}
COMMAND: POST /session/3ad3ed370b5892314835873e8b06bae6/element/f.66C564F48E23224A49CD761FFC4FB84D.d.05C9299A5E4C15F00A527B6F2F41E919.e.3072/click - {}
RESULT: {}
COMMAND: GET /session/3ad3ed370b5892314835873e8b06bae6/screenshot - {}
RESULT: {}
COMMAND: POST /session/3ad3ed370b5892314835873e8b06bae6/refresh - {}
RESULT: {}
COMMAND: GET /session/3ad3ed370b5892314835873e8b06bae6/screenshot - {}
RESULT: {}
COMMAND: POST /session/3ad3ed370b5892314835873e8b06bae6/execute/async - {"script":"<script> [189 bytes]","args":[]}
RESULT: {"script":"<script> [189 bytes]","args":[]}
COMMAND: POST /session/3ad3ed370b5892314835873e8b06bae6/execute/async - {"script":"<script> [123 bytes]","args":[]}
RESULT: {"script":"<script> [123 bytes]","args":[]}
COMMAND: POST /session/3ad3ed370b5892314835873e8b06bae6/timeouts - {"script":"<number>"}
RESULT: {"script":"<number>"}
COMMAND: GET /session/3ad3ed370b5892314835873e8b06bae6/timeouts - {}
RESULT: {}
RESULT: undefined
COMMAND: POST /session/3ad3ed370b5892314835873e8b06bae6/execute/async - {"script":"<script> [2676 bytes]","args":[]}
RESULT: {"script":"<script> [2676 bytes]","args":[]}
COMMAND: POST /session/3ad3ed370b5892314835873e8b06bae6/execute/async - {"script":"<script> [2342 bytes]","args":[{"protocol":"http","hostname":"0.0.0.0","path":"/","capabilities":{"browserName":"chrome","goog:chromeOptions":{"binary":"C:\\Program Files\\Google\\Chrome\\Application\\chrome.exe","args":["--start-maximized"]}},"logLevel":"warn","connectionRetryTimeout":120000,"connectionRetryCount":3,"logLevels":{},"enableDirectConnect":true,"strictSSL":true,"_":"65 more keys: [\"cacheDir\",\"port\",\"requestedCapabilities\",\"automationProtocol\",\"baseUrl\",\"waitforInterval\",\"waitforTimeout\",\"onReload\",\"beforeCommand\",\"afterCommand\",\"rootDir\",\"specs\",\"suites\",\"exclude\",\"groupLogsByTestSpec\",\"excludeDriverLogs\",\"bail\",\"framework\",\"reporters\",\"services\",\"maxInstances\",\"maxInstancesPerCapability\",\"injectGlobals\",\"filesToWatch\",\"execArgv\",\"runnerEnv\",\"runner\",\"shard\",\"specFileRetries\",\"specFileRetriesDelay\",\"specFileRetriesDeferred\",\"reporterSyncInterval\",\"reporterSyncTimeout\",\"cucumberFeaturesWithLineNumbers\",\"autoCompileOpts\",\"mochaOpts\",\"jasmineOpts\",\"cucumberOpts\",\"onPrepare\",\"onWorkerStart\",\"onWorkerEnd\",\"before\",\"beforeSession\",\"beforeSuite\",\"beforeHook\",\"beforeTest\",\"afterTest\",\"afterHook\",\"afterSuite\",\"afterSession\",\"after\",\"onComplete\",\"beforeAssertion\",\"afterAssertion\",\"beforeFeature\",\"beforeScenario\",\"beforeStep\",\"afterStep\",\"afterScenario\",\"afterFeature\",\"_\",\"suite\",\"$0\",\"ignoredWorkerServices\",\"wdi5\"]"}]}
RESULT: {"script":"<script> [2342 bytes]","args":[{"protocol":"http","hostname":"0.0.0.0","path":"/","capabilities":{"browserName":"chrome","goog:chromeOptions":{"binary":"C:\\Program Files\\Google\\Chrome\\Application\\chrome.exe","args":["--start-maximized"]}},"logLevel":"warn","connectionRetryTimeout":120000,"connectionRetryCount":3,"logLevels":{},"enableDirectConnect":true,"strictSSL":true,"_":"65 more keys: [\"cacheDir\",\"port\",\"requestedCapabilities\",\"automationProtocol\",\"baseUrl\",\"waitforInterval\",\"waitforTimeout\",\"onReload\",\"beforeCommand\",\"afterCommand\",\"rootDir\",\"specs\",\"suites\",\"exclude\",\"groupLogsByTestSpec\",\"excludeDriverLogs\",\"bail\",\"framework\",\"reporters\",\"services\",\"maxInstances\",\"maxInstancesPerCapability\",\"injectGlobals\",\"filesToWatch\",\"execArgv\",\"runnerEnv\",\"runner\",\"shard\",\"specFileRetries\",\"specFileRetriesDelay\",\"specFileRetriesDeferred\",\"reporterSyncInterval\",\"reporterSyncTimeout\",\"cucumberFeaturesWithLineNumbers\",\"autoCompileOpts\",\"mochaOpts\",\"jasmineOpts\",\"cucumberOpts\",\"onPrepare\",\"onWorkerStart\",\"onWorkerEnd\",\"before\",\"beforeSession\",\"beforeSuite\",\"beforeHook\",\"beforeTest\",\"afterTest\",\"afterHook\",\"afterSuite\",\"afterSession\",\"after\",\"onComplete\",\"beforeAssertion\",\"afterAssertion\",\"beforeFeature\",\"beforeScenario\",\"beforeStep\",\"afterStep\",\"afterScenario\",\"afterFeature\",\"_\",\"suite\",\"$0\",\"ignoredWorkerServices\",\"wdi5\"]"}]}
COMMAND: POST /session/3ad3ed370b5892314835873e8b06bae6/execute/async - {"script":"<script> [21126 bytes]","args":[35000]}
RESULT: {"script":"<script> [21126 bytes]","args":[35000]}
COMMAND: POST /session/3ad3ed370b5892314835873e8b06bae6/element - {"using":"css selector","value":"#shell-header-logo"}
RESULT: {"using":"css selector","value":"#shell-header-logo"}
COMMAND: POST /session/3ad3ed370b5892314835873e8b06bae6/element/f.66C564F48E23224A49CD761FFC4FB84D.d.6C252D2D27A5C72ADADD70D131CA2D31.e.3167/click - {}
RESULT: {}
COMMAND: GET /session/3ad3ed370b5892314835873e8b06bae6/screenshot - {}
RESULT: {}
COMMAND: POST /session/3ad3ed370b5892314835873e8b06bae6/execute/async - {"script":"<script> [1562 bytes]","args":[{"selector":{"controlType":"sap.m.GenericTile","properties":{"header":"Manage Resources"}},"wdio_ui5_key":"sapm.GenericTile{\"header\":\"Manage Resources\"}"}]}
RESULT: {"script":"<script> [1562 bytes]","args":[{"selector":{"controlType":"sap.m.GenericTile","properties":{"header":"Manage Resources"}},"wdio_ui5_key":"sapm.GenericTile{\"header\":\"Manage Resources\"}"}]}
RESULT: undefined
COMMAND: POST /session/3ad3ed370b5892314835873e8b06bae6/element - {"using":"xpath","value":"//*[@id=\"__tile39\"]"}
RESULT: {"using":"xpath","value":"//*[@id=\"__tile39\"]"}
COMMAND: POST /session/3ad3ed370b5892314835873e8b06bae6/element/f.66C564F48E23224A49CD761FFC4FB84D.d.6C252D2D27A5C72ADADD70D131CA2D31.e.3351/click - {}
RESULT: {}
COMMAND: GET /session/3ad3ed370b5892314835873e8b06bae6/screenshot - {}
RESULT: {}
COMMAND: POST /session/3ad3ed370b5892314835873e8b06bae6/elements - {"using":"xpath","value":"//span[text()='Error']"}
RESULT: {"using":"xpath","value":"//span[text()='Error']"}
COMMAND: POST /session/3ad3ed370b5892314835873e8b06bae6/element - {"using":"xpath","value":"//button[@data-kt=\"addNewRUOverflowToolbarButton\"]"}
RESULT: {"using":"xpath","value":"//button[@data-kt=\"addNewRUOverflowToolbarButton\"]"}
COMMAND: POST /session/3ad3ed370b5892314835873e8b06bae6/execute/sync - {"script":"<script> [8489 bytes]","args":[{"element-6066-11e4-a52e-4f735466cecf":"f.66C564F48E23224A49CD761FFC4FB84D.d.6C252D2D27A5C72ADADD70D131CA2D31.e.3391","ELEMENT":"f.66C564F48E23224A49CD761FFC4FB84D.d.6C252D2D27A5C72ADADD70D131CA2D31.e.3391"}]}
RESULT: {"script":"<script> [8489 bytes]","args":[{"element-6066-11e4-a52e-4f735466cecf":"f.66C564F48E23224A49CD761FFC4FB84D.d.6C252D2D27A5C72ADADD70D131CA2D31.e.3391","ELEMENT":"f.66C564F48E23224A49CD761FFC4FB84D.d.6C252D2D27A5C72ADADD70D131CA2D31.e.3391"}]}
COMMAND: POST /session/3ad3ed370b5892314835873e8b06bae6/element/f.66C564F48E23224A49CD761FFC4FB84D.d.6C252D2D27A5C72ADADD70D131CA2D31.e.3391/click - {}
COMMAND: GET /session/3ad3ed370b5892314835873e8b06bae6/screenshot - {}
RESULT: {}
COMMAND: GET /session/3ad3ed370b5892314835873e8b06bae6/screenshot - {}
COMMAND: POST /session/3ad3ed370b5892314835873e8b06bae6/execute/async - {"script":"<script> [1562 bytes]","args":[{"selector":{"id":"application-manageresources-display-component---newResourceUnit--TYPE-arrow"},"wdio_ui5_key":"applicationmanageresources-display-component---newResourceUnit--TYPE-arrow"}]}
RESULT: {}
RESULT: {}
RESULT: {"script":"<script> [1562 bytes]","args":[{"selector":{"id":"application-manageresources-display-component---newResourceUnit--TYPE-arrow"},"wdio_ui5_key":"applicationmanageresources-display-component---newResourceUnit--TYPE-arrow"}]}
RESULT: undefined
COMMAND: POST /session/3ad3ed370b5892314835873e8b06bae6/element - {"using":"xpath","value":"//*[@id=\"application-manageresources-display-component---newResourceUnit--TYPE-arrow\"]"}
RESULT: {"using":"xpath","value":"//*[@id=\"application-manageresources-display-component---newResourceUnit--TYPE-arrow\"]"}
COMMAND: POST /session/3ad3ed370b5892314835873e8b06bae6/element/f.66C564F48E23224A49CD761FFC4FB84D.d.6C252D2D27A5C72ADADD70D131CA2D31.e.3707/click - {}
RESULT: {}
COMMAND: POST /session/3ad3ed370b5892314835873e8b06bae6/execute/async - {"script":"<script> [1562 bytes]","args":[{"selector":{"controlType":"sap.m.StandardListItem","viewName":"reusables.view.manageresources.NewResourceUnit","viewId":"application-manageresources-display-component---newResourceUnit","properties":{"title":"Equipment"},"searchOpenDialogs":true,"interaction":{"idSuffix":"content"}},"wdio_ui5_key":"reusablesview.manageresources.NewResourceUnitsap.m.StandardListItem{\"title\":\"Equipment\"}"}]}
COMMAND: GET /session/3ad3ed370b5892314835873e8b06bae6/screenshot - {}
RESULT: {"script":"<script> [1562 bytes]","args":[{"selector":{"controlType":"sap.m.StandardListItem","viewName":"reusables.view.manageresources.NewResourceUnit","viewId":"application-manageresources-display-component---newResourceUnit","properties":{"title":"Equipment"},"searchOpenDialogs":true,"interaction":{"idSuffix":"content"}},"wdio_ui5_key":"reusablesview.manageresources.NewResourceUnitsap.m.StandardListItem{\"title\":\"Equipment\"}"}]}
RESULT: undefined
COMMAND: POST /session/3ad3ed370b5892314835873e8b06bae6/element - {"using":"xpath","value":"//*[@id=\"__item185\"]"}
RESULT: {}
RESULT: {"using":"xpath","value":"//*[@id=\"__item185\"]"}
COMMAND: POST /session/3ad3ed370b5892314835873e8b06bae6/element/f.66C564F48E23224A49CD761FFC4FB84D.d.6C252D2D27A5C72ADADD70D131CA2D31.e.3710/click - {}
RESULT: {}
COMMAND: POST /session/3ad3ed370b5892314835873e8b06bae6/execute/async - {"script":"<script> [1562 bytes]","args":[{"selector":{"id":"application-manageresources-display-component---newResourceUnit--resourceId","interaction":{"idSuffix":"inner"}},"wdio_ui5_key":"applicationmanageresources-display-component---newResourceUnit--resourceId"}]}
COMMAND: GET /session/3ad3ed370b5892314835873e8b06bae6/screenshot - {}
RESULT: {"script":"<script> [1562 bytes]","args":[{"selector":{"id":"application-manageresources-display-component---newResourceUnit--resourceId","interaction":{"idSuffix":"inner"}},"wdio_ui5_key":"applicationmanageresources-display-component---newResourceUnit--resourceId"}]}
RESULT: undefined
COMMAND: POST /session/3ad3ed370b5892314835873e8b06bae6/execute/async - {"script":"<script> [776 bytes]","args":[{"enterText":"WdIOTestEquipprc7p","selector":{"id":"application-manageresources-display-component---newResourceUnit--resourceId","interaction":{"idSuffix":"inner"}},"clearTextFirst":true,"interactionType":"ENTER_TEXT"}]}
RESULT: {}
RESULT: {"script":"<script> [776 bytes]","args":[{"enterText":"WdIOTestEquipprc7p","selector":{"id":"application-manageresources-display-component---newResourceUnit--resourceId","interaction":{"idSuffix":"inner"}},"clearTextFirst":true,"interactionType":"ENTER_TEXT"}]}
COMMAND: POST /session/3ad3ed370b5892314835873e8b06bae6/execute/async - {"script":"<script> [1562 bytes]","args":[{"selector":{"id":"application-manageresources-display-component---newResourceUnit--SHORT_TEXT","interaction":{"idSuffix":"inner"}},"wdio_ui5_key":"applicationmanageresources-display-component---newResourceUnit--SHORT_TEXT"}]}
RESULT: {"script":"<script> [1562 bytes]","args":[{"selector":{"id":"application-manageresources-display-component---newResourceUnit--SHORT_TEXT","interaction":{"idSuffix":"inner"}},"wdio_ui5_key":"applicationmanageresources-display-component---newResourceUnit--SHORT_TEXT"}]}
RESULT: undefined
COMMAND: POST /session/3ad3ed370b5892314835873e8b06bae6/execute/async - {"script":"<script> [776 bytes]","args":[{"enterText":"WdIOTestEquipprc7p","selector":{"id":"application-manageresources-display-component---newResourceUnit--SHORT_TEXT","interaction":{"idSuffix":"inner"}},"clearTextFirst":true,"interactionType":"ENTER_TEXT"}]}
RESULT: {"script":"<script> [776 bytes]","args":[{"enterText":"WdIOTestEquipprc7p","selector":{"id":"application-manageresources-display-component---newResourceUnit--SHORT_TEXT","interaction":{"idSuffix":"inner"}},"clearTextFirst":true,"interactionType":"ENTER_TEXT"}]}
COMMAND: POST /session/3ad3ed370b5892314835873e8b06bae6/execute/async - {"script":"<script> [1562 bytes]","args":[{"selector":{"id":"application-manageresources-display-component---newResourceUnit--BASE_UNIT_OF_MEASURE","interaction":{"idSuffix":"inner"}},"wdio_ui5_key":"applicationmanageresources-display-component---newResourceUnit--BASE_UNIT_OF_MEASURE"}]}
RESULT: {"script":"<script> [1562 bytes]","args":[{"selector":{"id":"application-manageresources-display-component---newResourceUnit--BASE_UNIT_OF_MEASURE","interaction":{"idSuffix":"inner"}},"wdio_ui5_key":"applicationmanageresources-display-component---newResourceUnit--BASE_UNIT_OF_MEASURE"}]}
RESULT: undefined
COMMAND: POST /session/3ad3ed370b5892314835873e8b06bae6/execute/async - {"script":"<script> [776 bytes]","args":[{"enterText":"Piece","selector":{"id":"application-manageresources-display-component---newResourceUnit--BASE_UNIT_OF_MEASURE","interaction":{"idSuffix":"inner"}},"clearTextFirst":true,"interactionType":"ENTER_TEXT"}]}
RESULT: {"script":"<script> [776 bytes]","args":[{"enterText":"Piece","selector":{"id":"application-manageresources-display-component---newResourceUnit--BASE_UNIT_OF_MEASURE","interaction":{"idSuffix":"inner"}},"clearTextFirst":true,"interactionType":"ENTER_TEXT"}]}
COMMAND: POST /session/3ad3ed370b5892314835873e8b06bae6/execute/async - {"script":"<script> [1562 bytes]","args":[{"selector":{"id":"application-manageresources-display-component---newResourceUnit--WEIGHT_UNIT","interaction":{"idSuffix":"inner"}},"wdio_ui5_key":"applicationmanageresources-display-component---newResourceUnit--WEIGHT_UNIT"}]}
RESULT: {"script":"<script> [1562 bytes]","args":[{"selector":{"id":"application-manageresources-display-component---newResourceUnit--WEIGHT_UNIT","interaction":{"idSuffix":"inner"}},"wdio_ui5_key":"applicationmanageresources-display-component---newResourceUnit--WEIGHT_UNIT"}]}
RESULT: undefined
COMMAND: POST /session/3ad3ed370b5892314835873e8b06bae6/execute/async - {"script":"<script> [776 bytes]","args":[{"enterText":"Gram","selector":{"id":"application-manageresources-display-component---newResourceUnit--WEIGHT_UNIT","interaction":{"idSuffix":"inner"}},"clearTextFirst":true,"interactionType":"ENTER_TEXT"}]}
RESULT: {"script":"<script> [776 bytes]","args":[{"enterText":"Gram","selector":{"id":"application-manageresources-display-component---newResourceUnit--WEIGHT_UNIT","interaction":{"idSuffix":"inner"}},"clearTextFirst":true,"interactionType":"ENTER_TEXT"}]}
COMMAND: POST /session/3ad3ed370b5892314835873e8b06bae6/execute/async - {"script":"<script> [1562 bytes]","args":[{"selector":{"id":"application-manageresources-display-component---newResourceUnit--newRRUPage-OPHeaderContent-collapseBtn-img"},"wdio_ui5_key":"applicationmanageresources-display-component---newResourceUnit--newRRUPage-OPHeaderContent-collapseBtn-img"}]}
RESULT: {"script":"<script> [1562 bytes]","args":[{"selector":{"id":"application-manageresources-display-component---newResourceUnit--newRRUPage-OPHeaderContent-collapseBtn-img"},"wdio_ui5_key":"applicationmanageresources-display-component---newResourceUnit--newRRUPage-OPHeaderContent-collapseBtn-img"}]}
RESULT: undefined
COMMAND: POST /session/3ad3ed370b5892314835873e8b06bae6/element - {"using":"xpath","value":"//*[@id=\"application-manageresources-display-component---newResourceUnit--newRRUPage-OPHeaderContent-collapseBtn-img\"]"}
RESULT: {"using":"xpath","value":"//*[@id=\"application-manageresources-display-component---newResourceUnit--newRRUPage-OPHeaderContent-collapseBtn-img\"]"}
COMMAND: POST /session/3ad3ed370b5892314835873e8b06bae6/element/f.66C564F48E23224A49CD761FFC4FB84D.d.6C252D2D27A5C72ADADD70D131CA2D31.e.3718/click - {}
RESULT: {}
COMMAND: GET /session/3ad3ed370b5892314835873e8b06bae6/screenshot - {}
RESULT: {}
COMMAND: POST /session/3ad3ed370b5892314835873e8b06bae6/element - {"using":"xpath","value":"(//span[contains(@id ,\"application-manageresources-display-component---newResourceUnit--DIMENSION_UNIT-arrow\")])[1]"}
RESULT: {"using":"xpath","value":"(//span[contains(@id ,\"application-manageresources-display-component---newResourceUnit--DIMENSION_UNIT-arrow\")])[1]"}
COMMAND: POST /session/3ad3ed370b5892314835873e8b06bae6/element/f.66C564F48E23224A49CD761FFC4FB84D.d.6C252D2D27A5C72ADADD70D131CA2D31.e.3868/click - {}
RESULT: {}
COMMAND: GET /session/3ad3ed370b5892314835873e8b06bae6/screenshot - {}
RESULT: {}
COMMAND: POST /session/3ad3ed370b5892314835873e8b06bae6/execute/async - {"script":"<script> [1562 bytes]","args":[{"selector":{"controlType":"sap.m.StandardListItem","viewName":"reusables.view.manageresources.NewResourceUnit","viewId":"application-manageresources-display-component---newResourceUnit","properties":{"title":"Centimeter"},"searchOpenDialogs":true,"interaction":{"idSuffix":"titleText"}},"wdio_ui5_key":"reusablesview.manageresources.NewResourceUnitsap.m.StandardListItem{\"title\":\"Centimeter\"}"}]}
RESULT: {"script":"<script> [1562 bytes]","args":[{"selector":{"controlType":"sap.m.StandardListItem","viewName":"reusables.view.manageresources.NewResourceUnit","viewId":"application-manageresources-display-component---newResourceUnit","properties":{"title":"Centimeter"},"searchOpenDialogs":true,"interaction":{"idSuffix":"titleText"}},"wdio_ui5_key":"reusablesview.manageresources.NewResourceUnitsap.m.StandardListItem{\"title\":\"Centimeter\"}"}]}
RESULT: undefined
COMMAND: POST /session/3ad3ed370b5892314835873e8b06bae6/element - {"using":"xpath","value":"//*[@id=\"__item245\"]"}
RESULT: {"using":"xpath","value":"//*[@id=\"__item245\"]"}
COMMAND: POST /session/3ad3ed370b5892314835873e8b06bae6/element/f.66C564F48E23224A49CD761FFC4FB84D.d.6C252D2D27A5C72ADADD70D131CA2D31.e.3870/click - {}
RESULT: {}
COMMAND: GET /session/3ad3ed370b5892314835873e8b06bae6/screenshot - {}
RESULT: {}
COMMAND: POST /session/3ad3ed370b5892314835873e8b06bae6/execute/async - {"script":"<script> [1562 bytes]","args":[{"selector":{"id":"application-manageresources-display-component---newResourceUnit--newRRUPage-anchBar-application-manageresources-display-component---newResourceUnit--control-anchor","interaction":{"idSuffix":"BDI-content"}},"wdio_ui5_key":"applicationmanageresources-display-component---newResourceUnit--newRRUPage-anchBar-application-manageresources-display-component---newResourceUnit--control-anchor"}]}
RESULT: {"script":"<script> [1562 bytes]","args":[{"selector":{"id":"application-manageresources-display-component---newResourceUnit--newRRUPage-anchBar-application-manageresources-display-component---newResourceUnit--control-anchor","interaction":{"idSuffix":"BDI-content"}},"wdio_ui5_key":"applicationmanageresources-display-component---newResourceUnit--newRRUPage-anchBar-application-manageresources-display-component---newResourceUnit--control-anchor"}]}
RESULT: undefined
COMMAND: POST /session/3ad3ed370b5892314835873e8b06bae6/element - {"using":"xpath","value":"//*[@id=\"application-manageresources-display-component---newResourceUnit--newRRUPage-anchBar-application-manageresources-display-component---newResourceUnit--control-anchor\"]"}
RESULT: {"using":"xpath","value":"//*[@id=\"application-manageresources-display-component---newResourceUnit--newRRUPage-anchBar-application-manageresources-display-component---newResourceUnit--control-anchor\"]"}
COMMAND: POST /session/3ad3ed370b5892314835873e8b06bae6/element/f.66C564F48E23224A49CD761FFC4FB84D.d.6C252D2D27A5C72ADADD70D131CA2D31.e.3872/click - {}
RESULT: {}
COMMAND: POST /session/3ad3ed370b5892314835873e8b06bae6/execute/async - {"script":"<script> [1562 bytes]","args":[{"selector":{"id":"application-manageresources-display-component---newResourceUnit--PLANNING_GROUP","interaction":{"idSuffix":"inner"}},"wdio_ui5_key":"applicationmanageresources-display-component---newResourceUnit--PLANNING_GROUP"}]}
COMMAND: GET /session/3ad3ed370b5892314835873e8b06bae6/screenshot - {}
RESULT: {"script":"<script> [1562 bytes]","args":[{"selector":{"id":"application-manageresources-display-component---newResourceUnit--PLANNING_GROUP","interaction":{"idSuffix":"inner"}},"wdio_ui5_key":"applicationmanageresources-display-component---newResourceUnit--PLANNING_GROUP"}]}
RESULT: undefined
COMMAND: POST /session/3ad3ed370b5892314835873e8b06bae6/execute/async - {"script":"<script> [776 bytes]","args":[{"enterText":"Heavy Equi","selector":{"id":"application-manageresources-display-component---newResourceUnit--PLANNING_GROUP","interaction":{"idSuffix":"inner"}},"clearTextFirst":true,"interactionType":"ENTER_TEXT"}]}
RESULT: {}
RESULT: {"script":"<script> [776 bytes]","args":[{"enterText":"Heavy Equi","selector":{"id":"application-manageresources-display-component---newResourceUnit--PLANNING_GROUP","interaction":{"idSuffix":"inner"}},"clearTextFirst":true,"interactionType":"ENTER_TEXT"}]}
COMMAND: POST /session/3ad3ed370b5892314835873e8b06bae6/execute/async - {"script":"<script> [1562 bytes]","args":[{"selector":{"id":"application-manageresources-display-component---newResourceUnit--ITEM_TYPE-arrow"},"wdio_ui5_key":"applicationmanageresources-display-component---newResourceUnit--ITEM_TYPE-arrow"}]}
RESULT: {"script":"<script> [1562 bytes]","args":[{"selector":{"id":"application-manageresources-display-component---newResourceUnit--ITEM_TYPE-arrow"},"wdio_ui5_key":"applicationmanageresources-display-component---newResourceUnit--ITEM_TYPE-arrow"}]}
RESULT: undefined
COMMAND: POST /session/3ad3ed370b5892314835873e8b06bae6/element - {"using":"xpath","value":"//*[@id=\"application-manageresources-display-component---newResourceUnit--ITEM_TYPE-arrow\"]"}
RESULT: {"using":"xpath","value":"//*[@id=\"application-manageresources-display-component---newResourceUnit--ITEM_TYPE-arrow\"]"}
COMMAND: POST /session/3ad3ed370b5892314835873e8b06bae6/element/f.66C564F48E23224A49CD761FFC4FB84D.d.6C252D2D27A5C72ADADD70D131CA2D31.e.3879/click - {}
RESULT: {}
COMMAND: POST /session/3ad3ed370b5892314835873e8b06bae6/execute/async - {"script":"<script> [1562 bytes]","args":[{"selector":{"controlType":"sap.m.StandardListItem","viewName":"reusables.view.manageresources.NewResourceUnit","viewId":"application-manageresources-display-component---newResourceUnit","properties":{"title":"Resource Unit"},"searchOpenDialogs":true,"interaction":{"idSuffix":"titleText"}},"wdio_ui5_key":"reusablesview.manageresources.NewResourceUnitsap.m.StandardListItem{\"title\":\"Resource Unit\"}"}]}
COMMAND: GET /session/3ad3ed370b5892314835873e8b06bae6/screenshot - {}
RESULT: {"script":"<script> [1562 bytes]","args":[{"selector":{"controlType":"sap.m.StandardListItem","viewName":"reusables.view.manageresources.NewResourceUnit","viewId":"application-manageresources-display-component---newResourceUnit","properties":{"title":"Resource Unit"},"searchOpenDialogs":true,"interaction":{"idSuffix":"titleText"}},"wdio_ui5_key":"reusablesview.manageresources.NewResourceUnitsap.m.StandardListItem{\"title\":\"Resource Unit\"}"}]}
RESULT: undefined
COMMAND: POST /session/3ad3ed370b5892314835873e8b06bae6/element - {"using":"xpath","value":"//*[@id=\"__item267\"]"}
RESULT: {}
RESULT: {"using":"xpath","value":"//*[@id=\"__item267\"]"}
COMMAND: POST /session/3ad3ed370b5892314835873e8b06bae6/element/f.66C564F48E23224A49CD761FFC4FB84D.d.6C252D2D27A5C72ADADD70D131CA2D31.e.3881/click - {}
RESULT: {}
COMMAND: POST /session/3ad3ed370b5892314835873e8b06bae6/element - {"using":"xpath","value":"//bdi[contains(text(), \"Time Segment\")]"}
COMMAND: GET /session/3ad3ed370b5892314835873e8b06bae6/screenshot - {}
RESULT: {"using":"xpath","value":"//bdi[contains(text(), \"Time Segment\")]"}
COMMAND: GET /session/3ad3ed370b5892314835873e8b06bae6/element/f.66C564F48E23224A49CD761FFC4FB84D.d.6C252D2D27A5C72ADADD70D131CA2D31.e.3888/rect - {}
RESULT: {}
RESULT: {}
COMMAND: GET /session/3ad3ed370b5892314835873e8b06bae6/window/rect - {}
RESULT: {}
COMMAND: POST /session/3ad3ed370b5892314835873e8b06bae6/execute/sync - {"script":"<script> [92 bytes]","args":[]}
RESULT: {"script":"<script> [92 bytes]","args":[]}
COMMAND: POST /session/3ad3ed370b5892314835873e8b06bae6/actions - {"actions":[{"id":"action7","type":"wheel","parameters":{},"actions":[{"type":"scroll","x":-1820,"y":-21,"deltaX":0,"deltaY":0,"duration":0,"origin":{"element-6066-11e4-a52e-4f735466cecf":"f.66C564F48E23224A49CD761FFC4FB84D.d.6C252D2D27A5C72ADADD70D131CA2D31.e.3888"}}]}]}
COMMAND: GET /session/3ad3ed370b5892314835873e8b06bae6/screenshot - {}
RESULT: {}
COMMAND: POST /session/3ad3ed370b5892314835873e8b06bae6/execute/sync - {"script":"<script> [79 bytes]","args":[{"element-6066-11e4-a52e-4f735466cecf":"f.66C564F48E23224A49CD761FFC4FB84D.d.6C252D2D27A5C72ADADD70D131CA2D31.e.3888","ELEMENT":"f.66C564F48E23224A49CD761FFC4FB84D.d.6C252D2D27A5C72ADADD70D131CA2D31.e.3888"},{"block":"start","inline":"nearest"}]}
RESULT: {"script":"<script> [79 bytes]","args":[{"element-6066-11e4-a52e-4f735466cecf":"f.66C564F48E23224A49CD761FFC4FB84D.d.6C252D2D27A5C72ADADD70D131CA2D31.e.3888","ELEMENT":"f.66C564F48E23224A49CD761FFC4FB84D.d.6C252D2D27A5C72ADADD70D131CA2D31.e.3888"},{"block":"start","inline":"nearest"}]}
COMMAND: POST /session/3ad3ed370b5892314835873e8b06bae6/execute/async - {"script":"<script> [1562 bytes]","args":[{"selector":{"id":"application-manageresources-display-component---newResourceUnit--btnAddTimeSegment-img"},"wdio_ui5_key":"applicationmanageresources-display-component---newResourceUnit--btnAddTimeSegment-img"}]}
COMMAND: GET /session/3ad3ed370b5892314835873e8b06bae6/screenshot - {}
RESULT: {"script":"<script> [1562 bytes]","args":[{"selector":{"id":"application-manageresources-display-component---newResourceUnit--btnAddTimeSegment-img"},"wdio_ui5_key":"applicationmanageresources-display-component---newResourceUnit--btnAddTimeSegment-img"}]}
RESULT: undefined
COMMAND: POST /session/3ad3ed370b5892314835873e8b06bae6/element - {"using":"xpath","value":"//*[@id=\"application-manageresources-display-component---newResourceUnit--btnAddTimeSegment-img\"]"}
RESULT: {}
RESULT: {"using":"xpath","value":"//*[@id=\"application-manageresources-display-component---newResourceUnit--btnAddTimeSegment-img\"]"}
COMMAND: POST /session/3ad3ed370b5892314835873e8b06bae6/element/f.66C564F48E23224A49CD761FFC4FB84D.d.6C252D2D27A5C72ADADD70D131CA2D31.e.3891/click - {}
RESULT: {}
COMMAND: GET /session/3ad3ed370b5892314835873e8b06bae6/screenshot - {}
COMMAND: POST /session/3ad3ed370b5892314835873e8b06bae6/element - {"using":"xpath","value":"//input[@id=\"application-manageresources-display-component---newResourceUnit--idRuTSAdmin-application-manageresources-display-component---newResourceUnit--RUTimeSegment-0-inner\"]"}
RESULT: {}
RESULT: {"using":"xpath","value":"//input[@id=\"application-manageresources-display-component---newResourceUnit--idRuTSAdmin-application-manageresources-display-component---newResourceUnit--RUTimeSegment-0-inner\"]"}
COMMAND: POST /session/3ad3ed370b5892314835873e8b06bae6/element/f.66C564F48E23224A49CD761FFC4FB84D.d.6C252D2D27A5C72ADADD70D131CA2D31.e.3895/clear - {}
RESULT: {}
COMMAND: POST /session/3ad3ed370b5892314835873e8b06bae6/element/f.66C564F48E23224A49CD761FFC4FB84D.d.6C252D2D27A5C72ADADD70D131CA2D31.e.3895/value - {"text":"WebdriverYard8gjj"}
COMMAND: GET /session/3ad3ed370b5892314835873e8b06bae6/screenshot - {}
RESULT: {"text":"WebdriverYard8gjj"}
COMMAND: GET /session/3ad3ed370b5892314835873e8b06bae6/screenshot - {}
RESULT: {}
RESULT: {}
COMMAND: POST /session/3ad3ed370b5892314835873e8b06bae6/actions - {"actions":[{"id":"action8","type":"key","parameters":{},"actions":[{"type":"keyDown","value":""},{"type":"pause","duration":10},{"type":"keyUp","value":""}]}]}
RESULT: {"actions":[{"id":"action8","type":"key","parameters":{},"actions":[{"type":"keyDown","value":""},{"type":"pause","duration":10},{"type":"keyUp","value":""}]}]}
COMMAND: POST /session/3ad3ed370b5892314835873e8b06bae6/execute/async - {"script":"<script> [1562 bytes]","args":[{"selector":{"controlType":"sap.ui.core.Icon","viewName":"reusables.view.manageresources.NewResourceUnit","viewId":"application-manageresources-display-component---newResourceUnit","properties":{"src":{"regex":{"source":"slim\\-arrow\\-down"}}},"ancestor":{"controlType":"sap.m.ComboBox","viewName":"reusables.view.manageresources.NewResourceUnit","viewId":"application-manageresources-display-component---newResourceUnit","bindingPath":{"path":"/RESOURCE_UNIT_TIME_SEQUENCES/0","propertyPath":"COST_OBJECT_ADMIN_CST_TYPE","modelName":"oNewRruModel"}}},"wdio_ui5_key":"reusablesview.manageresources.NewResourceUnitsap.ui.core.Icon{\"src\":{\"regex\":{\"source\":\"slim\\\\-arrow\\\\-down\"}}}{\"controlType\":\"sap.m.ComboBox\",\"viewName\":\"reusables.view.manageresources.NewResourceUnit\",\"viewId\":\"application-manageresources-display-component---newResourceUnit\",\"bindingPath\":{\"path\":\"/RESOURCE_UNIT_TIME_SEQUENCES/0\",\"propertyPath\":\"COST_OBJECT_ADMIN_CST_TYPE\",\"modelName\":\"oNewRruModel\"}}"}]}
COMMAND: GET /session/3ad3ed370b5892314835873e8b06bae6/screenshot - {}
RESULT: {"script":"<script> [1562 bytes]","args":[{"selector":{"controlType":"sap.ui.core.Icon","viewName":"reusables.view.manageresources.NewResourceUnit","viewId":"application-manageresources-display-component---newResourceUnit","properties":{"src":{"regex":{"source":"slim\\-arrow\\-down"}}},"ancestor":{"controlType":"sap.m.ComboBox","viewName":"reusables.view.manageresources.NewResourceUnit","viewId":"application-manageresources-display-component---newResourceUnit","bindingPath":{"path":"/RESOURCE_UNIT_TIME_SEQUENCES/0","propertyPath":"COST_OBJECT_ADMIN_CST_TYPE","modelName":"oNewRruModel"}}},"wdio_ui5_key":"reusablesview.manageresources.NewResourceUnitsap.ui.core.Icon{\"src\":{\"regex\":{\"source\":\"slim\\\\-arrow\\\\-down\"}}}{\"controlType\":\"sap.m.ComboBox\",\"viewName\":\"reusables.view.manageresources.NewResourceUnit\",\"viewId\":\"application-manageresources-display-component---newResourceUnit\",\"bindingPath\":{\"path\":\"/RESOURCE_UNIT_TIME_SEQUENCES/0\",\"propertyPath\":\"COST_OBJECT_ADMIN_CST_TYPE\",\"modelName\":\"oNewRruModel\"}}"}]}
RESULT: undefined
COMMAND: POST /session/3ad3ed370b5892314835873e8b06bae6/element - {"using":"xpath","value":"//*[@id=\"__box7-application-manageresources-display-component---newResourceUnit--RUTimeSegment-0-arrow\"]"}
RESULT: {}
RESULT: {"using":"xpath","value":"//*[@id=\"__box7-application-manageresources-display-component---newResourceUnit--RUTimeSegment-0-arrow\"]"}
COMMAND: POST /session/3ad3ed370b5892314835873e8b06bae6/element/f.66C564F48E23224A49CD761FFC4FB84D.d.6C252D2D27A5C72ADADD70D131CA2D31.e.3907/click - {}
RESULT: {}
COMMAND: POST /session/3ad3ed370b5892314835873e8b06bae6/execute/async - {"script":"<script> [1562 bytes]","args":[{"selector":{"controlType":"sap.m.StandardListItem","viewName":"reusables.view.manageresources.NewResourceUnit","viewId":"application-manageresources-display-component---newResourceUnit","properties":{"title":"PM Order"},"searchOpenDialogs":true,"interaction":{"idSuffix":"titleText"}},"wdio_ui5_key":"reusablesview.manageresources.NewResourceUnitsap.m.StandardListItem{\"title\":\"PM Order\"}"}]}
COMMAND: GET /session/3ad3ed370b5892314835873e8b06bae6/screenshot - {}
RESULT: {"script":"<script> [1562 bytes]","args":[{"selector":{"controlType":"sap.m.StandardListItem","viewName":"reusables.view.manageresources.NewResourceUnit","viewId":"application-manageresources-display-component---newResourceUnit","properties":{"title":"PM Order"},"searchOpenDialogs":true,"interaction":{"idSuffix":"titleText"}},"wdio_ui5_key":"reusablesview.manageresources.NewResourceUnitsap.m.StandardListItem{\"title\":\"PM Order\"}"}]}
RESULT: undefined
COMMAND: POST /session/3ad3ed370b5892314835873e8b06bae6/element - {"using":"xpath","value":"//*[@id=\"__item692\"]"}
RESULT: {}
RESULT: {"using":"xpath","value":"//*[@id=\"__item692\"]"}
COMMAND: POST /session/3ad3ed370b5892314835873e8b06bae6/element/f.66C564F48E23224A49CD761FFC4FB84D.d.6C252D2D27A5C72ADADD70D131CA2D31.e.3911/click - {}
RESULT: {}
COMMAND: GET /session/3ad3ed370b5892314835873e8b06bae6/screenshot - {}
RESULT: {}
COMMAND: POST /session/3ad3ed370b5892314835873e8b06bae6/element - {"using":"xpath","value":"(//input[contains(@id ,\"-application-manageresources-display-component---newResourceUnit--RUTimeSegment-0-inner\")])[8]"}
RESULT: {"using":"xpath","value":"(//input[contains(@id ,\"-application-manageresources-display-component---newResourceUnit--RUTimeSegment-0-inner\")])[8]"}
COMMAND: POST /session/3ad3ed370b5892314835873e8b06bae6/element/f.66C564F48E23224A49CD761FFC4FB84D.d.6C252D2D27A5C72ADADD70D131CA2D31.e.3914/clear - {}
RESULT: {}
COMMAND: POST /session/3ad3ed370b5892314835873e8b06bae6/element/f.66C564F48E23224A49CD761FFC4FB84D.d.6C252D2D27A5C72ADADD70D131CA2D31.e.3914/value - {"text":"4000360"}
COMMAND: GET /session/3ad3ed370b5892314835873e8b06bae6/screenshot - {}
RESULT: {"text":"4000360"}
COMMAND: GET /session/3ad3ed370b5892314835873e8b06bae6/screenshot - {}
RESULT: {}
RESULT: {}
COMMAND: POST /session/3ad3ed370b5892314835873e8b06bae6/actions - {"actions":[{"id":"action9","type":"key","parameters":{},"actions":[{"type":"keyDown","value":""},{"type":"pause","duration":10},{"type":"keyUp","value":""}]}]}
RESULT: {"actions":[{"id":"action9","type":"key","parameters":{},"actions":[{"type":"keyDown","value":""},{"type":"pause","duration":10},{"type":"keyUp","value":""}]}]}
COMMAND: GET /session/3ad3ed370b5892314835873e8b06bae6/screenshot - {}
RESULT: {}
COMMAND: POST /session/3ad3ed370b5892314835873e8b06bae6/element - {"using":"xpath","value":"//input[contains(@id ,\"application-manageresources-display-component---newResourceUnit--newTimeSegmentFromDatePicker-application-manageresources-display-component---newResourceUnit--RUTimeSegment-0-inner\")]"}
RESULT: {"using":"xpath","value":"//input[contains(@id ,\"application-manageresources-display-component---newResourceUnit--newTimeSegmentFromDatePicker-application-manageresources-display-component---newResourceUnit--RUTimeSegment-0-inner\")]"}
COMMAND: POST /session/3ad3ed370b5892314835873e8b06bae6/element/f.66C564F48E23224A49CD761FFC4FB84D.d.6C252D2D27A5C72ADADD70D131CA2D31.e.3902/clear - {}
RESULT: {}
COMMAND: POST /session/3ad3ed370b5892314835873e8b06bae6/element/f.66C564F48E23224A49CD761FFC4FB84D.d.6C252D2D27A5C72ADADD70D131CA2D31.e.3902/clear - {}
COMMAND: GET /session/3ad3ed370b5892314835873e8b06bae6/screenshot - {}
RESULT: {}
COMMAND: POST /session/3ad3ed370b5892314835873e8b06bae6/element/f.66C564F48E23224A49CD761FFC4FB84D.d.6C252D2D27A5C72ADADD70D131CA2D31.e.3902/value - {"text":"06/30/24"}
COMMAND: GET /session/3ad3ed370b5892314835873e8b06bae6/screenshot - {}
RESULT: {}
RESULT: {"text":"06/30/24"}
COMMAND: POST /session/3ad3ed370b5892314835873e8b06bae6/execute/async - {"script":"<script> [1562 bytes]","args":[{"selector":{"id":"application-manageresources-display-component---newResourceUnit--newRRUPage-anchBar-application-manageresources-display-component---newResourceUnit--resource-anchor","interaction":{"idSuffix":"BDI-content"}},"wdio_ui5_key":"applicationmanageresources-display-component---newResourceUnit--newRRUPage-anchBar-application-manageresources-display-component---newResourceUnit--resource-anchor"}]}
COMMAND: GET /session/3ad3ed370b5892314835873e8b06bae6/screenshot - {}
RESULT: {}
RESULT: {"script":"<script> [1562 bytes]","args":[{"selector":{"id":"application-manageresources-display-component---newResourceUnit--newRRUPage-anchBar-application-manageresources-display-component---newResourceUnit--resource-anchor","interaction":{"idSuffix":"BDI-content"}},"wdio_ui5_key":"applicationmanageresources-display-component---newResourceUnit--newRRUPage-anchBar-application-manageresources-display-component---newResourceUnit--resource-anchor"}]}
RESULT: undefined
COMMAND: POST /session/3ad3ed370b5892314835873e8b06bae6/element - {"using":"xpath","value":"//*[@id=\"application-manageresources-display-component---newResourceUnit--newRRUPage-anchBar-application-manageresources-display-component---newResourceUnit--resource-anchor\"]"}
RESULT: {}
RESULT: {"using":"xpath","value":"//*[@id=\"application-manageresources-display-component---newResourceUnit--newRRUPage-anchBar-application-manageresources-display-component---newResourceUnit--resource-anchor\"]"}
COMMAND: POST /session/3ad3ed370b5892314835873e8b06bae6/element/f.66C564F48E23224A49CD761FFC4FB84D.d.6C252D2D27A5C72ADADD70D131CA2D31.e.3935/click - {}
RESULT: {}
COMMAND: POST /session/3ad3ed370b5892314835873e8b06bae6/execute/async - {"script":"<script> [1562 bytes]","args":[{"selector":{"id":"application-manageresources-display-component---newResourceUnit--PLANNED_DELIVERY_DATE","interaction":{"idSuffix":"inner"}},"wdio_ui5_key":"applicationmanageresources-display-component---newResourceUnit--PLANNED_DELIVERY_DATE"}]}
COMMAND: GET /session/3ad3ed370b5892314835873e8b06bae6/screenshot - {}
RESULT: {"script":"<script> [1562 bytes]","args":[{"selector":{"id":"application-manageresources-display-component---newResourceUnit--PLANNED_DELIVERY_DATE","interaction":{"idSuffix":"inner"}},"wdio_ui5_key":"applicationmanageresources-display-component---newResourceUnit--PLANNED_DELIVERY_DATE"}]}
RESULT: undefined
COMMAND: POST /session/3ad3ed370b5892314835873e8b06bae6/execute/async - {"script":"<script> [6424 bytes]","args":[{"element-6066-11e4-a52e-4f735466cecf":"f.66C564F48E23224A49CD761FFC4FB84D.d.6C252D2D27A5C72ADADD70D131CA2D31.e.3765"},"setValue",["06/30/24"]]}
RESULT: {}
RESULT: {"script":"<script> [6424 bytes]","args":[{"element-6066-11e4-a52e-4f735466cecf":"f.66C564F48E23224A49CD761FFC4FB84D.d.6C252D2D27A5C72ADADD70D131CA2D31.e.3765"},"setValue",["06/30/24"]]}
COMMAND: POST /session/3ad3ed370b5892314835873e8b06bae6/execute/async - {"script":"<script> [1562 bytes]","args":[{"selector":{"id":"application-manageresources-display-component---newResourceUnit--RETIRE_PLANNED_DATE","interaction":{"idSuffix":"inner"}},"wdio_ui5_key":"applicationmanageresources-display-component---newResourceUnit--RETIRE_PLANNED_DATE"}]}
RESULT: {"script":"<script> [1562 bytes]","args":[{"selector":{"id":"application-manageresources-display-component---newResourceUnit--RETIRE_PLANNED_DATE","interaction":{"idSuffix":"inner"}},"wdio_ui5_key":"applicationmanageresources-display-component---newResourceUnit--RETIRE_PLANNED_DATE"}]}
RESULT: undefined
COMMAND: POST /session/3ad3ed370b5892314835873e8b06bae6/execute/async - {"script":"<script> [776 bytes]","args":[{"enterText":"3/14/29","selector":{"id":"application-manageresources-display-component---newResourceUnit--RETIRE_PLANNED_DATE","interaction":{"idSuffix":"inner"}},"clearTextFirst":true,"interactionType":"ENTER_TEXT"}]}
RESULT: {"script":"<script> [776 bytes]","args":[{"enterText":"3/14/29","selector":{"id":"application-manageresources-display-component---newResourceUnit--RETIRE_PLANNED_DATE","interaction":{"idSuffix":"inner"}},"clearTextFirst":true,"interactionType":"ENTER_TEXT"}]}
COMMAND: POST /session/3ad3ed370b5892314835873e8b06bae6/execute/async - {"script":"<script> [1562 bytes]","args":[{"selector":{"controlType":"sap.m.Button","viewName":"reusables.view.manageresources.NewResourceUnit","viewId":"application-manageresources-display-component---newResourceUnit","i18NText":{"propertyName":"tooltip","key":"save"},"interaction":{"idSuffix":"BDI-content"}},"wdio_ui5_key":"reusablesview.manageresources.NewResourceUnitsap.m.Button{\"propertyName\":\"tooltip\",\"key\":\"save\"}"}]}
RESULT: {"script":"<script> [1562 bytes]","args":[{"selector":{"controlType":"sap.m.Button","viewName":"reusables.view.manageresources.NewResourceUnit","viewId":"application-manageresources-display-component---newResourceUnit","i18NText":{"propertyName":"tooltip","key":"save"},"interaction":{"idSuffix":"BDI-content"}},"wdio_ui5_key":"reusablesview.manageresources.NewResourceUnitsap.m.Button{\"propertyName\":\"tooltip\",\"key\":\"save\"}"}]}
RESULT: undefined
COMMAND: POST /session/3ad3ed370b5892314835873e8b06bae6/element - {"using":"xpath","value":"//*[@id=\"application-manageresources-display-component---newResourceUnit--createRuButton\"]"}
RESULT: {"using":"xpath","value":"//*[@id=\"application-manageresources-display-component---newResourceUnit--createRuButton\"]"}
COMMAND: POST /session/3ad3ed370b5892314835873e8b06bae6/element/f.66C564F48E23224A49CD761FFC4FB84D.d.6C252D2D27A5C72ADADD70D131CA2D31.e.3724/click - {}
RESULT: {}
COMMAND: GET /session/3ad3ed370b5892314835873e8b06bae6/screenshot - {}
RESULT: {}
COMMAND: POST /session/3ad3ed370b5892314835873e8b06bae6/execute/async - {"script":"<script> [1562 bytes]","args":[{"selector":{"controlType":"sap.m.Button","properties":{"text":"Close"},"searchOpenDialogs":true,"interaction":{"idSuffix":"inner"}},"wdio_ui5_key":"sapm.Button{\"text\":\"Close\"}"}]}
RESULT: {"script":"<script> [1562 bytes]","args":[{"selector":{"controlType":"sap.m.Button","properties":{"text":"Close"},"searchOpenDialogs":true,"interaction":{"idSuffix":"inner"}},"wdio_ui5_key":"sapm.Button{\"text\":\"Close\"}"}]}
RESULT: undefined
COMMAND: POST /session/3ad3ed370b5892314835873e8b06bae6/element - {"using":"xpath","value":"//*[@id=\"__mbox-btn-0\"]"}
RESULT: {"using":"xpath","value":"//*[@id=\"__mbox-btn-0\"]"}
COMMAND: POST /session/3ad3ed370b5892314835873e8b06bae6/element/f.66C564F48E23224A49CD761FFC4FB84D.d.6C252D2D27A5C72ADADD70D131CA2D31.e.3943/click - {}
RESULT: {}
COMMAND: GET /session/3ad3ed370b5892314835873e8b06bae6/screenshot - {}
RESULT: {}
COMMAND: POST /session/3ad3ed370b5892314835873e8b06bae6/execute/async - {"script":"<script> [1562 bytes]","args":[{"selector":{"controlType":"sap.m.Text","viewName":"etm.portal.ui.manageresources.view.Detail","viewId":"application-manageresources-display-component---detailRU","bindingPath":{"propertyPath":"ID","modelName":"catalogModel"}},"wdio_ui5_key":"etmportal.ui.manageresources.view.Detailsap.m.Text{\"propertyPath\":\"ID\",\"modelName\":\"catalogModel\"}"}]}
RESULT: {"script":"<script> [1562 bytes]","args":[{"selector":{"controlType":"sap.m.Text","viewName":"etm.portal.ui.manageresources.view.Detail","viewId":"application-manageresources-display-component---detailRU","bindingPath":{"propertyPath":"ID","modelName":"catalogModel"}},"wdio_ui5_key":"etmportal.ui.manageresources.view.Detailsap.m.Text{\"propertyPath\":\"ID\",\"modelName\":\"catalogModel\"}"}]}
RESULT: undefined
COMMAND: POST /session/3ad3ed370b5892314835873e8b06bae6/execute/async - {"script":"<script> [6424 bytes]","args":[{"element-6066-11e4-a52e-4f735466cecf":"f.66C564F48E23224A49CD761FFC4FB84D.d.6C252D2D27A5C72ADADD70D131CA2D31.e.4001"},"getText",[]]}
RESULT: {"script":"<script> [6424 bytes]","args":[{"element-6066-11e4-a52e-4f735466cecf":"f.66C564F48E23224A49CD761FFC4FB84D.d.6C252D2D27A5C72ADADD70D131CA2D31.e.4001"},"getText",[]]}
COMMAND: POST /session/3ad3ed370b5892314835873e8b06bae6/element - {"using":"css selector","value":"#shell-header-logo"}
RESULT: {"using":"css selector","value":"#shell-header-logo"}
COMMAND: POST /session/3ad3ed370b5892314835873e8b06bae6/element/f.66C564F48E23224A49CD761FFC4FB84D.d.6C252D2D27A5C72ADADD70D131CA2D31.e.3353/click - {}
RESULT: {}
COMMAND: GET /session/3ad3ed370b5892314835873e8b06bae6/screenshot - {}
RESULT: {}
COMMAND: POST /session/3ad3ed370b5892314835873e8b06bae6/execute/async - {"script":"<script> [1562 bytes]","args":[{"selector":{"controlType":"sap.m.GenericTile","properties":{"header":"Manage Catalogs"}},"wdio_ui5_key":"sapm.GenericTile{\"header\":\"Manage Catalogs\"}"}]}
RESULT: {"script":"<script> [1562 bytes]","args":[{"selector":{"controlType":"sap.m.GenericTile","properties":{"header":"Manage Catalogs"}},"wdio_ui5_key":"sapm.GenericTile{\"header\":\"Manage Catalogs\"}"}]}
RESULT: undefined
COMMAND: POST /session/3ad3ed370b5892314835873e8b06bae6/element - {"using":"xpath","value":"//*[@id=\"__tile37\"]"}
RESULT: {"using":"xpath","value":"//*[@id=\"__tile37\"]"}
COMMAND: POST /session/3ad3ed370b5892314835873e8b06bae6/element/f.66C564F48E23224A49CD761FFC4FB84D.d.6C252D2D27A5C72ADADD70D131CA2D31.e.4003/click - {}
RESULT: {}
COMMAND: GET /session/3ad3ed370b5892314835873e8b06bae6/screenshot - {}
RESULT: {}
COMMAND: POST /session/3ad3ed370b5892314835873e8b06bae6/elements - {"using":"xpath","value":"//span[text()='Error']"}
RESULT: {"using":"xpath","value":"//span[text()='Error']"}
COMMAND: POST /session/3ad3ed370b5892314835873e8b06bae6/execute/async - {"script":"<script> [1562 bytes]","args":[{"selector":{"controlType":"sap.m.Text","viewName":"etm.portal.ui.managecatalogs.view.MasterCatalogs","viewId":"application-managecatalogs-display-component---masterCatalogs","bindingPath":{"path":"/Catalogs('0D7502D073D53A0F1700BE067B89AFF9')","propertyPath":"DESCRIPTION","modelName":"catalogModel"}},"wdio_ui5_key":"etmportal.ui.managecatalogs.view.MasterCatalogssap.m.Text{\"path\":\"/Catalogs('0D7502D073D53A0F1700BE067B89AFF9')\",\"propertyPath\":\"DESCRIPTION\",\"modelName\":\"catalogModel\"}"}]}
RESULT: {"script":"<script> [1562 bytes]","args":[{"selector":{"controlType":"sap.m.Text","viewName":"etm.portal.ui.managecatalogs.view.MasterCatalogs","viewId":"application-managecatalogs-display-component---masterCatalogs","bindingPath":{"path":"/Catalogs('0D7502D073D53A0F1700BE067B89AFF9')","propertyPath":"DESCRIPTION","modelName":"catalogModel"}},"wdio_ui5_key":"etmportal.ui.managecatalogs.view.MasterCatalogssap.m.Text{\"path\":\"/Catalogs('0D7502D073D53A0F1700BE067B89AFF9')\",\"propertyPath\":\"DESCRIPTION\",\"modelName\":\"catalogModel\"}"}]}
RESULT: undefined
COMMAND: POST /session/3ad3ed370b5892314835873e8b06bae6/element - {"using":"xpath","value":"//*[@id=\"__text1058-application-managecatalogs-display-component---masterCatalogs--CatalogsTable-11\"]"}
RESULT: {"using":"xpath","value":"//*[@id=\"__text1058-application-managecatalogs-display-component---masterCatalogs--CatalogsTable-11\"]"}
COMMAND: POST /session/3ad3ed370b5892314835873e8b06bae6/element/f.66C564F48E23224A49CD761FFC4FB84D.d.6C252D2D27A5C72ADADD70D131CA2D31.e.4072/click - {}
RESULT: {}
COMMAND: POST /session/3ad3ed370b5892314835873e8b06bae6/execute/async - {"script":"<script> [1562 bytes]","args":[{"selector":{"controlType":"sap.ui.layout.HorizontalLayout","viewName":"etm.portal.ui.managecatalogs.view.MasterItems","viewId":"application-managecatalogs-display-component---masterCatalogItems","ancestor":{"id":"application-managecatalogs-display-component---masterCatalogItems--idCatalogItemsTree-rows-row0"}},"wdio_ui5_key":"etmportal.ui.managecatalogs.view.MasterItemssap.ui.layout.HorizontalLayout{\"id\":\"application-managecatalogs-display-component---masterCatalogItems--idCatalogItemsTree-rows-row0\"}"}]}
COMMAND: GET /session/3ad3ed370b5892314835873e8b06bae6/screenshot - {}
RESULT: {}
RESULT: {"script":"<script> [1562 bytes]","args":[{"selector":{"controlType":"sap.ui.layout.HorizontalLayout","viewName":"etm.portal.ui.managecatalogs.view.MasterItems","viewId":"application-managecatalogs-display-component---masterCatalogItems","ancestor":{"id":"application-managecatalogs-display-component---masterCatalogItems--idCatalogItemsTree-rows-row0"}},"wdio_ui5_key":"etmportal.ui.managecatalogs.view.MasterItemssap.ui.layout.HorizontalLayout{\"id\":\"application-managecatalogs-display-component---masterCatalogItems--idCatalogItemsTree-rows-row0\"}"}]}
RESULT: undefined
COMMAND: POST /session/3ad3ed370b5892314835873e8b06bae6/element - {"using":"xpath","value":"//*[@id=\"__layout302-__clone2046\"]"}
RESULT: {"using":"xpath","value":"//*[@id=\"__layout302-__clone2046\"]"}
COMMAND: POST /session/3ad3ed370b5892314835873e8b06bae6/element/f.66C564F48E23224A49CD761FFC4FB84D.d.6C252D2D27A5C72ADADD70D131CA2D31.e.4107/click - {}
RESULT: {}
COMMAND: GET /session/3ad3ed370b5892314835873e8b06bae6/screenshot - {}
COMMAND: POST /session/3ad3ed370b5892314835873e8b06bae6/execute/async - {"script":"<script> [1562 bytes]","args":[{"selector":{"controlType":"sap.m.Button","viewName":"etm.portal.ui.managecatalogs.view.Detail","viewId":"application-managecatalogs-display-component---detailCatalog","i18NText":{"propertyName":"text","key":"edit"},"interaction":{"idSuffix":"BDI-content"}},"wdio_ui5_key":"etmportal.ui.managecatalogs.view.Detailsap.m.Button{\"propertyName\":\"text\",\"key\":\"edit\"}"}]}
RESULT: {}
RESULT: {"script":"<script> [1562 bytes]","args":[{"selector":{"controlType":"sap.m.Button","viewName":"etm.portal.ui.managecatalogs.view.Detail","viewId":"application-managecatalogs-display-component---detailCatalog","i18NText":{"propertyName":"text","key":"edit"},"interaction":{"idSuffix":"BDI-content"}},"wdio_ui5_key":"etmportal.ui.managecatalogs.view.Detailsap.m.Button{\"propertyName\":\"text\",\"key\":\"edit\"}"}]}
RESULT: undefined
COMMAND: POST /session/3ad3ed370b5892314835873e8b06bae6/element - {"using":"xpath","value":"//*[@id=\"__button134\"]"}
RESULT: {"using":"xpath","value":"//*[@id=\"__button134\"]"}
COMMAND: POST /session/3ad3ed370b5892314835873e8b06bae6/element/f.66C564F48E23224A49CD761FFC4FB84D.d.6C252D2D27A5C72ADADD70D131CA2D31.e.4225/click - {}
RESULT: {}
COMMAND: GET /session/3ad3ed370b5892314835873e8b06bae6/screenshot - {}
RESULT: {}
COMMAND: POST /session/3ad3ed370b5892314835873e8b06bae6/element - {"using":"xpath","value":"//bdi[contains(text(), \"Unlock\")]"}
RESULT: {"using":"xpath","value":"//bdi[contains(text(), \"Unlock\")]"}
COMMAND: POST /session/3ad3ed370b5892314835873e8b06bae6/elements - {"using":"xpath","value":"//bdi[contains(text(), \"Unlock\")]"}
RESULT: {"using":"xpath","value":"//bdi[contains(text(), \"Unlock\")]"}
COMMAND: POST /session/3ad3ed370b5892314835873e8b06bae6/execute/async - {"script":"<script> [1562 bytes]","args":[{"selector":{"controlType":"sap.ui.core.Icon","viewName":"etm.portal.ui.managecatalogs.view.Detail","viewId":"application-managecatalogs-display-component---detailCatalog","properties":{"src":{"regex":{"source":"add\\-folder"}}}},"wdio_ui5_key":"etmportal.ui.managecatalogs.view.Detailsap.ui.core.Icon{\"src\":{\"regex\":{\"source\":\"add\\\\-folder\"}}}"}]}
RESULT: {"script":"<script> [1562 bytes]","args":[{"selector":{"controlType":"sap.ui.core.Icon","viewName":"etm.portal.ui.managecatalogs.view.Detail","viewId":"application-managecatalogs-display-component---detailCatalog","properties":{"src":{"regex":{"source":"add\\-folder"}}}},"wdio_ui5_key":"etmportal.ui.managecatalogs.view.Detailsap.ui.core.Icon{\"src\":{\"regex\":{\"source\":\"add\\\\-folder\"}}}"}]}
RESULT: undefined
COMMAND: POST /session/3ad3ed370b5892314835873e8b06bae6/element - {"using":"xpath","value":"//*[@id=\"__button142-img\"]"}
RESULT: {"using":"xpath","value":"//*[@id=\"__button142-img\"]"}
COMMAND: POST /session/3ad3ed370b5892314835873e8b06bae6/element/f.66C564F48E23224A49CD761FFC4FB84D.d.6C252D2D27A5C72ADADD70D131CA2D31.e.4234/click - {}
RESULT: {}
COMMAND: GET /session/3ad3ed370b5892314835873e8b06bae6/screenshot - {}
RESULT: {}
COMMAND: POST /session/3ad3ed370b5892314835873e8b06bae6/execute/async - {"script":"<script> [1562 bytes]","args":[{"selector":{"id":"application-managecatalogs-display-component---detailCatalog--numberInput","searchOpenDialogs":true,"interaction":{"idSuffix":"inner"}},"wdio_ui5_key":"applicationmanagecatalogs-display-component---detailCatalog--numberInput"}]}
RESULT: {"script":"<script> [1562 bytes]","args":[{"selector":{"id":"application-managecatalogs-display-component---detailCatalog--numberInput","searchOpenDialogs":true,"interaction":{"idSuffix":"inner"}},"wdio_ui5_key":"applicationmanagecatalogs-display-component---detailCatalog--numberInput"}]}
RESULT: undefined
COMMAND: POST /session/3ad3ed370b5892314835873e8b06bae6/execute/async - {"script":"<script> [776 bytes]","args":[{"enterText":"Sectiont6lge","selector":{"id":"application-managecatalogs-display-component---detailCatalog--numberInput","searchOpenDialogs":true,"interaction":{"idSuffix":"inner"}},"clearTextFirst":true,"interactionType":"ENTER_TEXT"}]}
RESULT: {"script":"<script> [776 bytes]","args":[{"enterText":"Sectiont6lge","selector":{"id":"application-managecatalogs-display-component---detailCatalog--numberInput","searchOpenDialogs":true,"interaction":{"idSuffix":"inner"}},"clearTextFirst":true,"interactionType":"ENTER_TEXT"}]}
COMMAND: POST /session/3ad3ed370b5892314835873e8b06bae6/element - {"using":"css selector","value":"#application-managecatalogs-display-component---detailCatalog--nameInput-inner"}
RESULT: {"using":"css selector","value":"#application-managecatalogs-display-component---detailCatalog--nameInput-inner"}
COMMAND: POST /session/3ad3ed370b5892314835873e8b06bae6/elements - {"using":"css selector","value":"#application-managecatalogs-display-component---detailCatalog--nameInput-inner"}
RESULT: {"using":"css selector","value":"#application-managecatalogs-display-component---detailCatalog--nameInput-inner"}
COMMAND: POST /session/3ad3ed370b5892314835873e8b06bae6/element/f.66C564F48E23224A49CD761FFC4FB84D.d.6C252D2D27A5C72ADADD70D131CA2D31.e.4238/clear - {}
RESULT: {}
COMMAND: POST /session/3ad3ed370b5892314835873e8b06bae6/element/f.66C564F48E23224A49CD761FFC4FB84D.d.6C252D2D27A5C72ADADD70D131CA2D31.e.4238/value - {"text":"Webdrivermth36l"}
COMMAND: GET /session/3ad3ed370b5892314835873e8b06bae6/screenshot - {}
RESULT: {"text":"Webdrivermth36l"}
COMMAND: POST /session/3ad3ed370b5892314835873e8b06bae6/execute/async - {"script":"<script> [1562 bytes]","args":[{"selector":{"controlType":"sap.m.Button","viewName":"etm.portal.ui.managecatalogs.view.Detail","viewId":"application-managecatalogs-display-component---detailCatalog","i18NText":{"propertyName":"text","key":"create"},"searchOpenDialogs":true,"interaction":{"idSuffix":"BDI-content"}},"wdio_ui5_key":"etmportal.ui.managecatalogs.view.Detailsap.m.Button{\"propertyName\":\"text\",\"key\":\"create\"}"}]}
COMMAND: GET /session/3ad3ed370b5892314835873e8b06bae6/screenshot - {}
RESULT: {}
RESULT: {"script":"<script> [1562 bytes]","args":[{"selector":{"controlType":"sap.m.Button","viewName":"etm.portal.ui.managecatalogs.view.Detail","viewId":"application-managecatalogs-display-component---detailCatalog","i18NText":{"propertyName":"text","key":"create"},"searchOpenDialogs":true,"interaction":{"idSuffix":"BDI-content"}},"wdio_ui5_key":"etmportal.ui.managecatalogs.view.Detailsap.m.Button{\"propertyName\":\"text\",\"key\":\"create\"}"}]}
RESULT: undefined
COMMAND: POST /session/3ad3ed370b5892314835873e8b06bae6/element - {"using":"xpath","value":"//*[@id=\"__button112\"]"}
RESULT: {}
RESULT: {"using":"xpath","value":"//*[@id=\"__button112\"]"}
COMMAND: POST /session/3ad3ed370b5892314835873e8b06bae6/element/f.66C564F48E23224A49CD761FFC4FB84D.d.6C252D2D27A5C72ADADD70D131CA2D31.e.4243/click - {}
RESULT: {}
COMMAND: GET /session/3ad3ed370b5892314835873e8b06bae6/screenshot - {}
RESULT: {}
COMMAND: POST /session/3ad3ed370b5892314835873e8b06bae6/element - {"using":"xpath","value":"//button[@title=\"Save\"]"}
RESULT: {"using":"xpath","value":"//button[@title=\"Save\"]"}
COMMAND: POST /session/3ad3ed370b5892314835873e8b06bae6/element/f.66C564F48E23224A49CD761FFC4FB84D.d.6C252D2D27A5C72ADADD70D131CA2D31.e.4244/click - {}
RESULT: {}
COMMAND: POST /session/3ad3ed370b5892314835873e8b06bae6/execute/async - {"script":"<script> [1562 bytes]","args":[{"selector":{"controlType":"sap.ui.core.Icon","viewName":"etm.portal.ui.managecatalogs.view.Detail","viewId":"application-managecatalogs-display-component---detailCatalog","properties":{"src":{"regex":{"source":"decline"}}}},"wdio_ui5_key":"etmportal.ui.managecatalogs.view.Detailsap.ui.core.Icon{\"src\":{\"regex\":{\"source\":\"decline\"}}}"}]}
COMMAND: GET /session/3ad3ed370b5892314835873e8b06bae6/screenshot - {}
RESULT: {"script":"<script> [1562 bytes]","args":[{"selector":{"controlType":"sap.ui.core.Icon","viewName":"etm.portal.ui.managecatalogs.view.Detail","viewId":"application-managecatalogs-display-component---detailCatalog","properties":{"src":{"regex":{"source":"decline"}}}},"wdio_ui5_key":"etmportal.ui.managecatalogs.view.Detailsap.ui.core.Icon{\"src\":{\"regex\":{\"source\":\"decline\"}}}"}]}
RESULT: undefined
COMMAND: POST /session/3ad3ed370b5892314835873e8b06bae6/element - {"using":"xpath","value":"//*[@id=\"__button137-img\"]"}
RESULT: {}
RESULT: {"using":"xpath","value":"//*[@id=\"__button137-img\"]"}
COMMAND: POST /session/3ad3ed370b5892314835873e8b06bae6/element/f.66C564F48E23224A49CD761FFC4FB84D.d.6C252D2D27A5C72ADADD70D131CA2D31.e.4250/click - {}
RESULT: {}
COMMAND: GET /session/3ad3ed370b5892314835873e8b06bae6/screenshot - {}
RESULT: {}
COMMAND: POST /session/3ad3ed370b5892314835873e8b06bae6/execute/async - {"script":"<script> [1562 bytes]","args":[{"selector":{"controlType":"sap.ui.core.Icon","viewName":"etm.portal.ui.managecatalogs.view.MasterItems","viewId":"application-managecatalogs-display-component---masterCatalogItems","properties":{"src":{"regex":{"source":"refresh"}}}},"wdio_ui5_key":"etmportal.ui.managecatalogs.view.MasterItemssap.ui.core.Icon{\"src\":{\"regex\":{\"source\":\"refresh\"}}}"}]}
RESULT: {"script":"<script> [1562 bytes]","args":[{"selector":{"controlType":"sap.ui.core.Icon","viewName":"etm.portal.ui.managecatalogs.view.MasterItems","viewId":"application-managecatalogs-display-component---masterCatalogItems","properties":{"src":{"regex":{"source":"refresh"}}}},"wdio_ui5_key":"etmportal.ui.managecatalogs.view.MasterItemssap.ui.core.Icon{\"src\":{\"regex\":{\"source\":\"refresh\"}}}"}]}
RESULT: undefined
COMMAND: POST /session/3ad3ed370b5892314835873e8b06bae6/element - {"using":"xpath","value":"//*[@id=\"__button110-img\"]"}
RESULT: {"using":"xpath","value":"//*[@id=\"__button110-img\"]"}
COMMAND: POST /session/3ad3ed370b5892314835873e8b06bae6/element/f.66C564F48E23224A49CD761FFC4FB84D.d.6C252D2D27A5C72ADADD70D131CA2D31.e.4286/click - {}
RESULT: {}
COMMAND: POST /session/3ad3ed370b5892314835873e8b06bae6/execute/async - {"script":"<script> [1562 bytes]","args":[{"selector":{"id":"application-managecatalogs-display-component---masterCatalogItems--searchItemsField","interaction":{"idSuffix":"I"}},"wdio_ui5_key":"applicationmanagecatalogs-display-component---masterCatalogItems--searchItemsField"}]}
COMMAND: GET /session/3ad3ed370b5892314835873e8b06bae6/screenshot - {}
RESULT: {"script":"<script> [1562 bytes]","args":[{"selector":{"id":"application-managecatalogs-display-component---masterCatalogItems--searchItemsField","interaction":{"idSuffix":"I"}},"wdio_ui5_key":"applicationmanagecatalogs-display-component---masterCatalogItems--searchItemsField"}]}
RESULT: undefined
COMMAND: POST /session/3ad3ed370b5892314835873e8b06bae6/execute/async - {"script":"<script> [776 bytes]","args":[{"enterText":"Webdrivermth36l","selector":{"id":"application-managecatalogs-display-component---masterCatalogItems--searchItemsField","interaction":{"idSuffix":"I"}},"clearTextFirst":true,"interactionType":"ENTER_TEXT"}]}
RESULT: {}
RESULT: {"script":"<script> [776 bytes]","args":[{"enterText":"Webdrivermth36l","selector":{"id":"application-managecatalogs-display-component---masterCatalogItems--searchItemsField","interaction":{"idSuffix":"I"}},"clearTextFirst":true,"interactionType":"ENTER_TEXT"}]}
COMMAND: POST /session/3ad3ed370b5892314835873e8b06bae6/actions - {"actions":[{"id":"action10","type":"key","parameters":{},"actions":[{"type":"keyDown","value":""},{"type":"pause","duration":10},{"type":"keyUp","value":""}]}]}
RESULT: {"actions":[{"id":"action10","type":"key","parameters":{},"actions":[{"type":"keyDown","value":""},{"type":"pause","duration":10},{"type":"keyUp","value":""}]}]}
COMMAND: POST /session/3ad3ed370b5892314835873e8b06bae6/element - {"using":"xpath","value":"(//span[contains(text(), \"Webdrivermth36l\")])[1]"}
COMMAND: GET /session/3ad3ed370b5892314835873e8b06bae6/screenshot - {}
RESULT: {"using":"xpath","value":"(//span[contains(text(), \"Webdrivermth36l\")])[1]"}
COMMAND: POST /session/3ad3ed370b5892314835873e8b06bae6/element/f.66C564F48E23224A49CD761FFC4FB84D.d.6C252D2D27A5C72ADADD70D131CA2D31.e.4289/click - {}
RESULT: {}
RESULT: {}
COMMAND: GET /session/3ad3ed370b5892314835873e8b06bae6/screenshot - {}
RESULT: {}
RESULT: undefined
COMMAND: POST /session/3ad3ed370b5892314835873e8b06bae6/element - {"using":"xpath","value":"//*[@id=\"__button134\"]"}
RESULT: {"using":"xpath","value":"//*[@id=\"__button134\"]"}
COMMAND: POST /session/3ad3ed370b5892314835873e8b06bae6/element/f.66C564F48E23224A49CD761FFC4FB84D.d.6C252D2D27A5C72ADADD70D131CA2D31.e.4326/click - {}
RESULT: {}
COMMAND: GET /session/3ad3ed370b5892314835873e8b06bae6/screenshot - {}
RESULT: {}
RESULT: undefined
COMMAND: POST /session/3ad3ed370b5892314835873e8b06bae6/element - {"using":"xpath","value":"//*[@id=\"__button142-img\"]"}
RESULT: {"using":"xpath","value":"//*[@id=\"__button142-img\"]"}
COMMAND: POST /session/3ad3ed370b5892314835873e8b06bae6/element/f.66C564F48E23224A49CD761FFC4FB84D.d.6C252D2D27A5C72ADADD70D131CA2D31.e.4375/click - {}
RESULT: {}
COMMAND: GET /session/3ad3ed370b5892314835873e8b06bae6/screenshot - {}
RESULT: {}
RESULT: undefined
COMMAND: POST /session/3ad3ed370b5892314835873e8b06bae6/execute/async - {"script":"<script> [776 bytes]","args":[{"enterText":"SecondSectiongxlhw","selector":{"id":"application-managecatalogs-display-component---detailCatalog--numberInput","searchOpenDialogs":true,"interaction":{"idSuffix":"inner"}},"clearTextFirst":true,"interactionType":"ENTER_TEXT"}]}
RESULT: {"script":"<script> [776 bytes]","args":[{"enterText":"SecondSectiongxlhw","selector":{"id":"application-managecatalogs-display-component---detailCatalog--numberInput","searchOpenDialogs":true,"interaction":{"idSuffix":"inner"}},"clearTextFirst":true,"interactionType":"ENTER_TEXT"}]}
COMMAND: POST /session/3ad3ed370b5892314835873e8b06bae6/element - {"using":"xpath","value":"//input[contains(@id ,\"application-managecatalogs-display-component---detailCatalog--nameInput-inner\")]"}
RESULT: {"using":"xpath","value":"//input[contains(@id ,\"application-managecatalogs-display-component---detailCatalog--nameInput-inner\")]"}
COMMAND: POST /session/3ad3ed370b5892314835873e8b06bae6/elements - {"using":"xpath","value":"//input[contains(@id ,\"application-managecatalogs-display-component---detailCatalog--nameInput-inner\")]"}
RESULT: {"using":"xpath","value":"//input[contains(@id ,\"application-managecatalogs-display-component---detailCatalog--nameInput-inner\")]"}
COMMAND: POST /session/3ad3ed370b5892314835873e8b06bae6/element/f.66C564F48E23224A49CD761FFC4FB84D.d.6C252D2D27A5C72ADADD70D131CA2D31.e.4379/clear - {}
RESULT: {}
COMMAND: POST /session/3ad3ed370b5892314835873e8b06bae6/element/f.66C564F48E23224A49CD761FFC4FB84D.d.6C252D2D27A5C72ADADD70D131CA2D31.e.4379/value - {"text":"webdriversecondsfbg9"}
COMMAND: GET /session/3ad3ed370b5892314835873e8b06bae6/screenshot - {}
RESULT: {"text":"webdriversecondsfbg9"}
RESULT: undefined
COMMAND: POST /session/3ad3ed370b5892314835873e8b06bae6/element - {"using":"xpath","value":"//*[@id=\"__button112\"]"}
COMMAND: GET /session/3ad3ed370b5892314835873e8b06bae6/screenshot - {}
RESULT: {}
RESULT: {"using":"xpath","value":"//*[@id=\"__button112\"]"}
COMMAND: POST /session/3ad3ed370b5892314835873e8b06bae6/element/f.66C564F48E23224A49CD761FFC4FB84D.d.6C252D2D27A5C72ADADD70D131CA2D31.e.4383/click - {}
RESULT: {}
RESULT: {}
COMMAND: GET /session/3ad3ed370b5892314835873e8b06bae6/screenshot - {}
RESULT: {}
COMMAND: POST /session/3ad3ed370b5892314835873e8b06bae6/element - {"using":"xpath","value":"//button[@title=\"Save\"]"}
RESULT: {"using":"xpath","value":"//button[@title=\"Save\"]"}
COMMAND: POST /session/3ad3ed370b5892314835873e8b06bae6/element/f.66C564F48E23224A49CD761FFC4FB84D.d.6C252D2D27A5C72ADADD70D131CA2D31.e.4361/click - {}
RESULT: {}
COMMAND: GET /session/3ad3ed370b5892314835873e8b06bae6/screenshot - {}
RESULT: {}
RESULT: undefined
COMMAND: POST /session/3ad3ed370b5892314835873e8b06bae6/element - {"using":"xpath","value":"//*[@id=\"__button137-img\"]"}
RESULT: {"using":"xpath","value":"//*[@id=\"__button137-img\"]"}
COMMAND: POST /session/3ad3ed370b5892314835873e8b06bae6/element/f.66C564F48E23224A49CD761FFC4FB84D.d.6C252D2D27A5C72ADADD70D131CA2D31.e.4333/click - {}
RESULT: {}
COMMAND: GET /session/3ad3ed370b5892314835873e8b06bae6/screenshot - {}
RESULT: {}
RESULT: undefined
COMMAND: POST /session/3ad3ed370b5892314835873e8b06bae6/element - {"using":"xpath","value":"//*[@id=\"__button110-img\"]"}
RESULT: {"using":"xpath","value":"//*[@id=\"__button110-img\"]"}
COMMAND: POST /session/3ad3ed370b5892314835873e8b06bae6/element/f.66C564F48E23224A49CD761FFC4FB84D.d.6C252D2D27A5C72ADADD70D131CA2D31.e.4423/click - {}
RESULT: {}
COMMAND: GET /session/3ad3ed370b5892314835873e8b06bae6/screenshot - {}
RESULT: {}
RESULT: undefined
COMMAND: POST /session/3ad3ed370b5892314835873e8b06bae6/execute/async - {"script":"<script> [776 bytes]","args":[{"enterText":"SecondSectiongxlhw","selector":{"id":"application-managecatalogs-display-component---masterCatalogItems--searchItemsField","interaction":{"idSuffix":"I"}},"clearTextFirst":true,"interactionType":"ENTER_TEXT"}]}
RESULT: {"script":"<script> [776 bytes]","args":[{"enterText":"SecondSectiongxlhw","selector":{"id":"application-managecatalogs-display-component---masterCatalogItems--searchItemsField","interaction":{"idSuffix":"I"}},"clearTextFirst":true,"interactionType":"ENTER_TEXT"}]}
COMMAND: POST /session/3ad3ed370b5892314835873e8b06bae6/actions - {"actions":[{"id":"action11","type":"key","parameters":{},"actions":[{"type":"keyDown","value":""},{"type":"pause","duration":10},{"type":"keyUp","value":""}]}]}
RESULT: {"actions":[{"id":"action11","type":"key","parameters":{},"actions":[{"type":"keyDown","value":""},{"type":"pause","duration":10},{"type":"keyUp","value":""}]}]}
COMMAND: POST /session/3ad3ed370b5892314835873e8b06bae6/element - {"using":"xpath","value":"(//span[contains(text(), \"SecondSectiongxlhw\")])[1]"}
COMMAND: GET /session/3ad3ed370b5892314835873e8b06bae6/screenshot - {}
RESULT: {"using":"xpath","value":"(//span[contains(text(), \"SecondSectiongxlhw\")])[1]"}
COMMAND: POST /session/3ad3ed370b5892314835873e8b06bae6/element/f.66C564F48E23224A49CD761FFC4FB84D.d.6C252D2D27A5C72ADADD70D131CA2D31.e.4426/click - {}
RESULT: {}
RESULT: {}
COMMAND: POST /session/3ad3ed370b5892314835873e8b06bae6/element - {"using":"xpath","value":"(//span[contains(text(), \"SecondSectiongxlhw\")])[1]"}
COMMAND: GET /session/3ad3ed370b5892314835873e8b06bae6/screenshot - {}
RESULT: {"using":"xpath","value":"(//span[contains(text(), \"SecondSectiongxlhw\")])[1]"}
COMMAND: GET /session/3ad3ed370b5892314835873e8b06bae6/element/f.66C564F48E23224A49CD761FFC4FB84D.d.6C252D2D27A5C72ADADD70D131CA2D31.e.4426/text - {}
RESULT: {}
COMMAND: POST /session/3ad3ed370b5892314835873e8b06bae6/element - {"using":"xpath","value":"(//span[contains(text(), \"SecondSectiongxlhw\")])[1]"}
RESULT: {"using":"xpath","value":"(//span[contains(text(), \"SecondSectiongxlhw\")])[1]"}
COMMAND: GET /session/3ad3ed370b5892314835873e8b06bae6/element/f.66C564F48E23224A49CD761FFC4FB84D.d.6C252D2D27A5C72ADADD70D131CA2D31.e.4426/text - {}
COMMAND: POST /session/3ad3ed370b5892314835873e8b06bae6/element - {"using":"xpath","value":"(//span[contains(text(), \"SecondSectiongxlhw\")])[1]"}
RESULT: {"using":"xpath","value":"(//span[contains(text(), \"SecondSectiongxlhw\")])[1]"}
COMMAND: GET /session/3ad3ed370b5892314835873e8b06bae6/element/f.66C564F48E23224A49CD761FFC4FB84D.d.6C252D2D27A5C72ADADD70D131CA2D31.e.4479/text - {}
RESULT: {}
COMMAND: POST /session/3ad3ed370b5892314835873e8b06bae6/refresh - {}
RESULT: {}
COMMAND: GET /session/3ad3ed370b5892314835873e8b06bae6/screenshot - {}
RESULT: {}
COMMAND: POST /session/3ad3ed370b5892314835873e8b06bae6/execute/async - {"script":"<script> [189 bytes]","args":[]}
RESULT: {"script":"<script> [189 bytes]","args":[]}
COMMAND: POST /session/3ad3ed370b5892314835873e8b06bae6/execute/async - {"script":"<script> [123 bytes]","args":[]}
RESULT: {"script":"<script> [123 bytes]","args":[]}
COMMAND: POST /session/3ad3ed370b5892314835873e8b06bae6/timeouts - {"script":"<number>"}
RESULT: {"script":"<number>"}
COMMAND: GET /session/3ad3ed370b5892314835873e8b06bae6/timeouts - {}
RESULT: {}
RESULT: undefined
COMMAND: POST /session/3ad3ed370b5892314835873e8b06bae6/execute/async - {"script":"<script> [2676 bytes]","args":[]}
RESULT: {"script":"<script> [2676 bytes]","args":[]}
COMMAND: POST /session/3ad3ed370b5892314835873e8b06bae6/execute/async - {"script":"<script> [2342 bytes]","args":[{"protocol":"http","hostname":"0.0.0.0","path":"/","capabilities":{"browserName":"chrome","goog:chromeOptions":{"binary":"C:\\Program Files\\Google\\Chrome\\Application\\chrome.exe","args":["--start-maximized"]}},"logLevel":"warn","connectionRetryTimeout":120000,"connectionRetryCount":3,"logLevels":{},"enableDirectConnect":true,"strictSSL":true,"_":"65 more keys: [\"cacheDir\",\"port\",\"requestedCapabilities\",\"automationProtocol\",\"baseUrl\",\"waitforInterval\",\"waitforTimeout\",\"onReload\",\"beforeCommand\",\"afterCommand\",\"rootDir\",\"specs\",\"suites\",\"exclude\",\"groupLogsByTestSpec\",\"excludeDriverLogs\",\"bail\",\"framework\",\"reporters\",\"services\",\"maxInstances\",\"maxInstancesPerCapability\",\"injectGlobals\",\"filesToWatch\",\"execArgv\",\"runnerEnv\",\"runner\",\"shard\",\"specFileRetries\",\"specFileRetriesDelay\",\"specFileRetriesDeferred\",\"reporterSyncInterval\",\"reporterSyncTimeout\",\"cucumberFeaturesWithLineNumbers\",\"autoCompileOpts\",\"mochaOpts\",\"jasmineOpts\",\"cucumberOpts\",\"onPrepare\",\"onWorkerStart\",\"onWorkerEnd\",\"before\",\"beforeSession\",\"beforeSuite\",\"beforeHook\",\"beforeTest\",\"afterTest\",\"afterHook\",\"afterSuite\",\"afterSession\",\"after\",\"onComplete\",\"beforeAssertion\",\"afterAssertion\",\"beforeFeature\",\"beforeScenario\",\"beforeStep\",\"afterStep\",\"afterScenario\",\"afterFeature\",\"_\",\"suite\",\"$0\",\"ignoredWorkerServices\",\"wdi5\"]"}]}
RESULT: {"script":"<script> [2342 bytes]","args":[{"protocol":"http","hostname":"0.0.0.0","path":"/","capabilities":{"browserName":"chrome","goog:chromeOptions":{"binary":"C:\\Program Files\\Google\\Chrome\\Application\\chrome.exe","args":["--start-maximized"]}},"logLevel":"warn","connectionRetryTimeout":120000,"connectionRetryCount":3,"logLevels":{},"enableDirectConnect":true,"strictSSL":true,"_":"65 more keys: [\"cacheDir\",\"port\",\"requestedCapabilities\",\"automationProtocol\",\"baseUrl\",\"waitforInterval\",\"waitforTimeout\",\"onReload\",\"beforeCommand\",\"afterCommand\",\"rootDir\",\"specs\",\"suites\",\"exclude\",\"groupLogsByTestSpec\",\"excludeDriverLogs\",\"bail\",\"framework\",\"reporters\",\"services\",\"maxInstances\",\"maxInstancesPerCapability\",\"injectGlobals\",\"filesToWatch\",\"execArgv\",\"runnerEnv\",\"runner\",\"shard\",\"specFileRetries\",\"specFileRetriesDelay\",\"specFileRetriesDeferred\",\"reporterSyncInterval\",\"reporterSyncTimeout\",\"cucumberFeaturesWithLineNumbers\",\"autoCompileOpts\",\"mochaOpts\",\"jasmineOpts\",\"cucumberOpts\",\"onPrepare\",\"onWorkerStart\",\"onWorkerEnd\",\"before\",\"beforeSession\",\"beforeSuite\",\"beforeHook\",\"beforeTest\",\"afterTest\",\"afterHook\",\"afterSuite\",\"afterSession\",\"after\",\"onComplete\",\"beforeAssertion\",\"afterAssertion\",\"beforeFeature\",\"beforeScenario\",\"beforeStep\",\"afterStep\",\"afterScenario\",\"afterFeature\",\"_\",\"suite\",\"$0\",\"ignoredWorkerServices\",\"wdi5\"]"}]}
COMMAND: POST /session/3ad3ed370b5892314835873e8b06bae6/execute/async - {"script":"<script> [21126 bytes]","args":[35000]}
RESULT: {"script":"<script> [21126 bytes]","args":[35000]}
COMMAND: POST /session/3ad3ed370b5892314835873e8b06bae6/execute/async - {"script":"<script> [1562 bytes]","args":[{"selector":{"controlType":"sap.m.Button","viewName":"etm.portal.ui.managecatalogs.view.Detail","viewId":"application-managecatalogs-display-component---detailCatalog","i18NText":{"propertyName":"text","key":"edit"},"interaction":{"idSuffix":"BDI-content"}},"wdio_ui5_key":"etmportal.ui.managecatalogs.view.Detailsap.m.Button{\"propertyName\":\"text\",\"key\":\"edit\"}"}]}
RESULT: {"script":"<script> [1562 bytes]","args":[{"selector":{"controlType":"sap.m.Button","viewName":"etm.portal.ui.managecatalogs.view.Detail","viewId":"application-managecatalogs-display-component---detailCatalog","i18NText":{"propertyName":"text","key":"edit"},"interaction":{"idSuffix":"BDI-content"}},"wdio_ui5_key":"etmportal.ui.managecatalogs.view.Detailsap.m.Button{\"propertyName\":\"text\",\"key\":\"edit\"}"}]}
RESULT: undefined
COMMAND: POST /session/3ad3ed370b5892314835873e8b06bae6/element - {"using":"xpath","value":"//*[@id=\"__button25\"]"}
RESULT: {"using":"xpath","value":"//*[@id=\"__button25\"]"}
COMMAND: POST /session/3ad3ed370b5892314835873e8b06bae6/element/f.66C564F48E23224A49CD761FFC4FB84D.d.27947F84EFDAA0DA0FDCEB18EA0DD048.e.4538/click - {}
RESULT: {}
COMMAND: GET /session/3ad3ed370b5892314835873e8b06bae6/screenshot - {}
RESULT: {}
COMMAND: POST /session/3ad3ed370b5892314835873e8b06bae6/element - {"using":"xpath","value":"//button[contains(@title ,\"Create Catalog Item\")]"}
RESULT: {"using":"xpath","value":"//button[contains(@title ,\"Create Catalog Item\")]"}
COMMAND: POST /session/3ad3ed370b5892314835873e8b06bae6/element/f.66C564F48E23224A49CD761FFC4FB84D.d.27947F84EFDAA0DA0FDCEB18EA0DD048.e.4544/click - {}
RESULT: {}
COMMAND: POST /session/3ad3ed370b5892314835873e8b06bae6/execute/async - {"script":"<script> [1562 bytes]","args":[{"selector":{"id":"application-managecatalogs-display-component---detailCatalog--newItemNumberInput","searchOpenDialogs":true,"interaction":{"idSuffix":"inner"}},"wdio_ui5_key":"applicationmanagecatalogs-display-component---detailCatalog--newItemNumberInput"}]}
COMMAND: GET /session/3ad3ed370b5892314835873e8b06bae6/screenshot - {}
RESULT: {"script":"<script> [1562 bytes]","args":[{"selector":{"id":"application-managecatalogs-display-component---detailCatalog--newItemNumberInput","searchOpenDialogs":true,"interaction":{"idSuffix":"inner"}},"wdio_ui5_key":"applicationmanagecatalogs-display-component---detailCatalog--newItemNumberInput"}]}
RESULT: undefined
COMMAND: POST /session/3ad3ed370b5892314835873e8b06bae6/execute/async - {"script":"<script> [776 bytes]","args":[{"enterText":"catalogItemditnk","selector":{"id":"application-managecatalogs-display-component---detailCatalog--newItemNumberInput","searchOpenDialogs":true,"interaction":{"idSuffix":"inner"}},"clearTextFirst":true,"interactionType":"ENTER_TEXT"}]}
RESULT: {}
RESULT: {"script":"<script> [776 bytes]","args":[{"enterText":"catalogItemditnk","selector":{"id":"application-managecatalogs-display-component---detailCatalog--newItemNumberInput","searchOpenDialogs":true,"interaction":{"idSuffix":"inner"}},"clearTextFirst":true,"interactionType":"ENTER_TEXT"}]}
COMMAND: POST /session/3ad3ed370b5892314835873e8b06bae6/execute/async - {"script":"<script> [1562 bytes]","args":[{"selector":{"controlType":"sap.m.Input","viewName":"etm.portal.ui.managecatalogs.view.Detail","viewId":"application-managecatalogs-display-component---detailCatalog","bindingPath":{"path":"","propertyPath":"/DESCRIPTION"},"searchOpenDialogs":true,"interaction":{"idSuffix":"inner"}},"wdio_ui5_key":"etmportal.ui.managecatalogs.view.Detailsap.m.Input{\"path\":\"\",\"propertyPath\":\"/DESCRIPTION\"}"}]}
RESULT: {"script":"<script> [1562 bytes]","args":[{"selector":{"controlType":"sap.m.Input","viewName":"etm.portal.ui.managecatalogs.view.Detail","viewId":"application-managecatalogs-display-component---detailCatalog","bindingPath":{"path":"","propertyPath":"/DESCRIPTION"},"searchOpenDialogs":true,"interaction":{"idSuffix":"inner"}},"wdio_ui5_key":"etmportal.ui.managecatalogs.view.Detailsap.m.Input{\"path\":\"\",\"propertyPath\":\"/DESCRIPTION\"}"}]}
RESULT: undefined
COMMAND: POST /session/3ad3ed370b5892314835873e8b06bae6/execute/async - {"script":"<script> [776 bytes]","args":[{"enterText":"catalogItemName2vgve","selector":{"controlType":"sap.m.Input","viewName":"etm.portal.ui.managecatalogs.view.Detail","viewId":"application-managecatalogs-display-component---detailCatalog","bindingPath":{"path":"","propertyPath":"/DESCRIPTION"},"searchOpenDialogs":true,"interaction":{"idSuffix":"inner"}},"clearTextFirst":true,"interactionType":"ENTER_TEXT"}]}
RESULT: {"script":"<script> [776 bytes]","args":[{"enterText":"catalogItemName2vgve","selector":{"controlType":"sap.m.Input","viewName":"etm.portal.ui.managecatalogs.view.Detail","viewId":"application-managecatalogs-display-component---detailCatalog","bindingPath":{"path":"","propertyPath":"/DESCRIPTION"},"searchOpenDialogs":true,"interaction":{"idSuffix":"inner"}},"clearTextFirst":true,"interactionType":"ENTER_TEXT"}]}
COMMAND: POST /session/3ad3ed370b5892314835873e8b06bae6/actions - {"actions":[{"id":"action12","type":"key","parameters":{},"actions":[{"type":"keyDown","value":""},{"type":"pause","duration":10},{"type":"keyUp","value":""}]}]}
RESULT: {"actions":[{"id":"action12","type":"key","parameters":{},"actions":[{"type":"keyDown","value":""},{"type":"pause","duration":10},{"type":"keyUp","value":""}]}]}
COMMAND: GET /session/3ad3ed370b5892314835873e8b06bae6/screenshot - {}
RESULT: {}
COMMAND: POST /session/3ad3ed370b5892314835873e8b06bae6/actions - {"actions":[{"id":"action13","type":"key","parameters":{},"actions":[{"type":"keyDown","value":""},{"type":"pause","duration":10},{"type":"keyUp","value":""}]}]}
RESULT: {"actions":[{"id":"action13","type":"key","parameters":{},"actions":[{"type":"keyDown","value":""},{"type":"pause","duration":10},{"type":"keyUp","value":""}]}]}
COMMAND: GET /session/3ad3ed370b5892314835873e8b06bae6/screenshot - {}
RESULT: {}
COMMAND: POST /session/3ad3ed370b5892314835873e8b06bae6/element - {"using":"xpath","value":"//button[@title=\"Save\"]"}
RESULT: {"using":"xpath","value":"//button[@title=\"Save\"]"}
COMMAND: POST /session/3ad3ed370b5892314835873e8b06bae6/element/f.66C564F48E23224A49CD761FFC4FB84D.d.27947F84EFDAA0DA0FDCEB18EA0DD048.e.4553/click - {}
RESULT: {}
COMMAND: GET /session/3ad3ed370b5892314835873e8b06bae6/screenshot - {}
RESULT: {}
COMMAND: POST /session/3ad3ed370b5892314835873e8b06bae6/execute/async - {"script":"<script> [1562 bytes]","args":[{"selector":{"controlType":"sap.ui.core.Icon","viewName":"etm.portal.ui.managecatalogs.view.Detail","viewId":"application-managecatalogs-display-component---detailCatalog","properties":{"src":{"regex":{"source":"decline"}}}},"wdio_ui5_key":"etmportal.ui.managecatalogs.view.Detailsap.ui.core.Icon{\"src\":{\"regex\":{\"source\":\"decline\"}}}"}]}
RESULT: {"script":"<script> [1562 bytes]","args":[{"selector":{"controlType":"sap.ui.core.Icon","viewName":"etm.portal.ui.managecatalogs.view.Detail","viewId":"application-managecatalogs-display-component---detailCatalog","properties":{"src":{"regex":{"source":"decline"}}}},"wdio_ui5_key":"etmportal.ui.managecatalogs.view.Detailsap.ui.core.Icon{\"src\":{\"regex\":{\"source\":\"decline\"}}}"}]}
RESULT: undefined
COMMAND: POST /session/3ad3ed370b5892314835873e8b06bae6/element - {"using":"xpath","value":"//*[@id=\"__button28-img\"]"}
RESULT: {"using":"xpath","value":"//*[@id=\"__button28-img\"]"}
COMMAND: POST /session/3ad3ed370b5892314835873e8b06bae6/element/f.66C564F48E23224A49CD761FFC4FB84D.d.27947F84EFDAA0DA0FDCEB18EA0DD048.e.4559/click - {}
RESULT: {}
COMMAND: GET /session/3ad3ed370b5892314835873e8b06bae6/screenshot - {}
RESULT: {}
COMMAND: POST /session/3ad3ed370b5892314835873e8b06bae6/execute/async - {"script":"<script> [1562 bytes]","args":[{"selector":{"controlType":"sap.ui.core.Icon","viewName":"etm.portal.ui.managecatalogs.view.MasterItems","viewId":"application-managecatalogs-display-component---masterCatalogItems","properties":{"src":{"regex":{"source":"refresh"}}}},"wdio_ui5_key":"etmportal.ui.managecatalogs.view.MasterItemssap.ui.core.Icon{\"src\":{\"regex\":{\"source\":\"refresh\"}}}"}]}
RESULT: {"script":"<script> [1562 bytes]","args":[{"selector":{"controlType":"sap.ui.core.Icon","viewName":"etm.portal.ui.managecatalogs.view.MasterItems","viewId":"application-managecatalogs-display-component---masterCatalogItems","properties":{"src":{"regex":{"source":"refresh"}}}},"wdio_ui5_key":"etmportal.ui.managecatalogs.view.MasterItemssap.ui.core.Icon{\"src\":{\"regex\":{\"source\":\"refresh\"}}}"}]}
RESULT: undefined
COMMAND: POST /session/3ad3ed370b5892314835873e8b06bae6/element - {"using":"xpath","value":"//*[@id=\"__button1-img\"]"}
RESULT: {"using":"xpath","value":"//*[@id=\"__button1-img\"]"}
COMMAND: POST /session/3ad3ed370b5892314835873e8b06bae6/element/f.66C564F48E23224A49CD761FFC4FB84D.d.27947F84EFDAA0DA0FDCEB18EA0DD048.e.4567/click - {}
RESULT: {}
COMMAND: GET /session/3ad3ed370b5892314835873e8b06bae6/screenshot - {}
RESULT: {}
COMMAND: POST /session/3ad3ed370b5892314835873e8b06bae6/execute/async - {"script":"<script> [1562 bytes]","args":[{"selector":{"id":"application-managecatalogs-display-component---masterCatalogItems--searchItemsField","interaction":{"idSuffix":"I"}},"wdio_ui5_key":"applicationmanagecatalogs-display-component---masterCatalogItems--searchItemsField"}]}
RESULT: {"script":"<script> [1562 bytes]","args":[{"selector":{"id":"application-managecatalogs-display-component---masterCatalogItems--searchItemsField","interaction":{"idSuffix":"I"}},"wdio_ui5_key":"applicationmanagecatalogs-display-component---masterCatalogItems--searchItemsField"}]}
RESULT: undefined
COMMAND: POST /session/3ad3ed370b5892314835873e8b06bae6/execute/async - {"script":"<script> [776 bytes]","args":[{"enterText":"catalogItemName2vgve","selector":{"id":"application-managecatalogs-display-component---masterCatalogItems--searchItemsField","interaction":{"idSuffix":"I"}},"clearTextFirst":true,"interactionType":"ENTER_TEXT"}]}
RESULT: {"script":"<script> [776 bytes]","args":[{"enterText":"catalogItemName2vgve","selector":{"id":"application-managecatalogs-display-component---masterCatalogItems--searchItemsField","interaction":{"idSuffix":"I"}},"clearTextFirst":true,"interactionType":"ENTER_TEXT"}]}
COMMAND: POST /session/3ad3ed370b5892314835873e8b06bae6/actions - {"actions":[{"id":"action14","type":"key","parameters":{},"actions":[{"type":"keyDown","value":""},{"type":"pause","duration":10},{"type":"keyUp","value":""}]}]}
RESULT: {"actions":[{"id":"action14","type":"key","parameters":{},"actions":[{"type":"keyDown","value":""},{"type":"pause","duration":10},{"type":"keyUp","value":""}]}]}
COMMAND: POST /session/3ad3ed370b5892314835873e8b06bae6/element - {"using":"xpath","value":"(//span[contains(text(), \"catalogItemName2vgve\")])[1]"}
COMMAND: GET /session/3ad3ed370b5892314835873e8b06bae6/screenshot - {}
RESULT: {"using":"xpath","value":"(//span[contains(text(), \"catalogItemName2vgve\")])[1]"}
COMMAND: POST /session/3ad3ed370b5892314835873e8b06bae6/element/f.66C564F48E23224A49CD761FFC4FB84D.d.27947F84EFDAA0DA0FDCEB18EA0DD048.e.4604/click - {}
RESULT: {}
RESULT: {}
COMMAND: GET /session/3ad3ed370b5892314835873e8b06bae6/screenshot - {}
RESULT: {}
COMMAND: POST /session/3ad3ed370b5892314835873e8b06bae6/element - {"using":"xpath","value":"//span[contains(text(), \"catalogItemditnk\")]"}
RESULT: {"using":"xpath","value":"//span[contains(text(), \"catalogItemditnk\")]"}
COMMAND: GET /session/3ad3ed370b5892314835873e8b06bae6/element/f.66C564F48E23224A49CD761FFC4FB84D.d.27947F84EFDAA0DA0FDCEB18EA0DD048.e.4664/text - {}
RESULT: {}
]]></system-out>
    </testcase>
    <testcase classname="chrome.136_0_7103_93.windows.Standard_contract_-_add_contract_items_by_Insert_Request_US118222" name="Should assign resources to the catalog item" time="63.004">
      <system-out><![CDATA[
RESULT: undefined
COMMAND: POST /session/3ad3ed370b5892314835873e8b06bae6/element - {"using":"xpath","value":"//*[@id=\"__button25\"]"}
RESULT: {"using":"xpath","value":"//*[@id=\"__button25\"]"}
COMMAND: POST /session/3ad3ed370b5892314835873e8b06bae6/element/f.66C564F48E23224A49CD761FFC4FB84D.d.27947F84EFDAA0DA0FDCEB18EA0DD048.e.4665/click - {}
RESULT: {}
COMMAND: GET /session/3ad3ed370b5892314835873e8b06bae6/screenshot - {}
RESULT: {}
COMMAND: POST /session/3ad3ed370b5892314835873e8b06bae6/execute/async - {"script":"<script> [1562 bytes]","args":[{"selector":{"id":"application-managecatalogs-display-component---detailCatalog--BASE_UNIT_OF_MEASURE-arrow"},"wdio_ui5_key":"applicationmanagecatalogs-display-component---detailCatalog--BASE_UNIT_OF_MEASURE-arrow"}]}
RESULT: {"script":"<script> [1562 bytes]","args":[{"selector":{"id":"application-managecatalogs-display-component---detailCatalog--BASE_UNIT_OF_MEASURE-arrow"},"wdio_ui5_key":"applicationmanagecatalogs-display-component---detailCatalog--BASE_UNIT_OF_MEASURE-arrow"}]}
RESULT: undefined
COMMAND: POST /session/3ad3ed370b5892314835873e8b06bae6/element - {"using":"xpath","value":"//*[@id=\"application-managecatalogs-display-component---detailCatalog--BASE_UNIT_OF_MEASURE-arrow\"]"}
RESULT: {"using":"xpath","value":"//*[@id=\"application-managecatalogs-display-component---detailCatalog--BASE_UNIT_OF_MEASURE-arrow\"]"}
COMMAND: POST /session/3ad3ed370b5892314835873e8b06bae6/element/f.66C564F48E23224A49CD761FFC4FB84D.d.27947F84EFDAA0DA0FDCEB18EA0DD048.e.4695/click - {}
RESULT: {}
COMMAND: POST /session/3ad3ed370b5892314835873e8b06bae6/execute/async - {"script":"<script> [1562 bytes]","args":[{"selector":{"controlType":"sap.m.StandardListItem","viewName":"etm.portal.ui.managecatalogs.view.Detail","viewId":"application-managecatalogs-display-component---detailCatalog","properties":{"title":"Piece"},"searchOpenDialogs":true,"interaction":{"idSuffix":"titleText"}},"wdio_ui5_key":"etmportal.ui.managecatalogs.view.Detailsap.m.StandardListItem{\"title\":\"Piece\"}"}]}
COMMAND: GET /session/3ad3ed370b5892314835873e8b06bae6/screenshot - {}
RESULT: {"script":"<script> [1562 bytes]","args":[{"selector":{"controlType":"sap.m.StandardListItem","viewName":"etm.portal.ui.managecatalogs.view.Detail","viewId":"application-managecatalogs-display-component---detailCatalog","properties":{"title":"Piece"},"searchOpenDialogs":true,"interaction":{"idSuffix":"titleText"}},"wdio_ui5_key":"etmportal.ui.managecatalogs.view.Detailsap.m.StandardListItem{\"title\":\"Piece\"}"}]}
RESULT: undefined
COMMAND: POST /session/3ad3ed370b5892314835873e8b06bae6/element - {"using":"xpath","value":"//*[@id=\"__item218\"]"}
RESULT: {}
RESULT: {"using":"xpath","value":"//*[@id=\"__item218\"]"}
COMMAND: POST /session/3ad3ed370b5892314835873e8b06bae6/element/f.66C564F48E23224A49CD761FFC4FB84D.d.27947F84EFDAA0DA0FDCEB18EA0DD048.e.4699/click - {}
RESULT: {}
COMMAND: POST /session/3ad3ed370b5892314835873e8b06bae6/execute/async - {"script":"<script> [1562 bytes]","args":[{"selector":{"id":"application-managecatalogs-display-component---detailCatalog--ObjectPageLayout-anchBar-application-managecatalogs-display-component---detailCatalog--sectionRUs-anchor","interaction":{"idSuffix":"BDI-content"}},"wdio_ui5_key":"applicationmanagecatalogs-display-component---detailCatalog--ObjectPageLayout-anchBar-application-managecatalogs-display-component---detailCatalog--sectionRUs-anchor"}]}
COMMAND: GET /session/3ad3ed370b5892314835873e8b06bae6/screenshot - {}
RESULT: {"script":"<script> [1562 bytes]","args":[{"selector":{"id":"application-managecatalogs-display-component---detailCatalog--ObjectPageLayout-anchBar-application-managecatalogs-display-component---detailCatalog--sectionRUs-anchor","interaction":{"idSuffix":"BDI-content"}},"wdio_ui5_key":"applicationmanagecatalogs-display-component---detailCatalog--ObjectPageLayout-anchBar-application-managecatalogs-display-component---detailCatalog--sectionRUs-anchor"}]}
RESULT: undefined
COMMAND: POST /session/3ad3ed370b5892314835873e8b06bae6/element - {"using":"xpath","value":"//*[@id=\"application-managecatalogs-display-component---detailCatalog--ObjectPageLayout-anchBar-application-managecatalogs-display-component---detailCatalog--sectionRUs-anchor\"]"}
RESULT: {}
RESULT: {"using":"xpath","value":"//*[@id=\"application-managecatalogs-display-component---detailCatalog--ObjectPageLayout-anchBar-application-managecatalogs-display-component---detailCatalog--sectionRUs-anchor\"]"}
COMMAND: POST /session/3ad3ed370b5892314835873e8b06bae6/element/f.66C564F48E23224A49CD761FFC4FB84D.d.27947F84EFDAA0DA0FDCEB18EA0DD048.e.4701/click - {}
RESULT: {}
COMMAND: POST /session/3ad3ed370b5892314835873e8b06bae6/element - {"using":"xpath","value":"//button[contains(@data-kt ,\"catalogItemAssignRuButton\")]"}
COMMAND: GET /session/3ad3ed370b5892314835873e8b06bae6/screenshot - {}
RESULT: {"using":"xpath","value":"//button[contains(@data-kt ,\"catalogItemAssignRuButton\")]"}
COMMAND: POST /session/3ad3ed370b5892314835873e8b06bae6/element/f.66C564F48E23224A49CD761FFC4FB84D.d.27947F84EFDAA0DA0FDCEB18EA0DD048.e.4707/click - {}
RESULT: {}
RESULT: {}
COMMAND: GET /session/3ad3ed370b5892314835873e8b06bae6/screenshot - {}
RESULT: {}
COMMAND: POST /session/3ad3ed370b5892314835873e8b06bae6/actions - {"actions":[{"id":"action15","type":"key","parameters":{},"actions":[{"type":"keyDown","value":""},{"type":"pause","duration":10},{"type":"keyUp","value":""}]}]}
RESULT: {"actions":[{"id":"action15","type":"key","parameters":{},"actions":[{"type":"keyDown","value":""},{"type":"pause","duration":10},{"type":"keyUp","value":""}]}]}
COMMAND: POST /session/3ad3ed370b5892314835873e8b06bae6/execute/async - {"script":"<script> [1562 bytes]","args":[{"selector":{"id":"application-managecatalogs-display-component---detailCatalog--assignRUSearchField-vhi","searchOpenDialogs":true},"wdio_ui5_key":"applicationmanagecatalogs-display-component---detailCatalog--assignRUSearchField-vhi"}]}
COMMAND: GET /session/3ad3ed370b5892314835873e8b06bae6/screenshot - {}
RESULT: {"script":"<script> [1562 bytes]","args":[{"selector":{"id":"application-managecatalogs-display-component---detailCatalog--assignRUSearchField-vhi","searchOpenDialogs":true},"wdio_ui5_key":"applicationmanagecatalogs-display-component---detailCatalog--assignRUSearchField-vhi"}]}
RESULT: undefined
COMMAND: POST /session/3ad3ed370b5892314835873e8b06bae6/element - {"using":"xpath","value":"//*[@id=\"application-managecatalogs-display-component---detailCatalog--assignRUSearchField-vhi\"]"}
RESULT: {}
RESULT: {"using":"xpath","value":"//*[@id=\"application-managecatalogs-display-component---detailCatalog--assignRUSearchField-vhi\"]"}
COMMAND: POST /session/3ad3ed370b5892314835873e8b06bae6/element/f.66C564F48E23224A49CD761FFC4FB84D.d.27947F84EFDAA0DA0FDCEB18EA0DD048.e.4728/click - {}
RESULT: {}
COMMAND: GET /session/3ad3ed370b5892314835873e8b06bae6/screenshot - {}
RESULT: {}
COMMAND: POST /session/3ad3ed370b5892314835873e8b06bae6/element - {"using":"xpath","value":"//input[contains(@id ,\"searchField-I\")]"}
RESULT: {"using":"xpath","value":"//input[contains(@id ,\"searchField-I\")]"}
COMMAND: POST /session/3ad3ed370b5892314835873e8b06bae6/element/f.66C564F48E23224A49CD761FFC4FB84D.d.27947F84EFDAA0DA0FDCEB18EA0DD048.e.4730/clear - {}
RESULT: {}
COMMAND: POST /session/3ad3ed370b5892314835873e8b06bae6/element/f.66C564F48E23224A49CD761FFC4FB84D.d.27947F84EFDAA0DA0FDCEB18EA0DD048.e.4730/value - {"text":"WdIOTestEquipprc7p"}
COMMAND: GET /session/3ad3ed370b5892314835873e8b06bae6/screenshot - {}
RESULT: {"text":"WdIOTestEquipprc7p"}
COMMAND: GET /session/3ad3ed370b5892314835873e8b06bae6/screenshot - {}
RESULT: {}
RESULT: {}
COMMAND: POST /session/3ad3ed370b5892314835873e8b06bae6/actions - {"actions":[{"id":"action16","type":"key","parameters":{},"actions":[{"type":"keyDown","value":""},{"type":"pause","duration":10},{"type":"keyUp","value":""}]}]}
RESULT: {"actions":[{"id":"action16","type":"key","parameters":{},"actions":[{"type":"keyDown","value":""},{"type":"pause","duration":10},{"type":"keyUp","value":""}]}]}
COMMAND: GET /session/3ad3ed370b5892314835873e8b06bae6/screenshot - {}
RESULT: {}
COMMAND: POST /session/3ad3ed370b5892314835873e8b06bae6/actions - {"actions":[{"id":"action17","type":"key","parameters":{},"actions":[{"type":"keyDown","value":""},{"type":"pause","duration":10},{"type":"keyUp","value":""}]}]}
RESULT: {"actions":[{"id":"action17","type":"key","parameters":{},"actions":[{"type":"keyDown","value":""},{"type":"pause","duration":10},{"type":"keyUp","value":""}]}]}
COMMAND: GET /session/3ad3ed370b5892314835873e8b06bae6/screenshot - {}
RESULT: {}
COMMAND: POST /session/3ad3ed370b5892314835873e8b06bae6/actions - {"actions":[{"id":"action18","type":"key","parameters":{},"actions":[{"type":"keyDown","value":""},{"type":"pause","duration":10},{"type":"keyUp","value":""}]}]}
RESULT: {"actions":[{"id":"action18","type":"key","parameters":{},"actions":[{"type":"keyDown","value":""},{"type":"pause","duration":10},{"type":"keyUp","value":""}]}]}
COMMAND: GET /session/3ad3ed370b5892314835873e8b06bae6/screenshot - {}
RESULT: {}
COMMAND: POST /session/3ad3ed370b5892314835873e8b06bae6/element - {"using":"xpath","value":"//bdi[contains(@id ,\"application-managecatalogs-display-component---detailCatalog--RUAssignmentSaveButton-BDI-content\")]"}
RESULT: {"using":"xpath","value":"//bdi[contains(@id ,\"application-managecatalogs-display-component---detailCatalog--RUAssignmentSaveButton-BDI-content\")]"}
COMMAND: POST /session/3ad3ed370b5892314835873e8b06bae6/element/f.66C564F48E23224A49CD761FFC4FB84D.d.27947F84EFDAA0DA0FDCEB18EA0DD048.e.4763/click - {}
RESULT: {}
COMMAND: GET /session/3ad3ed370b5892314835873e8b06bae6/screenshot - {}
RESULT: {}
COMMAND: POST /session/3ad3ed370b5892314835873e8b06bae6/element - {"using":"xpath","value":"//bdi[contains(@id ,\"application-managecatalogs-display-component---detailCatalog--ObjectPageLayout-anchBar-application-managecatalogs-display-component---detailCatalog--sectionRUs-anchor-BDI-content\")]"}
RESULT: {"using":"xpath","value":"//bdi[contains(@id ,\"application-managecatalogs-display-component---detailCatalog--ObjectPageLayout-anchBar-application-managecatalogs-display-component---detailCatalog--sectionRUs-anchor-BDI-content\")]"}
COMMAND: POST /session/3ad3ed370b5892314835873e8b06bae6/element/f.66C564F48E23224A49CD761FFC4FB84D.d.27947F84EFDAA0DA0FDCEB18EA0DD048.e.4783/click - {}
RESULT: {}
COMMAND: GET /session/3ad3ed370b5892314835873e8b06bae6/screenshot - {}
RESULT: {}
COMMAND: POST /session/3ad3ed370b5892314835873e8b06bae6/element - {"using":"xpath","value":"//button[contains(@data-kt ,\"catalogItemAssignRuButton\")]"}
RESULT: {"using":"xpath","value":"//button[contains(@data-kt ,\"catalogItemAssignRuButton\")]"}
COMMAND: POST /session/3ad3ed370b5892314835873e8b06bae6/element/f.66C564F48E23224A49CD761FFC4FB84D.d.27947F84EFDAA0DA0FDCEB18EA0DD048.e.4707/click - {}
RESULT: {}
COMMAND: GET /session/3ad3ed370b5892314835873e8b06bae6/screenshot - {}
RESULT: {}
COMMAND: POST /session/3ad3ed370b5892314835873e8b06bae6/actions - {"actions":[{"id":"action19","type":"key","parameters":{},"actions":[{"type":"keyDown","value":""},{"type":"pause","duration":10},{"type":"keyUp","value":""}]}]}
RESULT: {"actions":[{"id":"action19","type":"key","parameters":{},"actions":[{"type":"keyDown","value":""},{"type":"pause","duration":10},{"type":"keyUp","value":""}]}]}
RESULT: undefined
COMMAND: POST /session/3ad3ed370b5892314835873e8b06bae6/element - {"using":"xpath","value":"//*[@id=\"application-managecatalogs-display-component---detailCatalog--assignRUSearchField-vhi\"]"}
COMMAND: GET /session/3ad3ed370b5892314835873e8b06bae6/screenshot - {}
RESULT: {"using":"xpath","value":"//*[@id=\"application-managecatalogs-display-component---detailCatalog--assignRUSearchField-vhi\"]"}
COMMAND: POST /session/3ad3ed370b5892314835873e8b06bae6/elements - {"using":"xpath","value":"//*[@id=\"application-managecatalogs-display-component---detailCatalog--assignRUSearchField-vhi\"]"}
RESULT: {}
RESULT: {"using":"xpath","value":"//*[@id=\"application-managecatalogs-display-component---detailCatalog--assignRUSearchField-vhi\"]"}
COMMAND: POST /session/3ad3ed370b5892314835873e8b06bae6/element - {"using":"xpath","value":"//*[@id=\"application-managecatalogs-display-component---detailCatalog--assignRUSearchField-vhi\"]"}
RESULT: {"using":"xpath","value":"//*[@id=\"application-managecatalogs-display-component---detailCatalog--assignRUSearchField-vhi\"]"}
COMMAND: POST /session/3ad3ed370b5892314835873e8b06bae6/element/f.66C564F48E23224A49CD761FFC4FB84D.d.27947F84EFDAA0DA0FDCEB18EA0DD048.e.4810/click - {}
RESULT: {}
COMMAND: POST /session/3ad3ed370b5892314835873e8b06bae6/execute/async - {"script":"<script> [1562 bytes]","args":[{"selector":{"controlType":"sap.m.SearchField","viewName":"etm.portal.ui.managecatalogs.view.Detail","viewId":"application-managecatalogs-display-component---detailCatalog","searchOpenDialogs":true,"interaction":{"idSuffix":"I"}},"wdio_ui5_key":"etmportal.ui.managecatalogs.view.Detailsap.m.SearchField"}]}
COMMAND: GET /session/3ad3ed370b5892314835873e8b06bae6/screenshot - {}
RESULT: {"script":"<script> [1562 bytes]","args":[{"selector":{"controlType":"sap.m.SearchField","viewName":"etm.portal.ui.managecatalogs.view.Detail","viewId":"application-managecatalogs-display-component---detailCatalog","searchOpenDialogs":true,"interaction":{"idSuffix":"I"}},"wdio_ui5_key":"etmportal.ui.managecatalogs.view.Detailsap.m.SearchField"}]}
RESULT: undefined
COMMAND: POST /session/3ad3ed370b5892314835873e8b06bae6/execute/async - {"script":"<script> [776 bytes]","args":[{"enterText":"WebdriverMatTestcbpdd","selector":{"controlType":"sap.m.SearchField","viewName":"etm.portal.ui.managecatalogs.view.Detail","viewId":"application-managecatalogs-display-component---detailCatalog","searchOpenDialogs":true,"interaction":{"idSuffix":"I"}},"clearTextFirst":true,"interactionType":"ENTER_TEXT"}]}
RESULT: {}
RESULT: {"script":"<script> [776 bytes]","args":[{"enterText":"WebdriverMatTestcbpdd","selector":{"controlType":"sap.m.SearchField","viewName":"etm.portal.ui.managecatalogs.view.Detail","viewId":"application-managecatalogs-display-component---detailCatalog","searchOpenDialogs":true,"interaction":{"idSuffix":"I"}},"clearTextFirst":true,"interactionType":"ENTER_TEXT"}]}
COMMAND: POST /session/3ad3ed370b5892314835873e8b06bae6/actions - {"actions":[{"id":"action20","type":"key","parameters":{},"actions":[{"type":"keyDown","value":""},{"type":"pause","duration":10},{"type":"keyUp","value":""}]}]}
RESULT: {"actions":[{"id":"action20","type":"key","parameters":{},"actions":[{"type":"keyDown","value":""},{"type":"pause","duration":10},{"type":"keyUp","value":""}]}]}
COMMAND: GET /session/3ad3ed370b5892314835873e8b06bae6/screenshot - {}
RESULT: {}
COMMAND: POST /session/3ad3ed370b5892314835873e8b06bae6/element - {"using":"xpath","value":"(//span[contains(text(), \"WebdriverMatTestcbpdd\")])[1]"}
RESULT: {"using":"xpath","value":"(//span[contains(text(), \"WebdriverMatTestcbpdd\")])[1]"}
COMMAND: POST /session/3ad3ed370b5892314835873e8b06bae6/element/f.66C564F48E23224A49CD761FFC4FB84D.d.27947F84EFDAA0DA0FDCEB18EA0DD048.e.4842/click - {}
RESULT: {}
COMMAND: POST /session/3ad3ed370b5892314835873e8b06bae6/execute/async - {"script":"<script> [1562 bytes]","args":[{"selector":{"id":"application-managecatalogs-display-component---detailCatalog--RUAssignmentSaveButton","searchOpenDialogs":true,"interaction":{"idSuffix":"BDI-content"}},"wdio_ui5_key":"applicationmanagecatalogs-display-component---detailCatalog--RUAssignmentSaveButton"}]}
COMMAND: GET /session/3ad3ed370b5892314835873e8b06bae6/screenshot - {}
RESULT: {"script":"<script> [1562 bytes]","args":[{"selector":{"id":"application-managecatalogs-display-component---detailCatalog--RUAssignmentSaveButton","searchOpenDialogs":true,"interaction":{"idSuffix":"BDI-content"}},"wdio_ui5_key":"applicationmanagecatalogs-display-component---detailCatalog--RUAssignmentSaveButton"}]}
RESULT: undefined
COMMAND: POST /session/3ad3ed370b5892314835873e8b06bae6/element - {"using":"xpath","value":"//*[@id=\"application-managecatalogs-display-component---detailCatalog--RUAssignmentSaveButton\"]"}
RESULT: {}
RESULT: {"using":"xpath","value":"//*[@id=\"application-managecatalogs-display-component---detailCatalog--RUAssignmentSaveButton\"]"}
COMMAND: POST /session/3ad3ed370b5892314835873e8b06bae6/element/f.66C564F48E23224A49CD761FFC4FB84D.d.27947F84EFDAA0DA0FDCEB18EA0DD048.e.4845/click - {}
RESULT: {}
COMMAND: GET /session/3ad3ed370b5892314835873e8b06bae6/screenshot - {}
RESULT: {}
COMMAND: POST /session/3ad3ed370b5892314835873e8b06bae6/element - {"using":"xpath","value":"//bdi[contains(text(), \"Save\")]"}
RESULT: {"using":"xpath","value":"//bdi[contains(text(), \"Save\")]"}
COMMAND: POST /session/3ad3ed370b5892314835873e8b06bae6/element/f.66C564F48E23224A49CD761FFC4FB84D.d.27947F84EFDAA0DA0FDCEB18EA0DD048.e.4867/click - {}
RESULT: {}
COMMAND: GET /session/3ad3ed370b5892314835873e8b06bae6/screenshot - {}
RESULT: {}
COMMAND: POST /session/3ad3ed370b5892314835873e8b06bae6/element - {"using":"css selector","value":"#shell-header-logo"}
RESULT: {"using":"css selector","value":"#shell-header-logo"}
COMMAND: POST /session/3ad3ed370b5892314835873e8b06bae6/element/f.66C564F48E23224A49CD761FFC4FB84D.d.27947F84EFDAA0DA0FDCEB18EA0DD048.e.4502/click - {}
RESULT: {}
COMMAND: GET /session/3ad3ed370b5892314835873e8b06bae6/screenshot - {}
RESULT: {}
]]></system-out>
    </testcase>
    <testcase classname="chrome.136_0_7103_93.windows.Standard_contract_-_add_contract_items_by_Insert_Request_US118222" name="Should create a new contract" time="101.36">
      <system-out><![CDATA[
COMMAND: POST /session/3ad3ed370b5892314835873e8b06bae6/execute/async - {"script":"<script> [1562 bytes]","args":[{"selector":{"controlType":"sap.m.GenericTile","properties":{"header":"Manage Contracts"}},"wdio_ui5_key":"sapm.GenericTile{\"header\":\"Manage Contracts\"}"}]}
RESULT: {"script":"<script> [1562 bytes]","args":[{"selector":{"controlType":"sap.m.GenericTile","properties":{"header":"Manage Contracts"}},"wdio_ui5_key":"sapm.GenericTile{\"header\":\"Manage Contracts\"}"}]}
RESULT: undefined
COMMAND: POST /session/3ad3ed370b5892314835873e8b06bae6/element - {"using":"xpath","value":"//*[@id=\"__tile130\"]"}
RESULT: {"using":"xpath","value":"//*[@id=\"__tile130\"]"}
COMMAND: POST /session/3ad3ed370b5892314835873e8b06bae6/element/f.66C564F48E23224A49CD761FFC4FB84D.d.27947F84EFDAA0DA0FDCEB18EA0DD048.e.4897/click - {}
RESULT: {}
COMMAND: GET /session/3ad3ed370b5892314835873e8b06bae6/screenshot - {}
RESULT: {}
COMMAND: POST /session/3ad3ed370b5892314835873e8b06bae6/elements - {"using":"xpath","value":"//span[text()='Error']"}
RESULT: {"using":"xpath","value":"//span[text()='Error']"}
COMMAND: POST /session/3ad3ed370b5892314835873e8b06bae6/element - {"using":"xpath","value":"//button[@data-kt=\"addButton\"]"}
RESULT: {"using":"xpath","value":"//button[@data-kt=\"addButton\"]"}
COMMAND: POST /session/3ad3ed370b5892314835873e8b06bae6/element/f.66C564F48E23224A49CD761FFC4FB84D.d.27947F84EFDAA0DA0FDCEB18EA0DD048.e.4946/click - {}
RESULT: {}
COMMAND: GET /session/3ad3ed370b5892314835873e8b06bae6/screenshot - {}
COMMAND: POST /session/3ad3ed370b5892314835873e8b06bae6/execute/async - {"script":"<script> [1562 bytes]","args":[{"selector":{"id":"application-managecontracts-display-component---AddNewContract--projectDescription","interaction":{"idSuffix":"inner"}},"wdio_ui5_key":"applicationmanagecontracts-display-component---AddNewContract--projectDescription"}]}
RESULT: {}
RESULT: {"script":"<script> [1562 bytes]","args":[{"selector":{"id":"application-managecontracts-display-component---AddNewContract--projectDescription","interaction":{"idSuffix":"inner"}},"wdio_ui5_key":"applicationmanagecontracts-display-component---AddNewContract--projectDescription"}]}
RESULT: undefined
COMMAND: POST /session/3ad3ed370b5892314835873e8b06bae6/execute/async - {"script":"<script> [776 bytes]","args":[{"enterText":"WdIOTestwsavu","selector":{"id":"application-managecontracts-display-component---AddNewContract--projectDescription","interaction":{"idSuffix":"inner"}},"clearTextFirst":true,"interactionType":"ENTER_TEXT"}]}
RESULT: {"script":"<script> [776 bytes]","args":[{"enterText":"WdIOTestwsavu","selector":{"id":"application-managecontracts-display-component---AddNewContract--projectDescription","interaction":{"idSuffix":"inner"}},"clearTextFirst":true,"interactionType":"ENTER_TEXT"}]}
COMMAND: POST /session/3ad3ed370b5892314835873e8b06bae6/element - {"using":"xpath","value":"//input[@id=\"application-managecontracts-display-component---AddNewContract--yardId-inner\"]"}
RESULT: {"using":"xpath","value":"//input[@id=\"application-managecontracts-display-component---AddNewContract--yardId-inner\"]"}
COMMAND: POST /session/3ad3ed370b5892314835873e8b06bae6/element/f.66C564F48E23224A49CD761FFC4FB84D.d.27947F84EFDAA0DA0FDCEB18EA0DD048.e.5211/clear - {}
RESULT: {}
COMMAND: POST /session/3ad3ed370b5892314835873e8b06bae6/element/f.66C564F48E23224A49CD761FFC4FB84D.d.27947F84EFDAA0DA0FDCEB18EA0DD048.e.5211/value - {"text":"WebdriverYard8gjj"}
COMMAND: GET /session/3ad3ed370b5892314835873e8b06bae6/screenshot - {}
RESULT: {"text":"WebdriverYard8gjj"}
COMMAND: GET /session/3ad3ed370b5892314835873e8b06bae6/screenshot - {}
RESULT: {}
RESULT: {}
COMMAND: POST /session/3ad3ed370b5892314835873e8b06bae6/actions - {"actions":[{"id":"action21","type":"key","parameters":{},"actions":[{"type":"keyDown","value":""},{"type":"pause","duration":10},{"type":"keyUp","value":""}]}]}
RESULT: {"actions":[{"id":"action21","type":"key","parameters":{},"actions":[{"type":"keyDown","value":""},{"type":"pause","duration":10},{"type":"keyUp","value":""}]}]}
COMMAND: GET /session/3ad3ed370b5892314835873e8b06bae6/screenshot - {}
RESULT: {}
COMMAND: POST /session/3ad3ed370b5892314835873e8b06bae6/element - {"using":"xpath","value":"//input[@id=\"application-managecontracts-display-component---AddNewContract--customerSelect-inner\"]"}
RESULT: {"using":"xpath","value":"//input[@id=\"application-managecontracts-display-component---AddNewContract--customerSelect-inner\"]"}
COMMAND: POST /session/3ad3ed370b5892314835873e8b06bae6/element/f.66C564F48E23224A49CD761FFC4FB84D.d.27947F84EFDAA0DA0FDCEB18EA0DD048.e.5209/clear - {}
RESULT: {}
COMMAND: POST /session/3ad3ed370b5892314835873e8b06bae6/element/f.66C564F48E23224A49CD761FFC4FB84D.d.27947F84EFDAA0DA0FDCEB18EA0DD048.e.5209/value - {"text":"WebdriverPartnerva5vx"}
COMMAND: GET /session/3ad3ed370b5892314835873e8b06bae6/screenshot - {}
RESULT: {"text":"WebdriverPartnerva5vx"}
COMMAND: GET /session/3ad3ed370b5892314835873e8b06bae6/screenshot - {}
RESULT: {}
RESULT: {}
COMMAND: POST /session/3ad3ed370b5892314835873e8b06bae6/actions - {"actions":[{"id":"action22","type":"key","parameters":{},"actions":[{"type":"keyDown","value":""},{"type":"pause","duration":10},{"type":"keyUp","value":""}]}]}
RESULT: {"actions":[{"id":"action22","type":"key","parameters":{},"actions":[{"type":"keyDown","value":""},{"type":"pause","duration":10},{"type":"keyUp","value":""}]}]}
COMMAND: GET /session/3ad3ed370b5892314835873e8b06bae6/screenshot - {}
RESULT: {}
COMMAND: POST /session/3ad3ed370b5892314835873e8b06bae6/element - {"using":"xpath","value":"//input[@id=\"application-managecontracts-display-component---AddNewContract--site-inner\"]"}
RESULT: {"using":"xpath","value":"//input[@id=\"application-managecontracts-display-component---AddNewContract--site-inner\"]"}
COMMAND: POST /session/3ad3ed370b5892314835873e8b06bae6/element/f.66C564F48E23224A49CD761FFC4FB84D.d.27947F84EFDAA0DA0FDCEB18EA0DD048.e.5210/clear - {}
RESULT: {}
COMMAND: POST /session/3ad3ed370b5892314835873e8b06bae6/element/f.66C564F48E23224A49CD761FFC4FB84D.d.27947F84EFDAA0DA0FDCEB18EA0DD048.e.5210/value - {"text":"WebdriverSiteo9qm"}
COMMAND: GET /session/3ad3ed370b5892314835873e8b06bae6/screenshot - {}
RESULT: {"text":"WebdriverSiteo9qm"}
COMMAND: GET /session/3ad3ed370b5892314835873e8b06bae6/screenshot - {}
RESULT: {}
RESULT: {}
COMMAND: POST /session/3ad3ed370b5892314835873e8b06bae6/actions - {"actions":[{"id":"action23","type":"key","parameters":{},"actions":[{"type":"keyDown","value":""},{"type":"pause","duration":10},{"type":"keyUp","value":""}]}]}
RESULT: {"actions":[{"id":"action23","type":"key","parameters":{},"actions":[{"type":"keyDown","value":""},{"type":"pause","duration":10},{"type":"keyUp","value":""}]}]}
COMMAND: GET /session/3ad3ed370b5892314835873e8b06bae6/screenshot - {}
COMMAND: POST /session/3ad3ed370b5892314835873e8b06bae6/element - {"using":"xpath","value":"//button[@data-kt=\"saveButton\"]"}
RESULT: {}
RESULT: {"using":"xpath","value":"//button[@data-kt=\"saveButton\"]"}
COMMAND: POST /session/3ad3ed370b5892314835873e8b06bae6/element/f.66C564F48E23224A49CD761FFC4FB84D.d.27947F84EFDAA0DA0FDCEB18EA0DD048.e.5285/click - {}
RESULT: {}
COMMAND: GET /session/3ad3ed370b5892314835873e8b06bae6/screenshot - {}
RESULT: {}
COMMAND: POST /session/3ad3ed370b5892314835873e8b06bae6/execute/async - {"script":"<script> [1562 bytes]","args":[{"selector":{"id":"contractDetailTitleNoExpanded","viewName":"etm.portal.ui.managecontracts.view.Detail"},"wdio_ui5_key":"contractDetailTitleNoExpandedetmportal.ui.managecontracts.view.Detail"}]}
RESULT: {"script":"<script> [1562 bytes]","args":[{"selector":{"id":"contractDetailTitleNoExpanded","viewName":"etm.portal.ui.managecontracts.view.Detail"},"wdio_ui5_key":"contractDetailTitleNoExpandedetmportal.ui.managecontracts.view.Detail"}]}
RESULT: undefined
COMMAND: POST /session/3ad3ed370b5892314835873e8b06bae6/execute/async - {"script":"<script> [6424 bytes]","args":[{"element-6066-11e4-a52e-4f735466cecf":"f.66C564F48E23224A49CD761FFC4FB84D.d.27947F84EFDAA0DA0FDCEB18EA0DD048.e.5361"},"getText",[]]}
RESULT: {"script":"<script> [6424 bytes]","args":[{"element-6066-11e4-a52e-4f735466cecf":"f.66C564F48E23224A49CD761FFC4FB84D.d.27947F84EFDAA0DA0FDCEB18EA0DD048.e.5361"},"getText",[]]}
]]></system-out>
    </testcase>
    <testcase classname="chrome.136_0_7103_93.windows.Standard_contract_-_add_contract_items_by_Insert_Request_US118222" name="Should create a new request and plan it" time="179.996">
      <system-out><![CDATA[
COMMAND: POST /session/3ad3ed370b5892314835873e8b06bae6/element - {"using":"css selector","value":"#shell-header-logo"}
RESULT: {"using":"css selector","value":"#shell-header-logo"}
COMMAND: POST /session/3ad3ed370b5892314835873e8b06bae6/element/f.66C564F48E23224A49CD761FFC4FB84D.d.27947F84EFDAA0DA0FDCEB18EA0DD048.e.4899/click - {}
RESULT: {}
COMMAND: GET /session/3ad3ed370b5892314835873e8b06bae6/screenshot - {}
RESULT: {}
COMMAND: POST /session/3ad3ed370b5892314835873e8b06bae6/execute/async - {"script":"<script> [1562 bytes]","args":[{"selector":{"controlType":"sap.m.GenericTile","properties":{"header":"Manage Requests"}},"wdio_ui5_key":"sapm.GenericTile{\"header\":\"Manage Requests\"}"}]}
RESULT: {"script":"<script> [1562 bytes]","args":[{"selector":{"controlType":"sap.m.GenericTile","properties":{"header":"Manage Requests"}},"wdio_ui5_key":"sapm.GenericTile{\"header\":\"Manage Requests\"}"}]}
RESULT: undefined
COMMAND: POST /session/3ad3ed370b5892314835873e8b06bae6/element - {"using":"xpath","value":"//*[@id=\"__tile47\"]"}
RESULT: {"using":"xpath","value":"//*[@id=\"__tile47\"]"}
COMMAND: POST /session/3ad3ed370b5892314835873e8b06bae6/element/f.66C564F48E23224A49CD761FFC4FB84D.d.27947F84EFDAA0DA0FDCEB18EA0DD048.e.5366/click - {}
RESULT: {}
COMMAND: GET /session/3ad3ed370b5892314835873e8b06bae6/screenshot - {}
RESULT: {}
COMMAND: POST /session/3ad3ed370b5892314835873e8b06bae6/elements - {"using":"xpath","value":"//span[text()='Error']"}
RESULT: {"using":"xpath","value":"//span[text()='Error']"}
COMMAND: POST /session/3ad3ed370b5892314835873e8b06bae6/element - {"using":"xpath","value":"//button[contains(@data-kt ,\"btnCreateNewOverflowToolbarButton\")]"}
COMMAND: POST /session/3ad3ed370b5892314835873e8b06bae6/element - {"using":"xpath","value":"(//span[contains(@class ,\"sapMObjStatusText\")])[1]"}
RESULT: {"using":"xpath","value":"//button[contains(@data-kt ,\"btnCreateNewOverflowToolbarButton\")]"}
COMMAND: POST /session/3ad3ed370b5892314835873e8b06bae6/element/f.66C564F48E23224A49CD761FFC4FB84D.d.27947F84EFDAA0DA0FDCEB18EA0DD048.e.5437/click - {}
RESULT: {"using":"xpath","value":"(//span[contains(@class ,\"sapMObjStatusText\")])[1]"}
COMMAND: POST /session/3ad3ed370b5892314835873e8b06bae6/execute/sync - {"script":"<script> [8489 bytes]","args":[{"element-6066-11e4-a52e-4f735466cecf":"f.66C564F48E23224A49CD761FFC4FB84D.d.27947F84EFDAA0DA0FDCEB18EA0DD048.e.5482","ELEMENT":"f.66C564F48E23224A49CD761FFC4FB84D.d.27947F84EFDAA0DA0FDCEB18EA0DD048.e.5482"}]}
RESULT: {}
COMMAND: GET /session/3ad3ed370b5892314835873e8b06bae6/screenshot - {}
COMMAND: POST /session/3ad3ed370b5892314835873e8b06bae6/element - {"using":"xpath","value":"(//span[contains(@class ,\"sapMObjStatusText\")])[1]"}
RESULT: {}
RESULT: {"using":"xpath","value":"(//span[contains(@class ,\"sapMObjStatusText\")])[1]"}
COMMAND: POST /session/3ad3ed370b5892314835873e8b06bae6/execute/sync - {"script":"<script> [8489 bytes]","args":[{"element-6066-11e4-a52e-4f735466cecf":"f.66C564F48E23224A49CD761FFC4FB84D.d.27947F84EFDAA0DA0FDCEB18EA0DD048.e.5682","ELEMENT":"f.66C564F48E23224A49CD761FFC4FB84D.d.27947F84EFDAA0DA0FDCEB18EA0DD048.e.5682"}]}
RESULT: {"script":"<script> [8489 bytes]","args":[{"element-6066-11e4-a52e-4f735466cecf":"f.66C564F48E23224A49CD761FFC4FB84D.d.27947F84EFDAA0DA0FDCEB18EA0DD048.e.5682","ELEMENT":"f.66C564F48E23224A49CD761FFC4FB84D.d.27947F84EFDAA0DA0FDCEB18EA0DD048.e.5682"}]}
COMMAND: GET /session/3ad3ed370b5892314835873e8b06bae6/screenshot - {}
RESULT: {}
COMMAND: POST /session/3ad3ed370b5892314835873e8b06bae6/element - {"using":"xpath","value":"//input[contains(@id ,\"yardId-inner\")]"}
RESULT: {"using":"xpath","value":"//input[contains(@id ,\"yardId-inner\")]"}
COMMAND: POST /session/3ad3ed370b5892314835873e8b06bae6/execute/sync - {"script":"<script> [8489 bytes]","args":[{"element-6066-11e4-a52e-4f735466cecf":"f.66C564F48E23224A49CD761FFC4FB84D.d.27947F84EFDAA0DA0FDCEB18EA0DD048.e.5584","ELEMENT":"f.66C564F48E23224A49CD761FFC4FB84D.d.27947F84EFDAA0DA0FDCEB18EA0DD048.e.5584"}]}
RESULT: {"script":"<script> [8489 bytes]","args":[{"element-6066-11e4-a52e-4f735466cecf":"f.66C564F48E23224A49CD761FFC4FB84D.d.27947F84EFDAA0DA0FDCEB18EA0DD048.e.5584","ELEMENT":"f.66C564F48E23224A49CD761FFC4FB84D.d.27947F84EFDAA0DA0FDCEB18EA0DD048.e.5584"}]}
COMMAND: POST /session/3ad3ed370b5892314835873e8b06bae6/element - {"using":"xpath","value":"//input[contains(@id ,\"requestContractNo-inner\")]"}
COMMAND: POST /session/3ad3ed370b5892314835873e8b06bae6/element - {"using":"xpath","value":"//input[contains(@id ,\"requestContractNo-inner\")]"}
RESULT: {"using":"xpath","value":"//input[contains(@id ,\"requestContractNo-inner\")]"}
COMMAND: POST /session/3ad3ed370b5892314835873e8b06bae6/element/f.66C564F48E23224A49CD761FFC4FB84D.d.27947F84EFDAA0DA0FDCEB18EA0DD048.e.5579/value - {"text":"10408"}
COMMAND: GET /session/3ad3ed370b5892314835873e8b06bae6/screenshot - {}
RESULT: {"using":"xpath","value":"//input[contains(@id ,\"requestContractNo-inner\")]"}
COMMAND: GET /session/3ad3ed370b5892314835873e8b06bae6/element/f.66C564F48E23224A49CD761FFC4FB84D.d.27947F84EFDAA0DA0FDCEB18EA0DD048.e.5579/enabled - {}
RESULT: {"text":"10408"}
RESULT: {}
COMMAND: GET /session/3ad3ed370b5892314835873e8b06bae6/screenshot - {}
RESULT: {}
COMMAND: GET /session/3ad3ed370b5892314835873e8b06bae6/screenshot - {}
RESULT: {}
RESULT: {}
COMMAND: POST /session/3ad3ed370b5892314835873e8b06bae6/actions - {"actions":[{"id":"action24","type":"key","parameters":{},"actions":[{"type":"keyDown","value":""},{"type":"pause","duration":10},{"type":"keyUp","value":""}]}]}
RESULT: {"actions":[{"id":"action24","type":"key","parameters":{},"actions":[{"type":"keyDown","value":""},{"type":"pause","duration":10},{"type":"keyUp","value":""}]}]}
COMMAND: GET /session/3ad3ed370b5892314835873e8b06bae6/screenshot - {}
RESULT: {}
COMMAND: POST /session/3ad3ed370b5892314835873e8b06bae6/execute/async - {"script":"<script> [1562 bytes]","args":[{"selector":{"controlType":"sap.ui.core.Icon","viewName":"etm.portal.ui.managerequests.view.NewRequest","properties":{"src":{"regex":{"source":"add"}}}},"wdio_ui5_key":"etmportal.ui.managerequests.view.NewRequestsap.ui.core.Icon{\"src\":{\"regex\":{\"source\":\"add\"}}}"}]}
RESULT: {"script":"<script> [1562 bytes]","args":[{"selector":{"controlType":"sap.ui.core.Icon","viewName":"etm.portal.ui.managerequests.view.NewRequest","properties":{"src":{"regex":{"source":"add"}}}},"wdio_ui5_key":"etmportal.ui.managerequests.view.NewRequestsap.ui.core.Icon{\"src\":{\"regex\":{\"source\":\"add\"}}}"}]}
RESULT: undefined
COMMAND: POST /session/3ad3ed370b5892314835873e8b06bae6/element - {"using":"xpath","value":"//*[@id=\"__xmlview61--btnAddTableRow-img\"]"}
RESULT: {"using":"xpath","value":"//*[@id=\"__xmlview61--btnAddTableRow-img\"]"}
COMMAND: POST /session/3ad3ed370b5892314835873e8b06bae6/element/f.66C564F48E23224A49CD761FFC4FB84D.d.27947F84EFDAA0DA0FDCEB18EA0DD048.e.5735/click - {}
RESULT: {}
COMMAND: GET /session/3ad3ed370b5892314835873e8b06bae6/screenshot - {}
RESULT: {}
COMMAND: POST /session/3ad3ed370b5892314835873e8b06bae6/execute/async - {"script":"<script> [1562 bytes]","args":[{"selector":{"controlType":"sap.ui.unified.MenuItem","viewName":"etm.portal.ui.managerequests.view.NewRequest","i18NText":{"propertyName":"text","key":"standardEntry"},"searchOpenDialogs":true,"interaction":{"idSuffix":"txt"}},"wdio_ui5_key":"etmportal.ui.managerequests.view.NewRequestsap.ui.unified.MenuItem{\"propertyName\":\"text\",\"key\":\"standardEntry\"}"}]}
RESULT: {"script":"<script> [1562 bytes]","args":[{"selector":{"controlType":"sap.ui.unified.MenuItem","viewName":"etm.portal.ui.managerequests.view.NewRequest","i18NText":{"propertyName":"text","key":"standardEntry"},"searchOpenDialogs":true,"interaction":{"idSuffix":"txt"}},"wdio_ui5_key":"etmportal.ui.managerequests.view.NewRequestsap.ui.unified.MenuItem{\"propertyName\":\"text\",\"key\":\"standardEntry\"}"}]}
RESULT: undefined
COMMAND: POST /session/3ad3ed370b5892314835873e8b06bae6/element - {"using":"xpath","value":"//*[@id=\"__item1968\"]"}
RESULT: {"using":"xpath","value":"//*[@id=\"__item1968\"]"}
COMMAND: POST /session/3ad3ed370b5892314835873e8b06bae6/element/f.66C564F48E23224A49CD761FFC4FB84D.d.27947F84EFDAA0DA0FDCEB18EA0DD048.e.5739/click - {}
RESULT: {}
COMMAND: GET /session/3ad3ed370b5892314835873e8b06bae6/screenshot - {}
RESULT: {}
RESULT: undefined
COMMAND: POST /session/3ad3ed370b5892314835873e8b06bae6/element - {"using":"xpath","value":"//*[@id=\"__xmlview61--btnAddTableRow-img\"]"}
RESULT: {"using":"xpath","value":"//*[@id=\"__xmlview61--btnAddTableRow-img\"]"}
COMMAND: POST /session/3ad3ed370b5892314835873e8b06bae6/element/f.66C564F48E23224A49CD761FFC4FB84D.d.27947F84EFDAA0DA0FDCEB18EA0DD048.e.5735/click - {}
RESULT: {}
COMMAND: GET /session/3ad3ed370b5892314835873e8b06bae6/screenshot - {}
RESULT: {}
RESULT: undefined
COMMAND: POST /session/3ad3ed370b5892314835873e8b06bae6/element - {"using":"xpath","value":"//*[@id=\"__item1968\"]"}
RESULT: {"using":"xpath","value":"//*[@id=\"__item1968\"]"}
COMMAND: POST /session/3ad3ed370b5892314835873e8b06bae6/element/f.66C564F48E23224A49CD761FFC4FB84D.d.27947F84EFDAA0DA0FDCEB18EA0DD048.e.5751/click - {}
RESULT: {}
COMMAND: GET /session/3ad3ed370b5892314835873e8b06bae6/screenshot - {}
RESULT: {}
COMMAND: POST /session/3ad3ed370b5892314835873e8b06bae6/element - {"using":"xpath","value":"(//input[contains(@id ,\"requestItemsTable-0-inner\")])[1]"}
RESULT: {"using":"xpath","value":"(//input[contains(@id ,\"requestItemsTable-0-inner\")])[1]"}
COMMAND: POST /session/3ad3ed370b5892314835873e8b06bae6/element/f.66C564F48E23224A49CD761FFC4FB84D.d.27947F84EFDAA0DA0FDCEB18EA0DD048.e.5741/clear - {}
RESULT: {}
COMMAND: POST /session/3ad3ed370b5892314835873e8b06bae6/element/f.66C564F48E23224A49CD761FFC4FB84D.d.27947F84EFDAA0DA0FDCEB18EA0DD048.e.5741/value - {"text":"catalogItemditnk"}
COMMAND: GET /session/3ad3ed370b5892314835873e8b06bae6/screenshot - {}
RESULT: {"text":"catalogItemditnk"}
COMMAND: GET /session/3ad3ed370b5892314835873e8b06bae6/screenshot - {}
RESULT: {}
RESULT: {}
COMMAND: POST /session/3ad3ed370b5892314835873e8b06bae6/actions - {"actions":[{"id":"action25","type":"key","parameters":{},"actions":[{"type":"keyDown","value":""},{"type":"pause","duration":10},{"type":"keyUp","value":""}]}]}
RESULT: {"actions":[{"id":"action25","type":"key","parameters":{},"actions":[{"type":"keyDown","value":""},{"type":"pause","duration":10},{"type":"keyUp","value":""}]}]}
COMMAND: POST /session/3ad3ed370b5892314835873e8b06bae6/element - {"using":"xpath","value":"(//input[contains(@id ,\"requestItemsTable-1-inner\")])[1]"}
COMMAND: GET /session/3ad3ed370b5892314835873e8b06bae6/screenshot - {}
RESULT: {"using":"xpath","value":"(//input[contains(@id ,\"requestItemsTable-1-inner\")])[1]"}
COMMAND: POST /session/3ad3ed370b5892314835873e8b06bae6/element/f.66C564F48E23224A49CD761FFC4FB84D.d.27947F84EFDAA0DA0FDCEB18EA0DD048.e.5753/clear - {}
RESULT: {}
RESULT: {}
COMMAND: POST /session/3ad3ed370b5892314835873e8b06bae6/element/f.66C564F48E23224A49CD761FFC4FB84D.d.27947F84EFDAA0DA0FDCEB18EA0DD048.e.5753/value - {"text":"catalogItemditnk"}
COMMAND: GET /session/3ad3ed370b5892314835873e8b06bae6/screenshot - {}
RESULT: {"text":"catalogItemditnk"}
COMMAND: GET /session/3ad3ed370b5892314835873e8b06bae6/screenshot - {}
RESULT: {}
RESULT: {}
COMMAND: POST /session/3ad3ed370b5892314835873e8b06bae6/actions - {"actions":[{"id":"action26","type":"key","parameters":{},"actions":[{"type":"keyDown","value":""},{"type":"pause","duration":10},{"type":"keyUp","value":""}]}]}
RESULT: {"actions":[{"id":"action26","type":"key","parameters":{},"actions":[{"type":"keyDown","value":""},{"type":"pause","duration":10},{"type":"keyUp","value":""}]}]}
COMMAND: GET /session/3ad3ed370b5892314835873e8b06bae6/screenshot - {}
RESULT: {}
COMMAND: POST /session/3ad3ed370b5892314835873e8b06bae6/execute/async - {"script":"<script> [1562 bytes]","args":[{"selector":{"controlType":"sap.ui.core.Icon","viewName":"etm.portal.ui.managerequests.view.NewRequest","properties":{"src":{"regex":{"source":"slim\\-arrow\\-down"}}},"ancestor":{"controlType":"sap.m.Button","viewName":"etm.portal.ui.managerequests.view.NewRequest","properties":{"icon":"sap-icon://slim-arrow-down"}}},"wdio_ui5_key":"etmportal.ui.managerequests.view.NewRequestsap.ui.core.Icon{\"src\":{\"regex\":{\"source\":\"slim\\\\-arrow\\\\-down\"}}}{\"controlType\":\"sap.m.Button\",\"viewName\":\"etm.portal.ui.managerequests.view.NewRequest\",\"properties\":{\"icon\":\"sap-icon://slim-arrow-down\"}}"}]}
RESULT: {"script":"<script> [1562 bytes]","args":[{"selector":{"controlType":"sap.ui.core.Icon","viewName":"etm.portal.ui.managerequests.view.NewRequest","properties":{"src":{"regex":{"source":"slim\\-arrow\\-down"}}},"ancestor":{"controlType":"sap.m.Button","viewName":"etm.portal.ui.managerequests.view.NewRequest","properties":{"icon":"sap-icon://slim-arrow-down"}}},"wdio_ui5_key":"etmportal.ui.managerequests.view.NewRequestsap.ui.core.Icon{\"src\":{\"regex\":{\"source\":\"slim\\\\-arrow\\\\-down\"}}}{\"controlType\":\"sap.m.Button\",\"viewName\":\"etm.portal.ui.managerequests.view.NewRequest\",\"properties\":{\"icon\":\"sap-icon://slim-arrow-down\"}}"}]}
RESULT: undefined
COMMAND: POST /session/3ad3ed370b5892314835873e8b06bae6/element - {"using":"xpath","value":"//*[@id=\"__title47-expandBtn-img\"]"}
RESULT: {"using":"xpath","value":"//*[@id=\"__title47-expandBtn-img\"]"}
COMMAND: POST /session/3ad3ed370b5892314835873e8b06bae6/element/f.66C564F48E23224A49CD761FFC4FB84D.d.27947F84EFDAA0DA0FDCEB18EA0DD048.e.5773/click - {}
RESULT: {}
COMMAND: POST /session/3ad3ed370b5892314835873e8b06bae6/element - {"using":"xpath","value":"//div[contains(@data-kt ,\"splitAllocationObjectStatus\")]"}
COMMAND: GET /session/3ad3ed370b5892314835873e8b06bae6/screenshot - {}
RESULT: {"using":"xpath","value":"//div[contains(@data-kt ,\"splitAllocationObjectStatus\")]"}
COMMAND: POST /session/3ad3ed370b5892314835873e8b06bae6/elements - {"using":"xpath","value":"//div[contains(@data-kt ,\"splitAllocationObjectStatus\")]"}
RESULT: {}
RESULT: {"using":"xpath","value":"//div[contains(@data-kt ,\"splitAllocationObjectStatus\")]"}
COMMAND: POST /session/3ad3ed370b5892314835873e8b06bae6/execute/async - {"script":"<script> [1562 bytes]","args":[{"selector":{"controlType":"sap.ui.core.Icon","viewName":"etm.portal.ui.managerequests.view.NewRequest","properties":{"src":{"regex":{"source":"message\\-error"}}},"ancestor":{"controlType":"sap.m.ColumnListItem","viewName":"etm.portal.ui.managerequests.view.NewRequest","bindingPath":{"modelName":"newRequestItems","path":"/RequestItems/0"},"ancestor":{"id":"requestItemsTable","viewName":"etm.portal.ui.managerequests.view.NewRequest"}}},"wdio_ui5_key":"etmportal.ui.managerequests.view.NewRequestsap.ui.core.Icon{\"src\":{\"regex\":{\"source\":\"message\\\\-error\"}}}{\"controlType\":\"sap.m.ColumnListItem\",\"viewName\":\"etm.portal.ui.managerequests.view.NewRequest\",\"bindingPath\":{\"modelName\":\"newRequestItems\",\"path\":\"/RequestItems/0\"},\"ancestor\":{\"id\":\"requestItemsTable\",\"viewName\":\"etm.portal.ui.managerequests.view.NewRequest\"}}"}]}
RESULT: {"script":"<script> [1562 bytes]","args":[{"selector":{"controlType":"sap.ui.core.Icon","viewName":"etm.portal.ui.managerequests.view.NewRequest","properties":{"src":{"regex":{"source":"message\\-error"}}},"ancestor":{"controlType":"sap.m.ColumnListItem","viewName":"etm.portal.ui.managerequests.view.NewRequest","bindingPath":{"modelName":"newRequestItems","path":"/RequestItems/0"},"ancestor":{"id":"requestItemsTable","viewName":"etm.portal.ui.managerequests.view.NewRequest"}}},"wdio_ui5_key":"etmportal.ui.managerequests.view.NewRequestsap.ui.core.Icon{\"src\":{\"regex\":{\"source\":\"message\\\\-error\"}}}{\"controlType\":\"sap.m.ColumnListItem\",\"viewName\":\"etm.portal.ui.managerequests.view.NewRequest\",\"bindingPath\":{\"modelName\":\"newRequestItems\",\"path\":\"/RequestItems/0\"},\"ancestor\":{\"id\":\"requestItemsTable\",\"viewName\":\"etm.portal.ui.managerequests.view.NewRequest\"}}"}]}
RESULT: undefined
COMMAND: POST /session/3ad3ed370b5892314835873e8b06bae6/element - {"using":"xpath","value":"//*[@id=\"__status15-__xmlview61--requestItemsTable-0-icon\"]"}
RESULT: {"using":"xpath","value":"//*[@id=\"__status15-__xmlview61--requestItemsTable-0-icon\"]"}
COMMAND: POST /session/3ad3ed370b5892314835873e8b06bae6/element/f.66C564F48E23224A49CD761FFC4FB84D.d.27947F84EFDAA0DA0FDCEB18EA0DD048.e.5778/click - {}
RESULT: {}
COMMAND: GET /session/3ad3ed370b5892314835873e8b06bae6/screenshot - {}
RESULT: {}
COMMAND: POST /session/3ad3ed370b5892314835873e8b06bae6/execute/async - {"script":"<script> [1562 bytes]","args":[{"selector":{"id":"costObjectAdminTypeComboBox","viewName":"etm.portal.ui.managerequests.view.NewRequest","searchOpenDialogs":true,"interaction":{"idSuffix":"inner"}},"wdio_ui5_key":"costObjectAdminTypeComboBoxetmportal.ui.managerequests.view.NewRequest"}]}
RESULT: {"script":"<script> [1562 bytes]","args":[{"selector":{"id":"costObjectAdminTypeComboBox","viewName":"etm.portal.ui.managerequests.view.NewRequest","searchOpenDialogs":true,"interaction":{"idSuffix":"inner"}},"wdio_ui5_key":"costObjectAdminTypeComboBoxetmportal.ui.managerequests.view.NewRequest"}]}
RESULT: undefined
COMMAND: POST /session/3ad3ed370b5892314835873e8b06bae6/execute/async - {"script":"<script> [776 bytes]","args":[{"enterText":"Cost Center","selector":{"id":"costObjectAdminTypeComboBox","viewName":"etm.portal.ui.managerequests.view.NewRequest","searchOpenDialogs":true,"interaction":{"idSuffix":"inner"}},"clearTextFirst":true,"interactionType":"ENTER_TEXT"}]}
RESULT: {"script":"<script> [776 bytes]","args":[{"enterText":"Cost Center","selector":{"id":"costObjectAdminTypeComboBox","viewName":"etm.portal.ui.managerequests.view.NewRequest","searchOpenDialogs":true,"interaction":{"idSuffix":"inner"}},"clearTextFirst":true,"interactionType":"ENTER_TEXT"}]}
COMMAND: POST /session/3ad3ed370b5892314835873e8b06bae6/actions - {"actions":[{"id":"action27","type":"key","parameters":{},"actions":[{"type":"keyDown","value":""},{"type":"pause","duration":10},{"type":"keyUp","value":""}]}]}
RESULT: {"actions":[{"id":"action27","type":"key","parameters":{},"actions":[{"type":"keyDown","value":""},{"type":"pause","duration":10},{"type":"keyUp","value":""}]}]}
COMMAND: GET /session/3ad3ed370b5892314835873e8b06bae6/screenshot - {}
RESULT: {}
COMMAND: POST /session/3ad3ed370b5892314835873e8b06bae6/execute/async - {"script":"<script> [1562 bytes]","args":[{"selector":{"controlType":"sap.ui.core.Icon","viewName":"etm.portal.ui.managerequests.view.NewRequest","properties":{"src":{"regex":{"source":"value\\-help"}}},"searchOpenDialogs":true},"wdio_ui5_key":"etmportal.ui.managerequests.view.NewRequestsap.ui.core.Icon{\"src\":{\"regex\":{\"source\":\"value\\\\-help\"}}}"}]}
RESULT: {"script":"<script> [1562 bytes]","args":[{"selector":{"controlType":"sap.ui.core.Icon","viewName":"etm.portal.ui.managerequests.view.NewRequest","properties":{"src":{"regex":{"source":"value\\-help"}}},"searchOpenDialogs":true},"wdio_ui5_key":"etmportal.ui.managerequests.view.NewRequestsap.ui.core.Icon{\"src\":{\"regex\":{\"source\":\"value\\\\-help\"}}}"}]}
RESULT: undefined
COMMAND: POST /session/3ad3ed370b5892314835873e8b06bae6/element - {"using":"xpath","value":"//*[@id=\"__xmlview61--costObjectIdComboBox-vhi\"]"}
RESULT: {"using":"xpath","value":"//*[@id=\"__xmlview61--costObjectIdComboBox-vhi\"]"}
COMMAND: POST /session/3ad3ed370b5892314835873e8b06bae6/element/f.66C564F48E23224A49CD761FFC4FB84D.d.27947F84EFDAA0DA0FDCEB18EA0DD048.e.5792/click - {}
RESULT: {}
COMMAND: POST /session/3ad3ed370b5892314835873e8b06bae6/execute/async - {"script":"<script> [1562 bytes]","args":[{"selector":{"controlType":"sap.m.SearchField","properties":{"placeholder":"Search"},"searchOpenDialogs":true,"interaction":{"idSuffix":"I"}},"wdio_ui5_key":"sapm.SearchField{\"placeholder\":\"Search\"}"}]}
COMMAND: GET /session/3ad3ed370b5892314835873e8b06bae6/screenshot - {}
RESULT: {"script":"<script> [1562 bytes]","args":[{"selector":{"controlType":"sap.m.SearchField","properties":{"placeholder":"Search"},"searchOpenDialogs":true,"interaction":{"idSuffix":"I"}},"wdio_ui5_key":"sapm.SearchField{\"placeholder\":\"Search\"}"}]}
RESULT: undefined
COMMAND: POST /session/3ad3ed370b5892314835873e8b06bae6/execute/async - {"script":"<script> [776 bytes]","args":[{"enterText":"10001013","selector":{"controlType":"sap.m.SearchField","properties":{"placeholder":"Search"},"searchOpenDialogs":true,"interaction":{"idSuffix":"I"}},"clearTextFirst":true,"interactionType":"ENTER_TEXT"}]}
RESULT: {}
RESULT: {"script":"<script> [776 bytes]","args":[{"enterText":"10001013","selector":{"controlType":"sap.m.SearchField","properties":{"placeholder":"Search"},"searchOpenDialogs":true,"interaction":{"idSuffix":"I"}},"clearTextFirst":true,"interactionType":"ENTER_TEXT"}]}
COMMAND: POST /session/3ad3ed370b5892314835873e8b06bae6/actions - {"actions":[{"id":"action28","type":"key","parameters":{},"actions":[{"type":"keyDown","value":""},{"type":"pause","duration":10},{"type":"keyUp","value":""}]}]}
RESULT: {"actions":[{"id":"action28","type":"key","parameters":{},"actions":[{"type":"keyDown","value":""},{"type":"pause","duration":10},{"type":"keyUp","value":""}]}]}
COMMAND: GET /session/3ad3ed370b5892314835873e8b06bae6/screenshot - {}
RESULT: {}
COMMAND: POST /session/3ad3ed370b5892314835873e8b06bae6/element - {"using":"xpath","value":"//span[contains(text(), \"General Management\")]"}
RESULT: {"using":"xpath","value":"//span[contains(text(), \"General Management\")]"}
COMMAND: POST /session/3ad3ed370b5892314835873e8b06bae6/element/f.66C564F48E23224A49CD761FFC4FB84D.d.27947F84EFDAA0DA0FDCEB18EA0DD048.e.5832/click - {}
RESULT: {}
COMMAND: GET /session/3ad3ed370b5892314835873e8b06bae6/screenshot - {}
RESULT: {}
COMMAND: POST /session/3ad3ed370b5892314835873e8b06bae6/element - {"using":"xpath","value":"//bdi[contains(text(), \"OK\")]"}
RESULT: {"using":"xpath","value":"//bdi[contains(text(), \"OK\")]"}
COMMAND: POST /session/3ad3ed370b5892314835873e8b06bae6/element/f.66C564F48E23224A49CD761FFC4FB84D.d.27947F84EFDAA0DA0FDCEB18EA0DD048.e.5833/click - {}
RESULT: {}
COMMAND: GET /session/3ad3ed370b5892314835873e8b06bae6/screenshot - {}
RESULT: {}
COMMAND: POST /session/3ad3ed370b5892314835873e8b06bae6/element - {"using":"xpath","value":"(//bdi[contains(@id ,\"BDI-content\")][contains(text(), \"Save\")])[1]"}
RESULT: {"using":"xpath","value":"(//bdi[contains(@id ,\"BDI-content\")][contains(text(), \"Save\")])[1]"}
COMMAND: POST /session/3ad3ed370b5892314835873e8b06bae6/element/f.66C564F48E23224A49CD761FFC4FB84D.d.27947F84EFDAA0DA0FDCEB18EA0DD048.e.5837/click - {}
RESULT: {}
COMMAND: GET /session/3ad3ed370b5892314835873e8b06bae6/screenshot - {}
RESULT: {}
COMMAND: POST /session/3ad3ed370b5892314835873e8b06bae6/execute/async - {"script":"<script> [1562 bytes]","args":[{"selector":{"controlType":"sap.ui.core.Icon","viewName":"etm.portal.ui.managerequests.view.NewRequest","properties":{"src":{"regex":{"source":"message\\-error"}}},"ancestor":{"controlType":"sap.m.ColumnListItem","viewName":"etm.portal.ui.managerequests.view.NewRequest","bindingPath":{"modelName":"newRequestItems","path":"/RequestItems/1"},"ancestor":{"id":"requestItemsTable","viewName":"etm.portal.ui.managerequests.view.NewRequest"}}},"wdio_ui5_key":"etmportal.ui.managerequests.view.NewRequestsap.ui.core.Icon{\"src\":{\"regex\":{\"source\":\"message\\\\-error\"}}}{\"controlType\":\"sap.m.ColumnListItem\",\"viewName\":\"etm.portal.ui.managerequests.view.NewRequest\",\"bindingPath\":{\"modelName\":\"newRequestItems\",\"path\":\"/RequestItems/1\"},\"ancestor\":{\"id\":\"requestItemsTable\",\"viewName\":\"etm.portal.ui.managerequests.view.NewRequest\"}}"}]}
RESULT: {"script":"<script> [1562 bytes]","args":[{"selector":{"controlType":"sap.ui.core.Icon","viewName":"etm.portal.ui.managerequests.view.NewRequest","properties":{"src":{"regex":{"source":"message\\-error"}}},"ancestor":{"controlType":"sap.m.ColumnListItem","viewName":"etm.portal.ui.managerequests.view.NewRequest","bindingPath":{"modelName":"newRequestItems","path":"/RequestItems/1"},"ancestor":{"id":"requestItemsTable","viewName":"etm.portal.ui.managerequests.view.NewRequest"}}},"wdio_ui5_key":"etmportal.ui.managerequests.view.NewRequestsap.ui.core.Icon{\"src\":{\"regex\":{\"source\":\"message\\\\-error\"}}}{\"controlType\":\"sap.m.ColumnListItem\",\"viewName\":\"etm.portal.ui.managerequests.view.NewRequest\",\"bindingPath\":{\"modelName\":\"newRequestItems\",\"path\":\"/RequestItems/1\"},\"ancestor\":{\"id\":\"requestItemsTable\",\"viewName\":\"etm.portal.ui.managerequests.view.NewRequest\"}}"}]}
RESULT: undefined
COMMAND: POST /session/3ad3ed370b5892314835873e8b06bae6/element - {"using":"xpath","value":"//*[@id=\"__status15-__xmlview61--requestItemsTable-1-icon\"]"}
RESULT: {"using":"xpath","value":"//*[@id=\"__status15-__xmlview61--requestItemsTable-1-icon\"]"}
COMMAND: POST /session/3ad3ed370b5892314835873e8b06bae6/element/f.66C564F48E23224A49CD761FFC4FB84D.d.27947F84EFDAA0DA0FDCEB18EA0DD048.e.5840/click - {}
RESULT: {}
COMMAND: GET /session/3ad3ed370b5892314835873e8b06bae6/screenshot - {}
RESULT: {}
RESULT: undefined
COMMAND: POST /session/3ad3ed370b5892314835873e8b06bae6/execute/async - {"script":"<script> [776 bytes]","args":[{"enterText":"Cost Center","selector":{"id":"costObjectAdminTypeComboBox","viewName":"etm.portal.ui.managerequests.view.NewRequest","searchOpenDialogs":true,"interaction":{"idSuffix":"inner"}},"clearTextFirst":true,"interactionType":"ENTER_TEXT"}]}
RESULT: {"script":"<script> [776 bytes]","args":[{"enterText":"Cost Center","selector":{"id":"costObjectAdminTypeComboBox","viewName":"etm.portal.ui.managerequests.view.NewRequest","searchOpenDialogs":true,"interaction":{"idSuffix":"inner"}},"clearTextFirst":true,"interactionType":"ENTER_TEXT"}]}
COMMAND: POST /session/3ad3ed370b5892314835873e8b06bae6/actions - {"actions":[{"id":"action29","type":"key","parameters":{},"actions":[{"type":"keyDown","value":""},{"type":"pause","duration":10},{"type":"keyUp","value":""}]}]}
RESULT: {"actions":[{"id":"action29","type":"key","parameters":{},"actions":[{"type":"keyDown","value":""},{"type":"pause","duration":10},{"type":"keyUp","value":""}]}]}
COMMAND: GET /session/3ad3ed370b5892314835873e8b06bae6/screenshot - {}
RESULT: {}
RESULT: undefined
COMMAND: POST /session/3ad3ed370b5892314835873e8b06bae6/element - {"using":"xpath","value":"//*[@id=\"__xmlview61--costObjectIdComboBox-vhi\"]"}
RESULT: {"using":"xpath","value":"//*[@id=\"__xmlview61--costObjectIdComboBox-vhi\"]"}
COMMAND: POST /session/3ad3ed370b5892314835873e8b06bae6/element/f.66C564F48E23224A49CD761FFC4FB84D.d.27947F84EFDAA0DA0FDCEB18EA0DD048.e.5850/click - {}
RESULT: {}
RESULT: undefined
COMMAND: POST /session/3ad3ed370b5892314835873e8b06bae6/execute/async - {"script":"<script> [776 bytes]","args":[{"enterText":"10001013","selector":{"controlType":"sap.m.SearchField","properties":{"placeholder":"Search"},"searchOpenDialogs":true,"interaction":{"idSuffix":"I"}},"clearTextFirst":true,"interactionType":"ENTER_TEXT"}]}
COMMAND: GET /session/3ad3ed370b5892314835873e8b06bae6/screenshot - {}
RESULT: {"script":"<script> [776 bytes]","args":[{"enterText":"10001013","selector":{"controlType":"sap.m.SearchField","properties":{"placeholder":"Search"},"searchOpenDialogs":true,"interaction":{"idSuffix":"I"}},"clearTextFirst":true,"interactionType":"ENTER_TEXT"}]}
COMMAND: POST /session/3ad3ed370b5892314835873e8b06bae6/actions - {"actions":[{"id":"action30","type":"key","parameters":{},"actions":[{"type":"keyDown","value":""},{"type":"pause","duration":10},{"type":"keyUp","value":""}]}]}
RESULT: {}
RESULT: {"actions":[{"id":"action30","type":"key","parameters":{},"actions":[{"type":"keyDown","value":""},{"type":"pause","duration":10},{"type":"keyUp","value":""}]}]}
COMMAND: GET /session/3ad3ed370b5892314835873e8b06bae6/screenshot - {}
RESULT: {}
COMMAND: POST /session/3ad3ed370b5892314835873e8b06bae6/element - {"using":"xpath","value":"//span[contains(text(), \"General Management\")]"}
RESULT: {"using":"xpath","value":"//span[contains(text(), \"General Management\")]"}
COMMAND: POST /session/3ad3ed370b5892314835873e8b06bae6/element/f.66C564F48E23224A49CD761FFC4FB84D.d.27947F84EFDAA0DA0FDCEB18EA0DD048.e.5888/click - {}
RESULT: {}
COMMAND: GET /session/3ad3ed370b5892314835873e8b06bae6/screenshot - {}
RESULT: {}
COMMAND: POST /session/3ad3ed370b5892314835873e8b06bae6/element - {"using":"xpath","value":"//bdi[contains(text(), \"OK\")]"}
RESULT: {"using":"xpath","value":"//bdi[contains(text(), \"OK\")]"}
COMMAND: POST /session/3ad3ed370b5892314835873e8b06bae6/element/f.66C564F48E23224A49CD761FFC4FB84D.d.27947F84EFDAA0DA0FDCEB18EA0DD048.e.5889/click - {}
RESULT: {}
COMMAND: GET /session/3ad3ed370b5892314835873e8b06bae6/screenshot - {}
RESULT: {}
COMMAND: POST /session/3ad3ed370b5892314835873e8b06bae6/element - {"using":"xpath","value":"(//bdi[contains(@id ,\"BDI-content\")][contains(text(), \"Save\")])[1]"}
RESULT: {"using":"xpath","value":"(//bdi[contains(@id ,\"BDI-content\")][contains(text(), \"Save\")])[1]"}
COMMAND: POST /session/3ad3ed370b5892314835873e8b06bae6/element/f.66C564F48E23224A49CD761FFC4FB84D.d.27947F84EFDAA0DA0FDCEB18EA0DD048.e.5893/click - {}
RESULT: {}
COMMAND: GET /session/3ad3ed370b5892314835873e8b06bae6/screenshot - {}
RESULT: {}
COMMAND: POST /session/3ad3ed370b5892314835873e8b06bae6/execute/async - {"script":"<script> [1562 bytes]","args":[{"selector":{"controlType":"sap.m.Button","viewName":"etm.portal.ui.managerequests.view.NewRequest","i18NText":{"propertyName":"tooltip","key":"save"},"interaction":{"idSuffix":"content"}},"wdio_ui5_key":"etmportal.ui.managerequests.view.NewRequestsap.m.Button{\"propertyName\":\"tooltip\",\"key\":\"save\"}"}]}
RESULT: {"script":"<script> [1562 bytes]","args":[{"selector":{"controlType":"sap.m.Button","viewName":"etm.portal.ui.managerequests.view.NewRequest","i18NText":{"propertyName":"tooltip","key":"save"},"interaction":{"idSuffix":"content"}},"wdio_ui5_key":"etmportal.ui.managerequests.view.NewRequestsap.m.Button{\"propertyName\":\"tooltip\",\"key\":\"save\"}"}]}
RESULT: undefined
COMMAND: POST /session/3ad3ed370b5892314835873e8b06bae6/element - {"using":"xpath","value":"//*[@id=\"__button107\"]"}
RESULT: {"using":"xpath","value":"//*[@id=\"__button107\"]"}
COMMAND: POST /session/3ad3ed370b5892314835873e8b06bae6/element/f.66C564F48E23224A49CD761FFC4FB84D.d.27947F84EFDAA0DA0FDCEB18EA0DD048.e.5619/click - {}
RESULT: {}
COMMAND: GET /session/3ad3ed370b5892314835873e8b06bae6/screenshot - {}
RESULT: {}
COMMAND: POST /session/3ad3ed370b5892314835873e8b06bae6/execute/async - {"script":"<script> [1562 bytes]","args":[{"selector":{"controlType":"sap.m.Title","properties":{"text":"Success"},"searchOpenDialogs":true},"wdio_ui5_key":"sapm.Title{\"text\":\"Success\"}"}]}
RESULT: {"script":"<script> [1562 bytes]","args":[{"selector":{"controlType":"sap.m.Title","properties":{"text":"Success"},"searchOpenDialogs":true},"wdio_ui5_key":"sapm.Title{\"text\":\"Success\"}"}]}
RESULT: undefined
COMMAND: POST /session/3ad3ed370b5892314835873e8b06bae6/execute/async - {"script":"<script> [6424 bytes]","args":[{"element-6066-11e4-a52e-4f735466cecf":"f.66C564F48E23224A49CD761FFC4FB84D.d.27947F84EFDAA0DA0FDCEB18EA0DD048.e.5899"},"getText",[]]}
RESULT: {"script":"<script> [6424 bytes]","args":[{"element-6066-11e4-a52e-4f735466cecf":"f.66C564F48E23224A49CD761FFC4FB84D.d.27947F84EFDAA0DA0FDCEB18EA0DD048.e.5899"},"getText",[]]}
COMMAND: POST /session/3ad3ed370b5892314835873e8b06bae6/execute/async - {"script":"<script> [1562 bytes]","args":[{"selector":{"controlType":"sap.m.Button","properties":{"text":"Close"},"searchOpenDialogs":true,"interaction":{"idSuffix":"BDI-content"}},"wdio_ui5_key":"sapm.Button{\"text\":\"Close\"}"}]}
RESULT: {"script":"<script> [1562 bytes]","args":[{"selector":{"controlType":"sap.m.Button","properties":{"text":"Close"},"searchOpenDialogs":true,"interaction":{"idSuffix":"BDI-content"}},"wdio_ui5_key":"sapm.Button{\"text\":\"Close\"}"}]}
RESULT: undefined
COMMAND: POST /session/3ad3ed370b5892314835873e8b06bae6/element - {"using":"xpath","value":"//*[@id=\"__mbox-btn-4\"]"}
RESULT: {"using":"xpath","value":"//*[@id=\"__mbox-btn-4\"]"}
COMMAND: POST /session/3ad3ed370b5892314835873e8b06bae6/element/f.66C564F48E23224A49CD761FFC4FB84D.d.27947F84EFDAA0DA0FDCEB18EA0DD048.e.5897/click - {}
RESULT: {}
COMMAND: GET /session/3ad3ed370b5892314835873e8b06bae6/screenshot - {}
RESULT: {}
COMMAND: POST /session/3ad3ed370b5892314835873e8b06bae6/execute/async - {"script":"<script> [1562 bytes]","args":[{"selector":{"controlType":"sap.m.Text","viewName":"etm.portal.ui.managerequests.view.Detail","bindingPath":{"propertyPath":"NO","modelName":"catalogModel"}},"wdio_ui5_key":"etmportal.ui.managerequests.view.Detailsap.m.Text{\"propertyPath\":\"NO\",\"modelName\":\"catalogModel\"}"}]}
RESULT: {"script":"<script> [1562 bytes]","args":[{"selector":{"controlType":"sap.m.Text","viewName":"etm.portal.ui.managerequests.view.Detail","bindingPath":{"propertyPath":"NO","modelName":"catalogModel"}},"wdio_ui5_key":"etmportal.ui.managerequests.view.Detailsap.m.Text{\"propertyPath\":\"NO\",\"modelName\":\"catalogModel\"}"}]}
RESULT: undefined
COMMAND: POST /session/3ad3ed370b5892314835873e8b06bae6/execute/async - {"script":"<script> [6424 bytes]","args":[{"element-6066-11e4-a52e-4f735466cecf":"f.66C564F48E23224A49CD761FFC4FB84D.d.27947F84EFDAA0DA0FDCEB18EA0DD048.e.6024"},"getText",[]]}
RESULT: {"script":"<script> [6424 bytes]","args":[{"element-6066-11e4-a52e-4f735466cecf":"f.66C564F48E23224A49CD761FFC4FB84D.d.27947F84EFDAA0DA0FDCEB18EA0DD048.e.6024"},"getText",[]]}
COMMAND: POST /session/3ad3ed370b5892314835873e8b06bae6/execute/async - {"script":"<script> [1562 bytes]","args":[{"selector":{"controlType":"sap.ui.core.Icon","viewName":"etm.portal.ui.managerequests.view.Detail","properties":{"src":{"regex":{"source":"date\\-time"}}},"ancestor":{"controlType":"sap.m.ColumnListItem","viewName":"etm.portal.ui.managerequests.view.Detail","bindingPath":{"path":"/SmartRequestItemsPlanningBoard(ITEM=10m,REQUEST='20185')"},"ancestor":{"id":"requestItemsTable","viewName":"etm.portal.ui.managerequests.view.Detail"}}},"wdio_ui5_key":"etmportal.ui.managerequests.view.Detailsap.ui.core.Icon{\"src\":{\"regex\":{\"source\":\"date\\\\-time\"}}}{\"controlType\":\"sap.m.ColumnListItem\",\"viewName\":\"etm.portal.ui.managerequests.view.Detail\",\"bindingPath\":{\"path\":\"/SmartRequestItemsPlanningBoard(ITEM=10m,REQUEST='20185')\"},\"ancestor\":{\"id\":\"requestItemsTable\",\"viewName\":\"etm.portal.ui.managerequests.view.Detail\"}}"}]}
RESULT: {"script":"<script> [1562 bytes]","args":[{"selector":{"controlType":"sap.ui.core.Icon","viewName":"etm.portal.ui.managerequests.view.Detail","properties":{"src":{"regex":{"source":"date\\-time"}}},"ancestor":{"controlType":"sap.m.ColumnListItem","viewName":"etm.portal.ui.managerequests.view.Detail","bindingPath":{"path":"/SmartRequestItemsPlanningBoard(ITEM=10m,REQUEST='20185')"},"ancestor":{"id":"requestItemsTable","viewName":"etm.portal.ui.managerequests.view.Detail"}}},"wdio_ui5_key":"etmportal.ui.managerequests.view.Detailsap.ui.core.Icon{\"src\":{\"regex\":{\"source\":\"date\\\\-time\"}}}{\"controlType\":\"sap.m.ColumnListItem\",\"viewName\":\"etm.portal.ui.managerequests.view.Detail\",\"bindingPath\":{\"path\":\"/SmartRequestItemsPlanningBoard(ITEM=10m,REQUEST='20185')\"},\"ancestor\":{\"id\":\"requestItemsTable\",\"viewName\":\"etm.portal.ui.managerequests.view.Detail\"}}"}]}
RESULT: undefined
COMMAND: POST /session/3ad3ed370b5892314835873e8b06bae6/element - {"using":"xpath","value":"//*[@id=\"__button137-__clone7619-img\"]"}
RESULT: {"using":"xpath","value":"//*[@id=\"__button137-__clone7619-img\"]"}
COMMAND: POST /session/3ad3ed370b5892314835873e8b06bae6/element/f.66C564F48E23224A49CD761FFC4FB84D.d.27947F84EFDAA0DA0FDCEB18EA0DD048.e.6025/click - {}
RESULT: {}
COMMAND: POST /session/3ad3ed370b5892314835873e8b06bae6/execute/async - {"script":"<script> [1562 bytes]","args":[{"selector":{"controlType":"sap.m.Button","viewName":"etm.portal.ui.managerequests.view.Detail","properties":{"text":"Close"},"searchOpenDialogs":true,"interaction":{"idSuffix":"BDI-content"}},"wdio_ui5_key":"etmportal.ui.managerequests.view.Detailsap.m.Button{\"text\":\"Close\"}"}]}
COMMAND: GET /session/3ad3ed370b5892314835873e8b06bae6/screenshot - {}
RESULT: {"script":"<script> [1562 bytes]","args":[{"selector":{"controlType":"sap.m.Button","viewName":"etm.portal.ui.managerequests.view.Detail","properties":{"text":"Close"},"searchOpenDialogs":true,"interaction":{"idSuffix":"BDI-content"}},"wdio_ui5_key":"etmportal.ui.managerequests.view.Detailsap.m.Button{\"text\":\"Close\"}"}]}
RESULT: undefined
COMMAND: POST /session/3ad3ed370b5892314835873e8b06bae6/element - {"using":"xpath","value":"//*[@id=\"__button147\"]"}
RESULT: {}
RESULT: {"using":"xpath","value":"//*[@id=\"__button147\"]"}
COMMAND: POST /session/3ad3ed370b5892314835873e8b06bae6/element/f.66C564F48E23224A49CD761FFC4FB84D.d.27947F84EFDAA0DA0FDCEB18EA0DD048.e.6027/click - {}
RESULT: {}
COMMAND: POST /session/3ad3ed370b5892314835873e8b06bae6/execute/async - {"script":"<script> [1562 bytes]","args":[{"selector":{"controlType":"sap.ui.core.Icon","viewName":"etm.portal.ui.managerequests.view.Detail","properties":{"src":{"regex":{"source":"date\\-time"}}},"ancestor":{"controlType":"sap.m.ColumnListItem","viewName":"etm.portal.ui.managerequests.view.Detail","bindingPath":{"path":"/SmartRequestItemsPlanningBoard(ITEM=20m,REQUEST='20185')"},"ancestor":{"id":"requestItemsTable","viewName":"etm.portal.ui.managerequests.view.Detail"}}},"wdio_ui5_key":"etmportal.ui.managerequests.view.Detailsap.ui.core.Icon{\"src\":{\"regex\":{\"source\":\"date\\\\-time\"}}}{\"controlType\":\"sap.m.ColumnListItem\",\"viewName\":\"etm.portal.ui.managerequests.view.Detail\",\"bindingPath\":{\"path\":\"/SmartRequestItemsPlanningBoard(ITEM=20m,REQUEST='20185')\"},\"ancestor\":{\"id\":\"requestItemsTable\",\"viewName\":\"etm.portal.ui.managerequests.view.Detail\"}}"}]}
COMMAND: GET /session/3ad3ed370b5892314835873e8b06bae6/screenshot - {}
RESULT: {"script":"<script> [1562 bytes]","args":[{"selector":{"controlType":"sap.ui.core.Icon","viewName":"etm.portal.ui.managerequests.view.Detail","properties":{"src":{"regex":{"source":"date\\-time"}}},"ancestor":{"controlType":"sap.m.ColumnListItem","viewName":"etm.portal.ui.managerequests.view.Detail","bindingPath":{"path":"/SmartRequestItemsPlanningBoard(ITEM=20m,REQUEST='20185')"},"ancestor":{"id":"requestItemsTable","viewName":"etm.portal.ui.managerequests.view.Detail"}}},"wdio_ui5_key":"etmportal.ui.managerequests.view.Detailsap.ui.core.Icon{\"src\":{\"regex\":{\"source\":\"date\\\\-time\"}}}{\"controlType\":\"sap.m.ColumnListItem\",\"viewName\":\"etm.portal.ui.managerequests.view.Detail\",\"bindingPath\":{\"path\":\"/SmartRequestItemsPlanningBoard(ITEM=20m,REQUEST='20185')\"},\"ancestor\":{\"id\":\"requestItemsTable\",\"viewName\":\"etm.portal.ui.managerequests.view.Detail\"}}"}]}
RESULT: undefined
COMMAND: POST /session/3ad3ed370b5892314835873e8b06bae6/element - {"using":"xpath","value":"//*[@id=\"__button137-__clone7620-img\"]"}
RESULT: {}
RESULT: {"using":"xpath","value":"//*[@id=\"__button137-__clone7620-img\"]"}
COMMAND: POST /session/3ad3ed370b5892314835873e8b06bae6/element/f.66C564F48E23224A49CD761FFC4FB84D.d.27947F84EFDAA0DA0FDCEB18EA0DD048.e.6038/click - {}
RESULT: {}
RESULT: undefined
COMMAND: POST /session/3ad3ed370b5892314835873e8b06bae6/element - {"using":"xpath","value":"//*[@id=\"__button147\"]"}
COMMAND: GET /session/3ad3ed370b5892314835873e8b06bae6/screenshot - {}
RESULT: {"using":"xpath","value":"//*[@id=\"__button147\"]"}
COMMAND: POST /session/3ad3ed370b5892314835873e8b06bae6/elements - {"using":"xpath","value":"//*[@id=\"__button147\"]"}
RESULT: {}
RESULT: {"using":"xpath","value":"//*[@id=\"__button147\"]"}
COMMAND: POST /session/3ad3ed370b5892314835873e8b06bae6/element - {"using":"xpath","value":"//*[@id=\"__button147\"]"}
RESULT: {"using":"xpath","value":"//*[@id=\"__button147\"]"}
COMMAND: POST /session/3ad3ed370b5892314835873e8b06bae6/element/f.66C564F48E23224A49CD761FFC4FB84D.d.27947F84EFDAA0DA0FDCEB18EA0DD048.e.6043/click - {}
RESULT: {}
COMMAND: POST /session/3ad3ed370b5892314835873e8b06bae6/element - {"using":"css selector","value":"#shell-header-logo"}
COMMAND: GET /session/3ad3ed370b5892314835873e8b06bae6/screenshot - {}
RESULT: {"using":"css selector","value":"#shell-header-logo"}
COMMAND: POST /session/3ad3ed370b5892314835873e8b06bae6/element/f.66C564F48E23224A49CD761FFC4FB84D.d.27947F84EFDAA0DA0FDCEB18EA0DD048.e.5371/click - {}
RESULT: {}
RESULT: {}
COMMAND: GET /session/3ad3ed370b5892314835873e8b06bae6/screenshot - {}
RESULT: {}
]]></system-out>
    </testcase>
    <testcase classname="chrome.136_0_7103_93.windows.Standard_contract_-_add_contract_items_by_Insert_Request_US118222" name="Should insert the request into the contract" time="57.219">
      <system-out><![CDATA[
RESULT: undefined
COMMAND: POST /session/3ad3ed370b5892314835873e8b06bae6/element - {"using":"xpath","value":"//*[@id=\"__tile130\"]"}
RESULT: {"using":"xpath","value":"//*[@id=\"__tile130\"]"}
COMMAND: POST /session/3ad3ed370b5892314835873e8b06bae6/element/f.66C564F48E23224A49CD761FFC4FB84D.d.27947F84EFDAA0DA0FDCEB18EA0DD048.e.4897/click - {}
RESULT: {}
COMMAND: GET /session/3ad3ed370b5892314835873e8b06bae6/screenshot - {}
RESULT: {}
COMMAND: POST /session/3ad3ed370b5892314835873e8b06bae6/elements - {"using":"xpath","value":"//span[text()='Error']"}
RESULT: {"using":"xpath","value":"//span[text()='Error']"}
COMMAND: POST /session/3ad3ed370b5892314835873e8b06bae6/execute/async - {"script":"<script> [1562 bytes]","args":[{"selector":{"controlType":"sap.m.SearchField","viewName":"etm.portal.ui.managecontracts.view.Master","bindingPath":{"path":"","propertyPath":"/_BASIC_SEARCH_FIELD","modelName":"fi1t3rM0d31"},"interaction":{"idSuffix":"I"}},"wdio_ui5_key":"etmportal.ui.managecontracts.view.Mastersap.m.SearchField{\"path\":\"\",\"propertyPath\":\"/_BASIC_SEARCH_FIELD\",\"modelName\":\"fi1t3rM0d31\"}"}]}
RESULT: {"script":"<script> [1562 bytes]","args":[{"selector":{"controlType":"sap.m.SearchField","viewName":"etm.portal.ui.managecontracts.view.Master","bindingPath":{"path":"","propertyPath":"/_BASIC_SEARCH_FIELD","modelName":"fi1t3rM0d31"},"interaction":{"idSuffix":"I"}},"wdio_ui5_key":"etmportal.ui.managecontracts.view.Mastersap.m.SearchField{\"path\":\"\",\"propertyPath\":\"/_BASIC_SEARCH_FIELD\",\"modelName\":\"fi1t3rM0d31\"}"}]}
RESULT: undefined
COMMAND: POST /session/3ad3ed370b5892314835873e8b06bae6/execute/async - {"script":"<script> [776 bytes]","args":[{"enterText":"10408","selector":{"controlType":"sap.m.SearchField","viewName":"etm.portal.ui.managecontracts.view.Master","bindingPath":{"path":"","propertyPath":"/_BASIC_SEARCH_FIELD","modelName":"fi1t3rM0d31"},"interaction":{"idSuffix":"I"}},"clearTextFirst":true,"interactionType":"ENTER_TEXT"}]}
RESULT: {"script":"<script> [776 bytes]","args":[{"enterText":"10408","selector":{"controlType":"sap.m.SearchField","viewName":"etm.portal.ui.managecontracts.view.Master","bindingPath":{"path":"","propertyPath":"/_BASIC_SEARCH_FIELD","modelName":"fi1t3rM0d31"},"interaction":{"idSuffix":"I"}},"clearTextFirst":true,"interactionType":"ENTER_TEXT"}]}
COMMAND: POST /session/3ad3ed370b5892314835873e8b06bae6/actions - {"actions":[{"id":"action31","type":"key","parameters":{},"actions":[{"type":"keyDown","value":""},{"type":"pause","duration":10},{"type":"keyUp","value":""}]}]}
RESULT: {"actions":[{"id":"action31","type":"key","parameters":{},"actions":[{"type":"keyDown","value":""},{"type":"pause","duration":10},{"type":"keyUp","value":""}]}]}
COMMAND: GET /session/3ad3ed370b5892314835873e8b06bae6/screenshot - {}
RESULT: {}
COMMAND: POST /session/3ad3ed370b5892314835873e8b06bae6/execute/async - {"script":"<script> [1562 bytes]","args":[{"selector":{"controlType":"sap.ui.core.Icon","viewName":"etm.portal.ui.managecontracts.view.Master","properties":{"src":{"regex":{"source":"slim\\-arrow\\-right"}}}},"wdio_ui5_key":"etmportal.ui.managecontracts.view.Mastersap.ui.core.Icon{\"src\":{\"regex\":{\"source\":\"slim\\\\-arrow\\\\-right\"}}}"}]}
RESULT: {"script":"<script> [1562 bytes]","args":[{"selector":{"controlType":"sap.ui.core.Icon","viewName":"etm.portal.ui.managecontracts.view.Master","properties":{"src":{"regex":{"source":"slim\\-arrow\\-right"}}}},"wdio_ui5_key":"etmportal.ui.managecontracts.view.Mastersap.ui.core.Icon{\"src\":{\"regex\":{\"source\":\"slim\\\\-arrow\\\\-right\"}}}"}]}
RESULT: undefined
COMMAND: POST /session/3ad3ed370b5892314835873e8b06bae6/element - {"using":"xpath","value":"//*[@id=\"__item2356-__clone7732-imgNav\"]"}
RESULT: {"using":"xpath","value":"//*[@id=\"__item2356-__clone7732-imgNav\"]"}
COMMAND: POST /session/3ad3ed370b5892314835873e8b06bae6/element/f.66C564F48E23224A49CD761FFC4FB84D.d.27947F84EFDAA0DA0FDCEB18EA0DD048.e.6169/click - {}
RESULT: {}
COMMAND: POST /session/3ad3ed370b5892314835873e8b06bae6/execute/async - {"script":"<script> [1562 bytes]","args":[{"selector":{"id":"addRequestItemBtn","viewName":"etm.portal.ui.managecontracts.view.Detail","interaction":{"idSuffix":"BDI-content"}},"wdio_ui5_key":"addRequestItemBtnetmportal.ui.managecontracts.view.Detail"}]}
COMMAND: GET /session/3ad3ed370b5892314835873e8b06bae6/screenshot - {}
RESULT: {"script":"<script> [1562 bytes]","args":[{"selector":{"id":"addRequestItemBtn","viewName":"etm.portal.ui.managecontracts.view.Detail","interaction":{"idSuffix":"BDI-content"}},"wdio_ui5_key":"addRequestItemBtnetmportal.ui.managecontracts.view.Detail"}]}
RESULT: undefined
COMMAND: POST /session/3ad3ed370b5892314835873e8b06bae6/element - {"using":"xpath","value":"//*[@id=\"__xmlview64--addRequestItemBtn\"]"}
RESULT: {}
RESULT: {"using":"xpath","value":"//*[@id=\"__xmlview64--addRequestItemBtn\"]"}
COMMAND: POST /session/3ad3ed370b5892314835873e8b06bae6/element/f.66C564F48E23224A49CD761FFC4FB84D.d.27947F84EFDAA0DA0FDCEB18EA0DD048.e.6246/click - {}
RESULT: {}
COMMAND: GET /session/3ad3ed370b5892314835873e8b06bae6/screenshot - {}
RESULT: {}
COMMAND: POST /session/3ad3ed370b5892314835873e8b06bae6/element - {"using":"xpath","value":"//div[contains(@id ,\"popupRequestTable-sa-CbBg\")]"}
RESULT: {"using":"xpath","value":"//div[contains(@id ,\"popupRequestTable-sa-CbBg\")]"}
COMMAND: POST /session/3ad3ed370b5892314835873e8b06bae6/element/f.66C564F48E23224A49CD761FFC4FB84D.d.27947F84EFDAA0DA0FDCEB18EA0DD048.e.6356/click - {}
RESULT: {}
COMMAND: GET /session/3ad3ed370b5892314835873e8b06bae6/screenshot - {}
RESULT: {}
COMMAND: POST /session/3ad3ed370b5892314835873e8b06bae6/execute/async - {"script":"<script> [1562 bytes]","args":[{"selector":{"controlType":"sap.m.Button","viewName":"etm.portal.ui.managecontracts.view.Detail","i18NText":{"propertyName":"text","key":"selectionDone"},"searchOpenDialogs":true,"interaction":{"idSuffix":"BDI-content"}},"wdio_ui5_key":"etmportal.ui.managecontracts.view.Detailsap.m.Button{\"propertyName\":\"text\",\"key\":\"selectionDone\"}"}]}
RESULT: {"script":"<script> [1562 bytes]","args":[{"selector":{"controlType":"sap.m.Button","viewName":"etm.portal.ui.managecontracts.view.Detail","i18NText":{"propertyName":"text","key":"selectionDone"},"searchOpenDialogs":true,"interaction":{"idSuffix":"BDI-content"}},"wdio_ui5_key":"etmportal.ui.managecontracts.view.Detailsap.m.Button{\"propertyName\":\"text\",\"key\":\"selectionDone\"}"}]}
RESULT: undefined
COMMAND: POST /session/3ad3ed370b5892314835873e8b06bae6/element - {"using":"xpath","value":"//*[@id=\"__button158\"]"}
RESULT: {"using":"xpath","value":"//*[@id=\"__button158\"]"}
COMMAND: POST /session/3ad3ed370b5892314835873e8b06bae6/element/f.66C564F48E23224A49CD761FFC4FB84D.d.27947F84EFDAA0DA0FDCEB18EA0DD048.e.6359/click - {}
RESULT: {}
COMMAND: POST /session/3ad3ed370b5892314835873e8b06bae6/execute/async - {"script":"<script> [1562 bytes]","args":[{"selector":{"controlType":"sap.m.Text","properties":{"text":"Started processing request items into the contract."},"searchOpenDialogs":true},"wdio_ui5_key":"sapm.Text{\"text\":\"Started processing request items into the contract.\"}"}]}
COMMAND: GET /session/3ad3ed370b5892314835873e8b06bae6/screenshot - {}
RESULT: {"script":"<script> [1562 bytes]","args":[{"selector":{"controlType":"sap.m.Text","properties":{"text":"Started processing request items into the contract."},"searchOpenDialogs":true},"wdio_ui5_key":"sapm.Text{\"text\":\"Started processing request items into the contract.\"}"}]}
RESULT: undefined
COMMAND: POST /session/3ad3ed370b5892314835873e8b06bae6/execute/async - {"script":"<script> [6424 bytes]","args":[{"element-6066-11e4-a52e-4f735466cecf":"f.66C564F48E23224A49CD761FFC4FB84D.d.27947F84EFDAA0DA0FDCEB18EA0DD048.e.6361"},"getText",[]]}
RESULT: {}
RESULT: {"script":"<script> [6424 bytes]","args":[{"element-6066-11e4-a52e-4f735466cecf":"f.66C564F48E23224A49CD761FFC4FB84D.d.27947F84EFDAA0DA0FDCEB18EA0DD048.e.6361"},"getText",[]]}
COMMAND: POST /session/3ad3ed370b5892314835873e8b06bae6/execute/async - {"script":"<script> [1562 bytes]","args":[{"selector":{"controlType":"sap.m.Button","properties":{"text":"OK"},"searchOpenDialogs":true,"interaction":{"idSuffix":"inner"}},"wdio_ui5_key":"sapm.Button{\"text\":\"OK\"}"}]}
RESULT: {"script":"<script> [1562 bytes]","args":[{"selector":{"controlType":"sap.m.Button","properties":{"text":"OK"},"searchOpenDialogs":true,"interaction":{"idSuffix":"inner"}},"wdio_ui5_key":"sapm.Button{\"text\":\"OK\"}"}]}
RESULT: undefined
COMMAND: POST /session/3ad3ed370b5892314835873e8b06bae6/element - {"using":"xpath","value":"//*[@id=\"__mbox-btn-5\"]"}
RESULT: {"using":"xpath","value":"//*[@id=\"__mbox-btn-5\"]"}
COMMAND: POST /session/3ad3ed370b5892314835873e8b06bae6/element/f.66C564F48E23224A49CD761FFC4FB84D.d.27947F84EFDAA0DA0FDCEB18EA0DD048.e.6360/click - {}
RESULT: {}
COMMAND: POST /session/3ad3ed370b5892314835873e8b06bae6/execute/async - {"script":"<script> [1562 bytes]","args":[{"selector":{"id":"headerBillingItemsTabFilter","viewName":"etm.portal.ui.managecontracts.view.Detail","interaction":{"idSuffix":"text"}},"wdio_ui5_key":"headerBillingItemsTabFilteretmportal.ui.managecontracts.view.Detail"}]}
COMMAND: GET /session/3ad3ed370b5892314835873e8b06bae6/screenshot - {}
RESULT: {"script":"<script> [1562 bytes]","args":[{"selector":{"id":"headerBillingItemsTabFilter","viewName":"etm.portal.ui.managecontracts.view.Detail","interaction":{"idSuffix":"text"}},"wdio_ui5_key":"headerBillingItemsTabFilteretmportal.ui.managecontracts.view.Detail"}]}
RESULT: undefined
COMMAND: POST /session/3ad3ed370b5892314835873e8b06bae6/element - {"using":"xpath","value":"//*[@id=\"__xmlview64--headerBillingItemsTabFilter\"]"}
RESULT: {}
RESULT: {"using":"xpath","value":"//*[@id=\"__xmlview64--headerBillingItemsTabFilter\"]"}
COMMAND: POST /session/3ad3ed370b5892314835873e8b06bae6/element/f.66C564F48E23224A49CD761FFC4FB84D.d.27947F84EFDAA0DA0FDCEB18EA0DD048.e.6371/click - {}
RESULT: {}
COMMAND: GET /session/3ad3ed370b5892314835873e8b06bae6/screenshot - {}
RESULT: {}
COMMAND: POST /session/3ad3ed370b5892314835873e8b06bae6/execute/async - {"script":"<script> [1562 bytes]","args":[{"selector":{"controlType":"sap.ui.core.Icon","viewName":"etm.portal.ui.managecontracts.view.Detail","properties":{"src":{"regex":{"source":"synchronize"}}}},"wdio_ui5_key":"etmportal.ui.managecontracts.view.Detailsap.ui.core.Icon{\"src\":{\"regex\":{\"source\":\"synchronize\"}}}"}]}
RESULT: {"script":"<script> [1562 bytes]","args":[{"selector":{"controlType":"sap.ui.core.Icon","viewName":"etm.portal.ui.managecontracts.view.Detail","properties":{"src":{"regex":{"source":"synchronize"}}}},"wdio_ui5_key":"etmportal.ui.managecontracts.view.Detailsap.ui.core.Icon{\"src\":{\"regex\":{\"source\":\"synchronize\"}}}"}]}
RESULT: undefined
COMMAND: POST /session/3ad3ed370b5892314835873e8b06bae6/element - {"using":"xpath","value":"//*[@id=\"__xmlview64--btnToggleUpdate-img\"]"}
RESULT: {"using":"xpath","value":"//*[@id=\"__xmlview64--btnToggleUpdate-img\"]"}
COMMAND: POST /session/3ad3ed370b5892314835873e8b06bae6/element/f.66C564F48E23224A49CD761FFC4FB84D.d.27947F84EFDAA0DA0FDCEB18EA0DD048.e.6245/click - {}
RESULT: {}
COMMAND: GET /session/3ad3ed370b5892314835873e8b06bae6/screenshot - {}
RESULT: {}
RESULT: undefined
COMMAND: POST /session/3ad3ed370b5892314835873e8b06bae6/element - {"using":"xpath","value":"//*[@id=\"__xmlview64--headerBillingItemsTabFilter\"]"}
RESULT: {"using":"xpath","value":"//*[@id=\"__xmlview64--headerBillingItemsTabFilter\"]"}
COMMAND: POST /session/3ad3ed370b5892314835873e8b06bae6/element/f.66C564F48E23224A49CD761FFC4FB84D.d.27947F84EFDAA0DA0FDCEB18EA0DD048.e.6371/click - {}
RESULT: {}
COMMAND: POST /session/3ad3ed370b5892314835873e8b06bae6/execute/async - {"script":"<script> [1562 bytes]","args":[{"selector":{"controlType":"sap.m.Title","viewName":"etm.portal.ui.managecontracts.view.Detail","properties":{"text":"Contract Items (2)"}},"wdio_ui5_key":"etmportal.ui.managecontracts.view.Detailsap.m.Title{\"text\":\"Contract Items (2)\"}"}]}
COMMAND: GET /session/3ad3ed370b5892314835873e8b06bae6/screenshot - {}
RESULT: {"script":"<script> [1562 bytes]","args":[{"selector":{"controlType":"sap.m.Title","viewName":"etm.portal.ui.managecontracts.view.Detail","properties":{"text":"Contract Items (2)"}},"wdio_ui5_key":"etmportal.ui.managecontracts.view.Detailsap.m.Title{\"text\":\"Contract Items (2)\"}"}]}
RESULT: undefined
COMMAND: POST /session/3ad3ed370b5892314835873e8b06bae6/execute/async - {"script":"<script> [6424 bytes]","args":[{"element-6066-11e4-a52e-4f735466cecf":"f.66C564F48E23224A49CD761FFC4FB84D.d.27947F84EFDAA0DA0FDCEB18EA0DD048.e.6379"},"getText",[]]}
RESULT: {}
RESULT: {"script":"<script> [6424 bytes]","args":[{"element-6066-11e4-a52e-4f735466cecf":"f.66C564F48E23224A49CD761FFC4FB84D.d.27947F84EFDAA0DA0FDCEB18EA0DD048.e.6379"},"getText",[]]}
COMMAND: POST /session/3ad3ed370b5892314835873e8b06bae6/execute/async - {"script":"<script> [1562 bytes]","args":[{"selector":{"controlType":"sap.m.ObjectStatus","viewName":"etm.portal.ui.managecontracts.view.Detail","bindingPath":{"path":"/SmartContractItems(CONTRACT='10408',ITEM=10m,SUB_ITEM=0m)","propertyPath":"STATUS"}},"wdio_ui5_key":"etmportal.ui.managecontracts.view.Detailsap.m.ObjectStatus{\"path\":\"/SmartContractItems(CONTRACT='10408',ITEM=10m,SUB_ITEM=0m)\",\"propertyPath\":\"STATUS\"}"}]}
RESULT: {"script":"<script> [1562 bytes]","args":[{"selector":{"controlType":"sap.m.ObjectStatus","viewName":"etm.portal.ui.managecontracts.view.Detail","bindingPath":{"path":"/SmartContractItems(CONTRACT='10408',ITEM=10m,SUB_ITEM=0m)","propertyPath":"STATUS"}},"wdio_ui5_key":"etmportal.ui.managecontracts.view.Detailsap.m.ObjectStatus{\"path\":\"/SmartContractItems(CONTRACT='10408',ITEM=10m,SUB_ITEM=0m)\",\"propertyPath\":\"STATUS\"}"}]}
RESULT: undefined
COMMAND: POST /session/3ad3ed370b5892314835873e8b06bae6/execute/async - {"script":"<script> [6424 bytes]","args":[{"element-6066-11e4-a52e-4f735466cecf":"f.66C564F48E23224A49CD761FFC4FB84D.d.27947F84EFDAA0DA0FDCEB18EA0DD048.e.6381"},"getText",[]]}
RESULT: {"script":"<script> [6424 bytes]","args":[{"element-6066-11e4-a52e-4f735466cecf":"f.66C564F48E23224A49CD761FFC4FB84D.d.27947F84EFDAA0DA0FDCEB18EA0DD048.e.6381"},"getText",[]]}
COMMAND: POST /session/3ad3ed370b5892314835873e8b06bae6/execute/async - {"script":"<script> [1562 bytes]","args":[{"selector":{"controlType":"sap.m.ObjectStatus","viewName":"etm.portal.ui.managecontracts.view.Detail","bindingPath":{"path":"/SmartContractItems(CONTRACT='10408',ITEM=20m,SUB_ITEM=0m)","propertyPath":"STATUS"}},"wdio_ui5_key":"etmportal.ui.managecontracts.view.Detailsap.m.ObjectStatus{\"path\":\"/SmartContractItems(CONTRACT='10408',ITEM=20m,SUB_ITEM=0m)\",\"propertyPath\":\"STATUS\"}"}]}
RESULT: {"script":"<script> [1562 bytes]","args":[{"selector":{"controlType":"sap.m.ObjectStatus","viewName":"etm.portal.ui.managecontracts.view.Detail","bindingPath":{"path":"/SmartContractItems(CONTRACT='10408',ITEM=20m,SUB_ITEM=0m)","propertyPath":"STATUS"}},"wdio_ui5_key":"etmportal.ui.managecontracts.view.Detailsap.m.ObjectStatus{\"path\":\"/SmartContractItems(CONTRACT='10408',ITEM=20m,SUB_ITEM=0m)\",\"propertyPath\":\"STATUS\"}"}]}
RESULT: undefined
COMMAND: POST /session/3ad3ed370b5892314835873e8b06bae6/execute/async - {"script":"<script> [6424 bytes]","args":[{"element-6066-11e4-a52e-4f735466cecf":"f.66C564F48E23224A49CD761FFC4FB84D.d.27947F84EFDAA0DA0FDCEB18EA0DD048.e.6382"},"getText",[]]}
RESULT: {"script":"<script> [6424 bytes]","args":[{"element-6066-11e4-a52e-4f735466cecf":"f.66C564F48E23224A49CD761FFC4FB84D.d.27947F84EFDAA0DA0FDCEB18EA0DD048.e.6382"},"getText",[]]}
]]></system-out>
    </testcase>
  </testsuite>
  <testsuite timestamp="2025-05-30T18:08:54" time="97.198" tests="1" failures="0" errors="0" skipped="0">
    <properties>
      <property name="specId" value="0"/>
      <property name="suiteName" value="Manage contracts - revert request US152962"/>
      <property name="capabilities" value="chrome.136_0_7103_93.windows"/>
      <property name="file" value="file:///D:/a/1/s/test/specs/R2C/manage-contracts-revert-request.spec.js"/>
    </properties>
    <testcase classname="chrome.136_0_7103_93.windows.Manage_contracts_-_revert_request_US152962" name="Should revert the request" time="97.195">
      <system-out><![CDATA[
COMMAND: POST /session/3ad3ed370b5892314835873e8b06bae6/execute/async - {"script":"<script> [1562 bytes]","args":[{"selector":{"id":"revertPlanningBtn","viewName":"etm.portal.ui.managecontracts.view.Detail","interaction":{"idSuffix":"BDI-content"}},"wdio_ui5_key":"revertPlanningBtnetmportal.ui.managecontracts.view.Detail"}]}
RESULT: {"script":"<script> [1562 bytes]","args":[{"selector":{"id":"revertPlanningBtn","viewName":"etm.portal.ui.managecontracts.view.Detail","interaction":{"idSuffix":"BDI-content"}},"wdio_ui5_key":"revertPlanningBtnetmportal.ui.managecontracts.view.Detail"}]}
RESULT: undefined
COMMAND: POST /session/3ad3ed370b5892314835873e8b06bae6/element - {"using":"xpath","value":"//*[@id=\"__xmlview64--revertPlanningBtn\"]"}
RESULT: {"using":"xpath","value":"//*[@id=\"__xmlview64--revertPlanningBtn\"]"}
COMMAND: POST /session/3ad3ed370b5892314835873e8b06bae6/element/f.66C564F48E23224A49CD761FFC4FB84D.d.27947F84EFDAA0DA0FDCEB18EA0DD048.e.6249/click - {}
RESULT: {}
COMMAND: POST /session/3ad3ed370b5892314835873e8b06bae6/element - {"using":"xpath","value":"(//div[contains(@id ,\"selectMulti-CbBg\")])[2]"}
COMMAND: GET /session/3ad3ed370b5892314835873e8b06bae6/screenshot - {}
RESULT: {"using":"xpath","value":"(//div[contains(@id ,\"selectMulti-CbBg\")])[2]"}
COMMAND: POST /session/3ad3ed370b5892314835873e8b06bae6/element/f.66C564F48E23224A49CD761FFC4FB84D.d.27947F84EFDAA0DA0FDCEB18EA0DD048.e.6429/click - {}
RESULT: {}
RESULT: {}
COMMAND: GET /session/3ad3ed370b5892314835873e8b06bae6/screenshot - {}
RESULT: {}
COMMAND: POST /session/3ad3ed370b5892314835873e8b06bae6/element - {"using":"xpath","value":"//span[contains(@id ,\"executeRevertPlanningBtn-content\")]"}
RESULT: {"using":"xpath","value":"//span[contains(@id ,\"executeRevertPlanningBtn-content\")]"}
COMMAND: POST /session/3ad3ed370b5892314835873e8b06bae6/element/f.66C564F48E23224A49CD761FFC4FB84D.d.27947F84EFDAA0DA0FDCEB18EA0DD048.e.6430/click - {}
RESULT: {}
COMMAND: GET /session/3ad3ed370b5892314835873e8b06bae6/screenshot - {}
RESULT: {}
COMMAND: POST /session/3ad3ed370b5892314835873e8b06bae6/actions - {"actions":[{"id":"action32","type":"key","parameters":{},"actions":[{"type":"keyDown","value":""},{"type":"pause","duration":10},{"type":"keyUp","value":""}]}]}
RESULT: {"actions":[{"id":"action32","type":"key","parameters":{},"actions":[{"type":"keyDown","value":""},{"type":"pause","duration":10},{"type":"keyUp","value":""}]}]}
COMMAND: GET /session/3ad3ed370b5892314835873e8b06bae6/screenshot - {}
RESULT: {}
COMMAND: POST /session/3ad3ed370b5892314835873e8b06bae6/refresh - {}
RESULT: {}
COMMAND: GET /session/3ad3ed370b5892314835873e8b06bae6/screenshot - {}
RESULT: {}
COMMAND: POST /session/3ad3ed370b5892314835873e8b06bae6/execute/async - {"script":"<script> [189 bytes]","args":[]}
RESULT: {"script":"<script> [189 bytes]","args":[]}
COMMAND: POST /session/3ad3ed370b5892314835873e8b06bae6/execute/async - {"script":"<script> [123 bytes]","args":[]}
RESULT: {"script":"<script> [123 bytes]","args":[]}
COMMAND: POST /session/3ad3ed370b5892314835873e8b06bae6/timeouts - {"script":"<number>"}
RESULT: {"script":"<number>"}
COMMAND: GET /session/3ad3ed370b5892314835873e8b06bae6/timeouts - {}
RESULT: {}
RESULT: undefined
COMMAND: POST /session/3ad3ed370b5892314835873e8b06bae6/execute/async - {"script":"<script> [2676 bytes]","args":[]}
RESULT: {"script":"<script> [2676 bytes]","args":[]}
COMMAND: POST /session/3ad3ed370b5892314835873e8b06bae6/execute/async - {"script":"<script> [2342 bytes]","args":[{"protocol":"http","hostname":"0.0.0.0","path":"/","capabilities":{"browserName":"chrome","goog:chromeOptions":{"binary":"C:\\Program Files\\Google\\Chrome\\Application\\chrome.exe","args":["--start-maximized"]}},"logLevel":"warn","connectionRetryTimeout":120000,"connectionRetryCount":3,"logLevels":{},"enableDirectConnect":true,"strictSSL":true,"_":"65 more keys: [\"cacheDir\",\"port\",\"requestedCapabilities\",\"automationProtocol\",\"baseUrl\",\"waitforInterval\",\"waitforTimeout\",\"onReload\",\"beforeCommand\",\"afterCommand\",\"rootDir\",\"specs\",\"suites\",\"exclude\",\"groupLogsByTestSpec\",\"excludeDriverLogs\",\"bail\",\"framework\",\"reporters\",\"services\",\"maxInstances\",\"maxInstancesPerCapability\",\"injectGlobals\",\"filesToWatch\",\"execArgv\",\"runnerEnv\",\"runner\",\"shard\",\"specFileRetries\",\"specFileRetriesDelay\",\"specFileRetriesDeferred\",\"reporterSyncInterval\",\"reporterSyncTimeout\",\"cucumberFeaturesWithLineNumbers\",\"autoCompileOpts\",\"mochaOpts\",\"jasmineOpts\",\"cucumberOpts\",\"onPrepare\",\"onWorkerStart\",\"onWorkerEnd\",\"before\",\"beforeSession\",\"beforeSuite\",\"beforeHook\",\"beforeTest\",\"afterTest\",\"afterHook\",\"afterSuite\",\"afterSession\",\"after\",\"onComplete\",\"beforeAssertion\",\"afterAssertion\",\"beforeFeature\",\"beforeScenario\",\"beforeStep\",\"afterStep\",\"afterScenario\",\"afterFeature\",\"_\",\"suite\",\"$0\",\"ignoredWorkerServices\",\"wdi5\"]"}]}
RESULT: {"script":"<script> [2342 bytes]","args":[{"protocol":"http","hostname":"0.0.0.0","path":"/","capabilities":{"browserName":"chrome","goog:chromeOptions":{"binary":"C:\\Program Files\\Google\\Chrome\\Application\\chrome.exe","args":["--start-maximized"]}},"logLevel":"warn","connectionRetryTimeout":120000,"connectionRetryCount":3,"logLevels":{},"enableDirectConnect":true,"strictSSL":true,"_":"65 more keys: [\"cacheDir\",\"port\",\"requestedCapabilities\",\"automationProtocol\",\"baseUrl\",\"waitforInterval\",\"waitforTimeout\",\"onReload\",\"beforeCommand\",\"afterCommand\",\"rootDir\",\"specs\",\"suites\",\"exclude\",\"groupLogsByTestSpec\",\"excludeDriverLogs\",\"bail\",\"framework\",\"reporters\",\"services\",\"maxInstances\",\"maxInstancesPerCapability\",\"injectGlobals\",\"filesToWatch\",\"execArgv\",\"runnerEnv\",\"runner\",\"shard\",\"specFileRetries\",\"specFileRetriesDelay\",\"specFileRetriesDeferred\",\"reporterSyncInterval\",\"reporterSyncTimeout\",\"cucumberFeaturesWithLineNumbers\",\"autoCompileOpts\",\"mochaOpts\",\"jasmineOpts\",\"cucumberOpts\",\"onPrepare\",\"onWorkerStart\",\"onWorkerEnd\",\"before\",\"beforeSession\",\"beforeSuite\",\"beforeHook\",\"beforeTest\",\"afterTest\",\"afterHook\",\"afterSuite\",\"afterSession\",\"after\",\"onComplete\",\"beforeAssertion\",\"afterAssertion\",\"beforeFeature\",\"beforeScenario\",\"beforeStep\",\"afterStep\",\"afterScenario\",\"afterFeature\",\"_\",\"suite\",\"$0\",\"ignoredWorkerServices\",\"wdi5\"]"}]}
COMMAND: POST /session/3ad3ed370b5892314835873e8b06bae6/execute/async - {"script":"<script> [21126 bytes]","args":[35000]}
RESULT: {"script":"<script> [21126 bytes]","args":[35000]}
COMMAND: POST /session/3ad3ed370b5892314835873e8b06bae6/execute/async - {"script":"<script> [1562 bytes]","args":[{"selector":{"controlType":"sap.m.Title","viewName":"etm.portal.ui.managecontracts.view.Detail","properties":{"text":"Contract Items (1)"}},"wdio_ui5_key":"etmportal.ui.managecontracts.view.Detailsap.m.Title{\"text\":\"Contract Items (1)\"}"}]}
RESULT: {"script":"<script> [1562 bytes]","args":[{"selector":{"controlType":"sap.m.Title","viewName":"etm.portal.ui.managecontracts.view.Detail","properties":{"text":"Contract Items (1)"}},"wdio_ui5_key":"etmportal.ui.managecontracts.view.Detailsap.m.Title{\"text\":\"Contract Items (1)\"}"}]}
RESULT: undefined
COMMAND: POST /session/3ad3ed370b5892314835873e8b06bae6/execute/async - {"script":"<script> [6424 bytes]","args":[{"element-6066-11e4-a52e-4f735466cecf":"f.66C564F48E23224A49CD761FFC4FB84D.d.926F336E8118138EF3532BD9E9F79DD1.e.6573"},"getText",[]]}
RESULT: {"script":"<script> [6424 bytes]","args":[{"element-6066-11e4-a52e-4f735466cecf":"f.66C564F48E23224A49CD761FFC4FB84D.d.926F336E8118138EF3532BD9E9F79DD1.e.6573"},"getText",[]]}
COMMAND: POST /session/3ad3ed370b5892314835873e8b06bae6/execute/async - {"script":"<script> [1562 bytes]","args":[{"selector":{"id":"contractDetailEditBtn","viewName":"etm.portal.ui.managecontracts.view.Detail","interaction":{"idSuffix":"inner"}},"wdio_ui5_key":"contractDetailEditBtnetmportal.ui.managecontracts.view.Detail"}]}
RESULT: {"script":"<script> [1562 bytes]","args":[{"selector":{"id":"contractDetailEditBtn","viewName":"etm.portal.ui.managecontracts.view.Detail","interaction":{"idSuffix":"inner"}},"wdio_ui5_key":"contractDetailEditBtnetmportal.ui.managecontracts.view.Detail"}]}
RESULT: undefined
COMMAND: POST /session/3ad3ed370b5892314835873e8b06bae6/element - {"using":"xpath","value":"//*[@id=\"__xmlview1--contractDetailEditBtn\"]"}
RESULT: {"using":"xpath","value":"//*[@id=\"__xmlview1--contractDetailEditBtn\"]"}
COMMAND: POST /session/3ad3ed370b5892314835873e8b06bae6/element/f.66C564F48E23224A49CD761FFC4FB84D.d.926F336E8118138EF3532BD9E9F79DD1.e.6504/click - {}
RESULT: {}
COMMAND: GET /session/3ad3ed370b5892314835873e8b06bae6/screenshot - {}
RESULT: {}
COMMAND: POST /session/3ad3ed370b5892314835873e8b06bae6/element - {"using":"xpath","value":"(//span[contains(text(), \"Header Billing Items\")])[2]"}
RESULT: {"using":"xpath","value":"(//span[contains(text(), \"Header Billing Items\")])[2]"}
COMMAND: POST /session/3ad3ed370b5892314835873e8b06bae6/element/f.66C564F48E23224A49CD761FFC4FB84D.d.926F336E8118138EF3532BD9E9F79DD1.e.6638/click - {}
RESULT: {}
COMMAND: GET /session/3ad3ed370b5892314835873e8b06bae6/screenshot - {}
RESULT: {}
COMMAND: POST /session/3ad3ed370b5892314835873e8b06bae6/element - {"using":"xpath","value":"//div[contains(@id ,\"ProductsTable-sa-CbBg\")]"}
RESULT: {"using":"xpath","value":"//div[contains(@id ,\"ProductsTable-sa-CbBg\")]"}
COMMAND: POST /session/3ad3ed370b5892314835873e8b06bae6/element/f.66C564F48E23224A49CD761FFC4FB84D.d.926F336E8118138EF3532BD9E9F79DD1.e.6641/click - {}
RESULT: {}
COMMAND: GET /session/3ad3ed370b5892314835873e8b06bae6/screenshot - {}
RESULT: {}
COMMAND: POST /session/3ad3ed370b5892314835873e8b06bae6/execute/async - {"script":"<script> [1562 bytes]","args":[{"selector":{"id":"deleteBtn","viewName":"etm.portal.ui.managecontracts.view.EditContract","interaction":{"idSuffix":"BDI-content"}},"wdio_ui5_key":"deleteBtnetmportal.ui.managecontracts.view.EditContract"}]}
RESULT: {"script":"<script> [1562 bytes]","args":[{"selector":{"id":"deleteBtn","viewName":"etm.portal.ui.managecontracts.view.EditContract","interaction":{"idSuffix":"BDI-content"}},"wdio_ui5_key":"deleteBtnetmportal.ui.managecontracts.view.EditContract"}]}
RESULT: undefined
COMMAND: POST /session/3ad3ed370b5892314835873e8b06bae6/element - {"using":"xpath","value":"//*[@id=\"__xmlview2--deleteBtn\"]"}
RESULT: {"using":"xpath","value":"//*[@id=\"__xmlview2--deleteBtn\"]"}
COMMAND: POST /session/3ad3ed370b5892314835873e8b06bae6/element/f.66C564F48E23224A49CD761FFC4FB84D.d.926F336E8118138EF3532BD9E9F79DD1.e.6644/click - {}
RESULT: {}
COMMAND: POST /session/3ad3ed370b5892314835873e8b06bae6/element - {"using":"xpath","value":"//bdi[contains(@id ,\"BDI-content\")][contains(text(), \"OK\")]"}
COMMAND: GET /session/3ad3ed370b5892314835873e8b06bae6/screenshot - {}
RESULT: {"using":"xpath","value":"//bdi[contains(@id ,\"BDI-content\")][contains(text(), \"OK\")]"}
COMMAND: POST /session/3ad3ed370b5892314835873e8b06bae6/element/f.66C564F48E23224A49CD761FFC4FB84D.d.926F336E8118138EF3532BD9E9F79DD1.e.6646/click - {}
RESULT: {}
RESULT: {}
COMMAND: GET /session/3ad3ed370b5892314835873e8b06bae6/screenshot - {}
RESULT: {}
COMMAND: POST /session/3ad3ed370b5892314835873e8b06bae6/element - {"using":"xpath","value":"//bdi[contains(@id ,\"BDI-content\")][contains(text(), \"Save\")]"}
RESULT: {"using":"xpath","value":"//bdi[contains(@id ,\"BDI-content\")][contains(text(), \"Save\")]"}
COMMAND: POST /session/3ad3ed370b5892314835873e8b06bae6/element/f.66C564F48E23224A49CD761FFC4FB84D.d.926F336E8118138EF3532BD9E9F79DD1.e.6648/click - {}
RESULT: {}
COMMAND: GET /session/3ad3ed370b5892314835873e8b06bae6/screenshot - {}
RESULT: {}
COMMAND: POST /session/3ad3ed370b5892314835873e8b06bae6/element - {"using":"xpath","value":"(//span[contains(text(), \"Header Billing Items\")])[1]"}
RESULT: {"using":"xpath","value":"(//span[contains(text(), \"Header Billing Items\")])[1]"}
COMMAND: POST /session/3ad3ed370b5892314835873e8b06bae6/element/f.66C564F48E23224A49CD761FFC4FB84D.d.926F336E8118138EF3532BD9E9F79DD1.e.6651/click - {}
RESULT: {}
COMMAND: GET /session/3ad3ed370b5892314835873e8b06bae6/screenshot - {}
RESULT: {}
COMMAND: POST /session/3ad3ed370b5892314835873e8b06bae6/execute/async - {"script":"<script> [1562 bytes]","args":[{"selector":{"controlType":"sap.m.ObjectStatus","viewName":"etm.portal.ui.managecontracts.view.Detail","bindingPath":{"path":"/SmartContractItems(CONTRACT='10408',ITEM=10m,SUB_ITEM=0m)","propertyPath":"STATUS"}},"wdio_ui5_key":"etmportal.ui.managecontracts.view.Detailsap.m.ObjectStatus{\"path\":\"/SmartContractItems(CONTRACT='10408',ITEM=10m,SUB_ITEM=0m)\",\"propertyPath\":\"STATUS\"}"}]}
RESULT: {"script":"<script> [1562 bytes]","args":[{"selector":{"controlType":"sap.m.ObjectStatus","viewName":"etm.portal.ui.managecontracts.view.Detail","bindingPath":{"path":"/SmartContractItems(CONTRACT='10408',ITEM=10m,SUB_ITEM=0m)","propertyPath":"STATUS"}},"wdio_ui5_key":"etmportal.ui.managecontracts.view.Detailsap.m.ObjectStatus{\"path\":\"/SmartContractItems(CONTRACT='10408',ITEM=10m,SUB_ITEM=0m)\",\"propertyPath\":\"STATUS\"}"}]}
RESULT: undefined
COMMAND: POST /session/3ad3ed370b5892314835873e8b06bae6/execute/async - {"script":"<script> [6424 bytes]","args":[{"element-6066-11e4-a52e-4f735466cecf":"f.66C564F48E23224A49CD761FFC4FB84D.d.926F336E8118138EF3532BD9E9F79DD1.e.6655"},"getText",[]]}
RESULT: {"script":"<script> [6424 bytes]","args":[{"element-6066-11e4-a52e-4f735466cecf":"f.66C564F48E23224A49CD761FFC4FB84D.d.926F336E8118138EF3532BD9E9F79DD1.e.6655"},"getText",[]]}
COMMAND: POST /session/3ad3ed370b5892314835873e8b06bae6/element - {"using":"css selector","value":"#shell-header-logo"}
RESULT: {"using":"css selector","value":"#shell-header-logo"}
COMMAND: POST /session/3ad3ed370b5892314835873e8b06bae6/element/f.66C564F48E23224A49CD761FFC4FB84D.d.926F336E8118138EF3532BD9E9F79DD1.e.6443/click - {}
RESULT: {}
COMMAND: GET /session/3ad3ed370b5892314835873e8b06bae6/screenshot - {}
RESULT: {}
COMMAND: POST /session/3ad3ed370b5892314835873e8b06bae6/execute/async - {"script":"<script> [1562 bytes]","args":[{"selector":{"controlType":"sap.m.GenericTile","properties":{"header":"Manage Requests"}},"wdio_ui5_key":"sapm.GenericTile{\"header\":\"Manage Requests\"}"}]}
RESULT: {"script":"<script> [1562 bytes]","args":[{"selector":{"controlType":"sap.m.GenericTile","properties":{"header":"Manage Requests"}},"wdio_ui5_key":"sapm.GenericTile{\"header\":\"Manage Requests\"}"}]}
RESULT: undefined
COMMAND: POST /session/3ad3ed370b5892314835873e8b06bae6/element - {"using":"xpath","value":"//*[@id=\"__tile47\"]"}
RESULT: {"using":"xpath","value":"//*[@id=\"__tile47\"]"}
COMMAND: POST /session/3ad3ed370b5892314835873e8b06bae6/element/f.66C564F48E23224A49CD761FFC4FB84D.d.926F336E8118138EF3532BD9E9F79DD1.e.6675/click - {}
RESULT: {}
COMMAND: GET /session/3ad3ed370b5892314835873e8b06bae6/screenshot - {}
RESULT: {}
COMMAND: POST /session/3ad3ed370b5892314835873e8b06bae6/execute/async - {"script":"<script> [1562 bytes]","args":[{"selector":{"controlType":"sap.m.SearchField","viewName":"etm.portal.ui.managerequests.view.Master","bindingPath":{"path":"","propertyPath":"/_BASIC_SEARCH_FIELD","modelName":"fi1t3rM0d31"},"interaction":{"idSuffix":"I"}},"wdio_ui5_key":"etmportal.ui.managerequests.view.Mastersap.m.SearchField{\"path\":\"\",\"propertyPath\":\"/_BASIC_SEARCH_FIELD\",\"modelName\":\"fi1t3rM0d31\"}"}]}
COMMAND: POST /session/3ad3ed370b5892314835873e8b06bae6/elements - {"using":"xpath","value":"//span[text()='Error']"}
RESULT: {"script":"<script> [1562 bytes]","args":[{"selector":{"controlType":"sap.m.SearchField","viewName":"etm.portal.ui.managerequests.view.Master","bindingPath":{"path":"","propertyPath":"/_BASIC_SEARCH_FIELD","modelName":"fi1t3rM0d31"},"interaction":{"idSuffix":"I"}},"wdio_ui5_key":"etmportal.ui.managerequests.view.Mastersap.m.SearchField{\"path\":\"\",\"propertyPath\":\"/_BASIC_SEARCH_FIELD\",\"modelName\":\"fi1t3rM0d31\"}"}]}
RESULT: undefined
COMMAND: POST /session/3ad3ed370b5892314835873e8b06bae6/execute/async - {"script":"<script> [776 bytes]","args":[{"enterText":"20185","selector":{"controlType":"sap.m.SearchField","viewName":"etm.portal.ui.managerequests.view.Master","bindingPath":{"path":"","propertyPath":"/_BASIC_SEARCH_FIELD","modelName":"fi1t3rM0d31"},"interaction":{"idSuffix":"I"}},"clearTextFirst":true,"interactionType":"ENTER_TEXT"}]}
RESULT: {"using":"xpath","value":"//span[text()='Error']"}
RESULT: {"script":"<script> [776 bytes]","args":[{"enterText":"20185","selector":{"controlType":"sap.m.SearchField","viewName":"etm.portal.ui.managerequests.view.Master","bindingPath":{"path":"","propertyPath":"/_BASIC_SEARCH_FIELD","modelName":"fi1t3rM0d31"},"interaction":{"idSuffix":"I"}},"clearTextFirst":true,"interactionType":"ENTER_TEXT"}]}
COMMAND: POST /session/3ad3ed370b5892314835873e8b06bae6/actions - {"actions":[{"id":"action33","type":"key","parameters":{},"actions":[{"type":"keyDown","value":""},{"type":"pause","duration":10},{"type":"keyUp","value":""}]}]}
RESULT: {"actions":[{"id":"action33","type":"key","parameters":{},"actions":[{"type":"keyDown","value":""},{"type":"pause","duration":10},{"type":"keyUp","value":""}]}]}
COMMAND: GET /session/3ad3ed370b5892314835873e8b06bae6/screenshot - {}
RESULT: {}
COMMAND: POST /session/3ad3ed370b5892314835873e8b06bae6/execute/async - {"script":"<script> [1562 bytes]","args":[{"selector":{"controlType":"sap.m.Text","viewName":"etm.portal.ui.managerequests.view.Master","bindingPath":{"path":"/SmartManageRequests('20185')","propertyPath":"NO"}},"wdio_ui5_key":"etmportal.ui.managerequests.view.Mastersap.m.Text{\"path\":\"/SmartManageRequests('20185')\",\"propertyPath\":\"NO\"}"}]}
RESULT: {"script":"<script> [1562 bytes]","args":[{"selector":{"controlType":"sap.m.Text","viewName":"etm.portal.ui.managerequests.view.Master","bindingPath":{"path":"/SmartManageRequests('20185')","propertyPath":"NO"}},"wdio_ui5_key":"etmportal.ui.managerequests.view.Mastersap.m.Text{\"path\":\"/SmartManageRequests('20185')\",\"propertyPath\":\"NO\"}"}]}
RESULT: undefined
COMMAND: POST /session/3ad3ed370b5892314835873e8b06bae6/element - {"using":"xpath","value":"//*[@id=\"__text463-__clone168\"]"}
RESULT: {"using":"xpath","value":"//*[@id=\"__text463-__clone168\"]"}
COMMAND: POST /session/3ad3ed370b5892314835873e8b06bae6/element/f.66C564F48E23224A49CD761FFC4FB84D.d.926F336E8118138EF3532BD9E9F79DD1.e.6800/click - {}
RESULT: {}
COMMAND: GET /session/3ad3ed370b5892314835873e8b06bae6/screenshot - {}
RESULT: {}
COMMAND: POST /session/3ad3ed370b5892314835873e8b06bae6/execute/async - {"script":"<script> [1562 bytes]","args":[{"selector":{"controlType":"sap.ui.core.Icon","viewName":"etm.portal.ui.managerequests.view.Detail","properties":{"src":{"regex":{"source":"slim\\-arrow\\-up"}}}},"wdio_ui5_key":"etmportal.ui.managerequests.view.Detailsap.ui.core.Icon{\"src\":{\"regex\":{\"source\":\"slim\\\\-arrow\\\\-up\"}}}"}]}
RESULT: {"script":"<script> [1562 bytes]","args":[{"selector":{"controlType":"sap.ui.core.Icon","viewName":"etm.portal.ui.managerequests.view.Detail","properties":{"src":{"regex":{"source":"slim\\-arrow\\-up"}}}},"wdio_ui5_key":"etmportal.ui.managerequests.view.Detailsap.ui.core.Icon{\"src\":{\"regex\":{\"source\":\"slim\\\\-arrow\\\\-up\"}}}"}]}
RESULT: undefined
COMMAND: POST /session/3ad3ed370b5892314835873e8b06bae6/element - {"using":"xpath","value":"//*[@id=\"__xmlview62--detailRequestPage-OPHeaderContent-collapseBtn-img\"]"}
RESULT: {"using":"xpath","value":"//*[@id=\"__xmlview62--detailRequestPage-OPHeaderContent-collapseBtn-img\"]"}
COMMAND: POST /session/3ad3ed370b5892314835873e8b06bae6/element/f.66C564F48E23224A49CD761FFC4FB84D.d.926F336E8118138EF3532BD9E9F79DD1.e.6946/click - {}
RESULT: {}
COMMAND: GET /session/3ad3ed370b5892314835873e8b06bae6/screenshot - {}
RESULT: {}
COMMAND: POST /session/3ad3ed370b5892314835873e8b06bae6/execute/async - {"script":"<script> [1562 bytes]","args":[{"selector":{"controlType":"sap.m.Text","viewName":"etm.portal.ui.managerequests.view.Detail","bindingPath":{"path":"/SmartRequestItemsPlanningBoard(ITEM=20m,REQUEST='20185')","propertyPath":"STATUS_DESC"}},"wdio_ui5_key":"etmportal.ui.managerequests.view.Detailsap.m.Text{\"path\":\"/SmartRequestItemsPlanningBoard(ITEM=20m,REQUEST='20185')\",\"propertyPath\":\"STATUS_DESC\"}"}]}
RESULT: {"script":"<script> [1562 bytes]","args":[{"selector":{"controlType":"sap.m.Text","viewName":"etm.portal.ui.managerequests.view.Detail","bindingPath":{"path":"/SmartRequestItemsPlanningBoard(ITEM=20m,REQUEST='20185')","propertyPath":"STATUS_DESC"}},"wdio_ui5_key":"etmportal.ui.managerequests.view.Detailsap.m.Text{\"path\":\"/SmartRequestItemsPlanningBoard(ITEM=20m,REQUEST='20185')\",\"propertyPath\":\"STATUS_DESC\"}"}]}
RESULT: undefined
COMMAND: POST /session/3ad3ed370b5892314835873e8b06bae6/execute/async - {"script":"<script> [6424 bytes]","args":[{"element-6066-11e4-a52e-4f735466cecf":"f.66C564F48E23224A49CD761FFC4FB84D.d.926F336E8118138EF3532BD9E9F79DD1.e.6997"},"getText",[]]}
RESULT: {"script":"<script> [6424 bytes]","args":[{"element-6066-11e4-a52e-4f735466cecf":"f.66C564F48E23224A49CD761FFC4FB84D.d.926F336E8118138EF3532BD9E9F79DD1.e.6997"},"getText",[]]}
COMMAND: POST /session/3ad3ed370b5892314835873e8b06bae6/element - {"using":"css selector","value":"#shell-header-logo"}
RESULT: {"using":"css selector","value":"#shell-header-logo"}
COMMAND: POST /session/3ad3ed370b5892314835873e8b06bae6/element/f.66C564F48E23224A49CD761FFC4FB84D.d.926F336E8118138EF3532BD9E9F79DD1.e.6679/click - {}
RESULT: {}
COMMAND: GET /session/3ad3ed370b5892314835873e8b06bae6/screenshot - {}
RESULT: {}
]]></system-out>
    </testcase>
  </testsuite>
  <testsuite timestamp="2025-05-30T18:10:31" time="264.845" tests="4" failures="0" errors="0" skipped="0">
    <properties>
      <property name="specId" value="0"/>
      <property name="suiteName" value="Standard contract close-reopen US111278"/>
      <property name="capabilities" value="chrome.136_0_7103_93.windows"/>
      <property name="file" value="file:///D:/a/1/s/test/specs/R2C/standard-contract-close-reopen.spec.js"/>
    </properties>
    <testcase classname="chrome.136_0_7103_93.windows.Standard_contract_close-reopen_US111278" name="Should create a new contract and add an item" time="152.902">
      <system-out><![CDATA[
COMMAND: POST /session/3ad3ed370b5892314835873e8b06bae6/execute/async - {"script":"<script> [1562 bytes]","args":[{"selector":{"controlType":"sap.m.GenericTile","properties":{"header":"Manage Contracts"}},"wdio_ui5_key":"sapm.GenericTile{\"header\":\"Manage Contracts\"}"}]}
RESULT: {"script":"<script> [1562 bytes]","args":[{"selector":{"controlType":"sap.m.GenericTile","properties":{"header":"Manage Contracts"}},"wdio_ui5_key":"sapm.GenericTile{\"header\":\"Manage Contracts\"}"}]}
RESULT: undefined
COMMAND: POST /session/3ad3ed370b5892314835873e8b06bae6/element - {"using":"xpath","value":"//*[@id=\"__tile130\"]"}
RESULT: {"using":"xpath","value":"//*[@id=\"__tile130\"]"}
COMMAND: POST /session/3ad3ed370b5892314835873e8b06bae6/element/f.66C564F48E23224A49CD761FFC4FB84D.d.926F336E8118138EF3532BD9E9F79DD1.e.7000/click - {}
RESULT: {}
COMMAND: GET /session/3ad3ed370b5892314835873e8b06bae6/screenshot - {}
RESULT: {}
COMMAND: POST /session/3ad3ed370b5892314835873e8b06bae6/elements - {"using":"xpath","value":"//span[text()='Error']"}
RESULT: {"using":"xpath","value":"//span[text()='Error']"}
COMMAND: POST /session/3ad3ed370b5892314835873e8b06bae6/element - {"using":"xpath","value":"//button[@data-kt=\"addButton\"]"}
RESULT: {"using":"xpath","value":"//button[@data-kt=\"addButton\"]"}
COMMAND: POST /session/3ad3ed370b5892314835873e8b06bae6/element/f.66C564F48E23224A49CD761FFC4FB84D.d.926F336E8118138EF3532BD9E9F79DD1.e.7048/click - {}
RESULT: {}
COMMAND: GET /session/3ad3ed370b5892314835873e8b06bae6/screenshot - {}
RESULT: {}
COMMAND: POST /session/3ad3ed370b5892314835873e8b06bae6/execute/async - {"script":"<script> [1562 bytes]","args":[{"selector":{"id":"application-managecontracts-display-component---AddNewContract--projectDescription","interaction":{"idSuffix":"inner"}},"wdio_ui5_key":"applicationmanagecontracts-display-component---AddNewContract--projectDescription"}]}
RESULT: {"script":"<script> [1562 bytes]","args":[{"selector":{"id":"application-managecontracts-display-component---AddNewContract--projectDescription","interaction":{"idSuffix":"inner"}},"wdio_ui5_key":"applicationmanagecontracts-display-component---AddNewContract--projectDescription"}]}
RESULT: undefined
COMMAND: POST /session/3ad3ed370b5892314835873e8b06bae6/execute/async - {"script":"<script> [776 bytes]","args":[{"enterText":"WdIOTestb2sum","selector":{"id":"application-managecontracts-display-component---AddNewContract--projectDescription","interaction":{"idSuffix":"inner"}},"clearTextFirst":true,"interactionType":"ENTER_TEXT"}]}
RESULT: {"script":"<script> [776 bytes]","args":[{"enterText":"WdIOTestb2sum","selector":{"id":"application-managecontracts-display-component---AddNewContract--projectDescription","interaction":{"idSuffix":"inner"}},"clearTextFirst":true,"interactionType":"ENTER_TEXT"}]}
COMMAND: POST /session/3ad3ed370b5892314835873e8b06bae6/element - {"using":"xpath","value":"//input[@id=\"application-managecontracts-display-component---AddNewContract--yardId-inner\"]"}
RESULT: {"using":"xpath","value":"//input[@id=\"application-managecontracts-display-component---AddNewContract--yardId-inner\"]"}
COMMAND: POST /session/3ad3ed370b5892314835873e8b06bae6/element/f.66C564F48E23224A49CD761FFC4FB84D.d.926F336E8118138EF3532BD9E9F79DD1.e.7312/clear - {}
RESULT: {}
COMMAND: POST /session/3ad3ed370b5892314835873e8b06bae6/element/f.66C564F48E23224A49CD761FFC4FB84D.d.926F336E8118138EF3532BD9E9F79DD1.e.7312/value - {"text":"WebdriverYard8gjj"}
COMMAND: GET /session/3ad3ed370b5892314835873e8b06bae6/screenshot - {}
RESULT: {"text":"WebdriverYard8gjj"}
COMMAND: GET /session/3ad3ed370b5892314835873e8b06bae6/screenshot - {}
RESULT: {}
RESULT: {}
COMMAND: POST /session/3ad3ed370b5892314835873e8b06bae6/actions - {"actions":[{"id":"action34","type":"key","parameters":{},"actions":[{"type":"keyDown","value":""},{"type":"pause","duration":10},{"type":"keyUp","value":""}]}]}
RESULT: {"actions":[{"id":"action34","type":"key","parameters":{},"actions":[{"type":"keyDown","value":""},{"type":"pause","duration":10},{"type":"keyUp","value":""}]}]}
COMMAND: GET /session/3ad3ed370b5892314835873e8b06bae6/screenshot - {}
RESULT: {}
COMMAND: POST /session/3ad3ed370b5892314835873e8b06bae6/element - {"using":"xpath","value":"//input[@id=\"application-managecontracts-display-component---AddNewContract--customerSelect-inner\"]"}
RESULT: {"using":"xpath","value":"//input[@id=\"application-managecontracts-display-component---AddNewContract--customerSelect-inner\"]"}
COMMAND: POST /session/3ad3ed370b5892314835873e8b06bae6/element/f.66C564F48E23224A49CD761FFC4FB84D.d.926F336E8118138EF3532BD9E9F79DD1.e.7310/clear - {}
RESULT: {}
COMMAND: POST /session/3ad3ed370b5892314835873e8b06bae6/element/f.66C564F48E23224A49CD761FFC4FB84D.d.926F336E8118138EF3532BD9E9F79DD1.e.7310/value - {"text":"WebdriverPartnerva5vx"}
COMMAND: GET /session/3ad3ed370b5892314835873e8b06bae6/screenshot - {}
RESULT: {"text":"WebdriverPartnerva5vx"}
COMMAND: GET /session/3ad3ed370b5892314835873e8b06bae6/screenshot - {}
RESULT: {}
RESULT: {}
COMMAND: POST /session/3ad3ed370b5892314835873e8b06bae6/actions - {"actions":[{"id":"action35","type":"key","parameters":{},"actions":[{"type":"keyDown","value":""},{"type":"pause","duration":10},{"type":"keyUp","value":""}]}]}
RESULT: {"actions":[{"id":"action35","type":"key","parameters":{},"actions":[{"type":"keyDown","value":""},{"type":"pause","duration":10},{"type":"keyUp","value":""}]}]}
COMMAND: GET /session/3ad3ed370b5892314835873e8b06bae6/screenshot - {}
RESULT: {}
COMMAND: POST /session/3ad3ed370b5892314835873e8b06bae6/element - {"using":"xpath","value":"//input[@id=\"application-managecontracts-display-component---AddNewContract--site-inner\"]"}
RESULT: {"using":"xpath","value":"//input[@id=\"application-managecontracts-display-component---AddNewContract--site-inner\"]"}
COMMAND: POST /session/3ad3ed370b5892314835873e8b06bae6/element/f.66C564F48E23224A49CD761FFC4FB84D.d.926F336E8118138EF3532BD9E9F79DD1.e.7311/clear - {}
RESULT: {}
COMMAND: POST /session/3ad3ed370b5892314835873e8b06bae6/element/f.66C564F48E23224A49CD761FFC4FB84D.d.926F336E8118138EF3532BD9E9F79DD1.e.7311/value - {"text":"WebdriverSiteo9qm"}
COMMAND: GET /session/3ad3ed370b5892314835873e8b06bae6/screenshot - {}
RESULT: {"text":"WebdriverSiteo9qm"}
COMMAND: GET /session/3ad3ed370b5892314835873e8b06bae6/screenshot - {}
RESULT: {}
RESULT: {}
COMMAND: POST /session/3ad3ed370b5892314835873e8b06bae6/actions - {"actions":[{"id":"action36","type":"key","parameters":{},"actions":[{"type":"keyDown","value":""},{"type":"pause","duration":10},{"type":"keyUp","value":""}]}]}
RESULT: {"actions":[{"id":"action36","type":"key","parameters":{},"actions":[{"type":"keyDown","value":""},{"type":"pause","duration":10},{"type":"keyUp","value":""}]}]}
COMMAND: GET /session/3ad3ed370b5892314835873e8b06bae6/screenshot - {}
COMMAND: POST /session/3ad3ed370b5892314835873e8b06bae6/element - {"using":"xpath","value":"//button[@data-kt=\"saveButton\"]"}
RESULT: {}
RESULT: {"using":"xpath","value":"//button[@data-kt=\"saveButton\"]"}
COMMAND: POST /session/3ad3ed370b5892314835873e8b06bae6/element/f.66C564F48E23224A49CD761FFC4FB84D.d.926F336E8118138EF3532BD9E9F79DD1.e.7388/click - {}
RESULT: {}
COMMAND: GET /session/3ad3ed370b5892314835873e8b06bae6/screenshot - {}
RESULT: {}
COMMAND: POST /session/3ad3ed370b5892314835873e8b06bae6/execute/async - {"script":"<script> [1562 bytes]","args":[{"selector":{"id":"contractDetailTitleNoExpanded","viewName":"etm.portal.ui.managecontracts.view.Detail"},"wdio_ui5_key":"contractDetailTitleNoExpandedetmportal.ui.managecontracts.view.Detail"}]}
RESULT: {"script":"<script> [1562 bytes]","args":[{"selector":{"id":"contractDetailTitleNoExpanded","viewName":"etm.portal.ui.managecontracts.view.Detail"},"wdio_ui5_key":"contractDetailTitleNoExpandedetmportal.ui.managecontracts.view.Detail"}]}
RESULT: undefined
COMMAND: POST /session/3ad3ed370b5892314835873e8b06bae6/execute/async - {"script":"<script> [6424 bytes]","args":[{"element-6066-11e4-a52e-4f735466cecf":"f.66C564F48E23224A49CD761FFC4FB84D.d.926F336E8118138EF3532BD9E9F79DD1.e.7409"},"getText",[]]}
RESULT: {"script":"<script> [6424 bytes]","args":[{"element-6066-11e4-a52e-4f735466cecf":"f.66C564F48E23224A49CD761FFC4FB84D.d.926F336E8118138EF3532BD9E9F79DD1.e.7409"},"getText",[]]}
COMMAND: POST /session/3ad3ed370b5892314835873e8b06bae6/execute/async - {"script":"<script> [1562 bytes]","args":[{"selector":{"id":"closeContractBtn","viewName":"etm.portal.ui.managecontracts.view.Detail"},"wdio_ui5_key":"closeContractBtnetmportal.ui.managecontracts.view.Detail"}]}
RESULT: {"script":"<script> [1562 bytes]","args":[{"selector":{"id":"closeContractBtn","viewName":"etm.portal.ui.managecontracts.view.Detail"},"wdio_ui5_key":"closeContractBtnetmportal.ui.managecontracts.view.Detail"}]}
RESULT: undefined
COMMAND: POST /session/3ad3ed370b5892314835873e8b06bae6/execute/async - {"script":"<script> [6424 bytes]","args":[{"element-6066-11e4-a52e-4f735466cecf":"f.66C564F48E23224A49CD761FFC4FB84D.d.926F336E8118138EF3532BD9E9F79DD1.e.7410"},"getEnabled",[]]}
RESULT: {"script":"<script> [6424 bytes]","args":[{"element-6066-11e4-a52e-4f735466cecf":"f.66C564F48E23224A49CD761FFC4FB84D.d.926F336E8118138EF3532BD9E9F79DD1.e.7410"},"getEnabled",[]]}
COMMAND: POST /session/3ad3ed370b5892314835873e8b06bae6/element - {"using":"xpath","value":"//button[@data-kt=\"contractDetailEditBtnButton\"]"}
RESULT: {"using":"xpath","value":"//button[@data-kt=\"contractDetailEditBtnButton\"]"}
COMMAND: POST /session/3ad3ed370b5892314835873e8b06bae6/element/f.66C564F48E23224A49CD761FFC4FB84D.d.926F336E8118138EF3532BD9E9F79DD1.e.7411/click - {}
RESULT: {}
COMMAND: GET /session/3ad3ed370b5892314835873e8b06bae6/screenshot - {}
RESULT: {}
COMMAND: POST /session/3ad3ed370b5892314835873e8b06bae6/element - {"using":"xpath","value":"(//span[contains(text(), \"Additional Addresses\")])[2]"}
RESULT: {"using":"xpath","value":"(//span[contains(text(), \"Additional Addresses\")])[2]"}
COMMAND: POST /session/3ad3ed370b5892314835873e8b06bae6/element/f.66C564F48E23224A49CD761FFC4FB84D.d.926F336E8118138EF3532BD9E9F79DD1.e.7468/click - {}
RESULT: {}
COMMAND: GET /session/3ad3ed370b5892314835873e8b06bae6/screenshot - {}
RESULT: {}
COMMAND: POST /session/3ad3ed370b5892314835873e8b06bae6/element - {"using":"xpath","value":"//button[@data-kt=\"btnAddTableRowOverflowToolbarButton\"]"}
RESULT: {"using":"xpath","value":"//button[@data-kt=\"btnAddTableRowOverflowToolbarButton\"]"}
COMMAND: POST /session/3ad3ed370b5892314835873e8b06bae6/element/f.66C564F48E23224A49CD761FFC4FB84D.d.926F336E8118138EF3532BD9E9F79DD1.e.7470/click - {}
RESULT: {}
COMMAND: GET /session/3ad3ed370b5892314835873e8b06bae6/screenshot - {}
RESULT: {}
COMMAND: POST /session/3ad3ed370b5892314835873e8b06bae6/element - {"using":"xpath","value":"//div[(text() = 'Standard Entry' or . = 'Standard Entry')]"}
RESULT: {"using":"xpath","value":"//div[(text() = 'Standard Entry' or . = 'Standard Entry')]"}
COMMAND: POST /session/3ad3ed370b5892314835873e8b06bae6/element/f.66C564F48E23224A49CD761FFC4FB84D.d.926F336E8118138EF3532BD9E9F79DD1.e.7472/click - {}
RESULT: {}
COMMAND: POST /session/3ad3ed370b5892314835873e8b06bae6/element - {"using":"xpath","value":"//td[6]/div/div/input[1]"}
COMMAND: GET /session/3ad3ed370b5892314835873e8b06bae6/screenshot - {}
RESULT: {"using":"xpath","value":"//td[6]/div/div/input[1]"}
COMMAND: POST /session/3ad3ed370b5892314835873e8b06bae6/element/f.66C564F48E23224A49CD761FFC4FB84D.d.926F336E8118138EF3532BD9E9F79DD1.e.7474/click - {}
RESULT: {}
RESULT: {}
COMMAND: POST /session/3ad3ed370b5892314835873e8b06bae6/actions - {"actions":[{"id":"action37","type":"key","parameters":{},"actions":[{"type":"keyDown","value":""},{"type":"pause","duration":10},{"type":"keyUp","value":""}]}]}
COMMAND: GET /session/3ad3ed370b5892314835873e8b06bae6/screenshot - {}
RESULT: {"actions":[{"id":"action37","type":"key","parameters":{},"actions":[{"type":"keyDown","value":""},{"type":"pause","duration":10},{"type":"keyUp","value":""}]}]}
COMMAND: POST /session/3ad3ed370b5892314835873e8b06bae6/element - {"using":"xpath","value":"//td[6]/div/div/input[1]"}
COMMAND: GET /session/3ad3ed370b5892314835873e8b06bae6/screenshot - {}
RESULT: {}
RESULT: {"using":"xpath","value":"//td[6]/div/div/input[1]"}
COMMAND: POST /session/3ad3ed370b5892314835873e8b06bae6/element/f.66C564F48E23224A49CD761FFC4FB84D.d.926F336E8118138EF3532BD9E9F79DD1.e.7474/clear - {}
RESULT: {}
RESULT: {}
COMMAND: POST /session/3ad3ed370b5892314835873e8b06bae6/element/f.66C564F48E23224A49CD761FFC4FB84D.d.926F336E8118138EF3532BD9E9F79DD1.e.7474/value - {"text":"Material"}
COMMAND: GET /session/3ad3ed370b5892314835873e8b06bae6/screenshot - {}
RESULT: {"text":"Material"}
COMMAND: GET /session/3ad3ed370b5892314835873e8b06bae6/screenshot - {}
RESULT: {}
RESULT: {}
COMMAND: POST /session/3ad3ed370b5892314835873e8b06bae6/actions - {"actions":[{"id":"action38","type":"key","parameters":{},"actions":[{"type":"keyDown","value":""},{"type":"pause","duration":10},{"type":"keyUp","value":""}]}]}
RESULT: {"actions":[{"id":"action38","type":"key","parameters":{},"actions":[{"type":"keyDown","value":""},{"type":"pause","duration":10},{"type":"keyUp","value":""}]}]}
COMMAND: GET /session/3ad3ed370b5892314835873e8b06bae6/screenshot - {}
RESULT: {}
COMMAND: POST /session/3ad3ed370b5892314835873e8b06bae6/actions - {"actions":[{"id":"action39","type":"key","parameters":{},"actions":[{"type":"keyDown","value":""},{"type":"pause","duration":10},{"type":"keyUp","value":""}]}]}
RESULT: {"actions":[{"id":"action39","type":"key","parameters":{},"actions":[{"type":"keyDown","value":""},{"type":"pause","duration":10},{"type":"keyUp","value":""}]}]}
COMMAND: POST /session/3ad3ed370b5892314835873e8b06bae6/element - {"using":"xpath","value":"//td[7]/div/div/input"}
COMMAND: GET /session/3ad3ed370b5892314835873e8b06bae6/screenshot - {}
RESULT: {"using":"xpath","value":"//td[7]/div/div/input"}
COMMAND: POST /session/3ad3ed370b5892314835873e8b06bae6/element/f.66C564F48E23224A49CD761FFC4FB84D.d.926F336E8118138EF3532BD9E9F79DD1.e.7487/clear - {}
RESULT: {}
RESULT: {}
COMMAND: POST /session/3ad3ed370b5892314835873e8b06bae6/element/f.66C564F48E23224A49CD761FFC4FB84D.d.926F336E8118138EF3532BD9E9F79DD1.e.7487/value - {"text":"WebdriverMatTestcbpdd"}
COMMAND: GET /session/3ad3ed370b5892314835873e8b06bae6/screenshot - {}
RESULT: {"text":"WebdriverMatTestcbpdd"}
COMMAND: GET /session/3ad3ed370b5892314835873e8b06bae6/screenshot - {}
RESULT: {}
RESULT: {}
COMMAND: POST /session/3ad3ed370b5892314835873e8b06bae6/actions - {"actions":[{"id":"action40","type":"key","parameters":{},"actions":[{"type":"keyDown","value":""},{"type":"pause","duration":10},{"type":"keyUp","value":""}]}]}
RESULT: {"actions":[{"id":"action40","type":"key","parameters":{},"actions":[{"type":"keyDown","value":""},{"type":"pause","duration":10},{"type":"keyUp","value":""}]}]}
COMMAND: GET /session/3ad3ed370b5892314835873e8b06bae6/screenshot - {}
RESULT: {}
COMMAND: POST /session/3ad3ed370b5892314835873e8b06bae6/actions - {"actions":[{"id":"action41","type":"key","parameters":{},"actions":[{"type":"keyDown","value":""},{"type":"pause","duration":10},{"type":"keyUp","value":""}]}]}
RESULT: {"actions":[{"id":"action41","type":"key","parameters":{},"actions":[{"type":"keyDown","value":""},{"type":"pause","duration":10},{"type":"keyUp","value":""}]}]}
COMMAND: GET /session/3ad3ed370b5892314835873e8b06bae6/screenshot - {}
RESULT: {}
COMMAND: POST /session/3ad3ed370b5892314835873e8b06bae6/element - {"using":"xpath","value":"(//button[@data-kt=\"saveButton\"])[2]"}
RESULT: {"using":"xpath","value":"(//button[@data-kt=\"saveButton\"])[2]"}
COMMAND: POST /session/3ad3ed370b5892314835873e8b06bae6/element/f.66C564F48E23224A49CD761FFC4FB84D.d.926F336E8118138EF3532BD9E9F79DD1.e.7513/click - {}
RESULT: {}
COMMAND: GET /session/3ad3ed370b5892314835873e8b06bae6/screenshot - {}
RESULT: {}
]]></system-out>
    </testcase>
    <testcase classname="chrome.136_0_7103_93.windows.Standard_contract_close-reopen_US111278" name="It should close the contract" time="23.5">
      <system-out><![CDATA[
RESULT: undefined
COMMAND: POST /session/3ad3ed370b5892314835873e8b06bae6/element - {"using":"xpath","value":"//*[@id=\"__xmlview64--closeContractBtn\"]"}
RESULT: {"using":"xpath","value":"//*[@id=\"__xmlview64--closeContractBtn\"]"}
COMMAND: POST /session/3ad3ed370b5892314835873e8b06bae6/element/f.66C564F48E23224A49CD761FFC4FB84D.d.926F336E8118138EF3532BD9E9F79DD1.e.7410/click - {}
RESULT: {}
COMMAND: GET /session/3ad3ed370b5892314835873e8b06bae6/screenshot - {}
RESULT: {}
COMMAND: POST /session/3ad3ed370b5892314835873e8b06bae6/element - {"using":"xpath","value":"//span[contains(text(), \"Do you want to close the whole contract?\")]"}
RESULT: {"using":"xpath","value":"//span[contains(text(), \"Do you want to close the whole contract?\")]"}
COMMAND: POST /session/3ad3ed370b5892314835873e8b06bae6/execute/sync - {"script":"<script> [8489 bytes]","args":[{"element-6066-11e4-a52e-4f735466cecf":"f.66C564F48E23224A49CD761FFC4FB84D.d.926F336E8118138EF3532BD9E9F79DD1.e.7517","ELEMENT":"f.66C564F48E23224A49CD761FFC4FB84D.d.926F336E8118138EF3532BD9E9F79DD1.e.7517"}]}
RESULT: {"script":"<script> [8489 bytes]","args":[{"element-6066-11e4-a52e-4f735466cecf":"f.66C564F48E23224A49CD761FFC4FB84D.d.926F336E8118138EF3532BD9E9F79DD1.e.7517","ELEMENT":"f.66C564F48E23224A49CD761FFC4FB84D.d.926F336E8118138EF3532BD9E9F79DD1.e.7517"}]}
COMMAND: POST /session/3ad3ed370b5892314835873e8b06bae6/element - {"using":"xpath","value":"//bdi[contains(text(), \"OK\")]"}
COMMAND: GET /session/3ad3ed370b5892314835873e8b06bae6/screenshot - {}
RESULT: {"using":"xpath","value":"//bdi[contains(text(), \"OK\")]"}
COMMAND: POST /session/3ad3ed370b5892314835873e8b06bae6/element/f.66C564F48E23224A49CD761FFC4FB84D.d.926F336E8118138EF3532BD9E9F79DD1.e.7518/click - {}
RESULT: {}
RESULT: {}
COMMAND: GET /session/3ad3ed370b5892314835873e8b06bae6/screenshot - {}
RESULT: {}
COMMAND: POST /session/3ad3ed370b5892314835873e8b06bae6/element - {"using":"xpath","value":"//input[contains(@id ,\"smartContractFilterBar-btnBasicSearch-I\")]"}
RESULT: {"using":"xpath","value":"//input[contains(@id ,\"smartContractFilterBar-btnBasicSearch-I\")]"}
COMMAND: POST /session/3ad3ed370b5892314835873e8b06bae6/element/f.66C564F48E23224A49CD761FFC4FB84D.d.926F336E8118138EF3532BD9E9F79DD1.e.7011/clear - {}
RESULT: {}
COMMAND: POST /session/3ad3ed370b5892314835873e8b06bae6/element/f.66C564F48E23224A49CD761FFC4FB84D.d.926F336E8118138EF3532BD9E9F79DD1.e.7011/value - {"text":"10409"}
COMMAND: GET /session/3ad3ed370b5892314835873e8b06bae6/screenshot - {}
RESULT: {"text":"10409"}
COMMAND: POST /session/3ad3ed370b5892314835873e8b06bae6/actions - {"actions":[{"id":"action42","type":"key","parameters":{},"actions":[{"type":"keyDown","value":""},{"type":"pause","duration":10},{"type":"keyUp","value":""}]}]}
COMMAND: GET /session/3ad3ed370b5892314835873e8b06bae6/screenshot - {}
RESULT: {}
RESULT: {"actions":[{"id":"action42","type":"key","parameters":{},"actions":[{"type":"keyDown","value":""},{"type":"pause","duration":10},{"type":"keyUp","value":""}]}]}
COMMAND: GET /session/3ad3ed370b5892314835873e8b06bae6/screenshot - {}
RESULT: {}
RESULT: {}
COMMAND: POST /session/3ad3ed370b5892314835873e8b06bae6/execute/async - {"script":"<script> [1562 bytes]","args":[{"selector":{"controlType":"sap.ui.core.Icon","viewName":"etm.portal.ui.managecontracts.view.Master","properties":{"src":{"regex":{"source":"slim\\-arrow\\-right"}}}},"wdio_ui5_key":"etmportal.ui.managecontracts.view.Mastersap.ui.core.Icon{\"src\":{\"regex\":{\"source\":\"slim\\\\-arrow\\\\-right\"}}}"}]}
RESULT: {"script":"<script> [1562 bytes]","args":[{"selector":{"controlType":"sap.ui.core.Icon","viewName":"etm.portal.ui.managecontracts.view.Master","properties":{"src":{"regex":{"source":"slim\\-arrow\\-right"}}}},"wdio_ui5_key":"etmportal.ui.managecontracts.view.Mastersap.ui.core.Icon{\"src\":{\"regex\":{\"source\":\"slim\\\\-arrow\\\\-right\"}}}"}]}
RESULT: undefined
COMMAND: POST /session/3ad3ed370b5892314835873e8b06bae6/element - {"using":"xpath","value":"//*[@id=\"__item129-__clone5232-imgNav\"]"}
RESULT: {"using":"xpath","value":"//*[@id=\"__item129-__clone5232-imgNav\"]"}
COMMAND: POST /session/3ad3ed370b5892314835873e8b06bae6/element/f.66C564F48E23224A49CD761FFC4FB84D.d.926F336E8118138EF3532BD9E9F79DD1.e.7713/click - {}
RESULT: {}
COMMAND: POST /session/3ad3ed370b5892314835873e8b06bae6/execute/async - {"script":"<script> [1562 bytes]","args":[{"selector":{"controlType":"sap.m.ObjectStatus","viewName":"etm.portal.ui.managecontracts.view.Detail","bindingPath":{"propertyPath":"LINK_TO_LOGISTICAL_STATUS/DESCRIPTION","modelName":"catalogModel"}},"wdio_ui5_key":"etmportal.ui.managecontracts.view.Detailsap.m.ObjectStatus{\"propertyPath\":\"LINK_TO_LOGISTICAL_STATUS/DESCRIPTION\",\"modelName\":\"catalogModel\"}"}]}
COMMAND: GET /session/3ad3ed370b5892314835873e8b06bae6/screenshot - {}
RESULT: {"script":"<script> [1562 bytes]","args":[{"selector":{"controlType":"sap.m.ObjectStatus","viewName":"etm.portal.ui.managecontracts.view.Detail","bindingPath":{"propertyPath":"LINK_TO_LOGISTICAL_STATUS/DESCRIPTION","modelName":"catalogModel"}},"wdio_ui5_key":"etmportal.ui.managecontracts.view.Detailsap.m.ObjectStatus{\"propertyPath\":\"LINK_TO_LOGISTICAL_STATUS/DESCRIPTION\",\"modelName\":\"catalogModel\"}"}]}
RESULT: undefined
COMMAND: POST /session/3ad3ed370b5892314835873e8b06bae6/execute/async - {"script":"<script> [6424 bytes]","args":[{"element-6066-11e4-a52e-4f735466cecf":"f.66C564F48E23224A49CD761FFC4FB84D.d.926F336E8118138EF3532BD9E9F79DD1.e.7762"},"getText",[]]}
RESULT: {}
RESULT: {"script":"<script> [6424 bytes]","args":[{"element-6066-11e4-a52e-4f735466cecf":"f.66C564F48E23224A49CD761FFC4FB84D.d.926F336E8118138EF3532BD9E9F79DD1.e.7762"},"getText",[]]}
]]></system-out>
    </testcase>
    <testcase classname="chrome.136_0_7103_93.windows.Standard_contract_close-reopen_US111278" name="Should reopen the contract" time="10.456">
      <system-out><![CDATA[
COMMAND: POST /session/3ad3ed370b5892314835873e8b06bae6/execute/async - {"script":"<script> [1562 bytes]","args":[{"selector":{"id":"openContractBtn","viewName":"etm.portal.ui.managecontracts.view.Detail"},"wdio_ui5_key":"openContractBtnetmportal.ui.managecontracts.view.Detail"}]}
RESULT: {"script":"<script> [1562 bytes]","args":[{"selector":{"id":"openContractBtn","viewName":"etm.portal.ui.managecontracts.view.Detail"},"wdio_ui5_key":"openContractBtnetmportal.ui.managecontracts.view.Detail"}]}
RESULT: undefined
COMMAND: POST /session/3ad3ed370b5892314835873e8b06bae6/execute/async - {"script":"<script> [6424 bytes]","args":[{"element-6066-11e4-a52e-4f735466cecf":"f.66C564F48E23224A49CD761FFC4FB84D.d.926F336E8118138EF3532BD9E9F79DD1.e.7734"},"getEnabled",[]]}
RESULT: {"script":"<script> [6424 bytes]","args":[{"element-6066-11e4-a52e-4f735466cecf":"f.66C564F48E23224A49CD761FFC4FB84D.d.926F336E8118138EF3532BD9E9F79DD1.e.7734"},"getEnabled",[]]}
COMMAND: POST /session/3ad3ed370b5892314835873e8b06bae6/element - {"using":"xpath","value":"//bdi[contains(text(), \"Edit\")]"}
RESULT: {"using":"xpath","value":"//bdi[contains(text(), \"Edit\")]"}
COMMAND: POST /session/3ad3ed370b5892314835873e8b06bae6/element - {"using":"xpath","value":"//bdi[contains(text(), \"Edit\")]"}
RESULT: undefined
COMMAND: POST /session/3ad3ed370b5892314835873e8b06bae6/element - {"using":"xpath","value":"//*[@id=\"__xmlview64--openContractBtn\"]"}
RESULT: {"using":"xpath","value":"//bdi[contains(text(), \"Edit\")]"}
RESULT: {"using":"xpath","value":"//*[@id=\"__xmlview64--openContractBtn\"]"}
COMMAND: POST /session/3ad3ed370b5892314835873e8b06bae6/element/f.66C564F48E23224A49CD761FFC4FB84D.d.926F336E8118138EF3532BD9E9F79DD1.e.7734/click - {}
RESULT: {}
COMMAND: POST /session/3ad3ed370b5892314835873e8b06bae6/execute/async - {"script":"<script> [1562 bytes]","args":[{"selector":{"controlType":"sap.m.Text","properties":{"text":"Contract has been reopened successfully"},"searchOpenDialogs":true},"wdio_ui5_key":"sapm.Text{\"text\":\"Contract has been reopened successfully\"}"}]}
COMMAND: GET /session/3ad3ed370b5892314835873e8b06bae6/screenshot - {}
RESULT: {"script":"<script> [1562 bytes]","args":[{"selector":{"controlType":"sap.m.Text","properties":{"text":"Contract has been reopened successfully"},"searchOpenDialogs":true},"wdio_ui5_key":"sapm.Text{\"text\":\"Contract has been reopened successfully\"}"}]}
RESULT: undefined
COMMAND: POST /session/3ad3ed370b5892314835873e8b06bae6/execute/async - {"script":"<script> [6424 bytes]","args":[{"element-6066-11e4-a52e-4f735466cecf":"f.66C564F48E23224A49CD761FFC4FB84D.d.926F336E8118138EF3532BD9E9F79DD1.e.7765"},"getText",[]]}
RESULT: {}
RESULT: {"script":"<script> [6424 bytes]","args":[{"element-6066-11e4-a52e-4f735466cecf":"f.66C564F48E23224A49CD761FFC4FB84D.d.926F336E8118138EF3532BD9E9F79DD1.e.7765"},"getText",[]]}
COMMAND: POST /session/3ad3ed370b5892314835873e8b06bae6/element - {"using":"xpath","value":"//bdi[contains(text(), \"OK\")]"}
RESULT: {"using":"xpath","value":"//bdi[contains(text(), \"OK\")]"}
COMMAND: POST /session/3ad3ed370b5892314835873e8b06bae6/element/f.66C564F48E23224A49CD761FFC4FB84D.d.926F336E8118138EF3532BD9E9F79DD1.e.7766/click - {}
RESULT: {}
COMMAND: GET /session/3ad3ed370b5892314835873e8b06bae6/screenshot - {}
RESULT: {}
COMMAND: POST /session/3ad3ed370b5892314835873e8b06bae6/element - {"using":"xpath","value":"//bdi[contains(text(), \"Edit\")]"}
RESULT: undefined
COMMAND: POST /session/3ad3ed370b5892314835873e8b06bae6/execute/async - {"script":"<script> [6424 bytes]","args":[{"element-6066-11e4-a52e-4f735466cecf":"f.66C564F48E23224A49CD761FFC4FB84D.d.926F336E8118138EF3532BD9E9F79DD1.e.7410"},"getEnabled",[]]}
RESULT: {"using":"xpath","value":"//bdi[contains(text(), \"Edit\")]"}
COMMAND: POST /session/3ad3ed370b5892314835873e8b06bae6/execute/sync - {"script":"<script> [8489 bytes]","args":[{"element-6066-11e4-a52e-4f735466cecf":"f.66C564F48E23224A49CD761FFC4FB84D.d.926F336E8118138EF3532BD9E9F79DD1.e.7767","ELEMENT":"f.66C564F48E23224A49CD761FFC4FB84D.d.926F336E8118138EF3532BD9E9F79DD1.e.7767"}]}
COMMAND: POST /session/3ad3ed370b5892314835873e8b06bae6/execute/async - {"script":"<script> [1562 bytes]","args":[{"selector":{"id":"closeContractBtn","viewName":"etm.portal.ui.managecontracts.view.Detail"},"wdio_ui5_key":"closeContractBtnetmportal.ui.managecontracts.view.Detail"}]}
RESULT: {"script":"<script> [8489 bytes]","args":[{"element-6066-11e4-a52e-4f735466cecf":"f.66C564F48E23224A49CD761FFC4FB84D.d.926F336E8118138EF3532BD9E9F79DD1.e.7767","ELEMENT":"f.66C564F48E23224A49CD761FFC4FB84D.d.926F336E8118138EF3532BD9E9F79DD1.e.7767"}]}
COMMAND: GET /session/3ad3ed370b5892314835873e8b06bae6/screenshot - {}
RESULT: {"script":"<script> [1562 bytes]","args":[{"selector":{"id":"closeContractBtn","viewName":"etm.portal.ui.managecontracts.view.Detail"},"wdio_ui5_key":"closeContractBtnetmportal.ui.managecontracts.view.Detail"}]}
COMMAND: POST /session/3ad3ed370b5892314835873e8b06bae6/execute/async - {"script":"<script> [6424 bytes]","args":[{"element-6066-11e4-a52e-4f735466cecf":"f.66C564F48E23224A49CD761FFC4FB84D.d.926F336E8118138EF3532BD9E9F79DD1.e.7768"},"getEnabled",[]]}
RESULT: {}
RESULT: {"script":"<script> [6424 bytes]","args":[{"element-6066-11e4-a52e-4f735466cecf":"f.66C564F48E23224A49CD761FFC4FB84D.d.926F336E8118138EF3532BD9E9F79DD1.e.7768"},"getEnabled",[]]}
]]></system-out>
    </testcase>
    <testcase classname="chrome.136_0_7103_93.windows.Standard_contract_close-reopen_US111278" name="Should verify for multiple statuses that open button is not visible" time="73.983">
      <system-out><![CDATA[
COMMAND: POST /session/3ad3ed370b5892314835873e8b06bae6/execute/async - {"script":"<script> [1562 bytes]","args":[{"selector":{"controlType":"sap.ui.core.Icon","viewName":"etm.portal.ui.managecontracts.view.Detail","properties":{"src":{"regex":{"source":"decline"}}}},"wdio_ui5_key":"etmportal.ui.managecontracts.view.Detailsap.ui.core.Icon{\"src\":{\"regex\":{\"source\":\"decline\"}}}"}]}
RESULT: {"script":"<script> [1562 bytes]","args":[{"selector":{"controlType":"sap.ui.core.Icon","viewName":"etm.portal.ui.managecontracts.view.Detail","properties":{"src":{"regex":{"source":"decline"}}}},"wdio_ui5_key":"etmportal.ui.managecontracts.view.Detailsap.ui.core.Icon{\"src\":{\"regex\":{\"source\":\"decline\"}}}"}]}
RESULT: undefined
COMMAND: POST /session/3ad3ed370b5892314835873e8b06bae6/element - {"using":"xpath","value":"//*[@id=\"__xmlview64--closeColumnBtn-img\"]"}
RESULT: {"using":"xpath","value":"//*[@id=\"__xmlview64--closeColumnBtn-img\"]"}
COMMAND: POST /session/3ad3ed370b5892314835873e8b06bae6/element/f.66C564F48E23224A49CD761FFC4FB84D.d.926F336E8118138EF3532BD9E9F79DD1.e.7731/click - {}
RESULT: {}
COMMAND: GET /session/3ad3ed370b5892314835873e8b06bae6/screenshot - {}
COMMAND: POST /session/3ad3ed370b5892314835873e8b06bae6/element - {"using":"xpath","value":"//div[contains(@id ,\"smartContractFilterBar-btnBasicSearch-reset\")]"}
RESULT: {}
RESULT: {"using":"xpath","value":"//div[contains(@id ,\"smartContractFilterBar-btnBasicSearch-reset\")]"}
COMMAND: POST /session/3ad3ed370b5892314835873e8b06bae6/element/f.66C564F48E23224A49CD761FFC4FB84D.d.926F336E8118138EF3532BD9E9F79DD1.e.7779/click - {}
RESULT: {}
COMMAND: GET /session/3ad3ed370b5892314835873e8b06bae6/screenshot - {}
RESULT: {}
COMMAND: POST /session/3ad3ed370b5892314835873e8b06bae6/execute/async - {"script":"<script> [1562 bytes]","args":[{"selector":{"controlType":"sap.ui.core.Icon","viewName":"etm.portal.ui.managecontracts.view.Master","properties":{"src":{"regex":{"source":"slim\\-arrow\\-down"}}},"ancestor":{"id":"smartContractStatusFilter","viewName":"etm.portal.ui.managecontracts.view.Master"}},"wdio_ui5_key":"etmportal.ui.managecontracts.view.Mastersap.ui.core.Icon{\"src\":{\"regex\":{\"source\":\"slim\\\\-arrow\\\\-down\"}}}{\"id\":\"smartContractStatusFilter\",\"viewName\":\"etm.portal.ui.managecontracts.view.Master\"}"}]}
RESULT: {"script":"<script> [1562 bytes]","args":[{"selector":{"controlType":"sap.ui.core.Icon","viewName":"etm.portal.ui.managecontracts.view.Master","properties":{"src":{"regex":{"source":"slim\\-arrow\\-down"}}},"ancestor":{"id":"smartContractStatusFilter","viewName":"etm.portal.ui.managecontracts.view.Master"}},"wdio_ui5_key":"etmportal.ui.managecontracts.view.Mastersap.ui.core.Icon{\"src\":{\"regex\":{\"source\":\"slim\\\\-arrow\\\\-down\"}}}{\"id\":\"smartContractStatusFilter\",\"viewName\":\"etm.portal.ui.managecontracts.view.Master\"}"}]}
RESULT: undefined
COMMAND: POST /session/3ad3ed370b5892314835873e8b06bae6/element - {"using":"xpath","value":"//*[@id=\"__xmlview63--smartContractStatusFilter-arrow\"]"}
RESULT: {"using":"xpath","value":"//*[@id=\"__xmlview63--smartContractStatusFilter-arrow\"]"}
COMMAND: POST /session/3ad3ed370b5892314835873e8b06bae6/element/f.66C564F48E23224A49CD761FFC4FB84D.d.926F336E8118138EF3532BD9E9F79DD1.e.7821/click - {}
RESULT: {}
COMMAND: POST /session/3ad3ed370b5892314835873e8b06bae6/execute/async - {"script":"<script> [1562 bytes]","args":[{"selector":{"controlType":"sap.m.CheckBox","viewName":"etm.portal.ui.managecontracts.view.Master","properties":{"editable":true},"searchOpenDialogs":true,"ancestor":{"controlType":"sap.m.StandardListItem","viewName":"etm.portal.ui.managecontracts.view.Master","properties":{"title":"partial provided"},"searchOpenDialogs":true},"interaction":{"idSuffix":"CbBg"}},"wdio_ui5_key":"etmportal.ui.managecontracts.view.Mastersap.m.CheckBox{\"editable\":true}{\"controlType\":\"sap.m.StandardListItem\",\"viewName\":\"etm.portal.ui.managecontracts.view.Master\",\"properties\":{\"title\":\"partial provided\"},\"searchOpenDialogs\":true}"}]}
COMMAND: GET /session/3ad3ed370b5892314835873e8b06bae6/screenshot - {}
RESULT: {"script":"<script> [1562 bytes]","args":[{"selector":{"controlType":"sap.m.CheckBox","viewName":"etm.portal.ui.managecontracts.view.Master","properties":{"editable":true},"searchOpenDialogs":true,"ancestor":{"controlType":"sap.m.StandardListItem","viewName":"etm.portal.ui.managecontracts.view.Master","properties":{"title":"partial provided"},"searchOpenDialogs":true},"interaction":{"idSuffix":"CbBg"}},"wdio_ui5_key":"etmportal.ui.managecontracts.view.Mastersap.m.CheckBox{\"editable\":true}{\"controlType\":\"sap.m.StandardListItem\",\"viewName\":\"etm.portal.ui.managecontracts.view.Master\",\"properties\":{\"title\":\"partial provided\"},\"searchOpenDialogs\":true}"}]}
RESULT: undefined
COMMAND: POST /session/3ad3ed370b5892314835873e8b06bae6/element - {"using":"xpath","value":"//*[@id=\"__item1705-selectMulti\"]"}
RESULT: {}
RESULT: {"using":"xpath","value":"//*[@id=\"__item1705-selectMulti\"]"}
COMMAND: POST /session/3ad3ed370b5892314835873e8b06bae6/element/f.66C564F48E23224A49CD761FFC4FB84D.d.926F336E8118138EF3532BD9E9F79DD1.e.7830/click - {}
RESULT: {}
COMMAND: GET /session/3ad3ed370b5892314835873e8b06bae6/screenshot - {}
RESULT: {}
COMMAND: POST /session/3ad3ed370b5892314835873e8b06bae6/element - {"using":"xpath","value":"(//span[contains(@title ,\"Navigation\")])[2]"}
RESULT: {"using":"xpath","value":"(//span[contains(@title ,\"Navigation\")])[2]"}
COMMAND: POST /session/3ad3ed370b5892314835873e8b06bae6/element/f.66C564F48E23224A49CD761FFC4FB84D.d.926F336E8118138EF3532BD9E9F79DD1.e.7863/click - {}
RESULT: {}
COMMAND: GET /session/3ad3ed370b5892314835873e8b06bae6/screenshot - {}
RESULT: {}
COMMAND: POST /session/3ad3ed370b5892314835873e8b06bae6/element - {"using":"xpath","value":"//bdi[contains(@id ,\"closeContractBtn-BDI-content\")]"}
RESULT: {"using":"xpath","value":"//bdi[contains(@id ,\"closeContractBtn-BDI-content\")]"}
COMMAND: POST /session/3ad3ed370b5892314835873e8b06bae6/execute/sync - {"script":"<script> [8489 bytes]","args":[{"element-6066-11e4-a52e-4f735466cecf":"f.66C564F48E23224A49CD761FFC4FB84D.d.926F336E8118138EF3532BD9E9F79DD1.e.8047","ELEMENT":"f.66C564F48E23224A49CD761FFC4FB84D.d.926F336E8118138EF3532BD9E9F79DD1.e.8047"}]}
RESULT: undefined
COMMAND: POST /session/3ad3ed370b5892314835873e8b06bae6/element - {"using":"xpath","value":"//*[@id=\"__xmlview64--closeColumnBtn-img\"]"}
RESULT: {"script":"<script> [8489 bytes]","args":[{"element-6066-11e4-a52e-4f735466cecf":"f.66C564F48E23224A49CD761FFC4FB84D.d.926F336E8118138EF3532BD9E9F79DD1.e.8047","ELEMENT":"f.66C564F48E23224A49CD761FFC4FB84D.d.926F336E8118138EF3532BD9E9F79DD1.e.8047"}]}
COMMAND: GET /session/3ad3ed370b5892314835873e8b06bae6/screenshot - {}
RESULT: {"using":"xpath","value":"//*[@id=\"__xmlview64--closeColumnBtn-img\"]"}
COMMAND: POST /session/3ad3ed370b5892314835873e8b06bae6/element/f.66C564F48E23224A49CD761FFC4FB84D.d.926F336E8118138EF3532BD9E9F79DD1.e.7731/click - {}
RESULT: {}
COMMAND: POST /session/3ad3ed370b5892314835873e8b06bae6/execute/sync - {"script":"<script> [8489 bytes]","args":[{"element-6066-11e4-a52e-4f735466cecf":"f.66C564F48E23224A49CD761FFC4FB84D.d.926F336E8118138EF3532BD9E9F79DD1.e.8047","ELEMENT":"f.66C564F48E23224A49CD761FFC4FB84D.d.926F336E8118138EF3532BD9E9F79DD1.e.8047"}]}
RESULT: {}
COMMAND: GET /session/3ad3ed370b5892314835873e8b06bae6/screenshot - {}
COMMAND: POST /session/3ad3ed370b5892314835873e8b06bae6/refresh - {}
RESULT: {"script":"<script> [8489 bytes]","args":[{"element-6066-11e4-a52e-4f735466cecf":"f.66C564F48E23224A49CD761FFC4FB84D.d.926F336E8118138EF3532BD9E9F79DD1.e.8047","ELEMENT":"f.66C564F48E23224A49CD761FFC4FB84D.d.926F336E8118138EF3532BD9E9F79DD1.e.8047"}]}
COMMAND: GET /session/3ad3ed370b5892314835873e8b06bae6/screenshot - {}
RESULT: {}
RESULT: {}
COMMAND: GET /session/3ad3ed370b5892314835873e8b06bae6/screenshot - {}
RESULT: {}
RESULT: {}
COMMAND: POST /session/3ad3ed370b5892314835873e8b06bae6/execute/async - {"script":"<script> [189 bytes]","args":[]}
RESULT: {"script":"<script> [189 bytes]","args":[]}
COMMAND: POST /session/3ad3ed370b5892314835873e8b06bae6/execute/async - {"script":"<script> [123 bytes]","args":[]}
RESULT: {"script":"<script> [123 bytes]","args":[]}
COMMAND: POST /session/3ad3ed370b5892314835873e8b06bae6/timeouts - {"script":"<number>"}
RESULT: {"script":"<number>"}
COMMAND: GET /session/3ad3ed370b5892314835873e8b06bae6/timeouts - {}
RESULT: {}
RESULT: undefined
COMMAND: POST /session/3ad3ed370b5892314835873e8b06bae6/execute/async - {"script":"<script> [2676 bytes]","args":[]}
RESULT: {"script":"<script> [2676 bytes]","args":[]}
COMMAND: POST /session/3ad3ed370b5892314835873e8b06bae6/execute/async - {"script":"<script> [2342 bytes]","args":[{"protocol":"http","hostname":"0.0.0.0","path":"/","capabilities":{"browserName":"chrome","goog:chromeOptions":{"binary":"C:\\Program Files\\Google\\Chrome\\Application\\chrome.exe","args":["--start-maximized"]}},"logLevel":"warn","connectionRetryTimeout":120000,"connectionRetryCount":3,"logLevels":{},"enableDirectConnect":true,"strictSSL":true,"_":"65 more keys: [\"cacheDir\",\"port\",\"requestedCapabilities\",\"automationProtocol\",\"baseUrl\",\"waitforInterval\",\"waitforTimeout\",\"onReload\",\"beforeCommand\",\"afterCommand\",\"rootDir\",\"specs\",\"suites\",\"exclude\",\"groupLogsByTestSpec\",\"excludeDriverLogs\",\"bail\",\"framework\",\"reporters\",\"services\",\"maxInstances\",\"maxInstancesPerCapability\",\"injectGlobals\",\"filesToWatch\",\"execArgv\",\"runnerEnv\",\"runner\",\"shard\",\"specFileRetries\",\"specFileRetriesDelay\",\"specFileRetriesDeferred\",\"reporterSyncInterval\",\"reporterSyncTimeout\",\"cucumberFeaturesWithLineNumbers\",\"autoCompileOpts\",\"mochaOpts\",\"jasmineOpts\",\"cucumberOpts\",\"onPrepare\",\"onWorkerStart\",\"onWorkerEnd\",\"before\",\"beforeSession\",\"beforeSuite\",\"beforeHook\",\"beforeTest\",\"afterTest\",\"afterHook\",\"afterSuite\",\"afterSession\",\"after\",\"onComplete\",\"beforeAssertion\",\"afterAssertion\",\"beforeFeature\",\"beforeScenario\",\"beforeStep\",\"afterStep\",\"afterScenario\",\"afterFeature\",\"_\",\"suite\",\"$0\",\"ignoredWorkerServices\",\"wdi5\"]"}]}
RESULT: {"script":"<script> [2342 bytes]","args":[{"protocol":"http","hostname":"0.0.0.0","path":"/","capabilities":{"browserName":"chrome","goog:chromeOptions":{"binary":"C:\\Program Files\\Google\\Chrome\\Application\\chrome.exe","args":["--start-maximized"]}},"logLevel":"warn","connectionRetryTimeout":120000,"connectionRetryCount":3,"logLevels":{},"enableDirectConnect":true,"strictSSL":true,"_":"65 more keys: [\"cacheDir\",\"port\",\"requestedCapabilities\",\"automationProtocol\",\"baseUrl\",\"waitforInterval\",\"waitforTimeout\",\"onReload\",\"beforeCommand\",\"afterCommand\",\"rootDir\",\"specs\",\"suites\",\"exclude\",\"groupLogsByTestSpec\",\"excludeDriverLogs\",\"bail\",\"framework\",\"reporters\",\"services\",\"maxInstances\",\"maxInstancesPerCapability\",\"injectGlobals\",\"filesToWatch\",\"execArgv\",\"runnerEnv\",\"runner\",\"shard\",\"specFileRetries\",\"specFileRetriesDelay\",\"specFileRetriesDeferred\",\"reporterSyncInterval\",\"reporterSyncTimeout\",\"cucumberFeaturesWithLineNumbers\",\"autoCompileOpts\",\"mochaOpts\",\"jasmineOpts\",\"cucumberOpts\",\"onPrepare\",\"onWorkerStart\",\"onWorkerEnd\",\"before\",\"beforeSession\",\"beforeSuite\",\"beforeHook\",\"beforeTest\",\"afterTest\",\"afterHook\",\"afterSuite\",\"afterSession\",\"after\",\"onComplete\",\"beforeAssertion\",\"afterAssertion\",\"beforeFeature\",\"beforeScenario\",\"beforeStep\",\"afterStep\",\"afterScenario\",\"afterFeature\",\"_\",\"suite\",\"$0\",\"ignoredWorkerServices\",\"wdi5\"]"}]}
COMMAND: POST /session/3ad3ed370b5892314835873e8b06bae6/execute/async - {"script":"<script> [21126 bytes]","args":[35000]}
RESULT: {"script":"<script> [21126 bytes]","args":[35000]}
COMMAND: POST /session/3ad3ed370b5892314835873e8b06bae6/execute/async - {"script":"<script> [1562 bytes]","args":[{"selector":{"controlType":"sap.ui.core.Icon","viewName":"etm.portal.ui.managecontracts.view.Master","properties":{"src":{"regex":{"source":"slim\\-arrow\\-down"}}},"ancestor":{"id":"smartContractStatusFilter","viewName":"etm.portal.ui.managecontracts.view.Master"}},"wdio_ui5_key":"etmportal.ui.managecontracts.view.Mastersap.ui.core.Icon{\"src\":{\"regex\":{\"source\":\"slim\\\\-arrow\\\\-down\"}}}{\"id\":\"smartContractStatusFilter\",\"viewName\":\"etm.portal.ui.managecontracts.view.Master\"}"}]}
RESULT: {"script":"<script> [1562 bytes]","args":[{"selector":{"controlType":"sap.ui.core.Icon","viewName":"etm.portal.ui.managecontracts.view.Master","properties":{"src":{"regex":{"source":"slim\\-arrow\\-down"}}},"ancestor":{"id":"smartContractStatusFilter","viewName":"etm.portal.ui.managecontracts.view.Master"}},"wdio_ui5_key":"etmportal.ui.managecontracts.view.Mastersap.ui.core.Icon{\"src\":{\"regex\":{\"source\":\"slim\\\\-arrow\\\\-down\"}}}{\"id\":\"smartContractStatusFilter\",\"viewName\":\"etm.portal.ui.managecontracts.view.Master\"}"}]}
RESULT: undefined
COMMAND: POST /session/3ad3ed370b5892314835873e8b06bae6/element - {"using":"xpath","value":"//*[@id=\"__xmlview0--smartContractStatusFilter-arrow\"]"}
RESULT: {"using":"xpath","value":"//*[@id=\"__xmlview0--smartContractStatusFilter-arrow\"]"}
COMMAND: POST /session/3ad3ed370b5892314835873e8b06bae6/element/f.66C564F48E23224A49CD761FFC4FB84D.d.E0F4AB4AE578BB921223BA42EF083357.e.8237/click - {}
RESULT: {}
COMMAND: GET /session/3ad3ed370b5892314835873e8b06bae6/screenshot - {}
RESULT: {}
COMMAND: POST /session/3ad3ed370b5892314835873e8b06bae6/execute/async - {"script":"<script> [1562 bytes]","args":[{"selector":{"controlType":"sap.m.CheckBox","viewName":"etm.portal.ui.managecontracts.view.Master","properties":{"editable":true},"searchOpenDialogs":true,"ancestor":{"controlType":"sap.m.StandardListItem","viewName":"etm.portal.ui.managecontracts.view.Master","properties":{"title":"partial billed"},"searchOpenDialogs":true},"interaction":{"idSuffix":"CbBg"}},"wdio_ui5_key":"etmportal.ui.managecontracts.view.Mastersap.m.CheckBox{\"editable\":true}{\"controlType\":\"sap.m.StandardListItem\",\"viewName\":\"etm.portal.ui.managecontracts.view.Master\",\"properties\":{\"title\":\"partial billed\"},\"searchOpenDialogs\":true}"}]}
RESULT: {"script":"<script> [1562 bytes]","args":[{"selector":{"controlType":"sap.m.CheckBox","viewName":"etm.portal.ui.managecontracts.view.Master","properties":{"editable":true},"searchOpenDialogs":true,"ancestor":{"controlType":"sap.m.StandardListItem","viewName":"etm.portal.ui.managecontracts.view.Master","properties":{"title":"partial billed"},"searchOpenDialogs":true},"interaction":{"idSuffix":"CbBg"}},"wdio_ui5_key":"etmportal.ui.managecontracts.view.Mastersap.m.CheckBox{\"editable\":true}{\"controlType\":\"sap.m.StandardListItem\",\"viewName\":\"etm.portal.ui.managecontracts.view.Master\",\"properties\":{\"title\":\"partial billed\"},\"searchOpenDialogs\":true}"}]}
RESULT: undefined
COMMAND: POST /session/3ad3ed370b5892314835873e8b06bae6/element - {"using":"xpath","value":"//*[@id=\"__item41-selectMulti\"]"}
RESULT: {"using":"xpath","value":"//*[@id=\"__item41-selectMulti\"]"}
COMMAND: POST /session/3ad3ed370b5892314835873e8b06bae6/element/f.66C564F48E23224A49CD761FFC4FB84D.d.E0F4AB4AE578BB921223BA42EF083357.e.8246/click - {}
RESULT: {}
COMMAND: GET /session/3ad3ed370b5892314835873e8b06bae6/screenshot - {}
RESULT: {}
COMMAND: POST /session/3ad3ed370b5892314835873e8b06bae6/element - {"using":"xpath","value":"(//span[contains(@title ,\"Navigation\")])[2]"}
RESULT: {"using":"xpath","value":"(//span[contains(@title ,\"Navigation\")])[2]"}
COMMAND: POST /session/3ad3ed370b5892314835873e8b06bae6/element/f.66C564F48E23224A49CD761FFC4FB84D.d.E0F4AB4AE578BB921223BA42EF083357.e.8282/click - {}
RESULT: {}
COMMAND: GET /session/3ad3ed370b5892314835873e8b06bae6/screenshot - {}
RESULT: {}
COMMAND: POST /session/3ad3ed370b5892314835873e8b06bae6/execute/sync - {"script":"<script> [8489 bytes]","args":[{"element-6066-11e4-a52e-4f735466cecf":"f.66C564F48E23224A49CD761FFC4FB84D.d.926F336E8118138EF3532BD9E9F79DD1.e.8047","ELEMENT":"f.66C564F48E23224A49CD761FFC4FB84D.d.926F336E8118138EF3532BD9E9F79DD1.e.8047"}]}
COMMAND: POST /session/3ad3ed370b5892314835873e8b06bae6/element - {"using":"css selector","value":"#shell-header-logo"}
COMMAND: POST /session/3ad3ed370b5892314835873e8b06bae6/element - {"using":"xpath","value":"//bdi[contains(@id ,\"closeContractBtn-BDI-content\")]"}
RESULT: {"using":"css selector","value":"#shell-header-logo"}
COMMAND: POST /session/3ad3ed370b5892314835873e8b06bae6/element/f.66C564F48E23224A49CD761FFC4FB84D.d.E0F4AB4AE578BB921223BA42EF083357.e.8168/click - {}
RESULT: {"using":"xpath","value":"//bdi[contains(@id ,\"closeContractBtn-BDI-content\")]"}
COMMAND: POST /session/3ad3ed370b5892314835873e8b06bae6/execute/sync - {"script":"<script> [8489 bytes]","args":[{"element-6066-11e4-a52e-4f735466cecf":"f.66C564F48E23224A49CD761FFC4FB84D.d.E0F4AB4AE578BB921223BA42EF083357.e.8587","ELEMENT":"f.66C564F48E23224A49CD761FFC4FB84D.d.E0F4AB4AE578BB921223BA42EF083357.e.8587"}]}
RESULT: {}
COMMAND: GET /session/3ad3ed370b5892314835873e8b06bae6/screenshot - {}
]]></system-out>
    </testcase>
  </testsuite>
  <testsuite timestamp="2025-05-30T18:14:56" time="63.908" tests="1" failures="0" errors="0" skipped="0">
    <properties>
      <property name="specId" value="0"/>
      <property name="suiteName" value="Standard contract decline US151279"/>
      <property name="capabilities" value="chrome.136_0_7103_93.windows"/>
      <property name="file" value="file:///D:/a/1/s/test/specs/R2C/standard-contract-decline.spec.js"/>
    </properties>
    <testcase classname="chrome.136_0_7103_93.windows.Standard_contract_decline_US151279" name="Should decline a contract" time="59.706">
      <system-out><![CDATA[
COMMAND: POST /session/3ad3ed370b5892314835873e8b06bae6/execute/async - {"script":"<script> [1562 bytes]","args":[{"selector":{"controlType":"sap.m.GenericTile","properties":{"header":"Manage Contracts"}},"wdio_ui5_key":"sapm.GenericTile{\"header\":\"Manage Contracts\"}"}]}
RESULT: {}
COMMAND: POST /session/3ad3ed370b5892314835873e8b06bae6/execute/sync - {"script":"<script> [8489 bytes]","args":[{"element-6066-11e4-a52e-4f735466cecf":"f.66C564F48E23224A49CD761FFC4FB84D.d.E0F4AB4AE578BB921223BA42EF083357.e.8587","ELEMENT":"f.66C564F48E23224A49CD761FFC4FB84D.d.E0F4AB4AE578BB921223BA42EF083357.e.8587"}]}
RESULT: {"script":"<script> [1562 bytes]","args":[{"selector":{"controlType":"sap.m.GenericTile","properties":{"header":"Manage Contracts"}},"wdio_ui5_key":"sapm.GenericTile{\"header\":\"Manage Contracts\"}"}]}
RESULT: undefined
COMMAND: POST /session/3ad3ed370b5892314835873e8b06bae6/element - {"using":"xpath","value":"//*[@id=\"__tile130\"]"}
COMMAND: POST /session/3ad3ed370b5892314835873e8b06bae6/element - {"using":"xpath","value":"//bdi[contains(@id ,\"closeContractBtn-BDI-content\")]"}
RESULT: {"using":"xpath","value":"//*[@id=\"__tile130\"]"}
COMMAND: POST /session/3ad3ed370b5892314835873e8b06bae6/element/f.66C564F48E23224A49CD761FFC4FB84D.d.E0F4AB4AE578BB921223BA42EF083357.e.8611/click - {}
RESULT: {"using":"xpath","value":"//bdi[contains(@id ,\"closeContractBtn-BDI-content\")]"}
COMMAND: POST /session/3ad3ed370b5892314835873e8b06bae6/element - {"using":"xpath","value":"//bdi[contains(@id ,\"closeContractBtn-BDI-content\")]"}
COMMAND: POST /session/3ad3ed370b5892314835873e8b06bae6/element - {"using":"xpath","value":"//input[contains(@id ,\"smartContractFilterBar-btnBasicSearch-I\")]"}
RESULT: {}
RESULT: {"using":"xpath","value":"//bdi[contains(@id ,\"closeContractBtn-BDI-content\")]"}
COMMAND: GET /session/3ad3ed370b5892314835873e8b06bae6/screenshot - {}
RESULT: {"using":"xpath","value":"//input[contains(@id ,\"smartContractFilterBar-btnBasicSearch-I\")]"}
COMMAND: POST /session/3ad3ed370b5892314835873e8b06bae6/element/f.66C564F48E23224A49CD761FFC4FB84D.d.E0F4AB4AE578BB921223BA42EF083357.e.8622/clear - {}
RESULT: {}
RESULT: {}
COMMAND: POST /session/3ad3ed370b5892314835873e8b06bae6/element/f.66C564F48E23224A49CD761FFC4FB84D.d.E0F4AB4AE578BB921223BA42EF083357.e.8622/value - {"text":"10409"}
COMMAND: GET /session/3ad3ed370b5892314835873e8b06bae6/screenshot - {}
RESULT: {"text":"10409"}
COMMAND: POST /session/3ad3ed370b5892314835873e8b06bae6/actions - {"actions":[{"id":"action43","type":"key","parameters":{},"actions":[{"type":"keyDown","value":""},{"type":"pause","duration":10},{"type":"keyUp","value":""}]}]}
COMMAND: GET /session/3ad3ed370b5892314835873e8b06bae6/screenshot - {}
RESULT: {}
RESULT: {"actions":[{"id":"action43","type":"key","parameters":{},"actions":[{"type":"keyDown","value":""},{"type":"pause","duration":10},{"type":"keyUp","value":""}]}]}
COMMAND: GET /session/3ad3ed370b5892314835873e8b06bae6/screenshot - {}
RESULT: {}
RESULT: {}
COMMAND: POST /session/3ad3ed370b5892314835873e8b06bae6/execute/async - {"script":"<script> [1562 bytes]","args":[{"selector":{"controlType":"sap.ui.core.Icon","viewName":"etm.portal.ui.managecontracts.view.Master","properties":{"src":{"regex":{"source":"slim\\-arrow\\-right"}}}},"wdio_ui5_key":"etmportal.ui.managecontracts.view.Mastersap.ui.core.Icon{\"src\":{\"regex\":{\"source\":\"slim\\\\-arrow\\\\-right\"}}}"}]}
RESULT: {"script":"<script> [1562 bytes]","args":[{"selector":{"controlType":"sap.ui.core.Icon","viewName":"etm.portal.ui.managecontracts.view.Master","properties":{"src":{"regex":{"source":"slim\\-arrow\\-right"}}}},"wdio_ui5_key":"etmportal.ui.managecontracts.view.Mastersap.ui.core.Icon{\"src\":{\"regex\":{\"source\":\"slim\\\\-arrow\\\\-right\"}}}"}]}
RESULT: undefined
COMMAND: POST /session/3ad3ed370b5892314835873e8b06bae6/element - {"using":"xpath","value":"//*[@id=\"__item77-__clone234-imgNav\"]"}
RESULT: {"using":"xpath","value":"//*[@id=\"__item77-__clone234-imgNav\"]"}
COMMAND: POST /session/3ad3ed370b5892314835873e8b06bae6/element/f.66C564F48E23224A49CD761FFC4FB84D.d.E0F4AB4AE578BB921223BA42EF083357.e.8712/click - {}
RESULT: {}
COMMAND: GET /session/3ad3ed370b5892314835873e8b06bae6/screenshot - {}
COMMAND: POST /session/3ad3ed370b5892314835873e8b06bae6/elements - {"using":"xpath","value":"//span[text()='Error']"}
RESULT: {}
RESULT: {"using":"xpath","value":"//span[text()='Error']"}
COMMAND: POST /session/3ad3ed370b5892314835873e8b06bae6/execute/async - {"script":"<script> [1562 bytes]","args":[{"selector":{"id":"cancelContractBtn","viewName":"etm.portal.ui.managecontracts.view.Detail","interaction":{"idSuffix":"BDI-content"}},"wdio_ui5_key":"cancelContractBtnetmportal.ui.managecontracts.view.Detail"}]}
RESULT: {"script":"<script> [1562 bytes]","args":[{"selector":{"id":"cancelContractBtn","viewName":"etm.portal.ui.managecontracts.view.Detail","interaction":{"idSuffix":"BDI-content"}},"wdio_ui5_key":"cancelContractBtnetmportal.ui.managecontracts.view.Detail"}]}
RESULT: undefined
COMMAND: POST /session/3ad3ed370b5892314835873e8b06bae6/element - {"using":"xpath","value":"//*[@id=\"__xmlview61--cancelContractBtn\"]"}
RESULT: {"using":"xpath","value":"//*[@id=\"__xmlview61--cancelContractBtn\"]"}
COMMAND: POST /session/3ad3ed370b5892314835873e8b06bae6/element/f.66C564F48E23224A49CD761FFC4FB84D.d.E0F4AB4AE578BB921223BA42EF083357.e.8801/click - {}
RESULT: {}
COMMAND: GET /session/3ad3ed370b5892314835873e8b06bae6/screenshot - {}
RESULT: {}
COMMAND: POST /session/3ad3ed370b5892314835873e8b06bae6/execute/async - {"script":"<script> [1562 bytes]","args":[{"selector":{"controlType":"sap.m.Text","properties":{"text":"Do you want to cancel the whole contract?"},"searchOpenDialogs":true},"wdio_ui5_key":"sapm.Text{\"text\":\"Do you want to cancel the whole contract?\"}"}]}
RESULT: {"script":"<script> [1562 bytes]","args":[{"selector":{"controlType":"sap.m.Text","properties":{"text":"Do you want to cancel the whole contract?"},"searchOpenDialogs":true},"wdio_ui5_key":"sapm.Text{\"text\":\"Do you want to cancel the whole contract?\"}"}]}
RESULT: undefined
COMMAND: POST /session/3ad3ed370b5892314835873e8b06bae6/execute/async - {"script":"<script> [6424 bytes]","args":[{"element-6066-11e4-a52e-4f735466cecf":"f.66C564F48E23224A49CD761FFC4FB84D.d.E0F4AB4AE578BB921223BA42EF083357.e.8841"},"getText",[]]}
RESULT: {"script":"<script> [6424 bytes]","args":[{"element-6066-11e4-a52e-4f735466cecf":"f.66C564F48E23224A49CD761FFC4FB84D.d.E0F4AB4AE578BB921223BA42EF083357.e.8841"},"getText",[]]}
COMMAND: POST /session/3ad3ed370b5892314835873e8b06bae6/element - {"using":"xpath","value":"//bdi[contains(text(), \"OK\")]"}
RESULT: {"using":"xpath","value":"//bdi[contains(text(), \"OK\")]"}
COMMAND: POST /session/3ad3ed370b5892314835873e8b06bae6/element/f.66C564F48E23224A49CD761FFC4FB84D.d.E0F4AB4AE578BB921223BA42EF083357.e.8842/click - {}
RESULT: {}
COMMAND: GET /session/3ad3ed370b5892314835873e8b06bae6/screenshot - {}
RESULT: {}
COMMAND: POST /session/3ad3ed370b5892314835873e8b06bae6/element - {"using":"xpath","value":"//input[contains(@id ,\"smartContractFilterBar-btnBasicSearch-I\")]"}
RESULT: {"using":"xpath","value":"//input[contains(@id ,\"smartContractFilterBar-btnBasicSearch-I\")]"}
COMMAND: POST /session/3ad3ed370b5892314835873e8b06bae6/element/f.66C564F48E23224A49CD761FFC4FB84D.d.E0F4AB4AE578BB921223BA42EF083357.e.8622/clear - {}
RESULT: {}
COMMAND: POST /session/3ad3ed370b5892314835873e8b06bae6/element/f.66C564F48E23224A49CD761FFC4FB84D.d.E0F4AB4AE578BB921223BA42EF083357.e.8622/value - {"text":"10409"}
COMMAND: GET /session/3ad3ed370b5892314835873e8b06bae6/screenshot - {}
RESULT: {"text":"10409"}
COMMAND: POST /session/3ad3ed370b5892314835873e8b06bae6/actions - {"actions":[{"id":"action44","type":"key","parameters":{},"actions":[{"type":"keyDown","value":""},{"type":"pause","duration":10},{"type":"keyUp","value":""}]}]}
COMMAND: GET /session/3ad3ed370b5892314835873e8b06bae6/screenshot - {}
RESULT: {}
RESULT: {"actions":[{"id":"action44","type":"key","parameters":{},"actions":[{"type":"keyDown","value":""},{"type":"pause","duration":10},{"type":"keyUp","value":""}]}]}
COMMAND: GET /session/3ad3ed370b5892314835873e8b06bae6/screenshot - {}
RESULT: {}
RESULT: {}
COMMAND: POST /session/3ad3ed370b5892314835873e8b06bae6/execute/async - {"script":"<script> [1562 bytes]","args":[{"selector":{"controlType":"sap.m.ObjectStatus","viewName":"etm.portal.ui.managecontracts.view.Master","bindingPath":{"path":"/SmartContractHeaders('10409')","propertyPath":"STATUS_DESCRIPTION"}},"wdio_ui5_key":"etmportal.ui.managecontracts.view.Mastersap.m.ObjectStatus{\"path\":\"/SmartContractHeaders('10409')\",\"propertyPath\":\"STATUS_DESCRIPTION\"}"}]}
RESULT: {"script":"<script> [1562 bytes]","args":[{"selector":{"controlType":"sap.m.ObjectStatus","viewName":"etm.portal.ui.managecontracts.view.Master","bindingPath":{"path":"/SmartContractHeaders('10409')","propertyPath":"STATUS_DESCRIPTION"}},"wdio_ui5_key":"etmportal.ui.managecontracts.view.Mastersap.m.ObjectStatus{\"path\":\"/SmartContractHeaders('10409')\",\"propertyPath\":\"STATUS_DESCRIPTION\"}"}]}
RESULT: undefined
COMMAND: POST /session/3ad3ed370b5892314835873e8b06bae6/execute/async - {"script":"<script> [6424 bytes]","args":[{"element-6066-11e4-a52e-4f735466cecf":"f.66C564F48E23224A49CD761FFC4FB84D.d.E0F4AB4AE578BB921223BA42EF083357.e.8900"},"getText",[]]}
RESULT: {"script":"<script> [6424 bytes]","args":[{"element-6066-11e4-a52e-4f735466cecf":"f.66C564F48E23224A49CD761FFC4FB84D.d.E0F4AB4AE578BB921223BA42EF083357.e.8900"},"getText",[]]}
RESULT: undefined
COMMAND: POST /session/3ad3ed370b5892314835873e8b06bae6/element - {"using":"xpath","value":"//*[@id=\"__item77-__clone234-imgNav\"]"}
RESULT: {"using":"xpath","value":"//*[@id=\"__item77-__clone234-imgNav\"]"}
COMMAND: POST /session/3ad3ed370b5892314835873e8b06bae6/element/f.66C564F48E23224A49CD761FFC4FB84D.d.E0F4AB4AE578BB921223BA42EF083357.e.8712/click - {}
RESULT: {}
COMMAND: GET /session/3ad3ed370b5892314835873e8b06bae6/screenshot - {}
RESULT: {}
COMMAND: POST /session/3ad3ed370b5892314835873e8b06bae6/execute/async - {"script":"<script> [1562 bytes]","args":[{"selector":{"controlType":"sap.m.ObjectStatus","viewName":"etm.portal.ui.managecontracts.view.Detail","bindingPath":{"path":"/SmartContractItems(CONTRACT='10409',ITEM=10m,SUB_ITEM=0m)","propertyPath":"STATUS"}},"wdio_ui5_key":"etmportal.ui.managecontracts.view.Detailsap.m.ObjectStatus{\"path\":\"/SmartContractItems(CONTRACT='10409',ITEM=10m,SUB_ITEM=0m)\",\"propertyPath\":\"STATUS\"}"}]}
RESULT: {"script":"<script> [1562 bytes]","args":[{"selector":{"controlType":"sap.m.ObjectStatus","viewName":"etm.portal.ui.managecontracts.view.Detail","bindingPath":{"path":"/SmartContractItems(CONTRACT='10409',ITEM=10m,SUB_ITEM=0m)","propertyPath":"STATUS"}},"wdio_ui5_key":"etmportal.ui.managecontracts.view.Detailsap.m.ObjectStatus{\"path\":\"/SmartContractItems(CONTRACT='10409',ITEM=10m,SUB_ITEM=0m)\",\"propertyPath\":\"STATUS\"}"}]}
RESULT: undefined
COMMAND: POST /session/3ad3ed370b5892314835873e8b06bae6/execute/async - {"script":"<script> [6424 bytes]","args":[{"element-6066-11e4-a52e-4f735466cecf":"f.66C564F48E23224A49CD761FFC4FB84D.d.E0F4AB4AE578BB921223BA42EF083357.e.8925"},"getText",[]]}
RESULT: {"script":"<script> [6424 bytes]","args":[{"element-6066-11e4-a52e-4f735466cecf":"f.66C564F48E23224A49CD761FFC4FB84D.d.E0F4AB4AE578BB921223BA42EF083357.e.8925"},"getText",[]]}
COMMAND: POST /session/3ad3ed370b5892314835873e8b06bae6/element - {"using":"css selector","value":"#shell-header-logo"}
RESULT: {"using":"css selector","value":"#shell-header-logo"}
COMMAND: POST /session/3ad3ed370b5892314835873e8b06bae6/element/f.66C564F48E23224A49CD761FFC4FB84D.d.E0F4AB4AE578BB921223BA42EF083357.e.8613/click - {}
RESULT: {}
COMMAND: GET /session/3ad3ed370b5892314835873e8b06bae6/screenshot - {}
RESULT: {}
]]></system-out>
    </testcase>
  </testsuite>
  <testsuite timestamp="2025-05-30T18:16:00" time="205.306" tests="2" failures="0" errors="0" skipped="0">
    <properties>
      <property name="specId" value="0"/>
      <property name="suiteName" value="Insert service into a contract US152956"/>
      <property name="capabilities" value="chrome.136_0_7103_93.windows"/>
      <property name="file" value="file:///D:/a/1/s/test/specs/R2C/insert-service-into-a-contract.spec.js"/>
    </properties>
    <testcase classname="chrome.136_0_7103_93.windows.Insert_service_into_a_contract_US152956" name="Should create a new contract" time="110.935">
      <system-out><![CDATA[
RESULT: undefined
COMMAND: POST /session/3ad3ed370b5892314835873e8b06bae6/element - {"using":"xpath","value":"//*[@id=\"__tile130\"]"}
RESULT: {"using":"xpath","value":"//*[@id=\"__tile130\"]"}
COMMAND: POST /session/3ad3ed370b5892314835873e8b06bae6/element/f.66C564F48E23224A49CD761FFC4FB84D.d.E0F4AB4AE578BB921223BA42EF083357.e.8611/click - {}
RESULT: {}
COMMAND: GET /session/3ad3ed370b5892314835873e8b06bae6/screenshot - {}
RESULT: {}
COMMAND: POST /session/3ad3ed370b5892314835873e8b06bae6/elements - {"using":"xpath","value":"//span[text()='Error']"}
RESULT: {"using":"xpath","value":"//span[text()='Error']"}
COMMAND: POST /session/3ad3ed370b5892314835873e8b06bae6/element - {"using":"xpath","value":"//button[@data-kt=\"addButton\"]"}
RESULT: {"using":"xpath","value":"//button[@data-kt=\"addButton\"]"}
COMMAND: POST /session/3ad3ed370b5892314835873e8b06bae6/element/f.66C564F48E23224A49CD761FFC4FB84D.d.E0F4AB4AE578BB921223BA42EF083357.e.8976/click - {}
RESULT: {}
COMMAND: GET /session/3ad3ed370b5892314835873e8b06bae6/screenshot - {}
RESULT: {}
COMMAND: POST /session/3ad3ed370b5892314835873e8b06bae6/execute/async - {"script":"<script> [1562 bytes]","args":[{"selector":{"id":"application-managecontracts-display-component---AddNewContract--projectDescription","interaction":{"idSuffix":"inner"}},"wdio_ui5_key":"applicationmanagecontracts-display-component---AddNewContract--projectDescription"}]}
RESULT: {"script":"<script> [1562 bytes]","args":[{"selector":{"id":"application-managecontracts-display-component---AddNewContract--projectDescription","interaction":{"idSuffix":"inner"}},"wdio_ui5_key":"applicationmanagecontracts-display-component---AddNewContract--projectDescription"}]}
RESULT: undefined
COMMAND: POST /session/3ad3ed370b5892314835873e8b06bae6/execute/async - {"script":"<script> [776 bytes]","args":[{"enterText":"WdIOTestl0hwa","selector":{"id":"application-managecontracts-display-component---AddNewContract--projectDescription","interaction":{"idSuffix":"inner"}},"clearTextFirst":true,"interactionType":"ENTER_TEXT"}]}
RESULT: {"script":"<script> [776 bytes]","args":[{"enterText":"WdIOTestl0hwa","selector":{"id":"application-managecontracts-display-component---AddNewContract--projectDescription","interaction":{"idSuffix":"inner"}},"clearTextFirst":true,"interactionType":"ENTER_TEXT"}]}
COMMAND: POST /session/3ad3ed370b5892314835873e8b06bae6/element - {"using":"xpath","value":"//input[@id=\"application-managecontracts-display-component---AddNewContract--yardId-inner\"]"}
RESULT: {"using":"xpath","value":"//input[@id=\"application-managecontracts-display-component---AddNewContract--yardId-inner\"]"}
COMMAND: POST /session/3ad3ed370b5892314835873e8b06bae6/element/f.66C564F48E23224A49CD761FFC4FB84D.d.E0F4AB4AE578BB921223BA42EF083357.e.9240/clear - {}
RESULT: {}
COMMAND: POST /session/3ad3ed370b5892314835873e8b06bae6/element/f.66C564F48E23224A49CD761FFC4FB84D.d.E0F4AB4AE578BB921223BA42EF083357.e.9240/value - {"text":"WebdriverYard8gjj"}
COMMAND: GET /session/3ad3ed370b5892314835873e8b06bae6/screenshot - {}
RESULT: {"text":"WebdriverYard8gjj"}
COMMAND: GET /session/3ad3ed370b5892314835873e8b06bae6/screenshot - {}
RESULT: {}
RESULT: {}
COMMAND: POST /session/3ad3ed370b5892314835873e8b06bae6/actions - {"actions":[{"id":"action45","type":"key","parameters":{},"actions":[{"type":"keyDown","value":""},{"type":"pause","duration":10},{"type":"keyUp","value":""}]}]}
RESULT: {"actions":[{"id":"action45","type":"key","parameters":{},"actions":[{"type":"keyDown","value":""},{"type":"pause","duration":10},{"type":"keyUp","value":""}]}]}
COMMAND: GET /session/3ad3ed370b5892314835873e8b06bae6/screenshot - {}
RESULT: {}
COMMAND: POST /session/3ad3ed370b5892314835873e8b06bae6/element - {"using":"xpath","value":"//input[@id=\"application-managecontracts-display-component---AddNewContract--customerSelect-inner\"]"}
RESULT: {"using":"xpath","value":"//input[@id=\"application-managecontracts-display-component---AddNewContract--customerSelect-inner\"]"}
COMMAND: POST /session/3ad3ed370b5892314835873e8b06bae6/element/f.66C564F48E23224A49CD761FFC4FB84D.d.E0F4AB4AE578BB921223BA42EF083357.e.9238/clear - {}
RESULT: {}
COMMAND: POST /session/3ad3ed370b5892314835873e8b06bae6/element/f.66C564F48E23224A49CD761FFC4FB84D.d.E0F4AB4AE578BB921223BA42EF083357.e.9238/value - {"text":"WebdriverPartnerva5vx"}
COMMAND: GET /session/3ad3ed370b5892314835873e8b06bae6/screenshot - {}
RESULT: {"text":"WebdriverPartnerva5vx"}
COMMAND: GET /session/3ad3ed370b5892314835873e8b06bae6/screenshot - {}
RESULT: {}
RESULT: {}
COMMAND: POST /session/3ad3ed370b5892314835873e8b06bae6/actions - {"actions":[{"id":"action46","type":"key","parameters":{},"actions":[{"type":"keyDown","value":""},{"type":"pause","duration":10},{"type":"keyUp","value":""}]}]}
RESULT: {"actions":[{"id":"action46","type":"key","parameters":{},"actions":[{"type":"keyDown","value":""},{"type":"pause","duration":10},{"type":"keyUp","value":""}]}]}
COMMAND: GET /session/3ad3ed370b5892314835873e8b06bae6/screenshot - {}
RESULT: {}
COMMAND: POST /session/3ad3ed370b5892314835873e8b06bae6/element - {"using":"xpath","value":"//input[@id=\"application-managecontracts-display-component---AddNewContract--site-inner\"]"}
RESULT: {"using":"xpath","value":"//input[@id=\"application-managecontracts-display-component---AddNewContract--site-inner\"]"}
COMMAND: POST /session/3ad3ed370b5892314835873e8b06bae6/element/f.66C564F48E23224A49CD761FFC4FB84D.d.E0F4AB4AE578BB921223BA42EF083357.e.9239/clear - {}
RESULT: {}
COMMAND: POST /session/3ad3ed370b5892314835873e8b06bae6/element/f.66C564F48E23224A49CD761FFC4FB84D.d.E0F4AB4AE578BB921223BA42EF083357.e.9239/value - {"text":"WebdriverSiteo9qm"}
COMMAND: GET /session/3ad3ed370b5892314835873e8b06bae6/screenshot - {}
RESULT: {"text":"WebdriverSiteo9qm"}
COMMAND: GET /session/3ad3ed370b5892314835873e8b06bae6/screenshot - {}
RESULT: {}
RESULT: {}
COMMAND: POST /session/3ad3ed370b5892314835873e8b06bae6/actions - {"actions":[{"id":"action47","type":"key","parameters":{},"actions":[{"type":"keyDown","value":""},{"type":"pause","duration":10},{"type":"keyUp","value":""}]}]}
RESULT: {"actions":[{"id":"action47","type":"key","parameters":{},"actions":[{"type":"keyDown","value":""},{"type":"pause","duration":10},{"type":"keyUp","value":""}]}]}
COMMAND: GET /session/3ad3ed370b5892314835873e8b06bae6/screenshot - {}
COMMAND: POST /session/3ad3ed370b5892314835873e8b06bae6/element - {"using":"xpath","value":"//button[@data-kt=\"saveButton\"]"}
RESULT: {}
RESULT: {"using":"xpath","value":"//button[@data-kt=\"saveButton\"]"}
COMMAND: POST /session/3ad3ed370b5892314835873e8b06bae6/element/f.66C564F48E23224A49CD761FFC4FB84D.d.E0F4AB4AE578BB921223BA42EF083357.e.9314/click - {}
RESULT: {}
COMMAND: GET /session/3ad3ed370b5892314835873e8b06bae6/screenshot - {}
RESULT: {}
COMMAND: POST /session/3ad3ed370b5892314835873e8b06bae6/execute/async - {"script":"<script> [1562 bytes]","args":[{"selector":{"id":"contractDetailTitleNoExpanded","viewName":"etm.portal.ui.managecontracts.view.Detail"},"wdio_ui5_key":"contractDetailTitleNoExpandedetmportal.ui.managecontracts.view.Detail"}]}
RESULT: {"script":"<script> [1562 bytes]","args":[{"selector":{"id":"contractDetailTitleNoExpanded","viewName":"etm.portal.ui.managecontracts.view.Detail"},"wdio_ui5_key":"contractDetailTitleNoExpandedetmportal.ui.managecontracts.view.Detail"}]}
RESULT: undefined
COMMAND: POST /session/3ad3ed370b5892314835873e8b06bae6/execute/async - {"script":"<script> [6424 bytes]","args":[{"element-6066-11e4-a52e-4f735466cecf":"f.66C564F48E23224A49CD761FFC4FB84D.d.E0F4AB4AE578BB921223BA42EF083357.e.9397"},"getText",[]]}
RESULT: {"script":"<script> [6424 bytes]","args":[{"element-6066-11e4-a52e-4f735466cecf":"f.66C564F48E23224A49CD761FFC4FB84D.d.E0F4AB4AE578BB921223BA42EF083357.e.9397"},"getText",[]]}
]]></system-out>
    </testcase>
    <testcase classname="chrome.136_0_7103_93.windows.Insert_service_into_a_contract_US152956" name="Should add a service unit and a service group to the contract" time="89.448">
      <system-out><![CDATA[
COMMAND: POST /session/3ad3ed370b5892314835873e8b06bae6/element - {"using":"xpath","value":"//button[@data-kt=\"contractDetailEditBtnButton\"]"}
RESULT: {"using":"xpath","value":"//button[@data-kt=\"contractDetailEditBtnButton\"]"}
COMMAND: POST /session/3ad3ed370b5892314835873e8b06bae6/execute/sync - {"script":"<script> [8489 bytes]","args":[{"element-6066-11e4-a52e-4f735466cecf":"f.66C564F48E23224A49CD761FFC4FB84D.d.E0F4AB4AE578BB921223BA42EF083357.e.9398","ELEMENT":"f.66C564F48E23224A49CD761FFC4FB84D.d.E0F4AB4AE578BB921223BA42EF083357.e.9398"}]}
RESULT: {"script":"<script> [8489 bytes]","args":[{"element-6066-11e4-a52e-4f735466cecf":"f.66C564F48E23224A49CD761FFC4FB84D.d.E0F4AB4AE578BB921223BA42EF083357.e.9398","ELEMENT":"f.66C564F48E23224A49CD761FFC4FB84D.d.E0F4AB4AE578BB921223BA42EF083357.e.9398"}]}
COMMAND: POST /session/3ad3ed370b5892314835873e8b06bae6/execute/sync - {"script":"<script> [8489 bytes]","args":[{"element-6066-11e4-a52e-4f735466cecf":"f.66C564F48E23224A49CD761FFC4FB84D.d.E0F4AB4AE578BB921223BA42EF083357.e.9398","ELEMENT":"f.66C564F48E23224A49CD761FFC4FB84D.d.E0F4AB4AE578BB921223BA42EF083357.e.9398"}]}
COMMAND: GET /session/3ad3ed370b5892314835873e8b06bae6/screenshot - {}
RESULT: {"script":"<script> [8489 bytes]","args":[{"element-6066-11e4-a52e-4f735466cecf":"f.66C564F48E23224A49CD761FFC4FB84D.d.E0F4AB4AE578BB921223BA42EF083357.e.9398","ELEMENT":"f.66C564F48E23224A49CD761FFC4FB84D.d.E0F4AB4AE578BB921223BA42EF083357.e.9398"}]}
COMMAND: POST /session/3ad3ed370b5892314835873e8b06bae6/execute/sync - {"script":"<script> [5351 bytes]","args":[{"element-6066-11e4-a52e-4f735466cecf":"f.66C564F48E23224A49CD761FFC4FB84D.d.E0F4AB4AE578BB921223BA42EF083357.e.9398","ELEMENT":"f.66C564F48E23224A49CD761FFC4FB84D.d.E0F4AB4AE578BB921223BA42EF083357.e.9398"}]}
COMMAND: GET /session/3ad3ed370b5892314835873e8b06bae6/screenshot - {}
RESULT: {}
RESULT: {"script":"<script> [5351 bytes]","args":[{"element-6066-11e4-a52e-4f735466cecf":"f.66C564F48E23224A49CD761FFC4FB84D.d.E0F4AB4AE578BB921223BA42EF083357.e.9398","ELEMENT":"f.66C564F48E23224A49CD761FFC4FB84D.d.E0F4AB4AE578BB921223BA42EF083357.e.9398"}]}
COMMAND: POST /session/3ad3ed370b5892314835873e8b06bae6/element/f.66C564F48E23224A49CD761FFC4FB84D.d.E0F4AB4AE578BB921223BA42EF083357.e.9398/click - {}
COMMAND: GET /session/3ad3ed370b5892314835873e8b06bae6/screenshot - {}
RESULT: {}
RESULT: {}
COMMAND: GET /session/3ad3ed370b5892314835873e8b06bae6/screenshot - {}
RESULT: {}
RESULT: {}
COMMAND: POST /session/3ad3ed370b5892314835873e8b06bae6/element - {"using":"xpath","value":"(//span[contains(text(), \"Additional Addresses\")])[2]"}
RESULT: {"using":"xpath","value":"(//span[contains(text(), \"Additional Addresses\")])[2]"}
COMMAND: POST /session/3ad3ed370b5892314835873e8b06bae6/element/f.66C564F48E23224A49CD761FFC4FB84D.d.E0F4AB4AE578BB921223BA42EF083357.e.9456/click - {}
RESULT: {}
COMMAND: GET /session/3ad3ed370b5892314835873e8b06bae6/screenshot - {}
RESULT: {}
COMMAND: POST /session/3ad3ed370b5892314835873e8b06bae6/element - {"using":"xpath","value":"//button[@data-kt=\"btnAddTableRowOverflowToolbarButton\"]"}
RESULT: {"using":"xpath","value":"//button[@data-kt=\"btnAddTableRowOverflowToolbarButton\"]"}
COMMAND: POST /session/3ad3ed370b5892314835873e8b06bae6/element/f.66C564F48E23224A49CD761FFC4FB84D.d.E0F4AB4AE578BB921223BA42EF083357.e.9458/click - {}
RESULT: {}
COMMAND: GET /session/3ad3ed370b5892314835873e8b06bae6/screenshot - {}
RESULT: {}
COMMAND: POST /session/3ad3ed370b5892314835873e8b06bae6/element - {"using":"xpath","value":"//div[(text() = 'Standard Entry' or . = 'Standard Entry')]"}
RESULT: {"using":"xpath","value":"//div[(text() = 'Standard Entry' or . = 'Standard Entry')]"}
COMMAND: POST /session/3ad3ed370b5892314835873e8b06bae6/element/f.66C564F48E23224A49CD761FFC4FB84D.d.E0F4AB4AE578BB921223BA42EF083357.e.9460/click - {}
RESULT: {}
COMMAND: POST /session/3ad3ed370b5892314835873e8b06bae6/element - {"using":"xpath","value":"//button[@data-kt=\"btnAddTableRowOverflowToolbarButton\"]"}
COMMAND: GET /session/3ad3ed370b5892314835873e8b06bae6/screenshot - {}
RESULT: {"using":"xpath","value":"//button[@data-kt=\"btnAddTableRowOverflowToolbarButton\"]"}
COMMAND: POST /session/3ad3ed370b5892314835873e8b06bae6/element/f.66C564F48E23224A49CD761FFC4FB84D.d.E0F4AB4AE578BB921223BA42EF083357.e.9458/click - {}
RESULT: {}
RESULT: {}
COMMAND: GET /session/3ad3ed370b5892314835873e8b06bae6/screenshot - {}
RESULT: {}
COMMAND: POST /session/3ad3ed370b5892314835873e8b06bae6/element - {"using":"xpath","value":"//div[(text() = 'Standard Entry' or . = 'Standard Entry')]"}
RESULT: {"using":"xpath","value":"//div[(text() = 'Standard Entry' or . = 'Standard Entry')]"}
COMMAND: POST /session/3ad3ed370b5892314835873e8b06bae6/element/f.66C564F48E23224A49CD761FFC4FB84D.d.E0F4AB4AE578BB921223BA42EF083357.e.9472/click - {}
RESULT: {}
COMMAND: POST /session/3ad3ed370b5892314835873e8b06bae6/element - {"using":"xpath","value":"(//td[6]/div/div/input)[1]"}
COMMAND: GET /session/3ad3ed370b5892314835873e8b06bae6/screenshot - {}
RESULT: {"using":"xpath","value":"(//td[6]/div/div/input)[1]"}
COMMAND: POST /session/3ad3ed370b5892314835873e8b06bae6/element/f.66C564F48E23224A49CD761FFC4FB84D.d.E0F4AB4AE578BB921223BA42EF083357.e.9474/click - {}
RESULT: {}
RESULT: {}
COMMAND: POST /session/3ad3ed370b5892314835873e8b06bae6/actions - {"actions":[{"id":"action48","type":"key","parameters":{},"actions":[{"type":"keyDown","value":""},{"type":"pause","duration":10},{"type":"keyUp","value":""}]}]}
COMMAND: GET /session/3ad3ed370b5892314835873e8b06bae6/screenshot - {}
RESULT: {"actions":[{"id":"action48","type":"key","parameters":{},"actions":[{"type":"keyDown","value":""},{"type":"pause","duration":10},{"type":"keyUp","value":""}]}]}
COMMAND: POST /session/3ad3ed370b5892314835873e8b06bae6/element - {"using":"xpath","value":"(//td[6]/div/div/input)[1]"}
COMMAND: GET /session/3ad3ed370b5892314835873e8b06bae6/screenshot - {}
RESULT: {}
RESULT: {"using":"xpath","value":"(//td[6]/div/div/input)[1]"}
COMMAND: POST /session/3ad3ed370b5892314835873e8b06bae6/element/f.66C564F48E23224A49CD761FFC4FB84D.d.E0F4AB4AE578BB921223BA42EF083357.e.9474/clear - {}
RESULT: {}
RESULT: {}
COMMAND: POST /session/3ad3ed370b5892314835873e8b06bae6/element/f.66C564F48E23224A49CD761FFC4FB84D.d.E0F4AB4AE578BB921223BA42EF083357.e.9474/value - {"text":"Service Unit"}
COMMAND: GET /session/3ad3ed370b5892314835873e8b06bae6/screenshot - {}
RESULT: {"text":"Service Unit"}
COMMAND: GET /session/3ad3ed370b5892314835873e8b06bae6/screenshot - {}
RESULT: {}
RESULT: {}
COMMAND: POST /session/3ad3ed370b5892314835873e8b06bae6/actions - {"actions":[{"id":"action49","type":"key","parameters":{},"actions":[{"type":"keyDown","value":""},{"type":"pause","duration":10},{"type":"keyUp","value":""}]}]}
RESULT: {"actions":[{"id":"action49","type":"key","parameters":{},"actions":[{"type":"keyDown","value":""},{"type":"pause","duration":10},{"type":"keyUp","value":""}]}]}
COMMAND: GET /session/3ad3ed370b5892314835873e8b06bae6/screenshot - {}
RESULT: {}
COMMAND: POST /session/3ad3ed370b5892314835873e8b06bae6/actions - {"actions":[{"id":"action50","type":"key","parameters":{},"actions":[{"type":"keyDown","value":""},{"type":"pause","duration":10},{"type":"keyUp","value":""}]}]}
RESULT: {"actions":[{"id":"action50","type":"key","parameters":{},"actions":[{"type":"keyDown","value":""},{"type":"pause","duration":10},{"type":"keyUp","value":""}]}]}
COMMAND: POST /session/3ad3ed370b5892314835873e8b06bae6/element - {"using":"xpath","value":"(//td[7]/div/div/input)[1]"}
COMMAND: GET /session/3ad3ed370b5892314835873e8b06bae6/screenshot - {}
RESULT: {"using":"xpath","value":"(//td[7]/div/div/input)[1]"}
COMMAND: POST /session/3ad3ed370b5892314835873e8b06bae6/element/f.66C564F48E23224A49CD761FFC4FB84D.d.E0F4AB4AE578BB921223BA42EF083357.e.9490/clear - {}
RESULT: {}
RESULT: {}
COMMAND: POST /session/3ad3ed370b5892314835873e8b06bae6/element/f.66C564F48E23224A49CD761FFC4FB84D.d.E0F4AB4AE578BB921223BA42EF083357.e.9490/value - {"text":"1000001"}
COMMAND: GET /session/3ad3ed370b5892314835873e8b06bae6/screenshot - {}
RESULT: {"text":"1000001"}
COMMAND: GET /session/3ad3ed370b5892314835873e8b06bae6/screenshot - {}
RESULT: {}
RESULT: {}
COMMAND: POST /session/3ad3ed370b5892314835873e8b06bae6/actions - {"actions":[{"id":"action51","type":"key","parameters":{},"actions":[{"type":"keyDown","value":""},{"type":"pause","duration":10},{"type":"keyUp","value":""}]}]}
RESULT: {"actions":[{"id":"action51","type":"key","parameters":{},"actions":[{"type":"keyDown","value":""},{"type":"pause","duration":10},{"type":"keyUp","value":""}]}]}
COMMAND: GET /session/3ad3ed370b5892314835873e8b06bae6/screenshot - {}
RESULT: {}
COMMAND: POST /session/3ad3ed370b5892314835873e8b06bae6/actions - {"actions":[{"id":"action52","type":"key","parameters":{},"actions":[{"type":"keyDown","value":""},{"type":"pause","duration":10},{"type":"keyUp","value":""}]}]}
RESULT: {"actions":[{"id":"action52","type":"key","parameters":{},"actions":[{"type":"keyDown","value":""},{"type":"pause","duration":10},{"type":"keyUp","value":""}]}]}
COMMAND: GET /session/3ad3ed370b5892314835873e8b06bae6/screenshot - {}
RESULT: {}
COMMAND: POST /session/3ad3ed370b5892314835873e8b06bae6/element - {"using":"xpath","value":"(//td[6]/div/div/input)[2]"}
RESULT: {"using":"xpath","value":"(//td[6]/div/div/input)[2]"}
COMMAND: POST /session/3ad3ed370b5892314835873e8b06bae6/element/f.66C564F48E23224A49CD761FFC4FB84D.d.E0F4AB4AE578BB921223BA42EF083357.e.9462/click - {}
RESULT: {}
COMMAND: POST /session/3ad3ed370b5892314835873e8b06bae6/actions - {"actions":[{"id":"action53","type":"key","parameters":{},"actions":[{"type":"keyDown","value":""},{"type":"pause","duration":10},{"type":"keyUp","value":""}]}]}
COMMAND: GET /session/3ad3ed370b5892314835873e8b06bae6/screenshot - {}
RESULT: {"actions":[{"id":"action53","type":"key","parameters":{},"actions":[{"type":"keyDown","value":""},{"type":"pause","duration":10},{"type":"keyUp","value":""}]}]}
COMMAND: POST /session/3ad3ed370b5892314835873e8b06bae6/element - {"using":"xpath","value":"(//td[6]/div/div/input)[2]"}
COMMAND: GET /session/3ad3ed370b5892314835873e8b06bae6/screenshot - {}
RESULT: {}
RESULT: {"using":"xpath","value":"(//td[6]/div/div/input)[2]"}
COMMAND: POST /session/3ad3ed370b5892314835873e8b06bae6/element/f.66C564F48E23224A49CD761FFC4FB84D.d.E0F4AB4AE578BB921223BA42EF083357.e.9462/clear - {}
RESULT: {}
RESULT: {}
COMMAND: POST /session/3ad3ed370b5892314835873e8b06bae6/element/f.66C564F48E23224A49CD761FFC4FB84D.d.E0F4AB4AE578BB921223BA42EF083357.e.9462/value - {"text":"Service Unit Group"}
COMMAND: GET /session/3ad3ed370b5892314835873e8b06bae6/screenshot - {}
RESULT: {"text":"Service Unit Group"}
COMMAND: GET /session/3ad3ed370b5892314835873e8b06bae6/screenshot - {}
RESULT: {}
RESULT: {}
COMMAND: POST /session/3ad3ed370b5892314835873e8b06bae6/actions - {"actions":[{"id":"action54","type":"key","parameters":{},"actions":[{"type":"keyDown","value":""},{"type":"pause","duration":10},{"type":"keyUp","value":""}]}]}
RESULT: {"actions":[{"id":"action54","type":"key","parameters":{},"actions":[{"type":"keyDown","value":""},{"type":"pause","duration":10},{"type":"keyUp","value":""}]}]}
COMMAND: GET /session/3ad3ed370b5892314835873e8b06bae6/screenshot - {}
RESULT: {}
COMMAND: POST /session/3ad3ed370b5892314835873e8b06bae6/actions - {"actions":[{"id":"action55","type":"key","parameters":{},"actions":[{"type":"keyDown","value":""},{"type":"pause","duration":10},{"type":"keyUp","value":""}]}]}
RESULT: {"actions":[{"id":"action55","type":"key","parameters":{},"actions":[{"type":"keyDown","value":""},{"type":"pause","duration":10},{"type":"keyUp","value":""}]}]}
COMMAND: POST /session/3ad3ed370b5892314835873e8b06bae6/element - {"using":"xpath","value":"(//td[7]/div/div/input)[2]"}
COMMAND: GET /session/3ad3ed370b5892314835873e8b06bae6/screenshot - {}
RESULT: {"using":"xpath","value":"(//td[7]/div/div/input)[2]"}
COMMAND: POST /session/3ad3ed370b5892314835873e8b06bae6/element/f.66C564F48E23224A49CD761FFC4FB84D.d.E0F4AB4AE578BB921223BA42EF083357.e.9519/clear - {}
RESULT: {}
RESULT: {}
COMMAND: POST /session/3ad3ed370b5892314835873e8b06bae6/element/f.66C564F48E23224A49CD761FFC4FB84D.d.E0F4AB4AE578BB921223BA42EF083357.e.9519/value - {"text":"1100001"}
COMMAND: GET /session/3ad3ed370b5892314835873e8b06bae6/screenshot - {}
RESULT: {"text":"1100001"}
COMMAND: GET /session/3ad3ed370b5892314835873e8b06bae6/screenshot - {}
RESULT: {}
RESULT: {}
COMMAND: POST /session/3ad3ed370b5892314835873e8b06bae6/actions - {"actions":[{"id":"action56","type":"key","parameters":{},"actions":[{"type":"keyDown","value":""},{"type":"pause","duration":10},{"type":"keyUp","value":""}]}]}
RESULT: {"actions":[{"id":"action56","type":"key","parameters":{},"actions":[{"type":"keyDown","value":""},{"type":"pause","duration":10},{"type":"keyUp","value":""}]}]}
COMMAND: GET /session/3ad3ed370b5892314835873e8b06bae6/screenshot - {}
RESULT: {}
COMMAND: POST /session/3ad3ed370b5892314835873e8b06bae6/actions - {"actions":[{"id":"action57","type":"key","parameters":{},"actions":[{"type":"keyDown","value":""},{"type":"pause","duration":10},{"type":"keyUp","value":""}]}]}
RESULT: {"actions":[{"id":"action57","type":"key","parameters":{},"actions":[{"type":"keyDown","value":""},{"type":"pause","duration":10},{"type":"keyUp","value":""}]}]}
COMMAND: GET /session/3ad3ed370b5892314835873e8b06bae6/screenshot - {}
RESULT: {}
COMMAND: POST /session/3ad3ed370b5892314835873e8b06bae6/element - {"using":"xpath","value":"(//button[@data-kt=\"saveButton\"])[2]"}
RESULT: {"using":"xpath","value":"(//button[@data-kt=\"saveButton\"])[2]"}
COMMAND: POST /session/3ad3ed370b5892314835873e8b06bae6/element/f.66C564F48E23224A49CD761FFC4FB84D.d.E0F4AB4AE578BB921223BA42EF083357.e.9543/click - {}
RESULT: {}
COMMAND: GET /session/3ad3ed370b5892314835873e8b06bae6/screenshot - {}
RESULT: {}
COMMAND: POST /session/3ad3ed370b5892314835873e8b06bae6/element - {"using":"xpath","value":"(//span[contains(text(), \"Additional Addresses\")])[1]"}
RESULT: {"using":"xpath","value":"(//span[contains(text(), \"Additional Addresses\")])[1]"}
COMMAND: POST /session/3ad3ed370b5892314835873e8b06bae6/element/f.66C564F48E23224A49CD761FFC4FB84D.d.E0F4AB4AE578BB921223BA42EF083357.e.9546/click - {}
RESULT: {}
COMMAND: GET /session/3ad3ed370b5892314835873e8b06bae6/screenshot - {}
RESULT: {}
COMMAND: POST /session/3ad3ed370b5892314835873e8b06bae6/execute/async - {"script":"<script> [1562 bytes]","args":[{"selector":{"controlType":"sap.m.Title","viewName":"etm.portal.ui.managecontracts.view.Detail","properties":{"text":"Contract Items (2)"}},"wdio_ui5_key":"etmportal.ui.managecontracts.view.Detailsap.m.Title{\"text\":\"Contract Items (2)\"}"}]}
RESULT: {"script":"<script> [1562 bytes]","args":[{"selector":{"controlType":"sap.m.Title","viewName":"etm.portal.ui.managecontracts.view.Detail","properties":{"text":"Contract Items (2)"}},"wdio_ui5_key":"etmportal.ui.managecontracts.view.Detailsap.m.Title{\"text\":\"Contract Items (2)\"}"}]}
RESULT: undefined
COMMAND: POST /session/3ad3ed370b5892314835873e8b06bae6/execute/async - {"script":"<script> [6424 bytes]","args":[{"element-6066-11e4-a52e-4f735466cecf":"f.66C564F48E23224A49CD761FFC4FB84D.d.E0F4AB4AE578BB921223BA42EF083357.e.9548"},"getText",[]]}
RESULT: {"script":"<script> [6424 bytes]","args":[{"element-6066-11e4-a52e-4f735466cecf":"f.66C564F48E23224A49CD761FFC4FB84D.d.E0F4AB4AE578BB921223BA42EF083357.e.9548"},"getText",[]]}
COMMAND: POST /session/3ad3ed370b5892314835873e8b06bae6/element - {"using":"xpath","value":"(//span[contains(@class ,\"sapMObjStatusText\")])[1]"}
RESULT: {"using":"xpath","value":"(//span[contains(@class ,\"sapMObjStatusText\")])[1]"}
COMMAND: GET /session/3ad3ed370b5892314835873e8b06bae6/element/f.66C564F48E23224A49CD761FFC4FB84D.d.E0F4AB4AE578BB921223BA42EF083357.e.9549/text - {}
RESULT: {}
COMMAND: POST /session/3ad3ed370b5892314835873e8b06bae6/element - {"using":"xpath","value":"(//span[contains(@class ,\"sapMObjStatusText\")])[4]"}
RESULT: {"using":"xpath","value":"(//span[contains(@class ,\"sapMObjStatusText\")])[4]"}
COMMAND: GET /session/3ad3ed370b5892314835873e8b06bae6/element/f.66C564F48E23224A49CD761FFC4FB84D.d.E0F4AB4AE578BB921223BA42EF083357.e.9550/text - {}
RESULT: {}
COMMAND: POST /session/3ad3ed370b5892314835873e8b06bae6/element - {"using":"css selector","value":"#shell-header-logo"}
RESULT: {"using":"css selector","value":"#shell-header-logo"}
COMMAND: POST /session/3ad3ed370b5892314835873e8b06bae6/element/f.66C564F48E23224A49CD761FFC4FB84D.d.E0F4AB4AE578BB921223BA42EF083357.e.8929/click - {}
RESULT: {}
COMMAND: GET /session/3ad3ed370b5892314835873e8b06bae6/screenshot - {}
RESULT: {}
]]></system-out>
    </testcase>
  </testsuite>
  <testsuite timestamp="2025-05-30T18:19:25" time="206.349" tests="2" failures="0" errors="0" skipped="0">
    <properties>
      <property name="specId" value="0"/>
      <property name="suiteName" value="Reduced contract US151275"/>
      <property name="capabilities" value="chrome.136_0_7103_93.windows"/>
      <property name="file" value="file:///D:/a/1/s/test/specs/R2C/reduced-contract-creation.spec.js"/>
    </properties>
    <testcase classname="chrome.136_0_7103_93.windows.Reduced_contract_US151275" name="Should create a new reduced contract" time="148.109">
      <system-out><![CDATA[
RESULT: undefined
COMMAND: POST /session/3ad3ed370b5892314835873e8b06bae6/element - {"using":"xpath","value":"//*[@id=\"__tile130\"]"}
RESULT: {"using":"xpath","value":"//*[@id=\"__tile130\"]"}
COMMAND: POST /session/3ad3ed370b5892314835873e8b06bae6/element/f.66C564F48E23224A49CD761FFC4FB84D.d.E0F4AB4AE578BB921223BA42EF083357.e.8611/click - {}
RESULT: {}
COMMAND: GET /session/3ad3ed370b5892314835873e8b06bae6/screenshot - {}
RESULT: {}
COMMAND: POST /session/3ad3ed370b5892314835873e8b06bae6/element - {"using":"xpath","value":"//button[@data-kt=\"addButton\"]"}
RESULT: {"using":"xpath","value":"//button[@data-kt=\"addButton\"]"}
COMMAND: POST /session/3ad3ed370b5892314835873e8b06bae6/element/f.66C564F48E23224A49CD761FFC4FB84D.d.E0F4AB4AE578BB921223BA42EF083357.e.9605/click - {}
COMMAND: POST /session/3ad3ed370b5892314835873e8b06bae6/elements - {"using":"xpath","value":"//span[text()='Error']"}
RESULT: {}
COMMAND: GET /session/3ad3ed370b5892314835873e8b06bae6/screenshot - {}
RESULT: {"using":"xpath","value":"//span[text()='Error']"}
RESULT: {}
COMMAND: POST /session/3ad3ed370b5892314835873e8b06bae6/refresh - {}
RESULT: {}
COMMAND: GET /session/3ad3ed370b5892314835873e8b06bae6/screenshot - {}
RESULT: {}
COMMAND: POST /session/3ad3ed370b5892314835873e8b06bae6/execute/async - {"script":"<script> [189 bytes]","args":[]}
RESULT: {"script":"<script> [189 bytes]","args":[]}
COMMAND: POST /session/3ad3ed370b5892314835873e8b06bae6/execute/async - {"script":"<script> [123 bytes]","args":[]}
RESULT: {"script":"<script> [123 bytes]","args":[]}
COMMAND: POST /session/3ad3ed370b5892314835873e8b06bae6/timeouts - {"script":"<number>"}
RESULT: {"script":"<number>"}
COMMAND: GET /session/3ad3ed370b5892314835873e8b06bae6/timeouts - {}
RESULT: {}
RESULT: undefined
COMMAND: POST /session/3ad3ed370b5892314835873e8b06bae6/execute/async - {"script":"<script> [2676 bytes]","args":[]}
RESULT: {"script":"<script> [2676 bytes]","args":[]}
COMMAND: POST /session/3ad3ed370b5892314835873e8b06bae6/execute/async - {"script":"<script> [2342 bytes]","args":[{"protocol":"http","hostname":"0.0.0.0","path":"/","capabilities":{"browserName":"chrome","goog:chromeOptions":{"binary":"C:\\Program Files\\Google\\Chrome\\Application\\chrome.exe","args":["--start-maximized"]}},"logLevel":"warn","connectionRetryTimeout":120000,"connectionRetryCount":3,"logLevels":{},"enableDirectConnect":true,"strictSSL":true,"_":"65 more keys: [\"cacheDir\",\"port\",\"requestedCapabilities\",\"automationProtocol\",\"baseUrl\",\"waitforInterval\",\"waitforTimeout\",\"onReload\",\"beforeCommand\",\"afterCommand\",\"rootDir\",\"specs\",\"suites\",\"exclude\",\"groupLogsByTestSpec\",\"excludeDriverLogs\",\"bail\",\"framework\",\"reporters\",\"services\",\"maxInstances\",\"maxInstancesPerCapability\",\"injectGlobals\",\"filesToWatch\",\"execArgv\",\"runnerEnv\",\"runner\",\"shard\",\"specFileRetries\",\"specFileRetriesDelay\",\"specFileRetriesDeferred\",\"reporterSyncInterval\",\"reporterSyncTimeout\",\"cucumberFeaturesWithLineNumbers\",\"autoCompileOpts\",\"mochaOpts\",\"jasmineOpts\",\"cucumberOpts\",\"onPrepare\",\"onWorkerStart\",\"onWorkerEnd\",\"before\",\"beforeSession\",\"beforeSuite\",\"beforeHook\",\"beforeTest\",\"afterTest\",\"afterHook\",\"afterSuite\",\"afterSession\",\"after\",\"onComplete\",\"beforeAssertion\",\"afterAssertion\",\"beforeFeature\",\"beforeScenario\",\"beforeStep\",\"afterStep\",\"afterScenario\",\"afterFeature\",\"_\",\"suite\",\"$0\",\"ignoredWorkerServices\",\"wdi5\"]"}]}
RESULT: {"script":"<script> [2342 bytes]","args":[{"protocol":"http","hostname":"0.0.0.0","path":"/","capabilities":{"browserName":"chrome","goog:chromeOptions":{"binary":"C:\\Program Files\\Google\\Chrome\\Application\\chrome.exe","args":["--start-maximized"]}},"logLevel":"warn","connectionRetryTimeout":120000,"connectionRetryCount":3,"logLevels":{},"enableDirectConnect":true,"strictSSL":true,"_":"65 more keys: [\"cacheDir\",\"port\",\"requestedCapabilities\",\"automationProtocol\",\"baseUrl\",\"waitforInterval\",\"waitforTimeout\",\"onReload\",\"beforeCommand\",\"afterCommand\",\"rootDir\",\"specs\",\"suites\",\"exclude\",\"groupLogsByTestSpec\",\"excludeDriverLogs\",\"bail\",\"framework\",\"reporters\",\"services\",\"maxInstances\",\"maxInstancesPerCapability\",\"injectGlobals\",\"filesToWatch\",\"execArgv\",\"runnerEnv\",\"runner\",\"shard\",\"specFileRetries\",\"specFileRetriesDelay\",\"specFileRetriesDeferred\",\"reporterSyncInterval\",\"reporterSyncTimeout\",\"cucumberFeaturesWithLineNumbers\",\"autoCompileOpts\",\"mochaOpts\",\"jasmineOpts\",\"cucumberOpts\",\"onPrepare\",\"onWorkerStart\",\"onWorkerEnd\",\"before\",\"beforeSession\",\"beforeSuite\",\"beforeHook\",\"beforeTest\",\"afterTest\",\"afterHook\",\"afterSuite\",\"afterSession\",\"after\",\"onComplete\",\"beforeAssertion\",\"afterAssertion\",\"beforeFeature\",\"beforeScenario\",\"beforeStep\",\"afterStep\",\"afterScenario\",\"afterFeature\",\"_\",\"suite\",\"$0\",\"ignoredWorkerServices\",\"wdi5\"]"}]}
COMMAND: POST /session/3ad3ed370b5892314835873e8b06bae6/execute/async - {"script":"<script> [21126 bytes]","args":[35000]}
RESULT: {"script":"<script> [21126 bytes]","args":[35000]}
COMMAND: POST /session/3ad3ed370b5892314835873e8b06bae6/execute/async - {"script":"<script> [1562 bytes]","args":[{"selector":{"id":"application-managecontracts-display-component---AddNewContract--contractType","interaction":{"idSuffix":"arrow"}},"wdio_ui5_key":"applicationmanagecontracts-display-component---AddNewContract--contractType"}]}
RESULT: {"script":"<script> [1562 bytes]","args":[{"selector":{"id":"application-managecontracts-display-component---AddNewContract--contractType","interaction":{"idSuffix":"arrow"}},"wdio_ui5_key":"applicationmanagecontracts-display-component---AddNewContract--contractType"}]}
RESULT: undefined
COMMAND: POST /session/3ad3ed370b5892314835873e8b06bae6/element - {"using":"xpath","value":"//*[@id=\"application-managecontracts-display-component---AddNewContract--contractType\"]"}
RESULT: {"using":"xpath","value":"//*[@id=\"application-managecontracts-display-component---AddNewContract--contractType\"]"}
COMMAND: POST /session/3ad3ed370b5892314835873e8b06bae6/element/f.66C564F48E23224A49CD761FFC4FB84D.d.2D594358EB6A73B0D7DFD3050F4202C5.e.10161/click - {}
RESULT: {}
COMMAND: GET /session/3ad3ed370b5892314835873e8b06bae6/screenshot - {}
RESULT: {}
COMMAND: POST /session/3ad3ed370b5892314835873e8b06bae6/execute/async - {"script":"<script> [1562 bytes]","args":[{"selector":{"controlType":"sap.ui.core.Item","viewName":"etm.portal.ui.managecontracts.view.AddNewContract","viewId":"application-managecontracts-display-component---AddNewContract","bindingPath":{"path":"/ContractTypes('02')","propertyPath":"ID","modelName":"catalogModel"},"searchOpenDialogs":true},"wdio_ui5_key":"etmportal.ui.managecontracts.view.AddNewContractsap.ui.core.Item{\"path\":\"/ContractTypes('02')\",\"propertyPath\":\"ID\",\"modelName\":\"catalogModel\"}"}]}
RESULT: {"script":"<script> [1562 bytes]","args":[{"selector":{"controlType":"sap.ui.core.Item","viewName":"etm.portal.ui.managecontracts.view.AddNewContract","viewId":"application-managecontracts-display-component---AddNewContract","bindingPath":{"path":"/ContractTypes('02')","propertyPath":"ID","modelName":"catalogModel"},"searchOpenDialogs":true},"wdio_ui5_key":"etmportal.ui.managecontracts.view.AddNewContractsap.ui.core.Item{\"path\":\"/ContractTypes('02')\",\"propertyPath\":\"ID\",\"modelName\":\"catalogModel\"}"}]}
RESULT: undefined
COMMAND: POST /session/3ad3ed370b5892314835873e8b06bae6/element - {"using":"xpath","value":"//*[@id=\"__item47-application-managecontracts-display-component---AddNewContract--contractType-1\"]"}
RESULT: {"using":"xpath","value":"//*[@id=\"__item47-application-managecontracts-display-component---AddNewContract--contractType-1\"]"}
COMMAND: POST /session/3ad3ed370b5892314835873e8b06bae6/element/f.66C564F48E23224A49CD761FFC4FB84D.d.2D594358EB6A73B0D7DFD3050F4202C5.e.10162/click - {}
RESULT: {}
COMMAND: GET /session/3ad3ed370b5892314835873e8b06bae6/screenshot - {}
RESULT: {}
COMMAND: POST /session/3ad3ed370b5892314835873e8b06bae6/execute/async - {"script":"<script> [1562 bytes]","args":[{"selector":{"id":"application-managecontracts-display-component---AddNewContract--projectDescription","interaction":{"idSuffix":"inner"}},"wdio_ui5_key":"applicationmanagecontracts-display-component---AddNewContract--projectDescription"}]}
RESULT: {"script":"<script> [1562 bytes]","args":[{"selector":{"id":"application-managecontracts-display-component---AddNewContract--projectDescription","interaction":{"idSuffix":"inner"}},"wdio_ui5_key":"applicationmanagecontracts-display-component---AddNewContract--projectDescription"}]}
RESULT: undefined
COMMAND: POST /session/3ad3ed370b5892314835873e8b06bae6/execute/async - {"script":"<script> [776 bytes]","args":[{"enterText":"WdIOReducedfazve","selector":{"id":"application-managecontracts-display-component---AddNewContract--projectDescription","interaction":{"idSuffix":"inner"}},"clearTextFirst":true,"interactionType":"ENTER_TEXT"}]}
RESULT: {"script":"<script> [776 bytes]","args":[{"enterText":"WdIOReducedfazve","selector":{"id":"application-managecontracts-display-component---AddNewContract--projectDescription","interaction":{"idSuffix":"inner"}},"clearTextFirst":true,"interactionType":"ENTER_TEXT"}]}
COMMAND: POST /session/3ad3ed370b5892314835873e8b06bae6/element - {"using":"xpath","value":"//input[@id=\"application-managecontracts-display-component---AddNewContract--yardId-inner\"]"}
RESULT: {"using":"xpath","value":"//input[@id=\"application-managecontracts-display-component---AddNewContract--yardId-inner\"]"}
COMMAND: POST /session/3ad3ed370b5892314835873e8b06bae6/element/f.66C564F48E23224A49CD761FFC4FB84D.d.2D594358EB6A73B0D7DFD3050F4202C5.e.10036/clear - {}
RESULT: {}
COMMAND: POST /session/3ad3ed370b5892314835873e8b06bae6/element/f.66C564F48E23224A49CD761FFC4FB84D.d.2D594358EB6A73B0D7DFD3050F4202C5.e.10036/value - {"text":"WebdriverYard8gjj"}
COMMAND: GET /session/3ad3ed370b5892314835873e8b06bae6/screenshot - {}
RESULT: {"text":"WebdriverYard8gjj"}
COMMAND: GET /session/3ad3ed370b5892314835873e8b06bae6/screenshot - {}
RESULT: {}
RESULT: {}
COMMAND: POST /session/3ad3ed370b5892314835873e8b06bae6/actions - {"actions":[{"id":"action58","type":"key","parameters":{},"actions":[{"type":"keyDown","value":""},{"type":"pause","duration":10},{"type":"keyUp","value":""}]}]}
RESULT: {"actions":[{"id":"action58","type":"key","parameters":{},"actions":[{"type":"keyDown","value":""},{"type":"pause","duration":10},{"type":"keyUp","value":""}]}]}
COMMAND: GET /session/3ad3ed370b5892314835873e8b06bae6/screenshot - {}
RESULT: {}
COMMAND: POST /session/3ad3ed370b5892314835873e8b06bae6/element - {"using":"xpath","value":"//input[@id=\"application-managecontracts-display-component---AddNewContract--customerSelect-inner\"]"}
RESULT: {"using":"xpath","value":"//input[@id=\"application-managecontracts-display-component---AddNewContract--customerSelect-inner\"]"}
COMMAND: POST /session/3ad3ed370b5892314835873e8b06bae6/element/f.66C564F48E23224A49CD761FFC4FB84D.d.2D594358EB6A73B0D7DFD3050F4202C5.e.10034/clear - {}
RESULT: {}
COMMAND: POST /session/3ad3ed370b5892314835873e8b06bae6/element/f.66C564F48E23224A49CD761FFC4FB84D.d.2D594358EB6A73B0D7DFD3050F4202C5.e.10034/value - {"text":"WebdriverPartnerva5vx"}
COMMAND: GET /session/3ad3ed370b5892314835873e8b06bae6/screenshot - {}
RESULT: {"text":"WebdriverPartnerva5vx"}
COMMAND: GET /session/3ad3ed370b5892314835873e8b06bae6/screenshot - {}
RESULT: {}
RESULT: {}
COMMAND: POST /session/3ad3ed370b5892314835873e8b06bae6/actions - {"actions":[{"id":"action59","type":"key","parameters":{},"actions":[{"type":"keyDown","value":""},{"type":"pause","duration":10},{"type":"keyUp","value":""}]}]}
RESULT: {"actions":[{"id":"action59","type":"key","parameters":{},"actions":[{"type":"keyDown","value":""},{"type":"pause","duration":10},{"type":"keyUp","value":""}]}]}
COMMAND: GET /session/3ad3ed370b5892314835873e8b06bae6/screenshot - {}
RESULT: {}
COMMAND: POST /session/3ad3ed370b5892314835873e8b06bae6/execute/async - {"script":"<script> [1562 bytes]","args":[{"selector":{"id":"application-managecontracts-display-component---AddNewContract--calendarInput-arrow"},"wdio_ui5_key":"applicationmanagecontracts-display-component---AddNewContract--calendarInput-arrow"}]}
RESULT: {"script":"<script> [1562 bytes]","args":[{"selector":{"id":"application-managecontracts-display-component---AddNewContract--calendarInput-arrow"},"wdio_ui5_key":"applicationmanagecontracts-display-component---AddNewContract--calendarInput-arrow"}]}
RESULT: undefined
COMMAND: POST /session/3ad3ed370b5892314835873e8b06bae6/element - {"using":"xpath","value":"//*[@id=\"application-managecontracts-display-component---AddNewContract--calendarInput-arrow\"]"}
RESULT: {"using":"xpath","value":"//*[@id=\"application-managecontracts-display-component---AddNewContract--calendarInput-arrow\"]"}
COMMAND: POST /session/3ad3ed370b5892314835873e8b06bae6/element/f.66C564F48E23224A49CD761FFC4FB84D.d.2D594358EB6A73B0D7DFD3050F4202C5.e.10166/click - {}
RESULT: {}
COMMAND: GET /session/3ad3ed370b5892314835873e8b06bae6/screenshot - {}
RESULT: {}
COMMAND: POST /session/3ad3ed370b5892314835873e8b06bae6/execute/async - {"script":"<script> [1562 bytes]","args":[{"selector":{"controlType":"sap.m.StandardListItem","viewName":"etm.portal.ui.managecontracts.view.AddNewContract","viewId":"application-managecontracts-display-component---AddNewContract","properties":{"title":"1 - Calendar unit test patch"},"searchOpenDialogs":true,"interaction":{"idSuffix":"titleText"}},"wdio_ui5_key":"etmportal.ui.managecontracts.view.AddNewContractsap.m.StandardListItem{\"title\":\"1 - Calendar unit test patch\"}"}]}
RESULT: {"script":"<script> [1562 bytes]","args":[{"selector":{"controlType":"sap.m.StandardListItem","viewName":"etm.portal.ui.managecontracts.view.AddNewContract","viewId":"application-managecontracts-display-component---AddNewContract","properties":{"title":"1 - Calendar unit test patch"},"searchOpenDialogs":true,"interaction":{"idSuffix":"titleText"}},"wdio_ui5_key":"etmportal.ui.managecontracts.view.AddNewContractsap.m.StandardListItem{\"title\":\"1 - Calendar unit test patch\"}"}]}
RESULT: undefined
COMMAND: POST /session/3ad3ed370b5892314835873e8b06bae6/element - {"using":"xpath","value":"//*[@id=\"__item809\"]"}
RESULT: {"using":"xpath","value":"//*[@id=\"__item809\"]"}
COMMAND: POST /session/3ad3ed370b5892314835873e8b06bae6/element/f.66C564F48E23224A49CD761FFC4FB84D.d.2D594358EB6A73B0D7DFD3050F4202C5.e.10168/click - {}
RESULT: {}
COMMAND: GET /session/3ad3ed370b5892314835873e8b06bae6/screenshot - {}
RESULT: {}
COMMAND: POST /session/3ad3ed370b5892314835873e8b06bae6/execute/async - {"script":"<script> [1562 bytes]","args":[{"selector":{"id":"application-managecontracts-display-component---AddNewContract--streetInput","interaction":{"idSuffix":"inner"}},"wdio_ui5_key":"applicationmanagecontracts-display-component---AddNewContract--streetInput"}]}
RESULT: {"script":"<script> [1562 bytes]","args":[{"selector":{"id":"application-managecontracts-display-component---AddNewContract--streetInput","interaction":{"idSuffix":"inner"}},"wdio_ui5_key":"applicationmanagecontracts-display-component---AddNewContract--streetInput"}]}
RESULT: undefined
COMMAND: POST /session/3ad3ed370b5892314835873e8b06bae6/execute/async - {"script":"<script> [776 bytes]","args":[{"enterText":"StreetWdIO","selector":{"id":"application-managecontracts-display-component---AddNewContract--streetInput","interaction":{"idSuffix":"inner"}},"clearTextFirst":true,"interactionType":"ENTER_TEXT"}]}
RESULT: {"script":"<script> [776 bytes]","args":[{"enterText":"StreetWdIO","selector":{"id":"application-managecontracts-display-component---AddNewContract--streetInput","interaction":{"idSuffix":"inner"}},"clearTextFirst":true,"interactionType":"ENTER_TEXT"}]}
COMMAND: POST /session/3ad3ed370b5892314835873e8b06bae6/execute/async - {"script":"<script> [1562 bytes]","args":[{"selector":{"id":"application-managecontracts-display-component---AddNewContract--numberInput","interaction":{"idSuffix":"inner"}},"wdio_ui5_key":"applicationmanagecontracts-display-component---AddNewContract--numberInput"}]}
RESULT: {"script":"<script> [1562 bytes]","args":[{"selector":{"id":"application-managecontracts-display-component---AddNewContract--numberInput","interaction":{"idSuffix":"inner"}},"wdio_ui5_key":"applicationmanagecontracts-display-component---AddNewContract--numberInput"}]}
RESULT: undefined
COMMAND: POST /session/3ad3ed370b5892314835873e8b06bae6/execute/async - {"script":"<script> [776 bytes]","args":[{"enterText":"3","selector":{"id":"application-managecontracts-display-component---AddNewContract--numberInput","interaction":{"idSuffix":"inner"}},"clearTextFirst":true,"interactionType":"ENTER_TEXT"}]}
RESULT: {"script":"<script> [776 bytes]","args":[{"enterText":"3","selector":{"id":"application-managecontracts-display-component---AddNewContract--numberInput","interaction":{"idSuffix":"inner"}},"clearTextFirst":true,"interactionType":"ENTER_TEXT"}]}
COMMAND: POST /session/3ad3ed370b5892314835873e8b06bae6/execute/async - {"script":"<script> [1562 bytes]","args":[{"selector":{"id":"application-managecontracts-display-component---AddNewContract--cityInput","interaction":{"idSuffix":"inner"}},"wdio_ui5_key":"applicationmanagecontracts-display-component---AddNewContract--cityInput"}]}
RESULT: {"script":"<script> [1562 bytes]","args":[{"selector":{"id":"application-managecontracts-display-component---AddNewContract--cityInput","interaction":{"idSuffix":"inner"}},"wdio_ui5_key":"applicationmanagecontracts-display-component---AddNewContract--cityInput"}]}
RESULT: undefined
COMMAND: POST /session/3ad3ed370b5892314835873e8b06bae6/execute/async - {"script":"<script> [776 bytes]","args":[{"enterText":"Bucharest","selector":{"id":"application-managecontracts-display-component---AddNewContract--cityInput","interaction":{"idSuffix":"inner"}},"clearTextFirst":true,"interactionType":"ENTER_TEXT"}]}
RESULT: {"script":"<script> [776 bytes]","args":[{"enterText":"Bucharest","selector":{"id":"application-managecontracts-display-component---AddNewContract--cityInput","interaction":{"idSuffix":"inner"}},"clearTextFirst":true,"interactionType":"ENTER_TEXT"}]}
COMMAND: POST /session/3ad3ed370b5892314835873e8b06bae6/execute/async - {"script":"<script> [1562 bytes]","args":[{"selector":{"id":"application-managecontracts-display-component---AddNewContract--zipInput","interaction":{"idSuffix":"inner"}},"wdio_ui5_key":"applicationmanagecontracts-display-component---AddNewContract--zipInput"}]}
RESULT: {"script":"<script> [1562 bytes]","args":[{"selector":{"id":"application-managecontracts-display-component---AddNewContract--zipInput","interaction":{"idSuffix":"inner"}},"wdio_ui5_key":"applicationmanagecontracts-display-component---AddNewContract--zipInput"}]}
RESULT: undefined
COMMAND: POST /session/3ad3ed370b5892314835873e8b06bae6/execute/async - {"script":"<script> [776 bytes]","args":[{"enterText":"021210","selector":{"id":"application-managecontracts-display-component---AddNewContract--zipInput","interaction":{"idSuffix":"inner"}},"clearTextFirst":true,"interactionType":"ENTER_TEXT"}]}
RESULT: {"script":"<script> [776 bytes]","args":[{"enterText":"021210","selector":{"id":"application-managecontracts-display-component---AddNewContract--zipInput","interaction":{"idSuffix":"inner"}},"clearTextFirst":true,"interactionType":"ENTER_TEXT"}]}
COMMAND: POST /session/3ad3ed370b5892314835873e8b06bae6/element - {"using":"xpath","value":"//bdi[contains(@id ,\"application-managecontracts-display-component---AddNewContract--saveBtn-BDI-content\")]"}
RESULT: {"using":"xpath","value":"//bdi[contains(@id ,\"application-managecontracts-display-component---AddNewContract--saveBtn-BDI-content\")]"}
COMMAND: POST /session/3ad3ed370b5892314835873e8b06bae6/element/f.66C564F48E23224A49CD761FFC4FB84D.d.2D594358EB6A73B0D7DFD3050F4202C5.e.10173/click - {}
RESULT: {}
COMMAND: GET /session/3ad3ed370b5892314835873e8b06bae6/screenshot - {}
RESULT: {}
COMMAND: POST /session/3ad3ed370b5892314835873e8b06bae6/element - {"using":"xpath","value":"//button[contains(@data-kt ,\"contractDetailEditBtnButton\")]"}
RESULT: {"using":"xpath","value":"//button[contains(@data-kt ,\"contractDetailEditBtnButton\")]"}
COMMAND: POST /session/3ad3ed370b5892314835873e8b06bae6/execute/sync - {"script":"<script> [8489 bytes]","args":[{"element-6066-11e4-a52e-4f735466cecf":"f.66C564F48E23224A49CD761FFC4FB84D.d.2D594358EB6A73B0D7DFD3050F4202C5.e.10244","ELEMENT":"f.66C564F48E23224A49CD761FFC4FB84D.d.2D594358EB6A73B0D7DFD3050F4202C5.e.10244"}]}
RESULT: {"script":"<script> [8489 bytes]","args":[{"element-6066-11e4-a52e-4f735466cecf":"f.66C564F48E23224A49CD761FFC4FB84D.d.2D594358EB6A73B0D7DFD3050F4202C5.e.10244","ELEMENT":"f.66C564F48E23224A49CD761FFC4FB84D.d.2D594358EB6A73B0D7DFD3050F4202C5.e.10244"}]}
COMMAND: POST /session/3ad3ed370b5892314835873e8b06bae6/execute/sync - {"script":"<script> [8489 bytes]","args":[{"element-6066-11e4-a52e-4f735466cecf":"f.66C564F48E23224A49CD761FFC4FB84D.d.2D594358EB6A73B0D7DFD3050F4202C5.e.10244","ELEMENT":"f.66C564F48E23224A49CD761FFC4FB84D.d.2D594358EB6A73B0D7DFD3050F4202C5.e.10244"}]}
COMMAND: GET /session/3ad3ed370b5892314835873e8b06bae6/screenshot - {}
RESULT: {"script":"<script> [8489 bytes]","args":[{"element-6066-11e4-a52e-4f735466cecf":"f.66C564F48E23224A49CD761FFC4FB84D.d.2D594358EB6A73B0D7DFD3050F4202C5.e.10244","ELEMENT":"f.66C564F48E23224A49CD761FFC4FB84D.d.2D594358EB6A73B0D7DFD3050F4202C5.e.10244"}]}
COMMAND: POST /session/3ad3ed370b5892314835873e8b06bae6/execute/sync - {"script":"<script> [5351 bytes]","args":[{"element-6066-11e4-a52e-4f735466cecf":"f.66C564F48E23224A49CD761FFC4FB84D.d.2D594358EB6A73B0D7DFD3050F4202C5.e.10244","ELEMENT":"f.66C564F48E23224A49CD761FFC4FB84D.d.2D594358EB6A73B0D7DFD3050F4202C5.e.10244"}]}
COMMAND: GET /session/3ad3ed370b5892314835873e8b06bae6/screenshot - {}
RESULT: {}
RESULT: {"script":"<script> [5351 bytes]","args":[{"element-6066-11e4-a52e-4f735466cecf":"f.66C564F48E23224A49CD761FFC4FB84D.d.2D594358EB6A73B0D7DFD3050F4202C5.e.10244","ELEMENT":"f.66C564F48E23224A49CD761FFC4FB84D.d.2D594358EB6A73B0D7DFD3050F4202C5.e.10244"}]}
COMMAND: POST /session/3ad3ed370b5892314835873e8b06bae6/execute/async - {"script":"<script> [1562 bytes]","args":[{"selector":{"controlType":"sap.m.Text","viewName":"etm.portal.ui.managecontracts.view.Detail","bindingPath":{"propertyPath":"LINK_TO_C_CONTRACT_TYPES/DESCRIPTION","modelName":"catalogModel"}},"wdio_ui5_key":"etmportal.ui.managecontracts.view.Detailsap.m.Text{\"propertyPath\":\"LINK_TO_C_CONTRACT_TYPES/DESCRIPTION\",\"modelName\":\"catalogModel\"}"}]}
COMMAND: GET /session/3ad3ed370b5892314835873e8b06bae6/screenshot - {}
RESULT: {}
RESULT: {"script":"<script> [1562 bytes]","args":[{"selector":{"controlType":"sap.m.Text","viewName":"etm.portal.ui.managecontracts.view.Detail","bindingPath":{"propertyPath":"LINK_TO_C_CONTRACT_TYPES/DESCRIPTION","modelName":"catalogModel"}},"wdio_ui5_key":"etmportal.ui.managecontracts.view.Detailsap.m.Text{\"propertyPath\":\"LINK_TO_C_CONTRACT_TYPES/DESCRIPTION\",\"modelName\":\"catalogModel\"}"}]}
RESULT: undefined
COMMAND: POST /session/3ad3ed370b5892314835873e8b06bae6/execute/async - {"script":"<script> [6424 bytes]","args":[{"element-6066-11e4-a52e-4f735466cecf":"f.66C564F48E23224A49CD761FFC4FB84D.d.2D594358EB6A73B0D7DFD3050F4202C5.e.10245"},"getText",[]]}
RESULT: {}
RESULT: {"script":"<script> [6424 bytes]","args":[{"element-6066-11e4-a52e-4f735466cecf":"f.66C564F48E23224A49CD761FFC4FB84D.d.2D594358EB6A73B0D7DFD3050F4202C5.e.10245"},"getText",[]]}
COMMAND: POST /session/3ad3ed370b5892314835873e8b06bae6/element/f.66C564F48E23224A49CD761FFC4FB84D.d.2D594358EB6A73B0D7DFD3050F4202C5.e.10244/click - {}
RESULT: {}
COMMAND: GET /session/3ad3ed370b5892314835873e8b06bae6/screenshot - {}
RESULT: {}
]]></system-out>
    </testcase>
    <testcase classname="chrome.136_0_7103_93.windows.Reduced_contract_US151275" name="Should add a RU to the contract" time="52.635">
      <system-out><![CDATA[
COMMAND: POST /session/3ad3ed370b5892314835873e8b06bae6/element - {"using":"xpath","value":"(//span[contains(text(), \"Header Billing Items\")])[2]"}
RESULT: {"using":"xpath","value":"(//span[contains(text(), \"Header Billing Items\")])[2]"}
COMMAND: POST /session/3ad3ed370b5892314835873e8b06bae6/element/f.66C564F48E23224A49CD761FFC4FB84D.d.2D594358EB6A73B0D7DFD3050F4202C5.e.10290/click - {}
RESULT: {}
COMMAND: GET /session/3ad3ed370b5892314835873e8b06bae6/screenshot - {}
RESULT: {}
COMMAND: POST /session/3ad3ed370b5892314835873e8b06bae6/element - {"using":"xpath","value":"//button[@data-kt=\"btnAddTableRowOverflowToolbarButton\"]"}
RESULT: {"using":"xpath","value":"//button[@data-kt=\"btnAddTableRowOverflowToolbarButton\"]"}
COMMAND: POST /session/3ad3ed370b5892314835873e8b06bae6/element/f.66C564F48E23224A49CD761FFC4FB84D.d.2D594358EB6A73B0D7DFD3050F4202C5.e.10293/click - {}
RESULT: {}
COMMAND: GET /session/3ad3ed370b5892314835873e8b06bae6/screenshot - {}
RESULT: {}
COMMAND: POST /session/3ad3ed370b5892314835873e8b06bae6/element - {"using":"xpath","value":"//div[(text() = 'Standard Entry' or . = 'Standard Entry')]"}
RESULT: {"using":"xpath","value":"//div[(text() = 'Standard Entry' or . = 'Standard Entry')]"}
COMMAND: POST /session/3ad3ed370b5892314835873e8b06bae6/element/f.66C564F48E23224A49CD761FFC4FB84D.d.2D594358EB6A73B0D7DFD3050F4202C5.e.10295/click - {}
RESULT: {}
COMMAND: POST /session/3ad3ed370b5892314835873e8b06bae6/element - {"using":"xpath","value":"//td[6]/div/div/input[1]"}
COMMAND: GET /session/3ad3ed370b5892314835873e8b06bae6/screenshot - {}
RESULT: {"using":"xpath","value":"//td[6]/div/div/input[1]"}
COMMAND: POST /session/3ad3ed370b5892314835873e8b06bae6/element/f.66C564F48E23224A49CD761FFC4FB84D.d.2D594358EB6A73B0D7DFD3050F4202C5.e.10297/click - {}
RESULT: {}
RESULT: {}
COMMAND: POST /session/3ad3ed370b5892314835873e8b06bae6/actions - {"actions":[{"id":"action60","type":"key","parameters":{},"actions":[{"type":"keyDown","value":""},{"type":"pause","duration":10},{"type":"keyUp","value":""}]}]}
COMMAND: GET /session/3ad3ed370b5892314835873e8b06bae6/screenshot - {}
RESULT: {"actions":[{"id":"action60","type":"key","parameters":{},"actions":[{"type":"keyDown","value":""},{"type":"pause","duration":10},{"type":"keyUp","value":""}]}]}
COMMAND: POST /session/3ad3ed370b5892314835873e8b06bae6/element - {"using":"xpath","value":"//td[6]/div/div/input[1]"}
COMMAND: GET /session/3ad3ed370b5892314835873e8b06bae6/screenshot - {}
RESULT: {}
RESULT: {"using":"xpath","value":"//td[6]/div/div/input[1]"}
COMMAND: POST /session/3ad3ed370b5892314835873e8b06bae6/element/f.66C564F48E23224A49CD761FFC4FB84D.d.2D594358EB6A73B0D7DFD3050F4202C5.e.10297/clear - {}
RESULT: {}
RESULT: {}
COMMAND: POST /session/3ad3ed370b5892314835873e8b06bae6/element/f.66C564F48E23224A49CD761FFC4FB84D.d.2D594358EB6A73B0D7DFD3050F4202C5.e.10297/value - {"text":"Material"}
COMMAND: GET /session/3ad3ed370b5892314835873e8b06bae6/screenshot - {}
RESULT: {"text":"Material"}
COMMAND: GET /session/3ad3ed370b5892314835873e8b06bae6/screenshot - {}
RESULT: {}
RESULT: {}
COMMAND: POST /session/3ad3ed370b5892314835873e8b06bae6/actions - {"actions":[{"id":"action61","type":"key","parameters":{},"actions":[{"type":"keyDown","value":""},{"type":"pause","duration":10},{"type":"keyUp","value":""}]}]}
RESULT: {"actions":[{"id":"action61","type":"key","parameters":{},"actions":[{"type":"keyDown","value":""},{"type":"pause","duration":10},{"type":"keyUp","value":""}]}]}
COMMAND: GET /session/3ad3ed370b5892314835873e8b06bae6/screenshot - {}
RESULT: {}
COMMAND: POST /session/3ad3ed370b5892314835873e8b06bae6/actions - {"actions":[{"id":"action62","type":"key","parameters":{},"actions":[{"type":"keyDown","value":""},{"type":"pause","duration":10},{"type":"keyUp","value":""}]}]}
RESULT: {"actions":[{"id":"action62","type":"key","parameters":{},"actions":[{"type":"keyDown","value":""},{"type":"pause","duration":10},{"type":"keyUp","value":""}]}]}
COMMAND: POST /session/3ad3ed370b5892314835873e8b06bae6/element - {"using":"xpath","value":"//td[7]/div/div/input"}
COMMAND: GET /session/3ad3ed370b5892314835873e8b06bae6/screenshot - {}
RESULT: {"using":"xpath","value":"//td[7]/div/div/input"}
COMMAND: POST /session/3ad3ed370b5892314835873e8b06bae6/element/f.66C564F48E23224A49CD761FFC4FB84D.d.2D594358EB6A73B0D7DFD3050F4202C5.e.10310/clear - {}
RESULT: {}
RESULT: {}
COMMAND: POST /session/3ad3ed370b5892314835873e8b06bae6/element/f.66C564F48E23224A49CD761FFC4FB84D.d.2D594358EB6A73B0D7DFD3050F4202C5.e.10310/value - {"text":"WebdriverRUR2C"}
COMMAND: GET /session/3ad3ed370b5892314835873e8b06bae6/screenshot - {}
RESULT: {"text":"WebdriverRUR2C"}
COMMAND: GET /session/3ad3ed370b5892314835873e8b06bae6/screenshot - {}
RESULT: {}
RESULT: {}
COMMAND: POST /session/3ad3ed370b5892314835873e8b06bae6/actions - {"actions":[{"id":"action63","type":"key","parameters":{},"actions":[{"type":"keyDown","value":""},{"type":"pause","duration":10},{"type":"keyUp","value":""}]}]}
RESULT: {"actions":[{"id":"action63","type":"key","parameters":{},"actions":[{"type":"keyDown","value":""},{"type":"pause","duration":10},{"type":"keyUp","value":""}]}]}
COMMAND: GET /session/3ad3ed370b5892314835873e8b06bae6/screenshot - {}
RESULT: {}
COMMAND: POST /session/3ad3ed370b5892314835873e8b06bae6/actions - {"actions":[{"id":"action64","type":"key","parameters":{},"actions":[{"type":"keyDown","value":""},{"type":"pause","duration":10},{"type":"keyUp","value":""}]}]}
RESULT: {"actions":[{"id":"action64","type":"key","parameters":{},"actions":[{"type":"keyDown","value":""},{"type":"pause","duration":10},{"type":"keyUp","value":""}]}]}
COMMAND: GET /session/3ad3ed370b5892314835873e8b06bae6/screenshot - {}
RESULT: {}
COMMAND: POST /session/3ad3ed370b5892314835873e8b06bae6/element - {"using":"xpath","value":"(//button[@data-kt=\"saveButton\"])[2]"}
RESULT: {"using":"xpath","value":"(//button[@data-kt=\"saveButton\"])[2]"}
COMMAND: POST /session/3ad3ed370b5892314835873e8b06bae6/element/f.66C564F48E23224A49CD761FFC4FB84D.d.2D594358EB6A73B0D7DFD3050F4202C5.e.10335/click - {}
RESULT: {}
COMMAND: GET /session/3ad3ed370b5892314835873e8b06bae6/screenshot - {}
RESULT: {}
COMMAND: POST /session/3ad3ed370b5892314835873e8b06bae6/element - {"using":"xpath","value":"//button[contains(@data-kt ,\"contractDetailEditBtnButton\")]"}
RESULT: {"using":"xpath","value":"//button[contains(@data-kt ,\"contractDetailEditBtnButton\")]"}
COMMAND: POST /session/3ad3ed370b5892314835873e8b06bae6/execute/sync - {"script":"<script> [8489 bytes]","args":[{"element-6066-11e4-a52e-4f735466cecf":"f.66C564F48E23224A49CD761FFC4FB84D.d.2D594358EB6A73B0D7DFD3050F4202C5.e.10244","ELEMENT":"f.66C564F48E23224A49CD761FFC4FB84D.d.2D594358EB6A73B0D7DFD3050F4202C5.e.10244"}]}
RESULT: {"script":"<script> [8489 bytes]","args":[{"element-6066-11e4-a52e-4f735466cecf":"f.66C564F48E23224A49CD761FFC4FB84D.d.2D594358EB6A73B0D7DFD3050F4202C5.e.10244","ELEMENT":"f.66C564F48E23224A49CD761FFC4FB84D.d.2D594358EB6A73B0D7DFD3050F4202C5.e.10244"}]}
COMMAND: POST /session/3ad3ed370b5892314835873e8b06bae6/execute/sync - {"script":"<script> [8489 bytes]","args":[{"element-6066-11e4-a52e-4f735466cecf":"f.66C564F48E23224A49CD761FFC4FB84D.d.2D594358EB6A73B0D7DFD3050F4202C5.e.10244","ELEMENT":"f.66C564F48E23224A49CD761FFC4FB84D.d.2D594358EB6A73B0D7DFD3050F4202C5.e.10244"}]}
COMMAND: GET /session/3ad3ed370b5892314835873e8b06bae6/screenshot - {}
RESULT: {"script":"<script> [8489 bytes]","args":[{"element-6066-11e4-a52e-4f735466cecf":"f.66C564F48E23224A49CD761FFC4FB84D.d.2D594358EB6A73B0D7DFD3050F4202C5.e.10244","ELEMENT":"f.66C564F48E23224A49CD761FFC4FB84D.d.2D594358EB6A73B0D7DFD3050F4202C5.e.10244"}]}
COMMAND: POST /session/3ad3ed370b5892314835873e8b06bae6/execute/sync - {"script":"<script> [5351 bytes]","args":[{"element-6066-11e4-a52e-4f735466cecf":"f.66C564F48E23224A49CD761FFC4FB84D.d.2D594358EB6A73B0D7DFD3050F4202C5.e.10244","ELEMENT":"f.66C564F48E23224A49CD761FFC4FB84D.d.2D594358EB6A73B0D7DFD3050F4202C5.e.10244"}]}
COMMAND: GET /session/3ad3ed370b5892314835873e8b06bae6/screenshot - {}
RESULT: {}
RESULT: {"script":"<script> [5351 bytes]","args":[{"element-6066-11e4-a52e-4f735466cecf":"f.66C564F48E23224A49CD761FFC4FB84D.d.2D594358EB6A73B0D7DFD3050F4202C5.e.10244","ELEMENT":"f.66C564F48E23224A49CD761FFC4FB84D.d.2D594358EB6A73B0D7DFD3050F4202C5.e.10244"}]}
COMMAND: POST /session/3ad3ed370b5892314835873e8b06bae6/element - {"using":"xpath","value":"(//span[contains(text(), \"Header Billing Items\")])[1]"}
COMMAND: GET /session/3ad3ed370b5892314835873e8b06bae6/screenshot - {}
RESULT: {}
RESULT: {"using":"xpath","value":"(//span[contains(text(), \"Header Billing Items\")])[1]"}
COMMAND: POST /session/3ad3ed370b5892314835873e8b06bae6/element/f.66C564F48E23224A49CD761FFC4FB84D.d.2D594358EB6A73B0D7DFD3050F4202C5.e.10338/click - {}
RESULT: {}
RESULT: {}
COMMAND: GET /session/3ad3ed370b5892314835873e8b06bae6/screenshot - {}
RESULT: {}
COMMAND: POST /session/3ad3ed370b5892314835873e8b06bae6/execute/async - {"script":"<script> [1562 bytes]","args":[{"selector":{"controlType":"sap.m.Title","viewName":"etm.portal.ui.managecontracts.view.Detail","properties":{"text":"Contract Items (1)"}},"wdio_ui5_key":"etmportal.ui.managecontracts.view.Detailsap.m.Title{\"text\":\"Contract Items (1)\"}"}]}
RESULT: {"script":"<script> [1562 bytes]","args":[{"selector":{"controlType":"sap.m.Title","viewName":"etm.portal.ui.managecontracts.view.Detail","properties":{"text":"Contract Items (1)"}},"wdio_ui5_key":"etmportal.ui.managecontracts.view.Detailsap.m.Title{\"text\":\"Contract Items (1)\"}"}]}
RESULT: undefined
COMMAND: POST /session/3ad3ed370b5892314835873e8b06bae6/execute/async - {"script":"<script> [6424 bytes]","args":[{"element-6066-11e4-a52e-4f735466cecf":"f.66C564F48E23224A49CD761FFC4FB84D.d.2D594358EB6A73B0D7DFD3050F4202C5.e.10340"},"getText",[]]}
RESULT: {"script":"<script> [6424 bytes]","args":[{"element-6066-11e4-a52e-4f735466cecf":"f.66C564F48E23224A49CD761FFC4FB84D.d.2D594358EB6A73B0D7DFD3050F4202C5.e.10340"},"getText",[]]}
COMMAND: POST /session/3ad3ed370b5892314835873e8b06bae6/element - {"using":"xpath","value":"(//span[contains(@class ,\"sapMObjStatusText\")])[1]"}
RESULT: {"using":"xpath","value":"(//span[contains(@class ,\"sapMObjStatusText\")])[1]"}
COMMAND: GET /session/3ad3ed370b5892314835873e8b06bae6/element/f.66C564F48E23224A49CD761FFC4FB84D.d.2D594358EB6A73B0D7DFD3050F4202C5.e.10341/text - {}
RESULT: {}
COMMAND: POST /session/3ad3ed370b5892314835873e8b06bae6/refresh - {}
RESULT: {}
COMMAND: GET /session/3ad3ed370b5892314835873e8b06bae6/screenshot - {}
RESULT: {}
COMMAND: POST /session/3ad3ed370b5892314835873e8b06bae6/execute/async - {"script":"<script> [189 bytes]","args":[]}
RESULT: {"script":"<script> [189 bytes]","args":[]}
COMMAND: POST /session/3ad3ed370b5892314835873e8b06bae6/execute/async - {"script":"<script> [123 bytes]","args":[]}
RESULT: {"script":"<script> [123 bytes]","args":[]}
COMMAND: POST /session/3ad3ed370b5892314835873e8b06bae6/timeouts - {"script":"<number>"}
RESULT: {"script":"<number>"}
COMMAND: GET /session/3ad3ed370b5892314835873e8b06bae6/timeouts - {}
RESULT: {}
RESULT: undefined
COMMAND: POST /session/3ad3ed370b5892314835873e8b06bae6/execute/async - {"script":"<script> [2676 bytes]","args":[]}
RESULT: {"script":"<script> [2676 bytes]","args":[]}
COMMAND: POST /session/3ad3ed370b5892314835873e8b06bae6/execute/async - {"script":"<script> [2342 bytes]","args":[{"protocol":"http","hostname":"0.0.0.0","path":"/","capabilities":{"browserName":"chrome","goog:chromeOptions":{"binary":"C:\\Program Files\\Google\\Chrome\\Application\\chrome.exe","args":["--start-maximized"]}},"logLevel":"warn","connectionRetryTimeout":120000,"connectionRetryCount":3,"logLevels":{},"enableDirectConnect":true,"strictSSL":true,"_":"65 more keys: [\"cacheDir\",\"port\",\"requestedCapabilities\",\"automationProtocol\",\"baseUrl\",\"waitforInterval\",\"waitforTimeout\",\"onReload\",\"beforeCommand\",\"afterCommand\",\"rootDir\",\"specs\",\"suites\",\"exclude\",\"groupLogsByTestSpec\",\"excludeDriverLogs\",\"bail\",\"framework\",\"reporters\",\"services\",\"maxInstances\",\"maxInstancesPerCapability\",\"injectGlobals\",\"filesToWatch\",\"execArgv\",\"runnerEnv\",\"runner\",\"shard\",\"specFileRetries\",\"specFileRetriesDelay\",\"specFileRetriesDeferred\",\"reporterSyncInterval\",\"reporterSyncTimeout\",\"cucumberFeaturesWithLineNumbers\",\"autoCompileOpts\",\"mochaOpts\",\"jasmineOpts\",\"cucumberOpts\",\"onPrepare\",\"onWorkerStart\",\"onWorkerEnd\",\"before\",\"beforeSession\",\"beforeSuite\",\"beforeHook\",\"beforeTest\",\"afterTest\",\"afterHook\",\"afterSuite\",\"afterSession\",\"after\",\"onComplete\",\"beforeAssertion\",\"afterAssertion\",\"beforeFeature\",\"beforeScenario\",\"beforeStep\",\"afterStep\",\"afterScenario\",\"afterFeature\",\"_\",\"suite\",\"$0\",\"ignoredWorkerServices\",\"wdi5\"]"}]}
RESULT: {"script":"<script> [2342 bytes]","args":[{"protocol":"http","hostname":"0.0.0.0","path":"/","capabilities":{"browserName":"chrome","goog:chromeOptions":{"binary":"C:\\Program Files\\Google\\Chrome\\Application\\chrome.exe","args":["--start-maximized"]}},"logLevel":"warn","connectionRetryTimeout":120000,"connectionRetryCount":3,"logLevels":{},"enableDirectConnect":true,"strictSSL":true,"_":"65 more keys: [\"cacheDir\",\"port\",\"requestedCapabilities\",\"automationProtocol\",\"baseUrl\",\"waitforInterval\",\"waitforTimeout\",\"onReload\",\"beforeCommand\",\"afterCommand\",\"rootDir\",\"specs\",\"suites\",\"exclude\",\"groupLogsByTestSpec\",\"excludeDriverLogs\",\"bail\",\"framework\",\"reporters\",\"services\",\"maxInstances\",\"maxInstancesPerCapability\",\"injectGlobals\",\"filesToWatch\",\"execArgv\",\"runnerEnv\",\"runner\",\"shard\",\"specFileRetries\",\"specFileRetriesDelay\",\"specFileRetriesDeferred\",\"reporterSyncInterval\",\"reporterSyncTimeout\",\"cucumberFeaturesWithLineNumbers\",\"autoCompileOpts\",\"mochaOpts\",\"jasmineOpts\",\"cucumberOpts\",\"onPrepare\",\"onWorkerStart\",\"onWorkerEnd\",\"before\",\"beforeSession\",\"beforeSuite\",\"beforeHook\",\"beforeTest\",\"afterTest\",\"afterHook\",\"afterSuite\",\"afterSession\",\"after\",\"onComplete\",\"beforeAssertion\",\"afterAssertion\",\"beforeFeature\",\"beforeScenario\",\"beforeStep\",\"afterStep\",\"afterScenario\",\"afterFeature\",\"_\",\"suite\",\"$0\",\"ignoredWorkerServices\",\"wdi5\"]"}]}
COMMAND: POST /session/3ad3ed370b5892314835873e8b06bae6/execute/async - {"script":"<script> [21126 bytes]","args":[35000]}
RESULT: {"script":"<script> [21126 bytes]","args":[35000]}
COMMAND: POST /session/3ad3ed370b5892314835873e8b06bae6/element - {"using":"css selector","value":"#shell-header-logo"}
RESULT: {"using":"css selector","value":"#shell-header-logo"}
COMMAND: POST /session/3ad3ed370b5892314835873e8b06bae6/element/f.66C564F48E23224A49CD761FFC4FB84D.d.8FB7638FCB75E32E4F0B0ABAF6EE4AAB.e.10349/click - {}
RESULT: {}
COMMAND: GET /session/3ad3ed370b5892314835873e8b06bae6/screenshot - {}
]]></system-out>
    </testcase>
  </testsuite>
  <testsuite timestamp="2025-05-30T18:22:51" time="1582.235" tests="7" failures="0" errors="0" skipped="0">
    <properties>
      <property name="specId" value="0"/>
      <property name="suiteName" value="E2E - Logistical and commercial statuses"/>
      <property name="capabilities" value="chrome.136_0_7103_93.windows"/>
      <property name="file" value="file:///D:/a/1/s/test/specs/R2C/E2E-Logistical-and-commercial-status.spec.js"/>
    </properties>
    <testcase classname="chrome.136_0_7103_93.windows.E2E_-_Logistical_and_commercial_statuses" name="Should create prerequisites yard partner and site" time="330.419">
      <system-out><![CDATA[
COMMAND: POST /session/3ad3ed370b5892314835873e8b06bae6/execute/async - {"script":"<script> [1562 bytes]","args":[{"selector":{"controlType":"sap.m.GenericTile","properties":{"header":"Manage Yards"}},"wdio_ui5_key":"sapm.GenericTile{\"header\":\"Manage Yards\"}"}]}
RESULT: {}
RESULT: {"script":"<script> [1562 bytes]","args":[{"selector":{"controlType":"sap.m.GenericTile","properties":{"header":"Manage Yards"}},"wdio_ui5_key":"sapm.GenericTile{\"header\":\"Manage Yards\"}"}]}
RESULT: undefined
COMMAND: POST /session/3ad3ed370b5892314835873e8b06bae6/element - {"using":"xpath","value":"//*[@id=\"__tile41\"]"}
RESULT: {"using":"xpath","value":"//*[@id=\"__tile41\"]"}
COMMAND: POST /session/3ad3ed370b5892314835873e8b06bae6/element/f.66C564F48E23224A49CD761FFC4FB84D.d.8FB7638FCB75E32E4F0B0ABAF6EE4AAB.e.10569/click - {}
RESULT: {}
COMMAND: GET /session/3ad3ed370b5892314835873e8b06bae6/screenshot - {}
RESULT: {}
COMMAND: POST /session/3ad3ed370b5892314835873e8b06bae6/elements - {"using":"xpath","value":"//span[text()='Error']"}
RESULT: {"using":"xpath","value":"//span[text()='Error']"}
COMMAND: POST /session/3ad3ed370b5892314835873e8b06bae6/execute/async - {"script":"<script> [1562 bytes]","args":[{"selector":{"controlType":"sap.ui.core.Icon","viewName":"etm.portal.ui.manageyards.view.Master","viewId":"application-manageyards-display-component---masterYard","properties":{"src":{"regex":{"source":"add"}}}},"wdio_ui5_key":"etmportal.ui.manageyards.view.Mastersap.ui.core.Icon{\"src\":{\"regex\":{\"source\":\"add\"}}}"}]}
RESULT: {"script":"<script> [1562 bytes]","args":[{"selector":{"controlType":"sap.ui.core.Icon","viewName":"etm.portal.ui.manageyards.view.Master","viewId":"application-manageyards-display-component---masterYard","properties":{"src":{"regex":{"source":"add"}}}},"wdio_ui5_key":"etmportal.ui.manageyards.view.Mastersap.ui.core.Icon{\"src\":{\"regex\":{\"source\":\"add\"}}}"}]}
RESULT: undefined
COMMAND: POST /session/3ad3ed370b5892314835873e8b06bae6/element - {"using":"xpath","value":"//*[@id=\"__button14-img\"]"}
RESULT: {"using":"xpath","value":"//*[@id=\"__button14-img\"]"}
COMMAND: POST /session/3ad3ed370b5892314835873e8b06bae6/element/f.66C564F48E23224A49CD761FFC4FB84D.d.8FB7638FCB75E32E4F0B0ABAF6EE4AAB.e.10614/click - {}
RESULT: {}
COMMAND: GET /session/3ad3ed370b5892314835873e8b06bae6/screenshot - {}
RESULT: {}
COMMAND: POST /session/3ad3ed370b5892314835873e8b06bae6/execute/async - {"script":"<script> [1562 bytes]","args":[{"selector":{"id":"application-manageyards-display-component---NewYard--yardId","interaction":{"idSuffix":"inner"}},"wdio_ui5_key":"applicationmanageyards-display-component---NewYard--yardId"}]}
RESULT: {"script":"<script> [1562 bytes]","args":[{"selector":{"id":"application-manageyards-display-component---NewYard--yardId","interaction":{"idSuffix":"inner"}},"wdio_ui5_key":"applicationmanageyards-display-component---NewYard--yardId"}]}
RESULT: undefined
COMMAND: POST /session/3ad3ed370b5892314835873e8b06bae6/element - {"using":"xpath","value":"//*[@id=\"application-manageyards-display-component---NewYard--addressDetailDetailsName1-inner\"]"}
RESULT: {"using":"xpath","value":"//*[@id=\"application-manageyards-display-component---NewYard--addressDetailDetailsName1-inner\"]"}
COMMAND: POST /session/3ad3ed370b5892314835873e8b06bae6/element/f.66C564F48E23224A49CD761FFC4FB84D.d.8FB7638FCB75E32E4F0B0ABAF6EE4AAB.e.10843/clear - {}
RESULT: {}
COMMAND: POST /session/3ad3ed370b5892314835873e8b06bae6/element/f.66C564F48E23224A49CD761FFC4FB84D.d.8FB7638FCB75E32E4F0B0ABAF6EE4AAB.e.10843/value - {"text":"WebdriverYardzwtry"}
COMMAND: GET /session/3ad3ed370b5892314835873e8b06bae6/screenshot - {}
RESULT: {"text":"WebdriverYardzwtry"}
COMMAND: POST /session/3ad3ed370b5892314835873e8b06bae6/element - {"using":"xpath","value":"//*[@id=\"application-manageyards-display-component---NewYard--addressDetailDetailsLanguage-inner\"]"}
COMMAND: GET /session/3ad3ed370b5892314835873e8b06bae6/screenshot - {}
RESULT: {}
RESULT: {"using":"xpath","value":"//*[@id=\"application-manageyards-display-component---NewYard--addressDetailDetailsLanguage-inner\"]"}
COMMAND: POST /session/3ad3ed370b5892314835873e8b06bae6/element/f.66C564F48E23224A49CD761FFC4FB84D.d.8FB7638FCB75E32E4F0B0ABAF6EE4AAB.e.10844/clear - {}
RESULT: {}
RESULT: {}
COMMAND: POST /session/3ad3ed370b5892314835873e8b06bae6/element/f.66C564F48E23224A49CD761FFC4FB84D.d.8FB7638FCB75E32E4F0B0ABAF6EE4AAB.e.10844/value - {"text":"Romanian"}
COMMAND: GET /session/3ad3ed370b5892314835873e8b06bae6/screenshot - {}
RESULT: {"text":"Romanian"}
COMMAND: POST /session/3ad3ed370b5892314835873e8b06bae6/element - {"using":"xpath","value":"//input[contains(@id ,\"application-manageyards-display-component---NewYard--addressDetailDetailsName1-inner\")]"}
COMMAND: GET /session/3ad3ed370b5892314835873e8b06bae6/screenshot - {}
RESULT: {}
RESULT: {"using":"xpath","value":"//input[contains(@id ,\"application-manageyards-display-component---NewYard--addressDetailDetailsName1-inner\")]"}
COMMAND: GET /session/3ad3ed370b5892314835873e8b06bae6/element/f.66C564F48E23224A49CD761FFC4FB84D.d.8FB7638FCB75E32E4F0B0ABAF6EE4AAB.e.10843/property/value - {}
RESULT: {}
RESULT: {}
COMMAND: GET /session/3ad3ed370b5892314835873e8b06bae6/screenshot - {}
RESULT: {}
COMMAND: POST /session/3ad3ed370b5892314835873e8b06bae6/element - {"using":"xpath","value":"//*[@id=\"application-manageyards-display-component---NewYard--addressDetailDetailsCity1-inner\"]"}
RESULT: {"using":"xpath","value":"//*[@id=\"application-manageyards-display-component---NewYard--addressDetailDetailsCity1-inner\"]"}
COMMAND: POST /session/3ad3ed370b5892314835873e8b06bae6/element/f.66C564F48E23224A49CD761FFC4FB84D.d.8FB7638FCB75E32E4F0B0ABAF6EE4AAB.e.10846/clear - {}
RESULT: {}
COMMAND: POST /session/3ad3ed370b5892314835873e8b06bae6/element/f.66C564F48E23224A49CD761FFC4FB84D.d.8FB7638FCB75E32E4F0B0ABAF6EE4AAB.e.10846/value - {"text":"Bucuresti"}
COMMAND: GET /session/3ad3ed370b5892314835873e8b06bae6/screenshot - {}
RESULT: {"text":"Bucuresti"}
COMMAND: GET /session/3ad3ed370b5892314835873e8b06bae6/screenshot - {}
RESULT: {}
RESULT: {}
COMMAND: POST /session/3ad3ed370b5892314835873e8b06bae6/element - {"using":"xpath","value":"//*[@id=\"application-manageyards-display-component---NewYard--addressDetailDetailsCountry-inner\"]"}
RESULT: {"using":"xpath","value":"//*[@id=\"application-manageyards-display-component---NewYard--addressDetailDetailsCountry-inner\"]"}
COMMAND: POST /session/3ad3ed370b5892314835873e8b06bae6/element/f.66C564F48E23224A49CD761FFC4FB84D.d.8FB7638FCB75E32E4F0B0ABAF6EE4AAB.e.10850/clear - {}
RESULT: {}
COMMAND: POST /session/3ad3ed370b5892314835873e8b06bae6/element/f.66C564F48E23224A49CD761FFC4FB84D.d.8FB7638FCB75E32E4F0B0ABAF6EE4AAB.e.10850/value - {"text":"Romania"}
COMMAND: GET /session/3ad3ed370b5892314835873e8b06bae6/screenshot - {}
RESULT: {"text":"Romania"}
COMMAND: GET /session/3ad3ed370b5892314835873e8b06bae6/screenshot - {}
RESULT: {}
RESULT: {}
COMMAND: POST /session/3ad3ed370b5892314835873e8b06bae6/element - {"using":"xpath","value":"//div[contains(text(), \"Commercial\")]"}
RESULT: {"using":"xpath","value":"//div[contains(text(), \"Commercial\")]"}
COMMAND: GET /session/3ad3ed370b5892314835873e8b06bae6/element/f.66C564F48E23224A49CD761FFC4FB84D.d.8FB7638FCB75E32E4F0B0ABAF6EE4AAB.e.11022/rect - {}
RESULT: {}
COMMAND: GET /session/3ad3ed370b5892314835873e8b06bae6/window/rect - {}
RESULT: {}
COMMAND: POST /session/3ad3ed370b5892314835873e8b06bae6/execute/sync - {"script":"<script> [92 bytes]","args":[]}
RESULT: {"script":"<script> [92 bytes]","args":[]}
COMMAND: POST /session/3ad3ed370b5892314835873e8b06bae6/actions - {"actions":[{"id":"action65","type":"wheel","parameters":{},"actions":[{"type":"scroll","x":-1841,"y":-44,"deltaX":0,"deltaY":0,"duration":0,"origin":{"element-6066-11e4-a52e-4f735466cecf":"f.66C564F48E23224A49CD761FFC4FB84D.d.8FB7638FCB75E32E4F0B0ABAF6EE4AAB.e.11022"}}]}]}
COMMAND: GET /session/3ad3ed370b5892314835873e8b06bae6/screenshot - {}
RESULT: {}
COMMAND: POST /session/3ad3ed370b5892314835873e8b06bae6/execute/sync - {"script":"<script> [79 bytes]","args":[{"element-6066-11e4-a52e-4f735466cecf":"f.66C564F48E23224A49CD761FFC4FB84D.d.8FB7638FCB75E32E4F0B0ABAF6EE4AAB.e.11022","ELEMENT":"f.66C564F48E23224A49CD761FFC4FB84D.d.8FB7638FCB75E32E4F0B0ABAF6EE4AAB.e.11022"},{"block":"start","inline":"nearest"}]}
RESULT: {"script":"<script> [79 bytes]","args":[{"element-6066-11e4-a52e-4f735466cecf":"f.66C564F48E23224A49CD761FFC4FB84D.d.8FB7638FCB75E32E4F0B0ABAF6EE4AAB.e.11022","ELEMENT":"f.66C564F48E23224A49CD761FFC4FB84D.d.8FB7638FCB75E32E4F0B0ABAF6EE4AAB.e.11022"},{"block":"start","inline":"nearest"}]}
COMMAND: GET /session/3ad3ed370b5892314835873e8b06bae6/screenshot - {}
RESULT: {}
COMMAND: POST /session/3ad3ed370b5892314835873e8b06bae6/execute/async - {"script":"<script> [1562 bytes]","args":[{"selector":{"id":"application-manageyards-display-component---NewYard--addressEditDetailsCostObjectCstType-arrow"},"wdio_ui5_key":"applicationmanageyards-display-component---NewYard--addressEditDetailsCostObjectCstType-arrow"}]}
RESULT: {"script":"<script> [1562 bytes]","args":[{"selector":{"id":"application-manageyards-display-component---NewYard--addressEditDetailsCostObjectCstType-arrow"},"wdio_ui5_key":"applicationmanageyards-display-component---NewYard--addressEditDetailsCostObjectCstType-arrow"}]}
RESULT: undefined
COMMAND: POST /session/3ad3ed370b5892314835873e8b06bae6/element - {"using":"xpath","value":"//*[@id=\"application-manageyards-display-component---NewYard--addressEditDetailsCostObjectCstType-arrow\"]"}
RESULT: {"using":"xpath","value":"//*[@id=\"application-manageyards-display-component---NewYard--addressEditDetailsCostObjectCstType-arrow\"]"}
COMMAND: POST /session/3ad3ed370b5892314835873e8b06bae6/element/f.66C564F48E23224A49CD761FFC4FB84D.d.8FB7638FCB75E32E4F0B0ABAF6EE4AAB.e.11030/click - {}
RESULT: {}
COMMAND: POST /session/3ad3ed370b5892314835873e8b06bae6/element - {"using":"xpath","value":"//span[contains(text(), \"Cost Center\")]"}
COMMAND: GET /session/3ad3ed370b5892314835873e8b06bae6/screenshot - {}
RESULT: {"using":"xpath","value":"//span[contains(text(), \"Cost Center\")]"}
COMMAND: POST /session/3ad3ed370b5892314835873e8b06bae6/element/f.66C564F48E23224A49CD761FFC4FB84D.d.8FB7638FCB75E32E4F0B0ABAF6EE4AAB.e.11031/click - {}
RESULT: {}
RESULT: {}
COMMAND: GET /session/3ad3ed370b5892314835873e8b06bae6/screenshot - {}
RESULT: {}
COMMAND: POST /session/3ad3ed370b5892314835873e8b06bae6/execute/async - {"script":"<script> [1562 bytes]","args":[{"selector":{"id":"application-manageyards-display-component---NewYard--addressNewCostObjectCstID-vhi"},"wdio_ui5_key":"applicationmanageyards-display-component---NewYard--addressNewCostObjectCstID-vhi"}]}
RESULT: {"script":"<script> [1562 bytes]","args":[{"selector":{"id":"application-manageyards-display-component---NewYard--addressNewCostObjectCstID-vhi"},"wdio_ui5_key":"applicationmanageyards-display-component---NewYard--addressNewCostObjectCstID-vhi"}]}
RESULT: undefined
COMMAND: POST /session/3ad3ed370b5892314835873e8b06bae6/element - {"using":"xpath","value":"//*[@id=\"application-manageyards-display-component---NewYard--addressNewCostObjectCstID-vhi\"]"}
RESULT: {"using":"xpath","value":"//*[@id=\"application-manageyards-display-component---NewYard--addressNewCostObjectCstID-vhi\"]"}
COMMAND: POST /session/3ad3ed370b5892314835873e8b06bae6/element/f.66C564F48E23224A49CD761FFC4FB84D.d.8FB7638FCB75E32E4F0B0ABAF6EE4AAB.e.11035/click - {}
RESULT: {}
COMMAND: GET /session/3ad3ed370b5892314835873e8b06bae6/screenshot - {}
RESULT: {}
COMMAND: POST /session/3ad3ed370b5892314835873e8b06bae6/execute/async - {"script":"<script> [1562 bytes]","args":[{"selector":{"controlType":"sap.m.SearchField","properties":{"placeholder":"Search"},"searchOpenDialogs":true,"interaction":{"idSuffix":"I"}},"wdio_ui5_key":"sapm.SearchField{\"placeholder\":\"Search\"}"}]}
RESULT: {"script":"<script> [1562 bytes]","args":[{"selector":{"controlType":"sap.m.SearchField","properties":{"placeholder":"Search"},"searchOpenDialogs":true,"interaction":{"idSuffix":"I"}},"wdio_ui5_key":"sapm.SearchField{\"placeholder\":\"Search\"}"}]}
RESULT: undefined
COMMAND: POST /session/3ad3ed370b5892314835873e8b06bae6/execute/async - {"script":"<script> [776 bytes]","args":[{"enterText":"10001013","selector":{"controlType":"sap.m.SearchField","properties":{"placeholder":"Search"},"searchOpenDialogs":true,"interaction":{"idSuffix":"I"}},"clearTextFirst":true,"interactionType":"ENTER_TEXT"}]}
RESULT: {"script":"<script> [776 bytes]","args":[{"enterText":"10001013","selector":{"controlType":"sap.m.SearchField","properties":{"placeholder":"Search"},"searchOpenDialogs":true,"interaction":{"idSuffix":"I"}},"clearTextFirst":true,"interactionType":"ENTER_TEXT"}]}
COMMAND: POST /session/3ad3ed370b5892314835873e8b06bae6/actions - {"actions":[{"id":"action66","type":"key","parameters":{},"actions":[{"type":"keyDown","value":""},{"type":"pause","duration":10},{"type":"keyUp","value":""}]}]}
RESULT: {"actions":[{"id":"action66","type":"key","parameters":{},"actions":[{"type":"keyDown","value":""},{"type":"pause","duration":10},{"type":"keyUp","value":""}]}]}
COMMAND: GET /session/3ad3ed370b5892314835873e8b06bae6/screenshot - {}
RESULT: {}
COMMAND: POST /session/3ad3ed370b5892314835873e8b06bae6/element - {"using":"xpath","value":"//span[contains(text(), \"General Management\")]"}
RESULT: {"using":"xpath","value":"//span[contains(text(), \"General Management\")]"}
COMMAND: POST /session/3ad3ed370b5892314835873e8b06bae6/element/f.66C564F48E23224A49CD761FFC4FB84D.d.8FB7638FCB75E32E4F0B0ABAF6EE4AAB.e.11077/click - {}
RESULT: {}
COMMAND: GET /session/3ad3ed370b5892314835873e8b06bae6/screenshot - {}
RESULT: {}
COMMAND: POST /session/3ad3ed370b5892314835873e8b06bae6/element - {"using":"xpath","value":"//bdi[contains(text(), \"OK\")]"}
RESULT: {"using":"xpath","value":"//bdi[contains(text(), \"OK\")]"}
COMMAND: POST /session/3ad3ed370b5892314835873e8b06bae6/element/f.66C564F48E23224A49CD761FFC4FB84D.d.8FB7638FCB75E32E4F0B0ABAF6EE4AAB.e.11078/click - {}
RESULT: {}
COMMAND: GET /session/3ad3ed370b5892314835873e8b06bae6/screenshot - {}
RESULT: {}
COMMAND: POST /session/3ad3ed370b5892314835873e8b06bae6/execute/async - {"script":"<script> [1562 bytes]","args":[{"selector":{"controlType":"sap.m.Button","viewName":"etm.portal.ui.manageyards.view.New","viewId":"application-manageyards-display-component---NewYard","i18NText":{"propertyName":"text","key":"save"},"interaction":{"idSuffix":"inner"}},"wdio_ui5_key":"etmportal.ui.manageyards.view.Newsap.m.Button{\"propertyName\":\"text\",\"key\":\"save\"}"}]}
RESULT: {"script":"<script> [1562 bytes]","args":[{"selector":{"controlType":"sap.m.Button","viewName":"etm.portal.ui.manageyards.view.New","viewId":"application-manageyards-display-component---NewYard","i18NText":{"propertyName":"text","key":"save"},"interaction":{"idSuffix":"inner"}},"wdio_ui5_key":"etmportal.ui.manageyards.view.Newsap.m.Button{\"propertyName\":\"text\",\"key\":\"save\"}"}]}
RESULT: undefined
COMMAND: POST /session/3ad3ed370b5892314835873e8b06bae6/element - {"using":"xpath","value":"//*[@id=\"__button28\"]"}
RESULT: {"using":"xpath","value":"//*[@id=\"__button28\"]"}
COMMAND: POST /session/3ad3ed370b5892314835873e8b06bae6/element/f.66C564F48E23224A49CD761FFC4FB84D.d.8FB7638FCB75E32E4F0B0ABAF6EE4AAB.e.11011/click - {}
RESULT: {}
COMMAND: GET /session/3ad3ed370b5892314835873e8b06bae6/screenshot - {}
RESULT: {}
COMMAND: POST /session/3ad3ed370b5892314835873e8b06bae6/element - {"using":"xpath","value":"//header/div/div[2]/div[2]/span"}
RESULT: {"using":"xpath","value":"//header/div/div[2]/div[2]/span"}
COMMAND: GET /session/3ad3ed370b5892314835873e8b06bae6/element/f.66C564F48E23224A49CD761FFC4FB84D.d.8FB7638FCB75E32E4F0B0ABAF6EE4AAB.e.11273/text - {}
RESULT: {}
COMMAND: POST /session/3ad3ed370b5892314835873e8b06bae6/execute/async - {"script":"<script> [1562 bytes]","args":[{"selector":{"controlType":"sap.m.OverflowToolbarButton","viewName":"etm.portal.ui.manageyards.view.Detail","viewId":"application-manageyards-display-component---detailYard","i18NText":{"propertyName":"tooltip","key":"closeColumn"},"interaction":{"idSuffix":"inner"}},"wdio_ui5_key":"etmportal.ui.manageyards.view.Detailsap.m.OverflowToolbarButton{\"propertyName\":\"tooltip\",\"key\":\"closeColumn\"}"}]}
RESULT: {"script":"<script> [1562 bytes]","args":[{"selector":{"controlType":"sap.m.OverflowToolbarButton","viewName":"etm.portal.ui.manageyards.view.Detail","viewId":"application-manageyards-display-component---detailYard","i18NText":{"propertyName":"tooltip","key":"closeColumn"},"interaction":{"idSuffix":"inner"}},"wdio_ui5_key":"etmportal.ui.manageyards.view.Detailsap.m.OverflowToolbarButton{\"propertyName\":\"tooltip\",\"key\":\"closeColumn\"}"}]}
RESULT: undefined
COMMAND: POST /session/3ad3ed370b5892314835873e8b06bae6/element - {"using":"xpath","value":"//*[@id=\"__button52\"]"}
RESULT: {"using":"xpath","value":"//*[@id=\"__button52\"]"}
COMMAND: POST /session/3ad3ed370b5892314835873e8b06bae6/element/f.66C564F48E23224A49CD761FFC4FB84D.d.8FB7638FCB75E32E4F0B0ABAF6EE4AAB.e.11275/click - {}
RESULT: {}
COMMAND: GET /session/3ad3ed370b5892314835873e8b06bae6/screenshot - {}
RESULT: {}
COMMAND: POST /session/3ad3ed370b5892314835873e8b06bae6/element - {"using":"css selector","value":"#shell-header-logo"}
RESULT: {"using":"css selector","value":"#shell-header-logo"}
COMMAND: POST /session/3ad3ed370b5892314835873e8b06bae6/element/f.66C564F48E23224A49CD761FFC4FB84D.d.8FB7638FCB75E32E4F0B0ABAF6EE4AAB.e.10574/click - {}
RESULT: {}
COMMAND: GET /session/3ad3ed370b5892314835873e8b06bae6/screenshot - {}
RESULT: {}
COMMAND: POST /session/3ad3ed370b5892314835873e8b06bae6/refresh - {}
RESULT: {}
COMMAND: GET /session/3ad3ed370b5892314835873e8b06bae6/screenshot - {}
RESULT: {}
COMMAND: POST /session/3ad3ed370b5892314835873e8b06bae6/execute/async - {"script":"<script> [189 bytes]","args":[]}
RESULT: {"script":"<script> [189 bytes]","args":[]}
COMMAND: POST /session/3ad3ed370b5892314835873e8b06bae6/execute/async - {"script":"<script> [123 bytes]","args":[]}
RESULT: {"script":"<script> [123 bytes]","args":[]}
COMMAND: POST /session/3ad3ed370b5892314835873e8b06bae6/timeouts - {"script":"<number>"}
RESULT: {"script":"<number>"}
COMMAND: GET /session/3ad3ed370b5892314835873e8b06bae6/timeouts - {}
RESULT: {}
RESULT: undefined
COMMAND: POST /session/3ad3ed370b5892314835873e8b06bae6/execute/async - {"script":"<script> [2676 bytes]","args":[]}
RESULT: {"script":"<script> [2676 bytes]","args":[]}
COMMAND: POST /session/3ad3ed370b5892314835873e8b06bae6/execute/async - {"script":"<script> [2342 bytes]","args":[{"protocol":"http","hostname":"0.0.0.0","path":"/","capabilities":{"browserName":"chrome","goog:chromeOptions":{"binary":"C:\\Program Files\\Google\\Chrome\\Application\\chrome.exe","args":["--start-maximized"]}},"logLevel":"warn","connectionRetryTimeout":120000,"connectionRetryCount":3,"logLevels":{},"enableDirectConnect":true,"strictSSL":true,"_":"65 more keys: [\"cacheDir\",\"port\",\"requestedCapabilities\",\"automationProtocol\",\"baseUrl\",\"waitforInterval\",\"waitforTimeout\",\"onReload\",\"beforeCommand\",\"afterCommand\",\"rootDir\",\"specs\",\"suites\",\"exclude\",\"groupLogsByTestSpec\",\"excludeDriverLogs\",\"bail\",\"framework\",\"reporters\",\"services\",\"maxInstances\",\"maxInstancesPerCapability\",\"injectGlobals\",\"filesToWatch\",\"execArgv\",\"runnerEnv\",\"runner\",\"shard\",\"specFileRetries\",\"specFileRetriesDelay\",\"specFileRetriesDeferred\",\"reporterSyncInterval\",\"reporterSyncTimeout\",\"cucumberFeaturesWithLineNumbers\",\"autoCompileOpts\",\"mochaOpts\",\"jasmineOpts\",\"cucumberOpts\",\"onPrepare\",\"onWorkerStart\",\"onWorkerEnd\",\"before\",\"beforeSession\",\"beforeSuite\",\"beforeHook\",\"beforeTest\",\"afterTest\",\"afterHook\",\"afterSuite\",\"afterSession\",\"after\",\"onComplete\",\"beforeAssertion\",\"afterAssertion\",\"beforeFeature\",\"beforeScenario\",\"beforeStep\",\"afterStep\",\"afterScenario\",\"afterFeature\",\"_\",\"suite\",\"$0\",\"ignoredWorkerServices\",\"wdi5\"]"}]}
RESULT: {"script":"<script> [2342 bytes]","args":[{"protocol":"http","hostname":"0.0.0.0","path":"/","capabilities":{"browserName":"chrome","goog:chromeOptions":{"binary":"C:\\Program Files\\Google\\Chrome\\Application\\chrome.exe","args":["--start-maximized"]}},"logLevel":"warn","connectionRetryTimeout":120000,"connectionRetryCount":3,"logLevels":{},"enableDirectConnect":true,"strictSSL":true,"_":"65 more keys: [\"cacheDir\",\"port\",\"requestedCapabilities\",\"automationProtocol\",\"baseUrl\",\"waitforInterval\",\"waitforTimeout\",\"onReload\",\"beforeCommand\",\"afterCommand\",\"rootDir\",\"specs\",\"suites\",\"exclude\",\"groupLogsByTestSpec\",\"excludeDriverLogs\",\"bail\",\"framework\",\"reporters\",\"services\",\"maxInstances\",\"maxInstancesPerCapability\",\"injectGlobals\",\"filesToWatch\",\"execArgv\",\"runnerEnv\",\"runner\",\"shard\",\"specFileRetries\",\"specFileRetriesDelay\",\"specFileRetriesDeferred\",\"reporterSyncInterval\",\"reporterSyncTimeout\",\"cucumberFeaturesWithLineNumbers\",\"autoCompileOpts\",\"mochaOpts\",\"jasmineOpts\",\"cucumberOpts\",\"onPrepare\",\"onWorkerStart\",\"onWorkerEnd\",\"before\",\"beforeSession\",\"beforeSuite\",\"beforeHook\",\"beforeTest\",\"afterTest\",\"afterHook\",\"afterSuite\",\"afterSession\",\"after\",\"onComplete\",\"beforeAssertion\",\"afterAssertion\",\"beforeFeature\",\"beforeScenario\",\"beforeStep\",\"afterStep\",\"afterScenario\",\"afterFeature\",\"_\",\"suite\",\"$0\",\"ignoredWorkerServices\",\"wdi5\"]"}]}
COMMAND: POST /session/3ad3ed370b5892314835873e8b06bae6/execute/async - {"script":"<script> [21126 bytes]","args":[35000]}
RESULT: {"script":"<script> [21126 bytes]","args":[35000]}
COMMAND: POST /session/3ad3ed370b5892314835873e8b06bae6/execute/async - {"script":"<script> [1562 bytes]","args":[{"selector":{"controlType":"sap.m.GenericTile","properties":{"header":"Manage Partners"}},"wdio_ui5_key":"sapm.GenericTile{\"header\":\"Manage Partners\"}"}]}
RESULT: {"script":"<script> [1562 bytes]","args":[{"selector":{"controlType":"sap.m.GenericTile","properties":{"header":"Manage Partners"}},"wdio_ui5_key":"sapm.GenericTile{\"header\":\"Manage Partners\"}"}]}
RESULT: undefined
COMMAND: POST /session/3ad3ed370b5892314835873e8b06bae6/element - {"using":"xpath","value":"//*[@id=\"__tile38\"]"}
RESULT: {"using":"xpath","value":"//*[@id=\"__tile38\"]"}
COMMAND: POST /session/3ad3ed370b5892314835873e8b06bae6/element/f.66C564F48E23224A49CD761FFC4FB84D.d.35E730E1588C98B647D90A67C4CF70A0.e.11635/click - {}
RESULT: {}
COMMAND: GET /session/3ad3ed370b5892314835873e8b06bae6/screenshot - {}
RESULT: {}
COMMAND: POST /session/3ad3ed370b5892314835873e8b06bae6/elements - {"using":"xpath","value":"//span[text()='Error']"}
RESULT: {"using":"xpath","value":"//span[text()='Error']"}
COMMAND: POST /session/3ad3ed370b5892314835873e8b06bae6/execute/async - {"script":"<script> [1562 bytes]","args":[{"selector":{"controlType":"sap.ui.core.Icon","viewName":"etm.portal.ui.managepartners.view.Master","viewId":"application-managepartners-display-component---masterPtm","properties":{"src":{"regex":{"source":"add"}}}},"wdio_ui5_key":"etmportal.ui.managepartners.view.Mastersap.ui.core.Icon{\"src\":{\"regex\":{\"source\":\"add\"}}}"}]}
RESULT: {"script":"<script> [1562 bytes]","args":[{"selector":{"controlType":"sap.ui.core.Icon","viewName":"etm.portal.ui.managepartners.view.Master","viewId":"application-managepartners-display-component---masterPtm","properties":{"src":{"regex":{"source":"add"}}}},"wdio_ui5_key":"etmportal.ui.managepartners.view.Mastersap.ui.core.Icon{\"src\":{\"regex\":{\"source\":\"add\"}}}"}]}
RESULT: undefined
COMMAND: POST /session/3ad3ed370b5892314835873e8b06bae6/element - {"using":"xpath","value":"//*[@id=\"__button4-img\"]"}
RESULT: {"using":"xpath","value":"//*[@id=\"__button4-img\"]"}
COMMAND: POST /session/3ad3ed370b5892314835873e8b06bae6/element/f.66C564F48E23224A49CD761FFC4FB84D.d.35E730E1588C98B647D90A67C4CF70A0.e.11686/click - {}
RESULT: {}
COMMAND: GET /session/3ad3ed370b5892314835873e8b06bae6/screenshot - {}
COMMAND: POST /session/3ad3ed370b5892314835873e8b06bae6/execute/async - {"script":"<script> [1562 bytes]","args":[{"selector":{"id":"application-managepartners-display-component---NewPartner--partnerId","interaction":{"idSuffix":"inner"}},"wdio_ui5_key":"applicationmanagepartners-display-component---NewPartner--partnerId"}]}
RESULT: {}
RESULT: {"script":"<script> [1562 bytes]","args":[{"selector":{"id":"application-managepartners-display-component---NewPartner--partnerId","interaction":{"idSuffix":"inner"}},"wdio_ui5_key":"applicationmanagepartners-display-component---NewPartner--partnerId"}]}
RESULT: undefined
COMMAND: POST /session/3ad3ed370b5892314835873e8b06bae6/execute/async - {"script":"<script> [1562 bytes]","args":[{"selector":{"id":"application-managepartners-display-component---NewPartner--addressDetailDetailsName1","interaction":{"idSuffix":"inner"}},"wdio_ui5_key":"applicationmanagepartners-display-component---NewPartner--addressDetailDetailsName1"}]}
RESULT: {"script":"<script> [1562 bytes]","args":[{"selector":{"id":"application-managepartners-display-component---NewPartner--addressDetailDetailsName1","interaction":{"idSuffix":"inner"}},"wdio_ui5_key":"applicationmanagepartners-display-component---NewPartner--addressDetailDetailsName1"}]}
RESULT: undefined
COMMAND: POST /session/3ad3ed370b5892314835873e8b06bae6/execute/async - {"script":"<script> [776 bytes]","args":[{"enterText":"WebdriverPartner620ba","selector":{"id":"application-managepartners-display-component---NewPartner--addressDetailDetailsName1","interaction":{"idSuffix":"inner"}},"clearTextFirst":true,"interactionType":"ENTER_TEXT"}]}
RESULT: {"script":"<script> [776 bytes]","args":[{"enterText":"WebdriverPartner620ba","selector":{"id":"application-managepartners-display-component---NewPartner--addressDetailDetailsName1","interaction":{"idSuffix":"inner"}},"clearTextFirst":true,"interactionType":"ENTER_TEXT"}]}
COMMAND: POST /session/3ad3ed370b5892314835873e8b06bae6/execute/async - {"script":"<script> [1562 bytes]","args":[{"selector":{"id":"application-managepartners-display-component---NewPartner--addressDetailDetailsLanguage","interaction":{"idSuffix":"inner"}},"wdio_ui5_key":"applicationmanagepartners-display-component---NewPartner--addressDetailDetailsLanguage"}]}
RESULT: {"script":"<script> [1562 bytes]","args":[{"selector":{"id":"application-managepartners-display-component---NewPartner--addressDetailDetailsLanguage","interaction":{"idSuffix":"inner"}},"wdio_ui5_key":"applicationmanagepartners-display-component---NewPartner--addressDetailDetailsLanguage"}]}
RESULT: undefined
COMMAND: POST /session/3ad3ed370b5892314835873e8b06bae6/execute/async - {"script":"<script> [776 bytes]","args":[{"enterText":"Romanian","selector":{"id":"application-managepartners-display-component---NewPartner--addressDetailDetailsLanguage","interaction":{"idSuffix":"inner"}},"clearTextFirst":true,"interactionType":"ENTER_TEXT"}]}
RESULT: {"script":"<script> [776 bytes]","args":[{"enterText":"Romanian","selector":{"id":"application-managepartners-display-component---NewPartner--addressDetailDetailsLanguage","interaction":{"idSuffix":"inner"}},"clearTextFirst":true,"interactionType":"ENTER_TEXT"}]}
COMMAND: POST /session/3ad3ed370b5892314835873e8b06bae6/element - {"using":"xpath","value":"//input[contains(@id ,\"application-managepartners-display-component---NewPartner--addressDetailDetailsName1-inner\")]"}
RESULT: {"using":"xpath","value":"//input[contains(@id ,\"application-managepartners-display-component---NewPartner--addressDetailDetailsName1-inner\")]"}
COMMAND: GET /session/3ad3ed370b5892314835873e8b06bae6/element/f.66C564F48E23224A49CD761FFC4FB84D.d.35E730E1588C98B647D90A67C4CF70A0.e.11856/property/value - {}
RESULT: {}
COMMAND: POST /session/3ad3ed370b5892314835873e8b06bae6/execute/async - {"script":"<script> [1562 bytes]","args":[{"selector":{"id":"application-managepartners-display-component---NewPartner--addressDetailDetailsCity1","interaction":{"idSuffix":"inner"}},"wdio_ui5_key":"applicationmanagepartners-display-component---NewPartner--addressDetailDetailsCity1"}]}
COMMAND: GET /session/3ad3ed370b5892314835873e8b06bae6/screenshot - {}
RESULT: {"script":"<script> [1562 bytes]","args":[{"selector":{"id":"application-managepartners-display-component---NewPartner--addressDetailDetailsCity1","interaction":{"idSuffix":"inner"}},"wdio_ui5_key":"applicationmanagepartners-display-component---NewPartner--addressDetailDetailsCity1"}]}
RESULT: undefined
COMMAND: POST /session/3ad3ed370b5892314835873e8b06bae6/execute/async - {"script":"<script> [776 bytes]","args":[{"enterText":"Bucharest","selector":{"id":"application-managepartners-display-component---NewPartner--addressDetailDetailsCity1","interaction":{"idSuffix":"inner"}},"clearTextFirst":true,"interactionType":"ENTER_TEXT"}]}
RESULT: {}
RESULT: {"script":"<script> [776 bytes]","args":[{"enterText":"Bucharest","selector":{"id":"application-managepartners-display-component---NewPartner--addressDetailDetailsCity1","interaction":{"idSuffix":"inner"}},"clearTextFirst":true,"interactionType":"ENTER_TEXT"}]}
COMMAND: POST /session/3ad3ed370b5892314835873e8b06bae6/execute/async - {"script":"<script> [1562 bytes]","args":[{"selector":{"id":"application-managepartners-display-component---NewPartner--addressDetailDetailsCountry","interaction":{"idSuffix":"inner"}},"wdio_ui5_key":"applicationmanagepartners-display-component---NewPartner--addressDetailDetailsCountry"}]}
RESULT: {"script":"<script> [1562 bytes]","args":[{"selector":{"id":"application-managepartners-display-component---NewPartner--addressDetailDetailsCountry","interaction":{"idSuffix":"inner"}},"wdio_ui5_key":"applicationmanagepartners-display-component---NewPartner--addressDetailDetailsCountry"}]}
RESULT: undefined
COMMAND: POST /session/3ad3ed370b5892314835873e8b06bae6/execute/async - {"script":"<script> [6424 bytes]","args":[{"element-6066-11e4-a52e-4f735466cecf":"f.66C564F48E23224A49CD761FFC4FB84D.d.35E730E1588C98B647D90A67C4CF70A0.e.11863"},"setValue",["Romania"]]}
RESULT: {"script":"<script> [6424 bytes]","args":[{"element-6066-11e4-a52e-4f735466cecf":"f.66C564F48E23224A49CD761FFC4FB84D.d.35E730E1588C98B647D90A67C4CF70A0.e.11863"},"setValue",["Romania"]]}
COMMAND: POST /session/3ad3ed370b5892314835873e8b06bae6/execute/async - {"script":"<script> [1562 bytes]","args":[{"selector":{"id":"application-managepartners-display-component---NewPartner--partnerDetailInternal","interaction":{"idSuffix":"inner"}},"wdio_ui5_key":"applicationmanagepartners-display-component---NewPartner--partnerDetailInternal"}]}
RESULT: {"script":"<script> [1562 bytes]","args":[{"selector":{"id":"application-managepartners-display-component---NewPartner--partnerDetailInternal","interaction":{"idSuffix":"inner"}},"wdio_ui5_key":"applicationmanagepartners-display-component---NewPartner--partnerDetailInternal"}]}
RESULT: undefined
COMMAND: POST /session/3ad3ed370b5892314835873e8b06bae6/execute/async - {"script":"<script> [776 bytes]","args":[{"enterText":"External partner","selector":{"id":"application-managepartners-display-component---NewPartner--partnerDetailInternal","interaction":{"idSuffix":"inner"}},"clearTextFirst":true,"interactionType":"ENTER_TEXT"}]}
RESULT: {"script":"<script> [776 bytes]","args":[{"enterText":"External partner","selector":{"id":"application-managepartners-display-component---NewPartner--partnerDetailInternal","interaction":{"idSuffix":"inner"}},"clearTextFirst":true,"interactionType":"ENTER_TEXT"}]}
COMMAND: POST /session/3ad3ed370b5892314835873e8b06bae6/execute/async - {"script":"<script> [1562 bytes]","args":[{"selector":{"id":"application-managepartners-display-component---NewPartner--partnerDetailsCurrency","interaction":{"idSuffix":"inner"}},"wdio_ui5_key":"applicationmanagepartners-display-component---NewPartner--partnerDetailsCurrency"}]}
RESULT: {"script":"<script> [1562 bytes]","args":[{"selector":{"id":"application-managepartners-display-component---NewPartner--partnerDetailsCurrency","interaction":{"idSuffix":"inner"}},"wdio_ui5_key":"applicationmanagepartners-display-component---NewPartner--partnerDetailsCurrency"}]}
RESULT: undefined
COMMAND: POST /session/3ad3ed370b5892314835873e8b06bae6/execute/async - {"script":"<script> [776 bytes]","args":[{"enterText":"Euro","selector":{"id":"application-managepartners-display-component---NewPartner--partnerDetailsCurrency","interaction":{"idSuffix":"inner"}},"clearTextFirst":true,"interactionType":"ENTER_TEXT"}]}
RESULT: {"script":"<script> [776 bytes]","args":[{"enterText":"Euro","selector":{"id":"application-managepartners-display-component---NewPartner--partnerDetailsCurrency","interaction":{"idSuffix":"inner"}},"clearTextFirst":true,"interactionType":"ENTER_TEXT"}]}
COMMAND: POST /session/3ad3ed370b5892314835873e8b06bae6/execute/async - {"script":"<script> [1562 bytes]","args":[{"selector":{"controlType":"sap.m.Button","viewName":"etm.portal.ui.managepartners.view.NewPartner","viewId":"application-managepartners-display-component---NewPartner","properties":{"text":"Commercial"},"interaction":{"idSuffix":"BDI-content"}},"wdio_ui5_key":"etmportal.ui.managepartners.view.NewPartnersap.m.Button{\"text\":\"Commercial\"}"}]}
RESULT: {"script":"<script> [1562 bytes]","args":[{"selector":{"controlType":"sap.m.Button","viewName":"etm.portal.ui.managepartners.view.NewPartner","viewId":"application-managepartners-display-component---NewPartner","properties":{"text":"Commercial"},"interaction":{"idSuffix":"BDI-content"}},"wdio_ui5_key":"etmportal.ui.managepartners.view.NewPartnersap.m.Button{\"text\":\"Commercial\"}"}]}
RESULT: undefined
COMMAND: POST /session/3ad3ed370b5892314835873e8b06bae6/element - {"using":"xpath","value":"//*[@id=\"application-managepartners-display-component---NewPartner--ObjectPageLayout-anchBar-__section5-anchor\"]"}
RESULT: {"using":"xpath","value":"//*[@id=\"application-managepartners-display-component---NewPartner--ObjectPageLayout-anchBar-__section5-anchor\"]"}
COMMAND: POST /session/3ad3ed370b5892314835873e8b06bae6/element/f.66C564F48E23224A49CD761FFC4FB84D.d.35E730E1588C98B647D90A67C4CF70A0.e.12103/click - {}
RESULT: {}
COMMAND: GET /session/3ad3ed370b5892314835873e8b06bae6/screenshot - {}
RESULT: {}
COMMAND: POST /session/3ad3ed370b5892314835873e8b06bae6/execute/async - {"script":"<script> [1562 bytes]","args":[{"selector":{"id":"application-managepartners-display-component---NewPartner--btnAddTableRow-img"},"wdio_ui5_key":"applicationmanagepartners-display-component---NewPartner--btnAddTableRow-img"}]}
RESULT: {"script":"<script> [1562 bytes]","args":[{"selector":{"id":"application-managepartners-display-component---NewPartner--btnAddTableRow-img"},"wdio_ui5_key":"applicationmanagepartners-display-component---NewPartner--btnAddTableRow-img"}]}
RESULT: undefined
COMMAND: POST /session/3ad3ed370b5892314835873e8b06bae6/element - {"using":"xpath","value":"//*[@id=\"application-managepartners-display-component---NewPartner--btnAddTableRow-img\"]"}
RESULT: {"using":"xpath","value":"//*[@id=\"application-managepartners-display-component---NewPartner--btnAddTableRow-img\"]"}
COMMAND: POST /session/3ad3ed370b5892314835873e8b06bae6/element/f.66C564F48E23224A49CD761FFC4FB84D.d.35E730E1588C98B647D90A67C4CF70A0.e.12109/click - {}
RESULT: {}
COMMAND: POST /session/3ad3ed370b5892314835873e8b06bae6/element - {"using":"xpath","value":"//input[contains(@id ,\"application-managepartners-display-component---NewPartner--assignmentYard-application-managepartners-display-component---NewPartner\")]"}
COMMAND: GET /session/3ad3ed370b5892314835873e8b06bae6/screenshot - {}
RESULT: {"using":"xpath","value":"//input[contains(@id ,\"application-managepartners-display-component---NewPartner--assignmentYard-application-managepartners-display-component---NewPartner\")]"}
COMMAND: POST /session/3ad3ed370b5892314835873e8b06bae6/element/f.66C564F48E23224A49CD761FFC4FB84D.d.35E730E1588C98B647D90A67C4CF70A0.e.12112/clear - {}
RESULT: {}
RESULT: {}
COMMAND: POST /session/3ad3ed370b5892314835873e8b06bae6/element/f.66C564F48E23224A49CD761FFC4FB84D.d.35E730E1588C98B647D90A67C4CF70A0.e.12112/value - {"text":"WebdriverYardzwtry"}
COMMAND: GET /session/3ad3ed370b5892314835873e8b06bae6/screenshot - {}
RESULT: {"text":"WebdriverYardzwtry"}
COMMAND: GET /session/3ad3ed370b5892314835873e8b06bae6/screenshot - {}
RESULT: {}
RESULT: {}
COMMAND: POST /session/3ad3ed370b5892314835873e8b06bae6/execute/async - {"script":"<script> [1562 bytes]","args":[{"selector":{"controlType":"sap.m.Button","viewName":"etm.portal.ui.managepartners.view.NewPartner","viewId":"application-managepartners-display-component---NewPartner","i18NText":{"propertyName":"text","key":"save"},"interaction":{"idSuffix":"BDI-content"}},"wdio_ui5_key":"etmportal.ui.managepartners.view.NewPartnersap.m.Button{\"propertyName\":\"text\",\"key\":\"save\"}"}]}
RESULT: {"script":"<script> [1562 bytes]","args":[{"selector":{"controlType":"sap.m.Button","viewName":"etm.portal.ui.managepartners.view.NewPartner","viewId":"application-managepartners-display-component---NewPartner","i18NText":{"propertyName":"text","key":"save"},"interaction":{"idSuffix":"BDI-content"}},"wdio_ui5_key":"etmportal.ui.managepartners.view.NewPartnersap.m.Button{\"propertyName\":\"text\",\"key\":\"save\"}"}]}
RESULT: undefined
COMMAND: POST /session/3ad3ed370b5892314835873e8b06bae6/element - {"using":"xpath","value":"//*[@id=\"__button12\"]"}
RESULT: {"using":"xpath","value":"//*[@id=\"__button12\"]"}
COMMAND: POST /session/3ad3ed370b5892314835873e8b06bae6/element/f.66C564F48E23224A49CD761FFC4FB84D.d.35E730E1588C98B647D90A67C4CF70A0.e.12043/click - {}
RESULT: {}
COMMAND: GET /session/3ad3ed370b5892314835873e8b06bae6/screenshot - {}
RESULT: {}
COMMAND: POST /session/3ad3ed370b5892314835873e8b06bae6/element - {"using":"xpath","value":"//header/div/div[2]/div[2]/span"}
RESULT: {"using":"xpath","value":"//header/div/div[2]/div[2]/span"}
COMMAND: GET /session/3ad3ed370b5892314835873e8b06bae6/element/f.66C564F48E23224A49CD761FFC4FB84D.d.35E730E1588C98B647D90A67C4CF70A0.e.12282/text - {}
RESULT: {}
COMMAND: POST /session/3ad3ed370b5892314835873e8b06bae6/element - {"using":"xpath","value":"//header/div/div/div/div/div/div[2]/div/span"}
RESULT: {"using":"xpath","value":"//header/div/div/div/div/div/div[2]/div/span"}
COMMAND: GET /session/3ad3ed370b5892314835873e8b06bae6/element/f.66C564F48E23224A49CD761FFC4FB84D.d.35E730E1588C98B647D90A67C4CF70A0.e.12283/text - {}
RESULT: {}
COMMAND: POST /session/3ad3ed370b5892314835873e8b06bae6/execute/async - {"script":"<script> [1562 bytes]","args":[{"selector":{"id":"application-managepartners-display-component---detailPtm--partnerType"},"wdio_ui5_key":"applicationmanagepartners-display-component---detailPtm--partnerType"}]}
RESULT: {"script":"<script> [1562 bytes]","args":[{"selector":{"id":"application-managepartners-display-component---detailPtm--partnerType"},"wdio_ui5_key":"applicationmanagepartners-display-component---detailPtm--partnerType"}]}
RESULT: undefined
COMMAND: POST /session/3ad3ed370b5892314835873e8b06bae6/execute/async - {"script":"<script> [6424 bytes]","args":[{"element-6066-11e4-a52e-4f735466cecf":"f.66C564F48E23224A49CD761FFC4FB84D.d.35E730E1588C98B647D90A67C4CF70A0.e.12284"},"getText",[]]}
RESULT: {"script":"<script> [6424 bytes]","args":[{"element-6066-11e4-a52e-4f735466cecf":"f.66C564F48E23224A49CD761FFC4FB84D.d.35E730E1588C98B647D90A67C4CF70A0.e.12284"},"getText",[]]}
COMMAND: POST /session/3ad3ed370b5892314835873e8b06bae6/element - {"using":"css selector","value":"#shell-header-logo"}
RESULT: {"using":"css selector","value":"#shell-header-logo"}
COMMAND: POST /session/3ad3ed370b5892314835873e8b06bae6/element/f.66C564F48E23224A49CD761FFC4FB84D.d.35E730E1588C98B647D90A67C4CF70A0.e.11636/click - {}
RESULT: {}
COMMAND: GET /session/3ad3ed370b5892314835873e8b06bae6/screenshot - {}
RESULT: {}
COMMAND: POST /session/3ad3ed370b5892314835873e8b06bae6/execute/async - {"script":"<script> [1562 bytes]","args":[{"selector":{"controlType":"sap.m.GenericTile","properties":{"header":"Manage Sites"}},"wdio_ui5_key":"sapm.GenericTile{\"header\":\"Manage Sites\"}"}]}
RESULT: {"script":"<script> [1562 bytes]","args":[{"selector":{"controlType":"sap.m.GenericTile","properties":{"header":"Manage Sites"}},"wdio_ui5_key":"sapm.GenericTile{\"header\":\"Manage Sites\"}"}]}
RESULT: undefined
COMMAND: POST /session/3ad3ed370b5892314835873e8b06bae6/element - {"using":"xpath","value":"//*[@id=\"__tile40\"]"}
RESULT: {"using":"xpath","value":"//*[@id=\"__tile40\"]"}
COMMAND: POST /session/3ad3ed370b5892314835873e8b06bae6/element/f.66C564F48E23224A49CD761FFC4FB84D.d.35E730E1588C98B647D90A67C4CF70A0.e.12286/click - {}
RESULT: {}
COMMAND: GET /session/3ad3ed370b5892314835873e8b06bae6/screenshot - {}
RESULT: {}
COMMAND: POST /session/3ad3ed370b5892314835873e8b06bae6/elements - {"using":"xpath","value":"//span[text()='Error']"}
RESULT: {"using":"xpath","value":"//span[text()='Error']"}
COMMAND: POST /session/3ad3ed370b5892314835873e8b06bae6/execute/async - {"script":"<script> [1562 bytes]","args":[{"selector":{"controlType":"sap.ui.core.Icon","viewName":"etm.portal.ui.managesites.view.Master","viewId":"application-managesites-display-component---masterSite","properties":{"src":{"regex":{"source":"add"}}}},"wdio_ui5_key":"etmportal.ui.managesites.view.Mastersap.ui.core.Icon{\"src\":{\"regex\":{\"source\":\"add\"}}}"}]}
RESULT: {"script":"<script> [1562 bytes]","args":[{"selector":{"controlType":"sap.ui.core.Icon","viewName":"etm.portal.ui.managesites.view.Master","viewId":"application-managesites-display-component---masterSite","properties":{"src":{"regex":{"source":"add"}}}},"wdio_ui5_key":"etmportal.ui.managesites.view.Mastersap.ui.core.Icon{\"src\":{\"regex\":{\"source\":\"add\"}}}"}]}
RESULT: undefined
COMMAND: POST /session/3ad3ed370b5892314835873e8b06bae6/element - {"using":"xpath","value":"//*[@id=\"__button52-img\"]"}
RESULT: {"using":"xpath","value":"//*[@id=\"__button52-img\"]"}
COMMAND: POST /session/3ad3ed370b5892314835873e8b06bae6/element/f.66C564F48E23224A49CD761FFC4FB84D.d.35E730E1588C98B647D90A67C4CF70A0.e.12336/click - {}
RESULT: {}
COMMAND: POST /session/3ad3ed370b5892314835873e8b06bae6/execute/async - {"script":"<script> [1562 bytes]","args":[{"selector":{"id":"application-managesites-display-component---NewSite--siteId","interaction":{"idSuffix":"inner"}},"wdio_ui5_key":"applicationmanagesites-display-component---NewSite--siteId"}]}
COMMAND: GET /session/3ad3ed370b5892314835873e8b06bae6/screenshot - {}
RESULT: {"script":"<script> [1562 bytes]","args":[{"selector":{"id":"application-managesites-display-component---NewSite--siteId","interaction":{"idSuffix":"inner"}},"wdio_ui5_key":"applicationmanagesites-display-component---NewSite--siteId"}]}
RESULT: undefined
COMMAND: POST /session/3ad3ed370b5892314835873e8b06bae6/execute/async - {"script":"<script> [1562 bytes]","args":[{"selector":{"id":"application-managesites-display-component---NewSite--addressDetailDetailsName1","interaction":{"idSuffix":"inner"}},"wdio_ui5_key":"applicationmanagesites-display-component---NewSite--addressDetailDetailsName1"}]}
RESULT: {}
RESULT: {"script":"<script> [1562 bytes]","args":[{"selector":{"id":"application-managesites-display-component---NewSite--addressDetailDetailsName1","interaction":{"idSuffix":"inner"}},"wdio_ui5_key":"applicationmanagesites-display-component---NewSite--addressDetailDetailsName1"}]}
RESULT: undefined
COMMAND: POST /session/3ad3ed370b5892314835873e8b06bae6/execute/async - {"script":"<script> [776 bytes]","args":[{"enterText":"WebdriverSitewotfy","selector":{"id":"application-managesites-display-component---NewSite--addressDetailDetailsName1","interaction":{"idSuffix":"inner"}},"clearTextFirst":true,"interactionType":"ENTER_TEXT"}]}
RESULT: {"script":"<script> [776 bytes]","args":[{"enterText":"WebdriverSitewotfy","selector":{"id":"application-managesites-display-component---NewSite--addressDetailDetailsName1","interaction":{"idSuffix":"inner"}},"clearTextFirst":true,"interactionType":"ENTER_TEXT"}]}
COMMAND: POST /session/3ad3ed370b5892314835873e8b06bae6/execute/async - {"script":"<script> [1562 bytes]","args":[{"selector":{"id":"application-managesites-display-component---NewSite--addressDetailDetailsLanguage","interaction":{"idSuffix":"inner"}},"wdio_ui5_key":"applicationmanagesites-display-component---NewSite--addressDetailDetailsLanguage"}]}
RESULT: {"script":"<script> [1562 bytes]","args":[{"selector":{"id":"application-managesites-display-component---NewSite--addressDetailDetailsLanguage","interaction":{"idSuffix":"inner"}},"wdio_ui5_key":"applicationmanagesites-display-component---NewSite--addressDetailDetailsLanguage"}]}
RESULT: undefined
COMMAND: POST /session/3ad3ed370b5892314835873e8b06bae6/execute/async - {"script":"<script> [776 bytes]","args":[{"enterText":"Romanian","selector":{"id":"application-managesites-display-component---NewSite--addressDetailDetailsLanguage","interaction":{"idSuffix":"inner"}},"clearTextFirst":true,"interactionType":"ENTER_TEXT"}]}
RESULT: {"script":"<script> [776 bytes]","args":[{"enterText":"Romanian","selector":{"id":"application-managesites-display-component---NewSite--addressDetailDetailsLanguage","interaction":{"idSuffix":"inner"}},"clearTextFirst":true,"interactionType":"ENTER_TEXT"}]}
COMMAND: POST /session/3ad3ed370b5892314835873e8b06bae6/execute/async - {"script":"<script> [1562 bytes]","args":[{"selector":{"id":"application-managesites-display-component---NewSite--addressDetailDetailsCity1","interaction":{"idSuffix":"inner"}},"wdio_ui5_key":"applicationmanagesites-display-component---NewSite--addressDetailDetailsCity1"}]}
RESULT: {"script":"<script> [1562 bytes]","args":[{"selector":{"id":"application-managesites-display-component---NewSite--addressDetailDetailsCity1","interaction":{"idSuffix":"inner"}},"wdio_ui5_key":"applicationmanagesites-display-component---NewSite--addressDetailDetailsCity1"}]}
RESULT: undefined
COMMAND: POST /session/3ad3ed370b5892314835873e8b06bae6/execute/async - {"script":"<script> [776 bytes]","args":[{"enterText":"Bucharest","selector":{"id":"application-managesites-display-component---NewSite--addressDetailDetailsCity1","interaction":{"idSuffix":"inner"}},"clearTextFirst":true,"interactionType":"ENTER_TEXT"}]}
RESULT: {"script":"<script> [776 bytes]","args":[{"enterText":"Bucharest","selector":{"id":"application-managesites-display-component---NewSite--addressDetailDetailsCity1","interaction":{"idSuffix":"inner"}},"clearTextFirst":true,"interactionType":"ENTER_TEXT"}]}
COMMAND: POST /session/3ad3ed370b5892314835873e8b06bae6/execute/async - {"script":"<script> [1562 bytes]","args":[{"selector":{"id":"application-managesites-display-component---NewSite--addressDetailDetailsCountry","interaction":{"idSuffix":"inner"}},"wdio_ui5_key":"applicationmanagesites-display-component---NewSite--addressDetailDetailsCountry"}]}
RESULT: {"script":"<script> [1562 bytes]","args":[{"selector":{"id":"application-managesites-display-component---NewSite--addressDetailDetailsCountry","interaction":{"idSuffix":"inner"}},"wdio_ui5_key":"applicationmanagesites-display-component---NewSite--addressDetailDetailsCountry"}]}
RESULT: undefined
COMMAND: POST /session/3ad3ed370b5892314835873e8b06bae6/execute/async - {"script":"<script> [776 bytes]","args":[{"enterText":"Romania","selector":{"id":"application-managesites-display-component---NewSite--addressDetailDetailsCountry","interaction":{"idSuffix":"inner"}},"clearTextFirst":true,"interactionType":"ENTER_TEXT"}]}
RESULT: {"script":"<script> [776 bytes]","args":[{"enterText":"Romania","selector":{"id":"application-managesites-display-component---NewSite--addressDetailDetailsCountry","interaction":{"idSuffix":"inner"}},"clearTextFirst":true,"interactionType":"ENTER_TEXT"}]}
COMMAND: POST /session/3ad3ed370b5892314835873e8b06bae6/element - {"using":"css selector","value":"#application-managesites-display-component---NewSite--addressDetailDetailsCalendar-inner"}
RESULT: {"using":"css selector","value":"#application-managesites-display-component---NewSite--addressDetailDetailsCalendar-inner"}
COMMAND: POST /session/3ad3ed370b5892314835873e8b06bae6/element/f.66C564F48E23224A49CD761FFC4FB84D.d.35E730E1588C98B647D90A67C4CF70A0.e.12526/clear - {}
RESULT: {}
COMMAND: POST /session/3ad3ed370b5892314835873e8b06bae6/element/f.66C564F48E23224A49CD761FFC4FB84D.d.35E730E1588C98B647D90A67C4CF70A0.e.12526/value - {"text":"Germany"}
COMMAND: GET /session/3ad3ed370b5892314835873e8b06bae6/screenshot - {}
RESULT: {"text":"Germany"}
COMMAND: POST /session/3ad3ed370b5892314835873e8b06bae6/execute/async - {"script":"<script> [1562 bytes]","args":[{"selector":{"id":"application-managesites-display-component---NewSite--addressEditDetailsCostObjectCstType-arrow"},"wdio_ui5_key":"applicationmanagesites-display-component---NewSite--addressEditDetailsCostObjectCstType-arrow"}]}
COMMAND: GET /session/3ad3ed370b5892314835873e8b06bae6/screenshot - {}
RESULT: {}
RESULT: {"script":"<script> [1562 bytes]","args":[{"selector":{"id":"application-managesites-display-component---NewSite--addressEditDetailsCostObjectCstType-arrow"},"wdio_ui5_key":"applicationmanagesites-display-component---NewSite--addressEditDetailsCostObjectCstType-arrow"}]}
RESULT: undefined
COMMAND: POST /session/3ad3ed370b5892314835873e8b06bae6/element - {"using":"xpath","value":"//*[@id=\"application-managesites-display-component---NewSite--addressEditDetailsCostObjectCstType-arrow\"]"}
RESULT: {}
RESULT: {"using":"xpath","value":"//*[@id=\"application-managesites-display-component---NewSite--addressEditDetailsCostObjectCstType-arrow\"]"}
COMMAND: POST /session/3ad3ed370b5892314835873e8b06bae6/element/f.66C564F48E23224A49CD761FFC4FB84D.d.35E730E1588C98B647D90A67C4CF70A0.e.12723/click - {}
RESULT: {}
COMMAND: POST /session/3ad3ed370b5892314835873e8b06bae6/element - {"using":"xpath","value":"//span[contains(text(), \"Work Breakdown Structure\")]"}
COMMAND: GET /session/3ad3ed370b5892314835873e8b06bae6/screenshot - {}
RESULT: {"using":"xpath","value":"//span[contains(text(), \"Work Breakdown Structure\")]"}
COMMAND: POST /session/3ad3ed370b5892314835873e8b06bae6/element/f.66C564F48E23224A49CD761FFC4FB84D.d.35E730E1588C98B647D90A67C4CF70A0.e.12725/click - {}
RESULT: {}
RESULT: {}
COMMAND: GET /session/3ad3ed370b5892314835873e8b06bae6/screenshot - {}
RESULT: {}
COMMAND: POST /session/3ad3ed370b5892314835873e8b06bae6/execute/async - {"script":"<script> [1562 bytes]","args":[{"selector":{"id":"application-managesites-display-component---NewSite--addressNewCostObjectCstID-vhi"},"wdio_ui5_key":"applicationmanagesites-display-component---NewSite--addressNewCostObjectCstID-vhi"}]}
RESULT: {"script":"<script> [1562 bytes]","args":[{"selector":{"id":"application-managesites-display-component---NewSite--addressNewCostObjectCstID-vhi"},"wdio_ui5_key":"applicationmanagesites-display-component---NewSite--addressNewCostObjectCstID-vhi"}]}
RESULT: undefined
COMMAND: POST /session/3ad3ed370b5892314835873e8b06bae6/element - {"using":"xpath","value":"//*[@id=\"application-managesites-display-component---NewSite--addressNewCostObjectCstID-vhi\"]"}
RESULT: {"using":"xpath","value":"//*[@id=\"application-managesites-display-component---NewSite--addressNewCostObjectCstID-vhi\"]"}
COMMAND: POST /session/3ad3ed370b5892314835873e8b06bae6/element/f.66C564F48E23224A49CD761FFC4FB84D.d.35E730E1588C98B647D90A67C4CF70A0.e.12729/click - {}
RESULT: {}
COMMAND: GET /session/3ad3ed370b5892314835873e8b06bae6/screenshot - {}
RESULT: {}
COMMAND: POST /session/3ad3ed370b5892314835873e8b06bae6/execute/async - {"script":"<script> [1562 bytes]","args":[{"selector":{"controlType":"sap.m.SearchField","properties":{"placeholder":"Search"},"searchOpenDialogs":true,"interaction":{"idSuffix":"I"}},"wdio_ui5_key":"sapm.SearchField{\"placeholder\":\"Search\"}"}]}
RESULT: {"script":"<script> [1562 bytes]","args":[{"selector":{"controlType":"sap.m.SearchField","properties":{"placeholder":"Search"},"searchOpenDialogs":true,"interaction":{"idSuffix":"I"}},"wdio_ui5_key":"sapm.SearchField{\"placeholder\":\"Search\"}"}]}
RESULT: undefined
COMMAND: POST /session/3ad3ed370b5892314835873e8b06bae6/execute/async - {"script":"<script> [776 bytes]","args":[{"enterText":"A1-000100-01","selector":{"controlType":"sap.m.SearchField","properties":{"placeholder":"Search"},"searchOpenDialogs":true,"interaction":{"idSuffix":"I"}},"clearTextFirst":true,"interactionType":"ENTER_TEXT"}]}
RESULT: {"script":"<script> [776 bytes]","args":[{"enterText":"A1-000100-01","selector":{"controlType":"sap.m.SearchField","properties":{"placeholder":"Search"},"searchOpenDialogs":true,"interaction":{"idSuffix":"I"}},"clearTextFirst":true,"interactionType":"ENTER_TEXT"}]}
COMMAND: POST /session/3ad3ed370b5892314835873e8b06bae6/actions - {"actions":[{"id":"action67","type":"key","parameters":{},"actions":[{"type":"keyDown","value":""},{"type":"pause","duration":10},{"type":"keyUp","value":""}]}]}
RESULT: {"actions":[{"id":"action67","type":"key","parameters":{},"actions":[{"type":"keyDown","value":""},{"type":"pause","duration":10},{"type":"keyUp","value":""}]}]}
COMMAND: GET /session/3ad3ed370b5892314835873e8b06bae6/screenshot - {}
RESULT: {}
COMMAND: POST /session/3ad3ed370b5892314835873e8b06bae6/element - {"using":"xpath","value":"//span[contains(text(), \"Template for ETO-Process\")]"}
RESULT: {"using":"xpath","value":"//span[contains(text(), \"Template for ETO-Process\")]"}
COMMAND: POST /session/3ad3ed370b5892314835873e8b06bae6/element/f.66C564F48E23224A49CD761FFC4FB84D.d.35E730E1588C98B647D90A67C4CF70A0.e.12749/click - {}
RESULT: {}
COMMAND: GET /session/3ad3ed370b5892314835873e8b06bae6/screenshot - {}
RESULT: {}
COMMAND: POST /session/3ad3ed370b5892314835873e8b06bae6/element - {"using":"xpath","value":"//bdi[contains(text(), \"OK\")]"}
RESULT: {"using":"xpath","value":"//bdi[contains(text(), \"OK\")]"}
COMMAND: POST /session/3ad3ed370b5892314835873e8b06bae6/element/f.66C564F48E23224A49CD761FFC4FB84D.d.35E730E1588C98B647D90A67C4CF70A0.e.12750/click - {}
RESULT: {}
COMMAND: GET /session/3ad3ed370b5892314835873e8b06bae6/screenshot - {}
RESULT: {}
COMMAND: POST /session/3ad3ed370b5892314835873e8b06bae6/element - {"using":"xpath","value":"//input[@id=\"application-managesites-display-component---NewSite--addressDetailDetailsYard-inner\"]"}
RESULT: {"using":"xpath","value":"//input[@id=\"application-managesites-display-component---NewSite--addressDetailDetailsYard-inner\"]"}
COMMAND: POST /session/3ad3ed370b5892314835873e8b06bae6/element/f.66C564F48E23224A49CD761FFC4FB84D.d.35E730E1588C98B647D90A67C4CF70A0.e.12527/value - {"text":"WebdriverYardzwtry"}
RESULT: {"text":"WebdriverYardzwtry"}
COMMAND: GET /session/3ad3ed370b5892314835873e8b06bae6/screenshot - {}
RESULT: {}
COMMAND: POST /session/3ad3ed370b5892314835873e8b06bae6/actions - {"actions":[{"id":"action68","type":"key","parameters":{},"actions":[{"type":"keyDown","value":""},{"type":"pause","duration":10},{"type":"keyUp","value":""}]}]}
RESULT: {"actions":[{"id":"action68","type":"key","parameters":{},"actions":[{"type":"keyDown","value":""},{"type":"pause","duration":10},{"type":"keyUp","value":""}]}]}
COMMAND: GET /session/3ad3ed370b5892314835873e8b06bae6/screenshot - {}
RESULT: {}
COMMAND: POST /session/3ad3ed370b5892314835873e8b06bae6/element - {"using":"xpath","value":"//input[@id=\"application-managesites-display-component---NewSite--addressDetailDetailsPartner-inner\"]"}
RESULT: {"using":"xpath","value":"//input[@id=\"application-managesites-display-component---NewSite--addressDetailDetailsPartner-inner\"]"}
COMMAND: POST /session/3ad3ed370b5892314835873e8b06bae6/elements - {"using":"xpath","value":"//input[@id=\"application-managesites-display-component---NewSite--addressDetailDetailsPartner-inner\"]"}
RESULT: {"using":"xpath","value":"//input[@id=\"application-managesites-display-component---NewSite--addressDetailDetailsPartner-inner\"]"}
COMMAND: POST /session/3ad3ed370b5892314835873e8b06bae6/execute/async - {"script":"<script> [1562 bytes]","args":[{"selector":{"controlType":"sap.m.Button","viewName":"etm.portal.ui.managesites.view.NewSmartSite","viewId":"application-managesites-display-component---NewSite","properties":{"text":"Commercial"},"interaction":{"idSuffix":"BDI-content"}},"wdio_ui5_key":"etmportal.ui.managesites.view.NewSmartSitesap.m.Button{\"text\":\"Commercial\"}"}]}
RESULT: {"script":"<script> [1562 bytes]","args":[{"selector":{"controlType":"sap.m.Button","viewName":"etm.portal.ui.managesites.view.NewSmartSite","viewId":"application-managesites-display-component---NewSite","properties":{"text":"Commercial"},"interaction":{"idSuffix":"BDI-content"}},"wdio_ui5_key":"etmportal.ui.managesites.view.NewSmartSitesap.m.Button{\"text\":\"Commercial\"}"}]}
RESULT: undefined
COMMAND: POST /session/3ad3ed370b5892314835873e8b06bae6/element - {"using":"xpath","value":"//*[@id=\"application-managesites-display-component---NewSite--ObjectPageLayout-anchBar-__section31-anchor\"]"}
RESULT: {"using":"xpath","value":"//*[@id=\"application-managesites-display-component---NewSite--ObjectPageLayout-anchBar-__section31-anchor\"]"}
COMMAND: POST /session/3ad3ed370b5892314835873e8b06bae6/element/f.66C564F48E23224A49CD761FFC4FB84D.d.35E730E1588C98B647D90A67C4CF70A0.e.12757/click - {}
RESULT: {}
COMMAND: POST /session/3ad3ed370b5892314835873e8b06bae6/execute/async - {"script":"<script> [1562 bytes]","args":[{"selector":{"controlType":"sap.m.Button","viewName":"etm.portal.ui.managesites.view.NewSmartSite","viewId":"application-managesites-display-component---NewSite","i18NText":{"propertyName":"text","key":"save"},"interaction":{"idSuffix":"BDI-content"}},"wdio_ui5_key":"etmportal.ui.managesites.view.NewSmartSitesap.m.Button{\"propertyName\":\"text\",\"key\":\"save\"}"}]}
COMMAND: GET /session/3ad3ed370b5892314835873e8b06bae6/screenshot - {}
RESULT: {"script":"<script> [1562 bytes]","args":[{"selector":{"controlType":"sap.m.Button","viewName":"etm.portal.ui.managesites.view.NewSmartSite","viewId":"application-managesites-display-component---NewSite","i18NText":{"propertyName":"text","key":"save"},"interaction":{"idSuffix":"BDI-content"}},"wdio_ui5_key":"etmportal.ui.managesites.view.NewSmartSitesap.m.Button{\"propertyName\":\"text\",\"key\":\"save\"}"}]}
RESULT: undefined
COMMAND: POST /session/3ad3ed370b5892314835873e8b06bae6/element - {"using":"xpath","value":"//*[@id=\"__button64\"]"}
RESULT: {}
RESULT: {"using":"xpath","value":"//*[@id=\"__button64\"]"}
COMMAND: POST /session/3ad3ed370b5892314835873e8b06bae6/element/f.66C564F48E23224A49CD761FFC4FB84D.d.35E730E1588C98B647D90A67C4CF70A0.e.12703/click - {}
RESULT: {}
COMMAND: GET /session/3ad3ed370b5892314835873e8b06bae6/screenshot - {}
RESULT: {}
COMMAND: POST /session/3ad3ed370b5892314835873e8b06bae6/execute/async - {"script":"<script> [1562 bytes]","args":[{"selector":{"id":"application-managesites-display-component---detailSite--addressDetailDetailsYardText"},"wdio_ui5_key":"applicationmanagesites-display-component---detailSite--addressDetailDetailsYardText"}]}
RESULT: {"script":"<script> [1562 bytes]","args":[{"selector":{"id":"application-managesites-display-component---detailSite--addressDetailDetailsYardText"},"wdio_ui5_key":"applicationmanagesites-display-component---detailSite--addressDetailDetailsYardText"}]}
RESULT: undefined
COMMAND: POST /session/3ad3ed370b5892314835873e8b06bae6/element - {"using":"xpath","value":"//header/div/div[2]/div[2]/span"}
RESULT: {"using":"xpath","value":"//header/div/div[2]/div[2]/span"}
COMMAND: GET /session/3ad3ed370b5892314835873e8b06bae6/element/f.66C564F48E23224A49CD761FFC4FB84D.d.35E730E1588C98B647D90A67C4CF70A0.e.12959/text - {}
RESULT: {}
COMMAND: POST /session/3ad3ed370b5892314835873e8b06bae6/element - {"using":"xpath","value":"//header/div/div/div/div/div/div[2]/div/span"}
RESULT: {"using":"xpath","value":"//header/div/div/div/div/div/div[2]/div/span"}
COMMAND: GET /session/3ad3ed370b5892314835873e8b06bae6/element/f.66C564F48E23224A49CD761FFC4FB84D.d.35E730E1588C98B647D90A67C4CF70A0.e.12960/text - {}
RESULT: {}
COMMAND: POST /session/3ad3ed370b5892314835873e8b06bae6/element - {"using":"css selector","value":"#shell-header-logo"}
RESULT: {"using":"css selector","value":"#shell-header-logo"}
COMMAND: POST /session/3ad3ed370b5892314835873e8b06bae6/element/f.66C564F48E23224A49CD761FFC4FB84D.d.35E730E1588C98B647D90A67C4CF70A0.e.12289/click - {}
RESULT: {}
COMMAND: GET /session/3ad3ed370b5892314835873e8b06bae6/screenshot - {}
RESULT: {}
]]></system-out>
    </testcase>
    <testcase classname="chrome.136_0_7103_93.windows.E2E_-_Logistical_and_commercial_statuses" name="It should stock increase the resource" time="242.391">
      <system-out><![CDATA[
COMMAND: POST /session/3ad3ed370b5892314835873e8b06bae6/execute/async - {"script":"<script> [1562 bytes]","args":[{"selector":{"controlType":"sap.m.GenericTile","properties":{"header":"Manage Resources"}},"wdio_ui5_key":"sapm.GenericTile{\"header\":\"Manage Resources\"}"}]}
RESULT: {"script":"<script> [1562 bytes]","args":[{"selector":{"controlType":"sap.m.GenericTile","properties":{"header":"Manage Resources"}},"wdio_ui5_key":"sapm.GenericTile{\"header\":\"Manage Resources\"}"}]}
RESULT: undefined
COMMAND: POST /session/3ad3ed370b5892314835873e8b06bae6/element - {"using":"xpath","value":"//*[@id=\"__tile39\"]"}
RESULT: {"using":"xpath","value":"//*[@id=\"__tile39\"]"}
COMMAND: POST /session/3ad3ed370b5892314835873e8b06bae6/element/f.66C564F48E23224A49CD761FFC4FB84D.d.35E730E1588C98B647D90A67C4CF70A0.e.12962/click - {}
RESULT: {}
COMMAND: GET /session/3ad3ed370b5892314835873e8b06bae6/screenshot - {}
RESULT: {}
COMMAND: POST /session/3ad3ed370b5892314835873e8b06bae6/elements - {"using":"xpath","value":"//span[text()='Error']"}
RESULT: {"using":"xpath","value":"//span[text()='Error']"}
COMMAND: POST /session/3ad3ed370b5892314835873e8b06bae6/element - {"using":"xpath","value":"//button[@data-kt=\"addNewRUOverflowToolbarButton\"]"}
RESULT: {"using":"xpath","value":"//button[@data-kt=\"addNewRUOverflowToolbarButton\"]"}
COMMAND: POST /session/3ad3ed370b5892314835873e8b06bae6/execute/sync - {"script":"<script> [8489 bytes]","args":[{"element-6066-11e4-a52e-4f735466cecf":"f.66C564F48E23224A49CD761FFC4FB84D.d.35E730E1588C98B647D90A67C4CF70A0.e.13002","ELEMENT":"f.66C564F48E23224A49CD761FFC4FB84D.d.35E730E1588C98B647D90A67C4CF70A0.e.13002"}]}
RESULT: {"script":"<script> [8489 bytes]","args":[{"element-6066-11e4-a52e-4f735466cecf":"f.66C564F48E23224A49CD761FFC4FB84D.d.35E730E1588C98B647D90A67C4CF70A0.e.13002","ELEMENT":"f.66C564F48E23224A49CD761FFC4FB84D.d.35E730E1588C98B647D90A67C4CF70A0.e.13002"}]}
COMMAND: POST /session/3ad3ed370b5892314835873e8b06bae6/element/f.66C564F48E23224A49CD761FFC4FB84D.d.35E730E1588C98B647D90A67C4CF70A0.e.13002/click - {}
COMMAND: GET /session/3ad3ed370b5892314835873e8b06bae6/screenshot - {}
RESULT: {}
COMMAND: POST /session/3ad3ed370b5892314835873e8b06bae6/execute/async - {"script":"<script> [1562 bytes]","args":[{"selector":{"id":"application-manageresources-display-component---newResourceUnit--TYPE-arrow"},"wdio_ui5_key":"applicationmanageresources-display-component---newResourceUnit--TYPE-arrow"}]}
COMMAND: GET /session/3ad3ed370b5892314835873e8b06bae6/screenshot - {}
RESULT: {}
RESULT: {"script":"<script> [1562 bytes]","args":[{"selector":{"id":"application-manageresources-display-component---newResourceUnit--TYPE-arrow"},"wdio_ui5_key":"applicationmanageresources-display-component---newResourceUnit--TYPE-arrow"}]}
RESULT: undefined
COMMAND: POST /session/3ad3ed370b5892314835873e8b06bae6/element - {"using":"xpath","value":"//*[@id=\"application-manageresources-display-component---newResourceUnit--TYPE-arrow\"]"}
RESULT: {}
RESULT: {"using":"xpath","value":"//*[@id=\"application-manageresources-display-component---newResourceUnit--TYPE-arrow\"]"}
COMMAND: POST /session/3ad3ed370b5892314835873e8b06bae6/element/f.66C564F48E23224A49CD761FFC4FB84D.d.35E730E1588C98B647D90A67C4CF70A0.e.13320/click - {}
RESULT: {}
COMMAND: POST /session/3ad3ed370b5892314835873e8b06bae6/execute/async - {"script":"<script> [1562 bytes]","args":[{"selector":{"controlType":"sap.m.StandardListItem","viewName":"reusables.view.manageresources.NewResourceUnit","viewId":"application-manageresources-display-component---newResourceUnit","properties":{"title":"Material"},"searchOpenDialogs":true,"interaction":{"idSuffix":"titleText"}},"wdio_ui5_key":"reusablesview.manageresources.NewResourceUnitsap.m.StandardListItem{\"title\":\"Material\"}"}]}
COMMAND: GET /session/3ad3ed370b5892314835873e8b06bae6/screenshot - {}
RESULT: {"script":"<script> [1562 bytes]","args":[{"selector":{"controlType":"sap.m.StandardListItem","viewName":"reusables.view.manageresources.NewResourceUnit","viewId":"application-manageresources-display-component---newResourceUnit","properties":{"title":"Material"},"searchOpenDialogs":true,"interaction":{"idSuffix":"titleText"}},"wdio_ui5_key":"reusablesview.manageresources.NewResourceUnitsap.m.StandardListItem{\"title\":\"Material\"}"}]}
RESULT: undefined
COMMAND: POST /session/3ad3ed370b5892314835873e8b06bae6/element - {"using":"xpath","value":"//*[@id=\"__item1117\"]"}
RESULT: {}
RESULT: {"using":"xpath","value":"//*[@id=\"__item1117\"]"}
COMMAND: POST /session/3ad3ed370b5892314835873e8b06bae6/element/f.66C564F48E23224A49CD761FFC4FB84D.d.35E730E1588C98B647D90A67C4CF70A0.e.13323/click - {}
RESULT: {}
COMMAND: POST /session/3ad3ed370b5892314835873e8b06bae6/execute/async - {"script":"<script> [1562 bytes]","args":[{"selector":{"id":"application-manageresources-display-component---newResourceUnit--SHORT_TEXT","interaction":{"idSuffix":"inner"}},"wdio_ui5_key":"applicationmanageresources-display-component---newResourceUnit--SHORT_TEXT"}]}
COMMAND: GET /session/3ad3ed370b5892314835873e8b06bae6/screenshot - {}
RESULT: {"script":"<script> [1562 bytes]","args":[{"selector":{"id":"application-manageresources-display-component---newResourceUnit--SHORT_TEXT","interaction":{"idSuffix":"inner"}},"wdio_ui5_key":"applicationmanageresources-display-component---newResourceUnit--SHORT_TEXT"}]}
RESULT: undefined
COMMAND: POST /session/3ad3ed370b5892314835873e8b06bae6/execute/async - {"script":"<script> [776 bytes]","args":[{"enterText":"WebdriverMatTestdk0qok","selector":{"id":"application-manageresources-display-component---newResourceUnit--SHORT_TEXT","interaction":{"idSuffix":"inner"}},"clearTextFirst":true,"interactionType":"ENTER_TEXT"}]}
RESULT: {}
RESULT: {"script":"<script> [776 bytes]","args":[{"enterText":"WebdriverMatTestdk0qok","selector":{"id":"application-manageresources-display-component---newResourceUnit--SHORT_TEXT","interaction":{"idSuffix":"inner"}},"clearTextFirst":true,"interactionType":"ENTER_TEXT"}]}
COMMAND: POST /session/3ad3ed370b5892314835873e8b06bae6/execute/async - {"script":"<script> [1562 bytes]","args":[{"selector":{"id":"application-manageresources-display-component---newResourceUnit--BASE_UNIT_OF_MEASURE-arrow"},"wdio_ui5_key":"applicationmanageresources-display-component---newResourceUnit--BASE_UNIT_OF_MEASURE-arrow"}]}
RESULT: {"script":"<script> [1562 bytes]","args":[{"selector":{"id":"application-manageresources-display-component---newResourceUnit--BASE_UNIT_OF_MEASURE-arrow"},"wdio_ui5_key":"applicationmanageresources-display-component---newResourceUnit--BASE_UNIT_OF_MEASURE-arrow"}]}
RESULT: undefined
COMMAND: POST /session/3ad3ed370b5892314835873e8b06bae6/element - {"using":"xpath","value":"//*[@id=\"application-manageresources-display-component---newResourceUnit--BASE_UNIT_OF_MEASURE-arrow\"]"}
RESULT: {"using":"xpath","value":"//*[@id=\"application-manageresources-display-component---newResourceUnit--BASE_UNIT_OF_MEASURE-arrow\"]"}
COMMAND: POST /session/3ad3ed370b5892314835873e8b06bae6/element/f.66C564F48E23224A49CD761FFC4FB84D.d.35E730E1588C98B647D90A67C4CF70A0.e.13443/click - {}
RESULT: {}
COMMAND: POST /session/3ad3ed370b5892314835873e8b06bae6/execute/async - {"script":"<script> [1562 bytes]","args":[{"selector":{"controlType":"sap.m.StandardListItem","viewName":"reusables.view.manageresources.NewResourceUnit","viewId":"application-manageresources-display-component---newResourceUnit","properties":{"title":"Piece"},"searchOpenDialogs":true,"interaction":{"idSuffix":"titleText"}},"wdio_ui5_key":"reusablesview.manageresources.NewResourceUnitsap.m.StandardListItem{\"title\":\"Piece\"}"}]}
COMMAND: GET /session/3ad3ed370b5892314835873e8b06bae6/screenshot - {}
RESULT: {"script":"<script> [1562 bytes]","args":[{"selector":{"controlType":"sap.m.StandardListItem","viewName":"reusables.view.manageresources.NewResourceUnit","viewId":"application-manageresources-display-component---newResourceUnit","properties":{"title":"Piece"},"searchOpenDialogs":true,"interaction":{"idSuffix":"titleText"}},"wdio_ui5_key":"reusablesview.manageresources.NewResourceUnitsap.m.StandardListItem{\"title\":\"Piece\"}"}]}
RESULT: undefined
COMMAND: POST /session/3ad3ed370b5892314835873e8b06bae6/element - {"using":"xpath","value":"//*[@id=\"__item1170\"]"}
RESULT: {}
RESULT: {"using":"xpath","value":"//*[@id=\"__item1170\"]"}
COMMAND: POST /session/3ad3ed370b5892314835873e8b06bae6/element/f.66C564F48E23224A49CD761FFC4FB84D.d.35E730E1588C98B647D90A67C4CF70A0.e.13445/click - {}
RESULT: {}
COMMAND: POST /session/3ad3ed370b5892314835873e8b06bae6/element - {"using":"xpath","value":"//input[contains(@id ,\"application-manageresources-display-component---newResourceUnit--SHORT_TEXT-inner\")]"}
COMMAND: GET /session/3ad3ed370b5892314835873e8b06bae6/screenshot - {}
RESULT: {"using":"xpath","value":"//input[contains(@id ,\"application-manageresources-display-component---newResourceUnit--SHORT_TEXT-inner\")]"}
COMMAND: GET /session/3ad3ed370b5892314835873e8b06bae6/element/f.66C564F48E23224A49CD761FFC4FB84D.d.35E730E1588C98B647D90A67C4CF70A0.e.13340/property/value - {}
RESULT: {}
RESULT: {}
COMMAND: POST /session/3ad3ed370b5892314835873e8b06bae6/execute/async - {"script":"<script> [1562 bytes]","args":[{"selector":{"id":"application-manageresources-display-component---newResourceUnit--WEIGHT_UNIT-arrow"},"wdio_ui5_key":"applicationmanageresources-display-component---newResourceUnit--WEIGHT_UNIT-arrow"}]}
COMMAND: GET /session/3ad3ed370b5892314835873e8b06bae6/screenshot - {}
RESULT: {"script":"<script> [1562 bytes]","args":[{"selector":{"id":"application-manageresources-display-component---newResourceUnit--WEIGHT_UNIT-arrow"},"wdio_ui5_key":"applicationmanageresources-display-component---newResourceUnit--WEIGHT_UNIT-arrow"}]}
RESULT: undefined
COMMAND: POST /session/3ad3ed370b5892314835873e8b06bae6/element - {"using":"xpath","value":"//*[@id=\"application-manageresources-display-component---newResourceUnit--WEIGHT_UNIT-arrow\"]"}
RESULT: {}
RESULT: {"using":"xpath","value":"//*[@id=\"application-manageresources-display-component---newResourceUnit--WEIGHT_UNIT-arrow\"]"}
COMMAND: POST /session/3ad3ed370b5892314835873e8b06bae6/element/f.66C564F48E23224A49CD761FFC4FB84D.d.35E730E1588C98B647D90A67C4CF70A0.e.13446/click - {}
RESULT: {}
COMMAND: POST /session/3ad3ed370b5892314835873e8b06bae6/execute/async - {"script":"<script> [1562 bytes]","args":[{"selector":{"controlType":"sap.m.StandardListItem","viewName":"reusables.view.manageresources.NewResourceUnit","viewId":"application-manageresources-display-component---newResourceUnit","properties":{"title":"Gram"},"searchOpenDialogs":true,"interaction":{"idSuffix":"content"}},"wdio_ui5_key":"reusablesview.manageresources.NewResourceUnitsap.m.StandardListItem{\"title\":\"Gram\"}"}]}
COMMAND: GET /session/3ad3ed370b5892314835873e8b06bae6/screenshot - {}
RESULT: {"script":"<script> [1562 bytes]","args":[{"selector":{"controlType":"sap.m.StandardListItem","viewName":"reusables.view.manageresources.NewResourceUnit","viewId":"application-manageresources-display-component---newResourceUnit","properties":{"title":"Gram"},"searchOpenDialogs":true,"interaction":{"idSuffix":"content"}},"wdio_ui5_key":"reusablesview.manageresources.NewResourceUnitsap.m.StandardListItem{\"title\":\"Gram\"}"}]}
RESULT: undefined
COMMAND: POST /session/3ad3ed370b5892314835873e8b06bae6/element - {"using":"xpath","value":"//*[@id=\"__item1235\"]"}
RESULT: {}
RESULT: {"using":"xpath","value":"//*[@id=\"__item1235\"]"}
COMMAND: POST /session/3ad3ed370b5892314835873e8b06bae6/element/f.66C564F48E23224A49CD761FFC4FB84D.d.35E730E1588C98B647D90A67C4CF70A0.e.13448/click - {}
RESULT: {}
COMMAND: POST /session/3ad3ed370b5892314835873e8b06bae6/execute/async - {"script":"<script> [1562 bytes]","args":[{"selector":{"id":"application-manageresources-display-component---newResourceUnit--newRRUPage-OPHeaderContent-collapseBtn-img"},"wdio_ui5_key":"applicationmanageresources-display-component---newResourceUnit--newRRUPage-OPHeaderContent-collapseBtn-img"}]}
COMMAND: GET /session/3ad3ed370b5892314835873e8b06bae6/screenshot - {}
RESULT: {"script":"<script> [1562 bytes]","args":[{"selector":{"id":"application-manageresources-display-component---newResourceUnit--newRRUPage-OPHeaderContent-collapseBtn-img"},"wdio_ui5_key":"applicationmanageresources-display-component---newResourceUnit--newRRUPage-OPHeaderContent-collapseBtn-img"}]}
RESULT: undefined
COMMAND: POST /session/3ad3ed370b5892314835873e8b06bae6/element - {"using":"xpath","value":"//*[@id=\"application-manageresources-display-component---newResourceUnit--newRRUPage-OPHeaderContent-collapseBtn-img\"]"}
RESULT: {}
RESULT: {"using":"xpath","value":"//*[@id=\"application-manageresources-display-component---newResourceUnit--newRRUPage-OPHeaderContent-collapseBtn-img\"]"}
COMMAND: POST /session/3ad3ed370b5892314835873e8b06bae6/element/f.66C564F48E23224A49CD761FFC4FB84D.d.35E730E1588C98B647D90A67C4CF70A0.e.13330/click - {}
RESULT: {}
COMMAND: GET /session/3ad3ed370b5892314835873e8b06bae6/screenshot - {}
RESULT: {}
COMMAND: POST /session/3ad3ed370b5892314835873e8b06bae6/element - {"using":"xpath","value":"(//span[contains(@id ,\"application-manageresources-display-component---newResourceUnit--DIMENSION_UNIT-arrow\")])[1]"}
RESULT: {"using":"xpath","value":"(//span[contains(@id ,\"application-manageresources-display-component---newResourceUnit--DIMENSION_UNIT-arrow\")])[1]"}
COMMAND: POST /session/3ad3ed370b5892314835873e8b06bae6/element/f.66C564F48E23224A49CD761FFC4FB84D.d.35E730E1588C98B647D90A67C4CF70A0.e.13454/click - {}
RESULT: {}
COMMAND: GET /session/3ad3ed370b5892314835873e8b06bae6/screenshot - {}
RESULT: {}
COMMAND: POST /session/3ad3ed370b5892314835873e8b06bae6/execute/async - {"script":"<script> [1562 bytes]","args":[{"selector":{"controlType":"sap.m.StandardListItem","viewName":"reusables.view.manageresources.NewResourceUnit","viewId":"application-manageresources-display-component---newResourceUnit","properties":{"title":"Centimeter"},"searchOpenDialogs":true,"interaction":{"idSuffix":"titleText"}},"wdio_ui5_key":"reusablesview.manageresources.NewResourceUnitsap.m.StandardListItem{\"title\":\"Centimeter\"}"}]}
RESULT: {"script":"<script> [1562 bytes]","args":[{"selector":{"controlType":"sap.m.StandardListItem","viewName":"reusables.view.manageresources.NewResourceUnit","viewId":"application-manageresources-display-component---newResourceUnit","properties":{"title":"Centimeter"},"searchOpenDialogs":true,"interaction":{"idSuffix":"titleText"}},"wdio_ui5_key":"reusablesview.manageresources.NewResourceUnitsap.m.StandardListItem{\"title\":\"Centimeter\"}"}]}
RESULT: undefined
COMMAND: POST /session/3ad3ed370b5892314835873e8b06bae6/element - {"using":"xpath","value":"//*[@id=\"__item1238\"]"}
RESULT: {"using":"xpath","value":"//*[@id=\"__item1238\"]"}
COMMAND: POST /session/3ad3ed370b5892314835873e8b06bae6/element/f.66C564F48E23224A49CD761FFC4FB84D.d.35E730E1588C98B647D90A67C4CF70A0.e.13456/click - {}
RESULT: {}
COMMAND: POST /session/3ad3ed370b5892314835873e8b06bae6/execute/async - {"script":"<script> [1562 bytes]","args":[{"selector":{"id":"application-manageresources-display-component---newResourceUnit--newRRUPage-anchBar-application-manageresources-display-component---newResourceUnit--reference-anchor","interaction":{"idSuffix":"BDI-content"}},"wdio_ui5_key":"applicationmanageresources-display-component---newResourceUnit--newRRUPage-anchBar-application-manageresources-display-component---newResourceUnit--reference-anchor"}]}
COMMAND: GET /session/3ad3ed370b5892314835873e8b06bae6/screenshot - {}
RESULT: {"script":"<script> [1562 bytes]","args":[{"selector":{"id":"application-manageresources-display-component---newResourceUnit--newRRUPage-anchBar-application-manageresources-display-component---newResourceUnit--reference-anchor","interaction":{"idSuffix":"BDI-content"}},"wdio_ui5_key":"applicationmanageresources-display-component---newResourceUnit--newRRUPage-anchBar-application-manageresources-display-component---newResourceUnit--reference-anchor"}]}
RESULT: undefined
COMMAND: POST /session/3ad3ed370b5892314835873e8b06bae6/element - {"using":"xpath","value":"//*[@id=\"application-manageresources-display-component---newResourceUnit--newRRUPage-anchBar-application-manageresources-display-component---newResourceUnit--reference-anchor\"]"}
RESULT: {}
RESULT: {"using":"xpath","value":"//*[@id=\"application-manageresources-display-component---newResourceUnit--newRRUPage-anchBar-application-manageresources-display-component---newResourceUnit--reference-anchor\"]"}
COMMAND: POST /session/3ad3ed370b5892314835873e8b06bae6/element/f.66C564F48E23224A49CD761FFC4FB84D.d.35E730E1588C98B647D90A67C4CF70A0.e.13458/click - {}
RESULT: {}
COMMAND: POST /session/3ad3ed370b5892314835873e8b06bae6/execute/async - {"script":"<script> [1562 bytes]","args":[{"selector":{"id":"application-manageresources-display-component---newResourceUnit--PLANNING_GROUP-arrow"},"wdio_ui5_key":"applicationmanageresources-display-component---newResourceUnit--PLANNING_GROUP-arrow"}]}
COMMAND: GET /session/3ad3ed370b5892314835873e8b06bae6/screenshot - {}
RESULT: {"script":"<script> [1562 bytes]","args":[{"selector":{"id":"application-manageresources-display-component---newResourceUnit--PLANNING_GROUP-arrow"},"wdio_ui5_key":"applicationmanageresources-display-component---newResourceUnit--PLANNING_GROUP-arrow"}]}
RESULT: undefined
COMMAND: POST /session/3ad3ed370b5892314835873e8b06bae6/element - {"using":"xpath","value":"//*[@id=\"application-manageresources-display-component---newResourceUnit--PLANNING_GROUP-arrow\"]"}
RESULT: {}
RESULT: {"using":"xpath","value":"//*[@id=\"application-manageresources-display-component---newResourceUnit--PLANNING_GROUP-arrow\"]"}
COMMAND: POST /session/3ad3ed370b5892314835873e8b06bae6/element/f.66C564F48E23224A49CD761FFC4FB84D.d.35E730E1588C98B647D90A67C4CF70A0.e.13462/click - {}
RESULT: {}
COMMAND: POST /session/3ad3ed370b5892314835873e8b06bae6/execute/async - {"script":"<script> [1562 bytes]","args":[{"selector":{"controlType":"sap.m.StandardListItem","viewName":"reusables.view.manageresources.NewResourceUnit","viewId":"application-manageresources-display-component---newResourceUnit","properties":{"title":"Heavy Equi"},"searchOpenDialogs":true,"interaction":{"idSuffix":"content"}},"wdio_ui5_key":"reusablesview.manageresources.NewResourceUnitsap.m.StandardListItem{\"title\":\"Heavy Equi\"}"}]}
COMMAND: GET /session/3ad3ed370b5892314835873e8b06bae6/screenshot - {}
RESULT: {"script":"<script> [1562 bytes]","args":[{"selector":{"controlType":"sap.m.StandardListItem","viewName":"reusables.view.manageresources.NewResourceUnit","viewId":"application-manageresources-display-component---newResourceUnit","properties":{"title":"Heavy Equi"},"searchOpenDialogs":true,"interaction":{"idSuffix":"content"}},"wdio_ui5_key":"reusablesview.manageresources.NewResourceUnitsap.m.StandardListItem{\"title\":\"Heavy Equi\"}"}]}
RESULT: undefined
COMMAND: POST /session/3ad3ed370b5892314835873e8b06bae6/element - {"using":"xpath","value":"//*[@id=\"__item1246\"]"}
RESULT: {}
RESULT: {"using":"xpath","value":"//*[@id=\"__item1246\"]"}
COMMAND: POST /session/3ad3ed370b5892314835873e8b06bae6/element/f.66C564F48E23224A49CD761FFC4FB84D.d.35E730E1588C98B647D90A67C4CF70A0.e.13466/click - {}
RESULT: {}
COMMAND: GET /session/3ad3ed370b5892314835873e8b06bae6/screenshot - {}
RESULT: {}
COMMAND: POST /session/3ad3ed370b5892314835873e8b06bae6/execute/async - {"script":"<script> [1562 bytes]","args":[{"selector":{"id":"application-manageresources-display-component---newResourceUnit--PLANNING_INDICATOR-arrow"},"wdio_ui5_key":"applicationmanageresources-display-component---newResourceUnit--PLANNING_INDICATOR-arrow"}]}
RESULT: {"script":"<script> [1562 bytes]","args":[{"selector":{"id":"application-manageresources-display-component---newResourceUnit--PLANNING_INDICATOR-arrow"},"wdio_ui5_key":"applicationmanageresources-display-component---newResourceUnit--PLANNING_INDICATOR-arrow"}]}
RESULT: undefined
COMMAND: POST /session/3ad3ed370b5892314835873e8b06bae6/element - {"using":"xpath","value":"//*[@id=\"application-manageresources-display-component---newResourceUnit--PLANNING_INDICATOR-arrow\"]"}
RESULT: {"using":"xpath","value":"//*[@id=\"application-manageresources-display-component---newResourceUnit--PLANNING_INDICATOR-arrow\"]"}
COMMAND: POST /session/3ad3ed370b5892314835873e8b06bae6/element/f.66C564F48E23224A49CD761FFC4FB84D.d.35E730E1588C98B647D90A67C4CF70A0.e.13467/click - {}
RESULT: {}
COMMAND: POST /session/3ad3ed370b5892314835873e8b06bae6/execute/async - {"script":"<script> [1562 bytes]","args":[{"selector":{"controlType":"sap.m.StandardListItem","viewName":"reusables.view.manageresources.NewResourceUnit","viewId":"application-manageresources-display-component---newResourceUnit","properties":{"title":"10 - infinite"},"searchOpenDialogs":true,"interaction":{"idSuffix":"content"}},"wdio_ui5_key":"reusablesview.manageresources.NewResourceUnitsap.m.StandardListItem{\"title\":\"10 - infinite\"}"}]}
COMMAND: GET /session/3ad3ed370b5892314835873e8b06bae6/screenshot - {}
RESULT: {"script":"<script> [1562 bytes]","args":[{"selector":{"controlType":"sap.m.StandardListItem","viewName":"reusables.view.manageresources.NewResourceUnit","viewId":"application-manageresources-display-component---newResourceUnit","properties":{"title":"10 - infinite"},"searchOpenDialogs":true,"interaction":{"idSuffix":"content"}},"wdio_ui5_key":"reusablesview.manageresources.NewResourceUnitsap.m.StandardListItem{\"title\":\"10 - infinite\"}"}]}
RESULT: undefined
COMMAND: POST /session/3ad3ed370b5892314835873e8b06bae6/element - {"using":"xpath","value":"//*[@id=\"__item1256\"]"}
RESULT: {}
RESULT: {"using":"xpath","value":"//*[@id=\"__item1256\"]"}
COMMAND: POST /session/3ad3ed370b5892314835873e8b06bae6/element/f.66C564F48E23224A49CD761FFC4FB84D.d.35E730E1588C98B647D90A67C4CF70A0.e.13469/click - {}
RESULT: {}
COMMAND: GET /session/3ad3ed370b5892314835873e8b06bae6/screenshot - {}
RESULT: {}
COMMAND: POST /session/3ad3ed370b5892314835873e8b06bae6/element - {"using":"xpath","value":"//bdi[contains(text(), \"Time Segment\")]"}
RESULT: {"using":"xpath","value":"//bdi[contains(text(), \"Time Segment\")]"}
COMMAND: GET /session/3ad3ed370b5892314835873e8b06bae6/element/f.66C564F48E23224A49CD761FFC4FB84D.d.35E730E1588C98B647D90A67C4CF70A0.e.13470/rect - {}
RESULT: {}
COMMAND: GET /session/3ad3ed370b5892314835873e8b06bae6/window/rect - {}
RESULT: {}
COMMAND: POST /session/3ad3ed370b5892314835873e8b06bae6/execute/sync - {"script":"<script> [92 bytes]","args":[]}
RESULT: {"script":"<script> [92 bytes]","args":[]}
COMMAND: POST /session/3ad3ed370b5892314835873e8b06bae6/actions - {"actions":[{"id":"action69","type":"wheel","parameters":{},"actions":[{"type":"scroll","x":-1820,"y":-21,"deltaX":0,"deltaY":0,"duration":0,"origin":{"element-6066-11e4-a52e-4f735466cecf":"f.66C564F48E23224A49CD761FFC4FB84D.d.35E730E1588C98B647D90A67C4CF70A0.e.13470"}}]}]}
COMMAND: GET /session/3ad3ed370b5892314835873e8b06bae6/screenshot - {}
RESULT: {}
COMMAND: POST /session/3ad3ed370b5892314835873e8b06bae6/execute/sync - {"script":"<script> [79 bytes]","args":[{"element-6066-11e4-a52e-4f735466cecf":"f.66C564F48E23224A49CD761FFC4FB84D.d.35E730E1588C98B647D90A67C4CF70A0.e.13470","ELEMENT":"f.66C564F48E23224A49CD761FFC4FB84D.d.35E730E1588C98B647D90A67C4CF70A0.e.13470"},{"block":"start","inline":"nearest"}]}
RESULT: {"script":"<script> [79 bytes]","args":[{"element-6066-11e4-a52e-4f735466cecf":"f.66C564F48E23224A49CD761FFC4FB84D.d.35E730E1588C98B647D90A67C4CF70A0.e.13470","ELEMENT":"f.66C564F48E23224A49CD761FFC4FB84D.d.35E730E1588C98B647D90A67C4CF70A0.e.13470"},{"block":"start","inline":"nearest"}]}
COMMAND: GET /session/3ad3ed370b5892314835873e8b06bae6/screenshot - {}
RESULT: {}
COMMAND: POST /session/3ad3ed370b5892314835873e8b06bae6/element - {"using":"xpath","value":"//span[@id=\"application-manageresources-display-component---newResourceUnit--btnAddTimeSegment-img\"]"}
RESULT: {"using":"xpath","value":"//span[@id=\"application-manageresources-display-component---newResourceUnit--btnAddTimeSegment-img\"]"}
COMMAND: POST /session/3ad3ed370b5892314835873e8b06bae6/execute/sync - {"script":"<script> [8489 bytes]","args":[{"element-6066-11e4-a52e-4f735466cecf":"f.66C564F48E23224A49CD761FFC4FB84D.d.35E730E1588C98B647D90A67C4CF70A0.e.13473","ELEMENT":"f.66C564F48E23224A49CD761FFC4FB84D.d.35E730E1588C98B647D90A67C4CF70A0.e.13473"}]}
RESULT: {"script":"<script> [8489 bytes]","args":[{"element-6066-11e4-a52e-4f735466cecf":"f.66C564F48E23224A49CD761FFC4FB84D.d.35E730E1588C98B647D90A67C4CF70A0.e.13473","ELEMENT":"f.66C564F48E23224A49CD761FFC4FB84D.d.35E730E1588C98B647D90A67C4CF70A0.e.13473"}]}
COMMAND: POST /session/3ad3ed370b5892314835873e8b06bae6/element/f.66C564F48E23224A49CD761FFC4FB84D.d.35E730E1588C98B647D90A67C4CF70A0.e.13473/click - {}
COMMAND: GET /session/3ad3ed370b5892314835873e8b06bae6/screenshot - {}
RESULT: {}
COMMAND: GET /session/3ad3ed370b5892314835873e8b06bae6/screenshot - {}
COMMAND: POST /session/3ad3ed370b5892314835873e8b06bae6/element - {"using":"xpath","value":"//input[@id=\"application-manageresources-display-component---newResourceUnit--idRuTSAdmin-application-manageresources-display-component---newResourceUnit--RUTimeSegment-0-inner\"]"}
RESULT: {}
RESULT: {}
RESULT: {"using":"xpath","value":"//input[@id=\"application-manageresources-display-component---newResourceUnit--idRuTSAdmin-application-manageresources-display-component---newResourceUnit--RUTimeSegment-0-inner\"]"}
COMMAND: POST /session/3ad3ed370b5892314835873e8b06bae6/element/f.66C564F48E23224A49CD761FFC4FB84D.d.35E730E1588C98B647D90A67C4CF70A0.e.13476/clear - {}
RESULT: {}
COMMAND: POST /session/3ad3ed370b5892314835873e8b06bae6/element/f.66C564F48E23224A49CD761FFC4FB84D.d.35E730E1588C98B647D90A67C4CF70A0.e.13476/value - {"text":"WebdriverYardzwtry"}
COMMAND: GET /session/3ad3ed370b5892314835873e8b06bae6/screenshot - {}
RESULT: {"text":"WebdriverYardzwtry"}
COMMAND: GET /session/3ad3ed370b5892314835873e8b06bae6/screenshot - {}
RESULT: {}
RESULT: {}
COMMAND: POST /session/3ad3ed370b5892314835873e8b06bae6/actions - {"actions":[{"id":"action70","type":"key","parameters":{},"actions":[{"type":"keyDown","value":""},{"type":"pause","duration":10},{"type":"keyUp","value":""}]}]}
RESULT: {"actions":[{"id":"action70","type":"key","parameters":{},"actions":[{"type":"keyDown","value":""},{"type":"pause","duration":10},{"type":"keyUp","value":""}]}]}
COMMAND: GET /session/3ad3ed370b5892314835873e8b06bae6/screenshot - {}
RESULT: {}
COMMAND: POST /session/3ad3ed370b5892314835873e8b06bae6/execute/async - {"script":"<script> [1562 bytes]","args":[{"selector":{"controlType":"sap.m.Button","viewName":"reusables.view.manageresources.NewResourceUnit","viewId":"application-manageresources-display-component---newResourceUnit","i18NText":{"propertyName":"tooltip","key":"save"},"interaction":{"idSuffix":"BDI-content"}},"wdio_ui5_key":"reusablesview.manageresources.NewResourceUnitsap.m.Button{\"propertyName\":\"tooltip\",\"key\":\"save\"}"}]}
RESULT: {"script":"<script> [1562 bytes]","args":[{"selector":{"controlType":"sap.m.Button","viewName":"reusables.view.manageresources.NewResourceUnit","viewId":"application-manageresources-display-component---newResourceUnit","i18NText":{"propertyName":"tooltip","key":"save"},"interaction":{"idSuffix":"BDI-content"}},"wdio_ui5_key":"reusablesview.manageresources.NewResourceUnitsap.m.Button{\"propertyName\":\"tooltip\",\"key\":\"save\"}"}]}
RESULT: undefined
COMMAND: POST /session/3ad3ed370b5892314835873e8b06bae6/element - {"using":"xpath","value":"//*[@id=\"application-manageresources-display-component---newResourceUnit--createRuButton\"]"}
RESULT: {"using":"xpath","value":"//*[@id=\"application-manageresources-display-component---newResourceUnit--createRuButton\"]"}
COMMAND: POST /session/3ad3ed370b5892314835873e8b06bae6/element/f.66C564F48E23224A49CD761FFC4FB84D.d.35E730E1588C98B647D90A67C4CF70A0.e.13336/click - {}
RESULT: {}
COMMAND: GET /session/3ad3ed370b5892314835873e8b06bae6/screenshot - {}
RESULT: {}
COMMAND: POST /session/3ad3ed370b5892314835873e8b06bae6/execute/async - {"script":"<script> [1562 bytes]","args":[{"selector":{"controlType":"sap.m.Title","properties":{"text":"Success"},"searchOpenDialogs":true},"wdio_ui5_key":"sapm.Title{\"text\":\"Success\"}"}]}
RESULT: {"script":"<script> [1562 bytes]","args":[{"selector":{"controlType":"sap.m.Title","properties":{"text":"Success"},"searchOpenDialogs":true},"wdio_ui5_key":"sapm.Title{\"text\":\"Success\"}"}]}
RESULT: undefined
COMMAND: POST /session/3ad3ed370b5892314835873e8b06bae6/execute/async - {"script":"<script> [6424 bytes]","args":[{"element-6066-11e4-a52e-4f735466cecf":"f.66C564F48E23224A49CD761FFC4FB84D.d.35E730E1588C98B647D90A67C4CF70A0.e.13489"},"getText",[]]}
RESULT: {"script":"<script> [6424 bytes]","args":[{"element-6066-11e4-a52e-4f735466cecf":"f.66C564F48E23224A49CD761FFC4FB84D.d.35E730E1588C98B647D90A67C4CF70A0.e.13489"},"getText",[]]}
COMMAND: POST /session/3ad3ed370b5892314835873e8b06bae6/element - {"using":"xpath","value":"//*[contains(@id, '__text') and (contains(text(), 'successfully created') or contains(., 'successfully created'))]"}
RESULT: {"using":"xpath","value":"//*[contains(@id, '__text') and (contains(text(), 'successfully created') or contains(., 'successfully created'))]"}
COMMAND: GET /session/3ad3ed370b5892314835873e8b06bae6/element/f.66C564F48E23224A49CD761FFC4FB84D.d.35E730E1588C98B647D90A67C4CF70A0.e.13487/text - {}
RESULT: {}
COMMAND: POST /session/3ad3ed370b5892314835873e8b06bae6/execute/async - {"script":"<script> [1562 bytes]","args":[{"selector":{"controlType":"sap.m.Button","properties":{"text":"Close"},"searchOpenDialogs":true,"interaction":{"idSuffix":"BDI-content"}},"wdio_ui5_key":"sapm.Button{\"text\":\"Close\"}"}]}
RESULT: {"script":"<script> [1562 bytes]","args":[{"selector":{"controlType":"sap.m.Button","properties":{"text":"Close"},"searchOpenDialogs":true,"interaction":{"idSuffix":"BDI-content"}},"wdio_ui5_key":"sapm.Button{\"text\":\"Close\"}"}]}
RESULT: undefined
COMMAND: POST /session/3ad3ed370b5892314835873e8b06bae6/element - {"using":"xpath","value":"//*[@id=\"__mbox-btn-0\"]"}
RESULT: {"using":"xpath","value":"//*[@id=\"__mbox-btn-0\"]"}
COMMAND: POST /session/3ad3ed370b5892314835873e8b06bae6/element/f.66C564F48E23224A49CD761FFC4FB84D.d.35E730E1588C98B647D90A67C4CF70A0.e.13486/click - {}
RESULT: {}
COMMAND: GET /session/3ad3ed370b5892314835873e8b06bae6/screenshot - {}
RESULT: {}
COMMAND: POST /session/3ad3ed370b5892314835873e8b06bae6/execute/async - {"script":"<script> [1562 bytes]","args":[{"selector":{"controlType":"sap.ui.core.Icon","viewName":"etm.portal.ui.manageresources.view.Detail","viewId":"application-manageresources-display-component---detailRU","properties":{"src":{"regex":{"source":"overflow"}}}},"wdio_ui5_key":"etmportal.ui.manageresources.view.Detailsap.ui.core.Icon{\"src\":{\"regex\":{\"source\":\"overflow\"}}}"}]}
RESULT: {"script":"<script> [1562 bytes]","args":[{"selector":{"controlType":"sap.ui.core.Icon","viewName":"etm.portal.ui.manageresources.view.Detail","viewId":"application-manageresources-display-component---detailRU","properties":{"src":{"regex":{"source":"overflow"}}}},"wdio_ui5_key":"etmportal.ui.manageresources.view.Detailsap.ui.core.Icon{\"src\":{\"regex\":{\"source\":\"overflow\"}}}"}]}
RESULT: undefined
COMMAND: POST /session/3ad3ed370b5892314835873e8b06bae6/element - {"using":"xpath","value":"//*[@id=\"__title36-_actionsToolbar-overflowButton-img\"]"}
RESULT: {"using":"xpath","value":"//*[@id=\"__title36-_actionsToolbar-overflowButton-img\"]"}
COMMAND: POST /session/3ad3ed370b5892314835873e8b06bae6/element/f.66C564F48E23224A49CD761FFC4FB84D.d.35E730E1588C98B647D90A67C4CF70A0.e.13520/click - {}
RESULT: {}
COMMAND: POST /session/3ad3ed370b5892314835873e8b06bae6/execute/async - {"script":"<script> [1562 bytes]","args":[{"selector":{"controlType":"sap.m.Button","viewName":"etm.portal.ui.manageresources.view.Detail","viewId":"application-manageresources-display-component---detailRU","i18NText":{"propertyName":"tooltip","key":"closeColumn"},"searchOpenDialogs":true,"interaction":{"idSuffix":"inner"}},"wdio_ui5_key":"etmportal.ui.manageresources.view.Detailsap.m.Button{\"propertyName\":\"tooltip\",\"key\":\"closeColumn\"}"}]}
COMMAND: GET /session/3ad3ed370b5892314835873e8b06bae6/screenshot - {}
RESULT: {"script":"<script> [1562 bytes]","args":[{"selector":{"controlType":"sap.m.Button","viewName":"etm.portal.ui.manageresources.view.Detail","viewId":"application-manageresources-display-component---detailRU","i18NText":{"propertyName":"tooltip","key":"closeColumn"},"searchOpenDialogs":true,"interaction":{"idSuffix":"inner"}},"wdio_ui5_key":"etmportal.ui.manageresources.view.Detailsap.m.Button{\"propertyName\":\"tooltip\",\"key\":\"closeColumn\"}"}]}
RESULT: undefined
COMMAND: POST /session/3ad3ed370b5892314835873e8b06bae6/element - {"using":"xpath","value":"//*[@id=\"__button151\"]"}
RESULT: {}
RESULT: {"using":"xpath","value":"//*[@id=\"__button151\"]"}
COMMAND: POST /session/3ad3ed370b5892314835873e8b06bae6/element/f.66C564F48E23224A49CD761FFC4FB84D.d.35E730E1588C98B647D90A67C4CF70A0.e.13522/click - {}
RESULT: {}
COMMAND: GET /session/3ad3ed370b5892314835873e8b06bae6/screenshot - {}
RESULT: {}
COMMAND: POST /session/3ad3ed370b5892314835873e8b06bae6/refresh - {}
RESULT: {}
COMMAND: GET /session/3ad3ed370b5892314835873e8b06bae6/screenshot - {}
RESULT: {}
COMMAND: POST /session/3ad3ed370b5892314835873e8b06bae6/execute/async - {"script":"<script> [189 bytes]","args":[]}
RESULT: {"script":"<script> [189 bytes]","args":[]}
COMMAND: POST /session/3ad3ed370b5892314835873e8b06bae6/execute/async - {"script":"<script> [123 bytes]","args":[]}
RESULT: {"script":"<script> [123 bytes]","args":[]}
COMMAND: POST /session/3ad3ed370b5892314835873e8b06bae6/timeouts - {"script":"<number>"}
RESULT: {"script":"<number>"}
COMMAND: GET /session/3ad3ed370b5892314835873e8b06bae6/timeouts - {}
RESULT: {}
RESULT: undefined
COMMAND: POST /session/3ad3ed370b5892314835873e8b06bae6/execute/async - {"script":"<script> [2676 bytes]","args":[]}
RESULT: {"script":"<script> [2676 bytes]","args":[]}
COMMAND: POST /session/3ad3ed370b5892314835873e8b06bae6/execute/async - {"script":"<script> [2342 bytes]","args":[{"protocol":"http","hostname":"0.0.0.0","path":"/","capabilities":{"browserName":"chrome","goog:chromeOptions":{"binary":"C:\\Program Files\\Google\\Chrome\\Application\\chrome.exe","args":["--start-maximized"]}},"logLevel":"warn","connectionRetryTimeout":120000,"connectionRetryCount":3,"logLevels":{},"enableDirectConnect":true,"strictSSL":true,"_":"65 more keys: [\"cacheDir\",\"port\",\"requestedCapabilities\",\"automationProtocol\",\"baseUrl\",\"waitforInterval\",\"waitforTimeout\",\"onReload\",\"beforeCommand\",\"afterCommand\",\"rootDir\",\"specs\",\"suites\",\"exclude\",\"groupLogsByTestSpec\",\"excludeDriverLogs\",\"bail\",\"framework\",\"reporters\",\"services\",\"maxInstances\",\"maxInstancesPerCapability\",\"injectGlobals\",\"filesToWatch\",\"execArgv\",\"runnerEnv\",\"runner\",\"shard\",\"specFileRetries\",\"specFileRetriesDelay\",\"specFileRetriesDeferred\",\"reporterSyncInterval\",\"reporterSyncTimeout\",\"cucumberFeaturesWithLineNumbers\",\"autoCompileOpts\",\"mochaOpts\",\"jasmineOpts\",\"cucumberOpts\",\"onPrepare\",\"onWorkerStart\",\"onWorkerEnd\",\"before\",\"beforeSession\",\"beforeSuite\",\"beforeHook\",\"beforeTest\",\"afterTest\",\"afterHook\",\"afterSuite\",\"afterSession\",\"after\",\"onComplete\",\"beforeAssertion\",\"afterAssertion\",\"beforeFeature\",\"beforeScenario\",\"beforeStep\",\"afterStep\",\"afterScenario\",\"afterFeature\",\"_\",\"suite\",\"$0\",\"ignoredWorkerServices\",\"wdi5\"]"}]}
RESULT: {"script":"<script> [2342 bytes]","args":[{"protocol":"http","hostname":"0.0.0.0","path":"/","capabilities":{"browserName":"chrome","goog:chromeOptions":{"binary":"C:\\Program Files\\Google\\Chrome\\Application\\chrome.exe","args":["--start-maximized"]}},"logLevel":"warn","connectionRetryTimeout":120000,"connectionRetryCount":3,"logLevels":{},"enableDirectConnect":true,"strictSSL":true,"_":"65 more keys: [\"cacheDir\",\"port\",\"requestedCapabilities\",\"automationProtocol\",\"baseUrl\",\"waitforInterval\",\"waitforTimeout\",\"onReload\",\"beforeCommand\",\"afterCommand\",\"rootDir\",\"specs\",\"suites\",\"exclude\",\"groupLogsByTestSpec\",\"excludeDriverLogs\",\"bail\",\"framework\",\"reporters\",\"services\",\"maxInstances\",\"maxInstancesPerCapability\",\"injectGlobals\",\"filesToWatch\",\"execArgv\",\"runnerEnv\",\"runner\",\"shard\",\"specFileRetries\",\"specFileRetriesDelay\",\"specFileRetriesDeferred\",\"reporterSyncInterval\",\"reporterSyncTimeout\",\"cucumberFeaturesWithLineNumbers\",\"autoCompileOpts\",\"mochaOpts\",\"jasmineOpts\",\"cucumberOpts\",\"onPrepare\",\"onWorkerStart\",\"onWorkerEnd\",\"before\",\"beforeSession\",\"beforeSuite\",\"beforeHook\",\"beforeTest\",\"afterTest\",\"afterHook\",\"afterSuite\",\"afterSession\",\"after\",\"onComplete\",\"beforeAssertion\",\"afterAssertion\",\"beforeFeature\",\"beforeScenario\",\"beforeStep\",\"afterStep\",\"afterScenario\",\"afterFeature\",\"_\",\"suite\",\"$0\",\"ignoredWorkerServices\",\"wdi5\"]"}]}
COMMAND: POST /session/3ad3ed370b5892314835873e8b06bae6/execute/async - {"script":"<script> [21126 bytes]","args":[35000]}
RESULT: {"script":"<script> [21126 bytes]","args":[35000]}
COMMAND: POST /session/3ad3ed370b5892314835873e8b06bae6/element - {"using":"css selector","value":"#shell-header-logo"}
RESULT: {"using":"css selector","value":"#shell-header-logo"}
COMMAND: POST /session/3ad3ed370b5892314835873e8b06bae6/element/f.66C564F48E23224A49CD761FFC4FB84D.d.5F5DD8C4FEB2AACD0DFE1EB44780C033.e.13602/click - {}
RESULT: {}
COMMAND: GET /session/3ad3ed370b5892314835873e8b06bae6/screenshot - {}
RESULT: {}
COMMAND: POST /session/3ad3ed370b5892314835873e8b06bae6/execute/async - {"script":"<script> [1562 bytes]","args":[{"selector":{"controlType":"sap.m.GenericTile","properties":{"header":"Manage Handovers"}},"wdio_ui5_key":"sapm.GenericTile{\"header\":\"Manage Handovers\"}"}]}
RESULT: {"script":"<script> [1562 bytes]","args":[{"selector":{"controlType":"sap.m.GenericTile","properties":{"header":"Manage Handovers"}},"wdio_ui5_key":"sapm.GenericTile{\"header\":\"Manage Handovers\"}"}]}
RESULT: undefined
COMMAND: POST /session/3ad3ed370b5892314835873e8b06bae6/element - {"using":"xpath","value":"//*[@id=\"__tile132\"]"}
RESULT: {"using":"xpath","value":"//*[@id=\"__tile132\"]"}
COMMAND: POST /session/3ad3ed370b5892314835873e8b06bae6/element/f.66C564F48E23224A49CD761FFC4FB84D.d.5F5DD8C4FEB2AACD0DFE1EB44780C033.e.13793/click - {}
RESULT: {}
COMMAND: GET /session/3ad3ed370b5892314835873e8b06bae6/screenshot - {}
RESULT: {}
COMMAND: POST /session/3ad3ed370b5892314835873e8b06bae6/elements - {"using":"xpath","value":"//span[text()='Error']"}
RESULT: {"using":"xpath","value":"//span[text()='Error']"}
COMMAND: POST /session/3ad3ed370b5892314835873e8b06bae6/element - {"using":"xpath","value":"//button[@data-kt=\"masterHOAddButton\"]"}
RESULT: {"using":"xpath","value":"//button[@data-kt=\"masterHOAddButton\"]"}
COMMAND: POST /session/3ad3ed370b5892314835873e8b06bae6/execute/sync - {"script":"<script> [8489 bytes]","args":[{"element-6066-11e4-a52e-4f735466cecf":"f.66C564F48E23224A49CD761FFC4FB84D.d.5F5DD8C4FEB2AACD0DFE1EB44780C033.e.13836","ELEMENT":"f.66C564F48E23224A49CD761FFC4FB84D.d.5F5DD8C4FEB2AACD0DFE1EB44780C033.e.13836"}]}
RESULT: {"script":"<script> [8489 bytes]","args":[{"element-6066-11e4-a52e-4f735466cecf":"f.66C564F48E23224A49CD761FFC4FB84D.d.5F5DD8C4FEB2AACD0DFE1EB44780C033.e.13836","ELEMENT":"f.66C564F48E23224A49CD761FFC4FB84D.d.5F5DD8C4FEB2AACD0DFE1EB44780C033.e.13836"}]}
COMMAND: POST /session/3ad3ed370b5892314835873e8b06bae6/element/f.66C564F48E23224A49CD761FFC4FB84D.d.5F5DD8C4FEB2AACD0DFE1EB44780C033.e.13836/click - {}
COMMAND: GET /session/3ad3ed370b5892314835873e8b06bae6/screenshot - {}
RESULT: {}
COMMAND: GET /session/3ad3ed370b5892314835873e8b06bae6/screenshot - {}
COMMAND: POST /session/3ad3ed370b5892314835873e8b06bae6/element - {"using":"xpath","value":"//span[contains(@id ,\"AddNewHO--typeSelect-arrow\")]"}
RESULT: {}
RESULT: {}
RESULT: {"using":"xpath","value":"//span[contains(@id ,\"AddNewHO--typeSelect-arrow\")]"}
COMMAND: POST /session/3ad3ed370b5892314835873e8b06bae6/element/f.66C564F48E23224A49CD761FFC4FB84D.d.5F5DD8C4FEB2AACD0DFE1EB44780C033.e.14137/click - {}
RESULT: {}
COMMAND: GET /session/3ad3ed370b5892314835873e8b06bae6/screenshot - {}
RESULT: {}
COMMAND: POST /session/3ad3ed370b5892314835873e8b06bae6/element - {"using":"xpath","value":"(//li[contains(text(), \"stock increase yard\")])[1]"}
RESULT: {"using":"xpath","value":"(//li[contains(text(), \"stock increase yard\")])[1]"}
COMMAND: POST /session/3ad3ed370b5892314835873e8b06bae6/element/f.66C564F48E23224A49CD761FFC4FB84D.d.5F5DD8C4FEB2AACD0DFE1EB44780C033.e.14138/click - {}
RESULT: {}
COMMAND: GET /session/3ad3ed370b5892314835873e8b06bae6/screenshot - {}
RESULT: {}
COMMAND: POST /session/3ad3ed370b5892314835873e8b06bae6/execute/async - {"script":"<script> [1562 bytes]","args":[{"selector":{"id":"application-managehandovers-display-component---AddNewHO--dueDate","interaction":{"idSuffix":"inner"}},"wdio_ui5_key":"applicationmanagehandovers-display-component---AddNewHO--dueDate"}]}
RESULT: {"script":"<script> [1562 bytes]","args":[{"selector":{"id":"application-managehandovers-display-component---AddNewHO--dueDate","interaction":{"idSuffix":"inner"}},"wdio_ui5_key":"applicationmanagehandovers-display-component---AddNewHO--dueDate"}]}
RESULT: undefined
COMMAND: POST /session/3ad3ed370b5892314835873e8b06bae6/execute/async - {"script":"<script> [6424 bytes]","args":[{"element-6066-11e4-a52e-4f735466cecf":"f.66C564F48E23224A49CD761FFC4FB84D.d.5F5DD8C4FEB2AACD0DFE1EB44780C033.e.14142"},"setValue",["5/30/25"]]}
RESULT: {"script":"<script> [6424 bytes]","args":[{"element-6066-11e4-a52e-4f735466cecf":"f.66C564F48E23224A49CD761FFC4FB84D.d.5F5DD8C4FEB2AACD0DFE1EB44780C033.e.14142"},"setValue",["5/30/25"]]}
COMMAND: POST /session/3ad3ed370b5892314835873e8b06bae6/element - {"using":"xpath","value":"//input[@id=\"generalSectionFrg--receiveYard-inner\"]"}
RESULT: {"using":"xpath","value":"//input[@id=\"generalSectionFrg--receiveYard-inner\"]"}
COMMAND: POST /session/3ad3ed370b5892314835873e8b06bae6/element/f.66C564F48E23224A49CD761FFC4FB84D.d.5F5DD8C4FEB2AACD0DFE1EB44780C033.e.14148/clear - {}
RESULT: {}
COMMAND: POST /session/3ad3ed370b5892314835873e8b06bae6/element/f.66C564F48E23224A49CD761FFC4FB84D.d.5F5DD8C4FEB2AACD0DFE1EB44780C033.e.14148/value - {"text":"WebdriverYardzwtry"}
COMMAND: GET /session/3ad3ed370b5892314835873e8b06bae6/screenshot - {}
RESULT: {"text":"WebdriverYardzwtry"}
COMMAND: GET /session/3ad3ed370b5892314835873e8b06bae6/screenshot - {}
RESULT: {}
RESULT: {}
COMMAND: POST /session/3ad3ed370b5892314835873e8b06bae6/execute/async - {"script":"<script> [1562 bytes]","args":[{"selector":{"id":"application-managehandovers-display-component---AddNewHO--ObjectPageLayout-anchBar-application-managehandovers-display-component---AddNewHO--section4-anchor","interaction":{"idSuffix":"BDI-content"}},"wdio_ui5_key":"applicationmanagehandovers-display-component---AddNewHO--ObjectPageLayout-anchBar-application-managehandovers-display-component---AddNewHO--section4-anchor"}]}
RESULT: {"script":"<script> [1562 bytes]","args":[{"selector":{"id":"application-managehandovers-display-component---AddNewHO--ObjectPageLayout-anchBar-application-managehandovers-display-component---AddNewHO--section4-anchor","interaction":{"idSuffix":"BDI-content"}},"wdio_ui5_key":"applicationmanagehandovers-display-component---AddNewHO--ObjectPageLayout-anchBar-application-managehandovers-display-component---AddNewHO--section4-anchor"}]}
RESULT: undefined
COMMAND: POST /session/3ad3ed370b5892314835873e8b06bae6/element - {"using":"xpath","value":"//*[@id=\"application-managehandovers-display-component---AddNewHO--ObjectPageLayout-anchBar-application-managehandovers-display-component---AddNewHO--section4-anchor\"]"}
RESULT: {"using":"xpath","value":"//*[@id=\"application-managehandovers-display-component---AddNewHO--ObjectPageLayout-anchBar-application-managehandovers-display-component---AddNewHO--section4-anchor\"]"}
COMMAND: POST /session/3ad3ed370b5892314835873e8b06bae6/element/f.66C564F48E23224A49CD761FFC4FB84D.d.5F5DD8C4FEB2AACD0DFE1EB44780C033.e.14167/click - {}
RESULT: {}
COMMAND: GET /session/3ad3ed370b5892314835873e8b06bae6/screenshot - {}
RESULT: {}
COMMAND: POST /session/3ad3ed370b5892314835873e8b06bae6/element - {"using":"xpath","value":"//button[@aria-label=\"Add\"]"}
RESULT: {"using":"xpath","value":"//button[@aria-label=\"Add\"]"}
COMMAND: POST /session/3ad3ed370b5892314835873e8b06bae6/element/f.66C564F48E23224A49CD761FFC4FB84D.d.5F5DD8C4FEB2AACD0DFE1EB44780C033.e.14171/click - {}
RESULT: {}
COMMAND: GET /session/3ad3ed370b5892314835873e8b06bae6/screenshot - {}
RESULT: {}
COMMAND: POST /session/3ad3ed370b5892314835873e8b06bae6/execute/async - {"script":"<script> [1562 bytes]","args":[{"selector":{"id":"application-managehandovers-display-component---AddNewHO--smartFilterBar-btnBasicSearch","searchOpenDialogs":true,"interaction":{"idSuffix":"I"}},"wdio_ui5_key":"applicationmanagehandovers-display-component---AddNewHO--smartFilterBar-btnBasicSearch"}]}
RESULT: {"script":"<script> [1562 bytes]","args":[{"selector":{"id":"application-managehandovers-display-component---AddNewHO--smartFilterBar-btnBasicSearch","searchOpenDialogs":true,"interaction":{"idSuffix":"I"}},"wdio_ui5_key":"applicationmanagehandovers-display-component---AddNewHO--smartFilterBar-btnBasicSearch"}]}
RESULT: undefined
COMMAND: POST /session/3ad3ed370b5892314835873e8b06bae6/execute/async - {"script":"<script> [776 bytes]","args":[{"enterText":"WebdriverMatTestdk0qok","selector":{"id":"application-managehandovers-display-component---AddNewHO--smartFilterBar-btnBasicSearch","searchOpenDialogs":true,"interaction":{"idSuffix":"I"}},"clearTextFirst":true,"interactionType":"ENTER_TEXT"}]}
RESULT: {"script":"<script> [776 bytes]","args":[{"enterText":"WebdriverMatTestdk0qok","selector":{"id":"application-managehandovers-display-component---AddNewHO--smartFilterBar-btnBasicSearch","searchOpenDialogs":true,"interaction":{"idSuffix":"I"}},"clearTextFirst":true,"interactionType":"ENTER_TEXT"}]}
COMMAND: POST /session/3ad3ed370b5892314835873e8b06bae6/actions - {"actions":[{"id":"action71","type":"key","parameters":{},"actions":[{"type":"keyDown","value":""},{"type":"pause","duration":10},{"type":"keyUp","value":""}]}]}
RESULT: {"actions":[{"id":"action71","type":"key","parameters":{},"actions":[{"type":"keyDown","value":""},{"type":"pause","duration":10},{"type":"keyUp","value":""}]}]}
COMMAND: POST /session/3ad3ed370b5892314835873e8b06bae6/execute/async - {"script":"<script> [1562 bytes]","args":[{"selector":{"id":"application-managehandovers-display-component---AddNewHO--popup-sa","searchOpenDialogs":true,"interaction":{"idSuffix":"CbBg"}},"wdio_ui5_key":"applicationmanagehandovers-display-component---AddNewHO--popup-sa"}]}
COMMAND: GET /session/3ad3ed370b5892314835873e8b06bae6/screenshot - {}
RESULT: {"script":"<script> [1562 bytes]","args":[{"selector":{"id":"application-managehandovers-display-component---AddNewHO--popup-sa","searchOpenDialogs":true,"interaction":{"idSuffix":"CbBg"}},"wdio_ui5_key":"applicationmanagehandovers-display-component---AddNewHO--popup-sa"}]}
RESULT: undefined
COMMAND: POST /session/3ad3ed370b5892314835873e8b06bae6/element - {"using":"xpath","value":"//*[@id=\"application-managehandovers-display-component---AddNewHO--popup-sa\"]"}
RESULT: {}
RESULT: {"using":"xpath","value":"//*[@id=\"application-managehandovers-display-component---AddNewHO--popup-sa\"]"}
COMMAND: POST /session/3ad3ed370b5892314835873e8b06bae6/element/f.66C564F48E23224A49CD761FFC4FB84D.d.5F5DD8C4FEB2AACD0DFE1EB44780C033.e.14291/click - {}
RESULT: {}
COMMAND: GET /session/3ad3ed370b5892314835873e8b06bae6/screenshot - {}
RESULT: {}
COMMAND: POST /session/3ad3ed370b5892314835873e8b06bae6/element - {"using":"xpath","value":"//bdi[contains(text(), \"Select\")]"}
RESULT: {"using":"xpath","value":"//bdi[contains(text(), \"Select\")]"}
COMMAND: POST /session/3ad3ed370b5892314835873e8b06bae6/element/f.66C564F48E23224A49CD761FFC4FB84D.d.5F5DD8C4FEB2AACD0DFE1EB44780C033.e.14292/click - {}
RESULT: {}
COMMAND: GET /session/3ad3ed370b5892314835873e8b06bae6/screenshot - {}
RESULT: {}
COMMAND: POST /session/3ad3ed370b5892314835873e8b06bae6/execute/async - {"script":"<script> [1562 bytes]","args":[{"selector":{"controlType":"sap.m.Input","viewName":"etm.portal.ui.managehandovers.view.AddNewHO","viewId":"application-managehandovers-display-component---AddNewHO","bindingPath":{"path":"/items/0","propertyPath":"TYPE","modelName":"hoItemsModel"},"interaction":{"idSuffix":"inner"}},"wdio_ui5_key":"etmportal.ui.managehandovers.view.AddNewHOsap.m.Input{\"path\":\"/items/0\",\"propertyPath\":\"TYPE\",\"modelName\":\"hoItemsModel\"}"}]}
RESULT: {"script":"<script> [1562 bytes]","args":[{"selector":{"controlType":"sap.m.Input","viewName":"etm.portal.ui.managehandovers.view.AddNewHO","viewId":"application-managehandovers-display-component---AddNewHO","bindingPath":{"path":"/items/0","propertyPath":"TYPE","modelName":"hoItemsModel"},"interaction":{"idSuffix":"inner"}},"wdio_ui5_key":"etmportal.ui.managehandovers.view.AddNewHOsap.m.Input{\"path\":\"/items/0\",\"propertyPath\":\"TYPE\",\"modelName\":\"hoItemsModel\"}"}]}
RESULT: undefined
COMMAND: POST /session/3ad3ed370b5892314835873e8b06bae6/execute/async - {"script":"<script> [776 bytes]","args":[{"enterText":"100","selector":{"controlType":"sap.m.Input","viewName":"etm.portal.ui.managehandovers.view.AddNewHO","viewId":"application-managehandovers-display-component---AddNewHO","bindingPath":{"path":"/items/0","propertyPath":"TYPE","modelName":"hoItemsModel"},"interaction":{"idSuffix":"inner"}},"clearTextFirst":true,"interactionType":"ENTER_TEXT"}]}
RESULT: {"script":"<script> [776 bytes]","args":[{"enterText":"100","selector":{"controlType":"sap.m.Input","viewName":"etm.portal.ui.managehandovers.view.AddNewHO","viewId":"application-managehandovers-display-component---AddNewHO","bindingPath":{"path":"/items/0","propertyPath":"TYPE","modelName":"hoItemsModel"},"interaction":{"idSuffix":"inner"}},"clearTextFirst":true,"interactionType":"ENTER_TEXT"}]}
COMMAND: POST /session/3ad3ed370b5892314835873e8b06bae6/element - {"using":"xpath","value":"//button[@data-kt=\"AddNewHOSaveButton\"]"}
RESULT: {"using":"xpath","value":"//button[@data-kt=\"AddNewHOSaveButton\"]"}
COMMAND: POST /session/3ad3ed370b5892314835873e8b06bae6/element/f.66C564F48E23224A49CD761FFC4FB84D.d.5F5DD8C4FEB2AACD0DFE1EB44780C033.e.14297/click - {}
RESULT: {}
COMMAND: GET /session/3ad3ed370b5892314835873e8b06bae6/screenshot - {}
COMMAND: POST /session/3ad3ed370b5892314835873e8b06bae6/execute/async - {"script":"<script> [1562 bytes]","args":[{"selector":{"id":"receiptDatePicker","viewName":"etm.portal.ui.managehandovers.view.DetailExecuteHO","interaction":{"idSuffix":"inner"}},"wdio_ui5_key":"receiptDatePickeretmportal.ui.managehandovers.view.DetailExecuteHO"}]}
RESULT: {}
RESULT: {"script":"<script> [1562 bytes]","args":[{"selector":{"id":"receiptDatePicker","viewName":"etm.portal.ui.managehandovers.view.DetailExecuteHO","interaction":{"idSuffix":"inner"}},"wdio_ui5_key":"receiptDatePickeretmportal.ui.managehandovers.view.DetailExecuteHO"}]}
RESULT: undefined
COMMAND: POST /session/3ad3ed370b5892314835873e8b06bae6/execute/async - {"script":"<script> [6424 bytes]","args":[{"element-6066-11e4-a52e-4f735466cecf":"f.66C564F48E23224A49CD761FFC4FB84D.d.5F5DD8C4FEB2AACD0DFE1EB44780C033.e.14325"},"setValue",["5/30/25"]]}
RESULT: {"script":"<script> [6424 bytes]","args":[{"element-6066-11e4-a52e-4f735466cecf":"f.66C564F48E23224A49CD761FFC4FB84D.d.5F5DD8C4FEB2AACD0DFE1EB44780C033.e.14325"},"setValue",["5/30/25"]]}
COMMAND: POST /session/3ad3ed370b5892314835873e8b06bae6/actions - {"actions":[{"id":"action72","type":"key","parameters":{},"actions":[{"type":"keyDown","value":""},{"type":"pause","duration":10},{"type":"keyUp","value":""}]}]}
RESULT: {"actions":[{"id":"action72","type":"key","parameters":{},"actions":[{"type":"keyDown","value":""},{"type":"pause","duration":10},{"type":"keyUp","value":""}]}]}
COMMAND: POST /session/3ad3ed370b5892314835873e8b06bae6/actions - {"actions":[{"id":"action73","type":"key","parameters":{},"actions":[{"type":"keyDown","value":""},{"type":"pause","duration":10},{"type":"keyUp","value":""}]}]}
COMMAND: GET /session/3ad3ed370b5892314835873e8b06bae6/screenshot - {}
RESULT: {"actions":[{"id":"action73","type":"key","parameters":{},"actions":[{"type":"keyDown","value":""},{"type":"pause","duration":10},{"type":"keyUp","value":""}]}]}
COMMAND: POST /session/3ad3ed370b5892314835873e8b06bae6/element - {"using":"xpath","value":"//button[@data-kt=\"ReceivingTableConfirmAllButton\"]"}
COMMAND: GET /session/3ad3ed370b5892314835873e8b06bae6/screenshot - {}
RESULT: {}
RESULT: {"using":"xpath","value":"//button[@data-kt=\"ReceivingTableConfirmAllButton\"]"}
COMMAND: POST /session/3ad3ed370b5892314835873e8b06bae6/element/f.66C564F48E23224A49CD761FFC4FB84D.d.5F5DD8C4FEB2AACD0DFE1EB44780C033.e.14341/click - {}
RESULT: {}
RESULT: {}
COMMAND: GET /session/3ad3ed370b5892314835873e8b06bae6/screenshot - {}
RESULT: {}
COMMAND: POST /session/3ad3ed370b5892314835873e8b06bae6/element - {"using":"xpath","value":"//bdi[contains(text(), \"OK\")]"}
RESULT: {"using":"xpath","value":"//bdi[contains(text(), \"OK\")]"}
COMMAND: POST /session/3ad3ed370b5892314835873e8b06bae6/element/f.66C564F48E23224A49CD761FFC4FB84D.d.5F5DD8C4FEB2AACD0DFE1EB44780C033.e.14344/click - {}
RESULT: {}
COMMAND: GET /session/3ad3ed370b5892314835873e8b06bae6/screenshot - {}
RESULT: {}
COMMAND: POST /session/3ad3ed370b5892314835873e8b06bae6/element - {"using":"xpath","value":"(//bdi[contains(text(), \"Receive\")])[2]"}
RESULT: {"using":"xpath","value":"(//bdi[contains(text(), \"Receive\")])[2]"}
COMMAND: POST /session/3ad3ed370b5892314835873e8b06bae6/element/f.66C564F48E23224A49CD761FFC4FB84D.d.5F5DD8C4FEB2AACD0DFE1EB44780C033.e.14345/click - {}
RESULT: {}
COMMAND: GET /session/3ad3ed370b5892314835873e8b06bae6/screenshot - {}
RESULT: {}
COMMAND: POST /session/3ad3ed370b5892314835873e8b06bae6/element - {"using":"css selector","value":"#shell-header-logo"}
RESULT: {"using":"css selector","value":"#shell-header-logo"}
COMMAND: POST /session/3ad3ed370b5892314835873e8b06bae6/element/f.66C564F48E23224A49CD761FFC4FB84D.d.5F5DD8C4FEB2AACD0DFE1EB44780C033.e.13796/click - {}
RESULT: {}
]]></system-out>
    </testcase>
    <testcase classname="chrome.136_0_7103_93.windows.E2E_-_Logistical_and_commercial_statuses" name="Should add a pricing rule and a condition to the RU" time="118.76">
      <system-out><![CDATA[
COMMAND: POST /session/3ad3ed370b5892314835873e8b06bae6/execute/async - {"script":"<script> [1562 bytes]","args":[{"selector":{"controlType":"sap.m.GenericTile","properties":{"header":"Manage Pricing Rules"}},"wdio_ui5_key":"sapm.GenericTile{\"header\":\"Manage Pricing Rules\"}"}]}
COMMAND: GET /session/3ad3ed370b5892314835873e8b06bae6/screenshot - {}
RESULT: {"script":"<script> [1562 bytes]","args":[{"selector":{"controlType":"sap.m.GenericTile","properties":{"header":"Manage Pricing Rules"}},"wdio_ui5_key":"sapm.GenericTile{\"header\":\"Manage Pricing Rules\"}"}]}
RESULT: undefined
COMMAND: POST /session/3ad3ed370b5892314835873e8b06bae6/element - {"using":"xpath","value":"//*[@id=\"__tile55\"]"}
RESULT: {}
RESULT: {"using":"xpath","value":"//*[@id=\"__tile55\"]"}
COMMAND: POST /session/3ad3ed370b5892314835873e8b06bae6/element/f.66C564F48E23224A49CD761FFC4FB84D.d.5F5DD8C4FEB2AACD0DFE1EB44780C033.e.13777/click - {}
RESULT: {}
COMMAND: GET /session/3ad3ed370b5892314835873e8b06bae6/screenshot - {}
RESULT: {}
COMMAND: POST /session/3ad3ed370b5892314835873e8b06bae6/elements - {"using":"xpath","value":"//span[text()='Error']"}
RESULT: {"using":"xpath","value":"//span[text()='Error']"}
COMMAND: POST /session/3ad3ed370b5892314835873e8b06bae6/execute/async - {"script":"<script> [1562 bytes]","args":[{"selector":{"controlType":"sap.ui.core.Icon","viewName":"etm.portal.ui.managepricingrules.view.MasterHeader","viewId":"application-managepricingrules-display-component---priceInfoHeader","properties":{"src":{"regex":{"source":"activity\\-items"}}}},"wdio_ui5_key":"etmportal.ui.managepricingrules.view.MasterHeadersap.ui.core.Icon{\"src\":{\"regex\":{\"source\":\"activity\\\\-items\"}}}"}]}
RESULT: {"script":"<script> [1562 bytes]","args":[{"selector":{"controlType":"sap.ui.core.Icon","viewName":"etm.portal.ui.managepricingrules.view.MasterHeader","viewId":"application-managepricingrules-display-component---priceInfoHeader","properties":{"src":{"regex":{"source":"activity\\-items"}}}},"wdio_ui5_key":"etmportal.ui.managepricingrules.view.MasterHeadersap.ui.core.Icon{\"src\":{\"regex\":{\"source\":\"activity\\\\-items\"}}}"}]}
RESULT: undefined
COMMAND: POST /session/3ad3ed370b5892314835873e8b06bae6/element - {"using":"xpath","value":"//*[@id=\"__filter22-icon\"]"}
RESULT: {"using":"xpath","value":"//*[@id=\"__filter22-icon\"]"}
COMMAND: POST /session/3ad3ed370b5892314835873e8b06bae6/element/f.66C564F48E23224A49CD761FFC4FB84D.d.5F5DD8C4FEB2AACD0DFE1EB44780C033.e.14623/click - {}
RESULT: {}
COMMAND: GET /session/3ad3ed370b5892314835873e8b06bae6/screenshot - {}
RESULT: {}
COMMAND: POST /session/3ad3ed370b5892314835873e8b06bae6/execute/async - {"script":"<script> [1562 bytes]","args":[{"selector":{"controlType":"sap.ui.core.Icon","viewName":"etm.portal.ui.managepricingrules.view.MasterItem","viewId":"application-managepricingrules-display-component---priceInfoItem","properties":{"src":{"regex":{"source":"add"}}}},"wdio_ui5_key":"etmportal.ui.managepricingrules.view.MasterItemsap.ui.core.Icon{\"src\":{\"regex\":{\"source\":\"add\"}}}"}]}
RESULT: {"script":"<script> [1562 bytes]","args":[{"selector":{"controlType":"sap.ui.core.Icon","viewName":"etm.portal.ui.managepricingrules.view.MasterItem","viewId":"application-managepricingrules-display-component---priceInfoItem","properties":{"src":{"regex":{"source":"add"}}}},"wdio_ui5_key":"etmportal.ui.managepricingrules.view.MasterItemsap.ui.core.Icon{\"src\":{\"regex\":{\"source\":\"add\"}}}"}]}
RESULT: undefined
COMMAND: POST /session/3ad3ed370b5892314835873e8b06bae6/element - {"using":"xpath","value":"//*[@id=\"__button80-img\"]"}
RESULT: {"using":"xpath","value":"//*[@id=\"__button80-img\"]"}
COMMAND: POST /session/3ad3ed370b5892314835873e8b06bae6/element/f.66C564F48E23224A49CD761FFC4FB84D.d.5F5DD8C4FEB2AACD0DFE1EB44780C033.e.14670/click - {}
RESULT: {}
COMMAND: GET /session/3ad3ed370b5892314835873e8b06bae6/screenshot - {}
RESULT: {}
COMMAND: POST /session/3ad3ed370b5892314835873e8b06bae6/element - {"using":"xpath","value":"//input[@id=\"application-managepricingrules-display-component---newInfoPriceItem--condRU-inner\"]"}
RESULT: {"using":"xpath","value":"//input[@id=\"application-managepricingrules-display-component---newInfoPriceItem--condRU-inner\"]"}
COMMAND: POST /session/3ad3ed370b5892314835873e8b06bae6/element/f.66C564F48E23224A49CD761FFC4FB84D.d.5F5DD8C4FEB2AACD0DFE1EB44780C033.e.14880/clear - {}
RESULT: {}
COMMAND: POST /session/3ad3ed370b5892314835873e8b06bae6/element/f.66C564F48E23224A49CD761FFC4FB84D.d.5F5DD8C4FEB2AACD0DFE1EB44780C033.e.14880/value - {"text":"WebdriverMatTestdk0qok"}
COMMAND: GET /session/3ad3ed370b5892314835873e8b06bae6/screenshot - {}
RESULT: {"text":"WebdriverMatTestdk0qok"}
COMMAND: POST /session/3ad3ed370b5892314835873e8b06bae6/execute/async - {"script":"<script> [1562 bytes]","args":[{"selector":{"id":"application-managepricingrules-display-component---newInfoPriceItem--condValidTo","interaction":{"idSuffix":"inner"}},"wdio_ui5_key":"applicationmanagepricingrules-display-component---newInfoPriceItem--condValidTo"}]}
COMMAND: GET /session/3ad3ed370b5892314835873e8b06bae6/screenshot - {}
RESULT: {}
RESULT: {"script":"<script> [1562 bytes]","args":[{"selector":{"id":"application-managepricingrules-display-component---newInfoPriceItem--condValidTo","interaction":{"idSuffix":"inner"}},"wdio_ui5_key":"applicationmanagepricingrules-display-component---newInfoPriceItem--condValidTo"}]}
RESULT: undefined
COMMAND: POST /session/3ad3ed370b5892314835873e8b06bae6/execute/async - {"script":"<script> [776 bytes]","args":[{"enterText":"5/18/33","selector":{"id":"application-managepricingrules-display-component---newInfoPriceItem--condValidTo","interaction":{"idSuffix":"inner"}},"clearTextFirst":true,"interactionType":"ENTER_TEXT"}]}
RESULT: {}
RESULT: {"script":"<script> [776 bytes]","args":[{"enterText":"5/18/33","selector":{"id":"application-managepricingrules-display-component---newInfoPriceItem--condValidTo","interaction":{"idSuffix":"inner"}},"clearTextFirst":true,"interactionType":"ENTER_TEXT"}]}
COMMAND: POST /session/3ad3ed370b5892314835873e8b06bae6/execute/async - {"script":"<script> [1562 bytes]","args":[{"selector":{"id":"application-managepricingrules-display-component---newInfoPriceItem--billType-arrow"},"wdio_ui5_key":"applicationmanagepricingrules-display-component---newInfoPriceItem--billType-arrow"}]}
RESULT: {"script":"<script> [1562 bytes]","args":[{"selector":{"id":"application-managepricingrules-display-component---newInfoPriceItem--billType-arrow"},"wdio_ui5_key":"applicationmanagepricingrules-display-component---newInfoPriceItem--billType-arrow"}]}
RESULT: undefined
COMMAND: POST /session/3ad3ed370b5892314835873e8b06bae6/element - {"using":"xpath","value":"//*[@id=\"application-managepricingrules-display-component---newInfoPriceItem--billType-arrow\"]"}
RESULT: {"using":"xpath","value":"//*[@id=\"application-managepricingrules-display-component---newInfoPriceItem--billType-arrow\"]"}
COMMAND: POST /session/3ad3ed370b5892314835873e8b06bae6/element/f.66C564F48E23224A49CD761FFC4FB84D.d.5F5DD8C4FEB2AACD0DFE1EB44780C033.e.14979/click - {}
RESULT: {}
COMMAND: POST /session/3ad3ed370b5892314835873e8b06bae6/element - {"using":"xpath","value":"//span[contains(text(), \"TB - Time based\")]"}
COMMAND: GET /session/3ad3ed370b5892314835873e8b06bae6/screenshot - {}
RESULT: {"using":"xpath","value":"//span[contains(text(), \"TB - Time based\")]"}
COMMAND: POST /session/3ad3ed370b5892314835873e8b06bae6/element/f.66C564F48E23224A49CD761FFC4FB84D.d.5F5DD8C4FEB2AACD0DFE1EB44780C033.e.15020/click - {}
RESULT: {}
RESULT: {}
COMMAND: POST /session/3ad3ed370b5892314835873e8b06bae6/execute/async - {"script":"<script> [1562 bytes]","args":[{"selector":{"id":"application-managepricingrules-display-component---newInfoPriceItem--priceProc-arrow"},"wdio_ui5_key":"applicationmanagepricingrules-display-component---newInfoPriceItem--priceProc-arrow"}]}
COMMAND: GET /session/3ad3ed370b5892314835873e8b06bae6/screenshot - {}
RESULT: {"script":"<script> [1562 bytes]","args":[{"selector":{"id":"application-managepricingrules-display-component---newInfoPriceItem--priceProc-arrow"},"wdio_ui5_key":"applicationmanagepricingrules-display-component---newInfoPriceItem--priceProc-arrow"}]}
RESULT: undefined
COMMAND: POST /session/3ad3ed370b5892314835873e8b06bae6/element - {"using":"xpath","value":"//*[@id=\"application-managepricingrules-display-component---newInfoPriceItem--priceProc-arrow\"]"}
RESULT: {}
RESULT: {"using":"xpath","value":"//*[@id=\"application-managepricingrules-display-component---newInfoPriceItem--priceProc-arrow\"]"}
COMMAND: POST /session/3ad3ed370b5892314835873e8b06bae6/element/f.66C564F48E23224A49CD761FFC4FB84D.d.5F5DD8C4FEB2AACD0DFE1EB44780C033.e.14986/click - {}
RESULT: {}
COMMAND: POST /session/3ad3ed370b5892314835873e8b06bae6/element - {"using":"xpath","value":"//span[contains(text(), \"TBS - Time based standard\")]"}
COMMAND: GET /session/3ad3ed370b5892314835873e8b06bae6/screenshot - {}
RESULT: {"using":"xpath","value":"//span[contains(text(), \"TBS - Time based standard\")]"}
COMMAND: POST /session/3ad3ed370b5892314835873e8b06bae6/element/f.66C564F48E23224A49CD761FFC4FB84D.d.5F5DD8C4FEB2AACD0DFE1EB44780C033.e.15021/click - {}
RESULT: {}
RESULT: {}
COMMAND: POST /session/3ad3ed370b5892314835873e8b06bae6/execute/async - {"script":"<script> [1562 bytes]","args":[{"selector":{"id":"application-managepricingrules-display-component---newInfoPriceItem--calcBase-arrow"},"wdio_ui5_key":"applicationmanagepricingrules-display-component---newInfoPriceItem--calcBase-arrow"}]}
COMMAND: GET /session/3ad3ed370b5892314835873e8b06bae6/screenshot - {}
RESULT: {"script":"<script> [1562 bytes]","args":[{"selector":{"id":"application-managepricingrules-display-component---newInfoPriceItem--calcBase-arrow"},"wdio_ui5_key":"applicationmanagepricingrules-display-component---newInfoPriceItem--calcBase-arrow"}]}
RESULT: undefined
COMMAND: POST /session/3ad3ed370b5892314835873e8b06bae6/element - {"using":"xpath","value":"//*[@id=\"application-managepricingrules-display-component---newInfoPriceItem--calcBase-arrow\"]"}
RESULT: {}
RESULT: {"using":"xpath","value":"//*[@id=\"application-managepricingrules-display-component---newInfoPriceItem--calcBase-arrow\"]"}
COMMAND: POST /session/3ad3ed370b5892314835873e8b06bae6/element/f.66C564F48E23224A49CD761FFC4FB84D.d.5F5DD8C4FEB2AACD0DFE1EB44780C033.e.14993/click - {}
RESULT: {}
COMMAND: GET /session/3ad3ed370b5892314835873e8b06bae6/screenshot - {}
RESULT: {}
COMMAND: POST /session/3ad3ed370b5892314835873e8b06bae6/element - {"using":"xpath","value":"//span[contains(text(), \"0006 - TB(calendar days)\")]"}
RESULT: {"using":"xpath","value":"//span[contains(text(), \"0006 - TB(calendar days)\")]"}
COMMAND: POST /session/3ad3ed370b5892314835873e8b06bae6/element/f.66C564F48E23224A49CD761FFC4FB84D.d.5F5DD8C4FEB2AACD0DFE1EB44780C033.e.15022/click - {}
RESULT: {}
COMMAND: POST /session/3ad3ed370b5892314835873e8b06bae6/execute/async - {"script":"<script> [1562 bytes]","args":[{"selector":{"id":"application-managepricingrules-display-component---newInfoPriceItem--daysMonth","interaction":{"idSuffix":"inner"}},"wdio_ui5_key":"applicationmanagepricingrules-display-component---newInfoPriceItem--daysMonth"}]}
COMMAND: GET /session/3ad3ed370b5892314835873e8b06bae6/screenshot - {}
RESULT: {"script":"<script> [1562 bytes]","args":[{"selector":{"id":"application-managepricingrules-display-component---newInfoPriceItem--daysMonth","interaction":{"idSuffix":"inner"}},"wdio_ui5_key":"applicationmanagepricingrules-display-component---newInfoPriceItem--daysMonth"}]}
RESULT: undefined
COMMAND: POST /session/3ad3ed370b5892314835873e8b06bae6/execute/async - {"script":"<script> [776 bytes]","args":[{"enterText":"30","selector":{"id":"application-managepricingrules-display-component---newInfoPriceItem--daysMonth","interaction":{"idSuffix":"inner"}},"clearTextFirst":true,"interactionType":"ENTER_TEXT"}]}
RESULT: {}
RESULT: {"script":"<script> [776 bytes]","args":[{"enterText":"30","selector":{"id":"application-managepricingrules-display-component---newInfoPriceItem--daysMonth","interaction":{"idSuffix":"inner"}},"clearTextFirst":true,"interactionType":"ENTER_TEXT"}]}
COMMAND: POST /session/3ad3ed370b5892314835873e8b06bae6/element - {"using":"xpath","value":"//button[@data-kt=\"saveNewRuleButton\"]"}
RESULT: {"using":"xpath","value":"//button[@data-kt=\"saveNewRuleButton\"]"}
COMMAND: POST /session/3ad3ed370b5892314835873e8b06bae6/element/f.66C564F48E23224A49CD761FFC4FB84D.d.5F5DD8C4FEB2AACD0DFE1EB44780C033.e.15013/click - {}
RESULT: {}
COMMAND: GET /session/3ad3ed370b5892314835873e8b06bae6/screenshot - {}
RESULT: {}
COMMAND: POST /session/3ad3ed370b5892314835873e8b06bae6/element - {"using":"css selector","value":"#shell-header-logo"}
RESULT: {"using":"css selector","value":"#shell-header-logo"}
COMMAND: POST /session/3ad3ed370b5892314835873e8b06bae6/element/f.66C564F48E23224A49CD761FFC4FB84D.d.5F5DD8C4FEB2AACD0DFE1EB44780C033.e.14576/click - {}
RESULT: {}
COMMAND: GET /session/3ad3ed370b5892314835873e8b06bae6/screenshot - {}
RESULT: {}
COMMAND: POST /session/3ad3ed370b5892314835873e8b06bae6/execute/async - {"script":"<script> [1562 bytes]","args":[{"selector":{"controlType":"sap.m.Text","properties":{"text":"Manage Conditions & Prices"},"interaction":{"idSuffix":"inner"}},"wdio_ui5_key":"sapm.Text{\"text\":\"Manage Conditions & Prices\"}"}]}
RESULT: {"script":"<script> [1562 bytes]","args":[{"selector":{"controlType":"sap.m.Text","properties":{"text":"Manage Conditions & Prices"},"interaction":{"idSuffix":"inner"}},"wdio_ui5_key":"sapm.Text{\"text\":\"Manage Conditions & Prices\"}"}]}
RESULT: undefined
COMMAND: POST /session/3ad3ed370b5892314835873e8b06bae6/element - {"using":"xpath","value":"//*[@id=\"__tile53-title\"]"}
RESULT: {"using":"xpath","value":"//*[@id=\"__tile53-title\"]"}
COMMAND: POST /session/3ad3ed370b5892314835873e8b06bae6/element/f.66C564F48E23224A49CD761FFC4FB84D.d.5F5DD8C4FEB2AACD0DFE1EB44780C033.e.15041/click - {}
RESULT: {}
COMMAND: GET /session/3ad3ed370b5892314835873e8b06bae6/screenshot - {}
RESULT: {}
COMMAND: POST /session/3ad3ed370b5892314835873e8b06bae6/element - {"using":"xpath","value":"//button[@aria-label=\"Create\"]"}
RESULT: {"using":"xpath","value":"//button[@aria-label=\"Create\"]"}
COMMAND: POST /session/3ad3ed370b5892314835873e8b06bae6/element/f.66C564F48E23224A49CD761FFC4FB84D.d.5F5DD8C4FEB2AACD0DFE1EB44780C033.e.15073/click - {}
RESULT: {}
COMMAND: POST /session/3ad3ed370b5892314835873e8b06bae6/actions - {"actions":[{"id":"action74","type":"key","parameters":{},"actions":[{"type":"keyDown","value":""},{"type":"pause","duration":10},{"type":"keyUp","value":""}]}]}
COMMAND: GET /session/3ad3ed370b5892314835873e8b06bae6/screenshot - {}
RESULT: {"actions":[{"id":"action74","type":"key","parameters":{},"actions":[{"type":"keyDown","value":""},{"type":"pause","duration":10},{"type":"keyUp","value":""}]}]}
COMMAND: GET /session/3ad3ed370b5892314835873e8b06bae6/screenshot - {}
COMMAND: POST /session/3ad3ed370b5892314835873e8b06bae6/execute/async - {"script":"<script> [1562 bytes]","args":[{"selector":{"id":"application-manageconditionprice-display-component---newCondition--condBillCond-arrow"},"wdio_ui5_key":"applicationmanageconditionprice-display-component---newCondition--condBillCond-arrow"}]}
RESULT: {}
RESULT: {}
RESULT: {"script":"<script> [1562 bytes]","args":[{"selector":{"id":"application-manageconditionprice-display-component---newCondition--condBillCond-arrow"},"wdio_ui5_key":"applicationmanageconditionprice-display-component---newCondition--condBillCond-arrow"}]}
RESULT: undefined
COMMAND: POST /session/3ad3ed370b5892314835873e8b06bae6/element - {"using":"xpath","value":"//*[@id=\"application-manageconditionprice-display-component---newCondition--condBillCond-arrow\"]"}
RESULT: {"using":"xpath","value":"//*[@id=\"application-manageconditionprice-display-component---newCondition--condBillCond-arrow\"]"}
COMMAND: POST /session/3ad3ed370b5892314835873e8b06bae6/element/f.66C564F48E23224A49CD761FFC4FB84D.d.5F5DD8C4FEB2AACD0DFE1EB44780C033.e.15536/click - {}
RESULT: {}
COMMAND: POST /session/3ad3ed370b5892314835873e8b06bae6/element - {"using":"xpath","value":"//span[contains(text(), \"DISP - D&I special price\")]"}
COMMAND: GET /session/3ad3ed370b5892314835873e8b06bae6/screenshot - {}
RESULT: {"using":"xpath","value":"//span[contains(text(), \"DISP - D&I special price\")]"}
COMMAND: POST /session/3ad3ed370b5892314835873e8b06bae6/element/f.66C564F48E23224A49CD761FFC4FB84D.d.5F5DD8C4FEB2AACD0DFE1EB44780C033.e.15537/click - {}
RESULT: {}
RESULT: {}
COMMAND: POST /session/3ad3ed370b5892314835873e8b06bae6/execute/async - {"script":"<script> [1562 bytes]","args":[{"selector":{"id":"application-manageconditionprice-display-component---newCondition--condValidTo","interaction":{"idSuffix":"inner"}},"wdio_ui5_key":"applicationmanageconditionprice-display-component---newCondition--condValidTo"}]}
COMMAND: GET /session/3ad3ed370b5892314835873e8b06bae6/screenshot - {}
RESULT: {"script":"<script> [1562 bytes]","args":[{"selector":{"id":"application-manageconditionprice-display-component---newCondition--condValidTo","interaction":{"idSuffix":"inner"}},"wdio_ui5_key":"applicationmanageconditionprice-display-component---newCondition--condValidTo"}]}
RESULT: undefined
COMMAND: POST /session/3ad3ed370b5892314835873e8b06bae6/execute/async - {"script":"<script> [776 bytes]","args":[{"enterText":"5/11/33","selector":{"id":"application-manageconditionprice-display-component---newCondition--condValidTo","interaction":{"idSuffix":"inner"}},"clearTextFirst":true,"interactionType":"ENTER_TEXT"}]}
RESULT: {}
RESULT: {"script":"<script> [776 bytes]","args":[{"enterText":"5/11/33","selector":{"id":"application-manageconditionprice-display-component---newCondition--condValidTo","interaction":{"idSuffix":"inner"}},"clearTextFirst":true,"interactionType":"ENTER_TEXT"}]}
COMMAND: POST /session/3ad3ed370b5892314835873e8b06bae6/element - {"using":"xpath","value":"//input[@id=\"application-manageconditionprice-display-component---newCondition--condRU-inner\"]"}
RESULT: {"using":"xpath","value":"//input[@id=\"application-manageconditionprice-display-component---newCondition--condRU-inner\"]"}
COMMAND: POST /session/3ad3ed370b5892314835873e8b06bae6/element/f.66C564F48E23224A49CD761FFC4FB84D.d.5F5DD8C4FEB2AACD0DFE1EB44780C033.e.15270/clear - {}
RESULT: {}
COMMAND: POST /session/3ad3ed370b5892314835873e8b06bae6/element/f.66C564F48E23224A49CD761FFC4FB84D.d.5F5DD8C4FEB2AACD0DFE1EB44780C033.e.15270/value - {"text":"WebdriverMatTestdk0qok"}
COMMAND: GET /session/3ad3ed370b5892314835873e8b06bae6/screenshot - {}
RESULT: {"text":"WebdriverMatTestdk0qok"}
COMMAND: GET /session/3ad3ed370b5892314835873e8b06bae6/screenshot - {}
RESULT: {}
RESULT: {}
COMMAND: POST /session/3ad3ed370b5892314835873e8b06bae6/actions - {"actions":[{"id":"action75","type":"key","parameters":{},"actions":[{"type":"keyDown","value":""},{"type":"pause","duration":10},{"type":"keyUp","value":""}]}]}
RESULT: {"actions":[{"id":"action75","type":"key","parameters":{},"actions":[{"type":"keyDown","value":""},{"type":"pause","duration":10},{"type":"keyUp","value":""}]}]}
COMMAND: POST /session/3ad3ed370b5892314835873e8b06bae6/execute/async - {"script":"<script> [1562 bytes]","args":[{"selector":{"id":"application-manageconditionprice-display-component---newCondition--condBaseQty","interaction":{"idSuffix":"inner"}},"wdio_ui5_key":"applicationmanageconditionprice-display-component---newCondition--condBaseQty"}]}
COMMAND: GET /session/3ad3ed370b5892314835873e8b06bae6/screenshot - {}
RESULT: {"script":"<script> [1562 bytes]","args":[{"selector":{"id":"application-manageconditionprice-display-component---newCondition--condBaseQty","interaction":{"idSuffix":"inner"}},"wdio_ui5_key":"applicationmanageconditionprice-display-component---newCondition--condBaseQty"}]}
RESULT: undefined
COMMAND: POST /session/3ad3ed370b5892314835873e8b06bae6/execute/async - {"script":"<script> [776 bytes]","args":[{"enterText":"1","selector":{"id":"application-manageconditionprice-display-component---newCondition--condBaseQty","interaction":{"idSuffix":"inner"}},"clearTextFirst":true,"interactionType":"ENTER_TEXT"}]}
RESULT: {}
RESULT: {"script":"<script> [776 bytes]","args":[{"enterText":"1","selector":{"id":"application-manageconditionprice-display-component---newCondition--condBaseQty","interaction":{"idSuffix":"inner"}},"clearTextFirst":true,"interactionType":"ENTER_TEXT"}]}
COMMAND: POST /session/3ad3ed370b5892314835873e8b06bae6/execute/async - {"script":"<script> [1562 bytes]","args":[{"selector":{"id":"application-manageconditionprice-display-component---newCondition--condValue","interaction":{"idSuffix":"inner"}},"wdio_ui5_key":"applicationmanageconditionprice-display-component---newCondition--condValue"}]}
RESULT: {"script":"<script> [1562 bytes]","args":[{"selector":{"id":"application-manageconditionprice-display-component---newCondition--condValue","interaction":{"idSuffix":"inner"}},"wdio_ui5_key":"applicationmanageconditionprice-display-component---newCondition--condValue"}]}
RESULT: undefined
COMMAND: POST /session/3ad3ed370b5892314835873e8b06bae6/execute/async - {"script":"<script> [776 bytes]","args":[{"enterText":"100","selector":{"id":"application-manageconditionprice-display-component---newCondition--condValue","interaction":{"idSuffix":"inner"}},"clearTextFirst":true,"interactionType":"ENTER_TEXT"}]}
RESULT: {"script":"<script> [776 bytes]","args":[{"enterText":"100","selector":{"id":"application-manageconditionprice-display-component---newCondition--condValue","interaction":{"idSuffix":"inner"}},"clearTextFirst":true,"interactionType":"ENTER_TEXT"}]}
COMMAND: POST /session/3ad3ed370b5892314835873e8b06bae6/execute/async - {"script":"<script> [1562 bytes]","args":[{"selector":{"id":"application-manageconditionprice-display-component---newCondition--condCurr-arrow"},"wdio_ui5_key":"applicationmanageconditionprice-display-component---newCondition--condCurr-arrow"}]}
RESULT: {"script":"<script> [1562 bytes]","args":[{"selector":{"id":"application-manageconditionprice-display-component---newCondition--condCurr-arrow"},"wdio_ui5_key":"applicationmanageconditionprice-display-component---newCondition--condCurr-arrow"}]}
RESULT: undefined
COMMAND: POST /session/3ad3ed370b5892314835873e8b06bae6/element - {"using":"xpath","value":"//*[@id=\"application-manageconditionprice-display-component---newCondition--condCurr-arrow\"]"}
RESULT: {"using":"xpath","value":"//*[@id=\"application-manageconditionprice-display-component---newCondition--condCurr-arrow\"]"}
COMMAND: POST /session/3ad3ed370b5892314835873e8b06bae6/element/f.66C564F48E23224A49CD761FFC4FB84D.d.5F5DD8C4FEB2AACD0DFE1EB44780C033.e.15503/click - {}
RESULT: {}
COMMAND: POST /session/3ad3ed370b5892314835873e8b06bae6/element - {"using":"xpath","value":"//span[contains(text(), \"Euro\")]"}
COMMAND: GET /session/3ad3ed370b5892314835873e8b06bae6/screenshot - {}
RESULT: {"using":"xpath","value":"//span[contains(text(), \"Euro\")]"}
COMMAND: POST /session/3ad3ed370b5892314835873e8b06bae6/element/f.66C564F48E23224A49CD761FFC4FB84D.d.5F5DD8C4FEB2AACD0DFE1EB44780C033.e.15573/click - {}
RESULT: {}
RESULT: {}
COMMAND: POST /session/3ad3ed370b5892314835873e8b06bae6/element - {"using":"xpath","value":"//button[@data-kt=\"saveButton\"]"}
COMMAND: GET /session/3ad3ed370b5892314835873e8b06bae6/screenshot - {}
RESULT: {"using":"xpath","value":"//button[@data-kt=\"saveButton\"]"}
COMMAND: POST /session/3ad3ed370b5892314835873e8b06bae6/element/f.66C564F48E23224A49CD761FFC4FB84D.d.5F5DD8C4FEB2AACD0DFE1EB44780C033.e.15504/click - {}
RESULT: {}
RESULT: {}
COMMAND: GET /session/3ad3ed370b5892314835873e8b06bae6/screenshot - {}
RESULT: {}
COMMAND: POST /session/3ad3ed370b5892314835873e8b06bae6/element - {"using":"css selector","value":"#shell-header-logo"}
RESULT: {"using":"css selector","value":"#shell-header-logo"}
COMMAND: POST /session/3ad3ed370b5892314835873e8b06bae6/element/f.66C564F48E23224A49CD761FFC4FB84D.d.5F5DD8C4FEB2AACD0DFE1EB44780C033.e.15044/click - {}
RESULT: {}
COMMAND: GET /session/3ad3ed370b5892314835873e8b06bae6/screenshot - {}
RESULT: {}
]]></system-out>
    </testcase>
    <testcase classname="chrome.136_0_7103_93.windows.E2E_-_Logistical_and_commercial_statuses" name="Should create a new contract" time="89.587">
      <system-out><![CDATA[
COMMAND: POST /session/3ad3ed370b5892314835873e8b06bae6/execute/async - {"script":"<script> [1562 bytes]","args":[{"selector":{"controlType":"sap.m.GenericTile","properties":{"header":"Manage Contracts"}},"wdio_ui5_key":"sapm.GenericTile{\"header\":\"Manage Contracts\"}"}]}
RESULT: {"script":"<script> [1562 bytes]","args":[{"selector":{"controlType":"sap.m.GenericTile","properties":{"header":"Manage Contracts"}},"wdio_ui5_key":"sapm.GenericTile{\"header\":\"Manage Contracts\"}"}]}
RESULT: undefined
COMMAND: POST /session/3ad3ed370b5892314835873e8b06bae6/element - {"using":"xpath","value":"//*[@id=\"__tile130\"]"}
RESULT: {"using":"xpath","value":"//*[@id=\"__tile130\"]"}
COMMAND: POST /session/3ad3ed370b5892314835873e8b06bae6/element/f.66C564F48E23224A49CD761FFC4FB84D.d.5F5DD8C4FEB2AACD0DFE1EB44780C033.e.15723/click - {}
RESULT: {}
COMMAND: GET /session/3ad3ed370b5892314835873e8b06bae6/screenshot - {}
RESULT: {}
COMMAND: POST /session/3ad3ed370b5892314835873e8b06bae6/elements - {"using":"xpath","value":"//span[text()='Error']"}
RESULT: {"using":"xpath","value":"//span[text()='Error']"}
COMMAND: POST /session/3ad3ed370b5892314835873e8b06bae6/element - {"using":"xpath","value":"//button[@data-kt=\"addButton\"]"}
RESULT: {"using":"xpath","value":"//button[@data-kt=\"addButton\"]"}
COMMAND: POST /session/3ad3ed370b5892314835873e8b06bae6/element/f.66C564F48E23224A49CD761FFC4FB84D.d.5F5DD8C4FEB2AACD0DFE1EB44780C033.e.15777/click - {}
RESULT: {}
COMMAND: GET /session/3ad3ed370b5892314835873e8b06bae6/screenshot - {}
COMMAND: POST /session/3ad3ed370b5892314835873e8b06bae6/execute/async - {"script":"<script> [1562 bytes]","args":[{"selector":{"id":"application-managecontracts-display-component---AddNewContract--projectDescription","interaction":{"idSuffix":"inner"}},"wdio_ui5_key":"applicationmanagecontracts-display-component---AddNewContract--projectDescription"}]}
RESULT: {}
RESULT: {"script":"<script> [1562 bytes]","args":[{"selector":{"id":"application-managecontracts-display-component---AddNewContract--projectDescription","interaction":{"idSuffix":"inner"}},"wdio_ui5_key":"applicationmanagecontracts-display-component---AddNewContract--projectDescription"}]}
RESULT: undefined
COMMAND: POST /session/3ad3ed370b5892314835873e8b06bae6/execute/async - {"script":"<script> [776 bytes]","args":[{"enterText":"WdIOR2casqkpg","selector":{"id":"application-managecontracts-display-component---AddNewContract--projectDescription","interaction":{"idSuffix":"inner"}},"clearTextFirst":true,"interactionType":"ENTER_TEXT"}]}
RESULT: {"script":"<script> [776 bytes]","args":[{"enterText":"WdIOR2casqkpg","selector":{"id":"application-managecontracts-display-component---AddNewContract--projectDescription","interaction":{"idSuffix":"inner"}},"clearTextFirst":true,"interactionType":"ENTER_TEXT"}]}
COMMAND: POST /session/3ad3ed370b5892314835873e8b06bae6/element - {"using":"xpath","value":"//input[@id=\"application-managecontracts-display-component---AddNewContract--yardId-inner\"]"}
RESULT: {"using":"xpath","value":"//input[@id=\"application-managecontracts-display-component---AddNewContract--yardId-inner\"]"}
COMMAND: POST /session/3ad3ed370b5892314835873e8b06bae6/element/f.66C564F48E23224A49CD761FFC4FB84D.d.5F5DD8C4FEB2AACD0DFE1EB44780C033.e.16041/clear - {}
RESULT: {}
COMMAND: POST /session/3ad3ed370b5892314835873e8b06bae6/element/f.66C564F48E23224A49CD761FFC4FB84D.d.5F5DD8C4FEB2AACD0DFE1EB44780C033.e.16041/value - {"text":"WebdriverYardzwtry"}
COMMAND: GET /session/3ad3ed370b5892314835873e8b06bae6/screenshot - {}
RESULT: {"text":"WebdriverYardzwtry"}
COMMAND: GET /session/3ad3ed370b5892314835873e8b06bae6/screenshot - {}
RESULT: {}
RESULT: {}
COMMAND: POST /session/3ad3ed370b5892314835873e8b06bae6/actions - {"actions":[{"id":"action76","type":"key","parameters":{},"actions":[{"type":"keyDown","value":""},{"type":"pause","duration":10},{"type":"keyUp","value":""}]}]}
RESULT: {"actions":[{"id":"action76","type":"key","parameters":{},"actions":[{"type":"keyDown","value":""},{"type":"pause","duration":10},{"type":"keyUp","value":""}]}]}
COMMAND: GET /session/3ad3ed370b5892314835873e8b06bae6/screenshot - {}
RESULT: {}
COMMAND: POST /session/3ad3ed370b5892314835873e8b06bae6/element - {"using":"xpath","value":"//input[@id=\"application-managecontracts-display-component---AddNewContract--customerSelect-inner\"]"}
RESULT: {"using":"xpath","value":"//input[@id=\"application-managecontracts-display-component---AddNewContract--customerSelect-inner\"]"}
COMMAND: POST /session/3ad3ed370b5892314835873e8b06bae6/element/f.66C564F48E23224A49CD761FFC4FB84D.d.5F5DD8C4FEB2AACD0DFE1EB44780C033.e.16039/clear - {}
RESULT: {}
COMMAND: POST /session/3ad3ed370b5892314835873e8b06bae6/element/f.66C564F48E23224A49CD761FFC4FB84D.d.5F5DD8C4FEB2AACD0DFE1EB44780C033.e.16039/value - {"text":"WebdriverPartner620ba"}
COMMAND: GET /session/3ad3ed370b5892314835873e8b06bae6/screenshot - {}
RESULT: {"text":"WebdriverPartner620ba"}
COMMAND: GET /session/3ad3ed370b5892314835873e8b06bae6/screenshot - {}
RESULT: {}
RESULT: {}
COMMAND: POST /session/3ad3ed370b5892314835873e8b06bae6/actions - {"actions":[{"id":"action77","type":"key","parameters":{},"actions":[{"type":"keyDown","value":""},{"type":"pause","duration":10},{"type":"keyUp","value":""}]}]}
RESULT: {"actions":[{"id":"action77","type":"key","parameters":{},"actions":[{"type":"keyDown","value":""},{"type":"pause","duration":10},{"type":"keyUp","value":""}]}]}
COMMAND: GET /session/3ad3ed370b5892314835873e8b06bae6/screenshot - {}
RESULT: {}
COMMAND: POST /session/3ad3ed370b5892314835873e8b06bae6/element - {"using":"xpath","value":"//input[@id=\"application-managecontracts-display-component---AddNewContract--site-inner\"]"}
RESULT: {"using":"xpath","value":"//input[@id=\"application-managecontracts-display-component---AddNewContract--site-inner\"]"}
COMMAND: POST /session/3ad3ed370b5892314835873e8b06bae6/element/f.66C564F48E23224A49CD761FFC4FB84D.d.5F5DD8C4FEB2AACD0DFE1EB44780C033.e.16040/clear - {}
RESULT: {}
COMMAND: POST /session/3ad3ed370b5892314835873e8b06bae6/element/f.66C564F48E23224A49CD761FFC4FB84D.d.5F5DD8C4FEB2AACD0DFE1EB44780C033.e.16040/value - {"text":"WebdriverSitewotfy"}
COMMAND: GET /session/3ad3ed370b5892314835873e8b06bae6/screenshot - {}
RESULT: {"text":"WebdriverSitewotfy"}
COMMAND: GET /session/3ad3ed370b5892314835873e8b06bae6/screenshot - {}
RESULT: {}
RESULT: {}
COMMAND: POST /session/3ad3ed370b5892314835873e8b06bae6/actions - {"actions":[{"id":"action78","type":"key","parameters":{},"actions":[{"type":"keyDown","value":""},{"type":"pause","duration":10},{"type":"keyUp","value":""}]}]}
RESULT: {"actions":[{"id":"action78","type":"key","parameters":{},"actions":[{"type":"keyDown","value":""},{"type":"pause","duration":10},{"type":"keyUp","value":""}]}]}
COMMAND: POST /session/3ad3ed370b5892314835873e8b06bae6/element - {"using":"xpath","value":"//button[@data-kt=\"saveButton\"]"}
COMMAND: GET /session/3ad3ed370b5892314835873e8b06bae6/screenshot - {}
RESULT: {"using":"xpath","value":"//button[@data-kt=\"saveButton\"]"}
COMMAND: POST /session/3ad3ed370b5892314835873e8b06bae6/element/f.66C564F48E23224A49CD761FFC4FB84D.d.5F5DD8C4FEB2AACD0DFE1EB44780C033.e.16115/click - {}
RESULT: {}
RESULT: {}
COMMAND: GET /session/3ad3ed370b5892314835873e8b06bae6/screenshot - {}
RESULT: {}
COMMAND: POST /session/3ad3ed370b5892314835873e8b06bae6/execute/async - {"script":"<script> [1562 bytes]","args":[{"selector":{"id":"contractDetailTitleNoExpanded","viewName":"etm.portal.ui.managecontracts.view.Detail"},"wdio_ui5_key":"contractDetailTitleNoExpandedetmportal.ui.managecontracts.view.Detail"}]}
RESULT: {"script":"<script> [1562 bytes]","args":[{"selector":{"id":"contractDetailTitleNoExpanded","viewName":"etm.portal.ui.managecontracts.view.Detail"},"wdio_ui5_key":"contractDetailTitleNoExpandedetmportal.ui.managecontracts.view.Detail"}]}
RESULT: undefined
COMMAND: POST /session/3ad3ed370b5892314835873e8b06bae6/execute/async - {"script":"<script> [6424 bytes]","args":[{"element-6066-11e4-a52e-4f735466cecf":"f.66C564F48E23224A49CD761FFC4FB84D.d.5F5DD8C4FEB2AACD0DFE1EB44780C033.e.16196"},"getText",[]]}
RESULT: {"script":"<script> [6424 bytes]","args":[{"element-6066-11e4-a52e-4f735466cecf":"f.66C564F48E23224A49CD761FFC4FB84D.d.5F5DD8C4FEB2AACD0DFE1EB44780C033.e.16196"},"getText",[]]}
]]></system-out>
    </testcase>
    <testcase classname="chrome.136_0_7103_93.windows.E2E_-_Logistical_and_commercial_statuses" name="Should add materialID to the contract" time="52.401">
      <system-out><![CDATA[
COMMAND: POST /session/3ad3ed370b5892314835873e8b06bae6/element - {"using":"xpath","value":"//button[@data-kt=\"contractDetailEditBtnButton\"]"}
RESULT: {"using":"xpath","value":"//button[@data-kt=\"contractDetailEditBtnButton\"]"}
COMMAND: POST /session/3ad3ed370b5892314835873e8b06bae6/element/f.66C564F48E23224A49CD761FFC4FB84D.d.5F5DD8C4FEB2AACD0DFE1EB44780C033.e.16197/click - {}
RESULT: {}
COMMAND: GET /session/3ad3ed370b5892314835873e8b06bae6/screenshot - {}
RESULT: {}
COMMAND: POST /session/3ad3ed370b5892314835873e8b06bae6/element - {"using":"xpath","value":"(//span[contains(text(), \"Additional Addresses\")])[2]"}
RESULT: {"using":"xpath","value":"(//span[contains(text(), \"Additional Addresses\")])[2]"}
COMMAND: POST /session/3ad3ed370b5892314835873e8b06bae6/element/f.66C564F48E23224A49CD761FFC4FB84D.d.5F5DD8C4FEB2AACD0DFE1EB44780C033.e.16254/click - {}
RESULT: {}
COMMAND: GET /session/3ad3ed370b5892314835873e8b06bae6/screenshot - {}
RESULT: {}
COMMAND: POST /session/3ad3ed370b5892314835873e8b06bae6/element - {"using":"xpath","value":"//button[@data-kt=\"btnAddTableRowOverflowToolbarButton\"]"}
RESULT: {"using":"xpath","value":"//button[@data-kt=\"btnAddTableRowOverflowToolbarButton\"]"}
COMMAND: POST /session/3ad3ed370b5892314835873e8b06bae6/element/f.66C564F48E23224A49CD761FFC4FB84D.d.5F5DD8C4FEB2AACD0DFE1EB44780C033.e.16256/click - {}
RESULT: {}
COMMAND: GET /session/3ad3ed370b5892314835873e8b06bae6/screenshot - {}
RESULT: {}
COMMAND: POST /session/3ad3ed370b5892314835873e8b06bae6/element - {"using":"xpath","value":"//div[(text() = 'Standard Entry' or . = 'Standard Entry')]"}
RESULT: {"using":"xpath","value":"//div[(text() = 'Standard Entry' or . = 'Standard Entry')]"}
COMMAND: POST /session/3ad3ed370b5892314835873e8b06bae6/element/f.66C564F48E23224A49CD761FFC4FB84D.d.5F5DD8C4FEB2AACD0DFE1EB44780C033.e.16258/click - {}
RESULT: {}
COMMAND: POST /session/3ad3ed370b5892314835873e8b06bae6/element - {"using":"xpath","value":"//td[6]/div/div/input[1]"}
COMMAND: GET /session/3ad3ed370b5892314835873e8b06bae6/screenshot - {}
RESULT: {"using":"xpath","value":"//td[6]/div/div/input[1]"}
COMMAND: POST /session/3ad3ed370b5892314835873e8b06bae6/element/f.66C564F48E23224A49CD761FFC4FB84D.d.5F5DD8C4FEB2AACD0DFE1EB44780C033.e.16260/click - {}
RESULT: {}
RESULT: {}
COMMAND: POST /session/3ad3ed370b5892314835873e8b06bae6/actions - {"actions":[{"id":"action79","type":"key","parameters":{},"actions":[{"type":"keyDown","value":""},{"type":"pause","duration":10},{"type":"keyUp","value":""}]}]}
COMMAND: GET /session/3ad3ed370b5892314835873e8b06bae6/screenshot - {}
RESULT: {"actions":[{"id":"action79","type":"key","parameters":{},"actions":[{"type":"keyDown","value":""},{"type":"pause","duration":10},{"type":"keyUp","value":""}]}]}
COMMAND: POST /session/3ad3ed370b5892314835873e8b06bae6/element - {"using":"xpath","value":"//td[6]/div/div/input[1]"}
COMMAND: GET /session/3ad3ed370b5892314835873e8b06bae6/screenshot - {}
RESULT: {}
RESULT: {"using":"xpath","value":"//td[6]/div/div/input[1]"}
COMMAND: POST /session/3ad3ed370b5892314835873e8b06bae6/element/f.66C564F48E23224A49CD761FFC4FB84D.d.5F5DD8C4FEB2AACD0DFE1EB44780C033.e.16260/clear - {}
RESULT: {}
RESULT: {}
COMMAND: POST /session/3ad3ed370b5892314835873e8b06bae6/element/f.66C564F48E23224A49CD761FFC4FB84D.d.5F5DD8C4FEB2AACD0DFE1EB44780C033.e.16260/value - {"text":"Material"}
COMMAND: GET /session/3ad3ed370b5892314835873e8b06bae6/screenshot - {}
RESULT: {"text":"Material"}
COMMAND: GET /session/3ad3ed370b5892314835873e8b06bae6/screenshot - {}
RESULT: {}
RESULT: {}
COMMAND: POST /session/3ad3ed370b5892314835873e8b06bae6/actions - {"actions":[{"id":"action80","type":"key","parameters":{},"actions":[{"type":"keyDown","value":""},{"type":"pause","duration":10},{"type":"keyUp","value":""}]}]}
RESULT: {"actions":[{"id":"action80","type":"key","parameters":{},"actions":[{"type":"keyDown","value":""},{"type":"pause","duration":10},{"type":"keyUp","value":""}]}]}
COMMAND: GET /session/3ad3ed370b5892314835873e8b06bae6/screenshot - {}
RESULT: {}
COMMAND: POST /session/3ad3ed370b5892314835873e8b06bae6/actions - {"actions":[{"id":"action81","type":"key","parameters":{},"actions":[{"type":"keyDown","value":""},{"type":"pause","duration":10},{"type":"keyUp","value":""}]}]}
RESULT: {"actions":[{"id":"action81","type":"key","parameters":{},"actions":[{"type":"keyDown","value":""},{"type":"pause","duration":10},{"type":"keyUp","value":""}]}]}
COMMAND: POST /session/3ad3ed370b5892314835873e8b06bae6/element - {"using":"xpath","value":"//td[7]/div/div/input"}
COMMAND: GET /session/3ad3ed370b5892314835873e8b06bae6/screenshot - {}
RESULT: {"using":"xpath","value":"//td[7]/div/div/input"}
COMMAND: POST /session/3ad3ed370b5892314835873e8b06bae6/element/f.66C564F48E23224A49CD761FFC4FB84D.d.5F5DD8C4FEB2AACD0DFE1EB44780C033.e.16273/clear - {}
RESULT: {}
RESULT: {}
COMMAND: POST /session/3ad3ed370b5892314835873e8b06bae6/element/f.66C564F48E23224A49CD761FFC4FB84D.d.5F5DD8C4FEB2AACD0DFE1EB44780C033.e.16273/value - {"text":"WebdriverMatTestdk0qok"}
COMMAND: GET /session/3ad3ed370b5892314835873e8b06bae6/screenshot - {}
RESULT: {"text":"WebdriverMatTestdk0qok"}
COMMAND: GET /session/3ad3ed370b5892314835873e8b06bae6/screenshot - {}
RESULT: {}
RESULT: {}
COMMAND: POST /session/3ad3ed370b5892314835873e8b06bae6/actions - {"actions":[{"id":"action82","type":"key","parameters":{},"actions":[{"type":"keyDown","value":""},{"type":"pause","duration":10},{"type":"keyUp","value":""}]}]}
RESULT: {"actions":[{"id":"action82","type":"key","parameters":{},"actions":[{"type":"keyDown","value":""},{"type":"pause","duration":10},{"type":"keyUp","value":""}]}]}
COMMAND: GET /session/3ad3ed370b5892314835873e8b06bae6/screenshot - {}
RESULT: {}
COMMAND: POST /session/3ad3ed370b5892314835873e8b06bae6/actions - {"actions":[{"id":"action83","type":"key","parameters":{},"actions":[{"type":"keyDown","value":""},{"type":"pause","duration":10},{"type":"keyUp","value":""}]}]}
RESULT: {"actions":[{"id":"action83","type":"key","parameters":{},"actions":[{"type":"keyDown","value":""},{"type":"pause","duration":10},{"type":"keyUp","value":""}]}]}
COMMAND: GET /session/3ad3ed370b5892314835873e8b06bae6/screenshot - {}
RESULT: {}
COMMAND: POST /session/3ad3ed370b5892314835873e8b06bae6/element - {"using":"xpath","value":"(//button[@data-kt=\"saveButton\"])[2]"}
RESULT: {"using":"xpath","value":"(//button[@data-kt=\"saveButton\"])[2]"}
COMMAND: POST /session/3ad3ed370b5892314835873e8b06bae6/element/f.66C564F48E23224A49CD761FFC4FB84D.d.5F5DD8C4FEB2AACD0DFE1EB44780C033.e.16296/click - {}
RESULT: {}
COMMAND: GET /session/3ad3ed370b5892314835873e8b06bae6/screenshot - {}
RESULT: {}
]]></system-out>
    </testcase>
    <testcase classname="chrome.136_0_7103_93.windows.E2E_-_Logistical_and_commercial_statuses" name="It should follow the handover steps to the status fully provided" time="407.342">
      <system-out><![CDATA[
COMMAND: POST /session/3ad3ed370b5892314835873e8b06bae6/execute/async - {"script":"<script> [1562 bytes]","args":[{"selector":{"id":"contractDetailProvideButton","viewName":"etm.portal.ui.managecontracts.view.Detail","interaction":{"idSuffix":"BDI-content"}},"wdio_ui5_key":"contractDetailProvideButtonetmportal.ui.managecontracts.view.Detail"}]}
RESULT: {"script":"<script> [1562 bytes]","args":[{"selector":{"id":"contractDetailProvideButton","viewName":"etm.portal.ui.managecontracts.view.Detail","interaction":{"idSuffix":"BDI-content"}},"wdio_ui5_key":"contractDetailProvideButtonetmportal.ui.managecontracts.view.Detail"}]}
RESULT: undefined
COMMAND: POST /session/3ad3ed370b5892314835873e8b06bae6/element - {"using":"xpath","value":"//*[@id=\"__xmlview61--contractDetailProvideButton\"]"}
RESULT: {"using":"xpath","value":"//*[@id=\"__xmlview61--contractDetailProvideButton\"]"}
COMMAND: POST /session/3ad3ed370b5892314835873e8b06bae6/element/f.66C564F48E23224A49CD761FFC4FB84D.d.5F5DD8C4FEB2AACD0DFE1EB44780C033.e.16301/click - {}
RESULT: {}
COMMAND: GET /session/3ad3ed370b5892314835873e8b06bae6/screenshot - {}
RESULT: {}
COMMAND: POST /session/3ad3ed370b5892314835873e8b06bae6/execute/async - {"script":"<script> [1562 bytes]","args":[{"selector":{"id":"application-managehandovers-display-component---AddNewHO--oneStep","interaction":{"idSuffix":"CbBg"}},"wdio_ui5_key":"applicationmanagehandovers-display-component---AddNewHO--oneStep"}]}
RESULT: {"script":"<script> [1562 bytes]","args":[{"selector":{"id":"application-managehandovers-display-component---AddNewHO--oneStep","interaction":{"idSuffix":"CbBg"}},"wdio_ui5_key":"applicationmanagehandovers-display-component---AddNewHO--oneStep"}]}
RESULT: undefined
COMMAND: POST /session/3ad3ed370b5892314835873e8b06bae6/element - {"using":"xpath","value":"//*[@id=\"application-managehandovers-display-component---AddNewHO--oneStep\"]"}
RESULT: {"using":"xpath","value":"//*[@id=\"application-managehandovers-display-component---AddNewHO--oneStep\"]"}
COMMAND: POST /session/3ad3ed370b5892314835873e8b06bae6/element/f.66C564F48E23224A49CD761FFC4FB84D.d.5F5DD8C4FEB2AACD0DFE1EB44780C033.e.16474/click - {}
RESULT: {}
RESULT: undefined
COMMAND: POST /session/3ad3ed370b5892314835873e8b06bae6/execute/async - {"script":"<script> [776 bytes]","args":[{"enterText":"05/30/25","selector":{"id":"application-managehandovers-display-component---AddNewHO--dueDate","interaction":{"idSuffix":"inner"}},"clearTextFirst":true,"interactionType":"ENTER_TEXT"}]}
COMMAND: GET /session/3ad3ed370b5892314835873e8b06bae6/screenshot - {}
RESULT: {"script":"<script> [776 bytes]","args":[{"enterText":"05/30/25","selector":{"id":"application-managehandovers-display-component---AddNewHO--dueDate","interaction":{"idSuffix":"inner"}},"clearTextFirst":true,"interactionType":"ENTER_TEXT"}]}
RESULT: undefined
COMMAND: POST /session/3ad3ed370b5892314835873e8b06bae6/element - {"using":"xpath","value":"//*[@id=\"application-managehandovers-display-component---AddNewHO--ObjectPageLayout-anchBar-application-managehandovers-display-component---AddNewHO--section4-anchor\"]"}
RESULT: {}
RESULT: {"using":"xpath","value":"//*[@id=\"application-managehandovers-display-component---AddNewHO--ObjectPageLayout-anchBar-application-managehandovers-display-component---AddNewHO--section4-anchor\"]"}
COMMAND: POST /session/3ad3ed370b5892314835873e8b06bae6/element/f.66C564F48E23224A49CD761FFC4FB84D.d.5F5DD8C4FEB2AACD0DFE1EB44780C033.e.16475/click - {}
RESULT: {}
COMMAND: POST /session/3ad3ed370b5892314835873e8b06bae6/execute/async - {"script":"<script> [1562 bytes]","args":[{"selector":{"controlType":"sap.ui.core.Icon","viewName":"etm.portal.ui.managehandovers.view.AddNewHO","viewId":"application-managehandovers-display-component---AddNewHO","properties":{"src":{"regex":{"source":"add"}}}},"wdio_ui5_key":"etmportal.ui.managehandovers.view.AddNewHOsap.ui.core.Icon{\"src\":{\"regex\":{\"source\":\"add\"}}}"}]}
COMMAND: GET /session/3ad3ed370b5892314835873e8b06bae6/screenshot - {}
RESULT: {"script":"<script> [1562 bytes]","args":[{"selector":{"controlType":"sap.ui.core.Icon","viewName":"etm.portal.ui.managehandovers.view.AddNewHO","viewId":"application-managehandovers-display-component---AddNewHO","properties":{"src":{"regex":{"source":"add"}}}},"wdio_ui5_key":"etmportal.ui.managehandovers.view.AddNewHOsap.ui.core.Icon{\"src\":{\"regex\":{\"source\":\"add\"}}}"}]}
RESULT: undefined
COMMAND: POST /session/3ad3ed370b5892314835873e8b06bae6/element - {"using":"xpath","value":"//*[@id=\"__button178-img\"]"}
RESULT: {}
RESULT: {"using":"xpath","value":"//*[@id=\"__button178-img\"]"}
COMMAND: POST /session/3ad3ed370b5892314835873e8b06bae6/element/f.66C564F48E23224A49CD761FFC4FB84D.d.5F5DD8C4FEB2AACD0DFE1EB44780C033.e.16479/click - {}
RESULT: {}
COMMAND: GET /session/3ad3ed370b5892314835873e8b06bae6/screenshot - {}
RESULT: {}
RESULT: undefined
COMMAND: POST /session/3ad3ed370b5892314835873e8b06bae6/element - {"using":"xpath","value":"//*[@id=\"application-managehandovers-display-component---AddNewHO--popup-sa\"]"}
RESULT: {"using":"xpath","value":"//*[@id=\"application-managehandovers-display-component---AddNewHO--popup-sa\"]"}
COMMAND: POST /session/3ad3ed370b5892314835873e8b06bae6/element/f.66C564F48E23224A49CD761FFC4FB84D.d.5F5DD8C4FEB2AACD0DFE1EB44780C033.e.16493/click - {}
RESULT: {}
COMMAND: POST /session/3ad3ed370b5892314835873e8b06bae6/execute/async - {"script":"<script> [1562 bytes]","args":[{"selector":{"controlType":"sap.m.Button","viewName":"etm.portal.ui.managehandovers.view.AddNewHO","viewId":"application-managehandovers-display-component---AddNewHO","i18NText":{"propertyName":"text","key":"select"},"searchOpenDialogs":true,"interaction":{"idSuffix":"inner"}},"wdio_ui5_key":"etmportal.ui.managehandovers.view.AddNewHOsap.m.Button{\"propertyName\":\"text\",\"key\":\"select\"}"}]}
COMMAND: GET /session/3ad3ed370b5892314835873e8b06bae6/screenshot - {}
RESULT: {"script":"<script> [1562 bytes]","args":[{"selector":{"controlType":"sap.m.Button","viewName":"etm.portal.ui.managehandovers.view.AddNewHO","viewId":"application-managehandovers-display-component---AddNewHO","i18NText":{"propertyName":"text","key":"select"},"searchOpenDialogs":true,"interaction":{"idSuffix":"inner"}},"wdio_ui5_key":"etmportal.ui.managehandovers.view.AddNewHOsap.m.Button{\"propertyName\":\"text\",\"key\":\"select\"}"}]}
RESULT: undefined
COMMAND: POST /session/3ad3ed370b5892314835873e8b06bae6/element - {"using":"xpath","value":"//*[@id=\"__button182\"]"}
RESULT: {}
RESULT: {"using":"xpath","value":"//*[@id=\"__button182\"]"}
COMMAND: POST /session/3ad3ed370b5892314835873e8b06bae6/element/f.66C564F48E23224A49CD761FFC4FB84D.d.5F5DD8C4FEB2AACD0DFE1EB44780C033.e.16495/click - {}
RESULT: {}
COMMAND: POST /session/3ad3ed370b5892314835873e8b06bae6/execute/async - {"script":"<script> [1562 bytes]","args":[{"selector":{"id":"application-managehandovers-display-component---AddNewHO--confirmCreationButton","interaction":{"idSuffix":"BDI-content"}},"wdio_ui5_key":"applicationmanagehandovers-display-component---AddNewHO--confirmCreationButton"}]}
COMMAND: GET /session/3ad3ed370b5892314835873e8b06bae6/screenshot - {}
RESULT: {"script":"<script> [1562 bytes]","args":[{"selector":{"id":"application-managehandovers-display-component---AddNewHO--confirmCreationButton","interaction":{"idSuffix":"BDI-content"}},"wdio_ui5_key":"applicationmanagehandovers-display-component---AddNewHO--confirmCreationButton"}]}
RESULT: undefined
COMMAND: POST /session/3ad3ed370b5892314835873e8b06bae6/element - {"using":"xpath","value":"//*[@id=\"application-managehandovers-display-component---AddNewHO--confirmCreationButton\"]"}
RESULT: {}
RESULT: {"using":"xpath","value":"//*[@id=\"application-managehandovers-display-component---AddNewHO--confirmCreationButton\"]"}
COMMAND: POST /session/3ad3ed370b5892314835873e8b06bae6/element/f.66C564F48E23224A49CD761FFC4FB84D.d.5F5DD8C4FEB2AACD0DFE1EB44780C033.e.16428/click - {}
RESULT: {}
COMMAND: GET /session/3ad3ed370b5892314835873e8b06bae6/screenshot - {}
RESULT: {}
COMMAND: POST /session/3ad3ed370b5892314835873e8b06bae6/element - {"using":"xpath","value":"//a[contains(@data-kt ,\"GeneralSectionReceiveContracttLink\")]"}
RESULT: {"using":"xpath","value":"//a[contains(@data-kt ,\"GeneralSectionReceiveContracttLink\")]"}
COMMAND: POST /session/3ad3ed370b5892314835873e8b06bae6/element/f.66C564F48E23224A49CD761FFC4FB84D.d.5F5DD8C4FEB2AACD0DFE1EB44780C033.e.16547/click - {}
RESULT: {}
COMMAND: GET /session/3ad3ed370b5892314835873e8b06bae6/screenshot - {}
RESULT: {}
COMMAND: POST /session/3ad3ed370b5892314835873e8b06bae6/element - {"using":"xpath","value":"//a[contains(@data-kt ,\"ContextMenuId2Link\")]"}
RESULT: {"using":"xpath","value":"//a[contains(@data-kt ,\"ContextMenuId2Link\")]"}
COMMAND: POST /session/3ad3ed370b5892314835873e8b06bae6/element/f.66C564F48E23224A49CD761FFC4FB84D.d.5F5DD8C4FEB2AACD0DFE1EB44780C033.e.16551/click - {}
RESULT: {}
COMMAND: GET /session/3ad3ed370b5892314835873e8b06bae6/screenshot - {}
RESULT: {}
COMMAND: POST /session/3ad3ed370b5892314835873e8b06bae6/execute/async - {"script":"<script> [1562 bytes]","args":[{"selector":{"controlType":"sap.m.ObjectStatus","viewName":"etm.portal.ui.managecontracts.view.Detail","bindingPath":{"propertyPath":"LINK_TO_LOGISTICAL_STATUS/DESCRIPTION","modelName":"catalogModel"}},"wdio_ui5_key":"etmportal.ui.managecontracts.view.Detailsap.m.ObjectStatus{\"propertyPath\":\"LINK_TO_LOGISTICAL_STATUS/DESCRIPTION\",\"modelName\":\"catalogModel\"}"}]}
RESULT: {"script":"<script> [1562 bytes]","args":[{"selector":{"controlType":"sap.m.ObjectStatus","viewName":"etm.portal.ui.managecontracts.view.Detail","bindingPath":{"propertyPath":"LINK_TO_LOGISTICAL_STATUS/DESCRIPTION","modelName":"catalogModel"}},"wdio_ui5_key":"etmportal.ui.managecontracts.view.Detailsap.m.ObjectStatus{\"propertyPath\":\"LINK_TO_LOGISTICAL_STATUS/DESCRIPTION\",\"modelName\":\"catalogModel\"}"}]}
RESULT: undefined
COMMAND: POST /session/3ad3ed370b5892314835873e8b06bae6/execute/async - {"script":"<script> [6424 bytes]","args":[{"element-6066-11e4-a52e-4f735466cecf":"f.66C564F48E23224A49CD761FFC4FB84D.d.5F5DD8C4FEB2AACD0DFE1EB44780C033.e.16788"},"getText",[]]}
RESULT: {"script":"<script> [6424 bytes]","args":[{"element-6066-11e4-a52e-4f735466cecf":"f.66C564F48E23224A49CD761FFC4FB84D.d.5F5DD8C4FEB2AACD0DFE1EB44780C033.e.16788"},"getText",[]]}
COMMAND: POST /session/3ad3ed370b5892314835873e8b06bae6/execute/async - {"script":"<script> [1562 bytes]","args":[{"selector":{"controlType":"sap.m.ObjectStatus","viewName":"etm.portal.ui.managecontracts.view.Detail","bindingPath":{"propertyPath":"LINK_TO_COMMERCIAL_STATUS/DESCRIPTION","modelName":"catalogModel"}},"wdio_ui5_key":"etmportal.ui.managecontracts.view.Detailsap.m.ObjectStatus{\"propertyPath\":\"LINK_TO_COMMERCIAL_STATUS/DESCRIPTION\",\"modelName\":\"catalogModel\"}"}]}
RESULT: {"script":"<script> [1562 bytes]","args":[{"selector":{"controlType":"sap.m.ObjectStatus","viewName":"etm.portal.ui.managecontracts.view.Detail","bindingPath":{"propertyPath":"LINK_TO_COMMERCIAL_STATUS/DESCRIPTION","modelName":"catalogModel"}},"wdio_ui5_key":"etmportal.ui.managecontracts.view.Detailsap.m.ObjectStatus{\"propertyPath\":\"LINK_TO_COMMERCIAL_STATUS/DESCRIPTION\",\"modelName\":\"catalogModel\"}"}]}
RESULT: undefined
COMMAND: POST /session/3ad3ed370b5892314835873e8b06bae6/execute/async - {"script":"<script> [6424 bytes]","args":[{"element-6066-11e4-a52e-4f735466cecf":"f.66C564F48E23224A49CD761FFC4FB84D.d.5F5DD8C4FEB2AACD0DFE1EB44780C033.e.16789"},"getText",[]]}
RESULT: {"script":"<script> [6424 bytes]","args":[{"element-6066-11e4-a52e-4f735466cecf":"f.66C564F48E23224A49CD761FFC4FB84D.d.5F5DD8C4FEB2AACD0DFE1EB44780C033.e.16789"},"getText",[]]}
COMMAND: POST /session/3ad3ed370b5892314835873e8b06bae6/execute/async - {"script":"<script> [1562 bytes]","args":[{"selector":{"id":"backBtn"},"wdio_ui5_key":"backBtn"}]}
RESULT: {"script":"<script> [1562 bytes]","args":[{"selector":{"id":"backBtn"},"wdio_ui5_key":"backBtn"}]}
RESULT: undefined
COMMAND: POST /session/3ad3ed370b5892314835873e8b06bae6/element - {"using":"xpath","value":"//*[@id=\"backBtn\"]"}
RESULT: {"using":"xpath","value":"//*[@id=\"backBtn\"]"}
COMMAND: POST /session/3ad3ed370b5892314835873e8b06bae6/element/f.66C564F48E23224A49CD761FFC4FB84D.d.5F5DD8C4FEB2AACD0DFE1EB44780C033.e.16790/click - {}
RESULT: {}
COMMAND: GET /session/3ad3ed370b5892314835873e8b06bae6/screenshot - {}
COMMAND: POST /session/3ad3ed370b5892314835873e8b06bae6/execute/async - {"script":"<script> [1562 bytes]","args":[{"selector":{"controlType":"sap.m.Text","viewName":"etm.portal.ui.managehandovers.view.DetailExecuteHO","bindingPath":{"propertyPath":"NO","modelName":"catalogModel"}},"wdio_ui5_key":"etmportal.ui.managehandovers.view.DetailExecuteHOsap.m.Text{\"propertyPath\":\"NO\",\"modelName\":\"catalogModel\"}"}]}
RESULT: {}
RESULT: {"script":"<script> [1562 bytes]","args":[{"selector":{"controlType":"sap.m.Text","viewName":"etm.portal.ui.managehandovers.view.DetailExecuteHO","bindingPath":{"propertyPath":"NO","modelName":"catalogModel"}},"wdio_ui5_key":"etmportal.ui.managehandovers.view.DetailExecuteHOsap.m.Text{\"propertyPath\":\"NO\",\"modelName\":\"catalogModel\"}"}]}
RESULT: undefined
COMMAND: POST /session/3ad3ed370b5892314835873e8b06bae6/execute/async - {"script":"<script> [6424 bytes]","args":[{"element-6066-11e4-a52e-4f735466cecf":"f.66C564F48E23224A49CD761FFC4FB84D.d.5F5DD8C4FEB2AACD0DFE1EB44780C033.e.16950"},"getText",[]]}
RESULT: {"script":"<script> [6424 bytes]","args":[{"element-6066-11e4-a52e-4f735466cecf":"f.66C564F48E23224A49CD761FFC4FB84D.d.5F5DD8C4FEB2AACD0DFE1EB44780C033.e.16950"},"getText",[]]}
COMMAND: POST /session/3ad3ed370b5892314835873e8b06bae6/element - {"using":"xpath","value":"//input[contains(@id ,\"issueDatePicker-inner\")]"}
RESULT: {"using":"xpath","value":"//input[contains(@id ,\"issueDatePicker-inner\")]"}
COMMAND: GET /session/3ad3ed370b5892314835873e8b06bae6/element/f.66C564F48E23224A49CD761FFC4FB84D.d.5F5DD8C4FEB2AACD0DFE1EB44780C033.e.16933/property/value - {}
RESULT: {}
COMMAND: POST /session/3ad3ed370b5892314835873e8b06bae6/element/f.66C564F48E23224A49CD761FFC4FB84D.d.5F5DD8C4FEB2AACD0DFE1EB44780C033.e.16933/clear - {}
COMMAND: GET /session/3ad3ed370b5892314835873e8b06bae6/screenshot - {}
RESULT: {}
COMMAND: POST /session/3ad3ed370b5892314835873e8b06bae6/element/f.66C564F48E23224A49CD761FFC4FB84D.d.5F5DD8C4FEB2AACD0DFE1EB44780C033.e.16933/value - {"text":"05/30/25"}
COMMAND: GET /session/3ad3ed370b5892314835873e8b06bae6/screenshot - {}
RESULT: {}
RESULT: {"text":"05/30/25"}
COMMAND: GET /session/3ad3ed370b5892314835873e8b06bae6/screenshot - {}
RESULT: {}
RESULT: {}
COMMAND: POST /session/3ad3ed370b5892314835873e8b06bae6/execute/async - {"script":"<script> [1562 bytes]","args":[{"selector":{"controlType":"sap.m.Button","viewName":"etm.portal.ui.managehandovers.view.DetailExecuteHO","i18NText":{"propertyName":"text","key":"confirmAll"},"interaction":{"idSuffix":"inner"}},"wdio_ui5_key":"etmportal.ui.managehandovers.view.DetailExecuteHOsap.m.Button{\"propertyName\":\"text\",\"key\":\"confirmAll\"}"}]}
RESULT: {"script":"<script> [1562 bytes]","args":[{"selector":{"controlType":"sap.m.Button","viewName":"etm.portal.ui.managehandovers.view.DetailExecuteHO","i18NText":{"propertyName":"text","key":"confirmAll"},"interaction":{"idSuffix":"inner"}},"wdio_ui5_key":"etmportal.ui.managehandovers.view.DetailExecuteHOsap.m.Button{\"propertyName\":\"text\",\"key\":\"confirmAll\"}"}]}
RESULT: undefined
COMMAND: POST /session/3ad3ed370b5892314835873e8b06bae6/element - {"using":"xpath","value":"//*[@id=\"__button266\"]"}
RESULT: {"using":"xpath","value":"//*[@id=\"__button266\"]"}
COMMAND: POST /session/3ad3ed370b5892314835873e8b06bae6/element/f.66C564F48E23224A49CD761FFC4FB84D.d.5F5DD8C4FEB2AACD0DFE1EB44780C033.e.16954/click - {}
RESULT: {}
COMMAND: GET /session/3ad3ed370b5892314835873e8b06bae6/screenshot - {}
RESULT: {}
COMMAND: POST /session/3ad3ed370b5892314835873e8b06bae6/actions - {"actions":[{"id":"action84","type":"key","parameters":{},"actions":[{"type":"keyDown","value":""},{"type":"pause","duration":10},{"type":"keyUp","value":""}]}]}
RESULT: {"actions":[{"id":"action84","type":"key","parameters":{},"actions":[{"type":"keyDown","value":""},{"type":"pause","duration":10},{"type":"keyUp","value":""}]}]}
COMMAND: GET /session/3ad3ed370b5892314835873e8b06bae6/screenshot - {}
RESULT: {}
RESULT: undefined
COMMAND: POST /session/3ad3ed370b5892314835873e8b06bae6/element - {"using":"xpath","value":"//*[@id=\"__button266\"]"}
RESULT: {"using":"xpath","value":"//*[@id=\"__button266\"]"}
COMMAND: POST /session/3ad3ed370b5892314835873e8b06bae6/element/f.66C564F48E23224A49CD761FFC4FB84D.d.5F5DD8C4FEB2AACD0DFE1EB44780C033.e.16954/click - {}
RESULT: {}
COMMAND: GET /session/3ad3ed370b5892314835873e8b06bae6/screenshot - {}
RESULT: {}
COMMAND: POST /session/3ad3ed370b5892314835873e8b06bae6/execute/async - {"script":"<script> [1562 bytes]","args":[{"selector":{"controlType":"sap.m.Button","properties":{"text":"OK"},"searchOpenDialogs":true,"interaction":{"idSuffix":"content"}},"wdio_ui5_key":"sapm.Button{\"text\":\"OK\"}"}]}
RESULT: {"script":"<script> [1562 bytes]","args":[{"selector":{"controlType":"sap.m.Button","properties":{"text":"OK"},"searchOpenDialogs":true,"interaction":{"idSuffix":"content"}},"wdio_ui5_key":"sapm.Button{\"text\":\"OK\"}"}]}
RESULT: undefined
COMMAND: POST /session/3ad3ed370b5892314835873e8b06bae6/element - {"using":"xpath","value":"//*[@id=\"__mbox-btn-4\"]"}
RESULT: {"using":"xpath","value":"//*[@id=\"__mbox-btn-4\"]"}
COMMAND: POST /session/3ad3ed370b5892314835873e8b06bae6/element/f.66C564F48E23224A49CD761FFC4FB84D.d.5F5DD8C4FEB2AACD0DFE1EB44780C033.e.16962/click - {}
RESULT: {}
COMMAND: GET /session/3ad3ed370b5892314835873e8b06bae6/screenshot - {}
RESULT: {}
COMMAND: POST /session/3ad3ed370b5892314835873e8b06bae6/element - {"using":"xpath","value":"//button[contains(@data-kt ,\"execHoPickFooterButton\")]"}
RESULT: {"using":"xpath","value":"//button[contains(@data-kt ,\"execHoPickFooterButton\")]"}
COMMAND: POST /session/3ad3ed370b5892314835873e8b06bae6/element/f.66C564F48E23224A49CD761FFC4FB84D.d.5F5DD8C4FEB2AACD0DFE1EB44780C033.e.16969/click - {}
RESULT: {}
COMMAND: GET /session/3ad3ed370b5892314835873e8b06bae6/screenshot - {}
RESULT: {}
COMMAND: POST /session/3ad3ed370b5892314835873e8b06bae6/refresh - {}
RESULT: {}
COMMAND: GET /session/3ad3ed370b5892314835873e8b06bae6/screenshot - {}
RESULT: {}
COMMAND: POST /session/3ad3ed370b5892314835873e8b06bae6/refresh - {}
RESULT: {}
COMMAND: GET /session/3ad3ed370b5892314835873e8b06bae6/screenshot - {}
RESULT: {}
COMMAND: POST /session/3ad3ed370b5892314835873e8b06bae6/window/fullscreen - {}
RESULT: {}
COMMAND: POST /session/3ad3ed370b5892314835873e8b06bae6/execute/async - {"script":"<script> [189 bytes]","args":[]}
RESULT: {"script":"<script> [189 bytes]","args":[]}
COMMAND: POST /session/3ad3ed370b5892314835873e8b06bae6/execute/async - {"script":"<script> [123 bytes]","args":[]}
RESULT: {"script":"<script> [123 bytes]","args":[]}
COMMAND: POST /session/3ad3ed370b5892314835873e8b06bae6/timeouts - {"script":"<number>"}
RESULT: {"script":"<number>"}
COMMAND: GET /session/3ad3ed370b5892314835873e8b06bae6/timeouts - {}
RESULT: {}
RESULT: undefined
COMMAND: POST /session/3ad3ed370b5892314835873e8b06bae6/execute/async - {"script":"<script> [2676 bytes]","args":[]}
RESULT: {"script":"<script> [2676 bytes]","args":[]}
COMMAND: POST /session/3ad3ed370b5892314835873e8b06bae6/execute/async - {"script":"<script> [2342 bytes]","args":[{"protocol":"http","hostname":"0.0.0.0","path":"/","capabilities":{"browserName":"chrome","goog:chromeOptions":{"binary":"C:\\Program Files\\Google\\Chrome\\Application\\chrome.exe","args":["--start-maximized"]}},"logLevel":"warn","connectionRetryTimeout":120000,"connectionRetryCount":3,"logLevels":{},"enableDirectConnect":true,"strictSSL":true,"_":"65 more keys: [\"cacheDir\",\"port\",\"requestedCapabilities\",\"automationProtocol\",\"baseUrl\",\"waitforInterval\",\"waitforTimeout\",\"onReload\",\"beforeCommand\",\"afterCommand\",\"rootDir\",\"specs\",\"suites\",\"exclude\",\"groupLogsByTestSpec\",\"excludeDriverLogs\",\"bail\",\"framework\",\"reporters\",\"services\",\"maxInstances\",\"maxInstancesPerCapability\",\"injectGlobals\",\"filesToWatch\",\"execArgv\",\"runnerEnv\",\"runner\",\"shard\",\"specFileRetries\",\"specFileRetriesDelay\",\"specFileRetriesDeferred\",\"reporterSyncInterval\",\"reporterSyncTimeout\",\"cucumberFeaturesWithLineNumbers\",\"autoCompileOpts\",\"mochaOpts\",\"jasmineOpts\",\"cucumberOpts\",\"onPrepare\",\"onWorkerStart\",\"onWorkerEnd\",\"before\",\"beforeSession\",\"beforeSuite\",\"beforeHook\",\"beforeTest\",\"afterTest\",\"afterHook\",\"afterSuite\",\"afterSession\",\"after\",\"onComplete\",\"beforeAssertion\",\"afterAssertion\",\"beforeFeature\",\"beforeScenario\",\"beforeStep\",\"afterStep\",\"afterScenario\",\"afterFeature\",\"_\",\"suite\",\"$0\",\"ignoredWorkerServices\",\"wdi5\"]"}]}
RESULT: {"script":"<script> [2342 bytes]","args":[{"protocol":"http","hostname":"0.0.0.0","path":"/","capabilities":{"browserName":"chrome","goog:chromeOptions":{"binary":"C:\\Program Files\\Google\\Chrome\\Application\\chrome.exe","args":["--start-maximized"]}},"logLevel":"warn","connectionRetryTimeout":120000,"connectionRetryCount":3,"logLevels":{},"enableDirectConnect":true,"strictSSL":true,"_":"65 more keys: [\"cacheDir\",\"port\",\"requestedCapabilities\",\"automationProtocol\",\"baseUrl\",\"waitforInterval\",\"waitforTimeout\",\"onReload\",\"beforeCommand\",\"afterCommand\",\"rootDir\",\"specs\",\"suites\",\"exclude\",\"groupLogsByTestSpec\",\"excludeDriverLogs\",\"bail\",\"framework\",\"reporters\",\"services\",\"maxInstances\",\"maxInstancesPerCapability\",\"injectGlobals\",\"filesToWatch\",\"execArgv\",\"runnerEnv\",\"runner\",\"shard\",\"specFileRetries\",\"specFileRetriesDelay\",\"specFileRetriesDeferred\",\"reporterSyncInterval\",\"reporterSyncTimeout\",\"cucumberFeaturesWithLineNumbers\",\"autoCompileOpts\",\"mochaOpts\",\"jasmineOpts\",\"cucumberOpts\",\"onPrepare\",\"onWorkerStart\",\"onWorkerEnd\",\"before\",\"beforeSession\",\"beforeSuite\",\"beforeHook\",\"beforeTest\",\"afterTest\",\"afterHook\",\"afterSuite\",\"afterSession\",\"after\",\"onComplete\",\"beforeAssertion\",\"afterAssertion\",\"beforeFeature\",\"beforeScenario\",\"beforeStep\",\"afterStep\",\"afterScenario\",\"afterFeature\",\"_\",\"suite\",\"$0\",\"ignoredWorkerServices\",\"wdi5\"]"}]}
COMMAND: POST /session/3ad3ed370b5892314835873e8b06bae6/execute/async - {"script":"<script> [21126 bytes]","args":[35000]}
RESULT: {"script":"<script> [21126 bytes]","args":[35000]}
COMMAND: POST /session/3ad3ed370b5892314835873e8b06bae6/execute/async - {"script":"<script> [1562 bytes]","args":[{"selector":{"controlType":"sap.m.SearchField","viewName":"etm.portal.ui.managehandovers.view.MasterHO","bindingPath":{"path":"","propertyPath":"/_BASIC_SEARCH_FIELD","modelName":"fi1t3rM0d31"},"interaction":{"idSuffix":"I"}},"wdio_ui5_key":"etmportal.ui.managehandovers.view.MasterHOsap.m.SearchField{\"path\":\"\",\"propertyPath\":\"/_BASIC_SEARCH_FIELD\",\"modelName\":\"fi1t3rM0d31\"}"}]}
RESULT: {"script":"<script> [1562 bytes]","args":[{"selector":{"controlType":"sap.m.SearchField","viewName":"etm.portal.ui.managehandovers.view.MasterHO","bindingPath":{"path":"","propertyPath":"/_BASIC_SEARCH_FIELD","modelName":"fi1t3rM0d31"},"interaction":{"idSuffix":"I"}},"wdio_ui5_key":"etmportal.ui.managehandovers.view.MasterHOsap.m.SearchField{\"path\":\"\",\"propertyPath\":\"/_BASIC_SEARCH_FIELD\",\"modelName\":\"fi1t3rM0d31\"}"}]}
RESULT: undefined
COMMAND: POST /session/3ad3ed370b5892314835873e8b06bae6/execute/async - {"script":"<script> [776 bytes]","args":[{"enterText":"30879","selector":{"controlType":"sap.m.SearchField","viewName":"etm.portal.ui.managehandovers.view.MasterHO","bindingPath":{"path":"","propertyPath":"/_BASIC_SEARCH_FIELD","modelName":"fi1t3rM0d31"},"interaction":{"idSuffix":"I"}},"clearTextFirst":true,"interactionType":"ENTER_TEXT"}]}
RESULT: {"script":"<script> [776 bytes]","args":[{"enterText":"30879","selector":{"controlType":"sap.m.SearchField","viewName":"etm.portal.ui.managehandovers.view.MasterHO","bindingPath":{"path":"","propertyPath":"/_BASIC_SEARCH_FIELD","modelName":"fi1t3rM0d31"},"interaction":{"idSuffix":"I"}},"clearTextFirst":true,"interactionType":"ENTER_TEXT"}]}
COMMAND: POST /session/3ad3ed370b5892314835873e8b06bae6/actions - {"actions":[{"id":"action85","type":"key","parameters":{},"actions":[{"type":"keyDown","value":""},{"type":"pause","duration":10},{"type":"keyUp","value":""}]}]}
RESULT: {"actions":[{"id":"action85","type":"key","parameters":{},"actions":[{"type":"keyDown","value":""},{"type":"pause","duration":10},{"type":"keyUp","value":""}]}]}
COMMAND: GET /session/3ad3ed370b5892314835873e8b06bae6/screenshot - {}
RESULT: {}
COMMAND: POST /session/3ad3ed370b5892314835873e8b06bae6/execute/async - {"script":"<script> [1562 bytes]","args":[{"selector":{"controlType":"sap.m.Title","viewName":"etm.portal.ui.managehandovers.view.MasterHO","properties":{"text":"Records (1)"}},"wdio_ui5_key":"etmportal.ui.managehandovers.view.MasterHOsap.m.Title{\"text\":\"Records (1)\"}"}]}
RESULT: {"script":"<script> [1562 bytes]","args":[{"selector":{"controlType":"sap.m.Title","viewName":"etm.portal.ui.managehandovers.view.MasterHO","properties":{"text":"Records (1)"}},"wdio_ui5_key":"etmportal.ui.managehandovers.view.MasterHOsap.m.Title{\"text\":\"Records (1)\"}"}]}
RESULT: undefined
COMMAND: POST /session/3ad3ed370b5892314835873e8b06bae6/execute/async - {"script":"<script> [6424 bytes]","args":[{"element-6066-11e4-a52e-4f735466cecf":"f.66C564F48E23224A49CD761FFC4FB84D.d.F3935050D45E67C1013D947A55B86F31.e.17313"},"getText",[]]}
RESULT: {"script":"<script> [6424 bytes]","args":[{"element-6066-11e4-a52e-4f735466cecf":"f.66C564F48E23224A49CD761FFC4FB84D.d.F3935050D45E67C1013D947A55B86F31.e.17313"},"getText",[]]}
COMMAND: POST /session/3ad3ed370b5892314835873e8b06bae6/execute/async - {"script":"<script> [1562 bytes]","args":[{"selector":{"controlType":"sap.ui.core.Icon","viewName":"etm.portal.ui.managehandovers.view.MasterHO","properties":{"src":{"regex":{"source":"slim\\-arrow\\-right"}}}},"wdio_ui5_key":"etmportal.ui.managehandovers.view.MasterHOsap.ui.core.Icon{\"src\":{\"regex\":{\"source\":\"slim\\\\-arrow\\\\-right\"}}}"}]}
RESULT: {"script":"<script> [1562 bytes]","args":[{"selector":{"controlType":"sap.ui.core.Icon","viewName":"etm.portal.ui.managehandovers.view.MasterHO","properties":{"src":{"regex":{"source":"slim\\-arrow\\-right"}}}},"wdio_ui5_key":"etmportal.ui.managehandovers.view.MasterHOsap.ui.core.Icon{\"src\":{\"regex\":{\"source\":\"slim\\\\-arrow\\\\-right\"}}}"}]}
RESULT: undefined
COMMAND: POST /session/3ad3ed370b5892314835873e8b06bae6/element - {"using":"xpath","value":"//*[@id=\"__item29-__clone17-imgNav\"]"}
RESULT: {"using":"xpath","value":"//*[@id=\"__item29-__clone17-imgNav\"]"}
COMMAND: POST /session/3ad3ed370b5892314835873e8b06bae6/element/f.66C564F48E23224A49CD761FFC4FB84D.d.F3935050D45E67C1013D947A55B86F31.e.17312/click - {}
RESULT: {}
COMMAND: GET /session/3ad3ed370b5892314835873e8b06bae6/screenshot - {}
RESULT: {}
COMMAND: POST /session/3ad3ed370b5892314835873e8b06bae6/element - {"using":"xpath","value":"//a[contains(@data-kt ,\"GeneralSectionReceiveContracttLink\")]"}
RESULT: {"using":"xpath","value":"//a[contains(@data-kt ,\"GeneralSectionReceiveContracttLink\")]"}
COMMAND: POST /session/3ad3ed370b5892314835873e8b06bae6/element/f.66C564F48E23224A49CD761FFC4FB84D.d.F3935050D45E67C1013D947A55B86F31.e.17415/click - {}
RESULT: {}
COMMAND: GET /session/3ad3ed370b5892314835873e8b06bae6/screenshot - {}
RESULT: {}
COMMAND: POST /session/3ad3ed370b5892314835873e8b06bae6/element - {"using":"xpath","value":"//a[contains(@data-kt ,\"ContextMenuId2Link\")]"}
RESULT: {"using":"xpath","value":"//a[contains(@data-kt ,\"ContextMenuId2Link\")]"}
COMMAND: POST /session/3ad3ed370b5892314835873e8b06bae6/element/f.66C564F48E23224A49CD761FFC4FB84D.d.F3935050D45E67C1013D947A55B86F31.e.17418/click - {}
RESULT: {}
COMMAND: GET /session/3ad3ed370b5892314835873e8b06bae6/screenshot - {}
RESULT: {}
COMMAND: POST /session/3ad3ed370b5892314835873e8b06bae6/execute/async - {"script":"<script> [1562 bytes]","args":[{"selector":{"controlType":"sap.m.ObjectStatus","viewName":"etm.portal.ui.managecontracts.view.Detail","bindingPath":{"propertyPath":"LINK_TO_LOGISTICAL_STATUS/DESCRIPTION","modelName":"catalogModel"}},"wdio_ui5_key":"etmportal.ui.managecontracts.view.Detailsap.m.ObjectStatus{\"propertyPath\":\"LINK_TO_LOGISTICAL_STATUS/DESCRIPTION\",\"modelName\":\"catalogModel\"}"}]}
RESULT: {"script":"<script> [1562 bytes]","args":[{"selector":{"controlType":"sap.m.ObjectStatus","viewName":"etm.portal.ui.managecontracts.view.Detail","bindingPath":{"propertyPath":"LINK_TO_LOGISTICAL_STATUS/DESCRIPTION","modelName":"catalogModel"}},"wdio_ui5_key":"etmportal.ui.managecontracts.view.Detailsap.m.ObjectStatus{\"propertyPath\":\"LINK_TO_LOGISTICAL_STATUS/DESCRIPTION\",\"modelName\":\"catalogModel\"}"}]}
RESULT: undefined
COMMAND: POST /session/3ad3ed370b5892314835873e8b06bae6/execute/async - {"script":"<script> [6424 bytes]","args":[{"element-6066-11e4-a52e-4f735466cecf":"f.66C564F48E23224A49CD761FFC4FB84D.d.F3935050D45E67C1013D947A55B86F31.e.17651"},"getText",[]]}
RESULT: {"script":"<script> [6424 bytes]","args":[{"element-6066-11e4-a52e-4f735466cecf":"f.66C564F48E23224A49CD761FFC4FB84D.d.F3935050D45E67C1013D947A55B86F31.e.17651"},"getText",[]]}
COMMAND: POST /session/3ad3ed370b5892314835873e8b06bae6/execute/async - {"script":"<script> [1562 bytes]","args":[{"selector":{"controlType":"sap.m.ObjectStatus","viewName":"etm.portal.ui.managecontracts.view.Detail","bindingPath":{"propertyPath":"LINK_TO_COMMERCIAL_STATUS/DESCRIPTION","modelName":"catalogModel"}},"wdio_ui5_key":"etmportal.ui.managecontracts.view.Detailsap.m.ObjectStatus{\"propertyPath\":\"LINK_TO_COMMERCIAL_STATUS/DESCRIPTION\",\"modelName\":\"catalogModel\"}"}]}
RESULT: {"script":"<script> [1562 bytes]","args":[{"selector":{"controlType":"sap.m.ObjectStatus","viewName":"etm.portal.ui.managecontracts.view.Detail","bindingPath":{"propertyPath":"LINK_TO_COMMERCIAL_STATUS/DESCRIPTION","modelName":"catalogModel"}},"wdio_ui5_key":"etmportal.ui.managecontracts.view.Detailsap.m.ObjectStatus{\"propertyPath\":\"LINK_TO_COMMERCIAL_STATUS/DESCRIPTION\",\"modelName\":\"catalogModel\"}"}]}
RESULT: undefined
COMMAND: POST /session/3ad3ed370b5892314835873e8b06bae6/execute/async - {"script":"<script> [6424 bytes]","args":[{"element-6066-11e4-a52e-4f735466cecf":"f.66C564F48E23224A49CD761FFC4FB84D.d.F3935050D45E67C1013D947A55B86F31.e.17652"},"getText",[]]}
RESULT: {"script":"<script> [6424 bytes]","args":[{"element-6066-11e4-a52e-4f735466cecf":"f.66C564F48E23224A49CD761FFC4FB84D.d.F3935050D45E67C1013D947A55B86F31.e.17652"},"getText",[]]}
COMMAND: POST /session/3ad3ed370b5892314835873e8b06bae6/execute/async - {"script":"<script> [1562 bytes]","args":[{"selector":{"id":"backBtn"},"wdio_ui5_key":"backBtn"}]}
RESULT: {"script":"<script> [1562 bytes]","args":[{"selector":{"id":"backBtn"},"wdio_ui5_key":"backBtn"}]}
RESULT: undefined
COMMAND: POST /session/3ad3ed370b5892314835873e8b06bae6/element - {"using":"xpath","value":"//*[@id=\"backBtn\"]"}
RESULT: {"using":"xpath","value":"//*[@id=\"backBtn\"]"}
COMMAND: POST /session/3ad3ed370b5892314835873e8b06bae6/element/f.66C564F48E23224A49CD761FFC4FB84D.d.F3935050D45E67C1013D947A55B86F31.e.17653/click - {}
RESULT: {}
COMMAND: GET /session/3ad3ed370b5892314835873e8b06bae6/screenshot - {}
COMMAND: POST /session/3ad3ed370b5892314835873e8b06bae6/execute/async - {"script":"<script> [1562 bytes]","args":[{"selector":{"controlType":"sap.m.Button","viewName":"etm.portal.ui.managehandovers.view.DetailExecuteHO","i18NText":{"propertyName":"text","key":"confirmAll"},"interaction":{"idSuffix":"BDI-content"}},"wdio_ui5_key":"etmportal.ui.managehandovers.view.DetailExecuteHOsap.m.Button{\"propertyName\":\"text\",\"key\":\"confirmAll\"}"}]}
RESULT: {}
RESULT: {"script":"<script> [1562 bytes]","args":[{"selector":{"controlType":"sap.m.Button","viewName":"etm.portal.ui.managehandovers.view.DetailExecuteHO","i18NText":{"propertyName":"text","key":"confirmAll"},"interaction":{"idSuffix":"BDI-content"}},"wdio_ui5_key":"etmportal.ui.managehandovers.view.DetailExecuteHOsap.m.Button{\"propertyName\":\"text\",\"key\":\"confirmAll\"}"}]}
RESULT: undefined
COMMAND: POST /session/3ad3ed370b5892314835873e8b06bae6/element - {"using":"xpath","value":"//*[@id=\"__button85\"]"}
RESULT: {"using":"xpath","value":"//*[@id=\"__button85\"]"}
COMMAND: POST /session/3ad3ed370b5892314835873e8b06bae6/element/f.66C564F48E23224A49CD761FFC4FB84D.d.F3935050D45E67C1013D947A55B86F31.e.17781/click - {}
RESULT: {}
COMMAND: GET /session/3ad3ed370b5892314835873e8b06bae6/screenshot - {}
RESULT: {}
COMMAND: POST /session/3ad3ed370b5892314835873e8b06bae6/execute/async - {"script":"<script> [1562 bytes]","args":[{"selector":{"controlType":"sap.m.Button","properties":{"text":"OK"},"searchOpenDialogs":true,"interaction":{"idSuffix":"inner"}},"wdio_ui5_key":"sapm.Button{\"text\":\"OK\"}"}]}
RESULT: {"script":"<script> [1562 bytes]","args":[{"selector":{"controlType":"sap.m.Button","properties":{"text":"OK"},"searchOpenDialogs":true,"interaction":{"idSuffix":"inner"}},"wdio_ui5_key":"sapm.Button{\"text\":\"OK\"}"}]}
RESULT: undefined
COMMAND: POST /session/3ad3ed370b5892314835873e8b06bae6/element - {"using":"xpath","value":"//*[@id=\"__mbox-btn-0\"]"}
RESULT: {"using":"xpath","value":"//*[@id=\"__mbox-btn-0\"]"}
COMMAND: POST /session/3ad3ed370b5892314835873e8b06bae6/element/f.66C564F48E23224A49CD761FFC4FB84D.d.F3935050D45E67C1013D947A55B86F31.e.17785/click - {}
RESULT: {}
COMMAND: GET /session/3ad3ed370b5892314835873e8b06bae6/screenshot - {}
RESULT: {}
COMMAND: POST /session/3ad3ed370b5892314835873e8b06bae6/element - {"using":"xpath","value":"//button[contains(@data-kt ,\"execHoIssueFooterButton\")]"}
RESULT: {"using":"xpath","value":"//button[contains(@data-kt ,\"execHoIssueFooterButton\")]"}
COMMAND: POST /session/3ad3ed370b5892314835873e8b06bae6/element/f.66C564F48E23224A49CD761FFC4FB84D.d.F3935050D45E67C1013D947A55B86F31.e.17788/click - {}
RESULT: {}
COMMAND: GET /session/3ad3ed370b5892314835873e8b06bae6/screenshot - {}
RESULT: {}
COMMAND: POST /session/3ad3ed370b5892314835873e8b06bae6/refresh - {}
RESULT: {}
COMMAND: GET /session/3ad3ed370b5892314835873e8b06bae6/screenshot - {}
RESULT: {}
COMMAND: POST /session/3ad3ed370b5892314835873e8b06bae6/refresh - {}
RESULT: {}
COMMAND: GET /session/3ad3ed370b5892314835873e8b06bae6/screenshot - {}
RESULT: {}
COMMAND: POST /session/3ad3ed370b5892314835873e8b06bae6/window/fullscreen - {}
RESULT: {}
COMMAND: POST /session/3ad3ed370b5892314835873e8b06bae6/execute/async - {"script":"<script> [189 bytes]","args":[]}
RESULT: {"script":"<script> [189 bytes]","args":[]}
COMMAND: POST /session/3ad3ed370b5892314835873e8b06bae6/execute/async - {"script":"<script> [123 bytes]","args":[]}
RESULT: {"script":"<script> [123 bytes]","args":[]}
COMMAND: POST /session/3ad3ed370b5892314835873e8b06bae6/timeouts - {"script":"<number>"}
RESULT: {"script":"<number>"}
COMMAND: GET /session/3ad3ed370b5892314835873e8b06bae6/timeouts - {}
RESULT: {}
RESULT: undefined
COMMAND: POST /session/3ad3ed370b5892314835873e8b06bae6/execute/async - {"script":"<script> [2676 bytes]","args":[]}
RESULT: {"script":"<script> [2676 bytes]","args":[]}
COMMAND: POST /session/3ad3ed370b5892314835873e8b06bae6/execute/async - {"script":"<script> [2342 bytes]","args":[{"protocol":"http","hostname":"0.0.0.0","path":"/","capabilities":{"browserName":"chrome","goog:chromeOptions":{"binary":"C:\\Program Files\\Google\\Chrome\\Application\\chrome.exe","args":["--start-maximized"]}},"logLevel":"warn","connectionRetryTimeout":120000,"connectionRetryCount":3,"logLevels":{},"enableDirectConnect":true,"strictSSL":true,"_":"65 more keys: [\"cacheDir\",\"port\",\"requestedCapabilities\",\"automationProtocol\",\"baseUrl\",\"waitforInterval\",\"waitforTimeout\",\"onReload\",\"beforeCommand\",\"afterCommand\",\"rootDir\",\"specs\",\"suites\",\"exclude\",\"groupLogsByTestSpec\",\"excludeDriverLogs\",\"bail\",\"framework\",\"reporters\",\"services\",\"maxInstances\",\"maxInstancesPerCapability\",\"injectGlobals\",\"filesToWatch\",\"execArgv\",\"runnerEnv\",\"runner\",\"shard\",\"specFileRetries\",\"specFileRetriesDelay\",\"specFileRetriesDeferred\",\"reporterSyncInterval\",\"reporterSyncTimeout\",\"cucumberFeaturesWithLineNumbers\",\"autoCompileOpts\",\"mochaOpts\",\"jasmineOpts\",\"cucumberOpts\",\"onPrepare\",\"onWorkerStart\",\"onWorkerEnd\",\"before\",\"beforeSession\",\"beforeSuite\",\"beforeHook\",\"beforeTest\",\"afterTest\",\"afterHook\",\"afterSuite\",\"afterSession\",\"after\",\"onComplete\",\"beforeAssertion\",\"afterAssertion\",\"beforeFeature\",\"beforeScenario\",\"beforeStep\",\"afterStep\",\"afterScenario\",\"afterFeature\",\"_\",\"suite\",\"$0\",\"ignoredWorkerServices\",\"wdi5\"]"}]}
RESULT: {"script":"<script> [2342 bytes]","args":[{"protocol":"http","hostname":"0.0.0.0","path":"/","capabilities":{"browserName":"chrome","goog:chromeOptions":{"binary":"C:\\Program Files\\Google\\Chrome\\Application\\chrome.exe","args":["--start-maximized"]}},"logLevel":"warn","connectionRetryTimeout":120000,"connectionRetryCount":3,"logLevels":{},"enableDirectConnect":true,"strictSSL":true,"_":"65 more keys: [\"cacheDir\",\"port\",\"requestedCapabilities\",\"automationProtocol\",\"baseUrl\",\"waitforInterval\",\"waitforTimeout\",\"onReload\",\"beforeCommand\",\"afterCommand\",\"rootDir\",\"specs\",\"suites\",\"exclude\",\"groupLogsByTestSpec\",\"excludeDriverLogs\",\"bail\",\"framework\",\"reporters\",\"services\",\"maxInstances\",\"maxInstancesPerCapability\",\"injectGlobals\",\"filesToWatch\",\"execArgv\",\"runnerEnv\",\"runner\",\"shard\",\"specFileRetries\",\"specFileRetriesDelay\",\"specFileRetriesDeferred\",\"reporterSyncInterval\",\"reporterSyncTimeout\",\"cucumberFeaturesWithLineNumbers\",\"autoCompileOpts\",\"mochaOpts\",\"jasmineOpts\",\"cucumberOpts\",\"onPrepare\",\"onWorkerStart\",\"onWorkerEnd\",\"before\",\"beforeSession\",\"beforeSuite\",\"beforeHook\",\"beforeTest\",\"afterTest\",\"afterHook\",\"afterSuite\",\"afterSession\",\"after\",\"onComplete\",\"beforeAssertion\",\"afterAssertion\",\"beforeFeature\",\"beforeScenario\",\"beforeStep\",\"afterStep\",\"afterScenario\",\"afterFeature\",\"_\",\"suite\",\"$0\",\"ignoredWorkerServices\",\"wdi5\"]"}]}
COMMAND: POST /session/3ad3ed370b5892314835873e8b06bae6/execute/async - {"script":"<script> [21126 bytes]","args":[35000]}
RESULT: {"script":"<script> [21126 bytes]","args":[35000]}
COMMAND: POST /session/3ad3ed370b5892314835873e8b06bae6/execute/async - {"script":"<script> [1562 bytes]","args":[{"selector":{"controlType":"sap.m.SearchField","viewName":"etm.portal.ui.managehandovers.view.MasterHO","bindingPath":{"path":"","propertyPath":"/_BASIC_SEARCH_FIELD","modelName":"fi1t3rM0d31"},"interaction":{"idSuffix":"I"}},"wdio_ui5_key":"etmportal.ui.managehandovers.view.MasterHOsap.m.SearchField{\"path\":\"\",\"propertyPath\":\"/_BASIC_SEARCH_FIELD\",\"modelName\":\"fi1t3rM0d31\"}"}]}
RESULT: {"script":"<script> [1562 bytes]","args":[{"selector":{"controlType":"sap.m.SearchField","viewName":"etm.portal.ui.managehandovers.view.MasterHO","bindingPath":{"path":"","propertyPath":"/_BASIC_SEARCH_FIELD","modelName":"fi1t3rM0d31"},"interaction":{"idSuffix":"I"}},"wdio_ui5_key":"etmportal.ui.managehandovers.view.MasterHOsap.m.SearchField{\"path\":\"\",\"propertyPath\":\"/_BASIC_SEARCH_FIELD\",\"modelName\":\"fi1t3rM0d31\"}"}]}
RESULT: undefined
COMMAND: POST /session/3ad3ed370b5892314835873e8b06bae6/execute/async - {"script":"<script> [776 bytes]","args":[{"enterText":"30879","selector":{"controlType":"sap.m.SearchField","viewName":"etm.portal.ui.managehandovers.view.MasterHO","bindingPath":{"path":"","propertyPath":"/_BASIC_SEARCH_FIELD","modelName":"fi1t3rM0d31"},"interaction":{"idSuffix":"I"}},"clearTextFirst":true,"interactionType":"ENTER_TEXT"}]}
RESULT: {"script":"<script> [776 bytes]","args":[{"enterText":"30879","selector":{"controlType":"sap.m.SearchField","viewName":"etm.portal.ui.managehandovers.view.MasterHO","bindingPath":{"path":"","propertyPath":"/_BASIC_SEARCH_FIELD","modelName":"fi1t3rM0d31"},"interaction":{"idSuffix":"I"}},"clearTextFirst":true,"interactionType":"ENTER_TEXT"}]}
COMMAND: POST /session/3ad3ed370b5892314835873e8b06bae6/actions - {"actions":[{"id":"action86","type":"key","parameters":{},"actions":[{"type":"keyDown","value":""},{"type":"pause","duration":10},{"type":"keyUp","value":""}]}]}
RESULT: {"actions":[{"id":"action86","type":"key","parameters":{},"actions":[{"type":"keyDown","value":""},{"type":"pause","duration":10},{"type":"keyUp","value":""}]}]}
COMMAND: GET /session/3ad3ed370b5892314835873e8b06bae6/screenshot - {}
RESULT: {}
COMMAND: POST /session/3ad3ed370b5892314835873e8b06bae6/execute/async - {"script":"<script> [1562 bytes]","args":[{"selector":{"controlType":"sap.m.Title","viewName":"etm.portal.ui.managehandovers.view.MasterHO","properties":{"text":"Records (1)"}},"wdio_ui5_key":"etmportal.ui.managehandovers.view.MasterHOsap.m.Title{\"text\":\"Records (1)\"}"}]}
RESULT: {"script":"<script> [1562 bytes]","args":[{"selector":{"controlType":"sap.m.Title","viewName":"etm.portal.ui.managehandovers.view.MasterHO","properties":{"text":"Records (1)"}},"wdio_ui5_key":"etmportal.ui.managehandovers.view.MasterHOsap.m.Title{\"text\":\"Records (1)\"}"}]}
RESULT: undefined
COMMAND: POST /session/3ad3ed370b5892314835873e8b06bae6/execute/async - {"script":"<script> [6424 bytes]","args":[{"element-6066-11e4-a52e-4f735466cecf":"f.66C564F48E23224A49CD761FFC4FB84D.d.4365CFB8B7396984A198B1442997741E.e.18097"},"getText",[]]}
RESULT: {"script":"<script> [6424 bytes]","args":[{"element-6066-11e4-a52e-4f735466cecf":"f.66C564F48E23224A49CD761FFC4FB84D.d.4365CFB8B7396984A198B1442997741E.e.18097"},"getText",[]]}
COMMAND: POST /session/3ad3ed370b5892314835873e8b06bae6/execute/async - {"script":"<script> [1562 bytes]","args":[{"selector":{"controlType":"sap.ui.core.Icon","viewName":"etm.portal.ui.managehandovers.view.MasterHO","properties":{"src":{"regex":{"source":"slim\\-arrow\\-right"}}}},"wdio_ui5_key":"etmportal.ui.managehandovers.view.MasterHOsap.ui.core.Icon{\"src\":{\"regex\":{\"source\":\"slim\\\\-arrow\\\\-right\"}}}"}]}
RESULT: {"script":"<script> [1562 bytes]","args":[{"selector":{"controlType":"sap.ui.core.Icon","viewName":"etm.portal.ui.managehandovers.view.MasterHO","properties":{"src":{"regex":{"source":"slim\\-arrow\\-right"}}}},"wdio_ui5_key":"etmportal.ui.managehandovers.view.MasterHOsap.ui.core.Icon{\"src\":{\"regex\":{\"source\":\"slim\\\\-arrow\\\\-right\"}}}"}]}
RESULT: undefined
COMMAND: POST /session/3ad3ed370b5892314835873e8b06bae6/element - {"using":"xpath","value":"//*[@id=\"__item29-__clone17-imgNav\"]"}
RESULT: {"using":"xpath","value":"//*[@id=\"__item29-__clone17-imgNav\"]"}
COMMAND: POST /session/3ad3ed370b5892314835873e8b06bae6/element/f.66C564F48E23224A49CD761FFC4FB84D.d.4365CFB8B7396984A198B1442997741E.e.18095/click - {}
RESULT: {}
COMMAND: GET /session/3ad3ed370b5892314835873e8b06bae6/screenshot - {}
RESULT: {}
COMMAND: POST /session/3ad3ed370b5892314835873e8b06bae6/execute/async - {"script":"<script> [1562 bytes]","args":[{"selector":{"controlType":"sap.m.ObjectStatus","viewName":"etm.portal.ui.managehandovers.view.DetailExecuteHO","labelFor":{"text":"Status"}},"wdio_ui5_key":"etmportal.ui.managehandovers.view.DetailExecuteHOsap.m.ObjectStatus{\"text\":\"Status\"}"}]}
RESULT: {"script":"<script> [1562 bytes]","args":[{"selector":{"controlType":"sap.m.ObjectStatus","viewName":"etm.portal.ui.managehandovers.view.DetailExecuteHO","labelFor":{"text":"Status"}},"wdio_ui5_key":"etmportal.ui.managehandovers.view.DetailExecuteHOsap.m.ObjectStatus{\"text\":\"Status\"}"}]}
RESULT: undefined
COMMAND: POST /session/3ad3ed370b5892314835873e8b06bae6/execute/async - {"script":"<script> [6424 bytes]","args":[{"element-6066-11e4-a52e-4f735466cecf":"f.66C564F48E23224A49CD761FFC4FB84D.d.4365CFB8B7396984A198B1442997741E.e.18196"},"getText",[]]}
RESULT: {"script":"<script> [6424 bytes]","args":[{"element-6066-11e4-a52e-4f735466cecf":"f.66C564F48E23224A49CD761FFC4FB84D.d.4365CFB8B7396984A198B1442997741E.e.18196"},"getText",[]]}
COMMAND: POST /session/3ad3ed370b5892314835873e8b06bae6/execute/async - {"script":"<script> [1562 bytes]","args":[{"selector":{"controlType":"sap.m.Button","viewName":"etm.portal.ui.managehandovers.view.DetailExecuteHO","i18NText":{"propertyName":"text","key":"confirmAll"},"interaction":{"idSuffix":"BDI-content"}},"wdio_ui5_key":"etmportal.ui.managehandovers.view.DetailExecuteHOsap.m.Button{\"propertyName\":\"text\",\"key\":\"confirmAll\"}"}]}
RESULT: {"script":"<script> [1562 bytes]","args":[{"selector":{"controlType":"sap.m.Button","viewName":"etm.portal.ui.managehandovers.view.DetailExecuteHO","i18NText":{"propertyName":"text","key":"confirmAll"},"interaction":{"idSuffix":"BDI-content"}},"wdio_ui5_key":"etmportal.ui.managehandovers.view.DetailExecuteHOsap.m.Button{\"propertyName\":\"text\",\"key\":\"confirmAll\"}"}]}
RESULT: undefined
COMMAND: POST /session/3ad3ed370b5892314835873e8b06bae6/element - {"using":"xpath","value":"//*[@id=\"__button30\"]"}
RESULT: {"using":"xpath","value":"//*[@id=\"__button30\"]"}
COMMAND: POST /session/3ad3ed370b5892314835873e8b06bae6/element/f.66C564F48E23224A49CD761FFC4FB84D.d.4365CFB8B7396984A198B1442997741E.e.18198/click - {}
RESULT: {}
COMMAND: GET /session/3ad3ed370b5892314835873e8b06bae6/screenshot - {}
RESULT: {}
COMMAND: POST /session/3ad3ed370b5892314835873e8b06bae6/execute/async - {"script":"<script> [1562 bytes]","args":[{"selector":{"controlType":"sap.m.Button","properties":{"text":"OK"},"searchOpenDialogs":true,"interaction":{"idSuffix":"BDI-content"}},"wdio_ui5_key":"sapm.Button{\"text\":\"OK\"}"}]}
RESULT: {"script":"<script> [1562 bytes]","args":[{"selector":{"controlType":"sap.m.Button","properties":{"text":"OK"},"searchOpenDialogs":true,"interaction":{"idSuffix":"BDI-content"}},"wdio_ui5_key":"sapm.Button{\"text\":\"OK\"}"}]}
RESULT: undefined
COMMAND: POST /session/3ad3ed370b5892314835873e8b06bae6/element - {"using":"xpath","value":"//*[@id=\"__mbox-btn-0\"]"}
RESULT: {"using":"xpath","value":"//*[@id=\"__mbox-btn-0\"]"}
COMMAND: POST /session/3ad3ed370b5892314835873e8b06bae6/element/f.66C564F48E23224A49CD761FFC4FB84D.d.4365CFB8B7396984A198B1442997741E.e.18199/click - {}
RESULT: {}
COMMAND: GET /session/3ad3ed370b5892314835873e8b06bae6/screenshot - {}
RESULT: {}
COMMAND: POST /session/3ad3ed370b5892314835873e8b06bae6/element - {"using":"xpath","value":"//button[contains(@data-kt ,\"execHoReceiveFooterButton\")]"}
RESULT: {"using":"xpath","value":"//button[contains(@data-kt ,\"execHoReceiveFooterButton\")]"}
COMMAND: POST /session/3ad3ed370b5892314835873e8b06bae6/element/f.66C564F48E23224A49CD761FFC4FB84D.d.4365CFB8B7396984A198B1442997741E.e.18152/click - {}
RESULT: {}
COMMAND: GET /session/3ad3ed370b5892314835873e8b06bae6/screenshot - {}
RESULT: {}
COMMAND: POST /session/3ad3ed370b5892314835873e8b06bae6/refresh - {}
RESULT: {}
COMMAND: GET /session/3ad3ed370b5892314835873e8b06bae6/screenshot - {}
RESULT: {}
COMMAND: POST /session/3ad3ed370b5892314835873e8b06bae6/refresh - {}
RESULT: {}
COMMAND: GET /session/3ad3ed370b5892314835873e8b06bae6/screenshot - {}
RESULT: {}
COMMAND: POST /session/3ad3ed370b5892314835873e8b06bae6/window/fullscreen - {}
RESULT: {}
COMMAND: POST /session/3ad3ed370b5892314835873e8b06bae6/execute/async - {"script":"<script> [189 bytes]","args":[]}
RESULT: {"script":"<script> [189 bytes]","args":[]}
COMMAND: POST /session/3ad3ed370b5892314835873e8b06bae6/execute/async - {"script":"<script> [123 bytes]","args":[]}
RESULT: {"script":"<script> [123 bytes]","args":[]}
COMMAND: POST /session/3ad3ed370b5892314835873e8b06bae6/timeouts - {"script":"<number>"}
RESULT: {"script":"<number>"}
COMMAND: GET /session/3ad3ed370b5892314835873e8b06bae6/timeouts - {}
RESULT: {}
RESULT: undefined
COMMAND: POST /session/3ad3ed370b5892314835873e8b06bae6/execute/async - {"script":"<script> [2676 bytes]","args":[]}
RESULT: {"script":"<script> [2676 bytes]","args":[]}
COMMAND: POST /session/3ad3ed370b5892314835873e8b06bae6/execute/async - {"script":"<script> [2342 bytes]","args":[{"protocol":"http","hostname":"0.0.0.0","path":"/","capabilities":{"browserName":"chrome","goog:chromeOptions":{"binary":"C:\\Program Files\\Google\\Chrome\\Application\\chrome.exe","args":["--start-maximized"]}},"logLevel":"warn","connectionRetryTimeout":120000,"connectionRetryCount":3,"logLevels":{},"enableDirectConnect":true,"strictSSL":true,"_":"65 more keys: [\"cacheDir\",\"port\",\"requestedCapabilities\",\"automationProtocol\",\"baseUrl\",\"waitforInterval\",\"waitforTimeout\",\"onReload\",\"beforeCommand\",\"afterCommand\",\"rootDir\",\"specs\",\"suites\",\"exclude\",\"groupLogsByTestSpec\",\"excludeDriverLogs\",\"bail\",\"framework\",\"reporters\",\"services\",\"maxInstances\",\"maxInstancesPerCapability\",\"injectGlobals\",\"filesToWatch\",\"execArgv\",\"runnerEnv\",\"runner\",\"shard\",\"specFileRetries\",\"specFileRetriesDelay\",\"specFileRetriesDeferred\",\"reporterSyncInterval\",\"reporterSyncTimeout\",\"cucumberFeaturesWithLineNumbers\",\"autoCompileOpts\",\"mochaOpts\",\"jasmineOpts\",\"cucumberOpts\",\"onPrepare\",\"onWorkerStart\",\"onWorkerEnd\",\"before\",\"beforeSession\",\"beforeSuite\",\"beforeHook\",\"beforeTest\",\"afterTest\",\"afterHook\",\"afterSuite\",\"afterSession\",\"after\",\"onComplete\",\"beforeAssertion\",\"afterAssertion\",\"beforeFeature\",\"beforeScenario\",\"beforeStep\",\"afterStep\",\"afterScenario\",\"afterFeature\",\"_\",\"suite\",\"$0\",\"ignoredWorkerServices\",\"wdi5\"]"}]}
RESULT: {"script":"<script> [2342 bytes]","args":[{"protocol":"http","hostname":"0.0.0.0","path":"/","capabilities":{"browserName":"chrome","goog:chromeOptions":{"binary":"C:\\Program Files\\Google\\Chrome\\Application\\chrome.exe","args":["--start-maximized"]}},"logLevel":"warn","connectionRetryTimeout":120000,"connectionRetryCount":3,"logLevels":{},"enableDirectConnect":true,"strictSSL":true,"_":"65 more keys: [\"cacheDir\",\"port\",\"requestedCapabilities\",\"automationProtocol\",\"baseUrl\",\"waitforInterval\",\"waitforTimeout\",\"onReload\",\"beforeCommand\",\"afterCommand\",\"rootDir\",\"specs\",\"suites\",\"exclude\",\"groupLogsByTestSpec\",\"excludeDriverLogs\",\"bail\",\"framework\",\"reporters\",\"services\",\"maxInstances\",\"maxInstancesPerCapability\",\"injectGlobals\",\"filesToWatch\",\"execArgv\",\"runnerEnv\",\"runner\",\"shard\",\"specFileRetries\",\"specFileRetriesDelay\",\"specFileRetriesDeferred\",\"reporterSyncInterval\",\"reporterSyncTimeout\",\"cucumberFeaturesWithLineNumbers\",\"autoCompileOpts\",\"mochaOpts\",\"jasmineOpts\",\"cucumberOpts\",\"onPrepare\",\"onWorkerStart\",\"onWorkerEnd\",\"before\",\"beforeSession\",\"beforeSuite\",\"beforeHook\",\"beforeTest\",\"afterTest\",\"afterHook\",\"afterSuite\",\"afterSession\",\"after\",\"onComplete\",\"beforeAssertion\",\"afterAssertion\",\"beforeFeature\",\"beforeScenario\",\"beforeStep\",\"afterStep\",\"afterScenario\",\"afterFeature\",\"_\",\"suite\",\"$0\",\"ignoredWorkerServices\",\"wdi5\"]"}]}
COMMAND: POST /session/3ad3ed370b5892314835873e8b06bae6/execute/async - {"script":"<script> [21126 bytes]","args":[35000]}
RESULT: {"script":"<script> [21126 bytes]","args":[35000]}
COMMAND: POST /session/3ad3ed370b5892314835873e8b06bae6/execute/async - {"script":"<script> [1562 bytes]","args":[{"selector":{"controlType":"sap.m.SearchField","viewName":"etm.portal.ui.managehandovers.view.MasterHO","bindingPath":{"path":"","propertyPath":"/_BASIC_SEARCH_FIELD","modelName":"fi1t3rM0d31"},"interaction":{"idSuffix":"I"}},"wdio_ui5_key":"etmportal.ui.managehandovers.view.MasterHOsap.m.SearchField{\"path\":\"\",\"propertyPath\":\"/_BASIC_SEARCH_FIELD\",\"modelName\":\"fi1t3rM0d31\"}"}]}
RESULT: {"script":"<script> [1562 bytes]","args":[{"selector":{"controlType":"sap.m.SearchField","viewName":"etm.portal.ui.managehandovers.view.MasterHO","bindingPath":{"path":"","propertyPath":"/_BASIC_SEARCH_FIELD","modelName":"fi1t3rM0d31"},"interaction":{"idSuffix":"I"}},"wdio_ui5_key":"etmportal.ui.managehandovers.view.MasterHOsap.m.SearchField{\"path\":\"\",\"propertyPath\":\"/_BASIC_SEARCH_FIELD\",\"modelName\":\"fi1t3rM0d31\"}"}]}
RESULT: undefined
COMMAND: POST /session/3ad3ed370b5892314835873e8b06bae6/execute/async - {"script":"<script> [776 bytes]","args":[{"enterText":"30879","selector":{"controlType":"sap.m.SearchField","viewName":"etm.portal.ui.managehandovers.view.MasterHO","bindingPath":{"path":"","propertyPath":"/_BASIC_SEARCH_FIELD","modelName":"fi1t3rM0d31"},"interaction":{"idSuffix":"I"}},"clearTextFirst":true,"interactionType":"ENTER_TEXT"}]}
RESULT: {"script":"<script> [776 bytes]","args":[{"enterText":"30879","selector":{"controlType":"sap.m.SearchField","viewName":"etm.portal.ui.managehandovers.view.MasterHO","bindingPath":{"path":"","propertyPath":"/_BASIC_SEARCH_FIELD","modelName":"fi1t3rM0d31"},"interaction":{"idSuffix":"I"}},"clearTextFirst":true,"interactionType":"ENTER_TEXT"}]}
COMMAND: POST /session/3ad3ed370b5892314835873e8b06bae6/actions - {"actions":[{"id":"action87","type":"key","parameters":{},"actions":[{"type":"keyDown","value":""},{"type":"pause","duration":10},{"type":"keyUp","value":""}]}]}
RESULT: {"actions":[{"id":"action87","type":"key","parameters":{},"actions":[{"type":"keyDown","value":""},{"type":"pause","duration":10},{"type":"keyUp","value":""}]}]}
COMMAND: GET /session/3ad3ed370b5892314835873e8b06bae6/screenshot - {}
RESULT: {}
COMMAND: POST /session/3ad3ed370b5892314835873e8b06bae6/execute/async - {"script":"<script> [1562 bytes]","args":[{"selector":{"controlType":"sap.m.Title","viewName":"etm.portal.ui.managehandovers.view.MasterHO","properties":{"text":"Records (1)"}},"wdio_ui5_key":"etmportal.ui.managehandovers.view.MasterHOsap.m.Title{\"text\":\"Records (1)\"}"}]}
RESULT: {"script":"<script> [1562 bytes]","args":[{"selector":{"controlType":"sap.m.Title","viewName":"etm.portal.ui.managehandovers.view.MasterHO","properties":{"text":"Records (1)"}},"wdio_ui5_key":"etmportal.ui.managehandovers.view.MasterHOsap.m.Title{\"text\":\"Records (1)\"}"}]}
RESULT: undefined
COMMAND: POST /session/3ad3ed370b5892314835873e8b06bae6/execute/async - {"script":"<script> [6424 bytes]","args":[{"element-6066-11e4-a52e-4f735466cecf":"f.66C564F48E23224A49CD761FFC4FB84D.d.EFD88497BD0644E2E762DF67A10B7DA0.e.18378"},"getText",[]]}
RESULT: {"script":"<script> [6424 bytes]","args":[{"element-6066-11e4-a52e-4f735466cecf":"f.66C564F48E23224A49CD761FFC4FB84D.d.EFD88497BD0644E2E762DF67A10B7DA0.e.18378"},"getText",[]]}
COMMAND: POST /session/3ad3ed370b5892314835873e8b06bae6/execute/async - {"script":"<script> [1562 bytes]","args":[{"selector":{"controlType":"sap.ui.core.Icon","viewName":"etm.portal.ui.managehandovers.view.MasterHO","properties":{"src":{"regex":{"source":"slim\\-arrow\\-right"}}}},"wdio_ui5_key":"etmportal.ui.managehandovers.view.MasterHOsap.ui.core.Icon{\"src\":{\"regex\":{\"source\":\"slim\\\\-arrow\\\\-right\"}}}"}]}
RESULT: {"script":"<script> [1562 bytes]","args":[{"selector":{"controlType":"sap.ui.core.Icon","viewName":"etm.portal.ui.managehandovers.view.MasterHO","properties":{"src":{"regex":{"source":"slim\\-arrow\\-right"}}}},"wdio_ui5_key":"etmportal.ui.managehandovers.view.MasterHOsap.ui.core.Icon{\"src\":{\"regex\":{\"source\":\"slim\\\\-arrow\\\\-right\"}}}"}]}
RESULT: undefined
COMMAND: POST /session/3ad3ed370b5892314835873e8b06bae6/element - {"using":"xpath","value":"//*[@id=\"__item29-__clone17-imgNav\"]"}
RESULT: {"using":"xpath","value":"//*[@id=\"__item29-__clone17-imgNav\"]"}
COMMAND: POST /session/3ad3ed370b5892314835873e8b06bae6/element/f.66C564F48E23224A49CD761FFC4FB84D.d.EFD88497BD0644E2E762DF67A10B7DA0.e.18377/click - {}
RESULT: {}
COMMAND: GET /session/3ad3ed370b5892314835873e8b06bae6/screenshot - {}
RESULT: {}
COMMAND: POST /session/3ad3ed370b5892314835873e8b06bae6/execute/async - {"script":"<script> [1562 bytes]","args":[{"selector":{"controlType":"sap.m.ObjectStatus","viewName":"etm.portal.ui.managehandovers.view.DetailManageHO","viewId":"application-managehandovers-display-component---detailManageHO","labelFor":{"text":"Status"}},"wdio_ui5_key":"etmportal.ui.managehandovers.view.DetailManageHOsap.m.ObjectStatus{\"text\":\"Status\"}"}]}
RESULT: {"script":"<script> [1562 bytes]","args":[{"selector":{"controlType":"sap.m.ObjectStatus","viewName":"etm.portal.ui.managehandovers.view.DetailManageHO","viewId":"application-managehandovers-display-component---detailManageHO","labelFor":{"text":"Status"}},"wdio_ui5_key":"etmportal.ui.managehandovers.view.DetailManageHOsap.m.ObjectStatus{\"text\":\"Status\"}"}]}
RESULT: undefined
COMMAND: POST /session/3ad3ed370b5892314835873e8b06bae6/execute/async - {"script":"<script> [6424 bytes]","args":[{"element-6066-11e4-a52e-4f735466cecf":"f.66C564F48E23224A49CD761FFC4FB84D.d.EFD88497BD0644E2E762DF67A10B7DA0.e.18470"},"getText",[]]}
RESULT: {"script":"<script> [6424 bytes]","args":[{"element-6066-11e4-a52e-4f735466cecf":"f.66C564F48E23224A49CD761FFC4FB84D.d.EFD88497BD0644E2E762DF67A10B7DA0.e.18470"},"getText",[]]}
COMMAND: POST /session/3ad3ed370b5892314835873e8b06bae6/element - {"using":"xpath","value":"//a[contains(@data-kt ,\"GeneralSectionReceiveContracttLink\")]"}
RESULT: {"using":"xpath","value":"//a[contains(@data-kt ,\"GeneralSectionReceiveContracttLink\")]"}
COMMAND: POST /session/3ad3ed370b5892314835873e8b06bae6/element/f.66C564F48E23224A49CD761FFC4FB84D.d.EFD88497BD0644E2E762DF67A10B7DA0.e.18473/click - {}
RESULT: {}
COMMAND: GET /session/3ad3ed370b5892314835873e8b06bae6/screenshot - {}
RESULT: {}
COMMAND: POST /session/3ad3ed370b5892314835873e8b06bae6/element - {"using":"xpath","value":"//a[contains(@data-kt ,\"ContextMenuId2Link\")]"}
RESULT: {"using":"xpath","value":"//a[contains(@data-kt ,\"ContextMenuId2Link\")]"}
COMMAND: POST /session/3ad3ed370b5892314835873e8b06bae6/element/f.66C564F48E23224A49CD761FFC4FB84D.d.EFD88497BD0644E2E762DF67A10B7DA0.e.18476/click - {}
RESULT: {}
COMMAND: GET /session/3ad3ed370b5892314835873e8b06bae6/screenshot - {}
RESULT: {}
COMMAND: POST /session/3ad3ed370b5892314835873e8b06bae6/execute/async - {"script":"<script> [1562 bytes]","args":[{"selector":{"controlType":"sap.m.ObjectStatus","viewName":"etm.portal.ui.managecontracts.view.Detail","bindingPath":{"propertyPath":"LINK_TO_LOGISTICAL_STATUS/DESCRIPTION","modelName":"catalogModel"}},"wdio_ui5_key":"etmportal.ui.managecontracts.view.Detailsap.m.ObjectStatus{\"propertyPath\":\"LINK_TO_LOGISTICAL_STATUS/DESCRIPTION\",\"modelName\":\"catalogModel\"}"}]}
RESULT: {"script":"<script> [1562 bytes]","args":[{"selector":{"controlType":"sap.m.ObjectStatus","viewName":"etm.portal.ui.managecontracts.view.Detail","bindingPath":{"propertyPath":"LINK_TO_LOGISTICAL_STATUS/DESCRIPTION","modelName":"catalogModel"}},"wdio_ui5_key":"etmportal.ui.managecontracts.view.Detailsap.m.ObjectStatus{\"propertyPath\":\"LINK_TO_LOGISTICAL_STATUS/DESCRIPTION\",\"modelName\":\"catalogModel\"}"}]}
RESULT: undefined
COMMAND: POST /session/3ad3ed370b5892314835873e8b06bae6/execute/async - {"script":"<script> [6424 bytes]","args":[{"element-6066-11e4-a52e-4f735466cecf":"f.66C564F48E23224A49CD761FFC4FB84D.d.EFD88497BD0644E2E762DF67A10B7DA0.e.18713"},"getText",[]]}
RESULT: {"script":"<script> [6424 bytes]","args":[{"element-6066-11e4-a52e-4f735466cecf":"f.66C564F48E23224A49CD761FFC4FB84D.d.EFD88497BD0644E2E762DF67A10B7DA0.e.18713"},"getText",[]]}
COMMAND: POST /session/3ad3ed370b5892314835873e8b06bae6/execute/async - {"script":"<script> [1562 bytes]","args":[{"selector":{"controlType":"sap.m.ObjectStatus","viewName":"etm.portal.ui.managecontracts.view.Detail","bindingPath":{"propertyPath":"LINK_TO_COMMERCIAL_STATUS/DESCRIPTION","modelName":"catalogModel"}},"wdio_ui5_key":"etmportal.ui.managecontracts.view.Detailsap.m.ObjectStatus{\"propertyPath\":\"LINK_TO_COMMERCIAL_STATUS/DESCRIPTION\",\"modelName\":\"catalogModel\"}"}]}
RESULT: {"script":"<script> [1562 bytes]","args":[{"selector":{"controlType":"sap.m.ObjectStatus","viewName":"etm.portal.ui.managecontracts.view.Detail","bindingPath":{"propertyPath":"LINK_TO_COMMERCIAL_STATUS/DESCRIPTION","modelName":"catalogModel"}},"wdio_ui5_key":"etmportal.ui.managecontracts.view.Detailsap.m.ObjectStatus{\"propertyPath\":\"LINK_TO_COMMERCIAL_STATUS/DESCRIPTION\",\"modelName\":\"catalogModel\"}"}]}
RESULT: undefined
COMMAND: POST /session/3ad3ed370b5892314835873e8b06bae6/execute/async - {"script":"<script> [6424 bytes]","args":[{"element-6066-11e4-a52e-4f735466cecf":"f.66C564F48E23224A49CD761FFC4FB84D.d.EFD88497BD0644E2E762DF67A10B7DA0.e.18714"},"getText",[]]}
RESULT: {"script":"<script> [6424 bytes]","args":[{"element-6066-11e4-a52e-4f735466cecf":"f.66C564F48E23224A49CD761FFC4FB84D.d.EFD88497BD0644E2E762DF67A10B7DA0.e.18714"},"getText",[]]}
]]></system-out>
    </testcase>
    <testcase classname="chrome.136_0_7103_93.windows.E2E_-_Logistical_and_commercial_statuses" name="It should follow the handover steps to the status fully returned" time="292.732">
      <system-out><![CDATA[
COMMAND: POST /session/3ad3ed370b5892314835873e8b06bae6/execute/async - {"script":"<script> [1562 bytes]","args":[{"selector":{"id":"contractDetailReturnButton","viewName":"etm.portal.ui.managecontracts.view.Detail","interaction":{"idSuffix":"BDI-content"}},"wdio_ui5_key":"contractDetailReturnButtonetmportal.ui.managecontracts.view.Detail"}]}
RESULT: {"script":"<script> [1562 bytes]","args":[{"selector":{"id":"contractDetailReturnButton","viewName":"etm.portal.ui.managecontracts.view.Detail","interaction":{"idSuffix":"BDI-content"}},"wdio_ui5_key":"contractDetailReturnButtonetmportal.ui.managecontracts.view.Detail"}]}
RESULT: undefined
COMMAND: POST /session/3ad3ed370b5892314835873e8b06bae6/element - {"using":"xpath","value":"//*[@id=\"__xmlview2--contractDetailReturnButton\"]"}
RESULT: {"using":"xpath","value":"//*[@id=\"__xmlview2--contractDetailReturnButton\"]"}
COMMAND: POST /session/3ad3ed370b5892314835873e8b06bae6/element/f.66C564F48E23224A49CD761FFC4FB84D.d.EFD88497BD0644E2E762DF67A10B7DA0.e.18576/click - {}
RESULT: {}
COMMAND: POST /session/3ad3ed370b5892314835873e8b06bae6/execute/async - {"script":"<script> [1562 bytes]","args":[{"selector":{"id":"application-managehandovers-display-component---AddNewHO--dueDate","interaction":{"idSuffix":"inner"}},"wdio_ui5_key":"applicationmanagehandovers-display-component---AddNewHO--dueDate"}]}
COMMAND: GET /session/3ad3ed370b5892314835873e8b06bae6/screenshot - {}
RESULT: {"script":"<script> [1562 bytes]","args":[{"selector":{"id":"application-managehandovers-display-component---AddNewHO--dueDate","interaction":{"idSuffix":"inner"}},"wdio_ui5_key":"applicationmanagehandovers-display-component---AddNewHO--dueDate"}]}
RESULT: undefined
COMMAND: POST /session/3ad3ed370b5892314835873e8b06bae6/execute/async - {"script":"<script> [776 bytes]","args":[{"enterText":"05/30/25","selector":{"id":"application-managehandovers-display-component---AddNewHO--dueDate","interaction":{"idSuffix":"inner"}},"clearTextFirst":true,"interactionType":"ENTER_TEXT"}]}
RESULT: {}
RESULT: {"script":"<script> [776 bytes]","args":[{"enterText":"05/30/25","selector":{"id":"application-managehandovers-display-component---AddNewHO--dueDate","interaction":{"idSuffix":"inner"}},"clearTextFirst":true,"interactionType":"ENTER_TEXT"}]}
COMMAND: POST /session/3ad3ed370b5892314835873e8b06bae6/element - {"using":"xpath","value":"//bdi[contains(@id ,\"application-managehandovers-display-component---AddNewHO--ObjectPageLayout-anchBar-application-managehandovers-display-component---AddNewHO--section4-anchor-BDI-content\")]"}
RESULT: {"using":"xpath","value":"//bdi[contains(@id ,\"application-managehandovers-display-component---AddNewHO--ObjectPageLayout-anchBar-application-managehandovers-display-component---AddNewHO--section4-anchor-BDI-content\")]"}
COMMAND: POST /session/3ad3ed370b5892314835873e8b06bae6/element/f.66C564F48E23224A49CD761FFC4FB84D.d.EFD88497BD0644E2E762DF67A10B7DA0.e.19026/click - {}
RESULT: {}
COMMAND: GET /session/3ad3ed370b5892314835873e8b06bae6/screenshot - {}
RESULT: {}
COMMAND: POST /session/3ad3ed370b5892314835873e8b06bae6/element - {"using":"xpath","value":"//button[contains(@data-kt ,\"AddNewHOProvideAddItemsButton\")]"}
RESULT: {"using":"xpath","value":"//button[contains(@data-kt ,\"AddNewHOProvideAddItemsButton\")]"}
COMMAND: POST /session/3ad3ed370b5892314835873e8b06bae6/element/f.66C564F48E23224A49CD761FFC4FB84D.d.EFD88497BD0644E2E762DF67A10B7DA0.e.18831/click - {}
RESULT: {}
COMMAND: GET /session/3ad3ed370b5892314835873e8b06bae6/screenshot - {}
RESULT: {}
COMMAND: POST /session/3ad3ed370b5892314835873e8b06bae6/execute/async - {"script":"<script> [1562 bytes]","args":[{"selector":{"id":"application-managehandovers-display-component---AddNewHO--popup-sa","searchOpenDialogs":true,"interaction":{"idSuffix":"CbBg"}},"wdio_ui5_key":"applicationmanagehandovers-display-component---AddNewHO--popup-sa"}]}
RESULT: {"script":"<script> [1562 bytes]","args":[{"selector":{"id":"application-managehandovers-display-component---AddNewHO--popup-sa","searchOpenDialogs":true,"interaction":{"idSuffix":"CbBg"}},"wdio_ui5_key":"applicationmanagehandovers-display-component---AddNewHO--popup-sa"}]}
RESULT: undefined
COMMAND: POST /session/3ad3ed370b5892314835873e8b06bae6/element - {"using":"xpath","value":"//*[@id=\"application-managehandovers-display-component---AddNewHO--popup-sa\"]"}
RESULT: {"using":"xpath","value":"//*[@id=\"application-managehandovers-display-component---AddNewHO--popup-sa\"]"}
COMMAND: POST /session/3ad3ed370b5892314835873e8b06bae6/element/f.66C564F48E23224A49CD761FFC4FB84D.d.EFD88497BD0644E2E762DF67A10B7DA0.e.19045/click - {}
RESULT: {}
COMMAND: POST /session/3ad3ed370b5892314835873e8b06bae6/execute/async - {"script":"<script> [1562 bytes]","args":[{"selector":{"controlType":"sap.m.Button","viewName":"etm.portal.ui.managehandovers.view.AddNewHO","viewId":"application-managehandovers-display-component---AddNewHO","i18NText":{"propertyName":"text","key":"select"},"searchOpenDialogs":true,"interaction":{"idSuffix":"BDI-content"}},"wdio_ui5_key":"etmportal.ui.managehandovers.view.AddNewHOsap.m.Button{\"propertyName\":\"text\",\"key\":\"select\"}"}]}
COMMAND: GET /session/3ad3ed370b5892314835873e8b06bae6/screenshot - {}
RESULT: {"script":"<script> [1562 bytes]","args":[{"selector":{"controlType":"sap.m.Button","viewName":"etm.portal.ui.managehandovers.view.AddNewHO","viewId":"application-managehandovers-display-component---AddNewHO","i18NText":{"propertyName":"text","key":"select"},"searchOpenDialogs":true,"interaction":{"idSuffix":"BDI-content"}},"wdio_ui5_key":"etmportal.ui.managehandovers.view.AddNewHOsap.m.Button{\"propertyName\":\"text\",\"key\":\"select\"}"}]}
RESULT: undefined
COMMAND: POST /session/3ad3ed370b5892314835873e8b06bae6/element - {"using":"xpath","value":"//*[@id=\"__button61\"]"}
RESULT: {}
RESULT: {"using":"xpath","value":"//*[@id=\"__button61\"]"}
COMMAND: POST /session/3ad3ed370b5892314835873e8b06bae6/element/f.66C564F48E23224A49CD761FFC4FB84D.d.EFD88497BD0644E2E762DF67A10B7DA0.e.19048/click - {}
RESULT: {}
COMMAND: GET /session/3ad3ed370b5892314835873e8b06bae6/screenshot - {}
RESULT: {}
COMMAND: POST /session/3ad3ed370b5892314835873e8b06bae6/execute/async - {"script":"<script> [1562 bytes]","args":[{"selector":{"id":"application-managehandovers-display-component---AddNewHO--confirmCreationButton","interaction":{"idSuffix":"BDI-content"}},"wdio_ui5_key":"applicationmanagehandovers-display-component---AddNewHO--confirmCreationButton"}]}
RESULT: {"script":"<script> [1562 bytes]","args":[{"selector":{"id":"application-managehandovers-display-component---AddNewHO--confirmCreationButton","interaction":{"idSuffix":"BDI-content"}},"wdio_ui5_key":"applicationmanagehandovers-display-component---AddNewHO--confirmCreationButton"}]}
RESULT: undefined
COMMAND: POST /session/3ad3ed370b5892314835873e8b06bae6/element - {"using":"xpath","value":"//*[@id=\"application-managehandovers-display-component---AddNewHO--confirmCreationButton\"]"}
RESULT: {"using":"xpath","value":"//*[@id=\"application-managehandovers-display-component---AddNewHO--confirmCreationButton\"]"}
COMMAND: POST /session/3ad3ed370b5892314835873e8b06bae6/element/f.66C564F48E23224A49CD761FFC4FB84D.d.EFD88497BD0644E2E762DF67A10B7DA0.e.18838/click - {}
RESULT: {}
COMMAND: GET /session/3ad3ed370b5892314835873e8b06bae6/screenshot - {}
RESULT: {}
COMMAND: POST /session/3ad3ed370b5892314835873e8b06bae6/execute/async - {"script":"<script> [1562 bytes]","args":[{"selector":{"controlType":"sap.m.Text","viewName":"etm.portal.ui.managehandovers.view.DetailExecuteHO","bindingPath":{"propertyPath":"NO","modelName":"catalogModel"}},"wdio_ui5_key":"etmportal.ui.managehandovers.view.DetailExecuteHOsap.m.Text{\"propertyPath\":\"NO\",\"modelName\":\"catalogModel\"}"}]}
RESULT: {"script":"<script> [1562 bytes]","args":[{"selector":{"controlType":"sap.m.Text","viewName":"etm.portal.ui.managehandovers.view.DetailExecuteHO","bindingPath":{"propertyPath":"NO","modelName":"catalogModel"}},"wdio_ui5_key":"etmportal.ui.managehandovers.view.DetailExecuteHOsap.m.Text{\"propertyPath\":\"NO\",\"modelName\":\"catalogModel\"}"}]}
RESULT: undefined
COMMAND: POST /session/3ad3ed370b5892314835873e8b06bae6/execute/async - {"script":"<script> [6424 bytes]","args":[{"element-6066-11e4-a52e-4f735466cecf":"f.66C564F48E23224A49CD761FFC4FB84D.d.EFD88497BD0644E2E762DF67A10B7DA0.e.19103"},"getText",[]]}
RESULT: {"script":"<script> [6424 bytes]","args":[{"element-6066-11e4-a52e-4f735466cecf":"f.66C564F48E23224A49CD761FFC4FB84D.d.EFD88497BD0644E2E762DF67A10B7DA0.e.19103"},"getText",[]]}
COMMAND: POST /session/3ad3ed370b5892314835873e8b06bae6/element - {"using":"xpath","value":"//a[contains(@data-kt ,\"GeneralSectionSendContractLink\")]"}
RESULT: {"using":"xpath","value":"//a[contains(@data-kt ,\"GeneralSectionSendContractLink\")]"}
COMMAND: POST /session/3ad3ed370b5892314835873e8b06bae6/element/f.66C564F48E23224A49CD761FFC4FB84D.d.EFD88497BD0644E2E762DF67A10B7DA0.e.19104/click - {}
RESULT: {}
COMMAND: GET /session/3ad3ed370b5892314835873e8b06bae6/screenshot - {}
RESULT: {}
COMMAND: POST /session/3ad3ed370b5892314835873e8b06bae6/element - {"using":"xpath","value":"//a[contains(@data-kt ,\"ContextMenuId2Link\")]"}
RESULT: {"using":"xpath","value":"//a[contains(@data-kt ,\"ContextMenuId2Link\")]"}
COMMAND: POST /session/3ad3ed370b5892314835873e8b06bae6/elements - {"using":"xpath","value":"//a[contains(@data-kt ,\"ContextMenuId2Link\")]"}
RESULT: {"using":"xpath","value":"//a[contains(@data-kt ,\"ContextMenuId2Link\")]"}
COMMAND: POST /session/3ad3ed370b5892314835873e8b06bae6/element/f.66C564F48E23224A49CD761FFC4FB84D.d.EFD88497BD0644E2E762DF67A10B7DA0.e.19107/click - {}
RESULT: {}
COMMAND: GET /session/3ad3ed370b5892314835873e8b06bae6/screenshot - {}
RESULT: {}
COMMAND: POST /session/3ad3ed370b5892314835873e8b06bae6/execute/async - {"script":"<script> [1562 bytes]","args":[{"selector":{"controlType":"sap.m.Link","viewName":"etm.portal.ui.managehandovers.view.DetailExecuteHO","properties":{"text":"Contract Overview"},"searchOpenDialogs":true},"wdio_ui5_key":"etmportal.ui.managehandovers.view.DetailExecuteHOsap.m.Link{\"text\":\"Contract Overview\"}"}]}
RESULT: {"script":"<script> [1562 bytes]","args":[{"selector":{"controlType":"sap.m.Link","viewName":"etm.portal.ui.managehandovers.view.DetailExecuteHO","properties":{"text":"Contract Overview"},"searchOpenDialogs":true},"wdio_ui5_key":"etmportal.ui.managehandovers.view.DetailExecuteHOsap.m.Link{\"text\":\"Contract Overview\"}"}]}
RESULT: undefined
RESULT: undefined
COMMAND: POST /session/3ad3ed370b5892314835873e8b06bae6/execute/async - {"script":"<script> [6424 bytes]","args":[{"element-6066-11e4-a52e-4f735466cecf":"f.66C564F48E23224A49CD761FFC4FB84D.d.EFD88497BD0644E2E762DF67A10B7DA0.e.18713"},"getText",[]]}
COMMAND: POST /session/3ad3ed370b5892314835873e8b06bae6/execute/async - {"script":"<script> [1562 bytes]","args":[{"selector":{"controlType":"sap.m.ObjectStatus","viewName":"etm.portal.ui.managecontracts.view.Detail","bindingPath":{"propertyPath":"LINK_TO_LOGISTICAL_STATUS/DESCRIPTION","modelName":"catalogModel"}},"wdio_ui5_key":"etmportal.ui.managecontracts.view.Detailsap.m.ObjectStatus{\"propertyPath\":\"LINK_TO_LOGISTICAL_STATUS/DESCRIPTION\",\"modelName\":\"catalogModel\"}"}]}
RESULT: {"script":"<script> [1562 bytes]","args":[{"selector":{"controlType":"sap.m.ObjectStatus","viewName":"etm.portal.ui.managecontracts.view.Detail","bindingPath":{"propertyPath":"LINK_TO_LOGISTICAL_STATUS/DESCRIPTION","modelName":"catalogModel"}},"wdio_ui5_key":"etmportal.ui.managecontracts.view.Detailsap.m.ObjectStatus{\"propertyPath\":\"LINK_TO_LOGISTICAL_STATUS/DESCRIPTION\",\"modelName\":\"catalogModel\"}"}]}
COMMAND: POST /session/3ad3ed370b5892314835873e8b06bae6/execute/async - {"script":"<script> [6424 bytes]","args":[{"element-6066-11e4-a52e-4f735466cecf":"f.66C564F48E23224A49CD761FFC4FB84D.d.EFD88497BD0644E2E762DF67A10B7DA0.e.19333"},"getText",[]]}
RESULT: {"script":"<script> [6424 bytes]","args":[{"element-6066-11e4-a52e-4f735466cecf":"f.66C564F48E23224A49CD761FFC4FB84D.d.EFD88497BD0644E2E762DF67A10B7DA0.e.19333"},"getText",[]]}
RESULT: undefined
COMMAND: POST /session/3ad3ed370b5892314835873e8b06bae6/execute/async - {"script":"<script> [6424 bytes]","args":[{"element-6066-11e4-a52e-4f735466cecf":"f.66C564F48E23224A49CD761FFC4FB84D.d.EFD88497BD0644E2E762DF67A10B7DA0.e.18714"},"getText",[]]}
COMMAND: POST /session/3ad3ed370b5892314835873e8b06bae6/execute/async - {"script":"<script> [1562 bytes]","args":[{"selector":{"controlType":"sap.m.ObjectStatus","viewName":"etm.portal.ui.managecontracts.view.Detail","bindingPath":{"propertyPath":"LINK_TO_COMMERCIAL_STATUS/DESCRIPTION","modelName":"catalogModel"}},"wdio_ui5_key":"etmportal.ui.managecontracts.view.Detailsap.m.ObjectStatus{\"propertyPath\":\"LINK_TO_COMMERCIAL_STATUS/DESCRIPTION\",\"modelName\":\"catalogModel\"}"}]}
RESULT: {"script":"<script> [1562 bytes]","args":[{"selector":{"controlType":"sap.m.ObjectStatus","viewName":"etm.portal.ui.managecontracts.view.Detail","bindingPath":{"propertyPath":"LINK_TO_COMMERCIAL_STATUS/DESCRIPTION","modelName":"catalogModel"}},"wdio_ui5_key":"etmportal.ui.managecontracts.view.Detailsap.m.ObjectStatus{\"propertyPath\":\"LINK_TO_COMMERCIAL_STATUS/DESCRIPTION\",\"modelName\":\"catalogModel\"}"}]}
COMMAND: POST /session/3ad3ed370b5892314835873e8b06bae6/execute/async - {"script":"<script> [6424 bytes]","args":[{"element-6066-11e4-a52e-4f735466cecf":"f.66C564F48E23224A49CD761FFC4FB84D.d.EFD88497BD0644E2E762DF67A10B7DA0.e.19334"},"getText",[]]}
RESULT: {"script":"<script> [6424 bytes]","args":[{"element-6066-11e4-a52e-4f735466cecf":"f.66C564F48E23224A49CD761FFC4FB84D.d.EFD88497BD0644E2E762DF67A10B7DA0.e.19334"},"getText",[]]}
COMMAND: POST /session/3ad3ed370b5892314835873e8b06bae6/execute/async - {"script":"<script> [1562 bytes]","args":[{"selector":{"id":"backBtn"},"wdio_ui5_key":"backBtn"}]}
RESULT: {"script":"<script> [1562 bytes]","args":[{"selector":{"id":"backBtn"},"wdio_ui5_key":"backBtn"}]}
RESULT: undefined
COMMAND: POST /session/3ad3ed370b5892314835873e8b06bae6/element - {"using":"xpath","value":"//*[@id=\"backBtn\"]"}
RESULT: {"using":"xpath","value":"//*[@id=\"backBtn\"]"}
COMMAND: POST /session/3ad3ed370b5892314835873e8b06bae6/element/f.66C564F48E23224A49CD761FFC4FB84D.d.EFD88497BD0644E2E762DF67A10B7DA0.e.19335/click - {}
RESULT: {}
COMMAND: GET /session/3ad3ed370b5892314835873e8b06bae6/screenshot - {}
RESULT: {}
COMMAND: POST /session/3ad3ed370b5892314835873e8b06bae6/element - {"using":"xpath","value":"//input[contains(@id ,\"issueDatePicker-inner\")]"}
RESULT: {"using":"xpath","value":"//input[contains(@id ,\"issueDatePicker-inner\")]"}
COMMAND: GET /session/3ad3ed370b5892314835873e8b06bae6/element/f.66C564F48E23224A49CD761FFC4FB84D.d.EFD88497BD0644E2E762DF67A10B7DA0.e.19615/property/value - {}
RESULT: {}
COMMAND: POST /session/3ad3ed370b5892314835873e8b06bae6/element/f.66C564F48E23224A49CD761FFC4FB84D.d.EFD88497BD0644E2E762DF67A10B7DA0.e.19615/clear - {}
COMMAND: GET /session/3ad3ed370b5892314835873e8b06bae6/screenshot - {}
RESULT: {}
COMMAND: POST /session/3ad3ed370b5892314835873e8b06bae6/element/f.66C564F48E23224A49CD761FFC4FB84D.d.EFD88497BD0644E2E762DF67A10B7DA0.e.19615/value - {"text":"05/30/25"}
COMMAND: GET /session/3ad3ed370b5892314835873e8b06bae6/screenshot - {}
RESULT: {}
RESULT: {"text":"05/30/25"}
COMMAND: GET /session/3ad3ed370b5892314835873e8b06bae6/screenshot - {}
RESULT: {}
RESULT: {}
COMMAND: POST /session/3ad3ed370b5892314835873e8b06bae6/execute/async - {"script":"<script> [1562 bytes]","args":[{"selector":{"controlType":"sap.m.Button","viewName":"etm.portal.ui.managehandovers.view.DetailExecuteHO","i18NText":{"propertyName":"text","key":"confirmAll"},"interaction":{"idSuffix":"inner"}},"wdio_ui5_key":"etmportal.ui.managehandovers.view.DetailExecuteHOsap.m.Button{\"propertyName\":\"text\",\"key\":\"confirmAll\"}"}]}
RESULT: {"script":"<script> [1562 bytes]","args":[{"selector":{"controlType":"sap.m.Button","viewName":"etm.portal.ui.managehandovers.view.DetailExecuteHO","i18NText":{"propertyName":"text","key":"confirmAll"},"interaction":{"idSuffix":"inner"}},"wdio_ui5_key":"etmportal.ui.managehandovers.view.DetailExecuteHOsap.m.Button{\"propertyName\":\"text\",\"key\":\"confirmAll\"}"}]}
RESULT: undefined
COMMAND: POST /session/3ad3ed370b5892314835873e8b06bae6/element - {"using":"xpath","value":"//*[@id=\"__button145\"]"}
RESULT: {"using":"xpath","value":"//*[@id=\"__button145\"]"}
COMMAND: POST /session/3ad3ed370b5892314835873e8b06bae6/element/f.66C564F48E23224A49CD761FFC4FB84D.d.EFD88497BD0644E2E762DF67A10B7DA0.e.19638/click - {}
RESULT: {}
COMMAND: GET /session/3ad3ed370b5892314835873e8b06bae6/screenshot - {}
RESULT: {}
COMMAND: POST /session/3ad3ed370b5892314835873e8b06bae6/actions - {"actions":[{"id":"action88","type":"key","parameters":{},"actions":[{"type":"keyDown","value":""},{"type":"pause","duration":10},{"type":"keyUp","value":""}]}]}
RESULT: {"actions":[{"id":"action88","type":"key","parameters":{},"actions":[{"type":"keyDown","value":""},{"type":"pause","duration":10},{"type":"keyUp","value":""}]}]}
COMMAND: GET /session/3ad3ed370b5892314835873e8b06bae6/screenshot - {}
RESULT: {}
RESULT: undefined
COMMAND: POST /session/3ad3ed370b5892314835873e8b06bae6/element - {"using":"xpath","value":"//*[@id=\"__button145\"]"}
RESULT: {"using":"xpath","value":"//*[@id=\"__button145\"]"}
COMMAND: POST /session/3ad3ed370b5892314835873e8b06bae6/element/f.66C564F48E23224A49CD761FFC4FB84D.d.EFD88497BD0644E2E762DF67A10B7DA0.e.19638/click - {}
RESULT: {}
COMMAND: GET /session/3ad3ed370b5892314835873e8b06bae6/screenshot - {}
RESULT: {}
COMMAND: POST /session/3ad3ed370b5892314835873e8b06bae6/execute/async - {"script":"<script> [1562 bytes]","args":[{"selector":{"controlType":"sap.m.Button","properties":{"text":"OK"},"searchOpenDialogs":true,"interaction":{"idSuffix":"content"}},"wdio_ui5_key":"sapm.Button{\"text\":\"OK\"}"}]}
RESULT: {"script":"<script> [1562 bytes]","args":[{"selector":{"controlType":"sap.m.Button","properties":{"text":"OK"},"searchOpenDialogs":true,"interaction":{"idSuffix":"content"}},"wdio_ui5_key":"sapm.Button{\"text\":\"OK\"}"}]}
RESULT: undefined
COMMAND: POST /session/3ad3ed370b5892314835873e8b06bae6/element - {"using":"xpath","value":"//*[@id=\"__mbox-btn-2\"]"}
RESULT: {"using":"xpath","value":"//*[@id=\"__mbox-btn-2\"]"}
COMMAND: POST /session/3ad3ed370b5892314835873e8b06bae6/element/f.66C564F48E23224A49CD761FFC4FB84D.d.EFD88497BD0644E2E762DF67A10B7DA0.e.19647/click - {}
RESULT: {}
COMMAND: GET /session/3ad3ed370b5892314835873e8b06bae6/screenshot - {}
RESULT: {}
COMMAND: POST /session/3ad3ed370b5892314835873e8b06bae6/element - {"using":"xpath","value":"//button[contains(@data-kt ,\"execHoIssueFooterButton\")]"}
RESULT: {"using":"xpath","value":"//button[contains(@data-kt ,\"execHoIssueFooterButton\")]"}
COMMAND: POST /session/3ad3ed370b5892314835873e8b06bae6/element/f.66C564F48E23224A49CD761FFC4FB84D.d.EFD88497BD0644E2E762DF67A10B7DA0.e.19651/click - {}
RESULT: {}
COMMAND: GET /session/3ad3ed370b5892314835873e8b06bae6/screenshot - {}
RESULT: {}
COMMAND: POST /session/3ad3ed370b5892314835873e8b06bae6/refresh - {}
RESULT: {}
COMMAND: GET /session/3ad3ed370b5892314835873e8b06bae6/screenshot - {}
RESULT: {}
COMMAND: POST /session/3ad3ed370b5892314835873e8b06bae6/refresh - {}
RESULT: {}
COMMAND: GET /session/3ad3ed370b5892314835873e8b06bae6/screenshot - {}
RESULT: {}
COMMAND: POST /session/3ad3ed370b5892314835873e8b06bae6/window/fullscreen - {}
RESULT: {}
COMMAND: POST /session/3ad3ed370b5892314835873e8b06bae6/execute/async - {"script":"<script> [189 bytes]","args":[]}
RESULT: {"script":"<script> [189 bytes]","args":[]}
COMMAND: POST /session/3ad3ed370b5892314835873e8b06bae6/execute/async - {"script":"<script> [123 bytes]","args":[]}
RESULT: {"script":"<script> [123 bytes]","args":[]}
COMMAND: POST /session/3ad3ed370b5892314835873e8b06bae6/timeouts - {"script":"<number>"}
RESULT: {"script":"<number>"}
COMMAND: GET /session/3ad3ed370b5892314835873e8b06bae6/timeouts - {}
RESULT: {}
RESULT: undefined
COMMAND: POST /session/3ad3ed370b5892314835873e8b06bae6/execute/async - {"script":"<script> [2676 bytes]","args":[]}
RESULT: {"script":"<script> [2676 bytes]","args":[]}
COMMAND: POST /session/3ad3ed370b5892314835873e8b06bae6/execute/async - {"script":"<script> [2342 bytes]","args":[{"protocol":"http","hostname":"0.0.0.0","path":"/","capabilities":{"browserName":"chrome","goog:chromeOptions":{"binary":"C:\\Program Files\\Google\\Chrome\\Application\\chrome.exe","args":["--start-maximized"]}},"logLevel":"warn","connectionRetryTimeout":120000,"connectionRetryCount":3,"logLevels":{},"enableDirectConnect":true,"strictSSL":true,"_":"65 more keys: [\"cacheDir\",\"port\",\"requestedCapabilities\",\"automationProtocol\",\"baseUrl\",\"waitforInterval\",\"waitforTimeout\",\"onReload\",\"beforeCommand\",\"afterCommand\",\"rootDir\",\"specs\",\"suites\",\"exclude\",\"groupLogsByTestSpec\",\"excludeDriverLogs\",\"bail\",\"framework\",\"reporters\",\"services\",\"maxInstances\",\"maxInstancesPerCapability\",\"injectGlobals\",\"filesToWatch\",\"execArgv\",\"runnerEnv\",\"runner\",\"shard\",\"specFileRetries\",\"specFileRetriesDelay\",\"specFileRetriesDeferred\",\"reporterSyncInterval\",\"reporterSyncTimeout\",\"cucumberFeaturesWithLineNumbers\",\"autoCompileOpts\",\"mochaOpts\",\"jasmineOpts\",\"cucumberOpts\",\"onPrepare\",\"onWorkerStart\",\"onWorkerEnd\",\"before\",\"beforeSession\",\"beforeSuite\",\"beforeHook\",\"beforeTest\",\"afterTest\",\"afterHook\",\"afterSuite\",\"afterSession\",\"after\",\"onComplete\",\"beforeAssertion\",\"afterAssertion\",\"beforeFeature\",\"beforeScenario\",\"beforeStep\",\"afterStep\",\"afterScenario\",\"afterFeature\",\"_\",\"suite\",\"$0\",\"ignoredWorkerServices\",\"wdi5\"]"}]}
RESULT: {"script":"<script> [2342 bytes]","args":[{"protocol":"http","hostname":"0.0.0.0","path":"/","capabilities":{"browserName":"chrome","goog:chromeOptions":{"binary":"C:\\Program Files\\Google\\Chrome\\Application\\chrome.exe","args":["--start-maximized"]}},"logLevel":"warn","connectionRetryTimeout":120000,"connectionRetryCount":3,"logLevels":{},"enableDirectConnect":true,"strictSSL":true,"_":"65 more keys: [\"cacheDir\",\"port\",\"requestedCapabilities\",\"automationProtocol\",\"baseUrl\",\"waitforInterval\",\"waitforTimeout\",\"onReload\",\"beforeCommand\",\"afterCommand\",\"rootDir\",\"specs\",\"suites\",\"exclude\",\"groupLogsByTestSpec\",\"excludeDriverLogs\",\"bail\",\"framework\",\"reporters\",\"services\",\"maxInstances\",\"maxInstancesPerCapability\",\"injectGlobals\",\"filesToWatch\",\"execArgv\",\"runnerEnv\",\"runner\",\"shard\",\"specFileRetries\",\"specFileRetriesDelay\",\"specFileRetriesDeferred\",\"reporterSyncInterval\",\"reporterSyncTimeout\",\"cucumberFeaturesWithLineNumbers\",\"autoCompileOpts\",\"mochaOpts\",\"jasmineOpts\",\"cucumberOpts\",\"onPrepare\",\"onWorkerStart\",\"onWorkerEnd\",\"before\",\"beforeSession\",\"beforeSuite\",\"beforeHook\",\"beforeTest\",\"afterTest\",\"afterHook\",\"afterSuite\",\"afterSession\",\"after\",\"onComplete\",\"beforeAssertion\",\"afterAssertion\",\"beforeFeature\",\"beforeScenario\",\"beforeStep\",\"afterStep\",\"afterScenario\",\"afterFeature\",\"_\",\"suite\",\"$0\",\"ignoredWorkerServices\",\"wdi5\"]"}]}
COMMAND: POST /session/3ad3ed370b5892314835873e8b06bae6/execute/async - {"script":"<script> [21126 bytes]","args":[35000]}
RESULT: {"script":"<script> [21126 bytes]","args":[35000]}
COMMAND: POST /session/3ad3ed370b5892314835873e8b06bae6/execute/async - {"script":"<script> [1562 bytes]","args":[{"selector":{"controlType":"sap.m.SearchField","viewName":"etm.portal.ui.managehandovers.view.MasterHO","bindingPath":{"path":"","propertyPath":"/_BASIC_SEARCH_FIELD","modelName":"fi1t3rM0d31"},"interaction":{"idSuffix":"I"}},"wdio_ui5_key":"etmportal.ui.managehandovers.view.MasterHOsap.m.SearchField{\"path\":\"\",\"propertyPath\":\"/_BASIC_SEARCH_FIELD\",\"modelName\":\"fi1t3rM0d31\"}"}]}
RESULT: {"script":"<script> [1562 bytes]","args":[{"selector":{"controlType":"sap.m.SearchField","viewName":"etm.portal.ui.managehandovers.view.MasterHO","bindingPath":{"path":"","propertyPath":"/_BASIC_SEARCH_FIELD","modelName":"fi1t3rM0d31"},"interaction":{"idSuffix":"I"}},"wdio_ui5_key":"etmportal.ui.managehandovers.view.MasterHOsap.m.SearchField{\"path\":\"\",\"propertyPath\":\"/_BASIC_SEARCH_FIELD\",\"modelName\":\"fi1t3rM0d31\"}"}]}
RESULT: undefined
COMMAND: POST /session/3ad3ed370b5892314835873e8b06bae6/execute/async - {"script":"<script> [776 bytes]","args":[{"enterText":"30880","selector":{"controlType":"sap.m.SearchField","viewName":"etm.portal.ui.managehandovers.view.MasterHO","bindingPath":{"path":"","propertyPath":"/_BASIC_SEARCH_FIELD","modelName":"fi1t3rM0d31"},"interaction":{"idSuffix":"I"}},"clearTextFirst":true,"interactionType":"ENTER_TEXT"}]}
RESULT: {"script":"<script> [776 bytes]","args":[{"enterText":"30880","selector":{"controlType":"sap.m.SearchField","viewName":"etm.portal.ui.managehandovers.view.MasterHO","bindingPath":{"path":"","propertyPath":"/_BASIC_SEARCH_FIELD","modelName":"fi1t3rM0d31"},"interaction":{"idSuffix":"I"}},"clearTextFirst":true,"interactionType":"ENTER_TEXT"}]}
COMMAND: POST /session/3ad3ed370b5892314835873e8b06bae6/actions - {"actions":[{"id":"action89","type":"key","parameters":{},"actions":[{"type":"keyDown","value":""},{"type":"pause","duration":10},{"type":"keyUp","value":""}]}]}
RESULT: {"actions":[{"id":"action89","type":"key","parameters":{},"actions":[{"type":"keyDown","value":""},{"type":"pause","duration":10},{"type":"keyUp","value":""}]}]}
COMMAND: GET /session/3ad3ed370b5892314835873e8b06bae6/screenshot - {}
RESULT: {}
COMMAND: POST /session/3ad3ed370b5892314835873e8b06bae6/execute/async - {"script":"<script> [1562 bytes]","args":[{"selector":{"controlType":"sap.m.Title","viewName":"etm.portal.ui.managehandovers.view.MasterHO","properties":{"text":"Records (1)"}},"wdio_ui5_key":"etmportal.ui.managehandovers.view.MasterHOsap.m.Title{\"text\":\"Records (1)\"}"}]}
RESULT: {"script":"<script> [1562 bytes]","args":[{"selector":{"controlType":"sap.m.Title","viewName":"etm.portal.ui.managehandovers.view.MasterHO","properties":{"text":"Records (1)"}},"wdio_ui5_key":"etmportal.ui.managehandovers.view.MasterHOsap.m.Title{\"text\":\"Records (1)\"}"}]}
RESULT: undefined
COMMAND: POST /session/3ad3ed370b5892314835873e8b06bae6/execute/async - {"script":"<script> [6424 bytes]","args":[{"element-6066-11e4-a52e-4f735466cecf":"f.66C564F48E23224A49CD761FFC4FB84D.d.DF5822B01AF7F05028E1944EB2EECFDD.e.19849"},"getText",[]]}
RESULT: {"script":"<script> [6424 bytes]","args":[{"element-6066-11e4-a52e-4f735466cecf":"f.66C564F48E23224A49CD761FFC4FB84D.d.DF5822B01AF7F05028E1944EB2EECFDD.e.19849"},"getText",[]]}
COMMAND: POST /session/3ad3ed370b5892314835873e8b06bae6/execute/async - {"script":"<script> [1562 bytes]","args":[{"selector":{"controlType":"sap.ui.core.Icon","viewName":"etm.portal.ui.managehandovers.view.MasterHO","properties":{"src":{"regex":{"source":"slim\\-arrow\\-right"}}}},"wdio_ui5_key":"etmportal.ui.managehandovers.view.MasterHOsap.ui.core.Icon{\"src\":{\"regex\":{\"source\":\"slim\\\\-arrow\\\\-right\"}}}"}]}
RESULT: {"script":"<script> [1562 bytes]","args":[{"selector":{"controlType":"sap.ui.core.Icon","viewName":"etm.portal.ui.managehandovers.view.MasterHO","properties":{"src":{"regex":{"source":"slim\\-arrow\\-right"}}}},"wdio_ui5_key":"etmportal.ui.managehandovers.view.MasterHOsap.ui.core.Icon{\"src\":{\"regex\":{\"source\":\"slim\\\\-arrow\\\\-right\"}}}"}]}
RESULT: undefined
COMMAND: POST /session/3ad3ed370b5892314835873e8b06bae6/element - {"using":"xpath","value":"//*[@id=\"__item29-__clone17-imgNav\"]"}
RESULT: {"using":"xpath","value":"//*[@id=\"__item29-__clone17-imgNav\"]"}
COMMAND: POST /session/3ad3ed370b5892314835873e8b06bae6/element/f.66C564F48E23224A49CD761FFC4FB84D.d.DF5822B01AF7F05028E1944EB2EECFDD.e.19848/click - {}
RESULT: {}
COMMAND: GET /session/3ad3ed370b5892314835873e8b06bae6/screenshot - {}
RESULT: {}
COMMAND: POST /session/3ad3ed370b5892314835873e8b06bae6/execute/async - {"script":"<script> [1562 bytes]","args":[{"selector":{"controlType":"sap.m.ObjectStatus","viewName":"etm.portal.ui.managehandovers.view.DetailManageHO","viewId":"application-managehandovers-display-component---detailManageHO","labelFor":{"text":"Status"}},"wdio_ui5_key":"etmportal.ui.managehandovers.view.DetailManageHOsap.m.ObjectStatus{\"text\":\"Status\"}"}]}
RESULT: {"script":"<script> [1562 bytes]","args":[{"selector":{"controlType":"sap.m.ObjectStatus","viewName":"etm.portal.ui.managehandovers.view.DetailManageHO","viewId":"application-managehandovers-display-component---detailManageHO","labelFor":{"text":"Status"}},"wdio_ui5_key":"etmportal.ui.managehandovers.view.DetailManageHOsap.m.ObjectStatus{\"text\":\"Status\"}"}]}
RESULT: undefined
COMMAND: POST /session/3ad3ed370b5892314835873e8b06bae6/execute/async - {"script":"<script> [6424 bytes]","args":[{"element-6066-11e4-a52e-4f735466cecf":"f.66C564F48E23224A49CD761FFC4FB84D.d.DF5822B01AF7F05028E1944EB2EECFDD.e.19939"},"getText",[]]}
RESULT: {"script":"<script> [6424 bytes]","args":[{"element-6066-11e4-a52e-4f735466cecf":"f.66C564F48E23224A49CD761FFC4FB84D.d.DF5822B01AF7F05028E1944EB2EECFDD.e.19939"},"getText",[]]}
COMMAND: POST /session/3ad3ed370b5892314835873e8b06bae6/element - {"using":"xpath","value":"//a[contains(@data-kt ,\"GeneralSectionSendContractLink\")]"}
RESULT: {"using":"xpath","value":"//a[contains(@data-kt ,\"GeneralSectionSendContractLink\")]"}
COMMAND: POST /session/3ad3ed370b5892314835873e8b06bae6/element/f.66C564F48E23224A49CD761FFC4FB84D.d.DF5822B01AF7F05028E1944EB2EECFDD.e.19940/click - {}
RESULT: {}
COMMAND: GET /session/3ad3ed370b5892314835873e8b06bae6/screenshot - {}
RESULT: {}
COMMAND: POST /session/3ad3ed370b5892314835873e8b06bae6/elements - {"using":"xpath","value":"//a[contains(@data-kt ,\"ContextMenuId2Link\")]"}
RESULT: {"using":"xpath","value":"//a[contains(@data-kt ,\"ContextMenuId2Link\")]"}
COMMAND: POST /session/3ad3ed370b5892314835873e8b06bae6/element/f.66C564F48E23224A49CD761FFC4FB84D.d.EFD88497BD0644E2E762DF67A10B7DA0.e.19107/click - {}
COMMAND: POST /session/3ad3ed370b5892314835873e8b06bae6/element - {"using":"xpath","value":"//a[contains(@data-kt ,\"ContextMenuId2Link\")]"}
RESULT: {"using":"xpath","value":"//a[contains(@data-kt ,\"ContextMenuId2Link\")]"}
COMMAND: POST /session/3ad3ed370b5892314835873e8b06bae6/element/f.66C564F48E23224A49CD761FFC4FB84D.d.EFD88497BD0644E2E762DF67A10B7DA0.e.19107/click - {}
COMMAND: POST /session/3ad3ed370b5892314835873e8b06bae6/element - {"using":"xpath","value":"//a[contains(@data-kt ,\"ContextMenuId2Link\")]"}
RESULT: {"using":"xpath","value":"//a[contains(@data-kt ,\"ContextMenuId2Link\")]"}
COMMAND: POST /session/3ad3ed370b5892314835873e8b06bae6/element/f.66C564F48E23224A49CD761FFC4FB84D.d.DF5822B01AF7F05028E1944EB2EECFDD.e.19943/click - {}
RESULT: {}
COMMAND: GET /session/3ad3ed370b5892314835873e8b06bae6/screenshot - {}
RESULT: {}
COMMAND: POST /session/3ad3ed370b5892314835873e8b06bae6/execute/async - {"script":"<script> [1562 bytes]","args":[{"selector":{"controlType":"sap.m.ObjectStatus","viewName":"etm.portal.ui.managecontracts.view.Detail","bindingPath":{"propertyPath":"LINK_TO_COMMERCIAL_STATUS/DESCRIPTION","modelName":"catalogModel"}},"wdio_ui5_key":"etmportal.ui.managecontracts.view.Detailsap.m.ObjectStatus{\"propertyPath\":\"LINK_TO_COMMERCIAL_STATUS/DESCRIPTION\",\"modelName\":\"catalogModel\"}"}]}
RESULT: {"script":"<script> [1562 bytes]","args":[{"selector":{"controlType":"sap.m.ObjectStatus","viewName":"etm.portal.ui.managecontracts.view.Detail","bindingPath":{"propertyPath":"LINK_TO_COMMERCIAL_STATUS/DESCRIPTION","modelName":"catalogModel"}},"wdio_ui5_key":"etmportal.ui.managecontracts.view.Detailsap.m.ObjectStatus{\"propertyPath\":\"LINK_TO_COMMERCIAL_STATUS/DESCRIPTION\",\"modelName\":\"catalogModel\"}"}]}
RESULT: undefined
COMMAND: POST /session/3ad3ed370b5892314835873e8b06bae6/execute/async - {"script":"<script> [6424 bytes]","args":[{"element-6066-11e4-a52e-4f735466cecf":"f.66C564F48E23224A49CD761FFC4FB84D.d.DF5822B01AF7F05028E1944EB2EECFDD.e.20134"},"getText",[]]}
RESULT: {"script":"<script> [6424 bytes]","args":[{"element-6066-11e4-a52e-4f735466cecf":"f.66C564F48E23224A49CD761FFC4FB84D.d.DF5822B01AF7F05028E1944EB2EECFDD.e.20134"},"getText",[]]}
COMMAND: POST /session/3ad3ed370b5892314835873e8b06bae6/execute/async - {"script":"<script> [1562 bytes]","args":[{"selector":{"controlType":"sap.m.ObjectStatus","viewName":"etm.portal.ui.managecontracts.view.Detail","bindingPath":{"propertyPath":"LINK_TO_LOGISTICAL_STATUS/DESCRIPTION","modelName":"catalogModel"}},"wdio_ui5_key":"etmportal.ui.managecontracts.view.Detailsap.m.ObjectStatus{\"propertyPath\":\"LINK_TO_LOGISTICAL_STATUS/DESCRIPTION\",\"modelName\":\"catalogModel\"}"}]}
RESULT: {"script":"<script> [1562 bytes]","args":[{"selector":{"controlType":"sap.m.ObjectStatus","viewName":"etm.portal.ui.managecontracts.view.Detail","bindingPath":{"propertyPath":"LINK_TO_LOGISTICAL_STATUS/DESCRIPTION","modelName":"catalogModel"}},"wdio_ui5_key":"etmportal.ui.managecontracts.view.Detailsap.m.ObjectStatus{\"propertyPath\":\"LINK_TO_LOGISTICAL_STATUS/DESCRIPTION\",\"modelName\":\"catalogModel\"}"}]}
RESULT: undefined
COMMAND: POST /session/3ad3ed370b5892314835873e8b06bae6/execute/async - {"script":"<script> [6424 bytes]","args":[{"element-6066-11e4-a52e-4f735466cecf":"f.66C564F48E23224A49CD761FFC4FB84D.d.DF5822B01AF7F05028E1944EB2EECFDD.e.20135"},"getText",[]]}
RESULT: {"script":"<script> [6424 bytes]","args":[{"element-6066-11e4-a52e-4f735466cecf":"f.66C564F48E23224A49CD761FFC4FB84D.d.DF5822B01AF7F05028E1944EB2EECFDD.e.20135"},"getText",[]]}
COMMAND: POST /session/3ad3ed370b5892314835873e8b06bae6/element - {"using":"xpath","value":"//button[@data-kt=\"contractDetailEditBtnButton\"]"}
RESULT: {"using":"xpath","value":"//button[@data-kt=\"contractDetailEditBtnButton\"]"}
COMMAND: POST /session/3ad3ed370b5892314835873e8b06bae6/element/f.66C564F48E23224A49CD761FFC4FB84D.d.DF5822B01AF7F05028E1944EB2EECFDD.e.20005/click - {}
RESULT: {}
COMMAND: GET /session/3ad3ed370b5892314835873e8b06bae6/screenshot - {}
RESULT: {}
COMMAND: POST /session/3ad3ed370b5892314835873e8b06bae6/element - {"using":"xpath","value":"(//span[contains(text(), \"Additional Addresses\")])[2]"}
RESULT: {"using":"xpath","value":"(//span[contains(text(), \"Additional Addresses\")])[2]"}
COMMAND: POST /session/3ad3ed370b5892314835873e8b06bae6/element/f.66C564F48E23224A49CD761FFC4FB84D.d.DF5822B01AF7F05028E1944EB2EECFDD.e.20193/click - {}
RESULT: {}
COMMAND: GET /session/3ad3ed370b5892314835873e8b06bae6/screenshot - {}
RESULT: {}
COMMAND: POST /session/3ad3ed370b5892314835873e8b06bae6/element - {"using":"xpath","value":"//button[@data-kt=\"btnAddTableRowOverflowToolbarButton\"]"}
RESULT: {"using":"xpath","value":"//button[@data-kt=\"btnAddTableRowOverflowToolbarButton\"]"}
COMMAND: POST /session/3ad3ed370b5892314835873e8b06bae6/element/f.66C564F48E23224A49CD761FFC4FB84D.d.DF5822B01AF7F05028E1944EB2EECFDD.e.20197/click - {}
RESULT: {}
COMMAND: GET /session/3ad3ed370b5892314835873e8b06bae6/screenshot - {}
RESULT: {}
COMMAND: POST /session/3ad3ed370b5892314835873e8b06bae6/element - {"using":"xpath","value":"//div[(text() = 'Standard Entry' or . = 'Standard Entry')]"}
RESULT: {"using":"xpath","value":"//div[(text() = 'Standard Entry' or . = 'Standard Entry')]"}
COMMAND: POST /session/3ad3ed370b5892314835873e8b06bae6/element/f.66C564F48E23224A49CD761FFC4FB84D.d.DF5822B01AF7F05028E1944EB2EECFDD.e.20199/click - {}
RESULT: {}
COMMAND: POST /session/3ad3ed370b5892314835873e8b06bae6/execute/async - {"script":"<script> [1562 bytes]","args":[{"selector":{"controlType":"sap.ui.core.Icon","viewName":"etm.portal.ui.managecontracts.view.EditContract","properties":{"src":{"regex":{"source":"slim\\-arrow\\-down"}}},"ancestor":{"controlType":"sap.m.ComboBox","viewName":"etm.portal.ui.managecontracts.view.EditContract","bindingPath":{"propertyPath":"RU_TYPE","modelName":"catalogModel"}}},"wdio_ui5_key":"etmportal.ui.managecontracts.view.EditContractsap.ui.core.Icon{\"src\":{\"regex\":{\"source\":\"slim\\\\-arrow\\\\-down\"}}}{\"controlType\":\"sap.m.ComboBox\",\"viewName\":\"etm.portal.ui.managecontracts.view.EditContract\",\"bindingPath\":{\"propertyPath\":\"RU_TYPE\",\"modelName\":\"catalogModel\"}}"}]}
COMMAND: GET /session/3ad3ed370b5892314835873e8b06bae6/screenshot - {}
RESULT: {"script":"<script> [1562 bytes]","args":[{"selector":{"controlType":"sap.ui.core.Icon","viewName":"etm.portal.ui.managecontracts.view.EditContract","properties":{"src":{"regex":{"source":"slim\\-arrow\\-down"}}},"ancestor":{"controlType":"sap.m.ComboBox","viewName":"etm.portal.ui.managecontracts.view.EditContract","bindingPath":{"propertyPath":"RU_TYPE","modelName":"catalogModel"}}},"wdio_ui5_key":"etmportal.ui.managecontracts.view.EditContractsap.ui.core.Icon{\"src\":{\"regex\":{\"source\":\"slim\\\\-arrow\\\\-down\"}}}{\"controlType\":\"sap.m.ComboBox\",\"viewName\":\"etm.portal.ui.managecontracts.view.EditContract\",\"bindingPath\":{\"propertyPath\":\"RU_TYPE\",\"modelName\":\"catalogModel\"}}"}]}
RESULT: undefined
COMMAND: POST /session/3ad3ed370b5892314835873e8b06bae6/element - {"using":"xpath","value":"//*[@id=\"__box20-arrow\"]"}
RESULT: {}
RESULT: {"using":"xpath","value":"//*[@id=\"__box20-arrow\"]"}
COMMAND: POST /session/3ad3ed370b5892314835873e8b06bae6/element/f.66C564F48E23224A49CD761FFC4FB84D.d.DF5822B01AF7F05028E1944EB2EECFDD.e.20214/click - {}
RESULT: {}
COMMAND: POST /session/3ad3ed370b5892314835873e8b06bae6/execute/async - {"script":"<script> [1562 bytes]","args":[{"selector":{"controlType":"sap.m.StandardListItem","viewName":"etm.portal.ui.managecontracts.view.EditContract","properties":{"title":"Material"},"searchOpenDialogs":true,"interaction":{"idSuffix":"content"}},"wdio_ui5_key":"etmportal.ui.managecontracts.view.EditContractsap.m.StandardListItem{\"title\":\"Material\"}"}]}
COMMAND: GET /session/3ad3ed370b5892314835873e8b06bae6/screenshot - {}
RESULT: {"script":"<script> [1562 bytes]","args":[{"selector":{"controlType":"sap.m.StandardListItem","viewName":"etm.portal.ui.managecontracts.view.EditContract","properties":{"title":"Material"},"searchOpenDialogs":true,"interaction":{"idSuffix":"content"}},"wdio_ui5_key":"etmportal.ui.managecontracts.view.EditContractsap.m.StandardListItem{\"title\":\"Material\"}"}]}
RESULT: undefined
COMMAND: POST /session/3ad3ed370b5892314835873e8b06bae6/element - {"using":"xpath","value":"//*[@id=\"__item96\"]"}
RESULT: {}
RESULT: {"using":"xpath","value":"//*[@id=\"__item96\"]"}
COMMAND: POST /session/3ad3ed370b5892314835873e8b06bae6/element/f.66C564F48E23224A49CD761FFC4FB84D.d.DF5822B01AF7F05028E1944EB2EECFDD.e.20217/click - {}
RESULT: {}
COMMAND: POST /session/3ad3ed370b5892314835873e8b06bae6/element - {"using":"xpath","value":"//td[7]/div/div/input"}
COMMAND: GET /session/3ad3ed370b5892314835873e8b06bae6/screenshot - {}
RESULT: {"using":"xpath","value":"//td[7]/div/div/input"}
COMMAND: POST /session/3ad3ed370b5892314835873e8b06bae6/element/f.66C564F48E23224A49CD761FFC4FB84D.d.DF5822B01AF7F05028E1944EB2EECFDD.e.20220/clear - {}
RESULT: {}
RESULT: {}
COMMAND: POST /session/3ad3ed370b5892314835873e8b06bae6/element/f.66C564F48E23224A49CD761FFC4FB84D.d.DF5822B01AF7F05028E1944EB2EECFDD.e.20220/value - {"text":"WebdriverMatTestdk0qok"}
COMMAND: GET /session/3ad3ed370b5892314835873e8b06bae6/screenshot - {}
RESULT: {"text":"WebdriverMatTestdk0qok"}
COMMAND: GET /session/3ad3ed370b5892314835873e8b06bae6/screenshot - {}
RESULT: {}
RESULT: {}
COMMAND: POST /session/3ad3ed370b5892314835873e8b06bae6/actions - {"actions":[{"id":"action90","type":"key","parameters":{},"actions":[{"type":"keyDown","value":""},{"type":"pause","duration":10},{"type":"keyUp","value":""}]}]}
RESULT: {"actions":[{"id":"action90","type":"key","parameters":{},"actions":[{"type":"keyDown","value":""},{"type":"pause","duration":10},{"type":"keyUp","value":""}]}]}
COMMAND: GET /session/3ad3ed370b5892314835873e8b06bae6/screenshot - {}
RESULT: {}
COMMAND: POST /session/3ad3ed370b5892314835873e8b06bae6/element - {"using":"xpath","value":"//button[@data-kt=\"saveButton\"]"}
RESULT: {"using":"xpath","value":"//button[@data-kt=\"saveButton\"]"}
COMMAND: POST /session/3ad3ed370b5892314835873e8b06bae6/element/f.66C564F48E23224A49CD761FFC4FB84D.d.DF5822B01AF7F05028E1944EB2EECFDD.e.20243/click - {}
RESULT: {}
COMMAND: GET /session/3ad3ed370b5892314835873e8b06bae6/screenshot - {}
RESULT: {}
RESULT: undefined
COMMAND: POST /session/3ad3ed370b5892314835873e8b06bae6/execute/async - {"script":"<script> [6424 bytes]","args":[{"element-6066-11e4-a52e-4f735466cecf":"f.66C564F48E23224A49CD761FFC4FB84D.d.DF5822B01AF7F05028E1944EB2EECFDD.e.20135"},"getText",[]]}
RESULT: {"script":"<script> [6424 bytes]","args":[{"element-6066-11e4-a52e-4f735466cecf":"f.66C564F48E23224A49CD761FFC4FB84D.d.DF5822B01AF7F05028E1944EB2EECFDD.e.20135"},"getText",[]]}
COMMAND: DELETE /session/3ad3ed370b5892314835873e8b06bae6 - {}
RESULT: {}
]]></system-out>
    </testcase>
  </testsuite>
</testsuites>