<?xml version="1.0" encoding="UTF-8"?>
<testsuites tests="15" failures="8" errors="8" skipped="0">
  <testsuite timestamp="2025-04-28T16:30:07" time="1022.659" tests="6" failures="0" errors="0" skipped="0">
    <properties>
      <property name="specId" value="0" />
      <property name="suiteName" value="RU Inventory Mass State Change Multiple Items US151066" />
      <property name="capabilities" value="chrome.135_0_7049_96.windows" />
      <property name="file" value="file:///D:/a/1/s/test/specs/HTR/ru-inv-list-mass-state-change.spec.js" />
    </properties>
    <testcase classname="chrome.135_0_7049_96.windows.RU_Inventory_Mass_State_Change_Multiple_Items_US151066" name="Step 1 Should do a RU inventory mass state change on chosen yard 109 with the resources available one equipment multipart one tool pool" time="278.822">
      <system-out><![CDATA[
COMMAND: POST /session/6e56a133f2a8cc611653bc0e9554f734/execute/async - {"script":"<script> [1562 bytes]","args":[{"selector":{"controlType":"sap.m.GenericTile","properties":{"header":"RU Inventory List"}},"wdio_ui5_key":"sapm.GenericTile{\"header\":\"RU Inventory List\"}"}]}
RESULT: {"script":"<script> [1562 bytes]","args":[{"selector":{"controlType":"sap.m.GenericTile","properties":{"header":"RU Inventory List"}},"wdio_ui5_key":"sapm.GenericTile{\"header\":\"RU Inventory List\"}"}]}
RESULT: undefined
COMMAND: POST /session/6e56a133f2a8cc611653bc0e9554f734/element - {"using":"xpath","value":"//*[@id=\"__tile99\"]"}
RESULT: {"using":"xpath","value":"//*[@id=\"__tile99\"]"}
COMMAND: POST /session/6e56a133f2a8cc611653bc0e9554f734/element/f.5D45616469B704FE080150B53095EA48.d.AAECCF11A75A9E12535FA0A096EE8379.e.282/click - {}
RESULT: {}
COMMAND: POST /session/6e56a133f2a8cc611653bc0e9554f734/element - {"using":"xpath","value":"//button[contains(@id, \"massStateBtn\")]"}
COMMAND: GET /session/6e56a133f2a8cc611653bc0e9554f734/screenshot - {}
RESULT: {"using":"xpath","value":"//button[contains(@id, \"massStateBtn\")]"}
COMMAND: POST /session/6e56a133f2a8cc611653bc0e9554f734/elements - {"using":"xpath","value":"//button[contains(@id, \"massStateBtn\")]"}
RESULT: {}
RESULT: {"using":"xpath","value":"//button[contains(@id, \"massStateBtn\")]"}
COMMAND: POST /session/6e56a133f2a8cc611653bc0e9554f734/elements - {"using":"xpath","value":"//button[contains(@id, \"massStateBtn\")]"}
RESULT: {"using":"xpath","value":"//button[contains(@id, \"massStateBtn\")]"}
COMMAND: POST /session/6e56a133f2a8cc611653bc0e9554f734/elements - {"using":"xpath","value":"//button[contains(@id, \"massStateBtn\")]"}
RESULT: {"using":"xpath","value":"//button[contains(@id, \"massStateBtn\")]"}
COMMAND: POST /session/6e56a133f2a8cc611653bc0e9554f734/elements - {"using":"xpath","value":"//button[contains(@id, \"massStateBtn\")]"}
RESULT: {"using":"xpath","value":"//button[contains(@id, \"massStateBtn\")]"}
COMMAND: POST /session/6e56a133f2a8cc611653bc0e9554f734/elements - {"using":"xpath","value":"//button[contains(@id, \"massStateBtn\")]"}
RESULT: {"using":"xpath","value":"//button[contains(@id, \"massStateBtn\")]"}
COMMAND: POST /session/6e56a133f2a8cc611653bc0e9554f734/elements - {"using":"xpath","value":"//button[contains(@id, \"massStateBtn\")]"}
RESULT: {"using":"xpath","value":"//button[contains(@id, \"massStateBtn\")]"}
COMMAND: POST /session/6e56a133f2a8cc611653bc0e9554f734/elements - {"using":"xpath","value":"//button[contains(@id, \"massStateBtn\")]"}
RESULT: {"using":"xpath","value":"//button[contains(@id, \"massStateBtn\")]"}
COMMAND: POST /session/6e56a133f2a8cc611653bc0e9554f734/elements - {"using":"xpath","value":"//button[contains(@id, \"massStateBtn\")]"}
RESULT: {"using":"xpath","value":"//button[contains(@id, \"massStateBtn\")]"}
COMMAND: POST /session/6e56a133f2a8cc611653bc0e9554f734/elements - {"using":"xpath","value":"//button[contains(@id, \"massStateBtn\")]"}
RESULT: {"using":"xpath","value":"//button[contains(@id, \"massStateBtn\")]"}
COMMAND: POST /session/6e56a133f2a8cc611653bc0e9554f734/elements - {"using":"xpath","value":"//button[contains(@id, \"massStateBtn\")]"}
RESULT: {"using":"xpath","value":"//button[contains(@id, \"massStateBtn\")]"}
COMMAND: POST /session/6e56a133f2a8cc611653bc0e9554f734/elements - {"using":"xpath","value":"//button[contains(@id, \"massStateBtn\")]"}
RESULT: {"using":"xpath","value":"//button[contains(@id, \"massStateBtn\")]"}
COMMAND: POST /session/6e56a133f2a8cc611653bc0e9554f734/elements - {"using":"xpath","value":"//button[contains(@id, \"massStateBtn\")]"}
RESULT: {"using":"xpath","value":"//button[contains(@id, \"massStateBtn\")]"}
COMMAND: POST /session/6e56a133f2a8cc611653bc0e9554f734/elements - {"using":"xpath","value":"//button[contains(@id, \"massStateBtn\")]"}
RESULT: {"using":"xpath","value":"//button[contains(@id, \"massStateBtn\")]"}
COMMAND: POST /session/6e56a133f2a8cc611653bc0e9554f734/elements - {"using":"xpath","value":"//button[contains(@id, \"massStateBtn\")]"}
RESULT: {"using":"xpath","value":"//button[contains(@id, \"massStateBtn\")]"}
COMMAND: POST /session/6e56a133f2a8cc611653bc0e9554f734/elements - {"using":"xpath","value":"//button[contains(@id, \"massStateBtn\")]"}
RESULT: {"using":"xpath","value":"//button[contains(@id, \"massStateBtn\")]"}
COMMAND: POST /session/6e56a133f2a8cc611653bc0e9554f734/elements - {"using":"xpath","value":"//button[contains(@id, \"massStateBtn\")]"}
RESULT: {"using":"xpath","value":"//button[contains(@id, \"massStateBtn\")]"}
COMMAND: POST /session/6e56a133f2a8cc611653bc0e9554f734/elements - {"using":"xpath","value":"//button[contains(@id, \"massStateBtn\")]"}
RESULT: {"using":"xpath","value":"//button[contains(@id, \"massStateBtn\")]"}
COMMAND: POST /session/6e56a133f2a8cc611653bc0e9554f734/elements - {"using":"xpath","value":"//button[contains(@id, \"massStateBtn\")]"}
RESULT: {"using":"xpath","value":"//button[contains(@id, \"massStateBtn\")]"}
COMMAND: POST /session/6e56a133f2a8cc611653bc0e9554f734/elements - {"using":"xpath","value":"//button[contains(@id, \"massStateBtn\")]"}
RESULT: {"using":"xpath","value":"//button[contains(@id, \"massStateBtn\")]"}
COMMAND: POST /session/6e56a133f2a8cc611653bc0e9554f734/elements - {"using":"xpath","value":"//button[contains(@id, \"massStateBtn\")]"}
RESULT: {"using":"xpath","value":"//button[contains(@id, \"massStateBtn\")]"}
COMMAND: POST /session/6e56a133f2a8cc611653bc0e9554f734/elements - {"using":"xpath","value":"//button[contains(@id, \"massStateBtn\")]"}
RESULT: {"using":"xpath","value":"//button[contains(@id, \"massStateBtn\")]"}
COMMAND: POST /session/6e56a133f2a8cc611653bc0e9554f734/elements - {"using":"xpath","value":"//button[contains(@id, \"massStateBtn\")]"}
RESULT: {"using":"xpath","value":"//button[contains(@id, \"massStateBtn\")]"}
COMMAND: POST /session/6e56a133f2a8cc611653bc0e9554f734/elements - {"using":"xpath","value":"//button[contains(@id, \"massStateBtn\")]"}
RESULT: {"using":"xpath","value":"//button[contains(@id, \"massStateBtn\")]"}
COMMAND: POST /session/6e56a133f2a8cc611653bc0e9554f734/elements - {"using":"xpath","value":"//button[contains(@id, \"massStateBtn\")]"}
RESULT: {"using":"xpath","value":"//button[contains(@id, \"massStateBtn\")]"}
COMMAND: POST /session/6e56a133f2a8cc611653bc0e9554f734/elements - {"using":"xpath","value":"//button[contains(@id, \"massStateBtn\")]"}
RESULT: {"using":"xpath","value":"//button[contains(@id, \"massStateBtn\")]"}
COMMAND: POST /session/6e56a133f2a8cc611653bc0e9554f734/elements - {"using":"xpath","value":"//button[contains(@id, \"massStateBtn\")]"}
RESULT: {"using":"xpath","value":"//button[contains(@id, \"massStateBtn\")]"}
COMMAND: POST /session/6e56a133f2a8cc611653bc0e9554f734/elements - {"using":"xpath","value":"//button[contains(@id, \"massStateBtn\")]"}
RESULT: {"using":"xpath","value":"//button[contains(@id, \"massStateBtn\")]"}
COMMAND: POST /session/6e56a133f2a8cc611653bc0e9554f734/element - {"using":"xpath","value":"//button[contains(@id, \"massStateBtn\")]"}
RESULT: {"using":"xpath","value":"//button[contains(@id, \"massStateBtn\")]"}
COMMAND: POST /session/6e56a133f2a8cc611653bc0e9554f734/execute/sync - {"script":"<script> [8489 bytes]","args":[{"element-6066-11e4-a52e-4f735466cecf":"f.5D45616469B704FE080150B53095EA48.d.AAECCF11A75A9E12535FA0A096EE8379.e.324","ELEMENT":"f.5D45616469B704FE080150B53095EA48.d.AAECCF11A75A9E12535FA0A096EE8379.e.324"}]}
RESULT: {"script":"<script> [8489 bytes]","args":[{"element-6066-11e4-a52e-4f735466cecf":"f.5D45616469B704FE080150B53095EA48.d.AAECCF11A75A9E12535FA0A096EE8379.e.324","ELEMENT":"f.5D45616469B704FE080150B53095EA48.d.AAECCF11A75A9E12535FA0A096EE8379.e.324"}]}
COMMAND: GET /session/6e56a133f2a8cc611653bc0e9554f734/element/f.5D45616469B704FE080150B53095EA48.d.AAECCF11A75A9E12535FA0A096EE8379.e.324/enabled - {}
COMMAND: GET /session/6e56a133f2a8cc611653bc0e9554f734/screenshot - {}
RESULT: {}
COMMAND: POST /session/6e56a133f2a8cc611653bc0e9554f734/execute/sync - {"script":"<script> [8489 bytes]","args":[{"element-6066-11e4-a52e-4f735466cecf":"f.5D45616469B704FE080150B53095EA48.d.AAECCF11A75A9E12535FA0A096EE8379.e.324","ELEMENT":"f.5D45616469B704FE080150B53095EA48.d.AAECCF11A75A9E12535FA0A096EE8379.e.324"}]}
COMMAND: GET /session/6e56a133f2a8cc611653bc0e9554f734/screenshot - {}
RESULT: {}
RESULT: {"script":"<script> [8489 bytes]","args":[{"element-6066-11e4-a52e-4f735466cecf":"f.5D45616469B704FE080150B53095EA48.d.AAECCF11A75A9E12535FA0A096EE8379.e.324","ELEMENT":"f.5D45616469B704FE080150B53095EA48.d.AAECCF11A75A9E12535FA0A096EE8379.e.324"}]}
COMMAND: POST /session/6e56a133f2a8cc611653bc0e9554f734/execute/sync - {"script":"<script> [5351 bytes]","args":[{"element-6066-11e4-a52e-4f735466cecf":"f.5D45616469B704FE080150B53095EA48.d.AAECCF11A75A9E12535FA0A096EE8379.e.324","ELEMENT":"f.5D45616469B704FE080150B53095EA48.d.AAECCF11A75A9E12535FA0A096EE8379.e.324"}]}
COMMAND: GET /session/6e56a133f2a8cc611653bc0e9554f734/screenshot - {}
RESULT: {}
RESULT: {"script":"<script> [5351 bytes]","args":[{"element-6066-11e4-a52e-4f735466cecf":"f.5D45616469B704FE080150B53095EA48.d.AAECCF11A75A9E12535FA0A096EE8379.e.324","ELEMENT":"f.5D45616469B704FE080150B53095EA48.d.AAECCF11A75A9E12535FA0A096EE8379.e.324"}]}
COMMAND: POST /session/6e56a133f2a8cc611653bc0e9554f734/element/f.5D45616469B704FE080150B53095EA48.d.AAECCF11A75A9E12535FA0A096EE8379.e.324/click - {}
COMMAND: GET /session/6e56a133f2a8cc611653bc0e9554f734/screenshot - {}
RESULT: {}
RESULT: {}
COMMAND: GET /session/6e56a133f2a8cc611653bc0e9554f734/screenshot - {}
RESULT: {}
RESULT: {}
COMMAND: POST /session/6e56a133f2a8cc611653bc0e9554f734/execute/async - {"script":"<script> [1562 bytes]","args":[{"selector":{"id":"application-ruinventorylist-display-component---Master--ruLocationTypeComboBox-arrow"},"wdio_ui5_key":"applicationruinventorylist-display-component---Master--ruLocationTypeComboBox-arrow"}]}
RESULT: {"script":"<script> [1562 bytes]","args":[{"selector":{"id":"application-ruinventorylist-display-component---Master--ruLocationTypeComboBox-arrow"},"wdio_ui5_key":"applicationruinventorylist-display-component---Master--ruLocationTypeComboBox-arrow"}]}
RESULT: undefined
COMMAND: POST /session/6e56a133f2a8cc611653bc0e9554f734/element - {"using":"xpath","value":"//*[@id=\"application-ruinventorylist-display-component---Master--ruLocationTypeComboBox-arrow\"]"}
RESULT: {"using":"xpath","value":"//*[@id=\"application-ruinventorylist-display-component---Master--ruLocationTypeComboBox-arrow\"]"}
COMMAND: POST /session/6e56a133f2a8cc611653bc0e9554f734/element/f.5D45616469B704FE080150B53095EA48.d.AAECCF11A75A9E12535FA0A096EE8379.e.671/click - {}
RESULT: {}
COMMAND: GET /session/6e56a133f2a8cc611653bc0e9554f734/screenshot - {}
RESULT: {}
COMMAND: POST /session/6e56a133f2a8cc611653bc0e9554f734/element - {"using":"xpath","value":"//li[.//span[text()='Yard']]"}
RESULT: {"using":"xpath","value":"//li[.//span[text()='Yard']]"}
COMMAND: POST /session/6e56a133f2a8cc611653bc0e9554f734/element/f.5D45616469B704FE080150B53095EA48.d.AAECCF11A75A9E12535FA0A096EE8379.e.672/click - {}
RESULT: {}
COMMAND: GET /session/6e56a133f2a8cc611653bc0e9554f734/screenshot - {}
RESULT: {}
COMMAND: POST /session/6e56a133f2a8cc611653bc0e9554f734/execute/async - {"script":"<script> [1562 bytes]","args":[{"selector":{"id":"application-ruinventorylist-display-component---Master--smartFilterBar-filterItemControl_BASIC-YARD-vhi"},"wdio_ui5_key":"applicationruinventorylist-display-component---Master--smartFilterBar-filterItemControl_BASIC-YARD-vhi"}]}
RESULT: {"script":"<script> [1562 bytes]","args":[{"selector":{"id":"application-ruinventorylist-display-component---Master--smartFilterBar-filterItemControl_BASIC-YARD-vhi"},"wdio_ui5_key":"applicationruinventorylist-display-component---Master--smartFilterBar-filterItemControl_BASIC-YARD-vhi"}]}
RESULT: undefined
COMMAND: POST /session/6e56a133f2a8cc611653bc0e9554f734/element - {"using":"xpath","value":"//*[@id=\"application-ruinventorylist-display-component---Master--smartFilterBar-filterItemControl_BASIC-YARD-vhi\"]"}
RESULT: {"using":"xpath","value":"//*[@id=\"application-ruinventorylist-display-component---Master--smartFilterBar-filterItemControl_BASIC-YARD-vhi\"]"}
COMMAND: POST /session/6e56a133f2a8cc611653bc0e9554f734/element/f.5D45616469B704FE080150B53095EA48.d.AAECCF11A75A9E12535FA0A096EE8379.e.732/click - {}
RESULT: {}
COMMAND: GET /session/6e56a133f2a8cc611653bc0e9554f734/screenshot - {}
RESULT: {}
COMMAND: POST /session/6e56a133f2a8cc611653bc0e9554f734/execute/async - {"script":"<script> [1562 bytes]","args":[{"selector":{"id":"application-ruinventorylist-display-component---Master--smartFilterBar-filterItemControl_BASIC-YARD-valueHelpDialog-smartFilterBar-btnBasicSearch","searchOpenDialogs":true,"interaction":{"idSuffix":"I"}},"wdio_ui5_key":"applicationruinventorylist-display-component---Master--smartFilterBar-filterItemControl_BASIC-YARD-valueHelpDialog-smartFilterBar-btnBasicSearch"}]}
RESULT: {"script":"<script> [1562 bytes]","args":[{"selector":{"id":"application-ruinventorylist-display-component---Master--smartFilterBar-filterItemControl_BASIC-YARD-valueHelpDialog-smartFilterBar-btnBasicSearch","searchOpenDialogs":true,"interaction":{"idSuffix":"I"}},"wdio_ui5_key":"applicationruinventorylist-display-component---Master--smartFilterBar-filterItemControl_BASIC-YARD-valueHelpDialog-smartFilterBar-btnBasicSearch"}]}
RESULT: undefined
COMMAND: POST /session/6e56a133f2a8cc611653bc0e9554f734/execute/async - {"script":"<script> [776 bytes]","args":[{"enterText":"109","selector":{"id":"application-ruinventorylist-display-component---Master--smartFilterBar-filterItemControl_BASIC-YARD-valueHelpDialog-smartFilterBar-btnBasicSearch","searchOpenDialogs":true,"interaction":{"idSuffix":"I"}},"clearTextFirst":true,"interactionType":"ENTER_TEXT"}]}
RESULT: {"script":"<script> [776 bytes]","args":[{"enterText":"109","selector":{"id":"application-ruinventorylist-display-component---Master--smartFilterBar-filterItemControl_BASIC-YARD-valueHelpDialog-smartFilterBar-btnBasicSearch","searchOpenDialogs":true,"interaction":{"idSuffix":"I"}},"clearTextFirst":true,"interactionType":"ENTER_TEXT"}]}
COMMAND: POST /session/6e56a133f2a8cc611653bc0e9554f734/actions - {"actions":[{"id":"action1","type":"key","parameters":{},"actions":[{"type":"keyDown","value":"î€‡"},{"type":"pause","duration":10},{"type":"keyUp","value":"î€‡"}]}]}
RESULT: {"actions":[{"id":"action1","type":"key","parameters":{},"actions":[{"type":"keyDown","value":"î€‡"},{"type":"pause","duration":10},{"type":"keyUp","value":"î€‡"}]}]}
COMMAND: GET /session/6e56a133f2a8cc611653bc0e9554f734/screenshot - {}
RESULT: {}
COMMAND: POST /session/6e56a133f2a8cc611653bc0e9554f734/elements - {"using":"xpath","value":"//table[contains(@id, \"filterItemControl_BASIC-YARD-valueHelpDialog-table-table\")]/tbody/tr"}
RESULT: {"using":"xpath","value":"//table[contains(@id, \"filterItemControl_BASIC-YARD-valueHelpDialog-table-table\")]/tbody/tr"}
COMMAND: POST /session/6e56a133f2a8cc611653bc0e9554f734/element - {"using":"xpath","value":"//table[contains(@id, \"filterItemControl_BASIC-YARD-valueHelpDialog-table-table\")]/tbody/tr[1]/td[1]/div/span"}
RESULT: {"using":"xpath","value":"//table[contains(@id, \"filterItemControl_BASIC-YARD-valueHelpDialog-table-table\")]/tbody/tr[1]/td[1]/div/span"}
COMMAND: POST /session/6e56a133f2a8cc611653bc0e9554f734/elements - {"using":"xpath","value":"//table[contains(@id, \"filterItemControl_BASIC-YARD-valueHelpDialog-table-table\")]/tbody/tr[1]/td[1]/div/span"}
RESULT: {"using":"xpath","value":"//table[contains(@id, \"filterItemControl_BASIC-YARD-valueHelpDialog-table-table\")]/tbody/tr[1]/td[1]/div/span"}
COMMAND: POST /session/6e56a133f2a8cc611653bc0e9554f734/execute/sync - {"script":"<script> [56 bytes]","args":[{"element-6066-11e4-a52e-4f735466cecf":"f.5D45616469B704FE080150B53095EA48.d.AAECCF11A75A9E12535FA0A096EE8379.e.753","ELEMENT":"f.5D45616469B704FE080150B53095EA48.d.AAECCF11A75A9E12535FA0A096EE8379.e.753"}]}
RESULT: {"script":"<script> [56 bytes]","args":[{"element-6066-11e4-a52e-4f735466cecf":"f.5D45616469B704FE080150B53095EA48.d.AAECCF11A75A9E12535FA0A096EE8379.e.753","ELEMENT":"f.5D45616469B704FE080150B53095EA48.d.AAECCF11A75A9E12535FA0A096EE8379.e.753"}]}
COMMAND: POST /session/6e56a133f2a8cc611653bc0e9554f734/element - {"using":"xpath","value":"//div[contains(@id, \"filterItemControl_BASIC-YARD-valueHelpDialog-table-rowsel0\")]"}
COMMAND: GET /session/6e56a133f2a8cc611653bc0e9554f734/screenshot - {}
RESULT: {"using":"xpath","value":"//div[contains(@id, \"filterItemControl_BASIC-YARD-valueHelpDialog-table-rowsel0\")]"}
COMMAND: POST /session/6e56a133f2a8cc611653bc0e9554f734/element/f.5D45616469B704FE080150B53095EA48.d.AAECCF11A75A9E12535FA0A096EE8379.e.754/click - {}
RESULT: {}
RESULT: {}
COMMAND: GET /session/6e56a133f2a8cc611653bc0e9554f734/screenshot - {}
RESULT: {}
COMMAND: POST /session/6e56a133f2a8cc611653bc0e9554f734/element - {"using":"xpath","value":"//div[contains(@id, \"smartFilterBar-filterItemControl_BASIC-YARD-valueHelpDialog-smartFilterBar-btnBasicSearch-reset\")]"}
RESULT: {"using":"xpath","value":"//div[contains(@id, \"smartFilterBar-filterItemControl_BASIC-YARD-valueHelpDialog-smartFilterBar-btnBasicSearch-reset\")]"}
COMMAND: POST /session/6e56a133f2a8cc611653bc0e9554f734/element/f.5D45616469B704FE080150B53095EA48.d.AAECCF11A75A9E12535FA0A096EE8379.e.756/click - {}
RESULT: {}
RESULT: undefined
COMMAND: POST /session/6e56a133f2a8cc611653bc0e9554f734/execute/async - {"script":"<script> [776 bytes]","args":[{"enterText":"OPA5_BST01_YARD1","selector":{"id":"application-ruinventorylist-display-component---Master--smartFilterBar-filterItemControl_BASIC-YARD-valueHelpDialog-smartFilterBar-btnBasicSearch","searchOpenDialogs":true,"interaction":{"idSuffix":"I"}},"clearTextFirst":true,"interactionType":"ENTER_TEXT"}]}
COMMAND: GET /session/6e56a133f2a8cc611653bc0e9554f734/screenshot - {}
RESULT: {"script":"<script> [776 bytes]","args":[{"enterText":"OPA5_BST01_YARD1","selector":{"id":"application-ruinventorylist-display-component---Master--smartFilterBar-filterItemControl_BASIC-YARD-valueHelpDialog-smartFilterBar-btnBasicSearch","searchOpenDialogs":true,"interaction":{"idSuffix":"I"}},"clearTextFirst":true,"interactionType":"ENTER_TEXT"}]}
COMMAND: POST /session/6e56a133f2a8cc611653bc0e9554f734/actions - {"actions":[{"id":"action2","type":"key","parameters":{},"actions":[{"type":"keyDown","value":"î€‡"},{"type":"pause","duration":10},{"type":"keyUp","value":"î€‡"}]}]}
RESULT: {}
RESULT: {"actions":[{"id":"action2","type":"key","parameters":{},"actions":[{"type":"keyDown","value":"î€‡"},{"type":"pause","duration":10},{"type":"keyUp","value":"î€‡"}]}]}
COMMAND: GET /session/6e56a133f2a8cc611653bc0e9554f734/screenshot - {}
RESULT: {}
COMMAND: POST /session/6e56a133f2a8cc611653bc0e9554f734/elements - {"using":"xpath","value":"//table[contains(@id, \"filterItemControl_BASIC-YARD-valueHelpDialog-table-table\")]/tbody/tr"}
RESULT: {"using":"xpath","value":"//table[contains(@id, \"filterItemControl_BASIC-YARD-valueHelpDialog-table-table\")]/tbody/tr"}
COMMAND: POST /session/6e56a133f2a8cc611653bc0e9554f734/element - {"using":"xpath","value":"//table[contains(@id, \"filterItemControl_BASIC-YARD-valueHelpDialog-table-table\")]/tbody/tr[1]/td[1]/div/span"}
RESULT: {"using":"xpath","value":"//table[contains(@id, \"filterItemControl_BASIC-YARD-valueHelpDialog-table-table\")]/tbody/tr[1]/td[1]/div/span"}
COMMAND: POST /session/6e56a133f2a8cc611653bc0e9554f734/elements - {"using":"xpath","value":"//table[contains(@id, \"filterItemControl_BASIC-YARD-valueHelpDialog-table-table\")]/tbody/tr[1]/td[1]/div/span"}
RESULT: {"using":"xpath","value":"//table[contains(@id, \"filterItemControl_BASIC-YARD-valueHelpDialog-table-table\")]/tbody/tr[1]/td[1]/div/span"}
COMMAND: POST /session/6e56a133f2a8cc611653bc0e9554f734/execute/sync - {"script":"<script> [56 bytes]","args":[{"element-6066-11e4-a52e-4f735466cecf":"f.5D45616469B704FE080150B53095EA48.d.AAECCF11A75A9E12535FA0A096EE8379.e.753","ELEMENT":"f.5D45616469B704FE080150B53095EA48.d.AAECCF11A75A9E12535FA0A096EE8379.e.753"}]}
RESULT: {"script":"<script> [56 bytes]","args":[{"element-6066-11e4-a52e-4f735466cecf":"f.5D45616469B704FE080150B53095EA48.d.AAECCF11A75A9E12535FA0A096EE8379.e.753","ELEMENT":"f.5D45616469B704FE080150B53095EA48.d.AAECCF11A75A9E12535FA0A096EE8379.e.753"}]}
COMMAND: POST /session/6e56a133f2a8cc611653bc0e9554f734/element - {"using":"xpath","value":"//div[contains(@id, \"filterItemControl_BASIC-YARD-valueHelpDialog-table-rowsel0\")]"}
COMMAND: GET /session/6e56a133f2a8cc611653bc0e9554f734/screenshot - {}
RESULT: {"using":"xpath","value":"//div[contains(@id, \"filterItemControl_BASIC-YARD-valueHelpDialog-table-rowsel0\")]"}
COMMAND: POST /session/6e56a133f2a8cc611653bc0e9554f734/element/f.5D45616469B704FE080150B53095EA48.d.AAECCF11A75A9E12535FA0A096EE8379.e.754/click - {}
RESULT: {}
RESULT: {}
COMMAND: GET /session/6e56a133f2a8cc611653bc0e9554f734/screenshot - {}
RESULT: {}
COMMAND: POST /session/6e56a133f2a8cc611653bc0e9554f734/element - {"using":"xpath","value":"(//bdi[contains(text(), \"OK\")])[1]"}
RESULT: {"using":"xpath","value":"(//bdi[contains(text(), \"OK\")])[1]"}
COMMAND: POST /session/6e56a133f2a8cc611653bc0e9554f734/element/f.5D45616469B704FE080150B53095EA48.d.AAECCF11A75A9E12535FA0A096EE8379.e.757/click - {}
RESULT: {}
COMMAND: GET /session/6e56a133f2a8cc611653bc0e9554f734/screenshot - {}
RESULT: {}
COMMAND: POST /session/6e56a133f2a8cc611653bc0e9554f734/element - {"using":"xpath","value":"//span[@id=\"application-ruinventorylist-display-component---Master--smartTableRuInventoryList-header-inner\"]"}
RESULT: {"using":"xpath","value":"//span[@id=\"application-ruinventorylist-display-component---Master--smartTableRuInventoryList-header-inner\"]"}
COMMAND: POST /session/6e56a133f2a8cc611653bc0e9554f734/elements - {"using":"xpath","value":"//span[@id=\"application-ruinventorylist-display-component---Master--smartTableRuInventoryList-header-inner\"]"}
RESULT: {"using":"xpath","value":"//span[@id=\"application-ruinventorylist-display-component---Master--smartTableRuInventoryList-header-inner\"]"}
COMMAND: POST /session/6e56a133f2a8cc611653bc0e9554f734/execute/sync - {"script":"<script> [56 bytes]","args":[{"element-6066-11e4-a52e-4f735466cecf":"f.5D45616469B704FE080150B53095EA48.d.AAECCF11A75A9E12535FA0A096EE8379.e.884","ELEMENT":"f.5D45616469B704FE080150B53095EA48.d.AAECCF11A75A9E12535FA0A096EE8379.e.884"}]}
RESULT: {"script":"<script> [56 bytes]","args":[{"element-6066-11e4-a52e-4f735466cecf":"f.5D45616469B704FE080150B53095EA48.d.AAECCF11A75A9E12535FA0A096EE8379.e.884","ELEMENT":"f.5D45616469B704FE080150B53095EA48.d.AAECCF11A75A9E12535FA0A096EE8379.e.884"}]}
COMMAND: POST /session/6e56a133f2a8cc611653bc0e9554f734/execute/async - {"script":"<script> [1562 bytes]","args":[{"selector":{"id":"application-ruinventorylist-display-component---Master--smartFilterBar-btnBasicSearch","interaction":{"idSuffix":"I"}},"wdio_ui5_key":"applicationruinventorylist-display-component---Master--smartFilterBar-btnBasicSearch"}]}
COMMAND: GET /session/6e56a133f2a8cc611653bc0e9554f734/screenshot - {}
RESULT: {"script":"<script> [1562 bytes]","args":[{"selector":{"id":"application-ruinventorylist-display-component---Master--smartFilterBar-btnBasicSearch","interaction":{"idSuffix":"I"}},"wdio_ui5_key":"applicationruinventorylist-display-component---Master--smartFilterBar-btnBasicSearch"}]}
RESULT: undefined
COMMAND: POST /session/6e56a133f2a8cc611653bc0e9554f734/execute/async - {"script":"<script> [776 bytes]","args":[{"enterText":"600002","selector":{"id":"application-ruinventorylist-display-component---Master--smartFilterBar-btnBasicSearch","interaction":{"idSuffix":"I"}},"clearTextFirst":true,"interactionType":"ENTER_TEXT"}]}
RESULT: {}
RESULT: {"script":"<script> [776 bytes]","args":[{"enterText":"600002","selector":{"id":"application-ruinventorylist-display-component---Master--smartFilterBar-btnBasicSearch","interaction":{"idSuffix":"I"}},"clearTextFirst":true,"interactionType":"ENTER_TEXT"}]}
COMMAND: POST /session/6e56a133f2a8cc611653bc0e9554f734/actions - {"actions":[{"id":"action3","type":"key","parameters":{},"actions":[{"type":"keyDown","value":"î€‡"},{"type":"pause","duration":10},{"type":"keyUp","value":"î€‡"}]}]}
RESULT: {"actions":[{"id":"action3","type":"key","parameters":{},"actions":[{"type":"keyDown","value":"î€‡"},{"type":"pause","duration":10},{"type":"keyUp","value":"î€‡"}]}]}
COMMAND: GET /session/6e56a133f2a8cc611653bc0e9554f734/screenshot - {}
RESULT: {}
COMMAND: POST /session/6e56a133f2a8cc611653bc0e9554f734/element - {"using":"xpath","value":"//span[@id=\"application-ruinventorylist-display-component---Master--smartTableRuInventoryList-header-inner\"]"}
RESULT: {"using":"xpath","value":"//span[@id=\"application-ruinventorylist-display-component---Master--smartTableRuInventoryList-header-inner\"]"}
COMMAND: POST /session/6e56a133f2a8cc611653bc0e9554f734/elements - {"using":"xpath","value":"//span[@id=\"application-ruinventorylist-display-component---Master--smartTableRuInventoryList-header-inner\"]"}
RESULT: {"using":"xpath","value":"//span[@id=\"application-ruinventorylist-display-component---Master--smartTableRuInventoryList-header-inner\"]"}
COMMAND: POST /session/6e56a133f2a8cc611653bc0e9554f734/execute/sync - {"script":"<script> [56 bytes]","args":[{"element-6066-11e4-a52e-4f735466cecf":"f.5D45616469B704FE080150B53095EA48.d.AAECCF11A75A9E12535FA0A096EE8379.e.884","ELEMENT":"f.5D45616469B704FE080150B53095EA48.d.AAECCF11A75A9E12535FA0A096EE8379.e.884"}]}
RESULT: {"script":"<script> [56 bytes]","args":[{"element-6066-11e4-a52e-4f735466cecf":"f.5D45616469B704FE080150B53095EA48.d.AAECCF11A75A9E12535FA0A096EE8379.e.884","ELEMENT":"f.5D45616469B704FE080150B53095EA48.d.AAECCF11A75A9E12535FA0A096EE8379.e.884"}]}
COMMAND: POST /session/6e56a133f2a8cc611653bc0e9554f734/element - {"using":"xpath","value":"//table[contains(@id, \"application-ruinventorylist-display-component---Master--tableRuInventoryList-listUl\")]/tbody/tr[1]/td[2]/div/div"}
COMMAND: GET /session/6e56a133f2a8cc611653bc0e9554f734/screenshot - {}
RESULT: {"using":"xpath","value":"//table[contains(@id, \"application-ruinventorylist-display-component---Master--tableRuInventoryList-listUl\")]/tbody/tr[1]/td[2]/div/div"}
COMMAND: POST /session/6e56a133f2a8cc611653bc0e9554f734/element/f.5D45616469B704FE080150B53095EA48.d.AAECCF11A75A9E12535FA0A096EE8379.e.892/click - {}
RESULT: {}
RESULT: {}
COMMAND: GET /session/6e56a133f2a8cc611653bc0e9554f734/screenshot - {}
RESULT: {}
COMMAND: POST /session/6e56a133f2a8cc611653bc0e9554f734/element - {"using":"xpath","value":"//div[contains(@id, \"smartFilterBar-btnBasicSearch-reset\")]"}
RESULT: {"using":"xpath","value":"//div[contains(@id, \"smartFilterBar-btnBasicSearch-reset\")]"}
COMMAND: POST /session/6e56a133f2a8cc611653bc0e9554f734/element/f.5D45616469B704FE080150B53095EA48.d.AAECCF11A75A9E12535FA0A096EE8379.e.902/click - {}
RESULT: {}
COMMAND: GET /session/6e56a133f2a8cc611653bc0e9554f734/screenshot - {}
RESULT: {}
RESULT: undefined
COMMAND: POST /session/6e56a133f2a8cc611653bc0e9554f734/execute/async - {"script":"<script> [776 bytes]","args":[{"enterText":"401002","selector":{"id":"application-ruinventorylist-display-component---Master--smartFilterBar-btnBasicSearch","interaction":{"idSuffix":"I"}},"clearTextFirst":true,"interactionType":"ENTER_TEXT"}]}
RESULT: {"script":"<script> [776 bytes]","args":[{"enterText":"401002","selector":{"id":"application-ruinventorylist-display-component---Master--smartFilterBar-btnBasicSearch","interaction":{"idSuffix":"I"}},"clearTextFirst":true,"interactionType":"ENTER_TEXT"}]}
COMMAND: POST /session/6e56a133f2a8cc611653bc0e9554f734/actions - {"actions":[{"id":"action4","type":"key","parameters":{},"actions":[{"type":"keyDown","value":"î€‡"},{"type":"pause","duration":10},{"type":"keyUp","value":"î€‡"}]}]}
RESULT: {"actions":[{"id":"action4","type":"key","parameters":{},"actions":[{"type":"keyDown","value":"î€‡"},{"type":"pause","duration":10},{"type":"keyUp","value":"î€‡"}]}]}
COMMAND: GET /session/6e56a133f2a8cc611653bc0e9554f734/screenshot - {}
RESULT: {}
COMMAND: POST /session/6e56a133f2a8cc611653bc0e9554f734/element - {"using":"xpath","value":"//span[@id=\"application-ruinventorylist-display-component---Master--smartTableRuInventoryList-header-inner\"]"}
RESULT: {"using":"xpath","value":"//span[@id=\"application-ruinventorylist-display-component---Master--smartTableRuInventoryList-header-inner\"]"}
COMMAND: POST /session/6e56a133f2a8cc611653bc0e9554f734/elements - {"using":"xpath","value":"//span[@id=\"application-ruinventorylist-display-component---Master--smartTableRuInventoryList-header-inner\"]"}
RESULT: {"using":"xpath","value":"//span[@id=\"application-ruinventorylist-display-component---Master--smartTableRuInventoryList-header-inner\"]"}
COMMAND: POST /session/6e56a133f2a8cc611653bc0e9554f734/execute/sync - {"script":"<script> [56 bytes]","args":[{"element-6066-11e4-a52e-4f735466cecf":"f.5D45616469B704FE080150B53095EA48.d.AAECCF11A75A9E12535FA0A096EE8379.e.884","ELEMENT":"f.5D45616469B704FE080150B53095EA48.d.AAECCF11A75A9E12535FA0A096EE8379.e.884"}]}
RESULT: {"script":"<script> [56 bytes]","args":[{"element-6066-11e4-a52e-4f735466cecf":"f.5D45616469B704FE080150B53095EA48.d.AAECCF11A75A9E12535FA0A096EE8379.e.884","ELEMENT":"f.5D45616469B704FE080150B53095EA48.d.AAECCF11A75A9E12535FA0A096EE8379.e.884"}]}
COMMAND: POST /session/6e56a133f2a8cc611653bc0e9554f734/element - {"using":"xpath","value":"//table[contains(@id, \"application-ruinventorylist-display-component---Master--tableRuInventoryList-listUl\")]/tbody/tr[1]/td[2]/div/div"}
COMMAND: GET /session/6e56a133f2a8cc611653bc0e9554f734/screenshot - {}
RESULT: {"using":"xpath","value":"//table[contains(@id, \"application-ruinventorylist-display-component---Master--tableRuInventoryList-listUl\")]/tbody/tr[1]/td[2]/div/div"}
COMMAND: POST /session/6e56a133f2a8cc611653bc0e9554f734/element/f.5D45616469B704FE080150B53095EA48.d.AAECCF11A75A9E12535FA0A096EE8379.e.1032/click - {}
RESULT: {}
RESULT: {}
COMMAND: GET /session/6e56a133f2a8cc611653bc0e9554f734/screenshot - {}
RESULT: {}
COMMAND: POST /session/6e56a133f2a8cc611653bc0e9554f734/element - {"using":"xpath","value":"//div[contains(@id, \"smartFilterBar-btnBasicSearch-reset\")]"}
RESULT: {"using":"xpath","value":"//div[contains(@id, \"smartFilterBar-btnBasicSearch-reset\")]"}
COMMAND: POST /session/6e56a133f2a8cc611653bc0e9554f734/element/f.5D45616469B704FE080150B53095EA48.d.AAECCF11A75A9E12535FA0A096EE8379.e.902/click - {}
RESULT: {}
COMMAND: GET /session/6e56a133f2a8cc611653bc0e9554f734/screenshot - {}
RESULT: {}
COMMAND: POST /session/6e56a133f2a8cc611653bc0e9554f734/element/f.5D45616469B704FE080150B53095EA48.d.AAECCF11A75A9E12535FA0A096EE8379.e.324/click - {}
RESULT: {}
COMMAND: GET /session/6e56a133f2a8cc611653bc0e9554f734/screenshot - {}
RESULT: {}
COMMAND: POST /session/6e56a133f2a8cc611653bc0e9554f734/execute/async - {"script":"<script> [1562 bytes]","args":[{"selector":{"controlType":"sap.m.Title","viewName":"etm.portal.ui.ruinventorylist.view.Master","viewId":"application-ruinventorylist-display-component---Master","properties":{"text":"Mass State Change"},"searchOpenDialogs":true},"wdio_ui5_key":"etmportal.ui.ruinventorylist.view.Mastersap.m.Title{\"text\":\"Mass State Change\"}"}]}
RESULT: {"script":"<script> [1562 bytes]","args":[{"selector":{"controlType":"sap.m.Title","viewName":"etm.portal.ui.ruinventorylist.view.Master","viewId":"application-ruinventorylist-display-component---Master","properties":{"text":"Mass State Change"},"searchOpenDialogs":true},"wdio_ui5_key":"etmportal.ui.ruinventorylist.view.Mastersap.m.Title{\"text\":\"Mass State Change\"}"}]}
RESULT: undefined
COMMAND: POST /session/6e56a133f2a8cc611653bc0e9554f734/execute/async - {"script":"<script> [6424 bytes]","args":[{"element-6066-11e4-a52e-4f735466cecf":"f.5D45616469B704FE080150B53095EA48.d.AAECCF11A75A9E12535FA0A096EE8379.e.1181"},"getText",[]]}
RESULT: {"script":"<script> [6424 bytes]","args":[{"element-6066-11e4-a52e-4f735466cecf":"f.5D45616469B704FE080150B53095EA48.d.AAECCF11A75A9E12535FA0A096EE8379.e.1181"},"getText",[]]}
COMMAND: POST /session/6e56a133f2a8cc611653bc0e9554f734/element - {"using":"xpath","value":"(//bdi[contains(text(), \"OK\")])[1]"}
RESULT: {"using":"xpath","value":"(//bdi[contains(text(), \"OK\")])[1]"}
COMMAND: POST /session/6e56a133f2a8cc611653bc0e9554f734/element/f.5D45616469B704FE080150B53095EA48.d.AAECCF11A75A9E12535FA0A096EE8379.e.1182/click - {}
RESULT: {}
COMMAND: GET /session/6e56a133f2a8cc611653bc0e9554f734/screenshot - {}
RESULT: {}
COMMAND: POST /session/6e56a133f2a8cc611653bc0e9554f734/element - {"using":"css selector","value":"div.sapMMessageBoxError"}
RESULT: {"using":"css selector","value":"div.sapMMessageBoxError"}
COMMAND: POST /session/6e56a133f2a8cc611653bc0e9554f734/elements - {"using":"css selector","value":"div.sapMMessageBoxError"}
RESULT: {"using":"css selector","value":"div.sapMMessageBoxError"}
COMMAND: POST /session/6e56a133f2a8cc611653bc0e9554f734/element - {"using":"xpath","value":"(//bdi[contains(text(), \"Close\")])[1]"}
RESULT: {"using":"xpath","value":"(//bdi[contains(text(), \"Close\")])[1]"}
COMMAND: POST /session/6e56a133f2a8cc611653bc0e9554f734/element/f.5D45616469B704FE080150B53095EA48.d.AAECCF11A75A9E12535FA0A096EE8379.e.1187/click - {}
RESULT: {}
COMMAND: GET /session/6e56a133f2a8cc611653bc0e9554f734/screenshot - {}
RESULT: {}
COMMAND: POST /session/6e56a133f2a8cc611653bc0e9554f734/execute/async - {"script":"<script> [1562 bytes]","args":[{"selector":{"id":"application-ruinventorylist-display-component---Master--ruStateTypes-arrow","searchOpenDialogs":true},"wdio_ui5_key":"applicationruinventorylist-display-component---Master--ruStateTypes-arrow"}]}
RESULT: {"script":"<script> [1562 bytes]","args":[{"selector":{"id":"application-ruinventorylist-display-component---Master--ruStateTypes-arrow","searchOpenDialogs":true},"wdio_ui5_key":"applicationruinventorylist-display-component---Master--ruStateTypes-arrow"}]}
RESULT: undefined
COMMAND: POST /session/6e56a133f2a8cc611653bc0e9554f734/element - {"using":"xpath","value":"//*[@id=\"application-ruinventorylist-display-component---Master--ruStateTypes-arrow\"]"}
RESULT: {"using":"xpath","value":"//*[@id=\"application-ruinventorylist-display-component---Master--ruStateTypes-arrow\"]"}
COMMAND: POST /session/6e56a133f2a8cc611653bc0e9554f734/element/f.5D45616469B704FE080150B53095EA48.d.AAECCF11A75A9E12535FA0A096EE8379.e.1188/click - {}
RESULT: {}
COMMAND: GET /session/6e56a133f2a8cc611653bc0e9554f734/screenshot - {}
RESULT: {}
COMMAND: POST /session/6e56a133f2a8cc611653bc0e9554f734/element - {"using":"xpath","value":"//li[.//span[text()=\"defect\"]]"}
RESULT: {"using":"xpath","value":"//li[.//span[text()=\"defect\"]]"}
COMMAND: POST /session/6e56a133f2a8cc611653bc0e9554f734/element/f.5D45616469B704FE080150B53095EA48.d.AAECCF11A75A9E12535FA0A096EE8379.e.1189/click - {}
RESULT: {}
COMMAND: GET /session/6e56a133f2a8cc611653bc0e9554f734/screenshot - {}
RESULT: {}
COMMAND: POST /session/6e56a133f2a8cc611653bc0e9554f734/element - {"using":"xpath","value":"(//span[@data-kt=\"trashMassStateChangeIcon\"])[1]"}
RESULT: {"using":"xpath","value":"(//span[@data-kt=\"trashMassStateChangeIcon\"])[1]"}
COMMAND: POST /session/6e56a133f2a8cc611653bc0e9554f734/element/f.5D45616469B704FE080150B53095EA48.d.AAECCF11A75A9E12535FA0A096EE8379.e.1190/click - {}
RESULT: {}
COMMAND: GET /session/6e56a133f2a8cc611653bc0e9554f734/screenshot - {}
RESULT: {}
COMMAND: POST /session/6e56a133f2a8cc611653bc0e9554f734/element - {"using":"xpath","value":"//table[contains(@id, \"massStateChangeTable-listUl\")]/tbody/tr[1]/td[11]/div/div/div/input"}
RESULT: {"using":"xpath","value":"//table[contains(@id, \"massStateChangeTable-listUl\")]/tbody/tr[1]/td[11]/div/div/div/input"}
COMMAND: GET /session/6e56a133f2a8cc611653bc0e9554f734/element/f.5D45616469B704FE080150B53095EA48.d.AAECCF11A75A9E12535FA0A096EE8379.e.1175/property/value - {}
RESULT: {}
COMMAND: POST /session/6e56a133f2a8cc611653bc0e9554f734/element - {"using":"xpath","value":"(//span[@data-kt=\"trashMassStateChangeIcon\"])[2]"}
COMMAND: GET /session/6e56a133f2a8cc611653bc0e9554f734/screenshot - {}
RESULT: {"using":"xpath","value":"(//span[@data-kt=\"trashMassStateChangeIcon\"])[2]"}
COMMAND: POST /session/6e56a133f2a8cc611653bc0e9554f734/element/f.5D45616469B704FE080150B53095EA48.d.AAECCF11A75A9E12535FA0A096EE8379.e.1192/click - {}
RESULT: {}
RESULT: {}
COMMAND: GET /session/6e56a133f2a8cc611653bc0e9554f734/screenshot - {}
RESULT: {}
COMMAND: POST /session/6e56a133f2a8cc611653bc0e9554f734/element - {"using":"xpath","value":"//table[contains(@id, \"massStateChangeTable-listUl\")]/tbody/tr[2]/td[11]/div/div/div/input"}
RESULT: {"using":"xpath","value":"//table[contains(@id, \"massStateChangeTable-listUl\")]/tbody/tr[2]/td[11]/div/div/div/input"}
COMMAND: GET /session/6e56a133f2a8cc611653bc0e9554f734/element/f.5D45616469B704FE080150B53095EA48.d.AAECCF11A75A9E12535FA0A096EE8379.e.1179/property/value - {}
RESULT: {}
COMMAND: POST /session/6e56a133f2a8cc611653bc0e9554f734/element - {"using":"xpath","value":"//table[contains(@id, \"massStateChangeTable-listUl\")]/tbody/tr[1]/td[10]/div/span/span[1]"}
COMMAND: GET /session/6e56a133f2a8cc611653bc0e9554f734/screenshot - {}
RESULT: {"using":"xpath","value":"//table[contains(@id, \"massStateChangeTable-listUl\")]/tbody/tr[1]/td[10]/div/span/span[1]"}
COMMAND: POST /session/6e56a133f2a8cc611653bc0e9554f734/execute/sync - {"script":"<script> [56 bytes]","args":[{"element-6066-11e4-a52e-4f735466cecf":"f.5D45616469B704FE080150B53095EA48.d.AAECCF11A75A9E12535FA0A096EE8379.e.1194","ELEMENT":"f.5D45616469B704FE080150B53095EA48.d.AAECCF11A75A9E12535FA0A096EE8379.e.1194"}]}
RESULT: {}
RESULT: {"script":"<script> [56 bytes]","args":[{"element-6066-11e4-a52e-4f735466cecf":"f.5D45616469B704FE080150B53095EA48.d.AAECCF11A75A9E12535FA0A096EE8379.e.1194","ELEMENT":"f.5D45616469B704FE080150B53095EA48.d.AAECCF11A75A9E12535FA0A096EE8379.e.1194"}]}
COMMAND: POST /session/6e56a133f2a8cc611653bc0e9554f734/element - {"using":"xpath","value":"//table[contains(@id, \"massStateChangeTable-listUl\")]/tbody/tr[1]/td[11]/div/div/div/div[2]/span"}
COMMAND: GET /session/6e56a133f2a8cc611653bc0e9554f734/screenshot - {}
RESULT: {"using":"xpath","value":"//table[contains(@id, \"massStateChangeTable-listUl\")]/tbody/tr[1]/td[11]/div/div/div/div[2]/span"}
COMMAND: POST /session/6e56a133f2a8cc611653bc0e9554f734/element/f.5D45616469B704FE080150B53095EA48.d.AAECCF11A75A9E12535FA0A096EE8379.e.1195/click - {}
RESULT: {}
RESULT: {}
COMMAND: GET /session/6e56a133f2a8cc611653bc0e9554f734/screenshot - {}
RESULT: {}
COMMAND: POST /session/6e56a133f2a8cc611653bc0e9554f734/element - {"using":"xpath","value":"//table[contains(@id, \"massStateChangeTable-listUl\")]/tbody/tr[1]/td[11]/div/div/div/div[2]/span"}
RESULT: {"using":"xpath","value":"//table[contains(@id, \"massStateChangeTable-listUl\")]/tbody/tr[1]/td[11]/div/div/div/div[2]/span"}
COMMAND: POST /session/6e56a133f2a8cc611653bc0e9554f734/element/f.5D45616469B704FE080150B53095EA48.d.AAECCF11A75A9E12535FA0A096EE8379.e.1195/click - {}
RESULT: {}
COMMAND: GET /session/6e56a133f2a8cc611653bc0e9554f734/screenshot - {}
RESULT: {}
COMMAND: POST /session/6e56a133f2a8cc611653bc0e9554f734/element - {"using":"xpath","value":"//table[contains(@id, \"massStateChangeTable-listUl\")]/tbody/tr[1]/td[11]/div/div/div/div[2]/span"}
RESULT: {"using":"xpath","value":"//table[contains(@id, \"massStateChangeTable-listUl\")]/tbody/tr[1]/td[11]/div/div/div/div[2]/span"}
COMMAND: POST /session/6e56a133f2a8cc611653bc0e9554f734/element/f.5D45616469B704FE080150B53095EA48.d.AAECCF11A75A9E12535FA0A096EE8379.e.1195/click - {}
RESULT: {}
COMMAND: GET /session/6e56a133f2a8cc611653bc0e9554f734/screenshot - {}
RESULT: {}
COMMAND: POST /session/6e56a133f2a8cc611653bc0e9554f734/element - {"using":"xpath","value":"//table[contains(@id, \"massStateChangeTable-listUl\")]/tbody/tr[1]/td[11]/div/div/div/div[2]/span"}
RESULT: {"using":"xpath","value":"//table[contains(@id, \"massStateChangeTable-listUl\")]/tbody/tr[1]/td[11]/div/div/div/div[2]/span"}
COMMAND: POST /session/6e56a133f2a8cc611653bc0e9554f734/element/f.5D45616469B704FE080150B53095EA48.d.AAECCF11A75A9E12535FA0A096EE8379.e.1195/click - {}
RESULT: {}
COMMAND: GET /session/6e56a133f2a8cc611653bc0e9554f734/screenshot - {}
RESULT: {}
COMMAND: POST /session/6e56a133f2a8cc611653bc0e9554f734/element - {"using":"xpath","value":"//table[contains(@id, \"massStateChangeTable-listUl\")]/tbody/tr[1]/td[11]/div/div/div/div[2]/span"}
RESULT: {"using":"xpath","value":"//table[contains(@id, \"massStateChangeTable-listUl\")]/tbody/tr[1]/td[11]/div/div/div/div[2]/span"}
COMMAND: POST /session/6e56a133f2a8cc611653bc0e9554f734/element/f.5D45616469B704FE080150B53095EA48.d.AAECCF11A75A9E12535FA0A096EE8379.e.1195/click - {}
RESULT: {}
COMMAND: GET /session/6e56a133f2a8cc611653bc0e9554f734/screenshot - {}
RESULT: {}
COMMAND: POST /session/6e56a133f2a8cc611653bc0e9554f734/element - {"using":"xpath","value":"//table[contains(@id, \"massStateChangeTable-listUl\")]/tbody/tr[1]/td[11]/div/div/div/div[2]/span"}
RESULT: {"using":"xpath","value":"//table[contains(@id, \"massStateChangeTable-listUl\")]/tbody/tr[1]/td[11]/div/div/div/div[2]/span"}
COMMAND: POST /session/6e56a133f2a8cc611653bc0e9554f734/element/f.5D45616469B704FE080150B53095EA48.d.AAECCF11A75A9E12535FA0A096EE8379.e.1195/click - {}
RESULT: {}
COMMAND: GET /session/6e56a133f2a8cc611653bc0e9554f734/screenshot - {}
RESULT: {}
COMMAND: POST /session/6e56a133f2a8cc611653bc0e9554f734/element - {"using":"xpath","value":"//table[contains(@id, \"massStateChangeTable-listUl\")]/tbody/tr[1]/td[11]/div/div/div/div[2]/span"}
RESULT: {"using":"xpath","value":"//table[contains(@id, \"massStateChangeTable-listUl\")]/tbody/tr[1]/td[11]/div/div/div/div[2]/span"}
COMMAND: POST /session/6e56a133f2a8cc611653bc0e9554f734/element/f.5D45616469B704FE080150B53095EA48.d.AAECCF11A75A9E12535FA0A096EE8379.e.1195/click - {}
RESULT: {}
COMMAND: GET /session/6e56a133f2a8cc611653bc0e9554f734/screenshot - {}
RESULT: {}
COMMAND: POST /session/6e56a133f2a8cc611653bc0e9554f734/element - {"using":"xpath","value":"//table[contains(@id, \"massStateChangeTable-listUl\")]/tbody/tr[1]/td[11]/div/div/div/div[2]/span"}
RESULT: {"using":"xpath","value":"//table[contains(@id, \"massStateChangeTable-listUl\")]/tbody/tr[1]/td[11]/div/div/div/div[2]/span"}
COMMAND: POST /session/6e56a133f2a8cc611653bc0e9554f734/element/f.5D45616469B704FE080150B53095EA48.d.AAECCF11A75A9E12535FA0A096EE8379.e.1195/click - {}
RESULT: {}
COMMAND: GET /session/6e56a133f2a8cc611653bc0e9554f734/screenshot - {}
RESULT: {}
COMMAND: POST /session/6e56a133f2a8cc611653bc0e9554f734/element - {"using":"xpath","value":"//table[contains(@id, \"massStateChangeTable-listUl\")]/tbody/tr[1]/td[11]/div/div/div/div[2]/span"}
RESULT: {"using":"xpath","value":"//table[contains(@id, \"massStateChangeTable-listUl\")]/tbody/tr[1]/td[11]/div/div/div/div[2]/span"}
COMMAND: POST /session/6e56a133f2a8cc611653bc0e9554f734/element/f.5D45616469B704FE080150B53095EA48.d.AAECCF11A75A9E12535FA0A096EE8379.e.1195/click - {}
RESULT: {}
COMMAND: GET /session/6e56a133f2a8cc611653bc0e9554f734/screenshot - {}
RESULT: {}
COMMAND: POST /session/6e56a133f2a8cc611653bc0e9554f734/element - {"using":"xpath","value":"//table[contains(@id, \"massStateChangeTable-listUl\")]/tbody/tr[1]/td[11]/div/div/div/div[2]/span"}
RESULT: {"using":"xpath","value":"//table[contains(@id, \"massStateChangeTable-listUl\")]/tbody/tr[1]/td[11]/div/div/div/div[2]/span"}
COMMAND: POST /session/6e56a133f2a8cc611653bc0e9554f734/element/f.5D45616469B704FE080150B53095EA48.d.AAECCF11A75A9E12535FA0A096EE8379.e.1195/click - {}
RESULT: {}
COMMAND: GET /session/6e56a133f2a8cc611653bc0e9554f734/screenshot - {}
RESULT: {}
COMMAND: POST /session/6e56a133f2a8cc611653bc0e9554f734/element - {"using":"xpath","value":"//table[contains(@id, \"massStateChangeTable-listUl\")]/tbody/tr[1]/td[11]/div/div/div/div[2]/span"}
RESULT: {"using":"xpath","value":"//table[contains(@id, \"massStateChangeTable-listUl\")]/tbody/tr[1]/td[11]/div/div/div/div[2]/span"}
COMMAND: POST /session/6e56a133f2a8cc611653bc0e9554f734/element/f.5D45616469B704FE080150B53095EA48.d.AAECCF11A75A9E12535FA0A096EE8379.e.1195/click - {}
RESULT: {}
COMMAND: GET /session/6e56a133f2a8cc611653bc0e9554f734/screenshot - {}
RESULT: {}
COMMAND: POST /session/6e56a133f2a8cc611653bc0e9554f734/element - {"using":"xpath","value":"//table[contains(@id, \"massStateChangeTable-listUl\")]/tbody/tr[1]/td[11]/div/div/div/div[2]/span"}
RESULT: {"using":"xpath","value":"//table[contains(@id, \"massStateChangeTable-listUl\")]/tbody/tr[1]/td[11]/div/div/div/div[2]/span"}
COMMAND: POST /session/6e56a133f2a8cc611653bc0e9554f734/element/f.5D45616469B704FE080150B53095EA48.d.AAECCF11A75A9E12535FA0A096EE8379.e.1195/click - {}
RESULT: {}
COMMAND: GET /session/6e56a133f2a8cc611653bc0e9554f734/screenshot - {}
RESULT: {}
COMMAND: POST /session/6e56a133f2a8cc611653bc0e9554f734/element - {"using":"xpath","value":"//table[contains(@id, \"massStateChangeTable-listUl\")]/tbody/tr[1]/td[11]/div/div/div/div[2]/span"}
RESULT: {"using":"xpath","value":"//table[contains(@id, \"massStateChangeTable-listUl\")]/tbody/tr[1]/td[11]/div/div/div/div[2]/span"}
COMMAND: POST /session/6e56a133f2a8cc611653bc0e9554f734/element/f.5D45616469B704FE080150B53095EA48.d.AAECCF11A75A9E12535FA0A096EE8379.e.1195/click - {}
RESULT: {}
COMMAND: GET /session/6e56a133f2a8cc611653bc0e9554f734/screenshot - {}
RESULT: {}
COMMAND: POST /session/6e56a133f2a8cc611653bc0e9554f734/element - {"using":"xpath","value":"//table[contains(@id, \"massStateChangeTable-listUl\")]/tbody/tr[1]/td[11]/div/div/div/div[2]/span"}
RESULT: {"using":"xpath","value":"//table[contains(@id, \"massStateChangeTable-listUl\")]/tbody/tr[1]/td[11]/div/div/div/div[2]/span"}
COMMAND: POST /session/6e56a133f2a8cc611653bc0e9554f734/element/f.5D45616469B704FE080150B53095EA48.d.AAECCF11A75A9E12535FA0A096EE8379.e.1195/click - {}
RESULT: {}
COMMAND: GET /session/6e56a133f2a8cc611653bc0e9554f734/screenshot - {}
RESULT: {}
COMMAND: POST /session/6e56a133f2a8cc611653bc0e9554f734/element - {"using":"xpath","value":"//table[contains(@id, \"massStateChangeTable-listUl\")]/tbody/tr[1]/td[11]/div/div/div/div[2]/span"}
RESULT: {"using":"xpath","value":"//table[contains(@id, \"massStateChangeTable-listUl\")]/tbody/tr[1]/td[11]/div/div/div/div[2]/span"}
COMMAND: POST /session/6e56a133f2a8cc611653bc0e9554f734/element/f.5D45616469B704FE080150B53095EA48.d.AAECCF11A75A9E12535FA0A096EE8379.e.1195/click - {}
RESULT: {}
COMMAND: GET /session/6e56a133f2a8cc611653bc0e9554f734/screenshot - {}
RESULT: {}
COMMAND: POST /session/6e56a133f2a8cc611653bc0e9554f734/element - {"using":"xpath","value":"//table[contains(@id, \"massStateChangeTable-listUl\")]/tbody/tr[1]/td[11]/div/div/div/div[2]/span"}
RESULT: {"using":"xpath","value":"//table[contains(@id, \"massStateChangeTable-listUl\")]/tbody/tr[1]/td[11]/div/div/div/div[2]/span"}
COMMAND: POST /session/6e56a133f2a8cc611653bc0e9554f734/element/f.5D45616469B704FE080150B53095EA48.d.AAECCF11A75A9E12535FA0A096EE8379.e.1195/click - {}
RESULT: {}
COMMAND: GET /session/6e56a133f2a8cc611653bc0e9554f734/screenshot - {}
RESULT: {}
COMMAND: POST /session/6e56a133f2a8cc611653bc0e9554f734/element - {"using":"xpath","value":"//table[contains(@id, \"massStateChangeTable-listUl\")]/tbody/tr[1]/td[11]/div/div/div/div[2]/span"}
RESULT: {"using":"xpath","value":"//table[contains(@id, \"massStateChangeTable-listUl\")]/tbody/tr[1]/td[11]/div/div/div/div[2]/span"}
COMMAND: POST /session/6e56a133f2a8cc611653bc0e9554f734/element/f.5D45616469B704FE080150B53095EA48.d.AAECCF11A75A9E12535FA0A096EE8379.e.1195/click - {}
RESULT: {}
COMMAND: GET /session/6e56a133f2a8cc611653bc0e9554f734/screenshot - {}
RESULT: {}
COMMAND: POST /session/6e56a133f2a8cc611653bc0e9554f734/element - {"using":"xpath","value":"//table[contains(@id, \"massStateChangeTable-listUl\")]/tbody/tr[1]/td[11]/div/div/div/div[2]/span"}
RESULT: {"using":"xpath","value":"//table[contains(@id, \"massStateChangeTable-listUl\")]/tbody/tr[1]/td[11]/div/div/div/div[2]/span"}
COMMAND: POST /session/6e56a133f2a8cc611653bc0e9554f734/element/f.5D45616469B704FE080150B53095EA48.d.AAECCF11A75A9E12535FA0A096EE8379.e.1195/click - {}
RESULT: {}
COMMAND: GET /session/6e56a133f2a8cc611653bc0e9554f734/screenshot - {}
RESULT: {}
COMMAND: POST /session/6e56a133f2a8cc611653bc0e9554f734/element - {"using":"xpath","value":"//table[contains(@id, \"massStateChangeTable-listUl\")]/tbody/tr[1]/td[11]/div/div/div/div[2]/span"}
RESULT: {"using":"xpath","value":"//table[contains(@id, \"massStateChangeTable-listUl\")]/tbody/tr[1]/td[11]/div/div/div/div[2]/span"}
COMMAND: POST /session/6e56a133f2a8cc611653bc0e9554f734/element/f.5D45616469B704FE080150B53095EA48.d.AAECCF11A75A9E12535FA0A096EE8379.e.1195/click - {}
RESULT: {}
COMMAND: GET /session/6e56a133f2a8cc611653bc0e9554f734/screenshot - {}
RESULT: {}
COMMAND: POST /session/6e56a133f2a8cc611653bc0e9554f734/element - {"using":"xpath","value":"//table[contains(@id, \"massStateChangeTable-listUl\")]/tbody/tr[1]/td[11]/div/div/div/div[2]/span"}
RESULT: {"using":"xpath","value":"//table[contains(@id, \"massStateChangeTable-listUl\")]/tbody/tr[1]/td[11]/div/div/div/div[2]/span"}
COMMAND: POST /session/6e56a133f2a8cc611653bc0e9554f734/element/f.5D45616469B704FE080150B53095EA48.d.AAECCF11A75A9E12535FA0A096EE8379.e.1195/click - {}
RESULT: {}
COMMAND: GET /session/6e56a133f2a8cc611653bc0e9554f734/screenshot - {}
RESULT: {}
COMMAND: POST /session/6e56a133f2a8cc611653bc0e9554f734/element - {"using":"xpath","value":"//table[contains(@id, \"massStateChangeTable-listUl\")]/tbody/tr[1]/td[11]/div/div/div/div[2]/span"}
RESULT: {"using":"xpath","value":"//table[contains(@id, \"massStateChangeTable-listUl\")]/tbody/tr[1]/td[11]/div/div/div/div[2]/span"}
COMMAND: POST /session/6e56a133f2a8cc611653bc0e9554f734/element/f.5D45616469B704FE080150B53095EA48.d.AAECCF11A75A9E12535FA0A096EE8379.e.1195/click - {}
RESULT: {}
COMMAND: GET /session/6e56a133f2a8cc611653bc0e9554f734/screenshot - {}
RESULT: {}
COMMAND: POST /session/6e56a133f2a8cc611653bc0e9554f734/element - {"using":"xpath","value":"//table[contains(@id, \"massStateChangeTable-listUl\")]/tbody/tr[1]/td[11]/div/div/div/div[2]/span"}
RESULT: {"using":"xpath","value":"//table[contains(@id, \"massStateChangeTable-listUl\")]/tbody/tr[1]/td[11]/div/div/div/div[2]/span"}
COMMAND: POST /session/6e56a133f2a8cc611653bc0e9554f734/element/f.5D45616469B704FE080150B53095EA48.d.AAECCF11A75A9E12535FA0A096EE8379.e.1195/click - {}
RESULT: {}
COMMAND: GET /session/6e56a133f2a8cc611653bc0e9554f734/screenshot - {}
RESULT: {}
COMMAND: POST /session/6e56a133f2a8cc611653bc0e9554f734/element - {"using":"xpath","value":"//table[contains(@id, \"massStateChangeTable-listUl\")]/tbody/tr[1]/td[11]/div/div/div/div[2]/span"}
RESULT: {"using":"xpath","value":"//table[contains(@id, \"massStateChangeTable-listUl\")]/tbody/tr[1]/td[11]/div/div/div/div[2]/span"}
COMMAND: POST /session/6e56a133f2a8cc611653bc0e9554f734/element/f.5D45616469B704FE080150B53095EA48.d.AAECCF11A75A9E12535FA0A096EE8379.e.1195/click - {}
RESULT: {}
COMMAND: GET /session/6e56a133f2a8cc611653bc0e9554f734/screenshot - {}
RESULT: {}
COMMAND: POST /session/6e56a133f2a8cc611653bc0e9554f734/element - {"using":"xpath","value":"//table[contains(@id, \"massStateChangeTable-listUl\")]/tbody/tr[1]/td[11]/div/div/div/div[2]/span"}
RESULT: {"using":"xpath","value":"//table[contains(@id, \"massStateChangeTable-listUl\")]/tbody/tr[1]/td[11]/div/div/div/div[2]/span"}
COMMAND: POST /session/6e56a133f2a8cc611653bc0e9554f734/element/f.5D45616469B704FE080150B53095EA48.d.AAECCF11A75A9E12535FA0A096EE8379.e.1195/click - {}
RESULT: {}
COMMAND: GET /session/6e56a133f2a8cc611653bc0e9554f734/screenshot - {}
RESULT: {}
COMMAND: POST /session/6e56a133f2a8cc611653bc0e9554f734/element - {"using":"xpath","value":"//table[contains(@id, \"massStateChangeTable-listUl\")]/tbody/tr[1]/td[11]/div/div/div/div[2]/span"}
RESULT: {"using":"xpath","value":"//table[contains(@id, \"massStateChangeTable-listUl\")]/tbody/tr[1]/td[11]/div/div/div/div[2]/span"}
COMMAND: POST /session/6e56a133f2a8cc611653bc0e9554f734/element/f.5D45616469B704FE080150B53095EA48.d.AAECCF11A75A9E12535FA0A096EE8379.e.1195/click - {}
RESULT: {}
COMMAND: GET /session/6e56a133f2a8cc611653bc0e9554f734/screenshot - {}
RESULT: {}
COMMAND: POST /session/6e56a133f2a8cc611653bc0e9554f734/element - {"using":"xpath","value":"//table[contains(@id, \"massStateChangeTable-listUl\")]/tbody/tr[1]/td[11]/div/div/div/div[2]/span"}
RESULT: {"using":"xpath","value":"//table[contains(@id, \"massStateChangeTable-listUl\")]/tbody/tr[1]/td[11]/div/div/div/div[2]/span"}
COMMAND: POST /session/6e56a133f2a8cc611653bc0e9554f734/element/f.5D45616469B704FE080150B53095EA48.d.AAECCF11A75A9E12535FA0A096EE8379.e.1195/click - {}
RESULT: {}
COMMAND: GET /session/6e56a133f2a8cc611653bc0e9554f734/screenshot - {}
RESULT: {}
COMMAND: POST /session/6e56a133f2a8cc611653bc0e9554f734/element - {"using":"xpath","value":"//table[contains(@id, \"massStateChangeTable-listUl\")]/tbody/tr[1]/td[11]/div/div/div/div[2]/span"}
RESULT: {"using":"xpath","value":"//table[contains(@id, \"massStateChangeTable-listUl\")]/tbody/tr[1]/td[11]/div/div/div/div[2]/span"}
COMMAND: POST /session/6e56a133f2a8cc611653bc0e9554f734/element/f.5D45616469B704FE080150B53095EA48.d.AAECCF11A75A9E12535FA0A096EE8379.e.1195/click - {}
RESULT: {}
COMMAND: GET /session/6e56a133f2a8cc611653bc0e9554f734/screenshot - {}
RESULT: {}
COMMAND: POST /session/6e56a133f2a8cc611653bc0e9554f734/element - {"using":"xpath","value":"//table[contains(@id, \"massStateChangeTable-listUl\")]/tbody/tr[1]/td[11]/div/div/div/div[2]/span"}
RESULT: {"using":"xpath","value":"//table[contains(@id, \"massStateChangeTable-listUl\")]/tbody/tr[1]/td[11]/div/div/div/div[2]/span"}
COMMAND: POST /session/6e56a133f2a8cc611653bc0e9554f734/element/f.5D45616469B704FE080150B53095EA48.d.AAECCF11A75A9E12535FA0A096EE8379.e.1195/click - {}
RESULT: {}
COMMAND: GET /session/6e56a133f2a8cc611653bc0e9554f734/screenshot - {}
RESULT: {}
COMMAND: POST /session/6e56a133f2a8cc611653bc0e9554f734/element - {"using":"xpath","value":"//table[contains(@id, \"massStateChangeTable-listUl\")]/tbody/tr[1]/td[11]/div/div/div/div[2]/span"}
RESULT: {"using":"xpath","value":"//table[contains(@id, \"massStateChangeTable-listUl\")]/tbody/tr[1]/td[11]/div/div/div/div[2]/span"}
COMMAND: POST /session/6e56a133f2a8cc611653bc0e9554f734/element/f.5D45616469B704FE080150B53095EA48.d.AAECCF11A75A9E12535FA0A096EE8379.e.1195/click - {}
RESULT: {}
COMMAND: GET /session/6e56a133f2a8cc611653bc0e9554f734/screenshot - {}
RESULT: {}
COMMAND: POST /session/6e56a133f2a8cc611653bc0e9554f734/element - {"using":"xpath","value":"//table[contains(@id, \"massStateChangeTable-listUl\")]/tbody/tr[1]/td[11]/div/div/div/div[2]/span"}
RESULT: {"using":"xpath","value":"//table[contains(@id, \"massStateChangeTable-listUl\")]/tbody/tr[1]/td[11]/div/div/div/div[2]/span"}
COMMAND: POST /session/6e56a133f2a8cc611653bc0e9554f734/element/f.5D45616469B704FE080150B53095EA48.d.AAECCF11A75A9E12535FA0A096EE8379.e.1195/click - {}
RESULT: {}
COMMAND: GET /session/6e56a133f2a8cc611653bc0e9554f734/screenshot - {}
RESULT: {}
COMMAND: POST /session/6e56a133f2a8cc611653bc0e9554f734/element - {"using":"xpath","value":"//table[contains(@id, \"massStateChangeTable-listUl\")]/tbody/tr[1]/td[11]/div/div/div/div[2]/span"}
RESULT: {"using":"xpath","value":"//table[contains(@id, \"massStateChangeTable-listUl\")]/tbody/tr[1]/td[11]/div/div/div/div[2]/span"}
COMMAND: POST /session/6e56a133f2a8cc611653bc0e9554f734/element/f.5D45616469B704FE080150B53095EA48.d.AAECCF11A75A9E12535FA0A096EE8379.e.1195/click - {}
RESULT: {}
COMMAND: GET /session/6e56a133f2a8cc611653bc0e9554f734/screenshot - {}
RESULT: {}
COMMAND: POST /session/6e56a133f2a8cc611653bc0e9554f734/element - {"using":"xpath","value":"//table[contains(@id, \"massStateChangeTable-listUl\")]/tbody/tr[1]/td[11]/div/div/div/div[2]/span"}
RESULT: {"using":"xpath","value":"//table[contains(@id, \"massStateChangeTable-listUl\")]/tbody/tr[1]/td[11]/div/div/div/div[2]/span"}
COMMAND: POST /session/6e56a133f2a8cc611653bc0e9554f734/element/f.5D45616469B704FE080150B53095EA48.d.AAECCF11A75A9E12535FA0A096EE8379.e.1195/click - {}
RESULT: {}
COMMAND: GET /session/6e56a133f2a8cc611653bc0e9554f734/screenshot - {}
RESULT: {}
COMMAND: POST /session/6e56a133f2a8cc611653bc0e9554f734/element - {"using":"xpath","value":"//table[contains(@id, \"massStateChangeTable-listUl\")]/tbody/tr[1]/td[11]/div/div/div/div[2]/span"}
RESULT: {"using":"xpath","value":"//table[contains(@id, \"massStateChangeTable-listUl\")]/tbody/tr[1]/td[11]/div/div/div/div[2]/span"}
COMMAND: POST /session/6e56a133f2a8cc611653bc0e9554f734/element/f.5D45616469B704FE080150B53095EA48.d.AAECCF11A75A9E12535FA0A096EE8379.e.1195/click - {}
RESULT: {}
COMMAND: GET /session/6e56a133f2a8cc611653bc0e9554f734/screenshot - {}
RESULT: {}
COMMAND: POST /session/6e56a133f2a8cc611653bc0e9554f734/element - {"using":"xpath","value":"//table[contains(@id, \"massStateChangeTable-listUl\")]/tbody/tr[1]/td[11]/div/div/div/div[2]/span"}
RESULT: {"using":"xpath","value":"//table[contains(@id, \"massStateChangeTable-listUl\")]/tbody/tr[1]/td[11]/div/div/div/div[2]/span"}
COMMAND: POST /session/6e56a133f2a8cc611653bc0e9554f734/element/f.5D45616469B704FE080150B53095EA48.d.AAECCF11A75A9E12535FA0A096EE8379.e.1195/click - {}
RESULT: {}
COMMAND: GET /session/6e56a133f2a8cc611653bc0e9554f734/screenshot - {}
RESULT: {}
COMMAND: POST /session/6e56a133f2a8cc611653bc0e9554f734/element - {"using":"xpath","value":"//table[contains(@id, \"massStateChangeTable-listUl\")]/tbody/tr[1]/td[11]/div/div/div/div[2]/span"}
RESULT: {"using":"xpath","value":"//table[contains(@id, \"massStateChangeTable-listUl\")]/tbody/tr[1]/td[11]/div/div/div/div[2]/span"}
COMMAND: POST /session/6e56a133f2a8cc611653bc0e9554f734/element/f.5D45616469B704FE080150B53095EA48.d.AAECCF11A75A9E12535FA0A096EE8379.e.1195/click - {}
RESULT: {}
COMMAND: GET /session/6e56a133f2a8cc611653bc0e9554f734/screenshot - {}
RESULT: {}
COMMAND: POST /session/6e56a133f2a8cc611653bc0e9554f734/element - {"using":"xpath","value":"//table[contains(@id, \"massStateChangeTable-listUl\")]/tbody/tr[1]/td[11]/div/div/div/div[2]/span"}
RESULT: {"using":"xpath","value":"//table[contains(@id, \"massStateChangeTable-listUl\")]/tbody/tr[1]/td[11]/div/div/div/div[2]/span"}
COMMAND: POST /session/6e56a133f2a8cc611653bc0e9554f734/element/f.5D45616469B704FE080150B53095EA48.d.AAECCF11A75A9E12535FA0A096EE8379.e.1195/click - {}
RESULT: {}
COMMAND: GET /session/6e56a133f2a8cc611653bc0e9554f734/screenshot - {}
RESULT: {}
COMMAND: POST /session/6e56a133f2a8cc611653bc0e9554f734/element - {"using":"xpath","value":"//table[contains(@id, \"massStateChangeTable-listUl\")]/tbody/tr[1]/td[11]/div/div/div/div[2]/span"}
RESULT: {"using":"xpath","value":"//table[contains(@id, \"massStateChangeTable-listUl\")]/tbody/tr[1]/td[11]/div/div/div/div[2]/span"}
COMMAND: POST /session/6e56a133f2a8cc611653bc0e9554f734/element/f.5D45616469B704FE080150B53095EA48.d.AAECCF11A75A9E12535FA0A096EE8379.e.1195/click - {}
RESULT: {}
COMMAND: GET /session/6e56a133f2a8cc611653bc0e9554f734/screenshot - {}
RESULT: {}
COMMAND: POST /session/6e56a133f2a8cc611653bc0e9554f734/element - {"using":"xpath","value":"//table[contains(@id, \"massStateChangeTable-listUl\")]/tbody/tr[1]/td[11]/div/div/div/div[2]/span"}
RESULT: {"using":"xpath","value":"//table[contains(@id, \"massStateChangeTable-listUl\")]/tbody/tr[1]/td[11]/div/div/div/div[2]/span"}
COMMAND: POST /session/6e56a133f2a8cc611653bc0e9554f734/element/f.5D45616469B704FE080150B53095EA48.d.AAECCF11A75A9E12535FA0A096EE8379.e.1195/click - {}
RESULT: {}
COMMAND: GET /session/6e56a133f2a8cc611653bc0e9554f734/screenshot - {}
RESULT: {}
COMMAND: POST /session/6e56a133f2a8cc611653bc0e9554f734/element - {"using":"xpath","value":"//table[contains(@id, \"massStateChangeTable-listUl\")]/tbody/tr[1]/td[11]/div/div/div/div[2]/span"}
RESULT: {"using":"xpath","value":"//table[contains(@id, \"massStateChangeTable-listUl\")]/tbody/tr[1]/td[11]/div/div/div/div[2]/span"}
COMMAND: POST /session/6e56a133f2a8cc611653bc0e9554f734/element/f.5D45616469B704FE080150B53095EA48.d.AAECCF11A75A9E12535FA0A096EE8379.e.1195/click - {}
RESULT: {}
COMMAND: GET /session/6e56a133f2a8cc611653bc0e9554f734/screenshot - {}
RESULT: {}
COMMAND: POST /session/6e56a133f2a8cc611653bc0e9554f734/element - {"using":"xpath","value":"//table[contains(@id, \"massStateChangeTable-listUl\")]/tbody/tr[1]/td[11]/div/div/div/div[2]/span"}
RESULT: {"using":"xpath","value":"//table[contains(@id, \"massStateChangeTable-listUl\")]/tbody/tr[1]/td[11]/div/div/div/div[2]/span"}
COMMAND: POST /session/6e56a133f2a8cc611653bc0e9554f734/element/f.5D45616469B704FE080150B53095EA48.d.AAECCF11A75A9E12535FA0A096EE8379.e.1195/click - {}
RESULT: {}
COMMAND: GET /session/6e56a133f2a8cc611653bc0e9554f734/screenshot - {}
RESULT: {}
COMMAND: POST /session/6e56a133f2a8cc611653bc0e9554f734/element - {"using":"xpath","value":"//table[contains(@id, \"massStateChangeTable-listUl\")]/tbody/tr[1]/td[11]/div/div/div/div[2]/span"}
RESULT: {"using":"xpath","value":"//table[contains(@id, \"massStateChangeTable-listUl\")]/tbody/tr[1]/td[11]/div/div/div/div[2]/span"}
COMMAND: POST /session/6e56a133f2a8cc611653bc0e9554f734/element/f.5D45616469B704FE080150B53095EA48.d.AAECCF11A75A9E12535FA0A096EE8379.e.1195/click - {}
RESULT: {}
COMMAND: GET /session/6e56a133f2a8cc611653bc0e9554f734/screenshot - {}
RESULT: {}
COMMAND: POST /session/6e56a133f2a8cc611653bc0e9554f734/element - {"using":"xpath","value":"//table[contains(@id, \"massStateChangeTable-listUl\")]/tbody/tr[1]/td[11]/div/div/div/div[2]/span"}
RESULT: {"using":"xpath","value":"//table[contains(@id, \"massStateChangeTable-listUl\")]/tbody/tr[1]/td[11]/div/div/div/div[2]/span"}
COMMAND: POST /session/6e56a133f2a8cc611653bc0e9554f734/element/f.5D45616469B704FE080150B53095EA48.d.AAECCF11A75A9E12535FA0A096EE8379.e.1195/click - {}
RESULT: {}
COMMAND: GET /session/6e56a133f2a8cc611653bc0e9554f734/screenshot - {}
RESULT: {}
COMMAND: POST /session/6e56a133f2a8cc611653bc0e9554f734/element - {"using":"xpath","value":"//table[contains(@id, \"massStateChangeTable-listUl\")]/tbody/tr[1]/td[11]/div/div/div/div[2]/span"}
RESULT: {"using":"xpath","value":"//table[contains(@id, \"massStateChangeTable-listUl\")]/tbody/tr[1]/td[11]/div/div/div/div[2]/span"}
COMMAND: POST /session/6e56a133f2a8cc611653bc0e9554f734/element/f.5D45616469B704FE080150B53095EA48.d.AAECCF11A75A9E12535FA0A096EE8379.e.1195/click - {}
RESULT: {}
COMMAND: GET /session/6e56a133f2a8cc611653bc0e9554f734/screenshot - {}
RESULT: {}
COMMAND: POST /session/6e56a133f2a8cc611653bc0e9554f734/element - {"using":"xpath","value":"//table[contains(@id, \"massStateChangeTable-listUl\")]/tbody/tr[1]/td[11]/div/div/div/div[2]/span"}
RESULT: {"using":"xpath","value":"//table[contains(@id, \"massStateChangeTable-listUl\")]/tbody/tr[1]/td[11]/div/div/div/div[2]/span"}
COMMAND: POST /session/6e56a133f2a8cc611653bc0e9554f734/element/f.5D45616469B704FE080150B53095EA48.d.AAECCF11A75A9E12535FA0A096EE8379.e.1195/click - {}
RESULT: {}
COMMAND: GET /session/6e56a133f2a8cc611653bc0e9554f734/screenshot - {}
RESULT: {}
COMMAND: POST /session/6e56a133f2a8cc611653bc0e9554f734/element - {"using":"xpath","value":"//table[contains(@id, \"massStateChangeTable-listUl\")]/tbody/tr[1]/td[11]/div/div/div/div[2]/span"}
RESULT: {"using":"xpath","value":"//table[contains(@id, \"massStateChangeTable-listUl\")]/tbody/tr[1]/td[11]/div/div/div/div[2]/span"}
COMMAND: POST /session/6e56a133f2a8cc611653bc0e9554f734/element/f.5D45616469B704FE080150B53095EA48.d.AAECCF11A75A9E12535FA0A096EE8379.e.1195/click - {}
RESULT: {}
COMMAND: GET /session/6e56a133f2a8cc611653bc0e9554f734/screenshot - {}
RESULT: {}
COMMAND: POST /session/6e56a133f2a8cc611653bc0e9554f734/element - {"using":"xpath","value":"//table[contains(@id, \"massStateChangeTable-listUl\")]/tbody/tr[1]/td[11]/div/div/div/div[2]/span"}
RESULT: {"using":"xpath","value":"//table[contains(@id, \"massStateChangeTable-listUl\")]/tbody/tr[1]/td[11]/div/div/div/div[2]/span"}
COMMAND: POST /session/6e56a133f2a8cc611653bc0e9554f734/element/f.5D45616469B704FE080150B53095EA48.d.AAECCF11A75A9E12535FA0A096EE8379.e.1195/click - {}
RESULT: {}
COMMAND: GET /session/6e56a133f2a8cc611653bc0e9554f734/screenshot - {}
RESULT: {}
COMMAND: POST /session/6e56a133f2a8cc611653bc0e9554f734/element - {"using":"xpath","value":"//table[contains(@id, \"massStateChangeTable-listUl\")]/tbody/tr[1]/td[11]/div/div/div/div[2]/span"}
RESULT: {"using":"xpath","value":"//table[contains(@id, \"massStateChangeTable-listUl\")]/tbody/tr[1]/td[11]/div/div/div/div[2]/span"}
COMMAND: POST /session/6e56a133f2a8cc611653bc0e9554f734/element/f.5D45616469B704FE080150B53095EA48.d.AAECCF11A75A9E12535FA0A096EE8379.e.1195/click - {}
RESULT: {}
COMMAND: GET /session/6e56a133f2a8cc611653bc0e9554f734/screenshot - {}
RESULT: {}
COMMAND: POST /session/6e56a133f2a8cc611653bc0e9554f734/element - {"using":"xpath","value":"//table[contains(@id, \"massStateChangeTable-listUl\")]/tbody/tr[1]/td[11]/div/div/div/div[2]/span"}
RESULT: {"using":"xpath","value":"//table[contains(@id, \"massStateChangeTable-listUl\")]/tbody/tr[1]/td[11]/div/div/div/div[2]/span"}
COMMAND: POST /session/6e56a133f2a8cc611653bc0e9554f734/element/f.5D45616469B704FE080150B53095EA48.d.AAECCF11A75A9E12535FA0A096EE8379.e.1195/click - {}
RESULT: {}
COMMAND: GET /session/6e56a133f2a8cc611653bc0e9554f734/screenshot - {}
RESULT: {}
COMMAND: POST /session/6e56a133f2a8cc611653bc0e9554f734/element - {"using":"xpath","value":"//table[contains(@id, \"massStateChangeTable-listUl\")]/tbody/tr[1]/td[11]/div/div/div/div[2]/span"}
RESULT: {"using":"xpath","value":"//table[contains(@id, \"massStateChangeTable-listUl\")]/tbody/tr[1]/td[11]/div/div/div/div[2]/span"}
COMMAND: POST /session/6e56a133f2a8cc611653bc0e9554f734/element/f.5D45616469B704FE080150B53095EA48.d.AAECCF11A75A9E12535FA0A096EE8379.e.1195/click - {}
RESULT: {}
COMMAND: GET /session/6e56a133f2a8cc611653bc0e9554f734/screenshot - {}
RESULT: {}
COMMAND: POST /session/6e56a133f2a8cc611653bc0e9554f734/element - {"using":"xpath","value":"//table[contains(@id, \"massStateChangeTable-listUl\")]/tbody/tr[1]/td[11]/div/div/div/div[2]/span"}
RESULT: {"using":"xpath","value":"//table[contains(@id, \"massStateChangeTable-listUl\")]/tbody/tr[1]/td[11]/div/div/div/div[2]/span"}
COMMAND: POST /session/6e56a133f2a8cc611653bc0e9554f734/element/f.5D45616469B704FE080150B53095EA48.d.AAECCF11A75A9E12535FA0A096EE8379.e.1195/click - {}
RESULT: {}
COMMAND: GET /session/6e56a133f2a8cc611653bc0e9554f734/screenshot - {}
RESULT: {}
COMMAND: POST /session/6e56a133f2a8cc611653bc0e9554f734/element - {"using":"xpath","value":"//table[contains(@id, \"massStateChangeTable-listUl\")]/tbody/tr[2]/td[11]/div/div/div/div[2]/span"}
RESULT: {"using":"xpath","value":"//table[contains(@id, \"massStateChangeTable-listUl\")]/tbody/tr[2]/td[11]/div/div/div/div[2]/span"}
COMMAND: POST /session/6e56a133f2a8cc611653bc0e9554f734/element/f.5D45616469B704FE080150B53095EA48.d.AAECCF11A75A9E12535FA0A096EE8379.e.1196/click - {}
RESULT: {}
COMMAND: GET /session/6e56a133f2a8cc611653bc0e9554f734/screenshot - {}
RESULT: {}
COMMAND: POST /session/6e56a133f2a8cc611653bc0e9554f734/element - {"using":"xpath","value":"//table[contains(@id, \"massStateChangeTable-listUl\")]/tbody/tr[1]/td[11]/div/div/div/input"}
RESULT: {"using":"xpath","value":"//table[contains(@id, \"massStateChangeTable-listUl\")]/tbody/tr[1]/td[11]/div/div/div/input"}
COMMAND: GET /session/6e56a133f2a8cc611653bc0e9554f734/element/f.5D45616469B704FE080150B53095EA48.d.AAECCF11A75A9E12535FA0A096EE8379.e.1175/property/value - {}
RESULT: {}
COMMAND: POST /session/6e56a133f2a8cc611653bc0e9554f734/element - {"using":"xpath","value":"//table[contains(@id, \"massStateChangeTable-listUl\")]/tbody/tr[2]/td[11]/div/div/div/input"}
COMMAND: GET /session/6e56a133f2a8cc611653bc0e9554f734/screenshot - {}
RESULT: {"using":"xpath","value":"//table[contains(@id, \"massStateChangeTable-listUl\")]/tbody/tr[2]/td[11]/div/div/div/input"}
COMMAND: GET /session/6e56a133f2a8cc611653bc0e9554f734/element/f.5D45616469B704FE080150B53095EA48.d.AAECCF11A75A9E12535FA0A096EE8379.e.1179/property/value - {}
RESULT: {}
RESULT: {}
COMMAND: POST /session/6e56a133f2a8cc611653bc0e9554f734/element - {"using":"xpath","value":"(//bdi[contains(text(), \"OK\")])[1]"}
COMMAND: GET /session/6e56a133f2a8cc611653bc0e9554f734/screenshot - {}
RESULT: {"using":"xpath","value":"(//bdi[contains(text(), \"OK\")])[1]"}
COMMAND: POST /session/6e56a133f2a8cc611653bc0e9554f734/element/f.5D45616469B704FE080150B53095EA48.d.AAECCF11A75A9E12535FA0A096EE8379.e.1182/click - {}
RESULT: {}
RESULT: {}
COMMAND: GET /session/6e56a133f2a8cc611653bc0e9554f734/screenshot - {}
RESULT: {}
COMMAND: POST /session/6e56a133f2a8cc611653bc0e9554f734/element - {"using":"xpath","value":"(//bdi[contains(text(), \"OK\")])[2]"}
RESULT: {"using":"xpath","value":"(//bdi[contains(text(), \"OK\")])[2]"}
COMMAND: POST /session/6e56a133f2a8cc611653bc0e9554f734/element/f.5D45616469B704FE080150B53095EA48.d.AAECCF11A75A9E12535FA0A096EE8379.e.1199/click - {}
RESULT: {}
COMMAND: GET /session/6e56a133f2a8cc611653bc0e9554f734/screenshot - {}
RESULT: {}
RESULT: undefined
COMMAND: POST /session/6e56a133f2a8cc611653bc0e9554f734/execute/async - {"script":"<script> [776 bytes]","args":[{"enterText":"600002","selector":{"id":"application-ruinventorylist-display-component---Master--smartFilterBar-btnBasicSearch","interaction":{"idSuffix":"I"}},"clearTextFirst":true,"interactionType":"ENTER_TEXT"}]}
RESULT: {"script":"<script> [776 bytes]","args":[{"enterText":"600002","selector":{"id":"application-ruinventorylist-display-component---Master--smartFilterBar-btnBasicSearch","interaction":{"idSuffix":"I"}},"clearTextFirst":true,"interactionType":"ENTER_TEXT"}]}
COMMAND: POST /session/6e56a133f2a8cc611653bc0e9554f734/actions - {"actions":[{"id":"action5","type":"key","parameters":{},"actions":[{"type":"keyDown","value":"î€‡"},{"type":"pause","duration":10},{"type":"keyUp","value":"î€‡"}]}]}
RESULT: {"actions":[{"id":"action5","type":"key","parameters":{},"actions":[{"type":"keyDown","value":"î€‡"},{"type":"pause","duration":10},{"type":"keyUp","value":"î€‡"}]}]}
COMMAND: GET /session/6e56a133f2a8cc611653bc0e9554f734/screenshot - {}
RESULT: {}
COMMAND: POST /session/6e56a133f2a8cc611653bc0e9554f734/element - {"using":"xpath","value":"//span[@id=\"application-ruinventorylist-display-component---Master--smartTableRuInventoryList-header-inner\"]"}
RESULT: {"using":"xpath","value":"//span[@id=\"application-ruinventorylist-display-component---Master--smartTableRuInventoryList-header-inner\"]"}
COMMAND: POST /session/6e56a133f2a8cc611653bc0e9554f734/elements - {"using":"xpath","value":"//span[@id=\"application-ruinventorylist-display-component---Master--smartTableRuInventoryList-header-inner\"]"}
RESULT: {"using":"xpath","value":"//span[@id=\"application-ruinventorylist-display-component---Master--smartTableRuInventoryList-header-inner\"]"}
COMMAND: POST /session/6e56a133f2a8cc611653bc0e9554f734/execute/sync - {"script":"<script> [56 bytes]","args":[{"element-6066-11e4-a52e-4f735466cecf":"f.5D45616469B704FE080150B53095EA48.d.AAECCF11A75A9E12535FA0A096EE8379.e.884","ELEMENT":"f.5D45616469B704FE080150B53095EA48.d.AAECCF11A75A9E12535FA0A096EE8379.e.884"}]}
RESULT: {"script":"<script> [56 bytes]","args":[{"element-6066-11e4-a52e-4f735466cecf":"f.5D45616469B704FE080150B53095EA48.d.AAECCF11A75A9E12535FA0A096EE8379.e.884","ELEMENT":"f.5D45616469B704FE080150B53095EA48.d.AAECCF11A75A9E12535FA0A096EE8379.e.884"}]}
COMMAND: POST /session/6e56a133f2a8cc611653bc0e9554f734/element - {"using":"xpath","value":"//table[contains(@id, \"application-ruinventorylist-display-component---Master--tableRuInventoryList-listUl\")]/tbody/tr[1]/td[6]/div/span"}
COMMAND: GET /session/6e56a133f2a8cc611653bc0e9554f734/screenshot - {}
RESULT: {"using":"xpath","value":"//table[contains(@id, \"application-ruinventorylist-display-component---Master--tableRuInventoryList-listUl\")]/tbody/tr[1]/td[6]/div/span"}
COMMAND: POST /session/6e56a133f2a8cc611653bc0e9554f734/execute/sync - {"script":"<script> [56 bytes]","args":[{"element-6066-11e4-a52e-4f735466cecf":"f.5D45616469B704FE080150B53095EA48.d.AAECCF11A75A9E12535FA0A096EE8379.e.1217","ELEMENT":"f.5D45616469B704FE080150B53095EA48.d.AAECCF11A75A9E12535FA0A096EE8379.e.1217"}]}
RESULT: {}
RESULT: {"script":"<script> [56 bytes]","args":[{"element-6066-11e4-a52e-4f735466cecf":"f.5D45616469B704FE080150B53095EA48.d.AAECCF11A75A9E12535FA0A096EE8379.e.1217","ELEMENT":"f.5D45616469B704FE080150B53095EA48.d.AAECCF11A75A9E12535FA0A096EE8379.e.1217"}]}
COMMAND: POST /session/6e56a133f2a8cc611653bc0e9554f734/element - {"using":"xpath","value":"//div[contains(@id, \"smartFilterBar-btnBasicSearch-reset\")]"}
COMMAND: GET /session/6e56a133f2a8cc611653bc0e9554f734/screenshot - {}
RESULT: {"using":"xpath","value":"//div[contains(@id, \"smartFilterBar-btnBasicSearch-reset\")]"}
COMMAND: POST /session/6e56a133f2a8cc611653bc0e9554f734/element/f.5D45616469B704FE080150B53095EA48.d.AAECCF11A75A9E12535FA0A096EE8379.e.902/click - {}
RESULT: {}
RESULT: {}
COMMAND: GET /session/6e56a133f2a8cc611653bc0e9554f734/screenshot - {}
RESULT: {}
RESULT: undefined
COMMAND: POST /session/6e56a133f2a8cc611653bc0e9554f734/execute/async - {"script":"<script> [776 bytes]","args":[{"enterText":"401002","selector":{"id":"application-ruinventorylist-display-component---Master--smartFilterBar-btnBasicSearch","interaction":{"idSuffix":"I"}},"clearTextFirst":true,"interactionType":"ENTER_TEXT"}]}
RESULT: {"script":"<script> [776 bytes]","args":[{"enterText":"401002","selector":{"id":"application-ruinventorylist-display-component---Master--smartFilterBar-btnBasicSearch","interaction":{"idSuffix":"I"}},"clearTextFirst":true,"interactionType":"ENTER_TEXT"}]}
COMMAND: POST /session/6e56a133f2a8cc611653bc0e9554f734/actions - {"actions":[{"id":"action6","type":"key","parameters":{},"actions":[{"type":"keyDown","value":"î€‡"},{"type":"pause","duration":10},{"type":"keyUp","value":"î€‡"}]}]}
RESULT: {"actions":[{"id":"action6","type":"key","parameters":{},"actions":[{"type":"keyDown","value":"î€‡"},{"type":"pause","duration":10},{"type":"keyUp","value":"î€‡"}]}]}
COMMAND: GET /session/6e56a133f2a8cc611653bc0e9554f734/screenshot - {}
RESULT: {}
COMMAND: POST /session/6e56a133f2a8cc611653bc0e9554f734/element - {"using":"xpath","value":"//span[@id=\"application-ruinventorylist-display-component---Master--smartTableRuInventoryList-header-inner\"]"}
RESULT: {"using":"xpath","value":"//span[@id=\"application-ruinventorylist-display-component---Master--smartTableRuInventoryList-header-inner\"]"}
COMMAND: POST /session/6e56a133f2a8cc611653bc0e9554f734/elements - {"using":"xpath","value":"//span[@id=\"application-ruinventorylist-display-component---Master--smartTableRuInventoryList-header-inner\"]"}
RESULT: {"using":"xpath","value":"//span[@id=\"application-ruinventorylist-display-component---Master--smartTableRuInventoryList-header-inner\"]"}
COMMAND: POST /session/6e56a133f2a8cc611653bc0e9554f734/execute/sync - {"script":"<script> [56 bytes]","args":[{"element-6066-11e4-a52e-4f735466cecf":"f.5D45616469B704FE080150B53095EA48.d.AAECCF11A75A9E12535FA0A096EE8379.e.884","ELEMENT":"f.5D45616469B704FE080150B53095EA48.d.AAECCF11A75A9E12535FA0A096EE8379.e.884"}]}
RESULT: {"script":"<script> [56 bytes]","args":[{"element-6066-11e4-a52e-4f735466cecf":"f.5D45616469B704FE080150B53095EA48.d.AAECCF11A75A9E12535FA0A096EE8379.e.884","ELEMENT":"f.5D45616469B704FE080150B53095EA48.d.AAECCF11A75A9E12535FA0A096EE8379.e.884"}]}
COMMAND: POST /session/6e56a133f2a8cc611653bc0e9554f734/element - {"using":"xpath","value":"//table[contains(@id, \"application-ruinventorylist-display-component---Master--tableRuInventoryList-listUl\")]/tbody/tr[1]/td[6]/div/span"}
COMMAND: GET /session/6e56a133f2a8cc611653bc0e9554f734/screenshot - {}
RESULT: {"using":"xpath","value":"//table[contains(@id, \"application-ruinventorylist-display-component---Master--tableRuInventoryList-listUl\")]/tbody/tr[1]/td[6]/div/span"}
COMMAND: POST /session/6e56a133f2a8cc611653bc0e9554f734/execute/sync - {"script":"<script> [56 bytes]","args":[{"element-6066-11e4-a52e-4f735466cecf":"f.5D45616469B704FE080150B53095EA48.d.AAECCF11A75A9E12535FA0A096EE8379.e.1298","ELEMENT":"f.5D45616469B704FE080150B53095EA48.d.AAECCF11A75A9E12535FA0A096EE8379.e.1298"}]}
RESULT: {}
RESULT: {"script":"<script> [56 bytes]","args":[{"element-6066-11e4-a52e-4f735466cecf":"f.5D45616469B704FE080150B53095EA48.d.AAECCF11A75A9E12535FA0A096EE8379.e.1298","ELEMENT":"f.5D45616469B704FE080150B53095EA48.d.AAECCF11A75A9E12535FA0A096EE8379.e.1298"}]}
COMMAND: POST /session/6e56a133f2a8cc611653bc0e9554f734/element - {"using":"xpath","value":"//div[contains(@id, \"smartFilterBar-btnBasicSearch-reset\")]"}
COMMAND: GET /session/6e56a133f2a8cc611653bc0e9554f734/screenshot - {}
RESULT: {"using":"xpath","value":"//div[contains(@id, \"smartFilterBar-btnBasicSearch-reset\")]"}
COMMAND: POST /session/6e56a133f2a8cc611653bc0e9554f734/element/f.5D45616469B704FE080150B53095EA48.d.AAECCF11A75A9E12535FA0A096EE8379.e.902/click - {}
RESULT: {}
RESULT: {}
COMMAND: GET /session/6e56a133f2a8cc611653bc0e9554f734/screenshot - {}
RESULT: {}
COMMAND: POST /session/6e56a133f2a8cc611653bc0e9554f734/element/f.5D45616469B704FE080150B53095EA48.d.AAECCF11A75A9E12535FA0A096EE8379.e.324/click - {}
RESULT: {}
COMMAND: GET /session/6e56a133f2a8cc611653bc0e9554f734/screenshot - {}
RESULT: {}
RESULT: undefined
COMMAND: POST /session/6e56a133f2a8cc611653bc0e9554f734/execute/async - {"script":"<script> [776 bytes]","args":[{"enterText":"600002","selector":{"id":"application-ruinventorylist-display-component---Master--smartFilterBar-btnBasicSearch","interaction":{"idSuffix":"I"}},"clearTextFirst":true,"interactionType":"ENTER_TEXT"}]}
RESULT: {"script":"<script> [776 bytes]","args":[{"enterText":"600002","selector":{"id":"application-ruinventorylist-display-component---Master--smartFilterBar-btnBasicSearch","interaction":{"idSuffix":"I"}},"clearTextFirst":true,"interactionType":"ENTER_TEXT"}]}
COMMAND: POST /session/6e56a133f2a8cc611653bc0e9554f734/actions - {"actions":[{"id":"action7","type":"key","parameters":{},"actions":[{"type":"keyDown","value":"î€‡"},{"type":"pause","duration":10},{"type":"keyUp","value":"î€‡"}]}]}
RESULT: {"actions":[{"id":"action7","type":"key","parameters":{},"actions":[{"type":"keyDown","value":"î€‡"},{"type":"pause","duration":10},{"type":"keyUp","value":"î€‡"}]}]}
COMMAND: GET /session/6e56a133f2a8cc611653bc0e9554f734/screenshot - {}
RESULT: {}
COMMAND: POST /session/6e56a133f2a8cc611653bc0e9554f734/element - {"using":"xpath","value":"//span[@id=\"application-ruinventorylist-display-component---Master--smartTableRuInventoryList-header-inner\"]"}
RESULT: {"using":"xpath","value":"//span[@id=\"application-ruinventorylist-display-component---Master--smartTableRuInventoryList-header-inner\"]"}
COMMAND: POST /session/6e56a133f2a8cc611653bc0e9554f734/elements - {"using":"xpath","value":"//span[@id=\"application-ruinventorylist-display-component---Master--smartTableRuInventoryList-header-inner\"]"}
RESULT: {"using":"xpath","value":"//span[@id=\"application-ruinventorylist-display-component---Master--smartTableRuInventoryList-header-inner\"]"}
COMMAND: POST /session/6e56a133f2a8cc611653bc0e9554f734/execute/sync - {"script":"<script> [56 bytes]","args":[{"element-6066-11e4-a52e-4f735466cecf":"f.5D45616469B704FE080150B53095EA48.d.AAECCF11A75A9E12535FA0A096EE8379.e.884","ELEMENT":"f.5D45616469B704FE080150B53095EA48.d.AAECCF11A75A9E12535FA0A096EE8379.e.884"}]}
RESULT: {"script":"<script> [56 bytes]","args":[{"element-6066-11e4-a52e-4f735466cecf":"f.5D45616469B704FE080150B53095EA48.d.AAECCF11A75A9E12535FA0A096EE8379.e.884","ELEMENT":"f.5D45616469B704FE080150B53095EA48.d.AAECCF11A75A9E12535FA0A096EE8379.e.884"}]}
COMMAND: POST /session/6e56a133f2a8cc611653bc0e9554f734/element - {"using":"xpath","value":"//table[contains(@id, \"application-ruinventorylist-display-component---Master--tableRuInventoryList-listUl\")]/tbody/tr[1]/td[2]/div/div"}
COMMAND: GET /session/6e56a133f2a8cc611653bc0e9554f734/screenshot - {}
RESULT: {"using":"xpath","value":"//table[contains(@id, \"application-ruinventorylist-display-component---Master--tableRuInventoryList-listUl\")]/tbody/tr[1]/td[2]/div/div"}
COMMAND: POST /session/6e56a133f2a8cc611653bc0e9554f734/element/f.5D45616469B704FE080150B53095EA48.d.AAECCF11A75A9E12535FA0A096EE8379.e.1542/click - {}
RESULT: {}
RESULT: {}
COMMAND: GET /session/6e56a133f2a8cc611653bc0e9554f734/screenshot - {}
RESULT: {}
COMMAND: POST /session/6e56a133f2a8cc611653bc0e9554f734/element - {"using":"xpath","value":"//div[contains(@id, \"smartFilterBar-btnBasicSearch-reset\")]"}
RESULT: {"using":"xpath","value":"//div[contains(@id, \"smartFilterBar-btnBasicSearch-reset\")]"}
COMMAND: POST /session/6e56a133f2a8cc611653bc0e9554f734/element/f.5D45616469B704FE080150B53095EA48.d.AAECCF11A75A9E12535FA0A096EE8379.e.902/click - {}
RESULT: {}
COMMAND: GET /session/6e56a133f2a8cc611653bc0e9554f734/screenshot - {}
RESULT: {}
RESULT: undefined
COMMAND: POST /session/6e56a133f2a8cc611653bc0e9554f734/execute/async - {"script":"<script> [776 bytes]","args":[{"enterText":"401002","selector":{"id":"application-ruinventorylist-display-component---Master--smartFilterBar-btnBasicSearch","interaction":{"idSuffix":"I"}},"clearTextFirst":true,"interactionType":"ENTER_TEXT"}]}
RESULT: {"script":"<script> [776 bytes]","args":[{"enterText":"401002","selector":{"id":"application-ruinventorylist-display-component---Master--smartFilterBar-btnBasicSearch","interaction":{"idSuffix":"I"}},"clearTextFirst":true,"interactionType":"ENTER_TEXT"}]}
COMMAND: POST /session/6e56a133f2a8cc611653bc0e9554f734/actions - {"actions":[{"id":"action8","type":"key","parameters":{},"actions":[{"type":"keyDown","value":"î€‡"},{"type":"pause","duration":10},{"type":"keyUp","value":"î€‡"}]}]}
RESULT: {"actions":[{"id":"action8","type":"key","parameters":{},"actions":[{"type":"keyDown","value":"î€‡"},{"type":"pause","duration":10},{"type":"keyUp","value":"î€‡"}]}]}
COMMAND: GET /session/6e56a133f2a8cc611653bc0e9554f734/screenshot - {}
RESULT: {}
COMMAND: POST /session/6e56a133f2a8cc611653bc0e9554f734/element - {"using":"xpath","value":"//span[@id=\"application-ruinventorylist-display-component---Master--smartTableRuInventoryList-header-inner\"]"}
RESULT: {"using":"xpath","value":"//span[@id=\"application-ruinventorylist-display-component---Master--smartTableRuInventoryList-header-inner\"]"}
COMMAND: POST /session/6e56a133f2a8cc611653bc0e9554f734/elements - {"using":"xpath","value":"//span[@id=\"application-ruinventorylist-display-component---Master--smartTableRuInventoryList-header-inner\"]"}
RESULT: {"using":"xpath","value":"//span[@id=\"application-ruinventorylist-display-component---Master--smartTableRuInventoryList-header-inner\"]"}
COMMAND: POST /session/6e56a133f2a8cc611653bc0e9554f734/execute/sync - {"script":"<script> [56 bytes]","args":[{"element-6066-11e4-a52e-4f735466cecf":"f.5D45616469B704FE080150B53095EA48.d.AAECCF11A75A9E12535FA0A096EE8379.e.884","ELEMENT":"f.5D45616469B704FE080150B53095EA48.d.AAECCF11A75A9E12535FA0A096EE8379.e.884"}]}
RESULT: {"script":"<script> [56 bytes]","args":[{"element-6066-11e4-a52e-4f735466cecf":"f.5D45616469B704FE080150B53095EA48.d.AAECCF11A75A9E12535FA0A096EE8379.e.884","ELEMENT":"f.5D45616469B704FE080150B53095EA48.d.AAECCF11A75A9E12535FA0A096EE8379.e.884"}]}
COMMAND: POST /session/6e56a133f2a8cc611653bc0e9554f734/element - {"using":"xpath","value":"//table[contains(@id, \"application-ruinventorylist-display-component---Master--tableRuInventoryList-listUl\")]/tbody/tr[1]/td[2]/div/div"}
COMMAND: GET /session/6e56a133f2a8cc611653bc0e9554f734/screenshot - {}
RESULT: {"using":"xpath","value":"//table[contains(@id, \"application-ruinventorylist-display-component---Master--tableRuInventoryList-listUl\")]/tbody/tr[1]/td[2]/div/div"}
COMMAND: POST /session/6e56a133f2a8cc611653bc0e9554f734/element/f.5D45616469B704FE080150B53095EA48.d.AAECCF11A75A9E12535FA0A096EE8379.e.1682/click - {}
RESULT: {}
RESULT: {}
COMMAND: GET /session/6e56a133f2a8cc611653bc0e9554f734/screenshot - {}
RESULT: {}
COMMAND: POST /session/6e56a133f2a8cc611653bc0e9554f734/element - {"using":"xpath","value":"//div[contains(@id, \"smartFilterBar-btnBasicSearch-reset\")]"}
RESULT: {"using":"xpath","value":"//div[contains(@id, \"smartFilterBar-btnBasicSearch-reset\")]"}
COMMAND: POST /session/6e56a133f2a8cc611653bc0e9554f734/element/f.5D45616469B704FE080150B53095EA48.d.AAECCF11A75A9E12535FA0A096EE8379.e.902/click - {}
RESULT: {}
COMMAND: GET /session/6e56a133f2a8cc611653bc0e9554f734/screenshot - {}
RESULT: {}
COMMAND: POST /session/6e56a133f2a8cc611653bc0e9554f734/element/f.5D45616469B704FE080150B53095EA48.d.AAECCF11A75A9E12535FA0A096EE8379.e.324/click - {}
RESULT: {}
COMMAND: GET /session/6e56a133f2a8cc611653bc0e9554f734/screenshot - {}
RESULT: {}
RESULT: undefined
COMMAND: POST /session/6e56a133f2a8cc611653bc0e9554f734/element - {"using":"xpath","value":"//*[@id=\"application-ruinventorylist-display-component---Master--ruStateTypes-arrow\"]"}
RESULT: {"using":"xpath","value":"//*[@id=\"application-ruinventorylist-display-component---Master--ruStateTypes-arrow\"]"}
COMMAND: POST /session/6e56a133f2a8cc611653bc0e9554f734/element/f.5D45616469B704FE080150B53095EA48.d.AAECCF11A75A9E12535FA0A096EE8379.e.1834/click - {}
RESULT: {}
COMMAND: GET /session/6e56a133f2a8cc611653bc0e9554f734/screenshot - {}
RESULT: {}
COMMAND: POST /session/6e56a133f2a8cc611653bc0e9554f734/element - {"using":"xpath","value":"//li[.//span[text()=\"available\"]]"}
RESULT: {"using":"xpath","value":"//li[.//span[text()=\"available\"]]"}
COMMAND: POST /session/6e56a133f2a8cc611653bc0e9554f734/element/f.5D45616469B704FE080150B53095EA48.d.AAECCF11A75A9E12535FA0A096EE8379.e.1835/click - {}
RESULT: {}
COMMAND: GET /session/6e56a133f2a8cc611653bc0e9554f734/screenshot - {}
RESULT: {}
COMMAND: POST /session/6e56a133f2a8cc611653bc0e9554f734/element - {"using":"xpath","value":"(//bdi[contains(text(), \"OK\")])[1]"}
RESULT: {"using":"xpath","value":"(//bdi[contains(text(), \"OK\")])[1]"}
COMMAND: POST /session/6e56a133f2a8cc611653bc0e9554f734/element/f.5D45616469B704FE080150B53095EA48.d.AAECCF11A75A9E12535FA0A096EE8379.e.1836/click - {}
RESULT: {}
COMMAND: GET /session/6e56a133f2a8cc611653bc0e9554f734/screenshot - {}
RESULT: {}
COMMAND: POST /session/6e56a133f2a8cc611653bc0e9554f734/element - {"using":"xpath","value":"(//bdi[contains(text(), \"OK\")])[2]"}
RESULT: {"using":"xpath","value":"(//bdi[contains(text(), \"OK\")])[2]"}
COMMAND: POST /session/6e56a133f2a8cc611653bc0e9554f734/element/f.5D45616469B704FE080150B53095EA48.d.AAECCF11A75A9E12535FA0A096EE8379.e.1840/click - {}
RESULT: {}
COMMAND: GET /session/6e56a133f2a8cc611653bc0e9554f734/screenshot - {}
RESULT: {}
RESULT: undefined
COMMAND: POST /session/6e56a133f2a8cc611653bc0e9554f734/execute/async - {"script":"<script> [776 bytes]","args":[{"enterText":"600002","selector":{"id":"application-ruinventorylist-display-component---Master--smartFilterBar-btnBasicSearch","interaction":{"idSuffix":"I"}},"clearTextFirst":true,"interactionType":"ENTER_TEXT"}]}
RESULT: {"script":"<script> [776 bytes]","args":[{"enterText":"600002","selector":{"id":"application-ruinventorylist-display-component---Master--smartFilterBar-btnBasicSearch","interaction":{"idSuffix":"I"}},"clearTextFirst":true,"interactionType":"ENTER_TEXT"}]}
COMMAND: POST /session/6e56a133f2a8cc611653bc0e9554f734/actions - {"actions":[{"id":"action9","type":"key","parameters":{},"actions":[{"type":"keyDown","value":"î€‡"},{"type":"pause","duration":10},{"type":"keyUp","value":"î€‡"}]}]}
RESULT: {"actions":[{"id":"action9","type":"key","parameters":{},"actions":[{"type":"keyDown","value":"î€‡"},{"type":"pause","duration":10},{"type":"keyUp","value":"î€‡"}]}]}
COMMAND: GET /session/6e56a133f2a8cc611653bc0e9554f734/screenshot - {}
RESULT: {}
COMMAND: POST /session/6e56a133f2a8cc611653bc0e9554f734/element - {"using":"xpath","value":"//span[@id=\"application-ruinventorylist-display-component---Master--smartTableRuInventoryList-header-inner\"]"}
RESULT: {"using":"xpath","value":"//span[@id=\"application-ruinventorylist-display-component---Master--smartTableRuInventoryList-header-inner\"]"}
COMMAND: POST /session/6e56a133f2a8cc611653bc0e9554f734/elements - {"using":"xpath","value":"//span[@id=\"application-ruinventorylist-display-component---Master--smartTableRuInventoryList-header-inner\"]"}
RESULT: {"using":"xpath","value":"//span[@id=\"application-ruinventorylist-display-component---Master--smartTableRuInventoryList-header-inner\"]"}
COMMAND: POST /session/6e56a133f2a8cc611653bc0e9554f734/execute/sync - {"script":"<script> [56 bytes]","args":[{"element-6066-11e4-a52e-4f735466cecf":"f.5D45616469B704FE080150B53095EA48.d.AAECCF11A75A9E12535FA0A096EE8379.e.884","ELEMENT":"f.5D45616469B704FE080150B53095EA48.d.AAECCF11A75A9E12535FA0A096EE8379.e.884"}]}
RESULT: {"script":"<script> [56 bytes]","args":[{"element-6066-11e4-a52e-4f735466cecf":"f.5D45616469B704FE080150B53095EA48.d.AAECCF11A75A9E12535FA0A096EE8379.e.884","ELEMENT":"f.5D45616469B704FE080150B53095EA48.d.AAECCF11A75A9E12535FA0A096EE8379.e.884"}]}
COMMAND: POST /session/6e56a133f2a8cc611653bc0e9554f734/element - {"using":"xpath","value":"//table[contains(@id, \"application-ruinventorylist-display-component---Master--tableRuInventoryList-listUl\")]/tbody/tr[1]/td[6]/div/span"}
COMMAND: GET /session/6e56a133f2a8cc611653bc0e9554f734/screenshot - {}
RESULT: {"using":"xpath","value":"//table[contains(@id, \"application-ruinventorylist-display-component---Master--tableRuInventoryList-listUl\")]/tbody/tr[1]/td[6]/div/span"}
COMMAND: POST /session/6e56a133f2a8cc611653bc0e9554f734/execute/sync - {"script":"<script> [56 bytes]","args":[{"element-6066-11e4-a52e-4f735466cecf":"f.5D45616469B704FE080150B53095EA48.d.AAECCF11A75A9E12535FA0A096EE8379.e.1859","ELEMENT":"f.5D45616469B704FE080150B53095EA48.d.AAECCF11A75A9E12535FA0A096EE8379.e.1859"}]}
RESULT: {}
RESULT: {"script":"<script> [56 bytes]","args":[{"element-6066-11e4-a52e-4f735466cecf":"f.5D45616469B704FE080150B53095EA48.d.AAECCF11A75A9E12535FA0A096EE8379.e.1859","ELEMENT":"f.5D45616469B704FE080150B53095EA48.d.AAECCF11A75A9E12535FA0A096EE8379.e.1859"}]}
COMMAND: POST /session/6e56a133f2a8cc611653bc0e9554f734/element - {"using":"xpath","value":"//div[contains(@id, \"smartFilterBar-btnBasicSearch-reset\")]"}
COMMAND: GET /session/6e56a133f2a8cc611653bc0e9554f734/screenshot - {}
RESULT: {"using":"xpath","value":"//div[contains(@id, \"smartFilterBar-btnBasicSearch-reset\")]"}
COMMAND: POST /session/6e56a133f2a8cc611653bc0e9554f734/element/f.5D45616469B704FE080150B53095EA48.d.AAECCF11A75A9E12535FA0A096EE8379.e.902/click - {}
RESULT: {}
RESULT: {}
COMMAND: GET /session/6e56a133f2a8cc611653bc0e9554f734/screenshot - {}
RESULT: {}
RESULT: undefined
COMMAND: POST /session/6e56a133f2a8cc611653bc0e9554f734/execute/async - {"script":"<script> [776 bytes]","args":[{"enterText":"401002","selector":{"id":"application-ruinventorylist-display-component---Master--smartFilterBar-btnBasicSearch","interaction":{"idSuffix":"I"}},"clearTextFirst":true,"interactionType":"ENTER_TEXT"}]}
RESULT: {"script":"<script> [776 bytes]","args":[{"enterText":"401002","selector":{"id":"application-ruinventorylist-display-component---Master--smartFilterBar-btnBasicSearch","interaction":{"idSuffix":"I"}},"clearTextFirst":true,"interactionType":"ENTER_TEXT"}]}
COMMAND: POST /session/6e56a133f2a8cc611653bc0e9554f734/actions - {"actions":[{"id":"action10","type":"key","parameters":{},"actions":[{"type":"keyDown","value":"î€‡"},{"type":"pause","duration":10},{"type":"keyUp","value":"î€‡"}]}]}
RESULT: {"actions":[{"id":"action10","type":"key","parameters":{},"actions":[{"type":"keyDown","value":"î€‡"},{"type":"pause","duration":10},{"type":"keyUp","value":"î€‡"}]}]}
COMMAND: GET /session/6e56a133f2a8cc611653bc0e9554f734/screenshot - {}
RESULT: {}
COMMAND: POST /session/6e56a133f2a8cc611653bc0e9554f734/element - {"using":"xpath","value":"//span[@id=\"application-ruinventorylist-display-component---Master--smartTableRuInventoryList-header-inner\"]"}
RESULT: {"using":"xpath","value":"//span[@id=\"application-ruinventorylist-display-component---Master--smartTableRuInventoryList-header-inner\"]"}
COMMAND: POST /session/6e56a133f2a8cc611653bc0e9554f734/elements - {"using":"xpath","value":"//span[@id=\"application-ruinventorylist-display-component---Master--smartTableRuInventoryList-header-inner\"]"}
RESULT: {"using":"xpath","value":"//span[@id=\"application-ruinventorylist-display-component---Master--smartTableRuInventoryList-header-inner\"]"}
COMMAND: POST /session/6e56a133f2a8cc611653bc0e9554f734/execute/sync - {"script":"<script> [56 bytes]","args":[{"element-6066-11e4-a52e-4f735466cecf":"f.5D45616469B704FE080150B53095EA48.d.AAECCF11A75A9E12535FA0A096EE8379.e.884","ELEMENT":"f.5D45616469B704FE080150B53095EA48.d.AAECCF11A75A9E12535FA0A096EE8379.e.884"}]}
RESULT: {"script":"<script> [56 bytes]","args":[{"element-6066-11e4-a52e-4f735466cecf":"f.5D45616469B704FE080150B53095EA48.d.AAECCF11A75A9E12535FA0A096EE8379.e.884","ELEMENT":"f.5D45616469B704FE080150B53095EA48.d.AAECCF11A75A9E12535FA0A096EE8379.e.884"}]}
COMMAND: POST /session/6e56a133f2a8cc611653bc0e9554f734/element - {"using":"xpath","value":"//table[contains(@id, \"application-ruinventorylist-display-component---Master--tableRuInventoryList-listUl\")]/tbody/tr[1]/td[6]/div/span"}
COMMAND: GET /session/6e56a133f2a8cc611653bc0e9554f734/screenshot - {}
RESULT: {"using":"xpath","value":"//table[contains(@id, \"application-ruinventorylist-display-component---Master--tableRuInventoryList-listUl\")]/tbody/tr[1]/td[6]/div/span"}
COMMAND: POST /session/6e56a133f2a8cc611653bc0e9554f734/execute/sync - {"script":"<script> [56 bytes]","args":[{"element-6066-11e4-a52e-4f735466cecf":"f.5D45616469B704FE080150B53095EA48.d.AAECCF11A75A9E12535FA0A096EE8379.e.1938","ELEMENT":"f.5D45616469B704FE080150B53095EA48.d.AAECCF11A75A9E12535FA0A096EE8379.e.1938"}]}
RESULT: {}
RESULT: {"script":"<script> [56 bytes]","args":[{"element-6066-11e4-a52e-4f735466cecf":"f.5D45616469B704FE080150B53095EA48.d.AAECCF11A75A9E12535FA0A096EE8379.e.1938","ELEMENT":"f.5D45616469B704FE080150B53095EA48.d.AAECCF11A75A9E12535FA0A096EE8379.e.1938"}]}
COMMAND: POST /session/6e56a133f2a8cc611653bc0e9554f734/element - {"using":"xpath","value":"//div[contains(@id, \"smartFilterBar-btnBasicSearch-reset\")]"}
COMMAND: GET /session/6e56a133f2a8cc611653bc0e9554f734/screenshot - {}
RESULT: {"using":"xpath","value":"//div[contains(@id, \"smartFilterBar-btnBasicSearch-reset\")]"}
COMMAND: POST /session/6e56a133f2a8cc611653bc0e9554f734/element/f.5D45616469B704FE080150B53095EA48.d.AAECCF11A75A9E12535FA0A096EE8379.e.902/click - {}
RESULT: {}
RESULT: {}
COMMAND: GET /session/6e56a133f2a8cc611653bc0e9554f734/screenshot - {}
RESULT: {}
COMMAND: POST /session/6e56a133f2a8cc611653bc0e9554f734/element - {"using":"css selector","value":"#shell-header-logo"}
RESULT: {"using":"css selector","value":"#shell-header-logo"}
COMMAND: POST /session/6e56a133f2a8cc611653bc0e9554f734/element/f.5D45616469B704FE080150B53095EA48.d.AAECCF11A75A9E12535FA0A096EE8379.e.286/click - {}
RESULT: {}
COMMAND: GET /session/6e56a133f2a8cc611653bc0e9554f734/screenshot - {}
RESULT: {}
]]></system-out>
    </testcase>
    <testcase classname="chrome.135_0_7049_96.windows.RU_Inventory_Mass_State_Change_Multiple_Items_US151066" name="Prerequisite Step 2 Should create a new equipment" time="133.094">
      <system-out><![CDATA[
COMMAND: POST /session/6e56a133f2a8cc611653bc0e9554f734/execute/async - {"script":"<script> [1562 bytes]","args":[{"selector":{"controlType":"sap.m.GenericTile","properties":{"header":"Manage Resources"}},"wdio_ui5_key":"sapm.GenericTile{\"header\":\"Manage Resources\"}"}]}
RESULT: {"script":"<script> [1562 bytes]","args":[{"selector":{"controlType":"sap.m.GenericTile","properties":{"header":"Manage Resources"}},"wdio_ui5_key":"sapm.GenericTile{\"header\":\"Manage Resources\"}"}]}
RESULT: undefined
COMMAND: POST /session/6e56a133f2a8cc611653bc0e9554f734/element - {"using":"xpath","value":"//*[@id=\"__tile39\"]"}
RESULT: {"using":"xpath","value":"//*[@id=\"__tile39\"]"}
COMMAND: POST /session/6e56a133f2a8cc611653bc0e9554f734/element/f.5D45616469B704FE080150B53095EA48.d.AAECCF11A75A9E12535FA0A096EE8379.e.171/click - {}
RESULT: {}
COMMAND: POST /session/6e56a133f2a8cc611653bc0e9554f734/element - {"using":"xpath","value":"//button[@data-kt=\"addNewRUOverflowToolbarButton\"]"}
COMMAND: GET /session/6e56a133f2a8cc611653bc0e9554f734/screenshot - {}
RESULT: {"using":"xpath","value":"//button[@data-kt=\"addNewRUOverflowToolbarButton\"]"}
COMMAND: POST /session/6e56a133f2a8cc611653bc0e9554f734/elements - {"using":"xpath","value":"//button[@data-kt=\"addNewRUOverflowToolbarButton\"]"}
RESULT: {}
RESULT: {"using":"xpath","value":"//button[@data-kt=\"addNewRUOverflowToolbarButton\"]"}
COMMAND: POST /session/6e56a133f2a8cc611653bc0e9554f734/elements - {"using":"xpath","value":"//button[@data-kt=\"addNewRUOverflowToolbarButton\"]"}
RESULT: {"using":"xpath","value":"//button[@data-kt=\"addNewRUOverflowToolbarButton\"]"}
COMMAND: POST /session/6e56a133f2a8cc611653bc0e9554f734/elements - {"using":"xpath","value":"//button[@data-kt=\"addNewRUOverflowToolbarButton\"]"}
RESULT: {"using":"xpath","value":"//button[@data-kt=\"addNewRUOverflowToolbarButton\"]"}
COMMAND: POST /session/6e56a133f2a8cc611653bc0e9554f734/elements - {"using":"xpath","value":"//button[@data-kt=\"addNewRUOverflowToolbarButton\"]"}
RESULT: {"using":"xpath","value":"//button[@data-kt=\"addNewRUOverflowToolbarButton\"]"}
COMMAND: POST /session/6e56a133f2a8cc611653bc0e9554f734/elements - {"using":"xpath","value":"//button[@data-kt=\"addNewRUOverflowToolbarButton\"]"}
RESULT: {"using":"xpath","value":"//button[@data-kt=\"addNewRUOverflowToolbarButton\"]"}
COMMAND: POST /session/6e56a133f2a8cc611653bc0e9554f734/element - {"using":"xpath","value":"//button[@data-kt=\"addNewRUOverflowToolbarButton\"]"}
RESULT: {"using":"xpath","value":"//button[@data-kt=\"addNewRUOverflowToolbarButton\"]"}
COMMAND: POST /session/6e56a133f2a8cc611653bc0e9554f734/execute/sync - {"script":"<script> [8489 bytes]","args":[{"element-6066-11e4-a52e-4f735466cecf":"f.5D45616469B704FE080150B53095EA48.d.AAECCF11A75A9E12535FA0A096EE8379.e.2040","ELEMENT":"f.5D45616469B704FE080150B53095EA48.d.AAECCF11A75A9E12535FA0A096EE8379.e.2040"}]}
RESULT: {"script":"<script> [8489 bytes]","args":[{"element-6066-11e4-a52e-4f735466cecf":"f.5D45616469B704FE080150B53095EA48.d.AAECCF11A75A9E12535FA0A096EE8379.e.2040","ELEMENT":"f.5D45616469B704FE080150B53095EA48.d.AAECCF11A75A9E12535FA0A096EE8379.e.2040"}]}
COMMAND: GET /session/6e56a133f2a8cc611653bc0e9554f734/element/f.5D45616469B704FE080150B53095EA48.d.AAECCF11A75A9E12535FA0A096EE8379.e.2040/enabled - {}
COMMAND: GET /session/6e56a133f2a8cc611653bc0e9554f734/screenshot - {}
RESULT: {}
RESULT: {}
COMMAND: POST /session/6e56a133f2a8cc611653bc0e9554f734/execute/sync - {"script":"<script> [8489 bytes]","args":[{"element-6066-11e4-a52e-4f735466cecf":"f.5D45616469B704FE080150B53095EA48.d.AAECCF11A75A9E12535FA0A096EE8379.e.2040","ELEMENT":"f.5D45616469B704FE080150B53095EA48.d.AAECCF11A75A9E12535FA0A096EE8379.e.2040"}]}
COMMAND: GET /session/6e56a133f2a8cc611653bc0e9554f734/screenshot - {}
RESULT: {"script":"<script> [8489 bytes]","args":[{"element-6066-11e4-a52e-4f735466cecf":"f.5D45616469B704FE080150B53095EA48.d.AAECCF11A75A9E12535FA0A096EE8379.e.2040","ELEMENT":"f.5D45616469B704FE080150B53095EA48.d.AAECCF11A75A9E12535FA0A096EE8379.e.2040"}]}
COMMAND: POST /session/6e56a133f2a8cc611653bc0e9554f734/execute/sync - {"script":"<script> [5351 bytes]","args":[{"element-6066-11e4-a52e-4f735466cecf":"f.5D45616469B704FE080150B53095EA48.d.AAECCF11A75A9E12535FA0A096EE8379.e.2040","ELEMENT":"f.5D45616469B704FE080150B53095EA48.d.AAECCF11A75A9E12535FA0A096EE8379.e.2040"}]}
COMMAND: GET /session/6e56a133f2a8cc611653bc0e9554f734/screenshot - {}
RESULT: {}
RESULT: {"script":"<script> [5351 bytes]","args":[{"element-6066-11e4-a52e-4f735466cecf":"f.5D45616469B704FE080150B53095EA48.d.AAECCF11A75A9E12535FA0A096EE8379.e.2040","ELEMENT":"f.5D45616469B704FE080150B53095EA48.d.AAECCF11A75A9E12535FA0A096EE8379.e.2040"}]}
COMMAND: POST /session/6e56a133f2a8cc611653bc0e9554f734/element/f.5D45616469B704FE080150B53095EA48.d.AAECCF11A75A9E12535FA0A096EE8379.e.2040/click - {}
COMMAND: GET /session/6e56a133f2a8cc611653bc0e9554f734/screenshot - {}
RESULT: {}
RESULT: {}
COMMAND: GET /session/6e56a133f2a8cc611653bc0e9554f734/screenshot - {}
COMMAND: POST /session/6e56a133f2a8cc611653bc0e9554f734/execute/async - {"script":"<script> [1562 bytes]","args":[{"selector":{"id":"application-manageresources-display-component---newResourceUnit--TYPE-arrow"},"wdio_ui5_key":"applicationmanageresources-display-component---newResourceUnit--TYPE-arrow"}]}
RESULT: {}
RESULT: {}
RESULT: {"script":"<script> [1562 bytes]","args":[{"selector":{"id":"application-manageresources-display-component---newResourceUnit--TYPE-arrow"},"wdio_ui5_key":"applicationmanageresources-display-component---newResourceUnit--TYPE-arrow"}]}
RESULT: undefined
COMMAND: POST /session/6e56a133f2a8cc611653bc0e9554f734/element - {"using":"xpath","value":"//*[@id=\"application-manageresources-display-component---newResourceUnit--TYPE-arrow\"]"}
RESULT: {"using":"xpath","value":"//*[@id=\"application-manageresources-display-component---newResourceUnit--TYPE-arrow\"]"}
COMMAND: POST /session/6e56a133f2a8cc611653bc0e9554f734/element/f.5D45616469B704FE080150B53095EA48.d.AAECCF11A75A9E12535FA0A096EE8379.e.2208/click - {}
RESULT: {}
COMMAND: POST /session/6e56a133f2a8cc611653bc0e9554f734/element - {"using":"xpath","value":"//input[@id=\"application-manageresources-display-component---newResourceUnit--TYPE-inner\"]"}
COMMAND: GET /session/6e56a133f2a8cc611653bc0e9554f734/screenshot - {}
RESULT: {"using":"xpath","value":"//input[@id=\"application-manageresources-display-component---newResourceUnit--TYPE-inner\"]"}
COMMAND: POST /session/6e56a133f2a8cc611653bc0e9554f734/element/f.5D45616469B704FE080150B53095EA48.d.AAECCF11A75A9E12535FA0A096EE8379.e.2094/clear - {}
RESULT: {}
RESULT: {}
COMMAND: POST /session/6e56a133f2a8cc611653bc0e9554f734/element/f.5D45616469B704FE080150B53095EA48.d.AAECCF11A75A9E12535FA0A096EE8379.e.2094/value - {"text":"Equipment"}
COMMAND: GET /session/6e56a133f2a8cc611653bc0e9554f734/screenshot - {}
RESULT: {"text":"Equipment"}
COMMAND: GET /session/6e56a133f2a8cc611653bc0e9554f734/screenshot - {}
RESULT: {}
RESULT: {}
COMMAND: POST /session/6e56a133f2a8cc611653bc0e9554f734/actions - {"actions":[{"id":"action11","type":"key","parameters":{},"actions":[{"type":"keyDown","value":"î€‡"},{"type":"pause","duration":10},{"type":"keyUp","value":"î€‡"}]}]}
RESULT: {"actions":[{"id":"action11","type":"key","parameters":{},"actions":[{"type":"keyDown","value":"î€‡"},{"type":"pause","duration":10},{"type":"keyUp","value":"î€‡"}]}]}
COMMAND: POST /session/6e56a133f2a8cc611653bc0e9554f734/execute/async - {"script":"<script> [1562 bytes]","args":[{"selector":{"id":"application-manageresources-display-component---newResourceUnit--resourceId","interaction":{"idSuffix":"inner"}},"wdio_ui5_key":"applicationmanageresources-display-component---newResourceUnit--resourceId"}]}
COMMAND: GET /session/6e56a133f2a8cc611653bc0e9554f734/screenshot - {}
RESULT: {"script":"<script> [1562 bytes]","args":[{"selector":{"id":"application-manageresources-display-component---newResourceUnit--resourceId","interaction":{"idSuffix":"inner"}},"wdio_ui5_key":"applicationmanageresources-display-component---newResourceUnit--resourceId"}]}
RESULT: undefined
COMMAND: POST /session/6e56a133f2a8cc611653bc0e9554f734/execute/async - {"script":"<script> [776 bytes]","args":[{"enterText":"085OZ5tqch","selector":{"id":"application-manageresources-display-component---newResourceUnit--resourceId","interaction":{"idSuffix":"inner"}},"clearTextFirst":true,"interactionType":"ENTER_TEXT"}]}
RESULT: {}
RESULT: {"script":"<script> [776 bytes]","args":[{"enterText":"085OZ5tqch","selector":{"id":"application-manageresources-display-component---newResourceUnit--resourceId","interaction":{"idSuffix":"inner"}},"clearTextFirst":true,"interactionType":"ENTER_TEXT"}]}
COMMAND: POST /session/6e56a133f2a8cc611653bc0e9554f734/execute/async - {"script":"<script> [1562 bytes]","args":[{"selector":{"id":"application-manageresources-display-component---newResourceUnit--SHORT_TEXT","interaction":{"idSuffix":"inner"}},"wdio_ui5_key":"applicationmanageresources-display-component---newResourceUnit--SHORT_TEXT"}]}
RESULT: {"script":"<script> [1562 bytes]","args":[{"selector":{"id":"application-manageresources-display-component---newResourceUnit--SHORT_TEXT","interaction":{"idSuffix":"inner"}},"wdio_ui5_key":"applicationmanageresources-display-component---newResourceUnit--SHORT_TEXT"}]}
RESULT: undefined
COMMAND: POST /session/6e56a133f2a8cc611653bc0e9554f734/execute/async - {"script":"<script> [776 bytes]","args":[{"enterText":"Intercompany Equipment WDIO","selector":{"id":"application-manageresources-display-component---newResourceUnit--SHORT_TEXT","interaction":{"idSuffix":"inner"}},"clearTextFirst":true,"interactionType":"ENTER_TEXT"}]}
RESULT: {"script":"<script> [776 bytes]","args":[{"enterText":"Intercompany Equipment WDIO","selector":{"id":"application-manageresources-display-component---newResourceUnit--SHORT_TEXT","interaction":{"idSuffix":"inner"}},"clearTextFirst":true,"interactionType":"ENTER_TEXT"}]}
COMMAND: POST /session/6e56a133f2a8cc611653bc0e9554f734/execute/async - {"script":"<script> [1562 bytes]","args":[{"selector":{"id":"application-manageresources-display-component---newResourceUnit--BASE_UNIT_OF_MEASURE","interaction":{"idSuffix":"inner"}},"wdio_ui5_key":"applicationmanageresources-display-component---newResourceUnit--BASE_UNIT_OF_MEASURE"}]}
RESULT: {"script":"<script> [1562 bytes]","args":[{"selector":{"id":"application-manageresources-display-component---newResourceUnit--BASE_UNIT_OF_MEASURE","interaction":{"idSuffix":"inner"}},"wdio_ui5_key":"applicationmanageresources-display-component---newResourceUnit--BASE_UNIT_OF_MEASURE"}]}
RESULT: undefined
COMMAND: POST /session/6e56a133f2a8cc611653bc0e9554f734/execute/async - {"script":"<script> [776 bytes]","args":[{"enterText":"Piece","selector":{"id":"application-manageresources-display-component---newResourceUnit--BASE_UNIT_OF_MEASURE","interaction":{"idSuffix":"inner"}},"clearTextFirst":true,"interactionType":"ENTER_TEXT"}]}
RESULT: {"script":"<script> [776 bytes]","args":[{"enterText":"Piece","selector":{"id":"application-manageresources-display-component---newResourceUnit--BASE_UNIT_OF_MEASURE","interaction":{"idSuffix":"inner"}},"clearTextFirst":true,"interactionType":"ENTER_TEXT"}]}
COMMAND: POST /session/6e56a133f2a8cc611653bc0e9554f734/execute/async - {"script":"<script> [1562 bytes]","args":[{"selector":{"id":"application-manageresources-display-component---newResourceUnit--WEIGHT_UNIT","interaction":{"idSuffix":"inner"}},"wdio_ui5_key":"applicationmanageresources-display-component---newResourceUnit--WEIGHT_UNIT"}]}
RESULT: {"script":"<script> [1562 bytes]","args":[{"selector":{"id":"application-manageresources-display-component---newResourceUnit--WEIGHT_UNIT","interaction":{"idSuffix":"inner"}},"wdio_ui5_key":"applicationmanageresources-display-component---newResourceUnit--WEIGHT_UNIT"}]}
RESULT: undefined
COMMAND: POST /session/6e56a133f2a8cc611653bc0e9554f734/execute/async - {"script":"<script> [776 bytes]","args":[{"enterText":"Gram","selector":{"id":"application-manageresources-display-component---newResourceUnit--WEIGHT_UNIT","interaction":{"idSuffix":"inner"}},"clearTextFirst":true,"interactionType":"ENTER_TEXT"}]}
RESULT: {"script":"<script> [776 bytes]","args":[{"enterText":"Gram","selector":{"id":"application-manageresources-display-component---newResourceUnit--WEIGHT_UNIT","interaction":{"idSuffix":"inner"}},"clearTextFirst":true,"interactionType":"ENTER_TEXT"}]}
COMMAND: POST /session/6e56a133f2a8cc611653bc0e9554f734/execute/async - {"script":"<script> [1562 bytes]","args":[{"selector":{"id":"application-manageresources-display-component---newResourceUnit--DIMENSION_UNIT","interaction":{"idSuffix":"inner"}},"wdio_ui5_key":"applicationmanageresources-display-component---newResourceUnit--DIMENSION_UNIT"}]}
RESULT: {"script":"<script> [1562 bytes]","args":[{"selector":{"id":"application-manageresources-display-component---newResourceUnit--DIMENSION_UNIT","interaction":{"idSuffix":"inner"}},"wdio_ui5_key":"applicationmanageresources-display-component---newResourceUnit--DIMENSION_UNIT"}]}
RESULT: undefined
COMMAND: POST /session/6e56a133f2a8cc611653bc0e9554f734/execute/async - {"script":"<script> [776 bytes]","args":[{"enterText":"Meter","selector":{"id":"application-manageresources-display-component---newResourceUnit--DIMENSION_UNIT","interaction":{"idSuffix":"inner"}},"clearTextFirst":true,"interactionType":"ENTER_TEXT"}]}
RESULT: {"script":"<script> [776 bytes]","args":[{"enterText":"Meter","selector":{"id":"application-manageresources-display-component---newResourceUnit--DIMENSION_UNIT","interaction":{"idSuffix":"inner"}},"clearTextFirst":true,"interactionType":"ENTER_TEXT"}]}
COMMAND: POST /session/6e56a133f2a8cc611653bc0e9554f734/execute/async - {"script":"<script> [1562 bytes]","args":[{"selector":{"id":"application-manageresources-display-component---newResourceUnit--newRRUPage-anchBar-application-manageresources-display-component---newResourceUnit--control-anchor","interaction":{"idSuffix":"BDI-content"}},"wdio_ui5_key":"applicationmanageresources-display-component---newResourceUnit--newRRUPage-anchBar-application-manageresources-display-component---newResourceUnit--control-anchor"}]}
RESULT: {"script":"<script> [1562 bytes]","args":[{"selector":{"id":"application-manageresources-display-component---newResourceUnit--newRRUPage-anchBar-application-manageresources-display-component---newResourceUnit--control-anchor","interaction":{"idSuffix":"BDI-content"}},"wdio_ui5_key":"applicationmanageresources-display-component---newResourceUnit--newRRUPage-anchBar-application-manageresources-display-component---newResourceUnit--control-anchor"}]}
RESULT: undefined
COMMAND: POST /session/6e56a133f2a8cc611653bc0e9554f734/element - {"using":"xpath","value":"//*[@id=\"application-manageresources-display-component---newResourceUnit--newRRUPage-anchBar-application-manageresources-display-component---newResourceUnit--control-anchor\"]"}
RESULT: {"using":"xpath","value":"//*[@id=\"application-manageresources-display-component---newResourceUnit--newRRUPage-anchBar-application-manageresources-display-component---newResourceUnit--control-anchor\"]"}
COMMAND: POST /session/6e56a133f2a8cc611653bc0e9554f734/element/f.5D45616469B704FE080150B53095EA48.d.AAECCF11A75A9E12535FA0A096EE8379.e.2342/click - {}
RESULT: {}
COMMAND: POST /session/6e56a133f2a8cc611653bc0e9554f734/execute/async - {"script":"<script> [1562 bytes]","args":[{"selector":{"id":"application-manageresources-display-component---newResourceUnit--PLANNING_GROUP","interaction":{"idSuffix":"inner"}},"wdio_ui5_key":"applicationmanageresources-display-component---newResourceUnit--PLANNING_GROUP"}]}
COMMAND: GET /session/6e56a133f2a8cc611653bc0e9554f734/screenshot - {}
RESULT: {"script":"<script> [1562 bytes]","args":[{"selector":{"id":"application-manageresources-display-component---newResourceUnit--PLANNING_GROUP","interaction":{"idSuffix":"inner"}},"wdio_ui5_key":"applicationmanageresources-display-component---newResourceUnit--PLANNING_GROUP"}]}
RESULT: undefined
COMMAND: POST /session/6e56a133f2a8cc611653bc0e9554f734/execute/async - {"script":"<script> [776 bytes]","args":[{"enterText":"Heavy Equi","selector":{"id":"application-manageresources-display-component---newResourceUnit--PLANNING_GROUP","interaction":{"idSuffix":"inner"}},"clearTextFirst":true,"interactionType":"ENTER_TEXT"}]}
RESULT: {}
RESULT: {"script":"<script> [776 bytes]","args":[{"enterText":"Heavy Equi","selector":{"id":"application-manageresources-display-component---newResourceUnit--PLANNING_GROUP","interaction":{"idSuffix":"inner"}},"clearTextFirst":true,"interactionType":"ENTER_TEXT"}]}
COMMAND: POST /session/6e56a133f2a8cc611653bc0e9554f734/execute/async - {"script":"<script> [1562 bytes]","args":[{"selector":{"id":"application-manageresources-display-component---newResourceUnit--ITEM_TYPE-arrow"},"wdio_ui5_key":"applicationmanageresources-display-component---newResourceUnit--ITEM_TYPE-arrow"}]}
RESULT: {"script":"<script> [1562 bytes]","args":[{"selector":{"id":"application-manageresources-display-component---newResourceUnit--ITEM_TYPE-arrow"},"wdio_ui5_key":"applicationmanageresources-display-component---newResourceUnit--ITEM_TYPE-arrow"}]}
RESULT: undefined
COMMAND: POST /session/6e56a133f2a8cc611653bc0e9554f734/element - {"using":"xpath","value":"//*[@id=\"application-manageresources-display-component---newResourceUnit--ITEM_TYPE-arrow\"]"}
RESULT: {"using":"xpath","value":"//*[@id=\"application-manageresources-display-component---newResourceUnit--ITEM_TYPE-arrow\"]"}
COMMAND: POST /session/6e56a133f2a8cc611653bc0e9554f734/element/f.5D45616469B704FE080150B53095EA48.d.AAECCF11A75A9E12535FA0A096EE8379.e.2351/click - {}
RESULT: {}
COMMAND: POST /session/6e56a133f2a8cc611653bc0e9554f734/element - {"using":"xpath","value":"(//span[contains(text(), \"Resource Unit\")])[2]"}
COMMAND: GET /session/6e56a133f2a8cc611653bc0e9554f734/screenshot - {}
RESULT: {"using":"xpath","value":"(//span[contains(text(), \"Resource Unit\")])[2]"}
COMMAND: POST /session/6e56a133f2a8cc611653bc0e9554f734/element/f.5D45616469B704FE080150B53095EA48.d.AAECCF11A75A9E12535FA0A096EE8379.e.2352/click - {}
RESULT: {}
RESULT: {}
COMMAND: GET /session/6e56a133f2a8cc611653bc0e9554f734/screenshot - {}
RESULT: {}
COMMAND: POST /session/6e56a133f2a8cc611653bc0e9554f734/element - {"using":"css selector","value":"#application-manageresources-display-component---newResourceUnit--btnAddTimeSegment"}
RESULT: {"using":"css selector","value":"#application-manageresources-display-component---newResourceUnit--btnAddTimeSegment"}
COMMAND: GET /session/6e56a133f2a8cc611653bc0e9554f734/element/f.5D45616469B704FE080150B53095EA48.d.AAECCF11A75A9E12535FA0A096EE8379.e.2353/rect - {}
RESULT: {}
COMMAND: GET /session/6e56a133f2a8cc611653bc0e9554f734/window/rect - {}
RESULT: {}
COMMAND: POST /session/6e56a133f2a8cc611653bc0e9554f734/execute/sync - {"script":"<script> [92 bytes]","args":[]}
RESULT: {"script":"<script> [92 bytes]","args":[]}
COMMAND: POST /session/6e56a133f2a8cc611653bc0e9554f734/actions - {"actions":[{"id":"action12","type":"wheel","parameters":{},"actions":[{"type":"scroll","x":-1888,"y":-32,"deltaX":0,"deltaY":0,"duration":0,"origin":{"element-6066-11e4-a52e-4f735466cecf":"f.5D45616469B704FE080150B53095EA48.d.AAECCF11A75A9E12535FA0A096EE8379.e.2353"}}]}]}
COMMAND: GET /session/6e56a133f2a8cc611653bc0e9554f734/screenshot - {}
RESULT: {}
COMMAND: POST /session/6e56a133f2a8cc611653bc0e9554f734/execute/sync - {"script":"<script> [79 bytes]","args":[{"element-6066-11e4-a52e-4f735466cecf":"f.5D45616469B704FE080150B53095EA48.d.AAECCF11A75A9E12535FA0A096EE8379.e.2353","ELEMENT":"f.5D45616469B704FE080150B53095EA48.d.AAECCF11A75A9E12535FA0A096EE8379.e.2353"},{"block":"start","inline":"nearest"}]}
RESULT: {"script":"<script> [79 bytes]","args":[{"element-6066-11e4-a52e-4f735466cecf":"f.5D45616469B704FE080150B53095EA48.d.AAECCF11A75A9E12535FA0A096EE8379.e.2353","ELEMENT":"f.5D45616469B704FE080150B53095EA48.d.AAECCF11A75A9E12535FA0A096EE8379.e.2353"},{"block":"start","inline":"nearest"}]}
COMMAND: POST /session/6e56a133f2a8cc611653bc0e9554f734/execute/async - {"script":"<script> [1562 bytes]","args":[{"selector":{"id":"application-manageresources-display-component---newResourceUnit--btnAddTimeSegment","interaction":{"idSuffix":"inner"}},"wdio_ui5_key":"applicationmanageresources-display-component---newResourceUnit--btnAddTimeSegment"}]}
COMMAND: GET /session/6e56a133f2a8cc611653bc0e9554f734/screenshot - {}
RESULT: {"script":"<script> [1562 bytes]","args":[{"selector":{"id":"application-manageresources-display-component---newResourceUnit--btnAddTimeSegment","interaction":{"idSuffix":"inner"}},"wdio_ui5_key":"applicationmanageresources-display-component---newResourceUnit--btnAddTimeSegment"}]}
RESULT: undefined
COMMAND: POST /session/6e56a133f2a8cc611653bc0e9554f734/element - {"using":"xpath","value":"//*[@id=\"application-manageresources-display-component---newResourceUnit--btnAddTimeSegment\"]"}
RESULT: {}
RESULT: {"using":"xpath","value":"//*[@id=\"application-manageresources-display-component---newResourceUnit--btnAddTimeSegment\"]"}
COMMAND: POST /session/6e56a133f2a8cc611653bc0e9554f734/element/f.5D45616469B704FE080150B53095EA48.d.AAECCF11A75A9E12535FA0A096EE8379.e.2353/click - {}
RESULT: {}
COMMAND: GET /session/6e56a133f2a8cc611653bc0e9554f734/screenshot - {}
RESULT: {}
COMMAND: POST /session/6e56a133f2a8cc611653bc0e9554f734/element - {"using":"xpath","value":"//input[@id=\"application-manageresources-display-component---newResourceUnit--idRuTSAdmin-application-manageresources-display-component---newResourceUnit--RUTimeSegment-0-inner\"]"}
RESULT: {"using":"xpath","value":"//input[@id=\"application-manageresources-display-component---newResourceUnit--idRuTSAdmin-application-manageresources-display-component---newResourceUnit--RUTimeSegment-0-inner\"]"}
COMMAND: POST /session/6e56a133f2a8cc611653bc0e9554f734/element/f.5D45616469B704FE080150B53095EA48.d.AAECCF11A75A9E12535FA0A096EE8379.e.2359/clear - {}
RESULT: {}
COMMAND: POST /session/6e56a133f2a8cc611653bc0e9554f734/element/f.5D45616469B704FE080150B53095EA48.d.AAECCF11A75A9E12535FA0A096EE8379.e.2359/value - {"text":"109"}
COMMAND: GET /session/6e56a133f2a8cc611653bc0e9554f734/screenshot - {}
RESULT: {"text":"109"}
COMMAND: GET /session/6e56a133f2a8cc611653bc0e9554f734/screenshot - {}
RESULT: {}
RESULT: {}
COMMAND: POST /session/6e56a133f2a8cc611653bc0e9554f734/element - {"using":"xpath","value":"//li[.//span[text()='109']]"}
RESULT: {"using":"xpath","value":"//li[.//span[text()='109']]"}
COMMAND: POST /session/6e56a133f2a8cc611653bc0e9554f734/element/f.5D45616469B704FE080150B53095EA48.d.AAECCF11A75A9E12535FA0A096EE8379.e.2371/click - {}
RESULT: {}
COMMAND: GET /session/6e56a133f2a8cc611653bc0e9554f734/screenshot - {}
RESULT: {}
COMMAND: POST /session/6e56a133f2a8cc611653bc0e9554f734/element - {"using":"xpath","value":"(//span[contains(@id, \"-application-manageresources-display-component---newResourceUnit--RUTimeSegment-0-arrow\")])[6]"}
RESULT: {"using":"xpath","value":"(//span[contains(@id, \"-application-manageresources-display-component---newResourceUnit--RUTimeSegment-0-arrow\")])[6]"}
COMMAND: POST /session/6e56a133f2a8cc611653bc0e9554f734/element/f.5D45616469B704FE080150B53095EA48.d.AAECCF11A75A9E12535FA0A096EE8379.e.2372/click - {}
RESULT: {}
COMMAND: POST /session/6e56a133f2a8cc611653bc0e9554f734/element - {"using":"xpath","value":"//span[contains(text(), \"PM Order\")]"}
COMMAND: GET /session/6e56a133f2a8cc611653bc0e9554f734/screenshot - {}
RESULT: {"using":"xpath","value":"//span[contains(text(), \"PM Order\")]"}
COMMAND: POST /session/6e56a133f2a8cc611653bc0e9554f734/element/f.5D45616469B704FE080150B53095EA48.d.AAECCF11A75A9E12535FA0A096EE8379.e.2375/click - {}
RESULT: {}
RESULT: {}
COMMAND: GET /session/6e56a133f2a8cc611653bc0e9554f734/screenshot - {}
RESULT: {}
COMMAND: POST /session/6e56a133f2a8cc611653bc0e9554f734/element - {"using":"xpath","value":"(//span[contains(@id ,\"manageresources-display-component---newResourceUnit--RUTimeSegment-0-vhi\")])[1]"}
RESULT: {"using":"xpath","value":"(//span[contains(@id ,\"manageresources-display-component---newResourceUnit--RUTimeSegment-0-vhi\")])[1]"}
COMMAND: GET /session/6e56a133f2a8cc611653bc0e9554f734/element/f.5D45616469B704FE080150B53095EA48.d.AAECCF11A75A9E12535FA0A096EE8379.e.2379/rect - {}
RESULT: {}
COMMAND: GET /session/6e56a133f2a8cc611653bc0e9554f734/window/rect - {}
RESULT: {}
COMMAND: POST /session/6e56a133f2a8cc611653bc0e9554f734/execute/sync - {"script":"<script> [92 bytes]","args":[]}
RESULT: {"script":"<script> [92 bytes]","args":[]}
COMMAND: POST /session/6e56a133f2a8cc611653bc0e9554f734/actions - {"actions":[{"id":"action13","type":"wheel","parameters":{},"actions":[{"type":"scroll","x":-869,"y":-24,"deltaX":0,"deltaY":0,"duration":0,"origin":{"element-6066-11e4-a52e-4f735466cecf":"f.5D45616469B704FE080150B53095EA48.d.AAECCF11A75A9E12535FA0A096EE8379.e.2379"}}]}]}
COMMAND: GET /session/6e56a133f2a8cc611653bc0e9554f734/screenshot - {}
RESULT: {"actions":[{"id":"action13","type":"wheel","parameters":{},"actions":[{"type":"scroll","x":-869,"y":-24,"deltaX":0,"deltaY":0,"duration":0,"origin":{"element-6066-11e4-a52e-4f735466cecf":"f.5D45616469B704FE080150B53095EA48.d.AAECCF11A75A9E12535FA0A096EE8379.e.2379"}}]}]}
COMMAND: DELETE /session/6e56a133f2a8cc611653bc0e9554f734/actions - {}
COMMAND: GET /session/6e56a133f2a8cc611653bc0e9554f734/screenshot - {}
RESULT: {}
RESULT: {}
COMMAND: GET /session/6e56a133f2a8cc611653bc0e9554f734/screenshot - {}
RESULT: {}
RESULT: {}
COMMAND: POST /session/6e56a133f2a8cc611653bc0e9554f734/element/f.5D45616469B704FE080150B53095EA48.d.AAECCF11A75A9E12535FA0A096EE8379.e.2379/click - {}
RESULT: {}
COMMAND: GET /session/6e56a133f2a8cc611653bc0e9554f734/screenshot - {}
RESULT: {}
COMMAND: POST /session/6e56a133f2a8cc611653bc0e9554f734/execute/async - {"script":"<script> [1562 bytes]","args":[{"selector":{"controlType":"sap.m.SearchField","properties":{"placeholder":"Search"},"searchOpenDialogs":true,"interaction":{"idSuffix":"I"}},"wdio_ui5_key":"sapm.SearchField{\"placeholder\":\"Search\"}"}]}
RESULT: {"script":"<script> [1562 bytes]","args":[{"selector":{"controlType":"sap.m.SearchField","properties":{"placeholder":"Search"},"searchOpenDialogs":true,"interaction":{"idSuffix":"I"}},"wdio_ui5_key":"sapm.SearchField{\"placeholder\":\"Search\"}"}]}
RESULT: undefined
COMMAND: POST /session/6e56a133f2a8cc611653bc0e9554f734/execute/async - {"script":"<script> [776 bytes]","args":[{"enterText":"4000360","selector":{"controlType":"sap.m.SearchField","properties":{"placeholder":"Search"},"searchOpenDialogs":true,"interaction":{"idSuffix":"I"}},"clearTextFirst":true,"interactionType":"ENTER_TEXT"}]}
RESULT: {"script":"<script> [776 bytes]","args":[{"enterText":"4000360","selector":{"controlType":"sap.m.SearchField","properties":{"placeholder":"Search"},"searchOpenDialogs":true,"interaction":{"idSuffix":"I"}},"clearTextFirst":true,"interactionType":"ENTER_TEXT"}]}
COMMAND: POST /session/6e56a133f2a8cc611653bc0e9554f734/actions - {"actions":[{"id":"action14","type":"key","parameters":{},"actions":[{"type":"keyDown","value":"î€‡"},{"type":"pause","duration":10},{"type":"keyUp","value":"î€‡"}]}]}
RESULT: {"actions":[{"id":"action14","type":"key","parameters":{},"actions":[{"type":"keyDown","value":"î€‡"},{"type":"pause","duration":10},{"type":"keyUp","value":"î€‡"}]}]}
COMMAND: GET /session/6e56a133f2a8cc611653bc0e9554f734/screenshot - {}
RESULT: {}
COMMAND: POST /session/6e56a133f2a8cc611653bc0e9554f734/element - {"using":"xpath","value":"//td/div/span[contains(text(), \"BGL Vehicles\")]"}
RESULT: {"using":"xpath","value":"//td/div/span[contains(text(), \"BGL Vehicles\")]"}
COMMAND: POST /session/6e56a133f2a8cc611653bc0e9554f734/element/f.5D45616469B704FE080150B53095EA48.d.AAECCF11A75A9E12535FA0A096EE8379.e.2399/click - {}
RESULT: {}
COMMAND: GET /session/6e56a133f2a8cc611653bc0e9554f734/screenshot - {}
RESULT: {}
COMMAND: POST /session/6e56a133f2a8cc611653bc0e9554f734/element - {"using":"xpath","value":"//bdi[contains(text(), \"OK\")]"}
RESULT: {"using":"xpath","value":"//bdi[contains(text(), \"OK\")]"}
COMMAND: POST /session/6e56a133f2a8cc611653bc0e9554f734/element/f.5D45616469B704FE080150B53095EA48.d.AAECCF11A75A9E12535FA0A096EE8379.e.2400/click - {}
RESULT: {}
COMMAND: GET /session/6e56a133f2a8cc611653bc0e9554f734/screenshot - {}
RESULT: {}
COMMAND: POST /session/6e56a133f2a8cc611653bc0e9554f734/execute/async - {"script":"<script> [1562 bytes]","args":[{"selector":{"id":"application-manageresources-display-component---newResourceUnit--newRRUPage-anchBar-application-manageresources-display-component---newResourceUnit--resource-anchor","interaction":{"idSuffix":"BDI-content"}},"wdio_ui5_key":"applicationmanageresources-display-component---newResourceUnit--newRRUPage-anchBar-application-manageresources-display-component---newResourceUnit--resource-anchor"}]}
RESULT: {"script":"<script> [1562 bytes]","args":[{"selector":{"id":"application-manageresources-display-component---newResourceUnit--newRRUPage-anchBar-application-manageresources-display-component---newResourceUnit--resource-anchor","interaction":{"idSuffix":"BDI-content"}},"wdio_ui5_key":"applicationmanageresources-display-component---newResourceUnit--newRRUPage-anchBar-application-manageresources-display-component---newResourceUnit--resource-anchor"}]}
RESULT: undefined
COMMAND: POST /session/6e56a133f2a8cc611653bc0e9554f734/element - {"using":"xpath","value":"//*[@id=\"application-manageresources-display-component---newResourceUnit--newRRUPage-anchBar-application-manageresources-display-component---newResourceUnit--resource-anchor\"]"}
RESULT: {"using":"xpath","value":"//*[@id=\"application-manageresources-display-component---newResourceUnit--newRRUPage-anchBar-application-manageresources-display-component---newResourceUnit--resource-anchor\"]"}
COMMAND: POST /session/6e56a133f2a8cc611653bc0e9554f734/element/f.5D45616469B704FE080150B53095EA48.d.AAECCF11A75A9E12535FA0A096EE8379.e.2404/click - {}
RESULT: {}
COMMAND: POST /session/6e56a133f2a8cc611653bc0e9554f734/execute/async - {"script":"<script> [1562 bytes]","args":[{"selector":{"id":"application-manageresources-display-component---newResourceUnit--PLANNED_DELIVERY_DATE","interaction":{"idSuffix":"inner"}},"wdio_ui5_key":"applicationmanageresources-display-component---newResourceUnit--PLANNED_DELIVERY_DATE"}]}
COMMAND: GET /session/6e56a133f2a8cc611653bc0e9554f734/screenshot - {}
RESULT: {"script":"<script> [1562 bytes]","args":[{"selector":{"id":"application-manageresources-display-component---newResourceUnit--PLANNED_DELIVERY_DATE","interaction":{"idSuffix":"inner"}},"wdio_ui5_key":"applicationmanageresources-display-component---newResourceUnit--PLANNED_DELIVERY_DATE"}]}
RESULT: undefined
COMMAND: POST /session/6e56a133f2a8cc611653bc0e9554f734/execute/async - {"script":"<script> [6424 bytes]","args":[{"element-6066-11e4-a52e-4f735466cecf":"f.5D45616469B704FE080150B53095EA48.d.AAECCF11A75A9E12535FA0A096EE8379.e.2265"},"setValue",["4/28/25"]]}
RESULT: {}
RESULT: {"script":"<script> [6424 bytes]","args":[{"element-6066-11e4-a52e-4f735466cecf":"f.5D45616469B704FE080150B53095EA48.d.AAECCF11A75A9E12535FA0A096EE8379.e.2265"},"setValue",["4/28/25"]]}
COMMAND: POST /session/6e56a133f2a8cc611653bc0e9554f734/element - {"using":"xpath","value":"//button[@data-kt=\"resourceUnitSaveButton\"]"}
RESULT: {"using":"xpath","value":"//button[@data-kt=\"resourceUnitSaveButton\"]"}
COMMAND: POST /session/6e56a133f2a8cc611653bc0e9554f734/element/f.5D45616469B704FE080150B53095EA48.d.AAECCF11A75A9E12535FA0A096EE8379.e.2225/click - {}
RESULT: {}
COMMAND: GET /session/6e56a133f2a8cc611653bc0e9554f734/screenshot - {}
RESULT: {}
COMMAND: POST /session/6e56a133f2a8cc611653bc0e9554f734/element - {"using":"xpath","value":"//bdi[contains(text(), \"Close\")]"}
RESULT: {"using":"xpath","value":"//bdi[contains(text(), \"Close\")]"}
COMMAND: POST /session/6e56a133f2a8cc611653bc0e9554f734/element/f.5D45616469B704FE080150B53095EA48.d.AAECCF11A75A9E12535FA0A096EE8379.e.2412/click - {}
RESULT: {}
COMMAND: GET /session/6e56a133f2a8cc611653bc0e9554f734/screenshot - {}
COMMAND: POST /session/6e56a133f2a8cc611653bc0e9554f734/element - {"using":"xpath","value":"(//button[contains(@id ,\"actionsToolbar-overflowButton\")])[1]"}
RESULT: {}
RESULT: {"using":"xpath","value":"(//button[contains(@id ,\"actionsToolbar-overflowButton\")])[1]"}
COMMAND: POST /session/6e56a133f2a8cc611653bc0e9554f734/element/f.5D45616469B704FE080150B53095EA48.d.AAECCF11A75A9E12535FA0A096EE8379.e.2477/click - {}
RESULT: {}
COMMAND: GET /session/6e56a133f2a8cc611653bc0e9554f734/screenshot - {}
RESULT: {}
COMMAND: POST /session/6e56a133f2a8cc611653bc0e9554f734/element - {"using":"xpath","value":"//button[@data-kt=\"priceInfoButton\"]"}
RESULT: {"using":"xpath","value":"//button[@data-kt=\"priceInfoButton\"]"}
COMMAND: POST /session/6e56a133f2a8cc611653bc0e9554f734/element/f.5D45616469B704FE080150B53095EA48.d.AAECCF11A75A9E12535FA0A096EE8379.e.2485/click - {}
RESULT: {}
COMMAND: GET /session/6e56a133f2a8cc611653bc0e9554f734/screenshot - {}
RESULT: {}
COMMAND: POST /session/6e56a133f2a8cc611653bc0e9554f734/element - {"using":"css selector","value":"#shell-header-logo"}
RESULT: {"using":"css selector","value":"#shell-header-logo"}
COMMAND: POST /session/6e56a133f2a8cc611653bc0e9554f734/element/f.5D45616469B704FE080150B53095EA48.d.AAECCF11A75A9E12535FA0A096EE8379.e.2012/click - {}
RESULT: {}
COMMAND: GET /session/6e56a133f2a8cc611653bc0e9554f734/screenshot - {}
RESULT: {}
]]></system-out>
    </testcase>
    <testcase classname="chrome.135_0_7049_96.windows.RU_Inventory_Mass_State_Change_Multiple_Items_US151066" name="Prerequisite Step 2 Should create a new material" time="103.599">
      <system-out><![CDATA[
RESULT: undefined
COMMAND: POST /session/6e56a133f2a8cc611653bc0e9554f734/element - {"using":"xpath","value":"//*[@id=\"__tile39\"]"}
RESULT: {"using":"xpath","value":"//*[@id=\"__tile39\"]"}
COMMAND: POST /session/6e56a133f2a8cc611653bc0e9554f734/element/f.5D45616469B704FE080150B53095EA48.d.AAECCF11A75A9E12535FA0A096EE8379.e.171/click - {}
RESULT: {}
COMMAND: POST /session/6e56a133f2a8cc611653bc0e9554f734/element - {"using":"xpath","value":"//button[@data-kt=\"addNewRUOverflowToolbarButton\"]"}
COMMAND: GET /session/6e56a133f2a8cc611653bc0e9554f734/screenshot - {}
RESULT: {"using":"xpath","value":"//button[@data-kt=\"addNewRUOverflowToolbarButton\"]"}
COMMAND: POST /session/6e56a133f2a8cc611653bc0e9554f734/elements - {"using":"xpath","value":"//button[@data-kt=\"addNewRUOverflowToolbarButton\"]"}
RESULT: {}
RESULT: {"using":"xpath","value":"//button[@data-kt=\"addNewRUOverflowToolbarButton\"]"}
COMMAND: POST /session/6e56a133f2a8cc611653bc0e9554f734/elements - {"using":"xpath","value":"//button[@data-kt=\"addNewRUOverflowToolbarButton\"]"}
RESULT: {"using":"xpath","value":"//button[@data-kt=\"addNewRUOverflowToolbarButton\"]"}
COMMAND: POST /session/6e56a133f2a8cc611653bc0e9554f734/elements - {"using":"xpath","value":"//button[@data-kt=\"addNewRUOverflowToolbarButton\"]"}
RESULT: {"using":"xpath","value":"//button[@data-kt=\"addNewRUOverflowToolbarButton\"]"}
COMMAND: POST /session/6e56a133f2a8cc611653bc0e9554f734/elements - {"using":"xpath","value":"//button[@data-kt=\"addNewRUOverflowToolbarButton\"]"}
RESULT: {"using":"xpath","value":"//button[@data-kt=\"addNewRUOverflowToolbarButton\"]"}
COMMAND: POST /session/6e56a133f2a8cc611653bc0e9554f734/elements - {"using":"xpath","value":"//button[@data-kt=\"addNewRUOverflowToolbarButton\"]"}
RESULT: {"using":"xpath","value":"//button[@data-kt=\"addNewRUOverflowToolbarButton\"]"}
COMMAND: POST /session/6e56a133f2a8cc611653bc0e9554f734/elements - {"using":"xpath","value":"//button[@data-kt=\"addNewRUOverflowToolbarButton\"]"}
RESULT: {"using":"xpath","value":"//button[@data-kt=\"addNewRUOverflowToolbarButton\"]"}
COMMAND: POST /session/6e56a133f2a8cc611653bc0e9554f734/elements - {"using":"xpath","value":"//button[@data-kt=\"addNewRUOverflowToolbarButton\"]"}
RESULT: {"using":"xpath","value":"//button[@data-kt=\"addNewRUOverflowToolbarButton\"]"}
COMMAND: POST /session/6e56a133f2a8cc611653bc0e9554f734/elements - {"using":"xpath","value":"//button[@data-kt=\"addNewRUOverflowToolbarButton\"]"}
RESULT: {"using":"xpath","value":"//button[@data-kt=\"addNewRUOverflowToolbarButton\"]"}
COMMAND: POST /session/6e56a133f2a8cc611653bc0e9554f734/elements - {"using":"xpath","value":"//button[@data-kt=\"addNewRUOverflowToolbarButton\"]"}
RESULT: {"using":"xpath","value":"//button[@data-kt=\"addNewRUOverflowToolbarButton\"]"}
COMMAND: POST /session/6e56a133f2a8cc611653bc0e9554f734/elements - {"using":"xpath","value":"//button[@data-kt=\"addNewRUOverflowToolbarButton\"]"}
RESULT: {"using":"xpath","value":"//button[@data-kt=\"addNewRUOverflowToolbarButton\"]"}
COMMAND: POST /session/6e56a133f2a8cc611653bc0e9554f734/elements - {"using":"xpath","value":"//button[@data-kt=\"addNewRUOverflowToolbarButton\"]"}
RESULT: {"using":"xpath","value":"//button[@data-kt=\"addNewRUOverflowToolbarButton\"]"}
COMMAND: POST /session/6e56a133f2a8cc611653bc0e9554f734/element - {"using":"xpath","value":"//button[@data-kt=\"addNewRUOverflowToolbarButton\"]"}
RESULT: {"using":"xpath","value":"//button[@data-kt=\"addNewRUOverflowToolbarButton\"]"}
COMMAND: POST /session/6e56a133f2a8cc611653bc0e9554f734/execute/sync - {"script":"<script> [8489 bytes]","args":[{"element-6066-11e4-a52e-4f735466cecf":"f.5D45616469B704FE080150B53095EA48.d.AAECCF11A75A9E12535FA0A096EE8379.e.2658","ELEMENT":"f.5D45616469B704FE080150B53095EA48.d.AAECCF11A75A9E12535FA0A096EE8379.e.2658"}]}
RESULT: {"script":"<script> [8489 bytes]","args":[{"element-6066-11e4-a52e-4f735466cecf":"f.5D45616469B704FE080150B53095EA48.d.AAECCF11A75A9E12535FA0A096EE8379.e.2658","ELEMENT":"f.5D45616469B704FE080150B53095EA48.d.AAECCF11A75A9E12535FA0A096EE8379.e.2658"}]}
COMMAND: GET /session/6e56a133f2a8cc611653bc0e9554f734/element/f.5D45616469B704FE080150B53095EA48.d.AAECCF11A75A9E12535FA0A096EE8379.e.2658/enabled - {}
COMMAND: GET /session/6e56a133f2a8cc611653bc0e9554f734/screenshot - {}
RESULT: {}
COMMAND: POST /session/6e56a133f2a8cc611653bc0e9554f734/execute/sync - {"script":"<script> [8489 bytes]","args":[{"element-6066-11e4-a52e-4f735466cecf":"f.5D45616469B704FE080150B53095EA48.d.AAECCF11A75A9E12535FA0A096EE8379.e.2658","ELEMENT":"f.5D45616469B704FE080150B53095EA48.d.AAECCF11A75A9E12535FA0A096EE8379.e.2658"}]}
COMMAND: GET /session/6e56a133f2a8cc611653bc0e9554f734/screenshot - {}
RESULT: {}
RESULT: {"script":"<script> [8489 bytes]","args":[{"element-6066-11e4-a52e-4f735466cecf":"f.5D45616469B704FE080150B53095EA48.d.AAECCF11A75A9E12535FA0A096EE8379.e.2658","ELEMENT":"f.5D45616469B704FE080150B53095EA48.d.AAECCF11A75A9E12535FA0A096EE8379.e.2658"}]}
COMMAND: POST /session/6e56a133f2a8cc611653bc0e9554f734/execute/sync - {"script":"<script> [5351 bytes]","args":[{"element-6066-11e4-a52e-4f735466cecf":"f.5D45616469B704FE080150B53095EA48.d.AAECCF11A75A9E12535FA0A096EE8379.e.2658","ELEMENT":"f.5D45616469B704FE080150B53095EA48.d.AAECCF11A75A9E12535FA0A096EE8379.e.2658"}]}
COMMAND: GET /session/6e56a133f2a8cc611653bc0e9554f734/screenshot - {}
RESULT: {}
RESULT: {"script":"<script> [5351 bytes]","args":[{"element-6066-11e4-a52e-4f735466cecf":"f.5D45616469B704FE080150B53095EA48.d.AAECCF11A75A9E12535FA0A096EE8379.e.2658","ELEMENT":"f.5D45616469B704FE080150B53095EA48.d.AAECCF11A75A9E12535FA0A096EE8379.e.2658"}]}
COMMAND: POST /session/6e56a133f2a8cc611653bc0e9554f734/element/f.5D45616469B704FE080150B53095EA48.d.AAECCF11A75A9E12535FA0A096EE8379.e.2658/click - {}
COMMAND: GET /session/6e56a133f2a8cc611653bc0e9554f734/screenshot - {}
RESULT: {}
RESULT: {}
COMMAND: GET /session/6e56a133f2a8cc611653bc0e9554f734/screenshot - {}
RESULT: {}
RESULT: {}
RESULT: undefined
COMMAND: POST /session/6e56a133f2a8cc611653bc0e9554f734/element - {"using":"xpath","value":"//*[@id=\"application-manageresources-display-component---newResourceUnit--TYPE-arrow\"]"}
RESULT: {"using":"xpath","value":"//*[@id=\"application-manageresources-display-component---newResourceUnit--TYPE-arrow\"]"}
COMMAND: POST /session/6e56a133f2a8cc611653bc0e9554f734/element/f.5D45616469B704FE080150B53095EA48.d.AAECCF11A75A9E12535FA0A096EE8379.e.2904/click - {}
RESULT: {}
COMMAND: POST /session/6e56a133f2a8cc611653bc0e9554f734/element - {"using":"xpath","value":"//input[@id=\"application-manageresources-display-component---newResourceUnit--TYPE-inner\"]"}
COMMAND: GET /session/6e56a133f2a8cc611653bc0e9554f734/screenshot - {}
RESULT: {"using":"xpath","value":"//input[@id=\"application-manageresources-display-component---newResourceUnit--TYPE-inner\"]"}
COMMAND: POST /session/6e56a133f2a8cc611653bc0e9554f734/element/f.5D45616469B704FE080150B53095EA48.d.AAECCF11A75A9E12535FA0A096EE8379.e.2887/clear - {}
RESULT: {}
RESULT: {}
COMMAND: POST /session/6e56a133f2a8cc611653bc0e9554f734/element/f.5D45616469B704FE080150B53095EA48.d.AAECCF11A75A9E12535FA0A096EE8379.e.2887/value - {"text":"Material"}
COMMAND: GET /session/6e56a133f2a8cc611653bc0e9554f734/screenshot - {}
RESULT: {"text":"Material"}
COMMAND: GET /session/6e56a133f2a8cc611653bc0e9554f734/screenshot - {}
RESULT: {}
RESULT: {}
COMMAND: POST /session/6e56a133f2a8cc611653bc0e9554f734/actions - {"actions":[{"id":"action15","type":"key","parameters":{},"actions":[{"type":"keyDown","value":"î€‡"},{"type":"pause","duration":10},{"type":"keyUp","value":"î€‡"}]}]}
RESULT: {"actions":[{"id":"action15","type":"key","parameters":{},"actions":[{"type":"keyDown","value":"î€‡"},{"type":"pause","duration":10},{"type":"keyUp","value":"î€‡"}]}]}
RESULT: undefined
COMMAND: POST /session/6e56a133f2a8cc611653bc0e9554f734/execute/async - {"script":"<script> [776 bytes]","args":[{"enterText":"Cement WDIO","selector":{"id":"application-manageresources-display-component---newResourceUnit--SHORT_TEXT","interaction":{"idSuffix":"inner"}},"clearTextFirst":true,"interactionType":"ENTER_TEXT"}]}
COMMAND: GET /session/6e56a133f2a8cc611653bc0e9554f734/screenshot - {}
RESULT: {"script":"<script> [776 bytes]","args":[{"enterText":"Cement WDIO","selector":{"id":"application-manageresources-display-component---newResourceUnit--SHORT_TEXT","interaction":{"idSuffix":"inner"}},"clearTextFirst":true,"interactionType":"ENTER_TEXT"}]}
RESULT: undefined
COMMAND: POST /session/6e56a133f2a8cc611653bc0e9554f734/execute/async - {"script":"<script> [776 bytes]","args":[{"enterText":"Piece","selector":{"id":"application-manageresources-display-component---newResourceUnit--BASE_UNIT_OF_MEASURE","interaction":{"idSuffix":"inner"}},"clearTextFirst":true,"interactionType":"ENTER_TEXT"}]}
RESULT: {}
RESULT: {"script":"<script> [776 bytes]","args":[{"enterText":"Piece","selector":{"id":"application-manageresources-display-component---newResourceUnit--BASE_UNIT_OF_MEASURE","interaction":{"idSuffix":"inner"}},"clearTextFirst":true,"interactionType":"ENTER_TEXT"}]}
RESULT: undefined
COMMAND: POST /session/6e56a133f2a8cc611653bc0e9554f734/execute/async - {"script":"<script> [776 bytes]","args":[{"enterText":"Gram","selector":{"id":"application-manageresources-display-component---newResourceUnit--WEIGHT_UNIT","interaction":{"idSuffix":"inner"}},"clearTextFirst":true,"interactionType":"ENTER_TEXT"}]}
RESULT: {"script":"<script> [776 bytes]","args":[{"enterText":"Gram","selector":{"id":"application-manageresources-display-component---newResourceUnit--WEIGHT_UNIT","interaction":{"idSuffix":"inner"}},"clearTextFirst":true,"interactionType":"ENTER_TEXT"}]}
RESULT: undefined
COMMAND: POST /session/6e56a133f2a8cc611653bc0e9554f734/execute/async - {"script":"<script> [776 bytes]","args":[{"enterText":"Meter","selector":{"id":"application-manageresources-display-component---newResourceUnit--DIMENSION_UNIT","interaction":{"idSuffix":"inner"}},"clearTextFirst":true,"interactionType":"ENTER_TEXT"}]}
RESULT: {"script":"<script> [776 bytes]","args":[{"enterText":"Meter","selector":{"id":"application-manageresources-display-component---newResourceUnit--DIMENSION_UNIT","interaction":{"idSuffix":"inner"}},"clearTextFirst":true,"interactionType":"ENTER_TEXT"}]}
RESULT: undefined
COMMAND: POST /session/6e56a133f2a8cc611653bc0e9554f734/element - {"using":"xpath","value":"//*[@id=\"application-manageresources-display-component---newResourceUnit--newRRUPage-anchBar-application-manageresources-display-component---newResourceUnit--control-anchor\"]"}
RESULT: {"using":"xpath","value":"//*[@id=\"application-manageresources-display-component---newResourceUnit--newRRUPage-anchBar-application-manageresources-display-component---newResourceUnit--control-anchor\"]"}
COMMAND: POST /session/6e56a133f2a8cc611653bc0e9554f734/element/f.5D45616469B704FE080150B53095EA48.d.AAECCF11A75A9E12535FA0A096EE8379.e.2965/click - {}
RESULT: {}
RESULT: undefined
COMMAND: POST /session/6e56a133f2a8cc611653bc0e9554f734/execute/async - {"script":"<script> [776 bytes]","args":[{"enterText":"Material","selector":{"id":"application-manageresources-display-component---newResourceUnit--PLANNING_GROUP","interaction":{"idSuffix":"inner"}},"clearTextFirst":true,"interactionType":"ENTER_TEXT"}]}
COMMAND: GET /session/6e56a133f2a8cc611653bc0e9554f734/screenshot - {}
RESULT: {"script":"<script> [776 bytes]","args":[{"enterText":"Material","selector":{"id":"application-manageresources-display-component---newResourceUnit--PLANNING_GROUP","interaction":{"idSuffix":"inner"}},"clearTextFirst":true,"interactionType":"ENTER_TEXT"}]}
RESULT: {}
COMMAND: POST /session/6e56a133f2a8cc611653bc0e9554f734/execute/async - {"script":"<script> [1562 bytes]","args":[{"selector":{"id":"application-manageresources-display-component---newResourceUnit--PLANNING_INDICATOR","interaction":{"idSuffix":"inner"}},"wdio_ui5_key":"applicationmanageresources-display-component---newResourceUnit--PLANNING_INDICATOR"}]}
RESULT: {"script":"<script> [1562 bytes]","args":[{"selector":{"id":"application-manageresources-display-component---newResourceUnit--PLANNING_INDICATOR","interaction":{"idSuffix":"inner"}},"wdio_ui5_key":"applicationmanageresources-display-component---newResourceUnit--PLANNING_INDICATOR"}]}
RESULT: undefined
COMMAND: POST /session/6e56a133f2a8cc611653bc0e9554f734/execute/async - {"script":"<script> [776 bytes]","args":[{"enterText":"10 - infinite","selector":{"id":"application-manageresources-display-component---newResourceUnit--PLANNING_INDICATOR","interaction":{"idSuffix":"inner"}},"clearTextFirst":true,"interactionType":"ENTER_TEXT"}]}
RESULT: {"script":"<script> [776 bytes]","args":[{"enterText":"10 - infinite","selector":{"id":"application-manageresources-display-component---newResourceUnit--PLANNING_INDICATOR","interaction":{"idSuffix":"inner"}},"clearTextFirst":true,"interactionType":"ENTER_TEXT"}]}
COMMAND: POST /session/6e56a133f2a8cc611653bc0e9554f734/element - {"using":"css selector","value":"#application-manageresources-display-component---newResourceUnit--btnAddTimeSegment"}
RESULT: {"using":"css selector","value":"#application-manageresources-display-component---newResourceUnit--btnAddTimeSegment"}
COMMAND: GET /session/6e56a133f2a8cc611653bc0e9554f734/element/f.5D45616469B704FE080150B53095EA48.d.AAECCF11A75A9E12535FA0A096EE8379.e.2972/rect - {}
RESULT: {}
COMMAND: GET /session/6e56a133f2a8cc611653bc0e9554f734/window/rect - {}
RESULT: {}
COMMAND: POST /session/6e56a133f2a8cc611653bc0e9554f734/execute/sync - {"script":"<script> [92 bytes]","args":[]}
RESULT: {"script":"<script> [92 bytes]","args":[]}
COMMAND: POST /session/6e56a133f2a8cc611653bc0e9554f734/actions - {"actions":[{"id":"action16","type":"wheel","parameters":{},"actions":[{"type":"scroll","x":-1888,"y":-32,"deltaX":0,"deltaY":0,"duration":0,"origin":{"element-6066-11e4-a52e-4f735466cecf":"f.5D45616469B704FE080150B53095EA48.d.AAECCF11A75A9E12535FA0A096EE8379.e.2972"}}]}]}
COMMAND: GET /session/6e56a133f2a8cc611653bc0e9554f734/screenshot - {}
RESULT: {}
COMMAND: POST /session/6e56a133f2a8cc611653bc0e9554f734/execute/sync - {"script":"<script> [79 bytes]","args":[{"element-6066-11e4-a52e-4f735466cecf":"f.5D45616469B704FE080150B53095EA48.d.AAECCF11A75A9E12535FA0A096EE8379.e.2972","ELEMENT":"f.5D45616469B704FE080150B53095EA48.d.AAECCF11A75A9E12535FA0A096EE8379.e.2972"},{"block":"start","inline":"nearest"}]}
RESULT: {"script":"<script> [79 bytes]","args":[{"element-6066-11e4-a52e-4f735466cecf":"f.5D45616469B704FE080150B53095EA48.d.AAECCF11A75A9E12535FA0A096EE8379.e.2972","ELEMENT":"f.5D45616469B704FE080150B53095EA48.d.AAECCF11A75A9E12535FA0A096EE8379.e.2972"},{"block":"start","inline":"nearest"}]}
RESULT: undefined
COMMAND: POST /session/6e56a133f2a8cc611653bc0e9554f734/element - {"using":"xpath","value":"//*[@id=\"application-manageresources-display-component---newResourceUnit--btnAddTimeSegment\"]"}
COMMAND: GET /session/6e56a133f2a8cc611653bc0e9554f734/screenshot - {}
RESULT: {"using":"xpath","value":"//*[@id=\"application-manageresources-display-component---newResourceUnit--btnAddTimeSegment\"]"}
COMMAND: POST /session/6e56a133f2a8cc611653bc0e9554f734/element/f.5D45616469B704FE080150B53095EA48.d.AAECCF11A75A9E12535FA0A096EE8379.e.2972/click - {}
RESULT: {}
RESULT: {}
COMMAND: GET /session/6e56a133f2a8cc611653bc0e9554f734/screenshot - {}
RESULT: {}
COMMAND: POST /session/6e56a133f2a8cc611653bc0e9554f734/element - {"using":"xpath","value":"//input[@id=\"application-manageresources-display-component---newResourceUnit--idRuTSAdmin-application-manageresources-display-component---newResourceUnit--RUTimeSegment-0-inner\"]"}
RESULT: {"using":"xpath","value":"//input[@id=\"application-manageresources-display-component---newResourceUnit--idRuTSAdmin-application-manageresources-display-component---newResourceUnit--RUTimeSegment-0-inner\"]"}
COMMAND: POST /session/6e56a133f2a8cc611653bc0e9554f734/element/f.5D45616469B704FE080150B53095EA48.d.AAECCF11A75A9E12535FA0A096EE8379.e.2976/clear - {}
RESULT: {}
COMMAND: POST /session/6e56a133f2a8cc611653bc0e9554f734/element/f.5D45616469B704FE080150B53095EA48.d.AAECCF11A75A9E12535FA0A096EE8379.e.2976/value - {"text":"109"}
COMMAND: GET /session/6e56a133f2a8cc611653bc0e9554f734/screenshot - {}
RESULT: {"text":"109"}
COMMAND: GET /session/6e56a133f2a8cc611653bc0e9554f734/screenshot - {}
RESULT: {}
RESULT: {}
COMMAND: POST /session/6e56a133f2a8cc611653bc0e9554f734/element - {"using":"xpath","value":"//li[.//span[text()='109']]"}
RESULT: {"using":"xpath","value":"//li[.//span[text()='109']]"}
COMMAND: POST /session/6e56a133f2a8cc611653bc0e9554f734/element/f.5D45616469B704FE080150B53095EA48.d.AAECCF11A75A9E12535FA0A096EE8379.e.2985/click - {}
RESULT: {}
COMMAND: GET /session/6e56a133f2a8cc611653bc0e9554f734/screenshot - {}
RESULT: {}
COMMAND: POST /session/6e56a133f2a8cc611653bc0e9554f734/element - {"using":"xpath","value":"(//span[contains(@id, \"-application-manageresources-display-component---newResourceUnit--RUTimeSegment-0-arrow\")])[2]"}
RESULT: {"using":"xpath","value":"(//span[contains(@id, \"-application-manageresources-display-component---newResourceUnit--RUTimeSegment-0-arrow\")])[2]"}
COMMAND: POST /session/6e56a133f2a8cc611653bc0e9554f734/element/f.5D45616469B704FE080150B53095EA48.d.AAECCF11A75A9E12535FA0A096EE8379.e.2986/click - {}
RESULT: {}
COMMAND: POST /session/6e56a133f2a8cc611653bc0e9554f734/element - {"using":"xpath","value":"//span[contains(text(), \"PM Order\")]"}
COMMAND: GET /session/6e56a133f2a8cc611653bc0e9554f734/screenshot - {}
RESULT: {"using":"xpath","value":"//span[contains(text(), \"PM Order\")]"}
COMMAND: POST /session/6e56a133f2a8cc611653bc0e9554f734/element/f.5D45616469B704FE080150B53095EA48.d.AAECCF11A75A9E12535FA0A096EE8379.e.2987/click - {}
RESULT: {}
RESULT: {}
COMMAND: GET /session/6e56a133f2a8cc611653bc0e9554f734/screenshot - {}
RESULT: {}
COMMAND: POST /session/6e56a133f2a8cc611653bc0e9554f734/element - {"using":"xpath","value":"//td/div/div/div/span[contains(@id, \"newResourceUnit--RUTimeSegment-0-vhi\")][1]"}
RESULT: {"using":"xpath","value":"//td/div/div/div/span[contains(@id, \"newResourceUnit--RUTimeSegment-0-vhi\")][1]"}
COMMAND: GET /session/6e56a133f2a8cc611653bc0e9554f734/element/f.5D45616469B704FE080150B53095EA48.d.AAECCF11A75A9E12535FA0A096EE8379.e.2991/rect - {}
RESULT: {}
COMMAND: GET /session/6e56a133f2a8cc611653bc0e9554f734/window/rect - {}
RESULT: {}
COMMAND: POST /session/6e56a133f2a8cc611653bc0e9554f734/execute/sync - {"script":"<script> [92 bytes]","args":[]}
RESULT: {"script":"<script> [92 bytes]","args":[]}
COMMAND: POST /session/6e56a133f2a8cc611653bc0e9554f734/actions - {"actions":[{"id":"action17","type":"wheel","parameters":{},"actions":[{"type":"scroll","x":-1888,"y":-24,"deltaX":0,"deltaY":0,"duration":0,"origin":{"element-6066-11e4-a52e-4f735466cecf":"f.5D45616469B704FE080150B53095EA48.d.AAECCF11A75A9E12535FA0A096EE8379.e.2991"}}]}]}
COMMAND: GET /session/6e56a133f2a8cc611653bc0e9554f734/screenshot - {}
RESULT: {}
COMMAND: POST /session/6e56a133f2a8cc611653bc0e9554f734/execute/sync - {"script":"<script> [79 bytes]","args":[{"element-6066-11e4-a52e-4f735466cecf":"f.5D45616469B704FE080150B53095EA48.d.AAECCF11A75A9E12535FA0A096EE8379.e.2991","ELEMENT":"f.5D45616469B704FE080150B53095EA48.d.AAECCF11A75A9E12535FA0A096EE8379.e.2991"},{"block":"start","inline":"nearest"}]}
RESULT: {"script":"<script> [79 bytes]","args":[{"element-6066-11e4-a52e-4f735466cecf":"f.5D45616469B704FE080150B53095EA48.d.AAECCF11A75A9E12535FA0A096EE8379.e.2991","ELEMENT":"f.5D45616469B704FE080150B53095EA48.d.AAECCF11A75A9E12535FA0A096EE8379.e.2991"},{"block":"start","inline":"nearest"}]}
COMMAND: GET /session/6e56a133f2a8cc611653bc0e9554f734/screenshot - {}
RESULT: {}
COMMAND: POST /session/6e56a133f2a8cc611653bc0e9554f734/element/f.5D45616469B704FE080150B53095EA48.d.AAECCF11A75A9E12535FA0A096EE8379.e.2991/click - {}
RESULT: {}
COMMAND: GET /session/6e56a133f2a8cc611653bc0e9554f734/screenshot - {}
RESULT: {}
RESULT: undefined
COMMAND: POST /session/6e56a133f2a8cc611653bc0e9554f734/execute/async - {"script":"<script> [776 bytes]","args":[{"enterText":"4000360","selector":{"controlType":"sap.m.SearchField","properties":{"placeholder":"Search"},"searchOpenDialogs":true,"interaction":{"idSuffix":"I"}},"clearTextFirst":true,"interactionType":"ENTER_TEXT"}]}
RESULT: {"script":"<script> [776 bytes]","args":[{"enterText":"4000360","selector":{"controlType":"sap.m.SearchField","properties":{"placeholder":"Search"},"searchOpenDialogs":true,"interaction":{"idSuffix":"I"}},"clearTextFirst":true,"interactionType":"ENTER_TEXT"}]}
COMMAND: POST /session/6e56a133f2a8cc611653bc0e9554f734/actions - {"actions":[{"id":"action18","type":"key","parameters":{},"actions":[{"type":"keyDown","value":"î€‡"},{"type":"pause","duration":10},{"type":"keyUp","value":"î€‡"}]}]}
RESULT: {"actions":[{"id":"action18","type":"key","parameters":{},"actions":[{"type":"keyDown","value":"î€‡"},{"type":"pause","duration":10},{"type":"keyUp","value":"î€‡"}]}]}
COMMAND: GET /session/6e56a133f2a8cc611653bc0e9554f734/screenshot - {}
RESULT: {}
COMMAND: POST /session/6e56a133f2a8cc611653bc0e9554f734/element - {"using":"xpath","value":"//td/div/span[contains(text(), \"BGL Vehicles\")]"}
RESULT: {"using":"xpath","value":"//td/div/span[contains(text(), \"BGL Vehicles\")]"}
COMMAND: POST /session/6e56a133f2a8cc611653bc0e9554f734/element/f.5D45616469B704FE080150B53095EA48.d.AAECCF11A75A9E12535FA0A096EE8379.e.3011/click - {}
RESULT: {}
COMMAND: GET /session/6e56a133f2a8cc611653bc0e9554f734/screenshot - {}
RESULT: {}
COMMAND: POST /session/6e56a133f2a8cc611653bc0e9554f734/element - {"using":"xpath","value":"//bdi[contains(text(), \"OK\")]"}
RESULT: {"using":"xpath","value":"//bdi[contains(text(), \"OK\")]"}
COMMAND: POST /session/6e56a133f2a8cc611653bc0e9554f734/element/f.5D45616469B704FE080150B53095EA48.d.AAECCF11A75A9E12535FA0A096EE8379.e.3012/click - {}
RESULT: {}
COMMAND: GET /session/6e56a133f2a8cc611653bc0e9554f734/screenshot - {}
RESULT: {}
COMMAND: POST /session/6e56a133f2a8cc611653bc0e9554f734/element - {"using":"xpath","value":"//button[@data-kt=\"resourceUnitSaveButton\"]"}
RESULT: {"using":"xpath","value":"//button[@data-kt=\"resourceUnitSaveButton\"]"}
COMMAND: POST /session/6e56a133f2a8cc611653bc0e9554f734/element/f.5D45616469B704FE080150B53095EA48.d.AAECCF11A75A9E12535FA0A096EE8379.e.2921/click - {}
RESULT: {}
COMMAND: GET /session/6e56a133f2a8cc611653bc0e9554f734/screenshot - {}
RESULT: {}
COMMAND: POST /session/6e56a133f2a8cc611653bc0e9554f734/element - {"using":"xpath","value":"//bdi[contains(text(), \"Close\")]"}
RESULT: {"using":"xpath","value":"//bdi[contains(text(), \"Close\")]"}
COMMAND: POST /session/6e56a133f2a8cc611653bc0e9554f734/element/f.5D45616469B704FE080150B53095EA48.d.AAECCF11A75A9E12535FA0A096EE8379.e.3019/click - {}
RESULT: {}
COMMAND: GET /session/6e56a133f2a8cc611653bc0e9554f734/screenshot - {}
RESULT: {}
COMMAND: POST /session/6e56a133f2a8cc611653bc0e9554f734/element - {"using":"xpath","value":"//header[contains(@id, 'detailRruPage-headerTitle')]/div[1]/div[2]/div[2]/span[1]"}
RESULT: {"using":"xpath","value":"//header[contains(@id, 'detailRruPage-headerTitle')]/div[1]/div[2]/div[2]/span[1]"}
COMMAND: POST /session/6e56a133f2a8cc611653bc0e9554f734/elements - {"using":"xpath","value":"//header[contains(@id, 'detailRruPage-headerTitle')]/div[1]/div[2]/div[2]/span[1]"}
RESULT: {"using":"xpath","value":"//header[contains(@id, 'detailRruPage-headerTitle')]/div[1]/div[2]/div[2]/span[1]"}
COMMAND: POST /session/6e56a133f2a8cc611653bc0e9554f734/execute/sync - {"script":"<script> [56 bytes]","args":[{"element-6066-11e4-a52e-4f735466cecf":"f.5D45616469B704FE080150B53095EA48.d.AAECCF11A75A9E12535FA0A096EE8379.e.3053","ELEMENT":"f.5D45616469B704FE080150B53095EA48.d.AAECCF11A75A9E12535FA0A096EE8379.e.3053"}]}
RESULT: {"script":"<script> [56 bytes]","args":[{"element-6066-11e4-a52e-4f735466cecf":"f.5D45616469B704FE080150B53095EA48.d.AAECCF11A75A9E12535FA0A096EE8379.e.3053","ELEMENT":"f.5D45616469B704FE080150B53095EA48.d.AAECCF11A75A9E12535FA0A096EE8379.e.3053"}]}
COMMAND: POST /session/6e56a133f2a8cc611653bc0e9554f734/element - {"using":"css selector","value":"#shell-header-logo"}
COMMAND: GET /session/6e56a133f2a8cc611653bc0e9554f734/screenshot - {}
RESULT: {"using":"css selector","value":"#shell-header-logo"}
COMMAND: POST /session/6e56a133f2a8cc611653bc0e9554f734/element/f.5D45616469B704FE080150B53095EA48.d.AAECCF11A75A9E12535FA0A096EE8379.e.2493/click - {}
RESULT: {}
RESULT: {}
COMMAND: GET /session/6e56a133f2a8cc611653bc0e9554f734/screenshot - {}
RESULT: {}
]]></system-out>
    </testcase>
    <testcase classname="chrome.135_0_7049_96.windows.RU_Inventory_Mass_State_Change_Multiple_Items_US151066" name="Prerequisite Step 2 Should do a stock increase handover for the equipment" time="86.683">
      <system-out><![CDATA[
COMMAND: POST /session/6e56a133f2a8cc611653bc0e9554f734/execute/async - {"script":"<script> [1562 bytes]","args":[{"selector":{"controlType":"sap.m.Text","viewName":"etm.portal.ui.managehandoverstile.view.Master","properties":{"text":"Manage Handovers"},"interaction":{"idSuffix":"inner"}},"wdio_ui5_key":"etmportal.ui.managehandoverstile.view.Mastersap.m.Text{\"text\":\"Manage Handovers\"}"}]}
RESULT: {"script":"<script> [1562 bytes]","args":[{"selector":{"controlType":"sap.m.Text","viewName":"etm.portal.ui.managehandoverstile.view.Master","properties":{"text":"Manage Handovers"},"interaction":{"idSuffix":"inner"}},"wdio_ui5_key":"etmportal.ui.managehandoverstile.view.Mastersap.m.Text{\"text\":\"Manage Handovers\"}"}]}
RESULT: undefined
COMMAND: POST /session/6e56a133f2a8cc611653bc0e9554f734/element - {"using":"xpath","value":"//*[@id=\"__tile133-title\"]"}
RESULT: {"using":"xpath","value":"//*[@id=\"__tile133-title\"]"}
COMMAND: POST /session/6e56a133f2a8cc611653bc0e9554f734/element/f.5D45616469B704FE080150B53095EA48.d.AAECCF11A75A9E12535FA0A096EE8379.e.3056/click - {}
RESULT: {}
COMMAND: POST /session/6e56a133f2a8cc611653bc0e9554f734/element - {"using":"xpath","value":"//button[@data-kt=\"masterHOAddButton\"]"}
COMMAND: GET /session/6e56a133f2a8cc611653bc0e9554f734/screenshot - {}
RESULT: {"using":"xpath","value":"//button[@data-kt=\"masterHOAddButton\"]"}
COMMAND: POST /session/6e56a133f2a8cc611653bc0e9554f734/elements - {"using":"xpath","value":"//button[@data-kt=\"masterHOAddButton\"]"}
RESULT: {}
RESULT: {"using":"xpath","value":"//button[@data-kt=\"masterHOAddButton\"]"}
COMMAND: POST /session/6e56a133f2a8cc611653bc0e9554f734/elements - {"using":"xpath","value":"//button[@data-kt=\"masterHOAddButton\"]"}
RESULT: {"using":"xpath","value":"//button[@data-kt=\"masterHOAddButton\"]"}
COMMAND: POST /session/6e56a133f2a8cc611653bc0e9554f734/elements - {"using":"xpath","value":"//button[@data-kt=\"masterHOAddButton\"]"}
RESULT: {"using":"xpath","value":"//button[@data-kt=\"masterHOAddButton\"]"}
COMMAND: POST /session/6e56a133f2a8cc611653bc0e9554f734/elements - {"using":"xpath","value":"//button[@data-kt=\"masterHOAddButton\"]"}
RESULT: {"using":"xpath","value":"//button[@data-kt=\"masterHOAddButton\"]"}
COMMAND: POST /session/6e56a133f2a8cc611653bc0e9554f734/element - {"using":"xpath","value":"//button[@data-kt=\"masterHOAddButton\"]"}
RESULT: {"using":"xpath","value":"//button[@data-kt=\"masterHOAddButton\"]"}
COMMAND: POST /session/6e56a133f2a8cc611653bc0e9554f734/execute/sync - {"script":"<script> [8489 bytes]","args":[{"element-6066-11e4-a52e-4f735466cecf":"f.5D45616469B704FE080150B53095EA48.d.AAECCF11A75A9E12535FA0A096EE8379.e.3090","ELEMENT":"f.5D45616469B704FE080150B53095EA48.d.AAECCF11A75A9E12535FA0A096EE8379.e.3090"}]}
RESULT: {"script":"<script> [8489 bytes]","args":[{"element-6066-11e4-a52e-4f735466cecf":"f.5D45616469B704FE080150B53095EA48.d.AAECCF11A75A9E12535FA0A096EE8379.e.3090","ELEMENT":"f.5D45616469B704FE080150B53095EA48.d.AAECCF11A75A9E12535FA0A096EE8379.e.3090"}]}
COMMAND: GET /session/6e56a133f2a8cc611653bc0e9554f734/element/f.5D45616469B704FE080150B53095EA48.d.AAECCF11A75A9E12535FA0A096EE8379.e.3090/enabled - {}
COMMAND: GET /session/6e56a133f2a8cc611653bc0e9554f734/screenshot - {}
RESULT: {}
COMMAND: POST /session/6e56a133f2a8cc611653bc0e9554f734/execute/sync - {"script":"<script> [8489 bytes]","args":[{"element-6066-11e4-a52e-4f735466cecf":"f.5D45616469B704FE080150B53095EA48.d.AAECCF11A75A9E12535FA0A096EE8379.e.3090","ELEMENT":"f.5D45616469B704FE080150B53095EA48.d.AAECCF11A75A9E12535FA0A096EE8379.e.3090"}]}
COMMAND: GET /session/6e56a133f2a8cc611653bc0e9554f734/screenshot - {}
RESULT: {}
RESULT: {"script":"<script> [8489 bytes]","args":[{"element-6066-11e4-a52e-4f735466cecf":"f.5D45616469B704FE080150B53095EA48.d.AAECCF11A75A9E12535FA0A096EE8379.e.3090","ELEMENT":"f.5D45616469B704FE080150B53095EA48.d.AAECCF11A75A9E12535FA0A096EE8379.e.3090"}]}
COMMAND: POST /session/6e56a133f2a8cc611653bc0e9554f734/execute/sync - {"script":"<script> [5351 bytes]","args":[{"element-6066-11e4-a52e-4f735466cecf":"f.5D45616469B704FE080150B53095EA48.d.AAECCF11A75A9E12535FA0A096EE8379.e.3090","ELEMENT":"f.5D45616469B704FE080150B53095EA48.d.AAECCF11A75A9E12535FA0A096EE8379.e.3090"}]}
COMMAND: GET /session/6e56a133f2a8cc611653bc0e9554f734/screenshot - {}
RESULT: {}
RESULT: {"script":"<script> [5351 bytes]","args":[{"element-6066-11e4-a52e-4f735466cecf":"f.5D45616469B704FE080150B53095EA48.d.AAECCF11A75A9E12535FA0A096EE8379.e.3090","ELEMENT":"f.5D45616469B704FE080150B53095EA48.d.AAECCF11A75A9E12535FA0A096EE8379.e.3090"}]}
COMMAND: POST /session/6e56a133f2a8cc611653bc0e9554f734/element/f.5D45616469B704FE080150B53095EA48.d.AAECCF11A75A9E12535FA0A096EE8379.e.3090/click - {}
COMMAND: GET /session/6e56a133f2a8cc611653bc0e9554f734/screenshot - {}
RESULT: {}
RESULT: {}
COMMAND: GET /session/6e56a133f2a8cc611653bc0e9554f734/screenshot - {}
RESULT: {}
RESULT: {}
COMMAND: POST /session/6e56a133f2a8cc611653bc0e9554f734/element - {"using":"xpath","value":"//span[contains(@id ,\"AddNewHO--typeSelect-arrow\")]"}
RESULT: {"using":"xpath","value":"//span[contains(@id ,\"AddNewHO--typeSelect-arrow\")]"}
COMMAND: POST /session/6e56a133f2a8cc611653bc0e9554f734/element/f.5D45616469B704FE080150B53095EA48.d.AAECCF11A75A9E12535FA0A096EE8379.e.3432/click - {}
RESULT: {}
COMMAND: GET /session/6e56a133f2a8cc611653bc0e9554f734/screenshot - {}
RESULT: {}
COMMAND: POST /session/6e56a133f2a8cc611653bc0e9554f734/element - {"using":"xpath","value":"(//li[contains(text(), \"stock increase yard\")])[1]"}
RESULT: {"using":"xpath","value":"(//li[contains(text(), \"stock increase yard\")])[1]"}
COMMAND: POST /session/6e56a133f2a8cc611653bc0e9554f734/element/f.5D45616469B704FE080150B53095EA48.d.AAECCF11A75A9E12535FA0A096EE8379.e.3433/click - {}
RESULT: {}
COMMAND: GET /session/6e56a133f2a8cc611653bc0e9554f734/screenshot - {}
RESULT: {}
COMMAND: POST /session/6e56a133f2a8cc611653bc0e9554f734/execute/async - {"script":"<script> [1562 bytes]","args":[{"selector":{"id":"application-managehandovers-display-component---AddNewHO--dueDate","interaction":{"idSuffix":"inner"}},"wdio_ui5_key":"applicationmanagehandovers-display-component---AddNewHO--dueDate"}]}
RESULT: {"script":"<script> [1562 bytes]","args":[{"selector":{"id":"application-managehandovers-display-component---AddNewHO--dueDate","interaction":{"idSuffix":"inner"}},"wdio_ui5_key":"applicationmanagehandovers-display-component---AddNewHO--dueDate"}]}
RESULT: undefined
COMMAND: POST /session/6e56a133f2a8cc611653bc0e9554f734/execute/async - {"script":"<script> [6424 bytes]","args":[{"element-6066-11e4-a52e-4f735466cecf":"f.5D45616469B704FE080150B53095EA48.d.AAECCF11A75A9E12535FA0A096EE8379.e.3435"},"setValue",["04/28/2025"]]}
RESULT: {"script":"<script> [6424 bytes]","args":[{"element-6066-11e4-a52e-4f735466cecf":"f.5D45616469B704FE080150B53095EA48.d.AAECCF11A75A9E12535FA0A096EE8379.e.3435"},"setValue",["04/28/2025"]]}
COMMAND: POST /session/6e56a133f2a8cc611653bc0e9554f734/element - {"using":"xpath","value":"//input[@id=\"generalSectionFrg--receiveYard-inner\"]"}
RESULT: {"using":"xpath","value":"//input[@id=\"generalSectionFrg--receiveYard-inner\"]"}
COMMAND: POST /session/6e56a133f2a8cc611653bc0e9554f734/element/f.5D45616469B704FE080150B53095EA48.d.AAECCF11A75A9E12535FA0A096EE8379.e.3441/clear - {}
RESULT: {}
COMMAND: POST /session/6e56a133f2a8cc611653bc0e9554f734/element/f.5D45616469B704FE080150B53095EA48.d.AAECCF11A75A9E12535FA0A096EE8379.e.3441/value - {"text":"109"}
COMMAND: GET /session/6e56a133f2a8cc611653bc0e9554f734/screenshot - {}
RESULT: {"text":"109"}
COMMAND: GET /session/6e56a133f2a8cc611653bc0e9554f734/screenshot - {}
RESULT: {}
RESULT: {}
COMMAND: POST /session/6e56a133f2a8cc611653bc0e9554f734/element - {"using":"xpath","value":"//li[.//span[text()='109']]"}
RESULT: {"using":"xpath","value":"//li[.//span[text()='109']]"}
COMMAND: POST /session/6e56a133f2a8cc611653bc0e9554f734/element/f.5D45616469B704FE080150B53095EA48.d.AAECCF11A75A9E12535FA0A096EE8379.e.3459/click - {}
RESULT: {}
COMMAND: GET /session/6e56a133f2a8cc611653bc0e9554f734/screenshot - {}
RESULT: {}
COMMAND: POST /session/6e56a133f2a8cc611653bc0e9554f734/execute/async - {"script":"<script> [1562 bytes]","args":[{"selector":{"id":"application-managehandovers-display-component---AddNewHO--ObjectPageLayout-anchBar-application-managehandovers-display-component---AddNewHO--section4-anchor","interaction":{"idSuffix":"BDI-content"}},"wdio_ui5_key":"applicationmanagehandovers-display-component---AddNewHO--ObjectPageLayout-anchBar-application-managehandovers-display-component---AddNewHO--section4-anchor"}]}
RESULT: {"script":"<script> [1562 bytes]","args":[{"selector":{"id":"application-managehandovers-display-component---AddNewHO--ObjectPageLayout-anchBar-application-managehandovers-display-component---AddNewHO--section4-anchor","interaction":{"idSuffix":"BDI-content"}},"wdio_ui5_key":"applicationmanagehandovers-display-component---AddNewHO--ObjectPageLayout-anchBar-application-managehandovers-display-component---AddNewHO--section4-anchor"}]}
RESULT: undefined
COMMAND: POST /session/6e56a133f2a8cc611653bc0e9554f734/element - {"using":"xpath","value":"//*[@id=\"application-managehandovers-display-component---AddNewHO--ObjectPageLayout-anchBar-application-managehandovers-display-component---AddNewHO--section4-anchor\"]"}
RESULT: {"using":"xpath","value":"//*[@id=\"application-managehandovers-display-component---AddNewHO--ObjectPageLayout-anchBar-application-managehandovers-display-component---AddNewHO--section4-anchor\"]"}
COMMAND: POST /session/6e56a133f2a8cc611653bc0e9554f734/element/f.5D45616469B704FE080150B53095EA48.d.AAECCF11A75A9E12535FA0A096EE8379.e.3461/click - {}
RESULT: {}
COMMAND: POST /session/6e56a133f2a8cc611653bc0e9554f734/element - {"using":"xpath","value":"//button[@aria-label=\"Add\"]"}
COMMAND: GET /session/6e56a133f2a8cc611653bc0e9554f734/screenshot - {}
RESULT: {"using":"xpath","value":"//button[@aria-label=\"Add\"]"}
COMMAND: POST /session/6e56a133f2a8cc611653bc0e9554f734/element/f.5D45616469B704FE080150B53095EA48.d.AAECCF11A75A9E12535FA0A096EE8379.e.3463/click - {}
RESULT: {}
RESULT: {}
COMMAND: GET /session/6e56a133f2a8cc611653bc0e9554f734/screenshot - {}
RESULT: {}
COMMAND: POST /session/6e56a133f2a8cc611653bc0e9554f734/execute/async - {"script":"<script> [1562 bytes]","args":[{"selector":{"id":"application-managehandovers-display-component---AddNewHO--smartFilterBar-btnBasicSearch","searchOpenDialogs":true,"interaction":{"idSuffix":"I"}},"wdio_ui5_key":"applicationmanagehandovers-display-component---AddNewHO--smartFilterBar-btnBasicSearch"}]}
RESULT: {"script":"<script> [1562 bytes]","args":[{"selector":{"id":"application-managehandovers-display-component---AddNewHO--smartFilterBar-btnBasicSearch","searchOpenDialogs":true,"interaction":{"idSuffix":"I"}},"wdio_ui5_key":"applicationmanagehandovers-display-component---AddNewHO--smartFilterBar-btnBasicSearch"}]}
RESULT: undefined
COMMAND: POST /session/6e56a133f2a8cc611653bc0e9554f734/execute/async - {"script":"<script> [776 bytes]","args":[{"enterText":"085OZ5tqch","selector":{"id":"application-managehandovers-display-component---AddNewHO--smartFilterBar-btnBasicSearch","searchOpenDialogs":true,"interaction":{"idSuffix":"I"}},"clearTextFirst":true,"interactionType":"ENTER_TEXT"}]}
RESULT: {"script":"<script> [776 bytes]","args":[{"enterText":"085OZ5tqch","selector":{"id":"application-managehandovers-display-component---AddNewHO--smartFilterBar-btnBasicSearch","searchOpenDialogs":true,"interaction":{"idSuffix":"I"}},"clearTextFirst":true,"interactionType":"ENTER_TEXT"}]}
COMMAND: POST /session/6e56a133f2a8cc611653bc0e9554f734/actions - {"actions":[{"id":"action19","type":"key","parameters":{},"actions":[{"type":"keyDown","value":"î€‡"},{"type":"pause","duration":10},{"type":"keyUp","value":"î€‡"}]}]}
RESULT: {"actions":[{"id":"action19","type":"key","parameters":{},"actions":[{"type":"keyDown","value":"î€‡"},{"type":"pause","duration":10},{"type":"keyUp","value":"î€‡"}]}]}
COMMAND: GET /session/6e56a133f2a8cc611653bc0e9554f734/screenshot - {}
RESULT: {}
COMMAND: POST /session/6e56a133f2a8cc611653bc0e9554f734/execute/async - {"script":"<script> [1562 bytes]","args":[{"selector":{"id":"application-managehandovers-display-component---AddNewHO--popup-sa","searchOpenDialogs":true,"interaction":{"idSuffix":"CbBg"}},"wdio_ui5_key":"applicationmanagehandovers-display-component---AddNewHO--popup-sa"}]}
RESULT: {"script":"<script> [1562 bytes]","args":[{"selector":{"id":"application-managehandovers-display-component---AddNewHO--popup-sa","searchOpenDialogs":true,"interaction":{"idSuffix":"CbBg"}},"wdio_ui5_key":"applicationmanagehandovers-display-component---AddNewHO--popup-sa"}]}
RESULT: undefined
COMMAND: POST /session/6e56a133f2a8cc611653bc0e9554f734/element - {"using":"xpath","value":"//*[@id=\"application-managehandovers-display-component---AddNewHO--popup-sa\"]"}
RESULT: {"using":"xpath","value":"//*[@id=\"application-managehandovers-display-component---AddNewHO--popup-sa\"]"}
COMMAND: POST /session/6e56a133f2a8cc611653bc0e9554f734/element/f.5D45616469B704FE080150B53095EA48.d.AAECCF11A75A9E12535FA0A096EE8379.e.3618/click - {}
RESULT: {}
COMMAND: GET /session/6e56a133f2a8cc611653bc0e9554f734/screenshot - {}
RESULT: {}
COMMAND: POST /session/6e56a133f2a8cc611653bc0e9554f734/element - {"using":"xpath","value":"//bdi[contains(text(), \"Select\")]"}
RESULT: {"using":"xpath","value":"//bdi[contains(text(), \"Select\")]"}
COMMAND: POST /session/6e56a133f2a8cc611653bc0e9554f734/element/f.5D45616469B704FE080150B53095EA48.d.AAECCF11A75A9E12535FA0A096EE8379.e.3619/click - {}
RESULT: {}
COMMAND: GET /session/6e56a133f2a8cc611653bc0e9554f734/screenshot - {}
RESULT: {}
COMMAND: POST /session/6e56a133f2a8cc611653bc0e9554f734/element - {"using":"xpath","value":"//button[@data-kt=\"AddNewHOSaveButton\"]"}
RESULT: {"using":"xpath","value":"//button[@data-kt=\"AddNewHOSaveButton\"]"}
COMMAND: POST /session/6e56a133f2a8cc611653bc0e9554f734/element/f.5D45616469B704FE080150B53095EA48.d.AAECCF11A75A9E12535FA0A096EE8379.e.3623/click - {}
RESULT: {}
COMMAND: GET /session/6e56a133f2a8cc611653bc0e9554f734/screenshot - {}
RESULT: {}
COMMAND: POST /session/6e56a133f2a8cc611653bc0e9554f734/execute/async - {"script":"<script> [1562 bytes]","args":[{"selector":{"id":"receiptDatePicker","viewName":"etm.portal.ui.managehandovers.view.DetailExecuteHO","interaction":{"idSuffix":"inner"}},"wdio_ui5_key":"receiptDatePickeretmportal.ui.managehandovers.view.DetailExecuteHO"}]}
RESULT: {"script":"<script> [1562 bytes]","args":[{"selector":{"id":"receiptDatePicker","viewName":"etm.portal.ui.managehandovers.view.DetailExecuteHO","interaction":{"idSuffix":"inner"}},"wdio_ui5_key":"receiptDatePickeretmportal.ui.managehandovers.view.DetailExecuteHO"}]}
RESULT: undefined
COMMAND: POST /session/6e56a133f2a8cc611653bc0e9554f734/execute/async - {"script":"<script> [6424 bytes]","args":[{"element-6066-11e4-a52e-4f735466cecf":"f.5D45616469B704FE080150B53095EA48.d.AAECCF11A75A9E12535FA0A096EE8379.e.3652"},"setValue",["04/28/2025"]]}
RESULT: {"script":"<script> [6424 bytes]","args":[{"element-6066-11e4-a52e-4f735466cecf":"f.5D45616469B704FE080150B53095EA48.d.AAECCF11A75A9E12535FA0A096EE8379.e.3652"},"setValue",["04/28/2025"]]}
COMMAND: POST /session/6e56a133f2a8cc611653bc0e9554f734/element - {"using":"xpath","value":"//button[@data-kt=\"PickingTableConfirmAllButton\"]"}
RESULT: {"using":"xpath","value":"//button[@data-kt=\"PickingTableConfirmAllButton\"]"}
COMMAND: POST /session/6e56a133f2a8cc611653bc0e9554f734/element/f.5D45616469B704FE080150B53095EA48.d.AAECCF11A75A9E12535FA0A096EE8379.e.3667/click - {}
RESULT: {}
COMMAND: GET /session/6e56a133f2a8cc611653bc0e9554f734/screenshot - {}
RESULT: {}
COMMAND: POST /session/6e56a133f2a8cc611653bc0e9554f734/element - {"using":"xpath","value":"//bdi[contains(text(), \"OK\")]"}
RESULT: {"using":"xpath","value":"//bdi[contains(text(), \"OK\")]"}
COMMAND: POST /session/6e56a133f2a8cc611653bc0e9554f734/element/f.5D45616469B704FE080150B53095EA48.d.AAECCF11A75A9E12535FA0A096EE8379.e.3669/click - {}
RESULT: {}
COMMAND: GET /session/6e56a133f2a8cc611653bc0e9554f734/screenshot - {}
RESULT: {}
COMMAND: POST /session/6e56a133f2a8cc611653bc0e9554f734/element - {"using":"xpath","value":"(//bdi[contains(text(), \"Receive\")])[2]"}
RESULT: {"using":"xpath","value":"(//bdi[contains(text(), \"Receive\")])[2]"}
COMMAND: POST /session/6e56a133f2a8cc611653bc0e9554f734/element/f.5D45616469B704FE080150B53095EA48.d.AAECCF11A75A9E12535FA0A096EE8379.e.3671/click - {}
RESULT: {}
COMMAND: GET /session/6e56a133f2a8cc611653bc0e9554f734/screenshot - {}
RESULT: {}
COMMAND: POST /session/6e56a133f2a8cc611653bc0e9554f734/element - {"using":"css selector","value":"#shell-header-logo"}
RESULT: {"using":"css selector","value":"#shell-header-logo"}
COMMAND: POST /session/6e56a133f2a8cc611653bc0e9554f734/element/f.5D45616469B704FE080150B53095EA48.d.AAECCF11A75A9E12535FA0A096EE8379.e.3059/click - {}
RESULT: {}
COMMAND: GET /session/6e56a133f2a8cc611653bc0e9554f734/screenshot - {}
RESULT: {}
]]></system-out>
    </testcase>
    <testcase classname="chrome.135_0_7049_96.windows.RU_Inventory_Mass_State_Change_Multiple_Items_US151066" name="Prerequisite Step 2 Should do a stock increase handover for the material" time="84.467">
      <system-out><![CDATA[
RESULT: undefined
COMMAND: POST /session/6e56a133f2a8cc611653bc0e9554f734/element - {"using":"xpath","value":"//*[@id=\"__tile133-title\"]"}
RESULT: {"using":"xpath","value":"//*[@id=\"__tile133-title\"]"}
COMMAND: POST /session/6e56a133f2a8cc611653bc0e9554f734/element/f.5D45616469B704FE080150B53095EA48.d.AAECCF11A75A9E12535FA0A096EE8379.e.3056/click - {}
RESULT: {}
COMMAND: POST /session/6e56a133f2a8cc611653bc0e9554f734/element - {"using":"xpath","value":"//button[@data-kt=\"masterHOAddButton\"]"}
COMMAND: GET /session/6e56a133f2a8cc611653bc0e9554f734/screenshot - {}
RESULT: {"using":"xpath","value":"//button[@data-kt=\"masterHOAddButton\"]"}
COMMAND: POST /session/6e56a133f2a8cc611653bc0e9554f734/elements - {"using":"xpath","value":"//button[@data-kt=\"masterHOAddButton\"]"}
RESULT: {}
RESULT: {"using":"xpath","value":"//button[@data-kt=\"masterHOAddButton\"]"}
COMMAND: POST /session/6e56a133f2a8cc611653bc0e9554f734/execute/sync - {"script":"<script> [8489 bytes]","args":[{"element-6066-11e4-a52e-4f735466cecf":"f.5D45616469B704FE080150B53095EA48.d.AAECCF11A75A9E12535FA0A096EE8379.e.3872","ELEMENT":"f.5D45616469B704FE080150B53095EA48.d.AAECCF11A75A9E12535FA0A096EE8379.e.3872"}]}
RESULT: {"script":"<script> [8489 bytes]","args":[{"element-6066-11e4-a52e-4f735466cecf":"f.5D45616469B704FE080150B53095EA48.d.AAECCF11A75A9E12535FA0A096EE8379.e.3872","ELEMENT":"f.5D45616469B704FE080150B53095EA48.d.AAECCF11A75A9E12535FA0A096EE8379.e.3872"}]}
COMMAND: GET /session/6e56a133f2a8cc611653bc0e9554f734/element/f.5D45616469B704FE080150B53095EA48.d.AAECCF11A75A9E12535FA0A096EE8379.e.3872/enabled - {}
COMMAND: GET /session/6e56a133f2a8cc611653bc0e9554f734/screenshot - {}
RESULT: {}
COMMAND: POST /session/6e56a133f2a8cc611653bc0e9554f734/execute/sync - {"script":"<script> [8489 bytes]","args":[{"element-6066-11e4-a52e-4f735466cecf":"f.5D45616469B704FE080150B53095EA48.d.AAECCF11A75A9E12535FA0A096EE8379.e.3872","ELEMENT":"f.5D45616469B704FE080150B53095EA48.d.AAECCF11A75A9E12535FA0A096EE8379.e.3872"}]}
COMMAND: GET /session/6e56a133f2a8cc611653bc0e9554f734/screenshot - {}
RESULT: {}
RESULT: {"script":"<script> [8489 bytes]","args":[{"element-6066-11e4-a52e-4f735466cecf":"f.5D45616469B704FE080150B53095EA48.d.AAECCF11A75A9E12535FA0A096EE8379.e.3872","ELEMENT":"f.5D45616469B704FE080150B53095EA48.d.AAECCF11A75A9E12535FA0A096EE8379.e.3872"}]}
COMMAND: POST /session/6e56a133f2a8cc611653bc0e9554f734/execute/sync - {"script":"<script> [5351 bytes]","args":[{"element-6066-11e4-a52e-4f735466cecf":"f.5D45616469B704FE080150B53095EA48.d.AAECCF11A75A9E12535FA0A096EE8379.e.3872","ELEMENT":"f.5D45616469B704FE080150B53095EA48.d.AAECCF11A75A9E12535FA0A096EE8379.e.3872"}]}
COMMAND: GET /session/6e56a133f2a8cc611653bc0e9554f734/screenshot - {}
RESULT: {}
RESULT: {"script":"<script> [5351 bytes]","args":[{"element-6066-11e4-a52e-4f735466cecf":"f.5D45616469B704FE080150B53095EA48.d.AAECCF11A75A9E12535FA0A096EE8379.e.3872","ELEMENT":"f.5D45616469B704FE080150B53095EA48.d.AAECCF11A75A9E12535FA0A096EE8379.e.3872"}]}
COMMAND: POST /session/6e56a133f2a8cc611653bc0e9554f734/element/f.5D45616469B704FE080150B53095EA48.d.AAECCF11A75A9E12535FA0A096EE8379.e.3872/click - {}
COMMAND: GET /session/6e56a133f2a8cc611653bc0e9554f734/screenshot - {}
RESULT: {}
RESULT: {}
COMMAND: GET /session/6e56a133f2a8cc611653bc0e9554f734/screenshot - {}
COMMAND: POST /session/6e56a133f2a8cc611653bc0e9554f734/element - {"using":"xpath","value":"//span[contains(@id ,\"AddNewHO--typeSelect-arrow\")]"}
RESULT: {}
RESULT: {}
RESULT: {"using":"xpath","value":"//span[contains(@id ,\"AddNewHO--typeSelect-arrow\")]"}
COMMAND: POST /session/6e56a133f2a8cc611653bc0e9554f734/element/f.5D45616469B704FE080150B53095EA48.d.AAECCF11A75A9E12535FA0A096EE8379.e.4303/click - {}
RESULT: {}
COMMAND: GET /session/6e56a133f2a8cc611653bc0e9554f734/screenshot - {}
RESULT: {}
COMMAND: POST /session/6e56a133f2a8cc611653bc0e9554f734/element - {"using":"xpath","value":"(//li[contains(text(), \"stock increase yard\")])[1]"}
RESULT: {"using":"xpath","value":"(//li[contains(text(), \"stock increase yard\")])[1]"}
COMMAND: POST /session/6e56a133f2a8cc611653bc0e9554f734/element/f.5D45616469B704FE080150B53095EA48.d.AAECCF11A75A9E12535FA0A096EE8379.e.4304/click - {}
RESULT: {}
COMMAND: GET /session/6e56a133f2a8cc611653bc0e9554f734/screenshot - {}
RESULT: {}
RESULT: undefined
COMMAND: POST /session/6e56a133f2a8cc611653bc0e9554f734/execute/async - {"script":"<script> [6424 bytes]","args":[{"element-6066-11e4-a52e-4f735466cecf":"f.5D45616469B704FE080150B53095EA48.d.AAECCF11A75A9E12535FA0A096EE8379.e.3435"},"setValue",["04/28/2025"]]}
COMMAND: POST /session/6e56a133f2a8cc611653bc0e9554f734/execute/async - {"script":"<script> [1562 bytes]","args":[{"selector":{"id":"application-managehandovers-display-component---AddNewHO--dueDate","interaction":{"idSuffix":"inner"}},"wdio_ui5_key":"applicationmanagehandovers-display-component---AddNewHO--dueDate"}]}
RESULT: {"script":"<script> [1562 bytes]","args":[{"selector":{"id":"application-managehandovers-display-component---AddNewHO--dueDate","interaction":{"idSuffix":"inner"}},"wdio_ui5_key":"applicationmanagehandovers-display-component---AddNewHO--dueDate"}]}
COMMAND: POST /session/6e56a133f2a8cc611653bc0e9554f734/execute/async - {"script":"<script> [6424 bytes]","args":[{"element-6066-11e4-a52e-4f735466cecf":"f.5D45616469B704FE080150B53095EA48.d.AAECCF11A75A9E12535FA0A096EE8379.e.4306"},"setValue",["04/28/2025"]]}
RESULT: {"script":"<script> [6424 bytes]","args":[{"element-6066-11e4-a52e-4f735466cecf":"f.5D45616469B704FE080150B53095EA48.d.AAECCF11A75A9E12535FA0A096EE8379.e.4306"},"setValue",["04/28/2025"]]}
COMMAND: POST /session/6e56a133f2a8cc611653bc0e9554f734/element - {"using":"xpath","value":"//input[@id=\"generalSectionFrg--receiveYard-inner\"]"}
RESULT: {"using":"xpath","value":"//input[@id=\"generalSectionFrg--receiveYard-inner\"]"}
COMMAND: POST /session/6e56a133f2a8cc611653bc0e9554f734/element/f.5D45616469B704FE080150B53095EA48.d.AAECCF11A75A9E12535FA0A096EE8379.e.4312/clear - {}
RESULT: {}
COMMAND: POST /session/6e56a133f2a8cc611653bc0e9554f734/element/f.5D45616469B704FE080150B53095EA48.d.AAECCF11A75A9E12535FA0A096EE8379.e.4312/value - {"text":"109"}
COMMAND: GET /session/6e56a133f2a8cc611653bc0e9554f734/screenshot - {}
RESULT: {"text":"109"}
COMMAND: GET /session/6e56a133f2a8cc611653bc0e9554f734/screenshot - {}
RESULT: {}
RESULT: {}
COMMAND: POST /session/6e56a133f2a8cc611653bc0e9554f734/element - {"using":"xpath","value":"//li[.//span[text()='109']]"}
RESULT: {"using":"xpath","value":"//li[.//span[text()='109']]"}
COMMAND: POST /session/6e56a133f2a8cc611653bc0e9554f734/element/f.5D45616469B704FE080150B53095EA48.d.AAECCF11A75A9E12535FA0A096EE8379.e.4329/click - {}
RESULT: {}
COMMAND: GET /session/6e56a133f2a8cc611653bc0e9554f734/screenshot - {}
RESULT: {}
RESULT: undefined
COMMAND: POST /session/6e56a133f2a8cc611653bc0e9554f734/element - {"using":"xpath","value":"//*[@id=\"application-managehandovers-display-component---AddNewHO--ObjectPageLayout-anchBar-application-managehandovers-display-component---AddNewHO--section4-anchor\"]"}
RESULT: {"using":"xpath","value":"//*[@id=\"application-managehandovers-display-component---AddNewHO--ObjectPageLayout-anchBar-application-managehandovers-display-component---AddNewHO--section4-anchor\"]"}
COMMAND: POST /session/6e56a133f2a8cc611653bc0e9554f734/element/f.5D45616469B704FE080150B53095EA48.d.AAECCF11A75A9E12535FA0A096EE8379.e.4330/click - {}
RESULT: {}
COMMAND: POST /session/6e56a133f2a8cc611653bc0e9554f734/element - {"using":"xpath","value":"//button[@aria-label=\"Add\"]"}
COMMAND: GET /session/6e56a133f2a8cc611653bc0e9554f734/screenshot - {}
RESULT: {"using":"xpath","value":"//button[@aria-label=\"Add\"]"}
COMMAND: POST /session/6e56a133f2a8cc611653bc0e9554f734/element/f.5D45616469B704FE080150B53095EA48.d.AAECCF11A75A9E12535FA0A096EE8379.e.4332/click - {}
RESULT: {}
RESULT: {}
COMMAND: GET /session/6e56a133f2a8cc611653bc0e9554f734/screenshot - {}
RESULT: {}
RESULT: undefined
COMMAND: POST /session/6e56a133f2a8cc611653bc0e9554f734/execute/async - {"script":"<script> [776 bytes]","args":[{"enterText":"200162","selector":{"id":"application-managehandovers-display-component---AddNewHO--smartFilterBar-btnBasicSearch","searchOpenDialogs":true,"interaction":{"idSuffix":"I"}},"clearTextFirst":true,"interactionType":"ENTER_TEXT"}]}
RESULT: {"script":"<script> [776 bytes]","args":[{"enterText":"200162","selector":{"id":"application-managehandovers-display-component---AddNewHO--smartFilterBar-btnBasicSearch","searchOpenDialogs":true,"interaction":{"idSuffix":"I"}},"clearTextFirst":true,"interactionType":"ENTER_TEXT"}]}
COMMAND: POST /session/6e56a133f2a8cc611653bc0e9554f734/actions - {"actions":[{"id":"action20","type":"key","parameters":{},"actions":[{"type":"keyDown","value":"î€‡"},{"type":"pause","duration":10},{"type":"keyUp","value":"î€‡"}]}]}
RESULT: {"actions":[{"id":"action20","type":"key","parameters":{},"actions":[{"type":"keyDown","value":"î€‡"},{"type":"pause","duration":10},{"type":"keyUp","value":"î€‡"}]}]}
COMMAND: GET /session/6e56a133f2a8cc611653bc0e9554f734/screenshot - {}
RESULT: {}
RESULT: undefined
COMMAND: POST /session/6e56a133f2a8cc611653bc0e9554f734/element - {"using":"xpath","value":"//*[@id=\"application-managehandovers-display-component---AddNewHO--popup-sa\"]"}
RESULT: {"using":"xpath","value":"//*[@id=\"application-managehandovers-display-component---AddNewHO--popup-sa\"]"}
COMMAND: POST /session/6e56a133f2a8cc611653bc0e9554f734/element/f.5D45616469B704FE080150B53095EA48.d.AAECCF11A75A9E12535FA0A096EE8379.e.4486/click - {}
RESULT: {}
COMMAND: GET /session/6e56a133f2a8cc611653bc0e9554f734/screenshot - {}
RESULT: {}
COMMAND: POST /session/6e56a133f2a8cc611653bc0e9554f734/element - {"using":"xpath","value":"//bdi[contains(text(), \"Select\")]"}
RESULT: {"using":"xpath","value":"//bdi[contains(text(), \"Select\")]"}
COMMAND: POST /session/6e56a133f2a8cc611653bc0e9554f734/element/f.5D45616469B704FE080150B53095EA48.d.AAECCF11A75A9E12535FA0A096EE8379.e.4487/click - {}
RESULT: {}
COMMAND: GET /session/6e56a133f2a8cc611653bc0e9554f734/screenshot - {}
RESULT: {}
COMMAND: POST /session/6e56a133f2a8cc611653bc0e9554f734/element - {"using":"xpath","value":"//button[@data-kt=\"AddNewHOSaveButton\"]"}
RESULT: {"using":"xpath","value":"//button[@data-kt=\"AddNewHOSaveButton\"]"}
COMMAND: POST /session/6e56a133f2a8cc611653bc0e9554f734/element/f.5D45616469B704FE080150B53095EA48.d.AAECCF11A75A9E12535FA0A096EE8379.e.4491/click - {}
RESULT: {}
COMMAND: GET /session/6e56a133f2a8cc611653bc0e9554f734/screenshot - {}
RESULT: {}
RESULT: undefined
COMMAND: POST /session/6e56a133f2a8cc611653bc0e9554f734/execute/async - {"script":"<script> [6424 bytes]","args":[{"element-6066-11e4-a52e-4f735466cecf":"f.5D45616469B704FE080150B53095EA48.d.AAECCF11A75A9E12535FA0A096EE8379.e.3652"},"setValue",["04/28/2025"]]}
COMMAND: POST /session/6e56a133f2a8cc611653bc0e9554f734/execute/async - {"script":"<script> [1562 bytes]","args":[{"selector":{"id":"receiptDatePicker","viewName":"etm.portal.ui.managehandovers.view.DetailExecuteHO","interaction":{"idSuffix":"inner"}},"wdio_ui5_key":"receiptDatePickeretmportal.ui.managehandovers.view.DetailExecuteHO"}]}
RESULT: {"script":"<script> [1562 bytes]","args":[{"selector":{"id":"receiptDatePicker","viewName":"etm.portal.ui.managehandovers.view.DetailExecuteHO","interaction":{"idSuffix":"inner"}},"wdio_ui5_key":"receiptDatePickeretmportal.ui.managehandovers.view.DetailExecuteHO"}]}
COMMAND: POST /session/6e56a133f2a8cc611653bc0e9554f734/execute/async - {"script":"<script> [6424 bytes]","args":[{"element-6066-11e4-a52e-4f735466cecf":"f.5D45616469B704FE080150B53095EA48.d.AAECCF11A75A9E12535FA0A096EE8379.e.4520"},"setValue",["04/28/2025"]]}
RESULT: {"script":"<script> [6424 bytes]","args":[{"element-6066-11e4-a52e-4f735466cecf":"f.5D45616469B704FE080150B53095EA48.d.AAECCF11A75A9E12535FA0A096EE8379.e.4520"},"setValue",["04/28/2025"]]}
COMMAND: POST /session/6e56a133f2a8cc611653bc0e9554f734/element - {"using":"xpath","value":"//button[@data-kt=\"PickingTableConfirmAllButton\"]"}
RESULT: {"using":"xpath","value":"//button[@data-kt=\"PickingTableConfirmAllButton\"]"}
COMMAND: POST /session/6e56a133f2a8cc611653bc0e9554f734/element/f.5D45616469B704FE080150B53095EA48.d.AAECCF11A75A9E12535FA0A096EE8379.e.4534/click - {}
RESULT: {}
COMMAND: GET /session/6e56a133f2a8cc611653bc0e9554f734/screenshot - {}
RESULT: {}
COMMAND: POST /session/6e56a133f2a8cc611653bc0e9554f734/element - {"using":"xpath","value":"//bdi[contains(text(), \"OK\")]"}
RESULT: {"using":"xpath","value":"//bdi[contains(text(), \"OK\")]"}
COMMAND: POST /session/6e56a133f2a8cc611653bc0e9554f734/element/f.5D45616469B704FE080150B53095EA48.d.AAECCF11A75A9E12535FA0A096EE8379.e.4536/click - {}
RESULT: {}
COMMAND: GET /session/6e56a133f2a8cc611653bc0e9554f734/screenshot - {}
RESULT: {}
COMMAND: POST /session/6e56a133f2a8cc611653bc0e9554f734/element - {"using":"xpath","value":"(//bdi[contains(text(), \"Receive\")])[2]"}
RESULT: {"using":"xpath","value":"(//bdi[contains(text(), \"Receive\")])[2]"}
COMMAND: POST /session/6e56a133f2a8cc611653bc0e9554f734/element/f.5D45616469B704FE080150B53095EA48.d.AAECCF11A75A9E12535FA0A096EE8379.e.4538/click - {}
RESULT: {}
COMMAND: GET /session/6e56a133f2a8cc611653bc0e9554f734/screenshot - {}
RESULT: {}
COMMAND: POST /session/6e56a133f2a8cc611653bc0e9554f734/element - {"using":"css selector","value":"#shell-header-logo"}
RESULT: {"using":"css selector","value":"#shell-header-logo"}
COMMAND: POST /session/6e56a133f2a8cc611653bc0e9554f734/element/f.5D45616469B704FE080150B53095EA48.d.AAECCF11A75A9E12535FA0A096EE8379.e.3844/click - {}
RESULT: {}
COMMAND: GET /session/6e56a133f2a8cc611653bc0e9554f734/screenshot - {}
RESULT: {}
]]></system-out>
    </testcase>
    <testcase classname="chrome.135_0_7049_96.windows.RU_Inventory_Mass_State_Change_Multiple_Items_US151066" name="Step 2 Should do a RU inventory mass state change on chosen yard 109 with the resources created one equipment one material the existing ones too" time="279.701">
      <system-out><![CDATA[
RESULT: undefined
COMMAND: POST /session/6e56a133f2a8cc611653bc0e9554f734/element - {"using":"xpath","value":"//*[@id=\"__tile99\"]"}
RESULT: {"using":"xpath","value":"//*[@id=\"__tile99\"]"}
COMMAND: POST /session/6e56a133f2a8cc611653bc0e9554f734/element/f.5D45616469B704FE080150B53095EA48.d.AAECCF11A75A9E12535FA0A096EE8379.e.282/click - {}
RESULT: {}
COMMAND: POST /session/6e56a133f2a8cc611653bc0e9554f734/element - {"using":"xpath","value":"//button[contains(@id, \"massStateBtn\")]"}
COMMAND: GET /session/6e56a133f2a8cc611653bc0e9554f734/screenshot - {}
RESULT: {"using":"xpath","value":"//button[contains(@id, \"massStateBtn\")]"}
COMMAND: POST /session/6e56a133f2a8cc611653bc0e9554f734/elements - {"using":"xpath","value":"//button[contains(@id, \"massStateBtn\")]"}
RESULT: {}
RESULT: {"using":"xpath","value":"//button[contains(@id, \"massStateBtn\")]"}
COMMAND: POST /session/6e56a133f2a8cc611653bc0e9554f734/execute/sync - {"script":"<script> [8489 bytes]","args":[{"element-6066-11e4-a52e-4f735466cecf":"f.5D45616469B704FE080150B53095EA48.d.AAECCF11A75A9E12535FA0A096EE8379.e.4737","ELEMENT":"f.5D45616469B704FE080150B53095EA48.d.AAECCF11A75A9E12535FA0A096EE8379.e.4737"}]}
RESULT: {"script":"<script> [8489 bytes]","args":[{"element-6066-11e4-a52e-4f735466cecf":"f.5D45616469B704FE080150B53095EA48.d.AAECCF11A75A9E12535FA0A096EE8379.e.4737","ELEMENT":"f.5D45616469B704FE080150B53095EA48.d.AAECCF11A75A9E12535FA0A096EE8379.e.4737"}]}
COMMAND: GET /session/6e56a133f2a8cc611653bc0e9554f734/element/f.5D45616469B704FE080150B53095EA48.d.AAECCF11A75A9E12535FA0A096EE8379.e.4737/enabled - {}
COMMAND: GET /session/6e56a133f2a8cc611653bc0e9554f734/screenshot - {}
RESULT: {}
COMMAND: POST /session/6e56a133f2a8cc611653bc0e9554f734/execute/sync - {"script":"<script> [8489 bytes]","args":[{"element-6066-11e4-a52e-4f735466cecf":"f.5D45616469B704FE080150B53095EA48.d.AAECCF11A75A9E12535FA0A096EE8379.e.4737","ELEMENT":"f.5D45616469B704FE080150B53095EA48.d.AAECCF11A75A9E12535FA0A096EE8379.e.4737"}]}
COMMAND: GET /session/6e56a133f2a8cc611653bc0e9554f734/screenshot - {}
RESULT: {}
RESULT: {"script":"<script> [8489 bytes]","args":[{"element-6066-11e4-a52e-4f735466cecf":"f.5D45616469B704FE080150B53095EA48.d.AAECCF11A75A9E12535FA0A096EE8379.e.4737","ELEMENT":"f.5D45616469B704FE080150B53095EA48.d.AAECCF11A75A9E12535FA0A096EE8379.e.4737"}]}
COMMAND: POST /session/6e56a133f2a8cc611653bc0e9554f734/execute/sync - {"script":"<script> [5351 bytes]","args":[{"element-6066-11e4-a52e-4f735466cecf":"f.5D45616469B704FE080150B53095EA48.d.AAECCF11A75A9E12535FA0A096EE8379.e.4737","ELEMENT":"f.5D45616469B704FE080150B53095EA48.d.AAECCF11A75A9E12535FA0A096EE8379.e.4737"}]}
COMMAND: GET /session/6e56a133f2a8cc611653bc0e9554f734/screenshot - {}
RESULT: {}
RESULT: {"script":"<script> [5351 bytes]","args":[{"element-6066-11e4-a52e-4f735466cecf":"f.5D45616469B704FE080150B53095EA48.d.AAECCF11A75A9E12535FA0A096EE8379.e.4737","ELEMENT":"f.5D45616469B704FE080150B53095EA48.d.AAECCF11A75A9E12535FA0A096EE8379.e.4737"}]}
COMMAND: POST /session/6e56a133f2a8cc611653bc0e9554f734/element/f.5D45616469B704FE080150B53095EA48.d.AAECCF11A75A9E12535FA0A096EE8379.e.4737/click - {}
COMMAND: GET /session/6e56a133f2a8cc611653bc0e9554f734/screenshot - {}
RESULT: {}
RESULT: {}
COMMAND: GET /session/6e56a133f2a8cc611653bc0e9554f734/screenshot - {}
RESULT: {}
RESULT: {}
RESULT: undefined
COMMAND: POST /session/6e56a133f2a8cc611653bc0e9554f734/element - {"using":"xpath","value":"//*[@id=\"application-ruinventorylist-display-component---Master--ruLocationTypeComboBox-arrow\"]"}
RESULT: {"using":"xpath","value":"//*[@id=\"application-ruinventorylist-display-component---Master--ruLocationTypeComboBox-arrow\"]"}
COMMAND: POST /session/6e56a133f2a8cc611653bc0e9554f734/element/f.5D45616469B704FE080150B53095EA48.d.AAECCF11A75A9E12535FA0A096EE8379.e.5079/click - {}
RESULT: {}
COMMAND: GET /session/6e56a133f2a8cc611653bc0e9554f734/screenshot - {}
RESULT: {}
COMMAND: POST /session/6e56a133f2a8cc611653bc0e9554f734/element - {"using":"xpath","value":"//li[.//span[text()='Yard']]"}
RESULT: {"using":"xpath","value":"//li[.//span[text()='Yard']]"}
COMMAND: POST /session/6e56a133f2a8cc611653bc0e9554f734/element/f.5D45616469B704FE080150B53095EA48.d.AAECCF11A75A9E12535FA0A096EE8379.e.5080/click - {}
RESULT: {}
COMMAND: GET /session/6e56a133f2a8cc611653bc0e9554f734/screenshot - {}
RESULT: {}
RESULT: undefined
COMMAND: POST /session/6e56a133f2a8cc611653bc0e9554f734/element - {"using":"xpath","value":"//*[@id=\"application-ruinventorylist-display-component---Master--smartFilterBar-filterItemControl_BASIC-YARD-vhi\"]"}
RESULT: {"using":"xpath","value":"//*[@id=\"application-ruinventorylist-display-component---Master--smartFilterBar-filterItemControl_BASIC-YARD-vhi\"]"}
COMMAND: POST /session/6e56a133f2a8cc611653bc0e9554f734/element/f.5D45616469B704FE080150B53095EA48.d.AAECCF11A75A9E12535FA0A096EE8379.e.5140/click - {}
RESULT: {}
COMMAND: GET /session/6e56a133f2a8cc611653bc0e9554f734/screenshot - {}
RESULT: {}
RESULT: undefined
COMMAND: POST /session/6e56a133f2a8cc611653bc0e9554f734/execute/async - {"script":"<script> [776 bytes]","args":[{"enterText":"109","selector":{"id":"application-ruinventorylist-display-component---Master--smartFilterBar-filterItemControl_BASIC-YARD-valueHelpDialog-smartFilterBar-btnBasicSearch","searchOpenDialogs":true,"interaction":{"idSuffix":"I"}},"clearTextFirst":true,"interactionType":"ENTER_TEXT"}]}
RESULT: {"script":"<script> [776 bytes]","args":[{"enterText":"109","selector":{"id":"application-ruinventorylist-display-component---Master--smartFilterBar-filterItemControl_BASIC-YARD-valueHelpDialog-smartFilterBar-btnBasicSearch","searchOpenDialogs":true,"interaction":{"idSuffix":"I"}},"clearTextFirst":true,"interactionType":"ENTER_TEXT"}]}
COMMAND: POST /session/6e56a133f2a8cc611653bc0e9554f734/actions - {"actions":[{"id":"action21","type":"key","parameters":{},"actions":[{"type":"keyDown","value":"î€‡"},{"type":"pause","duration":10},{"type":"keyUp","value":"î€‡"}]}]}
RESULT: {"actions":[{"id":"action21","type":"key","parameters":{},"actions":[{"type":"keyDown","value":"î€‡"},{"type":"pause","duration":10},{"type":"keyUp","value":"î€‡"}]}]}
COMMAND: GET /session/6e56a133f2a8cc611653bc0e9554f734/screenshot - {}
RESULT: {}
COMMAND: POST /session/6e56a133f2a8cc611653bc0e9554f734/elements - {"using":"xpath","value":"//table[contains(@id, \"filterItemControl_BASIC-YARD-valueHelpDialog-table-table\")]/tbody/tr"}
RESULT: {"using":"xpath","value":"//table[contains(@id, \"filterItemControl_BASIC-YARD-valueHelpDialog-table-table\")]/tbody/tr"}
COMMAND: POST /session/6e56a133f2a8cc611653bc0e9554f734/element - {"using":"xpath","value":"//table[contains(@id, \"filterItemControl_BASIC-YARD-valueHelpDialog-table-table\")]/tbody/tr[1]/td[1]/div/span"}
RESULT: {"using":"xpath","value":"//table[contains(@id, \"filterItemControl_BASIC-YARD-valueHelpDialog-table-table\")]/tbody/tr[1]/td[1]/div/span"}
COMMAND: POST /session/6e56a133f2a8cc611653bc0e9554f734/elements - {"using":"xpath","value":"//table[contains(@id, \"filterItemControl_BASIC-YARD-valueHelpDialog-table-table\")]/tbody/tr[1]/td[1]/div/span"}
RESULT: {"using":"xpath","value":"//table[contains(@id, \"filterItemControl_BASIC-YARD-valueHelpDialog-table-table\")]/tbody/tr[1]/td[1]/div/span"}
COMMAND: POST /session/6e56a133f2a8cc611653bc0e9554f734/execute/sync - {"script":"<script> [56 bytes]","args":[{"element-6066-11e4-a52e-4f735466cecf":"f.5D45616469B704FE080150B53095EA48.d.AAECCF11A75A9E12535FA0A096EE8379.e.5158","ELEMENT":"f.5D45616469B704FE080150B53095EA48.d.AAECCF11A75A9E12535FA0A096EE8379.e.5158"}]}
RESULT: {"script":"<script> [56 bytes]","args":[{"element-6066-11e4-a52e-4f735466cecf":"f.5D45616469B704FE080150B53095EA48.d.AAECCF11A75A9E12535FA0A096EE8379.e.5158","ELEMENT":"f.5D45616469B704FE080150B53095EA48.d.AAECCF11A75A9E12535FA0A096EE8379.e.5158"}]}
COMMAND: POST /session/6e56a133f2a8cc611653bc0e9554f734/element - {"using":"xpath","value":"//div[contains(@id, \"filterItemControl_BASIC-YARD-valueHelpDialog-table-rowsel0\")]"}
COMMAND: GET /session/6e56a133f2a8cc611653bc0e9554f734/screenshot - {}
RESULT: {"using":"xpath","value":"//div[contains(@id, \"filterItemControl_BASIC-YARD-valueHelpDialog-table-rowsel0\")]"}
COMMAND: POST /session/6e56a133f2a8cc611653bc0e9554f734/element/f.5D45616469B704FE080150B53095EA48.d.AAECCF11A75A9E12535FA0A096EE8379.e.5159/click - {}
RESULT: {}
RESULT: {}
COMMAND: GET /session/6e56a133f2a8cc611653bc0e9554f734/screenshot - {}
RESULT: {}
COMMAND: POST /session/6e56a133f2a8cc611653bc0e9554f734/element - {"using":"xpath","value":"//div[contains(@id, \"smartFilterBar-filterItemControl_BASIC-YARD-valueHelpDialog-smartFilterBar-btnBasicSearch-reset\")]"}
RESULT: {"using":"xpath","value":"//div[contains(@id, \"smartFilterBar-filterItemControl_BASIC-YARD-valueHelpDialog-smartFilterBar-btnBasicSearch-reset\")]"}
COMMAND: POST /session/6e56a133f2a8cc611653bc0e9554f734/element/f.5D45616469B704FE080150B53095EA48.d.AAECCF11A75A9E12535FA0A096EE8379.e.5161/click - {}
RESULT: {}
RESULT: undefined
COMMAND: POST /session/6e56a133f2a8cc611653bc0e9554f734/execute/async - {"script":"<script> [776 bytes]","args":[{"enterText":"OPA5_BST01_YARD1","selector":{"id":"application-ruinventorylist-display-component---Master--smartFilterBar-filterItemControl_BASIC-YARD-valueHelpDialog-smartFilterBar-btnBasicSearch","searchOpenDialogs":true,"interaction":{"idSuffix":"I"}},"clearTextFirst":true,"interactionType":"ENTER_TEXT"}]}
COMMAND: GET /session/6e56a133f2a8cc611653bc0e9554f734/screenshot - {}
RESULT: {"script":"<script> [776 bytes]","args":[{"enterText":"OPA5_BST01_YARD1","selector":{"id":"application-ruinventorylist-display-component---Master--smartFilterBar-filterItemControl_BASIC-YARD-valueHelpDialog-smartFilterBar-btnBasicSearch","searchOpenDialogs":true,"interaction":{"idSuffix":"I"}},"clearTextFirst":true,"interactionType":"ENTER_TEXT"}]}
COMMAND: POST /session/6e56a133f2a8cc611653bc0e9554f734/actions - {"actions":[{"id":"action22","type":"key","parameters":{},"actions":[{"type":"keyDown","value":"î€‡"},{"type":"pause","duration":10},{"type":"keyUp","value":"î€‡"}]}]}
RESULT: {}
RESULT: {"actions":[{"id":"action22","type":"key","parameters":{},"actions":[{"type":"keyDown","value":"î€‡"},{"type":"pause","duration":10},{"type":"keyUp","value":"î€‡"}]}]}
COMMAND: GET /session/6e56a133f2a8cc611653bc0e9554f734/screenshot - {}
RESULT: {}
COMMAND: POST /session/6e56a133f2a8cc611653bc0e9554f734/elements - {"using":"xpath","value":"//table[contains(@id, \"filterItemControl_BASIC-YARD-valueHelpDialog-table-table\")]/tbody/tr"}
RESULT: {"using":"xpath","value":"//table[contains(@id, \"filterItemControl_BASIC-YARD-valueHelpDialog-table-table\")]/tbody/tr"}
COMMAND: POST /session/6e56a133f2a8cc611653bc0e9554f734/element - {"using":"xpath","value":"//table[contains(@id, \"filterItemControl_BASIC-YARD-valueHelpDialog-table-table\")]/tbody/tr[1]/td[1]/div/span"}
RESULT: {"using":"xpath","value":"//table[contains(@id, \"filterItemControl_BASIC-YARD-valueHelpDialog-table-table\")]/tbody/tr[1]/td[1]/div/span"}
COMMAND: POST /session/6e56a133f2a8cc611653bc0e9554f734/elements - {"using":"xpath","value":"//table[contains(@id, \"filterItemControl_BASIC-YARD-valueHelpDialog-table-table\")]/tbody/tr[1]/td[1]/div/span"}
RESULT: {"using":"xpath","value":"//table[contains(@id, \"filterItemControl_BASIC-YARD-valueHelpDialog-table-table\")]/tbody/tr[1]/td[1]/div/span"}
COMMAND: POST /session/6e56a133f2a8cc611653bc0e9554f734/execute/sync - {"script":"<script> [56 bytes]","args":[{"element-6066-11e4-a52e-4f735466cecf":"f.5D45616469B704FE080150B53095EA48.d.AAECCF11A75A9E12535FA0A096EE8379.e.5158","ELEMENT":"f.5D45616469B704FE080150B53095EA48.d.AAECCF11A75A9E12535FA0A096EE8379.e.5158"}]}
RESULT: {"script":"<script> [56 bytes]","args":[{"element-6066-11e4-a52e-4f735466cecf":"f.5D45616469B704FE080150B53095EA48.d.AAECCF11A75A9E12535FA0A096EE8379.e.5158","ELEMENT":"f.5D45616469B704FE080150B53095EA48.d.AAECCF11A75A9E12535FA0A096EE8379.e.5158"}]}
COMMAND: POST /session/6e56a133f2a8cc611653bc0e9554f734/element - {"using":"xpath","value":"//div[contains(@id, \"filterItemControl_BASIC-YARD-valueHelpDialog-table-rowsel0\")]"}
COMMAND: GET /session/6e56a133f2a8cc611653bc0e9554f734/screenshot - {}
RESULT: {"using":"xpath","value":"//div[contains(@id, \"filterItemControl_BASIC-YARD-valueHelpDialog-table-rowsel0\")]"}
COMMAND: POST /session/6e56a133f2a8cc611653bc0e9554f734/element/f.5D45616469B704FE080150B53095EA48.d.AAECCF11A75A9E12535FA0A096EE8379.e.5159/click - {}
RESULT: {}
RESULT: {}
COMMAND: GET /session/6e56a133f2a8cc611653bc0e9554f734/screenshot - {}
RESULT: {}
COMMAND: POST /session/6e56a133f2a8cc611653bc0e9554f734/element - {"using":"xpath","value":"(//bdi[contains(text(), \"OK\")])[1]"}
RESULT: {"using":"xpath","value":"(//bdi[contains(text(), \"OK\")])[1]"}
COMMAND: POST /session/6e56a133f2a8cc611653bc0e9554f734/element/f.5D45616469B704FE080150B53095EA48.d.AAECCF11A75A9E12535FA0A096EE8379.e.5162/click - {}
RESULT: {}
COMMAND: GET /session/6e56a133f2a8cc611653bc0e9554f734/screenshot - {}
RESULT: {}
COMMAND: POST /session/6e56a133f2a8cc611653bc0e9554f734/element - {"using":"xpath","value":"//span[@id=\"application-ruinventorylist-display-component---Master--smartTableRuInventoryList-header-inner\"]"}
RESULT: {"using":"xpath","value":"//span[@id=\"application-ruinventorylist-display-component---Master--smartTableRuInventoryList-header-inner\"]"}
COMMAND: POST /session/6e56a133f2a8cc611653bc0e9554f734/elements - {"using":"xpath","value":"//span[@id=\"application-ruinventorylist-display-component---Master--smartTableRuInventoryList-header-inner\"]"}
RESULT: {"using":"xpath","value":"//span[@id=\"application-ruinventorylist-display-component---Master--smartTableRuInventoryList-header-inner\"]"}
COMMAND: POST /session/6e56a133f2a8cc611653bc0e9554f734/execute/sync - {"script":"<script> [56 bytes]","args":[{"element-6066-11e4-a52e-4f735466cecf":"f.5D45616469B704FE080150B53095EA48.d.AAECCF11A75A9E12535FA0A096EE8379.e.5294","ELEMENT":"f.5D45616469B704FE080150B53095EA48.d.AAECCF11A75A9E12535FA0A096EE8379.e.5294"}]}
RESULT: {"script":"<script> [56 bytes]","args":[{"element-6066-11e4-a52e-4f735466cecf":"f.5D45616469B704FE080150B53095EA48.d.AAECCF11A75A9E12535FA0A096EE8379.e.5294","ELEMENT":"f.5D45616469B704FE080150B53095EA48.d.AAECCF11A75A9E12535FA0A096EE8379.e.5294"}]}
RESULT: undefined
COMMAND: POST /session/6e56a133f2a8cc611653bc0e9554f734/execute/async - {"script":"<script> [776 bytes]","args":[{"enterText":"600002","selector":{"id":"application-ruinventorylist-display-component---Master--smartFilterBar-btnBasicSearch","interaction":{"idSuffix":"I"}},"clearTextFirst":true,"interactionType":"ENTER_TEXT"}]}
COMMAND: GET /session/6e56a133f2a8cc611653bc0e9554f734/screenshot - {}
RESULT: {"script":"<script> [776 bytes]","args":[{"enterText":"600002","selector":{"id":"application-ruinventorylist-display-component---Master--smartFilterBar-btnBasicSearch","interaction":{"idSuffix":"I"}},"clearTextFirst":true,"interactionType":"ENTER_TEXT"}]}
COMMAND: POST /session/6e56a133f2a8cc611653bc0e9554f734/actions - {"actions":[{"id":"action23","type":"key","parameters":{},"actions":[{"type":"keyDown","value":"î€‡"},{"type":"pause","duration":10},{"type":"keyUp","value":"î€‡"}]}]}
RESULT: {}
RESULT: {"actions":[{"id":"action23","type":"key","parameters":{},"actions":[{"type":"keyDown","value":"î€‡"},{"type":"pause","duration":10},{"type":"keyUp","value":"î€‡"}]}]}
COMMAND: GET /session/6e56a133f2a8cc611653bc0e9554f734/screenshot - {}
RESULT: {}
COMMAND: POST /session/6e56a133f2a8cc611653bc0e9554f734/element - {"using":"xpath","value":"//span[@id=\"application-ruinventorylist-display-component---Master--smartTableRuInventoryList-header-inner\"]"}
RESULT: {"using":"xpath","value":"//span[@id=\"application-ruinventorylist-display-component---Master--smartTableRuInventoryList-header-inner\"]"}
COMMAND: POST /session/6e56a133f2a8cc611653bc0e9554f734/elements - {"using":"xpath","value":"//span[@id=\"application-ruinventorylist-display-component---Master--smartTableRuInventoryList-header-inner\"]"}
RESULT: {"using":"xpath","value":"//span[@id=\"application-ruinventorylist-display-component---Master--smartTableRuInventoryList-header-inner\"]"}
COMMAND: POST /session/6e56a133f2a8cc611653bc0e9554f734/execute/sync - {"script":"<script> [56 bytes]","args":[{"element-6066-11e4-a52e-4f735466cecf":"f.5D45616469B704FE080150B53095EA48.d.AAECCF11A75A9E12535FA0A096EE8379.e.5294","ELEMENT":"f.5D45616469B704FE080150B53095EA48.d.AAECCF11A75A9E12535FA0A096EE8379.e.5294"}]}
RESULT: {"script":"<script> [56 bytes]","args":[{"element-6066-11e4-a52e-4f735466cecf":"f.5D45616469B704FE080150B53095EA48.d.AAECCF11A75A9E12535FA0A096EE8379.e.5294","ELEMENT":"f.5D45616469B704FE080150B53095EA48.d.AAECCF11A75A9E12535FA0A096EE8379.e.5294"}]}
COMMAND: POST /session/6e56a133f2a8cc611653bc0e9554f734/element - {"using":"xpath","value":"//table[contains(@id, \"application-ruinventorylist-display-component---Master--tableRuInventoryList-listUl\")]/tbody/tr[1]/td[2]/div/div"}
COMMAND: GET /session/6e56a133f2a8cc611653bc0e9554f734/screenshot - {}
RESULT: {"using":"xpath","value":"//table[contains(@id, \"application-ruinventorylist-display-component---Master--tableRuInventoryList-listUl\")]/tbody/tr[1]/td[2]/div/div"}
COMMAND: POST /session/6e56a133f2a8cc611653bc0e9554f734/element/f.5D45616469B704FE080150B53095EA48.d.AAECCF11A75A9E12535FA0A096EE8379.e.5319/click - {}
RESULT: {}
RESULT: {}
COMMAND: GET /session/6e56a133f2a8cc611653bc0e9554f734/screenshot - {}
RESULT: {}
COMMAND: POST /session/6e56a133f2a8cc611653bc0e9554f734/element - {"using":"xpath","value":"//div[contains(@id, \"smartFilterBar-btnBasicSearch-reset\")]"}
RESULT: {"using":"xpath","value":"//div[contains(@id, \"smartFilterBar-btnBasicSearch-reset\")]"}
COMMAND: POST /session/6e56a133f2a8cc611653bc0e9554f734/element/f.5D45616469B704FE080150B53095EA48.d.AAECCF11A75A9E12535FA0A096EE8379.e.5330/click - {}
RESULT: {}
COMMAND: GET /session/6e56a133f2a8cc611653bc0e9554f734/screenshot - {}
RESULT: {}
RESULT: undefined
COMMAND: POST /session/6e56a133f2a8cc611653bc0e9554f734/execute/async - {"script":"<script> [776 bytes]","args":[{"enterText":"401002","selector":{"id":"application-ruinventorylist-display-component---Master--smartFilterBar-btnBasicSearch","interaction":{"idSuffix":"I"}},"clearTextFirst":true,"interactionType":"ENTER_TEXT"}]}
RESULT: {"script":"<script> [776 bytes]","args":[{"enterText":"401002","selector":{"id":"application-ruinventorylist-display-component---Master--smartFilterBar-btnBasicSearch","interaction":{"idSuffix":"I"}},"clearTextFirst":true,"interactionType":"ENTER_TEXT"}]}
COMMAND: POST /session/6e56a133f2a8cc611653bc0e9554f734/actions - {"actions":[{"id":"action24","type":"key","parameters":{},"actions":[{"type":"keyDown","value":"î€‡"},{"type":"pause","duration":10},{"type":"keyUp","value":"î€‡"}]}]}
RESULT: {"actions":[{"id":"action24","type":"key","parameters":{},"actions":[{"type":"keyDown","value":"î€‡"},{"type":"pause","duration":10},{"type":"keyUp","value":"î€‡"}]}]}
COMMAND: GET /session/6e56a133f2a8cc611653bc0e9554f734/screenshot - {}
RESULT: {}
COMMAND: POST /session/6e56a133f2a8cc611653bc0e9554f734/element - {"using":"xpath","value":"//span[@id=\"application-ruinventorylist-display-component---Master--smartTableRuInventoryList-header-inner\"]"}
RESULT: {"using":"xpath","value":"//span[@id=\"application-ruinventorylist-display-component---Master--smartTableRuInventoryList-header-inner\"]"}
COMMAND: POST /session/6e56a133f2a8cc611653bc0e9554f734/elements - {"using":"xpath","value":"//span[@id=\"application-ruinventorylist-display-component---Master--smartTableRuInventoryList-header-inner\"]"}
RESULT: {"using":"xpath","value":"//span[@id=\"application-ruinventorylist-display-component---Master--smartTableRuInventoryList-header-inner\"]"}
COMMAND: POST /session/6e56a133f2a8cc611653bc0e9554f734/execute/sync - {"script":"<script> [56 bytes]","args":[{"element-6066-11e4-a52e-4f735466cecf":"f.5D45616469B704FE080150B53095EA48.d.AAECCF11A75A9E12535FA0A096EE8379.e.5294","ELEMENT":"f.5D45616469B704FE080150B53095EA48.d.AAECCF11A75A9E12535FA0A096EE8379.e.5294"}]}
RESULT: {"script":"<script> [56 bytes]","args":[{"element-6066-11e4-a52e-4f735466cecf":"f.5D45616469B704FE080150B53095EA48.d.AAECCF11A75A9E12535FA0A096EE8379.e.5294","ELEMENT":"f.5D45616469B704FE080150B53095EA48.d.AAECCF11A75A9E12535FA0A096EE8379.e.5294"}]}
COMMAND: POST /session/6e56a133f2a8cc611653bc0e9554f734/element - {"using":"xpath","value":"//table[contains(@id, \"application-ruinventorylist-display-component---Master--tableRuInventoryList-listUl\")]/tbody/tr[1]/td[2]/div/div"}
COMMAND: GET /session/6e56a133f2a8cc611653bc0e9554f734/screenshot - {}
RESULT: {"using":"xpath","value":"//table[contains(@id, \"application-ruinventorylist-display-component---Master--tableRuInventoryList-listUl\")]/tbody/tr[1]/td[2]/div/div"}
COMMAND: POST /session/6e56a133f2a8cc611653bc0e9554f734/element/f.5D45616469B704FE080150B53095EA48.d.AAECCF11A75A9E12535FA0A096EE8379.e.5465/click - {}
RESULT: {}
RESULT: {}
COMMAND: GET /session/6e56a133f2a8cc611653bc0e9554f734/screenshot - {}
RESULT: {}
COMMAND: POST /session/6e56a133f2a8cc611653bc0e9554f734/element - {"using":"xpath","value":"//div[contains(@id, \"smartFilterBar-btnBasicSearch-reset\")]"}
RESULT: {"using":"xpath","value":"//div[contains(@id, \"smartFilterBar-btnBasicSearch-reset\")]"}
COMMAND: POST /session/6e56a133f2a8cc611653bc0e9554f734/element/f.5D45616469B704FE080150B53095EA48.d.AAECCF11A75A9E12535FA0A096EE8379.e.5330/click - {}
RESULT: {}
COMMAND: GET /session/6e56a133f2a8cc611653bc0e9554f734/screenshot - {}
RESULT: {}
RESULT: undefined
COMMAND: POST /session/6e56a133f2a8cc611653bc0e9554f734/execute/async - {"script":"<script> [776 bytes]","args":[{"enterText":"085OZ5tqch","selector":{"id":"application-ruinventorylist-display-component---Master--smartFilterBar-btnBasicSearch","interaction":{"idSuffix":"I"}},"clearTextFirst":true,"interactionType":"ENTER_TEXT"}]}
RESULT: {"script":"<script> [776 bytes]","args":[{"enterText":"085OZ5tqch","selector":{"id":"application-ruinventorylist-display-component---Master--smartFilterBar-btnBasicSearch","interaction":{"idSuffix":"I"}},"clearTextFirst":true,"interactionType":"ENTER_TEXT"}]}
COMMAND: POST /session/6e56a133f2a8cc611653bc0e9554f734/actions - {"actions":[{"id":"action25","type":"key","parameters":{},"actions":[{"type":"keyDown","value":"î€‡"},{"type":"pause","duration":10},{"type":"keyUp","value":"î€‡"}]}]}
RESULT: {"actions":[{"id":"action25","type":"key","parameters":{},"actions":[{"type":"keyDown","value":"î€‡"},{"type":"pause","duration":10},{"type":"keyUp","value":"î€‡"}]}]}
COMMAND: GET /session/6e56a133f2a8cc611653bc0e9554f734/screenshot - {}
RESULT: {}
COMMAND: POST /session/6e56a133f2a8cc611653bc0e9554f734/element - {"using":"xpath","value":"//span[@id=\"application-ruinventorylist-display-component---Master--smartTableRuInventoryList-header-inner\"]"}
RESULT: {"using":"xpath","value":"//span[@id=\"application-ruinventorylist-display-component---Master--smartTableRuInventoryList-header-inner\"]"}
COMMAND: POST /session/6e56a133f2a8cc611653bc0e9554f734/elements - {"using":"xpath","value":"//span[@id=\"application-ruinventorylist-display-component---Master--smartTableRuInventoryList-header-inner\"]"}
RESULT: {"using":"xpath","value":"//span[@id=\"application-ruinventorylist-display-component---Master--smartTableRuInventoryList-header-inner\"]"}
COMMAND: POST /session/6e56a133f2a8cc611653bc0e9554f734/execute/sync - {"script":"<script> [56 bytes]","args":[{"element-6066-11e4-a52e-4f735466cecf":"f.5D45616469B704FE080150B53095EA48.d.AAECCF11A75A9E12535FA0A096EE8379.e.5294","ELEMENT":"f.5D45616469B704FE080150B53095EA48.d.AAECCF11A75A9E12535FA0A096EE8379.e.5294"}]}
RESULT: {"script":"<script> [56 bytes]","args":[{"element-6066-11e4-a52e-4f735466cecf":"f.5D45616469B704FE080150B53095EA48.d.AAECCF11A75A9E12535FA0A096EE8379.e.5294","ELEMENT":"f.5D45616469B704FE080150B53095EA48.d.AAECCF11A75A9E12535FA0A096EE8379.e.5294"}]}
COMMAND: POST /session/6e56a133f2a8cc611653bc0e9554f734/element - {"using":"xpath","value":"//table[contains(@id, \"application-ruinventorylist-display-component---Master--tableRuInventoryList-listUl\")]/tbody/tr[1]/td[2]/div/div"}
COMMAND: GET /session/6e56a133f2a8cc611653bc0e9554f734/screenshot - {}
RESULT: {"using":"xpath","value":"//table[contains(@id, \"application-ruinventorylist-display-component---Master--tableRuInventoryList-listUl\")]/tbody/tr[1]/td[2]/div/div"}
COMMAND: POST /session/6e56a133f2a8cc611653bc0e9554f734/element/f.5D45616469B704FE080150B53095EA48.d.AAECCF11A75A9E12535FA0A096EE8379.e.5616/click - {}
RESULT: {}
RESULT: {}
COMMAND: GET /session/6e56a133f2a8cc611653bc0e9554f734/screenshot - {}
RESULT: {}
COMMAND: POST /session/6e56a133f2a8cc611653bc0e9554f734/element - {"using":"xpath","value":"//div[contains(@id, \"smartFilterBar-btnBasicSearch-reset\")]"}
RESULT: {"using":"xpath","value":"//div[contains(@id, \"smartFilterBar-btnBasicSearch-reset\")]"}
COMMAND: POST /session/6e56a133f2a8cc611653bc0e9554f734/element/f.5D45616469B704FE080150B53095EA48.d.AAECCF11A75A9E12535FA0A096EE8379.e.5330/click - {}
RESULT: {}
COMMAND: GET /session/6e56a133f2a8cc611653bc0e9554f734/screenshot - {}
RESULT: {}
RESULT: undefined
COMMAND: POST /session/6e56a133f2a8cc611653bc0e9554f734/execute/async - {"script":"<script> [776 bytes]","args":[{"enterText":"200162","selector":{"id":"application-ruinventorylist-display-component---Master--smartFilterBar-btnBasicSearch","interaction":{"idSuffix":"I"}},"clearTextFirst":true,"interactionType":"ENTER_TEXT"}]}
RESULT: {"script":"<script> [776 bytes]","args":[{"enterText":"200162","selector":{"id":"application-ruinventorylist-display-component---Master--smartFilterBar-btnBasicSearch","interaction":{"idSuffix":"I"}},"clearTextFirst":true,"interactionType":"ENTER_TEXT"}]}
COMMAND: POST /session/6e56a133f2a8cc611653bc0e9554f734/actions - {"actions":[{"id":"action26","type":"key","parameters":{},"actions":[{"type":"keyDown","value":"î€‡"},{"type":"pause","duration":10},{"type":"keyUp","value":"î€‡"}]}]}
RESULT: {"actions":[{"id":"action26","type":"key","parameters":{},"actions":[{"type":"keyDown","value":"î€‡"},{"type":"pause","duration":10},{"type":"keyUp","value":"î€‡"}]}]}
COMMAND: GET /session/6e56a133f2a8cc611653bc0e9554f734/screenshot - {}
RESULT: {}
COMMAND: POST /session/6e56a133f2a8cc611653bc0e9554f734/element - {"using":"xpath","value":"//span[@id=\"application-ruinventorylist-display-component---Master--smartTableRuInventoryList-header-inner\"]"}
RESULT: {"using":"xpath","value":"//span[@id=\"application-ruinventorylist-display-component---Master--smartTableRuInventoryList-header-inner\"]"}
COMMAND: POST /session/6e56a133f2a8cc611653bc0e9554f734/elements - {"using":"xpath","value":"//span[@id=\"application-ruinventorylist-display-component---Master--smartTableRuInventoryList-header-inner\"]"}
RESULT: {"using":"xpath","value":"//span[@id=\"application-ruinventorylist-display-component---Master--smartTableRuInventoryList-header-inner\"]"}
COMMAND: POST /session/6e56a133f2a8cc611653bc0e9554f734/execute/sync - {"script":"<script> [56 bytes]","args":[{"element-6066-11e4-a52e-4f735466cecf":"f.5D45616469B704FE080150B53095EA48.d.AAECCF11A75A9E12535FA0A096EE8379.e.5294","ELEMENT":"f.5D45616469B704FE080150B53095EA48.d.AAECCF11A75A9E12535FA0A096EE8379.e.5294"}]}
RESULT: {"script":"<script> [56 bytes]","args":[{"element-6066-11e4-a52e-4f735466cecf":"f.5D45616469B704FE080150B53095EA48.d.AAECCF11A75A9E12535FA0A096EE8379.e.5294","ELEMENT":"f.5D45616469B704FE080150B53095EA48.d.AAECCF11A75A9E12535FA0A096EE8379.e.5294"}]}
COMMAND: POST /session/6e56a133f2a8cc611653bc0e9554f734/element - {"using":"xpath","value":"//table[contains(@id, \"application-ruinventorylist-display-component---Master--tableRuInventoryList-listUl\")]/tbody/tr[1]/td[2]/div/div"}
COMMAND: GET /session/6e56a133f2a8cc611653bc0e9554f734/screenshot - {}
RESULT: {"using":"xpath","value":"//table[contains(@id, \"application-ruinventorylist-display-component---Master--tableRuInventoryList-listUl\")]/tbody/tr[1]/td[2]/div/div"}
COMMAND: POST /session/6e56a133f2a8cc611653bc0e9554f734/element/f.5D45616469B704FE080150B53095EA48.d.AAECCF11A75A9E12535FA0A096EE8379.e.5750/click - {}
RESULT: {}
RESULT: {}
COMMAND: GET /session/6e56a133f2a8cc611653bc0e9554f734/screenshot - {}
RESULT: {}
COMMAND: POST /session/6e56a133f2a8cc611653bc0e9554f734/element - {"using":"xpath","value":"//div[contains(@id, \"smartFilterBar-btnBasicSearch-reset\")]"}
RESULT: {"using":"xpath","value":"//div[contains(@id, \"smartFilterBar-btnBasicSearch-reset\")]"}
COMMAND: POST /session/6e56a133f2a8cc611653bc0e9554f734/element/f.5D45616469B704FE080150B53095EA48.d.AAECCF11A75A9E12535FA0A096EE8379.e.5330/click - {}
RESULT: {}
COMMAND: GET /session/6e56a133f2a8cc611653bc0e9554f734/screenshot - {}
RESULT: {}
COMMAND: POST /session/6e56a133f2a8cc611653bc0e9554f734/element/f.5D45616469B704FE080150B53095EA48.d.AAECCF11A75A9E12535FA0A096EE8379.e.4737/click - {}
RESULT: {}
COMMAND: GET /session/6e56a133f2a8cc611653bc0e9554f734/screenshot - {}
RESULT: {}
COMMAND: POST /session/6e56a133f2a8cc611653bc0e9554f734/execute/async - {"script":"<script> [1562 bytes]","args":[{"selector":{"id":"application-ruinventorylist-display-component---Master--effectiveDate","searchOpenDialogs":true,"interaction":{"idSuffix":"inner"}},"wdio_ui5_key":"applicationruinventorylist-display-component---Master--effectiveDate"}]}
RESULT: {"script":"<script> [1562 bytes]","args":[{"selector":{"id":"application-ruinventorylist-display-component---Master--effectiveDate","searchOpenDialogs":true,"interaction":{"idSuffix":"inner"}},"wdio_ui5_key":"applicationruinventorylist-display-component---Master--effectiveDate"}]}
RESULT: undefined
COMMAND: POST /session/6e56a133f2a8cc611653bc0e9554f734/execute/async - {"script":"<script> [776 bytes]","args":[{"enterText":"04/27/25","selector":{"id":"application-ruinventorylist-display-component---Master--effectiveDate","searchOpenDialogs":true,"interaction":{"idSuffix":"inner"}},"clearTextFirst":true,"interactionType":"ENTER_TEXT"}]}
RESULT: {"script":"<script> [776 bytes]","args":[{"enterText":"04/27/25","selector":{"id":"application-ruinventorylist-display-component---Master--effectiveDate","searchOpenDialogs":true,"interaction":{"idSuffix":"inner"}},"clearTextFirst":true,"interactionType":"ENTER_TEXT"}]}
COMMAND: POST /session/6e56a133f2a8cc611653bc0e9554f734/element - {"using":"xpath","value":"//span[contains(@data-kt,\"correctionMassStateChangeIcon\")]"}
RESULT: {"using":"xpath","value":"//span[contains(@data-kt,\"correctionMassStateChangeIcon\")]"}
COMMAND: POST /session/6e56a133f2a8cc611653bc0e9554f734/elements - {"using":"xpath","value":"//span[contains(@data-kt,\"correctionMassStateChangeIcon\")]"}
RESULT: {"using":"xpath","value":"//span[contains(@data-kt,\"correctionMassStateChangeIcon\")]"}
COMMAND: POST /session/6e56a133f2a8cc611653bc0e9554f734/elements - {"using":"xpath","value":"//span[contains(@data-kt,\"correctionMassStateChangeIcon\")]"}
RESULT: {"using":"xpath","value":"//span[contains(@data-kt,\"correctionMassStateChangeIcon\")]"}
RESULT: undefined
COMMAND: POST /session/6e56a133f2a8cc611653bc0e9554f734/element - {"using":"xpath","value":"//*[@id=\"application-ruinventorylist-display-component---Master--ruStateTypes-arrow\"]"}
RESULT: {"using":"xpath","value":"//*[@id=\"application-ruinventorylist-display-component---Master--ruStateTypes-arrow\"]"}
COMMAND: POST /session/6e56a133f2a8cc611653bc0e9554f734/element/f.5D45616469B704FE080150B53095EA48.d.AAECCF11A75A9E12535FA0A096EE8379.e.5934/click - {}
RESULT: {}
COMMAND: GET /session/6e56a133f2a8cc611653bc0e9554f734/screenshot - {}
RESULT: {}
COMMAND: POST /session/6e56a133f2a8cc611653bc0e9554f734/element - {"using":"xpath","value":"//li[.//span[text()=\"defect\"]]"}
RESULT: {"using":"xpath","value":"//li[.//span[text()=\"defect\"]]"}
COMMAND: POST /session/6e56a133f2a8cc611653bc0e9554f734/element/f.5D45616469B704FE080150B53095EA48.d.AAECCF11A75A9E12535FA0A096EE8379.e.5935/click - {}
RESULT: {}
COMMAND: GET /session/6e56a133f2a8cc611653bc0e9554f734/screenshot - {}
RESULT: {}
COMMAND: POST /session/6e56a133f2a8cc611653bc0e9554f734/element - {"using":"xpath","value":"(//bdi[contains(text(), \"OK\")])[1]"}
RESULT: {"using":"xpath","value":"(//bdi[contains(text(), \"OK\")])[1]"}
COMMAND: POST /session/6e56a133f2a8cc611653bc0e9554f734/element/f.5D45616469B704FE080150B53095EA48.d.AAECCF11A75A9E12535FA0A096EE8379.e.5936/click - {}
RESULT: {}
COMMAND: GET /session/6e56a133f2a8cc611653bc0e9554f734/screenshot - {}
RESULT: {}
COMMAND: POST /session/6e56a133f2a8cc611653bc0e9554f734/element - {"using":"css selector","value":"div.sapMMessageBoxError"}
RESULT: {"using":"css selector","value":"div.sapMMessageBoxError"}
COMMAND: POST /session/6e56a133f2a8cc611653bc0e9554f734/elements - {"using":"css selector","value":"div.sapMMessageBoxError"}
RESULT: {"using":"css selector","value":"div.sapMMessageBoxError"}
COMMAND: POST /session/6e56a133f2a8cc611653bc0e9554f734/element - {"using":"xpath","value":"//div[contains(@class, \"sapMMessageBoxError\")]/section/div/div/span"}
RESULT: {"using":"xpath","value":"//div[contains(@class, \"sapMMessageBoxError\")]/section/div/div/span"}
COMMAND: POST /session/6e56a133f2a8cc611653bc0e9554f734/execute/sync - {"script":"<script> [56 bytes]","args":[{"element-6066-11e4-a52e-4f735466cecf":"f.5D45616469B704FE080150B53095EA48.d.AAECCF11A75A9E12535FA0A096EE8379.e.5939","ELEMENT":"f.5D45616469B704FE080150B53095EA48.d.AAECCF11A75A9E12535FA0A096EE8379.e.5939"}]}
RESULT: {"script":"<script> [56 bytes]","args":[{"element-6066-11e4-a52e-4f735466cecf":"f.5D45616469B704FE080150B53095EA48.d.AAECCF11A75A9E12535FA0A096EE8379.e.5939","ELEMENT":"f.5D45616469B704FE080150B53095EA48.d.AAECCF11A75A9E12535FA0A096EE8379.e.5939"}]}
COMMAND: POST /session/6e56a133f2a8cc611653bc0e9554f734/element - {"using":"xpath","value":"(//bdi[contains(text(), \"Close\")])[1]"}
COMMAND: GET /session/6e56a133f2a8cc611653bc0e9554f734/screenshot - {}
RESULT: {"using":"xpath","value":"(//bdi[contains(text(), \"Close\")])[1]"}
COMMAND: POST /session/6e56a133f2a8cc611653bc0e9554f734/element/f.5D45616469B704FE080150B53095EA48.d.AAECCF11A75A9E12535FA0A096EE8379.e.5941/click - {}
RESULT: {}
RESULT: {}
COMMAND: GET /session/6e56a133f2a8cc611653bc0e9554f734/screenshot - {}
RESULT: {}
RESULT: undefined
COMMAND: POST /session/6e56a133f2a8cc611653bc0e9554f734/execute/async - {"script":"<script> [776 bytes]","args":[{"enterText":"04/28/25","selector":{"id":"application-ruinventorylist-display-component---Master--effectiveDate","searchOpenDialogs":true,"interaction":{"idSuffix":"inner"}},"clearTextFirst":true,"interactionType":"ENTER_TEXT"}]}
RESULT: {"script":"<script> [776 bytes]","args":[{"enterText":"04/28/25","selector":{"id":"application-ruinventorylist-display-component---Master--effectiveDate","searchOpenDialogs":true,"interaction":{"idSuffix":"inner"}},"clearTextFirst":true,"interactionType":"ENTER_TEXT"}]}
COMMAND: POST /session/6e56a133f2a8cc611653bc0e9554f734/element - {"using":"xpath","value":"(//bdi[contains(text(), \"OK\")])[1]"}
RESULT: {"using":"xpath","value":"(//bdi[contains(text(), \"OK\")])[1]"}
COMMAND: POST /session/6e56a133f2a8cc611653bc0e9554f734/element/f.5D45616469B704FE080150B53095EA48.d.AAECCF11A75A9E12535FA0A096EE8379.e.5936/click - {}
RESULT: {}
COMMAND: GET /session/6e56a133f2a8cc611653bc0e9554f734/screenshot - {}
RESULT: {}
COMMAND: POST /session/6e56a133f2a8cc611653bc0e9554f734/element - {"using":"xpath","value":"(//bdi[contains(text(), \"OK\")])[2]"}
RESULT: {"using":"xpath","value":"(//bdi[contains(text(), \"OK\")])[2]"}
COMMAND: POST /session/6e56a133f2a8cc611653bc0e9554f734/element/f.5D45616469B704FE080150B53095EA48.d.AAECCF11A75A9E12535FA0A096EE8379.e.5982/click - {}
RESULT: {}
COMMAND: GET /session/6e56a133f2a8cc611653bc0e9554f734/screenshot - {}
RESULT: {}
RESULT: undefined
COMMAND: POST /session/6e56a133f2a8cc611653bc0e9554f734/execute/async - {"script":"<script> [776 bytes]","args":[{"enterText":"600002","selector":{"id":"application-ruinventorylist-display-component---Master--smartFilterBar-btnBasicSearch","interaction":{"idSuffix":"I"}},"clearTextFirst":true,"interactionType":"ENTER_TEXT"}]}
RESULT: {"script":"<script> [776 bytes]","args":[{"enterText":"600002","selector":{"id":"application-ruinventorylist-display-component---Master--smartFilterBar-btnBasicSearch","interaction":{"idSuffix":"I"}},"clearTextFirst":true,"interactionType":"ENTER_TEXT"}]}
COMMAND: POST /session/6e56a133f2a8cc611653bc0e9554f734/actions - {"actions":[{"id":"action27","type":"key","parameters":{},"actions":[{"type":"keyDown","value":"î€‡"},{"type":"pause","duration":10},{"type":"keyUp","value":"î€‡"}]}]}
RESULT: {"actions":[{"id":"action27","type":"key","parameters":{},"actions":[{"type":"keyDown","value":"î€‡"},{"type":"pause","duration":10},{"type":"keyUp","value":"î€‡"}]}]}
COMMAND: GET /session/6e56a133f2a8cc611653bc0e9554f734/screenshot - {}
RESULT: {}
COMMAND: POST /session/6e56a133f2a8cc611653bc0e9554f734/element - {"using":"xpath","value":"//span[@id=\"application-ruinventorylist-display-component---Master--smartTableRuInventoryList-header-inner\"]"}
RESULT: {"using":"xpath","value":"//span[@id=\"application-ruinventorylist-display-component---Master--smartTableRuInventoryList-header-inner\"]"}
COMMAND: POST /session/6e56a133f2a8cc611653bc0e9554f734/elements - {"using":"xpath","value":"//span[@id=\"application-ruinventorylist-display-component---Master--smartTableRuInventoryList-header-inner\"]"}
RESULT: {"using":"xpath","value":"//span[@id=\"application-ruinventorylist-display-component---Master--smartTableRuInventoryList-header-inner\"]"}
COMMAND: POST /session/6e56a133f2a8cc611653bc0e9554f734/execute/sync - {"script":"<script> [56 bytes]","args":[{"element-6066-11e4-a52e-4f735466cecf":"f.5D45616469B704FE080150B53095EA48.d.AAECCF11A75A9E12535FA0A096EE8379.e.5294","ELEMENT":"f.5D45616469B704FE080150B53095EA48.d.AAECCF11A75A9E12535FA0A096EE8379.e.5294"}]}
RESULT: {"script":"<script> [56 bytes]","args":[{"element-6066-11e4-a52e-4f735466cecf":"f.5D45616469B704FE080150B53095EA48.d.AAECCF11A75A9E12535FA0A096EE8379.e.5294","ELEMENT":"f.5D45616469B704FE080150B53095EA48.d.AAECCF11A75A9E12535FA0A096EE8379.e.5294"}]}
COMMAND: POST /session/6e56a133f2a8cc611653bc0e9554f734/element - {"using":"xpath","value":"//table[contains(@id, \"application-ruinventorylist-display-component---Master--tableRuInventoryList-listUl\")]/tbody/tr[1]/td[6]/div/span"}
COMMAND: GET /session/6e56a133f2a8cc611653bc0e9554f734/screenshot - {}
RESULT: {"using":"xpath","value":"//table[contains(@id, \"application-ruinventorylist-display-component---Master--tableRuInventoryList-listUl\")]/tbody/tr[1]/td[6]/div/span"}
COMMAND: POST /session/6e56a133f2a8cc611653bc0e9554f734/execute/sync - {"script":"<script> [56 bytes]","args":[{"element-6066-11e4-a52e-4f735466cecf":"f.5D45616469B704FE080150B53095EA48.d.AAECCF11A75A9E12535FA0A096EE8379.e.6004","ELEMENT":"f.5D45616469B704FE080150B53095EA48.d.AAECCF11A75A9E12535FA0A096EE8379.e.6004"}]}
RESULT: {}
RESULT: {"script":"<script> [56 bytes]","args":[{"element-6066-11e4-a52e-4f735466cecf":"f.5D45616469B704FE080150B53095EA48.d.AAECCF11A75A9E12535FA0A096EE8379.e.6004","ELEMENT":"f.5D45616469B704FE080150B53095EA48.d.AAECCF11A75A9E12535FA0A096EE8379.e.6004"}]}
COMMAND: POST /session/6e56a133f2a8cc611653bc0e9554f734/element - {"using":"xpath","value":"//div[contains(@id, \"smartFilterBar-btnBasicSearch-reset\")]"}
COMMAND: GET /session/6e56a133f2a8cc611653bc0e9554f734/screenshot - {}
RESULT: {"using":"xpath","value":"//div[contains(@id, \"smartFilterBar-btnBasicSearch-reset\")]"}
COMMAND: POST /session/6e56a133f2a8cc611653bc0e9554f734/element/f.5D45616469B704FE080150B53095EA48.d.AAECCF11A75A9E12535FA0A096EE8379.e.5330/click - {}
RESULT: {}
RESULT: {}
COMMAND: GET /session/6e56a133f2a8cc611653bc0e9554f734/screenshot - {}
RESULT: {}
RESULT: undefined
COMMAND: POST /session/6e56a133f2a8cc611653bc0e9554f734/execute/async - {"script":"<script> [776 bytes]","args":[{"enterText":"401002","selector":{"id":"application-ruinventorylist-display-component---Master--smartFilterBar-btnBasicSearch","interaction":{"idSuffix":"I"}},"clearTextFirst":true,"interactionType":"ENTER_TEXT"}]}
RESULT: {"script":"<script> [776 bytes]","args":[{"enterText":"401002","selector":{"id":"application-ruinventorylist-display-component---Master--smartFilterBar-btnBasicSearch","interaction":{"idSuffix":"I"}},"clearTextFirst":true,"interactionType":"ENTER_TEXT"}]}
COMMAND: POST /session/6e56a133f2a8cc611653bc0e9554f734/actions - {"actions":[{"id":"action28","type":"key","parameters":{},"actions":[{"type":"keyDown","value":"î€‡"},{"type":"pause","duration":10},{"type":"keyUp","value":"î€‡"}]}]}
RESULT: {"actions":[{"id":"action28","type":"key","parameters":{},"actions":[{"type":"keyDown","value":"î€‡"},{"type":"pause","duration":10},{"type":"keyUp","value":"î€‡"}]}]}
COMMAND: GET /session/6e56a133f2a8cc611653bc0e9554f734/screenshot - {}
RESULT: {}
COMMAND: POST /session/6e56a133f2a8cc611653bc0e9554f734/element - {"using":"xpath","value":"//span[@id=\"application-ruinventorylist-display-component---Master--smartTableRuInventoryList-header-inner\"]"}
RESULT: {"using":"xpath","value":"//span[@id=\"application-ruinventorylist-display-component---Master--smartTableRuInventoryList-header-inner\"]"}
COMMAND: POST /session/6e56a133f2a8cc611653bc0e9554f734/elements - {"using":"xpath","value":"//span[@id=\"application-ruinventorylist-display-component---Master--smartTableRuInventoryList-header-inner\"]"}
RESULT: {"using":"xpath","value":"//span[@id=\"application-ruinventorylist-display-component---Master--smartTableRuInventoryList-header-inner\"]"}
COMMAND: POST /session/6e56a133f2a8cc611653bc0e9554f734/execute/sync - {"script":"<script> [56 bytes]","args":[{"element-6066-11e4-a52e-4f735466cecf":"f.5D45616469B704FE080150B53095EA48.d.AAECCF11A75A9E12535FA0A096EE8379.e.5294","ELEMENT":"f.5D45616469B704FE080150B53095EA48.d.AAECCF11A75A9E12535FA0A096EE8379.e.5294"}]}
RESULT: {"script":"<script> [56 bytes]","args":[{"element-6066-11e4-a52e-4f735466cecf":"f.5D45616469B704FE080150B53095EA48.d.AAECCF11A75A9E12535FA0A096EE8379.e.5294","ELEMENT":"f.5D45616469B704FE080150B53095EA48.d.AAECCF11A75A9E12535FA0A096EE8379.e.5294"}]}
COMMAND: POST /session/6e56a133f2a8cc611653bc0e9554f734/element - {"using":"xpath","value":"//table[contains(@id, \"application-ruinventorylist-display-component---Master--tableRuInventoryList-listUl\")]/tbody/tr[1]/td[6]/div/span"}
COMMAND: GET /session/6e56a133f2a8cc611653bc0e9554f734/screenshot - {}
RESULT: {"using":"xpath","value":"//table[contains(@id, \"application-ruinventorylist-display-component---Master--tableRuInventoryList-listUl\")]/tbody/tr[1]/td[6]/div/span"}
COMMAND: POST /session/6e56a133f2a8cc611653bc0e9554f734/execute/sync - {"script":"<script> [56 bytes]","args":[{"element-6066-11e4-a52e-4f735466cecf":"f.5D45616469B704FE080150B53095EA48.d.AAECCF11A75A9E12535FA0A096EE8379.e.6086","ELEMENT":"f.5D45616469B704FE080150B53095EA48.d.AAECCF11A75A9E12535FA0A096EE8379.e.6086"}]}
RESULT: {}
RESULT: {"script":"<script> [56 bytes]","args":[{"element-6066-11e4-a52e-4f735466cecf":"f.5D45616469B704FE080150B53095EA48.d.AAECCF11A75A9E12535FA0A096EE8379.e.6086","ELEMENT":"f.5D45616469B704FE080150B53095EA48.d.AAECCF11A75A9E12535FA0A096EE8379.e.6086"}]}
COMMAND: POST /session/6e56a133f2a8cc611653bc0e9554f734/element - {"using":"xpath","value":"//div[contains(@id, \"smartFilterBar-btnBasicSearch-reset\")]"}
COMMAND: GET /session/6e56a133f2a8cc611653bc0e9554f734/screenshot - {}
RESULT: {"using":"xpath","value":"//div[contains(@id, \"smartFilterBar-btnBasicSearch-reset\")]"}
COMMAND: POST /session/6e56a133f2a8cc611653bc0e9554f734/element/f.5D45616469B704FE080150B53095EA48.d.AAECCF11A75A9E12535FA0A096EE8379.e.5330/click - {}
RESULT: {}
RESULT: {}
COMMAND: GET /session/6e56a133f2a8cc611653bc0e9554f734/screenshot - {}
RESULT: {}
RESULT: undefined
COMMAND: POST /session/6e56a133f2a8cc611653bc0e9554f734/execute/async - {"script":"<script> [776 bytes]","args":[{"enterText":"085OZ5tqch","selector":{"id":"application-ruinventorylist-display-component---Master--smartFilterBar-btnBasicSearch","interaction":{"idSuffix":"I"}},"clearTextFirst":true,"interactionType":"ENTER_TEXT"}]}
RESULT: {"script":"<script> [776 bytes]","args":[{"enterText":"085OZ5tqch","selector":{"id":"application-ruinventorylist-display-component---Master--smartFilterBar-btnBasicSearch","interaction":{"idSuffix":"I"}},"clearTextFirst":true,"interactionType":"ENTER_TEXT"}]}
COMMAND: POST /session/6e56a133f2a8cc611653bc0e9554f734/actions - {"actions":[{"id":"action29","type":"key","parameters":{},"actions":[{"type":"keyDown","value":"î€‡"},{"type":"pause","duration":10},{"type":"keyUp","value":"î€‡"}]}]}
RESULT: {"actions":[{"id":"action29","type":"key","parameters":{},"actions":[{"type":"keyDown","value":"î€‡"},{"type":"pause","duration":10},{"type":"keyUp","value":"î€‡"}]}]}
COMMAND: GET /session/6e56a133f2a8cc611653bc0e9554f734/screenshot - {}
RESULT: {}
COMMAND: POST /session/6e56a133f2a8cc611653bc0e9554f734/element - {"using":"xpath","value":"//span[@id=\"application-ruinventorylist-display-component---Master--smartTableRuInventoryList-header-inner\"]"}
RESULT: {"using":"xpath","value":"//span[@id=\"application-ruinventorylist-display-component---Master--smartTableRuInventoryList-header-inner\"]"}
COMMAND: POST /session/6e56a133f2a8cc611653bc0e9554f734/elements - {"using":"xpath","value":"//span[@id=\"application-ruinventorylist-display-component---Master--smartTableRuInventoryList-header-inner\"]"}
RESULT: {"using":"xpath","value":"//span[@id=\"application-ruinventorylist-display-component---Master--smartTableRuInventoryList-header-inner\"]"}
COMMAND: POST /session/6e56a133f2a8cc611653bc0e9554f734/execute/sync - {"script":"<script> [56 bytes]","args":[{"element-6066-11e4-a52e-4f735466cecf":"f.5D45616469B704FE080150B53095EA48.d.AAECCF11A75A9E12535FA0A096EE8379.e.5294","ELEMENT":"f.5D45616469B704FE080150B53095EA48.d.AAECCF11A75A9E12535FA0A096EE8379.e.5294"}]}
RESULT: {"script":"<script> [56 bytes]","args":[{"element-6066-11e4-a52e-4f735466cecf":"f.5D45616469B704FE080150B53095EA48.d.AAECCF11A75A9E12535FA0A096EE8379.e.5294","ELEMENT":"f.5D45616469B704FE080150B53095EA48.d.AAECCF11A75A9E12535FA0A096EE8379.e.5294"}]}
COMMAND: POST /session/6e56a133f2a8cc611653bc0e9554f734/element - {"using":"xpath","value":"//table[contains(@id, \"application-ruinventorylist-display-component---Master--tableRuInventoryList-listUl\")]/tbody/tr[1]/td[6]/div/span"}
COMMAND: GET /session/6e56a133f2a8cc611653bc0e9554f734/screenshot - {}
RESULT: {"using":"xpath","value":"//table[contains(@id, \"application-ruinventorylist-display-component---Master--tableRuInventoryList-listUl\")]/tbody/tr[1]/td[6]/div/span"}
COMMAND: POST /session/6e56a133f2a8cc611653bc0e9554f734/execute/sync - {"script":"<script> [56 bytes]","args":[{"element-6066-11e4-a52e-4f735466cecf":"f.5D45616469B704FE080150B53095EA48.d.AAECCF11A75A9E12535FA0A096EE8379.e.6167","ELEMENT":"f.5D45616469B704FE080150B53095EA48.d.AAECCF11A75A9E12535FA0A096EE8379.e.6167"}]}
RESULT: {}
RESULT: {"script":"<script> [56 bytes]","args":[{"element-6066-11e4-a52e-4f735466cecf":"f.5D45616469B704FE080150B53095EA48.d.AAECCF11A75A9E12535FA0A096EE8379.e.6167","ELEMENT":"f.5D45616469B704FE080150B53095EA48.d.AAECCF11A75A9E12535FA0A096EE8379.e.6167"}]}
COMMAND: POST /session/6e56a133f2a8cc611653bc0e9554f734/element - {"using":"xpath","value":"//div[contains(@id, \"smartFilterBar-btnBasicSearch-reset\")]"}
COMMAND: GET /session/6e56a133f2a8cc611653bc0e9554f734/screenshot - {}
RESULT: {"using":"xpath","value":"//div[contains(@id, \"smartFilterBar-btnBasicSearch-reset\")]"}
COMMAND: POST /session/6e56a133f2a8cc611653bc0e9554f734/element/f.5D45616469B704FE080150B53095EA48.d.AAECCF11A75A9E12535FA0A096EE8379.e.5330/click - {}
RESULT: {}
RESULT: {}
COMMAND: GET /session/6e56a133f2a8cc611653bc0e9554f734/screenshot - {}
RESULT: {}
RESULT: undefined
COMMAND: POST /session/6e56a133f2a8cc611653bc0e9554f734/execute/async - {"script":"<script> [776 bytes]","args":[{"enterText":"200162","selector":{"id":"application-ruinventorylist-display-component---Master--smartFilterBar-btnBasicSearch","interaction":{"idSuffix":"I"}},"clearTextFirst":true,"interactionType":"ENTER_TEXT"}]}
RESULT: {"script":"<script> [776 bytes]","args":[{"enterText":"200162","selector":{"id":"application-ruinventorylist-display-component---Master--smartFilterBar-btnBasicSearch","interaction":{"idSuffix":"I"}},"clearTextFirst":true,"interactionType":"ENTER_TEXT"}]}
COMMAND: POST /session/6e56a133f2a8cc611653bc0e9554f734/actions - {"actions":[{"id":"action30","type":"key","parameters":{},"actions":[{"type":"keyDown","value":"î€‡"},{"type":"pause","duration":10},{"type":"keyUp","value":"î€‡"}]}]}
RESULT: {"actions":[{"id":"action30","type":"key","parameters":{},"actions":[{"type":"keyDown","value":"î€‡"},{"type":"pause","duration":10},{"type":"keyUp","value":"î€‡"}]}]}
COMMAND: GET /session/6e56a133f2a8cc611653bc0e9554f734/screenshot - {}
RESULT: {}
COMMAND: POST /session/6e56a133f2a8cc611653bc0e9554f734/element - {"using":"xpath","value":"//span[@id=\"application-ruinventorylist-display-component---Master--smartTableRuInventoryList-header-inner\"]"}
RESULT: {"using":"xpath","value":"//span[@id=\"application-ruinventorylist-display-component---Master--smartTableRuInventoryList-header-inner\"]"}
COMMAND: POST /session/6e56a133f2a8cc611653bc0e9554f734/elements - {"using":"xpath","value":"//span[@id=\"application-ruinventorylist-display-component---Master--smartTableRuInventoryList-header-inner\"]"}
RESULT: {"using":"xpath","value":"//span[@id=\"application-ruinventorylist-display-component---Master--smartTableRuInventoryList-header-inner\"]"}
COMMAND: POST /session/6e56a133f2a8cc611653bc0e9554f734/execute/sync - {"script":"<script> [56 bytes]","args":[{"element-6066-11e4-a52e-4f735466cecf":"f.5D45616469B704FE080150B53095EA48.d.AAECCF11A75A9E12535FA0A096EE8379.e.5294","ELEMENT":"f.5D45616469B704FE080150B53095EA48.d.AAECCF11A75A9E12535FA0A096EE8379.e.5294"}]}
RESULT: {"script":"<script> [56 bytes]","args":[{"element-6066-11e4-a52e-4f735466cecf":"f.5D45616469B704FE080150B53095EA48.d.AAECCF11A75A9E12535FA0A096EE8379.e.5294","ELEMENT":"f.5D45616469B704FE080150B53095EA48.d.AAECCF11A75A9E12535FA0A096EE8379.e.5294"}]}
COMMAND: POST /session/6e56a133f2a8cc611653bc0e9554f734/element - {"using":"xpath","value":"//table[contains(@id, \"application-ruinventorylist-display-component---Master--tableRuInventoryList-listUl\")]/tbody/tr[1]/td[6]/div/span"}
COMMAND: GET /session/6e56a133f2a8cc611653bc0e9554f734/screenshot - {}
RESULT: {"using":"xpath","value":"//table[contains(@id, \"application-ruinventorylist-display-component---Master--tableRuInventoryList-listUl\")]/tbody/tr[1]/td[6]/div/span"}
COMMAND: POST /session/6e56a133f2a8cc611653bc0e9554f734/execute/sync - {"script":"<script> [56 bytes]","args":[{"element-6066-11e4-a52e-4f735466cecf":"f.5D45616469B704FE080150B53095EA48.d.AAECCF11A75A9E12535FA0A096EE8379.e.6246","ELEMENT":"f.5D45616469B704FE080150B53095EA48.d.AAECCF11A75A9E12535FA0A096EE8379.e.6246"}]}
RESULT: {}
RESULT: {"script":"<script> [56 bytes]","args":[{"element-6066-11e4-a52e-4f735466cecf":"f.5D45616469B704FE080150B53095EA48.d.AAECCF11A75A9E12535FA0A096EE8379.e.6246","ELEMENT":"f.5D45616469B704FE080150B53095EA48.d.AAECCF11A75A9E12535FA0A096EE8379.e.6246"}]}
COMMAND: POST /session/6e56a133f2a8cc611653bc0e9554f734/element - {"using":"xpath","value":"//div[contains(@id, \"smartFilterBar-btnBasicSearch-reset\")]"}
COMMAND: GET /session/6e56a133f2a8cc611653bc0e9554f734/screenshot - {}
RESULT: {"using":"xpath","value":"//div[contains(@id, \"smartFilterBar-btnBasicSearch-reset\")]"}
COMMAND: POST /session/6e56a133f2a8cc611653bc0e9554f734/element/f.5D45616469B704FE080150B53095EA48.d.AAECCF11A75A9E12535FA0A096EE8379.e.5330/click - {}
RESULT: {}
RESULT: {}
COMMAND: GET /session/6e56a133f2a8cc611653bc0e9554f734/screenshot - {}
RESULT: {}
COMMAND: POST /session/6e56a133f2a8cc611653bc0e9554f734/element/f.5D45616469B704FE080150B53095EA48.d.AAECCF11A75A9E12535FA0A096EE8379.e.4737/click - {}
RESULT: {}
COMMAND: GET /session/6e56a133f2a8cc611653bc0e9554f734/screenshot - {}
RESULT: {}
RESULT: undefined
COMMAND: POST /session/6e56a133f2a8cc611653bc0e9554f734/execute/async - {"script":"<script> [776 bytes]","args":[{"enterText":"600002","selector":{"id":"application-ruinventorylist-display-component---Master--smartFilterBar-btnBasicSearch","interaction":{"idSuffix":"I"}},"clearTextFirst":true,"interactionType":"ENTER_TEXT"}]}
RESULT: {"script":"<script> [776 bytes]","args":[{"enterText":"600002","selector":{"id":"application-ruinventorylist-display-component---Master--smartFilterBar-btnBasicSearch","interaction":{"idSuffix":"I"}},"clearTextFirst":true,"interactionType":"ENTER_TEXT"}]}
COMMAND: POST /session/6e56a133f2a8cc611653bc0e9554f734/actions - {"actions":[{"id":"action31","type":"key","parameters":{},"actions":[{"type":"keyDown","value":"î€‡"},{"type":"pause","duration":10},{"type":"keyUp","value":"î€‡"}]}]}
RESULT: {"actions":[{"id":"action31","type":"key","parameters":{},"actions":[{"type":"keyDown","value":"î€‡"},{"type":"pause","duration":10},{"type":"keyUp","value":"î€‡"}]}]}
COMMAND: GET /session/6e56a133f2a8cc611653bc0e9554f734/screenshot - {}
RESULT: {}
COMMAND: POST /session/6e56a133f2a8cc611653bc0e9554f734/element - {"using":"xpath","value":"//span[@id=\"application-ruinventorylist-display-component---Master--smartTableRuInventoryList-header-inner\"]"}
RESULT: {"using":"xpath","value":"//span[@id=\"application-ruinventorylist-display-component---Master--smartTableRuInventoryList-header-inner\"]"}
COMMAND: POST /session/6e56a133f2a8cc611653bc0e9554f734/elements - {"using":"xpath","value":"//span[@id=\"application-ruinventorylist-display-component---Master--smartTableRuInventoryList-header-inner\"]"}
RESULT: {"using":"xpath","value":"//span[@id=\"application-ruinventorylist-display-component---Master--smartTableRuInventoryList-header-inner\"]"}
COMMAND: POST /session/6e56a133f2a8cc611653bc0e9554f734/execute/sync - {"script":"<script> [56 bytes]","args":[{"element-6066-11e4-a52e-4f735466cecf":"f.5D45616469B704FE080150B53095EA48.d.AAECCF11A75A9E12535FA0A096EE8379.e.5294","ELEMENT":"f.5D45616469B704FE080150B53095EA48.d.AAECCF11A75A9E12535FA0A096EE8379.e.5294"}]}
RESULT: {"script":"<script> [56 bytes]","args":[{"element-6066-11e4-a52e-4f735466cecf":"f.5D45616469B704FE080150B53095EA48.d.AAECCF11A75A9E12535FA0A096EE8379.e.5294","ELEMENT":"f.5D45616469B704FE080150B53095EA48.d.AAECCF11A75A9E12535FA0A096EE8379.e.5294"}]}
COMMAND: POST /session/6e56a133f2a8cc611653bc0e9554f734/element - {"using":"xpath","value":"//table[contains(@id, \"application-ruinventorylist-display-component---Master--tableRuInventoryList-listUl\")]/tbody/tr[1]/td[2]/div/div"}
COMMAND: GET /session/6e56a133f2a8cc611653bc0e9554f734/screenshot - {}
RESULT: {"using":"xpath","value":"//table[contains(@id, \"application-ruinventorylist-display-component---Master--tableRuInventoryList-listUl\")]/tbody/tr[1]/td[2]/div/div"}
COMMAND: POST /session/6e56a133f2a8cc611653bc0e9554f734/element/f.5D45616469B704FE080150B53095EA48.d.AAECCF11A75A9E12535FA0A096EE8379.e.6496/click - {}
RESULT: {}
RESULT: {}
COMMAND: GET /session/6e56a133f2a8cc611653bc0e9554f734/screenshot - {}
RESULT: {}
COMMAND: POST /session/6e56a133f2a8cc611653bc0e9554f734/element - {"using":"xpath","value":"//div[contains(@id, \"smartFilterBar-btnBasicSearch-reset\")]"}
RESULT: {"using":"xpath","value":"//div[contains(@id, \"smartFilterBar-btnBasicSearch-reset\")]"}
COMMAND: POST /session/6e56a133f2a8cc611653bc0e9554f734/element/f.5D45616469B704FE080150B53095EA48.d.AAECCF11A75A9E12535FA0A096EE8379.e.5330/click - {}
RESULT: {}
COMMAND: GET /session/6e56a133f2a8cc611653bc0e9554f734/screenshot - {}
RESULT: {}
RESULT: undefined
COMMAND: POST /session/6e56a133f2a8cc611653bc0e9554f734/execute/async - {"script":"<script> [776 bytes]","args":[{"enterText":"401002","selector":{"id":"application-ruinventorylist-display-component---Master--smartFilterBar-btnBasicSearch","interaction":{"idSuffix":"I"}},"clearTextFirst":true,"interactionType":"ENTER_TEXT"}]}
RESULT: {"script":"<script> [776 bytes]","args":[{"enterText":"401002","selector":{"id":"application-ruinventorylist-display-component---Master--smartFilterBar-btnBasicSearch","interaction":{"idSuffix":"I"}},"clearTextFirst":true,"interactionType":"ENTER_TEXT"}]}
COMMAND: POST /session/6e56a133f2a8cc611653bc0e9554f734/actions - {"actions":[{"id":"action32","type":"key","parameters":{},"actions":[{"type":"keyDown","value":"î€‡"},{"type":"pause","duration":10},{"type":"keyUp","value":"î€‡"}]}]}
RESULT: {"actions":[{"id":"action32","type":"key","parameters":{},"actions":[{"type":"keyDown","value":"î€‡"},{"type":"pause","duration":10},{"type":"keyUp","value":"î€‡"}]}]}
COMMAND: GET /session/6e56a133f2a8cc611653bc0e9554f734/screenshot - {}
RESULT: {}
COMMAND: POST /session/6e56a133f2a8cc611653bc0e9554f734/element - {"using":"xpath","value":"//span[@id=\"application-ruinventorylist-display-component---Master--smartTableRuInventoryList-header-inner\"]"}
RESULT: {"using":"xpath","value":"//span[@id=\"application-ruinventorylist-display-component---Master--smartTableRuInventoryList-header-inner\"]"}
COMMAND: POST /session/6e56a133f2a8cc611653bc0e9554f734/elements - {"using":"xpath","value":"//span[@id=\"application-ruinventorylist-display-component---Master--smartTableRuInventoryList-header-inner\"]"}
RESULT: {"using":"xpath","value":"//span[@id=\"application-ruinventorylist-display-component---Master--smartTableRuInventoryList-header-inner\"]"}
COMMAND: POST /session/6e56a133f2a8cc611653bc0e9554f734/execute/sync - {"script":"<script> [56 bytes]","args":[{"element-6066-11e4-a52e-4f735466cecf":"f.5D45616469B704FE080150B53095EA48.d.AAECCF11A75A9E12535FA0A096EE8379.e.5294","ELEMENT":"f.5D45616469B704FE080150B53095EA48.d.AAECCF11A75A9E12535FA0A096EE8379.e.5294"}]}
RESULT: {"script":"<script> [56 bytes]","args":[{"element-6066-11e4-a52e-4f735466cecf":"f.5D45616469B704FE080150B53095EA48.d.AAECCF11A75A9E12535FA0A096EE8379.e.5294","ELEMENT":"f.5D45616469B704FE080150B53095EA48.d.AAECCF11A75A9E12535FA0A096EE8379.e.5294"}]}
COMMAND: POST /session/6e56a133f2a8cc611653bc0e9554f734/element - {"using":"xpath","value":"//table[contains(@id, \"application-ruinventorylist-display-component---Master--tableRuInventoryList-listUl\")]/tbody/tr[1]/td[2]/div/div"}
COMMAND: GET /session/6e56a133f2a8cc611653bc0e9554f734/screenshot - {}
RESULT: {"using":"xpath","value":"//table[contains(@id, \"application-ruinventorylist-display-component---Master--tableRuInventoryList-listUl\")]/tbody/tr[1]/td[2]/div/div"}
COMMAND: POST /session/6e56a133f2a8cc611653bc0e9554f734/element/f.5D45616469B704FE080150B53095EA48.d.AAECCF11A75A9E12535FA0A096EE8379.e.6641/click - {}
RESULT: {}
RESULT: {}
COMMAND: GET /session/6e56a133f2a8cc611653bc0e9554f734/screenshot - {}
RESULT: {}
COMMAND: POST /session/6e56a133f2a8cc611653bc0e9554f734/element - {"using":"xpath","value":"//div[contains(@id, \"smartFilterBar-btnBasicSearch-reset\")]"}
RESULT: {"using":"xpath","value":"//div[contains(@id, \"smartFilterBar-btnBasicSearch-reset\")]"}
COMMAND: POST /session/6e56a133f2a8cc611653bc0e9554f734/element/f.5D45616469B704FE080150B53095EA48.d.AAECCF11A75A9E12535FA0A096EE8379.e.5330/click - {}
RESULT: {}
COMMAND: GET /session/6e56a133f2a8cc611653bc0e9554f734/screenshot - {}
RESULT: {}
RESULT: undefined
COMMAND: POST /session/6e56a133f2a8cc611653bc0e9554f734/execute/async - {"script":"<script> [776 bytes]","args":[{"enterText":"085OZ5tqch","selector":{"id":"application-ruinventorylist-display-component---Master--smartFilterBar-btnBasicSearch","interaction":{"idSuffix":"I"}},"clearTextFirst":true,"interactionType":"ENTER_TEXT"}]}
RESULT: {"script":"<script> [776 bytes]","args":[{"enterText":"085OZ5tqch","selector":{"id":"application-ruinventorylist-display-component---Master--smartFilterBar-btnBasicSearch","interaction":{"idSuffix":"I"}},"clearTextFirst":true,"interactionType":"ENTER_TEXT"}]}
COMMAND: POST /session/6e56a133f2a8cc611653bc0e9554f734/actions - {"actions":[{"id":"action33","type":"key","parameters":{},"actions":[{"type":"keyDown","value":"î€‡"},{"type":"pause","duration":10},{"type":"keyUp","value":"î€‡"}]}]}
RESULT: {"actions":[{"id":"action33","type":"key","parameters":{},"actions":[{"type":"keyDown","value":"î€‡"},{"type":"pause","duration":10},{"type":"keyUp","value":"î€‡"}]}]}
COMMAND: GET /session/6e56a133f2a8cc611653bc0e9554f734/screenshot - {}
RESULT: {}
COMMAND: POST /session/6e56a133f2a8cc611653bc0e9554f734/element - {"using":"xpath","value":"//span[@id=\"application-ruinventorylist-display-component---Master--smartTableRuInventoryList-header-inner\"]"}
RESULT: {"using":"xpath","value":"//span[@id=\"application-ruinventorylist-display-component---Master--smartTableRuInventoryList-header-inner\"]"}
COMMAND: POST /session/6e56a133f2a8cc611653bc0e9554f734/elements - {"using":"xpath","value":"//span[@id=\"application-ruinventorylist-display-component---Master--smartTableRuInventoryList-header-inner\"]"}
RESULT: {"using":"xpath","value":"//span[@id=\"application-ruinventorylist-display-component---Master--smartTableRuInventoryList-header-inner\"]"}
COMMAND: POST /session/6e56a133f2a8cc611653bc0e9554f734/execute/sync - {"script":"<script> [56 bytes]","args":[{"element-6066-11e4-a52e-4f735466cecf":"f.5D45616469B704FE080150B53095EA48.d.AAECCF11A75A9E12535FA0A096EE8379.e.5294","ELEMENT":"f.5D45616469B704FE080150B53095EA48.d.AAECCF11A75A9E12535FA0A096EE8379.e.5294"}]}
RESULT: {"script":"<script> [56 bytes]","args":[{"element-6066-11e4-a52e-4f735466cecf":"f.5D45616469B704FE080150B53095EA48.d.AAECCF11A75A9E12535FA0A096EE8379.e.5294","ELEMENT":"f.5D45616469B704FE080150B53095EA48.d.AAECCF11A75A9E12535FA0A096EE8379.e.5294"}]}
COMMAND: POST /session/6e56a133f2a8cc611653bc0e9554f734/element - {"using":"xpath","value":"//table[contains(@id, \"application-ruinventorylist-display-component---Master--tableRuInventoryList-listUl\")]/tbody/tr[1]/td[2]/div/div"}
COMMAND: GET /session/6e56a133f2a8cc611653bc0e9554f734/screenshot - {}
RESULT: {"using":"xpath","value":"//table[contains(@id, \"application-ruinventorylist-display-component---Master--tableRuInventoryList-listUl\")]/tbody/tr[1]/td[2]/div/div"}
COMMAND: POST /session/6e56a133f2a8cc611653bc0e9554f734/element/f.5D45616469B704FE080150B53095EA48.d.AAECCF11A75A9E12535FA0A096EE8379.e.6790/click - {}
RESULT: {}
RESULT: {}
COMMAND: GET /session/6e56a133f2a8cc611653bc0e9554f734/screenshot - {}
RESULT: {}
COMMAND: POST /session/6e56a133f2a8cc611653bc0e9554f734/element - {"using":"xpath","value":"//div[contains(@id, \"smartFilterBar-btnBasicSearch-reset\")]"}
RESULT: {"using":"xpath","value":"//div[contains(@id, \"smartFilterBar-btnBasicSearch-reset\")]"}
COMMAND: POST /session/6e56a133f2a8cc611653bc0e9554f734/element/f.5D45616469B704FE080150B53095EA48.d.AAECCF11A75A9E12535FA0A096EE8379.e.5330/click - {}
RESULT: {}
COMMAND: GET /session/6e56a133f2a8cc611653bc0e9554f734/screenshot - {}
RESULT: {}
RESULT: undefined
COMMAND: POST /session/6e56a133f2a8cc611653bc0e9554f734/execute/async - {"script":"<script> [776 bytes]","args":[{"enterText":"200162","selector":{"id":"application-ruinventorylist-display-component---Master--smartFilterBar-btnBasicSearch","interaction":{"idSuffix":"I"}},"clearTextFirst":true,"interactionType":"ENTER_TEXT"}]}
RESULT: {"script":"<script> [776 bytes]","args":[{"enterText":"200162","selector":{"id":"application-ruinventorylist-display-component---Master--smartFilterBar-btnBasicSearch","interaction":{"idSuffix":"I"}},"clearTextFirst":true,"interactionType":"ENTER_TEXT"}]}
COMMAND: POST /session/6e56a133f2a8cc611653bc0e9554f734/actions - {"actions":[{"id":"action34","type":"key","parameters":{},"actions":[{"type":"keyDown","value":"î€‡"},{"type":"pause","duration":10},{"type":"keyUp","value":"î€‡"}]}]}
RESULT: {"actions":[{"id":"action34","type":"key","parameters":{},"actions":[{"type":"keyDown","value":"î€‡"},{"type":"pause","duration":10},{"type":"keyUp","value":"î€‡"}]}]}
COMMAND: GET /session/6e56a133f2a8cc611653bc0e9554f734/screenshot - {}
RESULT: {}
COMMAND: POST /session/6e56a133f2a8cc611653bc0e9554f734/element - {"using":"xpath","value":"//span[@id=\"application-ruinventorylist-display-component---Master--smartTableRuInventoryList-header-inner\"]"}
RESULT: {"using":"xpath","value":"//span[@id=\"application-ruinventorylist-display-component---Master--smartTableRuInventoryList-header-inner\"]"}
COMMAND: POST /session/6e56a133f2a8cc611653bc0e9554f734/elements - {"using":"xpath","value":"//span[@id=\"application-ruinventorylist-display-component---Master--smartTableRuInventoryList-header-inner\"]"}
RESULT: {"using":"xpath","value":"//span[@id=\"application-ruinventorylist-display-component---Master--smartTableRuInventoryList-header-inner\"]"}
COMMAND: POST /session/6e56a133f2a8cc611653bc0e9554f734/execute/sync - {"script":"<script> [56 bytes]","args":[{"element-6066-11e4-a52e-4f735466cecf":"f.5D45616469B704FE080150B53095EA48.d.AAECCF11A75A9E12535FA0A096EE8379.e.5294","ELEMENT":"f.5D45616469B704FE080150B53095EA48.d.AAECCF11A75A9E12535FA0A096EE8379.e.5294"}]}
RESULT: {"script":"<script> [56 bytes]","args":[{"element-6066-11e4-a52e-4f735466cecf":"f.5D45616469B704FE080150B53095EA48.d.AAECCF11A75A9E12535FA0A096EE8379.e.5294","ELEMENT":"f.5D45616469B704FE080150B53095EA48.d.AAECCF11A75A9E12535FA0A096EE8379.e.5294"}]}
COMMAND: POST /session/6e56a133f2a8cc611653bc0e9554f734/element - {"using":"xpath","value":"//table[contains(@id, \"application-ruinventorylist-display-component---Master--tableRuInventoryList-listUl\")]/tbody/tr[1]/td[2]/div/div"}
COMMAND: GET /session/6e56a133f2a8cc611653bc0e9554f734/screenshot - {}
RESULT: {"using":"xpath","value":"//table[contains(@id, \"application-ruinventorylist-display-component---Master--tableRuInventoryList-listUl\")]/tbody/tr[1]/td[2]/div/div"}
COMMAND: POST /session/6e56a133f2a8cc611653bc0e9554f734/element/f.5D45616469B704FE080150B53095EA48.d.AAECCF11A75A9E12535FA0A096EE8379.e.6925/click - {}
RESULT: {}
RESULT: {}
COMMAND: GET /session/6e56a133f2a8cc611653bc0e9554f734/screenshot - {}
RESULT: {}
COMMAND: POST /session/6e56a133f2a8cc611653bc0e9554f734/element - {"using":"xpath","value":"//div[contains(@id, \"smartFilterBar-btnBasicSearch-reset\")]"}
RESULT: {"using":"xpath","value":"//div[contains(@id, \"smartFilterBar-btnBasicSearch-reset\")]"}
COMMAND: POST /session/6e56a133f2a8cc611653bc0e9554f734/element/f.5D45616469B704FE080150B53095EA48.d.AAECCF11A75A9E12535FA0A096EE8379.e.5330/click - {}
RESULT: {}
COMMAND: GET /session/6e56a133f2a8cc611653bc0e9554f734/screenshot - {}
RESULT: {}
COMMAND: POST /session/6e56a133f2a8cc611653bc0e9554f734/element/f.5D45616469B704FE080150B53095EA48.d.AAECCF11A75A9E12535FA0A096EE8379.e.4737/click - {}
RESULT: {}
COMMAND: GET /session/6e56a133f2a8cc611653bc0e9554f734/screenshot - {}
RESULT: {}
RESULT: undefined
COMMAND: POST /session/6e56a133f2a8cc611653bc0e9554f734/element - {"using":"xpath","value":"//*[@id=\"application-ruinventorylist-display-component---Master--ruStateTypes-arrow\"]"}
RESULT: {"using":"xpath","value":"//*[@id=\"application-ruinventorylist-display-component---Master--ruStateTypes-arrow\"]"}
COMMAND: POST /session/6e56a133f2a8cc611653bc0e9554f734/element/f.5D45616469B704FE080150B53095EA48.d.AAECCF11A75A9E12535FA0A096EE8379.e.7090/click - {}
RESULT: {}
COMMAND: GET /session/6e56a133f2a8cc611653bc0e9554f734/screenshot - {}
RESULT: {}
COMMAND: POST /session/6e56a133f2a8cc611653bc0e9554f734/element - {"using":"xpath","value":"//li[.//span[text()=\"available\"]]"}
RESULT: {"using":"xpath","value":"//li[.//span[text()=\"available\"]]"}
COMMAND: POST /session/6e56a133f2a8cc611653bc0e9554f734/element/f.5D45616469B704FE080150B53095EA48.d.AAECCF11A75A9E12535FA0A096EE8379.e.7091/click - {}
RESULT: {}
COMMAND: GET /session/6e56a133f2a8cc611653bc0e9554f734/screenshot - {}
RESULT: {}
COMMAND: POST /session/6e56a133f2a8cc611653bc0e9554f734/element - {"using":"xpath","value":"(//bdi[contains(text(), \"OK\")])[1]"}
RESULT: {"using":"xpath","value":"(//bdi[contains(text(), \"OK\")])[1]"}
COMMAND: POST /session/6e56a133f2a8cc611653bc0e9554f734/element/f.5D45616469B704FE080150B53095EA48.d.AAECCF11A75A9E12535FA0A096EE8379.e.7092/click - {}
RESULT: {}
COMMAND: GET /session/6e56a133f2a8cc611653bc0e9554f734/screenshot - {}
RESULT: {}
COMMAND: POST /session/6e56a133f2a8cc611653bc0e9554f734/element - {"using":"xpath","value":"(//bdi[contains(text(), \"OK\")])[2]"}
RESULT: {"using":"xpath","value":"(//bdi[contains(text(), \"OK\")])[2]"}
COMMAND: POST /session/6e56a133f2a8cc611653bc0e9554f734/element/f.5D45616469B704FE080150B53095EA48.d.AAECCF11A75A9E12535FA0A096EE8379.e.7096/click - {}
RESULT: {}
COMMAND: GET /session/6e56a133f2a8cc611653bc0e9554f734/screenshot - {}
RESULT: {}
RESULT: undefined
COMMAND: POST /session/6e56a133f2a8cc611653bc0e9554f734/execute/async - {"script":"<script> [776 bytes]","args":[{"enterText":"600002","selector":{"id":"application-ruinventorylist-display-component---Master--smartFilterBar-btnBasicSearch","interaction":{"idSuffix":"I"}},"clearTextFirst":true,"interactionType":"ENTER_TEXT"}]}
RESULT: {"script":"<script> [776 bytes]","args":[{"enterText":"600002","selector":{"id":"application-ruinventorylist-display-component---Master--smartFilterBar-btnBasicSearch","interaction":{"idSuffix":"I"}},"clearTextFirst":true,"interactionType":"ENTER_TEXT"}]}
COMMAND: POST /session/6e56a133f2a8cc611653bc0e9554f734/actions - {"actions":[{"id":"action35","type":"key","parameters":{},"actions":[{"type":"keyDown","value":"î€‡"},{"type":"pause","duration":10},{"type":"keyUp","value":"î€‡"}]}]}
RESULT: {"actions":[{"id":"action35","type":"key","parameters":{},"actions":[{"type":"keyDown","value":"î€‡"},{"type":"pause","duration":10},{"type":"keyUp","value":"î€‡"}]}]}
COMMAND: GET /session/6e56a133f2a8cc611653bc0e9554f734/screenshot - {}
RESULT: {}
COMMAND: POST /session/6e56a133f2a8cc611653bc0e9554f734/element - {"using":"xpath","value":"//span[@id=\"application-ruinventorylist-display-component---Master--smartTableRuInventoryList-header-inner\"]"}
RESULT: {"using":"xpath","value":"//span[@id=\"application-ruinventorylist-display-component---Master--smartTableRuInventoryList-header-inner\"]"}
COMMAND: POST /session/6e56a133f2a8cc611653bc0e9554f734/elements - {"using":"xpath","value":"//span[@id=\"application-ruinventorylist-display-component---Master--smartTableRuInventoryList-header-inner\"]"}
RESULT: {"using":"xpath","value":"//span[@id=\"application-ruinventorylist-display-component---Master--smartTableRuInventoryList-header-inner\"]"}
COMMAND: POST /session/6e56a133f2a8cc611653bc0e9554f734/execute/sync - {"script":"<script> [56 bytes]","args":[{"element-6066-11e4-a52e-4f735466cecf":"f.5D45616469B704FE080150B53095EA48.d.AAECCF11A75A9E12535FA0A096EE8379.e.5294","ELEMENT":"f.5D45616469B704FE080150B53095EA48.d.AAECCF11A75A9E12535FA0A096EE8379.e.5294"}]}
RESULT: {"script":"<script> [56 bytes]","args":[{"element-6066-11e4-a52e-4f735466cecf":"f.5D45616469B704FE080150B53095EA48.d.AAECCF11A75A9E12535FA0A096EE8379.e.5294","ELEMENT":"f.5D45616469B704FE080150B53095EA48.d.AAECCF11A75A9E12535FA0A096EE8379.e.5294"}]}
COMMAND: POST /session/6e56a133f2a8cc611653bc0e9554f734/element - {"using":"xpath","value":"//table[contains(@id, \"application-ruinventorylist-display-component---Master--tableRuInventoryList-listUl\")]/tbody/tr[1]/td[6]/div/span"}
COMMAND: GET /session/6e56a133f2a8cc611653bc0e9554f734/screenshot - {}
RESULT: {}
RESULT: {"using":"xpath","value":"//table[contains(@id, \"application-ruinventorylist-display-component---Master--tableRuInventoryList-listUl\")]/tbody/tr[1]/td[6]/div/span"}
COMMAND: POST /session/6e56a133f2a8cc611653bc0e9554f734/execute/sync - {"script":"<script> [56 bytes]","args":[{"element-6066-11e4-a52e-4f735466cecf":"f.5D45616469B704FE080150B53095EA48.d.AAECCF11A75A9E12535FA0A096EE8379.e.7117","ELEMENT":"f.5D45616469B704FE080150B53095EA48.d.AAECCF11A75A9E12535FA0A096EE8379.e.7117"}]}
RESULT: {"script":"<script> [56 bytes]","args":[{"element-6066-11e4-a52e-4f735466cecf":"f.5D45616469B704FE080150B53095EA48.d.AAECCF11A75A9E12535FA0A096EE8379.e.7117","ELEMENT":"f.5D45616469B704FE080150B53095EA48.d.AAECCF11A75A9E12535FA0A096EE8379.e.7117"}]}
COMMAND: POST /session/6e56a133f2a8cc611653bc0e9554f734/element - {"using":"xpath","value":"//div[contains(@id, \"smartFilterBar-btnBasicSearch-reset\")]"}
COMMAND: GET /session/6e56a133f2a8cc611653bc0e9554f734/screenshot - {}
RESULT: {"using":"xpath","value":"//div[contains(@id, \"smartFilterBar-btnBasicSearch-reset\")]"}
COMMAND: POST /session/6e56a133f2a8cc611653bc0e9554f734/element/f.5D45616469B704FE080150B53095EA48.d.AAECCF11A75A9E12535FA0A096EE8379.e.5330/click - {}
RESULT: {}
RESULT: {}
COMMAND: GET /session/6e56a133f2a8cc611653bc0e9554f734/screenshot - {}
RESULT: {}
RESULT: undefined
COMMAND: POST /session/6e56a133f2a8cc611653bc0e9554f734/execute/async - {"script":"<script> [776 bytes]","args":[{"enterText":"401002","selector":{"id":"application-ruinventorylist-display-component---Master--smartFilterBar-btnBasicSearch","interaction":{"idSuffix":"I"}},"clearTextFirst":true,"interactionType":"ENTER_TEXT"}]}
RESULT: {"script":"<script> [776 bytes]","args":[{"enterText":"401002","selector":{"id":"application-ruinventorylist-display-component---Master--smartFilterBar-btnBasicSearch","interaction":{"idSuffix":"I"}},"clearTextFirst":true,"interactionType":"ENTER_TEXT"}]}
COMMAND: POST /session/6e56a133f2a8cc611653bc0e9554f734/actions - {"actions":[{"id":"action36","type":"key","parameters":{},"actions":[{"type":"keyDown","value":"î€‡"},{"type":"pause","duration":10},{"type":"keyUp","value":"î€‡"}]}]}
RESULT: {"actions":[{"id":"action36","type":"key","parameters":{},"actions":[{"type":"keyDown","value":"î€‡"},{"type":"pause","duration":10},{"type":"keyUp","value":"î€‡"}]}]}
COMMAND: GET /session/6e56a133f2a8cc611653bc0e9554f734/screenshot - {}
RESULT: {}
COMMAND: POST /session/6e56a133f2a8cc611653bc0e9554f734/element - {"using":"xpath","value":"//span[@id=\"application-ruinventorylist-display-component---Master--smartTableRuInventoryList-header-inner\"]"}
RESULT: {"using":"xpath","value":"//span[@id=\"application-ruinventorylist-display-component---Master--smartTableRuInventoryList-header-inner\"]"}
COMMAND: POST /session/6e56a133f2a8cc611653bc0e9554f734/elements - {"using":"xpath","value":"//span[@id=\"application-ruinventorylist-display-component---Master--smartTableRuInventoryList-header-inner\"]"}
RESULT: {"using":"xpath","value":"//span[@id=\"application-ruinventorylist-display-component---Master--smartTableRuInventoryList-header-inner\"]"}
COMMAND: POST /session/6e56a133f2a8cc611653bc0e9554f734/execute/sync - {"script":"<script> [56 bytes]","args":[{"element-6066-11e4-a52e-4f735466cecf":"f.5D45616469B704FE080150B53095EA48.d.AAECCF11A75A9E12535FA0A096EE8379.e.5294","ELEMENT":"f.5D45616469B704FE080150B53095EA48.d.AAECCF11A75A9E12535FA0A096EE8379.e.5294"}]}
RESULT: {"script":"<script> [56 bytes]","args":[{"element-6066-11e4-a52e-4f735466cecf":"f.5D45616469B704FE080150B53095EA48.d.AAECCF11A75A9E12535FA0A096EE8379.e.5294","ELEMENT":"f.5D45616469B704FE080150B53095EA48.d.AAECCF11A75A9E12535FA0A096EE8379.e.5294"}]}
COMMAND: POST /session/6e56a133f2a8cc611653bc0e9554f734/element - {"using":"xpath","value":"//table[contains(@id, \"application-ruinventorylist-display-component---Master--tableRuInventoryList-listUl\")]/tbody/tr[1]/td[6]/div/span"}
COMMAND: GET /session/6e56a133f2a8cc611653bc0e9554f734/screenshot - {}
RESULT: {"using":"xpath","value":"//table[contains(@id, \"application-ruinventorylist-display-component---Master--tableRuInventoryList-listUl\")]/tbody/tr[1]/td[6]/div/span"}
COMMAND: POST /session/6e56a133f2a8cc611653bc0e9554f734/execute/sync - {"script":"<script> [56 bytes]","args":[{"element-6066-11e4-a52e-4f735466cecf":"f.5D45616469B704FE080150B53095EA48.d.AAECCF11A75A9E12535FA0A096EE8379.e.7197","ELEMENT":"f.5D45616469B704FE080150B53095EA48.d.AAECCF11A75A9E12535FA0A096EE8379.e.7197"}]}
RESULT: {}
RESULT: {"script":"<script> [56 bytes]","args":[{"element-6066-11e4-a52e-4f735466cecf":"f.5D45616469B704FE080150B53095EA48.d.AAECCF11A75A9E12535FA0A096EE8379.e.7197","ELEMENT":"f.5D45616469B704FE080150B53095EA48.d.AAECCF11A75A9E12535FA0A096EE8379.e.7197"}]}
COMMAND: POST /session/6e56a133f2a8cc611653bc0e9554f734/element - {"using":"xpath","value":"//div[contains(@id, \"smartFilterBar-btnBasicSearch-reset\")]"}
COMMAND: GET /session/6e56a133f2a8cc611653bc0e9554f734/screenshot - {}
RESULT: {"using":"xpath","value":"//div[contains(@id, \"smartFilterBar-btnBasicSearch-reset\")]"}
COMMAND: POST /session/6e56a133f2a8cc611653bc0e9554f734/element/f.5D45616469B704FE080150B53095EA48.d.AAECCF11A75A9E12535FA0A096EE8379.e.5330/click - {}
RESULT: {}
RESULT: {}
COMMAND: GET /session/6e56a133f2a8cc611653bc0e9554f734/screenshot - {}
RESULT: {}
RESULT: undefined
COMMAND: POST /session/6e56a133f2a8cc611653bc0e9554f734/execute/async - {"script":"<script> [776 bytes]","args":[{"enterText":"085OZ5tqch","selector":{"id":"application-ruinventorylist-display-component---Master--smartFilterBar-btnBasicSearch","interaction":{"idSuffix":"I"}},"clearTextFirst":true,"interactionType":"ENTER_TEXT"}]}
RESULT: {"script":"<script> [776 bytes]","args":[{"enterText":"085OZ5tqch","selector":{"id":"application-ruinventorylist-display-component---Master--smartFilterBar-btnBasicSearch","interaction":{"idSuffix":"I"}},"clearTextFirst":true,"interactionType":"ENTER_TEXT"}]}
COMMAND: POST /session/6e56a133f2a8cc611653bc0e9554f734/actions - {"actions":[{"id":"action37","type":"key","parameters":{},"actions":[{"type":"keyDown","value":"î€‡"},{"type":"pause","duration":10},{"type":"keyUp","value":"î€‡"}]}]}
RESULT: {"actions":[{"id":"action37","type":"key","parameters":{},"actions":[{"type":"keyDown","value":"î€‡"},{"type":"pause","duration":10},{"type":"keyUp","value":"î€‡"}]}]}
COMMAND: GET /session/6e56a133f2a8cc611653bc0e9554f734/screenshot - {}
RESULT: {}
COMMAND: POST /session/6e56a133f2a8cc611653bc0e9554f734/element - {"using":"xpath","value":"//span[@id=\"application-ruinventorylist-display-component---Master--smartTableRuInventoryList-header-inner\"]"}
RESULT: {"using":"xpath","value":"//span[@id=\"application-ruinventorylist-display-component---Master--smartTableRuInventoryList-header-inner\"]"}
COMMAND: POST /session/6e56a133f2a8cc611653bc0e9554f734/elements - {"using":"xpath","value":"//span[@id=\"application-ruinventorylist-display-component---Master--smartTableRuInventoryList-header-inner\"]"}
RESULT: {"using":"xpath","value":"//span[@id=\"application-ruinventorylist-display-component---Master--smartTableRuInventoryList-header-inner\"]"}
COMMAND: POST /session/6e56a133f2a8cc611653bc0e9554f734/execute/sync - {"script":"<script> [56 bytes]","args":[{"element-6066-11e4-a52e-4f735466cecf":"f.5D45616469B704FE080150B53095EA48.d.AAECCF11A75A9E12535FA0A096EE8379.e.5294","ELEMENT":"f.5D45616469B704FE080150B53095EA48.d.AAECCF11A75A9E12535FA0A096EE8379.e.5294"}]}
RESULT: {"script":"<script> [56 bytes]","args":[{"element-6066-11e4-a52e-4f735466cecf":"f.5D45616469B704FE080150B53095EA48.d.AAECCF11A75A9E12535FA0A096EE8379.e.5294","ELEMENT":"f.5D45616469B704FE080150B53095EA48.d.AAECCF11A75A9E12535FA0A096EE8379.e.5294"}]}
COMMAND: POST /session/6e56a133f2a8cc611653bc0e9554f734/element - {"using":"xpath","value":"//table[contains(@id, \"application-ruinventorylist-display-component---Master--tableRuInventoryList-listUl\")]/tbody/tr[1]/td[6]/div/span"}
COMMAND: GET /session/6e56a133f2a8cc611653bc0e9554f734/screenshot - {}
RESULT: {"using":"xpath","value":"//table[contains(@id, \"application-ruinventorylist-display-component---Master--tableRuInventoryList-listUl\")]/tbody/tr[1]/td[6]/div/span"}
COMMAND: POST /session/6e56a133f2a8cc611653bc0e9554f734/execute/sync - {"script":"<script> [56 bytes]","args":[{"element-6066-11e4-a52e-4f735466cecf":"f.5D45616469B704FE080150B53095EA48.d.AAECCF11A75A9E12535FA0A096EE8379.e.7279","ELEMENT":"f.5D45616469B704FE080150B53095EA48.d.AAECCF11A75A9E12535FA0A096EE8379.e.7279"}]}
RESULT: {}
RESULT: {"script":"<script> [56 bytes]","args":[{"element-6066-11e4-a52e-4f735466cecf":"f.5D45616469B704FE080150B53095EA48.d.AAECCF11A75A9E12535FA0A096EE8379.e.7279","ELEMENT":"f.5D45616469B704FE080150B53095EA48.d.AAECCF11A75A9E12535FA0A096EE8379.e.7279"}]}
COMMAND: POST /session/6e56a133f2a8cc611653bc0e9554f734/element - {"using":"xpath","value":"//div[contains(@id, \"smartFilterBar-btnBasicSearch-reset\")]"}
COMMAND: GET /session/6e56a133f2a8cc611653bc0e9554f734/screenshot - {}
RESULT: {"using":"xpath","value":"//div[contains(@id, \"smartFilterBar-btnBasicSearch-reset\")]"}
COMMAND: POST /session/6e56a133f2a8cc611653bc0e9554f734/element/f.5D45616469B704FE080150B53095EA48.d.AAECCF11A75A9E12535FA0A096EE8379.e.5330/click - {}
RESULT: {}
RESULT: {}
COMMAND: GET /session/6e56a133f2a8cc611653bc0e9554f734/screenshot - {}
RESULT: {}
RESULT: undefined
COMMAND: POST /session/6e56a133f2a8cc611653bc0e9554f734/execute/async - {"script":"<script> [776 bytes]","args":[{"enterText":"200162","selector":{"id":"application-ruinventorylist-display-component---Master--smartFilterBar-btnBasicSearch","interaction":{"idSuffix":"I"}},"clearTextFirst":true,"interactionType":"ENTER_TEXT"}]}
RESULT: {"script":"<script> [776 bytes]","args":[{"enterText":"200162","selector":{"id":"application-ruinventorylist-display-component---Master--smartFilterBar-btnBasicSearch","interaction":{"idSuffix":"I"}},"clearTextFirst":true,"interactionType":"ENTER_TEXT"}]}
COMMAND: POST /session/6e56a133f2a8cc611653bc0e9554f734/actions - {"actions":[{"id":"action38","type":"key","parameters":{},"actions":[{"type":"keyDown","value":"î€‡"},{"type":"pause","duration":10},{"type":"keyUp","value":"î€‡"}]}]}
RESULT: {"actions":[{"id":"action38","type":"key","parameters":{},"actions":[{"type":"keyDown","value":"î€‡"},{"type":"pause","duration":10},{"type":"keyUp","value":"î€‡"}]}]}
COMMAND: GET /session/6e56a133f2a8cc611653bc0e9554f734/screenshot - {}
RESULT: {}
COMMAND: POST /session/6e56a133f2a8cc611653bc0e9554f734/element - {"using":"xpath","value":"//span[@id=\"application-ruinventorylist-display-component---Master--smartTableRuInventoryList-header-inner\"]"}
RESULT: {"using":"xpath","value":"//span[@id=\"application-ruinventorylist-display-component---Master--smartTableRuInventoryList-header-inner\"]"}
COMMAND: POST /session/6e56a133f2a8cc611653bc0e9554f734/elements - {"using":"xpath","value":"//span[@id=\"application-ruinventorylist-display-component---Master--smartTableRuInventoryList-header-inner\"]"}
RESULT: {"using":"xpath","value":"//span[@id=\"application-ruinventorylist-display-component---Master--smartTableRuInventoryList-header-inner\"]"}
COMMAND: POST /session/6e56a133f2a8cc611653bc0e9554f734/execute/sync - {"script":"<script> [56 bytes]","args":[{"element-6066-11e4-a52e-4f735466cecf":"f.5D45616469B704FE080150B53095EA48.d.AAECCF11A75A9E12535FA0A096EE8379.e.5294","ELEMENT":"f.5D45616469B704FE080150B53095EA48.d.AAECCF11A75A9E12535FA0A096EE8379.e.5294"}]}
RESULT: {"script":"<script> [56 bytes]","args":[{"element-6066-11e4-a52e-4f735466cecf":"f.5D45616469B704FE080150B53095EA48.d.AAECCF11A75A9E12535FA0A096EE8379.e.5294","ELEMENT":"f.5D45616469B704FE080150B53095EA48.d.AAECCF11A75A9E12535FA0A096EE8379.e.5294"}]}
COMMAND: POST /session/6e56a133f2a8cc611653bc0e9554f734/element - {"using":"xpath","value":"//table[contains(@id, \"application-ruinventorylist-display-component---Master--tableRuInventoryList-listUl\")]/tbody/tr[1]/td[6]/div/span"}
COMMAND: GET /session/6e56a133f2a8cc611653bc0e9554f734/screenshot - {}
RESULT: {"using":"xpath","value":"//table[contains(@id, \"application-ruinventorylist-display-component---Master--tableRuInventoryList-listUl\")]/tbody/tr[1]/td[6]/div/span"}
COMMAND: POST /session/6e56a133f2a8cc611653bc0e9554f734/execute/sync - {"script":"<script> [56 bytes]","args":[{"element-6066-11e4-a52e-4f735466cecf":"f.5D45616469B704FE080150B53095EA48.d.AAECCF11A75A9E12535FA0A096EE8379.e.7358","ELEMENT":"f.5D45616469B704FE080150B53095EA48.d.AAECCF11A75A9E12535FA0A096EE8379.e.7358"}]}
RESULT: {}
RESULT: {"script":"<script> [56 bytes]","args":[{"element-6066-11e4-a52e-4f735466cecf":"f.5D45616469B704FE080150B53095EA48.d.AAECCF11A75A9E12535FA0A096EE8379.e.7358","ELEMENT":"f.5D45616469B704FE080150B53095EA48.d.AAECCF11A75A9E12535FA0A096EE8379.e.7358"}]}
COMMAND: POST /session/6e56a133f2a8cc611653bc0e9554f734/element - {"using":"xpath","value":"//div[contains(@id, \"smartFilterBar-btnBasicSearch-reset\")]"}
COMMAND: GET /session/6e56a133f2a8cc611653bc0e9554f734/screenshot - {}
RESULT: {"using":"xpath","value":"//div[contains(@id, \"smartFilterBar-btnBasicSearch-reset\")]"}
COMMAND: POST /session/6e56a133f2a8cc611653bc0e9554f734/element/f.5D45616469B704FE080150B53095EA48.d.AAECCF11A75A9E12535FA0A096EE8379.e.5330/click - {}
RESULT: {}
RESULT: {}
COMMAND: GET /session/6e56a133f2a8cc611653bc0e9554f734/screenshot - {}
RESULT: {}
COMMAND: POST /session/6e56a133f2a8cc611653bc0e9554f734/element - {"using":"css selector","value":"#shell-header-logo"}
RESULT: {"using":"css selector","value":"#shell-header-logo"}
COMMAND: POST /session/6e56a133f2a8cc611653bc0e9554f734/element/f.5D45616469B704FE080150B53095EA48.d.AAECCF11A75A9E12535FA0A096EE8379.e.4712/click - {}
RESULT: {}
COMMAND: GET /session/6e56a133f2a8cc611653bc0e9554f734/screenshot - {}
RESULT: {}
COMMAND: POST /session/6e56a133f2a8cc611653bc0e9554f734/element - {"using":"css selector","value":"#j_username"}
COMMAND: POST /session/6e56a133f2a8cc611653bc0e9554f734/url - {"url":"https://qa-testing-00-live-etm-ui.cfapps.eu10-004.hana.ondemand.com/"}
RESULT: {"using":"css selector","value":"#j_username"}
COMMAND: POST /session/6e56a133f2a8cc611653bc0e9554f734/element - {"using":"css selector","value":"#j_username"}
RESULT: {"url":"https://qa-testing-00-live-etm-ui.cfapps.eu10-004.hana.ondemand.com/"}
RESULT: undefined
COMMAND: GET /session/6e56a133f2a8cc611653bc0e9554f734/screenshot - {}
RESULT: {"using":"css selector","value":"#j_username"}
COMMAND: POST /session/6e56a133f2a8cc611653bc0e9554f734/element - {"using":"css selector","value":"#shell-header-logo"}
RESULT: {}
RESULT: {"using":"css selector","value":"#shell-header-logo"}
COMMAND: POST /session/6e56a133f2a8cc611653bc0e9554f734/execute/sync - {"script":"<script> [8489 bytes]","args":[{"element-6066-11e4-a52e-4f735466cecf":"f.5D45616469B704FE080150B53095EA48.d.310FC30C02E16BDA65A6D6BBFB4D57BC.e.7444","ELEMENT":"f.5D45616469B704FE080150B53095EA48.d.310FC30C02E16BDA65A6D6BBFB4D57BC.e.7444"}]}
RESULT: {"script":"<script> [8489 bytes]","args":[{"element-6066-11e4-a52e-4f735466cecf":"f.5D45616469B704FE080150B53095EA48.d.310FC30C02E16BDA65A6D6BBFB4D57BC.e.7444","ELEMENT":"f.5D45616469B704FE080150B53095EA48.d.310FC30C02E16BDA65A6D6BBFB4D57BC.e.7444"}]}
COMMAND: POST /session/6e56a133f2a8cc611653bc0e9554f734/element - {"using":"css selector","value":"#shell-header-logo"}
COMMAND: GET /session/6e56a133f2a8cc611653bc0e9554f734/screenshot - {}
RESULT: {"using":"css selector","value":"#shell-header-logo"}
COMMAND: POST /session/6e56a133f2a8cc611653bc0e9554f734/execute/sync - {"script":"<script> [8489 bytes]","args":[{"element-6066-11e4-a52e-4f735466cecf":"f.5D45616469B704FE080150B53095EA48.d.310FC30C02E16BDA65A6D6BBFB4D57BC.e.7444","ELEMENT":"f.5D45616469B704FE080150B53095EA48.d.310FC30C02E16BDA65A6D6BBFB4D57BC.e.7444"}]}
RESULT: {}
RESULT: {"script":"<script> [8489 bytes]","args":[{"element-6066-11e4-a52e-4f735466cecf":"f.5D45616469B704FE080150B53095EA48.d.310FC30C02E16BDA65A6D6BBFB4D57BC.e.7444","ELEMENT":"f.5D45616469B704FE080150B53095EA48.d.310FC30C02E16BDA65A6D6BBFB4D57BC.e.7444"}]}
COMMAND: POST /session/6e56a133f2a8cc611653bc0e9554f734/execute/sync - {"script":"<script> [5351 bytes]","args":[{"element-6066-11e4-a52e-4f735466cecf":"f.5D45616469B704FE080150B53095EA48.d.310FC30C02E16BDA65A6D6BBFB4D57BC.e.7444","ELEMENT":"f.5D45616469B704FE080150B53095EA48.d.310FC30C02E16BDA65A6D6BBFB4D57BC.e.7444"}]}
COMMAND: GET /session/6e56a133f2a8cc611653bc0e9554f734/screenshot - {}
RESULT: {"script":"<script> [5351 bytes]","args":[{"element-6066-11e4-a52e-4f735466cecf":"f.5D45616469B704FE080150B53095EA48.d.310FC30C02E16BDA65A6D6BBFB4D57BC.e.7444","ELEMENT":"f.5D45616469B704FE080150B53095EA48.d.310FC30C02E16BDA65A6D6BBFB4D57BC.e.7444"}]}
COMMAND: POST /session/6e56a133f2a8cc611653bc0e9554f734/element - {"using":"css selector","value":"#shell-header-logo"}
COMMAND: GET /session/6e56a133f2a8cc611653bc0e9554f734/screenshot - {}
RESULT: {}
RESULT: {"using":"css selector","value":"#shell-header-logo"}
COMMAND: POST /session/6e56a133f2a8cc611653bc0e9554f734/element/f.5D45616469B704FE080150B53095EA48.d.310FC30C02E16BDA65A6D6BBFB4D57BC.e.7444/click - {}
RESULT: {}
RESULT: {}
COMMAND: GET /session/6e56a133f2a8cc611653bc0e9554f734/screenshot - {}
RESULT: {}
COMMAND: POST /session/6e56a133f2a8cc611653bc0e9554f734/execute/async - {"script":"<script> [189 bytes]","args":[]}
RESULT: {"script":"<script> [189 bytes]","args":[]}
COMMAND: POST /session/6e56a133f2a8cc611653bc0e9554f734/execute/async - {"script":"<script> [123 bytes]","args":[]}
RESULT: {"script":"<script> [123 bytes]","args":[]}
COMMAND: POST /session/6e56a133f2a8cc611653bc0e9554f734/timeouts - {"script":"<number>"}
RESULT: {"script":"<number>"}
COMMAND: GET /session/6e56a133f2a8cc611653bc0e9554f734/timeouts - {}
RESULT: {}
RESULT: undefined
COMMAND: POST /session/6e56a133f2a8cc611653bc0e9554f734/execute/async - {"script":"<script> [2676 bytes]","args":[]}
RESULT: {"script":"<script> [2676 bytes]","args":[]}
COMMAND: POST /session/6e56a133f2a8cc611653bc0e9554f734/execute/async - {"script":"<script> [2342 bytes]","args":[{"protocol":"http","hostname":"0.0.0.0","path":"/","capabilities":{"browserName":"chrome","goog:chromeOptions":{"binary":"C:\\Program Files\\Google\\Chrome\\Application\\chrome.exe","args":["--start-maximized"]}},"logLevel":"warn","connectionRetryTimeout":120000,"connectionRetryCount":3,"logLevels":{},"enableDirectConnect":true,"strictSSL":true,"_":"65 more keys: [\"cacheDir\",\"port\",\"requestedCapabilities\",\"automationProtocol\",\"baseUrl\",\"waitforInterval\",\"waitforTimeout\",\"onReload\",\"beforeCommand\",\"afterCommand\",\"rootDir\",\"specs\",\"suites\",\"exclude\",\"groupLogsByTestSpec\",\"excludeDriverLogs\",\"bail\",\"framework\",\"reporters\",\"services\",\"maxInstances\",\"maxInstancesPerCapability\",\"injectGlobals\",\"filesToWatch\",\"execArgv\",\"runnerEnv\",\"runner\",\"shard\",\"specFileRetries\",\"specFileRetriesDelay\",\"specFileRetriesDeferred\",\"reporterSyncInterval\",\"reporterSyncTimeout\",\"cucumberFeaturesWithLineNumbers\",\"autoCompileOpts\",\"mochaOpts\",\"jasmineOpts\",\"cucumberOpts\",\"onPrepare\",\"onWorkerStart\",\"onWorkerEnd\",\"before\",\"beforeSession\",\"beforeSuite\",\"beforeHook\",\"beforeTest\",\"afterTest\",\"afterHook\",\"afterSuite\",\"afterSession\",\"after\",\"onComplete\",\"beforeAssertion\",\"afterAssertion\",\"beforeFeature\",\"beforeScenario\",\"beforeStep\",\"afterStep\",\"afterScenario\",\"afterFeature\",\"_\",\"suite\",\"$0\",\"ignoredWorkerServices\",\"wdi5\"]"}]}
RESULT: {"script":"<script> [2342 bytes]","args":[{"protocol":"http","hostname":"0.0.0.0","path":"/","capabilities":{"browserName":"chrome","goog:chromeOptions":{"binary":"C:\\Program Files\\Google\\Chrome\\Application\\chrome.exe","args":["--start-maximized"]}},"logLevel":"warn","connectionRetryTimeout":120000,"connectionRetryCount":3,"logLevels":{},"enableDirectConnect":true,"strictSSL":true,"_":"65 more keys: [\"cacheDir\",\"port\",\"requestedCapabilities\",\"automationProtocol\",\"baseUrl\",\"waitforInterval\",\"waitforTimeout\",\"onReload\",\"beforeCommand\",\"afterCommand\",\"rootDir\",\"specs\",\"suites\",\"exclude\",\"groupLogsByTestSpec\",\"excludeDriverLogs\",\"bail\",\"framework\",\"reporters\",\"services\",\"maxInstances\",\"maxInstancesPerCapability\",\"injectGlobals\",\"filesToWatch\",\"execArgv\",\"runnerEnv\",\"runner\",\"shard\",\"specFileRetries\",\"specFileRetriesDelay\",\"specFileRetriesDeferred\",\"reporterSyncInterval\",\"reporterSyncTimeout\",\"cucumberFeaturesWithLineNumbers\",\"autoCompileOpts\",\"mochaOpts\",\"jasmineOpts\",\"cucumberOpts\",\"onPrepare\",\"onWorkerStart\",\"onWorkerEnd\",\"before\",\"beforeSession\",\"beforeSuite\",\"beforeHook\",\"beforeTest\",\"afterTest\",\"afterHook\",\"afterSuite\",\"afterSession\",\"after\",\"onComplete\",\"beforeAssertion\",\"afterAssertion\",\"beforeFeature\",\"beforeScenario\",\"beforeStep\",\"afterStep\",\"afterScenario\",\"afterFeature\",\"_\",\"suite\",\"$0\",\"ignoredWorkerServices\",\"wdi5\"]"}]}
COMMAND: POST /session/6e56a133f2a8cc611653bc0e9554f734/execute/async - {"script":"<script> [21126 bytes]","args":[35000]}
RESULT: {"script":"<script> [21126 bytes]","args":[35000]}
COMMAND: POST /session/6e56a133f2a8cc611653bc0e9554f734/window/maximize - {}
RESULT: {}
COMMAND: POST /session/6e56a133f2a8cc611653bc0e9554f734/execute/async - {"script":"<script> [1562 bytes]","args":[{"selector":{"id":"shell-header","interaction":{"idSuffix":"icon"}},"wdio_ui5_key":"shellheader"}]}
COMMAND: GET /session/6e56a133f2a8cc611653bc0e9554f734/screenshot - {}
RESULT: {"script":"<script> [1562 bytes]","args":[{"selector":{"id":"shell-header","interaction":{"idSuffix":"icon"}},"wdio_ui5_key":"shellheader"}]}
RESULT: undefined
RESULT: {}
COMMAND: POST /session/6e56a133f2a8cc611653bc0e9554f734/execute/async - {"script":"<script> [1562 bytes]","args":[{"selector":{"controlType":"sap.m.Title","i18NText":{"propertyName":"text","key":"dataCollectionAgreement"},"searchOpenDialogs":true},"wdio_ui5_key":"sapm.Title{\"propertyName\":\"text\",\"key\":\"dataCollectionAgreement\"}"}]}
RESULT: {"script":"<script> [1562 bytes]","args":[{"selector":{"controlType":"sap.m.Title","i18NText":{"propertyName":"text","key":"dataCollectionAgreement"},"searchOpenDialogs":true},"wdio_ui5_key":"sapm.Title{\"propertyName\":\"text\",\"key\":\"dataCollectionAgreement\"}"}]}
RESULT: undefined
COMMAND: POST /session/6e56a133f2a8cc611653bc0e9554f734/execute/async - {"script":"<script> [1562 bytes]","args":[{"selector":{"controlType":"sap.ushell.ui.launchpad.AnchorItem","bindingPath":{"path":"/groups/1","propertyPath":"index"},"interaction":{"idSuffix":"inner"}},"wdio_ui5_key":"sapushell.ui.launchpad.AnchorItem{\"path\":\"/groups/1\",\"propertyPath\":\"index\"}"}]}
RESULT: {"script":"<script> [1562 bytes]","args":[{"selector":{"controlType":"sap.ushell.ui.launchpad.AnchorItem","bindingPath":{"path":"/groups/1","propertyPath":"index"},"interaction":{"idSuffix":"inner"}},"wdio_ui5_key":"sapushell.ui.launchpad.AnchorItem{\"path\":\"/groups/1\",\"propertyPath\":\"index\"}"}]}
RESULT: undefined
COMMAND: POST /session/6e56a133f2a8cc611653bc0e9554f734/element - {"using":"xpath","value":"//*[@id=\"__item0-anchorNavigationBar-1\"]"}
RESULT: {"using":"xpath","value":"//*[@id=\"__item0-anchorNavigationBar-1\"]"}
COMMAND: POST /session/6e56a133f2a8cc611653bc0e9554f734/element/f.5D45616469B704FE080150B53095EA48.d.310FC30C02E16BDA65A6D6BBFB4D57BC.e.7558/click - {}
RESULT: {}
COMMAND: GET /session/6e56a133f2a8cc611653bc0e9554f734/screenshot - {}
RESULT: {}
COMMAND: POST /session/6e56a133f2a8cc611653bc0e9554f734/execute/async - {"script":"<script> [1562 bytes]","args":[{"selector":{"controlType":"sap.m.GenericTile","properties":{"header":"Manage Yards"}},"wdio_ui5_key":"sapm.GenericTile{\"header\":\"Manage Yards\"}"}]}
RESULT: {"script":"<script> [1562 bytes]","args":[{"selector":{"controlType":"sap.m.GenericTile","properties":{"header":"Manage Yards"}},"wdio_ui5_key":"sapm.GenericTile{\"header\":\"Manage Yards\"}"}]}
RESULT: undefined
COMMAND: POST /session/6e56a133f2a8cc611653bc0e9554f734/element - {"using":"xpath","value":"//*[@id=\"__tile33\"]"}
RESULT: {"using":"xpath","value":"//*[@id=\"__tile33\"]"}
COMMAND: POST /session/6e56a133f2a8cc611653bc0e9554f734/element/f.5D45616469B704FE080150B53095EA48.d.310FC30C02E16BDA65A6D6BBFB4D57BC.e.7561/click - {}
RESULT: {}
COMMAND: GET /session/6e56a133f2a8cc611653bc0e9554f734/screenshot - {}
RESULT: {}
]]></system-out>
    </testcase>
  </testsuite>
  <testsuite timestamp="2025-04-28T16:47:10" time="597.863" tests="9" failures="8" errors="8" skipped="0">
    <properties>
      <property name="specId" value="0" />
      <property name="suiteName" value="Create masterdata for Mass Change State US104416" />
      <property name="capabilities" value="chrome.135_0_7049_96.windows" />
      <property name="file" value="file:///D:/a/1/s/test/specs/HTR/create-mass-state-change.spec.js" />
    </properties>
    <testcase classname="chrome.135_0_7049_96.windows.Create_masterdata_for_Mass_Change_State_US104416" name="Mass State Change" time="11.316">
      <system-out><![CDATA[
COMMAND: POST /session/6e56a133f2a8cc611653bc0e9554f734/execute/async - {"script":"<script> [1562 bytes]","args":[{"selector":{"controlType":"sap.m.GenericTile","properties":{"header":"Manage States & Performance"}},"wdio_ui5_key":"sapm.GenericTile{\"header\":\"Manage States & Performance\"}"}]}
COMMAND: GET /session/6e56a133f2a8cc611653bc0e9554f734/screenshot - {}
RESULT: {"script":"<script> [1562 bytes]","args":[{"selector":{"controlType":"sap.m.GenericTile","properties":{"header":"Manage States & Performance"}},"wdio_ui5_key":"sapm.GenericTile{\"header\":\"Manage States & Performance\"}"}]}
RESULT: undefined
RESULT: {}
COMMAND: POST /session/6e56a133f2a8cc611653bc0e9554f734/execute/async - {"script":"<script> [1562 bytes]","args":[{"selector":{"controlType":"sap.ui.core.Icon","viewName":"etm.portal.ui.managestatesandperformance.view.Master","viewId":"application-managestatesandperformance-display-component---stateAndPerform","properties":{"src":{"regex":{"source":"chart\\-table\\-view"}}}},"wdio_ui5_key":"etmportal.ui.managestatesandperformance.view.Mastersap.ui.core.Icon{\"src\":{\"regex\":{\"source\":\"chart\\\\-table\\\\-view\"}}}"}]}
RESULT: {"script":"<script> [1562 bytes]","args":[{"selector":{"controlType":"sap.ui.core.Icon","viewName":"etm.portal.ui.managestatesandperformance.view.Master","viewId":"application-managestatesandperformance-display-component---stateAndPerform","properties":{"src":{"regex":{"source":"chart\\-table\\-view"}}}},"wdio_ui5_key":"etmportal.ui.managestatesandperformance.view.Mastersap.ui.core.Icon{\"src\":{\"regex\":{\"source\":\"chart\\\\-table\\\\-view\"}}}"}]}
RESULT: undefined
COMMAND: POST /session/6e56a133f2a8cc611653bc0e9554f734/execute/async - {"script":"<script> [1562 bytes]","args":[{"selector":{"id":"application-managestatesandperformance-display-component---stateAndPerform--smartFilterBarContracts-btnBasicSearch","interaction":{"idSuffix":"I"}},"wdio_ui5_key":"applicationmanagestatesandperformance-display-component---stateAndPerform--smartFilterBarContracts-btnBasicSearch"}]}
RESULT: {"script":"<script> [1562 bytes]","args":[{"selector":{"id":"application-managestatesandperformance-display-component---stateAndPerform--smartFilterBarContracts-btnBasicSearch","interaction":{"idSuffix":"I"}},"wdio_ui5_key":"applicationmanagestatesandperformance-display-component---stateAndPerform--smartFilterBarContracts-btnBasicSearch"}]}
RESULT: undefined
COMMAND: POST /session/6e56a133f2a8cc611653bc0e9554f734/actions - {"actions":[{"id":"action39","type":"key","parameters":{},"actions":[{"type":"keyDown","value":"î€‡"},{"type":"pause","duration":10},{"type":"keyUp","value":"î€‡"}]}]}
RESULT: {"actions":[{"id":"action39","type":"key","parameters":{},"actions":[{"type":"keyDown","value":"î€‡"},{"type":"pause","duration":10},{"type":"keyUp","value":"î€‡"}]}]}
COMMAND: GET /session/6e56a133f2a8cc611653bc0e9554f734/screenshot - {}
RESULT: {}
COMMAND: POST /session/6e56a133f2a8cc611653bc0e9554f734/execute/async - {"script":"<script> [1562 bytes]","args":[{"selector":{"id":"application-managestatesandperformance-display-component---stateAndPerform--stateAndPerformContractItemsTable-sa","interaction":{"idSuffix":"CbBg"}},"wdio_ui5_key":"applicationmanagestatesandperformance-display-component---stateAndPerform--stateAndPerformContractItemsTable-sa"}]}
RESULT: {"script":"<script> [1562 bytes]","args":[{"selector":{"id":"application-managestatesandperformance-display-component---stateAndPerform--stateAndPerformContractItemsTable-sa","interaction":{"idSuffix":"CbBg"}},"wdio_ui5_key":"applicationmanagestatesandperformance-display-component---stateAndPerform--stateAndPerformContractItemsTable-sa"}]}
RESULT: undefined
COMMAND: POST /session/6e56a133f2a8cc611653bc0e9554f734/execute/async - {"script":"<script> [1562 bytes]","args":[{"selector":{"id":"application-managestatesandperformance-display-component---stateAndPerform--btnMassStateChangeOnContracts-img"},"wdio_ui5_key":"applicationmanagestatesandperformance-display-component---stateAndPerform--btnMassStateChangeOnContracts-img"}]}
RESULT: {"script":"<script> [1562 bytes]","args":[{"selector":{"id":"application-managestatesandperformance-display-component---stateAndPerform--btnMassStateChangeOnContracts-img"},"wdio_ui5_key":"applicationmanagestatesandperformance-display-component---stateAndPerform--btnMassStateChangeOnContracts-img"}]}
RESULT: undefined
COMMAND: POST /session/6e56a133f2a8cc611653bc0e9554f734/execute/async - {"script":"<script> [1562 bytes]","args":[{"selector":{"id":"application-managestatesandperformance-display-component---stateAndPerform--ruStateTypes","searchOpenDialogs":true,"interaction":{"idSuffix":"inner"}},"wdio_ui5_key":"applicationmanagestatesandperformance-display-component---stateAndPerform--ruStateTypes"}]}
RESULT: {"script":"<script> [1562 bytes]","args":[{"selector":{"id":"application-managestatesandperformance-display-component---stateAndPerform--ruStateTypes","searchOpenDialogs":true,"interaction":{"idSuffix":"inner"}},"wdio_ui5_key":"applicationmanagestatesandperformance-display-component---stateAndPerform--ruStateTypes"}]}
RESULT: undefined
COMMAND: POST /session/6e56a133f2a8cc611653bc0e9554f734/execute/async - {"script":"<script> [1562 bytes]","args":[{"selector":{"controlType":"sap.m.Button","viewName":"etm.portal.ui.managestatesandperformance.view.Master","viewId":"application-managestatesandperformance-display-component---stateAndPerform","i18NText":{"propertyName":"text","key":"ok"},"searchOpenDialogs":true,"interaction":{"idSuffix":"BDI-content"}},"wdio_ui5_key":"etmportal.ui.managestatesandperformance.view.Mastersap.m.Button{\"propertyName\":\"text\",\"key\":\"ok\"}"}]}
RESULT: {"script":"<script> [1562 bytes]","args":[{"selector":{"controlType":"sap.m.Button","viewName":"etm.portal.ui.managestatesandperformance.view.Master","viewId":"application-managestatesandperformance-display-component---stateAndPerform","i18NText":{"propertyName":"text","key":"ok"},"searchOpenDialogs":true,"interaction":{"idSuffix":"BDI-content"}},"wdio_ui5_key":"etmportal.ui.managestatesandperformance.view.Mastersap.m.Button{\"propertyName\":\"text\",\"key\":\"ok\"}"}]}
RESULT: undefined
COMMAND: POST /session/6e56a133f2a8cc611653bc0e9554f734/execute/async - {"script":"<script> [1562 bytes]","args":[{"selector":{"controlType":"sap.m.Button","properties":{"text":"OK"},"searchOpenDialogs":true,"ancestor":{"controlType":"sap.m.Dialog","properties":{"icon":"sap-icon://sys-help-2"},"searchOpenDialogs":true},"interaction":{"idSuffix":"BDI-content"}},"wdio_ui5_key":"sapm.Button{\"text\":\"OK\"}{\"controlType\":\"sap.m.Dialog\",\"properties\":{\"icon\":\"sap-icon://sys-help-2\"},\"searchOpenDialogs\":true}"}]}
RESULT: {"script":"<script> [1562 bytes]","args":[{"selector":{"controlType":"sap.m.Button","properties":{"text":"OK"},"searchOpenDialogs":true,"ancestor":{"controlType":"sap.m.Dialog","properties":{"icon":"sap-icon://sys-help-2"},"searchOpenDialogs":true},"interaction":{"idSuffix":"BDI-content"}},"wdio_ui5_key":"sapm.Button{\"text\":\"OK\"}{\"controlType\":\"sap.m.Dialog\",\"properties\":{\"icon\":\"sap-icon://sys-help-2\"},\"searchOpenDialogs\":true}"}]}
RESULT: undefined
COMMAND: GET /session/6e56a133f2a8cc611653bc0e9554f734/screenshot - {}
RESULT: {}
COMMAND: DELETE /session/6e56a133f2a8cc611653bc0e9554f734 - {}
RESULT: {}
]]></system-out>
    </testcase>
  </testsuite>
</testsuites>