<?xml version="1.0" encoding="UTF-8"?>
<testsuites tests="9" failures="1" errors="1" skipped="0">
  <testsuite timestamp="2025-06-13T17:57:16" time="751.857" tests="9" failures="1" errors="1" skipped="0">
    <properties>
      <property name="specId" value="0"/>
      <property name="suiteName" value="Address Management Tests US156181 US151165 US151160 US156180 US156178 US151157 US151172 US151170 US151166 US151168"/>
      <property name="capabilities" value="chrome.137_0_7151_69.windows"/>
      <property name="file" value="file:///D:/a/1/s/test/specs/BTS/address-management.spec.js"/>
    </properties>
    <testcase classname="chrome.137_0_7151_69.windows.Address_Management_Tests_US156181_US151165_US151160_US156180_US156178_US151157_US151172_US151170_US151166_US151168" name="Step 1 Will check existence of address created with generated name if none then we create US156181" time="78.762">
      <system-out><![CDATA[
COMMAND: POST /session/4b6079780f801ee5ca8e04de9c1ae743/execute/async - {"script":"<script> [1562 bytes]","args":[{"selector":{"controlType":"sap.m.GenericTile","properties":{"header":"Address Management"}},"wdio_ui5_key":"sapm.GenericTile{\"header\":\"Address Management\"}"}]}
RESULT: {"script":"<script> [1562 bytes]","args":[{"selector":{"controlType":"sap.m.GenericTile","properties":{"header":"Address Management"}},"wdio_ui5_key":"sapm.GenericTile{\"header\":\"Address Management\"}"}]}
RESULT: undefined
COMMAND: POST /session/4b6079780f801ee5ca8e04de9c1ae743/element - {"using":"xpath","value":"//*[@id=\"__tile34\"]"}
RESULT: {"using":"xpath","value":"//*[@id=\"__tile34\"]"}
COMMAND: POST /session/4b6079780f801ee5ca8e04de9c1ae743/element/f.2A8A48C59FC3800155EB8E2C1BCE5643.d.AA16605DDECD376AE25F694D850B9DA3.e.225/click - {}
RESULT: {}
COMMAND: GET /session/4b6079780f801ee5ca8e04de9c1ae743/screenshot - {}
RESULT: {}
COMMAND: POST /session/4b6079780f801ee5ca8e04de9c1ae743/elements - {"using":"xpath","value":"//span[text()='Error']"}
RESULT: {"using":"xpath","value":"//span[text()='Error']"}
COMMAND: POST /session/4b6079780f801ee5ca8e04de9c1ae743/element - {"using":"xpath","value":"//button[@data-kt=\"addButton\"]"}
RESULT: {"using":"xpath","value":"//button[@data-kt=\"addButton\"]"}
COMMAND: POST /session/4b6079780f801ee5ca8e04de9c1ae743/elements - {"using":"xpath","value":"//button[@data-kt=\"addButton\"]"}
RESULT: {"using":"xpath","value":"//button[@data-kt=\"addButton\"]"}
COMMAND: POST /session/4b6079780f801ee5ca8e04de9c1ae743/elements - {"using":"xpath","value":"//button[@data-kt=\"addButton\"]"}
RESULT: {"using":"xpath","value":"//button[@data-kt=\"addButton\"]"}
COMMAND: POST /session/4b6079780f801ee5ca8e04de9c1ae743/elements - {"using":"xpath","value":"//button[@data-kt=\"addButton\"]"}
RESULT: {"using":"xpath","value":"//button[@data-kt=\"addButton\"]"}
COMMAND: POST /session/4b6079780f801ee5ca8e04de9c1ae743/elements - {"using":"xpath","value":"//button[@data-kt=\"addButton\"]"}
RESULT: {"using":"xpath","value":"//button[@data-kt=\"addButton\"]"}
COMMAND: POST /session/4b6079780f801ee5ca8e04de9c1ae743/elements - {"using":"xpath","value":"//button[@data-kt=\"addButton\"]"}
RESULT: {"using":"xpath","value":"//button[@data-kt=\"addButton\"]"}
COMMAND: POST /session/4b6079780f801ee5ca8e04de9c1ae743/elements - {"using":"xpath","value":"//button[@data-kt=\"addButton\"]"}
RESULT: {"using":"xpath","value":"//button[@data-kt=\"addButton\"]"}
COMMAND: POST /session/4b6079780f801ee5ca8e04de9c1ae743/elements - {"using":"xpath","value":"//button[@data-kt=\"addButton\"]"}
RESULT: {"using":"xpath","value":"//button[@data-kt=\"addButton\"]"}
COMMAND: POST /session/4b6079780f801ee5ca8e04de9c1ae743/elements - {"using":"xpath","value":"//button[@data-kt=\"addButton\"]"}
RESULT: {"using":"xpath","value":"//button[@data-kt=\"addButton\"]"}
COMMAND: POST /session/4b6079780f801ee5ca8e04de9c1ae743/elements - {"using":"xpath","value":"//button[@data-kt=\"addButton\"]"}
RESULT: {"using":"xpath","value":"//button[@data-kt=\"addButton\"]"}
COMMAND: POST /session/4b6079780f801ee5ca8e04de9c1ae743/element - {"using":"xpath","value":"//button[@data-kt=\"addButton\"]"}
RESULT: {"using":"xpath","value":"//button[@data-kt=\"addButton\"]"}
COMMAND: POST /session/4b6079780f801ee5ca8e04de9c1ae743/execute/sync - {"script":"<script> [8489 bytes]","args":[{"element-6066-11e4-a52e-4f735466cecf":"f.2A8A48C59FC3800155EB8E2C1BCE5643.d.AA16605DDECD376AE25F694D850B9DA3.e.323","ELEMENT":"f.2A8A48C59FC3800155EB8E2C1BCE5643.d.AA16605DDECD376AE25F694D850B9DA3.e.323"}]}
RESULT: {"script":"<script> [8489 bytes]","args":[{"element-6066-11e4-a52e-4f735466cecf":"f.2A8A48C59FC3800155EB8E2C1BCE5643.d.AA16605DDECD376AE25F694D850B9DA3.e.323","ELEMENT":"f.2A8A48C59FC3800155EB8E2C1BCE5643.d.AA16605DDECD376AE25F694D850B9DA3.e.323"}]}
COMMAND: GET /session/4b6079780f801ee5ca8e04de9c1ae743/element/f.2A8A48C59FC3800155EB8E2C1BCE5643.d.AA16605DDECD376AE25F694D850B9DA3.e.323/enabled - {}
COMMAND: GET /session/4b6079780f801ee5ca8e04de9c1ae743/screenshot - {}
RESULT: {}
COMMAND: POST /session/4b6079780f801ee5ca8e04de9c1ae743/execute/sync - {"script":"<script> [8489 bytes]","args":[{"element-6066-11e4-a52e-4f735466cecf":"f.2A8A48C59FC3800155EB8E2C1BCE5643.d.AA16605DDECD376AE25F694D850B9DA3.e.323","ELEMENT":"f.2A8A48C59FC3800155EB8E2C1BCE5643.d.AA16605DDECD376AE25F694D850B9DA3.e.323"}]}
COMMAND: GET /session/4b6079780f801ee5ca8e04de9c1ae743/screenshot - {}
RESULT: {}
RESULT: {"script":"<script> [8489 bytes]","args":[{"element-6066-11e4-a52e-4f735466cecf":"f.2A8A48C59FC3800155EB8E2C1BCE5643.d.AA16605DDECD376AE25F694D850B9DA3.e.323","ELEMENT":"f.2A8A48C59FC3800155EB8E2C1BCE5643.d.AA16605DDECD376AE25F694D850B9DA3.e.323"}]}
COMMAND: POST /session/4b6079780f801ee5ca8e04de9c1ae743/execute/sync - {"script":"<script> [5351 bytes]","args":[{"element-6066-11e4-a52e-4f735466cecf":"f.2A8A48C59FC3800155EB8E2C1BCE5643.d.AA16605DDECD376AE25F694D850B9DA3.e.323","ELEMENT":"f.2A8A48C59FC3800155EB8E2C1BCE5643.d.AA16605DDECD376AE25F694D850B9DA3.e.323"}]}
COMMAND: GET /session/4b6079780f801ee5ca8e04de9c1ae743/screenshot - {}
RESULT: {}
RESULT: {"script":"<script> [5351 bytes]","args":[{"element-6066-11e4-a52e-4f735466cecf":"f.2A8A48C59FC3800155EB8E2C1BCE5643.d.AA16605DDECD376AE25F694D850B9DA3.e.323","ELEMENT":"f.2A8A48C59FC3800155EB8E2C1BCE5643.d.AA16605DDECD376AE25F694D850B9DA3.e.323"}]}
COMMAND: GET /session/4b6079780f801ee5ca8e04de9c1ae743/screenshot - {}
RESULT: {}
RESULT: {}
COMMAND: POST /session/4b6079780f801ee5ca8e04de9c1ae743/execute/async - {"script":"<script> [1562 bytes]","args":[{"selector":{"id":"application-addressmanagement-display-component---masterAdm--smartFilterBar-btnBasicSearch","interaction":{"idSuffix":"I"}},"wdio_ui5_key":"applicationaddressmanagement-display-component---masterAdm--smartFilterBar-btnBasicSearch"}]}
RESULT: {"script":"<script> [1562 bytes]","args":[{"selector":{"id":"application-addressmanagement-display-component---masterAdm--smartFilterBar-btnBasicSearch","interaction":{"idSuffix":"I"}},"wdio_ui5_key":"applicationaddressmanagement-display-component---masterAdm--smartFilterBar-btnBasicSearch"}]}
RESULT: undefined
COMMAND: POST /session/4b6079780f801ee5ca8e04de9c1ae743/execute/async - {"script":"<script> [776 bytes]","args":[{"enterText":"hsF1ArUUJH","selector":{"id":"application-addressmanagement-display-component---masterAdm--smartFilterBar-btnBasicSearch","interaction":{"idSuffix":"I"}},"clearTextFirst":true,"interactionType":"ENTER_TEXT"}]}
RESULT: {"script":"<script> [776 bytes]","args":[{"enterText":"hsF1ArUUJH","selector":{"id":"application-addressmanagement-display-component---masterAdm--smartFilterBar-btnBasicSearch","interaction":{"idSuffix":"I"}},"clearTextFirst":true,"interactionType":"ENTER_TEXT"}]}
COMMAND: POST /session/4b6079780f801ee5ca8e04de9c1ae743/actions - {"actions":[{"id":"action1","type":"key","parameters":{},"actions":[{"type":"keyDown","value":""},{"type":"pause","duration":10},{"type":"keyUp","value":""}]}]}
RESULT: {"actions":[{"id":"action1","type":"key","parameters":{},"actions":[{"type":"keyDown","value":""},{"type":"pause","duration":10},{"type":"keyUp","value":""}]}]}
COMMAND: GET /session/4b6079780f801ee5ca8e04de9c1ae743/screenshot - {}
RESULT: {}
COMMAND: POST /session/4b6079780f801ee5ca8e04de9c1ae743/elements - {"using":"xpath","value":"//table[contains(@id, \"customPersonsAddressesTable-listUl\")]/tbody/tr"}
RESULT: {"using":"xpath","value":"//table[contains(@id, \"customPersonsAddressesTable-listUl\")]/tbody/tr"}
COMMAND: POST /session/4b6079780f801ee5ca8e04de9c1ae743/element - {"using":"xpath","value":"//table[contains(@id, \"customPersonsAddressesTable-listUl\")]/tbody/tr[1]/td[5]/span/span"}
RESULT: {"using":"xpath","value":"//table[contains(@id, \"customPersonsAddressesTable-listUl\")]/tbody/tr[1]/td[5]/span/span"}
COMMAND: POST /session/4b6079780f801ee5ca8e04de9c1ae743/element - {"using":"xpath","value":"//table[contains(@id, \"customPersonsAddressesTable-listUl\")]/tbody/tr[1]/td[3]/span"}
RESULT: {"using":"xpath","value":"//table[contains(@id, \"customPersonsAddressesTable-listUl\")]/tbody/tr[1]/td[3]/span"}
COMMAND: POST /session/4b6079780f801ee5ca8e04de9c1ae743/elements - {"using":"xpath","value":"//table[contains(@id, \"customPersonsAddressesTable-listUl\")]/tbody/tr[1]/td[5]/span/span"}
RESULT: {"using":"xpath","value":"//table[contains(@id, \"customPersonsAddressesTable-listUl\")]/tbody/tr[1]/td[5]/span/span"}
COMMAND: POST /session/4b6079780f801ee5ca8e04de9c1ae743/element - {"using":"xpath","value":"//span[@id=\"application-addressmanagement-display-component---masterAdm--smartTable-header-inner\"]"}
RESULT: {"using":"xpath","value":"//span[@id=\"application-addressmanagement-display-component---masterAdm--smartTable-header-inner\"]"}
COMMAND: POST /session/4b6079780f801ee5ca8e04de9c1ae743/elements - {"using":"xpath","value":"//span[@id=\"application-addressmanagement-display-component---masterAdm--smartTable-header-inner\"]"}
RESULT: {"using":"xpath","value":"//span[@id=\"application-addressmanagement-display-component---masterAdm--smartTable-header-inner\"]"}
COMMAND: POST /session/4b6079780f801ee5ca8e04de9c1ae743/execute/sync - {"script":"<script> [56 bytes]","args":[{"element-6066-11e4-a52e-4f735466cecf":"f.2A8A48C59FC3800155EB8E2C1BCE5643.d.AA16605DDECD376AE25F694D850B9DA3.e.453","ELEMENT":"f.2A8A48C59FC3800155EB8E2C1BCE5643.d.AA16605DDECD376AE25F694D850B9DA3.e.453"}]}
RESULT: {"script":"<script> [56 bytes]","args":[{"element-6066-11e4-a52e-4f735466cecf":"f.2A8A48C59FC3800155EB8E2C1BCE5643.d.AA16605DDECD376AE25F694D850B9DA3.e.453","ELEMENT":"f.2A8A48C59FC3800155EB8E2C1BCE5643.d.AA16605DDECD376AE25F694D850B9DA3.e.453"}]}
COMMAND: POST /session/4b6079780f801ee5ca8e04de9c1ae743/element - {"using":"xpath","value":"//button[@data-kt=\"addButton\"]"}
COMMAND: GET /session/4b6079780f801ee5ca8e04de9c1ae743/screenshot - {}
RESULT: {"using":"xpath","value":"//button[@data-kt=\"addButton\"]"}
COMMAND: POST /session/4b6079780f801ee5ca8e04de9c1ae743/element/f.2A8A48C59FC3800155EB8E2C1BCE5643.d.AA16605DDECD376AE25F694D850B9DA3.e.323/click - {}
RESULT: {}
RESULT: {}
COMMAND: GET /session/4b6079780f801ee5ca8e04de9c1ae743/screenshot - {}
RESULT: {}
COMMAND: POST /session/4b6079780f801ee5ca8e04de9c1ae743/execute/async - {"script":"<script> [1562 bytes]","args":[{"selector":{"controlType":"sap.ui.core.Icon","viewName":"etm.portal.ui.addressmanagement.view.NewAddress","properties":{"src":{"regex":{"source":"slim\\-arrow\\-down"}}},"ancestor":{"id":"addressTitle","viewName":"etm.portal.ui.addressmanagement.view.NewAddress"}},"wdio_ui5_key":"etmportal.ui.addressmanagement.view.NewAddresssap.ui.core.Icon{\"src\":{\"regex\":{\"source\":\"slim\\\\-arrow\\\\-down\"}}}{\"id\":\"addressTitle\",\"viewName\":\"etm.portal.ui.addressmanagement.view.NewAddress\"}"}]}
RESULT: {"script":"<script> [1562 bytes]","args":[{"selector":{"controlType":"sap.ui.core.Icon","viewName":"etm.portal.ui.addressmanagement.view.NewAddress","properties":{"src":{"regex":{"source":"slim\\-arrow\\-down"}}},"ancestor":{"id":"addressTitle","viewName":"etm.portal.ui.addressmanagement.view.NewAddress"}},"wdio_ui5_key":"etmportal.ui.addressmanagement.view.NewAddresssap.ui.core.Icon{\"src\":{\"regex\":{\"source\":\"slim\\\\-arrow\\\\-down\"}}}{\"id\":\"addressTitle\",\"viewName\":\"etm.portal.ui.addressmanagement.view.NewAddress\"}"}]}
RESULT: undefined
COMMAND: POST /session/4b6079780f801ee5ca8e04de9c1ae743/element - {"using":"xpath","value":"//*[@id=\"__xmlview59--addressTitle-arrow\"]"}
RESULT: {"using":"xpath","value":"//*[@id=\"__xmlview59--addressTitle-arrow\"]"}
COMMAND: POST /session/4b6079780f801ee5ca8e04de9c1ae743/element/f.2A8A48C59FC3800155EB8E2C1BCE5643.d.AA16605DDECD376AE25F694D850B9DA3.e.485/click - {}
RESULT: {}
COMMAND: GET /session/4b6079780f801ee5ca8e04de9c1ae743/screenshot - {}
RESULT: {}
COMMAND: POST /session/4b6079780f801ee5ca8e04de9c1ae743/element - {"using":"xpath","value":"//li[.//span[text()=\"Dr.\"]]"}
RESULT: {"using":"xpath","value":"//li[.//span[text()=\"Dr.\"]]"}
COMMAND: POST /session/4b6079780f801ee5ca8e04de9c1ae743/element/f.2A8A48C59FC3800155EB8E2C1BCE5643.d.AA16605DDECD376AE25F694D850B9DA3.e.595/click - {}
RESULT: {}
COMMAND: POST /session/4b6079780f801ee5ca8e04de9c1ae743/execute/async - {"script":"<script> [1562 bytes]","args":[{"selector":{"controlType":"sap.ui.core.Icon","viewName":"etm.portal.ui.addressmanagement.view.NewAddress","properties":{"src":{"regex":{"source":"slim\\-arrow\\-down"}}},"ancestor":{"id":"addressDetailDetailsLanguage","viewName":"etm.portal.ui.addressmanagement.view.NewAddress"}},"wdio_ui5_key":"etmportal.ui.addressmanagement.view.NewAddresssap.ui.core.Icon{\"src\":{\"regex\":{\"source\":\"slim\\\\-arrow\\\\-down\"}}}{\"id\":\"addressDetailDetailsLanguage\",\"viewName\":\"etm.portal.ui.addressmanagement.view.NewAddress\"}"}]}
COMMAND: GET /session/4b6079780f801ee5ca8e04de9c1ae743/screenshot - {}
RESULT: {"script":"<script> [1562 bytes]","args":[{"selector":{"controlType":"sap.ui.core.Icon","viewName":"etm.portal.ui.addressmanagement.view.NewAddress","properties":{"src":{"regex":{"source":"slim\\-arrow\\-down"}}},"ancestor":{"id":"addressDetailDetailsLanguage","viewName":"etm.portal.ui.addressmanagement.view.NewAddress"}},"wdio_ui5_key":"etmportal.ui.addressmanagement.view.NewAddresssap.ui.core.Icon{\"src\":{\"regex\":{\"source\":\"slim\\\\-arrow\\\\-down\"}}}{\"id\":\"addressDetailDetailsLanguage\",\"viewName\":\"etm.portal.ui.addressmanagement.view.NewAddress\"}"}]}
RESULT: undefined
COMMAND: POST /session/4b6079780f801ee5ca8e04de9c1ae743/element - {"using":"xpath","value":"//*[@id=\"__xmlview59--addressDetailDetailsLanguage-arrow\"]"}
RESULT: {}
RESULT: {"using":"xpath","value":"//*[@id=\"__xmlview59--addressDetailDetailsLanguage-arrow\"]"}
COMMAND: POST /session/4b6079780f801ee5ca8e04de9c1ae743/element/f.2A8A48C59FC3800155EB8E2C1BCE5643.d.AA16605DDECD376AE25F694D850B9DA3.e.498/click - {}
RESULT: {}
COMMAND: GET /session/4b6079780f801ee5ca8e04de9c1ae743/screenshot - {}
RESULT: {}
COMMAND: POST /session/4b6079780f801ee5ca8e04de9c1ae743/element - {"using":"xpath","value":"//span[contains(text(), \"English\")]"}
RESULT: {"using":"xpath","value":"//span[contains(text(), \"English\")]"}
COMMAND: POST /session/4b6079780f801ee5ca8e04de9c1ae743/element/f.2A8A48C59FC3800155EB8E2C1BCE5643.d.AA16605DDECD376AE25F694D850B9DA3.e.596/click - {}
RESULT: {}
COMMAND: POST /session/4b6079780f801ee5ca8e04de9c1ae743/execute/async - {"script":"<script> [1562 bytes]","args":[{"selector":{"controlType":"sap.m.Input","viewName":"etm.portal.ui.addressmanagement.view.NewAddress","labelFor":{"text":"Name"},"interaction":{"idSuffix":"inner"}},"wdio_ui5_key":"etmportal.ui.addressmanagement.view.NewAddresssap.m.Input{\"text\":\"Name\"}"}]}
COMMAND: GET /session/4b6079780f801ee5ca8e04de9c1ae743/screenshot - {}
RESULT: {"script":"<script> [1562 bytes]","args":[{"selector":{"controlType":"sap.m.Input","viewName":"etm.portal.ui.addressmanagement.view.NewAddress","labelFor":{"text":"Name"},"interaction":{"idSuffix":"inner"}},"wdio_ui5_key":"etmportal.ui.addressmanagement.view.NewAddresssap.m.Input{\"text\":\"Name\"}"}]}
RESULT: undefined
COMMAND: POST /session/4b6079780f801ee5ca8e04de9c1ae743/execute/async - {"script":"<script> [776 bytes]","args":[{"enterText":"hsF1ArUUJH","selector":{"controlType":"sap.m.Input","viewName":"etm.portal.ui.addressmanagement.view.NewAddress","labelFor":{"text":"Name"},"interaction":{"idSuffix":"inner"}},"clearTextFirst":true,"interactionType":"ENTER_TEXT"}]}
RESULT: {}
RESULT: {"script":"<script> [776 bytes]","args":[{"enterText":"hsF1ArUUJH","selector":{"controlType":"sap.m.Input","viewName":"etm.portal.ui.addressmanagement.view.NewAddress","labelFor":{"text":"Name"},"interaction":{"idSuffix":"inner"}},"clearTextFirst":true,"interactionType":"ENTER_TEXT"}]}
COMMAND: POST /session/4b6079780f801ee5ca8e04de9c1ae743/element - {"using":"xpath","value":"//button[@title=\"Save\"]"}
RESULT: {"using":"xpath","value":"//button[@title=\"Save\"]"}
COMMAND: POST /session/4b6079780f801ee5ca8e04de9c1ae743/element/f.2A8A48C59FC3800155EB8E2C1BCE5643.d.AA16605DDECD376AE25F694D850B9DA3.e.584/click - {}
RESULT: {}
COMMAND: GET /session/4b6079780f801ee5ca8e04de9c1ae743/screenshot - {}
RESULT: {}
COMMAND: POST /session/4b6079780f801ee5ca8e04de9c1ae743/element - {"using":"xpath","value":"//header[contains(@id, \"application-addressmanagement-display-component---detailAdm--ObjectPageLayout-headerTitle\")]/div[1]/div[3]/div[2]/span"}
RESULT: {"using":"xpath","value":"//header[contains(@id, \"application-addressmanagement-display-component---detailAdm--ObjectPageLayout-headerTitle\")]/div[1]/div[3]/div[2]/span"}
COMMAND: POST /session/4b6079780f801ee5ca8e04de9c1ae743/elements - {"using":"xpath","value":"//header[contains(@id, \"application-addressmanagement-display-component---detailAdm--ObjectPageLayout-headerTitle\")]/div[1]/div[3]/div[2]/span"}
RESULT: {"using":"xpath","value":"//header[contains(@id, \"application-addressmanagement-display-component---detailAdm--ObjectPageLayout-headerTitle\")]/div[1]/div[3]/div[2]/span"}
COMMAND: POST /session/4b6079780f801ee5ca8e04de9c1ae743/execute/sync - {"script":"<script> [56 bytes]","args":[{"element-6066-11e4-a52e-4f735466cecf":"f.2A8A48C59FC3800155EB8E2C1BCE5643.d.AA16605DDECD376AE25F694D850B9DA3.e.616","ELEMENT":"f.2A8A48C59FC3800155EB8E2C1BCE5643.d.AA16605DDECD376AE25F694D850B9DA3.e.616"}]}
RESULT: {"script":"<script> [56 bytes]","args":[{"element-6066-11e4-a52e-4f735466cecf":"f.2A8A48C59FC3800155EB8E2C1BCE5643.d.AA16605DDECD376AE25F694D850B9DA3.e.616","ELEMENT":"f.2A8A48C59FC3800155EB8E2C1BCE5643.d.AA16605DDECD376AE25F694D850B9DA3.e.616"}]}
COMMAND: GET /session/4b6079780f801ee5ca8e04de9c1ae743/screenshot - {}
RESULT: {}
COMMAND: POST /session/4b6079780f801ee5ca8e04de9c1ae743/element - {"using":"css selector","value":"#shell-header-logo"}
RESULT: {"using":"css selector","value":"#shell-header-logo"}
COMMAND: POST /session/4b6079780f801ee5ca8e04de9c1ae743/element/f.2A8A48C59FC3800155EB8E2C1BCE5643.d.AA16605DDECD376AE25F694D850B9DA3.e.275/click - {}
RESULT: {}
COMMAND: GET /session/4b6079780f801ee5ca8e04de9c1ae743/screenshot - {}
RESULT: {}
]]></system-out>
    </testcase>
    <testcase classname="chrome.137_0_7151_69.windows.Address_Management_Tests_US156181_US151165_US151160_US156180_US156178_US151157_US151172_US151170_US151166_US151168" name="Step 2 Should deactivate the created address in earlier step US151165" time="48.469">
      <system-out><![CDATA[
RESULT: undefined
COMMAND: POST /session/4b6079780f801ee5ca8e04de9c1ae743/element - {"using":"xpath","value":"//*[@id=\"__tile34\"]"}
RESULT: {"using":"xpath","value":"//*[@id=\"__tile34\"]"}
COMMAND: POST /session/4b6079780f801ee5ca8e04de9c1ae743/element/f.2A8A48C59FC3800155EB8E2C1BCE5643.d.AA16605DDECD376AE25F694D850B9DA3.e.225/click - {}
RESULT: {}
COMMAND: GET /session/4b6079780f801ee5ca8e04de9c1ae743/screenshot - {}
RESULT: {}
COMMAND: POST /session/4b6079780f801ee5ca8e04de9c1ae743/elements - {"using":"xpath","value":"//span[text()='Error']"}
RESULT: {"using":"xpath","value":"//span[text()='Error']"}
COMMAND: POST /session/4b6079780f801ee5ca8e04de9c1ae743/element - {"using":"xpath","value":"//button[@data-kt=\"addButton\"]"}
RESULT: {"using":"xpath","value":"//button[@data-kt=\"addButton\"]"}
COMMAND: POST /session/4b6079780f801ee5ca8e04de9c1ae743/elements - {"using":"xpath","value":"//button[@data-kt=\"addButton\"]"}
RESULT: {"using":"xpath","value":"//button[@data-kt=\"addButton\"]"}
COMMAND: POST /session/4b6079780f801ee5ca8e04de9c1ae743/execute/sync - {"script":"<script> [8489 bytes]","args":[{"element-6066-11e4-a52e-4f735466cecf":"f.2A8A48C59FC3800155EB8E2C1BCE5643.d.AA16605DDECD376AE25F694D850B9DA3.e.675","ELEMENT":"f.2A8A48C59FC3800155EB8E2C1BCE5643.d.AA16605DDECD376AE25F694D850B9DA3.e.675"}]}
RESULT: {"script":"<script> [8489 bytes]","args":[{"element-6066-11e4-a52e-4f735466cecf":"f.2A8A48C59FC3800155EB8E2C1BCE5643.d.AA16605DDECD376AE25F694D850B9DA3.e.675","ELEMENT":"f.2A8A48C59FC3800155EB8E2C1BCE5643.d.AA16605DDECD376AE25F694D850B9DA3.e.675"}]}
COMMAND: GET /session/4b6079780f801ee5ca8e04de9c1ae743/element/f.2A8A48C59FC3800155EB8E2C1BCE5643.d.AA16605DDECD376AE25F694D850B9DA3.e.675/enabled - {}
COMMAND: GET /session/4b6079780f801ee5ca8e04de9c1ae743/screenshot - {}
RESULT: {}
COMMAND: POST /session/4b6079780f801ee5ca8e04de9c1ae743/execute/sync - {"script":"<script> [8489 bytes]","args":[{"element-6066-11e4-a52e-4f735466cecf":"f.2A8A48C59FC3800155EB8E2C1BCE5643.d.AA16605DDECD376AE25F694D850B9DA3.e.675","ELEMENT":"f.2A8A48C59FC3800155EB8E2C1BCE5643.d.AA16605DDECD376AE25F694D850B9DA3.e.675"}]}
COMMAND: GET /session/4b6079780f801ee5ca8e04de9c1ae743/screenshot - {}
RESULT: {}
RESULT: {"script":"<script> [8489 bytes]","args":[{"element-6066-11e4-a52e-4f735466cecf":"f.2A8A48C59FC3800155EB8E2C1BCE5643.d.AA16605DDECD376AE25F694D850B9DA3.e.675","ELEMENT":"f.2A8A48C59FC3800155EB8E2C1BCE5643.d.AA16605DDECD376AE25F694D850B9DA3.e.675"}]}
COMMAND: POST /session/4b6079780f801ee5ca8e04de9c1ae743/execute/sync - {"script":"<script> [5351 bytes]","args":[{"element-6066-11e4-a52e-4f735466cecf":"f.2A8A48C59FC3800155EB8E2C1BCE5643.d.AA16605DDECD376AE25F694D850B9DA3.e.675","ELEMENT":"f.2A8A48C59FC3800155EB8E2C1BCE5643.d.AA16605DDECD376AE25F694D850B9DA3.e.675"}]}
COMMAND: GET /session/4b6079780f801ee5ca8e04de9c1ae743/screenshot - {}
RESULT: {}
RESULT: {"script":"<script> [5351 bytes]","args":[{"element-6066-11e4-a52e-4f735466cecf":"f.2A8A48C59FC3800155EB8E2C1BCE5643.d.AA16605DDECD376AE25F694D850B9DA3.e.675","ELEMENT":"f.2A8A48C59FC3800155EB8E2C1BCE5643.d.AA16605DDECD376AE25F694D850B9DA3.e.675"}]}
COMMAND: GET /session/4b6079780f801ee5ca8e04de9c1ae743/screenshot - {}
RESULT: {}
RESULT: {}
RESULT: undefined
COMMAND: POST /session/4b6079780f801ee5ca8e04de9c1ae743/execute/async - {"script":"<script> [776 bytes]","args":[{"enterText":"hsF1ArUUJH","selector":{"id":"application-addressmanagement-display-component---masterAdm--smartFilterBar-btnBasicSearch","interaction":{"idSuffix":"I"}},"clearTextFirst":true,"interactionType":"ENTER_TEXT"}]}
RESULT: {"script":"<script> [776 bytes]","args":[{"enterText":"hsF1ArUUJH","selector":{"id":"application-addressmanagement-display-component---masterAdm--smartFilterBar-btnBasicSearch","interaction":{"idSuffix":"I"}},"clearTextFirst":true,"interactionType":"ENTER_TEXT"}]}
COMMAND: POST /session/4b6079780f801ee5ca8e04de9c1ae743/actions - {"actions":[{"id":"action2","type":"key","parameters":{},"actions":[{"type":"keyDown","value":""},{"type":"pause","duration":10},{"type":"keyUp","value":""}]}]}
RESULT: {"actions":[{"id":"action2","type":"key","parameters":{},"actions":[{"type":"keyDown","value":""},{"type":"pause","duration":10},{"type":"keyUp","value":""}]}]}
COMMAND: GET /session/4b6079780f801ee5ca8e04de9c1ae743/screenshot - {}
RESULT: {}
COMMAND: POST /session/4b6079780f801ee5ca8e04de9c1ae743/elements - {"using":"xpath","value":"//table[contains(@id, \"customPersonsAddressesTable-listUl\")]/tbody/tr"}
RESULT: {"using":"xpath","value":"//table[contains(@id, \"customPersonsAddressesTable-listUl\")]/tbody/tr"}
COMMAND: POST /session/4b6079780f801ee5ca8e04de9c1ae743/element - {"using":"xpath","value":"//table[contains(@id, \"customPersonsAddressesTable-listUl\")]/tbody/tr[1]/td[5]/span/span"}
RESULT: {"using":"xpath","value":"//table[contains(@id, \"customPersonsAddressesTable-listUl\")]/tbody/tr[1]/td[5]/span/span"}
COMMAND: POST /session/4b6079780f801ee5ca8e04de9c1ae743/element - {"using":"xpath","value":"//table[contains(@id, \"customPersonsAddressesTable-listUl\")]/tbody/tr[1]/td[3]/span"}
RESULT: {"using":"xpath","value":"//table[contains(@id, \"customPersonsAddressesTable-listUl\")]/tbody/tr[1]/td[3]/span"}
COMMAND: POST /session/4b6079780f801ee5ca8e04de9c1ae743/elements - {"using":"xpath","value":"//table[contains(@id, \"customPersonsAddressesTable-listUl\")]/tbody/tr[1]/td[5]/span/span"}
RESULT: {"using":"xpath","value":"//table[contains(@id, \"customPersonsAddressesTable-listUl\")]/tbody/tr[1]/td[5]/span/span"}
COMMAND: POST /session/4b6079780f801ee5ca8e04de9c1ae743/execute/sync - {"script":"<script> [56 bytes]","args":[{"element-6066-11e4-a52e-4f735466cecf":"f.2A8A48C59FC3800155EB8E2C1BCE5643.d.AA16605DDECD376AE25F694D850B9DA3.e.817","ELEMENT":"f.2A8A48C59FC3800155EB8E2C1BCE5643.d.AA16605DDECD376AE25F694D850B9DA3.e.817"}]}
RESULT: {"script":"<script> [56 bytes]","args":[{"element-6066-11e4-a52e-4f735466cecf":"f.2A8A48C59FC3800155EB8E2C1BCE5643.d.AA16605DDECD376AE25F694D850B9DA3.e.817","ELEMENT":"f.2A8A48C59FC3800155EB8E2C1BCE5643.d.AA16605DDECD376AE25F694D850B9DA3.e.817"}]}
COMMAND: POST /session/4b6079780f801ee5ca8e04de9c1ae743/execute/sync - {"script":"<script> [56 bytes]","args":[{"element-6066-11e4-a52e-4f735466cecf":"f.2A8A48C59FC3800155EB8E2C1BCE5643.d.AA16605DDECD376AE25F694D850B9DA3.e.818","ELEMENT":"f.2A8A48C59FC3800155EB8E2C1BCE5643.d.AA16605DDECD376AE25F694D850B9DA3.e.818"}]}
COMMAND: GET /session/4b6079780f801ee5ca8e04de9c1ae743/screenshot - {}
RESULT: {"script":"<script> [56 bytes]","args":[{"element-6066-11e4-a52e-4f735466cecf":"f.2A8A48C59FC3800155EB8E2C1BCE5643.d.AA16605DDECD376AE25F694D850B9DA3.e.818","ELEMENT":"f.2A8A48C59FC3800155EB8E2C1BCE5643.d.AA16605DDECD376AE25F694D850B9DA3.e.818"}]}
COMMAND: POST /session/4b6079780f801ee5ca8e04de9c1ae743/element - {"using":"xpath","value":"//table[contains(@id, \"customPersonsAddressesTable-listUl\")]/tbody/tr[1]/td[10]/div/span"}
COMMAND: GET /session/4b6079780f801ee5ca8e04de9c1ae743/screenshot - {}
RESULT: {}
RESULT: {"using":"xpath","value":"//table[contains(@id, \"customPersonsAddressesTable-listUl\")]/tbody/tr[1]/td[10]/div/span"}
COMMAND: POST /session/4b6079780f801ee5ca8e04de9c1ae743/execute/sync - {"script":"<script> [56 bytes]","args":[{"element-6066-11e4-a52e-4f735466cecf":"f.2A8A48C59FC3800155EB8E2C1BCE5643.d.AA16605DDECD376AE25F694D850B9DA3.e.819","ELEMENT":"f.2A8A48C59FC3800155EB8E2C1BCE5643.d.AA16605DDECD376AE25F694D850B9DA3.e.819"}]}
RESULT: {}
RESULT: {"script":"<script> [56 bytes]","args":[{"element-6066-11e4-a52e-4f735466cecf":"f.2A8A48C59FC3800155EB8E2C1BCE5643.d.AA16605DDECD376AE25F694D850B9DA3.e.819","ELEMENT":"f.2A8A48C59FC3800155EB8E2C1BCE5643.d.AA16605DDECD376AE25F694D850B9DA3.e.819"}]}
COMMAND: POST /session/4b6079780f801ee5ca8e04de9c1ae743/element - {"using":"xpath","value":"//table[contains(@id, \"customPersonsAddressesTable-listUl\")]/tbody/tr[1]/td[2]/div/div"}
COMMAND: GET /session/4b6079780f801ee5ca8e04de9c1ae743/screenshot - {}
RESULT: {"using":"xpath","value":"//table[contains(@id, \"customPersonsAddressesTable-listUl\")]/tbody/tr[1]/td[2]/div/div"}
COMMAND: POST /session/4b6079780f801ee5ca8e04de9c1ae743/element/f.2A8A48C59FC3800155EB8E2C1BCE5643.d.AA16605DDECD376AE25F694D850B9DA3.e.820/click - {}
RESULT: {}
RESULT: {}
COMMAND: GET /session/4b6079780f801ee5ca8e04de9c1ae743/screenshot - {}
RESULT: {}
COMMAND: POST /session/4b6079780f801ee5ca8e04de9c1ae743/element - {"using":"xpath","value":"//bdi[contains(text(), \"Deactivate\")]"}
RESULT: {"using":"xpath","value":"//bdi[contains(text(), \"Deactivate\")]"}
COMMAND: POST /session/4b6079780f801ee5ca8e04de9c1ae743/element/f.2A8A48C59FC3800155EB8E2C1BCE5643.d.AA16605DDECD376AE25F694D850B9DA3.e.821/click - {}
RESULT: {}
COMMAND: GET /session/4b6079780f801ee5ca8e04de9c1ae743/screenshot - {}
RESULT: {}
COMMAND: POST /session/4b6079780f801ee5ca8e04de9c1ae743/element - {"using":"xpath","value":"//bdi[contains(text(), \"Yes\")]"}
RESULT: {"using":"xpath","value":"//bdi[contains(text(), \"Yes\")]"}
COMMAND: POST /session/4b6079780f801ee5ca8e04de9c1ae743/element/f.2A8A48C59FC3800155EB8E2C1BCE5643.d.AA16605DDECD376AE25F694D850B9DA3.e.823/click - {}
RESULT: {}
COMMAND: GET /session/4b6079780f801ee5ca8e04de9c1ae743/screenshot - {}
RESULT: {}
COMMAND: POST /session/4b6079780f801ee5ca8e04de9c1ae743/element - {"using":"xpath","value":"//table[contains(@id, \"customPersonsAddressesTable-listUl\")]/tbody/tr[1]/td[10]/div/span"}
RESULT: {"using":"xpath","value":"//table[contains(@id, \"customPersonsAddressesTable-listUl\")]/tbody/tr[1]/td[10]/div/span"}
COMMAND: POST /session/4b6079780f801ee5ca8e04de9c1ae743/execute/sync - {"script":"<script> [56 bytes]","args":[{"element-6066-11e4-a52e-4f735466cecf":"f.2A8A48C59FC3800155EB8E2C1BCE5643.d.AA16605DDECD376AE25F694D850B9DA3.e.819","ELEMENT":"f.2A8A48C59FC3800155EB8E2C1BCE5643.d.AA16605DDECD376AE25F694D850B9DA3.e.819"}]}
RESULT: {"script":"<script> [56 bytes]","args":[{"element-6066-11e4-a52e-4f735466cecf":"f.2A8A48C59FC3800155EB8E2C1BCE5643.d.AA16605DDECD376AE25F694D850B9DA3.e.819","ELEMENT":"f.2A8A48C59FC3800155EB8E2C1BCE5643.d.AA16605DDECD376AE25F694D850B9DA3.e.819"}]}
COMMAND: GET /session/4b6079780f801ee5ca8e04de9c1ae743/screenshot - {}
RESULT: {}
COMMAND: POST /session/4b6079780f801ee5ca8e04de9c1ae743/element - {"using":"css selector","value":"#shell-header-logo"}
RESULT: {"using":"css selector","value":"#shell-header-logo"}
COMMAND: POST /session/4b6079780f801ee5ca8e04de9c1ae743/element/f.2A8A48C59FC3800155EB8E2C1BCE5643.d.AA16605DDECD376AE25F694D850B9DA3.e.621/click - {}
RESULT: {}
COMMAND: GET /session/4b6079780f801ee5ca8e04de9c1ae743/screenshot - {}
RESULT: {}
]]></system-out>
    </testcase>
    <testcase classname="chrome.137_0_7151_69.windows.Address_Management_Tests_US156181_US151165_US151160_US156180_US156178_US151157_US151172_US151170_US151166_US151168" name="Step 3 Should activate the created address back again US151160" time="50.265">
      <system-out><![CDATA[
RESULT: undefined
COMMAND: POST /session/4b6079780f801ee5ca8e04de9c1ae743/element - {"using":"xpath","value":"//*[@id=\"__tile34\"]"}
RESULT: {"using":"xpath","value":"//*[@id=\"__tile34\"]"}
COMMAND: POST /session/4b6079780f801ee5ca8e04de9c1ae743/element/f.2A8A48C59FC3800155EB8E2C1BCE5643.d.AA16605DDECD376AE25F694D850B9DA3.e.225/click - {}
RESULT: {}
COMMAND: GET /session/4b6079780f801ee5ca8e04de9c1ae743/screenshot - {}
RESULT: {}
COMMAND: POST /session/4b6079780f801ee5ca8e04de9c1ae743/elements - {"using":"xpath","value":"//span[text()='Error']"}
RESULT: {"using":"xpath","value":"//span[text()='Error']"}
COMMAND: POST /session/4b6079780f801ee5ca8e04de9c1ae743/element - {"using":"xpath","value":"//button[@data-kt=\"addButton\"]"}
RESULT: {"using":"xpath","value":"//button[@data-kt=\"addButton\"]"}
COMMAND: POST /session/4b6079780f801ee5ca8e04de9c1ae743/elements - {"using":"xpath","value":"//button[@data-kt=\"addButton\"]"}
RESULT: {"using":"xpath","value":"//button[@data-kt=\"addButton\"]"}
COMMAND: POST /session/4b6079780f801ee5ca8e04de9c1ae743/execute/sync - {"script":"<script> [8489 bytes]","args":[{"element-6066-11e4-a52e-4f735466cecf":"f.2A8A48C59FC3800155EB8E2C1BCE5643.d.AA16605DDECD376AE25F694D850B9DA3.e.885","ELEMENT":"f.2A8A48C59FC3800155EB8E2C1BCE5643.d.AA16605DDECD376AE25F694D850B9DA3.e.885"}]}
RESULT: {"script":"<script> [8489 bytes]","args":[{"element-6066-11e4-a52e-4f735466cecf":"f.2A8A48C59FC3800155EB8E2C1BCE5643.d.AA16605DDECD376AE25F694D850B9DA3.e.885","ELEMENT":"f.2A8A48C59FC3800155EB8E2C1BCE5643.d.AA16605DDECD376AE25F694D850B9DA3.e.885"}]}
COMMAND: GET /session/4b6079780f801ee5ca8e04de9c1ae743/element/f.2A8A48C59FC3800155EB8E2C1BCE5643.d.AA16605DDECD376AE25F694D850B9DA3.e.885/enabled - {}
COMMAND: GET /session/4b6079780f801ee5ca8e04de9c1ae743/screenshot - {}
RESULT: {}
COMMAND: POST /session/4b6079780f801ee5ca8e04de9c1ae743/execute/sync - {"script":"<script> [8489 bytes]","args":[{"element-6066-11e4-a52e-4f735466cecf":"f.2A8A48C59FC3800155EB8E2C1BCE5643.d.AA16605DDECD376AE25F694D850B9DA3.e.885","ELEMENT":"f.2A8A48C59FC3800155EB8E2C1BCE5643.d.AA16605DDECD376AE25F694D850B9DA3.e.885"}]}
COMMAND: GET /session/4b6079780f801ee5ca8e04de9c1ae743/screenshot - {}
RESULT: {}
RESULT: {"script":"<script> [8489 bytes]","args":[{"element-6066-11e4-a52e-4f735466cecf":"f.2A8A48C59FC3800155EB8E2C1BCE5643.d.AA16605DDECD376AE25F694D850B9DA3.e.885","ELEMENT":"f.2A8A48C59FC3800155EB8E2C1BCE5643.d.AA16605DDECD376AE25F694D850B9DA3.e.885"}]}
COMMAND: POST /session/4b6079780f801ee5ca8e04de9c1ae743/execute/sync - {"script":"<script> [5351 bytes]","args":[{"element-6066-11e4-a52e-4f735466cecf":"f.2A8A48C59FC3800155EB8E2C1BCE5643.d.AA16605DDECD376AE25F694D850B9DA3.e.885","ELEMENT":"f.2A8A48C59FC3800155EB8E2C1BCE5643.d.AA16605DDECD376AE25F694D850B9DA3.e.885"}]}
COMMAND: GET /session/4b6079780f801ee5ca8e04de9c1ae743/screenshot - {}
RESULT: {}
RESULT: {"script":"<script> [5351 bytes]","args":[{"element-6066-11e4-a52e-4f735466cecf":"f.2A8A48C59FC3800155EB8E2C1BCE5643.d.AA16605DDECD376AE25F694D850B9DA3.e.885","ELEMENT":"f.2A8A48C59FC3800155EB8E2C1BCE5643.d.AA16605DDECD376AE25F694D850B9DA3.e.885"}]}
COMMAND: GET /session/4b6079780f801ee5ca8e04de9c1ae743/screenshot - {}
RESULT: {}
RESULT: {}
RESULT: undefined
COMMAND: POST /session/4b6079780f801ee5ca8e04de9c1ae743/execute/async - {"script":"<script> [776 bytes]","args":[{"enterText":"hsF1ArUUJH","selector":{"id":"application-addressmanagement-display-component---masterAdm--smartFilterBar-btnBasicSearch","interaction":{"idSuffix":"I"}},"clearTextFirst":true,"interactionType":"ENTER_TEXT"}]}
RESULT: {"script":"<script> [776 bytes]","args":[{"enterText":"hsF1ArUUJH","selector":{"id":"application-addressmanagement-display-component---masterAdm--smartFilterBar-btnBasicSearch","interaction":{"idSuffix":"I"}},"clearTextFirst":true,"interactionType":"ENTER_TEXT"}]}
COMMAND: POST /session/4b6079780f801ee5ca8e04de9c1ae743/actions - {"actions":[{"id":"action3","type":"key","parameters":{},"actions":[{"type":"keyDown","value":""},{"type":"pause","duration":10},{"type":"keyUp","value":""}]}]}
RESULT: {"actions":[{"id":"action3","type":"key","parameters":{},"actions":[{"type":"keyDown","value":""},{"type":"pause","duration":10},{"type":"keyUp","value":""}]}]}
COMMAND: GET /session/4b6079780f801ee5ca8e04de9c1ae743/screenshot - {}
RESULT: {}
COMMAND: POST /session/4b6079780f801ee5ca8e04de9c1ae743/elements - {"using":"xpath","value":"//table[contains(@id, \"customPersonsAddressesTable-listUl\")]/tbody/tr"}
RESULT: {"using":"xpath","value":"//table[contains(@id, \"customPersonsAddressesTable-listUl\")]/tbody/tr"}
COMMAND: POST /session/4b6079780f801ee5ca8e04de9c1ae743/element - {"using":"xpath","value":"//table[contains(@id, \"customPersonsAddressesTable-listUl\")]/tbody/tr[1]/td[5]/span/span"}
RESULT: {"using":"xpath","value":"//table[contains(@id, \"customPersonsAddressesTable-listUl\")]/tbody/tr[1]/td[5]/span/span"}
COMMAND: POST /session/4b6079780f801ee5ca8e04de9c1ae743/element - {"using":"xpath","value":"//table[contains(@id, \"customPersonsAddressesTable-listUl\")]/tbody/tr[1]/td[3]/span"}
RESULT: {"using":"xpath","value":"//table[contains(@id, \"customPersonsAddressesTable-listUl\")]/tbody/tr[1]/td[3]/span"}
COMMAND: POST /session/4b6079780f801ee5ca8e04de9c1ae743/elements - {"using":"xpath","value":"//table[contains(@id, \"customPersonsAddressesTable-listUl\")]/tbody/tr[1]/td[5]/span/span"}
RESULT: {"using":"xpath","value":"//table[contains(@id, \"customPersonsAddressesTable-listUl\")]/tbody/tr[1]/td[5]/span/span"}
COMMAND: POST /session/4b6079780f801ee5ca8e04de9c1ae743/execute/sync - {"script":"<script> [56 bytes]","args":[{"element-6066-11e4-a52e-4f735466cecf":"f.2A8A48C59FC3800155EB8E2C1BCE5643.d.AA16605DDECD376AE25F694D850B9DA3.e.1026","ELEMENT":"f.2A8A48C59FC3800155EB8E2C1BCE5643.d.AA16605DDECD376AE25F694D850B9DA3.e.1026"}]}
RESULT: {"script":"<script> [56 bytes]","args":[{"element-6066-11e4-a52e-4f735466cecf":"f.2A8A48C59FC3800155EB8E2C1BCE5643.d.AA16605DDECD376AE25F694D850B9DA3.e.1026","ELEMENT":"f.2A8A48C59FC3800155EB8E2C1BCE5643.d.AA16605DDECD376AE25F694D850B9DA3.e.1026"}]}
COMMAND: POST /session/4b6079780f801ee5ca8e04de9c1ae743/execute/sync - {"script":"<script> [56 bytes]","args":[{"element-6066-11e4-a52e-4f735466cecf":"f.2A8A48C59FC3800155EB8E2C1BCE5643.d.AA16605DDECD376AE25F694D850B9DA3.e.1027","ELEMENT":"f.2A8A48C59FC3800155EB8E2C1BCE5643.d.AA16605DDECD376AE25F694D850B9DA3.e.1027"}]}
COMMAND: GET /session/4b6079780f801ee5ca8e04de9c1ae743/screenshot - {}
RESULT: {"script":"<script> [56 bytes]","args":[{"element-6066-11e4-a52e-4f735466cecf":"f.2A8A48C59FC3800155EB8E2C1BCE5643.d.AA16605DDECD376AE25F694D850B9DA3.e.1027","ELEMENT":"f.2A8A48C59FC3800155EB8E2C1BCE5643.d.AA16605DDECD376AE25F694D850B9DA3.e.1027"}]}
COMMAND: POST /session/4b6079780f801ee5ca8e04de9c1ae743/element - {"using":"xpath","value":"//table[contains(@id, \"customPersonsAddressesTable-listUl\")]/tbody/tr[1]/td[10]/div/span"}
COMMAND: GET /session/4b6079780f801ee5ca8e04de9c1ae743/screenshot - {}
RESULT: {}
RESULT: {"using":"xpath","value":"//table[contains(@id, \"customPersonsAddressesTable-listUl\")]/tbody/tr[1]/td[10]/div/span"}
COMMAND: POST /session/4b6079780f801ee5ca8e04de9c1ae743/execute/sync - {"script":"<script> [56 bytes]","args":[{"element-6066-11e4-a52e-4f735466cecf":"f.2A8A48C59FC3800155EB8E2C1BCE5643.d.AA16605DDECD376AE25F694D850B9DA3.e.1028","ELEMENT":"f.2A8A48C59FC3800155EB8E2C1BCE5643.d.AA16605DDECD376AE25F694D850B9DA3.e.1028"}]}
RESULT: {}
RESULT: {"script":"<script> [56 bytes]","args":[{"element-6066-11e4-a52e-4f735466cecf":"f.2A8A48C59FC3800155EB8E2C1BCE5643.d.AA16605DDECD376AE25F694D850B9DA3.e.1028","ELEMENT":"f.2A8A48C59FC3800155EB8E2C1BCE5643.d.AA16605DDECD376AE25F694D850B9DA3.e.1028"}]}
COMMAND: POST /session/4b6079780f801ee5ca8e04de9c1ae743/element - {"using":"xpath","value":"//table[contains(@id, \"customPersonsAddressesTable-listUl\")]/tbody/tr[1]/td[2]/div/div"}
COMMAND: GET /session/4b6079780f801ee5ca8e04de9c1ae743/screenshot - {}
RESULT: {"using":"xpath","value":"//table[contains(@id, \"customPersonsAddressesTable-listUl\")]/tbody/tr[1]/td[2]/div/div"}
COMMAND: POST /session/4b6079780f801ee5ca8e04de9c1ae743/element/f.2A8A48C59FC3800155EB8E2C1BCE5643.d.AA16605DDECD376AE25F694D850B9DA3.e.1029/click - {}
RESULT: {}
RESULT: {}
COMMAND: GET /session/4b6079780f801ee5ca8e04de9c1ae743/screenshot - {}
RESULT: {}
COMMAND: POST /session/4b6079780f801ee5ca8e04de9c1ae743/element - {"using":"xpath","value":"//bdi[contains(text(), \"Activate\")]"}
RESULT: {"using":"xpath","value":"//bdi[contains(text(), \"Activate\")]"}
COMMAND: POST /session/4b6079780f801ee5ca8e04de9c1ae743/element/f.2A8A48C59FC3800155EB8E2C1BCE5643.d.AA16605DDECD376AE25F694D850B9DA3.e.1030/click - {}
RESULT: {}
COMMAND: GET /session/4b6079780f801ee5ca8e04de9c1ae743/screenshot - {}
RESULT: {}
COMMAND: POST /session/4b6079780f801ee5ca8e04de9c1ae743/element - {"using":"xpath","value":"//bdi[contains(text(), \"Yes\")]"}
RESULT: {"using":"xpath","value":"//bdi[contains(text(), \"Yes\")]"}
COMMAND: POST /session/4b6079780f801ee5ca8e04de9c1ae743/element/f.2A8A48C59FC3800155EB8E2C1BCE5643.d.AA16605DDECD376AE25F694D850B9DA3.e.1032/click - {}
RESULT: {}
COMMAND: GET /session/4b6079780f801ee5ca8e04de9c1ae743/screenshot - {}
RESULT: {}
COMMAND: POST /session/4b6079780f801ee5ca8e04de9c1ae743/element - {"using":"xpath","value":"//table[contains(@id, \"customPersonsAddressesTable-listUl\")]/tbody/tr[1]/td[10]/div/span"}
RESULT: {"using":"xpath","value":"//table[contains(@id, \"customPersonsAddressesTable-listUl\")]/tbody/tr[1]/td[10]/div/span"}
COMMAND: POST /session/4b6079780f801ee5ca8e04de9c1ae743/execute/sync - {"script":"<script> [56 bytes]","args":[{"element-6066-11e4-a52e-4f735466cecf":"f.2A8A48C59FC3800155EB8E2C1BCE5643.d.AA16605DDECD376AE25F694D850B9DA3.e.1028","ELEMENT":"f.2A8A48C59FC3800155EB8E2C1BCE5643.d.AA16605DDECD376AE25F694D850B9DA3.e.1028"}]}
RESULT: {"script":"<script> [56 bytes]","args":[{"element-6066-11e4-a52e-4f735466cecf":"f.2A8A48C59FC3800155EB8E2C1BCE5643.d.AA16605DDECD376AE25F694D850B9DA3.e.1028","ELEMENT":"f.2A8A48C59FC3800155EB8E2C1BCE5643.d.AA16605DDECD376AE25F694D850B9DA3.e.1028"}]}
COMMAND: GET /session/4b6079780f801ee5ca8e04de9c1ae743/screenshot - {}
RESULT: {}
COMMAND: POST /session/4b6079780f801ee5ca8e04de9c1ae743/element - {"using":"css selector","value":"#shell-header-logo"}
RESULT: {"using":"css selector","value":"#shell-header-logo"}
COMMAND: POST /session/4b6079780f801ee5ca8e04de9c1ae743/element/f.2A8A48C59FC3800155EB8E2C1BCE5643.d.AA16605DDECD376AE25F694D850B9DA3.e.831/click - {}
RESULT: {}
COMMAND: GET /session/4b6079780f801ee5ca8e04de9c1ae743/screenshot - {}
RESULT: {}
]]></system-out>
    </testcase>
    <testcase classname="chrome.137_0_7151_69.windows.Address_Management_Tests_US156181_US151165_US151160_US156180_US156178_US151157_US151172_US151170_US151166_US151168" name="Step 4 Should verify searches US156180 edit person and address US156178" time="88.402">
      <system-out><![CDATA[
RESULT: undefined
COMMAND: POST /session/4b6079780f801ee5ca8e04de9c1ae743/element - {"using":"xpath","value":"//*[@id=\"__tile34\"]"}
RESULT: {"using":"xpath","value":"//*[@id=\"__tile34\"]"}
COMMAND: POST /session/4b6079780f801ee5ca8e04de9c1ae743/element/f.2A8A48C59FC3800155EB8E2C1BCE5643.d.AA16605DDECD376AE25F694D850B9DA3.e.225/click - {}
RESULT: {}
COMMAND: GET /session/4b6079780f801ee5ca8e04de9c1ae743/screenshot - {}
RESULT: {}
COMMAND: POST /session/4b6079780f801ee5ca8e04de9c1ae743/elements - {"using":"xpath","value":"//span[text()='Error']"}
RESULT: {"using":"xpath","value":"//span[text()='Error']"}
COMMAND: POST /session/4b6079780f801ee5ca8e04de9c1ae743/element - {"using":"xpath","value":"//button[@data-kt=\"addButton\"]"}
RESULT: {"using":"xpath","value":"//button[@data-kt=\"addButton\"]"}
COMMAND: POST /session/4b6079780f801ee5ca8e04de9c1ae743/elements - {"using":"xpath","value":"//button[@data-kt=\"addButton\"]"}
RESULT: {"using":"xpath","value":"//button[@data-kt=\"addButton\"]"}
COMMAND: POST /session/4b6079780f801ee5ca8e04de9c1ae743/execute/sync - {"script":"<script> [8489 bytes]","args":[{"element-6066-11e4-a52e-4f735466cecf":"f.2A8A48C59FC3800155EB8E2C1BCE5643.d.AA16605DDECD376AE25F694D850B9DA3.e.1092","ELEMENT":"f.2A8A48C59FC3800155EB8E2C1BCE5643.d.AA16605DDECD376AE25F694D850B9DA3.e.1092"}]}
RESULT: {"script":"<script> [8489 bytes]","args":[{"element-6066-11e4-a52e-4f735466cecf":"f.2A8A48C59FC3800155EB8E2C1BCE5643.d.AA16605DDECD376AE25F694D850B9DA3.e.1092","ELEMENT":"f.2A8A48C59FC3800155EB8E2C1BCE5643.d.AA16605DDECD376AE25F694D850B9DA3.e.1092"}]}
COMMAND: GET /session/4b6079780f801ee5ca8e04de9c1ae743/element/f.2A8A48C59FC3800155EB8E2C1BCE5643.d.AA16605DDECD376AE25F694D850B9DA3.e.1092/enabled - {}
COMMAND: GET /session/4b6079780f801ee5ca8e04de9c1ae743/screenshot - {}
RESULT: {}
COMMAND: POST /session/4b6079780f801ee5ca8e04de9c1ae743/execute/sync - {"script":"<script> [8489 bytes]","args":[{"element-6066-11e4-a52e-4f735466cecf":"f.2A8A48C59FC3800155EB8E2C1BCE5643.d.AA16605DDECD376AE25F694D850B9DA3.e.1092","ELEMENT":"f.2A8A48C59FC3800155EB8E2C1BCE5643.d.AA16605DDECD376AE25F694D850B9DA3.e.1092"}]}
COMMAND: GET /session/4b6079780f801ee5ca8e04de9c1ae743/screenshot - {}
RESULT: {}
RESULT: {"script":"<script> [8489 bytes]","args":[{"element-6066-11e4-a52e-4f735466cecf":"f.2A8A48C59FC3800155EB8E2C1BCE5643.d.AA16605DDECD376AE25F694D850B9DA3.e.1092","ELEMENT":"f.2A8A48C59FC3800155EB8E2C1BCE5643.d.AA16605DDECD376AE25F694D850B9DA3.e.1092"}]}
COMMAND: POST /session/4b6079780f801ee5ca8e04de9c1ae743/execute/sync - {"script":"<script> [5351 bytes]","args":[{"element-6066-11e4-a52e-4f735466cecf":"f.2A8A48C59FC3800155EB8E2C1BCE5643.d.AA16605DDECD376AE25F694D850B9DA3.e.1092","ELEMENT":"f.2A8A48C59FC3800155EB8E2C1BCE5643.d.AA16605DDECD376AE25F694D850B9DA3.e.1092"}]}
COMMAND: GET /session/4b6079780f801ee5ca8e04de9c1ae743/screenshot - {}
RESULT: {}
RESULT: {"script":"<script> [5351 bytes]","args":[{"element-6066-11e4-a52e-4f735466cecf":"f.2A8A48C59FC3800155EB8E2C1BCE5643.d.AA16605DDECD376AE25F694D850B9DA3.e.1092","ELEMENT":"f.2A8A48C59FC3800155EB8E2C1BCE5643.d.AA16605DDECD376AE25F694D850B9DA3.e.1092"}]}
COMMAND: GET /session/4b6079780f801ee5ca8e04de9c1ae743/screenshot - {}
RESULT: {}
RESULT: {}
RESULT: undefined
COMMAND: POST /session/4b6079780f801ee5ca8e04de9c1ae743/execute/async - {"script":"<script> [776 bytes]","args":[{"enterText":"hsF1ArUUJH","selector":{"id":"application-addressmanagement-display-component---masterAdm--smartFilterBar-btnBasicSearch","interaction":{"idSuffix":"I"}},"clearTextFirst":true,"interactionType":"ENTER_TEXT"}]}
RESULT: {"script":"<script> [776 bytes]","args":[{"enterText":"hsF1ArUUJH","selector":{"id":"application-addressmanagement-display-component---masterAdm--smartFilterBar-btnBasicSearch","interaction":{"idSuffix":"I"}},"clearTextFirst":true,"interactionType":"ENTER_TEXT"}]}
COMMAND: POST /session/4b6079780f801ee5ca8e04de9c1ae743/actions - {"actions":[{"id":"action4","type":"key","parameters":{},"actions":[{"type":"keyDown","value":""},{"type":"pause","duration":10},{"type":"keyUp","value":""}]}]}
RESULT: {"actions":[{"id":"action4","type":"key","parameters":{},"actions":[{"type":"keyDown","value":""},{"type":"pause","duration":10},{"type":"keyUp","value":""}]}]}
COMMAND: GET /session/4b6079780f801ee5ca8e04de9c1ae743/screenshot - {}
RESULT: {}
COMMAND: POST /session/4b6079780f801ee5ca8e04de9c1ae743/elements - {"using":"xpath","value":"//table[contains(@id, \"customPersonsAddressesTable-listUl\")]/tbody/tr"}
RESULT: {"using":"xpath","value":"//table[contains(@id, \"customPersonsAddressesTable-listUl\")]/tbody/tr"}
COMMAND: POST /session/4b6079780f801ee5ca8e04de9c1ae743/element - {"using":"xpath","value":"//table[contains(@id, \"customPersonsAddressesTable-listUl\")]/tbody/tr[1]/td[5]/span/span"}
RESULT: {"using":"xpath","value":"//table[contains(@id, \"customPersonsAddressesTable-listUl\")]/tbody/tr[1]/td[5]/span/span"}
COMMAND: POST /session/4b6079780f801ee5ca8e04de9c1ae743/element - {"using":"xpath","value":"//table[contains(@id, \"customPersonsAddressesTable-listUl\")]/tbody/tr[1]/td[3]/span"}
RESULT: {"using":"xpath","value":"//table[contains(@id, \"customPersonsAddressesTable-listUl\")]/tbody/tr[1]/td[3]/span"}
COMMAND: POST /session/4b6079780f801ee5ca8e04de9c1ae743/elements - {"using":"xpath","value":"//table[contains(@id, \"customPersonsAddressesTable-listUl\")]/tbody/tr[1]/td[5]/span/span"}
RESULT: {"using":"xpath","value":"//table[contains(@id, \"customPersonsAddressesTable-listUl\")]/tbody/tr[1]/td[5]/span/span"}
COMMAND: POST /session/4b6079780f801ee5ca8e04de9c1ae743/execute/sync - {"script":"<script> [56 bytes]","args":[{"element-6066-11e4-a52e-4f735466cecf":"f.2A8A48C59FC3800155EB8E2C1BCE5643.d.AA16605DDECD376AE25F694D850B9DA3.e.1234","ELEMENT":"f.2A8A48C59FC3800155EB8E2C1BCE5643.d.AA16605DDECD376AE25F694D850B9DA3.e.1234"}]}
RESULT: {"script":"<script> [56 bytes]","args":[{"element-6066-11e4-a52e-4f735466cecf":"f.2A8A48C59FC3800155EB8E2C1BCE5643.d.AA16605DDECD376AE25F694D850B9DA3.e.1234","ELEMENT":"f.2A8A48C59FC3800155EB8E2C1BCE5643.d.AA16605DDECD376AE25F694D850B9DA3.e.1234"}]}
COMMAND: POST /session/4b6079780f801ee5ca8e04de9c1ae743/execute/sync - {"script":"<script> [56 bytes]","args":[{"element-6066-11e4-a52e-4f735466cecf":"f.2A8A48C59FC3800155EB8E2C1BCE5643.d.AA16605DDECD376AE25F694D850B9DA3.e.1235","ELEMENT":"f.2A8A48C59FC3800155EB8E2C1BCE5643.d.AA16605DDECD376AE25F694D850B9DA3.e.1235"}]}
COMMAND: GET /session/4b6079780f801ee5ca8e04de9c1ae743/screenshot - {}
RESULT: {"script":"<script> [56 bytes]","args":[{"element-6066-11e4-a52e-4f735466cecf":"f.2A8A48C59FC3800155EB8E2C1BCE5643.d.AA16605DDECD376AE25F694D850B9DA3.e.1235","ELEMENT":"f.2A8A48C59FC3800155EB8E2C1BCE5643.d.AA16605DDECD376AE25F694D850B9DA3.e.1235"}]}
COMMAND: POST /session/4b6079780f801ee5ca8e04de9c1ae743/element - {"using":"xpath","value":"(//span[contains(@id, \"imgNav\")])[1]"}
COMMAND: GET /session/4b6079780f801ee5ca8e04de9c1ae743/screenshot - {}
RESULT: {}
RESULT: {"using":"xpath","value":"(//span[contains(@id, \"imgNav\")])[1]"}
COMMAND: POST /session/4b6079780f801ee5ca8e04de9c1ae743/element/f.2A8A48C59FC3800155EB8E2C1BCE5643.d.AA16605DDECD376AE25F694D850B9DA3.e.1232/click - {}
RESULT: {}
RESULT: {}
COMMAND: GET /session/4b6079780f801ee5ca8e04de9c1ae743/screenshot - {}
RESULT: {}
COMMAND: POST /session/4b6079780f801ee5ca8e04de9c1ae743/element - {"using":"xpath","value":"//bdi[contains(text(), \"Edit\")]"}
RESULT: {"using":"xpath","value":"//bdi[contains(text(), \"Edit\")]"}
COMMAND: POST /session/4b6079780f801ee5ca8e04de9c1ae743/element/f.2A8A48C59FC3800155EB8E2C1BCE5643.d.AA16605DDECD376AE25F694D850B9DA3.e.1357/click - {}
RESULT: {}
COMMAND: GET /session/4b6079780f801ee5ca8e04de9c1ae743/screenshot - {}
RESULT: {}
COMMAND: POST /session/4b6079780f801ee5ca8e04de9c1ae743/execute/async - {"script":"<script> [1562 bytes]","args":[{"selector":{"controlType":"sap.ui.core.Icon","viewName":"etm.portal.ui.addressmanagement.view.EditDetail","properties":{"src":{"regex":{"source":"slim\\-arrow\\-down"}}},"ancestor":{"id":"addressTitle","viewName":"etm.portal.ui.addressmanagement.view.EditDetail"}},"wdio_ui5_key":"etmportal.ui.addressmanagement.view.EditDetailsap.ui.core.Icon{\"src\":{\"regex\":{\"source\":\"slim\\\\-arrow\\\\-down\"}}}{\"id\":\"addressTitle\",\"viewName\":\"etm.portal.ui.addressmanagement.view.EditDetail\"}"}]}
RESULT: {"script":"<script> [1562 bytes]","args":[{"selector":{"controlType":"sap.ui.core.Icon","viewName":"etm.portal.ui.addressmanagement.view.EditDetail","properties":{"src":{"regex":{"source":"slim\\-arrow\\-down"}}},"ancestor":{"id":"addressTitle","viewName":"etm.portal.ui.addressmanagement.view.EditDetail"}},"wdio_ui5_key":"etmportal.ui.addressmanagement.view.EditDetailsap.ui.core.Icon{\"src\":{\"regex\":{\"source\":\"slim\\\\-arrow\\\\-down\"}}}{\"id\":\"addressTitle\",\"viewName\":\"etm.portal.ui.addressmanagement.view.EditDetail\"}"}]}
RESULT: undefined
COMMAND: POST /session/4b6079780f801ee5ca8e04de9c1ae743/element - {"using":"xpath","value":"//*[@id=\"__xmlview60--addressTitle-arrow\"]"}
RESULT: {"using":"xpath","value":"//*[@id=\"__xmlview60--addressTitle-arrow\"]"}
COMMAND: POST /session/4b6079780f801ee5ca8e04de9c1ae743/element/f.2A8A48C59FC3800155EB8E2C1BCE5643.d.AA16605DDECD376AE25F694D850B9DA3.e.1411/click - {}
RESULT: {}
COMMAND: GET /session/4b6079780f801ee5ca8e04de9c1ae743/screenshot - {}
RESULT: {}
COMMAND: POST /session/4b6079780f801ee5ca8e04de9c1ae743/element - {"using":"xpath","value":"//li[.//span[text()=\"Mr.\"]]"}
RESULT: {"using":"xpath","value":"//li[.//span[text()=\"Mr.\"]]"}
COMMAND: POST /session/4b6079780f801ee5ca8e04de9c1ae743/element/f.2A8A48C59FC3800155EB8E2C1BCE5643.d.AA16605DDECD376AE25F694D850B9DA3.e.1413/click - {}
RESULT: {}
COMMAND: GET /session/4b6079780f801ee5ca8e04de9c1ae743/screenshot - {}
RESULT: {}
COMMAND: POST /session/4b6079780f801ee5ca8e04de9c1ae743/execute/async - {"script":"<script> [1562 bytes]","args":[{"selector":{"controlType":"sap.m.Input","viewName":"etm.portal.ui.addressmanagement.view.EditDetail","labelFor":{"text":"Last Name"},"interaction":{"idSuffix":"inner"}},"wdio_ui5_key":"etmportal.ui.addressmanagement.view.EditDetailsap.m.Input{\"text\":\"Last Name\"}"}]}
RESULT: {"script":"<script> [1562 bytes]","args":[{"selector":{"controlType":"sap.m.Input","viewName":"etm.portal.ui.addressmanagement.view.EditDetail","labelFor":{"text":"Last Name"},"interaction":{"idSuffix":"inner"}},"wdio_ui5_key":"etmportal.ui.addressmanagement.view.EditDetailsap.m.Input{\"text\":\"Last Name\"}"}]}
RESULT: undefined
COMMAND: POST /session/4b6079780f801ee5ca8e04de9c1ae743/execute/async - {"script":"<script> [776 bytes]","args":[{"enterText":"EDIT John Cena","selector":{"controlType":"sap.m.Input","viewName":"etm.portal.ui.addressmanagement.view.EditDetail","labelFor":{"text":"Last Name"},"interaction":{"idSuffix":"inner"}},"clearTextFirst":true,"interactionType":"ENTER_TEXT"}]}
RESULT: {"script":"<script> [776 bytes]","args":[{"enterText":"EDIT John Cena","selector":{"controlType":"sap.m.Input","viewName":"etm.portal.ui.addressmanagement.view.EditDetail","labelFor":{"text":"Last Name"},"interaction":{"idSuffix":"inner"}},"clearTextFirst":true,"interactionType":"ENTER_TEXT"}]}
COMMAND: POST /session/4b6079780f801ee5ca8e04de9c1ae743/execute/async - {"script":"<script> [1562 bytes]","args":[{"selector":{"controlType":"sap.ui.core.Icon","viewName":"etm.portal.ui.addressmanagement.view.EditDetail","properties":{"src":{"regex":{"source":"slim\\-arrow\\-down"}}},"ancestor":{"id":"addressDetailDetailsLanguage","viewName":"etm.portal.ui.addressmanagement.view.EditDetail"}},"wdio_ui5_key":"etmportal.ui.addressmanagement.view.EditDetailsap.ui.core.Icon{\"src\":{\"regex\":{\"source\":\"slim\\\\-arrow\\\\-down\"}}}{\"id\":\"addressDetailDetailsLanguage\",\"viewName\":\"etm.portal.ui.addressmanagement.view.EditDetail\"}"}]}
RESULT: {"script":"<script> [1562 bytes]","args":[{"selector":{"controlType":"sap.ui.core.Icon","viewName":"etm.portal.ui.addressmanagement.view.EditDetail","properties":{"src":{"regex":{"source":"slim\\-arrow\\-down"}}},"ancestor":{"id":"addressDetailDetailsLanguage","viewName":"etm.portal.ui.addressmanagement.view.EditDetail"}},"wdio_ui5_key":"etmportal.ui.addressmanagement.view.EditDetailsap.ui.core.Icon{\"src\":{\"regex\":{\"source\":\"slim\\\\-arrow\\\\-down\"}}}{\"id\":\"addressDetailDetailsLanguage\",\"viewName\":\"etm.portal.ui.addressmanagement.view.EditDetail\"}"}]}
RESULT: undefined
COMMAND: POST /session/4b6079780f801ee5ca8e04de9c1ae743/element - {"using":"xpath","value":"//*[@id=\"__xmlview60--addressDetailDetailsLanguage-arrow\"]"}
RESULT: {"using":"xpath","value":"//*[@id=\"__xmlview60--addressDetailDetailsLanguage-arrow\"]"}
COMMAND: POST /session/4b6079780f801ee5ca8e04de9c1ae743/element/f.2A8A48C59FC3800155EB8E2C1BCE5643.d.AA16605DDECD376AE25F694D850B9DA3.e.1416/click - {}
RESULT: {}
COMMAND: GET /session/4b6079780f801ee5ca8e04de9c1ae743/screenshot - {}
RESULT: {}
COMMAND: POST /session/4b6079780f801ee5ca8e04de9c1ae743/element - {"using":"xpath","value":"//span[contains(text(), \"Bulgarian\")]"}
RESULT: {"using":"xpath","value":"//span[contains(text(), \"Bulgarian\")]"}
COMMAND: POST /session/4b6079780f801ee5ca8e04de9c1ae743/element/f.2A8A48C59FC3800155EB8E2C1BCE5643.d.AA16605DDECD376AE25F694D850B9DA3.e.1417/click - {}
RESULT: {}
COMMAND: GET /session/4b6079780f801ee5ca8e04de9c1ae743/screenshot - {}
RESULT: {}
COMMAND: POST /session/4b6079780f801ee5ca8e04de9c1ae743/execute/async - {"script":"<script> [1562 bytes]","args":[{"selector":{"controlType":"sap.m.Input","viewName":"etm.portal.ui.addressmanagement.view.EditDetail","labelFor":{"text":"ZIP/Postal code"},"interaction":{"idSuffix":"inner"}},"wdio_ui5_key":"etmportal.ui.addressmanagement.view.EditDetailsap.m.Input{\"text\":\"ZIP/Postal code\"}"}]}
RESULT: {"script":"<script> [1562 bytes]","args":[{"selector":{"controlType":"sap.m.Input","viewName":"etm.portal.ui.addressmanagement.view.EditDetail","labelFor":{"text":"ZIP/Postal code"},"interaction":{"idSuffix":"inner"}},"wdio_ui5_key":"etmportal.ui.addressmanagement.view.EditDetailsap.m.Input{\"text\":\"ZIP/Postal code\"}"}]}
RESULT: undefined
COMMAND: POST /session/4b6079780f801ee5ca8e04de9c1ae743/execute/async - {"script":"<script> [776 bytes]","args":[{"enterText":"500292","selector":{"controlType":"sap.m.Input","viewName":"etm.portal.ui.addressmanagement.view.EditDetail","labelFor":{"text":"ZIP/Postal code"},"interaction":{"idSuffix":"inner"}},"clearTextFirst":true,"interactionType":"ENTER_TEXT"}]}
RESULT: {"script":"<script> [776 bytes]","args":[{"enterText":"500292","selector":{"controlType":"sap.m.Input","viewName":"etm.portal.ui.addressmanagement.view.EditDetail","labelFor":{"text":"ZIP/Postal code"},"interaction":{"idSuffix":"inner"}},"clearTextFirst":true,"interactionType":"ENTER_TEXT"}]}
COMMAND: POST /session/4b6079780f801ee5ca8e04de9c1ae743/execute/async - {"script":"<script> [1562 bytes]","args":[{"selector":{"id":"addressDetailContactsEmail","viewName":"etm.portal.ui.addressmanagement.view.EditDetail","interaction":{"idSuffix":"inner"}},"wdio_ui5_key":"addressDetailContactsEmailetmportal.ui.addressmanagement.view.EditDetail"}]}
RESULT: {"script":"<script> [1562 bytes]","args":[{"selector":{"id":"addressDetailContactsEmail","viewName":"etm.portal.ui.addressmanagement.view.EditDetail","interaction":{"idSuffix":"inner"}},"wdio_ui5_key":"addressDetailContactsEmailetmportal.ui.addressmanagement.view.EditDetail"}]}
RESULT: undefined
COMMAND: POST /session/4b6079780f801ee5ca8e04de9c1ae743/execute/async - {"script":"<script> [776 bytes]","args":[{"enterText":"webdriverrules@emailfake.com","selector":{"id":"addressDetailContactsEmail","viewName":"etm.portal.ui.addressmanagement.view.EditDetail","interaction":{"idSuffix":"inner"}},"clearTextFirst":true,"interactionType":"ENTER_TEXT"}]}
RESULT: {"script":"<script> [776 bytes]","args":[{"enterText":"webdriverrules@emailfake.com","selector":{"id":"addressDetailContactsEmail","viewName":"etm.portal.ui.addressmanagement.view.EditDetail","interaction":{"idSuffix":"inner"}},"clearTextFirst":true,"interactionType":"ENTER_TEXT"}]}
COMMAND: POST /session/4b6079780f801ee5ca8e04de9c1ae743/execute/async - {"script":"<script> [1562 bytes]","args":[{"selector":{"id":"addressUserJobTitle","viewName":"etm.portal.ui.addressmanagement.view.EditDetail","interaction":{"idSuffix":"inner"}},"wdio_ui5_key":"addressUserJobTitleetmportal.ui.addressmanagement.view.EditDetail"}]}
RESULT: {"script":"<script> [1562 bytes]","args":[{"selector":{"id":"addressUserJobTitle","viewName":"etm.portal.ui.addressmanagement.view.EditDetail","interaction":{"idSuffix":"inner"}},"wdio_ui5_key":"addressUserJobTitleetmportal.ui.addressmanagement.view.EditDetail"}]}
RESULT: undefined
COMMAND: POST /session/4b6079780f801ee5ca8e04de9c1ae743/execute/async - {"script":"<script> [776 bytes]","args":[{"enterText":"director","selector":{"id":"addressUserJobTitle","viewName":"etm.portal.ui.addressmanagement.view.EditDetail","interaction":{"idSuffix":"inner"}},"clearTextFirst":true,"interactionType":"ENTER_TEXT"}]}
RESULT: {"script":"<script> [776 bytes]","args":[{"enterText":"director","selector":{"id":"addressUserJobTitle","viewName":"etm.portal.ui.addressmanagement.view.EditDetail","interaction":{"idSuffix":"inner"}},"clearTextFirst":true,"interactionType":"ENTER_TEXT"}]}
COMMAND: POST /session/4b6079780f801ee5ca8e04de9c1ae743/execute/async - {"script":"<script> [1562 bytes]","args":[{"selector":{"id":"tagMultiInput","viewName":"etm.portal.ui.addressmanagement.view.EditDetail","interaction":{"idSuffix":"inner"}},"wdio_ui5_key":"tagMultiInputetmportal.ui.addressmanagement.view.EditDetail"}]}
RESULT: {"script":"<script> [1562 bytes]","args":[{"selector":{"id":"tagMultiInput","viewName":"etm.portal.ui.addressmanagement.view.EditDetail","interaction":{"idSuffix":"inner"}},"wdio_ui5_key":"tagMultiInputetmportal.ui.addressmanagement.view.EditDetail"}]}
RESULT: undefined
COMMAND: POST /session/4b6079780f801ee5ca8e04de9c1ae743/execute/async - {"script":"<script> [776 bytes]","args":[{"enterText":"testyTag1","selector":{"id":"tagMultiInput","viewName":"etm.portal.ui.addressmanagement.view.EditDetail","interaction":{"idSuffix":"inner"}},"clearTextFirst":true,"interactionType":"ENTER_TEXT"}]}
RESULT: {"script":"<script> [776 bytes]","args":[{"enterText":"testyTag1","selector":{"id":"tagMultiInput","viewName":"etm.portal.ui.addressmanagement.view.EditDetail","interaction":{"idSuffix":"inner"}},"clearTextFirst":true,"interactionType":"ENTER_TEXT"}]}
COMMAND: POST /session/4b6079780f801ee5ca8e04de9c1ae743/actions - {"actions":[{"id":"action5","type":"key","parameters":{},"actions":[{"type":"keyDown","value":""},{"type":"pause","duration":10},{"type":"keyUp","value":""}]}]}
RESULT: {"actions":[{"id":"action5","type":"key","parameters":{},"actions":[{"type":"keyDown","value":""},{"type":"pause","duration":10},{"type":"keyUp","value":""}]}]}
COMMAND: GET /session/4b6079780f801ee5ca8e04de9c1ae743/screenshot - {}
RESULT: {}
RESULT: undefined
COMMAND: POST /session/4b6079780f801ee5ca8e04de9c1ae743/execute/async - {"script":"<script> [776 bytes]","args":[{"enterText":"taggyTag2","selector":{"id":"tagMultiInput","viewName":"etm.portal.ui.addressmanagement.view.EditDetail","interaction":{"idSuffix":"inner"}},"clearTextFirst":true,"interactionType":"ENTER_TEXT"}]}
RESULT: {"script":"<script> [776 bytes]","args":[{"enterText":"taggyTag2","selector":{"id":"tagMultiInput","viewName":"etm.portal.ui.addressmanagement.view.EditDetail","interaction":{"idSuffix":"inner"}},"clearTextFirst":true,"interactionType":"ENTER_TEXT"}]}
COMMAND: POST /session/4b6079780f801ee5ca8e04de9c1ae743/actions - {"actions":[{"id":"action6","type":"key","parameters":{},"actions":[{"type":"keyDown","value":""},{"type":"pause","duration":10},{"type":"keyUp","value":""}]}]}
RESULT: {"actions":[{"id":"action6","type":"key","parameters":{},"actions":[{"type":"keyDown","value":""},{"type":"pause","duration":10},{"type":"keyUp","value":""}]}]}
COMMAND: GET /session/4b6079780f801ee5ca8e04de9c1ae743/screenshot - {}
RESULT: {}
COMMAND: POST /session/4b6079780f801ee5ca8e04de9c1ae743/element - {"using":"xpath","value":"//button[@data-kt=\"saveButton\"]"}
RESULT: {"using":"xpath","value":"//button[@data-kt=\"saveButton\"]"}
COMMAND: POST /session/4b6079780f801ee5ca8e04de9c1ae743/element/f.2A8A48C59FC3800155EB8E2C1BCE5643.d.AA16605DDECD376AE25F694D850B9DA3.e.1423/click - {}
RESULT: {}
COMMAND: GET /session/4b6079780f801ee5ca8e04de9c1ae743/screenshot - {}
RESULT: {}
COMMAND: POST /session/4b6079780f801ee5ca8e04de9c1ae743/element - {"using":"xpath","value":"//span[@id=\"application-addressmanagement-display-component---detailAdm--addressTitle\"]"}
RESULT: {"using":"xpath","value":"//span[@id=\"application-addressmanagement-display-component---detailAdm--addressTitle\"]"}
COMMAND: POST /session/4b6079780f801ee5ca8e04de9c1ae743/elements - {"using":"xpath","value":"//span[@id=\"application-addressmanagement-display-component---detailAdm--addressTitle\"]"}
RESULT: {"using":"xpath","value":"//span[@id=\"application-addressmanagement-display-component---detailAdm--addressTitle\"]"}
COMMAND: POST /session/4b6079780f801ee5ca8e04de9c1ae743/execute/sync - {"script":"<script> [56 bytes]","args":[{"element-6066-11e4-a52e-4f735466cecf":"f.2A8A48C59FC3800155EB8E2C1BCE5643.d.AA16605DDECD376AE25F694D850B9DA3.e.1442","ELEMENT":"f.2A8A48C59FC3800155EB8E2C1BCE5643.d.AA16605DDECD376AE25F694D850B9DA3.e.1442"}]}
RESULT: {"script":"<script> [56 bytes]","args":[{"element-6066-11e4-a52e-4f735466cecf":"f.2A8A48C59FC3800155EB8E2C1BCE5643.d.AA16605DDECD376AE25F694D850B9DA3.e.1442","ELEMENT":"f.2A8A48C59FC3800155EB8E2C1BCE5643.d.AA16605DDECD376AE25F694D850B9DA3.e.1442"}]}
COMMAND: POST /session/4b6079780f801ee5ca8e04de9c1ae743/element - {"using":"xpath","value":"//span[@id=\"application-addressmanagement-display-component---detailAdm--addressDetailDetailsName2\"]"}
COMMAND: GET /session/4b6079780f801ee5ca8e04de9c1ae743/screenshot - {}
RESULT: {"using":"xpath","value":"//span[@id=\"application-addressmanagement-display-component---detailAdm--addressDetailDetailsName2\"]"}
COMMAND: POST /session/4b6079780f801ee5ca8e04de9c1ae743/elements - {"using":"xpath","value":"//span[@id=\"application-addressmanagement-display-component---detailAdm--addressDetailDetailsName2\"]"}
RESULT: {}
RESULT: {"using":"xpath","value":"//span[@id=\"application-addressmanagement-display-component---detailAdm--addressDetailDetailsName2\"]"}
COMMAND: POST /session/4b6079780f801ee5ca8e04de9c1ae743/execute/sync - {"script":"<script> [56 bytes]","args":[{"element-6066-11e4-a52e-4f735466cecf":"f.2A8A48C59FC3800155EB8E2C1BCE5643.d.AA16605DDECD376AE25F694D850B9DA3.e.1443","ELEMENT":"f.2A8A48C59FC3800155EB8E2C1BCE5643.d.AA16605DDECD376AE25F694D850B9DA3.e.1443"}]}
RESULT: {"script":"<script> [56 bytes]","args":[{"element-6066-11e4-a52e-4f735466cecf":"f.2A8A48C59FC3800155EB8E2C1BCE5643.d.AA16605DDECD376AE25F694D850B9DA3.e.1443","ELEMENT":"f.2A8A48C59FC3800155EB8E2C1BCE5643.d.AA16605DDECD376AE25F694D850B9DA3.e.1443"}]}
COMMAND: POST /session/4b6079780f801ee5ca8e04de9c1ae743/element - {"using":"xpath","value":"//span[@id=\"application-addressmanagement-display-component---detailAdm--addressDetailDetailsLanguage\"]"}
COMMAND: GET /session/4b6079780f801ee5ca8e04de9c1ae743/screenshot - {}
RESULT: {"using":"xpath","value":"//span[@id=\"application-addressmanagement-display-component---detailAdm--addressDetailDetailsLanguage\"]"}
COMMAND: POST /session/4b6079780f801ee5ca8e04de9c1ae743/elements - {"using":"xpath","value":"//span[@id=\"application-addressmanagement-display-component---detailAdm--addressDetailDetailsLanguage\"]"}
RESULT: {}
RESULT: {"using":"xpath","value":"//span[@id=\"application-addressmanagement-display-component---detailAdm--addressDetailDetailsLanguage\"]"}
COMMAND: POST /session/4b6079780f801ee5ca8e04de9c1ae743/execute/sync - {"script":"<script> [56 bytes]","args":[{"element-6066-11e4-a52e-4f735466cecf":"f.2A8A48C59FC3800155EB8E2C1BCE5643.d.AA16605DDECD376AE25F694D850B9DA3.e.1444","ELEMENT":"f.2A8A48C59FC3800155EB8E2C1BCE5643.d.AA16605DDECD376AE25F694D850B9DA3.e.1444"}]}
RESULT: {"script":"<script> [56 bytes]","args":[{"element-6066-11e4-a52e-4f735466cecf":"f.2A8A48C59FC3800155EB8E2C1BCE5643.d.AA16605DDECD376AE25F694D850B9DA3.e.1444","ELEMENT":"f.2A8A48C59FC3800155EB8E2C1BCE5643.d.AA16605DDECD376AE25F694D850B9DA3.e.1444"}]}
COMMAND: POST /session/4b6079780f801ee5ca8e04de9c1ae743/element - {"using":"xpath","value":"//span[@id=\"application-addressmanagement-display-component---detailAdm--addressDetailDetailsZip1\"]"}
COMMAND: GET /session/4b6079780f801ee5ca8e04de9c1ae743/screenshot - {}
RESULT: {"using":"xpath","value":"//span[@id=\"application-addressmanagement-display-component---detailAdm--addressDetailDetailsZip1\"]"}
COMMAND: POST /session/4b6079780f801ee5ca8e04de9c1ae743/elements - {"using":"xpath","value":"//span[@id=\"application-addressmanagement-display-component---detailAdm--addressDetailDetailsZip1\"]"}
RESULT: {}
RESULT: {"using":"xpath","value":"//span[@id=\"application-addressmanagement-display-component---detailAdm--addressDetailDetailsZip1\"]"}
COMMAND: POST /session/4b6079780f801ee5ca8e04de9c1ae743/execute/sync - {"script":"<script> [56 bytes]","args":[{"element-6066-11e4-a52e-4f735466cecf":"f.2A8A48C59FC3800155EB8E2C1BCE5643.d.AA16605DDECD376AE25F694D850B9DA3.e.1445","ELEMENT":"f.2A8A48C59FC3800155EB8E2C1BCE5643.d.AA16605DDECD376AE25F694D850B9DA3.e.1445"}]}
RESULT: {"script":"<script> [56 bytes]","args":[{"element-6066-11e4-a52e-4f735466cecf":"f.2A8A48C59FC3800155EB8E2C1BCE5643.d.AA16605DDECD376AE25F694D850B9DA3.e.1445","ELEMENT":"f.2A8A48C59FC3800155EB8E2C1BCE5643.d.AA16605DDECD376AE25F694D850B9DA3.e.1445"}]}
COMMAND: POST /session/4b6079780f801ee5ca8e04de9c1ae743/element - {"using":"xpath","value":"//span[@id=\"application-addressmanagement-display-component---detailAdm--addressDetailContactsEmail\"]"}
COMMAND: GET /session/4b6079780f801ee5ca8e04de9c1ae743/screenshot - {}
RESULT: {"using":"xpath","value":"//span[@id=\"application-addressmanagement-display-component---detailAdm--addressDetailContactsEmail\"]"}
COMMAND: POST /session/4b6079780f801ee5ca8e04de9c1ae743/elements - {"using":"xpath","value":"//span[@id=\"application-addressmanagement-display-component---detailAdm--addressDetailContactsEmail\"]"}
RESULT: {}
RESULT: {"using":"xpath","value":"//span[@id=\"application-addressmanagement-display-component---detailAdm--addressDetailContactsEmail\"]"}
COMMAND: POST /session/4b6079780f801ee5ca8e04de9c1ae743/execute/sync - {"script":"<script> [56 bytes]","args":[{"element-6066-11e4-a52e-4f735466cecf":"f.2A8A48C59FC3800155EB8E2C1BCE5643.d.AA16605DDECD376AE25F694D850B9DA3.e.1446","ELEMENT":"f.2A8A48C59FC3800155EB8E2C1BCE5643.d.AA16605DDECD376AE25F694D850B9DA3.e.1446"}]}
RESULT: {"script":"<script> [56 bytes]","args":[{"element-6066-11e4-a52e-4f735466cecf":"f.2A8A48C59FC3800155EB8E2C1BCE5643.d.AA16605DDECD376AE25F694D850B9DA3.e.1446","ELEMENT":"f.2A8A48C59FC3800155EB8E2C1BCE5643.d.AA16605DDECD376AE25F694D850B9DA3.e.1446"}]}
COMMAND: POST /session/4b6079780f801ee5ca8e04de9c1ae743/element - {"using":"xpath","value":"//span[@id=\"application-addressmanagement-display-component---detailAdm--addressUserJobTitle\"]"}
COMMAND: GET /session/4b6079780f801ee5ca8e04de9c1ae743/screenshot - {}
RESULT: {"using":"xpath","value":"//span[@id=\"application-addressmanagement-display-component---detailAdm--addressUserJobTitle\"]"}
COMMAND: POST /session/4b6079780f801ee5ca8e04de9c1ae743/elements - {"using":"xpath","value":"//span[@id=\"application-addressmanagement-display-component---detailAdm--addressUserJobTitle\"]"}
RESULT: {}
RESULT: {"using":"xpath","value":"//span[@id=\"application-addressmanagement-display-component---detailAdm--addressUserJobTitle\"]"}
COMMAND: POST /session/4b6079780f801ee5ca8e04de9c1ae743/execute/sync - {"script":"<script> [56 bytes]","args":[{"element-6066-11e4-a52e-4f735466cecf":"f.2A8A48C59FC3800155EB8E2C1BCE5643.d.AA16605DDECD376AE25F694D850B9DA3.e.1447","ELEMENT":"f.2A8A48C59FC3800155EB8E2C1BCE5643.d.AA16605DDECD376AE25F694D850B9DA3.e.1447"}]}
RESULT: {"script":"<script> [56 bytes]","args":[{"element-6066-11e4-a52e-4f735466cecf":"f.2A8A48C59FC3800155EB8E2C1BCE5643.d.AA16605DDECD376AE25F694D850B9DA3.e.1447","ELEMENT":"f.2A8A48C59FC3800155EB8E2C1BCE5643.d.AA16605DDECD376AE25F694D850B9DA3.e.1447"}]}
COMMAND: POST /session/4b6079780f801ee5ca8e04de9c1ae743/element - {"using":"xpath","value":"//span[contains(@class, \"sapMTokenText\") and text()=\"testyTag1\"]"}
COMMAND: GET /session/4b6079780f801ee5ca8e04de9c1ae743/screenshot - {}
RESULT: {"using":"xpath","value":"//span[contains(@class, \"sapMTokenText\") and text()=\"testyTag1\"]"}
COMMAND: POST /session/4b6079780f801ee5ca8e04de9c1ae743/element - {"using":"xpath","value":"//span[contains(@class, \"sapMTokenText\") and text()=\"taggyTag2\"]"}
RESULT: {}
RESULT: {"using":"xpath","value":"//span[contains(@class, \"sapMTokenText\") and text()=\"taggyTag2\"]"}
COMMAND: POST /session/4b6079780f801ee5ca8e04de9c1ae743/elements - {"using":"xpath","value":"//span[contains(@class, \"sapMTokenText\") and text()=\"testyTag1\"]"}
RESULT: {"using":"xpath","value":"//span[contains(@class, \"sapMTokenText\") and text()=\"testyTag1\"]"}
COMMAND: POST /session/4b6079780f801ee5ca8e04de9c1ae743/elements - {"using":"xpath","value":"//span[contains(@class, \"sapMTokenText\") and text()=\"taggyTag2\"]"}
RESULT: {"using":"xpath","value":"//span[contains(@class, \"sapMTokenText\") and text()=\"taggyTag2\"]"}
COMMAND: POST /session/4b6079780f801ee5ca8e04de9c1ae743/element - {"using":"css selector","value":"#shell-header-logo"}
RESULT: {"using":"css selector","value":"#shell-header-logo"}
COMMAND: POST /session/4b6079780f801ee5ca8e04de9c1ae743/element/f.2A8A48C59FC3800155EB8E2C1BCE5643.d.AA16605DDECD376AE25F694D850B9DA3.e.1039/click - {}
RESULT: {}
COMMAND: GET /session/4b6079780f801ee5ca8e04de9c1ae743/screenshot - {}
RESULT: {}
]]></system-out>
    </testcase>
    <testcase classname="chrome.137_0_7151_69.windows.Address_Management_Tests_US156181_US151165_US151160_US156180_US156178_US151157_US151172_US151170_US151166_US151168" name="Step 5 Should verify searches US156180 verify filters US151157" time="98.285">
      <system-out><![CDATA[
RESULT: undefined
COMMAND: POST /session/4b6079780f801ee5ca8e04de9c1ae743/element - {"using":"xpath","value":"//*[@id=\"__tile34\"]"}
RESULT: {"using":"xpath","value":"//*[@id=\"__tile34\"]"}
COMMAND: POST /session/4b6079780f801ee5ca8e04de9c1ae743/element/f.2A8A48C59FC3800155EB8E2C1BCE5643.d.AA16605DDECD376AE25F694D850B9DA3.e.225/click - {}
RESULT: {}
COMMAND: GET /session/4b6079780f801ee5ca8e04de9c1ae743/screenshot - {}
COMMAND: POST /session/4b6079780f801ee5ca8e04de9c1ae743/elements - {"using":"xpath","value":"//span[text()='Error']"}
RESULT: {}
RESULT: {"using":"xpath","value":"//span[text()='Error']"}
COMMAND: POST /session/4b6079780f801ee5ca8e04de9c1ae743/element - {"using":"xpath","value":"//button[@data-kt=\"addButton\"]"}
RESULT: {"using":"xpath","value":"//button[@data-kt=\"addButton\"]"}
COMMAND: POST /session/4b6079780f801ee5ca8e04de9c1ae743/elements - {"using":"xpath","value":"//button[@data-kt=\"addButton\"]"}
RESULT: {"using":"xpath","value":"//button[@data-kt=\"addButton\"]"}
COMMAND: POST /session/4b6079780f801ee5ca8e04de9c1ae743/execute/sync - {"script":"<script> [8489 bytes]","args":[{"element-6066-11e4-a52e-4f735466cecf":"f.2A8A48C59FC3800155EB8E2C1BCE5643.d.AA16605DDECD376AE25F694D850B9DA3.e.1510","ELEMENT":"f.2A8A48C59FC3800155EB8E2C1BCE5643.d.AA16605DDECD376AE25F694D850B9DA3.e.1510"}]}
RESULT: {"script":"<script> [8489 bytes]","args":[{"element-6066-11e4-a52e-4f735466cecf":"f.2A8A48C59FC3800155EB8E2C1BCE5643.d.AA16605DDECD376AE25F694D850B9DA3.e.1510","ELEMENT":"f.2A8A48C59FC3800155EB8E2C1BCE5643.d.AA16605DDECD376AE25F694D850B9DA3.e.1510"}]}
COMMAND: GET /session/4b6079780f801ee5ca8e04de9c1ae743/element/f.2A8A48C59FC3800155EB8E2C1BCE5643.d.AA16605DDECD376AE25F694D850B9DA3.e.1510/enabled - {}
COMMAND: GET /session/4b6079780f801ee5ca8e04de9c1ae743/screenshot - {}
RESULT: {}
COMMAND: POST /session/4b6079780f801ee5ca8e04de9c1ae743/execute/sync - {"script":"<script> [8489 bytes]","args":[{"element-6066-11e4-a52e-4f735466cecf":"f.2A8A48C59FC3800155EB8E2C1BCE5643.d.AA16605DDECD376AE25F694D850B9DA3.e.1510","ELEMENT":"f.2A8A48C59FC3800155EB8E2C1BCE5643.d.AA16605DDECD376AE25F694D850B9DA3.e.1510"}]}
COMMAND: GET /session/4b6079780f801ee5ca8e04de9c1ae743/screenshot - {}
RESULT: {}
RESULT: {"script":"<script> [8489 bytes]","args":[{"element-6066-11e4-a52e-4f735466cecf":"f.2A8A48C59FC3800155EB8E2C1BCE5643.d.AA16605DDECD376AE25F694D850B9DA3.e.1510","ELEMENT":"f.2A8A48C59FC3800155EB8E2C1BCE5643.d.AA16605DDECD376AE25F694D850B9DA3.e.1510"}]}
COMMAND: POST /session/4b6079780f801ee5ca8e04de9c1ae743/execute/sync - {"script":"<script> [5351 bytes]","args":[{"element-6066-11e4-a52e-4f735466cecf":"f.2A8A48C59FC3800155EB8E2C1BCE5643.d.AA16605DDECD376AE25F694D850B9DA3.e.1510","ELEMENT":"f.2A8A48C59FC3800155EB8E2C1BCE5643.d.AA16605DDECD376AE25F694D850B9DA3.e.1510"}]}
COMMAND: GET /session/4b6079780f801ee5ca8e04de9c1ae743/screenshot - {}
RESULT: {}
RESULT: {"script":"<script> [5351 bytes]","args":[{"element-6066-11e4-a52e-4f735466cecf":"f.2A8A48C59FC3800155EB8E2C1BCE5643.d.AA16605DDECD376AE25F694D850B9DA3.e.1510","ELEMENT":"f.2A8A48C59FC3800155EB8E2C1BCE5643.d.AA16605DDECD376AE25F694D850B9DA3.e.1510"}]}
COMMAND: GET /session/4b6079780f801ee5ca8e04de9c1ae743/screenshot - {}
RESULT: {}
RESULT: {}
COMMAND: POST /session/4b6079780f801ee5ca8e04de9c1ae743/element - {"using":"xpath","value":"//span[@id=\"application-addressmanagement-display-component---masterAdm--smartTable-header-inner\"]"}
RESULT: {"using":"xpath","value":"//span[@id=\"application-addressmanagement-display-component---masterAdm--smartTable-header-inner\"]"}
COMMAND: POST /session/4b6079780f801ee5ca8e04de9c1ae743/elements - {"using":"xpath","value":"//span[@id=\"application-addressmanagement-display-component---masterAdm--smartTable-header-inner\"]"}
RESULT: {"using":"xpath","value":"//span[@id=\"application-addressmanagement-display-component---masterAdm--smartTable-header-inner\"]"}
COMMAND: POST /session/4b6079780f801ee5ca8e04de9c1ae743/execute/sync - {"script":"<script> [56 bytes]","args":[{"element-6066-11e4-a52e-4f735466cecf":"f.2A8A48C59FC3800155EB8E2C1BCE5643.d.AA16605DDECD376AE25F694D850B9DA3.e.1640","ELEMENT":"f.2A8A48C59FC3800155EB8E2C1BCE5643.d.AA16605DDECD376AE25F694D850B9DA3.e.1640"}]}
RESULT: {"script":"<script> [56 bytes]","args":[{"element-6066-11e4-a52e-4f735466cecf":"f.2A8A48C59FC3800155EB8E2C1BCE5643.d.AA16605DDECD376AE25F694D850B9DA3.e.1640","ELEMENT":"f.2A8A48C59FC3800155EB8E2C1BCE5643.d.AA16605DDECD376AE25F694D850B9DA3.e.1640"}]}
COMMAND: POST /session/4b6079780f801ee5ca8e04de9c1ae743/execute/async - {"script":"<script> [1562 bytes]","args":[{"selector":{"id":"application-addressmanagement-display-component---masterAdm--smartFilterBar-filterItemControl_BASIC-COUNTRY-vhi"},"wdio_ui5_key":"applicationaddressmanagement-display-component---masterAdm--smartFilterBar-filterItemControl_BASIC-COUNTRY-vhi"}]}
COMMAND: GET /session/4b6079780f801ee5ca8e04de9c1ae743/screenshot - {}
RESULT: {"script":"<script> [1562 bytes]","args":[{"selector":{"id":"application-addressmanagement-display-component---masterAdm--smartFilterBar-filterItemControl_BASIC-COUNTRY-vhi"},"wdio_ui5_key":"applicationaddressmanagement-display-component---masterAdm--smartFilterBar-filterItemControl_BASIC-COUNTRY-vhi"}]}
RESULT: undefined
COMMAND: POST /session/4b6079780f801ee5ca8e04de9c1ae743/element - {"using":"xpath","value":"//*[@id=\"application-addressmanagement-display-component---masterAdm--smartFilterBar-filterItemControl_BASIC-COUNTRY-vhi\"]"}
RESULT: {}
RESULT: {"using":"xpath","value":"//*[@id=\"application-addressmanagement-display-component---masterAdm--smartFilterBar-filterItemControl_BASIC-COUNTRY-vhi\"]"}
COMMAND: POST /session/4b6079780f801ee5ca8e04de9c1ae743/element/f.2A8A48C59FC3800155EB8E2C1BCE5643.d.AA16605DDECD376AE25F694D850B9DA3.e.1641/click - {}
RESULT: {}
COMMAND: GET /session/4b6079780f801ee5ca8e04de9c1ae743/screenshot - {}
RESULT: {}
COMMAND: POST /session/4b6079780f801ee5ca8e04de9c1ae743/execute/async - {"script":"<script> [1562 bytes]","args":[{"selector":{"id":"application-addressmanagement-display-component---masterAdm--smartFilterBar-filterItemControl_BASIC-COUNTRY-valueHelpDialog-smartFilterBar-btnBasicSearch","searchOpenDialogs":true,"interaction":{"idSuffix":"I"}},"wdio_ui5_key":"applicationaddressmanagement-display-component---masterAdm--smartFilterBar-filterItemControl_BASIC-COUNTRY-valueHelpDialog-smartFilterBar-btnBasicSearch"}]}
RESULT: {"script":"<script> [1562 bytes]","args":[{"selector":{"id":"application-addressmanagement-display-component---masterAdm--smartFilterBar-filterItemControl_BASIC-COUNTRY-valueHelpDialog-smartFilterBar-btnBasicSearch","searchOpenDialogs":true,"interaction":{"idSuffix":"I"}},"wdio_ui5_key":"applicationaddressmanagement-display-component---masterAdm--smartFilterBar-filterItemControl_BASIC-COUNTRY-valueHelpDialog-smartFilterBar-btnBasicSearch"}]}
RESULT: undefined
COMMAND: POST /session/4b6079780f801ee5ca8e04de9c1ae743/execute/async - {"script":"<script> [776 bytes]","args":[{"enterText":"Romania","selector":{"id":"application-addressmanagement-display-component---masterAdm--smartFilterBar-filterItemControl_BASIC-COUNTRY-valueHelpDialog-smartFilterBar-btnBasicSearch","searchOpenDialogs":true,"interaction":{"idSuffix":"I"}},"clearTextFirst":true,"interactionType":"ENTER_TEXT"}]}
RESULT: {"script":"<script> [776 bytes]","args":[{"enterText":"Romania","selector":{"id":"application-addressmanagement-display-component---masterAdm--smartFilterBar-filterItemControl_BASIC-COUNTRY-valueHelpDialog-smartFilterBar-btnBasicSearch","searchOpenDialogs":true,"interaction":{"idSuffix":"I"}},"clearTextFirst":true,"interactionType":"ENTER_TEXT"}]}
COMMAND: POST /session/4b6079780f801ee5ca8e04de9c1ae743/actions - {"actions":[{"id":"action7","type":"key","parameters":{},"actions":[{"type":"keyDown","value":""},{"type":"pause","duration":10},{"type":"keyUp","value":""}]}]}
RESULT: {"actions":[{"id":"action7","type":"key","parameters":{},"actions":[{"type":"keyDown","value":""},{"type":"pause","duration":10},{"type":"keyUp","value":""}]}]}
COMMAND: POST /session/4b6079780f801ee5ca8e04de9c1ae743/elements - {"using":"xpath","value":"//table[contains(@id, \"smartFilterBar-filterItemControl_BASIC-COUNTRY-valueHelpDialog-table-table\")]/tbody/tr"}
COMMAND: GET /session/4b6079780f801ee5ca8e04de9c1ae743/screenshot - {}
RESULT: {"using":"xpath","value":"//table[contains(@id, \"smartFilterBar-filterItemControl_BASIC-COUNTRY-valueHelpDialog-table-table\")]/tbody/tr"}
COMMAND: POST /session/4b6079780f801ee5ca8e04de9c1ae743/element - {"using":"xpath","value":"//table[contains(@id, \"smartFilterBar-filterItemControl_BASIC-COUNTRY-valueHelpDialog-table-table\")]/tbody/tr[1]/td[1]/div/span"}
RESULT: {}
RESULT: {"using":"xpath","value":"//table[contains(@id, \"smartFilterBar-filterItemControl_BASIC-COUNTRY-valueHelpDialog-table-table\")]/tbody/tr[1]/td[1]/div/span"}
COMMAND: POST /session/4b6079780f801ee5ca8e04de9c1ae743/elements - {"using":"xpath","value":"//table[contains(@id, \"smartFilterBar-filterItemControl_BASIC-COUNTRY-valueHelpDialog-table-table\")]/tbody/tr[1]/td[1]/div/span"}
RESULT: {"using":"xpath","value":"//table[contains(@id, \"smartFilterBar-filterItemControl_BASIC-COUNTRY-valueHelpDialog-table-table\")]/tbody/tr[1]/td[1]/div/span"}
COMMAND: POST /session/4b6079780f801ee5ca8e04de9c1ae743/execute/sync - {"script":"<script> [56 bytes]","args":[{"element-6066-11e4-a52e-4f735466cecf":"f.2A8A48C59FC3800155EB8E2C1BCE5643.d.AA16605DDECD376AE25F694D850B9DA3.e.1661","ELEMENT":"f.2A8A48C59FC3800155EB8E2C1BCE5643.d.AA16605DDECD376AE25F694D850B9DA3.e.1661"}]}
RESULT: {"script":"<script> [56 bytes]","args":[{"element-6066-11e4-a52e-4f735466cecf":"f.2A8A48C59FC3800155EB8E2C1BCE5643.d.AA16605DDECD376AE25F694D850B9DA3.e.1661","ELEMENT":"f.2A8A48C59FC3800155EB8E2C1BCE5643.d.AA16605DDECD376AE25F694D850B9DA3.e.1661"}]}
COMMAND: POST /session/4b6079780f801ee5ca8e04de9c1ae743/element - {"using":"xpath","value":"//div[contains(@id, \"filterItemControl_BASIC-COUNTRY-valueHelpDialog-table-rowsel0\")]"}
COMMAND: GET /session/4b6079780f801ee5ca8e04de9c1ae743/screenshot - {}
RESULT: {"using":"xpath","value":"//div[contains(@id, \"filterItemControl_BASIC-COUNTRY-valueHelpDialog-table-rowsel0\")]"}
COMMAND: POST /session/4b6079780f801ee5ca8e04de9c1ae743/element/f.2A8A48C59FC3800155EB8E2C1BCE5643.d.AA16605DDECD376AE25F694D850B9DA3.e.1662/click - {}
RESULT: {}
RESULT: {}
COMMAND: GET /session/4b6079780f801ee5ca8e04de9c1ae743/screenshot - {}
RESULT: {}
COMMAND: POST /session/4b6079780f801ee5ca8e04de9c1ae743/element - {"using":"xpath","value":"(//bdi[contains(text(), \"OK\")])[1]"}
RESULT: {"using":"xpath","value":"(//bdi[contains(text(), \"OK\")])[1]"}
COMMAND: POST /session/4b6079780f801ee5ca8e04de9c1ae743/element/f.2A8A48C59FC3800155EB8E2C1BCE5643.d.AA16605DDECD376AE25F694D850B9DA3.e.1664/click - {}
RESULT: {}
COMMAND: GET /session/4b6079780f801ee5ca8e04de9c1ae743/screenshot - {}
RESULT: {}
COMMAND: POST /session/4b6079780f801ee5ca8e04de9c1ae743/element - {"using":"xpath","value":"//span[@id=\"application-addressmanagement-display-component---masterAdm--smartTable-header-inner\"]"}
RESULT: {"using":"xpath","value":"//span[@id=\"application-addressmanagement-display-component---masterAdm--smartTable-header-inner\"]"}
COMMAND: POST /session/4b6079780f801ee5ca8e04de9c1ae743/elements - {"using":"xpath","value":"//span[@id=\"application-addressmanagement-display-component---masterAdm--smartTable-header-inner\"]"}
RESULT: {"using":"xpath","value":"//span[@id=\"application-addressmanagement-display-component---masterAdm--smartTable-header-inner\"]"}
COMMAND: POST /session/4b6079780f801ee5ca8e04de9c1ae743/execute/sync - {"script":"<script> [56 bytes]","args":[{"element-6066-11e4-a52e-4f735466cecf":"f.2A8A48C59FC3800155EB8E2C1BCE5643.d.AA16605DDECD376AE25F694D850B9DA3.e.1640","ELEMENT":"f.2A8A48C59FC3800155EB8E2C1BCE5643.d.AA16605DDECD376AE25F694D850B9DA3.e.1640"}]}
RESULT: {"script":"<script> [56 bytes]","args":[{"element-6066-11e4-a52e-4f735466cecf":"f.2A8A48C59FC3800155EB8E2C1BCE5643.d.AA16605DDECD376AE25F694D850B9DA3.e.1640","ELEMENT":"f.2A8A48C59FC3800155EB8E2C1BCE5643.d.AA16605DDECD376AE25F694D850B9DA3.e.1640"}]}
COMMAND: POST /session/4b6079780f801ee5ca8e04de9c1ae743/element - {"using":"xpath","value":"//span[contains(@title, \"Remove\")]"}
COMMAND: GET /session/4b6079780f801ee5ca8e04de9c1ae743/screenshot - {}
RESULT: {"using":"xpath","value":"//span[contains(@title, \"Remove\")]"}
COMMAND: POST /session/4b6079780f801ee5ca8e04de9c1ae743/element/f.2A8A48C59FC3800155EB8E2C1BCE5643.d.AA16605DDECD376AE25F694D850B9DA3.e.1787/click - {}
RESULT: {}
RESULT: {}
COMMAND: GET /session/4b6079780f801ee5ca8e04de9c1ae743/screenshot - {}
RESULT: {}
COMMAND: POST /session/4b6079780f801ee5ca8e04de9c1ae743/element - {"using":"xpath","value":"//span[@id=\"application-addressmanagement-display-component---masterAdm--smartTable-header-inner\"]"}
RESULT: {"using":"xpath","value":"//span[@id=\"application-addressmanagement-display-component---masterAdm--smartTable-header-inner\"]"}
COMMAND: POST /session/4b6079780f801ee5ca8e04de9c1ae743/elements - {"using":"xpath","value":"//span[@id=\"application-addressmanagement-display-component---masterAdm--smartTable-header-inner\"]"}
RESULT: {"using":"xpath","value":"//span[@id=\"application-addressmanagement-display-component---masterAdm--smartTable-header-inner\"]"}
COMMAND: POST /session/4b6079780f801ee5ca8e04de9c1ae743/execute/sync - {"script":"<script> [56 bytes]","args":[{"element-6066-11e4-a52e-4f735466cecf":"f.2A8A48C59FC3800155EB8E2C1BCE5643.d.AA16605DDECD376AE25F694D850B9DA3.e.1640","ELEMENT":"f.2A8A48C59FC3800155EB8E2C1BCE5643.d.AA16605DDECD376AE25F694D850B9DA3.e.1640"}]}
RESULT: {"script":"<script> [56 bytes]","args":[{"element-6066-11e4-a52e-4f735466cecf":"f.2A8A48C59FC3800155EB8E2C1BCE5643.d.AA16605DDECD376AE25F694D850B9DA3.e.1640","ELEMENT":"f.2A8A48C59FC3800155EB8E2C1BCE5643.d.AA16605DDECD376AE25F694D850B9DA3.e.1640"}]}
RESULT: undefined
COMMAND: POST /session/4b6079780f801ee5ca8e04de9c1ae743/element - {"using":"xpath","value":"//*[@id=\"application-addressmanagement-display-component---masterAdm--smartFilterBar-filterItemControl_BASIC-COUNTRY-vhi\"]"}
COMMAND: GET /session/4b6079780f801ee5ca8e04de9c1ae743/screenshot - {}
RESULT: {"using":"xpath","value":"//*[@id=\"application-addressmanagement-display-component---masterAdm--smartFilterBar-filterItemControl_BASIC-COUNTRY-vhi\"]"}
COMMAND: POST /session/4b6079780f801ee5ca8e04de9c1ae743/element/f.2A8A48C59FC3800155EB8E2C1BCE5643.d.AA16605DDECD376AE25F694D850B9DA3.e.1641/click - {}
RESULT: {}
RESULT: {}
COMMAND: GET /session/4b6079780f801ee5ca8e04de9c1ae743/screenshot - {}
RESULT: {}
RESULT: undefined
COMMAND: POST /session/4b6079780f801ee5ca8e04de9c1ae743/execute/async - {"script":"<script> [776 bytes]","args":[{"enterText":"Romania","selector":{"id":"application-addressmanagement-display-component---masterAdm--smartFilterBar-filterItemControl_BASIC-COUNTRY-valueHelpDialog-smartFilterBar-btnBasicSearch","searchOpenDialogs":true,"interaction":{"idSuffix":"I"}},"clearTextFirst":true,"interactionType":"ENTER_TEXT"}]}
RESULT: {"script":"<script> [776 bytes]","args":[{"enterText":"Romania","selector":{"id":"application-addressmanagement-display-component---masterAdm--smartFilterBar-filterItemControl_BASIC-COUNTRY-valueHelpDialog-smartFilterBar-btnBasicSearch","searchOpenDialogs":true,"interaction":{"idSuffix":"I"}},"clearTextFirst":true,"interactionType":"ENTER_TEXT"}]}
COMMAND: POST /session/4b6079780f801ee5ca8e04de9c1ae743/actions - {"actions":[{"id":"action8","type":"key","parameters":{},"actions":[{"type":"keyDown","value":""},{"type":"pause","duration":10},{"type":"keyUp","value":""}]}]}
RESULT: {"actions":[{"id":"action8","type":"key","parameters":{},"actions":[{"type":"keyDown","value":""},{"type":"pause","duration":10},{"type":"keyUp","value":""}]}]}
COMMAND: GET /session/4b6079780f801ee5ca8e04de9c1ae743/screenshot - {}
RESULT: {}
COMMAND: POST /session/4b6079780f801ee5ca8e04de9c1ae743/elements - {"using":"xpath","value":"//table[contains(@id, \"smartFilterBar-filterItemControl_BASIC-COUNTRY-valueHelpDialog-table-table\")]/tbody/tr"}
RESULT: {"using":"xpath","value":"//table[contains(@id, \"smartFilterBar-filterItemControl_BASIC-COUNTRY-valueHelpDialog-table-table\")]/tbody/tr"}
COMMAND: POST /session/4b6079780f801ee5ca8e04de9c1ae743/element - {"using":"xpath","value":"//table[contains(@id, \"smartFilterBar-filterItemControl_BASIC-COUNTRY-valueHelpDialog-table-table\")]/tbody/tr[1]/td[1]/div/span"}
RESULT: {"using":"xpath","value":"//table[contains(@id, \"smartFilterBar-filterItemControl_BASIC-COUNTRY-valueHelpDialog-table-table\")]/tbody/tr[1]/td[1]/div/span"}
COMMAND: POST /session/4b6079780f801ee5ca8e04de9c1ae743/elements - {"using":"xpath","value":"//table[contains(@id, \"smartFilterBar-filterItemControl_BASIC-COUNTRY-valueHelpDialog-table-table\")]/tbody/tr[1]/td[1]/div/span"}
RESULT: {"using":"xpath","value":"//table[contains(@id, \"smartFilterBar-filterItemControl_BASIC-COUNTRY-valueHelpDialog-table-table\")]/tbody/tr[1]/td[1]/div/span"}
COMMAND: POST /session/4b6079780f801ee5ca8e04de9c1ae743/execute/sync - {"script":"<script> [56 bytes]","args":[{"element-6066-11e4-a52e-4f735466cecf":"f.2A8A48C59FC3800155EB8E2C1BCE5643.d.AA16605DDECD376AE25F694D850B9DA3.e.1866","ELEMENT":"f.2A8A48C59FC3800155EB8E2C1BCE5643.d.AA16605DDECD376AE25F694D850B9DA3.e.1866"}]}
RESULT: {"script":"<script> [56 bytes]","args":[{"element-6066-11e4-a52e-4f735466cecf":"f.2A8A48C59FC3800155EB8E2C1BCE5643.d.AA16605DDECD376AE25F694D850B9DA3.e.1866","ELEMENT":"f.2A8A48C59FC3800155EB8E2C1BCE5643.d.AA16605DDECD376AE25F694D850B9DA3.e.1866"}]}
COMMAND: POST /session/4b6079780f801ee5ca8e04de9c1ae743/element - {"using":"xpath","value":"//div[contains(@id, \"filterItemControl_BASIC-COUNTRY-valueHelpDialog-table-rowsel0\")]"}
COMMAND: GET /session/4b6079780f801ee5ca8e04de9c1ae743/screenshot - {}
RESULT: {"using":"xpath","value":"//div[contains(@id, \"filterItemControl_BASIC-COUNTRY-valueHelpDialog-table-rowsel0\")]"}
COMMAND: POST /session/4b6079780f801ee5ca8e04de9c1ae743/element/f.2A8A48C59FC3800155EB8E2C1BCE5643.d.AA16605DDECD376AE25F694D850B9DA3.e.1867/click - {}
RESULT: {}
RESULT: {}
COMMAND: GET /session/4b6079780f801ee5ca8e04de9c1ae743/screenshot - {}
RESULT: {}
RESULT: undefined
COMMAND: POST /session/4b6079780f801ee5ca8e04de9c1ae743/element - {"using":"xpath","value":"//*[@id=\"application-addressmanagement-display-component---masterAdm--smartFilterBar-filterItemControl_BASIC-COUNTRY-vhi\"]"}
RESULT: {"using":"xpath","value":"//*[@id=\"application-addressmanagement-display-component---masterAdm--smartFilterBar-filterItemControl_BASIC-COUNTRY-vhi\"]"}
COMMAND: POST /session/4b6079780f801ee5ca8e04de9c1ae743/element/f.2A8A48C59FC3800155EB8E2C1BCE5643.d.AA16605DDECD376AE25F694D850B9DA3.e.1641/click - {}
RESULT: undefined
COMMAND: POST /session/4b6079780f801ee5ca8e04de9c1ae743/execute/async - {"script":"<script> [776 bytes]","args":[{"enterText":"Argentina","selector":{"id":"application-addressmanagement-display-component---masterAdm--smartFilterBar-filterItemControl_BASIC-COUNTRY-valueHelpDialog-smartFilterBar-btnBasicSearch","searchOpenDialogs":true,"interaction":{"idSuffix":"I"}},"clearTextFirst":true,"interactionType":"ENTER_TEXT"}]}
RESULT: {"script":"<script> [776 bytes]","args":[{"enterText":"Argentina","selector":{"id":"application-addressmanagement-display-component---masterAdm--smartFilterBar-filterItemControl_BASIC-COUNTRY-valueHelpDialog-smartFilterBar-btnBasicSearch","searchOpenDialogs":true,"interaction":{"idSuffix":"I"}},"clearTextFirst":true,"interactionType":"ENTER_TEXT"}]}
COMMAND: POST /session/4b6079780f801ee5ca8e04de9c1ae743/actions - {"actions":[{"id":"action9","type":"key","parameters":{},"actions":[{"type":"keyDown","value":""},{"type":"pause","duration":10},{"type":"keyUp","value":""}]}]}
RESULT: {"actions":[{"id":"action9","type":"key","parameters":{},"actions":[{"type":"keyDown","value":""},{"type":"pause","duration":10},{"type":"keyUp","value":""}]}]}
COMMAND: GET /session/4b6079780f801ee5ca8e04de9c1ae743/screenshot - {}
RESULT: {}
COMMAND: POST /session/4b6079780f801ee5ca8e04de9c1ae743/elements - {"using":"xpath","value":"//table[contains(@id, \"smartFilterBar-filterItemControl_BASIC-COUNTRY-valueHelpDialog-table-table\")]/tbody/tr"}
RESULT: {"using":"xpath","value":"//table[contains(@id, \"smartFilterBar-filterItemControl_BASIC-COUNTRY-valueHelpDialog-table-table\")]/tbody/tr"}
COMMAND: POST /session/4b6079780f801ee5ca8e04de9c1ae743/element - {"using":"xpath","value":"//table[contains(@id, \"smartFilterBar-filterItemControl_BASIC-COUNTRY-valueHelpDialog-table-table\")]/tbody/tr[1]/td[1]/div/span"}
RESULT: {"using":"xpath","value":"//table[contains(@id, \"smartFilterBar-filterItemControl_BASIC-COUNTRY-valueHelpDialog-table-table\")]/tbody/tr[1]/td[1]/div/span"}
COMMAND: POST /session/4b6079780f801ee5ca8e04de9c1ae743/elements - {"using":"xpath","value":"//table[contains(@id, \"smartFilterBar-filterItemControl_BASIC-COUNTRY-valueHelpDialog-table-table\")]/tbody/tr[1]/td[1]/div/span"}
RESULT: {"using":"xpath","value":"//table[contains(@id, \"smartFilterBar-filterItemControl_BASIC-COUNTRY-valueHelpDialog-table-table\")]/tbody/tr[1]/td[1]/div/span"}
COMMAND: POST /session/4b6079780f801ee5ca8e04de9c1ae743/execute/sync - {"script":"<script> [56 bytes]","args":[{"element-6066-11e4-a52e-4f735466cecf":"f.2A8A48C59FC3800155EB8E2C1BCE5643.d.AA16605DDECD376AE25F694D850B9DA3.e.1866","ELEMENT":"f.2A8A48C59FC3800155EB8E2C1BCE5643.d.AA16605DDECD376AE25F694D850B9DA3.e.1866"}]}
RESULT: {"script":"<script> [56 bytes]","args":[{"element-6066-11e4-a52e-4f735466cecf":"f.2A8A48C59FC3800155EB8E2C1BCE5643.d.AA16605DDECD376AE25F694D850B9DA3.e.1866","ELEMENT":"f.2A8A48C59FC3800155EB8E2C1BCE5643.d.AA16605DDECD376AE25F694D850B9DA3.e.1866"}]}
COMMAND: POST /session/4b6079780f801ee5ca8e04de9c1ae743/element - {"using":"xpath","value":"//div[contains(@id, \"filterItemControl_BASIC-COUNTRY-valueHelpDialog-table-rowsel0\")]"}
COMMAND: GET /session/4b6079780f801ee5ca8e04de9c1ae743/screenshot - {}
RESULT: {"using":"xpath","value":"//div[contains(@id, \"filterItemControl_BASIC-COUNTRY-valueHelpDialog-table-rowsel0\")]"}
COMMAND: POST /session/4b6079780f801ee5ca8e04de9c1ae743/element/f.2A8A48C59FC3800155EB8E2C1BCE5643.d.AA16605DDECD376AE25F694D850B9DA3.e.1867/click - {}
RESULT: {}
RESULT: {}
COMMAND: GET /session/4b6079780f801ee5ca8e04de9c1ae743/screenshot - {}
RESULT: {}
COMMAND: POST /session/4b6079780f801ee5ca8e04de9c1ae743/element - {"using":"xpath","value":"(//bdi[contains(text(), \"OK\")])[1]"}
RESULT: {"using":"xpath","value":"(//bdi[contains(text(), \"OK\")])[1]"}
COMMAND: POST /session/4b6079780f801ee5ca8e04de9c1ae743/element/f.2A8A48C59FC3800155EB8E2C1BCE5643.d.AA16605DDECD376AE25F694D850B9DA3.e.1869/click - {}
RESULT: {}
COMMAND: GET /session/4b6079780f801ee5ca8e04de9c1ae743/screenshot - {}
RESULT: {}
COMMAND: POST /session/4b6079780f801ee5ca8e04de9c1ae743/element - {"using":"xpath","value":"//span[@id=\"application-addressmanagement-display-component---masterAdm--smartTable-header-inner\"]"}
RESULT: {"using":"xpath","value":"//span[@id=\"application-addressmanagement-display-component---masterAdm--smartTable-header-inner\"]"}
COMMAND: POST /session/4b6079780f801ee5ca8e04de9c1ae743/elements - {"using":"xpath","value":"//span[@id=\"application-addressmanagement-display-component---masterAdm--smartTable-header-inner\"]"}
RESULT: {"using":"xpath","value":"//span[@id=\"application-addressmanagement-display-component---masterAdm--smartTable-header-inner\"]"}
COMMAND: POST /session/4b6079780f801ee5ca8e04de9c1ae743/execute/sync - {"script":"<script> [56 bytes]","args":[{"element-6066-11e4-a52e-4f735466cecf":"f.2A8A48C59FC3800155EB8E2C1BCE5643.d.AA16605DDECD376AE25F694D850B9DA3.e.1640","ELEMENT":"f.2A8A48C59FC3800155EB8E2C1BCE5643.d.AA16605DDECD376AE25F694D850B9DA3.e.1640"}]}
RESULT: {"script":"<script> [56 bytes]","args":[{"element-6066-11e4-a52e-4f735466cecf":"f.2A8A48C59FC3800155EB8E2C1BCE5643.d.AA16605DDECD376AE25F694D850B9DA3.e.1640","ELEMENT":"f.2A8A48C59FC3800155EB8E2C1BCE5643.d.AA16605DDECD376AE25F694D850B9DA3.e.1640"}]}
COMMAND: POST /session/4b6079780f801ee5ca8e04de9c1ae743/execute/async - {"script":"<script> [1562 bytes]","args":[{"selector":{"id":"application-addressmanagement-display-component---masterAdm--smartFilterBar-filterItemControl_BASIC-NAME-vhi"},"wdio_ui5_key":"applicationaddressmanagement-display-component---masterAdm--smartFilterBar-filterItemControl_BASIC-NAME-vhi"}]}
COMMAND: GET /session/4b6079780f801ee5ca8e04de9c1ae743/screenshot - {}
RESULT: {"script":"<script> [1562 bytes]","args":[{"selector":{"id":"application-addressmanagement-display-component---masterAdm--smartFilterBar-filterItemControl_BASIC-NAME-vhi"},"wdio_ui5_key":"applicationaddressmanagement-display-component---masterAdm--smartFilterBar-filterItemControl_BASIC-NAME-vhi"}]}
RESULT: undefined
COMMAND: POST /session/4b6079780f801ee5ca8e04de9c1ae743/element - {"using":"xpath","value":"//*[@id=\"application-addressmanagement-display-component---masterAdm--smartFilterBar-filterItemControl_BASIC-NAME-vhi\"]"}
RESULT: {}
RESULT: {"using":"xpath","value":"//*[@id=\"application-addressmanagement-display-component---masterAdm--smartFilterBar-filterItemControl_BASIC-NAME-vhi\"]"}
COMMAND: POST /session/4b6079780f801ee5ca8e04de9c1ae743/element/f.2A8A48C59FC3800155EB8E2C1BCE5643.d.AA16605DDECD376AE25F694D850B9DA3.e.1894/click - {}
RESULT: {}
COMMAND: GET /session/4b6079780f801ee5ca8e04de9c1ae743/screenshot - {}
RESULT: {}
COMMAND: POST /session/4b6079780f801ee5ca8e04de9c1ae743/execute/async - {"script":"<script> [1562 bytes]","args":[{"selector":{"controlType":"sap.m.Input","viewName":"etm.portal.ui.addressmanagement.view.Master","viewId":"application-addressmanagement-display-component---masterAdm","properties":{"valueState":"None"},"searchOpenDialogs":true,"interaction":{"idSuffix":"inner"}},"wdio_ui5_key":"etmportal.ui.addressmanagement.view.Mastersap.m.Input{\"valueState\":\"None\"}"}]}
RESULT: {"script":"<script> [1562 bytes]","args":[{"selector":{"controlType":"sap.m.Input","viewName":"etm.portal.ui.addressmanagement.view.Master","viewId":"application-addressmanagement-display-component---masterAdm","properties":{"valueState":"None"},"searchOpenDialogs":true,"interaction":{"idSuffix":"inner"}},"wdio_ui5_key":"etmportal.ui.addressmanagement.view.Mastersap.m.Input{\"valueState\":\"None\"}"}]}
RESULT: undefined
COMMAND: POST /session/4b6079780f801ee5ca8e04de9c1ae743/execute/async - {"script":"<script> [776 bytes]","args":[{"enterText":"Test","selector":{"controlType":"sap.m.Input","viewName":"etm.portal.ui.addressmanagement.view.Master","viewId":"application-addressmanagement-display-component---masterAdm","properties":{"valueState":"None"},"searchOpenDialogs":true,"interaction":{"idSuffix":"inner"}},"clearTextFirst":true,"interactionType":"ENTER_TEXT"}]}
RESULT: {"script":"<script> [776 bytes]","args":[{"enterText":"Test","selector":{"controlType":"sap.m.Input","viewName":"etm.portal.ui.addressmanagement.view.Master","viewId":"application-addressmanagement-display-component---masterAdm","properties":{"valueState":"None"},"searchOpenDialogs":true,"interaction":{"idSuffix":"inner"}},"clearTextFirst":true,"interactionType":"ENTER_TEXT"}]}
COMMAND: POST /session/4b6079780f801ee5ca8e04de9c1ae743/actions - {"actions":[{"id":"action10","type":"key","parameters":{},"actions":[{"type":"keyDown","value":""},{"type":"pause","duration":10},{"type":"keyUp","value":""}]}]}
RESULT: {"actions":[{"id":"action10","type":"key","parameters":{},"actions":[{"type":"keyDown","value":""},{"type":"pause","duration":10},{"type":"keyUp","value":""}]}]}
COMMAND: GET /session/4b6079780f801ee5ca8e04de9c1ae743/screenshot - {}
RESULT: {}
COMMAND: POST /session/4b6079780f801ee5ca8e04de9c1ae743/element - {"using":"xpath","value":"(//bdi[contains(text(), \"OK\")])[1]"}
RESULT: {"using":"xpath","value":"(//bdi[contains(text(), \"OK\")])[1]"}
COMMAND: POST /session/4b6079780f801ee5ca8e04de9c1ae743/element/f.2A8A48C59FC3800155EB8E2C1BCE5643.d.AA16605DDECD376AE25F694D850B9DA3.e.1901/click - {}
RESULT: {}
COMMAND: GET /session/4b6079780f801ee5ca8e04de9c1ae743/screenshot - {}
RESULT: {}
COMMAND: POST /session/4b6079780f801ee5ca8e04de9c1ae743/element - {"using":"xpath","value":"//span[@id=\"application-addressmanagement-display-component---masterAdm--smartTable-header-inner\"]"}
RESULT: {"using":"xpath","value":"//span[@id=\"application-addressmanagement-display-component---masterAdm--smartTable-header-inner\"]"}
COMMAND: POST /session/4b6079780f801ee5ca8e04de9c1ae743/elements - {"using":"xpath","value":"//span[@id=\"application-addressmanagement-display-component---masterAdm--smartTable-header-inner\"]"}
RESULT: {"using":"xpath","value":"//span[@id=\"application-addressmanagement-display-component---masterAdm--smartTable-header-inner\"]"}
COMMAND: POST /session/4b6079780f801ee5ca8e04de9c1ae743/execute/sync - {"script":"<script> [56 bytes]","args":[{"element-6066-11e4-a52e-4f735466cecf":"f.2A8A48C59FC3800155EB8E2C1BCE5643.d.AA16605DDECD376AE25F694D850B9DA3.e.1640","ELEMENT":"f.2A8A48C59FC3800155EB8E2C1BCE5643.d.AA16605DDECD376AE25F694D850B9DA3.e.1640"}]}
RESULT: {"script":"<script> [56 bytes]","args":[{"element-6066-11e4-a52e-4f735466cecf":"f.2A8A48C59FC3800155EB8E2C1BCE5643.d.AA16605DDECD376AE25F694D850B9DA3.e.1640","ELEMENT":"f.2A8A48C59FC3800155EB8E2C1BCE5643.d.AA16605DDECD376AE25F694D850B9DA3.e.1640"}]}
COMMAND: POST /session/4b6079780f801ee5ca8e04de9c1ae743/element - {"using":"xpath","value":"//span[contains(@title, \"Remove\")]"}
COMMAND: GET /session/4b6079780f801ee5ca8e04de9c1ae743/screenshot - {}
RESULT: {"using":"xpath","value":"//span[contains(@title, \"Remove\")]"}
COMMAND: POST /session/4b6079780f801ee5ca8e04de9c1ae743/element/f.2A8A48C59FC3800155EB8E2C1BCE5643.d.AA16605DDECD376AE25F694D850B9DA3.e.1971/click - {}
RESULT: {}
RESULT: {}
COMMAND: GET /session/4b6079780f801ee5ca8e04de9c1ae743/screenshot - {}
COMMAND: POST /session/4b6079780f801ee5ca8e04de9c1ae743/element - {"using":"xpath","value":"//span[contains(@title, \"Remove\")]"}
RESULT: {}
RESULT: {"using":"xpath","value":"//span[contains(@title, \"Remove\")]"}
COMMAND: POST /session/4b6079780f801ee5ca8e04de9c1ae743/element/f.2A8A48C59FC3800155EB8E2C1BCE5643.d.AA16605DDECD376AE25F694D850B9DA3.e.2042/click - {}
RESULT: {}
COMMAND: GET /session/4b6079780f801ee5ca8e04de9c1ae743/screenshot - {}
COMMAND: POST /session/4b6079780f801ee5ca8e04de9c1ae743/element - {"using":"xpath","value":"//span[contains(@title, \"Remove\")]"}
RESULT: {}
RESULT: {"using":"xpath","value":"//span[contains(@title, \"Remove\")]"}
COMMAND: POST /session/4b6079780f801ee5ca8e04de9c1ae743/element/f.2A8A48C59FC3800155EB8E2C1BCE5643.d.AA16605DDECD376AE25F694D850B9DA3.e.2151/click - {}
RESULT: {}
COMMAND: GET /session/4b6079780f801ee5ca8e04de9c1ae743/screenshot - {}
RESULT: {}
COMMAND: POST /session/4b6079780f801ee5ca8e04de9c1ae743/element - {"using":"css selector","value":"#shell-header-logo"}
RESULT: {"using":"css selector","value":"#shell-header-logo"}
COMMAND: POST /session/4b6079780f801ee5ca8e04de9c1ae743/element/f.2A8A48C59FC3800155EB8E2C1BCE5643.d.AA16605DDECD376AE25F694D850B9DA3.e.1456/click - {}
RESULT: {}
COMMAND: GET /session/4b6079780f801ee5ca8e04de9c1ae743/screenshot - {}
RESULT: {}
]]></system-out>
    </testcase>
    <testcase classname="chrome.137_0_7151_69.windows.Address_Management_Tests_US156181_US151165_US151160_US156180_US156178_US151157_US151172_US151170_US151166_US151168" name="Step 6 Should assign user ID to an user assign them to site US151172" time="81.534">
      <system-out><![CDATA[
RESULT: undefined
COMMAND: POST /session/4b6079780f801ee5ca8e04de9c1ae743/element - {"using":"xpath","value":"//*[@id=\"__tile34\"]"}
RESULT: {"using":"xpath","value":"//*[@id=\"__tile34\"]"}
COMMAND: POST /session/4b6079780f801ee5ca8e04de9c1ae743/element/f.2A8A48C59FC3800155EB8E2C1BCE5643.d.AA16605DDECD376AE25F694D850B9DA3.e.225/click - {}
RESULT: {}
COMMAND: GET /session/4b6079780f801ee5ca8e04de9c1ae743/screenshot - {}
RESULT: {}
COMMAND: POST /session/4b6079780f801ee5ca8e04de9c1ae743/elements - {"using":"xpath","value":"//span[text()='Error']"}
RESULT: {"using":"xpath","value":"//span[text()='Error']"}
COMMAND: POST /session/4b6079780f801ee5ca8e04de9c1ae743/element - {"using":"xpath","value":"//button[@data-kt=\"addButton\"]"}
RESULT: {"using":"xpath","value":"//button[@data-kt=\"addButton\"]"}
COMMAND: POST /session/4b6079780f801ee5ca8e04de9c1ae743/elements - {"using":"xpath","value":"//button[@data-kt=\"addButton\"]"}
RESULT: {"using":"xpath","value":"//button[@data-kt=\"addButton\"]"}
COMMAND: POST /session/4b6079780f801ee5ca8e04de9c1ae743/execute/sync - {"script":"<script> [8489 bytes]","args":[{"element-6066-11e4-a52e-4f735466cecf":"f.2A8A48C59FC3800155EB8E2C1BCE5643.d.AA16605DDECD376AE25F694D850B9DA3.e.2267","ELEMENT":"f.2A8A48C59FC3800155EB8E2C1BCE5643.d.AA16605DDECD376AE25F694D850B9DA3.e.2267"}]}
RESULT: {"script":"<script> [8489 bytes]","args":[{"element-6066-11e4-a52e-4f735466cecf":"f.2A8A48C59FC3800155EB8E2C1BCE5643.d.AA16605DDECD376AE25F694D850B9DA3.e.2267","ELEMENT":"f.2A8A48C59FC3800155EB8E2C1BCE5643.d.AA16605DDECD376AE25F694D850B9DA3.e.2267"}]}
COMMAND: GET /session/4b6079780f801ee5ca8e04de9c1ae743/element/f.2A8A48C59FC3800155EB8E2C1BCE5643.d.AA16605DDECD376AE25F694D850B9DA3.e.2267/enabled - {}
COMMAND: GET /session/4b6079780f801ee5ca8e04de9c1ae743/screenshot - {}
RESULT: {}
COMMAND: POST /session/4b6079780f801ee5ca8e04de9c1ae743/execute/sync - {"script":"<script> [8489 bytes]","args":[{"element-6066-11e4-a52e-4f735466cecf":"f.2A8A48C59FC3800155EB8E2C1BCE5643.d.AA16605DDECD376AE25F694D850B9DA3.e.2267","ELEMENT":"f.2A8A48C59FC3800155EB8E2C1BCE5643.d.AA16605DDECD376AE25F694D850B9DA3.e.2267"}]}
COMMAND: GET /session/4b6079780f801ee5ca8e04de9c1ae743/screenshot - {}
RESULT: {}
RESULT: {"script":"<script> [8489 bytes]","args":[{"element-6066-11e4-a52e-4f735466cecf":"f.2A8A48C59FC3800155EB8E2C1BCE5643.d.AA16605DDECD376AE25F694D850B9DA3.e.2267","ELEMENT":"f.2A8A48C59FC3800155EB8E2C1BCE5643.d.AA16605DDECD376AE25F694D850B9DA3.e.2267"}]}
COMMAND: POST /session/4b6079780f801ee5ca8e04de9c1ae743/execute/sync - {"script":"<script> [5351 bytes]","args":[{"element-6066-11e4-a52e-4f735466cecf":"f.2A8A48C59FC3800155EB8E2C1BCE5643.d.AA16605DDECD376AE25F694D850B9DA3.e.2267","ELEMENT":"f.2A8A48C59FC3800155EB8E2C1BCE5643.d.AA16605DDECD376AE25F694D850B9DA3.e.2267"}]}
COMMAND: GET /session/4b6079780f801ee5ca8e04de9c1ae743/screenshot - {}
RESULT: {}
RESULT: {"script":"<script> [5351 bytes]","args":[{"element-6066-11e4-a52e-4f735466cecf":"f.2A8A48C59FC3800155EB8E2C1BCE5643.d.AA16605DDECD376AE25F694D850B9DA3.e.2267","ELEMENT":"f.2A8A48C59FC3800155EB8E2C1BCE5643.d.AA16605DDECD376AE25F694D850B9DA3.e.2267"}]}
COMMAND: GET /session/4b6079780f801ee5ca8e04de9c1ae743/screenshot - {}
RESULT: {}
RESULT: {}
RESULT: undefined
COMMAND: POST /session/4b6079780f801ee5ca8e04de9c1ae743/execute/async - {"script":"<script> [776 bytes]","args":[{"enterText":"Test1ETM","selector":{"id":"application-addressmanagement-display-component---masterAdm--smartFilterBar-btnBasicSearch","interaction":{"idSuffix":"I"}},"clearTextFirst":true,"interactionType":"ENTER_TEXT"}]}
RESULT: {"script":"<script> [776 bytes]","args":[{"enterText":"Test1ETM","selector":{"id":"application-addressmanagement-display-component---masterAdm--smartFilterBar-btnBasicSearch","interaction":{"idSuffix":"I"}},"clearTextFirst":true,"interactionType":"ENTER_TEXT"}]}
COMMAND: POST /session/4b6079780f801ee5ca8e04de9c1ae743/actions - {"actions":[{"id":"action11","type":"key","parameters":{},"actions":[{"type":"keyDown","value":""},{"type":"pause","duration":10},{"type":"keyUp","value":""}]}]}
RESULT: {"actions":[{"id":"action11","type":"key","parameters":{},"actions":[{"type":"keyDown","value":""},{"type":"pause","duration":10},{"type":"keyUp","value":""}]}]}
COMMAND: GET /session/4b6079780f801ee5ca8e04de9c1ae743/screenshot - {}
RESULT: {}
COMMAND: POST /session/4b6079780f801ee5ca8e04de9c1ae743/elements - {"using":"xpath","value":"//table[contains(@id, \"customPersonsAddressesTable-listUl\")]/tbody/tr"}
RESULT: {"using":"xpath","value":"//table[contains(@id, \"customPersonsAddressesTable-listUl\")]/tbody/tr"}
COMMAND: POST /session/4b6079780f801ee5ca8e04de9c1ae743/element - {"using":"xpath","value":"//table[contains(@id, \"customPersonsAddressesTable-listUl\")]/tbody/tr[1]/td[5]/span/span"}
RESULT: {"using":"xpath","value":"//table[contains(@id, \"customPersonsAddressesTable-listUl\")]/tbody/tr[1]/td[5]/span/span"}
COMMAND: POST /session/4b6079780f801ee5ca8e04de9c1ae743/element - {"using":"xpath","value":"//table[contains(@id, \"customPersonsAddressesTable-listUl\")]/tbody/tr[1]/td[3]/span"}
RESULT: {"using":"xpath","value":"//table[contains(@id, \"customPersonsAddressesTable-listUl\")]/tbody/tr[1]/td[3]/span"}
COMMAND: POST /session/4b6079780f801ee5ca8e04de9c1ae743/elements - {"using":"xpath","value":"//table[contains(@id, \"customPersonsAddressesTable-listUl\")]/tbody/tr[1]/td[5]/span/span"}
RESULT: {"using":"xpath","value":"//table[contains(@id, \"customPersonsAddressesTable-listUl\")]/tbody/tr[1]/td[5]/span/span"}
COMMAND: POST /session/4b6079780f801ee5ca8e04de9c1ae743/execute/sync - {"script":"<script> [56 bytes]","args":[{"element-6066-11e4-a52e-4f735466cecf":"f.2A8A48C59FC3800155EB8E2C1BCE5643.d.AA16605DDECD376AE25F694D850B9DA3.e.2412","ELEMENT":"f.2A8A48C59FC3800155EB8E2C1BCE5643.d.AA16605DDECD376AE25F694D850B9DA3.e.2412"}]}
RESULT: {"script":"<script> [56 bytes]","args":[{"element-6066-11e4-a52e-4f735466cecf":"f.2A8A48C59FC3800155EB8E2C1BCE5643.d.AA16605DDECD376AE25F694D850B9DA3.e.2412","ELEMENT":"f.2A8A48C59FC3800155EB8E2C1BCE5643.d.AA16605DDECD376AE25F694D850B9DA3.e.2412"}]}
COMMAND: POST /session/4b6079780f801ee5ca8e04de9c1ae743/element - {"using":"xpath","value":"//span[@id=\"application-addressmanagement-display-component---masterAdm--smartTable-header-inner\"]"}
COMMAND: GET /session/4b6079780f801ee5ca8e04de9c1ae743/screenshot - {}
RESULT: {"using":"xpath","value":"//span[@id=\"application-addressmanagement-display-component---masterAdm--smartTable-header-inner\"]"}
COMMAND: POST /session/4b6079780f801ee5ca8e04de9c1ae743/elements - {"using":"xpath","value":"//span[@id=\"application-addressmanagement-display-component---masterAdm--smartTable-header-inner\"]"}
RESULT: {}
RESULT: {"using":"xpath","value":"//span[@id=\"application-addressmanagement-display-component---masterAdm--smartTable-header-inner\"]"}
COMMAND: POST /session/4b6079780f801ee5ca8e04de9c1ae743/execute/sync - {"script":"<script> [56 bytes]","args":[{"element-6066-11e4-a52e-4f735466cecf":"f.2A8A48C59FC3800155EB8E2C1BCE5643.d.AA16605DDECD376AE25F694D850B9DA3.e.2414","ELEMENT":"f.2A8A48C59FC3800155EB8E2C1BCE5643.d.AA16605DDECD376AE25F694D850B9DA3.e.2414"}]}
RESULT: {"script":"<script> [56 bytes]","args":[{"element-6066-11e4-a52e-4f735466cecf":"f.2A8A48C59FC3800155EB8E2C1BCE5643.d.AA16605DDECD376AE25F694D850B9DA3.e.2414","ELEMENT":"f.2A8A48C59FC3800155EB8E2C1BCE5643.d.AA16605DDECD376AE25F694D850B9DA3.e.2414"}]}
COMMAND: POST /session/4b6079780f801ee5ca8e04de9c1ae743/element - {"using":"css selector","value":"#shell-header-logo"}
COMMAND: GET /session/4b6079780f801ee5ca8e04de9c1ae743/screenshot - {}
RESULT: {"using":"css selector","value":"#shell-header-logo"}
COMMAND: POST /session/4b6079780f801ee5ca8e04de9c1ae743/element/f.2A8A48C59FC3800155EB8E2C1BCE5643.d.AA16605DDECD376AE25F694D850B9DA3.e.2213/click - {}
RESULT: {}
RESULT: {}
COMMAND: GET /session/4b6079780f801ee5ca8e04de9c1ae743/screenshot - {}
RESULT: {}
COMMAND: POST /session/4b6079780f801ee5ca8e04de9c1ae743/execute/async - {"script":"<script> [1562 bytes]","args":[{"selector":{"controlType":"sap.m.GenericTile","properties":{"header":"Manage Sites"}},"wdio_ui5_key":"sapm.GenericTile{\"header\":\"Manage Sites\"}"}]}
RESULT: {"script":"<script> [1562 bytes]","args":[{"selector":{"controlType":"sap.m.GenericTile","properties":{"header":"Manage Sites"}},"wdio_ui5_key":"sapm.GenericTile{\"header\":\"Manage Sites\"}"}]}
RESULT: undefined
COMMAND: POST /session/4b6079780f801ee5ca8e04de9c1ae743/element - {"using":"xpath","value":"//*[@id=\"__tile41\"]"}
RESULT: {"using":"xpath","value":"//*[@id=\"__tile41\"]"}
COMMAND: POST /session/4b6079780f801ee5ca8e04de9c1ae743/element/f.2A8A48C59FC3800155EB8E2C1BCE5643.d.AA16605DDECD376AE25F694D850B9DA3.e.164/click - {}
RESULT: {}
COMMAND: GET /session/4b6079780f801ee5ca8e04de9c1ae743/screenshot - {}
RESULT: {}
COMMAND: POST /session/4b6079780f801ee5ca8e04de9c1ae743/elements - {"using":"xpath","value":"//span[text()='Error']"}
RESULT: {"using":"xpath","value":"//span[text()='Error']"}
COMMAND: POST /session/4b6079780f801ee5ca8e04de9c1ae743/element - {"using":"xpath","value":"//button[@data-kt=\"addOverflowToolbarButton\"]"}
RESULT: {"using":"xpath","value":"//button[@data-kt=\"addOverflowToolbarButton\"]"}
COMMAND: POST /session/4b6079780f801ee5ca8e04de9c1ae743/elements - {"using":"xpath","value":"//button[@data-kt=\"addOverflowToolbarButton\"]"}
RESULT: {"using":"xpath","value":"//button[@data-kt=\"addOverflowToolbarButton\"]"}
COMMAND: POST /session/4b6079780f801ee5ca8e04de9c1ae743/execute/sync - {"script":"<script> [8489 bytes]","args":[{"element-6066-11e4-a52e-4f735466cecf":"f.2A8A48C59FC3800155EB8E2C1BCE5643.d.AA16605DDECD376AE25F694D850B9DA3.e.2461","ELEMENT":"f.2A8A48C59FC3800155EB8E2C1BCE5643.d.AA16605DDECD376AE25F694D850B9DA3.e.2461"}]}
RESULT: {"script":"<script> [8489 bytes]","args":[{"element-6066-11e4-a52e-4f735466cecf":"f.2A8A48C59FC3800155EB8E2C1BCE5643.d.AA16605DDECD376AE25F694D850B9DA3.e.2461","ELEMENT":"f.2A8A48C59FC3800155EB8E2C1BCE5643.d.AA16605DDECD376AE25F694D850B9DA3.e.2461"}]}
COMMAND: GET /session/4b6079780f801ee5ca8e04de9c1ae743/element/f.2A8A48C59FC3800155EB8E2C1BCE5643.d.AA16605DDECD376AE25F694D850B9DA3.e.2461/enabled - {}
COMMAND: GET /session/4b6079780f801ee5ca8e04de9c1ae743/screenshot - {}
RESULT: {}
COMMAND: POST /session/4b6079780f801ee5ca8e04de9c1ae743/execute/sync - {"script":"<script> [8489 bytes]","args":[{"element-6066-11e4-a52e-4f735466cecf":"f.2A8A48C59FC3800155EB8E2C1BCE5643.d.AA16605DDECD376AE25F694D850B9DA3.e.2461","ELEMENT":"f.2A8A48C59FC3800155EB8E2C1BCE5643.d.AA16605DDECD376AE25F694D850B9DA3.e.2461"}]}
COMMAND: GET /session/4b6079780f801ee5ca8e04de9c1ae743/screenshot - {}
RESULT: {}
RESULT: {"script":"<script> [8489 bytes]","args":[{"element-6066-11e4-a52e-4f735466cecf":"f.2A8A48C59FC3800155EB8E2C1BCE5643.d.AA16605DDECD376AE25F694D850B9DA3.e.2461","ELEMENT":"f.2A8A48C59FC3800155EB8E2C1BCE5643.d.AA16605DDECD376AE25F694D850B9DA3.e.2461"}]}
COMMAND: POST /session/4b6079780f801ee5ca8e04de9c1ae743/execute/sync - {"script":"<script> [5351 bytes]","args":[{"element-6066-11e4-a52e-4f735466cecf":"f.2A8A48C59FC3800155EB8E2C1BCE5643.d.AA16605DDECD376AE25F694D850B9DA3.e.2461","ELEMENT":"f.2A8A48C59FC3800155EB8E2C1BCE5643.d.AA16605DDECD376AE25F694D850B9DA3.e.2461"}]}
COMMAND: GET /session/4b6079780f801ee5ca8e04de9c1ae743/screenshot - {}
RESULT: {}
RESULT: {"script":"<script> [5351 bytes]","args":[{"element-6066-11e4-a52e-4f735466cecf":"f.2A8A48C59FC3800155EB8E2C1BCE5643.d.AA16605DDECD376AE25F694D850B9DA3.e.2461","ELEMENT":"f.2A8A48C59FC3800155EB8E2C1BCE5643.d.AA16605DDECD376AE25F694D850B9DA3.e.2461"}]}
COMMAND: GET /session/4b6079780f801ee5ca8e04de9c1ae743/screenshot - {}
RESULT: {}
RESULT: {}
COMMAND: POST /session/4b6079780f801ee5ca8e04de9c1ae743/element/f.2A8A48C59FC3800155EB8E2C1BCE5643.d.AA16605DDECD376AE25F694D850B9DA3.e.2461/click - {}
RESULT: {}
COMMAND: GET /session/4b6079780f801ee5ca8e04de9c1ae743/screenshot - {}
COMMAND: POST /session/4b6079780f801ee5ca8e04de9c1ae743/execute/async - {"script":"<script> [1562 bytes]","args":[{"selector":{"controlType":"sap.m.Button","viewName":"etm.portal.ui.managesites.view.NewSmartSite","viewId":"application-managesites-display-component---NewSite","properties":{"text":"Contacts (Users)"},"interaction":{"idSuffix":"BDI-content"}},"wdio_ui5_key":"etmportal.ui.managesites.view.NewSmartSitesap.m.Button{\"text\":\"Contacts (Users)\"}"}]}
RESULT: {}
RESULT: {"script":"<script> [1562 bytes]","args":[{"selector":{"controlType":"sap.m.Button","viewName":"etm.portal.ui.managesites.view.NewSmartSite","viewId":"application-managesites-display-component---NewSite","properties":{"text":"Contacts (Users)"},"interaction":{"idSuffix":"BDI-content"}},"wdio_ui5_key":"etmportal.ui.managesites.view.NewSmartSitesap.m.Button{\"text\":\"Contacts (Users)\"}"}]}
RESULT: undefined
COMMAND: POST /session/4b6079780f801ee5ca8e04de9c1ae743/element - {"using":"xpath","value":"//*[@id=\"application-managesites-display-component---NewSite--ObjectPageLayout-anchBar-__section50-anchor\"]"}
RESULT: {"using":"xpath","value":"//*[@id=\"application-managesites-display-component---NewSite--ObjectPageLayout-anchBar-__section50-anchor\"]"}
COMMAND: POST /session/4b6079780f801ee5ca8e04de9c1ae743/element/f.2A8A48C59FC3800155EB8E2C1BCE5643.d.AA16605DDECD376AE25F694D850B9DA3.e.2845/click - {}
RESULT: {}
COMMAND: GET /session/4b6079780f801ee5ca8e04de9c1ae743/screenshot - {}
RESULT: {}
COMMAND: POST /session/4b6079780f801ee5ca8e04de9c1ae743/element - {"using":"xpath","value":"//button[@data-kt=\"onAddUserOverflowToolbarButton\"]"}
RESULT: {"using":"xpath","value":"//button[@data-kt=\"onAddUserOverflowToolbarButton\"]"}
COMMAND: POST /session/4b6079780f801ee5ca8e04de9c1ae743/element/f.2A8A48C59FC3800155EB8E2C1BCE5643.d.AA16605DDECD376AE25F694D850B9DA3.e.2851/click - {}
RESULT: {}
COMMAND: GET /session/4b6079780f801ee5ca8e04de9c1ae743/screenshot - {}
RESULT: {}
COMMAND: POST /session/4b6079780f801ee5ca8e04de9c1ae743/execute/async - {"script":"<script> [1562 bytes]","args":[{"selector":{"controlType":"sap.m.SearchField","viewName":"etm.portal.ui.managesites.view.NewSmartSite","viewId":"application-managesites-display-component---NewSite","searchOpenDialogs":true,"interaction":{"idSuffix":"I"}},"wdio_ui5_key":"etmportal.ui.managesites.view.NewSmartSitesap.m.SearchField"}]}
RESULT: {"script":"<script> [1562 bytes]","args":[{"selector":{"controlType":"sap.m.SearchField","viewName":"etm.portal.ui.managesites.view.NewSmartSite","viewId":"application-managesites-display-component---NewSite","searchOpenDialogs":true,"interaction":{"idSuffix":"I"}},"wdio_ui5_key":"etmportal.ui.managesites.view.NewSmartSitesap.m.SearchField"}]}
RESULT: undefined
COMMAND: POST /session/4b6079780f801ee5ca8e04de9c1ae743/execute/async - {"script":"<script> [776 bytes]","args":[{"enterText":"Test1ETM","selector":{"controlType":"sap.m.SearchField","viewName":"etm.portal.ui.managesites.view.NewSmartSite","viewId":"application-managesites-display-component---NewSite","searchOpenDialogs":true,"interaction":{"idSuffix":"I"}},"clearTextFirst":true,"interactionType":"ENTER_TEXT"}]}
RESULT: {"script":"<script> [776 bytes]","args":[{"enterText":"Test1ETM","selector":{"controlType":"sap.m.SearchField","viewName":"etm.portal.ui.managesites.view.NewSmartSite","viewId":"application-managesites-display-component---NewSite","searchOpenDialogs":true,"interaction":{"idSuffix":"I"}},"clearTextFirst":true,"interactionType":"ENTER_TEXT"}]}
COMMAND: POST /session/4b6079780f801ee5ca8e04de9c1ae743/actions - {"actions":[{"id":"action12","type":"key","parameters":{},"actions":[{"type":"keyDown","value":""},{"type":"pause","duration":10},{"type":"keyUp","value":""}]}]}
RESULT: {"actions":[{"id":"action12","type":"key","parameters":{},"actions":[{"type":"keyDown","value":""},{"type":"pause","duration":10},{"type":"keyUp","value":""}]}]}
COMMAND: GET /session/4b6079780f801ee5ca8e04de9c1ae743/screenshot - {}
RESULT: {}
COMMAND: POST /session/4b6079780f801ee5ca8e04de9c1ae743/element - {"using":"xpath","value":"//li[.//*[contains(text(), \"Test1ETM\")] or contains(text(), \"Test1ETM\")]"}
RESULT: {"using":"xpath","value":"//li[.//*[contains(text(), \"Test1ETM\")] or contains(text(), \"Test1ETM\")]"}
COMMAND: POST /session/4b6079780f801ee5ca8e04de9c1ae743/elements - {"using":"xpath","value":"//li[.//*[contains(text(), \"Test1ETM\")] or contains(text(), \"Test1ETM\")]"}
RESULT: {"using":"xpath","value":"//li[.//*[contains(text(), \"Test1ETM\")] or contains(text(), \"Test1ETM\")]"}
COMMAND: POST /session/4b6079780f801ee5ca8e04de9c1ae743/element - {"using":"xpath","value":"//button[.//bdi[contains(text(), \"Cancel\")]][1]"}
RESULT: {"using":"xpath","value":"//button[.//bdi[contains(text(), \"Cancel\")]][1]"}
COMMAND: POST /session/4b6079780f801ee5ca8e04de9c1ae743/element/f.2A8A48C59FC3800155EB8E2C1BCE5643.d.AA16605DDECD376AE25F694D850B9DA3.e.2857/click - {}
RESULT: {}
COMMAND: GET /session/4b6079780f801ee5ca8e04de9c1ae743/screenshot - {}
RESULT: {}
COMMAND: POST /session/4b6079780f801ee5ca8e04de9c1ae743/element - {"using":"css selector","value":"#shell-header-logo"}
RESULT: {"using":"css selector","value":"#shell-header-logo"}
COMMAND: POST /session/4b6079780f801ee5ca8e04de9c1ae743/element/f.2A8A48C59FC3800155EB8E2C1BCE5643.d.AA16605DDECD376AE25F694D850B9DA3.e.2418/click - {}
RESULT: {}
COMMAND: GET /session/4b6079780f801ee5ca8e04de9c1ae743/screenshot - {}
RESULT: {}
]]></system-out>
    </testcase>
    <testcase classname="chrome.137_0_7151_69.windows.Address_Management_Tests_US156181_US151165_US151160_US156180_US156178_US151157_US151172_US151170_US151166_US151168" name="Step 7 Should try to save empty address US151170 BUGGED FOR NOW" time="113.76">
      <failure/>
      <error message="Expect $(`//span[contains(@class, &quot;sapMMsgBoxText&quot;)]`) to be existing&#xA;&#xA;Expected: &quot;existing&quot;&#xA;Received: &quot;not existing&quot;"/>
      <system-out><![CDATA[
RESULT: undefined
COMMAND: POST /session/4b6079780f801ee5ca8e04de9c1ae743/element - {"using":"xpath","value":"//*[@id=\"__tile34\"]"}
RESULT: {"using":"xpath","value":"//*[@id=\"__tile34\"]"}
COMMAND: POST /session/4b6079780f801ee5ca8e04de9c1ae743/element/f.2A8A48C59FC3800155EB8E2C1BCE5643.d.AA16605DDECD376AE25F694D850B9DA3.e.225/click - {}
RESULT: {}
COMMAND: GET /session/4b6079780f801ee5ca8e04de9c1ae743/screenshot - {}
RESULT: {}
COMMAND: POST /session/4b6079780f801ee5ca8e04de9c1ae743/elements - {"using":"xpath","value":"//span[text()='Error']"}
RESULT: {"using":"xpath","value":"//span[text()='Error']"}
COMMAND: POST /session/4b6079780f801ee5ca8e04de9c1ae743/element - {"using":"xpath","value":"//button[@data-kt=\"addButton\"]"}
RESULT: {"using":"xpath","value":"//button[@data-kt=\"addButton\"]"}
COMMAND: POST /session/4b6079780f801ee5ca8e04de9c1ae743/elements - {"using":"xpath","value":"//button[@data-kt=\"addButton\"]"}
RESULT: {"using":"xpath","value":"//button[@data-kt=\"addButton\"]"}
COMMAND: POST /session/4b6079780f801ee5ca8e04de9c1ae743/execute/sync - {"script":"<script> [8489 bytes]","args":[{"element-6066-11e4-a52e-4f735466cecf":"f.2A8A48C59FC3800155EB8E2C1BCE5643.d.AA16605DDECD376AE25F694D850B9DA3.e.3024","ELEMENT":"f.2A8A48C59FC3800155EB8E2C1BCE5643.d.AA16605DDECD376AE25F694D850B9DA3.e.3024"}]}
RESULT: {"script":"<script> [8489 bytes]","args":[{"element-6066-11e4-a52e-4f735466cecf":"f.2A8A48C59FC3800155EB8E2C1BCE5643.d.AA16605DDECD376AE25F694D850B9DA3.e.3024","ELEMENT":"f.2A8A48C59FC3800155EB8E2C1BCE5643.d.AA16605DDECD376AE25F694D850B9DA3.e.3024"}]}
COMMAND: GET /session/4b6079780f801ee5ca8e04de9c1ae743/element/f.2A8A48C59FC3800155EB8E2C1BCE5643.d.AA16605DDECD376AE25F694D850B9DA3.e.3024/enabled - {}
COMMAND: GET /session/4b6079780f801ee5ca8e04de9c1ae743/screenshot - {}
RESULT: {}
COMMAND: POST /session/4b6079780f801ee5ca8e04de9c1ae743/execute/sync - {"script":"<script> [8489 bytes]","args":[{"element-6066-11e4-a52e-4f735466cecf":"f.2A8A48C59FC3800155EB8E2C1BCE5643.d.AA16605DDECD376AE25F694D850B9DA3.e.3024","ELEMENT":"f.2A8A48C59FC3800155EB8E2C1BCE5643.d.AA16605DDECD376AE25F694D850B9DA3.e.3024"}]}
COMMAND: GET /session/4b6079780f801ee5ca8e04de9c1ae743/screenshot - {}
RESULT: {}
RESULT: {"script":"<script> [8489 bytes]","args":[{"element-6066-11e4-a52e-4f735466cecf":"f.2A8A48C59FC3800155EB8E2C1BCE5643.d.AA16605DDECD376AE25F694D850B9DA3.e.3024","ELEMENT":"f.2A8A48C59FC3800155EB8E2C1BCE5643.d.AA16605DDECD376AE25F694D850B9DA3.e.3024"}]}
COMMAND: POST /session/4b6079780f801ee5ca8e04de9c1ae743/execute/sync - {"script":"<script> [5351 bytes]","args":[{"element-6066-11e4-a52e-4f735466cecf":"f.2A8A48C59FC3800155EB8E2C1BCE5643.d.AA16605DDECD376AE25F694D850B9DA3.e.3024","ELEMENT":"f.2A8A48C59FC3800155EB8E2C1BCE5643.d.AA16605DDECD376AE25F694D850B9DA3.e.3024"}]}
COMMAND: GET /session/4b6079780f801ee5ca8e04de9c1ae743/screenshot - {}
RESULT: {}
RESULT: {"script":"<script> [5351 bytes]","args":[{"element-6066-11e4-a52e-4f735466cecf":"f.2A8A48C59FC3800155EB8E2C1BCE5643.d.AA16605DDECD376AE25F694D850B9DA3.e.3024","ELEMENT":"f.2A8A48C59FC3800155EB8E2C1BCE5643.d.AA16605DDECD376AE25F694D850B9DA3.e.3024"}]}
COMMAND: GET /session/4b6079780f801ee5ca8e04de9c1ae743/screenshot - {}
RESULT: {}
RESULT: {}
RESULT: undefined
COMMAND: POST /session/4b6079780f801ee5ca8e04de9c1ae743/execute/async - {"script":"<script> [776 bytes]","args":[{"enterText":"hsF1ArUUJH","selector":{"id":"application-addressmanagement-display-component---masterAdm--smartFilterBar-btnBasicSearch","interaction":{"idSuffix":"I"}},"clearTextFirst":true,"interactionType":"ENTER_TEXT"}]}
RESULT: {"script":"<script> [776 bytes]","args":[{"enterText":"hsF1ArUUJH","selector":{"id":"application-addressmanagement-display-component---masterAdm--smartFilterBar-btnBasicSearch","interaction":{"idSuffix":"I"}},"clearTextFirst":true,"interactionType":"ENTER_TEXT"}]}
COMMAND: POST /session/4b6079780f801ee5ca8e04de9c1ae743/actions - {"actions":[{"id":"action13","type":"key","parameters":{},"actions":[{"type":"keyDown","value":""},{"type":"pause","duration":10},{"type":"keyUp","value":""}]}]}
RESULT: {"actions":[{"id":"action13","type":"key","parameters":{},"actions":[{"type":"keyDown","value":""},{"type":"pause","duration":10},{"type":"keyUp","value":""}]}]}
COMMAND: GET /session/4b6079780f801ee5ca8e04de9c1ae743/screenshot - {}
RESULT: {}
COMMAND: POST /session/4b6079780f801ee5ca8e04de9c1ae743/elements - {"using":"xpath","value":"//table[contains(@id, \"customPersonsAddressesTable-listUl\")]/tbody/tr"}
RESULT: {"using":"xpath","value":"//table[contains(@id, \"customPersonsAddressesTable-listUl\")]/tbody/tr"}
COMMAND: POST /session/4b6079780f801ee5ca8e04de9c1ae743/element - {"using":"xpath","value":"//table[contains(@id, \"customPersonsAddressesTable-listUl\")]/tbody/tr[1]/td[5]/span/span"}
RESULT: {"using":"xpath","value":"//table[contains(@id, \"customPersonsAddressesTable-listUl\")]/tbody/tr[1]/td[5]/span/span"}
COMMAND: POST /session/4b6079780f801ee5ca8e04de9c1ae743/element - {"using":"xpath","value":"//table[contains(@id, \"customPersonsAddressesTable-listUl\")]/tbody/tr[1]/td[3]/span"}
RESULT: {"using":"xpath","value":"//table[contains(@id, \"customPersonsAddressesTable-listUl\")]/tbody/tr[1]/td[3]/span"}
COMMAND: POST /session/4b6079780f801ee5ca8e04de9c1ae743/elements - {"using":"xpath","value":"//table[contains(@id, \"customPersonsAddressesTable-listUl\")]/tbody/tr[1]/td[5]/span/span"}
RESULT: {"using":"xpath","value":"//table[contains(@id, \"customPersonsAddressesTable-listUl\")]/tbody/tr[1]/td[5]/span/span"}
COMMAND: POST /session/4b6079780f801ee5ca8e04de9c1ae743/execute/sync - {"script":"<script> [56 bytes]","args":[{"element-6066-11e4-a52e-4f735466cecf":"f.2A8A48C59FC3800155EB8E2C1BCE5643.d.AA16605DDECD376AE25F694D850B9DA3.e.3057","ELEMENT":"f.2A8A48C59FC3800155EB8E2C1BCE5643.d.AA16605DDECD376AE25F694D850B9DA3.e.3057"}]}
RESULT: {"script":"<script> [56 bytes]","args":[{"element-6066-11e4-a52e-4f735466cecf":"f.2A8A48C59FC3800155EB8E2C1BCE5643.d.AA16605DDECD376AE25F694D850B9DA3.e.3057","ELEMENT":"f.2A8A48C59FC3800155EB8E2C1BCE5643.d.AA16605DDECD376AE25F694D850B9DA3.e.3057"}]}
COMMAND: POST /session/4b6079780f801ee5ca8e04de9c1ae743/element - {"using":"xpath","value":"(//span[contains(@id, \"imgNav\")])[1]"}
COMMAND: GET /session/4b6079780f801ee5ca8e04de9c1ae743/screenshot - {}
RESULT: {"using":"xpath","value":"(//span[contains(@id, \"imgNav\")])[1]"}
COMMAND: POST /session/4b6079780f801ee5ca8e04de9c1ae743/element/f.2A8A48C59FC3800155EB8E2C1BCE5643.d.AA16605DDECD376AE25F694D850B9DA3.e.3053/click - {}
RESULT: {}
RESULT: {}
COMMAND: GET /session/4b6079780f801ee5ca8e04de9c1ae743/screenshot - {}
RESULT: {}
COMMAND: POST /session/4b6079780f801ee5ca8e04de9c1ae743/element - {"using":"xpath","value":"//bdi[contains(text(), \"Edit\")]"}
RESULT: {"using":"xpath","value":"//bdi[contains(text(), \"Edit\")]"}
COMMAND: POST /session/4b6079780f801ee5ca8e04de9c1ae743/element/f.2A8A48C59FC3800155EB8E2C1BCE5643.d.AA16605DDECD376AE25F694D850B9DA3.e.3193/click - {}
RESULT: {}
COMMAND: GET /session/4b6079780f801ee5ca8e04de9c1ae743/screenshot - {}
RESULT: {}
COMMAND: POST /session/4b6079780f801ee5ca8e04de9c1ae743/execute/async - {"script":"<script> [1562 bytes]","args":[{"selector":{"controlType":"sap.m.Input","viewName":"etm.portal.ui.addressmanagement.view.EditDetail","labelFor":{"text":"Name"},"interaction":{"idSuffix":"inner"}},"wdio_ui5_key":"etmportal.ui.addressmanagement.view.EditDetailsap.m.Input{\"text\":\"Name\"}"}]}
RESULT: {"script":"<script> [1562 bytes]","args":[{"selector":{"controlType":"sap.m.Input","viewName":"etm.portal.ui.addressmanagement.view.EditDetail","labelFor":{"text":"Name"},"interaction":{"idSuffix":"inner"}},"wdio_ui5_key":"etmportal.ui.addressmanagement.view.EditDetailsap.m.Input{\"text\":\"Name\"}"}]}
RESULT: undefined
COMMAND: POST /session/4b6079780f801ee5ca8e04de9c1ae743/element - {"using":"css selector","value":"#shell-header-logo"}
RESULT: {"using":"css selector","value":"#shell-header-logo"}
COMMAND: POST /session/4b6079780f801ee5ca8e04de9c1ae743/element/f.2A8A48C59FC3800155EB8E2C1BCE5643.d.AA16605DDECD376AE25F694D850B9DA3.e.2862/click - {}
RESULT: {}
COMMAND: GET /session/4b6079780f801ee5ca8e04de9c1ae743/screenshot - {}
RESULT: {}
COMMAND: POST /session/4b6079780f801ee5ca8e04de9c1ae743/element - {"using":"xpath","value":"//span[contains(@class, \"sapMMsgBoxText\")]"}
RESULT: {"using":"xpath","value":"//span[contains(@class, \"sapMMsgBoxText\")]"}
COMMAND: POST /session/4b6079780f801ee5ca8e04de9c1ae743/elements - {"using":"xpath","value":"//span[contains(@class, \"sapMMsgBoxText\")]"}
RESULT: {"using":"xpath","value":"//span[contains(@class, \"sapMMsgBoxText\")]"}
COMMAND: POST /session/4b6079780f801ee5ca8e04de9c1ae743/elements - {"using":"xpath","value":"//span[contains(@class, \"sapMMsgBoxText\")]"}
RESULT: {"using":"xpath","value":"//span[contains(@class, \"sapMMsgBoxText\")]"}
COMMAND: POST /session/4b6079780f801ee5ca8e04de9c1ae743/elements - {"using":"xpath","value":"//span[contains(@class, \"sapMMsgBoxText\")]"}
RESULT: {"using":"xpath","value":"//span[contains(@class, \"sapMMsgBoxText\")]"}
COMMAND: POST /session/4b6079780f801ee5ca8e04de9c1ae743/elements - {"using":"xpath","value":"//span[contains(@class, \"sapMMsgBoxText\")]"}
RESULT: {"using":"xpath","value":"//span[contains(@class, \"sapMMsgBoxText\")]"}
COMMAND: POST /session/4b6079780f801ee5ca8e04de9c1ae743/elements - {"using":"xpath","value":"//span[contains(@class, \"sapMMsgBoxText\")]"}
RESULT: {"using":"xpath","value":"//span[contains(@class, \"sapMMsgBoxText\")]"}
COMMAND: POST /session/4b6079780f801ee5ca8e04de9c1ae743/elements - {"using":"xpath","value":"//span[contains(@class, \"sapMMsgBoxText\")]"}
RESULT: {"using":"xpath","value":"//span[contains(@class, \"sapMMsgBoxText\")]"}
COMMAND: POST /session/4b6079780f801ee5ca8e04de9c1ae743/elements - {"using":"xpath","value":"//span[contains(@class, \"sapMMsgBoxText\")]"}
RESULT: {"using":"xpath","value":"//span[contains(@class, \"sapMMsgBoxText\")]"}
COMMAND: POST /session/4b6079780f801ee5ca8e04de9c1ae743/elements - {"using":"xpath","value":"//span[contains(@class, \"sapMMsgBoxText\")]"}
RESULT: {"using":"xpath","value":"//span[contains(@class, \"sapMMsgBoxText\")]"}
COMMAND: POST /session/4b6079780f801ee5ca8e04de9c1ae743/elements - {"using":"xpath","value":"//span[contains(@class, \"sapMMsgBoxText\")]"}
RESULT: {"using":"xpath","value":"//span[contains(@class, \"sapMMsgBoxText\")]"}
COMMAND: POST /session/4b6079780f801ee5ca8e04de9c1ae743/elements - {"using":"xpath","value":"//span[contains(@class, \"sapMMsgBoxText\")]"}
RESULT: {"using":"xpath","value":"//span[contains(@class, \"sapMMsgBoxText\")]"}
COMMAND: POST /session/4b6079780f801ee5ca8e04de9c1ae743/elements - {"using":"xpath","value":"//span[contains(@class, \"sapMMsgBoxText\")]"}
RESULT: {"using":"xpath","value":"//span[contains(@class, \"sapMMsgBoxText\")]"}
COMMAND: POST /session/4b6079780f801ee5ca8e04de9c1ae743/elements - {"using":"xpath","value":"//span[contains(@class, \"sapMMsgBoxText\")]"}
RESULT: {"using":"xpath","value":"//span[contains(@class, \"sapMMsgBoxText\")]"}
COMMAND: POST /session/4b6079780f801ee5ca8e04de9c1ae743/elements - {"using":"xpath","value":"//span[contains(@class, \"sapMMsgBoxText\")]"}
RESULT: {"using":"xpath","value":"//span[contains(@class, \"sapMMsgBoxText\")]"}
COMMAND: POST /session/4b6079780f801ee5ca8e04de9c1ae743/elements - {"using":"xpath","value":"//span[contains(@class, \"sapMMsgBoxText\")]"}
RESULT: {"using":"xpath","value":"//span[contains(@class, \"sapMMsgBoxText\")]"}
COMMAND: POST /session/4b6079780f801ee5ca8e04de9c1ae743/elements - {"using":"xpath","value":"//span[contains(@class, \"sapMMsgBoxText\")]"}
RESULT: {"using":"xpath","value":"//span[contains(@class, \"sapMMsgBoxText\")]"}
COMMAND: POST /session/4b6079780f801ee5ca8e04de9c1ae743/elements - {"using":"xpath","value":"//span[contains(@class, \"sapMMsgBoxText\")]"}
RESULT: {"using":"xpath","value":"//span[contains(@class, \"sapMMsgBoxText\")]"}
COMMAND: POST /session/4b6079780f801ee5ca8e04de9c1ae743/elements - {"using":"xpath","value":"//span[contains(@class, \"sapMMsgBoxText\")]"}
RESULT: {"using":"xpath","value":"//span[contains(@class, \"sapMMsgBoxText\")]"}
COMMAND: POST /session/4b6079780f801ee5ca8e04de9c1ae743/elements - {"using":"xpath","value":"//span[contains(@class, \"sapMMsgBoxText\")]"}
RESULT: {"using":"xpath","value":"//span[contains(@class, \"sapMMsgBoxText\")]"}
COMMAND: POST /session/4b6079780f801ee5ca8e04de9c1ae743/elements - {"using":"xpath","value":"//span[contains(@class, \"sapMMsgBoxText\")]"}
RESULT: {"using":"xpath","value":"//span[contains(@class, \"sapMMsgBoxText\")]"}
COMMAND: POST /session/4b6079780f801ee5ca8e04de9c1ae743/elements - {"using":"xpath","value":"//span[contains(@class, \"sapMMsgBoxText\")]"}
RESULT: {"using":"xpath","value":"//span[contains(@class, \"sapMMsgBoxText\")]"}
COMMAND: POST /session/4b6079780f801ee5ca8e04de9c1ae743/elements - {"using":"xpath","value":"//span[contains(@class, \"sapMMsgBoxText\")]"}
RESULT: {"using":"xpath","value":"//span[contains(@class, \"sapMMsgBoxText\")]"}
COMMAND: POST /session/4b6079780f801ee5ca8e04de9c1ae743/elements - {"using":"xpath","value":"//span[contains(@class, \"sapMMsgBoxText\")]"}
RESULT: {"using":"xpath","value":"//span[contains(@class, \"sapMMsgBoxText\")]"}
COMMAND: POST /session/4b6079780f801ee5ca8e04de9c1ae743/elements - {"using":"xpath","value":"//span[contains(@class, \"sapMMsgBoxText\")]"}
RESULT: {"using":"xpath","value":"//span[contains(@class, \"sapMMsgBoxText\")]"}
COMMAND: POST /session/4b6079780f801ee5ca8e04de9c1ae743/elements - {"using":"xpath","value":"//span[contains(@class, \"sapMMsgBoxText\")]"}
RESULT: {"using":"xpath","value":"//span[contains(@class, \"sapMMsgBoxText\")]"}
COMMAND: POST /session/4b6079780f801ee5ca8e04de9c1ae743/elements - {"using":"xpath","value":"//span[contains(@class, \"sapMMsgBoxText\")]"}
RESULT: {"using":"xpath","value":"//span[contains(@class, \"sapMMsgBoxText\")]"}
COMMAND: POST /session/4b6079780f801ee5ca8e04de9c1ae743/elements - {"using":"xpath","value":"//span[contains(@class, \"sapMMsgBoxText\")]"}
RESULT: {"using":"xpath","value":"//span[contains(@class, \"sapMMsgBoxText\")]"}
COMMAND: POST /session/4b6079780f801ee5ca8e04de9c1ae743/elements - {"using":"xpath","value":"//span[contains(@class, \"sapMMsgBoxText\")]"}
RESULT: {"using":"xpath","value":"//span[contains(@class, \"sapMMsgBoxText\")]"}
COMMAND: POST /session/4b6079780f801ee5ca8e04de9c1ae743/elements - {"using":"xpath","value":"//span[contains(@class, \"sapMMsgBoxText\")]"}
RESULT: {"using":"xpath","value":"//span[contains(@class, \"sapMMsgBoxText\")]"}
COMMAND: POST /session/4b6079780f801ee5ca8e04de9c1ae743/elements - {"using":"xpath","value":"//span[contains(@class, \"sapMMsgBoxText\")]"}
RESULT: {"using":"xpath","value":"//span[contains(@class, \"sapMMsgBoxText\")]"}
COMMAND: POST /session/4b6079780f801ee5ca8e04de9c1ae743/elements - {"using":"xpath","value":"//span[contains(@class, \"sapMMsgBoxText\")]"}
RESULT: {"using":"xpath","value":"//span[contains(@class, \"sapMMsgBoxText\")]"}
COMMAND: POST /session/4b6079780f801ee5ca8e04de9c1ae743/elements - {"using":"xpath","value":"//span[contains(@class, \"sapMMsgBoxText\")]"}
RESULT: {"using":"xpath","value":"//span[contains(@class, \"sapMMsgBoxText\")]"}
COMMAND: POST /session/4b6079780f801ee5ca8e04de9c1ae743/elements - {"using":"xpath","value":"//span[contains(@class, \"sapMMsgBoxText\")]"}
RESULT: {"using":"xpath","value":"//span[contains(@class, \"sapMMsgBoxText\")]"}
COMMAND: POST /session/4b6079780f801ee5ca8e04de9c1ae743/elements - {"using":"xpath","value":"//span[contains(@class, \"sapMMsgBoxText\")]"}
RESULT: {"using":"xpath","value":"//span[contains(@class, \"sapMMsgBoxText\")]"}
COMMAND: POST /session/4b6079780f801ee5ca8e04de9c1ae743/elements - {"using":"xpath","value":"//span[contains(@class, \"sapMMsgBoxText\")]"}
RESULT: {"using":"xpath","value":"//span[contains(@class, \"sapMMsgBoxText\")]"}
COMMAND: POST /session/4b6079780f801ee5ca8e04de9c1ae743/elements - {"using":"xpath","value":"//span[contains(@class, \"sapMMsgBoxText\")]"}
RESULT: {"using":"xpath","value":"//span[contains(@class, \"sapMMsgBoxText\")]"}
COMMAND: POST /session/4b6079780f801ee5ca8e04de9c1ae743/elements - {"using":"xpath","value":"//span[contains(@class, \"sapMMsgBoxText\")]"}
RESULT: {"using":"xpath","value":"//span[contains(@class, \"sapMMsgBoxText\")]"}
COMMAND: POST /session/4b6079780f801ee5ca8e04de9c1ae743/elements - {"using":"xpath","value":"//span[contains(@class, \"sapMMsgBoxText\")]"}
RESULT: {"using":"xpath","value":"//span[contains(@class, \"sapMMsgBoxText\")]"}
COMMAND: POST /session/4b6079780f801ee5ca8e04de9c1ae743/elements - {"using":"xpath","value":"//span[contains(@class, \"sapMMsgBoxText\")]"}
RESULT: {"using":"xpath","value":"//span[contains(@class, \"sapMMsgBoxText\")]"}
COMMAND: POST /session/4b6079780f801ee5ca8e04de9c1ae743/elements - {"using":"xpath","value":"//span[contains(@class, \"sapMMsgBoxText\")]"}
RESULT: {"using":"xpath","value":"//span[contains(@class, \"sapMMsgBoxText\")]"}
COMMAND: POST /session/4b6079780f801ee5ca8e04de9c1ae743/elements - {"using":"xpath","value":"//span[contains(@class, \"sapMMsgBoxText\")]"}
RESULT: {"using":"xpath","value":"//span[contains(@class, \"sapMMsgBoxText\")]"}
COMMAND: POST /session/4b6079780f801ee5ca8e04de9c1ae743/elements - {"using":"xpath","value":"//span[contains(@class, \"sapMMsgBoxText\")]"}
RESULT: {"using":"xpath","value":"//span[contains(@class, \"sapMMsgBoxText\")]"}
COMMAND: POST /session/4b6079780f801ee5ca8e04de9c1ae743/elements - {"using":"xpath","value":"//span[contains(@class, \"sapMMsgBoxText\")]"}
RESULT: {"using":"xpath","value":"//span[contains(@class, \"sapMMsgBoxText\")]"}
COMMAND: POST /session/4b6079780f801ee5ca8e04de9c1ae743/elements - {"using":"xpath","value":"//span[contains(@class, \"sapMMsgBoxText\")]"}
RESULT: {"using":"xpath","value":"//span[contains(@class, \"sapMMsgBoxText\")]"}
COMMAND: POST /session/4b6079780f801ee5ca8e04de9c1ae743/elements - {"using":"xpath","value":"//span[contains(@class, \"sapMMsgBoxText\")]"}
RESULT: {"using":"xpath","value":"//span[contains(@class, \"sapMMsgBoxText\")]"}
COMMAND: POST /session/4b6079780f801ee5ca8e04de9c1ae743/elements - {"using":"xpath","value":"//span[contains(@class, \"sapMMsgBoxText\")]"}
RESULT: {"using":"xpath","value":"//span[contains(@class, \"sapMMsgBoxText\")]"}
COMMAND: POST /session/4b6079780f801ee5ca8e04de9c1ae743/elements - {"using":"xpath","value":"//span[contains(@class, \"sapMMsgBoxText\")]"}
RESULT: {"using":"xpath","value":"//span[contains(@class, \"sapMMsgBoxText\")]"}
COMMAND: POST /session/4b6079780f801ee5ca8e04de9c1ae743/elements - {"using":"xpath","value":"//span[contains(@class, \"sapMMsgBoxText\")]"}
RESULT: {"using":"xpath","value":"//span[contains(@class, \"sapMMsgBoxText\")]"}
COMMAND: POST /session/4b6079780f801ee5ca8e04de9c1ae743/elements - {"using":"xpath","value":"//span[contains(@class, \"sapMMsgBoxText\")]"}
RESULT: {"using":"xpath","value":"//span[contains(@class, \"sapMMsgBoxText\")]"}
COMMAND: POST /session/4b6079780f801ee5ca8e04de9c1ae743/elements - {"using":"xpath","value":"//span[contains(@class, \"sapMMsgBoxText\")]"}
RESULT: {"using":"xpath","value":"//span[contains(@class, \"sapMMsgBoxText\")]"}
COMMAND: POST /session/4b6079780f801ee5ca8e04de9c1ae743/elements - {"using":"xpath","value":"//span[contains(@class, \"sapMMsgBoxText\")]"}
RESULT: {"using":"xpath","value":"//span[contains(@class, \"sapMMsgBoxText\")]"}
COMMAND: POST /session/4b6079780f801ee5ca8e04de9c1ae743/elements - {"using":"xpath","value":"//span[contains(@class, \"sapMMsgBoxText\")]"}
RESULT: {"using":"xpath","value":"//span[contains(@class, \"sapMMsgBoxText\")]"}
COMMAND: POST /session/4b6079780f801ee5ca8e04de9c1ae743/elements - {"using":"xpath","value":"//span[contains(@class, \"sapMMsgBoxText\")]"}
RESULT: {"using":"xpath","value":"//span[contains(@class, \"sapMMsgBoxText\")]"}
COMMAND: POST /session/4b6079780f801ee5ca8e04de9c1ae743/elements - {"using":"xpath","value":"//span[contains(@class, \"sapMMsgBoxText\")]"}
RESULT: {"using":"xpath","value":"//span[contains(@class, \"sapMMsgBoxText\")]"}
COMMAND: POST /session/4b6079780f801ee5ca8e04de9c1ae743/elements - {"using":"xpath","value":"//span[contains(@class, \"sapMMsgBoxText\")]"}
RESULT: {"using":"xpath","value":"//span[contains(@class, \"sapMMsgBoxText\")]"}
COMMAND: POST /session/4b6079780f801ee5ca8e04de9c1ae743/elements - {"using":"xpath","value":"//span[contains(@class, \"sapMMsgBoxText\")]"}
RESULT: {"using":"xpath","value":"//span[contains(@class, \"sapMMsgBoxText\")]"}
COMMAND: POST /session/4b6079780f801ee5ca8e04de9c1ae743/elements - {"using":"xpath","value":"//span[contains(@class, \"sapMMsgBoxText\")]"}
RESULT: {"using":"xpath","value":"//span[contains(@class, \"sapMMsgBoxText\")]"}
COMMAND: POST /session/4b6079780f801ee5ca8e04de9c1ae743/elements - {"using":"xpath","value":"//span[contains(@class, \"sapMMsgBoxText\")]"}
RESULT: {"using":"xpath","value":"//span[contains(@class, \"sapMMsgBoxText\")]"}
COMMAND: POST /session/4b6079780f801ee5ca8e04de9c1ae743/elements - {"using":"xpath","value":"//span[contains(@class, \"sapMMsgBoxText\")]"}
RESULT: {"using":"xpath","value":"//span[contains(@class, \"sapMMsgBoxText\")]"}
COMMAND: POST /session/4b6079780f801ee5ca8e04de9c1ae743/elements - {"using":"xpath","value":"//span[contains(@class, \"sapMMsgBoxText\")]"}
RESULT: {"using":"xpath","value":"//span[contains(@class, \"sapMMsgBoxText\")]"}
COMMAND: POST /session/4b6079780f801ee5ca8e04de9c1ae743/elements - {"using":"xpath","value":"//span[contains(@class, \"sapMMsgBoxText\")]"}
RESULT: {"using":"xpath","value":"//span[contains(@class, \"sapMMsgBoxText\")]"}
COMMAND: POST /session/4b6079780f801ee5ca8e04de9c1ae743/elements - {"using":"xpath","value":"//span[contains(@class, \"sapMMsgBoxText\")]"}
RESULT: {"using":"xpath","value":"//span[contains(@class, \"sapMMsgBoxText\")]"}
COMMAND: POST /session/4b6079780f801ee5ca8e04de9c1ae743/elements - {"using":"xpath","value":"//span[contains(@class, \"sapMMsgBoxText\")]"}
RESULT: {"using":"xpath","value":"//span[contains(@class, \"sapMMsgBoxText\")]"}
COMMAND: POST /session/4b6079780f801ee5ca8e04de9c1ae743/elements - {"using":"xpath","value":"//span[contains(@class, \"sapMMsgBoxText\")]"}
RESULT: {"using":"xpath","value":"//span[contains(@class, \"sapMMsgBoxText\")]"}
COMMAND: POST /session/4b6079780f801ee5ca8e04de9c1ae743/elements - {"using":"xpath","value":"//span[contains(@class, \"sapMMsgBoxText\")]"}
RESULT: {"using":"xpath","value":"//span[contains(@class, \"sapMMsgBoxText\")]"}
COMMAND: POST /session/4b6079780f801ee5ca8e04de9c1ae743/elements - {"using":"xpath","value":"//span[contains(@class, \"sapMMsgBoxText\")]"}
RESULT: {"using":"xpath","value":"//span[contains(@class, \"sapMMsgBoxText\")]"}
COMMAND: POST /session/4b6079780f801ee5ca8e04de9c1ae743/elements - {"using":"xpath","value":"//span[contains(@class, \"sapMMsgBoxText\")]"}
RESULT: {"using":"xpath","value":"//span[contains(@class, \"sapMMsgBoxText\")]"}
COMMAND: POST /session/4b6079780f801ee5ca8e04de9c1ae743/elements - {"using":"xpath","value":"//span[contains(@class, \"sapMMsgBoxText\")]"}
RESULT: {"using":"xpath","value":"//span[contains(@class, \"sapMMsgBoxText\")]"}
COMMAND: POST /session/4b6079780f801ee5ca8e04de9c1ae743/elements - {"using":"xpath","value":"//span[contains(@class, \"sapMMsgBoxText\")]"}
RESULT: {"using":"xpath","value":"//span[contains(@class, \"sapMMsgBoxText\")]"}
COMMAND: POST /session/4b6079780f801ee5ca8e04de9c1ae743/elements - {"using":"xpath","value":"//span[contains(@class, \"sapMMsgBoxText\")]"}
RESULT: {"using":"xpath","value":"//span[contains(@class, \"sapMMsgBoxText\")]"}
COMMAND: POST /session/4b6079780f801ee5ca8e04de9c1ae743/elements - {"using":"xpath","value":"//span[contains(@class, \"sapMMsgBoxText\")]"}
RESULT: {"using":"xpath","value":"//span[contains(@class, \"sapMMsgBoxText\")]"}
COMMAND: POST /session/4b6079780f801ee5ca8e04de9c1ae743/elements - {"using":"xpath","value":"//span[contains(@class, \"sapMMsgBoxText\")]"}
RESULT: {"using":"xpath","value":"//span[contains(@class, \"sapMMsgBoxText\")]"}
COMMAND: POST /session/4b6079780f801ee5ca8e04de9c1ae743/elements - {"using":"xpath","value":"//span[contains(@class, \"sapMMsgBoxText\")]"}
RESULT: {"using":"xpath","value":"//span[contains(@class, \"sapMMsgBoxText\")]"}
COMMAND: POST /session/4b6079780f801ee5ca8e04de9c1ae743/elements - {"using":"xpath","value":"//span[contains(@class, \"sapMMsgBoxText\")]"}
RESULT: {"using":"xpath","value":"//span[contains(@class, \"sapMMsgBoxText\")]"}
COMMAND: POST /session/4b6079780f801ee5ca8e04de9c1ae743/elements - {"using":"xpath","value":"//span[contains(@class, \"sapMMsgBoxText\")]"}
RESULT: {"using":"xpath","value":"//span[contains(@class, \"sapMMsgBoxText\")]"}
COMMAND: POST /session/4b6079780f801ee5ca8e04de9c1ae743/elements - {"using":"xpath","value":"//span[contains(@class, \"sapMMsgBoxText\")]"}
RESULT: {"using":"xpath","value":"//span[contains(@class, \"sapMMsgBoxText\")]"}
COMMAND: POST /session/4b6079780f801ee5ca8e04de9c1ae743/elements - {"using":"xpath","value":"//span[contains(@class, \"sapMMsgBoxText\")]"}
RESULT: {"using":"xpath","value":"//span[contains(@class, \"sapMMsgBoxText\")]"}
COMMAND: POST /session/4b6079780f801ee5ca8e04de9c1ae743/elements - {"using":"xpath","value":"//span[contains(@class, \"sapMMsgBoxText\")]"}
RESULT: {"using":"xpath","value":"//span[contains(@class, \"sapMMsgBoxText\")]"}
COMMAND: POST /session/4b6079780f801ee5ca8e04de9c1ae743/elements - {"using":"xpath","value":"//span[contains(@class, \"sapMMsgBoxText\")]"}
RESULT: {"using":"xpath","value":"//span[contains(@class, \"sapMMsgBoxText\")]"}
COMMAND: POST /session/4b6079780f801ee5ca8e04de9c1ae743/elements - {"using":"xpath","value":"//span[contains(@class, \"sapMMsgBoxText\")]"}
RESULT: {"using":"xpath","value":"//span[contains(@class, \"sapMMsgBoxText\")]"}
COMMAND: POST /session/4b6079780f801ee5ca8e04de9c1ae743/elements - {"using":"xpath","value":"//span[contains(@class, \"sapMMsgBoxText\")]"}
RESULT: {"using":"xpath","value":"//span[contains(@class, \"sapMMsgBoxText\")]"}
COMMAND: POST /session/4b6079780f801ee5ca8e04de9c1ae743/elements - {"using":"xpath","value":"//span[contains(@class, \"sapMMsgBoxText\")]"}
RESULT: {"using":"xpath","value":"//span[contains(@class, \"sapMMsgBoxText\")]"}
COMMAND: POST /session/4b6079780f801ee5ca8e04de9c1ae743/elements - {"using":"xpath","value":"//span[contains(@class, \"sapMMsgBoxText\")]"}
RESULT: {"using":"xpath","value":"//span[contains(@class, \"sapMMsgBoxText\")]"}
COMMAND: POST /session/4b6079780f801ee5ca8e04de9c1ae743/elements - {"using":"xpath","value":"//span[contains(@class, \"sapMMsgBoxText\")]"}
RESULT: {"using":"xpath","value":"//span[contains(@class, \"sapMMsgBoxText\")]"}
COMMAND: POST /session/4b6079780f801ee5ca8e04de9c1ae743/elements - {"using":"xpath","value":"//span[contains(@class, \"sapMMsgBoxText\")]"}
RESULT: {"using":"xpath","value":"//span[contains(@class, \"sapMMsgBoxText\")]"}
COMMAND: POST /session/4b6079780f801ee5ca8e04de9c1ae743/elements - {"using":"xpath","value":"//span[contains(@class, \"sapMMsgBoxText\")]"}
RESULT: {"using":"xpath","value":"//span[contains(@class, \"sapMMsgBoxText\")]"}
COMMAND: POST /session/4b6079780f801ee5ca8e04de9c1ae743/elements - {"using":"xpath","value":"//span[contains(@class, \"sapMMsgBoxText\")]"}
RESULT: {"using":"xpath","value":"//span[contains(@class, \"sapMMsgBoxText\")]"}
COMMAND: POST /session/4b6079780f801ee5ca8e04de9c1ae743/elements - {"using":"xpath","value":"//span[contains(@class, \"sapMMsgBoxText\")]"}
RESULT: {"using":"xpath","value":"//span[contains(@class, \"sapMMsgBoxText\")]"}
COMMAND: POST /session/4b6079780f801ee5ca8e04de9c1ae743/elements - {"using":"xpath","value":"//span[contains(@class, \"sapMMsgBoxText\")]"}
RESULT: {"using":"xpath","value":"//span[contains(@class, \"sapMMsgBoxText\")]"}
COMMAND: POST /session/4b6079780f801ee5ca8e04de9c1ae743/elements - {"using":"xpath","value":"//span[contains(@class, \"sapMMsgBoxText\")]"}
RESULT: {"using":"xpath","value":"//span[contains(@class, \"sapMMsgBoxText\")]"}
COMMAND: POST /session/4b6079780f801ee5ca8e04de9c1ae743/elements - {"using":"xpath","value":"//span[contains(@class, \"sapMMsgBoxText\")]"}
RESULT: {"using":"xpath","value":"//span[contains(@class, \"sapMMsgBoxText\")]"}
COMMAND: POST /session/4b6079780f801ee5ca8e04de9c1ae743/elements - {"using":"xpath","value":"//span[contains(@class, \"sapMMsgBoxText\")]"}
RESULT: {"using":"xpath","value":"//span[contains(@class, \"sapMMsgBoxText\")]"}
COMMAND: POST /session/4b6079780f801ee5ca8e04de9c1ae743/elements - {"using":"xpath","value":"//span[contains(@class, \"sapMMsgBoxText\")]"}
RESULT: {"using":"xpath","value":"//span[contains(@class, \"sapMMsgBoxText\")]"}
COMMAND: POST /session/4b6079780f801ee5ca8e04de9c1ae743/elements - {"using":"xpath","value":"//span[contains(@class, \"sapMMsgBoxText\")]"}
RESULT: {"using":"xpath","value":"//span[contains(@class, \"sapMMsgBoxText\")]"}
COMMAND: POST /session/4b6079780f801ee5ca8e04de9c1ae743/elements - {"using":"xpath","value":"//span[contains(@class, \"sapMMsgBoxText\")]"}
RESULT: {"using":"xpath","value":"//span[contains(@class, \"sapMMsgBoxText\")]"}
COMMAND: POST /session/4b6079780f801ee5ca8e04de9c1ae743/elements - {"using":"xpath","value":"//span[contains(@class, \"sapMMsgBoxText\")]"}
RESULT: {"using":"xpath","value":"//span[contains(@class, \"sapMMsgBoxText\")]"}
COMMAND: POST /session/4b6079780f801ee5ca8e04de9c1ae743/elements - {"using":"xpath","value":"//span[contains(@class, \"sapMMsgBoxText\")]"}
RESULT: {"using":"xpath","value":"//span[contains(@class, \"sapMMsgBoxText\")]"}
COMMAND: POST /session/4b6079780f801ee5ca8e04de9c1ae743/elements - {"using":"xpath","value":"//span[contains(@class, \"sapMMsgBoxText\")]"}
RESULT: {"using":"xpath","value":"//span[contains(@class, \"sapMMsgBoxText\")]"}
COMMAND: POST /session/4b6079780f801ee5ca8e04de9c1ae743/elements - {"using":"xpath","value":"//span[contains(@class, \"sapMMsgBoxText\")]"}
RESULT: {"using":"xpath","value":"//span[contains(@class, \"sapMMsgBoxText\")]"}
COMMAND: POST /session/4b6079780f801ee5ca8e04de9c1ae743/elements - {"using":"xpath","value":"//span[contains(@class, \"sapMMsgBoxText\")]"}
RESULT: {"using":"xpath","value":"//span[contains(@class, \"sapMMsgBoxText\")]"}
COMMAND: POST /session/4b6079780f801ee5ca8e04de9c1ae743/elements - {"using":"xpath","value":"//span[contains(@class, \"sapMMsgBoxText\")]"}
RESULT: {"using":"xpath","value":"//span[contains(@class, \"sapMMsgBoxText\")]"}
COMMAND: POST /session/4b6079780f801ee5ca8e04de9c1ae743/elements - {"using":"xpath","value":"//span[contains(@class, \"sapMMsgBoxText\")]"}
RESULT: {"using":"xpath","value":"//span[contains(@class, \"sapMMsgBoxText\")]"}
COMMAND: POST /session/4b6079780f801ee5ca8e04de9c1ae743/elements - {"using":"xpath","value":"//span[contains(@class, \"sapMMsgBoxText\")]"}
RESULT: {"using":"xpath","value":"//span[contains(@class, \"sapMMsgBoxText\")]"}
COMMAND: POST /session/4b6079780f801ee5ca8e04de9c1ae743/elements - {"using":"xpath","value":"//span[contains(@class, \"sapMMsgBoxText\")]"}
RESULT: {"using":"xpath","value":"//span[contains(@class, \"sapMMsgBoxText\")]"}
COMMAND: POST /session/4b6079780f801ee5ca8e04de9c1ae743/elements - {"using":"xpath","value":"//span[contains(@class, \"sapMMsgBoxText\")]"}
RESULT: {"using":"xpath","value":"//span[contains(@class, \"sapMMsgBoxText\")]"}
COMMAND: POST /session/4b6079780f801ee5ca8e04de9c1ae743/elements - {"using":"xpath","value":"//span[contains(@class, \"sapMMsgBoxText\")]"}
RESULT: {"using":"xpath","value":"//span[contains(@class, \"sapMMsgBoxText\")]"}
COMMAND: POST /session/4b6079780f801ee5ca8e04de9c1ae743/elements - {"using":"xpath","value":"//span[contains(@class, \"sapMMsgBoxText\")]"}
RESULT: {"using":"xpath","value":"//span[contains(@class, \"sapMMsgBoxText\")]"}
COMMAND: POST /session/4b6079780f801ee5ca8e04de9c1ae743/elements - {"using":"xpath","value":"//span[contains(@class, \"sapMMsgBoxText\")]"}
RESULT: {"using":"xpath","value":"//span[contains(@class, \"sapMMsgBoxText\")]"}
COMMAND: POST /session/4b6079780f801ee5ca8e04de9c1ae743/elements - {"using":"xpath","value":"//span[contains(@class, \"sapMMsgBoxText\")]"}
RESULT: {"using":"xpath","value":"//span[contains(@class, \"sapMMsgBoxText\")]"}
COMMAND: POST /session/4b6079780f801ee5ca8e04de9c1ae743/elements - {"using":"xpath","value":"//span[contains(@class, \"sapMMsgBoxText\")]"}
RESULT: {"using":"xpath","value":"//span[contains(@class, \"sapMMsgBoxText\")]"}
COMMAND: POST /session/4b6079780f801ee5ca8e04de9c1ae743/elements - {"using":"xpath","value":"//span[contains(@class, \"sapMMsgBoxText\")]"}
RESULT: {"using":"xpath","value":"//span[contains(@class, \"sapMMsgBoxText\")]"}
COMMAND: POST /session/4b6079780f801ee5ca8e04de9c1ae743/elements - {"using":"xpath","value":"//span[contains(@class, \"sapMMsgBoxText\")]"}
RESULT: {"using":"xpath","value":"//span[contains(@class, \"sapMMsgBoxText\")]"}
COMMAND: POST /session/4b6079780f801ee5ca8e04de9c1ae743/elements - {"using":"xpath","value":"//span[contains(@class, \"sapMMsgBoxText\")]"}
RESULT: {"using":"xpath","value":"//span[contains(@class, \"sapMMsgBoxText\")]"}
COMMAND: POST /session/4b6079780f801ee5ca8e04de9c1ae743/elements - {"using":"xpath","value":"//span[contains(@class, \"sapMMsgBoxText\")]"}
RESULT: {"using":"xpath","value":"//span[contains(@class, \"sapMMsgBoxText\")]"}
COMMAND: POST /session/4b6079780f801ee5ca8e04de9c1ae743/elements - {"using":"xpath","value":"//span[contains(@class, \"sapMMsgBoxText\")]"}
RESULT: {"using":"xpath","value":"//span[contains(@class, \"sapMMsgBoxText\")]"}
COMMAND: POST /session/4b6079780f801ee5ca8e04de9c1ae743/element - {"using":"css selector","value":"#shell-header-logo"}
RESULT: {"using":"css selector","value":"#shell-header-logo"}
COMMAND: POST /session/4b6079780f801ee5ca8e04de9c1ae743/element/f.2A8A48C59FC3800155EB8E2C1BCE5643.d.AA16605DDECD376AE25F694D850B9DA3.e.3232/click - {}
RESULT: {}
COMMAND: GET /session/4b6079780f801ee5ca8e04de9c1ae743/screenshot - {}
RESULT: {}
COMMAND: GET /session/4b6079780f801ee5ca8e04de9c1ae743/screenshot - {}
RESULT: {}
]]></system-out>
      <system-err><![CDATA[
Error: Expect $(`//span[contains(@class, "sapMMsgBoxText")]`) to be existing

Expected: "existing"
Received: "not existing"
    at Context.<anonymous> (D:\a\1\s\test\specs\BTS\address-management.spec.js:1014:38)
]]></system-err>
    </testcase>
    <testcase classname="chrome.137_0_7151_69.windows.Address_Management_Tests_US156181_US151165_US151160_US156180_US156178_US151157_US151172_US151170_US151166_US151168" name="Step 8 Should add an attachment to the created address US151166 BUGGED FOR NOW" time="69.193">
      <system-out><![CDATA[
RESULT: undefined
COMMAND: POST /session/4b6079780f801ee5ca8e04de9c1ae743/element - {"using":"xpath","value":"//*[@id=\"__tile34\"]"}
COMMAND: GET /session/4b6079780f801ee5ca8e04de9c1ae743/screenshot - {}
RESULT: {"using":"xpath","value":"//*[@id=\"__tile34\"]"}
COMMAND: POST /session/4b6079780f801ee5ca8e04de9c1ae743/element/f.2A8A48C59FC3800155EB8E2C1BCE5643.d.AA16605DDECD376AE25F694D850B9DA3.e.225/click - {}
RESULT: {}
RESULT: {}
COMMAND: GET /session/4b6079780f801ee5ca8e04de9c1ae743/screenshot - {}
RESULT: {}
COMMAND: POST /session/4b6079780f801ee5ca8e04de9c1ae743/elements - {"using":"xpath","value":"//span[text()='Error']"}
RESULT: {"using":"xpath","value":"//span[text()='Error']"}
COMMAND: POST /session/4b6079780f801ee5ca8e04de9c1ae743/element - {"using":"xpath","value":"//button[@data-kt=\"addButton\"]"}
RESULT: {"using":"xpath","value":"//button[@data-kt=\"addButton\"]"}
COMMAND: POST /session/4b6079780f801ee5ca8e04de9c1ae743/elements - {"using":"xpath","value":"//button[@data-kt=\"addButton\"]"}
RESULT: {"using":"xpath","value":"//button[@data-kt=\"addButton\"]"}
COMMAND: POST /session/4b6079780f801ee5ca8e04de9c1ae743/execute/sync - {"script":"<script> [8489 bytes]","args":[{"element-6066-11e4-a52e-4f735466cecf":"f.2A8A48C59FC3800155EB8E2C1BCE5643.d.AA16605DDECD376AE25F694D850B9DA3.e.3278","ELEMENT":"f.2A8A48C59FC3800155EB8E2C1BCE5643.d.AA16605DDECD376AE25F694D850B9DA3.e.3278"}]}
RESULT: {"script":"<script> [8489 bytes]","args":[{"element-6066-11e4-a52e-4f735466cecf":"f.2A8A48C59FC3800155EB8E2C1BCE5643.d.AA16605DDECD376AE25F694D850B9DA3.e.3278","ELEMENT":"f.2A8A48C59FC3800155EB8E2C1BCE5643.d.AA16605DDECD376AE25F694D850B9DA3.e.3278"}]}
COMMAND: GET /session/4b6079780f801ee5ca8e04de9c1ae743/element/f.2A8A48C59FC3800155EB8E2C1BCE5643.d.AA16605DDECD376AE25F694D850B9DA3.e.3278/enabled - {}
COMMAND: GET /session/4b6079780f801ee5ca8e04de9c1ae743/screenshot - {}
RESULT: {}
COMMAND: POST /session/4b6079780f801ee5ca8e04de9c1ae743/execute/sync - {"script":"<script> [8489 bytes]","args":[{"element-6066-11e4-a52e-4f735466cecf":"f.2A8A48C59FC3800155EB8E2C1BCE5643.d.AA16605DDECD376AE25F694D850B9DA3.e.3278","ELEMENT":"f.2A8A48C59FC3800155EB8E2C1BCE5643.d.AA16605DDECD376AE25F694D850B9DA3.e.3278"}]}
COMMAND: GET /session/4b6079780f801ee5ca8e04de9c1ae743/screenshot - {}
RESULT: {}
RESULT: {"script":"<script> [8489 bytes]","args":[{"element-6066-11e4-a52e-4f735466cecf":"f.2A8A48C59FC3800155EB8E2C1BCE5643.d.AA16605DDECD376AE25F694D850B9DA3.e.3278","ELEMENT":"f.2A8A48C59FC3800155EB8E2C1BCE5643.d.AA16605DDECD376AE25F694D850B9DA3.e.3278"}]}
COMMAND: POST /session/4b6079780f801ee5ca8e04de9c1ae743/execute/sync - {"script":"<script> [5351 bytes]","args":[{"element-6066-11e4-a52e-4f735466cecf":"f.2A8A48C59FC3800155EB8E2C1BCE5643.d.AA16605DDECD376AE25F694D850B9DA3.e.3278","ELEMENT":"f.2A8A48C59FC3800155EB8E2C1BCE5643.d.AA16605DDECD376AE25F694D850B9DA3.e.3278"}]}
COMMAND: GET /session/4b6079780f801ee5ca8e04de9c1ae743/screenshot - {}
RESULT: {}
RESULT: {"script":"<script> [5351 bytes]","args":[{"element-6066-11e4-a52e-4f735466cecf":"f.2A8A48C59FC3800155EB8E2C1BCE5643.d.AA16605DDECD376AE25F694D850B9DA3.e.3278","ELEMENT":"f.2A8A48C59FC3800155EB8E2C1BCE5643.d.AA16605DDECD376AE25F694D850B9DA3.e.3278"}]}
COMMAND: GET /session/4b6079780f801ee5ca8e04de9c1ae743/screenshot - {}
RESULT: {}
RESULT: {}
RESULT: undefined
COMMAND: POST /session/4b6079780f801ee5ca8e04de9c1ae743/execute/async - {"script":"<script> [776 bytes]","args":[{"enterText":"hsF1ArUUJH","selector":{"id":"application-addressmanagement-display-component---masterAdm--smartFilterBar-btnBasicSearch","interaction":{"idSuffix":"I"}},"clearTextFirst":true,"interactionType":"ENTER_TEXT"}]}
RESULT: {"script":"<script> [776 bytes]","args":[{"enterText":"hsF1ArUUJH","selector":{"id":"application-addressmanagement-display-component---masterAdm--smartFilterBar-btnBasicSearch","interaction":{"idSuffix":"I"}},"clearTextFirst":true,"interactionType":"ENTER_TEXT"}]}
COMMAND: POST /session/4b6079780f801ee5ca8e04de9c1ae743/actions - {"actions":[{"id":"action14","type":"key","parameters":{},"actions":[{"type":"keyDown","value":""},{"type":"pause","duration":10},{"type":"keyUp","value":""}]}]}
RESULT: {"actions":[{"id":"action14","type":"key","parameters":{},"actions":[{"type":"keyDown","value":""},{"type":"pause","duration":10},{"type":"keyUp","value":""}]}]}
COMMAND: GET /session/4b6079780f801ee5ca8e04de9c1ae743/screenshot - {}
RESULT: {}
COMMAND: POST /session/4b6079780f801ee5ca8e04de9c1ae743/elements - {"using":"xpath","value":"//table[contains(@id, \"customPersonsAddressesTable-listUl\")]/tbody/tr"}
RESULT: {"using":"xpath","value":"//table[contains(@id, \"customPersonsAddressesTable-listUl\")]/tbody/tr"}
COMMAND: POST /session/4b6079780f801ee5ca8e04de9c1ae743/element - {"using":"xpath","value":"//table[contains(@id, \"customPersonsAddressesTable-listUl\")]/tbody/tr[1]/td[5]/span/span"}
RESULT: {"using":"xpath","value":"//table[contains(@id, \"customPersonsAddressesTable-listUl\")]/tbody/tr[1]/td[5]/span/span"}
COMMAND: POST /session/4b6079780f801ee5ca8e04de9c1ae743/element - {"using":"xpath","value":"//table[contains(@id, \"customPersonsAddressesTable-listUl\")]/tbody/tr[1]/td[3]/span"}
RESULT: {"using":"xpath","value":"//table[contains(@id, \"customPersonsAddressesTable-listUl\")]/tbody/tr[1]/td[3]/span"}
COMMAND: POST /session/4b6079780f801ee5ca8e04de9c1ae743/elements - {"using":"xpath","value":"//table[contains(@id, \"customPersonsAddressesTable-listUl\")]/tbody/tr[1]/td[5]/span/span"}
RESULT: {"using":"xpath","value":"//table[contains(@id, \"customPersonsAddressesTable-listUl\")]/tbody/tr[1]/td[5]/span/span"}
COMMAND: POST /session/4b6079780f801ee5ca8e04de9c1ae743/execute/sync - {"script":"<script> [56 bytes]","args":[{"element-6066-11e4-a52e-4f735466cecf":"f.2A8A48C59FC3800155EB8E2C1BCE5643.d.AA16605DDECD376AE25F694D850B9DA3.e.3424","ELEMENT":"f.2A8A48C59FC3800155EB8E2C1BCE5643.d.AA16605DDECD376AE25F694D850B9DA3.e.3424"}]}
RESULT: {"script":"<script> [56 bytes]","args":[{"element-6066-11e4-a52e-4f735466cecf":"f.2A8A48C59FC3800155EB8E2C1BCE5643.d.AA16605DDECD376AE25F694D850B9DA3.e.3424","ELEMENT":"f.2A8A48C59FC3800155EB8E2C1BCE5643.d.AA16605DDECD376AE25F694D850B9DA3.e.3424"}]}
COMMAND: POST /session/4b6079780f801ee5ca8e04de9c1ae743/execute/sync - {"script":"<script> [56 bytes]","args":[{"element-6066-11e4-a52e-4f735466cecf":"f.2A8A48C59FC3800155EB8E2C1BCE5643.d.AA16605DDECD376AE25F694D850B9DA3.e.3425","ELEMENT":"f.2A8A48C59FC3800155EB8E2C1BCE5643.d.AA16605DDECD376AE25F694D850B9DA3.e.3425"}]}
COMMAND: GET /session/4b6079780f801ee5ca8e04de9c1ae743/screenshot - {}
RESULT: {"script":"<script> [56 bytes]","args":[{"element-6066-11e4-a52e-4f735466cecf":"f.2A8A48C59FC3800155EB8E2C1BCE5643.d.AA16605DDECD376AE25F694D850B9DA3.e.3425","ELEMENT":"f.2A8A48C59FC3800155EB8E2C1BCE5643.d.AA16605DDECD376AE25F694D850B9DA3.e.3425"}]}
COMMAND: POST /session/4b6079780f801ee5ca8e04de9c1ae743/element - {"using":"xpath","value":"(//span[contains(@id, \"imgNav\")])[1]"}
COMMAND: GET /session/4b6079780f801ee5ca8e04de9c1ae743/screenshot - {}
RESULT: {}
RESULT: {"using":"xpath","value":"(//span[contains(@id, \"imgNav\")])[1]"}
COMMAND: POST /session/4b6079780f801ee5ca8e04de9c1ae743/element/f.2A8A48C59FC3800155EB8E2C1BCE5643.d.AA16605DDECD376AE25F694D850B9DA3.e.3421/click - {}
RESULT: {}
RESULT: {}
COMMAND: GET /session/4b6079780f801ee5ca8e04de9c1ae743/screenshot - {}
RESULT: {}
COMMAND: POST /session/4b6079780f801ee5ca8e04de9c1ae743/element - {"using":"xpath","value":"//bdi[contains(text(), \"Edit\")]"}
RESULT: {"using":"xpath","value":"//bdi[contains(text(), \"Edit\")]"}
COMMAND: POST /session/4b6079780f801ee5ca8e04de9c1ae743/element/f.2A8A48C59FC3800155EB8E2C1BCE5643.d.AA16605DDECD376AE25F694D850B9DA3.e.3550/click - {}
RESULT: {}
COMMAND: GET /session/4b6079780f801ee5ca8e04de9c1ae743/screenshot - {}
RESULT: {}
COMMAND: POST /session/4b6079780f801ee5ca8e04de9c1ae743/execute/async - {"script":"<script> [1562 bytes]","args":[{"selector":{"controlType":"sap.m.Button","viewName":"etm.portal.ui.addressmanagement.view.EditDetail","properties":{"text":"Attachments (0)"},"interaction":{"idSuffix":"BDI-content"}},"wdio_ui5_key":"etmportal.ui.addressmanagement.view.EditDetailsap.m.Button{\"text\":\"Attachments (0)\"}"}]}
RESULT: {"script":"<script> [1562 bytes]","args":[{"selector":{"controlType":"sap.m.Button","viewName":"etm.portal.ui.addressmanagement.view.EditDetail","properties":{"text":"Attachments (0)"},"interaction":{"idSuffix":"BDI-content"}},"wdio_ui5_key":"etmportal.ui.addressmanagement.view.EditDetailsap.m.Button{\"text\":\"Attachments (0)\"}"}]}
RESULT: undefined
COMMAND: POST /session/4b6079780f801ee5ca8e04de9c1ae743/element - {"using":"xpath","value":"//*[@id=\"__xmlview62--ObjectPageLayout-anchBar-__xmlview62--attachments-anchor\"]"}
RESULT: {"using":"xpath","value":"//*[@id=\"__xmlview62--ObjectPageLayout-anchBar-__xmlview62--attachments-anchor\"]"}
COMMAND: POST /session/4b6079780f801ee5ca8e04de9c1ae743/element/f.2A8A48C59FC3800155EB8E2C1BCE5643.d.AA16605DDECD376AE25F694D850B9DA3.e.3590/click - {}
RESULT: {}
COMMAND: GET /session/4b6079780f801ee5ca8e04de9c1ae743/screenshot - {}
RESULT: {}
COMMAND: POST /session/4b6079780f801ee5ca8e04de9c1ae743/file - {"file":"[base64] 459776 bytes"}
RESULT: {"file":"[base64] 459776 bytes"}
COMMAND: POST /session/4b6079780f801ee5ca8e04de9c1ae743/element - {"using":"css selector","value":"input[type=\"file\"]"}
RESULT: {"using":"css selector","value":"input[type=\"file\"]"}
COMMAND: POST /session/4b6079780f801ee5ca8e04de9c1ae743/element/f.2A8A48C59FC3800155EB8E2C1BCE5643.d.AA16605DDECD376AE25F694D850B9DA3.e.3581/clear - {}
RESULT: {}
COMMAND: POST /session/4b6079780f801ee5ca8e04de9c1ae743/element/f.2A8A48C59FC3800155EB8E2C1BCE5643.d.AA16605DDECD376AE25F694D850B9DA3.e.3581/value - {"text":"C:\\Windows\\SystemTemp\\scoped_dir2956_37920974\\upload2956_1502186662\\address-mng-pic.png"}
COMMAND: GET /session/4b6079780f801ee5ca8e04de9c1ae743/screenshot - {}
RESULT: {"text":"C:\\Windows\\SystemTemp\\scoped_dir2956_37920974\\upload2956_1502186662\\address-mng-pic.png"}
COMMAND: GET /session/4b6079780f801ee5ca8e04de9c1ae743/screenshot - {}
RESULT: {}
RESULT: {}
COMMAND: POST /session/4b6079780f801ee5ca8e04de9c1ae743/element - {"using":"xpath","value":"//button[@data-kt=\"saveButton\"]"}
RESULT: {"using":"xpath","value":"//button[@data-kt=\"saveButton\"]"}
COMMAND: POST /session/4b6079780f801ee5ca8e04de9c1ae743/element/f.2A8A48C59FC3800155EB8E2C1BCE5643.d.AA16605DDECD376AE25F694D850B9DA3.e.3617/click - {}
RESULT: {}
COMMAND: GET /session/4b6079780f801ee5ca8e04de9c1ae743/screenshot - {}
RESULT: {}
COMMAND: POST /session/4b6079780f801ee5ca8e04de9c1ae743/execute/async - {"script":"<script> [1562 bytes]","args":[{"selector":{"id":"application-addressmanagement-display-component---detailAdm--ObjectPageLayout-anchBar-application-addressmanagement-display-component---detailAdm--attachments-anchor","interaction":{"idSuffix":"content"}},"wdio_ui5_key":"applicationaddressmanagement-display-component---detailAdm--ObjectPageLayout-anchBar-application-addressmanagement-display-component---detailAdm--attachments-anchor"}]}
RESULT: {"script":"<script> [1562 bytes]","args":[{"selector":{"id":"application-addressmanagement-display-component---detailAdm--ObjectPageLayout-anchBar-application-addressmanagement-display-component---detailAdm--attachments-anchor","interaction":{"idSuffix":"content"}},"wdio_ui5_key":"applicationaddressmanagement-display-component---detailAdm--ObjectPageLayout-anchBar-application-addressmanagement-display-component---detailAdm--attachments-anchor"}]}
RESULT: undefined
COMMAND: POST /session/4b6079780f801ee5ca8e04de9c1ae743/element - {"using":"xpath","value":"//*[@id=\"application-addressmanagement-display-component---detailAdm--ObjectPageLayout-anchBar-application-addressmanagement-display-component---detailAdm--attachments-anchor\"]"}
RESULT: {"using":"xpath","value":"//*[@id=\"application-addressmanagement-display-component---detailAdm--ObjectPageLayout-anchBar-application-addressmanagement-display-component---detailAdm--attachments-anchor\"]"}
COMMAND: POST /session/4b6079780f801ee5ca8e04de9c1ae743/element/f.2A8A48C59FC3800155EB8E2C1BCE5643.d.AA16605DDECD376AE25F694D850B9DA3.e.3626/click - {}
RESULT: {}
COMMAND: GET /session/4b6079780f801ee5ca8e04de9c1ae743/screenshot - {}
RESULT: {}
COMMAND: POST /session/4b6079780f801ee5ca8e04de9c1ae743/execute/async - {"script":"<script> [1562 bytes]","args":[{"selector":{"id":"application-addressmanagement-display-component---detailAdm--attachments"},"wdio_ui5_key":"applicationaddressmanagement-display-component---detailAdm--attachments"}]}
RESULT: {"script":"<script> [1562 bytes]","args":[{"selector":{"id":"application-addressmanagement-display-component---detailAdm--attachments"},"wdio_ui5_key":"applicationaddressmanagement-display-component---detailAdm--attachments"}]}
RESULT: undefined
COMMAND: POST /session/4b6079780f801ee5ca8e04de9c1ae743/execute/async - {"script":"<script> [6424 bytes]","args":[{"element-6066-11e4-a52e-4f735466cecf":"f.2A8A48C59FC3800155EB8E2C1BCE5643.d.AA16605DDECD376AE25F694D850B9DA3.e.3536"},"getTitle",[]]}
RESULT: {"script":"<script> [6424 bytes]","args":[{"element-6066-11e4-a52e-4f735466cecf":"f.2A8A48C59FC3800155EB8E2C1BCE5643.d.AA16605DDECD376AE25F694D850B9DA3.e.3536"},"getTitle",[]]}
COMMAND: POST /session/4b6079780f801ee5ca8e04de9c1ae743/element - {"using":"css selector","value":"#shell-header-logo"}
RESULT: {"using":"css selector","value":"#shell-header-logo"}
COMMAND: POST /session/4b6079780f801ee5ca8e04de9c1ae743/element/f.2A8A48C59FC3800155EB8E2C1BCE5643.d.AA16605DDECD376AE25F694D850B9DA3.e.3232/click - {}
RESULT: {}
COMMAND: GET /session/4b6079780f801ee5ca8e04de9c1ae743/screenshot - {}
RESULT: {}
]]></system-out>
    </testcase>
    <testcase classname="chrome.137_0_7151_69.windows.Address_Management_Tests_US156181_US151165_US151160_US156180_US156178_US151157_US151172_US151170_US151166_US151168" name="Step 9 Should remove the added attachment on the created address US151168 BUGGED FOR NOW" time="68.591">
      <system-out><![CDATA[
RESULT: undefined
COMMAND: POST /session/4b6079780f801ee5ca8e04de9c1ae743/element - {"using":"xpath","value":"//*[@id=\"__tile34\"]"}
RESULT: {"using":"xpath","value":"//*[@id=\"__tile34\"]"}
COMMAND: POST /session/4b6079780f801ee5ca8e04de9c1ae743/element/f.2A8A48C59FC3800155EB8E2C1BCE5643.d.AA16605DDECD376AE25F694D850B9DA3.e.225/click - {}
RESULT: {}
COMMAND: GET /session/4b6079780f801ee5ca8e04de9c1ae743/screenshot - {}
RESULT: {}
COMMAND: POST /session/4b6079780f801ee5ca8e04de9c1ae743/elements - {"using":"xpath","value":"//span[text()='Error']"}
RESULT: {"using":"xpath","value":"//span[text()='Error']"}
COMMAND: POST /session/4b6079780f801ee5ca8e04de9c1ae743/element - {"using":"xpath","value":"//button[@data-kt=\"addButton\"]"}
RESULT: {"using":"xpath","value":"//button[@data-kt=\"addButton\"]"}
COMMAND: POST /session/4b6079780f801ee5ca8e04de9c1ae743/elements - {"using":"xpath","value":"//button[@data-kt=\"addButton\"]"}
RESULT: {"using":"xpath","value":"//button[@data-kt=\"addButton\"]"}
COMMAND: POST /session/4b6079780f801ee5ca8e04de9c1ae743/execute/sync - {"script":"<script> [8489 bytes]","args":[{"element-6066-11e4-a52e-4f735466cecf":"f.2A8A48C59FC3800155EB8E2C1BCE5643.d.AA16605DDECD376AE25F694D850B9DA3.e.3687","ELEMENT":"f.2A8A48C59FC3800155EB8E2C1BCE5643.d.AA16605DDECD376AE25F694D850B9DA3.e.3687"}]}
RESULT: {"script":"<script> [8489 bytes]","args":[{"element-6066-11e4-a52e-4f735466cecf":"f.2A8A48C59FC3800155EB8E2C1BCE5643.d.AA16605DDECD376AE25F694D850B9DA3.e.3687","ELEMENT":"f.2A8A48C59FC3800155EB8E2C1BCE5643.d.AA16605DDECD376AE25F694D850B9DA3.e.3687"}]}
COMMAND: GET /session/4b6079780f801ee5ca8e04de9c1ae743/element/f.2A8A48C59FC3800155EB8E2C1BCE5643.d.AA16605DDECD376AE25F694D850B9DA3.e.3687/enabled - {}
COMMAND: GET /session/4b6079780f801ee5ca8e04de9c1ae743/screenshot - {}
RESULT: {}
COMMAND: POST /session/4b6079780f801ee5ca8e04de9c1ae743/execute/sync - {"script":"<script> [8489 bytes]","args":[{"element-6066-11e4-a52e-4f735466cecf":"f.2A8A48C59FC3800155EB8E2C1BCE5643.d.AA16605DDECD376AE25F694D850B9DA3.e.3687","ELEMENT":"f.2A8A48C59FC3800155EB8E2C1BCE5643.d.AA16605DDECD376AE25F694D850B9DA3.e.3687"}]}
COMMAND: GET /session/4b6079780f801ee5ca8e04de9c1ae743/screenshot - {}
RESULT: {}
RESULT: {"script":"<script> [8489 bytes]","args":[{"element-6066-11e4-a52e-4f735466cecf":"f.2A8A48C59FC3800155EB8E2C1BCE5643.d.AA16605DDECD376AE25F694D850B9DA3.e.3687","ELEMENT":"f.2A8A48C59FC3800155EB8E2C1BCE5643.d.AA16605DDECD376AE25F694D850B9DA3.e.3687"}]}
COMMAND: POST /session/4b6079780f801ee5ca8e04de9c1ae743/execute/sync - {"script":"<script> [5351 bytes]","args":[{"element-6066-11e4-a52e-4f735466cecf":"f.2A8A48C59FC3800155EB8E2C1BCE5643.d.AA16605DDECD376AE25F694D850B9DA3.e.3687","ELEMENT":"f.2A8A48C59FC3800155EB8E2C1BCE5643.d.AA16605DDECD376AE25F694D850B9DA3.e.3687"}]}
COMMAND: GET /session/4b6079780f801ee5ca8e04de9c1ae743/screenshot - {}
RESULT: {}
RESULT: {"script":"<script> [5351 bytes]","args":[{"element-6066-11e4-a52e-4f735466cecf":"f.2A8A48C59FC3800155EB8E2C1BCE5643.d.AA16605DDECD376AE25F694D850B9DA3.e.3687","ELEMENT":"f.2A8A48C59FC3800155EB8E2C1BCE5643.d.AA16605DDECD376AE25F694D850B9DA3.e.3687"}]}
COMMAND: GET /session/4b6079780f801ee5ca8e04de9c1ae743/screenshot - {}
RESULT: {}
RESULT: {}
RESULT: undefined
COMMAND: POST /session/4b6079780f801ee5ca8e04de9c1ae743/execute/async - {"script":"<script> [776 bytes]","args":[{"enterText":"hsF1ArUUJH","selector":{"id":"application-addressmanagement-display-component---masterAdm--smartFilterBar-btnBasicSearch","interaction":{"idSuffix":"I"}},"clearTextFirst":true,"interactionType":"ENTER_TEXT"}]}
RESULT: {"script":"<script> [776 bytes]","args":[{"enterText":"hsF1ArUUJH","selector":{"id":"application-addressmanagement-display-component---masterAdm--smartFilterBar-btnBasicSearch","interaction":{"idSuffix":"I"}},"clearTextFirst":true,"interactionType":"ENTER_TEXT"}]}
COMMAND: POST /session/4b6079780f801ee5ca8e04de9c1ae743/actions - {"actions":[{"id":"action15","type":"key","parameters":{},"actions":[{"type":"keyDown","value":""},{"type":"pause","duration":10},{"type":"keyUp","value":""}]}]}
RESULT: {"actions":[{"id":"action15","type":"key","parameters":{},"actions":[{"type":"keyDown","value":""},{"type":"pause","duration":10},{"type":"keyUp","value":""}]}]}
COMMAND: GET /session/4b6079780f801ee5ca8e04de9c1ae743/screenshot - {}
RESULT: {}
COMMAND: POST /session/4b6079780f801ee5ca8e04de9c1ae743/elements - {"using":"xpath","value":"//table[contains(@id, \"customPersonsAddressesTable-listUl\")]/tbody/tr"}
RESULT: {"using":"xpath","value":"//table[contains(@id, \"customPersonsAddressesTable-listUl\")]/tbody/tr"}
COMMAND: POST /session/4b6079780f801ee5ca8e04de9c1ae743/element - {"using":"xpath","value":"//table[contains(@id, \"customPersonsAddressesTable-listUl\")]/tbody/tr[1]/td[5]/span/span"}
RESULT: {"using":"xpath","value":"//table[contains(@id, \"customPersonsAddressesTable-listUl\")]/tbody/tr[1]/td[5]/span/span"}
COMMAND: POST /session/4b6079780f801ee5ca8e04de9c1ae743/element - {"using":"xpath","value":"//table[contains(@id, \"customPersonsAddressesTable-listUl\")]/tbody/tr[1]/td[3]/span"}
RESULT: {"using":"xpath","value":"//table[contains(@id, \"customPersonsAddressesTable-listUl\")]/tbody/tr[1]/td[3]/span"}
COMMAND: POST /session/4b6079780f801ee5ca8e04de9c1ae743/elements - {"using":"xpath","value":"//table[contains(@id, \"customPersonsAddressesTable-listUl\")]/tbody/tr[1]/td[5]/span/span"}
RESULT: {"using":"xpath","value":"//table[contains(@id, \"customPersonsAddressesTable-listUl\")]/tbody/tr[1]/td[5]/span/span"}
COMMAND: POST /session/4b6079780f801ee5ca8e04de9c1ae743/execute/sync - {"script":"<script> [56 bytes]","args":[{"element-6066-11e4-a52e-4f735466cecf":"f.2A8A48C59FC3800155EB8E2C1BCE5643.d.AA16605DDECD376AE25F694D850B9DA3.e.3829","ELEMENT":"f.2A8A48C59FC3800155EB8E2C1BCE5643.d.AA16605DDECD376AE25F694D850B9DA3.e.3829"}]}
RESULT: {"script":"<script> [56 bytes]","args":[{"element-6066-11e4-a52e-4f735466cecf":"f.2A8A48C59FC3800155EB8E2C1BCE5643.d.AA16605DDECD376AE25F694D850B9DA3.e.3829","ELEMENT":"f.2A8A48C59FC3800155EB8E2C1BCE5643.d.AA16605DDECD376AE25F694D850B9DA3.e.3829"}]}
COMMAND: POST /session/4b6079780f801ee5ca8e04de9c1ae743/execute/sync - {"script":"<script> [56 bytes]","args":[{"element-6066-11e4-a52e-4f735466cecf":"f.2A8A48C59FC3800155EB8E2C1BCE5643.d.AA16605DDECD376AE25F694D850B9DA3.e.3830","ELEMENT":"f.2A8A48C59FC3800155EB8E2C1BCE5643.d.AA16605DDECD376AE25F694D850B9DA3.e.3830"}]}
COMMAND: GET /session/4b6079780f801ee5ca8e04de9c1ae743/screenshot - {}
RESULT: {"script":"<script> [56 bytes]","args":[{"element-6066-11e4-a52e-4f735466cecf":"f.2A8A48C59FC3800155EB8E2C1BCE5643.d.AA16605DDECD376AE25F694D850B9DA3.e.3830","ELEMENT":"f.2A8A48C59FC3800155EB8E2C1BCE5643.d.AA16605DDECD376AE25F694D850B9DA3.e.3830"}]}
COMMAND: POST /session/4b6079780f801ee5ca8e04de9c1ae743/element - {"using":"xpath","value":"(//span[contains(@id, \"imgNav\")])[1]"}
COMMAND: GET /session/4b6079780f801ee5ca8e04de9c1ae743/screenshot - {}
RESULT: {}
RESULT: {"using":"xpath","value":"(//span[contains(@id, \"imgNav\")])[1]"}
COMMAND: POST /session/4b6079780f801ee5ca8e04de9c1ae743/element/f.2A8A48C59FC3800155EB8E2C1BCE5643.d.AA16605DDECD376AE25F694D850B9DA3.e.3827/click - {}
RESULT: {}
RESULT: {}
COMMAND: GET /session/4b6079780f801ee5ca8e04de9c1ae743/screenshot - {}
RESULT: {}
COMMAND: POST /session/4b6079780f801ee5ca8e04de9c1ae743/element - {"using":"xpath","value":"//bdi[contains(text(), \"Edit\")]"}
RESULT: {"using":"xpath","value":"//bdi[contains(text(), \"Edit\")]"}
COMMAND: POST /session/4b6079780f801ee5ca8e04de9c1ae743/element/f.2A8A48C59FC3800155EB8E2C1BCE5643.d.AA16605DDECD376AE25F694D850B9DA3.e.3955/click - {}
RESULT: {}
COMMAND: GET /session/4b6079780f801ee5ca8e04de9c1ae743/screenshot - {}
RESULT: {}
COMMAND: POST /session/4b6079780f801ee5ca8e04de9c1ae743/execute/async - {"script":"<script> [1562 bytes]","args":[{"selector":{"controlType":"sap.m.Button","viewName":"etm.portal.ui.addressmanagement.view.EditDetail","properties":{"text":"Attachments (1)"},"interaction":{"idSuffix":"BDI-content"}},"wdio_ui5_key":"etmportal.ui.addressmanagement.view.EditDetailsap.m.Button{\"text\":\"Attachments (1)\"}"}]}
RESULT: {"script":"<script> [1562 bytes]","args":[{"selector":{"controlType":"sap.m.Button","viewName":"etm.portal.ui.addressmanagement.view.EditDetail","properties":{"text":"Attachments (1)"},"interaction":{"idSuffix":"BDI-content"}},"wdio_ui5_key":"etmportal.ui.addressmanagement.view.EditDetailsap.m.Button{\"text\":\"Attachments (1)\"}"}]}
RESULT: undefined
COMMAND: POST /session/4b6079780f801ee5ca8e04de9c1ae743/element - {"using":"xpath","value":"//*[@id=\"__xmlview63--ObjectPageLayout-anchBar-__xmlview63--attachments-anchor\"]"}
RESULT: {"using":"xpath","value":"//*[@id=\"__xmlview63--ObjectPageLayout-anchBar-__xmlview63--attachments-anchor\"]"}
COMMAND: POST /session/4b6079780f801ee5ca8e04de9c1ae743/element/f.2A8A48C59FC3800155EB8E2C1BCE5643.d.AA16605DDECD376AE25F694D850B9DA3.e.3999/click - {}
RESULT: {}
COMMAND: GET /session/4b6079780f801ee5ca8e04de9c1ae743/screenshot - {}
RESULT: {}
COMMAND: POST /session/4b6079780f801ee5ca8e04de9c1ae743/execute/async - {"script":"<script> [1562 bytes]","args":[{"selector":{"controlType":"sap.ui.core.Icon","viewName":"etm.portal.ui.addressmanagement.view.EditDetail","properties":{"src":{"regex":{"source":"decline"}}}},"wdio_ui5_key":"etmportal.ui.addressmanagement.view.EditDetailsap.ui.core.Icon{\"src\":{\"regex\":{\"source\":\"decline\"}}}"}]}
RESULT: {"script":"<script> [1562 bytes]","args":[{"selector":{"controlType":"sap.ui.core.Icon","viewName":"etm.portal.ui.addressmanagement.view.EditDetail","properties":{"src":{"regex":{"source":"decline"}}}},"wdio_ui5_key":"etmportal.ui.addressmanagement.view.EditDetailsap.ui.core.Icon{\"src\":{\"regex\":{\"source\":\"decline\"}}}"}]}
RESULT: undefined
COMMAND: POST /session/4b6079780f801ee5ca8e04de9c1ae743/element - {"using":"xpath","value":"//*[@id=\"__item854-__set10-0-deleteButton-img\"]"}
RESULT: {"using":"xpath","value":"//*[@id=\"__item854-__set10-0-deleteButton-img\"]"}
COMMAND: POST /session/4b6079780f801ee5ca8e04de9c1ae743/element/f.2A8A48C59FC3800155EB8E2C1BCE5643.d.AA16605DDECD376AE25F694D850B9DA3.e.4004/click - {}
RESULT: {}
COMMAND: GET /session/4b6079780f801ee5ca8e04de9c1ae743/screenshot - {}
RESULT: {}
COMMAND: POST /session/4b6079780f801ee5ca8e04de9c1ae743/element - {"using":"xpath","value":"//bdi[contains(text(), \"OK\")]"}
RESULT: {"using":"xpath","value":"//bdi[contains(text(), \"OK\")]"}
COMMAND: POST /session/4b6079780f801ee5ca8e04de9c1ae743/element/f.2A8A48C59FC3800155EB8E2C1BCE5643.d.AA16605DDECD376AE25F694D850B9DA3.e.4007/click - {}
RESULT: {}
COMMAND: GET /session/4b6079780f801ee5ca8e04de9c1ae743/screenshot - {}
RESULT: {}
COMMAND: POST /session/4b6079780f801ee5ca8e04de9c1ae743/element - {"using":"xpath","value":"//button[@data-kt=\"saveButton\"]"}
RESULT: {"using":"xpath","value":"//button[@data-kt=\"saveButton\"]"}
COMMAND: POST /session/4b6079780f801ee5ca8e04de9c1ae743/element/f.2A8A48C59FC3800155EB8E2C1BCE5643.d.AA16605DDECD376AE25F694D850B9DA3.e.4029/click - {}
RESULT: {}
COMMAND: GET /session/4b6079780f801ee5ca8e04de9c1ae743/screenshot - {}
RESULT: {}
RESULT: undefined
COMMAND: POST /session/4b6079780f801ee5ca8e04de9c1ae743/element - {"using":"xpath","value":"//*[@id=\"application-addressmanagement-display-component---detailAdm--ObjectPageLayout-anchBar-application-addressmanagement-display-component---detailAdm--attachments-anchor\"]"}
RESULT: {"using":"xpath","value":"//*[@id=\"application-addressmanagement-display-component---detailAdm--ObjectPageLayout-anchBar-application-addressmanagement-display-component---detailAdm--attachments-anchor\"]"}
COMMAND: POST /session/4b6079780f801ee5ca8e04de9c1ae743/element/f.2A8A48C59FC3800155EB8E2C1BCE5643.d.AA16605DDECD376AE25F694D850B9DA3.e.4035/click - {}
RESULT: {}
COMMAND: GET /session/4b6079780f801ee5ca8e04de9c1ae743/screenshot - {}
RESULT: {}
RESULT: undefined
COMMAND: POST /session/4b6079780f801ee5ca8e04de9c1ae743/execute/async - {"script":"<script> [6424 bytes]","args":[{"element-6066-11e4-a52e-4f735466cecf":"f.2A8A48C59FC3800155EB8E2C1BCE5643.d.AA16605DDECD376AE25F694D850B9DA3.e.3536"},"getTitle",[]]}
COMMAND: POST /session/4b6079780f801ee5ca8e04de9c1ae743/execute/async - {"script":"<script> [1562 bytes]","args":[{"selector":{"id":"application-addressmanagement-display-component---detailAdm--attachments"},"wdio_ui5_key":"applicationaddressmanagement-display-component---detailAdm--attachments"}]}
RESULT: {"script":"<script> [1562 bytes]","args":[{"selector":{"id":"application-addressmanagement-display-component---detailAdm--attachments"},"wdio_ui5_key":"applicationaddressmanagement-display-component---detailAdm--attachments"}]}
COMMAND: POST /session/4b6079780f801ee5ca8e04de9c1ae743/execute/async - {"script":"<script> [6424 bytes]","args":[{"element-6066-11e4-a52e-4f735466cecf":"f.2A8A48C59FC3800155EB8E2C1BCE5643.d.AA16605DDECD376AE25F694D850B9DA3.e.3939"},"getTitle",[]]}
RESULT: {"script":"<script> [6424 bytes]","args":[{"element-6066-11e4-a52e-4f735466cecf":"f.2A8A48C59FC3800155EB8E2C1BCE5643.d.AA16605DDECD376AE25F694D850B9DA3.e.3939"},"getTitle",[]]}
COMMAND: POST /session/4b6079780f801ee5ca8e04de9c1ae743/element - {"using":"css selector","value":"#shell-header-logo"}
RESULT: {"using":"css selector","value":"#shell-header-logo"}
COMMAND: POST /session/4b6079780f801ee5ca8e04de9c1ae743/element/f.2A8A48C59FC3800155EB8E2C1BCE5643.d.AA16605DDECD376AE25F694D850B9DA3.e.3634/click - {}
RESULT: {}
COMMAND: GET /session/4b6079780f801ee5ca8e04de9c1ae743/screenshot - {}
RESULT: {}
COMMAND: GET /session/4b6079780f801ee5ca8e04de9c1ae743/screenshot - {}
RESULT: {}
COMMAND: DELETE /session/4b6079780f801ee5ca8e04de9c1ae743 - {}
RESULT: {}
]]></system-out>
    </testcase>
  </testsuite>
</testsuites>