<?xml version="1.0" encoding="UTF-8"?>
<testsuites tests="21" failures="0" errors="0" skipped="0">
  <testsuite timestamp="2025-04-17T05:48:00" time="410.619" tests="3" failures="0" errors="0" skipped="0">
    <properties>
      <property name="specId" value="0"/>
      <property name="suiteName" value="Create condition pricing US117289 US134625"/>
      <property name="capabilities" value="chrome.135_0_7049_42.windows"/>
      <property name="file" value="file:///D:/a/1/s/test/specs/BTS/create-condition-pricing.spec.js"/>
    </properties>
    <testcase classname="chrome.135_0_7049_42.windows.Create_condition_pricing_US117289_US134625" name="Should create a new yard used for all following tests" time="118.727">
      <system-out><![CDATA[
COMMAND: POST /session/5410ebbca63880522c561df3b9295ec8/window/fullscreen - {}
RESULT: {}
COMMAND: POST /session/5410ebbca63880522c561df3b9295ec8/execute/async - {"script":"<script> [1562 bytes]","args":[{"selector":{"controlType":"sap.m.GenericTile","properties":{"header":"Manage Yards"}},"wdio_ui5_key":"sapm.GenericTile{\"header\":\"Manage Yards\"}"}]}
RESULT: {"script":"<script> [1562 bytes]","args":[{"selector":{"controlType":"sap.m.GenericTile","properties":{"header":"Manage Yards"}},"wdio_ui5_key":"sapm.GenericTile{\"header\":\"Manage Yards\"}"}]}
RESULT: undefined
COMMAND: POST /session/5410ebbca63880522c561df3b9295ec8/element - {"using":"xpath","value":"//*[@id=\"__tile41\"]"}
RESULT: {"using":"xpath","value":"//*[@id=\"__tile41\"]"}
COMMAND: POST /session/5410ebbca63880522c561df3b9295ec8/element/f.A21AC8DC3B7A3D8172EB3983758B85EF.d.80F242417816DBB85C692CB3781038B0.e.159/click - {}
RESULT: {}
COMMAND: POST /session/5410ebbca63880522c561df3b9295ec8/element - {"using":"xpath","value":"//button[@data-kt=\"addNewYardOverflowToolbarButton\"]"}
COMMAND: GET /session/5410ebbca63880522c561df3b9295ec8/screenshot - {}
RESULT: {"using":"xpath","value":"//button[@data-kt=\"addNewYardOverflowToolbarButton\"]"}
COMMAND: POST /session/5410ebbca63880522c561df3b9295ec8/elements - {"using":"xpath","value":"//button[@data-kt=\"addNewYardOverflowToolbarButton\"]"}
RESULT: {}
RESULT: {"using":"xpath","value":"//button[@data-kt=\"addNewYardOverflowToolbarButton\"]"}
COMMAND: POST /session/5410ebbca63880522c561df3b9295ec8/elements - {"using":"xpath","value":"//button[@data-kt=\"addNewYardOverflowToolbarButton\"]"}
RESULT: {"using":"xpath","value":"//button[@data-kt=\"addNewYardOverflowToolbarButton\"]"}
COMMAND: POST /session/5410ebbca63880522c561df3b9295ec8/elements - {"using":"xpath","value":"//button[@data-kt=\"addNewYardOverflowToolbarButton\"]"}
RESULT: {"using":"xpath","value":"//button[@data-kt=\"addNewYardOverflowToolbarButton\"]"}
COMMAND: POST /session/5410ebbca63880522c561df3b9295ec8/elements - {"using":"xpath","value":"//button[@data-kt=\"addNewYardOverflowToolbarButton\"]"}
RESULT: {"using":"xpath","value":"//button[@data-kt=\"addNewYardOverflowToolbarButton\"]"}
COMMAND: POST /session/5410ebbca63880522c561df3b9295ec8/elements - {"using":"xpath","value":"//button[@data-kt=\"addNewYardOverflowToolbarButton\"]"}
RESULT: {"using":"xpath","value":"//button[@data-kt=\"addNewYardOverflowToolbarButton\"]"}
COMMAND: POST /session/5410ebbca63880522c561df3b9295ec8/elements - {"using":"xpath","value":"//button[@data-kt=\"addNewYardOverflowToolbarButton\"]"}
RESULT: {"using":"xpath","value":"//button[@data-kt=\"addNewYardOverflowToolbarButton\"]"}
COMMAND: POST /session/5410ebbca63880522c561df3b9295ec8/elements - {"using":"xpath","value":"//button[@data-kt=\"addNewYardOverflowToolbarButton\"]"}
RESULT: {"using":"xpath","value":"//button[@data-kt=\"addNewYardOverflowToolbarButton\"]"}
COMMAND: POST /session/5410ebbca63880522c561df3b9295ec8/elements - {"using":"xpath","value":"//button[@data-kt=\"addNewYardOverflowToolbarButton\"]"}
RESULT: {"using":"xpath","value":"//button[@data-kt=\"addNewYardOverflowToolbarButton\"]"}
COMMAND: POST /session/5410ebbca63880522c561df3b9295ec8/elements - {"using":"xpath","value":"//button[@data-kt=\"addNewYardOverflowToolbarButton\"]"}
RESULT: {"using":"xpath","value":"//button[@data-kt=\"addNewYardOverflowToolbarButton\"]"}
COMMAND: POST /session/5410ebbca63880522c561df3b9295ec8/elements - {"using":"xpath","value":"//button[@data-kt=\"addNewYardOverflowToolbarButton\"]"}
RESULT: {"using":"xpath","value":"//button[@data-kt=\"addNewYardOverflowToolbarButton\"]"}
COMMAND: POST /session/5410ebbca63880522c561df3b9295ec8/elements - {"using":"xpath","value":"//button[@data-kt=\"addNewYardOverflowToolbarButton\"]"}
RESULT: {"using":"xpath","value":"//button[@data-kt=\"addNewYardOverflowToolbarButton\"]"}
COMMAND: POST /session/5410ebbca63880522c561df3b9295ec8/elements - {"using":"xpath","value":"//button[@data-kt=\"addNewYardOverflowToolbarButton\"]"}
RESULT: {"using":"xpath","value":"//button[@data-kt=\"addNewYardOverflowToolbarButton\"]"}
COMMAND: POST /session/5410ebbca63880522c561df3b9295ec8/elements - {"using":"xpath","value":"//button[@data-kt=\"addNewYardOverflowToolbarButton\"]"}
RESULT: {"using":"xpath","value":"//button[@data-kt=\"addNewYardOverflowToolbarButton\"]"}
COMMAND: POST /session/5410ebbca63880522c561df3b9295ec8/elements - {"using":"xpath","value":"//button[@data-kt=\"addNewYardOverflowToolbarButton\"]"}
RESULT: {"using":"xpath","value":"//button[@data-kt=\"addNewYardOverflowToolbarButton\"]"}
COMMAND: POST /session/5410ebbca63880522c561df3b9295ec8/elements - {"using":"xpath","value":"//button[@data-kt=\"addNewYardOverflowToolbarButton\"]"}
RESULT: {"using":"xpath","value":"//button[@data-kt=\"addNewYardOverflowToolbarButton\"]"}
COMMAND: POST /session/5410ebbca63880522c561df3b9295ec8/elements - {"using":"xpath","value":"//button[@data-kt=\"addNewYardOverflowToolbarButton\"]"}
RESULT: {"using":"xpath","value":"//button[@data-kt=\"addNewYardOverflowToolbarButton\"]"}
COMMAND: POST /session/5410ebbca63880522c561df3b9295ec8/elements - {"using":"xpath","value":"//button[@data-kt=\"addNewYardOverflowToolbarButton\"]"}
RESULT: {"using":"xpath","value":"//button[@data-kt=\"addNewYardOverflowToolbarButton\"]"}
COMMAND: POST /session/5410ebbca63880522c561df3b9295ec8/elements - {"using":"xpath","value":"//button[@data-kt=\"addNewYardOverflowToolbarButton\"]"}
RESULT: {"using":"xpath","value":"//button[@data-kt=\"addNewYardOverflowToolbarButton\"]"}
COMMAND: POST /session/5410ebbca63880522c561df3b9295ec8/elements - {"using":"xpath","value":"//button[@data-kt=\"addNewYardOverflowToolbarButton\"]"}
RESULT: {"using":"xpath","value":"//button[@data-kt=\"addNewYardOverflowToolbarButton\"]"}
COMMAND: POST /session/5410ebbca63880522c561df3b9295ec8/elements - {"using":"xpath","value":"//button[@data-kt=\"addNewYardOverflowToolbarButton\"]"}
RESULT: {"using":"xpath","value":"//button[@data-kt=\"addNewYardOverflowToolbarButton\"]"}
COMMAND: POST /session/5410ebbca63880522c561df3b9295ec8/elements - {"using":"xpath","value":"//button[@data-kt=\"addNewYardOverflowToolbarButton\"]"}
RESULT: {"using":"xpath","value":"//button[@data-kt=\"addNewYardOverflowToolbarButton\"]"}
COMMAND: POST /session/5410ebbca63880522c561df3b9295ec8/elements - {"using":"xpath","value":"//button[@data-kt=\"addNewYardOverflowToolbarButton\"]"}
RESULT: {"using":"xpath","value":"//button[@data-kt=\"addNewYardOverflowToolbarButton\"]"}
COMMAND: POST /session/5410ebbca63880522c561df3b9295ec8/elements - {"using":"xpath","value":"//button[@data-kt=\"addNewYardOverflowToolbarButton\"]"}
RESULT: {"using":"xpath","value":"//button[@data-kt=\"addNewYardOverflowToolbarButton\"]"}
COMMAND: POST /session/5410ebbca63880522c561df3b9295ec8/elements - {"using":"xpath","value":"//button[@data-kt=\"addNewYardOverflowToolbarButton\"]"}
RESULT: {"using":"xpath","value":"//button[@data-kt=\"addNewYardOverflowToolbarButton\"]"}
COMMAND: POST /session/5410ebbca63880522c561df3b9295ec8/elements - {"using":"xpath","value":"//button[@data-kt=\"addNewYardOverflowToolbarButton\"]"}
RESULT: {"using":"xpath","value":"//button[@data-kt=\"addNewYardOverflowToolbarButton\"]"}
COMMAND: POST /session/5410ebbca63880522c561df3b9295ec8/elements - {"using":"xpath","value":"//button[@data-kt=\"addNewYardOverflowToolbarButton\"]"}
RESULT: {"using":"xpath","value":"//button[@data-kt=\"addNewYardOverflowToolbarButton\"]"}
COMMAND: POST /session/5410ebbca63880522c561df3b9295ec8/elements - {"using":"xpath","value":"//button[@data-kt=\"addNewYardOverflowToolbarButton\"]"}
RESULT: {"using":"xpath","value":"//button[@data-kt=\"addNewYardOverflowToolbarButton\"]"}
COMMAND: POST /session/5410ebbca63880522c561df3b9295ec8/elements - {"using":"xpath","value":"//button[@data-kt=\"addNewYardOverflowToolbarButton\"]"}
RESULT: {"using":"xpath","value":"//button[@data-kt=\"addNewYardOverflowToolbarButton\"]"}
COMMAND: POST /session/5410ebbca63880522c561df3b9295ec8/elements - {"using":"xpath","value":"//button[@data-kt=\"addNewYardOverflowToolbarButton\"]"}
RESULT: {"using":"xpath","value":"//button[@data-kt=\"addNewYardOverflowToolbarButton\"]"}
COMMAND: POST /session/5410ebbca63880522c561df3b9295ec8/elements - {"using":"xpath","value":"//button[@data-kt=\"addNewYardOverflowToolbarButton\"]"}
RESULT: {"using":"xpath","value":"//button[@data-kt=\"addNewYardOverflowToolbarButton\"]"}
COMMAND: POST /session/5410ebbca63880522c561df3b9295ec8/elements - {"using":"xpath","value":"//button[@data-kt=\"addNewYardOverflowToolbarButton\"]"}
RESULT: {"using":"xpath","value":"//button[@data-kt=\"addNewYardOverflowToolbarButton\"]"}
COMMAND: POST /session/5410ebbca63880522c561df3b9295ec8/elements - {"using":"xpath","value":"//button[@data-kt=\"addNewYardOverflowToolbarButton\"]"}
RESULT: {"using":"xpath","value":"//button[@data-kt=\"addNewYardOverflowToolbarButton\"]"}
COMMAND: POST /session/5410ebbca63880522c561df3b9295ec8/elements - {"using":"xpath","value":"//button[@data-kt=\"addNewYardOverflowToolbarButton\"]"}
RESULT: {"using":"xpath","value":"//button[@data-kt=\"addNewYardOverflowToolbarButton\"]"}
COMMAND: POST /session/5410ebbca63880522c561df3b9295ec8/elements - {"using":"xpath","value":"//button[@data-kt=\"addNewYardOverflowToolbarButton\"]"}
RESULT: {"using":"xpath","value":"//button[@data-kt=\"addNewYardOverflowToolbarButton\"]"}
COMMAND: POST /session/5410ebbca63880522c561df3b9295ec8/elements - {"using":"xpath","value":"//button[@data-kt=\"addNewYardOverflowToolbarButton\"]"}
RESULT: {"using":"xpath","value":"//button[@data-kt=\"addNewYardOverflowToolbarButton\"]"}
COMMAND: POST /session/5410ebbca63880522c561df3b9295ec8/elements - {"using":"xpath","value":"//button[@data-kt=\"addNewYardOverflowToolbarButton\"]"}
RESULT: {"using":"xpath","value":"//button[@data-kt=\"addNewYardOverflowToolbarButton\"]"}
COMMAND: POST /session/5410ebbca63880522c561df3b9295ec8/elements - {"using":"xpath","value":"//button[@data-kt=\"addNewYardOverflowToolbarButton\"]"}
RESULT: {"using":"xpath","value":"//button[@data-kt=\"addNewYardOverflowToolbarButton\"]"}
COMMAND: POST /session/5410ebbca63880522c561df3b9295ec8/elements - {"using":"xpath","value":"//button[@data-kt=\"addNewYardOverflowToolbarButton\"]"}
RESULT: {"using":"xpath","value":"//button[@data-kt=\"addNewYardOverflowToolbarButton\"]"}
COMMAND: POST /session/5410ebbca63880522c561df3b9295ec8/element - {"using":"xpath","value":"//button[@data-kt=\"addNewYardOverflowToolbarButton\"]"}
RESULT: {"using":"xpath","value":"//button[@data-kt=\"addNewYardOverflowToolbarButton\"]"}
COMMAND: POST /session/5410ebbca63880522c561df3b9295ec8/execute/sync - {"script":"<script> [8489 bytes]","args":[{"element-6066-11e4-a52e-4f735466cecf":"f.A21AC8DC3B7A3D8172EB3983758B85EF.d.80F242417816DBB85C692CB3781038B0.e.281","ELEMENT":"f.A21AC8DC3B7A3D8172EB3983758B85EF.d.80F242417816DBB85C692CB3781038B0.e.281"}]}
RESULT: {"script":"<script> [8489 bytes]","args":[{"element-6066-11e4-a52e-4f735466cecf":"f.A21AC8DC3B7A3D8172EB3983758B85EF.d.80F242417816DBB85C692CB3781038B0.e.281","ELEMENT":"f.A21AC8DC3B7A3D8172EB3983758B85EF.d.80F242417816DBB85C692CB3781038B0.e.281"}]}
COMMAND: GET /session/5410ebbca63880522c561df3b9295ec8/element/f.A21AC8DC3B7A3D8172EB3983758B85EF.d.80F242417816DBB85C692CB3781038B0.e.281/enabled - {}
COMMAND: GET /session/5410ebbca63880522c561df3b9295ec8/screenshot - {}
RESULT: {}
COMMAND: POST /session/5410ebbca63880522c561df3b9295ec8/execute/sync - {"script":"<script> [8489 bytes]","args":[{"element-6066-11e4-a52e-4f735466cecf":"f.A21AC8DC3B7A3D8172EB3983758B85EF.d.80F242417816DBB85C692CB3781038B0.e.281","ELEMENT":"f.A21AC8DC3B7A3D8172EB3983758B85EF.d.80F242417816DBB85C692CB3781038B0.e.281"}]}
COMMAND: GET /session/5410ebbca63880522c561df3b9295ec8/screenshot - {}
RESULT: {}
RESULT: {"script":"<script> [8489 bytes]","args":[{"element-6066-11e4-a52e-4f735466cecf":"f.A21AC8DC3B7A3D8172EB3983758B85EF.d.80F242417816DBB85C692CB3781038B0.e.281","ELEMENT":"f.A21AC8DC3B7A3D8172EB3983758B85EF.d.80F242417816DBB85C692CB3781038B0.e.281"}]}
COMMAND: POST /session/5410ebbca63880522c561df3b9295ec8/execute/sync - {"script":"<script> [5351 bytes]","args":[{"element-6066-11e4-a52e-4f735466cecf":"f.A21AC8DC3B7A3D8172EB3983758B85EF.d.80F242417816DBB85C692CB3781038B0.e.281","ELEMENT":"f.A21AC8DC3B7A3D8172EB3983758B85EF.d.80F242417816DBB85C692CB3781038B0.e.281"}]}
COMMAND: GET /session/5410ebbca63880522c561df3b9295ec8/screenshot - {}
RESULT: {}
RESULT: {"script":"<script> [5351 bytes]","args":[{"element-6066-11e4-a52e-4f735466cecf":"f.A21AC8DC3B7A3D8172EB3983758B85EF.d.80F242417816DBB85C692CB3781038B0.e.281","ELEMENT":"f.A21AC8DC3B7A3D8172EB3983758B85EF.d.80F242417816DBB85C692CB3781038B0.e.281"}]}
COMMAND: POST /session/5410ebbca63880522c561df3b9295ec8/element/f.A21AC8DC3B7A3D8172EB3983758B85EF.d.80F242417816DBB85C692CB3781038B0.e.281/click - {}
COMMAND: GET /session/5410ebbca63880522c561df3b9295ec8/screenshot - {}
RESULT: {}
RESULT: {}
COMMAND: GET /session/5410ebbca63880522c561df3b9295ec8/screenshot - {}
COMMAND: POST /session/5410ebbca63880522c561df3b9295ec8/element - {"using":"xpath","value":"//input[@id=\"application-manageyards-display-component---NewYard--yardId-inner\"]"}
RESULT: {}
RESULT: {}
RESULT: {"using":"xpath","value":"//input[@id=\"application-manageyards-display-component---NewYard--yardId-inner\"]"}
COMMAND: POST /session/5410ebbca63880522c561df3b9295ec8/element - {"using":"xpath","value":"//input[@id=\"application-manageyards-display-component---NewYard--yardId-inner\"]"}
RESULT: {"using":"xpath","value":"//input[@id=\"application-manageyards-display-component---NewYard--yardId-inner\"]"}
COMMAND: POST /session/5410ebbca63880522c561df3b9295ec8/execute/async - {"script":"<script> [1562 bytes]","args":[{"selector":{"id":"application-manageyards-display-component---NewYard--addressDetailDetailsName1","interaction":{"idSuffix":"inner"}},"wdio_ui5_key":"applicationmanageyards-display-component---NewYard--addressDetailDetailsName1"}]}
RESULT: {"script":"<script> [1562 bytes]","args":[{"selector":{"id":"application-manageyards-display-component---NewYard--addressDetailDetailsName1","interaction":{"idSuffix":"inner"}},"wdio_ui5_key":"applicationmanageyards-display-component---NewYard--addressDetailDetailsName1"}]}
RESULT: undefined
COMMAND: POST /session/5410ebbca63880522c561df3b9295ec8/execute/async - {"script":"<script> [776 bytes]","args":[{"enterText":"DailyPrice WDIO","selector":{"id":"application-manageyards-display-component---NewYard--addressDetailDetailsName1","interaction":{"idSuffix":"inner"}},"clearTextFirst":true,"interactionType":"ENTER_TEXT"}]}
RESULT: {"script":"<script> [776 bytes]","args":[{"enterText":"DailyPrice WDIO","selector":{"id":"application-manageyards-display-component---NewYard--addressDetailDetailsName1","interaction":{"idSuffix":"inner"}},"clearTextFirst":true,"interactionType":"ENTER_TEXT"}]}
COMMAND: POST /session/5410ebbca63880522c561df3b9295ec8/execute/async - {"script":"<script> [1562 bytes]","args":[{"selector":{"id":"application-manageyards-display-component---NewYard--addressDetailDetailsLanguage-arrow"},"wdio_ui5_key":"applicationmanageyards-display-component---NewYard--addressDetailDetailsLanguage-arrow"}]}
RESULT: {"script":"<script> [1562 bytes]","args":[{"selector":{"id":"application-manageyards-display-component---NewYard--addressDetailDetailsLanguage-arrow"},"wdio_ui5_key":"applicationmanageyards-display-component---NewYard--addressDetailDetailsLanguage-arrow"}]}
RESULT: undefined
COMMAND: POST /session/5410ebbca63880522c561df3b9295ec8/element - {"using":"xpath","value":"//*[@id=\"application-manageyards-display-component---NewYard--addressDetailDetailsLanguage-arrow\"]"}
RESULT: {"using":"xpath","value":"//*[@id=\"application-manageyards-display-component---NewYard--addressDetailDetailsLanguage-arrow\"]"}
COMMAND: POST /session/5410ebbca63880522c561df3b9295ec8/element/f.A21AC8DC3B7A3D8172EB3983758B85EF.d.80F242417816DBB85C692CB3781038B0.e.721/click - {}
RESULT: {}
COMMAND: POST /session/5410ebbca63880522c561df3b9295ec8/element - {"using":"xpath","value":"//span[contains(text(), \"English\")]"}
COMMAND: GET /session/5410ebbca63880522c561df3b9295ec8/screenshot - {}
RESULT: {"using":"xpath","value":"//span[contains(text(), \"English\")]"}
COMMAND: POST /session/5410ebbca63880522c561df3b9295ec8/element/f.A21AC8DC3B7A3D8172EB3983758B85EF.d.80F242417816DBB85C692CB3781038B0.e.722/click - {}
RESULT: {}
RESULT: {}
COMMAND: POST /session/5410ebbca63880522c561df3b9295ec8/execute/async - {"script":"<script> [1562 bytes]","args":[{"selector":{"id":"application-manageyards-display-component---NewYard--addressDetailDetailsCity1","interaction":{"idSuffix":"inner"}},"wdio_ui5_key":"applicationmanageyards-display-component---NewYard--addressDetailDetailsCity1"}]}
COMMAND: GET /session/5410ebbca63880522c561df3b9295ec8/screenshot - {}
RESULT: {"script":"<script> [1562 bytes]","args":[{"selector":{"id":"application-manageyards-display-component---NewYard--addressDetailDetailsCity1","interaction":{"idSuffix":"inner"}},"wdio_ui5_key":"applicationmanageyards-display-component---NewYard--addressDetailDetailsCity1"}]}
RESULT: undefined
COMMAND: POST /session/5410ebbca63880522c561df3b9295ec8/execute/async - {"script":"<script> [776 bytes]","args":[{"enterText":"Rosario","selector":{"id":"application-manageyards-display-component---NewYard--addressDetailDetailsCity1","interaction":{"idSuffix":"inner"}},"clearTextFirst":true,"interactionType":"ENTER_TEXT"}]}
RESULT: {}
RESULT: {"script":"<script> [776 bytes]","args":[{"enterText":"Rosario","selector":{"id":"application-manageyards-display-component---NewYard--addressDetailDetailsCity1","interaction":{"idSuffix":"inner"}},"clearTextFirst":true,"interactionType":"ENTER_TEXT"}]}
COMMAND: POST /session/5410ebbca63880522c561df3b9295ec8/execute/async - {"script":"<script> [1562 bytes]","args":[{"selector":{"id":"application-manageyards-display-component---NewYard--addressDetailDetailsCountry-arrow"},"wdio_ui5_key":"applicationmanageyards-display-component---NewYard--addressDetailDetailsCountry-arrow"}]}
RESULT: {"script":"<script> [1562 bytes]","args":[{"selector":{"id":"application-manageyards-display-component---NewYard--addressDetailDetailsCountry-arrow"},"wdio_ui5_key":"applicationmanageyards-display-component---NewYard--addressDetailDetailsCountry-arrow"}]}
RESULT: undefined
COMMAND: POST /session/5410ebbca63880522c561df3b9295ec8/element - {"using":"xpath","value":"//*[@id=\"application-manageyards-display-component---NewYard--addressDetailDetailsCountry-arrow\"]"}
RESULT: {"using":"xpath","value":"//*[@id=\"application-manageyards-display-component---NewYard--addressDetailDetailsCountry-arrow\"]"}
COMMAND: POST /session/5410ebbca63880522c561df3b9295ec8/element/f.A21AC8DC3B7A3D8172EB3983758B85EF.d.80F242417816DBB85C692CB3781038B0.e.724/click - {}
RESULT: {}
COMMAND: POST /session/5410ebbca63880522c561df3b9295ec8/element - {"using":"xpath","value":"//span[contains(text(), \"Argentina\")]"}
COMMAND: GET /session/5410ebbca63880522c561df3b9295ec8/screenshot - {}
RESULT: {"using":"xpath","value":"//span[contains(text(), \"Argentina\")]"}
COMMAND: POST /session/5410ebbca63880522c561df3b9295ec8/element/f.A21AC8DC3B7A3D8172EB3983758B85EF.d.80F242417816DBB85C692CB3781038B0.e.725/click - {}
RESULT: {}
RESULT: {}
COMMAND: POST /session/5410ebbca63880522c561df3b9295ec8/execute/async - {"script":"<script> [1562 bytes]","args":[{"selector":{"id":"application-manageyards-display-component---NewYard--addressEditDetailsCostObjectCstType-arrow"},"wdio_ui5_key":"applicationmanageyards-display-component---NewYard--addressEditDetailsCostObjectCstType-arrow"}]}
COMMAND: GET /session/5410ebbca63880522c561df3b9295ec8/screenshot - {}
RESULT: {"script":"<script> [1562 bytes]","args":[{"selector":{"id":"application-manageyards-display-component---NewYard--addressEditDetailsCostObjectCstType-arrow"},"wdio_ui5_key":"applicationmanageyards-display-component---NewYard--addressEditDetailsCostObjectCstType-arrow"}]}
RESULT: undefined
COMMAND: POST /session/5410ebbca63880522c561df3b9295ec8/element - {"using":"xpath","value":"//*[@id=\"application-manageyards-display-component---NewYard--addressEditDetailsCostObjectCstType-arrow\"]"}
RESULT: {}
RESULT: {"using":"xpath","value":"//*[@id=\"application-manageyards-display-component---NewYard--addressEditDetailsCostObjectCstType-arrow\"]"}
COMMAND: POST /session/5410ebbca63880522c561df3b9295ec8/element/f.A21AC8DC3B7A3D8172EB3983758B85EF.d.80F242417816DBB85C692CB3781038B0.e.727/click - {}
RESULT: {}
COMMAND: POST /session/5410ebbca63880522c561df3b9295ec8/element - {"using":"xpath","value":"//span[contains(text(), \"Cost Center\")]"}
COMMAND: GET /session/5410ebbca63880522c561df3b9295ec8/screenshot - {}
RESULT: {"using":"xpath","value":"//span[contains(text(), \"Cost Center\")]"}
COMMAND: POST /session/5410ebbca63880522c561df3b9295ec8/element/f.A21AC8DC3B7A3D8172EB3983758B85EF.d.80F242417816DBB85C692CB3781038B0.e.728/click - {}
RESULT: {}
RESULT: {}
COMMAND: GET /session/5410ebbca63880522c561df3b9295ec8/screenshot - {}
RESULT: {}
COMMAND: POST /session/5410ebbca63880522c561df3b9295ec8/element - {"using":"xpath","value":"//span[@id=\"application-manageyards-display-component---NewYard--addressNewCostObjectCstID-vhi\"]"}
RESULT: {"using":"xpath","value":"//span[@id=\"application-manageyards-display-component---NewYard--addressNewCostObjectCstID-vhi\"]"}
COMMAND: POST /session/5410ebbca63880522c561df3b9295ec8/execute/sync - {"script":"<script> [8489 bytes]","args":[{"element-6066-11e4-a52e-4f735466cecf":"f.A21AC8DC3B7A3D8172EB3983758B85EF.d.80F242417816DBB85C692CB3781038B0.e.731","ELEMENT":"f.A21AC8DC3B7A3D8172EB3983758B85EF.d.80F242417816DBB85C692CB3781038B0.e.731"}]}
RESULT: {"script":"<script> [8489 bytes]","args":[{"element-6066-11e4-a52e-4f735466cecf":"f.A21AC8DC3B7A3D8172EB3983758B85EF.d.80F242417816DBB85C692CB3781038B0.e.731","ELEMENT":"f.A21AC8DC3B7A3D8172EB3983758B85EF.d.80F242417816DBB85C692CB3781038B0.e.731"}]}
COMMAND: POST /session/5410ebbca63880522c561df3b9295ec8/execute/async - {"script":"<script> [1562 bytes]","args":[{"selector":{"id":"application-manageyards-display-component---NewYard--addressNewCostObjectCstID-vhi"},"wdio_ui5_key":"applicationmanageyards-display-component---NewYard--addressNewCostObjectCstID-vhi"}]}
COMMAND: GET /session/5410ebbca63880522c561df3b9295ec8/screenshot - {}
RESULT: {"script":"<script> [1562 bytes]","args":[{"selector":{"id":"application-manageyards-display-component---NewYard--addressNewCostObjectCstID-vhi"},"wdio_ui5_key":"applicationmanageyards-display-component---NewYard--addressNewCostObjectCstID-vhi"}]}
RESULT: undefined
COMMAND: POST /session/5410ebbca63880522c561df3b9295ec8/element - {"using":"xpath","value":"//*[@id=\"application-manageyards-display-component---NewYard--addressNewCostObjectCstID-vhi\"]"}
RESULT: {}
RESULT: {"using":"xpath","value":"//*[@id=\"application-manageyards-display-component---NewYard--addressNewCostObjectCstID-vhi\"]"}
COMMAND: POST /session/5410ebbca63880522c561df3b9295ec8/element/f.A21AC8DC3B7A3D8172EB3983758B85EF.d.80F242417816DBB85C692CB3781038B0.e.731/click - {}
RESULT: {}
COMMAND: GET /session/5410ebbca63880522c561df3b9295ec8/screenshot - {}
RESULT: {}
COMMAND: POST /session/5410ebbca63880522c561df3b9295ec8/execute/async - {"script":"<script> [1562 bytes]","args":[{"selector":{"controlType":"sap.m.SearchField","properties":{"placeholder":"Search"},"searchOpenDialogs":true,"interaction":{"idSuffix":"I"}},"wdio_ui5_key":"sapm.SearchField{\"placeholder\":\"Search\"}"}]}
RESULT: {"script":"<script> [1562 bytes]","args":[{"selector":{"controlType":"sap.m.SearchField","properties":{"placeholder":"Search"},"searchOpenDialogs":true,"interaction":{"idSuffix":"I"}},"wdio_ui5_key":"sapm.SearchField{\"placeholder\":\"Search\"}"}]}
RESULT: undefined
COMMAND: POST /session/5410ebbca63880522c561df3b9295ec8/execute/async - {"script":"<script> [776 bytes]","args":[{"enterText":"10001013","selector":{"controlType":"sap.m.SearchField","properties":{"placeholder":"Search"},"searchOpenDialogs":true,"interaction":{"idSuffix":"I"}},"clearTextFirst":true,"interactionType":"ENTER_TEXT"}]}
RESULT: {"script":"<script> [776 bytes]","args":[{"enterText":"10001013","selector":{"controlType":"sap.m.SearchField","properties":{"placeholder":"Search"},"searchOpenDialogs":true,"interaction":{"idSuffix":"I"}},"clearTextFirst":true,"interactionType":"ENTER_TEXT"}]}
COMMAND: POST /session/5410ebbca63880522c561df3b9295ec8/actions - {"actions":[{"id":"action1","type":"key","parameters":{},"actions":[{"type":"keyDown","value":""},{"type":"pause","duration":10},{"type":"keyUp","value":""}]}]}
RESULT: {"actions":[{"id":"action1","type":"key","parameters":{},"actions":[{"type":"keyDown","value":""},{"type":"pause","duration":10},{"type":"keyUp","value":""}]}]}
COMMAND: GET /session/5410ebbca63880522c561df3b9295ec8/screenshot - {}
RESULT: {}
COMMAND: POST /session/5410ebbca63880522c561df3b9295ec8/element - {"using":"xpath","value":"//span[contains(text(), \"General Management\")]"}
RESULT: {"using":"xpath","value":"//span[contains(text(), \"General Management\")]"}
COMMAND: POST /session/5410ebbca63880522c561df3b9295ec8/element/f.A21AC8DC3B7A3D8172EB3983758B85EF.d.80F242417816DBB85C692CB3781038B0.e.771/click - {}
RESULT: {}
COMMAND: GET /session/5410ebbca63880522c561df3b9295ec8/screenshot - {}
RESULT: {}
COMMAND: POST /session/5410ebbca63880522c561df3b9295ec8/element - {"using":"xpath","value":"//bdi[contains(text(), \"OK\")]"}
RESULT: {"using":"xpath","value":"//bdi[contains(text(), \"OK\")]"}
COMMAND: POST /session/5410ebbca63880522c561df3b9295ec8/element/f.A21AC8DC3B7A3D8172EB3983758B85EF.d.80F242417816DBB85C692CB3781038B0.e.772/click - {}
RESULT: {}
COMMAND: GET /session/5410ebbca63880522c561df3b9295ec8/screenshot - {}
RESULT: {}
COMMAND: POST /session/5410ebbca63880522c561df3b9295ec8/execute/async - {"script":"<script> [1562 bytes]","args":[{"selector":{"id":"application-manageyards-display-component---NewYard--addressEditDetailsCurrency-arrow"},"wdio_ui5_key":"applicationmanageyards-display-component---NewYard--addressEditDetailsCurrency-arrow"}]}
RESULT: {"script":"<script> [1562 bytes]","args":[{"selector":{"id":"application-manageyards-display-component---NewYard--addressEditDetailsCurrency-arrow"},"wdio_ui5_key":"applicationmanageyards-display-component---NewYard--addressEditDetailsCurrency-arrow"}]}
RESULT: undefined
COMMAND: POST /session/5410ebbca63880522c561df3b9295ec8/element - {"using":"xpath","value":"//*[@id=\"application-manageyards-display-component---NewYard--addressEditDetailsCurrency-arrow\"]"}
RESULT: {"using":"xpath","value":"//*[@id=\"application-manageyards-display-component---NewYard--addressEditDetailsCurrency-arrow\"]"}
COMMAND: POST /session/5410ebbca63880522c561df3b9295ec8/element/f.A21AC8DC3B7A3D8172EB3983758B85EF.d.80F242417816DBB85C692CB3781038B0.e.775/click - {}
RESULT: {}
COMMAND: POST /session/5410ebbca63880522c561df3b9295ec8/element - {"using":"xpath","value":"//span[contains(text(), \"Euro\")]"}
COMMAND: GET /session/5410ebbca63880522c561df3b9295ec8/screenshot - {}
RESULT: {"using":"xpath","value":"//span[contains(text(), \"Euro\")]"}
COMMAND: POST /session/5410ebbca63880522c561df3b9295ec8/element/f.A21AC8DC3B7A3D8172EB3983758B85EF.d.80F242417816DBB85C692CB3781038B0.e.776/click - {}
RESULT: {}
RESULT: {}
COMMAND: POST /session/5410ebbca63880522c561df3b9295ec8/execute/async - {"script":"<script> [1562 bytes]","args":[{"selector":{"controlType":"sap.m.Input","viewName":"etm.portal.ui.manageyards.view.New","viewId":"application-manageyards-display-component---NewYard","bindingPath":{"path":"","propertyPath":"/CONTROLLING_AREA","modelName":"NewYardModel"},"interaction":{"idSuffix":"inner"}},"wdio_ui5_key":"etmportal.ui.manageyards.view.Newsap.m.Input{\"path\":\"\",\"propertyPath\":\"/CONTROLLING_AREA\",\"modelName\":\"NewYardModel\"}"}]}
COMMAND: GET /session/5410ebbca63880522c561df3b9295ec8/screenshot - {}
RESULT: {"script":"<script> [1562 bytes]","args":[{"selector":{"controlType":"sap.m.Input","viewName":"etm.portal.ui.manageyards.view.New","viewId":"application-manageyards-display-component---NewYard","bindingPath":{"path":"","propertyPath":"/CONTROLLING_AREA","modelName":"NewYardModel"},"interaction":{"idSuffix":"inner"}},"wdio_ui5_key":"etmportal.ui.manageyards.view.Newsap.m.Input{\"path\":\"\",\"propertyPath\":\"/CONTROLLING_AREA\",\"modelName\":\"NewYardModel\"}"}]}
RESULT: undefined
COMMAND: POST /session/5410ebbca63880522c561df3b9295ec8/execute/async - {"script":"<script> [776 bytes]","args":[{"enterText":"Z001","selector":{"controlType":"sap.m.Input","viewName":"etm.portal.ui.manageyards.view.New","viewId":"application-manageyards-display-component---NewYard","bindingPath":{"path":"","propertyPath":"/CONTROLLING_AREA","modelName":"NewYardModel"},"interaction":{"idSuffix":"inner"}},"clearTextFirst":true,"interactionType":"ENTER_TEXT"}]}
RESULT: {}
RESULT: {"script":"<script> [776 bytes]","args":[{"enterText":"Z001","selector":{"controlType":"sap.m.Input","viewName":"etm.portal.ui.manageyards.view.New","viewId":"application-manageyards-display-component---NewYard","bindingPath":{"path":"","propertyPath":"/CONTROLLING_AREA","modelName":"NewYardModel"},"interaction":{"idSuffix":"inner"}},"clearTextFirst":true,"interactionType":"ENTER_TEXT"}]}
COMMAND: POST /session/5410ebbca63880522c561df3b9295ec8/execute/async - {"script":"<script> [1562 bytes]","args":[{"selector":{"id":"application-manageyards-display-component---NewYard--companyCodeComboBox","interaction":{"idSuffix":"inner"}},"wdio_ui5_key":"applicationmanageyards-display-component---NewYard--companyCodeComboBox"}]}
RESULT: {"script":"<script> [1562 bytes]","args":[{"selector":{"id":"application-manageyards-display-component---NewYard--companyCodeComboBox","interaction":{"idSuffix":"inner"}},"wdio_ui5_key":"applicationmanageyards-display-component---NewYard--companyCodeComboBox"}]}
RESULT: undefined
COMMAND: POST /session/5410ebbca63880522c561df3b9295ec8/execute/async - {"script":"<script> [776 bytes]","args":[{"enterText":"1000","selector":{"id":"application-manageyards-display-component---NewYard--companyCodeComboBox","interaction":{"idSuffix":"inner"}},"clearTextFirst":true,"interactionType":"ENTER_TEXT"}]}
RESULT: {"script":"<script> [776 bytes]","args":[{"enterText":"1000","selector":{"id":"application-manageyards-display-component---NewYard--companyCodeComboBox","interaction":{"idSuffix":"inner"}},"clearTextFirst":true,"interactionType":"ENTER_TEXT"}]}
COMMAND: POST /session/5410ebbca63880522c561df3b9295ec8/execute/async - {"script":"<script> [1562 bytes]","args":[{"selector":{"controlType":"sap.m.Input","viewName":"etm.portal.ui.manageyards.view.New","viewId":"application-manageyards-display-component---NewYard","bindingPath":{"path":"","propertyPath":"/PLANT","modelName":"NewYardModel"},"interaction":{"idSuffix":"inner"}},"wdio_ui5_key":"etmportal.ui.manageyards.view.Newsap.m.Input{\"path\":\"\",\"propertyPath\":\"/PLANT\",\"modelName\":\"NewYardModel\"}"}]}
RESULT: {"script":"<script> [1562 bytes]","args":[{"selector":{"controlType":"sap.m.Input","viewName":"etm.portal.ui.manageyards.view.New","viewId":"application-manageyards-display-component---NewYard","bindingPath":{"path":"","propertyPath":"/PLANT","modelName":"NewYardModel"},"interaction":{"idSuffix":"inner"}},"wdio_ui5_key":"etmportal.ui.manageyards.view.Newsap.m.Input{\"path\":\"\",\"propertyPath\":\"/PLANT\",\"modelName\":\"NewYardModel\"}"}]}
RESULT: undefined
COMMAND: POST /session/5410ebbca63880522c561df3b9295ec8/execute/async - {"script":"<script> [776 bytes]","args":[{"enterText":"1001","selector":{"controlType":"sap.m.Input","viewName":"etm.portal.ui.manageyards.view.New","viewId":"application-manageyards-display-component---NewYard","bindingPath":{"path":"","propertyPath":"/PLANT","modelName":"NewYardModel"},"interaction":{"idSuffix":"inner"}},"clearTextFirst":true,"interactionType":"ENTER_TEXT"}]}
RESULT: {"script":"<script> [776 bytes]","args":[{"enterText":"1001","selector":{"controlType":"sap.m.Input","viewName":"etm.portal.ui.manageyards.view.New","viewId":"application-manageyards-display-component---NewYard","bindingPath":{"path":"","propertyPath":"/PLANT","modelName":"NewYardModel"},"interaction":{"idSuffix":"inner"}},"clearTextFirst":true,"interactionType":"ENTER_TEXT"}]}
COMMAND: POST /session/5410ebbca63880522c561df3b9295ec8/execute/async - {"script":"<script> [1562 bytes]","args":[{"selector":{"controlType":"sap.m.Input","viewName":"etm.portal.ui.manageyards.view.New","viewId":"application-manageyards-display-component---NewYard","bindingPath":{"path":"","propertyPath":"/SALES_AREA_VKORG","modelName":"NewYardModel"},"interaction":{"idSuffix":"inner"}},"wdio_ui5_key":"etmportal.ui.manageyards.view.Newsap.m.Input{\"path\":\"\",\"propertyPath\":\"/SALES_AREA_VKORG\",\"modelName\":\"NewYardModel\"}"}]}
RESULT: {"script":"<script> [1562 bytes]","args":[{"selector":{"controlType":"sap.m.Input","viewName":"etm.portal.ui.manageyards.view.New","viewId":"application-manageyards-display-component---NewYard","bindingPath":{"path":"","propertyPath":"/SALES_AREA_VKORG","modelName":"NewYardModel"},"interaction":{"idSuffix":"inner"}},"wdio_ui5_key":"etmportal.ui.manageyards.view.Newsap.m.Input{\"path\":\"\",\"propertyPath\":\"/SALES_AREA_VKORG\",\"modelName\":\"NewYardModel\"}"}]}
RESULT: undefined
COMMAND: POST /session/5410ebbca63880522c561df3b9295ec8/execute/async - {"script":"<script> [776 bytes]","args":[{"enterText":"C002","selector":{"controlType":"sap.m.Input","viewName":"etm.portal.ui.manageyards.view.New","viewId":"application-manageyards-display-component---NewYard","bindingPath":{"path":"","propertyPath":"/SALES_AREA_VKORG","modelName":"NewYardModel"},"interaction":{"idSuffix":"inner"}},"clearTextFirst":true,"interactionType":"ENTER_TEXT"}]}
RESULT: {"script":"<script> [776 bytes]","args":[{"enterText":"C002","selector":{"controlType":"sap.m.Input","viewName":"etm.portal.ui.manageyards.view.New","viewId":"application-manageyards-display-component---NewYard","bindingPath":{"path":"","propertyPath":"/SALES_AREA_VKORG","modelName":"NewYardModel"},"interaction":{"idSuffix":"inner"}},"clearTextFirst":true,"interactionType":"ENTER_TEXT"}]}
COMMAND: POST /session/5410ebbca63880522c561df3b9295ec8/execute/async - {"script":"<script> [1562 bytes]","args":[{"selector":{"controlType":"sap.m.Input","viewName":"etm.portal.ui.manageyards.view.New","viewId":"application-manageyards-display-component---NewYard","bindingPath":{"path":"","propertyPath":"/SALES_AREA_VTWEG","modelName":"NewYardModel"},"interaction":{"idSuffix":"inner"}},"wdio_ui5_key":"etmportal.ui.manageyards.view.Newsap.m.Input{\"path\":\"\",\"propertyPath\":\"/SALES_AREA_VTWEG\",\"modelName\":\"NewYardModel\"}"}]}
RESULT: {"script":"<script> [1562 bytes]","args":[{"selector":{"controlType":"sap.m.Input","viewName":"etm.portal.ui.manageyards.view.New","viewId":"application-manageyards-display-component---NewYard","bindingPath":{"path":"","propertyPath":"/SALES_AREA_VTWEG","modelName":"NewYardModel"},"interaction":{"idSuffix":"inner"}},"wdio_ui5_key":"etmportal.ui.manageyards.view.Newsap.m.Input{\"path\":\"\",\"propertyPath\":\"/SALES_AREA_VTWEG\",\"modelName\":\"NewYardModel\"}"}]}
RESULT: undefined
COMMAND: POST /session/5410ebbca63880522c561df3b9295ec8/execute/async - {"script":"<script> [776 bytes]","args":[{"enterText":"C2","selector":{"controlType":"sap.m.Input","viewName":"etm.portal.ui.manageyards.view.New","viewId":"application-manageyards-display-component---NewYard","bindingPath":{"path":"","propertyPath":"/SALES_AREA_VTWEG","modelName":"NewYardModel"},"interaction":{"idSuffix":"inner"}},"clearTextFirst":true,"interactionType":"ENTER_TEXT"}]}
RESULT: {"script":"<script> [776 bytes]","args":[{"enterText":"C2","selector":{"controlType":"sap.m.Input","viewName":"etm.portal.ui.manageyards.view.New","viewId":"application-manageyards-display-component---NewYard","bindingPath":{"path":"","propertyPath":"/SALES_AREA_VTWEG","modelName":"NewYardModel"},"interaction":{"idSuffix":"inner"}},"clearTextFirst":true,"interactionType":"ENTER_TEXT"}]}
COMMAND: POST /session/5410ebbca63880522c561df3b9295ec8/execute/async - {"script":"<script> [1562 bytes]","args":[{"selector":{"controlType":"sap.m.Input","viewName":"etm.portal.ui.manageyards.view.New","viewId":"application-manageyards-display-component---NewYard","bindingPath":{"path":"","propertyPath":"/SALES_AREA_SPART","modelName":"NewYardModel"},"interaction":{"idSuffix":"inner"}},"wdio_ui5_key":"etmportal.ui.manageyards.view.Newsap.m.Input{\"path\":\"\",\"propertyPath\":\"/SALES_AREA_SPART\",\"modelName\":\"NewYardModel\"}"}]}
RESULT: {"script":"<script> [1562 bytes]","args":[{"selector":{"controlType":"sap.m.Input","viewName":"etm.portal.ui.manageyards.view.New","viewId":"application-manageyards-display-component---NewYard","bindingPath":{"path":"","propertyPath":"/SALES_AREA_SPART","modelName":"NewYardModel"},"interaction":{"idSuffix":"inner"}},"wdio_ui5_key":"etmportal.ui.manageyards.view.Newsap.m.Input{\"path\":\"\",\"propertyPath\":\"/SALES_AREA_SPART\",\"modelName\":\"NewYardModel\"}"}]}
RESULT: undefined
COMMAND: POST /session/5410ebbca63880522c561df3b9295ec8/execute/async - {"script":"<script> [776 bytes]","args":[{"enterText":"C2","selector":{"controlType":"sap.m.Input","viewName":"etm.portal.ui.manageyards.view.New","viewId":"application-manageyards-display-component---NewYard","bindingPath":{"path":"","propertyPath":"/SALES_AREA_SPART","modelName":"NewYardModel"},"interaction":{"idSuffix":"inner"}},"clearTextFirst":true,"interactionType":"ENTER_TEXT"}]}
RESULT: {"script":"<script> [776 bytes]","args":[{"enterText":"C2","selector":{"controlType":"sap.m.Input","viewName":"etm.portal.ui.manageyards.view.New","viewId":"application-manageyards-display-component---NewYard","bindingPath":{"path":"","propertyPath":"/SALES_AREA_SPART","modelName":"NewYardModel"},"interaction":{"idSuffix":"inner"}},"clearTextFirst":true,"interactionType":"ENTER_TEXT"}]}
COMMAND: POST /session/5410ebbca63880522c561df3b9295ec8/execute/async - {"script":"<script> [1562 bytes]","args":[{"selector":{"controlType":"sap.m.Input","viewName":"etm.portal.ui.manageyards.view.New","viewId":"application-manageyards-display-component---NewYard","bindingPath":{"path":"","propertyPath":"/SHIP_POINT","modelName":"NewYardModel"},"interaction":{"idSuffix":"inner"}},"wdio_ui5_key":"etmportal.ui.manageyards.view.Newsap.m.Input{\"path\":\"\",\"propertyPath\":\"/SHIP_POINT\",\"modelName\":\"NewYardModel\"}"}]}
RESULT: {"script":"<script> [1562 bytes]","args":[{"selector":{"controlType":"sap.m.Input","viewName":"etm.portal.ui.manageyards.view.New","viewId":"application-manageyards-display-component---NewYard","bindingPath":{"path":"","propertyPath":"/SHIP_POINT","modelName":"NewYardModel"},"interaction":{"idSuffix":"inner"}},"wdio_ui5_key":"etmportal.ui.manageyards.view.Newsap.m.Input{\"path\":\"\",\"propertyPath\":\"/SHIP_POINT\",\"modelName\":\"NewYardModel\"}"}]}
RESULT: undefined
COMMAND: POST /session/5410ebbca63880522c561df3b9295ec8/execute/async - {"script":"<script> [776 bytes]","args":[{"enterText":"1710","selector":{"controlType":"sap.m.Input","viewName":"etm.portal.ui.manageyards.view.New","viewId":"application-manageyards-display-component---NewYard","bindingPath":{"path":"","propertyPath":"/SHIP_POINT","modelName":"NewYardModel"},"interaction":{"idSuffix":"inner"}},"clearTextFirst":true,"interactionType":"ENTER_TEXT"}]}
RESULT: {"script":"<script> [776 bytes]","args":[{"enterText":"1710","selector":{"controlType":"sap.m.Input","viewName":"etm.portal.ui.manageyards.view.New","viewId":"application-manageyards-display-component---NewYard","bindingPath":{"path":"","propertyPath":"/SHIP_POINT","modelName":"NewYardModel"},"interaction":{"idSuffix":"inner"}},"clearTextFirst":true,"interactionType":"ENTER_TEXT"}]}
COMMAND: POST /session/5410ebbca63880522c561df3b9295ec8/execute/async - {"script":"<script> [1562 bytes]","args":[{"selector":{"controlType":"sap.m.Input","viewName":"etm.portal.ui.manageyards.view.New","viewId":"application-manageyards-display-component---NewYard","bindingPath":{"path":"","propertyPath":"/DELIVERY_TYPE","modelName":"NewYardModel"},"interaction":{"idSuffix":"inner"}},"wdio_ui5_key":"etmportal.ui.manageyards.view.Newsap.m.Input{\"path\":\"\",\"propertyPath\":\"/DELIVERY_TYPE\",\"modelName\":\"NewYardModel\"}"}]}
RESULT: {"script":"<script> [1562 bytes]","args":[{"selector":{"controlType":"sap.m.Input","viewName":"etm.portal.ui.manageyards.view.New","viewId":"application-manageyards-display-component---NewYard","bindingPath":{"path":"","propertyPath":"/DELIVERY_TYPE","modelName":"NewYardModel"},"interaction":{"idSuffix":"inner"}},"wdio_ui5_key":"etmportal.ui.manageyards.view.Newsap.m.Input{\"path\":\"\",\"propertyPath\":\"/DELIVERY_TYPE\",\"modelName\":\"NewYardModel\"}"}]}
RESULT: undefined
COMMAND: POST /session/5410ebbca63880522c561df3b9295ec8/execute/async - {"script":"<script> [776 bytes]","args":[{"enterText":"ZL01","selector":{"controlType":"sap.m.Input","viewName":"etm.portal.ui.manageyards.view.New","viewId":"application-manageyards-display-component---NewYard","bindingPath":{"path":"","propertyPath":"/DELIVERY_TYPE","modelName":"NewYardModel"},"interaction":{"idSuffix":"inner"}},"clearTextFirst":true,"interactionType":"ENTER_TEXT"}]}
RESULT: {"script":"<script> [776 bytes]","args":[{"enterText":"ZL01","selector":{"controlType":"sap.m.Input","viewName":"etm.portal.ui.manageyards.view.New","viewId":"application-manageyards-display-component---NewYard","bindingPath":{"path":"","propertyPath":"/DELIVERY_TYPE","modelName":"NewYardModel"},"interaction":{"idSuffix":"inner"}},"clearTextFirst":true,"interactionType":"ENTER_TEXT"}]}
COMMAND: POST /session/5410ebbca63880522c561df3b9295ec8/execute/async - {"script":"<script> [1562 bytes]","args":[{"selector":{"controlType":"sap.m.Input","viewName":"etm.portal.ui.manageyards.view.New","viewId":"application-manageyards-display-component---NewYard","bindingPath":{"path":"","propertyPath":"/AUART","modelName":"NewYardModel"},"interaction":{"idSuffix":"inner"}},"wdio_ui5_key":"etmportal.ui.manageyards.view.Newsap.m.Input{\"path\":\"\",\"propertyPath\":\"/AUART\",\"modelName\":\"NewYardModel\"}"}]}
RESULT: {"script":"<script> [1562 bytes]","args":[{"selector":{"controlType":"sap.m.Input","viewName":"etm.portal.ui.manageyards.view.New","viewId":"application-manageyards-display-component---NewYard","bindingPath":{"path":"","propertyPath":"/AUART","modelName":"NewYardModel"},"interaction":{"idSuffix":"inner"}},"wdio_ui5_key":"etmportal.ui.manageyards.view.Newsap.m.Input{\"path\":\"\",\"propertyPath\":\"/AUART\",\"modelName\":\"NewYardModel\"}"}]}
RESULT: undefined
COMMAND: POST /session/5410ebbca63880522c561df3b9295ec8/execute/async - {"script":"<script> [776 bytes]","args":[{"enterText":"TA","selector":{"controlType":"sap.m.Input","viewName":"etm.portal.ui.manageyards.view.New","viewId":"application-manageyards-display-component---NewYard","bindingPath":{"path":"","propertyPath":"/AUART","modelName":"NewYardModel"},"interaction":{"idSuffix":"inner"}},"clearTextFirst":true,"interactionType":"ENTER_TEXT"}]}
RESULT: {"script":"<script> [776 bytes]","args":[{"enterText":"TA","selector":{"controlType":"sap.m.Input","viewName":"etm.portal.ui.manageyards.view.New","viewId":"application-manageyards-display-component---NewYard","bindingPath":{"path":"","propertyPath":"/AUART","modelName":"NewYardModel"},"interaction":{"idSuffix":"inner"}},"clearTextFirst":true,"interactionType":"ENTER_TEXT"}]}
COMMAND: POST /session/5410ebbca63880522c561df3b9295ec8/element - {"using":"xpath","value":"//button[@data-kt=\"newYardSaveButton\"]"}
RESULT: {"using":"xpath","value":"//button[@data-kt=\"newYardSaveButton\"]"}
COMMAND: POST /session/5410ebbca63880522c561df3b9295ec8/element/f.A21AC8DC3B7A3D8172EB3983758B85EF.d.80F242417816DBB85C692CB3781038B0.e.706/click - {}
RESULT: {}
COMMAND: GET /session/5410ebbca63880522c561df3b9295ec8/screenshot - {}
RESULT: {}
COMMAND: POST /session/5410ebbca63880522c561df3b9295ec8/element - {"using":"xpath","value":"//header[contains(@id, 'ObjectPageLayout-headerTitle')]/div[1]/div[2]/div[1]/span[1]"}
RESULT: {"using":"xpath","value":"//header[contains(@id, 'ObjectPageLayout-headerTitle')]/div[1]/div[2]/div[1]/span[1]"}
COMMAND: POST /session/5410ebbca63880522c561df3b9295ec8/elements - {"using":"xpath","value":"//header[contains(@id, 'ObjectPageLayout-headerTitle')]/div[1]/div[2]/div[1]/span[1]"}
RESULT: {"using":"xpath","value":"//header[contains(@id, 'ObjectPageLayout-headerTitle')]/div[1]/div[2]/div[1]/span[1]"}
COMMAND: POST /session/5410ebbca63880522c561df3b9295ec8/execute/sync - {"script":"<script> [56 bytes]","args":[{"element-6066-11e4-a52e-4f735466cecf":"f.A21AC8DC3B7A3D8172EB3983758B85EF.d.80F242417816DBB85C692CB3781038B0.e.1003","ELEMENT":"f.A21AC8DC3B7A3D8172EB3983758B85EF.d.80F242417816DBB85C692CB3781038B0.e.1003"}]}
RESULT: {"script":"<script> [56 bytes]","args":[{"element-6066-11e4-a52e-4f735466cecf":"f.A21AC8DC3B7A3D8172EB3983758B85EF.d.80F242417816DBB85C692CB3781038B0.e.1003","ELEMENT":"f.A21AC8DC3B7A3D8172EB3983758B85EF.d.80F242417816DBB85C692CB3781038B0.e.1003"}]}
COMMAND: GET /session/5410ebbca63880522c561df3b9295ec8/screenshot - {}
RESULT: {}
COMMAND: POST /session/5410ebbca63880522c561df3b9295ec8/element - {"using":"css selector","value":"#shell-header-logo"}
RESULT: {"using":"css selector","value":"#shell-header-logo"}
COMMAND: POST /session/5410ebbca63880522c561df3b9295ec8/element/f.A21AC8DC3B7A3D8172EB3983758B85EF.d.80F242417816DBB85C692CB3781038B0.e.254/click - {}
RESULT: {}
COMMAND: GET /session/5410ebbca63880522c561df3b9295ec8/screenshot - {}
RESULT: {}
COMMAND: POST /session/5410ebbca63880522c561df3b9295ec8/execute/sync - {"script":"<script> [299 bytes]","args":[["getModel","getResource"]]}
RESULT: {"script":"<script> [299 bytes]","args":[["getModel","getResource"]]}
]]></system-out>
    </testcase>
    <testcase classname="chrome.135_0_7049_42.windows.Create_condition_pricing_US117289_US134625" name="Should create a new equipment used for all following tests" time="135.845">
      <system-out><![CDATA[
COMMAND: GET /session/5410ebbca63880522c561df3b9295ec8/screenshot - {}
COMMAND: POST /session/5410ebbca63880522c561df3b9295ec8/execute/async - {"script":"<script> [1562 bytes]","args":[{"selector":{"controlType":"sap.m.GenericTile","properties":{"header":"Manage Resources"}},"wdio_ui5_key":"sapm.GenericTile{\"header\":\"Manage Resources\"}"}]}
RESULT: {}
RESULT: {"script":"<script> [1562 bytes]","args":[{"selector":{"controlType":"sap.m.GenericTile","properties":{"header":"Manage Resources"}},"wdio_ui5_key":"sapm.GenericTile{\"header\":\"Manage Resources\"}"}]}
RESULT: undefined
COMMAND: POST /session/5410ebbca63880522c561df3b9295ec8/element - {"using":"xpath","value":"//*[@id=\"__tile39\"]"}
RESULT: {"using":"xpath","value":"//*[@id=\"__tile39\"]"}
COMMAND: POST /session/5410ebbca63880522c561df3b9295ec8/element/f.A21AC8DC3B7A3D8172EB3983758B85EF.d.80F242417816DBB85C692CB3781038B0.e.153/click - {}
RESULT: {}
COMMAND: POST /session/5410ebbca63880522c561df3b9295ec8/element - {"using":"xpath","value":"//button[@data-kt=\"addNewRUOverflowToolbarButton\"]"}
COMMAND: GET /session/5410ebbca63880522c561df3b9295ec8/screenshot - {}
RESULT: {"using":"xpath","value":"//button[@data-kt=\"addNewRUOverflowToolbarButton\"]"}
COMMAND: POST /session/5410ebbca63880522c561df3b9295ec8/elements - {"using":"xpath","value":"//button[@data-kt=\"addNewRUOverflowToolbarButton\"]"}
RESULT: {}
RESULT: {"using":"xpath","value":"//button[@data-kt=\"addNewRUOverflowToolbarButton\"]"}
COMMAND: POST /session/5410ebbca63880522c561df3b9295ec8/elements - {"using":"xpath","value":"//button[@data-kt=\"addNewRUOverflowToolbarButton\"]"}
RESULT: {"using":"xpath","value":"//button[@data-kt=\"addNewRUOverflowToolbarButton\"]"}
COMMAND: POST /session/5410ebbca63880522c561df3b9295ec8/elements - {"using":"xpath","value":"//button[@data-kt=\"addNewRUOverflowToolbarButton\"]"}
RESULT: {"using":"xpath","value":"//button[@data-kt=\"addNewRUOverflowToolbarButton\"]"}
COMMAND: POST /session/5410ebbca63880522c561df3b9295ec8/elements - {"using":"xpath","value":"//button[@data-kt=\"addNewRUOverflowToolbarButton\"]"}
RESULT: {"using":"xpath","value":"//button[@data-kt=\"addNewRUOverflowToolbarButton\"]"}
COMMAND: POST /session/5410ebbca63880522c561df3b9295ec8/elements - {"using":"xpath","value":"//button[@data-kt=\"addNewRUOverflowToolbarButton\"]"}
RESULT: {"using":"xpath","value":"//button[@data-kt=\"addNewRUOverflowToolbarButton\"]"}
COMMAND: POST /session/5410ebbca63880522c561df3b9295ec8/elements - {"using":"xpath","value":"//button[@data-kt=\"addNewRUOverflowToolbarButton\"]"}
RESULT: {"using":"xpath","value":"//button[@data-kt=\"addNewRUOverflowToolbarButton\"]"}
COMMAND: POST /session/5410ebbca63880522c561df3b9295ec8/elements - {"using":"xpath","value":"//button[@data-kt=\"addNewRUOverflowToolbarButton\"]"}
RESULT: {"using":"xpath","value":"//button[@data-kt=\"addNewRUOverflowToolbarButton\"]"}
COMMAND: POST /session/5410ebbca63880522c561df3b9295ec8/elements - {"using":"xpath","value":"//button[@data-kt=\"addNewRUOverflowToolbarButton\"]"}
RESULT: undefined
RESULT: {"using":"xpath","value":"//button[@data-kt=\"addNewRUOverflowToolbarButton\"]"}
COMMAND: POST /session/5410ebbca63880522c561df3b9295ec8/elements - {"using":"xpath","value":"//button[@data-kt=\"addNewRUOverflowToolbarButton\"]"}
RESULT: {"using":"xpath","value":"//button[@data-kt=\"addNewRUOverflowToolbarButton\"]"}
COMMAND: POST /session/5410ebbca63880522c561df3b9295ec8/elements - {"using":"xpath","value":"//button[@data-kt=\"addNewRUOverflowToolbarButton\"]"}
RESULT: {"using":"xpath","value":"//button[@data-kt=\"addNewRUOverflowToolbarButton\"]"}
COMMAND: POST /session/5410ebbca63880522c561df3b9295ec8/elements - {"using":"xpath","value":"//button[@data-kt=\"addNewRUOverflowToolbarButton\"]"}
RESULT: {"using":"xpath","value":"//button[@data-kt=\"addNewRUOverflowToolbarButton\"]"}
COMMAND: POST /session/5410ebbca63880522c561df3b9295ec8/elements - {"using":"xpath","value":"//button[@data-kt=\"addNewRUOverflowToolbarButton\"]"}
RESULT: {"using":"xpath","value":"//button[@data-kt=\"addNewRUOverflowToolbarButton\"]"}
COMMAND: POST /session/5410ebbca63880522c561df3b9295ec8/elements - {"using":"xpath","value":"//button[@data-kt=\"addNewRUOverflowToolbarButton\"]"}
RESULT: {"using":"xpath","value":"//button[@data-kt=\"addNewRUOverflowToolbarButton\"]"}
COMMAND: POST /session/5410ebbca63880522c561df3b9295ec8/elements - {"using":"xpath","value":"//button[@data-kt=\"addNewRUOverflowToolbarButton\"]"}
RESULT: {"using":"xpath","value":"//button[@data-kt=\"addNewRUOverflowToolbarButton\"]"}
COMMAND: POST /session/5410ebbca63880522c561df3b9295ec8/elements - {"using":"xpath","value":"//button[@data-kt=\"addNewRUOverflowToolbarButton\"]"}
RESULT: {"using":"xpath","value":"//button[@data-kt=\"addNewRUOverflowToolbarButton\"]"}
COMMAND: POST /session/5410ebbca63880522c561df3b9295ec8/elements - {"using":"xpath","value":"//button[@data-kt=\"addNewRUOverflowToolbarButton\"]"}
RESULT: {"using":"xpath","value":"//button[@data-kt=\"addNewRUOverflowToolbarButton\"]"}
COMMAND: POST /session/5410ebbca63880522c561df3b9295ec8/elements - {"using":"xpath","value":"//button[@data-kt=\"addNewRUOverflowToolbarButton\"]"}
RESULT: {"using":"xpath","value":"//button[@data-kt=\"addNewRUOverflowToolbarButton\"]"}
COMMAND: POST /session/5410ebbca63880522c561df3b9295ec8/elements - {"using":"xpath","value":"//button[@data-kt=\"addNewRUOverflowToolbarButton\"]"}
RESULT: {"using":"xpath","value":"//button[@data-kt=\"addNewRUOverflowToolbarButton\"]"}
COMMAND: POST /session/5410ebbca63880522c561df3b9295ec8/elements - {"using":"xpath","value":"//button[@data-kt=\"addNewRUOverflowToolbarButton\"]"}
RESULT: {"using":"xpath","value":"//button[@data-kt=\"addNewRUOverflowToolbarButton\"]"}
COMMAND: POST /session/5410ebbca63880522c561df3b9295ec8/element - {"using":"xpath","value":"//button[@data-kt=\"addNewRUOverflowToolbarButton\"]"}
RESULT: {"using":"xpath","value":"//button[@data-kt=\"addNewRUOverflowToolbarButton\"]"}
COMMAND: POST /session/5410ebbca63880522c561df3b9295ec8/execute/sync - {"script":"<script> [8489 bytes]","args":[{"element-6066-11e4-a52e-4f735466cecf":"f.A21AC8DC3B7A3D8172EB3983758B85EF.d.80F242417816DBB85C692CB3781038B0.e.1035","ELEMENT":"f.A21AC8DC3B7A3D8172EB3983758B85EF.d.80F242417816DBB85C692CB3781038B0.e.1035"}]}
RESULT: {"script":"<script> [8489 bytes]","args":[{"element-6066-11e4-a52e-4f735466cecf":"f.A21AC8DC3B7A3D8172EB3983758B85EF.d.80F242417816DBB85C692CB3781038B0.e.1035","ELEMENT":"f.A21AC8DC3B7A3D8172EB3983758B85EF.d.80F242417816DBB85C692CB3781038B0.e.1035"}]}
COMMAND: GET /session/5410ebbca63880522c561df3b9295ec8/element/f.A21AC8DC3B7A3D8172EB3983758B85EF.d.80F242417816DBB85C692CB3781038B0.e.1035/enabled - {}
COMMAND: GET /session/5410ebbca63880522c561df3b9295ec8/screenshot - {}
RESULT: {}
COMMAND: POST /session/5410ebbca63880522c561df3b9295ec8/execute/sync - {"script":"<script> [8489 bytes]","args":[{"element-6066-11e4-a52e-4f735466cecf":"f.A21AC8DC3B7A3D8172EB3983758B85EF.d.80F242417816DBB85C692CB3781038B0.e.1035","ELEMENT":"f.A21AC8DC3B7A3D8172EB3983758B85EF.d.80F242417816DBB85C692CB3781038B0.e.1035"}]}
COMMAND: GET /session/5410ebbca63880522c561df3b9295ec8/screenshot - {}
RESULT: {}
RESULT: {"script":"<script> [8489 bytes]","args":[{"element-6066-11e4-a52e-4f735466cecf":"f.A21AC8DC3B7A3D8172EB3983758B85EF.d.80F242417816DBB85C692CB3781038B0.e.1035","ELEMENT":"f.A21AC8DC3B7A3D8172EB3983758B85EF.d.80F242417816DBB85C692CB3781038B0.e.1035"}]}
COMMAND: POST /session/5410ebbca63880522c561df3b9295ec8/execute/sync - {"script":"<script> [5351 bytes]","args":[{"element-6066-11e4-a52e-4f735466cecf":"f.A21AC8DC3B7A3D8172EB3983758B85EF.d.80F242417816DBB85C692CB3781038B0.e.1035","ELEMENT":"f.A21AC8DC3B7A3D8172EB3983758B85EF.d.80F242417816DBB85C692CB3781038B0.e.1035"}]}
COMMAND: GET /session/5410ebbca63880522c561df3b9295ec8/screenshot - {}
RESULT: {}
RESULT: {"script":"<script> [5351 bytes]","args":[{"element-6066-11e4-a52e-4f735466cecf":"f.A21AC8DC3B7A3D8172EB3983758B85EF.d.80F242417816DBB85C692CB3781038B0.e.1035","ELEMENT":"f.A21AC8DC3B7A3D8172EB3983758B85EF.d.80F242417816DBB85C692CB3781038B0.e.1035"}]}
COMMAND: POST /session/5410ebbca63880522c561df3b9295ec8/element/f.A21AC8DC3B7A3D8172EB3983758B85EF.d.80F242417816DBB85C692CB3781038B0.e.1035/click - {}
COMMAND: GET /session/5410ebbca63880522c561df3b9295ec8/screenshot - {}
RESULT: {}
RESULT: {}
COMMAND: GET /session/5410ebbca63880522c561df3b9295ec8/screenshot - {}
RESULT: {}
COMMAND: POST /session/5410ebbca63880522c561df3b9295ec8/execute/async - {"script":"<script> [1562 bytes]","args":[{"selector":{"id":"application-manageresources-display-component---newResourceUnit--TYPE-arrow"},"wdio_ui5_key":"applicationmanageresources-display-component---newResourceUnit--TYPE-arrow"}]}
RESULT: {}
RESULT: {"script":"<script> [1562 bytes]","args":[{"selector":{"id":"application-manageresources-display-component---newResourceUnit--TYPE-arrow"},"wdio_ui5_key":"applicationmanageresources-display-component---newResourceUnit--TYPE-arrow"}]}
RESULT: undefined
COMMAND: POST /session/5410ebbca63880522c561df3b9295ec8/element - {"using":"xpath","value":"//*[@id=\"application-manageresources-display-component---newResourceUnit--TYPE-arrow\"]"}
RESULT: {"using":"xpath","value":"//*[@id=\"application-manageresources-display-component---newResourceUnit--TYPE-arrow\"]"}
COMMAND: POST /session/5410ebbca63880522c561df3b9295ec8/element/f.A21AC8DC3B7A3D8172EB3983758B85EF.d.80F242417816DBB85C692CB3781038B0.e.1395/click - {}
RESULT: {}
COMMAND: POST /session/5410ebbca63880522c561df3b9295ec8/element - {"using":"xpath","value":"//input[@id=\"application-manageresources-display-component---newResourceUnit--TYPE-inner\"]"}
COMMAND: GET /session/5410ebbca63880522c561df3b9295ec8/screenshot - {}
RESULT: {"using":"xpath","value":"//input[@id=\"application-manageresources-display-component---newResourceUnit--TYPE-inner\"]"}
COMMAND: POST /session/5410ebbca63880522c561df3b9295ec8/element/f.A21AC8DC3B7A3D8172EB3983758B85EF.d.80F242417816DBB85C692CB3781038B0.e.1391/clear - {}
RESULT: {}
RESULT: {}
COMMAND: POST /session/5410ebbca63880522c561df3b9295ec8/element/f.A21AC8DC3B7A3D8172EB3983758B85EF.d.80F242417816DBB85C692CB3781038B0.e.1391/value - {"text":"Equipment"}
COMMAND: GET /session/5410ebbca63880522c561df3b9295ec8/screenshot - {}
RESULT: {"text":"Equipment"}
COMMAND: GET /session/5410ebbca63880522c561df3b9295ec8/screenshot - {}
RESULT: {}
RESULT: {}
COMMAND: POST /session/5410ebbca63880522c561df3b9295ec8/actions - {"actions":[{"id":"action2","type":"key","parameters":{},"actions":[{"type":"keyDown","value":""},{"type":"pause","duration":10},{"type":"keyUp","value":""}]}]}
RESULT: {"actions":[{"id":"action2","type":"key","parameters":{},"actions":[{"type":"keyDown","value":""},{"type":"pause","duration":10},{"type":"keyUp","value":""}]}]}
COMMAND: POST /session/5410ebbca63880522c561df3b9295ec8/execute/async - {"script":"<script> [1562 bytes]","args":[{"selector":{"id":"application-manageresources-display-component---newResourceUnit--resourceId","interaction":{"idSuffix":"inner"}},"wdio_ui5_key":"applicationmanageresources-display-component---newResourceUnit--resourceId"}]}
COMMAND: GET /session/5410ebbca63880522c561df3b9295ec8/screenshot - {}
RESULT: {"script":"<script> [1562 bytes]","args":[{"selector":{"id":"application-manageresources-display-component---newResourceUnit--resourceId","interaction":{"idSuffix":"inner"}},"wdio_ui5_key":"applicationmanageresources-display-component---newResourceUnit--resourceId"}]}
RESULT: undefined
COMMAND: POST /session/5410ebbca63880522c561df3b9295ec8/execute/async - {"script":"<script> [776 bytes]","args":[{"enterText":"6iYCVnAiPk","selector":{"id":"application-manageresources-display-component---newResourceUnit--resourceId","interaction":{"idSuffix":"inner"}},"clearTextFirst":true,"interactionType":"ENTER_TEXT"}]}
RESULT: {}
RESULT: {"script":"<script> [776 bytes]","args":[{"enterText":"6iYCVnAiPk","selector":{"id":"application-manageresources-display-component---newResourceUnit--resourceId","interaction":{"idSuffix":"inner"}},"clearTextFirst":true,"interactionType":"ENTER_TEXT"}]}
COMMAND: POST /session/5410ebbca63880522c561df3b9295ec8/execute/async - {"script":"<script> [1562 bytes]","args":[{"selector":{"id":"application-manageresources-display-component---newResourceUnit--SHORT_TEXT","interaction":{"idSuffix":"inner"}},"wdio_ui5_key":"applicationmanageresources-display-component---newResourceUnit--SHORT_TEXT"}]}
RESULT: {"script":"<script> [1562 bytes]","args":[{"selector":{"id":"application-manageresources-display-component---newResourceUnit--SHORT_TEXT","interaction":{"idSuffix":"inner"}},"wdio_ui5_key":"applicationmanageresources-display-component---newResourceUnit--SHORT_TEXT"}]}
RESULT: undefined
COMMAND: POST /session/5410ebbca63880522c561df3b9295ec8/execute/async - {"script":"<script> [776 bytes]","args":[{"enterText":"Intercompany Equipment WDIO","selector":{"id":"application-manageresources-display-component---newResourceUnit--SHORT_TEXT","interaction":{"idSuffix":"inner"}},"clearTextFirst":true,"interactionType":"ENTER_TEXT"}]}
RESULT: {"script":"<script> [776 bytes]","args":[{"enterText":"Intercompany Equipment WDIO","selector":{"id":"application-manageresources-display-component---newResourceUnit--SHORT_TEXT","interaction":{"idSuffix":"inner"}},"clearTextFirst":true,"interactionType":"ENTER_TEXT"}]}
COMMAND: POST /session/5410ebbca63880522c561df3b9295ec8/execute/async - {"script":"<script> [1562 bytes]","args":[{"selector":{"id":"application-manageresources-display-component---newResourceUnit--BASE_UNIT_OF_MEASURE","interaction":{"idSuffix":"inner"}},"wdio_ui5_key":"applicationmanageresources-display-component---newResourceUnit--BASE_UNIT_OF_MEASURE"}]}
RESULT: {"script":"<script> [1562 bytes]","args":[{"selector":{"id":"application-manageresources-display-component---newResourceUnit--BASE_UNIT_OF_MEASURE","interaction":{"idSuffix":"inner"}},"wdio_ui5_key":"applicationmanageresources-display-component---newResourceUnit--BASE_UNIT_OF_MEASURE"}]}
RESULT: undefined
COMMAND: POST /session/5410ebbca63880522c561df3b9295ec8/execute/async - {"script":"<script> [776 bytes]","args":[{"enterText":"Piece","selector":{"id":"application-manageresources-display-component---newResourceUnit--BASE_UNIT_OF_MEASURE","interaction":{"idSuffix":"inner"}},"clearTextFirst":true,"interactionType":"ENTER_TEXT"}]}
RESULT: {"script":"<script> [776 bytes]","args":[{"enterText":"Piece","selector":{"id":"application-manageresources-display-component---newResourceUnit--BASE_UNIT_OF_MEASURE","interaction":{"idSuffix":"inner"}},"clearTextFirst":true,"interactionType":"ENTER_TEXT"}]}
COMMAND: POST /session/5410ebbca63880522c561df3b9295ec8/execute/async - {"script":"<script> [1562 bytes]","args":[{"selector":{"id":"application-manageresources-display-component---newResourceUnit--WEIGHT_UNIT","interaction":{"idSuffix":"inner"}},"wdio_ui5_key":"applicationmanageresources-display-component---newResourceUnit--WEIGHT_UNIT"}]}
RESULT: {"script":"<script> [1562 bytes]","args":[{"selector":{"id":"application-manageresources-display-component---newResourceUnit--WEIGHT_UNIT","interaction":{"idSuffix":"inner"}},"wdio_ui5_key":"applicationmanageresources-display-component---newResourceUnit--WEIGHT_UNIT"}]}
RESULT: undefined
COMMAND: POST /session/5410ebbca63880522c561df3b9295ec8/execute/async - {"script":"<script> [776 bytes]","args":[{"enterText":"Gram","selector":{"id":"application-manageresources-display-component---newResourceUnit--WEIGHT_UNIT","interaction":{"idSuffix":"inner"}},"clearTextFirst":true,"interactionType":"ENTER_TEXT"}]}
RESULT: {"script":"<script> [776 bytes]","args":[{"enterText":"Gram","selector":{"id":"application-manageresources-display-component---newResourceUnit--WEIGHT_UNIT","interaction":{"idSuffix":"inner"}},"clearTextFirst":true,"interactionType":"ENTER_TEXT"}]}
COMMAND: POST /session/5410ebbca63880522c561df3b9295ec8/execute/async - {"script":"<script> [1562 bytes]","args":[{"selector":{"id":"application-manageresources-display-component---newResourceUnit--DIMENSION_UNIT","interaction":{"idSuffix":"inner"}},"wdio_ui5_key":"applicationmanageresources-display-component---newResourceUnit--DIMENSION_UNIT"}]}
RESULT: {"script":"<script> [1562 bytes]","args":[{"selector":{"id":"application-manageresources-display-component---newResourceUnit--DIMENSION_UNIT","interaction":{"idSuffix":"inner"}},"wdio_ui5_key":"applicationmanageresources-display-component---newResourceUnit--DIMENSION_UNIT"}]}
RESULT: undefined
COMMAND: POST /session/5410ebbca63880522c561df3b9295ec8/execute/async - {"script":"<script> [776 bytes]","args":[{"enterText":"Meter","selector":{"id":"application-manageresources-display-component---newResourceUnit--DIMENSION_UNIT","interaction":{"idSuffix":"inner"}},"clearTextFirst":true,"interactionType":"ENTER_TEXT"}]}
RESULT: {"script":"<script> [776 bytes]","args":[{"enterText":"Meter","selector":{"id":"application-manageresources-display-component---newResourceUnit--DIMENSION_UNIT","interaction":{"idSuffix":"inner"}},"clearTextFirst":true,"interactionType":"ENTER_TEXT"}]}
COMMAND: POST /session/5410ebbca63880522c561df3b9295ec8/execute/async - {"script":"<script> [1562 bytes]","args":[{"selector":{"id":"application-manageresources-display-component---newResourceUnit--newRRUPage-anchBar-application-manageresources-display-component---newResourceUnit--control-anchor","interaction":{"idSuffix":"BDI-content"}},"wdio_ui5_key":"applicationmanageresources-display-component---newResourceUnit--newRRUPage-anchBar-application-manageresources-display-component---newResourceUnit--control-anchor"}]}
RESULT: {"script":"<script> [1562 bytes]","args":[{"selector":{"id":"application-manageresources-display-component---newResourceUnit--newRRUPage-anchBar-application-manageresources-display-component---newResourceUnit--control-anchor","interaction":{"idSuffix":"BDI-content"}},"wdio_ui5_key":"applicationmanageresources-display-component---newResourceUnit--newRRUPage-anchBar-application-manageresources-display-component---newResourceUnit--control-anchor"}]}
RESULT: undefined
COMMAND: POST /session/5410ebbca63880522c561df3b9295ec8/element - {"using":"xpath","value":"//*[@id=\"application-manageresources-display-component---newResourceUnit--newRRUPage-anchBar-application-manageresources-display-component---newResourceUnit--control-anchor\"]"}
RESULT: {"using":"xpath","value":"//*[@id=\"application-manageresources-display-component---newResourceUnit--newRRUPage-anchBar-application-manageresources-display-component---newResourceUnit--control-anchor\"]"}
COMMAND: POST /session/5410ebbca63880522c561df3b9295ec8/element/f.A21AC8DC3B7A3D8172EB3983758B85EF.d.80F242417816DBB85C692CB3781038B0.e.1529/click - {}
RESULT: {}
COMMAND: POST /session/5410ebbca63880522c561df3b9295ec8/execute/async - {"script":"<script> [1562 bytes]","args":[{"selector":{"id":"application-manageresources-display-component---newResourceUnit--PLANNING_GROUP","interaction":{"idSuffix":"inner"}},"wdio_ui5_key":"applicationmanageresources-display-component---newResourceUnit--PLANNING_GROUP"}]}
COMMAND: GET /session/5410ebbca63880522c561df3b9295ec8/screenshot - {}
RESULT: {"script":"<script> [1562 bytes]","args":[{"selector":{"id":"application-manageresources-display-component---newResourceUnit--PLANNING_GROUP","interaction":{"idSuffix":"inner"}},"wdio_ui5_key":"applicationmanageresources-display-component---newResourceUnit--PLANNING_GROUP"}]}
RESULT: undefined
COMMAND: POST /session/5410ebbca63880522c561df3b9295ec8/execute/async - {"script":"<script> [776 bytes]","args":[{"enterText":"Heavy Equi","selector":{"id":"application-manageresources-display-component---newResourceUnit--PLANNING_GROUP","interaction":{"idSuffix":"inner"}},"clearTextFirst":true,"interactionType":"ENTER_TEXT"}]}
RESULT: {}
RESULT: {"script":"<script> [776 bytes]","args":[{"enterText":"Heavy Equi","selector":{"id":"application-manageresources-display-component---newResourceUnit--PLANNING_GROUP","interaction":{"idSuffix":"inner"}},"clearTextFirst":true,"interactionType":"ENTER_TEXT"}]}
COMMAND: POST /session/5410ebbca63880522c561df3b9295ec8/execute/async - {"script":"<script> [1562 bytes]","args":[{"selector":{"id":"application-manageresources-display-component---newResourceUnit--ITEM_TYPE-arrow"},"wdio_ui5_key":"applicationmanageresources-display-component---newResourceUnit--ITEM_TYPE-arrow"}]}
RESULT: {"script":"<script> [1562 bytes]","args":[{"selector":{"id":"application-manageresources-display-component---newResourceUnit--ITEM_TYPE-arrow"},"wdio_ui5_key":"applicationmanageresources-display-component---newResourceUnit--ITEM_TYPE-arrow"}]}
RESULT: undefined
COMMAND: POST /session/5410ebbca63880522c561df3b9295ec8/element - {"using":"xpath","value":"//*[@id=\"application-manageresources-display-component---newResourceUnit--ITEM_TYPE-arrow\"]"}
RESULT: {"using":"xpath","value":"//*[@id=\"application-manageresources-display-component---newResourceUnit--ITEM_TYPE-arrow\"]"}
COMMAND: POST /session/5410ebbca63880522c561df3b9295ec8/element/f.A21AC8DC3B7A3D8172EB3983758B85EF.d.80F242417816DBB85C692CB3781038B0.e.1536/click - {}
RESULT: {}
COMMAND: POST /session/5410ebbca63880522c561df3b9295ec8/element - {"using":"xpath","value":"(//span[contains(text(), \"Resource Unit\")])[2]"}
COMMAND: GET /session/5410ebbca63880522c561df3b9295ec8/screenshot - {}
RESULT: {"using":"xpath","value":"(//span[contains(text(), \"Resource Unit\")])[2]"}
COMMAND: POST /session/5410ebbca63880522c561df3b9295ec8/element/f.A21AC8DC3B7A3D8172EB3983758B85EF.d.80F242417816DBB85C692CB3781038B0.e.1537/click - {}
RESULT: {}
RESULT: {}
COMMAND: GET /session/5410ebbca63880522c561df3b9295ec8/screenshot - {}
RESULT: {}
COMMAND: POST /session/5410ebbca63880522c561df3b9295ec8/element - {"using":"css selector","value":"#application-manageresources-display-component---newResourceUnit--btnAddTimeSegment"}
RESULT: {"using":"css selector","value":"#application-manageresources-display-component---newResourceUnit--btnAddTimeSegment"}
COMMAND: GET /session/5410ebbca63880522c561df3b9295ec8/element/f.A21AC8DC3B7A3D8172EB3983758B85EF.d.80F242417816DBB85C692CB3781038B0.e.1538/rect - {}
RESULT: {}
COMMAND: GET /session/5410ebbca63880522c561df3b9295ec8/window/rect - {}
RESULT: {}
COMMAND: POST /session/5410ebbca63880522c561df3b9295ec8/execute/sync - {"script":"<script> [92 bytes]","args":[]}
RESULT: {"script":"<script> [92 bytes]","args":[]}
COMMAND: POST /session/5410ebbca63880522c561df3b9295ec8/actions - {"actions":[{"id":"action3","type":"wheel","parameters":{},"actions":[{"type":"scroll","x":-1888,"y":-32,"deltaX":0,"deltaY":0,"duration":0,"origin":{"element-6066-11e4-a52e-4f735466cecf":"f.A21AC8DC3B7A3D8172EB3983758B85EF.d.80F242417816DBB85C692CB3781038B0.e.1538"}}]}]}
COMMAND: GET /session/5410ebbca63880522c561df3b9295ec8/screenshot - {}
RESULT: {}
COMMAND: POST /session/5410ebbca63880522c561df3b9295ec8/execute/sync - {"script":"<script> [79 bytes]","args":[{"element-6066-11e4-a52e-4f735466cecf":"f.A21AC8DC3B7A3D8172EB3983758B85EF.d.80F242417816DBB85C692CB3781038B0.e.1538","ELEMENT":"f.A21AC8DC3B7A3D8172EB3983758B85EF.d.80F242417816DBB85C692CB3781038B0.e.1538"},{"block":"start","inline":"nearest"}]}
RESULT: {"script":"<script> [79 bytes]","args":[{"element-6066-11e4-a52e-4f735466cecf":"f.A21AC8DC3B7A3D8172EB3983758B85EF.d.80F242417816DBB85C692CB3781038B0.e.1538","ELEMENT":"f.A21AC8DC3B7A3D8172EB3983758B85EF.d.80F242417816DBB85C692CB3781038B0.e.1538"},{"block":"start","inline":"nearest"}]}
COMMAND: POST /session/5410ebbca63880522c561df3b9295ec8/execute/async - {"script":"<script> [1562 bytes]","args":[{"selector":{"id":"application-manageresources-display-component---newResourceUnit--btnAddTimeSegment","interaction":{"idSuffix":"inner"}},"wdio_ui5_key":"applicationmanageresources-display-component---newResourceUnit--btnAddTimeSegment"}]}
COMMAND: GET /session/5410ebbca63880522c561df3b9295ec8/screenshot - {}
RESULT: {"script":"<script> [1562 bytes]","args":[{"selector":{"id":"application-manageresources-display-component---newResourceUnit--btnAddTimeSegment","interaction":{"idSuffix":"inner"}},"wdio_ui5_key":"applicationmanageresources-display-component---newResourceUnit--btnAddTimeSegment"}]}
RESULT: undefined
COMMAND: POST /session/5410ebbca63880522c561df3b9295ec8/element - {"using":"xpath","value":"//*[@id=\"application-manageresources-display-component---newResourceUnit--btnAddTimeSegment\"]"}
RESULT: {}
RESULT: {"using":"xpath","value":"//*[@id=\"application-manageresources-display-component---newResourceUnit--btnAddTimeSegment\"]"}
COMMAND: POST /session/5410ebbca63880522c561df3b9295ec8/element/f.A21AC8DC3B7A3D8172EB3983758B85EF.d.80F242417816DBB85C692CB3781038B0.e.1538/click - {}
RESULT: {}
COMMAND: GET /session/5410ebbca63880522c561df3b9295ec8/screenshot - {}
RESULT: {}
COMMAND: POST /session/5410ebbca63880522c561df3b9295ec8/element - {"using":"xpath","value":"//input[@id=\"application-manageresources-display-component---newResourceUnit--idRuTSAdmin-application-manageresources-display-component---newResourceUnit--RUTimeSegment-0-inner\"]"}
RESULT: {"using":"xpath","value":"//input[@id=\"application-manageresources-display-component---newResourceUnit--idRuTSAdmin-application-manageresources-display-component---newResourceUnit--RUTimeSegment-0-inner\"]"}
COMMAND: POST /session/5410ebbca63880522c561df3b9295ec8/element/f.A21AC8DC3B7A3D8172EB3983758B85EF.d.80F242417816DBB85C692CB3781038B0.e.1544/clear - {}
RESULT: {}
COMMAND: POST /session/5410ebbca63880522c561df3b9295ec8/element/f.A21AC8DC3B7A3D8172EB3983758B85EF.d.80F242417816DBB85C692CB3781038B0.e.1544/value - {"text":"474"}
COMMAND: GET /session/5410ebbca63880522c561df3b9295ec8/screenshot - {}
RESULT: {"text":"474"}
COMMAND: GET /session/5410ebbca63880522c561df3b9295ec8/screenshot - {}
RESULT: {}
RESULT: {}
COMMAND: POST /session/5410ebbca63880522c561df3b9295ec8/element - {"using":"xpath","value":"//li[.//span[text()='474']]"}
RESULT: {"using":"xpath","value":"//li[.//span[text()='474']]"}
COMMAND: POST /session/5410ebbca63880522c561df3b9295ec8/element/f.A21AC8DC3B7A3D8172EB3983758B85EF.d.80F242417816DBB85C692CB3781038B0.e.1558/click - {}
RESULT: {}
COMMAND: GET /session/5410ebbca63880522c561df3b9295ec8/screenshot - {}
RESULT: {}
COMMAND: POST /session/5410ebbca63880522c561df3b9295ec8/element - {"using":"xpath","value":"(//span[contains(@id, \"-application-manageresources-display-component---newResourceUnit--RUTimeSegment-0-arrow\")])[6]"}
RESULT: {"using":"xpath","value":"(//span[contains(@id, \"-application-manageresources-display-component---newResourceUnit--RUTimeSegment-0-arrow\")])[6]"}
COMMAND: POST /session/5410ebbca63880522c561df3b9295ec8/element/f.A21AC8DC3B7A3D8172EB3983758B85EF.d.80F242417816DBB85C692CB3781038B0.e.1559/click - {}
RESULT: {}
COMMAND: POST /session/5410ebbca63880522c561df3b9295ec8/element - {"using":"xpath","value":"//span[contains(text(), \"PM Order\")]"}
COMMAND: GET /session/5410ebbca63880522c561df3b9295ec8/screenshot - {}
RESULT: {"using":"xpath","value":"//span[contains(text(), \"PM Order\")]"}
COMMAND: POST /session/5410ebbca63880522c561df3b9295ec8/element/f.A21AC8DC3B7A3D8172EB3983758B85EF.d.80F242417816DBB85C692CB3781038B0.e.1562/click - {}
RESULT: {}
RESULT: {}
COMMAND: GET /session/5410ebbca63880522c561df3b9295ec8/screenshot - {}
RESULT: {}
COMMAND: POST /session/5410ebbca63880522c561df3b9295ec8/element - {"using":"xpath","value":"(//span[contains(@id ,\"manageresources-display-component---newResourceUnit--RUTimeSegment-0-vhi\")])[2]"}
RESULT: {"using":"xpath","value":"(//span[contains(@id ,\"manageresources-display-component---newResourceUnit--RUTimeSegment-0-vhi\")])[2]"}
COMMAND: POST /session/5410ebbca63880522c561df3b9295ec8/element/f.A21AC8DC3B7A3D8172EB3983758B85EF.d.80F242417816DBB85C692CB3781038B0.e.1565/click - {}
RESULT: {}
COMMAND: GET /session/5410ebbca63880522c561df3b9295ec8/screenshot - {}
RESULT: {}
RESULT: undefined
COMMAND: POST /session/5410ebbca63880522c561df3b9295ec8/execute/async - {"script":"<script> [776 bytes]","args":[{"enterText":"4000360","selector":{"controlType":"sap.m.SearchField","properties":{"placeholder":"Search"},"searchOpenDialogs":true,"interaction":{"idSuffix":"I"}},"clearTextFirst":true,"interactionType":"ENTER_TEXT"}]}
RESULT: {"script":"<script> [776 bytes]","args":[{"enterText":"4000360","selector":{"controlType":"sap.m.SearchField","properties":{"placeholder":"Search"},"searchOpenDialogs":true,"interaction":{"idSuffix":"I"}},"clearTextFirst":true,"interactionType":"ENTER_TEXT"}]}
COMMAND: POST /session/5410ebbca63880522c561df3b9295ec8/actions - {"actions":[{"id":"action4","type":"key","parameters":{},"actions":[{"type":"keyDown","value":""},{"type":"pause","duration":10},{"type":"keyUp","value":""}]}]}
RESULT: {"actions":[{"id":"action4","type":"key","parameters":{},"actions":[{"type":"keyDown","value":""},{"type":"pause","duration":10},{"type":"keyUp","value":""}]}]}
COMMAND: GET /session/5410ebbca63880522c561df3b9295ec8/screenshot - {}
RESULT: {}
COMMAND: POST /session/5410ebbca63880522c561df3b9295ec8/element - {"using":"xpath","value":"//td/div/span[contains(text(), \"BGL Vehicles\")]"}
RESULT: {"using":"xpath","value":"//td/div/span[contains(text(), \"BGL Vehicles\")]"}
COMMAND: POST /session/5410ebbca63880522c561df3b9295ec8/element/f.A21AC8DC3B7A3D8172EB3983758B85EF.d.80F242417816DBB85C692CB3781038B0.e.1583/click - {}
RESULT: {}
COMMAND: GET /session/5410ebbca63880522c561df3b9295ec8/screenshot - {}
RESULT: {}
COMMAND: POST /session/5410ebbca63880522c561df3b9295ec8/element - {"using":"xpath","value":"//bdi[contains(text(), \"OK\")]"}
RESULT: {"using":"xpath","value":"//bdi[contains(text(), \"OK\")]"}
COMMAND: POST /session/5410ebbca63880522c561df3b9295ec8/element/f.A21AC8DC3B7A3D8172EB3983758B85EF.d.80F242417816DBB85C692CB3781038B0.e.1584/click - {}
RESULT: {}
COMMAND: GET /session/5410ebbca63880522c561df3b9295ec8/screenshot - {}
RESULT: {}
COMMAND: POST /session/5410ebbca63880522c561df3b9295ec8/execute/async - {"script":"<script> [1562 bytes]","args":[{"selector":{"id":"application-manageresources-display-component---newResourceUnit--newRRUPage-anchBar-application-manageresources-display-component---newResourceUnit--resource-anchor","interaction":{"idSuffix":"BDI-content"}},"wdio_ui5_key":"applicationmanageresources-display-component---newResourceUnit--newRRUPage-anchBar-application-manageresources-display-component---newResourceUnit--resource-anchor"}]}
RESULT: {"script":"<script> [1562 bytes]","args":[{"selector":{"id":"application-manageresources-display-component---newResourceUnit--newRRUPage-anchBar-application-manageresources-display-component---newResourceUnit--resource-anchor","interaction":{"idSuffix":"BDI-content"}},"wdio_ui5_key":"applicationmanageresources-display-component---newResourceUnit--newRRUPage-anchBar-application-manageresources-display-component---newResourceUnit--resource-anchor"}]}
RESULT: undefined
COMMAND: POST /session/5410ebbca63880522c561df3b9295ec8/element - {"using":"xpath","value":"//*[@id=\"application-manageresources-display-component---newResourceUnit--newRRUPage-anchBar-application-manageresources-display-component---newResourceUnit--resource-anchor\"]"}
RESULT: {"using":"xpath","value":"//*[@id=\"application-manageresources-display-component---newResourceUnit--newRRUPage-anchBar-application-manageresources-display-component---newResourceUnit--resource-anchor\"]"}
COMMAND: POST /session/5410ebbca63880522c561df3b9295ec8/element/f.A21AC8DC3B7A3D8172EB3983758B85EF.d.80F242417816DBB85C692CB3781038B0.e.1588/click - {}
RESULT: {}
COMMAND: POST /session/5410ebbca63880522c561df3b9295ec8/execute/async - {"script":"<script> [1562 bytes]","args":[{"selector":{"id":"application-manageresources-display-component---newResourceUnit--PLANNED_DELIVERY_DATE","interaction":{"idSuffix":"inner"}},"wdio_ui5_key":"applicationmanageresources-display-component---newResourceUnit--PLANNED_DELIVERY_DATE"}]}
COMMAND: GET /session/5410ebbca63880522c561df3b9295ec8/screenshot - {}
RESULT: {"script":"<script> [1562 bytes]","args":[{"selector":{"id":"application-manageresources-display-component---newResourceUnit--PLANNED_DELIVERY_DATE","interaction":{"idSuffix":"inner"}},"wdio_ui5_key":"applicationmanageresources-display-component---newResourceUnit--PLANNED_DELIVERY_DATE"}]}
RESULT: undefined
COMMAND: POST /session/5410ebbca63880522c561df3b9295ec8/execute/async - {"script":"<script> [6424 bytes]","args":[{"element-6066-11e4-a52e-4f735466cecf":"f.A21AC8DC3B7A3D8172EB3983758B85EF.d.80F242417816DBB85C692CB3781038B0.e.1451"},"setValue",["4/17/25"]]}
RESULT: {}
RESULT: {"script":"<script> [6424 bytes]","args":[{"element-6066-11e4-a52e-4f735466cecf":"f.A21AC8DC3B7A3D8172EB3983758B85EF.d.80F242417816DBB85C692CB3781038B0.e.1451"},"setValue",["4/17/25"]]}
COMMAND: POST /session/5410ebbca63880522c561df3b9295ec8/element - {"using":"xpath","value":"//button[@data-kt=\"resourceUnitSaveButton\"]"}
RESULT: {"using":"xpath","value":"//button[@data-kt=\"resourceUnitSaveButton\"]"}
COMMAND: POST /session/5410ebbca63880522c561df3b9295ec8/element/f.A21AC8DC3B7A3D8172EB3983758B85EF.d.80F242417816DBB85C692CB3781038B0.e.1412/click - {}
RESULT: {}
COMMAND: GET /session/5410ebbca63880522c561df3b9295ec8/screenshot - {}
RESULT: {}
COMMAND: POST /session/5410ebbca63880522c561df3b9295ec8/element - {"using":"xpath","value":"//bdi[contains(text(), \"Close\")]"}
RESULT: {"using":"xpath","value":"//bdi[contains(text(), \"Close\")]"}
COMMAND: POST /session/5410ebbca63880522c561df3b9295ec8/element/f.A21AC8DC3B7A3D8172EB3983758B85EF.d.80F242417816DBB85C692CB3781038B0.e.1596/click - {}
RESULT: {}
COMMAND: GET /session/5410ebbca63880522c561df3b9295ec8/screenshot - {}
RESULT: {}
COMMAND: POST /session/5410ebbca63880522c561df3b9295ec8/element - {"using":"xpath","value":"(//button[contains(@id ,\"actionsToolbar-overflowButton\")])[1]"}
RESULT: {"using":"xpath","value":"(//button[contains(@id ,\"actionsToolbar-overflowButton\")])[1]"}
COMMAND: POST /session/5410ebbca63880522c561df3b9295ec8/element/f.A21AC8DC3B7A3D8172EB3983758B85EF.d.80F242417816DBB85C692CB3781038B0.e.1651/click - {}
RESULT: {}
COMMAND: GET /session/5410ebbca63880522c561df3b9295ec8/screenshot - {}
RESULT: {}
COMMAND: POST /session/5410ebbca63880522c561df3b9295ec8/element - {"using":"xpath","value":"//button[@data-kt=\"priceInfoButton\"]"}
RESULT: {"using":"xpath","value":"//button[@data-kt=\"priceInfoButton\"]"}
COMMAND: POST /session/5410ebbca63880522c561df3b9295ec8/element/f.A21AC8DC3B7A3D8172EB3983758B85EF.d.80F242417816DBB85C692CB3781038B0.e.1653/click - {}
RESULT: {}
COMMAND: GET /session/5410ebbca63880522c561df3b9295ec8/screenshot - {}
RESULT: {}
COMMAND: POST /session/5410ebbca63880522c561df3b9295ec8/element - {"using":"css selector","value":"#shell-header-logo"}
RESULT: {"using":"css selector","value":"#shell-header-logo"}
COMMAND: POST /session/5410ebbca63880522c561df3b9295ec8/element/f.A21AC8DC3B7A3D8172EB3983758B85EF.d.80F242417816DBB85C692CB3781038B0.e.1008/click - {}
RESULT: {}
]]></system-out>
    </testcase>
    <testcase classname="chrome.135_0_7049_42.windows.Create_condition_pricing_US117289_US134625" name="Should create new condition" time="88.152">
      <system-out><![CDATA[
COMMAND: POST /session/5410ebbca63880522c561df3b9295ec8/execute/async - {"script":"<script> [1562 bytes]","args":[{"selector":{"controlType":"sap.m.Text","properties":{"text":"Manage Conditions & Prices"},"interaction":{"idSuffix":"inner"}},"wdio_ui5_key":"sapm.Text{\"text\":\"Manage Conditions & Prices\"}"}]}
COMMAND: GET /session/5410ebbca63880522c561df3b9295ec8/screenshot - {}
RESULT: {"script":"<script> [1562 bytes]","args":[{"selector":{"controlType":"sap.m.Text","properties":{"text":"Manage Conditions & Prices"},"interaction":{"idSuffix":"inner"}},"wdio_ui5_key":"sapm.Text{\"text\":\"Manage Conditions & Prices\"}"}]}
RESULT: undefined
COMMAND: POST /session/5410ebbca63880522c561df3b9295ec8/element - {"using":"xpath","value":"//*[@id=\"__tile53-title\"]"}
RESULT: {}
RESULT: {"using":"xpath","value":"//*[@id=\"__tile53-title\"]"}
COMMAND: POST /session/5410ebbca63880522c561df3b9295ec8/element/f.A21AC8DC3B7A3D8172EB3983758B85EF.d.80F242417816DBB85C692CB3781038B0.e.1658/click - {}
RESULT: {}
COMMAND: POST /session/5410ebbca63880522c561df3b9295ec8/element - {"using":"xpath","value":"//button[@aria-label=\"Create\"]"}
COMMAND: GET /session/5410ebbca63880522c561df3b9295ec8/screenshot - {}
RESULT: {"using":"xpath","value":"//button[@aria-label=\"Create\"]"}
COMMAND: POST /session/5410ebbca63880522c561df3b9295ec8/elements - {"using":"xpath","value":"//button[@aria-label=\"Create\"]"}
RESULT: {}
RESULT: {"using":"xpath","value":"//button[@aria-label=\"Create\"]"}
COMMAND: POST /session/5410ebbca63880522c561df3b9295ec8/elements - {"using":"xpath","value":"//button[@aria-label=\"Create\"]"}
RESULT: {"using":"xpath","value":"//button[@aria-label=\"Create\"]"}
COMMAND: POST /session/5410ebbca63880522c561df3b9295ec8/elements - {"using":"xpath","value":"//button[@aria-label=\"Create\"]"}
RESULT: {"using":"xpath","value":"//button[@aria-label=\"Create\"]"}
COMMAND: POST /session/5410ebbca63880522c561df3b9295ec8/elements - {"using":"xpath","value":"//button[@aria-label=\"Create\"]"}
RESULT: {"using":"xpath","value":"//button[@aria-label=\"Create\"]"}
COMMAND: POST /session/5410ebbca63880522c561df3b9295ec8/elements - {"using":"xpath","value":"//button[@aria-label=\"Create\"]"}
RESULT: {"using":"xpath","value":"//button[@aria-label=\"Create\"]"}
COMMAND: POST /session/5410ebbca63880522c561df3b9295ec8/elements - {"using":"xpath","value":"//button[@aria-label=\"Create\"]"}
RESULT: {"using":"xpath","value":"//button[@aria-label=\"Create\"]"}
COMMAND: POST /session/5410ebbca63880522c561df3b9295ec8/elements - {"using":"xpath","value":"//button[@aria-label=\"Create\"]"}
RESULT: {"using":"xpath","value":"//button[@aria-label=\"Create\"]"}
COMMAND: POST /session/5410ebbca63880522c561df3b9295ec8/elements - {"using":"xpath","value":"//button[@aria-label=\"Create\"]"}
RESULT: {"using":"xpath","value":"//button[@aria-label=\"Create\"]"}
COMMAND: POST /session/5410ebbca63880522c561df3b9295ec8/elements - {"using":"xpath","value":"//button[@aria-label=\"Create\"]"}
RESULT: {"using":"xpath","value":"//button[@aria-label=\"Create\"]"}
COMMAND: POST /session/5410ebbca63880522c561df3b9295ec8/elements - {"using":"xpath","value":"//button[@aria-label=\"Create\"]"}
RESULT: {"using":"xpath","value":"//button[@aria-label=\"Create\"]"}
COMMAND: POST /session/5410ebbca63880522c561df3b9295ec8/elements - {"using":"xpath","value":"//button[@aria-label=\"Create\"]"}
RESULT: {"using":"xpath","value":"//button[@aria-label=\"Create\"]"}
COMMAND: POST /session/5410ebbca63880522c561df3b9295ec8/elements - {"using":"xpath","value":"//button[@aria-label=\"Create\"]"}
RESULT: {"using":"xpath","value":"//button[@aria-label=\"Create\"]"}
COMMAND: POST /session/5410ebbca63880522c561df3b9295ec8/element - {"using":"xpath","value":"//button[@aria-label=\"Create\"]"}
RESULT: {"using":"xpath","value":"//button[@aria-label=\"Create\"]"}
COMMAND: POST /session/5410ebbca63880522c561df3b9295ec8/execute/sync - {"script":"<script> [8489 bytes]","args":[{"element-6066-11e4-a52e-4f735466cecf":"f.A21AC8DC3B7A3D8172EB3983758B85EF.d.80F242417816DBB85C692CB3781038B0.e.1694","ELEMENT":"f.A21AC8DC3B7A3D8172EB3983758B85EF.d.80F242417816DBB85C692CB3781038B0.e.1694"}]}
RESULT: {"script":"<script> [8489 bytes]","args":[{"element-6066-11e4-a52e-4f735466cecf":"f.A21AC8DC3B7A3D8172EB3983758B85EF.d.80F242417816DBB85C692CB3781038B0.e.1694","ELEMENT":"f.A21AC8DC3B7A3D8172EB3983758B85EF.d.80F242417816DBB85C692CB3781038B0.e.1694"}]}
COMMAND: GET /session/5410ebbca63880522c561df3b9295ec8/element/f.A21AC8DC3B7A3D8172EB3983758B85EF.d.80F242417816DBB85C692CB3781038B0.e.1694/enabled - {}
COMMAND: GET /session/5410ebbca63880522c561df3b9295ec8/screenshot - {}
RESULT: {}
COMMAND: POST /session/5410ebbca63880522c561df3b9295ec8/execute/sync - {"script":"<script> [8489 bytes]","args":[{"element-6066-11e4-a52e-4f735466cecf":"f.A21AC8DC3B7A3D8172EB3983758B85EF.d.80F242417816DBB85C692CB3781038B0.e.1694","ELEMENT":"f.A21AC8DC3B7A3D8172EB3983758B85EF.d.80F242417816DBB85C692CB3781038B0.e.1694"}]}
COMMAND: GET /session/5410ebbca63880522c561df3b9295ec8/screenshot - {}
RESULT: {}
RESULT: {"script":"<script> [8489 bytes]","args":[{"element-6066-11e4-a52e-4f735466cecf":"f.A21AC8DC3B7A3D8172EB3983758B85EF.d.80F242417816DBB85C692CB3781038B0.e.1694","ELEMENT":"f.A21AC8DC3B7A3D8172EB3983758B85EF.d.80F242417816DBB85C692CB3781038B0.e.1694"}]}
COMMAND: POST /session/5410ebbca63880522c561df3b9295ec8/execute/sync - {"script":"<script> [5351 bytes]","args":[{"element-6066-11e4-a52e-4f735466cecf":"f.A21AC8DC3B7A3D8172EB3983758B85EF.d.80F242417816DBB85C692CB3781038B0.e.1694","ELEMENT":"f.A21AC8DC3B7A3D8172EB3983758B85EF.d.80F242417816DBB85C692CB3781038B0.e.1694"}]}
COMMAND: GET /session/5410ebbca63880522c561df3b9295ec8/screenshot - {}
RESULT: {}
RESULT: {"script":"<script> [5351 bytes]","args":[{"element-6066-11e4-a52e-4f735466cecf":"f.A21AC8DC3B7A3D8172EB3983758B85EF.d.80F242417816DBB85C692CB3781038B0.e.1694","ELEMENT":"f.A21AC8DC3B7A3D8172EB3983758B85EF.d.80F242417816DBB85C692CB3781038B0.e.1694"}]}
COMMAND: POST /session/5410ebbca63880522c561df3b9295ec8/element/f.A21AC8DC3B7A3D8172EB3983758B85EF.d.80F242417816DBB85C692CB3781038B0.e.1694/click - {}
COMMAND: GET /session/5410ebbca63880522c561df3b9295ec8/screenshot - {}
RESULT: {}
RESULT: {}
COMMAND: GET /session/5410ebbca63880522c561df3b9295ec8/screenshot - {}
RESULT: {}
RESULT: {}
COMMAND: POST /session/5410ebbca63880522c561df3b9295ec8/actions - {"actions":[{"id":"action5","type":"key","parameters":{},"actions":[{"type":"keyDown","value":""},{"type":"pause","duration":10},{"type":"keyUp","value":""}]}]}
RESULT: {"actions":[{"id":"action5","type":"key","parameters":{},"actions":[{"type":"keyDown","value":""},{"type":"pause","duration":10},{"type":"keyUp","value":""}]}]}
COMMAND: GET /session/5410ebbca63880522c561df3b9295ec8/screenshot - {}
RESULT: {}
COMMAND: POST /session/5410ebbca63880522c561df3b9295ec8/execute/async - {"script":"<script> [1562 bytes]","args":[{"selector":{"id":"application-manageconditionprice-display-component---newCondition--condBillCond-arrow"},"wdio_ui5_key":"applicationmanageconditionprice-display-component---newCondition--condBillCond-arrow"}]}
RESULT: {"script":"<script> [1562 bytes]","args":[{"selector":{"id":"application-manageconditionprice-display-component---newCondition--condBillCond-arrow"},"wdio_ui5_key":"applicationmanageconditionprice-display-component---newCondition--condBillCond-arrow"}]}
RESULT: undefined
COMMAND: POST /session/5410ebbca63880522c561df3b9295ec8/element - {"using":"xpath","value":"//*[@id=\"application-manageconditionprice-display-component---newCondition--condBillCond-arrow\"]"}
RESULT: {"using":"xpath","value":"//*[@id=\"application-manageconditionprice-display-component---newCondition--condBillCond-arrow\"]"}
COMMAND: POST /session/5410ebbca63880522c561df3b9295ec8/element/f.A21AC8DC3B7A3D8172EB3983758B85EF.d.80F242417816DBB85C692CB3781038B0.e.1869/click - {}
RESULT: {}
COMMAND: GET /session/5410ebbca63880522c561df3b9295ec8/screenshot - {}
RESULT: {}
COMMAND: POST /session/5410ebbca63880522c561df3b9295ec8/element - {"using":"xpath","value":"//li[.//span[contains(text(), \"SAPR - Sales price\")]]"}
RESULT: {"using":"xpath","value":"//li[.//span[contains(text(), \"SAPR - Sales price\")]]"}
COMMAND: POST /session/5410ebbca63880522c561df3b9295ec8/element/f.A21AC8DC3B7A3D8172EB3983758B85EF.d.80F242417816DBB85C692CB3781038B0.e.1872/click - {}
RESULT: {}
COMMAND: GET /session/5410ebbca63880522c561df3b9295ec8/screenshot - {}
RESULT: {}
COMMAND: POST /session/5410ebbca63880522c561df3b9295ec8/execute/async - {"script":"<script> [1562 bytes]","args":[{"selector":{"id":"application-manageconditionprice-display-component---newCondition--condValidTo","interaction":{"idSuffix":"inner"}},"wdio_ui5_key":"applicationmanageconditionprice-display-component---newCondition--condValidTo"}]}
RESULT: {"script":"<script> [1562 bytes]","args":[{"selector":{"id":"application-manageconditionprice-display-component---newCondition--condValidTo","interaction":{"idSuffix":"inner"}},"wdio_ui5_key":"applicationmanageconditionprice-display-component---newCondition--condValidTo"}]}
RESULT: undefined
COMMAND: POST /session/5410ebbca63880522c561df3b9295ec8/execute/async - {"script":"<script> [776 bytes]","args":[{"enterText":"12/17/25","selector":{"id":"application-manageconditionprice-display-component---newCondition--condValidTo","interaction":{"idSuffix":"inner"}},"clearTextFirst":true,"interactionType":"ENTER_TEXT"}]}
RESULT: {"script":"<script> [776 bytes]","args":[{"enterText":"12/17/25","selector":{"id":"application-manageconditionprice-display-component---newCondition--condValidTo","interaction":{"idSuffix":"inner"}},"clearTextFirst":true,"interactionType":"ENTER_TEXT"}]}
COMMAND: POST /session/5410ebbca63880522c561df3b9295ec8/element - {"using":"xpath","value":"//input[@id=\"application-manageconditionprice-display-component---newCondition--condRU-inner\"]"}
RESULT: {"using":"xpath","value":"//input[@id=\"application-manageconditionprice-display-component---newCondition--condRU-inner\"]"}
COMMAND: POST /session/5410ebbca63880522c561df3b9295ec8/element/f.A21AC8DC3B7A3D8172EB3983758B85EF.d.80F242417816DBB85C692CB3781038B0.e.1739/clear - {}
RESULT: {}
COMMAND: POST /session/5410ebbca63880522c561df3b9295ec8/element/f.A21AC8DC3B7A3D8172EB3983758B85EF.d.80F242417816DBB85C692CB3781038B0.e.1739/value - {"text":"6iYCVnAiPk"}
COMMAND: GET /session/5410ebbca63880522c561df3b9295ec8/screenshot - {}
RESULT: {}
RESULT: {"text":"6iYCVnAiPk"}
COMMAND: GET /session/5410ebbca63880522c561df3b9295ec8/screenshot - {}
RESULT: {}
COMMAND: POST /session/5410ebbca63880522c561df3b9295ec8/actions - {"actions":[{"id":"action6","type":"key","parameters":{},"actions":[{"type":"keyDown","value":""},{"type":"pause","duration":10},{"type":"keyUp","value":""}]}]}
RESULT: {"actions":[{"id":"action6","type":"key","parameters":{},"actions":[{"type":"keyDown","value":""},{"type":"pause","duration":10},{"type":"keyUp","value":""}]}]}
COMMAND: POST /session/5410ebbca63880522c561df3b9295ec8/execute/async - {"script":"<script> [1562 bytes]","args":[{"selector":{"id":"application-manageconditionprice-display-component---newCondition--condBaseQty","interaction":{"idSuffix":"inner"}},"wdio_ui5_key":"applicationmanageconditionprice-display-component---newCondition--condBaseQty"}]}
COMMAND: GET /session/5410ebbca63880522c561df3b9295ec8/screenshot - {}
RESULT: {"script":"<script> [1562 bytes]","args":[{"selector":{"id":"application-manageconditionprice-display-component---newCondition--condBaseQty","interaction":{"idSuffix":"inner"}},"wdio_ui5_key":"applicationmanageconditionprice-display-component---newCondition--condBaseQty"}]}
RESULT: undefined
COMMAND: POST /session/5410ebbca63880522c561df3b9295ec8/execute/async - {"script":"<script> [776 bytes]","args":[{"enterText":"1","selector":{"id":"application-manageconditionprice-display-component---newCondition--condBaseQty","interaction":{"idSuffix":"inner"}},"clearTextFirst":true,"interactionType":"ENTER_TEXT"}]}
RESULT: {}
RESULT: {"script":"<script> [776 bytes]","args":[{"enterText":"1","selector":{"id":"application-manageconditionprice-display-component---newCondition--condBaseQty","interaction":{"idSuffix":"inner"}},"clearTextFirst":true,"interactionType":"ENTER_TEXT"}]}
COMMAND: POST /session/5410ebbca63880522c561df3b9295ec8/execute/async - {"script":"<script> [1562 bytes]","args":[{"selector":{"id":"application-manageconditionprice-display-component---newCondition--condValue","interaction":{"idSuffix":"inner"}},"wdio_ui5_key":"applicationmanageconditionprice-display-component---newCondition--condValue"}]}
RESULT: {"script":"<script> [1562 bytes]","args":[{"selector":{"id":"application-manageconditionprice-display-component---newCondition--condValue","interaction":{"idSuffix":"inner"}},"wdio_ui5_key":"applicationmanageconditionprice-display-component---newCondition--condValue"}]}
RESULT: undefined
COMMAND: POST /session/5410ebbca63880522c561df3b9295ec8/execute/async - {"script":"<script> [776 bytes]","args":[{"enterText":"200","selector":{"id":"application-manageconditionprice-display-component---newCondition--condValue","interaction":{"idSuffix":"inner"}},"clearTextFirst":true,"interactionType":"ENTER_TEXT"}]}
RESULT: {"script":"<script> [776 bytes]","args":[{"enterText":"200","selector":{"id":"application-manageconditionprice-display-component---newCondition--condValue","interaction":{"idSuffix":"inner"}},"clearTextFirst":true,"interactionType":"ENTER_TEXT"}]}
COMMAND: POST /session/5410ebbca63880522c561df3b9295ec8/execute/async - {"script":"<script> [1562 bytes]","args":[{"selector":{"id":"application-manageconditionprice-display-component---newCondition--condCurr-arrow"},"wdio_ui5_key":"applicationmanageconditionprice-display-component---newCondition--condCurr-arrow"}]}
RESULT: {"script":"<script> [1562 bytes]","args":[{"selector":{"id":"application-manageconditionprice-display-component---newCondition--condCurr-arrow"},"wdio_ui5_key":"applicationmanageconditionprice-display-component---newCondition--condCurr-arrow"}]}
RESULT: undefined
COMMAND: POST /session/5410ebbca63880522c561df3b9295ec8/element - {"using":"xpath","value":"//*[@id=\"application-manageconditionprice-display-component---newCondition--condCurr-arrow\"]"}
RESULT: {"using":"xpath","value":"//*[@id=\"application-manageconditionprice-display-component---newCondition--condCurr-arrow\"]"}
COMMAND: POST /session/5410ebbca63880522c561df3b9295ec8/element/f.A21AC8DC3B7A3D8172EB3983758B85EF.d.80F242417816DBB85C692CB3781038B0.e.1830/click - {}
RESULT: {}
COMMAND: POST /session/5410ebbca63880522c561df3b9295ec8/element - {"using":"xpath","value":"//span[contains(text(), \"Euro\")]"}
COMMAND: GET /session/5410ebbca63880522c561df3b9295ec8/screenshot - {}
RESULT: {"using":"xpath","value":"//span[contains(text(), \"Euro\")]"}
COMMAND: POST /session/5410ebbca63880522c561df3b9295ec8/element/f.A21AC8DC3B7A3D8172EB3983758B85EF.d.80F242417816DBB85C692CB3781038B0.e.1912/click - {}
RESULT: {}
RESULT: {}
COMMAND: POST /session/5410ebbca63880522c561df3b9295ec8/element - {"using":"xpath","value":"//button[@data-kt=\"saveButton\"]"}
COMMAND: GET /session/5410ebbca63880522c561df3b9295ec8/screenshot - {}
RESULT: {"using":"xpath","value":"//button[@data-kt=\"saveButton\"]"}
COMMAND: POST /session/5410ebbca63880522c561df3b9295ec8/element/f.A21AC8DC3B7A3D8172EB3983758B85EF.d.80F242417816DBB85C692CB3781038B0.e.1831/click - {}
RESULT: {}
RESULT: {}
COMMAND: GET /session/5410ebbca63880522c561df3b9295ec8/screenshot - {}
RESULT: {}
COMMAND: POST /session/5410ebbca63880522c561df3b9295ec8/execute/async - {"script":"<script> [1562 bytes]","args":[{"selector":{"id":"application-manageconditionprice-display-component---conditions--smartFilterBar-btnBasicSearch","interaction":{"idSuffix":"I"}},"wdio_ui5_key":"applicationmanageconditionprice-display-component---conditions--smartFilterBar-btnBasicSearch"}]}
RESULT: {"script":"<script> [1562 bytes]","args":[{"selector":{"id":"application-manageconditionprice-display-component---conditions--smartFilterBar-btnBasicSearch","interaction":{"idSuffix":"I"}},"wdio_ui5_key":"applicationmanageconditionprice-display-component---conditions--smartFilterBar-btnBasicSearch"}]}
RESULT: undefined
COMMAND: POST /session/5410ebbca63880522c561df3b9295ec8/execute/async - {"script":"<script> [776 bytes]","args":[{"enterText":"6iYCVnAiPk","selector":{"id":"application-manageconditionprice-display-component---conditions--smartFilterBar-btnBasicSearch","interaction":{"idSuffix":"I"}},"clearTextFirst":true,"interactionType":"ENTER_TEXT"}]}
RESULT: {"script":"<script> [776 bytes]","args":[{"enterText":"6iYCVnAiPk","selector":{"id":"application-manageconditionprice-display-component---conditions--smartFilterBar-btnBasicSearch","interaction":{"idSuffix":"I"}},"clearTextFirst":true,"interactionType":"ENTER_TEXT"}]}
COMMAND: POST /session/5410ebbca63880522c561df3b9295ec8/actions - {"actions":[{"id":"action7","type":"key","parameters":{},"actions":[{"type":"keyDown","value":""},{"type":"pause","duration":10},{"type":"keyUp","value":""}]}]}
RESULT: {"actions":[{"id":"action7","type":"key","parameters":{},"actions":[{"type":"keyDown","value":""},{"type":"pause","duration":10},{"type":"keyUp","value":""}]}]}
COMMAND: GET /session/5410ebbca63880522c561df3b9295ec8/screenshot - {}
RESULT: {}
COMMAND: POST /session/5410ebbca63880522c561df3b9295ec8/execute/async - {"script":"<script> [1562 bytes]","args":[{"selector":{"id":"application-manageconditionprice-display-component---conditions--smartFilterBar-filterItemControl_BASIC-BILL_TYPES-vhi"},"wdio_ui5_key":"applicationmanageconditionprice-display-component---conditions--smartFilterBar-filterItemControl_BASIC-BILL_TYPES-vhi"}]}
RESULT: {"script":"<script> [1562 bytes]","args":[{"selector":{"id":"application-manageconditionprice-display-component---conditions--smartFilterBar-filterItemControl_BASIC-BILL_TYPES-vhi"},"wdio_ui5_key":"applicationmanageconditionprice-display-component---conditions--smartFilterBar-filterItemControl_BASIC-BILL_TYPES-vhi"}]}
RESULT: undefined
COMMAND: POST /session/5410ebbca63880522c561df3b9295ec8/element - {"using":"xpath","value":"//*[@id=\"application-manageconditionprice-display-component---conditions--smartFilterBar-filterItemControl_BASIC-BILL_TYPES-vhi\"]"}
RESULT: {"using":"xpath","value":"//*[@id=\"application-manageconditionprice-display-component---conditions--smartFilterBar-filterItemControl_BASIC-BILL_TYPES-vhi\"]"}
COMMAND: POST /session/5410ebbca63880522c561df3b9295ec8/element/f.A21AC8DC3B7A3D8172EB3983758B85EF.d.80F242417816DBB85C692CB3781038B0.e.2019/click - {}
RESULT: {}
COMMAND: POST /session/5410ebbca63880522c561df3b9295ec8/execute/async - {"script":"<script> [1562 bytes]","args":[{"selector":{"id":"application-manageconditionprice-display-component---conditions--smartFilterBar-filterItemControl_BASIC-BILL_TYPES-valueHelpDialog-smartFilterBar-btnBasicSearch","searchOpenDialogs":true,"interaction":{"idSuffix":"I"}},"wdio_ui5_key":"applicationmanageconditionprice-display-component---conditions--smartFilterBar-filterItemControl_BASIC-BILL_TYPES-valueHelpDialog-smartFilterBar-btnBasicSearch"}]}
COMMAND: GET /session/5410ebbca63880522c561df3b9295ec8/screenshot - {}
RESULT: {"script":"<script> [1562 bytes]","args":[{"selector":{"id":"application-manageconditionprice-display-component---conditions--smartFilterBar-filterItemControl_BASIC-BILL_TYPES-valueHelpDialog-smartFilterBar-btnBasicSearch","searchOpenDialogs":true,"interaction":{"idSuffix":"I"}},"wdio_ui5_key":"applicationmanageconditionprice-display-component---conditions--smartFilterBar-filterItemControl_BASIC-BILL_TYPES-valueHelpDialog-smartFilterBar-btnBasicSearch"}]}
RESULT: undefined
COMMAND: POST /session/5410ebbca63880522c561df3b9295ec8/execute/async - {"script":"<script> [776 bytes]","args":[{"enterText":"one","selector":{"id":"application-manageconditionprice-display-component---conditions--smartFilterBar-filterItemControl_BASIC-BILL_TYPES-valueHelpDialog-smartFilterBar-btnBasicSearch","searchOpenDialogs":true,"interaction":{"idSuffix":"I"}},"clearTextFirst":true,"interactionType":"ENTER_TEXT"}]}
RESULT: {}
RESULT: {"script":"<script> [776 bytes]","args":[{"enterText":"one","selector":{"id":"application-manageconditionprice-display-component---conditions--smartFilterBar-filterItemControl_BASIC-BILL_TYPES-valueHelpDialog-smartFilterBar-btnBasicSearch","searchOpenDialogs":true,"interaction":{"idSuffix":"I"}},"clearTextFirst":true,"interactionType":"ENTER_TEXT"}]}
COMMAND: POST /session/5410ebbca63880522c561df3b9295ec8/actions - {"actions":[{"id":"action8","type":"key","parameters":{},"actions":[{"type":"keyDown","value":""},{"type":"pause","duration":10},{"type":"keyUp","value":""}]}]}
RESULT: {"actions":[{"id":"action8","type":"key","parameters":{},"actions":[{"type":"keyDown","value":""},{"type":"pause","duration":10},{"type":"keyUp","value":""}]}]}
COMMAND: GET /session/5410ebbca63880522c561df3b9295ec8/screenshot - {}
RESULT: {}
COMMAND: POST /session/5410ebbca63880522c561df3b9295ec8/element - {"using":"xpath","value":"//div[contains(@id, 'application-manageconditionprice-display-component---conditions--smartFilterBar-filterItemControl_BASIC-BILL_TYPES-valueHelpDialog-table-rowsel0')]"}
RESULT: {"using":"xpath","value":"//div[contains(@id, 'application-manageconditionprice-display-component---conditions--smartFilterBar-filterItemControl_BASIC-BILL_TYPES-valueHelpDialog-table-rowsel0')]"}
COMMAND: POST /session/5410ebbca63880522c561df3b9295ec8/element/f.A21AC8DC3B7A3D8172EB3983758B85EF.d.80F242417816DBB85C692CB3781038B0.e.2028/click - {}
RESULT: {}
COMMAND: GET /session/5410ebbca63880522c561df3b9295ec8/screenshot - {}
RESULT: {}
COMMAND: POST /session/5410ebbca63880522c561df3b9295ec8/element - {"using":"xpath","value":"//bdi[contains(text(), \"OK\")]"}
RESULT: {"using":"xpath","value":"//bdi[contains(text(), \"OK\")]"}
COMMAND: POST /session/5410ebbca63880522c561df3b9295ec8/element/f.A21AC8DC3B7A3D8172EB3983758B85EF.d.80F242417816DBB85C692CB3781038B0.e.2030/click - {}
RESULT: {}
COMMAND: GET /session/5410ebbca63880522c561df3b9295ec8/screenshot - {}
RESULT: {}
COMMAND: POST /session/5410ebbca63880522c561df3b9295ec8/element - {"using":"xpath","value":"//span[@id=\"application-manageconditionprice-display-component---conditions--smartTable-header-inner\"]"}
RESULT: {"using":"xpath","value":"//span[@id=\"application-manageconditionprice-display-component---conditions--smartTable-header-inner\"]"}
COMMAND: POST /session/5410ebbca63880522c561df3b9295ec8/elements - {"using":"xpath","value":"//span[@id=\"application-manageconditionprice-display-component---conditions--smartTable-header-inner\"]"}
RESULT: {"using":"xpath","value":"//span[@id=\"application-manageconditionprice-display-component---conditions--smartTable-header-inner\"]"}
COMMAND: POST /session/5410ebbca63880522c561df3b9295ec8/execute/sync - {"script":"<script> [56 bytes]","args":[{"element-6066-11e4-a52e-4f735466cecf":"f.A21AC8DC3B7A3D8172EB3983758B85EF.d.80F242417816DBB85C692CB3781038B0.e.2033","ELEMENT":"f.A21AC8DC3B7A3D8172EB3983758B85EF.d.80F242417816DBB85C692CB3781038B0.e.2033"}]}
RESULT: {"script":"<script> [56 bytes]","args":[{"element-6066-11e4-a52e-4f735466cecf":"f.A21AC8DC3B7A3D8172EB3983758B85EF.d.80F242417816DBB85C692CB3781038B0.e.2033","ELEMENT":"f.A21AC8DC3B7A3D8172EB3983758B85EF.d.80F242417816DBB85C692CB3781038B0.e.2033"}]}
COMMAND: POST /session/5410ebbca63880522c561df3b9295ec8/element - {"using":"css selector","value":"#shell-header-logo"}
COMMAND: GET /session/5410ebbca63880522c561df3b9295ec8/screenshot - {}
RESULT: {"using":"css selector","value":"#shell-header-logo"}
COMMAND: POST /session/5410ebbca63880522c561df3b9295ec8/element/f.A21AC8DC3B7A3D8172EB3983758B85EF.d.80F242417816DBB85C692CB3781038B0.e.1661/click - {}
RESULT: {}
RESULT: {}
COMMAND: GET /session/5410ebbca63880522c561df3b9295ec8/screenshot - {}
RESULT: {}
COMMAND: POST /session/5410ebbca63880522c561df3b9295ec8/element - {"using":"css selector","value":"#j_username"}
COMMAND: POST /session/5410ebbca63880522c561df3b9295ec8/url - {"url":"https://qa-testing-00-live-etm-ui.cfapps.eu10-004.hana.ondemand.com/"}
RESULT: {"using":"css selector","value":"#j_username"}
COMMAND: POST /session/5410ebbca63880522c561df3b9295ec8/element - {"using":"css selector","value":"#j_username"}
RESULT: {"url":"https://qa-testing-00-live-etm-ui.cfapps.eu10-004.hana.ondemand.com/"}
RESULT: undefined
COMMAND: GET /session/5410ebbca63880522c561df3b9295ec8/screenshot - {}
RESULT: {"using":"css selector","value":"#j_username"}
COMMAND: POST /session/5410ebbca63880522c561df3b9295ec8/element - {"using":"css selector","value":"#shell-header-logo"}
RESULT: {}
RESULT: {"using":"css selector","value":"#shell-header-logo"}
COMMAND: POST /session/5410ebbca63880522c561df3b9295ec8/execute/sync - {"script":"<script> [8489 bytes]","args":[{"element-6066-11e4-a52e-4f735466cecf":"f.A21AC8DC3B7A3D8172EB3983758B85EF.d.8AD0943B06BF83B728EF39AA999D6356.e.2053","ELEMENT":"f.A21AC8DC3B7A3D8172EB3983758B85EF.d.8AD0943B06BF83B728EF39AA999D6356.e.2053"}]}
RESULT: {"script":"<script> [8489 bytes]","args":[{"element-6066-11e4-a52e-4f735466cecf":"f.A21AC8DC3B7A3D8172EB3983758B85EF.d.8AD0943B06BF83B728EF39AA999D6356.e.2053","ELEMENT":"f.A21AC8DC3B7A3D8172EB3983758B85EF.d.8AD0943B06BF83B728EF39AA999D6356.e.2053"}]}
COMMAND: POST /session/5410ebbca63880522c561df3b9295ec8/element - {"using":"css selector","value":"#shell-header-logo"}
COMMAND: GET /session/5410ebbca63880522c561df3b9295ec8/screenshot - {}
RESULT: {"using":"css selector","value":"#shell-header-logo"}
COMMAND: POST /session/5410ebbca63880522c561df3b9295ec8/execute/sync - {"script":"<script> [8489 bytes]","args":[{"element-6066-11e4-a52e-4f735466cecf":"f.A21AC8DC3B7A3D8172EB3983758B85EF.d.8AD0943B06BF83B728EF39AA999D6356.e.2053","ELEMENT":"f.A21AC8DC3B7A3D8172EB3983758B85EF.d.8AD0943B06BF83B728EF39AA999D6356.e.2053"}]}
RESULT: {}
RESULT: {"script":"<script> [8489 bytes]","args":[{"element-6066-11e4-a52e-4f735466cecf":"f.A21AC8DC3B7A3D8172EB3983758B85EF.d.8AD0943B06BF83B728EF39AA999D6356.e.2053","ELEMENT":"f.A21AC8DC3B7A3D8172EB3983758B85EF.d.8AD0943B06BF83B728EF39AA999D6356.e.2053"}]}
COMMAND: POST /session/5410ebbca63880522c561df3b9295ec8/execute/sync - {"script":"<script> [5351 bytes]","args":[{"element-6066-11e4-a52e-4f735466cecf":"f.A21AC8DC3B7A3D8172EB3983758B85EF.d.8AD0943B06BF83B728EF39AA999D6356.e.2053","ELEMENT":"f.A21AC8DC3B7A3D8172EB3983758B85EF.d.8AD0943B06BF83B728EF39AA999D6356.e.2053"}]}
COMMAND: GET /session/5410ebbca63880522c561df3b9295ec8/screenshot - {}
RESULT: {"script":"<script> [5351 bytes]","args":[{"element-6066-11e4-a52e-4f735466cecf":"f.A21AC8DC3B7A3D8172EB3983758B85EF.d.8AD0943B06BF83B728EF39AA999D6356.e.2053","ELEMENT":"f.A21AC8DC3B7A3D8172EB3983758B85EF.d.8AD0943B06BF83B728EF39AA999D6356.e.2053"}]}
COMMAND: POST /session/5410ebbca63880522c561df3b9295ec8/element - {"using":"css selector","value":"#shell-header-logo"}
COMMAND: GET /session/5410ebbca63880522c561df3b9295ec8/screenshot - {}
RESULT: {}
RESULT: {"using":"css selector","value":"#shell-header-logo"}
COMMAND: POST /session/5410ebbca63880522c561df3b9295ec8/element/f.A21AC8DC3B7A3D8172EB3983758B85EF.d.8AD0943B06BF83B728EF39AA999D6356.e.2053/click - {}
RESULT: {}
RESULT: {}
COMMAND: GET /session/5410ebbca63880522c561df3b9295ec8/screenshot - {}
RESULT: {}
COMMAND: POST /session/5410ebbca63880522c561df3b9295ec8/execute/async - {"script":"<script> [189 bytes]","args":[]}
RESULT: {"script":"<script> [189 bytes]","args":[]}
COMMAND: POST /session/5410ebbca63880522c561df3b9295ec8/execute/async - {"script":"<script> [123 bytes]","args":[]}
RESULT: {"script":"<script> [123 bytes]","args":[]}
COMMAND: POST /session/5410ebbca63880522c561df3b9295ec8/timeouts - {"script":"<number>"}
RESULT: {"script":"<number>"}
COMMAND: GET /session/5410ebbca63880522c561df3b9295ec8/timeouts - {}
RESULT: {}
RESULT: undefined
COMMAND: POST /session/5410ebbca63880522c561df3b9295ec8/execute/async - {"script":"<script> [2676 bytes]","args":[]}
RESULT: {"script":"<script> [2676 bytes]","args":[]}
COMMAND: POST /session/5410ebbca63880522c561df3b9295ec8/execute/async - {"script":"<script> [2342 bytes]","args":[{"protocol":"http","hostname":"0.0.0.0","path":"/","capabilities":{"browserName":"chrome","goog:chromeOptions":{"binary":"C:\\Program Files\\Google\\Chrome\\Application\\chrome.exe","args":["--start-maximized"]}},"logLevel":"warn","connectionRetryTimeout":120000,"connectionRetryCount":3,"logLevels":{},"enableDirectConnect":true,"strictSSL":true,"_":"65 more keys: [\"cacheDir\",\"port\",\"requestedCapabilities\",\"automationProtocol\",\"baseUrl\",\"waitforInterval\",\"waitforTimeout\",\"onReload\",\"beforeCommand\",\"afterCommand\",\"rootDir\",\"specs\",\"suites\",\"exclude\",\"groupLogsByTestSpec\",\"excludeDriverLogs\",\"bail\",\"framework\",\"reporters\",\"services\",\"maxInstances\",\"maxInstancesPerCapability\",\"injectGlobals\",\"filesToWatch\",\"execArgv\",\"runnerEnv\",\"runner\",\"shard\",\"specFileRetries\",\"specFileRetriesDelay\",\"specFileRetriesDeferred\",\"reporterSyncInterval\",\"reporterSyncTimeout\",\"cucumberFeaturesWithLineNumbers\",\"autoCompileOpts\",\"mochaOpts\",\"jasmineOpts\",\"cucumberOpts\",\"onPrepare\",\"onWorkerStart\",\"onWorkerEnd\",\"before\",\"beforeSession\",\"beforeSuite\",\"beforeHook\",\"beforeTest\",\"afterTest\",\"afterHook\",\"afterSuite\",\"afterSession\",\"after\",\"onComplete\",\"beforeAssertion\",\"afterAssertion\",\"beforeFeature\",\"beforeScenario\",\"beforeStep\",\"afterStep\",\"afterScenario\",\"afterFeature\",\"_\",\"suite\",\"$0\",\"ignoredWorkerServices\",\"wdi5\"]"}]}
RESULT: {"script":"<script> [2342 bytes]","args":[{"protocol":"http","hostname":"0.0.0.0","path":"/","capabilities":{"browserName":"chrome","goog:chromeOptions":{"binary":"C:\\Program Files\\Google\\Chrome\\Application\\chrome.exe","args":["--start-maximized"]}},"logLevel":"warn","connectionRetryTimeout":120000,"connectionRetryCount":3,"logLevels":{},"enableDirectConnect":true,"strictSSL":true,"_":"65 more keys: [\"cacheDir\",\"port\",\"requestedCapabilities\",\"automationProtocol\",\"baseUrl\",\"waitforInterval\",\"waitforTimeout\",\"onReload\",\"beforeCommand\",\"afterCommand\",\"rootDir\",\"specs\",\"suites\",\"exclude\",\"groupLogsByTestSpec\",\"excludeDriverLogs\",\"bail\",\"framework\",\"reporters\",\"services\",\"maxInstances\",\"maxInstancesPerCapability\",\"injectGlobals\",\"filesToWatch\",\"execArgv\",\"runnerEnv\",\"runner\",\"shard\",\"specFileRetries\",\"specFileRetriesDelay\",\"specFileRetriesDeferred\",\"reporterSyncInterval\",\"reporterSyncTimeout\",\"cucumberFeaturesWithLineNumbers\",\"autoCompileOpts\",\"mochaOpts\",\"jasmineOpts\",\"cucumberOpts\",\"onPrepare\",\"onWorkerStart\",\"onWorkerEnd\",\"before\",\"beforeSession\",\"beforeSuite\",\"beforeHook\",\"beforeTest\",\"afterTest\",\"afterHook\",\"afterSuite\",\"afterSession\",\"after\",\"onComplete\",\"beforeAssertion\",\"afterAssertion\",\"beforeFeature\",\"beforeScenario\",\"beforeStep\",\"afterStep\",\"afterScenario\",\"afterFeature\",\"_\",\"suite\",\"$0\",\"ignoredWorkerServices\",\"wdi5\"]"}]}
COMMAND: POST /session/5410ebbca63880522c561df3b9295ec8/execute/async - {"script":"<script> [21126 bytes]","args":[35000]}
RESULT: {"script":"<script> [21126 bytes]","args":[35000]}
COMMAND: POST /session/5410ebbca63880522c561df3b9295ec8/window/maximize - {}
RESULT: {}
COMMAND: POST /session/5410ebbca63880522c561df3b9295ec8/execute/async - {"script":"<script> [1562 bytes]","args":[{"selector":{"id":"shell-header","interaction":{"idSuffix":"icon"}},"wdio_ui5_key":"shellheader"}]}
COMMAND: GET /session/5410ebbca63880522c561df3b9295ec8/screenshot - {}
RESULT: {"script":"<script> [1562 bytes]","args":[{"selector":{"id":"shell-header","interaction":{"idSuffix":"icon"}},"wdio_ui5_key":"shellheader"}]}
RESULT: undefined
COMMAND: POST /session/5410ebbca63880522c561df3b9295ec8/refresh - {}
RESULT: {}
RESULT: {}
COMMAND: GET /session/5410ebbca63880522c561df3b9295ec8/screenshot - {}
RESULT: {}
COMMAND: POST /session/5410ebbca63880522c561df3b9295ec8/refresh - {}
RESULT: {}
COMMAND: GET /session/5410ebbca63880522c561df3b9295ec8/screenshot - {}
RESULT: {}
COMMAND: POST /session/5410ebbca63880522c561df3b9295ec8/execute/async - {"script":"<script> [189 bytes]","args":[]}
RESULT: {"script":"<script> [189 bytes]","args":[]}
COMMAND: POST /session/5410ebbca63880522c561df3b9295ec8/execute/async - {"script":"<script> [123 bytes]","args":[]}
RESULT: {"script":"<script> [123 bytes]","args":[]}
COMMAND: POST /session/5410ebbca63880522c561df3b9295ec8/timeouts - {"script":"<number>"}
RESULT: {"script":"<number>"}
COMMAND: GET /session/5410ebbca63880522c561df3b9295ec8/timeouts - {}
RESULT: {}
RESULT: undefined
COMMAND: POST /session/5410ebbca63880522c561df3b9295ec8/execute/async - {"script":"<script> [2676 bytes]","args":[]}
RESULT: {"script":"<script> [2676 bytes]","args":[]}
COMMAND: POST /session/5410ebbca63880522c561df3b9295ec8/execute/async - {"script":"<script> [2342 bytes]","args":[{"protocol":"http","hostname":"0.0.0.0","path":"/","capabilities":{"browserName":"chrome","goog:chromeOptions":{"binary":"C:\\Program Files\\Google\\Chrome\\Application\\chrome.exe","args":["--start-maximized"]}},"logLevel":"warn","connectionRetryTimeout":120000,"connectionRetryCount":3,"logLevels":{},"enableDirectConnect":true,"strictSSL":true,"_":"65 more keys: [\"cacheDir\",\"port\",\"requestedCapabilities\",\"automationProtocol\",\"baseUrl\",\"waitforInterval\",\"waitforTimeout\",\"onReload\",\"beforeCommand\",\"afterCommand\",\"rootDir\",\"specs\",\"suites\",\"exclude\",\"groupLogsByTestSpec\",\"excludeDriverLogs\",\"bail\",\"framework\",\"reporters\",\"services\",\"maxInstances\",\"maxInstancesPerCapability\",\"injectGlobals\",\"filesToWatch\",\"execArgv\",\"runnerEnv\",\"runner\",\"shard\",\"specFileRetries\",\"specFileRetriesDelay\",\"specFileRetriesDeferred\",\"reporterSyncInterval\",\"reporterSyncTimeout\",\"cucumberFeaturesWithLineNumbers\",\"autoCompileOpts\",\"mochaOpts\",\"jasmineOpts\",\"cucumberOpts\",\"onPrepare\",\"onWorkerStart\",\"onWorkerEnd\",\"before\",\"beforeSession\",\"beforeSuite\",\"beforeHook\",\"beforeTest\",\"afterTest\",\"afterHook\",\"afterSuite\",\"afterSession\",\"after\",\"onComplete\",\"beforeAssertion\",\"afterAssertion\",\"beforeFeature\",\"beforeScenario\",\"beforeStep\",\"afterStep\",\"afterScenario\",\"afterFeature\",\"_\",\"suite\",\"$0\",\"ignoredWorkerServices\",\"wdi5\"]"}]}
RESULT: {"script":"<script> [2342 bytes]","args":[{"protocol":"http","hostname":"0.0.0.0","path":"/","capabilities":{"browserName":"chrome","goog:chromeOptions":{"binary":"C:\\Program Files\\Google\\Chrome\\Application\\chrome.exe","args":["--start-maximized"]}},"logLevel":"warn","connectionRetryTimeout":120000,"connectionRetryCount":3,"logLevels":{},"enableDirectConnect":true,"strictSSL":true,"_":"65 more keys: [\"cacheDir\",\"port\",\"requestedCapabilities\",\"automationProtocol\",\"baseUrl\",\"waitforInterval\",\"waitforTimeout\",\"onReload\",\"beforeCommand\",\"afterCommand\",\"rootDir\",\"specs\",\"suites\",\"exclude\",\"groupLogsByTestSpec\",\"excludeDriverLogs\",\"bail\",\"framework\",\"reporters\",\"services\",\"maxInstances\",\"maxInstancesPerCapability\",\"injectGlobals\",\"filesToWatch\",\"execArgv\",\"runnerEnv\",\"runner\",\"shard\",\"specFileRetries\",\"specFileRetriesDelay\",\"specFileRetriesDeferred\",\"reporterSyncInterval\",\"reporterSyncTimeout\",\"cucumberFeaturesWithLineNumbers\",\"autoCompileOpts\",\"mochaOpts\",\"jasmineOpts\",\"cucumberOpts\",\"onPrepare\",\"onWorkerStart\",\"onWorkerEnd\",\"before\",\"beforeSession\",\"beforeSuite\",\"beforeHook\",\"beforeTest\",\"afterTest\",\"afterHook\",\"afterSuite\",\"afterSession\",\"after\",\"onComplete\",\"beforeAssertion\",\"afterAssertion\",\"beforeFeature\",\"beforeScenario\",\"beforeStep\",\"afterStep\",\"afterScenario\",\"afterFeature\",\"_\",\"suite\",\"$0\",\"ignoredWorkerServices\",\"wdi5\"]"}]}
COMMAND: POST /session/5410ebbca63880522c561df3b9295ec8/execute/async - {"script":"<script> [21126 bytes]","args":[35000]}
RESULT: {"script":"<script> [21126 bytes]","args":[35000]}
]]></system-out>
    </testcase>
  </testsuite>
  <testsuite timestamp="2025-04-17T05:54:51" time="123.743" tests="3" failures="0" errors="0" skipped="0">
    <properties>
      <property name="specId" value="0"/>
      <property name="suiteName" value="Set up pricing rule(OT) 104624"/>
      <property name="capabilities" value="chrome.135_0_7049_42.windows"/>
      <property name="file" value="file:///D:/a/1/s/test/specs/BTS/create-pricing-rule.spec.js"/>
    </properties>
    <testcase classname="chrome.135_0_7049_42.windows.Set_up_pricing_rule(OT)_104624" name="Should create a new yard used for all following tests" time="0.878">
      <system-out><![CDATA[
COMMAND: POST /session/5410ebbca63880522c561df3b9295ec8/window/fullscreen - {}
RESULT: {}
]]></system-out>
    </testcase>
    <testcase classname="chrome.135_0_7049_42.windows.Set_up_pricing_rule(OT)_104624" name="Should create a new equipment used for all following tests" time="0.005"/>
    <testcase classname="chrome.135_0_7049_42.windows.Set_up_pricing_rule(OT)_104624" name="Should create new pricing rule on the created resource from earlier module or above" time="70.972">
      <system-out><![CDATA[
COMMAND: POST /session/5410ebbca63880522c561df3b9295ec8/execute/async - {"script":"<script> [1562 bytes]","args":[{"selector":{"controlType":"sap.m.Text","properties":{"text":"Manage Pricing Rules"},"interaction":{"idSuffix":"inner"}},"wdio_ui5_key":"sapm.Text{\"text\":\"Manage Pricing Rules\"}"}]}
RESULT: {"script":"<script> [1562 bytes]","args":[{"selector":{"controlType":"sap.m.Text","properties":{"text":"Manage Pricing Rules"},"interaction":{"idSuffix":"inner"}},"wdio_ui5_key":"sapm.Text{\"text\":\"Manage Pricing Rules\"}"}]}
RESULT: undefined
COMMAND: POST /session/5410ebbca63880522c561df3b9295ec8/element - {"using":"xpath","value":"//*[@id=\"__tile55-title\"]"}
RESULT: {"using":"xpath","value":"//*[@id=\"__tile55-title\"]"}
COMMAND: POST /session/5410ebbca63880522c561df3b9295ec8/element/f.A21AC8DC3B7A3D8172EB3983758B85EF.d.D039BB8CC9196C1EAD5C2F8AD391D796.e.2316/click - {}
RESULT: {}
COMMAND: POST /session/5410ebbca63880522c561df3b9295ec8/execute/async - {"script":"<script> [1562 bytes]","args":[{"selector":{"controlType":"sap.ui.core.Icon","viewName":"etm.portal.ui.managepricingrules.view.MasterHeader","viewId":"application-managepricingrules-display-component---priceInfoHeader","properties":{"src":{"regex":{"source":"activity\\-items"}}}},"wdio_ui5_key":"etmportal.ui.managepricingrules.view.MasterHeadersap.ui.core.Icon{\"src\":{\"regex\":{\"source\":\"activity\\\\-items\"}}}"}]}
COMMAND: GET /session/5410ebbca63880522c561df3b9295ec8/screenshot - {}
RESULT: {"script":"<script> [1562 bytes]","args":[{"selector":{"controlType":"sap.ui.core.Icon","viewName":"etm.portal.ui.managepricingrules.view.MasterHeader","viewId":"application-managepricingrules-display-component---priceInfoHeader","properties":{"src":{"regex":{"source":"activity\\-items"}}}},"wdio_ui5_key":"etmportal.ui.managepricingrules.view.MasterHeadersap.ui.core.Icon{\"src\":{\"regex\":{\"source\":\"activity\\\\-items\"}}}"}]}
RESULT: undefined
COMMAND: POST /session/5410ebbca63880522c561df3b9295ec8/element - {"using":"xpath","value":"//*[@id=\"__filter1-icon\"]"}
RESULT: {}
RESULT: {"using":"xpath","value":"//*[@id=\"__filter1-icon\"]"}
COMMAND: POST /session/5410ebbca63880522c561df3b9295ec8/element/f.A21AC8DC3B7A3D8172EB3983758B85EF.d.D039BB8CC9196C1EAD5C2F8AD391D796.e.2366/click - {}
RESULT: {}
COMMAND: GET /session/5410ebbca63880522c561df3b9295ec8/screenshot - {}
RESULT: {}
COMMAND: POST /session/5410ebbca63880522c561df3b9295ec8/element - {"using":"xpath","value":"//button[@data-kt=\"addButton\"]"}
RESULT: {"using":"xpath","value":"//button[@data-kt=\"addButton\"]"}
COMMAND: POST /session/5410ebbca63880522c561df3b9295ec8/elements - {"using":"xpath","value":"//button[@data-kt=\"addButton\"]"}
RESULT: {"using":"xpath","value":"//button[@data-kt=\"addButton\"]"}
COMMAND: POST /session/5410ebbca63880522c561df3b9295ec8/execute/sync - {"script":"<script> [8489 bytes]","args":[{"element-6066-11e4-a52e-4f735466cecf":"f.A21AC8DC3B7A3D8172EB3983758B85EF.d.D039BB8CC9196C1EAD5C2F8AD391D796.e.2415","ELEMENT":"f.A21AC8DC3B7A3D8172EB3983758B85EF.d.D039BB8CC9196C1EAD5C2F8AD391D796.e.2415"}]}
RESULT: {"script":"<script> [8489 bytes]","args":[{"element-6066-11e4-a52e-4f735466cecf":"f.A21AC8DC3B7A3D8172EB3983758B85EF.d.D039BB8CC9196C1EAD5C2F8AD391D796.e.2415","ELEMENT":"f.A21AC8DC3B7A3D8172EB3983758B85EF.d.D039BB8CC9196C1EAD5C2F8AD391D796.e.2415"}]}
COMMAND: GET /session/5410ebbca63880522c561df3b9295ec8/element/f.A21AC8DC3B7A3D8172EB3983758B85EF.d.D039BB8CC9196C1EAD5C2F8AD391D796.e.2415/enabled - {}
COMMAND: GET /session/5410ebbca63880522c561df3b9295ec8/screenshot - {}
RESULT: {}
COMMAND: POST /session/5410ebbca63880522c561df3b9295ec8/execute/sync - {"script":"<script> [8489 bytes]","args":[{"element-6066-11e4-a52e-4f735466cecf":"f.A21AC8DC3B7A3D8172EB3983758B85EF.d.D039BB8CC9196C1EAD5C2F8AD391D796.e.2415","ELEMENT":"f.A21AC8DC3B7A3D8172EB3983758B85EF.d.D039BB8CC9196C1EAD5C2F8AD391D796.e.2415"}]}
COMMAND: GET /session/5410ebbca63880522c561df3b9295ec8/screenshot - {}
RESULT: {}
RESULT: {"script":"<script> [8489 bytes]","args":[{"element-6066-11e4-a52e-4f735466cecf":"f.A21AC8DC3B7A3D8172EB3983758B85EF.d.D039BB8CC9196C1EAD5C2F8AD391D796.e.2415","ELEMENT":"f.A21AC8DC3B7A3D8172EB3983758B85EF.d.D039BB8CC9196C1EAD5C2F8AD391D796.e.2415"}]}
COMMAND: POST /session/5410ebbca63880522c561df3b9295ec8/execute/sync - {"script":"<script> [5351 bytes]","args":[{"element-6066-11e4-a52e-4f735466cecf":"f.A21AC8DC3B7A3D8172EB3983758B85EF.d.D039BB8CC9196C1EAD5C2F8AD391D796.e.2415","ELEMENT":"f.A21AC8DC3B7A3D8172EB3983758B85EF.d.D039BB8CC9196C1EAD5C2F8AD391D796.e.2415"}]}
COMMAND: GET /session/5410ebbca63880522c561df3b9295ec8/screenshot - {}
RESULT: {}
RESULT: {"script":"<script> [5351 bytes]","args":[{"element-6066-11e4-a52e-4f735466cecf":"f.A21AC8DC3B7A3D8172EB3983758B85EF.d.D039BB8CC9196C1EAD5C2F8AD391D796.e.2415","ELEMENT":"f.A21AC8DC3B7A3D8172EB3983758B85EF.d.D039BB8CC9196C1EAD5C2F8AD391D796.e.2415"}]}
COMMAND: POST /session/5410ebbca63880522c561df3b9295ec8/element/f.A21AC8DC3B7A3D8172EB3983758B85EF.d.D039BB8CC9196C1EAD5C2F8AD391D796.e.2415/click - {}
COMMAND: GET /session/5410ebbca63880522c561df3b9295ec8/screenshot - {}
RESULT: {}
RESULT: {}
COMMAND: GET /session/5410ebbca63880522c561df3b9295ec8/screenshot - {}
RESULT: {}
RESULT: {}
COMMAND: POST /session/5410ebbca63880522c561df3b9295ec8/execute/async - {"script":"<script> [1562 bytes]","args":[{"selector":{"controlType":"sap.m.Title","viewName":"etm.portal.ui.managepricingrules.view.NewItem","viewId":"application-managepricingrules-display-component---newInfoPriceItem","properties":{"text":"New Pricing Rules - Item Level"}},"wdio_ui5_key":"etmportal.ui.managepricingrules.view.NewItemsap.m.Title{\"text\":\"New Pricing Rules - Item Level\"}"}]}
RESULT: {"script":"<script> [1562 bytes]","args":[{"selector":{"controlType":"sap.m.Title","viewName":"etm.portal.ui.managepricingrules.view.NewItem","viewId":"application-managepricingrules-display-component---newInfoPriceItem","properties":{"text":"New Pricing Rules - Item Level"}},"wdio_ui5_key":"etmportal.ui.managepricingrules.view.NewItemsap.m.Title{\"text\":\"New Pricing Rules - Item Level\"}"}]}
RESULT: undefined
COMMAND: POST /session/5410ebbca63880522c561df3b9295ec8/execute/async - {"script":"<script> [6424 bytes]","args":[{"element-6066-11e4-a52e-4f735466cecf":"f.A21AC8DC3B7A3D8172EB3983758B85EF.d.D039BB8CC9196C1EAD5C2F8AD391D796.e.2705"},"getText",[]]}
RESULT: {"script":"<script> [6424 bytes]","args":[{"element-6066-11e4-a52e-4f735466cecf":"f.A21AC8DC3B7A3D8172EB3983758B85EF.d.D039BB8CC9196C1EAD5C2F8AD391D796.e.2705"},"getText",[]]}
COMMAND: POST /session/5410ebbca63880522c561df3b9295ec8/execute/async - {"script":"<script> [1562 bytes]","args":[{"selector":{"id":"application-managepricingrules-display-component---newInfoPriceItem--condValidTo","interaction":{"idSuffix":"inner"}},"wdio_ui5_key":"applicationmanagepricingrules-display-component---newInfoPriceItem--condValidTo"}]}
RESULT: {"script":"<script> [1562 bytes]","args":[{"selector":{"id":"application-managepricingrules-display-component---newInfoPriceItem--condValidTo","interaction":{"idSuffix":"inner"}},"wdio_ui5_key":"applicationmanagepricingrules-display-component---newInfoPriceItem--condValidTo"}]}
RESULT: undefined
COMMAND: POST /session/5410ebbca63880522c561df3b9295ec8/execute/async - {"script":"<script> [776 bytes]","args":[{"enterText":"12/17/25","selector":{"id":"application-managepricingrules-display-component---newInfoPriceItem--condValidTo","interaction":{"idSuffix":"inner"}},"clearTextFirst":true,"interactionType":"ENTER_TEXT"}]}
RESULT: {"script":"<script> [776 bytes]","args":[{"enterText":"12/17/25","selector":{"id":"application-managepricingrules-display-component---newInfoPriceItem--condValidTo","interaction":{"idSuffix":"inner"}},"clearTextFirst":true,"interactionType":"ENTER_TEXT"}]}
COMMAND: POST /session/5410ebbca63880522c561df3b9295ec8/element - {"using":"xpath","value":"//input[@id=\"application-managepricingrules-display-component---newInfoPriceItem--condRU-inner\"]"}
RESULT: {"using":"xpath","value":"//input[@id=\"application-managepricingrules-display-component---newInfoPriceItem--condRU-inner\"]"}
COMMAND: POST /session/5410ebbca63880522c561df3b9295ec8/element/f.A21AC8DC3B7A3D8172EB3983758B85EF.d.D039BB8CC9196C1EAD5C2F8AD391D796.e.2669/clear - {}
RESULT: {}
COMMAND: POST /session/5410ebbca63880522c561df3b9295ec8/element/f.A21AC8DC3B7A3D8172EB3983758B85EF.d.D039BB8CC9196C1EAD5C2F8AD391D796.e.2669/value - {"text":"6iYCVnAiPk"}
COMMAND: GET /session/5410ebbca63880522c561df3b9295ec8/screenshot - {}
RESULT: {"text":"6iYCVnAiPk"}
COMMAND: GET /session/5410ebbca63880522c561df3b9295ec8/screenshot - {}
RESULT: {}
RESULT: {}
COMMAND: POST /session/5410ebbca63880522c561df3b9295ec8/execute/async - {"script":"<script> [1562 bytes]","args":[{"selector":{"id":"application-managepricingrules-display-component---newInfoPriceItem--billType-arrow"},"wdio_ui5_key":"applicationmanagepricingrules-display-component---newInfoPriceItem--billType-arrow"}]}
RESULT: {"script":"<script> [1562 bytes]","args":[{"selector":{"id":"application-managepricingrules-display-component---newInfoPriceItem--billType-arrow"},"wdio_ui5_key":"applicationmanagepricingrules-display-component---newInfoPriceItem--billType-arrow"}]}
RESULT: undefined
COMMAND: POST /session/5410ebbca63880522c561df3b9295ec8/element - {"using":"xpath","value":"//*[@id=\"application-managepricingrules-display-component---newInfoPriceItem--billType-arrow\"]"}
RESULT: {"using":"xpath","value":"//*[@id=\"application-managepricingrules-display-component---newInfoPriceItem--billType-arrow\"]"}
COMMAND: POST /session/5410ebbca63880522c561df3b9295ec8/element/f.A21AC8DC3B7A3D8172EB3983758B85EF.d.D039BB8CC9196C1EAD5C2F8AD391D796.e.2769/click - {}
RESULT: {}
COMMAND: POST /session/5410ebbca63880522c561df3b9295ec8/element - {"using":"xpath","value":"//span[contains(text(), \"OT - Sales (one-time)\")]"}
COMMAND: GET /session/5410ebbca63880522c561df3b9295ec8/screenshot - {}
RESULT: {"using":"xpath","value":"//span[contains(text(), \"OT - Sales (one-time)\")]"}
COMMAND: POST /session/5410ebbca63880522c561df3b9295ec8/element/f.A21AC8DC3B7A3D8172EB3983758B85EF.d.D039BB8CC9196C1EAD5C2F8AD391D796.e.2810/click - {}
RESULT: {}
RESULT: {}
COMMAND: POST /session/5410ebbca63880522c561df3b9295ec8/execute/async - {"script":"<script> [1562 bytes]","args":[{"selector":{"id":"application-managepricingrules-display-component---newInfoPriceItem--priceProc-arrow"},"wdio_ui5_key":"applicationmanagepricingrules-display-component---newInfoPriceItem--priceProc-arrow"}]}
COMMAND: GET /session/5410ebbca63880522c561df3b9295ec8/screenshot - {}
RESULT: {"script":"<script> [1562 bytes]","args":[{"selector":{"id":"application-managepricingrules-display-component---newInfoPriceItem--priceProc-arrow"},"wdio_ui5_key":"applicationmanagepricingrules-display-component---newInfoPriceItem--priceProc-arrow"}]}
RESULT: undefined
COMMAND: POST /session/5410ebbca63880522c561df3b9295ec8/element - {"using":"xpath","value":"//*[@id=\"application-managepricingrules-display-component---newInfoPriceItem--priceProc-arrow\"]"}
RESULT: {}
RESULT: {"using":"xpath","value":"//*[@id=\"application-managepricingrules-display-component---newInfoPriceItem--priceProc-arrow\"]"}
COMMAND: POST /session/5410ebbca63880522c561df3b9295ec8/element/f.A21AC8DC3B7A3D8172EB3983758B85EF.d.D039BB8CC9196C1EAD5C2F8AD391D796.e.2776/click - {}
RESULT: {}
COMMAND: POST /session/5410ebbca63880522c561df3b9295ec8/element - {"using":"xpath","value":"//span[contains(text(), \"MAT - Material\")]"}
COMMAND: GET /session/5410ebbca63880522c561df3b9295ec8/screenshot - {}
RESULT: {"using":"xpath","value":"//span[contains(text(), \"MAT - Material\")]"}
COMMAND: POST /session/5410ebbca63880522c561df3b9295ec8/element/f.A21AC8DC3B7A3D8172EB3983758B85EF.d.D039BB8CC9196C1EAD5C2F8AD391D796.e.2811/click - {}
RESULT: {}
RESULT: {}
COMMAND: POST /session/5410ebbca63880522c561df3b9295ec8/execute/async - {"script":"<script> [1562 bytes]","args":[{"selector":{"id":"application-managepricingrules-display-component---newInfoPriceItem--calcBase-arrow"},"wdio_ui5_key":"applicationmanagepricingrules-display-component---newInfoPriceItem--calcBase-arrow"}]}
COMMAND: GET /session/5410ebbca63880522c561df3b9295ec8/screenshot - {}
RESULT: {"script":"<script> [1562 bytes]","args":[{"selector":{"id":"application-managepricingrules-display-component---newInfoPriceItem--calcBase-arrow"},"wdio_ui5_key":"applicationmanagepricingrules-display-component---newInfoPriceItem--calcBase-arrow"}]}
RESULT: undefined
COMMAND: POST /session/5410ebbca63880522c561df3b9295ec8/element - {"using":"xpath","value":"//*[@id=\"application-managepricingrules-display-component---newInfoPriceItem--calcBase-arrow\"]"}
RESULT: {}
RESULT: {"using":"xpath","value":"//*[@id=\"application-managepricingrules-display-component---newInfoPriceItem--calcBase-arrow\"]"}
COMMAND: POST /session/5410ebbca63880522c561df3b9295ec8/element/f.A21AC8DC3B7A3D8172EB3983758B85EF.d.D039BB8CC9196C1EAD5C2F8AD391D796.e.2783/click - {}
RESULT: {}
COMMAND: GET /session/5410ebbca63880522c561df3b9295ec8/screenshot - {}
RESULT: {}
COMMAND: POST /session/5410ebbca63880522c561df3b9295ec8/element - {"using":"xpath","value":"//span[contains(text(), \"0001 - TB(exact month + cal_days)\")]"}
RESULT: {"using":"xpath","value":"//span[contains(text(), \"0001 - TB(exact month + cal_days)\")]"}
COMMAND: POST /session/5410ebbca63880522c561df3b9295ec8/element/f.A21AC8DC3B7A3D8172EB3983758B85EF.d.D039BB8CC9196C1EAD5C2F8AD391D796.e.2812/click - {}
RESULT: {}
COMMAND: GET /session/5410ebbca63880522c561df3b9295ec8/screenshot - {}
RESULT: {}
COMMAND: POST /session/5410ebbca63880522c561df3b9295ec8/element - {"using":"xpath","value":"//button[@data-kt=\"saveNewRuleButton\"]"}
RESULT: {"using":"xpath","value":"//button[@data-kt=\"saveNewRuleButton\"]"}
COMMAND: POST /session/5410ebbca63880522c561df3b9295ec8/element/f.A21AC8DC3B7A3D8172EB3983758B85EF.d.D039BB8CC9196C1EAD5C2F8AD391D796.e.2803/click - {}
RESULT: {}
COMMAND: GET /session/5410ebbca63880522c561df3b9295ec8/screenshot - {}
RESULT: {}
COMMAND: POST /session/5410ebbca63880522c561df3b9295ec8/execute/async - {"script":"<script> [1562 bytes]","args":[{"selector":{"id":"application-managepricingrules-display-component---priceInfoItem--smartFilterBar-btnBasicSearch","interaction":{"idSuffix":"I"}},"wdio_ui5_key":"applicationmanagepricingrules-display-component---priceInfoItem--smartFilterBar-btnBasicSearch"}]}
RESULT: {"script":"<script> [1562 bytes]","args":[{"selector":{"id":"application-managepricingrules-display-component---priceInfoItem--smartFilterBar-btnBasicSearch","interaction":{"idSuffix":"I"}},"wdio_ui5_key":"applicationmanagepricingrules-display-component---priceInfoItem--smartFilterBar-btnBasicSearch"}]}
RESULT: undefined
COMMAND: POST /session/5410ebbca63880522c561df3b9295ec8/execute/async - {"script":"<script> [776 bytes]","args":[{"enterText":"6iYCVnAiPk","selector":{"id":"application-managepricingrules-display-component---priceInfoItem--smartFilterBar-btnBasicSearch","interaction":{"idSuffix":"I"}},"clearTextFirst":true,"interactionType":"ENTER_TEXT"}]}
RESULT: {"script":"<script> [776 bytes]","args":[{"enterText":"6iYCVnAiPk","selector":{"id":"application-managepricingrules-display-component---priceInfoItem--smartFilterBar-btnBasicSearch","interaction":{"idSuffix":"I"}},"clearTextFirst":true,"interactionType":"ENTER_TEXT"}]}
COMMAND: POST /session/5410ebbca63880522c561df3b9295ec8/actions - {"actions":[{"id":"action9","type":"key","parameters":{},"actions":[{"type":"keyDown","value":""},{"type":"pause","duration":10},{"type":"keyUp","value":""}]}]}
RESULT: {"actions":[{"id":"action9","type":"key","parameters":{},"actions":[{"type":"keyDown","value":""},{"type":"pause","duration":10},{"type":"keyUp","value":""}]}]}
COMMAND: GET /session/5410ebbca63880522c561df3b9295ec8/screenshot - {}
RESULT: {}
COMMAND: POST /session/5410ebbca63880522c561df3b9295ec8/element - {"using":"xpath","value":"//span[@id=\"application-managepricingrules-display-component---priceInfoItem--smartTable-header-inner\"]"}
RESULT: {"using":"xpath","value":"//span[@id=\"application-managepricingrules-display-component---priceInfoItem--smartTable-header-inner\"]"}
COMMAND: POST /session/5410ebbca63880522c561df3b9295ec8/elements - {"using":"xpath","value":"//span[@id=\"application-managepricingrules-display-component---priceInfoItem--smartTable-header-inner\"]"}
RESULT: {"using":"xpath","value":"//span[@id=\"application-managepricingrules-display-component---priceInfoItem--smartTable-header-inner\"]"}
COMMAND: POST /session/5410ebbca63880522c561df3b9295ec8/execute/sync - {"script":"<script> [56 bytes]","args":[{"element-6066-11e4-a52e-4f735466cecf":"f.A21AC8DC3B7A3D8172EB3983758B85EF.d.D039BB8CC9196C1EAD5C2F8AD391D796.e.2852","ELEMENT":"f.A21AC8DC3B7A3D8172EB3983758B85EF.d.D039BB8CC9196C1EAD5C2F8AD391D796.e.2852"}]}
RESULT: {"script":"<script> [56 bytes]","args":[{"element-6066-11e4-a52e-4f735466cecf":"f.A21AC8DC3B7A3D8172EB3983758B85EF.d.D039BB8CC9196C1EAD5C2F8AD391D796.e.2852","ELEMENT":"f.A21AC8DC3B7A3D8172EB3983758B85EF.d.D039BB8CC9196C1EAD5C2F8AD391D796.e.2852"}]}
COMMAND: POST /session/5410ebbca63880522c561df3b9295ec8/element - {"using":"css selector","value":"#shell-header-logo"}
COMMAND: GET /session/5410ebbca63880522c561df3b9295ec8/screenshot - {}
RESULT: {"using":"css selector","value":"#shell-header-logo"}
COMMAND: POST /session/5410ebbca63880522c561df3b9295ec8/element/f.A21AC8DC3B7A3D8172EB3983758B85EF.d.D039BB8CC9196C1EAD5C2F8AD391D796.e.2317/click - {}
RESULT: {}
RESULT: {}
COMMAND: GET /session/5410ebbca63880522c561df3b9295ec8/screenshot - {}
RESULT: {}
COMMAND: POST /session/5410ebbca63880522c561df3b9295ec8/element - {"using":"css selector","value":"#j_username"}
COMMAND: POST /session/5410ebbca63880522c561df3b9295ec8/url - {"url":"https://qa-testing-00-live-etm-ui.cfapps.eu10-004.hana.ondemand.com/"}
RESULT: {"using":"css selector","value":"#j_username"}
COMMAND: POST /session/5410ebbca63880522c561df3b9295ec8/element - {"using":"css selector","value":"#j_username"}
RESULT: {"url":"https://qa-testing-00-live-etm-ui.cfapps.eu10-004.hana.ondemand.com/"}
RESULT: undefined
COMMAND: GET /session/5410ebbca63880522c561df3b9295ec8/screenshot - {}
RESULT: {"using":"css selector","value":"#j_username"}
COMMAND: POST /session/5410ebbca63880522c561df3b9295ec8/element - {"using":"css selector","value":"#shell-header-logo"}
RESULT: {}
RESULT: {"using":"css selector","value":"#shell-header-logo"}
COMMAND: POST /session/5410ebbca63880522c561df3b9295ec8/execute/sync - {"script":"<script> [8489 bytes]","args":[{"element-6066-11e4-a52e-4f735466cecf":"f.A21AC8DC3B7A3D8172EB3983758B85EF.d.B2E2FF695216F6A39BEA014119610E49.e.2871","ELEMENT":"f.A21AC8DC3B7A3D8172EB3983758B85EF.d.B2E2FF695216F6A39BEA014119610E49.e.2871"}]}
RESULT: {"script":"<script> [8489 bytes]","args":[{"element-6066-11e4-a52e-4f735466cecf":"f.A21AC8DC3B7A3D8172EB3983758B85EF.d.B2E2FF695216F6A39BEA014119610E49.e.2871","ELEMENT":"f.A21AC8DC3B7A3D8172EB3983758B85EF.d.B2E2FF695216F6A39BEA014119610E49.e.2871"}]}
COMMAND: POST /session/5410ebbca63880522c561df3b9295ec8/element - {"using":"css selector","value":"#shell-header-logo"}
COMMAND: GET /session/5410ebbca63880522c561df3b9295ec8/screenshot - {}
RESULT: {}
RESULT: {"using":"css selector","value":"#shell-header-logo"}
COMMAND: POST /session/5410ebbca63880522c561df3b9295ec8/execute/sync - {"script":"<script> [8489 bytes]","args":[{"element-6066-11e4-a52e-4f735466cecf":"f.A21AC8DC3B7A3D8172EB3983758B85EF.d.B2E2FF695216F6A39BEA014119610E49.e.2871","ELEMENT":"f.A21AC8DC3B7A3D8172EB3983758B85EF.d.B2E2FF695216F6A39BEA014119610E49.e.2871"}]}
RESULT: {"script":"<script> [8489 bytes]","args":[{"element-6066-11e4-a52e-4f735466cecf":"f.A21AC8DC3B7A3D8172EB3983758B85EF.d.B2E2FF695216F6A39BEA014119610E49.e.2871","ELEMENT":"f.A21AC8DC3B7A3D8172EB3983758B85EF.d.B2E2FF695216F6A39BEA014119610E49.e.2871"}]}
COMMAND: POST /session/5410ebbca63880522c561df3b9295ec8/execute/sync - {"script":"<script> [5351 bytes]","args":[{"element-6066-11e4-a52e-4f735466cecf":"f.A21AC8DC3B7A3D8172EB3983758B85EF.d.B2E2FF695216F6A39BEA014119610E49.e.2871","ELEMENT":"f.A21AC8DC3B7A3D8172EB3983758B85EF.d.B2E2FF695216F6A39BEA014119610E49.e.2871"}]}
COMMAND: GET /session/5410ebbca63880522c561df3b9295ec8/screenshot - {}
RESULT: {"script":"<script> [5351 bytes]","args":[{"element-6066-11e4-a52e-4f735466cecf":"f.A21AC8DC3B7A3D8172EB3983758B85EF.d.B2E2FF695216F6A39BEA014119610E49.e.2871","ELEMENT":"f.A21AC8DC3B7A3D8172EB3983758B85EF.d.B2E2FF695216F6A39BEA014119610E49.e.2871"}]}
COMMAND: POST /session/5410ebbca63880522c561df3b9295ec8/element - {"using":"css selector","value":"#shell-header-logo"}
COMMAND: GET /session/5410ebbca63880522c561df3b9295ec8/screenshot - {}
RESULT: {}
RESULT: {"using":"css selector","value":"#shell-header-logo"}
COMMAND: POST /session/5410ebbca63880522c561df3b9295ec8/element/f.A21AC8DC3B7A3D8172EB3983758B85EF.d.B2E2FF695216F6A39BEA014119610E49.e.2871/click - {}
RESULT: {}
RESULT: {}
COMMAND: GET /session/5410ebbca63880522c561df3b9295ec8/screenshot - {}
RESULT: {}
COMMAND: POST /session/5410ebbca63880522c561df3b9295ec8/execute/async - {"script":"<script> [189 bytes]","args":[]}
RESULT: {"script":"<script> [189 bytes]","args":[]}
COMMAND: POST /session/5410ebbca63880522c561df3b9295ec8/execute/async - {"script":"<script> [123 bytes]","args":[]}
RESULT: {"script":"<script> [123 bytes]","args":[]}
COMMAND: POST /session/5410ebbca63880522c561df3b9295ec8/timeouts - {"script":"<number>"}
RESULT: {"script":"<number>"}
COMMAND: GET /session/5410ebbca63880522c561df3b9295ec8/timeouts - {}
RESULT: {}
RESULT: undefined
COMMAND: POST /session/5410ebbca63880522c561df3b9295ec8/execute/async - {"script":"<script> [2676 bytes]","args":[]}
RESULT: {"script":"<script> [2676 bytes]","args":[]}
COMMAND: POST /session/5410ebbca63880522c561df3b9295ec8/execute/async - {"script":"<script> [2342 bytes]","args":[{"protocol":"http","hostname":"0.0.0.0","path":"/","capabilities":{"browserName":"chrome","goog:chromeOptions":{"binary":"C:\\Program Files\\Google\\Chrome\\Application\\chrome.exe","args":["--start-maximized"]}},"logLevel":"warn","connectionRetryTimeout":120000,"connectionRetryCount":3,"logLevels":{},"enableDirectConnect":true,"strictSSL":true,"_":"65 more keys: [\"cacheDir\",\"port\",\"requestedCapabilities\",\"automationProtocol\",\"baseUrl\",\"waitforInterval\",\"waitforTimeout\",\"onReload\",\"beforeCommand\",\"afterCommand\",\"rootDir\",\"specs\",\"suites\",\"exclude\",\"groupLogsByTestSpec\",\"excludeDriverLogs\",\"bail\",\"framework\",\"reporters\",\"services\",\"maxInstances\",\"maxInstancesPerCapability\",\"injectGlobals\",\"filesToWatch\",\"execArgv\",\"runnerEnv\",\"runner\",\"shard\",\"specFileRetries\",\"specFileRetriesDelay\",\"specFileRetriesDeferred\",\"reporterSyncInterval\",\"reporterSyncTimeout\",\"cucumberFeaturesWithLineNumbers\",\"autoCompileOpts\",\"mochaOpts\",\"jasmineOpts\",\"cucumberOpts\",\"onPrepare\",\"onWorkerStart\",\"onWorkerEnd\",\"before\",\"beforeSession\",\"beforeSuite\",\"beforeHook\",\"beforeTest\",\"afterTest\",\"afterHook\",\"afterSuite\",\"afterSession\",\"after\",\"onComplete\",\"beforeAssertion\",\"afterAssertion\",\"beforeFeature\",\"beforeScenario\",\"beforeStep\",\"afterStep\",\"afterScenario\",\"afterFeature\",\"_\",\"suite\",\"$0\",\"ignoredWorkerServices\",\"wdi5\"]"}]}
RESULT: {"script":"<script> [2342 bytes]","args":[{"protocol":"http","hostname":"0.0.0.0","path":"/","capabilities":{"browserName":"chrome","goog:chromeOptions":{"binary":"C:\\Program Files\\Google\\Chrome\\Application\\chrome.exe","args":["--start-maximized"]}},"logLevel":"warn","connectionRetryTimeout":120000,"connectionRetryCount":3,"logLevels":{},"enableDirectConnect":true,"strictSSL":true,"_":"65 more keys: [\"cacheDir\",\"port\",\"requestedCapabilities\",\"automationProtocol\",\"baseUrl\",\"waitforInterval\",\"waitforTimeout\",\"onReload\",\"beforeCommand\",\"afterCommand\",\"rootDir\",\"specs\",\"suites\",\"exclude\",\"groupLogsByTestSpec\",\"excludeDriverLogs\",\"bail\",\"framework\",\"reporters\",\"services\",\"maxInstances\",\"maxInstancesPerCapability\",\"injectGlobals\",\"filesToWatch\",\"execArgv\",\"runnerEnv\",\"runner\",\"shard\",\"specFileRetries\",\"specFileRetriesDelay\",\"specFileRetriesDeferred\",\"reporterSyncInterval\",\"reporterSyncTimeout\",\"cucumberFeaturesWithLineNumbers\",\"autoCompileOpts\",\"mochaOpts\",\"jasmineOpts\",\"cucumberOpts\",\"onPrepare\",\"onWorkerStart\",\"onWorkerEnd\",\"before\",\"beforeSession\",\"beforeSuite\",\"beforeHook\",\"beforeTest\",\"afterTest\",\"afterHook\",\"afterSuite\",\"afterSession\",\"after\",\"onComplete\",\"beforeAssertion\",\"afterAssertion\",\"beforeFeature\",\"beforeScenario\",\"beforeStep\",\"afterStep\",\"afterScenario\",\"afterFeature\",\"_\",\"suite\",\"$0\",\"ignoredWorkerServices\",\"wdi5\"]"}]}
COMMAND: POST /session/5410ebbca63880522c561df3b9295ec8/execute/async - {"script":"<script> [21126 bytes]","args":[35000]}
RESULT: {"script":"<script> [21126 bytes]","args":[35000]}
COMMAND: POST /session/5410ebbca63880522c561df3b9295ec8/window/maximize - {}
RESULT: {}
COMMAND: POST /session/5410ebbca63880522c561df3b9295ec8/execute/async - {"script":"<script> [1562 bytes]","args":[{"selector":{"id":"shell-header","interaction":{"idSuffix":"icon"}},"wdio_ui5_key":"shellheader"}]}
COMMAND: GET /session/5410ebbca63880522c561df3b9295ec8/screenshot - {}
RESULT: {"script":"<script> [1562 bytes]","args":[{"selector":{"id":"shell-header","interaction":{"idSuffix":"icon"}},"wdio_ui5_key":"shellheader"}]}
RESULT: undefined
COMMAND: POST /session/5410ebbca63880522c561df3b9295ec8/refresh - {}
RESULT: {}
RESULT: {}
COMMAND: GET /session/5410ebbca63880522c561df3b9295ec8/screenshot - {}
RESULT: {}
COMMAND: POST /session/5410ebbca63880522c561df3b9295ec8/refresh - {}
RESULT: {}
COMMAND: GET /session/5410ebbca63880522c561df3b9295ec8/screenshot - {}
RESULT: {}
COMMAND: POST /session/5410ebbca63880522c561df3b9295ec8/execute/async - {"script":"<script> [189 bytes]","args":[]}
RESULT: {"script":"<script> [189 bytes]","args":[]}
COMMAND: POST /session/5410ebbca63880522c561df3b9295ec8/execute/async - {"script":"<script> [123 bytes]","args":[]}
RESULT: {"script":"<script> [123 bytes]","args":[]}
COMMAND: POST /session/5410ebbca63880522c561df3b9295ec8/timeouts - {"script":"<number>"}
RESULT: {"script":"<number>"}
COMMAND: GET /session/5410ebbca63880522c561df3b9295ec8/timeouts - {}
RESULT: {}
RESULT: undefined
COMMAND: POST /session/5410ebbca63880522c561df3b9295ec8/execute/async - {"script":"<script> [2676 bytes]","args":[]}
RESULT: {"script":"<script> [2676 bytes]","args":[]}
COMMAND: POST /session/5410ebbca63880522c561df3b9295ec8/execute/async - {"script":"<script> [2342 bytes]","args":[{"protocol":"http","hostname":"0.0.0.0","path":"/","capabilities":{"browserName":"chrome","goog:chromeOptions":{"binary":"C:\\Program Files\\Google\\Chrome\\Application\\chrome.exe","args":["--start-maximized"]}},"logLevel":"warn","connectionRetryTimeout":120000,"connectionRetryCount":3,"logLevels":{},"enableDirectConnect":true,"strictSSL":true,"_":"65 more keys: [\"cacheDir\",\"port\",\"requestedCapabilities\",\"automationProtocol\",\"baseUrl\",\"waitforInterval\",\"waitforTimeout\",\"onReload\",\"beforeCommand\",\"afterCommand\",\"rootDir\",\"specs\",\"suites\",\"exclude\",\"groupLogsByTestSpec\",\"excludeDriverLogs\",\"bail\",\"framework\",\"reporters\",\"services\",\"maxInstances\",\"maxInstancesPerCapability\",\"injectGlobals\",\"filesToWatch\",\"execArgv\",\"runnerEnv\",\"runner\",\"shard\",\"specFileRetries\",\"specFileRetriesDelay\",\"specFileRetriesDeferred\",\"reporterSyncInterval\",\"reporterSyncTimeout\",\"cucumberFeaturesWithLineNumbers\",\"autoCompileOpts\",\"mochaOpts\",\"jasmineOpts\",\"cucumberOpts\",\"onPrepare\",\"onWorkerStart\",\"onWorkerEnd\",\"before\",\"beforeSession\",\"beforeSuite\",\"beforeHook\",\"beforeTest\",\"afterTest\",\"afterHook\",\"afterSuite\",\"afterSession\",\"after\",\"onComplete\",\"beforeAssertion\",\"afterAssertion\",\"beforeFeature\",\"beforeScenario\",\"beforeStep\",\"afterStep\",\"afterScenario\",\"afterFeature\",\"_\",\"suite\",\"$0\",\"ignoredWorkerServices\",\"wdi5\"]"}]}
RESULT: {"script":"<script> [2342 bytes]","args":[{"protocol":"http","hostname":"0.0.0.0","path":"/","capabilities":{"browserName":"chrome","goog:chromeOptions":{"binary":"C:\\Program Files\\Google\\Chrome\\Application\\chrome.exe","args":["--start-maximized"]}},"logLevel":"warn","connectionRetryTimeout":120000,"connectionRetryCount":3,"logLevels":{},"enableDirectConnect":true,"strictSSL":true,"_":"65 more keys: [\"cacheDir\",\"port\",\"requestedCapabilities\",\"automationProtocol\",\"baseUrl\",\"waitforInterval\",\"waitforTimeout\",\"onReload\",\"beforeCommand\",\"afterCommand\",\"rootDir\",\"specs\",\"suites\",\"exclude\",\"groupLogsByTestSpec\",\"excludeDriverLogs\",\"bail\",\"framework\",\"reporters\",\"services\",\"maxInstances\",\"maxInstancesPerCapability\",\"injectGlobals\",\"filesToWatch\",\"execArgv\",\"runnerEnv\",\"runner\",\"shard\",\"specFileRetries\",\"specFileRetriesDelay\",\"specFileRetriesDeferred\",\"reporterSyncInterval\",\"reporterSyncTimeout\",\"cucumberFeaturesWithLineNumbers\",\"autoCompileOpts\",\"mochaOpts\",\"jasmineOpts\",\"cucumberOpts\",\"onPrepare\",\"onWorkerStart\",\"onWorkerEnd\",\"before\",\"beforeSession\",\"beforeSuite\",\"beforeHook\",\"beforeTest\",\"afterTest\",\"afterHook\",\"afterSuite\",\"afterSession\",\"after\",\"onComplete\",\"beforeAssertion\",\"afterAssertion\",\"beforeFeature\",\"beforeScenario\",\"beforeStep\",\"afterStep\",\"afterScenario\",\"afterFeature\",\"_\",\"suite\",\"$0\",\"ignoredWorkerServices\",\"wdi5\"]"}]}
COMMAND: POST /session/5410ebbca63880522c561df3b9295ec8/execute/async - {"script":"<script> [21126 bytes]","args":[35000]}
RESULT: {"script":"<script> [21126 bytes]","args":[35000]}
]]></system-out>
    </testcase>
  </testsuite>
  <testsuite timestamp="2025-04-17T05:56:54" time="416.501" tests="6" failures="0" errors="0" skipped="0">
    <properties>
      <property name="specId" value="0"/>
      <property name="suiteName" value="Edit and delete daily price US134629 US134627"/>
      <property name="capabilities" value="chrome.135_0_7049_42.windows"/>
      <property name="file" value="file:///D:/a/1/s/test/specs/BTS/conditions-prices-daily-price.spec.js"/>
    </properties>
    <testcase classname="chrome.135_0_7049_42.windows.Edit_and_delete_daily_price_US134629_US134627" name="Should create a new yard used for all following tests" time="0.88">
      <system-out><![CDATA[
COMMAND: POST /session/5410ebbca63880522c561df3b9295ec8/window/fullscreen - {}
RESULT: {}
]]></system-out>
    </testcase>
    <testcase classname="chrome.135_0_7049_42.windows.Edit_and_delete_daily_price_US134629_US134627" name="Should create a new partner" time="144.038">
      <system-out><![CDATA[
COMMAND: POST /session/5410ebbca63880522c561df3b9295ec8/window/fullscreen - {}
RESULT: {}
COMMAND: POST /session/5410ebbca63880522c561df3b9295ec8/execute/async - {"script":"<script> [1562 bytes]","args":[{"selector":{"controlType":"sap.m.GenericTile","properties":{"header":"Manage Partners"}},"wdio_ui5_key":"sapm.GenericTile{\"header\":\"Manage Partners\"}"}]}
RESULT: {"script":"<script> [1562 bytes]","args":[{"selector":{"controlType":"sap.m.GenericTile","properties":{"header":"Manage Partners"}},"wdio_ui5_key":"sapm.GenericTile{\"header\":\"Manage Partners\"}"}]}
RESULT: undefined
COMMAND: POST /session/5410ebbca63880522c561df3b9295ec8/element - {"using":"xpath","value":"//*[@id=\"__tile38\"]"}
RESULT: {"using":"xpath","value":"//*[@id=\"__tile38\"]"}
COMMAND: POST /session/5410ebbca63880522c561df3b9295ec8/element/f.A21AC8DC3B7A3D8172EB3983758B85EF.d.277CA6D7FCF745E49DE6F56B833CFD70.e.3024/click - {}
RESULT: {}
COMMAND: POST /session/5410ebbca63880522c561df3b9295ec8/element - {"using":"xpath","value":"//button[@data-kt=\"addButton\"]"}
COMMAND: GET /session/5410ebbca63880522c561df3b9295ec8/screenshot - {}
RESULT: {"using":"xpath","value":"//button[@data-kt=\"addButton\"]"}
COMMAND: POST /session/5410ebbca63880522c561df3b9295ec8/elements - {"using":"xpath","value":"//button[@data-kt=\"addButton\"]"}
RESULT: {}
RESULT: {"using":"xpath","value":"//button[@data-kt=\"addButton\"]"}
COMMAND: POST /session/5410ebbca63880522c561df3b9295ec8/elements - {"using":"xpath","value":"//button[@data-kt=\"addButton\"]"}
RESULT: {"using":"xpath","value":"//button[@data-kt=\"addButton\"]"}
COMMAND: POST /session/5410ebbca63880522c561df3b9295ec8/elements - {"using":"xpath","value":"//button[@data-kt=\"addButton\"]"}
RESULT: {"using":"xpath","value":"//button[@data-kt=\"addButton\"]"}
COMMAND: POST /session/5410ebbca63880522c561df3b9295ec8/elements - {"using":"xpath","value":"//button[@data-kt=\"addButton\"]"}
RESULT: {"using":"xpath","value":"//button[@data-kt=\"addButton\"]"}
COMMAND: POST /session/5410ebbca63880522c561df3b9295ec8/elements - {"using":"xpath","value":"//button[@data-kt=\"addButton\"]"}
RESULT: {"using":"xpath","value":"//button[@data-kt=\"addButton\"]"}
COMMAND: POST /session/5410ebbca63880522c561df3b9295ec8/elements - {"using":"xpath","value":"//button[@data-kt=\"addButton\"]"}
RESULT: {"using":"xpath","value":"//button[@data-kt=\"addButton\"]"}
COMMAND: POST /session/5410ebbca63880522c561df3b9295ec8/elements - {"using":"xpath","value":"//button[@data-kt=\"addButton\"]"}
RESULT: {"using":"xpath","value":"//button[@data-kt=\"addButton\"]"}
COMMAND: POST /session/5410ebbca63880522c561df3b9295ec8/elements - {"using":"xpath","value":"//button[@data-kt=\"addButton\"]"}
RESULT: {"using":"xpath","value":"//button[@data-kt=\"addButton\"]"}
COMMAND: POST /session/5410ebbca63880522c561df3b9295ec8/elements - {"using":"xpath","value":"//button[@data-kt=\"addButton\"]"}
RESULT: {"using":"xpath","value":"//button[@data-kt=\"addButton\"]"}
COMMAND: POST /session/5410ebbca63880522c561df3b9295ec8/elements - {"using":"xpath","value":"//button[@data-kt=\"addButton\"]"}
RESULT: {"using":"xpath","value":"//button[@data-kt=\"addButton\"]"}
COMMAND: POST /session/5410ebbca63880522c561df3b9295ec8/elements - {"using":"xpath","value":"//button[@data-kt=\"addButton\"]"}
RESULT: {"using":"xpath","value":"//button[@data-kt=\"addButton\"]"}
COMMAND: POST /session/5410ebbca63880522c561df3b9295ec8/elements - {"using":"xpath","value":"//button[@data-kt=\"addButton\"]"}
RESULT: {"using":"xpath","value":"//button[@data-kt=\"addButton\"]"}
COMMAND: POST /session/5410ebbca63880522c561df3b9295ec8/elements - {"using":"xpath","value":"//button[@data-kt=\"addButton\"]"}
RESULT: {"using":"xpath","value":"//button[@data-kt=\"addButton\"]"}
COMMAND: POST /session/5410ebbca63880522c561df3b9295ec8/elements - {"using":"xpath","value":"//button[@data-kt=\"addButton\"]"}
RESULT: {"using":"xpath","value":"//button[@data-kt=\"addButton\"]"}
COMMAND: POST /session/5410ebbca63880522c561df3b9295ec8/elements - {"using":"xpath","value":"//button[@data-kt=\"addButton\"]"}
RESULT: {"using":"xpath","value":"//button[@data-kt=\"addButton\"]"}
COMMAND: POST /session/5410ebbca63880522c561df3b9295ec8/elements - {"using":"xpath","value":"//button[@data-kt=\"addButton\"]"}
RESULT: {"using":"xpath","value":"//button[@data-kt=\"addButton\"]"}
COMMAND: POST /session/5410ebbca63880522c561df3b9295ec8/elements - {"using":"xpath","value":"//button[@data-kt=\"addButton\"]"}
RESULT: {"using":"xpath","value":"//button[@data-kt=\"addButton\"]"}
COMMAND: POST /session/5410ebbca63880522c561df3b9295ec8/elements - {"using":"xpath","value":"//button[@data-kt=\"addButton\"]"}
RESULT: {"using":"xpath","value":"//button[@data-kt=\"addButton\"]"}
COMMAND: POST /session/5410ebbca63880522c561df3b9295ec8/elements - {"using":"xpath","value":"//button[@data-kt=\"addButton\"]"}
RESULT: {"using":"xpath","value":"//button[@data-kt=\"addButton\"]"}
COMMAND: POST /session/5410ebbca63880522c561df3b9295ec8/elements - {"using":"xpath","value":"//button[@data-kt=\"addButton\"]"}
RESULT: {"using":"xpath","value":"//button[@data-kt=\"addButton\"]"}
COMMAND: POST /session/5410ebbca63880522c561df3b9295ec8/elements - {"using":"xpath","value":"//button[@data-kt=\"addButton\"]"}
RESULT: {"using":"xpath","value":"//button[@data-kt=\"addButton\"]"}
COMMAND: POST /session/5410ebbca63880522c561df3b9295ec8/elements - {"using":"xpath","value":"//button[@data-kt=\"addButton\"]"}
RESULT: {"using":"xpath","value":"//button[@data-kt=\"addButton\"]"}
COMMAND: POST /session/5410ebbca63880522c561df3b9295ec8/elements - {"using":"xpath","value":"//button[@data-kt=\"addButton\"]"}
RESULT: {"using":"xpath","value":"//button[@data-kt=\"addButton\"]"}
COMMAND: POST /session/5410ebbca63880522c561df3b9295ec8/elements - {"using":"xpath","value":"//button[@data-kt=\"addButton\"]"}
RESULT: {"using":"xpath","value":"//button[@data-kt=\"addButton\"]"}
COMMAND: POST /session/5410ebbca63880522c561df3b9295ec8/elements - {"using":"xpath","value":"//button[@data-kt=\"addButton\"]"}
RESULT: {"using":"xpath","value":"//button[@data-kt=\"addButton\"]"}
COMMAND: POST /session/5410ebbca63880522c561df3b9295ec8/elements - {"using":"xpath","value":"//button[@data-kt=\"addButton\"]"}
RESULT: {"using":"xpath","value":"//button[@data-kt=\"addButton\"]"}
COMMAND: POST /session/5410ebbca63880522c561df3b9295ec8/elements - {"using":"xpath","value":"//button[@data-kt=\"addButton\"]"}
RESULT: {"using":"xpath","value":"//button[@data-kt=\"addButton\"]"}
COMMAND: POST /session/5410ebbca63880522c561df3b9295ec8/elements - {"using":"xpath","value":"//button[@data-kt=\"addButton\"]"}
RESULT: {"using":"xpath","value":"//button[@data-kt=\"addButton\"]"}
COMMAND: POST /session/5410ebbca63880522c561df3b9295ec8/elements - {"using":"xpath","value":"//button[@data-kt=\"addButton\"]"}
RESULT: {"using":"xpath","value":"//button[@data-kt=\"addButton\"]"}
COMMAND: POST /session/5410ebbca63880522c561df3b9295ec8/elements - {"using":"xpath","value":"//button[@data-kt=\"addButton\"]"}
RESULT: {"using":"xpath","value":"//button[@data-kt=\"addButton\"]"}
COMMAND: POST /session/5410ebbca63880522c561df3b9295ec8/elements - {"using":"xpath","value":"//button[@data-kt=\"addButton\"]"}
RESULT: {"using":"xpath","value":"//button[@data-kt=\"addButton\"]"}
COMMAND: POST /session/5410ebbca63880522c561df3b9295ec8/elements - {"using":"xpath","value":"//button[@data-kt=\"addButton\"]"}
RESULT: {"using":"xpath","value":"//button[@data-kt=\"addButton\"]"}
COMMAND: POST /session/5410ebbca63880522c561df3b9295ec8/elements - {"using":"xpath","value":"//button[@data-kt=\"addButton\"]"}
RESULT: {"using":"xpath","value":"//button[@data-kt=\"addButton\"]"}
COMMAND: POST /session/5410ebbca63880522c561df3b9295ec8/elements - {"using":"xpath","value":"//button[@data-kt=\"addButton\"]"}
RESULT: {"using":"xpath","value":"//button[@data-kt=\"addButton\"]"}
COMMAND: POST /session/5410ebbca63880522c561df3b9295ec8/elements - {"using":"xpath","value":"//button[@data-kt=\"addButton\"]"}
RESULT: {"using":"xpath","value":"//button[@data-kt=\"addButton\"]"}
COMMAND: POST /session/5410ebbca63880522c561df3b9295ec8/elements - {"using":"xpath","value":"//button[@data-kt=\"addButton\"]"}
RESULT: {"using":"xpath","value":"//button[@data-kt=\"addButton\"]"}
COMMAND: POST /session/5410ebbca63880522c561df3b9295ec8/elements - {"using":"xpath","value":"//button[@data-kt=\"addButton\"]"}
RESULT: {"using":"xpath","value":"//button[@data-kt=\"addButton\"]"}
COMMAND: POST /session/5410ebbca63880522c561df3b9295ec8/elements - {"using":"xpath","value":"//button[@data-kt=\"addButton\"]"}
RESULT: {"using":"xpath","value":"//button[@data-kt=\"addButton\"]"}
COMMAND: POST /session/5410ebbca63880522c561df3b9295ec8/element - {"using":"xpath","value":"//button[@data-kt=\"addButton\"]"}
RESULT: {"using":"xpath","value":"//button[@data-kt=\"addButton\"]"}
COMMAND: POST /session/5410ebbca63880522c561df3b9295ec8/execute/sync - {"script":"<script> [8489 bytes]","args":[{"element-6066-11e4-a52e-4f735466cecf":"f.A21AC8DC3B7A3D8172EB3983758B85EF.d.277CA6D7FCF745E49DE6F56B833CFD70.e.3173","ELEMENT":"f.A21AC8DC3B7A3D8172EB3983758B85EF.d.277CA6D7FCF745E49DE6F56B833CFD70.e.3173"}]}
RESULT: {"script":"<script> [8489 bytes]","args":[{"element-6066-11e4-a52e-4f735466cecf":"f.A21AC8DC3B7A3D8172EB3983758B85EF.d.277CA6D7FCF745E49DE6F56B833CFD70.e.3173","ELEMENT":"f.A21AC8DC3B7A3D8172EB3983758B85EF.d.277CA6D7FCF745E49DE6F56B833CFD70.e.3173"}]}
COMMAND: GET /session/5410ebbca63880522c561df3b9295ec8/element/f.A21AC8DC3B7A3D8172EB3983758B85EF.d.277CA6D7FCF745E49DE6F56B833CFD70.e.3173/enabled - {}
COMMAND: GET /session/5410ebbca63880522c561df3b9295ec8/screenshot - {}
RESULT: {}
COMMAND: POST /session/5410ebbca63880522c561df3b9295ec8/execute/sync - {"script":"<script> [8489 bytes]","args":[{"element-6066-11e4-a52e-4f735466cecf":"f.A21AC8DC3B7A3D8172EB3983758B85EF.d.277CA6D7FCF745E49DE6F56B833CFD70.e.3173","ELEMENT":"f.A21AC8DC3B7A3D8172EB3983758B85EF.d.277CA6D7FCF745E49DE6F56B833CFD70.e.3173"}]}
COMMAND: GET /session/5410ebbca63880522c561df3b9295ec8/screenshot - {}
RESULT: {}
RESULT: {"script":"<script> [8489 bytes]","args":[{"element-6066-11e4-a52e-4f735466cecf":"f.A21AC8DC3B7A3D8172EB3983758B85EF.d.277CA6D7FCF745E49DE6F56B833CFD70.e.3173","ELEMENT":"f.A21AC8DC3B7A3D8172EB3983758B85EF.d.277CA6D7FCF745E49DE6F56B833CFD70.e.3173"}]}
COMMAND: POST /session/5410ebbca63880522c561df3b9295ec8/execute/sync - {"script":"<script> [5351 bytes]","args":[{"element-6066-11e4-a52e-4f735466cecf":"f.A21AC8DC3B7A3D8172EB3983758B85EF.d.277CA6D7FCF745E49DE6F56B833CFD70.e.3173","ELEMENT":"f.A21AC8DC3B7A3D8172EB3983758B85EF.d.277CA6D7FCF745E49DE6F56B833CFD70.e.3173"}]}
COMMAND: GET /session/5410ebbca63880522c561df3b9295ec8/screenshot - {}
RESULT: {}
RESULT: {"script":"<script> [5351 bytes]","args":[{"element-6066-11e4-a52e-4f735466cecf":"f.A21AC8DC3B7A3D8172EB3983758B85EF.d.277CA6D7FCF745E49DE6F56B833CFD70.e.3173","ELEMENT":"f.A21AC8DC3B7A3D8172EB3983758B85EF.d.277CA6D7FCF745E49DE6F56B833CFD70.e.3173"}]}
COMMAND: POST /session/5410ebbca63880522c561df3b9295ec8/element/f.A21AC8DC3B7A3D8172EB3983758B85EF.d.277CA6D7FCF745E49DE6F56B833CFD70.e.3173/click - {}
COMMAND: GET /session/5410ebbca63880522c561df3b9295ec8/screenshot - {}
RESULT: {}
RESULT: {}
COMMAND: GET /session/5410ebbca63880522c561df3b9295ec8/screenshot - {}
RESULT: {}
RESULT: {}
COMMAND: POST /session/5410ebbca63880522c561df3b9295ec8/execute/async - {"script":"<script> [1562 bytes]","args":[{"selector":{"id":"application-managepartners-display-component---NewPartner--addressDetailDetailsName1","interaction":{"idSuffix":"inner"}},"wdio_ui5_key":"applicationmanagepartners-display-component---NewPartner--addressDetailDetailsName1"}]}
RESULT: {"script":"<script> [1562 bytes]","args":[{"selector":{"id":"application-managepartners-display-component---NewPartner--addressDetailDetailsName1","interaction":{"idSuffix":"inner"}},"wdio_ui5_key":"applicationmanagepartners-display-component---NewPartner--addressDetailDetailsName1"}]}
RESULT: undefined
COMMAND: POST /session/5410ebbca63880522c561df3b9295ec8/execute/async - {"script":"<script> [776 bytes]","args":[{"enterText":"DailyPrice Partner WDIO","selector":{"id":"application-managepartners-display-component---NewPartner--addressDetailDetailsName1","interaction":{"idSuffix":"inner"}},"clearTextFirst":true,"interactionType":"ENTER_TEXT"}]}
RESULT: {"script":"<script> [776 bytes]","args":[{"enterText":"DailyPrice Partner WDIO","selector":{"id":"application-managepartners-display-component---NewPartner--addressDetailDetailsName1","interaction":{"idSuffix":"inner"}},"clearTextFirst":true,"interactionType":"ENTER_TEXT"}]}
COMMAND: POST /session/5410ebbca63880522c561df3b9295ec8/execute/async - {"script":"<script> [1562 bytes]","args":[{"selector":{"id":"application-managepartners-display-component---NewPartner--addressDetailDetailsLanguage-arrow"},"wdio_ui5_key":"applicationmanagepartners-display-component---NewPartner--addressDetailDetailsLanguage-arrow"}]}
RESULT: {"script":"<script> [1562 bytes]","args":[{"selector":{"id":"application-managepartners-display-component---NewPartner--addressDetailDetailsLanguage-arrow"},"wdio_ui5_key":"applicationmanagepartners-display-component---NewPartner--addressDetailDetailsLanguage-arrow"}]}
RESULT: undefined
COMMAND: POST /session/5410ebbca63880522c561df3b9295ec8/element - {"using":"xpath","value":"//*[@id=\"application-managepartners-display-component---NewPartner--addressDetailDetailsLanguage-arrow\"]"}
RESULT: {"using":"xpath","value":"//*[@id=\"application-managepartners-display-component---NewPartner--addressDetailDetailsLanguage-arrow\"]"}
COMMAND: POST /session/5410ebbca63880522c561df3b9295ec8/element/f.A21AC8DC3B7A3D8172EB3983758B85EF.d.277CA6D7FCF745E49DE6F56B833CFD70.e.3620/click - {}
RESULT: {}
COMMAND: POST /session/5410ebbca63880522c561df3b9295ec8/element - {"using":"xpath","value":"//span[contains(text(), \"English\")]"}
COMMAND: GET /session/5410ebbca63880522c561df3b9295ec8/screenshot - {}
RESULT: {"using":"xpath","value":"//span[contains(text(), \"English\")]"}
COMMAND: POST /session/5410ebbca63880522c561df3b9295ec8/element/f.A21AC8DC3B7A3D8172EB3983758B85EF.d.277CA6D7FCF745E49DE6F56B833CFD70.e.3621/click - {}
RESULT: {}
RESULT: {}
COMMAND: GET /session/5410ebbca63880522c561df3b9295ec8/screenshot - {}
RESULT: {}
COMMAND: POST /session/5410ebbca63880522c561df3b9295ec8/execute/async - {"script":"<script> [1562 bytes]","args":[{"selector":{"id":"application-managepartners-display-component---NewPartner--addressDetailDetailsCity1","interaction":{"idSuffix":"inner"}},"wdio_ui5_key":"applicationmanagepartners-display-component---NewPartner--addressDetailDetailsCity1"}]}
RESULT: {"script":"<script> [1562 bytes]","args":[{"selector":{"id":"application-managepartners-display-component---NewPartner--addressDetailDetailsCity1","interaction":{"idSuffix":"inner"}},"wdio_ui5_key":"applicationmanagepartners-display-component---NewPartner--addressDetailDetailsCity1"}]}
RESULT: undefined
COMMAND: POST /session/5410ebbca63880522c561df3b9295ec8/execute/async - {"script":"<script> [776 bytes]","args":[{"enterText":"Rosario","selector":{"id":"application-managepartners-display-component---NewPartner--addressDetailDetailsCity1","interaction":{"idSuffix":"inner"}},"clearTextFirst":true,"interactionType":"ENTER_TEXT"}]}
RESULT: {"script":"<script> [776 bytes]","args":[{"enterText":"Rosario","selector":{"id":"application-managepartners-display-component---NewPartner--addressDetailDetailsCity1","interaction":{"idSuffix":"inner"}},"clearTextFirst":true,"interactionType":"ENTER_TEXT"}]}
COMMAND: POST /session/5410ebbca63880522c561df3b9295ec8/execute/async - {"script":"<script> [1562 bytes]","args":[{"selector":{"id":"application-managepartners-display-component---NewPartner--addressDetailDetailsCountry-arrow"},"wdio_ui5_key":"applicationmanagepartners-display-component---NewPartner--addressDetailDetailsCountry-arrow"}]}
RESULT: {"script":"<script> [1562 bytes]","args":[{"selector":{"id":"application-managepartners-display-component---NewPartner--addressDetailDetailsCountry-arrow"},"wdio_ui5_key":"applicationmanagepartners-display-component---NewPartner--addressDetailDetailsCountry-arrow"}]}
RESULT: undefined
COMMAND: POST /session/5410ebbca63880522c561df3b9295ec8/element - {"using":"xpath","value":"//*[@id=\"application-managepartners-display-component---NewPartner--addressDetailDetailsCountry-arrow\"]"}
RESULT: {"using":"xpath","value":"//*[@id=\"application-managepartners-display-component---NewPartner--addressDetailDetailsCountry-arrow\"]"}
COMMAND: POST /session/5410ebbca63880522c561df3b9295ec8/element/f.A21AC8DC3B7A3D8172EB3983758B85EF.d.277CA6D7FCF745E49DE6F56B833CFD70.e.3596/click - {}
RESULT: {}
COMMAND: POST /session/5410ebbca63880522c561df3b9295ec8/element - {"using":"xpath","value":"//span[contains(text(), \"Argentina\")]"}
COMMAND: GET /session/5410ebbca63880522c561df3b9295ec8/screenshot - {}
RESULT: {"using":"xpath","value":"//span[contains(text(), \"Argentina\")]"}
COMMAND: POST /session/5410ebbca63880522c561df3b9295ec8/element/f.A21AC8DC3B7A3D8172EB3983758B85EF.d.277CA6D7FCF745E49DE6F56B833CFD70.e.3623/click - {}
RESULT: {}
RESULT: {}
COMMAND: GET /session/5410ebbca63880522c561df3b9295ec8/screenshot - {}
RESULT: {}
COMMAND: POST /session/5410ebbca63880522c561df3b9295ec8/element - {"using":"xpath","value":"//bdi[contains(text(), \"Commercial\")]"}
RESULT: {"using":"xpath","value":"//bdi[contains(text(), \"Commercial\")]"}
COMMAND: POST /session/5410ebbca63880522c561df3b9295ec8/element/f.A21AC8DC3B7A3D8172EB3983758B85EF.d.277CA6D7FCF745E49DE6F56B833CFD70.e.3624/click - {}
RESULT: {}
COMMAND: GET /session/5410ebbca63880522c561df3b9295ec8/screenshot - {}
RESULT: {}
COMMAND: POST /session/5410ebbca63880522c561df3b9295ec8/execute/async - {"script":"<script> [1562 bytes]","args":[{"selector":{"id":"application-managepartners-display-component---NewPartner--partnerDetailInternal-arrow"},"wdio_ui5_key":"applicationmanagepartners-display-component---NewPartner--partnerDetailInternal-arrow"}]}
RESULT: {"script":"<script> [1562 bytes]","args":[{"selector":{"id":"application-managepartners-display-component---NewPartner--partnerDetailInternal-arrow"},"wdio_ui5_key":"applicationmanagepartners-display-component---NewPartner--partnerDetailInternal-arrow"}]}
RESULT: undefined
COMMAND: POST /session/5410ebbca63880522c561df3b9295ec8/element - {"using":"xpath","value":"//*[@id=\"application-managepartners-display-component---NewPartner--partnerDetailInternal-arrow\"]"}
RESULT: {"using":"xpath","value":"//*[@id=\"application-managepartners-display-component---NewPartner--partnerDetailInternal-arrow\"]"}
COMMAND: POST /session/5410ebbca63880522c561df3b9295ec8/element/f.A21AC8DC3B7A3D8172EB3983758B85EF.d.277CA6D7FCF745E49DE6F56B833CFD70.e.3630/click - {}
RESULT: {}
COMMAND: POST /session/5410ebbca63880522c561df3b9295ec8/element - {"using":"xpath","value":"//span[contains(text(), \"Affiliated company\")]"}
COMMAND: GET /session/5410ebbca63880522c561df3b9295ec8/screenshot - {}
RESULT: {"using":"xpath","value":"//span[contains(text(), \"Affiliated company\")]"}
COMMAND: POST /session/5410ebbca63880522c561df3b9295ec8/element/f.A21AC8DC3B7A3D8172EB3983758B85EF.d.277CA6D7FCF745E49DE6F56B833CFD70.e.3631/click - {}
RESULT: {}
RESULT: {}
COMMAND: POST /session/5410ebbca63880522c561df3b9295ec8/execute/async - {"script":"<script> [1562 bytes]","args":[{"selector":{"id":"application-managepartners-display-component---NewPartner--partnerDetailsCurrency-arrow"},"wdio_ui5_key":"applicationmanagepartners-display-component---NewPartner--partnerDetailsCurrency-arrow"}]}
COMMAND: GET /session/5410ebbca63880522c561df3b9295ec8/screenshot - {}
RESULT: {"script":"<script> [1562 bytes]","args":[{"selector":{"id":"application-managepartners-display-component---NewPartner--partnerDetailsCurrency-arrow"},"wdio_ui5_key":"applicationmanagepartners-display-component---NewPartner--partnerDetailsCurrency-arrow"}]}
RESULT: undefined
COMMAND: POST /session/5410ebbca63880522c561df3b9295ec8/element - {"using":"xpath","value":"//*[@id=\"application-managepartners-display-component---NewPartner--partnerDetailsCurrency-arrow\"]"}
RESULT: {}
RESULT: {"using":"xpath","value":"//*[@id=\"application-managepartners-display-component---NewPartner--partnerDetailsCurrency-arrow\"]"}
COMMAND: POST /session/5410ebbca63880522c561df3b9295ec8/element/f.A21AC8DC3B7A3D8172EB3983758B85EF.d.277CA6D7FCF745E49DE6F56B833CFD70.e.3638/click - {}
RESULT: {}
COMMAND: POST /session/5410ebbca63880522c561df3b9295ec8/element - {"using":"xpath","value":"//span[contains(text(), \"Euro\")]"}
COMMAND: GET /session/5410ebbca63880522c561df3b9295ec8/screenshot - {}
RESULT: {"using":"xpath","value":"//span[contains(text(), \"Euro\")]"}
COMMAND: POST /session/5410ebbca63880522c561df3b9295ec8/element/f.A21AC8DC3B7A3D8172EB3983758B85EF.d.277CA6D7FCF745E49DE6F56B833CFD70.e.3639/click - {}
RESULT: {}
RESULT: {}
COMMAND: POST /session/5410ebbca63880522c561df3b9295ec8/execute/async - {"script":"<script> [1562 bytes]","args":[{"selector":{"id":"application-managepartners-display-component---NewPartner--addressEditDetailsCostObjectCstType-arrow"},"wdio_ui5_key":"applicationmanagepartners-display-component---NewPartner--addressEditDetailsCostObjectCstType-arrow"}]}
COMMAND: GET /session/5410ebbca63880522c561df3b9295ec8/screenshot - {}
RESULT: {"script":"<script> [1562 bytes]","args":[{"selector":{"id":"application-managepartners-display-component---NewPartner--addressEditDetailsCostObjectCstType-arrow"},"wdio_ui5_key":"applicationmanagepartners-display-component---NewPartner--addressEditDetailsCostObjectCstType-arrow"}]}
RESULT: undefined
COMMAND: POST /session/5410ebbca63880522c561df3b9295ec8/element - {"using":"xpath","value":"//*[@id=\"application-managepartners-display-component---NewPartner--addressEditDetailsCostObjectCstType-arrow\"]"}
RESULT: {}
RESULT: {"using":"xpath","value":"//*[@id=\"application-managepartners-display-component---NewPartner--addressEditDetailsCostObjectCstType-arrow\"]"}
COMMAND: POST /session/5410ebbca63880522c561df3b9295ec8/element/f.A21AC8DC3B7A3D8172EB3983758B85EF.d.277CA6D7FCF745E49DE6F56B833CFD70.e.3640/click - {}
RESULT: {}
COMMAND: POST /session/5410ebbca63880522c561df3b9295ec8/element - {"using":"xpath","value":"//span[contains(text(), \"Cost Center\")]"}
COMMAND: GET /session/5410ebbca63880522c561df3b9295ec8/screenshot - {}
RESULT: {"using":"xpath","value":"//span[contains(text(), \"Cost Center\")]"}
COMMAND: POST /session/5410ebbca63880522c561df3b9295ec8/element/f.A21AC8DC3B7A3D8172EB3983758B85EF.d.277CA6D7FCF745E49DE6F56B833CFD70.e.3641/click - {}
RESULT: {}
RESULT: {}
COMMAND: GET /session/5410ebbca63880522c561df3b9295ec8/screenshot - {}
RESULT: {}
COMMAND: POST /session/5410ebbca63880522c561df3b9295ec8/element - {"using":"xpath","value":"//span[@id=\"application-managepartners-display-component---NewPartner--addressNewCostObjectCstID-vhi\"]"}
RESULT: {"using":"xpath","value":"//span[@id=\"application-managepartners-display-component---NewPartner--addressNewCostObjectCstID-vhi\"]"}
COMMAND: POST /session/5410ebbca63880522c561df3b9295ec8/execute/sync - {"script":"<script> [8489 bytes]","args":[{"element-6066-11e4-a52e-4f735466cecf":"f.A21AC8DC3B7A3D8172EB3983758B85EF.d.277CA6D7FCF745E49DE6F56B833CFD70.e.3644","ELEMENT":"f.A21AC8DC3B7A3D8172EB3983758B85EF.d.277CA6D7FCF745E49DE6F56B833CFD70.e.3644"}]}
RESULT: {"script":"<script> [8489 bytes]","args":[{"element-6066-11e4-a52e-4f735466cecf":"f.A21AC8DC3B7A3D8172EB3983758B85EF.d.277CA6D7FCF745E49DE6F56B833CFD70.e.3644","ELEMENT":"f.A21AC8DC3B7A3D8172EB3983758B85EF.d.277CA6D7FCF745E49DE6F56B833CFD70.e.3644"}]}
COMMAND: POST /session/5410ebbca63880522c561df3b9295ec8/execute/async - {"script":"<script> [1562 bytes]","args":[{"selector":{"id":"application-managepartners-display-component---NewPartner--addressNewCostObjectCstID-vhi"},"wdio_ui5_key":"applicationmanagepartners-display-component---NewPartner--addressNewCostObjectCstID-vhi"}]}
COMMAND: GET /session/5410ebbca63880522c561df3b9295ec8/screenshot - {}
RESULT: {"script":"<script> [1562 bytes]","args":[{"selector":{"id":"application-managepartners-display-component---NewPartner--addressNewCostObjectCstID-vhi"},"wdio_ui5_key":"applicationmanagepartners-display-component---NewPartner--addressNewCostObjectCstID-vhi"}]}
RESULT: undefined
COMMAND: POST /session/5410ebbca63880522c561df3b9295ec8/element - {"using":"xpath","value":"//*[@id=\"application-managepartners-display-component---NewPartner--addressNewCostObjectCstID-vhi\"]"}
RESULT: {}
RESULT: {"using":"xpath","value":"//*[@id=\"application-managepartners-display-component---NewPartner--addressNewCostObjectCstID-vhi\"]"}
COMMAND: POST /session/5410ebbca63880522c561df3b9295ec8/element/f.A21AC8DC3B7A3D8172EB3983758B85EF.d.277CA6D7FCF745E49DE6F56B833CFD70.e.3644/click - {}
RESULT: {}
COMMAND: GET /session/5410ebbca63880522c561df3b9295ec8/screenshot - {}
RESULT: {}
COMMAND: POST /session/5410ebbca63880522c561df3b9295ec8/execute/async - {"script":"<script> [1562 bytes]","args":[{"selector":{"controlType":"sap.m.SearchField","properties":{"placeholder":"Search"},"searchOpenDialogs":true,"interaction":{"idSuffix":"I"}},"wdio_ui5_key":"sapm.SearchField{\"placeholder\":\"Search\"}"}]}
RESULT: {"script":"<script> [1562 bytes]","args":[{"selector":{"controlType":"sap.m.SearchField","properties":{"placeholder":"Search"},"searchOpenDialogs":true,"interaction":{"idSuffix":"I"}},"wdio_ui5_key":"sapm.SearchField{\"placeholder\":\"Search\"}"}]}
RESULT: undefined
COMMAND: POST /session/5410ebbca63880522c561df3b9295ec8/execute/async - {"script":"<script> [776 bytes]","args":[{"enterText":"10001013","selector":{"controlType":"sap.m.SearchField","properties":{"placeholder":"Search"},"searchOpenDialogs":true,"interaction":{"idSuffix":"I"}},"clearTextFirst":true,"interactionType":"ENTER_TEXT"}]}
RESULT: {"script":"<script> [776 bytes]","args":[{"enterText":"10001013","selector":{"controlType":"sap.m.SearchField","properties":{"placeholder":"Search"},"searchOpenDialogs":true,"interaction":{"idSuffix":"I"}},"clearTextFirst":true,"interactionType":"ENTER_TEXT"}]}
COMMAND: POST /session/5410ebbca63880522c561df3b9295ec8/actions - {"actions":[{"id":"action10","type":"key","parameters":{},"actions":[{"type":"keyDown","value":""},{"type":"pause","duration":10},{"type":"keyUp","value":""}]}]}
RESULT: {"actions":[{"id":"action10","type":"key","parameters":{},"actions":[{"type":"keyDown","value":""},{"type":"pause","duration":10},{"type":"keyUp","value":""}]}]}
COMMAND: GET /session/5410ebbca63880522c561df3b9295ec8/screenshot - {}
RESULT: {}
COMMAND: POST /session/5410ebbca63880522c561df3b9295ec8/element - {"using":"xpath","value":"//span[contains(text(), \"General Management\")]"}
RESULT: {"using":"xpath","value":"//span[contains(text(), \"General Management\")]"}
COMMAND: POST /session/5410ebbca63880522c561df3b9295ec8/element/f.A21AC8DC3B7A3D8172EB3983758B85EF.d.277CA6D7FCF745E49DE6F56B833CFD70.e.3683/click - {}
RESULT: {}
COMMAND: GET /session/5410ebbca63880522c561df3b9295ec8/screenshot - {}
RESULT: {}
COMMAND: POST /session/5410ebbca63880522c561df3b9295ec8/element - {"using":"xpath","value":"//bdi[contains(text(), \"OK\")]"}
RESULT: {"using":"xpath","value":"//bdi[contains(text(), \"OK\")]"}
COMMAND: POST /session/5410ebbca63880522c561df3b9295ec8/element/f.A21AC8DC3B7A3D8172EB3983758B85EF.d.277CA6D7FCF745E49DE6F56B833CFD70.e.3684/click - {}
RESULT: {}
COMMAND: GET /session/5410ebbca63880522c561df3b9295ec8/screenshot - {}
RESULT: {}
COMMAND: POST /session/5410ebbca63880522c561df3b9295ec8/element - {"using":"xpath","value":"//input[@id=\"application-managepartners-display-component---NewPartner--companyCodeComboBox-inner\"]"}
RESULT: {"using":"xpath","value":"//input[@id=\"application-managepartners-display-component---NewPartner--companyCodeComboBox-inner\"]"}
COMMAND: POST /session/5410ebbca63880522c561df3b9295ec8/element/f.A21AC8DC3B7A3D8172EB3983758B85EF.d.277CA6D7FCF745E49DE6F56B833CFD70.e.3572/clear - {}
RESULT: {}
COMMAND: POST /session/5410ebbca63880522c561df3b9295ec8/element/f.A21AC8DC3B7A3D8172EB3983758B85EF.d.277CA6D7FCF745E49DE6F56B833CFD70.e.3572/value - {"text":"C002"}
COMMAND: GET /session/5410ebbca63880522c561df3b9295ec8/screenshot - {}
RESULT: {"text":"C002"}
COMMAND: GET /session/5410ebbca63880522c561df3b9295ec8/screenshot - {}
RESULT: {}
RESULT: {}
COMMAND: POST /session/5410ebbca63880522c561df3b9295ec8/element - {"using":"xpath","value":"//span[contains(text(), \"C002\")]"}
RESULT: {"using":"xpath","value":"//span[contains(text(), \"C002\")]"}
COMMAND: POST /session/5410ebbca63880522c561df3b9295ec8/element/f.A21AC8DC3B7A3D8172EB3983758B85EF.d.277CA6D7FCF745E49DE6F56B833CFD70.e.3690/click - {}
RESULT: {}
COMMAND: GET /session/5410ebbca63880522c561df3b9295ec8/screenshot - {}
RESULT: {}
COMMAND: POST /session/5410ebbca63880522c561df3b9295ec8/execute/async - {"script":"<script> [1562 bytes]","args":[{"selector":{"id":"application-managepartners-display-component---NewPartner--btnAddTableRow-img"},"wdio_ui5_key":"applicationmanagepartners-display-component---NewPartner--btnAddTableRow-img"}]}
RESULT: {"script":"<script> [1562 bytes]","args":[{"selector":{"id":"application-managepartners-display-component---NewPartner--btnAddTableRow-img"},"wdio_ui5_key":"applicationmanagepartners-display-component---NewPartner--btnAddTableRow-img"}]}
RESULT: undefined
COMMAND: POST /session/5410ebbca63880522c561df3b9295ec8/element - {"using":"xpath","value":"//*[@id=\"application-managepartners-display-component---NewPartner--btnAddTableRow-img\"]"}
RESULT: {"using":"xpath","value":"//*[@id=\"application-managepartners-display-component---NewPartner--btnAddTableRow-img\"]"}
COMMAND: POST /session/5410ebbca63880522c561df3b9295ec8/element/f.A21AC8DC3B7A3D8172EB3983758B85EF.d.277CA6D7FCF745E49DE6F56B833CFD70.e.3691/click - {}
RESULT: {}
COMMAND: GET /session/5410ebbca63880522c561df3b9295ec8/screenshot - {}
RESULT: {}
COMMAND: POST /session/5410ebbca63880522c561df3b9295ec8/element - {"using":"xpath","value":"//input[@id=\"application-managepartners-display-component---NewPartner--assignmentYard-application-managepartners-display-component---NewPartner--assignmentsTable-0-inner\"]"}
RESULT: {"using":"xpath","value":"//input[@id=\"application-managepartners-display-component---NewPartner--assignmentYard-application-managepartners-display-component---NewPartner--assignmentsTable-0-inner\"]"}
COMMAND: POST /session/5410ebbca63880522c561df3b9295ec8/element/f.A21AC8DC3B7A3D8172EB3983758B85EF.d.277CA6D7FCF745E49DE6F56B833CFD70.e.3694/clear - {}
RESULT: {}
COMMAND: POST /session/5410ebbca63880522c561df3b9295ec8/element/f.A21AC8DC3B7A3D8172EB3983758B85EF.d.277CA6D7FCF745E49DE6F56B833CFD70.e.3694/value - {"text":"474"}
COMMAND: GET /session/5410ebbca63880522c561df3b9295ec8/screenshot - {}
RESULT: {"text":"474"}
COMMAND: GET /session/5410ebbca63880522c561df3b9295ec8/screenshot - {}
RESULT: {}
RESULT: {}
COMMAND: POST /session/5410ebbca63880522c561df3b9295ec8/element - {"using":"xpath","value":"//li[.//span[text()='474']]"}
RESULT: {"using":"xpath","value":"//li[.//span[text()='474']]"}
COMMAND: POST /session/5410ebbca63880522c561df3b9295ec8/element/f.A21AC8DC3B7A3D8172EB3983758B85EF.d.277CA6D7FCF745E49DE6F56B833CFD70.e.3703/click - {}
RESULT: {}
COMMAND: GET /session/5410ebbca63880522c561df3b9295ec8/screenshot - {}
RESULT: {}
COMMAND: POST /session/5410ebbca63880522c561df3b9295ec8/actions - {"actions":[{"id":"action11","type":"key","parameters":{},"actions":[{"type":"keyDown","value":""},{"type":"pause","duration":10},{"type":"keyUp","value":""}]}]}
RESULT: {"actions":[{"id":"action11","type":"key","parameters":{},"actions":[{"type":"keyDown","value":""},{"type":"pause","duration":10},{"type":"keyUp","value":""}]}]}
COMMAND: POST /session/5410ebbca63880522c561df3b9295ec8/execute/async - {"script":"<script> [1562 bytes]","args":[{"selector":{"id":"application-managepartners-display-component---NewPartner--externalCustomerComboBox-application-managepartners-display-component---NewPartner--assignmentsTable-0-vhi"},"wdio_ui5_key":"applicationmanagepartners-display-component---NewPartner--externalCustomerComboBox-application-managepartners-display-component---NewPartner--assignmentsTable-0-vhi"}]}
COMMAND: GET /session/5410ebbca63880522c561df3b9295ec8/screenshot - {}
RESULT: {"script":"<script> [1562 bytes]","args":[{"selector":{"id":"application-managepartners-display-component---NewPartner--externalCustomerComboBox-application-managepartners-display-component---NewPartner--assignmentsTable-0-vhi"},"wdio_ui5_key":"applicationmanagepartners-display-component---NewPartner--externalCustomerComboBox-application-managepartners-display-component---NewPartner--assignmentsTable-0-vhi"}]}
RESULT: undefined
COMMAND: POST /session/5410ebbca63880522c561df3b9295ec8/element - {"using":"xpath","value":"//*[@id=\"application-managepartners-display-component---NewPartner--externalCustomerComboBox-application-managepartners-display-component---NewPartner--assignmentsTable-0-vhi\"]"}
RESULT: {}
RESULT: {"using":"xpath","value":"//*[@id=\"application-managepartners-display-component---NewPartner--externalCustomerComboBox-application-managepartners-display-component---NewPartner--assignmentsTable-0-vhi\"]"}
COMMAND: POST /session/5410ebbca63880522c561df3b9295ec8/element/f.A21AC8DC3B7A3D8172EB3983758B85EF.d.277CA6D7FCF745E49DE6F56B833CFD70.e.3707/click - {}
RESULT: {}
RESULT: undefined
COMMAND: POST /session/5410ebbca63880522c561df3b9295ec8/execute/async - {"script":"<script> [776 bytes]","args":[{"enterText":"300003","selector":{"controlType":"sap.m.SearchField","properties":{"placeholder":"Search"},"searchOpenDialogs":true,"interaction":{"idSuffix":"I"}},"clearTextFirst":true,"interactionType":"ENTER_TEXT"}]}
COMMAND: GET /session/5410ebbca63880522c561df3b9295ec8/screenshot - {}
RESULT: {"script":"<script> [776 bytes]","args":[{"enterText":"300003","selector":{"controlType":"sap.m.SearchField","properties":{"placeholder":"Search"},"searchOpenDialogs":true,"interaction":{"idSuffix":"I"}},"clearTextFirst":true,"interactionType":"ENTER_TEXT"}]}
COMMAND: POST /session/5410ebbca63880522c561df3b9295ec8/actions - {"actions":[{"id":"action12","type":"key","parameters":{},"actions":[{"type":"keyDown","value":""},{"type":"pause","duration":10},{"type":"keyUp","value":""}]}]}
RESULT: {}
RESULT: {"actions":[{"id":"action12","type":"key","parameters":{},"actions":[{"type":"keyDown","value":""},{"type":"pause","duration":10},{"type":"keyUp","value":""}]}]}
COMMAND: GET /session/5410ebbca63880522c561df3b9295ec8/screenshot - {}
RESULT: {}
COMMAND: POST /session/5410ebbca63880522c561df3b9295ec8/element - {"using":"xpath","value":"//span[contains(text(), \"300003\")]"}
RESULT: {"using":"xpath","value":"//span[contains(text(), \"300003\")]"}
COMMAND: POST /session/5410ebbca63880522c561df3b9295ec8/element/f.A21AC8DC3B7A3D8172EB3983758B85EF.d.277CA6D7FCF745E49DE6F56B833CFD70.e.3725/click - {}
RESULT: {}
COMMAND: GET /session/5410ebbca63880522c561df3b9295ec8/screenshot - {}
RESULT: {}
COMMAND: POST /session/5410ebbca63880522c561df3b9295ec8/element - {"using":"xpath","value":"//bdi[contains(text(), \"OK\")]"}
RESULT: {"using":"xpath","value":"//bdi[contains(text(), \"OK\")]"}
COMMAND: POST /session/5410ebbca63880522c561df3b9295ec8/element/f.A21AC8DC3B7A3D8172EB3983758B85EF.d.277CA6D7FCF745E49DE6F56B833CFD70.e.3727/click - {}
RESULT: {}
COMMAND: GET /session/5410ebbca63880522c561df3b9295ec8/screenshot - {}
RESULT: {}
COMMAND: POST /session/5410ebbca63880522c561df3b9295ec8/execute/async - {"script":"<script> [1562 bytes]","args":[{"selector":{"id":"application-managepartners-display-component---NewPartner--intercompVendorComboBox-application-managepartners-display-component---NewPartner--assignmentsTable-0-vhi"},"wdio_ui5_key":"applicationmanagepartners-display-component---NewPartner--intercompVendorComboBox-application-managepartners-display-component---NewPartner--assignmentsTable-0-vhi"}]}
RESULT: {"script":"<script> [1562 bytes]","args":[{"selector":{"id":"application-managepartners-display-component---NewPartner--intercompVendorComboBox-application-managepartners-display-component---NewPartner--assignmentsTable-0-vhi"},"wdio_ui5_key":"applicationmanagepartners-display-component---NewPartner--intercompVendorComboBox-application-managepartners-display-component---NewPartner--assignmentsTable-0-vhi"}]}
RESULT: undefined
COMMAND: POST /session/5410ebbca63880522c561df3b9295ec8/element - {"using":"xpath","value":"//*[@id=\"application-managepartners-display-component---NewPartner--intercompVendorComboBox-application-managepartners-display-component---NewPartner--assignmentsTable-0-vhi\"]"}
RESULT: {"using":"xpath","value":"//*[@id=\"application-managepartners-display-component---NewPartner--intercompVendorComboBox-application-managepartners-display-component---NewPartner--assignmentsTable-0-vhi\"]"}
COMMAND: POST /session/5410ebbca63880522c561df3b9295ec8/element/f.A21AC8DC3B7A3D8172EB3983758B85EF.d.277CA6D7FCF745E49DE6F56B833CFD70.e.3730/click - {}
RESULT: {}
RESULT: undefined
COMMAND: POST /session/5410ebbca63880522c561df3b9295ec8/execute/async - {"script":"<script> [776 bytes]","args":[{"enterText":"100005","selector":{"controlType":"sap.m.SearchField","properties":{"placeholder":"Search"},"searchOpenDialogs":true,"interaction":{"idSuffix":"I"}},"clearTextFirst":true,"interactionType":"ENTER_TEXT"}]}
COMMAND: GET /session/5410ebbca63880522c561df3b9295ec8/screenshot - {}
RESULT: {"script":"<script> [776 bytes]","args":[{"enterText":"100005","selector":{"controlType":"sap.m.SearchField","properties":{"placeholder":"Search"},"searchOpenDialogs":true,"interaction":{"idSuffix":"I"}},"clearTextFirst":true,"interactionType":"ENTER_TEXT"}]}
COMMAND: POST /session/5410ebbca63880522c561df3b9295ec8/actions - {"actions":[{"id":"action13","type":"key","parameters":{},"actions":[{"type":"keyDown","value":""},{"type":"pause","duration":10},{"type":"keyUp","value":""}]}]}
RESULT: {}
RESULT: {"actions":[{"id":"action13","type":"key","parameters":{},"actions":[{"type":"keyDown","value":""},{"type":"pause","duration":10},{"type":"keyUp","value":""}]}]}
COMMAND: GET /session/5410ebbca63880522c561df3b9295ec8/screenshot - {}
RESULT: {}
COMMAND: POST /session/5410ebbca63880522c561df3b9295ec8/element - {"using":"xpath","value":"//span[contains(text(), \"Penguins - Field/12345 Berlin\")]"}
RESULT: {"using":"xpath","value":"//span[contains(text(), \"Penguins - Field/12345 Berlin\")]"}
COMMAND: POST /session/5410ebbca63880522c561df3b9295ec8/element/f.A21AC8DC3B7A3D8172EB3983758B85EF.d.277CA6D7FCF745E49DE6F56B833CFD70.e.3748/click - {}
RESULT: {}
COMMAND: GET /session/5410ebbca63880522c561df3b9295ec8/screenshot - {}
RESULT: {}
COMMAND: POST /session/5410ebbca63880522c561df3b9295ec8/element - {"using":"xpath","value":"//bdi[contains(text(), \"OK\")]"}
RESULT: {"using":"xpath","value":"//bdi[contains(text(), \"OK\")]"}
COMMAND: POST /session/5410ebbca63880522c561df3b9295ec8/element/f.A21AC8DC3B7A3D8172EB3983758B85EF.d.277CA6D7FCF745E49DE6F56B833CFD70.e.3749/click - {}
RESULT: {}
COMMAND: GET /session/5410ebbca63880522c561df3b9295ec8/screenshot - {}
RESULT: {}
COMMAND: POST /session/5410ebbca63880522c561df3b9295ec8/element - {"using":"xpath","value":"//button[@data-kt=\"saveButton\"]"}
RESULT: {"using":"xpath","value":"//button[@data-kt=\"saveButton\"]"}
COMMAND: POST /session/5410ebbca63880522c561df3b9295ec8/element/f.A21AC8DC3B7A3D8172EB3983758B85EF.d.277CA6D7FCF745E49DE6F56B833CFD70.e.3598/click - {}
RESULT: {}
COMMAND: GET /session/5410ebbca63880522c561df3b9295ec8/screenshot - {}
RESULT: {}
COMMAND: POST /session/5410ebbca63880522c561df3b9295ec8/element - {"using":"xpath","value":"//header[contains(@id, 'ObjectPageLayout-headerTitle')]/div[1]/div[2]/div[2]/span[1]"}
RESULT: {"using":"xpath","value":"//header[contains(@id, 'ObjectPageLayout-headerTitle')]/div[1]/div[2]/div[2]/span[1]"}
COMMAND: POST /session/5410ebbca63880522c561df3b9295ec8/elements - {"using":"xpath","value":"//header[contains(@id, 'ObjectPageLayout-headerTitle')]/div[1]/div[2]/div[2]/span[1]"}
RESULT: {"using":"xpath","value":"//header[contains(@id, 'ObjectPageLayout-headerTitle')]/div[1]/div[2]/div[2]/span[1]"}
COMMAND: POST /session/5410ebbca63880522c561df3b9295ec8/execute/sync - {"script":"<script> [56 bytes]","args":[{"element-6066-11e4-a52e-4f735466cecf":"f.A21AC8DC3B7A3D8172EB3983758B85EF.d.277CA6D7FCF745E49DE6F56B833CFD70.e.3912","ELEMENT":"f.A21AC8DC3B7A3D8172EB3983758B85EF.d.277CA6D7FCF745E49DE6F56B833CFD70.e.3912"}]}
RESULT: {"script":"<script> [56 bytes]","args":[{"element-6066-11e4-a52e-4f735466cecf":"f.A21AC8DC3B7A3D8172EB3983758B85EF.d.277CA6D7FCF745E49DE6F56B833CFD70.e.3912","ELEMENT":"f.A21AC8DC3B7A3D8172EB3983758B85EF.d.277CA6D7FCF745E49DE6F56B833CFD70.e.3912"}]}
COMMAND: POST /session/5410ebbca63880522c561df3b9295ec8/element - {"using":"css selector","value":"#shell-header-logo"}
COMMAND: GET /session/5410ebbca63880522c561df3b9295ec8/screenshot - {}
RESULT: {"using":"css selector","value":"#shell-header-logo"}
COMMAND: POST /session/5410ebbca63880522c561df3b9295ec8/element/f.A21AC8DC3B7A3D8172EB3983758B85EF.d.277CA6D7FCF745E49DE6F56B833CFD70.e.3139/click - {}
RESULT: {}
RESULT: {}
COMMAND: GET /session/5410ebbca63880522c561df3b9295ec8/screenshot - {}
RESULT: {}
COMMAND: POST /session/5410ebbca63880522c561df3b9295ec8/execute/sync - {"script":"<script> [299 bytes]","args":[["getModel","getResource"]]}
RESULT: {"script":"<script> [299 bytes]","args":[["getModel","getResource"]]}
COMMAND: GET /session/5410ebbca63880522c561df3b9295ec8/screenshot - {}
]]></system-out>
    </testcase>
    <testcase classname="chrome.135_0_7049_42.windows.Edit_and_delete_daily_price_US134629_US134627" name="Should create a new site used for following tests" time="93.982">
      <system-out><![CDATA[
COMMAND: POST /session/5410ebbca63880522c561df3b9295ec8/execute/async - {"script":"<script> [1562 bytes]","args":[{"selector":{"controlType":"sap.m.TileContent","bindingPath":{"path":"","propertyPath":"/properties/info"},"ancestor":{"controlType":"sap.m.GenericTile","properties":{"header":"Manage Sites"}}},"wdio_ui5_key":"sapm.TileContent{\"path\":\"\",\"propertyPath\":\"/properties/info\"}{\"controlType\":\"sap.m.GenericTile\",\"properties\":{\"header\":\"Manage Sites\"}}"}]}
RESULT: {}
RESULT: {"script":"<script> [1562 bytes]","args":[{"selector":{"controlType":"sap.m.TileContent","bindingPath":{"path":"","propertyPath":"/properties/info"},"ancestor":{"controlType":"sap.m.GenericTile","properties":{"header":"Manage Sites"}}},"wdio_ui5_key":"sapm.TileContent{\"path\":\"\",\"propertyPath\":\"/properties/info\"}{\"controlType\":\"sap.m.GenericTile\",\"properties\":{\"header\":\"Manage Sites\"}}"}]}
RESULT: undefined
COMMAND: POST /session/5410ebbca63880522c561df3b9295ec8/element - {"using":"xpath","value":"//*[@id=\"__xmlview7--numericTileContent\"]"}
RESULT: {"using":"xpath","value":"//*[@id=\"__xmlview7--numericTileContent\"]"}
COMMAND: POST /session/5410ebbca63880522c561df3b9295ec8/element/f.A21AC8DC3B7A3D8172EB3983758B85EF.d.277CA6D7FCF745E49DE6F56B833CFD70.e.3914/click - {}
RESULT: {}
COMMAND: POST /session/5410ebbca63880522c561df3b9295ec8/element - {"using":"xpath","value":"//button[@data-kt=\"addOverflowToolbarButton\"]"}
COMMAND: GET /session/5410ebbca63880522c561df3b9295ec8/screenshot - {}
RESULT: {"using":"xpath","value":"//button[@data-kt=\"addOverflowToolbarButton\"]"}
COMMAND: POST /session/5410ebbca63880522c561df3b9295ec8/elements - {"using":"xpath","value":"//button[@data-kt=\"addOverflowToolbarButton\"]"}
RESULT: {}
RESULT: {"using":"xpath","value":"//button[@data-kt=\"addOverflowToolbarButton\"]"}
COMMAND: POST /session/5410ebbca63880522c561df3b9295ec8/elements - {"using":"xpath","value":"//button[@data-kt=\"addOverflowToolbarButton\"]"}
RESULT: {"using":"xpath","value":"//button[@data-kt=\"addOverflowToolbarButton\"]"}
COMMAND: POST /session/5410ebbca63880522c561df3b9295ec8/elements - {"using":"xpath","value":"//button[@data-kt=\"addOverflowToolbarButton\"]"}
RESULT: {"using":"xpath","value":"//button[@data-kt=\"addOverflowToolbarButton\"]"}
COMMAND: POST /session/5410ebbca63880522c561df3b9295ec8/elements - {"using":"xpath","value":"//button[@data-kt=\"addOverflowToolbarButton\"]"}
RESULT: {"using":"xpath","value":"//button[@data-kt=\"addOverflowToolbarButton\"]"}
COMMAND: POST /session/5410ebbca63880522c561df3b9295ec8/element - {"using":"xpath","value":"//button[@data-kt=\"addOverflowToolbarButton\"]"}
RESULT: {"using":"xpath","value":"//button[@data-kt=\"addOverflowToolbarButton\"]"}
COMMAND: POST /session/5410ebbca63880522c561df3b9295ec8/execute/sync - {"script":"<script> [8489 bytes]","args":[{"element-6066-11e4-a52e-4f735466cecf":"f.A21AC8DC3B7A3D8172EB3983758B85EF.d.277CA6D7FCF745E49DE6F56B833CFD70.e.3961","ELEMENT":"f.A21AC8DC3B7A3D8172EB3983758B85EF.d.277CA6D7FCF745E49DE6F56B833CFD70.e.3961"}]}
RESULT: {"script":"<script> [8489 bytes]","args":[{"element-6066-11e4-a52e-4f735466cecf":"f.A21AC8DC3B7A3D8172EB3983758B85EF.d.277CA6D7FCF745E49DE6F56B833CFD70.e.3961","ELEMENT":"f.A21AC8DC3B7A3D8172EB3983758B85EF.d.277CA6D7FCF745E49DE6F56B833CFD70.e.3961"}]}
COMMAND: GET /session/5410ebbca63880522c561df3b9295ec8/element/f.A21AC8DC3B7A3D8172EB3983758B85EF.d.277CA6D7FCF745E49DE6F56B833CFD70.e.3961/enabled - {}
COMMAND: GET /session/5410ebbca63880522c561df3b9295ec8/screenshot - {}
RESULT: {}
COMMAND: POST /session/5410ebbca63880522c561df3b9295ec8/execute/sync - {"script":"<script> [8489 bytes]","args":[{"element-6066-11e4-a52e-4f735466cecf":"f.A21AC8DC3B7A3D8172EB3983758B85EF.d.277CA6D7FCF745E49DE6F56B833CFD70.e.3961","ELEMENT":"f.A21AC8DC3B7A3D8172EB3983758B85EF.d.277CA6D7FCF745E49DE6F56B833CFD70.e.3961"}]}
COMMAND: GET /session/5410ebbca63880522c561df3b9295ec8/screenshot - {}
RESULT: {}
RESULT: {"script":"<script> [8489 bytes]","args":[{"element-6066-11e4-a52e-4f735466cecf":"f.A21AC8DC3B7A3D8172EB3983758B85EF.d.277CA6D7FCF745E49DE6F56B833CFD70.e.3961","ELEMENT":"f.A21AC8DC3B7A3D8172EB3983758B85EF.d.277CA6D7FCF745E49DE6F56B833CFD70.e.3961"}]}
COMMAND: POST /session/5410ebbca63880522c561df3b9295ec8/execute/sync - {"script":"<script> [5351 bytes]","args":[{"element-6066-11e4-a52e-4f735466cecf":"f.A21AC8DC3B7A3D8172EB3983758B85EF.d.277CA6D7FCF745E49DE6F56B833CFD70.e.3961","ELEMENT":"f.A21AC8DC3B7A3D8172EB3983758B85EF.d.277CA6D7FCF745E49DE6F56B833CFD70.e.3961"}]}
COMMAND: GET /session/5410ebbca63880522c561df3b9295ec8/screenshot - {}
RESULT: {}
RESULT: {"script":"<script> [5351 bytes]","args":[{"element-6066-11e4-a52e-4f735466cecf":"f.A21AC8DC3B7A3D8172EB3983758B85EF.d.277CA6D7FCF745E49DE6F56B833CFD70.e.3961","ELEMENT":"f.A21AC8DC3B7A3D8172EB3983758B85EF.d.277CA6D7FCF745E49DE6F56B833CFD70.e.3961"}]}
COMMAND: POST /session/5410ebbca63880522c561df3b9295ec8/element/f.A21AC8DC3B7A3D8172EB3983758B85EF.d.277CA6D7FCF745E49DE6F56B833CFD70.e.3961/click - {}
COMMAND: GET /session/5410ebbca63880522c561df3b9295ec8/screenshot - {}
RESULT: {}
RESULT: {}
COMMAND: GET /session/5410ebbca63880522c561df3b9295ec8/screenshot - {}
COMMAND: POST /session/5410ebbca63880522c561df3b9295ec8/execute/async - {"script":"<script> [1562 bytes]","args":[{"selector":{"id":"application-managesites-display-component---NewSite--addressDetailDetailsName1","interaction":{"idSuffix":"inner"}},"wdio_ui5_key":"applicationmanagesites-display-component---NewSite--addressDetailDetailsName1"}]}
RESULT: {}
RESULT: {}
RESULT: {"script":"<script> [1562 bytes]","args":[{"selector":{"id":"application-managesites-display-component---NewSite--addressDetailDetailsName1","interaction":{"idSuffix":"inner"}},"wdio_ui5_key":"applicationmanagesites-display-component---NewSite--addressDetailDetailsName1"}]}
RESULT: undefined
COMMAND: POST /session/5410ebbca63880522c561df3b9295ec8/execute/async - {"script":"<script> [776 bytes]","args":[{"enterText":"DailyPrice WDIO","selector":{"id":"application-managesites-display-component---NewSite--addressDetailDetailsName1","interaction":{"idSuffix":"inner"}},"clearTextFirst":true,"interactionType":"ENTER_TEXT"}]}
RESULT: {"script":"<script> [776 bytes]","args":[{"enterText":"DailyPrice WDIO","selector":{"id":"application-managesites-display-component---NewSite--addressDetailDetailsName1","interaction":{"idSuffix":"inner"}},"clearTextFirst":true,"interactionType":"ENTER_TEXT"}]}
COMMAND: POST /session/5410ebbca63880522c561df3b9295ec8/execute/async - {"script":"<script> [1562 bytes]","args":[{"selector":{"id":"application-managesites-display-component---NewSite--addressDetailDetailsLanguage-arrow"},"wdio_ui5_key":"applicationmanagesites-display-component---NewSite--addressDetailDetailsLanguage-arrow"}]}
RESULT: {"script":"<script> [1562 bytes]","args":[{"selector":{"id":"application-managesites-display-component---NewSite--addressDetailDetailsLanguage-arrow"},"wdio_ui5_key":"applicationmanagesites-display-component---NewSite--addressDetailDetailsLanguage-arrow"}]}
RESULT: undefined
COMMAND: POST /session/5410ebbca63880522c561df3b9295ec8/element - {"using":"xpath","value":"//*[@id=\"application-managesites-display-component---NewSite--addressDetailDetailsLanguage-arrow\"]"}
RESULT: {"using":"xpath","value":"//*[@id=\"application-managesites-display-component---NewSite--addressDetailDetailsLanguage-arrow\"]"}
COMMAND: POST /session/5410ebbca63880522c561df3b9295ec8/element/f.A21AC8DC3B7A3D8172EB3983758B85EF.d.277CA6D7FCF745E49DE6F56B833CFD70.e.4587/click - {}
RESULT: {}
COMMAND: POST /session/5410ebbca63880522c561df3b9295ec8/element - {"using":"xpath","value":"//span[contains(text(), \"English\")]"}
COMMAND: GET /session/5410ebbca63880522c561df3b9295ec8/screenshot - {}
RESULT: {"using":"xpath","value":"//span[contains(text(), \"English\")]"}
COMMAND: POST /session/5410ebbca63880522c561df3b9295ec8/element/f.A21AC8DC3B7A3D8172EB3983758B85EF.d.277CA6D7FCF745E49DE6F56B833CFD70.e.4588/click - {}
RESULT: {}
RESULT: {}
COMMAND: POST /session/5410ebbca63880522c561df3b9295ec8/execute/async - {"script":"<script> [1562 bytes]","args":[{"selector":{"id":"application-managesites-display-component---NewSite--addressDetailDetailsCity1","interaction":{"idSuffix":"inner"}},"wdio_ui5_key":"applicationmanagesites-display-component---NewSite--addressDetailDetailsCity1"}]}
COMMAND: GET /session/5410ebbca63880522c561df3b9295ec8/screenshot - {}
RESULT: {"script":"<script> [1562 bytes]","args":[{"selector":{"id":"application-managesites-display-component---NewSite--addressDetailDetailsCity1","interaction":{"idSuffix":"inner"}},"wdio_ui5_key":"applicationmanagesites-display-component---NewSite--addressDetailDetailsCity1"}]}
RESULT: undefined
COMMAND: POST /session/5410ebbca63880522c561df3b9295ec8/execute/async - {"script":"<script> [776 bytes]","args":[{"enterText":"Rosario","selector":{"id":"application-managesites-display-component---NewSite--addressDetailDetailsCity1","interaction":{"idSuffix":"inner"}},"clearTextFirst":true,"interactionType":"ENTER_TEXT"}]}
RESULT: {}
RESULT: {"script":"<script> [776 bytes]","args":[{"enterText":"Rosario","selector":{"id":"application-managesites-display-component---NewSite--addressDetailDetailsCity1","interaction":{"idSuffix":"inner"}},"clearTextFirst":true,"interactionType":"ENTER_TEXT"}]}
COMMAND: POST /session/5410ebbca63880522c561df3b9295ec8/execute/async - {"script":"<script> [1562 bytes]","args":[{"selector":{"id":"application-managesites-display-component---NewSite--addressDetailDetailsCountry-arrow"},"wdio_ui5_key":"applicationmanagesites-display-component---NewSite--addressDetailDetailsCountry-arrow"}]}
RESULT: {"script":"<script> [1562 bytes]","args":[{"selector":{"id":"application-managesites-display-component---NewSite--addressDetailDetailsCountry-arrow"},"wdio_ui5_key":"applicationmanagesites-display-component---NewSite--addressDetailDetailsCountry-arrow"}]}
RESULT: undefined
COMMAND: POST /session/5410ebbca63880522c561df3b9295ec8/element - {"using":"xpath","value":"//*[@id=\"application-managesites-display-component---NewSite--addressDetailDetailsCountry-arrow\"]"}
RESULT: {"using":"xpath","value":"//*[@id=\"application-managesites-display-component---NewSite--addressDetailDetailsCountry-arrow\"]"}
COMMAND: POST /session/5410ebbca63880522c561df3b9295ec8/element/f.A21AC8DC3B7A3D8172EB3983758B85EF.d.277CA6D7FCF745E49DE6F56B833CFD70.e.4590/click - {}
RESULT: {}
COMMAND: POST /session/5410ebbca63880522c561df3b9295ec8/element - {"using":"xpath","value":"//span[contains(text(), \"Argentina\")]"}
COMMAND: GET /session/5410ebbca63880522c561df3b9295ec8/screenshot - {}
RESULT: {"using":"xpath","value":"//span[contains(text(), \"Argentina\")]"}
COMMAND: POST /session/5410ebbca63880522c561df3b9295ec8/element/f.A21AC8DC3B7A3D8172EB3983758B85EF.d.277CA6D7FCF745E49DE6F56B833CFD70.e.4592/click - {}
RESULT: {}
RESULT: {}
COMMAND: GET /session/5410ebbca63880522c561df3b9295ec8/screenshot - {}
RESULT: {}
COMMAND: POST /session/5410ebbca63880522c561df3b9295ec8/execute/async - {"script":"<script> [1562 bytes]","args":[{"selector":{"id":"application-managesites-display-component---NewSite--addressEditDetailsCostObjectCstType-arrow"},"wdio_ui5_key":"applicationmanagesites-display-component---NewSite--addressEditDetailsCostObjectCstType-arrow"}]}
RESULT: {"script":"<script> [1562 bytes]","args":[{"selector":{"id":"application-managesites-display-component---NewSite--addressEditDetailsCostObjectCstType-arrow"},"wdio_ui5_key":"applicationmanagesites-display-component---NewSite--addressEditDetailsCostObjectCstType-arrow"}]}
RESULT: undefined
COMMAND: POST /session/5410ebbca63880522c561df3b9295ec8/element - {"using":"xpath","value":"//*[@id=\"application-managesites-display-component---NewSite--addressEditDetailsCostObjectCstType-arrow\"]"}
RESULT: {"using":"xpath","value":"//*[@id=\"application-managesites-display-component---NewSite--addressEditDetailsCostObjectCstType-arrow\"]"}
COMMAND: POST /session/5410ebbca63880522c561df3b9295ec8/element/f.A21AC8DC3B7A3D8172EB3983758B85EF.d.277CA6D7FCF745E49DE6F56B833CFD70.e.4593/click - {}
RESULT: {}
COMMAND: POST /session/5410ebbca63880522c561df3b9295ec8/element - {"using":"xpath","value":"//span[contains(text(), \"Cost Center\")]"}
COMMAND: GET /session/5410ebbca63880522c561df3b9295ec8/screenshot - {}
RESULT: {"using":"xpath","value":"//span[contains(text(), \"Cost Center\")]"}
COMMAND: POST /session/5410ebbca63880522c561df3b9295ec8/element/f.A21AC8DC3B7A3D8172EB3983758B85EF.d.277CA6D7FCF745E49DE6F56B833CFD70.e.4594/click - {}
RESULT: {}
RESULT: {}
COMMAND: GET /session/5410ebbca63880522c561df3b9295ec8/screenshot - {}
RESULT: {}
COMMAND: POST /session/5410ebbca63880522c561df3b9295ec8/element - {"using":"xpath","value":"//span[@id=\"application-managesites-display-component---NewSite--addressNewCostObjectCstID-vhi\"]"}
RESULT: {"using":"xpath","value":"//span[@id=\"application-managesites-display-component---NewSite--addressNewCostObjectCstID-vhi\"]"}
COMMAND: POST /session/5410ebbca63880522c561df3b9295ec8/execute/sync - {"script":"<script> [8489 bytes]","args":[{"element-6066-11e4-a52e-4f735466cecf":"f.A21AC8DC3B7A3D8172EB3983758B85EF.d.277CA6D7FCF745E49DE6F56B833CFD70.e.4597","ELEMENT":"f.A21AC8DC3B7A3D8172EB3983758B85EF.d.277CA6D7FCF745E49DE6F56B833CFD70.e.4597"}]}
RESULT: {"script":"<script> [8489 bytes]","args":[{"element-6066-11e4-a52e-4f735466cecf":"f.A21AC8DC3B7A3D8172EB3983758B85EF.d.277CA6D7FCF745E49DE6F56B833CFD70.e.4597","ELEMENT":"f.A21AC8DC3B7A3D8172EB3983758B85EF.d.277CA6D7FCF745E49DE6F56B833CFD70.e.4597"}]}
COMMAND: POST /session/5410ebbca63880522c561df3b9295ec8/execute/async - {"script":"<script> [1562 bytes]","args":[{"selector":{"id":"application-managesites-display-component---NewSite--addressNewCostObjectCstID-vhi"},"wdio_ui5_key":"applicationmanagesites-display-component---NewSite--addressNewCostObjectCstID-vhi"}]}
COMMAND: GET /session/5410ebbca63880522c561df3b9295ec8/screenshot - {}
RESULT: {"script":"<script> [1562 bytes]","args":[{"selector":{"id":"application-managesites-display-component---NewSite--addressNewCostObjectCstID-vhi"},"wdio_ui5_key":"applicationmanagesites-display-component---NewSite--addressNewCostObjectCstID-vhi"}]}
RESULT: undefined
COMMAND: POST /session/5410ebbca63880522c561df3b9295ec8/element - {"using":"xpath","value":"//*[@id=\"application-managesites-display-component---NewSite--addressNewCostObjectCstID-vhi\"]"}
RESULT: {}
RESULT: {"using":"xpath","value":"//*[@id=\"application-managesites-display-component---NewSite--addressNewCostObjectCstID-vhi\"]"}
COMMAND: POST /session/5410ebbca63880522c561df3b9295ec8/element/f.A21AC8DC3B7A3D8172EB3983758B85EF.d.277CA6D7FCF745E49DE6F56B833CFD70.e.4597/click - {}
RESULT: {}
COMMAND: GET /session/5410ebbca63880522c561df3b9295ec8/screenshot - {}
RESULT: {}
RESULT: undefined
COMMAND: POST /session/5410ebbca63880522c561df3b9295ec8/execute/async - {"script":"<script> [776 bytes]","args":[{"enterText":"10001013","selector":{"controlType":"sap.m.SearchField","properties":{"placeholder":"Search"},"searchOpenDialogs":true,"interaction":{"idSuffix":"I"}},"clearTextFirst":true,"interactionType":"ENTER_TEXT"}]}
RESULT: {"script":"<script> [776 bytes]","args":[{"enterText":"10001013","selector":{"controlType":"sap.m.SearchField","properties":{"placeholder":"Search"},"searchOpenDialogs":true,"interaction":{"idSuffix":"I"}},"clearTextFirst":true,"interactionType":"ENTER_TEXT"}]}
COMMAND: POST /session/5410ebbca63880522c561df3b9295ec8/actions - {"actions":[{"id":"action14","type":"key","parameters":{},"actions":[{"type":"keyDown","value":""},{"type":"pause","duration":10},{"type":"keyUp","value":""}]}]}
RESULT: {"actions":[{"id":"action14","type":"key","parameters":{},"actions":[{"type":"keyDown","value":""},{"type":"pause","duration":10},{"type":"keyUp","value":""}]}]}
COMMAND: GET /session/5410ebbca63880522c561df3b9295ec8/screenshot - {}
RESULT: {}
COMMAND: POST /session/5410ebbca63880522c561df3b9295ec8/element - {"using":"xpath","value":"//span[contains(text(), \"General Management\")]"}
RESULT: {"using":"xpath","value":"//span[contains(text(), \"General Management\")]"}
COMMAND: POST /session/5410ebbca63880522c561df3b9295ec8/element/f.A21AC8DC3B7A3D8172EB3983758B85EF.d.277CA6D7FCF745E49DE6F56B833CFD70.e.4636/click - {}
RESULT: {}
COMMAND: GET /session/5410ebbca63880522c561df3b9295ec8/screenshot - {}
RESULT: {}
COMMAND: POST /session/5410ebbca63880522c561df3b9295ec8/element - {"using":"xpath","value":"//bdi[contains(text(), \"OK\")]"}
RESULT: {"using":"xpath","value":"//bdi[contains(text(), \"OK\")]"}
COMMAND: POST /session/5410ebbca63880522c561df3b9295ec8/element/f.A21AC8DC3B7A3D8172EB3983758B85EF.d.277CA6D7FCF745E49DE6F56B833CFD70.e.4637/click - {}
RESULT: {}
COMMAND: GET /session/5410ebbca63880522c561df3b9295ec8/screenshot - {}
RESULT: {}
COMMAND: POST /session/5410ebbca63880522c561df3b9295ec8/element - {"using":"xpath","value":"//input[@id=\"application-managesites-display-component---NewSite--addressDetailDetailsCalendar-inner\"]"}
RESULT: {"using":"xpath","value":"//input[@id=\"application-managesites-display-component---NewSite--addressDetailDetailsCalendar-inner\"]"}
COMMAND: POST /session/5410ebbca63880522c561df3b9295ec8/element/f.A21AC8DC3B7A3D8172EB3983758B85EF.d.277CA6D7FCF745E49DE6F56B833CFD70.e.4388/clear - {}
RESULT: {}
COMMAND: POST /session/5410ebbca63880522c561df3b9295ec8/element/f.A21AC8DC3B7A3D8172EB3983758B85EF.d.277CA6D7FCF745E49DE6F56B833CFD70.e.4388/value - {"text":"Unit"}
COMMAND: GET /session/5410ebbca63880522c561df3b9295ec8/screenshot - {}
RESULT: {"text":"Unit"}
COMMAND: GET /session/5410ebbca63880522c561df3b9295ec8/screenshot - {}
RESULT: {}
RESULT: {}
COMMAND: POST /session/5410ebbca63880522c561df3b9295ec8/actions - {"actions":[{"id":"action15","type":"key","parameters":{},"actions":[{"type":"keyDown","value":""},{"type":"pause","duration":10},{"type":"keyUp","value":""}]}]}
RESULT: {"actions":[{"id":"action15","type":"key","parameters":{},"actions":[{"type":"keyDown","value":""},{"type":"pause","duration":10},{"type":"keyUp","value":""}]}]}
COMMAND: POST /session/5410ebbca63880522c561df3b9295ec8/element - {"using":"xpath","value":"//input[@id=\"application-managesites-display-component---NewSite--addressDetailDetailsYard-inner\"]"}
COMMAND: GET /session/5410ebbca63880522c561df3b9295ec8/screenshot - {}
RESULT: {"using":"xpath","value":"//input[@id=\"application-managesites-display-component---NewSite--addressDetailDetailsYard-inner\"]"}
COMMAND: POST /session/5410ebbca63880522c561df3b9295ec8/element/f.A21AC8DC3B7A3D8172EB3983758B85EF.d.277CA6D7FCF745E49DE6F56B833CFD70.e.4389/clear - {}
RESULT: {}
RESULT: {}
COMMAND: POST /session/5410ebbca63880522c561df3b9295ec8/element/f.A21AC8DC3B7A3D8172EB3983758B85EF.d.277CA6D7FCF745E49DE6F56B833CFD70.e.4389/value - {"text":"474"}
COMMAND: GET /session/5410ebbca63880522c561df3b9295ec8/screenshot - {}
RESULT: {"text":"474"}
COMMAND: GET /session/5410ebbca63880522c561df3b9295ec8/screenshot - {}
RESULT: {}
RESULT: {}
COMMAND: POST /session/5410ebbca63880522c561df3b9295ec8/element - {"using":"xpath","value":"//li[.//span[text()='474']]"}
RESULT: {"using":"xpath","value":"//li[.//span[text()='474']]"}
COMMAND: POST /session/5410ebbca63880522c561df3b9295ec8/element/f.A21AC8DC3B7A3D8172EB3983758B85EF.d.277CA6D7FCF745E49DE6F56B833CFD70.e.4659/click - {}
RESULT: {}
COMMAND: GET /session/5410ebbca63880522c561df3b9295ec8/screenshot - {}
RESULT: {}
COMMAND: POST /session/5410ebbca63880522c561df3b9295ec8/element - {"using":"xpath","value":"//input[@id=\"application-managesites-display-component---NewSite--addressDetailDetailsPartner-inner\"]"}
RESULT: {"using":"xpath","value":"//input[@id=\"application-managesites-display-component---NewSite--addressDetailDetailsPartner-inner\"]"}
COMMAND: POST /session/5410ebbca63880522c561df3b9295ec8/element - {"using":"xpath","value":"//input[@id=\"application-managesites-display-component---NewSite--addressDetailDetailsPartner-inner\"]"}
RESULT: {"using":"xpath","value":"//input[@id=\"application-managesites-display-component---NewSite--addressDetailDetailsPartner-inner\"]"}
COMMAND: POST /session/5410ebbca63880522c561df3b9295ec8/element - {"using":"xpath","value":"//button[@data-kt=\"saveButton\"]"}
RESULT: {"using":"xpath","value":"//button[@data-kt=\"saveButton\"]"}
COMMAND: POST /session/5410ebbca63880522c561df3b9295ec8/element/f.A21AC8DC3B7A3D8172EB3983758B85EF.d.277CA6D7FCF745E49DE6F56B833CFD70.e.4572/click - {}
RESULT: {}
COMMAND: GET /session/5410ebbca63880522c561df3b9295ec8/screenshot - {}
RESULT: {}
COMMAND: POST /session/5410ebbca63880522c561df3b9295ec8/element - {"using":"xpath","value":"//header[contains(@id, 'ObjectPageLayout-headerTitle')]/div[1]/div[2]/div[2]/span[1]"}
RESULT: {"using":"xpath","value":"//header[contains(@id, 'ObjectPageLayout-headerTitle')]/div[1]/div[2]/div[2]/span[1]"}
COMMAND: POST /session/5410ebbca63880522c561df3b9295ec8/elements - {"using":"xpath","value":"//header[contains(@id, 'ObjectPageLayout-headerTitle')]/div[1]/div[2]/div[2]/span[1]"}
RESULT: {"using":"xpath","value":"//header[contains(@id, 'ObjectPageLayout-headerTitle')]/div[1]/div[2]/div[2]/span[1]"}
COMMAND: POST /session/5410ebbca63880522c561df3b9295ec8/execute/sync - {"script":"<script> [56 bytes]","args":[{"element-6066-11e4-a52e-4f735466cecf":"f.A21AC8DC3B7A3D8172EB3983758B85EF.d.277CA6D7FCF745E49DE6F56B833CFD70.e.4859","ELEMENT":"f.A21AC8DC3B7A3D8172EB3983758B85EF.d.277CA6D7FCF745E49DE6F56B833CFD70.e.4859"}]}
RESULT: {"script":"<script> [56 bytes]","args":[{"element-6066-11e4-a52e-4f735466cecf":"f.A21AC8DC3B7A3D8172EB3983758B85EF.d.277CA6D7FCF745E49DE6F56B833CFD70.e.4859","ELEMENT":"f.A21AC8DC3B7A3D8172EB3983758B85EF.d.277CA6D7FCF745E49DE6F56B833CFD70.e.4859"}]}
COMMAND: POST /session/5410ebbca63880522c561df3b9295ec8/element - {"using":"css selector","value":"#shell-header-logo"}
COMMAND: GET /session/5410ebbca63880522c561df3b9295ec8/screenshot - {}
RESULT: {"using":"css selector","value":"#shell-header-logo"}
COMMAND: POST /session/5410ebbca63880522c561df3b9295ec8/element/f.A21AC8DC3B7A3D8172EB3983758B85EF.d.277CA6D7FCF745E49DE6F56B833CFD70.e.3917/click - {}
RESULT: {}
RESULT: {}
COMMAND: GET /session/5410ebbca63880522c561df3b9295ec8/screenshot - {}
RESULT: {}
COMMAND: POST /session/5410ebbca63880522c561df3b9295ec8/execute/sync - {"script":"<script> [299 bytes]","args":[["getModel","getResource"]]}
RESULT: {"script":"<script> [299 bytes]","args":[["getModel","getResource"]]}
COMMAND: GET /session/5410ebbca63880522c561df3b9295ec8/screenshot - {}
]]></system-out>
    </testcase>
    <testcase classname="chrome.135_0_7049_42.windows.Edit_and_delete_daily_price_US134629_US134627" name="Should go to Manage Conditions Daily Price and add the 2 rows one with yard site and one with yard" time="81.04">
      <system-out><![CDATA[
RESULT: {}
COMMAND: POST /session/5410ebbca63880522c561df3b9295ec8/window/fullscreen - {}
RESULT: {}
COMMAND: POST /session/5410ebbca63880522c561df3b9295ec8/execute/async - {"script":"<script> [1562 bytes]","args":[{"selector":{"controlType":"sap.m.GenericTile","properties":{"header":"Manage Conditions & Prices"}},"wdio_ui5_key":"sapm.GenericTile{\"header\":\"Manage Conditions & Prices\"}"}]}
RESULT: {"script":"<script> [1562 bytes]","args":[{"selector":{"controlType":"sap.m.GenericTile","properties":{"header":"Manage Conditions & Prices"}},"wdio_ui5_key":"sapm.GenericTile{\"header\":\"Manage Conditions & Prices\"}"}]}
RESULT: undefined
COMMAND: POST /session/5410ebbca63880522c561df3b9295ec8/element - {"using":"xpath","value":"//*[@id=\"__tile53\"]"}
RESULT: {"using":"xpath","value":"//*[@id=\"__tile53\"]"}
COMMAND: POST /session/5410ebbca63880522c561df3b9295ec8/element/f.A21AC8DC3B7A3D8172EB3983758B85EF.d.277CA6D7FCF745E49DE6F56B833CFD70.e.3074/click - {}
RESULT: {}
COMMAND: POST /session/5410ebbca63880522c561df3b9295ec8/element - {"using":"xpath","value":"//button[@aria-label=\"Create\"]"}
COMMAND: GET /session/5410ebbca63880522c561df3b9295ec8/screenshot - {}
RESULT: {"using":"xpath","value":"//button[@aria-label=\"Create\"]"}
COMMAND: POST /session/5410ebbca63880522c561df3b9295ec8/elements - {"using":"xpath","value":"//button[@aria-label=\"Create\"]"}
RESULT: {}
RESULT: {"using":"xpath","value":"//button[@aria-label=\"Create\"]"}
COMMAND: POST /session/5410ebbca63880522c561df3b9295ec8/element - {"using":"xpath","value":"//button[@aria-label=\"Create\"]"}
RESULT: {"using":"xpath","value":"//button[@aria-label=\"Create\"]"}
COMMAND: POST /session/5410ebbca63880522c561df3b9295ec8/element/f.A21AC8DC3B7A3D8172EB3983758B85EF.d.277CA6D7FCF745E49DE6F56B833CFD70.e.4892/click - {}
RESULT: {}
COMMAND: GET /session/5410ebbca63880522c561df3b9295ec8/screenshot - {}
RESULT: {}
COMMAND: POST /session/5410ebbca63880522c561df3b9295ec8/actions - {"actions":[{"id":"action16","type":"key","parameters":{},"actions":[{"type":"keyDown","value":""},{"type":"pause","duration":10},{"type":"keyUp","value":""}]}]}
RESULT: {"actions":[{"id":"action16","type":"key","parameters":{},"actions":[{"type":"keyDown","value":""},{"type":"pause","duration":10},{"type":"keyUp","value":""}]}]}
COMMAND: POST /session/5410ebbca63880522c561df3b9295ec8/actions - {"actions":[{"id":"action17","type":"key","parameters":{},"actions":[{"type":"keyDown","value":""},{"type":"pause","duration":10},{"type":"keyUp","value":""}]}]}
COMMAND: GET /session/5410ebbca63880522c561df3b9295ec8/screenshot - {}
RESULT: {"actions":[{"id":"action17","type":"key","parameters":{},"actions":[{"type":"keyDown","value":""},{"type":"pause","duration":10},{"type":"keyUp","value":""}]}]}
COMMAND: POST /session/5410ebbca63880522c561df3b9295ec8/execute/async - {"script":"<script> [1562 bytes]","args":[{"selector":{"controlType":"sap.m.Title","viewName":"etm.portal.ui.manageconditionprice.view.DailyPrices","viewId":"application-manageconditionprice-display-component---dailyPrices","i18NText":{"propertyName":"text","key":"dailyPrices"}},"wdio_ui5_key":"etmportal.ui.manageconditionprice.view.DailyPricessap.m.Title{\"propertyName\":\"text\",\"key\":\"dailyPrices\"}"}]}
COMMAND: GET /session/5410ebbca63880522c561df3b9295ec8/screenshot - {}
RESULT: {}
RESULT: {"script":"<script> [1562 bytes]","args":[{"selector":{"controlType":"sap.m.Title","viewName":"etm.portal.ui.manageconditionprice.view.DailyPrices","viewId":"application-manageconditionprice-display-component---dailyPrices","i18NText":{"propertyName":"text","key":"dailyPrices"}},"wdio_ui5_key":"etmportal.ui.manageconditionprice.view.DailyPricessap.m.Title{\"propertyName\":\"text\",\"key\":\"dailyPrices\"}"}]}
RESULT: undefined
COMMAND: POST /session/5410ebbca63880522c561df3b9295ec8/execute/async - {"script":"<script> [6424 bytes]","args":[{"element-6066-11e4-a52e-4f735466cecf":"f.A21AC8DC3B7A3D8172EB3983758B85EF.d.277CA6D7FCF745E49DE6F56B833CFD70.e.5252"},"getText",[]]}
RESULT: {}
RESULT: {"script":"<script> [6424 bytes]","args":[{"element-6066-11e4-a52e-4f735466cecf":"f.A21AC8DC3B7A3D8172EB3983758B85EF.d.277CA6D7FCF745E49DE6F56B833CFD70.e.5252"},"getText",[]]}
COMMAND: POST /session/5410ebbca63880522c561df3b9295ec8/execute/async - {"script":"<script> [1562 bytes]","args":[{"selector":{"id":"application-manageconditionprice-display-component---dailyPrices--condBillCond","interaction":{"idSuffix":"inner"}},"wdio_ui5_key":"applicationmanageconditionprice-display-component---dailyPrices--condBillCond"}]}
RESULT: {"script":"<script> [1562 bytes]","args":[{"selector":{"id":"application-manageconditionprice-display-component---dailyPrices--condBillCond","interaction":{"idSuffix":"inner"}},"wdio_ui5_key":"applicationmanageconditionprice-display-component---dailyPrices--condBillCond"}]}
RESULT: undefined
COMMAND: POST /session/5410ebbca63880522c561df3b9295ec8/execute/async - {"script":"<script> [776 bytes]","args":[{"enterText":"Residual Value %","selector":{"id":"application-manageconditionprice-display-component---dailyPrices--condBillCond","interaction":{"idSuffix":"inner"}},"clearTextFirst":true,"interactionType":"ENTER_TEXT"}]}
RESULT: {"script":"<script> [776 bytes]","args":[{"enterText":"Residual Value %","selector":{"id":"application-manageconditionprice-display-component---dailyPrices--condBillCond","interaction":{"idSuffix":"inner"}},"clearTextFirst":true,"interactionType":"ENTER_TEXT"}]}
COMMAND: POST /session/5410ebbca63880522c561df3b9295ec8/execute/async - {"script":"<script> [1562 bytes]","args":[{"selector":{"controlType":"sap.m.StandardListItem","viewName":"etm.portal.ui.manageconditionprice.view.DailyPrices","viewId":"application-manageconditionprice-display-component---dailyPrices","properties":{"type":"Active"},"searchOpenDialogs":true,"interaction":{"idSuffix":"titleText"}},"wdio_ui5_key":"etmportal.ui.manageconditionprice.view.DailyPricessap.m.StandardListItem{\"type\":\"Active\"}"}]}
RESULT: {"script":"<script> [1562 bytes]","args":[{"selector":{"controlType":"sap.m.StandardListItem","viewName":"etm.portal.ui.manageconditionprice.view.DailyPrices","viewId":"application-manageconditionprice-display-component---dailyPrices","properties":{"type":"Active"},"searchOpenDialogs":true,"interaction":{"idSuffix":"titleText"}},"wdio_ui5_key":"etmportal.ui.manageconditionprice.view.DailyPricessap.m.StandardListItem{\"type\":\"Active\"}"}]}
RESULT: undefined
COMMAND: POST /session/5410ebbca63880522c561df3b9295ec8/element - {"using":"xpath","value":"//*[@id=\"__item1309\"]"}
RESULT: {"using":"xpath","value":"//*[@id=\"__item1309\"]"}
COMMAND: POST /session/5410ebbca63880522c561df3b9295ec8/element/f.A21AC8DC3B7A3D8172EB3983758B85EF.d.277CA6D7FCF745E49DE6F56B833CFD70.e.5272/click - {}
RESULT: {}
COMMAND: POST /session/5410ebbca63880522c561df3b9295ec8/execute/async - {"script":"<script> [1562 bytes]","args":[{"selector":{"id":"application-manageconditionprice-display-component---dailyPrices--editBtn","interaction":{"idSuffix":"BDI-content"}},"wdio_ui5_key":"applicationmanageconditionprice-display-component---dailyPrices--editBtn"}]}
COMMAND: GET /session/5410ebbca63880522c561df3b9295ec8/screenshot - {}
RESULT: {"script":"<script> [1562 bytes]","args":[{"selector":{"id":"application-manageconditionprice-display-component---dailyPrices--editBtn","interaction":{"idSuffix":"BDI-content"}},"wdio_ui5_key":"applicationmanageconditionprice-display-component---dailyPrices--editBtn"}]}
RESULT: undefined
COMMAND: POST /session/5410ebbca63880522c561df3b9295ec8/element - {"using":"xpath","value":"//*[@id=\"application-manageconditionprice-display-component---dailyPrices--editBtn\"]"}
RESULT: {}
RESULT: {"using":"xpath","value":"//*[@id=\"application-manageconditionprice-display-component---dailyPrices--editBtn\"]"}
COMMAND: POST /session/5410ebbca63880522c561df3b9295ec8/element/f.A21AC8DC3B7A3D8172EB3983758B85EF.d.277CA6D7FCF745E49DE6F56B833CFD70.e.5254/click - {}
RESULT: {}
COMMAND: POST /session/5410ebbca63880522c561df3b9295ec8/execute/async - {"script":"<script> [1562 bytes]","args":[{"selector":{"controlType":"sap.m.Button","viewName":"etm.portal.ui.manageconditionprice.view.DailyPrices","viewId":"application-manageconditionprice-display-component---dailyPrices","i18NText":{"propertyName":"text","key":"add"},"interaction":{"idSuffix":"BDI-content"}},"wdio_ui5_key":"etmportal.ui.manageconditionprice.view.DailyPricessap.m.Button{\"propertyName\":\"text\",\"key\":\"add\"}"}]}
COMMAND: GET /session/5410ebbca63880522c561df3b9295ec8/screenshot - {}
RESULT: {"script":"<script> [1562 bytes]","args":[{"selector":{"controlType":"sap.m.Button","viewName":"etm.portal.ui.manageconditionprice.view.DailyPrices","viewId":"application-manageconditionprice-display-component---dailyPrices","i18NText":{"propertyName":"text","key":"add"},"interaction":{"idSuffix":"BDI-content"}},"wdio_ui5_key":"etmportal.ui.manageconditionprice.view.DailyPricessap.m.Button{\"propertyName\":\"text\",\"key\":\"add\"}"}]}
RESULT: undefined
COMMAND: POST /session/5410ebbca63880522c561df3b9295ec8/element - {"using":"xpath","value":"//*[@id=\"__button113\"]"}
RESULT: {}
RESULT: {"using":"xpath","value":"//*[@id=\"__button113\"]"}
COMMAND: POST /session/5410ebbca63880522c561df3b9295ec8/element/f.A21AC8DC3B7A3D8172EB3983758B85EF.d.277CA6D7FCF745E49DE6F56B833CFD70.e.5307/click - {}
RESULT: {}
COMMAND: POST /session/5410ebbca63880522c561df3b9295ec8/elements - {"using":"css selector","value":"table tr"}
COMMAND: GET /session/5410ebbca63880522c561df3b9295ec8/screenshot - {}
RESULT: {"using":"css selector","value":"table tr"}
COMMAND: POST /session/5410ebbca63880522c561df3b9295ec8/element/f.A21AC8DC3B7A3D8172EB3983758B85EF.d.277CA6D7FCF745E49DE6F56B833CFD70.e.5516/elements - {"using":"css selector","value":"input"}
RESULT: {}
RESULT: {"using":"css selector","value":"input"}
COMMAND: POST /session/5410ebbca63880522c561df3b9295ec8/element/f.A21AC8DC3B7A3D8172EB3983758B85EF.d.277CA6D7FCF745E49DE6F56B833CFD70.e.5311/clear - {}
COMMAND: POST /session/5410ebbca63880522c561df3b9295ec8/element/f.A21AC8DC3B7A3D8172EB3983758B85EF.d.277CA6D7FCF745E49DE6F56B833CFD70.e.5309/clear - {}
COMMAND: POST /session/5410ebbca63880522c561df3b9295ec8/element/f.A21AC8DC3B7A3D8172EB3983758B85EF.d.277CA6D7FCF745E49DE6F56B833CFD70.e.5312/clear - {}
COMMAND: POST /session/5410ebbca63880522c561df3b9295ec8/element/f.A21AC8DC3B7A3D8172EB3983758B85EF.d.277CA6D7FCF745E49DE6F56B833CFD70.e.5310/clear - {}
COMMAND: POST /session/5410ebbca63880522c561df3b9295ec8/element/f.A21AC8DC3B7A3D8172EB3983758B85EF.d.277CA6D7FCF745E49DE6F56B833CFD70.e.5516/elements - {"using":"css selector","value":"td"}
RESULT: {}
COMMAND: POST /session/5410ebbca63880522c561df3b9295ec8/element/f.A21AC8DC3B7A3D8172EB3983758B85EF.d.277CA6D7FCF745E49DE6F56B833CFD70.e.5311/value - {"text":"705.60"}
COMMAND: GET /session/5410ebbca63880522c561df3b9295ec8/screenshot - {}
RESULT: {}
COMMAND: POST /session/5410ebbca63880522c561df3b9295ec8/element/f.A21AC8DC3B7A3D8172EB3983758B85EF.d.277CA6D7FCF745E49DE6F56B833CFD70.e.5309/value - {"text":"04/17/25"}
COMMAND: GET /session/5410ebbca63880522c561df3b9295ec8/screenshot - {}
RESULT: {}
COMMAND: POST /session/5410ebbca63880522c561df3b9295ec8/element/f.A21AC8DC3B7A3D8172EB3983758B85EF.d.277CA6D7FCF745E49DE6F56B833CFD70.e.5312/value - {"text":"Euro"}
COMMAND: GET /session/5410ebbca63880522c561df3b9295ec8/screenshot - {}
RESULT: {}
COMMAND: POST /session/5410ebbca63880522c561df3b9295ec8/element/f.A21AC8DC3B7A3D8172EB3983758B85EF.d.277CA6D7FCF745E49DE6F56B833CFD70.e.5310/value - {"text":"09/17/25"}
COMMAND: GET /session/5410ebbca63880522c561df3b9295ec8/screenshot - {}
RESULT: {"using":"css selector","value":"td"}
COMMAND: POST /session/5410ebbca63880522c561df3b9295ec8/element - {"using":"xpath","value":".//li[contains(., \"2292\") and not(.//li)]"}
COMMAND: POST /session/5410ebbca63880522c561df3b9295ec8/element/f.A21AC8DC3B7A3D8172EB3983758B85EF.d.277CA6D7FCF745E49DE6F56B833CFD70.e.5531/element - {"using":"css selector","value":"input"}
COMMAND: POST /session/5410ebbca63880522c561df3b9295ec8/element/f.A21AC8DC3B7A3D8172EB3983758B85EF.d.277CA6D7FCF745E49DE6F56B833CFD70.e.5531/element - {"using":"css selector","value":"input"}
RESULT: {"text":"705.60"}
COMMAND: GET /session/5410ebbca63880522c561df3b9295ec8/screenshot - {}
RESULT: {}
RESULT: {"text":"04/17/25"}
COMMAND: GET /session/5410ebbca63880522c561df3b9295ec8/screenshot - {}
RESULT: {}
RESULT: {"text":"Euro"}
COMMAND: GET /session/5410ebbca63880522c561df3b9295ec8/screenshot - {}
RESULT: {}
RESULT: {"text":"09/17/25"}
COMMAND: GET /session/5410ebbca63880522c561df3b9295ec8/screenshot - {}
RESULT: {}
RESULT: {"using":"xpath","value":".//li[contains(., \"2292\") and not(.//li)]"}
RESULT: {"using":"css selector","value":"input"}
COMMAND: POST /session/5410ebbca63880522c561df3b9295ec8/element/f.A21AC8DC3B7A3D8172EB3983758B85EF.d.277CA6D7FCF745E49DE6F56B833CFD70.e.5313/click - {}
RESULT: {"using":"css selector","value":"input"}
COMMAND: POST /session/5410ebbca63880522c561df3b9295ec8/element/f.A21AC8DC3B7A3D8172EB3983758B85EF.d.277CA6D7FCF745E49DE6F56B833CFD70.e.5313/clear - {}
RESULT: {}
RESULT: {}
RESULT: {}
COMMAND: POST /session/5410ebbca63880522c561df3b9295ec8/elements - {"using":"xpath","value":".//li[contains(., \"2292\") and not(.//li)]"}
RESULT: {}
RESULT: {}
COMMAND: GET /session/5410ebbca63880522c561df3b9295ec8/screenshot - {}
RESULT: {}
COMMAND: POST /session/5410ebbca63880522c561df3b9295ec8/element/f.A21AC8DC3B7A3D8172EB3983758B85EF.d.277CA6D7FCF745E49DE6F56B833CFD70.e.5313/value - {"text":"2292"}
COMMAND: GET /session/5410ebbca63880522c561df3b9295ec8/screenshot - {}
RESULT: {"using":"xpath","value":".//li[contains(., \"2292\") and not(.//li)]"}
COMMAND: POST /session/5410ebbca63880522c561df3b9295ec8/elements - {"using":"xpath","value":".//li[contains(., \"2292\") and not(.//li)]"}
RESULT: {}
RESULT: {"text":"2292"}
COMMAND: GET /session/5410ebbca63880522c561df3b9295ec8/screenshot - {}
RESULT: {}
RESULT: {"using":"xpath","value":".//li[contains(., \"2292\") and not(.//li)]"}
COMMAND: POST /session/5410ebbca63880522c561df3b9295ec8/element - {"using":"xpath","value":".//li[contains(., \"2292\") and not(.//li)]"}
RESULT: {}
RESULT: {"using":"xpath","value":".//li[contains(., \"2292\") and not(.//li)]"}
COMMAND: POST /session/5410ebbca63880522c561df3b9295ec8/element/f.A21AC8DC3B7A3D8172EB3983758B85EF.d.277CA6D7FCF745E49DE6F56B833CFD70.e.5537/click - {}
RESULT: {}
COMMAND: POST /session/5410ebbca63880522c561df3b9295ec8/element - {"using":"xpath","value":".//li[contains(., \"474\") and not(.//li)]"}
COMMAND: POST /session/5410ebbca63880522c561df3b9295ec8/element/f.A21AC8DC3B7A3D8172EB3983758B85EF.d.277CA6D7FCF745E49DE6F56B833CFD70.e.5532/element - {"using":"css selector","value":"input"}
COMMAND: POST /session/5410ebbca63880522c561df3b9295ec8/element/f.A21AC8DC3B7A3D8172EB3983758B85EF.d.277CA6D7FCF745E49DE6F56B833CFD70.e.5532/element - {"using":"css selector","value":"input"}
COMMAND: GET /session/5410ebbca63880522c561df3b9295ec8/screenshot - {}
RESULT: {"using":"xpath","value":".//li[contains(., \"474\") and not(.//li)]"}
RESULT: {"using":"css selector","value":"input"}
COMMAND: POST /session/5410ebbca63880522c561df3b9295ec8/element/f.A21AC8DC3B7A3D8172EB3983758B85EF.d.277CA6D7FCF745E49DE6F56B833CFD70.e.5314/clear - {}
RESULT: {"using":"css selector","value":"input"}
COMMAND: POST /session/5410ebbca63880522c561df3b9295ec8/element/f.A21AC8DC3B7A3D8172EB3983758B85EF.d.277CA6D7FCF745E49DE6F56B833CFD70.e.5314/click - {}
RESULT: {}
RESULT: {}
COMMAND: POST /session/5410ebbca63880522c561df3b9295ec8/element/f.A21AC8DC3B7A3D8172EB3983758B85EF.d.277CA6D7FCF745E49DE6F56B833CFD70.e.5314/value - {"text":"474"}
COMMAND: GET /session/5410ebbca63880522c561df3b9295ec8/screenshot - {}
RESULT: {}
COMMAND: GET /session/5410ebbca63880522c561df3b9295ec8/screenshot - {}
RESULT: {"text":"474"}
COMMAND: GET /session/5410ebbca63880522c561df3b9295ec8/screenshot - {}
COMMAND: POST /session/5410ebbca63880522c561df3b9295ec8/elements - {"using":"xpath","value":".//li[contains(., \"474\") and not(.//li)]"}
RESULT: {}
RESULT: {}
RESULT: {}
RESULT: {"using":"xpath","value":".//li[contains(., \"474\") and not(.//li)]"}
COMMAND: POST /session/5410ebbca63880522c561df3b9295ec8/element - {"using":"xpath","value":".//li[contains(., \"474\") and not(.//li)]"}
RESULT: {"using":"xpath","value":".//li[contains(., \"474\") and not(.//li)]"}
COMMAND: POST /session/5410ebbca63880522c561df3b9295ec8/element/f.A21AC8DC3B7A3D8172EB3983758B85EF.d.277CA6D7FCF745E49DE6F56B833CFD70.e.5538/click - {}
RESULT: {}
RESULT: undefined
COMMAND: POST /session/5410ebbca63880522c561df3b9295ec8/element - {"using":"xpath","value":"//*[@id=\"__button113\"]"}
COMMAND: GET /session/5410ebbca63880522c561df3b9295ec8/screenshot - {}
RESULT: {"using":"xpath","value":"//*[@id=\"__button113\"]"}
COMMAND: POST /session/5410ebbca63880522c561df3b9295ec8/element/f.A21AC8DC3B7A3D8172EB3983758B85EF.d.277CA6D7FCF745E49DE6F56B833CFD70.e.5307/click - {}
RESULT: {}
RESULT: {}
COMMAND: POST /session/5410ebbca63880522c561df3b9295ec8/elements - {"using":"css selector","value":"table tr"}
COMMAND: GET /session/5410ebbca63880522c561df3b9295ec8/screenshot - {}
RESULT: {}
RESULT: {"using":"css selector","value":"table tr"}
COMMAND: POST /session/5410ebbca63880522c561df3b9295ec8/element/f.A21AC8DC3B7A3D8172EB3983758B85EF.d.277CA6D7FCF745E49DE6F56B833CFD70.e.5548/elements - {"using":"css selector","value":"input"}
RESULT: {"using":"css selector","value":"input"}
COMMAND: POST /session/5410ebbca63880522c561df3b9295ec8/element/f.A21AC8DC3B7A3D8172EB3983758B85EF.d.277CA6D7FCF745E49DE6F56B833CFD70.e.5543/clear - {}
COMMAND: POST /session/5410ebbca63880522c561df3b9295ec8/element/f.A21AC8DC3B7A3D8172EB3983758B85EF.d.277CA6D7FCF745E49DE6F56B833CFD70.e.5541/clear - {}
COMMAND: POST /session/5410ebbca63880522c561df3b9295ec8/element/f.A21AC8DC3B7A3D8172EB3983758B85EF.d.277CA6D7FCF745E49DE6F56B833CFD70.e.5544/clear - {}
COMMAND: POST /session/5410ebbca63880522c561df3b9295ec8/element/f.A21AC8DC3B7A3D8172EB3983758B85EF.d.277CA6D7FCF745E49DE6F56B833CFD70.e.5542/clear - {}
COMMAND: POST /session/5410ebbca63880522c561df3b9295ec8/element/f.A21AC8DC3B7A3D8172EB3983758B85EF.d.277CA6D7FCF745E49DE6F56B833CFD70.e.5548/elements - {"using":"css selector","value":"td"}
RESULT: {}
COMMAND: POST /session/5410ebbca63880522c561df3b9295ec8/element/f.A21AC8DC3B7A3D8172EB3983758B85EF.d.277CA6D7FCF745E49DE6F56B833CFD70.e.5543/value - {"text":"99.5"}
COMMAND: GET /session/5410ebbca63880522c561df3b9295ec8/screenshot - {}
RESULT: {}
COMMAND: POST /session/5410ebbca63880522c561df3b9295ec8/element/f.A21AC8DC3B7A3D8172EB3983758B85EF.d.277CA6D7FCF745E49DE6F56B833CFD70.e.5541/value - {"text":"04/17/25"}
COMMAND: GET /session/5410ebbca63880522c561df3b9295ec8/screenshot - {}
RESULT: {}
COMMAND: POST /session/5410ebbca63880522c561df3b9295ec8/element/f.A21AC8DC3B7A3D8172EB3983758B85EF.d.277CA6D7FCF745E49DE6F56B833CFD70.e.5544/value - {"text":"US Dollar"}
COMMAND: GET /session/5410ebbca63880522c561df3b9295ec8/screenshot - {}
RESULT: {}
COMMAND: POST /session/5410ebbca63880522c561df3b9295ec8/element/f.A21AC8DC3B7A3D8172EB3983758B85EF.d.277CA6D7FCF745E49DE6F56B833CFD70.e.5542/value - {"text":"09/17/25"}
COMMAND: GET /session/5410ebbca63880522c561df3b9295ec8/screenshot - {}
RESULT: {"using":"css selector","value":"td"}
COMMAND: POST /session/5410ebbca63880522c561df3b9295ec8/element - {"using":"xpath","value":"(//li[div//span[contains(text(), '2292')]])[2]"}
COMMAND: POST /session/5410ebbca63880522c561df3b9295ec8/element/f.A21AC8DC3B7A3D8172EB3983758B85EF.d.277CA6D7FCF745E49DE6F56B833CFD70.e.5563/element - {"using":"css selector","value":"input"}
COMMAND: POST /session/5410ebbca63880522c561df3b9295ec8/element/f.A21AC8DC3B7A3D8172EB3983758B85EF.d.277CA6D7FCF745E49DE6F56B833CFD70.e.5563/element - {"using":"css selector","value":"input"}
RESULT: {"text":"99.5"}
COMMAND: GET /session/5410ebbca63880522c561df3b9295ec8/screenshot - {}
RESULT: {}
RESULT: {"text":"04/17/25"}
COMMAND: GET /session/5410ebbca63880522c561df3b9295ec8/screenshot - {}
RESULT: {}
RESULT: {"text":"US Dollar"}
COMMAND: GET /session/5410ebbca63880522c561df3b9295ec8/screenshot - {}
RESULT: {}
RESULT: {"text":"09/17/25"}
COMMAND: GET /session/5410ebbca63880522c561df3b9295ec8/screenshot - {}
RESULT: {}
RESULT: {"using":"xpath","value":"(//li[div//span[contains(text(), '2292')]])[2]"}
RESULT: {"using":"css selector","value":"input"}
COMMAND: POST /session/5410ebbca63880522c561df3b9295ec8/element/f.A21AC8DC3B7A3D8172EB3983758B85EF.d.277CA6D7FCF745E49DE6F56B833CFD70.e.5545/click - {}
RESULT: {"using":"css selector","value":"input"}
COMMAND: POST /session/5410ebbca63880522c561df3b9295ec8/element/f.A21AC8DC3B7A3D8172EB3983758B85EF.d.277CA6D7FCF745E49DE6F56B833CFD70.e.5545/clear - {}
RESULT: {}
RESULT: {}
RESULT: {}
RESULT: {}
RESULT: {}
COMMAND: GET /session/5410ebbca63880522c561df3b9295ec8/screenshot - {}
RESULT: {}
COMMAND: POST /session/5410ebbca63880522c561df3b9295ec8/element/f.A21AC8DC3B7A3D8172EB3983758B85EF.d.277CA6D7FCF745E49DE6F56B833CFD70.e.5545/value - {"text":"2292"}
COMMAND: GET /session/5410ebbca63880522c561df3b9295ec8/screenshot - {}
COMMAND: POST /session/5410ebbca63880522c561df3b9295ec8/elements - {"using":"xpath","value":"(//li[div//span[contains(text(), '2292')]])[2]"}
RESULT: {}
RESULT: {"text":"2292"}
COMMAND: GET /session/5410ebbca63880522c561df3b9295ec8/screenshot - {}
RESULT: {}
RESULT: {"using":"xpath","value":"(//li[div//span[contains(text(), '2292')]])[2]"}
COMMAND: POST /session/5410ebbca63880522c561df3b9295ec8/element - {"using":"xpath","value":"(//li[div//span[contains(text(), '2292')]])[2]"}
RESULT: {}
RESULT: {"using":"xpath","value":"(//li[div//span[contains(text(), '2292')]])[2]"}
COMMAND: POST /session/5410ebbca63880522c561df3b9295ec8/element/f.A21AC8DC3B7A3D8172EB3983758B85EF.d.277CA6D7FCF745E49DE6F56B833CFD70.e.5569/click - {}
RESULT: {}
COMMAND: POST /session/5410ebbca63880522c561df3b9295ec8/execute/async - {"script":"<script> [1562 bytes]","args":[{"selector":{"controlType":"sap.m.Button","viewName":"etm.portal.ui.manageconditionprice.view.DailyPrices","viewId":"application-manageconditionprice-display-component---dailyPrices","i18NText":{"propertyName":"tooltip","key":"save"},"interaction":{"idSuffix":"BDI-content"}},"wdio_ui5_key":"etmportal.ui.manageconditionprice.view.DailyPricessap.m.Button{\"propertyName\":\"tooltip\",\"key\":\"save\"}"}]}
COMMAND: GET /session/5410ebbca63880522c561df3b9295ec8/screenshot - {}
RESULT: {"script":"<script> [1562 bytes]","args":[{"selector":{"controlType":"sap.m.Button","viewName":"etm.portal.ui.manageconditionprice.view.DailyPrices","viewId":"application-manageconditionprice-display-component---dailyPrices","i18NText":{"propertyName":"tooltip","key":"save"},"interaction":{"idSuffix":"BDI-content"}},"wdio_ui5_key":"etmportal.ui.manageconditionprice.view.DailyPricessap.m.Button{\"propertyName\":\"tooltip\",\"key\":\"save\"}"}]}
RESULT: undefined
COMMAND: POST /session/5410ebbca63880522c561df3b9295ec8/element - {"using":"xpath","value":"//*[@id=\"__button115\"]"}
RESULT: {}
RESULT: {"using":"xpath","value":"//*[@id=\"__button115\"]"}
COMMAND: POST /session/5410ebbca63880522c561df3b9295ec8/element/f.A21AC8DC3B7A3D8172EB3983758B85EF.d.277CA6D7FCF745E49DE6F56B833CFD70.e.5274/click - {}
RESULT: {}
COMMAND: GET /session/5410ebbca63880522c561df3b9295ec8/screenshot - {}
RESULT: {}
]]></system-out>
    </testcase>
    <testcase classname="chrome.135_0_7049_42.windows.Edit_and_delete_daily_price_US134629_US134627" name="Should check whether the 2 rows have been added then edit one of the rows s currency and value and save and check the edited values" time="13.656">
      <system-out><![CDATA[
COMMAND: POST /session/5410ebbca63880522c561df3b9295ec8/elements - {"using":"css selector","value":"table tr"}
RESULT: {"using":"css selector","value":"table tr"}
COMMAND: POST /session/5410ebbca63880522c561df3b9295ec8/element/f.A21AC8DC3B7A3D8172EB3983758B85EF.d.277CA6D7FCF745E49DE6F56B833CFD70.e.5548/elements - {"using":"css selector","value":"td"}
RESULT: {"using":"css selector","value":"td"}
COMMAND: POST /session/5410ebbca63880522c561df3b9295ec8/element/f.A21AC8DC3B7A3D8172EB3983758B85EF.d.277CA6D7FCF745E49DE6F56B833CFD70.e.5516/elements - {"using":"css selector","value":"td"}
RESULT: {"using":"css selector","value":"td"}
COMMAND: POST /session/5410ebbca63880522c561df3b9295ec8/element/f.A21AC8DC3B7A3D8172EB3983758B85EF.d.277CA6D7FCF745E49DE6F56B833CFD70.e.5572/element - {"using":"css selector","value":".sapMObjectNumberText"}
RESULT: {"using":"css selector","value":".sapMObjectNumberText"}
COMMAND: GET /session/5410ebbca63880522c561df3b9295ec8/element/f.A21AC8DC3B7A3D8172EB3983758B85EF.d.277CA6D7FCF745E49DE6F56B833CFD70.e.5574/text - {}
RESULT: {}
COMMAND: POST /session/5410ebbca63880522c561df3b9295ec8/element/f.A21AC8DC3B7A3D8172EB3983758B85EF.d.277CA6D7FCF745E49DE6F56B833CFD70.e.5573/element - {"using":"css selector","value":".sapMObjectNumberText"}
RESULT: {"using":"css selector","value":".sapMObjectNumberText"}
COMMAND: GET /session/5410ebbca63880522c561df3b9295ec8/element/f.A21AC8DC3B7A3D8172EB3983758B85EF.d.277CA6D7FCF745E49DE6F56B833CFD70.e.5575/text - {}
RESULT: {}
RESULT: undefined
COMMAND: POST /session/5410ebbca63880522c561df3b9295ec8/element - {"using":"xpath","value":"//*[@id=\"application-manageconditionprice-display-component---dailyPrices--editBtn\"]"}
RESULT: {"using":"xpath","value":"//*[@id=\"application-manageconditionprice-display-component---dailyPrices--editBtn\"]"}
COMMAND: POST /session/5410ebbca63880522c561df3b9295ec8/element/f.A21AC8DC3B7A3D8172EB3983758B85EF.d.277CA6D7FCF745E49DE6F56B833CFD70.e.5571/click - {}
RESULT: {}
COMMAND: POST /session/5410ebbca63880522c561df3b9295ec8/elements - {"using":"css selector","value":"table tr"}
COMMAND: GET /session/5410ebbca63880522c561df3b9295ec8/screenshot - {}
RESULT: {"using":"css selector","value":"table tr"}
COMMAND: POST /session/5410ebbca63880522c561df3b9295ec8/element/f.A21AC8DC3B7A3D8172EB3983758B85EF.d.277CA6D7FCF745E49DE6F56B833CFD70.e.5548/elements - {"using":"css selector","value":"input"}
RESULT: {}
RESULT: {"using":"css selector","value":"input"}
COMMAND: POST /session/5410ebbca63880522c561df3b9295ec8/element/f.A21AC8DC3B7A3D8172EB3983758B85EF.d.277CA6D7FCF745E49DE6F56B833CFD70.e.5599/clear - {}
COMMAND: POST /session/5410ebbca63880522c561df3b9295ec8/element/f.A21AC8DC3B7A3D8172EB3983758B85EF.d.277CA6D7FCF745E49DE6F56B833CFD70.e.5600/clear - {}
RESULT: {}
COMMAND: POST /session/5410ebbca63880522c561df3b9295ec8/element/f.A21AC8DC3B7A3D8172EB3983758B85EF.d.277CA6D7FCF745E49DE6F56B833CFD70.e.5600/value - {"text":"US Dollar"}
COMMAND: GET /session/5410ebbca63880522c561df3b9295ec8/screenshot - {}
RESULT: {}
COMMAND: POST /session/5410ebbca63880522c561df3b9295ec8/element/f.A21AC8DC3B7A3D8172EB3983758B85EF.d.277CA6D7FCF745E49DE6F56B833CFD70.e.5599/value - {"text":"566.1"}
COMMAND: GET /session/5410ebbca63880522c561df3b9295ec8/screenshot - {}
RESULT: {"text":"US Dollar"}
COMMAND: GET /session/5410ebbca63880522c561df3b9295ec8/screenshot - {}
RESULT: {}
RESULT: undefined
COMMAND: POST /session/5410ebbca63880522c561df3b9295ec8/element - {"using":"xpath","value":"//*[@id=\"__button115\"]"}
RESULT: {"text":"566.1"}
COMMAND: GET /session/5410ebbca63880522c561df3b9295ec8/screenshot - {}
RESULT: {}
RESULT: {}
RESULT: {"using":"xpath","value":"//*[@id=\"__button115\"]"}
COMMAND: POST /session/5410ebbca63880522c561df3b9295ec8/element/f.A21AC8DC3B7A3D8172EB3983758B85EF.d.277CA6D7FCF745E49DE6F56B833CFD70.e.5576/click - {}
RESULT: {}
RESULT: {}
COMMAND: GET /session/5410ebbca63880522c561df3b9295ec8/screenshot - {}
RESULT: {}
COMMAND: POST /session/5410ebbca63880522c561df3b9295ec8/elements - {"using":"css selector","value":"table tr"}
RESULT: {"using":"css selector","value":"table tr"}
COMMAND: POST /session/5410ebbca63880522c561df3b9295ec8/element/f.A21AC8DC3B7A3D8172EB3983758B85EF.d.277CA6D7FCF745E49DE6F56B833CFD70.e.5548/elements - {"using":"css selector","value":"td"}
RESULT: {"using":"css selector","value":"td"}
COMMAND: POST /session/5410ebbca63880522c561df3b9295ec8/element/f.A21AC8DC3B7A3D8172EB3983758B85EF.d.277CA6D7FCF745E49DE6F56B833CFD70.e.5604/element - {"using":"css selector","value":".sapMObjectNumberText"}
RESULT: {"using":"css selector","value":".sapMObjectNumberText"}
COMMAND: GET /session/5410ebbca63880522c561df3b9295ec8/element/f.A21AC8DC3B7A3D8172EB3983758B85EF.d.277CA6D7FCF745E49DE6F56B833CFD70.e.5606/text - {}
RESULT: {}
]]></system-out>
    </testcase>
    <testcase classname="chrome.135_0_7049_42.windows.Edit_and_delete_daily_price_US134629_US134627" name="Should go into edit and delete all the rows that match the yard we have created for this scenario check if all rows deleted" time="35.416">
      <system-out><![CDATA[
RESULT: undefined
COMMAND: POST /session/5410ebbca63880522c561df3b9295ec8/element - {"using":"xpath","value":"//*[@id=\"application-manageconditionprice-display-component---dailyPrices--editBtn\"]"}
RESULT: {"using":"xpath","value":"//*[@id=\"application-manageconditionprice-display-component---dailyPrices--editBtn\"]"}
COMMAND: POST /session/5410ebbca63880522c561df3b9295ec8/element/f.A21AC8DC3B7A3D8172EB3983758B85EF.d.277CA6D7FCF745E49DE6F56B833CFD70.e.5603/click - {}
RESULT: {}
COMMAND: GET /session/5410ebbca63880522c561df3b9295ec8/screenshot - {}
RESULT: {}
COMMAND: POST /session/5410ebbca63880522c561df3b9295ec8/elements - {"using":"css selector","value":"table tr"}
RESULT: {"using":"css selector","value":"table tr"}
COMMAND: POST /session/5410ebbca63880522c561df3b9295ec8/element/f.A21AC8DC3B7A3D8172EB3983758B85EF.d.277CA6D7FCF745E49DE6F56B833CFD70.e.5317/elements - {"using":"css selector","value":"td"}
RESULT: {"using":"css selector","value":"td"}
COMMAND: POST /session/5410ebbca63880522c561df3b9295ec8/element/f.A21AC8DC3B7A3D8172EB3983758B85EF.d.277CA6D7FCF745E49DE6F56B833CFD70.e.5318/elements - {"using":"css selector","value":"td"}
RESULT: {"using":"css selector","value":"td"}
COMMAND: POST /session/5410ebbca63880522c561df3b9295ec8/element/f.A21AC8DC3B7A3D8172EB3983758B85EF.d.277CA6D7FCF745E49DE6F56B833CFD70.e.5319/elements - {"using":"css selector","value":"td"}
RESULT: {"using":"css selector","value":"td"}
COMMAND: POST /session/5410ebbca63880522c561df3b9295ec8/element/f.A21AC8DC3B7A3D8172EB3983758B85EF.d.277CA6D7FCF745E49DE6F56B833CFD70.e.5189/elements - {"using":"css selector","value":"td"}
RESULT: {"using":"css selector","value":"td"}
COMMAND: POST /session/5410ebbca63880522c561df3b9295ec8/element/f.A21AC8DC3B7A3D8172EB3983758B85EF.d.277CA6D7FCF745E49DE6F56B833CFD70.e.5190/elements - {"using":"css selector","value":"td"}
RESULT: {"using":"css selector","value":"td"}
COMMAND: POST /session/5410ebbca63880522c561df3b9295ec8/element/f.A21AC8DC3B7A3D8172EB3983758B85EF.d.277CA6D7FCF745E49DE6F56B833CFD70.e.5199/elements - {"using":"css selector","value":"td"}
RESULT: {"using":"css selector","value":"td"}
COMMAND: POST /session/5410ebbca63880522c561df3b9295ec8/element/f.A21AC8DC3B7A3D8172EB3983758B85EF.d.277CA6D7FCF745E49DE6F56B833CFD70.e.5200/elements - {"using":"css selector","value":"td"}
RESULT: {"using":"css selector","value":"td"}
COMMAND: POST /session/5410ebbca63880522c561df3b9295ec8/element/f.A21AC8DC3B7A3D8172EB3983758B85EF.d.277CA6D7FCF745E49DE6F56B833CFD70.e.5206/elements - {"using":"css selector","value":"td"}
RESULT: {"using":"css selector","value":"td"}
COMMAND: POST /session/5410ebbca63880522c561df3b9295ec8/element/f.A21AC8DC3B7A3D8172EB3983758B85EF.d.277CA6D7FCF745E49DE6F56B833CFD70.e.5207/elements - {"using":"css selector","value":"td"}
RESULT: {"using":"css selector","value":"td"}
COMMAND: POST /session/5410ebbca63880522c561df3b9295ec8/element/f.A21AC8DC3B7A3D8172EB3983758B85EF.d.277CA6D7FCF745E49DE6F56B833CFD70.e.5213/elements - {"using":"css selector","value":"td"}
RESULT: {"using":"css selector","value":"td"}
COMMAND: POST /session/5410ebbca63880522c561df3b9295ec8/element/f.A21AC8DC3B7A3D8172EB3983758B85EF.d.277CA6D7FCF745E49DE6F56B833CFD70.e.5320/elements - {"using":"css selector","value":"td"}
RESULT: {"using":"css selector","value":"td"}
COMMAND: POST /session/5410ebbca63880522c561df3b9295ec8/element/f.A21AC8DC3B7A3D8172EB3983758B85EF.d.277CA6D7FCF745E49DE6F56B833CFD70.e.5321/elements - {"using":"css selector","value":"td"}
RESULT: {"using":"css selector","value":"td"}
COMMAND: POST /session/5410ebbca63880522c561df3b9295ec8/element/f.A21AC8DC3B7A3D8172EB3983758B85EF.d.277CA6D7FCF745E49DE6F56B833CFD70.e.5322/elements - {"using":"css selector","value":"td"}
RESULT: {"using":"css selector","value":"td"}
COMMAND: POST /session/5410ebbca63880522c561df3b9295ec8/element/f.A21AC8DC3B7A3D8172EB3983758B85EF.d.277CA6D7FCF745E49DE6F56B833CFD70.e.5323/elements - {"using":"css selector","value":"td"}
RESULT: {"using":"css selector","value":"td"}
COMMAND: POST /session/5410ebbca63880522c561df3b9295ec8/element/f.A21AC8DC3B7A3D8172EB3983758B85EF.d.277CA6D7FCF745E49DE6F56B833CFD70.e.5324/elements - {"using":"css selector","value":"td"}
RESULT: {"using":"css selector","value":"td"}
COMMAND: POST /session/5410ebbca63880522c561df3b9295ec8/element/f.A21AC8DC3B7A3D8172EB3983758B85EF.d.277CA6D7FCF745E49DE6F56B833CFD70.e.5325/elements - {"using":"css selector","value":"td"}
RESULT: {"using":"css selector","value":"td"}
COMMAND: POST /session/5410ebbca63880522c561df3b9295ec8/element/f.A21AC8DC3B7A3D8172EB3983758B85EF.d.277CA6D7FCF745E49DE6F56B833CFD70.e.5326/elements - {"using":"css selector","value":"td"}
RESULT: {"using":"css selector","value":"td"}
COMMAND: POST /session/5410ebbca63880522c561df3b9295ec8/element/f.A21AC8DC3B7A3D8172EB3983758B85EF.d.277CA6D7FCF745E49DE6F56B833CFD70.e.5327/elements - {"using":"css selector","value":"td"}
RESULT: {"using":"css selector","value":"td"}
COMMAND: POST /session/5410ebbca63880522c561df3b9295ec8/element/f.A21AC8DC3B7A3D8172EB3983758B85EF.d.277CA6D7FCF745E49DE6F56B833CFD70.e.5328/elements - {"using":"css selector","value":"td"}
RESULT: {"using":"css selector","value":"td"}
COMMAND: POST /session/5410ebbca63880522c561df3b9295ec8/element/f.A21AC8DC3B7A3D8172EB3983758B85EF.d.277CA6D7FCF745E49DE6F56B833CFD70.e.5329/elements - {"using":"css selector","value":"td"}
RESULT: {"using":"css selector","value":"td"}
COMMAND: POST /session/5410ebbca63880522c561df3b9295ec8/element/f.A21AC8DC3B7A3D8172EB3983758B85EF.d.277CA6D7FCF745E49DE6F56B833CFD70.e.5330/elements - {"using":"css selector","value":"td"}
RESULT: {"using":"css selector","value":"td"}
COMMAND: POST /session/5410ebbca63880522c561df3b9295ec8/element/f.A21AC8DC3B7A3D8172EB3983758B85EF.d.277CA6D7FCF745E49DE6F56B833CFD70.e.5331/elements - {"using":"css selector","value":"td"}
RESULT: {"using":"css selector","value":"td"}
COMMAND: POST /session/5410ebbca63880522c561df3b9295ec8/element/f.A21AC8DC3B7A3D8172EB3983758B85EF.d.277CA6D7FCF745E49DE6F56B833CFD70.e.5332/elements - {"using":"css selector","value":"td"}
RESULT: {"using":"css selector","value":"td"}
COMMAND: POST /session/5410ebbca63880522c561df3b9295ec8/element/f.A21AC8DC3B7A3D8172EB3983758B85EF.d.277CA6D7FCF745E49DE6F56B833CFD70.e.5333/elements - {"using":"css selector","value":"td"}
RESULT: {"using":"css selector","value":"td"}
COMMAND: POST /session/5410ebbca63880522c561df3b9295ec8/element/f.A21AC8DC3B7A3D8172EB3983758B85EF.d.277CA6D7FCF745E49DE6F56B833CFD70.e.5334/elements - {"using":"css selector","value":"td"}
RESULT: {"using":"css selector","value":"td"}
COMMAND: POST /session/5410ebbca63880522c561df3b9295ec8/element/f.A21AC8DC3B7A3D8172EB3983758B85EF.d.277CA6D7FCF745E49DE6F56B833CFD70.e.5335/elements - {"using":"css selector","value":"td"}
RESULT: {"using":"css selector","value":"td"}
COMMAND: POST /session/5410ebbca63880522c561df3b9295ec8/element/f.A21AC8DC3B7A3D8172EB3983758B85EF.d.277CA6D7FCF745E49DE6F56B833CFD70.e.5336/elements - {"using":"css selector","value":"td"}
RESULT: {"using":"css selector","value":"td"}
COMMAND: POST /session/5410ebbca63880522c561df3b9295ec8/element/f.A21AC8DC3B7A3D8172EB3983758B85EF.d.277CA6D7FCF745E49DE6F56B833CFD70.e.5337/elements - {"using":"css selector","value":"td"}
RESULT: {"using":"css selector","value":"td"}
COMMAND: POST /session/5410ebbca63880522c561df3b9295ec8/element/f.A21AC8DC3B7A3D8172EB3983758B85EF.d.277CA6D7FCF745E49DE6F56B833CFD70.e.5338/elements - {"using":"css selector","value":"td"}
RESULT: {"using":"css selector","value":"td"}
COMMAND: POST /session/5410ebbca63880522c561df3b9295ec8/element/f.A21AC8DC3B7A3D8172EB3983758B85EF.d.277CA6D7FCF745E49DE6F56B833CFD70.e.5339/elements - {"using":"css selector","value":"td"}
RESULT: {"using":"css selector","value":"td"}
COMMAND: POST /session/5410ebbca63880522c561df3b9295ec8/element/f.A21AC8DC3B7A3D8172EB3983758B85EF.d.277CA6D7FCF745E49DE6F56B833CFD70.e.5340/elements - {"using":"css selector","value":"td"}
RESULT: {"using":"css selector","value":"td"}
COMMAND: POST /session/5410ebbca63880522c561df3b9295ec8/element/f.A21AC8DC3B7A3D8172EB3983758B85EF.d.277CA6D7FCF745E49DE6F56B833CFD70.e.5341/elements - {"using":"css selector","value":"td"}
RESULT: {"using":"css selector","value":"td"}
COMMAND: POST /session/5410ebbca63880522c561df3b9295ec8/element/f.A21AC8DC3B7A3D8172EB3983758B85EF.d.277CA6D7FCF745E49DE6F56B833CFD70.e.5342/elements - {"using":"css selector","value":"td"}
RESULT: {"using":"css selector","value":"td"}
COMMAND: POST /session/5410ebbca63880522c561df3b9295ec8/element/f.A21AC8DC3B7A3D8172EB3983758B85EF.d.277CA6D7FCF745E49DE6F56B833CFD70.e.5343/elements - {"using":"css selector","value":"td"}
RESULT: {"using":"css selector","value":"td"}
COMMAND: POST /session/5410ebbca63880522c561df3b9295ec8/element/f.A21AC8DC3B7A3D8172EB3983758B85EF.d.277CA6D7FCF745E49DE6F56B833CFD70.e.5344/elements - {"using":"css selector","value":"td"}
RESULT: {"using":"css selector","value":"td"}
COMMAND: POST /session/5410ebbca63880522c561df3b9295ec8/element/f.A21AC8DC3B7A3D8172EB3983758B85EF.d.277CA6D7FCF745E49DE6F56B833CFD70.e.5345/elements - {"using":"css selector","value":"td"}
RESULT: {"using":"css selector","value":"td"}
COMMAND: POST /session/5410ebbca63880522c561df3b9295ec8/element/f.A21AC8DC3B7A3D8172EB3983758B85EF.d.277CA6D7FCF745E49DE6F56B833CFD70.e.5346/elements - {"using":"css selector","value":"td"}
RESULT: {"using":"css selector","value":"td"}
COMMAND: POST /session/5410ebbca63880522c561df3b9295ec8/element/f.A21AC8DC3B7A3D8172EB3983758B85EF.d.277CA6D7FCF745E49DE6F56B833CFD70.e.5347/elements - {"using":"css selector","value":"td"}
RESULT: {"using":"css selector","value":"td"}
COMMAND: POST /session/5410ebbca63880522c561df3b9295ec8/element/f.A21AC8DC3B7A3D8172EB3983758B85EF.d.277CA6D7FCF745E49DE6F56B833CFD70.e.5348/elements - {"using":"css selector","value":"td"}
RESULT: {"using":"css selector","value":"td"}
COMMAND: POST /session/5410ebbca63880522c561df3b9295ec8/element/f.A21AC8DC3B7A3D8172EB3983758B85EF.d.277CA6D7FCF745E49DE6F56B833CFD70.e.5349/elements - {"using":"css selector","value":"td"}
RESULT: {"using":"css selector","value":"td"}
COMMAND: POST /session/5410ebbca63880522c561df3b9295ec8/element/f.A21AC8DC3B7A3D8172EB3983758B85EF.d.277CA6D7FCF745E49DE6F56B833CFD70.e.5350/elements - {"using":"css selector","value":"td"}
RESULT: {"using":"css selector","value":"td"}
COMMAND: POST /session/5410ebbca63880522c561df3b9295ec8/element/f.A21AC8DC3B7A3D8172EB3983758B85EF.d.277CA6D7FCF745E49DE6F56B833CFD70.e.5351/elements - {"using":"css selector","value":"td"}
RESULT: {"using":"css selector","value":"td"}
COMMAND: POST /session/5410ebbca63880522c561df3b9295ec8/element/f.A21AC8DC3B7A3D8172EB3983758B85EF.d.277CA6D7FCF745E49DE6F56B833CFD70.e.5352/elements - {"using":"css selector","value":"td"}
RESULT: {"using":"css selector","value":"td"}
COMMAND: POST /session/5410ebbca63880522c561df3b9295ec8/element/f.A21AC8DC3B7A3D8172EB3983758B85EF.d.277CA6D7FCF745E49DE6F56B833CFD70.e.5353/elements - {"using":"css selector","value":"td"}
RESULT: {"using":"css selector","value":"td"}
COMMAND: POST /session/5410ebbca63880522c561df3b9295ec8/element/f.A21AC8DC3B7A3D8172EB3983758B85EF.d.277CA6D7FCF745E49DE6F56B833CFD70.e.5354/elements - {"using":"css selector","value":"td"}
RESULT: {"using":"css selector","value":"td"}
COMMAND: POST /session/5410ebbca63880522c561df3b9295ec8/element/f.A21AC8DC3B7A3D8172EB3983758B85EF.d.277CA6D7FCF745E49DE6F56B833CFD70.e.5355/elements - {"using":"css selector","value":"td"}
RESULT: {"using":"css selector","value":"td"}
COMMAND: POST /session/5410ebbca63880522c561df3b9295ec8/element/f.A21AC8DC3B7A3D8172EB3983758B85EF.d.277CA6D7FCF745E49DE6F56B833CFD70.e.5356/elements - {"using":"css selector","value":"td"}
RESULT: {"using":"css selector","value":"td"}
COMMAND: POST /session/5410ebbca63880522c561df3b9295ec8/element/f.A21AC8DC3B7A3D8172EB3983758B85EF.d.277CA6D7FCF745E49DE6F56B833CFD70.e.5357/elements - {"using":"css selector","value":"td"}
RESULT: {"using":"css selector","value":"td"}
COMMAND: POST /session/5410ebbca63880522c561df3b9295ec8/element/f.A21AC8DC3B7A3D8172EB3983758B85EF.d.277CA6D7FCF745E49DE6F56B833CFD70.e.5358/elements - {"using":"css selector","value":"td"}
RESULT: {"using":"css selector","value":"td"}
COMMAND: POST /session/5410ebbca63880522c561df3b9295ec8/element/f.A21AC8DC3B7A3D8172EB3983758B85EF.d.277CA6D7FCF745E49DE6F56B833CFD70.e.5359/elements - {"using":"css selector","value":"td"}
RESULT: {"using":"css selector","value":"td"}
COMMAND: POST /session/5410ebbca63880522c561df3b9295ec8/element/f.A21AC8DC3B7A3D8172EB3983758B85EF.d.277CA6D7FCF745E49DE6F56B833CFD70.e.5360/elements - {"using":"css selector","value":"td"}
RESULT: {"using":"css selector","value":"td"}
COMMAND: POST /session/5410ebbca63880522c561df3b9295ec8/element/f.A21AC8DC3B7A3D8172EB3983758B85EF.d.277CA6D7FCF745E49DE6F56B833CFD70.e.5361/elements - {"using":"css selector","value":"td"}
RESULT: {"using":"css selector","value":"td"}
COMMAND: POST /session/5410ebbca63880522c561df3b9295ec8/element/f.A21AC8DC3B7A3D8172EB3983758B85EF.d.277CA6D7FCF745E49DE6F56B833CFD70.e.5362/elements - {"using":"css selector","value":"td"}
RESULT: {"using":"css selector","value":"td"}
COMMAND: POST /session/5410ebbca63880522c561df3b9295ec8/element/f.A21AC8DC3B7A3D8172EB3983758B85EF.d.277CA6D7FCF745E49DE6F56B833CFD70.e.5363/elements - {"using":"css selector","value":"td"}
RESULT: {"using":"css selector","value":"td"}
COMMAND: POST /session/5410ebbca63880522c561df3b9295ec8/element/f.A21AC8DC3B7A3D8172EB3983758B85EF.d.277CA6D7FCF745E49DE6F56B833CFD70.e.5364/elements - {"using":"css selector","value":"td"}
RESULT: {"using":"css selector","value":"td"}
COMMAND: POST /session/5410ebbca63880522c561df3b9295ec8/element/f.A21AC8DC3B7A3D8172EB3983758B85EF.d.277CA6D7FCF745E49DE6F56B833CFD70.e.5365/elements - {"using":"css selector","value":"td"}
RESULT: {"using":"css selector","value":"td"}
COMMAND: POST /session/5410ebbca63880522c561df3b9295ec8/element/f.A21AC8DC3B7A3D8172EB3983758B85EF.d.277CA6D7FCF745E49DE6F56B833CFD70.e.5366/elements - {"using":"css selector","value":"td"}
RESULT: {"using":"css selector","value":"td"}
COMMAND: POST /session/5410ebbca63880522c561df3b9295ec8/element/f.A21AC8DC3B7A3D8172EB3983758B85EF.d.277CA6D7FCF745E49DE6F56B833CFD70.e.5367/elements - {"using":"css selector","value":"td"}
RESULT: {"using":"css selector","value":"td"}
COMMAND: POST /session/5410ebbca63880522c561df3b9295ec8/element/f.A21AC8DC3B7A3D8172EB3983758B85EF.d.277CA6D7FCF745E49DE6F56B833CFD70.e.5368/elements - {"using":"css selector","value":"td"}
RESULT: {"using":"css selector","value":"td"}
COMMAND: POST /session/5410ebbca63880522c561df3b9295ec8/element/f.A21AC8DC3B7A3D8172EB3983758B85EF.d.277CA6D7FCF745E49DE6F56B833CFD70.e.5369/elements - {"using":"css selector","value":"td"}
RESULT: {"using":"css selector","value":"td"}
COMMAND: POST /session/5410ebbca63880522c561df3b9295ec8/element/f.A21AC8DC3B7A3D8172EB3983758B85EF.d.277CA6D7FCF745E49DE6F56B833CFD70.e.5370/elements - {"using":"css selector","value":"td"}
RESULT: {"using":"css selector","value":"td"}
COMMAND: POST /session/5410ebbca63880522c561df3b9295ec8/element/f.A21AC8DC3B7A3D8172EB3983758B85EF.d.277CA6D7FCF745E49DE6F56B833CFD70.e.5371/elements - {"using":"css selector","value":"td"}
RESULT: {"using":"css selector","value":"td"}
COMMAND: POST /session/5410ebbca63880522c561df3b9295ec8/element/f.A21AC8DC3B7A3D8172EB3983758B85EF.d.277CA6D7FCF745E49DE6F56B833CFD70.e.5372/elements - {"using":"css selector","value":"td"}
RESULT: {"using":"css selector","value":"td"}
COMMAND: POST /session/5410ebbca63880522c561df3b9295ec8/element/f.A21AC8DC3B7A3D8172EB3983758B85EF.d.277CA6D7FCF745E49DE6F56B833CFD70.e.5373/elements - {"using":"css selector","value":"td"}
RESULT: {"using":"css selector","value":"td"}
COMMAND: POST /session/5410ebbca63880522c561df3b9295ec8/element/f.A21AC8DC3B7A3D8172EB3983758B85EF.d.277CA6D7FCF745E49DE6F56B833CFD70.e.5374/elements - {"using":"css selector","value":"td"}
RESULT: {"using":"css selector","value":"td"}
COMMAND: POST /session/5410ebbca63880522c561df3b9295ec8/element/f.A21AC8DC3B7A3D8172EB3983758B85EF.d.277CA6D7FCF745E49DE6F56B833CFD70.e.5375/elements - {"using":"css selector","value":"td"}
RESULT: {"using":"css selector","value":"td"}
COMMAND: POST /session/5410ebbca63880522c561df3b9295ec8/element/f.A21AC8DC3B7A3D8172EB3983758B85EF.d.277CA6D7FCF745E49DE6F56B833CFD70.e.5376/elements - {"using":"css selector","value":"td"}
RESULT: {"using":"css selector","value":"td"}
COMMAND: POST /session/5410ebbca63880522c561df3b9295ec8/element/f.A21AC8DC3B7A3D8172EB3983758B85EF.d.277CA6D7FCF745E49DE6F56B833CFD70.e.5377/elements - {"using":"css selector","value":"td"}
RESULT: {"using":"css selector","value":"td"}
COMMAND: POST /session/5410ebbca63880522c561df3b9295ec8/element/f.A21AC8DC3B7A3D8172EB3983758B85EF.d.277CA6D7FCF745E49DE6F56B833CFD70.e.5378/elements - {"using":"css selector","value":"td"}
RESULT: {"using":"css selector","value":"td"}
COMMAND: POST /session/5410ebbca63880522c561df3b9295ec8/element/f.A21AC8DC3B7A3D8172EB3983758B85EF.d.277CA6D7FCF745E49DE6F56B833CFD70.e.5379/elements - {"using":"css selector","value":"td"}
RESULT: {"using":"css selector","value":"td"}
COMMAND: POST /session/5410ebbca63880522c561df3b9295ec8/element/f.A21AC8DC3B7A3D8172EB3983758B85EF.d.277CA6D7FCF745E49DE6F56B833CFD70.e.5380/elements - {"using":"css selector","value":"td"}
RESULT: {"using":"css selector","value":"td"}
COMMAND: POST /session/5410ebbca63880522c561df3b9295ec8/element/f.A21AC8DC3B7A3D8172EB3983758B85EF.d.277CA6D7FCF745E49DE6F56B833CFD70.e.5381/elements - {"using":"css selector","value":"td"}
RESULT: {"using":"css selector","value":"td"}
COMMAND: POST /session/5410ebbca63880522c561df3b9295ec8/element/f.A21AC8DC3B7A3D8172EB3983758B85EF.d.277CA6D7FCF745E49DE6F56B833CFD70.e.5382/elements - {"using":"css selector","value":"td"}
RESULT: {"using":"css selector","value":"td"}
COMMAND: POST /session/5410ebbca63880522c561df3b9295ec8/element/f.A21AC8DC3B7A3D8172EB3983758B85EF.d.277CA6D7FCF745E49DE6F56B833CFD70.e.5383/elements - {"using":"css selector","value":"td"}
RESULT: {"using":"css selector","value":"td"}
COMMAND: POST /session/5410ebbca63880522c561df3b9295ec8/element/f.A21AC8DC3B7A3D8172EB3983758B85EF.d.277CA6D7FCF745E49DE6F56B833CFD70.e.5384/elements - {"using":"css selector","value":"td"}
RESULT: {"using":"css selector","value":"td"}
COMMAND: POST /session/5410ebbca63880522c561df3b9295ec8/element/f.A21AC8DC3B7A3D8172EB3983758B85EF.d.277CA6D7FCF745E49DE6F56B833CFD70.e.5385/elements - {"using":"css selector","value":"td"}
RESULT: {"using":"css selector","value":"td"}
COMMAND: POST /session/5410ebbca63880522c561df3b9295ec8/element/f.A21AC8DC3B7A3D8172EB3983758B85EF.d.277CA6D7FCF745E49DE6F56B833CFD70.e.5386/elements - {"using":"css selector","value":"td"}
RESULT: {"using":"css selector","value":"td"}
COMMAND: POST /session/5410ebbca63880522c561df3b9295ec8/element/f.A21AC8DC3B7A3D8172EB3983758B85EF.d.277CA6D7FCF745E49DE6F56B833CFD70.e.5387/elements - {"using":"css selector","value":"td"}
RESULT: {"using":"css selector","value":"td"}
COMMAND: POST /session/5410ebbca63880522c561df3b9295ec8/element/f.A21AC8DC3B7A3D8172EB3983758B85EF.d.277CA6D7FCF745E49DE6F56B833CFD70.e.5388/elements - {"using":"css selector","value":"td"}
RESULT: {"using":"css selector","value":"td"}
COMMAND: POST /session/5410ebbca63880522c561df3b9295ec8/element/f.A21AC8DC3B7A3D8172EB3983758B85EF.d.277CA6D7FCF745E49DE6F56B833CFD70.e.5389/elements - {"using":"css selector","value":"td"}
RESULT: {"using":"css selector","value":"td"}
COMMAND: POST /session/5410ebbca63880522c561df3b9295ec8/element/f.A21AC8DC3B7A3D8172EB3983758B85EF.d.277CA6D7FCF745E49DE6F56B833CFD70.e.5390/elements - {"using":"css selector","value":"td"}
RESULT: {"using":"css selector","value":"td"}
COMMAND: POST /session/5410ebbca63880522c561df3b9295ec8/element/f.A21AC8DC3B7A3D8172EB3983758B85EF.d.277CA6D7FCF745E49DE6F56B833CFD70.e.5391/elements - {"using":"css selector","value":"td"}
RESULT: {"using":"css selector","value":"td"}
COMMAND: POST /session/5410ebbca63880522c561df3b9295ec8/element/f.A21AC8DC3B7A3D8172EB3983758B85EF.d.277CA6D7FCF745E49DE6F56B833CFD70.e.5392/elements - {"using":"css selector","value":"td"}
RESULT: {"using":"css selector","value":"td"}
COMMAND: POST /session/5410ebbca63880522c561df3b9295ec8/element/f.A21AC8DC3B7A3D8172EB3983758B85EF.d.277CA6D7FCF745E49DE6F56B833CFD70.e.5393/elements - {"using":"css selector","value":"td"}
RESULT: {"using":"css selector","value":"td"}
COMMAND: POST /session/5410ebbca63880522c561df3b9295ec8/element/f.A21AC8DC3B7A3D8172EB3983758B85EF.d.277CA6D7FCF745E49DE6F56B833CFD70.e.5394/elements - {"using":"css selector","value":"td"}
RESULT: {"using":"css selector","value":"td"}
COMMAND: POST /session/5410ebbca63880522c561df3b9295ec8/element/f.A21AC8DC3B7A3D8172EB3983758B85EF.d.277CA6D7FCF745E49DE6F56B833CFD70.e.5395/elements - {"using":"css selector","value":"td"}
RESULT: {"using":"css selector","value":"td"}
COMMAND: POST /session/5410ebbca63880522c561df3b9295ec8/element/f.A21AC8DC3B7A3D8172EB3983758B85EF.d.277CA6D7FCF745E49DE6F56B833CFD70.e.5396/elements - {"using":"css selector","value":"td"}
RESULT: {"using":"css selector","value":"td"}
COMMAND: POST /session/5410ebbca63880522c561df3b9295ec8/element/f.A21AC8DC3B7A3D8172EB3983758B85EF.d.277CA6D7FCF745E49DE6F56B833CFD70.e.5397/elements - {"using":"css selector","value":"td"}
RESULT: {"using":"css selector","value":"td"}
COMMAND: POST /session/5410ebbca63880522c561df3b9295ec8/element/f.A21AC8DC3B7A3D8172EB3983758B85EF.d.277CA6D7FCF745E49DE6F56B833CFD70.e.5398/elements - {"using":"css selector","value":"td"}
RESULT: {"using":"css selector","value":"td"}
COMMAND: POST /session/5410ebbca63880522c561df3b9295ec8/element/f.A21AC8DC3B7A3D8172EB3983758B85EF.d.277CA6D7FCF745E49DE6F56B833CFD70.e.5399/elements - {"using":"css selector","value":"td"}
RESULT: {"using":"css selector","value":"td"}
COMMAND: POST /session/5410ebbca63880522c561df3b9295ec8/element/f.A21AC8DC3B7A3D8172EB3983758B85EF.d.277CA6D7FCF745E49DE6F56B833CFD70.e.5400/elements - {"using":"css selector","value":"td"}
RESULT: {"using":"css selector","value":"td"}
COMMAND: POST /session/5410ebbca63880522c561df3b9295ec8/element/f.A21AC8DC3B7A3D8172EB3983758B85EF.d.277CA6D7FCF745E49DE6F56B833CFD70.e.5401/elements - {"using":"css selector","value":"td"}
RESULT: {"using":"css selector","value":"td"}
COMMAND: POST /session/5410ebbca63880522c561df3b9295ec8/element/f.A21AC8DC3B7A3D8172EB3983758B85EF.d.277CA6D7FCF745E49DE6F56B833CFD70.e.5402/elements - {"using":"css selector","value":"td"}
RESULT: {"using":"css selector","value":"td"}
COMMAND: POST /session/5410ebbca63880522c561df3b9295ec8/element/f.A21AC8DC3B7A3D8172EB3983758B85EF.d.277CA6D7FCF745E49DE6F56B833CFD70.e.5403/elements - {"using":"css selector","value":"td"}
RESULT: {"using":"css selector","value":"td"}
COMMAND: POST /session/5410ebbca63880522c561df3b9295ec8/element/f.A21AC8DC3B7A3D8172EB3983758B85EF.d.277CA6D7FCF745E49DE6F56B833CFD70.e.5404/elements - {"using":"css selector","value":"td"}
RESULT: {"using":"css selector","value":"td"}
COMMAND: POST /session/5410ebbca63880522c561df3b9295ec8/element/f.A21AC8DC3B7A3D8172EB3983758B85EF.d.277CA6D7FCF745E49DE6F56B833CFD70.e.5405/elements - {"using":"css selector","value":"td"}
RESULT: {"using":"css selector","value":"td"}
COMMAND: POST /session/5410ebbca63880522c561df3b9295ec8/element/f.A21AC8DC3B7A3D8172EB3983758B85EF.d.277CA6D7FCF745E49DE6F56B833CFD70.e.5406/elements - {"using":"css selector","value":"td"}
RESULT: {"using":"css selector","value":"td"}
COMMAND: POST /session/5410ebbca63880522c561df3b9295ec8/element/f.A21AC8DC3B7A3D8172EB3983758B85EF.d.277CA6D7FCF745E49DE6F56B833CFD70.e.5407/elements - {"using":"css selector","value":"td"}
RESULT: {"using":"css selector","value":"td"}
COMMAND: POST /session/5410ebbca63880522c561df3b9295ec8/element/f.A21AC8DC3B7A3D8172EB3983758B85EF.d.277CA6D7FCF745E49DE6F56B833CFD70.e.5408/elements - {"using":"css selector","value":"td"}
RESULT: {"using":"css selector","value":"td"}
COMMAND: POST /session/5410ebbca63880522c561df3b9295ec8/element/f.A21AC8DC3B7A3D8172EB3983758B85EF.d.277CA6D7FCF745E49DE6F56B833CFD70.e.5409/elements - {"using":"css selector","value":"td"}
RESULT: {"using":"css selector","value":"td"}
COMMAND: POST /session/5410ebbca63880522c561df3b9295ec8/element/f.A21AC8DC3B7A3D8172EB3983758B85EF.d.277CA6D7FCF745E49DE6F56B833CFD70.e.5410/elements - {"using":"css selector","value":"td"}
RESULT: {"using":"css selector","value":"td"}
COMMAND: POST /session/5410ebbca63880522c561df3b9295ec8/element/f.A21AC8DC3B7A3D8172EB3983758B85EF.d.277CA6D7FCF745E49DE6F56B833CFD70.e.5411/elements - {"using":"css selector","value":"td"}
RESULT: {"using":"css selector","value":"td"}
COMMAND: POST /session/5410ebbca63880522c561df3b9295ec8/element/f.A21AC8DC3B7A3D8172EB3983758B85EF.d.277CA6D7FCF745E49DE6F56B833CFD70.e.5412/elements - {"using":"css selector","value":"td"}
RESULT: {"using":"css selector","value":"td"}
COMMAND: POST /session/5410ebbca63880522c561df3b9295ec8/element/f.A21AC8DC3B7A3D8172EB3983758B85EF.d.277CA6D7FCF745E49DE6F56B833CFD70.e.5413/elements - {"using":"css selector","value":"td"}
RESULT: {"using":"css selector","value":"td"}
COMMAND: POST /session/5410ebbca63880522c561df3b9295ec8/element/f.A21AC8DC3B7A3D8172EB3983758B85EF.d.277CA6D7FCF745E49DE6F56B833CFD70.e.5414/elements - {"using":"css selector","value":"td"}
RESULT: {"using":"css selector","value":"td"}
COMMAND: POST /session/5410ebbca63880522c561df3b9295ec8/element/f.A21AC8DC3B7A3D8172EB3983758B85EF.d.277CA6D7FCF745E49DE6F56B833CFD70.e.5415/elements - {"using":"css selector","value":"td"}
RESULT: {"using":"css selector","value":"td"}
COMMAND: POST /session/5410ebbca63880522c561df3b9295ec8/element/f.A21AC8DC3B7A3D8172EB3983758B85EF.d.277CA6D7FCF745E49DE6F56B833CFD70.e.5416/elements - {"using":"css selector","value":"td"}
RESULT: {"using":"css selector","value":"td"}
COMMAND: POST /session/5410ebbca63880522c561df3b9295ec8/element/f.A21AC8DC3B7A3D8172EB3983758B85EF.d.277CA6D7FCF745E49DE6F56B833CFD70.e.5417/elements - {"using":"css selector","value":"td"}
RESULT: {"using":"css selector","value":"td"}
COMMAND: POST /session/5410ebbca63880522c561df3b9295ec8/element/f.A21AC8DC3B7A3D8172EB3983758B85EF.d.277CA6D7FCF745E49DE6F56B833CFD70.e.5418/elements - {"using":"css selector","value":"td"}
RESULT: {"using":"css selector","value":"td"}
COMMAND: POST /session/5410ebbca63880522c561df3b9295ec8/element/f.A21AC8DC3B7A3D8172EB3983758B85EF.d.277CA6D7FCF745E49DE6F56B833CFD70.e.5419/elements - {"using":"css selector","value":"td"}
RESULT: {"using":"css selector","value":"td"}
COMMAND: POST /session/5410ebbca63880522c561df3b9295ec8/element/f.A21AC8DC3B7A3D8172EB3983758B85EF.d.277CA6D7FCF745E49DE6F56B833CFD70.e.5420/elements - {"using":"css selector","value":"td"}
RESULT: {"using":"css selector","value":"td"}
COMMAND: POST /session/5410ebbca63880522c561df3b9295ec8/element/f.A21AC8DC3B7A3D8172EB3983758B85EF.d.277CA6D7FCF745E49DE6F56B833CFD70.e.5421/elements - {"using":"css selector","value":"td"}
RESULT: {"using":"css selector","value":"td"}
COMMAND: POST /session/5410ebbca63880522c561df3b9295ec8/element/f.A21AC8DC3B7A3D8172EB3983758B85EF.d.277CA6D7FCF745E49DE6F56B833CFD70.e.5422/elements - {"using":"css selector","value":"td"}
RESULT: {"using":"css selector","value":"td"}
COMMAND: POST /session/5410ebbca63880522c561df3b9295ec8/element/f.A21AC8DC3B7A3D8172EB3983758B85EF.d.277CA6D7FCF745E49DE6F56B833CFD70.e.5423/elements - {"using":"css selector","value":"td"}
RESULT: {"using":"css selector","value":"td"}
COMMAND: POST /session/5410ebbca63880522c561df3b9295ec8/element/f.A21AC8DC3B7A3D8172EB3983758B85EF.d.277CA6D7FCF745E49DE6F56B833CFD70.e.5424/elements - {"using":"css selector","value":"td"}
RESULT: {"using":"css selector","value":"td"}
COMMAND: POST /session/5410ebbca63880522c561df3b9295ec8/element/f.A21AC8DC3B7A3D8172EB3983758B85EF.d.277CA6D7FCF745E49DE6F56B833CFD70.e.5425/elements - {"using":"css selector","value":"td"}
RESULT: {"using":"css selector","value":"td"}
COMMAND: POST /session/5410ebbca63880522c561df3b9295ec8/element/f.A21AC8DC3B7A3D8172EB3983758B85EF.d.277CA6D7FCF745E49DE6F56B833CFD70.e.5426/elements - {"using":"css selector","value":"td"}
RESULT: {"using":"css selector","value":"td"}
COMMAND: POST /session/5410ebbca63880522c561df3b9295ec8/element/f.A21AC8DC3B7A3D8172EB3983758B85EF.d.277CA6D7FCF745E49DE6F56B833CFD70.e.5427/elements - {"using":"css selector","value":"td"}
RESULT: {"using":"css selector","value":"td"}
COMMAND: POST /session/5410ebbca63880522c561df3b9295ec8/element/f.A21AC8DC3B7A3D8172EB3983758B85EF.d.277CA6D7FCF745E49DE6F56B833CFD70.e.5428/elements - {"using":"css selector","value":"td"}
RESULT: {"using":"css selector","value":"td"}
COMMAND: POST /session/5410ebbca63880522c561df3b9295ec8/element/f.A21AC8DC3B7A3D8172EB3983758B85EF.d.277CA6D7FCF745E49DE6F56B833CFD70.e.5429/elements - {"using":"css selector","value":"td"}
RESULT: {"using":"css selector","value":"td"}
COMMAND: POST /session/5410ebbca63880522c561df3b9295ec8/element/f.A21AC8DC3B7A3D8172EB3983758B85EF.d.277CA6D7FCF745E49DE6F56B833CFD70.e.5430/elements - {"using":"css selector","value":"td"}
RESULT: {"using":"css selector","value":"td"}
COMMAND: POST /session/5410ebbca63880522c561df3b9295ec8/element/f.A21AC8DC3B7A3D8172EB3983758B85EF.d.277CA6D7FCF745E49DE6F56B833CFD70.e.5431/elements - {"using":"css selector","value":"td"}
RESULT: {"using":"css selector","value":"td"}
COMMAND: POST /session/5410ebbca63880522c561df3b9295ec8/element/f.A21AC8DC3B7A3D8172EB3983758B85EF.d.277CA6D7FCF745E49DE6F56B833CFD70.e.5432/elements - {"using":"css selector","value":"td"}
RESULT: {"using":"css selector","value":"td"}
COMMAND: POST /session/5410ebbca63880522c561df3b9295ec8/element/f.A21AC8DC3B7A3D8172EB3983758B85EF.d.277CA6D7FCF745E49DE6F56B833CFD70.e.5433/elements - {"using":"css selector","value":"td"}
RESULT: {"using":"css selector","value":"td"}
COMMAND: POST /session/5410ebbca63880522c561df3b9295ec8/element/f.A21AC8DC3B7A3D8172EB3983758B85EF.d.277CA6D7FCF745E49DE6F56B833CFD70.e.5434/elements - {"using":"css selector","value":"td"}
RESULT: {"using":"css selector","value":"td"}
COMMAND: POST /session/5410ebbca63880522c561df3b9295ec8/element/f.A21AC8DC3B7A3D8172EB3983758B85EF.d.277CA6D7FCF745E49DE6F56B833CFD70.e.5435/elements - {"using":"css selector","value":"td"}
RESULT: {"using":"css selector","value":"td"}
COMMAND: POST /session/5410ebbca63880522c561df3b9295ec8/element/f.A21AC8DC3B7A3D8172EB3983758B85EF.d.277CA6D7FCF745E49DE6F56B833CFD70.e.5436/elements - {"using":"css selector","value":"td"}
RESULT: {"using":"css selector","value":"td"}
COMMAND: POST /session/5410ebbca63880522c561df3b9295ec8/element/f.A21AC8DC3B7A3D8172EB3983758B85EF.d.277CA6D7FCF745E49DE6F56B833CFD70.e.5437/elements - {"using":"css selector","value":"td"}
RESULT: {"using":"css selector","value":"td"}
COMMAND: POST /session/5410ebbca63880522c561df3b9295ec8/element/f.A21AC8DC3B7A3D8172EB3983758B85EF.d.277CA6D7FCF745E49DE6F56B833CFD70.e.5438/elements - {"using":"css selector","value":"td"}
RESULT: {"using":"css selector","value":"td"}
COMMAND: POST /session/5410ebbca63880522c561df3b9295ec8/element/f.A21AC8DC3B7A3D8172EB3983758B85EF.d.277CA6D7FCF745E49DE6F56B833CFD70.e.5439/elements - {"using":"css selector","value":"td"}
RESULT: {"using":"css selector","value":"td"}
COMMAND: POST /session/5410ebbca63880522c561df3b9295ec8/element/f.A21AC8DC3B7A3D8172EB3983758B85EF.d.277CA6D7FCF745E49DE6F56B833CFD70.e.5440/elements - {"using":"css selector","value":"td"}
RESULT: {"using":"css selector","value":"td"}
COMMAND: POST /session/5410ebbca63880522c561df3b9295ec8/element/f.A21AC8DC3B7A3D8172EB3983758B85EF.d.277CA6D7FCF745E49DE6F56B833CFD70.e.5441/elements - {"using":"css selector","value":"td"}
RESULT: {"using":"css selector","value":"td"}
COMMAND: POST /session/5410ebbca63880522c561df3b9295ec8/element/f.A21AC8DC3B7A3D8172EB3983758B85EF.d.277CA6D7FCF745E49DE6F56B833CFD70.e.5442/elements - {"using":"css selector","value":"td"}
RESULT: {"using":"css selector","value":"td"}
COMMAND: POST /session/5410ebbca63880522c561df3b9295ec8/element/f.A21AC8DC3B7A3D8172EB3983758B85EF.d.277CA6D7FCF745E49DE6F56B833CFD70.e.5443/elements - {"using":"css selector","value":"td"}
RESULT: {"using":"css selector","value":"td"}
COMMAND: POST /session/5410ebbca63880522c561df3b9295ec8/element/f.A21AC8DC3B7A3D8172EB3983758B85EF.d.277CA6D7FCF745E49DE6F56B833CFD70.e.5444/elements - {"using":"css selector","value":"td"}
RESULT: {"using":"css selector","value":"td"}
COMMAND: POST /session/5410ebbca63880522c561df3b9295ec8/element/f.A21AC8DC3B7A3D8172EB3983758B85EF.d.277CA6D7FCF745E49DE6F56B833CFD70.e.5445/elements - {"using":"css selector","value":"td"}
RESULT: {"using":"css selector","value":"td"}
COMMAND: POST /session/5410ebbca63880522c561df3b9295ec8/element/f.A21AC8DC3B7A3D8172EB3983758B85EF.d.277CA6D7FCF745E49DE6F56B833CFD70.e.5446/elements - {"using":"css selector","value":"td"}
RESULT: {"using":"css selector","value":"td"}
COMMAND: POST /session/5410ebbca63880522c561df3b9295ec8/element/f.A21AC8DC3B7A3D8172EB3983758B85EF.d.277CA6D7FCF745E49DE6F56B833CFD70.e.5447/elements - {"using":"css selector","value":"td"}
RESULT: {"using":"css selector","value":"td"}
COMMAND: POST /session/5410ebbca63880522c561df3b9295ec8/element/f.A21AC8DC3B7A3D8172EB3983758B85EF.d.277CA6D7FCF745E49DE6F56B833CFD70.e.5448/elements - {"using":"css selector","value":"td"}
RESULT: {"using":"css selector","value":"td"}
COMMAND: POST /session/5410ebbca63880522c561df3b9295ec8/element/f.A21AC8DC3B7A3D8172EB3983758B85EF.d.277CA6D7FCF745E49DE6F56B833CFD70.e.5449/elements - {"using":"css selector","value":"td"}
RESULT: {"using":"css selector","value":"td"}
COMMAND: POST /session/5410ebbca63880522c561df3b9295ec8/element/f.A21AC8DC3B7A3D8172EB3983758B85EF.d.277CA6D7FCF745E49DE6F56B833CFD70.e.5450/elements - {"using":"css selector","value":"td"}
RESULT: {"using":"css selector","value":"td"}
COMMAND: POST /session/5410ebbca63880522c561df3b9295ec8/element/f.A21AC8DC3B7A3D8172EB3983758B85EF.d.277CA6D7FCF745E49DE6F56B833CFD70.e.5451/elements - {"using":"css selector","value":"td"}
RESULT: {"using":"css selector","value":"td"}
COMMAND: POST /session/5410ebbca63880522c561df3b9295ec8/element/f.A21AC8DC3B7A3D8172EB3983758B85EF.d.277CA6D7FCF745E49DE6F56B833CFD70.e.5452/elements - {"using":"css selector","value":"td"}
RESULT: {"using":"css selector","value":"td"}
COMMAND: POST /session/5410ebbca63880522c561df3b9295ec8/element/f.A21AC8DC3B7A3D8172EB3983758B85EF.d.277CA6D7FCF745E49DE6F56B833CFD70.e.5453/elements - {"using":"css selector","value":"td"}
RESULT: {"using":"css selector","value":"td"}
COMMAND: POST /session/5410ebbca63880522c561df3b9295ec8/element/f.A21AC8DC3B7A3D8172EB3983758B85EF.d.277CA6D7FCF745E49DE6F56B833CFD70.e.5454/elements - {"using":"css selector","value":"td"}
RESULT: {"using":"css selector","value":"td"}
COMMAND: POST /session/5410ebbca63880522c561df3b9295ec8/element/f.A21AC8DC3B7A3D8172EB3983758B85EF.d.277CA6D7FCF745E49DE6F56B833CFD70.e.5455/elements - {"using":"css selector","value":"td"}
RESULT: {"using":"css selector","value":"td"}
COMMAND: POST /session/5410ebbca63880522c561df3b9295ec8/element/f.A21AC8DC3B7A3D8172EB3983758B85EF.d.277CA6D7FCF745E49DE6F56B833CFD70.e.5456/elements - {"using":"css selector","value":"td"}
RESULT: {"using":"css selector","value":"td"}
COMMAND: POST /session/5410ebbca63880522c561df3b9295ec8/element/f.A21AC8DC3B7A3D8172EB3983758B85EF.d.277CA6D7FCF745E49DE6F56B833CFD70.e.5457/elements - {"using":"css selector","value":"td"}
RESULT: {"using":"css selector","value":"td"}
COMMAND: POST /session/5410ebbca63880522c561df3b9295ec8/element/f.A21AC8DC3B7A3D8172EB3983758B85EF.d.277CA6D7FCF745E49DE6F56B833CFD70.e.5458/elements - {"using":"css selector","value":"td"}
RESULT: {"using":"css selector","value":"td"}
COMMAND: POST /session/5410ebbca63880522c561df3b9295ec8/element/f.A21AC8DC3B7A3D8172EB3983758B85EF.d.277CA6D7FCF745E49DE6F56B833CFD70.e.5459/elements - {"using":"css selector","value":"td"}
RESULT: {"using":"css selector","value":"td"}
COMMAND: POST /session/5410ebbca63880522c561df3b9295ec8/element/f.A21AC8DC3B7A3D8172EB3983758B85EF.d.277CA6D7FCF745E49DE6F56B833CFD70.e.5460/elements - {"using":"css selector","value":"td"}
RESULT: {"using":"css selector","value":"td"}
COMMAND: POST /session/5410ebbca63880522c561df3b9295ec8/element/f.A21AC8DC3B7A3D8172EB3983758B85EF.d.277CA6D7FCF745E49DE6F56B833CFD70.e.5461/elements - {"using":"css selector","value":"td"}
RESULT: {"using":"css selector","value":"td"}
COMMAND: POST /session/5410ebbca63880522c561df3b9295ec8/element/f.A21AC8DC3B7A3D8172EB3983758B85EF.d.277CA6D7FCF745E49DE6F56B833CFD70.e.5462/elements - {"using":"css selector","value":"td"}
RESULT: {"using":"css selector","value":"td"}
COMMAND: POST /session/5410ebbca63880522c561df3b9295ec8/element/f.A21AC8DC3B7A3D8172EB3983758B85EF.d.277CA6D7FCF745E49DE6F56B833CFD70.e.5463/elements - {"using":"css selector","value":"td"}
RESULT: {"using":"css selector","value":"td"}
COMMAND: POST /session/5410ebbca63880522c561df3b9295ec8/element/f.A21AC8DC3B7A3D8172EB3983758B85EF.d.277CA6D7FCF745E49DE6F56B833CFD70.e.5464/elements - {"using":"css selector","value":"td"}
RESULT: {"using":"css selector","value":"td"}
COMMAND: POST /session/5410ebbca63880522c561df3b9295ec8/element/f.A21AC8DC3B7A3D8172EB3983758B85EF.d.277CA6D7FCF745E49DE6F56B833CFD70.e.5465/elements - {"using":"css selector","value":"td"}
RESULT: {"using":"css selector","value":"td"}
COMMAND: POST /session/5410ebbca63880522c561df3b9295ec8/element/f.A21AC8DC3B7A3D8172EB3983758B85EF.d.277CA6D7FCF745E49DE6F56B833CFD70.e.5466/elements - {"using":"css selector","value":"td"}
RESULT: {"using":"css selector","value":"td"}
COMMAND: POST /session/5410ebbca63880522c561df3b9295ec8/element/f.A21AC8DC3B7A3D8172EB3983758B85EF.d.277CA6D7FCF745E49DE6F56B833CFD70.e.5467/elements - {"using":"css selector","value":"td"}
RESULT: {"using":"css selector","value":"td"}
COMMAND: POST /session/5410ebbca63880522c561df3b9295ec8/element/f.A21AC8DC3B7A3D8172EB3983758B85EF.d.277CA6D7FCF745E49DE6F56B833CFD70.e.5468/elements - {"using":"css selector","value":"td"}
RESULT: {"using":"css selector","value":"td"}
COMMAND: POST /session/5410ebbca63880522c561df3b9295ec8/element/f.A21AC8DC3B7A3D8172EB3983758B85EF.d.277CA6D7FCF745E49DE6F56B833CFD70.e.5469/elements - {"using":"css selector","value":"td"}
RESULT: {"using":"css selector","value":"td"}
COMMAND: POST /session/5410ebbca63880522c561df3b9295ec8/element/f.A21AC8DC3B7A3D8172EB3983758B85EF.d.277CA6D7FCF745E49DE6F56B833CFD70.e.5470/elements - {"using":"css selector","value":"td"}
RESULT: {"using":"css selector","value":"td"}
COMMAND: POST /session/5410ebbca63880522c561df3b9295ec8/element/f.A21AC8DC3B7A3D8172EB3983758B85EF.d.277CA6D7FCF745E49DE6F56B833CFD70.e.5471/elements - {"using":"css selector","value":"td"}
RESULT: {"using":"css selector","value":"td"}
COMMAND: POST /session/5410ebbca63880522c561df3b9295ec8/element/f.A21AC8DC3B7A3D8172EB3983758B85EF.d.277CA6D7FCF745E49DE6F56B833CFD70.e.5472/elements - {"using":"css selector","value":"td"}
RESULT: {"using":"css selector","value":"td"}
COMMAND: POST /session/5410ebbca63880522c561df3b9295ec8/element/f.A21AC8DC3B7A3D8172EB3983758B85EF.d.277CA6D7FCF745E49DE6F56B833CFD70.e.5473/elements - {"using":"css selector","value":"td"}
RESULT: {"using":"css selector","value":"td"}
COMMAND: POST /session/5410ebbca63880522c561df3b9295ec8/element/f.A21AC8DC3B7A3D8172EB3983758B85EF.d.277CA6D7FCF745E49DE6F56B833CFD70.e.5474/elements - {"using":"css selector","value":"td"}
RESULT: {"using":"css selector","value":"td"}
COMMAND: POST /session/5410ebbca63880522c561df3b9295ec8/element/f.A21AC8DC3B7A3D8172EB3983758B85EF.d.277CA6D7FCF745E49DE6F56B833CFD70.e.5475/elements - {"using":"css selector","value":"td"}
RESULT: {"using":"css selector","value":"td"}
COMMAND: POST /session/5410ebbca63880522c561df3b9295ec8/element/f.A21AC8DC3B7A3D8172EB3983758B85EF.d.277CA6D7FCF745E49DE6F56B833CFD70.e.5476/elements - {"using":"css selector","value":"td"}
RESULT: {"using":"css selector","value":"td"}
COMMAND: POST /session/5410ebbca63880522c561df3b9295ec8/element/f.A21AC8DC3B7A3D8172EB3983758B85EF.d.277CA6D7FCF745E49DE6F56B833CFD70.e.5477/elements - {"using":"css selector","value":"td"}
RESULT: {"using":"css selector","value":"td"}
COMMAND: POST /session/5410ebbca63880522c561df3b9295ec8/element/f.A21AC8DC3B7A3D8172EB3983758B85EF.d.277CA6D7FCF745E49DE6F56B833CFD70.e.5478/elements - {"using":"css selector","value":"td"}
RESULT: {"using":"css selector","value":"td"}
COMMAND: POST /session/5410ebbca63880522c561df3b9295ec8/element/f.A21AC8DC3B7A3D8172EB3983758B85EF.d.277CA6D7FCF745E49DE6F56B833CFD70.e.5479/elements - {"using":"css selector","value":"td"}
RESULT: {"using":"css selector","value":"td"}
COMMAND: POST /session/5410ebbca63880522c561df3b9295ec8/element/f.A21AC8DC3B7A3D8172EB3983758B85EF.d.277CA6D7FCF745E49DE6F56B833CFD70.e.5480/elements - {"using":"css selector","value":"td"}
RESULT: {"using":"css selector","value":"td"}
COMMAND: POST /session/5410ebbca63880522c561df3b9295ec8/element/f.A21AC8DC3B7A3D8172EB3983758B85EF.d.277CA6D7FCF745E49DE6F56B833CFD70.e.5481/elements - {"using":"css selector","value":"td"}
RESULT: {"using":"css selector","value":"td"}
COMMAND: POST /session/5410ebbca63880522c561df3b9295ec8/element/f.A21AC8DC3B7A3D8172EB3983758B85EF.d.277CA6D7FCF745E49DE6F56B833CFD70.e.5482/elements - {"using":"css selector","value":"td"}
RESULT: {"using":"css selector","value":"td"}
COMMAND: POST /session/5410ebbca63880522c561df3b9295ec8/element/f.A21AC8DC3B7A3D8172EB3983758B85EF.d.277CA6D7FCF745E49DE6F56B833CFD70.e.5483/elements - {"using":"css selector","value":"td"}
RESULT: {"using":"css selector","value":"td"}
COMMAND: POST /session/5410ebbca63880522c561df3b9295ec8/element/f.A21AC8DC3B7A3D8172EB3983758B85EF.d.277CA6D7FCF745E49DE6F56B833CFD70.e.5484/elements - {"using":"css selector","value":"td"}
RESULT: {"using":"css selector","value":"td"}
COMMAND: POST /session/5410ebbca63880522c561df3b9295ec8/element/f.A21AC8DC3B7A3D8172EB3983758B85EF.d.277CA6D7FCF745E49DE6F56B833CFD70.e.5485/elements - {"using":"css selector","value":"td"}
RESULT: {"using":"css selector","value":"td"}
COMMAND: POST /session/5410ebbca63880522c561df3b9295ec8/element/f.A21AC8DC3B7A3D8172EB3983758B85EF.d.277CA6D7FCF745E49DE6F56B833CFD70.e.5486/elements - {"using":"css selector","value":"td"}
RESULT: {"using":"css selector","value":"td"}
COMMAND: POST /session/5410ebbca63880522c561df3b9295ec8/element/f.A21AC8DC3B7A3D8172EB3983758B85EF.d.277CA6D7FCF745E49DE6F56B833CFD70.e.5487/elements - {"using":"css selector","value":"td"}
RESULT: {"using":"css selector","value":"td"}
COMMAND: POST /session/5410ebbca63880522c561df3b9295ec8/element/f.A21AC8DC3B7A3D8172EB3983758B85EF.d.277CA6D7FCF745E49DE6F56B833CFD70.e.5488/elements - {"using":"css selector","value":"td"}
RESULT: {"using":"css selector","value":"td"}
COMMAND: POST /session/5410ebbca63880522c561df3b9295ec8/element/f.A21AC8DC3B7A3D8172EB3983758B85EF.d.277CA6D7FCF745E49DE6F56B833CFD70.e.5489/elements - {"using":"css selector","value":"td"}
RESULT: {"using":"css selector","value":"td"}
COMMAND: POST /session/5410ebbca63880522c561df3b9295ec8/element/f.A21AC8DC3B7A3D8172EB3983758B85EF.d.277CA6D7FCF745E49DE6F56B833CFD70.e.5490/elements - {"using":"css selector","value":"td"}
RESULT: {"using":"css selector","value":"td"}
COMMAND: POST /session/5410ebbca63880522c561df3b9295ec8/element/f.A21AC8DC3B7A3D8172EB3983758B85EF.d.277CA6D7FCF745E49DE6F56B833CFD70.e.5491/elements - {"using":"css selector","value":"td"}
RESULT: {"using":"css selector","value":"td"}
COMMAND: POST /session/5410ebbca63880522c561df3b9295ec8/element/f.A21AC8DC3B7A3D8172EB3983758B85EF.d.277CA6D7FCF745E49DE6F56B833CFD70.e.5492/elements - {"using":"css selector","value":"td"}
RESULT: {"using":"css selector","value":"td"}
COMMAND: POST /session/5410ebbca63880522c561df3b9295ec8/element/f.A21AC8DC3B7A3D8172EB3983758B85EF.d.277CA6D7FCF745E49DE6F56B833CFD70.e.5493/elements - {"using":"css selector","value":"td"}
RESULT: {"using":"css selector","value":"td"}
COMMAND: POST /session/5410ebbca63880522c561df3b9295ec8/element/f.A21AC8DC3B7A3D8172EB3983758B85EF.d.277CA6D7FCF745E49DE6F56B833CFD70.e.5494/elements - {"using":"css selector","value":"td"}
RESULT: {"using":"css selector","value":"td"}
COMMAND: POST /session/5410ebbca63880522c561df3b9295ec8/element/f.A21AC8DC3B7A3D8172EB3983758B85EF.d.277CA6D7FCF745E49DE6F56B833CFD70.e.5495/elements - {"using":"css selector","value":"td"}
RESULT: {"using":"css selector","value":"td"}
COMMAND: POST /session/5410ebbca63880522c561df3b9295ec8/element/f.A21AC8DC3B7A3D8172EB3983758B85EF.d.277CA6D7FCF745E49DE6F56B833CFD70.e.5496/elements - {"using":"css selector","value":"td"}
RESULT: {"using":"css selector","value":"td"}
COMMAND: POST /session/5410ebbca63880522c561df3b9295ec8/element/f.A21AC8DC3B7A3D8172EB3983758B85EF.d.277CA6D7FCF745E49DE6F56B833CFD70.e.5497/elements - {"using":"css selector","value":"td"}
RESULT: {"using":"css selector","value":"td"}
COMMAND: POST /session/5410ebbca63880522c561df3b9295ec8/element/f.A21AC8DC3B7A3D8172EB3983758B85EF.d.277CA6D7FCF745E49DE6F56B833CFD70.e.5498/elements - {"using":"css selector","value":"td"}
RESULT: {"using":"css selector","value":"td"}
COMMAND: POST /session/5410ebbca63880522c561df3b9295ec8/element/f.A21AC8DC3B7A3D8172EB3983758B85EF.d.277CA6D7FCF745E49DE6F56B833CFD70.e.5499/elements - {"using":"css selector","value":"td"}
RESULT: {"using":"css selector","value":"td"}
COMMAND: POST /session/5410ebbca63880522c561df3b9295ec8/element/f.A21AC8DC3B7A3D8172EB3983758B85EF.d.277CA6D7FCF745E49DE6F56B833CFD70.e.5500/elements - {"using":"css selector","value":"td"}
RESULT: {"using":"css selector","value":"td"}
COMMAND: POST /session/5410ebbca63880522c561df3b9295ec8/element/f.A21AC8DC3B7A3D8172EB3983758B85EF.d.277CA6D7FCF745E49DE6F56B833CFD70.e.5501/elements - {"using":"css selector","value":"td"}
RESULT: {"using":"css selector","value":"td"}
COMMAND: POST /session/5410ebbca63880522c561df3b9295ec8/element/f.A21AC8DC3B7A3D8172EB3983758B85EF.d.277CA6D7FCF745E49DE6F56B833CFD70.e.5502/elements - {"using":"css selector","value":"td"}
RESULT: {"using":"css selector","value":"td"}
COMMAND: POST /session/5410ebbca63880522c561df3b9295ec8/element/f.A21AC8DC3B7A3D8172EB3983758B85EF.d.277CA6D7FCF745E49DE6F56B833CFD70.e.5503/elements - {"using":"css selector","value":"td"}
RESULT: {"using":"css selector","value":"td"}
COMMAND: POST /session/5410ebbca63880522c561df3b9295ec8/element/f.A21AC8DC3B7A3D8172EB3983758B85EF.d.277CA6D7FCF745E49DE6F56B833CFD70.e.5504/elements - {"using":"css selector","value":"td"}
RESULT: {"using":"css selector","value":"td"}
COMMAND: POST /session/5410ebbca63880522c561df3b9295ec8/element/f.A21AC8DC3B7A3D8172EB3983758B85EF.d.277CA6D7FCF745E49DE6F56B833CFD70.e.5505/elements - {"using":"css selector","value":"td"}
RESULT: {"using":"css selector","value":"td"}
COMMAND: POST /session/5410ebbca63880522c561df3b9295ec8/element/f.A21AC8DC3B7A3D8172EB3983758B85EF.d.277CA6D7FCF745E49DE6F56B833CFD70.e.5506/elements - {"using":"css selector","value":"td"}
RESULT: {"using":"css selector","value":"td"}
COMMAND: POST /session/5410ebbca63880522c561df3b9295ec8/element/f.A21AC8DC3B7A3D8172EB3983758B85EF.d.277CA6D7FCF745E49DE6F56B833CFD70.e.5507/elements - {"using":"css selector","value":"td"}
RESULT: {"using":"css selector","value":"td"}
COMMAND: POST /session/5410ebbca63880522c561df3b9295ec8/element/f.A21AC8DC3B7A3D8172EB3983758B85EF.d.277CA6D7FCF745E49DE6F56B833CFD70.e.5508/elements - {"using":"css selector","value":"td"}
RESULT: {"using":"css selector","value":"td"}
COMMAND: POST /session/5410ebbca63880522c561df3b9295ec8/element/f.A21AC8DC3B7A3D8172EB3983758B85EF.d.277CA6D7FCF745E49DE6F56B833CFD70.e.5509/elements - {"using":"css selector","value":"td"}
RESULT: {"using":"css selector","value":"td"}
COMMAND: POST /session/5410ebbca63880522c561df3b9295ec8/element/f.A21AC8DC3B7A3D8172EB3983758B85EF.d.277CA6D7FCF745E49DE6F56B833CFD70.e.5510/elements - {"using":"css selector","value":"td"}
RESULT: {"using":"css selector","value":"td"}
COMMAND: POST /session/5410ebbca63880522c561df3b9295ec8/element/f.A21AC8DC3B7A3D8172EB3983758B85EF.d.277CA6D7FCF745E49DE6F56B833CFD70.e.5511/elements - {"using":"css selector","value":"td"}
RESULT: {"using":"css selector","value":"td"}
COMMAND: POST /session/5410ebbca63880522c561df3b9295ec8/element/f.A21AC8DC3B7A3D8172EB3983758B85EF.d.277CA6D7FCF745E49DE6F56B833CFD70.e.5512/elements - {"using":"css selector","value":"td"}
RESULT: {"using":"css selector","value":"td"}
COMMAND: POST /session/5410ebbca63880522c561df3b9295ec8/element/f.A21AC8DC3B7A3D8172EB3983758B85EF.d.277CA6D7FCF745E49DE6F56B833CFD70.e.5513/elements - {"using":"css selector","value":"td"}
RESULT: {"using":"css selector","value":"td"}
COMMAND: POST /session/5410ebbca63880522c561df3b9295ec8/element/f.A21AC8DC3B7A3D8172EB3983758B85EF.d.277CA6D7FCF745E49DE6F56B833CFD70.e.6423/element - {"using":"css selector","value":"input"}
RESULT: {"using":"css selector","value":"input"}
COMMAND: GET /session/5410ebbca63880522c561df3b9295ec8/element/f.A21AC8DC3B7A3D8172EB3983758B85EF.d.277CA6D7FCF745E49DE6F56B833CFD70.e.5257/property/value - {}
RESULT: {}
COMMAND: POST /session/5410ebbca63880522c561df3b9295ec8/element/f.A21AC8DC3B7A3D8172EB3983758B85EF.d.277CA6D7FCF745E49DE6F56B833CFD70.e.5513/element - {"using":"css selector","value":".sapMCbBg"}
COMMAND: GET /session/5410ebbca63880522c561df3b9295ec8/screenshot - {}
RESULT: {"using":"css selector","value":".sapMCbBg"}
COMMAND: GET /session/5410ebbca63880522c561df3b9295ec8/element/f.A21AC8DC3B7A3D8172EB3983758B85EF.d.277CA6D7FCF745E49DE6F56B833CFD70.e.6428/selected - {}
RESULT: {}
RESULT: {}
COMMAND: POST /session/5410ebbca63880522c561df3b9295ec8/element/f.A21AC8DC3B7A3D8172EB3983758B85EF.d.277CA6D7FCF745E49DE6F56B833CFD70.e.6428/click - {}
COMMAND: GET /session/5410ebbca63880522c561df3b9295ec8/screenshot - {}
RESULT: {}
COMMAND: POST /session/5410ebbca63880522c561df3b9295ec8/element/f.A21AC8DC3B7A3D8172EB3983758B85EF.d.277CA6D7FCF745E49DE6F56B833CFD70.e.5514/elements - {"using":"css selector","value":"td"}
COMMAND: GET /session/5410ebbca63880522c561df3b9295ec8/screenshot - {}
RESULT: {}
RESULT: {"using":"css selector","value":"td"}
COMMAND: POST /session/5410ebbca63880522c561df3b9295ec8/element/f.A21AC8DC3B7A3D8172EB3983758B85EF.d.277CA6D7FCF745E49DE6F56B833CFD70.e.6434/element - {"using":"css selector","value":"input"}
RESULT: {}
RESULT: {"using":"css selector","value":"input"}
COMMAND: GET /session/5410ebbca63880522c561df3b9295ec8/element/f.A21AC8DC3B7A3D8172EB3983758B85EF.d.277CA6D7FCF745E49DE6F56B833CFD70.e.5262/property/value - {}
RESULT: {}
COMMAND: POST /session/5410ebbca63880522c561df3b9295ec8/element/f.A21AC8DC3B7A3D8172EB3983758B85EF.d.277CA6D7FCF745E49DE6F56B833CFD70.e.5514/element - {"using":"css selector","value":".sapMCbBg"}
COMMAND: GET /session/5410ebbca63880522c561df3b9295ec8/screenshot - {}
RESULT: {"using":"css selector","value":".sapMCbBg"}
COMMAND: GET /session/5410ebbca63880522c561df3b9295ec8/element/f.A21AC8DC3B7A3D8172EB3983758B85EF.d.277CA6D7FCF745E49DE6F56B833CFD70.e.6439/selected - {}
RESULT: {}
RESULT: {}
COMMAND: POST /session/5410ebbca63880522c561df3b9295ec8/element/f.A21AC8DC3B7A3D8172EB3983758B85EF.d.277CA6D7FCF745E49DE6F56B833CFD70.e.6439/click - {}
COMMAND: GET /session/5410ebbca63880522c561df3b9295ec8/screenshot - {}
RESULT: {}
COMMAND: POST /session/5410ebbca63880522c561df3b9295ec8/element/f.A21AC8DC3B7A3D8172EB3983758B85EF.d.277CA6D7FCF745E49DE6F56B833CFD70.e.5515/elements - {"using":"css selector","value":"td"}
COMMAND: GET /session/5410ebbca63880522c561df3b9295ec8/screenshot - {}
RESULT: {}
RESULT: {"using":"css selector","value":"td"}
COMMAND: POST /session/5410ebbca63880522c561df3b9295ec8/element/f.A21AC8DC3B7A3D8172EB3983758B85EF.d.277CA6D7FCF745E49DE6F56B833CFD70.e.6445/element - {"using":"css selector","value":"input"}
RESULT: {}
RESULT: {"using":"css selector","value":"input"}
COMMAND: GET /session/5410ebbca63880522c561df3b9295ec8/element/f.A21AC8DC3B7A3D8172EB3983758B85EF.d.277CA6D7FCF745E49DE6F56B833CFD70.e.5267/property/value - {}
RESULT: {}
COMMAND: POST /session/5410ebbca63880522c561df3b9295ec8/element/f.A21AC8DC3B7A3D8172EB3983758B85EF.d.277CA6D7FCF745E49DE6F56B833CFD70.e.5516/elements - {"using":"css selector","value":"td"}
COMMAND: GET /session/5410ebbca63880522c561df3b9295ec8/screenshot - {}
RESULT: {"using":"css selector","value":"td"}
COMMAND: POST /session/5410ebbca63880522c561df3b9295ec8/element/f.A21AC8DC3B7A3D8172EB3983758B85EF.d.277CA6D7FCF745E49DE6F56B833CFD70.e.5531/element - {"using":"css selector","value":"input"}
RESULT: {}
RESULT: {"using":"css selector","value":"input"}
COMMAND: GET /session/5410ebbca63880522c561df3b9295ec8/element/f.A21AC8DC3B7A3D8172EB3983758B85EF.d.277CA6D7FCF745E49DE6F56B833CFD70.e.5313/property/value - {}
RESULT: {}
COMMAND: POST /session/5410ebbca63880522c561df3b9295ec8/element/f.A21AC8DC3B7A3D8172EB3983758B85EF.d.277CA6D7FCF745E49DE6F56B833CFD70.e.5516/element - {"using":"css selector","value":".sapMCbBg"}
COMMAND: GET /session/5410ebbca63880522c561df3b9295ec8/screenshot - {}
RESULT: {"using":"css selector","value":".sapMCbBg"}
COMMAND: GET /session/5410ebbca63880522c561df3b9295ec8/element/f.A21AC8DC3B7A3D8172EB3983758B85EF.d.277CA6D7FCF745E49DE6F56B833CFD70.e.6454/selected - {}
RESULT: {}
RESULT: {}
COMMAND: POST /session/5410ebbca63880522c561df3b9295ec8/element/f.A21AC8DC3B7A3D8172EB3983758B85EF.d.277CA6D7FCF745E49DE6F56B833CFD70.e.6454/click - {}
COMMAND: GET /session/5410ebbca63880522c561df3b9295ec8/screenshot - {}
RESULT: {}
COMMAND: POST /session/5410ebbca63880522c561df3b9295ec8/element/f.A21AC8DC3B7A3D8172EB3983758B85EF.d.277CA6D7FCF745E49DE6F56B833CFD70.e.5548/elements - {"using":"css selector","value":"td"}
COMMAND: GET /session/5410ebbca63880522c561df3b9295ec8/screenshot - {}
RESULT: {}
RESULT: {"using":"css selector","value":"td"}
COMMAND: POST /session/5410ebbca63880522c561df3b9295ec8/element/f.A21AC8DC3B7A3D8172EB3983758B85EF.d.277CA6D7FCF745E49DE6F56B833CFD70.e.5563/element - {"using":"css selector","value":"input"}
RESULT: {}
RESULT: {"using":"css selector","value":"input"}
COMMAND: GET /session/5410ebbca63880522c561df3b9295ec8/element/f.A21AC8DC3B7A3D8172EB3983758B85EF.d.277CA6D7FCF745E49DE6F56B833CFD70.e.5545/property/value - {}
RESULT: {}
COMMAND: POST /session/5410ebbca63880522c561df3b9295ec8/element/f.A21AC8DC3B7A3D8172EB3983758B85EF.d.277CA6D7FCF745E49DE6F56B833CFD70.e.5548/element - {"using":"css selector","value":".sapMCbBg"}
COMMAND: GET /session/5410ebbca63880522c561df3b9295ec8/screenshot - {}
RESULT: {"using":"css selector","value":".sapMCbBg"}
COMMAND: GET /session/5410ebbca63880522c561df3b9295ec8/element/f.A21AC8DC3B7A3D8172EB3983758B85EF.d.277CA6D7FCF745E49DE6F56B833CFD70.e.6458/selected - {}
RESULT: {}
RESULT: {}
COMMAND: POST /session/5410ebbca63880522c561df3b9295ec8/element/f.A21AC8DC3B7A3D8172EB3983758B85EF.d.277CA6D7FCF745E49DE6F56B833CFD70.e.6458/click - {}
COMMAND: GET /session/5410ebbca63880522c561df3b9295ec8/screenshot - {}
RESULT: {}
COMMAND: GET /session/5410ebbca63880522c561df3b9295ec8/screenshot - {}
RESULT: {}
RESULT: {}
COMMAND: POST /session/5410ebbca63880522c561df3b9295ec8/execute/async - {"script":"<script> [1562 bytes]","args":[{"selector":{"id":"application-manageconditionprice-display-component---dailyPrices--deleteBtn","interaction":{"idSuffix":"content"}},"wdio_ui5_key":"applicationmanageconditionprice-display-component---dailyPrices--deleteBtn"}]}
RESULT: {"script":"<script> [1562 bytes]","args":[{"selector":{"id":"application-manageconditionprice-display-component---dailyPrices--deleteBtn","interaction":{"idSuffix":"content"}},"wdio_ui5_key":"applicationmanageconditionprice-display-component---dailyPrices--deleteBtn"}]}
RESULT: undefined
COMMAND: POST /session/5410ebbca63880522c561df3b9295ec8/element - {"using":"xpath","value":"//*[@id=\"application-manageconditionprice-display-component---dailyPrices--deleteBtn\"]"}
RESULT: {"using":"xpath","value":"//*[@id=\"application-manageconditionprice-display-component---dailyPrices--deleteBtn\"]"}
COMMAND: POST /session/5410ebbca63880522c561df3b9295ec8/element/f.A21AC8DC3B7A3D8172EB3983758B85EF.d.277CA6D7FCF745E49DE6F56B833CFD70.e.6460/click - {}
RESULT: {}
COMMAND: POST /session/5410ebbca63880522c561df3b9295ec8/execute/async - {"script":"<script> [1562 bytes]","args":[{"selector":{"controlType":"sap.m.Button","properties":{"text":"OK"},"searchOpenDialogs":true,"interaction":{"idSuffix":"BDI-content"}},"wdio_ui5_key":"sapm.Button{\"text\":\"OK\"}"}]}
COMMAND: GET /session/5410ebbca63880522c561df3b9295ec8/screenshot - {}
RESULT: {"script":"<script> [1562 bytes]","args":[{"selector":{"controlType":"sap.m.Button","properties":{"text":"OK"},"searchOpenDialogs":true,"interaction":{"idSuffix":"BDI-content"}},"wdio_ui5_key":"sapm.Button{\"text\":\"OK\"}"}]}
RESULT: undefined
COMMAND: POST /session/5410ebbca63880522c561df3b9295ec8/element - {"using":"xpath","value":"//*[@id=\"__mbox-btn-0\"]"}
RESULT: {}
RESULT: {"using":"xpath","value":"//*[@id=\"__mbox-btn-0\"]"}
COMMAND: POST /session/5410ebbca63880522c561df3b9295ec8/element/f.A21AC8DC3B7A3D8172EB3983758B85EF.d.277CA6D7FCF745E49DE6F56B833CFD70.e.6461/click - {}
RESULT: {}
COMMAND: GET /session/5410ebbca63880522c561df3b9295ec8/screenshot - {}
RESULT: {}
RESULT: undefined
COMMAND: POST /session/5410ebbca63880522c561df3b9295ec8/element - {"using":"xpath","value":"//*[@id=\"__button115\"]"}
RESULT: {"using":"xpath","value":"//*[@id=\"__button115\"]"}
COMMAND: POST /session/5410ebbca63880522c561df3b9295ec8/element/f.A21AC8DC3B7A3D8172EB3983758B85EF.d.277CA6D7FCF745E49DE6F56B833CFD70.e.5607/click - {}
RESULT: {}
COMMAND: GET /session/5410ebbca63880522c561df3b9295ec8/screenshot - {}
RESULT: {}
COMMAND: POST /session/5410ebbca63880522c561df3b9295ec8/elements - {"using":"css selector","value":"table tr"}
RESULT: {"using":"css selector","value":"table tr"}
COMMAND: POST /session/5410ebbca63880522c561df3b9295ec8/element/f.A21AC8DC3B7A3D8172EB3983758B85EF.d.277CA6D7FCF745E49DE6F56B833CFD70.e.5317/elements - {"using":"css selector","value":"td"}
RESULT: {"using":"css selector","value":"td"}
COMMAND: POST /session/5410ebbca63880522c561df3b9295ec8/element/f.A21AC8DC3B7A3D8172EB3983758B85EF.d.277CA6D7FCF745E49DE6F56B833CFD70.e.5318/elements - {"using":"css selector","value":"td"}
RESULT: {"using":"css selector","value":"td"}
COMMAND: POST /session/5410ebbca63880522c561df3b9295ec8/element/f.A21AC8DC3B7A3D8172EB3983758B85EF.d.277CA6D7FCF745E49DE6F56B833CFD70.e.5319/elements - {"using":"css selector","value":"td"}
RESULT: {"using":"css selector","value":"td"}
COMMAND: POST /session/5410ebbca63880522c561df3b9295ec8/element/f.A21AC8DC3B7A3D8172EB3983758B85EF.d.277CA6D7FCF745E49DE6F56B833CFD70.e.5189/elements - {"using":"css selector","value":"td"}
RESULT: {"using":"css selector","value":"td"}
COMMAND: POST /session/5410ebbca63880522c561df3b9295ec8/element/f.A21AC8DC3B7A3D8172EB3983758B85EF.d.277CA6D7FCF745E49DE6F56B833CFD70.e.5190/elements - {"using":"css selector","value":"td"}
RESULT: {"using":"css selector","value":"td"}
COMMAND: POST /session/5410ebbca63880522c561df3b9295ec8/element/f.A21AC8DC3B7A3D8172EB3983758B85EF.d.277CA6D7FCF745E49DE6F56B833CFD70.e.5199/elements - {"using":"css selector","value":"td"}
RESULT: {"using":"css selector","value":"td"}
COMMAND: POST /session/5410ebbca63880522c561df3b9295ec8/element/f.A21AC8DC3B7A3D8172EB3983758B85EF.d.277CA6D7FCF745E49DE6F56B833CFD70.e.5200/elements - {"using":"css selector","value":"td"}
RESULT: {"using":"css selector","value":"td"}
COMMAND: POST /session/5410ebbca63880522c561df3b9295ec8/element/f.A21AC8DC3B7A3D8172EB3983758B85EF.d.277CA6D7FCF745E49DE6F56B833CFD70.e.5206/elements - {"using":"css selector","value":"td"}
RESULT: {"using":"css selector","value":"td"}
COMMAND: POST /session/5410ebbca63880522c561df3b9295ec8/element/f.A21AC8DC3B7A3D8172EB3983758B85EF.d.277CA6D7FCF745E49DE6F56B833CFD70.e.5207/elements - {"using":"css selector","value":"td"}
RESULT: {"using":"css selector","value":"td"}
COMMAND: POST /session/5410ebbca63880522c561df3b9295ec8/element/f.A21AC8DC3B7A3D8172EB3983758B85EF.d.277CA6D7FCF745E49DE6F56B833CFD70.e.5213/elements - {"using":"css selector","value":"td"}
RESULT: {"using":"css selector","value":"td"}
COMMAND: POST /session/5410ebbca63880522c561df3b9295ec8/element/f.A21AC8DC3B7A3D8172EB3983758B85EF.d.277CA6D7FCF745E49DE6F56B833CFD70.e.5320/elements - {"using":"css selector","value":"td"}
RESULT: {"using":"css selector","value":"td"}
COMMAND: POST /session/5410ebbca63880522c561df3b9295ec8/element/f.A21AC8DC3B7A3D8172EB3983758B85EF.d.277CA6D7FCF745E49DE6F56B833CFD70.e.5321/elements - {"using":"css selector","value":"td"}
RESULT: {"using":"css selector","value":"td"}
COMMAND: POST /session/5410ebbca63880522c561df3b9295ec8/element/f.A21AC8DC3B7A3D8172EB3983758B85EF.d.277CA6D7FCF745E49DE6F56B833CFD70.e.5322/elements - {"using":"css selector","value":"td"}
RESULT: {"using":"css selector","value":"td"}
COMMAND: POST /session/5410ebbca63880522c561df3b9295ec8/element/f.A21AC8DC3B7A3D8172EB3983758B85EF.d.277CA6D7FCF745E49DE6F56B833CFD70.e.5323/elements - {"using":"css selector","value":"td"}
RESULT: {"using":"css selector","value":"td"}
COMMAND: POST /session/5410ebbca63880522c561df3b9295ec8/element/f.A21AC8DC3B7A3D8172EB3983758B85EF.d.277CA6D7FCF745E49DE6F56B833CFD70.e.5324/elements - {"using":"css selector","value":"td"}
RESULT: {"using":"css selector","value":"td"}
COMMAND: POST /session/5410ebbca63880522c561df3b9295ec8/element/f.A21AC8DC3B7A3D8172EB3983758B85EF.d.277CA6D7FCF745E49DE6F56B833CFD70.e.5325/elements - {"using":"css selector","value":"td"}
RESULT: {"using":"css selector","value":"td"}
COMMAND: POST /session/5410ebbca63880522c561df3b9295ec8/element/f.A21AC8DC3B7A3D8172EB3983758B85EF.d.277CA6D7FCF745E49DE6F56B833CFD70.e.5326/elements - {"using":"css selector","value":"td"}
RESULT: {"using":"css selector","value":"td"}
COMMAND: POST /session/5410ebbca63880522c561df3b9295ec8/element/f.A21AC8DC3B7A3D8172EB3983758B85EF.d.277CA6D7FCF745E49DE6F56B833CFD70.e.5327/elements - {"using":"css selector","value":"td"}
RESULT: {"using":"css selector","value":"td"}
COMMAND: POST /session/5410ebbca63880522c561df3b9295ec8/element/f.A21AC8DC3B7A3D8172EB3983758B85EF.d.277CA6D7FCF745E49DE6F56B833CFD70.e.5328/elements - {"using":"css selector","value":"td"}
RESULT: {"using":"css selector","value":"td"}
COMMAND: POST /session/5410ebbca63880522c561df3b9295ec8/element/f.A21AC8DC3B7A3D8172EB3983758B85EF.d.277CA6D7FCF745E49DE6F56B833CFD70.e.5329/elements - {"using":"css selector","value":"td"}
RESULT: {"using":"css selector","value":"td"}
COMMAND: POST /session/5410ebbca63880522c561df3b9295ec8/element/f.A21AC8DC3B7A3D8172EB3983758B85EF.d.277CA6D7FCF745E49DE6F56B833CFD70.e.5330/elements - {"using":"css selector","value":"td"}
RESULT: {"using":"css selector","value":"td"}
COMMAND: POST /session/5410ebbca63880522c561df3b9295ec8/element/f.A21AC8DC3B7A3D8172EB3983758B85EF.d.277CA6D7FCF745E49DE6F56B833CFD70.e.5331/elements - {"using":"css selector","value":"td"}
RESULT: {"using":"css selector","value":"td"}
COMMAND: POST /session/5410ebbca63880522c561df3b9295ec8/element/f.A21AC8DC3B7A3D8172EB3983758B85EF.d.277CA6D7FCF745E49DE6F56B833CFD70.e.5332/elements - {"using":"css selector","value":"td"}
RESULT: {"using":"css selector","value":"td"}
COMMAND: POST /session/5410ebbca63880522c561df3b9295ec8/element/f.A21AC8DC3B7A3D8172EB3983758B85EF.d.277CA6D7FCF745E49DE6F56B833CFD70.e.5333/elements - {"using":"css selector","value":"td"}
RESULT: {"using":"css selector","value":"td"}
COMMAND: POST /session/5410ebbca63880522c561df3b9295ec8/element/f.A21AC8DC3B7A3D8172EB3983758B85EF.d.277CA6D7FCF745E49DE6F56B833CFD70.e.5334/elements - {"using":"css selector","value":"td"}
RESULT: {"using":"css selector","value":"td"}
COMMAND: POST /session/5410ebbca63880522c561df3b9295ec8/element/f.A21AC8DC3B7A3D8172EB3983758B85EF.d.277CA6D7FCF745E49DE6F56B833CFD70.e.5335/elements - {"using":"css selector","value":"td"}
RESULT: {"using":"css selector","value":"td"}
COMMAND: POST /session/5410ebbca63880522c561df3b9295ec8/element/f.A21AC8DC3B7A3D8172EB3983758B85EF.d.277CA6D7FCF745E49DE6F56B833CFD70.e.5336/elements - {"using":"css selector","value":"td"}
RESULT: {"using":"css selector","value":"td"}
COMMAND: POST /session/5410ebbca63880522c561df3b9295ec8/element/f.A21AC8DC3B7A3D8172EB3983758B85EF.d.277CA6D7FCF745E49DE6F56B833CFD70.e.5337/elements - {"using":"css selector","value":"td"}
RESULT: {"using":"css selector","value":"td"}
COMMAND: POST /session/5410ebbca63880522c561df3b9295ec8/element/f.A21AC8DC3B7A3D8172EB3983758B85EF.d.277CA6D7FCF745E49DE6F56B833CFD70.e.5338/elements - {"using":"css selector","value":"td"}
RESULT: {"using":"css selector","value":"td"}
COMMAND: POST /session/5410ebbca63880522c561df3b9295ec8/element/f.A21AC8DC3B7A3D8172EB3983758B85EF.d.277CA6D7FCF745E49DE6F56B833CFD70.e.5339/elements - {"using":"css selector","value":"td"}
RESULT: {"using":"css selector","value":"td"}
COMMAND: POST /session/5410ebbca63880522c561df3b9295ec8/element/f.A21AC8DC3B7A3D8172EB3983758B85EF.d.277CA6D7FCF745E49DE6F56B833CFD70.e.5340/elements - {"using":"css selector","value":"td"}
RESULT: {"using":"css selector","value":"td"}
COMMAND: POST /session/5410ebbca63880522c561df3b9295ec8/element/f.A21AC8DC3B7A3D8172EB3983758B85EF.d.277CA6D7FCF745E49DE6F56B833CFD70.e.5341/elements - {"using":"css selector","value":"td"}
RESULT: {"using":"css selector","value":"td"}
COMMAND: POST /session/5410ebbca63880522c561df3b9295ec8/element/f.A21AC8DC3B7A3D8172EB3983758B85EF.d.277CA6D7FCF745E49DE6F56B833CFD70.e.5342/elements - {"using":"css selector","value":"td"}
RESULT: {"using":"css selector","value":"td"}
COMMAND: POST /session/5410ebbca63880522c561df3b9295ec8/element/f.A21AC8DC3B7A3D8172EB3983758B85EF.d.277CA6D7FCF745E49DE6F56B833CFD70.e.5343/elements - {"using":"css selector","value":"td"}
RESULT: {"using":"css selector","value":"td"}
COMMAND: POST /session/5410ebbca63880522c561df3b9295ec8/element/f.A21AC8DC3B7A3D8172EB3983758B85EF.d.277CA6D7FCF745E49DE6F56B833CFD70.e.5344/elements - {"using":"css selector","value":"td"}
RESULT: {"using":"css selector","value":"td"}
COMMAND: POST /session/5410ebbca63880522c561df3b9295ec8/element/f.A21AC8DC3B7A3D8172EB3983758B85EF.d.277CA6D7FCF745E49DE6F56B833CFD70.e.5345/elements - {"using":"css selector","value":"td"}
RESULT: {"using":"css selector","value":"td"}
COMMAND: POST /session/5410ebbca63880522c561df3b9295ec8/element/f.A21AC8DC3B7A3D8172EB3983758B85EF.d.277CA6D7FCF745E49DE6F56B833CFD70.e.5346/elements - {"using":"css selector","value":"td"}
RESULT: {"using":"css selector","value":"td"}
COMMAND: POST /session/5410ebbca63880522c561df3b9295ec8/element/f.A21AC8DC3B7A3D8172EB3983758B85EF.d.277CA6D7FCF745E49DE6F56B833CFD70.e.5347/elements - {"using":"css selector","value":"td"}
RESULT: {"using":"css selector","value":"td"}
COMMAND: POST /session/5410ebbca63880522c561df3b9295ec8/element/f.A21AC8DC3B7A3D8172EB3983758B85EF.d.277CA6D7FCF745E49DE6F56B833CFD70.e.5348/elements - {"using":"css selector","value":"td"}
RESULT: {"using":"css selector","value":"td"}
COMMAND: POST /session/5410ebbca63880522c561df3b9295ec8/element/f.A21AC8DC3B7A3D8172EB3983758B85EF.d.277CA6D7FCF745E49DE6F56B833CFD70.e.5349/elements - {"using":"css selector","value":"td"}
RESULT: {"using":"css selector","value":"td"}
COMMAND: POST /session/5410ebbca63880522c561df3b9295ec8/element/f.A21AC8DC3B7A3D8172EB3983758B85EF.d.277CA6D7FCF745E49DE6F56B833CFD70.e.5350/elements - {"using":"css selector","value":"td"}
RESULT: {"using":"css selector","value":"td"}
COMMAND: POST /session/5410ebbca63880522c561df3b9295ec8/element/f.A21AC8DC3B7A3D8172EB3983758B85EF.d.277CA6D7FCF745E49DE6F56B833CFD70.e.5351/elements - {"using":"css selector","value":"td"}
RESULT: {"using":"css selector","value":"td"}
COMMAND: POST /session/5410ebbca63880522c561df3b9295ec8/element/f.A21AC8DC3B7A3D8172EB3983758B85EF.d.277CA6D7FCF745E49DE6F56B833CFD70.e.5352/elements - {"using":"css selector","value":"td"}
RESULT: {"using":"css selector","value":"td"}
COMMAND: POST /session/5410ebbca63880522c561df3b9295ec8/element/f.A21AC8DC3B7A3D8172EB3983758B85EF.d.277CA6D7FCF745E49DE6F56B833CFD70.e.5353/elements - {"using":"css selector","value":"td"}
RESULT: {"using":"css selector","value":"td"}
COMMAND: POST /session/5410ebbca63880522c561df3b9295ec8/element/f.A21AC8DC3B7A3D8172EB3983758B85EF.d.277CA6D7FCF745E49DE6F56B833CFD70.e.5354/elements - {"using":"css selector","value":"td"}
RESULT: {"using":"css selector","value":"td"}
COMMAND: POST /session/5410ebbca63880522c561df3b9295ec8/element/f.A21AC8DC3B7A3D8172EB3983758B85EF.d.277CA6D7FCF745E49DE6F56B833CFD70.e.5355/elements - {"using":"css selector","value":"td"}
RESULT: {"using":"css selector","value":"td"}
COMMAND: POST /session/5410ebbca63880522c561df3b9295ec8/element/f.A21AC8DC3B7A3D8172EB3983758B85EF.d.277CA6D7FCF745E49DE6F56B833CFD70.e.5356/elements - {"using":"css selector","value":"td"}
RESULT: {"using":"css selector","value":"td"}
COMMAND: POST /session/5410ebbca63880522c561df3b9295ec8/element/f.A21AC8DC3B7A3D8172EB3983758B85EF.d.277CA6D7FCF745E49DE6F56B833CFD70.e.5357/elements - {"using":"css selector","value":"td"}
RESULT: {"using":"css selector","value":"td"}
COMMAND: POST /session/5410ebbca63880522c561df3b9295ec8/element/f.A21AC8DC3B7A3D8172EB3983758B85EF.d.277CA6D7FCF745E49DE6F56B833CFD70.e.5358/elements - {"using":"css selector","value":"td"}
RESULT: {"using":"css selector","value":"td"}
COMMAND: POST /session/5410ebbca63880522c561df3b9295ec8/element/f.A21AC8DC3B7A3D8172EB3983758B85EF.d.277CA6D7FCF745E49DE6F56B833CFD70.e.5359/elements - {"using":"css selector","value":"td"}
RESULT: {"using":"css selector","value":"td"}
COMMAND: POST /session/5410ebbca63880522c561df3b9295ec8/element/f.A21AC8DC3B7A3D8172EB3983758B85EF.d.277CA6D7FCF745E49DE6F56B833CFD70.e.5360/elements - {"using":"css selector","value":"td"}
RESULT: {"using":"css selector","value":"td"}
COMMAND: POST /session/5410ebbca63880522c561df3b9295ec8/element/f.A21AC8DC3B7A3D8172EB3983758B85EF.d.277CA6D7FCF745E49DE6F56B833CFD70.e.5361/elements - {"using":"css selector","value":"td"}
RESULT: {"using":"css selector","value":"td"}
COMMAND: POST /session/5410ebbca63880522c561df3b9295ec8/element/f.A21AC8DC3B7A3D8172EB3983758B85EF.d.277CA6D7FCF745E49DE6F56B833CFD70.e.5362/elements - {"using":"css selector","value":"td"}
RESULT: {"using":"css selector","value":"td"}
COMMAND: POST /session/5410ebbca63880522c561df3b9295ec8/element/f.A21AC8DC3B7A3D8172EB3983758B85EF.d.277CA6D7FCF745E49DE6F56B833CFD70.e.5363/elements - {"using":"css selector","value":"td"}
RESULT: {"using":"css selector","value":"td"}
COMMAND: POST /session/5410ebbca63880522c561df3b9295ec8/element/f.A21AC8DC3B7A3D8172EB3983758B85EF.d.277CA6D7FCF745E49DE6F56B833CFD70.e.5364/elements - {"using":"css selector","value":"td"}
RESULT: {"using":"css selector","value":"td"}
COMMAND: POST /session/5410ebbca63880522c561df3b9295ec8/element/f.A21AC8DC3B7A3D8172EB3983758B85EF.d.277CA6D7FCF745E49DE6F56B833CFD70.e.5365/elements - {"using":"css selector","value":"td"}
RESULT: {"using":"css selector","value":"td"}
COMMAND: POST /session/5410ebbca63880522c561df3b9295ec8/element/f.A21AC8DC3B7A3D8172EB3983758B85EF.d.277CA6D7FCF745E49DE6F56B833CFD70.e.5366/elements - {"using":"css selector","value":"td"}
RESULT: {"using":"css selector","value":"td"}
COMMAND: POST /session/5410ebbca63880522c561df3b9295ec8/element/f.A21AC8DC3B7A3D8172EB3983758B85EF.d.277CA6D7FCF745E49DE6F56B833CFD70.e.5367/elements - {"using":"css selector","value":"td"}
RESULT: {"using":"css selector","value":"td"}
COMMAND: POST /session/5410ebbca63880522c561df3b9295ec8/element/f.A21AC8DC3B7A3D8172EB3983758B85EF.d.277CA6D7FCF745E49DE6F56B833CFD70.e.5368/elements - {"using":"css selector","value":"td"}
RESULT: {"using":"css selector","value":"td"}
COMMAND: POST /session/5410ebbca63880522c561df3b9295ec8/element/f.A21AC8DC3B7A3D8172EB3983758B85EF.d.277CA6D7FCF745E49DE6F56B833CFD70.e.5369/elements - {"using":"css selector","value":"td"}
RESULT: {"using":"css selector","value":"td"}
COMMAND: POST /session/5410ebbca63880522c561df3b9295ec8/element/f.A21AC8DC3B7A3D8172EB3983758B85EF.d.277CA6D7FCF745E49DE6F56B833CFD70.e.5370/elements - {"using":"css selector","value":"td"}
RESULT: {"using":"css selector","value":"td"}
COMMAND: POST /session/5410ebbca63880522c561df3b9295ec8/element/f.A21AC8DC3B7A3D8172EB3983758B85EF.d.277CA6D7FCF745E49DE6F56B833CFD70.e.5371/elements - {"using":"css selector","value":"td"}
RESULT: {"using":"css selector","value":"td"}
COMMAND: POST /session/5410ebbca63880522c561df3b9295ec8/element/f.A21AC8DC3B7A3D8172EB3983758B85EF.d.277CA6D7FCF745E49DE6F56B833CFD70.e.5372/elements - {"using":"css selector","value":"td"}
RESULT: {"using":"css selector","value":"td"}
COMMAND: POST /session/5410ebbca63880522c561df3b9295ec8/element/f.A21AC8DC3B7A3D8172EB3983758B85EF.d.277CA6D7FCF745E49DE6F56B833CFD70.e.5373/elements - {"using":"css selector","value":"td"}
RESULT: {"using":"css selector","value":"td"}
COMMAND: POST /session/5410ebbca63880522c561df3b9295ec8/element/f.A21AC8DC3B7A3D8172EB3983758B85EF.d.277CA6D7FCF745E49DE6F56B833CFD70.e.5374/elements - {"using":"css selector","value":"td"}
RESULT: {"using":"css selector","value":"td"}
COMMAND: POST /session/5410ebbca63880522c561df3b9295ec8/element/f.A21AC8DC3B7A3D8172EB3983758B85EF.d.277CA6D7FCF745E49DE6F56B833CFD70.e.5375/elements - {"using":"css selector","value":"td"}
RESULT: {"using":"css selector","value":"td"}
COMMAND: POST /session/5410ebbca63880522c561df3b9295ec8/element/f.A21AC8DC3B7A3D8172EB3983758B85EF.d.277CA6D7FCF745E49DE6F56B833CFD70.e.5376/elements - {"using":"css selector","value":"td"}
RESULT: {"using":"css selector","value":"td"}
COMMAND: POST /session/5410ebbca63880522c561df3b9295ec8/element/f.A21AC8DC3B7A3D8172EB3983758B85EF.d.277CA6D7FCF745E49DE6F56B833CFD70.e.5377/elements - {"using":"css selector","value":"td"}
RESULT: {"using":"css selector","value":"td"}
COMMAND: POST /session/5410ebbca63880522c561df3b9295ec8/element/f.A21AC8DC3B7A3D8172EB3983758B85EF.d.277CA6D7FCF745E49DE6F56B833CFD70.e.5378/elements - {"using":"css selector","value":"td"}
RESULT: {"using":"css selector","value":"td"}
COMMAND: POST /session/5410ebbca63880522c561df3b9295ec8/element/f.A21AC8DC3B7A3D8172EB3983758B85EF.d.277CA6D7FCF745E49DE6F56B833CFD70.e.5379/elements - {"using":"css selector","value":"td"}
RESULT: {"using":"css selector","value":"td"}
COMMAND: POST /session/5410ebbca63880522c561df3b9295ec8/element/f.A21AC8DC3B7A3D8172EB3983758B85EF.d.277CA6D7FCF745E49DE6F56B833CFD70.e.5380/elements - {"using":"css selector","value":"td"}
RESULT: {"using":"css selector","value":"td"}
COMMAND: POST /session/5410ebbca63880522c561df3b9295ec8/element/f.A21AC8DC3B7A3D8172EB3983758B85EF.d.277CA6D7FCF745E49DE6F56B833CFD70.e.5381/elements - {"using":"css selector","value":"td"}
RESULT: {"using":"css selector","value":"td"}
COMMAND: POST /session/5410ebbca63880522c561df3b9295ec8/element/f.A21AC8DC3B7A3D8172EB3983758B85EF.d.277CA6D7FCF745E49DE6F56B833CFD70.e.5382/elements - {"using":"css selector","value":"td"}
RESULT: {"using":"css selector","value":"td"}
COMMAND: POST /session/5410ebbca63880522c561df3b9295ec8/element/f.A21AC8DC3B7A3D8172EB3983758B85EF.d.277CA6D7FCF745E49DE6F56B833CFD70.e.5383/elements - {"using":"css selector","value":"td"}
RESULT: {"using":"css selector","value":"td"}
COMMAND: POST /session/5410ebbca63880522c561df3b9295ec8/element/f.A21AC8DC3B7A3D8172EB3983758B85EF.d.277CA6D7FCF745E49DE6F56B833CFD70.e.5384/elements - {"using":"css selector","value":"td"}
RESULT: {"using":"css selector","value":"td"}
COMMAND: POST /session/5410ebbca63880522c561df3b9295ec8/element/f.A21AC8DC3B7A3D8172EB3983758B85EF.d.277CA6D7FCF745E49DE6F56B833CFD70.e.5385/elements - {"using":"css selector","value":"td"}
RESULT: {"using":"css selector","value":"td"}
COMMAND: POST /session/5410ebbca63880522c561df3b9295ec8/element/f.A21AC8DC3B7A3D8172EB3983758B85EF.d.277CA6D7FCF745E49DE6F56B833CFD70.e.5386/elements - {"using":"css selector","value":"td"}
RESULT: {"using":"css selector","value":"td"}
COMMAND: POST /session/5410ebbca63880522c561df3b9295ec8/element/f.A21AC8DC3B7A3D8172EB3983758B85EF.d.277CA6D7FCF745E49DE6F56B833CFD70.e.5387/elements - {"using":"css selector","value":"td"}
RESULT: {"using":"css selector","value":"td"}
COMMAND: POST /session/5410ebbca63880522c561df3b9295ec8/element/f.A21AC8DC3B7A3D8172EB3983758B85EF.d.277CA6D7FCF745E49DE6F56B833CFD70.e.5388/elements - {"using":"css selector","value":"td"}
RESULT: {"using":"css selector","value":"td"}
COMMAND: POST /session/5410ebbca63880522c561df3b9295ec8/element/f.A21AC8DC3B7A3D8172EB3983758B85EF.d.277CA6D7FCF745E49DE6F56B833CFD70.e.5389/elements - {"using":"css selector","value":"td"}
RESULT: {"using":"css selector","value":"td"}
COMMAND: POST /session/5410ebbca63880522c561df3b9295ec8/element/f.A21AC8DC3B7A3D8172EB3983758B85EF.d.277CA6D7FCF745E49DE6F56B833CFD70.e.5390/elements - {"using":"css selector","value":"td"}
RESULT: {"using":"css selector","value":"td"}
COMMAND: POST /session/5410ebbca63880522c561df3b9295ec8/element/f.A21AC8DC3B7A3D8172EB3983758B85EF.d.277CA6D7FCF745E49DE6F56B833CFD70.e.5391/elements - {"using":"css selector","value":"td"}
RESULT: {"using":"css selector","value":"td"}
COMMAND: POST /session/5410ebbca63880522c561df3b9295ec8/element/f.A21AC8DC3B7A3D8172EB3983758B85EF.d.277CA6D7FCF745E49DE6F56B833CFD70.e.5392/elements - {"using":"css selector","value":"td"}
RESULT: {"using":"css selector","value":"td"}
COMMAND: POST /session/5410ebbca63880522c561df3b9295ec8/element/f.A21AC8DC3B7A3D8172EB3983758B85EF.d.277CA6D7FCF745E49DE6F56B833CFD70.e.5393/elements - {"using":"css selector","value":"td"}
RESULT: {"using":"css selector","value":"td"}
COMMAND: POST /session/5410ebbca63880522c561df3b9295ec8/element/f.A21AC8DC3B7A3D8172EB3983758B85EF.d.277CA6D7FCF745E49DE6F56B833CFD70.e.5394/elements - {"using":"css selector","value":"td"}
RESULT: {"using":"css selector","value":"td"}
COMMAND: POST /session/5410ebbca63880522c561df3b9295ec8/element/f.A21AC8DC3B7A3D8172EB3983758B85EF.d.277CA6D7FCF745E49DE6F56B833CFD70.e.5395/elements - {"using":"css selector","value":"td"}
RESULT: {"using":"css selector","value":"td"}
COMMAND: POST /session/5410ebbca63880522c561df3b9295ec8/element/f.A21AC8DC3B7A3D8172EB3983758B85EF.d.277CA6D7FCF745E49DE6F56B833CFD70.e.5396/elements - {"using":"css selector","value":"td"}
RESULT: {"using":"css selector","value":"td"}
COMMAND: POST /session/5410ebbca63880522c561df3b9295ec8/element/f.A21AC8DC3B7A3D8172EB3983758B85EF.d.277CA6D7FCF745E49DE6F56B833CFD70.e.5397/elements - {"using":"css selector","value":"td"}
RESULT: {"using":"css selector","value":"td"}
COMMAND: POST /session/5410ebbca63880522c561df3b9295ec8/element/f.A21AC8DC3B7A3D8172EB3983758B85EF.d.277CA6D7FCF745E49DE6F56B833CFD70.e.5398/elements - {"using":"css selector","value":"td"}
RESULT: {"using":"css selector","value":"td"}
COMMAND: POST /session/5410ebbca63880522c561df3b9295ec8/element/f.A21AC8DC3B7A3D8172EB3983758B85EF.d.277CA6D7FCF745E49DE6F56B833CFD70.e.5399/elements - {"using":"css selector","value":"td"}
RESULT: {"using":"css selector","value":"td"}
COMMAND: POST /session/5410ebbca63880522c561df3b9295ec8/element/f.A21AC8DC3B7A3D8172EB3983758B85EF.d.277CA6D7FCF745E49DE6F56B833CFD70.e.5400/elements - {"using":"css selector","value":"td"}
RESULT: {"using":"css selector","value":"td"}
COMMAND: POST /session/5410ebbca63880522c561df3b9295ec8/element/f.A21AC8DC3B7A3D8172EB3983758B85EF.d.277CA6D7FCF745E49DE6F56B833CFD70.e.5401/elements - {"using":"css selector","value":"td"}
RESULT: {"using":"css selector","value":"td"}
COMMAND: POST /session/5410ebbca63880522c561df3b9295ec8/element/f.A21AC8DC3B7A3D8172EB3983758B85EF.d.277CA6D7FCF745E49DE6F56B833CFD70.e.5402/elements - {"using":"css selector","value":"td"}
RESULT: {"using":"css selector","value":"td"}
COMMAND: POST /session/5410ebbca63880522c561df3b9295ec8/element/f.A21AC8DC3B7A3D8172EB3983758B85EF.d.277CA6D7FCF745E49DE6F56B833CFD70.e.5403/elements - {"using":"css selector","value":"td"}
RESULT: {"using":"css selector","value":"td"}
COMMAND: POST /session/5410ebbca63880522c561df3b9295ec8/element/f.A21AC8DC3B7A3D8172EB3983758B85EF.d.277CA6D7FCF745E49DE6F56B833CFD70.e.5404/elements - {"using":"css selector","value":"td"}
RESULT: {"using":"css selector","value":"td"}
COMMAND: POST /session/5410ebbca63880522c561df3b9295ec8/element/f.A21AC8DC3B7A3D8172EB3983758B85EF.d.277CA6D7FCF745E49DE6F56B833CFD70.e.5405/elements - {"using":"css selector","value":"td"}
RESULT: {"using":"css selector","value":"td"}
COMMAND: POST /session/5410ebbca63880522c561df3b9295ec8/element/f.A21AC8DC3B7A3D8172EB3983758B85EF.d.277CA6D7FCF745E49DE6F56B833CFD70.e.5406/elements - {"using":"css selector","value":"td"}
RESULT: {"using":"css selector","value":"td"}
COMMAND: POST /session/5410ebbca63880522c561df3b9295ec8/element/f.A21AC8DC3B7A3D8172EB3983758B85EF.d.277CA6D7FCF745E49DE6F56B833CFD70.e.5407/elements - {"using":"css selector","value":"td"}
RESULT: {"using":"css selector","value":"td"}
COMMAND: POST /session/5410ebbca63880522c561df3b9295ec8/element/f.A21AC8DC3B7A3D8172EB3983758B85EF.d.277CA6D7FCF745E49DE6F56B833CFD70.e.5408/elements - {"using":"css selector","value":"td"}
RESULT: {"using":"css selector","value":"td"}
COMMAND: POST /session/5410ebbca63880522c561df3b9295ec8/element/f.A21AC8DC3B7A3D8172EB3983758B85EF.d.277CA6D7FCF745E49DE6F56B833CFD70.e.5409/elements - {"using":"css selector","value":"td"}
RESULT: {"using":"css selector","value":"td"}
COMMAND: POST /session/5410ebbca63880522c561df3b9295ec8/element/f.A21AC8DC3B7A3D8172EB3983758B85EF.d.277CA6D7FCF745E49DE6F56B833CFD70.e.5410/elements - {"using":"css selector","value":"td"}
RESULT: {"using":"css selector","value":"td"}
COMMAND: POST /session/5410ebbca63880522c561df3b9295ec8/element/f.A21AC8DC3B7A3D8172EB3983758B85EF.d.277CA6D7FCF745E49DE6F56B833CFD70.e.5411/elements - {"using":"css selector","value":"td"}
RESULT: {"using":"css selector","value":"td"}
COMMAND: POST /session/5410ebbca63880522c561df3b9295ec8/element/f.A21AC8DC3B7A3D8172EB3983758B85EF.d.277CA6D7FCF745E49DE6F56B833CFD70.e.5412/elements - {"using":"css selector","value":"td"}
RESULT: {"using":"css selector","value":"td"}
COMMAND: POST /session/5410ebbca63880522c561df3b9295ec8/element/f.A21AC8DC3B7A3D8172EB3983758B85EF.d.277CA6D7FCF745E49DE6F56B833CFD70.e.5413/elements - {"using":"css selector","value":"td"}
RESULT: {"using":"css selector","value":"td"}
COMMAND: POST /session/5410ebbca63880522c561df3b9295ec8/element/f.A21AC8DC3B7A3D8172EB3983758B85EF.d.277CA6D7FCF745E49DE6F56B833CFD70.e.5414/elements - {"using":"css selector","value":"td"}
RESULT: {"using":"css selector","value":"td"}
COMMAND: POST /session/5410ebbca63880522c561df3b9295ec8/element/f.A21AC8DC3B7A3D8172EB3983758B85EF.d.277CA6D7FCF745E49DE6F56B833CFD70.e.5415/elements - {"using":"css selector","value":"td"}
RESULT: {"using":"css selector","value":"td"}
COMMAND: POST /session/5410ebbca63880522c561df3b9295ec8/element/f.A21AC8DC3B7A3D8172EB3983758B85EF.d.277CA6D7FCF745E49DE6F56B833CFD70.e.5416/elements - {"using":"css selector","value":"td"}
RESULT: {"using":"css selector","value":"td"}
COMMAND: POST /session/5410ebbca63880522c561df3b9295ec8/element/f.A21AC8DC3B7A3D8172EB3983758B85EF.d.277CA6D7FCF745E49DE6F56B833CFD70.e.5417/elements - {"using":"css selector","value":"td"}
RESULT: {"using":"css selector","value":"td"}
COMMAND: POST /session/5410ebbca63880522c561df3b9295ec8/element/f.A21AC8DC3B7A3D8172EB3983758B85EF.d.277CA6D7FCF745E49DE6F56B833CFD70.e.5418/elements - {"using":"css selector","value":"td"}
RESULT: {"using":"css selector","value":"td"}
COMMAND: POST /session/5410ebbca63880522c561df3b9295ec8/element/f.A21AC8DC3B7A3D8172EB3983758B85EF.d.277CA6D7FCF745E49DE6F56B833CFD70.e.5419/elements - {"using":"css selector","value":"td"}
RESULT: {"using":"css selector","value":"td"}
COMMAND: POST /session/5410ebbca63880522c561df3b9295ec8/element/f.A21AC8DC3B7A3D8172EB3983758B85EF.d.277CA6D7FCF745E49DE6F56B833CFD70.e.5420/elements - {"using":"css selector","value":"td"}
RESULT: {"using":"css selector","value":"td"}
COMMAND: POST /session/5410ebbca63880522c561df3b9295ec8/element/f.A21AC8DC3B7A3D8172EB3983758B85EF.d.277CA6D7FCF745E49DE6F56B833CFD70.e.5421/elements - {"using":"css selector","value":"td"}
RESULT: {"using":"css selector","value":"td"}
COMMAND: POST /session/5410ebbca63880522c561df3b9295ec8/element/f.A21AC8DC3B7A3D8172EB3983758B85EF.d.277CA6D7FCF745E49DE6F56B833CFD70.e.5422/elements - {"using":"css selector","value":"td"}
RESULT: {"using":"css selector","value":"td"}
COMMAND: POST /session/5410ebbca63880522c561df3b9295ec8/element/f.A21AC8DC3B7A3D8172EB3983758B85EF.d.277CA6D7FCF745E49DE6F56B833CFD70.e.5423/elements - {"using":"css selector","value":"td"}
RESULT: {"using":"css selector","value":"td"}
COMMAND: POST /session/5410ebbca63880522c561df3b9295ec8/element/f.A21AC8DC3B7A3D8172EB3983758B85EF.d.277CA6D7FCF745E49DE6F56B833CFD70.e.5424/elements - {"using":"css selector","value":"td"}
RESULT: {"using":"css selector","value":"td"}
COMMAND: POST /session/5410ebbca63880522c561df3b9295ec8/element/f.A21AC8DC3B7A3D8172EB3983758B85EF.d.277CA6D7FCF745E49DE6F56B833CFD70.e.5425/elements - {"using":"css selector","value":"td"}
RESULT: {"using":"css selector","value":"td"}
COMMAND: POST /session/5410ebbca63880522c561df3b9295ec8/element/f.A21AC8DC3B7A3D8172EB3983758B85EF.d.277CA6D7FCF745E49DE6F56B833CFD70.e.5426/elements - {"using":"css selector","value":"td"}
RESULT: {"using":"css selector","value":"td"}
COMMAND: POST /session/5410ebbca63880522c561df3b9295ec8/element/f.A21AC8DC3B7A3D8172EB3983758B85EF.d.277CA6D7FCF745E49DE6F56B833CFD70.e.5427/elements - {"using":"css selector","value":"td"}
RESULT: {"using":"css selector","value":"td"}
COMMAND: POST /session/5410ebbca63880522c561df3b9295ec8/element/f.A21AC8DC3B7A3D8172EB3983758B85EF.d.277CA6D7FCF745E49DE6F56B833CFD70.e.5428/elements - {"using":"css selector","value":"td"}
RESULT: {"using":"css selector","value":"td"}
COMMAND: POST /session/5410ebbca63880522c561df3b9295ec8/element/f.A21AC8DC3B7A3D8172EB3983758B85EF.d.277CA6D7FCF745E49DE6F56B833CFD70.e.5429/elements - {"using":"css selector","value":"td"}
RESULT: {"using":"css selector","value":"td"}
COMMAND: POST /session/5410ebbca63880522c561df3b9295ec8/element/f.A21AC8DC3B7A3D8172EB3983758B85EF.d.277CA6D7FCF745E49DE6F56B833CFD70.e.5430/elements - {"using":"css selector","value":"td"}
RESULT: {"using":"css selector","value":"td"}
COMMAND: POST /session/5410ebbca63880522c561df3b9295ec8/element/f.A21AC8DC3B7A3D8172EB3983758B85EF.d.277CA6D7FCF745E49DE6F56B833CFD70.e.5431/elements - {"using":"css selector","value":"td"}
RESULT: {"using":"css selector","value":"td"}
COMMAND: POST /session/5410ebbca63880522c561df3b9295ec8/element/f.A21AC8DC3B7A3D8172EB3983758B85EF.d.277CA6D7FCF745E49DE6F56B833CFD70.e.5432/elements - {"using":"css selector","value":"td"}
RESULT: {"using":"css selector","value":"td"}
COMMAND: POST /session/5410ebbca63880522c561df3b9295ec8/element/f.A21AC8DC3B7A3D8172EB3983758B85EF.d.277CA6D7FCF745E49DE6F56B833CFD70.e.5433/elements - {"using":"css selector","value":"td"}
RESULT: {"using":"css selector","value":"td"}
COMMAND: POST /session/5410ebbca63880522c561df3b9295ec8/element/f.A21AC8DC3B7A3D8172EB3983758B85EF.d.277CA6D7FCF745E49DE6F56B833CFD70.e.5434/elements - {"using":"css selector","value":"td"}
RESULT: {"using":"css selector","value":"td"}
COMMAND: POST /session/5410ebbca63880522c561df3b9295ec8/element/f.A21AC8DC3B7A3D8172EB3983758B85EF.d.277CA6D7FCF745E49DE6F56B833CFD70.e.5435/elements - {"using":"css selector","value":"td"}
RESULT: {"using":"css selector","value":"td"}
COMMAND: POST /session/5410ebbca63880522c561df3b9295ec8/element/f.A21AC8DC3B7A3D8172EB3983758B85EF.d.277CA6D7FCF745E49DE6F56B833CFD70.e.5436/elements - {"using":"css selector","value":"td"}
RESULT: {"using":"css selector","value":"td"}
COMMAND: POST /session/5410ebbca63880522c561df3b9295ec8/element/f.A21AC8DC3B7A3D8172EB3983758B85EF.d.277CA6D7FCF745E49DE6F56B833CFD70.e.5437/elements - {"using":"css selector","value":"td"}
RESULT: {"using":"css selector","value":"td"}
COMMAND: POST /session/5410ebbca63880522c561df3b9295ec8/element/f.A21AC8DC3B7A3D8172EB3983758B85EF.d.277CA6D7FCF745E49DE6F56B833CFD70.e.5438/elements - {"using":"css selector","value":"td"}
RESULT: {"using":"css selector","value":"td"}
COMMAND: POST /session/5410ebbca63880522c561df3b9295ec8/element/f.A21AC8DC3B7A3D8172EB3983758B85EF.d.277CA6D7FCF745E49DE6F56B833CFD70.e.5439/elements - {"using":"css selector","value":"td"}
RESULT: {"using":"css selector","value":"td"}
COMMAND: POST /session/5410ebbca63880522c561df3b9295ec8/element/f.A21AC8DC3B7A3D8172EB3983758B85EF.d.277CA6D7FCF745E49DE6F56B833CFD70.e.5440/elements - {"using":"css selector","value":"td"}
RESULT: {"using":"css selector","value":"td"}
COMMAND: POST /session/5410ebbca63880522c561df3b9295ec8/element/f.A21AC8DC3B7A3D8172EB3983758B85EF.d.277CA6D7FCF745E49DE6F56B833CFD70.e.5441/elements - {"using":"css selector","value":"td"}
RESULT: {"using":"css selector","value":"td"}
COMMAND: POST /session/5410ebbca63880522c561df3b9295ec8/element/f.A21AC8DC3B7A3D8172EB3983758B85EF.d.277CA6D7FCF745E49DE6F56B833CFD70.e.5442/elements - {"using":"css selector","value":"td"}
RESULT: {"using":"css selector","value":"td"}
COMMAND: POST /session/5410ebbca63880522c561df3b9295ec8/element/f.A21AC8DC3B7A3D8172EB3983758B85EF.d.277CA6D7FCF745E49DE6F56B833CFD70.e.5443/elements - {"using":"css selector","value":"td"}
RESULT: {"using":"css selector","value":"td"}
COMMAND: POST /session/5410ebbca63880522c561df3b9295ec8/element/f.A21AC8DC3B7A3D8172EB3983758B85EF.d.277CA6D7FCF745E49DE6F56B833CFD70.e.5444/elements - {"using":"css selector","value":"td"}
RESULT: {"using":"css selector","value":"td"}
COMMAND: POST /session/5410ebbca63880522c561df3b9295ec8/element/f.A21AC8DC3B7A3D8172EB3983758B85EF.d.277CA6D7FCF745E49DE6F56B833CFD70.e.5445/elements - {"using":"css selector","value":"td"}
RESULT: {"using":"css selector","value":"td"}
COMMAND: POST /session/5410ebbca63880522c561df3b9295ec8/element/f.A21AC8DC3B7A3D8172EB3983758B85EF.d.277CA6D7FCF745E49DE6F56B833CFD70.e.5446/elements - {"using":"css selector","value":"td"}
RESULT: {"using":"css selector","value":"td"}
COMMAND: POST /session/5410ebbca63880522c561df3b9295ec8/element/f.A21AC8DC3B7A3D8172EB3983758B85EF.d.277CA6D7FCF745E49DE6F56B833CFD70.e.5447/elements - {"using":"css selector","value":"td"}
RESULT: {"using":"css selector","value":"td"}
COMMAND: POST /session/5410ebbca63880522c561df3b9295ec8/element/f.A21AC8DC3B7A3D8172EB3983758B85EF.d.277CA6D7FCF745E49DE6F56B833CFD70.e.5448/elements - {"using":"css selector","value":"td"}
RESULT: {"using":"css selector","value":"td"}
COMMAND: POST /session/5410ebbca63880522c561df3b9295ec8/element/f.A21AC8DC3B7A3D8172EB3983758B85EF.d.277CA6D7FCF745E49DE6F56B833CFD70.e.5449/elements - {"using":"css selector","value":"td"}
RESULT: {"using":"css selector","value":"td"}
COMMAND: POST /session/5410ebbca63880522c561df3b9295ec8/element/f.A21AC8DC3B7A3D8172EB3983758B85EF.d.277CA6D7FCF745E49DE6F56B833CFD70.e.5450/elements - {"using":"css selector","value":"td"}
RESULT: {"using":"css selector","value":"td"}
COMMAND: POST /session/5410ebbca63880522c561df3b9295ec8/element/f.A21AC8DC3B7A3D8172EB3983758B85EF.d.277CA6D7FCF745E49DE6F56B833CFD70.e.5451/elements - {"using":"css selector","value":"td"}
RESULT: {"using":"css selector","value":"td"}
COMMAND: POST /session/5410ebbca63880522c561df3b9295ec8/element/f.A21AC8DC3B7A3D8172EB3983758B85EF.d.277CA6D7FCF745E49DE6F56B833CFD70.e.5452/elements - {"using":"css selector","value":"td"}
RESULT: {"using":"css selector","value":"td"}
COMMAND: POST /session/5410ebbca63880522c561df3b9295ec8/element/f.A21AC8DC3B7A3D8172EB3983758B85EF.d.277CA6D7FCF745E49DE6F56B833CFD70.e.5453/elements - {"using":"css selector","value":"td"}
RESULT: {"using":"css selector","value":"td"}
COMMAND: POST /session/5410ebbca63880522c561df3b9295ec8/element/f.A21AC8DC3B7A3D8172EB3983758B85EF.d.277CA6D7FCF745E49DE6F56B833CFD70.e.5454/elements - {"using":"css selector","value":"td"}
RESULT: {"using":"css selector","value":"td"}
COMMAND: POST /session/5410ebbca63880522c561df3b9295ec8/element/f.A21AC8DC3B7A3D8172EB3983758B85EF.d.277CA6D7FCF745E49DE6F56B833CFD70.e.5455/elements - {"using":"css selector","value":"td"}
RESULT: {"using":"css selector","value":"td"}
COMMAND: POST /session/5410ebbca63880522c561df3b9295ec8/element/f.A21AC8DC3B7A3D8172EB3983758B85EF.d.277CA6D7FCF745E49DE6F56B833CFD70.e.5456/elements - {"using":"css selector","value":"td"}
RESULT: {"using":"css selector","value":"td"}
COMMAND: POST /session/5410ebbca63880522c561df3b9295ec8/element/f.A21AC8DC3B7A3D8172EB3983758B85EF.d.277CA6D7FCF745E49DE6F56B833CFD70.e.5457/elements - {"using":"css selector","value":"td"}
RESULT: {"using":"css selector","value":"td"}
COMMAND: POST /session/5410ebbca63880522c561df3b9295ec8/element/f.A21AC8DC3B7A3D8172EB3983758B85EF.d.277CA6D7FCF745E49DE6F56B833CFD70.e.5458/elements - {"using":"css selector","value":"td"}
RESULT: {"using":"css selector","value":"td"}
COMMAND: POST /session/5410ebbca63880522c561df3b9295ec8/element/f.A21AC8DC3B7A3D8172EB3983758B85EF.d.277CA6D7FCF745E49DE6F56B833CFD70.e.5459/elements - {"using":"css selector","value":"td"}
RESULT: {"using":"css selector","value":"td"}
COMMAND: POST /session/5410ebbca63880522c561df3b9295ec8/element/f.A21AC8DC3B7A3D8172EB3983758B85EF.d.277CA6D7FCF745E49DE6F56B833CFD70.e.5460/elements - {"using":"css selector","value":"td"}
RESULT: {"using":"css selector","value":"td"}
COMMAND: POST /session/5410ebbca63880522c561df3b9295ec8/element/f.A21AC8DC3B7A3D8172EB3983758B85EF.d.277CA6D7FCF745E49DE6F56B833CFD70.e.5461/elements - {"using":"css selector","value":"td"}
RESULT: {"using":"css selector","value":"td"}
COMMAND: POST /session/5410ebbca63880522c561df3b9295ec8/element/f.A21AC8DC3B7A3D8172EB3983758B85EF.d.277CA6D7FCF745E49DE6F56B833CFD70.e.5462/elements - {"using":"css selector","value":"td"}
RESULT: {"using":"css selector","value":"td"}
COMMAND: POST /session/5410ebbca63880522c561df3b9295ec8/element/f.A21AC8DC3B7A3D8172EB3983758B85EF.d.277CA6D7FCF745E49DE6F56B833CFD70.e.5463/elements - {"using":"css selector","value":"td"}
RESULT: {"using":"css selector","value":"td"}
COMMAND: POST /session/5410ebbca63880522c561df3b9295ec8/element/f.A21AC8DC3B7A3D8172EB3983758B85EF.d.277CA6D7FCF745E49DE6F56B833CFD70.e.5464/elements - {"using":"css selector","value":"td"}
RESULT: {"using":"css selector","value":"td"}
COMMAND: POST /session/5410ebbca63880522c561df3b9295ec8/element/f.A21AC8DC3B7A3D8172EB3983758B85EF.d.277CA6D7FCF745E49DE6F56B833CFD70.e.5465/elements - {"using":"css selector","value":"td"}
RESULT: {"using":"css selector","value":"td"}
COMMAND: POST /session/5410ebbca63880522c561df3b9295ec8/element/f.A21AC8DC3B7A3D8172EB3983758B85EF.d.277CA6D7FCF745E49DE6F56B833CFD70.e.5466/elements - {"using":"css selector","value":"td"}
RESULT: {"using":"css selector","value":"td"}
COMMAND: POST /session/5410ebbca63880522c561df3b9295ec8/element/f.A21AC8DC3B7A3D8172EB3983758B85EF.d.277CA6D7FCF745E49DE6F56B833CFD70.e.5467/elements - {"using":"css selector","value":"td"}
RESULT: {"using":"css selector","value":"td"}
COMMAND: POST /session/5410ebbca63880522c561df3b9295ec8/element/f.A21AC8DC3B7A3D8172EB3983758B85EF.d.277CA6D7FCF745E49DE6F56B833CFD70.e.5468/elements - {"using":"css selector","value":"td"}
RESULT: {"using":"css selector","value":"td"}
COMMAND: POST /session/5410ebbca63880522c561df3b9295ec8/element/f.A21AC8DC3B7A3D8172EB3983758B85EF.d.277CA6D7FCF745E49DE6F56B833CFD70.e.5469/elements - {"using":"css selector","value":"td"}
RESULT: {"using":"css selector","value":"td"}
COMMAND: POST /session/5410ebbca63880522c561df3b9295ec8/element/f.A21AC8DC3B7A3D8172EB3983758B85EF.d.277CA6D7FCF745E49DE6F56B833CFD70.e.5470/elements - {"using":"css selector","value":"td"}
RESULT: {"using":"css selector","value":"td"}
COMMAND: POST /session/5410ebbca63880522c561df3b9295ec8/element/f.A21AC8DC3B7A3D8172EB3983758B85EF.d.277CA6D7FCF745E49DE6F56B833CFD70.e.5471/elements - {"using":"css selector","value":"td"}
RESULT: {"using":"css selector","value":"td"}
COMMAND: POST /session/5410ebbca63880522c561df3b9295ec8/element/f.A21AC8DC3B7A3D8172EB3983758B85EF.d.277CA6D7FCF745E49DE6F56B833CFD70.e.5472/elements - {"using":"css selector","value":"td"}
RESULT: {"using":"css selector","value":"td"}
COMMAND: POST /session/5410ebbca63880522c561df3b9295ec8/element/f.A21AC8DC3B7A3D8172EB3983758B85EF.d.277CA6D7FCF745E49DE6F56B833CFD70.e.5473/elements - {"using":"css selector","value":"td"}
RESULT: {"using":"css selector","value":"td"}
COMMAND: POST /session/5410ebbca63880522c561df3b9295ec8/element/f.A21AC8DC3B7A3D8172EB3983758B85EF.d.277CA6D7FCF745E49DE6F56B833CFD70.e.5474/elements - {"using":"css selector","value":"td"}
RESULT: {"using":"css selector","value":"td"}
COMMAND: POST /session/5410ebbca63880522c561df3b9295ec8/element/f.A21AC8DC3B7A3D8172EB3983758B85EF.d.277CA6D7FCF745E49DE6F56B833CFD70.e.5475/elements - {"using":"css selector","value":"td"}
RESULT: {"using":"css selector","value":"td"}
COMMAND: POST /session/5410ebbca63880522c561df3b9295ec8/element/f.A21AC8DC3B7A3D8172EB3983758B85EF.d.277CA6D7FCF745E49DE6F56B833CFD70.e.5476/elements - {"using":"css selector","value":"td"}
RESULT: {"using":"css selector","value":"td"}
COMMAND: POST /session/5410ebbca63880522c561df3b9295ec8/element/f.A21AC8DC3B7A3D8172EB3983758B85EF.d.277CA6D7FCF745E49DE6F56B833CFD70.e.5477/elements - {"using":"css selector","value":"td"}
RESULT: {"using":"css selector","value":"td"}
COMMAND: POST /session/5410ebbca63880522c561df3b9295ec8/element/f.A21AC8DC3B7A3D8172EB3983758B85EF.d.277CA6D7FCF745E49DE6F56B833CFD70.e.5478/elements - {"using":"css selector","value":"td"}
RESULT: {"using":"css selector","value":"td"}
COMMAND: POST /session/5410ebbca63880522c561df3b9295ec8/element/f.A21AC8DC3B7A3D8172EB3983758B85EF.d.277CA6D7FCF745E49DE6F56B833CFD70.e.5479/elements - {"using":"css selector","value":"td"}
RESULT: {"using":"css selector","value":"td"}
COMMAND: POST /session/5410ebbca63880522c561df3b9295ec8/element/f.A21AC8DC3B7A3D8172EB3983758B85EF.d.277CA6D7FCF745E49DE6F56B833CFD70.e.5480/elements - {"using":"css selector","value":"td"}
RESULT: {"using":"css selector","value":"td"}
COMMAND: POST /session/5410ebbca63880522c561df3b9295ec8/element/f.A21AC8DC3B7A3D8172EB3983758B85EF.d.277CA6D7FCF745E49DE6F56B833CFD70.e.5481/elements - {"using":"css selector","value":"td"}
RESULT: {"using":"css selector","value":"td"}
COMMAND: POST /session/5410ebbca63880522c561df3b9295ec8/element/f.A21AC8DC3B7A3D8172EB3983758B85EF.d.277CA6D7FCF745E49DE6F56B833CFD70.e.5482/elements - {"using":"css selector","value":"td"}
RESULT: {"using":"css selector","value":"td"}
COMMAND: POST /session/5410ebbca63880522c561df3b9295ec8/element/f.A21AC8DC3B7A3D8172EB3983758B85EF.d.277CA6D7FCF745E49DE6F56B833CFD70.e.5483/elements - {"using":"css selector","value":"td"}
RESULT: {"using":"css selector","value":"td"}
COMMAND: POST /session/5410ebbca63880522c561df3b9295ec8/element/f.A21AC8DC3B7A3D8172EB3983758B85EF.d.277CA6D7FCF745E49DE6F56B833CFD70.e.5484/elements - {"using":"css selector","value":"td"}
RESULT: {"using":"css selector","value":"td"}
COMMAND: POST /session/5410ebbca63880522c561df3b9295ec8/element/f.A21AC8DC3B7A3D8172EB3983758B85EF.d.277CA6D7FCF745E49DE6F56B833CFD70.e.5485/elements - {"using":"css selector","value":"td"}
RESULT: {"using":"css selector","value":"td"}
COMMAND: POST /session/5410ebbca63880522c561df3b9295ec8/element/f.A21AC8DC3B7A3D8172EB3983758B85EF.d.277CA6D7FCF745E49DE6F56B833CFD70.e.5486/elements - {"using":"css selector","value":"td"}
RESULT: {"using":"css selector","value":"td"}
COMMAND: POST /session/5410ebbca63880522c561df3b9295ec8/element/f.A21AC8DC3B7A3D8172EB3983758B85EF.d.277CA6D7FCF745E49DE6F56B833CFD70.e.5487/elements - {"using":"css selector","value":"td"}
RESULT: {"using":"css selector","value":"td"}
COMMAND: POST /session/5410ebbca63880522c561df3b9295ec8/element/f.A21AC8DC3B7A3D8172EB3983758B85EF.d.277CA6D7FCF745E49DE6F56B833CFD70.e.5488/elements - {"using":"css selector","value":"td"}
RESULT: {"using":"css selector","value":"td"}
COMMAND: POST /session/5410ebbca63880522c561df3b9295ec8/element/f.A21AC8DC3B7A3D8172EB3983758B85EF.d.277CA6D7FCF745E49DE6F56B833CFD70.e.5489/elements - {"using":"css selector","value":"td"}
RESULT: {"using":"css selector","value":"td"}
COMMAND: POST /session/5410ebbca63880522c561df3b9295ec8/element/f.A21AC8DC3B7A3D8172EB3983758B85EF.d.277CA6D7FCF745E49DE6F56B833CFD70.e.5490/elements - {"using":"css selector","value":"td"}
RESULT: {"using":"css selector","value":"td"}
COMMAND: POST /session/5410ebbca63880522c561df3b9295ec8/element/f.A21AC8DC3B7A3D8172EB3983758B85EF.d.277CA6D7FCF745E49DE6F56B833CFD70.e.5491/elements - {"using":"css selector","value":"td"}
RESULT: {"using":"css selector","value":"td"}
COMMAND: POST /session/5410ebbca63880522c561df3b9295ec8/element/f.A21AC8DC3B7A3D8172EB3983758B85EF.d.277CA6D7FCF745E49DE6F56B833CFD70.e.5492/elements - {"using":"css selector","value":"td"}
RESULT: {"using":"css selector","value":"td"}
COMMAND: POST /session/5410ebbca63880522c561df3b9295ec8/element/f.A21AC8DC3B7A3D8172EB3983758B85EF.d.277CA6D7FCF745E49DE6F56B833CFD70.e.5493/elements - {"using":"css selector","value":"td"}
RESULT: {"using":"css selector","value":"td"}
COMMAND: POST /session/5410ebbca63880522c561df3b9295ec8/element/f.A21AC8DC3B7A3D8172EB3983758B85EF.d.277CA6D7FCF745E49DE6F56B833CFD70.e.5494/elements - {"using":"css selector","value":"td"}
RESULT: {"using":"css selector","value":"td"}
COMMAND: POST /session/5410ebbca63880522c561df3b9295ec8/element/f.A21AC8DC3B7A3D8172EB3983758B85EF.d.277CA6D7FCF745E49DE6F56B833CFD70.e.5495/elements - {"using":"css selector","value":"td"}
RESULT: {"using":"css selector","value":"td"}
COMMAND: POST /session/5410ebbca63880522c561df3b9295ec8/element/f.A21AC8DC3B7A3D8172EB3983758B85EF.d.277CA6D7FCF745E49DE6F56B833CFD70.e.5496/elements - {"using":"css selector","value":"td"}
RESULT: {"using":"css selector","value":"td"}
COMMAND: POST /session/5410ebbca63880522c561df3b9295ec8/element/f.A21AC8DC3B7A3D8172EB3983758B85EF.d.277CA6D7FCF745E49DE6F56B833CFD70.e.5497/elements - {"using":"css selector","value":"td"}
RESULT: {"using":"css selector","value":"td"}
COMMAND: POST /session/5410ebbca63880522c561df3b9295ec8/element/f.A21AC8DC3B7A3D8172EB3983758B85EF.d.277CA6D7FCF745E49DE6F56B833CFD70.e.5498/elements - {"using":"css selector","value":"td"}
RESULT: {"using":"css selector","value":"td"}
COMMAND: POST /session/5410ebbca63880522c561df3b9295ec8/element/f.A21AC8DC3B7A3D8172EB3983758B85EF.d.277CA6D7FCF745E49DE6F56B833CFD70.e.5499/elements - {"using":"css selector","value":"td"}
RESULT: {"using":"css selector","value":"td"}
COMMAND: POST /session/5410ebbca63880522c561df3b9295ec8/element/f.A21AC8DC3B7A3D8172EB3983758B85EF.d.277CA6D7FCF745E49DE6F56B833CFD70.e.5500/elements - {"using":"css selector","value":"td"}
RESULT: {"using":"css selector","value":"td"}
COMMAND: POST /session/5410ebbca63880522c561df3b9295ec8/element/f.A21AC8DC3B7A3D8172EB3983758B85EF.d.277CA6D7FCF745E49DE6F56B833CFD70.e.5501/elements - {"using":"css selector","value":"td"}
RESULT: {"using":"css selector","value":"td"}
COMMAND: POST /session/5410ebbca63880522c561df3b9295ec8/element/f.A21AC8DC3B7A3D8172EB3983758B85EF.d.277CA6D7FCF745E49DE6F56B833CFD70.e.5502/elements - {"using":"css selector","value":"td"}
RESULT: {"using":"css selector","value":"td"}
COMMAND: POST /session/5410ebbca63880522c561df3b9295ec8/element/f.A21AC8DC3B7A3D8172EB3983758B85EF.d.277CA6D7FCF745E49DE6F56B833CFD70.e.5503/elements - {"using":"css selector","value":"td"}
RESULT: {"using":"css selector","value":"td"}
COMMAND: POST /session/5410ebbca63880522c561df3b9295ec8/element/f.A21AC8DC3B7A3D8172EB3983758B85EF.d.277CA6D7FCF745E49DE6F56B833CFD70.e.5504/elements - {"using":"css selector","value":"td"}
RESULT: {"using":"css selector","value":"td"}
COMMAND: POST /session/5410ebbca63880522c561df3b9295ec8/element/f.A21AC8DC3B7A3D8172EB3983758B85EF.d.277CA6D7FCF745E49DE6F56B833CFD70.e.5505/elements - {"using":"css selector","value":"td"}
RESULT: {"using":"css selector","value":"td"}
COMMAND: POST /session/5410ebbca63880522c561df3b9295ec8/element/f.A21AC8DC3B7A3D8172EB3983758B85EF.d.277CA6D7FCF745E49DE6F56B833CFD70.e.5506/elements - {"using":"css selector","value":"td"}
RESULT: {"using":"css selector","value":"td"}
COMMAND: POST /session/5410ebbca63880522c561df3b9295ec8/element/f.A21AC8DC3B7A3D8172EB3983758B85EF.d.277CA6D7FCF745E49DE6F56B833CFD70.e.5507/elements - {"using":"css selector","value":"td"}
RESULT: {"using":"css selector","value":"td"}
COMMAND: POST /session/5410ebbca63880522c561df3b9295ec8/element/f.A21AC8DC3B7A3D8172EB3983758B85EF.d.277CA6D7FCF745E49DE6F56B833CFD70.e.5508/elements - {"using":"css selector","value":"td"}
RESULT: {"using":"css selector","value":"td"}
COMMAND: POST /session/5410ebbca63880522c561df3b9295ec8/element/f.A21AC8DC3B7A3D8172EB3983758B85EF.d.277CA6D7FCF745E49DE6F56B833CFD70.e.5509/elements - {"using":"css selector","value":"td"}
RESULT: {"using":"css selector","value":"td"}
COMMAND: POST /session/5410ebbca63880522c561df3b9295ec8/element/f.A21AC8DC3B7A3D8172EB3983758B85EF.d.277CA6D7FCF745E49DE6F56B833CFD70.e.5510/elements - {"using":"css selector","value":"td"}
RESULT: {"using":"css selector","value":"td"}
COMMAND: POST /session/5410ebbca63880522c561df3b9295ec8/element/f.A21AC8DC3B7A3D8172EB3983758B85EF.d.277CA6D7FCF745E49DE6F56B833CFD70.e.5511/elements - {"using":"css selector","value":"td"}
RESULT: {"using":"css selector","value":"td"}
COMMAND: POST /session/5410ebbca63880522c561df3b9295ec8/element/f.A21AC8DC3B7A3D8172EB3983758B85EF.d.277CA6D7FCF745E49DE6F56B833CFD70.e.5512/elements - {"using":"css selector","value":"td"}
RESULT: {"using":"css selector","value":"td"}
COMMAND: POST /session/5410ebbca63880522c561df3b9295ec8/element/f.A21AC8DC3B7A3D8172EB3983758B85EF.d.277CA6D7FCF745E49DE6F56B833CFD70.e.5513/elements - {"using":"css selector","value":"td"}
RESULT: {"using":"css selector","value":"td"}
COMMAND: POST /session/5410ebbca63880522c561df3b9295ec8/element/f.A21AC8DC3B7A3D8172EB3983758B85EF.d.277CA6D7FCF745E49DE6F56B833CFD70.e.6425/element - {"using":"css selector","value":"input"}
RESULT: {"using":"css selector","value":"input"}
COMMAND: GET /session/5410ebbca63880522c561df3b9295ec8/element/f.A21AC8DC3B7A3D8172EB3983758B85EF.d.277CA6D7FCF745E49DE6F56B833CFD70.e.5259/property/value - {}
RESULT: {}
COMMAND: GET /session/5410ebbca63880522c561df3b9295ec8/screenshot - {}
COMMAND: POST /session/5410ebbca63880522c561df3b9295ec8/element - {"using":"css selector","value":"#j_username"}
COMMAND: POST /session/5410ebbca63880522c561df3b9295ec8/url - {"url":"https://qa-testing-00-live-etm-ui.cfapps.eu10-004.hana.ondemand.com/"}
RESULT: {}
RESULT: {"using":"css selector","value":"#j_username"}
COMMAND: POST /session/5410ebbca63880522c561df3b9295ec8/element - {"using":"css selector","value":"#j_username"}
RESULT: {"url":"https://qa-testing-00-live-etm-ui.cfapps.eu10-004.hana.ondemand.com/"}
RESULT: undefined
COMMAND: GET /session/5410ebbca63880522c561df3b9295ec8/screenshot - {}
RESULT: {"using":"css selector","value":"#j_username"}
COMMAND: POST /session/5410ebbca63880522c561df3b9295ec8/element - {"using":"css selector","value":"#shell-header-logo"}
RESULT: {}
RESULT: {"using":"css selector","value":"#shell-header-logo"}
COMMAND: POST /session/5410ebbca63880522c561df3b9295ec8/execute/sync - {"script":"<script> [8489 bytes]","args":[{"element-6066-11e4-a52e-4f735466cecf":"f.A21AC8DC3B7A3D8172EB3983758B85EF.d.D3409285F207DD7A75BBD653127FBBF8.e.6562","ELEMENT":"f.A21AC8DC3B7A3D8172EB3983758B85EF.d.D3409285F207DD7A75BBD653127FBBF8.e.6562"}]}
RESULT: {"script":"<script> [8489 bytes]","args":[{"element-6066-11e4-a52e-4f735466cecf":"f.A21AC8DC3B7A3D8172EB3983758B85EF.d.D3409285F207DD7A75BBD653127FBBF8.e.6562","ELEMENT":"f.A21AC8DC3B7A3D8172EB3983758B85EF.d.D3409285F207DD7A75BBD653127FBBF8.e.6562"}]}
COMMAND: POST /session/5410ebbca63880522c561df3b9295ec8/element - {"using":"css selector","value":"#shell-header-logo"}
COMMAND: GET /session/5410ebbca63880522c561df3b9295ec8/screenshot - {}
RESULT: {"using":"css selector","value":"#shell-header-logo"}
COMMAND: POST /session/5410ebbca63880522c561df3b9295ec8/execute/sync - {"script":"<script> [8489 bytes]","args":[{"element-6066-11e4-a52e-4f735466cecf":"f.A21AC8DC3B7A3D8172EB3983758B85EF.d.D3409285F207DD7A75BBD653127FBBF8.e.6562","ELEMENT":"f.A21AC8DC3B7A3D8172EB3983758B85EF.d.D3409285F207DD7A75BBD653127FBBF8.e.6562"}]}
RESULT: {}
RESULT: {"script":"<script> [8489 bytes]","args":[{"element-6066-11e4-a52e-4f735466cecf":"f.A21AC8DC3B7A3D8172EB3983758B85EF.d.D3409285F207DD7A75BBD653127FBBF8.e.6562","ELEMENT":"f.A21AC8DC3B7A3D8172EB3983758B85EF.d.D3409285F207DD7A75BBD653127FBBF8.e.6562"}]}
COMMAND: POST /session/5410ebbca63880522c561df3b9295ec8/execute/sync - {"script":"<script> [5351 bytes]","args":[{"element-6066-11e4-a52e-4f735466cecf":"f.A21AC8DC3B7A3D8172EB3983758B85EF.d.D3409285F207DD7A75BBD653127FBBF8.e.6562","ELEMENT":"f.A21AC8DC3B7A3D8172EB3983758B85EF.d.D3409285F207DD7A75BBD653127FBBF8.e.6562"}]}
COMMAND: GET /session/5410ebbca63880522c561df3b9295ec8/screenshot - {}
RESULT: {"script":"<script> [5351 bytes]","args":[{"element-6066-11e4-a52e-4f735466cecf":"f.A21AC8DC3B7A3D8172EB3983758B85EF.d.D3409285F207DD7A75BBD653127FBBF8.e.6562","ELEMENT":"f.A21AC8DC3B7A3D8172EB3983758B85EF.d.D3409285F207DD7A75BBD653127FBBF8.e.6562"}]}
COMMAND: POST /session/5410ebbca63880522c561df3b9295ec8/element - {"using":"css selector","value":"#shell-header-logo"}
COMMAND: GET /session/5410ebbca63880522c561df3b9295ec8/screenshot - {}
RESULT: {}
RESULT: {"using":"css selector","value":"#shell-header-logo"}
COMMAND: POST /session/5410ebbca63880522c561df3b9295ec8/element/f.A21AC8DC3B7A3D8172EB3983758B85EF.d.D3409285F207DD7A75BBD653127FBBF8.e.6562/click - {}
RESULT: {}
RESULT: {}
COMMAND: GET /session/5410ebbca63880522c561df3b9295ec8/screenshot - {}
RESULT: {}
COMMAND: POST /session/5410ebbca63880522c561df3b9295ec8/execute/async - {"script":"<script> [189 bytes]","args":[]}
RESULT: {"script":"<script> [189 bytes]","args":[]}
COMMAND: POST /session/5410ebbca63880522c561df3b9295ec8/execute/async - {"script":"<script> [123 bytes]","args":[]}
RESULT: {"script":"<script> [123 bytes]","args":[]}
COMMAND: POST /session/5410ebbca63880522c561df3b9295ec8/timeouts - {"script":"<number>"}
RESULT: {"script":"<number>"}
COMMAND: GET /session/5410ebbca63880522c561df3b9295ec8/timeouts - {}
RESULT: {}
RESULT: undefined
COMMAND: POST /session/5410ebbca63880522c561df3b9295ec8/execute/async - {"script":"<script> [2676 bytes]","args":[]}
RESULT: {"script":"<script> [2676 bytes]","args":[]}
COMMAND: POST /session/5410ebbca63880522c561df3b9295ec8/execute/async - {"script":"<script> [2342 bytes]","args":[{"protocol":"http","hostname":"0.0.0.0","path":"/","capabilities":{"browserName":"chrome","goog:chromeOptions":{"binary":"C:\\Program Files\\Google\\Chrome\\Application\\chrome.exe","args":["--start-maximized"]}},"logLevel":"warn","connectionRetryTimeout":120000,"connectionRetryCount":3,"logLevels":{},"enableDirectConnect":true,"strictSSL":true,"_":"65 more keys: [\"cacheDir\",\"port\",\"requestedCapabilities\",\"automationProtocol\",\"baseUrl\",\"waitforInterval\",\"waitforTimeout\",\"onReload\",\"beforeCommand\",\"afterCommand\",\"rootDir\",\"specs\",\"suites\",\"exclude\",\"groupLogsByTestSpec\",\"excludeDriverLogs\",\"bail\",\"framework\",\"reporters\",\"services\",\"maxInstances\",\"maxInstancesPerCapability\",\"injectGlobals\",\"filesToWatch\",\"execArgv\",\"runnerEnv\",\"runner\",\"shard\",\"specFileRetries\",\"specFileRetriesDelay\",\"specFileRetriesDeferred\",\"reporterSyncInterval\",\"reporterSyncTimeout\",\"cucumberFeaturesWithLineNumbers\",\"autoCompileOpts\",\"mochaOpts\",\"jasmineOpts\",\"cucumberOpts\",\"onPrepare\",\"onWorkerStart\",\"onWorkerEnd\",\"before\",\"beforeSession\",\"beforeSuite\",\"beforeHook\",\"beforeTest\",\"afterTest\",\"afterHook\",\"afterSuite\",\"afterSession\",\"after\",\"onComplete\",\"beforeAssertion\",\"afterAssertion\",\"beforeFeature\",\"beforeScenario\",\"beforeStep\",\"afterStep\",\"afterScenario\",\"afterFeature\",\"_\",\"suite\",\"$0\",\"ignoredWorkerServices\",\"wdi5\"]"}]}
RESULT: {"script":"<script> [2342 bytes]","args":[{"protocol":"http","hostname":"0.0.0.0","path":"/","capabilities":{"browserName":"chrome","goog:chromeOptions":{"binary":"C:\\Program Files\\Google\\Chrome\\Application\\chrome.exe","args":["--start-maximized"]}},"logLevel":"warn","connectionRetryTimeout":120000,"connectionRetryCount":3,"logLevels":{},"enableDirectConnect":true,"strictSSL":true,"_":"65 more keys: [\"cacheDir\",\"port\",\"requestedCapabilities\",\"automationProtocol\",\"baseUrl\",\"waitforInterval\",\"waitforTimeout\",\"onReload\",\"beforeCommand\",\"afterCommand\",\"rootDir\",\"specs\",\"suites\",\"exclude\",\"groupLogsByTestSpec\",\"excludeDriverLogs\",\"bail\",\"framework\",\"reporters\",\"services\",\"maxInstances\",\"maxInstancesPerCapability\",\"injectGlobals\",\"filesToWatch\",\"execArgv\",\"runnerEnv\",\"runner\",\"shard\",\"specFileRetries\",\"specFileRetriesDelay\",\"specFileRetriesDeferred\",\"reporterSyncInterval\",\"reporterSyncTimeout\",\"cucumberFeaturesWithLineNumbers\",\"autoCompileOpts\",\"mochaOpts\",\"jasmineOpts\",\"cucumberOpts\",\"onPrepare\",\"onWorkerStart\",\"onWorkerEnd\",\"before\",\"beforeSession\",\"beforeSuite\",\"beforeHook\",\"beforeTest\",\"afterTest\",\"afterHook\",\"afterSuite\",\"afterSession\",\"after\",\"onComplete\",\"beforeAssertion\",\"afterAssertion\",\"beforeFeature\",\"beforeScenario\",\"beforeStep\",\"afterStep\",\"afterScenario\",\"afterFeature\",\"_\",\"suite\",\"$0\",\"ignoredWorkerServices\",\"wdi5\"]"}]}
COMMAND: POST /session/5410ebbca63880522c561df3b9295ec8/execute/async - {"script":"<script> [21126 bytes]","args":[35000]}
RESULT: {"script":"<script> [21126 bytes]","args":[35000]}
COMMAND: POST /session/5410ebbca63880522c561df3b9295ec8/window/maximize - {}
RESULT: {}
COMMAND: POST /session/5410ebbca63880522c561df3b9295ec8/execute/async - {"script":"<script> [1562 bytes]","args":[{"selector":{"id":"shell-header","interaction":{"idSuffix":"icon"}},"wdio_ui5_key":"shellheader"}]}
COMMAND: GET /session/5410ebbca63880522c561df3b9295ec8/screenshot - {}
RESULT: {"script":"<script> [1562 bytes]","args":[{"selector":{"id":"shell-header","interaction":{"idSuffix":"icon"}},"wdio_ui5_key":"shellheader"}]}
RESULT: undefined
COMMAND: POST /session/5410ebbca63880522c561df3b9295ec8/refresh - {}
RESULT: {}
RESULT: {}
COMMAND: GET /session/5410ebbca63880522c561df3b9295ec8/screenshot - {}
RESULT: {}
COMMAND: POST /session/5410ebbca63880522c561df3b9295ec8/refresh - {}
RESULT: {}
COMMAND: GET /session/5410ebbca63880522c561df3b9295ec8/screenshot - {}
RESULT: {}
COMMAND: POST /session/5410ebbca63880522c561df3b9295ec8/execute/async - {"script":"<script> [189 bytes]","args":[]}
RESULT: {"script":"<script> [189 bytes]","args":[]}
COMMAND: POST /session/5410ebbca63880522c561df3b9295ec8/execute/async - {"script":"<script> [123 bytes]","args":[]}
RESULT: {"script":"<script> [123 bytes]","args":[]}
COMMAND: POST /session/5410ebbca63880522c561df3b9295ec8/timeouts - {"script":"<number>"}
RESULT: {"script":"<number>"}
COMMAND: GET /session/5410ebbca63880522c561df3b9295ec8/timeouts - {}
RESULT: {}
RESULT: undefined
COMMAND: POST /session/5410ebbca63880522c561df3b9295ec8/execute/async - {"script":"<script> [2676 bytes]","args":[]}
RESULT: {"script":"<script> [2676 bytes]","args":[]}
COMMAND: POST /session/5410ebbca63880522c561df3b9295ec8/execute/async - {"script":"<script> [2342 bytes]","args":[{"protocol":"http","hostname":"0.0.0.0","path":"/","capabilities":{"browserName":"chrome","goog:chromeOptions":{"binary":"C:\\Program Files\\Google\\Chrome\\Application\\chrome.exe","args":["--start-maximized"]}},"logLevel":"warn","connectionRetryTimeout":120000,"connectionRetryCount":3,"logLevels":{},"enableDirectConnect":true,"strictSSL":true,"_":"65 more keys: [\"cacheDir\",\"port\",\"requestedCapabilities\",\"automationProtocol\",\"baseUrl\",\"waitforInterval\",\"waitforTimeout\",\"onReload\",\"beforeCommand\",\"afterCommand\",\"rootDir\",\"specs\",\"suites\",\"exclude\",\"groupLogsByTestSpec\",\"excludeDriverLogs\",\"bail\",\"framework\",\"reporters\",\"services\",\"maxInstances\",\"maxInstancesPerCapability\",\"injectGlobals\",\"filesToWatch\",\"execArgv\",\"runnerEnv\",\"runner\",\"shard\",\"specFileRetries\",\"specFileRetriesDelay\",\"specFileRetriesDeferred\",\"reporterSyncInterval\",\"reporterSyncTimeout\",\"cucumberFeaturesWithLineNumbers\",\"autoCompileOpts\",\"mochaOpts\",\"jasmineOpts\",\"cucumberOpts\",\"onPrepare\",\"onWorkerStart\",\"onWorkerEnd\",\"before\",\"beforeSession\",\"beforeSuite\",\"beforeHook\",\"beforeTest\",\"afterTest\",\"afterHook\",\"afterSuite\",\"afterSession\",\"after\",\"onComplete\",\"beforeAssertion\",\"afterAssertion\",\"beforeFeature\",\"beforeScenario\",\"beforeStep\",\"afterStep\",\"afterScenario\",\"afterFeature\",\"_\",\"suite\",\"$0\",\"ignoredWorkerServices\",\"wdi5\"]"}]}
RESULT: {"script":"<script> [2342 bytes]","args":[{"protocol":"http","hostname":"0.0.0.0","path":"/","capabilities":{"browserName":"chrome","goog:chromeOptions":{"binary":"C:\\Program Files\\Google\\Chrome\\Application\\chrome.exe","args":["--start-maximized"]}},"logLevel":"warn","connectionRetryTimeout":120000,"connectionRetryCount":3,"logLevels":{},"enableDirectConnect":true,"strictSSL":true,"_":"65 more keys: [\"cacheDir\",\"port\",\"requestedCapabilities\",\"automationProtocol\",\"baseUrl\",\"waitforInterval\",\"waitforTimeout\",\"onReload\",\"beforeCommand\",\"afterCommand\",\"rootDir\",\"specs\",\"suites\",\"exclude\",\"groupLogsByTestSpec\",\"excludeDriverLogs\",\"bail\",\"framework\",\"reporters\",\"services\",\"maxInstances\",\"maxInstancesPerCapability\",\"injectGlobals\",\"filesToWatch\",\"execArgv\",\"runnerEnv\",\"runner\",\"shard\",\"specFileRetries\",\"specFileRetriesDelay\",\"specFileRetriesDeferred\",\"reporterSyncInterval\",\"reporterSyncTimeout\",\"cucumberFeaturesWithLineNumbers\",\"autoCompileOpts\",\"mochaOpts\",\"jasmineOpts\",\"cucumberOpts\",\"onPrepare\",\"onWorkerStart\",\"onWorkerEnd\",\"before\",\"beforeSession\",\"beforeSuite\",\"beforeHook\",\"beforeTest\",\"afterTest\",\"afterHook\",\"afterSuite\",\"afterSession\",\"after\",\"onComplete\",\"beforeAssertion\",\"afterAssertion\",\"beforeFeature\",\"beforeScenario\",\"beforeStep\",\"afterStep\",\"afterScenario\",\"afterFeature\",\"_\",\"suite\",\"$0\",\"ignoredWorkerServices\",\"wdi5\"]"}]}
COMMAND: POST /session/5410ebbca63880522c561df3b9295ec8/execute/async - {"script":"<script> [21126 bytes]","args":[35000]}
RESULT: {"script":"<script> [21126 bytes]","args":[35000]}
]]></system-out>
    </testcase>
  </testsuite>
  <testsuite timestamp="2025-04-17T06:03:51" time="437.99" tests="9" failures="0" errors="0" skipped="0">
    <properties>
      <property name="specId" value="0"/>
      <property name="suiteName" value="US134625 Set up price condition - one time"/>
      <property name="capabilities" value="chrome.135_0_7049_42.windows"/>
      <property name="file" value="file:///D:/a/1/s/test/specs/BTS/set-up-price-condition-one-time.spec.js"/>
    </properties>
    <testcase classname="chrome.135_0_7049_42.windows.US134625_Set_up_price_condition_-_one_time" name="Should create a new yard used for all following tests" time="0.897">
      <system-out><![CDATA[
COMMAND: POST /session/5410ebbca63880522c561df3b9295ec8/window/fullscreen - {}
RESULT: {}
]]></system-out>
    </testcase>
    <testcase classname="chrome.135_0_7049_42.windows.US134625_Set_up_price_condition_-_one_time" name="Should create a new partner" time="0.004"/>
    <testcase classname="chrome.135_0_7049_42.windows.US134625_Set_up_price_condition_-_one_time" name="Should create a new site used for following tests" time="0.003"/>
    <testcase classname="chrome.135_0_7049_42.windows.US134625_Set_up_price_condition_-_one_time" name="Should create a new material for billing type one time" time="118.588">
      <system-out><![CDATA[
COMMAND: POST /session/5410ebbca63880522c561df3b9295ec8/execute/async - {"script":"<script> [1562 bytes]","args":[{"selector":{"controlType":"sap.m.GenericTile","properties":{"header":"Manage Resources"}},"wdio_ui5_key":"sapm.GenericTile{\"header\":\"Manage Resources\"}"}]}
RESULT: {"script":"<script> [1562 bytes]","args":[{"selector":{"controlType":"sap.m.GenericTile","properties":{"header":"Manage Resources"}},"wdio_ui5_key":"sapm.GenericTile{\"header\":\"Manage Resources\"}"}]}
RESULT: undefined
COMMAND: POST /session/5410ebbca63880522c561df3b9295ec8/element - {"using":"xpath","value":"//*[@id=\"__tile39\"]"}
RESULT: {"using":"xpath","value":"//*[@id=\"__tile39\"]"}
COMMAND: POST /session/5410ebbca63880522c561df3b9295ec8/element/f.A21AC8DC3B7A3D8172EB3983758B85EF.d.B0DE1108C9CCDB19912A7CC79022EF24.e.6678/click - {}
RESULT: {}
COMMAND: POST /session/5410ebbca63880522c561df3b9295ec8/element - {"using":"xpath","value":"//button[@data-kt=\"addNewRUOverflowToolbarButton\"]"}
COMMAND: GET /session/5410ebbca63880522c561df3b9295ec8/screenshot - {}
RESULT: {"using":"xpath","value":"//button[@data-kt=\"addNewRUOverflowToolbarButton\"]"}
COMMAND: POST /session/5410ebbca63880522c561df3b9295ec8/elements - {"using":"xpath","value":"//button[@data-kt=\"addNewRUOverflowToolbarButton\"]"}
RESULT: {}
RESULT: {"using":"xpath","value":"//button[@data-kt=\"addNewRUOverflowToolbarButton\"]"}
COMMAND: POST /session/5410ebbca63880522c561df3b9295ec8/elements - {"using":"xpath","value":"//button[@data-kt=\"addNewRUOverflowToolbarButton\"]"}
RESULT: {"using":"xpath","value":"//button[@data-kt=\"addNewRUOverflowToolbarButton\"]"}
RESULT: undefined
COMMAND: POST /session/5410ebbca63880522c561df3b9295ec8/elements - {"using":"xpath","value":"//button[@data-kt=\"addNewRUOverflowToolbarButton\"]"}
RESULT: {"using":"xpath","value":"//button[@data-kt=\"addNewRUOverflowToolbarButton\"]"}
COMMAND: POST /session/5410ebbca63880522c561df3b9295ec8/elements - {"using":"xpath","value":"//button[@data-kt=\"addNewRUOverflowToolbarButton\"]"}
RESULT: {"using":"xpath","value":"//button[@data-kt=\"addNewRUOverflowToolbarButton\"]"}
COMMAND: POST /session/5410ebbca63880522c561df3b9295ec8/elements - {"using":"xpath","value":"//button[@data-kt=\"addNewRUOverflowToolbarButton\"]"}
RESULT: {"using":"xpath","value":"//button[@data-kt=\"addNewRUOverflowToolbarButton\"]"}
COMMAND: POST /session/5410ebbca63880522c561df3b9295ec8/elements - {"using":"xpath","value":"//button[@data-kt=\"addNewRUOverflowToolbarButton\"]"}
RESULT: {"using":"xpath","value":"//button[@data-kt=\"addNewRUOverflowToolbarButton\"]"}
COMMAND: POST /session/5410ebbca63880522c561df3b9295ec8/elements - {"using":"xpath","value":"//button[@data-kt=\"addNewRUOverflowToolbarButton\"]"}
RESULT: {"using":"xpath","value":"//button[@data-kt=\"addNewRUOverflowToolbarButton\"]"}
COMMAND: POST /session/5410ebbca63880522c561df3b9295ec8/elements - {"using":"xpath","value":"//button[@data-kt=\"addNewRUOverflowToolbarButton\"]"}
RESULT: {"using":"xpath","value":"//button[@data-kt=\"addNewRUOverflowToolbarButton\"]"}
COMMAND: POST /session/5410ebbca63880522c561df3b9295ec8/elements - {"using":"xpath","value":"//button[@data-kt=\"addNewRUOverflowToolbarButton\"]"}
RESULT: {"using":"xpath","value":"//button[@data-kt=\"addNewRUOverflowToolbarButton\"]"}
COMMAND: POST /session/5410ebbca63880522c561df3b9295ec8/elements - {"using":"xpath","value":"//button[@data-kt=\"addNewRUOverflowToolbarButton\"]"}
RESULT: {"using":"xpath","value":"//button[@data-kt=\"addNewRUOverflowToolbarButton\"]"}
COMMAND: POST /session/5410ebbca63880522c561df3b9295ec8/elements - {"using":"xpath","value":"//button[@data-kt=\"addNewRUOverflowToolbarButton\"]"}
RESULT: {"using":"xpath","value":"//button[@data-kt=\"addNewRUOverflowToolbarButton\"]"}
COMMAND: POST /session/5410ebbca63880522c561df3b9295ec8/elements - {"using":"xpath","value":"//button[@data-kt=\"addNewRUOverflowToolbarButton\"]"}
RESULT: {"using":"xpath","value":"//button[@data-kt=\"addNewRUOverflowToolbarButton\"]"}
COMMAND: POST /session/5410ebbca63880522c561df3b9295ec8/elements - {"using":"xpath","value":"//button[@data-kt=\"addNewRUOverflowToolbarButton\"]"}
RESULT: {"using":"xpath","value":"//button[@data-kt=\"addNewRUOverflowToolbarButton\"]"}
COMMAND: POST /session/5410ebbca63880522c561df3b9295ec8/elements - {"using":"xpath","value":"//button[@data-kt=\"addNewRUOverflowToolbarButton\"]"}
RESULT: {"using":"xpath","value":"//button[@data-kt=\"addNewRUOverflowToolbarButton\"]"}
COMMAND: POST /session/5410ebbca63880522c561df3b9295ec8/elements - {"using":"xpath","value":"//button[@data-kt=\"addNewRUOverflowToolbarButton\"]"}
RESULT: {"using":"xpath","value":"//button[@data-kt=\"addNewRUOverflowToolbarButton\"]"}
COMMAND: POST /session/5410ebbca63880522c561df3b9295ec8/elements - {"using":"xpath","value":"//button[@data-kt=\"addNewRUOverflowToolbarButton\"]"}
RESULT: {"using":"xpath","value":"//button[@data-kt=\"addNewRUOverflowToolbarButton\"]"}
COMMAND: POST /session/5410ebbca63880522c561df3b9295ec8/elements - {"using":"xpath","value":"//button[@data-kt=\"addNewRUOverflowToolbarButton\"]"}
RESULT: {"using":"xpath","value":"//button[@data-kt=\"addNewRUOverflowToolbarButton\"]"}
COMMAND: POST /session/5410ebbca63880522c561df3b9295ec8/elements - {"using":"xpath","value":"//button[@data-kt=\"addNewRUOverflowToolbarButton\"]"}
RESULT: {"using":"xpath","value":"//button[@data-kt=\"addNewRUOverflowToolbarButton\"]"}
COMMAND: POST /session/5410ebbca63880522c561df3b9295ec8/elements - {"using":"xpath","value":"//button[@data-kt=\"addNewRUOverflowToolbarButton\"]"}
RESULT: {"using":"xpath","value":"//button[@data-kt=\"addNewRUOverflowToolbarButton\"]"}
COMMAND: POST /session/5410ebbca63880522c561df3b9295ec8/elements - {"using":"xpath","value":"//button[@data-kt=\"addNewRUOverflowToolbarButton\"]"}
RESULT: {"using":"xpath","value":"//button[@data-kt=\"addNewRUOverflowToolbarButton\"]"}
COMMAND: POST /session/5410ebbca63880522c561df3b9295ec8/elements - {"using":"xpath","value":"//button[@data-kt=\"addNewRUOverflowToolbarButton\"]"}
RESULT: {"using":"xpath","value":"//button[@data-kt=\"addNewRUOverflowToolbarButton\"]"}
COMMAND: POST /session/5410ebbca63880522c561df3b9295ec8/elements - {"using":"xpath","value":"//button[@data-kt=\"addNewRUOverflowToolbarButton\"]"}
RESULT: {"using":"xpath","value":"//button[@data-kt=\"addNewRUOverflowToolbarButton\"]"}
COMMAND: POST /session/5410ebbca63880522c561df3b9295ec8/elements - {"using":"xpath","value":"//button[@data-kt=\"addNewRUOverflowToolbarButton\"]"}
RESULT: {"using":"xpath","value":"//button[@data-kt=\"addNewRUOverflowToolbarButton\"]"}
COMMAND: POST /session/5410ebbca63880522c561df3b9295ec8/elements - {"using":"xpath","value":"//button[@data-kt=\"addNewRUOverflowToolbarButton\"]"}
RESULT: {"using":"xpath","value":"//button[@data-kt=\"addNewRUOverflowToolbarButton\"]"}
COMMAND: POST /session/5410ebbca63880522c561df3b9295ec8/elements - {"using":"xpath","value":"//button[@data-kt=\"addNewRUOverflowToolbarButton\"]"}
RESULT: {"using":"xpath","value":"//button[@data-kt=\"addNewRUOverflowToolbarButton\"]"}
COMMAND: POST /session/5410ebbca63880522c561df3b9295ec8/elements - {"using":"xpath","value":"//button[@data-kt=\"addNewRUOverflowToolbarButton\"]"}
RESULT: {"using":"xpath","value":"//button[@data-kt=\"addNewRUOverflowToolbarButton\"]"}
COMMAND: POST /session/5410ebbca63880522c561df3b9295ec8/elements - {"using":"xpath","value":"//button[@data-kt=\"addNewRUOverflowToolbarButton\"]"}
RESULT: {"using":"xpath","value":"//button[@data-kt=\"addNewRUOverflowToolbarButton\"]"}
COMMAND: POST /session/5410ebbca63880522c561df3b9295ec8/elements - {"using":"xpath","value":"//button[@data-kt=\"addNewRUOverflowToolbarButton\"]"}
RESULT: {"using":"xpath","value":"//button[@data-kt=\"addNewRUOverflowToolbarButton\"]"}
COMMAND: POST /session/5410ebbca63880522c561df3b9295ec8/elements - {"using":"xpath","value":"//button[@data-kt=\"addNewRUOverflowToolbarButton\"]"}
RESULT: {"using":"xpath","value":"//button[@data-kt=\"addNewRUOverflowToolbarButton\"]"}
COMMAND: POST /session/5410ebbca63880522c561df3b9295ec8/elements - {"using":"xpath","value":"//button[@data-kt=\"addNewRUOverflowToolbarButton\"]"}
RESULT: {"using":"xpath","value":"//button[@data-kt=\"addNewRUOverflowToolbarButton\"]"}
COMMAND: POST /session/5410ebbca63880522c561df3b9295ec8/elements - {"using":"xpath","value":"//button[@data-kt=\"addNewRUOverflowToolbarButton\"]"}
RESULT: {"using":"xpath","value":"//button[@data-kt=\"addNewRUOverflowToolbarButton\"]"}
COMMAND: POST /session/5410ebbca63880522c561df3b9295ec8/elements - {"using":"xpath","value":"//button[@data-kt=\"addNewRUOverflowToolbarButton\"]"}
RESULT: {"using":"xpath","value":"//button[@data-kt=\"addNewRUOverflowToolbarButton\"]"}
COMMAND: POST /session/5410ebbca63880522c561df3b9295ec8/elements - {"using":"xpath","value":"//button[@data-kt=\"addNewRUOverflowToolbarButton\"]"}
RESULT: {"using":"xpath","value":"//button[@data-kt=\"addNewRUOverflowToolbarButton\"]"}
COMMAND: POST /session/5410ebbca63880522c561df3b9295ec8/elements - {"using":"xpath","value":"//button[@data-kt=\"addNewRUOverflowToolbarButton\"]"}
RESULT: {"using":"xpath","value":"//button[@data-kt=\"addNewRUOverflowToolbarButton\"]"}
COMMAND: POST /session/5410ebbca63880522c561df3b9295ec8/elements - {"using":"xpath","value":"//button[@data-kt=\"addNewRUOverflowToolbarButton\"]"}
RESULT: {"using":"xpath","value":"//button[@data-kt=\"addNewRUOverflowToolbarButton\"]"}
COMMAND: POST /session/5410ebbca63880522c561df3b9295ec8/elements - {"using":"xpath","value":"//button[@data-kt=\"addNewRUOverflowToolbarButton\"]"}
RESULT: {"using":"xpath","value":"//button[@data-kt=\"addNewRUOverflowToolbarButton\"]"}
COMMAND: POST /session/5410ebbca63880522c561df3b9295ec8/elements - {"using":"xpath","value":"//button[@data-kt=\"addNewRUOverflowToolbarButton\"]"}
RESULT: {"using":"xpath","value":"//button[@data-kt=\"addNewRUOverflowToolbarButton\"]"}
COMMAND: POST /session/5410ebbca63880522c561df3b9295ec8/elements - {"using":"xpath","value":"//button[@data-kt=\"addNewRUOverflowToolbarButton\"]"}
RESULT: {"using":"xpath","value":"//button[@data-kt=\"addNewRUOverflowToolbarButton\"]"}
COMMAND: POST /session/5410ebbca63880522c561df3b9295ec8/elements - {"using":"xpath","value":"//button[@data-kt=\"addNewRUOverflowToolbarButton\"]"}
RESULT: {"using":"xpath","value":"//button[@data-kt=\"addNewRUOverflowToolbarButton\"]"}
COMMAND: POST /session/5410ebbca63880522c561df3b9295ec8/elements - {"using":"xpath","value":"//button[@data-kt=\"addNewRUOverflowToolbarButton\"]"}
RESULT: {"using":"xpath","value":"//button[@data-kt=\"addNewRUOverflowToolbarButton\"]"}
COMMAND: POST /session/5410ebbca63880522c561df3b9295ec8/elements - {"using":"xpath","value":"//button[@data-kt=\"addNewRUOverflowToolbarButton\"]"}
RESULT: {"using":"xpath","value":"//button[@data-kt=\"addNewRUOverflowToolbarButton\"]"}
COMMAND: POST /session/5410ebbca63880522c561df3b9295ec8/elements - {"using":"xpath","value":"//button[@data-kt=\"addNewRUOverflowToolbarButton\"]"}
RESULT: {"using":"xpath","value":"//button[@data-kt=\"addNewRUOverflowToolbarButton\"]"}
COMMAND: POST /session/5410ebbca63880522c561df3b9295ec8/elements - {"using":"xpath","value":"//button[@data-kt=\"addNewRUOverflowToolbarButton\"]"}
RESULT: {"using":"xpath","value":"//button[@data-kt=\"addNewRUOverflowToolbarButton\"]"}
COMMAND: POST /session/5410ebbca63880522c561df3b9295ec8/elements - {"using":"xpath","value":"//button[@data-kt=\"addNewRUOverflowToolbarButton\"]"}
RESULT: {"using":"xpath","value":"//button[@data-kt=\"addNewRUOverflowToolbarButton\"]"}
COMMAND: POST /session/5410ebbca63880522c561df3b9295ec8/elements - {"using":"xpath","value":"//button[@data-kt=\"addNewRUOverflowToolbarButton\"]"}
RESULT: {"using":"xpath","value":"//button[@data-kt=\"addNewRUOverflowToolbarButton\"]"}
COMMAND: POST /session/5410ebbca63880522c561df3b9295ec8/elements - {"using":"xpath","value":"//button[@data-kt=\"addNewRUOverflowToolbarButton\"]"}
RESULT: {"using":"xpath","value":"//button[@data-kt=\"addNewRUOverflowToolbarButton\"]"}
COMMAND: POST /session/5410ebbca63880522c561df3b9295ec8/elements - {"using":"xpath","value":"//button[@data-kt=\"addNewRUOverflowToolbarButton\"]"}
RESULT: {"using":"xpath","value":"//button[@data-kt=\"addNewRUOverflowToolbarButton\"]"}
COMMAND: POST /session/5410ebbca63880522c561df3b9295ec8/elements - {"using":"xpath","value":"//button[@data-kt=\"addNewRUOverflowToolbarButton\"]"}
RESULT: {"using":"xpath","value":"//button[@data-kt=\"addNewRUOverflowToolbarButton\"]"}
COMMAND: POST /session/5410ebbca63880522c561df3b9295ec8/elements - {"using":"xpath","value":"//button[@data-kt=\"addNewRUOverflowToolbarButton\"]"}
RESULT: {"using":"xpath","value":"//button[@data-kt=\"addNewRUOverflowToolbarButton\"]"}
COMMAND: POST /session/5410ebbca63880522c561df3b9295ec8/element - {"using":"xpath","value":"//button[@data-kt=\"addNewRUOverflowToolbarButton\"]"}
RESULT: {"using":"xpath","value":"//button[@data-kt=\"addNewRUOverflowToolbarButton\"]"}
COMMAND: POST /session/5410ebbca63880522c561df3b9295ec8/execute/sync - {"script":"<script> [8489 bytes]","args":[{"element-6066-11e4-a52e-4f735466cecf":"f.A21AC8DC3B7A3D8172EB3983758B85EF.d.B0DE1108C9CCDB19912A7CC79022EF24.e.6819","ELEMENT":"f.A21AC8DC3B7A3D8172EB3983758B85EF.d.B0DE1108C9CCDB19912A7CC79022EF24.e.6819"}]}
RESULT: {"script":"<script> [8489 bytes]","args":[{"element-6066-11e4-a52e-4f735466cecf":"f.A21AC8DC3B7A3D8172EB3983758B85EF.d.B0DE1108C9CCDB19912A7CC79022EF24.e.6819","ELEMENT":"f.A21AC8DC3B7A3D8172EB3983758B85EF.d.B0DE1108C9CCDB19912A7CC79022EF24.e.6819"}]}
COMMAND: GET /session/5410ebbca63880522c561df3b9295ec8/element/f.A21AC8DC3B7A3D8172EB3983758B85EF.d.B0DE1108C9CCDB19912A7CC79022EF24.e.6819/enabled - {}
COMMAND: GET /session/5410ebbca63880522c561df3b9295ec8/screenshot - {}
RESULT: {}
COMMAND: POST /session/5410ebbca63880522c561df3b9295ec8/execute/sync - {"script":"<script> [8489 bytes]","args":[{"element-6066-11e4-a52e-4f735466cecf":"f.A21AC8DC3B7A3D8172EB3983758B85EF.d.B0DE1108C9CCDB19912A7CC79022EF24.e.6819","ELEMENT":"f.A21AC8DC3B7A3D8172EB3983758B85EF.d.B0DE1108C9CCDB19912A7CC79022EF24.e.6819"}]}
COMMAND: GET /session/5410ebbca63880522c561df3b9295ec8/screenshot - {}
RESULT: {}
RESULT: {"script":"<script> [8489 bytes]","args":[{"element-6066-11e4-a52e-4f735466cecf":"f.A21AC8DC3B7A3D8172EB3983758B85EF.d.B0DE1108C9CCDB19912A7CC79022EF24.e.6819","ELEMENT":"f.A21AC8DC3B7A3D8172EB3983758B85EF.d.B0DE1108C9CCDB19912A7CC79022EF24.e.6819"}]}
COMMAND: POST /session/5410ebbca63880522c561df3b9295ec8/execute/sync - {"script":"<script> [5351 bytes]","args":[{"element-6066-11e4-a52e-4f735466cecf":"f.A21AC8DC3B7A3D8172EB3983758B85EF.d.B0DE1108C9CCDB19912A7CC79022EF24.e.6819","ELEMENT":"f.A21AC8DC3B7A3D8172EB3983758B85EF.d.B0DE1108C9CCDB19912A7CC79022EF24.e.6819"}]}
COMMAND: GET /session/5410ebbca63880522c561df3b9295ec8/screenshot - {}
RESULT: {}
RESULT: {"script":"<script> [5351 bytes]","args":[{"element-6066-11e4-a52e-4f735466cecf":"f.A21AC8DC3B7A3D8172EB3983758B85EF.d.B0DE1108C9CCDB19912A7CC79022EF24.e.6819","ELEMENT":"f.A21AC8DC3B7A3D8172EB3983758B85EF.d.B0DE1108C9CCDB19912A7CC79022EF24.e.6819"}]}
COMMAND: POST /session/5410ebbca63880522c561df3b9295ec8/element/f.A21AC8DC3B7A3D8172EB3983758B85EF.d.B0DE1108C9CCDB19912A7CC79022EF24.e.6819/click - {}
COMMAND: GET /session/5410ebbca63880522c561df3b9295ec8/screenshot - {}
RESULT: {}
RESULT: {}
COMMAND: GET /session/5410ebbca63880522c561df3b9295ec8/screenshot - {}
RESULT: {}
COMMAND: POST /session/5410ebbca63880522c561df3b9295ec8/execute/async - {"script":"<script> [1562 bytes]","args":[{"selector":{"id":"application-manageresources-display-component---newResourceUnit--TYPE-arrow"},"wdio_ui5_key":"applicationmanageresources-display-component---newResourceUnit--TYPE-arrow"}]}
RESULT: {}
RESULT: {"script":"<script> [1562 bytes]","args":[{"selector":{"id":"application-manageresources-display-component---newResourceUnit--TYPE-arrow"},"wdio_ui5_key":"applicationmanageresources-display-component---newResourceUnit--TYPE-arrow"}]}
RESULT: undefined
COMMAND: POST /session/5410ebbca63880522c561df3b9295ec8/element - {"using":"xpath","value":"//*[@id=\"application-manageresources-display-component---newResourceUnit--TYPE-arrow\"]"}
RESULT: {"using":"xpath","value":"//*[@id=\"application-manageresources-display-component---newResourceUnit--TYPE-arrow\"]"}
COMMAND: POST /session/5410ebbca63880522c561df3b9295ec8/element/f.A21AC8DC3B7A3D8172EB3983758B85EF.d.B0DE1108C9CCDB19912A7CC79022EF24.e.7178/click - {}
RESULT: {}
COMMAND: POST /session/5410ebbca63880522c561df3b9295ec8/element - {"using":"xpath","value":"//input[@id=\"application-manageresources-display-component---newResourceUnit--TYPE-inner\"]"}
COMMAND: GET /session/5410ebbca63880522c561df3b9295ec8/screenshot - {}
RESULT: {"using":"xpath","value":"//input[@id=\"application-manageresources-display-component---newResourceUnit--TYPE-inner\"]"}
COMMAND: POST /session/5410ebbca63880522c561df3b9295ec8/element/f.A21AC8DC3B7A3D8172EB3983758B85EF.d.B0DE1108C9CCDB19912A7CC79022EF24.e.7174/clear - {}
RESULT: {}
RESULT: {}
COMMAND: POST /session/5410ebbca63880522c561df3b9295ec8/element/f.A21AC8DC3B7A3D8172EB3983758B85EF.d.B0DE1108C9CCDB19912A7CC79022EF24.e.7174/value - {"text":"Material"}
COMMAND: GET /session/5410ebbca63880522c561df3b9295ec8/screenshot - {}
RESULT: {"text":"Material"}
COMMAND: GET /session/5410ebbca63880522c561df3b9295ec8/screenshot - {}
RESULT: {}
RESULT: {}
COMMAND: POST /session/5410ebbca63880522c561df3b9295ec8/actions - {"actions":[{"id":"action18","type":"key","parameters":{},"actions":[{"type":"keyDown","value":""},{"type":"pause","duration":10},{"type":"keyUp","value":""}]}]}
RESULT: {"actions":[{"id":"action18","type":"key","parameters":{},"actions":[{"type":"keyDown","value":""},{"type":"pause","duration":10},{"type":"keyUp","value":""}]}]}
COMMAND: POST /session/5410ebbca63880522c561df3b9295ec8/execute/async - {"script":"<script> [1562 bytes]","args":[{"selector":{"id":"application-manageresources-display-component---newResourceUnit--SHORT_TEXT","interaction":{"idSuffix":"inner"}},"wdio_ui5_key":"applicationmanageresources-display-component---newResourceUnit--SHORT_TEXT"}]}
COMMAND: GET /session/5410ebbca63880522c561df3b9295ec8/screenshot - {}
RESULT: {"script":"<script> [1562 bytes]","args":[{"selector":{"id":"application-manageresources-display-component---newResourceUnit--SHORT_TEXT","interaction":{"idSuffix":"inner"}},"wdio_ui5_key":"applicationmanageresources-display-component---newResourceUnit--SHORT_TEXT"}]}
RESULT: undefined
COMMAND: POST /session/5410ebbca63880522c561df3b9295ec8/execute/async - {"script":"<script> [776 bytes]","args":[{"enterText":"Cement WDIO","selector":{"id":"application-manageresources-display-component---newResourceUnit--SHORT_TEXT","interaction":{"idSuffix":"inner"}},"clearTextFirst":true,"interactionType":"ENTER_TEXT"}]}
RESULT: {}
RESULT: {"script":"<script> [776 bytes]","args":[{"enterText":"Cement WDIO","selector":{"id":"application-manageresources-display-component---newResourceUnit--SHORT_TEXT","interaction":{"idSuffix":"inner"}},"clearTextFirst":true,"interactionType":"ENTER_TEXT"}]}
COMMAND: POST /session/5410ebbca63880522c561df3b9295ec8/execute/async - {"script":"<script> [1562 bytes]","args":[{"selector":{"id":"application-manageresources-display-component---newResourceUnit--BASE_UNIT_OF_MEASURE","interaction":{"idSuffix":"inner"}},"wdio_ui5_key":"applicationmanageresources-display-component---newResourceUnit--BASE_UNIT_OF_MEASURE"}]}
RESULT: {"script":"<script> [1562 bytes]","args":[{"selector":{"id":"application-manageresources-display-component---newResourceUnit--BASE_UNIT_OF_MEASURE","interaction":{"idSuffix":"inner"}},"wdio_ui5_key":"applicationmanageresources-display-component---newResourceUnit--BASE_UNIT_OF_MEASURE"}]}
RESULT: undefined
COMMAND: POST /session/5410ebbca63880522c561df3b9295ec8/execute/async - {"script":"<script> [776 bytes]","args":[{"enterText":"Piece","selector":{"id":"application-manageresources-display-component---newResourceUnit--BASE_UNIT_OF_MEASURE","interaction":{"idSuffix":"inner"}},"clearTextFirst":true,"interactionType":"ENTER_TEXT"}]}
RESULT: {"script":"<script> [776 bytes]","args":[{"enterText":"Piece","selector":{"id":"application-manageresources-display-component---newResourceUnit--BASE_UNIT_OF_MEASURE","interaction":{"idSuffix":"inner"}},"clearTextFirst":true,"interactionType":"ENTER_TEXT"}]}
COMMAND: POST /session/5410ebbca63880522c561df3b9295ec8/execute/async - {"script":"<script> [1562 bytes]","args":[{"selector":{"id":"application-manageresources-display-component---newResourceUnit--WEIGHT_UNIT","interaction":{"idSuffix":"inner"}},"wdio_ui5_key":"applicationmanageresources-display-component---newResourceUnit--WEIGHT_UNIT"}]}
RESULT: {"script":"<script> [1562 bytes]","args":[{"selector":{"id":"application-manageresources-display-component---newResourceUnit--WEIGHT_UNIT","interaction":{"idSuffix":"inner"}},"wdio_ui5_key":"applicationmanageresources-display-component---newResourceUnit--WEIGHT_UNIT"}]}
RESULT: undefined
COMMAND: POST /session/5410ebbca63880522c561df3b9295ec8/execute/async - {"script":"<script> [776 bytes]","args":[{"enterText":"Gram","selector":{"id":"application-manageresources-display-component---newResourceUnit--WEIGHT_UNIT","interaction":{"idSuffix":"inner"}},"clearTextFirst":true,"interactionType":"ENTER_TEXT"}]}
RESULT: {"script":"<script> [776 bytes]","args":[{"enterText":"Gram","selector":{"id":"application-manageresources-display-component---newResourceUnit--WEIGHT_UNIT","interaction":{"idSuffix":"inner"}},"clearTextFirst":true,"interactionType":"ENTER_TEXT"}]}
COMMAND: POST /session/5410ebbca63880522c561df3b9295ec8/execute/async - {"script":"<script> [1562 bytes]","args":[{"selector":{"id":"application-manageresources-display-component---newResourceUnit--DIMENSION_UNIT","interaction":{"idSuffix":"inner"}},"wdio_ui5_key":"applicationmanageresources-display-component---newResourceUnit--DIMENSION_UNIT"}]}
RESULT: {"script":"<script> [1562 bytes]","args":[{"selector":{"id":"application-manageresources-display-component---newResourceUnit--DIMENSION_UNIT","interaction":{"idSuffix":"inner"}},"wdio_ui5_key":"applicationmanageresources-display-component---newResourceUnit--DIMENSION_UNIT"}]}
RESULT: undefined
COMMAND: POST /session/5410ebbca63880522c561df3b9295ec8/execute/async - {"script":"<script> [776 bytes]","args":[{"enterText":"Meter","selector":{"id":"application-manageresources-display-component---newResourceUnit--DIMENSION_UNIT","interaction":{"idSuffix":"inner"}},"clearTextFirst":true,"interactionType":"ENTER_TEXT"}]}
RESULT: {"script":"<script> [776 bytes]","args":[{"enterText":"Meter","selector":{"id":"application-manageresources-display-component---newResourceUnit--DIMENSION_UNIT","interaction":{"idSuffix":"inner"}},"clearTextFirst":true,"interactionType":"ENTER_TEXT"}]}
COMMAND: POST /session/5410ebbca63880522c561df3b9295ec8/execute/async - {"script":"<script> [1562 bytes]","args":[{"selector":{"id":"application-manageresources-display-component---newResourceUnit--newRRUPage-anchBar-application-manageresources-display-component---newResourceUnit--control-anchor","interaction":{"idSuffix":"BDI-content"}},"wdio_ui5_key":"applicationmanageresources-display-component---newResourceUnit--newRRUPage-anchBar-application-manageresources-display-component---newResourceUnit--control-anchor"}]}
RESULT: {"script":"<script> [1562 bytes]","args":[{"selector":{"id":"application-manageresources-display-component---newResourceUnit--newRRUPage-anchBar-application-manageresources-display-component---newResourceUnit--control-anchor","interaction":{"idSuffix":"BDI-content"}},"wdio_ui5_key":"applicationmanageresources-display-component---newResourceUnit--newRRUPage-anchBar-application-manageresources-display-component---newResourceUnit--control-anchor"}]}
RESULT: undefined
COMMAND: POST /session/5410ebbca63880522c561df3b9295ec8/element - {"using":"xpath","value":"//*[@id=\"application-manageresources-display-component---newResourceUnit--newRRUPage-anchBar-application-manageresources-display-component---newResourceUnit--control-anchor\"]"}
RESULT: {"using":"xpath","value":"//*[@id=\"application-manageresources-display-component---newResourceUnit--newRRUPage-anchBar-application-manageresources-display-component---newResourceUnit--control-anchor\"]"}
COMMAND: POST /session/5410ebbca63880522c561df3b9295ec8/element/f.A21AC8DC3B7A3D8172EB3983758B85EF.d.B0DE1108C9CCDB19912A7CC79022EF24.e.7246/click - {}
RESULT: {}
COMMAND: POST /session/5410ebbca63880522c561df3b9295ec8/execute/async - {"script":"<script> [1562 bytes]","args":[{"selector":{"id":"application-manageresources-display-component---newResourceUnit--PLANNING_GROUP","interaction":{"idSuffix":"inner"}},"wdio_ui5_key":"applicationmanageresources-display-component---newResourceUnit--PLANNING_GROUP"}]}
COMMAND: GET /session/5410ebbca63880522c561df3b9295ec8/screenshot - {}
RESULT: {"script":"<script> [1562 bytes]","args":[{"selector":{"id":"application-manageresources-display-component---newResourceUnit--PLANNING_GROUP","interaction":{"idSuffix":"inner"}},"wdio_ui5_key":"applicationmanageresources-display-component---newResourceUnit--PLANNING_GROUP"}]}
RESULT: undefined
COMMAND: POST /session/5410ebbca63880522c561df3b9295ec8/execute/async - {"script":"<script> [776 bytes]","args":[{"enterText":"Material","selector":{"id":"application-manageresources-display-component---newResourceUnit--PLANNING_GROUP","interaction":{"idSuffix":"inner"}},"clearTextFirst":true,"interactionType":"ENTER_TEXT"}]}
RESULT: {}
RESULT: {"script":"<script> [776 bytes]","args":[{"enterText":"Material","selector":{"id":"application-manageresources-display-component---newResourceUnit--PLANNING_GROUP","interaction":{"idSuffix":"inner"}},"clearTextFirst":true,"interactionType":"ENTER_TEXT"}]}
COMMAND: POST /session/5410ebbca63880522c561df3b9295ec8/execute/async - {"script":"<script> [1562 bytes]","args":[{"selector":{"id":"application-manageresources-display-component---newResourceUnit--PLANNING_INDICATOR","interaction":{"idSuffix":"inner"}},"wdio_ui5_key":"applicationmanageresources-display-component---newResourceUnit--PLANNING_INDICATOR"}]}
RESULT: {"script":"<script> [1562 bytes]","args":[{"selector":{"id":"application-manageresources-display-component---newResourceUnit--PLANNING_INDICATOR","interaction":{"idSuffix":"inner"}},"wdio_ui5_key":"applicationmanageresources-display-component---newResourceUnit--PLANNING_INDICATOR"}]}
RESULT: undefined
COMMAND: POST /session/5410ebbca63880522c561df3b9295ec8/execute/async - {"script":"<script> [776 bytes]","args":[{"enterText":"10 - infinite","selector":{"id":"application-manageresources-display-component---newResourceUnit--PLANNING_INDICATOR","interaction":{"idSuffix":"inner"}},"clearTextFirst":true,"interactionType":"ENTER_TEXT"}]}
RESULT: {"script":"<script> [776 bytes]","args":[{"enterText":"10 - infinite","selector":{"id":"application-manageresources-display-component---newResourceUnit--PLANNING_INDICATOR","interaction":{"idSuffix":"inner"}},"clearTextFirst":true,"interactionType":"ENTER_TEXT"}]}
COMMAND: POST /session/5410ebbca63880522c561df3b9295ec8/element - {"using":"css selector","value":"#application-manageresources-display-component---newResourceUnit--btnAddTimeSegment"}
RESULT: {"using":"css selector","value":"#application-manageresources-display-component---newResourceUnit--btnAddTimeSegment"}
COMMAND: GET /session/5410ebbca63880522c561df3b9295ec8/element/f.A21AC8DC3B7A3D8172EB3983758B85EF.d.B0DE1108C9CCDB19912A7CC79022EF24.e.7254/rect - {}
RESULT: {}
COMMAND: GET /session/5410ebbca63880522c561df3b9295ec8/window/rect - {}
RESULT: {}
COMMAND: POST /session/5410ebbca63880522c561df3b9295ec8/execute/sync - {"script":"<script> [92 bytes]","args":[]}
RESULT: {"script":"<script> [92 bytes]","args":[]}
COMMAND: POST /session/5410ebbca63880522c561df3b9295ec8/actions - {"actions":[{"id":"action19","type":"wheel","parameters":{},"actions":[{"type":"scroll","x":-1888,"y":-32,"deltaX":0,"deltaY":0,"duration":0,"origin":{"element-6066-11e4-a52e-4f735466cecf":"f.A21AC8DC3B7A3D8172EB3983758B85EF.d.B0DE1108C9CCDB19912A7CC79022EF24.e.7254"}}]}]}
COMMAND: GET /session/5410ebbca63880522c561df3b9295ec8/screenshot - {}
RESULT: {}
COMMAND: POST /session/5410ebbca63880522c561df3b9295ec8/execute/sync - {"script":"<script> [79 bytes]","args":[{"element-6066-11e4-a52e-4f735466cecf":"f.A21AC8DC3B7A3D8172EB3983758B85EF.d.B0DE1108C9CCDB19912A7CC79022EF24.e.7254","ELEMENT":"f.A21AC8DC3B7A3D8172EB3983758B85EF.d.B0DE1108C9CCDB19912A7CC79022EF24.e.7254"},{"block":"start","inline":"nearest"}]}
RESULT: {"script":"<script> [79 bytes]","args":[{"element-6066-11e4-a52e-4f735466cecf":"f.A21AC8DC3B7A3D8172EB3983758B85EF.d.B0DE1108C9CCDB19912A7CC79022EF24.e.7254","ELEMENT":"f.A21AC8DC3B7A3D8172EB3983758B85EF.d.B0DE1108C9CCDB19912A7CC79022EF24.e.7254"},{"block":"start","inline":"nearest"}]}
COMMAND: POST /session/5410ebbca63880522c561df3b9295ec8/execute/async - {"script":"<script> [1562 bytes]","args":[{"selector":{"id":"application-manageresources-display-component---newResourceUnit--btnAddTimeSegment","interaction":{"idSuffix":"inner"}},"wdio_ui5_key":"applicationmanageresources-display-component---newResourceUnit--btnAddTimeSegment"}]}
COMMAND: GET /session/5410ebbca63880522c561df3b9295ec8/screenshot - {}
RESULT: {"script":"<script> [1562 bytes]","args":[{"selector":{"id":"application-manageresources-display-component---newResourceUnit--btnAddTimeSegment","interaction":{"idSuffix":"inner"}},"wdio_ui5_key":"applicationmanageresources-display-component---newResourceUnit--btnAddTimeSegment"}]}
RESULT: undefined
COMMAND: POST /session/5410ebbca63880522c561df3b9295ec8/element - {"using":"xpath","value":"//*[@id=\"application-manageresources-display-component---newResourceUnit--btnAddTimeSegment\"]"}
RESULT: {}
RESULT: {"using":"xpath","value":"//*[@id=\"application-manageresources-display-component---newResourceUnit--btnAddTimeSegment\"]"}
COMMAND: POST /session/5410ebbca63880522c561df3b9295ec8/element/f.A21AC8DC3B7A3D8172EB3983758B85EF.d.B0DE1108C9CCDB19912A7CC79022EF24.e.7254/click - {}
RESULT: {}
COMMAND: GET /session/5410ebbca63880522c561df3b9295ec8/screenshot - {}
RESULT: {}
COMMAND: POST /session/5410ebbca63880522c561df3b9295ec8/element - {"using":"xpath","value":"//input[@id=\"application-manageresources-display-component---newResourceUnit--idRuTSAdmin-application-manageresources-display-component---newResourceUnit--RUTimeSegment-0-inner\"]"}
RESULT: {"using":"xpath","value":"//input[@id=\"application-manageresources-display-component---newResourceUnit--idRuTSAdmin-application-manageresources-display-component---newResourceUnit--RUTimeSegment-0-inner\"]"}
COMMAND: POST /session/5410ebbca63880522c561df3b9295ec8/element/f.A21AC8DC3B7A3D8172EB3983758B85EF.d.B0DE1108C9CCDB19912A7CC79022EF24.e.7259/clear - {}
RESULT: {}
COMMAND: POST /session/5410ebbca63880522c561df3b9295ec8/element/f.A21AC8DC3B7A3D8172EB3983758B85EF.d.B0DE1108C9CCDB19912A7CC79022EF24.e.7259/value - {"text":"474"}
COMMAND: GET /session/5410ebbca63880522c561df3b9295ec8/screenshot - {}
RESULT: {"text":"474"}
COMMAND: GET /session/5410ebbca63880522c561df3b9295ec8/screenshot - {}
RESULT: {}
RESULT: {}
COMMAND: POST /session/5410ebbca63880522c561df3b9295ec8/element - {"using":"xpath","value":"//li[.//span[text()='474']]"}
RESULT: {"using":"xpath","value":"//li[.//span[text()='474']]"}
COMMAND: POST /session/5410ebbca63880522c561df3b9295ec8/element/f.A21AC8DC3B7A3D8172EB3983758B85EF.d.B0DE1108C9CCDB19912A7CC79022EF24.e.7268/click - {}
RESULT: {}
COMMAND: GET /session/5410ebbca63880522c561df3b9295ec8/screenshot - {}
RESULT: {}
COMMAND: POST /session/5410ebbca63880522c561df3b9295ec8/element - {"using":"xpath","value":"(//span[contains(@id, \"-application-manageresources-display-component---newResourceUnit--RUTimeSegment-0-arrow\")])[2]"}
RESULT: {"using":"xpath","value":"(//span[contains(@id, \"-application-manageresources-display-component---newResourceUnit--RUTimeSegment-0-arrow\")])[2]"}
COMMAND: POST /session/5410ebbca63880522c561df3b9295ec8/element/f.A21AC8DC3B7A3D8172EB3983758B85EF.d.B0DE1108C9CCDB19912A7CC79022EF24.e.7269/click - {}
RESULT: {}
COMMAND: POST /session/5410ebbca63880522c561df3b9295ec8/element - {"using":"xpath","value":"//span[contains(text(), \"PM Order\")]"}
COMMAND: GET /session/5410ebbca63880522c561df3b9295ec8/screenshot - {}
RESULT: {"using":"xpath","value":"//span[contains(text(), \"PM Order\")]"}
COMMAND: POST /session/5410ebbca63880522c561df3b9295ec8/element/f.A21AC8DC3B7A3D8172EB3983758B85EF.d.B0DE1108C9CCDB19912A7CC79022EF24.e.7270/click - {}
RESULT: {}
RESULT: {}
COMMAND: GET /session/5410ebbca63880522c561df3b9295ec8/screenshot - {}
RESULT: {}
COMMAND: POST /session/5410ebbca63880522c561df3b9295ec8/element - {"using":"xpath","value":"//td/div/div/div/span[contains(@id, \"newResourceUnit--RUTimeSegment-0-vhi\")][1]"}
RESULT: {"using":"xpath","value":"//td/div/div/div/span[contains(@id, \"newResourceUnit--RUTimeSegment-0-vhi\")][1]"}
COMMAND: POST /session/5410ebbca63880522c561df3b9295ec8/element/f.A21AC8DC3B7A3D8172EB3983758B85EF.d.B0DE1108C9CCDB19912A7CC79022EF24.e.7273/click - {}
RESULT: {}
COMMAND: GET /session/5410ebbca63880522c561df3b9295ec8/screenshot - {}
RESULT: {}
COMMAND: POST /session/5410ebbca63880522c561df3b9295ec8/execute/async - {"script":"<script> [1562 bytes]","args":[{"selector":{"controlType":"sap.m.SearchField","properties":{"placeholder":"Search"},"searchOpenDialogs":true,"interaction":{"idSuffix":"I"}},"wdio_ui5_key":"sapm.SearchField{\"placeholder\":\"Search\"}"}]}
RESULT: {"script":"<script> [1562 bytes]","args":[{"selector":{"controlType":"sap.m.SearchField","properties":{"placeholder":"Search"},"searchOpenDialogs":true,"interaction":{"idSuffix":"I"}},"wdio_ui5_key":"sapm.SearchField{\"placeholder\":\"Search\"}"}]}
RESULT: undefined
COMMAND: POST /session/5410ebbca63880522c561df3b9295ec8/execute/async - {"script":"<script> [776 bytes]","args":[{"enterText":"4000360","selector":{"controlType":"sap.m.SearchField","properties":{"placeholder":"Search"},"searchOpenDialogs":true,"interaction":{"idSuffix":"I"}},"clearTextFirst":true,"interactionType":"ENTER_TEXT"}]}
RESULT: {"script":"<script> [776 bytes]","args":[{"enterText":"4000360","selector":{"controlType":"sap.m.SearchField","properties":{"placeholder":"Search"},"searchOpenDialogs":true,"interaction":{"idSuffix":"I"}},"clearTextFirst":true,"interactionType":"ENTER_TEXT"}]}
COMMAND: POST /session/5410ebbca63880522c561df3b9295ec8/actions - {"actions":[{"id":"action20","type":"key","parameters":{},"actions":[{"type":"keyDown","value":""},{"type":"pause","duration":10},{"type":"keyUp","value":""}]}]}
RESULT: {"actions":[{"id":"action20","type":"key","parameters":{},"actions":[{"type":"keyDown","value":""},{"type":"pause","duration":10},{"type":"keyUp","value":""}]}]}
COMMAND: GET /session/5410ebbca63880522c561df3b9295ec8/screenshot - {}
RESULT: {}
COMMAND: POST /session/5410ebbca63880522c561df3b9295ec8/element - {"using":"xpath","value":"//td/div/span[contains(text(), \"BGL Vehicles\")]"}
RESULT: {"using":"xpath","value":"//td/div/span[contains(text(), \"BGL Vehicles\")]"}
COMMAND: POST /session/5410ebbca63880522c561df3b9295ec8/element/f.A21AC8DC3B7A3D8172EB3983758B85EF.d.B0DE1108C9CCDB19912A7CC79022EF24.e.7292/click - {}
RESULT: {}
COMMAND: GET /session/5410ebbca63880522c561df3b9295ec8/screenshot - {}
RESULT: {}
COMMAND: POST /session/5410ebbca63880522c561df3b9295ec8/element - {"using":"xpath","value":"//bdi[contains(text(), \"OK\")]"}
RESULT: {"using":"xpath","value":"//bdi[contains(text(), \"OK\")]"}
COMMAND: POST /session/5410ebbca63880522c561df3b9295ec8/element/f.A21AC8DC3B7A3D8172EB3983758B85EF.d.B0DE1108C9CCDB19912A7CC79022EF24.e.7293/click - {}
RESULT: {}
COMMAND: GET /session/5410ebbca63880522c561df3b9295ec8/screenshot - {}
RESULT: {}
COMMAND: POST /session/5410ebbca63880522c561df3b9295ec8/element - {"using":"xpath","value":"//button[@data-kt=\"resourceUnitSaveButton\"]"}
RESULT: {"using":"xpath","value":"//button[@data-kt=\"resourceUnitSaveButton\"]"}
COMMAND: POST /session/5410ebbca63880522c561df3b9295ec8/element/f.A21AC8DC3B7A3D8172EB3983758B85EF.d.B0DE1108C9CCDB19912A7CC79022EF24.e.7197/click - {}
RESULT: {}
COMMAND: GET /session/5410ebbca63880522c561df3b9295ec8/screenshot - {}
RESULT: {}
COMMAND: POST /session/5410ebbca63880522c561df3b9295ec8/element - {"using":"xpath","value":"//bdi[contains(text(), \"Close\")]"}
RESULT: {"using":"xpath","value":"//bdi[contains(text(), \"Close\")]"}
COMMAND: POST /session/5410ebbca63880522c561df3b9295ec8/element/f.A21AC8DC3B7A3D8172EB3983758B85EF.d.B0DE1108C9CCDB19912A7CC79022EF24.e.7300/click - {}
RESULT: {}
COMMAND: GET /session/5410ebbca63880522c561df3b9295ec8/screenshot - {}
RESULT: {}
COMMAND: POST /session/5410ebbca63880522c561df3b9295ec8/element - {"using":"xpath","value":"//header[contains(@id, 'detailRruPage-headerTitle')]/div[1]/div[2]/div[2]/span[1]"}
RESULT: {"using":"xpath","value":"//header[contains(@id, 'detailRruPage-headerTitle')]/div[1]/div[2]/div[2]/span[1]"}
COMMAND: POST /session/5410ebbca63880522c561df3b9295ec8/elements - {"using":"xpath","value":"//header[contains(@id, 'detailRruPage-headerTitle')]/div[1]/div[2]/div[2]/span[1]"}
RESULT: {"using":"xpath","value":"//header[contains(@id, 'detailRruPage-headerTitle')]/div[1]/div[2]/div[2]/span[1]"}
COMMAND: POST /session/5410ebbca63880522c561df3b9295ec8/execute/sync - {"script":"<script> [56 bytes]","args":[{"element-6066-11e4-a52e-4f735466cecf":"f.A21AC8DC3B7A3D8172EB3983758B85EF.d.B0DE1108C9CCDB19912A7CC79022EF24.e.7328","ELEMENT":"f.A21AC8DC3B7A3D8172EB3983758B85EF.d.B0DE1108C9CCDB19912A7CC79022EF24.e.7328"}]}
RESULT: {"script":"<script> [56 bytes]","args":[{"element-6066-11e4-a52e-4f735466cecf":"f.A21AC8DC3B7A3D8172EB3983758B85EF.d.B0DE1108C9CCDB19912A7CC79022EF24.e.7328","ELEMENT":"f.A21AC8DC3B7A3D8172EB3983758B85EF.d.B0DE1108C9CCDB19912A7CC79022EF24.e.7328"}]}
]]></system-out>
    </testcase>
    <testcase classname="chrome.135_0_7049_42.windows.US134625_Set_up_price_condition_-_one_time" name="Should create new pricing rule one time" time="64.488">
      <system-out><![CDATA[
COMMAND: POST /session/5410ebbca63880522c561df3b9295ec8/element - {"using":"xpath","value":"(//button[contains(@id ,\"actionsToolbar-overflowButton\")])[1]"}
COMMAND: GET /session/5410ebbca63880522c561df3b9295ec8/screenshot - {}
RESULT: {"using":"xpath","value":"(//button[contains(@id ,\"actionsToolbar-overflowButton\")])[1]"}
COMMAND: POST /session/5410ebbca63880522c561df3b9295ec8/element/f.A21AC8DC3B7A3D8172EB3983758B85EF.d.B0DE1108C9CCDB19912A7CC79022EF24.e.7329/click - {}
RESULT: {}
RESULT: {}
COMMAND: GET /session/5410ebbca63880522c561df3b9295ec8/screenshot - {}
RESULT: {}
COMMAND: POST /session/5410ebbca63880522c561df3b9295ec8/element - {"using":"xpath","value":"//button[@data-kt=\"priceInfoButton\"]"}
RESULT: {"using":"xpath","value":"//button[@data-kt=\"priceInfoButton\"]"}
COMMAND: POST /session/5410ebbca63880522c561df3b9295ec8/element/f.A21AC8DC3B7A3D8172EB3983758B85EF.d.B0DE1108C9CCDB19912A7CC79022EF24.e.7331/click - {}
RESULT: {}
COMMAND: GET /session/5410ebbca63880522c561df3b9295ec8/screenshot - {}
RESULT: {}
COMMAND: POST /session/5410ebbca63880522c561df3b9295ec8/element - {"using":"xpath","value":"//button[@data-kt=\"addButton\"]"}
RESULT: {"using":"xpath","value":"//button[@data-kt=\"addButton\"]"}
COMMAND: POST /session/5410ebbca63880522c561df3b9295ec8/elements - {"using":"xpath","value":"//button[@data-kt=\"addButton\"]"}
RESULT: {"using":"xpath","value":"//button[@data-kt=\"addButton\"]"}
COMMAND: POST /session/5410ebbca63880522c561df3b9295ec8/elements - {"using":"xpath","value":"//button[@data-kt=\"addButton\"]"}
RESULT: {"using":"xpath","value":"//button[@data-kt=\"addButton\"]"}
COMMAND: POST /session/5410ebbca63880522c561df3b9295ec8/element - {"using":"xpath","value":"//button[@data-kt=\"addButton\"]"}
RESULT: {"using":"xpath","value":"//button[@data-kt=\"addButton\"]"}
COMMAND: POST /session/5410ebbca63880522c561df3b9295ec8/execute/sync - {"script":"<script> [8489 bytes]","args":[{"element-6066-11e4-a52e-4f735466cecf":"f.A21AC8DC3B7A3D8172EB3983758B85EF.d.B0DE1108C9CCDB19912A7CC79022EF24.e.7367","ELEMENT":"f.A21AC8DC3B7A3D8172EB3983758B85EF.d.B0DE1108C9CCDB19912A7CC79022EF24.e.7367"}]}
RESULT: {"script":"<script> [8489 bytes]","args":[{"element-6066-11e4-a52e-4f735466cecf":"f.A21AC8DC3B7A3D8172EB3983758B85EF.d.B0DE1108C9CCDB19912A7CC79022EF24.e.7367","ELEMENT":"f.A21AC8DC3B7A3D8172EB3983758B85EF.d.B0DE1108C9CCDB19912A7CC79022EF24.e.7367"}]}
COMMAND: GET /session/5410ebbca63880522c561df3b9295ec8/element/f.A21AC8DC3B7A3D8172EB3983758B85EF.d.B0DE1108C9CCDB19912A7CC79022EF24.e.7367/enabled - {}
COMMAND: GET /session/5410ebbca63880522c561df3b9295ec8/screenshot - {}
RESULT: {}
COMMAND: POST /session/5410ebbca63880522c561df3b9295ec8/execute/sync - {"script":"<script> [8489 bytes]","args":[{"element-6066-11e4-a52e-4f735466cecf":"f.A21AC8DC3B7A3D8172EB3983758B85EF.d.B0DE1108C9CCDB19912A7CC79022EF24.e.7367","ELEMENT":"f.A21AC8DC3B7A3D8172EB3983758B85EF.d.B0DE1108C9CCDB19912A7CC79022EF24.e.7367"}]}
COMMAND: GET /session/5410ebbca63880522c561df3b9295ec8/screenshot - {}
RESULT: {}
RESULT: {"script":"<script> [8489 bytes]","args":[{"element-6066-11e4-a52e-4f735466cecf":"f.A21AC8DC3B7A3D8172EB3983758B85EF.d.B0DE1108C9CCDB19912A7CC79022EF24.e.7367","ELEMENT":"f.A21AC8DC3B7A3D8172EB3983758B85EF.d.B0DE1108C9CCDB19912A7CC79022EF24.e.7367"}]}
COMMAND: POST /session/5410ebbca63880522c561df3b9295ec8/execute/sync - {"script":"<script> [5351 bytes]","args":[{"element-6066-11e4-a52e-4f735466cecf":"f.A21AC8DC3B7A3D8172EB3983758B85EF.d.B0DE1108C9CCDB19912A7CC79022EF24.e.7367","ELEMENT":"f.A21AC8DC3B7A3D8172EB3983758B85EF.d.B0DE1108C9CCDB19912A7CC79022EF24.e.7367"}]}
COMMAND: GET /session/5410ebbca63880522c561df3b9295ec8/screenshot - {}
RESULT: {}
RESULT: {"script":"<script> [5351 bytes]","args":[{"element-6066-11e4-a52e-4f735466cecf":"f.A21AC8DC3B7A3D8172EB3983758B85EF.d.B0DE1108C9CCDB19912A7CC79022EF24.e.7367","ELEMENT":"f.A21AC8DC3B7A3D8172EB3983758B85EF.d.B0DE1108C9CCDB19912A7CC79022EF24.e.7367"}]}
COMMAND: POST /session/5410ebbca63880522c561df3b9295ec8/element/f.A21AC8DC3B7A3D8172EB3983758B85EF.d.B0DE1108C9CCDB19912A7CC79022EF24.e.7367/click - {}
COMMAND: GET /session/5410ebbca63880522c561df3b9295ec8/screenshot - {}
RESULT: {}
RESULT: {}
COMMAND: GET /session/5410ebbca63880522c561df3b9295ec8/screenshot - {}
RESULT: {}
RESULT: {}
COMMAND: POST /session/5410ebbca63880522c561df3b9295ec8/execute/async - {"script":"<script> [1562 bytes]","args":[{"selector":{"controlType":"sap.m.Title","viewName":"etm.portal.ui.managepricingrules.view.NewItem","viewId":"application-managepricingrules-display-component---newInfoPriceItem","properties":{"text":"New Pricing Rules - Item Level"}},"wdio_ui5_key":"etmportal.ui.managepricingrules.view.NewItemsap.m.Title{\"text\":\"New Pricing Rules - Item Level\"}"}]}
RESULT: {"script":"<script> [1562 bytes]","args":[{"selector":{"controlType":"sap.m.Title","viewName":"etm.portal.ui.managepricingrules.view.NewItem","viewId":"application-managepricingrules-display-component---newInfoPriceItem","properties":{"text":"New Pricing Rules - Item Level"}},"wdio_ui5_key":"etmportal.ui.managepricingrules.view.NewItemsap.m.Title{\"text\":\"New Pricing Rules - Item Level\"}"}]}
RESULT: undefined
COMMAND: POST /session/5410ebbca63880522c561df3b9295ec8/execute/async - {"script":"<script> [6424 bytes]","args":[{"element-6066-11e4-a52e-4f735466cecf":"f.A21AC8DC3B7A3D8172EB3983758B85EF.d.B0DE1108C9CCDB19912A7CC79022EF24.e.7494"},"getText",[]]}
RESULT: {"script":"<script> [6424 bytes]","args":[{"element-6066-11e4-a52e-4f735466cecf":"f.A21AC8DC3B7A3D8172EB3983758B85EF.d.B0DE1108C9CCDB19912A7CC79022EF24.e.7494"},"getText",[]]}
COMMAND: POST /session/5410ebbca63880522c561df3b9295ec8/execute/async - {"script":"<script> [1562 bytes]","args":[{"selector":{"id":"application-managepricingrules-display-component---newInfoPriceItem--condValidTo","interaction":{"idSuffix":"inner"}},"wdio_ui5_key":"applicationmanagepricingrules-display-component---newInfoPriceItem--condValidTo"}]}
RESULT: {"script":"<script> [1562 bytes]","args":[{"selector":{"id":"application-managepricingrules-display-component---newInfoPriceItem--condValidTo","interaction":{"idSuffix":"inner"}},"wdio_ui5_key":"applicationmanagepricingrules-display-component---newInfoPriceItem--condValidTo"}]}
RESULT: undefined
COMMAND: POST /session/5410ebbca63880522c561df3b9295ec8/execute/async - {"script":"<script> [776 bytes]","args":[{"enterText":"12/17/25","selector":{"id":"application-managepricingrules-display-component---newInfoPriceItem--condValidTo","interaction":{"idSuffix":"inner"}},"clearTextFirst":true,"interactionType":"ENTER_TEXT"}]}
RESULT: {"script":"<script> [776 bytes]","args":[{"enterText":"12/17/25","selector":{"id":"application-managepricingrules-display-component---newInfoPriceItem--condValidTo","interaction":{"idSuffix":"inner"}},"clearTextFirst":true,"interactionType":"ENTER_TEXT"}]}
COMMAND: POST /session/5410ebbca63880522c561df3b9295ec8/execute/async - {"script":"<script> [1562 bytes]","args":[{"selector":{"id":"application-managepricingrules-display-component---newInfoPriceItem--billType-arrow"},"wdio_ui5_key":"applicationmanagepricingrules-display-component---newInfoPriceItem--billType-arrow"}]}
RESULT: {"script":"<script> [1562 bytes]","args":[{"selector":{"id":"application-managepricingrules-display-component---newInfoPriceItem--billType-arrow"},"wdio_ui5_key":"applicationmanagepricingrules-display-component---newInfoPriceItem--billType-arrow"}]}
RESULT: undefined
COMMAND: POST /session/5410ebbca63880522c561df3b9295ec8/element - {"using":"xpath","value":"//*[@id=\"application-managepricingrules-display-component---newInfoPriceItem--billType-arrow\"]"}
RESULT: {"using":"xpath","value":"//*[@id=\"application-managepricingrules-display-component---newInfoPriceItem--billType-arrow\"]"}
COMMAND: POST /session/5410ebbca63880522c561df3b9295ec8/element/f.A21AC8DC3B7A3D8172EB3983758B85EF.d.B0DE1108C9CCDB19912A7CC79022EF24.e.7496/click - {}
RESULT: {}
COMMAND: POST /session/5410ebbca63880522c561df3b9295ec8/element - {"using":"xpath","value":"//span[contains(text(), \"OT - Sales (one-time)\")]"}
COMMAND: GET /session/5410ebbca63880522c561df3b9295ec8/screenshot - {}
RESULT: {"using":"xpath","value":"//span[contains(text(), \"OT - Sales (one-time)\")]"}
COMMAND: POST /session/5410ebbca63880522c561df3b9295ec8/element/f.A21AC8DC3B7A3D8172EB3983758B85EF.d.B0DE1108C9CCDB19912A7CC79022EF24.e.7497/click - {}
RESULT: {}
RESULT: {}
COMMAND: POST /session/5410ebbca63880522c561df3b9295ec8/execute/async - {"script":"<script> [1562 bytes]","args":[{"selector":{"id":"application-managepricingrules-display-component---newInfoPriceItem--priceProc-arrow"},"wdio_ui5_key":"applicationmanagepricingrules-display-component---newInfoPriceItem--priceProc-arrow"}]}
COMMAND: GET /session/5410ebbca63880522c561df3b9295ec8/screenshot - {}
RESULT: {"script":"<script> [1562 bytes]","args":[{"selector":{"id":"application-managepricingrules-display-component---newInfoPriceItem--priceProc-arrow"},"wdio_ui5_key":"applicationmanagepricingrules-display-component---newInfoPriceItem--priceProc-arrow"}]}
RESULT: undefined
COMMAND: POST /session/5410ebbca63880522c561df3b9295ec8/element - {"using":"xpath","value":"//*[@id=\"application-managepricingrules-display-component---newInfoPriceItem--priceProc-arrow\"]"}
RESULT: {}
RESULT: {"using":"xpath","value":"//*[@id=\"application-managepricingrules-display-component---newInfoPriceItem--priceProc-arrow\"]"}
COMMAND: POST /session/5410ebbca63880522c561df3b9295ec8/element/f.A21AC8DC3B7A3D8172EB3983758B85EF.d.B0DE1108C9CCDB19912A7CC79022EF24.e.7498/click - {}
RESULT: {}
COMMAND: POST /session/5410ebbca63880522c561df3b9295ec8/element - {"using":"xpath","value":"//span[contains(text(), \"MAT - Material\")]"}
COMMAND: GET /session/5410ebbca63880522c561df3b9295ec8/screenshot - {}
RESULT: {"using":"xpath","value":"//span[contains(text(), \"MAT - Material\")]"}
COMMAND: POST /session/5410ebbca63880522c561df3b9295ec8/element/f.A21AC8DC3B7A3D8172EB3983758B85EF.d.B0DE1108C9CCDB19912A7CC79022EF24.e.7499/click - {}
RESULT: {}
RESULT: {}
COMMAND: POST /session/5410ebbca63880522c561df3b9295ec8/execute/async - {"script":"<script> [1562 bytes]","args":[{"selector":{"id":"application-managepricingrules-display-component---newInfoPriceItem--calcBase-arrow"},"wdio_ui5_key":"applicationmanagepricingrules-display-component---newInfoPriceItem--calcBase-arrow"}]}
COMMAND: GET /session/5410ebbca63880522c561df3b9295ec8/screenshot - {}
RESULT: {"script":"<script> [1562 bytes]","args":[{"selector":{"id":"application-managepricingrules-display-component---newInfoPriceItem--calcBase-arrow"},"wdio_ui5_key":"applicationmanagepricingrules-display-component---newInfoPriceItem--calcBase-arrow"}]}
RESULT: undefined
COMMAND: POST /session/5410ebbca63880522c561df3b9295ec8/element - {"using":"xpath","value":"//*[@id=\"application-managepricingrules-display-component---newInfoPriceItem--calcBase-arrow\"]"}
RESULT: {}
RESULT: {"using":"xpath","value":"//*[@id=\"application-managepricingrules-display-component---newInfoPriceItem--calcBase-arrow\"]"}
COMMAND: POST /session/5410ebbca63880522c561df3b9295ec8/element/f.A21AC8DC3B7A3D8172EB3983758B85EF.d.B0DE1108C9CCDB19912A7CC79022EF24.e.7470/click - {}
RESULT: {}
COMMAND: GET /session/5410ebbca63880522c561df3b9295ec8/screenshot - {}
RESULT: {}
COMMAND: POST /session/5410ebbca63880522c561df3b9295ec8/element - {"using":"xpath","value":"//span[contains(text(), \"0001 - TB(exact month + cal_days)\")]"}
RESULT: {"using":"xpath","value":"//span[contains(text(), \"0001 - TB(exact month + cal_days)\")]"}
COMMAND: POST /session/5410ebbca63880522c561df3b9295ec8/element/f.A21AC8DC3B7A3D8172EB3983758B85EF.d.B0DE1108C9CCDB19912A7CC79022EF24.e.7500/click - {}
RESULT: {}
COMMAND: GET /session/5410ebbca63880522c561df3b9295ec8/screenshot - {}
RESULT: {}
COMMAND: POST /session/5410ebbca63880522c561df3b9295ec8/element - {"using":"xpath","value":"//button[@data-kt=\"saveNewRuleButton\"]"}
RESULT: {"using":"xpath","value":"//button[@data-kt=\"saveNewRuleButton\"]"}
COMMAND: POST /session/5410ebbca63880522c561df3b9295ec8/element/f.A21AC8DC3B7A3D8172EB3983758B85EF.d.B0DE1108C9CCDB19912A7CC79022EF24.e.7482/click - {}
RESULT: {}
COMMAND: GET /session/5410ebbca63880522c561df3b9295ec8/screenshot - {}
RESULT: {}
COMMAND: POST /session/5410ebbca63880522c561df3b9295ec8/execute/async - {"script":"<script> [1562 bytes]","args":[{"selector":{"id":"application-managepricingrules-display-component---priceInfoItem--smartFilterBar-btnBasicSearch","interaction":{"idSuffix":"I"}},"wdio_ui5_key":"applicationmanagepricingrules-display-component---priceInfoItem--smartFilterBar-btnBasicSearch"}]}
RESULT: {"script":"<script> [1562 bytes]","args":[{"selector":{"id":"application-managepricingrules-display-component---priceInfoItem--smartFilterBar-btnBasicSearch","interaction":{"idSuffix":"I"}},"wdio_ui5_key":"applicationmanagepricingrules-display-component---priceInfoItem--smartFilterBar-btnBasicSearch"}]}
RESULT: undefined
COMMAND: POST /session/5410ebbca63880522c561df3b9295ec8/execute/async - {"script":"<script> [776 bytes]","args":[{"enterText":"200262","selector":{"id":"application-managepricingrules-display-component---priceInfoItem--smartFilterBar-btnBasicSearch","interaction":{"idSuffix":"I"}},"clearTextFirst":true,"interactionType":"ENTER_TEXT"}]}
RESULT: {"script":"<script> [776 bytes]","args":[{"enterText":"200262","selector":{"id":"application-managepricingrules-display-component---priceInfoItem--smartFilterBar-btnBasicSearch","interaction":{"idSuffix":"I"}},"clearTextFirst":true,"interactionType":"ENTER_TEXT"}]}
COMMAND: POST /session/5410ebbca63880522c561df3b9295ec8/actions - {"actions":[{"id":"action21","type":"key","parameters":{},"actions":[{"type":"keyDown","value":""},{"type":"pause","duration":10},{"type":"keyUp","value":""}]}]}
RESULT: {"actions":[{"id":"action21","type":"key","parameters":{},"actions":[{"type":"keyDown","value":""},{"type":"pause","duration":10},{"type":"keyUp","value":""}]}]}
COMMAND: GET /session/5410ebbca63880522c561df3b9295ec8/screenshot - {}
RESULT: {}
COMMAND: POST /session/5410ebbca63880522c561df3b9295ec8/element - {"using":"xpath","value":"//span[@id=\"application-managepricingrules-display-component---priceInfoItem--smartTable-header-inner\"]"}
RESULT: {"using":"xpath","value":"//span[@id=\"application-managepricingrules-display-component---priceInfoItem--smartTable-header-inner\"]"}
COMMAND: POST /session/5410ebbca63880522c561df3b9295ec8/elements - {"using":"xpath","value":"//span[@id=\"application-managepricingrules-display-component---priceInfoItem--smartTable-header-inner\"]"}
RESULT: {"using":"xpath","value":"//span[@id=\"application-managepricingrules-display-component---priceInfoItem--smartTable-header-inner\"]"}
COMMAND: POST /session/5410ebbca63880522c561df3b9295ec8/execute/sync - {"script":"<script> [56 bytes]","args":[{"element-6066-11e4-a52e-4f735466cecf":"f.A21AC8DC3B7A3D8172EB3983758B85EF.d.B0DE1108C9CCDB19912A7CC79022EF24.e.7513","ELEMENT":"f.A21AC8DC3B7A3D8172EB3983758B85EF.d.B0DE1108C9CCDB19912A7CC79022EF24.e.7513"}]}
RESULT: {"script":"<script> [56 bytes]","args":[{"element-6066-11e4-a52e-4f735466cecf":"f.A21AC8DC3B7A3D8172EB3983758B85EF.d.B0DE1108C9CCDB19912A7CC79022EF24.e.7513","ELEMENT":"f.A21AC8DC3B7A3D8172EB3983758B85EF.d.B0DE1108C9CCDB19912A7CC79022EF24.e.7513"}]}
COMMAND: POST /session/5410ebbca63880522c561df3b9295ec8/element - {"using":"css selector","value":"#shell-header-logo"}
COMMAND: GET /session/5410ebbca63880522c561df3b9295ec8/screenshot - {}
RESULT: {"using":"css selector","value":"#shell-header-logo"}
COMMAND: POST /session/5410ebbca63880522c561df3b9295ec8/element/f.A21AC8DC3B7A3D8172EB3983758B85EF.d.B0DE1108C9CCDB19912A7CC79022EF24.e.6787/click - {}
RESULT: {}
RESULT: {}
COMMAND: GET /session/5410ebbca63880522c561df3b9295ec8/screenshot - {}
RESULT: {}
]]></system-out>
    </testcase>
    <testcase classname="chrome.135_0_7049_42.windows.US134625_Set_up_price_condition_-_one_time" name="Should create new condition one time" time="71.767">
      <system-out><![CDATA[
COMMAND: POST /session/5410ebbca63880522c561df3b9295ec8/execute/async - {"script":"<script> [1562 bytes]","args":[{"selector":{"controlType":"sap.m.Text","properties":{"text":"Manage Conditions & Prices"},"interaction":{"idSuffix":"inner"}},"wdio_ui5_key":"sapm.Text{\"text\":\"Manage Conditions & Prices\"}"}]}
RESULT: {"script":"<script> [1562 bytes]","args":[{"selector":{"controlType":"sap.m.Text","properties":{"text":"Manage Conditions & Prices"},"interaction":{"idSuffix":"inner"}},"wdio_ui5_key":"sapm.Text{\"text\":\"Manage Conditions & Prices\"}"}]}
RESULT: undefined
COMMAND: POST /session/5410ebbca63880522c561df3b9295ec8/element - {"using":"xpath","value":"//*[@id=\"__tile53-title\"]"}
RESULT: {"using":"xpath","value":"//*[@id=\"__tile53-title\"]"}
COMMAND: POST /session/5410ebbca63880522c561df3b9295ec8/element/f.A21AC8DC3B7A3D8172EB3983758B85EF.d.B0DE1108C9CCDB19912A7CC79022EF24.e.7516/click - {}
RESULT: {}
COMMAND: POST /session/5410ebbca63880522c561df3b9295ec8/element - {"using":"xpath","value":"//button[@aria-label=\"Create\"]"}
COMMAND: GET /session/5410ebbca63880522c561df3b9295ec8/screenshot - {}
RESULT: {"using":"xpath","value":"//button[@aria-label=\"Create\"]"}
COMMAND: POST /session/5410ebbca63880522c561df3b9295ec8/elements - {"using":"xpath","value":"//button[@aria-label=\"Create\"]"}
RESULT: {}
RESULT: {"using":"xpath","value":"//button[@aria-label=\"Create\"]"}
COMMAND: POST /session/5410ebbca63880522c561df3b9295ec8/elements - {"using":"xpath","value":"//button[@aria-label=\"Create\"]"}
RESULT: {"using":"xpath","value":"//button[@aria-label=\"Create\"]"}
COMMAND: POST /session/5410ebbca63880522c561df3b9295ec8/elements - {"using":"xpath","value":"//button[@aria-label=\"Create\"]"}
RESULT: {"using":"xpath","value":"//button[@aria-label=\"Create\"]"}
COMMAND: POST /session/5410ebbca63880522c561df3b9295ec8/elements - {"using":"xpath","value":"//button[@aria-label=\"Create\"]"}
RESULT: {"using":"xpath","value":"//button[@aria-label=\"Create\"]"}
COMMAND: POST /session/5410ebbca63880522c561df3b9295ec8/elements - {"using":"xpath","value":"//button[@aria-label=\"Create\"]"}
RESULT: {"using":"xpath","value":"//button[@aria-label=\"Create\"]"}
COMMAND: POST /session/5410ebbca63880522c561df3b9295ec8/elements - {"using":"xpath","value":"//button[@aria-label=\"Create\"]"}
RESULT: {"using":"xpath","value":"//button[@aria-label=\"Create\"]"}
COMMAND: POST /session/5410ebbca63880522c561df3b9295ec8/elements - {"using":"xpath","value":"//button[@aria-label=\"Create\"]"}
RESULT: {"using":"xpath","value":"//button[@aria-label=\"Create\"]"}
COMMAND: POST /session/5410ebbca63880522c561df3b9295ec8/elements - {"using":"xpath","value":"//button[@aria-label=\"Create\"]"}
RESULT: {"using":"xpath","value":"//button[@aria-label=\"Create\"]"}
COMMAND: POST /session/5410ebbca63880522c561df3b9295ec8/elements - {"using":"xpath","value":"//button[@aria-label=\"Create\"]"}
RESULT: {"using":"xpath","value":"//button[@aria-label=\"Create\"]"}
COMMAND: POST /session/5410ebbca63880522c561df3b9295ec8/element - {"using":"xpath","value":"//button[@aria-label=\"Create\"]"}
RESULT: {"using":"xpath","value":"//button[@aria-label=\"Create\"]"}
COMMAND: POST /session/5410ebbca63880522c561df3b9295ec8/execute/sync - {"script":"<script> [8489 bytes]","args":[{"element-6066-11e4-a52e-4f735466cecf":"f.A21AC8DC3B7A3D8172EB3983758B85EF.d.B0DE1108C9CCDB19912A7CC79022EF24.e.7550","ELEMENT":"f.A21AC8DC3B7A3D8172EB3983758B85EF.d.B0DE1108C9CCDB19912A7CC79022EF24.e.7550"}]}
RESULT: {"script":"<script> [8489 bytes]","args":[{"element-6066-11e4-a52e-4f735466cecf":"f.A21AC8DC3B7A3D8172EB3983758B85EF.d.B0DE1108C9CCDB19912A7CC79022EF24.e.7550","ELEMENT":"f.A21AC8DC3B7A3D8172EB3983758B85EF.d.B0DE1108C9CCDB19912A7CC79022EF24.e.7550"}]}
COMMAND: GET /session/5410ebbca63880522c561df3b9295ec8/element/f.A21AC8DC3B7A3D8172EB3983758B85EF.d.B0DE1108C9CCDB19912A7CC79022EF24.e.7550/enabled - {}
COMMAND: GET /session/5410ebbca63880522c561df3b9295ec8/screenshot - {}
RESULT: {}
COMMAND: POST /session/5410ebbca63880522c561df3b9295ec8/execute/sync - {"script":"<script> [8489 bytes]","args":[{"element-6066-11e4-a52e-4f735466cecf":"f.A21AC8DC3B7A3D8172EB3983758B85EF.d.B0DE1108C9CCDB19912A7CC79022EF24.e.7550","ELEMENT":"f.A21AC8DC3B7A3D8172EB3983758B85EF.d.B0DE1108C9CCDB19912A7CC79022EF24.e.7550"}]}
COMMAND: GET /session/5410ebbca63880522c561df3b9295ec8/screenshot - {}
RESULT: {}
RESULT: {"script":"<script> [8489 bytes]","args":[{"element-6066-11e4-a52e-4f735466cecf":"f.A21AC8DC3B7A3D8172EB3983758B85EF.d.B0DE1108C9CCDB19912A7CC79022EF24.e.7550","ELEMENT":"f.A21AC8DC3B7A3D8172EB3983758B85EF.d.B0DE1108C9CCDB19912A7CC79022EF24.e.7550"}]}
COMMAND: POST /session/5410ebbca63880522c561df3b9295ec8/execute/sync - {"script":"<script> [5351 bytes]","args":[{"element-6066-11e4-a52e-4f735466cecf":"f.A21AC8DC3B7A3D8172EB3983758B85EF.d.B0DE1108C9CCDB19912A7CC79022EF24.e.7550","ELEMENT":"f.A21AC8DC3B7A3D8172EB3983758B85EF.d.B0DE1108C9CCDB19912A7CC79022EF24.e.7550"}]}
COMMAND: GET /session/5410ebbca63880522c561df3b9295ec8/screenshot - {}
RESULT: {}
RESULT: {"script":"<script> [5351 bytes]","args":[{"element-6066-11e4-a52e-4f735466cecf":"f.A21AC8DC3B7A3D8172EB3983758B85EF.d.B0DE1108C9CCDB19912A7CC79022EF24.e.7550","ELEMENT":"f.A21AC8DC3B7A3D8172EB3983758B85EF.d.B0DE1108C9CCDB19912A7CC79022EF24.e.7550"}]}
COMMAND: POST /session/5410ebbca63880522c561df3b9295ec8/element/f.A21AC8DC3B7A3D8172EB3983758B85EF.d.B0DE1108C9CCDB19912A7CC79022EF24.e.7550/click - {}
COMMAND: GET /session/5410ebbca63880522c561df3b9295ec8/screenshot - {}
RESULT: {}
RESULT: {}
COMMAND: GET /session/5410ebbca63880522c561df3b9295ec8/screenshot - {}
RESULT: {}
RESULT: {}
COMMAND: POST /session/5410ebbca63880522c561df3b9295ec8/actions - {"actions":[{"id":"action22","type":"key","parameters":{},"actions":[{"type":"keyDown","value":""},{"type":"pause","duration":10},{"type":"keyUp","value":""}]}]}
RESULT: {"actions":[{"id":"action22","type":"key","parameters":{},"actions":[{"type":"keyDown","value":""},{"type":"pause","duration":10},{"type":"keyUp","value":""}]}]}
COMMAND: GET /session/5410ebbca63880522c561df3b9295ec8/screenshot - {}
COMMAND: POST /session/5410ebbca63880522c561df3b9295ec8/execute/async - {"script":"<script> [1562 bytes]","args":[{"selector":{"id":"application-manageconditionprice-display-component---newCondition--condBillCond-arrow"},"wdio_ui5_key":"applicationmanageconditionprice-display-component---newCondition--condBillCond-arrow"}]}
RESULT: {}
RESULT: {"script":"<script> [1562 bytes]","args":[{"selector":{"id":"application-manageconditionprice-display-component---newCondition--condBillCond-arrow"},"wdio_ui5_key":"applicationmanageconditionprice-display-component---newCondition--condBillCond-arrow"}]}
RESULT: undefined
COMMAND: POST /session/5410ebbca63880522c561df3b9295ec8/element - {"using":"xpath","value":"//*[@id=\"application-manageconditionprice-display-component---newCondition--condBillCond-arrow\"]"}
RESULT: {"using":"xpath","value":"//*[@id=\"application-manageconditionprice-display-component---newCondition--condBillCond-arrow\"]"}
COMMAND: POST /session/5410ebbca63880522c561df3b9295ec8/element/f.A21AC8DC3B7A3D8172EB3983758B85EF.d.B0DE1108C9CCDB19912A7CC79022EF24.e.7730/click - {}
RESULT: {}
COMMAND: GET /session/5410ebbca63880522c561df3b9295ec8/screenshot - {}
RESULT: {}
COMMAND: POST /session/5410ebbca63880522c561df3b9295ec8/element - {"using":"xpath","value":"//li[.//span[contains(text(), \"SAPR - Sales price\")]]"}
RESULT: {"using":"xpath","value":"//li[.//span[contains(text(), \"SAPR - Sales price\")]]"}
COMMAND: POST /session/5410ebbca63880522c561df3b9295ec8/element/f.A21AC8DC3B7A3D8172EB3983758B85EF.d.B0DE1108C9CCDB19912A7CC79022EF24.e.7733/click - {}
RESULT: {}
COMMAND: GET /session/5410ebbca63880522c561df3b9295ec8/screenshot - {}
RESULT: {}
COMMAND: POST /session/5410ebbca63880522c561df3b9295ec8/execute/async - {"script":"<script> [1562 bytes]","args":[{"selector":{"id":"application-manageconditionprice-display-component---newCondition--condValidTo","interaction":{"idSuffix":"inner"}},"wdio_ui5_key":"applicationmanageconditionprice-display-component---newCondition--condValidTo"}]}
RESULT: {"script":"<script> [1562 bytes]","args":[{"selector":{"id":"application-manageconditionprice-display-component---newCondition--condValidTo","interaction":{"idSuffix":"inner"}},"wdio_ui5_key":"applicationmanageconditionprice-display-component---newCondition--condValidTo"}]}
RESULT: undefined
COMMAND: POST /session/5410ebbca63880522c561df3b9295ec8/execute/async - {"script":"<script> [776 bytes]","args":[{"enterText":"12/17/25","selector":{"id":"application-manageconditionprice-display-component---newCondition--condValidTo","interaction":{"idSuffix":"inner"}},"clearTextFirst":true,"interactionType":"ENTER_TEXT"}]}
RESULT: {"script":"<script> [776 bytes]","args":[{"enterText":"12/17/25","selector":{"id":"application-manageconditionprice-display-component---newCondition--condValidTo","interaction":{"idSuffix":"inner"}},"clearTextFirst":true,"interactionType":"ENTER_TEXT"}]}
COMMAND: POST /session/5410ebbca63880522c561df3b9295ec8/element - {"using":"xpath","value":"//input[@id=\"application-manageconditionprice-display-component---newCondition--condRU-inner\"]"}
RESULT: {"using":"xpath","value":"//input[@id=\"application-manageconditionprice-display-component---newCondition--condRU-inner\"]"}
COMMAND: POST /session/5410ebbca63880522c561df3b9295ec8/element/f.A21AC8DC3B7A3D8172EB3983758B85EF.d.B0DE1108C9CCDB19912A7CC79022EF24.e.7595/clear - {}
RESULT: {}
COMMAND: POST /session/5410ebbca63880522c561df3b9295ec8/element/f.A21AC8DC3B7A3D8172EB3983758B85EF.d.B0DE1108C9CCDB19912A7CC79022EF24.e.7595/value - {"text":"200262"}
COMMAND: GET /session/5410ebbca63880522c561df3b9295ec8/screenshot - {}
RESULT: {"text":"200262"}
COMMAND: GET /session/5410ebbca63880522c561df3b9295ec8/screenshot - {}
RESULT: {}
RESULT: {}
COMMAND: POST /session/5410ebbca63880522c561df3b9295ec8/actions - {"actions":[{"id":"action23","type":"key","parameters":{},"actions":[{"type":"keyDown","value":""},{"type":"pause","duration":10},{"type":"keyUp","value":""}]}]}
RESULT: {"actions":[{"id":"action23","type":"key","parameters":{},"actions":[{"type":"keyDown","value":""},{"type":"pause","duration":10},{"type":"keyUp","value":""}]}]}
COMMAND: POST /session/5410ebbca63880522c561df3b9295ec8/execute/async - {"script":"<script> [1562 bytes]","args":[{"selector":{"id":"application-manageconditionprice-display-component---newCondition--condBaseQty","interaction":{"idSuffix":"inner"}},"wdio_ui5_key":"applicationmanageconditionprice-display-component---newCondition--condBaseQty"}]}
COMMAND: GET /session/5410ebbca63880522c561df3b9295ec8/screenshot - {}
RESULT: {"script":"<script> [1562 bytes]","args":[{"selector":{"id":"application-manageconditionprice-display-component---newCondition--condBaseQty","interaction":{"idSuffix":"inner"}},"wdio_ui5_key":"applicationmanageconditionprice-display-component---newCondition--condBaseQty"}]}
RESULT: undefined
COMMAND: POST /session/5410ebbca63880522c561df3b9295ec8/execute/async - {"script":"<script> [776 bytes]","args":[{"enterText":"1","selector":{"id":"application-manageconditionprice-display-component---newCondition--condBaseQty","interaction":{"idSuffix":"inner"}},"clearTextFirst":true,"interactionType":"ENTER_TEXT"}]}
RESULT: {}
RESULT: {"script":"<script> [776 bytes]","args":[{"enterText":"1","selector":{"id":"application-manageconditionprice-display-component---newCondition--condBaseQty","interaction":{"idSuffix":"inner"}},"clearTextFirst":true,"interactionType":"ENTER_TEXT"}]}
COMMAND: POST /session/5410ebbca63880522c561df3b9295ec8/execute/async - {"script":"<script> [1562 bytes]","args":[{"selector":{"id":"application-manageconditionprice-display-component---newCondition--condValue","interaction":{"idSuffix":"inner"}},"wdio_ui5_key":"applicationmanageconditionprice-display-component---newCondition--condValue"}]}
RESULT: {"script":"<script> [1562 bytes]","args":[{"selector":{"id":"application-manageconditionprice-display-component---newCondition--condValue","interaction":{"idSuffix":"inner"}},"wdio_ui5_key":"applicationmanageconditionprice-display-component---newCondition--condValue"}]}
RESULT: undefined
COMMAND: POST /session/5410ebbca63880522c561df3b9295ec8/execute/async - {"script":"<script> [776 bytes]","args":[{"enterText":"100.00","selector":{"id":"application-manageconditionprice-display-component---newCondition--condValue","interaction":{"idSuffix":"inner"}},"clearTextFirst":true,"interactionType":"ENTER_TEXT"}]}
RESULT: {"script":"<script> [776 bytes]","args":[{"enterText":"100.00","selector":{"id":"application-manageconditionprice-display-component---newCondition--condValue","interaction":{"idSuffix":"inner"}},"clearTextFirst":true,"interactionType":"ENTER_TEXT"}]}
COMMAND: POST /session/5410ebbca63880522c561df3b9295ec8/execute/async - {"script":"<script> [1562 bytes]","args":[{"selector":{"id":"application-manageconditionprice-display-component---newCondition--condCurr-arrow"},"wdio_ui5_key":"applicationmanageconditionprice-display-component---newCondition--condCurr-arrow"}]}
RESULT: {"script":"<script> [1562 bytes]","args":[{"selector":{"id":"application-manageconditionprice-display-component---newCondition--condCurr-arrow"},"wdio_ui5_key":"applicationmanageconditionprice-display-component---newCondition--condCurr-arrow"}]}
RESULT: undefined
COMMAND: POST /session/5410ebbca63880522c561df3b9295ec8/element - {"using":"xpath","value":"//*[@id=\"application-manageconditionprice-display-component---newCondition--condCurr-arrow\"]"}
RESULT: {"using":"xpath","value":"//*[@id=\"application-manageconditionprice-display-component---newCondition--condCurr-arrow\"]"}
COMMAND: POST /session/5410ebbca63880522c561df3b9295ec8/element/f.A21AC8DC3B7A3D8172EB3983758B85EF.d.B0DE1108C9CCDB19912A7CC79022EF24.e.7708/click - {}
RESULT: {}
COMMAND: POST /session/5410ebbca63880522c561df3b9295ec8/element - {"using":"xpath","value":"//span[contains(text(), \"Euro\")]"}
COMMAND: GET /session/5410ebbca63880522c561df3b9295ec8/screenshot - {}
RESULT: {"using":"xpath","value":"//span[contains(text(), \"Euro\")]"}
COMMAND: POST /session/5410ebbca63880522c561df3b9295ec8/element/f.A21AC8DC3B7A3D8172EB3983758B85EF.d.B0DE1108C9CCDB19912A7CC79022EF24.e.7771/click - {}
RESULT: {}
RESULT: {}
COMMAND: POST /session/5410ebbca63880522c561df3b9295ec8/element - {"using":"xpath","value":"//button[@data-kt=\"saveButton\"]"}
COMMAND: GET /session/5410ebbca63880522c561df3b9295ec8/screenshot - {}
RESULT: {"using":"xpath","value":"//button[@data-kt=\"saveButton\"]"}
COMMAND: POST /session/5410ebbca63880522c561df3b9295ec8/element/f.A21AC8DC3B7A3D8172EB3983758B85EF.d.B0DE1108C9CCDB19912A7CC79022EF24.e.7709/click - {}
RESULT: {}
RESULT: {}
COMMAND: GET /session/5410ebbca63880522c561df3b9295ec8/screenshot - {}
RESULT: {}
COMMAND: POST /session/5410ebbca63880522c561df3b9295ec8/execute/async - {"script":"<script> [1562 bytes]","args":[{"selector":{"id":"application-manageconditionprice-display-component---conditions--smartFilterBar-btnBasicSearch","interaction":{"idSuffix":"I"}},"wdio_ui5_key":"applicationmanageconditionprice-display-component---conditions--smartFilterBar-btnBasicSearch"}]}
RESULT: {"script":"<script> [1562 bytes]","args":[{"selector":{"id":"application-manageconditionprice-display-component---conditions--smartFilterBar-btnBasicSearch","interaction":{"idSuffix":"I"}},"wdio_ui5_key":"applicationmanageconditionprice-display-component---conditions--smartFilterBar-btnBasicSearch"}]}
RESULT: undefined
COMMAND: POST /session/5410ebbca63880522c561df3b9295ec8/execute/async - {"script":"<script> [776 bytes]","args":[{"enterText":"200262","selector":{"id":"application-manageconditionprice-display-component---conditions--smartFilterBar-btnBasicSearch","interaction":{"idSuffix":"I"}},"clearTextFirst":true,"interactionType":"ENTER_TEXT"}]}
RESULT: {"script":"<script> [776 bytes]","args":[{"enterText":"200262","selector":{"id":"application-manageconditionprice-display-component---conditions--smartFilterBar-btnBasicSearch","interaction":{"idSuffix":"I"}},"clearTextFirst":true,"interactionType":"ENTER_TEXT"}]}
COMMAND: POST /session/5410ebbca63880522c561df3b9295ec8/actions - {"actions":[{"id":"action24","type":"key","parameters":{},"actions":[{"type":"keyDown","value":""},{"type":"pause","duration":10},{"type":"keyUp","value":""}]}]}
RESULT: {"actions":[{"id":"action24","type":"key","parameters":{},"actions":[{"type":"keyDown","value":""},{"type":"pause","duration":10},{"type":"keyUp","value":""}]}]}
COMMAND: GET /session/5410ebbca63880522c561df3b9295ec8/screenshot - {}
RESULT: {}
COMMAND: POST /session/5410ebbca63880522c561df3b9295ec8/execute/async - {"script":"<script> [1562 bytes]","args":[{"selector":{"id":"application-manageconditionprice-display-component---conditions--smartFilterBar-filterItemControl_BASIC-BILL_TYPES-vhi"},"wdio_ui5_key":"applicationmanageconditionprice-display-component---conditions--smartFilterBar-filterItemControl_BASIC-BILL_TYPES-vhi"}]}
RESULT: {"script":"<script> [1562 bytes]","args":[{"selector":{"id":"application-manageconditionprice-display-component---conditions--smartFilterBar-filterItemControl_BASIC-BILL_TYPES-vhi"},"wdio_ui5_key":"applicationmanageconditionprice-display-component---conditions--smartFilterBar-filterItemControl_BASIC-BILL_TYPES-vhi"}]}
RESULT: undefined
COMMAND: POST /session/5410ebbca63880522c561df3b9295ec8/element - {"using":"xpath","value":"//*[@id=\"application-manageconditionprice-display-component---conditions--smartFilterBar-filterItemControl_BASIC-BILL_TYPES-vhi\"]"}
RESULT: {"using":"xpath","value":"//*[@id=\"application-manageconditionprice-display-component---conditions--smartFilterBar-filterItemControl_BASIC-BILL_TYPES-vhi\"]"}
COMMAND: POST /session/5410ebbca63880522c561df3b9295ec8/element/f.A21AC8DC3B7A3D8172EB3983758B85EF.d.B0DE1108C9CCDB19912A7CC79022EF24.e.7787/click - {}
RESULT: {}
COMMAND: POST /session/5410ebbca63880522c561df3b9295ec8/execute/async - {"script":"<script> [1562 bytes]","args":[{"selector":{"id":"application-manageconditionprice-display-component---conditions--smartFilterBar-filterItemControl_BASIC-BILL_TYPES-valueHelpDialog-smartFilterBar-btnBasicSearch","searchOpenDialogs":true,"interaction":{"idSuffix":"I"}},"wdio_ui5_key":"applicationmanageconditionprice-display-component---conditions--smartFilterBar-filterItemControl_BASIC-BILL_TYPES-valueHelpDialog-smartFilterBar-btnBasicSearch"}]}
COMMAND: GET /session/5410ebbca63880522c561df3b9295ec8/screenshot - {}
RESULT: {"script":"<script> [1562 bytes]","args":[{"selector":{"id":"application-manageconditionprice-display-component---conditions--smartFilterBar-filterItemControl_BASIC-BILL_TYPES-valueHelpDialog-smartFilterBar-btnBasicSearch","searchOpenDialogs":true,"interaction":{"idSuffix":"I"}},"wdio_ui5_key":"applicationmanageconditionprice-display-component---conditions--smartFilterBar-filterItemControl_BASIC-BILL_TYPES-valueHelpDialog-smartFilterBar-btnBasicSearch"}]}
RESULT: undefined
COMMAND: POST /session/5410ebbca63880522c561df3b9295ec8/execute/async - {"script":"<script> [776 bytes]","args":[{"enterText":"one","selector":{"id":"application-manageconditionprice-display-component---conditions--smartFilterBar-filterItemControl_BASIC-BILL_TYPES-valueHelpDialog-smartFilterBar-btnBasicSearch","searchOpenDialogs":true,"interaction":{"idSuffix":"I"}},"clearTextFirst":true,"interactionType":"ENTER_TEXT"}]}
RESULT: {}
RESULT: {"script":"<script> [776 bytes]","args":[{"enterText":"one","selector":{"id":"application-manageconditionprice-display-component---conditions--smartFilterBar-filterItemControl_BASIC-BILL_TYPES-valueHelpDialog-smartFilterBar-btnBasicSearch","searchOpenDialogs":true,"interaction":{"idSuffix":"I"}},"clearTextFirst":true,"interactionType":"ENTER_TEXT"}]}
COMMAND: POST /session/5410ebbca63880522c561df3b9295ec8/actions - {"actions":[{"id":"action25","type":"key","parameters":{},"actions":[{"type":"keyDown","value":""},{"type":"pause","duration":10},{"type":"keyUp","value":""}]}]}
RESULT: {"actions":[{"id":"action25","type":"key","parameters":{},"actions":[{"type":"keyDown","value":""},{"type":"pause","duration":10},{"type":"keyUp","value":""}]}]}
COMMAND: GET /session/5410ebbca63880522c561df3b9295ec8/screenshot - {}
RESULT: {}
COMMAND: POST /session/5410ebbca63880522c561df3b9295ec8/element - {"using":"xpath","value":"//div[contains(@id, 'application-manageconditionprice-display-component---conditions--smartFilterBar-filterItemControl_BASIC-BILL_TYPES-valueHelpDialog-table-rowsel0')]"}
RESULT: {"using":"xpath","value":"//div[contains(@id, 'application-manageconditionprice-display-component---conditions--smartFilterBar-filterItemControl_BASIC-BILL_TYPES-valueHelpDialog-table-rowsel0')]"}
COMMAND: POST /session/5410ebbca63880522c561df3b9295ec8/element/f.A21AC8DC3B7A3D8172EB3983758B85EF.d.B0DE1108C9CCDB19912A7CC79022EF24.e.7798/click - {}
RESULT: {}
COMMAND: GET /session/5410ebbca63880522c561df3b9295ec8/screenshot - {}
RESULT: {}
COMMAND: POST /session/5410ebbca63880522c561df3b9295ec8/element - {"using":"xpath","value":"//bdi[contains(text(), \"OK\")]"}
RESULT: {"using":"xpath","value":"//bdi[contains(text(), \"OK\")]"}
COMMAND: POST /session/5410ebbca63880522c561df3b9295ec8/element/f.A21AC8DC3B7A3D8172EB3983758B85EF.d.B0DE1108C9CCDB19912A7CC79022EF24.e.7800/click - {}
RESULT: {}
COMMAND: GET /session/5410ebbca63880522c561df3b9295ec8/screenshot - {}
RESULT: {}
COMMAND: POST /session/5410ebbca63880522c561df3b9295ec8/element - {"using":"xpath","value":"//span[@id=\"application-manageconditionprice-display-component---conditions--smartTable-header-inner\"]"}
RESULT: {"using":"xpath","value":"//span[@id=\"application-manageconditionprice-display-component---conditions--smartTable-header-inner\"]"}
COMMAND: POST /session/5410ebbca63880522c561df3b9295ec8/elements - {"using":"xpath","value":"//span[@id=\"application-manageconditionprice-display-component---conditions--smartTable-header-inner\"]"}
RESULT: {"using":"xpath","value":"//span[@id=\"application-manageconditionprice-display-component---conditions--smartTable-header-inner\"]"}
COMMAND: POST /session/5410ebbca63880522c561df3b9295ec8/execute/sync - {"script":"<script> [56 bytes]","args":[{"element-6066-11e4-a52e-4f735466cecf":"f.A21AC8DC3B7A3D8172EB3983758B85EF.d.B0DE1108C9CCDB19912A7CC79022EF24.e.7803","ELEMENT":"f.A21AC8DC3B7A3D8172EB3983758B85EF.d.B0DE1108C9CCDB19912A7CC79022EF24.e.7803"}]}
RESULT: {"script":"<script> [56 bytes]","args":[{"element-6066-11e4-a52e-4f735466cecf":"f.A21AC8DC3B7A3D8172EB3983758B85EF.d.B0DE1108C9CCDB19912A7CC79022EF24.e.7803","ELEMENT":"f.A21AC8DC3B7A3D8172EB3983758B85EF.d.B0DE1108C9CCDB19912A7CC79022EF24.e.7803"}]}
COMMAND: POST /session/5410ebbca63880522c561df3b9295ec8/element - {"using":"css selector","value":"#shell-header-logo"}
COMMAND: GET /session/5410ebbca63880522c561df3b9295ec8/screenshot - {}
RESULT: {"using":"css selector","value":"#shell-header-logo"}
COMMAND: POST /session/5410ebbca63880522c561df3b9295ec8/element/f.A21AC8DC3B7A3D8172EB3983758B85EF.d.B0DE1108C9CCDB19912A7CC79022EF24.e.7518/click - {}
RESULT: {}
RESULT: {}
COMMAND: GET /session/5410ebbca63880522c561df3b9295ec8/screenshot - {}
RESULT: {}
]]></system-out>
    </testcase>
    <testcase classname="chrome.135_0_7049_42.windows.US134625_Set_up_price_condition_-_one_time" name="Should create a new contract" time="62.262">
      <system-out><![CDATA[
COMMAND: POST /session/5410ebbca63880522c561df3b9295ec8/execute/async - {"script":"<script> [1562 bytes]","args":[{"selector":{"controlType":"sap.m.Text","viewName":"etm.portal.ui.managecontractstile.view.Master","properties":{"text":"Manage Contracts"},"interaction":{"idSuffix":"inner"}},"wdio_ui5_key":"etmportal.ui.managecontractstile.view.Mastersap.m.Text{\"text\":\"Manage Contracts\"}"}]}
RESULT: {"script":"<script> [1562 bytes]","args":[{"selector":{"controlType":"sap.m.Text","viewName":"etm.portal.ui.managecontractstile.view.Master","properties":{"text":"Manage Contracts"},"interaction":{"idSuffix":"inner"}},"wdio_ui5_key":"etmportal.ui.managecontractstile.view.Mastersap.m.Text{\"text\":\"Manage Contracts\"}"}]}
RESULT: undefined
COMMAND: POST /session/5410ebbca63880522c561df3b9295ec8/element - {"using":"xpath","value":"//*[@id=\"__tile130-title\"]"}
RESULT: {"using":"xpath","value":"//*[@id=\"__tile130-title\"]"}
COMMAND: POST /session/5410ebbca63880522c561df3b9295ec8/element/f.A21AC8DC3B7A3D8172EB3983758B85EF.d.B0DE1108C9CCDB19912A7CC79022EF24.e.7808/click - {}
RESULT: {}
COMMAND: GET /session/5410ebbca63880522c561df3b9295ec8/screenshot - {}
RESULT: {}
COMMAND: POST /session/5410ebbca63880522c561df3b9295ec8/element - {"using":"xpath","value":"//button[@data-kt=\"addButton\"]"}
RESULT: {"using":"xpath","value":"//button[@data-kt=\"addButton\"]"}
COMMAND: POST /session/5410ebbca63880522c561df3b9295ec8/elements - {"using":"xpath","value":"//button[@data-kt=\"addButton\"]"}
RESULT: {"using":"xpath","value":"//button[@data-kt=\"addButton\"]"}
RESULT: undefined
COMMAND: POST /session/5410ebbca63880522c561df3b9295ec8/elements - {"using":"xpath","value":"//button[@data-kt=\"addButton\"]"}
RESULT: {"using":"xpath","value":"//button[@data-kt=\"addButton\"]"}
COMMAND: POST /session/5410ebbca63880522c561df3b9295ec8/elements - {"using":"xpath","value":"//button[@data-kt=\"addButton\"]"}
RESULT: {"using":"xpath","value":"//button[@data-kt=\"addButton\"]"}
COMMAND: POST /session/5410ebbca63880522c561df3b9295ec8/elements - {"using":"xpath","value":"//button[@data-kt=\"addButton\"]"}
RESULT: {"using":"xpath","value":"//button[@data-kt=\"addButton\"]"}
COMMAND: POST /session/5410ebbca63880522c561df3b9295ec8/element - {"using":"xpath","value":"//button[@data-kt=\"addButton\"]"}
RESULT: {"using":"xpath","value":"//button[@data-kt=\"addButton\"]"}
COMMAND: POST /session/5410ebbca63880522c561df3b9295ec8/execute/sync - {"script":"<script> [8489 bytes]","args":[{"element-6066-11e4-a52e-4f735466cecf":"f.A21AC8DC3B7A3D8172EB3983758B85EF.d.B0DE1108C9CCDB19912A7CC79022EF24.e.7861","ELEMENT":"f.A21AC8DC3B7A3D8172EB3983758B85EF.d.B0DE1108C9CCDB19912A7CC79022EF24.e.7861"}]}
RESULT: {"script":"<script> [8489 bytes]","args":[{"element-6066-11e4-a52e-4f735466cecf":"f.A21AC8DC3B7A3D8172EB3983758B85EF.d.B0DE1108C9CCDB19912A7CC79022EF24.e.7861","ELEMENT":"f.A21AC8DC3B7A3D8172EB3983758B85EF.d.B0DE1108C9CCDB19912A7CC79022EF24.e.7861"}]}
COMMAND: GET /session/5410ebbca63880522c561df3b9295ec8/element/f.A21AC8DC3B7A3D8172EB3983758B85EF.d.B0DE1108C9CCDB19912A7CC79022EF24.e.7861/enabled - {}
COMMAND: GET /session/5410ebbca63880522c561df3b9295ec8/screenshot - {}
RESULT: {}
COMMAND: POST /session/5410ebbca63880522c561df3b9295ec8/execute/sync - {"script":"<script> [8489 bytes]","args":[{"element-6066-11e4-a52e-4f735466cecf":"f.A21AC8DC3B7A3D8172EB3983758B85EF.d.B0DE1108C9CCDB19912A7CC79022EF24.e.7861","ELEMENT":"f.A21AC8DC3B7A3D8172EB3983758B85EF.d.B0DE1108C9CCDB19912A7CC79022EF24.e.7861"}]}
COMMAND: GET /session/5410ebbca63880522c561df3b9295ec8/screenshot - {}
RESULT: {}
RESULT: {"script":"<script> [8489 bytes]","args":[{"element-6066-11e4-a52e-4f735466cecf":"f.A21AC8DC3B7A3D8172EB3983758B85EF.d.B0DE1108C9CCDB19912A7CC79022EF24.e.7861","ELEMENT":"f.A21AC8DC3B7A3D8172EB3983758B85EF.d.B0DE1108C9CCDB19912A7CC79022EF24.e.7861"}]}
COMMAND: POST /session/5410ebbca63880522c561df3b9295ec8/execute/sync - {"script":"<script> [5351 bytes]","args":[{"element-6066-11e4-a52e-4f735466cecf":"f.A21AC8DC3B7A3D8172EB3983758B85EF.d.B0DE1108C9CCDB19912A7CC79022EF24.e.7861","ELEMENT":"f.A21AC8DC3B7A3D8172EB3983758B85EF.d.B0DE1108C9CCDB19912A7CC79022EF24.e.7861"}]}
COMMAND: GET /session/5410ebbca63880522c561df3b9295ec8/screenshot - {}
RESULT: {}
RESULT: {"script":"<script> [5351 bytes]","args":[{"element-6066-11e4-a52e-4f735466cecf":"f.A21AC8DC3B7A3D8172EB3983758B85EF.d.B0DE1108C9CCDB19912A7CC79022EF24.e.7861","ELEMENT":"f.A21AC8DC3B7A3D8172EB3983758B85EF.d.B0DE1108C9CCDB19912A7CC79022EF24.e.7861"}]}
COMMAND: GET /session/5410ebbca63880522c561df3b9295ec8/screenshot - {}
RESULT: {}
RESULT: {}
COMMAND: POST /session/5410ebbca63880522c561df3b9295ec8/element/f.A21AC8DC3B7A3D8172EB3983758B85EF.d.B0DE1108C9CCDB19912A7CC79022EF24.e.7861/click - {}
RESULT: {}
COMMAND: GET /session/5410ebbca63880522c561df3b9295ec8/screenshot - {}
COMMAND: POST /session/5410ebbca63880522c561df3b9295ec8/execute/async - {"script":"<script> [1562 bytes]","args":[{"selector":{"id":"application-managecontracts-display-component---AddNewContract--projectDescription","interaction":{"idSuffix":"inner"}},"wdio_ui5_key":"applicationmanagecontracts-display-component---AddNewContract--projectDescription"}]}
RESULT: {}
RESULT: {"script":"<script> [1562 bytes]","args":[{"selector":{"id":"application-managecontracts-display-component---AddNewContract--projectDescription","interaction":{"idSuffix":"inner"}},"wdio_ui5_key":"applicationmanagecontracts-display-component---AddNewContract--projectDescription"}]}
RESULT: undefined
COMMAND: POST /session/5410ebbca63880522c561df3b9295ec8/execute/async - {"script":"<script> [776 bytes]","args":[{"enterText":"Intercompany Contract WDIO","selector":{"id":"application-managecontracts-display-component---AddNewContract--projectDescription","interaction":{"idSuffix":"inner"}},"clearTextFirst":true,"interactionType":"ENTER_TEXT"}]}
RESULT: {"script":"<script> [776 bytes]","args":[{"enterText":"Intercompany Contract WDIO","selector":{"id":"application-managecontracts-display-component---AddNewContract--projectDescription","interaction":{"idSuffix":"inner"}},"clearTextFirst":true,"interactionType":"ENTER_TEXT"}]}
COMMAND: POST /session/5410ebbca63880522c561df3b9295ec8/element - {"using":"xpath","value":"//input[@id=\"application-managecontracts-display-component---AddNewContract--site-inner\"]"}
RESULT: {"using":"xpath","value":"//input[@id=\"application-managecontracts-display-component---AddNewContract--site-inner\"]"}
COMMAND: POST /session/5410ebbca63880522c561df3b9295ec8/element/f.A21AC8DC3B7A3D8172EB3983758B85EF.d.B0DE1108C9CCDB19912A7CC79022EF24.e.8191/clear - {}
RESULT: {}
COMMAND: POST /session/5410ebbca63880522c561df3b9295ec8/element/f.A21AC8DC3B7A3D8172EB3983758B85EF.d.B0DE1108C9CCDB19912A7CC79022EF24.e.8191/value - {"text":"2292"}
COMMAND: GET /session/5410ebbca63880522c561df3b9295ec8/screenshot - {}
RESULT: {"text":"2292"}
COMMAND: GET /session/5410ebbca63880522c561df3b9295ec8/screenshot - {}
RESULT: {}
RESULT: {}
COMMAND: POST /session/5410ebbca63880522c561df3b9295ec8/element - {"using":"xpath","value":"//li[.//span[text()='2292']]"}
RESULT: {"using":"xpath","value":"//li[.//span[text()='2292']]"}
COMMAND: POST /session/5410ebbca63880522c561df3b9295ec8/element/f.A21AC8DC3B7A3D8172EB3983758B85EF.d.B0DE1108C9CCDB19912A7CC79022EF24.e.8214/click - {}
RESULT: {}
COMMAND: GET /session/5410ebbca63880522c561df3b9295ec8/screenshot - {}
RESULT: {}
COMMAND: POST /session/5410ebbca63880522c561df3b9295ec8/element - {"using":"xpath","value":"//input[@id=\"application-managecontracts-display-component---AddNewContract--yardId-inner\"]"}
RESULT: {"using":"xpath","value":"//input[@id=\"application-managecontracts-display-component---AddNewContract--yardId-inner\"]"}
COMMAND: GET /session/5410ebbca63880522c561df3b9295ec8/element/f.A21AC8DC3B7A3D8172EB3983758B85EF.d.B0DE1108C9CCDB19912A7CC79022EF24.e.8192/property/value - {}
RESULT: {}
COMMAND: POST /session/5410ebbca63880522c561df3b9295ec8/element - {"using":"xpath","value":"//input[@id=\"application-managecontracts-display-component---AddNewContract--customerSelect-inner\"]"}
COMMAND: GET /session/5410ebbca63880522c561df3b9295ec8/screenshot - {}
RESULT: {"using":"xpath","value":"//input[@id=\"application-managecontracts-display-component---AddNewContract--customerSelect-inner\"]"}
COMMAND: POST /session/5410ebbca63880522c561df3b9295ec8/element/f.A21AC8DC3B7A3D8172EB3983758B85EF.d.B0DE1108C9CCDB19912A7CC79022EF24.e.8190/clear - {}
RESULT: {}
RESULT: {}
COMMAND: POST /session/5410ebbca63880522c561df3b9295ec8/element/f.A21AC8DC3B7A3D8172EB3983758B85EF.d.B0DE1108C9CCDB19912A7CC79022EF24.e.8190/value - {"text":"1331"}
COMMAND: GET /session/5410ebbca63880522c561df3b9295ec8/screenshot - {}
RESULT: {"text":"1331"}
COMMAND: GET /session/5410ebbca63880522c561df3b9295ec8/screenshot - {}
RESULT: {}
RESULT: {}
COMMAND: POST /session/5410ebbca63880522c561df3b9295ec8/element - {"using":"xpath","value":"//li[.//span[text()='1331']]"}
RESULT: {"using":"xpath","value":"//li[.//span[text()='1331']]"}
COMMAND: POST /session/5410ebbca63880522c561df3b9295ec8/element/f.A21AC8DC3B7A3D8172EB3983758B85EF.d.B0DE1108C9CCDB19912A7CC79022EF24.e.8217/click - {}
RESULT: {}
COMMAND: GET /session/5410ebbca63880522c561df3b9295ec8/screenshot - {}
RESULT: {}
COMMAND: POST /session/5410ebbca63880522c561df3b9295ec8/element - {"using":"xpath","value":"//button[@data-kt=\"saveButton\"]"}
RESULT: {"using":"xpath","value":"//button[@data-kt=\"saveButton\"]"}
COMMAND: POST /session/5410ebbca63880522c561df3b9295ec8/element/f.A21AC8DC3B7A3D8172EB3983758B85EF.d.B0DE1108C9CCDB19912A7CC79022EF24.e.8207/click - {}
RESULT: {}
COMMAND: GET /session/5410ebbca63880522c561df3b9295ec8/screenshot - {}
RESULT: {}
COMMAND: POST /session/5410ebbca63880522c561df3b9295ec8/element - {"using":"xpath","value":"//span[contains(@id ,\"contractDetailTitleNoExpanded\")]"}
RESULT: {"using":"xpath","value":"//span[contains(@id ,\"contractDetailTitleNoExpanded\")]"}
COMMAND: POST /session/5410ebbca63880522c561df3b9295ec8/elements - {"using":"xpath","value":"//span[contains(@id ,\"contractDetailTitleNoExpanded\")]"}
RESULT: {"using":"xpath","value":"//span[contains(@id ,\"contractDetailTitleNoExpanded\")]"}
COMMAND: POST /session/5410ebbca63880522c561df3b9295ec8/execute/sync - {"script":"<script> [56 bytes]","args":[{"element-6066-11e4-a52e-4f735466cecf":"f.A21AC8DC3B7A3D8172EB3983758B85EF.d.B0DE1108C9CCDB19912A7CC79022EF24.e.8232","ELEMENT":"f.A21AC8DC3B7A3D8172EB3983758B85EF.d.B0DE1108C9CCDB19912A7CC79022EF24.e.8232"}]}
RESULT: {"script":"<script> [56 bytes]","args":[{"element-6066-11e4-a52e-4f735466cecf":"f.A21AC8DC3B7A3D8172EB3983758B85EF.d.B0DE1108C9CCDB19912A7CC79022EF24.e.8232","ELEMENT":"f.A21AC8DC3B7A3D8172EB3983758B85EF.d.B0DE1108C9CCDB19912A7CC79022EF24.e.8232"}]}
COMMAND: GET /session/5410ebbca63880522c561df3b9295ec8/screenshot - {}
RESULT: {}
]]></system-out>
    </testcase>
    <testcase classname="chrome.135_0_7049_42.windows.US134625_Set_up_price_condition_-_one_time" name="Should add the material to the contract" time="53.102">
      <system-out><![CDATA[
COMMAND: POST /session/5410ebbca63880522c561df3b9295ec8/element - {"using":"xpath","value":"//button[@data-kt=\"contractDetailEditBtnButton\"]"}
RESULT: {"using":"xpath","value":"//button[@data-kt=\"contractDetailEditBtnButton\"]"}
COMMAND: POST /session/5410ebbca63880522c561df3b9295ec8/element/f.A21AC8DC3B7A3D8172EB3983758B85EF.d.B0DE1108C9CCDB19912A7CC79022EF24.e.8234/click - {}
RESULT: {}
COMMAND: GET /session/5410ebbca63880522c561df3b9295ec8/screenshot - {}
RESULT: {}
COMMAND: POST /session/5410ebbca63880522c561df3b9295ec8/element - {"using":"xpath","value":"(//span[contains(text(), \"Additional Addresses\")])[2]"}
RESULT: {"using":"xpath","value":"(//span[contains(text(), \"Additional Addresses\")])[2]"}
COMMAND: POST /session/5410ebbca63880522c561df3b9295ec8/element/f.A21AC8DC3B7A3D8172EB3983758B85EF.d.B0DE1108C9CCDB19912A7CC79022EF24.e.8292/click - {}
RESULT: {}
COMMAND: GET /session/5410ebbca63880522c561df3b9295ec8/screenshot - {}
RESULT: {}
COMMAND: POST /session/5410ebbca63880522c561df3b9295ec8/element - {"using":"xpath","value":"//button[@data-kt=\"btnAddTableRowOverflowToolbarButton\"]"}
RESULT: {"using":"xpath","value":"//button[@data-kt=\"btnAddTableRowOverflowToolbarButton\"]"}
COMMAND: POST /session/5410ebbca63880522c561df3b9295ec8/element/f.A21AC8DC3B7A3D8172EB3983758B85EF.d.B0DE1108C9CCDB19912A7CC79022EF24.e.8294/click - {}
RESULT: {}
COMMAND: GET /session/5410ebbca63880522c561df3b9295ec8/screenshot - {}
RESULT: {}
COMMAND: POST /session/5410ebbca63880522c561df3b9295ec8/element - {"using":"xpath","value":"//div[(text() = 'Standard Entry' or . = 'Standard Entry')]"}
RESULT: {"using":"xpath","value":"//div[(text() = 'Standard Entry' or . = 'Standard Entry')]"}
COMMAND: POST /session/5410ebbca63880522c561df3b9295ec8/element/f.A21AC8DC3B7A3D8172EB3983758B85EF.d.B0DE1108C9CCDB19912A7CC79022EF24.e.8296/click - {}
RESULT: {}
COMMAND: GET /session/5410ebbca63880522c561df3b9295ec8/screenshot - {}
RESULT: {}
COMMAND: POST /session/5410ebbca63880522c561df3b9295ec8/element - {"using":"xpath","value":"//td[6]/div/div/div/span"}
RESULT: {"using":"xpath","value":"//td[6]/div/div/div/span"}
COMMAND: POST /session/5410ebbca63880522c561df3b9295ec8/element/f.A21AC8DC3B7A3D8172EB3983758B85EF.d.B0DE1108C9CCDB19912A7CC79022EF24.e.8308/click - {}
RESULT: {}
COMMAND: GET /session/5410ebbca63880522c561df3b9295ec8/screenshot - {}
RESULT: {}
COMMAND: POST /session/5410ebbca63880522c561df3b9295ec8/element - {"using":"xpath","value":"(//span[contains(text(), \"Material\")])"}
RESULT: {"using":"xpath","value":"(//span[contains(text(), \"Material\")])"}
COMMAND: POST /session/5410ebbca63880522c561df3b9295ec8/element/f.A21AC8DC3B7A3D8172EB3983758B85EF.d.B0DE1108C9CCDB19912A7CC79022EF24.e.8309/click - {}
RESULT: {}
COMMAND: GET /session/5410ebbca63880522c561df3b9295ec8/screenshot - {}
RESULT: {}
COMMAND: POST /session/5410ebbca63880522c561df3b9295ec8/element - {"using":"xpath","value":"//td[7]/div/div/input"}
RESULT: {"using":"xpath","value":"//td[7]/div/div/input"}
COMMAND: POST /session/5410ebbca63880522c561df3b9295ec8/element/f.A21AC8DC3B7A3D8172EB3983758B85EF.d.B0DE1108C9CCDB19912A7CC79022EF24.e.8313/clear - {}
RESULT: {}
COMMAND: POST /session/5410ebbca63880522c561df3b9295ec8/element/f.A21AC8DC3B7A3D8172EB3983758B85EF.d.B0DE1108C9CCDB19912A7CC79022EF24.e.8313/value - {"text":"200262"}
COMMAND: GET /session/5410ebbca63880522c561df3b9295ec8/screenshot - {}
RESULT: {"text":"200262"}
COMMAND: GET /session/5410ebbca63880522c561df3b9295ec8/screenshot - {}
RESULT: {}
RESULT: {}
COMMAND: POST /session/5410ebbca63880522c561df3b9295ec8/actions - {"actions":[{"id":"action26","type":"key","parameters":{},"actions":[{"type":"keyDown","value":""},{"type":"pause","duration":10},{"type":"keyUp","value":""}]}]}
RESULT: {"actions":[{"id":"action26","type":"key","parameters":{},"actions":[{"type":"keyDown","value":""},{"type":"pause","duration":10},{"type":"keyUp","value":""}]}]}
COMMAND: GET /session/5410ebbca63880522c561df3b9295ec8/screenshot - {}
RESULT: {}
COMMAND: POST /session/5410ebbca63880522c561df3b9295ec8/element - {"using":"xpath","value":"(//button[@data-kt=\"saveButton\"])[2]"}
RESULT: {"using":"xpath","value":"(//button[@data-kt=\"saveButton\"])[2]"}
COMMAND: POST /session/5410ebbca63880522c561df3b9295ec8/element/f.A21AC8DC3B7A3D8172EB3983758B85EF.d.B0DE1108C9CCDB19912A7CC79022EF24.e.8336/click - {}
RESULT: {}
COMMAND: GET /session/5410ebbca63880522c561df3b9295ec8/screenshot - {}
RESULT: {}
COMMAND: POST /session/5410ebbca63880522c561df3b9295ec8/element - {"using":"xpath","value":"//span[contains(@id ,\"contractItemsSmartTable-header-inner\")]"}
RESULT: {"using":"xpath","value":"//span[contains(@id ,\"contractItemsSmartTable-header-inner\")]"}
COMMAND: POST /session/5410ebbca63880522c561df3b9295ec8/elements - {"using":"xpath","value":"//span[contains(@id ,\"contractItemsSmartTable-header-inner\")]"}
RESULT: {"using":"xpath","value":"//span[contains(@id ,\"contractItemsSmartTable-header-inner\")]"}
COMMAND: POST /session/5410ebbca63880522c561df3b9295ec8/execute/sync - {"script":"<script> [56 bytes]","args":[{"element-6066-11e4-a52e-4f735466cecf":"f.A21AC8DC3B7A3D8172EB3983758B85EF.d.B0DE1108C9CCDB19912A7CC79022EF24.e.8342","ELEMENT":"f.A21AC8DC3B7A3D8172EB3983758B85EF.d.B0DE1108C9CCDB19912A7CC79022EF24.e.8342"}]}
RESULT: {"script":"<script> [56 bytes]","args":[{"element-6066-11e4-a52e-4f735466cecf":"f.A21AC8DC3B7A3D8172EB3983758B85EF.d.B0DE1108C9CCDB19912A7CC79022EF24.e.8342","ELEMENT":"f.A21AC8DC3B7A3D8172EB3983758B85EF.d.B0DE1108C9CCDB19912A7CC79022EF24.e.8342"}]}
COMMAND: GET /session/5410ebbca63880522c561df3b9295ec8/screenshot - {}
]]></system-out>
    </testcase>
    <testcase classname="chrome.135_0_7049_42.windows.US134625_Set_up_price_condition_-_one_time" name="Should verify the bill item creation and pricing condition" time="12.18">
      <system-out><![CDATA[
COMMAND: POST /session/5410ebbca63880522c561df3b9295ec8/execute/async - {"script":"<script> [1562 bytes]","args":[{"selector":{"controlType":"sap.ui.core.Icon","viewName":"etm.portal.ui.managecontracts.view.Detail","properties":{"src":{"regex":{"source":"slim\\-arrow\\-right"}}}},"wdio_ui5_key":"etmportal.ui.managecontracts.view.Detailsap.ui.core.Icon{\"src\":{\"regex\":{\"source\":\"slim\\\\-arrow\\\\-right\"}}}"}]}
RESULT: {"script":"<script> [1562 bytes]","args":[{"selector":{"controlType":"sap.ui.core.Icon","viewName":"etm.portal.ui.managecontracts.view.Detail","properties":{"src":{"regex":{"source":"slim\\-arrow\\-right"}}}},"wdio_ui5_key":"etmportal.ui.managecontracts.view.Detailsap.ui.core.Icon{\"src\":{\"regex\":{\"source\":\"slim\\\\-arrow\\\\-right\"}}}"}]}
RESULT: undefined
COMMAND: POST /session/5410ebbca63880522c561df3b9295ec8/element - {"using":"xpath","value":"//*[@id=\"__item1608-__clone3278-imgNav\"]"}
RESULT: {}
RESULT: {"using":"xpath","value":"//*[@id=\"__item1608-__clone3278-imgNav\"]"}
COMMAND: POST /session/5410ebbca63880522c561df3b9295ec8/element/f.A21AC8DC3B7A3D8172EB3983758B85EF.d.B0DE1108C9CCDB19912A7CC79022EF24.e.8343/click - {}
RESULT: {}
COMMAND: GET /session/5410ebbca63880522c561df3b9295ec8/screenshot - {}
COMMAND: POST /session/5410ebbca63880522c561df3b9295ec8/execute/async - {"script":"<script> [1562 bytes]","args":[{"selector":{"controlType":"sap.m.Text","viewName":"etm.portal.ui.managecontracts.view.BillingItem","viewId":"application-managecontracts-display-component---BillingItem","bindingPath":{"propertyPath":"LINK_TO_C_BILL_TYPES/DESCRIPTION"}},"wdio_ui5_key":"etmportal.ui.managecontracts.view.BillingItemsap.m.Text{\"propertyPath\":\"LINK_TO_C_BILL_TYPES/DESCRIPTION\"}"}]}
RESULT: {}
RESULT: {"script":"<script> [1562 bytes]","args":[{"selector":{"controlType":"sap.m.Text","viewName":"etm.portal.ui.managecontracts.view.BillingItem","viewId":"application-managecontracts-display-component---BillingItem","bindingPath":{"propertyPath":"LINK_TO_C_BILL_TYPES/DESCRIPTION"}},"wdio_ui5_key":"etmportal.ui.managecontracts.view.BillingItemsap.m.Text{\"propertyPath\":\"LINK_TO_C_BILL_TYPES/DESCRIPTION\"}"}]}
RESULT: undefined
COMMAND: POST /session/5410ebbca63880522c561df3b9295ec8/execute/async - {"script":"<script> [6424 bytes]","args":[{"element-6066-11e4-a52e-4f735466cecf":"f.A21AC8DC3B7A3D8172EB3983758B85EF.d.B0DE1108C9CCDB19912A7CC79022EF24.e.8357"},"getText",[]]}
RESULT: {"script":"<script> [6424 bytes]","args":[{"element-6066-11e4-a52e-4f735466cecf":"f.A21AC8DC3B7A3D8172EB3983758B85EF.d.B0DE1108C9CCDB19912A7CC79022EF24.e.8357"},"getText",[]]}
COMMAND: POST /session/5410ebbca63880522c561df3b9295ec8/execute/async - {"script":"<script> [1562 bytes]","args":[{"selector":{"controlType":"sap.m.ObjectNumber","viewName":"etm.portal.ui.managecontracts.view.BillingItem","viewId":"application-managecontracts-display-component---BillingItem","bindingPath":{"propertyPath":"BASE_PRICE"}},"wdio_ui5_key":"etmportal.ui.managecontracts.view.BillingItemsap.m.ObjectNumber{\"propertyPath\":\"BASE_PRICE\"}"}]}
RESULT: {"script":"<script> [1562 bytes]","args":[{"selector":{"controlType":"sap.m.ObjectNumber","viewName":"etm.portal.ui.managecontracts.view.BillingItem","viewId":"application-managecontracts-display-component---BillingItem","bindingPath":{"propertyPath":"BASE_PRICE"}},"wdio_ui5_key":"etmportal.ui.managecontracts.view.BillingItemsap.m.ObjectNumber{\"propertyPath\":\"BASE_PRICE\"}"}]}
RESULT: undefined
COMMAND: POST /session/5410ebbca63880522c561df3b9295ec8/execute/async - {"script":"<script> [6424 bytes]","args":[{"element-6066-11e4-a52e-4f735466cecf":"f.A21AC8DC3B7A3D8172EB3983758B85EF.d.B0DE1108C9CCDB19912A7CC79022EF24.e.8358"},"getNumber",[]]}
RESULT: {"script":"<script> [6424 bytes]","args":[{"element-6066-11e4-a52e-4f735466cecf":"f.A21AC8DC3B7A3D8172EB3983758B85EF.d.B0DE1108C9CCDB19912A7CC79022EF24.e.8358"},"getNumber",[]]}
COMMAND: POST /session/5410ebbca63880522c561df3b9295ec8/execute/async - {"script":"<script> [1562 bytes]","args":[{"selector":{"controlType":"sap.m.ObjectNumber","viewName":"etm.portal.ui.managecontracts.view.BillingItem","viewId":"application-managecontracts-display-component---BillingItem","bindingPath":{"propertyPath":"BASE_QUANTITY"}},"wdio_ui5_key":"etmportal.ui.managecontracts.view.BillingItemsap.m.ObjectNumber{\"propertyPath\":\"BASE_QUANTITY\"}"}]}
RESULT: {"script":"<script> [1562 bytes]","args":[{"selector":{"controlType":"sap.m.ObjectNumber","viewName":"etm.portal.ui.managecontracts.view.BillingItem","viewId":"application-managecontracts-display-component---BillingItem","bindingPath":{"propertyPath":"BASE_QUANTITY"}},"wdio_ui5_key":"etmportal.ui.managecontracts.view.BillingItemsap.m.ObjectNumber{\"propertyPath\":\"BASE_QUANTITY\"}"}]}
RESULT: undefined
COMMAND: POST /session/5410ebbca63880522c561df3b9295ec8/execute/async - {"script":"<script> [6424 bytes]","args":[{"element-6066-11e4-a52e-4f735466cecf":"f.A21AC8DC3B7A3D8172EB3983758B85EF.d.B0DE1108C9CCDB19912A7CC79022EF24.e.8359"},"getNumber",[]]}
RESULT: {"script":"<script> [6424 bytes]","args":[{"element-6066-11e4-a52e-4f735466cecf":"f.A21AC8DC3B7A3D8172EB3983758B85EF.d.B0DE1108C9CCDB19912A7CC79022EF24.e.8359"},"getNumber",[]]}
COMMAND: DELETE /session/5410ebbca63880522c561df3b9295ec8 - {}
RESULT: {}
]]></system-out>
    </testcase>
  </testsuite>
</testsuites>