<?xml version="1.0" encoding="UTF-8"?>
<testsuites tests="53" failures="0" errors="0" skipped="0">
  <testsuite timestamp="2025-05-25T17:17:08" time="268.149" tests="5" failures="0" errors="0" skipped="0">
    <properties>
      <property name="specId" value="0"/>
      <property name="suiteName" value="Tests for DXCW CAE environment, including specific login to the system US"/>
      <property name="capabilities" value="chrome.136_0_7103_93.windows"/>
      <property name="file" value="file:///D:/a/1/s/test/specs/BTS/dxcw-cae.spec.js"/>
    </properties>
    <testcase classname="chrome.136_0_7103_93.windows.Tests_for_DXCW_CAE_environment,_including_specific_login_to_the_system_US" name="Should login to the DXCW CAE env US156289" time="24.489">
      <system-out><![CDATA[
COMMAND: POST /session/e87ee5c00bb1e8c61ee38b6c01d07093/url - {"url":"https://qa-testing-00-live-dxcw-portal.cfapps.eu10-004.hana.ondemand.com/"}
RESULT: {"url":"https://qa-testing-00-live-dxcw-portal.cfapps.eu10-004.hana.ondemand.com/"}
COMMAND: GET /session/e87ee5c00bb1e8c61ee38b6c01d07093/screenshot - {}
RESULT: {}
COMMAND: POST /session/e87ee5c00bb1e8c61ee38b6c01d07093/element - {"using":"xpath","value":"//input[@id = \"j_username\"]"}
RESULT: {"using":"xpath","value":"//input[@id = \"j_username\"]"}
COMMAND: POST /session/e87ee5c00bb1e8c61ee38b6c01d07093/execute/sync - {"script":"<script> [8489 bytes]","args":[{"element-6066-11e4-a52e-4f735466cecf":"f.C39E6AC59F605FD7CA79606EE8A094DD.d.E26E13A8AC51850058F367DDF935B3AC.e.38","ELEMENT":"f.C39E6AC59F605FD7CA79606EE8A094DD.d.E26E13A8AC51850058F367DDF935B3AC.e.38"}]}
RESULT: {"script":"<script> [8489 bytes]","args":[{"element-6066-11e4-a52e-4f735466cecf":"f.C39E6AC59F605FD7CA79606EE8A094DD.d.E26E13A8AC51850058F367DDF935B3AC.e.38","ELEMENT":"f.C39E6AC59F605FD7CA79606EE8A094DD.d.E26E13A8AC51850058F367DDF935B3AC.e.38"}]}
COMMAND: POST /session/e87ee5c00bb1e8c61ee38b6c01d07093/element - {"using":"xpath","value":"//input[@id = \"j_username\"]"}
COMMAND: GET /session/e87ee5c00bb1e8c61ee38b6c01d07093/screenshot - {}
RESULT: {"using":"xpath","value":"//input[@id = \"j_username\"]"}
COMMAND: POST /session/e87ee5c00bb1e8c61ee38b6c01d07093/element/f.C39E6AC59F605FD7CA79606EE8A094DD.d.E26E13A8AC51850058F367DDF935B3AC.e.38/clear - {}
RESULT: {}
RESULT: {}
COMMAND: POST /session/e87ee5c00bb1e8c61ee38b6c01d07093/element/f.C39E6AC59F605FD7CA79606EE8A094DD.d.E26E13A8AC51850058F367DDF935B3AC.e.38/value - {"text":"test1etm@bearingpoint.com"}
COMMAND: GET /session/e87ee5c00bb1e8c61ee38b6c01d07093/screenshot - {}
RESULT: {"text":"test1etm@bearingpoint.com"}
COMMAND: POST /session/e87ee5c00bb1e8c61ee38b6c01d07093/element - {"using":"xpath","value":"//input[@id = \"j_password\"]"}
COMMAND: GET /session/e87ee5c00bb1e8c61ee38b6c01d07093/screenshot - {}
RESULT: {}
RESULT: {"using":"xpath","value":"//input[@id = \"j_password\"]"}
COMMAND: POST /session/e87ee5c00bb1e8c61ee38b6c01d07093/element/f.C39E6AC59F605FD7CA79606EE8A094DD.d.E26E13A8AC51850058F367DDF935B3AC.e.40/clear - {}
RESULT: {}
RESULT: {}
COMMAND: POST /session/e87ee5c00bb1e8c61ee38b6c01d07093/element/f.C39E6AC59F605FD7CA79606EE8A094DD.d.E26E13A8AC51850058F367DDF935B3AC.e.40/value - {"text":"ETM.next2024"}
COMMAND: GET /session/e87ee5c00bb1e8c61ee38b6c01d07093/screenshot - {}
RESULT: {"text":"ETM.next2024"}
COMMAND: GET /session/e87ee5c00bb1e8c61ee38b6c01d07093/screenshot - {}
RESULT: {}
RESULT: {}
COMMAND: POST /session/e87ee5c00bb1e8c61ee38b6c01d07093/element - {"using":"css selector","value":"button[type=\"submit\"]"}
RESULT: {"using":"css selector","value":"button[type=\"submit\"]"}
COMMAND: POST /session/e87ee5c00bb1e8c61ee38b6c01d07093/element/f.C39E6AC59F605FD7CA79606EE8A094DD.d.E26E13A8AC51850058F367DDF935B3AC.e.61/click - {}
RESULT: {}
COMMAND: POST /session/e87ee5c00bb1e8c61ee38b6c01d07093/element - {"using":"xpath","value":"//a[contains(@aria-label,\"Migration Service\")]"}
COMMAND: GET /session/e87ee5c00bb1e8c61ee38b6c01d07093/screenshot - {}
RESULT: {"using":"xpath","value":"//a[contains(@aria-label,\"Migration Service\")]"}
COMMAND: POST /session/e87ee5c00bb1e8c61ee38b6c01d07093/execute/sync - {"script":"<script> [8489 bytes]","args":[{"element-6066-11e4-a52e-4f735466cecf":"f.C39E6AC59F605FD7CA79606EE8A094DD.d.BE16D1AEC2767891F969E9B2938D4753.e.86","ELEMENT":"f.C39E6AC59F605FD7CA79606EE8A094DD.d.BE16D1AEC2767891F969E9B2938D4753.e.86"}]}
RESULT: {}
RESULT: {"script":"<script> [8489 bytes]","args":[{"element-6066-11e4-a52e-4f735466cecf":"f.C39E6AC59F605FD7CA79606EE8A094DD.d.BE16D1AEC2767891F969E9B2938D4753.e.86","ELEMENT":"f.C39E6AC59F605FD7CA79606EE8A094DD.d.BE16D1AEC2767891F969E9B2938D4753.e.86"}]}
COMMAND: POST /session/e87ee5c00bb1e8c61ee38b6c01d07093/execute/sync - {"script":"<script> [8489 bytes]","args":[{"element-6066-11e4-a52e-4f735466cecf":"f.C39E6AC59F605FD7CA79606EE8A094DD.d.BE16D1AEC2767891F969E9B2938D4753.e.86","ELEMENT":"f.C39E6AC59F605FD7CA79606EE8A094DD.d.BE16D1AEC2767891F969E9B2938D4753.e.86"}]}
COMMAND: GET /session/e87ee5c00bb1e8c61ee38b6c01d07093/screenshot - {}
RESULT: {"script":"<script> [8489 bytes]","args":[{"element-6066-11e4-a52e-4f735466cecf":"f.C39E6AC59F605FD7CA79606EE8A094DD.d.BE16D1AEC2767891F969E9B2938D4753.e.86","ELEMENT":"f.C39E6AC59F605FD7CA79606EE8A094DD.d.BE16D1AEC2767891F969E9B2938D4753.e.86"}]}
COMMAND: POST /session/e87ee5c00bb1e8c61ee38b6c01d07093/window/fullscreen - {}
COMMAND: GET /session/e87ee5c00bb1e8c61ee38b6c01d07093/screenshot - {}
RESULT: {}
RESULT: {}
COMMAND: POST /session/e87ee5c00bb1e8c61ee38b6c01d07093/execute/async - {"script":"<script> [189 bytes]","args":[]}
RESULT: {}
RESULT: {"script":"<script> [189 bytes]","args":[]}
COMMAND: POST /session/e87ee5c00bb1e8c61ee38b6c01d07093/execute/async - {"script":"<script> [123 bytes]","args":[]}
RESULT: {"script":"<script> [123 bytes]","args":[]}
COMMAND: POST /session/e87ee5c00bb1e8c61ee38b6c01d07093/timeouts - {"script":"<number>"}
RESULT: {"script":"<number>"}
COMMAND: GET /session/e87ee5c00bb1e8c61ee38b6c01d07093/timeouts - {}
RESULT: {}
COMMAND: POST /session/e87ee5c00bb1e8c61ee38b6c01d07093/execute/async - {"script":"<script> [78 bytes]","args":[]}
RESULT: {"script":"<script> [78 bytes]","args":[]}
RESULT: undefined
COMMAND: POST /session/e87ee5c00bb1e8c61ee38b6c01d07093/execute/async - {"script":"<script> [2676 bytes]","args":[]}
RESULT: {"script":"<script> [2676 bytes]","args":[]}
COMMAND: POST /session/e87ee5c00bb1e8c61ee38b6c01d07093/execute/async - {"script":"<script> [2342 bytes]","args":[{"protocol":"http","hostname":"0.0.0.0","path":"/","capabilities":{"browserName":"chrome","goog:chromeOptions":{"binary":"C:\\Program Files\\Google\\Chrome\\Application\\chrome.exe","args":["--start-maximized"]}},"logLevel":"warn","connectionRetryTimeout":120000,"connectionRetryCount":3,"logLevels":{},"enableDirectConnect":true,"strictSSL":true,"_":"65 more keys: [\"cacheDir\",\"port\",\"requestedCapabilities\",\"automationProtocol\",\"baseUrl\",\"waitforInterval\",\"waitforTimeout\",\"onReload\",\"beforeCommand\",\"afterCommand\",\"rootDir\",\"specs\",\"suites\",\"exclude\",\"groupLogsByTestSpec\",\"excludeDriverLogs\",\"bail\",\"framework\",\"reporters\",\"services\",\"maxInstances\",\"maxInstancesPerCapability\",\"injectGlobals\",\"filesToWatch\",\"execArgv\",\"runnerEnv\",\"runner\",\"shard\",\"specFileRetries\",\"specFileRetriesDelay\",\"specFileRetriesDeferred\",\"reporterSyncInterval\",\"reporterSyncTimeout\",\"cucumberFeaturesWithLineNumbers\",\"autoCompileOpts\",\"mochaOpts\",\"jasmineOpts\",\"cucumberOpts\",\"onPrepare\",\"onWorkerStart\",\"onWorkerEnd\",\"before\",\"beforeSession\",\"beforeSuite\",\"beforeHook\",\"beforeTest\",\"afterTest\",\"afterHook\",\"afterSuite\",\"afterSession\",\"after\",\"onComplete\",\"beforeAssertion\",\"afterAssertion\",\"beforeFeature\",\"beforeScenario\",\"beforeStep\",\"afterStep\",\"afterScenario\",\"afterFeature\",\"_\",\"suite\",\"$0\",\"ignoredWorkerServices\",\"wdi5\"]"}]}
RESULT: {"script":"<script> [2342 bytes]","args":[{"protocol":"http","hostname":"0.0.0.0","path":"/","capabilities":{"browserName":"chrome","goog:chromeOptions":{"binary":"C:\\Program Files\\Google\\Chrome\\Application\\chrome.exe","args":["--start-maximized"]}},"logLevel":"warn","connectionRetryTimeout":120000,"connectionRetryCount":3,"logLevels":{},"enableDirectConnect":true,"strictSSL":true,"_":"65 more keys: [\"cacheDir\",\"port\",\"requestedCapabilities\",\"automationProtocol\",\"baseUrl\",\"waitforInterval\",\"waitforTimeout\",\"onReload\",\"beforeCommand\",\"afterCommand\",\"rootDir\",\"specs\",\"suites\",\"exclude\",\"groupLogsByTestSpec\",\"excludeDriverLogs\",\"bail\",\"framework\",\"reporters\",\"services\",\"maxInstances\",\"maxInstancesPerCapability\",\"injectGlobals\",\"filesToWatch\",\"execArgv\",\"runnerEnv\",\"runner\",\"shard\",\"specFileRetries\",\"specFileRetriesDelay\",\"specFileRetriesDeferred\",\"reporterSyncInterval\",\"reporterSyncTimeout\",\"cucumberFeaturesWithLineNumbers\",\"autoCompileOpts\",\"mochaOpts\",\"jasmineOpts\",\"cucumberOpts\",\"onPrepare\",\"onWorkerStart\",\"onWorkerEnd\",\"before\",\"beforeSession\",\"beforeSuite\",\"beforeHook\",\"beforeTest\",\"afterTest\",\"afterHook\",\"afterSuite\",\"afterSession\",\"after\",\"onComplete\",\"beforeAssertion\",\"afterAssertion\",\"beforeFeature\",\"beforeScenario\",\"beforeStep\",\"afterStep\",\"afterScenario\",\"afterFeature\",\"_\",\"suite\",\"$0\",\"ignoredWorkerServices\",\"wdi5\"]"}]}
COMMAND: POST /session/e87ee5c00bb1e8c61ee38b6c01d07093/execute/async - {"script":"<script> [21126 bytes]","args":[35000]}
RESULT: {"script":"<script> [21126 bytes]","args":[35000]}
]]></system-out>
    </testcase>
    <testcase classname="chrome.136_0_7103_93.windows.Tests_for_DXCW_CAE_environment,_including_specific_login_to_the_system_US" name="Should upload address file entry used for later tests as master data US156291" time="78.637">
      <system-out><![CDATA[
COMMAND: POST /session/e87ee5c00bb1e8c61ee38b6c01d07093/execute/async - {"script":"<script> [1562 bytes]","args":[{"selector":{"controlType":"sap.m.GenericTile","properties":{"header":"Migration Service"}},"wdio_ui5_key":"sapm.GenericTile{\"header\":\"Migration Service\"}"}]}
RESULT: {"script":"<script> [1562 bytes]","args":[{"selector":{"controlType":"sap.m.GenericTile","properties":{"header":"Migration Service"}},"wdio_ui5_key":"sapm.GenericTile{\"header\":\"Migration Service\"}"}]}
RESULT: undefined
COMMAND: POST /session/e87ee5c00bb1e8c61ee38b6c01d07093/element - {"using":"xpath","value":"//*[@id=\"__tile25\"]"}
RESULT: {"using":"xpath","value":"//*[@id=\"__tile25\"]"}
COMMAND: POST /session/e87ee5c00bb1e8c61ee38b6c01d07093/element/f.C39E6AC59F605FD7CA79606EE8A094DD.d.BE16D1AEC2767891F969E9B2938D4753.e.96/click - {}
RESULT: {}
COMMAND: GET /session/e87ee5c00bb1e8c61ee38b6c01d07093/screenshot - {}
RESULT: {}
RESULT: undefined
RESULT: undefined
COMMAND: POST /session/e87ee5c00bb1e8c61ee38b6c01d07093/elements - {"using":"xpath","value":"//span[text()='Error']"}
RESULT: {"using":"xpath","value":"//span[text()='Error']"}
COMMAND: POST /session/e87ee5c00bb1e8c61ee38b6c01d07093/execute/async - {"script":"<script> [1562 bytes]","args":[{"selector":{"controlType":"sap.m.GenericTile","viewName":"bbs.dxcw.migration.view.Home","i18NText":{"propertyName":"header","key":"migrationService"}},"wdio_ui5_key":"bbsdxcw.migration.view.Homesap.m.GenericTile{\"propertyName\":\"header\",\"key\":\"migrationService\"}"}]}
RESULT: {"script":"<script> [1562 bytes]","args":[{"selector":{"controlType":"sap.m.GenericTile","viewName":"bbs.dxcw.migration.view.Home","i18NText":{"propertyName":"header","key":"migrationService"}},"wdio_ui5_key":"bbsdxcw.migration.view.Homesap.m.GenericTile{\"propertyName\":\"header\",\"key\":\"migrationService\"}"}]}
RESULT: undefined
COMMAND: POST /session/e87ee5c00bb1e8c61ee38b6c01d07093/element - {"using":"xpath","value":"//*[@id=\"__tile26\"]"}
RESULT: {"using":"xpath","value":"//*[@id=\"__tile26\"]"}
COMMAND: POST /session/e87ee5c00bb1e8c61ee38b6c01d07093/element/f.C39E6AC59F605FD7CA79606EE8A094DD.d.BE16D1AEC2767891F969E9B2938D4753.e.136/click - {}
RESULT: {}
COMMAND: GET /session/e87ee5c00bb1e8c61ee38b6c01d07093/screenshot - {}
RESULT: {}
COMMAND: POST /session/e87ee5c00bb1e8c61ee38b6c01d07093/element - {"using":"xpath","value":"//bdi[contains(text(), \"Create new Draft\")]"}
RESULT: {"using":"xpath","value":"//bdi[contains(text(), \"Create new Draft\")]"}
COMMAND: POST /session/e87ee5c00bb1e8c61ee38b6c01d07093/elements - {"using":"xpath","value":"//bdi[contains(text(), \"Create new Draft\")]"}
RESULT: {"using":"xpath","value":"//bdi[contains(text(), \"Create new Draft\")]"}
COMMAND: POST /session/e87ee5c00bb1e8c61ee38b6c01d07093/execute/sync - {"script":"<script> [8489 bytes]","args":[{"element-6066-11e4-a52e-4f735466cecf":"f.C39E6AC59F605FD7CA79606EE8A094DD.d.BE16D1AEC2767891F969E9B2938D4753.e.156","ELEMENT":"f.C39E6AC59F605FD7CA79606EE8A094DD.d.BE16D1AEC2767891F969E9B2938D4753.e.156"}]}
RESULT: {"script":"<script> [8489 bytes]","args":[{"element-6066-11e4-a52e-4f735466cecf":"f.C39E6AC59F605FD7CA79606EE8A094DD.d.BE16D1AEC2767891F969E9B2938D4753.e.156","ELEMENT":"f.C39E6AC59F605FD7CA79606EE8A094DD.d.BE16D1AEC2767891F969E9B2938D4753.e.156"}]}
COMMAND: GET /session/e87ee5c00bb1e8c61ee38b6c01d07093/element/f.C39E6AC59F605FD7CA79606EE8A094DD.d.BE16D1AEC2767891F969E9B2938D4753.e.156/enabled - {}
COMMAND: GET /session/e87ee5c00bb1e8c61ee38b6c01d07093/screenshot - {}
RESULT: {}
COMMAND: POST /session/e87ee5c00bb1e8c61ee38b6c01d07093/execute/sync - {"script":"<script> [8489 bytes]","args":[{"element-6066-11e4-a52e-4f735466cecf":"f.C39E6AC59F605FD7CA79606EE8A094DD.d.BE16D1AEC2767891F969E9B2938D4753.e.156","ELEMENT":"f.C39E6AC59F605FD7CA79606EE8A094DD.d.BE16D1AEC2767891F969E9B2938D4753.e.156"}]}
COMMAND: GET /session/e87ee5c00bb1e8c61ee38b6c01d07093/screenshot - {}
RESULT: {}
RESULT: {"script":"<script> [8489 bytes]","args":[{"element-6066-11e4-a52e-4f735466cecf":"f.C39E6AC59F605FD7CA79606EE8A094DD.d.BE16D1AEC2767891F969E9B2938D4753.e.156","ELEMENT":"f.C39E6AC59F605FD7CA79606EE8A094DD.d.BE16D1AEC2767891F969E9B2938D4753.e.156"}]}
COMMAND: POST /session/e87ee5c00bb1e8c61ee38b6c01d07093/execute/sync - {"script":"<script> [5351 bytes]","args":[{"element-6066-11e4-a52e-4f735466cecf":"f.C39E6AC59F605FD7CA79606EE8A094DD.d.BE16D1AEC2767891F969E9B2938D4753.e.156","ELEMENT":"f.C39E6AC59F605FD7CA79606EE8A094DD.d.BE16D1AEC2767891F969E9B2938D4753.e.156"}]}
COMMAND: GET /session/e87ee5c00bb1e8c61ee38b6c01d07093/screenshot - {}
RESULT: {}
RESULT: {"script":"<script> [5351 bytes]","args":[{"element-6066-11e4-a52e-4f735466cecf":"f.C39E6AC59F605FD7CA79606EE8A094DD.d.BE16D1AEC2767891F969E9B2938D4753.e.156","ELEMENT":"f.C39E6AC59F605FD7CA79606EE8A094DD.d.BE16D1AEC2767891F969E9B2938D4753.e.156"}]}
COMMAND: GET /session/e87ee5c00bb1e8c61ee38b6c01d07093/screenshot - {}
RESULT: {}
RESULT: {}
COMMAND: POST /session/e87ee5c00bb1e8c61ee38b6c01d07093/element - {"using":"xpath","value":"//bdi[contains(text(), \"Create new Draft\")]"}
RESULT: {"using":"xpath","value":"//bdi[contains(text(), \"Create new Draft\")]"}
COMMAND: POST /session/e87ee5c00bb1e8c61ee38b6c01d07093/element/f.C39E6AC59F605FD7CA79606EE8A094DD.d.BE16D1AEC2767891F969E9B2938D4753.e.156/click - {}
RESULT: {}
COMMAND: GET /session/e87ee5c00bb1e8c61ee38b6c01d07093/screenshot - {}
RESULT: {}
COMMAND: POST /session/e87ee5c00bb1e8c61ee38b6c01d07093/element - {"using":"xpath","value":"//li[.//div[text()=\"Address\"]]"}
RESULT: {"using":"xpath","value":"//li[.//div[text()=\"Address\"]]"}
COMMAND: POST /session/e87ee5c00bb1e8c61ee38b6c01d07093/element/f.C39E6AC59F605FD7CA79606EE8A094DD.d.BE16D1AEC2767891F969E9B2938D4753.e.302/click - {}
RESULT: {}
COMMAND: GET /session/e87ee5c00bb1e8c61ee38b6c01d07093/screenshot - {}
COMMAND: POST /session/e87ee5c00bb1e8c61ee38b6c01d07093/file - {"file":"[base64] 7080 bytes"}
RESULT: {}
RESULT: {"file":"[base64] 7080 bytes"}
COMMAND: POST /session/e87ee5c00bb1e8c61ee38b6c01d07093/element - {"using":"xpath","value":"//input[(@type=\"file\") and contains(@id,\"BOList-10-0-1-uploader-fu\")]"}
RESULT: {"using":"xpath","value":"//input[(@type=\"file\") and contains(@id,\"BOList-10-0-1-uploader-fu\")]"}
COMMAND: POST /session/e87ee5c00bb1e8c61ee38b6c01d07093/element/f.C39E6AC59F605FD7CA79606EE8A094DD.d.BE16D1AEC2767891F969E9B2938D4753.e.304/clear - {}
RESULT: {}
COMMAND: POST /session/e87ee5c00bb1e8c61ee38b6c01d07093/element/f.C39E6AC59F605FD7CA79606EE8A094DD.d.BE16D1AEC2767891F969E9B2938D4753.e.304/value - {"text":"C:\\Windows\\SystemTemp\\scoped_dir1392_130108004\\upload1392_1624119692\\Address.xlsx"}
COMMAND: GET /session/e87ee5c00bb1e8c61ee38b6c01d07093/screenshot - {}
RESULT: {"text":"C:\\Windows\\SystemTemp\\scoped_dir1392_130108004\\upload1392_1624119692\\Address.xlsx"}
COMMAND: GET /session/e87ee5c00bb1e8c61ee38b6c01d07093/screenshot - {}
RESULT: {}
RESULT: {}
COMMAND: POST /session/e87ee5c00bb1e8c61ee38b6c01d07093/element - {"using":"xpath","value":"//bdi[contains(text(), \"Match by name\")]"}
RESULT: {"using":"xpath","value":"//bdi[contains(text(), \"Match by name\")]"}
COMMAND: POST /session/e87ee5c00bb1e8c61ee38b6c01d07093/element/f.C39E6AC59F605FD7CA79606EE8A094DD.d.BE16D1AEC2767891F969E9B2938D4753.e.317/click - {}
RESULT: {}
COMMAND: GET /session/e87ee5c00bb1e8c61ee38b6c01d07093/screenshot - {}
RESULT: {}
COMMAND: POST /session/e87ee5c00bb1e8c61ee38b6c01d07093/element - {"using":"xpath","value":"//bdi[text() = \"OK\"]"}
RESULT: {"using":"xpath","value":"//bdi[text() = \"OK\"]"}
COMMAND: POST /session/e87ee5c00bb1e8c61ee38b6c01d07093/element/f.C39E6AC59F605FD7CA79606EE8A094DD.d.BE16D1AEC2767891F969E9B2938D4753.e.319/click - {}
RESULT: {}
COMMAND: GET /session/e87ee5c00bb1e8c61ee38b6c01d07093/screenshot - {}
RESULT: {}
COMMAND: POST /session/e87ee5c00bb1e8c61ee38b6c01d07093/element - {"using":"xpath","value":"//button[contains(@id,\"uploadBtn\")]"}
RESULT: {"using":"xpath","value":"//button[contains(@id,\"uploadBtn\")]"}
COMMAND: POST /session/e87ee5c00bb1e8c61ee38b6c01d07093/element/f.C39E6AC59F605FD7CA79606EE8A094DD.d.BE16D1AEC2767891F969E9B2938D4753.e.200/click - {}
RESULT: {}
COMMAND: GET /session/e87ee5c00bb1e8c61ee38b6c01d07093/screenshot - {}
RESULT: {}
COMMAND: POST /session/e87ee5c00bb1e8c61ee38b6c01d07093/element - {"using":"xpath","value":"//button[.//bdi[contains(text(),\"Refresh Logs\")]]"}
RESULT: {"using":"xpath","value":"//button[.//bdi[contains(text(),\"Refresh Logs\")]]"}
COMMAND: POST /session/e87ee5c00bb1e8c61ee38b6c01d07093/element/f.C39E6AC59F605FD7CA79606EE8A094DD.d.BE16D1AEC2767891F969E9B2938D4753.e.328/click - {}
RESULT: {}
COMMAND: GET /session/e87ee5c00bb1e8c61ee38b6c01d07093/screenshot - {}
RESULT: {}
COMMAND: POST /session/e87ee5c00bb1e8c61ee38b6c01d07093/element - {"using":"xpath","value":"//table[contains(@id,\"customHandoversTable-listUl\")]/tbody/tr[1]/td[4]/span"}
RESULT: {"using":"xpath","value":"//table[contains(@id,\"customHandoversTable-listUl\")]/tbody/tr[1]/td[4]/span"}
COMMAND: POST /session/e87ee5c00bb1e8c61ee38b6c01d07093/execute/sync - {"script":"<script> [56 bytes]","args":[{"element-6066-11e4-a52e-4f735466cecf":"f.C39E6AC59F605FD7CA79606EE8A094DD.d.BE16D1AEC2767891F969E9B2938D4753.e.615","ELEMENT":"f.C39E6AC59F605FD7CA79606EE8A094DD.d.BE16D1AEC2767891F969E9B2938D4753.e.615"}]}
RESULT: {"script":"<script> [56 bytes]","args":[{"element-6066-11e4-a52e-4f735466cecf":"f.C39E6AC59F605FD7CA79606EE8A094DD.d.BE16D1AEC2767891F969E9B2938D4753.e.615","ELEMENT":"f.C39E6AC59F605FD7CA79606EE8A094DD.d.BE16D1AEC2767891F969E9B2938D4753.e.615"}]}
COMMAND: POST /session/e87ee5c00bb1e8c61ee38b6c01d07093/element - {"using":"xpath","value":"//table[contains(@id,\"customHandoversTable-listUl\")]/tbody/tr[1]/td[7]/div/span[2]"}
COMMAND: GET /session/e87ee5c00bb1e8c61ee38b6c01d07093/screenshot - {}
RESULT: {"using":"xpath","value":"//table[contains(@id,\"customHandoversTable-listUl\")]/tbody/tr[1]/td[7]/div/span[2]"}
COMMAND: POST /session/e87ee5c00bb1e8c61ee38b6c01d07093/execute/sync - {"script":"<script> [56 bytes]","args":[{"element-6066-11e4-a52e-4f735466cecf":"f.C39E6AC59F605FD7CA79606EE8A094DD.d.BE16D1AEC2767891F969E9B2938D4753.e.616","ELEMENT":"f.C39E6AC59F605FD7CA79606EE8A094DD.d.BE16D1AEC2767891F969E9B2938D4753.e.616"}]}
RESULT: {}
RESULT: {"script":"<script> [56 bytes]","args":[{"element-6066-11e4-a52e-4f735466cecf":"f.C39E6AC59F605FD7CA79606EE8A094DD.d.BE16D1AEC2767891F969E9B2938D4753.e.616","ELEMENT":"f.C39E6AC59F605FD7CA79606EE8A094DD.d.BE16D1AEC2767891F969E9B2938D4753.e.616"}]}
COMMAND: POST /session/e87ee5c00bb1e8c61ee38b6c01d07093/element - {"using":"xpath","value":"//table[contains(@id,\"customHandoversTable-listUl\")]/tbody/tr[1]/td[8]/div/span[2]"}
COMMAND: GET /session/e87ee5c00bb1e8c61ee38b6c01d07093/screenshot - {}
RESULT: {"using":"xpath","value":"//table[contains(@id,\"customHandoversTable-listUl\")]/tbody/tr[1]/td[8]/div/span[2]"}
COMMAND: POST /session/e87ee5c00bb1e8c61ee38b6c01d07093/execute/sync - {"script":"<script> [56 bytes]","args":[{"element-6066-11e4-a52e-4f735466cecf":"f.C39E6AC59F605FD7CA79606EE8A094DD.d.BE16D1AEC2767891F969E9B2938D4753.e.619","ELEMENT":"f.C39E6AC59F605FD7CA79606EE8A094DD.d.BE16D1AEC2767891F969E9B2938D4753.e.619"}]}
RESULT: {}
RESULT: {"script":"<script> [56 bytes]","args":[{"element-6066-11e4-a52e-4f735466cecf":"f.C39E6AC59F605FD7CA79606EE8A094DD.d.BE16D1AEC2767891F969E9B2938D4753.e.619","ELEMENT":"f.C39E6AC59F605FD7CA79606EE8A094DD.d.BE16D1AEC2767891F969E9B2938D4753.e.619"}]}
COMMAND: GET /session/e87ee5c00bb1e8c61ee38b6c01d07093/screenshot - {}
RESULT: {}
COMMAND: POST /session/e87ee5c00bb1e8c61ee38b6c01d07093/execute/async - {"script":"<script> [1562 bytes]","args":[{"selector":{"controlType":"sap.ui.core.Icon","viewName":"bbs.dxcw.migration.view.migration.MigrationMaster","properties":{"src":{"regex":{"source":"notes"}}}},"wdio_ui5_key":"bbsdxcw.migration.view.migration.MigrationMastersap.ui.core.Icon{\"src\":{\"regex\":{\"source\":\"notes\"}}}"}]}
RESULT: {"script":"<script> [1562 bytes]","args":[{"selector":{"controlType":"sap.ui.core.Icon","viewName":"bbs.dxcw.migration.view.migration.MigrationMaster","properties":{"src":{"regex":{"source":"notes"}}}},"wdio_ui5_key":"bbsdxcw.migration.view.migration.MigrationMastersap.ui.core.Icon{\"src\":{\"regex\":{\"source\":\"notes\"}}}"}]}
RESULT: undefined
COMMAND: POST /session/e87ee5c00bb1e8c61ee38b6c01d07093/element - {"using":"xpath","value":"//*[@id=\"__filter0-icon\"]"}
RESULT: {"using":"xpath","value":"//*[@id=\"__filter0-icon\"]"}
COMMAND: POST /session/e87ee5c00bb1e8c61ee38b6c01d07093/element/f.C39E6AC59F605FD7CA79606EE8A094DD.d.BE16D1AEC2767891F969E9B2938D4753.e.620/click - {}
RESULT: {}
COMMAND: GET /session/e87ee5c00bb1e8c61ee38b6c01d07093/screenshot - {}
RESULT: {}
]]></system-out>
    </testcase>
    <testcase classname="chrome.136_0_7103_93.windows.Tests_for_DXCW_CAE_environment,_including_specific_login_to_the_system_US" name="Should upload yard file entry used for later tests as master data US156291" time="47.299">
      <system-out><![CDATA[
COMMAND: POST /session/e87ee5c00bb1e8c61ee38b6c01d07093/element - {"using":"xpath","value":"//bdi[contains(text(), \"Create new Draft\")]"}
RESULT: {"using":"xpath","value":"//bdi[contains(text(), \"Create new Draft\")]"}
COMMAND: POST /session/e87ee5c00bb1e8c61ee38b6c01d07093/element/f.C39E6AC59F605FD7CA79606EE8A094DD.d.BE16D1AEC2767891F969E9B2938D4753.e.624/click - {}
RESULT: {}
COMMAND: GET /session/e87ee5c00bb1e8c61ee38b6c01d07093/screenshot - {}
RESULT: {}
COMMAND: POST /session/e87ee5c00bb1e8c61ee38b6c01d07093/element - {"using":"xpath","value":"//li[.//div[text()=\"Yards\"]]"}
RESULT: {"using":"xpath","value":"//li[.//div[text()=\"Yards\"]]"}
COMMAND: POST /session/e87ee5c00bb1e8c61ee38b6c01d07093/element/f.C39E6AC59F605FD7CA79606EE8A094DD.d.BE16D1AEC2767891F969E9B2938D4753.e.743/click - {}
RESULT: {}
COMMAND: GET /session/e87ee5c00bb1e8c61ee38b6c01d07093/screenshot - {}
COMMAND: POST /session/e87ee5c00bb1e8c61ee38b6c01d07093/file - {"file":"[base64] 6816 bytes"}
RESULT: {}
RESULT: {"file":"[base64] 6816 bytes"}
COMMAND: POST /session/e87ee5c00bb1e8c61ee38b6c01d07093/element - {"using":"xpath","value":"//input[(@type=\"file\") and contains(@id,\"BOList-15-0-1-uploader-fu\")]"}
RESULT: {"using":"xpath","value":"//input[(@type=\"file\") and contains(@id,\"BOList-15-0-1-uploader-fu\")]"}
COMMAND: POST /session/e87ee5c00bb1e8c61ee38b6c01d07093/element/f.C39E6AC59F605FD7CA79606EE8A094DD.d.BE16D1AEC2767891F969E9B2938D4753.e.746/clear - {}
RESULT: {}
COMMAND: POST /session/e87ee5c00bb1e8c61ee38b6c01d07093/element/f.C39E6AC59F605FD7CA79606EE8A094DD.d.BE16D1AEC2767891F969E9B2938D4753.e.746/value - {"text":"C:\\Windows\\SystemTemp\\scoped_dir1392_130108004\\upload1392_1695711135\\Yards.xlsx"}
COMMAND: GET /session/e87ee5c00bb1e8c61ee38b6c01d07093/screenshot - {}
RESULT: {"text":"C:\\Windows\\SystemTemp\\scoped_dir1392_130108004\\upload1392_1695711135\\Yards.xlsx"}
COMMAND: GET /session/e87ee5c00bb1e8c61ee38b6c01d07093/screenshot - {}
RESULT: {}
RESULT: {}
COMMAND: POST /session/e87ee5c00bb1e8c61ee38b6c01d07093/element - {"using":"xpath","value":"//bdi[contains(text(), \"Match by name\")]"}
RESULT: {"using":"xpath","value":"//bdi[contains(text(), \"Match by name\")]"}
COMMAND: POST /session/e87ee5c00bb1e8c61ee38b6c01d07093/element/f.C39E6AC59F605FD7CA79606EE8A094DD.d.BE16D1AEC2767891F969E9B2938D4753.e.754/click - {}
RESULT: {}
COMMAND: GET /session/e87ee5c00bb1e8c61ee38b6c01d07093/screenshot - {}
RESULT: {}
COMMAND: POST /session/e87ee5c00bb1e8c61ee38b6c01d07093/element - {"using":"xpath","value":"//bdi[text() = \"OK\"]"}
RESULT: {"using":"xpath","value":"//bdi[text() = \"OK\"]"}
COMMAND: POST /session/e87ee5c00bb1e8c61ee38b6c01d07093/element/f.C39E6AC59F605FD7CA79606EE8A094DD.d.BE16D1AEC2767891F969E9B2938D4753.e.755/click - {}
RESULT: {}
COMMAND: GET /session/e87ee5c00bb1e8c61ee38b6c01d07093/screenshot - {}
RESULT: {}
COMMAND: POST /session/e87ee5c00bb1e8c61ee38b6c01d07093/element - {"using":"xpath","value":"//button[contains(@id,\"uploadBtn\")]"}
RESULT: {"using":"xpath","value":"//button[contains(@id,\"uploadBtn\")]"}
COMMAND: POST /session/e87ee5c00bb1e8c61ee38b6c01d07093/element/f.C39E6AC59F605FD7CA79606EE8A094DD.d.BE16D1AEC2767891F969E9B2938D4753.e.200/click - {}
RESULT: {}
COMMAND: GET /session/e87ee5c00bb1e8c61ee38b6c01d07093/screenshot - {}
RESULT: {}
COMMAND: POST /session/e87ee5c00bb1e8c61ee38b6c01d07093/element - {"using":"xpath","value":"//button[.//bdi[contains(text(),\"Refresh Logs\")]]"}
RESULT: {"using":"xpath","value":"//button[.//bdi[contains(text(),\"Refresh Logs\")]]"}
COMMAND: POST /session/e87ee5c00bb1e8c61ee38b6c01d07093/element/f.C39E6AC59F605FD7CA79606EE8A094DD.d.BE16D1AEC2767891F969E9B2938D4753.e.762/click - {}
RESULT: {}
COMMAND: GET /session/e87ee5c00bb1e8c61ee38b6c01d07093/screenshot - {}
RESULT: {}
COMMAND: POST /session/e87ee5c00bb1e8c61ee38b6c01d07093/element - {"using":"xpath","value":"//table[contains(@id,\"customHandoversTable-listUl\")]/tbody/tr[1]/td[4]/span"}
RESULT: {"using":"xpath","value":"//table[contains(@id,\"customHandoversTable-listUl\")]/tbody/tr[1]/td[4]/span"}
COMMAND: POST /session/e87ee5c00bb1e8c61ee38b6c01d07093/execute/sync - {"script":"<script> [56 bytes]","args":[{"element-6066-11e4-a52e-4f735466cecf":"f.C39E6AC59F605FD7CA79606EE8A094DD.d.BE16D1AEC2767891F969E9B2938D4753.e.1043","ELEMENT":"f.C39E6AC59F605FD7CA79606EE8A094DD.d.BE16D1AEC2767891F969E9B2938D4753.e.1043"}]}
RESULT: {"script":"<script> [56 bytes]","args":[{"element-6066-11e4-a52e-4f735466cecf":"f.C39E6AC59F605FD7CA79606EE8A094DD.d.BE16D1AEC2767891F969E9B2938D4753.e.1043","ELEMENT":"f.C39E6AC59F605FD7CA79606EE8A094DD.d.BE16D1AEC2767891F969E9B2938D4753.e.1043"}]}
COMMAND: POST /session/e87ee5c00bb1e8c61ee38b6c01d07093/element - {"using":"xpath","value":"//table[contains(@id,\"customHandoversTable-listUl\")]/tbody/tr[1]/td[7]/div/span[2]"}
COMMAND: GET /session/e87ee5c00bb1e8c61ee38b6c01d07093/screenshot - {}
RESULT: {"using":"xpath","value":"//table[contains(@id,\"customHandoversTable-listUl\")]/tbody/tr[1]/td[7]/div/span[2]"}
COMMAND: POST /session/e87ee5c00bb1e8c61ee38b6c01d07093/execute/sync - {"script":"<script> [56 bytes]","args":[{"element-6066-11e4-a52e-4f735466cecf":"f.C39E6AC59F605FD7CA79606EE8A094DD.d.BE16D1AEC2767891F969E9B2938D4753.e.1044","ELEMENT":"f.C39E6AC59F605FD7CA79606EE8A094DD.d.BE16D1AEC2767891F969E9B2938D4753.e.1044"}]}
RESULT: {}
RESULT: {"script":"<script> [56 bytes]","args":[{"element-6066-11e4-a52e-4f735466cecf":"f.C39E6AC59F605FD7CA79606EE8A094DD.d.BE16D1AEC2767891F969E9B2938D4753.e.1044","ELEMENT":"f.C39E6AC59F605FD7CA79606EE8A094DD.d.BE16D1AEC2767891F969E9B2938D4753.e.1044"}]}
COMMAND: POST /session/e87ee5c00bb1e8c61ee38b6c01d07093/element - {"using":"xpath","value":"//table[contains(@id,\"customHandoversTable-listUl\")]/tbody/tr[1]/td[8]/div/span[2]"}
COMMAND: GET /session/e87ee5c00bb1e8c61ee38b6c01d07093/screenshot - {}
RESULT: {"using":"xpath","value":"//table[contains(@id,\"customHandoversTable-listUl\")]/tbody/tr[1]/td[8]/div/span[2]"}
COMMAND: POST /session/e87ee5c00bb1e8c61ee38b6c01d07093/execute/sync - {"script":"<script> [56 bytes]","args":[{"element-6066-11e4-a52e-4f735466cecf":"f.C39E6AC59F605FD7CA79606EE8A094DD.d.BE16D1AEC2767891F969E9B2938D4753.e.1047","ELEMENT":"f.C39E6AC59F605FD7CA79606EE8A094DD.d.BE16D1AEC2767891F969E9B2938D4753.e.1047"}]}
RESULT: {}
RESULT: {"script":"<script> [56 bytes]","args":[{"element-6066-11e4-a52e-4f735466cecf":"f.C39E6AC59F605FD7CA79606EE8A094DD.d.BE16D1AEC2767891F969E9B2938D4753.e.1047","ELEMENT":"f.C39E6AC59F605FD7CA79606EE8A094DD.d.BE16D1AEC2767891F969E9B2938D4753.e.1047"}]}
COMMAND: GET /session/e87ee5c00bb1e8c61ee38b6c01d07093/screenshot - {}
RESULT: {}
RESULT: undefined
COMMAND: POST /session/e87ee5c00bb1e8c61ee38b6c01d07093/element - {"using":"xpath","value":"//*[@id=\"__filter0-icon\"]"}
RESULT: {"using":"xpath","value":"//*[@id=\"__filter0-icon\"]"}
COMMAND: POST /session/e87ee5c00bb1e8c61ee38b6c01d07093/element/f.C39E6AC59F605FD7CA79606EE8A094DD.d.BE16D1AEC2767891F969E9B2938D4753.e.620/click - {}
RESULT: {}
COMMAND: GET /session/e87ee5c00bb1e8c61ee38b6c01d07093/screenshot - {}
RESULT: {}
]]></system-out>
    </testcase>
    <testcase classname="chrome.136_0_7103_93.windows.Tests_for_DXCW_CAE_environment,_including_specific_login_to_the_system_US" name="Should upload compound partner files entry used for later tests as master data US156291" time="63.001">
      <system-out><![CDATA[
COMMAND: POST /session/e87ee5c00bb1e8c61ee38b6c01d07093/element - {"using":"xpath","value":"//bdi[contains(text(), \"Create new Draft\")]"}
RESULT: {"using":"xpath","value":"//bdi[contains(text(), \"Create new Draft\")]"}
COMMAND: POST /session/e87ee5c00bb1e8c61ee38b6c01d07093/element/f.C39E6AC59F605FD7CA79606EE8A094DD.d.BE16D1AEC2767891F969E9B2938D4753.e.1051/click - {}
RESULT: {}
COMMAND: GET /session/e87ee5c00bb1e8c61ee38b6c01d07093/screenshot - {}
RESULT: {}
COMMAND: POST /session/e87ee5c00bb1e8c61ee38b6c01d07093/element - {"using":"xpath","value":"//li[.//div[text()=\"Partners\"]]"}
RESULT: {"using":"xpath","value":"//li[.//div[text()=\"Partners\"]]"}
COMMAND: POST /session/e87ee5c00bb1e8c61ee38b6c01d07093/element/f.C39E6AC59F605FD7CA79606EE8A094DD.d.BE16D1AEC2767891F969E9B2938D4753.e.1167/click - {}
RESULT: {}
COMMAND: GET /session/e87ee5c00bb1e8c61ee38b6c01d07093/screenshot - {}
COMMAND: POST /session/e87ee5c00bb1e8c61ee38b6c01d07093/file - {"file":"[base64] 6748 bytes"}
RESULT: {}
RESULT: {"file":"[base64] 6748 bytes"}
COMMAND: POST /session/e87ee5c00bb1e8c61ee38b6c01d07093/element - {"using":"xpath","value":"//input[(@type=\"file\") and contains(@id,\"BOList-4-0-1-uploader-fu\")]"}
RESULT: {"using":"xpath","value":"//input[(@type=\"file\") and contains(@id,\"BOList-4-0-1-uploader-fu\")]"}
COMMAND: POST /session/e87ee5c00bb1e8c61ee38b6c01d07093/element/f.C39E6AC59F605FD7CA79606EE8A094DD.d.BE16D1AEC2767891F969E9B2938D4753.e.1179/clear - {}
RESULT: {}
COMMAND: POST /session/e87ee5c00bb1e8c61ee38b6c01d07093/element/f.C39E6AC59F605FD7CA79606EE8A094DD.d.BE16D1AEC2767891F969E9B2938D4753.e.1179/value - {"text":"C:\\Windows\\SystemTemp\\scoped_dir1392_130108004\\upload1392_1102980718\\Partners.xlsx"}
COMMAND: GET /session/e87ee5c00bb1e8c61ee38b6c01d07093/screenshot - {}
RESULT: {"text":"C:\\Windows\\SystemTemp\\scoped_dir1392_130108004\\upload1392_1102980718\\Partners.xlsx"}
COMMAND: GET /session/e87ee5c00bb1e8c61ee38b6c01d07093/screenshot - {}
RESULT: {}
RESULT: {}
COMMAND: POST /session/e87ee5c00bb1e8c61ee38b6c01d07093/element - {"using":"xpath","value":"//bdi[contains(text(), \"Match by name\")]"}
RESULT: {"using":"xpath","value":"//bdi[contains(text(), \"Match by name\")]"}
COMMAND: POST /session/e87ee5c00bb1e8c61ee38b6c01d07093/element/f.C39E6AC59F605FD7CA79606EE8A094DD.d.BE16D1AEC2767891F969E9B2938D4753.e.1189/click - {}
RESULT: {}
COMMAND: GET /session/e87ee5c00bb1e8c61ee38b6c01d07093/screenshot - {}
RESULT: {}
COMMAND: POST /session/e87ee5c00bb1e8c61ee38b6c01d07093/element - {"using":"xpath","value":"//bdi[text() = \"OK\"]"}
RESULT: {"using":"xpath","value":"//bdi[text() = \"OK\"]"}
COMMAND: POST /session/e87ee5c00bb1e8c61ee38b6c01d07093/element/f.C39E6AC59F605FD7CA79606EE8A094DD.d.BE16D1AEC2767891F969E9B2938D4753.e.1190/click - {}
RESULT: {}
COMMAND: GET /session/e87ee5c00bb1e8c61ee38b6c01d07093/screenshot - {}
RESULT: {}
COMMAND: POST /session/e87ee5c00bb1e8c61ee38b6c01d07093/file - {"file":"[base64] 6424 bytes"}
RESULT: {"file":"[base64] 6424 bytes"}
COMMAND: POST /session/e87ee5c00bb1e8c61ee38b6c01d07093/element - {"using":"xpath","value":"//input[(@type=\"file\") and contains(@id,\"BOList-4-1-1-uploader-fu\")]"}
RESULT: {"using":"xpath","value":"//input[(@type=\"file\") and contains(@id,\"BOList-4-1-1-uploader-fu\")]"}
COMMAND: POST /session/e87ee5c00bb1e8c61ee38b6c01d07093/element/f.C39E6AC59F605FD7CA79606EE8A094DD.d.BE16D1AEC2767891F969E9B2938D4753.e.1193/clear - {}
RESULT: {}
COMMAND: POST /session/e87ee5c00bb1e8c61ee38b6c01d07093/element/f.C39E6AC59F605FD7CA79606EE8A094DD.d.BE16D1AEC2767891F969E9B2938D4753.e.1193/value - {"text":"C:\\Windows\\SystemTemp\\scoped_dir1392_130108004\\upload1392_208439736\\YardsPartners.xlsx"}
COMMAND: GET /session/e87ee5c00bb1e8c61ee38b6c01d07093/screenshot - {}
RESULT: {"text":"C:\\Windows\\SystemTemp\\scoped_dir1392_130108004\\upload1392_208439736\\YardsPartners.xlsx"}
COMMAND: GET /session/e87ee5c00bb1e8c61ee38b6c01d07093/screenshot - {}
RESULT: {}
RESULT: {}
COMMAND: POST /session/e87ee5c00bb1e8c61ee38b6c01d07093/element - {"using":"xpath","value":"//bdi[contains(text(), \"Match by name\")]"}
RESULT: {"using":"xpath","value":"//bdi[contains(text(), \"Match by name\")]"}
COMMAND: POST /session/e87ee5c00bb1e8c61ee38b6c01d07093/element/f.C39E6AC59F605FD7CA79606EE8A094DD.d.BE16D1AEC2767891F969E9B2938D4753.e.1201/click - {}
RESULT: {}
COMMAND: GET /session/e87ee5c00bb1e8c61ee38b6c01d07093/screenshot - {}
RESULT: {}
COMMAND: POST /session/e87ee5c00bb1e8c61ee38b6c01d07093/element - {"using":"xpath","value":"//bdi[text() = \"OK\"]"}
RESULT: {"using":"xpath","value":"//bdi[text() = \"OK\"]"}
COMMAND: POST /session/e87ee5c00bb1e8c61ee38b6c01d07093/element/f.C39E6AC59F605FD7CA79606EE8A094DD.d.BE16D1AEC2767891F969E9B2938D4753.e.1202/click - {}
RESULT: {}
COMMAND: GET /session/e87ee5c00bb1e8c61ee38b6c01d07093/screenshot - {}
RESULT: {}
COMMAND: POST /session/e87ee5c00bb1e8c61ee38b6c01d07093/execute/async - {"script":"<script> [1562 bytes]","args":[{"selector":{"controlType":"sap.m.Switch","viewName":"bbs.dxcw.migration.view.migration.MigrationNewDraft","bindingPath":{"path":"","propertyPath":"/isComposition","modelName":"ContentModel"},"interaction":{"idSuffix":"textoff"}},"wdio_ui5_key":"bbsdxcw.migration.view.migration.MigrationNewDraftsap.m.Switch{\"path\":\"\",\"propertyPath\":\"/isComposition\",\"modelName\":\"ContentModel\"}"}]}
RESULT: {"script":"<script> [1562 bytes]","args":[{"selector":{"controlType":"sap.m.Switch","viewName":"bbs.dxcw.migration.view.migration.MigrationNewDraft","bindingPath":{"path":"","propertyPath":"/isComposition","modelName":"ContentModel"},"interaction":{"idSuffix":"textoff"}},"wdio_ui5_key":"bbsdxcw.migration.view.migration.MigrationNewDraftsap.m.Switch{\"path\":\"\",\"propertyPath\":\"/isComposition\",\"modelName\":\"ContentModel\"}"}]}
RESULT: undefined
COMMAND: POST /session/e87ee5c00bb1e8c61ee38b6c01d07093/element - {"using":"xpath","value":"//*[@id=\"__switch0\"]"}
RESULT: {"using":"xpath","value":"//*[@id=\"__switch0\"]"}
COMMAND: POST /session/e87ee5c00bb1e8c61ee38b6c01d07093/element/f.C39E6AC59F605FD7CA79606EE8A094DD.d.BE16D1AEC2767891F969E9B2938D4753.e.192/click - {}
RESULT: {}
COMMAND: POST /session/e87ee5c00bb1e8c61ee38b6c01d07093/element - {"using":"xpath","value":"//button[contains(@id,\"uploadBtn\")]"}
COMMAND: GET /session/e87ee5c00bb1e8c61ee38b6c01d07093/screenshot - {}
RESULT: {"using":"xpath","value":"//button[contains(@id,\"uploadBtn\")]"}
COMMAND: POST /session/e87ee5c00bb1e8c61ee38b6c01d07093/element/f.C39E6AC59F605FD7CA79606EE8A094DD.d.BE16D1AEC2767891F969E9B2938D4753.e.200/click - {}
RESULT: {}
RESULT: {}
COMMAND: GET /session/e87ee5c00bb1e8c61ee38b6c01d07093/screenshot - {}
RESULT: {}
COMMAND: POST /session/e87ee5c00bb1e8c61ee38b6c01d07093/element - {"using":"xpath","value":"//button[.//bdi[contains(text(),\"Refresh Logs\")]]"}
RESULT: {"using":"xpath","value":"//button[.//bdi[contains(text(),\"Refresh Logs\")]]"}
COMMAND: POST /session/e87ee5c00bb1e8c61ee38b6c01d07093/element/f.C39E6AC59F605FD7CA79606EE8A094DD.d.BE16D1AEC2767891F969E9B2938D4753.e.1212/click - {}
RESULT: {}
COMMAND: GET /session/e87ee5c00bb1e8c61ee38b6c01d07093/screenshot - {}
RESULT: {}
COMMAND: POST /session/e87ee5c00bb1e8c61ee38b6c01d07093/element - {"using":"xpath","value":"//table[contains(@id,\"customHandoversTable-listUl\")]/tbody/tr[1]/td[4]/span"}
RESULT: {"using":"xpath","value":"//table[contains(@id,\"customHandoversTable-listUl\")]/tbody/tr[1]/td[4]/span"}
COMMAND: POST /session/e87ee5c00bb1e8c61ee38b6c01d07093/execute/sync - {"script":"<script> [56 bytes]","args":[{"element-6066-11e4-a52e-4f735466cecf":"f.C39E6AC59F605FD7CA79606EE8A094DD.d.BE16D1AEC2767891F969E9B2938D4753.e.1500","ELEMENT":"f.C39E6AC59F605FD7CA79606EE8A094DD.d.BE16D1AEC2767891F969E9B2938D4753.e.1500"}]}
RESULT: {"script":"<script> [56 bytes]","args":[{"element-6066-11e4-a52e-4f735466cecf":"f.C39E6AC59F605FD7CA79606EE8A094DD.d.BE16D1AEC2767891F969E9B2938D4753.e.1500","ELEMENT":"f.C39E6AC59F605FD7CA79606EE8A094DD.d.BE16D1AEC2767891F969E9B2938D4753.e.1500"}]}
COMMAND: POST /session/e87ee5c00bb1e8c61ee38b6c01d07093/element - {"using":"xpath","value":"//table[contains(@id,\"customHandoversTable-listUl\")]/tbody/tr[1]/td[7]/div/span[2]"}
COMMAND: GET /session/e87ee5c00bb1e8c61ee38b6c01d07093/screenshot - {}
RESULT: {"using":"xpath","value":"//table[contains(@id,\"customHandoversTable-listUl\")]/tbody/tr[1]/td[7]/div/span[2]"}
COMMAND: POST /session/e87ee5c00bb1e8c61ee38b6c01d07093/execute/sync - {"script":"<script> [56 bytes]","args":[{"element-6066-11e4-a52e-4f735466cecf":"f.C39E6AC59F605FD7CA79606EE8A094DD.d.BE16D1AEC2767891F969E9B2938D4753.e.1501","ELEMENT":"f.C39E6AC59F605FD7CA79606EE8A094DD.d.BE16D1AEC2767891F969E9B2938D4753.e.1501"}]}
RESULT: {}
RESULT: {"script":"<script> [56 bytes]","args":[{"element-6066-11e4-a52e-4f735466cecf":"f.C39E6AC59F605FD7CA79606EE8A094DD.d.BE16D1AEC2767891F969E9B2938D4753.e.1501","ELEMENT":"f.C39E6AC59F605FD7CA79606EE8A094DD.d.BE16D1AEC2767891F969E9B2938D4753.e.1501"}]}
COMMAND: POST /session/e87ee5c00bb1e8c61ee38b6c01d07093/element - {"using":"xpath","value":"//table[contains(@id,\"customHandoversTable-listUl\")]/tbody/tr[1]/td[8]/div/span[2]"}
COMMAND: GET /session/e87ee5c00bb1e8c61ee38b6c01d07093/screenshot - {}
RESULT: {"using":"xpath","value":"//table[contains(@id,\"customHandoversTable-listUl\")]/tbody/tr[1]/td[8]/div/span[2]"}
COMMAND: POST /session/e87ee5c00bb1e8c61ee38b6c01d07093/execute/sync - {"script":"<script> [56 bytes]","args":[{"element-6066-11e4-a52e-4f735466cecf":"f.C39E6AC59F605FD7CA79606EE8A094DD.d.BE16D1AEC2767891F969E9B2938D4753.e.1504","ELEMENT":"f.C39E6AC59F605FD7CA79606EE8A094DD.d.BE16D1AEC2767891F969E9B2938D4753.e.1504"}]}
RESULT: {}
RESULT: {"script":"<script> [56 bytes]","args":[{"element-6066-11e4-a52e-4f735466cecf":"f.C39E6AC59F605FD7CA79606EE8A094DD.d.BE16D1AEC2767891F969E9B2938D4753.e.1504","ELEMENT":"f.C39E6AC59F605FD7CA79606EE8A094DD.d.BE16D1AEC2767891F969E9B2938D4753.e.1504"}]}
COMMAND: GET /session/e87ee5c00bb1e8c61ee38b6c01d07093/screenshot - {}
RESULT: {}
RESULT: undefined
COMMAND: POST /session/e87ee5c00bb1e8c61ee38b6c01d07093/element - {"using":"xpath","value":"//*[@id=\"__filter0-icon\"]"}
RESULT: {"using":"xpath","value":"//*[@id=\"__filter0-icon\"]"}
COMMAND: POST /session/e87ee5c00bb1e8c61ee38b6c01d07093/element/f.C39E6AC59F605FD7CA79606EE8A094DD.d.BE16D1AEC2767891F969E9B2938D4753.e.620/click - {}
RESULT: {}
COMMAND: GET /session/e87ee5c00bb1e8c61ee38b6c01d07093/screenshot - {}
RESULT: {}
]]></system-out>
    </testcase>
    <testcase classname="chrome.136_0_7103_93.windows.Tests_for_DXCW_CAE_environment,_including_specific_login_to_the_system_US" name="Should upload site file entry used for later tests as master data US156291" time="54.455">
      <system-out><![CDATA[
COMMAND: POST /session/e87ee5c00bb1e8c61ee38b6c01d07093/element - {"using":"xpath","value":"//bdi[contains(text(), \"Create new Draft\")]"}
RESULT: {"using":"xpath","value":"//bdi[contains(text(), \"Create new Draft\")]"}
COMMAND: POST /session/e87ee5c00bb1e8c61ee38b6c01d07093/element/f.C39E6AC59F605FD7CA79606EE8A094DD.d.BE16D1AEC2767891F969E9B2938D4753.e.1508/click - {}
RESULT: {}
COMMAND: GET /session/e87ee5c00bb1e8c61ee38b6c01d07093/screenshot - {}
RESULT: {}
COMMAND: POST /session/e87ee5c00bb1e8c61ee38b6c01d07093/element - {"using":"xpath","value":"//li[.//div[text()=\"Sites\"]]"}
RESULT: {"using":"xpath","value":"//li[.//div[text()=\"Sites\"]]"}
COMMAND: POST /session/e87ee5c00bb1e8c61ee38b6c01d07093/element/f.C39E6AC59F605FD7CA79606EE8A094DD.d.BE16D1AEC2767891F969E9B2938D4753.e.1172/click - {}
RESULT: {}
COMMAND: GET /session/e87ee5c00bb1e8c61ee38b6c01d07093/screenshot - {}
COMMAND: POST /session/e87ee5c00bb1e8c61ee38b6c01d07093/file - {"file":"[base64] 6440 bytes"}
RESULT: {}
RESULT: {"file":"[base64] 6440 bytes"}
COMMAND: POST /session/e87ee5c00bb1e8c61ee38b6c01d07093/element - {"using":"xpath","value":"//input[(@type=\"file\") and contains(@id,\"BOList-9-0-1-uploader-fu\")]"}
RESULT: {"using":"xpath","value":"//input[(@type=\"file\") and contains(@id,\"BOList-9-0-1-uploader-fu\")]"}
COMMAND: POST /session/e87ee5c00bb1e8c61ee38b6c01d07093/element/f.C39E6AC59F605FD7CA79606EE8A094DD.d.BE16D1AEC2767891F969E9B2938D4753.e.1623/clear - {}
RESULT: {}
COMMAND: POST /session/e87ee5c00bb1e8c61ee38b6c01d07093/element/f.C39E6AC59F605FD7CA79606EE8A094DD.d.BE16D1AEC2767891F969E9B2938D4753.e.1623/value - {"text":"C:\\Windows\\SystemTemp\\scoped_dir1392_130108004\\upload1392_1542542039\\Sites.xlsx"}
COMMAND: GET /session/e87ee5c00bb1e8c61ee38b6c01d07093/screenshot - {}
RESULT: {"text":"C:\\Windows\\SystemTemp\\scoped_dir1392_130108004\\upload1392_1542542039\\Sites.xlsx"}
COMMAND: GET /session/e87ee5c00bb1e8c61ee38b6c01d07093/screenshot - {}
RESULT: {}
RESULT: {}
COMMAND: POST /session/e87ee5c00bb1e8c61ee38b6c01d07093/element - {"using":"xpath","value":"//bdi[contains(text(), \"Match by name\")]"}
RESULT: {"using":"xpath","value":"//bdi[contains(text(), \"Match by name\")]"}
COMMAND: POST /session/e87ee5c00bb1e8c61ee38b6c01d07093/element/f.C39E6AC59F605FD7CA79606EE8A094DD.d.BE16D1AEC2767891F969E9B2938D4753.e.1632/click - {}
RESULT: {}
COMMAND: GET /session/e87ee5c00bb1e8c61ee38b6c01d07093/screenshot - {}
RESULT: {}
COMMAND: POST /session/e87ee5c00bb1e8c61ee38b6c01d07093/element - {"using":"xpath","value":"//bdi[text() = \"OK\"]"}
RESULT: {"using":"xpath","value":"//bdi[text() = \"OK\"]"}
COMMAND: POST /session/e87ee5c00bb1e8c61ee38b6c01d07093/element/f.C39E6AC59F605FD7CA79606EE8A094DD.d.BE16D1AEC2767891F969E9B2938D4753.e.1633/click - {}
RESULT: {}
COMMAND: GET /session/e87ee5c00bb1e8c61ee38b6c01d07093/screenshot - {}
RESULT: {}
COMMAND: POST /session/e87ee5c00bb1e8c61ee38b6c01d07093/element - {"using":"xpath","value":"//button[contains(@id,\"uploadBtn\")]"}
RESULT: {"using":"xpath","value":"//button[contains(@id,\"uploadBtn\")]"}
COMMAND: POST /session/e87ee5c00bb1e8c61ee38b6c01d07093/element/f.C39E6AC59F605FD7CA79606EE8A094DD.d.BE16D1AEC2767891F969E9B2938D4753.e.200/click - {}
RESULT: {}
COMMAND: GET /session/e87ee5c00bb1e8c61ee38b6c01d07093/screenshot - {}
RESULT: {}
COMMAND: POST /session/e87ee5c00bb1e8c61ee38b6c01d07093/element - {"using":"xpath","value":"//button[.//bdi[contains(text(),\"Refresh Logs\")]]"}
RESULT: {"using":"xpath","value":"//button[.//bdi[contains(text(),\"Refresh Logs\")]]"}
COMMAND: POST /session/e87ee5c00bb1e8c61ee38b6c01d07093/element/f.C39E6AC59F605FD7CA79606EE8A094DD.d.BE16D1AEC2767891F969E9B2938D4753.e.1640/click - {}
RESULT: {}
COMMAND: GET /session/e87ee5c00bb1e8c61ee38b6c01d07093/screenshot - {}
RESULT: {}
COMMAND: POST /session/e87ee5c00bb1e8c61ee38b6c01d07093/element - {"using":"xpath","value":"//table[contains(@id,\"customHandoversTable-listUl\")]/tbody/tr[1]/td[4]/span"}
RESULT: {"using":"xpath","value":"//table[contains(@id,\"customHandoversTable-listUl\")]/tbody/tr[1]/td[4]/span"}
COMMAND: POST /session/e87ee5c00bb1e8c61ee38b6c01d07093/execute/sync - {"script":"<script> [56 bytes]","args":[{"element-6066-11e4-a52e-4f735466cecf":"f.C39E6AC59F605FD7CA79606EE8A094DD.d.BE16D1AEC2767891F969E9B2938D4753.e.1931","ELEMENT":"f.C39E6AC59F605FD7CA79606EE8A094DD.d.BE16D1AEC2767891F969E9B2938D4753.e.1931"}]}
RESULT: {"script":"<script> [56 bytes]","args":[{"element-6066-11e4-a52e-4f735466cecf":"f.C39E6AC59F605FD7CA79606EE8A094DD.d.BE16D1AEC2767891F969E9B2938D4753.e.1931","ELEMENT":"f.C39E6AC59F605FD7CA79606EE8A094DD.d.BE16D1AEC2767891F969E9B2938D4753.e.1931"}]}
COMMAND: POST /session/e87ee5c00bb1e8c61ee38b6c01d07093/element - {"using":"xpath","value":"//table[contains(@id,\"customHandoversTable-listUl\")]/tbody/tr[1]/td[7]/div/span[2]"}
COMMAND: GET /session/e87ee5c00bb1e8c61ee38b6c01d07093/screenshot - {}
RESULT: {"using":"xpath","value":"//table[contains(@id,\"customHandoversTable-listUl\")]/tbody/tr[1]/td[7]/div/span[2]"}
COMMAND: POST /session/e87ee5c00bb1e8c61ee38b6c01d07093/execute/sync - {"script":"<script> [56 bytes]","args":[{"element-6066-11e4-a52e-4f735466cecf":"f.C39E6AC59F605FD7CA79606EE8A094DD.d.BE16D1AEC2767891F969E9B2938D4753.e.1932","ELEMENT":"f.C39E6AC59F605FD7CA79606EE8A094DD.d.BE16D1AEC2767891F969E9B2938D4753.e.1932"}]}
RESULT: {}
RESULT: {"script":"<script> [56 bytes]","args":[{"element-6066-11e4-a52e-4f735466cecf":"f.C39E6AC59F605FD7CA79606EE8A094DD.d.BE16D1AEC2767891F969E9B2938D4753.e.1932","ELEMENT":"f.C39E6AC59F605FD7CA79606EE8A094DD.d.BE16D1AEC2767891F969E9B2938D4753.e.1932"}]}
COMMAND: POST /session/e87ee5c00bb1e8c61ee38b6c01d07093/element - {"using":"xpath","value":"//table[contains(@id,\"customHandoversTable-listUl\")]/tbody/tr[1]/td[8]/div/span[2]"}
COMMAND: GET /session/e87ee5c00bb1e8c61ee38b6c01d07093/screenshot - {}
RESULT: {"using":"xpath","value":"//table[contains(@id,\"customHandoversTable-listUl\")]/tbody/tr[1]/td[8]/div/span[2]"}
COMMAND: POST /session/e87ee5c00bb1e8c61ee38b6c01d07093/execute/sync - {"script":"<script> [56 bytes]","args":[{"element-6066-11e4-a52e-4f735466cecf":"f.C39E6AC59F605FD7CA79606EE8A094DD.d.BE16D1AEC2767891F969E9B2938D4753.e.1935","ELEMENT":"f.C39E6AC59F605FD7CA79606EE8A094DD.d.BE16D1AEC2767891F969E9B2938D4753.e.1935"}]}
RESULT: {}
RESULT: {"script":"<script> [56 bytes]","args":[{"element-6066-11e4-a52e-4f735466cecf":"f.C39E6AC59F605FD7CA79606EE8A094DD.d.BE16D1AEC2767891F969E9B2938D4753.e.1935","ELEMENT":"f.C39E6AC59F605FD7CA79606EE8A094DD.d.BE16D1AEC2767891F969E9B2938D4753.e.1935"}]}
COMMAND: GET /session/e87ee5c00bb1e8c61ee38b6c01d07093/screenshot - {}
RESULT: {}
RESULT: undefined
COMMAND: POST /session/e87ee5c00bb1e8c61ee38b6c01d07093/element - {"using":"xpath","value":"//*[@id=\"__filter0-icon\"]"}
RESULT: {"using":"xpath","value":"//*[@id=\"__filter0-icon\"]"}
COMMAND: POST /session/e87ee5c00bb1e8c61ee38b6c01d07093/element/f.C39E6AC59F605FD7CA79606EE8A094DD.d.BE16D1AEC2767891F969E9B2938D4753.e.620/click - {}
RESULT: {}
COMMAND: GET /session/e87ee5c00bb1e8c61ee38b6c01d07093/screenshot - {}
RESULT: {}
COMMAND: POST /session/e87ee5c00bb1e8c61ee38b6c01d07093/element - {"using":"css selector","value":"#shell-header-logo"}
RESULT: {"using":"css selector","value":"#shell-header-logo"}
COMMAND: POST /session/e87ee5c00bb1e8c61ee38b6c01d07093/element/f.C39E6AC59F605FD7CA79606EE8A094DD.d.BE16D1AEC2767891F969E9B2938D4753.e.134/click - {}
RESULT: {}
COMMAND: GET /session/e87ee5c00bb1e8c61ee38b6c01d07093/screenshot - {}
RESULT: {}
COMMAND: POST /session/e87ee5c00bb1e8c61ee38b6c01d07093/element - {"using":"css selector","value":"#j_username"}
COMMAND: POST /session/e87ee5c00bb1e8c61ee38b6c01d07093/url - {"url":"https://qa-testing-00-live-etm-ui.cfapps.eu10-004.hana.ondemand.com/"}
RESULT: {"using":"css selector","value":"#j_username"}
COMMAND: POST /session/e87ee5c00bb1e8c61ee38b6c01d07093/element - {"using":"css selector","value":"#j_username"}
RESULT: {"url":"https://qa-testing-00-live-etm-ui.cfapps.eu10-004.hana.ondemand.com/"}
RESULT: undefined
COMMAND: GET /session/e87ee5c00bb1e8c61ee38b6c01d07093/screenshot - {}
RESULT: {"using":"css selector","value":"#j_username"}
COMMAND: POST /session/e87ee5c00bb1e8c61ee38b6c01d07093/element - {"using":"css selector","value":"#shell-header-logo"}
RESULT: {}
RESULT: {"using":"css selector","value":"#shell-header-logo"}
COMMAND: POST /session/e87ee5c00bb1e8c61ee38b6c01d07093/execute/sync - {"script":"<script> [8489 bytes]","args":[{"element-6066-11e4-a52e-4f735466cecf":"f.C39E6AC59F605FD7CA79606EE8A094DD.d.847F6AFB39C18A4C7355A5D64D2719B1.e.1946","ELEMENT":"f.C39E6AC59F605FD7CA79606EE8A094DD.d.847F6AFB39C18A4C7355A5D64D2719B1.e.1946"}]}
RESULT: {"script":"<script> [8489 bytes]","args":[{"element-6066-11e4-a52e-4f735466cecf":"f.C39E6AC59F605FD7CA79606EE8A094DD.d.847F6AFB39C18A4C7355A5D64D2719B1.e.1946","ELEMENT":"f.C39E6AC59F605FD7CA79606EE8A094DD.d.847F6AFB39C18A4C7355A5D64D2719B1.e.1946"}]}
COMMAND: POST /session/e87ee5c00bb1e8c61ee38b6c01d07093/element - {"using":"css selector","value":"#shell-header-logo"}
COMMAND: GET /session/e87ee5c00bb1e8c61ee38b6c01d07093/screenshot - {}
RESULT: {"using":"css selector","value":"#shell-header-logo"}
COMMAND: POST /session/e87ee5c00bb1e8c61ee38b6c01d07093/execute/sync - {"script":"<script> [8489 bytes]","args":[{"element-6066-11e4-a52e-4f735466cecf":"f.C39E6AC59F605FD7CA79606EE8A094DD.d.847F6AFB39C18A4C7355A5D64D2719B1.e.1946","ELEMENT":"f.C39E6AC59F605FD7CA79606EE8A094DD.d.847F6AFB39C18A4C7355A5D64D2719B1.e.1946"}]}
RESULT: {}
RESULT: {"script":"<script> [8489 bytes]","args":[{"element-6066-11e4-a52e-4f735466cecf":"f.C39E6AC59F605FD7CA79606EE8A094DD.d.847F6AFB39C18A4C7355A5D64D2719B1.e.1946","ELEMENT":"f.C39E6AC59F605FD7CA79606EE8A094DD.d.847F6AFB39C18A4C7355A5D64D2719B1.e.1946"}]}
COMMAND: POST /session/e87ee5c00bb1e8c61ee38b6c01d07093/execute/sync - {"script":"<script> [5351 bytes]","args":[{"element-6066-11e4-a52e-4f735466cecf":"f.C39E6AC59F605FD7CA79606EE8A094DD.d.847F6AFB39C18A4C7355A5D64D2719B1.e.1946","ELEMENT":"f.C39E6AC59F605FD7CA79606EE8A094DD.d.847F6AFB39C18A4C7355A5D64D2719B1.e.1946"}]}
COMMAND: GET /session/e87ee5c00bb1e8c61ee38b6c01d07093/screenshot - {}
RESULT: {"script":"<script> [5351 bytes]","args":[{"element-6066-11e4-a52e-4f735466cecf":"f.C39E6AC59F605FD7CA79606EE8A094DD.d.847F6AFB39C18A4C7355A5D64D2719B1.e.1946","ELEMENT":"f.C39E6AC59F605FD7CA79606EE8A094DD.d.847F6AFB39C18A4C7355A5D64D2719B1.e.1946"}]}
COMMAND: POST /session/e87ee5c00bb1e8c61ee38b6c01d07093/element - {"using":"css selector","value":"#shell-header-logo"}
COMMAND: GET /session/e87ee5c00bb1e8c61ee38b6c01d07093/screenshot - {}
RESULT: {}
RESULT: {"using":"css selector","value":"#shell-header-logo"}
COMMAND: POST /session/e87ee5c00bb1e8c61ee38b6c01d07093/element/f.C39E6AC59F605FD7CA79606EE8A094DD.d.847F6AFB39C18A4C7355A5D64D2719B1.e.1946/click - {}
RESULT: {}
RESULT: {}
COMMAND: GET /session/e87ee5c00bb1e8c61ee38b6c01d07093/screenshot - {}
RESULT: {}
COMMAND: POST /session/e87ee5c00bb1e8c61ee38b6c01d07093/execute/async - {"script":"<script> [189 bytes]","args":[]}
RESULT: {"script":"<script> [189 bytes]","args":[]}
COMMAND: POST /session/e87ee5c00bb1e8c61ee38b6c01d07093/execute/async - {"script":"<script> [123 bytes]","args":[]}
RESULT: {"script":"<script> [123 bytes]","args":[]}
COMMAND: POST /session/e87ee5c00bb1e8c61ee38b6c01d07093/timeouts - {"script":"<number>"}
RESULT: {"script":"<number>"}
COMMAND: GET /session/e87ee5c00bb1e8c61ee38b6c01d07093/timeouts - {}
RESULT: {}
RESULT: undefined
COMMAND: POST /session/e87ee5c00bb1e8c61ee38b6c01d07093/execute/async - {"script":"<script> [2676 bytes]","args":[]}
RESULT: {"script":"<script> [2676 bytes]","args":[]}
COMMAND: POST /session/e87ee5c00bb1e8c61ee38b6c01d07093/execute/async - {"script":"<script> [2342 bytes]","args":[{"protocol":"http","hostname":"0.0.0.0","path":"/","capabilities":{"browserName":"chrome","goog:chromeOptions":{"binary":"C:\\Program Files\\Google\\Chrome\\Application\\chrome.exe","args":["--start-maximized"]}},"logLevel":"warn","connectionRetryTimeout":120000,"connectionRetryCount":3,"logLevels":{},"enableDirectConnect":true,"strictSSL":true,"_":"65 more keys: [\"cacheDir\",\"port\",\"requestedCapabilities\",\"automationProtocol\",\"baseUrl\",\"waitforInterval\",\"waitforTimeout\",\"onReload\",\"beforeCommand\",\"afterCommand\",\"rootDir\",\"specs\",\"suites\",\"exclude\",\"groupLogsByTestSpec\",\"excludeDriverLogs\",\"bail\",\"framework\",\"reporters\",\"services\",\"maxInstances\",\"maxInstancesPerCapability\",\"injectGlobals\",\"filesToWatch\",\"execArgv\",\"runnerEnv\",\"runner\",\"shard\",\"specFileRetries\",\"specFileRetriesDelay\",\"specFileRetriesDeferred\",\"reporterSyncInterval\",\"reporterSyncTimeout\",\"cucumberFeaturesWithLineNumbers\",\"autoCompileOpts\",\"mochaOpts\",\"jasmineOpts\",\"cucumberOpts\",\"onPrepare\",\"onWorkerStart\",\"onWorkerEnd\",\"before\",\"beforeSession\",\"beforeSuite\",\"beforeHook\",\"beforeTest\",\"afterTest\",\"afterHook\",\"afterSuite\",\"afterSession\",\"after\",\"onComplete\",\"beforeAssertion\",\"afterAssertion\",\"beforeFeature\",\"beforeScenario\",\"beforeStep\",\"afterStep\",\"afterScenario\",\"afterFeature\",\"_\",\"suite\",\"$0\",\"ignoredWorkerServices\",\"wdi5\"]"}]}
RESULT: {"script":"<script> [2342 bytes]","args":[{"protocol":"http","hostname":"0.0.0.0","path":"/","capabilities":{"browserName":"chrome","goog:chromeOptions":{"binary":"C:\\Program Files\\Google\\Chrome\\Application\\chrome.exe","args":["--start-maximized"]}},"logLevel":"warn","connectionRetryTimeout":120000,"connectionRetryCount":3,"logLevels":{},"enableDirectConnect":true,"strictSSL":true,"_":"65 more keys: [\"cacheDir\",\"port\",\"requestedCapabilities\",\"automationProtocol\",\"baseUrl\",\"waitforInterval\",\"waitforTimeout\",\"onReload\",\"beforeCommand\",\"afterCommand\",\"rootDir\",\"specs\",\"suites\",\"exclude\",\"groupLogsByTestSpec\",\"excludeDriverLogs\",\"bail\",\"framework\",\"reporters\",\"services\",\"maxInstances\",\"maxInstancesPerCapability\",\"injectGlobals\",\"filesToWatch\",\"execArgv\",\"runnerEnv\",\"runner\",\"shard\",\"specFileRetries\",\"specFileRetriesDelay\",\"specFileRetriesDeferred\",\"reporterSyncInterval\",\"reporterSyncTimeout\",\"cucumberFeaturesWithLineNumbers\",\"autoCompileOpts\",\"mochaOpts\",\"jasmineOpts\",\"cucumberOpts\",\"onPrepare\",\"onWorkerStart\",\"onWorkerEnd\",\"before\",\"beforeSession\",\"beforeSuite\",\"beforeHook\",\"beforeTest\",\"afterTest\",\"afterHook\",\"afterSuite\",\"afterSession\",\"after\",\"onComplete\",\"beforeAssertion\",\"afterAssertion\",\"beforeFeature\",\"beforeScenario\",\"beforeStep\",\"afterStep\",\"afterScenario\",\"afterFeature\",\"_\",\"suite\",\"$0\",\"ignoredWorkerServices\",\"wdi5\"]"}]}
COMMAND: POST /session/e87ee5c00bb1e8c61ee38b6c01d07093/execute/async - {"script":"<script> [21126 bytes]","args":[35000]}
RESULT: {"script":"<script> [21126 bytes]","args":[35000]}
COMMAND: POST /session/e87ee5c00bb1e8c61ee38b6c01d07093/window/maximize - {}
RESULT: {}
COMMAND: POST /session/e87ee5c00bb1e8c61ee38b6c01d07093/execute/async - {"script":"<script> [1562 bytes]","args":[{"selector":{"id":"shell-header","interaction":{"idSuffix":"icon"}},"wdio_ui5_key":"shellheader"}]}
COMMAND: GET /session/e87ee5c00bb1e8c61ee38b6c01d07093/screenshot - {}
RESULT: {"script":"<script> [1562 bytes]","args":[{"selector":{"id":"shell-header","interaction":{"idSuffix":"icon"}},"wdio_ui5_key":"shellheader"}]}
RESULT: undefined
COMMAND: POST /session/e87ee5c00bb1e8c61ee38b6c01d07093/refresh - {}
RESULT: {}
RESULT: {}
COMMAND: GET /session/e87ee5c00bb1e8c61ee38b6c01d07093/screenshot - {}
RESULT: {}
COMMAND: POST /session/e87ee5c00bb1e8c61ee38b6c01d07093/refresh - {}
RESULT: {}
COMMAND: GET /session/e87ee5c00bb1e8c61ee38b6c01d07093/screenshot - {}
RESULT: {}
COMMAND: POST /session/e87ee5c00bb1e8c61ee38b6c01d07093/window/fullscreen - {}
RESULT: {}
COMMAND: POST /session/e87ee5c00bb1e8c61ee38b6c01d07093/execute/async - {"script":"<script> [189 bytes]","args":[]}
RESULT: {"script":"<script> [189 bytes]","args":[]}
COMMAND: POST /session/e87ee5c00bb1e8c61ee38b6c01d07093/execute/async - {"script":"<script> [123 bytes]","args":[]}
RESULT: {"script":"<script> [123 bytes]","args":[]}
COMMAND: POST /session/e87ee5c00bb1e8c61ee38b6c01d07093/timeouts - {"script":"<number>"}
RESULT: {"script":"<number>"}
COMMAND: GET /session/e87ee5c00bb1e8c61ee38b6c01d07093/timeouts - {}
RESULT: {}
RESULT: undefined
COMMAND: POST /session/e87ee5c00bb1e8c61ee38b6c01d07093/execute/async - {"script":"<script> [2676 bytes]","args":[]}
RESULT: {"script":"<script> [2676 bytes]","args":[]}
COMMAND: POST /session/e87ee5c00bb1e8c61ee38b6c01d07093/execute/async - {"script":"<script> [2342 bytes]","args":[{"protocol":"http","hostname":"0.0.0.0","path":"/","capabilities":{"browserName":"chrome","goog:chromeOptions":{"binary":"C:\\Program Files\\Google\\Chrome\\Application\\chrome.exe","args":["--start-maximized"]}},"logLevel":"warn","connectionRetryTimeout":120000,"connectionRetryCount":3,"logLevels":{},"enableDirectConnect":true,"strictSSL":true,"_":"65 more keys: [\"cacheDir\",\"port\",\"requestedCapabilities\",\"automationProtocol\",\"baseUrl\",\"waitforInterval\",\"waitforTimeout\",\"onReload\",\"beforeCommand\",\"afterCommand\",\"rootDir\",\"specs\",\"suites\",\"exclude\",\"groupLogsByTestSpec\",\"excludeDriverLogs\",\"bail\",\"framework\",\"reporters\",\"services\",\"maxInstances\",\"maxInstancesPerCapability\",\"injectGlobals\",\"filesToWatch\",\"execArgv\",\"runnerEnv\",\"runner\",\"shard\",\"specFileRetries\",\"specFileRetriesDelay\",\"specFileRetriesDeferred\",\"reporterSyncInterval\",\"reporterSyncTimeout\",\"cucumberFeaturesWithLineNumbers\",\"autoCompileOpts\",\"mochaOpts\",\"jasmineOpts\",\"cucumberOpts\",\"onPrepare\",\"onWorkerStart\",\"onWorkerEnd\",\"before\",\"beforeSession\",\"beforeSuite\",\"beforeHook\",\"beforeTest\",\"afterTest\",\"afterHook\",\"afterSuite\",\"afterSession\",\"after\",\"onComplete\",\"beforeAssertion\",\"afterAssertion\",\"beforeFeature\",\"beforeScenario\",\"beforeStep\",\"afterStep\",\"afterScenario\",\"afterFeature\",\"_\",\"suite\",\"$0\",\"ignoredWorkerServices\",\"wdi5\"]"}]}
RESULT: {"script":"<script> [2342 bytes]","args":[{"protocol":"http","hostname":"0.0.0.0","path":"/","capabilities":{"browserName":"chrome","goog:chromeOptions":{"binary":"C:\\Program Files\\Google\\Chrome\\Application\\chrome.exe","args":["--start-maximized"]}},"logLevel":"warn","connectionRetryTimeout":120000,"connectionRetryCount":3,"logLevels":{},"enableDirectConnect":true,"strictSSL":true,"_":"65 more keys: [\"cacheDir\",\"port\",\"requestedCapabilities\",\"automationProtocol\",\"baseUrl\",\"waitforInterval\",\"waitforTimeout\",\"onReload\",\"beforeCommand\",\"afterCommand\",\"rootDir\",\"specs\",\"suites\",\"exclude\",\"groupLogsByTestSpec\",\"excludeDriverLogs\",\"bail\",\"framework\",\"reporters\",\"services\",\"maxInstances\",\"maxInstancesPerCapability\",\"injectGlobals\",\"filesToWatch\",\"execArgv\",\"runnerEnv\",\"runner\",\"shard\",\"specFileRetries\",\"specFileRetriesDelay\",\"specFileRetriesDeferred\",\"reporterSyncInterval\",\"reporterSyncTimeout\",\"cucumberFeaturesWithLineNumbers\",\"autoCompileOpts\",\"mochaOpts\",\"jasmineOpts\",\"cucumberOpts\",\"onPrepare\",\"onWorkerStart\",\"onWorkerEnd\",\"before\",\"beforeSession\",\"beforeSuite\",\"beforeHook\",\"beforeTest\",\"afterTest\",\"afterHook\",\"afterSuite\",\"afterSession\",\"after\",\"onComplete\",\"beforeAssertion\",\"afterAssertion\",\"beforeFeature\",\"beforeScenario\",\"beforeStep\",\"afterStep\",\"afterScenario\",\"afterFeature\",\"_\",\"suite\",\"$0\",\"ignoredWorkerServices\",\"wdi5\"]"}]}
COMMAND: POST /session/e87ee5c00bb1e8c61ee38b6c01d07093/execute/async - {"script":"<script> [21126 bytes]","args":[35000]}
RESULT: {"script":"<script> [21126 bytes]","args":[35000]}
]]></system-out>
    </testcase>
  </testsuite>
  <testsuite timestamp="2025-05-25T17:21:36" time="1146.898" tests="12" failures="0" errors="0" skipped="0">
    <properties>
      <property name="specId" value="0"/>
      <property name="suiteName" value="Billing Transfer - Master data &amp; Intercompany US127250"/>
      <property name="capabilities" value="chrome.136_0_7103_93.windows"/>
      <property name="file" value="file:///D:/a/1/s/test/specs/BTS/billing-transfer-intercompany.spec.js"/>
    </properties>
    <testcase classname="chrome.136_0_7103_93.windows.Billing_Transfer_-_Master_data_&amp;_Intercompany_US127250" name="Should create a new yard" time="130.194">
      <system-out><![CDATA[
COMMAND: POST /session/e87ee5c00bb1e8c61ee38b6c01d07093/window/fullscreen - {}
RESULT: {}
COMMAND: POST /session/e87ee5c00bb1e8c61ee38b6c01d07093/execute/async - {"script":"<script> [1562 bytes]","args":[{"selector":{"controlType":"sap.m.GenericTile","properties":{"header":"Manage Yards"}},"wdio_ui5_key":"sapm.GenericTile{\"header\":\"Manage Yards\"}"}]}
RESULT: {"script":"<script> [1562 bytes]","args":[{"selector":{"controlType":"sap.m.GenericTile","properties":{"header":"Manage Yards"}},"wdio_ui5_key":"sapm.GenericTile{\"header\":\"Manage Yards\"}"}]}
RESULT: undefined
COMMAND: POST /session/e87ee5c00bb1e8c61ee38b6c01d07093/element - {"using":"xpath","value":"//*[@id=\"__tile41\"]"}
RESULT: {"using":"xpath","value":"//*[@id=\"__tile41\"]"}
COMMAND: POST /session/e87ee5c00bb1e8c61ee38b6c01d07093/element/f.C39E6AC59F605FD7CA79606EE8A094DD.d.093E2AB86C9B845ED4349471FC1B846C.e.2110/click - {}
RESULT: {}
COMMAND: GET /session/e87ee5c00bb1e8c61ee38b6c01d07093/screenshot - {}
RESULT: {}
COMMAND: POST /session/e87ee5c00bb1e8c61ee38b6c01d07093/elements - {"using":"xpath","value":"//span[text()='Error']"}
RESULT: {"using":"xpath","value":"//span[text()='Error']"}
COMMAND: POST /session/e87ee5c00bb1e8c61ee38b6c01d07093/element - {"using":"xpath","value":"//button[@data-kt=\"addNewYardOverflowToolbarButton\"]"}
RESULT: {"using":"xpath","value":"//button[@data-kt=\"addNewYardOverflowToolbarButton\"]"}
COMMAND: POST /session/e87ee5c00bb1e8c61ee38b6c01d07093/elements - {"using":"xpath","value":"//button[@data-kt=\"addNewYardOverflowToolbarButton\"]"}
RESULT: {"using":"xpath","value":"//button[@data-kt=\"addNewYardOverflowToolbarButton\"]"}
COMMAND: POST /session/e87ee5c00bb1e8c61ee38b6c01d07093/execute/sync - {"script":"<script> [8489 bytes]","args":[{"element-6066-11e4-a52e-4f735466cecf":"f.C39E6AC59F605FD7CA79606EE8A094DD.d.093E2AB86C9B845ED4349471FC1B846C.e.2237","ELEMENT":"f.C39E6AC59F605FD7CA79606EE8A094DD.d.093E2AB86C9B845ED4349471FC1B846C.e.2237"}]}
RESULT: {"script":"<script> [8489 bytes]","args":[{"element-6066-11e4-a52e-4f735466cecf":"f.C39E6AC59F605FD7CA79606EE8A094DD.d.093E2AB86C9B845ED4349471FC1B846C.e.2237","ELEMENT":"f.C39E6AC59F605FD7CA79606EE8A094DD.d.093E2AB86C9B845ED4349471FC1B846C.e.2237"}]}
COMMAND: GET /session/e87ee5c00bb1e8c61ee38b6c01d07093/element/f.C39E6AC59F605FD7CA79606EE8A094DD.d.093E2AB86C9B845ED4349471FC1B846C.e.2237/enabled - {}
COMMAND: GET /session/e87ee5c00bb1e8c61ee38b6c01d07093/screenshot - {}
RESULT: {}
COMMAND: POST /session/e87ee5c00bb1e8c61ee38b6c01d07093/execute/sync - {"script":"<script> [8489 bytes]","args":[{"element-6066-11e4-a52e-4f735466cecf":"f.C39E6AC59F605FD7CA79606EE8A094DD.d.093E2AB86C9B845ED4349471FC1B846C.e.2237","ELEMENT":"f.C39E6AC59F605FD7CA79606EE8A094DD.d.093E2AB86C9B845ED4349471FC1B846C.e.2237"}]}
COMMAND: GET /session/e87ee5c00bb1e8c61ee38b6c01d07093/screenshot - {}
RESULT: {}
RESULT: {"script":"<script> [8489 bytes]","args":[{"element-6066-11e4-a52e-4f735466cecf":"f.C39E6AC59F605FD7CA79606EE8A094DD.d.093E2AB86C9B845ED4349471FC1B846C.e.2237","ELEMENT":"f.C39E6AC59F605FD7CA79606EE8A094DD.d.093E2AB86C9B845ED4349471FC1B846C.e.2237"}]}
COMMAND: POST /session/e87ee5c00bb1e8c61ee38b6c01d07093/execute/sync - {"script":"<script> [5351 bytes]","args":[{"element-6066-11e4-a52e-4f735466cecf":"f.C39E6AC59F605FD7CA79606EE8A094DD.d.093E2AB86C9B845ED4349471FC1B846C.e.2237","ELEMENT":"f.C39E6AC59F605FD7CA79606EE8A094DD.d.093E2AB86C9B845ED4349471FC1B846C.e.2237"}]}
RESULT: {}
COMMAND: GET /session/e87ee5c00bb1e8c61ee38b6c01d07093/screenshot - {}
RESULT: {"script":"<script> [5351 bytes]","args":[{"element-6066-11e4-a52e-4f735466cecf":"f.C39E6AC59F605FD7CA79606EE8A094DD.d.093E2AB86C9B845ED4349471FC1B846C.e.2237","ELEMENT":"f.C39E6AC59F605FD7CA79606EE8A094DD.d.093E2AB86C9B845ED4349471FC1B846C.e.2237"}]}
COMMAND: POST /session/e87ee5c00bb1e8c61ee38b6c01d07093/element/f.C39E6AC59F605FD7CA79606EE8A094DD.d.093E2AB86C9B845ED4349471FC1B846C.e.2237/click - {}
COMMAND: GET /session/e87ee5c00bb1e8c61ee38b6c01d07093/screenshot - {}
RESULT: {}
RESULT: {}
COMMAND: GET /session/e87ee5c00bb1e8c61ee38b6c01d07093/screenshot - {}
RESULT: {}
RESULT: {}
COMMAND: POST /session/e87ee5c00bb1e8c61ee38b6c01d07093/element - {"using":"xpath","value":"//input[@id=\"application-manageyards-display-component---NewYard--yardId-inner\"]"}
RESULT: {"using":"xpath","value":"//input[@id=\"application-manageyards-display-component---NewYard--yardId-inner\"]"}
COMMAND: POST /session/e87ee5c00bb1e8c61ee38b6c01d07093/element - {"using":"xpath","value":"//input[@id=\"application-manageyards-display-component---NewYard--yardId-inner\"]"}
RESULT: {"using":"xpath","value":"//input[@id=\"application-manageyards-display-component---NewYard--yardId-inner\"]"}
COMMAND: POST /session/e87ee5c00bb1e8c61ee38b6c01d07093/execute/async - {"script":"<script> [1562 bytes]","args":[{"selector":{"id":"application-manageyards-display-component---NewYard--addressDetailDetailsName1","interaction":{"idSuffix":"inner"}},"wdio_ui5_key":"applicationmanageyards-display-component---NewYard--addressDetailDetailsName1"}]}
RESULT: {"script":"<script> [1562 bytes]","args":[{"selector":{"id":"application-manageyards-display-component---NewYard--addressDetailDetailsName1","interaction":{"idSuffix":"inner"}},"wdio_ui5_key":"applicationmanageyards-display-component---NewYard--addressDetailDetailsName1"}]}
RESULT: undefined
COMMAND: POST /session/e87ee5c00bb1e8c61ee38b6c01d07093/execute/async - {"script":"<script> [776 bytes]","args":[{"enterText":"Intercompany Yard wdIO","selector":{"id":"application-manageyards-display-component---NewYard--addressDetailDetailsName1","interaction":{"idSuffix":"inner"}},"clearTextFirst":true,"interactionType":"ENTER_TEXT"}]}
RESULT: {"script":"<script> [776 bytes]","args":[{"enterText":"Intercompany Yard wdIO","selector":{"id":"application-manageyards-display-component---NewYard--addressDetailDetailsName1","interaction":{"idSuffix":"inner"}},"clearTextFirst":true,"interactionType":"ENTER_TEXT"}]}
COMMAND: POST /session/e87ee5c00bb1e8c61ee38b6c01d07093/execute/async - {"script":"<script> [1562 bytes]","args":[{"selector":{"id":"application-manageyards-display-component---NewYard--addressDetailDetailsLanguage-arrow"},"wdio_ui5_key":"applicationmanageyards-display-component---NewYard--addressDetailDetailsLanguage-arrow"}]}
RESULT: {"script":"<script> [1562 bytes]","args":[{"selector":{"id":"application-manageyards-display-component---NewYard--addressDetailDetailsLanguage-arrow"},"wdio_ui5_key":"applicationmanageyards-display-component---NewYard--addressDetailDetailsLanguage-arrow"}]}
RESULT: undefined
COMMAND: POST /session/e87ee5c00bb1e8c61ee38b6c01d07093/element - {"using":"xpath","value":"//*[@id=\"application-manageyards-display-component---NewYard--addressDetailDetailsLanguage-arrow\"]"}
RESULT: {"using":"xpath","value":"//*[@id=\"application-manageyards-display-component---NewYard--addressDetailDetailsLanguage-arrow\"]"}
COMMAND: POST /session/e87ee5c00bb1e8c61ee38b6c01d07093/element/f.C39E6AC59F605FD7CA79606EE8A094DD.d.093E2AB86C9B845ED4349471FC1B846C.e.2668/click - {}
RESULT: {}
COMMAND: POST /session/e87ee5c00bb1e8c61ee38b6c01d07093/element - {"using":"xpath","value":"//span[contains(text(), \"English\")]"}
COMMAND: GET /session/e87ee5c00bb1e8c61ee38b6c01d07093/screenshot - {}
RESULT: {"using":"xpath","value":"//span[contains(text(), \"English\")]"}
COMMAND: POST /session/e87ee5c00bb1e8c61ee38b6c01d07093/element/f.C39E6AC59F605FD7CA79606EE8A094DD.d.093E2AB86C9B845ED4349471FC1B846C.e.2669/click - {}
RESULT: {}
RESULT: {}
COMMAND: POST /session/e87ee5c00bb1e8c61ee38b6c01d07093/execute/async - {"script":"<script> [1562 bytes]","args":[{"selector":{"id":"application-manageyards-display-component---NewYard--addressDetailDetailsCity1","interaction":{"idSuffix":"inner"}},"wdio_ui5_key":"applicationmanageyards-display-component---NewYard--addressDetailDetailsCity1"}]}
COMMAND: GET /session/e87ee5c00bb1e8c61ee38b6c01d07093/screenshot - {}
RESULT: {"script":"<script> [1562 bytes]","args":[{"selector":{"id":"application-manageyards-display-component---NewYard--addressDetailDetailsCity1","interaction":{"idSuffix":"inner"}},"wdio_ui5_key":"applicationmanageyards-display-component---NewYard--addressDetailDetailsCity1"}]}
RESULT: undefined
COMMAND: POST /session/e87ee5c00bb1e8c61ee38b6c01d07093/execute/async - {"script":"<script> [776 bytes]","args":[{"enterText":"Rosario","selector":{"id":"application-manageyards-display-component---NewYard--addressDetailDetailsCity1","interaction":{"idSuffix":"inner"}},"clearTextFirst":true,"interactionType":"ENTER_TEXT"}]}
RESULT: {}
RESULT: {"script":"<script> [776 bytes]","args":[{"enterText":"Rosario","selector":{"id":"application-manageyards-display-component---NewYard--addressDetailDetailsCity1","interaction":{"idSuffix":"inner"}},"clearTextFirst":true,"interactionType":"ENTER_TEXT"}]}
COMMAND: POST /session/e87ee5c00bb1e8c61ee38b6c01d07093/execute/async - {"script":"<script> [1562 bytes]","args":[{"selector":{"id":"application-manageyards-display-component---NewYard--addressDetailDetailsCountry-arrow"},"wdio_ui5_key":"applicationmanageyards-display-component---NewYard--addressDetailDetailsCountry-arrow"}]}
RESULT: {"script":"<script> [1562 bytes]","args":[{"selector":{"id":"application-manageyards-display-component---NewYard--addressDetailDetailsCountry-arrow"},"wdio_ui5_key":"applicationmanageyards-display-component---NewYard--addressDetailDetailsCountry-arrow"}]}
RESULT: undefined
COMMAND: POST /session/e87ee5c00bb1e8c61ee38b6c01d07093/element - {"using":"xpath","value":"//*[@id=\"application-manageyards-display-component---NewYard--addressDetailDetailsCountry-arrow\"]"}
RESULT: {"using":"xpath","value":"//*[@id=\"application-manageyards-display-component---NewYard--addressDetailDetailsCountry-arrow\"]"}
COMMAND: POST /session/e87ee5c00bb1e8c61ee38b6c01d07093/element/f.C39E6AC59F605FD7CA79606EE8A094DD.d.093E2AB86C9B845ED4349471FC1B846C.e.2671/click - {}
RESULT: {}
COMMAND: POST /session/e87ee5c00bb1e8c61ee38b6c01d07093/element - {"using":"xpath","value":"//span[contains(text(), \"Argentina\")]"}
COMMAND: GET /session/e87ee5c00bb1e8c61ee38b6c01d07093/screenshot - {}
RESULT: {"using":"xpath","value":"//span[contains(text(), \"Argentina\")]"}
COMMAND: POST /session/e87ee5c00bb1e8c61ee38b6c01d07093/element/f.C39E6AC59F605FD7CA79606EE8A094DD.d.093E2AB86C9B845ED4349471FC1B846C.e.2673/click - {}
RESULT: {}
RESULT: {}
COMMAND: POST /session/e87ee5c00bb1e8c61ee38b6c01d07093/execute/async - {"script":"<script> [1562 bytes]","args":[{"selector":{"id":"application-manageyards-display-component---NewYard--addressEditDetailsCostObjectCstType-arrow"},"wdio_ui5_key":"applicationmanageyards-display-component---NewYard--addressEditDetailsCostObjectCstType-arrow"}]}
COMMAND: GET /session/e87ee5c00bb1e8c61ee38b6c01d07093/screenshot - {}
RESULT: {"script":"<script> [1562 bytes]","args":[{"selector":{"id":"application-manageyards-display-component---NewYard--addressEditDetailsCostObjectCstType-arrow"},"wdio_ui5_key":"applicationmanageyards-display-component---NewYard--addressEditDetailsCostObjectCstType-arrow"}]}
RESULT: undefined
COMMAND: POST /session/e87ee5c00bb1e8c61ee38b6c01d07093/element - {"using":"xpath","value":"//*[@id=\"application-manageyards-display-component---NewYard--addressEditDetailsCostObjectCstType-arrow\"]"}
RESULT: {}
RESULT: {"using":"xpath","value":"//*[@id=\"application-manageyards-display-component---NewYard--addressEditDetailsCostObjectCstType-arrow\"]"}
COMMAND: POST /session/e87ee5c00bb1e8c61ee38b6c01d07093/element/f.C39E6AC59F605FD7CA79606EE8A094DD.d.093E2AB86C9B845ED4349471FC1B846C.e.2674/click - {}
RESULT: {}
COMMAND: POST /session/e87ee5c00bb1e8c61ee38b6c01d07093/element - {"using":"xpath","value":"//span[contains(text(), \"Cost Center\")]"}
COMMAND: GET /session/e87ee5c00bb1e8c61ee38b6c01d07093/screenshot - {}
RESULT: {"using":"xpath","value":"//span[contains(text(), \"Cost Center\")]"}
COMMAND: POST /session/e87ee5c00bb1e8c61ee38b6c01d07093/element/f.C39E6AC59F605FD7CA79606EE8A094DD.d.093E2AB86C9B845ED4349471FC1B846C.e.2675/click - {}
RESULT: {}
RESULT: {}
COMMAND: GET /session/e87ee5c00bb1e8c61ee38b6c01d07093/screenshot - {}
RESULT: {}
COMMAND: POST /session/e87ee5c00bb1e8c61ee38b6c01d07093/element - {"using":"xpath","value":"//span[@id=\"application-manageyards-display-component---NewYard--addressNewCostObjectCstID-vhi\"]"}
RESULT: {"using":"xpath","value":"//span[@id=\"application-manageyards-display-component---NewYard--addressNewCostObjectCstID-vhi\"]"}
COMMAND: POST /session/e87ee5c00bb1e8c61ee38b6c01d07093/execute/sync - {"script":"<script> [8489 bytes]","args":[{"element-6066-11e4-a52e-4f735466cecf":"f.C39E6AC59F605FD7CA79606EE8A094DD.d.093E2AB86C9B845ED4349471FC1B846C.e.2679","ELEMENT":"f.C39E6AC59F605FD7CA79606EE8A094DD.d.093E2AB86C9B845ED4349471FC1B846C.e.2679"}]}
RESULT: {"script":"<script> [8489 bytes]","args":[{"element-6066-11e4-a52e-4f735466cecf":"f.C39E6AC59F605FD7CA79606EE8A094DD.d.093E2AB86C9B845ED4349471FC1B846C.e.2679","ELEMENT":"f.C39E6AC59F605FD7CA79606EE8A094DD.d.093E2AB86C9B845ED4349471FC1B846C.e.2679"}]}
COMMAND: POST /session/e87ee5c00bb1e8c61ee38b6c01d07093/execute/async - {"script":"<script> [1562 bytes]","args":[{"selector":{"id":"application-manageyards-display-component---NewYard--addressNewCostObjectCstID-vhi"},"wdio_ui5_key":"applicationmanageyards-display-component---NewYard--addressNewCostObjectCstID-vhi"}]}
COMMAND: GET /session/e87ee5c00bb1e8c61ee38b6c01d07093/screenshot - {}
RESULT: {"script":"<script> [1562 bytes]","args":[{"selector":{"id":"application-manageyards-display-component---NewYard--addressNewCostObjectCstID-vhi"},"wdio_ui5_key":"applicationmanageyards-display-component---NewYard--addressNewCostObjectCstID-vhi"}]}
RESULT: undefined
COMMAND: POST /session/e87ee5c00bb1e8c61ee38b6c01d07093/element - {"using":"xpath","value":"//*[@id=\"application-manageyards-display-component---NewYard--addressNewCostObjectCstID-vhi\"]"}
RESULT: {}
RESULT: {"using":"xpath","value":"//*[@id=\"application-manageyards-display-component---NewYard--addressNewCostObjectCstID-vhi\"]"}
COMMAND: POST /session/e87ee5c00bb1e8c61ee38b6c01d07093/element/f.C39E6AC59F605FD7CA79606EE8A094DD.d.093E2AB86C9B845ED4349471FC1B846C.e.2679/click - {}
RESULT: {}
COMMAND: GET /session/e87ee5c00bb1e8c61ee38b6c01d07093/screenshot - {}
RESULT: {}
COMMAND: POST /session/e87ee5c00bb1e8c61ee38b6c01d07093/execute/async - {"script":"<script> [1562 bytes]","args":[{"selector":{"controlType":"sap.m.SearchField","properties":{"placeholder":"Search"},"searchOpenDialogs":true,"interaction":{"idSuffix":"I"}},"wdio_ui5_key":"sapm.SearchField{\"placeholder\":\"Search\"}"}]}
RESULT: {"script":"<script> [1562 bytes]","args":[{"selector":{"controlType":"sap.m.SearchField","properties":{"placeholder":"Search"},"searchOpenDialogs":true,"interaction":{"idSuffix":"I"}},"wdio_ui5_key":"sapm.SearchField{\"placeholder\":\"Search\"}"}]}
RESULT: undefined
COMMAND: POST /session/e87ee5c00bb1e8c61ee38b6c01d07093/execute/async - {"script":"<script> [776 bytes]","args":[{"enterText":"bauh_b","selector":{"controlType":"sap.m.SearchField","properties":{"placeholder":"Search"},"searchOpenDialogs":true,"interaction":{"idSuffix":"I"}},"clearTextFirst":true,"interactionType":"ENTER_TEXT"}]}
RESULT: {"script":"<script> [776 bytes]","args":[{"enterText":"bauh_b","selector":{"controlType":"sap.m.SearchField","properties":{"placeholder":"Search"},"searchOpenDialogs":true,"interaction":{"idSuffix":"I"}},"clearTextFirst":true,"interactionType":"ENTER_TEXT"}]}
COMMAND: POST /session/e87ee5c00bb1e8c61ee38b6c01d07093/actions - {"actions":[{"id":"action1","type":"key","parameters":{},"actions":[{"type":"keyDown","value":""},{"type":"pause","duration":10},{"type":"keyUp","value":""}]}]}
RESULT: {"actions":[{"id":"action1","type":"key","parameters":{},"actions":[{"type":"keyDown","value":""},{"type":"pause","duration":10},{"type":"keyUp","value":""}]}]}
COMMAND: GET /session/e87ee5c00bb1e8c61ee38b6c01d07093/screenshot - {}
RESULT: {}
COMMAND: POST /session/e87ee5c00bb1e8c61ee38b6c01d07093/element - {"using":"xpath","value":"//span[contains(text(), \"Demo Yard\")]"}
RESULT: {"using":"xpath","value":"//span[contains(text(), \"Demo Yard\")]"}
COMMAND: POST /session/e87ee5c00bb1e8c61ee38b6c01d07093/element/f.C39E6AC59F605FD7CA79606EE8A094DD.d.093E2AB86C9B845ED4349471FC1B846C.e.2719/click - {}
RESULT: {}
COMMAND: GET /session/e87ee5c00bb1e8c61ee38b6c01d07093/screenshot - {}
RESULT: {}
COMMAND: POST /session/e87ee5c00bb1e8c61ee38b6c01d07093/element - {"using":"xpath","value":"//bdi[contains(text(), \"OK\")]"}
RESULT: {"using":"xpath","value":"//bdi[contains(text(), \"OK\")]"}
COMMAND: POST /session/e87ee5c00bb1e8c61ee38b6c01d07093/element/f.C39E6AC59F605FD7CA79606EE8A094DD.d.093E2AB86C9B845ED4349471FC1B846C.e.2720/click - {}
RESULT: {}
COMMAND: GET /session/e87ee5c00bb1e8c61ee38b6c01d07093/screenshot - {}
RESULT: {}
COMMAND: POST /session/e87ee5c00bb1e8c61ee38b6c01d07093/execute/async - {"script":"<script> [1562 bytes]","args":[{"selector":{"id":"application-manageyards-display-component---NewYard--addressEditDetailsCurrency-arrow"},"wdio_ui5_key":"applicationmanageyards-display-component---NewYard--addressEditDetailsCurrency-arrow"}]}
RESULT: {"script":"<script> [1562 bytes]","args":[{"selector":{"id":"application-manageyards-display-component---NewYard--addressEditDetailsCurrency-arrow"},"wdio_ui5_key":"applicationmanageyards-display-component---NewYard--addressEditDetailsCurrency-arrow"}]}
RESULT: undefined
COMMAND: POST /session/e87ee5c00bb1e8c61ee38b6c01d07093/element - {"using":"xpath","value":"//*[@id=\"application-manageyards-display-component---NewYard--addressEditDetailsCurrency-arrow\"]"}
RESULT: {"using":"xpath","value":"//*[@id=\"application-manageyards-display-component---NewYard--addressEditDetailsCurrency-arrow\"]"}
COMMAND: POST /session/e87ee5c00bb1e8c61ee38b6c01d07093/element/f.C39E6AC59F605FD7CA79606EE8A094DD.d.093E2AB86C9B845ED4349471FC1B846C.e.2723/click - {}
RESULT: {}
COMMAND: POST /session/e87ee5c00bb1e8c61ee38b6c01d07093/element - {"using":"xpath","value":"//span[contains(text(), \"Euro\")]"}
COMMAND: GET /session/e87ee5c00bb1e8c61ee38b6c01d07093/screenshot - {}
RESULT: {"using":"xpath","value":"//span[contains(text(), \"Euro\")]"}
COMMAND: POST /session/e87ee5c00bb1e8c61ee38b6c01d07093/element/f.C39E6AC59F605FD7CA79606EE8A094DD.d.093E2AB86C9B845ED4349471FC1B846C.e.2724/click - {}
RESULT: {}
RESULT: {}
COMMAND: POST /session/e87ee5c00bb1e8c61ee38b6c01d07093/execute/async - {"script":"<script> [1562 bytes]","args":[{"selector":{"controlType":"sap.m.Input","viewName":"etm.portal.ui.manageyards.view.New","viewId":"application-manageyards-display-component---NewYard","bindingPath":{"path":"","propertyPath":"/CONTROLLING_AREA","modelName":"NewYardModel"},"interaction":{"idSuffix":"inner"}},"wdio_ui5_key":"etmportal.ui.manageyards.view.Newsap.m.Input{\"path\":\"\",\"propertyPath\":\"/CONTROLLING_AREA\",\"modelName\":\"NewYardModel\"}"}]}
COMMAND: GET /session/e87ee5c00bb1e8c61ee38b6c01d07093/screenshot - {}
RESULT: {"script":"<script> [1562 bytes]","args":[{"selector":{"controlType":"sap.m.Input","viewName":"etm.portal.ui.manageyards.view.New","viewId":"application-manageyards-display-component---NewYard","bindingPath":{"path":"","propertyPath":"/CONTROLLING_AREA","modelName":"NewYardModel"},"interaction":{"idSuffix":"inner"}},"wdio_ui5_key":"etmportal.ui.manageyards.view.Newsap.m.Input{\"path\":\"\",\"propertyPath\":\"/CONTROLLING_AREA\",\"modelName\":\"NewYardModel\"}"}]}
RESULT: undefined
COMMAND: POST /session/e87ee5c00bb1e8c61ee38b6c01d07093/execute/async - {"script":"<script> [776 bytes]","args":[{"enterText":"Z001","selector":{"controlType":"sap.m.Input","viewName":"etm.portal.ui.manageyards.view.New","viewId":"application-manageyards-display-component---NewYard","bindingPath":{"path":"","propertyPath":"/CONTROLLING_AREA","modelName":"NewYardModel"},"interaction":{"idSuffix":"inner"}},"clearTextFirst":true,"interactionType":"ENTER_TEXT"}]}
RESULT: {}
RESULT: {"script":"<script> [776 bytes]","args":[{"enterText":"Z001","selector":{"controlType":"sap.m.Input","viewName":"etm.portal.ui.manageyards.view.New","viewId":"application-manageyards-display-component---NewYard","bindingPath":{"path":"","propertyPath":"/CONTROLLING_AREA","modelName":"NewYardModel"},"interaction":{"idSuffix":"inner"}},"clearTextFirst":true,"interactionType":"ENTER_TEXT"}]}
COMMAND: POST /session/e87ee5c00bb1e8c61ee38b6c01d07093/execute/async - {"script":"<script> [1562 bytes]","args":[{"selector":{"id":"application-manageyards-display-component---NewYard--companyCodeComboBox","interaction":{"idSuffix":"inner"}},"wdio_ui5_key":"applicationmanageyards-display-component---NewYard--companyCodeComboBox"}]}
RESULT: {"script":"<script> [1562 bytes]","args":[{"selector":{"id":"application-manageyards-display-component---NewYard--companyCodeComboBox","interaction":{"idSuffix":"inner"}},"wdio_ui5_key":"applicationmanageyards-display-component---NewYard--companyCodeComboBox"}]}
RESULT: undefined
COMMAND: POST /session/e87ee5c00bb1e8c61ee38b6c01d07093/execute/async - {"script":"<script> [776 bytes]","args":[{"enterText":"1000","selector":{"id":"application-manageyards-display-component---NewYard--companyCodeComboBox","interaction":{"idSuffix":"inner"}},"clearTextFirst":true,"interactionType":"ENTER_TEXT"}]}
RESULT: {"script":"<script> [776 bytes]","args":[{"enterText":"1000","selector":{"id":"application-manageyards-display-component---NewYard--companyCodeComboBox","interaction":{"idSuffix":"inner"}},"clearTextFirst":true,"interactionType":"ENTER_TEXT"}]}
COMMAND: POST /session/e87ee5c00bb1e8c61ee38b6c01d07093/execute/async - {"script":"<script> [1562 bytes]","args":[{"selector":{"controlType":"sap.m.Input","viewName":"etm.portal.ui.manageyards.view.New","viewId":"application-manageyards-display-component---NewYard","bindingPath":{"path":"","propertyPath":"/PLANT","modelName":"NewYardModel"},"interaction":{"idSuffix":"inner"}},"wdio_ui5_key":"etmportal.ui.manageyards.view.Newsap.m.Input{\"path\":\"\",\"propertyPath\":\"/PLANT\",\"modelName\":\"NewYardModel\"}"}]}
RESULT: {"script":"<script> [1562 bytes]","args":[{"selector":{"controlType":"sap.m.Input","viewName":"etm.portal.ui.manageyards.view.New","viewId":"application-manageyards-display-component---NewYard","bindingPath":{"path":"","propertyPath":"/PLANT","modelName":"NewYardModel"},"interaction":{"idSuffix":"inner"}},"wdio_ui5_key":"etmportal.ui.manageyards.view.Newsap.m.Input{\"path\":\"\",\"propertyPath\":\"/PLANT\",\"modelName\":\"NewYardModel\"}"}]}
RESULT: undefined
COMMAND: POST /session/e87ee5c00bb1e8c61ee38b6c01d07093/execute/async - {"script":"<script> [776 bytes]","args":[{"enterText":"1001","selector":{"controlType":"sap.m.Input","viewName":"etm.portal.ui.manageyards.view.New","viewId":"application-manageyards-display-component---NewYard","bindingPath":{"path":"","propertyPath":"/PLANT","modelName":"NewYardModel"},"interaction":{"idSuffix":"inner"}},"clearTextFirst":true,"interactionType":"ENTER_TEXT"}]}
RESULT: {"script":"<script> [776 bytes]","args":[{"enterText":"1001","selector":{"controlType":"sap.m.Input","viewName":"etm.portal.ui.manageyards.view.New","viewId":"application-manageyards-display-component---NewYard","bindingPath":{"path":"","propertyPath":"/PLANT","modelName":"NewYardModel"},"interaction":{"idSuffix":"inner"}},"clearTextFirst":true,"interactionType":"ENTER_TEXT"}]}
COMMAND: POST /session/e87ee5c00bb1e8c61ee38b6c01d07093/execute/async - {"script":"<script> [1562 bytes]","args":[{"selector":{"controlType":"sap.m.Input","viewName":"etm.portal.ui.manageyards.view.New","viewId":"application-manageyards-display-component---NewYard","bindingPath":{"path":"","propertyPath":"/SALES_AREA_VKORG","modelName":"NewYardModel"},"interaction":{"idSuffix":"inner"}},"wdio_ui5_key":"etmportal.ui.manageyards.view.Newsap.m.Input{\"path\":\"\",\"propertyPath\":\"/SALES_AREA_VKORG\",\"modelName\":\"NewYardModel\"}"}]}
RESULT: {"script":"<script> [1562 bytes]","args":[{"selector":{"controlType":"sap.m.Input","viewName":"etm.portal.ui.manageyards.view.New","viewId":"application-manageyards-display-component---NewYard","bindingPath":{"path":"","propertyPath":"/SALES_AREA_VKORG","modelName":"NewYardModel"},"interaction":{"idSuffix":"inner"}},"wdio_ui5_key":"etmportal.ui.manageyards.view.Newsap.m.Input{\"path\":\"\",\"propertyPath\":\"/SALES_AREA_VKORG\",\"modelName\":\"NewYardModel\"}"}]}
RESULT: undefined
COMMAND: POST /session/e87ee5c00bb1e8c61ee38b6c01d07093/execute/async - {"script":"<script> [776 bytes]","args":[{"enterText":"C002","selector":{"controlType":"sap.m.Input","viewName":"etm.portal.ui.manageyards.view.New","viewId":"application-manageyards-display-component---NewYard","bindingPath":{"path":"","propertyPath":"/SALES_AREA_VKORG","modelName":"NewYardModel"},"interaction":{"idSuffix":"inner"}},"clearTextFirst":true,"interactionType":"ENTER_TEXT"}]}
RESULT: {"script":"<script> [776 bytes]","args":[{"enterText":"C002","selector":{"controlType":"sap.m.Input","viewName":"etm.portal.ui.manageyards.view.New","viewId":"application-manageyards-display-component---NewYard","bindingPath":{"path":"","propertyPath":"/SALES_AREA_VKORG","modelName":"NewYardModel"},"interaction":{"idSuffix":"inner"}},"clearTextFirst":true,"interactionType":"ENTER_TEXT"}]}
COMMAND: POST /session/e87ee5c00bb1e8c61ee38b6c01d07093/execute/async - {"script":"<script> [1562 bytes]","args":[{"selector":{"controlType":"sap.m.Input","viewName":"etm.portal.ui.manageyards.view.New","viewId":"application-manageyards-display-component---NewYard","bindingPath":{"path":"","propertyPath":"/SALES_AREA_VTWEG","modelName":"NewYardModel"},"interaction":{"idSuffix":"inner"}},"wdio_ui5_key":"etmportal.ui.manageyards.view.Newsap.m.Input{\"path\":\"\",\"propertyPath\":\"/SALES_AREA_VTWEG\",\"modelName\":\"NewYardModel\"}"}]}
RESULT: {"script":"<script> [1562 bytes]","args":[{"selector":{"controlType":"sap.m.Input","viewName":"etm.portal.ui.manageyards.view.New","viewId":"application-manageyards-display-component---NewYard","bindingPath":{"path":"","propertyPath":"/SALES_AREA_VTWEG","modelName":"NewYardModel"},"interaction":{"idSuffix":"inner"}},"wdio_ui5_key":"etmportal.ui.manageyards.view.Newsap.m.Input{\"path\":\"\",\"propertyPath\":\"/SALES_AREA_VTWEG\",\"modelName\":\"NewYardModel\"}"}]}
RESULT: undefined
COMMAND: POST /session/e87ee5c00bb1e8c61ee38b6c01d07093/execute/async - {"script":"<script> [776 bytes]","args":[{"enterText":"C2","selector":{"controlType":"sap.m.Input","viewName":"etm.portal.ui.manageyards.view.New","viewId":"application-manageyards-display-component---NewYard","bindingPath":{"path":"","propertyPath":"/SALES_AREA_VTWEG","modelName":"NewYardModel"},"interaction":{"idSuffix":"inner"}},"clearTextFirst":true,"interactionType":"ENTER_TEXT"}]}
RESULT: {"script":"<script> [776 bytes]","args":[{"enterText":"C2","selector":{"controlType":"sap.m.Input","viewName":"etm.portal.ui.manageyards.view.New","viewId":"application-manageyards-display-component---NewYard","bindingPath":{"path":"","propertyPath":"/SALES_AREA_VTWEG","modelName":"NewYardModel"},"interaction":{"idSuffix":"inner"}},"clearTextFirst":true,"interactionType":"ENTER_TEXT"}]}
COMMAND: POST /session/e87ee5c00bb1e8c61ee38b6c01d07093/execute/async - {"script":"<script> [1562 bytes]","args":[{"selector":{"controlType":"sap.m.Input","viewName":"etm.portal.ui.manageyards.view.New","viewId":"application-manageyards-display-component---NewYard","bindingPath":{"path":"","propertyPath":"/SALES_AREA_SPART","modelName":"NewYardModel"},"interaction":{"idSuffix":"inner"}},"wdio_ui5_key":"etmportal.ui.manageyards.view.Newsap.m.Input{\"path\":\"\",\"propertyPath\":\"/SALES_AREA_SPART\",\"modelName\":\"NewYardModel\"}"}]}
RESULT: {"script":"<script> [1562 bytes]","args":[{"selector":{"controlType":"sap.m.Input","viewName":"etm.portal.ui.manageyards.view.New","viewId":"application-manageyards-display-component---NewYard","bindingPath":{"path":"","propertyPath":"/SALES_AREA_SPART","modelName":"NewYardModel"},"interaction":{"idSuffix":"inner"}},"wdio_ui5_key":"etmportal.ui.manageyards.view.Newsap.m.Input{\"path\":\"\",\"propertyPath\":\"/SALES_AREA_SPART\",\"modelName\":\"NewYardModel\"}"}]}
RESULT: undefined
COMMAND: POST /session/e87ee5c00bb1e8c61ee38b6c01d07093/execute/async - {"script":"<script> [776 bytes]","args":[{"enterText":"C2","selector":{"controlType":"sap.m.Input","viewName":"etm.portal.ui.manageyards.view.New","viewId":"application-manageyards-display-component---NewYard","bindingPath":{"path":"","propertyPath":"/SALES_AREA_SPART","modelName":"NewYardModel"},"interaction":{"idSuffix":"inner"}},"clearTextFirst":true,"interactionType":"ENTER_TEXT"}]}
RESULT: {"script":"<script> [776 bytes]","args":[{"enterText":"C2","selector":{"controlType":"sap.m.Input","viewName":"etm.portal.ui.manageyards.view.New","viewId":"application-manageyards-display-component---NewYard","bindingPath":{"path":"","propertyPath":"/SALES_AREA_SPART","modelName":"NewYardModel"},"interaction":{"idSuffix":"inner"}},"clearTextFirst":true,"interactionType":"ENTER_TEXT"}]}
COMMAND: POST /session/e87ee5c00bb1e8c61ee38b6c01d07093/execute/async - {"script":"<script> [1562 bytes]","args":[{"selector":{"controlType":"sap.m.Input","viewName":"etm.portal.ui.manageyards.view.New","viewId":"application-manageyards-display-component---NewYard","bindingPath":{"path":"","propertyPath":"/SHIP_POINT","modelName":"NewYardModel"},"interaction":{"idSuffix":"inner"}},"wdio_ui5_key":"etmportal.ui.manageyards.view.Newsap.m.Input{\"path\":\"\",\"propertyPath\":\"/SHIP_POINT\",\"modelName\":\"NewYardModel\"}"}]}
RESULT: {"script":"<script> [1562 bytes]","args":[{"selector":{"controlType":"sap.m.Input","viewName":"etm.portal.ui.manageyards.view.New","viewId":"application-manageyards-display-component---NewYard","bindingPath":{"path":"","propertyPath":"/SHIP_POINT","modelName":"NewYardModel"},"interaction":{"idSuffix":"inner"}},"wdio_ui5_key":"etmportal.ui.manageyards.view.Newsap.m.Input{\"path\":\"\",\"propertyPath\":\"/SHIP_POINT\",\"modelName\":\"NewYardModel\"}"}]}
RESULT: undefined
COMMAND: POST /session/e87ee5c00bb1e8c61ee38b6c01d07093/execute/async - {"script":"<script> [776 bytes]","args":[{"enterText":"1710","selector":{"controlType":"sap.m.Input","viewName":"etm.portal.ui.manageyards.view.New","viewId":"application-manageyards-display-component---NewYard","bindingPath":{"path":"","propertyPath":"/SHIP_POINT","modelName":"NewYardModel"},"interaction":{"idSuffix":"inner"}},"clearTextFirst":true,"interactionType":"ENTER_TEXT"}]}
RESULT: {"script":"<script> [776 bytes]","args":[{"enterText":"1710","selector":{"controlType":"sap.m.Input","viewName":"etm.portal.ui.manageyards.view.New","viewId":"application-manageyards-display-component---NewYard","bindingPath":{"path":"","propertyPath":"/SHIP_POINT","modelName":"NewYardModel"},"interaction":{"idSuffix":"inner"}},"clearTextFirst":true,"interactionType":"ENTER_TEXT"}]}
COMMAND: POST /session/e87ee5c00bb1e8c61ee38b6c01d07093/execute/async - {"script":"<script> [1562 bytes]","args":[{"selector":{"controlType":"sap.m.Input","viewName":"etm.portal.ui.manageyards.view.New","viewId":"application-manageyards-display-component---NewYard","bindingPath":{"path":"","propertyPath":"/DELIVERY_TYPE","modelName":"NewYardModel"},"interaction":{"idSuffix":"inner"}},"wdio_ui5_key":"etmportal.ui.manageyards.view.Newsap.m.Input{\"path\":\"\",\"propertyPath\":\"/DELIVERY_TYPE\",\"modelName\":\"NewYardModel\"}"}]}
RESULT: {"script":"<script> [1562 bytes]","args":[{"selector":{"controlType":"sap.m.Input","viewName":"etm.portal.ui.manageyards.view.New","viewId":"application-manageyards-display-component---NewYard","bindingPath":{"path":"","propertyPath":"/DELIVERY_TYPE","modelName":"NewYardModel"},"interaction":{"idSuffix":"inner"}},"wdio_ui5_key":"etmportal.ui.manageyards.view.Newsap.m.Input{\"path\":\"\",\"propertyPath\":\"/DELIVERY_TYPE\",\"modelName\":\"NewYardModel\"}"}]}
RESULT: undefined
COMMAND: POST /session/e87ee5c00bb1e8c61ee38b6c01d07093/execute/async - {"script":"<script> [776 bytes]","args":[{"enterText":"ZL01","selector":{"controlType":"sap.m.Input","viewName":"etm.portal.ui.manageyards.view.New","viewId":"application-manageyards-display-component---NewYard","bindingPath":{"path":"","propertyPath":"/DELIVERY_TYPE","modelName":"NewYardModel"},"interaction":{"idSuffix":"inner"}},"clearTextFirst":true,"interactionType":"ENTER_TEXT"}]}
RESULT: {"script":"<script> [776 bytes]","args":[{"enterText":"ZL01","selector":{"controlType":"sap.m.Input","viewName":"etm.portal.ui.manageyards.view.New","viewId":"application-manageyards-display-component---NewYard","bindingPath":{"path":"","propertyPath":"/DELIVERY_TYPE","modelName":"NewYardModel"},"interaction":{"idSuffix":"inner"}},"clearTextFirst":true,"interactionType":"ENTER_TEXT"}]}
COMMAND: POST /session/e87ee5c00bb1e8c61ee38b6c01d07093/execute/async - {"script":"<script> [1562 bytes]","args":[{"selector":{"controlType":"sap.m.Input","viewName":"etm.portal.ui.manageyards.view.New","viewId":"application-manageyards-display-component---NewYard","bindingPath":{"path":"","propertyPath":"/AUART","modelName":"NewYardModel"},"interaction":{"idSuffix":"inner"}},"wdio_ui5_key":"etmportal.ui.manageyards.view.Newsap.m.Input{\"path\":\"\",\"propertyPath\":\"/AUART\",\"modelName\":\"NewYardModel\"}"}]}
RESULT: {"script":"<script> [1562 bytes]","args":[{"selector":{"controlType":"sap.m.Input","viewName":"etm.portal.ui.manageyards.view.New","viewId":"application-manageyards-display-component---NewYard","bindingPath":{"path":"","propertyPath":"/AUART","modelName":"NewYardModel"},"interaction":{"idSuffix":"inner"}},"wdio_ui5_key":"etmportal.ui.manageyards.view.Newsap.m.Input{\"path\":\"\",\"propertyPath\":\"/AUART\",\"modelName\":\"NewYardModel\"}"}]}
RESULT: undefined
COMMAND: POST /session/e87ee5c00bb1e8c61ee38b6c01d07093/execute/async - {"script":"<script> [776 bytes]","args":[{"enterText":"TA","selector":{"controlType":"sap.m.Input","viewName":"etm.portal.ui.manageyards.view.New","viewId":"application-manageyards-display-component---NewYard","bindingPath":{"path":"","propertyPath":"/AUART","modelName":"NewYardModel"},"interaction":{"idSuffix":"inner"}},"clearTextFirst":true,"interactionType":"ENTER_TEXT"}]}
RESULT: {"script":"<script> [776 bytes]","args":[{"enterText":"TA","selector":{"controlType":"sap.m.Input","viewName":"etm.portal.ui.manageyards.view.New","viewId":"application-manageyards-display-component---NewYard","bindingPath":{"path":"","propertyPath":"/AUART","modelName":"NewYardModel"},"interaction":{"idSuffix":"inner"}},"clearTextFirst":true,"interactionType":"ENTER_TEXT"}]}
COMMAND: POST /session/e87ee5c00bb1e8c61ee38b6c01d07093/element - {"using":"xpath","value":"//button[@data-kt=\"newYardSaveButton\"]"}
RESULT: {"using":"xpath","value":"//button[@data-kt=\"newYardSaveButton\"]"}
COMMAND: POST /session/e87ee5c00bb1e8c61ee38b6c01d07093/element/f.C39E6AC59F605FD7CA79606EE8A094DD.d.093E2AB86C9B845ED4349471FC1B846C.e.2653/click - {}
RESULT: {}
COMMAND: GET /session/e87ee5c00bb1e8c61ee38b6c01d07093/screenshot - {}
RESULT: {}
COMMAND: POST /session/e87ee5c00bb1e8c61ee38b6c01d07093/element - {"using":"xpath","value":"//header[contains(@id, 'ObjectPageLayout-headerTitle')]/div[1]/div[2]/div[1]/span[1]"}
RESULT: {"using":"xpath","value":"//header[contains(@id, 'ObjectPageLayout-headerTitle')]/div[1]/div[2]/div[1]/span[1]"}
COMMAND: POST /session/e87ee5c00bb1e8c61ee38b6c01d07093/elements - {"using":"xpath","value":"//header[contains(@id, 'ObjectPageLayout-headerTitle')]/div[1]/div[2]/div[1]/span[1]"}
RESULT: {"using":"xpath","value":"//header[contains(@id, 'ObjectPageLayout-headerTitle')]/div[1]/div[2]/div[1]/span[1]"}
COMMAND: POST /session/e87ee5c00bb1e8c61ee38b6c01d07093/execute/sync - {"script":"<script> [56 bytes]","args":[{"element-6066-11e4-a52e-4f735466cecf":"f.C39E6AC59F605FD7CA79606EE8A094DD.d.093E2AB86C9B845ED4349471FC1B846C.e.2943","ELEMENT":"f.C39E6AC59F605FD7CA79606EE8A094DD.d.093E2AB86C9B845ED4349471FC1B846C.e.2943"}]}
RESULT: {"script":"<script> [56 bytes]","args":[{"element-6066-11e4-a52e-4f735466cecf":"f.C39E6AC59F605FD7CA79606EE8A094DD.d.093E2AB86C9B845ED4349471FC1B846C.e.2943","ELEMENT":"f.C39E6AC59F605FD7CA79606EE8A094DD.d.093E2AB86C9B845ED4349471FC1B846C.e.2943"}]}
COMMAND: GET /session/e87ee5c00bb1e8c61ee38b6c01d07093/screenshot - {}
RESULT: {}
COMMAND: POST /session/e87ee5c00bb1e8c61ee38b6c01d07093/element - {"using":"css selector","value":"#shell-header-logo"}
RESULT: {"using":"css selector","value":"#shell-header-logo"}
COMMAND: POST /session/e87ee5c00bb1e8c61ee38b6c01d07093/element/f.C39E6AC59F605FD7CA79606EE8A094DD.d.093E2AB86C9B845ED4349471FC1B846C.e.2206/click - {}
RESULT: {}
COMMAND: GET /session/e87ee5c00bb1e8c61ee38b6c01d07093/screenshot - {}
RESULT: {}
COMMAND: POST /session/e87ee5c00bb1e8c61ee38b6c01d07093/execute/sync - {"script":"<script> [299 bytes]","args":[["getModel","getResource"]]}
RESULT: {"script":"<script> [299 bytes]","args":[["getModel","getResource"]]}
]]></system-out>
    </testcase>
    <testcase classname="chrome.136_0_7103_93.windows.Billing_Transfer_-_Master_data_&amp;_Intercompany_US127250" name="Should create a new partner" time="144.476">
      <system-out><![CDATA[
COMMAND: GET /session/e87ee5c00bb1e8c61ee38b6c01d07093/screenshot - {}
COMMAND: POST /session/e87ee5c00bb1e8c61ee38b6c01d07093/window/fullscreen - {}
RESULT: {}
RESULT: {}
COMMAND: POST /session/e87ee5c00bb1e8c61ee38b6c01d07093/execute/async - {"script":"<script> [1562 bytes]","args":[{"selector":{"controlType":"sap.m.GenericTile","properties":{"header":"Manage Partners"}},"wdio_ui5_key":"sapm.GenericTile{\"header\":\"Manage Partners\"}"}]}
RESULT: {"script":"<script> [1562 bytes]","args":[{"selector":{"controlType":"sap.m.GenericTile","properties":{"header":"Manage Partners"}},"wdio_ui5_key":"sapm.GenericTile{\"header\":\"Manage Partners\"}"}]}
RESULT: undefined
COMMAND: POST /session/e87ee5c00bb1e8c61ee38b6c01d07093/element - {"using":"xpath","value":"//*[@id=\"__tile38\"]"}
RESULT: {"using":"xpath","value":"//*[@id=\"__tile38\"]"}
COMMAND: POST /session/e87ee5c00bb1e8c61ee38b6c01d07093/element/f.C39E6AC59F605FD7CA79606EE8A094DD.d.093E2AB86C9B845ED4349471FC1B846C.e.2101/click - {}
RESULT: {}
COMMAND: GET /session/e87ee5c00bb1e8c61ee38b6c01d07093/screenshot - {}
RESULT: {}
COMMAND: POST /session/e87ee5c00bb1e8c61ee38b6c01d07093/elements - {"using":"xpath","value":"//span[text()='Error']"}
RESULT: {"using":"xpath","value":"//span[text()='Error']"}
COMMAND: POST /session/e87ee5c00bb1e8c61ee38b6c01d07093/element - {"using":"xpath","value":"//button[@data-kt=\"addButton\"]"}
RESULT: {"using":"xpath","value":"//button[@data-kt=\"addButton\"]"}
COMMAND: POST /session/e87ee5c00bb1e8c61ee38b6c01d07093/elements - {"using":"xpath","value":"//button[@data-kt=\"addButton\"]"}
RESULT: {"using":"xpath","value":"//button[@data-kt=\"addButton\"]"}
COMMAND: POST /session/e87ee5c00bb1e8c61ee38b6c01d07093/elements - {"using":"xpath","value":"//button[@data-kt=\"addButton\"]"}
RESULT: {"using":"xpath","value":"//button[@data-kt=\"addButton\"]"}
COMMAND: POST /session/e87ee5c00bb1e8c61ee38b6c01d07093/elements - {"using":"xpath","value":"//button[@data-kt=\"addButton\"]"}
RESULT: {"using":"xpath","value":"//button[@data-kt=\"addButton\"]"}
COMMAND: POST /session/e87ee5c00bb1e8c61ee38b6c01d07093/elements - {"using":"xpath","value":"//button[@data-kt=\"addButton\"]"}
RESULT: {"using":"xpath","value":"//button[@data-kt=\"addButton\"]"}
COMMAND: POST /session/e87ee5c00bb1e8c61ee38b6c01d07093/element - {"using":"xpath","value":"//button[@data-kt=\"addButton\"]"}
RESULT: {"using":"xpath","value":"//button[@data-kt=\"addButton\"]"}
COMMAND: POST /session/e87ee5c00bb1e8c61ee38b6c01d07093/execute/sync - {"script":"<script> [8489 bytes]","args":[{"element-6066-11e4-a52e-4f735466cecf":"f.C39E6AC59F605FD7CA79606EE8A094DD.d.093E2AB86C9B845ED4349471FC1B846C.e.2982","ELEMENT":"f.C39E6AC59F605FD7CA79606EE8A094DD.d.093E2AB86C9B845ED4349471FC1B846C.e.2982"}]}
RESULT: {"script":"<script> [8489 bytes]","args":[{"element-6066-11e4-a52e-4f735466cecf":"f.C39E6AC59F605FD7CA79606EE8A094DD.d.093E2AB86C9B845ED4349471FC1B846C.e.2982","ELEMENT":"f.C39E6AC59F605FD7CA79606EE8A094DD.d.093E2AB86C9B845ED4349471FC1B846C.e.2982"}]}
COMMAND: GET /session/e87ee5c00bb1e8c61ee38b6c01d07093/element/f.C39E6AC59F605FD7CA79606EE8A094DD.d.093E2AB86C9B845ED4349471FC1B846C.e.2982/enabled - {}
COMMAND: GET /session/e87ee5c00bb1e8c61ee38b6c01d07093/screenshot - {}
RESULT: {}
COMMAND: POST /session/e87ee5c00bb1e8c61ee38b6c01d07093/execute/sync - {"script":"<script> [8489 bytes]","args":[{"element-6066-11e4-a52e-4f735466cecf":"f.C39E6AC59F605FD7CA79606EE8A094DD.d.093E2AB86C9B845ED4349471FC1B846C.e.2982","ELEMENT":"f.C39E6AC59F605FD7CA79606EE8A094DD.d.093E2AB86C9B845ED4349471FC1B846C.e.2982"}]}
COMMAND: GET /session/e87ee5c00bb1e8c61ee38b6c01d07093/screenshot - {}
RESULT: {}
RESULT: {"script":"<script> [8489 bytes]","args":[{"element-6066-11e4-a52e-4f735466cecf":"f.C39E6AC59F605FD7CA79606EE8A094DD.d.093E2AB86C9B845ED4349471FC1B846C.e.2982","ELEMENT":"f.C39E6AC59F605FD7CA79606EE8A094DD.d.093E2AB86C9B845ED4349471FC1B846C.e.2982"}]}
COMMAND: POST /session/e87ee5c00bb1e8c61ee38b6c01d07093/execute/sync - {"script":"<script> [5351 bytes]","args":[{"element-6066-11e4-a52e-4f735466cecf":"f.C39E6AC59F605FD7CA79606EE8A094DD.d.093E2AB86C9B845ED4349471FC1B846C.e.2982","ELEMENT":"f.C39E6AC59F605FD7CA79606EE8A094DD.d.093E2AB86C9B845ED4349471FC1B846C.e.2982"}]}
COMMAND: GET /session/e87ee5c00bb1e8c61ee38b6c01d07093/screenshot - {}
RESULT: {}
RESULT: {"script":"<script> [5351 bytes]","args":[{"element-6066-11e4-a52e-4f735466cecf":"f.C39E6AC59F605FD7CA79606EE8A094DD.d.093E2AB86C9B845ED4349471FC1B846C.e.2982","ELEMENT":"f.C39E6AC59F605FD7CA79606EE8A094DD.d.093E2AB86C9B845ED4349471FC1B846C.e.2982"}]}
COMMAND: POST /session/e87ee5c00bb1e8c61ee38b6c01d07093/element/f.C39E6AC59F605FD7CA79606EE8A094DD.d.093E2AB86C9B845ED4349471FC1B846C.e.2982/click - {}
COMMAND: GET /session/e87ee5c00bb1e8c61ee38b6c01d07093/screenshot - {}
RESULT: {}
RESULT: {}
COMMAND: GET /session/e87ee5c00bb1e8c61ee38b6c01d07093/screenshot - {}
RESULT: {}
RESULT: {}
COMMAND: POST /session/e87ee5c00bb1e8c61ee38b6c01d07093/execute/async - {"script":"<script> [1562 bytes]","args":[{"selector":{"id":"application-managepartners-display-component---NewPartner--addressDetailDetailsName1","interaction":{"idSuffix":"inner"}},"wdio_ui5_key":"applicationmanagepartners-display-component---NewPartner--addressDetailDetailsName1"}]}
RESULT: {"script":"<script> [1562 bytes]","args":[{"selector":{"id":"application-managepartners-display-component---NewPartner--addressDetailDetailsName1","interaction":{"idSuffix":"inner"}},"wdio_ui5_key":"applicationmanagepartners-display-component---NewPartner--addressDetailDetailsName1"}]}
RESULT: undefined
COMMAND: POST /session/e87ee5c00bb1e8c61ee38b6c01d07093/execute/async - {"script":"<script> [776 bytes]","args":[{"enterText":"Intercompany Partner WDIO","selector":{"id":"application-managepartners-display-component---NewPartner--addressDetailDetailsName1","interaction":{"idSuffix":"inner"}},"clearTextFirst":true,"interactionType":"ENTER_TEXT"}]}
RESULT: {"script":"<script> [776 bytes]","args":[{"enterText":"Intercompany Partner WDIO","selector":{"id":"application-managepartners-display-component---NewPartner--addressDetailDetailsName1","interaction":{"idSuffix":"inner"}},"clearTextFirst":true,"interactionType":"ENTER_TEXT"}]}
COMMAND: POST /session/e87ee5c00bb1e8c61ee38b6c01d07093/execute/async - {"script":"<script> [1562 bytes]","args":[{"selector":{"id":"application-managepartners-display-component---NewPartner--addressDetailDetailsLanguage-arrow"},"wdio_ui5_key":"applicationmanagepartners-display-component---NewPartner--addressDetailDetailsLanguage-arrow"}]}
RESULT: {"script":"<script> [1562 bytes]","args":[{"selector":{"id":"application-managepartners-display-component---NewPartner--addressDetailDetailsLanguage-arrow"},"wdio_ui5_key":"applicationmanagepartners-display-component---NewPartner--addressDetailDetailsLanguage-arrow"}]}
RESULT: undefined
COMMAND: POST /session/e87ee5c00bb1e8c61ee38b6c01d07093/element - {"using":"xpath","value":"//*[@id=\"application-managepartners-display-component---NewPartner--addressDetailDetailsLanguage-arrow\"]"}
RESULT: {"using":"xpath","value":"//*[@id=\"application-managepartners-display-component---NewPartner--addressDetailDetailsLanguage-arrow\"]"}
COMMAND: POST /session/e87ee5c00bb1e8c61ee38b6c01d07093/element/f.C39E6AC59F605FD7CA79606EE8A094DD.d.093E2AB86C9B845ED4349471FC1B846C.e.3437/click - {}
RESULT: {}
COMMAND: POST /session/e87ee5c00bb1e8c61ee38b6c01d07093/element - {"using":"xpath","value":"//span[contains(text(), \"English\")]"}
COMMAND: GET /session/e87ee5c00bb1e8c61ee38b6c01d07093/screenshot - {}
RESULT: {"using":"xpath","value":"//span[contains(text(), \"English\")]"}
COMMAND: POST /session/e87ee5c00bb1e8c61ee38b6c01d07093/element/f.C39E6AC59F605FD7CA79606EE8A094DD.d.093E2AB86C9B845ED4349471FC1B846C.e.3438/click - {}
RESULT: {}
RESULT: {}
COMMAND: GET /session/e87ee5c00bb1e8c61ee38b6c01d07093/screenshot - {}
RESULT: {}
COMMAND: POST /session/e87ee5c00bb1e8c61ee38b6c01d07093/execute/async - {"script":"<script> [1562 bytes]","args":[{"selector":{"id":"application-managepartners-display-component---NewPartner--addressDetailDetailsCity1","interaction":{"idSuffix":"inner"}},"wdio_ui5_key":"applicationmanagepartners-display-component---NewPartner--addressDetailDetailsCity1"}]}
RESULT: {"script":"<script> [1562 bytes]","args":[{"selector":{"id":"application-managepartners-display-component---NewPartner--addressDetailDetailsCity1","interaction":{"idSuffix":"inner"}},"wdio_ui5_key":"applicationmanagepartners-display-component---NewPartner--addressDetailDetailsCity1"}]}
RESULT: undefined
COMMAND: POST /session/e87ee5c00bb1e8c61ee38b6c01d07093/execute/async - {"script":"<script> [776 bytes]","args":[{"enterText":"Rosario","selector":{"id":"application-managepartners-display-component---NewPartner--addressDetailDetailsCity1","interaction":{"idSuffix":"inner"}},"clearTextFirst":true,"interactionType":"ENTER_TEXT"}]}
RESULT: {"script":"<script> [776 bytes]","args":[{"enterText":"Rosario","selector":{"id":"application-managepartners-display-component---NewPartner--addressDetailDetailsCity1","interaction":{"idSuffix":"inner"}},"clearTextFirst":true,"interactionType":"ENTER_TEXT"}]}
COMMAND: POST /session/e87ee5c00bb1e8c61ee38b6c01d07093/execute/async - {"script":"<script> [1562 bytes]","args":[{"selector":{"id":"application-managepartners-display-component---NewPartner--addressDetailDetailsCountry-arrow"},"wdio_ui5_key":"applicationmanagepartners-display-component---NewPartner--addressDetailDetailsCountry-arrow"}]}
RESULT: {"script":"<script> [1562 bytes]","args":[{"selector":{"id":"application-managepartners-display-component---NewPartner--addressDetailDetailsCountry-arrow"},"wdio_ui5_key":"applicationmanagepartners-display-component---NewPartner--addressDetailDetailsCountry-arrow"}]}
RESULT: undefined
COMMAND: POST /session/e87ee5c00bb1e8c61ee38b6c01d07093/element - {"using":"xpath","value":"//*[@id=\"application-managepartners-display-component---NewPartner--addressDetailDetailsCountry-arrow\"]"}
RESULT: {"using":"xpath","value":"//*[@id=\"application-managepartners-display-component---NewPartner--addressDetailDetailsCountry-arrow\"]"}
COMMAND: POST /session/e87ee5c00bb1e8c61ee38b6c01d07093/element/f.C39E6AC59F605FD7CA79606EE8A094DD.d.093E2AB86C9B845ED4349471FC1B846C.e.3423/click - {}
RESULT: {}
COMMAND: POST /session/e87ee5c00bb1e8c61ee38b6c01d07093/element - {"using":"xpath","value":"//span[contains(text(), \"Argentina\")]"}
COMMAND: GET /session/e87ee5c00bb1e8c61ee38b6c01d07093/screenshot - {}
RESULT: {"using":"xpath","value":"//span[contains(text(), \"Argentina\")]"}
COMMAND: POST /session/e87ee5c00bb1e8c61ee38b6c01d07093/element/f.C39E6AC59F605FD7CA79606EE8A094DD.d.093E2AB86C9B845ED4349471FC1B846C.e.3440/click - {}
RESULT: {}
RESULT: {}
COMMAND: GET /session/e87ee5c00bb1e8c61ee38b6c01d07093/screenshot - {}
RESULT: {}
COMMAND: POST /session/e87ee5c00bb1e8c61ee38b6c01d07093/element - {"using":"xpath","value":"//bdi[contains(text(), \"Commercial\")]"}
RESULT: {"using":"xpath","value":"//bdi[contains(text(), \"Commercial\")]"}
COMMAND: POST /session/e87ee5c00bb1e8c61ee38b6c01d07093/element/f.C39E6AC59F605FD7CA79606EE8A094DD.d.093E2AB86C9B845ED4349471FC1B846C.e.3441/click - {}
RESULT: {}
COMMAND: GET /session/e87ee5c00bb1e8c61ee38b6c01d07093/screenshot - {}
RESULT: {}
COMMAND: POST /session/e87ee5c00bb1e8c61ee38b6c01d07093/execute/async - {"script":"<script> [1562 bytes]","args":[{"selector":{"id":"application-managepartners-display-component---NewPartner--partnerDetailInternal-arrow"},"wdio_ui5_key":"applicationmanagepartners-display-component---NewPartner--partnerDetailInternal-arrow"}]}
RESULT: {"script":"<script> [1562 bytes]","args":[{"selector":{"id":"application-managepartners-display-component---NewPartner--partnerDetailInternal-arrow"},"wdio_ui5_key":"applicationmanagepartners-display-component---NewPartner--partnerDetailInternal-arrow"}]}
RESULT: undefined
COMMAND: POST /session/e87ee5c00bb1e8c61ee38b6c01d07093/element - {"using":"xpath","value":"//*[@id=\"application-managepartners-display-component---NewPartner--partnerDetailInternal-arrow\"]"}
RESULT: {"using":"xpath","value":"//*[@id=\"application-managepartners-display-component---NewPartner--partnerDetailInternal-arrow\"]"}
COMMAND: POST /session/e87ee5c00bb1e8c61ee38b6c01d07093/element/f.C39E6AC59F605FD7CA79606EE8A094DD.d.093E2AB86C9B845ED4349471FC1B846C.e.3447/click - {}
RESULT: {}
COMMAND: POST /session/e87ee5c00bb1e8c61ee38b6c01d07093/element - {"using":"xpath","value":"//span[contains(text(), \"Affiliated company\")]"}
COMMAND: GET /session/e87ee5c00bb1e8c61ee38b6c01d07093/screenshot - {}
RESULT: {"using":"xpath","value":"//span[contains(text(), \"Affiliated company\")]"}
COMMAND: POST /session/e87ee5c00bb1e8c61ee38b6c01d07093/element/f.C39E6AC59F605FD7CA79606EE8A094DD.d.093E2AB86C9B845ED4349471FC1B846C.e.3450/click - {}
RESULT: {}
RESULT: {}
COMMAND: POST /session/e87ee5c00bb1e8c61ee38b6c01d07093/execute/async - {"script":"<script> [1562 bytes]","args":[{"selector":{"id":"application-managepartners-display-component---NewPartner--partnerDetailsCurrency-arrow"},"wdio_ui5_key":"applicationmanagepartners-display-component---NewPartner--partnerDetailsCurrency-arrow"}]}
COMMAND: GET /session/e87ee5c00bb1e8c61ee38b6c01d07093/screenshot - {}
RESULT: {"script":"<script> [1562 bytes]","args":[{"selector":{"id":"application-managepartners-display-component---NewPartner--partnerDetailsCurrency-arrow"},"wdio_ui5_key":"applicationmanagepartners-display-component---NewPartner--partnerDetailsCurrency-arrow"}]}
RESULT: undefined
COMMAND: POST /session/e87ee5c00bb1e8c61ee38b6c01d07093/element - {"using":"xpath","value":"//*[@id=\"application-managepartners-display-component---NewPartner--partnerDetailsCurrency-arrow\"]"}
RESULT: {}
RESULT: {"using":"xpath","value":"//*[@id=\"application-managepartners-display-component---NewPartner--partnerDetailsCurrency-arrow\"]"}
COMMAND: POST /session/e87ee5c00bb1e8c61ee38b6c01d07093/element/f.C39E6AC59F605FD7CA79606EE8A094DD.d.093E2AB86C9B845ED4349471FC1B846C.e.3457/click - {}
RESULT: {}
COMMAND: POST /session/e87ee5c00bb1e8c61ee38b6c01d07093/element - {"using":"xpath","value":"//span[contains(text(), \"Euro\")]"}
COMMAND: GET /session/e87ee5c00bb1e8c61ee38b6c01d07093/screenshot - {}
RESULT: {"using":"xpath","value":"//span[contains(text(), \"Euro\")]"}
COMMAND: POST /session/e87ee5c00bb1e8c61ee38b6c01d07093/element/f.C39E6AC59F605FD7CA79606EE8A094DD.d.093E2AB86C9B845ED4349471FC1B846C.e.3458/click - {}
RESULT: {}
RESULT: {}
COMMAND: POST /session/e87ee5c00bb1e8c61ee38b6c01d07093/execute/async - {"script":"<script> [1562 bytes]","args":[{"selector":{"id":"application-managepartners-display-component---NewPartner--addressEditDetailsCostObjectCstType-arrow"},"wdio_ui5_key":"applicationmanagepartners-display-component---NewPartner--addressEditDetailsCostObjectCstType-arrow"}]}
COMMAND: GET /session/e87ee5c00bb1e8c61ee38b6c01d07093/screenshot - {}
RESULT: {"script":"<script> [1562 bytes]","args":[{"selector":{"id":"application-managepartners-display-component---NewPartner--addressEditDetailsCostObjectCstType-arrow"},"wdio_ui5_key":"applicationmanagepartners-display-component---NewPartner--addressEditDetailsCostObjectCstType-arrow"}]}
RESULT: undefined
COMMAND: POST /session/e87ee5c00bb1e8c61ee38b6c01d07093/element - {"using":"xpath","value":"//*[@id=\"application-managepartners-display-component---NewPartner--addressEditDetailsCostObjectCstType-arrow\"]"}
RESULT: {}
RESULT: {"using":"xpath","value":"//*[@id=\"application-managepartners-display-component---NewPartner--addressEditDetailsCostObjectCstType-arrow\"]"}
COMMAND: POST /session/e87ee5c00bb1e8c61ee38b6c01d07093/element/f.C39E6AC59F605FD7CA79606EE8A094DD.d.093E2AB86C9B845ED4349471FC1B846C.e.3459/click - {}
RESULT: {}
COMMAND: POST /session/e87ee5c00bb1e8c61ee38b6c01d07093/element - {"using":"xpath","value":"//span[contains(text(), \"Cost Center\")]"}
COMMAND: GET /session/e87ee5c00bb1e8c61ee38b6c01d07093/screenshot - {}
RESULT: {"using":"xpath","value":"//span[contains(text(), \"Cost Center\")]"}
COMMAND: POST /session/e87ee5c00bb1e8c61ee38b6c01d07093/element/f.C39E6AC59F605FD7CA79606EE8A094DD.d.093E2AB86C9B845ED4349471FC1B846C.e.3460/click - {}
RESULT: {}
RESULT: {}
COMMAND: GET /session/e87ee5c00bb1e8c61ee38b6c01d07093/screenshot - {}
RESULT: {}
COMMAND: POST /session/e87ee5c00bb1e8c61ee38b6c01d07093/element - {"using":"xpath","value":"//span[@id=\"application-managepartners-display-component---NewPartner--addressNewCostObjectCstID-vhi\"]"}
RESULT: {"using":"xpath","value":"//span[@id=\"application-managepartners-display-component---NewPartner--addressNewCostObjectCstID-vhi\"]"}
COMMAND: POST /session/e87ee5c00bb1e8c61ee38b6c01d07093/execute/sync - {"script":"<script> [8489 bytes]","args":[{"element-6066-11e4-a52e-4f735466cecf":"f.C39E6AC59F605FD7CA79606EE8A094DD.d.093E2AB86C9B845ED4349471FC1B846C.e.3464","ELEMENT":"f.C39E6AC59F605FD7CA79606EE8A094DD.d.093E2AB86C9B845ED4349471FC1B846C.e.3464"}]}
RESULT: {"script":"<script> [8489 bytes]","args":[{"element-6066-11e4-a52e-4f735466cecf":"f.C39E6AC59F605FD7CA79606EE8A094DD.d.093E2AB86C9B845ED4349471FC1B846C.e.3464","ELEMENT":"f.C39E6AC59F605FD7CA79606EE8A094DD.d.093E2AB86C9B845ED4349471FC1B846C.e.3464"}]}
COMMAND: POST /session/e87ee5c00bb1e8c61ee38b6c01d07093/execute/async - {"script":"<script> [1562 bytes]","args":[{"selector":{"id":"application-managepartners-display-component---NewPartner--addressNewCostObjectCstID-vhi"},"wdio_ui5_key":"applicationmanagepartners-display-component---NewPartner--addressNewCostObjectCstID-vhi"}]}
COMMAND: GET /session/e87ee5c00bb1e8c61ee38b6c01d07093/screenshot - {}
RESULT: {"script":"<script> [1562 bytes]","args":[{"selector":{"id":"application-managepartners-display-component---NewPartner--addressNewCostObjectCstID-vhi"},"wdio_ui5_key":"applicationmanagepartners-display-component---NewPartner--addressNewCostObjectCstID-vhi"}]}
RESULT: undefined
COMMAND: POST /session/e87ee5c00bb1e8c61ee38b6c01d07093/element - {"using":"xpath","value":"//*[@id=\"application-managepartners-display-component---NewPartner--addressNewCostObjectCstID-vhi\"]"}
RESULT: {}
RESULT: {"using":"xpath","value":"//*[@id=\"application-managepartners-display-component---NewPartner--addressNewCostObjectCstID-vhi\"]"}
COMMAND: POST /session/e87ee5c00bb1e8c61ee38b6c01d07093/element/f.C39E6AC59F605FD7CA79606EE8A094DD.d.093E2AB86C9B845ED4349471FC1B846C.e.3464/click - {}
RESULT: {}
COMMAND: GET /session/e87ee5c00bb1e8c61ee38b6c01d07093/screenshot - {}
RESULT: {}
RESULT: undefined
COMMAND: POST /session/e87ee5c00bb1e8c61ee38b6c01d07093/execute/async - {"script":"<script> [776 bytes]","args":[{"enterText":"10001013","selector":{"controlType":"sap.m.SearchField","properties":{"placeholder":"Search"},"searchOpenDialogs":true,"interaction":{"idSuffix":"I"}},"clearTextFirst":true,"interactionType":"ENTER_TEXT"}]}
RESULT: {"script":"<script> [776 bytes]","args":[{"enterText":"10001013","selector":{"controlType":"sap.m.SearchField","properties":{"placeholder":"Search"},"searchOpenDialogs":true,"interaction":{"idSuffix":"I"}},"clearTextFirst":true,"interactionType":"ENTER_TEXT"}]}
COMMAND: POST /session/e87ee5c00bb1e8c61ee38b6c01d07093/actions - {"actions":[{"id":"action2","type":"key","parameters":{},"actions":[{"type":"keyDown","value":""},{"type":"pause","duration":10},{"type":"keyUp","value":""}]}]}
RESULT: {"actions":[{"id":"action2","type":"key","parameters":{},"actions":[{"type":"keyDown","value":""},{"type":"pause","duration":10},{"type":"keyUp","value":""}]}]}
COMMAND: GET /session/e87ee5c00bb1e8c61ee38b6c01d07093/screenshot - {}
RESULT: {}
COMMAND: POST /session/e87ee5c00bb1e8c61ee38b6c01d07093/element - {"using":"xpath","value":"//span[contains(text(), \"General Management\")]"}
RESULT: {"using":"xpath","value":"//span[contains(text(), \"General Management\")]"}
COMMAND: POST /session/e87ee5c00bb1e8c61ee38b6c01d07093/element/f.C39E6AC59F605FD7CA79606EE8A094DD.d.093E2AB86C9B845ED4349471FC1B846C.e.3503/click - {}
RESULT: {}
COMMAND: GET /session/e87ee5c00bb1e8c61ee38b6c01d07093/screenshot - {}
RESULT: {}
COMMAND: POST /session/e87ee5c00bb1e8c61ee38b6c01d07093/element - {"using":"xpath","value":"//bdi[contains(text(), \"OK\")]"}
RESULT: {"using":"xpath","value":"//bdi[contains(text(), \"OK\")]"}
COMMAND: POST /session/e87ee5c00bb1e8c61ee38b6c01d07093/element/f.C39E6AC59F605FD7CA79606EE8A094DD.d.093E2AB86C9B845ED4349471FC1B846C.e.3504/click - {}
RESULT: {}
COMMAND: GET /session/e87ee5c00bb1e8c61ee38b6c01d07093/screenshot - {}
RESULT: {}
COMMAND: POST /session/e87ee5c00bb1e8c61ee38b6c01d07093/element - {"using":"xpath","value":"//input[@id=\"application-managepartners-display-component---NewPartner--companyCodeComboBox-inner\"]"}
RESULT: {"using":"xpath","value":"//input[@id=\"application-managepartners-display-component---NewPartner--companyCodeComboBox-inner\"]"}
COMMAND: POST /session/e87ee5c00bb1e8c61ee38b6c01d07093/element/f.C39E6AC59F605FD7CA79606EE8A094DD.d.093E2AB86C9B845ED4349471FC1B846C.e.3298/clear - {}
RESULT: {}
COMMAND: POST /session/e87ee5c00bb1e8c61ee38b6c01d07093/element/f.C39E6AC59F605FD7CA79606EE8A094DD.d.093E2AB86C9B845ED4349471FC1B846C.e.3298/value - {"text":"C002"}
COMMAND: GET /session/e87ee5c00bb1e8c61ee38b6c01d07093/screenshot - {}
RESULT: {"text":"C002"}
COMMAND: GET /session/e87ee5c00bb1e8c61ee38b6c01d07093/screenshot - {}
RESULT: {}
RESULT: {}
COMMAND: POST /session/e87ee5c00bb1e8c61ee38b6c01d07093/element - {"using":"xpath","value":"//li[.//span[text()= \"C002\"]]"}
RESULT: {"using":"xpath","value":"//li[.//span[text()= \"C002\"]]"}
COMMAND: POST /session/e87ee5c00bb1e8c61ee38b6c01d07093/element/f.C39E6AC59F605FD7CA79606EE8A094DD.d.093E2AB86C9B845ED4349471FC1B846C.e.3510/click - {}
RESULT: {}
COMMAND: GET /session/e87ee5c00bb1e8c61ee38b6c01d07093/screenshot - {}
RESULT: {}
COMMAND: POST /session/e87ee5c00bb1e8c61ee38b6c01d07093/execute/async - {"script":"<script> [1562 bytes]","args":[{"selector":{"id":"application-managepartners-display-component---NewPartner--btnAddTableRow-img"},"wdio_ui5_key":"applicationmanagepartners-display-component---NewPartner--btnAddTableRow-img"}]}
RESULT: {"script":"<script> [1562 bytes]","args":[{"selector":{"id":"application-managepartners-display-component---NewPartner--btnAddTableRow-img"},"wdio_ui5_key":"applicationmanagepartners-display-component---NewPartner--btnAddTableRow-img"}]}
RESULT: undefined
COMMAND: POST /session/e87ee5c00bb1e8c61ee38b6c01d07093/element - {"using":"xpath","value":"//*[@id=\"application-managepartners-display-component---NewPartner--btnAddTableRow-img\"]"}
RESULT: {"using":"xpath","value":"//*[@id=\"application-managepartners-display-component---NewPartner--btnAddTableRow-img\"]"}
COMMAND: POST /session/e87ee5c00bb1e8c61ee38b6c01d07093/element/f.C39E6AC59F605FD7CA79606EE8A094DD.d.093E2AB86C9B845ED4349471FC1B846C.e.3511/click - {}
RESULT: {}
COMMAND: GET /session/e87ee5c00bb1e8c61ee38b6c01d07093/screenshot - {}
RESULT: {}
COMMAND: POST /session/e87ee5c00bb1e8c61ee38b6c01d07093/element - {"using":"xpath","value":"//input[@id=\"application-managepartners-display-component---NewPartner--assignmentYard-application-managepartners-display-component---NewPartner--assignmentsTable-0-inner\"]"}
RESULT: {"using":"xpath","value":"//input[@id=\"application-managepartners-display-component---NewPartner--assignmentYard-application-managepartners-display-component---NewPartner--assignmentsTable-0-inner\"]"}
COMMAND: POST /session/e87ee5c00bb1e8c61ee38b6c01d07093/element/f.C39E6AC59F605FD7CA79606EE8A094DD.d.093E2AB86C9B845ED4349471FC1B846C.e.3514/clear - {}
RESULT: {}
COMMAND: POST /session/e87ee5c00bb1e8c61ee38b6c01d07093/element/f.C39E6AC59F605FD7CA79606EE8A094DD.d.093E2AB86C9B845ED4349471FC1B846C.e.3514/value - {"text":"280"}
COMMAND: GET /session/e87ee5c00bb1e8c61ee38b6c01d07093/screenshot - {}
RESULT: {"text":"280"}
COMMAND: GET /session/e87ee5c00bb1e8c61ee38b6c01d07093/screenshot - {}
RESULT: {}
RESULT: {}
COMMAND: POST /session/e87ee5c00bb1e8c61ee38b6c01d07093/element - {"using":"xpath","value":"//li[.//span[text()='280']]"}
RESULT: {"using":"xpath","value":"//li[.//span[text()='280']]"}
COMMAND: POST /session/e87ee5c00bb1e8c61ee38b6c01d07093/element/f.C39E6AC59F605FD7CA79606EE8A094DD.d.093E2AB86C9B845ED4349471FC1B846C.e.3523/click - {}
RESULT: {}
COMMAND: GET /session/e87ee5c00bb1e8c61ee38b6c01d07093/screenshot - {}
RESULT: {}
COMMAND: POST /session/e87ee5c00bb1e8c61ee38b6c01d07093/actions - {"actions":[{"id":"action3","type":"key","parameters":{},"actions":[{"type":"keyDown","value":""},{"type":"pause","duration":10},{"type":"keyUp","value":""}]}]}
RESULT: {"actions":[{"id":"action3","type":"key","parameters":{},"actions":[{"type":"keyDown","value":""},{"type":"pause","duration":10},{"type":"keyUp","value":""}]}]}
COMMAND: POST /session/e87ee5c00bb1e8c61ee38b6c01d07093/execute/async - {"script":"<script> [1562 bytes]","args":[{"selector":{"id":"application-managepartners-display-component---NewPartner--externalCustomerComboBox-application-managepartners-display-component---NewPartner--assignmentsTable-0-vhi"},"wdio_ui5_key":"applicationmanagepartners-display-component---NewPartner--externalCustomerComboBox-application-managepartners-display-component---NewPartner--assignmentsTable-0-vhi"}]}
COMMAND: GET /session/e87ee5c00bb1e8c61ee38b6c01d07093/screenshot - {}
RESULT: {"script":"<script> [1562 bytes]","args":[{"selector":{"id":"application-managepartners-display-component---NewPartner--externalCustomerComboBox-application-managepartners-display-component---NewPartner--assignmentsTable-0-vhi"},"wdio_ui5_key":"applicationmanagepartners-display-component---NewPartner--externalCustomerComboBox-application-managepartners-display-component---NewPartner--assignmentsTable-0-vhi"}]}
RESULT: undefined
COMMAND: POST /session/e87ee5c00bb1e8c61ee38b6c01d07093/element - {"using":"xpath","value":"//*[@id=\"application-managepartners-display-component---NewPartner--externalCustomerComboBox-application-managepartners-display-component---NewPartner--assignmentsTable-0-vhi\"]"}
RESULT: {}
RESULT: {"using":"xpath","value":"//*[@id=\"application-managepartners-display-component---NewPartner--externalCustomerComboBox-application-managepartners-display-component---NewPartner--assignmentsTable-0-vhi\"]"}
COMMAND: POST /session/e87ee5c00bb1e8c61ee38b6c01d07093/element/f.C39E6AC59F605FD7CA79606EE8A094DD.d.093E2AB86C9B845ED4349471FC1B846C.e.3527/click - {}
RESULT: {}
RESULT: undefined
COMMAND: POST /session/e87ee5c00bb1e8c61ee38b6c01d07093/execute/async - {"script":"<script> [776 bytes]","args":[{"enterText":"300003","selector":{"controlType":"sap.m.SearchField","properties":{"placeholder":"Search"},"searchOpenDialogs":true,"interaction":{"idSuffix":"I"}},"clearTextFirst":true,"interactionType":"ENTER_TEXT"}]}
COMMAND: GET /session/e87ee5c00bb1e8c61ee38b6c01d07093/screenshot - {}
RESULT: {"script":"<script> [776 bytes]","args":[{"enterText":"300003","selector":{"controlType":"sap.m.SearchField","properties":{"placeholder":"Search"},"searchOpenDialogs":true,"interaction":{"idSuffix":"I"}},"clearTextFirst":true,"interactionType":"ENTER_TEXT"}]}
COMMAND: POST /session/e87ee5c00bb1e8c61ee38b6c01d07093/actions - {"actions":[{"id":"action4","type":"key","parameters":{},"actions":[{"type":"keyDown","value":""},{"type":"pause","duration":10},{"type":"keyUp","value":""}]}]}
RESULT: {}
RESULT: {"actions":[{"id":"action4","type":"key","parameters":{},"actions":[{"type":"keyDown","value":""},{"type":"pause","duration":10},{"type":"keyUp","value":""}]}]}
COMMAND: GET /session/e87ee5c00bb1e8c61ee38b6c01d07093/screenshot - {}
RESULT: {}
COMMAND: POST /session/e87ee5c00bb1e8c61ee38b6c01d07093/element - {"using":"xpath","value":"//span[contains(text(), \"300003\")]"}
RESULT: {"using":"xpath","value":"//span[contains(text(), \"300003\")]"}
COMMAND: POST /session/e87ee5c00bb1e8c61ee38b6c01d07093/element/f.C39E6AC59F605FD7CA79606EE8A094DD.d.093E2AB86C9B845ED4349471FC1B846C.e.3545/click - {}
RESULT: {}
COMMAND: GET /session/e87ee5c00bb1e8c61ee38b6c01d07093/screenshot - {}
RESULT: {}
COMMAND: POST /session/e87ee5c00bb1e8c61ee38b6c01d07093/element - {"using":"xpath","value":"//bdi[contains(text(), \"OK\")]"}
RESULT: {"using":"xpath","value":"//bdi[contains(text(), \"OK\")]"}
COMMAND: POST /session/e87ee5c00bb1e8c61ee38b6c01d07093/element/f.C39E6AC59F605FD7CA79606EE8A094DD.d.093E2AB86C9B845ED4349471FC1B846C.e.3547/click - {}
RESULT: {}
COMMAND: GET /session/e87ee5c00bb1e8c61ee38b6c01d07093/screenshot - {}
RESULT: {}
COMMAND: POST /session/e87ee5c00bb1e8c61ee38b6c01d07093/execute/async - {"script":"<script> [1562 bytes]","args":[{"selector":{"id":"application-managepartners-display-component---NewPartner--intercompVendorComboBox-application-managepartners-display-component---NewPartner--assignmentsTable-0-vhi"},"wdio_ui5_key":"applicationmanagepartners-display-component---NewPartner--intercompVendorComboBox-application-managepartners-display-component---NewPartner--assignmentsTable-0-vhi"}]}
RESULT: {"script":"<script> [1562 bytes]","args":[{"selector":{"id":"application-managepartners-display-component---NewPartner--intercompVendorComboBox-application-managepartners-display-component---NewPartner--assignmentsTable-0-vhi"},"wdio_ui5_key":"applicationmanagepartners-display-component---NewPartner--intercompVendorComboBox-application-managepartners-display-component---NewPartner--assignmentsTable-0-vhi"}]}
RESULT: undefined
COMMAND: POST /session/e87ee5c00bb1e8c61ee38b6c01d07093/element - {"using":"xpath","value":"//*[@id=\"application-managepartners-display-component---NewPartner--intercompVendorComboBox-application-managepartners-display-component---NewPartner--assignmentsTable-0-vhi\"]"}
RESULT: {"using":"xpath","value":"//*[@id=\"application-managepartners-display-component---NewPartner--intercompVendorComboBox-application-managepartners-display-component---NewPartner--assignmentsTable-0-vhi\"]"}
COMMAND: POST /session/e87ee5c00bb1e8c61ee38b6c01d07093/element/f.C39E6AC59F605FD7CA79606EE8A094DD.d.093E2AB86C9B845ED4349471FC1B846C.e.3550/click - {}
RESULT: {}
RESULT: undefined
COMMAND: POST /session/e87ee5c00bb1e8c61ee38b6c01d07093/execute/async - {"script":"<script> [776 bytes]","args":[{"enterText":"100005","selector":{"controlType":"sap.m.SearchField","properties":{"placeholder":"Search"},"searchOpenDialogs":true,"interaction":{"idSuffix":"I"}},"clearTextFirst":true,"interactionType":"ENTER_TEXT"}]}
COMMAND: GET /session/e87ee5c00bb1e8c61ee38b6c01d07093/screenshot - {}
RESULT: {"script":"<script> [776 bytes]","args":[{"enterText":"100005","selector":{"controlType":"sap.m.SearchField","properties":{"placeholder":"Search"},"searchOpenDialogs":true,"interaction":{"idSuffix":"I"}},"clearTextFirst":true,"interactionType":"ENTER_TEXT"}]}
COMMAND: POST /session/e87ee5c00bb1e8c61ee38b6c01d07093/actions - {"actions":[{"id":"action5","type":"key","parameters":{},"actions":[{"type":"keyDown","value":""},{"type":"pause","duration":10},{"type":"keyUp","value":""}]}]}
RESULT: {}
RESULT: {"actions":[{"id":"action5","type":"key","parameters":{},"actions":[{"type":"keyDown","value":""},{"type":"pause","duration":10},{"type":"keyUp","value":""}]}]}
COMMAND: GET /session/e87ee5c00bb1e8c61ee38b6c01d07093/screenshot - {}
RESULT: {}
COMMAND: POST /session/e87ee5c00bb1e8c61ee38b6c01d07093/element - {"using":"xpath","value":"//span[contains(text(), \"Penguins - Field/12345 Berlin\")]"}
RESULT: {"using":"xpath","value":"//span[contains(text(), \"Penguins - Field/12345 Berlin\")]"}
COMMAND: POST /session/e87ee5c00bb1e8c61ee38b6c01d07093/element/f.C39E6AC59F605FD7CA79606EE8A094DD.d.093E2AB86C9B845ED4349471FC1B846C.e.3569/click - {}
RESULT: {}
COMMAND: GET /session/e87ee5c00bb1e8c61ee38b6c01d07093/screenshot - {}
RESULT: {}
COMMAND: POST /session/e87ee5c00bb1e8c61ee38b6c01d07093/element - {"using":"xpath","value":"//bdi[contains(text(), \"OK\")]"}
RESULT: {"using":"xpath","value":"//bdi[contains(text(), \"OK\")]"}
COMMAND: POST /session/e87ee5c00bb1e8c61ee38b6c01d07093/element/f.C39E6AC59F605FD7CA79606EE8A094DD.d.093E2AB86C9B845ED4349471FC1B846C.e.3570/click - {}
RESULT: {}
COMMAND: GET /session/e87ee5c00bb1e8c61ee38b6c01d07093/screenshot - {}
RESULT: {}
COMMAND: POST /session/e87ee5c00bb1e8c61ee38b6c01d07093/element - {"using":"xpath","value":"//button[@data-kt=\"saveButton\"]"}
RESULT: {"using":"xpath","value":"//button[@data-kt=\"saveButton\"]"}
COMMAND: POST /session/e87ee5c00bb1e8c61ee38b6c01d07093/element/f.C39E6AC59F605FD7CA79606EE8A094DD.d.093E2AB86C9B845ED4349471FC1B846C.e.3419/click - {}
RESULT: {}
COMMAND: GET /session/e87ee5c00bb1e8c61ee38b6c01d07093/screenshot - {}
RESULT: {}
COMMAND: POST /session/e87ee5c00bb1e8c61ee38b6c01d07093/element - {"using":"xpath","value":"//header[contains(@id, 'ObjectPageLayout-headerTitle')]/div[1]/div[2]/div[2]/span[1]"}
RESULT: {"using":"xpath","value":"//header[contains(@id, 'ObjectPageLayout-headerTitle')]/div[1]/div[2]/div[2]/span[1]"}
COMMAND: POST /session/e87ee5c00bb1e8c61ee38b6c01d07093/elements - {"using":"xpath","value":"//header[contains(@id, 'ObjectPageLayout-headerTitle')]/div[1]/div[2]/div[2]/span[1]"}
RESULT: {"using":"xpath","value":"//header[contains(@id, 'ObjectPageLayout-headerTitle')]/div[1]/div[2]/div[2]/span[1]"}
COMMAND: POST /session/e87ee5c00bb1e8c61ee38b6c01d07093/execute/sync - {"script":"<script> [56 bytes]","args":[{"element-6066-11e4-a52e-4f735466cecf":"f.C39E6AC59F605FD7CA79606EE8A094DD.d.093E2AB86C9B845ED4349471FC1B846C.e.3734","ELEMENT":"f.C39E6AC59F605FD7CA79606EE8A094DD.d.093E2AB86C9B845ED4349471FC1B846C.e.3734"}]}
RESULT: {"script":"<script> [56 bytes]","args":[{"element-6066-11e4-a52e-4f735466cecf":"f.C39E6AC59F605FD7CA79606EE8A094DD.d.093E2AB86C9B845ED4349471FC1B846C.e.3734","ELEMENT":"f.C39E6AC59F605FD7CA79606EE8A094DD.d.093E2AB86C9B845ED4349471FC1B846C.e.3734"}]}
COMMAND: POST /session/e87ee5c00bb1e8c61ee38b6c01d07093/element - {"using":"css selector","value":"#shell-header-logo"}
COMMAND: GET /session/e87ee5c00bb1e8c61ee38b6c01d07093/screenshot - {}
RESULT: {"using":"css selector","value":"#shell-header-logo"}
COMMAND: POST /session/e87ee5c00bb1e8c61ee38b6c01d07093/element/f.C39E6AC59F605FD7CA79606EE8A094DD.d.093E2AB86C9B845ED4349471FC1B846C.e.2948/click - {}
RESULT: {}
RESULT: {}
COMMAND: GET /session/e87ee5c00bb1e8c61ee38b6c01d07093/screenshot - {}
RESULT: {}
COMMAND: POST /session/e87ee5c00bb1e8c61ee38b6c01d07093/execute/sync - {"script":"<script> [299 bytes]","args":[["getModel","getResource"]]}
RESULT: {"script":"<script> [299 bytes]","args":[["getModel","getResource"]]}
COMMAND: GET /session/e87ee5c00bb1e8c61ee38b6c01d07093/screenshot - {}
]]></system-out>
    </testcase>
    <testcase classname="chrome.136_0_7103_93.windows.Billing_Transfer_-_Master_data_&amp;_Intercompany_US127250" name="Should create a new site" time="157.012">
      <system-out><![CDATA[
COMMAND: POST /session/e87ee5c00bb1e8c61ee38b6c01d07093/execute/async - {"script":"<script> [1562 bytes]","args":[{"selector":{"controlType":"sap.m.GenericTile","properties":{"header":"Manage Sites"}},"wdio_ui5_key":"sapm.GenericTile{\"header\":\"Manage Sites\"}"}]}
RESULT: {}
RESULT: {"script":"<script> [1562 bytes]","args":[{"selector":{"controlType":"sap.m.GenericTile","properties":{"header":"Manage Sites"}},"wdio_ui5_key":"sapm.GenericTile{\"header\":\"Manage Sites\"}"}]}
RESULT: undefined
COMMAND: POST /session/e87ee5c00bb1e8c61ee38b6c01d07093/element - {"using":"xpath","value":"//*[@id=\"__tile40\"]"}
RESULT: {"using":"xpath","value":"//*[@id=\"__tile40\"]"}
COMMAND: POST /session/e87ee5c00bb1e8c61ee38b6c01d07093/element/f.C39E6AC59F605FD7CA79606EE8A094DD.d.093E2AB86C9B845ED4349471FC1B846C.e.2107/click - {}
RESULT: {}
COMMAND: GET /session/e87ee5c00bb1e8c61ee38b6c01d07093/screenshot - {}
RESULT: {}
COMMAND: POST /session/e87ee5c00bb1e8c61ee38b6c01d07093/elements - {"using":"xpath","value":"//span[text()='Error']"}
RESULT: {"using":"xpath","value":"//span[text()='Error']"}
COMMAND: POST /session/e87ee5c00bb1e8c61ee38b6c01d07093/element - {"using":"xpath","value":"//button[@data-kt=\"addOverflowToolbarButton\"]"}
RESULT: {"using":"xpath","value":"//button[@data-kt=\"addOverflowToolbarButton\"]"}
COMMAND: POST /session/e87ee5c00bb1e8c61ee38b6c01d07093/elements - {"using":"xpath","value":"//button[@data-kt=\"addOverflowToolbarButton\"]"}
RESULT: {"using":"xpath","value":"//button[@data-kt=\"addOverflowToolbarButton\"]"}
COMMAND: POST /session/e87ee5c00bb1e8c61ee38b6c01d07093/execute/sync - {"script":"<script> [8489 bytes]","args":[{"element-6066-11e4-a52e-4f735466cecf":"f.C39E6AC59F605FD7CA79606EE8A094DD.d.093E2AB86C9B845ED4349471FC1B846C.e.3782","ELEMENT":"f.C39E6AC59F605FD7CA79606EE8A094DD.d.093E2AB86C9B845ED4349471FC1B846C.e.3782"}]}
RESULT: {"script":"<script> [8489 bytes]","args":[{"element-6066-11e4-a52e-4f735466cecf":"f.C39E6AC59F605FD7CA79606EE8A094DD.d.093E2AB86C9B845ED4349471FC1B846C.e.3782","ELEMENT":"f.C39E6AC59F605FD7CA79606EE8A094DD.d.093E2AB86C9B845ED4349471FC1B846C.e.3782"}]}
COMMAND: GET /session/e87ee5c00bb1e8c61ee38b6c01d07093/element/f.C39E6AC59F605FD7CA79606EE8A094DD.d.093E2AB86C9B845ED4349471FC1B846C.e.3782/enabled - {}
COMMAND: GET /session/e87ee5c00bb1e8c61ee38b6c01d07093/screenshot - {}
RESULT: {}
COMMAND: POST /session/e87ee5c00bb1e8c61ee38b6c01d07093/execute/sync - {"script":"<script> [8489 bytes]","args":[{"element-6066-11e4-a52e-4f735466cecf":"f.C39E6AC59F605FD7CA79606EE8A094DD.d.093E2AB86C9B845ED4349471FC1B846C.e.3782","ELEMENT":"f.C39E6AC59F605FD7CA79606EE8A094DD.d.093E2AB86C9B845ED4349471FC1B846C.e.3782"}]}
COMMAND: GET /session/e87ee5c00bb1e8c61ee38b6c01d07093/screenshot - {}
RESULT: {}
RESULT: {"script":"<script> [8489 bytes]","args":[{"element-6066-11e4-a52e-4f735466cecf":"f.C39E6AC59F605FD7CA79606EE8A094DD.d.093E2AB86C9B845ED4349471FC1B846C.e.3782","ELEMENT":"f.C39E6AC59F605FD7CA79606EE8A094DD.d.093E2AB86C9B845ED4349471FC1B846C.e.3782"}]}
COMMAND: POST /session/e87ee5c00bb1e8c61ee38b6c01d07093/execute/sync - {"script":"<script> [5351 bytes]","args":[{"element-6066-11e4-a52e-4f735466cecf":"f.C39E6AC59F605FD7CA79606EE8A094DD.d.093E2AB86C9B845ED4349471FC1B846C.e.3782","ELEMENT":"f.C39E6AC59F605FD7CA79606EE8A094DD.d.093E2AB86C9B845ED4349471FC1B846C.e.3782"}]}
COMMAND: GET /session/e87ee5c00bb1e8c61ee38b6c01d07093/screenshot - {}
RESULT: {}
RESULT: {"script":"<script> [5351 bytes]","args":[{"element-6066-11e4-a52e-4f735466cecf":"f.C39E6AC59F605FD7CA79606EE8A094DD.d.093E2AB86C9B845ED4349471FC1B846C.e.3782","ELEMENT":"f.C39E6AC59F605FD7CA79606EE8A094DD.d.093E2AB86C9B845ED4349471FC1B846C.e.3782"}]}
COMMAND: POST /session/e87ee5c00bb1e8c61ee38b6c01d07093/element/f.C39E6AC59F605FD7CA79606EE8A094DD.d.093E2AB86C9B845ED4349471FC1B846C.e.3782/click - {}
COMMAND: GET /session/e87ee5c00bb1e8c61ee38b6c01d07093/screenshot - {}
RESULT: {}
RESULT: {}
COMMAND: GET /session/e87ee5c00bb1e8c61ee38b6c01d07093/screenshot - {}
COMMAND: POST /session/e87ee5c00bb1e8c61ee38b6c01d07093/element - {"using":"xpath","value":"//input[@id=\"application-managesites-display-component---NewSite--siteId-inner\"]"}
RESULT: {}
RESULT: {}
RESULT: {"using":"xpath","value":"//input[@id=\"application-managesites-display-component---NewSite--siteId-inner\"]"}
COMMAND: POST /session/e87ee5c00bb1e8c61ee38b6c01d07093/element - {"using":"xpath","value":"//input[@id=\"application-managesites-display-component---NewSite--siteId-inner\"]"}
RESULT: {"using":"xpath","value":"//input[@id=\"application-managesites-display-component---NewSite--siteId-inner\"]"}
COMMAND: POST /session/e87ee5c00bb1e8c61ee38b6c01d07093/execute/async - {"script":"<script> [1562 bytes]","args":[{"selector":{"id":"application-managesites-display-component---NewSite--addressDetailDetailsName1","interaction":{"idSuffix":"inner"}},"wdio_ui5_key":"applicationmanagesites-display-component---NewSite--addressDetailDetailsName1"}]}
RESULT: {"script":"<script> [1562 bytes]","args":[{"selector":{"id":"application-managesites-display-component---NewSite--addressDetailDetailsName1","interaction":{"idSuffix":"inner"}},"wdio_ui5_key":"applicationmanagesites-display-component---NewSite--addressDetailDetailsName1"}]}
RESULT: undefined
COMMAND: POST /session/e87ee5c00bb1e8c61ee38b6c01d07093/execute/async - {"script":"<script> [776 bytes]","args":[{"enterText":"Intercompany Site wdIO","selector":{"id":"application-managesites-display-component---NewSite--addressDetailDetailsName1","interaction":{"idSuffix":"inner"}},"clearTextFirst":true,"interactionType":"ENTER_TEXT"}]}
RESULT: {"script":"<script> [776 bytes]","args":[{"enterText":"Intercompany Site wdIO","selector":{"id":"application-managesites-display-component---NewSite--addressDetailDetailsName1","interaction":{"idSuffix":"inner"}},"clearTextFirst":true,"interactionType":"ENTER_TEXT"}]}
COMMAND: POST /session/e87ee5c00bb1e8c61ee38b6c01d07093/execute/async - {"script":"<script> [1562 bytes]","args":[{"selector":{"id":"application-managesites-display-component---NewSite--addressDetailDetailsLanguage-arrow"},"wdio_ui5_key":"applicationmanagesites-display-component---NewSite--addressDetailDetailsLanguage-arrow"}]}
RESULT: {"script":"<script> [1562 bytes]","args":[{"selector":{"id":"application-managesites-display-component---NewSite--addressDetailDetailsLanguage-arrow"},"wdio_ui5_key":"applicationmanagesites-display-component---NewSite--addressDetailDetailsLanguage-arrow"}]}
RESULT: undefined
COMMAND: POST /session/e87ee5c00bb1e8c61ee38b6c01d07093/element - {"using":"xpath","value":"//*[@id=\"application-managesites-display-component---NewSite--addressDetailDetailsLanguage-arrow\"]"}
RESULT: {"using":"xpath","value":"//*[@id=\"application-managesites-display-component---NewSite--addressDetailDetailsLanguage-arrow\"]"}
COMMAND: POST /session/e87ee5c00bb1e8c61ee38b6c01d07093/element/f.C39E6AC59F605FD7CA79606EE8A094DD.d.093E2AB86C9B845ED4349471FC1B846C.e.4187/click - {}
RESULT: {}
COMMAND: POST /session/e87ee5c00bb1e8c61ee38b6c01d07093/element - {"using":"xpath","value":"//span[contains(text(), \"English\")]"}
COMMAND: GET /session/e87ee5c00bb1e8c61ee38b6c01d07093/screenshot - {}
RESULT: {"using":"xpath","value":"//span[contains(text(), \"English\")]"}
COMMAND: POST /session/e87ee5c00bb1e8c61ee38b6c01d07093/element/f.C39E6AC59F605FD7CA79606EE8A094DD.d.093E2AB86C9B845ED4349471FC1B846C.e.4188/click - {}
RESULT: {}
RESULT: {}
COMMAND: POST /session/e87ee5c00bb1e8c61ee38b6c01d07093/execute/async - {"script":"<script> [1562 bytes]","args":[{"selector":{"id":"application-managesites-display-component---NewSite--addressDetailDetailsCity1","interaction":{"idSuffix":"inner"}},"wdio_ui5_key":"applicationmanagesites-display-component---NewSite--addressDetailDetailsCity1"}]}
COMMAND: GET /session/e87ee5c00bb1e8c61ee38b6c01d07093/screenshot - {}
RESULT: {"script":"<script> [1562 bytes]","args":[{"selector":{"id":"application-managesites-display-component---NewSite--addressDetailDetailsCity1","interaction":{"idSuffix":"inner"}},"wdio_ui5_key":"applicationmanagesites-display-component---NewSite--addressDetailDetailsCity1"}]}
RESULT: undefined
COMMAND: POST /session/e87ee5c00bb1e8c61ee38b6c01d07093/execute/async - {"script":"<script> [776 bytes]","args":[{"enterText":"Rosario","selector":{"id":"application-managesites-display-component---NewSite--addressDetailDetailsCity1","interaction":{"idSuffix":"inner"}},"clearTextFirst":true,"interactionType":"ENTER_TEXT"}]}
RESULT: {}
RESULT: {"script":"<script> [776 bytes]","args":[{"enterText":"Rosario","selector":{"id":"application-managesites-display-component---NewSite--addressDetailDetailsCity1","interaction":{"idSuffix":"inner"}},"clearTextFirst":true,"interactionType":"ENTER_TEXT"}]}
COMMAND: POST /session/e87ee5c00bb1e8c61ee38b6c01d07093/execute/async - {"script":"<script> [1562 bytes]","args":[{"selector":{"id":"application-managesites-display-component---NewSite--addressDetailDetailsCountry-arrow"},"wdio_ui5_key":"applicationmanagesites-display-component---NewSite--addressDetailDetailsCountry-arrow"}]}
RESULT: {"script":"<script> [1562 bytes]","args":[{"selector":{"id":"application-managesites-display-component---NewSite--addressDetailDetailsCountry-arrow"},"wdio_ui5_key":"applicationmanagesites-display-component---NewSite--addressDetailDetailsCountry-arrow"}]}
RESULT: undefined
COMMAND: POST /session/e87ee5c00bb1e8c61ee38b6c01d07093/element - {"using":"xpath","value":"//*[@id=\"application-managesites-display-component---NewSite--addressDetailDetailsCountry-arrow\"]"}
RESULT: {"using":"xpath","value":"//*[@id=\"application-managesites-display-component---NewSite--addressDetailDetailsCountry-arrow\"]"}
COMMAND: POST /session/e87ee5c00bb1e8c61ee38b6c01d07093/element/f.C39E6AC59F605FD7CA79606EE8A094DD.d.093E2AB86C9B845ED4349471FC1B846C.e.4190/click - {}
RESULT: {}
COMMAND: POST /session/e87ee5c00bb1e8c61ee38b6c01d07093/element - {"using":"xpath","value":"//span[contains(text(), \"Argentina\")]"}
COMMAND: GET /session/e87ee5c00bb1e8c61ee38b6c01d07093/screenshot - {}
RESULT: {"using":"xpath","value":"//span[contains(text(), \"Argentina\")]"}
COMMAND: POST /session/e87ee5c00bb1e8c61ee38b6c01d07093/element/f.C39E6AC59F605FD7CA79606EE8A094DD.d.093E2AB86C9B845ED4349471FC1B846C.e.4191/click - {}
RESULT: {}
RESULT: {}
COMMAND: GET /session/e87ee5c00bb1e8c61ee38b6c01d07093/screenshot - {}
RESULT: {}
COMMAND: POST /session/e87ee5c00bb1e8c61ee38b6c01d07093/execute/async - {"script":"<script> [1562 bytes]","args":[{"selector":{"id":"application-managesites-display-component---NewSite--addressEditDetailsCostObjectCstType-arrow"},"wdio_ui5_key":"applicationmanagesites-display-component---NewSite--addressEditDetailsCostObjectCstType-arrow"}]}
RESULT: {"script":"<script> [1562 bytes]","args":[{"selector":{"id":"application-managesites-display-component---NewSite--addressEditDetailsCostObjectCstType-arrow"},"wdio_ui5_key":"applicationmanagesites-display-component---NewSite--addressEditDetailsCostObjectCstType-arrow"}]}
RESULT: undefined
COMMAND: POST /session/e87ee5c00bb1e8c61ee38b6c01d07093/element - {"using":"xpath","value":"//*[@id=\"application-managesites-display-component---NewSite--addressEditDetailsCostObjectCstType-arrow\"]"}
RESULT: {"using":"xpath","value":"//*[@id=\"application-managesites-display-component---NewSite--addressEditDetailsCostObjectCstType-arrow\"]"}
COMMAND: POST /session/e87ee5c00bb1e8c61ee38b6c01d07093/element/f.C39E6AC59F605FD7CA79606EE8A094DD.d.093E2AB86C9B845ED4349471FC1B846C.e.4193/click - {}
RESULT: {}
COMMAND: POST /session/e87ee5c00bb1e8c61ee38b6c01d07093/element - {"using":"xpath","value":"//span[contains(text(), \"Cost Center\")]"}
COMMAND: GET /session/e87ee5c00bb1e8c61ee38b6c01d07093/screenshot - {}
RESULT: {"using":"xpath","value":"//span[contains(text(), \"Cost Center\")]"}
COMMAND: POST /session/e87ee5c00bb1e8c61ee38b6c01d07093/element/f.C39E6AC59F605FD7CA79606EE8A094DD.d.093E2AB86C9B845ED4349471FC1B846C.e.4194/click - {}
RESULT: {}
RESULT: {}
COMMAND: GET /session/e87ee5c00bb1e8c61ee38b6c01d07093/screenshot - {}
RESULT: {}
COMMAND: POST /session/e87ee5c00bb1e8c61ee38b6c01d07093/element - {"using":"xpath","value":"//span[@id=\"application-managesites-display-component---NewSite--addressNewCostObjectCstID-vhi\"]"}
RESULT: {"using":"xpath","value":"//span[@id=\"application-managesites-display-component---NewSite--addressNewCostObjectCstID-vhi\"]"}
COMMAND: POST /session/e87ee5c00bb1e8c61ee38b6c01d07093/execute/sync - {"script":"<script> [8489 bytes]","args":[{"element-6066-11e4-a52e-4f735466cecf":"f.C39E6AC59F605FD7CA79606EE8A094DD.d.093E2AB86C9B845ED4349471FC1B846C.e.4199","ELEMENT":"f.C39E6AC59F605FD7CA79606EE8A094DD.d.093E2AB86C9B845ED4349471FC1B846C.e.4199"}]}
RESULT: {"script":"<script> [8489 bytes]","args":[{"element-6066-11e4-a52e-4f735466cecf":"f.C39E6AC59F605FD7CA79606EE8A094DD.d.093E2AB86C9B845ED4349471FC1B846C.e.4199","ELEMENT":"f.C39E6AC59F605FD7CA79606EE8A094DD.d.093E2AB86C9B845ED4349471FC1B846C.e.4199"}]}
COMMAND: POST /session/e87ee5c00bb1e8c61ee38b6c01d07093/execute/async - {"script":"<script> [1562 bytes]","args":[{"selector":{"id":"application-managesites-display-component---NewSite--addressNewCostObjectCstID-vhi"},"wdio_ui5_key":"applicationmanagesites-display-component---NewSite--addressNewCostObjectCstID-vhi"}]}
COMMAND: GET /session/e87ee5c00bb1e8c61ee38b6c01d07093/screenshot - {}
RESULT: {"script":"<script> [1562 bytes]","args":[{"selector":{"id":"application-managesites-display-component---NewSite--addressNewCostObjectCstID-vhi"},"wdio_ui5_key":"applicationmanagesites-display-component---NewSite--addressNewCostObjectCstID-vhi"}]}
RESULT: undefined
COMMAND: POST /session/e87ee5c00bb1e8c61ee38b6c01d07093/element - {"using":"xpath","value":"//*[@id=\"application-managesites-display-component---NewSite--addressNewCostObjectCstID-vhi\"]"}
RESULT: {}
RESULT: {"using":"xpath","value":"//*[@id=\"application-managesites-display-component---NewSite--addressNewCostObjectCstID-vhi\"]"}
COMMAND: POST /session/e87ee5c00bb1e8c61ee38b6c01d07093/element/f.C39E6AC59F605FD7CA79606EE8A094DD.d.093E2AB86C9B845ED4349471FC1B846C.e.4199/click - {}
RESULT: {}
COMMAND: GET /session/e87ee5c00bb1e8c61ee38b6c01d07093/screenshot - {}
RESULT: {}
RESULT: undefined
COMMAND: POST /session/e87ee5c00bb1e8c61ee38b6c01d07093/execute/async - {"script":"<script> [776 bytes]","args":[{"enterText":"10001013","selector":{"controlType":"sap.m.SearchField","properties":{"placeholder":"Search"},"searchOpenDialogs":true,"interaction":{"idSuffix":"I"}},"clearTextFirst":true,"interactionType":"ENTER_TEXT"}]}
RESULT: {"script":"<script> [776 bytes]","args":[{"enterText":"10001013","selector":{"controlType":"sap.m.SearchField","properties":{"placeholder":"Search"},"searchOpenDialogs":true,"interaction":{"idSuffix":"I"}},"clearTextFirst":true,"interactionType":"ENTER_TEXT"}]}
COMMAND: POST /session/e87ee5c00bb1e8c61ee38b6c01d07093/actions - {"actions":[{"id":"action6","type":"key","parameters":{},"actions":[{"type":"keyDown","value":""},{"type":"pause","duration":10},{"type":"keyUp","value":""}]}]}
RESULT: {"actions":[{"id":"action6","type":"key","parameters":{},"actions":[{"type":"keyDown","value":""},{"type":"pause","duration":10},{"type":"keyUp","value":""}]}]}
COMMAND: GET /session/e87ee5c00bb1e8c61ee38b6c01d07093/screenshot - {}
RESULT: {}
COMMAND: POST /session/e87ee5c00bb1e8c61ee38b6c01d07093/element - {"using":"xpath","value":"//span[contains(text(), \"General Management\")]"}
RESULT: {"using":"xpath","value":"//span[contains(text(), \"General Management\")]"}
COMMAND: POST /session/e87ee5c00bb1e8c61ee38b6c01d07093/element/f.C39E6AC59F605FD7CA79606EE8A094DD.d.093E2AB86C9B845ED4349471FC1B846C.e.4239/click - {}
RESULT: {}
COMMAND: GET /session/e87ee5c00bb1e8c61ee38b6c01d07093/screenshot - {}
RESULT: {}
COMMAND: POST /session/e87ee5c00bb1e8c61ee38b6c01d07093/element - {"using":"xpath","value":"//bdi[contains(text(), \"OK\")]"}
RESULT: {"using":"xpath","value":"//bdi[contains(text(), \"OK\")]"}
COMMAND: POST /session/e87ee5c00bb1e8c61ee38b6c01d07093/element/f.C39E6AC59F605FD7CA79606EE8A094DD.d.093E2AB86C9B845ED4349471FC1B846C.e.4240/click - {}
RESULT: {}
COMMAND: GET /session/e87ee5c00bb1e8c61ee38b6c01d07093/screenshot - {}
RESULT: {}
COMMAND: POST /session/e87ee5c00bb1e8c61ee38b6c01d07093/element - {"using":"xpath","value":"//input[@id=\"application-managesites-display-component---NewSite--addressDetailDetailsCalendar-inner\"]"}
RESULT: {"using":"xpath","value":"//input[@id=\"application-managesites-display-component---NewSite--addressDetailDetailsCalendar-inner\"]"}
COMMAND: POST /session/e87ee5c00bb1e8c61ee38b6c01d07093/element/f.C39E6AC59F605FD7CA79606EE8A094DD.d.093E2AB86C9B845ED4349471FC1B846C.e.3978/clear - {}
RESULT: {}
COMMAND: POST /session/e87ee5c00bb1e8c61ee38b6c01d07093/element/f.C39E6AC59F605FD7CA79606EE8A094DD.d.093E2AB86C9B845ED4349471FC1B846C.e.3978/value - {"text":"Unit"}
COMMAND: GET /session/e87ee5c00bb1e8c61ee38b6c01d07093/screenshot - {}
RESULT: {"text":"Unit"}
COMMAND: GET /session/e87ee5c00bb1e8c61ee38b6c01d07093/screenshot - {}
RESULT: {}
RESULT: {}
COMMAND: POST /session/e87ee5c00bb1e8c61ee38b6c01d07093/actions - {"actions":[{"id":"action7","type":"key","parameters":{},"actions":[{"type":"keyDown","value":""},{"type":"pause","duration":10},{"type":"keyUp","value":""}]}]}
RESULT: {"actions":[{"id":"action7","type":"key","parameters":{},"actions":[{"type":"keyDown","value":""},{"type":"pause","duration":10},{"type":"keyUp","value":""}]}]}
COMMAND: POST /session/e87ee5c00bb1e8c61ee38b6c01d07093/element - {"using":"xpath","value":"//input[@id=\"application-managesites-display-component---NewSite--addressDetailDetailsYard-inner\"]"}
COMMAND: GET /session/e87ee5c00bb1e8c61ee38b6c01d07093/screenshot - {}
RESULT: {"using":"xpath","value":"//input[@id=\"application-managesites-display-component---NewSite--addressDetailDetailsYard-inner\"]"}
COMMAND: POST /session/e87ee5c00bb1e8c61ee38b6c01d07093/element/f.C39E6AC59F605FD7CA79606EE8A094DD.d.093E2AB86C9B845ED4349471FC1B846C.e.3979/clear - {}
RESULT: {}
RESULT: {}
COMMAND: POST /session/e87ee5c00bb1e8c61ee38b6c01d07093/element/f.C39E6AC59F605FD7CA79606EE8A094DD.d.093E2AB86C9B845ED4349471FC1B846C.e.3979/value - {"text":"280"}
COMMAND: GET /session/e87ee5c00bb1e8c61ee38b6c01d07093/screenshot - {}
RESULT: {}
RESULT: {"text":"280"}
COMMAND: GET /session/e87ee5c00bb1e8c61ee38b6c01d07093/screenshot - {}
RESULT: {}
COMMAND: POST /session/e87ee5c00bb1e8c61ee38b6c01d07093/element - {"using":"xpath","value":"//li[.//span[text()='280']]"}
RESULT: {"using":"xpath","value":"//li[.//span[text()='280']]"}
COMMAND: POST /session/e87ee5c00bb1e8c61ee38b6c01d07093/element/f.C39E6AC59F605FD7CA79606EE8A094DD.d.093E2AB86C9B845ED4349471FC1B846C.e.4248/click - {}
RESULT: {}
COMMAND: GET /session/e87ee5c00bb1e8c61ee38b6c01d07093/screenshot - {}
RESULT: {}
COMMAND: POST /session/e87ee5c00bb1e8c61ee38b6c01d07093/element - {"using":"xpath","value":"//input[@id=\"application-managesites-display-component---NewSite--addressDetailDetailsPartner-inner\"]"}
RESULT: {"using":"xpath","value":"//input[@id=\"application-managesites-display-component---NewSite--addressDetailDetailsPartner-inner\"]"}
COMMAND: POST /session/e87ee5c00bb1e8c61ee38b6c01d07093/element - {"using":"xpath","value":"//input[@id=\"application-managesites-display-component---NewSite--addressDetailDetailsPartner-inner\"]"}
RESULT: {"using":"xpath","value":"//input[@id=\"application-managesites-display-component---NewSite--addressDetailDetailsPartner-inner\"]"}
COMMAND: POST /session/e87ee5c00bb1e8c61ee38b6c01d07093/element - {"using":"xpath","value":"//button[@data-kt=\"saveButton\"]"}
RESULT: {"using":"xpath","value":"//button[@data-kt=\"saveButton\"]"}
COMMAND: POST /session/e87ee5c00bb1e8c61ee38b6c01d07093/element/f.C39E6AC59F605FD7CA79606EE8A094DD.d.093E2AB86C9B845ED4349471FC1B846C.e.4172/click - {}
RESULT: {}
COMMAND: GET /session/e87ee5c00bb1e8c61ee38b6c01d07093/screenshot - {}
RESULT: {}
COMMAND: POST /session/e87ee5c00bb1e8c61ee38b6c01d07093/element - {"using":"xpath","value":"//header[contains(@id, 'ObjectPageLayout-headerTitle')]/div[1]/div[2]/div[2]/span[1]"}
RESULT: {"using":"xpath","value":"//header[contains(@id, 'ObjectPageLayout-headerTitle')]/div[1]/div[2]/div[2]/span[1]"}
COMMAND: POST /session/e87ee5c00bb1e8c61ee38b6c01d07093/elements - {"using":"xpath","value":"//header[contains(@id, 'ObjectPageLayout-headerTitle')]/div[1]/div[2]/div[2]/span[1]"}
RESULT: {"using":"xpath","value":"//header[contains(@id, 'ObjectPageLayout-headerTitle')]/div[1]/div[2]/div[2]/span[1]"}
COMMAND: POST /session/e87ee5c00bb1e8c61ee38b6c01d07093/execute/sync - {"script":"<script> [56 bytes]","args":[{"element-6066-11e4-a52e-4f735466cecf":"f.C39E6AC59F605FD7CA79606EE8A094DD.d.093E2AB86C9B845ED4349471FC1B846C.e.4452","ELEMENT":"f.C39E6AC59F605FD7CA79606EE8A094DD.d.093E2AB86C9B845ED4349471FC1B846C.e.4452"}]}
RESULT: {"script":"<script> [56 bytes]","args":[{"element-6066-11e4-a52e-4f735466cecf":"f.C39E6AC59F605FD7CA79606EE8A094DD.d.093E2AB86C9B845ED4349471FC1B846C.e.4452","ELEMENT":"f.C39E6AC59F605FD7CA79606EE8A094DD.d.093E2AB86C9B845ED4349471FC1B846C.e.4452"}]}
COMMAND: POST /session/e87ee5c00bb1e8c61ee38b6c01d07093/element - {"using":"css selector","value":"#shell-header-logo"}
COMMAND: GET /session/e87ee5c00bb1e8c61ee38b6c01d07093/screenshot - {}
RESULT: {"using":"css selector","value":"#shell-header-logo"}
COMMAND: POST /session/e87ee5c00bb1e8c61ee38b6c01d07093/element/f.C39E6AC59F605FD7CA79606EE8A094DD.d.093E2AB86C9B845ED4349471FC1B846C.e.3739/click - {}
RESULT: {}
RESULT: {}
COMMAND: GET /session/e87ee5c00bb1e8c61ee38b6c01d07093/screenshot - {}
RESULT: {}
COMMAND: POST /session/e87ee5c00bb1e8c61ee38b6c01d07093/execute/sync - {"script":"<script> [299 bytes]","args":[["getModel","getResource"]]}
RESULT: {"script":"<script> [299 bytes]","args":[["getModel","getResource"]]}
COMMAND: POST /session/e87ee5c00bb1e8c61ee38b6c01d07093/actions - {"actions":[{"id":"action8","type":"key","parameters":{},"actions":[{"type":"keyDown","value":""},{"type":"pause","duration":10},{"type":"keyUp","value":""}]}]}
COMMAND: GET /session/e87ee5c00bb1e8c61ee38b6c01d07093/screenshot - {}
RESULT: {"actions":[{"id":"action8","type":"key","parameters":{},"actions":[{"type":"keyDown","value":""},{"type":"pause","duration":10},{"type":"keyUp","value":""}]}]}
COMMAND: GET /session/e87ee5c00bb1e8c61ee38b6c01d07093/screenshot - {}
RESULT: {}
RESULT: {}
COMMAND: POST /session/e87ee5c00bb1e8c61ee38b6c01d07093/refresh - {}
RESULT: {}
COMMAND: GET /session/e87ee5c00bb1e8c61ee38b6c01d07093/screenshot - {}
RESULT: {}
COMMAND: POST /session/e87ee5c00bb1e8c61ee38b6c01d07093/refresh - {}
RESULT: {}
COMMAND: GET /session/e87ee5c00bb1e8c61ee38b6c01d07093/screenshot - {}
RESULT: {}
COMMAND: POST /session/e87ee5c00bb1e8c61ee38b6c01d07093/window/fullscreen - {}
RESULT: {}
COMMAND: POST /session/e87ee5c00bb1e8c61ee38b6c01d07093/execute/async - {"script":"<script> [189 bytes]","args":[]}
RESULT: {"script":"<script> [189 bytes]","args":[]}
COMMAND: POST /session/e87ee5c00bb1e8c61ee38b6c01d07093/execute/async - {"script":"<script> [123 bytes]","args":[]}
RESULT: {"script":"<script> [123 bytes]","args":[]}
COMMAND: POST /session/e87ee5c00bb1e8c61ee38b6c01d07093/timeouts - {"script":"<number>"}
RESULT: {"script":"<number>"}
COMMAND: GET /session/e87ee5c00bb1e8c61ee38b6c01d07093/timeouts - {}
RESULT: {}
RESULT: undefined
COMMAND: POST /session/e87ee5c00bb1e8c61ee38b6c01d07093/execute/async - {"script":"<script> [2676 bytes]","args":[]}
RESULT: {"script":"<script> [2676 bytes]","args":[]}
COMMAND: POST /session/e87ee5c00bb1e8c61ee38b6c01d07093/execute/async - {"script":"<script> [2342 bytes]","args":[{"protocol":"http","hostname":"0.0.0.0","path":"/","capabilities":{"browserName":"chrome","goog:chromeOptions":{"binary":"C:\\Program Files\\Google\\Chrome\\Application\\chrome.exe","args":["--start-maximized"]}},"logLevel":"warn","connectionRetryTimeout":120000,"connectionRetryCount":3,"logLevels":{},"enableDirectConnect":true,"strictSSL":true,"_":"65 more keys: [\"cacheDir\",\"port\",\"requestedCapabilities\",\"automationProtocol\",\"baseUrl\",\"waitforInterval\",\"waitforTimeout\",\"onReload\",\"beforeCommand\",\"afterCommand\",\"rootDir\",\"specs\",\"suites\",\"exclude\",\"groupLogsByTestSpec\",\"excludeDriverLogs\",\"bail\",\"framework\",\"reporters\",\"services\",\"maxInstances\",\"maxInstancesPerCapability\",\"injectGlobals\",\"filesToWatch\",\"execArgv\",\"runnerEnv\",\"runner\",\"shard\",\"specFileRetries\",\"specFileRetriesDelay\",\"specFileRetriesDeferred\",\"reporterSyncInterval\",\"reporterSyncTimeout\",\"cucumberFeaturesWithLineNumbers\",\"autoCompileOpts\",\"mochaOpts\",\"jasmineOpts\",\"cucumberOpts\",\"onPrepare\",\"onWorkerStart\",\"onWorkerEnd\",\"before\",\"beforeSession\",\"beforeSuite\",\"beforeHook\",\"beforeTest\",\"afterTest\",\"afterHook\",\"afterSuite\",\"afterSession\",\"after\",\"onComplete\",\"beforeAssertion\",\"afterAssertion\",\"beforeFeature\",\"beforeScenario\",\"beforeStep\",\"afterStep\",\"afterScenario\",\"afterFeature\",\"_\",\"suite\",\"$0\",\"ignoredWorkerServices\",\"wdi5\"]"}]}
RESULT: {"script":"<script> [2342 bytes]","args":[{"protocol":"http","hostname":"0.0.0.0","path":"/","capabilities":{"browserName":"chrome","goog:chromeOptions":{"binary":"C:\\Program Files\\Google\\Chrome\\Application\\chrome.exe","args":["--start-maximized"]}},"logLevel":"warn","connectionRetryTimeout":120000,"connectionRetryCount":3,"logLevels":{},"enableDirectConnect":true,"strictSSL":true,"_":"65 more keys: [\"cacheDir\",\"port\",\"requestedCapabilities\",\"automationProtocol\",\"baseUrl\",\"waitforInterval\",\"waitforTimeout\",\"onReload\",\"beforeCommand\",\"afterCommand\",\"rootDir\",\"specs\",\"suites\",\"exclude\",\"groupLogsByTestSpec\",\"excludeDriverLogs\",\"bail\",\"framework\",\"reporters\",\"services\",\"maxInstances\",\"maxInstancesPerCapability\",\"injectGlobals\",\"filesToWatch\",\"execArgv\",\"runnerEnv\",\"runner\",\"shard\",\"specFileRetries\",\"specFileRetriesDelay\",\"specFileRetriesDeferred\",\"reporterSyncInterval\",\"reporterSyncTimeout\",\"cucumberFeaturesWithLineNumbers\",\"autoCompileOpts\",\"mochaOpts\",\"jasmineOpts\",\"cucumberOpts\",\"onPrepare\",\"onWorkerStart\",\"onWorkerEnd\",\"before\",\"beforeSession\",\"beforeSuite\",\"beforeHook\",\"beforeTest\",\"afterTest\",\"afterHook\",\"afterSuite\",\"afterSession\",\"after\",\"onComplete\",\"beforeAssertion\",\"afterAssertion\",\"beforeFeature\",\"beforeScenario\",\"beforeStep\",\"afterStep\",\"afterScenario\",\"afterFeature\",\"_\",\"suite\",\"$0\",\"ignoredWorkerServices\",\"wdi5\"]"}]}
COMMAND: POST /session/e87ee5c00bb1e8c61ee38b6c01d07093/execute/async - {"script":"<script> [21126 bytes]","args":[35000]}
RESULT: {"script":"<script> [21126 bytes]","args":[35000]}
COMMAND: POST /session/e87ee5c00bb1e8c61ee38b6c01d07093/window/fullscreen - {}
RESULT: {}
]]></system-out>
    </testcase>
    <testcase classname="chrome.136_0_7103_93.windows.Billing_Transfer_-_Master_data_&amp;_Intercompany_US127250" name="Should create a new equipment" time="136.468">
      <system-out><![CDATA[
COMMAND: POST /session/e87ee5c00bb1e8c61ee38b6c01d07093/execute/async - {"script":"<script> [1562 bytes]","args":[{"selector":{"controlType":"sap.m.GenericTile","properties":{"header":"Manage Resources"}},"wdio_ui5_key":"sapm.GenericTile{\"header\":\"Manage Resources\"}"}]}
RESULT: {"script":"<script> [1562 bytes]","args":[{"selector":{"controlType":"sap.m.GenericTile","properties":{"header":"Manage Resources"}},"wdio_ui5_key":"sapm.GenericTile{\"header\":\"Manage Resources\"}"}]}
RESULT: undefined
COMMAND: POST /session/e87ee5c00bb1e8c61ee38b6c01d07093/element - {"using":"xpath","value":"//*[@id=\"__tile31\"]"}
RESULT: {"using":"xpath","value":"//*[@id=\"__tile31\"]"}
COMMAND: POST /session/e87ee5c00bb1e8c61ee38b6c01d07093/element/f.C39E6AC59F605FD7CA79606EE8A094DD.d.AD688B45A7660E49681CE38669166408.e.4528/click - {}
RESULT: {}
COMMAND: GET /session/e87ee5c00bb1e8c61ee38b6c01d07093/screenshot - {}
RESULT: {}
COMMAND: POST /session/e87ee5c00bb1e8c61ee38b6c01d07093/elements - {"using":"xpath","value":"//span[text()='Error']"}
RESULT: {"using":"xpath","value":"//span[text()='Error']"}
COMMAND: POST /session/e87ee5c00bb1e8c61ee38b6c01d07093/element - {"using":"xpath","value":"//button[@data-kt=\"addNewRUOverflowToolbarButton\"]"}
RESULT: {"using":"xpath","value":"//button[@data-kt=\"addNewRUOverflowToolbarButton\"]"}
COMMAND: POST /session/e87ee5c00bb1e8c61ee38b6c01d07093/elements - {"using":"xpath","value":"//button[@data-kt=\"addNewRUOverflowToolbarButton\"]"}
RESULT: {"using":"xpath","value":"//button[@data-kt=\"addNewRUOverflowToolbarButton\"]"}
COMMAND: POST /session/e87ee5c00bb1e8c61ee38b6c01d07093/elements - {"using":"xpath","value":"//button[@data-kt=\"addNewRUOverflowToolbarButton\"]"}
RESULT: {"using":"xpath","value":"//button[@data-kt=\"addNewRUOverflowToolbarButton\"]"}
COMMAND: POST /session/e87ee5c00bb1e8c61ee38b6c01d07093/elements - {"using":"xpath","value":"//button[@data-kt=\"addNewRUOverflowToolbarButton\"]"}
RESULT: {"using":"xpath","value":"//button[@data-kt=\"addNewRUOverflowToolbarButton\"]"}
COMMAND: POST /session/e87ee5c00bb1e8c61ee38b6c01d07093/elements - {"using":"xpath","value":"//button[@data-kt=\"addNewRUOverflowToolbarButton\"]"}
RESULT: {"using":"xpath","value":"//button[@data-kt=\"addNewRUOverflowToolbarButton\"]"}
COMMAND: POST /session/e87ee5c00bb1e8c61ee38b6c01d07093/elements - {"using":"xpath","value":"//button[@data-kt=\"addNewRUOverflowToolbarButton\"]"}
RESULT: {"using":"xpath","value":"//button[@data-kt=\"addNewRUOverflowToolbarButton\"]"}
COMMAND: POST /session/e87ee5c00bb1e8c61ee38b6c01d07093/element - {"using":"xpath","value":"//button[@data-kt=\"addNewRUOverflowToolbarButton\"]"}
RESULT: {"using":"xpath","value":"//button[@data-kt=\"addNewRUOverflowToolbarButton\"]"}
COMMAND: POST /session/e87ee5c00bb1e8c61ee38b6c01d07093/execute/sync - {"script":"<script> [8489 bytes]","args":[{"element-6066-11e4-a52e-4f735466cecf":"f.C39E6AC59F605FD7CA79606EE8A094DD.d.AD688B45A7660E49681CE38669166408.e.4648","ELEMENT":"f.C39E6AC59F605FD7CA79606EE8A094DD.d.AD688B45A7660E49681CE38669166408.e.4648"}]}
RESULT: {"script":"<script> [8489 bytes]","args":[{"element-6066-11e4-a52e-4f735466cecf":"f.C39E6AC59F605FD7CA79606EE8A094DD.d.AD688B45A7660E49681CE38669166408.e.4648","ELEMENT":"f.C39E6AC59F605FD7CA79606EE8A094DD.d.AD688B45A7660E49681CE38669166408.e.4648"}]}
COMMAND: GET /session/e87ee5c00bb1e8c61ee38b6c01d07093/element/f.C39E6AC59F605FD7CA79606EE8A094DD.d.AD688B45A7660E49681CE38669166408.e.4648/enabled - {}
COMMAND: GET /session/e87ee5c00bb1e8c61ee38b6c01d07093/screenshot - {}
RESULT: {}
COMMAND: POST /session/e87ee5c00bb1e8c61ee38b6c01d07093/execute/sync - {"script":"<script> [8489 bytes]","args":[{"element-6066-11e4-a52e-4f735466cecf":"f.C39E6AC59F605FD7CA79606EE8A094DD.d.AD688B45A7660E49681CE38669166408.e.4648","ELEMENT":"f.C39E6AC59F605FD7CA79606EE8A094DD.d.AD688B45A7660E49681CE38669166408.e.4648"}]}
COMMAND: GET /session/e87ee5c00bb1e8c61ee38b6c01d07093/screenshot - {}
RESULT: {}
RESULT: {"script":"<script> [8489 bytes]","args":[{"element-6066-11e4-a52e-4f735466cecf":"f.C39E6AC59F605FD7CA79606EE8A094DD.d.AD688B45A7660E49681CE38669166408.e.4648","ELEMENT":"f.C39E6AC59F605FD7CA79606EE8A094DD.d.AD688B45A7660E49681CE38669166408.e.4648"}]}
COMMAND: POST /session/e87ee5c00bb1e8c61ee38b6c01d07093/execute/sync - {"script":"<script> [5351 bytes]","args":[{"element-6066-11e4-a52e-4f735466cecf":"f.C39E6AC59F605FD7CA79606EE8A094DD.d.AD688B45A7660E49681CE38669166408.e.4648","ELEMENT":"f.C39E6AC59F605FD7CA79606EE8A094DD.d.AD688B45A7660E49681CE38669166408.e.4648"}]}
COMMAND: GET /session/e87ee5c00bb1e8c61ee38b6c01d07093/screenshot - {}
RESULT: {}
RESULT: {"script":"<script> [5351 bytes]","args":[{"element-6066-11e4-a52e-4f735466cecf":"f.C39E6AC59F605FD7CA79606EE8A094DD.d.AD688B45A7660E49681CE38669166408.e.4648","ELEMENT":"f.C39E6AC59F605FD7CA79606EE8A094DD.d.AD688B45A7660E49681CE38669166408.e.4648"}]}
COMMAND: POST /session/e87ee5c00bb1e8c61ee38b6c01d07093/element/f.C39E6AC59F605FD7CA79606EE8A094DD.d.AD688B45A7660E49681CE38669166408.e.4648/click - {}
COMMAND: GET /session/e87ee5c00bb1e8c61ee38b6c01d07093/screenshot - {}
RESULT: {}
RESULT: {}
COMMAND: GET /session/e87ee5c00bb1e8c61ee38b6c01d07093/screenshot - {}
COMMAND: POST /session/e87ee5c00bb1e8c61ee38b6c01d07093/execute/async - {"script":"<script> [1562 bytes]","args":[{"selector":{"id":"application-manageresources-display-component---newResourceUnit--TYPE-arrow"},"wdio_ui5_key":"applicationmanageresources-display-component---newResourceUnit--TYPE-arrow"}]}
RESULT: {}
RESULT: {}
RESULT: {"script":"<script> [1562 bytes]","args":[{"selector":{"id":"application-manageresources-display-component---newResourceUnit--TYPE-arrow"},"wdio_ui5_key":"applicationmanageresources-display-component---newResourceUnit--TYPE-arrow"}]}
RESULT: undefined
COMMAND: POST /session/e87ee5c00bb1e8c61ee38b6c01d07093/element - {"using":"xpath","value":"//*[@id=\"application-manageresources-display-component---newResourceUnit--TYPE-arrow\"]"}
RESULT: {"using":"xpath","value":"//*[@id=\"application-manageresources-display-component---newResourceUnit--TYPE-arrow\"]"}
COMMAND: POST /session/e87ee5c00bb1e8c61ee38b6c01d07093/element/f.C39E6AC59F605FD7CA79606EE8A094DD.d.AD688B45A7660E49681CE38669166408.e.4991/click - {}
RESULT: {}
COMMAND: POST /session/e87ee5c00bb1e8c61ee38b6c01d07093/element - {"using":"xpath","value":"//input[@id=\"application-manageresources-display-component---newResourceUnit--TYPE-inner\"]"}
COMMAND: GET /session/e87ee5c00bb1e8c61ee38b6c01d07093/screenshot - {}
RESULT: {"using":"xpath","value":"//input[@id=\"application-manageresources-display-component---newResourceUnit--TYPE-inner\"]"}
COMMAND: POST /session/e87ee5c00bb1e8c61ee38b6c01d07093/element/f.C39E6AC59F605FD7CA79606EE8A094DD.d.AD688B45A7660E49681CE38669166408.e.4987/clear - {}
RESULT: {}
RESULT: {}
COMMAND: POST /session/e87ee5c00bb1e8c61ee38b6c01d07093/element/f.C39E6AC59F605FD7CA79606EE8A094DD.d.AD688B45A7660E49681CE38669166408.e.4987/value - {"text":"Equipment"}
COMMAND: GET /session/e87ee5c00bb1e8c61ee38b6c01d07093/screenshot - {}
RESULT: {"text":"Equipment"}
COMMAND: GET /session/e87ee5c00bb1e8c61ee38b6c01d07093/screenshot - {}
RESULT: {}
RESULT: {}
COMMAND: POST /session/e87ee5c00bb1e8c61ee38b6c01d07093/actions - {"actions":[{"id":"action9","type":"key","parameters":{},"actions":[{"type":"keyDown","value":""},{"type":"pause","duration":10},{"type":"keyUp","value":""}]}]}
RESULT: {"actions":[{"id":"action9","type":"key","parameters":{},"actions":[{"type":"keyDown","value":""},{"type":"pause","duration":10},{"type":"keyUp","value":""}]}]}
COMMAND: POST /session/e87ee5c00bb1e8c61ee38b6c01d07093/execute/async - {"script":"<script> [1562 bytes]","args":[{"selector":{"id":"application-manageresources-display-component---newResourceUnit--resourceId","interaction":{"idSuffix":"inner"}},"wdio_ui5_key":"applicationmanageresources-display-component---newResourceUnit--resourceId"}]}
COMMAND: GET /session/e87ee5c00bb1e8c61ee38b6c01d07093/screenshot - {}
RESULT: {"script":"<script> [1562 bytes]","args":[{"selector":{"id":"application-manageresources-display-component---newResourceUnit--resourceId","interaction":{"idSuffix":"inner"}},"wdio_ui5_key":"applicationmanageresources-display-component---newResourceUnit--resourceId"}]}
RESULT: undefined
COMMAND: POST /session/e87ee5c00bb1e8c61ee38b6c01d07093/execute/async - {"script":"<script> [776 bytes]","args":[{"enterText":"EgtE16yD0t","selector":{"id":"application-manageresources-display-component---newResourceUnit--resourceId","interaction":{"idSuffix":"inner"}},"clearTextFirst":true,"interactionType":"ENTER_TEXT"}]}
RESULT: {}
RESULT: {"script":"<script> [776 bytes]","args":[{"enterText":"EgtE16yD0t","selector":{"id":"application-manageresources-display-component---newResourceUnit--resourceId","interaction":{"idSuffix":"inner"}},"clearTextFirst":true,"interactionType":"ENTER_TEXT"}]}
COMMAND: POST /session/e87ee5c00bb1e8c61ee38b6c01d07093/execute/async - {"script":"<script> [1562 bytes]","args":[{"selector":{"id":"application-manageresources-display-component---newResourceUnit--SHORT_TEXT","interaction":{"idSuffix":"inner"}},"wdio_ui5_key":"applicationmanageresources-display-component---newResourceUnit--SHORT_TEXT"}]}
RESULT: {"script":"<script> [1562 bytes]","args":[{"selector":{"id":"application-manageresources-display-component---newResourceUnit--SHORT_TEXT","interaction":{"idSuffix":"inner"}},"wdio_ui5_key":"applicationmanageresources-display-component---newResourceUnit--SHORT_TEXT"}]}
RESULT: undefined
COMMAND: POST /session/e87ee5c00bb1e8c61ee38b6c01d07093/execute/async - {"script":"<script> [776 bytes]","args":[{"enterText":"Intercompany Equipment WDIO","selector":{"id":"application-manageresources-display-component---newResourceUnit--SHORT_TEXT","interaction":{"idSuffix":"inner"}},"clearTextFirst":true,"interactionType":"ENTER_TEXT"}]}
RESULT: {"script":"<script> [776 bytes]","args":[{"enterText":"Intercompany Equipment WDIO","selector":{"id":"application-manageresources-display-component---newResourceUnit--SHORT_TEXT","interaction":{"idSuffix":"inner"}},"clearTextFirst":true,"interactionType":"ENTER_TEXT"}]}
COMMAND: POST /session/e87ee5c00bb1e8c61ee38b6c01d07093/execute/async - {"script":"<script> [1562 bytes]","args":[{"selector":{"id":"application-manageresources-display-component---newResourceUnit--BASE_UNIT_OF_MEASURE","interaction":{"idSuffix":"inner"}},"wdio_ui5_key":"applicationmanageresources-display-component---newResourceUnit--BASE_UNIT_OF_MEASURE"}]}
RESULT: {"script":"<script> [1562 bytes]","args":[{"selector":{"id":"application-manageresources-display-component---newResourceUnit--BASE_UNIT_OF_MEASURE","interaction":{"idSuffix":"inner"}},"wdio_ui5_key":"applicationmanageresources-display-component---newResourceUnit--BASE_UNIT_OF_MEASURE"}]}
RESULT: undefined
COMMAND: POST /session/e87ee5c00bb1e8c61ee38b6c01d07093/execute/async - {"script":"<script> [776 bytes]","args":[{"enterText":"Piece","selector":{"id":"application-manageresources-display-component---newResourceUnit--BASE_UNIT_OF_MEASURE","interaction":{"idSuffix":"inner"}},"clearTextFirst":true,"interactionType":"ENTER_TEXT"}]}
RESULT: {"script":"<script> [776 bytes]","args":[{"enterText":"Piece","selector":{"id":"application-manageresources-display-component---newResourceUnit--BASE_UNIT_OF_MEASURE","interaction":{"idSuffix":"inner"}},"clearTextFirst":true,"interactionType":"ENTER_TEXT"}]}
COMMAND: POST /session/e87ee5c00bb1e8c61ee38b6c01d07093/execute/async - {"script":"<script> [1562 bytes]","args":[{"selector":{"id":"application-manageresources-display-component---newResourceUnit--WEIGHT_UNIT","interaction":{"idSuffix":"inner"}},"wdio_ui5_key":"applicationmanageresources-display-component---newResourceUnit--WEIGHT_UNIT"}]}
RESULT: {"script":"<script> [1562 bytes]","args":[{"selector":{"id":"application-manageresources-display-component---newResourceUnit--WEIGHT_UNIT","interaction":{"idSuffix":"inner"}},"wdio_ui5_key":"applicationmanageresources-display-component---newResourceUnit--WEIGHT_UNIT"}]}
RESULT: undefined
COMMAND: POST /session/e87ee5c00bb1e8c61ee38b6c01d07093/execute/async - {"script":"<script> [776 bytes]","args":[{"enterText":"Gram","selector":{"id":"application-manageresources-display-component---newResourceUnit--WEIGHT_UNIT","interaction":{"idSuffix":"inner"}},"clearTextFirst":true,"interactionType":"ENTER_TEXT"}]}
RESULT: {"script":"<script> [776 bytes]","args":[{"enterText":"Gram","selector":{"id":"application-manageresources-display-component---newResourceUnit--WEIGHT_UNIT","interaction":{"idSuffix":"inner"}},"clearTextFirst":true,"interactionType":"ENTER_TEXT"}]}
COMMAND: POST /session/e87ee5c00bb1e8c61ee38b6c01d07093/execute/async - {"script":"<script> [1562 bytes]","args":[{"selector":{"id":"application-manageresources-display-component---newResourceUnit--DIMENSION_UNIT","interaction":{"idSuffix":"inner"}},"wdio_ui5_key":"applicationmanageresources-display-component---newResourceUnit--DIMENSION_UNIT"}]}
RESULT: {"script":"<script> [1562 bytes]","args":[{"selector":{"id":"application-manageresources-display-component---newResourceUnit--DIMENSION_UNIT","interaction":{"idSuffix":"inner"}},"wdio_ui5_key":"applicationmanageresources-display-component---newResourceUnit--DIMENSION_UNIT"}]}
RESULT: undefined
COMMAND: POST /session/e87ee5c00bb1e8c61ee38b6c01d07093/execute/async - {"script":"<script> [776 bytes]","args":[{"enterText":"Meter","selector":{"id":"application-manageresources-display-component---newResourceUnit--DIMENSION_UNIT","interaction":{"idSuffix":"inner"}},"clearTextFirst":true,"interactionType":"ENTER_TEXT"}]}
RESULT: {"script":"<script> [776 bytes]","args":[{"enterText":"Meter","selector":{"id":"application-manageresources-display-component---newResourceUnit--DIMENSION_UNIT","interaction":{"idSuffix":"inner"}},"clearTextFirst":true,"interactionType":"ENTER_TEXT"}]}
COMMAND: POST /session/e87ee5c00bb1e8c61ee38b6c01d07093/execute/async - {"script":"<script> [1562 bytes]","args":[{"selector":{"id":"application-manageresources-display-component---newResourceUnit--newRRUPage-anchBar-application-manageresources-display-component---newResourceUnit--control-anchor","interaction":{"idSuffix":"BDI-content"}},"wdio_ui5_key":"applicationmanageresources-display-component---newResourceUnit--newRRUPage-anchBar-application-manageresources-display-component---newResourceUnit--control-anchor"}]}
RESULT: {"script":"<script> [1562 bytes]","args":[{"selector":{"id":"application-manageresources-display-component---newResourceUnit--newRRUPage-anchBar-application-manageresources-display-component---newResourceUnit--control-anchor","interaction":{"idSuffix":"BDI-content"}},"wdio_ui5_key":"applicationmanageresources-display-component---newResourceUnit--newRRUPage-anchBar-application-manageresources-display-component---newResourceUnit--control-anchor"}]}
RESULT: undefined
COMMAND: POST /session/e87ee5c00bb1e8c61ee38b6c01d07093/element - {"using":"xpath","value":"//*[@id=\"application-manageresources-display-component---newResourceUnit--newRRUPage-anchBar-application-manageresources-display-component---newResourceUnit--control-anchor\"]"}
RESULT: {"using":"xpath","value":"//*[@id=\"application-manageresources-display-component---newResourceUnit--newRRUPage-anchBar-application-manageresources-display-component---newResourceUnit--control-anchor\"]"}
COMMAND: POST /session/e87ee5c00bb1e8c61ee38b6c01d07093/element/f.C39E6AC59F605FD7CA79606EE8A094DD.d.AD688B45A7660E49681CE38669166408.e.5152/click - {}
RESULT: {}
COMMAND: POST /session/e87ee5c00bb1e8c61ee38b6c01d07093/execute/async - {"script":"<script> [1562 bytes]","args":[{"selector":{"id":"application-manageresources-display-component---newResourceUnit--PLANNING_GROUP","interaction":{"idSuffix":"inner"}},"wdio_ui5_key":"applicationmanageresources-display-component---newResourceUnit--PLANNING_GROUP"}]}
COMMAND: GET /session/e87ee5c00bb1e8c61ee38b6c01d07093/screenshot - {}
RESULT: {"script":"<script> [1562 bytes]","args":[{"selector":{"id":"application-manageresources-display-component---newResourceUnit--PLANNING_GROUP","interaction":{"idSuffix":"inner"}},"wdio_ui5_key":"applicationmanageresources-display-component---newResourceUnit--PLANNING_GROUP"}]}
RESULT: undefined
COMMAND: POST /session/e87ee5c00bb1e8c61ee38b6c01d07093/execute/async - {"script":"<script> [776 bytes]","args":[{"enterText":"Heavy Equi","selector":{"id":"application-manageresources-display-component---newResourceUnit--PLANNING_GROUP","interaction":{"idSuffix":"inner"}},"clearTextFirst":true,"interactionType":"ENTER_TEXT"}]}
RESULT: {}
RESULT: {"script":"<script> [776 bytes]","args":[{"enterText":"Heavy Equi","selector":{"id":"application-manageresources-display-component---newResourceUnit--PLANNING_GROUP","interaction":{"idSuffix":"inner"}},"clearTextFirst":true,"interactionType":"ENTER_TEXT"}]}
COMMAND: POST /session/e87ee5c00bb1e8c61ee38b6c01d07093/execute/async - {"script":"<script> [1562 bytes]","args":[{"selector":{"id":"application-manageresources-display-component---newResourceUnit--ITEM_TYPE-arrow"},"wdio_ui5_key":"applicationmanageresources-display-component---newResourceUnit--ITEM_TYPE-arrow"}]}
RESULT: {"script":"<script> [1562 bytes]","args":[{"selector":{"id":"application-manageresources-display-component---newResourceUnit--ITEM_TYPE-arrow"},"wdio_ui5_key":"applicationmanageresources-display-component---newResourceUnit--ITEM_TYPE-arrow"}]}
RESULT: undefined
COMMAND: POST /session/e87ee5c00bb1e8c61ee38b6c01d07093/element - {"using":"xpath","value":"//*[@id=\"application-manageresources-display-component---newResourceUnit--ITEM_TYPE-arrow\"]"}
RESULT: {"using":"xpath","value":"//*[@id=\"application-manageresources-display-component---newResourceUnit--ITEM_TYPE-arrow\"]"}
COMMAND: POST /session/e87ee5c00bb1e8c61ee38b6c01d07093/element/f.C39E6AC59F605FD7CA79606EE8A094DD.d.AD688B45A7660E49681CE38669166408.e.5161/click - {}
RESULT: {}
COMMAND: POST /session/e87ee5c00bb1e8c61ee38b6c01d07093/element - {"using":"xpath","value":"(//span[contains(text(), \"Resource Unit\")])[2]"}
COMMAND: GET /session/e87ee5c00bb1e8c61ee38b6c01d07093/screenshot - {}
RESULT: {"using":"xpath","value":"(//span[contains(text(), \"Resource Unit\")])[2]"}
COMMAND: POST /session/e87ee5c00bb1e8c61ee38b6c01d07093/element/f.C39E6AC59F605FD7CA79606EE8A094DD.d.AD688B45A7660E49681CE38669166408.e.5162/click - {}
RESULT: {}
RESULT: {}
COMMAND: GET /session/e87ee5c00bb1e8c61ee38b6c01d07093/screenshot - {}
RESULT: {}
COMMAND: POST /session/e87ee5c00bb1e8c61ee38b6c01d07093/element - {"using":"css selector","value":"#application-manageresources-display-component---newResourceUnit--btnAddTimeSegment"}
RESULT: {"using":"css selector","value":"#application-manageresources-display-component---newResourceUnit--btnAddTimeSegment"}
COMMAND: GET /session/e87ee5c00bb1e8c61ee38b6c01d07093/element/f.C39E6AC59F605FD7CA79606EE8A094DD.d.AD688B45A7660E49681CE38669166408.e.5170/rect - {}
RESULT: {}
COMMAND: GET /session/e87ee5c00bb1e8c61ee38b6c01d07093/window/rect - {}
RESULT: {}
COMMAND: POST /session/e87ee5c00bb1e8c61ee38b6c01d07093/execute/sync - {"script":"<script> [92 bytes]","args":[]}
RESULT: {"script":"<script> [92 bytes]","args":[]}
COMMAND: POST /session/e87ee5c00bb1e8c61ee38b6c01d07093/actions - {"actions":[{"id":"action10","type":"wheel","parameters":{},"actions":[{"type":"scroll","x":-1888,"y":-32,"deltaX":0,"deltaY":0,"duration":0,"origin":{"element-6066-11e4-a52e-4f735466cecf":"f.C39E6AC59F605FD7CA79606EE8A094DD.d.AD688B45A7660E49681CE38669166408.e.5170"}}]}]}
COMMAND: GET /session/e87ee5c00bb1e8c61ee38b6c01d07093/screenshot - {}
RESULT: {}
COMMAND: POST /session/e87ee5c00bb1e8c61ee38b6c01d07093/execute/sync - {"script":"<script> [79 bytes]","args":[{"element-6066-11e4-a52e-4f735466cecf":"f.C39E6AC59F605FD7CA79606EE8A094DD.d.AD688B45A7660E49681CE38669166408.e.5170","ELEMENT":"f.C39E6AC59F605FD7CA79606EE8A094DD.d.AD688B45A7660E49681CE38669166408.e.5170"},{"block":"start","inline":"nearest"}]}
RESULT: {"script":"<script> [79 bytes]","args":[{"element-6066-11e4-a52e-4f735466cecf":"f.C39E6AC59F605FD7CA79606EE8A094DD.d.AD688B45A7660E49681CE38669166408.e.5170","ELEMENT":"f.C39E6AC59F605FD7CA79606EE8A094DD.d.AD688B45A7660E49681CE38669166408.e.5170"},{"block":"start","inline":"nearest"}]}
COMMAND: POST /session/e87ee5c00bb1e8c61ee38b6c01d07093/execute/async - {"script":"<script> [1562 bytes]","args":[{"selector":{"id":"application-manageresources-display-component---newResourceUnit--btnAddTimeSegment","interaction":{"idSuffix":"inner"}},"wdio_ui5_key":"applicationmanageresources-display-component---newResourceUnit--btnAddTimeSegment"}]}
COMMAND: GET /session/e87ee5c00bb1e8c61ee38b6c01d07093/screenshot - {}
RESULT: {"script":"<script> [1562 bytes]","args":[{"selector":{"id":"application-manageresources-display-component---newResourceUnit--btnAddTimeSegment","interaction":{"idSuffix":"inner"}},"wdio_ui5_key":"applicationmanageresources-display-component---newResourceUnit--btnAddTimeSegment"}]}
RESULT: undefined
COMMAND: POST /session/e87ee5c00bb1e8c61ee38b6c01d07093/element - {"using":"xpath","value":"//*[@id=\"application-manageresources-display-component---newResourceUnit--btnAddTimeSegment\"]"}
RESULT: {}
RESULT: {"using":"xpath","value":"//*[@id=\"application-manageresources-display-component---newResourceUnit--btnAddTimeSegment\"]"}
COMMAND: POST /session/e87ee5c00bb1e8c61ee38b6c01d07093/element/f.C39E6AC59F605FD7CA79606EE8A094DD.d.AD688B45A7660E49681CE38669166408.e.5170/click - {}
RESULT: {}
COMMAND: GET /session/e87ee5c00bb1e8c61ee38b6c01d07093/screenshot - {}
RESULT: {}
COMMAND: POST /session/e87ee5c00bb1e8c61ee38b6c01d07093/element - {"using":"xpath","value":"//input[@id=\"application-manageresources-display-component---newResourceUnit--idRuTSAdmin-application-manageresources-display-component---newResourceUnit--RUTimeSegment-0-inner\"]"}
RESULT: {"using":"xpath","value":"//input[@id=\"application-manageresources-display-component---newResourceUnit--idRuTSAdmin-application-manageresources-display-component---newResourceUnit--RUTimeSegment-0-inner\"]"}
COMMAND: POST /session/e87ee5c00bb1e8c61ee38b6c01d07093/element/f.C39E6AC59F605FD7CA79606EE8A094DD.d.AD688B45A7660E49681CE38669166408.e.5176/clear - {}
RESULT: {}
COMMAND: POST /session/e87ee5c00bb1e8c61ee38b6c01d07093/element/f.C39E6AC59F605FD7CA79606EE8A094DD.d.AD688B45A7660E49681CE38669166408.e.5176/value - {"text":"280"}
COMMAND: GET /session/e87ee5c00bb1e8c61ee38b6c01d07093/screenshot - {}
RESULT: {"text":"280"}
COMMAND: GET /session/e87ee5c00bb1e8c61ee38b6c01d07093/screenshot - {}
RESULT: {}
RESULT: {}
COMMAND: POST /session/e87ee5c00bb1e8c61ee38b6c01d07093/element - {"using":"xpath","value":"//li[.//span[text()='280']]"}
RESULT: {"using":"xpath","value":"//li[.//span[text()='280']]"}
COMMAND: POST /session/e87ee5c00bb1e8c61ee38b6c01d07093/element/f.C39E6AC59F605FD7CA79606EE8A094DD.d.AD688B45A7660E49681CE38669166408.e.5188/click - {}
RESULT: {}
COMMAND: GET /session/e87ee5c00bb1e8c61ee38b6c01d07093/screenshot - {}
RESULT: {}
COMMAND: POST /session/e87ee5c00bb1e8c61ee38b6c01d07093/element - {"using":"xpath","value":"(//span[contains(@id, \"-application-manageresources-display-component---newResourceUnit--RUTimeSegment-0-arrow\")])[6]"}
RESULT: {"using":"xpath","value":"(//span[contains(@id, \"-application-manageresources-display-component---newResourceUnit--RUTimeSegment-0-arrow\")])[6]"}
COMMAND: POST /session/e87ee5c00bb1e8c61ee38b6c01d07093/element/f.C39E6AC59F605FD7CA79606EE8A094DD.d.AD688B45A7660E49681CE38669166408.e.5189/click - {}
RESULT: {}
COMMAND: GET /session/e87ee5c00bb1e8c61ee38b6c01d07093/screenshot - {}
RESULT: {}
COMMAND: POST /session/e87ee5c00bb1e8c61ee38b6c01d07093/element - {"using":"xpath","value":"//span[contains(text(), \"PM Order\")]"}
RESULT: {"using":"xpath","value":"//span[contains(text(), \"PM Order\")]"}
COMMAND: POST /session/e87ee5c00bb1e8c61ee38b6c01d07093/element/f.C39E6AC59F605FD7CA79606EE8A094DD.d.AD688B45A7660E49681CE38669166408.e.5192/click - {}
RESULT: {}
COMMAND: GET /session/e87ee5c00bb1e8c61ee38b6c01d07093/screenshot - {}
RESULT: {}
COMMAND: POST /session/e87ee5c00bb1e8c61ee38b6c01d07093/element - {"using":"xpath","value":"(//span[contains(@id ,\"manageresources-display-component---newResourceUnit--RUTimeSegment-0-vhi\")])[1]"}
RESULT: {"using":"xpath","value":"(//span[contains(@id ,\"manageresources-display-component---newResourceUnit--RUTimeSegment-0-vhi\")])[1]"}
COMMAND: GET /session/e87ee5c00bb1e8c61ee38b6c01d07093/element/f.C39E6AC59F605FD7CA79606EE8A094DD.d.AD688B45A7660E49681CE38669166408.e.5196/rect - {}
RESULT: {}
COMMAND: GET /session/e87ee5c00bb1e8c61ee38b6c01d07093/window/rect - {}
RESULT: {}
COMMAND: POST /session/e87ee5c00bb1e8c61ee38b6c01d07093/execute/sync - {"script":"<script> [92 bytes]","args":[]}
RESULT: {"script":"<script> [92 bytes]","args":[]}
COMMAND: POST /session/e87ee5c00bb1e8c61ee38b6c01d07093/actions - {"actions":[{"id":"action11","type":"wheel","parameters":{},"actions":[{"type":"scroll","x":-869,"y":-24,"deltaX":0,"deltaY":0,"duration":0,"origin":{"element-6066-11e4-a52e-4f735466cecf":"f.C39E6AC59F605FD7CA79606EE8A094DD.d.AD688B45A7660E49681CE38669166408.e.5196"}}]}]}
COMMAND: GET /session/e87ee5c00bb1e8c61ee38b6c01d07093/screenshot - {}
RESULT: {"actions":[{"id":"action11","type":"wheel","parameters":{},"actions":[{"type":"scroll","x":-869,"y":-24,"deltaX":0,"deltaY":0,"duration":0,"origin":{"element-6066-11e4-a52e-4f735466cecf":"f.C39E6AC59F605FD7CA79606EE8A094DD.d.AD688B45A7660E49681CE38669166408.e.5196"}}]}]}
COMMAND: DELETE /session/e87ee5c00bb1e8c61ee38b6c01d07093/actions - {}
COMMAND: GET /session/e87ee5c00bb1e8c61ee38b6c01d07093/screenshot - {}
RESULT: {}
RESULT: {}
COMMAND: GET /session/e87ee5c00bb1e8c61ee38b6c01d07093/screenshot - {}
RESULT: {}
RESULT: {}
COMMAND: POST /session/e87ee5c00bb1e8c61ee38b6c01d07093/element/f.C39E6AC59F605FD7CA79606EE8A094DD.d.AD688B45A7660E49681CE38669166408.e.5196/click - {}
RESULT: {}
COMMAND: GET /session/e87ee5c00bb1e8c61ee38b6c01d07093/screenshot - {}
RESULT: {}
COMMAND: POST /session/e87ee5c00bb1e8c61ee38b6c01d07093/execute/async - {"script":"<script> [1562 bytes]","args":[{"selector":{"controlType":"sap.m.SearchField","properties":{"placeholder":"Search"},"searchOpenDialogs":true,"interaction":{"idSuffix":"I"}},"wdio_ui5_key":"sapm.SearchField{\"placeholder\":\"Search\"}"}]}
RESULT: {"script":"<script> [1562 bytes]","args":[{"selector":{"controlType":"sap.m.SearchField","properties":{"placeholder":"Search"},"searchOpenDialogs":true,"interaction":{"idSuffix":"I"}},"wdio_ui5_key":"sapm.SearchField{\"placeholder\":\"Search\"}"}]}
RESULT: undefined
COMMAND: POST /session/e87ee5c00bb1e8c61ee38b6c01d07093/execute/async - {"script":"<script> [776 bytes]","args":[{"enterText":"4000360","selector":{"controlType":"sap.m.SearchField","properties":{"placeholder":"Search"},"searchOpenDialogs":true,"interaction":{"idSuffix":"I"}},"clearTextFirst":true,"interactionType":"ENTER_TEXT"}]}
RESULT: {"script":"<script> [776 bytes]","args":[{"enterText":"4000360","selector":{"controlType":"sap.m.SearchField","properties":{"placeholder":"Search"},"searchOpenDialogs":true,"interaction":{"idSuffix":"I"}},"clearTextFirst":true,"interactionType":"ENTER_TEXT"}]}
COMMAND: POST /session/e87ee5c00bb1e8c61ee38b6c01d07093/actions - {"actions":[{"id":"action12","type":"key","parameters":{},"actions":[{"type":"keyDown","value":""},{"type":"pause","duration":10},{"type":"keyUp","value":""}]}]}
RESULT: {"actions":[{"id":"action12","type":"key","parameters":{},"actions":[{"type":"keyDown","value":""},{"type":"pause","duration":10},{"type":"keyUp","value":""}]}]}
COMMAND: GET /session/e87ee5c00bb1e8c61ee38b6c01d07093/screenshot - {}
RESULT: {}
COMMAND: POST /session/e87ee5c00bb1e8c61ee38b6c01d07093/element - {"using":"xpath","value":"//td/div/span[contains(text(), \"BGL Vehicles\")]"}
RESULT: {"using":"xpath","value":"//td/div/span[contains(text(), \"BGL Vehicles\")]"}
COMMAND: POST /session/e87ee5c00bb1e8c61ee38b6c01d07093/element/f.C39E6AC59F605FD7CA79606EE8A094DD.d.AD688B45A7660E49681CE38669166408.e.5218/click - {}
RESULT: {}
COMMAND: GET /session/e87ee5c00bb1e8c61ee38b6c01d07093/screenshot - {}
RESULT: {}
COMMAND: POST /session/e87ee5c00bb1e8c61ee38b6c01d07093/element - {"using":"xpath","value":"//bdi[contains(text(), \"OK\")]"}
RESULT: {"using":"xpath","value":"//bdi[contains(text(), \"OK\")]"}
COMMAND: POST /session/e87ee5c00bb1e8c61ee38b6c01d07093/element/f.C39E6AC59F605FD7CA79606EE8A094DD.d.AD688B45A7660E49681CE38669166408.e.5219/click - {}
RESULT: {}
COMMAND: GET /session/e87ee5c00bb1e8c61ee38b6c01d07093/screenshot - {}
RESULT: {}
COMMAND: POST /session/e87ee5c00bb1e8c61ee38b6c01d07093/execute/async - {"script":"<script> [1562 bytes]","args":[{"selector":{"id":"application-manageresources-display-component---newResourceUnit--newRRUPage-anchBar-application-manageresources-display-component---newResourceUnit--resource-anchor","interaction":{"idSuffix":"BDI-content"}},"wdio_ui5_key":"applicationmanageresources-display-component---newResourceUnit--newRRUPage-anchBar-application-manageresources-display-component---newResourceUnit--resource-anchor"}]}
RESULT: {"script":"<script> [1562 bytes]","args":[{"selector":{"id":"application-manageresources-display-component---newResourceUnit--newRRUPage-anchBar-application-manageresources-display-component---newResourceUnit--resource-anchor","interaction":{"idSuffix":"BDI-content"}},"wdio_ui5_key":"applicationmanageresources-display-component---newResourceUnit--newRRUPage-anchBar-application-manageresources-display-component---newResourceUnit--resource-anchor"}]}
RESULT: undefined
COMMAND: POST /session/e87ee5c00bb1e8c61ee38b6c01d07093/element - {"using":"xpath","value":"//*[@id=\"application-manageresources-display-component---newResourceUnit--newRRUPage-anchBar-application-manageresources-display-component---newResourceUnit--resource-anchor\"]"}
RESULT: {"using":"xpath","value":"//*[@id=\"application-manageresources-display-component---newResourceUnit--newRRUPage-anchBar-application-manageresources-display-component---newResourceUnit--resource-anchor\"]"}
COMMAND: POST /session/e87ee5c00bb1e8c61ee38b6c01d07093/element/f.C39E6AC59F605FD7CA79606EE8A094DD.d.AD688B45A7660E49681CE38669166408.e.5223/click - {}
RESULT: {}
COMMAND: POST /session/e87ee5c00bb1e8c61ee38b6c01d07093/execute/async - {"script":"<script> [1562 bytes]","args":[{"selector":{"id":"application-manageresources-display-component---newResourceUnit--PLANNED_DELIVERY_DATE","interaction":{"idSuffix":"inner"}},"wdio_ui5_key":"applicationmanageresources-display-component---newResourceUnit--PLANNED_DELIVERY_DATE"}]}
COMMAND: GET /session/e87ee5c00bb1e8c61ee38b6c01d07093/screenshot - {}
RESULT: {"script":"<script> [1562 bytes]","args":[{"selector":{"id":"application-manageresources-display-component---newResourceUnit--PLANNED_DELIVERY_DATE","interaction":{"idSuffix":"inner"}},"wdio_ui5_key":"applicationmanageresources-display-component---newResourceUnit--PLANNED_DELIVERY_DATE"}]}
RESULT: undefined
COMMAND: POST /session/e87ee5c00bb1e8c61ee38b6c01d07093/execute/async - {"script":"<script> [6424 bytes]","args":[{"element-6066-11e4-a52e-4f735466cecf":"f.C39E6AC59F605FD7CA79606EE8A094DD.d.AD688B45A7660E49681CE38669166408.e.5049"},"setValue",["5/25/25"]]}
RESULT: {}
RESULT: {"script":"<script> [6424 bytes]","args":[{"element-6066-11e4-a52e-4f735466cecf":"f.C39E6AC59F605FD7CA79606EE8A094DD.d.AD688B45A7660E49681CE38669166408.e.5049"},"setValue",["5/25/25"]]}
COMMAND: POST /session/e87ee5c00bb1e8c61ee38b6c01d07093/element - {"using":"xpath","value":"//label[contains(@class, 'sapMLabelRequired') and .//bdi[contains(text(), 'Planned Retirement')]]"}
RESULT: {"using":"xpath","value":"//label[contains(@class, 'sapMLabelRequired') and .//bdi[contains(text(), 'Planned Retirement')]]"}
COMMAND: POST /session/e87ee5c00bb1e8c61ee38b6c01d07093/elements - {"using":"xpath","value":"//label[contains(@class, 'sapMLabelRequired') and .//bdi[contains(text(), 'Planned Retirement')]]"}
RESULT: {"using":"xpath","value":"//label[contains(@class, 'sapMLabelRequired') and .//bdi[contains(text(), 'Planned Retirement')]]"}
COMMAND: POST /session/e87ee5c00bb1e8c61ee38b6c01d07093/element - {"using":"xpath","value":"//button[@data-kt=\"resourceUnitSaveButton\"]"}
RESULT: {"using":"xpath","value":"//button[@data-kt=\"resourceUnitSaveButton\"]"}
COMMAND: POST /session/e87ee5c00bb1e8c61ee38b6c01d07093/element/f.C39E6AC59F605FD7CA79606EE8A094DD.d.AD688B45A7660E49681CE38669166408.e.5008/click - {}
RESULT: {}
COMMAND: GET /session/e87ee5c00bb1e8c61ee38b6c01d07093/screenshot - {}
RESULT: {}
COMMAND: POST /session/e87ee5c00bb1e8c61ee38b6c01d07093/element - {"using":"xpath","value":"//bdi[contains(text(), \"Close\")]"}
RESULT: {"using":"xpath","value":"//bdi[contains(text(), \"Close\")]"}
COMMAND: POST /session/e87ee5c00bb1e8c61ee38b6c01d07093/element/f.C39E6AC59F605FD7CA79606EE8A094DD.d.AD688B45A7660E49681CE38669166408.e.5233/click - {}
RESULT: {}
COMMAND: GET /session/e87ee5c00bb1e8c61ee38b6c01d07093/screenshot - {}
RESULT: {}
COMMAND: POST /session/e87ee5c00bb1e8c61ee38b6c01d07093/element - {"using":"xpath","value":"(//button[contains(@id ,\"actionsToolbar-overflowButton\")])[1]"}
RESULT: {"using":"xpath","value":"(//button[contains(@id ,\"actionsToolbar-overflowButton\")])[1]"}
COMMAND: POST /session/e87ee5c00bb1e8c61ee38b6c01d07093/element/f.C39E6AC59F605FD7CA79606EE8A094DD.d.AD688B45A7660E49681CE38669166408.e.5290/click - {}
RESULT: {}
COMMAND: GET /session/e87ee5c00bb1e8c61ee38b6c01d07093/screenshot - {}
RESULT: {}
COMMAND: POST /session/e87ee5c00bb1e8c61ee38b6c01d07093/element - {"using":"xpath","value":"//button[@data-kt=\"priceInfoButton\"]"}
RESULT: {"using":"xpath","value":"//button[@data-kt=\"priceInfoButton\"]"}
COMMAND: POST /session/e87ee5c00bb1e8c61ee38b6c01d07093/element/f.C39E6AC59F605FD7CA79606EE8A094DD.d.AD688B45A7660E49681CE38669166408.e.5292/click - {}
RESULT: {}
COMMAND: GET /session/e87ee5c00bb1e8c61ee38b6c01d07093/screenshot - {}
RESULT: {}
]]></system-out>
    </testcase>
    <testcase classname="chrome.136_0_7103_93.windows.Billing_Transfer_-_Master_data_&amp;_Intercompany_US127250" name="Should create new pricing rule TB on the equipment TB" time="55.527">
      <system-out><![CDATA[
COMMAND: POST /session/e87ee5c00bb1e8c61ee38b6c01d07093/element - {"using":"xpath","value":"//button[@data-kt=\"addButton\"]"}
RESULT: {"using":"xpath","value":"//button[@data-kt=\"addButton\"]"}
COMMAND: POST /session/e87ee5c00bb1e8c61ee38b6c01d07093/elements - {"using":"xpath","value":"//button[@data-kt=\"addButton\"]"}
RESULT: {"using":"xpath","value":"//button[@data-kt=\"addButton\"]"}
COMMAND: POST /session/e87ee5c00bb1e8c61ee38b6c01d07093/elements - {"using":"xpath","value":"//button[@data-kt=\"addButton\"]"}
RESULT: {"using":"xpath","value":"//button[@data-kt=\"addButton\"]"}
COMMAND: POST /session/e87ee5c00bb1e8c61ee38b6c01d07093/element - {"using":"xpath","value":"//button[@data-kt=\"addButton\"]"}
RESULT: {"using":"xpath","value":"//button[@data-kt=\"addButton\"]"}
COMMAND: POST /session/e87ee5c00bb1e8c61ee38b6c01d07093/execute/sync - {"script":"<script> [8489 bytes]","args":[{"element-6066-11e4-a52e-4f735466cecf":"f.C39E6AC59F605FD7CA79606EE8A094DD.d.AD688B45A7660E49681CE38669166408.e.5330","ELEMENT":"f.C39E6AC59F605FD7CA79606EE8A094DD.d.AD688B45A7660E49681CE38669166408.e.5330"}]}
RESULT: {"script":"<script> [8489 bytes]","args":[{"element-6066-11e4-a52e-4f735466cecf":"f.C39E6AC59F605FD7CA79606EE8A094DD.d.AD688B45A7660E49681CE38669166408.e.5330","ELEMENT":"f.C39E6AC59F605FD7CA79606EE8A094DD.d.AD688B45A7660E49681CE38669166408.e.5330"}]}
COMMAND: GET /session/e87ee5c00bb1e8c61ee38b6c01d07093/element/f.C39E6AC59F605FD7CA79606EE8A094DD.d.AD688B45A7660E49681CE38669166408.e.5330/enabled - {}
COMMAND: GET /session/e87ee5c00bb1e8c61ee38b6c01d07093/screenshot - {}
RESULT: {}
COMMAND: POST /session/e87ee5c00bb1e8c61ee38b6c01d07093/execute/sync - {"script":"<script> [8489 bytes]","args":[{"element-6066-11e4-a52e-4f735466cecf":"f.C39E6AC59F605FD7CA79606EE8A094DD.d.AD688B45A7660E49681CE38669166408.e.5330","ELEMENT":"f.C39E6AC59F605FD7CA79606EE8A094DD.d.AD688B45A7660E49681CE38669166408.e.5330"}]}
COMMAND: GET /session/e87ee5c00bb1e8c61ee38b6c01d07093/screenshot - {}
RESULT: {}
RESULT: {"script":"<script> [8489 bytes]","args":[{"element-6066-11e4-a52e-4f735466cecf":"f.C39E6AC59F605FD7CA79606EE8A094DD.d.AD688B45A7660E49681CE38669166408.e.5330","ELEMENT":"f.C39E6AC59F605FD7CA79606EE8A094DD.d.AD688B45A7660E49681CE38669166408.e.5330"}]}
COMMAND: POST /session/e87ee5c00bb1e8c61ee38b6c01d07093/execute/sync - {"script":"<script> [5351 bytes]","args":[{"element-6066-11e4-a52e-4f735466cecf":"f.C39E6AC59F605FD7CA79606EE8A094DD.d.AD688B45A7660E49681CE38669166408.e.5330","ELEMENT":"f.C39E6AC59F605FD7CA79606EE8A094DD.d.AD688B45A7660E49681CE38669166408.e.5330"}]}
COMMAND: GET /session/e87ee5c00bb1e8c61ee38b6c01d07093/screenshot - {}
RESULT: {}
RESULT: {"script":"<script> [5351 bytes]","args":[{"element-6066-11e4-a52e-4f735466cecf":"f.C39E6AC59F605FD7CA79606EE8A094DD.d.AD688B45A7660E49681CE38669166408.e.5330","ELEMENT":"f.C39E6AC59F605FD7CA79606EE8A094DD.d.AD688B45A7660E49681CE38669166408.e.5330"}]}
COMMAND: POST /session/e87ee5c00bb1e8c61ee38b6c01d07093/element/f.C39E6AC59F605FD7CA79606EE8A094DD.d.AD688B45A7660E49681CE38669166408.e.5330/click - {}
COMMAND: GET /session/e87ee5c00bb1e8c61ee38b6c01d07093/screenshot - {}
RESULT: {}
RESULT: {}
COMMAND: GET /session/e87ee5c00bb1e8c61ee38b6c01d07093/screenshot - {}
RESULT: {}
RESULT: {}
COMMAND: POST /session/e87ee5c00bb1e8c61ee38b6c01d07093/execute/async - {"script":"<script> [1562 bytes]","args":[{"selector":{"controlType":"sap.m.Title","viewName":"etm.portal.ui.managepricingrules.view.NewItem","viewId":"application-managepricingrules-display-component---newInfoPriceItem","properties":{"text":"New Pricing Rules - Item Level"}},"wdio_ui5_key":"etmportal.ui.managepricingrules.view.NewItemsap.m.Title{\"text\":\"New Pricing Rules - Item Level\"}"}]}
RESULT: {"script":"<script> [1562 bytes]","args":[{"selector":{"controlType":"sap.m.Title","viewName":"etm.portal.ui.managepricingrules.view.NewItem","viewId":"application-managepricingrules-display-component---newInfoPriceItem","properties":{"text":"New Pricing Rules - Item Level"}},"wdio_ui5_key":"etmportal.ui.managepricingrules.view.NewItemsap.m.Title{\"text\":\"New Pricing Rules - Item Level\"}"}]}
RESULT: undefined
COMMAND: POST /session/e87ee5c00bb1e8c61ee38b6c01d07093/execute/async - {"script":"<script> [6424 bytes]","args":[{"element-6066-11e4-a52e-4f735466cecf":"f.C39E6AC59F605FD7CA79606EE8A094DD.d.AD688B45A7660E49681CE38669166408.e.5491"},"getText",[]]}
RESULT: {"script":"<script> [6424 bytes]","args":[{"element-6066-11e4-a52e-4f735466cecf":"f.C39E6AC59F605FD7CA79606EE8A094DD.d.AD688B45A7660E49681CE38669166408.e.5491"},"getText",[]]}
COMMAND: POST /session/e87ee5c00bb1e8c61ee38b6c01d07093/execute/async - {"script":"<script> [1562 bytes]","args":[{"selector":{"id":"application-managepricingrules-display-component---newInfoPriceItem--condValidTo","interaction":{"idSuffix":"inner"}},"wdio_ui5_key":"applicationmanagepricingrules-display-component---newInfoPriceItem--condValidTo"}]}
RESULT: {"script":"<script> [1562 bytes]","args":[{"selector":{"id":"application-managepricingrules-display-component---newInfoPriceItem--condValidTo","interaction":{"idSuffix":"inner"}},"wdio_ui5_key":"applicationmanagepricingrules-display-component---newInfoPriceItem--condValidTo"}]}
RESULT: undefined
COMMAND: POST /session/e87ee5c00bb1e8c61ee38b6c01d07093/execute/async - {"script":"<script> [776 bytes]","args":[{"enterText":"1/25/26","selector":{"id":"application-managepricingrules-display-component---newInfoPriceItem--condValidTo","interaction":{"idSuffix":"inner"}},"clearTextFirst":true,"interactionType":"ENTER_TEXT"}]}
RESULT: {"script":"<script> [776 bytes]","args":[{"enterText":"1/25/26","selector":{"id":"application-managepricingrules-display-component---newInfoPriceItem--condValidTo","interaction":{"idSuffix":"inner"}},"clearTextFirst":true,"interactionType":"ENTER_TEXT"}]}
COMMAND: POST /session/e87ee5c00bb1e8c61ee38b6c01d07093/execute/async - {"script":"<script> [1562 bytes]","args":[{"selector":{"id":"application-managepricingrules-display-component---newInfoPriceItem--billType-arrow"},"wdio_ui5_key":"applicationmanagepricingrules-display-component---newInfoPriceItem--billType-arrow"}]}
RESULT: {"script":"<script> [1562 bytes]","args":[{"selector":{"id":"application-managepricingrules-display-component---newInfoPriceItem--billType-arrow"},"wdio_ui5_key":"applicationmanagepricingrules-display-component---newInfoPriceItem--billType-arrow"}]}
RESULT: undefined
COMMAND: POST /session/e87ee5c00bb1e8c61ee38b6c01d07093/element - {"using":"xpath","value":"//*[@id=\"application-managepricingrules-display-component---newInfoPriceItem--billType-arrow\"]"}
RESULT: {"using":"xpath","value":"//*[@id=\"application-managepricingrules-display-component---newInfoPriceItem--billType-arrow\"]"}
COMMAND: POST /session/e87ee5c00bb1e8c61ee38b6c01d07093/element/f.C39E6AC59F605FD7CA79606EE8A094DD.d.AD688B45A7660E49681CE38669166408.e.5493/click - {}
RESULT: {}
COMMAND: POST /session/e87ee5c00bb1e8c61ee38b6c01d07093/element - {"using":"xpath","value":"//span[contains(text(), \"TB - Time based\")]"}
COMMAND: GET /session/e87ee5c00bb1e8c61ee38b6c01d07093/screenshot - {}
RESULT: {"using":"xpath","value":"//span[contains(text(), \"TB - Time based\")]"}
COMMAND: POST /session/e87ee5c00bb1e8c61ee38b6c01d07093/element/f.C39E6AC59F605FD7CA79606EE8A094DD.d.AD688B45A7660E49681CE38669166408.e.5494/click - {}
RESULT: {}
RESULT: {}
COMMAND: POST /session/e87ee5c00bb1e8c61ee38b6c01d07093/execute/async - {"script":"<script> [1562 bytes]","args":[{"selector":{"id":"application-managepricingrules-display-component---newInfoPriceItem--priceProc-arrow"},"wdio_ui5_key":"applicationmanagepricingrules-display-component---newInfoPriceItem--priceProc-arrow"}]}
COMMAND: GET /session/e87ee5c00bb1e8c61ee38b6c01d07093/screenshot - {}
RESULT: {"script":"<script> [1562 bytes]","args":[{"selector":{"id":"application-managepricingrules-display-component---newInfoPriceItem--priceProc-arrow"},"wdio_ui5_key":"applicationmanagepricingrules-display-component---newInfoPriceItem--priceProc-arrow"}]}
RESULT: undefined
COMMAND: POST /session/e87ee5c00bb1e8c61ee38b6c01d07093/element - {"using":"xpath","value":"//*[@id=\"application-managepricingrules-display-component---newInfoPriceItem--priceProc-arrow\"]"}
RESULT: {}
RESULT: {"using":"xpath","value":"//*[@id=\"application-managepricingrules-display-component---newInfoPriceItem--priceProc-arrow\"]"}
COMMAND: POST /session/e87ee5c00bb1e8c61ee38b6c01d07093/element/f.C39E6AC59F605FD7CA79606EE8A094DD.d.AD688B45A7660E49681CE38669166408.e.5459/click - {}
RESULT: {}
COMMAND: POST /session/e87ee5c00bb1e8c61ee38b6c01d07093/element - {"using":"xpath","value":"//span[contains(text(), \"TBS - Time based standard\")]"}
COMMAND: GET /session/e87ee5c00bb1e8c61ee38b6c01d07093/screenshot - {}
RESULT: {"using":"xpath","value":"//span[contains(text(), \"TBS - Time based standard\")]"}
COMMAND: POST /session/e87ee5c00bb1e8c61ee38b6c01d07093/element/f.C39E6AC59F605FD7CA79606EE8A094DD.d.AD688B45A7660E49681CE38669166408.e.5495/click - {}
RESULT: {}
RESULT: {}
COMMAND: POST /session/e87ee5c00bb1e8c61ee38b6c01d07093/execute/async - {"script":"<script> [1562 bytes]","args":[{"selector":{"id":"application-managepricingrules-display-component---newInfoPriceItem--calcBase-arrow"},"wdio_ui5_key":"applicationmanagepricingrules-display-component---newInfoPriceItem--calcBase-arrow"}]}
COMMAND: GET /session/e87ee5c00bb1e8c61ee38b6c01d07093/screenshot - {}
RESULT: {"script":"<script> [1562 bytes]","args":[{"selector":{"id":"application-managepricingrules-display-component---newInfoPriceItem--calcBase-arrow"},"wdio_ui5_key":"applicationmanagepricingrules-display-component---newInfoPriceItem--calcBase-arrow"}]}
RESULT: undefined
COMMAND: POST /session/e87ee5c00bb1e8c61ee38b6c01d07093/element - {"using":"xpath","value":"//*[@id=\"application-managepricingrules-display-component---newInfoPriceItem--calcBase-arrow\"]"}
RESULT: {}
RESULT: {"using":"xpath","value":"//*[@id=\"application-managepricingrules-display-component---newInfoPriceItem--calcBase-arrow\"]"}
COMMAND: POST /session/e87ee5c00bb1e8c61ee38b6c01d07093/element/f.C39E6AC59F605FD7CA79606EE8A094DD.d.AD688B45A7660E49681CE38669166408.e.5466/click - {}
RESULT: {}
COMMAND: GET /session/e87ee5c00bb1e8c61ee38b6c01d07093/screenshot - {}
RESULT: {}
COMMAND: POST /session/e87ee5c00bb1e8c61ee38b6c01d07093/element - {"using":"xpath","value":"//span[contains(text(), \"0006 - TB(calendar days)\")]"}
RESULT: {"using":"xpath","value":"//span[contains(text(), \"0006 - TB(calendar days)\")]"}
COMMAND: POST /session/e87ee5c00bb1e8c61ee38b6c01d07093/element/f.C39E6AC59F605FD7CA79606EE8A094DD.d.AD688B45A7660E49681CE38669166408.e.5496/click - {}
RESULT: {}
COMMAND: GET /session/e87ee5c00bb1e8c61ee38b6c01d07093/screenshot - {}
RESULT: {}
COMMAND: POST /session/e87ee5c00bb1e8c61ee38b6c01d07093/execute/async - {"script":"<script> [1562 bytes]","args":[{"selector":{"id":"application-managepricingrules-display-component---newInfoPriceItem--daysMonth","interaction":{"idSuffix":"inner"}},"wdio_ui5_key":"applicationmanagepricingrules-display-component---newInfoPriceItem--daysMonth"}]}
RESULT: {"script":"<script> [1562 bytes]","args":[{"selector":{"id":"application-managepricingrules-display-component---newInfoPriceItem--daysMonth","interaction":{"idSuffix":"inner"}},"wdio_ui5_key":"applicationmanagepricingrules-display-component---newInfoPriceItem--daysMonth"}]}
RESULT: undefined
COMMAND: POST /session/e87ee5c00bb1e8c61ee38b6c01d07093/execute/async - {"script":"<script> [776 bytes]","args":[{"enterText":"30","selector":{"id":"application-managepricingrules-display-component---newInfoPriceItem--daysMonth","interaction":{"idSuffix":"inner"}},"clearTextFirst":true,"interactionType":"ENTER_TEXT"}]}
RESULT: {"script":"<script> [776 bytes]","args":[{"enterText":"30","selector":{"id":"application-managepricingrules-display-component---newInfoPriceItem--daysMonth","interaction":{"idSuffix":"inner"}},"clearTextFirst":true,"interactionType":"ENTER_TEXT"}]}
COMMAND: POST /session/e87ee5c00bb1e8c61ee38b6c01d07093/element - {"using":"xpath","value":"//button[@data-kt=\"saveNewRuleButton\"]"}
RESULT: {"using":"xpath","value":"//button[@data-kt=\"saveNewRuleButton\"]"}
COMMAND: POST /session/e87ee5c00bb1e8c61ee38b6c01d07093/element/f.C39E6AC59F605FD7CA79606EE8A094DD.d.AD688B45A7660E49681CE38669166408.e.5482/click - {}
RESULT: {}
COMMAND: GET /session/e87ee5c00bb1e8c61ee38b6c01d07093/screenshot - {}
RESULT: {}
COMMAND: POST /session/e87ee5c00bb1e8c61ee38b6c01d07093/execute/async - {"script":"<script> [1562 bytes]","args":[{"selector":{"id":"application-managepricingrules-display-component---priceInfoItem--smartFilterBar-btnBasicSearch","interaction":{"idSuffix":"I"}},"wdio_ui5_key":"applicationmanagepricingrules-display-component---priceInfoItem--smartFilterBar-btnBasicSearch"}]}
RESULT: {"script":"<script> [1562 bytes]","args":[{"selector":{"id":"application-managepricingrules-display-component---priceInfoItem--smartFilterBar-btnBasicSearch","interaction":{"idSuffix":"I"}},"wdio_ui5_key":"applicationmanagepricingrules-display-component---priceInfoItem--smartFilterBar-btnBasicSearch"}]}
RESULT: undefined
COMMAND: POST /session/e87ee5c00bb1e8c61ee38b6c01d07093/execute/async - {"script":"<script> [776 bytes]","args":[{"enterText":"EgtE16yD0t","selector":{"id":"application-managepricingrules-display-component---priceInfoItem--smartFilterBar-btnBasicSearch","interaction":{"idSuffix":"I"}},"clearTextFirst":true,"interactionType":"ENTER_TEXT"}]}
RESULT: {"script":"<script> [776 bytes]","args":[{"enterText":"EgtE16yD0t","selector":{"id":"application-managepricingrules-display-component---priceInfoItem--smartFilterBar-btnBasicSearch","interaction":{"idSuffix":"I"}},"clearTextFirst":true,"interactionType":"ENTER_TEXT"}]}
COMMAND: POST /session/e87ee5c00bb1e8c61ee38b6c01d07093/actions - {"actions":[{"id":"action13","type":"key","parameters":{},"actions":[{"type":"keyDown","value":""},{"type":"pause","duration":10},{"type":"keyUp","value":""}]}]}
RESULT: {"actions":[{"id":"action13","type":"key","parameters":{},"actions":[{"type":"keyDown","value":""},{"type":"pause","duration":10},{"type":"keyUp","value":""}]}]}
COMMAND: GET /session/e87ee5c00bb1e8c61ee38b6c01d07093/screenshot - {}
RESULT: {}
COMMAND: POST /session/e87ee5c00bb1e8c61ee38b6c01d07093/element - {"using":"xpath","value":"//span[@id=\"application-managepricingrules-display-component---priceInfoItem--smartTable-header-inner\"]"}
RESULT: {"using":"xpath","value":"//span[@id=\"application-managepricingrules-display-component---priceInfoItem--smartTable-header-inner\"]"}
COMMAND: POST /session/e87ee5c00bb1e8c61ee38b6c01d07093/elements - {"using":"xpath","value":"//span[@id=\"application-managepricingrules-display-component---priceInfoItem--smartTable-header-inner\"]"}
RESULT: {"using":"xpath","value":"//span[@id=\"application-managepricingrules-display-component---priceInfoItem--smartTable-header-inner\"]"}
COMMAND: POST /session/e87ee5c00bb1e8c61ee38b6c01d07093/execute/sync - {"script":"<script> [56 bytes]","args":[{"element-6066-11e4-a52e-4f735466cecf":"f.C39E6AC59F605FD7CA79606EE8A094DD.d.AD688B45A7660E49681CE38669166408.e.5519","ELEMENT":"f.C39E6AC59F605FD7CA79606EE8A094DD.d.AD688B45A7660E49681CE38669166408.e.5519"}]}
RESULT: {"script":"<script> [56 bytes]","args":[{"element-6066-11e4-a52e-4f735466cecf":"f.C39E6AC59F605FD7CA79606EE8A094DD.d.AD688B45A7660E49681CE38669166408.e.5519","ELEMENT":"f.C39E6AC59F605FD7CA79606EE8A094DD.d.AD688B45A7660E49681CE38669166408.e.5519"}]}
COMMAND: POST /session/e87ee5c00bb1e8c61ee38b6c01d07093/element - {"using":"css selector","value":"#shell-header-logo"}
COMMAND: GET /session/e87ee5c00bb1e8c61ee38b6c01d07093/screenshot - {}
RESULT: {"using":"css selector","value":"#shell-header-logo"}
COMMAND: POST /session/e87ee5c00bb1e8c61ee38b6c01d07093/element/f.C39E6AC59F605FD7CA79606EE8A094DD.d.AD688B45A7660E49681CE38669166408.e.4606/click - {}
RESULT: {}
RESULT: {}
COMMAND: GET /session/e87ee5c00bb1e8c61ee38b6c01d07093/screenshot - {}
RESULT: {}
]]></system-out>
    </testcase>
    <testcase classname="chrome.136_0_7103_93.windows.Billing_Transfer_-_Master_data_&amp;_Intercompany_US127250" name="Should create new condition for equipment TB" time="65.375">
      <system-out><![CDATA[
COMMAND: POST /session/e87ee5c00bb1e8c61ee38b6c01d07093/execute/async - {"script":"<script> [1562 bytes]","args":[{"selector":{"controlType":"sap.m.GenericTile","properties":{"header":"Manage Conditions & Prices"}},"wdio_ui5_key":"sapm.GenericTile{\"header\":\"Manage Conditions & Prices\"}"}]}
RESULT: {"script":"<script> [1562 bytes]","args":[{"selector":{"controlType":"sap.m.GenericTile","properties":{"header":"Manage Conditions & Prices"}},"wdio_ui5_key":"sapm.GenericTile{\"header\":\"Manage Conditions & Prices\"}"}]}
RESULT: undefined
COMMAND: POST /session/e87ee5c00bb1e8c61ee38b6c01d07093/element - {"using":"xpath","value":"//*[@id=\"__tile93\"]"}
RESULT: {"using":"xpath","value":"//*[@id=\"__tile93\"]"}
COMMAND: POST /session/e87ee5c00bb1e8c61ee38b6c01d07093/element/f.C39E6AC59F605FD7CA79606EE8A094DD.d.AD688B45A7660E49681CE38669166408.e.4591/click - {}
RESULT: {}
COMMAND: GET /session/e87ee5c00bb1e8c61ee38b6c01d07093/screenshot - {}
RESULT: {}
COMMAND: POST /session/e87ee5c00bb1e8c61ee38b6c01d07093/elements - {"using":"xpath","value":"//span[text()='Error']"}
RESULT: {"using":"xpath","value":"//span[text()='Error']"}
COMMAND: POST /session/e87ee5c00bb1e8c61ee38b6c01d07093/element - {"using":"xpath","value":"//button[@aria-label=\"Create\"]"}
RESULT: {"using":"xpath","value":"//button[@aria-label=\"Create\"]"}
COMMAND: POST /session/e87ee5c00bb1e8c61ee38b6c01d07093/elements - {"using":"xpath","value":"//button[@aria-label=\"Create\"]"}
RESULT: {"using":"xpath","value":"//button[@aria-label=\"Create\"]"}
COMMAND: POST /session/e87ee5c00bb1e8c61ee38b6c01d07093/execute/sync - {"script":"<script> [8489 bytes]","args":[{"element-6066-11e4-a52e-4f735466cecf":"f.C39E6AC59F605FD7CA79606EE8A094DD.d.AD688B45A7660E49681CE38669166408.e.5555","ELEMENT":"f.C39E6AC59F605FD7CA79606EE8A094DD.d.AD688B45A7660E49681CE38669166408.e.5555"}]}
RESULT: {"script":"<script> [8489 bytes]","args":[{"element-6066-11e4-a52e-4f735466cecf":"f.C39E6AC59F605FD7CA79606EE8A094DD.d.AD688B45A7660E49681CE38669166408.e.5555","ELEMENT":"f.C39E6AC59F605FD7CA79606EE8A094DD.d.AD688B45A7660E49681CE38669166408.e.5555"}]}
COMMAND: GET /session/e87ee5c00bb1e8c61ee38b6c01d07093/element/f.C39E6AC59F605FD7CA79606EE8A094DD.d.AD688B45A7660E49681CE38669166408.e.5555/enabled - {}
COMMAND: GET /session/e87ee5c00bb1e8c61ee38b6c01d07093/screenshot - {}
RESULT: {}
COMMAND: POST /session/e87ee5c00bb1e8c61ee38b6c01d07093/execute/sync - {"script":"<script> [8489 bytes]","args":[{"element-6066-11e4-a52e-4f735466cecf":"f.C39E6AC59F605FD7CA79606EE8A094DD.d.AD688B45A7660E49681CE38669166408.e.5555","ELEMENT":"f.C39E6AC59F605FD7CA79606EE8A094DD.d.AD688B45A7660E49681CE38669166408.e.5555"}]}
COMMAND: GET /session/e87ee5c00bb1e8c61ee38b6c01d07093/screenshot - {}
RESULT: {}
RESULT: {"script":"<script> [8489 bytes]","args":[{"element-6066-11e4-a52e-4f735466cecf":"f.C39E6AC59F605FD7CA79606EE8A094DD.d.AD688B45A7660E49681CE38669166408.e.5555","ELEMENT":"f.C39E6AC59F605FD7CA79606EE8A094DD.d.AD688B45A7660E49681CE38669166408.e.5555"}]}
COMMAND: POST /session/e87ee5c00bb1e8c61ee38b6c01d07093/execute/sync - {"script":"<script> [5351 bytes]","args":[{"element-6066-11e4-a52e-4f735466cecf":"f.C39E6AC59F605FD7CA79606EE8A094DD.d.AD688B45A7660E49681CE38669166408.e.5555","ELEMENT":"f.C39E6AC59F605FD7CA79606EE8A094DD.d.AD688B45A7660E49681CE38669166408.e.5555"}]}
COMMAND: GET /session/e87ee5c00bb1e8c61ee38b6c01d07093/screenshot - {}
RESULT: {}
RESULT: {"script":"<script> [5351 bytes]","args":[{"element-6066-11e4-a52e-4f735466cecf":"f.C39E6AC59F605FD7CA79606EE8A094DD.d.AD688B45A7660E49681CE38669166408.e.5555","ELEMENT":"f.C39E6AC59F605FD7CA79606EE8A094DD.d.AD688B45A7660E49681CE38669166408.e.5555"}]}
COMMAND: POST /session/e87ee5c00bb1e8c61ee38b6c01d07093/element/f.C39E6AC59F605FD7CA79606EE8A094DD.d.AD688B45A7660E49681CE38669166408.e.5555/click - {}
COMMAND: GET /session/e87ee5c00bb1e8c61ee38b6c01d07093/screenshot - {}
RESULT: {}
RESULT: {}
COMMAND: GET /session/e87ee5c00bb1e8c61ee38b6c01d07093/screenshot - {}
RESULT: {}
RESULT: {}
COMMAND: POST /session/e87ee5c00bb1e8c61ee38b6c01d07093/actions - {"actions":[{"id":"action14","type":"key","parameters":{},"actions":[{"type":"keyDown","value":""},{"type":"pause","duration":10},{"type":"keyUp","value":""}]}]}
RESULT: {"actions":[{"id":"action14","type":"key","parameters":{},"actions":[{"type":"keyDown","value":""},{"type":"pause","duration":10},{"type":"keyUp","value":""}]}]}
COMMAND: GET /session/e87ee5c00bb1e8c61ee38b6c01d07093/screenshot - {}
RESULT: {}
COMMAND: POST /session/e87ee5c00bb1e8c61ee38b6c01d07093/execute/async - {"script":"<script> [1562 bytes]","args":[{"selector":{"id":"application-manageconditionprice-display-component---newCondition--condBillCond-arrow"},"wdio_ui5_key":"applicationmanageconditionprice-display-component---newCondition--condBillCond-arrow"}]}
RESULT: {"script":"<script> [1562 bytes]","args":[{"selector":{"id":"application-manageconditionprice-display-component---newCondition--condBillCond-arrow"},"wdio_ui5_key":"applicationmanageconditionprice-display-component---newCondition--condBillCond-arrow"}]}
RESULT: undefined
COMMAND: POST /session/e87ee5c00bb1e8c61ee38b6c01d07093/element - {"using":"xpath","value":"//*[@id=\"application-manageconditionprice-display-component---newCondition--condBillCond-arrow\"]"}
RESULT: {"using":"xpath","value":"//*[@id=\"application-manageconditionprice-display-component---newCondition--condBillCond-arrow\"]"}
COMMAND: POST /session/e87ee5c00bb1e8c61ee38b6c01d07093/element/f.C39E6AC59F605FD7CA79606EE8A094DD.d.AD688B45A7660E49681CE38669166408.e.5734/click - {}
RESULT: {}
COMMAND: GET /session/e87ee5c00bb1e8c61ee38b6c01d07093/screenshot - {}
RESULT: {}
COMMAND: POST /session/e87ee5c00bb1e8c61ee38b6c01d07093/element - {"using":"xpath","value":"//li[.//span[contains(text(), \"DISP - D&I special price\")]]"}
RESULT: {"using":"xpath","value":"//li[.//span[contains(text(), \"DISP - D&I special price\")]]"}
COMMAND: POST /session/e87ee5c00bb1e8c61ee38b6c01d07093/element/f.C39E6AC59F605FD7CA79606EE8A094DD.d.AD688B45A7660E49681CE38669166408.e.5737/click - {}
RESULT: {}
COMMAND: GET /session/e87ee5c00bb1e8c61ee38b6c01d07093/screenshot - {}
RESULT: {}
COMMAND: POST /session/e87ee5c00bb1e8c61ee38b6c01d07093/execute/async - {"script":"<script> [1562 bytes]","args":[{"selector":{"id":"application-manageconditionprice-display-component---newCondition--condValidTo","interaction":{"idSuffix":"inner"}},"wdio_ui5_key":"applicationmanageconditionprice-display-component---newCondition--condValidTo"}]}
RESULT: {"script":"<script> [1562 bytes]","args":[{"selector":{"id":"application-manageconditionprice-display-component---newCondition--condValidTo","interaction":{"idSuffix":"inner"}},"wdio_ui5_key":"applicationmanageconditionprice-display-component---newCondition--condValidTo"}]}
RESULT: undefined
COMMAND: POST /session/e87ee5c00bb1e8c61ee38b6c01d07093/execute/async - {"script":"<script> [776 bytes]","args":[{"enterText":"1/25/26","selector":{"id":"application-manageconditionprice-display-component---newCondition--condValidTo","interaction":{"idSuffix":"inner"}},"clearTextFirst":true,"interactionType":"ENTER_TEXT"}]}
RESULT: {"script":"<script> [776 bytes]","args":[{"enterText":"1/25/26","selector":{"id":"application-manageconditionprice-display-component---newCondition--condValidTo","interaction":{"idSuffix":"inner"}},"clearTextFirst":true,"interactionType":"ENTER_TEXT"}]}
COMMAND: POST /session/e87ee5c00bb1e8c61ee38b6c01d07093/element - {"using":"xpath","value":"//input[@id=\"application-manageconditionprice-display-component---newCondition--condRU-inner\"]"}
RESULT: {"using":"xpath","value":"//input[@id=\"application-manageconditionprice-display-component---newCondition--condRU-inner\"]"}
COMMAND: POST /session/e87ee5c00bb1e8c61ee38b6c01d07093/element/f.C39E6AC59F605FD7CA79606EE8A094DD.d.AD688B45A7660E49681CE38669166408.e.5571/clear - {}
RESULT: {}
COMMAND: POST /session/e87ee5c00bb1e8c61ee38b6c01d07093/element/f.C39E6AC59F605FD7CA79606EE8A094DD.d.AD688B45A7660E49681CE38669166408.e.5571/value - {"text":"EgtE16yD0t"}
COMMAND: GET /session/e87ee5c00bb1e8c61ee38b6c01d07093/screenshot - {}
RESULT: {"text":"EgtE16yD0t"}
COMMAND: GET /session/e87ee5c00bb1e8c61ee38b6c01d07093/screenshot - {}
RESULT: {}
RESULT: {}
COMMAND: POST /session/e87ee5c00bb1e8c61ee38b6c01d07093/actions - {"actions":[{"id":"action15","type":"key","parameters":{},"actions":[{"type":"keyDown","value":""},{"type":"pause","duration":10},{"type":"keyUp","value":""}]}]}
RESULT: {"actions":[{"id":"action15","type":"key","parameters":{},"actions":[{"type":"keyDown","value":""},{"type":"pause","duration":10},{"type":"keyUp","value":""}]}]}
COMMAND: POST /session/e87ee5c00bb1e8c61ee38b6c01d07093/execute/async - {"script":"<script> [1562 bytes]","args":[{"selector":{"id":"application-manageconditionprice-display-component---newCondition--condBaseQty","interaction":{"idSuffix":"inner"}},"wdio_ui5_key":"applicationmanageconditionprice-display-component---newCondition--condBaseQty"}]}
COMMAND: GET /session/e87ee5c00bb1e8c61ee38b6c01d07093/screenshot - {}
RESULT: {"script":"<script> [1562 bytes]","args":[{"selector":{"id":"application-manageconditionprice-display-component---newCondition--condBaseQty","interaction":{"idSuffix":"inner"}},"wdio_ui5_key":"applicationmanageconditionprice-display-component---newCondition--condBaseQty"}]}
RESULT: undefined
COMMAND: POST /session/e87ee5c00bb1e8c61ee38b6c01d07093/execute/async - {"script":"<script> [776 bytes]","args":[{"enterText":"1","selector":{"id":"application-manageconditionprice-display-component---newCondition--condBaseQty","interaction":{"idSuffix":"inner"}},"clearTextFirst":true,"interactionType":"ENTER_TEXT"}]}
RESULT: {}
RESULT: {"script":"<script> [776 bytes]","args":[{"enterText":"1","selector":{"id":"application-manageconditionprice-display-component---newCondition--condBaseQty","interaction":{"idSuffix":"inner"}},"clearTextFirst":true,"interactionType":"ENTER_TEXT"}]}
COMMAND: POST /session/e87ee5c00bb1e8c61ee38b6c01d07093/execute/async - {"script":"<script> [1562 bytes]","args":[{"selector":{"id":"application-manageconditionprice-display-component---newCondition--condValue","interaction":{"idSuffix":"inner"}},"wdio_ui5_key":"applicationmanageconditionprice-display-component---newCondition--condValue"}]}
RESULT: {"script":"<script> [1562 bytes]","args":[{"selector":{"id":"application-manageconditionprice-display-component---newCondition--condValue","interaction":{"idSuffix":"inner"}},"wdio_ui5_key":"applicationmanageconditionprice-display-component---newCondition--condValue"}]}
RESULT: undefined
COMMAND: POST /session/e87ee5c00bb1e8c61ee38b6c01d07093/execute/async - {"script":"<script> [776 bytes]","args":[{"enterText":"100","selector":{"id":"application-manageconditionprice-display-component---newCondition--condValue","interaction":{"idSuffix":"inner"}},"clearTextFirst":true,"interactionType":"ENTER_TEXT"}]}
RESULT: {"script":"<script> [776 bytes]","args":[{"enterText":"100","selector":{"id":"application-manageconditionprice-display-component---newCondition--condValue","interaction":{"idSuffix":"inner"}},"clearTextFirst":true,"interactionType":"ENTER_TEXT"}]}
COMMAND: POST /session/e87ee5c00bb1e8c61ee38b6c01d07093/execute/async - {"script":"<script> [1562 bytes]","args":[{"selector":{"id":"application-manageconditionprice-display-component---newCondition--condCurr-arrow"},"wdio_ui5_key":"applicationmanageconditionprice-display-component---newCondition--condCurr-arrow"}]}
RESULT: {"script":"<script> [1562 bytes]","args":[{"selector":{"id":"application-manageconditionprice-display-component---newCondition--condCurr-arrow"},"wdio_ui5_key":"applicationmanageconditionprice-display-component---newCondition--condCurr-arrow"}]}
RESULT: undefined
COMMAND: POST /session/e87ee5c00bb1e8c61ee38b6c01d07093/element - {"using":"xpath","value":"//*[@id=\"application-manageconditionprice-display-component---newCondition--condCurr-arrow\"]"}
RESULT: {"using":"xpath","value":"//*[@id=\"application-manageconditionprice-display-component---newCondition--condCurr-arrow\"]"}
COMMAND: POST /session/e87ee5c00bb1e8c61ee38b6c01d07093/element/f.C39E6AC59F605FD7CA79606EE8A094DD.d.AD688B45A7660E49681CE38669166408.e.5716/click - {}
RESULT: {}
COMMAND: POST /session/e87ee5c00bb1e8c61ee38b6c01d07093/element - {"using":"xpath","value":"//span[contains(text(), \"Euro\")]"}
COMMAND: GET /session/e87ee5c00bb1e8c61ee38b6c01d07093/screenshot - {}
RESULT: {"using":"xpath","value":"//span[contains(text(), \"Euro\")]"}
COMMAND: POST /session/e87ee5c00bb1e8c61ee38b6c01d07093/element/f.C39E6AC59F605FD7CA79606EE8A094DD.d.AD688B45A7660E49681CE38669166408.e.5774/click - {}
RESULT: {}
RESULT: {}
COMMAND: POST /session/e87ee5c00bb1e8c61ee38b6c01d07093/element - {"using":"xpath","value":"//button[@data-kt=\"saveButton\"]"}
COMMAND: GET /session/e87ee5c00bb1e8c61ee38b6c01d07093/screenshot - {}
RESULT: {"using":"xpath","value":"//button[@data-kt=\"saveButton\"]"}
COMMAND: POST /session/e87ee5c00bb1e8c61ee38b6c01d07093/element/f.C39E6AC59F605FD7CA79606EE8A094DD.d.AD688B45A7660E49681CE38669166408.e.5717/click - {}
RESULT: {}
RESULT: {}
COMMAND: GET /session/e87ee5c00bb1e8c61ee38b6c01d07093/screenshot - {}
RESULT: {}
COMMAND: POST /session/e87ee5c00bb1e8c61ee38b6c01d07093/execute/async - {"script":"<script> [1562 bytes]","args":[{"selector":{"id":"application-manageconditionprice-display-component---conditions--smartFilterBar-btnBasicSearch","interaction":{"idSuffix":"I"}},"wdio_ui5_key":"applicationmanageconditionprice-display-component---conditions--smartFilterBar-btnBasicSearch"}]}
RESULT: {"script":"<script> [1562 bytes]","args":[{"selector":{"id":"application-manageconditionprice-display-component---conditions--smartFilterBar-btnBasicSearch","interaction":{"idSuffix":"I"}},"wdio_ui5_key":"applicationmanageconditionprice-display-component---conditions--smartFilterBar-btnBasicSearch"}]}
RESULT: undefined
COMMAND: POST /session/e87ee5c00bb1e8c61ee38b6c01d07093/execute/async - {"script":"<script> [776 bytes]","args":[{"enterText":"EgtE16yD0t","selector":{"id":"application-manageconditionprice-display-component---conditions--smartFilterBar-btnBasicSearch","interaction":{"idSuffix":"I"}},"clearTextFirst":true,"interactionType":"ENTER_TEXT"}]}
RESULT: {"script":"<script> [776 bytes]","args":[{"enterText":"EgtE16yD0t","selector":{"id":"application-manageconditionprice-display-component---conditions--smartFilterBar-btnBasicSearch","interaction":{"idSuffix":"I"}},"clearTextFirst":true,"interactionType":"ENTER_TEXT"}]}
COMMAND: POST /session/e87ee5c00bb1e8c61ee38b6c01d07093/actions - {"actions":[{"id":"action16","type":"key","parameters":{},"actions":[{"type":"keyDown","value":""},{"type":"pause","duration":10},{"type":"keyUp","value":""}]}]}
RESULT: {"actions":[{"id":"action16","type":"key","parameters":{},"actions":[{"type":"keyDown","value":""},{"type":"pause","duration":10},{"type":"keyUp","value":""}]}]}
COMMAND: GET /session/e87ee5c00bb1e8c61ee38b6c01d07093/screenshot - {}
RESULT: {}
COMMAND: POST /session/e87ee5c00bb1e8c61ee38b6c01d07093/execute/async - {"script":"<script> [1562 bytes]","args":[{"selector":{"id":"application-manageconditionprice-display-component---conditions--smartFilterBar-filterItemControl_BASIC-BILL_TYPES-vhi"},"wdio_ui5_key":"applicationmanageconditionprice-display-component---conditions--smartFilterBar-filterItemControl_BASIC-BILL_TYPES-vhi"}]}
RESULT: {"script":"<script> [1562 bytes]","args":[{"selector":{"id":"application-manageconditionprice-display-component---conditions--smartFilterBar-filterItemControl_BASIC-BILL_TYPES-vhi"},"wdio_ui5_key":"applicationmanageconditionprice-display-component---conditions--smartFilterBar-filterItemControl_BASIC-BILL_TYPES-vhi"}]}
RESULT: undefined
COMMAND: POST /session/e87ee5c00bb1e8c61ee38b6c01d07093/element - {"using":"xpath","value":"//*[@id=\"application-manageconditionprice-display-component---conditions--smartFilterBar-filterItemControl_BASIC-BILL_TYPES-vhi\"]"}
RESULT: {"using":"xpath","value":"//*[@id=\"application-manageconditionprice-display-component---conditions--smartFilterBar-filterItemControl_BASIC-BILL_TYPES-vhi\"]"}
COMMAND: POST /session/e87ee5c00bb1e8c61ee38b6c01d07093/element/f.C39E6AC59F605FD7CA79606EE8A094DD.d.AD688B45A7660E49681CE38669166408.e.5880/click - {}
RESULT: {}
COMMAND: POST /session/e87ee5c00bb1e8c61ee38b6c01d07093/execute/async - {"script":"<script> [1562 bytes]","args":[{"selector":{"id":"application-manageconditionprice-display-component---conditions--smartFilterBar-filterItemControl_BASIC-BILL_TYPES-valueHelpDialog-smartFilterBar-btnBasicSearch","searchOpenDialogs":true,"interaction":{"idSuffix":"I"}},"wdio_ui5_key":"applicationmanageconditionprice-display-component---conditions--smartFilterBar-filterItemControl_BASIC-BILL_TYPES-valueHelpDialog-smartFilterBar-btnBasicSearch"}]}
COMMAND: GET /session/e87ee5c00bb1e8c61ee38b6c01d07093/screenshot - {}
RESULT: {"script":"<script> [1562 bytes]","args":[{"selector":{"id":"application-manageconditionprice-display-component---conditions--smartFilterBar-filterItemControl_BASIC-BILL_TYPES-valueHelpDialog-smartFilterBar-btnBasicSearch","searchOpenDialogs":true,"interaction":{"idSuffix":"I"}},"wdio_ui5_key":"applicationmanageconditionprice-display-component---conditions--smartFilterBar-filterItemControl_BASIC-BILL_TYPES-valueHelpDialog-smartFilterBar-btnBasicSearch"}]}
RESULT: undefined
COMMAND: POST /session/e87ee5c00bb1e8c61ee38b6c01d07093/execute/async - {"script":"<script> [776 bytes]","args":[{"enterText":"TB","selector":{"id":"application-manageconditionprice-display-component---conditions--smartFilterBar-filterItemControl_BASIC-BILL_TYPES-valueHelpDialog-smartFilterBar-btnBasicSearch","searchOpenDialogs":true,"interaction":{"idSuffix":"I"}},"clearTextFirst":true,"interactionType":"ENTER_TEXT"}]}
RESULT: {}
RESULT: {"script":"<script> [776 bytes]","args":[{"enterText":"TB","selector":{"id":"application-manageconditionprice-display-component---conditions--smartFilterBar-filterItemControl_BASIC-BILL_TYPES-valueHelpDialog-smartFilterBar-btnBasicSearch","searchOpenDialogs":true,"interaction":{"idSuffix":"I"}},"clearTextFirst":true,"interactionType":"ENTER_TEXT"}]}
COMMAND: POST /session/e87ee5c00bb1e8c61ee38b6c01d07093/actions - {"actions":[{"id":"action17","type":"key","parameters":{},"actions":[{"type":"keyDown","value":""},{"type":"pause","duration":10},{"type":"keyUp","value":""}]}]}
RESULT: {"actions":[{"id":"action17","type":"key","parameters":{},"actions":[{"type":"keyDown","value":""},{"type":"pause","duration":10},{"type":"keyUp","value":""}]}]}
COMMAND: GET /session/e87ee5c00bb1e8c61ee38b6c01d07093/screenshot - {}
RESULT: {}
COMMAND: POST /session/e87ee5c00bb1e8c61ee38b6c01d07093/element - {"using":"xpath","value":"//div[contains(@id, 'application-manageconditionprice-display-component---conditions--smartFilterBar-filterItemControl_BASIC-BILL_TYPES-valueHelpDialog-table-rowsel0')]"}
RESULT: {"using":"xpath","value":"//div[contains(@id, 'application-manageconditionprice-display-component---conditions--smartFilterBar-filterItemControl_BASIC-BILL_TYPES-valueHelpDialog-table-rowsel0')]"}
COMMAND: POST /session/e87ee5c00bb1e8c61ee38b6c01d07093/element/f.C39E6AC59F605FD7CA79606EE8A094DD.d.AD688B45A7660E49681CE38669166408.e.5891/click - {}
RESULT: {}
COMMAND: GET /session/e87ee5c00bb1e8c61ee38b6c01d07093/screenshot - {}
RESULT: {}
COMMAND: POST /session/e87ee5c00bb1e8c61ee38b6c01d07093/element - {"using":"xpath","value":"//bdi[contains(text(), \"OK\")]"}
RESULT: {"using":"xpath","value":"//bdi[contains(text(), \"OK\")]"}
COMMAND: POST /session/e87ee5c00bb1e8c61ee38b6c01d07093/element/f.C39E6AC59F605FD7CA79606EE8A094DD.d.AD688B45A7660E49681CE38669166408.e.5893/click - {}
RESULT: {}
COMMAND: GET /session/e87ee5c00bb1e8c61ee38b6c01d07093/screenshot - {}
RESULT: {}
COMMAND: POST /session/e87ee5c00bb1e8c61ee38b6c01d07093/element - {"using":"xpath","value":"//span[@id=\"application-manageconditionprice-display-component---conditions--smartTable-header-inner\"]"}
RESULT: {"using":"xpath","value":"//span[@id=\"application-manageconditionprice-display-component---conditions--smartTable-header-inner\"]"}
COMMAND: POST /session/e87ee5c00bb1e8c61ee38b6c01d07093/elements - {"using":"xpath","value":"//span[@id=\"application-manageconditionprice-display-component---conditions--smartTable-header-inner\"]"}
RESULT: {"using":"xpath","value":"//span[@id=\"application-manageconditionprice-display-component---conditions--smartTable-header-inner\"]"}
COMMAND: POST /session/e87ee5c00bb1e8c61ee38b6c01d07093/execute/sync - {"script":"<script> [56 bytes]","args":[{"element-6066-11e4-a52e-4f735466cecf":"f.C39E6AC59F605FD7CA79606EE8A094DD.d.AD688B45A7660E49681CE38669166408.e.5896","ELEMENT":"f.C39E6AC59F605FD7CA79606EE8A094DD.d.AD688B45A7660E49681CE38669166408.e.5896"}]}
RESULT: {"script":"<script> [56 bytes]","args":[{"element-6066-11e4-a52e-4f735466cecf":"f.C39E6AC59F605FD7CA79606EE8A094DD.d.AD688B45A7660E49681CE38669166408.e.5896","ELEMENT":"f.C39E6AC59F605FD7CA79606EE8A094DD.d.AD688B45A7660E49681CE38669166408.e.5896"}]}
COMMAND: POST /session/e87ee5c00bb1e8c61ee38b6c01d07093/element - {"using":"css selector","value":"#shell-header-logo"}
COMMAND: GET /session/e87ee5c00bb1e8c61ee38b6c01d07093/screenshot - {}
RESULT: {"using":"css selector","value":"#shell-header-logo"}
COMMAND: POST /session/e87ee5c00bb1e8c61ee38b6c01d07093/element/f.C39E6AC59F605FD7CA79606EE8A094DD.d.AD688B45A7660E49681CE38669166408.e.5523/click - {}
RESULT: {}
RESULT: {}
COMMAND: GET /session/e87ee5c00bb1e8c61ee38b6c01d07093/screenshot - {}
RESULT: {}
]]></system-out>
    </testcase>
    <testcase classname="chrome.136_0_7103_93.windows.Billing_Transfer_-_Master_data_&amp;_Intercompany_US127250" name="Should do a stock increase" time="91.896">
      <system-out><![CDATA[
COMMAND: POST /session/e87ee5c00bb1e8c61ee38b6c01d07093/execute/async - {"script":"<script> [1562 bytes]","args":[{"selector":{"controlType":"sap.m.GenericTile","properties":{"header":"Manage Handovers"}},"wdio_ui5_key":"sapm.GenericTile{\"header\":\"Manage Handovers\"}"}]}
RESULT: {"script":"<script> [1562 bytes]","args":[{"selector":{"controlType":"sap.m.GenericTile","properties":{"header":"Manage Handovers"}},"wdio_ui5_key":"sapm.GenericTile{\"header\":\"Manage Handovers\"}"}]}
RESULT: undefined
COMMAND: POST /session/e87ee5c00bb1e8c61ee38b6c01d07093/element - {"using":"xpath","value":"//*[@id=\"__tile132\"]"}
RESULT: {"using":"xpath","value":"//*[@id=\"__tile132\"]"}
COMMAND: POST /session/e87ee5c00bb1e8c61ee38b6c01d07093/element/f.C39E6AC59F605FD7CA79606EE8A094DD.d.AD688B45A7660E49681CE38669166408.e.4555/click - {}
RESULT: {}
COMMAND: GET /session/e87ee5c00bb1e8c61ee38b6c01d07093/screenshot - {}
RESULT: {}
COMMAND: POST /session/e87ee5c00bb1e8c61ee38b6c01d07093/elements - {"using":"xpath","value":"//span[text()='Error']"}
RESULT: {"using":"xpath","value":"//span[text()='Error']"}
COMMAND: POST /session/e87ee5c00bb1e8c61ee38b6c01d07093/element - {"using":"xpath","value":"//button[@data-kt=\"masterHOAddButton\"]"}
RESULT: {"using":"xpath","value":"//button[@data-kt=\"masterHOAddButton\"]"}
COMMAND: POST /session/e87ee5c00bb1e8c61ee38b6c01d07093/elements - {"using":"xpath","value":"//button[@data-kt=\"masterHOAddButton\"]"}
RESULT: {"using":"xpath","value":"//button[@data-kt=\"masterHOAddButton\"]"}
COMMAND: POST /session/e87ee5c00bb1e8c61ee38b6c01d07093/elements - {"using":"xpath","value":"//button[@data-kt=\"masterHOAddButton\"]"}
RESULT: {"using":"xpath","value":"//button[@data-kt=\"masterHOAddButton\"]"}
COMMAND: POST /session/e87ee5c00bb1e8c61ee38b6c01d07093/element - {"using":"xpath","value":"//button[@data-kt=\"masterHOAddButton\"]"}
RESULT: {"using":"xpath","value":"//button[@data-kt=\"masterHOAddButton\"]"}
COMMAND: POST /session/e87ee5c00bb1e8c61ee38b6c01d07093/execute/sync - {"script":"<script> [8489 bytes]","args":[{"element-6066-11e4-a52e-4f735466cecf":"f.C39E6AC59F605FD7CA79606EE8A094DD.d.AD688B45A7660E49681CE38669166408.e.5938","ELEMENT":"f.C39E6AC59F605FD7CA79606EE8A094DD.d.AD688B45A7660E49681CE38669166408.e.5938"}]}
RESULT: {"script":"<script> [8489 bytes]","args":[{"element-6066-11e4-a52e-4f735466cecf":"f.C39E6AC59F605FD7CA79606EE8A094DD.d.AD688B45A7660E49681CE38669166408.e.5938","ELEMENT":"f.C39E6AC59F605FD7CA79606EE8A094DD.d.AD688B45A7660E49681CE38669166408.e.5938"}]}
COMMAND: GET /session/e87ee5c00bb1e8c61ee38b6c01d07093/element/f.C39E6AC59F605FD7CA79606EE8A094DD.d.AD688B45A7660E49681CE38669166408.e.5938/enabled - {}
COMMAND: GET /session/e87ee5c00bb1e8c61ee38b6c01d07093/screenshot - {}
RESULT: {}
COMMAND: POST /session/e87ee5c00bb1e8c61ee38b6c01d07093/execute/sync - {"script":"<script> [8489 bytes]","args":[{"element-6066-11e4-a52e-4f735466cecf":"f.C39E6AC59F605FD7CA79606EE8A094DD.d.AD688B45A7660E49681CE38669166408.e.5938","ELEMENT":"f.C39E6AC59F605FD7CA79606EE8A094DD.d.AD688B45A7660E49681CE38669166408.e.5938"}]}
COMMAND: GET /session/e87ee5c00bb1e8c61ee38b6c01d07093/screenshot - {}
RESULT: {}
RESULT: {"script":"<script> [8489 bytes]","args":[{"element-6066-11e4-a52e-4f735466cecf":"f.C39E6AC59F605FD7CA79606EE8A094DD.d.AD688B45A7660E49681CE38669166408.e.5938","ELEMENT":"f.C39E6AC59F605FD7CA79606EE8A094DD.d.AD688B45A7660E49681CE38669166408.e.5938"}]}
COMMAND: POST /session/e87ee5c00bb1e8c61ee38b6c01d07093/execute/sync - {"script":"<script> [5351 bytes]","args":[{"element-6066-11e4-a52e-4f735466cecf":"f.C39E6AC59F605FD7CA79606EE8A094DD.d.AD688B45A7660E49681CE38669166408.e.5938","ELEMENT":"f.C39E6AC59F605FD7CA79606EE8A094DD.d.AD688B45A7660E49681CE38669166408.e.5938"}]}
COMMAND: GET /session/e87ee5c00bb1e8c61ee38b6c01d07093/screenshot - {}
RESULT: {}
RESULT: {"script":"<script> [5351 bytes]","args":[{"element-6066-11e4-a52e-4f735466cecf":"f.C39E6AC59F605FD7CA79606EE8A094DD.d.AD688B45A7660E49681CE38669166408.e.5938","ELEMENT":"f.C39E6AC59F605FD7CA79606EE8A094DD.d.AD688B45A7660E49681CE38669166408.e.5938"}]}
COMMAND: POST /session/e87ee5c00bb1e8c61ee38b6c01d07093/element/f.C39E6AC59F605FD7CA79606EE8A094DD.d.AD688B45A7660E49681CE38669166408.e.5938/click - {}
COMMAND: GET /session/e87ee5c00bb1e8c61ee38b6c01d07093/screenshot - {}
RESULT: {}
RESULT: {}
COMMAND: GET /session/e87ee5c00bb1e8c61ee38b6c01d07093/screenshot - {}
COMMAND: POST /session/e87ee5c00bb1e8c61ee38b6c01d07093/element - {"using":"xpath","value":"//span[contains(@id ,\"AddNewHO--typeSelect-arrow\")]"}
RESULT: {}
RESULT: {}
RESULT: {"using":"xpath","value":"//span[contains(@id ,\"AddNewHO--typeSelect-arrow\")]"}
COMMAND: POST /session/e87ee5c00bb1e8c61ee38b6c01d07093/element/f.C39E6AC59F605FD7CA79606EE8A094DD.d.AD688B45A7660E49681CE38669166408.e.6281/click - {}
RESULT: {}
COMMAND: GET /session/e87ee5c00bb1e8c61ee38b6c01d07093/screenshot - {}
RESULT: {}
COMMAND: POST /session/e87ee5c00bb1e8c61ee38b6c01d07093/element - {"using":"xpath","value":"(//li[contains(text(), \"stock increase yard\")])[1]"}
RESULT: {"using":"xpath","value":"(//li[contains(text(), \"stock increase yard\")])[1]"}
COMMAND: POST /session/e87ee5c00bb1e8c61ee38b6c01d07093/element/f.C39E6AC59F605FD7CA79606EE8A094DD.d.AD688B45A7660E49681CE38669166408.e.6282/click - {}
RESULT: {}
COMMAND: GET /session/e87ee5c00bb1e8c61ee38b6c01d07093/screenshot - {}
RESULT: {}
COMMAND: POST /session/e87ee5c00bb1e8c61ee38b6c01d07093/execute/async - {"script":"<script> [1562 bytes]","args":[{"selector":{"id":"application-managehandovers-display-component---AddNewHO--dueDate","interaction":{"idSuffix":"inner"}},"wdio_ui5_key":"applicationmanagehandovers-display-component---AddNewHO--dueDate"}]}
RESULT: {"script":"<script> [1562 bytes]","args":[{"selector":{"id":"application-managehandovers-display-component---AddNewHO--dueDate","interaction":{"idSuffix":"inner"}},"wdio_ui5_key":"applicationmanagehandovers-display-component---AddNewHO--dueDate"}]}
RESULT: undefined
COMMAND: POST /session/e87ee5c00bb1e8c61ee38b6c01d07093/execute/async - {"script":"<script> [6424 bytes]","args":[{"element-6066-11e4-a52e-4f735466cecf":"f.C39E6AC59F605FD7CA79606EE8A094DD.d.AD688B45A7660E49681CE38669166408.e.6286"},"setValue",["5/25/25"]]}
RESULT: {"script":"<script> [6424 bytes]","args":[{"element-6066-11e4-a52e-4f735466cecf":"f.C39E6AC59F605FD7CA79606EE8A094DD.d.AD688B45A7660E49681CE38669166408.e.6286"},"setValue",["5/25/25"]]}
COMMAND: POST /session/e87ee5c00bb1e8c61ee38b6c01d07093/element - {"using":"xpath","value":"//input[@id=\"generalSectionFrg--receiveYard-inner\"]"}
RESULT: {"using":"xpath","value":"//input[@id=\"generalSectionFrg--receiveYard-inner\"]"}
COMMAND: POST /session/e87ee5c00bb1e8c61ee38b6c01d07093/element/f.C39E6AC59F605FD7CA79606EE8A094DD.d.AD688B45A7660E49681CE38669166408.e.6292/clear - {}
RESULT: {}
COMMAND: POST /session/e87ee5c00bb1e8c61ee38b6c01d07093/element/f.C39E6AC59F605FD7CA79606EE8A094DD.d.AD688B45A7660E49681CE38669166408.e.6292/value - {"text":"280"}
COMMAND: GET /session/e87ee5c00bb1e8c61ee38b6c01d07093/screenshot - {}
RESULT: {"text":"280"}
COMMAND: GET /session/e87ee5c00bb1e8c61ee38b6c01d07093/screenshot - {}
RESULT: {}
RESULT: {}
COMMAND: POST /session/e87ee5c00bb1e8c61ee38b6c01d07093/element - {"using":"xpath","value":"//li[.//span[text()='280']]"}
RESULT: {"using":"xpath","value":"//li[.//span[text()='280']]"}
COMMAND: POST /session/e87ee5c00bb1e8c61ee38b6c01d07093/element/f.C39E6AC59F605FD7CA79606EE8A094DD.d.AD688B45A7660E49681CE38669166408.e.6308/click - {}
RESULT: {}
COMMAND: GET /session/e87ee5c00bb1e8c61ee38b6c01d07093/screenshot - {}
RESULT: {}
COMMAND: POST /session/e87ee5c00bb1e8c61ee38b6c01d07093/execute/async - {"script":"<script> [1562 bytes]","args":[{"selector":{"id":"application-managehandovers-display-component---AddNewHO--ObjectPageLayout-anchBar-application-managehandovers-display-component---AddNewHO--section4-anchor","interaction":{"idSuffix":"BDI-content"}},"wdio_ui5_key":"applicationmanagehandovers-display-component---AddNewHO--ObjectPageLayout-anchBar-application-managehandovers-display-component---AddNewHO--section4-anchor"}]}
RESULT: {"script":"<script> [1562 bytes]","args":[{"selector":{"id":"application-managehandovers-display-component---AddNewHO--ObjectPageLayout-anchBar-application-managehandovers-display-component---AddNewHO--section4-anchor","interaction":{"idSuffix":"BDI-content"}},"wdio_ui5_key":"applicationmanagehandovers-display-component---AddNewHO--ObjectPageLayout-anchBar-application-managehandovers-display-component---AddNewHO--section4-anchor"}]}
RESULT: undefined
COMMAND: POST /session/e87ee5c00bb1e8c61ee38b6c01d07093/element - {"using":"xpath","value":"//*[@id=\"application-managehandovers-display-component---AddNewHO--ObjectPageLayout-anchBar-application-managehandovers-display-component---AddNewHO--section4-anchor\"]"}
RESULT: {"using":"xpath","value":"//*[@id=\"application-managehandovers-display-component---AddNewHO--ObjectPageLayout-anchBar-application-managehandovers-display-component---AddNewHO--section4-anchor\"]"}
COMMAND: POST /session/e87ee5c00bb1e8c61ee38b6c01d07093/element/f.C39E6AC59F605FD7CA79606EE8A094DD.d.AD688B45A7660E49681CE38669166408.e.6310/click - {}
RESULT: {}
COMMAND: POST /session/e87ee5c00bb1e8c61ee38b6c01d07093/element - {"using":"xpath","value":"//button[@aria-label=\"Add\"]"}
COMMAND: GET /session/e87ee5c00bb1e8c61ee38b6c01d07093/screenshot - {}
RESULT: {"using":"xpath","value":"//button[@aria-label=\"Add\"]"}
COMMAND: POST /session/e87ee5c00bb1e8c61ee38b6c01d07093/element/f.C39E6AC59F605FD7CA79606EE8A094DD.d.AD688B45A7660E49681CE38669166408.e.6312/click - {}
RESULT: {}
RESULT: {}
COMMAND: GET /session/e87ee5c00bb1e8c61ee38b6c01d07093/screenshot - {}
RESULT: {}
COMMAND: POST /session/e87ee5c00bb1e8c61ee38b6c01d07093/execute/async - {"script":"<script> [1562 bytes]","args":[{"selector":{"id":"application-managehandovers-display-component---AddNewHO--smartFilterBar-btnBasicSearch","searchOpenDialogs":true,"interaction":{"idSuffix":"I"}},"wdio_ui5_key":"applicationmanagehandovers-display-component---AddNewHO--smartFilterBar-btnBasicSearch"}]}
RESULT: {"script":"<script> [1562 bytes]","args":[{"selector":{"id":"application-managehandovers-display-component---AddNewHO--smartFilterBar-btnBasicSearch","searchOpenDialogs":true,"interaction":{"idSuffix":"I"}},"wdio_ui5_key":"applicationmanagehandovers-display-component---AddNewHO--smartFilterBar-btnBasicSearch"}]}
RESULT: undefined
COMMAND: POST /session/e87ee5c00bb1e8c61ee38b6c01d07093/execute/async - {"script":"<script> [776 bytes]","args":[{"enterText":"EgtE16yD0t","selector":{"id":"application-managehandovers-display-component---AddNewHO--smartFilterBar-btnBasicSearch","searchOpenDialogs":true,"interaction":{"idSuffix":"I"}},"clearTextFirst":true,"interactionType":"ENTER_TEXT"}]}
RESULT: {"script":"<script> [776 bytes]","args":[{"enterText":"EgtE16yD0t","selector":{"id":"application-managehandovers-display-component---AddNewHO--smartFilterBar-btnBasicSearch","searchOpenDialogs":true,"interaction":{"idSuffix":"I"}},"clearTextFirst":true,"interactionType":"ENTER_TEXT"}]}
COMMAND: POST /session/e87ee5c00bb1e8c61ee38b6c01d07093/actions - {"actions":[{"id":"action18","type":"key","parameters":{},"actions":[{"type":"keyDown","value":""},{"type":"pause","duration":10},{"type":"keyUp","value":""}]}]}
RESULT: {"actions":[{"id":"action18","type":"key","parameters":{},"actions":[{"type":"keyDown","value":""},{"type":"pause","duration":10},{"type":"keyUp","value":""}]}]}
COMMAND: GET /session/e87ee5c00bb1e8c61ee38b6c01d07093/screenshot - {}
RESULT: {}
COMMAND: POST /session/e87ee5c00bb1e8c61ee38b6c01d07093/execute/async - {"script":"<script> [1562 bytes]","args":[{"selector":{"id":"application-managehandovers-display-component---AddNewHO--popup-sa","searchOpenDialogs":true,"interaction":{"idSuffix":"CbBg"}},"wdio_ui5_key":"applicationmanagehandovers-display-component---AddNewHO--popup-sa"}]}
RESULT: {"script":"<script> [1562 bytes]","args":[{"selector":{"id":"application-managehandovers-display-component---AddNewHO--popup-sa","searchOpenDialogs":true,"interaction":{"idSuffix":"CbBg"}},"wdio_ui5_key":"applicationmanagehandovers-display-component---AddNewHO--popup-sa"}]}
RESULT: undefined
COMMAND: POST /session/e87ee5c00bb1e8c61ee38b6c01d07093/element - {"using":"xpath","value":"//*[@id=\"application-managehandovers-display-component---AddNewHO--popup-sa\"]"}
RESULT: {"using":"xpath","value":"//*[@id=\"application-managehandovers-display-component---AddNewHO--popup-sa\"]"}
COMMAND: POST /session/e87ee5c00bb1e8c61ee38b6c01d07093/element/f.C39E6AC59F605FD7CA79606EE8A094DD.d.AD688B45A7660E49681CE38669166408.e.6468/click - {}
RESULT: {}
COMMAND: GET /session/e87ee5c00bb1e8c61ee38b6c01d07093/screenshot - {}
RESULT: {}
COMMAND: POST /session/e87ee5c00bb1e8c61ee38b6c01d07093/element - {"using":"xpath","value":"//bdi[contains(text(), \"Select\")]"}
RESULT: {"using":"xpath","value":"//bdi[contains(text(), \"Select\")]"}
COMMAND: POST /session/e87ee5c00bb1e8c61ee38b6c01d07093/element/f.C39E6AC59F605FD7CA79606EE8A094DD.d.AD688B45A7660E49681CE38669166408.e.6469/click - {}
RESULT: {}
COMMAND: GET /session/e87ee5c00bb1e8c61ee38b6c01d07093/screenshot - {}
RESULT: {}
COMMAND: POST /session/e87ee5c00bb1e8c61ee38b6c01d07093/element - {"using":"xpath","value":"//button[@data-kt=\"AddNewHOSaveButton\"]"}
RESULT: {"using":"xpath","value":"//button[@data-kt=\"AddNewHOSaveButton\"]"}
COMMAND: POST /session/e87ee5c00bb1e8c61ee38b6c01d07093/element/f.C39E6AC59F605FD7CA79606EE8A094DD.d.AD688B45A7660E49681CE38669166408.e.6473/click - {}
RESULT: {}
COMMAND: GET /session/e87ee5c00bb1e8c61ee38b6c01d07093/screenshot - {}
RESULT: {}
COMMAND: POST /session/e87ee5c00bb1e8c61ee38b6c01d07093/execute/async - {"script":"<script> [1562 bytes]","args":[{"selector":{"id":"receiptDatePicker","viewName":"etm.portal.ui.managehandovers.view.DetailExecuteHO","interaction":{"idSuffix":"inner"}},"wdio_ui5_key":"receiptDatePickeretmportal.ui.managehandovers.view.DetailExecuteHO"}]}
RESULT: {"script":"<script> [1562 bytes]","args":[{"selector":{"id":"receiptDatePicker","viewName":"etm.portal.ui.managehandovers.view.DetailExecuteHO","interaction":{"idSuffix":"inner"}},"wdio_ui5_key":"receiptDatePickeretmportal.ui.managehandovers.view.DetailExecuteHO"}]}
RESULT: undefined
COMMAND: POST /session/e87ee5c00bb1e8c61ee38b6c01d07093/execute/async - {"script":"<script> [6424 bytes]","args":[{"element-6066-11e4-a52e-4f735466cecf":"f.C39E6AC59F605FD7CA79606EE8A094DD.d.AD688B45A7660E49681CE38669166408.e.6504"},"setValue",["5/25/25"]]}
RESULT: {"script":"<script> [6424 bytes]","args":[{"element-6066-11e4-a52e-4f735466cecf":"f.C39E6AC59F605FD7CA79606EE8A094DD.d.AD688B45A7660E49681CE38669166408.e.6504"},"setValue",["5/25/25"]]}
COMMAND: POST /session/e87ee5c00bb1e8c61ee38b6c01d07093/element - {"using":"xpath","value":"//button[@data-kt=\"ReceivingTableConfirmAllButton\"]"}
RESULT: {"using":"xpath","value":"//button[@data-kt=\"ReceivingTableConfirmAllButton\"]"}
COMMAND: POST /session/e87ee5c00bb1e8c61ee38b6c01d07093/element/f.C39E6AC59F605FD7CA79606EE8A094DD.d.AD688B45A7660E49681CE38669166408.e.6520/click - {}
RESULT: {}
COMMAND: GET /session/e87ee5c00bb1e8c61ee38b6c01d07093/screenshot - {}
RESULT: {}
COMMAND: POST /session/e87ee5c00bb1e8c61ee38b6c01d07093/element - {"using":"xpath","value":"//bdi[contains(text(), \"OK\")]"}
RESULT: {"using":"xpath","value":"//bdi[contains(text(), \"OK\")]"}
COMMAND: POST /session/e87ee5c00bb1e8c61ee38b6c01d07093/element/f.C39E6AC59F605FD7CA79606EE8A094DD.d.AD688B45A7660E49681CE38669166408.e.6522/click - {}
RESULT: {}
COMMAND: GET /session/e87ee5c00bb1e8c61ee38b6c01d07093/screenshot - {}
RESULT: {}
COMMAND: POST /session/e87ee5c00bb1e8c61ee38b6c01d07093/element - {"using":"xpath","value":"(//bdi[contains(text(), \"Receive\")])[2]"}
RESULT: {"using":"xpath","value":"(//bdi[contains(text(), \"Receive\")])[2]"}
COMMAND: POST /session/e87ee5c00bb1e8c61ee38b6c01d07093/element/f.C39E6AC59F605FD7CA79606EE8A094DD.d.AD688B45A7660E49681CE38669166408.e.6524/click - {}
RESULT: {}
COMMAND: GET /session/e87ee5c00bb1e8c61ee38b6c01d07093/screenshot - {}
RESULT: {}
COMMAND: POST /session/e87ee5c00bb1e8c61ee38b6c01d07093/element - {"using":"css selector","value":"#shell-header-logo"}
RESULT: {"using":"css selector","value":"#shell-header-logo"}
COMMAND: POST /session/e87ee5c00bb1e8c61ee38b6c01d07093/element/f.C39E6AC59F605FD7CA79606EE8A094DD.d.AD688B45A7660E49681CE38669166408.e.5903/click - {}
RESULT: {}
COMMAND: GET /session/e87ee5c00bb1e8c61ee38b6c01d07093/screenshot - {}
RESULT: {}
]]></system-out>
    </testcase>
    <testcase classname="chrome.136_0_7103_93.windows.Billing_Transfer_-_Master_data_&amp;_Intercompany_US127250" name="Should create a new contract" time="60.343">
      <system-out><![CDATA[
COMMAND: POST /session/e87ee5c00bb1e8c61ee38b6c01d07093/execute/async - {"script":"<script> [1562 bytes]","args":[{"selector":{"controlType":"sap.m.GenericTile","properties":{"header":"Manage Contracts"}},"wdio_ui5_key":"sapm.GenericTile{\"header\":\"Manage Contracts\"}"}]}
RESULT: {"script":"<script> [1562 bytes]","args":[{"selector":{"controlType":"sap.m.GenericTile","properties":{"header":"Manage Contracts"}},"wdio_ui5_key":"sapm.GenericTile{\"header\":\"Manage Contracts\"}"}]}
RESULT: undefined
COMMAND: POST /session/e87ee5c00bb1e8c61ee38b6c01d07093/element - {"using":"xpath","value":"//*[@id=\"__tile130\"]"}
RESULT: {"using":"xpath","value":"//*[@id=\"__tile130\"]"}
COMMAND: POST /session/e87ee5c00bb1e8c61ee38b6c01d07093/element/f.C39E6AC59F605FD7CA79606EE8A094DD.d.AD688B45A7660E49681CE38669166408.e.4544/click - {}
RESULT: {}
COMMAND: GET /session/e87ee5c00bb1e8c61ee38b6c01d07093/screenshot - {}
RESULT: {}
COMMAND: POST /session/e87ee5c00bb1e8c61ee38b6c01d07093/elements - {"using":"xpath","value":"//span[text()='Error']"}
RESULT: {"using":"xpath","value":"//span[text()='Error']"}
COMMAND: POST /session/e87ee5c00bb1e8c61ee38b6c01d07093/element - {"using":"xpath","value":"//button[@data-kt=\"addButton\"]"}
RESULT: {"using":"xpath","value":"//button[@data-kt=\"addButton\"]"}
COMMAND: POST /session/e87ee5c00bb1e8c61ee38b6c01d07093/elements - {"using":"xpath","value":"//button[@data-kt=\"addButton\"]"}
RESULT: {"using":"xpath","value":"//button[@data-kt=\"addButton\"]"}
COMMAND: POST /session/e87ee5c00bb1e8c61ee38b6c01d07093/execute/sync - {"script":"<script> [8489 bytes]","args":[{"element-6066-11e4-a52e-4f735466cecf":"f.C39E6AC59F605FD7CA79606EE8A094DD.d.AD688B45A7660E49681CE38669166408.e.6747","ELEMENT":"f.C39E6AC59F605FD7CA79606EE8A094DD.d.AD688B45A7660E49681CE38669166408.e.6747"}]}
RESULT: {"script":"<script> [8489 bytes]","args":[{"element-6066-11e4-a52e-4f735466cecf":"f.C39E6AC59F605FD7CA79606EE8A094DD.d.AD688B45A7660E49681CE38669166408.e.6747","ELEMENT":"f.C39E6AC59F605FD7CA79606EE8A094DD.d.AD688B45A7660E49681CE38669166408.e.6747"}]}
COMMAND: GET /session/e87ee5c00bb1e8c61ee38b6c01d07093/element/f.C39E6AC59F605FD7CA79606EE8A094DD.d.AD688B45A7660E49681CE38669166408.e.6747/enabled - {}
COMMAND: GET /session/e87ee5c00bb1e8c61ee38b6c01d07093/screenshot - {}
RESULT: {}
COMMAND: POST /session/e87ee5c00bb1e8c61ee38b6c01d07093/execute/sync - {"script":"<script> [8489 bytes]","args":[{"element-6066-11e4-a52e-4f735466cecf":"f.C39E6AC59F605FD7CA79606EE8A094DD.d.AD688B45A7660E49681CE38669166408.e.6747","ELEMENT":"f.C39E6AC59F605FD7CA79606EE8A094DD.d.AD688B45A7660E49681CE38669166408.e.6747"}]}
COMMAND: GET /session/e87ee5c00bb1e8c61ee38b6c01d07093/screenshot - {}
RESULT: {}
RESULT: {"script":"<script> [8489 bytes]","args":[{"element-6066-11e4-a52e-4f735466cecf":"f.C39E6AC59F605FD7CA79606EE8A094DD.d.AD688B45A7660E49681CE38669166408.e.6747","ELEMENT":"f.C39E6AC59F605FD7CA79606EE8A094DD.d.AD688B45A7660E49681CE38669166408.e.6747"}]}
COMMAND: POST /session/e87ee5c00bb1e8c61ee38b6c01d07093/execute/sync - {"script":"<script> [5351 bytes]","args":[{"element-6066-11e4-a52e-4f735466cecf":"f.C39E6AC59F605FD7CA79606EE8A094DD.d.AD688B45A7660E49681CE38669166408.e.6747","ELEMENT":"f.C39E6AC59F605FD7CA79606EE8A094DD.d.AD688B45A7660E49681CE38669166408.e.6747"}]}
COMMAND: GET /session/e87ee5c00bb1e8c61ee38b6c01d07093/screenshot - {}
RESULT: {}
RESULT: {"script":"<script> [5351 bytes]","args":[{"element-6066-11e4-a52e-4f735466cecf":"f.C39E6AC59F605FD7CA79606EE8A094DD.d.AD688B45A7660E49681CE38669166408.e.6747","ELEMENT":"f.C39E6AC59F605FD7CA79606EE8A094DD.d.AD688B45A7660E49681CE38669166408.e.6747"}]}
COMMAND: GET /session/e87ee5c00bb1e8c61ee38b6c01d07093/screenshot - {}
RESULT: {}
RESULT: {}
COMMAND: POST /session/e87ee5c00bb1e8c61ee38b6c01d07093/element/f.C39E6AC59F605FD7CA79606EE8A094DD.d.AD688B45A7660E49681CE38669166408.e.6747/click - {}
RESULT: {}
COMMAND: GET /session/e87ee5c00bb1e8c61ee38b6c01d07093/screenshot - {}
COMMAND: POST /session/e87ee5c00bb1e8c61ee38b6c01d07093/execute/async - {"script":"<script> [1562 bytes]","args":[{"selector":{"id":"application-managecontracts-display-component---AddNewContract--projectDescription","interaction":{"idSuffix":"inner"}},"wdio_ui5_key":"applicationmanagecontracts-display-component---AddNewContract--projectDescription"}]}
RESULT: {}
RESULT: {"script":"<script> [1562 bytes]","args":[{"selector":{"id":"application-managecontracts-display-component---AddNewContract--projectDescription","interaction":{"idSuffix":"inner"}},"wdio_ui5_key":"applicationmanagecontracts-display-component---AddNewContract--projectDescription"}]}
RESULT: undefined
COMMAND: POST /session/e87ee5c00bb1e8c61ee38b6c01d07093/execute/async - {"script":"<script> [776 bytes]","args":[{"enterText":"Intercompany Contract WDIO","selector":{"id":"application-managecontracts-display-component---AddNewContract--projectDescription","interaction":{"idSuffix":"inner"}},"clearTextFirst":true,"interactionType":"ENTER_TEXT"}]}
RESULT: {"script":"<script> [776 bytes]","args":[{"enterText":"Intercompany Contract WDIO","selector":{"id":"application-managecontracts-display-component---AddNewContract--projectDescription","interaction":{"idSuffix":"inner"}},"clearTextFirst":true,"interactionType":"ENTER_TEXT"}]}
COMMAND: POST /session/e87ee5c00bb1e8c61ee38b6c01d07093/element - {"using":"xpath","value":"//input[@id=\"application-managecontracts-display-component---AddNewContract--site-inner\"]"}
RESULT: {"using":"xpath","value":"//input[@id=\"application-managecontracts-display-component---AddNewContract--site-inner\"]"}
COMMAND: POST /session/e87ee5c00bb1e8c61ee38b6c01d07093/element/f.C39E6AC59F605FD7CA79606EE8A094DD.d.AD688B45A7660E49681CE38669166408.e.7067/clear - {}
RESULT: {}
COMMAND: POST /session/e87ee5c00bb1e8c61ee38b6c01d07093/element/f.C39E6AC59F605FD7CA79606EE8A094DD.d.AD688B45A7660E49681CE38669166408.e.7067/value - {"text":"2118"}
COMMAND: GET /session/e87ee5c00bb1e8c61ee38b6c01d07093/screenshot - {}
RESULT: {"text":"2118"}
COMMAND: GET /session/e87ee5c00bb1e8c61ee38b6c01d07093/screenshot - {}
RESULT: {}
RESULT: {}
COMMAND: POST /session/e87ee5c00bb1e8c61ee38b6c01d07093/element - {"using":"xpath","value":"//li[.//span[text()='2118']]"}
RESULT: {"using":"xpath","value":"//li[.//span[text()='2118']]"}
COMMAND: POST /session/e87ee5c00bb1e8c61ee38b6c01d07093/element/f.C39E6AC59F605FD7CA79606EE8A094DD.d.AD688B45A7660E49681CE38669166408.e.7150/click - {}
RESULT: {}
COMMAND: GET /session/e87ee5c00bb1e8c61ee38b6c01d07093/screenshot - {}
RESULT: {}
COMMAND: POST /session/e87ee5c00bb1e8c61ee38b6c01d07093/element - {"using":"xpath","value":"//input[@id=\"application-managecontracts-display-component---AddNewContract--yardId-inner\"]"}
RESULT: {"using":"xpath","value":"//input[@id=\"application-managecontracts-display-component---AddNewContract--yardId-inner\"]"}
COMMAND: GET /session/e87ee5c00bb1e8c61ee38b6c01d07093/element/f.C39E6AC59F605FD7CA79606EE8A094DD.d.AD688B45A7660E49681CE38669166408.e.7068/property/value - {}
RESULT: {}
COMMAND: POST /session/e87ee5c00bb1e8c61ee38b6c01d07093/element - {"using":"xpath","value":"//input[@id=\"application-managecontracts-display-component---AddNewContract--customerSelect-inner\"]"}
COMMAND: GET /session/e87ee5c00bb1e8c61ee38b6c01d07093/screenshot - {}
RESULT: {"using":"xpath","value":"//input[@id=\"application-managecontracts-display-component---AddNewContract--customerSelect-inner\"]"}
COMMAND: POST /session/e87ee5c00bb1e8c61ee38b6c01d07093/element/f.C39E6AC59F605FD7CA79606EE8A094DD.d.AD688B45A7660E49681CE38669166408.e.7066/clear - {}
RESULT: {}
RESULT: {}
COMMAND: POST /session/e87ee5c00bb1e8c61ee38b6c01d07093/element/f.C39E6AC59F605FD7CA79606EE8A094DD.d.AD688B45A7660E49681CE38669166408.e.7066/value - {"text":"1125"}
COMMAND: GET /session/e87ee5c00bb1e8c61ee38b6c01d07093/screenshot - {}
RESULT: {"text":"1125"}
COMMAND: GET /session/e87ee5c00bb1e8c61ee38b6c01d07093/screenshot - {}
RESULT: {}
RESULT: {}
COMMAND: POST /session/e87ee5c00bb1e8c61ee38b6c01d07093/element - {"using":"xpath","value":"//li[.//span[text()='1125']]"}
RESULT: {"using":"xpath","value":"//li[.//span[text()='1125']]"}
COMMAND: POST /session/e87ee5c00bb1e8c61ee38b6c01d07093/element/f.C39E6AC59F605FD7CA79606EE8A094DD.d.AD688B45A7660E49681CE38669166408.e.7153/click - {}
RESULT: {}
COMMAND: GET /session/e87ee5c00bb1e8c61ee38b6c01d07093/screenshot - {}
RESULT: {}
COMMAND: POST /session/e87ee5c00bb1e8c61ee38b6c01d07093/element - {"using":"xpath","value":"//button[@data-kt=\"saveButton\"]"}
RESULT: {"using":"xpath","value":"//button[@data-kt=\"saveButton\"]"}
COMMAND: POST /session/e87ee5c00bb1e8c61ee38b6c01d07093/element/f.C39E6AC59F605FD7CA79606EE8A094DD.d.AD688B45A7660E49681CE38669166408.e.7143/click - {}
RESULT: {}
COMMAND: GET /session/e87ee5c00bb1e8c61ee38b6c01d07093/screenshot - {}
RESULT: {}
COMMAND: POST /session/e87ee5c00bb1e8c61ee38b6c01d07093/element - {"using":"xpath","value":"//span[contains(@id ,\"contractDetailTitleNoExpanded\")]"}
RESULT: {"using":"xpath","value":"//span[contains(@id ,\"contractDetailTitleNoExpanded\")]"}
COMMAND: POST /session/e87ee5c00bb1e8c61ee38b6c01d07093/elements - {"using":"xpath","value":"//span[contains(@id ,\"contractDetailTitleNoExpanded\")]"}
RESULT: {"using":"xpath","value":"//span[contains(@id ,\"contractDetailTitleNoExpanded\")]"}
COMMAND: POST /session/e87ee5c00bb1e8c61ee38b6c01d07093/execute/sync - {"script":"<script> [56 bytes]","args":[{"element-6066-11e4-a52e-4f735466cecf":"f.C39E6AC59F605FD7CA79606EE8A094DD.d.AD688B45A7660E49681CE38669166408.e.7225","ELEMENT":"f.C39E6AC59F605FD7CA79606EE8A094DD.d.AD688B45A7660E49681CE38669166408.e.7225"}]}
RESULT: {"script":"<script> [56 bytes]","args":[{"element-6066-11e4-a52e-4f735466cecf":"f.C39E6AC59F605FD7CA79606EE8A094DD.d.AD688B45A7660E49681CE38669166408.e.7225","ELEMENT":"f.C39E6AC59F605FD7CA79606EE8A094DD.d.AD688B45A7660E49681CE38669166408.e.7225"}]}
COMMAND: GET /session/e87ee5c00bb1e8c61ee38b6c01d07093/screenshot - {}
RESULT: {}
]]></system-out>
    </testcase>
    <testcase classname="chrome.136_0_7103_93.windows.Billing_Transfer_-_Master_data_&amp;_Intercompany_US127250" name="Should add equipment to the contract" time="45.847">
      <system-out><![CDATA[
COMMAND: POST /session/e87ee5c00bb1e8c61ee38b6c01d07093/element - {"using":"xpath","value":"//button[@data-kt=\"contractDetailEditBtnButton\"]"}
RESULT: {"using":"xpath","value":"//button[@data-kt=\"contractDetailEditBtnButton\"]"}
COMMAND: POST /session/e87ee5c00bb1e8c61ee38b6c01d07093/element/f.C39E6AC59F605FD7CA79606EE8A094DD.d.AD688B45A7660E49681CE38669166408.e.7227/click - {}
RESULT: {}
COMMAND: GET /session/e87ee5c00bb1e8c61ee38b6c01d07093/screenshot - {}
RESULT: {}
COMMAND: POST /session/e87ee5c00bb1e8c61ee38b6c01d07093/element - {"using":"xpath","value":"(//span[contains(text(), \"Additional Addresses\")])[2]"}
RESULT: {"using":"xpath","value":"(//span[contains(text(), \"Additional Addresses\")])[2]"}
COMMAND: POST /session/e87ee5c00bb1e8c61ee38b6c01d07093/element/f.C39E6AC59F605FD7CA79606EE8A094DD.d.AD688B45A7660E49681CE38669166408.e.7282/click - {}
RESULT: {}
COMMAND: GET /session/e87ee5c00bb1e8c61ee38b6c01d07093/screenshot - {}
RESULT: {}
COMMAND: POST /session/e87ee5c00bb1e8c61ee38b6c01d07093/element - {"using":"xpath","value":"//button[@data-kt=\"btnAddTableRowOverflowToolbarButton\"]"}
RESULT: {"using":"xpath","value":"//button[@data-kt=\"btnAddTableRowOverflowToolbarButton\"]"}
COMMAND: POST /session/e87ee5c00bb1e8c61ee38b6c01d07093/element/f.C39E6AC59F605FD7CA79606EE8A094DD.d.AD688B45A7660E49681CE38669166408.e.7285/click - {}
RESULT: {}
COMMAND: GET /session/e87ee5c00bb1e8c61ee38b6c01d07093/screenshot - {}
RESULT: {}
COMMAND: POST /session/e87ee5c00bb1e8c61ee38b6c01d07093/element - {"using":"xpath","value":"//div[(text() = 'Standard Entry' or . = 'Standard Entry')]"}
RESULT: {"using":"xpath","value":"//div[(text() = 'Standard Entry' or . = 'Standard Entry')]"}
COMMAND: POST /session/e87ee5c00bb1e8c61ee38b6c01d07093/element/f.C39E6AC59F605FD7CA79606EE8A094DD.d.AD688B45A7660E49681CE38669166408.e.7287/click - {}
RESULT: {}
COMMAND: GET /session/e87ee5c00bb1e8c61ee38b6c01d07093/screenshot - {}
RESULT: {}
COMMAND: POST /session/e87ee5c00bb1e8c61ee38b6c01d07093/element - {"using":"xpath","value":"//td[7]/div/div/input"}
RESULT: {"using":"xpath","value":"//td[7]/div/div/input"}
COMMAND: POST /session/e87ee5c00bb1e8c61ee38b6c01d07093/element/f.C39E6AC59F605FD7CA79606EE8A094DD.d.AD688B45A7660E49681CE38669166408.e.7296/clear - {}
RESULT: {}
COMMAND: POST /session/e87ee5c00bb1e8c61ee38b6c01d07093/element/f.C39E6AC59F605FD7CA79606EE8A094DD.d.AD688B45A7660E49681CE38669166408.e.7296/value - {"text":"EgtE16yD0t"}
COMMAND: GET /session/e87ee5c00bb1e8c61ee38b6c01d07093/screenshot - {}
RESULT: {"text":"EgtE16yD0t"}
COMMAND: GET /session/e87ee5c00bb1e8c61ee38b6c01d07093/screenshot - {}
RESULT: {}
RESULT: {}
COMMAND: POST /session/e87ee5c00bb1e8c61ee38b6c01d07093/actions - {"actions":[{"id":"action19","type":"key","parameters":{},"actions":[{"type":"keyDown","value":""},{"type":"pause","duration":10},{"type":"keyUp","value":""}]}]}
RESULT: {"actions":[{"id":"action19","type":"key","parameters":{},"actions":[{"type":"keyDown","value":""},{"type":"pause","duration":10},{"type":"keyUp","value":""}]}]}
COMMAND: GET /session/e87ee5c00bb1e8c61ee38b6c01d07093/screenshot - {}
RESULT: {}
COMMAND: POST /session/e87ee5c00bb1e8c61ee38b6c01d07093/execute/sync - {"script":"<script> [276 bytes]","args":["No pricing information was found"]}
RESULT: {"script":"<script> [276 bytes]","args":["No pricing information was found"]}
COMMAND: POST /session/e87ee5c00bb1e8c61ee38b6c01d07093/element - {"using":"xpath","value":"(//button[@data-kt=\"saveButton\"])[2]"}
COMMAND: GET /session/e87ee5c00bb1e8c61ee38b6c01d07093/screenshot - {}
RESULT: {"using":"xpath","value":"(//button[@data-kt=\"saveButton\"])[2]"}
COMMAND: POST /session/e87ee5c00bb1e8c61ee38b6c01d07093/element/f.C39E6AC59F605FD7CA79606EE8A094DD.d.AD688B45A7660E49681CE38669166408.e.7311/click - {}
RESULT: {}
RESULT: {}
COMMAND: GET /session/e87ee5c00bb1e8c61ee38b6c01d07093/screenshot - {}
RESULT: {}
COMMAND: POST /session/e87ee5c00bb1e8c61ee38b6c01d07093/execute/sync - {"script":"<script> [276 bytes]","args":["Some contract items are having rental validity exceeding header rental validity"]}
RESULT: {"script":"<script> [276 bytes]","args":["Some contract items are having rental validity exceeding header rental validity"]}
COMMAND: GET /session/e87ee5c00bb1e8c61ee38b6c01d07093/screenshot - {}
RESULT: {}
COMMAND: POST /session/e87ee5c00bb1e8c61ee38b6c01d07093/element - {"using":"xpath","value":"//span[contains(@id ,\"contractItemsSmartTable-header-inner\")]"}
RESULT: {"using":"xpath","value":"//span[contains(@id ,\"contractItemsSmartTable-header-inner\")]"}
COMMAND: POST /session/e87ee5c00bb1e8c61ee38b6c01d07093/elements - {"using":"xpath","value":"//span[contains(@id ,\"contractItemsSmartTable-header-inner\")]"}
RESULT: {"using":"xpath","value":"//span[contains(@id ,\"contractItemsSmartTable-header-inner\")]"}
COMMAND: POST /session/e87ee5c00bb1e8c61ee38b6c01d07093/execute/sync - {"script":"<script> [56 bytes]","args":[{"element-6066-11e4-a52e-4f735466cecf":"f.C39E6AC59F605FD7CA79606EE8A094DD.d.AD688B45A7660E49681CE38669166408.e.7317","ELEMENT":"f.C39E6AC59F605FD7CA79606EE8A094DD.d.AD688B45A7660E49681CE38669166408.e.7317"}]}
RESULT: {"script":"<script> [56 bytes]","args":[{"element-6066-11e4-a52e-4f735466cecf":"f.C39E6AC59F605FD7CA79606EE8A094DD.d.AD688B45A7660E49681CE38669166408.e.7317","ELEMENT":"f.C39E6AC59F605FD7CA79606EE8A094DD.d.AD688B45A7660E49681CE38669166408.e.7317"}]}
]]></system-out>
    </testcase>
    <testcase classname="chrome.136_0_7103_93.windows.Billing_Transfer_-_Master_data_&amp;_Intercompany_US127250" name="Should do a provide to site handover" time="59.786">
      <system-out><![CDATA[
COMMAND: POST /session/e87ee5c00bb1e8c61ee38b6c01d07093/element - {"using":"xpath","value":"//button[@data-kt=\"provideButton\"]"}
COMMAND: GET /session/e87ee5c00bb1e8c61ee38b6c01d07093/screenshot - {}
RESULT: {"using":"xpath","value":"//button[@data-kt=\"provideButton\"]"}
COMMAND: POST /session/e87ee5c00bb1e8c61ee38b6c01d07093/element/f.C39E6AC59F605FD7CA79606EE8A094DD.d.AD688B45A7660E49681CE38669166408.e.7318/click - {}
RESULT: {}
RESULT: {}
COMMAND: GET /session/e87ee5c00bb1e8c61ee38b6c01d07093/screenshot - {}
RESULT: {}
RESULT: undefined
COMMAND: POST /session/e87ee5c00bb1e8c61ee38b6c01d07093/execute/async - {"script":"<script> [6424 bytes]","args":[{"element-6066-11e4-a52e-4f735466cecf":"f.C39E6AC59F605FD7CA79606EE8A094DD.d.AD688B45A7660E49681CE38669166408.e.6286"},"setValue",["5/25/25"]]}
COMMAND: POST /session/e87ee5c00bb1e8c61ee38b6c01d07093/execute/async - {"script":"<script> [1562 bytes]","args":[{"selector":{"id":"application-managehandovers-display-component---AddNewHO--dueDate","interaction":{"idSuffix":"inner"}},"wdio_ui5_key":"applicationmanagehandovers-display-component---AddNewHO--dueDate"}]}
RESULT: {"script":"<script> [1562 bytes]","args":[{"selector":{"id":"application-managehandovers-display-component---AddNewHO--dueDate","interaction":{"idSuffix":"inner"}},"wdio_ui5_key":"applicationmanagehandovers-display-component---AddNewHO--dueDate"}]}
COMMAND: POST /session/e87ee5c00bb1e8c61ee38b6c01d07093/execute/async - {"script":"<script> [6424 bytes]","args":[{"element-6066-11e4-a52e-4f735466cecf":"f.C39E6AC59F605FD7CA79606EE8A094DD.d.AD688B45A7660E49681CE38669166408.e.7408"},"setValue",["5/25/25"]]}
RESULT: {"script":"<script> [6424 bytes]","args":[{"element-6066-11e4-a52e-4f735466cecf":"f.C39E6AC59F605FD7CA79606EE8A094DD.d.AD688B45A7660E49681CE38669166408.e.7408"},"setValue",["5/25/25"]]}
COMMAND: POST /session/e87ee5c00bb1e8c61ee38b6c01d07093/element - {"using":"xpath","value":"//bdi[contains(text(), \"Instructions\")]"}
RESULT: {"using":"xpath","value":"//bdi[contains(text(), \"Instructions\")]"}
COMMAND: POST /session/e87ee5c00bb1e8c61ee38b6c01d07093/element/f.C39E6AC59F605FD7CA79606EE8A094DD.d.AD688B45A7660E49681CE38669166408.e.7508/click - {}
RESULT: {}
COMMAND: GET /session/e87ee5c00bb1e8c61ee38b6c01d07093/screenshot - {}
RESULT: {}
COMMAND: POST /session/e87ee5c00bb1e8c61ee38b6c01d07093/element - {"using":"xpath","value":"//button[@data-kt=\"AddNewHOProvideAddItemsButton\"]"}
RESULT: {"using":"xpath","value":"//button[@data-kt=\"AddNewHOProvideAddItemsButton\"]"}
COMMAND: POST /session/e87ee5c00bb1e8c61ee38b6c01d07093/element/f.C39E6AC59F605FD7CA79606EE8A094DD.d.AD688B45A7660E49681CE38669166408.e.7512/click - {}
RESULT: {}
COMMAND: GET /session/e87ee5c00bb1e8c61ee38b6c01d07093/screenshot - {}
RESULT: {}
RESULT: undefined
COMMAND: POST /session/e87ee5c00bb1e8c61ee38b6c01d07093/element - {"using":"xpath","value":"//*[@id=\"application-managehandovers-display-component---AddNewHO--popup-sa\"]"}
RESULT: {"using":"xpath","value":"//*[@id=\"application-managehandovers-display-component---AddNewHO--popup-sa\"]"}
COMMAND: POST /session/e87ee5c00bb1e8c61ee38b6c01d07093/element/f.C39E6AC59F605FD7CA79606EE8A094DD.d.AD688B45A7660E49681CE38669166408.e.7527/click - {}
RESULT: {}
COMMAND: GET /session/e87ee5c00bb1e8c61ee38b6c01d07093/screenshot - {}
RESULT: {}
COMMAND: POST /session/e87ee5c00bb1e8c61ee38b6c01d07093/element - {"using":"xpath","value":"//*[contains(@id ,\"BDI-content\")][contains(text(), \"Select\")]"}
RESULT: {"using":"xpath","value":"//*[contains(@id ,\"BDI-content\")][contains(text(), \"Select\")]"}
COMMAND: POST /session/e87ee5c00bb1e8c61ee38b6c01d07093/element/f.C39E6AC59F605FD7CA79606EE8A094DD.d.AD688B45A7660E49681CE38669166408.e.7528/click - {}
RESULT: {}
COMMAND: GET /session/e87ee5c00bb1e8c61ee38b6c01d07093/screenshot - {}
RESULT: {}
COMMAND: POST /session/e87ee5c00bb1e8c61ee38b6c01d07093/execute/async - {"script":"<script> [1562 bytes]","args":[{"selector":{"id":"application-managehandovers-display-component---AddNewHO--confirmCreationButton","interaction":{"idSuffix":"BDI-content"}},"wdio_ui5_key":"applicationmanagehandovers-display-component---AddNewHO--confirmCreationButton"}]}
RESULT: {"script":"<script> [1562 bytes]","args":[{"selector":{"id":"application-managehandovers-display-component---AddNewHO--confirmCreationButton","interaction":{"idSuffix":"BDI-content"}},"wdio_ui5_key":"applicationmanagehandovers-display-component---AddNewHO--confirmCreationButton"}]}
RESULT: undefined
COMMAND: POST /session/e87ee5c00bb1e8c61ee38b6c01d07093/element - {"using":"xpath","value":"//*[@id=\"application-managehandovers-display-component---AddNewHO--confirmCreationButton\"]"}
RESULT: {"using":"xpath","value":"//*[@id=\"application-managehandovers-display-component---AddNewHO--confirmCreationButton\"]"}
COMMAND: POST /session/e87ee5c00bb1e8c61ee38b6c01d07093/element/f.C39E6AC59F605FD7CA79606EE8A094DD.d.AD688B45A7660E49681CE38669166408.e.7456/click - {}
RESULT: {}
COMMAND: GET /session/e87ee5c00bb1e8c61ee38b6c01d07093/screenshot - {}
RESULT: {}
COMMAND: POST /session/e87ee5c00bb1e8c61ee38b6c01d07093/execute/async - {"script":"<script> [1562 bytes]","args":[{"selector":{"id":"issueDatePicker","viewName":"etm.portal.ui.managehandovers.view.DetailExecuteHO","interaction":{"idSuffix":"inner"}},"wdio_ui5_key":"issueDatePickeretmportal.ui.managehandovers.view.DetailExecuteHO"}]}
RESULT: {"script":"<script> [1562 bytes]","args":[{"selector":{"id":"issueDatePicker","viewName":"etm.portal.ui.managehandovers.view.DetailExecuteHO","interaction":{"idSuffix":"inner"}},"wdio_ui5_key":"issueDatePickeretmportal.ui.managehandovers.view.DetailExecuteHO"}]}
RESULT: undefined
COMMAND: POST /session/e87ee5c00bb1e8c61ee38b6c01d07093/execute/async - {"script":"<script> [776 bytes]","args":[{"enterText":"5/25/25","selector":{"id":"issueDatePicker","viewName":"etm.portal.ui.managehandovers.view.DetailExecuteHO","interaction":{"idSuffix":"inner"}},"clearTextFirst":true,"interactionType":"ENTER_TEXT"}]}
RESULT: {"script":"<script> [776 bytes]","args":[{"enterText":"5/25/25","selector":{"id":"issueDatePicker","viewName":"etm.portal.ui.managehandovers.view.DetailExecuteHO","interaction":{"idSuffix":"inner"}},"clearTextFirst":true,"interactionType":"ENTER_TEXT"}]}
COMMAND: POST /session/e87ee5c00bb1e8c61ee38b6c01d07093/element - {"using":"xpath","value":"//button[@data-kt=\"PickingTableConfirmAllButton\"]"}
RESULT: {"using":"xpath","value":"//button[@data-kt=\"PickingTableConfirmAllButton\"]"}
COMMAND: POST /session/e87ee5c00bb1e8c61ee38b6c01d07093/element/f.C39E6AC59F605FD7CA79606EE8A094DD.d.AD688B45A7660E49681CE38669166408.e.7585/click - {}
RESULT: {}
COMMAND: GET /session/e87ee5c00bb1e8c61ee38b6c01d07093/screenshot - {}
RESULT: {}
COMMAND: POST /session/e87ee5c00bb1e8c61ee38b6c01d07093/element - {"using":"xpath","value":"//bdi[contains(text(), \"OK\")]"}
RESULT: {"using":"xpath","value":"//bdi[contains(text(), \"OK\")]"}
COMMAND: POST /session/e87ee5c00bb1e8c61ee38b6c01d07093/element/f.C39E6AC59F605FD7CA79606EE8A094DD.d.AD688B45A7660E49681CE38669166408.e.7588/click - {}
RESULT: {}
COMMAND: GET /session/e87ee5c00bb1e8c61ee38b6c01d07093/screenshot - {}
RESULT: {}
COMMAND: POST /session/e87ee5c00bb1e8c61ee38b6c01d07093/element - {"using":"xpath","value":"//bdi[contains(text(), \"Issue\")]"}
RESULT: {"using":"xpath","value":"//bdi[contains(text(), \"Issue\")]"}
COMMAND: POST /session/e87ee5c00bb1e8c61ee38b6c01d07093/element/f.C39E6AC59F605FD7CA79606EE8A094DD.d.AD688B45A7660E49681CE38669166408.e.7590/click - {}
RESULT: {}
COMMAND: GET /session/e87ee5c00bb1e8c61ee38b6c01d07093/screenshot - {}
RESULT: {}
COMMAND: POST /session/e87ee5c00bb1e8c61ee38b6c01d07093/element - {"using":"css selector","value":"#shell-header-logo"}
RESULT: {"using":"css selector","value":"#shell-header-logo"}
COMMAND: POST /session/e87ee5c00bb1e8c61ee38b6c01d07093/element/f.C39E6AC59F605FD7CA79606EE8A094DD.d.AD688B45A7660E49681CE38669166408.e.6698/click - {}
RESULT: {}
COMMAND: GET /session/e87ee5c00bb1e8c61ee38b6c01d07093/screenshot - {}
RESULT: {}
]]></system-out>
    </testcase>
    <testcase classname="chrome.136_0_7103_93.windows.Billing_Transfer_-_Master_data_&amp;_Intercompany_US127250" name="Should go navigate to Manage Billings and trigger contract calculation check result" time="63.218">
      <system-out><![CDATA[
COMMAND: POST /session/e87ee5c00bb1e8c61ee38b6c01d07093/execute/async - {"script":"<script> [1562 bytes]","args":[{"selector":{"controlType":"sap.m.GenericTile","properties":{"header":"Manage Billings"}},"wdio_ui5_key":"sapm.GenericTile{\"header\":\"Manage Billings\"}"}]}
RESULT: {"script":"<script> [1562 bytes]","args":[{"selector":{"controlType":"sap.m.GenericTile","properties":{"header":"Manage Billings"}},"wdio_ui5_key":"sapm.GenericTile{\"header\":\"Manage Billings\"}"}]}
RESULT: undefined
COMMAND: POST /session/e87ee5c00bb1e8c61ee38b6c01d07093/element - {"using":"xpath","value":"//*[@id=\"__tile91\"]"}
RESULT: {"using":"xpath","value":"//*[@id=\"__tile91\"]"}
COMMAND: POST /session/e87ee5c00bb1e8c61ee38b6c01d07093/element/f.C39E6AC59F605FD7CA79606EE8A094DD.d.AD688B45A7660E49681CE38669166408.e.4585/click - {}
RESULT: {}
COMMAND: GET /session/e87ee5c00bb1e8c61ee38b6c01d07093/screenshot - {}
RESULT: {}
COMMAND: POST /session/e87ee5c00bb1e8c61ee38b6c01d07093/elements - {"using":"xpath","value":"//span[text()='Error']"}
RESULT: {"using":"xpath","value":"//span[text()='Error']"}
COMMAND: POST /session/e87ee5c00bb1e8c61ee38b6c01d07093/execute/async - {"script":"<script> [1562 bytes]","args":[{"selector":{"id":"application-managebillings-display-component---billRunCalcResult--smartFilterBar-btnBasicSearch","interaction":{"idSuffix":"I"}},"wdio_ui5_key":"applicationmanagebillings-display-component---billRunCalcResult--smartFilterBar-btnBasicSearch"}]}
RESULT: {"script":"<script> [1562 bytes]","args":[{"selector":{"id":"application-managebillings-display-component---billRunCalcResult--smartFilterBar-btnBasicSearch","interaction":{"idSuffix":"I"}},"wdio_ui5_key":"applicationmanagebillings-display-component---billRunCalcResult--smartFilterBar-btnBasicSearch"}]}
RESULT: undefined
COMMAND: POST /session/e87ee5c00bb1e8c61ee38b6c01d07093/execute/async - {"script":"<script> [776 bytes]","args":[{"enterText":"10214","selector":{"id":"application-managebillings-display-component---billRunCalcResult--smartFilterBar-btnBasicSearch","interaction":{"idSuffix":"I"}},"clearTextFirst":true,"interactionType":"ENTER_TEXT"}]}
RESULT: {"script":"<script> [776 bytes]","args":[{"enterText":"10214","selector":{"id":"application-managebillings-display-component---billRunCalcResult--smartFilterBar-btnBasicSearch","interaction":{"idSuffix":"I"}},"clearTextFirst":true,"interactionType":"ENTER_TEXT"}]}
COMMAND: POST /session/e87ee5c00bb1e8c61ee38b6c01d07093/actions - {"actions":[{"id":"action20","type":"key","parameters":{},"actions":[{"type":"keyDown","value":""},{"type":"pause","duration":10},{"type":"keyUp","value":""}]}]}
RESULT: {"actions":[{"id":"action20","type":"key","parameters":{},"actions":[{"type":"keyDown","value":""},{"type":"pause","duration":10},{"type":"keyUp","value":""}]}]}
COMMAND: GET /session/e87ee5c00bb1e8c61ee38b6c01d07093/screenshot - {}
COMMAND: POST /session/e87ee5c00bb1e8c61ee38b6c01d07093/element - {"using":"xpath","value":"//td[@aria-colindex=\"1\"]/div/div[contains(@class, \"sapMCbBg\")]"}
RESULT: {}
RESULT: {"using":"xpath","value":"//td[@aria-colindex=\"1\"]/div/div[contains(@class, \"sapMCbBg\")]"}
COMMAND: POST /session/e87ee5c00bb1e8c61ee38b6c01d07093/element/f.C39E6AC59F605FD7CA79606EE8A094DD.d.AD688B45A7660E49681CE38669166408.e.8093/click - {}
RESULT: {}
COMMAND: GET /session/e87ee5c00bb1e8c61ee38b6c01d07093/screenshot - {}
RESULT: {}
COMMAND: POST /session/e87ee5c00bb1e8c61ee38b6c01d07093/execute/async - {"script":"<script> [1562 bytes]","args":[{"selector":{"id":"application-managebillings-display-component---billRunCalcResult--contractBillRunDate","interaction":{"idSuffix":"inner"}},"wdio_ui5_key":"applicationmanagebillings-display-component---billRunCalcResult--contractBillRunDate"}]}
RESULT: {"script":"<script> [1562 bytes]","args":[{"selector":{"id":"application-managebillings-display-component---billRunCalcResult--contractBillRunDate","interaction":{"idSuffix":"inner"}},"wdio_ui5_key":"applicationmanagebillings-display-component---billRunCalcResult--contractBillRunDate"}]}
RESULT: undefined
COMMAND: POST /session/e87ee5c00bb1e8c61ee38b6c01d07093/execute/async - {"script":"<script> [776 bytes]","args":[{"enterText":"6/25/25","selector":{"id":"application-managebillings-display-component---billRunCalcResult--contractBillRunDate","interaction":{"idSuffix":"inner"}},"clearTextFirst":true,"interactionType":"ENTER_TEXT"}]}
RESULT: {"script":"<script> [776 bytes]","args":[{"enterText":"6/25/25","selector":{"id":"application-managebillings-display-component---billRunCalcResult--contractBillRunDate","interaction":{"idSuffix":"inner"}},"clearTextFirst":true,"interactionType":"ENTER_TEXT"}]}
COMMAND: POST /session/e87ee5c00bb1e8c61ee38b6c01d07093/element - {"using":"xpath","value":"//bdi[contains(text(), \"Trigger Calculation\")]"}
RESULT: {"using":"xpath","value":"//bdi[contains(text(), \"Trigger Calculation\")]"}
COMMAND: POST /session/e87ee5c00bb1e8c61ee38b6c01d07093/element/f.C39E6AC59F605FD7CA79606EE8A094DD.d.AD688B45A7660E49681CE38669166408.e.8113/click - {}
RESULT: {}
COMMAND: GET /session/e87ee5c00bb1e8c61ee38b6c01d07093/screenshot - {}
RESULT: {}
COMMAND: POST /session/e87ee5c00bb1e8c61ee38b6c01d07093/element - {"using":"xpath","value":"(//span[contains(@id, \"imgNav\")])[1]"}
RESULT: {"using":"xpath","value":"(//span[contains(@id, \"imgNav\")])[1]"}
COMMAND: POST /session/e87ee5c00bb1e8c61ee38b6c01d07093/element/f.C39E6AC59F605FD7CA79606EE8A094DD.d.AD688B45A7660E49681CE38669166408.e.8107/click - {}
RESULT: {}
COMMAND: GET /session/e87ee5c00bb1e8c61ee38b6c01d07093/screenshot - {}
RESULT: {}
COMMAND: POST /session/e87ee5c00bb1e8c61ee38b6c01d07093/element - {"using":"xpath","value":"//tr/td[6]/div[1]/span[1]/span[1]"}
RESULT: {"using":"xpath","value":"//tr/td[6]/div[1]/span[1]/span[1]"}
COMMAND: GET /session/e87ee5c00bb1e8c61ee38b6c01d07093/element/f.C39E6AC59F605FD7CA79606EE8A094DD.d.AD688B45A7660E49681CE38669166408.e.8118/text - {}
RESULT: {}
COMMAND: POST /session/e87ee5c00bb1e8c61ee38b6c01d07093/element - {"using":"xpath","value":"(//span[contains(@id, \"imgNav\")])[2]"}
RESULT: {"using":"xpath","value":"(//span[contains(@id, \"imgNav\")])[2]"}
COMMAND: POST /session/e87ee5c00bb1e8c61ee38b6c01d07093/element/f.C39E6AC59F605FD7CA79606EE8A094DD.d.AD688B45A7660E49681CE38669166408.e.8119/click - {}
RESULT: {}
COMMAND: POST /session/e87ee5c00bb1e8c61ee38b6c01d07093/element - {"using":"xpath","value":"//bdi[contains(text(), \"Business Confirm\")]"}
COMMAND: GET /session/e87ee5c00bb1e8c61ee38b6c01d07093/screenshot - {}
RESULT: {"using":"xpath","value":"//bdi[contains(text(), \"Business Confirm\")]"}
COMMAND: POST /session/e87ee5c00bb1e8c61ee38b6c01d07093/elements - {"using":"xpath","value":"//bdi[contains(text(), \"Business Confirm\")]"}
RESULT: {}
RESULT: {"using":"xpath","value":"//bdi[contains(text(), \"Business Confirm\")]"}
COMMAND: POST /session/e87ee5c00bb1e8c61ee38b6c01d07093/elements - {"using":"xpath","value":"//bdi[contains(text(), \"Business Confirm\")]"}
RESULT: {"using":"xpath","value":"//bdi[contains(text(), \"Business Confirm\")]"}
COMMAND: POST /session/e87ee5c00bb1e8c61ee38b6c01d07093/elements - {"using":"xpath","value":"//bdi[contains(text(), \"Business Confirm\")]"}
RESULT: {"using":"xpath","value":"//bdi[contains(text(), \"Business Confirm\")]"}
COMMAND: POST /session/e87ee5c00bb1e8c61ee38b6c01d07093/elements - {"using":"xpath","value":"//bdi[contains(text(), \"Business Confirm\")]"}
RESULT: {"using":"xpath","value":"//bdi[contains(text(), \"Business Confirm\")]"}
COMMAND: POST /session/e87ee5c00bb1e8c61ee38b6c01d07093/element - {"using":"xpath","value":"//bdi[contains(text(), \"Business Confirm\")]"}
RESULT: {"using":"xpath","value":"//bdi[contains(text(), \"Business Confirm\")]"}
COMMAND: POST /session/e87ee5c00bb1e8c61ee38b6c01d07093/element/f.C39E6AC59F605FD7CA79606EE8A094DD.d.AD688B45A7660E49681CE38669166408.e.8172/click - {}
RESULT: {}
COMMAND: POST /session/e87ee5c00bb1e8c61ee38b6c01d07093/element - {"using":"css selector","value":"#shell-header-logo"}
COMMAND: GET /session/e87ee5c00bb1e8c61ee38b6c01d07093/screenshot - {}
RESULT: {"using":"css selector","value":"#shell-header-logo"}
COMMAND: POST /session/e87ee5c00bb1e8c61ee38b6c01d07093/element/f.C39E6AC59F605FD7CA79606EE8A094DD.d.AD688B45A7660E49681CE38669166408.e.7885/click - {}
RESULT: {}
RESULT: {}
COMMAND: GET /session/e87ee5c00bb1e8c61ee38b6c01d07093/screenshot - {}
RESULT: {}
]]></system-out>
    </testcase>
    <testcase classname="chrome.136_0_7103_93.windows.Billing_Transfer_-_Master_data_&amp;_Intercompany_US127250" name="Should do Billing Transfer all the way into invoice open for intercompany case" time="76.57">
      <system-out><![CDATA[
COMMAND: POST /session/e87ee5c00bb1e8c61ee38b6c01d07093/execute/async - {"script":"<script> [1562 bytes]","args":[{"selector":{"controlType":"sap.m.GenericTile","properties":{"header":"Billing Transfer"}},"wdio_ui5_key":"sapm.GenericTile{\"header\":\"Billing Transfer\"}"}]}
RESULT: {"script":"<script> [1562 bytes]","args":[{"selector":{"controlType":"sap.m.GenericTile","properties":{"header":"Billing Transfer"}},"wdio_ui5_key":"sapm.GenericTile{\"header\":\"Billing Transfer\"}"}]}
RESULT: undefined
COMMAND: POST /session/e87ee5c00bb1e8c61ee38b6c01d07093/element - {"using":"xpath","value":"//*[@id=\"__tile90\"]"}
RESULT: {"using":"xpath","value":"//*[@id=\"__tile90\"]"}
COMMAND: POST /session/e87ee5c00bb1e8c61ee38b6c01d07093/element/f.C39E6AC59F605FD7CA79606EE8A094DD.d.AD688B45A7660E49681CE38669166408.e.4582/click - {}
RESULT: {}
COMMAND: GET /session/e87ee5c00bb1e8c61ee38b6c01d07093/screenshot - {}
RESULT: {}
COMMAND: POST /session/e87ee5c00bb1e8c61ee38b6c01d07093/elements - {"using":"xpath","value":"//span[text()='Error']"}
RESULT: {"using":"xpath","value":"//span[text()='Error']"}
COMMAND: POST /session/e87ee5c00bb1e8c61ee38b6c01d07093/element - {"using":"xpath","value":"//input[contains(@id ,\"application-billingtransfer-display-component---billingWorkbench--smartFilterBar-btnBasicSearch\")]"}
RESULT: {"using":"xpath","value":"//input[contains(@id ,\"application-billingtransfer-display-component---billingWorkbench--smartFilterBar-btnBasicSearch\")]"}
COMMAND: POST /session/e87ee5c00bb1e8c61ee38b6c01d07093/elements - {"using":"xpath","value":"//input[contains(@id ,\"application-billingtransfer-display-component---billingWorkbench--smartFilterBar-btnBasicSearch\")]"}
RESULT: {"using":"xpath","value":"//input[contains(@id ,\"application-billingtransfer-display-component---billingWorkbench--smartFilterBar-btnBasicSearch\")]"}
COMMAND: POST /session/e87ee5c00bb1e8c61ee38b6c01d07093/execute/sync - {"script":"<script> [8489 bytes]","args":[{"element-6066-11e4-a52e-4f735466cecf":"f.C39E6AC59F605FD7CA79606EE8A094DD.d.AD688B45A7660E49681CE38669166408.e.8202","ELEMENT":"f.C39E6AC59F605FD7CA79606EE8A094DD.d.AD688B45A7660E49681CE38669166408.e.8202"}]}
RESULT: {"script":"<script> [8489 bytes]","args":[{"element-6066-11e4-a52e-4f735466cecf":"f.C39E6AC59F605FD7CA79606EE8A094DD.d.AD688B45A7660E49681CE38669166408.e.8202","ELEMENT":"f.C39E6AC59F605FD7CA79606EE8A094DD.d.AD688B45A7660E49681CE38669166408.e.8202"}]}
COMMAND: GET /session/e87ee5c00bb1e8c61ee38b6c01d07093/element/f.C39E6AC59F605FD7CA79606EE8A094DD.d.AD688B45A7660E49681CE38669166408.e.8202/enabled - {}
COMMAND: GET /session/e87ee5c00bb1e8c61ee38b6c01d07093/screenshot - {}
RESULT: {}
COMMAND: POST /session/e87ee5c00bb1e8c61ee38b6c01d07093/element/f.C39E6AC59F605FD7CA79606EE8A094DD.d.AD688B45A7660E49681CE38669166408.e.8202/click - {}
COMMAND: GET /session/e87ee5c00bb1e8c61ee38b6c01d07093/screenshot - {}
RESULT: {}
RESULT: {}
COMMAND: GET /session/e87ee5c00bb1e8c61ee38b6c01d07093/screenshot - {}
RESULT: {}
RESULT: {}
COMMAND: POST /session/e87ee5c00bb1e8c61ee38b6c01d07093/element/f.C39E6AC59F605FD7CA79606EE8A094DD.d.AD688B45A7660E49681CE38669166408.e.8202/clear - {}
RESULT: {}
COMMAND: POST /session/e87ee5c00bb1e8c61ee38b6c01d07093/element/f.C39E6AC59F605FD7CA79606EE8A094DD.d.AD688B45A7660E49681CE38669166408.e.8202/value - {"text":"10214"}
COMMAND: GET /session/e87ee5c00bb1e8c61ee38b6c01d07093/screenshot - {}
RESULT: {"text":"10214"}
COMMAND: POST /session/e87ee5c00bb1e8c61ee38b6c01d07093/actions - {"actions":[{"id":"action21","type":"key","parameters":{},"actions":[{"type":"keyDown","value":""},{"type":"pause","duration":10},{"type":"keyUp","value":""}]}]}
COMMAND: GET /session/e87ee5c00bb1e8c61ee38b6c01d07093/screenshot - {}
RESULT: {}
RESULT: {"actions":[{"id":"action21","type":"key","parameters":{},"actions":[{"type":"keyDown","value":""},{"type":"pause","duration":10},{"type":"keyUp","value":""}]}]}
COMMAND: GET /session/e87ee5c00bb1e8c61ee38b6c01d07093/screenshot - {}
RESULT: {}
RESULT: {}
COMMAND: POST /session/e87ee5c00bb1e8c61ee38b6c01d07093/element - {"using":"xpath","value":"//span[contains(@id ,\"application-billingtransfer-display-component---billingWorkbench--smartTableBillingRuns-header-inner\")]"}
RESULT: {"using":"xpath","value":"//span[contains(@id ,\"application-billingtransfer-display-component---billingWorkbench--smartTableBillingRuns-header-inner\")]"}
COMMAND: POST /session/e87ee5c00bb1e8c61ee38b6c01d07093/elements - {"using":"xpath","value":"//span[contains(@id ,\"application-billingtransfer-display-component---billingWorkbench--smartTableBillingRuns-header-inner\")]"}
RESULT: {"using":"xpath","value":"//span[contains(@id ,\"application-billingtransfer-display-component---billingWorkbench--smartTableBillingRuns-header-inner\")]"}
COMMAND: POST /session/e87ee5c00bb1e8c61ee38b6c01d07093/execute/sync - {"script":"<script> [56 bytes]","args":[{"element-6066-11e4-a52e-4f735466cecf":"f.C39E6AC59F605FD7CA79606EE8A094DD.d.AD688B45A7660E49681CE38669166408.e.8303","ELEMENT":"f.C39E6AC59F605FD7CA79606EE8A094DD.d.AD688B45A7660E49681CE38669166408.e.8303"}]}
RESULT: {"script":"<script> [56 bytes]","args":[{"element-6066-11e4-a52e-4f735466cecf":"f.C39E6AC59F605FD7CA79606EE8A094DD.d.AD688B45A7660E49681CE38669166408.e.8303","ELEMENT":"f.C39E6AC59F605FD7CA79606EE8A094DD.d.AD688B45A7660E49681CE38669166408.e.8303"}]}
COMMAND: POST /session/e87ee5c00bb1e8c61ee38b6c01d07093/element - {"using":"xpath","value":"//td[@aria-colindex=\"1\"]/div/div[contains(@class, \"sapMCbBg\")]"}
COMMAND: GET /session/e87ee5c00bb1e8c61ee38b6c01d07093/screenshot - {}
RESULT: {"using":"xpath","value":"//td[@aria-colindex=\"1\"]/div/div[contains(@class, \"sapMCbBg\")]"}
COMMAND: POST /session/e87ee5c00bb1e8c61ee38b6c01d07093/element/f.C39E6AC59F605FD7CA79606EE8A094DD.d.AD688B45A7660E49681CE38669166408.e.8283/click - {}
RESULT: {}
RESULT: {}
COMMAND: GET /session/e87ee5c00bb1e8c61ee38b6c01d07093/screenshot - {}
RESULT: {}
COMMAND: POST /session/e87ee5c00bb1e8c61ee38b6c01d07093/element - {"using":"xpath","value":"//bdi[contains(text(), \"Check\")]"}
RESULT: {"using":"xpath","value":"//bdi[contains(text(), \"Check\")]"}
COMMAND: POST /session/e87ee5c00bb1e8c61ee38b6c01d07093/element/f.C39E6AC59F605FD7CA79606EE8A094DD.d.AD688B45A7660E49681CE38669166408.e.8304/click - {}
RESULT: {}
COMMAND: GET /session/e87ee5c00bb1e8c61ee38b6c01d07093/screenshot - {}
RESULT: {}
COMMAND: POST /session/e87ee5c00bb1e8c61ee38b6c01d07093/element - {"using":"xpath","value":"//bdi[contains(text(), \"OK\")]"}
RESULT: {"using":"xpath","value":"//bdi[contains(text(), \"OK\")]"}
COMMAND: POST /session/e87ee5c00bb1e8c61ee38b6c01d07093/element/f.C39E6AC59F605FD7CA79606EE8A094DD.d.AD688B45A7660E49681CE38669166408.e.8307/click - {}
RESULT: {}
COMMAND: GET /session/e87ee5c00bb1e8c61ee38b6c01d07093/screenshot - {}
RESULT: {}
COMMAND: POST /session/e87ee5c00bb1e8c61ee38b6c01d07093/element - {"using":"xpath","value":"(//span[contains(text(), \"CO/SD checked\")]/parent::div/preceding-sibling::div/span)[1]"}
RESULT: {"using":"xpath","value":"(//span[contains(text(), \"CO/SD checked\")]/parent::div/preceding-sibling::div/span)[1]"}
COMMAND: POST /session/e87ee5c00bb1e8c61ee38b6c01d07093/element/f.C39E6AC59F605FD7CA79606EE8A094DD.d.AD688B45A7660E49681CE38669166408.e.8318/click - {}
RESULT: {}
COMMAND: GET /session/e87ee5c00bb1e8c61ee38b6c01d07093/screenshot - {}
RESULT: {}
COMMAND: POST /session/e87ee5c00bb1e8c61ee38b6c01d07093/element - {"using":"xpath","value":"//input[contains(@id ,\"application-billingtransfer-display-component---billingWorkbench--smartFilterBar-btnBasicSearch\")]"}
RESULT: {"using":"xpath","value":"//input[contains(@id ,\"application-billingtransfer-display-component---billingWorkbench--smartFilterBar-btnBasicSearch\")]"}
COMMAND: POST /session/e87ee5c00bb1e8c61ee38b6c01d07093/elements - {"using":"xpath","value":"//input[contains(@id ,\"application-billingtransfer-display-component---billingWorkbench--smartFilterBar-btnBasicSearch\")]"}
RESULT: {"using":"xpath","value":"//input[contains(@id ,\"application-billingtransfer-display-component---billingWorkbench--smartFilterBar-btnBasicSearch\")]"}
COMMAND: POST /session/e87ee5c00bb1e8c61ee38b6c01d07093/execute/sync - {"script":"<script> [8489 bytes]","args":[{"element-6066-11e4-a52e-4f735466cecf":"f.C39E6AC59F605FD7CA79606EE8A094DD.d.AD688B45A7660E49681CE38669166408.e.8202","ELEMENT":"f.C39E6AC59F605FD7CA79606EE8A094DD.d.AD688B45A7660E49681CE38669166408.e.8202"}]}
RESULT: {"script":"<script> [8489 bytes]","args":[{"element-6066-11e4-a52e-4f735466cecf":"f.C39E6AC59F605FD7CA79606EE8A094DD.d.AD688B45A7660E49681CE38669166408.e.8202","ELEMENT":"f.C39E6AC59F605FD7CA79606EE8A094DD.d.AD688B45A7660E49681CE38669166408.e.8202"}]}
COMMAND: GET /session/e87ee5c00bb1e8c61ee38b6c01d07093/element/f.C39E6AC59F605FD7CA79606EE8A094DD.d.AD688B45A7660E49681CE38669166408.e.8202/enabled - {}
COMMAND: GET /session/e87ee5c00bb1e8c61ee38b6c01d07093/screenshot - {}
RESULT: {}
COMMAND: POST /session/e87ee5c00bb1e8c61ee38b6c01d07093/element/f.C39E6AC59F605FD7CA79606EE8A094DD.d.AD688B45A7660E49681CE38669166408.e.8202/click - {}
COMMAND: GET /session/e87ee5c00bb1e8c61ee38b6c01d07093/screenshot - {}
RESULT: {}
RESULT: {}
COMMAND: GET /session/e87ee5c00bb1e8c61ee38b6c01d07093/screenshot - {}
RESULT: {}
RESULT: {}
COMMAND: POST /session/e87ee5c00bb1e8c61ee38b6c01d07093/element/f.C39E6AC59F605FD7CA79606EE8A094DD.d.AD688B45A7660E49681CE38669166408.e.8202/clear - {}
RESULT: {}
COMMAND: POST /session/e87ee5c00bb1e8c61ee38b6c01d07093/element/f.C39E6AC59F605FD7CA79606EE8A094DD.d.AD688B45A7660E49681CE38669166408.e.8202/value - {"text":"10214"}
COMMAND: GET /session/e87ee5c00bb1e8c61ee38b6c01d07093/screenshot - {}
RESULT: {"text":"10214"}
COMMAND: POST /session/e87ee5c00bb1e8c61ee38b6c01d07093/actions - {"actions":[{"id":"action22","type":"key","parameters":{},"actions":[{"type":"keyDown","value":""},{"type":"pause","duration":10},{"type":"keyUp","value":""}]}]}
COMMAND: GET /session/e87ee5c00bb1e8c61ee38b6c01d07093/screenshot - {}
RESULT: {}
RESULT: {"actions":[{"id":"action22","type":"key","parameters":{},"actions":[{"type":"keyDown","value":""},{"type":"pause","duration":10},{"type":"keyUp","value":""}]}]}
COMMAND: GET /session/e87ee5c00bb1e8c61ee38b6c01d07093/screenshot - {}
RESULT: {}
RESULT: {}
COMMAND: POST /session/e87ee5c00bb1e8c61ee38b6c01d07093/element - {"using":"xpath","value":"//span[contains(@id ,\"application-billingtransfer-display-component---billingWorkbench--smartTableBillingRuns-header-inner\")]"}
RESULT: {"using":"xpath","value":"//span[contains(@id ,\"application-billingtransfer-display-component---billingWorkbench--smartTableBillingRuns-header-inner\")]"}
COMMAND: POST /session/e87ee5c00bb1e8c61ee38b6c01d07093/elements - {"using":"xpath","value":"//span[contains(@id ,\"application-billingtransfer-display-component---billingWorkbench--smartTableBillingRuns-header-inner\")]"}
RESULT: {"using":"xpath","value":"//span[contains(@id ,\"application-billingtransfer-display-component---billingWorkbench--smartTableBillingRuns-header-inner\")]"}
COMMAND: POST /session/e87ee5c00bb1e8c61ee38b6c01d07093/execute/sync - {"script":"<script> [56 bytes]","args":[{"element-6066-11e4-a52e-4f735466cecf":"f.C39E6AC59F605FD7CA79606EE8A094DD.d.AD688B45A7660E49681CE38669166408.e.8303","ELEMENT":"f.C39E6AC59F605FD7CA79606EE8A094DD.d.AD688B45A7660E49681CE38669166408.e.8303"}]}
RESULT: {"script":"<script> [56 bytes]","args":[{"element-6066-11e4-a52e-4f735466cecf":"f.C39E6AC59F605FD7CA79606EE8A094DD.d.AD688B45A7660E49681CE38669166408.e.8303","ELEMENT":"f.C39E6AC59F605FD7CA79606EE8A094DD.d.AD688B45A7660E49681CE38669166408.e.8303"}]}
COMMAND: POST /session/e87ee5c00bb1e8c61ee38b6c01d07093/element - {"using":"xpath","value":"//td[@aria-colindex=\"1\"]/div/div[contains(@class, \"sapMCbBg\")]"}
COMMAND: GET /session/e87ee5c00bb1e8c61ee38b6c01d07093/screenshot - {}
RESULT: {"using":"xpath","value":"//td[@aria-colindex=\"1\"]/div/div[contains(@class, \"sapMCbBg\")]"}
COMMAND: POST /session/e87ee5c00bb1e8c61ee38b6c01d07093/element/f.C39E6AC59F605FD7CA79606EE8A094DD.d.AD688B45A7660E49681CE38669166408.e.8323/click - {}
RESULT: {}
RESULT: {}
COMMAND: GET /session/e87ee5c00bb1e8c61ee38b6c01d07093/screenshot - {}
RESULT: {}
COMMAND: POST /session/e87ee5c00bb1e8c61ee38b6c01d07093/element - {"using":"xpath","value":"//bdi[text()=\"Transfer\"]"}
RESULT: {"using":"xpath","value":"//bdi[text()=\"Transfer\"]"}
COMMAND: POST /session/e87ee5c00bb1e8c61ee38b6c01d07093/element/f.C39E6AC59F605FD7CA79606EE8A094DD.d.AD688B45A7660E49681CE38669166408.e.8324/click - {}
RESULT: {}
COMMAND: GET /session/e87ee5c00bb1e8c61ee38b6c01d07093/screenshot - {}
RESULT: {}
COMMAND: POST /session/e87ee5c00bb1e8c61ee38b6c01d07093/element - {"using":"xpath","value":"//bdi[contains(text(), \"OK\")]"}
RESULT: {"using":"xpath","value":"//bdi[contains(text(), \"OK\")]"}
COMMAND: POST /session/e87ee5c00bb1e8c61ee38b6c01d07093/element/f.C39E6AC59F605FD7CA79606EE8A094DD.d.AD688B45A7660E49681CE38669166408.e.8327/click - {}
RESULT: {}
COMMAND: GET /session/e87ee5c00bb1e8c61ee38b6c01d07093/screenshot - {}
RESULT: {}
COMMAND: POST /session/e87ee5c00bb1e8c61ee38b6c01d07093/element - {"using":"xpath","value":"(//span[contains(text(), \"Invoice open\")]/parent::div/preceding-sibling::div/span)[1]"}
RESULT: {"using":"xpath","value":"(//span[contains(text(), \"Invoice open\")]/parent::div/preceding-sibling::div/span)[1]"}
COMMAND: POST /session/e87ee5c00bb1e8c61ee38b6c01d07093/element/f.C39E6AC59F605FD7CA79606EE8A094DD.d.AD688B45A7660E49681CE38669166408.e.8335/click - {}
RESULT: {}
COMMAND: GET /session/e87ee5c00bb1e8c61ee38b6c01d07093/screenshot - {}
RESULT: {}
COMMAND: POST /session/e87ee5c00bb1e8c61ee38b6c01d07093/element - {"using":"xpath","value":"//input[contains(@id ,\"application-billingtransfer-display-component---billingWorkbench--smartFilterBar-btnBasicSearch\")]"}
RESULT: {"using":"xpath","value":"//input[contains(@id ,\"application-billingtransfer-display-component---billingWorkbench--smartFilterBar-btnBasicSearch\")]"}
COMMAND: POST /session/e87ee5c00bb1e8c61ee38b6c01d07093/elements - {"using":"xpath","value":"//input[contains(@id ,\"application-billingtransfer-display-component---billingWorkbench--smartFilterBar-btnBasicSearch\")]"}
RESULT: {"using":"xpath","value":"//input[contains(@id ,\"application-billingtransfer-display-component---billingWorkbench--smartFilterBar-btnBasicSearch\")]"}
COMMAND: POST /session/e87ee5c00bb1e8c61ee38b6c01d07093/execute/sync - {"script":"<script> [8489 bytes]","args":[{"element-6066-11e4-a52e-4f735466cecf":"f.C39E6AC59F605FD7CA79606EE8A094DD.d.AD688B45A7660E49681CE38669166408.e.8202","ELEMENT":"f.C39E6AC59F605FD7CA79606EE8A094DD.d.AD688B45A7660E49681CE38669166408.e.8202"}]}
RESULT: {"script":"<script> [8489 bytes]","args":[{"element-6066-11e4-a52e-4f735466cecf":"f.C39E6AC59F605FD7CA79606EE8A094DD.d.AD688B45A7660E49681CE38669166408.e.8202","ELEMENT":"f.C39E6AC59F605FD7CA79606EE8A094DD.d.AD688B45A7660E49681CE38669166408.e.8202"}]}
COMMAND: GET /session/e87ee5c00bb1e8c61ee38b6c01d07093/element/f.C39E6AC59F605FD7CA79606EE8A094DD.d.AD688B45A7660E49681CE38669166408.e.8202/enabled - {}
COMMAND: GET /session/e87ee5c00bb1e8c61ee38b6c01d07093/screenshot - {}
RESULT: {}
COMMAND: POST /session/e87ee5c00bb1e8c61ee38b6c01d07093/element/f.C39E6AC59F605FD7CA79606EE8A094DD.d.AD688B45A7660E49681CE38669166408.e.8202/click - {}
COMMAND: GET /session/e87ee5c00bb1e8c61ee38b6c01d07093/screenshot - {}
RESULT: {}
RESULT: {}
COMMAND: GET /session/e87ee5c00bb1e8c61ee38b6c01d07093/screenshot - {}
RESULT: {}
RESULT: {}
COMMAND: POST /session/e87ee5c00bb1e8c61ee38b6c01d07093/element/f.C39E6AC59F605FD7CA79606EE8A094DD.d.AD688B45A7660E49681CE38669166408.e.8202/clear - {}
RESULT: {}
COMMAND: POST /session/e87ee5c00bb1e8c61ee38b6c01d07093/element/f.C39E6AC59F605FD7CA79606EE8A094DD.d.AD688B45A7660E49681CE38669166408.e.8202/value - {"text":"10214"}
COMMAND: GET /session/e87ee5c00bb1e8c61ee38b6c01d07093/screenshot - {}
RESULT: {"text":"10214"}
COMMAND: POST /session/e87ee5c00bb1e8c61ee38b6c01d07093/actions - {"actions":[{"id":"action23","type":"key","parameters":{},"actions":[{"type":"keyDown","value":""},{"type":"pause","duration":10},{"type":"keyUp","value":""}]}]}
COMMAND: GET /session/e87ee5c00bb1e8c61ee38b6c01d07093/screenshot - {}
RESULT: {}
RESULT: {"actions":[{"id":"action23","type":"key","parameters":{},"actions":[{"type":"keyDown","value":""},{"type":"pause","duration":10},{"type":"keyUp","value":""}]}]}
COMMAND: GET /session/e87ee5c00bb1e8c61ee38b6c01d07093/screenshot - {}
RESULT: {}
RESULT: {}
COMMAND: POST /session/e87ee5c00bb1e8c61ee38b6c01d07093/element - {"using":"xpath","value":"//span[contains(@id ,\"application-billingtransfer-display-component---billingWorkbench--smartTableBillingRuns-header-inner\")]"}
RESULT: {"using":"xpath","value":"//span[contains(@id ,\"application-billingtransfer-display-component---billingWorkbench--smartTableBillingRuns-header-inner\")]"}
COMMAND: POST /session/e87ee5c00bb1e8c61ee38b6c01d07093/elements - {"using":"xpath","value":"//span[contains(@id ,\"application-billingtransfer-display-component---billingWorkbench--smartTableBillingRuns-header-inner\")]"}
RESULT: {"using":"xpath","value":"//span[contains(@id ,\"application-billingtransfer-display-component---billingWorkbench--smartTableBillingRuns-header-inner\")]"}
COMMAND: POST /session/e87ee5c00bb1e8c61ee38b6c01d07093/execute/sync - {"script":"<script> [56 bytes]","args":[{"element-6066-11e4-a52e-4f735466cecf":"f.C39E6AC59F605FD7CA79606EE8A094DD.d.AD688B45A7660E49681CE38669166408.e.8303","ELEMENT":"f.C39E6AC59F605FD7CA79606EE8A094DD.d.AD688B45A7660E49681CE38669166408.e.8303"}]}
RESULT: {"script":"<script> [56 bytes]","args":[{"element-6066-11e4-a52e-4f735466cecf":"f.C39E6AC59F605FD7CA79606EE8A094DD.d.AD688B45A7660E49681CE38669166408.e.8303","ELEMENT":"f.C39E6AC59F605FD7CA79606EE8A094DD.d.AD688B45A7660E49681CE38669166408.e.8303"}]}
COMMAND: POST /session/e87ee5c00bb1e8c61ee38b6c01d07093/element - {"using":"css selector","value":"#shell-header-logo"}
COMMAND: GET /session/e87ee5c00bb1e8c61ee38b6c01d07093/screenshot - {}
RESULT: {"using":"css selector","value":"#shell-header-logo"}
COMMAND: POST /session/e87ee5c00bb1e8c61ee38b6c01d07093/element/f.C39E6AC59F605FD7CA79606EE8A094DD.d.AD688B45A7660E49681CE38669166408.e.8200/click - {}
RESULT: {}
RESULT: {}
COMMAND: GET /session/e87ee5c00bb1e8c61ee38b6c01d07093/screenshot - {}
RESULT: {}
COMMAND: POST /session/e87ee5c00bb1e8c61ee38b6c01d07093/element - {"using":"css selector","value":"#j_username"}
COMMAND: POST /session/e87ee5c00bb1e8c61ee38b6c01d07093/url - {"url":"https://qa-testing-00-live-etm-ui.cfapps.eu10-004.hana.ondemand.com/"}
RESULT: {"using":"css selector","value":"#j_username"}
COMMAND: POST /session/e87ee5c00bb1e8c61ee38b6c01d07093/element - {"using":"css selector","value":"#j_username"}
RESULT: {"url":"https://qa-testing-00-live-etm-ui.cfapps.eu10-004.hana.ondemand.com/"}
RESULT: undefined
COMMAND: GET /session/e87ee5c00bb1e8c61ee38b6c01d07093/screenshot - {}
RESULT: {"using":"css selector","value":"#j_username"}
COMMAND: POST /session/e87ee5c00bb1e8c61ee38b6c01d07093/element - {"using":"css selector","value":"#shell-header-logo"}
RESULT: {}
RESULT: {"using":"css selector","value":"#shell-header-logo"}
COMMAND: POST /session/e87ee5c00bb1e8c61ee38b6c01d07093/execute/sync - {"script":"<script> [8489 bytes]","args":[{"element-6066-11e4-a52e-4f735466cecf":"f.C39E6AC59F605FD7CA79606EE8A094DD.d.2B8EC76646BD06D431640A5D77D190AE.e.8354","ELEMENT":"f.C39E6AC59F605FD7CA79606EE8A094DD.d.2B8EC76646BD06D431640A5D77D190AE.e.8354"}]}
RESULT: {"script":"<script> [8489 bytes]","args":[{"element-6066-11e4-a52e-4f735466cecf":"f.C39E6AC59F605FD7CA79606EE8A094DD.d.2B8EC76646BD06D431640A5D77D190AE.e.8354","ELEMENT":"f.C39E6AC59F605FD7CA79606EE8A094DD.d.2B8EC76646BD06D431640A5D77D190AE.e.8354"}]}
COMMAND: POST /session/e87ee5c00bb1e8c61ee38b6c01d07093/element - {"using":"css selector","value":"#shell-header-logo"}
COMMAND: GET /session/e87ee5c00bb1e8c61ee38b6c01d07093/screenshot - {}
RESULT: {"using":"css selector","value":"#shell-header-logo"}
COMMAND: POST /session/e87ee5c00bb1e8c61ee38b6c01d07093/execute/sync - {"script":"<script> [8489 bytes]","args":[{"element-6066-11e4-a52e-4f735466cecf":"f.C39E6AC59F605FD7CA79606EE8A094DD.d.2B8EC76646BD06D431640A5D77D190AE.e.8354","ELEMENT":"f.C39E6AC59F605FD7CA79606EE8A094DD.d.2B8EC76646BD06D431640A5D77D190AE.e.8354"}]}
RESULT: {}
RESULT: {"script":"<script> [8489 bytes]","args":[{"element-6066-11e4-a52e-4f735466cecf":"f.C39E6AC59F605FD7CA79606EE8A094DD.d.2B8EC76646BD06D431640A5D77D190AE.e.8354","ELEMENT":"f.C39E6AC59F605FD7CA79606EE8A094DD.d.2B8EC76646BD06D431640A5D77D190AE.e.8354"}]}
COMMAND: POST /session/e87ee5c00bb1e8c61ee38b6c01d07093/execute/sync - {"script":"<script> [5351 bytes]","args":[{"element-6066-11e4-a52e-4f735466cecf":"f.C39E6AC59F605FD7CA79606EE8A094DD.d.2B8EC76646BD06D431640A5D77D190AE.e.8354","ELEMENT":"f.C39E6AC59F605FD7CA79606EE8A094DD.d.2B8EC76646BD06D431640A5D77D190AE.e.8354"}]}
COMMAND: GET /session/e87ee5c00bb1e8c61ee38b6c01d07093/screenshot - {}
RESULT: {"script":"<script> [5351 bytes]","args":[{"element-6066-11e4-a52e-4f735466cecf":"f.C39E6AC59F605FD7CA79606EE8A094DD.d.2B8EC76646BD06D431640A5D77D190AE.e.8354","ELEMENT":"f.C39E6AC59F605FD7CA79606EE8A094DD.d.2B8EC76646BD06D431640A5D77D190AE.e.8354"}]}
COMMAND: POST /session/e87ee5c00bb1e8c61ee38b6c01d07093/element - {"using":"css selector","value":"#shell-header-logo"}
COMMAND: GET /session/e87ee5c00bb1e8c61ee38b6c01d07093/screenshot - {}
RESULT: {}
RESULT: {"using":"css selector","value":"#shell-header-logo"}
COMMAND: POST /session/e87ee5c00bb1e8c61ee38b6c01d07093/element/f.C39E6AC59F605FD7CA79606EE8A094DD.d.2B8EC76646BD06D431640A5D77D190AE.e.8354/click - {}
RESULT: {}
RESULT: {}
COMMAND: GET /session/e87ee5c00bb1e8c61ee38b6c01d07093/screenshot - {}
RESULT: {}
COMMAND: POST /session/e87ee5c00bb1e8c61ee38b6c01d07093/execute/async - {"script":"<script> [189 bytes]","args":[]}
RESULT: {"script":"<script> [189 bytes]","args":[]}
COMMAND: POST /session/e87ee5c00bb1e8c61ee38b6c01d07093/execute/async - {"script":"<script> [123 bytes]","args":[]}
RESULT: {"script":"<script> [123 bytes]","args":[]}
COMMAND: POST /session/e87ee5c00bb1e8c61ee38b6c01d07093/timeouts - {"script":"<number>"}
RESULT: {"script":"<number>"}
COMMAND: GET /session/e87ee5c00bb1e8c61ee38b6c01d07093/timeouts - {}
RESULT: {}
RESULT: undefined
COMMAND: POST /session/e87ee5c00bb1e8c61ee38b6c01d07093/execute/async - {"script":"<script> [2676 bytes]","args":[]}
RESULT: {"script":"<script> [2676 bytes]","args":[]}
COMMAND: POST /session/e87ee5c00bb1e8c61ee38b6c01d07093/execute/async - {"script":"<script> [2342 bytes]","args":[{"protocol":"http","hostname":"0.0.0.0","path":"/","capabilities":{"browserName":"chrome","goog:chromeOptions":{"binary":"C:\\Program Files\\Google\\Chrome\\Application\\chrome.exe","args":["--start-maximized"]}},"logLevel":"warn","connectionRetryTimeout":120000,"connectionRetryCount":3,"logLevels":{},"enableDirectConnect":true,"strictSSL":true,"_":"65 more keys: [\"cacheDir\",\"port\",\"requestedCapabilities\",\"automationProtocol\",\"baseUrl\",\"waitforInterval\",\"waitforTimeout\",\"onReload\",\"beforeCommand\",\"afterCommand\",\"rootDir\",\"specs\",\"suites\",\"exclude\",\"groupLogsByTestSpec\",\"excludeDriverLogs\",\"bail\",\"framework\",\"reporters\",\"services\",\"maxInstances\",\"maxInstancesPerCapability\",\"injectGlobals\",\"filesToWatch\",\"execArgv\",\"runnerEnv\",\"runner\",\"shard\",\"specFileRetries\",\"specFileRetriesDelay\",\"specFileRetriesDeferred\",\"reporterSyncInterval\",\"reporterSyncTimeout\",\"cucumberFeaturesWithLineNumbers\",\"autoCompileOpts\",\"mochaOpts\",\"jasmineOpts\",\"cucumberOpts\",\"onPrepare\",\"onWorkerStart\",\"onWorkerEnd\",\"before\",\"beforeSession\",\"beforeSuite\",\"beforeHook\",\"beforeTest\",\"afterTest\",\"afterHook\",\"afterSuite\",\"afterSession\",\"after\",\"onComplete\",\"beforeAssertion\",\"afterAssertion\",\"beforeFeature\",\"beforeScenario\",\"beforeStep\",\"afterStep\",\"afterScenario\",\"afterFeature\",\"_\",\"suite\",\"$0\",\"ignoredWorkerServices\",\"wdi5\"]"}]}
RESULT: {"script":"<script> [2342 bytes]","args":[{"protocol":"http","hostname":"0.0.0.0","path":"/","capabilities":{"browserName":"chrome","goog:chromeOptions":{"binary":"C:\\Program Files\\Google\\Chrome\\Application\\chrome.exe","args":["--start-maximized"]}},"logLevel":"warn","connectionRetryTimeout":120000,"connectionRetryCount":3,"logLevels":{},"enableDirectConnect":true,"strictSSL":true,"_":"65 more keys: [\"cacheDir\",\"port\",\"requestedCapabilities\",\"automationProtocol\",\"baseUrl\",\"waitforInterval\",\"waitforTimeout\",\"onReload\",\"beforeCommand\",\"afterCommand\",\"rootDir\",\"specs\",\"suites\",\"exclude\",\"groupLogsByTestSpec\",\"excludeDriverLogs\",\"bail\",\"framework\",\"reporters\",\"services\",\"maxInstances\",\"maxInstancesPerCapability\",\"injectGlobals\",\"filesToWatch\",\"execArgv\",\"runnerEnv\",\"runner\",\"shard\",\"specFileRetries\",\"specFileRetriesDelay\",\"specFileRetriesDeferred\",\"reporterSyncInterval\",\"reporterSyncTimeout\",\"cucumberFeaturesWithLineNumbers\",\"autoCompileOpts\",\"mochaOpts\",\"jasmineOpts\",\"cucumberOpts\",\"onPrepare\",\"onWorkerStart\",\"onWorkerEnd\",\"before\",\"beforeSession\",\"beforeSuite\",\"beforeHook\",\"beforeTest\",\"afterTest\",\"afterHook\",\"afterSuite\",\"afterSession\",\"after\",\"onComplete\",\"beforeAssertion\",\"afterAssertion\",\"beforeFeature\",\"beforeScenario\",\"beforeStep\",\"afterStep\",\"afterScenario\",\"afterFeature\",\"_\",\"suite\",\"$0\",\"ignoredWorkerServices\",\"wdi5\"]"}]}
COMMAND: POST /session/e87ee5c00bb1e8c61ee38b6c01d07093/execute/async - {"script":"<script> [21126 bytes]","args":[35000]}
RESULT: {"script":"<script> [21126 bytes]","args":[35000]}
COMMAND: POST /session/e87ee5c00bb1e8c61ee38b6c01d07093/window/maximize - {}
RESULT: {}
COMMAND: POST /session/e87ee5c00bb1e8c61ee38b6c01d07093/execute/async - {"script":"<script> [1562 bytes]","args":[{"selector":{"id":"shell-header","interaction":{"idSuffix":"icon"}},"wdio_ui5_key":"shellheader"}]}
COMMAND: GET /session/e87ee5c00bb1e8c61ee38b6c01d07093/screenshot - {}
RESULT: {"script":"<script> [1562 bytes]","args":[{"selector":{"id":"shell-header","interaction":{"idSuffix":"icon"}},"wdio_ui5_key":"shellheader"}]}
RESULT: undefined
COMMAND: POST /session/e87ee5c00bb1e8c61ee38b6c01d07093/refresh - {}
RESULT: {}
RESULT: {}
COMMAND: GET /session/e87ee5c00bb1e8c61ee38b6c01d07093/screenshot - {}
RESULT: {}
COMMAND: POST /session/e87ee5c00bb1e8c61ee38b6c01d07093/refresh - {}
RESULT: {}
COMMAND: GET /session/e87ee5c00bb1e8c61ee38b6c01d07093/screenshot - {}
RESULT: {}
COMMAND: POST /session/e87ee5c00bb1e8c61ee38b6c01d07093/window/fullscreen - {}
RESULT: {}
COMMAND: POST /session/e87ee5c00bb1e8c61ee38b6c01d07093/execute/async - {"script":"<script> [189 bytes]","args":[]}
RESULT: {"script":"<script> [189 bytes]","args":[]}
COMMAND: POST /session/e87ee5c00bb1e8c61ee38b6c01d07093/execute/async - {"script":"<script> [123 bytes]","args":[]}
RESULT: {"script":"<script> [123 bytes]","args":[]}
COMMAND: POST /session/e87ee5c00bb1e8c61ee38b6c01d07093/timeouts - {"script":"<number>"}
RESULT: {"script":"<number>"}
COMMAND: GET /session/e87ee5c00bb1e8c61ee38b6c01d07093/timeouts - {}
RESULT: {}
RESULT: undefined
COMMAND: POST /session/e87ee5c00bb1e8c61ee38b6c01d07093/execute/async - {"script":"<script> [2676 bytes]","args":[]}
RESULT: {"script":"<script> [2676 bytes]","args":[]}
COMMAND: POST /session/e87ee5c00bb1e8c61ee38b6c01d07093/execute/async - {"script":"<script> [2342 bytes]","args":[{"protocol":"http","hostname":"0.0.0.0","path":"/","capabilities":{"browserName":"chrome","goog:chromeOptions":{"binary":"C:\\Program Files\\Google\\Chrome\\Application\\chrome.exe","args":["--start-maximized"]}},"logLevel":"warn","connectionRetryTimeout":120000,"connectionRetryCount":3,"logLevels":{},"enableDirectConnect":true,"strictSSL":true,"_":"65 more keys: [\"cacheDir\",\"port\",\"requestedCapabilities\",\"automationProtocol\",\"baseUrl\",\"waitforInterval\",\"waitforTimeout\",\"onReload\",\"beforeCommand\",\"afterCommand\",\"rootDir\",\"specs\",\"suites\",\"exclude\",\"groupLogsByTestSpec\",\"excludeDriverLogs\",\"bail\",\"framework\",\"reporters\",\"services\",\"maxInstances\",\"maxInstancesPerCapability\",\"injectGlobals\",\"filesToWatch\",\"execArgv\",\"runnerEnv\",\"runner\",\"shard\",\"specFileRetries\",\"specFileRetriesDelay\",\"specFileRetriesDeferred\",\"reporterSyncInterval\",\"reporterSyncTimeout\",\"cucumberFeaturesWithLineNumbers\",\"autoCompileOpts\",\"mochaOpts\",\"jasmineOpts\",\"cucumberOpts\",\"onPrepare\",\"onWorkerStart\",\"onWorkerEnd\",\"before\",\"beforeSession\",\"beforeSuite\",\"beforeHook\",\"beforeTest\",\"afterTest\",\"afterHook\",\"afterSuite\",\"afterSession\",\"after\",\"onComplete\",\"beforeAssertion\",\"afterAssertion\",\"beforeFeature\",\"beforeScenario\",\"beforeStep\",\"afterStep\",\"afterScenario\",\"afterFeature\",\"_\",\"suite\",\"$0\",\"ignoredWorkerServices\",\"wdi5\"]"}]}
RESULT: {"script":"<script> [2342 bytes]","args":[{"protocol":"http","hostname":"0.0.0.0","path":"/","capabilities":{"browserName":"chrome","goog:chromeOptions":{"binary":"C:\\Program Files\\Google\\Chrome\\Application\\chrome.exe","args":["--start-maximized"]}},"logLevel":"warn","connectionRetryTimeout":120000,"connectionRetryCount":3,"logLevels":{},"enableDirectConnect":true,"strictSSL":true,"_":"65 more keys: [\"cacheDir\",\"port\",\"requestedCapabilities\",\"automationProtocol\",\"baseUrl\",\"waitforInterval\",\"waitforTimeout\",\"onReload\",\"beforeCommand\",\"afterCommand\",\"rootDir\",\"specs\",\"suites\",\"exclude\",\"groupLogsByTestSpec\",\"excludeDriverLogs\",\"bail\",\"framework\",\"reporters\",\"services\",\"maxInstances\",\"maxInstancesPerCapability\",\"injectGlobals\",\"filesToWatch\",\"execArgv\",\"runnerEnv\",\"runner\",\"shard\",\"specFileRetries\",\"specFileRetriesDelay\",\"specFileRetriesDeferred\",\"reporterSyncInterval\",\"reporterSyncTimeout\",\"cucumberFeaturesWithLineNumbers\",\"autoCompileOpts\",\"mochaOpts\",\"jasmineOpts\",\"cucumberOpts\",\"onPrepare\",\"onWorkerStart\",\"onWorkerEnd\",\"before\",\"beforeSession\",\"beforeSuite\",\"beforeHook\",\"beforeTest\",\"afterTest\",\"afterHook\",\"afterSuite\",\"afterSession\",\"after\",\"onComplete\",\"beforeAssertion\",\"afterAssertion\",\"beforeFeature\",\"beforeScenario\",\"beforeStep\",\"afterStep\",\"afterScenario\",\"afterFeature\",\"_\",\"suite\",\"$0\",\"ignoredWorkerServices\",\"wdi5\"]"}]}
COMMAND: POST /session/e87ee5c00bb1e8c61ee38b6c01d07093/execute/async - {"script":"<script> [21126 bytes]","args":[35000]}
RESULT: {"script":"<script> [21126 bytes]","args":[35000]}
]]></system-out>
    </testcase>
  </testsuite>
  <testsuite timestamp="2025-05-25T17:40:43" time="1127.953" tests="12" failures="0" errors="0" skipped="0">
    <properties>
      <property name="specId" value="0"/>
      <property name="suiteName" value="Billing Transfer - Intracompany US127249"/>
      <property name="capabilities" value="chrome.136_0_7103_93.windows"/>
      <property name="file" value="file:///D:/a/1/s/test/specs/BTS/billing-transfer-intracompany.spec.js"/>
    </properties>
    <testcase classname="chrome.136_0_7103_93.windows.Billing_Transfer_-_Intracompany_US127249" name="Should create a new yard" time="131.018">
      <system-out><![CDATA[
COMMAND: POST /session/e87ee5c00bb1e8c61ee38b6c01d07093/window/fullscreen - {}
RESULT: {}
COMMAND: POST /session/e87ee5c00bb1e8c61ee38b6c01d07093/execute/async - {"script":"<script> [1562 bytes]","args":[{"selector":{"controlType":"sap.m.GenericTile","properties":{"header":"Manage Yards"}},"wdio_ui5_key":"sapm.GenericTile{\"header\":\"Manage Yards\"}"}]}
RESULT: {"script":"<script> [1562 bytes]","args":[{"selector":{"controlType":"sap.m.GenericTile","properties":{"header":"Manage Yards"}},"wdio_ui5_key":"sapm.GenericTile{\"header\":\"Manage Yards\"}"}]}
RESULT: undefined
COMMAND: POST /session/e87ee5c00bb1e8c61ee38b6c01d07093/element - {"using":"xpath","value":"//*[@id=\"__tile41\"]"}
RESULT: {"using":"xpath","value":"//*[@id=\"__tile41\"]"}
COMMAND: POST /session/e87ee5c00bb1e8c61ee38b6c01d07093/element/f.C39E6AC59F605FD7CA79606EE8A094DD.d.3776C71F48B5C9A76B54A1B36E9BD7E7.e.8512/click - {}
RESULT: {}
COMMAND: GET /session/e87ee5c00bb1e8c61ee38b6c01d07093/screenshot - {}
RESULT: {}
COMMAND: POST /session/e87ee5c00bb1e8c61ee38b6c01d07093/elements - {"using":"xpath","value":"//span[text()='Error']"}
RESULT: {"using":"xpath","value":"//span[text()='Error']"}
COMMAND: POST /session/e87ee5c00bb1e8c61ee38b6c01d07093/element - {"using":"xpath","value":"//button[@data-kt=\"addNewYardOverflowToolbarButton\"]"}
RESULT: {"using":"xpath","value":"//button[@data-kt=\"addNewYardOverflowToolbarButton\"]"}
COMMAND: POST /session/e87ee5c00bb1e8c61ee38b6c01d07093/elements - {"using":"xpath","value":"//button[@data-kt=\"addNewYardOverflowToolbarButton\"]"}
RESULT: {"using":"xpath","value":"//button[@data-kt=\"addNewYardOverflowToolbarButton\"]"}
COMMAND: POST /session/e87ee5c00bb1e8c61ee38b6c01d07093/elements - {"using":"xpath","value":"//button[@data-kt=\"addNewYardOverflowToolbarButton\"]"}
RESULT: {"using":"xpath","value":"//button[@data-kt=\"addNewYardOverflowToolbarButton\"]"}
COMMAND: POST /session/e87ee5c00bb1e8c61ee38b6c01d07093/elements - {"using":"xpath","value":"//button[@data-kt=\"addNewYardOverflowToolbarButton\"]"}
RESULT: {"using":"xpath","value":"//button[@data-kt=\"addNewYardOverflowToolbarButton\"]"}
COMMAND: POST /session/e87ee5c00bb1e8c61ee38b6c01d07093/elements - {"using":"xpath","value":"//button[@data-kt=\"addNewYardOverflowToolbarButton\"]"}
RESULT: {"using":"xpath","value":"//button[@data-kt=\"addNewYardOverflowToolbarButton\"]"}
COMMAND: POST /session/e87ee5c00bb1e8c61ee38b6c01d07093/elements - {"using":"xpath","value":"//button[@data-kt=\"addNewYardOverflowToolbarButton\"]"}
RESULT: {"using":"xpath","value":"//button[@data-kt=\"addNewYardOverflowToolbarButton\"]"}
COMMAND: POST /session/e87ee5c00bb1e8c61ee38b6c01d07093/elements - {"using":"xpath","value":"//button[@data-kt=\"addNewYardOverflowToolbarButton\"]"}
RESULT: {"using":"xpath","value":"//button[@data-kt=\"addNewYardOverflowToolbarButton\"]"}
COMMAND: POST /session/e87ee5c00bb1e8c61ee38b6c01d07093/elements - {"using":"xpath","value":"//button[@data-kt=\"addNewYardOverflowToolbarButton\"]"}
RESULT: {"using":"xpath","value":"//button[@data-kt=\"addNewYardOverflowToolbarButton\"]"}
COMMAND: POST /session/e87ee5c00bb1e8c61ee38b6c01d07093/elements - {"using":"xpath","value":"//button[@data-kt=\"addNewYardOverflowToolbarButton\"]"}
RESULT: {"using":"xpath","value":"//button[@data-kt=\"addNewYardOverflowToolbarButton\"]"}
COMMAND: POST /session/e87ee5c00bb1e8c61ee38b6c01d07093/elements - {"using":"xpath","value":"//button[@data-kt=\"addNewYardOverflowToolbarButton\"]"}
RESULT: {"using":"xpath","value":"//button[@data-kt=\"addNewYardOverflowToolbarButton\"]"}
COMMAND: POST /session/e87ee5c00bb1e8c61ee38b6c01d07093/element - {"using":"xpath","value":"//button[@data-kt=\"addNewYardOverflowToolbarButton\"]"}
RESULT: {"using":"xpath","value":"//button[@data-kt=\"addNewYardOverflowToolbarButton\"]"}
COMMAND: POST /session/e87ee5c00bb1e8c61ee38b6c01d07093/execute/sync - {"script":"<script> [8489 bytes]","args":[{"element-6066-11e4-a52e-4f735466cecf":"f.C39E6AC59F605FD7CA79606EE8A094DD.d.3776C71F48B5C9A76B54A1B36E9BD7E7.e.8648","ELEMENT":"f.C39E6AC59F605FD7CA79606EE8A094DD.d.3776C71F48B5C9A76B54A1B36E9BD7E7.e.8648"}]}
RESULT: {"script":"<script> [8489 bytes]","args":[{"element-6066-11e4-a52e-4f735466cecf":"f.C39E6AC59F605FD7CA79606EE8A094DD.d.3776C71F48B5C9A76B54A1B36E9BD7E7.e.8648","ELEMENT":"f.C39E6AC59F605FD7CA79606EE8A094DD.d.3776C71F48B5C9A76B54A1B36E9BD7E7.e.8648"}]}
COMMAND: GET /session/e87ee5c00bb1e8c61ee38b6c01d07093/element/f.C39E6AC59F605FD7CA79606EE8A094DD.d.3776C71F48B5C9A76B54A1B36E9BD7E7.e.8648/enabled - {}
COMMAND: GET /session/e87ee5c00bb1e8c61ee38b6c01d07093/screenshot - {}
RESULT: {}
COMMAND: POST /session/e87ee5c00bb1e8c61ee38b6c01d07093/execute/sync - {"script":"<script> [8489 bytes]","args":[{"element-6066-11e4-a52e-4f735466cecf":"f.C39E6AC59F605FD7CA79606EE8A094DD.d.3776C71F48B5C9A76B54A1B36E9BD7E7.e.8648","ELEMENT":"f.C39E6AC59F605FD7CA79606EE8A094DD.d.3776C71F48B5C9A76B54A1B36E9BD7E7.e.8648"}]}
COMMAND: GET /session/e87ee5c00bb1e8c61ee38b6c01d07093/screenshot - {}
RESULT: {}
RESULT: {"script":"<script> [8489 bytes]","args":[{"element-6066-11e4-a52e-4f735466cecf":"f.C39E6AC59F605FD7CA79606EE8A094DD.d.3776C71F48B5C9A76B54A1B36E9BD7E7.e.8648","ELEMENT":"f.C39E6AC59F605FD7CA79606EE8A094DD.d.3776C71F48B5C9A76B54A1B36E9BD7E7.e.8648"}]}
COMMAND: POST /session/e87ee5c00bb1e8c61ee38b6c01d07093/execute/sync - {"script":"<script> [5351 bytes]","args":[{"element-6066-11e4-a52e-4f735466cecf":"f.C39E6AC59F605FD7CA79606EE8A094DD.d.3776C71F48B5C9A76B54A1B36E9BD7E7.e.8648","ELEMENT":"f.C39E6AC59F605FD7CA79606EE8A094DD.d.3776C71F48B5C9A76B54A1B36E9BD7E7.e.8648"}]}
COMMAND: GET /session/e87ee5c00bb1e8c61ee38b6c01d07093/screenshot - {}
RESULT: {}
RESULT: {"script":"<script> [5351 bytes]","args":[{"element-6066-11e4-a52e-4f735466cecf":"f.C39E6AC59F605FD7CA79606EE8A094DD.d.3776C71F48B5C9A76B54A1B36E9BD7E7.e.8648","ELEMENT":"f.C39E6AC59F605FD7CA79606EE8A094DD.d.3776C71F48B5C9A76B54A1B36E9BD7E7.e.8648"}]}
COMMAND: POST /session/e87ee5c00bb1e8c61ee38b6c01d07093/element/f.C39E6AC59F605FD7CA79606EE8A094DD.d.3776C71F48B5C9A76B54A1B36E9BD7E7.e.8648/click - {}
COMMAND: GET /session/e87ee5c00bb1e8c61ee38b6c01d07093/screenshot - {}
RESULT: {}
RESULT: {}
COMMAND: GET /session/e87ee5c00bb1e8c61ee38b6c01d07093/screenshot - {}
RESULT: {}
RESULT: {}
COMMAND: POST /session/e87ee5c00bb1e8c61ee38b6c01d07093/element - {"using":"xpath","value":"//input[@id=\"application-manageyards-display-component---NewYard--yardId-inner\"]"}
RESULT: {"using":"xpath","value":"//input[@id=\"application-manageyards-display-component---NewYard--yardId-inner\"]"}
COMMAND: POST /session/e87ee5c00bb1e8c61ee38b6c01d07093/element - {"using":"xpath","value":"//input[@id=\"application-manageyards-display-component---NewYard--yardId-inner\"]"}
RESULT: {"using":"xpath","value":"//input[@id=\"application-manageyards-display-component---NewYard--yardId-inner\"]"}
COMMAND: POST /session/e87ee5c00bb1e8c61ee38b6c01d07093/execute/async - {"script":"<script> [1562 bytes]","args":[{"selector":{"id":"application-manageyards-display-component---NewYard--addressDetailDetailsName1","interaction":{"idSuffix":"inner"}},"wdio_ui5_key":"applicationmanageyards-display-component---NewYard--addressDetailDetailsName1"}]}
RESULT: {"script":"<script> [1562 bytes]","args":[{"selector":{"id":"application-manageyards-display-component---NewYard--addressDetailDetailsName1","interaction":{"idSuffix":"inner"}},"wdio_ui5_key":"applicationmanageyards-display-component---NewYard--addressDetailDetailsName1"}]}
RESULT: undefined
COMMAND: POST /session/e87ee5c00bb1e8c61ee38b6c01d07093/execute/async - {"script":"<script> [776 bytes]","args":[{"enterText":"Intracompany Yard wdIO","selector":{"id":"application-manageyards-display-component---NewYard--addressDetailDetailsName1","interaction":{"idSuffix":"inner"}},"clearTextFirst":true,"interactionType":"ENTER_TEXT"}]}
RESULT: {"script":"<script> [776 bytes]","args":[{"enterText":"Intracompany Yard wdIO","selector":{"id":"application-manageyards-display-component---NewYard--addressDetailDetailsName1","interaction":{"idSuffix":"inner"}},"clearTextFirst":true,"interactionType":"ENTER_TEXT"}]}
COMMAND: POST /session/e87ee5c00bb1e8c61ee38b6c01d07093/execute/async - {"script":"<script> [1562 bytes]","args":[{"selector":{"id":"application-manageyards-display-component---NewYard--addressDetailDetailsLanguage-arrow"},"wdio_ui5_key":"applicationmanageyards-display-component---NewYard--addressDetailDetailsLanguage-arrow"}]}
RESULT: {"script":"<script> [1562 bytes]","args":[{"selector":{"id":"application-manageyards-display-component---NewYard--addressDetailDetailsLanguage-arrow"},"wdio_ui5_key":"applicationmanageyards-display-component---NewYard--addressDetailDetailsLanguage-arrow"}]}
RESULT: undefined
COMMAND: POST /session/e87ee5c00bb1e8c61ee38b6c01d07093/element - {"using":"xpath","value":"//*[@id=\"application-manageyards-display-component---NewYard--addressDetailDetailsLanguage-arrow\"]"}
RESULT: {"using":"xpath","value":"//*[@id=\"application-manageyards-display-component---NewYard--addressDetailDetailsLanguage-arrow\"]"}
COMMAND: POST /session/e87ee5c00bb1e8c61ee38b6c01d07093/element/f.C39E6AC59F605FD7CA79606EE8A094DD.d.3776C71F48B5C9A76B54A1B36E9BD7E7.e.9084/click - {}
RESULT: {}
COMMAND: POST /session/e87ee5c00bb1e8c61ee38b6c01d07093/element - {"using":"xpath","value":"//span[contains(text(), \"English\")]"}
COMMAND: GET /session/e87ee5c00bb1e8c61ee38b6c01d07093/screenshot - {}
RESULT: {"using":"xpath","value":"//span[contains(text(), \"English\")]"}
COMMAND: POST /session/e87ee5c00bb1e8c61ee38b6c01d07093/element/f.C39E6AC59F605FD7CA79606EE8A094DD.d.3776C71F48B5C9A76B54A1B36E9BD7E7.e.9085/click - {}
RESULT: {}
RESULT: {}
COMMAND: POST /session/e87ee5c00bb1e8c61ee38b6c01d07093/execute/async - {"script":"<script> [1562 bytes]","args":[{"selector":{"id":"application-manageyards-display-component---NewYard--addressDetailDetailsCity1","interaction":{"idSuffix":"inner"}},"wdio_ui5_key":"applicationmanageyards-display-component---NewYard--addressDetailDetailsCity1"}]}
COMMAND: GET /session/e87ee5c00bb1e8c61ee38b6c01d07093/screenshot - {}
RESULT: {"script":"<script> [1562 bytes]","args":[{"selector":{"id":"application-manageyards-display-component---NewYard--addressDetailDetailsCity1","interaction":{"idSuffix":"inner"}},"wdio_ui5_key":"applicationmanageyards-display-component---NewYard--addressDetailDetailsCity1"}]}
RESULT: undefined
COMMAND: POST /session/e87ee5c00bb1e8c61ee38b6c01d07093/execute/async - {"script":"<script> [776 bytes]","args":[{"enterText":"Rosario","selector":{"id":"application-manageyards-display-component---NewYard--addressDetailDetailsCity1","interaction":{"idSuffix":"inner"}},"clearTextFirst":true,"interactionType":"ENTER_TEXT"}]}
RESULT: {}
RESULT: {"script":"<script> [776 bytes]","args":[{"enterText":"Rosario","selector":{"id":"application-manageyards-display-component---NewYard--addressDetailDetailsCity1","interaction":{"idSuffix":"inner"}},"clearTextFirst":true,"interactionType":"ENTER_TEXT"}]}
COMMAND: POST /session/e87ee5c00bb1e8c61ee38b6c01d07093/execute/async - {"script":"<script> [1562 bytes]","args":[{"selector":{"id":"application-manageyards-display-component---NewYard--addressDetailDetailsCountry-arrow"},"wdio_ui5_key":"applicationmanageyards-display-component---NewYard--addressDetailDetailsCountry-arrow"}]}
RESULT: {"script":"<script> [1562 bytes]","args":[{"selector":{"id":"application-manageyards-display-component---NewYard--addressDetailDetailsCountry-arrow"},"wdio_ui5_key":"applicationmanageyards-display-component---NewYard--addressDetailDetailsCountry-arrow"}]}
RESULT: undefined
COMMAND: POST /session/e87ee5c00bb1e8c61ee38b6c01d07093/element - {"using":"xpath","value":"//*[@id=\"application-manageyards-display-component---NewYard--addressDetailDetailsCountry-arrow\"]"}
RESULT: {"using":"xpath","value":"//*[@id=\"application-manageyards-display-component---NewYard--addressDetailDetailsCountry-arrow\"]"}
COMMAND: POST /session/e87ee5c00bb1e8c61ee38b6c01d07093/element/f.C39E6AC59F605FD7CA79606EE8A094DD.d.3776C71F48B5C9A76B54A1B36E9BD7E7.e.9087/click - {}
RESULT: {}
COMMAND: POST /session/e87ee5c00bb1e8c61ee38b6c01d07093/element - {"using":"xpath","value":"//span[contains(text(), \"Argentina\")]"}
COMMAND: GET /session/e87ee5c00bb1e8c61ee38b6c01d07093/screenshot - {}
RESULT: {"using":"xpath","value":"//span[contains(text(), \"Argentina\")]"}
COMMAND: POST /session/e87ee5c00bb1e8c61ee38b6c01d07093/element/f.C39E6AC59F605FD7CA79606EE8A094DD.d.3776C71F48B5C9A76B54A1B36E9BD7E7.e.9089/click - {}
RESULT: {}
RESULT: {}
COMMAND: POST /session/e87ee5c00bb1e8c61ee38b6c01d07093/execute/async - {"script":"<script> [1562 bytes]","args":[{"selector":{"id":"application-manageyards-display-component---NewYard--addressEditDetailsCostObjectCstType-arrow"},"wdio_ui5_key":"applicationmanageyards-display-component---NewYard--addressEditDetailsCostObjectCstType-arrow"}]}
COMMAND: GET /session/e87ee5c00bb1e8c61ee38b6c01d07093/screenshot - {}
RESULT: {"script":"<script> [1562 bytes]","args":[{"selector":{"id":"application-manageyards-display-component---NewYard--addressEditDetailsCostObjectCstType-arrow"},"wdio_ui5_key":"applicationmanageyards-display-component---NewYard--addressEditDetailsCostObjectCstType-arrow"}]}
RESULT: undefined
COMMAND: POST /session/e87ee5c00bb1e8c61ee38b6c01d07093/element - {"using":"xpath","value":"//*[@id=\"application-manageyards-display-component---NewYard--addressEditDetailsCostObjectCstType-arrow\"]"}
RESULT: {}
RESULT: {"using":"xpath","value":"//*[@id=\"application-manageyards-display-component---NewYard--addressEditDetailsCostObjectCstType-arrow\"]"}
COMMAND: POST /session/e87ee5c00bb1e8c61ee38b6c01d07093/element/f.C39E6AC59F605FD7CA79606EE8A094DD.d.3776C71F48B5C9A76B54A1B36E9BD7E7.e.9090/click - {}
RESULT: {}
COMMAND: POST /session/e87ee5c00bb1e8c61ee38b6c01d07093/element - {"using":"xpath","value":"//span[contains(text(), \"Cost Center\")]"}
COMMAND: GET /session/e87ee5c00bb1e8c61ee38b6c01d07093/screenshot - {}
RESULT: {"using":"xpath","value":"//span[contains(text(), \"Cost Center\")]"}
COMMAND: POST /session/e87ee5c00bb1e8c61ee38b6c01d07093/element/f.C39E6AC59F605FD7CA79606EE8A094DD.d.3776C71F48B5C9A76B54A1B36E9BD7E7.e.9091/click - {}
RESULT: {}
RESULT: {}
COMMAND: GET /session/e87ee5c00bb1e8c61ee38b6c01d07093/screenshot - {}
RESULT: {}
COMMAND: POST /session/e87ee5c00bb1e8c61ee38b6c01d07093/element - {"using":"xpath","value":"//span[@id=\"application-manageyards-display-component---NewYard--addressNewCostObjectCstID-vhi\"]"}
RESULT: {"using":"xpath","value":"//span[@id=\"application-manageyards-display-component---NewYard--addressNewCostObjectCstID-vhi\"]"}
COMMAND: POST /session/e87ee5c00bb1e8c61ee38b6c01d07093/execute/sync - {"script":"<script> [8489 bytes]","args":[{"element-6066-11e4-a52e-4f735466cecf":"f.C39E6AC59F605FD7CA79606EE8A094DD.d.3776C71F48B5C9A76B54A1B36E9BD7E7.e.9095","ELEMENT":"f.C39E6AC59F605FD7CA79606EE8A094DD.d.3776C71F48B5C9A76B54A1B36E9BD7E7.e.9095"}]}
RESULT: {"script":"<script> [8489 bytes]","args":[{"element-6066-11e4-a52e-4f735466cecf":"f.C39E6AC59F605FD7CA79606EE8A094DD.d.3776C71F48B5C9A76B54A1B36E9BD7E7.e.9095","ELEMENT":"f.C39E6AC59F605FD7CA79606EE8A094DD.d.3776C71F48B5C9A76B54A1B36E9BD7E7.e.9095"}]}
COMMAND: POST /session/e87ee5c00bb1e8c61ee38b6c01d07093/execute/async - {"script":"<script> [1562 bytes]","args":[{"selector":{"id":"application-manageyards-display-component---NewYard--addressNewCostObjectCstID-vhi"},"wdio_ui5_key":"applicationmanageyards-display-component---NewYard--addressNewCostObjectCstID-vhi"}]}
COMMAND: GET /session/e87ee5c00bb1e8c61ee38b6c01d07093/screenshot - {}
RESULT: {"script":"<script> [1562 bytes]","args":[{"selector":{"id":"application-manageyards-display-component---NewYard--addressNewCostObjectCstID-vhi"},"wdio_ui5_key":"applicationmanageyards-display-component---NewYard--addressNewCostObjectCstID-vhi"}]}
RESULT: undefined
COMMAND: POST /session/e87ee5c00bb1e8c61ee38b6c01d07093/element - {"using":"xpath","value":"//*[@id=\"application-manageyards-display-component---NewYard--addressNewCostObjectCstID-vhi\"]"}
RESULT: {}
RESULT: {"using":"xpath","value":"//*[@id=\"application-manageyards-display-component---NewYard--addressNewCostObjectCstID-vhi\"]"}
COMMAND: POST /session/e87ee5c00bb1e8c61ee38b6c01d07093/element/f.C39E6AC59F605FD7CA79606EE8A094DD.d.3776C71F48B5C9A76B54A1B36E9BD7E7.e.9095/click - {}
RESULT: {}
COMMAND: GET /session/e87ee5c00bb1e8c61ee38b6c01d07093/screenshot - {}
RESULT: {}
COMMAND: POST /session/e87ee5c00bb1e8c61ee38b6c01d07093/execute/async - {"script":"<script> [1562 bytes]","args":[{"selector":{"controlType":"sap.m.SearchField","properties":{"placeholder":"Search"},"searchOpenDialogs":true,"interaction":{"idSuffix":"I"}},"wdio_ui5_key":"sapm.SearchField{\"placeholder\":\"Search\"}"}]}
RESULT: {"script":"<script> [1562 bytes]","args":[{"selector":{"controlType":"sap.m.SearchField","properties":{"placeholder":"Search"},"searchOpenDialogs":true,"interaction":{"idSuffix":"I"}},"wdio_ui5_key":"sapm.SearchField{\"placeholder\":\"Search\"}"}]}
RESULT: undefined
COMMAND: POST /session/e87ee5c00bb1e8c61ee38b6c01d07093/execute/async - {"script":"<script> [776 bytes]","args":[{"enterText":"bauh_b","selector":{"controlType":"sap.m.SearchField","properties":{"placeholder":"Search"},"searchOpenDialogs":true,"interaction":{"idSuffix":"I"}},"clearTextFirst":true,"interactionType":"ENTER_TEXT"}]}
RESULT: {"script":"<script> [776 bytes]","args":[{"enterText":"bauh_b","selector":{"controlType":"sap.m.SearchField","properties":{"placeholder":"Search"},"searchOpenDialogs":true,"interaction":{"idSuffix":"I"}},"clearTextFirst":true,"interactionType":"ENTER_TEXT"}]}
COMMAND: POST /session/e87ee5c00bb1e8c61ee38b6c01d07093/actions - {"actions":[{"id":"action24","type":"key","parameters":{},"actions":[{"type":"keyDown","value":""},{"type":"pause","duration":10},{"type":"keyUp","value":""}]}]}
RESULT: {"actions":[{"id":"action24","type":"key","parameters":{},"actions":[{"type":"keyDown","value":""},{"type":"pause","duration":10},{"type":"keyUp","value":""}]}]}
COMMAND: GET /session/e87ee5c00bb1e8c61ee38b6c01d07093/screenshot - {}
RESULT: {}
COMMAND: POST /session/e87ee5c00bb1e8c61ee38b6c01d07093/element - {"using":"xpath","value":"//span[contains(text(), \"Demo Yard\")]"}
RESULT: {"using":"xpath","value":"//span[contains(text(), \"Demo Yard\")]"}
COMMAND: POST /session/e87ee5c00bb1e8c61ee38b6c01d07093/element/f.C39E6AC59F605FD7CA79606EE8A094DD.d.3776C71F48B5C9A76B54A1B36E9BD7E7.e.9103/click - {}
RESULT: {}
COMMAND: GET /session/e87ee5c00bb1e8c61ee38b6c01d07093/screenshot - {}
RESULT: {}
COMMAND: POST /session/e87ee5c00bb1e8c61ee38b6c01d07093/element - {"using":"xpath","value":"//bdi[contains(text(), \"OK\")]"}
RESULT: {"using":"xpath","value":"//bdi[contains(text(), \"OK\")]"}
COMMAND: POST /session/e87ee5c00bb1e8c61ee38b6c01d07093/element/f.C39E6AC59F605FD7CA79606EE8A094DD.d.3776C71F48B5C9A76B54A1B36E9BD7E7.e.9105/click - {}
RESULT: {}
COMMAND: GET /session/e87ee5c00bb1e8c61ee38b6c01d07093/screenshot - {}
RESULT: {}
COMMAND: POST /session/e87ee5c00bb1e8c61ee38b6c01d07093/execute/async - {"script":"<script> [1562 bytes]","args":[{"selector":{"id":"application-manageyards-display-component---NewYard--addressEditDetailsCurrency-arrow"},"wdio_ui5_key":"applicationmanageyards-display-component---NewYard--addressEditDetailsCurrency-arrow"}]}
RESULT: {"script":"<script> [1562 bytes]","args":[{"selector":{"id":"application-manageyards-display-component---NewYard--addressEditDetailsCurrency-arrow"},"wdio_ui5_key":"applicationmanageyards-display-component---NewYard--addressEditDetailsCurrency-arrow"}]}
RESULT: undefined
COMMAND: POST /session/e87ee5c00bb1e8c61ee38b6c01d07093/element - {"using":"xpath","value":"//*[@id=\"application-manageyards-display-component---NewYard--addressEditDetailsCurrency-arrow\"]"}
RESULT: {"using":"xpath","value":"//*[@id=\"application-manageyards-display-component---NewYard--addressEditDetailsCurrency-arrow\"]"}
COMMAND: POST /session/e87ee5c00bb1e8c61ee38b6c01d07093/element/f.C39E6AC59F605FD7CA79606EE8A094DD.d.3776C71F48B5C9A76B54A1B36E9BD7E7.e.9108/click - {}
RESULT: {}
COMMAND: POST /session/e87ee5c00bb1e8c61ee38b6c01d07093/element - {"using":"xpath","value":"//span[contains(text(), \"Euro\")]"}
COMMAND: GET /session/e87ee5c00bb1e8c61ee38b6c01d07093/screenshot - {}
RESULT: {"using":"xpath","value":"//span[contains(text(), \"Euro\")]"}
COMMAND: POST /session/e87ee5c00bb1e8c61ee38b6c01d07093/element/f.C39E6AC59F605FD7CA79606EE8A094DD.d.3776C71F48B5C9A76B54A1B36E9BD7E7.e.9109/click - {}
RESULT: {}
RESULT: {}
COMMAND: POST /session/e87ee5c00bb1e8c61ee38b6c01d07093/execute/async - {"script":"<script> [1562 bytes]","args":[{"selector":{"controlType":"sap.m.Input","viewName":"etm.portal.ui.manageyards.view.New","viewId":"application-manageyards-display-component---NewYard","bindingPath":{"path":"","propertyPath":"/CONTROLLING_AREA","modelName":"NewYardModel"},"interaction":{"idSuffix":"inner"}},"wdio_ui5_key":"etmportal.ui.manageyards.view.Newsap.m.Input{\"path\":\"\",\"propertyPath\":\"/CONTROLLING_AREA\",\"modelName\":\"NewYardModel\"}"}]}
COMMAND: GET /session/e87ee5c00bb1e8c61ee38b6c01d07093/screenshot - {}
RESULT: {"script":"<script> [1562 bytes]","args":[{"selector":{"controlType":"sap.m.Input","viewName":"etm.portal.ui.manageyards.view.New","viewId":"application-manageyards-display-component---NewYard","bindingPath":{"path":"","propertyPath":"/CONTROLLING_AREA","modelName":"NewYardModel"},"interaction":{"idSuffix":"inner"}},"wdio_ui5_key":"etmportal.ui.manageyards.view.Newsap.m.Input{\"path\":\"\",\"propertyPath\":\"/CONTROLLING_AREA\",\"modelName\":\"NewYardModel\"}"}]}
RESULT: undefined
COMMAND: POST /session/e87ee5c00bb1e8c61ee38b6c01d07093/execute/async - {"script":"<script> [776 bytes]","args":[{"enterText":"Z001","selector":{"controlType":"sap.m.Input","viewName":"etm.portal.ui.manageyards.view.New","viewId":"application-manageyards-display-component---NewYard","bindingPath":{"path":"","propertyPath":"/CONTROLLING_AREA","modelName":"NewYardModel"},"interaction":{"idSuffix":"inner"}},"clearTextFirst":true,"interactionType":"ENTER_TEXT"}]}
RESULT: {}
RESULT: {"script":"<script> [776 bytes]","args":[{"enterText":"Z001","selector":{"controlType":"sap.m.Input","viewName":"etm.portal.ui.manageyards.view.New","viewId":"application-manageyards-display-component---NewYard","bindingPath":{"path":"","propertyPath":"/CONTROLLING_AREA","modelName":"NewYardModel"},"interaction":{"idSuffix":"inner"}},"clearTextFirst":true,"interactionType":"ENTER_TEXT"}]}
COMMAND: POST /session/e87ee5c00bb1e8c61ee38b6c01d07093/execute/async - {"script":"<script> [1562 bytes]","args":[{"selector":{"id":"application-manageyards-display-component---NewYard--companyCodeComboBox","interaction":{"idSuffix":"inner"}},"wdio_ui5_key":"applicationmanageyards-display-component---NewYard--companyCodeComboBox"}]}
RESULT: {"script":"<script> [1562 bytes]","args":[{"selector":{"id":"application-manageyards-display-component---NewYard--companyCodeComboBox","interaction":{"idSuffix":"inner"}},"wdio_ui5_key":"applicationmanageyards-display-component---NewYard--companyCodeComboBox"}]}
RESULT: undefined
COMMAND: POST /session/e87ee5c00bb1e8c61ee38b6c01d07093/execute/async - {"script":"<script> [776 bytes]","args":[{"enterText":"1000","selector":{"id":"application-manageyards-display-component---NewYard--companyCodeComboBox","interaction":{"idSuffix":"inner"}},"clearTextFirst":true,"interactionType":"ENTER_TEXT"}]}
RESULT: {"script":"<script> [776 bytes]","args":[{"enterText":"1000","selector":{"id":"application-manageyards-display-component---NewYard--companyCodeComboBox","interaction":{"idSuffix":"inner"}},"clearTextFirst":true,"interactionType":"ENTER_TEXT"}]}
COMMAND: POST /session/e87ee5c00bb1e8c61ee38b6c01d07093/execute/async - {"script":"<script> [1562 bytes]","args":[{"selector":{"controlType":"sap.m.Input","viewName":"etm.portal.ui.manageyards.view.New","viewId":"application-manageyards-display-component---NewYard","bindingPath":{"path":"","propertyPath":"/PLANT","modelName":"NewYardModel"},"interaction":{"idSuffix":"inner"}},"wdio_ui5_key":"etmportal.ui.manageyards.view.Newsap.m.Input{\"path\":\"\",\"propertyPath\":\"/PLANT\",\"modelName\":\"NewYardModel\"}"}]}
RESULT: {"script":"<script> [1562 bytes]","args":[{"selector":{"controlType":"sap.m.Input","viewName":"etm.portal.ui.manageyards.view.New","viewId":"application-manageyards-display-component---NewYard","bindingPath":{"path":"","propertyPath":"/PLANT","modelName":"NewYardModel"},"interaction":{"idSuffix":"inner"}},"wdio_ui5_key":"etmportal.ui.manageyards.view.Newsap.m.Input{\"path\":\"\",\"propertyPath\":\"/PLANT\",\"modelName\":\"NewYardModel\"}"}]}
RESULT: undefined
COMMAND: POST /session/e87ee5c00bb1e8c61ee38b6c01d07093/execute/async - {"script":"<script> [776 bytes]","args":[{"enterText":"1001","selector":{"controlType":"sap.m.Input","viewName":"etm.portal.ui.manageyards.view.New","viewId":"application-manageyards-display-component---NewYard","bindingPath":{"path":"","propertyPath":"/PLANT","modelName":"NewYardModel"},"interaction":{"idSuffix":"inner"}},"clearTextFirst":true,"interactionType":"ENTER_TEXT"}]}
RESULT: {"script":"<script> [776 bytes]","args":[{"enterText":"1001","selector":{"controlType":"sap.m.Input","viewName":"etm.portal.ui.manageyards.view.New","viewId":"application-manageyards-display-component---NewYard","bindingPath":{"path":"","propertyPath":"/PLANT","modelName":"NewYardModel"},"interaction":{"idSuffix":"inner"}},"clearTextFirst":true,"interactionType":"ENTER_TEXT"}]}
COMMAND: POST /session/e87ee5c00bb1e8c61ee38b6c01d07093/execute/async - {"script":"<script> [1562 bytes]","args":[{"selector":{"controlType":"sap.m.Input","viewName":"etm.portal.ui.manageyards.view.New","viewId":"application-manageyards-display-component---NewYard","bindingPath":{"path":"","propertyPath":"/SALES_AREA_VKORG","modelName":"NewYardModel"},"interaction":{"idSuffix":"inner"}},"wdio_ui5_key":"etmportal.ui.manageyards.view.Newsap.m.Input{\"path\":\"\",\"propertyPath\":\"/SALES_AREA_VKORG\",\"modelName\":\"NewYardModel\"}"}]}
RESULT: {"script":"<script> [1562 bytes]","args":[{"selector":{"controlType":"sap.m.Input","viewName":"etm.portal.ui.manageyards.view.New","viewId":"application-manageyards-display-component---NewYard","bindingPath":{"path":"","propertyPath":"/SALES_AREA_VKORG","modelName":"NewYardModel"},"interaction":{"idSuffix":"inner"}},"wdio_ui5_key":"etmportal.ui.manageyards.view.Newsap.m.Input{\"path\":\"\",\"propertyPath\":\"/SALES_AREA_VKORG\",\"modelName\":\"NewYardModel\"}"}]}
RESULT: undefined
COMMAND: POST /session/e87ee5c00bb1e8c61ee38b6c01d07093/execute/async - {"script":"<script> [776 bytes]","args":[{"enterText":"C002","selector":{"controlType":"sap.m.Input","viewName":"etm.portal.ui.manageyards.view.New","viewId":"application-manageyards-display-component---NewYard","bindingPath":{"path":"","propertyPath":"/SALES_AREA_VKORG","modelName":"NewYardModel"},"interaction":{"idSuffix":"inner"}},"clearTextFirst":true,"interactionType":"ENTER_TEXT"}]}
RESULT: {"script":"<script> [776 bytes]","args":[{"enterText":"C002","selector":{"controlType":"sap.m.Input","viewName":"etm.portal.ui.manageyards.view.New","viewId":"application-manageyards-display-component---NewYard","bindingPath":{"path":"","propertyPath":"/SALES_AREA_VKORG","modelName":"NewYardModel"},"interaction":{"idSuffix":"inner"}},"clearTextFirst":true,"interactionType":"ENTER_TEXT"}]}
COMMAND: POST /session/e87ee5c00bb1e8c61ee38b6c01d07093/execute/async - {"script":"<script> [1562 bytes]","args":[{"selector":{"controlType":"sap.m.Input","viewName":"etm.portal.ui.manageyards.view.New","viewId":"application-manageyards-display-component---NewYard","bindingPath":{"path":"","propertyPath":"/SALES_AREA_VTWEG","modelName":"NewYardModel"},"interaction":{"idSuffix":"inner"}},"wdio_ui5_key":"etmportal.ui.manageyards.view.Newsap.m.Input{\"path\":\"\",\"propertyPath\":\"/SALES_AREA_VTWEG\",\"modelName\":\"NewYardModel\"}"}]}
RESULT: {"script":"<script> [1562 bytes]","args":[{"selector":{"controlType":"sap.m.Input","viewName":"etm.portal.ui.manageyards.view.New","viewId":"application-manageyards-display-component---NewYard","bindingPath":{"path":"","propertyPath":"/SALES_AREA_VTWEG","modelName":"NewYardModel"},"interaction":{"idSuffix":"inner"}},"wdio_ui5_key":"etmportal.ui.manageyards.view.Newsap.m.Input{\"path\":\"\",\"propertyPath\":\"/SALES_AREA_VTWEG\",\"modelName\":\"NewYardModel\"}"}]}
RESULT: undefined
COMMAND: POST /session/e87ee5c00bb1e8c61ee38b6c01d07093/execute/async - {"script":"<script> [776 bytes]","args":[{"enterText":"C2","selector":{"controlType":"sap.m.Input","viewName":"etm.portal.ui.manageyards.view.New","viewId":"application-manageyards-display-component---NewYard","bindingPath":{"path":"","propertyPath":"/SALES_AREA_VTWEG","modelName":"NewYardModel"},"interaction":{"idSuffix":"inner"}},"clearTextFirst":true,"interactionType":"ENTER_TEXT"}]}
RESULT: {"script":"<script> [776 bytes]","args":[{"enterText":"C2","selector":{"controlType":"sap.m.Input","viewName":"etm.portal.ui.manageyards.view.New","viewId":"application-manageyards-display-component---NewYard","bindingPath":{"path":"","propertyPath":"/SALES_AREA_VTWEG","modelName":"NewYardModel"},"interaction":{"idSuffix":"inner"}},"clearTextFirst":true,"interactionType":"ENTER_TEXT"}]}
COMMAND: POST /session/e87ee5c00bb1e8c61ee38b6c01d07093/execute/async - {"script":"<script> [1562 bytes]","args":[{"selector":{"controlType":"sap.m.Input","viewName":"etm.portal.ui.manageyards.view.New","viewId":"application-manageyards-display-component---NewYard","bindingPath":{"path":"","propertyPath":"/SALES_AREA_SPART","modelName":"NewYardModel"},"interaction":{"idSuffix":"inner"}},"wdio_ui5_key":"etmportal.ui.manageyards.view.Newsap.m.Input{\"path\":\"\",\"propertyPath\":\"/SALES_AREA_SPART\",\"modelName\":\"NewYardModel\"}"}]}
RESULT: {"script":"<script> [1562 bytes]","args":[{"selector":{"controlType":"sap.m.Input","viewName":"etm.portal.ui.manageyards.view.New","viewId":"application-manageyards-display-component---NewYard","bindingPath":{"path":"","propertyPath":"/SALES_AREA_SPART","modelName":"NewYardModel"},"interaction":{"idSuffix":"inner"}},"wdio_ui5_key":"etmportal.ui.manageyards.view.Newsap.m.Input{\"path\":\"\",\"propertyPath\":\"/SALES_AREA_SPART\",\"modelName\":\"NewYardModel\"}"}]}
RESULT: undefined
COMMAND: POST /session/e87ee5c00bb1e8c61ee38b6c01d07093/execute/async - {"script":"<script> [776 bytes]","args":[{"enterText":"C2","selector":{"controlType":"sap.m.Input","viewName":"etm.portal.ui.manageyards.view.New","viewId":"application-manageyards-display-component---NewYard","bindingPath":{"path":"","propertyPath":"/SALES_AREA_SPART","modelName":"NewYardModel"},"interaction":{"idSuffix":"inner"}},"clearTextFirst":true,"interactionType":"ENTER_TEXT"}]}
RESULT: {"script":"<script> [776 bytes]","args":[{"enterText":"C2","selector":{"controlType":"sap.m.Input","viewName":"etm.portal.ui.manageyards.view.New","viewId":"application-manageyards-display-component---NewYard","bindingPath":{"path":"","propertyPath":"/SALES_AREA_SPART","modelName":"NewYardModel"},"interaction":{"idSuffix":"inner"}},"clearTextFirst":true,"interactionType":"ENTER_TEXT"}]}
COMMAND: POST /session/e87ee5c00bb1e8c61ee38b6c01d07093/execute/async - {"script":"<script> [1562 bytes]","args":[{"selector":{"controlType":"sap.m.Input","viewName":"etm.portal.ui.manageyards.view.New","viewId":"application-manageyards-display-component---NewYard","bindingPath":{"path":"","propertyPath":"/SHIP_POINT","modelName":"NewYardModel"},"interaction":{"idSuffix":"inner"}},"wdio_ui5_key":"etmportal.ui.manageyards.view.Newsap.m.Input{\"path\":\"\",\"propertyPath\":\"/SHIP_POINT\",\"modelName\":\"NewYardModel\"}"}]}
RESULT: {"script":"<script> [1562 bytes]","args":[{"selector":{"controlType":"sap.m.Input","viewName":"etm.portal.ui.manageyards.view.New","viewId":"application-manageyards-display-component---NewYard","bindingPath":{"path":"","propertyPath":"/SHIP_POINT","modelName":"NewYardModel"},"interaction":{"idSuffix":"inner"}},"wdio_ui5_key":"etmportal.ui.manageyards.view.Newsap.m.Input{\"path\":\"\",\"propertyPath\":\"/SHIP_POINT\",\"modelName\":\"NewYardModel\"}"}]}
RESULT: undefined
COMMAND: POST /session/e87ee5c00bb1e8c61ee38b6c01d07093/execute/async - {"script":"<script> [776 bytes]","args":[{"enterText":"1710","selector":{"controlType":"sap.m.Input","viewName":"etm.portal.ui.manageyards.view.New","viewId":"application-manageyards-display-component---NewYard","bindingPath":{"path":"","propertyPath":"/SHIP_POINT","modelName":"NewYardModel"},"interaction":{"idSuffix":"inner"}},"clearTextFirst":true,"interactionType":"ENTER_TEXT"}]}
RESULT: {"script":"<script> [776 bytes]","args":[{"enterText":"1710","selector":{"controlType":"sap.m.Input","viewName":"etm.portal.ui.manageyards.view.New","viewId":"application-manageyards-display-component---NewYard","bindingPath":{"path":"","propertyPath":"/SHIP_POINT","modelName":"NewYardModel"},"interaction":{"idSuffix":"inner"}},"clearTextFirst":true,"interactionType":"ENTER_TEXT"}]}
COMMAND: POST /session/e87ee5c00bb1e8c61ee38b6c01d07093/execute/async - {"script":"<script> [1562 bytes]","args":[{"selector":{"controlType":"sap.m.Input","viewName":"etm.portal.ui.manageyards.view.New","viewId":"application-manageyards-display-component---NewYard","bindingPath":{"path":"","propertyPath":"/DELIVERY_TYPE","modelName":"NewYardModel"},"interaction":{"idSuffix":"inner"}},"wdio_ui5_key":"etmportal.ui.manageyards.view.Newsap.m.Input{\"path\":\"\",\"propertyPath\":\"/DELIVERY_TYPE\",\"modelName\":\"NewYardModel\"}"}]}
RESULT: {"script":"<script> [1562 bytes]","args":[{"selector":{"controlType":"sap.m.Input","viewName":"etm.portal.ui.manageyards.view.New","viewId":"application-manageyards-display-component---NewYard","bindingPath":{"path":"","propertyPath":"/DELIVERY_TYPE","modelName":"NewYardModel"},"interaction":{"idSuffix":"inner"}},"wdio_ui5_key":"etmportal.ui.manageyards.view.Newsap.m.Input{\"path\":\"\",\"propertyPath\":\"/DELIVERY_TYPE\",\"modelName\":\"NewYardModel\"}"}]}
RESULT: undefined
COMMAND: POST /session/e87ee5c00bb1e8c61ee38b6c01d07093/execute/async - {"script":"<script> [776 bytes]","args":[{"enterText":"ZL01","selector":{"controlType":"sap.m.Input","viewName":"etm.portal.ui.manageyards.view.New","viewId":"application-manageyards-display-component---NewYard","bindingPath":{"path":"","propertyPath":"/DELIVERY_TYPE","modelName":"NewYardModel"},"interaction":{"idSuffix":"inner"}},"clearTextFirst":true,"interactionType":"ENTER_TEXT"}]}
RESULT: {"script":"<script> [776 bytes]","args":[{"enterText":"ZL01","selector":{"controlType":"sap.m.Input","viewName":"etm.portal.ui.manageyards.view.New","viewId":"application-manageyards-display-component---NewYard","bindingPath":{"path":"","propertyPath":"/DELIVERY_TYPE","modelName":"NewYardModel"},"interaction":{"idSuffix":"inner"}},"clearTextFirst":true,"interactionType":"ENTER_TEXT"}]}
COMMAND: POST /session/e87ee5c00bb1e8c61ee38b6c01d07093/execute/async - {"script":"<script> [1562 bytes]","args":[{"selector":{"controlType":"sap.m.Input","viewName":"etm.portal.ui.manageyards.view.New","viewId":"application-manageyards-display-component---NewYard","bindingPath":{"path":"","propertyPath":"/AUART","modelName":"NewYardModel"},"interaction":{"idSuffix":"inner"}},"wdio_ui5_key":"etmportal.ui.manageyards.view.Newsap.m.Input{\"path\":\"\",\"propertyPath\":\"/AUART\",\"modelName\":\"NewYardModel\"}"}]}
RESULT: {"script":"<script> [1562 bytes]","args":[{"selector":{"controlType":"sap.m.Input","viewName":"etm.portal.ui.manageyards.view.New","viewId":"application-manageyards-display-component---NewYard","bindingPath":{"path":"","propertyPath":"/AUART","modelName":"NewYardModel"},"interaction":{"idSuffix":"inner"}},"wdio_ui5_key":"etmportal.ui.manageyards.view.Newsap.m.Input{\"path\":\"\",\"propertyPath\":\"/AUART\",\"modelName\":\"NewYardModel\"}"}]}
RESULT: undefined
COMMAND: POST /session/e87ee5c00bb1e8c61ee38b6c01d07093/execute/async - {"script":"<script> [776 bytes]","args":[{"enterText":"TA","selector":{"controlType":"sap.m.Input","viewName":"etm.portal.ui.manageyards.view.New","viewId":"application-manageyards-display-component---NewYard","bindingPath":{"path":"","propertyPath":"/AUART","modelName":"NewYardModel"},"interaction":{"idSuffix":"inner"}},"clearTextFirst":true,"interactionType":"ENTER_TEXT"}]}
RESULT: {"script":"<script> [776 bytes]","args":[{"enterText":"TA","selector":{"controlType":"sap.m.Input","viewName":"etm.portal.ui.manageyards.view.New","viewId":"application-manageyards-display-component---NewYard","bindingPath":{"path":"","propertyPath":"/AUART","modelName":"NewYardModel"},"interaction":{"idSuffix":"inner"}},"clearTextFirst":true,"interactionType":"ENTER_TEXT"}]}
COMMAND: POST /session/e87ee5c00bb1e8c61ee38b6c01d07093/element - {"using":"xpath","value":"//button[@data-kt=\"newYardSaveButton\"]"}
RESULT: {"using":"xpath","value":"//button[@data-kt=\"newYardSaveButton\"]"}
COMMAND: POST /session/e87ee5c00bb1e8c61ee38b6c01d07093/element/f.C39E6AC59F605FD7CA79606EE8A094DD.d.3776C71F48B5C9A76B54A1B36E9BD7E7.e.9066/click - {}
RESULT: {}
COMMAND: GET /session/e87ee5c00bb1e8c61ee38b6c01d07093/screenshot - {}
RESULT: {}
COMMAND: POST /session/e87ee5c00bb1e8c61ee38b6c01d07093/element - {"using":"xpath","value":"//header[contains(@id, 'ObjectPageLayout-headerTitle')]/div[1]/div[2]/div[1]/span[1]"}
RESULT: {"using":"xpath","value":"//header[contains(@id, 'ObjectPageLayout-headerTitle')]/div[1]/div[2]/div[1]/span[1]"}
COMMAND: POST /session/e87ee5c00bb1e8c61ee38b6c01d07093/elements - {"using":"xpath","value":"//header[contains(@id, 'ObjectPageLayout-headerTitle')]/div[1]/div[2]/div[1]/span[1]"}
RESULT: {"using":"xpath","value":"//header[contains(@id, 'ObjectPageLayout-headerTitle')]/div[1]/div[2]/div[1]/span[1]"}
COMMAND: POST /session/e87ee5c00bb1e8c61ee38b6c01d07093/execute/sync - {"script":"<script> [56 bytes]","args":[{"element-6066-11e4-a52e-4f735466cecf":"f.C39E6AC59F605FD7CA79606EE8A094DD.d.3776C71F48B5C9A76B54A1B36E9BD7E7.e.9327","ELEMENT":"f.C39E6AC59F605FD7CA79606EE8A094DD.d.3776C71F48B5C9A76B54A1B36E9BD7E7.e.9327"}]}
RESULT: {"script":"<script> [56 bytes]","args":[{"element-6066-11e4-a52e-4f735466cecf":"f.C39E6AC59F605FD7CA79606EE8A094DD.d.3776C71F48B5C9A76B54A1B36E9BD7E7.e.9327","ELEMENT":"f.C39E6AC59F605FD7CA79606EE8A094DD.d.3776C71F48B5C9A76B54A1B36E9BD7E7.e.9327"}]}
COMMAND: GET /session/e87ee5c00bb1e8c61ee38b6c01d07093/screenshot - {}
RESULT: {}
COMMAND: POST /session/e87ee5c00bb1e8c61ee38b6c01d07093/element - {"using":"css selector","value":"#shell-header-logo"}
RESULT: {"using":"css selector","value":"#shell-header-logo"}
COMMAND: POST /session/e87ee5c00bb1e8c61ee38b6c01d07093/element/f.C39E6AC59F605FD7CA79606EE8A094DD.d.3776C71F48B5C9A76B54A1B36E9BD7E7.e.8618/click - {}
RESULT: {}
COMMAND: GET /session/e87ee5c00bb1e8c61ee38b6c01d07093/screenshot - {}
RESULT: {}
COMMAND: POST /session/e87ee5c00bb1e8c61ee38b6c01d07093/execute/sync - {"script":"<script> [299 bytes]","args":[["getModel","getResource"]]}
RESULT: {"script":"<script> [299 bytes]","args":[["getModel","getResource"]]}
]]></system-out>
    </testcase>
    <testcase classname="chrome.136_0_7103_93.windows.Billing_Transfer_-_Intracompany_US127249" name="Should create a new partner" time="142.113">
      <system-out><![CDATA[
COMMAND: POST /session/e87ee5c00bb1e8c61ee38b6c01d07093/window/fullscreen - {}
COMMAND: GET /session/e87ee5c00bb1e8c61ee38b6c01d07093/screenshot - {}
RESULT: {}
COMMAND: POST /session/e87ee5c00bb1e8c61ee38b6c01d07093/execute/async - {"script":"<script> [1562 bytes]","args":[{"selector":{"controlType":"sap.m.GenericTile","properties":{"header":"Manage Partners"}},"wdio_ui5_key":"sapm.GenericTile{\"header\":\"Manage Partners\"}"}]}
RESULT: {}
RESULT: {"script":"<script> [1562 bytes]","args":[{"selector":{"controlType":"sap.m.GenericTile","properties":{"header":"Manage Partners"}},"wdio_ui5_key":"sapm.GenericTile{\"header\":\"Manage Partners\"}"}]}
RESULT: undefined
COMMAND: POST /session/e87ee5c00bb1e8c61ee38b6c01d07093/element - {"using":"xpath","value":"//*[@id=\"__tile38\"]"}
RESULT: {"using":"xpath","value":"//*[@id=\"__tile38\"]"}
COMMAND: POST /session/e87ee5c00bb1e8c61ee38b6c01d07093/element/f.C39E6AC59F605FD7CA79606EE8A094DD.d.3776C71F48B5C9A76B54A1B36E9BD7E7.e.8503/click - {}
RESULT: {}
COMMAND: GET /session/e87ee5c00bb1e8c61ee38b6c01d07093/screenshot - {}
RESULT: {}
COMMAND: POST /session/e87ee5c00bb1e8c61ee38b6c01d07093/elements - {"using":"xpath","value":"//span[text()='Error']"}
RESULT: {"using":"xpath","value":"//span[text()='Error']"}
COMMAND: POST /session/e87ee5c00bb1e8c61ee38b6c01d07093/element - {"using":"xpath","value":"//button[@data-kt=\"addButton\"]"}
RESULT: {"using":"xpath","value":"//button[@data-kt=\"addButton\"]"}
COMMAND: POST /session/e87ee5c00bb1e8c61ee38b6c01d07093/elements - {"using":"xpath","value":"//button[@data-kt=\"addButton\"]"}
RESULT: {"using":"xpath","value":"//button[@data-kt=\"addButton\"]"}
COMMAND: POST /session/e87ee5c00bb1e8c61ee38b6c01d07093/execute/sync - {"script":"<script> [8489 bytes]","args":[{"element-6066-11e4-a52e-4f735466cecf":"f.C39E6AC59F605FD7CA79606EE8A094DD.d.3776C71F48B5C9A76B54A1B36E9BD7E7.e.9375","ELEMENT":"f.C39E6AC59F605FD7CA79606EE8A094DD.d.3776C71F48B5C9A76B54A1B36E9BD7E7.e.9375"}]}
RESULT: {"script":"<script> [8489 bytes]","args":[{"element-6066-11e4-a52e-4f735466cecf":"f.C39E6AC59F605FD7CA79606EE8A094DD.d.3776C71F48B5C9A76B54A1B36E9BD7E7.e.9375","ELEMENT":"f.C39E6AC59F605FD7CA79606EE8A094DD.d.3776C71F48B5C9A76B54A1B36E9BD7E7.e.9375"}]}
COMMAND: GET /session/e87ee5c00bb1e8c61ee38b6c01d07093/element/f.C39E6AC59F605FD7CA79606EE8A094DD.d.3776C71F48B5C9A76B54A1B36E9BD7E7.e.9375/enabled - {}
COMMAND: GET /session/e87ee5c00bb1e8c61ee38b6c01d07093/screenshot - {}
RESULT: {}
COMMAND: POST /session/e87ee5c00bb1e8c61ee38b6c01d07093/execute/sync - {"script":"<script> [8489 bytes]","args":[{"element-6066-11e4-a52e-4f735466cecf":"f.C39E6AC59F605FD7CA79606EE8A094DD.d.3776C71F48B5C9A76B54A1B36E9BD7E7.e.9375","ELEMENT":"f.C39E6AC59F605FD7CA79606EE8A094DD.d.3776C71F48B5C9A76B54A1B36E9BD7E7.e.9375"}]}
COMMAND: GET /session/e87ee5c00bb1e8c61ee38b6c01d07093/screenshot - {}
RESULT: {}
RESULT: {"script":"<script> [8489 bytes]","args":[{"element-6066-11e4-a52e-4f735466cecf":"f.C39E6AC59F605FD7CA79606EE8A094DD.d.3776C71F48B5C9A76B54A1B36E9BD7E7.e.9375","ELEMENT":"f.C39E6AC59F605FD7CA79606EE8A094DD.d.3776C71F48B5C9A76B54A1B36E9BD7E7.e.9375"}]}
COMMAND: POST /session/e87ee5c00bb1e8c61ee38b6c01d07093/execute/sync - {"script":"<script> [5351 bytes]","args":[{"element-6066-11e4-a52e-4f735466cecf":"f.C39E6AC59F605FD7CA79606EE8A094DD.d.3776C71F48B5C9A76B54A1B36E9BD7E7.e.9375","ELEMENT":"f.C39E6AC59F605FD7CA79606EE8A094DD.d.3776C71F48B5C9A76B54A1B36E9BD7E7.e.9375"}]}
COMMAND: GET /session/e87ee5c00bb1e8c61ee38b6c01d07093/screenshot - {}
RESULT: {}
RESULT: {"script":"<script> [5351 bytes]","args":[{"element-6066-11e4-a52e-4f735466cecf":"f.C39E6AC59F605FD7CA79606EE8A094DD.d.3776C71F48B5C9A76B54A1B36E9BD7E7.e.9375","ELEMENT":"f.C39E6AC59F605FD7CA79606EE8A094DD.d.3776C71F48B5C9A76B54A1B36E9BD7E7.e.9375"}]}
COMMAND: POST /session/e87ee5c00bb1e8c61ee38b6c01d07093/element/f.C39E6AC59F605FD7CA79606EE8A094DD.d.3776C71F48B5C9A76B54A1B36E9BD7E7.e.9375/click - {}
COMMAND: GET /session/e87ee5c00bb1e8c61ee38b6c01d07093/screenshot - {}
RESULT: {}
RESULT: {}
COMMAND: GET /session/e87ee5c00bb1e8c61ee38b6c01d07093/screenshot - {}
COMMAND: POST /session/e87ee5c00bb1e8c61ee38b6c01d07093/execute/async - {"script":"<script> [1562 bytes]","args":[{"selector":{"id":"application-managepartners-display-component---NewPartner--addressDetailDetailsName1","interaction":{"idSuffix":"inner"}},"wdio_ui5_key":"applicationmanagepartners-display-component---NewPartner--addressDetailDetailsName1"}]}
RESULT: {}
RESULT: {}
RESULT: {"script":"<script> [1562 bytes]","args":[{"selector":{"id":"application-managepartners-display-component---NewPartner--addressDetailDetailsName1","interaction":{"idSuffix":"inner"}},"wdio_ui5_key":"applicationmanagepartners-display-component---NewPartner--addressDetailDetailsName1"}]}
RESULT: undefined
COMMAND: POST /session/e87ee5c00bb1e8c61ee38b6c01d07093/execute/async - {"script":"<script> [776 bytes]","args":[{"enterText":"Intracompany Partner WDIO","selector":{"id":"application-managepartners-display-component---NewPartner--addressDetailDetailsName1","interaction":{"idSuffix":"inner"}},"clearTextFirst":true,"interactionType":"ENTER_TEXT"}]}
RESULT: {"script":"<script> [776 bytes]","args":[{"enterText":"Intracompany Partner WDIO","selector":{"id":"application-managepartners-display-component---NewPartner--addressDetailDetailsName1","interaction":{"idSuffix":"inner"}},"clearTextFirst":true,"interactionType":"ENTER_TEXT"}]}
COMMAND: POST /session/e87ee5c00bb1e8c61ee38b6c01d07093/execute/async - {"script":"<script> [1562 bytes]","args":[{"selector":{"id":"application-managepartners-display-component---NewPartner--addressDetailDetailsLanguage-arrow"},"wdio_ui5_key":"applicationmanagepartners-display-component---NewPartner--addressDetailDetailsLanguage-arrow"}]}
RESULT: {"script":"<script> [1562 bytes]","args":[{"selector":{"id":"application-managepartners-display-component---NewPartner--addressDetailDetailsLanguage-arrow"},"wdio_ui5_key":"applicationmanagepartners-display-component---NewPartner--addressDetailDetailsLanguage-arrow"}]}
RESULT: undefined
COMMAND: POST /session/e87ee5c00bb1e8c61ee38b6c01d07093/element - {"using":"xpath","value":"//*[@id=\"application-managepartners-display-component---NewPartner--addressDetailDetailsLanguage-arrow\"]"}
RESULT: {"using":"xpath","value":"//*[@id=\"application-managepartners-display-component---NewPartner--addressDetailDetailsLanguage-arrow\"]"}
COMMAND: POST /session/e87ee5c00bb1e8c61ee38b6c01d07093/element/f.C39E6AC59F605FD7CA79606EE8A094DD.d.3776C71F48B5C9A76B54A1B36E9BD7E7.e.9810/click - {}
RESULT: {}
COMMAND: POST /session/e87ee5c00bb1e8c61ee38b6c01d07093/element - {"using":"xpath","value":"//span[contains(text(), \"English\")]"}
COMMAND: GET /session/e87ee5c00bb1e8c61ee38b6c01d07093/screenshot - {}
RESULT: {"using":"xpath","value":"//span[contains(text(), \"English\")]"}
COMMAND: POST /session/e87ee5c00bb1e8c61ee38b6c01d07093/element/f.C39E6AC59F605FD7CA79606EE8A094DD.d.3776C71F48B5C9A76B54A1B36E9BD7E7.e.9811/click - {}
RESULT: {}
RESULT: {}
COMMAND: GET /session/e87ee5c00bb1e8c61ee38b6c01d07093/screenshot - {}
RESULT: {}
COMMAND: POST /session/e87ee5c00bb1e8c61ee38b6c01d07093/execute/async - {"script":"<script> [1562 bytes]","args":[{"selector":{"id":"application-managepartners-display-component---NewPartner--addressDetailDetailsCity1","interaction":{"idSuffix":"inner"}},"wdio_ui5_key":"applicationmanagepartners-display-component---NewPartner--addressDetailDetailsCity1"}]}
RESULT: {"script":"<script> [1562 bytes]","args":[{"selector":{"id":"application-managepartners-display-component---NewPartner--addressDetailDetailsCity1","interaction":{"idSuffix":"inner"}},"wdio_ui5_key":"applicationmanagepartners-display-component---NewPartner--addressDetailDetailsCity1"}]}
RESULT: undefined
COMMAND: POST /session/e87ee5c00bb1e8c61ee38b6c01d07093/execute/async - {"script":"<script> [776 bytes]","args":[{"enterText":"Rosario","selector":{"id":"application-managepartners-display-component---NewPartner--addressDetailDetailsCity1","interaction":{"idSuffix":"inner"}},"clearTextFirst":true,"interactionType":"ENTER_TEXT"}]}
RESULT: {"script":"<script> [776 bytes]","args":[{"enterText":"Rosario","selector":{"id":"application-managepartners-display-component---NewPartner--addressDetailDetailsCity1","interaction":{"idSuffix":"inner"}},"clearTextFirst":true,"interactionType":"ENTER_TEXT"}]}
COMMAND: POST /session/e87ee5c00bb1e8c61ee38b6c01d07093/execute/async - {"script":"<script> [1562 bytes]","args":[{"selector":{"id":"application-managepartners-display-component---NewPartner--addressDetailDetailsCountry-arrow"},"wdio_ui5_key":"applicationmanagepartners-display-component---NewPartner--addressDetailDetailsCountry-arrow"}]}
RESULT: {"script":"<script> [1562 bytes]","args":[{"selector":{"id":"application-managepartners-display-component---NewPartner--addressDetailDetailsCountry-arrow"},"wdio_ui5_key":"applicationmanagepartners-display-component---NewPartner--addressDetailDetailsCountry-arrow"}]}
RESULT: undefined
COMMAND: POST /session/e87ee5c00bb1e8c61ee38b6c01d07093/element - {"using":"xpath","value":"//*[@id=\"application-managepartners-display-component---NewPartner--addressDetailDetailsCountry-arrow\"]"}
RESULT: {"using":"xpath","value":"//*[@id=\"application-managepartners-display-component---NewPartner--addressDetailDetailsCountry-arrow\"]"}
COMMAND: POST /session/e87ee5c00bb1e8c61ee38b6c01d07093/element/f.C39E6AC59F605FD7CA79606EE8A094DD.d.3776C71F48B5C9A76B54A1B36E9BD7E7.e.9797/click - {}
RESULT: {}
COMMAND: POST /session/e87ee5c00bb1e8c61ee38b6c01d07093/element - {"using":"xpath","value":"//span[contains(text(), \"Argentina\")]"}
COMMAND: GET /session/e87ee5c00bb1e8c61ee38b6c01d07093/screenshot - {}
RESULT: {"using":"xpath","value":"//span[contains(text(), \"Argentina\")]"}
COMMAND: POST /session/e87ee5c00bb1e8c61ee38b6c01d07093/element/f.C39E6AC59F605FD7CA79606EE8A094DD.d.3776C71F48B5C9A76B54A1B36E9BD7E7.e.9813/click - {}
RESULT: {}
RESULT: {}
COMMAND: GET /session/e87ee5c00bb1e8c61ee38b6c01d07093/screenshot - {}
RESULT: {}
COMMAND: POST /session/e87ee5c00bb1e8c61ee38b6c01d07093/element - {"using":"xpath","value":"//bdi[contains(text(), \"Commercial\")]"}
RESULT: {"using":"xpath","value":"//bdi[contains(text(), \"Commercial\")]"}
COMMAND: POST /session/e87ee5c00bb1e8c61ee38b6c01d07093/element/f.C39E6AC59F605FD7CA79606EE8A094DD.d.3776C71F48B5C9A76B54A1B36E9BD7E7.e.9814/click - {}
RESULT: {}
COMMAND: GET /session/e87ee5c00bb1e8c61ee38b6c01d07093/screenshot - {}
RESULT: {}
COMMAND: POST /session/e87ee5c00bb1e8c61ee38b6c01d07093/execute/async - {"script":"<script> [1562 bytes]","args":[{"selector":{"id":"application-managepartners-display-component---NewPartner--partnerDetailInternal-arrow"},"wdio_ui5_key":"applicationmanagepartners-display-component---NewPartner--partnerDetailInternal-arrow"}]}
RESULT: {"script":"<script> [1562 bytes]","args":[{"selector":{"id":"application-managepartners-display-component---NewPartner--partnerDetailInternal-arrow"},"wdio_ui5_key":"applicationmanagepartners-display-component---NewPartner--partnerDetailInternal-arrow"}]}
RESULT: undefined
COMMAND: POST /session/e87ee5c00bb1e8c61ee38b6c01d07093/element - {"using":"xpath","value":"//*[@id=\"application-managepartners-display-component---NewPartner--partnerDetailInternal-arrow\"]"}
RESULT: {"using":"xpath","value":"//*[@id=\"application-managepartners-display-component---NewPartner--partnerDetailInternal-arrow\"]"}
COMMAND: POST /session/e87ee5c00bb1e8c61ee38b6c01d07093/element/f.C39E6AC59F605FD7CA79606EE8A094DD.d.3776C71F48B5C9A76B54A1B36E9BD7E7.e.9822/click - {}
RESULT: {}
COMMAND: POST /session/e87ee5c00bb1e8c61ee38b6c01d07093/element - {"using":"xpath","value":"//span[contains(text(), \"Affiliated company\")]"}
COMMAND: GET /session/e87ee5c00bb1e8c61ee38b6c01d07093/screenshot - {}
RESULT: {"using":"xpath","value":"//span[contains(text(), \"Affiliated company\")]"}
COMMAND: POST /session/e87ee5c00bb1e8c61ee38b6c01d07093/element/f.C39E6AC59F605FD7CA79606EE8A094DD.d.3776C71F48B5C9A76B54A1B36E9BD7E7.e.9823/click - {}
RESULT: {}
RESULT: {}
COMMAND: POST /session/e87ee5c00bb1e8c61ee38b6c01d07093/execute/async - {"script":"<script> [1562 bytes]","args":[{"selector":{"id":"application-managepartners-display-component---NewPartner--partnerDetailsCurrency-arrow"},"wdio_ui5_key":"applicationmanagepartners-display-component---NewPartner--partnerDetailsCurrency-arrow"}]}
COMMAND: GET /session/e87ee5c00bb1e8c61ee38b6c01d07093/screenshot - {}
RESULT: {"script":"<script> [1562 bytes]","args":[{"selector":{"id":"application-managepartners-display-component---NewPartner--partnerDetailsCurrency-arrow"},"wdio_ui5_key":"applicationmanagepartners-display-component---NewPartner--partnerDetailsCurrency-arrow"}]}
RESULT: undefined
COMMAND: POST /session/e87ee5c00bb1e8c61ee38b6c01d07093/element - {"using":"xpath","value":"//*[@id=\"application-managepartners-display-component---NewPartner--partnerDetailsCurrency-arrow\"]"}
RESULT: {}
RESULT: {"using":"xpath","value":"//*[@id=\"application-managepartners-display-component---NewPartner--partnerDetailsCurrency-arrow\"]"}
COMMAND: POST /session/e87ee5c00bb1e8c61ee38b6c01d07093/element/f.C39E6AC59F605FD7CA79606EE8A094DD.d.3776C71F48B5C9A76B54A1B36E9BD7E7.e.9830/click - {}
RESULT: {}
COMMAND: POST /session/e87ee5c00bb1e8c61ee38b6c01d07093/element - {"using":"xpath","value":"//span[contains(text(), \"Euro\")]"}
COMMAND: GET /session/e87ee5c00bb1e8c61ee38b6c01d07093/screenshot - {}
RESULT: {"using":"xpath","value":"//span[contains(text(), \"Euro\")]"}
COMMAND: POST /session/e87ee5c00bb1e8c61ee38b6c01d07093/element/f.C39E6AC59F605FD7CA79606EE8A094DD.d.3776C71F48B5C9A76B54A1B36E9BD7E7.e.9831/click - {}
RESULT: {}
RESULT: {}
COMMAND: POST /session/e87ee5c00bb1e8c61ee38b6c01d07093/execute/async - {"script":"<script> [1562 bytes]","args":[{"selector":{"id":"application-managepartners-display-component---NewPartner--addressEditDetailsCostObjectCstType-arrow"},"wdio_ui5_key":"applicationmanagepartners-display-component---NewPartner--addressEditDetailsCostObjectCstType-arrow"}]}
COMMAND: GET /session/e87ee5c00bb1e8c61ee38b6c01d07093/screenshot - {}
RESULT: {"script":"<script> [1562 bytes]","args":[{"selector":{"id":"application-managepartners-display-component---NewPartner--addressEditDetailsCostObjectCstType-arrow"},"wdio_ui5_key":"applicationmanagepartners-display-component---NewPartner--addressEditDetailsCostObjectCstType-arrow"}]}
RESULT: undefined
COMMAND: POST /session/e87ee5c00bb1e8c61ee38b6c01d07093/element - {"using":"xpath","value":"//*[@id=\"application-managepartners-display-component---NewPartner--addressEditDetailsCostObjectCstType-arrow\"]"}
RESULT: {}
RESULT: {"using":"xpath","value":"//*[@id=\"application-managepartners-display-component---NewPartner--addressEditDetailsCostObjectCstType-arrow\"]"}
COMMAND: POST /session/e87ee5c00bb1e8c61ee38b6c01d07093/element/f.C39E6AC59F605FD7CA79606EE8A094DD.d.3776C71F48B5C9A76B54A1B36E9BD7E7.e.9832/click - {}
RESULT: {}
COMMAND: POST /session/e87ee5c00bb1e8c61ee38b6c01d07093/element - {"using":"xpath","value":"//span[contains(text(), \"Cost Center\")]"}
COMMAND: GET /session/e87ee5c00bb1e8c61ee38b6c01d07093/screenshot - {}
RESULT: {"using":"xpath","value":"//span[contains(text(), \"Cost Center\")]"}
COMMAND: POST /session/e87ee5c00bb1e8c61ee38b6c01d07093/element/f.C39E6AC59F605FD7CA79606EE8A094DD.d.3776C71F48B5C9A76B54A1B36E9BD7E7.e.9833/click - {}
RESULT: {}
RESULT: {}
COMMAND: GET /session/e87ee5c00bb1e8c61ee38b6c01d07093/screenshot - {}
RESULT: {}
COMMAND: POST /session/e87ee5c00bb1e8c61ee38b6c01d07093/element - {"using":"xpath","value":"//span[@id=\"application-managepartners-display-component---NewPartner--addressNewCostObjectCstID-vhi\"]"}
RESULT: {"using":"xpath","value":"//span[@id=\"application-managepartners-display-component---NewPartner--addressNewCostObjectCstID-vhi\"]"}
COMMAND: POST /session/e87ee5c00bb1e8c61ee38b6c01d07093/execute/sync - {"script":"<script> [8489 bytes]","args":[{"element-6066-11e4-a52e-4f735466cecf":"f.C39E6AC59F605FD7CA79606EE8A094DD.d.3776C71F48B5C9A76B54A1B36E9BD7E7.e.9837","ELEMENT":"f.C39E6AC59F605FD7CA79606EE8A094DD.d.3776C71F48B5C9A76B54A1B36E9BD7E7.e.9837"}]}
RESULT: {"script":"<script> [8489 bytes]","args":[{"element-6066-11e4-a52e-4f735466cecf":"f.C39E6AC59F605FD7CA79606EE8A094DD.d.3776C71F48B5C9A76B54A1B36E9BD7E7.e.9837","ELEMENT":"f.C39E6AC59F605FD7CA79606EE8A094DD.d.3776C71F48B5C9A76B54A1B36E9BD7E7.e.9837"}]}
COMMAND: POST /session/e87ee5c00bb1e8c61ee38b6c01d07093/execute/async - {"script":"<script> [1562 bytes]","args":[{"selector":{"id":"application-managepartners-display-component---NewPartner--addressNewCostObjectCstID-vhi"},"wdio_ui5_key":"applicationmanagepartners-display-component---NewPartner--addressNewCostObjectCstID-vhi"}]}
COMMAND: GET /session/e87ee5c00bb1e8c61ee38b6c01d07093/screenshot - {}
RESULT: {"script":"<script> [1562 bytes]","args":[{"selector":{"id":"application-managepartners-display-component---NewPartner--addressNewCostObjectCstID-vhi"},"wdio_ui5_key":"applicationmanagepartners-display-component---NewPartner--addressNewCostObjectCstID-vhi"}]}
RESULT: undefined
COMMAND: POST /session/e87ee5c00bb1e8c61ee38b6c01d07093/element - {"using":"xpath","value":"//*[@id=\"application-managepartners-display-component---NewPartner--addressNewCostObjectCstID-vhi\"]"}
RESULT: {}
RESULT: {"using":"xpath","value":"//*[@id=\"application-managepartners-display-component---NewPartner--addressNewCostObjectCstID-vhi\"]"}
COMMAND: POST /session/e87ee5c00bb1e8c61ee38b6c01d07093/element/f.C39E6AC59F605FD7CA79606EE8A094DD.d.3776C71F48B5C9A76B54A1B36E9BD7E7.e.9837/click - {}
RESULT: {}
COMMAND: GET /session/e87ee5c00bb1e8c61ee38b6c01d07093/screenshot - {}
RESULT: {}
RESULT: undefined
COMMAND: POST /session/e87ee5c00bb1e8c61ee38b6c01d07093/execute/async - {"script":"<script> [776 bytes]","args":[{"enterText":"10001013","selector":{"controlType":"sap.m.SearchField","properties":{"placeholder":"Search"},"searchOpenDialogs":true,"interaction":{"idSuffix":"I"}},"clearTextFirst":true,"interactionType":"ENTER_TEXT"}]}
RESULT: {"script":"<script> [776 bytes]","args":[{"enterText":"10001013","selector":{"controlType":"sap.m.SearchField","properties":{"placeholder":"Search"},"searchOpenDialogs":true,"interaction":{"idSuffix":"I"}},"clearTextFirst":true,"interactionType":"ENTER_TEXT"}]}
COMMAND: POST /session/e87ee5c00bb1e8c61ee38b6c01d07093/actions - {"actions":[{"id":"action25","type":"key","parameters":{},"actions":[{"type":"keyDown","value":""},{"type":"pause","duration":10},{"type":"keyUp","value":""}]}]}
RESULT: {"actions":[{"id":"action25","type":"key","parameters":{},"actions":[{"type":"keyDown","value":""},{"type":"pause","duration":10},{"type":"keyUp","value":""}]}]}
COMMAND: GET /session/e87ee5c00bb1e8c61ee38b6c01d07093/screenshot - {}
RESULT: {}
COMMAND: POST /session/e87ee5c00bb1e8c61ee38b6c01d07093/element - {"using":"xpath","value":"//span[contains(text(), \"General Management\")]"}
RESULT: {"using":"xpath","value":"//span[contains(text(), \"General Management\")]"}
COMMAND: POST /session/e87ee5c00bb1e8c61ee38b6c01d07093/element/f.C39E6AC59F605FD7CA79606EE8A094DD.d.3776C71F48B5C9A76B54A1B36E9BD7E7.e.9876/click - {}
RESULT: {}
COMMAND: GET /session/e87ee5c00bb1e8c61ee38b6c01d07093/screenshot - {}
RESULT: {}
COMMAND: POST /session/e87ee5c00bb1e8c61ee38b6c01d07093/element - {"using":"xpath","value":"//bdi[contains(text(), \"OK\")]"}
RESULT: {"using":"xpath","value":"//bdi[contains(text(), \"OK\")]"}
COMMAND: POST /session/e87ee5c00bb1e8c61ee38b6c01d07093/element/f.C39E6AC59F605FD7CA79606EE8A094DD.d.3776C71F48B5C9A76B54A1B36E9BD7E7.e.9877/click - {}
RESULT: {}
COMMAND: GET /session/e87ee5c00bb1e8c61ee38b6c01d07093/screenshot - {}
RESULT: {}
COMMAND: POST /session/e87ee5c00bb1e8c61ee38b6c01d07093/element - {"using":"xpath","value":"//input[@id=\"application-managepartners-display-component---NewPartner--companyCodeComboBox-inner\"]"}
RESULT: {"using":"xpath","value":"//input[@id=\"application-managepartners-display-component---NewPartner--companyCodeComboBox-inner\"]"}
COMMAND: POST /session/e87ee5c00bb1e8c61ee38b6c01d07093/element/f.C39E6AC59F605FD7CA79606EE8A094DD.d.3776C71F48B5C9A76B54A1B36E9BD7E7.e.9676/clear - {}
RESULT: {}
COMMAND: POST /session/e87ee5c00bb1e8c61ee38b6c01d07093/element/f.C39E6AC59F605FD7CA79606EE8A094DD.d.3776C71F48B5C9A76B54A1B36E9BD7E7.e.9676/value - {"text":"1000"}
COMMAND: GET /session/e87ee5c00bb1e8c61ee38b6c01d07093/screenshot - {}
RESULT: {"text":"1000"}
COMMAND: GET /session/e87ee5c00bb1e8c61ee38b6c01d07093/screenshot - {}
RESULT: {}
RESULT: {}
COMMAND: POST /session/e87ee5c00bb1e8c61ee38b6c01d07093/element - {"using":"xpath","value":"//li[.//span[text()= \"1000\"]]"}
RESULT: {"using":"xpath","value":"//li[.//span[text()= \"1000\"]]"}
COMMAND: POST /session/e87ee5c00bb1e8c61ee38b6c01d07093/element/f.C39E6AC59F605FD7CA79606EE8A094DD.d.3776C71F48B5C9A76B54A1B36E9BD7E7.e.9883/click - {}
RESULT: {}
COMMAND: GET /session/e87ee5c00bb1e8c61ee38b6c01d07093/screenshot - {}
RESULT: {}
COMMAND: POST /session/e87ee5c00bb1e8c61ee38b6c01d07093/execute/async - {"script":"<script> [1562 bytes]","args":[{"selector":{"id":"application-managepartners-display-component---NewPartner--btnAddTableRow-img"},"wdio_ui5_key":"applicationmanagepartners-display-component---NewPartner--btnAddTableRow-img"}]}
RESULT: {"script":"<script> [1562 bytes]","args":[{"selector":{"id":"application-managepartners-display-component---NewPartner--btnAddTableRow-img"},"wdio_ui5_key":"applicationmanagepartners-display-component---NewPartner--btnAddTableRow-img"}]}
RESULT: undefined
COMMAND: POST /session/e87ee5c00bb1e8c61ee38b6c01d07093/element - {"using":"xpath","value":"//*[@id=\"application-managepartners-display-component---NewPartner--btnAddTableRow-img\"]"}
RESULT: {"using":"xpath","value":"//*[@id=\"application-managepartners-display-component---NewPartner--btnAddTableRow-img\"]"}
COMMAND: POST /session/e87ee5c00bb1e8c61ee38b6c01d07093/element/f.C39E6AC59F605FD7CA79606EE8A094DD.d.3776C71F48B5C9A76B54A1B36E9BD7E7.e.9884/click - {}
RESULT: {}
COMMAND: GET /session/e87ee5c00bb1e8c61ee38b6c01d07093/screenshot - {}
RESULT: {}
COMMAND: POST /session/e87ee5c00bb1e8c61ee38b6c01d07093/element - {"using":"xpath","value":"//input[@id=\"application-managepartners-display-component---NewPartner--assignmentYard-application-managepartners-display-component---NewPartner--assignmentsTable-0-inner\"]"}
RESULT: {"using":"xpath","value":"//input[@id=\"application-managepartners-display-component---NewPartner--assignmentYard-application-managepartners-display-component---NewPartner--assignmentsTable-0-inner\"]"}
COMMAND: POST /session/e87ee5c00bb1e8c61ee38b6c01d07093/element/f.C39E6AC59F605FD7CA79606EE8A094DD.d.3776C71F48B5C9A76B54A1B36E9BD7E7.e.9887/clear - {}
RESULT: {}
COMMAND: POST /session/e87ee5c00bb1e8c61ee38b6c01d07093/element/f.C39E6AC59F605FD7CA79606EE8A094DD.d.3776C71F48B5C9A76B54A1B36E9BD7E7.e.9887/value - {"text":"284"}
COMMAND: GET /session/e87ee5c00bb1e8c61ee38b6c01d07093/screenshot - {}
RESULT: {"text":"284"}
COMMAND: GET /session/e87ee5c00bb1e8c61ee38b6c01d07093/screenshot - {}
RESULT: {}
RESULT: {}
COMMAND: POST /session/e87ee5c00bb1e8c61ee38b6c01d07093/element - {"using":"xpath","value":"//li[.//span[text()='284']]"}
RESULT: {"using":"xpath","value":"//li[.//span[text()='284']]"}
COMMAND: POST /session/e87ee5c00bb1e8c61ee38b6c01d07093/element/f.C39E6AC59F605FD7CA79606EE8A094DD.d.3776C71F48B5C9A76B54A1B36E9BD7E7.e.9896/click - {}
RESULT: {}
COMMAND: GET /session/e87ee5c00bb1e8c61ee38b6c01d07093/screenshot - {}
RESULT: {}
COMMAND: POST /session/e87ee5c00bb1e8c61ee38b6c01d07093/actions - {"actions":[{"id":"action26","type":"key","parameters":{},"actions":[{"type":"keyDown","value":""},{"type":"pause","duration":10},{"type":"keyUp","value":""}]}]}
RESULT: {"actions":[{"id":"action26","type":"key","parameters":{},"actions":[{"type":"keyDown","value":""},{"type":"pause","duration":10},{"type":"keyUp","value":""}]}]}
COMMAND: POST /session/e87ee5c00bb1e8c61ee38b6c01d07093/execute/async - {"script":"<script> [1562 bytes]","args":[{"selector":{"id":"application-managepartners-display-component---NewPartner--externalCustomerComboBox-application-managepartners-display-component---NewPartner--assignmentsTable-0-vhi"},"wdio_ui5_key":"applicationmanagepartners-display-component---NewPartner--externalCustomerComboBox-application-managepartners-display-component---NewPartner--assignmentsTable-0-vhi"}]}
COMMAND: GET /session/e87ee5c00bb1e8c61ee38b6c01d07093/screenshot - {}
RESULT: {"script":"<script> [1562 bytes]","args":[{"selector":{"id":"application-managepartners-display-component---NewPartner--externalCustomerComboBox-application-managepartners-display-component---NewPartner--assignmentsTable-0-vhi"},"wdio_ui5_key":"applicationmanagepartners-display-component---NewPartner--externalCustomerComboBox-application-managepartners-display-component---NewPartner--assignmentsTable-0-vhi"}]}
RESULT: undefined
COMMAND: POST /session/e87ee5c00bb1e8c61ee38b6c01d07093/element - {"using":"xpath","value":"//*[@id=\"application-managepartners-display-component---NewPartner--externalCustomerComboBox-application-managepartners-display-component---NewPartner--assignmentsTable-0-vhi\"]"}
RESULT: {}
RESULT: {"using":"xpath","value":"//*[@id=\"application-managepartners-display-component---NewPartner--externalCustomerComboBox-application-managepartners-display-component---NewPartner--assignmentsTable-0-vhi\"]"}
COMMAND: POST /session/e87ee5c00bb1e8c61ee38b6c01d07093/element/f.C39E6AC59F605FD7CA79606EE8A094DD.d.3776C71F48B5C9A76B54A1B36E9BD7E7.e.9900/click - {}
RESULT: {}
RESULT: undefined
COMMAND: POST /session/e87ee5c00bb1e8c61ee38b6c01d07093/execute/async - {"script":"<script> [776 bytes]","args":[{"enterText":"300003","selector":{"controlType":"sap.m.SearchField","properties":{"placeholder":"Search"},"searchOpenDialogs":true,"interaction":{"idSuffix":"I"}},"clearTextFirst":true,"interactionType":"ENTER_TEXT"}]}
COMMAND: GET /session/e87ee5c00bb1e8c61ee38b6c01d07093/screenshot - {}
RESULT: {"script":"<script> [776 bytes]","args":[{"enterText":"300003","selector":{"controlType":"sap.m.SearchField","properties":{"placeholder":"Search"},"searchOpenDialogs":true,"interaction":{"idSuffix":"I"}},"clearTextFirst":true,"interactionType":"ENTER_TEXT"}]}
COMMAND: POST /session/e87ee5c00bb1e8c61ee38b6c01d07093/actions - {"actions":[{"id":"action27","type":"key","parameters":{},"actions":[{"type":"keyDown","value":""},{"type":"pause","duration":10},{"type":"keyUp","value":""}]}]}
RESULT: {}
RESULT: {"actions":[{"id":"action27","type":"key","parameters":{},"actions":[{"type":"keyDown","value":""},{"type":"pause","duration":10},{"type":"keyUp","value":""}]}]}
COMMAND: GET /session/e87ee5c00bb1e8c61ee38b6c01d07093/screenshot - {}
RESULT: {}
COMMAND: POST /session/e87ee5c00bb1e8c61ee38b6c01d07093/element - {"using":"xpath","value":"//span[contains(text(), \"300003\")]"}
RESULT: {"using":"xpath","value":"//span[contains(text(), \"300003\")]"}
COMMAND: POST /session/e87ee5c00bb1e8c61ee38b6c01d07093/element/f.C39E6AC59F605FD7CA79606EE8A094DD.d.3776C71F48B5C9A76B54A1B36E9BD7E7.e.9918/click - {}
RESULT: {}
COMMAND: GET /session/e87ee5c00bb1e8c61ee38b6c01d07093/screenshot - {}
RESULT: {}
COMMAND: POST /session/e87ee5c00bb1e8c61ee38b6c01d07093/element - {"using":"xpath","value":"//bdi[contains(text(), \"OK\")]"}
RESULT: {"using":"xpath","value":"//bdi[contains(text(), \"OK\")]"}
COMMAND: POST /session/e87ee5c00bb1e8c61ee38b6c01d07093/element/f.C39E6AC59F605FD7CA79606EE8A094DD.d.3776C71F48B5C9A76B54A1B36E9BD7E7.e.9920/click - {}
RESULT: {}
COMMAND: GET /session/e87ee5c00bb1e8c61ee38b6c01d07093/screenshot - {}
RESULT: {}
COMMAND: POST /session/e87ee5c00bb1e8c61ee38b6c01d07093/execute/async - {"script":"<script> [1562 bytes]","args":[{"selector":{"id":"application-managepartners-display-component---NewPartner--intercompVendorComboBox-application-managepartners-display-component---NewPartner--assignmentsTable-0-vhi"},"wdio_ui5_key":"applicationmanagepartners-display-component---NewPartner--intercompVendorComboBox-application-managepartners-display-component---NewPartner--assignmentsTable-0-vhi"}]}
RESULT: {"script":"<script> [1562 bytes]","args":[{"selector":{"id":"application-managepartners-display-component---NewPartner--intercompVendorComboBox-application-managepartners-display-component---NewPartner--assignmentsTable-0-vhi"},"wdio_ui5_key":"applicationmanagepartners-display-component---NewPartner--intercompVendorComboBox-application-managepartners-display-component---NewPartner--assignmentsTable-0-vhi"}]}
RESULT: undefined
COMMAND: POST /session/e87ee5c00bb1e8c61ee38b6c01d07093/element - {"using":"xpath","value":"//*[@id=\"application-managepartners-display-component---NewPartner--intercompVendorComboBox-application-managepartners-display-component---NewPartner--assignmentsTable-0-vhi\"]"}
RESULT: {"using":"xpath","value":"//*[@id=\"application-managepartners-display-component---NewPartner--intercompVendorComboBox-application-managepartners-display-component---NewPartner--assignmentsTable-0-vhi\"]"}
COMMAND: POST /session/e87ee5c00bb1e8c61ee38b6c01d07093/element/f.C39E6AC59F605FD7CA79606EE8A094DD.d.3776C71F48B5C9A76B54A1B36E9BD7E7.e.9923/click - {}
RESULT: {}
RESULT: undefined
COMMAND: POST /session/e87ee5c00bb1e8c61ee38b6c01d07093/execute/async - {"script":"<script> [776 bytes]","args":[{"enterText":"100005","selector":{"controlType":"sap.m.SearchField","properties":{"placeholder":"Search"},"searchOpenDialogs":true,"interaction":{"idSuffix":"I"}},"clearTextFirst":true,"interactionType":"ENTER_TEXT"}]}
COMMAND: GET /session/e87ee5c00bb1e8c61ee38b6c01d07093/screenshot - {}
RESULT: {"script":"<script> [776 bytes]","args":[{"enterText":"100005","selector":{"controlType":"sap.m.SearchField","properties":{"placeholder":"Search"},"searchOpenDialogs":true,"interaction":{"idSuffix":"I"}},"clearTextFirst":true,"interactionType":"ENTER_TEXT"}]}
COMMAND: POST /session/e87ee5c00bb1e8c61ee38b6c01d07093/actions - {"actions":[{"id":"action28","type":"key","parameters":{},"actions":[{"type":"keyDown","value":""},{"type":"pause","duration":10},{"type":"keyUp","value":""}]}]}
RESULT: {}
RESULT: {"actions":[{"id":"action28","type":"key","parameters":{},"actions":[{"type":"keyDown","value":""},{"type":"pause","duration":10},{"type":"keyUp","value":""}]}]}
COMMAND: GET /session/e87ee5c00bb1e8c61ee38b6c01d07093/screenshot - {}
RESULT: {}
COMMAND: POST /session/e87ee5c00bb1e8c61ee38b6c01d07093/element - {"using":"xpath","value":"//span[contains(text(), \"Penguins - Field/12345 Berlin\")]"}
RESULT: {"using":"xpath","value":"//span[contains(text(), \"Penguins - Field/12345 Berlin\")]"}
COMMAND: POST /session/e87ee5c00bb1e8c61ee38b6c01d07093/element/f.C39E6AC59F605FD7CA79606EE8A094DD.d.3776C71F48B5C9A76B54A1B36E9BD7E7.e.9941/click - {}
RESULT: {}
COMMAND: GET /session/e87ee5c00bb1e8c61ee38b6c01d07093/screenshot - {}
RESULT: {}
COMMAND: POST /session/e87ee5c00bb1e8c61ee38b6c01d07093/element - {"using":"xpath","value":"//bdi[contains(text(), \"OK\")]"}
RESULT: {"using":"xpath","value":"//bdi[contains(text(), \"OK\")]"}
COMMAND: POST /session/e87ee5c00bb1e8c61ee38b6c01d07093/element/f.C39E6AC59F605FD7CA79606EE8A094DD.d.3776C71F48B5C9A76B54A1B36E9BD7E7.e.9942/click - {}
RESULT: {}
COMMAND: GET /session/e87ee5c00bb1e8c61ee38b6c01d07093/screenshot - {}
RESULT: {}
COMMAND: POST /session/e87ee5c00bb1e8c61ee38b6c01d07093/element - {"using":"xpath","value":"//button[@data-kt=\"saveButton\"]"}
RESULT: {"using":"xpath","value":"//button[@data-kt=\"saveButton\"]"}
COMMAND: POST /session/e87ee5c00bb1e8c61ee38b6c01d07093/element/f.C39E6AC59F605FD7CA79606EE8A094DD.d.3776C71F48B5C9A76B54A1B36E9BD7E7.e.9747/click - {}
RESULT: {}
COMMAND: GET /session/e87ee5c00bb1e8c61ee38b6c01d07093/screenshot - {}
RESULT: {}
COMMAND: POST /session/e87ee5c00bb1e8c61ee38b6c01d07093/element - {"using":"xpath","value":"//header[contains(@id, 'ObjectPageLayout-headerTitle')]/div[1]/div[2]/div[2]/span[1]"}
RESULT: {"using":"xpath","value":"//header[contains(@id, 'ObjectPageLayout-headerTitle')]/div[1]/div[2]/div[2]/span[1]"}
COMMAND: POST /session/e87ee5c00bb1e8c61ee38b6c01d07093/elements - {"using":"xpath","value":"//header[contains(@id, 'ObjectPageLayout-headerTitle')]/div[1]/div[2]/div[2]/span[1]"}
RESULT: {"using":"xpath","value":"//header[contains(@id, 'ObjectPageLayout-headerTitle')]/div[1]/div[2]/div[2]/span[1]"}
COMMAND: POST /session/e87ee5c00bb1e8c61ee38b6c01d07093/execute/sync - {"script":"<script> [56 bytes]","args":[{"element-6066-11e4-a52e-4f735466cecf":"f.C39E6AC59F605FD7CA79606EE8A094DD.d.3776C71F48B5C9A76B54A1B36E9BD7E7.e.10106","ELEMENT":"f.C39E6AC59F605FD7CA79606EE8A094DD.d.3776C71F48B5C9A76B54A1B36E9BD7E7.e.10106"}]}
RESULT: {"script":"<script> [56 bytes]","args":[{"element-6066-11e4-a52e-4f735466cecf":"f.C39E6AC59F605FD7CA79606EE8A094DD.d.3776C71F48B5C9A76B54A1B36E9BD7E7.e.10106","ELEMENT":"f.C39E6AC59F605FD7CA79606EE8A094DD.d.3776C71F48B5C9A76B54A1B36E9BD7E7.e.10106"}]}
COMMAND: POST /session/e87ee5c00bb1e8c61ee38b6c01d07093/element - {"using":"css selector","value":"#shell-header-logo"}
COMMAND: GET /session/e87ee5c00bb1e8c61ee38b6c01d07093/screenshot - {}
RESULT: {"using":"css selector","value":"#shell-header-logo"}
COMMAND: POST /session/e87ee5c00bb1e8c61ee38b6c01d07093/element/f.C39E6AC59F605FD7CA79606EE8A094DD.d.3776C71F48B5C9A76B54A1B36E9BD7E7.e.9331/click - {}
RESULT: {}
RESULT: {}
COMMAND: GET /session/e87ee5c00bb1e8c61ee38b6c01d07093/screenshot - {}
RESULT: {}
COMMAND: POST /session/e87ee5c00bb1e8c61ee38b6c01d07093/execute/sync - {"script":"<script> [299 bytes]","args":[["getModel","getResource"]]}
RESULT: {"script":"<script> [299 bytes]","args":[["getModel","getResource"]]}
]]></system-out>
    </testcase>
    <testcase classname="chrome.136_0_7103_93.windows.Billing_Transfer_-_Intracompany_US127249" name="Should create a new site" time="148.074">
      <system-out><![CDATA[
COMMAND: GET /session/e87ee5c00bb1e8c61ee38b6c01d07093/screenshot - {}
COMMAND: POST /session/e87ee5c00bb1e8c61ee38b6c01d07093/execute/async - {"script":"<script> [1562 bytes]","args":[{"selector":{"controlType":"sap.m.GenericTile","properties":{"header":"Manage Sites"}},"wdio_ui5_key":"sapm.GenericTile{\"header\":\"Manage Sites\"}"}]}
RESULT: {}
RESULT: {"script":"<script> [1562 bytes]","args":[{"selector":{"controlType":"sap.m.GenericTile","properties":{"header":"Manage Sites"}},"wdio_ui5_key":"sapm.GenericTile{\"header\":\"Manage Sites\"}"}]}
RESULT: undefined
COMMAND: POST /session/e87ee5c00bb1e8c61ee38b6c01d07093/element - {"using":"xpath","value":"//*[@id=\"__tile40\"]"}
RESULT: {"using":"xpath","value":"//*[@id=\"__tile40\"]"}
COMMAND: POST /session/e87ee5c00bb1e8c61ee38b6c01d07093/element/f.C39E6AC59F605FD7CA79606EE8A094DD.d.3776C71F48B5C9A76B54A1B36E9BD7E7.e.8509/click - {}
RESULT: {}
COMMAND: GET /session/e87ee5c00bb1e8c61ee38b6c01d07093/screenshot - {}
RESULT: {}
COMMAND: POST /session/e87ee5c00bb1e8c61ee38b6c01d07093/elements - {"using":"xpath","value":"//span[text()='Error']"}
RESULT: {"using":"xpath","value":"//span[text()='Error']"}
COMMAND: POST /session/e87ee5c00bb1e8c61ee38b6c01d07093/element - {"using":"xpath","value":"//button[@data-kt=\"addOverflowToolbarButton\"]"}
RESULT: {"using":"xpath","value":"//button[@data-kt=\"addOverflowToolbarButton\"]"}
COMMAND: POST /session/e87ee5c00bb1e8c61ee38b6c01d07093/elements - {"using":"xpath","value":"//button[@data-kt=\"addOverflowToolbarButton\"]"}
RESULT: {"using":"xpath","value":"//button[@data-kt=\"addOverflowToolbarButton\"]"}
COMMAND: POST /session/e87ee5c00bb1e8c61ee38b6c01d07093/execute/sync - {"script":"<script> [8489 bytes]","args":[{"element-6066-11e4-a52e-4f735466cecf":"f.C39E6AC59F605FD7CA79606EE8A094DD.d.3776C71F48B5C9A76B54A1B36E9BD7E7.e.10154","ELEMENT":"f.C39E6AC59F605FD7CA79606EE8A094DD.d.3776C71F48B5C9A76B54A1B36E9BD7E7.e.10154"}]}
RESULT: {"script":"<script> [8489 bytes]","args":[{"element-6066-11e4-a52e-4f735466cecf":"f.C39E6AC59F605FD7CA79606EE8A094DD.d.3776C71F48B5C9A76B54A1B36E9BD7E7.e.10154","ELEMENT":"f.C39E6AC59F605FD7CA79606EE8A094DD.d.3776C71F48B5C9A76B54A1B36E9BD7E7.e.10154"}]}
COMMAND: GET /session/e87ee5c00bb1e8c61ee38b6c01d07093/element/f.C39E6AC59F605FD7CA79606EE8A094DD.d.3776C71F48B5C9A76B54A1B36E9BD7E7.e.10154/enabled - {}
COMMAND: GET /session/e87ee5c00bb1e8c61ee38b6c01d07093/screenshot - {}
RESULT: {}
COMMAND: POST /session/e87ee5c00bb1e8c61ee38b6c01d07093/execute/sync - {"script":"<script> [8489 bytes]","args":[{"element-6066-11e4-a52e-4f735466cecf":"f.C39E6AC59F605FD7CA79606EE8A094DD.d.3776C71F48B5C9A76B54A1B36E9BD7E7.e.10154","ELEMENT":"f.C39E6AC59F605FD7CA79606EE8A094DD.d.3776C71F48B5C9A76B54A1B36E9BD7E7.e.10154"}]}
COMMAND: GET /session/e87ee5c00bb1e8c61ee38b6c01d07093/screenshot - {}
RESULT: {}
RESULT: {"script":"<script> [8489 bytes]","args":[{"element-6066-11e4-a52e-4f735466cecf":"f.C39E6AC59F605FD7CA79606EE8A094DD.d.3776C71F48B5C9A76B54A1B36E9BD7E7.e.10154","ELEMENT":"f.C39E6AC59F605FD7CA79606EE8A094DD.d.3776C71F48B5C9A76B54A1B36E9BD7E7.e.10154"}]}
COMMAND: POST /session/e87ee5c00bb1e8c61ee38b6c01d07093/execute/sync - {"script":"<script> [5351 bytes]","args":[{"element-6066-11e4-a52e-4f735466cecf":"f.C39E6AC59F605FD7CA79606EE8A094DD.d.3776C71F48B5C9A76B54A1B36E9BD7E7.e.10154","ELEMENT":"f.C39E6AC59F605FD7CA79606EE8A094DD.d.3776C71F48B5C9A76B54A1B36E9BD7E7.e.10154"}]}
COMMAND: GET /session/e87ee5c00bb1e8c61ee38b6c01d07093/screenshot - {}
RESULT: {}
RESULT: {"script":"<script> [5351 bytes]","args":[{"element-6066-11e4-a52e-4f735466cecf":"f.C39E6AC59F605FD7CA79606EE8A094DD.d.3776C71F48B5C9A76B54A1B36E9BD7E7.e.10154","ELEMENT":"f.C39E6AC59F605FD7CA79606EE8A094DD.d.3776C71F48B5C9A76B54A1B36E9BD7E7.e.10154"}]}
COMMAND: POST /session/e87ee5c00bb1e8c61ee38b6c01d07093/element/f.C39E6AC59F605FD7CA79606EE8A094DD.d.3776C71F48B5C9A76B54A1B36E9BD7E7.e.10154/click - {}
COMMAND: GET /session/e87ee5c00bb1e8c61ee38b6c01d07093/screenshot - {}
RESULT: {}
RESULT: {}
COMMAND: GET /session/e87ee5c00bb1e8c61ee38b6c01d07093/screenshot - {}
RESULT: {}
COMMAND: POST /session/e87ee5c00bb1e8c61ee38b6c01d07093/element - {"using":"xpath","value":"//input[@id=\"application-managesites-display-component---NewSite--siteId-inner\"]"}
RESULT: {}
RESULT: {"using":"xpath","value":"//input[@id=\"application-managesites-display-component---NewSite--siteId-inner\"]"}
COMMAND: POST /session/e87ee5c00bb1e8c61ee38b6c01d07093/element - {"using":"xpath","value":"//input[@id=\"application-managesites-display-component---NewSite--siteId-inner\"]"}
RESULT: {"using":"xpath","value":"//input[@id=\"application-managesites-display-component---NewSite--siteId-inner\"]"}
COMMAND: POST /session/e87ee5c00bb1e8c61ee38b6c01d07093/execute/async - {"script":"<script> [1562 bytes]","args":[{"selector":{"id":"application-managesites-display-component---NewSite--addressDetailDetailsName1","interaction":{"idSuffix":"inner"}},"wdio_ui5_key":"applicationmanagesites-display-component---NewSite--addressDetailDetailsName1"}]}
RESULT: {"script":"<script> [1562 bytes]","args":[{"selector":{"id":"application-managesites-display-component---NewSite--addressDetailDetailsName1","interaction":{"idSuffix":"inner"}},"wdio_ui5_key":"applicationmanagesites-display-component---NewSite--addressDetailDetailsName1"}]}
RESULT: undefined
COMMAND: POST /session/e87ee5c00bb1e8c61ee38b6c01d07093/execute/async - {"script":"<script> [776 bytes]","args":[{"enterText":"Intracompany Site wdIO","selector":{"id":"application-managesites-display-component---NewSite--addressDetailDetailsName1","interaction":{"idSuffix":"inner"}},"clearTextFirst":true,"interactionType":"ENTER_TEXT"}]}
RESULT: {"script":"<script> [776 bytes]","args":[{"enterText":"Intracompany Site wdIO","selector":{"id":"application-managesites-display-component---NewSite--addressDetailDetailsName1","interaction":{"idSuffix":"inner"}},"clearTextFirst":true,"interactionType":"ENTER_TEXT"}]}
COMMAND: POST /session/e87ee5c00bb1e8c61ee38b6c01d07093/execute/async - {"script":"<script> [1562 bytes]","args":[{"selector":{"id":"application-managesites-display-component---NewSite--addressDetailDetailsLanguage-arrow"},"wdio_ui5_key":"applicationmanagesites-display-component---NewSite--addressDetailDetailsLanguage-arrow"}]}
RESULT: {"script":"<script> [1562 bytes]","args":[{"selector":{"id":"application-managesites-display-component---NewSite--addressDetailDetailsLanguage-arrow"},"wdio_ui5_key":"applicationmanagesites-display-component---NewSite--addressDetailDetailsLanguage-arrow"}]}
RESULT: undefined
COMMAND: POST /session/e87ee5c00bb1e8c61ee38b6c01d07093/element - {"using":"xpath","value":"//*[@id=\"application-managesites-display-component---NewSite--addressDetailDetailsLanguage-arrow\"]"}
RESULT: {"using":"xpath","value":"//*[@id=\"application-managesites-display-component---NewSite--addressDetailDetailsLanguage-arrow\"]"}
COMMAND: POST /session/e87ee5c00bb1e8c61ee38b6c01d07093/element/f.C39E6AC59F605FD7CA79606EE8A094DD.d.3776C71F48B5C9A76B54A1B36E9BD7E7.e.10569/click - {}
RESULT: {}
COMMAND: POST /session/e87ee5c00bb1e8c61ee38b6c01d07093/element - {"using":"xpath","value":"//span[contains(text(), \"English\")]"}
COMMAND: GET /session/e87ee5c00bb1e8c61ee38b6c01d07093/screenshot - {}
RESULT: {"using":"xpath","value":"//span[contains(text(), \"English\")]"}
COMMAND: POST /session/e87ee5c00bb1e8c61ee38b6c01d07093/element/f.C39E6AC59F605FD7CA79606EE8A094DD.d.3776C71F48B5C9A76B54A1B36E9BD7E7.e.10570/click - {}
RESULT: {}
RESULT: {}
COMMAND: POST /session/e87ee5c00bb1e8c61ee38b6c01d07093/execute/async - {"script":"<script> [1562 bytes]","args":[{"selector":{"id":"application-managesites-display-component---NewSite--addressDetailDetailsCity1","interaction":{"idSuffix":"inner"}},"wdio_ui5_key":"applicationmanagesites-display-component---NewSite--addressDetailDetailsCity1"}]}
COMMAND: GET /session/e87ee5c00bb1e8c61ee38b6c01d07093/screenshot - {}
RESULT: {"script":"<script> [1562 bytes]","args":[{"selector":{"id":"application-managesites-display-component---NewSite--addressDetailDetailsCity1","interaction":{"idSuffix":"inner"}},"wdio_ui5_key":"applicationmanagesites-display-component---NewSite--addressDetailDetailsCity1"}]}
RESULT: undefined
COMMAND: POST /session/e87ee5c00bb1e8c61ee38b6c01d07093/execute/async - {"script":"<script> [776 bytes]","args":[{"enterText":"Rosario","selector":{"id":"application-managesites-display-component---NewSite--addressDetailDetailsCity1","interaction":{"idSuffix":"inner"}},"clearTextFirst":true,"interactionType":"ENTER_TEXT"}]}
RESULT: {}
RESULT: {"script":"<script> [776 bytes]","args":[{"enterText":"Rosario","selector":{"id":"application-managesites-display-component---NewSite--addressDetailDetailsCity1","interaction":{"idSuffix":"inner"}},"clearTextFirst":true,"interactionType":"ENTER_TEXT"}]}
COMMAND: POST /session/e87ee5c00bb1e8c61ee38b6c01d07093/execute/async - {"script":"<script> [1562 bytes]","args":[{"selector":{"id":"application-managesites-display-component---NewSite--addressDetailDetailsCountry-arrow"},"wdio_ui5_key":"applicationmanagesites-display-component---NewSite--addressDetailDetailsCountry-arrow"}]}
RESULT: {"script":"<script> [1562 bytes]","args":[{"selector":{"id":"application-managesites-display-component---NewSite--addressDetailDetailsCountry-arrow"},"wdio_ui5_key":"applicationmanagesites-display-component---NewSite--addressDetailDetailsCountry-arrow"}]}
RESULT: undefined
COMMAND: POST /session/e87ee5c00bb1e8c61ee38b6c01d07093/element - {"using":"xpath","value":"//*[@id=\"application-managesites-display-component---NewSite--addressDetailDetailsCountry-arrow\"]"}
RESULT: {"using":"xpath","value":"//*[@id=\"application-managesites-display-component---NewSite--addressDetailDetailsCountry-arrow\"]"}
COMMAND: POST /session/e87ee5c00bb1e8c61ee38b6c01d07093/element/f.C39E6AC59F605FD7CA79606EE8A094DD.d.3776C71F48B5C9A76B54A1B36E9BD7E7.e.10572/click - {}
RESULT: {}
COMMAND: POST /session/e87ee5c00bb1e8c61ee38b6c01d07093/element - {"using":"xpath","value":"//span[contains(text(), \"Argentina\")]"}
COMMAND: GET /session/e87ee5c00bb1e8c61ee38b6c01d07093/screenshot - {}
RESULT: {"using":"xpath","value":"//span[contains(text(), \"Argentina\")]"}
COMMAND: POST /session/e87ee5c00bb1e8c61ee38b6c01d07093/element/f.C39E6AC59F605FD7CA79606EE8A094DD.d.3776C71F48B5C9A76B54A1B36E9BD7E7.e.10573/click - {}
RESULT: {}
RESULT: {}
COMMAND: GET /session/e87ee5c00bb1e8c61ee38b6c01d07093/screenshot - {}
RESULT: {}
COMMAND: POST /session/e87ee5c00bb1e8c61ee38b6c01d07093/execute/async - {"script":"<script> [1562 bytes]","args":[{"selector":{"id":"application-managesites-display-component---NewSite--addressEditDetailsCostObjectCstType-arrow"},"wdio_ui5_key":"applicationmanagesites-display-component---NewSite--addressEditDetailsCostObjectCstType-arrow"}]}
RESULT: {"script":"<script> [1562 bytes]","args":[{"selector":{"id":"application-managesites-display-component---NewSite--addressEditDetailsCostObjectCstType-arrow"},"wdio_ui5_key":"applicationmanagesites-display-component---NewSite--addressEditDetailsCostObjectCstType-arrow"}]}
RESULT: undefined
COMMAND: POST /session/e87ee5c00bb1e8c61ee38b6c01d07093/element - {"using":"xpath","value":"//*[@id=\"application-managesites-display-component---NewSite--addressEditDetailsCostObjectCstType-arrow\"]"}
RESULT: {"using":"xpath","value":"//*[@id=\"application-managesites-display-component---NewSite--addressEditDetailsCostObjectCstType-arrow\"]"}
COMMAND: POST /session/e87ee5c00bb1e8c61ee38b6c01d07093/element/f.C39E6AC59F605FD7CA79606EE8A094DD.d.3776C71F48B5C9A76B54A1B36E9BD7E7.e.10575/click - {}
RESULT: {}
COMMAND: POST /session/e87ee5c00bb1e8c61ee38b6c01d07093/element - {"using":"xpath","value":"//span[contains(text(), \"Cost Center\")]"}
COMMAND: GET /session/e87ee5c00bb1e8c61ee38b6c01d07093/screenshot - {}
RESULT: {"using":"xpath","value":"//span[contains(text(), \"Cost Center\")]"}
COMMAND: POST /session/e87ee5c00bb1e8c61ee38b6c01d07093/element/f.C39E6AC59F605FD7CA79606EE8A094DD.d.3776C71F48B5C9A76B54A1B36E9BD7E7.e.10576/click - {}
RESULT: {}
RESULT: {}
COMMAND: GET /session/e87ee5c00bb1e8c61ee38b6c01d07093/screenshot - {}
RESULT: {}
COMMAND: POST /session/e87ee5c00bb1e8c61ee38b6c01d07093/element - {"using":"xpath","value":"//span[@id=\"application-managesites-display-component---NewSite--addressNewCostObjectCstID-vhi\"]"}
RESULT: {"using":"xpath","value":"//span[@id=\"application-managesites-display-component---NewSite--addressNewCostObjectCstID-vhi\"]"}
COMMAND: POST /session/e87ee5c00bb1e8c61ee38b6c01d07093/execute/sync - {"script":"<script> [8489 bytes]","args":[{"element-6066-11e4-a52e-4f735466cecf":"f.C39E6AC59F605FD7CA79606EE8A094DD.d.3776C71F48B5C9A76B54A1B36E9BD7E7.e.10581","ELEMENT":"f.C39E6AC59F605FD7CA79606EE8A094DD.d.3776C71F48B5C9A76B54A1B36E9BD7E7.e.10581"}]}
RESULT: {"script":"<script> [8489 bytes]","args":[{"element-6066-11e4-a52e-4f735466cecf":"f.C39E6AC59F605FD7CA79606EE8A094DD.d.3776C71F48B5C9A76B54A1B36E9BD7E7.e.10581","ELEMENT":"f.C39E6AC59F605FD7CA79606EE8A094DD.d.3776C71F48B5C9A76B54A1B36E9BD7E7.e.10581"}]}
COMMAND: POST /session/e87ee5c00bb1e8c61ee38b6c01d07093/execute/async - {"script":"<script> [1562 bytes]","args":[{"selector":{"id":"application-managesites-display-component---NewSite--addressNewCostObjectCstID-vhi"},"wdio_ui5_key":"applicationmanagesites-display-component---NewSite--addressNewCostObjectCstID-vhi"}]}
COMMAND: GET /session/e87ee5c00bb1e8c61ee38b6c01d07093/screenshot - {}
RESULT: {"script":"<script> [1562 bytes]","args":[{"selector":{"id":"application-managesites-display-component---NewSite--addressNewCostObjectCstID-vhi"},"wdio_ui5_key":"applicationmanagesites-display-component---NewSite--addressNewCostObjectCstID-vhi"}]}
RESULT: undefined
COMMAND: POST /session/e87ee5c00bb1e8c61ee38b6c01d07093/element - {"using":"xpath","value":"//*[@id=\"application-managesites-display-component---NewSite--addressNewCostObjectCstID-vhi\"]"}
RESULT: {}
RESULT: {"using":"xpath","value":"//*[@id=\"application-managesites-display-component---NewSite--addressNewCostObjectCstID-vhi\"]"}
COMMAND: POST /session/e87ee5c00bb1e8c61ee38b6c01d07093/element/f.C39E6AC59F605FD7CA79606EE8A094DD.d.3776C71F48B5C9A76B54A1B36E9BD7E7.e.10581/click - {}
RESULT: {}
COMMAND: GET /session/e87ee5c00bb1e8c61ee38b6c01d07093/screenshot - {}
RESULT: {}
RESULT: undefined
COMMAND: POST /session/e87ee5c00bb1e8c61ee38b6c01d07093/execute/async - {"script":"<script> [776 bytes]","args":[{"enterText":"10001013","selector":{"controlType":"sap.m.SearchField","properties":{"placeholder":"Search"},"searchOpenDialogs":true,"interaction":{"idSuffix":"I"}},"clearTextFirst":true,"interactionType":"ENTER_TEXT"}]}
RESULT: {"script":"<script> [776 bytes]","args":[{"enterText":"10001013","selector":{"controlType":"sap.m.SearchField","properties":{"placeholder":"Search"},"searchOpenDialogs":true,"interaction":{"idSuffix":"I"}},"clearTextFirst":true,"interactionType":"ENTER_TEXT"}]}
COMMAND: POST /session/e87ee5c00bb1e8c61ee38b6c01d07093/actions - {"actions":[{"id":"action29","type":"key","parameters":{},"actions":[{"type":"keyDown","value":""},{"type":"pause","duration":10},{"type":"keyUp","value":""}]}]}
RESULT: {"actions":[{"id":"action29","type":"key","parameters":{},"actions":[{"type":"keyDown","value":""},{"type":"pause","duration":10},{"type":"keyUp","value":""}]}]}
COMMAND: GET /session/e87ee5c00bb1e8c61ee38b6c01d07093/screenshot - {}
RESULT: {}
COMMAND: POST /session/e87ee5c00bb1e8c61ee38b6c01d07093/element - {"using":"xpath","value":"//span[contains(text(), \"General Management\")]"}
RESULT: {"using":"xpath","value":"//span[contains(text(), \"General Management\")]"}
COMMAND: POST /session/e87ee5c00bb1e8c61ee38b6c01d07093/element/f.C39E6AC59F605FD7CA79606EE8A094DD.d.3776C71F48B5C9A76B54A1B36E9BD7E7.e.10620/click - {}
RESULT: {}
COMMAND: GET /session/e87ee5c00bb1e8c61ee38b6c01d07093/screenshot - {}
RESULT: {}
COMMAND: POST /session/e87ee5c00bb1e8c61ee38b6c01d07093/element - {"using":"xpath","value":"//bdi[contains(text(), \"OK\")]"}
RESULT: {"using":"xpath","value":"//bdi[contains(text(), \"OK\")]"}
COMMAND: POST /session/e87ee5c00bb1e8c61ee38b6c01d07093/element/f.C39E6AC59F605FD7CA79606EE8A094DD.d.3776C71F48B5C9A76B54A1B36E9BD7E7.e.10621/click - {}
RESULT: {}
COMMAND: GET /session/e87ee5c00bb1e8c61ee38b6c01d07093/screenshot - {}
RESULT: {}
COMMAND: POST /session/e87ee5c00bb1e8c61ee38b6c01d07093/element - {"using":"xpath","value":"//input[@id=\"application-managesites-display-component---NewSite--addressDetailDetailsCalendar-inner\"]"}
RESULT: {"using":"xpath","value":"//input[@id=\"application-managesites-display-component---NewSite--addressDetailDetailsCalendar-inner\"]"}
COMMAND: POST /session/e87ee5c00bb1e8c61ee38b6c01d07093/element/f.C39E6AC59F605FD7CA79606EE8A094DD.d.3776C71F48B5C9A76B54A1B36E9BD7E7.e.10357/clear - {}
RESULT: {}
COMMAND: POST /session/e87ee5c00bb1e8c61ee38b6c01d07093/element/f.C39E6AC59F605FD7CA79606EE8A094DD.d.3776C71F48B5C9A76B54A1B36E9BD7E7.e.10357/value - {"text":"Unit"}
COMMAND: GET /session/e87ee5c00bb1e8c61ee38b6c01d07093/screenshot - {}
RESULT: {"text":"Unit"}
COMMAND: GET /session/e87ee5c00bb1e8c61ee38b6c01d07093/screenshot - {}
RESULT: {}
RESULT: {}
COMMAND: POST /session/e87ee5c00bb1e8c61ee38b6c01d07093/actions - {"actions":[{"id":"action30","type":"key","parameters":{},"actions":[{"type":"keyDown","value":""},{"type":"pause","duration":10},{"type":"keyUp","value":""}]}]}
RESULT: {"actions":[{"id":"action30","type":"key","parameters":{},"actions":[{"type":"keyDown","value":""},{"type":"pause","duration":10},{"type":"keyUp","value":""}]}]}
COMMAND: POST /session/e87ee5c00bb1e8c61ee38b6c01d07093/element - {"using":"xpath","value":"//input[@id=\"application-managesites-display-component---NewSite--addressDetailDetailsYard-inner\"]"}
COMMAND: GET /session/e87ee5c00bb1e8c61ee38b6c01d07093/screenshot - {}
RESULT: {"using":"xpath","value":"//input[@id=\"application-managesites-display-component---NewSite--addressDetailDetailsYard-inner\"]"}
COMMAND: POST /session/e87ee5c00bb1e8c61ee38b6c01d07093/element/f.C39E6AC59F605FD7CA79606EE8A094DD.d.3776C71F48B5C9A76B54A1B36E9BD7E7.e.10358/clear - {}
RESULT: {}
RESULT: {}
COMMAND: POST /session/e87ee5c00bb1e8c61ee38b6c01d07093/element/f.C39E6AC59F605FD7CA79606EE8A094DD.d.3776C71F48B5C9A76B54A1B36E9BD7E7.e.10358/value - {"text":"284"}
COMMAND: GET /session/e87ee5c00bb1e8c61ee38b6c01d07093/screenshot - {}
RESULT: {"text":"284"}
COMMAND: GET /session/e87ee5c00bb1e8c61ee38b6c01d07093/screenshot - {}
RESULT: {}
RESULT: {}
COMMAND: POST /session/e87ee5c00bb1e8c61ee38b6c01d07093/element - {"using":"xpath","value":"//li[.//span[text()='284']]"}
RESULT: {"using":"xpath","value":"//li[.//span[text()='284']]"}
COMMAND: POST /session/e87ee5c00bb1e8c61ee38b6c01d07093/element/f.C39E6AC59F605FD7CA79606EE8A094DD.d.3776C71F48B5C9A76B54A1B36E9BD7E7.e.10629/click - {}
RESULT: {}
COMMAND: GET /session/e87ee5c00bb1e8c61ee38b6c01d07093/screenshot - {}
RESULT: {}
COMMAND: POST /session/e87ee5c00bb1e8c61ee38b6c01d07093/element - {"using":"xpath","value":"//input[@id=\"application-managesites-display-component---NewSite--addressDetailDetailsPartner-inner\"]"}
RESULT: {"using":"xpath","value":"//input[@id=\"application-managesites-display-component---NewSite--addressDetailDetailsPartner-inner\"]"}
COMMAND: POST /session/e87ee5c00bb1e8c61ee38b6c01d07093/element - {"using":"xpath","value":"//input[@id=\"application-managesites-display-component---NewSite--addressDetailDetailsPartner-inner\"]"}
RESULT: {"using":"xpath","value":"//input[@id=\"application-managesites-display-component---NewSite--addressDetailDetailsPartner-inner\"]"}
COMMAND: POST /session/e87ee5c00bb1e8c61ee38b6c01d07093/element - {"using":"xpath","value":"//button[@data-kt=\"saveButton\"]"}
RESULT: {"using":"xpath","value":"//button[@data-kt=\"saveButton\"]"}
COMMAND: POST /session/e87ee5c00bb1e8c61ee38b6c01d07093/element/f.C39E6AC59F605FD7CA79606EE8A094DD.d.3776C71F48B5C9A76B54A1B36E9BD7E7.e.10562/click - {}
RESULT: {}
COMMAND: GET /session/e87ee5c00bb1e8c61ee38b6c01d07093/screenshot - {}
COMMAND: POST /session/e87ee5c00bb1e8c61ee38b6c01d07093/element - {"using":"xpath","value":"//header[contains(@id, 'ObjectPageLayout-headerTitle')]/div[1]/div[2]/div[2]/span[1]"}
RESULT: {}
RESULT: {"using":"xpath","value":"//header[contains(@id, 'ObjectPageLayout-headerTitle')]/div[1]/div[2]/div[2]/span[1]"}
COMMAND: POST /session/e87ee5c00bb1e8c61ee38b6c01d07093/elements - {"using":"xpath","value":"//header[contains(@id, 'ObjectPageLayout-headerTitle')]/div[1]/div[2]/div[2]/span[1]"}
RESULT: {"using":"xpath","value":"//header[contains(@id, 'ObjectPageLayout-headerTitle')]/div[1]/div[2]/div[2]/span[1]"}
COMMAND: POST /session/e87ee5c00bb1e8c61ee38b6c01d07093/execute/sync - {"script":"<script> [56 bytes]","args":[{"element-6066-11e4-a52e-4f735466cecf":"f.C39E6AC59F605FD7CA79606EE8A094DD.d.3776C71F48B5C9A76B54A1B36E9BD7E7.e.10831","ELEMENT":"f.C39E6AC59F605FD7CA79606EE8A094DD.d.3776C71F48B5C9A76B54A1B36E9BD7E7.e.10831"}]}
RESULT: {"script":"<script> [56 bytes]","args":[{"element-6066-11e4-a52e-4f735466cecf":"f.C39E6AC59F605FD7CA79606EE8A094DD.d.3776C71F48B5C9A76B54A1B36E9BD7E7.e.10831","ELEMENT":"f.C39E6AC59F605FD7CA79606EE8A094DD.d.3776C71F48B5C9A76B54A1B36E9BD7E7.e.10831"}]}
COMMAND: POST /session/e87ee5c00bb1e8c61ee38b6c01d07093/element - {"using":"css selector","value":"#shell-header-logo"}
COMMAND: GET /session/e87ee5c00bb1e8c61ee38b6c01d07093/screenshot - {}
RESULT: {"using":"css selector","value":"#shell-header-logo"}
COMMAND: POST /session/e87ee5c00bb1e8c61ee38b6c01d07093/element/f.C39E6AC59F605FD7CA79606EE8A094DD.d.3776C71F48B5C9A76B54A1B36E9BD7E7.e.10111/click - {}
RESULT: {}
RESULT: {}
COMMAND: GET /session/e87ee5c00bb1e8c61ee38b6c01d07093/screenshot - {}
RESULT: {}
COMMAND: POST /session/e87ee5c00bb1e8c61ee38b6c01d07093/execute/sync - {"script":"<script> [299 bytes]","args":[["getModel","getResource"]]}
RESULT: {"script":"<script> [299 bytes]","args":[["getModel","getResource"]]}
COMMAND: POST /session/e87ee5c00bb1e8c61ee38b6c01d07093/actions - {"actions":[{"id":"action31","type":"key","parameters":{},"actions":[{"type":"keyDown","value":""},{"type":"pause","duration":10},{"type":"keyUp","value":""}]}]}
COMMAND: GET /session/e87ee5c00bb1e8c61ee38b6c01d07093/screenshot - {}
RESULT: {"actions":[{"id":"action31","type":"key","parameters":{},"actions":[{"type":"keyDown","value":""},{"type":"pause","duration":10},{"type":"keyUp","value":""}]}]}
COMMAND: GET /session/e87ee5c00bb1e8c61ee38b6c01d07093/screenshot - {}
RESULT: {}
RESULT: {}
COMMAND: POST /session/e87ee5c00bb1e8c61ee38b6c01d07093/refresh - {}
RESULT: {}
COMMAND: GET /session/e87ee5c00bb1e8c61ee38b6c01d07093/screenshot - {}
RESULT: {}
COMMAND: POST /session/e87ee5c00bb1e8c61ee38b6c01d07093/refresh - {}
RESULT: {}
COMMAND: GET /session/e87ee5c00bb1e8c61ee38b6c01d07093/screenshot - {}
RESULT: {}
COMMAND: POST /session/e87ee5c00bb1e8c61ee38b6c01d07093/window/fullscreen - {}
RESULT: {}
COMMAND: POST /session/e87ee5c00bb1e8c61ee38b6c01d07093/execute/async - {"script":"<script> [189 bytes]","args":[]}
RESULT: {"script":"<script> [189 bytes]","args":[]}
COMMAND: POST /session/e87ee5c00bb1e8c61ee38b6c01d07093/execute/async - {"script":"<script> [123 bytes]","args":[]}
RESULT: {"script":"<script> [123 bytes]","args":[]}
COMMAND: POST /session/e87ee5c00bb1e8c61ee38b6c01d07093/timeouts - {"script":"<number>"}
RESULT: {"script":"<number>"}
COMMAND: GET /session/e87ee5c00bb1e8c61ee38b6c01d07093/timeouts - {}
RESULT: {}
RESULT: undefined
COMMAND: POST /session/e87ee5c00bb1e8c61ee38b6c01d07093/execute/async - {"script":"<script> [2676 bytes]","args":[]}
RESULT: {"script":"<script> [2676 bytes]","args":[]}
COMMAND: POST /session/e87ee5c00bb1e8c61ee38b6c01d07093/execute/async - {"script":"<script> [2342 bytes]","args":[{"protocol":"http","hostname":"0.0.0.0","path":"/","capabilities":{"browserName":"chrome","goog:chromeOptions":{"binary":"C:\\Program Files\\Google\\Chrome\\Application\\chrome.exe","args":["--start-maximized"]}},"logLevel":"warn","connectionRetryTimeout":120000,"connectionRetryCount":3,"logLevels":{},"enableDirectConnect":true,"strictSSL":true,"_":"65 more keys: [\"cacheDir\",\"port\",\"requestedCapabilities\",\"automationProtocol\",\"baseUrl\",\"waitforInterval\",\"waitforTimeout\",\"onReload\",\"beforeCommand\",\"afterCommand\",\"rootDir\",\"specs\",\"suites\",\"exclude\",\"groupLogsByTestSpec\",\"excludeDriverLogs\",\"bail\",\"framework\",\"reporters\",\"services\",\"maxInstances\",\"maxInstancesPerCapability\",\"injectGlobals\",\"filesToWatch\",\"execArgv\",\"runnerEnv\",\"runner\",\"shard\",\"specFileRetries\",\"specFileRetriesDelay\",\"specFileRetriesDeferred\",\"reporterSyncInterval\",\"reporterSyncTimeout\",\"cucumberFeaturesWithLineNumbers\",\"autoCompileOpts\",\"mochaOpts\",\"jasmineOpts\",\"cucumberOpts\",\"onPrepare\",\"onWorkerStart\",\"onWorkerEnd\",\"before\",\"beforeSession\",\"beforeSuite\",\"beforeHook\",\"beforeTest\",\"afterTest\",\"afterHook\",\"afterSuite\",\"afterSession\",\"after\",\"onComplete\",\"beforeAssertion\",\"afterAssertion\",\"beforeFeature\",\"beforeScenario\",\"beforeStep\",\"afterStep\",\"afterScenario\",\"afterFeature\",\"_\",\"suite\",\"$0\",\"ignoredWorkerServices\",\"wdi5\"]"}]}
RESULT: {"script":"<script> [2342 bytes]","args":[{"protocol":"http","hostname":"0.0.0.0","path":"/","capabilities":{"browserName":"chrome","goog:chromeOptions":{"binary":"C:\\Program Files\\Google\\Chrome\\Application\\chrome.exe","args":["--start-maximized"]}},"logLevel":"warn","connectionRetryTimeout":120000,"connectionRetryCount":3,"logLevels":{},"enableDirectConnect":true,"strictSSL":true,"_":"65 more keys: [\"cacheDir\",\"port\",\"requestedCapabilities\",\"automationProtocol\",\"baseUrl\",\"waitforInterval\",\"waitforTimeout\",\"onReload\",\"beforeCommand\",\"afterCommand\",\"rootDir\",\"specs\",\"suites\",\"exclude\",\"groupLogsByTestSpec\",\"excludeDriverLogs\",\"bail\",\"framework\",\"reporters\",\"services\",\"maxInstances\",\"maxInstancesPerCapability\",\"injectGlobals\",\"filesToWatch\",\"execArgv\",\"runnerEnv\",\"runner\",\"shard\",\"specFileRetries\",\"specFileRetriesDelay\",\"specFileRetriesDeferred\",\"reporterSyncInterval\",\"reporterSyncTimeout\",\"cucumberFeaturesWithLineNumbers\",\"autoCompileOpts\",\"mochaOpts\",\"jasmineOpts\",\"cucumberOpts\",\"onPrepare\",\"onWorkerStart\",\"onWorkerEnd\",\"before\",\"beforeSession\",\"beforeSuite\",\"beforeHook\",\"beforeTest\",\"afterTest\",\"afterHook\",\"afterSuite\",\"afterSession\",\"after\",\"onComplete\",\"beforeAssertion\",\"afterAssertion\",\"beforeFeature\",\"beforeScenario\",\"beforeStep\",\"afterStep\",\"afterScenario\",\"afterFeature\",\"_\",\"suite\",\"$0\",\"ignoredWorkerServices\",\"wdi5\"]"}]}
COMMAND: POST /session/e87ee5c00bb1e8c61ee38b6c01d07093/execute/async - {"script":"<script> [21126 bytes]","args":[35000]}
RESULT: {"script":"<script> [21126 bytes]","args":[35000]}
COMMAND: POST /session/e87ee5c00bb1e8c61ee38b6c01d07093/window/fullscreen - {}
RESULT: {}
]]></system-out>
    </testcase>
    <testcase classname="chrome.136_0_7103_93.windows.Billing_Transfer_-_Intracompany_US127249" name="Should create a new equipment" time="130.664">
      <system-out><![CDATA[
COMMAND: POST /session/e87ee5c00bb1e8c61ee38b6c01d07093/execute/async - {"script":"<script> [1562 bytes]","args":[{"selector":{"controlType":"sap.m.GenericTile","properties":{"header":"Manage Resources"}},"wdio_ui5_key":"sapm.GenericTile{\"header\":\"Manage Resources\"}"}]}
RESULT: {"script":"<script> [1562 bytes]","args":[{"selector":{"controlType":"sap.m.GenericTile","properties":{"header":"Manage Resources"}},"wdio_ui5_key":"sapm.GenericTile{\"header\":\"Manage Resources\"}"}]}
RESULT: undefined
COMMAND: POST /session/e87ee5c00bb1e8c61ee38b6c01d07093/element - {"using":"xpath","value":"//*[@id=\"__tile31\"]"}
RESULT: {"using":"xpath","value":"//*[@id=\"__tile31\"]"}
COMMAND: POST /session/e87ee5c00bb1e8c61ee38b6c01d07093/element/f.C39E6AC59F605FD7CA79606EE8A094DD.d.01A4D5C2A553469C3DE52752EF09EA12.e.10906/click - {}
RESULT: {}
COMMAND: GET /session/e87ee5c00bb1e8c61ee38b6c01d07093/screenshot - {}
RESULT: {}
COMMAND: POST /session/e87ee5c00bb1e8c61ee38b6c01d07093/elements - {"using":"xpath","value":"//span[text()='Error']"}
RESULT: {"using":"xpath","value":"//span[text()='Error']"}
COMMAND: POST /session/e87ee5c00bb1e8c61ee38b6c01d07093/element - {"using":"xpath","value":"//button[@data-kt=\"addNewRUOverflowToolbarButton\"]"}
RESULT: {"using":"xpath","value":"//button[@data-kt=\"addNewRUOverflowToolbarButton\"]"}
COMMAND: POST /session/e87ee5c00bb1e8c61ee38b6c01d07093/elements - {"using":"xpath","value":"//button[@data-kt=\"addNewRUOverflowToolbarButton\"]"}
RESULT: {"using":"xpath","value":"//button[@data-kt=\"addNewRUOverflowToolbarButton\"]"}
COMMAND: POST /session/e87ee5c00bb1e8c61ee38b6c01d07093/element - {"using":"xpath","value":"//button[@data-kt=\"addNewRUOverflowToolbarButton\"]"}
RESULT: {"using":"xpath","value":"//button[@data-kt=\"addNewRUOverflowToolbarButton\"]"}
COMMAND: POST /session/e87ee5c00bb1e8c61ee38b6c01d07093/execute/sync - {"script":"<script> [8489 bytes]","args":[{"element-6066-11e4-a52e-4f735466cecf":"f.C39E6AC59F605FD7CA79606EE8A094DD.d.01A4D5C2A553469C3DE52752EF09EA12.e.11014","ELEMENT":"f.C39E6AC59F605FD7CA79606EE8A094DD.d.01A4D5C2A553469C3DE52752EF09EA12.e.11014"}]}
RESULT: {"script":"<script> [8489 bytes]","args":[{"element-6066-11e4-a52e-4f735466cecf":"f.C39E6AC59F605FD7CA79606EE8A094DD.d.01A4D5C2A553469C3DE52752EF09EA12.e.11014","ELEMENT":"f.C39E6AC59F605FD7CA79606EE8A094DD.d.01A4D5C2A553469C3DE52752EF09EA12.e.11014"}]}
COMMAND: GET /session/e87ee5c00bb1e8c61ee38b6c01d07093/element/f.C39E6AC59F605FD7CA79606EE8A094DD.d.01A4D5C2A553469C3DE52752EF09EA12.e.11014/enabled - {}
COMMAND: GET /session/e87ee5c00bb1e8c61ee38b6c01d07093/screenshot - {}
RESULT: {}
COMMAND: POST /session/e87ee5c00bb1e8c61ee38b6c01d07093/execute/sync - {"script":"<script> [8489 bytes]","args":[{"element-6066-11e4-a52e-4f735466cecf":"f.C39E6AC59F605FD7CA79606EE8A094DD.d.01A4D5C2A553469C3DE52752EF09EA12.e.11014","ELEMENT":"f.C39E6AC59F605FD7CA79606EE8A094DD.d.01A4D5C2A553469C3DE52752EF09EA12.e.11014"}]}
COMMAND: GET /session/e87ee5c00bb1e8c61ee38b6c01d07093/screenshot - {}
RESULT: {}
RESULT: {"script":"<script> [8489 bytes]","args":[{"element-6066-11e4-a52e-4f735466cecf":"f.C39E6AC59F605FD7CA79606EE8A094DD.d.01A4D5C2A553469C3DE52752EF09EA12.e.11014","ELEMENT":"f.C39E6AC59F605FD7CA79606EE8A094DD.d.01A4D5C2A553469C3DE52752EF09EA12.e.11014"}]}
COMMAND: POST /session/e87ee5c00bb1e8c61ee38b6c01d07093/execute/sync - {"script":"<script> [5351 bytes]","args":[{"element-6066-11e4-a52e-4f735466cecf":"f.C39E6AC59F605FD7CA79606EE8A094DD.d.01A4D5C2A553469C3DE52752EF09EA12.e.11014","ELEMENT":"f.C39E6AC59F605FD7CA79606EE8A094DD.d.01A4D5C2A553469C3DE52752EF09EA12.e.11014"}]}
COMMAND: GET /session/e87ee5c00bb1e8c61ee38b6c01d07093/screenshot - {}
RESULT: {}
RESULT: {"script":"<script> [5351 bytes]","args":[{"element-6066-11e4-a52e-4f735466cecf":"f.C39E6AC59F605FD7CA79606EE8A094DD.d.01A4D5C2A553469C3DE52752EF09EA12.e.11014","ELEMENT":"f.C39E6AC59F605FD7CA79606EE8A094DD.d.01A4D5C2A553469C3DE52752EF09EA12.e.11014"}]}
COMMAND: POST /session/e87ee5c00bb1e8c61ee38b6c01d07093/element/f.C39E6AC59F605FD7CA79606EE8A094DD.d.01A4D5C2A553469C3DE52752EF09EA12.e.11014/click - {}
COMMAND: GET /session/e87ee5c00bb1e8c61ee38b6c01d07093/screenshot - {}
RESULT: {}
RESULT: {}
COMMAND: GET /session/e87ee5c00bb1e8c61ee38b6c01d07093/screenshot - {}
COMMAND: POST /session/e87ee5c00bb1e8c61ee38b6c01d07093/execute/async - {"script":"<script> [1562 bytes]","args":[{"selector":{"id":"application-manageresources-display-component---newResourceUnit--TYPE-arrow"},"wdio_ui5_key":"applicationmanageresources-display-component---newResourceUnit--TYPE-arrow"}]}
RESULT: {}
RESULT: {}
RESULT: {"script":"<script> [1562 bytes]","args":[{"selector":{"id":"application-manageresources-display-component---newResourceUnit--TYPE-arrow"},"wdio_ui5_key":"applicationmanageresources-display-component---newResourceUnit--TYPE-arrow"}]}
RESULT: undefined
COMMAND: POST /session/e87ee5c00bb1e8c61ee38b6c01d07093/element - {"using":"xpath","value":"//*[@id=\"application-manageresources-display-component---newResourceUnit--TYPE-arrow\"]"}
RESULT: {"using":"xpath","value":"//*[@id=\"application-manageresources-display-component---newResourceUnit--TYPE-arrow\"]"}
COMMAND: POST /session/e87ee5c00bb1e8c61ee38b6c01d07093/element/f.C39E6AC59F605FD7CA79606EE8A094DD.d.01A4D5C2A553469C3DE52752EF09EA12.e.11181/click - {}
RESULT: {}
COMMAND: POST /session/e87ee5c00bb1e8c61ee38b6c01d07093/element - {"using":"xpath","value":"//input[@id=\"application-manageresources-display-component---newResourceUnit--TYPE-inner\"]"}
COMMAND: GET /session/e87ee5c00bb1e8c61ee38b6c01d07093/screenshot - {}
RESULT: {"using":"xpath","value":"//input[@id=\"application-manageresources-display-component---newResourceUnit--TYPE-inner\"]"}
COMMAND: POST /session/e87ee5c00bb1e8c61ee38b6c01d07093/element/f.C39E6AC59F605FD7CA79606EE8A094DD.d.01A4D5C2A553469C3DE52752EF09EA12.e.11068/clear - {}
RESULT: {}
RESULT: {}
COMMAND: POST /session/e87ee5c00bb1e8c61ee38b6c01d07093/element/f.C39E6AC59F605FD7CA79606EE8A094DD.d.01A4D5C2A553469C3DE52752EF09EA12.e.11068/value - {"text":"Equipment"}
COMMAND: GET /session/e87ee5c00bb1e8c61ee38b6c01d07093/screenshot - {}
RESULT: {"text":"Equipment"}
COMMAND: GET /session/e87ee5c00bb1e8c61ee38b6c01d07093/screenshot - {}
RESULT: {}
RESULT: {}
COMMAND: POST /session/e87ee5c00bb1e8c61ee38b6c01d07093/actions - {"actions":[{"id":"action32","type":"key","parameters":{},"actions":[{"type":"keyDown","value":""},{"type":"pause","duration":10},{"type":"keyUp","value":""}]}]}
RESULT: {"actions":[{"id":"action32","type":"key","parameters":{},"actions":[{"type":"keyDown","value":""},{"type":"pause","duration":10},{"type":"keyUp","value":""}]}]}
COMMAND: POST /session/e87ee5c00bb1e8c61ee38b6c01d07093/execute/async - {"script":"<script> [1562 bytes]","args":[{"selector":{"id":"application-manageresources-display-component---newResourceUnit--resourceId","interaction":{"idSuffix":"inner"}},"wdio_ui5_key":"applicationmanageresources-display-component---newResourceUnit--resourceId"}]}
COMMAND: GET /session/e87ee5c00bb1e8c61ee38b6c01d07093/screenshot - {}
RESULT: {"script":"<script> [1562 bytes]","args":[{"selector":{"id":"application-manageresources-display-component---newResourceUnit--resourceId","interaction":{"idSuffix":"inner"}},"wdio_ui5_key":"applicationmanageresources-display-component---newResourceUnit--resourceId"}]}
RESULT: undefined
COMMAND: POST /session/e87ee5c00bb1e8c61ee38b6c01d07093/execute/async - {"script":"<script> [776 bytes]","args":[{"enterText":"M4zx7Ih4zj","selector":{"id":"application-manageresources-display-component---newResourceUnit--resourceId","interaction":{"idSuffix":"inner"}},"clearTextFirst":true,"interactionType":"ENTER_TEXT"}]}
RESULT: {}
RESULT: {"script":"<script> [776 bytes]","args":[{"enterText":"M4zx7Ih4zj","selector":{"id":"application-manageresources-display-component---newResourceUnit--resourceId","interaction":{"idSuffix":"inner"}},"clearTextFirst":true,"interactionType":"ENTER_TEXT"}]}
COMMAND: POST /session/e87ee5c00bb1e8c61ee38b6c01d07093/execute/async - {"script":"<script> [1562 bytes]","args":[{"selector":{"id":"application-manageresources-display-component---newResourceUnit--SHORT_TEXT","interaction":{"idSuffix":"inner"}},"wdio_ui5_key":"applicationmanageresources-display-component---newResourceUnit--SHORT_TEXT"}]}
RESULT: {"script":"<script> [1562 bytes]","args":[{"selector":{"id":"application-manageresources-display-component---newResourceUnit--SHORT_TEXT","interaction":{"idSuffix":"inner"}},"wdio_ui5_key":"applicationmanageresources-display-component---newResourceUnit--SHORT_TEXT"}]}
RESULT: undefined
COMMAND: POST /session/e87ee5c00bb1e8c61ee38b6c01d07093/execute/async - {"script":"<script> [776 bytes]","args":[{"enterText":"Intercompany Equipment WDIO","selector":{"id":"application-manageresources-display-component---newResourceUnit--SHORT_TEXT","interaction":{"idSuffix":"inner"}},"clearTextFirst":true,"interactionType":"ENTER_TEXT"}]}
RESULT: {"script":"<script> [776 bytes]","args":[{"enterText":"Intercompany Equipment WDIO","selector":{"id":"application-manageresources-display-component---newResourceUnit--SHORT_TEXT","interaction":{"idSuffix":"inner"}},"clearTextFirst":true,"interactionType":"ENTER_TEXT"}]}
COMMAND: POST /session/e87ee5c00bb1e8c61ee38b6c01d07093/execute/async - {"script":"<script> [1562 bytes]","args":[{"selector":{"id":"application-manageresources-display-component---newResourceUnit--BASE_UNIT_OF_MEASURE","interaction":{"idSuffix":"inner"}},"wdio_ui5_key":"applicationmanageresources-display-component---newResourceUnit--BASE_UNIT_OF_MEASURE"}]}
RESULT: {"script":"<script> [1562 bytes]","args":[{"selector":{"id":"application-manageresources-display-component---newResourceUnit--BASE_UNIT_OF_MEASURE","interaction":{"idSuffix":"inner"}},"wdio_ui5_key":"applicationmanageresources-display-component---newResourceUnit--BASE_UNIT_OF_MEASURE"}]}
RESULT: undefined
COMMAND: POST /session/e87ee5c00bb1e8c61ee38b6c01d07093/execute/async - {"script":"<script> [776 bytes]","args":[{"enterText":"Piece","selector":{"id":"application-manageresources-display-component---newResourceUnit--BASE_UNIT_OF_MEASURE","interaction":{"idSuffix":"inner"}},"clearTextFirst":true,"interactionType":"ENTER_TEXT"}]}
RESULT: {"script":"<script> [776 bytes]","args":[{"enterText":"Piece","selector":{"id":"application-manageresources-display-component---newResourceUnit--BASE_UNIT_OF_MEASURE","interaction":{"idSuffix":"inner"}},"clearTextFirst":true,"interactionType":"ENTER_TEXT"}]}
COMMAND: POST /session/e87ee5c00bb1e8c61ee38b6c01d07093/execute/async - {"script":"<script> [1562 bytes]","args":[{"selector":{"id":"application-manageresources-display-component---newResourceUnit--WEIGHT_UNIT","interaction":{"idSuffix":"inner"}},"wdio_ui5_key":"applicationmanageresources-display-component---newResourceUnit--WEIGHT_UNIT"}]}
RESULT: {"script":"<script> [1562 bytes]","args":[{"selector":{"id":"application-manageresources-display-component---newResourceUnit--WEIGHT_UNIT","interaction":{"idSuffix":"inner"}},"wdio_ui5_key":"applicationmanageresources-display-component---newResourceUnit--WEIGHT_UNIT"}]}
RESULT: undefined
COMMAND: POST /session/e87ee5c00bb1e8c61ee38b6c01d07093/execute/async - {"script":"<script> [776 bytes]","args":[{"enterText":"Gram","selector":{"id":"application-manageresources-display-component---newResourceUnit--WEIGHT_UNIT","interaction":{"idSuffix":"inner"}},"clearTextFirst":true,"interactionType":"ENTER_TEXT"}]}
RESULT: {"script":"<script> [776 bytes]","args":[{"enterText":"Gram","selector":{"id":"application-manageresources-display-component---newResourceUnit--WEIGHT_UNIT","interaction":{"idSuffix":"inner"}},"clearTextFirst":true,"interactionType":"ENTER_TEXT"}]}
COMMAND: POST /session/e87ee5c00bb1e8c61ee38b6c01d07093/execute/async - {"script":"<script> [1562 bytes]","args":[{"selector":{"id":"application-manageresources-display-component---newResourceUnit--DIMENSION_UNIT","interaction":{"idSuffix":"inner"}},"wdio_ui5_key":"applicationmanageresources-display-component---newResourceUnit--DIMENSION_UNIT"}]}
RESULT: {"script":"<script> [1562 bytes]","args":[{"selector":{"id":"application-manageresources-display-component---newResourceUnit--DIMENSION_UNIT","interaction":{"idSuffix":"inner"}},"wdio_ui5_key":"applicationmanageresources-display-component---newResourceUnit--DIMENSION_UNIT"}]}
RESULT: undefined
COMMAND: POST /session/e87ee5c00bb1e8c61ee38b6c01d07093/execute/async - {"script":"<script> [776 bytes]","args":[{"enterText":"Meter","selector":{"id":"application-manageresources-display-component---newResourceUnit--DIMENSION_UNIT","interaction":{"idSuffix":"inner"}},"clearTextFirst":true,"interactionType":"ENTER_TEXT"}]}
RESULT: {"script":"<script> [776 bytes]","args":[{"enterText":"Meter","selector":{"id":"application-manageresources-display-component---newResourceUnit--DIMENSION_UNIT","interaction":{"idSuffix":"inner"}},"clearTextFirst":true,"interactionType":"ENTER_TEXT"}]}
COMMAND: POST /session/e87ee5c00bb1e8c61ee38b6c01d07093/execute/async - {"script":"<script> [1562 bytes]","args":[{"selector":{"id":"application-manageresources-display-component---newResourceUnit--newRRUPage-anchBar-application-manageresources-display-component---newResourceUnit--control-anchor","interaction":{"idSuffix":"BDI-content"}},"wdio_ui5_key":"applicationmanageresources-display-component---newResourceUnit--newRRUPage-anchBar-application-manageresources-display-component---newResourceUnit--control-anchor"}]}
RESULT: {"script":"<script> [1562 bytes]","args":[{"selector":{"id":"application-manageresources-display-component---newResourceUnit--newRRUPage-anchBar-application-manageresources-display-component---newResourceUnit--control-anchor","interaction":{"idSuffix":"BDI-content"}},"wdio_ui5_key":"applicationmanageresources-display-component---newResourceUnit--newRRUPage-anchBar-application-manageresources-display-component---newResourceUnit--control-anchor"}]}
RESULT: undefined
COMMAND: POST /session/e87ee5c00bb1e8c61ee38b6c01d07093/element - {"using":"xpath","value":"//*[@id=\"application-manageresources-display-component---newResourceUnit--newRRUPage-anchBar-application-manageresources-display-component---newResourceUnit--control-anchor\"]"}
RESULT: {"using":"xpath","value":"//*[@id=\"application-manageresources-display-component---newResourceUnit--newRRUPage-anchBar-application-manageresources-display-component---newResourceUnit--control-anchor\"]"}
COMMAND: POST /session/e87ee5c00bb1e8c61ee38b6c01d07093/element/f.C39E6AC59F605FD7CA79606EE8A094DD.d.01A4D5C2A553469C3DE52752EF09EA12.e.11341/click - {}
RESULT: {}
COMMAND: POST /session/e87ee5c00bb1e8c61ee38b6c01d07093/execute/async - {"script":"<script> [1562 bytes]","args":[{"selector":{"id":"application-manageresources-display-component---newResourceUnit--PLANNING_GROUP","interaction":{"idSuffix":"inner"}},"wdio_ui5_key":"applicationmanageresources-display-component---newResourceUnit--PLANNING_GROUP"}]}
COMMAND: GET /session/e87ee5c00bb1e8c61ee38b6c01d07093/screenshot - {}
RESULT: {"script":"<script> [1562 bytes]","args":[{"selector":{"id":"application-manageresources-display-component---newResourceUnit--PLANNING_GROUP","interaction":{"idSuffix":"inner"}},"wdio_ui5_key":"applicationmanageresources-display-component---newResourceUnit--PLANNING_GROUP"}]}
RESULT: undefined
COMMAND: POST /session/e87ee5c00bb1e8c61ee38b6c01d07093/execute/async - {"script":"<script> [776 bytes]","args":[{"enterText":"Heavy Equi","selector":{"id":"application-manageresources-display-component---newResourceUnit--PLANNING_GROUP","interaction":{"idSuffix":"inner"}},"clearTextFirst":true,"interactionType":"ENTER_TEXT"}]}
RESULT: {}
RESULT: {"script":"<script> [776 bytes]","args":[{"enterText":"Heavy Equi","selector":{"id":"application-manageresources-display-component---newResourceUnit--PLANNING_GROUP","interaction":{"idSuffix":"inner"}},"clearTextFirst":true,"interactionType":"ENTER_TEXT"}]}
COMMAND: POST /session/e87ee5c00bb1e8c61ee38b6c01d07093/execute/async - {"script":"<script> [1562 bytes]","args":[{"selector":{"id":"application-manageresources-display-component---newResourceUnit--ITEM_TYPE-arrow"},"wdio_ui5_key":"applicationmanageresources-display-component---newResourceUnit--ITEM_TYPE-arrow"}]}
RESULT: {"script":"<script> [1562 bytes]","args":[{"selector":{"id":"application-manageresources-display-component---newResourceUnit--ITEM_TYPE-arrow"},"wdio_ui5_key":"applicationmanageresources-display-component---newResourceUnit--ITEM_TYPE-arrow"}]}
RESULT: undefined
COMMAND: POST /session/e87ee5c00bb1e8c61ee38b6c01d07093/element - {"using":"xpath","value":"//*[@id=\"application-manageresources-display-component---newResourceUnit--ITEM_TYPE-arrow\"]"}
RESULT: {"using":"xpath","value":"//*[@id=\"application-manageresources-display-component---newResourceUnit--ITEM_TYPE-arrow\"]"}
COMMAND: POST /session/e87ee5c00bb1e8c61ee38b6c01d07093/element/f.C39E6AC59F605FD7CA79606EE8A094DD.d.01A4D5C2A553469C3DE52752EF09EA12.e.11348/click - {}
RESULT: {}
COMMAND: POST /session/e87ee5c00bb1e8c61ee38b6c01d07093/element - {"using":"xpath","value":"(//span[contains(text(), \"Resource Unit\")])[2]"}
COMMAND: GET /session/e87ee5c00bb1e8c61ee38b6c01d07093/screenshot - {}
RESULT: {"using":"xpath","value":"(//span[contains(text(), \"Resource Unit\")])[2]"}
COMMAND: POST /session/e87ee5c00bb1e8c61ee38b6c01d07093/element/f.C39E6AC59F605FD7CA79606EE8A094DD.d.01A4D5C2A553469C3DE52752EF09EA12.e.11349/click - {}
RESULT: {}
RESULT: {}
COMMAND: GET /session/e87ee5c00bb1e8c61ee38b6c01d07093/screenshot - {}
RESULT: {}
COMMAND: POST /session/e87ee5c00bb1e8c61ee38b6c01d07093/element - {"using":"css selector","value":"#application-manageresources-display-component---newResourceUnit--btnAddTimeSegment"}
RESULT: {"using":"css selector","value":"#application-manageresources-display-component---newResourceUnit--btnAddTimeSegment"}
COMMAND: GET /session/e87ee5c00bb1e8c61ee38b6c01d07093/element/f.C39E6AC59F605FD7CA79606EE8A094DD.d.01A4D5C2A553469C3DE52752EF09EA12.e.11357/rect - {}
RESULT: {}
COMMAND: GET /session/e87ee5c00bb1e8c61ee38b6c01d07093/window/rect - {}
RESULT: {}
COMMAND: POST /session/e87ee5c00bb1e8c61ee38b6c01d07093/execute/sync - {"script":"<script> [92 bytes]","args":[]}
RESULT: {"script":"<script> [92 bytes]","args":[]}
COMMAND: POST /session/e87ee5c00bb1e8c61ee38b6c01d07093/actions - {"actions":[{"id":"action33","type":"wheel","parameters":{},"actions":[{"type":"scroll","x":-1888,"y":-32,"deltaX":0,"deltaY":0,"duration":0,"origin":{"element-6066-11e4-a52e-4f735466cecf":"f.C39E6AC59F605FD7CA79606EE8A094DD.d.01A4D5C2A553469C3DE52752EF09EA12.e.11357"}}]}]}
COMMAND: GET /session/e87ee5c00bb1e8c61ee38b6c01d07093/screenshot - {}
RESULT: {}
COMMAND: POST /session/e87ee5c00bb1e8c61ee38b6c01d07093/execute/sync - {"script":"<script> [79 bytes]","args":[{"element-6066-11e4-a52e-4f735466cecf":"f.C39E6AC59F605FD7CA79606EE8A094DD.d.01A4D5C2A553469C3DE52752EF09EA12.e.11357","ELEMENT":"f.C39E6AC59F605FD7CA79606EE8A094DD.d.01A4D5C2A553469C3DE52752EF09EA12.e.11357"},{"block":"start","inline":"nearest"}]}
RESULT: {"script":"<script> [79 bytes]","args":[{"element-6066-11e4-a52e-4f735466cecf":"f.C39E6AC59F605FD7CA79606EE8A094DD.d.01A4D5C2A553469C3DE52752EF09EA12.e.11357","ELEMENT":"f.C39E6AC59F605FD7CA79606EE8A094DD.d.01A4D5C2A553469C3DE52752EF09EA12.e.11357"},{"block":"start","inline":"nearest"}]}
COMMAND: POST /session/e87ee5c00bb1e8c61ee38b6c01d07093/execute/async - {"script":"<script> [1562 bytes]","args":[{"selector":{"id":"application-manageresources-display-component---newResourceUnit--btnAddTimeSegment","interaction":{"idSuffix":"inner"}},"wdio_ui5_key":"applicationmanageresources-display-component---newResourceUnit--btnAddTimeSegment"}]}
COMMAND: GET /session/e87ee5c00bb1e8c61ee38b6c01d07093/screenshot - {}
RESULT: {"script":"<script> [1562 bytes]","args":[{"selector":{"id":"application-manageresources-display-component---newResourceUnit--btnAddTimeSegment","interaction":{"idSuffix":"inner"}},"wdio_ui5_key":"applicationmanageresources-display-component---newResourceUnit--btnAddTimeSegment"}]}
RESULT: undefined
COMMAND: POST /session/e87ee5c00bb1e8c61ee38b6c01d07093/element - {"using":"xpath","value":"//*[@id=\"application-manageresources-display-component---newResourceUnit--btnAddTimeSegment\"]"}
RESULT: {}
RESULT: {"using":"xpath","value":"//*[@id=\"application-manageresources-display-component---newResourceUnit--btnAddTimeSegment\"]"}
COMMAND: POST /session/e87ee5c00bb1e8c61ee38b6c01d07093/element/f.C39E6AC59F605FD7CA79606EE8A094DD.d.01A4D5C2A553469C3DE52752EF09EA12.e.11357/click - {}
RESULT: {}
COMMAND: GET /session/e87ee5c00bb1e8c61ee38b6c01d07093/screenshot - {}
RESULT: {}
COMMAND: POST /session/e87ee5c00bb1e8c61ee38b6c01d07093/element - {"using":"xpath","value":"//input[@id=\"application-manageresources-display-component---newResourceUnit--idRuTSAdmin-application-manageresources-display-component---newResourceUnit--RUTimeSegment-0-inner\"]"}
RESULT: {"using":"xpath","value":"//input[@id=\"application-manageresources-display-component---newResourceUnit--idRuTSAdmin-application-manageresources-display-component---newResourceUnit--RUTimeSegment-0-inner\"]"}
COMMAND: POST /session/e87ee5c00bb1e8c61ee38b6c01d07093/element/f.C39E6AC59F605FD7CA79606EE8A094DD.d.01A4D5C2A553469C3DE52752EF09EA12.e.11363/clear - {}
RESULT: {}
COMMAND: POST /session/e87ee5c00bb1e8c61ee38b6c01d07093/element/f.C39E6AC59F605FD7CA79606EE8A094DD.d.01A4D5C2A553469C3DE52752EF09EA12.e.11363/value - {"text":"284"}
COMMAND: GET /session/e87ee5c00bb1e8c61ee38b6c01d07093/screenshot - {}
RESULT: {"text":"284"}
COMMAND: GET /session/e87ee5c00bb1e8c61ee38b6c01d07093/screenshot - {}
RESULT: {}
RESULT: {}
COMMAND: POST /session/e87ee5c00bb1e8c61ee38b6c01d07093/element - {"using":"xpath","value":"//li[.//span[text()='284']]"}
RESULT: {"using":"xpath","value":"//li[.//span[text()='284']]"}
COMMAND: POST /session/e87ee5c00bb1e8c61ee38b6c01d07093/element/f.C39E6AC59F605FD7CA79606EE8A094DD.d.01A4D5C2A553469C3DE52752EF09EA12.e.11375/click - {}
RESULT: {}
COMMAND: GET /session/e87ee5c00bb1e8c61ee38b6c01d07093/screenshot - {}
RESULT: {}
COMMAND: POST /session/e87ee5c00bb1e8c61ee38b6c01d07093/element - {"using":"xpath","value":"(//span[contains(@id, \"-application-manageresources-display-component---newResourceUnit--RUTimeSegment-0-arrow\")])[6]"}
RESULT: {"using":"xpath","value":"(//span[contains(@id, \"-application-manageresources-display-component---newResourceUnit--RUTimeSegment-0-arrow\")])[6]"}
COMMAND: POST /session/e87ee5c00bb1e8c61ee38b6c01d07093/element/f.C39E6AC59F605FD7CA79606EE8A094DD.d.01A4D5C2A553469C3DE52752EF09EA12.e.11376/click - {}
RESULT: {}
COMMAND: GET /session/e87ee5c00bb1e8c61ee38b6c01d07093/screenshot - {}
RESULT: {}
COMMAND: POST /session/e87ee5c00bb1e8c61ee38b6c01d07093/element - {"using":"xpath","value":"//span[contains(text(), \"PM Order\")]"}
RESULT: {"using":"xpath","value":"//span[contains(text(), \"PM Order\")]"}
COMMAND: POST /session/e87ee5c00bb1e8c61ee38b6c01d07093/element/f.C39E6AC59F605FD7CA79606EE8A094DD.d.01A4D5C2A553469C3DE52752EF09EA12.e.11379/click - {}
RESULT: {}
COMMAND: GET /session/e87ee5c00bb1e8c61ee38b6c01d07093/screenshot - {}
RESULT: {}
COMMAND: POST /session/e87ee5c00bb1e8c61ee38b6c01d07093/element - {"using":"xpath","value":"(//span[contains(@id ,\"manageresources-display-component---newResourceUnit--RUTimeSegment-0-vhi\")])[1]"}
RESULT: {"using":"xpath","value":"(//span[contains(@id ,\"manageresources-display-component---newResourceUnit--RUTimeSegment-0-vhi\")])[1]"}
COMMAND: GET /session/e87ee5c00bb1e8c61ee38b6c01d07093/element/f.C39E6AC59F605FD7CA79606EE8A094DD.d.01A4D5C2A553469C3DE52752EF09EA12.e.11383/rect - {}
RESULT: {}
COMMAND: GET /session/e87ee5c00bb1e8c61ee38b6c01d07093/window/rect - {}
RESULT: {}
COMMAND: POST /session/e87ee5c00bb1e8c61ee38b6c01d07093/execute/sync - {"script":"<script> [92 bytes]","args":[]}
RESULT: {"script":"<script> [92 bytes]","args":[]}
COMMAND: POST /session/e87ee5c00bb1e8c61ee38b6c01d07093/actions - {"actions":[{"id":"action34","type":"wheel","parameters":{},"actions":[{"type":"scroll","x":-869,"y":-24,"deltaX":0,"deltaY":0,"duration":0,"origin":{"element-6066-11e4-a52e-4f735466cecf":"f.C39E6AC59F605FD7CA79606EE8A094DD.d.01A4D5C2A553469C3DE52752EF09EA12.e.11383"}}]}]}
COMMAND: GET /session/e87ee5c00bb1e8c61ee38b6c01d07093/screenshot - {}
RESULT: {"actions":[{"id":"action34","type":"wheel","parameters":{},"actions":[{"type":"scroll","x":-869,"y":-24,"deltaX":0,"deltaY":0,"duration":0,"origin":{"element-6066-11e4-a52e-4f735466cecf":"f.C39E6AC59F605FD7CA79606EE8A094DD.d.01A4D5C2A553469C3DE52752EF09EA12.e.11383"}}]}]}
COMMAND: DELETE /session/e87ee5c00bb1e8c61ee38b6c01d07093/actions - {}
COMMAND: GET /session/e87ee5c00bb1e8c61ee38b6c01d07093/screenshot - {}
RESULT: {}
RESULT: {}
COMMAND: GET /session/e87ee5c00bb1e8c61ee38b6c01d07093/screenshot - {}
RESULT: {}
RESULT: {}
COMMAND: POST /session/e87ee5c00bb1e8c61ee38b6c01d07093/element/f.C39E6AC59F605FD7CA79606EE8A094DD.d.01A4D5C2A553469C3DE52752EF09EA12.e.11383/click - {}
RESULT: {}
COMMAND: GET /session/e87ee5c00bb1e8c61ee38b6c01d07093/screenshot - {}
RESULT: {}
COMMAND: POST /session/e87ee5c00bb1e8c61ee38b6c01d07093/execute/async - {"script":"<script> [1562 bytes]","args":[{"selector":{"controlType":"sap.m.SearchField","properties":{"placeholder":"Search"},"searchOpenDialogs":true,"interaction":{"idSuffix":"I"}},"wdio_ui5_key":"sapm.SearchField{\"placeholder\":\"Search\"}"}]}
RESULT: {"script":"<script> [1562 bytes]","args":[{"selector":{"controlType":"sap.m.SearchField","properties":{"placeholder":"Search"},"searchOpenDialogs":true,"interaction":{"idSuffix":"I"}},"wdio_ui5_key":"sapm.SearchField{\"placeholder\":\"Search\"}"}]}
RESULT: undefined
COMMAND: POST /session/e87ee5c00bb1e8c61ee38b6c01d07093/execute/async - {"script":"<script> [776 bytes]","args":[{"enterText":"4000360","selector":{"controlType":"sap.m.SearchField","properties":{"placeholder":"Search"},"searchOpenDialogs":true,"interaction":{"idSuffix":"I"}},"clearTextFirst":true,"interactionType":"ENTER_TEXT"}]}
RESULT: {"script":"<script> [776 bytes]","args":[{"enterText":"4000360","selector":{"controlType":"sap.m.SearchField","properties":{"placeholder":"Search"},"searchOpenDialogs":true,"interaction":{"idSuffix":"I"}},"clearTextFirst":true,"interactionType":"ENTER_TEXT"}]}
COMMAND: POST /session/e87ee5c00bb1e8c61ee38b6c01d07093/actions - {"actions":[{"id":"action35","type":"key","parameters":{},"actions":[{"type":"keyDown","value":""},{"type":"pause","duration":10},{"type":"keyUp","value":""}]}]}
RESULT: {"actions":[{"id":"action35","type":"key","parameters":{},"actions":[{"type":"keyDown","value":""},{"type":"pause","duration":10},{"type":"keyUp","value":""}]}]}
COMMAND: GET /session/e87ee5c00bb1e8c61ee38b6c01d07093/screenshot - {}
RESULT: {}
COMMAND: POST /session/e87ee5c00bb1e8c61ee38b6c01d07093/element - {"using":"xpath","value":"//td/div/span[contains(text(), \"BGL Vehicles\")]"}
RESULT: {"using":"xpath","value":"//td/div/span[contains(text(), \"BGL Vehicles\")]"}
COMMAND: POST /session/e87ee5c00bb1e8c61ee38b6c01d07093/element/f.C39E6AC59F605FD7CA79606EE8A094DD.d.01A4D5C2A553469C3DE52752EF09EA12.e.11405/click - {}
RESULT: {}
COMMAND: GET /session/e87ee5c00bb1e8c61ee38b6c01d07093/screenshot - {}
RESULT: {}
COMMAND: POST /session/e87ee5c00bb1e8c61ee38b6c01d07093/element - {"using":"xpath","value":"//bdi[contains(text(), \"OK\")]"}
RESULT: {"using":"xpath","value":"//bdi[contains(text(), \"OK\")]"}
COMMAND: POST /session/e87ee5c00bb1e8c61ee38b6c01d07093/element/f.C39E6AC59F605FD7CA79606EE8A094DD.d.01A4D5C2A553469C3DE52752EF09EA12.e.11406/click - {}
RESULT: {}
COMMAND: GET /session/e87ee5c00bb1e8c61ee38b6c01d07093/screenshot - {}
RESULT: {}
COMMAND: POST /session/e87ee5c00bb1e8c61ee38b6c01d07093/execute/async - {"script":"<script> [1562 bytes]","args":[{"selector":{"id":"application-manageresources-display-component---newResourceUnit--newRRUPage-anchBar-application-manageresources-display-component---newResourceUnit--resource-anchor","interaction":{"idSuffix":"BDI-content"}},"wdio_ui5_key":"applicationmanageresources-display-component---newResourceUnit--newRRUPage-anchBar-application-manageresources-display-component---newResourceUnit--resource-anchor"}]}
RESULT: {"script":"<script> [1562 bytes]","args":[{"selector":{"id":"application-manageresources-display-component---newResourceUnit--newRRUPage-anchBar-application-manageresources-display-component---newResourceUnit--resource-anchor","interaction":{"idSuffix":"BDI-content"}},"wdio_ui5_key":"applicationmanageresources-display-component---newResourceUnit--newRRUPage-anchBar-application-manageresources-display-component---newResourceUnit--resource-anchor"}]}
RESULT: undefined
COMMAND: POST /session/e87ee5c00bb1e8c61ee38b6c01d07093/element - {"using":"xpath","value":"//*[@id=\"application-manageresources-display-component---newResourceUnit--newRRUPage-anchBar-application-manageresources-display-component---newResourceUnit--resource-anchor\"]"}
RESULT: {"using":"xpath","value":"//*[@id=\"application-manageresources-display-component---newResourceUnit--newRRUPage-anchBar-application-manageresources-display-component---newResourceUnit--resource-anchor\"]"}
COMMAND: POST /session/e87ee5c00bb1e8c61ee38b6c01d07093/element/f.C39E6AC59F605FD7CA79606EE8A094DD.d.01A4D5C2A553469C3DE52752EF09EA12.e.11410/click - {}
RESULT: {}
COMMAND: POST /session/e87ee5c00bb1e8c61ee38b6c01d07093/execute/async - {"script":"<script> [1562 bytes]","args":[{"selector":{"id":"application-manageresources-display-component---newResourceUnit--PLANNED_DELIVERY_DATE","interaction":{"idSuffix":"inner"}},"wdio_ui5_key":"applicationmanageresources-display-component---newResourceUnit--PLANNED_DELIVERY_DATE"}]}
COMMAND: GET /session/e87ee5c00bb1e8c61ee38b6c01d07093/screenshot - {}
RESULT: {"script":"<script> [1562 bytes]","args":[{"selector":{"id":"application-manageresources-display-component---newResourceUnit--PLANNED_DELIVERY_DATE","interaction":{"idSuffix":"inner"}},"wdio_ui5_key":"applicationmanageresources-display-component---newResourceUnit--PLANNED_DELIVERY_DATE"}]}
RESULT: undefined
COMMAND: POST /session/e87ee5c00bb1e8c61ee38b6c01d07093/execute/async - {"script":"<script> [6424 bytes]","args":[{"element-6066-11e4-a52e-4f735466cecf":"f.C39E6AC59F605FD7CA79606EE8A094DD.d.01A4D5C2A553469C3DE52752EF09EA12.e.11239"},"setValue",["5/25/25"]]}
RESULT: {}
RESULT: {"script":"<script> [6424 bytes]","args":[{"element-6066-11e4-a52e-4f735466cecf":"f.C39E6AC59F605FD7CA79606EE8A094DD.d.01A4D5C2A553469C3DE52752EF09EA12.e.11239"},"setValue",["5/25/25"]]}
COMMAND: POST /session/e87ee5c00bb1e8c61ee38b6c01d07093/element - {"using":"xpath","value":"//label[contains(@class, 'sapMLabelRequired') and .//bdi[contains(text(), 'Planned Retirement')]]"}
RESULT: {"using":"xpath","value":"//label[contains(@class, 'sapMLabelRequired') and .//bdi[contains(text(), 'Planned Retirement')]]"}
COMMAND: POST /session/e87ee5c00bb1e8c61ee38b6c01d07093/elements - {"using":"xpath","value":"//label[contains(@class, 'sapMLabelRequired') and .//bdi[contains(text(), 'Planned Retirement')]]"}
RESULT: {"using":"xpath","value":"//label[contains(@class, 'sapMLabelRequired') and .//bdi[contains(text(), 'Planned Retirement')]]"}
COMMAND: POST /session/e87ee5c00bb1e8c61ee38b6c01d07093/element - {"using":"xpath","value":"//button[@data-kt=\"resourceUnitSaveButton\"]"}
RESULT: {"using":"xpath","value":"//button[@data-kt=\"resourceUnitSaveButton\"]"}
COMMAND: POST /session/e87ee5c00bb1e8c61ee38b6c01d07093/element/f.C39E6AC59F605FD7CA79606EE8A094DD.d.01A4D5C2A553469C3DE52752EF09EA12.e.11198/click - {}
RESULT: {}
COMMAND: GET /session/e87ee5c00bb1e8c61ee38b6c01d07093/screenshot - {}
RESULT: {}
COMMAND: POST /session/e87ee5c00bb1e8c61ee38b6c01d07093/element - {"using":"xpath","value":"//bdi[contains(text(), \"Close\")]"}
RESULT: {"using":"xpath","value":"//bdi[contains(text(), \"Close\")]"}
COMMAND: POST /session/e87ee5c00bb1e8c61ee38b6c01d07093/element/f.C39E6AC59F605FD7CA79606EE8A094DD.d.01A4D5C2A553469C3DE52752EF09EA12.e.11418/click - {}
RESULT: {}
COMMAND: GET /session/e87ee5c00bb1e8c61ee38b6c01d07093/screenshot - {}
RESULT: {}
COMMAND: POST /session/e87ee5c00bb1e8c61ee38b6c01d07093/element - {"using":"xpath","value":"(//button[contains(@id ,\"actionsToolbar-overflowButton\")])[1]"}
RESULT: {"using":"xpath","value":"(//button[contains(@id ,\"actionsToolbar-overflowButton\")])[1]"}
COMMAND: POST /session/e87ee5c00bb1e8c61ee38b6c01d07093/element/f.C39E6AC59F605FD7CA79606EE8A094DD.d.01A4D5C2A553469C3DE52752EF09EA12.e.11475/click - {}
RESULT: {}
COMMAND: GET /session/e87ee5c00bb1e8c61ee38b6c01d07093/screenshot - {}
RESULT: {}
COMMAND: POST /session/e87ee5c00bb1e8c61ee38b6c01d07093/element - {"using":"xpath","value":"//button[@data-kt=\"priceInfoButton\"]"}
RESULT: {"using":"xpath","value":"//button[@data-kt=\"priceInfoButton\"]"}
COMMAND: POST /session/e87ee5c00bb1e8c61ee38b6c01d07093/element/f.C39E6AC59F605FD7CA79606EE8A094DD.d.01A4D5C2A553469C3DE52752EF09EA12.e.11477/click - {}
RESULT: {}
COMMAND: GET /session/e87ee5c00bb1e8c61ee38b6c01d07093/screenshot - {}
RESULT: {}
]]></system-out>
    </testcase>
    <testcase classname="chrome.136_0_7103_93.windows.Billing_Transfer_-_Intracompany_US127249" name="Should create a pricing procedure" time="52.084">
      <system-out><![CDATA[
COMMAND: POST /session/e87ee5c00bb1e8c61ee38b6c01d07093/element - {"using":"xpath","value":"//button[@data-kt=\"addButton\"]"}
RESULT: {"using":"xpath","value":"//button[@data-kt=\"addButton\"]"}
COMMAND: POST /session/e87ee5c00bb1e8c61ee38b6c01d07093/elements - {"using":"xpath","value":"//button[@data-kt=\"addButton\"]"}
RESULT: {"using":"xpath","value":"//button[@data-kt=\"addButton\"]"}
COMMAND: POST /session/e87ee5c00bb1e8c61ee38b6c01d07093/execute/sync - {"script":"<script> [8489 bytes]","args":[{"element-6066-11e4-a52e-4f735466cecf":"f.C39E6AC59F605FD7CA79606EE8A094DD.d.01A4D5C2A553469C3DE52752EF09EA12.e.11513","ELEMENT":"f.C39E6AC59F605FD7CA79606EE8A094DD.d.01A4D5C2A553469C3DE52752EF09EA12.e.11513"}]}
RESULT: {"script":"<script> [8489 bytes]","args":[{"element-6066-11e4-a52e-4f735466cecf":"f.C39E6AC59F605FD7CA79606EE8A094DD.d.01A4D5C2A553469C3DE52752EF09EA12.e.11513","ELEMENT":"f.C39E6AC59F605FD7CA79606EE8A094DD.d.01A4D5C2A553469C3DE52752EF09EA12.e.11513"}]}
COMMAND: GET /session/e87ee5c00bb1e8c61ee38b6c01d07093/element/f.C39E6AC59F605FD7CA79606EE8A094DD.d.01A4D5C2A553469C3DE52752EF09EA12.e.11513/enabled - {}
COMMAND: GET /session/e87ee5c00bb1e8c61ee38b6c01d07093/screenshot - {}
RESULT: {}
COMMAND: POST /session/e87ee5c00bb1e8c61ee38b6c01d07093/execute/sync - {"script":"<script> [8489 bytes]","args":[{"element-6066-11e4-a52e-4f735466cecf":"f.C39E6AC59F605FD7CA79606EE8A094DD.d.01A4D5C2A553469C3DE52752EF09EA12.e.11513","ELEMENT":"f.C39E6AC59F605FD7CA79606EE8A094DD.d.01A4D5C2A553469C3DE52752EF09EA12.e.11513"}]}
COMMAND: GET /session/e87ee5c00bb1e8c61ee38b6c01d07093/screenshot - {}
RESULT: {}
RESULT: {"script":"<script> [8489 bytes]","args":[{"element-6066-11e4-a52e-4f735466cecf":"f.C39E6AC59F605FD7CA79606EE8A094DD.d.01A4D5C2A553469C3DE52752EF09EA12.e.11513","ELEMENT":"f.C39E6AC59F605FD7CA79606EE8A094DD.d.01A4D5C2A553469C3DE52752EF09EA12.e.11513"}]}
COMMAND: POST /session/e87ee5c00bb1e8c61ee38b6c01d07093/execute/sync - {"script":"<script> [5351 bytes]","args":[{"element-6066-11e4-a52e-4f735466cecf":"f.C39E6AC59F605FD7CA79606EE8A094DD.d.01A4D5C2A553469C3DE52752EF09EA12.e.11513","ELEMENT":"f.C39E6AC59F605FD7CA79606EE8A094DD.d.01A4D5C2A553469C3DE52752EF09EA12.e.11513"}]}
COMMAND: GET /session/e87ee5c00bb1e8c61ee38b6c01d07093/screenshot - {}
RESULT: {}
RESULT: {"script":"<script> [5351 bytes]","args":[{"element-6066-11e4-a52e-4f735466cecf":"f.C39E6AC59F605FD7CA79606EE8A094DD.d.01A4D5C2A553469C3DE52752EF09EA12.e.11513","ELEMENT":"f.C39E6AC59F605FD7CA79606EE8A094DD.d.01A4D5C2A553469C3DE52752EF09EA12.e.11513"}]}
COMMAND: POST /session/e87ee5c00bb1e8c61ee38b6c01d07093/element/f.C39E6AC59F605FD7CA79606EE8A094DD.d.01A4D5C2A553469C3DE52752EF09EA12.e.11513/click - {}
COMMAND: GET /session/e87ee5c00bb1e8c61ee38b6c01d07093/screenshot - {}
RESULT: {}
RESULT: {}
COMMAND: GET /session/e87ee5c00bb1e8c61ee38b6c01d07093/screenshot - {}
RESULT: {}
RESULT: {}
COMMAND: POST /session/e87ee5c00bb1e8c61ee38b6c01d07093/execute/async - {"script":"<script> [1562 bytes]","args":[{"selector":{"controlType":"sap.m.Title","viewName":"etm.portal.ui.managepricingrules.view.NewItem","viewId":"application-managepricingrules-display-component---newInfoPriceItem","properties":{"text":"New Pricing Rules - Item Level"}},"wdio_ui5_key":"etmportal.ui.managepricingrules.view.NewItemsap.m.Title{\"text\":\"New Pricing Rules - Item Level\"}"}]}
RESULT: {"script":"<script> [1562 bytes]","args":[{"selector":{"controlType":"sap.m.Title","viewName":"etm.portal.ui.managepricingrules.view.NewItem","viewId":"application-managepricingrules-display-component---newInfoPriceItem","properties":{"text":"New Pricing Rules - Item Level"}},"wdio_ui5_key":"etmportal.ui.managepricingrules.view.NewItemsap.m.Title{\"text\":\"New Pricing Rules - Item Level\"}"}]}
RESULT: undefined
COMMAND: POST /session/e87ee5c00bb1e8c61ee38b6c01d07093/execute/async - {"script":"<script> [6424 bytes]","args":[{"element-6066-11e4-a52e-4f735466cecf":"f.C39E6AC59F605FD7CA79606EE8A094DD.d.01A4D5C2A553469C3DE52752EF09EA12.e.11672"},"getText",[]]}
RESULT: {"script":"<script> [6424 bytes]","args":[{"element-6066-11e4-a52e-4f735466cecf":"f.C39E6AC59F605FD7CA79606EE8A094DD.d.01A4D5C2A553469C3DE52752EF09EA12.e.11672"},"getText",[]]}
COMMAND: POST /session/e87ee5c00bb1e8c61ee38b6c01d07093/execute/async - {"script":"<script> [1562 bytes]","args":[{"selector":{"id":"application-managepricingrules-display-component---newInfoPriceItem--condValidTo","interaction":{"idSuffix":"inner"}},"wdio_ui5_key":"applicationmanagepricingrules-display-component---newInfoPriceItem--condValidTo"}]}
RESULT: {"script":"<script> [1562 bytes]","args":[{"selector":{"id":"application-managepricingrules-display-component---newInfoPriceItem--condValidTo","interaction":{"idSuffix":"inner"}},"wdio_ui5_key":"applicationmanagepricingrules-display-component---newInfoPriceItem--condValidTo"}]}
RESULT: undefined
COMMAND: POST /session/e87ee5c00bb1e8c61ee38b6c01d07093/execute/async - {"script":"<script> [776 bytes]","args":[{"enterText":"1/25/26","selector":{"id":"application-managepricingrules-display-component---newInfoPriceItem--condValidTo","interaction":{"idSuffix":"inner"}},"clearTextFirst":true,"interactionType":"ENTER_TEXT"}]}
RESULT: {"script":"<script> [776 bytes]","args":[{"enterText":"1/25/26","selector":{"id":"application-managepricingrules-display-component---newInfoPriceItem--condValidTo","interaction":{"idSuffix":"inner"}},"clearTextFirst":true,"interactionType":"ENTER_TEXT"}]}
COMMAND: POST /session/e87ee5c00bb1e8c61ee38b6c01d07093/execute/async - {"script":"<script> [1562 bytes]","args":[{"selector":{"id":"application-managepricingrules-display-component---newInfoPriceItem--billType-arrow"},"wdio_ui5_key":"applicationmanagepricingrules-display-component---newInfoPriceItem--billType-arrow"}]}
RESULT: {"script":"<script> [1562 bytes]","args":[{"selector":{"id":"application-managepricingrules-display-component---newInfoPriceItem--billType-arrow"},"wdio_ui5_key":"applicationmanagepricingrules-display-component---newInfoPriceItem--billType-arrow"}]}
RESULT: undefined
COMMAND: POST /session/e87ee5c00bb1e8c61ee38b6c01d07093/element - {"using":"xpath","value":"//*[@id=\"application-managepricingrules-display-component---newInfoPriceItem--billType-arrow\"]"}
RESULT: {"using":"xpath","value":"//*[@id=\"application-managepricingrules-display-component---newInfoPriceItem--billType-arrow\"]"}
COMMAND: POST /session/e87ee5c00bb1e8c61ee38b6c01d07093/element/f.C39E6AC59F605FD7CA79606EE8A094DD.d.01A4D5C2A553469C3DE52752EF09EA12.e.11674/click - {}
RESULT: {}
COMMAND: POST /session/e87ee5c00bb1e8c61ee38b6c01d07093/element - {"using":"xpath","value":"//span[contains(text(), \"TB - Time based\")]"}
COMMAND: GET /session/e87ee5c00bb1e8c61ee38b6c01d07093/screenshot - {}
RESULT: {"using":"xpath","value":"//span[contains(text(), \"TB - Time based\")]"}
COMMAND: POST /session/e87ee5c00bb1e8c61ee38b6c01d07093/element/f.C39E6AC59F605FD7CA79606EE8A094DD.d.01A4D5C2A553469C3DE52752EF09EA12.e.11675/click - {}
RESULT: {}
RESULT: {}
COMMAND: POST /session/e87ee5c00bb1e8c61ee38b6c01d07093/execute/async - {"script":"<script> [1562 bytes]","args":[{"selector":{"id":"application-managepricingrules-display-component---newInfoPriceItem--priceProc-arrow"},"wdio_ui5_key":"applicationmanagepricingrules-display-component---newInfoPriceItem--priceProc-arrow"}]}
COMMAND: GET /session/e87ee5c00bb1e8c61ee38b6c01d07093/screenshot - {}
RESULT: {"script":"<script> [1562 bytes]","args":[{"selector":{"id":"application-managepricingrules-display-component---newInfoPriceItem--priceProc-arrow"},"wdio_ui5_key":"applicationmanagepricingrules-display-component---newInfoPriceItem--priceProc-arrow"}]}
RESULT: undefined
COMMAND: POST /session/e87ee5c00bb1e8c61ee38b6c01d07093/element - {"using":"xpath","value":"//*[@id=\"application-managepricingrules-display-component---newInfoPriceItem--priceProc-arrow\"]"}
RESULT: {}
RESULT: {"using":"xpath","value":"//*[@id=\"application-managepricingrules-display-component---newInfoPriceItem--priceProc-arrow\"]"}
COMMAND: POST /session/e87ee5c00bb1e8c61ee38b6c01d07093/element/f.C39E6AC59F605FD7CA79606EE8A094DD.d.01A4D5C2A553469C3DE52752EF09EA12.e.11640/click - {}
RESULT: {}
COMMAND: POST /session/e87ee5c00bb1e8c61ee38b6c01d07093/element - {"using":"xpath","value":"//span[contains(text(), \"TBS - Time based standard\")]"}
COMMAND: GET /session/e87ee5c00bb1e8c61ee38b6c01d07093/screenshot - {}
RESULT: {"using":"xpath","value":"//span[contains(text(), \"TBS - Time based standard\")]"}
COMMAND: POST /session/e87ee5c00bb1e8c61ee38b6c01d07093/element/f.C39E6AC59F605FD7CA79606EE8A094DD.d.01A4D5C2A553469C3DE52752EF09EA12.e.11676/click - {}
RESULT: {}
RESULT: {}
COMMAND: POST /session/e87ee5c00bb1e8c61ee38b6c01d07093/execute/async - {"script":"<script> [1562 bytes]","args":[{"selector":{"id":"application-managepricingrules-display-component---newInfoPriceItem--calcBase-arrow"},"wdio_ui5_key":"applicationmanagepricingrules-display-component---newInfoPriceItem--calcBase-arrow"}]}
COMMAND: GET /session/e87ee5c00bb1e8c61ee38b6c01d07093/screenshot - {}
RESULT: {"script":"<script> [1562 bytes]","args":[{"selector":{"id":"application-managepricingrules-display-component---newInfoPriceItem--calcBase-arrow"},"wdio_ui5_key":"applicationmanagepricingrules-display-component---newInfoPriceItem--calcBase-arrow"}]}
RESULT: undefined
COMMAND: POST /session/e87ee5c00bb1e8c61ee38b6c01d07093/element - {"using":"xpath","value":"//*[@id=\"application-managepricingrules-display-component---newInfoPriceItem--calcBase-arrow\"]"}
RESULT: {}
RESULT: {"using":"xpath","value":"//*[@id=\"application-managepricingrules-display-component---newInfoPriceItem--calcBase-arrow\"]"}
COMMAND: POST /session/e87ee5c00bb1e8c61ee38b6c01d07093/element/f.C39E6AC59F605FD7CA79606EE8A094DD.d.01A4D5C2A553469C3DE52752EF09EA12.e.11647/click - {}
RESULT: {}
COMMAND: GET /session/e87ee5c00bb1e8c61ee38b6c01d07093/screenshot - {}
RESULT: {}
COMMAND: POST /session/e87ee5c00bb1e8c61ee38b6c01d07093/element - {"using":"xpath","value":"//span[contains(text(), \"0006 - TB(calendar days)\")]"}
RESULT: {"using":"xpath","value":"//span[contains(text(), \"0006 - TB(calendar days)\")]"}
COMMAND: POST /session/e87ee5c00bb1e8c61ee38b6c01d07093/element/f.C39E6AC59F605FD7CA79606EE8A094DD.d.01A4D5C2A553469C3DE52752EF09EA12.e.11677/click - {}
RESULT: {}
COMMAND: GET /session/e87ee5c00bb1e8c61ee38b6c01d07093/screenshot - {}
RESULT: {}
COMMAND: POST /session/e87ee5c00bb1e8c61ee38b6c01d07093/execute/async - {"script":"<script> [1562 bytes]","args":[{"selector":{"id":"application-managepricingrules-display-component---newInfoPriceItem--daysMonth","interaction":{"idSuffix":"inner"}},"wdio_ui5_key":"applicationmanagepricingrules-display-component---newInfoPriceItem--daysMonth"}]}
RESULT: {"script":"<script> [1562 bytes]","args":[{"selector":{"id":"application-managepricingrules-display-component---newInfoPriceItem--daysMonth","interaction":{"idSuffix":"inner"}},"wdio_ui5_key":"applicationmanagepricingrules-display-component---newInfoPriceItem--daysMonth"}]}
RESULT: undefined
COMMAND: POST /session/e87ee5c00bb1e8c61ee38b6c01d07093/execute/async - {"script":"<script> [776 bytes]","args":[{"enterText":"30","selector":{"id":"application-managepricingrules-display-component---newInfoPriceItem--daysMonth","interaction":{"idSuffix":"inner"}},"clearTextFirst":true,"interactionType":"ENTER_TEXT"}]}
RESULT: {"script":"<script> [776 bytes]","args":[{"enterText":"30","selector":{"id":"application-managepricingrules-display-component---newInfoPriceItem--daysMonth","interaction":{"idSuffix":"inner"}},"clearTextFirst":true,"interactionType":"ENTER_TEXT"}]}
COMMAND: POST /session/e87ee5c00bb1e8c61ee38b6c01d07093/element - {"using":"xpath","value":"//button[@data-kt=\"saveNewRuleButton\"]"}
RESULT: {"using":"xpath","value":"//button[@data-kt=\"saveNewRuleButton\"]"}
COMMAND: POST /session/e87ee5c00bb1e8c61ee38b6c01d07093/element/f.C39E6AC59F605FD7CA79606EE8A094DD.d.01A4D5C2A553469C3DE52752EF09EA12.e.11663/click - {}
RESULT: {}
COMMAND: GET /session/e87ee5c00bb1e8c61ee38b6c01d07093/screenshot - {}
RESULT: {}
COMMAND: POST /session/e87ee5c00bb1e8c61ee38b6c01d07093/execute/async - {"script":"<script> [1562 bytes]","args":[{"selector":{"id":"application-managepricingrules-display-component---priceInfoItem--smartFilterBar-btnBasicSearch","interaction":{"idSuffix":"I"}},"wdio_ui5_key":"applicationmanagepricingrules-display-component---priceInfoItem--smartFilterBar-btnBasicSearch"}]}
RESULT: {"script":"<script> [1562 bytes]","args":[{"selector":{"id":"application-managepricingrules-display-component---priceInfoItem--smartFilterBar-btnBasicSearch","interaction":{"idSuffix":"I"}},"wdio_ui5_key":"applicationmanagepricingrules-display-component---priceInfoItem--smartFilterBar-btnBasicSearch"}]}
RESULT: undefined
COMMAND: POST /session/e87ee5c00bb1e8c61ee38b6c01d07093/execute/async - {"script":"<script> [776 bytes]","args":[{"enterText":"M4zx7Ih4zj","selector":{"id":"application-managepricingrules-display-component---priceInfoItem--smartFilterBar-btnBasicSearch","interaction":{"idSuffix":"I"}},"clearTextFirst":true,"interactionType":"ENTER_TEXT"}]}
RESULT: {"script":"<script> [776 bytes]","args":[{"enterText":"M4zx7Ih4zj","selector":{"id":"application-managepricingrules-display-component---priceInfoItem--smartFilterBar-btnBasicSearch","interaction":{"idSuffix":"I"}},"clearTextFirst":true,"interactionType":"ENTER_TEXT"}]}
COMMAND: POST /session/e87ee5c00bb1e8c61ee38b6c01d07093/actions - {"actions":[{"id":"action36","type":"key","parameters":{},"actions":[{"type":"keyDown","value":""},{"type":"pause","duration":10},{"type":"keyUp","value":""}]}]}
RESULT: {"actions":[{"id":"action36","type":"key","parameters":{},"actions":[{"type":"keyDown","value":""},{"type":"pause","duration":10},{"type":"keyUp","value":""}]}]}
COMMAND: GET /session/e87ee5c00bb1e8c61ee38b6c01d07093/screenshot - {}
RESULT: {}
COMMAND: POST /session/e87ee5c00bb1e8c61ee38b6c01d07093/element - {"using":"xpath","value":"//span[@id=\"application-managepricingrules-display-component---priceInfoItem--smartTable-header-inner\"]"}
RESULT: {"using":"xpath","value":"//span[@id=\"application-managepricingrules-display-component---priceInfoItem--smartTable-header-inner\"]"}
COMMAND: POST /session/e87ee5c00bb1e8c61ee38b6c01d07093/elements - {"using":"xpath","value":"//span[@id=\"application-managepricingrules-display-component---priceInfoItem--smartTable-header-inner\"]"}
RESULT: {"using":"xpath","value":"//span[@id=\"application-managepricingrules-display-component---priceInfoItem--smartTable-header-inner\"]"}
COMMAND: POST /session/e87ee5c00bb1e8c61ee38b6c01d07093/execute/sync - {"script":"<script> [56 bytes]","args":[{"element-6066-11e4-a52e-4f735466cecf":"f.C39E6AC59F605FD7CA79606EE8A094DD.d.01A4D5C2A553469C3DE52752EF09EA12.e.11701","ELEMENT":"f.C39E6AC59F605FD7CA79606EE8A094DD.d.01A4D5C2A553469C3DE52752EF09EA12.e.11701"}]}
RESULT: {"script":"<script> [56 bytes]","args":[{"element-6066-11e4-a52e-4f735466cecf":"f.C39E6AC59F605FD7CA79606EE8A094DD.d.01A4D5C2A553469C3DE52752EF09EA12.e.11701","ELEMENT":"f.C39E6AC59F605FD7CA79606EE8A094DD.d.01A4D5C2A553469C3DE52752EF09EA12.e.11701"}]}
COMMAND: POST /session/e87ee5c00bb1e8c61ee38b6c01d07093/element - {"using":"css selector","value":"#shell-header-logo"}
COMMAND: GET /session/e87ee5c00bb1e8c61ee38b6c01d07093/screenshot - {}
RESULT: {"using":"css selector","value":"#shell-header-logo"}
COMMAND: POST /session/e87ee5c00bb1e8c61ee38b6c01d07093/element/f.C39E6AC59F605FD7CA79606EE8A094DD.d.01A4D5C2A553469C3DE52752EF09EA12.e.10984/click - {}
RESULT: {}
RESULT: {}
COMMAND: GET /session/e87ee5c00bb1e8c61ee38b6c01d07093/screenshot - {}
RESULT: {}
]]></system-out>
    </testcase>
    <testcase classname="chrome.136_0_7103_93.windows.Billing_Transfer_-_Intracompany_US127249" name="Should manage conditions" time="64.224">
      <system-out><![CDATA[
COMMAND: POST /session/e87ee5c00bb1e8c61ee38b6c01d07093/execute/async - {"script":"<script> [1562 bytes]","args":[{"selector":{"controlType":"sap.m.GenericTile","properties":{"header":"Manage Conditions & Prices"}},"wdio_ui5_key":"sapm.GenericTile{\"header\":\"Manage Conditions & Prices\"}"}]}
RESULT: {"script":"<script> [1562 bytes]","args":[{"selector":{"controlType":"sap.m.GenericTile","properties":{"header":"Manage Conditions & Prices"}},"wdio_ui5_key":"sapm.GenericTile{\"header\":\"Manage Conditions & Prices\"}"}]}
RESULT: undefined
COMMAND: POST /session/e87ee5c00bb1e8c61ee38b6c01d07093/element - {"using":"xpath","value":"//*[@id=\"__tile93\"]"}
RESULT: {"using":"xpath","value":"//*[@id=\"__tile93\"]"}
COMMAND: POST /session/e87ee5c00bb1e8c61ee38b6c01d07093/element/f.C39E6AC59F605FD7CA79606EE8A094DD.d.01A4D5C2A553469C3DE52752EF09EA12.e.10969/click - {}
RESULT: {}
COMMAND: GET /session/e87ee5c00bb1e8c61ee38b6c01d07093/screenshot - {}
RESULT: {}
COMMAND: POST /session/e87ee5c00bb1e8c61ee38b6c01d07093/elements - {"using":"xpath","value":"//span[text()='Error']"}
RESULT: {"using":"xpath","value":"//span[text()='Error']"}
COMMAND: POST /session/e87ee5c00bb1e8c61ee38b6c01d07093/element - {"using":"xpath","value":"//button[@aria-label=\"Create\"]"}
RESULT: {"using":"xpath","value":"//button[@aria-label=\"Create\"]"}
COMMAND: POST /session/e87ee5c00bb1e8c61ee38b6c01d07093/elements - {"using":"xpath","value":"//button[@aria-label=\"Create\"]"}
RESULT: {"using":"xpath","value":"//button[@aria-label=\"Create\"]"}
COMMAND: POST /session/e87ee5c00bb1e8c61ee38b6c01d07093/execute/sync - {"script":"<script> [8489 bytes]","args":[{"element-6066-11e4-a52e-4f735466cecf":"f.C39E6AC59F605FD7CA79606EE8A094DD.d.01A4D5C2A553469C3DE52752EF09EA12.e.11736","ELEMENT":"f.C39E6AC59F605FD7CA79606EE8A094DD.d.01A4D5C2A553469C3DE52752EF09EA12.e.11736"}]}
RESULT: {"script":"<script> [8489 bytes]","args":[{"element-6066-11e4-a52e-4f735466cecf":"f.C39E6AC59F605FD7CA79606EE8A094DD.d.01A4D5C2A553469C3DE52752EF09EA12.e.11736","ELEMENT":"f.C39E6AC59F605FD7CA79606EE8A094DD.d.01A4D5C2A553469C3DE52752EF09EA12.e.11736"}]}
COMMAND: GET /session/e87ee5c00bb1e8c61ee38b6c01d07093/element/f.C39E6AC59F605FD7CA79606EE8A094DD.d.01A4D5C2A553469C3DE52752EF09EA12.e.11736/enabled - {}
COMMAND: GET /session/e87ee5c00bb1e8c61ee38b6c01d07093/screenshot - {}
RESULT: {}
COMMAND: POST /session/e87ee5c00bb1e8c61ee38b6c01d07093/execute/sync - {"script":"<script> [8489 bytes]","args":[{"element-6066-11e4-a52e-4f735466cecf":"f.C39E6AC59F605FD7CA79606EE8A094DD.d.01A4D5C2A553469C3DE52752EF09EA12.e.11736","ELEMENT":"f.C39E6AC59F605FD7CA79606EE8A094DD.d.01A4D5C2A553469C3DE52752EF09EA12.e.11736"}]}
COMMAND: GET /session/e87ee5c00bb1e8c61ee38b6c01d07093/screenshot - {}
RESULT: {}
RESULT: {"script":"<script> [8489 bytes]","args":[{"element-6066-11e4-a52e-4f735466cecf":"f.C39E6AC59F605FD7CA79606EE8A094DD.d.01A4D5C2A553469C3DE52752EF09EA12.e.11736","ELEMENT":"f.C39E6AC59F605FD7CA79606EE8A094DD.d.01A4D5C2A553469C3DE52752EF09EA12.e.11736"}]}
COMMAND: POST /session/e87ee5c00bb1e8c61ee38b6c01d07093/execute/sync - {"script":"<script> [5351 bytes]","args":[{"element-6066-11e4-a52e-4f735466cecf":"f.C39E6AC59F605FD7CA79606EE8A094DD.d.01A4D5C2A553469C3DE52752EF09EA12.e.11736","ELEMENT":"f.C39E6AC59F605FD7CA79606EE8A094DD.d.01A4D5C2A553469C3DE52752EF09EA12.e.11736"}]}
COMMAND: GET /session/e87ee5c00bb1e8c61ee38b6c01d07093/screenshot - {}
RESULT: {}
RESULT: {"script":"<script> [5351 bytes]","args":[{"element-6066-11e4-a52e-4f735466cecf":"f.C39E6AC59F605FD7CA79606EE8A094DD.d.01A4D5C2A553469C3DE52752EF09EA12.e.11736","ELEMENT":"f.C39E6AC59F605FD7CA79606EE8A094DD.d.01A4D5C2A553469C3DE52752EF09EA12.e.11736"}]}
COMMAND: POST /session/e87ee5c00bb1e8c61ee38b6c01d07093/element/f.C39E6AC59F605FD7CA79606EE8A094DD.d.01A4D5C2A553469C3DE52752EF09EA12.e.11736/click - {}
COMMAND: GET /session/e87ee5c00bb1e8c61ee38b6c01d07093/screenshot - {}
RESULT: {}
RESULT: {}
COMMAND: GET /session/e87ee5c00bb1e8c61ee38b6c01d07093/screenshot - {}
RESULT: {}
RESULT: {}
COMMAND: POST /session/e87ee5c00bb1e8c61ee38b6c01d07093/actions - {"actions":[{"id":"action37","type":"key","parameters":{},"actions":[{"type":"keyDown","value":""},{"type":"pause","duration":10},{"type":"keyUp","value":""}]}]}
RESULT: {"actions":[{"id":"action37","type":"key","parameters":{},"actions":[{"type":"keyDown","value":""},{"type":"pause","duration":10},{"type":"keyUp","value":""}]}]}
COMMAND: GET /session/e87ee5c00bb1e8c61ee38b6c01d07093/screenshot - {}
RESULT: {}
COMMAND: POST /session/e87ee5c00bb1e8c61ee38b6c01d07093/execute/async - {"script":"<script> [1562 bytes]","args":[{"selector":{"id":"application-manageconditionprice-display-component---newCondition--condBillCond-arrow"},"wdio_ui5_key":"applicationmanageconditionprice-display-component---newCondition--condBillCond-arrow"}]}
RESULT: {"script":"<script> [1562 bytes]","args":[{"selector":{"id":"application-manageconditionprice-display-component---newCondition--condBillCond-arrow"},"wdio_ui5_key":"applicationmanageconditionprice-display-component---newCondition--condBillCond-arrow"}]}
RESULT: undefined
COMMAND: POST /session/e87ee5c00bb1e8c61ee38b6c01d07093/element - {"using":"xpath","value":"//*[@id=\"application-manageconditionprice-display-component---newCondition--condBillCond-arrow\"]"}
RESULT: {"using":"xpath","value":"//*[@id=\"application-manageconditionprice-display-component---newCondition--condBillCond-arrow\"]"}
COMMAND: POST /session/e87ee5c00bb1e8c61ee38b6c01d07093/element/f.C39E6AC59F605FD7CA79606EE8A094DD.d.01A4D5C2A553469C3DE52752EF09EA12.e.11909/click - {}
RESULT: {}
COMMAND: GET /session/e87ee5c00bb1e8c61ee38b6c01d07093/screenshot - {}
RESULT: {}
COMMAND: POST /session/e87ee5c00bb1e8c61ee38b6c01d07093/element - {"using":"xpath","value":"//li[.//span[contains(text(), \"DISP - D&I special price\")]]"}
RESULT: {"using":"xpath","value":"//li[.//span[contains(text(), \"DISP - D&I special price\")]]"}
COMMAND: POST /session/e87ee5c00bb1e8c61ee38b6c01d07093/element/f.C39E6AC59F605FD7CA79606EE8A094DD.d.01A4D5C2A553469C3DE52752EF09EA12.e.11913/click - {}
RESULT: {}
COMMAND: GET /session/e87ee5c00bb1e8c61ee38b6c01d07093/screenshot - {}
RESULT: {}
COMMAND: POST /session/e87ee5c00bb1e8c61ee38b6c01d07093/execute/async - {"script":"<script> [1562 bytes]","args":[{"selector":{"id":"application-manageconditionprice-display-component---newCondition--condValidTo","interaction":{"idSuffix":"inner"}},"wdio_ui5_key":"applicationmanageconditionprice-display-component---newCondition--condValidTo"}]}
RESULT: {"script":"<script> [1562 bytes]","args":[{"selector":{"id":"application-manageconditionprice-display-component---newCondition--condValidTo","interaction":{"idSuffix":"inner"}},"wdio_ui5_key":"applicationmanageconditionprice-display-component---newCondition--condValidTo"}]}
RESULT: undefined
COMMAND: POST /session/e87ee5c00bb1e8c61ee38b6c01d07093/execute/async - {"script":"<script> [776 bytes]","args":[{"enterText":"1/25/26","selector":{"id":"application-manageconditionprice-display-component---newCondition--condValidTo","interaction":{"idSuffix":"inner"}},"clearTextFirst":true,"interactionType":"ENTER_TEXT"}]}
RESULT: {"script":"<script> [776 bytes]","args":[{"enterText":"1/25/26","selector":{"id":"application-manageconditionprice-display-component---newCondition--condValidTo","interaction":{"idSuffix":"inner"}},"clearTextFirst":true,"interactionType":"ENTER_TEXT"}]}
COMMAND: POST /session/e87ee5c00bb1e8c61ee38b6c01d07093/element - {"using":"xpath","value":"//input[@id=\"application-manageconditionprice-display-component---newCondition--condRU-inner\"]"}
RESULT: {"using":"xpath","value":"//input[@id=\"application-manageconditionprice-display-component---newCondition--condRU-inner\"]"}
COMMAND: POST /session/e87ee5c00bb1e8c61ee38b6c01d07093/element/f.C39E6AC59F605FD7CA79606EE8A094DD.d.01A4D5C2A553469C3DE52752EF09EA12.e.11778/clear - {}
RESULT: {}
COMMAND: POST /session/e87ee5c00bb1e8c61ee38b6c01d07093/element/f.C39E6AC59F605FD7CA79606EE8A094DD.d.01A4D5C2A553469C3DE52752EF09EA12.e.11778/value - {"text":"M4zx7Ih4zj"}
COMMAND: GET /session/e87ee5c00bb1e8c61ee38b6c01d07093/screenshot - {}
RESULT: {"text":"M4zx7Ih4zj"}
COMMAND: GET /session/e87ee5c00bb1e8c61ee38b6c01d07093/screenshot - {}
RESULT: {}
RESULT: {}
COMMAND: POST /session/e87ee5c00bb1e8c61ee38b6c01d07093/actions - {"actions":[{"id":"action38","type":"key","parameters":{},"actions":[{"type":"keyDown","value":""},{"type":"pause","duration":10},{"type":"keyUp","value":""}]}]}
RESULT: {"actions":[{"id":"action38","type":"key","parameters":{},"actions":[{"type":"keyDown","value":""},{"type":"pause","duration":10},{"type":"keyUp","value":""}]}]}
COMMAND: POST /session/e87ee5c00bb1e8c61ee38b6c01d07093/execute/async - {"script":"<script> [1562 bytes]","args":[{"selector":{"id":"application-manageconditionprice-display-component---newCondition--condBaseQty","interaction":{"idSuffix":"inner"}},"wdio_ui5_key":"applicationmanageconditionprice-display-component---newCondition--condBaseQty"}]}
COMMAND: GET /session/e87ee5c00bb1e8c61ee38b6c01d07093/screenshot - {}
RESULT: {"script":"<script> [1562 bytes]","args":[{"selector":{"id":"application-manageconditionprice-display-component---newCondition--condBaseQty","interaction":{"idSuffix":"inner"}},"wdio_ui5_key":"applicationmanageconditionprice-display-component---newCondition--condBaseQty"}]}
RESULT: undefined
COMMAND: POST /session/e87ee5c00bb1e8c61ee38b6c01d07093/execute/async - {"script":"<script> [776 bytes]","args":[{"enterText":"1","selector":{"id":"application-manageconditionprice-display-component---newCondition--condBaseQty","interaction":{"idSuffix":"inner"}},"clearTextFirst":true,"interactionType":"ENTER_TEXT"}]}
RESULT: {}
RESULT: {"script":"<script> [776 bytes]","args":[{"enterText":"1","selector":{"id":"application-manageconditionprice-display-component---newCondition--condBaseQty","interaction":{"idSuffix":"inner"}},"clearTextFirst":true,"interactionType":"ENTER_TEXT"}]}
COMMAND: POST /session/e87ee5c00bb1e8c61ee38b6c01d07093/execute/async - {"script":"<script> [1562 bytes]","args":[{"selector":{"id":"application-manageconditionprice-display-component---newCondition--condValue","interaction":{"idSuffix":"inner"}},"wdio_ui5_key":"applicationmanageconditionprice-display-component---newCondition--condValue"}]}
RESULT: {"script":"<script> [1562 bytes]","args":[{"selector":{"id":"application-manageconditionprice-display-component---newCondition--condValue","interaction":{"idSuffix":"inner"}},"wdio_ui5_key":"applicationmanageconditionprice-display-component---newCondition--condValue"}]}
RESULT: undefined
COMMAND: POST /session/e87ee5c00bb1e8c61ee38b6c01d07093/execute/async - {"script":"<script> [776 bytes]","args":[{"enterText":"200","selector":{"id":"application-manageconditionprice-display-component---newCondition--condValue","interaction":{"idSuffix":"inner"}},"clearTextFirst":true,"interactionType":"ENTER_TEXT"}]}
RESULT: {"script":"<script> [776 bytes]","args":[{"enterText":"200","selector":{"id":"application-manageconditionprice-display-component---newCondition--condValue","interaction":{"idSuffix":"inner"}},"clearTextFirst":true,"interactionType":"ENTER_TEXT"}]}
COMMAND: POST /session/e87ee5c00bb1e8c61ee38b6c01d07093/execute/async - {"script":"<script> [1562 bytes]","args":[{"selector":{"id":"application-manageconditionprice-display-component---newCondition--condCurr-arrow"},"wdio_ui5_key":"applicationmanageconditionprice-display-component---newCondition--condCurr-arrow"}]}
RESULT: {"script":"<script> [1562 bytes]","args":[{"selector":{"id":"application-manageconditionprice-display-component---newCondition--condCurr-arrow"},"wdio_ui5_key":"applicationmanageconditionprice-display-component---newCondition--condCurr-arrow"}]}
RESULT: undefined
COMMAND: POST /session/e87ee5c00bb1e8c61ee38b6c01d07093/element - {"using":"xpath","value":"//*[@id=\"application-manageconditionprice-display-component---newCondition--condCurr-arrow\"]"}
RESULT: {"using":"xpath","value":"//*[@id=\"application-manageconditionprice-display-component---newCondition--condCurr-arrow\"]"}
COMMAND: POST /session/e87ee5c00bb1e8c61ee38b6c01d07093/element/f.C39E6AC59F605FD7CA79606EE8A094DD.d.01A4D5C2A553469C3DE52752EF09EA12.e.11886/click - {}
RESULT: {}
COMMAND: POST /session/e87ee5c00bb1e8c61ee38b6c01d07093/element - {"using":"xpath","value":"//span[contains(text(), \"Euro\")]"}
COMMAND: GET /session/e87ee5c00bb1e8c61ee38b6c01d07093/screenshot - {}
RESULT: {"using":"xpath","value":"//span[contains(text(), \"Euro\")]"}
COMMAND: POST /session/e87ee5c00bb1e8c61ee38b6c01d07093/element/f.C39E6AC59F605FD7CA79606EE8A094DD.d.01A4D5C2A553469C3DE52752EF09EA12.e.11948/click - {}
RESULT: {}
RESULT: {}
COMMAND: POST /session/e87ee5c00bb1e8c61ee38b6c01d07093/element - {"using":"xpath","value":"//button[@data-kt=\"saveButton\"]"}
COMMAND: GET /session/e87ee5c00bb1e8c61ee38b6c01d07093/screenshot - {}
RESULT: {"using":"xpath","value":"//button[@data-kt=\"saveButton\"]"}
COMMAND: POST /session/e87ee5c00bb1e8c61ee38b6c01d07093/element/f.C39E6AC59F605FD7CA79606EE8A094DD.d.01A4D5C2A553469C3DE52752EF09EA12.e.11887/click - {}
RESULT: {}
RESULT: {}
COMMAND: GET /session/e87ee5c00bb1e8c61ee38b6c01d07093/screenshot - {}
RESULT: {}
COMMAND: POST /session/e87ee5c00bb1e8c61ee38b6c01d07093/execute/async - {"script":"<script> [1562 bytes]","args":[{"selector":{"id":"application-manageconditionprice-display-component---conditions--smartFilterBar-btnBasicSearch","interaction":{"idSuffix":"I"}},"wdio_ui5_key":"applicationmanageconditionprice-display-component---conditions--smartFilterBar-btnBasicSearch"}]}
RESULT: {"script":"<script> [1562 bytes]","args":[{"selector":{"id":"application-manageconditionprice-display-component---conditions--smartFilterBar-btnBasicSearch","interaction":{"idSuffix":"I"}},"wdio_ui5_key":"applicationmanageconditionprice-display-component---conditions--smartFilterBar-btnBasicSearch"}]}
RESULT: undefined
COMMAND: POST /session/e87ee5c00bb1e8c61ee38b6c01d07093/execute/async - {"script":"<script> [776 bytes]","args":[{"enterText":"M4zx7Ih4zj","selector":{"id":"application-manageconditionprice-display-component---conditions--smartFilterBar-btnBasicSearch","interaction":{"idSuffix":"I"}},"clearTextFirst":true,"interactionType":"ENTER_TEXT"}]}
RESULT: {"script":"<script> [776 bytes]","args":[{"enterText":"M4zx7Ih4zj","selector":{"id":"application-manageconditionprice-display-component---conditions--smartFilterBar-btnBasicSearch","interaction":{"idSuffix":"I"}},"clearTextFirst":true,"interactionType":"ENTER_TEXT"}]}
COMMAND: POST /session/e87ee5c00bb1e8c61ee38b6c01d07093/actions - {"actions":[{"id":"action39","type":"key","parameters":{},"actions":[{"type":"keyDown","value":""},{"type":"pause","duration":10},{"type":"keyUp","value":""}]}]}
RESULT: {"actions":[{"id":"action39","type":"key","parameters":{},"actions":[{"type":"keyDown","value":""},{"type":"pause","duration":10},{"type":"keyUp","value":""}]}]}
COMMAND: GET /session/e87ee5c00bb1e8c61ee38b6c01d07093/screenshot - {}
RESULT: {}
COMMAND: POST /session/e87ee5c00bb1e8c61ee38b6c01d07093/execute/async - {"script":"<script> [1562 bytes]","args":[{"selector":{"id":"application-manageconditionprice-display-component---conditions--smartFilterBar-filterItemControl_BASIC-BILL_TYPES-vhi"},"wdio_ui5_key":"applicationmanageconditionprice-display-component---conditions--smartFilterBar-filterItemControl_BASIC-BILL_TYPES-vhi"}]}
RESULT: {"script":"<script> [1562 bytes]","args":[{"selector":{"id":"application-manageconditionprice-display-component---conditions--smartFilterBar-filterItemControl_BASIC-BILL_TYPES-vhi"},"wdio_ui5_key":"applicationmanageconditionprice-display-component---conditions--smartFilterBar-filterItemControl_BASIC-BILL_TYPES-vhi"}]}
RESULT: undefined
COMMAND: POST /session/e87ee5c00bb1e8c61ee38b6c01d07093/element - {"using":"xpath","value":"//*[@id=\"application-manageconditionprice-display-component---conditions--smartFilterBar-filterItemControl_BASIC-BILL_TYPES-vhi\"]"}
RESULT: {"using":"xpath","value":"//*[@id=\"application-manageconditionprice-display-component---conditions--smartFilterBar-filterItemControl_BASIC-BILL_TYPES-vhi\"]"}
COMMAND: POST /session/e87ee5c00bb1e8c61ee38b6c01d07093/element/f.C39E6AC59F605FD7CA79606EE8A094DD.d.01A4D5C2A553469C3DE52752EF09EA12.e.12054/click - {}
RESULT: {}
COMMAND: POST /session/e87ee5c00bb1e8c61ee38b6c01d07093/execute/async - {"script":"<script> [1562 bytes]","args":[{"selector":{"id":"application-manageconditionprice-display-component---conditions--smartFilterBar-filterItemControl_BASIC-BILL_TYPES-valueHelpDialog-smartFilterBar-btnBasicSearch","searchOpenDialogs":true,"interaction":{"idSuffix":"I"}},"wdio_ui5_key":"applicationmanageconditionprice-display-component---conditions--smartFilterBar-filterItemControl_BASIC-BILL_TYPES-valueHelpDialog-smartFilterBar-btnBasicSearch"}]}
COMMAND: GET /session/e87ee5c00bb1e8c61ee38b6c01d07093/screenshot - {}
RESULT: {"script":"<script> [1562 bytes]","args":[{"selector":{"id":"application-manageconditionprice-display-component---conditions--smartFilterBar-filterItemControl_BASIC-BILL_TYPES-valueHelpDialog-smartFilterBar-btnBasicSearch","searchOpenDialogs":true,"interaction":{"idSuffix":"I"}},"wdio_ui5_key":"applicationmanageconditionprice-display-component---conditions--smartFilterBar-filterItemControl_BASIC-BILL_TYPES-valueHelpDialog-smartFilterBar-btnBasicSearch"}]}
RESULT: undefined
COMMAND: POST /session/e87ee5c00bb1e8c61ee38b6c01d07093/execute/async - {"script":"<script> [776 bytes]","args":[{"enterText":"TB","selector":{"id":"application-manageconditionprice-display-component---conditions--smartFilterBar-filterItemControl_BASIC-BILL_TYPES-valueHelpDialog-smartFilterBar-btnBasicSearch","searchOpenDialogs":true,"interaction":{"idSuffix":"I"}},"clearTextFirst":true,"interactionType":"ENTER_TEXT"}]}
RESULT: {}
RESULT: {"script":"<script> [776 bytes]","args":[{"enterText":"TB","selector":{"id":"application-manageconditionprice-display-component---conditions--smartFilterBar-filterItemControl_BASIC-BILL_TYPES-valueHelpDialog-smartFilterBar-btnBasicSearch","searchOpenDialogs":true,"interaction":{"idSuffix":"I"}},"clearTextFirst":true,"interactionType":"ENTER_TEXT"}]}
COMMAND: POST /session/e87ee5c00bb1e8c61ee38b6c01d07093/actions - {"actions":[{"id":"action40","type":"key","parameters":{},"actions":[{"type":"keyDown","value":""},{"type":"pause","duration":10},{"type":"keyUp","value":""}]}]}
RESULT: {"actions":[{"id":"action40","type":"key","parameters":{},"actions":[{"type":"keyDown","value":""},{"type":"pause","duration":10},{"type":"keyUp","value":""}]}]}
COMMAND: GET /session/e87ee5c00bb1e8c61ee38b6c01d07093/screenshot - {}
RESULT: {}
COMMAND: POST /session/e87ee5c00bb1e8c61ee38b6c01d07093/element - {"using":"xpath","value":"//div[contains(@id, 'application-manageconditionprice-display-component---conditions--smartFilterBar-filterItemControl_BASIC-BILL_TYPES-valueHelpDialog-table-rowsel0')]"}
RESULT: {"using":"xpath","value":"//div[contains(@id, 'application-manageconditionprice-display-component---conditions--smartFilterBar-filterItemControl_BASIC-BILL_TYPES-valueHelpDialog-table-rowsel0')]"}
COMMAND: POST /session/e87ee5c00bb1e8c61ee38b6c01d07093/element/f.C39E6AC59F605FD7CA79606EE8A094DD.d.01A4D5C2A553469C3DE52752EF09EA12.e.12063/click - {}
RESULT: {}
COMMAND: GET /session/e87ee5c00bb1e8c61ee38b6c01d07093/screenshot - {}
RESULT: {}
COMMAND: POST /session/e87ee5c00bb1e8c61ee38b6c01d07093/element - {"using":"xpath","value":"//bdi[contains(text(), \"OK\")]"}
RESULT: {"using":"xpath","value":"//bdi[contains(text(), \"OK\")]"}
COMMAND: POST /session/e87ee5c00bb1e8c61ee38b6c01d07093/element/f.C39E6AC59F605FD7CA79606EE8A094DD.d.01A4D5C2A553469C3DE52752EF09EA12.e.12065/click - {}
RESULT: {}
COMMAND: GET /session/e87ee5c00bb1e8c61ee38b6c01d07093/screenshot - {}
RESULT: {}
COMMAND: POST /session/e87ee5c00bb1e8c61ee38b6c01d07093/element - {"using":"xpath","value":"//span[@id=\"application-manageconditionprice-display-component---conditions--smartTable-header-inner\"]"}
RESULT: {"using":"xpath","value":"//span[@id=\"application-manageconditionprice-display-component---conditions--smartTable-header-inner\"]"}
COMMAND: POST /session/e87ee5c00bb1e8c61ee38b6c01d07093/elements - {"using":"xpath","value":"//span[@id=\"application-manageconditionprice-display-component---conditions--smartTable-header-inner\"]"}
RESULT: {"using":"xpath","value":"//span[@id=\"application-manageconditionprice-display-component---conditions--smartTable-header-inner\"]"}
COMMAND: POST /session/e87ee5c00bb1e8c61ee38b6c01d07093/execute/sync - {"script":"<script> [56 bytes]","args":[{"element-6066-11e4-a52e-4f735466cecf":"f.C39E6AC59F605FD7CA79606EE8A094DD.d.01A4D5C2A553469C3DE52752EF09EA12.e.12068","ELEMENT":"f.C39E6AC59F605FD7CA79606EE8A094DD.d.01A4D5C2A553469C3DE52752EF09EA12.e.12068"}]}
RESULT: {"script":"<script> [56 bytes]","args":[{"element-6066-11e4-a52e-4f735466cecf":"f.C39E6AC59F605FD7CA79606EE8A094DD.d.01A4D5C2A553469C3DE52752EF09EA12.e.12068","ELEMENT":"f.C39E6AC59F605FD7CA79606EE8A094DD.d.01A4D5C2A553469C3DE52752EF09EA12.e.12068"}]}
COMMAND: POST /session/e87ee5c00bb1e8c61ee38b6c01d07093/element - {"using":"css selector","value":"#shell-header-logo"}
COMMAND: GET /session/e87ee5c00bb1e8c61ee38b6c01d07093/screenshot - {}
RESULT: {"using":"css selector","value":"#shell-header-logo"}
COMMAND: POST /session/e87ee5c00bb1e8c61ee38b6c01d07093/element/f.C39E6AC59F605FD7CA79606EE8A094DD.d.01A4D5C2A553469C3DE52752EF09EA12.e.11704/click - {}
RESULT: {}
RESULT: {}
COMMAND: GET /session/e87ee5c00bb1e8c61ee38b6c01d07093/screenshot - {}
RESULT: {}
]]></system-out>
    </testcase>
    <testcase classname="chrome.136_0_7103_93.windows.Billing_Transfer_-_Intracompany_US127249" name="Should do a stock increase handover" time="86.53">
      <system-out><![CDATA[
COMMAND: POST /session/e87ee5c00bb1e8c61ee38b6c01d07093/execute/async - {"script":"<script> [1562 bytes]","args":[{"selector":{"controlType":"sap.m.GenericTile","properties":{"header":"Manage Handovers"}},"wdio_ui5_key":"sapm.GenericTile{\"header\":\"Manage Handovers\"}"}]}
RESULT: {"script":"<script> [1562 bytes]","args":[{"selector":{"controlType":"sap.m.GenericTile","properties":{"header":"Manage Handovers"}},"wdio_ui5_key":"sapm.GenericTile{\"header\":\"Manage Handovers\"}"}]}
RESULT: undefined
COMMAND: POST /session/e87ee5c00bb1e8c61ee38b6c01d07093/element - {"using":"xpath","value":"//*[@id=\"__tile132\"]"}
RESULT: {"using":"xpath","value":"//*[@id=\"__tile132\"]"}
COMMAND: POST /session/e87ee5c00bb1e8c61ee38b6c01d07093/element/f.C39E6AC59F605FD7CA79606EE8A094DD.d.01A4D5C2A553469C3DE52752EF09EA12.e.10933/click - {}
RESULT: {}
COMMAND: GET /session/e87ee5c00bb1e8c61ee38b6c01d07093/screenshot - {}
RESULT: {}
COMMAND: POST /session/e87ee5c00bb1e8c61ee38b6c01d07093/elements - {"using":"xpath","value":"//span[text()='Error']"}
RESULT: {"using":"xpath","value":"//span[text()='Error']"}
COMMAND: POST /session/e87ee5c00bb1e8c61ee38b6c01d07093/element - {"using":"xpath","value":"//button[@data-kt=\"masterHOAddButton\"]"}
RESULT: {"using":"xpath","value":"//button[@data-kt=\"masterHOAddButton\"]"}
COMMAND: POST /session/e87ee5c00bb1e8c61ee38b6c01d07093/elements - {"using":"xpath","value":"//button[@data-kt=\"masterHOAddButton\"]"}
RESULT: {"using":"xpath","value":"//button[@data-kt=\"masterHOAddButton\"]"}
COMMAND: POST /session/e87ee5c00bb1e8c61ee38b6c01d07093/execute/sync - {"script":"<script> [8489 bytes]","args":[{"element-6066-11e4-a52e-4f735466cecf":"f.C39E6AC59F605FD7CA79606EE8A094DD.d.01A4D5C2A553469C3DE52752EF09EA12.e.12109","ELEMENT":"f.C39E6AC59F605FD7CA79606EE8A094DD.d.01A4D5C2A553469C3DE52752EF09EA12.e.12109"}]}
RESULT: {"script":"<script> [8489 bytes]","args":[{"element-6066-11e4-a52e-4f735466cecf":"f.C39E6AC59F605FD7CA79606EE8A094DD.d.01A4D5C2A553469C3DE52752EF09EA12.e.12109","ELEMENT":"f.C39E6AC59F605FD7CA79606EE8A094DD.d.01A4D5C2A553469C3DE52752EF09EA12.e.12109"}]}
COMMAND: GET /session/e87ee5c00bb1e8c61ee38b6c01d07093/element/f.C39E6AC59F605FD7CA79606EE8A094DD.d.01A4D5C2A553469C3DE52752EF09EA12.e.12109/enabled - {}
COMMAND: GET /session/e87ee5c00bb1e8c61ee38b6c01d07093/screenshot - {}
RESULT: {}
COMMAND: POST /session/e87ee5c00bb1e8c61ee38b6c01d07093/execute/sync - {"script":"<script> [8489 bytes]","args":[{"element-6066-11e4-a52e-4f735466cecf":"f.C39E6AC59F605FD7CA79606EE8A094DD.d.01A4D5C2A553469C3DE52752EF09EA12.e.12109","ELEMENT":"f.C39E6AC59F605FD7CA79606EE8A094DD.d.01A4D5C2A553469C3DE52752EF09EA12.e.12109"}]}
COMMAND: GET /session/e87ee5c00bb1e8c61ee38b6c01d07093/screenshot - {}
RESULT: {}
RESULT: {"script":"<script> [8489 bytes]","args":[{"element-6066-11e4-a52e-4f735466cecf":"f.C39E6AC59F605FD7CA79606EE8A094DD.d.01A4D5C2A553469C3DE52752EF09EA12.e.12109","ELEMENT":"f.C39E6AC59F605FD7CA79606EE8A094DD.d.01A4D5C2A553469C3DE52752EF09EA12.e.12109"}]}
COMMAND: POST /session/e87ee5c00bb1e8c61ee38b6c01d07093/execute/sync - {"script":"<script> [5351 bytes]","args":[{"element-6066-11e4-a52e-4f735466cecf":"f.C39E6AC59F605FD7CA79606EE8A094DD.d.01A4D5C2A553469C3DE52752EF09EA12.e.12109","ELEMENT":"f.C39E6AC59F605FD7CA79606EE8A094DD.d.01A4D5C2A553469C3DE52752EF09EA12.e.12109"}]}
COMMAND: GET /session/e87ee5c00bb1e8c61ee38b6c01d07093/screenshot - {}
RESULT: {}
RESULT: {"script":"<script> [5351 bytes]","args":[{"element-6066-11e4-a52e-4f735466cecf":"f.C39E6AC59F605FD7CA79606EE8A094DD.d.01A4D5C2A553469C3DE52752EF09EA12.e.12109","ELEMENT":"f.C39E6AC59F605FD7CA79606EE8A094DD.d.01A4D5C2A553469C3DE52752EF09EA12.e.12109"}]}
COMMAND: POST /session/e87ee5c00bb1e8c61ee38b6c01d07093/element/f.C39E6AC59F605FD7CA79606EE8A094DD.d.01A4D5C2A553469C3DE52752EF09EA12.e.12109/click - {}
COMMAND: GET /session/e87ee5c00bb1e8c61ee38b6c01d07093/screenshot - {}
RESULT: {}
RESULT: {}
COMMAND: GET /session/e87ee5c00bb1e8c61ee38b6c01d07093/screenshot - {}
RESULT: {}
COMMAND: POST /session/e87ee5c00bb1e8c61ee38b6c01d07093/element - {"using":"xpath","value":"//span[contains(@id ,\"AddNewHO--typeSelect-arrow\")]"}
RESULT: {}
RESULT: {"using":"xpath","value":"//span[contains(@id ,\"AddNewHO--typeSelect-arrow\")]"}
COMMAND: POST /session/e87ee5c00bb1e8c61ee38b6c01d07093/element/f.C39E6AC59F605FD7CA79606EE8A094DD.d.01A4D5C2A553469C3DE52752EF09EA12.e.12449/click - {}
RESULT: {}
COMMAND: GET /session/e87ee5c00bb1e8c61ee38b6c01d07093/screenshot - {}
RESULT: {}
COMMAND: POST /session/e87ee5c00bb1e8c61ee38b6c01d07093/element - {"using":"xpath","value":"(//li[contains(text(), \"stock increase yard\")])[1]"}
RESULT: {"using":"xpath","value":"(//li[contains(text(), \"stock increase yard\")])[1]"}
COMMAND: POST /session/e87ee5c00bb1e8c61ee38b6c01d07093/element/f.C39E6AC59F605FD7CA79606EE8A094DD.d.01A4D5C2A553469C3DE52752EF09EA12.e.12450/click - {}
RESULT: {}
COMMAND: GET /session/e87ee5c00bb1e8c61ee38b6c01d07093/screenshot - {}
RESULT: {}
COMMAND: POST /session/e87ee5c00bb1e8c61ee38b6c01d07093/execute/async - {"script":"<script> [1562 bytes]","args":[{"selector":{"id":"application-managehandovers-display-component---AddNewHO--dueDate","interaction":{"idSuffix":"inner"}},"wdio_ui5_key":"applicationmanagehandovers-display-component---AddNewHO--dueDate"}]}
RESULT: {"script":"<script> [1562 bytes]","args":[{"selector":{"id":"application-managehandovers-display-component---AddNewHO--dueDate","interaction":{"idSuffix":"inner"}},"wdio_ui5_key":"applicationmanagehandovers-display-component---AddNewHO--dueDate"}]}
RESULT: undefined
COMMAND: POST /session/e87ee5c00bb1e8c61ee38b6c01d07093/execute/async - {"script":"<script> [6424 bytes]","args":[{"element-6066-11e4-a52e-4f735466cecf":"f.C39E6AC59F605FD7CA79606EE8A094DD.d.01A4D5C2A553469C3DE52752EF09EA12.e.12452"},"setValue",["5/25/25"]]}
RESULT: {"script":"<script> [6424 bytes]","args":[{"element-6066-11e4-a52e-4f735466cecf":"f.C39E6AC59F605FD7CA79606EE8A094DD.d.01A4D5C2A553469C3DE52752EF09EA12.e.12452"},"setValue",["5/25/25"]]}
COMMAND: POST /session/e87ee5c00bb1e8c61ee38b6c01d07093/element - {"using":"xpath","value":"//input[@id=\"generalSectionFrg--receiveYard-inner\"]"}
RESULT: {"using":"xpath","value":"//input[@id=\"generalSectionFrg--receiveYard-inner\"]"}
COMMAND: POST /session/e87ee5c00bb1e8c61ee38b6c01d07093/element/f.C39E6AC59F605FD7CA79606EE8A094DD.d.01A4D5C2A553469C3DE52752EF09EA12.e.12458/clear - {}
RESULT: {}
COMMAND: POST /session/e87ee5c00bb1e8c61ee38b6c01d07093/element/f.C39E6AC59F605FD7CA79606EE8A094DD.d.01A4D5C2A553469C3DE52752EF09EA12.e.12458/value - {"text":"284"}
COMMAND: GET /session/e87ee5c00bb1e8c61ee38b6c01d07093/screenshot - {}
RESULT: {"text":"284"}
COMMAND: GET /session/e87ee5c00bb1e8c61ee38b6c01d07093/screenshot - {}
RESULT: {}
RESULT: {}
COMMAND: POST /session/e87ee5c00bb1e8c61ee38b6c01d07093/element - {"using":"xpath","value":"//li[.//span[text()='284']]"}
RESULT: {"using":"xpath","value":"//li[.//span[text()='284']]"}
COMMAND: POST /session/e87ee5c00bb1e8c61ee38b6c01d07093/element/f.C39E6AC59F605FD7CA79606EE8A094DD.d.01A4D5C2A553469C3DE52752EF09EA12.e.12476/click - {}
RESULT: {}
COMMAND: GET /session/e87ee5c00bb1e8c61ee38b6c01d07093/screenshot - {}
RESULT: {}
COMMAND: POST /session/e87ee5c00bb1e8c61ee38b6c01d07093/execute/async - {"script":"<script> [1562 bytes]","args":[{"selector":{"id":"application-managehandovers-display-component---AddNewHO--ObjectPageLayout-anchBar-application-managehandovers-display-component---AddNewHO--section4-anchor","interaction":{"idSuffix":"BDI-content"}},"wdio_ui5_key":"applicationmanagehandovers-display-component---AddNewHO--ObjectPageLayout-anchBar-application-managehandovers-display-component---AddNewHO--section4-anchor"}]}
RESULT: {"script":"<script> [1562 bytes]","args":[{"selector":{"id":"application-managehandovers-display-component---AddNewHO--ObjectPageLayout-anchBar-application-managehandovers-display-component---AddNewHO--section4-anchor","interaction":{"idSuffix":"BDI-content"}},"wdio_ui5_key":"applicationmanagehandovers-display-component---AddNewHO--ObjectPageLayout-anchBar-application-managehandovers-display-component---AddNewHO--section4-anchor"}]}
RESULT: undefined
COMMAND: POST /session/e87ee5c00bb1e8c61ee38b6c01d07093/element - {"using":"xpath","value":"//*[@id=\"application-managehandovers-display-component---AddNewHO--ObjectPageLayout-anchBar-application-managehandovers-display-component---AddNewHO--section4-anchor\"]"}
RESULT: {"using":"xpath","value":"//*[@id=\"application-managehandovers-display-component---AddNewHO--ObjectPageLayout-anchBar-application-managehandovers-display-component---AddNewHO--section4-anchor\"]"}
COMMAND: POST /session/e87ee5c00bb1e8c61ee38b6c01d07093/element/f.C39E6AC59F605FD7CA79606EE8A094DD.d.01A4D5C2A553469C3DE52752EF09EA12.e.12478/click - {}
RESULT: {}
COMMAND: POST /session/e87ee5c00bb1e8c61ee38b6c01d07093/element - {"using":"xpath","value":"//button[@aria-label=\"Add\"]"}
COMMAND: GET /session/e87ee5c00bb1e8c61ee38b6c01d07093/screenshot - {}
RESULT: {"using":"xpath","value":"//button[@aria-label=\"Add\"]"}
COMMAND: POST /session/e87ee5c00bb1e8c61ee38b6c01d07093/element/f.C39E6AC59F605FD7CA79606EE8A094DD.d.01A4D5C2A553469C3DE52752EF09EA12.e.12480/click - {}
RESULT: {}
RESULT: {}
COMMAND: GET /session/e87ee5c00bb1e8c61ee38b6c01d07093/screenshot - {}
RESULT: {}
COMMAND: POST /session/e87ee5c00bb1e8c61ee38b6c01d07093/execute/async - {"script":"<script> [1562 bytes]","args":[{"selector":{"id":"application-managehandovers-display-component---AddNewHO--smartFilterBar-btnBasicSearch","searchOpenDialogs":true,"interaction":{"idSuffix":"I"}},"wdio_ui5_key":"applicationmanagehandovers-display-component---AddNewHO--smartFilterBar-btnBasicSearch"}]}
RESULT: {"script":"<script> [1562 bytes]","args":[{"selector":{"id":"application-managehandovers-display-component---AddNewHO--smartFilterBar-btnBasicSearch","searchOpenDialogs":true,"interaction":{"idSuffix":"I"}},"wdio_ui5_key":"applicationmanagehandovers-display-component---AddNewHO--smartFilterBar-btnBasicSearch"}]}
RESULT: undefined
COMMAND: POST /session/e87ee5c00bb1e8c61ee38b6c01d07093/execute/async - {"script":"<script> [776 bytes]","args":[{"enterText":"M4zx7Ih4zj","selector":{"id":"application-managehandovers-display-component---AddNewHO--smartFilterBar-btnBasicSearch","searchOpenDialogs":true,"interaction":{"idSuffix":"I"}},"clearTextFirst":true,"interactionType":"ENTER_TEXT"}]}
RESULT: {"script":"<script> [776 bytes]","args":[{"enterText":"M4zx7Ih4zj","selector":{"id":"application-managehandovers-display-component---AddNewHO--smartFilterBar-btnBasicSearch","searchOpenDialogs":true,"interaction":{"idSuffix":"I"}},"clearTextFirst":true,"interactionType":"ENTER_TEXT"}]}
COMMAND: POST /session/e87ee5c00bb1e8c61ee38b6c01d07093/actions - {"actions":[{"id":"action41","type":"key","parameters":{},"actions":[{"type":"keyDown","value":""},{"type":"pause","duration":10},{"type":"keyUp","value":""}]}]}
RESULT: {"actions":[{"id":"action41","type":"key","parameters":{},"actions":[{"type":"keyDown","value":""},{"type":"pause","duration":10},{"type":"keyUp","value":""}]}]}
COMMAND: GET /session/e87ee5c00bb1e8c61ee38b6c01d07093/screenshot - {}
RESULT: {}
COMMAND: POST /session/e87ee5c00bb1e8c61ee38b6c01d07093/execute/async - {"script":"<script> [1562 bytes]","args":[{"selector":{"id":"application-managehandovers-display-component---AddNewHO--popup-sa","searchOpenDialogs":true,"interaction":{"idSuffix":"CbBg"}},"wdio_ui5_key":"applicationmanagehandovers-display-component---AddNewHO--popup-sa"}]}
RESULT: {"script":"<script> [1562 bytes]","args":[{"selector":{"id":"application-managehandovers-display-component---AddNewHO--popup-sa","searchOpenDialogs":true,"interaction":{"idSuffix":"CbBg"}},"wdio_ui5_key":"applicationmanagehandovers-display-component---AddNewHO--popup-sa"}]}
RESULT: undefined
COMMAND: POST /session/e87ee5c00bb1e8c61ee38b6c01d07093/element - {"using":"xpath","value":"//*[@id=\"application-managehandovers-display-component---AddNewHO--popup-sa\"]"}
RESULT: {"using":"xpath","value":"//*[@id=\"application-managehandovers-display-component---AddNewHO--popup-sa\"]"}
COMMAND: POST /session/e87ee5c00bb1e8c61ee38b6c01d07093/element/f.C39E6AC59F605FD7CA79606EE8A094DD.d.01A4D5C2A553469C3DE52752EF09EA12.e.12632/click - {}
RESULT: {}
COMMAND: GET /session/e87ee5c00bb1e8c61ee38b6c01d07093/screenshot - {}
RESULT: {}
COMMAND: POST /session/e87ee5c00bb1e8c61ee38b6c01d07093/element - {"using":"xpath","value":"//bdi[contains(text(), \"Select\")]"}
RESULT: {"using":"xpath","value":"//bdi[contains(text(), \"Select\")]"}
COMMAND: POST /session/e87ee5c00bb1e8c61ee38b6c01d07093/element/f.C39E6AC59F605FD7CA79606EE8A094DD.d.01A4D5C2A553469C3DE52752EF09EA12.e.12633/click - {}
RESULT: {}
COMMAND: GET /session/e87ee5c00bb1e8c61ee38b6c01d07093/screenshot - {}
RESULT: {}
COMMAND: POST /session/e87ee5c00bb1e8c61ee38b6c01d07093/element - {"using":"xpath","value":"//button[@data-kt=\"AddNewHOSaveButton\"]"}
RESULT: {"using":"xpath","value":"//button[@data-kt=\"AddNewHOSaveButton\"]"}
COMMAND: POST /session/e87ee5c00bb1e8c61ee38b6c01d07093/element/f.C39E6AC59F605FD7CA79606EE8A094DD.d.01A4D5C2A553469C3DE52752EF09EA12.e.12637/click - {}
RESULT: {}
COMMAND: GET /session/e87ee5c00bb1e8c61ee38b6c01d07093/screenshot - {}
RESULT: {}
COMMAND: POST /session/e87ee5c00bb1e8c61ee38b6c01d07093/execute/async - {"script":"<script> [1562 bytes]","args":[{"selector":{"id":"receiptDatePicker","viewName":"etm.portal.ui.managehandovers.view.DetailExecuteHO","interaction":{"idSuffix":"inner"}},"wdio_ui5_key":"receiptDatePickeretmportal.ui.managehandovers.view.DetailExecuteHO"}]}
RESULT: {"script":"<script> [1562 bytes]","args":[{"selector":{"id":"receiptDatePicker","viewName":"etm.portal.ui.managehandovers.view.DetailExecuteHO","interaction":{"idSuffix":"inner"}},"wdio_ui5_key":"receiptDatePickeretmportal.ui.managehandovers.view.DetailExecuteHO"}]}
RESULT: undefined
COMMAND: POST /session/e87ee5c00bb1e8c61ee38b6c01d07093/execute/async - {"script":"<script> [6424 bytes]","args":[{"element-6066-11e4-a52e-4f735466cecf":"f.C39E6AC59F605FD7CA79606EE8A094DD.d.01A4D5C2A553469C3DE52752EF09EA12.e.12669"},"setValue",["5/25/25"]]}
RESULT: {"script":"<script> [6424 bytes]","args":[{"element-6066-11e4-a52e-4f735466cecf":"f.C39E6AC59F605FD7CA79606EE8A094DD.d.01A4D5C2A553469C3DE52752EF09EA12.e.12669"},"setValue",["5/25/25"]]}
COMMAND: POST /session/e87ee5c00bb1e8c61ee38b6c01d07093/element - {"using":"xpath","value":"//button[@data-kt=\"ReceivingTableConfirmAllButton\"]"}
RESULT: {"using":"xpath","value":"//button[@data-kt=\"ReceivingTableConfirmAllButton\"]"}
COMMAND: POST /session/e87ee5c00bb1e8c61ee38b6c01d07093/element/f.C39E6AC59F605FD7CA79606EE8A094DD.d.01A4D5C2A553469C3DE52752EF09EA12.e.12684/click - {}
RESULT: {}
COMMAND: GET /session/e87ee5c00bb1e8c61ee38b6c01d07093/screenshot - {}
RESULT: {}
COMMAND: POST /session/e87ee5c00bb1e8c61ee38b6c01d07093/element - {"using":"xpath","value":"//bdi[contains(text(), \"OK\")]"}
RESULT: {"using":"xpath","value":"//bdi[contains(text(), \"OK\")]"}
COMMAND: POST /session/e87ee5c00bb1e8c61ee38b6c01d07093/element/f.C39E6AC59F605FD7CA79606EE8A094DD.d.01A4D5C2A553469C3DE52752EF09EA12.e.12687/click - {}
RESULT: {}
COMMAND: GET /session/e87ee5c00bb1e8c61ee38b6c01d07093/screenshot - {}
RESULT: {}
COMMAND: POST /session/e87ee5c00bb1e8c61ee38b6c01d07093/element - {"using":"xpath","value":"(//bdi[contains(text(), \"Receive\")])[2]"}
RESULT: {"using":"xpath","value":"(//bdi[contains(text(), \"Receive\")])[2]"}
COMMAND: POST /session/e87ee5c00bb1e8c61ee38b6c01d07093/element/f.C39E6AC59F605FD7CA79606EE8A094DD.d.01A4D5C2A553469C3DE52752EF09EA12.e.12688/click - {}
RESULT: {}
COMMAND: GET /session/e87ee5c00bb1e8c61ee38b6c01d07093/screenshot - {}
RESULT: {}
COMMAND: POST /session/e87ee5c00bb1e8c61ee38b6c01d07093/element - {"using":"css selector","value":"#shell-header-logo"}
RESULT: {"using":"css selector","value":"#shell-header-logo"}
COMMAND: POST /session/e87ee5c00bb1e8c61ee38b6c01d07093/element/f.C39E6AC59F605FD7CA79606EE8A094DD.d.01A4D5C2A553469C3DE52752EF09EA12.e.12074/click - {}
RESULT: {}
COMMAND: GET /session/e87ee5c00bb1e8c61ee38b6c01d07093/screenshot - {}
RESULT: {}
]]></system-out>
    </testcase>
    <testcase classname="chrome.136_0_7103_93.windows.Billing_Transfer_-_Intracompany_US127249" name="Should create a new contract" time="63.484">
      <system-out><![CDATA[
COMMAND: POST /session/e87ee5c00bb1e8c61ee38b6c01d07093/execute/async - {"script":"<script> [1562 bytes]","args":[{"selector":{"controlType":"sap.m.GenericTile","properties":{"header":"Manage Contracts"}},"wdio_ui5_key":"sapm.GenericTile{\"header\":\"Manage Contracts\"}"}]}
RESULT: {"script":"<script> [1562 bytes]","args":[{"selector":{"controlType":"sap.m.GenericTile","properties":{"header":"Manage Contracts"}},"wdio_ui5_key":"sapm.GenericTile{\"header\":\"Manage Contracts\"}"}]}
RESULT: undefined
COMMAND: POST /session/e87ee5c00bb1e8c61ee38b6c01d07093/element - {"using":"xpath","value":"//*[@id=\"__tile130\"]"}
RESULT: {"using":"xpath","value":"//*[@id=\"__tile130\"]"}
COMMAND: POST /session/e87ee5c00bb1e8c61ee38b6c01d07093/element/f.C39E6AC59F605FD7CA79606EE8A094DD.d.01A4D5C2A553469C3DE52752EF09EA12.e.10922/click - {}
RESULT: {}
COMMAND: GET /session/e87ee5c00bb1e8c61ee38b6c01d07093/screenshot - {}
RESULT: {}
COMMAND: POST /session/e87ee5c00bb1e8c61ee38b6c01d07093/elements - {"using":"xpath","value":"//span[text()='Error']"}
RESULT: {"using":"xpath","value":"//span[text()='Error']"}
COMMAND: POST /session/e87ee5c00bb1e8c61ee38b6c01d07093/element - {"using":"xpath","value":"//button[@data-kt=\"addButton\"]"}
RESULT: {"using":"xpath","value":"//button[@data-kt=\"addButton\"]"}
COMMAND: POST /session/e87ee5c00bb1e8c61ee38b6c01d07093/elements - {"using":"xpath","value":"//button[@data-kt=\"addButton\"]"}
RESULT: {"using":"xpath","value":"//button[@data-kt=\"addButton\"]"}
COMMAND: POST /session/e87ee5c00bb1e8c61ee38b6c01d07093/execute/sync - {"script":"<script> [8489 bytes]","args":[{"element-6066-11e4-a52e-4f735466cecf":"f.C39E6AC59F605FD7CA79606EE8A094DD.d.01A4D5C2A553469C3DE52752EF09EA12.e.12903","ELEMENT":"f.C39E6AC59F605FD7CA79606EE8A094DD.d.01A4D5C2A553469C3DE52752EF09EA12.e.12903"}]}
RESULT: {"script":"<script> [8489 bytes]","args":[{"element-6066-11e4-a52e-4f735466cecf":"f.C39E6AC59F605FD7CA79606EE8A094DD.d.01A4D5C2A553469C3DE52752EF09EA12.e.12903","ELEMENT":"f.C39E6AC59F605FD7CA79606EE8A094DD.d.01A4D5C2A553469C3DE52752EF09EA12.e.12903"}]}
COMMAND: GET /session/e87ee5c00bb1e8c61ee38b6c01d07093/element/f.C39E6AC59F605FD7CA79606EE8A094DD.d.01A4D5C2A553469C3DE52752EF09EA12.e.12903/enabled - {}
COMMAND: GET /session/e87ee5c00bb1e8c61ee38b6c01d07093/screenshot - {}
RESULT: {}
COMMAND: POST /session/e87ee5c00bb1e8c61ee38b6c01d07093/execute/sync - {"script":"<script> [8489 bytes]","args":[{"element-6066-11e4-a52e-4f735466cecf":"f.C39E6AC59F605FD7CA79606EE8A094DD.d.01A4D5C2A553469C3DE52752EF09EA12.e.12903","ELEMENT":"f.C39E6AC59F605FD7CA79606EE8A094DD.d.01A4D5C2A553469C3DE52752EF09EA12.e.12903"}]}
COMMAND: GET /session/e87ee5c00bb1e8c61ee38b6c01d07093/screenshot - {}
RESULT: {}
RESULT: {"script":"<script> [8489 bytes]","args":[{"element-6066-11e4-a52e-4f735466cecf":"f.C39E6AC59F605FD7CA79606EE8A094DD.d.01A4D5C2A553469C3DE52752EF09EA12.e.12903","ELEMENT":"f.C39E6AC59F605FD7CA79606EE8A094DD.d.01A4D5C2A553469C3DE52752EF09EA12.e.12903"}]}
COMMAND: POST /session/e87ee5c00bb1e8c61ee38b6c01d07093/execute/sync - {"script":"<script> [5351 bytes]","args":[{"element-6066-11e4-a52e-4f735466cecf":"f.C39E6AC59F605FD7CA79606EE8A094DD.d.01A4D5C2A553469C3DE52752EF09EA12.e.12903","ELEMENT":"f.C39E6AC59F605FD7CA79606EE8A094DD.d.01A4D5C2A553469C3DE52752EF09EA12.e.12903"}]}
COMMAND: GET /session/e87ee5c00bb1e8c61ee38b6c01d07093/screenshot - {}
RESULT: {}
RESULT: {"script":"<script> [5351 bytes]","args":[{"element-6066-11e4-a52e-4f735466cecf":"f.C39E6AC59F605FD7CA79606EE8A094DD.d.01A4D5C2A553469C3DE52752EF09EA12.e.12903","ELEMENT":"f.C39E6AC59F605FD7CA79606EE8A094DD.d.01A4D5C2A553469C3DE52752EF09EA12.e.12903"}]}
COMMAND: GET /session/e87ee5c00bb1e8c61ee38b6c01d07093/screenshot - {}
RESULT: {}
RESULT: {}
COMMAND: POST /session/e87ee5c00bb1e8c61ee38b6c01d07093/element/f.C39E6AC59F605FD7CA79606EE8A094DD.d.01A4D5C2A553469C3DE52752EF09EA12.e.12903/click - {}
RESULT: {}
COMMAND: GET /session/e87ee5c00bb1e8c61ee38b6c01d07093/screenshot - {}
RESULT: {}
COMMAND: POST /session/e87ee5c00bb1e8c61ee38b6c01d07093/execute/async - {"script":"<script> [1562 bytes]","args":[{"selector":{"id":"application-managecontracts-display-component---AddNewContract--projectDescription","interaction":{"idSuffix":"inner"}},"wdio_ui5_key":"applicationmanagecontracts-display-component---AddNewContract--projectDescription"}]}
RESULT: {"script":"<script> [1562 bytes]","args":[{"selector":{"id":"application-managecontracts-display-component---AddNewContract--projectDescription","interaction":{"idSuffix":"inner"}},"wdio_ui5_key":"applicationmanagecontracts-display-component---AddNewContract--projectDescription"}]}
RESULT: undefined
COMMAND: POST /session/e87ee5c00bb1e8c61ee38b6c01d07093/execute/async - {"script":"<script> [776 bytes]","args":[{"enterText":"Contract WDIO","selector":{"id":"application-managecontracts-display-component---AddNewContract--projectDescription","interaction":{"idSuffix":"inner"}},"clearTextFirst":true,"interactionType":"ENTER_TEXT"}]}
RESULT: {"script":"<script> [776 bytes]","args":[{"enterText":"Contract WDIO","selector":{"id":"application-managecontracts-display-component---AddNewContract--projectDescription","interaction":{"idSuffix":"inner"}},"clearTextFirst":true,"interactionType":"ENTER_TEXT"}]}
COMMAND: POST /session/e87ee5c00bb1e8c61ee38b6c01d07093/element - {"using":"xpath","value":"//input[@id=\"application-managecontracts-display-component---AddNewContract--site-inner\"]"}
RESULT: {"using":"xpath","value":"//input[@id=\"application-managecontracts-display-component---AddNewContract--site-inner\"]"}
COMMAND: POST /session/e87ee5c00bb1e8c61ee38b6c01d07093/element/f.C39E6AC59F605FD7CA79606EE8A094DD.d.01A4D5C2A553469C3DE52752EF09EA12.e.13225/clear - {}
RESULT: {}
COMMAND: POST /session/e87ee5c00bb1e8c61ee38b6c01d07093/element/f.C39E6AC59F605FD7CA79606EE8A094DD.d.01A4D5C2A553469C3DE52752EF09EA12.e.13225/value - {"text":"2120"}
COMMAND: GET /session/e87ee5c00bb1e8c61ee38b6c01d07093/screenshot - {}
RESULT: {"text":"2120"}
COMMAND: GET /session/e87ee5c00bb1e8c61ee38b6c01d07093/screenshot - {}
RESULT: {}
RESULT: {}
COMMAND: POST /session/e87ee5c00bb1e8c61ee38b6c01d07093/element - {"using":"xpath","value":"//li[.//span[text()='2120']]"}
RESULT: {"using":"xpath","value":"//li[.//span[text()='2120']]"}
COMMAND: POST /session/e87ee5c00bb1e8c61ee38b6c01d07093/element/f.C39E6AC59F605FD7CA79606EE8A094DD.d.01A4D5C2A553469C3DE52752EF09EA12.e.13308/click - {}
RESULT: {}
COMMAND: GET /session/e87ee5c00bb1e8c61ee38b6c01d07093/screenshot - {}
RESULT: {}
COMMAND: POST /session/e87ee5c00bb1e8c61ee38b6c01d07093/element - {"using":"xpath","value":"//input[@id=\"application-managecontracts-display-component---AddNewContract--yardId-inner\"]"}
RESULT: {"using":"xpath","value":"//input[@id=\"application-managecontracts-display-component---AddNewContract--yardId-inner\"]"}
COMMAND: GET /session/e87ee5c00bb1e8c61ee38b6c01d07093/element/f.C39E6AC59F605FD7CA79606EE8A094DD.d.01A4D5C2A553469C3DE52752EF09EA12.e.13226/property/value - {}
RESULT: {}
COMMAND: POST /session/e87ee5c00bb1e8c61ee38b6c01d07093/element - {"using":"xpath","value":"//input[@id=\"application-managecontracts-display-component---AddNewContract--customerSelect-inner\"]"}
COMMAND: GET /session/e87ee5c00bb1e8c61ee38b6c01d07093/screenshot - {}
RESULT: {"using":"xpath","value":"//input[@id=\"application-managecontracts-display-component---AddNewContract--customerSelect-inner\"]"}
COMMAND: POST /session/e87ee5c00bb1e8c61ee38b6c01d07093/element/f.C39E6AC59F605FD7CA79606EE8A094DD.d.01A4D5C2A553469C3DE52752EF09EA12.e.13224/clear - {}
RESULT: {}
RESULT: {}
COMMAND: POST /session/e87ee5c00bb1e8c61ee38b6c01d07093/element/f.C39E6AC59F605FD7CA79606EE8A094DD.d.01A4D5C2A553469C3DE52752EF09EA12.e.13224/value - {"text":"1130"}
COMMAND: GET /session/e87ee5c00bb1e8c61ee38b6c01d07093/screenshot - {}
RESULT: {"text":"1130"}
COMMAND: GET /session/e87ee5c00bb1e8c61ee38b6c01d07093/screenshot - {}
RESULT: {}
RESULT: {}
COMMAND: POST /session/e87ee5c00bb1e8c61ee38b6c01d07093/element - {"using":"xpath","value":"//li[.//span[text()='1130']]"}
RESULT: {"using":"xpath","value":"//li[.//span[text()='1130']]"}
COMMAND: POST /session/e87ee5c00bb1e8c61ee38b6c01d07093/element/f.C39E6AC59F605FD7CA79606EE8A094DD.d.01A4D5C2A553469C3DE52752EF09EA12.e.13311/click - {}
RESULT: {}
COMMAND: GET /session/e87ee5c00bb1e8c61ee38b6c01d07093/screenshot - {}
RESULT: {}
COMMAND: POST /session/e87ee5c00bb1e8c61ee38b6c01d07093/element - {"using":"xpath","value":"//button[@data-kt=\"saveButton\"]"}
RESULT: {"using":"xpath","value":"//button[@data-kt=\"saveButton\"]"}
COMMAND: POST /session/e87ee5c00bb1e8c61ee38b6c01d07093/element/f.C39E6AC59F605FD7CA79606EE8A094DD.d.01A4D5C2A553469C3DE52752EF09EA12.e.13301/click - {}
RESULT: {}
COMMAND: GET /session/e87ee5c00bb1e8c61ee38b6c01d07093/screenshot - {}
RESULT: {}
COMMAND: POST /session/e87ee5c00bb1e8c61ee38b6c01d07093/element - {"using":"xpath","value":"//span[contains(@id ,\"contractDetailTitleNoExpanded\")]"}
RESULT: {"using":"xpath","value":"//span[contains(@id ,\"contractDetailTitleNoExpanded\")]"}
COMMAND: POST /session/e87ee5c00bb1e8c61ee38b6c01d07093/elements - {"using":"xpath","value":"//span[contains(@id ,\"contractDetailTitleNoExpanded\")]"}
RESULT: {"using":"xpath","value":"//span[contains(@id ,\"contractDetailTitleNoExpanded\")]"}
COMMAND: POST /session/e87ee5c00bb1e8c61ee38b6c01d07093/execute/sync - {"script":"<script> [56 bytes]","args":[{"element-6066-11e4-a52e-4f735466cecf":"f.C39E6AC59F605FD7CA79606EE8A094DD.d.01A4D5C2A553469C3DE52752EF09EA12.e.13381","ELEMENT":"f.C39E6AC59F605FD7CA79606EE8A094DD.d.01A4D5C2A553469C3DE52752EF09EA12.e.13381"}]}
RESULT: {"script":"<script> [56 bytes]","args":[{"element-6066-11e4-a52e-4f735466cecf":"f.C39E6AC59F605FD7CA79606EE8A094DD.d.01A4D5C2A553469C3DE52752EF09EA12.e.13381","ELEMENT":"f.C39E6AC59F605FD7CA79606EE8A094DD.d.01A4D5C2A553469C3DE52752EF09EA12.e.13381"}]}
COMMAND: GET /session/e87ee5c00bb1e8c61ee38b6c01d07093/screenshot - {}
RESULT: {}
]]></system-out>
    </testcase>
    <testcase classname="chrome.136_0_7103_93.windows.Billing_Transfer_-_Intracompany_US127249" name="Should add equipment to the contract" time="48.208">
      <system-out><![CDATA[
COMMAND: POST /session/e87ee5c00bb1e8c61ee38b6c01d07093/element - {"using":"xpath","value":"//button[@data-kt=\"contractDetailEditBtnButton\"]"}
RESULT: {"using":"xpath","value":"//button[@data-kt=\"contractDetailEditBtnButton\"]"}
COMMAND: POST /session/e87ee5c00bb1e8c61ee38b6c01d07093/element/f.C39E6AC59F605FD7CA79606EE8A094DD.d.01A4D5C2A553469C3DE52752EF09EA12.e.13384/click - {}
RESULT: {}
COMMAND: GET /session/e87ee5c00bb1e8c61ee38b6c01d07093/screenshot - {}
RESULT: {}
COMMAND: POST /session/e87ee5c00bb1e8c61ee38b6c01d07093/element - {"using":"xpath","value":"(//span[contains(text(), \"Additional Addresses\")])[2]"}
RESULT: {"using":"xpath","value":"(//span[contains(text(), \"Additional Addresses\")])[2]"}
COMMAND: POST /session/e87ee5c00bb1e8c61ee38b6c01d07093/element/f.C39E6AC59F605FD7CA79606EE8A094DD.d.01A4D5C2A553469C3DE52752EF09EA12.e.13439/click - {}
RESULT: {}
COMMAND: GET /session/e87ee5c00bb1e8c61ee38b6c01d07093/screenshot - {}
RESULT: {}
COMMAND: POST /session/e87ee5c00bb1e8c61ee38b6c01d07093/element - {"using":"xpath","value":"//button[@data-kt=\"btnAddTableRowOverflowToolbarButton\"]"}
RESULT: {"using":"xpath","value":"//button[@data-kt=\"btnAddTableRowOverflowToolbarButton\"]"}
COMMAND: POST /session/e87ee5c00bb1e8c61ee38b6c01d07093/element/f.C39E6AC59F605FD7CA79606EE8A094DD.d.01A4D5C2A553469C3DE52752EF09EA12.e.13442/click - {}
RESULT: {}
COMMAND: GET /session/e87ee5c00bb1e8c61ee38b6c01d07093/screenshot - {}
RESULT: {}
COMMAND: POST /session/e87ee5c00bb1e8c61ee38b6c01d07093/element - {"using":"xpath","value":"//div[(text() = 'Standard Entry' or . = 'Standard Entry')]"}
RESULT: {"using":"xpath","value":"//div[(text() = 'Standard Entry' or . = 'Standard Entry')]"}
COMMAND: POST /session/e87ee5c00bb1e8c61ee38b6c01d07093/element/f.C39E6AC59F605FD7CA79606EE8A094DD.d.01A4D5C2A553469C3DE52752EF09EA12.e.13444/click - {}
RESULT: {}
COMMAND: GET /session/e87ee5c00bb1e8c61ee38b6c01d07093/screenshot - {}
RESULT: {}
COMMAND: POST /session/e87ee5c00bb1e8c61ee38b6c01d07093/element - {"using":"xpath","value":"//td[7]/div/div/input"}
RESULT: {"using":"xpath","value":"//td[7]/div/div/input"}
COMMAND: POST /session/e87ee5c00bb1e8c61ee38b6c01d07093/element/f.C39E6AC59F605FD7CA79606EE8A094DD.d.01A4D5C2A553469C3DE52752EF09EA12.e.13453/clear - {}
RESULT: {}
COMMAND: POST /session/e87ee5c00bb1e8c61ee38b6c01d07093/element/f.C39E6AC59F605FD7CA79606EE8A094DD.d.01A4D5C2A553469C3DE52752EF09EA12.e.13453/value - {"text":"M4zx7Ih4zj"}
COMMAND: GET /session/e87ee5c00bb1e8c61ee38b6c01d07093/screenshot - {}
RESULT: {"text":"M4zx7Ih4zj"}
COMMAND: GET /session/e87ee5c00bb1e8c61ee38b6c01d07093/screenshot - {}
RESULT: {}
RESULT: {}
COMMAND: POST /session/e87ee5c00bb1e8c61ee38b6c01d07093/actions - {"actions":[{"id":"action42","type":"key","parameters":{},"actions":[{"type":"keyDown","value":""},{"type":"pause","duration":10},{"type":"keyUp","value":""}]}]}
RESULT: {"actions":[{"id":"action42","type":"key","parameters":{},"actions":[{"type":"keyDown","value":""},{"type":"pause","duration":10},{"type":"keyUp","value":""}]}]}
COMMAND: GET /session/e87ee5c00bb1e8c61ee38b6c01d07093/screenshot - {}
RESULT: {}
COMMAND: POST /session/e87ee5c00bb1e8c61ee38b6c01d07093/execute/sync - {"script":"<script> [276 bytes]","args":["No pricing information was found"]}
RESULT: {"script":"<script> [276 bytes]","args":["No pricing information was found"]}
COMMAND: POST /session/e87ee5c00bb1e8c61ee38b6c01d07093/element - {"using":"xpath","value":"(//button[@data-kt=\"saveButton\"])[2]"}
COMMAND: GET /session/e87ee5c00bb1e8c61ee38b6c01d07093/screenshot - {}
RESULT: {"using":"xpath","value":"(//button[@data-kt=\"saveButton\"])[2]"}
COMMAND: POST /session/e87ee5c00bb1e8c61ee38b6c01d07093/element/f.C39E6AC59F605FD7CA79606EE8A094DD.d.01A4D5C2A553469C3DE52752EF09EA12.e.13468/click - {}
RESULT: {}
RESULT: {}
COMMAND: GET /session/e87ee5c00bb1e8c61ee38b6c01d07093/screenshot - {}
RESULT: {}
COMMAND: POST /session/e87ee5c00bb1e8c61ee38b6c01d07093/execute/sync - {"script":"<script> [276 bytes]","args":["Some contract items are having rental validity exceeding header rental validity"]}
RESULT: {"script":"<script> [276 bytes]","args":["Some contract items are having rental validity exceeding header rental validity"]}
COMMAND: GET /session/e87ee5c00bb1e8c61ee38b6c01d07093/screenshot - {}
RESULT: {}
COMMAND: POST /session/e87ee5c00bb1e8c61ee38b6c01d07093/element - {"using":"xpath","value":"//span[contains(@id ,\"contractItemsSmartTable-header-inner\")]"}
RESULT: {"using":"xpath","value":"//span[contains(@id ,\"contractItemsSmartTable-header-inner\")]"}
COMMAND: POST /session/e87ee5c00bb1e8c61ee38b6c01d07093/elements - {"using":"xpath","value":"//span[contains(@id ,\"contractItemsSmartTable-header-inner\")]"}
RESULT: {"using":"xpath","value":"//span[contains(@id ,\"contractItemsSmartTable-header-inner\")]"}
COMMAND: POST /session/e87ee5c00bb1e8c61ee38b6c01d07093/execute/sync - {"script":"<script> [56 bytes]","args":[{"element-6066-11e4-a52e-4f735466cecf":"f.C39E6AC59F605FD7CA79606EE8A094DD.d.01A4D5C2A553469C3DE52752EF09EA12.e.13473","ELEMENT":"f.C39E6AC59F605FD7CA79606EE8A094DD.d.01A4D5C2A553469C3DE52752EF09EA12.e.13473"}]}
RESULT: {"script":"<script> [56 bytes]","args":[{"element-6066-11e4-a52e-4f735466cecf":"f.C39E6AC59F605FD7CA79606EE8A094DD.d.01A4D5C2A553469C3DE52752EF09EA12.e.13473","ELEMENT":"f.C39E6AC59F605FD7CA79606EE8A094DD.d.01A4D5C2A553469C3DE52752EF09EA12.e.13473"}]}
]]></system-out>
    </testcase>
    <testcase classname="chrome.136_0_7103_93.windows.Billing_Transfer_-_Intracompany_US127249" name="Should do a provide to site handover" time="59.059">
      <system-out><![CDATA[
COMMAND: POST /session/e87ee5c00bb1e8c61ee38b6c01d07093/element - {"using":"xpath","value":"//button[@data-kt=\"provideButton\"]"}
COMMAND: GET /session/e87ee5c00bb1e8c61ee38b6c01d07093/screenshot - {}
RESULT: {"using":"xpath","value":"//button[@data-kt=\"provideButton\"]"}
COMMAND: POST /session/e87ee5c00bb1e8c61ee38b6c01d07093/element/f.C39E6AC59F605FD7CA79606EE8A094DD.d.01A4D5C2A553469C3DE52752EF09EA12.e.13474/click - {}
RESULT: {}
RESULT: {}
COMMAND: GET /session/e87ee5c00bb1e8c61ee38b6c01d07093/screenshot - {}
RESULT: {}
RESULT: undefined
COMMAND: POST /session/e87ee5c00bb1e8c61ee38b6c01d07093/execute/async - {"script":"<script> [6424 bytes]","args":[{"element-6066-11e4-a52e-4f735466cecf":"f.C39E6AC59F605FD7CA79606EE8A094DD.d.01A4D5C2A553469C3DE52752EF09EA12.e.12452"},"setValue",["5/25/25"]]}
COMMAND: POST /session/e87ee5c00bb1e8c61ee38b6c01d07093/execute/async - {"script":"<script> [1562 bytes]","args":[{"selector":{"id":"application-managehandovers-display-component---AddNewHO--dueDate","interaction":{"idSuffix":"inner"}},"wdio_ui5_key":"applicationmanagehandovers-display-component---AddNewHO--dueDate"}]}
RESULT: {"script":"<script> [1562 bytes]","args":[{"selector":{"id":"application-managehandovers-display-component---AddNewHO--dueDate","interaction":{"idSuffix":"inner"}},"wdio_ui5_key":"applicationmanagehandovers-display-component---AddNewHO--dueDate"}]}
COMMAND: POST /session/e87ee5c00bb1e8c61ee38b6c01d07093/execute/async - {"script":"<script> [6424 bytes]","args":[{"element-6066-11e4-a52e-4f735466cecf":"f.C39E6AC59F605FD7CA79606EE8A094DD.d.01A4D5C2A553469C3DE52752EF09EA12.e.13531"},"setValue",["5/25/25"]]}
RESULT: {"script":"<script> [6424 bytes]","args":[{"element-6066-11e4-a52e-4f735466cecf":"f.C39E6AC59F605FD7CA79606EE8A094DD.d.01A4D5C2A553469C3DE52752EF09EA12.e.13531"},"setValue",["5/25/25"]]}
COMMAND: POST /session/e87ee5c00bb1e8c61ee38b6c01d07093/element - {"using":"xpath","value":"//bdi[contains(text(), \"Instructions\")]"}
RESULT: {"using":"xpath","value":"//bdi[contains(text(), \"Instructions\")]"}
COMMAND: POST /session/e87ee5c00bb1e8c61ee38b6c01d07093/element/f.C39E6AC59F605FD7CA79606EE8A094DD.d.01A4D5C2A553469C3DE52752EF09EA12.e.13784/click - {}
RESULT: {}
COMMAND: GET /session/e87ee5c00bb1e8c61ee38b6c01d07093/screenshot - {}
RESULT: {}
COMMAND: POST /session/e87ee5c00bb1e8c61ee38b6c01d07093/element - {"using":"xpath","value":"//button[@data-kt=\"AddNewHOProvideAddItemsButton\"]"}
RESULT: {"using":"xpath","value":"//button[@data-kt=\"AddNewHOProvideAddItemsButton\"]"}
COMMAND: POST /session/e87ee5c00bb1e8c61ee38b6c01d07093/element/f.C39E6AC59F605FD7CA79606EE8A094DD.d.01A4D5C2A553469C3DE52752EF09EA12.e.13788/click - {}
RESULT: {}
COMMAND: GET /session/e87ee5c00bb1e8c61ee38b6c01d07093/screenshot - {}
RESULT: {}
RESULT: undefined
COMMAND: POST /session/e87ee5c00bb1e8c61ee38b6c01d07093/element - {"using":"xpath","value":"//*[@id=\"application-managehandovers-display-component---AddNewHO--popup-sa\"]"}
RESULT: {"using":"xpath","value":"//*[@id=\"application-managehandovers-display-component---AddNewHO--popup-sa\"]"}
COMMAND: POST /session/e87ee5c00bb1e8c61ee38b6c01d07093/element/f.C39E6AC59F605FD7CA79606EE8A094DD.d.01A4D5C2A553469C3DE52752EF09EA12.e.13798/click - {}
RESULT: {}
COMMAND: GET /session/e87ee5c00bb1e8c61ee38b6c01d07093/screenshot - {}
RESULT: {}
COMMAND: POST /session/e87ee5c00bb1e8c61ee38b6c01d07093/element - {"using":"xpath","value":"//*[contains(@id ,\"BDI-content\")][contains(text(), \"Select\")]"}
RESULT: {"using":"xpath","value":"//*[contains(@id ,\"BDI-content\")][contains(text(), \"Select\")]"}
COMMAND: POST /session/e87ee5c00bb1e8c61ee38b6c01d07093/element/f.C39E6AC59F605FD7CA79606EE8A094DD.d.01A4D5C2A553469C3DE52752EF09EA12.e.13799/click - {}
RESULT: {}
COMMAND: GET /session/e87ee5c00bb1e8c61ee38b6c01d07093/screenshot - {}
RESULT: {}
COMMAND: POST /session/e87ee5c00bb1e8c61ee38b6c01d07093/execute/async - {"script":"<script> [1562 bytes]","args":[{"selector":{"id":"application-managehandovers-display-component---AddNewHO--confirmCreationButton","interaction":{"idSuffix":"BDI-content"}},"wdio_ui5_key":"applicationmanagehandovers-display-component---AddNewHO--confirmCreationButton"}]}
RESULT: {"script":"<script> [1562 bytes]","args":[{"selector":{"id":"application-managehandovers-display-component---AddNewHO--confirmCreationButton","interaction":{"idSuffix":"BDI-content"}},"wdio_ui5_key":"applicationmanagehandovers-display-component---AddNewHO--confirmCreationButton"}]}
RESULT: undefined
COMMAND: POST /session/e87ee5c00bb1e8c61ee38b6c01d07093/element - {"using":"xpath","value":"//*[@id=\"application-managehandovers-display-component---AddNewHO--confirmCreationButton\"]"}
RESULT: {"using":"xpath","value":"//*[@id=\"application-managehandovers-display-component---AddNewHO--confirmCreationButton\"]"}
COMMAND: POST /session/e87ee5c00bb1e8c61ee38b6c01d07093/element/f.C39E6AC59F605FD7CA79606EE8A094DD.d.01A4D5C2A553469C3DE52752EF09EA12.e.13597/click - {}
RESULT: {}
COMMAND: GET /session/e87ee5c00bb1e8c61ee38b6c01d07093/screenshot - {}
RESULT: {}
COMMAND: POST /session/e87ee5c00bb1e8c61ee38b6c01d07093/execute/async - {"script":"<script> [1562 bytes]","args":[{"selector":{"id":"issueDatePicker","viewName":"etm.portal.ui.managehandovers.view.DetailExecuteHO","interaction":{"idSuffix":"inner"}},"wdio_ui5_key":"issueDatePickeretmportal.ui.managehandovers.view.DetailExecuteHO"}]}
RESULT: {"script":"<script> [1562 bytes]","args":[{"selector":{"id":"issueDatePicker","viewName":"etm.portal.ui.managehandovers.view.DetailExecuteHO","interaction":{"idSuffix":"inner"}},"wdio_ui5_key":"issueDatePickeretmportal.ui.managehandovers.view.DetailExecuteHO"}]}
RESULT: undefined
COMMAND: POST /session/e87ee5c00bb1e8c61ee38b6c01d07093/execute/async - {"script":"<script> [776 bytes]","args":[{"enterText":"5/25/25","selector":{"id":"issueDatePicker","viewName":"etm.portal.ui.managehandovers.view.DetailExecuteHO","interaction":{"idSuffix":"inner"}},"clearTextFirst":true,"interactionType":"ENTER_TEXT"}]}
RESULT: {"script":"<script> [776 bytes]","args":[{"enterText":"5/25/25","selector":{"id":"issueDatePicker","viewName":"etm.portal.ui.managehandovers.view.DetailExecuteHO","interaction":{"idSuffix":"inner"}},"clearTextFirst":true,"interactionType":"ENTER_TEXT"}]}
COMMAND: POST /session/e87ee5c00bb1e8c61ee38b6c01d07093/element - {"using":"xpath","value":"//button[@data-kt=\"PickingTableConfirmAllButton\"]"}
RESULT: {"using":"xpath","value":"//button[@data-kt=\"PickingTableConfirmAllButton\"]"}
COMMAND: POST /session/e87ee5c00bb1e8c61ee38b6c01d07093/element/f.C39E6AC59F605FD7CA79606EE8A094DD.d.01A4D5C2A553469C3DE52752EF09EA12.e.13861/click - {}
RESULT: {}
COMMAND: GET /session/e87ee5c00bb1e8c61ee38b6c01d07093/screenshot - {}
RESULT: {}
COMMAND: POST /session/e87ee5c00bb1e8c61ee38b6c01d07093/element - {"using":"xpath","value":"//bdi[contains(text(), \"OK\")]"}
RESULT: {"using":"xpath","value":"//bdi[contains(text(), \"OK\")]"}
COMMAND: POST /session/e87ee5c00bb1e8c61ee38b6c01d07093/element/f.C39E6AC59F605FD7CA79606EE8A094DD.d.01A4D5C2A553469C3DE52752EF09EA12.e.13864/click - {}
RESULT: {}
COMMAND: GET /session/e87ee5c00bb1e8c61ee38b6c01d07093/screenshot - {}
RESULT: {}
COMMAND: POST /session/e87ee5c00bb1e8c61ee38b6c01d07093/element - {"using":"xpath","value":"//bdi[contains(text(), \"Issue\")]"}
RESULT: {"using":"xpath","value":"//bdi[contains(text(), \"Issue\")]"}
COMMAND: POST /session/e87ee5c00bb1e8c61ee38b6c01d07093/element/f.C39E6AC59F605FD7CA79606EE8A094DD.d.01A4D5C2A553469C3DE52752EF09EA12.e.13866/click - {}
RESULT: {}
COMMAND: GET /session/e87ee5c00bb1e8c61ee38b6c01d07093/screenshot - {}
RESULT: {}
COMMAND: POST /session/e87ee5c00bb1e8c61ee38b6c01d07093/element - {"using":"css selector","value":"#shell-header-logo"}
RESULT: {"using":"css selector","value":"#shell-header-logo"}
COMMAND: POST /session/e87ee5c00bb1e8c61ee38b6c01d07093/element/f.C39E6AC59F605FD7CA79606EE8A094DD.d.01A4D5C2A553469C3DE52752EF09EA12.e.12861/click - {}
RESULT: {}
COMMAND: GET /session/e87ee5c00bb1e8c61ee38b6c01d07093/screenshot - {}
RESULT: {}
]]></system-out>
    </testcase>
    <testcase classname="chrome.136_0_7103_93.windows.Billing_Transfer_-_Intracompany_US127249" name="Should go navigate to Manage Billings and trigger contract calculation check result" time="66.553">
      <system-out><![CDATA[
COMMAND: POST /session/e87ee5c00bb1e8c61ee38b6c01d07093/execute/async - {"script":"<script> [1562 bytes]","args":[{"selector":{"controlType":"sap.m.GenericTile","properties":{"header":"Manage Billings"}},"wdio_ui5_key":"sapm.GenericTile{\"header\":\"Manage Billings\"}"}]}
RESULT: {"script":"<script> [1562 bytes]","args":[{"selector":{"controlType":"sap.m.GenericTile","properties":{"header":"Manage Billings"}},"wdio_ui5_key":"sapm.GenericTile{\"header\":\"Manage Billings\"}"}]}
RESULT: undefined
COMMAND: POST /session/e87ee5c00bb1e8c61ee38b6c01d07093/element - {"using":"xpath","value":"//*[@id=\"__tile91\"]"}
RESULT: {"using":"xpath","value":"//*[@id=\"__tile91\"]"}
COMMAND: POST /session/e87ee5c00bb1e8c61ee38b6c01d07093/element/f.C39E6AC59F605FD7CA79606EE8A094DD.d.01A4D5C2A553469C3DE52752EF09EA12.e.10963/click - {}
RESULT: {}
COMMAND: GET /session/e87ee5c00bb1e8c61ee38b6c01d07093/screenshot - {}
RESULT: {}
COMMAND: POST /session/e87ee5c00bb1e8c61ee38b6c01d07093/elements - {"using":"xpath","value":"//span[text()='Error']"}
RESULT: {"using":"xpath","value":"//span[text()='Error']"}
COMMAND: POST /session/e87ee5c00bb1e8c61ee38b6c01d07093/execute/async - {"script":"<script> [1562 bytes]","args":[{"selector":{"id":"application-managebillings-display-component---billRunCalcResult--smartFilterBar-btnBasicSearch","interaction":{"idSuffix":"I"}},"wdio_ui5_key":"applicationmanagebillings-display-component---billRunCalcResult--smartFilterBar-btnBasicSearch"}]}
RESULT: {"script":"<script> [1562 bytes]","args":[{"selector":{"id":"application-managebillings-display-component---billRunCalcResult--smartFilterBar-btnBasicSearch","interaction":{"idSuffix":"I"}},"wdio_ui5_key":"applicationmanagebillings-display-component---billRunCalcResult--smartFilterBar-btnBasicSearch"}]}
RESULT: undefined
COMMAND: POST /session/e87ee5c00bb1e8c61ee38b6c01d07093/execute/async - {"script":"<script> [776 bytes]","args":[{"enterText":"10216","selector":{"id":"application-managebillings-display-component---billRunCalcResult--smartFilterBar-btnBasicSearch","interaction":{"idSuffix":"I"}},"clearTextFirst":true,"interactionType":"ENTER_TEXT"}]}
RESULT: {"script":"<script> [776 bytes]","args":[{"enterText":"10216","selector":{"id":"application-managebillings-display-component---billRunCalcResult--smartFilterBar-btnBasicSearch","interaction":{"idSuffix":"I"}},"clearTextFirst":true,"interactionType":"ENTER_TEXT"}]}
COMMAND: POST /session/e87ee5c00bb1e8c61ee38b6c01d07093/actions - {"actions":[{"id":"action43","type":"key","parameters":{},"actions":[{"type":"keyDown","value":""},{"type":"pause","duration":10},{"type":"keyUp","value":""}]}]}
RESULT: {"actions":[{"id":"action43","type":"key","parameters":{},"actions":[{"type":"keyDown","value":""},{"type":"pause","duration":10},{"type":"keyUp","value":""}]}]}
COMMAND: GET /session/e87ee5c00bb1e8c61ee38b6c01d07093/screenshot - {}
RESULT: {}
COMMAND: POST /session/e87ee5c00bb1e8c61ee38b6c01d07093/element - {"using":"xpath","value":"//td[@aria-colindex=\"1\"]/div/div[contains(@class, \"sapMCbBg\")]"}
RESULT: {"using":"xpath","value":"//td[@aria-colindex=\"1\"]/div/div[contains(@class, \"sapMCbBg\")]"}
COMMAND: POST /session/e87ee5c00bb1e8c61ee38b6c01d07093/element/f.C39E6AC59F605FD7CA79606EE8A094DD.d.01A4D5C2A553469C3DE52752EF09EA12.e.14462/click - {}
RESULT: {}
COMMAND: GET /session/e87ee5c00bb1e8c61ee38b6c01d07093/screenshot - {}
RESULT: {}
COMMAND: POST /session/e87ee5c00bb1e8c61ee38b6c01d07093/execute/async - {"script":"<script> [1562 bytes]","args":[{"selector":{"id":"application-managebillings-display-component---billRunCalcResult--contractBillRunDate","interaction":{"idSuffix":"inner"}},"wdio_ui5_key":"applicationmanagebillings-display-component---billRunCalcResult--contractBillRunDate"}]}
RESULT: {"script":"<script> [1562 bytes]","args":[{"selector":{"id":"application-managebillings-display-component---billRunCalcResult--contractBillRunDate","interaction":{"idSuffix":"inner"}},"wdio_ui5_key":"applicationmanagebillings-display-component---billRunCalcResult--contractBillRunDate"}]}
RESULT: undefined
COMMAND: POST /session/e87ee5c00bb1e8c61ee38b6c01d07093/execute/async - {"script":"<script> [776 bytes]","args":[{"enterText":"5/25/25","selector":{"id":"application-managebillings-display-component---billRunCalcResult--contractBillRunDate","interaction":{"idSuffix":"inner"}},"clearTextFirst":true,"interactionType":"ENTER_TEXT"}]}
RESULT: {"script":"<script> [776 bytes]","args":[{"enterText":"5/25/25","selector":{"id":"application-managebillings-display-component---billRunCalcResult--contractBillRunDate","interaction":{"idSuffix":"inner"}},"clearTextFirst":true,"interactionType":"ENTER_TEXT"}]}
COMMAND: POST /session/e87ee5c00bb1e8c61ee38b6c01d07093/element - {"using":"xpath","value":"//bdi[contains(text(), \"Trigger Calculation\")]"}
RESULT: {"using":"xpath","value":"//bdi[contains(text(), \"Trigger Calculation\")]"}
COMMAND: POST /session/e87ee5c00bb1e8c61ee38b6c01d07093/element/f.C39E6AC59F605FD7CA79606EE8A094DD.d.01A4D5C2A553469C3DE52752EF09EA12.e.14483/click - {}
RESULT: {}
COMMAND: GET /session/e87ee5c00bb1e8c61ee38b6c01d07093/screenshot - {}
RESULT: {}
COMMAND: POST /session/e87ee5c00bb1e8c61ee38b6c01d07093/element - {"using":"xpath","value":"(//span[contains(@id, \"imgNav\")])[1]"}
RESULT: {"using":"xpath","value":"(//span[contains(@id, \"imgNav\")])[1]"}
COMMAND: POST /session/e87ee5c00bb1e8c61ee38b6c01d07093/element/f.C39E6AC59F605FD7CA79606EE8A094DD.d.01A4D5C2A553469C3DE52752EF09EA12.e.14476/click - {}
RESULT: {}
COMMAND: GET /session/e87ee5c00bb1e8c61ee38b6c01d07093/screenshot - {}
RESULT: {}
COMMAND: POST /session/e87ee5c00bb1e8c61ee38b6c01d07093/element - {"using":"xpath","value":"//tr/td[6]/div[1]/span[1]/span[1]"}
RESULT: {"using":"xpath","value":"//tr/td[6]/div[1]/span[1]/span[1]"}
COMMAND: GET /session/e87ee5c00bb1e8c61ee38b6c01d07093/element/f.C39E6AC59F605FD7CA79606EE8A094DD.d.01A4D5C2A553469C3DE52752EF09EA12.e.14488/text - {}
RESULT: {}
COMMAND: POST /session/e87ee5c00bb1e8c61ee38b6c01d07093/element - {"using":"xpath","value":"(//span[contains(@id, \"imgNav\")])[2]"}
RESULT: {"using":"xpath","value":"(//span[contains(@id, \"imgNav\")])[2]"}
COMMAND: POST /session/e87ee5c00bb1e8c61ee38b6c01d07093/element/f.C39E6AC59F605FD7CA79606EE8A094DD.d.01A4D5C2A553469C3DE52752EF09EA12.e.14489/click - {}
RESULT: {}
COMMAND: POST /session/e87ee5c00bb1e8c61ee38b6c01d07093/element - {"using":"xpath","value":"//bdi[contains(text(), \"Business Confirm\")]"}
COMMAND: GET /session/e87ee5c00bb1e8c61ee38b6c01d07093/screenshot - {}
RESULT: {"using":"xpath","value":"//bdi[contains(text(), \"Business Confirm\")]"}
COMMAND: POST /session/e87ee5c00bb1e8c61ee38b6c01d07093/elements - {"using":"xpath","value":"//bdi[contains(text(), \"Business Confirm\")]"}
RESULT: {}
RESULT: {"using":"xpath","value":"//bdi[contains(text(), \"Business Confirm\")]"}
COMMAND: POST /session/e87ee5c00bb1e8c61ee38b6c01d07093/element - {"using":"xpath","value":"//bdi[contains(text(), \"Business Confirm\")]"}
RESULT: {"using":"xpath","value":"//bdi[contains(text(), \"Business Confirm\")]"}
COMMAND: POST /session/e87ee5c00bb1e8c61ee38b6c01d07093/element/f.C39E6AC59F605FD7CA79606EE8A094DD.d.01A4D5C2A553469C3DE52752EF09EA12.e.14491/click - {}
COMMAND: POST /session/e87ee5c00bb1e8c61ee38b6c01d07093/element - {"using":"xpath","value":"//bdi[contains(text(), \"Business Confirm\")]"}
RESULT: {"using":"xpath","value":"//bdi[contains(text(), \"Business Confirm\")]"}
COMMAND: POST /session/e87ee5c00bb1e8c61ee38b6c01d07093/element/f.C39E6AC59F605FD7CA79606EE8A094DD.d.01A4D5C2A553469C3DE52752EF09EA12.e.14491/click - {}
COMMAND: POST /session/e87ee5c00bb1e8c61ee38b6c01d07093/element - {"using":"xpath","value":"//bdi[contains(text(), \"Business Confirm\")]"}
RESULT: {"using":"xpath","value":"//bdi[contains(text(), \"Business Confirm\")]"}
COMMAND: POST /session/e87ee5c00bb1e8c61ee38b6c01d07093/element/f.C39E6AC59F605FD7CA79606EE8A094DD.d.01A4D5C2A553469C3DE52752EF09EA12.e.14544/click - {}
RESULT: {}
COMMAND: POST /session/e87ee5c00bb1e8c61ee38b6c01d07093/element - {"using":"css selector","value":"#shell-header-logo"}
COMMAND: GET /session/e87ee5c00bb1e8c61ee38b6c01d07093/screenshot - {}
RESULT: {"using":"css selector","value":"#shell-header-logo"}
COMMAND: POST /session/e87ee5c00bb1e8c61ee38b6c01d07093/element/f.C39E6AC59F605FD7CA79606EE8A094DD.d.01A4D5C2A553469C3DE52752EF09EA12.e.14230/click - {}
RESULT: {}
RESULT: {}
COMMAND: GET /session/e87ee5c00bb1e8c61ee38b6c01d07093/screenshot - {}
RESULT: {}
]]></system-out>
    </testcase>
    <testcase classname="chrome.136_0_7103_93.windows.Billing_Transfer_-_Intracompany_US127249" name="Should navigate to billing transfer and invoice the contract" time="81.984">
      <system-out><![CDATA[
COMMAND: POST /session/e87ee5c00bb1e8c61ee38b6c01d07093/execute/async - {"script":"<script> [1562 bytes]","args":[{"selector":{"controlType":"sap.m.GenericTile","properties":{"header":"Billing Transfer"}},"wdio_ui5_key":"sapm.GenericTile{\"header\":\"Billing Transfer\"}"}]}
RESULT: {"script":"<script> [1562 bytes]","args":[{"selector":{"controlType":"sap.m.GenericTile","properties":{"header":"Billing Transfer"}},"wdio_ui5_key":"sapm.GenericTile{\"header\":\"Billing Transfer\"}"}]}
RESULT: undefined
COMMAND: POST /session/e87ee5c00bb1e8c61ee38b6c01d07093/element - {"using":"xpath","value":"//*[@id=\"__tile90\"]"}
RESULT: {"using":"xpath","value":"//*[@id=\"__tile90\"]"}
COMMAND: POST /session/e87ee5c00bb1e8c61ee38b6c01d07093/element/f.C39E6AC59F605FD7CA79606EE8A094DD.d.01A4D5C2A553469C3DE52752EF09EA12.e.10960/click - {}
RESULT: {}
COMMAND: GET /session/e87ee5c00bb1e8c61ee38b6c01d07093/screenshot - {}
RESULT: {}
COMMAND: POST /session/e87ee5c00bb1e8c61ee38b6c01d07093/elements - {"using":"xpath","value":"//span[text()='Error']"}
RESULT: {"using":"xpath","value":"//span[text()='Error']"}
COMMAND: POST /session/e87ee5c00bb1e8c61ee38b6c01d07093/element - {"using":"xpath","value":"//input[contains(@id ,\"application-billingtransfer-display-component---billingWorkbench--smartFilterBar-btnBasicSearch\")]"}
RESULT: {"using":"xpath","value":"//input[contains(@id ,\"application-billingtransfer-display-component---billingWorkbench--smartFilterBar-btnBasicSearch\")]"}
COMMAND: POST /session/e87ee5c00bb1e8c61ee38b6c01d07093/elements - {"using":"xpath","value":"//input[contains(@id ,\"application-billingtransfer-display-component---billingWorkbench--smartFilterBar-btnBasicSearch\")]"}
RESULT: {"using":"xpath","value":"//input[contains(@id ,\"application-billingtransfer-display-component---billingWorkbench--smartFilterBar-btnBasicSearch\")]"}
COMMAND: POST /session/e87ee5c00bb1e8c61ee38b6c01d07093/execute/sync - {"script":"<script> [8489 bytes]","args":[{"element-6066-11e4-a52e-4f735466cecf":"f.C39E6AC59F605FD7CA79606EE8A094DD.d.01A4D5C2A553469C3DE52752EF09EA12.e.14571","ELEMENT":"f.C39E6AC59F605FD7CA79606EE8A094DD.d.01A4D5C2A553469C3DE52752EF09EA12.e.14571"}]}
RESULT: {"script":"<script> [8489 bytes]","args":[{"element-6066-11e4-a52e-4f735466cecf":"f.C39E6AC59F605FD7CA79606EE8A094DD.d.01A4D5C2A553469C3DE52752EF09EA12.e.14571","ELEMENT":"f.C39E6AC59F605FD7CA79606EE8A094DD.d.01A4D5C2A553469C3DE52752EF09EA12.e.14571"}]}
COMMAND: GET /session/e87ee5c00bb1e8c61ee38b6c01d07093/element/f.C39E6AC59F605FD7CA79606EE8A094DD.d.01A4D5C2A553469C3DE52752EF09EA12.e.14571/enabled - {}
COMMAND: GET /session/e87ee5c00bb1e8c61ee38b6c01d07093/screenshot - {}
RESULT: {}
COMMAND: POST /session/e87ee5c00bb1e8c61ee38b6c01d07093/element/f.C39E6AC59F605FD7CA79606EE8A094DD.d.01A4D5C2A553469C3DE52752EF09EA12.e.14571/click - {}
COMMAND: GET /session/e87ee5c00bb1e8c61ee38b6c01d07093/screenshot - {}
RESULT: {}
RESULT: {}
COMMAND: GET /session/e87ee5c00bb1e8c61ee38b6c01d07093/screenshot - {}
RESULT: {}
RESULT: {}
COMMAND: POST /session/e87ee5c00bb1e8c61ee38b6c01d07093/element/f.C39E6AC59F605FD7CA79606EE8A094DD.d.01A4D5C2A553469C3DE52752EF09EA12.e.14571/clear - {}
RESULT: {}
COMMAND: POST /session/e87ee5c00bb1e8c61ee38b6c01d07093/element/f.C39E6AC59F605FD7CA79606EE8A094DD.d.01A4D5C2A553469C3DE52752EF09EA12.e.14571/value - {"text":"10216"}
COMMAND: GET /session/e87ee5c00bb1e8c61ee38b6c01d07093/screenshot - {}
RESULT: {"text":"10216"}
COMMAND: POST /session/e87ee5c00bb1e8c61ee38b6c01d07093/actions - {"actions":[{"id":"action44","type":"key","parameters":{},"actions":[{"type":"keyDown","value":""},{"type":"pause","duration":10},{"type":"keyUp","value":""}]}]}
COMMAND: GET /session/e87ee5c00bb1e8c61ee38b6c01d07093/screenshot - {}
RESULT: {}
RESULT: {"actions":[{"id":"action44","type":"key","parameters":{},"actions":[{"type":"keyDown","value":""},{"type":"pause","duration":10},{"type":"keyUp","value":""}]}]}
COMMAND: GET /session/e87ee5c00bb1e8c61ee38b6c01d07093/screenshot - {}
RESULT: {}
RESULT: {}
COMMAND: POST /session/e87ee5c00bb1e8c61ee38b6c01d07093/element - {"using":"xpath","value":"//span[contains(@id ,\"application-billingtransfer-display-component---billingWorkbench--smartTableBillingRuns-header-inner\")]"}
RESULT: {"using":"xpath","value":"//span[contains(@id ,\"application-billingtransfer-display-component---billingWorkbench--smartTableBillingRuns-header-inner\")]"}
COMMAND: POST /session/e87ee5c00bb1e8c61ee38b6c01d07093/elements - {"using":"xpath","value":"//span[contains(@id ,\"application-billingtransfer-display-component---billingWorkbench--smartTableBillingRuns-header-inner\")]"}
RESULT: {"using":"xpath","value":"//span[contains(@id ,\"application-billingtransfer-display-component---billingWorkbench--smartTableBillingRuns-header-inner\")]"}
COMMAND: POST /session/e87ee5c00bb1e8c61ee38b6c01d07093/execute/sync - {"script":"<script> [56 bytes]","args":[{"element-6066-11e4-a52e-4f735466cecf":"f.C39E6AC59F605FD7CA79606EE8A094DD.d.01A4D5C2A553469C3DE52752EF09EA12.e.14809","ELEMENT":"f.C39E6AC59F605FD7CA79606EE8A094DD.d.01A4D5C2A553469C3DE52752EF09EA12.e.14809"}]}
RESULT: {"script":"<script> [56 bytes]","args":[{"element-6066-11e4-a52e-4f735466cecf":"f.C39E6AC59F605FD7CA79606EE8A094DD.d.01A4D5C2A553469C3DE52752EF09EA12.e.14809","ELEMENT":"f.C39E6AC59F605FD7CA79606EE8A094DD.d.01A4D5C2A553469C3DE52752EF09EA12.e.14809"}]}
COMMAND: POST /session/e87ee5c00bb1e8c61ee38b6c01d07093/element - {"using":"xpath","value":"//td[@aria-colindex=\"1\"]/div/div[contains(@class, \"sapMCbBg\")]"}
COMMAND: GET /session/e87ee5c00bb1e8c61ee38b6c01d07093/screenshot - {}
RESULT: {"using":"xpath","value":"//td[@aria-colindex=\"1\"]/div/div[contains(@class, \"sapMCbBg\")]"}
COMMAND: POST /session/e87ee5c00bb1e8c61ee38b6c01d07093/element/f.C39E6AC59F605FD7CA79606EE8A094DD.d.01A4D5C2A553469C3DE52752EF09EA12.e.14714/click - {}
RESULT: {}
RESULT: {}
COMMAND: GET /session/e87ee5c00bb1e8c61ee38b6c01d07093/screenshot - {}
RESULT: {}
COMMAND: POST /session/e87ee5c00bb1e8c61ee38b6c01d07093/element - {"using":"xpath","value":"//bdi[contains(text(), \"Check\")]"}
RESULT: {"using":"xpath","value":"//bdi[contains(text(), \"Check\")]"}
COMMAND: POST /session/e87ee5c00bb1e8c61ee38b6c01d07093/element/f.C39E6AC59F605FD7CA79606EE8A094DD.d.01A4D5C2A553469C3DE52752EF09EA12.e.14810/click - {}
RESULT: {}
COMMAND: GET /session/e87ee5c00bb1e8c61ee38b6c01d07093/screenshot - {}
RESULT: {}
COMMAND: POST /session/e87ee5c00bb1e8c61ee38b6c01d07093/element - {"using":"xpath","value":"//bdi[contains(text(), \"OK\")]"}
RESULT: {"using":"xpath","value":"//bdi[contains(text(), \"OK\")]"}
COMMAND: POST /session/e87ee5c00bb1e8c61ee38b6c01d07093/element/f.C39E6AC59F605FD7CA79606EE8A094DD.d.01A4D5C2A553469C3DE52752EF09EA12.e.14813/click - {}
RESULT: {}
COMMAND: GET /session/e87ee5c00bb1e8c61ee38b6c01d07093/screenshot - {}
RESULT: {}
COMMAND: POST /session/e87ee5c00bb1e8c61ee38b6c01d07093/element - {"using":"xpath","value":"(//span[contains(text(), \"CO/SD checked\")]/parent::div/preceding-sibling::div/span)[1]"}
RESULT: {"using":"xpath","value":"(//span[contains(text(), \"CO/SD checked\")]/parent::div/preceding-sibling::div/span)[1]"}
COMMAND: POST /session/e87ee5c00bb1e8c61ee38b6c01d07093/element/f.C39E6AC59F605FD7CA79606EE8A094DD.d.01A4D5C2A553469C3DE52752EF09EA12.e.14823/click - {}
RESULT: {}
COMMAND: GET /session/e87ee5c00bb1e8c61ee38b6c01d07093/screenshot - {}
RESULT: {}
COMMAND: POST /session/e87ee5c00bb1e8c61ee38b6c01d07093/element - {"using":"xpath","value":"//input[contains(@id ,\"application-billingtransfer-display-component---billingWorkbench--smartFilterBar-btnBasicSearch\")]"}
RESULT: {"using":"xpath","value":"//input[contains(@id ,\"application-billingtransfer-display-component---billingWorkbench--smartFilterBar-btnBasicSearch\")]"}
COMMAND: POST /session/e87ee5c00bb1e8c61ee38b6c01d07093/elements - {"using":"xpath","value":"//input[contains(@id ,\"application-billingtransfer-display-component---billingWorkbench--smartFilterBar-btnBasicSearch\")]"}
RESULT: {"using":"xpath","value":"//input[contains(@id ,\"application-billingtransfer-display-component---billingWorkbench--smartFilterBar-btnBasicSearch\")]"}
COMMAND: POST /session/e87ee5c00bb1e8c61ee38b6c01d07093/execute/sync - {"script":"<script> [8489 bytes]","args":[{"element-6066-11e4-a52e-4f735466cecf":"f.C39E6AC59F605FD7CA79606EE8A094DD.d.01A4D5C2A553469C3DE52752EF09EA12.e.14571","ELEMENT":"f.C39E6AC59F605FD7CA79606EE8A094DD.d.01A4D5C2A553469C3DE52752EF09EA12.e.14571"}]}
RESULT: {"script":"<script> [8489 bytes]","args":[{"element-6066-11e4-a52e-4f735466cecf":"f.C39E6AC59F605FD7CA79606EE8A094DD.d.01A4D5C2A553469C3DE52752EF09EA12.e.14571","ELEMENT":"f.C39E6AC59F605FD7CA79606EE8A094DD.d.01A4D5C2A553469C3DE52752EF09EA12.e.14571"}]}
COMMAND: GET /session/e87ee5c00bb1e8c61ee38b6c01d07093/element/f.C39E6AC59F605FD7CA79606EE8A094DD.d.01A4D5C2A553469C3DE52752EF09EA12.e.14571/enabled - {}
COMMAND: GET /session/e87ee5c00bb1e8c61ee38b6c01d07093/screenshot - {}
RESULT: {}
COMMAND: POST /session/e87ee5c00bb1e8c61ee38b6c01d07093/element/f.C39E6AC59F605FD7CA79606EE8A094DD.d.01A4D5C2A553469C3DE52752EF09EA12.e.14571/click - {}
COMMAND: GET /session/e87ee5c00bb1e8c61ee38b6c01d07093/screenshot - {}
RESULT: {}
RESULT: {}
COMMAND: GET /session/e87ee5c00bb1e8c61ee38b6c01d07093/screenshot - {}
RESULT: {}
RESULT: {}
COMMAND: POST /session/e87ee5c00bb1e8c61ee38b6c01d07093/element/f.C39E6AC59F605FD7CA79606EE8A094DD.d.01A4D5C2A553469C3DE52752EF09EA12.e.14571/clear - {}
RESULT: {}
COMMAND: POST /session/e87ee5c00bb1e8c61ee38b6c01d07093/element/f.C39E6AC59F605FD7CA79606EE8A094DD.d.01A4D5C2A553469C3DE52752EF09EA12.e.14571/value - {"text":"10216"}
COMMAND: GET /session/e87ee5c00bb1e8c61ee38b6c01d07093/screenshot - {}
RESULT: {"text":"10216"}
COMMAND: POST /session/e87ee5c00bb1e8c61ee38b6c01d07093/actions - {"actions":[{"id":"action45","type":"key","parameters":{},"actions":[{"type":"keyDown","value":""},{"type":"pause","duration":10},{"type":"keyUp","value":""}]}]}
COMMAND: GET /session/e87ee5c00bb1e8c61ee38b6c01d07093/screenshot - {}
RESULT: {}
RESULT: {}
RESULT: {"actions":[{"id":"action45","type":"key","parameters":{},"actions":[{"type":"keyDown","value":""},{"type":"pause","duration":10},{"type":"keyUp","value":""}]}]}
COMMAND: GET /session/e87ee5c00bb1e8c61ee38b6c01d07093/screenshot - {}
RESULT: {}
COMMAND: POST /session/e87ee5c00bb1e8c61ee38b6c01d07093/element - {"using":"xpath","value":"//span[contains(@id ,\"application-billingtransfer-display-component---billingWorkbench--smartTableBillingRuns-header-inner\")]"}
RESULT: {"using":"xpath","value":"//span[contains(@id ,\"application-billingtransfer-display-component---billingWorkbench--smartTableBillingRuns-header-inner\")]"}
COMMAND: POST /session/e87ee5c00bb1e8c61ee38b6c01d07093/elements - {"using":"xpath","value":"//span[contains(@id ,\"application-billingtransfer-display-component---billingWorkbench--smartTableBillingRuns-header-inner\")]"}
RESULT: {"using":"xpath","value":"//span[contains(@id ,\"application-billingtransfer-display-component---billingWorkbench--smartTableBillingRuns-header-inner\")]"}
COMMAND: POST /session/e87ee5c00bb1e8c61ee38b6c01d07093/execute/sync - {"script":"<script> [56 bytes]","args":[{"element-6066-11e4-a52e-4f735466cecf":"f.C39E6AC59F605FD7CA79606EE8A094DD.d.01A4D5C2A553469C3DE52752EF09EA12.e.14809","ELEMENT":"f.C39E6AC59F605FD7CA79606EE8A094DD.d.01A4D5C2A553469C3DE52752EF09EA12.e.14809"}]}
RESULT: {"script":"<script> [56 bytes]","args":[{"element-6066-11e4-a52e-4f735466cecf":"f.C39E6AC59F605FD7CA79606EE8A094DD.d.01A4D5C2A553469C3DE52752EF09EA12.e.14809","ELEMENT":"f.C39E6AC59F605FD7CA79606EE8A094DD.d.01A4D5C2A553469C3DE52752EF09EA12.e.14809"}]}
COMMAND: GET /session/e87ee5c00bb1e8c61ee38b6c01d07093/screenshot - {}
RESULT: {}
COMMAND: POST /session/e87ee5c00bb1e8c61ee38b6c01d07093/execute/sync - {"script":"<script> [56 bytes]","args":[{"element-6066-11e4-a52e-4f735466cecf":"f.C39E6AC59F605FD7CA79606EE8A094DD.d.01A4D5C2A553469C3DE52752EF09EA12.e.14809","ELEMENT":"f.C39E6AC59F605FD7CA79606EE8A094DD.d.01A4D5C2A553469C3DE52752EF09EA12.e.14809"}]}
RESULT: {"script":"<script> [56 bytes]","args":[{"element-6066-11e4-a52e-4f735466cecf":"f.C39E6AC59F605FD7CA79606EE8A094DD.d.01A4D5C2A553469C3DE52752EF09EA12.e.14809","ELEMENT":"f.C39E6AC59F605FD7CA79606EE8A094DD.d.01A4D5C2A553469C3DE52752EF09EA12.e.14809"}]}
COMMAND: GET /session/e87ee5c00bb1e8c61ee38b6c01d07093/screenshot - {}
RESULT: {}
COMMAND: POST /session/e87ee5c00bb1e8c61ee38b6c01d07093/execute/sync - {"script":"<script> [56 bytes]","args":[{"element-6066-11e4-a52e-4f735466cecf":"f.C39E6AC59F605FD7CA79606EE8A094DD.d.01A4D5C2A553469C3DE52752EF09EA12.e.14809","ELEMENT":"f.C39E6AC59F605FD7CA79606EE8A094DD.d.01A4D5C2A553469C3DE52752EF09EA12.e.14809"}]}
RESULT: {"script":"<script> [56 bytes]","args":[{"element-6066-11e4-a52e-4f735466cecf":"f.C39E6AC59F605FD7CA79606EE8A094DD.d.01A4D5C2A553469C3DE52752EF09EA12.e.14809","ELEMENT":"f.C39E6AC59F605FD7CA79606EE8A094DD.d.01A4D5C2A553469C3DE52752EF09EA12.e.14809"}]}
COMMAND: GET /session/e87ee5c00bb1e8c61ee38b6c01d07093/screenshot - {}
RESULT: {}
COMMAND: POST /session/e87ee5c00bb1e8c61ee38b6c01d07093/execute/sync - {"script":"<script> [56 bytes]","args":[{"element-6066-11e4-a52e-4f735466cecf":"f.C39E6AC59F605FD7CA79606EE8A094DD.d.01A4D5C2A553469C3DE52752EF09EA12.e.14809","ELEMENT":"f.C39E6AC59F605FD7CA79606EE8A094DD.d.01A4D5C2A553469C3DE52752EF09EA12.e.14809"}]}
RESULT: {"script":"<script> [56 bytes]","args":[{"element-6066-11e4-a52e-4f735466cecf":"f.C39E6AC59F605FD7CA79606EE8A094DD.d.01A4D5C2A553469C3DE52752EF09EA12.e.14809","ELEMENT":"f.C39E6AC59F605FD7CA79606EE8A094DD.d.01A4D5C2A553469C3DE52752EF09EA12.e.14809"}]}
COMMAND: GET /session/e87ee5c00bb1e8c61ee38b6c01d07093/screenshot - {}
RESULT: {}
COMMAND: POST /session/e87ee5c00bb1e8c61ee38b6c01d07093/execute/sync - {"script":"<script> [56 bytes]","args":[{"element-6066-11e4-a52e-4f735466cecf":"f.C39E6AC59F605FD7CA79606EE8A094DD.d.01A4D5C2A553469C3DE52752EF09EA12.e.14809","ELEMENT":"f.C39E6AC59F605FD7CA79606EE8A094DD.d.01A4D5C2A553469C3DE52752EF09EA12.e.14809"}]}
RESULT: {"script":"<script> [56 bytes]","args":[{"element-6066-11e4-a52e-4f735466cecf":"f.C39E6AC59F605FD7CA79606EE8A094DD.d.01A4D5C2A553469C3DE52752EF09EA12.e.14809","ELEMENT":"f.C39E6AC59F605FD7CA79606EE8A094DD.d.01A4D5C2A553469C3DE52752EF09EA12.e.14809"}]}
COMMAND: GET /session/e87ee5c00bb1e8c61ee38b6c01d07093/screenshot - {}
RESULT: {}
COMMAND: POST /session/e87ee5c00bb1e8c61ee38b6c01d07093/execute/sync - {"script":"<script> [56 bytes]","args":[{"element-6066-11e4-a52e-4f735466cecf":"f.C39E6AC59F605FD7CA79606EE8A094DD.d.01A4D5C2A553469C3DE52752EF09EA12.e.14809","ELEMENT":"f.C39E6AC59F605FD7CA79606EE8A094DD.d.01A4D5C2A553469C3DE52752EF09EA12.e.14809"}]}
RESULT: {"script":"<script> [56 bytes]","args":[{"element-6066-11e4-a52e-4f735466cecf":"f.C39E6AC59F605FD7CA79606EE8A094DD.d.01A4D5C2A553469C3DE52752EF09EA12.e.14809","ELEMENT":"f.C39E6AC59F605FD7CA79606EE8A094DD.d.01A4D5C2A553469C3DE52752EF09EA12.e.14809"}]}
COMMAND: GET /session/e87ee5c00bb1e8c61ee38b6c01d07093/screenshot - {}
RESULT: {}
COMMAND: POST /session/e87ee5c00bb1e8c61ee38b6c01d07093/execute/sync - {"script":"<script> [56 bytes]","args":[{"element-6066-11e4-a52e-4f735466cecf":"f.C39E6AC59F605FD7CA79606EE8A094DD.d.01A4D5C2A553469C3DE52752EF09EA12.e.14809","ELEMENT":"f.C39E6AC59F605FD7CA79606EE8A094DD.d.01A4D5C2A553469C3DE52752EF09EA12.e.14809"}]}
RESULT: {"script":"<script> [56 bytes]","args":[{"element-6066-11e4-a52e-4f735466cecf":"f.C39E6AC59F605FD7CA79606EE8A094DD.d.01A4D5C2A553469C3DE52752EF09EA12.e.14809","ELEMENT":"f.C39E6AC59F605FD7CA79606EE8A094DD.d.01A4D5C2A553469C3DE52752EF09EA12.e.14809"}]}
COMMAND: GET /session/e87ee5c00bb1e8c61ee38b6c01d07093/screenshot - {}
RESULT: {}
COMMAND: POST /session/e87ee5c00bb1e8c61ee38b6c01d07093/execute/sync - {"script":"<script> [56 bytes]","args":[{"element-6066-11e4-a52e-4f735466cecf":"f.C39E6AC59F605FD7CA79606EE8A094DD.d.01A4D5C2A553469C3DE52752EF09EA12.e.14809","ELEMENT":"f.C39E6AC59F605FD7CA79606EE8A094DD.d.01A4D5C2A553469C3DE52752EF09EA12.e.14809"}]}
RESULT: {"script":"<script> [56 bytes]","args":[{"element-6066-11e4-a52e-4f735466cecf":"f.C39E6AC59F605FD7CA79606EE8A094DD.d.01A4D5C2A553469C3DE52752EF09EA12.e.14809","ELEMENT":"f.C39E6AC59F605FD7CA79606EE8A094DD.d.01A4D5C2A553469C3DE52752EF09EA12.e.14809"}]}
COMMAND: GET /session/e87ee5c00bb1e8c61ee38b6c01d07093/screenshot - {}
RESULT: {}
COMMAND: POST /session/e87ee5c00bb1e8c61ee38b6c01d07093/execute/sync - {"script":"<script> [56 bytes]","args":[{"element-6066-11e4-a52e-4f735466cecf":"f.C39E6AC59F605FD7CA79606EE8A094DD.d.01A4D5C2A553469C3DE52752EF09EA12.e.14809","ELEMENT":"f.C39E6AC59F605FD7CA79606EE8A094DD.d.01A4D5C2A553469C3DE52752EF09EA12.e.14809"}]}
RESULT: {"script":"<script> [56 bytes]","args":[{"element-6066-11e4-a52e-4f735466cecf":"f.C39E6AC59F605FD7CA79606EE8A094DD.d.01A4D5C2A553469C3DE52752EF09EA12.e.14809","ELEMENT":"f.C39E6AC59F605FD7CA79606EE8A094DD.d.01A4D5C2A553469C3DE52752EF09EA12.e.14809"}]}
COMMAND: GET /session/e87ee5c00bb1e8c61ee38b6c01d07093/screenshot - {}
RESULT: {}
COMMAND: POST /session/e87ee5c00bb1e8c61ee38b6c01d07093/execute/sync - {"script":"<script> [56 bytes]","args":[{"element-6066-11e4-a52e-4f735466cecf":"f.C39E6AC59F605FD7CA79606EE8A094DD.d.01A4D5C2A553469C3DE52752EF09EA12.e.14809","ELEMENT":"f.C39E6AC59F605FD7CA79606EE8A094DD.d.01A4D5C2A553469C3DE52752EF09EA12.e.14809"}]}
RESULT: {"script":"<script> [56 bytes]","args":[{"element-6066-11e4-a52e-4f735466cecf":"f.C39E6AC59F605FD7CA79606EE8A094DD.d.01A4D5C2A553469C3DE52752EF09EA12.e.14809","ELEMENT":"f.C39E6AC59F605FD7CA79606EE8A094DD.d.01A4D5C2A553469C3DE52752EF09EA12.e.14809"}]}
COMMAND: GET /session/e87ee5c00bb1e8c61ee38b6c01d07093/screenshot - {}
RESULT: {}
COMMAND: POST /session/e87ee5c00bb1e8c61ee38b6c01d07093/execute/sync - {"script":"<script> [56 bytes]","args":[{"element-6066-11e4-a52e-4f735466cecf":"f.C39E6AC59F605FD7CA79606EE8A094DD.d.01A4D5C2A553469C3DE52752EF09EA12.e.14809","ELEMENT":"f.C39E6AC59F605FD7CA79606EE8A094DD.d.01A4D5C2A553469C3DE52752EF09EA12.e.14809"}]}
RESULT: {"script":"<script> [56 bytes]","args":[{"element-6066-11e4-a52e-4f735466cecf":"f.C39E6AC59F605FD7CA79606EE8A094DD.d.01A4D5C2A553469C3DE52752EF09EA12.e.14809","ELEMENT":"f.C39E6AC59F605FD7CA79606EE8A094DD.d.01A4D5C2A553469C3DE52752EF09EA12.e.14809"}]}
COMMAND: GET /session/e87ee5c00bb1e8c61ee38b6c01d07093/screenshot - {}
RESULT: {}
COMMAND: POST /session/e87ee5c00bb1e8c61ee38b6c01d07093/execute/sync - {"script":"<script> [56 bytes]","args":[{"element-6066-11e4-a52e-4f735466cecf":"f.C39E6AC59F605FD7CA79606EE8A094DD.d.01A4D5C2A553469C3DE52752EF09EA12.e.14809","ELEMENT":"f.C39E6AC59F605FD7CA79606EE8A094DD.d.01A4D5C2A553469C3DE52752EF09EA12.e.14809"}]}
RESULT: {"script":"<script> [56 bytes]","args":[{"element-6066-11e4-a52e-4f735466cecf":"f.C39E6AC59F605FD7CA79606EE8A094DD.d.01A4D5C2A553469C3DE52752EF09EA12.e.14809","ELEMENT":"f.C39E6AC59F605FD7CA79606EE8A094DD.d.01A4D5C2A553469C3DE52752EF09EA12.e.14809"}]}
COMMAND: GET /session/e87ee5c00bb1e8c61ee38b6c01d07093/screenshot - {}
COMMAND: POST /session/e87ee5c00bb1e8c61ee38b6c01d07093/execute/sync - {"script":"<script> [56 bytes]","args":[{"element-6066-11e4-a52e-4f735466cecf":"f.C39E6AC59F605FD7CA79606EE8A094DD.d.01A4D5C2A553469C3DE52752EF09EA12.e.14809","ELEMENT":"f.C39E6AC59F605FD7CA79606EE8A094DD.d.01A4D5C2A553469C3DE52752EF09EA12.e.14809"}]}
RESULT: {}
RESULT: {"script":"<script> [56 bytes]","args":[{"element-6066-11e4-a52e-4f735466cecf":"f.C39E6AC59F605FD7CA79606EE8A094DD.d.01A4D5C2A553469C3DE52752EF09EA12.e.14809","ELEMENT":"f.C39E6AC59F605FD7CA79606EE8A094DD.d.01A4D5C2A553469C3DE52752EF09EA12.e.14809"}]}
COMMAND: POST /session/e87ee5c00bb1e8c61ee38b6c01d07093/element - {"using":"xpath","value":"//td[@aria-colindex=\"1\"]/div/div[contains(@class, \"sapMCbBg\")]"}
COMMAND: GET /session/e87ee5c00bb1e8c61ee38b6c01d07093/screenshot - {}
RESULT: {"using":"xpath","value":"//td[@aria-colindex=\"1\"]/div/div[contains(@class, \"sapMCbBg\")]"}
COMMAND: POST /session/e87ee5c00bb1e8c61ee38b6c01d07093/element/f.C39E6AC59F605FD7CA79606EE8A094DD.d.01A4D5C2A553469C3DE52752EF09EA12.e.14827/click - {}
RESULT: {}
RESULT: {}
COMMAND: GET /session/e87ee5c00bb1e8c61ee38b6c01d07093/screenshot - {}
RESULT: {}
COMMAND: POST /session/e87ee5c00bb1e8c61ee38b6c01d07093/element - {"using":"xpath","value":"//bdi[text()=\"Transfer\"]"}
RESULT: {"using":"xpath","value":"//bdi[text()=\"Transfer\"]"}
COMMAND: POST /session/e87ee5c00bb1e8c61ee38b6c01d07093/element/f.C39E6AC59F605FD7CA79606EE8A094DD.d.01A4D5C2A553469C3DE52752EF09EA12.e.14828/click - {}
RESULT: {}
COMMAND: GET /session/e87ee5c00bb1e8c61ee38b6c01d07093/screenshot - {}
RESULT: {}
COMMAND: POST /session/e87ee5c00bb1e8c61ee38b6c01d07093/element - {"using":"xpath","value":"//bdi[contains(text(), \"OK\")]"}
RESULT: {"using":"xpath","value":"//bdi[contains(text(), \"OK\")]"}
COMMAND: POST /session/e87ee5c00bb1e8c61ee38b6c01d07093/element/f.C39E6AC59F605FD7CA79606EE8A094DD.d.01A4D5C2A553469C3DE52752EF09EA12.e.14831/click - {}
RESULT: {}
COMMAND: GET /session/e87ee5c00bb1e8c61ee38b6c01d07093/screenshot - {}
RESULT: {}
COMMAND: POST /session/e87ee5c00bb1e8c61ee38b6c01d07093/element - {"using":"xpath","value":"(//span[contains(text(), \"Completed\")]/parent::div/preceding-sibling::div/span)[1]"}
RESULT: {"using":"xpath","value":"(//span[contains(text(), \"Completed\")]/parent::div/preceding-sibling::div/span)[1]"}
COMMAND: POST /session/e87ee5c00bb1e8c61ee38b6c01d07093/element/f.C39E6AC59F605FD7CA79606EE8A094DD.d.01A4D5C2A553469C3DE52752EF09EA12.e.14840/click - {}
RESULT: {}
COMMAND: POST /session/e87ee5c00bb1e8c61ee38b6c01d07093/element - {"using":"xpath","value":"//input[contains(@id ,\"application-billingtransfer-display-component---billingWorkbench--smartFilterBar-btnBasicSearch\")]"}
COMMAND: GET /session/e87ee5c00bb1e8c61ee38b6c01d07093/screenshot - {}
RESULT: {"using":"xpath","value":"//input[contains(@id ,\"application-billingtransfer-display-component---billingWorkbench--smartFilterBar-btnBasicSearch\")]"}
COMMAND: POST /session/e87ee5c00bb1e8c61ee38b6c01d07093/elements - {"using":"xpath","value":"//input[contains(@id ,\"application-billingtransfer-display-component---billingWorkbench--smartFilterBar-btnBasicSearch\")]"}
RESULT: {}
RESULT: {"using":"xpath","value":"//input[contains(@id ,\"application-billingtransfer-display-component---billingWorkbench--smartFilterBar-btnBasicSearch\")]"}
COMMAND: POST /session/e87ee5c00bb1e8c61ee38b6c01d07093/execute/sync - {"script":"<script> [8489 bytes]","args":[{"element-6066-11e4-a52e-4f735466cecf":"f.C39E6AC59F605FD7CA79606EE8A094DD.d.01A4D5C2A553469C3DE52752EF09EA12.e.14571","ELEMENT":"f.C39E6AC59F605FD7CA79606EE8A094DD.d.01A4D5C2A553469C3DE52752EF09EA12.e.14571"}]}
RESULT: {"script":"<script> [8489 bytes]","args":[{"element-6066-11e4-a52e-4f735466cecf":"f.C39E6AC59F605FD7CA79606EE8A094DD.d.01A4D5C2A553469C3DE52752EF09EA12.e.14571","ELEMENT":"f.C39E6AC59F605FD7CA79606EE8A094DD.d.01A4D5C2A553469C3DE52752EF09EA12.e.14571"}]}
COMMAND: GET /session/e87ee5c00bb1e8c61ee38b6c01d07093/element/f.C39E6AC59F605FD7CA79606EE8A094DD.d.01A4D5C2A553469C3DE52752EF09EA12.e.14571/enabled - {}
COMMAND: GET /session/e87ee5c00bb1e8c61ee38b6c01d07093/screenshot - {}
RESULT: {}
COMMAND: POST /session/e87ee5c00bb1e8c61ee38b6c01d07093/element/f.C39E6AC59F605FD7CA79606EE8A094DD.d.01A4D5C2A553469C3DE52752EF09EA12.e.14571/click - {}
COMMAND: GET /session/e87ee5c00bb1e8c61ee38b6c01d07093/screenshot - {}
RESULT: {}
RESULT: {}
COMMAND: GET /session/e87ee5c00bb1e8c61ee38b6c01d07093/screenshot - {}
RESULT: {}
RESULT: {}
COMMAND: POST /session/e87ee5c00bb1e8c61ee38b6c01d07093/element/f.C39E6AC59F605FD7CA79606EE8A094DD.d.01A4D5C2A553469C3DE52752EF09EA12.e.14571/clear - {}
RESULT: {}
COMMAND: POST /session/e87ee5c00bb1e8c61ee38b6c01d07093/element/f.C39E6AC59F605FD7CA79606EE8A094DD.d.01A4D5C2A553469C3DE52752EF09EA12.e.14571/value - {"text":"10216"}
COMMAND: GET /session/e87ee5c00bb1e8c61ee38b6c01d07093/screenshot - {}
RESULT: {}
RESULT: {"text":"10216"}
COMMAND: POST /session/e87ee5c00bb1e8c61ee38b6c01d07093/actions - {"actions":[{"id":"action46","type":"key","parameters":{},"actions":[{"type":"keyDown","value":""},{"type":"pause","duration":10},{"type":"keyUp","value":""}]}]}
COMMAND: GET /session/e87ee5c00bb1e8c61ee38b6c01d07093/screenshot - {}
RESULT: {"actions":[{"id":"action46","type":"key","parameters":{},"actions":[{"type":"keyDown","value":""},{"type":"pause","duration":10},{"type":"keyUp","value":""}]}]}
COMMAND: GET /session/e87ee5c00bb1e8c61ee38b6c01d07093/screenshot - {}
RESULT: {}
RESULT: {}
COMMAND: POST /session/e87ee5c00bb1e8c61ee38b6c01d07093/element - {"using":"xpath","value":"//span[contains(@id ,\"application-billingtransfer-display-component---billingWorkbench--smartTableBillingRuns-header-inner\")]"}
RESULT: {"using":"xpath","value":"//span[contains(@id ,\"application-billingtransfer-display-component---billingWorkbench--smartTableBillingRuns-header-inner\")]"}
COMMAND: POST /session/e87ee5c00bb1e8c61ee38b6c01d07093/elements - {"using":"xpath","value":"//span[contains(@id ,\"application-billingtransfer-display-component---billingWorkbench--smartTableBillingRuns-header-inner\")]"}
RESULT: {"using":"xpath","value":"//span[contains(@id ,\"application-billingtransfer-display-component---billingWorkbench--smartTableBillingRuns-header-inner\")]"}
COMMAND: POST /session/e87ee5c00bb1e8c61ee38b6c01d07093/execute/sync - {"script":"<script> [56 bytes]","args":[{"element-6066-11e4-a52e-4f735466cecf":"f.C39E6AC59F605FD7CA79606EE8A094DD.d.01A4D5C2A553469C3DE52752EF09EA12.e.14809","ELEMENT":"f.C39E6AC59F605FD7CA79606EE8A094DD.d.01A4D5C2A553469C3DE52752EF09EA12.e.14809"}]}
RESULT: {"script":"<script> [56 bytes]","args":[{"element-6066-11e4-a52e-4f735466cecf":"f.C39E6AC59F605FD7CA79606EE8A094DD.d.01A4D5C2A553469C3DE52752EF09EA12.e.14809","ELEMENT":"f.C39E6AC59F605FD7CA79606EE8A094DD.d.01A4D5C2A553469C3DE52752EF09EA12.e.14809"}]}
COMMAND: GET /session/e87ee5c00bb1e8c61ee38b6c01d07093/screenshot - {}
RESULT: {}
COMMAND: POST /session/e87ee5c00bb1e8c61ee38b6c01d07093/execute/sync - {"script":"<script> [56 bytes]","args":[{"element-6066-11e4-a52e-4f735466cecf":"f.C39E6AC59F605FD7CA79606EE8A094DD.d.01A4D5C2A553469C3DE52752EF09EA12.e.14809","ELEMENT":"f.C39E6AC59F605FD7CA79606EE8A094DD.d.01A4D5C2A553469C3DE52752EF09EA12.e.14809"}]}
RESULT: {"script":"<script> [56 bytes]","args":[{"element-6066-11e4-a52e-4f735466cecf":"f.C39E6AC59F605FD7CA79606EE8A094DD.d.01A4D5C2A553469C3DE52752EF09EA12.e.14809","ELEMENT":"f.C39E6AC59F605FD7CA79606EE8A094DD.d.01A4D5C2A553469C3DE52752EF09EA12.e.14809"}]}
COMMAND: GET /session/e87ee5c00bb1e8c61ee38b6c01d07093/screenshot - {}
RESULT: {}
COMMAND: POST /session/e87ee5c00bb1e8c61ee38b6c01d07093/execute/sync - {"script":"<script> [56 bytes]","args":[{"element-6066-11e4-a52e-4f735466cecf":"f.C39E6AC59F605FD7CA79606EE8A094DD.d.01A4D5C2A553469C3DE52752EF09EA12.e.14809","ELEMENT":"f.C39E6AC59F605FD7CA79606EE8A094DD.d.01A4D5C2A553469C3DE52752EF09EA12.e.14809"}]}
RESULT: {"script":"<script> [56 bytes]","args":[{"element-6066-11e4-a52e-4f735466cecf":"f.C39E6AC59F605FD7CA79606EE8A094DD.d.01A4D5C2A553469C3DE52752EF09EA12.e.14809","ELEMENT":"f.C39E6AC59F605FD7CA79606EE8A094DD.d.01A4D5C2A553469C3DE52752EF09EA12.e.14809"}]}
COMMAND: GET /session/e87ee5c00bb1e8c61ee38b6c01d07093/screenshot - {}
RESULT: {}
COMMAND: POST /session/e87ee5c00bb1e8c61ee38b6c01d07093/execute/sync - {"script":"<script> [56 bytes]","args":[{"element-6066-11e4-a52e-4f735466cecf":"f.C39E6AC59F605FD7CA79606EE8A094DD.d.01A4D5C2A553469C3DE52752EF09EA12.e.14809","ELEMENT":"f.C39E6AC59F605FD7CA79606EE8A094DD.d.01A4D5C2A553469C3DE52752EF09EA12.e.14809"}]}
RESULT: {"script":"<script> [56 bytes]","args":[{"element-6066-11e4-a52e-4f735466cecf":"f.C39E6AC59F605FD7CA79606EE8A094DD.d.01A4D5C2A553469C3DE52752EF09EA12.e.14809","ELEMENT":"f.C39E6AC59F605FD7CA79606EE8A094DD.d.01A4D5C2A553469C3DE52752EF09EA12.e.14809"}]}
COMMAND: GET /session/e87ee5c00bb1e8c61ee38b6c01d07093/screenshot - {}
RESULT: {}
COMMAND: POST /session/e87ee5c00bb1e8c61ee38b6c01d07093/execute/sync - {"script":"<script> [56 bytes]","args":[{"element-6066-11e4-a52e-4f735466cecf":"f.C39E6AC59F605FD7CA79606EE8A094DD.d.01A4D5C2A553469C3DE52752EF09EA12.e.14809","ELEMENT":"f.C39E6AC59F605FD7CA79606EE8A094DD.d.01A4D5C2A553469C3DE52752EF09EA12.e.14809"}]}
RESULT: {"script":"<script> [56 bytes]","args":[{"element-6066-11e4-a52e-4f735466cecf":"f.C39E6AC59F605FD7CA79606EE8A094DD.d.01A4D5C2A553469C3DE52752EF09EA12.e.14809","ELEMENT":"f.C39E6AC59F605FD7CA79606EE8A094DD.d.01A4D5C2A553469C3DE52752EF09EA12.e.14809"}]}
COMMAND: POST /session/e87ee5c00bb1e8c61ee38b6c01d07093/element - {"using":"css selector","value":"#shell-header-logo"}
COMMAND: GET /session/e87ee5c00bb1e8c61ee38b6c01d07093/screenshot - {}
RESULT: {"using":"css selector","value":"#shell-header-logo"}
COMMAND: POST /session/e87ee5c00bb1e8c61ee38b6c01d07093/element/f.C39E6AC59F605FD7CA79606EE8A094DD.d.01A4D5C2A553469C3DE52752EF09EA12.e.14576/click - {}
RESULT: {}
RESULT: {}
COMMAND: GET /session/e87ee5c00bb1e8c61ee38b6c01d07093/screenshot - {}
RESULT: {}
COMMAND: POST /session/e87ee5c00bb1e8c61ee38b6c01d07093/element - {"using":"css selector","value":"#j_username"}
COMMAND: POST /session/e87ee5c00bb1e8c61ee38b6c01d07093/url - {"url":"https://qa-testing-00-live-etm-ui.cfapps.eu10-004.hana.ondemand.com/"}
RESULT: {"using":"css selector","value":"#j_username"}
COMMAND: POST /session/e87ee5c00bb1e8c61ee38b6c01d07093/element - {"using":"css selector","value":"#j_username"}
RESULT: {"url":"https://qa-testing-00-live-etm-ui.cfapps.eu10-004.hana.ondemand.com/"}
RESULT: undefined
COMMAND: GET /session/e87ee5c00bb1e8c61ee38b6c01d07093/screenshot - {}
RESULT: {"using":"css selector","value":"#j_username"}
COMMAND: POST /session/e87ee5c00bb1e8c61ee38b6c01d07093/element - {"using":"css selector","value":"#shell-header-logo"}
RESULT: {}
RESULT: {"using":"css selector","value":"#shell-header-logo"}
COMMAND: POST /session/e87ee5c00bb1e8c61ee38b6c01d07093/execute/sync - {"script":"<script> [8489 bytes]","args":[{"element-6066-11e4-a52e-4f735466cecf":"f.C39E6AC59F605FD7CA79606EE8A094DD.d.2B00C062DD6DCF5A72E9D93D2801D3E9.e.14854","ELEMENT":"f.C39E6AC59F605FD7CA79606EE8A094DD.d.2B00C062DD6DCF5A72E9D93D2801D3E9.e.14854"}]}
RESULT: {"script":"<script> [8489 bytes]","args":[{"element-6066-11e4-a52e-4f735466cecf":"f.C39E6AC59F605FD7CA79606EE8A094DD.d.2B00C062DD6DCF5A72E9D93D2801D3E9.e.14854","ELEMENT":"f.C39E6AC59F605FD7CA79606EE8A094DD.d.2B00C062DD6DCF5A72E9D93D2801D3E9.e.14854"}]}
COMMAND: POST /session/e87ee5c00bb1e8c61ee38b6c01d07093/element - {"using":"css selector","value":"#shell-header-logo"}
COMMAND: GET /session/e87ee5c00bb1e8c61ee38b6c01d07093/screenshot - {}
RESULT: {"using":"css selector","value":"#shell-header-logo"}
COMMAND: POST /session/e87ee5c00bb1e8c61ee38b6c01d07093/execute/sync - {"script":"<script> [8489 bytes]","args":[{"element-6066-11e4-a52e-4f735466cecf":"f.C39E6AC59F605FD7CA79606EE8A094DD.d.2B00C062DD6DCF5A72E9D93D2801D3E9.e.14854","ELEMENT":"f.C39E6AC59F605FD7CA79606EE8A094DD.d.2B00C062DD6DCF5A72E9D93D2801D3E9.e.14854"}]}
RESULT: {}
RESULT: {"script":"<script> [8489 bytes]","args":[{"element-6066-11e4-a52e-4f735466cecf":"f.C39E6AC59F605FD7CA79606EE8A094DD.d.2B00C062DD6DCF5A72E9D93D2801D3E9.e.14854","ELEMENT":"f.C39E6AC59F605FD7CA79606EE8A094DD.d.2B00C062DD6DCF5A72E9D93D2801D3E9.e.14854"}]}
COMMAND: POST /session/e87ee5c00bb1e8c61ee38b6c01d07093/execute/sync - {"script":"<script> [5351 bytes]","args":[{"element-6066-11e4-a52e-4f735466cecf":"f.C39E6AC59F605FD7CA79606EE8A094DD.d.2B00C062DD6DCF5A72E9D93D2801D3E9.e.14854","ELEMENT":"f.C39E6AC59F605FD7CA79606EE8A094DD.d.2B00C062DD6DCF5A72E9D93D2801D3E9.e.14854"}]}
COMMAND: GET /session/e87ee5c00bb1e8c61ee38b6c01d07093/screenshot - {}
RESULT: {"script":"<script> [5351 bytes]","args":[{"element-6066-11e4-a52e-4f735466cecf":"f.C39E6AC59F605FD7CA79606EE8A094DD.d.2B00C062DD6DCF5A72E9D93D2801D3E9.e.14854","ELEMENT":"f.C39E6AC59F605FD7CA79606EE8A094DD.d.2B00C062DD6DCF5A72E9D93D2801D3E9.e.14854"}]}
COMMAND: POST /session/e87ee5c00bb1e8c61ee38b6c01d07093/element - {"using":"css selector","value":"#shell-header-logo"}
COMMAND: GET /session/e87ee5c00bb1e8c61ee38b6c01d07093/screenshot - {}
RESULT: {}
RESULT: {"using":"css selector","value":"#shell-header-logo"}
COMMAND: POST /session/e87ee5c00bb1e8c61ee38b6c01d07093/element/f.C39E6AC59F605FD7CA79606EE8A094DD.d.2B00C062DD6DCF5A72E9D93D2801D3E9.e.14854/click - {}
RESULT: {}
RESULT: {}
COMMAND: GET /session/e87ee5c00bb1e8c61ee38b6c01d07093/screenshot - {}
RESULT: {}
COMMAND: POST /session/e87ee5c00bb1e8c61ee38b6c01d07093/execute/async - {"script":"<script> [189 bytes]","args":[]}
RESULT: {"script":"<script> [189 bytes]","args":[]}
COMMAND: POST /session/e87ee5c00bb1e8c61ee38b6c01d07093/execute/async - {"script":"<script> [123 bytes]","args":[]}
RESULT: {"script":"<script> [123 bytes]","args":[]}
COMMAND: POST /session/e87ee5c00bb1e8c61ee38b6c01d07093/timeouts - {"script":"<number>"}
RESULT: {"script":"<number>"}
COMMAND: GET /session/e87ee5c00bb1e8c61ee38b6c01d07093/timeouts - {}
RESULT: {}
RESULT: undefined
COMMAND: POST /session/e87ee5c00bb1e8c61ee38b6c01d07093/execute/async - {"script":"<script> [2676 bytes]","args":[]}
RESULT: {"script":"<script> [2676 bytes]","args":[]}
COMMAND: POST /session/e87ee5c00bb1e8c61ee38b6c01d07093/execute/async - {"script":"<script> [2342 bytes]","args":[{"protocol":"http","hostname":"0.0.0.0","path":"/","capabilities":{"browserName":"chrome","goog:chromeOptions":{"binary":"C:\\Program Files\\Google\\Chrome\\Application\\chrome.exe","args":["--start-maximized"]}},"logLevel":"warn","connectionRetryTimeout":120000,"connectionRetryCount":3,"logLevels":{},"enableDirectConnect":true,"strictSSL":true,"_":"65 more keys: [\"cacheDir\",\"port\",\"requestedCapabilities\",\"automationProtocol\",\"baseUrl\",\"waitforInterval\",\"waitforTimeout\",\"onReload\",\"beforeCommand\",\"afterCommand\",\"rootDir\",\"specs\",\"suites\",\"exclude\",\"groupLogsByTestSpec\",\"excludeDriverLogs\",\"bail\",\"framework\",\"reporters\",\"services\",\"maxInstances\",\"maxInstancesPerCapability\",\"injectGlobals\",\"filesToWatch\",\"execArgv\",\"runnerEnv\",\"runner\",\"shard\",\"specFileRetries\",\"specFileRetriesDelay\",\"specFileRetriesDeferred\",\"reporterSyncInterval\",\"reporterSyncTimeout\",\"cucumberFeaturesWithLineNumbers\",\"autoCompileOpts\",\"mochaOpts\",\"jasmineOpts\",\"cucumberOpts\",\"onPrepare\",\"onWorkerStart\",\"onWorkerEnd\",\"before\",\"beforeSession\",\"beforeSuite\",\"beforeHook\",\"beforeTest\",\"afterTest\",\"afterHook\",\"afterSuite\",\"afterSession\",\"after\",\"onComplete\",\"beforeAssertion\",\"afterAssertion\",\"beforeFeature\",\"beforeScenario\",\"beforeStep\",\"afterStep\",\"afterScenario\",\"afterFeature\",\"_\",\"suite\",\"$0\",\"ignoredWorkerServices\",\"wdi5\"]"}]}
RESULT: {"script":"<script> [2342 bytes]","args":[{"protocol":"http","hostname":"0.0.0.0","path":"/","capabilities":{"browserName":"chrome","goog:chromeOptions":{"binary":"C:\\Program Files\\Google\\Chrome\\Application\\chrome.exe","args":["--start-maximized"]}},"logLevel":"warn","connectionRetryTimeout":120000,"connectionRetryCount":3,"logLevels":{},"enableDirectConnect":true,"strictSSL":true,"_":"65 more keys: [\"cacheDir\",\"port\",\"requestedCapabilities\",\"automationProtocol\",\"baseUrl\",\"waitforInterval\",\"waitforTimeout\",\"onReload\",\"beforeCommand\",\"afterCommand\",\"rootDir\",\"specs\",\"suites\",\"exclude\",\"groupLogsByTestSpec\",\"excludeDriverLogs\",\"bail\",\"framework\",\"reporters\",\"services\",\"maxInstances\",\"maxInstancesPerCapability\",\"injectGlobals\",\"filesToWatch\",\"execArgv\",\"runnerEnv\",\"runner\",\"shard\",\"specFileRetries\",\"specFileRetriesDelay\",\"specFileRetriesDeferred\",\"reporterSyncInterval\",\"reporterSyncTimeout\",\"cucumberFeaturesWithLineNumbers\",\"autoCompileOpts\",\"mochaOpts\",\"jasmineOpts\",\"cucumberOpts\",\"onPrepare\",\"onWorkerStart\",\"onWorkerEnd\",\"before\",\"beforeSession\",\"beforeSuite\",\"beforeHook\",\"beforeTest\",\"afterTest\",\"afterHook\",\"afterSuite\",\"afterSession\",\"after\",\"onComplete\",\"beforeAssertion\",\"afterAssertion\",\"beforeFeature\",\"beforeScenario\",\"beforeStep\",\"afterStep\",\"afterScenario\",\"afterFeature\",\"_\",\"suite\",\"$0\",\"ignoredWorkerServices\",\"wdi5\"]"}]}
COMMAND: POST /session/e87ee5c00bb1e8c61ee38b6c01d07093/execute/async - {"script":"<script> [21126 bytes]","args":[35000]}
RESULT: {"script":"<script> [21126 bytes]","args":[35000]}
COMMAND: POST /session/e87ee5c00bb1e8c61ee38b6c01d07093/window/maximize - {}
RESULT: {}
COMMAND: POST /session/e87ee5c00bb1e8c61ee38b6c01d07093/execute/async - {"script":"<script> [1562 bytes]","args":[{"selector":{"id":"shell-header","interaction":{"idSuffix":"icon"}},"wdio_ui5_key":"shellheader"}]}
COMMAND: GET /session/e87ee5c00bb1e8c61ee38b6c01d07093/screenshot - {}
RESULT: {"script":"<script> [1562 bytes]","args":[{"selector":{"id":"shell-header","interaction":{"idSuffix":"icon"}},"wdio_ui5_key":"shellheader"}]}
RESULT: undefined
COMMAND: POST /session/e87ee5c00bb1e8c61ee38b6c01d07093/refresh - {}
RESULT: {}
RESULT: {}
COMMAND: GET /session/e87ee5c00bb1e8c61ee38b6c01d07093/screenshot - {}
RESULT: {}
COMMAND: POST /session/e87ee5c00bb1e8c61ee38b6c01d07093/refresh - {}
RESULT: {}
COMMAND: GET /session/e87ee5c00bb1e8c61ee38b6c01d07093/screenshot - {}
RESULT: {}
COMMAND: POST /session/e87ee5c00bb1e8c61ee38b6c01d07093/window/fullscreen - {}
RESULT: {}
COMMAND: POST /session/e87ee5c00bb1e8c61ee38b6c01d07093/execute/async - {"script":"<script> [189 bytes]","args":[]}
RESULT: {"script":"<script> [189 bytes]","args":[]}
COMMAND: POST /session/e87ee5c00bb1e8c61ee38b6c01d07093/execute/async - {"script":"<script> [123 bytes]","args":[]}
RESULT: {"script":"<script> [123 bytes]","args":[]}
COMMAND: POST /session/e87ee5c00bb1e8c61ee38b6c01d07093/timeouts - {"script":"<number>"}
RESULT: {"script":"<number>"}
COMMAND: GET /session/e87ee5c00bb1e8c61ee38b6c01d07093/timeouts - {}
RESULT: {}
RESULT: undefined
COMMAND: POST /session/e87ee5c00bb1e8c61ee38b6c01d07093/execute/async - {"script":"<script> [2676 bytes]","args":[]}
RESULT: {"script":"<script> [2676 bytes]","args":[]}
COMMAND: POST /session/e87ee5c00bb1e8c61ee38b6c01d07093/execute/async - {"script":"<script> [2342 bytes]","args":[{"protocol":"http","hostname":"0.0.0.0","path":"/","capabilities":{"browserName":"chrome","goog:chromeOptions":{"binary":"C:\\Program Files\\Google\\Chrome\\Application\\chrome.exe","args":["--start-maximized"]}},"logLevel":"warn","connectionRetryTimeout":120000,"connectionRetryCount":3,"logLevels":{},"enableDirectConnect":true,"strictSSL":true,"_":"65 more keys: [\"cacheDir\",\"port\",\"requestedCapabilities\",\"automationProtocol\",\"baseUrl\",\"waitforInterval\",\"waitforTimeout\",\"onReload\",\"beforeCommand\",\"afterCommand\",\"rootDir\",\"specs\",\"suites\",\"exclude\",\"groupLogsByTestSpec\",\"excludeDriverLogs\",\"bail\",\"framework\",\"reporters\",\"services\",\"maxInstances\",\"maxInstancesPerCapability\",\"injectGlobals\",\"filesToWatch\",\"execArgv\",\"runnerEnv\",\"runner\",\"shard\",\"specFileRetries\",\"specFileRetriesDelay\",\"specFileRetriesDeferred\",\"reporterSyncInterval\",\"reporterSyncTimeout\",\"cucumberFeaturesWithLineNumbers\",\"autoCompileOpts\",\"mochaOpts\",\"jasmineOpts\",\"cucumberOpts\",\"onPrepare\",\"onWorkerStart\",\"onWorkerEnd\",\"before\",\"beforeSession\",\"beforeSuite\",\"beforeHook\",\"beforeTest\",\"afterTest\",\"afterHook\",\"afterSuite\",\"afterSession\",\"after\",\"onComplete\",\"beforeAssertion\",\"afterAssertion\",\"beforeFeature\",\"beforeScenario\",\"beforeStep\",\"afterStep\",\"afterScenario\",\"afterFeature\",\"_\",\"suite\",\"$0\",\"ignoredWorkerServices\",\"wdi5\"]"}]}
RESULT: {"script":"<script> [2342 bytes]","args":[{"protocol":"http","hostname":"0.0.0.0","path":"/","capabilities":{"browserName":"chrome","goog:chromeOptions":{"binary":"C:\\Program Files\\Google\\Chrome\\Application\\chrome.exe","args":["--start-maximized"]}},"logLevel":"warn","connectionRetryTimeout":120000,"connectionRetryCount":3,"logLevels":{},"enableDirectConnect":true,"strictSSL":true,"_":"65 more keys: [\"cacheDir\",\"port\",\"requestedCapabilities\",\"automationProtocol\",\"baseUrl\",\"waitforInterval\",\"waitforTimeout\",\"onReload\",\"beforeCommand\",\"afterCommand\",\"rootDir\",\"specs\",\"suites\",\"exclude\",\"groupLogsByTestSpec\",\"excludeDriverLogs\",\"bail\",\"framework\",\"reporters\",\"services\",\"maxInstances\",\"maxInstancesPerCapability\",\"injectGlobals\",\"filesToWatch\",\"execArgv\",\"runnerEnv\",\"runner\",\"shard\",\"specFileRetries\",\"specFileRetriesDelay\",\"specFileRetriesDeferred\",\"reporterSyncInterval\",\"reporterSyncTimeout\",\"cucumberFeaturesWithLineNumbers\",\"autoCompileOpts\",\"mochaOpts\",\"jasmineOpts\",\"cucumberOpts\",\"onPrepare\",\"onWorkerStart\",\"onWorkerEnd\",\"before\",\"beforeSession\",\"beforeSuite\",\"beforeHook\",\"beforeTest\",\"afterTest\",\"afterHook\",\"afterSuite\",\"afterSession\",\"after\",\"onComplete\",\"beforeAssertion\",\"afterAssertion\",\"beforeFeature\",\"beforeScenario\",\"beforeStep\",\"afterStep\",\"afterScenario\",\"afterFeature\",\"_\",\"suite\",\"$0\",\"ignoredWorkerServices\",\"wdi5\"]"}]}
COMMAND: POST /session/e87ee5c00bb1e8c61ee38b6c01d07093/execute/async - {"script":"<script> [21126 bytes]","args":[35000]}
RESULT: {"script":"<script> [21126 bytes]","args":[35000]}
]]></system-out>
    </testcase>
  </testsuite>
  <testsuite timestamp="2025-05-25T17:59:31" time="721.605" tests="12" failures="0" errors="0" skipped="0">
    <properties>
      <property name="specId" value="0"/>
      <property name="suiteName" value="Billing transfer US117289"/>
      <property name="capabilities" value="chrome.136_0_7103_93.windows"/>
      <property name="file" value="file:///D:/a/1/s/test/specs/BTS/billing-transfer.spec.js"/>
    </properties>
    <testcase classname="chrome.136_0_7103_93.windows.Billing_transfer_US117289" name="Should create a new yard" time="0.014">
      <system-out><![CDATA[
COMMAND: POST /session/e87ee5c00bb1e8c61ee38b6c01d07093/window/fullscreen - {}
RESULT: {}
]]></system-out>
    </testcase>
    <testcase classname="chrome.136_0_7103_93.windows.Billing_transfer_US117289" name="Should create a new partner" time="0.007"/>
    <testcase classname="chrome.136_0_7103_93.windows.Billing_transfer_US117289" name="Should create a new site" time="0.004"/>
    <testcase classname="chrome.136_0_7103_93.windows.Billing_transfer_US117289" name="Should create a new equipment" time="143.416">
      <system-out><![CDATA[
COMMAND: POST /session/e87ee5c00bb1e8c61ee38b6c01d07093/execute/async - {"script":"<script> [1562 bytes]","args":[{"selector":{"controlType":"sap.m.GenericTile","properties":{"header":"Manage Resources"}},"wdio_ui5_key":"sapm.GenericTile{\"header\":\"Manage Resources\"}"}]}
RESULT: {"script":"<script> [1562 bytes]","args":[{"selector":{"controlType":"sap.m.GenericTile","properties":{"header":"Manage Resources"}},"wdio_ui5_key":"sapm.GenericTile{\"header\":\"Manage Resources\"}"}]}
RESULT: undefined
COMMAND: POST /session/e87ee5c00bb1e8c61ee38b6c01d07093/element - {"using":"xpath","value":"//*[@id=\"__tile39\"]"}
RESULT: {"using":"xpath","value":"//*[@id=\"__tile39\"]"}
COMMAND: POST /session/e87ee5c00bb1e8c61ee38b6c01d07093/element/f.C39E6AC59F605FD7CA79606EE8A094DD.d.2E98C03DBE5B89E7C4B1AA0594970479.e.15021/click - {}
RESULT: {}
COMMAND: GET /session/e87ee5c00bb1e8c61ee38b6c01d07093/screenshot - {}
RESULT: {}
COMMAND: POST /session/e87ee5c00bb1e8c61ee38b6c01d07093/elements - {"using":"xpath","value":"//span[text()='Error']"}
RESULT: {"using":"xpath","value":"//span[text()='Error']"}
COMMAND: POST /session/e87ee5c00bb1e8c61ee38b6c01d07093/element - {"using":"xpath","value":"//button[@data-kt=\"addNewRUOverflowToolbarButton\"]"}
RESULT: {"using":"xpath","value":"//button[@data-kt=\"addNewRUOverflowToolbarButton\"]"}
COMMAND: POST /session/e87ee5c00bb1e8c61ee38b6c01d07093/elements - {"using":"xpath","value":"//button[@data-kt=\"addNewRUOverflowToolbarButton\"]"}
RESULT: {"using":"xpath","value":"//button[@data-kt=\"addNewRUOverflowToolbarButton\"]"}
COMMAND: POST /session/e87ee5c00bb1e8c61ee38b6c01d07093/elements - {"using":"xpath","value":"//button[@data-kt=\"addNewRUOverflowToolbarButton\"]"}
RESULT: {"using":"xpath","value":"//button[@data-kt=\"addNewRUOverflowToolbarButton\"]"}
COMMAND: POST /session/e87ee5c00bb1e8c61ee38b6c01d07093/elements - {"using":"xpath","value":"//button[@data-kt=\"addNewRUOverflowToolbarButton\"]"}
RESULT: {"using":"xpath","value":"//button[@data-kt=\"addNewRUOverflowToolbarButton\"]"}
COMMAND: POST /session/e87ee5c00bb1e8c61ee38b6c01d07093/elements - {"using":"xpath","value":"//button[@data-kt=\"addNewRUOverflowToolbarButton\"]"}
RESULT: {"using":"xpath","value":"//button[@data-kt=\"addNewRUOverflowToolbarButton\"]"}
COMMAND: POST /session/e87ee5c00bb1e8c61ee38b6c01d07093/elements - {"using":"xpath","value":"//button[@data-kt=\"addNewRUOverflowToolbarButton\"]"}
RESULT: {"using":"xpath","value":"//button[@data-kt=\"addNewRUOverflowToolbarButton\"]"}
COMMAND: POST /session/e87ee5c00bb1e8c61ee38b6c01d07093/elements - {"using":"xpath","value":"//button[@data-kt=\"addNewRUOverflowToolbarButton\"]"}
RESULT: {"using":"xpath","value":"//button[@data-kt=\"addNewRUOverflowToolbarButton\"]"}
COMMAND: POST /session/e87ee5c00bb1e8c61ee38b6c01d07093/elements - {"using":"xpath","value":"//button[@data-kt=\"addNewRUOverflowToolbarButton\"]"}
RESULT: {"using":"xpath","value":"//button[@data-kt=\"addNewRUOverflowToolbarButton\"]"}
COMMAND: POST /session/e87ee5c00bb1e8c61ee38b6c01d07093/elements - {"using":"xpath","value":"//button[@data-kt=\"addNewRUOverflowToolbarButton\"]"}
RESULT: {"using":"xpath","value":"//button[@data-kt=\"addNewRUOverflowToolbarButton\"]"}
COMMAND: POST /session/e87ee5c00bb1e8c61ee38b6c01d07093/elements - {"using":"xpath","value":"//button[@data-kt=\"addNewRUOverflowToolbarButton\"]"}
RESULT: {"using":"xpath","value":"//button[@data-kt=\"addNewRUOverflowToolbarButton\"]"}
COMMAND: POST /session/e87ee5c00bb1e8c61ee38b6c01d07093/elements - {"using":"xpath","value":"//button[@data-kt=\"addNewRUOverflowToolbarButton\"]"}
RESULT: {"using":"xpath","value":"//button[@data-kt=\"addNewRUOverflowToolbarButton\"]"}
COMMAND: POST /session/e87ee5c00bb1e8c61ee38b6c01d07093/elements - {"using":"xpath","value":"//button[@data-kt=\"addNewRUOverflowToolbarButton\"]"}
RESULT: {"using":"xpath","value":"//button[@data-kt=\"addNewRUOverflowToolbarButton\"]"}
COMMAND: POST /session/e87ee5c00bb1e8c61ee38b6c01d07093/elements - {"using":"xpath","value":"//button[@data-kt=\"addNewRUOverflowToolbarButton\"]"}
RESULT: {"using":"xpath","value":"//button[@data-kt=\"addNewRUOverflowToolbarButton\"]"}
COMMAND: POST /session/e87ee5c00bb1e8c61ee38b6c01d07093/elements - {"using":"xpath","value":"//button[@data-kt=\"addNewRUOverflowToolbarButton\"]"}
RESULT: {"using":"xpath","value":"//button[@data-kt=\"addNewRUOverflowToolbarButton\"]"}
COMMAND: POST /session/e87ee5c00bb1e8c61ee38b6c01d07093/elements - {"using":"xpath","value":"//button[@data-kt=\"addNewRUOverflowToolbarButton\"]"}
RESULT: {"using":"xpath","value":"//button[@data-kt=\"addNewRUOverflowToolbarButton\"]"}
COMMAND: POST /session/e87ee5c00bb1e8c61ee38b6c01d07093/elements - {"using":"xpath","value":"//button[@data-kt=\"addNewRUOverflowToolbarButton\"]"}
RESULT: {"using":"xpath","value":"//button[@data-kt=\"addNewRUOverflowToolbarButton\"]"}
COMMAND: POST /session/e87ee5c00bb1e8c61ee38b6c01d07093/elements - {"using":"xpath","value":"//button[@data-kt=\"addNewRUOverflowToolbarButton\"]"}
RESULT: {"using":"xpath","value":"//button[@data-kt=\"addNewRUOverflowToolbarButton\"]"}
COMMAND: POST /session/e87ee5c00bb1e8c61ee38b6c01d07093/elements - {"using":"xpath","value":"//button[@data-kt=\"addNewRUOverflowToolbarButton\"]"}
RESULT: {"using":"xpath","value":"//button[@data-kt=\"addNewRUOverflowToolbarButton\"]"}
COMMAND: POST /session/e87ee5c00bb1e8c61ee38b6c01d07093/elements - {"using":"xpath","value":"//button[@data-kt=\"addNewRUOverflowToolbarButton\"]"}
RESULT: {"using":"xpath","value":"//button[@data-kt=\"addNewRUOverflowToolbarButton\"]"}
COMMAND: POST /session/e87ee5c00bb1e8c61ee38b6c01d07093/elements - {"using":"xpath","value":"//button[@data-kt=\"addNewRUOverflowToolbarButton\"]"}
RESULT: {"using":"xpath","value":"//button[@data-kt=\"addNewRUOverflowToolbarButton\"]"}
COMMAND: POST /session/e87ee5c00bb1e8c61ee38b6c01d07093/elements - {"using":"xpath","value":"//button[@data-kt=\"addNewRUOverflowToolbarButton\"]"}
RESULT: {"using":"xpath","value":"//button[@data-kt=\"addNewRUOverflowToolbarButton\"]"}
COMMAND: POST /session/e87ee5c00bb1e8c61ee38b6c01d07093/element - {"using":"xpath","value":"//button[@data-kt=\"addNewRUOverflowToolbarButton\"]"}
RESULT: {"using":"xpath","value":"//button[@data-kt=\"addNewRUOverflowToolbarButton\"]"}
COMMAND: POST /session/e87ee5c00bb1e8c61ee38b6c01d07093/execute/sync - {"script":"<script> [8489 bytes]","args":[{"element-6066-11e4-a52e-4f735466cecf":"f.C39E6AC59F605FD7CA79606EE8A094DD.d.2E98C03DBE5B89E7C4B1AA0594970479.e.15152","ELEMENT":"f.C39E6AC59F605FD7CA79606EE8A094DD.d.2E98C03DBE5B89E7C4B1AA0594970479.e.15152"}]}
RESULT: {"script":"<script> [8489 bytes]","args":[{"element-6066-11e4-a52e-4f735466cecf":"f.C39E6AC59F605FD7CA79606EE8A094DD.d.2E98C03DBE5B89E7C4B1AA0594970479.e.15152","ELEMENT":"f.C39E6AC59F605FD7CA79606EE8A094DD.d.2E98C03DBE5B89E7C4B1AA0594970479.e.15152"}]}
COMMAND: GET /session/e87ee5c00bb1e8c61ee38b6c01d07093/element/f.C39E6AC59F605FD7CA79606EE8A094DD.d.2E98C03DBE5B89E7C4B1AA0594970479.e.15152/enabled - {}
COMMAND: GET /session/e87ee5c00bb1e8c61ee38b6c01d07093/screenshot - {}
RESULT: {}
RESULT: {}
COMMAND: POST /session/e87ee5c00bb1e8c61ee38b6c01d07093/execute/sync - {"script":"<script> [8489 bytes]","args":[{"element-6066-11e4-a52e-4f735466cecf":"f.C39E6AC59F605FD7CA79606EE8A094DD.d.2E98C03DBE5B89E7C4B1AA0594970479.e.15152","ELEMENT":"f.C39E6AC59F605FD7CA79606EE8A094DD.d.2E98C03DBE5B89E7C4B1AA0594970479.e.15152"}]}
COMMAND: GET /session/e87ee5c00bb1e8c61ee38b6c01d07093/screenshot - {}
RESULT: {"script":"<script> [8489 bytes]","args":[{"element-6066-11e4-a52e-4f735466cecf":"f.C39E6AC59F605FD7CA79606EE8A094DD.d.2E98C03DBE5B89E7C4B1AA0594970479.e.15152","ELEMENT":"f.C39E6AC59F605FD7CA79606EE8A094DD.d.2E98C03DBE5B89E7C4B1AA0594970479.e.15152"}]}
COMMAND: POST /session/e87ee5c00bb1e8c61ee38b6c01d07093/execute/sync - {"script":"<script> [5351 bytes]","args":[{"element-6066-11e4-a52e-4f735466cecf":"f.C39E6AC59F605FD7CA79606EE8A094DD.d.2E98C03DBE5B89E7C4B1AA0594970479.e.15152","ELEMENT":"f.C39E6AC59F605FD7CA79606EE8A094DD.d.2E98C03DBE5B89E7C4B1AA0594970479.e.15152"}]}
COMMAND: GET /session/e87ee5c00bb1e8c61ee38b6c01d07093/screenshot - {}
RESULT: {}
RESULT: {"script":"<script> [5351 bytes]","args":[{"element-6066-11e4-a52e-4f735466cecf":"f.C39E6AC59F605FD7CA79606EE8A094DD.d.2E98C03DBE5B89E7C4B1AA0594970479.e.15152","ELEMENT":"f.C39E6AC59F605FD7CA79606EE8A094DD.d.2E98C03DBE5B89E7C4B1AA0594970479.e.15152"}]}
COMMAND: POST /session/e87ee5c00bb1e8c61ee38b6c01d07093/element/f.C39E6AC59F605FD7CA79606EE8A094DD.d.2E98C03DBE5B89E7C4B1AA0594970479.e.15152/click - {}
COMMAND: GET /session/e87ee5c00bb1e8c61ee38b6c01d07093/screenshot - {}
RESULT: {}
RESULT: {}
COMMAND: GET /session/e87ee5c00bb1e8c61ee38b6c01d07093/screenshot - {}
RESULT: {}
COMMAND: POST /session/e87ee5c00bb1e8c61ee38b6c01d07093/execute/async - {"script":"<script> [1562 bytes]","args":[{"selector":{"id":"application-manageresources-display-component---newResourceUnit--TYPE-arrow"},"wdio_ui5_key":"applicationmanageresources-display-component---newResourceUnit--TYPE-arrow"}]}
RESULT: {}
RESULT: {"script":"<script> [1562 bytes]","args":[{"selector":{"id":"application-manageresources-display-component---newResourceUnit--TYPE-arrow"},"wdio_ui5_key":"applicationmanageresources-display-component---newResourceUnit--TYPE-arrow"}]}
RESULT: undefined
COMMAND: POST /session/e87ee5c00bb1e8c61ee38b6c01d07093/element - {"using":"xpath","value":"//*[@id=\"application-manageresources-display-component---newResourceUnit--TYPE-arrow\"]"}
RESULT: {"using":"xpath","value":"//*[@id=\"application-manageresources-display-component---newResourceUnit--TYPE-arrow\"]"}
COMMAND: POST /session/e87ee5c00bb1e8c61ee38b6c01d07093/element/f.C39E6AC59F605FD7CA79606EE8A094DD.d.2E98C03DBE5B89E7C4B1AA0594970479.e.15512/click - {}
RESULT: {}
COMMAND: POST /session/e87ee5c00bb1e8c61ee38b6c01d07093/element - {"using":"xpath","value":"//input[@id=\"application-manageresources-display-component---newResourceUnit--TYPE-inner\"]"}
COMMAND: GET /session/e87ee5c00bb1e8c61ee38b6c01d07093/screenshot - {}
RESULT: {"using":"xpath","value":"//input[@id=\"application-manageresources-display-component---newResourceUnit--TYPE-inner\"]"}
COMMAND: POST /session/e87ee5c00bb1e8c61ee38b6c01d07093/element/f.C39E6AC59F605FD7CA79606EE8A094DD.d.2E98C03DBE5B89E7C4B1AA0594970479.e.15505/clear - {}
RESULT: {}
RESULT: {}
COMMAND: POST /session/e87ee5c00bb1e8c61ee38b6c01d07093/element/f.C39E6AC59F605FD7CA79606EE8A094DD.d.2E98C03DBE5B89E7C4B1AA0594970479.e.15505/value - {"text":"Equipment"}
COMMAND: GET /session/e87ee5c00bb1e8c61ee38b6c01d07093/screenshot - {}
RESULT: {"text":"Equipment"}
COMMAND: GET /session/e87ee5c00bb1e8c61ee38b6c01d07093/screenshot - {}
RESULT: {}
RESULT: {}
COMMAND: POST /session/e87ee5c00bb1e8c61ee38b6c01d07093/actions - {"actions":[{"id":"action47","type":"key","parameters":{},"actions":[{"type":"keyDown","value":""},{"type":"pause","duration":10},{"type":"keyUp","value":""}]}]}
RESULT: {"actions":[{"id":"action47","type":"key","parameters":{},"actions":[{"type":"keyDown","value":""},{"type":"pause","duration":10},{"type":"keyUp","value":""}]}]}
COMMAND: POST /session/e87ee5c00bb1e8c61ee38b6c01d07093/execute/async - {"script":"<script> [1562 bytes]","args":[{"selector":{"id":"application-manageresources-display-component---newResourceUnit--resourceId","interaction":{"idSuffix":"inner"}},"wdio_ui5_key":"applicationmanageresources-display-component---newResourceUnit--resourceId"}]}
COMMAND: GET /session/e87ee5c00bb1e8c61ee38b6c01d07093/screenshot - {}
RESULT: {"script":"<script> [1562 bytes]","args":[{"selector":{"id":"application-manageresources-display-component---newResourceUnit--resourceId","interaction":{"idSuffix":"inner"}},"wdio_ui5_key":"applicationmanageresources-display-component---newResourceUnit--resourceId"}]}
RESULT: undefined
COMMAND: POST /session/e87ee5c00bb1e8c61ee38b6c01d07093/execute/async - {"script":"<script> [776 bytes]","args":[{"enterText":"PKwh9YomrK","selector":{"id":"application-manageresources-display-component---newResourceUnit--resourceId","interaction":{"idSuffix":"inner"}},"clearTextFirst":true,"interactionType":"ENTER_TEXT"}]}
RESULT: {}
RESULT: {"script":"<script> [776 bytes]","args":[{"enterText":"PKwh9YomrK","selector":{"id":"application-manageresources-display-component---newResourceUnit--resourceId","interaction":{"idSuffix":"inner"}},"clearTextFirst":true,"interactionType":"ENTER_TEXT"}]}
COMMAND: POST /session/e87ee5c00bb1e8c61ee38b6c01d07093/execute/async - {"script":"<script> [1562 bytes]","args":[{"selector":{"id":"application-manageresources-display-component---newResourceUnit--SHORT_TEXT","interaction":{"idSuffix":"inner"}},"wdio_ui5_key":"applicationmanageresources-display-component---newResourceUnit--SHORT_TEXT"}]}
RESULT: {"script":"<script> [1562 bytes]","args":[{"selector":{"id":"application-manageresources-display-component---newResourceUnit--SHORT_TEXT","interaction":{"idSuffix":"inner"}},"wdio_ui5_key":"applicationmanageresources-display-component---newResourceUnit--SHORT_TEXT"}]}
RESULT: undefined
COMMAND: POST /session/e87ee5c00bb1e8c61ee38b6c01d07093/execute/async - {"script":"<script> [776 bytes]","args":[{"enterText":"Intercompany Equipment WDIO","selector":{"id":"application-manageresources-display-component---newResourceUnit--SHORT_TEXT","interaction":{"idSuffix":"inner"}},"clearTextFirst":true,"interactionType":"ENTER_TEXT"}]}
RESULT: {"script":"<script> [776 bytes]","args":[{"enterText":"Intercompany Equipment WDIO","selector":{"id":"application-manageresources-display-component---newResourceUnit--SHORT_TEXT","interaction":{"idSuffix":"inner"}},"clearTextFirst":true,"interactionType":"ENTER_TEXT"}]}
COMMAND: POST /session/e87ee5c00bb1e8c61ee38b6c01d07093/execute/async - {"script":"<script> [1562 bytes]","args":[{"selector":{"id":"application-manageresources-display-component---newResourceUnit--BASE_UNIT_OF_MEASURE","interaction":{"idSuffix":"inner"}},"wdio_ui5_key":"applicationmanageresources-display-component---newResourceUnit--BASE_UNIT_OF_MEASURE"}]}
RESULT: {"script":"<script> [1562 bytes]","args":[{"selector":{"id":"application-manageresources-display-component---newResourceUnit--BASE_UNIT_OF_MEASURE","interaction":{"idSuffix":"inner"}},"wdio_ui5_key":"applicationmanageresources-display-component---newResourceUnit--BASE_UNIT_OF_MEASURE"}]}
RESULT: undefined
COMMAND: POST /session/e87ee5c00bb1e8c61ee38b6c01d07093/execute/async - {"script":"<script> [776 bytes]","args":[{"enterText":"Piece","selector":{"id":"application-manageresources-display-component---newResourceUnit--BASE_UNIT_OF_MEASURE","interaction":{"idSuffix":"inner"}},"clearTextFirst":true,"interactionType":"ENTER_TEXT"}]}
RESULT: {"script":"<script> [776 bytes]","args":[{"enterText":"Piece","selector":{"id":"application-manageresources-display-component---newResourceUnit--BASE_UNIT_OF_MEASURE","interaction":{"idSuffix":"inner"}},"clearTextFirst":true,"interactionType":"ENTER_TEXT"}]}
COMMAND: POST /session/e87ee5c00bb1e8c61ee38b6c01d07093/execute/async - {"script":"<script> [1562 bytes]","args":[{"selector":{"id":"application-manageresources-display-component---newResourceUnit--WEIGHT_UNIT","interaction":{"idSuffix":"inner"}},"wdio_ui5_key":"applicationmanageresources-display-component---newResourceUnit--WEIGHT_UNIT"}]}
RESULT: {"script":"<script> [1562 bytes]","args":[{"selector":{"id":"application-manageresources-display-component---newResourceUnit--WEIGHT_UNIT","interaction":{"idSuffix":"inner"}},"wdio_ui5_key":"applicationmanageresources-display-component---newResourceUnit--WEIGHT_UNIT"}]}
RESULT: undefined
COMMAND: POST /session/e87ee5c00bb1e8c61ee38b6c01d07093/execute/async - {"script":"<script> [776 bytes]","args":[{"enterText":"Gram","selector":{"id":"application-manageresources-display-component---newResourceUnit--WEIGHT_UNIT","interaction":{"idSuffix":"inner"}},"clearTextFirst":true,"interactionType":"ENTER_TEXT"}]}
RESULT: {"script":"<script> [776 bytes]","args":[{"enterText":"Gram","selector":{"id":"application-manageresources-display-component---newResourceUnit--WEIGHT_UNIT","interaction":{"idSuffix":"inner"}},"clearTextFirst":true,"interactionType":"ENTER_TEXT"}]}
COMMAND: POST /session/e87ee5c00bb1e8c61ee38b6c01d07093/execute/async - {"script":"<script> [1562 bytes]","args":[{"selector":{"id":"application-manageresources-display-component---newResourceUnit--DIMENSION_UNIT","interaction":{"idSuffix":"inner"}},"wdio_ui5_key":"applicationmanageresources-display-component---newResourceUnit--DIMENSION_UNIT"}]}
RESULT: {"script":"<script> [1562 bytes]","args":[{"selector":{"id":"application-manageresources-display-component---newResourceUnit--DIMENSION_UNIT","interaction":{"idSuffix":"inner"}},"wdio_ui5_key":"applicationmanageresources-display-component---newResourceUnit--DIMENSION_UNIT"}]}
RESULT: undefined
COMMAND: POST /session/e87ee5c00bb1e8c61ee38b6c01d07093/execute/async - {"script":"<script> [776 bytes]","args":[{"enterText":"Meter","selector":{"id":"application-manageresources-display-component---newResourceUnit--DIMENSION_UNIT","interaction":{"idSuffix":"inner"}},"clearTextFirst":true,"interactionType":"ENTER_TEXT"}]}
RESULT: {"script":"<script> [776 bytes]","args":[{"enterText":"Meter","selector":{"id":"application-manageresources-display-component---newResourceUnit--DIMENSION_UNIT","interaction":{"idSuffix":"inner"}},"clearTextFirst":true,"interactionType":"ENTER_TEXT"}]}
COMMAND: POST /session/e87ee5c00bb1e8c61ee38b6c01d07093/execute/async - {"script":"<script> [1562 bytes]","args":[{"selector":{"id":"application-manageresources-display-component---newResourceUnit--newRRUPage-anchBar-application-manageresources-display-component---newResourceUnit--control-anchor","interaction":{"idSuffix":"BDI-content"}},"wdio_ui5_key":"applicationmanageresources-display-component---newResourceUnit--newRRUPage-anchBar-application-manageresources-display-component---newResourceUnit--control-anchor"}]}
RESULT: {"script":"<script> [1562 bytes]","args":[{"selector":{"id":"application-manageresources-display-component---newResourceUnit--newRRUPage-anchBar-application-manageresources-display-component---newResourceUnit--control-anchor","interaction":{"idSuffix":"BDI-content"}},"wdio_ui5_key":"applicationmanageresources-display-component---newResourceUnit--newRRUPage-anchBar-application-manageresources-display-component---newResourceUnit--control-anchor"}]}
RESULT: undefined
COMMAND: POST /session/e87ee5c00bb1e8c61ee38b6c01d07093/element - {"using":"xpath","value":"//*[@id=\"application-manageresources-display-component---newResourceUnit--newRRUPage-anchBar-application-manageresources-display-component---newResourceUnit--control-anchor\"]"}
RESULT: {"using":"xpath","value":"//*[@id=\"application-manageresources-display-component---newResourceUnit--newRRUPage-anchBar-application-manageresources-display-component---newResourceUnit--control-anchor\"]"}
COMMAND: POST /session/e87ee5c00bb1e8c61ee38b6c01d07093/element/f.C39E6AC59F605FD7CA79606EE8A094DD.d.2E98C03DBE5B89E7C4B1AA0594970479.e.15672/click - {}
RESULT: {}
COMMAND: POST /session/e87ee5c00bb1e8c61ee38b6c01d07093/execute/async - {"script":"<script> [1562 bytes]","args":[{"selector":{"id":"application-manageresources-display-component---newResourceUnit--PLANNING_GROUP","interaction":{"idSuffix":"inner"}},"wdio_ui5_key":"applicationmanageresources-display-component---newResourceUnit--PLANNING_GROUP"}]}
COMMAND: GET /session/e87ee5c00bb1e8c61ee38b6c01d07093/screenshot - {}
RESULT: {"script":"<script> [1562 bytes]","args":[{"selector":{"id":"application-manageresources-display-component---newResourceUnit--PLANNING_GROUP","interaction":{"idSuffix":"inner"}},"wdio_ui5_key":"applicationmanageresources-display-component---newResourceUnit--PLANNING_GROUP"}]}
RESULT: undefined
COMMAND: POST /session/e87ee5c00bb1e8c61ee38b6c01d07093/execute/async - {"script":"<script> [776 bytes]","args":[{"enterText":"Heavy Equi","selector":{"id":"application-manageresources-display-component---newResourceUnit--PLANNING_GROUP","interaction":{"idSuffix":"inner"}},"clearTextFirst":true,"interactionType":"ENTER_TEXT"}]}
RESULT: {}
RESULT: {"script":"<script> [776 bytes]","args":[{"enterText":"Heavy Equi","selector":{"id":"application-manageresources-display-component---newResourceUnit--PLANNING_GROUP","interaction":{"idSuffix":"inner"}},"clearTextFirst":true,"interactionType":"ENTER_TEXT"}]}
COMMAND: POST /session/e87ee5c00bb1e8c61ee38b6c01d07093/execute/async - {"script":"<script> [1562 bytes]","args":[{"selector":{"id":"application-manageresources-display-component---newResourceUnit--ITEM_TYPE-arrow"},"wdio_ui5_key":"applicationmanageresources-display-component---newResourceUnit--ITEM_TYPE-arrow"}]}
RESULT: {"script":"<script> [1562 bytes]","args":[{"selector":{"id":"application-manageresources-display-component---newResourceUnit--ITEM_TYPE-arrow"},"wdio_ui5_key":"applicationmanageresources-display-component---newResourceUnit--ITEM_TYPE-arrow"}]}
RESULT: undefined
COMMAND: POST /session/e87ee5c00bb1e8c61ee38b6c01d07093/element - {"using":"xpath","value":"//*[@id=\"application-manageresources-display-component---newResourceUnit--ITEM_TYPE-arrow\"]"}
RESULT: {"using":"xpath","value":"//*[@id=\"application-manageresources-display-component---newResourceUnit--ITEM_TYPE-arrow\"]"}
COMMAND: POST /session/e87ee5c00bb1e8c61ee38b6c01d07093/element/f.C39E6AC59F605FD7CA79606EE8A094DD.d.2E98C03DBE5B89E7C4B1AA0594970479.e.15681/click - {}
RESULT: {}
COMMAND: POST /session/e87ee5c00bb1e8c61ee38b6c01d07093/element - {"using":"xpath","value":"(//span[contains(text(), \"Resource Unit\")])[2]"}
COMMAND: GET /session/e87ee5c00bb1e8c61ee38b6c01d07093/screenshot - {}
RESULT: {"using":"xpath","value":"(//span[contains(text(), \"Resource Unit\")])[2]"}
COMMAND: POST /session/e87ee5c00bb1e8c61ee38b6c01d07093/element/f.C39E6AC59F605FD7CA79606EE8A094DD.d.2E98C03DBE5B89E7C4B1AA0594970479.e.15682/click - {}
RESULT: {}
RESULT: {}
COMMAND: GET /session/e87ee5c00bb1e8c61ee38b6c01d07093/screenshot - {}
RESULT: {}
COMMAND: POST /session/e87ee5c00bb1e8c61ee38b6c01d07093/element - {"using":"css selector","value":"#application-manageresources-display-component---newResourceUnit--btnAddTimeSegment"}
RESULT: {"using":"css selector","value":"#application-manageresources-display-component---newResourceUnit--btnAddTimeSegment"}
COMMAND: GET /session/e87ee5c00bb1e8c61ee38b6c01d07093/element/f.C39E6AC59F605FD7CA79606EE8A094DD.d.2E98C03DBE5B89E7C4B1AA0594970479.e.15689/rect - {}
RESULT: {}
COMMAND: GET /session/e87ee5c00bb1e8c61ee38b6c01d07093/window/rect - {}
RESULT: {}
COMMAND: POST /session/e87ee5c00bb1e8c61ee38b6c01d07093/execute/sync - {"script":"<script> [92 bytes]","args":[]}
RESULT: {"script":"<script> [92 bytes]","args":[]}
COMMAND: POST /session/e87ee5c00bb1e8c61ee38b6c01d07093/actions - {"actions":[{"id":"action48","type":"wheel","parameters":{},"actions":[{"type":"scroll","x":-1888,"y":-32,"deltaX":0,"deltaY":0,"duration":0,"origin":{"element-6066-11e4-a52e-4f735466cecf":"f.C39E6AC59F605FD7CA79606EE8A094DD.d.2E98C03DBE5B89E7C4B1AA0594970479.e.15689"}}]}]}
COMMAND: GET /session/e87ee5c00bb1e8c61ee38b6c01d07093/screenshot - {}
RESULT: {}
COMMAND: POST /session/e87ee5c00bb1e8c61ee38b6c01d07093/execute/sync - {"script":"<script> [79 bytes]","args":[{"element-6066-11e4-a52e-4f735466cecf":"f.C39E6AC59F605FD7CA79606EE8A094DD.d.2E98C03DBE5B89E7C4B1AA0594970479.e.15689","ELEMENT":"f.C39E6AC59F605FD7CA79606EE8A094DD.d.2E98C03DBE5B89E7C4B1AA0594970479.e.15689"},{"block":"start","inline":"nearest"}]}
RESULT: {"script":"<script> [79 bytes]","args":[{"element-6066-11e4-a52e-4f735466cecf":"f.C39E6AC59F605FD7CA79606EE8A094DD.d.2E98C03DBE5B89E7C4B1AA0594970479.e.15689","ELEMENT":"f.C39E6AC59F605FD7CA79606EE8A094DD.d.2E98C03DBE5B89E7C4B1AA0594970479.e.15689"},{"block":"start","inline":"nearest"}]}
COMMAND: POST /session/e87ee5c00bb1e8c61ee38b6c01d07093/execute/async - {"script":"<script> [1562 bytes]","args":[{"selector":{"id":"application-manageresources-display-component---newResourceUnit--btnAddTimeSegment","interaction":{"idSuffix":"inner"}},"wdio_ui5_key":"applicationmanageresources-display-component---newResourceUnit--btnAddTimeSegment"}]}
COMMAND: GET /session/e87ee5c00bb1e8c61ee38b6c01d07093/screenshot - {}
RESULT: {"script":"<script> [1562 bytes]","args":[{"selector":{"id":"application-manageresources-display-component---newResourceUnit--btnAddTimeSegment","interaction":{"idSuffix":"inner"}},"wdio_ui5_key":"applicationmanageresources-display-component---newResourceUnit--btnAddTimeSegment"}]}
RESULT: undefined
COMMAND: POST /session/e87ee5c00bb1e8c61ee38b6c01d07093/element - {"using":"xpath","value":"//*[@id=\"application-manageresources-display-component---newResourceUnit--btnAddTimeSegment\"]"}
RESULT: {}
RESULT: {"using":"xpath","value":"//*[@id=\"application-manageresources-display-component---newResourceUnit--btnAddTimeSegment\"]"}
COMMAND: POST /session/e87ee5c00bb1e8c61ee38b6c01d07093/element/f.C39E6AC59F605FD7CA79606EE8A094DD.d.2E98C03DBE5B89E7C4B1AA0594970479.e.15689/click - {}
RESULT: {}
COMMAND: GET /session/e87ee5c00bb1e8c61ee38b6c01d07093/screenshot - {}
RESULT: {}
COMMAND: POST /session/e87ee5c00bb1e8c61ee38b6c01d07093/element - {"using":"xpath","value":"//input[@id=\"application-manageresources-display-component---newResourceUnit--idRuTSAdmin-application-manageresources-display-component---newResourceUnit--RUTimeSegment-0-inner\"]"}
RESULT: {"using":"xpath","value":"//input[@id=\"application-manageresources-display-component---newResourceUnit--idRuTSAdmin-application-manageresources-display-component---newResourceUnit--RUTimeSegment-0-inner\"]"}
COMMAND: POST /session/e87ee5c00bb1e8c61ee38b6c01d07093/element/f.C39E6AC59F605FD7CA79606EE8A094DD.d.2E98C03DBE5B89E7C4B1AA0594970479.e.15695/clear - {}
RESULT: {}
COMMAND: POST /session/e87ee5c00bb1e8c61ee38b6c01d07093/element/f.C39E6AC59F605FD7CA79606EE8A094DD.d.2E98C03DBE5B89E7C4B1AA0594970479.e.15695/value - {"text":"284"}
COMMAND: GET /session/e87ee5c00bb1e8c61ee38b6c01d07093/screenshot - {}
RESULT: {"text":"284"}
COMMAND: GET /session/e87ee5c00bb1e8c61ee38b6c01d07093/screenshot - {}
RESULT: {}
RESULT: {}
COMMAND: POST /session/e87ee5c00bb1e8c61ee38b6c01d07093/element - {"using":"xpath","value":"//li[.//span[text()='284']]"}
RESULT: {"using":"xpath","value":"//li[.//span[text()='284']]"}
COMMAND: POST /session/e87ee5c00bb1e8c61ee38b6c01d07093/element/f.C39E6AC59F605FD7CA79606EE8A094DD.d.2E98C03DBE5B89E7C4B1AA0594970479.e.15707/click - {}
RESULT: {}
COMMAND: GET /session/e87ee5c00bb1e8c61ee38b6c01d07093/screenshot - {}
RESULT: {}
COMMAND: POST /session/e87ee5c00bb1e8c61ee38b6c01d07093/element - {"using":"xpath","value":"(//span[contains(@id, \"-application-manageresources-display-component---newResourceUnit--RUTimeSegment-0-arrow\")])[6]"}
RESULT: {"using":"xpath","value":"(//span[contains(@id, \"-application-manageresources-display-component---newResourceUnit--RUTimeSegment-0-arrow\")])[6]"}
COMMAND: POST /session/e87ee5c00bb1e8c61ee38b6c01d07093/element/f.C39E6AC59F605FD7CA79606EE8A094DD.d.2E98C03DBE5B89E7C4B1AA0594970479.e.15708/click - {}
RESULT: {}
COMMAND: GET /session/e87ee5c00bb1e8c61ee38b6c01d07093/screenshot - {}
RESULT: {}
COMMAND: POST /session/e87ee5c00bb1e8c61ee38b6c01d07093/element - {"using":"xpath","value":"//span[contains(text(), \"PM Order\")]"}
RESULT: {"using":"xpath","value":"//span[contains(text(), \"PM Order\")]"}
COMMAND: POST /session/e87ee5c00bb1e8c61ee38b6c01d07093/element/f.C39E6AC59F605FD7CA79606EE8A094DD.d.2E98C03DBE5B89E7C4B1AA0594970479.e.15711/click - {}
RESULT: {}
COMMAND: GET /session/e87ee5c00bb1e8c61ee38b6c01d07093/screenshot - {}
RESULT: {}
COMMAND: POST /session/e87ee5c00bb1e8c61ee38b6c01d07093/element - {"using":"xpath","value":"(//span[contains(@id ,\"manageresources-display-component---newResourceUnit--RUTimeSegment-0-vhi\")])[1]"}
RESULT: {"using":"xpath","value":"(//span[contains(@id ,\"manageresources-display-component---newResourceUnit--RUTimeSegment-0-vhi\")])[1]"}
COMMAND: GET /session/e87ee5c00bb1e8c61ee38b6c01d07093/element/f.C39E6AC59F605FD7CA79606EE8A094DD.d.2E98C03DBE5B89E7C4B1AA0594970479.e.15715/rect - {}
RESULT: {}
COMMAND: GET /session/e87ee5c00bb1e8c61ee38b6c01d07093/window/rect - {}
RESULT: {}
COMMAND: POST /session/e87ee5c00bb1e8c61ee38b6c01d07093/execute/sync - {"script":"<script> [92 bytes]","args":[]}
RESULT: {"script":"<script> [92 bytes]","args":[]}
COMMAND: POST /session/e87ee5c00bb1e8c61ee38b6c01d07093/actions - {"actions":[{"id":"action49","type":"wheel","parameters":{},"actions":[{"type":"scroll","x":-869,"y":-24,"deltaX":0,"deltaY":0,"duration":0,"origin":{"element-6066-11e4-a52e-4f735466cecf":"f.C39E6AC59F605FD7CA79606EE8A094DD.d.2E98C03DBE5B89E7C4B1AA0594970479.e.15715"}}]}]}
COMMAND: GET /session/e87ee5c00bb1e8c61ee38b6c01d07093/screenshot - {}
RESULT: {"actions":[{"id":"action49","type":"wheel","parameters":{},"actions":[{"type":"scroll","x":-869,"y":-24,"deltaX":0,"deltaY":0,"duration":0,"origin":{"element-6066-11e4-a52e-4f735466cecf":"f.C39E6AC59F605FD7CA79606EE8A094DD.d.2E98C03DBE5B89E7C4B1AA0594970479.e.15715"}}]}]}
COMMAND: DELETE /session/e87ee5c00bb1e8c61ee38b6c01d07093/actions - {}
COMMAND: GET /session/e87ee5c00bb1e8c61ee38b6c01d07093/screenshot - {}
RESULT: {}
RESULT: {}
COMMAND: GET /session/e87ee5c00bb1e8c61ee38b6c01d07093/screenshot - {}
RESULT: {}
RESULT: {}
COMMAND: POST /session/e87ee5c00bb1e8c61ee38b6c01d07093/element/f.C39E6AC59F605FD7CA79606EE8A094DD.d.2E98C03DBE5B89E7C4B1AA0594970479.e.15715/click - {}
RESULT: {}
COMMAND: GET /session/e87ee5c00bb1e8c61ee38b6c01d07093/screenshot - {}
RESULT: {}
COMMAND: POST /session/e87ee5c00bb1e8c61ee38b6c01d07093/execute/async - {"script":"<script> [1562 bytes]","args":[{"selector":{"controlType":"sap.m.SearchField","properties":{"placeholder":"Search"},"searchOpenDialogs":true,"interaction":{"idSuffix":"I"}},"wdio_ui5_key":"sapm.SearchField{\"placeholder\":\"Search\"}"}]}
RESULT: {"script":"<script> [1562 bytes]","args":[{"selector":{"controlType":"sap.m.SearchField","properties":{"placeholder":"Search"},"searchOpenDialogs":true,"interaction":{"idSuffix":"I"}},"wdio_ui5_key":"sapm.SearchField{\"placeholder\":\"Search\"}"}]}
RESULT: undefined
COMMAND: POST /session/e87ee5c00bb1e8c61ee38b6c01d07093/execute/async - {"script":"<script> [776 bytes]","args":[{"enterText":"4000360","selector":{"controlType":"sap.m.SearchField","properties":{"placeholder":"Search"},"searchOpenDialogs":true,"interaction":{"idSuffix":"I"}},"clearTextFirst":true,"interactionType":"ENTER_TEXT"}]}
RESULT: {"script":"<script> [776 bytes]","args":[{"enterText":"4000360","selector":{"controlType":"sap.m.SearchField","properties":{"placeholder":"Search"},"searchOpenDialogs":true,"interaction":{"idSuffix":"I"}},"clearTextFirst":true,"interactionType":"ENTER_TEXT"}]}
COMMAND: POST /session/e87ee5c00bb1e8c61ee38b6c01d07093/actions - {"actions":[{"id":"action50","type":"key","parameters":{},"actions":[{"type":"keyDown","value":""},{"type":"pause","duration":10},{"type":"keyUp","value":""}]}]}
RESULT: {"actions":[{"id":"action50","type":"key","parameters":{},"actions":[{"type":"keyDown","value":""},{"type":"pause","duration":10},{"type":"keyUp","value":""}]}]}
COMMAND: GET /session/e87ee5c00bb1e8c61ee38b6c01d07093/screenshot - {}
RESULT: {}
COMMAND: POST /session/e87ee5c00bb1e8c61ee38b6c01d07093/element - {"using":"xpath","value":"//td/div/span[contains(text(), \"BGL Vehicles\")]"}
RESULT: {"using":"xpath","value":"//td/div/span[contains(text(), \"BGL Vehicles\")]"}
COMMAND: POST /session/e87ee5c00bb1e8c61ee38b6c01d07093/element/f.C39E6AC59F605FD7CA79606EE8A094DD.d.2E98C03DBE5B89E7C4B1AA0594970479.e.15737/click - {}
RESULT: {}
COMMAND: GET /session/e87ee5c00bb1e8c61ee38b6c01d07093/screenshot - {}
RESULT: {}
COMMAND: POST /session/e87ee5c00bb1e8c61ee38b6c01d07093/element - {"using":"xpath","value":"//bdi[contains(text(), \"OK\")]"}
RESULT: {"using":"xpath","value":"//bdi[contains(text(), \"OK\")]"}
COMMAND: POST /session/e87ee5c00bb1e8c61ee38b6c01d07093/element/f.C39E6AC59F605FD7CA79606EE8A094DD.d.2E98C03DBE5B89E7C4B1AA0594970479.e.15738/click - {}
RESULT: {}
COMMAND: GET /session/e87ee5c00bb1e8c61ee38b6c01d07093/screenshot - {}
RESULT: {}
COMMAND: POST /session/e87ee5c00bb1e8c61ee38b6c01d07093/execute/async - {"script":"<script> [1562 bytes]","args":[{"selector":{"id":"application-manageresources-display-component---newResourceUnit--newRRUPage-anchBar-application-manageresources-display-component---newResourceUnit--resource-anchor","interaction":{"idSuffix":"BDI-content"}},"wdio_ui5_key":"applicationmanageresources-display-component---newResourceUnit--newRRUPage-anchBar-application-manageresources-display-component---newResourceUnit--resource-anchor"}]}
RESULT: {"script":"<script> [1562 bytes]","args":[{"selector":{"id":"application-manageresources-display-component---newResourceUnit--newRRUPage-anchBar-application-manageresources-display-component---newResourceUnit--resource-anchor","interaction":{"idSuffix":"BDI-content"}},"wdio_ui5_key":"applicationmanageresources-display-component---newResourceUnit--newRRUPage-anchBar-application-manageresources-display-component---newResourceUnit--resource-anchor"}]}
RESULT: undefined
COMMAND: POST /session/e87ee5c00bb1e8c61ee38b6c01d07093/element - {"using":"xpath","value":"//*[@id=\"application-manageresources-display-component---newResourceUnit--newRRUPage-anchBar-application-manageresources-display-component---newResourceUnit--resource-anchor\"]"}
RESULT: {"using":"xpath","value":"//*[@id=\"application-manageresources-display-component---newResourceUnit--newRRUPage-anchBar-application-manageresources-display-component---newResourceUnit--resource-anchor\"]"}
COMMAND: POST /session/e87ee5c00bb1e8c61ee38b6c01d07093/element/f.C39E6AC59F605FD7CA79606EE8A094DD.d.2E98C03DBE5B89E7C4B1AA0594970479.e.15742/click - {}
RESULT: {}
COMMAND: POST /session/e87ee5c00bb1e8c61ee38b6c01d07093/execute/async - {"script":"<script> [1562 bytes]","args":[{"selector":{"id":"application-manageresources-display-component---newResourceUnit--PLANNED_DELIVERY_DATE","interaction":{"idSuffix":"inner"}},"wdio_ui5_key":"applicationmanageresources-display-component---newResourceUnit--PLANNED_DELIVERY_DATE"}]}
COMMAND: GET /session/e87ee5c00bb1e8c61ee38b6c01d07093/screenshot - {}
RESULT: {"script":"<script> [1562 bytes]","args":[{"selector":{"id":"application-manageresources-display-component---newResourceUnit--PLANNED_DELIVERY_DATE","interaction":{"idSuffix":"inner"}},"wdio_ui5_key":"applicationmanageresources-display-component---newResourceUnit--PLANNED_DELIVERY_DATE"}]}
RESULT: undefined
COMMAND: POST /session/e87ee5c00bb1e8c61ee38b6c01d07093/execute/async - {"script":"<script> [6424 bytes]","args":[{"element-6066-11e4-a52e-4f735466cecf":"f.C39E6AC59F605FD7CA79606EE8A094DD.d.2E98C03DBE5B89E7C4B1AA0594970479.e.15571"},"setValue",["5/25/25"]]}
RESULT: {}
RESULT: {"script":"<script> [6424 bytes]","args":[{"element-6066-11e4-a52e-4f735466cecf":"f.C39E6AC59F605FD7CA79606EE8A094DD.d.2E98C03DBE5B89E7C4B1AA0594970479.e.15571"},"setValue",["5/25/25"]]}
COMMAND: POST /session/e87ee5c00bb1e8c61ee38b6c01d07093/element - {"using":"xpath","value":"//label[contains(@class, 'sapMLabelRequired') and .//bdi[contains(text(), 'Planned Retirement')]]"}
RESULT: {"using":"xpath","value":"//label[contains(@class, 'sapMLabelRequired') and .//bdi[contains(text(), 'Planned Retirement')]]"}
COMMAND: POST /session/e87ee5c00bb1e8c61ee38b6c01d07093/elements - {"using":"xpath","value":"//label[contains(@class, 'sapMLabelRequired') and .//bdi[contains(text(), 'Planned Retirement')]]"}
RESULT: {"using":"xpath","value":"//label[contains(@class, 'sapMLabelRequired') and .//bdi[contains(text(), 'Planned Retirement')]]"}
COMMAND: POST /session/e87ee5c00bb1e8c61ee38b6c01d07093/element - {"using":"xpath","value":"//button[@data-kt=\"resourceUnitSaveButton\"]"}
RESULT: {"using":"xpath","value":"//button[@data-kt=\"resourceUnitSaveButton\"]"}
COMMAND: POST /session/e87ee5c00bb1e8c61ee38b6c01d07093/element/f.C39E6AC59F605FD7CA79606EE8A094DD.d.2E98C03DBE5B89E7C4B1AA0594970479.e.15530/click - {}
RESULT: {}
COMMAND: GET /session/e87ee5c00bb1e8c61ee38b6c01d07093/screenshot - {}
RESULT: {}
COMMAND: POST /session/e87ee5c00bb1e8c61ee38b6c01d07093/element - {"using":"xpath","value":"//bdi[contains(text(), \"Close\")]"}
RESULT: {"using":"xpath","value":"//bdi[contains(text(), \"Close\")]"}
COMMAND: POST /session/e87ee5c00bb1e8c61ee38b6c01d07093/element/f.C39E6AC59F605FD7CA79606EE8A094DD.d.2E98C03DBE5B89E7C4B1AA0594970479.e.15750/click - {}
RESULT: {}
COMMAND: GET /session/e87ee5c00bb1e8c61ee38b6c01d07093/screenshot - {}
RESULT: {}
COMMAND: POST /session/e87ee5c00bb1e8c61ee38b6c01d07093/element - {"using":"xpath","value":"(//button[contains(@id ,\"actionsToolbar-overflowButton\")])[1]"}
RESULT: {"using":"xpath","value":"(//button[contains(@id ,\"actionsToolbar-overflowButton\")])[1]"}
COMMAND: POST /session/e87ee5c00bb1e8c61ee38b6c01d07093/element/f.C39E6AC59F605FD7CA79606EE8A094DD.d.2E98C03DBE5B89E7C4B1AA0594970479.e.15782/click - {}
RESULT: {}
COMMAND: GET /session/e87ee5c00bb1e8c61ee38b6c01d07093/screenshot - {}
RESULT: {}
COMMAND: POST /session/e87ee5c00bb1e8c61ee38b6c01d07093/element - {"using":"xpath","value":"//button[@data-kt=\"priceInfoButton\"]"}
RESULT: {"using":"xpath","value":"//button[@data-kt=\"priceInfoButton\"]"}
COMMAND: POST /session/e87ee5c00bb1e8c61ee38b6c01d07093/element/f.C39E6AC59F605FD7CA79606EE8A094DD.d.2E98C03DBE5B89E7C4B1AA0594970479.e.15784/click - {}
RESULT: {}
COMMAND: GET /session/e87ee5c00bb1e8c61ee38b6c01d07093/screenshot - {}
]]></system-out>
    </testcase>
    <testcase classname="chrome.136_0_7103_93.windows.Billing_transfer_US117289" name="Should create new pricing rule" time="61.928">
      <system-out><![CDATA[
COMMAND: POST /session/e87ee5c00bb1e8c61ee38b6c01d07093/element - {"using":"xpath","value":"//button[@data-kt=\"addButton\"]"}
RESULT: {}
RESULT: {"using":"xpath","value":"//button[@data-kt=\"addButton\"]"}
COMMAND: POST /session/e87ee5c00bb1e8c61ee38b6c01d07093/elements - {"using":"xpath","value":"//button[@data-kt=\"addButton\"]"}
RESULT: {"using":"xpath","value":"//button[@data-kt=\"addButton\"]"}
COMMAND: POST /session/e87ee5c00bb1e8c61ee38b6c01d07093/execute/sync - {"script":"<script> [8489 bytes]","args":[{"element-6066-11e4-a52e-4f735466cecf":"f.C39E6AC59F605FD7CA79606EE8A094DD.d.2E98C03DBE5B89E7C4B1AA0594970479.e.15821","ELEMENT":"f.C39E6AC59F605FD7CA79606EE8A094DD.d.2E98C03DBE5B89E7C4B1AA0594970479.e.15821"}]}
RESULT: {"script":"<script> [8489 bytes]","args":[{"element-6066-11e4-a52e-4f735466cecf":"f.C39E6AC59F605FD7CA79606EE8A094DD.d.2E98C03DBE5B89E7C4B1AA0594970479.e.15821","ELEMENT":"f.C39E6AC59F605FD7CA79606EE8A094DD.d.2E98C03DBE5B89E7C4B1AA0594970479.e.15821"}]}
COMMAND: GET /session/e87ee5c00bb1e8c61ee38b6c01d07093/element/f.C39E6AC59F605FD7CA79606EE8A094DD.d.2E98C03DBE5B89E7C4B1AA0594970479.e.15821/enabled - {}
COMMAND: GET /session/e87ee5c00bb1e8c61ee38b6c01d07093/screenshot - {}
RESULT: {}
COMMAND: POST /session/e87ee5c00bb1e8c61ee38b6c01d07093/execute/sync - {"script":"<script> [8489 bytes]","args":[{"element-6066-11e4-a52e-4f735466cecf":"f.C39E6AC59F605FD7CA79606EE8A094DD.d.2E98C03DBE5B89E7C4B1AA0594970479.e.15821","ELEMENT":"f.C39E6AC59F605FD7CA79606EE8A094DD.d.2E98C03DBE5B89E7C4B1AA0594970479.e.15821"}]}
COMMAND: GET /session/e87ee5c00bb1e8c61ee38b6c01d07093/screenshot - {}
RESULT: {}
RESULT: {"script":"<script> [8489 bytes]","args":[{"element-6066-11e4-a52e-4f735466cecf":"f.C39E6AC59F605FD7CA79606EE8A094DD.d.2E98C03DBE5B89E7C4B1AA0594970479.e.15821","ELEMENT":"f.C39E6AC59F605FD7CA79606EE8A094DD.d.2E98C03DBE5B89E7C4B1AA0594970479.e.15821"}]}
COMMAND: POST /session/e87ee5c00bb1e8c61ee38b6c01d07093/execute/sync - {"script":"<script> [5351 bytes]","args":[{"element-6066-11e4-a52e-4f735466cecf":"f.C39E6AC59F605FD7CA79606EE8A094DD.d.2E98C03DBE5B89E7C4B1AA0594970479.e.15821","ELEMENT":"f.C39E6AC59F605FD7CA79606EE8A094DD.d.2E98C03DBE5B89E7C4B1AA0594970479.e.15821"}]}
COMMAND: GET /session/e87ee5c00bb1e8c61ee38b6c01d07093/screenshot - {}
RESULT: {}
RESULT: {"script":"<script> [5351 bytes]","args":[{"element-6066-11e4-a52e-4f735466cecf":"f.C39E6AC59F605FD7CA79606EE8A094DD.d.2E98C03DBE5B89E7C4B1AA0594970479.e.15821","ELEMENT":"f.C39E6AC59F605FD7CA79606EE8A094DD.d.2E98C03DBE5B89E7C4B1AA0594970479.e.15821"}]}
COMMAND: POST /session/e87ee5c00bb1e8c61ee38b6c01d07093/element/f.C39E6AC59F605FD7CA79606EE8A094DD.d.2E98C03DBE5B89E7C4B1AA0594970479.e.15821/click - {}
COMMAND: GET /session/e87ee5c00bb1e8c61ee38b6c01d07093/screenshot - {}
RESULT: {}
RESULT: {}
COMMAND: GET /session/e87ee5c00bb1e8c61ee38b6c01d07093/screenshot - {}
RESULT: {}
RESULT: {}
COMMAND: POST /session/e87ee5c00bb1e8c61ee38b6c01d07093/execute/async - {"script":"<script> [1562 bytes]","args":[{"selector":{"controlType":"sap.m.Title","viewName":"etm.portal.ui.managepricingrules.view.NewItem","viewId":"application-managepricingrules-display-component---newInfoPriceItem","properties":{"text":"New Pricing Rules - Item Level"}},"wdio_ui5_key":"etmportal.ui.managepricingrules.view.NewItemsap.m.Title{\"text\":\"New Pricing Rules - Item Level\"}"}]}
RESULT: {"script":"<script> [1562 bytes]","args":[{"selector":{"controlType":"sap.m.Title","viewName":"etm.portal.ui.managepricingrules.view.NewItem","viewId":"application-managepricingrules-display-component---newInfoPriceItem","properties":{"text":"New Pricing Rules - Item Level"}},"wdio_ui5_key":"etmportal.ui.managepricingrules.view.NewItemsap.m.Title{\"text\":\"New Pricing Rules - Item Level\"}"}]}
RESULT: undefined
COMMAND: POST /session/e87ee5c00bb1e8c61ee38b6c01d07093/execute/async - {"script":"<script> [6424 bytes]","args":[{"element-6066-11e4-a52e-4f735466cecf":"f.C39E6AC59F605FD7CA79606EE8A094DD.d.2E98C03DBE5B89E7C4B1AA0594970479.e.15894"},"getText",[]]}
RESULT: {"script":"<script> [6424 bytes]","args":[{"element-6066-11e4-a52e-4f735466cecf":"f.C39E6AC59F605FD7CA79606EE8A094DD.d.2E98C03DBE5B89E7C4B1AA0594970479.e.15894"},"getText",[]]}
COMMAND: POST /session/e87ee5c00bb1e8c61ee38b6c01d07093/execute/async - {"script":"<script> [1562 bytes]","args":[{"selector":{"id":"application-managepricingrules-display-component---newInfoPriceItem--condValidTo","interaction":{"idSuffix":"inner"}},"wdio_ui5_key":"applicationmanagepricingrules-display-component---newInfoPriceItem--condValidTo"}]}
RESULT: {"script":"<script> [1562 bytes]","args":[{"selector":{"id":"application-managepricingrules-display-component---newInfoPriceItem--condValidTo","interaction":{"idSuffix":"inner"}},"wdio_ui5_key":"applicationmanagepricingrules-display-component---newInfoPriceItem--condValidTo"}]}
RESULT: undefined
COMMAND: POST /session/e87ee5c00bb1e8c61ee38b6c01d07093/execute/async - {"script":"<script> [776 bytes]","args":[{"enterText":"1/25/26","selector":{"id":"application-managepricingrules-display-component---newInfoPriceItem--condValidTo","interaction":{"idSuffix":"inner"}},"clearTextFirst":true,"interactionType":"ENTER_TEXT"}]}
RESULT: {"script":"<script> [776 bytes]","args":[{"enterText":"1/25/26","selector":{"id":"application-managepricingrules-display-component---newInfoPriceItem--condValidTo","interaction":{"idSuffix":"inner"}},"clearTextFirst":true,"interactionType":"ENTER_TEXT"}]}
COMMAND: POST /session/e87ee5c00bb1e8c61ee38b6c01d07093/execute/async - {"script":"<script> [1562 bytes]","args":[{"selector":{"id":"application-managepricingrules-display-component---newInfoPriceItem--billType-arrow"},"wdio_ui5_key":"applicationmanagepricingrules-display-component---newInfoPriceItem--billType-arrow"}]}
RESULT: {"script":"<script> [1562 bytes]","args":[{"selector":{"id":"application-managepricingrules-display-component---newInfoPriceItem--billType-arrow"},"wdio_ui5_key":"applicationmanagepricingrules-display-component---newInfoPriceItem--billType-arrow"}]}
RESULT: undefined
COMMAND: POST /session/e87ee5c00bb1e8c61ee38b6c01d07093/element - {"using":"xpath","value":"//*[@id=\"application-managepricingrules-display-component---newInfoPriceItem--billType-arrow\"]"}
RESULT: {"using":"xpath","value":"//*[@id=\"application-managepricingrules-display-component---newInfoPriceItem--billType-arrow\"]"}
COMMAND: POST /session/e87ee5c00bb1e8c61ee38b6c01d07093/element/f.C39E6AC59F605FD7CA79606EE8A094DD.d.2E98C03DBE5B89E7C4B1AA0594970479.e.15951/click - {}
RESULT: {}
COMMAND: POST /session/e87ee5c00bb1e8c61ee38b6c01d07093/element - {"using":"xpath","value":"//span[contains(text(), \"TB - Time based\")]"}
COMMAND: GET /session/e87ee5c00bb1e8c61ee38b6c01d07093/screenshot - {}
RESULT: {"using":"xpath","value":"//span[contains(text(), \"TB - Time based\")]"}
COMMAND: POST /session/e87ee5c00bb1e8c61ee38b6c01d07093/element/f.C39E6AC59F605FD7CA79606EE8A094DD.d.2E98C03DBE5B89E7C4B1AA0594970479.e.15993/click - {}
RESULT: {}
RESULT: {}
COMMAND: POST /session/e87ee5c00bb1e8c61ee38b6c01d07093/execute/async - {"script":"<script> [1562 bytes]","args":[{"selector":{"id":"application-managepricingrules-display-component---newInfoPriceItem--priceProc-arrow"},"wdio_ui5_key":"applicationmanagepricingrules-display-component---newInfoPriceItem--priceProc-arrow"}]}
COMMAND: GET /session/e87ee5c00bb1e8c61ee38b6c01d07093/screenshot - {}
RESULT: {"script":"<script> [1562 bytes]","args":[{"selector":{"id":"application-managepricingrules-display-component---newInfoPriceItem--priceProc-arrow"},"wdio_ui5_key":"applicationmanagepricingrules-display-component---newInfoPriceItem--priceProc-arrow"}]}
RESULT: undefined
COMMAND: POST /session/e87ee5c00bb1e8c61ee38b6c01d07093/element - {"using":"xpath","value":"//*[@id=\"application-managepricingrules-display-component---newInfoPriceItem--priceProc-arrow\"]"}
RESULT: {}
RESULT: {"using":"xpath","value":"//*[@id=\"application-managepricingrules-display-component---newInfoPriceItem--priceProc-arrow\"]"}
COMMAND: POST /session/e87ee5c00bb1e8c61ee38b6c01d07093/element/f.C39E6AC59F605FD7CA79606EE8A094DD.d.2E98C03DBE5B89E7C4B1AA0594970479.e.15958/click - {}
RESULT: {}
COMMAND: POST /session/e87ee5c00bb1e8c61ee38b6c01d07093/element - {"using":"xpath","value":"//span[contains(text(), \"TBS - Time based standard\")]"}
COMMAND: GET /session/e87ee5c00bb1e8c61ee38b6c01d07093/screenshot - {}
RESULT: {"using":"xpath","value":"//span[contains(text(), \"TBS - Time based standard\")]"}
COMMAND: POST /session/e87ee5c00bb1e8c61ee38b6c01d07093/element/f.C39E6AC59F605FD7CA79606EE8A094DD.d.2E98C03DBE5B89E7C4B1AA0594970479.e.15994/click - {}
RESULT: {}
RESULT: {}
COMMAND: POST /session/e87ee5c00bb1e8c61ee38b6c01d07093/execute/async - {"script":"<script> [1562 bytes]","args":[{"selector":{"id":"application-managepricingrules-display-component---newInfoPriceItem--calcBase-arrow"},"wdio_ui5_key":"applicationmanagepricingrules-display-component---newInfoPriceItem--calcBase-arrow"}]}
COMMAND: GET /session/e87ee5c00bb1e8c61ee38b6c01d07093/screenshot - {}
RESULT: {"script":"<script> [1562 bytes]","args":[{"selector":{"id":"application-managepricingrules-display-component---newInfoPriceItem--calcBase-arrow"},"wdio_ui5_key":"applicationmanagepricingrules-display-component---newInfoPriceItem--calcBase-arrow"}]}
RESULT: undefined
COMMAND: POST /session/e87ee5c00bb1e8c61ee38b6c01d07093/element - {"using":"xpath","value":"//*[@id=\"application-managepricingrules-display-component---newInfoPriceItem--calcBase-arrow\"]"}
RESULT: {}
RESULT: {"using":"xpath","value":"//*[@id=\"application-managepricingrules-display-component---newInfoPriceItem--calcBase-arrow\"]"}
COMMAND: POST /session/e87ee5c00bb1e8c61ee38b6c01d07093/element/f.C39E6AC59F605FD7CA79606EE8A094DD.d.2E98C03DBE5B89E7C4B1AA0594970479.e.15965/click - {}
RESULT: {}
COMMAND: GET /session/e87ee5c00bb1e8c61ee38b6c01d07093/screenshot - {}
RESULT: {}
COMMAND: POST /session/e87ee5c00bb1e8c61ee38b6c01d07093/element - {"using":"xpath","value":"//span[contains(text(), \"0006 - TB(calendar days)\")]"}
RESULT: {"using":"xpath","value":"//span[contains(text(), \"0006 - TB(calendar days)\")]"}
COMMAND: POST /session/e87ee5c00bb1e8c61ee38b6c01d07093/element/f.C39E6AC59F605FD7CA79606EE8A094DD.d.2E98C03DBE5B89E7C4B1AA0594970479.e.15995/click - {}
RESULT: {}
COMMAND: GET /session/e87ee5c00bb1e8c61ee38b6c01d07093/screenshot - {}
RESULT: {}
COMMAND: POST /session/e87ee5c00bb1e8c61ee38b6c01d07093/execute/async - {"script":"<script> [1562 bytes]","args":[{"selector":{"id":"application-managepricingrules-display-component---newInfoPriceItem--daysMonth","interaction":{"idSuffix":"inner"}},"wdio_ui5_key":"applicationmanagepricingrules-display-component---newInfoPriceItem--daysMonth"}]}
RESULT: {"script":"<script> [1562 bytes]","args":[{"selector":{"id":"application-managepricingrules-display-component---newInfoPriceItem--daysMonth","interaction":{"idSuffix":"inner"}},"wdio_ui5_key":"applicationmanagepricingrules-display-component---newInfoPriceItem--daysMonth"}]}
RESULT: undefined
COMMAND: POST /session/e87ee5c00bb1e8c61ee38b6c01d07093/execute/async - {"script":"<script> [776 bytes]","args":[{"enterText":"30","selector":{"id":"application-managepricingrules-display-component---newInfoPriceItem--daysMonth","interaction":{"idSuffix":"inner"}},"clearTextFirst":true,"interactionType":"ENTER_TEXT"}]}
RESULT: {"script":"<script> [776 bytes]","args":[{"enterText":"30","selector":{"id":"application-managepricingrules-display-component---newInfoPriceItem--daysMonth","interaction":{"idSuffix":"inner"}},"clearTextFirst":true,"interactionType":"ENTER_TEXT"}]}
COMMAND: POST /session/e87ee5c00bb1e8c61ee38b6c01d07093/element - {"using":"xpath","value":"//button[@data-kt=\"saveNewRuleButton\"]"}
RESULT: {"using":"xpath","value":"//button[@data-kt=\"saveNewRuleButton\"]"}
COMMAND: POST /session/e87ee5c00bb1e8c61ee38b6c01d07093/element/f.C39E6AC59F605FD7CA79606EE8A094DD.d.2E98C03DBE5B89E7C4B1AA0594970479.e.15986/click - {}
RESULT: {}
COMMAND: GET /session/e87ee5c00bb1e8c61ee38b6c01d07093/screenshot - {}
RESULT: {}
COMMAND: POST /session/e87ee5c00bb1e8c61ee38b6c01d07093/execute/async - {"script":"<script> [1562 bytes]","args":[{"selector":{"id":"application-managepricingrules-display-component---priceInfoItem--smartFilterBar-btnBasicSearch","interaction":{"idSuffix":"I"}},"wdio_ui5_key":"applicationmanagepricingrules-display-component---priceInfoItem--smartFilterBar-btnBasicSearch"}]}
RESULT: {"script":"<script> [1562 bytes]","args":[{"selector":{"id":"application-managepricingrules-display-component---priceInfoItem--smartFilterBar-btnBasicSearch","interaction":{"idSuffix":"I"}},"wdio_ui5_key":"applicationmanagepricingrules-display-component---priceInfoItem--smartFilterBar-btnBasicSearch"}]}
RESULT: undefined
COMMAND: POST /session/e87ee5c00bb1e8c61ee38b6c01d07093/execute/async - {"script":"<script> [776 bytes]","args":[{"enterText":"PKwh9YomrK","selector":{"id":"application-managepricingrules-display-component---priceInfoItem--smartFilterBar-btnBasicSearch","interaction":{"idSuffix":"I"}},"clearTextFirst":true,"interactionType":"ENTER_TEXT"}]}
RESULT: {"script":"<script> [776 bytes]","args":[{"enterText":"PKwh9YomrK","selector":{"id":"application-managepricingrules-display-component---priceInfoItem--smartFilterBar-btnBasicSearch","interaction":{"idSuffix":"I"}},"clearTextFirst":true,"interactionType":"ENTER_TEXT"}]}
COMMAND: POST /session/e87ee5c00bb1e8c61ee38b6c01d07093/actions - {"actions":[{"id":"action51","type":"key","parameters":{},"actions":[{"type":"keyDown","value":""},{"type":"pause","duration":10},{"type":"keyUp","value":""}]}]}
RESULT: {"actions":[{"id":"action51","type":"key","parameters":{},"actions":[{"type":"keyDown","value":""},{"type":"pause","duration":10},{"type":"keyUp","value":""}]}]}
COMMAND: GET /session/e87ee5c00bb1e8c61ee38b6c01d07093/screenshot - {}
RESULT: {}
COMMAND: POST /session/e87ee5c00bb1e8c61ee38b6c01d07093/element - {"using":"xpath","value":"//span[@id=\"application-managepricingrules-display-component---priceInfoItem--smartTable-header-inner\"]"}
RESULT: {"using":"xpath","value":"//span[@id=\"application-managepricingrules-display-component---priceInfoItem--smartTable-header-inner\"]"}
COMMAND: POST /session/e87ee5c00bb1e8c61ee38b6c01d07093/elements - {"using":"xpath","value":"//span[@id=\"application-managepricingrules-display-component---priceInfoItem--smartTable-header-inner\"]"}
RESULT: {"using":"xpath","value":"//span[@id=\"application-managepricingrules-display-component---priceInfoItem--smartTable-header-inner\"]"}
COMMAND: POST /session/e87ee5c00bb1e8c61ee38b6c01d07093/execute/sync - {"script":"<script> [56 bytes]","args":[{"element-6066-11e4-a52e-4f735466cecf":"f.C39E6AC59F605FD7CA79606EE8A094DD.d.2E98C03DBE5B89E7C4B1AA0594970479.e.16009","ELEMENT":"f.C39E6AC59F605FD7CA79606EE8A094DD.d.2E98C03DBE5B89E7C4B1AA0594970479.e.16009"}]}
RESULT: {"script":"<script> [56 bytes]","args":[{"element-6066-11e4-a52e-4f735466cecf":"f.C39E6AC59F605FD7CA79606EE8A094DD.d.2E98C03DBE5B89E7C4B1AA0594970479.e.16009","ELEMENT":"f.C39E6AC59F605FD7CA79606EE8A094DD.d.2E98C03DBE5B89E7C4B1AA0594970479.e.16009"}]}
COMMAND: POST /session/e87ee5c00bb1e8c61ee38b6c01d07093/element - {"using":"css selector","value":"#shell-header-logo"}
COMMAND: GET /session/e87ee5c00bb1e8c61ee38b6c01d07093/screenshot - {}
RESULT: {"using":"css selector","value":"#shell-header-logo"}
COMMAND: POST /session/e87ee5c00bb1e8c61ee38b6c01d07093/element/f.C39E6AC59F605FD7CA79606EE8A094DD.d.2E98C03DBE5B89E7C4B1AA0594970479.e.15123/click - {}
RESULT: {}
RESULT: {}
COMMAND: GET /session/e87ee5c00bb1e8c61ee38b6c01d07093/screenshot - {}
RESULT: {}
]]></system-out>
    </testcase>
    <testcase classname="chrome.136_0_7103_93.windows.Billing_transfer_US117289" name="Should create new condition for equipment" time="66.618">
      <system-out><![CDATA[
COMMAND: POST /session/e87ee5c00bb1e8c61ee38b6c01d07093/execute/async - {"script":"<script> [1562 bytes]","args":[{"selector":{"controlType":"sap.m.GenericTile","properties":{"header":"Manage Conditions & Prices"}},"wdio_ui5_key":"sapm.GenericTile{\"header\":\"Manage Conditions & Prices\"}"}]}
RESULT: {"script":"<script> [1562 bytes]","args":[{"selector":{"controlType":"sap.m.GenericTile","properties":{"header":"Manage Conditions & Prices"}},"wdio_ui5_key":"sapm.GenericTile{\"header\":\"Manage Conditions & Prices\"}"}]}
RESULT: undefined
COMMAND: POST /session/e87ee5c00bb1e8c61ee38b6c01d07093/element - {"using":"xpath","value":"//*[@id=\"__tile53\"]"}
RESULT: {"using":"xpath","value":"//*[@id=\"__tile53\"]"}
COMMAND: POST /session/e87ee5c00bb1e8c61ee38b6c01d07093/element/f.C39E6AC59F605FD7CA79606EE8A094DD.d.2E98C03DBE5B89E7C4B1AA0594970479.e.15068/click - {}
RESULT: {}
COMMAND: GET /session/e87ee5c00bb1e8c61ee38b6c01d07093/screenshot - {}
RESULT: {}
COMMAND: POST /session/e87ee5c00bb1e8c61ee38b6c01d07093/elements - {"using":"xpath","value":"//span[text()='Error']"}
RESULT: {"using":"xpath","value":"//span[text()='Error']"}
COMMAND: POST /session/e87ee5c00bb1e8c61ee38b6c01d07093/element - {"using":"xpath","value":"//button[@aria-label=\"Create\"]"}
RESULT: {"using":"xpath","value":"//button[@aria-label=\"Create\"]"}
COMMAND: POST /session/e87ee5c00bb1e8c61ee38b6c01d07093/elements - {"using":"xpath","value":"//button[@aria-label=\"Create\"]"}
RESULT: {"using":"xpath","value":"//button[@aria-label=\"Create\"]"}
COMMAND: POST /session/e87ee5c00bb1e8c61ee38b6c01d07093/execute/sync - {"script":"<script> [8489 bytes]","args":[{"element-6066-11e4-a52e-4f735466cecf":"f.C39E6AC59F605FD7CA79606EE8A094DD.d.2E98C03DBE5B89E7C4B1AA0594970479.e.16044","ELEMENT":"f.C39E6AC59F605FD7CA79606EE8A094DD.d.2E98C03DBE5B89E7C4B1AA0594970479.e.16044"}]}
RESULT: {"script":"<script> [8489 bytes]","args":[{"element-6066-11e4-a52e-4f735466cecf":"f.C39E6AC59F605FD7CA79606EE8A094DD.d.2E98C03DBE5B89E7C4B1AA0594970479.e.16044","ELEMENT":"f.C39E6AC59F605FD7CA79606EE8A094DD.d.2E98C03DBE5B89E7C4B1AA0594970479.e.16044"}]}
COMMAND: GET /session/e87ee5c00bb1e8c61ee38b6c01d07093/element/f.C39E6AC59F605FD7CA79606EE8A094DD.d.2E98C03DBE5B89E7C4B1AA0594970479.e.16044/enabled - {}
COMMAND: GET /session/e87ee5c00bb1e8c61ee38b6c01d07093/screenshot - {}
RESULT: {}
COMMAND: POST /session/e87ee5c00bb1e8c61ee38b6c01d07093/execute/sync - {"script":"<script> [8489 bytes]","args":[{"element-6066-11e4-a52e-4f735466cecf":"f.C39E6AC59F605FD7CA79606EE8A094DD.d.2E98C03DBE5B89E7C4B1AA0594970479.e.16044","ELEMENT":"f.C39E6AC59F605FD7CA79606EE8A094DD.d.2E98C03DBE5B89E7C4B1AA0594970479.e.16044"}]}
COMMAND: GET /session/e87ee5c00bb1e8c61ee38b6c01d07093/screenshot - {}
RESULT: {}
RESULT: {"script":"<script> [8489 bytes]","args":[{"element-6066-11e4-a52e-4f735466cecf":"f.C39E6AC59F605FD7CA79606EE8A094DD.d.2E98C03DBE5B89E7C4B1AA0594970479.e.16044","ELEMENT":"f.C39E6AC59F605FD7CA79606EE8A094DD.d.2E98C03DBE5B89E7C4B1AA0594970479.e.16044"}]}
COMMAND: POST /session/e87ee5c00bb1e8c61ee38b6c01d07093/execute/sync - {"script":"<script> [5351 bytes]","args":[{"element-6066-11e4-a52e-4f735466cecf":"f.C39E6AC59F605FD7CA79606EE8A094DD.d.2E98C03DBE5B89E7C4B1AA0594970479.e.16044","ELEMENT":"f.C39E6AC59F605FD7CA79606EE8A094DD.d.2E98C03DBE5B89E7C4B1AA0594970479.e.16044"}]}
COMMAND: GET /session/e87ee5c00bb1e8c61ee38b6c01d07093/screenshot - {}
RESULT: {}
RESULT: {"script":"<script> [5351 bytes]","args":[{"element-6066-11e4-a52e-4f735466cecf":"f.C39E6AC59F605FD7CA79606EE8A094DD.d.2E98C03DBE5B89E7C4B1AA0594970479.e.16044","ELEMENT":"f.C39E6AC59F605FD7CA79606EE8A094DD.d.2E98C03DBE5B89E7C4B1AA0594970479.e.16044"}]}
COMMAND: POST /session/e87ee5c00bb1e8c61ee38b6c01d07093/element/f.C39E6AC59F605FD7CA79606EE8A094DD.d.2E98C03DBE5B89E7C4B1AA0594970479.e.16044/click - {}
COMMAND: GET /session/e87ee5c00bb1e8c61ee38b6c01d07093/screenshot - {}
RESULT: {}
RESULT: {}
COMMAND: GET /session/e87ee5c00bb1e8c61ee38b6c01d07093/screenshot - {}
RESULT: {}
RESULT: {}
COMMAND: POST /session/e87ee5c00bb1e8c61ee38b6c01d07093/actions - {"actions":[{"id":"action52","type":"key","parameters":{},"actions":[{"type":"keyDown","value":""},{"type":"pause","duration":10},{"type":"keyUp","value":""}]}]}
RESULT: {"actions":[{"id":"action52","type":"key","parameters":{},"actions":[{"type":"keyDown","value":""},{"type":"pause","duration":10},{"type":"keyUp","value":""}]}]}
COMMAND: GET /session/e87ee5c00bb1e8c61ee38b6c01d07093/screenshot - {}
RESULT: {}
COMMAND: POST /session/e87ee5c00bb1e8c61ee38b6c01d07093/execute/async - {"script":"<script> [1562 bytes]","args":[{"selector":{"id":"application-manageconditionprice-display-component---newCondition--condBillCond-arrow"},"wdio_ui5_key":"applicationmanageconditionprice-display-component---newCondition--condBillCond-arrow"}]}
RESULT: {"script":"<script> [1562 bytes]","args":[{"selector":{"id":"application-manageconditionprice-display-component---newCondition--condBillCond-arrow"},"wdio_ui5_key":"applicationmanageconditionprice-display-component---newCondition--condBillCond-arrow"}]}
RESULT: undefined
COMMAND: POST /session/e87ee5c00bb1e8c61ee38b6c01d07093/element - {"using":"xpath","value":"//*[@id=\"application-manageconditionprice-display-component---newCondition--condBillCond-arrow\"]"}
RESULT: {"using":"xpath","value":"//*[@id=\"application-manageconditionprice-display-component---newCondition--condBillCond-arrow\"]"}
COMMAND: POST /session/e87ee5c00bb1e8c61ee38b6c01d07093/element/f.C39E6AC59F605FD7CA79606EE8A094DD.d.2E98C03DBE5B89E7C4B1AA0594970479.e.16220/click - {}
RESULT: {}
COMMAND: GET /session/e87ee5c00bb1e8c61ee38b6c01d07093/screenshot - {}
RESULT: {}
COMMAND: POST /session/e87ee5c00bb1e8c61ee38b6c01d07093/element - {"using":"xpath","value":"//li[.//span[contains(text(), \"DISP - D&I special price\")]]"}
RESULT: {"using":"xpath","value":"//li[.//span[contains(text(), \"DISP - D&I special price\")]]"}
COMMAND: POST /session/e87ee5c00bb1e8c61ee38b6c01d07093/element/f.C39E6AC59F605FD7CA79606EE8A094DD.d.2E98C03DBE5B89E7C4B1AA0594970479.e.16224/click - {}
RESULT: {}
COMMAND: GET /session/e87ee5c00bb1e8c61ee38b6c01d07093/screenshot - {}
RESULT: {}
COMMAND: POST /session/e87ee5c00bb1e8c61ee38b6c01d07093/execute/async - {"script":"<script> [1562 bytes]","args":[{"selector":{"id":"application-manageconditionprice-display-component---newCondition--condValidTo","interaction":{"idSuffix":"inner"}},"wdio_ui5_key":"applicationmanageconditionprice-display-component---newCondition--condValidTo"}]}
RESULT: {"script":"<script> [1562 bytes]","args":[{"selector":{"id":"application-manageconditionprice-display-component---newCondition--condValidTo","interaction":{"idSuffix":"inner"}},"wdio_ui5_key":"applicationmanageconditionprice-display-component---newCondition--condValidTo"}]}
RESULT: undefined
COMMAND: POST /session/e87ee5c00bb1e8c61ee38b6c01d07093/execute/async - {"script":"<script> [776 bytes]","args":[{"enterText":"1/25/26","selector":{"id":"application-manageconditionprice-display-component---newCondition--condValidTo","interaction":{"idSuffix":"inner"}},"clearTextFirst":true,"interactionType":"ENTER_TEXT"}]}
RESULT: {"script":"<script> [776 bytes]","args":[{"enterText":"1/25/26","selector":{"id":"application-manageconditionprice-display-component---newCondition--condValidTo","interaction":{"idSuffix":"inner"}},"clearTextFirst":true,"interactionType":"ENTER_TEXT"}]}
COMMAND: POST /session/e87ee5c00bb1e8c61ee38b6c01d07093/element - {"using":"xpath","value":"//input[@id=\"application-manageconditionprice-display-component---newCondition--condRU-inner\"]"}
RESULT: {"using":"xpath","value":"//input[@id=\"application-manageconditionprice-display-component---newCondition--condRU-inner\"]"}
COMMAND: POST /session/e87ee5c00bb1e8c61ee38b6c01d07093/element/f.C39E6AC59F605FD7CA79606EE8A094DD.d.2E98C03DBE5B89E7C4B1AA0594970479.e.16060/clear - {}
RESULT: {}
COMMAND: POST /session/e87ee5c00bb1e8c61ee38b6c01d07093/element/f.C39E6AC59F605FD7CA79606EE8A094DD.d.2E98C03DBE5B89E7C4B1AA0594970479.e.16060/value - {"text":"PKwh9YomrK"}
COMMAND: GET /session/e87ee5c00bb1e8c61ee38b6c01d07093/screenshot - {}
RESULT: {"text":"PKwh9YomrK"}
COMMAND: GET /session/e87ee5c00bb1e8c61ee38b6c01d07093/screenshot - {}
RESULT: {}
RESULT: {}
COMMAND: POST /session/e87ee5c00bb1e8c61ee38b6c01d07093/actions - {"actions":[{"id":"action53","type":"key","parameters":{},"actions":[{"type":"keyDown","value":""},{"type":"pause","duration":10},{"type":"keyUp","value":""}]}]}
RESULT: {"actions":[{"id":"action53","type":"key","parameters":{},"actions":[{"type":"keyDown","value":""},{"type":"pause","duration":10},{"type":"keyUp","value":""}]}]}
COMMAND: POST /session/e87ee5c00bb1e8c61ee38b6c01d07093/execute/async - {"script":"<script> [1562 bytes]","args":[{"selector":{"id":"application-manageconditionprice-display-component---newCondition--condBaseQty","interaction":{"idSuffix":"inner"}},"wdio_ui5_key":"applicationmanageconditionprice-display-component---newCondition--condBaseQty"}]}
COMMAND: GET /session/e87ee5c00bb1e8c61ee38b6c01d07093/screenshot - {}
RESULT: {"script":"<script> [1562 bytes]","args":[{"selector":{"id":"application-manageconditionprice-display-component---newCondition--condBaseQty","interaction":{"idSuffix":"inner"}},"wdio_ui5_key":"applicationmanageconditionprice-display-component---newCondition--condBaseQty"}]}
RESULT: undefined
COMMAND: POST /session/e87ee5c00bb1e8c61ee38b6c01d07093/execute/async - {"script":"<script> [776 bytes]","args":[{"enterText":"1","selector":{"id":"application-manageconditionprice-display-component---newCondition--condBaseQty","interaction":{"idSuffix":"inner"}},"clearTextFirst":true,"interactionType":"ENTER_TEXT"}]}
RESULT: {}
RESULT: {"script":"<script> [776 bytes]","args":[{"enterText":"1","selector":{"id":"application-manageconditionprice-display-component---newCondition--condBaseQty","interaction":{"idSuffix":"inner"}},"clearTextFirst":true,"interactionType":"ENTER_TEXT"}]}
COMMAND: POST /session/e87ee5c00bb1e8c61ee38b6c01d07093/execute/async - {"script":"<script> [1562 bytes]","args":[{"selector":{"id":"application-manageconditionprice-display-component---newCondition--condValue","interaction":{"idSuffix":"inner"}},"wdio_ui5_key":"applicationmanageconditionprice-display-component---newCondition--condValue"}]}
RESULT: {"script":"<script> [1562 bytes]","args":[{"selector":{"id":"application-manageconditionprice-display-component---newCondition--condValue","interaction":{"idSuffix":"inner"}},"wdio_ui5_key":"applicationmanageconditionprice-display-component---newCondition--condValue"}]}
RESULT: undefined
COMMAND: POST /session/e87ee5c00bb1e8c61ee38b6c01d07093/execute/async - {"script":"<script> [776 bytes]","args":[{"enterText":"100","selector":{"id":"application-manageconditionprice-display-component---newCondition--condValue","interaction":{"idSuffix":"inner"}},"clearTextFirst":true,"interactionType":"ENTER_TEXT"}]}
RESULT: {"script":"<script> [776 bytes]","args":[{"enterText":"100","selector":{"id":"application-manageconditionprice-display-component---newCondition--condValue","interaction":{"idSuffix":"inner"}},"clearTextFirst":true,"interactionType":"ENTER_TEXT"}]}
COMMAND: POST /session/e87ee5c00bb1e8c61ee38b6c01d07093/execute/async - {"script":"<script> [1562 bytes]","args":[{"selector":{"id":"application-manageconditionprice-display-component---newCondition--condCurr-arrow"},"wdio_ui5_key":"applicationmanageconditionprice-display-component---newCondition--condCurr-arrow"}]}
RESULT: {"script":"<script> [1562 bytes]","args":[{"selector":{"id":"application-manageconditionprice-display-component---newCondition--condCurr-arrow"},"wdio_ui5_key":"applicationmanageconditionprice-display-component---newCondition--condCurr-arrow"}]}
RESULT: undefined
COMMAND: POST /session/e87ee5c00bb1e8c61ee38b6c01d07093/element - {"using":"xpath","value":"//*[@id=\"application-manageconditionprice-display-component---newCondition--condCurr-arrow\"]"}
RESULT: {"using":"xpath","value":"//*[@id=\"application-manageconditionprice-display-component---newCondition--condCurr-arrow\"]"}
COMMAND: POST /session/e87ee5c00bb1e8c61ee38b6c01d07093/element/f.C39E6AC59F605FD7CA79606EE8A094DD.d.2E98C03DBE5B89E7C4B1AA0594970479.e.16192/click - {}
RESULT: {}
COMMAND: POST /session/e87ee5c00bb1e8c61ee38b6c01d07093/element - {"using":"xpath","value":"//span[contains(text(), \"Euro\")]"}
COMMAND: GET /session/e87ee5c00bb1e8c61ee38b6c01d07093/screenshot - {}
RESULT: {"using":"xpath","value":"//span[contains(text(), \"Euro\")]"}
COMMAND: POST /session/e87ee5c00bb1e8c61ee38b6c01d07093/element/f.C39E6AC59F605FD7CA79606EE8A094DD.d.2E98C03DBE5B89E7C4B1AA0594970479.e.16261/click - {}
RESULT: {}
RESULT: {}
COMMAND: POST /session/e87ee5c00bb1e8c61ee38b6c01d07093/element - {"using":"xpath","value":"//button[@data-kt=\"saveButton\"]"}
COMMAND: GET /session/e87ee5c00bb1e8c61ee38b6c01d07093/screenshot - {}
RESULT: {"using":"xpath","value":"//button[@data-kt=\"saveButton\"]"}
COMMAND: POST /session/e87ee5c00bb1e8c61ee38b6c01d07093/element/f.C39E6AC59F605FD7CA79606EE8A094DD.d.2E98C03DBE5B89E7C4B1AA0594970479.e.16193/click - {}
RESULT: {}
RESULT: {}
COMMAND: GET /session/e87ee5c00bb1e8c61ee38b6c01d07093/screenshot - {}
RESULT: {}
COMMAND: POST /session/e87ee5c00bb1e8c61ee38b6c01d07093/execute/async - {"script":"<script> [1562 bytes]","args":[{"selector":{"id":"application-manageconditionprice-display-component---conditions--smartFilterBar-btnBasicSearch","interaction":{"idSuffix":"I"}},"wdio_ui5_key":"applicationmanageconditionprice-display-component---conditions--smartFilterBar-btnBasicSearch"}]}
RESULT: {"script":"<script> [1562 bytes]","args":[{"selector":{"id":"application-manageconditionprice-display-component---conditions--smartFilterBar-btnBasicSearch","interaction":{"idSuffix":"I"}},"wdio_ui5_key":"applicationmanageconditionprice-display-component---conditions--smartFilterBar-btnBasicSearch"}]}
RESULT: undefined
COMMAND: POST /session/e87ee5c00bb1e8c61ee38b6c01d07093/execute/async - {"script":"<script> [776 bytes]","args":[{"enterText":"PKwh9YomrK","selector":{"id":"application-manageconditionprice-display-component---conditions--smartFilterBar-btnBasicSearch","interaction":{"idSuffix":"I"}},"clearTextFirst":true,"interactionType":"ENTER_TEXT"}]}
RESULT: {"script":"<script> [776 bytes]","args":[{"enterText":"PKwh9YomrK","selector":{"id":"application-manageconditionprice-display-component---conditions--smartFilterBar-btnBasicSearch","interaction":{"idSuffix":"I"}},"clearTextFirst":true,"interactionType":"ENTER_TEXT"}]}
COMMAND: POST /session/e87ee5c00bb1e8c61ee38b6c01d07093/actions - {"actions":[{"id":"action54","type":"key","parameters":{},"actions":[{"type":"keyDown","value":""},{"type":"pause","duration":10},{"type":"keyUp","value":""}]}]}
RESULT: {"actions":[{"id":"action54","type":"key","parameters":{},"actions":[{"type":"keyDown","value":""},{"type":"pause","duration":10},{"type":"keyUp","value":""}]}]}
COMMAND: GET /session/e87ee5c00bb1e8c61ee38b6c01d07093/screenshot - {}
RESULT: {}
COMMAND: POST /session/e87ee5c00bb1e8c61ee38b6c01d07093/execute/async - {"script":"<script> [1562 bytes]","args":[{"selector":{"id":"application-manageconditionprice-display-component---conditions--smartFilterBar-filterItemControl_BASIC-BILL_TYPES-vhi"},"wdio_ui5_key":"applicationmanageconditionprice-display-component---conditions--smartFilterBar-filterItemControl_BASIC-BILL_TYPES-vhi"}]}
RESULT: {"script":"<script> [1562 bytes]","args":[{"selector":{"id":"application-manageconditionprice-display-component---conditions--smartFilterBar-filterItemControl_BASIC-BILL_TYPES-vhi"},"wdio_ui5_key":"applicationmanageconditionprice-display-component---conditions--smartFilterBar-filterItemControl_BASIC-BILL_TYPES-vhi"}]}
RESULT: undefined
COMMAND: POST /session/e87ee5c00bb1e8c61ee38b6c01d07093/element - {"using":"xpath","value":"//*[@id=\"application-manageconditionprice-display-component---conditions--smartFilterBar-filterItemControl_BASIC-BILL_TYPES-vhi\"]"}
RESULT: {"using":"xpath","value":"//*[@id=\"application-manageconditionprice-display-component---conditions--smartFilterBar-filterItemControl_BASIC-BILL_TYPES-vhi\"]"}
COMMAND: POST /session/e87ee5c00bb1e8c61ee38b6c01d07093/element/f.C39E6AC59F605FD7CA79606EE8A094DD.d.2E98C03DBE5B89E7C4B1AA0594970479.e.16278/click - {}
RESULT: {}
COMMAND: POST /session/e87ee5c00bb1e8c61ee38b6c01d07093/execute/async - {"script":"<script> [1562 bytes]","args":[{"selector":{"id":"application-manageconditionprice-display-component---conditions--smartFilterBar-filterItemControl_BASIC-BILL_TYPES-valueHelpDialog-smartFilterBar-btnBasicSearch","searchOpenDialogs":true,"interaction":{"idSuffix":"I"}},"wdio_ui5_key":"applicationmanageconditionprice-display-component---conditions--smartFilterBar-filterItemControl_BASIC-BILL_TYPES-valueHelpDialog-smartFilterBar-btnBasicSearch"}]}
COMMAND: GET /session/e87ee5c00bb1e8c61ee38b6c01d07093/screenshot - {}
RESULT: {"script":"<script> [1562 bytes]","args":[{"selector":{"id":"application-manageconditionprice-display-component---conditions--smartFilterBar-filterItemControl_BASIC-BILL_TYPES-valueHelpDialog-smartFilterBar-btnBasicSearch","searchOpenDialogs":true,"interaction":{"idSuffix":"I"}},"wdio_ui5_key":"applicationmanageconditionprice-display-component---conditions--smartFilterBar-filterItemControl_BASIC-BILL_TYPES-valueHelpDialog-smartFilterBar-btnBasicSearch"}]}
RESULT: undefined
COMMAND: POST /session/e87ee5c00bb1e8c61ee38b6c01d07093/execute/async - {"script":"<script> [776 bytes]","args":[{"enterText":"TB","selector":{"id":"application-manageconditionprice-display-component---conditions--smartFilterBar-filterItemControl_BASIC-BILL_TYPES-valueHelpDialog-smartFilterBar-btnBasicSearch","searchOpenDialogs":true,"interaction":{"idSuffix":"I"}},"clearTextFirst":true,"interactionType":"ENTER_TEXT"}]}
RESULT: {}
RESULT: {"script":"<script> [776 bytes]","args":[{"enterText":"TB","selector":{"id":"application-manageconditionprice-display-component---conditions--smartFilterBar-filterItemControl_BASIC-BILL_TYPES-valueHelpDialog-smartFilterBar-btnBasicSearch","searchOpenDialogs":true,"interaction":{"idSuffix":"I"}},"clearTextFirst":true,"interactionType":"ENTER_TEXT"}]}
COMMAND: POST /session/e87ee5c00bb1e8c61ee38b6c01d07093/actions - {"actions":[{"id":"action55","type":"key","parameters":{},"actions":[{"type":"keyDown","value":""},{"type":"pause","duration":10},{"type":"keyUp","value":""}]}]}
RESULT: {"actions":[{"id":"action55","type":"key","parameters":{},"actions":[{"type":"keyDown","value":""},{"type":"pause","duration":10},{"type":"keyUp","value":""}]}]}
COMMAND: GET /session/e87ee5c00bb1e8c61ee38b6c01d07093/screenshot - {}
RESULT: {}
COMMAND: POST /session/e87ee5c00bb1e8c61ee38b6c01d07093/element - {"using":"xpath","value":"//div[contains(@id, 'application-manageconditionprice-display-component---conditions--smartFilterBar-filterItemControl_BASIC-BILL_TYPES-valueHelpDialog-table-rowsel0')]"}
RESULT: {"using":"xpath","value":"//div[contains(@id, 'application-manageconditionprice-display-component---conditions--smartFilterBar-filterItemControl_BASIC-BILL_TYPES-valueHelpDialog-table-rowsel0')]"}
COMMAND: POST /session/e87ee5c00bb1e8c61ee38b6c01d07093/element/f.C39E6AC59F605FD7CA79606EE8A094DD.d.2E98C03DBE5B89E7C4B1AA0594970479.e.16287/click - {}
RESULT: {}
COMMAND: GET /session/e87ee5c00bb1e8c61ee38b6c01d07093/screenshot - {}
RESULT: {}
COMMAND: POST /session/e87ee5c00bb1e8c61ee38b6c01d07093/element - {"using":"xpath","value":"//bdi[contains(text(), \"OK\")]"}
RESULT: {"using":"xpath","value":"//bdi[contains(text(), \"OK\")]"}
COMMAND: POST /session/e87ee5c00bb1e8c61ee38b6c01d07093/element/f.C39E6AC59F605FD7CA79606EE8A094DD.d.2E98C03DBE5B89E7C4B1AA0594970479.e.16289/click - {}
RESULT: {}
COMMAND: GET /session/e87ee5c00bb1e8c61ee38b6c01d07093/screenshot - {}
RESULT: {}
COMMAND: POST /session/e87ee5c00bb1e8c61ee38b6c01d07093/element - {"using":"xpath","value":"//span[@id=\"application-manageconditionprice-display-component---conditions--smartTable-header-inner\"]"}
RESULT: {"using":"xpath","value":"//span[@id=\"application-manageconditionprice-display-component---conditions--smartTable-header-inner\"]"}
COMMAND: POST /session/e87ee5c00bb1e8c61ee38b6c01d07093/elements - {"using":"xpath","value":"//span[@id=\"application-manageconditionprice-display-component---conditions--smartTable-header-inner\"]"}
RESULT: {"using":"xpath","value":"//span[@id=\"application-manageconditionprice-display-component---conditions--smartTable-header-inner\"]"}
COMMAND: POST /session/e87ee5c00bb1e8c61ee38b6c01d07093/execute/sync - {"script":"<script> [56 bytes]","args":[{"element-6066-11e4-a52e-4f735466cecf":"f.C39E6AC59F605FD7CA79606EE8A094DD.d.2E98C03DBE5B89E7C4B1AA0594970479.e.16292","ELEMENT":"f.C39E6AC59F605FD7CA79606EE8A094DD.d.2E98C03DBE5B89E7C4B1AA0594970479.e.16292"}]}
RESULT: {"script":"<script> [56 bytes]","args":[{"element-6066-11e4-a52e-4f735466cecf":"f.C39E6AC59F605FD7CA79606EE8A094DD.d.2E98C03DBE5B89E7C4B1AA0594970479.e.16292","ELEMENT":"f.C39E6AC59F605FD7CA79606EE8A094DD.d.2E98C03DBE5B89E7C4B1AA0594970479.e.16292"}]}
COMMAND: POST /session/e87ee5c00bb1e8c61ee38b6c01d07093/element - {"using":"css selector","value":"#shell-header-logo"}
COMMAND: GET /session/e87ee5c00bb1e8c61ee38b6c01d07093/screenshot - {}
RESULT: {"using":"css selector","value":"#shell-header-logo"}
COMMAND: POST /session/e87ee5c00bb1e8c61ee38b6c01d07093/element/f.C39E6AC59F605FD7CA79606EE8A094DD.d.2E98C03DBE5B89E7C4B1AA0594970479.e.16012/click - {}
RESULT: {}
RESULT: {}
COMMAND: GET /session/e87ee5c00bb1e8c61ee38b6c01d07093/screenshot - {}
RESULT: {}
]]></system-out>
    </testcase>
    <testcase classname="chrome.136_0_7103_93.windows.Billing_transfer_US117289" name="Should do a stock increase" time="88.28">
      <system-out><![CDATA[
COMMAND: POST /session/e87ee5c00bb1e8c61ee38b6c01d07093/execute/async - {"script":"<script> [1562 bytes]","args":[{"selector":{"controlType":"sap.m.GenericTile","properties":{"header":"Manage Handovers"}},"wdio_ui5_key":"sapm.GenericTile{\"header\":\"Manage Handovers\"}"}]}
RESULT: {"script":"<script> [1562 bytes]","args":[{"selector":{"controlType":"sap.m.GenericTile","properties":{"header":"Manage Handovers"}},"wdio_ui5_key":"sapm.GenericTile{\"header\":\"Manage Handovers\"}"}]}
RESULT: undefined
COMMAND: POST /session/e87ee5c00bb1e8c61ee38b6c01d07093/element - {"using":"xpath","value":"//*[@id=\"__tile132\"]"}
RESULT: {"using":"xpath","value":"//*[@id=\"__tile132\"]"}
COMMAND: POST /session/e87ee5c00bb1e8c61ee38b6c01d07093/element/f.C39E6AC59F605FD7CA79606EE8A094DD.d.2E98C03DBE5B89E7C4B1AA0594970479.e.15099/click - {}
RESULT: {}
COMMAND: GET /session/e87ee5c00bb1e8c61ee38b6c01d07093/screenshot - {}
RESULT: {}
COMMAND: POST /session/e87ee5c00bb1e8c61ee38b6c01d07093/elements - {"using":"xpath","value":"//span[text()='Error']"}
RESULT: {"using":"xpath","value":"//span[text()='Error']"}
COMMAND: POST /session/e87ee5c00bb1e8c61ee38b6c01d07093/element - {"using":"xpath","value":"//button[@data-kt=\"masterHOAddButton\"]"}
RESULT: {"using":"xpath","value":"//button[@data-kt=\"masterHOAddButton\"]"}
COMMAND: POST /session/e87ee5c00bb1e8c61ee38b6c01d07093/elements - {"using":"xpath","value":"//button[@data-kt=\"masterHOAddButton\"]"}
RESULT: {"using":"xpath","value":"//button[@data-kt=\"masterHOAddButton\"]"}
COMMAND: POST /session/e87ee5c00bb1e8c61ee38b6c01d07093/execute/sync - {"script":"<script> [8489 bytes]","args":[{"element-6066-11e4-a52e-4f735466cecf":"f.C39E6AC59F605FD7CA79606EE8A094DD.d.2E98C03DBE5B89E7C4B1AA0594970479.e.16338","ELEMENT":"f.C39E6AC59F605FD7CA79606EE8A094DD.d.2E98C03DBE5B89E7C4B1AA0594970479.e.16338"}]}
RESULT: {"script":"<script> [8489 bytes]","args":[{"element-6066-11e4-a52e-4f735466cecf":"f.C39E6AC59F605FD7CA79606EE8A094DD.d.2E98C03DBE5B89E7C4B1AA0594970479.e.16338","ELEMENT":"f.C39E6AC59F605FD7CA79606EE8A094DD.d.2E98C03DBE5B89E7C4B1AA0594970479.e.16338"}]}
COMMAND: GET /session/e87ee5c00bb1e8c61ee38b6c01d07093/element/f.C39E6AC59F605FD7CA79606EE8A094DD.d.2E98C03DBE5B89E7C4B1AA0594970479.e.16338/enabled - {}
COMMAND: GET /session/e87ee5c00bb1e8c61ee38b6c01d07093/screenshot - {}
RESULT: {}
COMMAND: POST /session/e87ee5c00bb1e8c61ee38b6c01d07093/execute/sync - {"script":"<script> [8489 bytes]","args":[{"element-6066-11e4-a52e-4f735466cecf":"f.C39E6AC59F605FD7CA79606EE8A094DD.d.2E98C03DBE5B89E7C4B1AA0594970479.e.16338","ELEMENT":"f.C39E6AC59F605FD7CA79606EE8A094DD.d.2E98C03DBE5B89E7C4B1AA0594970479.e.16338"}]}
COMMAND: GET /session/e87ee5c00bb1e8c61ee38b6c01d07093/screenshot - {}
RESULT: {}
RESULT: {"script":"<script> [8489 bytes]","args":[{"element-6066-11e4-a52e-4f735466cecf":"f.C39E6AC59F605FD7CA79606EE8A094DD.d.2E98C03DBE5B89E7C4B1AA0594970479.e.16338","ELEMENT":"f.C39E6AC59F605FD7CA79606EE8A094DD.d.2E98C03DBE5B89E7C4B1AA0594970479.e.16338"}]}
COMMAND: POST /session/e87ee5c00bb1e8c61ee38b6c01d07093/execute/sync - {"script":"<script> [5351 bytes]","args":[{"element-6066-11e4-a52e-4f735466cecf":"f.C39E6AC59F605FD7CA79606EE8A094DD.d.2E98C03DBE5B89E7C4B1AA0594970479.e.16338","ELEMENT":"f.C39E6AC59F605FD7CA79606EE8A094DD.d.2E98C03DBE5B89E7C4B1AA0594970479.e.16338"}]}
COMMAND: GET /session/e87ee5c00bb1e8c61ee38b6c01d07093/screenshot - {}
RESULT: {}
RESULT: {"script":"<script> [5351 bytes]","args":[{"element-6066-11e4-a52e-4f735466cecf":"f.C39E6AC59F605FD7CA79606EE8A094DD.d.2E98C03DBE5B89E7C4B1AA0594970479.e.16338","ELEMENT":"f.C39E6AC59F605FD7CA79606EE8A094DD.d.2E98C03DBE5B89E7C4B1AA0594970479.e.16338"}]}
COMMAND: POST /session/e87ee5c00bb1e8c61ee38b6c01d07093/element/f.C39E6AC59F605FD7CA79606EE8A094DD.d.2E98C03DBE5B89E7C4B1AA0594970479.e.16338/click - {}
COMMAND: GET /session/e87ee5c00bb1e8c61ee38b6c01d07093/screenshot - {}
RESULT: {}
RESULT: {}
COMMAND: GET /session/e87ee5c00bb1e8c61ee38b6c01d07093/screenshot - {}
COMMAND: POST /session/e87ee5c00bb1e8c61ee38b6c01d07093/element - {"using":"xpath","value":"//span[contains(@id ,\"AddNewHO--typeSelect-arrow\")]"}
RESULT: {}
RESULT: {}
RESULT: {"using":"xpath","value":"//span[contains(@id ,\"AddNewHO--typeSelect-arrow\")]"}
COMMAND: POST /session/e87ee5c00bb1e8c61ee38b6c01d07093/element/f.C39E6AC59F605FD7CA79606EE8A094DD.d.2E98C03DBE5B89E7C4B1AA0594970479.e.16676/click - {}
RESULT: {}
COMMAND: GET /session/e87ee5c00bb1e8c61ee38b6c01d07093/screenshot - {}
RESULT: {}
COMMAND: POST /session/e87ee5c00bb1e8c61ee38b6c01d07093/element - {"using":"xpath","value":"(//li[contains(text(), \"stock increase yard\")])[1]"}
RESULT: {"using":"xpath","value":"(//li[contains(text(), \"stock increase yard\")])[1]"}
COMMAND: POST /session/e87ee5c00bb1e8c61ee38b6c01d07093/element/f.C39E6AC59F605FD7CA79606EE8A094DD.d.2E98C03DBE5B89E7C4B1AA0594970479.e.16677/click - {}
RESULT: {}
COMMAND: GET /session/e87ee5c00bb1e8c61ee38b6c01d07093/screenshot - {}
RESULT: {}
COMMAND: POST /session/e87ee5c00bb1e8c61ee38b6c01d07093/execute/async - {"script":"<script> [1562 bytes]","args":[{"selector":{"id":"application-managehandovers-display-component---AddNewHO--dueDate","interaction":{"idSuffix":"inner"}},"wdio_ui5_key":"applicationmanagehandovers-display-component---AddNewHO--dueDate"}]}
RESULT: {"script":"<script> [1562 bytes]","args":[{"selector":{"id":"application-managehandovers-display-component---AddNewHO--dueDate","interaction":{"idSuffix":"inner"}},"wdio_ui5_key":"applicationmanagehandovers-display-component---AddNewHO--dueDate"}]}
RESULT: undefined
COMMAND: POST /session/e87ee5c00bb1e8c61ee38b6c01d07093/execute/async - {"script":"<script> [6424 bytes]","args":[{"element-6066-11e4-a52e-4f735466cecf":"f.C39E6AC59F605FD7CA79606EE8A094DD.d.2E98C03DBE5B89E7C4B1AA0594970479.e.16679"},"setValue",["5/25/25"]]}
RESULT: {"script":"<script> [6424 bytes]","args":[{"element-6066-11e4-a52e-4f735466cecf":"f.C39E6AC59F605FD7CA79606EE8A094DD.d.2E98C03DBE5B89E7C4B1AA0594970479.e.16679"},"setValue",["5/25/25"]]}
COMMAND: POST /session/e87ee5c00bb1e8c61ee38b6c01d07093/element - {"using":"xpath","value":"//input[@id=\"generalSectionFrg--receiveYard-inner\"]"}
RESULT: {"using":"xpath","value":"//input[@id=\"generalSectionFrg--receiveYard-inner\"]"}
COMMAND: POST /session/e87ee5c00bb1e8c61ee38b6c01d07093/element/f.C39E6AC59F605FD7CA79606EE8A094DD.d.2E98C03DBE5B89E7C4B1AA0594970479.e.16685/clear - {}
RESULT: {}
COMMAND: POST /session/e87ee5c00bb1e8c61ee38b6c01d07093/element/f.C39E6AC59F605FD7CA79606EE8A094DD.d.2E98C03DBE5B89E7C4B1AA0594970479.e.16685/value - {"text":"284"}
COMMAND: GET /session/e87ee5c00bb1e8c61ee38b6c01d07093/screenshot - {}
RESULT: {"text":"284"}
COMMAND: GET /session/e87ee5c00bb1e8c61ee38b6c01d07093/screenshot - {}
RESULT: {}
RESULT: {}
COMMAND: POST /session/e87ee5c00bb1e8c61ee38b6c01d07093/element - {"using":"xpath","value":"//li[.//span[text()='284']]"}
RESULT: {"using":"xpath","value":"//li[.//span[text()='284']]"}
COMMAND: POST /session/e87ee5c00bb1e8c61ee38b6c01d07093/element/f.C39E6AC59F605FD7CA79606EE8A094DD.d.2E98C03DBE5B89E7C4B1AA0594970479.e.16702/click - {}
RESULT: {}
COMMAND: GET /session/e87ee5c00bb1e8c61ee38b6c01d07093/screenshot - {}
RESULT: {}
COMMAND: POST /session/e87ee5c00bb1e8c61ee38b6c01d07093/execute/async - {"script":"<script> [1562 bytes]","args":[{"selector":{"id":"application-managehandovers-display-component---AddNewHO--ObjectPageLayout-anchBar-application-managehandovers-display-component---AddNewHO--section4-anchor","interaction":{"idSuffix":"BDI-content"}},"wdio_ui5_key":"applicationmanagehandovers-display-component---AddNewHO--ObjectPageLayout-anchBar-application-managehandovers-display-component---AddNewHO--section4-anchor"}]}
RESULT: {"script":"<script> [1562 bytes]","args":[{"selector":{"id":"application-managehandovers-display-component---AddNewHO--ObjectPageLayout-anchBar-application-managehandovers-display-component---AddNewHO--section4-anchor","interaction":{"idSuffix":"BDI-content"}},"wdio_ui5_key":"applicationmanagehandovers-display-component---AddNewHO--ObjectPageLayout-anchBar-application-managehandovers-display-component---AddNewHO--section4-anchor"}]}
RESULT: undefined
COMMAND: POST /session/e87ee5c00bb1e8c61ee38b6c01d07093/element - {"using":"xpath","value":"//*[@id=\"application-managehandovers-display-component---AddNewHO--ObjectPageLayout-anchBar-application-managehandovers-display-component---AddNewHO--section4-anchor\"]"}
RESULT: {"using":"xpath","value":"//*[@id=\"application-managehandovers-display-component---AddNewHO--ObjectPageLayout-anchBar-application-managehandovers-display-component---AddNewHO--section4-anchor\"]"}
COMMAND: POST /session/e87ee5c00bb1e8c61ee38b6c01d07093/element/f.C39E6AC59F605FD7CA79606EE8A094DD.d.2E98C03DBE5B89E7C4B1AA0594970479.e.16704/click - {}
RESULT: {}
COMMAND: POST /session/e87ee5c00bb1e8c61ee38b6c01d07093/element - {"using":"xpath","value":"//button[@aria-label=\"Add\"]"}
COMMAND: GET /session/e87ee5c00bb1e8c61ee38b6c01d07093/screenshot - {}
RESULT: {"using":"xpath","value":"//button[@aria-label=\"Add\"]"}
COMMAND: POST /session/e87ee5c00bb1e8c61ee38b6c01d07093/element/f.C39E6AC59F605FD7CA79606EE8A094DD.d.2E98C03DBE5B89E7C4B1AA0594970479.e.16706/click - {}
RESULT: {}
RESULT: {}
COMMAND: GET /session/e87ee5c00bb1e8c61ee38b6c01d07093/screenshot - {}
RESULT: {}
COMMAND: POST /session/e87ee5c00bb1e8c61ee38b6c01d07093/execute/async - {"script":"<script> [1562 bytes]","args":[{"selector":{"id":"application-managehandovers-display-component---AddNewHO--smartFilterBar-btnBasicSearch","searchOpenDialogs":true,"interaction":{"idSuffix":"I"}},"wdio_ui5_key":"applicationmanagehandovers-display-component---AddNewHO--smartFilterBar-btnBasicSearch"}]}
RESULT: {"script":"<script> [1562 bytes]","args":[{"selector":{"id":"application-managehandovers-display-component---AddNewHO--smartFilterBar-btnBasicSearch","searchOpenDialogs":true,"interaction":{"idSuffix":"I"}},"wdio_ui5_key":"applicationmanagehandovers-display-component---AddNewHO--smartFilterBar-btnBasicSearch"}]}
RESULT: undefined
COMMAND: POST /session/e87ee5c00bb1e8c61ee38b6c01d07093/execute/async - {"script":"<script> [776 bytes]","args":[{"enterText":"PKwh9YomrK","selector":{"id":"application-managehandovers-display-component---AddNewHO--smartFilterBar-btnBasicSearch","searchOpenDialogs":true,"interaction":{"idSuffix":"I"}},"clearTextFirst":true,"interactionType":"ENTER_TEXT"}]}
RESULT: {"script":"<script> [776 bytes]","args":[{"enterText":"PKwh9YomrK","selector":{"id":"application-managehandovers-display-component---AddNewHO--smartFilterBar-btnBasicSearch","searchOpenDialogs":true,"interaction":{"idSuffix":"I"}},"clearTextFirst":true,"interactionType":"ENTER_TEXT"}]}
COMMAND: POST /session/e87ee5c00bb1e8c61ee38b6c01d07093/actions - {"actions":[{"id":"action56","type":"key","parameters":{},"actions":[{"type":"keyDown","value":""},{"type":"pause","duration":10},{"type":"keyUp","value":""}]}]}
RESULT: {"actions":[{"id":"action56","type":"key","parameters":{},"actions":[{"type":"keyDown","value":""},{"type":"pause","duration":10},{"type":"keyUp","value":""}]}]}
COMMAND: GET /session/e87ee5c00bb1e8c61ee38b6c01d07093/screenshot - {}
RESULT: {}
COMMAND: POST /session/e87ee5c00bb1e8c61ee38b6c01d07093/execute/async - {"script":"<script> [1562 bytes]","args":[{"selector":{"id":"application-managehandovers-display-component---AddNewHO--popup-sa","searchOpenDialogs":true,"interaction":{"idSuffix":"CbBg"}},"wdio_ui5_key":"applicationmanagehandovers-display-component---AddNewHO--popup-sa"}]}
RESULT: {"script":"<script> [1562 bytes]","args":[{"selector":{"id":"application-managehandovers-display-component---AddNewHO--popup-sa","searchOpenDialogs":true,"interaction":{"idSuffix":"CbBg"}},"wdio_ui5_key":"applicationmanagehandovers-display-component---AddNewHO--popup-sa"}]}
RESULT: undefined
COMMAND: POST /session/e87ee5c00bb1e8c61ee38b6c01d07093/element - {"using":"xpath","value":"//*[@id=\"application-managehandovers-display-component---AddNewHO--popup-sa\"]"}
RESULT: {"using":"xpath","value":"//*[@id=\"application-managehandovers-display-component---AddNewHO--popup-sa\"]"}
COMMAND: POST /session/e87ee5c00bb1e8c61ee38b6c01d07093/element/f.C39E6AC59F605FD7CA79606EE8A094DD.d.2E98C03DBE5B89E7C4B1AA0594970479.e.16859/click - {}
RESULT: {}
COMMAND: GET /session/e87ee5c00bb1e8c61ee38b6c01d07093/screenshot - {}
RESULT: {}
COMMAND: POST /session/e87ee5c00bb1e8c61ee38b6c01d07093/element - {"using":"xpath","value":"//bdi[contains(text(), \"Select\")]"}
RESULT: {"using":"xpath","value":"//bdi[contains(text(), \"Select\")]"}
COMMAND: POST /session/e87ee5c00bb1e8c61ee38b6c01d07093/element/f.C39E6AC59F605FD7CA79606EE8A094DD.d.2E98C03DBE5B89E7C4B1AA0594970479.e.16860/click - {}
RESULT: {}
COMMAND: GET /session/e87ee5c00bb1e8c61ee38b6c01d07093/screenshot - {}
RESULT: {}
COMMAND: POST /session/e87ee5c00bb1e8c61ee38b6c01d07093/element - {"using":"xpath","value":"//button[@data-kt=\"AddNewHOSaveButton\"]"}
RESULT: {"using":"xpath","value":"//button[@data-kt=\"AddNewHOSaveButton\"]"}
COMMAND: POST /session/e87ee5c00bb1e8c61ee38b6c01d07093/element/f.C39E6AC59F605FD7CA79606EE8A094DD.d.2E98C03DBE5B89E7C4B1AA0594970479.e.16864/click - {}
RESULT: {}
COMMAND: GET /session/e87ee5c00bb1e8c61ee38b6c01d07093/screenshot - {}
COMMAND: POST /session/e87ee5c00bb1e8c61ee38b6c01d07093/execute/async - {"script":"<script> [1562 bytes]","args":[{"selector":{"id":"receiptDatePicker","viewName":"etm.portal.ui.managehandovers.view.DetailExecuteHO","interaction":{"idSuffix":"inner"}},"wdio_ui5_key":"receiptDatePickeretmportal.ui.managehandovers.view.DetailExecuteHO"}]}
RESULT: {}
RESULT: {"script":"<script> [1562 bytes]","args":[{"selector":{"id":"receiptDatePicker","viewName":"etm.portal.ui.managehandovers.view.DetailExecuteHO","interaction":{"idSuffix":"inner"}},"wdio_ui5_key":"receiptDatePickeretmportal.ui.managehandovers.view.DetailExecuteHO"}]}
RESULT: undefined
COMMAND: POST /session/e87ee5c00bb1e8c61ee38b6c01d07093/execute/async - {"script":"<script> [6424 bytes]","args":[{"element-6066-11e4-a52e-4f735466cecf":"f.C39E6AC59F605FD7CA79606EE8A094DD.d.2E98C03DBE5B89E7C4B1AA0594970479.e.16894"},"setValue",["5/25/25"]]}
RESULT: {"script":"<script> [6424 bytes]","args":[{"element-6066-11e4-a52e-4f735466cecf":"f.C39E6AC59F605FD7CA79606EE8A094DD.d.2E98C03DBE5B89E7C4B1AA0594970479.e.16894"},"setValue",["5/25/25"]]}
COMMAND: POST /session/e87ee5c00bb1e8c61ee38b6c01d07093/element - {"using":"xpath","value":"//button[@data-kt=\"ReceivingTableConfirmAllButton\"]"}
RESULT: {"using":"xpath","value":"//button[@data-kt=\"ReceivingTableConfirmAllButton\"]"}
COMMAND: POST /session/e87ee5c00bb1e8c61ee38b6c01d07093/element/f.C39E6AC59F605FD7CA79606EE8A094DD.d.2E98C03DBE5B89E7C4B1AA0594970479.e.16910/click - {}
RESULT: {}
COMMAND: GET /session/e87ee5c00bb1e8c61ee38b6c01d07093/screenshot - {}
RESULT: {}
COMMAND: POST /session/e87ee5c00bb1e8c61ee38b6c01d07093/element - {"using":"xpath","value":"//bdi[contains(text(), \"OK\")]"}
RESULT: {"using":"xpath","value":"//bdi[contains(text(), \"OK\")]"}
COMMAND: POST /session/e87ee5c00bb1e8c61ee38b6c01d07093/element/f.C39E6AC59F605FD7CA79606EE8A094DD.d.2E98C03DBE5B89E7C4B1AA0594970479.e.16912/click - {}
RESULT: {}
COMMAND: GET /session/e87ee5c00bb1e8c61ee38b6c01d07093/screenshot - {}
RESULT: {}
COMMAND: POST /session/e87ee5c00bb1e8c61ee38b6c01d07093/element - {"using":"xpath","value":"(//bdi[contains(text(), \"Receive\")])[2]"}
RESULT: {"using":"xpath","value":"(//bdi[contains(text(), \"Receive\")])[2]"}
COMMAND: POST /session/e87ee5c00bb1e8c61ee38b6c01d07093/element/f.C39E6AC59F605FD7CA79606EE8A094DD.d.2E98C03DBE5B89E7C4B1AA0594970479.e.16914/click - {}
RESULT: {}
COMMAND: GET /session/e87ee5c00bb1e8c61ee38b6c01d07093/screenshot - {}
RESULT: {}
COMMAND: POST /session/e87ee5c00bb1e8c61ee38b6c01d07093/element - {"using":"css selector","value":"#shell-header-logo"}
RESULT: {"using":"css selector","value":"#shell-header-logo"}
COMMAND: POST /session/e87ee5c00bb1e8c61ee38b6c01d07093/element/f.C39E6AC59F605FD7CA79606EE8A094DD.d.2E98C03DBE5B89E7C4B1AA0594970479.e.16298/click - {}
RESULT: {}
COMMAND: GET /session/e87ee5c00bb1e8c61ee38b6c01d07093/screenshot - {}
RESULT: {}
]]></system-out>
    </testcase>
    <testcase classname="chrome.136_0_7103_93.windows.Billing_transfer_US117289" name="Should create a new contract" time="60.146">
      <system-out><![CDATA[
COMMAND: POST /session/e87ee5c00bb1e8c61ee38b6c01d07093/execute/async - {"script":"<script> [1562 bytes]","args":[{"selector":{"controlType":"sap.m.GenericTile","properties":{"header":"Manage Contracts"}},"wdio_ui5_key":"sapm.GenericTile{\"header\":\"Manage Contracts\"}"}]}
RESULT: {"script":"<script> [1562 bytes]","args":[{"selector":{"controlType":"sap.m.GenericTile","properties":{"header":"Manage Contracts"}},"wdio_ui5_key":"sapm.GenericTile{\"header\":\"Manage Contracts\"}"}]}
RESULT: undefined
COMMAND: POST /session/e87ee5c00bb1e8c61ee38b6c01d07093/element - {"using":"xpath","value":"//*[@id=\"__tile130\"]"}
RESULT: {"using":"xpath","value":"//*[@id=\"__tile130\"]"}
COMMAND: POST /session/e87ee5c00bb1e8c61ee38b6c01d07093/element/f.C39E6AC59F605FD7CA79606EE8A094DD.d.2E98C03DBE5B89E7C4B1AA0594970479.e.15037/click - {}
RESULT: {}
COMMAND: GET /session/e87ee5c00bb1e8c61ee38b6c01d07093/screenshot - {}
RESULT: {}
COMMAND: POST /session/e87ee5c00bb1e8c61ee38b6c01d07093/elements - {"using":"xpath","value":"//span[text()='Error']"}
RESULT: {"using":"xpath","value":"//span[text()='Error']"}
COMMAND: POST /session/e87ee5c00bb1e8c61ee38b6c01d07093/element - {"using":"xpath","value":"//button[@data-kt=\"addButton\"]"}
RESULT: {"using":"xpath","value":"//button[@data-kt=\"addButton\"]"}
COMMAND: POST /session/e87ee5c00bb1e8c61ee38b6c01d07093/elements - {"using":"xpath","value":"//button[@data-kt=\"addButton\"]"}
RESULT: {"using":"xpath","value":"//button[@data-kt=\"addButton\"]"}
COMMAND: POST /session/e87ee5c00bb1e8c61ee38b6c01d07093/execute/sync - {"script":"<script> [8489 bytes]","args":[{"element-6066-11e4-a52e-4f735466cecf":"f.C39E6AC59F605FD7CA79606EE8A094DD.d.2E98C03DBE5B89E7C4B1AA0594970479.e.17129","ELEMENT":"f.C39E6AC59F605FD7CA79606EE8A094DD.d.2E98C03DBE5B89E7C4B1AA0594970479.e.17129"}]}
RESULT: {"script":"<script> [8489 bytes]","args":[{"element-6066-11e4-a52e-4f735466cecf":"f.C39E6AC59F605FD7CA79606EE8A094DD.d.2E98C03DBE5B89E7C4B1AA0594970479.e.17129","ELEMENT":"f.C39E6AC59F605FD7CA79606EE8A094DD.d.2E98C03DBE5B89E7C4B1AA0594970479.e.17129"}]}
COMMAND: GET /session/e87ee5c00bb1e8c61ee38b6c01d07093/element/f.C39E6AC59F605FD7CA79606EE8A094DD.d.2E98C03DBE5B89E7C4B1AA0594970479.e.17129/enabled - {}
COMMAND: GET /session/e87ee5c00bb1e8c61ee38b6c01d07093/screenshot - {}
RESULT: {}
COMMAND: POST /session/e87ee5c00bb1e8c61ee38b6c01d07093/execute/sync - {"script":"<script> [8489 bytes]","args":[{"element-6066-11e4-a52e-4f735466cecf":"f.C39E6AC59F605FD7CA79606EE8A094DD.d.2E98C03DBE5B89E7C4B1AA0594970479.e.17129","ELEMENT":"f.C39E6AC59F605FD7CA79606EE8A094DD.d.2E98C03DBE5B89E7C4B1AA0594970479.e.17129"}]}
COMMAND: GET /session/e87ee5c00bb1e8c61ee38b6c01d07093/screenshot - {}
RESULT: {}
RESULT: {}
RESULT: {"script":"<script> [8489 bytes]","args":[{"element-6066-11e4-a52e-4f735466cecf":"f.C39E6AC59F605FD7CA79606EE8A094DD.d.2E98C03DBE5B89E7C4B1AA0594970479.e.17129","ELEMENT":"f.C39E6AC59F605FD7CA79606EE8A094DD.d.2E98C03DBE5B89E7C4B1AA0594970479.e.17129"}]}
COMMAND: POST /session/e87ee5c00bb1e8c61ee38b6c01d07093/execute/sync - {"script":"<script> [5351 bytes]","args":[{"element-6066-11e4-a52e-4f735466cecf":"f.C39E6AC59F605FD7CA79606EE8A094DD.d.2E98C03DBE5B89E7C4B1AA0594970479.e.17129","ELEMENT":"f.C39E6AC59F605FD7CA79606EE8A094DD.d.2E98C03DBE5B89E7C4B1AA0594970479.e.17129"}]}
COMMAND: GET /session/e87ee5c00bb1e8c61ee38b6c01d07093/screenshot - {}
RESULT: {"script":"<script> [5351 bytes]","args":[{"element-6066-11e4-a52e-4f735466cecf":"f.C39E6AC59F605FD7CA79606EE8A094DD.d.2E98C03DBE5B89E7C4B1AA0594970479.e.17129","ELEMENT":"f.C39E6AC59F605FD7CA79606EE8A094DD.d.2E98C03DBE5B89E7C4B1AA0594970479.e.17129"}]}
COMMAND: GET /session/e87ee5c00bb1e8c61ee38b6c01d07093/screenshot - {}
RESULT: {}
RESULT: {}
COMMAND: POST /session/e87ee5c00bb1e8c61ee38b6c01d07093/element/f.C39E6AC59F605FD7CA79606EE8A094DD.d.2E98C03DBE5B89E7C4B1AA0594970479.e.17129/click - {}
RESULT: {}
COMMAND: GET /session/e87ee5c00bb1e8c61ee38b6c01d07093/screenshot - {}
COMMAND: POST /session/e87ee5c00bb1e8c61ee38b6c01d07093/execute/async - {"script":"<script> [1562 bytes]","args":[{"selector":{"id":"application-managecontracts-display-component---AddNewContract--projectDescription","interaction":{"idSuffix":"inner"}},"wdio_ui5_key":"applicationmanagecontracts-display-component---AddNewContract--projectDescription"}]}
RESULT: {}
RESULT: {"script":"<script> [1562 bytes]","args":[{"selector":{"id":"application-managecontracts-display-component---AddNewContract--projectDescription","interaction":{"idSuffix":"inner"}},"wdio_ui5_key":"applicationmanagecontracts-display-component---AddNewContract--projectDescription"}]}
RESULT: undefined
COMMAND: POST /session/e87ee5c00bb1e8c61ee38b6c01d07093/execute/async - {"script":"<script> [776 bytes]","args":[{"enterText":"Contract WDIO","selector":{"id":"application-managecontracts-display-component---AddNewContract--projectDescription","interaction":{"idSuffix":"inner"}},"clearTextFirst":true,"interactionType":"ENTER_TEXT"}]}
RESULT: {"script":"<script> [776 bytes]","args":[{"enterText":"Contract WDIO","selector":{"id":"application-managecontracts-display-component---AddNewContract--projectDescription","interaction":{"idSuffix":"inner"}},"clearTextFirst":true,"interactionType":"ENTER_TEXT"}]}
COMMAND: POST /session/e87ee5c00bb1e8c61ee38b6c01d07093/element - {"using":"xpath","value":"//input[@id=\"application-managecontracts-display-component---AddNewContract--site-inner\"]"}
RESULT: {"using":"xpath","value":"//input[@id=\"application-managecontracts-display-component---AddNewContract--site-inner\"]"}
COMMAND: POST /session/e87ee5c00bb1e8c61ee38b6c01d07093/element/f.C39E6AC59F605FD7CA79606EE8A094DD.d.2E98C03DBE5B89E7C4B1AA0594970479.e.17454/clear - {}
RESULT: {}
COMMAND: POST /session/e87ee5c00bb1e8c61ee38b6c01d07093/element/f.C39E6AC59F605FD7CA79606EE8A094DD.d.2E98C03DBE5B89E7C4B1AA0594970479.e.17454/value - {"text":"2120"}
COMMAND: GET /session/e87ee5c00bb1e8c61ee38b6c01d07093/screenshot - {}
RESULT: {"text":"2120"}
COMMAND: GET /session/e87ee5c00bb1e8c61ee38b6c01d07093/screenshot - {}
RESULT: {}
RESULT: {}
COMMAND: POST /session/e87ee5c00bb1e8c61ee38b6c01d07093/element - {"using":"xpath","value":"//li[.//span[text()='2120']]"}
RESULT: {"using":"xpath","value":"//li[.//span[text()='2120']]"}
COMMAND: POST /session/e87ee5c00bb1e8c61ee38b6c01d07093/element/f.C39E6AC59F605FD7CA79606EE8A094DD.d.2E98C03DBE5B89E7C4B1AA0594970479.e.17536/click - {}
RESULT: {}
COMMAND: GET /session/e87ee5c00bb1e8c61ee38b6c01d07093/screenshot - {}
RESULT: {}
COMMAND: POST /session/e87ee5c00bb1e8c61ee38b6c01d07093/element - {"using":"xpath","value":"//input[@id=\"application-managecontracts-display-component---AddNewContract--yardId-inner\"]"}
RESULT: {"using":"xpath","value":"//input[@id=\"application-managecontracts-display-component---AddNewContract--yardId-inner\"]"}
COMMAND: GET /session/e87ee5c00bb1e8c61ee38b6c01d07093/element/f.C39E6AC59F605FD7CA79606EE8A094DD.d.2E98C03DBE5B89E7C4B1AA0594970479.e.17455/property/value - {}
RESULT: {}
COMMAND: POST /session/e87ee5c00bb1e8c61ee38b6c01d07093/element - {"using":"xpath","value":"//input[@id=\"application-managecontracts-display-component---AddNewContract--customerSelect-inner\"]"}
COMMAND: GET /session/e87ee5c00bb1e8c61ee38b6c01d07093/screenshot - {}
RESULT: {"using":"xpath","value":"//input[@id=\"application-managecontracts-display-component---AddNewContract--customerSelect-inner\"]"}
COMMAND: POST /session/e87ee5c00bb1e8c61ee38b6c01d07093/element/f.C39E6AC59F605FD7CA79606EE8A094DD.d.2E98C03DBE5B89E7C4B1AA0594970479.e.17453/clear - {}
RESULT: {}
RESULT: {}
COMMAND: POST /session/e87ee5c00bb1e8c61ee38b6c01d07093/element/f.C39E6AC59F605FD7CA79606EE8A094DD.d.2E98C03DBE5B89E7C4B1AA0594970479.e.17453/value - {"text":"1130"}
COMMAND: GET /session/e87ee5c00bb1e8c61ee38b6c01d07093/screenshot - {}
RESULT: {"text":"1130"}
COMMAND: GET /session/e87ee5c00bb1e8c61ee38b6c01d07093/screenshot - {}
RESULT: {}
RESULT: {}
COMMAND: POST /session/e87ee5c00bb1e8c61ee38b6c01d07093/element - {"using":"xpath","value":"//li[.//span[text()='1130']]"}
RESULT: {"using":"xpath","value":"//li[.//span[text()='1130']]"}
COMMAND: POST /session/e87ee5c00bb1e8c61ee38b6c01d07093/element/f.C39E6AC59F605FD7CA79606EE8A094DD.d.2E98C03DBE5B89E7C4B1AA0594970479.e.17539/click - {}
RESULT: {}
COMMAND: GET /session/e87ee5c00bb1e8c61ee38b6c01d07093/screenshot - {}
RESULT: {}
COMMAND: POST /session/e87ee5c00bb1e8c61ee38b6c01d07093/element - {"using":"xpath","value":"//button[@data-kt=\"saveButton\"]"}
RESULT: {"using":"xpath","value":"//button[@data-kt=\"saveButton\"]"}
COMMAND: POST /session/e87ee5c00bb1e8c61ee38b6c01d07093/element/f.C39E6AC59F605FD7CA79606EE8A094DD.d.2E98C03DBE5B89E7C4B1AA0594970479.e.17529/click - {}
RESULT: {}
COMMAND: GET /session/e87ee5c00bb1e8c61ee38b6c01d07093/screenshot - {}
RESULT: {}
COMMAND: POST /session/e87ee5c00bb1e8c61ee38b6c01d07093/element - {"using":"xpath","value":"//span[contains(@id ,\"contractDetailTitleNoExpanded\")]"}
RESULT: {"using":"xpath","value":"//span[contains(@id ,\"contractDetailTitleNoExpanded\")]"}
COMMAND: POST /session/e87ee5c00bb1e8c61ee38b6c01d07093/elements - {"using":"xpath","value":"//span[contains(@id ,\"contractDetailTitleNoExpanded\")]"}
RESULT: {"using":"xpath","value":"//span[contains(@id ,\"contractDetailTitleNoExpanded\")]"}
COMMAND: POST /session/e87ee5c00bb1e8c61ee38b6c01d07093/execute/sync - {"script":"<script> [56 bytes]","args":[{"element-6066-11e4-a52e-4f735466cecf":"f.C39E6AC59F605FD7CA79606EE8A094DD.d.2E98C03DBE5B89E7C4B1AA0594970479.e.17608","ELEMENT":"f.C39E6AC59F605FD7CA79606EE8A094DD.d.2E98C03DBE5B89E7C4B1AA0594970479.e.17608"}]}
RESULT: {"script":"<script> [56 bytes]","args":[{"element-6066-11e4-a52e-4f735466cecf":"f.C39E6AC59F605FD7CA79606EE8A094DD.d.2E98C03DBE5B89E7C4B1AA0594970479.e.17608","ELEMENT":"f.C39E6AC59F605FD7CA79606EE8A094DD.d.2E98C03DBE5B89E7C4B1AA0594970479.e.17608"}]}
COMMAND: GET /session/e87ee5c00bb1e8c61ee38b6c01d07093/screenshot - {}
RESULT: {}
]]></system-out>
    </testcase>
    <testcase classname="chrome.136_0_7103_93.windows.Billing_transfer_US117289" name="Should add created equipment to contract" time="45.933">
      <system-out><![CDATA[
COMMAND: POST /session/e87ee5c00bb1e8c61ee38b6c01d07093/element - {"using":"xpath","value":"//button[@data-kt=\"contractDetailEditBtnButton\"]"}
RESULT: {"using":"xpath","value":"//button[@data-kt=\"contractDetailEditBtnButton\"]"}
COMMAND: POST /session/e87ee5c00bb1e8c61ee38b6c01d07093/element/f.C39E6AC59F605FD7CA79606EE8A094DD.d.2E98C03DBE5B89E7C4B1AA0594970479.e.17611/click - {}
RESULT: {}
COMMAND: GET /session/e87ee5c00bb1e8c61ee38b6c01d07093/screenshot - {}
RESULT: {}
COMMAND: POST /session/e87ee5c00bb1e8c61ee38b6c01d07093/element - {"using":"xpath","value":"(//span[contains(text(), \"Additional Addresses\")])[2]"}
RESULT: {"using":"xpath","value":"(//span[contains(text(), \"Additional Addresses\")])[2]"}
COMMAND: POST /session/e87ee5c00bb1e8c61ee38b6c01d07093/element/f.C39E6AC59F605FD7CA79606EE8A094DD.d.2E98C03DBE5B89E7C4B1AA0594970479.e.17666/click - {}
RESULT: {}
COMMAND: GET /session/e87ee5c00bb1e8c61ee38b6c01d07093/screenshot - {}
RESULT: {}
COMMAND: POST /session/e87ee5c00bb1e8c61ee38b6c01d07093/element - {"using":"xpath","value":"//button[@data-kt=\"btnAddTableRowOverflowToolbarButton\"]"}
RESULT: {"using":"xpath","value":"//button[@data-kt=\"btnAddTableRowOverflowToolbarButton\"]"}
COMMAND: POST /session/e87ee5c00bb1e8c61ee38b6c01d07093/element/f.C39E6AC59F605FD7CA79606EE8A094DD.d.2E98C03DBE5B89E7C4B1AA0594970479.e.17669/click - {}
RESULT: {}
COMMAND: GET /session/e87ee5c00bb1e8c61ee38b6c01d07093/screenshot - {}
RESULT: {}
COMMAND: POST /session/e87ee5c00bb1e8c61ee38b6c01d07093/element - {"using":"xpath","value":"//div[(text() = 'Standard Entry' or . = 'Standard Entry')]"}
RESULT: {"using":"xpath","value":"//div[(text() = 'Standard Entry' or . = 'Standard Entry')]"}
COMMAND: POST /session/e87ee5c00bb1e8c61ee38b6c01d07093/element/f.C39E6AC59F605FD7CA79606EE8A094DD.d.2E98C03DBE5B89E7C4B1AA0594970479.e.17671/click - {}
RESULT: {}
COMMAND: GET /session/e87ee5c00bb1e8c61ee38b6c01d07093/screenshot - {}
RESULT: {}
COMMAND: POST /session/e87ee5c00bb1e8c61ee38b6c01d07093/element - {"using":"xpath","value":"//td[7]/div/div/input"}
RESULT: {"using":"xpath","value":"//td[7]/div/div/input"}
COMMAND: POST /session/e87ee5c00bb1e8c61ee38b6c01d07093/element/f.C39E6AC59F605FD7CA79606EE8A094DD.d.2E98C03DBE5B89E7C4B1AA0594970479.e.17680/clear - {}
RESULT: {}
COMMAND: POST /session/e87ee5c00bb1e8c61ee38b6c01d07093/element/f.C39E6AC59F605FD7CA79606EE8A094DD.d.2E98C03DBE5B89E7C4B1AA0594970479.e.17680/value - {"text":"PKwh9YomrK"}
COMMAND: GET /session/e87ee5c00bb1e8c61ee38b6c01d07093/screenshot - {}
RESULT: {"text":"PKwh9YomrK"}
COMMAND: GET /session/e87ee5c00bb1e8c61ee38b6c01d07093/screenshot - {}
RESULT: {}
RESULT: {}
COMMAND: POST /session/e87ee5c00bb1e8c61ee38b6c01d07093/actions - {"actions":[{"id":"action57","type":"key","parameters":{},"actions":[{"type":"keyDown","value":""},{"type":"pause","duration":10},{"type":"keyUp","value":""}]}]}
RESULT: {"actions":[{"id":"action57","type":"key","parameters":{},"actions":[{"type":"keyDown","value":""},{"type":"pause","duration":10},{"type":"keyUp","value":""}]}]}
COMMAND: GET /session/e87ee5c00bb1e8c61ee38b6c01d07093/screenshot - {}
RESULT: {}
COMMAND: POST /session/e87ee5c00bb1e8c61ee38b6c01d07093/execute/sync - {"script":"<script> [276 bytes]","args":["No pricing information was found"]}
RESULT: {"script":"<script> [276 bytes]","args":["No pricing information was found"]}
COMMAND: POST /session/e87ee5c00bb1e8c61ee38b6c01d07093/element - {"using":"xpath","value":"(//button[@data-kt=\"saveButton\"])[2]"}
COMMAND: GET /session/e87ee5c00bb1e8c61ee38b6c01d07093/screenshot - {}
RESULT: {"using":"xpath","value":"(//button[@data-kt=\"saveButton\"])[2]"}
COMMAND: POST /session/e87ee5c00bb1e8c61ee38b6c01d07093/element/f.C39E6AC59F605FD7CA79606EE8A094DD.d.2E98C03DBE5B89E7C4B1AA0594970479.e.17695/click - {}
RESULT: {}
RESULT: {}
COMMAND: GET /session/e87ee5c00bb1e8c61ee38b6c01d07093/screenshot - {}
RESULT: {}
COMMAND: POST /session/e87ee5c00bb1e8c61ee38b6c01d07093/execute/sync - {"script":"<script> [276 bytes]","args":["Some contract items are having rental validity exceeding header rental validity"]}
RESULT: {"script":"<script> [276 bytes]","args":["Some contract items are having rental validity exceeding header rental validity"]}
COMMAND: GET /session/e87ee5c00bb1e8c61ee38b6c01d07093/screenshot - {}
RESULT: {}
COMMAND: POST /session/e87ee5c00bb1e8c61ee38b6c01d07093/element - {"using":"xpath","value":"//span[contains(@id ,\"contractItemsSmartTable-header-inner\")]"}
RESULT: {"using":"xpath","value":"//span[contains(@id ,\"contractItemsSmartTable-header-inner\")]"}
COMMAND: POST /session/e87ee5c00bb1e8c61ee38b6c01d07093/elements - {"using":"xpath","value":"//span[contains(@id ,\"contractItemsSmartTable-header-inner\")]"}
RESULT: {"using":"xpath","value":"//span[contains(@id ,\"contractItemsSmartTable-header-inner\")]"}
COMMAND: POST /session/e87ee5c00bb1e8c61ee38b6c01d07093/execute/sync - {"script":"<script> [56 bytes]","args":[{"element-6066-11e4-a52e-4f735466cecf":"f.C39E6AC59F605FD7CA79606EE8A094DD.d.2E98C03DBE5B89E7C4B1AA0594970479.e.17702","ELEMENT":"f.C39E6AC59F605FD7CA79606EE8A094DD.d.2E98C03DBE5B89E7C4B1AA0594970479.e.17702"}]}
RESULT: {"script":"<script> [56 bytes]","args":[{"element-6066-11e4-a52e-4f735466cecf":"f.C39E6AC59F605FD7CA79606EE8A094DD.d.2E98C03DBE5B89E7C4B1AA0594970479.e.17702","ELEMENT":"f.C39E6AC59F605FD7CA79606EE8A094DD.d.2E98C03DBE5B89E7C4B1AA0594970479.e.17702"}]}
]]></system-out>
    </testcase>
    <testcase classname="chrome.136_0_7103_93.windows.Billing_transfer_US117289" name="Should do a provide to site handover" time="67.227">
      <system-out><![CDATA[
COMMAND: POST /session/e87ee5c00bb1e8c61ee38b6c01d07093/element - {"using":"xpath","value":"//button[@data-kt=\"provideButton\"]"}
COMMAND: GET /session/e87ee5c00bb1e8c61ee38b6c01d07093/screenshot - {}
RESULT: {"using":"xpath","value":"//button[@data-kt=\"provideButton\"]"}
COMMAND: POST /session/e87ee5c00bb1e8c61ee38b6c01d07093/element/f.C39E6AC59F605FD7CA79606EE8A094DD.d.2E98C03DBE5B89E7C4B1AA0594970479.e.17703/click - {}
RESULT: {}
RESULT: {}
COMMAND: GET /session/e87ee5c00bb1e8c61ee38b6c01d07093/screenshot - {}
RESULT: {}
RESULT: undefined
COMMAND: POST /session/e87ee5c00bb1e8c61ee38b6c01d07093/execute/async - {"script":"<script> [6424 bytes]","args":[{"element-6066-11e4-a52e-4f735466cecf":"f.C39E6AC59F605FD7CA79606EE8A094DD.d.2E98C03DBE5B89E7C4B1AA0594970479.e.16679"},"setValue",["5/25/25"]]}
COMMAND: POST /session/e87ee5c00bb1e8c61ee38b6c01d07093/execute/async - {"script":"<script> [1562 bytes]","args":[{"selector":{"id":"application-managehandovers-display-component---AddNewHO--dueDate","interaction":{"idSuffix":"inner"}},"wdio_ui5_key":"applicationmanagehandovers-display-component---AddNewHO--dueDate"}]}
RESULT: {"script":"<script> [1562 bytes]","args":[{"selector":{"id":"application-managehandovers-display-component---AddNewHO--dueDate","interaction":{"idSuffix":"inner"}},"wdio_ui5_key":"applicationmanagehandovers-display-component---AddNewHO--dueDate"}]}
COMMAND: POST /session/e87ee5c00bb1e8c61ee38b6c01d07093/execute/async - {"script":"<script> [6424 bytes]","args":[{"element-6066-11e4-a52e-4f735466cecf":"f.C39E6AC59F605FD7CA79606EE8A094DD.d.2E98C03DBE5B89E7C4B1AA0594970479.e.17793"},"setValue",["5/25/25"]]}
RESULT: {"script":"<script> [6424 bytes]","args":[{"element-6066-11e4-a52e-4f735466cecf":"f.C39E6AC59F605FD7CA79606EE8A094DD.d.2E98C03DBE5B89E7C4B1AA0594970479.e.17793"},"setValue",["5/25/25"]]}
COMMAND: POST /session/e87ee5c00bb1e8c61ee38b6c01d07093/element - {"using":"xpath","value":"//bdi[contains(text(), \"Instructions\")]"}
RESULT: {"using":"xpath","value":"//bdi[contains(text(), \"Instructions\")]"}
COMMAND: POST /session/e87ee5c00bb1e8c61ee38b6c01d07093/element/f.C39E6AC59F605FD7CA79606EE8A094DD.d.2E98C03DBE5B89E7C4B1AA0594970479.e.18017/click - {}
RESULT: {}
COMMAND: GET /session/e87ee5c00bb1e8c61ee38b6c01d07093/screenshot - {}
RESULT: {}
COMMAND: POST /session/e87ee5c00bb1e8c61ee38b6c01d07093/element - {"using":"xpath","value":"//button[@data-kt=\"AddNewHOProvideAddItemsButton\"]"}
RESULT: {"using":"xpath","value":"//button[@data-kt=\"AddNewHOProvideAddItemsButton\"]"}
COMMAND: POST /session/e87ee5c00bb1e8c61ee38b6c01d07093/element/f.C39E6AC59F605FD7CA79606EE8A094DD.d.2E98C03DBE5B89E7C4B1AA0594970479.e.18021/click - {}
RESULT: {}
COMMAND: GET /session/e87ee5c00bb1e8c61ee38b6c01d07093/screenshot - {}
RESULT: {}
RESULT: undefined
COMMAND: POST /session/e87ee5c00bb1e8c61ee38b6c01d07093/element - {"using":"xpath","value":"//*[@id=\"application-managehandovers-display-component---AddNewHO--popup-sa\"]"}
RESULT: {"using":"xpath","value":"//*[@id=\"application-managehandovers-display-component---AddNewHO--popup-sa\"]"}
COMMAND: POST /session/e87ee5c00bb1e8c61ee38b6c01d07093/element/f.C39E6AC59F605FD7CA79606EE8A094DD.d.2E98C03DBE5B89E7C4B1AA0594970479.e.18031/click - {}
RESULT: {}
COMMAND: GET /session/e87ee5c00bb1e8c61ee38b6c01d07093/screenshot - {}
RESULT: {}
COMMAND: POST /session/e87ee5c00bb1e8c61ee38b6c01d07093/element - {"using":"xpath","value":"//*[contains(@id ,\"BDI-content\")][contains(text(), \"Select\")]"}
RESULT: {"using":"xpath","value":"//*[contains(@id ,\"BDI-content\")][contains(text(), \"Select\")]"}
COMMAND: POST /session/e87ee5c00bb1e8c61ee38b6c01d07093/element/f.C39E6AC59F605FD7CA79606EE8A094DD.d.2E98C03DBE5B89E7C4B1AA0594970479.e.18032/click - {}
RESULT: {}
COMMAND: GET /session/e87ee5c00bb1e8c61ee38b6c01d07093/screenshot - {}
RESULT: {}
COMMAND: POST /session/e87ee5c00bb1e8c61ee38b6c01d07093/execute/async - {"script":"<script> [1562 bytes]","args":[{"selector":{"id":"application-managehandovers-display-component---AddNewHO--confirmCreationButton","interaction":{"idSuffix":"BDI-content"}},"wdio_ui5_key":"applicationmanagehandovers-display-component---AddNewHO--confirmCreationButton"}]}
RESULT: {"script":"<script> [1562 bytes]","args":[{"selector":{"id":"application-managehandovers-display-component---AddNewHO--confirmCreationButton","interaction":{"idSuffix":"BDI-content"}},"wdio_ui5_key":"applicationmanagehandovers-display-component---AddNewHO--confirmCreationButton"}]}
RESULT: undefined
COMMAND: POST /session/e87ee5c00bb1e8c61ee38b6c01d07093/element - {"using":"xpath","value":"//*[@id=\"application-managehandovers-display-component---AddNewHO--confirmCreationButton\"]"}
RESULT: {"using":"xpath","value":"//*[@id=\"application-managehandovers-display-component---AddNewHO--confirmCreationButton\"]"}
COMMAND: POST /session/e87ee5c00bb1e8c61ee38b6c01d07093/element/f.C39E6AC59F605FD7CA79606EE8A094DD.d.2E98C03DBE5B89E7C4B1AA0594970479.e.17840/click - {}
RESULT: {}
COMMAND: GET /session/e87ee5c00bb1e8c61ee38b6c01d07093/screenshot - {}
RESULT: {}
COMMAND: POST /session/e87ee5c00bb1e8c61ee38b6c01d07093/execute/async - {"script":"<script> [1562 bytes]","args":[{"selector":{"id":"issueDatePicker","viewName":"etm.portal.ui.managehandovers.view.DetailExecuteHO","interaction":{"idSuffix":"inner"}},"wdio_ui5_key":"issueDatePickeretmportal.ui.managehandovers.view.DetailExecuteHO"}]}
RESULT: {"script":"<script> [1562 bytes]","args":[{"selector":{"id":"issueDatePicker","viewName":"etm.portal.ui.managehandovers.view.DetailExecuteHO","interaction":{"idSuffix":"inner"}},"wdio_ui5_key":"issueDatePickeretmportal.ui.managehandovers.view.DetailExecuteHO"}]}
RESULT: undefined
COMMAND: POST /session/e87ee5c00bb1e8c61ee38b6c01d07093/execute/async - {"script":"<script> [776 bytes]","args":[{"enterText":"5/25/25","selector":{"id":"issueDatePicker","viewName":"etm.portal.ui.managehandovers.view.DetailExecuteHO","interaction":{"idSuffix":"inner"}},"clearTextFirst":true,"interactionType":"ENTER_TEXT"}]}
RESULT: {"script":"<script> [776 bytes]","args":[{"enterText":"5/25/25","selector":{"id":"issueDatePicker","viewName":"etm.portal.ui.managehandovers.view.DetailExecuteHO","interaction":{"idSuffix":"inner"}},"clearTextFirst":true,"interactionType":"ENTER_TEXT"}]}
COMMAND: POST /session/e87ee5c00bb1e8c61ee38b6c01d07093/element - {"using":"xpath","value":"//button[@data-kt=\"PickingTableConfirmAllButton\"]"}
RESULT: {"using":"xpath","value":"//button[@data-kt=\"PickingTableConfirmAllButton\"]"}
COMMAND: POST /session/e87ee5c00bb1e8c61ee38b6c01d07093/element/f.C39E6AC59F605FD7CA79606EE8A094DD.d.2E98C03DBE5B89E7C4B1AA0594970479.e.18092/click - {}
RESULT: {}
COMMAND: GET /session/e87ee5c00bb1e8c61ee38b6c01d07093/screenshot - {}
RESULT: {}
COMMAND: POST /session/e87ee5c00bb1e8c61ee38b6c01d07093/element - {"using":"xpath","value":"//bdi[contains(text(), \"OK\")]"}
RESULT: {"using":"xpath","value":"//bdi[contains(text(), \"OK\")]"}
COMMAND: POST /session/e87ee5c00bb1e8c61ee38b6c01d07093/element/f.C39E6AC59F605FD7CA79606EE8A094DD.d.2E98C03DBE5B89E7C4B1AA0594970479.e.18096/click - {}
RESULT: {}
COMMAND: GET /session/e87ee5c00bb1e8c61ee38b6c01d07093/screenshot - {}
RESULT: {}
COMMAND: POST /session/e87ee5c00bb1e8c61ee38b6c01d07093/element - {"using":"xpath","value":"//bdi[contains(text(), \"Issue\")]"}
RESULT: {"using":"xpath","value":"//bdi[contains(text(), \"Issue\")]"}
COMMAND: POST /session/e87ee5c00bb1e8c61ee38b6c01d07093/element/f.C39E6AC59F605FD7CA79606EE8A094DD.d.2E98C03DBE5B89E7C4B1AA0594970479.e.18097/click - {}
RESULT: {}
COMMAND: GET /session/e87ee5c00bb1e8c61ee38b6c01d07093/screenshot - {}
RESULT: {}
COMMAND: POST /session/e87ee5c00bb1e8c61ee38b6c01d07093/element - {"using":"css selector","value":"#shell-header-logo"}
RESULT: {"using":"css selector","value":"#shell-header-logo"}
COMMAND: POST /session/e87ee5c00bb1e8c61ee38b6c01d07093/element/f.C39E6AC59F605FD7CA79606EE8A094DD.d.2E98C03DBE5B89E7C4B1AA0594970479.e.17087/click - {}
RESULT: {}
COMMAND: GET /session/e87ee5c00bb1e8c61ee38b6c01d07093/screenshot - {}
RESULT: {}
]]></system-out>
    </testcase>
    <testcase classname="chrome.136_0_7103_93.windows.Billing_transfer_US117289" name="Should navigate to Manage Billings and trigger contract calculation business confirm it" time="57.777">
      <system-out><![CDATA[
COMMAND: POST /session/e87ee5c00bb1e8c61ee38b6c01d07093/execute/async - {"script":"<script> [1562 bytes]","args":[{"selector":{"controlType":"sap.m.GenericTile","properties":{"header":"Manage Billings"}},"wdio_ui5_key":"sapm.GenericTile{\"header\":\"Manage Billings\"}"}]}
RESULT: {"script":"<script> [1562 bytes]","args":[{"selector":{"controlType":"sap.m.GenericTile","properties":{"header":"Manage Billings"}},"wdio_ui5_key":"sapm.GenericTile{\"header\":\"Manage Billings\"}"}]}
RESULT: undefined
COMMAND: POST /session/e87ee5c00bb1e8c61ee38b6c01d07093/element - {"using":"xpath","value":"//*[@id=\"__tile51\"]"}
RESULT: {"using":"xpath","value":"//*[@id=\"__tile51\"]"}
COMMAND: POST /session/e87ee5c00bb1e8c61ee38b6c01d07093/element/f.C39E6AC59F605FD7CA79606EE8A094DD.d.2E98C03DBE5B89E7C4B1AA0594970479.e.15064/click - {}
RESULT: {}
COMMAND: GET /session/e87ee5c00bb1e8c61ee38b6c01d07093/screenshot - {}
COMMAND: POST /session/e87ee5c00bb1e8c61ee38b6c01d07093/elements - {"using":"xpath","value":"//span[text()='Error']"}
RESULT: {}
RESULT: {"using":"xpath","value":"//span[text()='Error']"}
COMMAND: POST /session/e87ee5c00bb1e8c61ee38b6c01d07093/execute/async - {"script":"<script> [1562 bytes]","args":[{"selector":{"id":"application-managebillings-display-component---billRunCalcResult--smartFilterBar-btnBasicSearch","interaction":{"idSuffix":"I"}},"wdio_ui5_key":"applicationmanagebillings-display-component---billRunCalcResult--smartFilterBar-btnBasicSearch"}]}
RESULT: {"script":"<script> [1562 bytes]","args":[{"selector":{"id":"application-managebillings-display-component---billRunCalcResult--smartFilterBar-btnBasicSearch","interaction":{"idSuffix":"I"}},"wdio_ui5_key":"applicationmanagebillings-display-component---billRunCalcResult--smartFilterBar-btnBasicSearch"}]}
RESULT: undefined
COMMAND: POST /session/e87ee5c00bb1e8c61ee38b6c01d07093/execute/async - {"script":"<script> [776 bytes]","args":[{"enterText":"10220","selector":{"id":"application-managebillings-display-component---billRunCalcResult--smartFilterBar-btnBasicSearch","interaction":{"idSuffix":"I"}},"clearTextFirst":true,"interactionType":"ENTER_TEXT"}]}
RESULT: {"script":"<script> [776 bytes]","args":[{"enterText":"10220","selector":{"id":"application-managebillings-display-component---billRunCalcResult--smartFilterBar-btnBasicSearch","interaction":{"idSuffix":"I"}},"clearTextFirst":true,"interactionType":"ENTER_TEXT"}]}
COMMAND: POST /session/e87ee5c00bb1e8c61ee38b6c01d07093/actions - {"actions":[{"id":"action58","type":"key","parameters":{},"actions":[{"type":"keyDown","value":""},{"type":"pause","duration":10},{"type":"keyUp","value":""}]}]}
RESULT: {"actions":[{"id":"action58","type":"key","parameters":{},"actions":[{"type":"keyDown","value":""},{"type":"pause","duration":10},{"type":"keyUp","value":""}]}]}
COMMAND: GET /session/e87ee5c00bb1e8c61ee38b6c01d07093/screenshot - {}
RESULT: {}
COMMAND: POST /session/e87ee5c00bb1e8c61ee38b6c01d07093/element - {"using":"xpath","value":"//td[@aria-colindex=\"1\"]/div/div[contains(@class, \"sapMCbBg\")]"}
RESULT: {"using":"xpath","value":"//td[@aria-colindex=\"1\"]/div/div[contains(@class, \"sapMCbBg\")]"}
COMMAND: POST /session/e87ee5c00bb1e8c61ee38b6c01d07093/element/f.C39E6AC59F605FD7CA79606EE8A094DD.d.2E98C03DBE5B89E7C4B1AA0594970479.e.18514/click - {}
RESULT: {}
COMMAND: GET /session/e87ee5c00bb1e8c61ee38b6c01d07093/screenshot - {}
RESULT: {}
COMMAND: POST /session/e87ee5c00bb1e8c61ee38b6c01d07093/execute/async - {"script":"<script> [1562 bytes]","args":[{"selector":{"id":"application-managebillings-display-component---billRunCalcResult--contractBillRunDate","interaction":{"idSuffix":"inner"}},"wdio_ui5_key":"applicationmanagebillings-display-component---billRunCalcResult--contractBillRunDate"}]}
RESULT: {"script":"<script> [1562 bytes]","args":[{"selector":{"id":"application-managebillings-display-component---billRunCalcResult--contractBillRunDate","interaction":{"idSuffix":"inner"}},"wdio_ui5_key":"applicationmanagebillings-display-component---billRunCalcResult--contractBillRunDate"}]}
RESULT: undefined
COMMAND: POST /session/e87ee5c00bb1e8c61ee38b6c01d07093/execute/async - {"script":"<script> [776 bytes]","args":[{"enterText":"6/25/25","selector":{"id":"application-managebillings-display-component---billRunCalcResult--contractBillRunDate","interaction":{"idSuffix":"inner"}},"clearTextFirst":true,"interactionType":"ENTER_TEXT"}]}
RESULT: {"script":"<script> [776 bytes]","args":[{"enterText":"6/25/25","selector":{"id":"application-managebillings-display-component---billRunCalcResult--contractBillRunDate","interaction":{"idSuffix":"inner"}},"clearTextFirst":true,"interactionType":"ENTER_TEXT"}]}
COMMAND: POST /session/e87ee5c00bb1e8c61ee38b6c01d07093/element - {"using":"xpath","value":"//bdi[contains(text(), \"Trigger Calculation\")]"}
RESULT: {"using":"xpath","value":"//bdi[contains(text(), \"Trigger Calculation\")]"}
COMMAND: POST /session/e87ee5c00bb1e8c61ee38b6c01d07093/element/f.C39E6AC59F605FD7CA79606EE8A094DD.d.2E98C03DBE5B89E7C4B1AA0594970479.e.18535/click - {}
RESULT: {}
COMMAND: GET /session/e87ee5c00bb1e8c61ee38b6c01d07093/screenshot - {}
RESULT: {}
COMMAND: POST /session/e87ee5c00bb1e8c61ee38b6c01d07093/element - {"using":"xpath","value":"(//span[contains(@id, \"imgNav\")])[1]"}
RESULT: {"using":"xpath","value":"(//span[contains(@id, \"imgNav\")])[1]"}
COMMAND: POST /session/e87ee5c00bb1e8c61ee38b6c01d07093/element/f.C39E6AC59F605FD7CA79606EE8A094DD.d.2E98C03DBE5B89E7C4B1AA0594970479.e.18528/click - {}
RESULT: {}
COMMAND: GET /session/e87ee5c00bb1e8c61ee38b6c01d07093/screenshot - {}
RESULT: {}
COMMAND: POST /session/e87ee5c00bb1e8c61ee38b6c01d07093/execute/async - {"script":"<script> [1562 bytes]","args":[{"selector":{"controlType":"sap.ui.core.Icon","viewName":"etm.portal.ui.managebillings.view.Master","viewId":"application-managebillings-display-component---billRunCalcResult","properties":{"src":{"regex":{"source":"slim\\-arrow\\-right"}}}},"wdio_ui5_key":"etmportal.ui.managebillings.view.Mastersap.ui.core.Icon{\"src\":{\"regex\":{\"source\":\"slim\\\\-arrow\\\\-right\"}}}"}]}
RESULT: {"script":"<script> [1562 bytes]","args":[{"selector":{"controlType":"sap.ui.core.Icon","viewName":"etm.portal.ui.managebillings.view.Master","viewId":"application-managebillings-display-component---billRunCalcResult","properties":{"src":{"regex":{"source":"slim\\-arrow\\-right"}}}},"wdio_ui5_key":"etmportal.ui.managebillings.view.Mastersap.ui.core.Icon{\"src\":{\"regex\":{\"source\":\"slim\\\\-arrow\\\\-right\"}}}"}]}
RESULT: undefined
COMMAND: POST /session/e87ee5c00bb1e8c61ee38b6c01d07093/element - {"using":"xpath","value":"//*[@id=\"__item1505-application-managebillings-display-component---billRunCalcResult--billingRunsTable-0-imgNav\"]"}
RESULT: {"using":"xpath","value":"//*[@id=\"__item1505-application-managebillings-display-component---billRunCalcResult--billingRunsTable-0-imgNav\"]"}
COMMAND: POST /session/e87ee5c00bb1e8c61ee38b6c01d07093/element/f.C39E6AC59F605FD7CA79606EE8A094DD.d.2E98C03DBE5B89E7C4B1AA0594970479.e.18540/click - {}
RESULT: {}
COMMAND: POST /session/e87ee5c00bb1e8c61ee38b6c01d07093/execute/async - {"script":"<script> [1562 bytes]","args":[{"selector":{"id":"application-managebillings-display-component---billRunCalcResult--btnConf","interaction":{"idSuffix":"BDI-content"}},"wdio_ui5_key":"applicationmanagebillings-display-component---billRunCalcResult--btnConf"}]}
COMMAND: GET /session/e87ee5c00bb1e8c61ee38b6c01d07093/screenshot - {}
RESULT: {"script":"<script> [1562 bytes]","args":[{"selector":{"id":"application-managebillings-display-component---billRunCalcResult--btnConf","interaction":{"idSuffix":"BDI-content"}},"wdio_ui5_key":"applicationmanagebillings-display-component---billRunCalcResult--btnConf"}]}
RESULT: undefined
COMMAND: POST /session/e87ee5c00bb1e8c61ee38b6c01d07093/element - {"using":"xpath","value":"//*[@id=\"application-managebillings-display-component---billRunCalcResult--btnConf\"]"}
RESULT: {}
RESULT: {"using":"xpath","value":"//*[@id=\"application-managebillings-display-component---billRunCalcResult--btnConf\"]"}
COMMAND: POST /session/e87ee5c00bb1e8c61ee38b6c01d07093/element/f.C39E6AC59F605FD7CA79606EE8A094DD.d.2E98C03DBE5B89E7C4B1AA0594970479.e.18575/click - {}
RESULT: {}
COMMAND: POST /session/e87ee5c00bb1e8c61ee38b6c01d07093/element - {"using":"css selector","value":"#shell-header-logo"}
COMMAND: GET /session/e87ee5c00bb1e8c61ee38b6c01d07093/screenshot - {}
RESULT: {"using":"css selector","value":"#shell-header-logo"}
COMMAND: POST /session/e87ee5c00bb1e8c61ee38b6c01d07093/element/f.C39E6AC59F605FD7CA79606EE8A094DD.d.2E98C03DBE5B89E7C4B1AA0594970479.e.18275/click - {}
RESULT: {}
RESULT: {}
COMMAND: GET /session/e87ee5c00bb1e8c61ee38b6c01d07093/screenshot - {}
RESULT: {}
]]></system-out>
    </testcase>
    <testcase classname="chrome.136_0_7103_93.windows.Billing_transfer_US117289" name="Should trigger Billing Transfer process all the way to completion" time="74.77">
      <system-out><![CDATA[
COMMAND: POST /session/e87ee5c00bb1e8c61ee38b6c01d07093/execute/async - {"script":"<script> [1562 bytes]","args":[{"selector":{"controlType":"sap.m.GenericTile","properties":{"header":"Billing Transfer"}},"wdio_ui5_key":"sapm.GenericTile{\"header\":\"Billing Transfer\"}"}]}
RESULT: {"script":"<script> [1562 bytes]","args":[{"selector":{"controlType":"sap.m.GenericTile","properties":{"header":"Billing Transfer"}},"wdio_ui5_key":"sapm.GenericTile{\"header\":\"Billing Transfer\"}"}]}
RESULT: undefined
COMMAND: POST /session/e87ee5c00bb1e8c61ee38b6c01d07093/element - {"using":"xpath","value":"//*[@id=\"__tile50\"]"}
RESULT: {"using":"xpath","value":"//*[@id=\"__tile50\"]"}
COMMAND: POST /session/e87ee5c00bb1e8c61ee38b6c01d07093/element/f.C39E6AC59F605FD7CA79606EE8A094DD.d.2E98C03DBE5B89E7C4B1AA0594970479.e.15062/click - {}
RESULT: {}
COMMAND: GET /session/e87ee5c00bb1e8c61ee38b6c01d07093/screenshot - {}
RESULT: {}
COMMAND: POST /session/e87ee5c00bb1e8c61ee38b6c01d07093/elements - {"using":"xpath","value":"//span[text()='Error']"}
RESULT: {"using":"xpath","value":"//span[text()='Error']"}
COMMAND: POST /session/e87ee5c00bb1e8c61ee38b6c01d07093/element - {"using":"xpath","value":"//input[contains(@id ,\"application-billingtransfer-display-component---billingWorkbench--smartFilterBar-btnBasicSearch\")]"}
RESULT: {"using":"xpath","value":"//input[contains(@id ,\"application-billingtransfer-display-component---billingWorkbench--smartFilterBar-btnBasicSearch\")]"}
COMMAND: POST /session/e87ee5c00bb1e8c61ee38b6c01d07093/elements - {"using":"xpath","value":"//input[contains(@id ,\"application-billingtransfer-display-component---billingWorkbench--smartFilterBar-btnBasicSearch\")]"}
RESULT: {"using":"xpath","value":"//input[contains(@id ,\"application-billingtransfer-display-component---billingWorkbench--smartFilterBar-btnBasicSearch\")]"}
COMMAND: POST /session/e87ee5c00bb1e8c61ee38b6c01d07093/execute/sync - {"script":"<script> [8489 bytes]","args":[{"element-6066-11e4-a52e-4f735466cecf":"f.C39E6AC59F605FD7CA79606EE8A094DD.d.2E98C03DBE5B89E7C4B1AA0594970479.e.18619","ELEMENT":"f.C39E6AC59F605FD7CA79606EE8A094DD.d.2E98C03DBE5B89E7C4B1AA0594970479.e.18619"}]}
RESULT: {"script":"<script> [8489 bytes]","args":[{"element-6066-11e4-a52e-4f735466cecf":"f.C39E6AC59F605FD7CA79606EE8A094DD.d.2E98C03DBE5B89E7C4B1AA0594970479.e.18619","ELEMENT":"f.C39E6AC59F605FD7CA79606EE8A094DD.d.2E98C03DBE5B89E7C4B1AA0594970479.e.18619"}]}
COMMAND: GET /session/e87ee5c00bb1e8c61ee38b6c01d07093/element/f.C39E6AC59F605FD7CA79606EE8A094DD.d.2E98C03DBE5B89E7C4B1AA0594970479.e.18619/enabled - {}
COMMAND: GET /session/e87ee5c00bb1e8c61ee38b6c01d07093/screenshot - {}
RESULT: {}
COMMAND: POST /session/e87ee5c00bb1e8c61ee38b6c01d07093/element/f.C39E6AC59F605FD7CA79606EE8A094DD.d.2E98C03DBE5B89E7C4B1AA0594970479.e.18619/click - {}
COMMAND: GET /session/e87ee5c00bb1e8c61ee38b6c01d07093/screenshot - {}
RESULT: {}
RESULT: {}
COMMAND: GET /session/e87ee5c00bb1e8c61ee38b6c01d07093/screenshot - {}
RESULT: {}
RESULT: {}
COMMAND: POST /session/e87ee5c00bb1e8c61ee38b6c01d07093/element/f.C39E6AC59F605FD7CA79606EE8A094DD.d.2E98C03DBE5B89E7C4B1AA0594970479.e.18619/clear - {}
RESULT: {}
COMMAND: POST /session/e87ee5c00bb1e8c61ee38b6c01d07093/element/f.C39E6AC59F605FD7CA79606EE8A094DD.d.2E98C03DBE5B89E7C4B1AA0594970479.e.18619/value - {"text":"10220"}
COMMAND: GET /session/e87ee5c00bb1e8c61ee38b6c01d07093/screenshot - {}
RESULT: {"text":"10220"}
COMMAND: POST /session/e87ee5c00bb1e8c61ee38b6c01d07093/actions - {"actions":[{"id":"action59","type":"key","parameters":{},"actions":[{"type":"keyDown","value":""},{"type":"pause","duration":10},{"type":"keyUp","value":""}]}]}
COMMAND: GET /session/e87ee5c00bb1e8c61ee38b6c01d07093/screenshot - {}
RESULT: {}
RESULT: {"actions":[{"id":"action59","type":"key","parameters":{},"actions":[{"type":"keyDown","value":""},{"type":"pause","duration":10},{"type":"keyUp","value":""}]}]}
COMMAND: GET /session/e87ee5c00bb1e8c61ee38b6c01d07093/screenshot - {}
RESULT: {}
RESULT: {}
COMMAND: POST /session/e87ee5c00bb1e8c61ee38b6c01d07093/element - {"using":"xpath","value":"//span[contains(@id ,\"application-billingtransfer-display-component---billingWorkbench--smartTableBillingRuns-header-inner\")]"}
RESULT: {"using":"xpath","value":"//span[contains(@id ,\"application-billingtransfer-display-component---billingWorkbench--smartTableBillingRuns-header-inner\")]"}
COMMAND: POST /session/e87ee5c00bb1e8c61ee38b6c01d07093/elements - {"using":"xpath","value":"//span[contains(@id ,\"application-billingtransfer-display-component---billingWorkbench--smartTableBillingRuns-header-inner\")]"}
RESULT: {"using":"xpath","value":"//span[contains(@id ,\"application-billingtransfer-display-component---billingWorkbench--smartTableBillingRuns-header-inner\")]"}
COMMAND: POST /session/e87ee5c00bb1e8c61ee38b6c01d07093/execute/sync - {"script":"<script> [56 bytes]","args":[{"element-6066-11e4-a52e-4f735466cecf":"f.C39E6AC59F605FD7CA79606EE8A094DD.d.2E98C03DBE5B89E7C4B1AA0594970479.e.18877","ELEMENT":"f.C39E6AC59F605FD7CA79606EE8A094DD.d.2E98C03DBE5B89E7C4B1AA0594970479.e.18877"}]}
RESULT: {"script":"<script> [56 bytes]","args":[{"element-6066-11e4-a52e-4f735466cecf":"f.C39E6AC59F605FD7CA79606EE8A094DD.d.2E98C03DBE5B89E7C4B1AA0594970479.e.18877","ELEMENT":"f.C39E6AC59F605FD7CA79606EE8A094DD.d.2E98C03DBE5B89E7C4B1AA0594970479.e.18877"}]}
COMMAND: POST /session/e87ee5c00bb1e8c61ee38b6c01d07093/element - {"using":"xpath","value":"//td[@aria-colindex=\"1\"]/div/div[contains(@class, \"sapMCbBg\")]"}
COMMAND: GET /session/e87ee5c00bb1e8c61ee38b6c01d07093/screenshot - {}
RESULT: {"using":"xpath","value":"//td[@aria-colindex=\"1\"]/div/div[contains(@class, \"sapMCbBg\")]"}
COMMAND: POST /session/e87ee5c00bb1e8c61ee38b6c01d07093/element/f.C39E6AC59F605FD7CA79606EE8A094DD.d.2E98C03DBE5B89E7C4B1AA0594970479.e.18774/click - {}
RESULT: {}
RESULT: {}
COMMAND: GET /session/e87ee5c00bb1e8c61ee38b6c01d07093/screenshot - {}
RESULT: {}
COMMAND: POST /session/e87ee5c00bb1e8c61ee38b6c01d07093/element - {"using":"xpath","value":"//bdi[contains(text(), \"Check\")]"}
RESULT: {"using":"xpath","value":"//bdi[contains(text(), \"Check\")]"}
COMMAND: POST /session/e87ee5c00bb1e8c61ee38b6c01d07093/element/f.C39E6AC59F605FD7CA79606EE8A094DD.d.2E98C03DBE5B89E7C4B1AA0594970479.e.18878/click - {}
RESULT: {}
COMMAND: GET /session/e87ee5c00bb1e8c61ee38b6c01d07093/screenshot - {}
RESULT: {}
COMMAND: POST /session/e87ee5c00bb1e8c61ee38b6c01d07093/element - {"using":"xpath","value":"//bdi[contains(text(), \"OK\")]"}
RESULT: {"using":"xpath","value":"//bdi[contains(text(), \"OK\")]"}
COMMAND: POST /session/e87ee5c00bb1e8c61ee38b6c01d07093/element/f.C39E6AC59F605FD7CA79606EE8A094DD.d.2E98C03DBE5B89E7C4B1AA0594970479.e.18881/click - {}
RESULT: {}
COMMAND: GET /session/e87ee5c00bb1e8c61ee38b6c01d07093/screenshot - {}
RESULT: {}
COMMAND: POST /session/e87ee5c00bb1e8c61ee38b6c01d07093/element - {"using":"xpath","value":"(//span[contains(text(), \"CO/SD checked\")]/parent::div/preceding-sibling::div/span)[1]"}
RESULT: {"using":"xpath","value":"(//span[contains(text(), \"CO/SD checked\")]/parent::div/preceding-sibling::div/span)[1]"}
COMMAND: POST /session/e87ee5c00bb1e8c61ee38b6c01d07093/element/f.C39E6AC59F605FD7CA79606EE8A094DD.d.2E98C03DBE5B89E7C4B1AA0594970479.e.18891/click - {}
RESULT: {}
COMMAND: GET /session/e87ee5c00bb1e8c61ee38b6c01d07093/screenshot - {}
RESULT: {}
COMMAND: POST /session/e87ee5c00bb1e8c61ee38b6c01d07093/element - {"using":"xpath","value":"//input[contains(@id ,\"application-billingtransfer-display-component---billingWorkbench--smartFilterBar-btnBasicSearch\")]"}
RESULT: {"using":"xpath","value":"//input[contains(@id ,\"application-billingtransfer-display-component---billingWorkbench--smartFilterBar-btnBasicSearch\")]"}
COMMAND: POST /session/e87ee5c00bb1e8c61ee38b6c01d07093/elements - {"using":"xpath","value":"//input[contains(@id ,\"application-billingtransfer-display-component---billingWorkbench--smartFilterBar-btnBasicSearch\")]"}
RESULT: {"using":"xpath","value":"//input[contains(@id ,\"application-billingtransfer-display-component---billingWorkbench--smartFilterBar-btnBasicSearch\")]"}
COMMAND: POST /session/e87ee5c00bb1e8c61ee38b6c01d07093/execute/sync - {"script":"<script> [8489 bytes]","args":[{"element-6066-11e4-a52e-4f735466cecf":"f.C39E6AC59F605FD7CA79606EE8A094DD.d.2E98C03DBE5B89E7C4B1AA0594970479.e.18619","ELEMENT":"f.C39E6AC59F605FD7CA79606EE8A094DD.d.2E98C03DBE5B89E7C4B1AA0594970479.e.18619"}]}
RESULT: {"script":"<script> [8489 bytes]","args":[{"element-6066-11e4-a52e-4f735466cecf":"f.C39E6AC59F605FD7CA79606EE8A094DD.d.2E98C03DBE5B89E7C4B1AA0594970479.e.18619","ELEMENT":"f.C39E6AC59F605FD7CA79606EE8A094DD.d.2E98C03DBE5B89E7C4B1AA0594970479.e.18619"}]}
COMMAND: GET /session/e87ee5c00bb1e8c61ee38b6c01d07093/element/f.C39E6AC59F605FD7CA79606EE8A094DD.d.2E98C03DBE5B89E7C4B1AA0594970479.e.18619/enabled - {}
COMMAND: GET /session/e87ee5c00bb1e8c61ee38b6c01d07093/screenshot - {}
RESULT: {}
COMMAND: POST /session/e87ee5c00bb1e8c61ee38b6c01d07093/element/f.C39E6AC59F605FD7CA79606EE8A094DD.d.2E98C03DBE5B89E7C4B1AA0594970479.e.18619/click - {}
COMMAND: GET /session/e87ee5c00bb1e8c61ee38b6c01d07093/screenshot - {}
RESULT: {}
RESULT: {}
COMMAND: GET /session/e87ee5c00bb1e8c61ee38b6c01d07093/screenshot - {}
RESULT: {}
RESULT: {}
COMMAND: POST /session/e87ee5c00bb1e8c61ee38b6c01d07093/element/f.C39E6AC59F605FD7CA79606EE8A094DD.d.2E98C03DBE5B89E7C4B1AA0594970479.e.18619/clear - {}
RESULT: {}
COMMAND: POST /session/e87ee5c00bb1e8c61ee38b6c01d07093/element/f.C39E6AC59F605FD7CA79606EE8A094DD.d.2E98C03DBE5B89E7C4B1AA0594970479.e.18619/value - {"text":"10220"}
COMMAND: GET /session/e87ee5c00bb1e8c61ee38b6c01d07093/screenshot - {}
RESULT: {"text":"10220"}
COMMAND: POST /session/e87ee5c00bb1e8c61ee38b6c01d07093/actions - {"actions":[{"id":"action60","type":"key","parameters":{},"actions":[{"type":"keyDown","value":""},{"type":"pause","duration":10},{"type":"keyUp","value":""}]}]}
COMMAND: GET /session/e87ee5c00bb1e8c61ee38b6c01d07093/screenshot - {}
RESULT: {}
RESULT: {"actions":[{"id":"action60","type":"key","parameters":{},"actions":[{"type":"keyDown","value":""},{"type":"pause","duration":10},{"type":"keyUp","value":""}]}]}
COMMAND: GET /session/e87ee5c00bb1e8c61ee38b6c01d07093/screenshot - {}
RESULT: {}
RESULT: {}
COMMAND: POST /session/e87ee5c00bb1e8c61ee38b6c01d07093/element - {"using":"xpath","value":"//span[contains(@id ,\"application-billingtransfer-display-component---billingWorkbench--smartTableBillingRuns-header-inner\")]"}
RESULT: {"using":"xpath","value":"//span[contains(@id ,\"application-billingtransfer-display-component---billingWorkbench--smartTableBillingRuns-header-inner\")]"}
COMMAND: POST /session/e87ee5c00bb1e8c61ee38b6c01d07093/elements - {"using":"xpath","value":"//span[contains(@id ,\"application-billingtransfer-display-component---billingWorkbench--smartTableBillingRuns-header-inner\")]"}
RESULT: {"using":"xpath","value":"//span[contains(@id ,\"application-billingtransfer-display-component---billingWorkbench--smartTableBillingRuns-header-inner\")]"}
COMMAND: POST /session/e87ee5c00bb1e8c61ee38b6c01d07093/execute/sync - {"script":"<script> [56 bytes]","args":[{"element-6066-11e4-a52e-4f735466cecf":"f.C39E6AC59F605FD7CA79606EE8A094DD.d.2E98C03DBE5B89E7C4B1AA0594970479.e.18877","ELEMENT":"f.C39E6AC59F605FD7CA79606EE8A094DD.d.2E98C03DBE5B89E7C4B1AA0594970479.e.18877"}]}
RESULT: {"script":"<script> [56 bytes]","args":[{"element-6066-11e4-a52e-4f735466cecf":"f.C39E6AC59F605FD7CA79606EE8A094DD.d.2E98C03DBE5B89E7C4B1AA0594970479.e.18877","ELEMENT":"f.C39E6AC59F605FD7CA79606EE8A094DD.d.2E98C03DBE5B89E7C4B1AA0594970479.e.18877"}]}
COMMAND: POST /session/e87ee5c00bb1e8c61ee38b6c01d07093/element - {"using":"xpath","value":"//td[@aria-colindex=\"1\"]/div/div[contains(@class, \"sapMCbBg\")]"}
COMMAND: GET /session/e87ee5c00bb1e8c61ee38b6c01d07093/screenshot - {}
RESULT: {"using":"xpath","value":"//td[@aria-colindex=\"1\"]/div/div[contains(@class, \"sapMCbBg\")]"}
COMMAND: POST /session/e87ee5c00bb1e8c61ee38b6c01d07093/element/f.C39E6AC59F605FD7CA79606EE8A094DD.d.2E98C03DBE5B89E7C4B1AA0594970479.e.18895/click - {}
RESULT: {}
RESULT: {}
COMMAND: GET /session/e87ee5c00bb1e8c61ee38b6c01d07093/screenshot - {}
RESULT: {}
COMMAND: POST /session/e87ee5c00bb1e8c61ee38b6c01d07093/element - {"using":"xpath","value":"//bdi[text()=\"Transfer\"]"}
RESULT: {"using":"xpath","value":"//bdi[text()=\"Transfer\"]"}
COMMAND: POST /session/e87ee5c00bb1e8c61ee38b6c01d07093/element/f.C39E6AC59F605FD7CA79606EE8A094DD.d.2E98C03DBE5B89E7C4B1AA0594970479.e.18896/click - {}
RESULT: {}
COMMAND: GET /session/e87ee5c00bb1e8c61ee38b6c01d07093/screenshot - {}
RESULT: {}
COMMAND: POST /session/e87ee5c00bb1e8c61ee38b6c01d07093/element - {"using":"xpath","value":"//bdi[contains(text(), \"OK\")]"}
RESULT: {"using":"xpath","value":"//bdi[contains(text(), \"OK\")]"}
COMMAND: POST /session/e87ee5c00bb1e8c61ee38b6c01d07093/element/f.C39E6AC59F605FD7CA79606EE8A094DD.d.2E98C03DBE5B89E7C4B1AA0594970479.e.18899/click - {}
RESULT: {}
COMMAND: GET /session/e87ee5c00bb1e8c61ee38b6c01d07093/screenshot - {}
RESULT: {}
COMMAND: POST /session/e87ee5c00bb1e8c61ee38b6c01d07093/element - {"using":"xpath","value":"(//span[contains(text(), \"Completed\")]/parent::div/preceding-sibling::div/span)[1]"}
RESULT: {"using":"xpath","value":"(//span[contains(text(), \"Completed\")]/parent::div/preceding-sibling::div/span)[1]"}
COMMAND: POST /session/e87ee5c00bb1e8c61ee38b6c01d07093/element/f.C39E6AC59F605FD7CA79606EE8A094DD.d.2E98C03DBE5B89E7C4B1AA0594970479.e.18907/click - {}
RESULT: {}
COMMAND: POST /session/e87ee5c00bb1e8c61ee38b6c01d07093/element - {"using":"xpath","value":"//input[contains(@id ,\"application-billingtransfer-display-component---billingWorkbench--smartFilterBar-btnBasicSearch\")]"}
COMMAND: GET /session/e87ee5c00bb1e8c61ee38b6c01d07093/screenshot - {}
RESULT: {"using":"xpath","value":"//input[contains(@id ,\"application-billingtransfer-display-component---billingWorkbench--smartFilterBar-btnBasicSearch\")]"}
COMMAND: POST /session/e87ee5c00bb1e8c61ee38b6c01d07093/elements - {"using":"xpath","value":"//input[contains(@id ,\"application-billingtransfer-display-component---billingWorkbench--smartFilterBar-btnBasicSearch\")]"}
RESULT: {}
RESULT: {"using":"xpath","value":"//input[contains(@id ,\"application-billingtransfer-display-component---billingWorkbench--smartFilterBar-btnBasicSearch\")]"}
COMMAND: POST /session/e87ee5c00bb1e8c61ee38b6c01d07093/execute/sync - {"script":"<script> [8489 bytes]","args":[{"element-6066-11e4-a52e-4f735466cecf":"f.C39E6AC59F605FD7CA79606EE8A094DD.d.2E98C03DBE5B89E7C4B1AA0594970479.e.18619","ELEMENT":"f.C39E6AC59F605FD7CA79606EE8A094DD.d.2E98C03DBE5B89E7C4B1AA0594970479.e.18619"}]}
RESULT: {"script":"<script> [8489 bytes]","args":[{"element-6066-11e4-a52e-4f735466cecf":"f.C39E6AC59F605FD7CA79606EE8A094DD.d.2E98C03DBE5B89E7C4B1AA0594970479.e.18619","ELEMENT":"f.C39E6AC59F605FD7CA79606EE8A094DD.d.2E98C03DBE5B89E7C4B1AA0594970479.e.18619"}]}
COMMAND: GET /session/e87ee5c00bb1e8c61ee38b6c01d07093/element/f.C39E6AC59F605FD7CA79606EE8A094DD.d.2E98C03DBE5B89E7C4B1AA0594970479.e.18619/enabled - {}
COMMAND: GET /session/e87ee5c00bb1e8c61ee38b6c01d07093/screenshot - {}
RESULT: {}
COMMAND: POST /session/e87ee5c00bb1e8c61ee38b6c01d07093/element/f.C39E6AC59F605FD7CA79606EE8A094DD.d.2E98C03DBE5B89E7C4B1AA0594970479.e.18619/click - {}
COMMAND: GET /session/e87ee5c00bb1e8c61ee38b6c01d07093/screenshot - {}
RESULT: {}
RESULT: {}
COMMAND: GET /session/e87ee5c00bb1e8c61ee38b6c01d07093/screenshot - {}
RESULT: {}
RESULT: {}
COMMAND: POST /session/e87ee5c00bb1e8c61ee38b6c01d07093/element/f.C39E6AC59F605FD7CA79606EE8A094DD.d.2E98C03DBE5B89E7C4B1AA0594970479.e.18619/clear - {}
RESULT: {}
COMMAND: POST /session/e87ee5c00bb1e8c61ee38b6c01d07093/element/f.C39E6AC59F605FD7CA79606EE8A094DD.d.2E98C03DBE5B89E7C4B1AA0594970479.e.18619/value - {"text":"10220"}
COMMAND: GET /session/e87ee5c00bb1e8c61ee38b6c01d07093/screenshot - {}
RESULT: {"text":"10220"}
COMMAND: POST /session/e87ee5c00bb1e8c61ee38b6c01d07093/actions - {"actions":[{"id":"action61","type":"key","parameters":{},"actions":[{"type":"keyDown","value":""},{"type":"pause","duration":10},{"type":"keyUp","value":""}]}]}
COMMAND: GET /session/e87ee5c00bb1e8c61ee38b6c01d07093/screenshot - {}
RESULT: {}
RESULT: {"actions":[{"id":"action61","type":"key","parameters":{},"actions":[{"type":"keyDown","value":""},{"type":"pause","duration":10},{"type":"keyUp","value":""}]}]}
COMMAND: GET /session/e87ee5c00bb1e8c61ee38b6c01d07093/screenshot - {}
RESULT: {}
RESULT: {}
COMMAND: POST /session/e87ee5c00bb1e8c61ee38b6c01d07093/element - {"using":"xpath","value":"//span[contains(@id ,\"application-billingtransfer-display-component---billingWorkbench--smartTableBillingRuns-header-inner\")]"}
RESULT: {"using":"xpath","value":"//span[contains(@id ,\"application-billingtransfer-display-component---billingWorkbench--smartTableBillingRuns-header-inner\")]"}
COMMAND: POST /session/e87ee5c00bb1e8c61ee38b6c01d07093/elements - {"using":"xpath","value":"//span[contains(@id ,\"application-billingtransfer-display-component---billingWorkbench--smartTableBillingRuns-header-inner\")]"}
RESULT: {"using":"xpath","value":"//span[contains(@id ,\"application-billingtransfer-display-component---billingWorkbench--smartTableBillingRuns-header-inner\")]"}
COMMAND: POST /session/e87ee5c00bb1e8c61ee38b6c01d07093/execute/sync - {"script":"<script> [56 bytes]","args":[{"element-6066-11e4-a52e-4f735466cecf":"f.C39E6AC59F605FD7CA79606EE8A094DD.d.2E98C03DBE5B89E7C4B1AA0594970479.e.18877","ELEMENT":"f.C39E6AC59F605FD7CA79606EE8A094DD.d.2E98C03DBE5B89E7C4B1AA0594970479.e.18877"}]}
RESULT: {"script":"<script> [56 bytes]","args":[{"element-6066-11e4-a52e-4f735466cecf":"f.C39E6AC59F605FD7CA79606EE8A094DD.d.2E98C03DBE5B89E7C4B1AA0594970479.e.18877","ELEMENT":"f.C39E6AC59F605FD7CA79606EE8A094DD.d.2E98C03DBE5B89E7C4B1AA0594970479.e.18877"}]}
COMMAND: GET /session/e87ee5c00bb1e8c61ee38b6c01d07093/screenshot - {}
RESULT: {}
COMMAND: POST /session/e87ee5c00bb1e8c61ee38b6c01d07093/execute/sync - {"script":"<script> [56 bytes]","args":[{"element-6066-11e4-a52e-4f735466cecf":"f.C39E6AC59F605FD7CA79606EE8A094DD.d.2E98C03DBE5B89E7C4B1AA0594970479.e.18877","ELEMENT":"f.C39E6AC59F605FD7CA79606EE8A094DD.d.2E98C03DBE5B89E7C4B1AA0594970479.e.18877"}]}
RESULT: {"script":"<script> [56 bytes]","args":[{"element-6066-11e4-a52e-4f735466cecf":"f.C39E6AC59F605FD7CA79606EE8A094DD.d.2E98C03DBE5B89E7C4B1AA0594970479.e.18877","ELEMENT":"f.C39E6AC59F605FD7CA79606EE8A094DD.d.2E98C03DBE5B89E7C4B1AA0594970479.e.18877"}]}
COMMAND: GET /session/e87ee5c00bb1e8c61ee38b6c01d07093/screenshot - {}
RESULT: {}
COMMAND: POST /session/e87ee5c00bb1e8c61ee38b6c01d07093/execute/sync - {"script":"<script> [56 bytes]","args":[{"element-6066-11e4-a52e-4f735466cecf":"f.C39E6AC59F605FD7CA79606EE8A094DD.d.2E98C03DBE5B89E7C4B1AA0594970479.e.18877","ELEMENT":"f.C39E6AC59F605FD7CA79606EE8A094DD.d.2E98C03DBE5B89E7C4B1AA0594970479.e.18877"}]}
RESULT: {"script":"<script> [56 bytes]","args":[{"element-6066-11e4-a52e-4f735466cecf":"f.C39E6AC59F605FD7CA79606EE8A094DD.d.2E98C03DBE5B89E7C4B1AA0594970479.e.18877","ELEMENT":"f.C39E6AC59F605FD7CA79606EE8A094DD.d.2E98C03DBE5B89E7C4B1AA0594970479.e.18877"}]}
COMMAND: GET /session/e87ee5c00bb1e8c61ee38b6c01d07093/screenshot - {}
RESULT: {}
COMMAND: POST /session/e87ee5c00bb1e8c61ee38b6c01d07093/execute/sync - {"script":"<script> [56 bytes]","args":[{"element-6066-11e4-a52e-4f735466cecf":"f.C39E6AC59F605FD7CA79606EE8A094DD.d.2E98C03DBE5B89E7C4B1AA0594970479.e.18877","ELEMENT":"f.C39E6AC59F605FD7CA79606EE8A094DD.d.2E98C03DBE5B89E7C4B1AA0594970479.e.18877"}]}
RESULT: {"script":"<script> [56 bytes]","args":[{"element-6066-11e4-a52e-4f735466cecf":"f.C39E6AC59F605FD7CA79606EE8A094DD.d.2E98C03DBE5B89E7C4B1AA0594970479.e.18877","ELEMENT":"f.C39E6AC59F605FD7CA79606EE8A094DD.d.2E98C03DBE5B89E7C4B1AA0594970479.e.18877"}]}
COMMAND: GET /session/e87ee5c00bb1e8c61ee38b6c01d07093/screenshot - {}
RESULT: {}
COMMAND: POST /session/e87ee5c00bb1e8c61ee38b6c01d07093/execute/sync - {"script":"<script> [56 bytes]","args":[{"element-6066-11e4-a52e-4f735466cecf":"f.C39E6AC59F605FD7CA79606EE8A094DD.d.2E98C03DBE5B89E7C4B1AA0594970479.e.18877","ELEMENT":"f.C39E6AC59F605FD7CA79606EE8A094DD.d.2E98C03DBE5B89E7C4B1AA0594970479.e.18877"}]}
RESULT: {"script":"<script> [56 bytes]","args":[{"element-6066-11e4-a52e-4f735466cecf":"f.C39E6AC59F605FD7CA79606EE8A094DD.d.2E98C03DBE5B89E7C4B1AA0594970479.e.18877","ELEMENT":"f.C39E6AC59F605FD7CA79606EE8A094DD.d.2E98C03DBE5B89E7C4B1AA0594970479.e.18877"}]}
COMMAND: GET /session/e87ee5c00bb1e8c61ee38b6c01d07093/screenshot - {}
RESULT: {}
COMMAND: POST /session/e87ee5c00bb1e8c61ee38b6c01d07093/execute/sync - {"script":"<script> [56 bytes]","args":[{"element-6066-11e4-a52e-4f735466cecf":"f.C39E6AC59F605FD7CA79606EE8A094DD.d.2E98C03DBE5B89E7C4B1AA0594970479.e.18877","ELEMENT":"f.C39E6AC59F605FD7CA79606EE8A094DD.d.2E98C03DBE5B89E7C4B1AA0594970479.e.18877"}]}
RESULT: {"script":"<script> [56 bytes]","args":[{"element-6066-11e4-a52e-4f735466cecf":"f.C39E6AC59F605FD7CA79606EE8A094DD.d.2E98C03DBE5B89E7C4B1AA0594970479.e.18877","ELEMENT":"f.C39E6AC59F605FD7CA79606EE8A094DD.d.2E98C03DBE5B89E7C4B1AA0594970479.e.18877"}]}
COMMAND: POST /session/e87ee5c00bb1e8c61ee38b6c01d07093/element - {"using":"css selector","value":"#shell-header-logo"}
COMMAND: GET /session/e87ee5c00bb1e8c61ee38b6c01d07093/screenshot - {}
RESULT: {"using":"css selector","value":"#shell-header-logo"}
COMMAND: POST /session/e87ee5c00bb1e8c61ee38b6c01d07093/element/f.C39E6AC59F605FD7CA79606EE8A094DD.d.2E98C03DBE5B89E7C4B1AA0594970479.e.18624/click - {}
RESULT: {}
RESULT: {}
COMMAND: GET /session/e87ee5c00bb1e8c61ee38b6c01d07093/screenshot - {}
RESULT: {}
COMMAND: POST /session/e87ee5c00bb1e8c61ee38b6c01d07093/element - {"using":"css selector","value":"#j_username"}
COMMAND: POST /session/e87ee5c00bb1e8c61ee38b6c01d07093/url - {"url":"https://qa-testing-00-live-etm-ui.cfapps.eu10-004.hana.ondemand.com/"}
RESULT: {"using":"css selector","value":"#j_username"}
COMMAND: POST /session/e87ee5c00bb1e8c61ee38b6c01d07093/element - {"using":"css selector","value":"#j_username"}
RESULT: {"url":"https://qa-testing-00-live-etm-ui.cfapps.eu10-004.hana.ondemand.com/"}
RESULT: undefined
COMMAND: GET /session/e87ee5c00bb1e8c61ee38b6c01d07093/screenshot - {}
RESULT: {"using":"css selector","value":"#j_username"}
COMMAND: POST /session/e87ee5c00bb1e8c61ee38b6c01d07093/element - {"using":"css selector","value":"#shell-header-logo"}
RESULT: {}
RESULT: {"using":"css selector","value":"#shell-header-logo"}
COMMAND: POST /session/e87ee5c00bb1e8c61ee38b6c01d07093/execute/sync - {"script":"<script> [8489 bytes]","args":[{"element-6066-11e4-a52e-4f735466cecf":"f.C39E6AC59F605FD7CA79606EE8A094DD.d.6B9F12F98323A4DE0E22C23E56005E11.e.18923","ELEMENT":"f.C39E6AC59F605FD7CA79606EE8A094DD.d.6B9F12F98323A4DE0E22C23E56005E11.e.18923"}]}
RESULT: {"script":"<script> [8489 bytes]","args":[{"element-6066-11e4-a52e-4f735466cecf":"f.C39E6AC59F605FD7CA79606EE8A094DD.d.6B9F12F98323A4DE0E22C23E56005E11.e.18923","ELEMENT":"f.C39E6AC59F605FD7CA79606EE8A094DD.d.6B9F12F98323A4DE0E22C23E56005E11.e.18923"}]}
COMMAND: POST /session/e87ee5c00bb1e8c61ee38b6c01d07093/element - {"using":"css selector","value":"#shell-header-logo"}
COMMAND: GET /session/e87ee5c00bb1e8c61ee38b6c01d07093/screenshot - {}
RESULT: {"using":"css selector","value":"#shell-header-logo"}
COMMAND: POST /session/e87ee5c00bb1e8c61ee38b6c01d07093/execute/sync - {"script":"<script> [8489 bytes]","args":[{"element-6066-11e4-a52e-4f735466cecf":"f.C39E6AC59F605FD7CA79606EE8A094DD.d.6B9F12F98323A4DE0E22C23E56005E11.e.18923","ELEMENT":"f.C39E6AC59F605FD7CA79606EE8A094DD.d.6B9F12F98323A4DE0E22C23E56005E11.e.18923"}]}
RESULT: {}
RESULT: {"script":"<script> [8489 bytes]","args":[{"element-6066-11e4-a52e-4f735466cecf":"f.C39E6AC59F605FD7CA79606EE8A094DD.d.6B9F12F98323A4DE0E22C23E56005E11.e.18923","ELEMENT":"f.C39E6AC59F605FD7CA79606EE8A094DD.d.6B9F12F98323A4DE0E22C23E56005E11.e.18923"}]}
COMMAND: POST /session/e87ee5c00bb1e8c61ee38b6c01d07093/execute/sync - {"script":"<script> [5351 bytes]","args":[{"element-6066-11e4-a52e-4f735466cecf":"f.C39E6AC59F605FD7CA79606EE8A094DD.d.6B9F12F98323A4DE0E22C23E56005E11.e.18923","ELEMENT":"f.C39E6AC59F605FD7CA79606EE8A094DD.d.6B9F12F98323A4DE0E22C23E56005E11.e.18923"}]}
COMMAND: GET /session/e87ee5c00bb1e8c61ee38b6c01d07093/screenshot - {}
RESULT: {"script":"<script> [5351 bytes]","args":[{"element-6066-11e4-a52e-4f735466cecf":"f.C39E6AC59F605FD7CA79606EE8A094DD.d.6B9F12F98323A4DE0E22C23E56005E11.e.18923","ELEMENT":"f.C39E6AC59F605FD7CA79606EE8A094DD.d.6B9F12F98323A4DE0E22C23E56005E11.e.18923"}]}
COMMAND: POST /session/e87ee5c00bb1e8c61ee38b6c01d07093/element - {"using":"css selector","value":"#shell-header-logo"}
COMMAND: GET /session/e87ee5c00bb1e8c61ee38b6c01d07093/screenshot - {}
RESULT: {}
RESULT: {"using":"css selector","value":"#shell-header-logo"}
COMMAND: POST /session/e87ee5c00bb1e8c61ee38b6c01d07093/element/f.C39E6AC59F605FD7CA79606EE8A094DD.d.6B9F12F98323A4DE0E22C23E56005E11.e.18923/click - {}
RESULT: {}
RESULT: {}
COMMAND: GET /session/e87ee5c00bb1e8c61ee38b6c01d07093/screenshot - {}
RESULT: {}
COMMAND: POST /session/e87ee5c00bb1e8c61ee38b6c01d07093/execute/async - {"script":"<script> [189 bytes]","args":[]}
RESULT: {"script":"<script> [189 bytes]","args":[]}
COMMAND: POST /session/e87ee5c00bb1e8c61ee38b6c01d07093/execute/async - {"script":"<script> [123 bytes]","args":[]}
RESULT: {"script":"<script> [123 bytes]","args":[]}
COMMAND: POST /session/e87ee5c00bb1e8c61ee38b6c01d07093/timeouts - {"script":"<number>"}
RESULT: {"script":"<number>"}
COMMAND: GET /session/e87ee5c00bb1e8c61ee38b6c01d07093/timeouts - {}
RESULT: {}
RESULT: undefined
COMMAND: POST /session/e87ee5c00bb1e8c61ee38b6c01d07093/execute/async - {"script":"<script> [2676 bytes]","args":[]}
RESULT: {"script":"<script> [2676 bytes]","args":[]}
COMMAND: POST /session/e87ee5c00bb1e8c61ee38b6c01d07093/execute/async - {"script":"<script> [2342 bytes]","args":[{"protocol":"http","hostname":"0.0.0.0","path":"/","capabilities":{"browserName":"chrome","goog:chromeOptions":{"binary":"C:\\Program Files\\Google\\Chrome\\Application\\chrome.exe","args":["--start-maximized"]}},"logLevel":"warn","connectionRetryTimeout":120000,"connectionRetryCount":3,"logLevels":{},"enableDirectConnect":true,"strictSSL":true,"_":"65 more keys: [\"cacheDir\",\"port\",\"requestedCapabilities\",\"automationProtocol\",\"baseUrl\",\"waitforInterval\",\"waitforTimeout\",\"onReload\",\"beforeCommand\",\"afterCommand\",\"rootDir\",\"specs\",\"suites\",\"exclude\",\"groupLogsByTestSpec\",\"excludeDriverLogs\",\"bail\",\"framework\",\"reporters\",\"services\",\"maxInstances\",\"maxInstancesPerCapability\",\"injectGlobals\",\"filesToWatch\",\"execArgv\",\"runnerEnv\",\"runner\",\"shard\",\"specFileRetries\",\"specFileRetriesDelay\",\"specFileRetriesDeferred\",\"reporterSyncInterval\",\"reporterSyncTimeout\",\"cucumberFeaturesWithLineNumbers\",\"autoCompileOpts\",\"mochaOpts\",\"jasmineOpts\",\"cucumberOpts\",\"onPrepare\",\"onWorkerStart\",\"onWorkerEnd\",\"before\",\"beforeSession\",\"beforeSuite\",\"beforeHook\",\"beforeTest\",\"afterTest\",\"afterHook\",\"afterSuite\",\"afterSession\",\"after\",\"onComplete\",\"beforeAssertion\",\"afterAssertion\",\"beforeFeature\",\"beforeScenario\",\"beforeStep\",\"afterStep\",\"afterScenario\",\"afterFeature\",\"_\",\"suite\",\"$0\",\"ignoredWorkerServices\",\"wdi5\"]"}]}
RESULT: {"script":"<script> [2342 bytes]","args":[{"protocol":"http","hostname":"0.0.0.0","path":"/","capabilities":{"browserName":"chrome","goog:chromeOptions":{"binary":"C:\\Program Files\\Google\\Chrome\\Application\\chrome.exe","args":["--start-maximized"]}},"logLevel":"warn","connectionRetryTimeout":120000,"connectionRetryCount":3,"logLevels":{},"enableDirectConnect":true,"strictSSL":true,"_":"65 more keys: [\"cacheDir\",\"port\",\"requestedCapabilities\",\"automationProtocol\",\"baseUrl\",\"waitforInterval\",\"waitforTimeout\",\"onReload\",\"beforeCommand\",\"afterCommand\",\"rootDir\",\"specs\",\"suites\",\"exclude\",\"groupLogsByTestSpec\",\"excludeDriverLogs\",\"bail\",\"framework\",\"reporters\",\"services\",\"maxInstances\",\"maxInstancesPerCapability\",\"injectGlobals\",\"filesToWatch\",\"execArgv\",\"runnerEnv\",\"runner\",\"shard\",\"specFileRetries\",\"specFileRetriesDelay\",\"specFileRetriesDeferred\",\"reporterSyncInterval\",\"reporterSyncTimeout\",\"cucumberFeaturesWithLineNumbers\",\"autoCompileOpts\",\"mochaOpts\",\"jasmineOpts\",\"cucumberOpts\",\"onPrepare\",\"onWorkerStart\",\"onWorkerEnd\",\"before\",\"beforeSession\",\"beforeSuite\",\"beforeHook\",\"beforeTest\",\"afterTest\",\"afterHook\",\"afterSuite\",\"afterSession\",\"after\",\"onComplete\",\"beforeAssertion\",\"afterAssertion\",\"beforeFeature\",\"beforeScenario\",\"beforeStep\",\"afterStep\",\"afterScenario\",\"afterFeature\",\"_\",\"suite\",\"$0\",\"ignoredWorkerServices\",\"wdi5\"]"}]}
COMMAND: POST /session/e87ee5c00bb1e8c61ee38b6c01d07093/execute/async - {"script":"<script> [21126 bytes]","args":[35000]}
RESULT: {"script":"<script> [21126 bytes]","args":[35000]}
COMMAND: POST /session/e87ee5c00bb1e8c61ee38b6c01d07093/window/maximize - {}
RESULT: {}
COMMAND: POST /session/e87ee5c00bb1e8c61ee38b6c01d07093/execute/async - {"script":"<script> [1562 bytes]","args":[{"selector":{"id":"shell-header","interaction":{"idSuffix":"icon"}},"wdio_ui5_key":"shellheader"}]}
COMMAND: GET /session/e87ee5c00bb1e8c61ee38b6c01d07093/screenshot - {}
RESULT: {"script":"<script> [1562 bytes]","args":[{"selector":{"id":"shell-header","interaction":{"idSuffix":"icon"}},"wdio_ui5_key":"shellheader"}]}
RESULT: undefined
COMMAND: POST /session/e87ee5c00bb1e8c61ee38b6c01d07093/refresh - {}
RESULT: {}
RESULT: {}
COMMAND: GET /session/e87ee5c00bb1e8c61ee38b6c01d07093/screenshot - {}
RESULT: {}
COMMAND: POST /session/e87ee5c00bb1e8c61ee38b6c01d07093/refresh - {}
RESULT: {}
COMMAND: GET /session/e87ee5c00bb1e8c61ee38b6c01d07093/screenshot - {}
RESULT: {}
COMMAND: POST /session/e87ee5c00bb1e8c61ee38b6c01d07093/window/fullscreen - {}
RESULT: {}
COMMAND: POST /session/e87ee5c00bb1e8c61ee38b6c01d07093/execute/async - {"script":"<script> [189 bytes]","args":[]}
RESULT: {"script":"<script> [189 bytes]","args":[]}
COMMAND: POST /session/e87ee5c00bb1e8c61ee38b6c01d07093/execute/async - {"script":"<script> [123 bytes]","args":[]}
RESULT: {"script":"<script> [123 bytes]","args":[]}
COMMAND: POST /session/e87ee5c00bb1e8c61ee38b6c01d07093/timeouts - {"script":"<number>"}
RESULT: {"script":"<number>"}
COMMAND: GET /session/e87ee5c00bb1e8c61ee38b6c01d07093/timeouts - {}
RESULT: {}
RESULT: undefined
COMMAND: POST /session/e87ee5c00bb1e8c61ee38b6c01d07093/execute/async - {"script":"<script> [2676 bytes]","args":[]}
RESULT: {"script":"<script> [2676 bytes]","args":[]}
COMMAND: POST /session/e87ee5c00bb1e8c61ee38b6c01d07093/execute/async - {"script":"<script> [2342 bytes]","args":[{"protocol":"http","hostname":"0.0.0.0","path":"/","capabilities":{"browserName":"chrome","goog:chromeOptions":{"binary":"C:\\Program Files\\Google\\Chrome\\Application\\chrome.exe","args":["--start-maximized"]}},"logLevel":"warn","connectionRetryTimeout":120000,"connectionRetryCount":3,"logLevels":{},"enableDirectConnect":true,"strictSSL":true,"_":"65 more keys: [\"cacheDir\",\"port\",\"requestedCapabilities\",\"automationProtocol\",\"baseUrl\",\"waitforInterval\",\"waitforTimeout\",\"onReload\",\"beforeCommand\",\"afterCommand\",\"rootDir\",\"specs\",\"suites\",\"exclude\",\"groupLogsByTestSpec\",\"excludeDriverLogs\",\"bail\",\"framework\",\"reporters\",\"services\",\"maxInstances\",\"maxInstancesPerCapability\",\"injectGlobals\",\"filesToWatch\",\"execArgv\",\"runnerEnv\",\"runner\",\"shard\",\"specFileRetries\",\"specFileRetriesDelay\",\"specFileRetriesDeferred\",\"reporterSyncInterval\",\"reporterSyncTimeout\",\"cucumberFeaturesWithLineNumbers\",\"autoCompileOpts\",\"mochaOpts\",\"jasmineOpts\",\"cucumberOpts\",\"onPrepare\",\"onWorkerStart\",\"onWorkerEnd\",\"before\",\"beforeSession\",\"beforeSuite\",\"beforeHook\",\"beforeTest\",\"afterTest\",\"afterHook\",\"afterSuite\",\"afterSession\",\"after\",\"onComplete\",\"beforeAssertion\",\"afterAssertion\",\"beforeFeature\",\"beforeScenario\",\"beforeStep\",\"afterStep\",\"afterScenario\",\"afterFeature\",\"_\",\"suite\",\"$0\",\"ignoredWorkerServices\",\"wdi5\"]"}]}
RESULT: {"script":"<script> [2342 bytes]","args":[{"protocol":"http","hostname":"0.0.0.0","path":"/","capabilities":{"browserName":"chrome","goog:chromeOptions":{"binary":"C:\\Program Files\\Google\\Chrome\\Application\\chrome.exe","args":["--start-maximized"]}},"logLevel":"warn","connectionRetryTimeout":120000,"connectionRetryCount":3,"logLevels":{},"enableDirectConnect":true,"strictSSL":true,"_":"65 more keys: [\"cacheDir\",\"port\",\"requestedCapabilities\",\"automationProtocol\",\"baseUrl\",\"waitforInterval\",\"waitforTimeout\",\"onReload\",\"beforeCommand\",\"afterCommand\",\"rootDir\",\"specs\",\"suites\",\"exclude\",\"groupLogsByTestSpec\",\"excludeDriverLogs\",\"bail\",\"framework\",\"reporters\",\"services\",\"maxInstances\",\"maxInstancesPerCapability\",\"injectGlobals\",\"filesToWatch\",\"execArgv\",\"runnerEnv\",\"runner\",\"shard\",\"specFileRetries\",\"specFileRetriesDelay\",\"specFileRetriesDeferred\",\"reporterSyncInterval\",\"reporterSyncTimeout\",\"cucumberFeaturesWithLineNumbers\",\"autoCompileOpts\",\"mochaOpts\",\"jasmineOpts\",\"cucumberOpts\",\"onPrepare\",\"onWorkerStart\",\"onWorkerEnd\",\"before\",\"beforeSession\",\"beforeSuite\",\"beforeHook\",\"beforeTest\",\"afterTest\",\"afterHook\",\"afterSuite\",\"afterSession\",\"after\",\"onComplete\",\"beforeAssertion\",\"afterAssertion\",\"beforeFeature\",\"beforeScenario\",\"beforeStep\",\"afterStep\",\"afterScenario\",\"afterFeature\",\"_\",\"suite\",\"$0\",\"ignoredWorkerServices\",\"wdi5\"]"}]}
COMMAND: POST /session/e87ee5c00bb1e8c61ee38b6c01d07093/execute/async - {"script":"<script> [21126 bytes]","args":[35000]}
RESULT: {"script":"<script> [21126 bytes]","args":[35000]}
]]></system-out>
    </testcase>
  </testsuite>
  <testsuite timestamp="2025-05-25T18:11:33" time="687.602" tests="12" failures="0" errors="0" skipped="0">
    <properties>
      <property name="specId" value="0"/>
      <property name="suiteName" value="Create Reverse Billing US127248"/>
      <property name="capabilities" value="chrome.136_0_7103_93.windows"/>
      <property name="file" value="file:///D:/a/1/s/test/specs/BTS/reverse-billing.spec.js"/>
    </properties>
    <testcase classname="chrome.136_0_7103_93.windows.Create_Reverse_Billing_US127248" name="Should create a new yard" time="0.011">
      <system-out><![CDATA[
COMMAND: POST /session/e87ee5c00bb1e8c61ee38b6c01d07093/window/fullscreen - {}
RESULT: {}
]]></system-out>
    </testcase>
    <testcase classname="chrome.136_0_7103_93.windows.Create_Reverse_Billing_US127248" name="Should create a new partner" time="0.006"/>
    <testcase classname="chrome.136_0_7103_93.windows.Create_Reverse_Billing_US127248" name="Should create a new site" time="0.003"/>
    <testcase classname="chrome.136_0_7103_93.windows.Create_Reverse_Billing_US127248" name="Should create a resource" time="138.91">
      <system-out><![CDATA[
COMMAND: POST /session/e87ee5c00bb1e8c61ee38b6c01d07093/execute/async - {"script":"<script> [1562 bytes]","args":[{"selector":{"controlType":"sap.m.GenericTile","properties":{"header":"Manage Resources"}},"wdio_ui5_key":"sapm.GenericTile{\"header\":\"Manage Resources\"}"}]}
RESULT: {"script":"<script> [1562 bytes]","args":[{"selector":{"controlType":"sap.m.GenericTile","properties":{"header":"Manage Resources"}},"wdio_ui5_key":"sapm.GenericTile{\"header\":\"Manage Resources\"}"}]}
RESULT: undefined
COMMAND: POST /session/e87ee5c00bb1e8c61ee38b6c01d07093/element - {"using":"xpath","value":"//*[@id=\"__tile39\"]"}
RESULT: {"using":"xpath","value":"//*[@id=\"__tile39\"]"}
COMMAND: POST /session/e87ee5c00bb1e8c61ee38b6c01d07093/element/f.C39E6AC59F605FD7CA79606EE8A094DD.d.B5E1ACA0D64D21F863C2CEAD829471DB.e.19081/click - {}
RESULT: {}
COMMAND: GET /session/e87ee5c00bb1e8c61ee38b6c01d07093/screenshot - {}
RESULT: {}
COMMAND: POST /session/e87ee5c00bb1e8c61ee38b6c01d07093/elements - {"using":"xpath","value":"//span[text()='Error']"}
RESULT: {"using":"xpath","value":"//span[text()='Error']"}
COMMAND: POST /session/e87ee5c00bb1e8c61ee38b6c01d07093/element - {"using":"xpath","value":"//button[@data-kt=\"addNewRUOverflowToolbarButton\"]"}
RESULT: {"using":"xpath","value":"//button[@data-kt=\"addNewRUOverflowToolbarButton\"]"}
COMMAND: POST /session/e87ee5c00bb1e8c61ee38b6c01d07093/elements - {"using":"xpath","value":"//button[@data-kt=\"addNewRUOverflowToolbarButton\"]"}
RESULT: {"using":"xpath","value":"//button[@data-kt=\"addNewRUOverflowToolbarButton\"]"}
COMMAND: POST /session/e87ee5c00bb1e8c61ee38b6c01d07093/elements - {"using":"xpath","value":"//button[@data-kt=\"addNewRUOverflowToolbarButton\"]"}
RESULT: {"using":"xpath","value":"//button[@data-kt=\"addNewRUOverflowToolbarButton\"]"}
COMMAND: POST /session/e87ee5c00bb1e8c61ee38b6c01d07093/element - {"using":"xpath","value":"//button[@data-kt=\"addNewRUOverflowToolbarButton\"]"}
RESULT: {"using":"xpath","value":"//button[@data-kt=\"addNewRUOverflowToolbarButton\"]"}
COMMAND: POST /session/e87ee5c00bb1e8c61ee38b6c01d07093/execute/sync - {"script":"<script> [8489 bytes]","args":[{"element-6066-11e4-a52e-4f735466cecf":"f.C39E6AC59F605FD7CA79606EE8A094DD.d.B5E1ACA0D64D21F863C2CEAD829471DB.e.19221","ELEMENT":"f.C39E6AC59F605FD7CA79606EE8A094DD.d.B5E1ACA0D64D21F863C2CEAD829471DB.e.19221"}]}
RESULT: {"script":"<script> [8489 bytes]","args":[{"element-6066-11e4-a52e-4f735466cecf":"f.C39E6AC59F605FD7CA79606EE8A094DD.d.B5E1ACA0D64D21F863C2CEAD829471DB.e.19221","ELEMENT":"f.C39E6AC59F605FD7CA79606EE8A094DD.d.B5E1ACA0D64D21F863C2CEAD829471DB.e.19221"}]}
COMMAND: GET /session/e87ee5c00bb1e8c61ee38b6c01d07093/element/f.C39E6AC59F605FD7CA79606EE8A094DD.d.B5E1ACA0D64D21F863C2CEAD829471DB.e.19221/enabled - {}
COMMAND: GET /session/e87ee5c00bb1e8c61ee38b6c01d07093/screenshot - {}
RESULT: {}
COMMAND: POST /session/e87ee5c00bb1e8c61ee38b6c01d07093/execute/sync - {"script":"<script> [8489 bytes]","args":[{"element-6066-11e4-a52e-4f735466cecf":"f.C39E6AC59F605FD7CA79606EE8A094DD.d.B5E1ACA0D64D21F863C2CEAD829471DB.e.19221","ELEMENT":"f.C39E6AC59F605FD7CA79606EE8A094DD.d.B5E1ACA0D64D21F863C2CEAD829471DB.e.19221"}]}
COMMAND: GET /session/e87ee5c00bb1e8c61ee38b6c01d07093/screenshot - {}
RESULT: {}
RESULT: {"script":"<script> [8489 bytes]","args":[{"element-6066-11e4-a52e-4f735466cecf":"f.C39E6AC59F605FD7CA79606EE8A094DD.d.B5E1ACA0D64D21F863C2CEAD829471DB.e.19221","ELEMENT":"f.C39E6AC59F605FD7CA79606EE8A094DD.d.B5E1ACA0D64D21F863C2CEAD829471DB.e.19221"}]}
COMMAND: POST /session/e87ee5c00bb1e8c61ee38b6c01d07093/execute/sync - {"script":"<script> [5351 bytes]","args":[{"element-6066-11e4-a52e-4f735466cecf":"f.C39E6AC59F605FD7CA79606EE8A094DD.d.B5E1ACA0D64D21F863C2CEAD829471DB.e.19221","ELEMENT":"f.C39E6AC59F605FD7CA79606EE8A094DD.d.B5E1ACA0D64D21F863C2CEAD829471DB.e.19221"}]}
COMMAND: GET /session/e87ee5c00bb1e8c61ee38b6c01d07093/screenshot - {}
RESULT: {}
RESULT: {"script":"<script> [5351 bytes]","args":[{"element-6066-11e4-a52e-4f735466cecf":"f.C39E6AC59F605FD7CA79606EE8A094DD.d.B5E1ACA0D64D21F863C2CEAD829471DB.e.19221","ELEMENT":"f.C39E6AC59F605FD7CA79606EE8A094DD.d.B5E1ACA0D64D21F863C2CEAD829471DB.e.19221"}]}
COMMAND: POST /session/e87ee5c00bb1e8c61ee38b6c01d07093/element/f.C39E6AC59F605FD7CA79606EE8A094DD.d.B5E1ACA0D64D21F863C2CEAD829471DB.e.19221/click - {}
COMMAND: GET /session/e87ee5c00bb1e8c61ee38b6c01d07093/screenshot - {}
RESULT: {}
RESULT: {}
COMMAND: GET /session/e87ee5c00bb1e8c61ee38b6c01d07093/screenshot - {}
RESULT: {}
COMMAND: POST /session/e87ee5c00bb1e8c61ee38b6c01d07093/execute/async - {"script":"<script> [1562 bytes]","args":[{"selector":{"id":"application-manageresources-display-component---newResourceUnit--TYPE-arrow"},"wdio_ui5_key":"applicationmanageresources-display-component---newResourceUnit--TYPE-arrow"}]}
RESULT: {}
RESULT: {"script":"<script> [1562 bytes]","args":[{"selector":{"id":"application-manageresources-display-component---newResourceUnit--TYPE-arrow"},"wdio_ui5_key":"applicationmanageresources-display-component---newResourceUnit--TYPE-arrow"}]}
RESULT: undefined
COMMAND: POST /session/e87ee5c00bb1e8c61ee38b6c01d07093/element - {"using":"xpath","value":"//*[@id=\"application-manageresources-display-component---newResourceUnit--TYPE-arrow\"]"}
RESULT: {"using":"xpath","value":"//*[@id=\"application-manageresources-display-component---newResourceUnit--TYPE-arrow\"]"}
COMMAND: POST /session/e87ee5c00bb1e8c61ee38b6c01d07093/element/f.C39E6AC59F605FD7CA79606EE8A094DD.d.B5E1ACA0D64D21F863C2CEAD829471DB.e.19579/click - {}
RESULT: {}
COMMAND: POST /session/e87ee5c00bb1e8c61ee38b6c01d07093/element - {"using":"xpath","value":"//input[@id=\"application-manageresources-display-component---newResourceUnit--TYPE-inner\"]"}
COMMAND: GET /session/e87ee5c00bb1e8c61ee38b6c01d07093/screenshot - {}
RESULT: {"using":"xpath","value":"//input[@id=\"application-manageresources-display-component---newResourceUnit--TYPE-inner\"]"}
COMMAND: POST /session/e87ee5c00bb1e8c61ee38b6c01d07093/element/f.C39E6AC59F605FD7CA79606EE8A094DD.d.B5E1ACA0D64D21F863C2CEAD829471DB.e.19572/clear - {}
RESULT: {}
RESULT: {}
COMMAND: POST /session/e87ee5c00bb1e8c61ee38b6c01d07093/element/f.C39E6AC59F605FD7CA79606EE8A094DD.d.B5E1ACA0D64D21F863C2CEAD829471DB.e.19572/value - {"text":"Equipment"}
COMMAND: GET /session/e87ee5c00bb1e8c61ee38b6c01d07093/screenshot - {}
RESULT: {"text":"Equipment"}
COMMAND: GET /session/e87ee5c00bb1e8c61ee38b6c01d07093/screenshot - {}
RESULT: {}
RESULT: {}
COMMAND: POST /session/e87ee5c00bb1e8c61ee38b6c01d07093/actions - {"actions":[{"id":"action62","type":"key","parameters":{},"actions":[{"type":"keyDown","value":""},{"type":"pause","duration":10},{"type":"keyUp","value":""}]}]}
RESULT: {"actions":[{"id":"action62","type":"key","parameters":{},"actions":[{"type":"keyDown","value":""},{"type":"pause","duration":10},{"type":"keyUp","value":""}]}]}
COMMAND: POST /session/e87ee5c00bb1e8c61ee38b6c01d07093/execute/async - {"script":"<script> [1562 bytes]","args":[{"selector":{"id":"application-manageresources-display-component---newResourceUnit--resourceId","interaction":{"idSuffix":"inner"}},"wdio_ui5_key":"applicationmanageresources-display-component---newResourceUnit--resourceId"}]}
COMMAND: GET /session/e87ee5c00bb1e8c61ee38b6c01d07093/screenshot - {}
RESULT: {"script":"<script> [1562 bytes]","args":[{"selector":{"id":"application-manageresources-display-component---newResourceUnit--resourceId","interaction":{"idSuffix":"inner"}},"wdio_ui5_key":"applicationmanageresources-display-component---newResourceUnit--resourceId"}]}
RESULT: undefined
COMMAND: POST /session/e87ee5c00bb1e8c61ee38b6c01d07093/execute/async - {"script":"<script> [776 bytes]","args":[{"enterText":"CocdwyJMmB","selector":{"id":"application-manageresources-display-component---newResourceUnit--resourceId","interaction":{"idSuffix":"inner"}},"clearTextFirst":true,"interactionType":"ENTER_TEXT"}]}
RESULT: {}
RESULT: {"script":"<script> [776 bytes]","args":[{"enterText":"CocdwyJMmB","selector":{"id":"application-manageresources-display-component---newResourceUnit--resourceId","interaction":{"idSuffix":"inner"}},"clearTextFirst":true,"interactionType":"ENTER_TEXT"}]}
COMMAND: POST /session/e87ee5c00bb1e8c61ee38b6c01d07093/execute/async - {"script":"<script> [1562 bytes]","args":[{"selector":{"id":"application-manageresources-display-component---newResourceUnit--SHORT_TEXT","interaction":{"idSuffix":"inner"}},"wdio_ui5_key":"applicationmanageresources-display-component---newResourceUnit--SHORT_TEXT"}]}
RESULT: {"script":"<script> [1562 bytes]","args":[{"selector":{"id":"application-manageresources-display-component---newResourceUnit--SHORT_TEXT","interaction":{"idSuffix":"inner"}},"wdio_ui5_key":"applicationmanageresources-display-component---newResourceUnit--SHORT_TEXT"}]}
RESULT: undefined
COMMAND: POST /session/e87ee5c00bb1e8c61ee38b6c01d07093/execute/async - {"script":"<script> [776 bytes]","args":[{"enterText":"Intercompany Equipment WDIO","selector":{"id":"application-manageresources-display-component---newResourceUnit--SHORT_TEXT","interaction":{"idSuffix":"inner"}},"clearTextFirst":true,"interactionType":"ENTER_TEXT"}]}
RESULT: {"script":"<script> [776 bytes]","args":[{"enterText":"Intercompany Equipment WDIO","selector":{"id":"application-manageresources-display-component---newResourceUnit--SHORT_TEXT","interaction":{"idSuffix":"inner"}},"clearTextFirst":true,"interactionType":"ENTER_TEXT"}]}
COMMAND: POST /session/e87ee5c00bb1e8c61ee38b6c01d07093/execute/async - {"script":"<script> [1562 bytes]","args":[{"selector":{"id":"application-manageresources-display-component---newResourceUnit--BASE_UNIT_OF_MEASURE","interaction":{"idSuffix":"inner"}},"wdio_ui5_key":"applicationmanageresources-display-component---newResourceUnit--BASE_UNIT_OF_MEASURE"}]}
RESULT: {"script":"<script> [1562 bytes]","args":[{"selector":{"id":"application-manageresources-display-component---newResourceUnit--BASE_UNIT_OF_MEASURE","interaction":{"idSuffix":"inner"}},"wdio_ui5_key":"applicationmanageresources-display-component---newResourceUnit--BASE_UNIT_OF_MEASURE"}]}
RESULT: undefined
COMMAND: POST /session/e87ee5c00bb1e8c61ee38b6c01d07093/execute/async - {"script":"<script> [776 bytes]","args":[{"enterText":"Piece","selector":{"id":"application-manageresources-display-component---newResourceUnit--BASE_UNIT_OF_MEASURE","interaction":{"idSuffix":"inner"}},"clearTextFirst":true,"interactionType":"ENTER_TEXT"}]}
RESULT: {"script":"<script> [776 bytes]","args":[{"enterText":"Piece","selector":{"id":"application-manageresources-display-component---newResourceUnit--BASE_UNIT_OF_MEASURE","interaction":{"idSuffix":"inner"}},"clearTextFirst":true,"interactionType":"ENTER_TEXT"}]}
COMMAND: POST /session/e87ee5c00bb1e8c61ee38b6c01d07093/execute/async - {"script":"<script> [1562 bytes]","args":[{"selector":{"id":"application-manageresources-display-component---newResourceUnit--WEIGHT_UNIT","interaction":{"idSuffix":"inner"}},"wdio_ui5_key":"applicationmanageresources-display-component---newResourceUnit--WEIGHT_UNIT"}]}
RESULT: {"script":"<script> [1562 bytes]","args":[{"selector":{"id":"application-manageresources-display-component---newResourceUnit--WEIGHT_UNIT","interaction":{"idSuffix":"inner"}},"wdio_ui5_key":"applicationmanageresources-display-component---newResourceUnit--WEIGHT_UNIT"}]}
RESULT: undefined
COMMAND: POST /session/e87ee5c00bb1e8c61ee38b6c01d07093/execute/async - {"script":"<script> [776 bytes]","args":[{"enterText":"Gram","selector":{"id":"application-manageresources-display-component---newResourceUnit--WEIGHT_UNIT","interaction":{"idSuffix":"inner"}},"clearTextFirst":true,"interactionType":"ENTER_TEXT"}]}
RESULT: {"script":"<script> [776 bytes]","args":[{"enterText":"Gram","selector":{"id":"application-manageresources-display-component---newResourceUnit--WEIGHT_UNIT","interaction":{"idSuffix":"inner"}},"clearTextFirst":true,"interactionType":"ENTER_TEXT"}]}
COMMAND: POST /session/e87ee5c00bb1e8c61ee38b6c01d07093/execute/async - {"script":"<script> [1562 bytes]","args":[{"selector":{"id":"application-manageresources-display-component---newResourceUnit--DIMENSION_UNIT","interaction":{"idSuffix":"inner"}},"wdio_ui5_key":"applicationmanageresources-display-component---newResourceUnit--DIMENSION_UNIT"}]}
RESULT: {"script":"<script> [1562 bytes]","args":[{"selector":{"id":"application-manageresources-display-component---newResourceUnit--DIMENSION_UNIT","interaction":{"idSuffix":"inner"}},"wdio_ui5_key":"applicationmanageresources-display-component---newResourceUnit--DIMENSION_UNIT"}]}
RESULT: undefined
COMMAND: POST /session/e87ee5c00bb1e8c61ee38b6c01d07093/execute/async - {"script":"<script> [776 bytes]","args":[{"enterText":"Meter","selector":{"id":"application-manageresources-display-component---newResourceUnit--DIMENSION_UNIT","interaction":{"idSuffix":"inner"}},"clearTextFirst":true,"interactionType":"ENTER_TEXT"}]}
RESULT: {"script":"<script> [776 bytes]","args":[{"enterText":"Meter","selector":{"id":"application-manageresources-display-component---newResourceUnit--DIMENSION_UNIT","interaction":{"idSuffix":"inner"}},"clearTextFirst":true,"interactionType":"ENTER_TEXT"}]}
COMMAND: POST /session/e87ee5c00bb1e8c61ee38b6c01d07093/execute/async - {"script":"<script> [1562 bytes]","args":[{"selector":{"id":"application-manageresources-display-component---newResourceUnit--newRRUPage-anchBar-application-manageresources-display-component---newResourceUnit--control-anchor","interaction":{"idSuffix":"BDI-content"}},"wdio_ui5_key":"applicationmanageresources-display-component---newResourceUnit--newRRUPage-anchBar-application-manageresources-display-component---newResourceUnit--control-anchor"}]}
RESULT: {"script":"<script> [1562 bytes]","args":[{"selector":{"id":"application-manageresources-display-component---newResourceUnit--newRRUPage-anchBar-application-manageresources-display-component---newResourceUnit--control-anchor","interaction":{"idSuffix":"BDI-content"}},"wdio_ui5_key":"applicationmanageresources-display-component---newResourceUnit--newRRUPage-anchBar-application-manageresources-display-component---newResourceUnit--control-anchor"}]}
RESULT: undefined
COMMAND: POST /session/e87ee5c00bb1e8c61ee38b6c01d07093/element - {"using":"xpath","value":"//*[@id=\"application-manageresources-display-component---newResourceUnit--newRRUPage-anchBar-application-manageresources-display-component---newResourceUnit--control-anchor\"]"}
RESULT: {"using":"xpath","value":"//*[@id=\"application-manageresources-display-component---newResourceUnit--newRRUPage-anchBar-application-manageresources-display-component---newResourceUnit--control-anchor\"]"}
COMMAND: POST /session/e87ee5c00bb1e8c61ee38b6c01d07093/element/f.C39E6AC59F605FD7CA79606EE8A094DD.d.B5E1ACA0D64D21F863C2CEAD829471DB.e.19739/click - {}
RESULT: {}
COMMAND: POST /session/e87ee5c00bb1e8c61ee38b6c01d07093/execute/async - {"script":"<script> [1562 bytes]","args":[{"selector":{"id":"application-manageresources-display-component---newResourceUnit--PLANNING_GROUP","interaction":{"idSuffix":"inner"}},"wdio_ui5_key":"applicationmanageresources-display-component---newResourceUnit--PLANNING_GROUP"}]}
COMMAND: GET /session/e87ee5c00bb1e8c61ee38b6c01d07093/screenshot - {}
RESULT: {"script":"<script> [1562 bytes]","args":[{"selector":{"id":"application-manageresources-display-component---newResourceUnit--PLANNING_GROUP","interaction":{"idSuffix":"inner"}},"wdio_ui5_key":"applicationmanageresources-display-component---newResourceUnit--PLANNING_GROUP"}]}
RESULT: undefined
COMMAND: POST /session/e87ee5c00bb1e8c61ee38b6c01d07093/execute/async - {"script":"<script> [776 bytes]","args":[{"enterText":"Heavy Equi","selector":{"id":"application-manageresources-display-component---newResourceUnit--PLANNING_GROUP","interaction":{"idSuffix":"inner"}},"clearTextFirst":true,"interactionType":"ENTER_TEXT"}]}
RESULT: {}
RESULT: {"script":"<script> [776 bytes]","args":[{"enterText":"Heavy Equi","selector":{"id":"application-manageresources-display-component---newResourceUnit--PLANNING_GROUP","interaction":{"idSuffix":"inner"}},"clearTextFirst":true,"interactionType":"ENTER_TEXT"}]}
COMMAND: POST /session/e87ee5c00bb1e8c61ee38b6c01d07093/execute/async - {"script":"<script> [1562 bytes]","args":[{"selector":{"id":"application-manageresources-display-component---newResourceUnit--ITEM_TYPE-arrow"},"wdio_ui5_key":"applicationmanageresources-display-component---newResourceUnit--ITEM_TYPE-arrow"}]}
RESULT: {"script":"<script> [1562 bytes]","args":[{"selector":{"id":"application-manageresources-display-component---newResourceUnit--ITEM_TYPE-arrow"},"wdio_ui5_key":"applicationmanageresources-display-component---newResourceUnit--ITEM_TYPE-arrow"}]}
RESULT: undefined
COMMAND: POST /session/e87ee5c00bb1e8c61ee38b6c01d07093/element - {"using":"xpath","value":"//*[@id=\"application-manageresources-display-component---newResourceUnit--ITEM_TYPE-arrow\"]"}
RESULT: {"using":"xpath","value":"//*[@id=\"application-manageresources-display-component---newResourceUnit--ITEM_TYPE-arrow\"]"}
COMMAND: POST /session/e87ee5c00bb1e8c61ee38b6c01d07093/element/f.C39E6AC59F605FD7CA79606EE8A094DD.d.B5E1ACA0D64D21F863C2CEAD829471DB.e.19746/click - {}
RESULT: {}
COMMAND: POST /session/e87ee5c00bb1e8c61ee38b6c01d07093/element - {"using":"xpath","value":"(//span[contains(text(), \"Resource Unit\")])[2]"}
COMMAND: GET /session/e87ee5c00bb1e8c61ee38b6c01d07093/screenshot - {}
RESULT: {"using":"xpath","value":"(//span[contains(text(), \"Resource Unit\")])[2]"}
COMMAND: POST /session/e87ee5c00bb1e8c61ee38b6c01d07093/element/f.C39E6AC59F605FD7CA79606EE8A094DD.d.B5E1ACA0D64D21F863C2CEAD829471DB.e.19747/click - {}
RESULT: {}
RESULT: {}
COMMAND: GET /session/e87ee5c00bb1e8c61ee38b6c01d07093/screenshot - {}
RESULT: {}
COMMAND: POST /session/e87ee5c00bb1e8c61ee38b6c01d07093/element - {"using":"css selector","value":"#application-manageresources-display-component---newResourceUnit--btnAddTimeSegment"}
RESULT: {"using":"css selector","value":"#application-manageresources-display-component---newResourceUnit--btnAddTimeSegment"}
COMMAND: GET /session/e87ee5c00bb1e8c61ee38b6c01d07093/element/f.C39E6AC59F605FD7CA79606EE8A094DD.d.B5E1ACA0D64D21F863C2CEAD829471DB.e.19754/rect - {}
RESULT: {}
COMMAND: GET /session/e87ee5c00bb1e8c61ee38b6c01d07093/window/rect - {}
RESULT: {}
COMMAND: POST /session/e87ee5c00bb1e8c61ee38b6c01d07093/execute/sync - {"script":"<script> [92 bytes]","args":[]}
RESULT: {"script":"<script> [92 bytes]","args":[]}
COMMAND: POST /session/e87ee5c00bb1e8c61ee38b6c01d07093/actions - {"actions":[{"id":"action63","type":"wheel","parameters":{},"actions":[{"type":"scroll","x":-1888,"y":-32,"deltaX":0,"deltaY":0,"duration":0,"origin":{"element-6066-11e4-a52e-4f735466cecf":"f.C39E6AC59F605FD7CA79606EE8A094DD.d.B5E1ACA0D64D21F863C2CEAD829471DB.e.19754"}}]}]}
COMMAND: GET /session/e87ee5c00bb1e8c61ee38b6c01d07093/screenshot - {}
RESULT: {}
COMMAND: POST /session/e87ee5c00bb1e8c61ee38b6c01d07093/execute/sync - {"script":"<script> [79 bytes]","args":[{"element-6066-11e4-a52e-4f735466cecf":"f.C39E6AC59F605FD7CA79606EE8A094DD.d.B5E1ACA0D64D21F863C2CEAD829471DB.e.19754","ELEMENT":"f.C39E6AC59F605FD7CA79606EE8A094DD.d.B5E1ACA0D64D21F863C2CEAD829471DB.e.19754"},{"block":"start","inline":"nearest"}]}
RESULT: {"script":"<script> [79 bytes]","args":[{"element-6066-11e4-a52e-4f735466cecf":"f.C39E6AC59F605FD7CA79606EE8A094DD.d.B5E1ACA0D64D21F863C2CEAD829471DB.e.19754","ELEMENT":"f.C39E6AC59F605FD7CA79606EE8A094DD.d.B5E1ACA0D64D21F863C2CEAD829471DB.e.19754"},{"block":"start","inline":"nearest"}]}
COMMAND: POST /session/e87ee5c00bb1e8c61ee38b6c01d07093/execute/async - {"script":"<script> [1562 bytes]","args":[{"selector":{"id":"application-manageresources-display-component---newResourceUnit--btnAddTimeSegment","interaction":{"idSuffix":"inner"}},"wdio_ui5_key":"applicationmanageresources-display-component---newResourceUnit--btnAddTimeSegment"}]}
COMMAND: GET /session/e87ee5c00bb1e8c61ee38b6c01d07093/screenshot - {}
RESULT: {"script":"<script> [1562 bytes]","args":[{"selector":{"id":"application-manageresources-display-component---newResourceUnit--btnAddTimeSegment","interaction":{"idSuffix":"inner"}},"wdio_ui5_key":"applicationmanageresources-display-component---newResourceUnit--btnAddTimeSegment"}]}
RESULT: undefined
COMMAND: POST /session/e87ee5c00bb1e8c61ee38b6c01d07093/element - {"using":"xpath","value":"//*[@id=\"application-manageresources-display-component---newResourceUnit--btnAddTimeSegment\"]"}
RESULT: {}
RESULT: {"using":"xpath","value":"//*[@id=\"application-manageresources-display-component---newResourceUnit--btnAddTimeSegment\"]"}
COMMAND: POST /session/e87ee5c00bb1e8c61ee38b6c01d07093/element/f.C39E6AC59F605FD7CA79606EE8A094DD.d.B5E1ACA0D64D21F863C2CEAD829471DB.e.19754/click - {}
RESULT: {}
COMMAND: GET /session/e87ee5c00bb1e8c61ee38b6c01d07093/screenshot - {}
RESULT: {}
COMMAND: POST /session/e87ee5c00bb1e8c61ee38b6c01d07093/element - {"using":"xpath","value":"//input[@id=\"application-manageresources-display-component---newResourceUnit--idRuTSAdmin-application-manageresources-display-component---newResourceUnit--RUTimeSegment-0-inner\"]"}
RESULT: {"using":"xpath","value":"//input[@id=\"application-manageresources-display-component---newResourceUnit--idRuTSAdmin-application-manageresources-display-component---newResourceUnit--RUTimeSegment-0-inner\"]"}
COMMAND: POST /session/e87ee5c00bb1e8c61ee38b6c01d07093/element/f.C39E6AC59F605FD7CA79606EE8A094DD.d.B5E1ACA0D64D21F863C2CEAD829471DB.e.19760/clear - {}
RESULT: {}
COMMAND: POST /session/e87ee5c00bb1e8c61ee38b6c01d07093/element/f.C39E6AC59F605FD7CA79606EE8A094DD.d.B5E1ACA0D64D21F863C2CEAD829471DB.e.19760/value - {"text":"284"}
COMMAND: GET /session/e87ee5c00bb1e8c61ee38b6c01d07093/screenshot - {}
RESULT: {"text":"284"}
COMMAND: GET /session/e87ee5c00bb1e8c61ee38b6c01d07093/screenshot - {}
RESULT: {}
RESULT: {}
COMMAND: POST /session/e87ee5c00bb1e8c61ee38b6c01d07093/element - {"using":"xpath","value":"//li[.//span[text()='284']]"}
RESULT: {"using":"xpath","value":"//li[.//span[text()='284']]"}
COMMAND: POST /session/e87ee5c00bb1e8c61ee38b6c01d07093/element/f.C39E6AC59F605FD7CA79606EE8A094DD.d.B5E1ACA0D64D21F863C2CEAD829471DB.e.19772/click - {}
RESULT: {}
COMMAND: GET /session/e87ee5c00bb1e8c61ee38b6c01d07093/screenshot - {}
RESULT: {}
COMMAND: POST /session/e87ee5c00bb1e8c61ee38b6c01d07093/element - {"using":"xpath","value":"(//span[contains(@id, \"-application-manageresources-display-component---newResourceUnit--RUTimeSegment-0-arrow\")])[6]"}
RESULT: {"using":"xpath","value":"(//span[contains(@id, \"-application-manageresources-display-component---newResourceUnit--RUTimeSegment-0-arrow\")])[6]"}
COMMAND: POST /session/e87ee5c00bb1e8c61ee38b6c01d07093/element/f.C39E6AC59F605FD7CA79606EE8A094DD.d.B5E1ACA0D64D21F863C2CEAD829471DB.e.19773/click - {}
RESULT: {}
COMMAND: GET /session/e87ee5c00bb1e8c61ee38b6c01d07093/screenshot - {}
RESULT: {}
COMMAND: POST /session/e87ee5c00bb1e8c61ee38b6c01d07093/element - {"using":"xpath","value":"//span[contains(text(), \"PM Order\")]"}
RESULT: {"using":"xpath","value":"//span[contains(text(), \"PM Order\")]"}
COMMAND: POST /session/e87ee5c00bb1e8c61ee38b6c01d07093/element/f.C39E6AC59F605FD7CA79606EE8A094DD.d.B5E1ACA0D64D21F863C2CEAD829471DB.e.19776/click - {}
RESULT: {}
COMMAND: GET /session/e87ee5c00bb1e8c61ee38b6c01d07093/screenshot - {}
RESULT: {}
COMMAND: POST /session/e87ee5c00bb1e8c61ee38b6c01d07093/element - {"using":"xpath","value":"(//span[contains(@id ,\"manageresources-display-component---newResourceUnit--RUTimeSegment-0-vhi\")])[1]"}
RESULT: {"using":"xpath","value":"(//span[contains(@id ,\"manageresources-display-component---newResourceUnit--RUTimeSegment-0-vhi\")])[1]"}
COMMAND: GET /session/e87ee5c00bb1e8c61ee38b6c01d07093/element/f.C39E6AC59F605FD7CA79606EE8A094DD.d.B5E1ACA0D64D21F863C2CEAD829471DB.e.19780/rect - {}
RESULT: {}
COMMAND: GET /session/e87ee5c00bb1e8c61ee38b6c01d07093/window/rect - {}
RESULT: {}
COMMAND: POST /session/e87ee5c00bb1e8c61ee38b6c01d07093/execute/sync - {"script":"<script> [92 bytes]","args":[]}
RESULT: {"script":"<script> [92 bytes]","args":[]}
COMMAND: POST /session/e87ee5c00bb1e8c61ee38b6c01d07093/actions - {"actions":[{"id":"action64","type":"wheel","parameters":{},"actions":[{"type":"scroll","x":-869,"y":-24,"deltaX":0,"deltaY":0,"duration":0,"origin":{"element-6066-11e4-a52e-4f735466cecf":"f.C39E6AC59F605FD7CA79606EE8A094DD.d.B5E1ACA0D64D21F863C2CEAD829471DB.e.19780"}}]}]}
COMMAND: GET /session/e87ee5c00bb1e8c61ee38b6c01d07093/screenshot - {}
RESULT: {}
RESULT: {"actions":[{"id":"action64","type":"wheel","parameters":{},"actions":[{"type":"scroll","x":-869,"y":-24,"deltaX":0,"deltaY":0,"duration":0,"origin":{"element-6066-11e4-a52e-4f735466cecf":"f.C39E6AC59F605FD7CA79606EE8A094DD.d.B5E1ACA0D64D21F863C2CEAD829471DB.e.19780"}}]}]}
COMMAND: DELETE /session/e87ee5c00bb1e8c61ee38b6c01d07093/actions - {}
COMMAND: GET /session/e87ee5c00bb1e8c61ee38b6c01d07093/screenshot - {}
RESULT: {}
COMMAND: GET /session/e87ee5c00bb1e8c61ee38b6c01d07093/screenshot - {}
RESULT: {}
RESULT: {}
COMMAND: POST /session/e87ee5c00bb1e8c61ee38b6c01d07093/element/f.C39E6AC59F605FD7CA79606EE8A094DD.d.B5E1ACA0D64D21F863C2CEAD829471DB.e.19780/click - {}
RESULT: {}
COMMAND: GET /session/e87ee5c00bb1e8c61ee38b6c01d07093/screenshot - {}
RESULT: {}
COMMAND: POST /session/e87ee5c00bb1e8c61ee38b6c01d07093/execute/async - {"script":"<script> [1562 bytes]","args":[{"selector":{"controlType":"sap.m.SearchField","properties":{"placeholder":"Search"},"searchOpenDialogs":true,"interaction":{"idSuffix":"I"}},"wdio_ui5_key":"sapm.SearchField{\"placeholder\":\"Search\"}"}]}
RESULT: {"script":"<script> [1562 bytes]","args":[{"selector":{"controlType":"sap.m.SearchField","properties":{"placeholder":"Search"},"searchOpenDialogs":true,"interaction":{"idSuffix":"I"}},"wdio_ui5_key":"sapm.SearchField{\"placeholder\":\"Search\"}"}]}
RESULT: undefined
COMMAND: POST /session/e87ee5c00bb1e8c61ee38b6c01d07093/execute/async - {"script":"<script> [776 bytes]","args":[{"enterText":"4000360","selector":{"controlType":"sap.m.SearchField","properties":{"placeholder":"Search"},"searchOpenDialogs":true,"interaction":{"idSuffix":"I"}},"clearTextFirst":true,"interactionType":"ENTER_TEXT"}]}
RESULT: {"script":"<script> [776 bytes]","args":[{"enterText":"4000360","selector":{"controlType":"sap.m.SearchField","properties":{"placeholder":"Search"},"searchOpenDialogs":true,"interaction":{"idSuffix":"I"}},"clearTextFirst":true,"interactionType":"ENTER_TEXT"}]}
COMMAND: POST /session/e87ee5c00bb1e8c61ee38b6c01d07093/actions - {"actions":[{"id":"action65","type":"key","parameters":{},"actions":[{"type":"keyDown","value":""},{"type":"pause","duration":10},{"type":"keyUp","value":""}]}]}
RESULT: {"actions":[{"id":"action65","type":"key","parameters":{},"actions":[{"type":"keyDown","value":""},{"type":"pause","duration":10},{"type":"keyUp","value":""}]}]}
COMMAND: GET /session/e87ee5c00bb1e8c61ee38b6c01d07093/screenshot - {}
RESULT: {}
COMMAND: POST /session/e87ee5c00bb1e8c61ee38b6c01d07093/element - {"using":"xpath","value":"//td/div/span[contains(text(), \"BGL Vehicles\")]"}
RESULT: {"using":"xpath","value":"//td/div/span[contains(text(), \"BGL Vehicles\")]"}
COMMAND: POST /session/e87ee5c00bb1e8c61ee38b6c01d07093/element/f.C39E6AC59F605FD7CA79606EE8A094DD.d.B5E1ACA0D64D21F863C2CEAD829471DB.e.19802/click - {}
RESULT: {}
COMMAND: GET /session/e87ee5c00bb1e8c61ee38b6c01d07093/screenshot - {}
RESULT: {}
COMMAND: POST /session/e87ee5c00bb1e8c61ee38b6c01d07093/element - {"using":"xpath","value":"//bdi[contains(text(), \"OK\")]"}
RESULT: {"using":"xpath","value":"//bdi[contains(text(), \"OK\")]"}
COMMAND: POST /session/e87ee5c00bb1e8c61ee38b6c01d07093/element/f.C39E6AC59F605FD7CA79606EE8A094DD.d.B5E1ACA0D64D21F863C2CEAD829471DB.e.19803/click - {}
RESULT: {}
COMMAND: GET /session/e87ee5c00bb1e8c61ee38b6c01d07093/screenshot - {}
RESULT: {}
COMMAND: POST /session/e87ee5c00bb1e8c61ee38b6c01d07093/execute/async - {"script":"<script> [1562 bytes]","args":[{"selector":{"id":"application-manageresources-display-component---newResourceUnit--newRRUPage-anchBar-application-manageresources-display-component---newResourceUnit--resource-anchor","interaction":{"idSuffix":"BDI-content"}},"wdio_ui5_key":"applicationmanageresources-display-component---newResourceUnit--newRRUPage-anchBar-application-manageresources-display-component---newResourceUnit--resource-anchor"}]}
RESULT: {"script":"<script> [1562 bytes]","args":[{"selector":{"id":"application-manageresources-display-component---newResourceUnit--newRRUPage-anchBar-application-manageresources-display-component---newResourceUnit--resource-anchor","interaction":{"idSuffix":"BDI-content"}},"wdio_ui5_key":"applicationmanageresources-display-component---newResourceUnit--newRRUPage-anchBar-application-manageresources-display-component---newResourceUnit--resource-anchor"}]}
RESULT: undefined
COMMAND: POST /session/e87ee5c00bb1e8c61ee38b6c01d07093/element - {"using":"xpath","value":"//*[@id=\"application-manageresources-display-component---newResourceUnit--newRRUPage-anchBar-application-manageresources-display-component---newResourceUnit--resource-anchor\"]"}
RESULT: {"using":"xpath","value":"//*[@id=\"application-manageresources-display-component---newResourceUnit--newRRUPage-anchBar-application-manageresources-display-component---newResourceUnit--resource-anchor\"]"}
COMMAND: POST /session/e87ee5c00bb1e8c61ee38b6c01d07093/element/f.C39E6AC59F605FD7CA79606EE8A094DD.d.B5E1ACA0D64D21F863C2CEAD829471DB.e.19807/click - {}
RESULT: {}
COMMAND: POST /session/e87ee5c00bb1e8c61ee38b6c01d07093/execute/async - {"script":"<script> [1562 bytes]","args":[{"selector":{"id":"application-manageresources-display-component---newResourceUnit--PLANNED_DELIVERY_DATE","interaction":{"idSuffix":"inner"}},"wdio_ui5_key":"applicationmanageresources-display-component---newResourceUnit--PLANNED_DELIVERY_DATE"}]}
COMMAND: GET /session/e87ee5c00bb1e8c61ee38b6c01d07093/screenshot - {}
RESULT: {"script":"<script> [1562 bytes]","args":[{"selector":{"id":"application-manageresources-display-component---newResourceUnit--PLANNED_DELIVERY_DATE","interaction":{"idSuffix":"inner"}},"wdio_ui5_key":"applicationmanageresources-display-component---newResourceUnit--PLANNED_DELIVERY_DATE"}]}
RESULT: undefined
COMMAND: POST /session/e87ee5c00bb1e8c61ee38b6c01d07093/execute/async - {"script":"<script> [6424 bytes]","args":[{"element-6066-11e4-a52e-4f735466cecf":"f.C39E6AC59F605FD7CA79606EE8A094DD.d.B5E1ACA0D64D21F863C2CEAD829471DB.e.19638"},"setValue",["5/25/25"]]}
RESULT: {}
RESULT: {"script":"<script> [6424 bytes]","args":[{"element-6066-11e4-a52e-4f735466cecf":"f.C39E6AC59F605FD7CA79606EE8A094DD.d.B5E1ACA0D64D21F863C2CEAD829471DB.e.19638"},"setValue",["5/25/25"]]}
COMMAND: POST /session/e87ee5c00bb1e8c61ee38b6c01d07093/element - {"using":"xpath","value":"//label[contains(@class, 'sapMLabelRequired') and .//bdi[contains(text(), 'Planned Retirement')]]"}
RESULT: {"using":"xpath","value":"//label[contains(@class, 'sapMLabelRequired') and .//bdi[contains(text(), 'Planned Retirement')]]"}
COMMAND: POST /session/e87ee5c00bb1e8c61ee38b6c01d07093/elements - {"using":"xpath","value":"//label[contains(@class, 'sapMLabelRequired') and .//bdi[contains(text(), 'Planned Retirement')]]"}
RESULT: {"using":"xpath","value":"//label[contains(@class, 'sapMLabelRequired') and .//bdi[contains(text(), 'Planned Retirement')]]"}
COMMAND: POST /session/e87ee5c00bb1e8c61ee38b6c01d07093/element - {"using":"xpath","value":"//button[@data-kt=\"resourceUnitSaveButton\"]"}
RESULT: {"using":"xpath","value":"//button[@data-kt=\"resourceUnitSaveButton\"]"}
COMMAND: POST /session/e87ee5c00bb1e8c61ee38b6c01d07093/element/f.C39E6AC59F605FD7CA79606EE8A094DD.d.B5E1ACA0D64D21F863C2CEAD829471DB.e.19597/click - {}
RESULT: {}
COMMAND: GET /session/e87ee5c00bb1e8c61ee38b6c01d07093/screenshot - {}
RESULT: {}
COMMAND: POST /session/e87ee5c00bb1e8c61ee38b6c01d07093/element - {"using":"xpath","value":"//bdi[contains(text(), \"Close\")]"}
RESULT: {"using":"xpath","value":"//bdi[contains(text(), \"Close\")]"}
COMMAND: POST /session/e87ee5c00bb1e8c61ee38b6c01d07093/element/f.C39E6AC59F605FD7CA79606EE8A094DD.d.B5E1ACA0D64D21F863C2CEAD829471DB.e.19815/click - {}
RESULT: {}
COMMAND: GET /session/e87ee5c00bb1e8c61ee38b6c01d07093/screenshot - {}
RESULT: {}
COMMAND: POST /session/e87ee5c00bb1e8c61ee38b6c01d07093/element - {"using":"xpath","value":"(//button[contains(@id ,\"actionsToolbar-overflowButton\")])[1]"}
RESULT: {"using":"xpath","value":"(//button[contains(@id ,\"actionsToolbar-overflowButton\")])[1]"}
COMMAND: POST /session/e87ee5c00bb1e8c61ee38b6c01d07093/element/f.C39E6AC59F605FD7CA79606EE8A094DD.d.B5E1ACA0D64D21F863C2CEAD829471DB.e.19872/click - {}
RESULT: {}
COMMAND: GET /session/e87ee5c00bb1e8c61ee38b6c01d07093/screenshot - {}
RESULT: {}
COMMAND: POST /session/e87ee5c00bb1e8c61ee38b6c01d07093/element - {"using":"xpath","value":"//button[@data-kt=\"priceInfoButton\"]"}
RESULT: {"using":"xpath","value":"//button[@data-kt=\"priceInfoButton\"]"}
COMMAND: POST /session/e87ee5c00bb1e8c61ee38b6c01d07093/element/f.C39E6AC59F605FD7CA79606EE8A094DD.d.B5E1ACA0D64D21F863C2CEAD829471DB.e.19874/click - {}
RESULT: {}
COMMAND: GET /session/e87ee5c00bb1e8c61ee38b6c01d07093/screenshot - {}
RESULT: {}
]]></system-out>
    </testcase>
    <testcase classname="chrome.136_0_7103_93.windows.Create_Reverse_Billing_US127248" name="Should create a pricing procedure" time="53.861">
      <system-out><![CDATA[
COMMAND: POST /session/e87ee5c00bb1e8c61ee38b6c01d07093/element - {"using":"xpath","value":"//button[@data-kt=\"addButton\"]"}
RESULT: {"using":"xpath","value":"//button[@data-kt=\"addButton\"]"}
COMMAND: POST /session/e87ee5c00bb1e8c61ee38b6c01d07093/elements - {"using":"xpath","value":"//button[@data-kt=\"addButton\"]"}
RESULT: {"using":"xpath","value":"//button[@data-kt=\"addButton\"]"}
COMMAND: POST /session/e87ee5c00bb1e8c61ee38b6c01d07093/elements - {"using":"xpath","value":"//button[@data-kt=\"addButton\"]"}
RESULT: {"using":"xpath","value":"//button[@data-kt=\"addButton\"]"}
COMMAND: POST /session/e87ee5c00bb1e8c61ee38b6c01d07093/element - {"using":"xpath","value":"//button[@data-kt=\"addButton\"]"}
RESULT: {"using":"xpath","value":"//button[@data-kt=\"addButton\"]"}
COMMAND: POST /session/e87ee5c00bb1e8c61ee38b6c01d07093/execute/sync - {"script":"<script> [8489 bytes]","args":[{"element-6066-11e4-a52e-4f735466cecf":"f.C39E6AC59F605FD7CA79606EE8A094DD.d.B5E1ACA0D64D21F863C2CEAD829471DB.e.19910","ELEMENT":"f.C39E6AC59F605FD7CA79606EE8A094DD.d.B5E1ACA0D64D21F863C2CEAD829471DB.e.19910"}]}
RESULT: {"script":"<script> [8489 bytes]","args":[{"element-6066-11e4-a52e-4f735466cecf":"f.C39E6AC59F605FD7CA79606EE8A094DD.d.B5E1ACA0D64D21F863C2CEAD829471DB.e.19910","ELEMENT":"f.C39E6AC59F605FD7CA79606EE8A094DD.d.B5E1ACA0D64D21F863C2CEAD829471DB.e.19910"}]}
COMMAND: GET /session/e87ee5c00bb1e8c61ee38b6c01d07093/element/f.C39E6AC59F605FD7CA79606EE8A094DD.d.B5E1ACA0D64D21F863C2CEAD829471DB.e.19910/enabled - {}
COMMAND: GET /session/e87ee5c00bb1e8c61ee38b6c01d07093/screenshot - {}
RESULT: {}
COMMAND: POST /session/e87ee5c00bb1e8c61ee38b6c01d07093/execute/sync - {"script":"<script> [8489 bytes]","args":[{"element-6066-11e4-a52e-4f735466cecf":"f.C39E6AC59F605FD7CA79606EE8A094DD.d.B5E1ACA0D64D21F863C2CEAD829471DB.e.19910","ELEMENT":"f.C39E6AC59F605FD7CA79606EE8A094DD.d.B5E1ACA0D64D21F863C2CEAD829471DB.e.19910"}]}
COMMAND: GET /session/e87ee5c00bb1e8c61ee38b6c01d07093/screenshot - {}
RESULT: {}
RESULT: {"script":"<script> [8489 bytes]","args":[{"element-6066-11e4-a52e-4f735466cecf":"f.C39E6AC59F605FD7CA79606EE8A094DD.d.B5E1ACA0D64D21F863C2CEAD829471DB.e.19910","ELEMENT":"f.C39E6AC59F605FD7CA79606EE8A094DD.d.B5E1ACA0D64D21F863C2CEAD829471DB.e.19910"}]}
COMMAND: POST /session/e87ee5c00bb1e8c61ee38b6c01d07093/execute/sync - {"script":"<script> [5351 bytes]","args":[{"element-6066-11e4-a52e-4f735466cecf":"f.C39E6AC59F605FD7CA79606EE8A094DD.d.B5E1ACA0D64D21F863C2CEAD829471DB.e.19910","ELEMENT":"f.C39E6AC59F605FD7CA79606EE8A094DD.d.B5E1ACA0D64D21F863C2CEAD829471DB.e.19910"}]}
COMMAND: GET /session/e87ee5c00bb1e8c61ee38b6c01d07093/screenshot - {}
RESULT: {}
RESULT: {"script":"<script> [5351 bytes]","args":[{"element-6066-11e4-a52e-4f735466cecf":"f.C39E6AC59F605FD7CA79606EE8A094DD.d.B5E1ACA0D64D21F863C2CEAD829471DB.e.19910","ELEMENT":"f.C39E6AC59F605FD7CA79606EE8A094DD.d.B5E1ACA0D64D21F863C2CEAD829471DB.e.19910"}]}
COMMAND: POST /session/e87ee5c00bb1e8c61ee38b6c01d07093/element/f.C39E6AC59F605FD7CA79606EE8A094DD.d.B5E1ACA0D64D21F863C2CEAD829471DB.e.19910/click - {}
COMMAND: GET /session/e87ee5c00bb1e8c61ee38b6c01d07093/screenshot - {}
RESULT: {}
RESULT: {}
COMMAND: GET /session/e87ee5c00bb1e8c61ee38b6c01d07093/screenshot - {}
RESULT: {}
RESULT: {}
COMMAND: POST /session/e87ee5c00bb1e8c61ee38b6c01d07093/execute/async - {"script":"<script> [1562 bytes]","args":[{"selector":{"controlType":"sap.m.Title","viewName":"etm.portal.ui.managepricingrules.view.NewItem","viewId":"application-managepricingrules-display-component---newInfoPriceItem","properties":{"text":"New Pricing Rules - Item Level"}},"wdio_ui5_key":"etmportal.ui.managepricingrules.view.NewItemsap.m.Title{\"text\":\"New Pricing Rules - Item Level\"}"}]}
RESULT: {"script":"<script> [1562 bytes]","args":[{"selector":{"controlType":"sap.m.Title","viewName":"etm.portal.ui.managepricingrules.view.NewItem","viewId":"application-managepricingrules-display-component---newInfoPriceItem","properties":{"text":"New Pricing Rules - Item Level"}},"wdio_ui5_key":"etmportal.ui.managepricingrules.view.NewItemsap.m.Title{\"text\":\"New Pricing Rules - Item Level\"}"}]}
RESULT: undefined
COMMAND: POST /session/e87ee5c00bb1e8c61ee38b6c01d07093/execute/async - {"script":"<script> [6424 bytes]","args":[{"element-6066-11e4-a52e-4f735466cecf":"f.C39E6AC59F605FD7CA79606EE8A094DD.d.B5E1ACA0D64D21F863C2CEAD829471DB.e.20081"},"getText",[]]}
RESULT: {"script":"<script> [6424 bytes]","args":[{"element-6066-11e4-a52e-4f735466cecf":"f.C39E6AC59F605FD7CA79606EE8A094DD.d.B5E1ACA0D64D21F863C2CEAD829471DB.e.20081"},"getText",[]]}
COMMAND: POST /session/e87ee5c00bb1e8c61ee38b6c01d07093/execute/async - {"script":"<script> [1562 bytes]","args":[{"selector":{"id":"application-managepricingrules-display-component---newInfoPriceItem--condValidTo","interaction":{"idSuffix":"inner"}},"wdio_ui5_key":"applicationmanagepricingrules-display-component---newInfoPriceItem--condValidTo"}]}
RESULT: {"script":"<script> [1562 bytes]","args":[{"selector":{"id":"application-managepricingrules-display-component---newInfoPriceItem--condValidTo","interaction":{"idSuffix":"inner"}},"wdio_ui5_key":"applicationmanagepricingrules-display-component---newInfoPriceItem--condValidTo"}]}
RESULT: undefined
COMMAND: POST /session/e87ee5c00bb1e8c61ee38b6c01d07093/execute/async - {"script":"<script> [776 bytes]","args":[{"enterText":"1/25/26","selector":{"id":"application-managepricingrules-display-component---newInfoPriceItem--condValidTo","interaction":{"idSuffix":"inner"}},"clearTextFirst":true,"interactionType":"ENTER_TEXT"}]}
RESULT: {"script":"<script> [776 bytes]","args":[{"enterText":"1/25/26","selector":{"id":"application-managepricingrules-display-component---newInfoPriceItem--condValidTo","interaction":{"idSuffix":"inner"}},"clearTextFirst":true,"interactionType":"ENTER_TEXT"}]}
COMMAND: POST /session/e87ee5c00bb1e8c61ee38b6c01d07093/execute/async - {"script":"<script> [1562 bytes]","args":[{"selector":{"id":"application-managepricingrules-display-component---newInfoPriceItem--billType-arrow"},"wdio_ui5_key":"applicationmanagepricingrules-display-component---newInfoPriceItem--billType-arrow"}]}
RESULT: {"script":"<script> [1562 bytes]","args":[{"selector":{"id":"application-managepricingrules-display-component---newInfoPriceItem--billType-arrow"},"wdio_ui5_key":"applicationmanagepricingrules-display-component---newInfoPriceItem--billType-arrow"}]}
RESULT: undefined
COMMAND: POST /session/e87ee5c00bb1e8c61ee38b6c01d07093/element - {"using":"xpath","value":"//*[@id=\"application-managepricingrules-display-component---newInfoPriceItem--billType-arrow\"]"}
RESULT: {"using":"xpath","value":"//*[@id=\"application-managepricingrules-display-component---newInfoPriceItem--billType-arrow\"]"}
COMMAND: POST /session/e87ee5c00bb1e8c61ee38b6c01d07093/element/f.C39E6AC59F605FD7CA79606EE8A094DD.d.B5E1ACA0D64D21F863C2CEAD829471DB.e.20041/click - {}
RESULT: {}
COMMAND: POST /session/e87ee5c00bb1e8c61ee38b6c01d07093/element - {"using":"xpath","value":"//span[contains(text(), \"TB - Time based\")]"}
COMMAND: GET /session/e87ee5c00bb1e8c61ee38b6c01d07093/screenshot - {}
RESULT: {"using":"xpath","value":"//span[contains(text(), \"TB - Time based\")]"}
COMMAND: POST /session/e87ee5c00bb1e8c61ee38b6c01d07093/element/f.C39E6AC59F605FD7CA79606EE8A094DD.d.B5E1ACA0D64D21F863C2CEAD829471DB.e.20083/click - {}
RESULT: {}
RESULT: {}
COMMAND: POST /session/e87ee5c00bb1e8c61ee38b6c01d07093/execute/async - {"script":"<script> [1562 bytes]","args":[{"selector":{"id":"application-managepricingrules-display-component---newInfoPriceItem--priceProc-arrow"},"wdio_ui5_key":"applicationmanagepricingrules-display-component---newInfoPriceItem--priceProc-arrow"}]}
COMMAND: GET /session/e87ee5c00bb1e8c61ee38b6c01d07093/screenshot - {}
RESULT: {"script":"<script> [1562 bytes]","args":[{"selector":{"id":"application-managepricingrules-display-component---newInfoPriceItem--priceProc-arrow"},"wdio_ui5_key":"applicationmanagepricingrules-display-component---newInfoPriceItem--priceProc-arrow"}]}
RESULT: undefined
COMMAND: POST /session/e87ee5c00bb1e8c61ee38b6c01d07093/element - {"using":"xpath","value":"//*[@id=\"application-managepricingrules-display-component---newInfoPriceItem--priceProc-arrow\"]"}
RESULT: {}
RESULT: {"using":"xpath","value":"//*[@id=\"application-managepricingrules-display-component---newInfoPriceItem--priceProc-arrow\"]"}
COMMAND: POST /session/e87ee5c00bb1e8c61ee38b6c01d07093/element/f.C39E6AC59F605FD7CA79606EE8A094DD.d.B5E1ACA0D64D21F863C2CEAD829471DB.e.20048/click - {}
RESULT: {}
COMMAND: POST /session/e87ee5c00bb1e8c61ee38b6c01d07093/element - {"using":"xpath","value":"//span[contains(text(), \"TBS - Time based standard\")]"}
COMMAND: GET /session/e87ee5c00bb1e8c61ee38b6c01d07093/screenshot - {}
RESULT: {"using":"xpath","value":"//span[contains(text(), \"TBS - Time based standard\")]"}
COMMAND: POST /session/e87ee5c00bb1e8c61ee38b6c01d07093/element/f.C39E6AC59F605FD7CA79606EE8A094DD.d.B5E1ACA0D64D21F863C2CEAD829471DB.e.20084/click - {}
RESULT: {}
RESULT: {}
COMMAND: POST /session/e87ee5c00bb1e8c61ee38b6c01d07093/execute/async - {"script":"<script> [1562 bytes]","args":[{"selector":{"id":"application-managepricingrules-display-component---newInfoPriceItem--calcBase-arrow"},"wdio_ui5_key":"applicationmanagepricingrules-display-component---newInfoPriceItem--calcBase-arrow"}]}
COMMAND: GET /session/e87ee5c00bb1e8c61ee38b6c01d07093/screenshot - {}
RESULT: {"script":"<script> [1562 bytes]","args":[{"selector":{"id":"application-managepricingrules-display-component---newInfoPriceItem--calcBase-arrow"},"wdio_ui5_key":"applicationmanagepricingrules-display-component---newInfoPriceItem--calcBase-arrow"}]}
RESULT: undefined
COMMAND: POST /session/e87ee5c00bb1e8c61ee38b6c01d07093/element - {"using":"xpath","value":"//*[@id=\"application-managepricingrules-display-component---newInfoPriceItem--calcBase-arrow\"]"}
RESULT: {}
RESULT: {"using":"xpath","value":"//*[@id=\"application-managepricingrules-display-component---newInfoPriceItem--calcBase-arrow\"]"}
COMMAND: POST /session/e87ee5c00bb1e8c61ee38b6c01d07093/element/f.C39E6AC59F605FD7CA79606EE8A094DD.d.B5E1ACA0D64D21F863C2CEAD829471DB.e.20055/click - {}
RESULT: {}
COMMAND: GET /session/e87ee5c00bb1e8c61ee38b6c01d07093/screenshot - {}
RESULT: {}
COMMAND: POST /session/e87ee5c00bb1e8c61ee38b6c01d07093/element - {"using":"xpath","value":"//span[contains(text(), \"0006 - TB(calendar days)\")]"}
RESULT: {"using":"xpath","value":"//span[contains(text(), \"0006 - TB(calendar days)\")]"}
COMMAND: POST /session/e87ee5c00bb1e8c61ee38b6c01d07093/element/f.C39E6AC59F605FD7CA79606EE8A094DD.d.B5E1ACA0D64D21F863C2CEAD829471DB.e.20085/click - {}
RESULT: {}
COMMAND: GET /session/e87ee5c00bb1e8c61ee38b6c01d07093/screenshot - {}
RESULT: {}
COMMAND: POST /session/e87ee5c00bb1e8c61ee38b6c01d07093/execute/async - {"script":"<script> [1562 bytes]","args":[{"selector":{"id":"application-managepricingrules-display-component---newInfoPriceItem--daysMonth","interaction":{"idSuffix":"inner"}},"wdio_ui5_key":"applicationmanagepricingrules-display-component---newInfoPriceItem--daysMonth"}]}
RESULT: {"script":"<script> [1562 bytes]","args":[{"selector":{"id":"application-managepricingrules-display-component---newInfoPriceItem--daysMonth","interaction":{"idSuffix":"inner"}},"wdio_ui5_key":"applicationmanagepricingrules-display-component---newInfoPriceItem--daysMonth"}]}
RESULT: undefined
COMMAND: POST /session/e87ee5c00bb1e8c61ee38b6c01d07093/execute/async - {"script":"<script> [776 bytes]","args":[{"enterText":"30","selector":{"id":"application-managepricingrules-display-component---newInfoPriceItem--daysMonth","interaction":{"idSuffix":"inner"}},"clearTextFirst":true,"interactionType":"ENTER_TEXT"}]}
RESULT: {"script":"<script> [776 bytes]","args":[{"enterText":"30","selector":{"id":"application-managepricingrules-display-component---newInfoPriceItem--daysMonth","interaction":{"idSuffix":"inner"}},"clearTextFirst":true,"interactionType":"ENTER_TEXT"}]}
COMMAND: POST /session/e87ee5c00bb1e8c61ee38b6c01d07093/element - {"using":"xpath","value":"//button[@data-kt=\"saveNewRuleButton\"]"}
RESULT: {"using":"xpath","value":"//button[@data-kt=\"saveNewRuleButton\"]"}
COMMAND: POST /session/e87ee5c00bb1e8c61ee38b6c01d07093/element/f.C39E6AC59F605FD7CA79606EE8A094DD.d.B5E1ACA0D64D21F863C2CEAD829471DB.e.20075/click - {}
RESULT: {}
COMMAND: GET /session/e87ee5c00bb1e8c61ee38b6c01d07093/screenshot - {}
RESULT: {}
COMMAND: POST /session/e87ee5c00bb1e8c61ee38b6c01d07093/execute/async - {"script":"<script> [1562 bytes]","args":[{"selector":{"id":"application-managepricingrules-display-component---priceInfoItem--smartFilterBar-btnBasicSearch","interaction":{"idSuffix":"I"}},"wdio_ui5_key":"applicationmanagepricingrules-display-component---priceInfoItem--smartFilterBar-btnBasicSearch"}]}
RESULT: {"script":"<script> [1562 bytes]","args":[{"selector":{"id":"application-managepricingrules-display-component---priceInfoItem--smartFilterBar-btnBasicSearch","interaction":{"idSuffix":"I"}},"wdio_ui5_key":"applicationmanagepricingrules-display-component---priceInfoItem--smartFilterBar-btnBasicSearch"}]}
RESULT: undefined
COMMAND: POST /session/e87ee5c00bb1e8c61ee38b6c01d07093/execute/async - {"script":"<script> [776 bytes]","args":[{"enterText":"CocdwyJMmB","selector":{"id":"application-managepricingrules-display-component---priceInfoItem--smartFilterBar-btnBasicSearch","interaction":{"idSuffix":"I"}},"clearTextFirst":true,"interactionType":"ENTER_TEXT"}]}
RESULT: {"script":"<script> [776 bytes]","args":[{"enterText":"CocdwyJMmB","selector":{"id":"application-managepricingrules-display-component---priceInfoItem--smartFilterBar-btnBasicSearch","interaction":{"idSuffix":"I"}},"clearTextFirst":true,"interactionType":"ENTER_TEXT"}]}
COMMAND: POST /session/e87ee5c00bb1e8c61ee38b6c01d07093/actions - {"actions":[{"id":"action66","type":"key","parameters":{},"actions":[{"type":"keyDown","value":""},{"type":"pause","duration":10},{"type":"keyUp","value":""}]}]}
RESULT: {"actions":[{"id":"action66","type":"key","parameters":{},"actions":[{"type":"keyDown","value":""},{"type":"pause","duration":10},{"type":"keyUp","value":""}]}]}
COMMAND: GET /session/e87ee5c00bb1e8c61ee38b6c01d07093/screenshot - {}
RESULT: {}
COMMAND: POST /session/e87ee5c00bb1e8c61ee38b6c01d07093/element - {"using":"xpath","value":"//span[@id=\"application-managepricingrules-display-component---priceInfoItem--smartTable-header-inner\"]"}
RESULT: {"using":"xpath","value":"//span[@id=\"application-managepricingrules-display-component---priceInfoItem--smartTable-header-inner\"]"}
COMMAND: POST /session/e87ee5c00bb1e8c61ee38b6c01d07093/elements - {"using":"xpath","value":"//span[@id=\"application-managepricingrules-display-component---priceInfoItem--smartTable-header-inner\"]"}
RESULT: {"using":"xpath","value":"//span[@id=\"application-managepricingrules-display-component---priceInfoItem--smartTable-header-inner\"]"}
COMMAND: POST /session/e87ee5c00bb1e8c61ee38b6c01d07093/execute/sync - {"script":"<script> [56 bytes]","args":[{"element-6066-11e4-a52e-4f735466cecf":"f.C39E6AC59F605FD7CA79606EE8A094DD.d.B5E1ACA0D64D21F863C2CEAD829471DB.e.20099","ELEMENT":"f.C39E6AC59F605FD7CA79606EE8A094DD.d.B5E1ACA0D64D21F863C2CEAD829471DB.e.20099"}]}
RESULT: {"script":"<script> [56 bytes]","args":[{"element-6066-11e4-a52e-4f735466cecf":"f.C39E6AC59F605FD7CA79606EE8A094DD.d.B5E1ACA0D64D21F863C2CEAD829471DB.e.20099","ELEMENT":"f.C39E6AC59F605FD7CA79606EE8A094DD.d.B5E1ACA0D64D21F863C2CEAD829471DB.e.20099"}]}
COMMAND: POST /session/e87ee5c00bb1e8c61ee38b6c01d07093/element - {"using":"css selector","value":"#shell-header-logo"}
COMMAND: GET /session/e87ee5c00bb1e8c61ee38b6c01d07093/screenshot - {}
RESULT: {"using":"css selector","value":"#shell-header-logo"}
COMMAND: POST /session/e87ee5c00bb1e8c61ee38b6c01d07093/element/f.C39E6AC59F605FD7CA79606EE8A094DD.d.B5E1ACA0D64D21F863C2CEAD829471DB.e.19190/click - {}
RESULT: {}
RESULT: {}
COMMAND: GET /session/e87ee5c00bb1e8c61ee38b6c01d07093/screenshot - {}
RESULT: {}
]]></system-out>
    </testcase>
    <testcase classname="chrome.136_0_7103_93.windows.Create_Reverse_Billing_US127248" name="Should manage conditions" time="66.079">
      <system-out><![CDATA[
COMMAND: POST /session/e87ee5c00bb1e8c61ee38b6c01d07093/execute/async - {"script":"<script> [1562 bytes]","args":[{"selector":{"controlType":"sap.m.GenericTile","properties":{"header":"Manage Conditions & Prices"}},"wdio_ui5_key":"sapm.GenericTile{\"header\":\"Manage Conditions & Prices\"}"}]}
RESULT: {"script":"<script> [1562 bytes]","args":[{"selector":{"controlType":"sap.m.GenericTile","properties":{"header":"Manage Conditions & Prices"}},"wdio_ui5_key":"sapm.GenericTile{\"header\":\"Manage Conditions & Prices\"}"}]}
RESULT: undefined
COMMAND: POST /session/e87ee5c00bb1e8c61ee38b6c01d07093/element - {"using":"xpath","value":"//*[@id=\"__tile53\"]"}
RESULT: {"using":"xpath","value":"//*[@id=\"__tile53\"]"}
COMMAND: POST /session/e87ee5c00bb1e8c61ee38b6c01d07093/element/f.C39E6AC59F605FD7CA79606EE8A094DD.d.B5E1ACA0D64D21F863C2CEAD829471DB.e.19128/click - {}
RESULT: {}
COMMAND: GET /session/e87ee5c00bb1e8c61ee38b6c01d07093/screenshot - {}
RESULT: {}
COMMAND: POST /session/e87ee5c00bb1e8c61ee38b6c01d07093/elements - {"using":"xpath","value":"//span[text()='Error']"}
RESULT: {"using":"xpath","value":"//span[text()='Error']"}
COMMAND: POST /session/e87ee5c00bb1e8c61ee38b6c01d07093/element - {"using":"xpath","value":"//button[@aria-label=\"Create\"]"}
RESULT: {"using":"xpath","value":"//button[@aria-label=\"Create\"]"}
COMMAND: POST /session/e87ee5c00bb1e8c61ee38b6c01d07093/elements - {"using":"xpath","value":"//button[@aria-label=\"Create\"]"}
RESULT: {"using":"xpath","value":"//button[@aria-label=\"Create\"]"}
COMMAND: POST /session/e87ee5c00bb1e8c61ee38b6c01d07093/execute/sync - {"script":"<script> [8489 bytes]","args":[{"element-6066-11e4-a52e-4f735466cecf":"f.C39E6AC59F605FD7CA79606EE8A094DD.d.B5E1ACA0D64D21F863C2CEAD829471DB.e.20134","ELEMENT":"f.C39E6AC59F605FD7CA79606EE8A094DD.d.B5E1ACA0D64D21F863C2CEAD829471DB.e.20134"}]}
RESULT: {"script":"<script> [8489 bytes]","args":[{"element-6066-11e4-a52e-4f735466cecf":"f.C39E6AC59F605FD7CA79606EE8A094DD.d.B5E1ACA0D64D21F863C2CEAD829471DB.e.20134","ELEMENT":"f.C39E6AC59F605FD7CA79606EE8A094DD.d.B5E1ACA0D64D21F863C2CEAD829471DB.e.20134"}]}
COMMAND: GET /session/e87ee5c00bb1e8c61ee38b6c01d07093/element/f.C39E6AC59F605FD7CA79606EE8A094DD.d.B5E1ACA0D64D21F863C2CEAD829471DB.e.20134/enabled - {}
COMMAND: GET /session/e87ee5c00bb1e8c61ee38b6c01d07093/screenshot - {}
RESULT: {}
COMMAND: POST /session/e87ee5c00bb1e8c61ee38b6c01d07093/execute/sync - {"script":"<script> [8489 bytes]","args":[{"element-6066-11e4-a52e-4f735466cecf":"f.C39E6AC59F605FD7CA79606EE8A094DD.d.B5E1ACA0D64D21F863C2CEAD829471DB.e.20134","ELEMENT":"f.C39E6AC59F605FD7CA79606EE8A094DD.d.B5E1ACA0D64D21F863C2CEAD829471DB.e.20134"}]}
COMMAND: GET /session/e87ee5c00bb1e8c61ee38b6c01d07093/screenshot - {}
RESULT: {}
RESULT: {"script":"<script> [8489 bytes]","args":[{"element-6066-11e4-a52e-4f735466cecf":"f.C39E6AC59F605FD7CA79606EE8A094DD.d.B5E1ACA0D64D21F863C2CEAD829471DB.e.20134","ELEMENT":"f.C39E6AC59F605FD7CA79606EE8A094DD.d.B5E1ACA0D64D21F863C2CEAD829471DB.e.20134"}]}
COMMAND: POST /session/e87ee5c00bb1e8c61ee38b6c01d07093/execute/sync - {"script":"<script> [5351 bytes]","args":[{"element-6066-11e4-a52e-4f735466cecf":"f.C39E6AC59F605FD7CA79606EE8A094DD.d.B5E1ACA0D64D21F863C2CEAD829471DB.e.20134","ELEMENT":"f.C39E6AC59F605FD7CA79606EE8A094DD.d.B5E1ACA0D64D21F863C2CEAD829471DB.e.20134"}]}
COMMAND: GET /session/e87ee5c00bb1e8c61ee38b6c01d07093/screenshot - {}
RESULT: {}
RESULT: {"script":"<script> [5351 bytes]","args":[{"element-6066-11e4-a52e-4f735466cecf":"f.C39E6AC59F605FD7CA79606EE8A094DD.d.B5E1ACA0D64D21F863C2CEAD829471DB.e.20134","ELEMENT":"f.C39E6AC59F605FD7CA79606EE8A094DD.d.B5E1ACA0D64D21F863C2CEAD829471DB.e.20134"}]}
COMMAND: POST /session/e87ee5c00bb1e8c61ee38b6c01d07093/element/f.C39E6AC59F605FD7CA79606EE8A094DD.d.B5E1ACA0D64D21F863C2CEAD829471DB.e.20134/click - {}
COMMAND: GET /session/e87ee5c00bb1e8c61ee38b6c01d07093/screenshot - {}
RESULT: {}
RESULT: {}
COMMAND: GET /session/e87ee5c00bb1e8c61ee38b6c01d07093/screenshot - {}
RESULT: {}
RESULT: {}
COMMAND: POST /session/e87ee5c00bb1e8c61ee38b6c01d07093/actions - {"actions":[{"id":"action67","type":"key","parameters":{},"actions":[{"type":"keyDown","value":""},{"type":"pause","duration":10},{"type":"keyUp","value":""}]}]}
RESULT: {"actions":[{"id":"action67","type":"key","parameters":{},"actions":[{"type":"keyDown","value":""},{"type":"pause","duration":10},{"type":"keyUp","value":""}]}]}
COMMAND: GET /session/e87ee5c00bb1e8c61ee38b6c01d07093/screenshot - {}
RESULT: {}
COMMAND: POST /session/e87ee5c00bb1e8c61ee38b6c01d07093/execute/async - {"script":"<script> [1562 bytes]","args":[{"selector":{"id":"application-manageconditionprice-display-component---newCondition--condBillCond-arrow"},"wdio_ui5_key":"applicationmanageconditionprice-display-component---newCondition--condBillCond-arrow"}]}
RESULT: {"script":"<script> [1562 bytes]","args":[{"selector":{"id":"application-manageconditionprice-display-component---newCondition--condBillCond-arrow"},"wdio_ui5_key":"applicationmanageconditionprice-display-component---newCondition--condBillCond-arrow"}]}
RESULT: undefined
COMMAND: POST /session/e87ee5c00bb1e8c61ee38b6c01d07093/element - {"using":"xpath","value":"//*[@id=\"application-manageconditionprice-display-component---newCondition--condBillCond-arrow\"]"}
RESULT: {"using":"xpath","value":"//*[@id=\"application-manageconditionprice-display-component---newCondition--condBillCond-arrow\"]"}
COMMAND: POST /session/e87ee5c00bb1e8c61ee38b6c01d07093/element/f.C39E6AC59F605FD7CA79606EE8A094DD.d.B5E1ACA0D64D21F863C2CEAD829471DB.e.20308/click - {}
RESULT: {}
COMMAND: GET /session/e87ee5c00bb1e8c61ee38b6c01d07093/screenshot - {}
RESULT: {}
COMMAND: POST /session/e87ee5c00bb1e8c61ee38b6c01d07093/element - {"using":"xpath","value":"//li[.//span[contains(text(), \"DISP - D&I special price\")]]"}
RESULT: {"using":"xpath","value":"//li[.//span[contains(text(), \"DISP - D&I special price\")]]"}
COMMAND: POST /session/e87ee5c00bb1e8c61ee38b6c01d07093/element/f.C39E6AC59F605FD7CA79606EE8A094DD.d.B5E1ACA0D64D21F863C2CEAD829471DB.e.20312/click - {}
RESULT: {}
COMMAND: GET /session/e87ee5c00bb1e8c61ee38b6c01d07093/screenshot - {}
RESULT: {}
COMMAND: POST /session/e87ee5c00bb1e8c61ee38b6c01d07093/execute/async - {"script":"<script> [1562 bytes]","args":[{"selector":{"id":"application-manageconditionprice-display-component---newCondition--condValidTo","interaction":{"idSuffix":"inner"}},"wdio_ui5_key":"applicationmanageconditionprice-display-component---newCondition--condValidTo"}]}
RESULT: {"script":"<script> [1562 bytes]","args":[{"selector":{"id":"application-manageconditionprice-display-component---newCondition--condValidTo","interaction":{"idSuffix":"inner"}},"wdio_ui5_key":"applicationmanageconditionprice-display-component---newCondition--condValidTo"}]}
RESULT: undefined
COMMAND: POST /session/e87ee5c00bb1e8c61ee38b6c01d07093/execute/async - {"script":"<script> [776 bytes]","args":[{"enterText":"1/25/26","selector":{"id":"application-manageconditionprice-display-component---newCondition--condValidTo","interaction":{"idSuffix":"inner"}},"clearTextFirst":true,"interactionType":"ENTER_TEXT"}]}
RESULT: {"script":"<script> [776 bytes]","args":[{"enterText":"1/25/26","selector":{"id":"application-manageconditionprice-display-component---newCondition--condValidTo","interaction":{"idSuffix":"inner"}},"clearTextFirst":true,"interactionType":"ENTER_TEXT"}]}
COMMAND: POST /session/e87ee5c00bb1e8c61ee38b6c01d07093/element - {"using":"xpath","value":"//input[@id=\"application-manageconditionprice-display-component---newCondition--condRU-inner\"]"}
RESULT: {"using":"xpath","value":"//input[@id=\"application-manageconditionprice-display-component---newCondition--condRU-inner\"]"}
COMMAND: POST /session/e87ee5c00bb1e8c61ee38b6c01d07093/element/f.C39E6AC59F605FD7CA79606EE8A094DD.d.B5E1ACA0D64D21F863C2CEAD829471DB.e.20150/clear - {}
RESULT: {}
COMMAND: POST /session/e87ee5c00bb1e8c61ee38b6c01d07093/element/f.C39E6AC59F605FD7CA79606EE8A094DD.d.B5E1ACA0D64D21F863C2CEAD829471DB.e.20150/value - {"text":"CocdwyJMmB"}
COMMAND: GET /session/e87ee5c00bb1e8c61ee38b6c01d07093/screenshot - {}
RESULT: {"text":"CocdwyJMmB"}
COMMAND: GET /session/e87ee5c00bb1e8c61ee38b6c01d07093/screenshot - {}
RESULT: {}
RESULT: {}
COMMAND: POST /session/e87ee5c00bb1e8c61ee38b6c01d07093/actions - {"actions":[{"id":"action68","type":"key","parameters":{},"actions":[{"type":"keyDown","value":""},{"type":"pause","duration":10},{"type":"keyUp","value":""}]}]}
RESULT: {"actions":[{"id":"action68","type":"key","parameters":{},"actions":[{"type":"keyDown","value":""},{"type":"pause","duration":10},{"type":"keyUp","value":""}]}]}
COMMAND: POST /session/e87ee5c00bb1e8c61ee38b6c01d07093/execute/async - {"script":"<script> [1562 bytes]","args":[{"selector":{"id":"application-manageconditionprice-display-component---newCondition--condBaseQty","interaction":{"idSuffix":"inner"}},"wdio_ui5_key":"applicationmanageconditionprice-display-component---newCondition--condBaseQty"}]}
COMMAND: GET /session/e87ee5c00bb1e8c61ee38b6c01d07093/screenshot - {}
RESULT: {"script":"<script> [1562 bytes]","args":[{"selector":{"id":"application-manageconditionprice-display-component---newCondition--condBaseQty","interaction":{"idSuffix":"inner"}},"wdio_ui5_key":"applicationmanageconditionprice-display-component---newCondition--condBaseQty"}]}
RESULT: undefined
COMMAND: POST /session/e87ee5c00bb1e8c61ee38b6c01d07093/execute/async - {"script":"<script> [776 bytes]","args":[{"enterText":"1","selector":{"id":"application-manageconditionprice-display-component---newCondition--condBaseQty","interaction":{"idSuffix":"inner"}},"clearTextFirst":true,"interactionType":"ENTER_TEXT"}]}
RESULT: {}
RESULT: {"script":"<script> [776 bytes]","args":[{"enterText":"1","selector":{"id":"application-manageconditionprice-display-component---newCondition--condBaseQty","interaction":{"idSuffix":"inner"}},"clearTextFirst":true,"interactionType":"ENTER_TEXT"}]}
COMMAND: POST /session/e87ee5c00bb1e8c61ee38b6c01d07093/execute/async - {"script":"<script> [1562 bytes]","args":[{"selector":{"id":"application-manageconditionprice-display-component---newCondition--condValue","interaction":{"idSuffix":"inner"}},"wdio_ui5_key":"applicationmanageconditionprice-display-component---newCondition--condValue"}]}
RESULT: {"script":"<script> [1562 bytes]","args":[{"selector":{"id":"application-manageconditionprice-display-component---newCondition--condValue","interaction":{"idSuffix":"inner"}},"wdio_ui5_key":"applicationmanageconditionprice-display-component---newCondition--condValue"}]}
RESULT: undefined
COMMAND: POST /session/e87ee5c00bb1e8c61ee38b6c01d07093/execute/async - {"script":"<script> [776 bytes]","args":[{"enterText":"200","selector":{"id":"application-manageconditionprice-display-component---newCondition--condValue","interaction":{"idSuffix":"inner"}},"clearTextFirst":true,"interactionType":"ENTER_TEXT"}]}
RESULT: {"script":"<script> [776 bytes]","args":[{"enterText":"200","selector":{"id":"application-manageconditionprice-display-component---newCondition--condValue","interaction":{"idSuffix":"inner"}},"clearTextFirst":true,"interactionType":"ENTER_TEXT"}]}
COMMAND: POST /session/e87ee5c00bb1e8c61ee38b6c01d07093/execute/async - {"script":"<script> [1562 bytes]","args":[{"selector":{"id":"application-manageconditionprice-display-component---newCondition--condCurr-arrow"},"wdio_ui5_key":"applicationmanageconditionprice-display-component---newCondition--condCurr-arrow"}]}
RESULT: {"script":"<script> [1562 bytes]","args":[{"selector":{"id":"application-manageconditionprice-display-component---newCondition--condCurr-arrow"},"wdio_ui5_key":"applicationmanageconditionprice-display-component---newCondition--condCurr-arrow"}]}
RESULT: undefined
COMMAND: POST /session/e87ee5c00bb1e8c61ee38b6c01d07093/element - {"using":"xpath","value":"//*[@id=\"application-manageconditionprice-display-component---newCondition--condCurr-arrow\"]"}
RESULT: {"using":"xpath","value":"//*[@id=\"application-manageconditionprice-display-component---newCondition--condCurr-arrow\"]"}
COMMAND: POST /session/e87ee5c00bb1e8c61ee38b6c01d07093/element/f.C39E6AC59F605FD7CA79606EE8A094DD.d.B5E1ACA0D64D21F863C2CEAD829471DB.e.20276/click - {}
RESULT: {}
COMMAND: POST /session/e87ee5c00bb1e8c61ee38b6c01d07093/element - {"using":"xpath","value":"//span[contains(text(), \"Euro\")]"}
COMMAND: GET /session/e87ee5c00bb1e8c61ee38b6c01d07093/screenshot - {}
RESULT: {"using":"xpath","value":"//span[contains(text(), \"Euro\")]"}
COMMAND: POST /session/e87ee5c00bb1e8c61ee38b6c01d07093/element/f.C39E6AC59F605FD7CA79606EE8A094DD.d.B5E1ACA0D64D21F863C2CEAD829471DB.e.20349/click - {}
RESULT: {}
RESULT: {}
COMMAND: POST /session/e87ee5c00bb1e8c61ee38b6c01d07093/element - {"using":"xpath","value":"//button[@data-kt=\"saveButton\"]"}
COMMAND: GET /session/e87ee5c00bb1e8c61ee38b6c01d07093/screenshot - {}
RESULT: {"using":"xpath","value":"//button[@data-kt=\"saveButton\"]"}
COMMAND: POST /session/e87ee5c00bb1e8c61ee38b6c01d07093/element/f.C39E6AC59F605FD7CA79606EE8A094DD.d.B5E1ACA0D64D21F863C2CEAD829471DB.e.20277/click - {}
RESULT: {}
RESULT: {}
COMMAND: GET /session/e87ee5c00bb1e8c61ee38b6c01d07093/screenshot - {}
RESULT: {}
COMMAND: POST /session/e87ee5c00bb1e8c61ee38b6c01d07093/execute/async - {"script":"<script> [1562 bytes]","args":[{"selector":{"id":"application-manageconditionprice-display-component---conditions--smartFilterBar-btnBasicSearch","interaction":{"idSuffix":"I"}},"wdio_ui5_key":"applicationmanageconditionprice-display-component---conditions--smartFilterBar-btnBasicSearch"}]}
RESULT: {"script":"<script> [1562 bytes]","args":[{"selector":{"id":"application-manageconditionprice-display-component---conditions--smartFilterBar-btnBasicSearch","interaction":{"idSuffix":"I"}},"wdio_ui5_key":"applicationmanageconditionprice-display-component---conditions--smartFilterBar-btnBasicSearch"}]}
RESULT: undefined
COMMAND: POST /session/e87ee5c00bb1e8c61ee38b6c01d07093/execute/async - {"script":"<script> [776 bytes]","args":[{"enterText":"CocdwyJMmB","selector":{"id":"application-manageconditionprice-display-component---conditions--smartFilterBar-btnBasicSearch","interaction":{"idSuffix":"I"}},"clearTextFirst":true,"interactionType":"ENTER_TEXT"}]}
RESULT: {"script":"<script> [776 bytes]","args":[{"enterText":"CocdwyJMmB","selector":{"id":"application-manageconditionprice-display-component---conditions--smartFilterBar-btnBasicSearch","interaction":{"idSuffix":"I"}},"clearTextFirst":true,"interactionType":"ENTER_TEXT"}]}
COMMAND: POST /session/e87ee5c00bb1e8c61ee38b6c01d07093/actions - {"actions":[{"id":"action69","type":"key","parameters":{},"actions":[{"type":"keyDown","value":""},{"type":"pause","duration":10},{"type":"keyUp","value":""}]}]}
RESULT: {"actions":[{"id":"action69","type":"key","parameters":{},"actions":[{"type":"keyDown","value":""},{"type":"pause","duration":10},{"type":"keyUp","value":""}]}]}
COMMAND: GET /session/e87ee5c00bb1e8c61ee38b6c01d07093/screenshot - {}
RESULT: {}
COMMAND: POST /session/e87ee5c00bb1e8c61ee38b6c01d07093/execute/async - {"script":"<script> [1562 bytes]","args":[{"selector":{"id":"application-manageconditionprice-display-component---conditions--smartFilterBar-filterItemControl_BASIC-BILL_TYPES-vhi"},"wdio_ui5_key":"applicationmanageconditionprice-display-component---conditions--smartFilterBar-filterItemControl_BASIC-BILL_TYPES-vhi"}]}
RESULT: {"script":"<script> [1562 bytes]","args":[{"selector":{"id":"application-manageconditionprice-display-component---conditions--smartFilterBar-filterItemControl_BASIC-BILL_TYPES-vhi"},"wdio_ui5_key":"applicationmanageconditionprice-display-component---conditions--smartFilterBar-filterItemControl_BASIC-BILL_TYPES-vhi"}]}
RESULT: undefined
COMMAND: POST /session/e87ee5c00bb1e8c61ee38b6c01d07093/element - {"using":"xpath","value":"//*[@id=\"application-manageconditionprice-display-component---conditions--smartFilterBar-filterItemControl_BASIC-BILL_TYPES-vhi\"]"}
RESULT: {"using":"xpath","value":"//*[@id=\"application-manageconditionprice-display-component---conditions--smartFilterBar-filterItemControl_BASIC-BILL_TYPES-vhi\"]"}
COMMAND: POST /session/e87ee5c00bb1e8c61ee38b6c01d07093/element/f.C39E6AC59F605FD7CA79606EE8A094DD.d.B5E1ACA0D64D21F863C2CEAD829471DB.e.20366/click - {}
RESULT: {}
COMMAND: POST /session/e87ee5c00bb1e8c61ee38b6c01d07093/execute/async - {"script":"<script> [1562 bytes]","args":[{"selector":{"id":"application-manageconditionprice-display-component---conditions--smartFilterBar-filterItemControl_BASIC-BILL_TYPES-valueHelpDialog-smartFilterBar-btnBasicSearch","searchOpenDialogs":true,"interaction":{"idSuffix":"I"}},"wdio_ui5_key":"applicationmanageconditionprice-display-component---conditions--smartFilterBar-filterItemControl_BASIC-BILL_TYPES-valueHelpDialog-smartFilterBar-btnBasicSearch"}]}
COMMAND: GET /session/e87ee5c00bb1e8c61ee38b6c01d07093/screenshot - {}
RESULT: {"script":"<script> [1562 bytes]","args":[{"selector":{"id":"application-manageconditionprice-display-component---conditions--smartFilterBar-filterItemControl_BASIC-BILL_TYPES-valueHelpDialog-smartFilterBar-btnBasicSearch","searchOpenDialogs":true,"interaction":{"idSuffix":"I"}},"wdio_ui5_key":"applicationmanageconditionprice-display-component---conditions--smartFilterBar-filterItemControl_BASIC-BILL_TYPES-valueHelpDialog-smartFilterBar-btnBasicSearch"}]}
RESULT: undefined
COMMAND: POST /session/e87ee5c00bb1e8c61ee38b6c01d07093/execute/async - {"script":"<script> [776 bytes]","args":[{"enterText":"TB","selector":{"id":"application-manageconditionprice-display-component---conditions--smartFilterBar-filterItemControl_BASIC-BILL_TYPES-valueHelpDialog-smartFilterBar-btnBasicSearch","searchOpenDialogs":true,"interaction":{"idSuffix":"I"}},"clearTextFirst":true,"interactionType":"ENTER_TEXT"}]}
RESULT: {}
RESULT: {"script":"<script> [776 bytes]","args":[{"enterText":"TB","selector":{"id":"application-manageconditionprice-display-component---conditions--smartFilterBar-filterItemControl_BASIC-BILL_TYPES-valueHelpDialog-smartFilterBar-btnBasicSearch","searchOpenDialogs":true,"interaction":{"idSuffix":"I"}},"clearTextFirst":true,"interactionType":"ENTER_TEXT"}]}
COMMAND: POST /session/e87ee5c00bb1e8c61ee38b6c01d07093/actions - {"actions":[{"id":"action70","type":"key","parameters":{},"actions":[{"type":"keyDown","value":""},{"type":"pause","duration":10},{"type":"keyUp","value":""}]}]}
RESULT: {"actions":[{"id":"action70","type":"key","parameters":{},"actions":[{"type":"keyDown","value":""},{"type":"pause","duration":10},{"type":"keyUp","value":""}]}]}
COMMAND: GET /session/e87ee5c00bb1e8c61ee38b6c01d07093/screenshot - {}
RESULT: {}
COMMAND: POST /session/e87ee5c00bb1e8c61ee38b6c01d07093/element - {"using":"xpath","value":"//div[contains(@id, 'application-manageconditionprice-display-component---conditions--smartFilterBar-filterItemControl_BASIC-BILL_TYPES-valueHelpDialog-table-rowsel0')]"}
RESULT: {"using":"xpath","value":"//div[contains(@id, 'application-manageconditionprice-display-component---conditions--smartFilterBar-filterItemControl_BASIC-BILL_TYPES-valueHelpDialog-table-rowsel0')]"}
COMMAND: POST /session/e87ee5c00bb1e8c61ee38b6c01d07093/element/f.C39E6AC59F605FD7CA79606EE8A094DD.d.B5E1ACA0D64D21F863C2CEAD829471DB.e.20375/click - {}
RESULT: {}
COMMAND: GET /session/e87ee5c00bb1e8c61ee38b6c01d07093/screenshot - {}
RESULT: {}
COMMAND: POST /session/e87ee5c00bb1e8c61ee38b6c01d07093/element - {"using":"xpath","value":"//bdi[contains(text(), \"OK\")]"}
RESULT: {"using":"xpath","value":"//bdi[contains(text(), \"OK\")]"}
COMMAND: POST /session/e87ee5c00bb1e8c61ee38b6c01d07093/element/f.C39E6AC59F605FD7CA79606EE8A094DD.d.B5E1ACA0D64D21F863C2CEAD829471DB.e.20377/click - {}
RESULT: {}
COMMAND: GET /session/e87ee5c00bb1e8c61ee38b6c01d07093/screenshot - {}
RESULT: {}
COMMAND: POST /session/e87ee5c00bb1e8c61ee38b6c01d07093/element - {"using":"xpath","value":"//span[@id=\"application-manageconditionprice-display-component---conditions--smartTable-header-inner\"]"}
RESULT: {"using":"xpath","value":"//span[@id=\"application-manageconditionprice-display-component---conditions--smartTable-header-inner\"]"}
COMMAND: POST /session/e87ee5c00bb1e8c61ee38b6c01d07093/elements - {"using":"xpath","value":"//span[@id=\"application-manageconditionprice-display-component---conditions--smartTable-header-inner\"]"}
RESULT: {"using":"xpath","value":"//span[@id=\"application-manageconditionprice-display-component---conditions--smartTable-header-inner\"]"}
COMMAND: POST /session/e87ee5c00bb1e8c61ee38b6c01d07093/execute/sync - {"script":"<script> [56 bytes]","args":[{"element-6066-11e4-a52e-4f735466cecf":"f.C39E6AC59F605FD7CA79606EE8A094DD.d.B5E1ACA0D64D21F863C2CEAD829471DB.e.20380","ELEMENT":"f.C39E6AC59F605FD7CA79606EE8A094DD.d.B5E1ACA0D64D21F863C2CEAD829471DB.e.20380"}]}
RESULT: {"script":"<script> [56 bytes]","args":[{"element-6066-11e4-a52e-4f735466cecf":"f.C39E6AC59F605FD7CA79606EE8A094DD.d.B5E1ACA0D64D21F863C2CEAD829471DB.e.20380","ELEMENT":"f.C39E6AC59F605FD7CA79606EE8A094DD.d.B5E1ACA0D64D21F863C2CEAD829471DB.e.20380"}]}
COMMAND: POST /session/e87ee5c00bb1e8c61ee38b6c01d07093/element - {"using":"css selector","value":"#shell-header-logo"}
COMMAND: GET /session/e87ee5c00bb1e8c61ee38b6c01d07093/screenshot - {}
RESULT: {"using":"css selector","value":"#shell-header-logo"}
COMMAND: POST /session/e87ee5c00bb1e8c61ee38b6c01d07093/element/f.C39E6AC59F605FD7CA79606EE8A094DD.d.B5E1ACA0D64D21F863C2CEAD829471DB.e.20102/click - {}
RESULT: {}
RESULT: {}
COMMAND: GET /session/e87ee5c00bb1e8c61ee38b6c01d07093/screenshot - {}
RESULT: {}
]]></system-out>
    </testcase>
    <testcase classname="chrome.136_0_7103_93.windows.Create_Reverse_Billing_US127248" name="Should do a stock increase handover" time="90.368">
      <system-out><![CDATA[
COMMAND: POST /session/e87ee5c00bb1e8c61ee38b6c01d07093/execute/async - {"script":"<script> [1562 bytes]","args":[{"selector":{"controlType":"sap.m.GenericTile","properties":{"header":"Manage Handovers"}},"wdio_ui5_key":"sapm.GenericTile{\"header\":\"Manage Handovers\"}"}]}
RESULT: {"script":"<script> [1562 bytes]","args":[{"selector":{"controlType":"sap.m.GenericTile","properties":{"header":"Manage Handovers"}},"wdio_ui5_key":"sapm.GenericTile{\"header\":\"Manage Handovers\"}"}]}
RESULT: undefined
COMMAND: POST /session/e87ee5c00bb1e8c61ee38b6c01d07093/element - {"using":"xpath","value":"//*[@id=\"__tile131\"]"}
RESULT: {"using":"xpath","value":"//*[@id=\"__tile131\"]"}
COMMAND: POST /session/e87ee5c00bb1e8c61ee38b6c01d07093/element/f.C39E6AC59F605FD7CA79606EE8A094DD.d.B5E1ACA0D64D21F863C2CEAD829471DB.e.19166/click - {}
RESULT: {}
COMMAND: GET /session/e87ee5c00bb1e8c61ee38b6c01d07093/screenshot - {}
RESULT: {}
COMMAND: POST /session/e87ee5c00bb1e8c61ee38b6c01d07093/elements - {"using":"xpath","value":"//span[text()='Error']"}
RESULT: {"using":"xpath","value":"//span[text()='Error']"}
COMMAND: POST /session/e87ee5c00bb1e8c61ee38b6c01d07093/element - {"using":"xpath","value":"//button[@data-kt=\"masterHOAddButton\"]"}
RESULT: {"using":"xpath","value":"//button[@data-kt=\"masterHOAddButton\"]"}
COMMAND: POST /session/e87ee5c00bb1e8c61ee38b6c01d07093/elements - {"using":"xpath","value":"//button[@data-kt=\"masterHOAddButton\"]"}
RESULT: {"using":"xpath","value":"//button[@data-kt=\"masterHOAddButton\"]"}
COMMAND: POST /session/e87ee5c00bb1e8c61ee38b6c01d07093/execute/sync - {"script":"<script> [8489 bytes]","args":[{"element-6066-11e4-a52e-4f735466cecf":"f.C39E6AC59F605FD7CA79606EE8A094DD.d.B5E1ACA0D64D21F863C2CEAD829471DB.e.20421","ELEMENT":"f.C39E6AC59F605FD7CA79606EE8A094DD.d.B5E1ACA0D64D21F863C2CEAD829471DB.e.20421"}]}
RESULT: {"script":"<script> [8489 bytes]","args":[{"element-6066-11e4-a52e-4f735466cecf":"f.C39E6AC59F605FD7CA79606EE8A094DD.d.B5E1ACA0D64D21F863C2CEAD829471DB.e.20421","ELEMENT":"f.C39E6AC59F605FD7CA79606EE8A094DD.d.B5E1ACA0D64D21F863C2CEAD829471DB.e.20421"}]}
COMMAND: GET /session/e87ee5c00bb1e8c61ee38b6c01d07093/element/f.C39E6AC59F605FD7CA79606EE8A094DD.d.B5E1ACA0D64D21F863C2CEAD829471DB.e.20421/enabled - {}
COMMAND: GET /session/e87ee5c00bb1e8c61ee38b6c01d07093/screenshot - {}
RESULT: {}
COMMAND: POST /session/e87ee5c00bb1e8c61ee38b6c01d07093/execute/sync - {"script":"<script> [8489 bytes]","args":[{"element-6066-11e4-a52e-4f735466cecf":"f.C39E6AC59F605FD7CA79606EE8A094DD.d.B5E1ACA0D64D21F863C2CEAD829471DB.e.20421","ELEMENT":"f.C39E6AC59F605FD7CA79606EE8A094DD.d.B5E1ACA0D64D21F863C2CEAD829471DB.e.20421"}]}
COMMAND: GET /session/e87ee5c00bb1e8c61ee38b6c01d07093/screenshot - {}
RESULT: {}
RESULT: {"script":"<script> [8489 bytes]","args":[{"element-6066-11e4-a52e-4f735466cecf":"f.C39E6AC59F605FD7CA79606EE8A094DD.d.B5E1ACA0D64D21F863C2CEAD829471DB.e.20421","ELEMENT":"f.C39E6AC59F605FD7CA79606EE8A094DD.d.B5E1ACA0D64D21F863C2CEAD829471DB.e.20421"}]}
COMMAND: POST /session/e87ee5c00bb1e8c61ee38b6c01d07093/execute/sync - {"script":"<script> [5351 bytes]","args":[{"element-6066-11e4-a52e-4f735466cecf":"f.C39E6AC59F605FD7CA79606EE8A094DD.d.B5E1ACA0D64D21F863C2CEAD829471DB.e.20421","ELEMENT":"f.C39E6AC59F605FD7CA79606EE8A094DD.d.B5E1ACA0D64D21F863C2CEAD829471DB.e.20421"}]}
COMMAND: GET /session/e87ee5c00bb1e8c61ee38b6c01d07093/screenshot - {}
RESULT: {}
RESULT: {"script":"<script> [5351 bytes]","args":[{"element-6066-11e4-a52e-4f735466cecf":"f.C39E6AC59F605FD7CA79606EE8A094DD.d.B5E1ACA0D64D21F863C2CEAD829471DB.e.20421","ELEMENT":"f.C39E6AC59F605FD7CA79606EE8A094DD.d.B5E1ACA0D64D21F863C2CEAD829471DB.e.20421"}]}
COMMAND: POST /session/e87ee5c00bb1e8c61ee38b6c01d07093/element/f.C39E6AC59F605FD7CA79606EE8A094DD.d.B5E1ACA0D64D21F863C2CEAD829471DB.e.20421/click - {}
COMMAND: GET /session/e87ee5c00bb1e8c61ee38b6c01d07093/screenshot - {}
RESULT: {}
RESULT: {}
COMMAND: GET /session/e87ee5c00bb1e8c61ee38b6c01d07093/screenshot - {}
RESULT: {}
RESULT: {}
COMMAND: POST /session/e87ee5c00bb1e8c61ee38b6c01d07093/element - {"using":"xpath","value":"//span[contains(@id ,\"AddNewHO--typeSelect-arrow\")]"}
RESULT: {"using":"xpath","value":"//span[contains(@id ,\"AddNewHO--typeSelect-arrow\")]"}
COMMAND: POST /session/e87ee5c00bb1e8c61ee38b6c01d07093/element/f.C39E6AC59F605FD7CA79606EE8A094DD.d.B5E1ACA0D64D21F863C2CEAD829471DB.e.20762/click - {}
RESULT: {}
COMMAND: GET /session/e87ee5c00bb1e8c61ee38b6c01d07093/screenshot - {}
RESULT: {}
COMMAND: POST /session/e87ee5c00bb1e8c61ee38b6c01d07093/element - {"using":"xpath","value":"(//li[contains(text(), \"stock increase yard\")])[1]"}
RESULT: {"using":"xpath","value":"(//li[contains(text(), \"stock increase yard\")])[1]"}
COMMAND: POST /session/e87ee5c00bb1e8c61ee38b6c01d07093/element/f.C39E6AC59F605FD7CA79606EE8A094DD.d.B5E1ACA0D64D21F863C2CEAD829471DB.e.20763/click - {}
RESULT: {}
COMMAND: GET /session/e87ee5c00bb1e8c61ee38b6c01d07093/screenshot - {}
RESULT: {}
COMMAND: POST /session/e87ee5c00bb1e8c61ee38b6c01d07093/execute/async - {"script":"<script> [1562 bytes]","args":[{"selector":{"id":"application-managehandovers-display-component---AddNewHO--dueDate","interaction":{"idSuffix":"inner"}},"wdio_ui5_key":"applicationmanagehandovers-display-component---AddNewHO--dueDate"}]}
RESULT: {"script":"<script> [1562 bytes]","args":[{"selector":{"id":"application-managehandovers-display-component---AddNewHO--dueDate","interaction":{"idSuffix":"inner"}},"wdio_ui5_key":"applicationmanagehandovers-display-component---AddNewHO--dueDate"}]}
RESULT: undefined
COMMAND: POST /session/e87ee5c00bb1e8c61ee38b6c01d07093/execute/async - {"script":"<script> [6424 bytes]","args":[{"element-6066-11e4-a52e-4f735466cecf":"f.C39E6AC59F605FD7CA79606EE8A094DD.d.B5E1ACA0D64D21F863C2CEAD829471DB.e.20765"},"setValue",["5/25/25"]]}
RESULT: {"script":"<script> [6424 bytes]","args":[{"element-6066-11e4-a52e-4f735466cecf":"f.C39E6AC59F605FD7CA79606EE8A094DD.d.B5E1ACA0D64D21F863C2CEAD829471DB.e.20765"},"setValue",["5/25/25"]]}
COMMAND: POST /session/e87ee5c00bb1e8c61ee38b6c01d07093/element - {"using":"xpath","value":"//input[@id=\"generalSectionFrg--receiveYard-inner\"]"}
RESULT: {"using":"xpath","value":"//input[@id=\"generalSectionFrg--receiveYard-inner\"]"}
COMMAND: POST /session/e87ee5c00bb1e8c61ee38b6c01d07093/element/f.C39E6AC59F605FD7CA79606EE8A094DD.d.B5E1ACA0D64D21F863C2CEAD829471DB.e.20771/clear - {}
RESULT: {}
COMMAND: POST /session/e87ee5c00bb1e8c61ee38b6c01d07093/element/f.C39E6AC59F605FD7CA79606EE8A094DD.d.B5E1ACA0D64D21F863C2CEAD829471DB.e.20771/value - {"text":"284"}
COMMAND: GET /session/e87ee5c00bb1e8c61ee38b6c01d07093/screenshot - {}
RESULT: {"text":"284"}
COMMAND: GET /session/e87ee5c00bb1e8c61ee38b6c01d07093/screenshot - {}
RESULT: {}
RESULT: {}
COMMAND: POST /session/e87ee5c00bb1e8c61ee38b6c01d07093/element - {"using":"xpath","value":"//li[.//span[text()='284']]"}
RESULT: {"using":"xpath","value":"//li[.//span[text()='284']]"}
COMMAND: POST /session/e87ee5c00bb1e8c61ee38b6c01d07093/element/f.C39E6AC59F605FD7CA79606EE8A094DD.d.B5E1ACA0D64D21F863C2CEAD829471DB.e.20789/click - {}
RESULT: {}
COMMAND: GET /session/e87ee5c00bb1e8c61ee38b6c01d07093/screenshot - {}
RESULT: {}
COMMAND: POST /session/e87ee5c00bb1e8c61ee38b6c01d07093/execute/async - {"script":"<script> [1562 bytes]","args":[{"selector":{"id":"application-managehandovers-display-component---AddNewHO--ObjectPageLayout-anchBar-application-managehandovers-display-component---AddNewHO--section4-anchor","interaction":{"idSuffix":"BDI-content"}},"wdio_ui5_key":"applicationmanagehandovers-display-component---AddNewHO--ObjectPageLayout-anchBar-application-managehandovers-display-component---AddNewHO--section4-anchor"}]}
RESULT: {"script":"<script> [1562 bytes]","args":[{"selector":{"id":"application-managehandovers-display-component---AddNewHO--ObjectPageLayout-anchBar-application-managehandovers-display-component---AddNewHO--section4-anchor","interaction":{"idSuffix":"BDI-content"}},"wdio_ui5_key":"applicationmanagehandovers-display-component---AddNewHO--ObjectPageLayout-anchBar-application-managehandovers-display-component---AddNewHO--section4-anchor"}]}
RESULT: undefined
COMMAND: POST /session/e87ee5c00bb1e8c61ee38b6c01d07093/element - {"using":"xpath","value":"//*[@id=\"application-managehandovers-display-component---AddNewHO--ObjectPageLayout-anchBar-application-managehandovers-display-component---AddNewHO--section4-anchor\"]"}
RESULT: {"using":"xpath","value":"//*[@id=\"application-managehandovers-display-component---AddNewHO--ObjectPageLayout-anchBar-application-managehandovers-display-component---AddNewHO--section4-anchor\"]"}
COMMAND: POST /session/e87ee5c00bb1e8c61ee38b6c01d07093/element/f.C39E6AC59F605FD7CA79606EE8A094DD.d.B5E1ACA0D64D21F863C2CEAD829471DB.e.20791/click - {}
RESULT: {}
COMMAND: POST /session/e87ee5c00bb1e8c61ee38b6c01d07093/element - {"using":"xpath","value":"//button[@aria-label=\"Add\"]"}
COMMAND: GET /session/e87ee5c00bb1e8c61ee38b6c01d07093/screenshot - {}
RESULT: {"using":"xpath","value":"//button[@aria-label=\"Add\"]"}
COMMAND: POST /session/e87ee5c00bb1e8c61ee38b6c01d07093/element/f.C39E6AC59F605FD7CA79606EE8A094DD.d.B5E1ACA0D64D21F863C2CEAD829471DB.e.20793/click - {}
RESULT: {}
RESULT: {}
COMMAND: GET /session/e87ee5c00bb1e8c61ee38b6c01d07093/screenshot - {}
RESULT: {}
COMMAND: POST /session/e87ee5c00bb1e8c61ee38b6c01d07093/execute/async - {"script":"<script> [1562 bytes]","args":[{"selector":{"id":"application-managehandovers-display-component---AddNewHO--smartFilterBar-btnBasicSearch","searchOpenDialogs":true,"interaction":{"idSuffix":"I"}},"wdio_ui5_key":"applicationmanagehandovers-display-component---AddNewHO--smartFilterBar-btnBasicSearch"}]}
RESULT: {"script":"<script> [1562 bytes]","args":[{"selector":{"id":"application-managehandovers-display-component---AddNewHO--smartFilterBar-btnBasicSearch","searchOpenDialogs":true,"interaction":{"idSuffix":"I"}},"wdio_ui5_key":"applicationmanagehandovers-display-component---AddNewHO--smartFilterBar-btnBasicSearch"}]}
RESULT: undefined
COMMAND: POST /session/e87ee5c00bb1e8c61ee38b6c01d07093/execute/async - {"script":"<script> [776 bytes]","args":[{"enterText":"CocdwyJMmB","selector":{"id":"application-managehandovers-display-component---AddNewHO--smartFilterBar-btnBasicSearch","searchOpenDialogs":true,"interaction":{"idSuffix":"I"}},"clearTextFirst":true,"interactionType":"ENTER_TEXT"}]}
RESULT: {"script":"<script> [776 bytes]","args":[{"enterText":"CocdwyJMmB","selector":{"id":"application-managehandovers-display-component---AddNewHO--smartFilterBar-btnBasicSearch","searchOpenDialogs":true,"interaction":{"idSuffix":"I"}},"clearTextFirst":true,"interactionType":"ENTER_TEXT"}]}
COMMAND: POST /session/e87ee5c00bb1e8c61ee38b6c01d07093/actions - {"actions":[{"id":"action71","type":"key","parameters":{},"actions":[{"type":"keyDown","value":""},{"type":"pause","duration":10},{"type":"keyUp","value":""}]}]}
RESULT: {"actions":[{"id":"action71","type":"key","parameters":{},"actions":[{"type":"keyDown","value":""},{"type":"pause","duration":10},{"type":"keyUp","value":""}]}]}
COMMAND: GET /session/e87ee5c00bb1e8c61ee38b6c01d07093/screenshot - {}
RESULT: {}
COMMAND: POST /session/e87ee5c00bb1e8c61ee38b6c01d07093/execute/async - {"script":"<script> [1562 bytes]","args":[{"selector":{"id":"application-managehandovers-display-component---AddNewHO--popup-sa","searchOpenDialogs":true,"interaction":{"idSuffix":"CbBg"}},"wdio_ui5_key":"applicationmanagehandovers-display-component---AddNewHO--popup-sa"}]}
RESULT: {"script":"<script> [1562 bytes]","args":[{"selector":{"id":"application-managehandovers-display-component---AddNewHO--popup-sa","searchOpenDialogs":true,"interaction":{"idSuffix":"CbBg"}},"wdio_ui5_key":"applicationmanagehandovers-display-component---AddNewHO--popup-sa"}]}
RESULT: undefined
COMMAND: POST /session/e87ee5c00bb1e8c61ee38b6c01d07093/element - {"using":"xpath","value":"//*[@id=\"application-managehandovers-display-component---AddNewHO--popup-sa\"]"}
RESULT: {"using":"xpath","value":"//*[@id=\"application-managehandovers-display-component---AddNewHO--popup-sa\"]"}
COMMAND: POST /session/e87ee5c00bb1e8c61ee38b6c01d07093/element/f.C39E6AC59F605FD7CA79606EE8A094DD.d.B5E1ACA0D64D21F863C2CEAD829471DB.e.20946/click - {}
RESULT: {}
COMMAND: GET /session/e87ee5c00bb1e8c61ee38b6c01d07093/screenshot - {}
RESULT: {}
COMMAND: POST /session/e87ee5c00bb1e8c61ee38b6c01d07093/element - {"using":"xpath","value":"//bdi[contains(text(), \"Select\")]"}
RESULT: {"using":"xpath","value":"//bdi[contains(text(), \"Select\")]"}
COMMAND: POST /session/e87ee5c00bb1e8c61ee38b6c01d07093/element/f.C39E6AC59F605FD7CA79606EE8A094DD.d.B5E1ACA0D64D21F863C2CEAD829471DB.e.20947/click - {}
RESULT: {}
COMMAND: GET /session/e87ee5c00bb1e8c61ee38b6c01d07093/screenshot - {}
RESULT: {}
COMMAND: POST /session/e87ee5c00bb1e8c61ee38b6c01d07093/element - {"using":"xpath","value":"//button[@data-kt=\"AddNewHOSaveButton\"]"}
RESULT: {"using":"xpath","value":"//button[@data-kt=\"AddNewHOSaveButton\"]"}
COMMAND: POST /session/e87ee5c00bb1e8c61ee38b6c01d07093/element/f.C39E6AC59F605FD7CA79606EE8A094DD.d.B5E1ACA0D64D21F863C2CEAD829471DB.e.20951/click - {}
RESULT: {}
COMMAND: GET /session/e87ee5c00bb1e8c61ee38b6c01d07093/screenshot - {}
RESULT: {}
COMMAND: POST /session/e87ee5c00bb1e8c61ee38b6c01d07093/execute/async - {"script":"<script> [1562 bytes]","args":[{"selector":{"id":"receiptDatePicker","viewName":"etm.portal.ui.managehandovers.view.DetailExecuteHO","interaction":{"idSuffix":"inner"}},"wdio_ui5_key":"receiptDatePickeretmportal.ui.managehandovers.view.DetailExecuteHO"}]}
RESULT: {"script":"<script> [1562 bytes]","args":[{"selector":{"id":"receiptDatePicker","viewName":"etm.portal.ui.managehandovers.view.DetailExecuteHO","interaction":{"idSuffix":"inner"}},"wdio_ui5_key":"receiptDatePickeretmportal.ui.managehandovers.view.DetailExecuteHO"}]}
RESULT: undefined
COMMAND: POST /session/e87ee5c00bb1e8c61ee38b6c01d07093/execute/async - {"script":"<script> [6424 bytes]","args":[{"element-6066-11e4-a52e-4f735466cecf":"f.C39E6AC59F605FD7CA79606EE8A094DD.d.B5E1ACA0D64D21F863C2CEAD829471DB.e.20980"},"setValue",["5/25/25"]]}
RESULT: {"script":"<script> [6424 bytes]","args":[{"element-6066-11e4-a52e-4f735466cecf":"f.C39E6AC59F605FD7CA79606EE8A094DD.d.B5E1ACA0D64D21F863C2CEAD829471DB.e.20980"},"setValue",["5/25/25"]]}
COMMAND: POST /session/e87ee5c00bb1e8c61ee38b6c01d07093/element - {"using":"xpath","value":"//button[@data-kt=\"ReceivingTableConfirmAllButton\"]"}
RESULT: {"using":"xpath","value":"//button[@data-kt=\"ReceivingTableConfirmAllButton\"]"}
COMMAND: POST /session/e87ee5c00bb1e8c61ee38b6c01d07093/element/f.C39E6AC59F605FD7CA79606EE8A094DD.d.B5E1ACA0D64D21F863C2CEAD829471DB.e.20996/click - {}
RESULT: {}
COMMAND: GET /session/e87ee5c00bb1e8c61ee38b6c01d07093/screenshot - {}
RESULT: {}
COMMAND: POST /session/e87ee5c00bb1e8c61ee38b6c01d07093/element - {"using":"xpath","value":"//bdi[contains(text(), \"OK\")]"}
RESULT: {"using":"xpath","value":"//bdi[contains(text(), \"OK\")]"}
COMMAND: POST /session/e87ee5c00bb1e8c61ee38b6c01d07093/element/f.C39E6AC59F605FD7CA79606EE8A094DD.d.B5E1ACA0D64D21F863C2CEAD829471DB.e.20998/click - {}
RESULT: {}
COMMAND: GET /session/e87ee5c00bb1e8c61ee38b6c01d07093/screenshot - {}
RESULT: {}
COMMAND: POST /session/e87ee5c00bb1e8c61ee38b6c01d07093/element - {"using":"xpath","value":"(//bdi[contains(text(), \"Receive\")])[2]"}
RESULT: {"using":"xpath","value":"(//bdi[contains(text(), \"Receive\")])[2]"}
COMMAND: POST /session/e87ee5c00bb1e8c61ee38b6c01d07093/element/f.C39E6AC59F605FD7CA79606EE8A094DD.d.B5E1ACA0D64D21F863C2CEAD829471DB.e.21000/click - {}
RESULT: {}
COMMAND: GET /session/e87ee5c00bb1e8c61ee38b6c01d07093/screenshot - {}
RESULT: {}
COMMAND: POST /session/e87ee5c00bb1e8c61ee38b6c01d07093/element - {"using":"css selector","value":"#shell-header-logo"}
RESULT: {"using":"css selector","value":"#shell-header-logo"}
COMMAND: POST /session/e87ee5c00bb1e8c61ee38b6c01d07093/element/f.C39E6AC59F605FD7CA79606EE8A094DD.d.B5E1ACA0D64D21F863C2CEAD829471DB.e.20386/click - {}
RESULT: {}
COMMAND: GET /session/e87ee5c00bb1e8c61ee38b6c01d07093/screenshot - {}
RESULT: {}
]]></system-out>
    </testcase>
    <testcase classname="chrome.136_0_7103_93.windows.Create_Reverse_Billing_US127248" name="Should create a new contract" time="61.187">
      <system-out><![CDATA[
COMMAND: POST /session/e87ee5c00bb1e8c61ee38b6c01d07093/execute/async - {"script":"<script> [1562 bytes]","args":[{"selector":{"controlType":"sap.m.GenericTile","properties":{"header":"Manage Contracts"}},"wdio_ui5_key":"sapm.GenericTile{\"header\":\"Manage Contracts\"}"}]}
RESULT: {"script":"<script> [1562 bytes]","args":[{"selector":{"controlType":"sap.m.GenericTile","properties":{"header":"Manage Contracts"}},"wdio_ui5_key":"sapm.GenericTile{\"header\":\"Manage Contracts\"}"}]}
RESULT: undefined
COMMAND: POST /session/e87ee5c00bb1e8c61ee38b6c01d07093/element - {"using":"xpath","value":"//*[@id=\"__tile130\"]"}
RESULT: {"using":"xpath","value":"//*[@id=\"__tile130\"]"}
COMMAND: POST /session/e87ee5c00bb1e8c61ee38b6c01d07093/element/f.C39E6AC59F605FD7CA79606EE8A094DD.d.B5E1ACA0D64D21F863C2CEAD829471DB.e.19097/click - {}
RESULT: {}
COMMAND: GET /session/e87ee5c00bb1e8c61ee38b6c01d07093/screenshot - {}
RESULT: {}
COMMAND: POST /session/e87ee5c00bb1e8c61ee38b6c01d07093/elements - {"using":"xpath","value":"//span[text()='Error']"}
RESULT: {"using":"xpath","value":"//span[text()='Error']"}
COMMAND: POST /session/e87ee5c00bb1e8c61ee38b6c01d07093/element - {"using":"xpath","value":"//button[@data-kt=\"addButton\"]"}
RESULT: {"using":"xpath","value":"//button[@data-kt=\"addButton\"]"}
COMMAND: POST /session/e87ee5c00bb1e8c61ee38b6c01d07093/elements - {"using":"xpath","value":"//button[@data-kt=\"addButton\"]"}
RESULT: {"using":"xpath","value":"//button[@data-kt=\"addButton\"]"}
COMMAND: POST /session/e87ee5c00bb1e8c61ee38b6c01d07093/execute/sync - {"script":"<script> [8489 bytes]","args":[{"element-6066-11e4-a52e-4f735466cecf":"f.C39E6AC59F605FD7CA79606EE8A094DD.d.B5E1ACA0D64D21F863C2CEAD829471DB.e.21223","ELEMENT":"f.C39E6AC59F605FD7CA79606EE8A094DD.d.B5E1ACA0D64D21F863C2CEAD829471DB.e.21223"}]}
RESULT: {"script":"<script> [8489 bytes]","args":[{"element-6066-11e4-a52e-4f735466cecf":"f.C39E6AC59F605FD7CA79606EE8A094DD.d.B5E1ACA0D64D21F863C2CEAD829471DB.e.21223","ELEMENT":"f.C39E6AC59F605FD7CA79606EE8A094DD.d.B5E1ACA0D64D21F863C2CEAD829471DB.e.21223"}]}
COMMAND: GET /session/e87ee5c00bb1e8c61ee38b6c01d07093/element/f.C39E6AC59F605FD7CA79606EE8A094DD.d.B5E1ACA0D64D21F863C2CEAD829471DB.e.21223/enabled - {}
COMMAND: GET /session/e87ee5c00bb1e8c61ee38b6c01d07093/screenshot - {}
RESULT: {}
COMMAND: POST /session/e87ee5c00bb1e8c61ee38b6c01d07093/execute/sync - {"script":"<script> [8489 bytes]","args":[{"element-6066-11e4-a52e-4f735466cecf":"f.C39E6AC59F605FD7CA79606EE8A094DD.d.B5E1ACA0D64D21F863C2CEAD829471DB.e.21223","ELEMENT":"f.C39E6AC59F605FD7CA79606EE8A094DD.d.B5E1ACA0D64D21F863C2CEAD829471DB.e.21223"}]}
COMMAND: GET /session/e87ee5c00bb1e8c61ee38b6c01d07093/screenshot - {}
RESULT: {}
RESULT: {"script":"<script> [8489 bytes]","args":[{"element-6066-11e4-a52e-4f735466cecf":"f.C39E6AC59F605FD7CA79606EE8A094DD.d.B5E1ACA0D64D21F863C2CEAD829471DB.e.21223","ELEMENT":"f.C39E6AC59F605FD7CA79606EE8A094DD.d.B5E1ACA0D64D21F863C2CEAD829471DB.e.21223"}]}
COMMAND: POST /session/e87ee5c00bb1e8c61ee38b6c01d07093/execute/sync - {"script":"<script> [5351 bytes]","args":[{"element-6066-11e4-a52e-4f735466cecf":"f.C39E6AC59F605FD7CA79606EE8A094DD.d.B5E1ACA0D64D21F863C2CEAD829471DB.e.21223","ELEMENT":"f.C39E6AC59F605FD7CA79606EE8A094DD.d.B5E1ACA0D64D21F863C2CEAD829471DB.e.21223"}]}
COMMAND: GET /session/e87ee5c00bb1e8c61ee38b6c01d07093/screenshot - {}
RESULT: {}
RESULT: {"script":"<script> [5351 bytes]","args":[{"element-6066-11e4-a52e-4f735466cecf":"f.C39E6AC59F605FD7CA79606EE8A094DD.d.B5E1ACA0D64D21F863C2CEAD829471DB.e.21223","ELEMENT":"f.C39E6AC59F605FD7CA79606EE8A094DD.d.B5E1ACA0D64D21F863C2CEAD829471DB.e.21223"}]}
COMMAND: GET /session/e87ee5c00bb1e8c61ee38b6c01d07093/screenshot - {}
RESULT: {}
RESULT: {}
COMMAND: POST /session/e87ee5c00bb1e8c61ee38b6c01d07093/element/f.C39E6AC59F605FD7CA79606EE8A094DD.d.B5E1ACA0D64D21F863C2CEAD829471DB.e.21223/click - {}
RESULT: {}
COMMAND: GET /session/e87ee5c00bb1e8c61ee38b6c01d07093/screenshot - {}
RESULT: {}
COMMAND: POST /session/e87ee5c00bb1e8c61ee38b6c01d07093/execute/async - {"script":"<script> [1562 bytes]","args":[{"selector":{"id":"application-managecontracts-display-component---AddNewContract--projectDescription","interaction":{"idSuffix":"inner"}},"wdio_ui5_key":"applicationmanagecontracts-display-component---AddNewContract--projectDescription"}]}
RESULT: {"script":"<script> [1562 bytes]","args":[{"selector":{"id":"application-managecontracts-display-component---AddNewContract--projectDescription","interaction":{"idSuffix":"inner"}},"wdio_ui5_key":"applicationmanagecontracts-display-component---AddNewContract--projectDescription"}]}
RESULT: undefined
COMMAND: POST /session/e87ee5c00bb1e8c61ee38b6c01d07093/execute/async - {"script":"<script> [776 bytes]","args":[{"enterText":"Contract WDIO","selector":{"id":"application-managecontracts-display-component---AddNewContract--projectDescription","interaction":{"idSuffix":"inner"}},"clearTextFirst":true,"interactionType":"ENTER_TEXT"}]}
RESULT: {"script":"<script> [776 bytes]","args":[{"enterText":"Contract WDIO","selector":{"id":"application-managecontracts-display-component---AddNewContract--projectDescription","interaction":{"idSuffix":"inner"}},"clearTextFirst":true,"interactionType":"ENTER_TEXT"}]}
COMMAND: POST /session/e87ee5c00bb1e8c61ee38b6c01d07093/element - {"using":"xpath","value":"//input[@id=\"application-managecontracts-display-component---AddNewContract--site-inner\"]"}
RESULT: {"using":"xpath","value":"//input[@id=\"application-managecontracts-display-component---AddNewContract--site-inner\"]"}
COMMAND: POST /session/e87ee5c00bb1e8c61ee38b6c01d07093/element/f.C39E6AC59F605FD7CA79606EE8A094DD.d.B5E1ACA0D64D21F863C2CEAD829471DB.e.21539/clear - {}
RESULT: {}
COMMAND: POST /session/e87ee5c00bb1e8c61ee38b6c01d07093/element/f.C39E6AC59F605FD7CA79606EE8A094DD.d.B5E1ACA0D64D21F863C2CEAD829471DB.e.21539/value - {"text":"2120"}
COMMAND: GET /session/e87ee5c00bb1e8c61ee38b6c01d07093/screenshot - {}
RESULT: {"text":"2120"}
COMMAND: GET /session/e87ee5c00bb1e8c61ee38b6c01d07093/screenshot - {}
RESULT: {}
RESULT: {}
COMMAND: POST /session/e87ee5c00bb1e8c61ee38b6c01d07093/element - {"using":"xpath","value":"//li[.//span[text()='2120']]"}
RESULT: {"using":"xpath","value":"//li[.//span[text()='2120']]"}
COMMAND: POST /session/e87ee5c00bb1e8c61ee38b6c01d07093/element/f.C39E6AC59F605FD7CA79606EE8A094DD.d.B5E1ACA0D64D21F863C2CEAD829471DB.e.21622/click - {}
RESULT: {}
COMMAND: GET /session/e87ee5c00bb1e8c61ee38b6c01d07093/screenshot - {}
RESULT: {}
COMMAND: POST /session/e87ee5c00bb1e8c61ee38b6c01d07093/element - {"using":"xpath","value":"//input[@id=\"application-managecontracts-display-component---AddNewContract--yardId-inner\"]"}
RESULT: {"using":"xpath","value":"//input[@id=\"application-managecontracts-display-component---AddNewContract--yardId-inner\"]"}
COMMAND: GET /session/e87ee5c00bb1e8c61ee38b6c01d07093/element/f.C39E6AC59F605FD7CA79606EE8A094DD.d.B5E1ACA0D64D21F863C2CEAD829471DB.e.21540/property/value - {}
RESULT: {}
COMMAND: POST /session/e87ee5c00bb1e8c61ee38b6c01d07093/element - {"using":"xpath","value":"//input[@id=\"application-managecontracts-display-component---AddNewContract--customerSelect-inner\"]"}
RESULT: {"using":"xpath","value":"//input[@id=\"application-managecontracts-display-component---AddNewContract--customerSelect-inner\"]"}
COMMAND: POST /session/e87ee5c00bb1e8c61ee38b6c01d07093/element/f.C39E6AC59F605FD7CA79606EE8A094DD.d.B5E1ACA0D64D21F863C2CEAD829471DB.e.21538/clear - {}
COMMAND: GET /session/e87ee5c00bb1e8c61ee38b6c01d07093/screenshot - {}
RESULT: {}
COMMAND: POST /session/e87ee5c00bb1e8c61ee38b6c01d07093/element/f.C39E6AC59F605FD7CA79606EE8A094DD.d.B5E1ACA0D64D21F863C2CEAD829471DB.e.21538/value - {"text":"1130"}
RESULT: {}
RESULT: {"text":"1130"}
COMMAND: GET /session/e87ee5c00bb1e8c61ee38b6c01d07093/screenshot - {}
COMMAND: GET /session/e87ee5c00bb1e8c61ee38b6c01d07093/screenshot - {}
RESULT: {}
RESULT: {}
COMMAND: POST /session/e87ee5c00bb1e8c61ee38b6c01d07093/element - {"using":"xpath","value":"//li[.//span[text()='1130']]"}
RESULT: {"using":"xpath","value":"//li[.//span[text()='1130']]"}
COMMAND: POST /session/e87ee5c00bb1e8c61ee38b6c01d07093/element/f.C39E6AC59F605FD7CA79606EE8A094DD.d.B5E1ACA0D64D21F863C2CEAD829471DB.e.21625/click - {}
RESULT: {}
COMMAND: GET /session/e87ee5c00bb1e8c61ee38b6c01d07093/screenshot - {}
RESULT: {}
COMMAND: POST /session/e87ee5c00bb1e8c61ee38b6c01d07093/element - {"using":"xpath","value":"//button[@data-kt=\"saveButton\"]"}
RESULT: {"using":"xpath","value":"//button[@data-kt=\"saveButton\"]"}
COMMAND: POST /session/e87ee5c00bb1e8c61ee38b6c01d07093/element/f.C39E6AC59F605FD7CA79606EE8A094DD.d.B5E1ACA0D64D21F863C2CEAD829471DB.e.21615/click - {}
RESULT: {}
COMMAND: GET /session/e87ee5c00bb1e8c61ee38b6c01d07093/screenshot - {}
RESULT: {}
COMMAND: POST /session/e87ee5c00bb1e8c61ee38b6c01d07093/element - {"using":"xpath","value":"//span[contains(@id ,\"contractDetailTitleNoExpanded\")]"}
RESULT: {"using":"xpath","value":"//span[contains(@id ,\"contractDetailTitleNoExpanded\")]"}
COMMAND: POST /session/e87ee5c00bb1e8c61ee38b6c01d07093/elements - {"using":"xpath","value":"//span[contains(@id ,\"contractDetailTitleNoExpanded\")]"}
RESULT: {"using":"xpath","value":"//span[contains(@id ,\"contractDetailTitleNoExpanded\")]"}
COMMAND: POST /session/e87ee5c00bb1e8c61ee38b6c01d07093/execute/sync - {"script":"<script> [56 bytes]","args":[{"element-6066-11e4-a52e-4f735466cecf":"f.C39E6AC59F605FD7CA79606EE8A094DD.d.B5E1ACA0D64D21F863C2CEAD829471DB.e.21635","ELEMENT":"f.C39E6AC59F605FD7CA79606EE8A094DD.d.B5E1ACA0D64D21F863C2CEAD829471DB.e.21635"}]}
RESULT: {"script":"<script> [56 bytes]","args":[{"element-6066-11e4-a52e-4f735466cecf":"f.C39E6AC59F605FD7CA79606EE8A094DD.d.B5E1ACA0D64D21F863C2CEAD829471DB.e.21635","ELEMENT":"f.C39E6AC59F605FD7CA79606EE8A094DD.d.B5E1ACA0D64D21F863C2CEAD829471DB.e.21635"}]}
COMMAND: GET /session/e87ee5c00bb1e8c61ee38b6c01d07093/screenshot - {}
RESULT: {}
]]></system-out>
    </testcase>
    <testcase classname="chrome.136_0_7103_93.windows.Create_Reverse_Billing_US127248" name="Should add equipment to the contract" time="45.669">
      <system-out><![CDATA[
COMMAND: POST /session/e87ee5c00bb1e8c61ee38b6c01d07093/element - {"using":"xpath","value":"//button[@data-kt=\"contractDetailEditBtnButton\"]"}
RESULT: {"using":"xpath","value":"//button[@data-kt=\"contractDetailEditBtnButton\"]"}
COMMAND: POST /session/e87ee5c00bb1e8c61ee38b6c01d07093/element/f.C39E6AC59F605FD7CA79606EE8A094DD.d.B5E1ACA0D64D21F863C2CEAD829471DB.e.21638/click - {}
RESULT: {}
COMMAND: GET /session/e87ee5c00bb1e8c61ee38b6c01d07093/screenshot - {}
RESULT: {}
COMMAND: POST /session/e87ee5c00bb1e8c61ee38b6c01d07093/element - {"using":"xpath","value":"(//span[contains(text(), \"Additional Addresses\")])[2]"}
RESULT: {"using":"xpath","value":"(//span[contains(text(), \"Additional Addresses\")])[2]"}
COMMAND: POST /session/e87ee5c00bb1e8c61ee38b6c01d07093/element/f.C39E6AC59F605FD7CA79606EE8A094DD.d.B5E1ACA0D64D21F863C2CEAD829471DB.e.21694/click - {}
RESULT: {}
COMMAND: GET /session/e87ee5c00bb1e8c61ee38b6c01d07093/screenshot - {}
RESULT: {}
COMMAND: POST /session/e87ee5c00bb1e8c61ee38b6c01d07093/element - {"using":"xpath","value":"//button[@data-kt=\"btnAddTableRowOverflowToolbarButton\"]"}
RESULT: {"using":"xpath","value":"//button[@data-kt=\"btnAddTableRowOverflowToolbarButton\"]"}
COMMAND: POST /session/e87ee5c00bb1e8c61ee38b6c01d07093/element/f.C39E6AC59F605FD7CA79606EE8A094DD.d.B5E1ACA0D64D21F863C2CEAD829471DB.e.21697/click - {}
RESULT: {}
COMMAND: GET /session/e87ee5c00bb1e8c61ee38b6c01d07093/screenshot - {}
RESULT: {}
COMMAND: POST /session/e87ee5c00bb1e8c61ee38b6c01d07093/element - {"using":"xpath","value":"//div[(text() = 'Standard Entry' or . = 'Standard Entry')]"}
RESULT: {"using":"xpath","value":"//div[(text() = 'Standard Entry' or . = 'Standard Entry')]"}
COMMAND: POST /session/e87ee5c00bb1e8c61ee38b6c01d07093/element/f.C39E6AC59F605FD7CA79606EE8A094DD.d.B5E1ACA0D64D21F863C2CEAD829471DB.e.21699/click - {}
RESULT: {}
COMMAND: GET /session/e87ee5c00bb1e8c61ee38b6c01d07093/screenshot - {}
RESULT: {}
COMMAND: POST /session/e87ee5c00bb1e8c61ee38b6c01d07093/element - {"using":"xpath","value":"//td[7]/div/div/input"}
RESULT: {"using":"xpath","value":"//td[7]/div/div/input"}
COMMAND: POST /session/e87ee5c00bb1e8c61ee38b6c01d07093/element/f.C39E6AC59F605FD7CA79606EE8A094DD.d.B5E1ACA0D64D21F863C2CEAD829471DB.e.21708/clear - {}
RESULT: {}
COMMAND: POST /session/e87ee5c00bb1e8c61ee38b6c01d07093/element/f.C39E6AC59F605FD7CA79606EE8A094DD.d.B5E1ACA0D64D21F863C2CEAD829471DB.e.21708/value - {"text":"CocdwyJMmB"}
COMMAND: GET /session/e87ee5c00bb1e8c61ee38b6c01d07093/screenshot - {}
RESULT: {"text":"CocdwyJMmB"}
COMMAND: GET /session/e87ee5c00bb1e8c61ee38b6c01d07093/screenshot - {}
RESULT: {}
RESULT: {}
COMMAND: POST /session/e87ee5c00bb1e8c61ee38b6c01d07093/actions - {"actions":[{"id":"action72","type":"key","parameters":{},"actions":[{"type":"keyDown","value":""},{"type":"pause","duration":10},{"type":"keyUp","value":""}]}]}
RESULT: {"actions":[{"id":"action72","type":"key","parameters":{},"actions":[{"type":"keyDown","value":""},{"type":"pause","duration":10},{"type":"keyUp","value":""}]}]}
COMMAND: GET /session/e87ee5c00bb1e8c61ee38b6c01d07093/screenshot - {}
RESULT: {}
COMMAND: POST /session/e87ee5c00bb1e8c61ee38b6c01d07093/execute/sync - {"script":"<script> [276 bytes]","args":["No pricing information was found"]}
RESULT: {"script":"<script> [276 bytes]","args":["No pricing information was found"]}
COMMAND: POST /session/e87ee5c00bb1e8c61ee38b6c01d07093/element - {"using":"xpath","value":"(//button[@data-kt=\"saveButton\"])[2]"}
COMMAND: GET /session/e87ee5c00bb1e8c61ee38b6c01d07093/screenshot - {}
RESULT: {"using":"xpath","value":"(//button[@data-kt=\"saveButton\"])[2]"}
COMMAND: POST /session/e87ee5c00bb1e8c61ee38b6c01d07093/element/f.C39E6AC59F605FD7CA79606EE8A094DD.d.B5E1ACA0D64D21F863C2CEAD829471DB.e.21723/click - {}
RESULT: {}
RESULT: {}
COMMAND: GET /session/e87ee5c00bb1e8c61ee38b6c01d07093/screenshot - {}
RESULT: {}
COMMAND: POST /session/e87ee5c00bb1e8c61ee38b6c01d07093/execute/sync - {"script":"<script> [276 bytes]","args":["Some contract items are having rental validity exceeding header rental validity"]}
RESULT: {"script":"<script> [276 bytes]","args":["Some contract items are having rental validity exceeding header rental validity"]}
COMMAND: GET /session/e87ee5c00bb1e8c61ee38b6c01d07093/screenshot - {}
RESULT: {}
COMMAND: POST /session/e87ee5c00bb1e8c61ee38b6c01d07093/element - {"using":"xpath","value":"//span[contains(@id ,\"contractItemsSmartTable-header-inner\")]"}
RESULT: {"using":"xpath","value":"//span[contains(@id ,\"contractItemsSmartTable-header-inner\")]"}
COMMAND: POST /session/e87ee5c00bb1e8c61ee38b6c01d07093/elements - {"using":"xpath","value":"//span[contains(@id ,\"contractItemsSmartTable-header-inner\")]"}
RESULT: {"using":"xpath","value":"//span[contains(@id ,\"contractItemsSmartTable-header-inner\")]"}
COMMAND: POST /session/e87ee5c00bb1e8c61ee38b6c01d07093/execute/sync - {"script":"<script> [56 bytes]","args":[{"element-6066-11e4-a52e-4f735466cecf":"f.C39E6AC59F605FD7CA79606EE8A094DD.d.B5E1ACA0D64D21F863C2CEAD829471DB.e.21729","ELEMENT":"f.C39E6AC59F605FD7CA79606EE8A094DD.d.B5E1ACA0D64D21F863C2CEAD829471DB.e.21729"}]}
RESULT: {"script":"<script> [56 bytes]","args":[{"element-6066-11e4-a52e-4f735466cecf":"f.C39E6AC59F605FD7CA79606EE8A094DD.d.B5E1ACA0D64D21F863C2CEAD829471DB.e.21729","ELEMENT":"f.C39E6AC59F605FD7CA79606EE8A094DD.d.B5E1ACA0D64D21F863C2CEAD829471DB.e.21729"}]}
COMMAND: GET /session/e87ee5c00bb1e8c61ee38b6c01d07093/screenshot - {}
]]></system-out>
    </testcase>
    <testcase classname="chrome.136_0_7103_93.windows.Create_Reverse_Billing_US127248" name="Should do a provide to site handover" time="61.029">
      <system-out><![CDATA[
COMMAND: POST /session/e87ee5c00bb1e8c61ee38b6c01d07093/element - {"using":"xpath","value":"//button[@data-kt=\"provideButton\"]"}
RESULT: {}
RESULT: {"using":"xpath","value":"//button[@data-kt=\"provideButton\"]"}
COMMAND: POST /session/e87ee5c00bb1e8c61ee38b6c01d07093/element/f.C39E6AC59F605FD7CA79606EE8A094DD.d.B5E1ACA0D64D21F863C2CEAD829471DB.e.21730/click - {}
RESULT: {}
COMMAND: GET /session/e87ee5c00bb1e8c61ee38b6c01d07093/screenshot - {}
RESULT: {}
RESULT: undefined
COMMAND: POST /session/e87ee5c00bb1e8c61ee38b6c01d07093/execute/async - {"script":"<script> [6424 bytes]","args":[{"element-6066-11e4-a52e-4f735466cecf":"f.C39E6AC59F605FD7CA79606EE8A094DD.d.B5E1ACA0D64D21F863C2CEAD829471DB.e.20765"},"setValue",["5/25/25"]]}
COMMAND: POST /session/e87ee5c00bb1e8c61ee38b6c01d07093/execute/async - {"script":"<script> [1562 bytes]","args":[{"selector":{"id":"application-managehandovers-display-component---AddNewHO--dueDate","interaction":{"idSuffix":"inner"}},"wdio_ui5_key":"applicationmanagehandovers-display-component---AddNewHO--dueDate"}]}
RESULT: {"script":"<script> [1562 bytes]","args":[{"selector":{"id":"application-managehandovers-display-component---AddNewHO--dueDate","interaction":{"idSuffix":"inner"}},"wdio_ui5_key":"applicationmanagehandovers-display-component---AddNewHO--dueDate"}]}
COMMAND: POST /session/e87ee5c00bb1e8c61ee38b6c01d07093/execute/async - {"script":"<script> [6424 bytes]","args":[{"element-6066-11e4-a52e-4f735466cecf":"f.C39E6AC59F605FD7CA79606EE8A094DD.d.B5E1ACA0D64D21F863C2CEAD829471DB.e.21787"},"setValue",["5/25/25"]]}
RESULT: {"script":"<script> [6424 bytes]","args":[{"element-6066-11e4-a52e-4f735466cecf":"f.C39E6AC59F605FD7CA79606EE8A094DD.d.B5E1ACA0D64D21F863C2CEAD829471DB.e.21787"},"setValue",["5/25/25"]]}
COMMAND: POST /session/e87ee5c00bb1e8c61ee38b6c01d07093/element - {"using":"xpath","value":"//bdi[contains(text(), \"Instructions\")]"}
RESULT: {"using":"xpath","value":"//bdi[contains(text(), \"Instructions\")]"}
COMMAND: POST /session/e87ee5c00bb1e8c61ee38b6c01d07093/element/f.C39E6AC59F605FD7CA79606EE8A094DD.d.B5E1ACA0D64D21F863C2CEAD829471DB.e.21900/click - {}
RESULT: {}
COMMAND: GET /session/e87ee5c00bb1e8c61ee38b6c01d07093/screenshot - {}
RESULT: {}
COMMAND: POST /session/e87ee5c00bb1e8c61ee38b6c01d07093/element - {"using":"xpath","value":"//button[@data-kt=\"AddNewHOProvideAddItemsButton\"]"}
RESULT: {"using":"xpath","value":"//button[@data-kt=\"AddNewHOProvideAddItemsButton\"]"}
COMMAND: POST /session/e87ee5c00bb1e8c61ee38b6c01d07093/element/f.C39E6AC59F605FD7CA79606EE8A094DD.d.B5E1ACA0D64D21F863C2CEAD829471DB.e.21904/click - {}
RESULT: {}
COMMAND: GET /session/e87ee5c00bb1e8c61ee38b6c01d07093/screenshot - {}
RESULT: {}
RESULT: undefined
COMMAND: POST /session/e87ee5c00bb1e8c61ee38b6c01d07093/element - {"using":"xpath","value":"//*[@id=\"application-managehandovers-display-component---AddNewHO--popup-sa\"]"}
RESULT: {"using":"xpath","value":"//*[@id=\"application-managehandovers-display-component---AddNewHO--popup-sa\"]"}
COMMAND: POST /session/e87ee5c00bb1e8c61ee38b6c01d07093/element/f.C39E6AC59F605FD7CA79606EE8A094DD.d.B5E1ACA0D64D21F863C2CEAD829471DB.e.21911/click - {}
RESULT: {}
COMMAND: GET /session/e87ee5c00bb1e8c61ee38b6c01d07093/screenshot - {}
RESULT: {}
COMMAND: POST /session/e87ee5c00bb1e8c61ee38b6c01d07093/element - {"using":"xpath","value":"//*[contains(@id ,\"BDI-content\")][contains(text(), \"Select\")]"}
RESULT: {"using":"xpath","value":"//*[contains(@id ,\"BDI-content\")][contains(text(), \"Select\")]"}
COMMAND: POST /session/e87ee5c00bb1e8c61ee38b6c01d07093/element/f.C39E6AC59F605FD7CA79606EE8A094DD.d.B5E1ACA0D64D21F863C2CEAD829471DB.e.21913/click - {}
RESULT: {}
COMMAND: GET /session/e87ee5c00bb1e8c61ee38b6c01d07093/screenshot - {}
RESULT: {}
COMMAND: POST /session/e87ee5c00bb1e8c61ee38b6c01d07093/execute/async - {"script":"<script> [1562 bytes]","args":[{"selector":{"id":"application-managehandovers-display-component---AddNewHO--confirmCreationButton","interaction":{"idSuffix":"BDI-content"}},"wdio_ui5_key":"applicationmanagehandovers-display-component---AddNewHO--confirmCreationButton"}]}
RESULT: {"script":"<script> [1562 bytes]","args":[{"selector":{"id":"application-managehandovers-display-component---AddNewHO--confirmCreationButton","interaction":{"idSuffix":"BDI-content"}},"wdio_ui5_key":"applicationmanagehandovers-display-component---AddNewHO--confirmCreationButton"}]}
RESULT: undefined
COMMAND: POST /session/e87ee5c00bb1e8c61ee38b6c01d07093/element - {"using":"xpath","value":"//*[@id=\"application-managehandovers-display-component---AddNewHO--confirmCreationButton\"]"}
RESULT: {"using":"xpath","value":"//*[@id=\"application-managehandovers-display-component---AddNewHO--confirmCreationButton\"]"}
COMMAND: POST /session/e87ee5c00bb1e8c61ee38b6c01d07093/element/f.C39E6AC59F605FD7CA79606EE8A094DD.d.B5E1ACA0D64D21F863C2CEAD829471DB.e.21859/click - {}
RESULT: {}
COMMAND: GET /session/e87ee5c00bb1e8c61ee38b6c01d07093/screenshot - {}
COMMAND: POST /session/e87ee5c00bb1e8c61ee38b6c01d07093/execute/async - {"script":"<script> [1562 bytes]","args":[{"selector":{"id":"issueDatePicker","viewName":"etm.portal.ui.managehandovers.view.DetailExecuteHO","interaction":{"idSuffix":"inner"}},"wdio_ui5_key":"issueDatePickeretmportal.ui.managehandovers.view.DetailExecuteHO"}]}
RESULT: {}
RESULT: {"script":"<script> [1562 bytes]","args":[{"selector":{"id":"issueDatePicker","viewName":"etm.portal.ui.managehandovers.view.DetailExecuteHO","interaction":{"idSuffix":"inner"}},"wdio_ui5_key":"issueDatePickeretmportal.ui.managehandovers.view.DetailExecuteHO"}]}
RESULT: undefined
COMMAND: POST /session/e87ee5c00bb1e8c61ee38b6c01d07093/execute/async - {"script":"<script> [776 bytes]","args":[{"enterText":"5/25/25","selector":{"id":"issueDatePicker","viewName":"etm.portal.ui.managehandovers.view.DetailExecuteHO","interaction":{"idSuffix":"inner"}},"clearTextFirst":true,"interactionType":"ENTER_TEXT"}]}
RESULT: {"script":"<script> [776 bytes]","args":[{"enterText":"5/25/25","selector":{"id":"issueDatePicker","viewName":"etm.portal.ui.managehandovers.view.DetailExecuteHO","interaction":{"idSuffix":"inner"}},"clearTextFirst":true,"interactionType":"ENTER_TEXT"}]}
COMMAND: POST /session/e87ee5c00bb1e8c61ee38b6c01d07093/element - {"using":"xpath","value":"//button[@data-kt=\"PickingTableConfirmAllButton\"]"}
RESULT: {"using":"xpath","value":"//button[@data-kt=\"PickingTableConfirmAllButton\"]"}
COMMAND: POST /session/e87ee5c00bb1e8c61ee38b6c01d07093/element/f.C39E6AC59F605FD7CA79606EE8A094DD.d.B5E1ACA0D64D21F863C2CEAD829471DB.e.21973/click - {}
RESULT: {}
COMMAND: GET /session/e87ee5c00bb1e8c61ee38b6c01d07093/screenshot - {}
RESULT: {}
COMMAND: POST /session/e87ee5c00bb1e8c61ee38b6c01d07093/element - {"using":"xpath","value":"//bdi[contains(text(), \"OK\")]"}
RESULT: {"using":"xpath","value":"//bdi[contains(text(), \"OK\")]"}
COMMAND: POST /session/e87ee5c00bb1e8c61ee38b6c01d07093/element/f.C39E6AC59F605FD7CA79606EE8A094DD.d.B5E1ACA0D64D21F863C2CEAD829471DB.e.21976/click - {}
RESULT: {}
COMMAND: GET /session/e87ee5c00bb1e8c61ee38b6c01d07093/screenshot - {}
RESULT: {}
COMMAND: POST /session/e87ee5c00bb1e8c61ee38b6c01d07093/element - {"using":"xpath","value":"//bdi[contains(text(), \"Issue\")]"}
RESULT: {"using":"xpath","value":"//bdi[contains(text(), \"Issue\")]"}
COMMAND: POST /session/e87ee5c00bb1e8c61ee38b6c01d07093/element/f.C39E6AC59F605FD7CA79606EE8A094DD.d.B5E1ACA0D64D21F863C2CEAD829471DB.e.21978/click - {}
RESULT: {}
COMMAND: GET /session/e87ee5c00bb1e8c61ee38b6c01d07093/screenshot - {}
RESULT: {}
COMMAND: POST /session/e87ee5c00bb1e8c61ee38b6c01d07093/element - {"using":"css selector","value":"#shell-header-logo"}
RESULT: {"using":"css selector","value":"#shell-header-logo"}
COMMAND: POST /session/e87ee5c00bb1e8c61ee38b6c01d07093/element/f.C39E6AC59F605FD7CA79606EE8A094DD.d.B5E1ACA0D64D21F863C2CEAD829471DB.e.21174/click - {}
RESULT: {}
COMMAND: GET /session/e87ee5c00bb1e8c61ee38b6c01d07093/screenshot - {}
RESULT: {}
]]></system-out>
    </testcase>
    <testcase classname="chrome.136_0_7103_93.windows.Create_Reverse_Billing_US127248" name="Should go navigate to Manage Billings and trigger contract calculation check result" time="73.648">
      <system-out><![CDATA[
COMMAND: POST /session/e87ee5c00bb1e8c61ee38b6c01d07093/execute/async - {"script":"<script> [1562 bytes]","args":[{"selector":{"controlType":"sap.m.GenericTile","properties":{"header":"Manage Billings"}},"wdio_ui5_key":"sapm.GenericTile{\"header\":\"Manage Billings\"}"}]}
RESULT: {"script":"<script> [1562 bytes]","args":[{"selector":{"controlType":"sap.m.GenericTile","properties":{"header":"Manage Billings"}},"wdio_ui5_key":"sapm.GenericTile{\"header\":\"Manage Billings\"}"}]}
RESULT: undefined
COMMAND: POST /session/e87ee5c00bb1e8c61ee38b6c01d07093/element - {"using":"xpath","value":"//*[@id=\"__tile51\"]"}
RESULT: {"using":"xpath","value":"//*[@id=\"__tile51\"]"}
COMMAND: POST /session/e87ee5c00bb1e8c61ee38b6c01d07093/element/f.C39E6AC59F605FD7CA79606EE8A094DD.d.B5E1ACA0D64D21F863C2CEAD829471DB.e.19124/click - {}
RESULT: {}
COMMAND: GET /session/e87ee5c00bb1e8c61ee38b6c01d07093/screenshot - {}
RESULT: {}
COMMAND: POST /session/e87ee5c00bb1e8c61ee38b6c01d07093/elements - {"using":"xpath","value":"//span[text()='Error']"}
RESULT: {"using":"xpath","value":"//span[text()='Error']"}
COMMAND: POST /session/e87ee5c00bb1e8c61ee38b6c01d07093/execute/async - {"script":"<script> [1562 bytes]","args":[{"selector":{"id":"application-managebillings-display-component---billRunCalcResult--smartFilterBar-btnBasicSearch","interaction":{"idSuffix":"I"}},"wdio_ui5_key":"applicationmanagebillings-display-component---billRunCalcResult--smartFilterBar-btnBasicSearch"}]}
RESULT: {"script":"<script> [1562 bytes]","args":[{"selector":{"id":"application-managebillings-display-component---billRunCalcResult--smartFilterBar-btnBasicSearch","interaction":{"idSuffix":"I"}},"wdio_ui5_key":"applicationmanagebillings-display-component---billRunCalcResult--smartFilterBar-btnBasicSearch"}]}
RESULT: undefined
COMMAND: POST /session/e87ee5c00bb1e8c61ee38b6c01d07093/execute/async - {"script":"<script> [776 bytes]","args":[{"enterText":"10225","selector":{"id":"application-managebillings-display-component---billRunCalcResult--smartFilterBar-btnBasicSearch","interaction":{"idSuffix":"I"}},"clearTextFirst":true,"interactionType":"ENTER_TEXT"}]}
RESULT: {"script":"<script> [776 bytes]","args":[{"enterText":"10225","selector":{"id":"application-managebillings-display-component---billRunCalcResult--smartFilterBar-btnBasicSearch","interaction":{"idSuffix":"I"}},"clearTextFirst":true,"interactionType":"ENTER_TEXT"}]}
COMMAND: POST /session/e87ee5c00bb1e8c61ee38b6c01d07093/actions - {"actions":[{"id":"action73","type":"key","parameters":{},"actions":[{"type":"keyDown","value":""},{"type":"pause","duration":10},{"type":"keyUp","value":""}]}]}
RESULT: {"actions":[{"id":"action73","type":"key","parameters":{},"actions":[{"type":"keyDown","value":""},{"type":"pause","duration":10},{"type":"keyUp","value":""}]}]}
COMMAND: GET /session/e87ee5c00bb1e8c61ee38b6c01d07093/screenshot - {}
RESULT: {}
COMMAND: POST /session/e87ee5c00bb1e8c61ee38b6c01d07093/element - {"using":"xpath","value":"//td[@aria-colindex=\"1\"]/div/div[contains(@class, \"sapMCbBg\")]"}
RESULT: {"using":"xpath","value":"//td[@aria-colindex=\"1\"]/div/div[contains(@class, \"sapMCbBg\")]"}
COMMAND: POST /session/e87ee5c00bb1e8c61ee38b6c01d07093/element/f.C39E6AC59F605FD7CA79606EE8A094DD.d.B5E1ACA0D64D21F863C2CEAD829471DB.e.22522/click - {}
RESULT: {}
COMMAND: GET /session/e87ee5c00bb1e8c61ee38b6c01d07093/screenshot - {}
RESULT: {}
COMMAND: POST /session/e87ee5c00bb1e8c61ee38b6c01d07093/execute/async - {"script":"<script> [1562 bytes]","args":[{"selector":{"id":"application-managebillings-display-component---billRunCalcResult--contractBillRunDate","interaction":{"idSuffix":"inner"}},"wdio_ui5_key":"applicationmanagebillings-display-component---billRunCalcResult--contractBillRunDate"}]}
RESULT: {"script":"<script> [1562 bytes]","args":[{"selector":{"id":"application-managebillings-display-component---billRunCalcResult--contractBillRunDate","interaction":{"idSuffix":"inner"}},"wdio_ui5_key":"applicationmanagebillings-display-component---billRunCalcResult--contractBillRunDate"}]}
RESULT: undefined
COMMAND: POST /session/e87ee5c00bb1e8c61ee38b6c01d07093/execute/async - {"script":"<script> [776 bytes]","args":[{"enterText":"6/25/25","selector":{"id":"application-managebillings-display-component---billRunCalcResult--contractBillRunDate","interaction":{"idSuffix":"inner"}},"clearTextFirst":true,"interactionType":"ENTER_TEXT"}]}
RESULT: {"script":"<script> [776 bytes]","args":[{"enterText":"6/25/25","selector":{"id":"application-managebillings-display-component---billRunCalcResult--contractBillRunDate","interaction":{"idSuffix":"inner"}},"clearTextFirst":true,"interactionType":"ENTER_TEXT"}]}
COMMAND: POST /session/e87ee5c00bb1e8c61ee38b6c01d07093/element - {"using":"xpath","value":"//bdi[contains(text(), \"Trigger Calculation\")]"}
RESULT: {"using":"xpath","value":"//bdi[contains(text(), \"Trigger Calculation\")]"}
COMMAND: POST /session/e87ee5c00bb1e8c61ee38b6c01d07093/element/f.C39E6AC59F605FD7CA79606EE8A094DD.d.B5E1ACA0D64D21F863C2CEAD829471DB.e.22543/click - {}
RESULT: {}
COMMAND: GET /session/e87ee5c00bb1e8c61ee38b6c01d07093/screenshot - {}
RESULT: {}
COMMAND: POST /session/e87ee5c00bb1e8c61ee38b6c01d07093/element - {"using":"xpath","value":"(//span[contains(@id, \"imgNav\")])[1]"}
RESULT: {"using":"xpath","value":"(//span[contains(@id, \"imgNav\")])[1]"}
COMMAND: POST /session/e87ee5c00bb1e8c61ee38b6c01d07093/element/f.C39E6AC59F605FD7CA79606EE8A094DD.d.B5E1ACA0D64D21F863C2CEAD829471DB.e.22536/click - {}
RESULT: {}
COMMAND: GET /session/e87ee5c00bb1e8c61ee38b6c01d07093/screenshot - {}
RESULT: {}
COMMAND: POST /session/e87ee5c00bb1e8c61ee38b6c01d07093/element - {"using":"xpath","value":"//tr/td[6]/div[1]/span[1]/span[1]"}
RESULT: {"using":"xpath","value":"//tr/td[6]/div[1]/span[1]/span[1]"}
COMMAND: GET /session/e87ee5c00bb1e8c61ee38b6c01d07093/element/f.C39E6AC59F605FD7CA79606EE8A094DD.d.B5E1ACA0D64D21F863C2CEAD829471DB.e.22548/text - {}
RESULT: {}
COMMAND: POST /session/e87ee5c00bb1e8c61ee38b6c01d07093/element - {"using":"xpath","value":"(//span[contains(@id, \"imgNav\")])[2]"}
RESULT: {"using":"xpath","value":"(//span[contains(@id, \"imgNav\")])[2]"}
COMMAND: POST /session/e87ee5c00bb1e8c61ee38b6c01d07093/element/f.C39E6AC59F605FD7CA79606EE8A094DD.d.B5E1ACA0D64D21F863C2CEAD829471DB.e.22549/click - {}
RESULT: {}
COMMAND: POST /session/e87ee5c00bb1e8c61ee38b6c01d07093/element - {"using":"xpath","value":"//bdi[contains(text(), \"Business Confirm\")]"}
COMMAND: GET /session/e87ee5c00bb1e8c61ee38b6c01d07093/screenshot - {}
RESULT: {"using":"xpath","value":"//bdi[contains(text(), \"Business Confirm\")]"}
COMMAND: POST /session/e87ee5c00bb1e8c61ee38b6c01d07093/elements - {"using":"xpath","value":"//bdi[contains(text(), \"Business Confirm\")]"}
RESULT: {}
RESULT: {"using":"xpath","value":"//bdi[contains(text(), \"Business Confirm\")]"}
COMMAND: POST /session/e87ee5c00bb1e8c61ee38b6c01d07093/element - {"using":"xpath","value":"//bdi[contains(text(), \"Business Confirm\")]"}
RESULT: {"using":"xpath","value":"//bdi[contains(text(), \"Business Confirm\")]"}
COMMAND: POST /session/e87ee5c00bb1e8c61ee38b6c01d07093/element/f.C39E6AC59F605FD7CA79606EE8A094DD.d.B5E1ACA0D64D21F863C2CEAD829471DB.e.22617/click - {}
RESULT: {}
COMMAND: POST /session/e87ee5c00bb1e8c61ee38b6c01d07093/element - {"using":"css selector","value":"#shell-header-logo"}
COMMAND: GET /session/e87ee5c00bb1e8c61ee38b6c01d07093/screenshot - {}
RESULT: {"using":"css selector","value":"#shell-header-logo"}
COMMAND: POST /session/e87ee5c00bb1e8c61ee38b6c01d07093/element/f.C39E6AC59F605FD7CA79606EE8A094DD.d.B5E1ACA0D64D21F863C2CEAD829471DB.e.22285/click - {}
RESULT: {}
RESULT: {}
COMMAND: GET /session/e87ee5c00bb1e8c61ee38b6c01d07093/screenshot - {}
RESULT: {}
]]></system-out>
    </testcase>
    <testcase classname="chrome.136_0_7103_93.windows.Create_Reverse_Billing_US127248" name="Should go into Billing Transfer and reverse the billing" time="39.491">
      <system-out><![CDATA[
COMMAND: POST /session/e87ee5c00bb1e8c61ee38b6c01d07093/execute/async - {"script":"<script> [1562 bytes]","args":[{"selector":{"controlType":"sap.m.GenericTile","properties":{"header":"Billing Transfer"}},"wdio_ui5_key":"sapm.GenericTile{\"header\":\"Billing Transfer\"}"}]}
RESULT: {"script":"<script> [1562 bytes]","args":[{"selector":{"controlType":"sap.m.GenericTile","properties":{"header":"Billing Transfer"}},"wdio_ui5_key":"sapm.GenericTile{\"header\":\"Billing Transfer\"}"}]}
RESULT: undefined
COMMAND: POST /session/e87ee5c00bb1e8c61ee38b6c01d07093/element - {"using":"xpath","value":"//*[@id=\"__tile50\"]"}
RESULT: {"using":"xpath","value":"//*[@id=\"__tile50\"]"}
COMMAND: POST /session/e87ee5c00bb1e8c61ee38b6c01d07093/element/f.C39E6AC59F605FD7CA79606EE8A094DD.d.B5E1ACA0D64D21F863C2CEAD829471DB.e.19122/click - {}
RESULT: {}
COMMAND: GET /session/e87ee5c00bb1e8c61ee38b6c01d07093/screenshot - {}
RESULT: {}
COMMAND: POST /session/e87ee5c00bb1e8c61ee38b6c01d07093/elements - {"using":"xpath","value":"//span[text()='Error']"}
RESULT: {"using":"xpath","value":"//span[text()='Error']"}
COMMAND: POST /session/e87ee5c00bb1e8c61ee38b6c01d07093/element - {"using":"xpath","value":"//input[contains(@id ,\"application-billingtransfer-display-component---billingWorkbench--smartFilterBar-btnBasicSearch\")]"}
RESULT: {"using":"xpath","value":"//input[contains(@id ,\"application-billingtransfer-display-component---billingWorkbench--smartFilterBar-btnBasicSearch\")]"}
COMMAND: POST /session/e87ee5c00bb1e8c61ee38b6c01d07093/elements - {"using":"xpath","value":"//input[contains(@id ,\"application-billingtransfer-display-component---billingWorkbench--smartFilterBar-btnBasicSearch\")]"}
RESULT: {"using":"xpath","value":"//input[contains(@id ,\"application-billingtransfer-display-component---billingWorkbench--smartFilterBar-btnBasicSearch\")]"}
COMMAND: POST /session/e87ee5c00bb1e8c61ee38b6c01d07093/execute/sync - {"script":"<script> [8489 bytes]","args":[{"element-6066-11e4-a52e-4f735466cecf":"f.C39E6AC59F605FD7CA79606EE8A094DD.d.B5E1ACA0D64D21F863C2CEAD829471DB.e.22627","ELEMENT":"f.C39E6AC59F605FD7CA79606EE8A094DD.d.B5E1ACA0D64D21F863C2CEAD829471DB.e.22627"}]}
RESULT: {"script":"<script> [8489 bytes]","args":[{"element-6066-11e4-a52e-4f735466cecf":"f.C39E6AC59F605FD7CA79606EE8A094DD.d.B5E1ACA0D64D21F863C2CEAD829471DB.e.22627","ELEMENT":"f.C39E6AC59F605FD7CA79606EE8A094DD.d.B5E1ACA0D64D21F863C2CEAD829471DB.e.22627"}]}
COMMAND: GET /session/e87ee5c00bb1e8c61ee38b6c01d07093/element/f.C39E6AC59F605FD7CA79606EE8A094DD.d.B5E1ACA0D64D21F863C2CEAD829471DB.e.22627/enabled - {}
COMMAND: GET /session/e87ee5c00bb1e8c61ee38b6c01d07093/screenshot - {}
RESULT: {}
COMMAND: POST /session/e87ee5c00bb1e8c61ee38b6c01d07093/element/f.C39E6AC59F605FD7CA79606EE8A094DD.d.B5E1ACA0D64D21F863C2CEAD829471DB.e.22627/click - {}
COMMAND: GET /session/e87ee5c00bb1e8c61ee38b6c01d07093/screenshot - {}
RESULT: {}
RESULT: {}
COMMAND: GET /session/e87ee5c00bb1e8c61ee38b6c01d07093/screenshot - {}
RESULT: {}
RESULT: {}
COMMAND: POST /session/e87ee5c00bb1e8c61ee38b6c01d07093/element/f.C39E6AC59F605FD7CA79606EE8A094DD.d.B5E1ACA0D64D21F863C2CEAD829471DB.e.22627/clear - {}
RESULT: {}
COMMAND: POST /session/e87ee5c00bb1e8c61ee38b6c01d07093/element/f.C39E6AC59F605FD7CA79606EE8A094DD.d.B5E1ACA0D64D21F863C2CEAD829471DB.e.22627/value - {"text":"10225"}
COMMAND: GET /session/e87ee5c00bb1e8c61ee38b6c01d07093/screenshot - {}
RESULT: {"text":"10225"}
COMMAND: POST /session/e87ee5c00bb1e8c61ee38b6c01d07093/actions - {"actions":[{"id":"action74","type":"key","parameters":{},"actions":[{"type":"keyDown","value":""},{"type":"pause","duration":10},{"type":"keyUp","value":""}]}]}
COMMAND: GET /session/e87ee5c00bb1e8c61ee38b6c01d07093/screenshot - {}
RESULT: {}
RESULT: {"actions":[{"id":"action74","type":"key","parameters":{},"actions":[{"type":"keyDown","value":""},{"type":"pause","duration":10},{"type":"keyUp","value":""}]}]}
COMMAND: GET /session/e87ee5c00bb1e8c61ee38b6c01d07093/screenshot - {}
RESULT: {}
RESULT: {}
COMMAND: POST /session/e87ee5c00bb1e8c61ee38b6c01d07093/element - {"using":"xpath","value":"//span[contains(@id ,\"application-billingtransfer-display-component---billingWorkbench--smartTableBillingRuns-header-inner\")]"}
RESULT: {"using":"xpath","value":"//span[contains(@id ,\"application-billingtransfer-display-component---billingWorkbench--smartTableBillingRuns-header-inner\")]"}
COMMAND: POST /session/e87ee5c00bb1e8c61ee38b6c01d07093/elements - {"using":"xpath","value":"//span[contains(@id ,\"application-billingtransfer-display-component---billingWorkbench--smartTableBillingRuns-header-inner\")]"}
RESULT: {"using":"xpath","value":"//span[contains(@id ,\"application-billingtransfer-display-component---billingWorkbench--smartTableBillingRuns-header-inner\")]"}
COMMAND: POST /session/e87ee5c00bb1e8c61ee38b6c01d07093/execute/sync - {"script":"<script> [56 bytes]","args":[{"element-6066-11e4-a52e-4f735466cecf":"f.C39E6AC59F605FD7CA79606EE8A094DD.d.B5E1ACA0D64D21F863C2CEAD829471DB.e.22736","ELEMENT":"f.C39E6AC59F605FD7CA79606EE8A094DD.d.B5E1ACA0D64D21F863C2CEAD829471DB.e.22736"}]}
RESULT: {"script":"<script> [56 bytes]","args":[{"element-6066-11e4-a52e-4f735466cecf":"f.C39E6AC59F605FD7CA79606EE8A094DD.d.B5E1ACA0D64D21F863C2CEAD829471DB.e.22736","ELEMENT":"f.C39E6AC59F605FD7CA79606EE8A094DD.d.B5E1ACA0D64D21F863C2CEAD829471DB.e.22736"}]}
COMMAND: POST /session/e87ee5c00bb1e8c61ee38b6c01d07093/element - {"using":"xpath","value":"//td[@aria-colindex=\"1\"]/div/div[contains(@class, \"sapMCbBg\")]"}
COMMAND: GET /session/e87ee5c00bb1e8c61ee38b6c01d07093/screenshot - {}
RESULT: {"using":"xpath","value":"//td[@aria-colindex=\"1\"]/div/div[contains(@class, \"sapMCbBg\")]"}
COMMAND: POST /session/e87ee5c00bb1e8c61ee38b6c01d07093/element/f.C39E6AC59F605FD7CA79606EE8A094DD.d.B5E1ACA0D64D21F863C2CEAD829471DB.e.22724/click - {}
RESULT: {}
RESULT: {}
COMMAND: GET /session/e87ee5c00bb1e8c61ee38b6c01d07093/screenshot - {}
RESULT: {}
COMMAND: POST /session/e87ee5c00bb1e8c61ee38b6c01d07093/element - {"using":"xpath","value":"//bdi[contains(text(), \"Reverse\")]"}
RESULT: {"using":"xpath","value":"//bdi[contains(text(), \"Reverse\")]"}
COMMAND: POST /session/e87ee5c00bb1e8c61ee38b6c01d07093/element/f.C39E6AC59F605FD7CA79606EE8A094DD.d.B5E1ACA0D64D21F863C2CEAD829471DB.e.22737/click - {}
RESULT: {}
COMMAND: GET /session/e87ee5c00bb1e8c61ee38b6c01d07093/screenshot - {}
RESULT: {}
COMMAND: POST /session/e87ee5c00bb1e8c61ee38b6c01d07093/element - {"using":"xpath","value":"//input[contains(@id ,\"application-billingtransfer-display-component---billingWorkbench--smartFilterBar-btnBasicSearch\")]"}
RESULT: {"using":"xpath","value":"//input[contains(@id ,\"application-billingtransfer-display-component---billingWorkbench--smartFilterBar-btnBasicSearch\")]"}
COMMAND: POST /session/e87ee5c00bb1e8c61ee38b6c01d07093/elements - {"using":"xpath","value":"//input[contains(@id ,\"application-billingtransfer-display-component---billingWorkbench--smartFilterBar-btnBasicSearch\")]"}
RESULT: {"using":"xpath","value":"//input[contains(@id ,\"application-billingtransfer-display-component---billingWorkbench--smartFilterBar-btnBasicSearch\")]"}
COMMAND: POST /session/e87ee5c00bb1e8c61ee38b6c01d07093/execute/sync - {"script":"<script> [8489 bytes]","args":[{"element-6066-11e4-a52e-4f735466cecf":"f.C39E6AC59F605FD7CA79606EE8A094DD.d.B5E1ACA0D64D21F863C2CEAD829471DB.e.22627","ELEMENT":"f.C39E6AC59F605FD7CA79606EE8A094DD.d.B5E1ACA0D64D21F863C2CEAD829471DB.e.22627"}]}
RESULT: {"script":"<script> [8489 bytes]","args":[{"element-6066-11e4-a52e-4f735466cecf":"f.C39E6AC59F605FD7CA79606EE8A094DD.d.B5E1ACA0D64D21F863C2CEAD829471DB.e.22627","ELEMENT":"f.C39E6AC59F605FD7CA79606EE8A094DD.d.B5E1ACA0D64D21F863C2CEAD829471DB.e.22627"}]}
COMMAND: GET /session/e87ee5c00bb1e8c61ee38b6c01d07093/element/f.C39E6AC59F605FD7CA79606EE8A094DD.d.B5E1ACA0D64D21F863C2CEAD829471DB.e.22627/enabled - {}
COMMAND: GET /session/e87ee5c00bb1e8c61ee38b6c01d07093/screenshot - {}
RESULT: {}
COMMAND: POST /session/e87ee5c00bb1e8c61ee38b6c01d07093/element/f.C39E6AC59F605FD7CA79606EE8A094DD.d.B5E1ACA0D64D21F863C2CEAD829471DB.e.22627/click - {}
COMMAND: GET /session/e87ee5c00bb1e8c61ee38b6c01d07093/screenshot - {}
RESULT: {}
RESULT: {}
COMMAND: GET /session/e87ee5c00bb1e8c61ee38b6c01d07093/screenshot - {}
RESULT: {}
RESULT: {}
COMMAND: POST /session/e87ee5c00bb1e8c61ee38b6c01d07093/element/f.C39E6AC59F605FD7CA79606EE8A094DD.d.B5E1ACA0D64D21F863C2CEAD829471DB.e.22627/clear - {}
RESULT: {}
COMMAND: POST /session/e87ee5c00bb1e8c61ee38b6c01d07093/element/f.C39E6AC59F605FD7CA79606EE8A094DD.d.B5E1ACA0D64D21F863C2CEAD829471DB.e.22627/value - {"text":"10225"}
COMMAND: GET /session/e87ee5c00bb1e8c61ee38b6c01d07093/screenshot - {}
RESULT: {"text":"10225"}
COMMAND: POST /session/e87ee5c00bb1e8c61ee38b6c01d07093/actions - {"actions":[{"id":"action75","type":"key","parameters":{},"actions":[{"type":"keyDown","value":""},{"type":"pause","duration":10},{"type":"keyUp","value":""}]}]}
COMMAND: GET /session/e87ee5c00bb1e8c61ee38b6c01d07093/screenshot - {}
RESULT: {}
RESULT: {"actions":[{"id":"action75","type":"key","parameters":{},"actions":[{"type":"keyDown","value":""},{"type":"pause","duration":10},{"type":"keyUp","value":""}]}]}
COMMAND: GET /session/e87ee5c00bb1e8c61ee38b6c01d07093/screenshot - {}
RESULT: {}
RESULT: {}
COMMAND: POST /session/e87ee5c00bb1e8c61ee38b6c01d07093/element - {"using":"xpath","value":"//span[contains(@id ,\"application-billingtransfer-display-component---billingWorkbench--smartTableBillingRuns-header-inner\")]"}
RESULT: {"using":"xpath","value":"//span[contains(@id ,\"application-billingtransfer-display-component---billingWorkbench--smartTableBillingRuns-header-inner\")]"}
COMMAND: POST /session/e87ee5c00bb1e8c61ee38b6c01d07093/elements - {"using":"xpath","value":"//span[contains(@id ,\"application-billingtransfer-display-component---billingWorkbench--smartTableBillingRuns-header-inner\")]"}
RESULT: {"using":"xpath","value":"//span[contains(@id ,\"application-billingtransfer-display-component---billingWorkbench--smartTableBillingRuns-header-inner\")]"}
COMMAND: POST /session/e87ee5c00bb1e8c61ee38b6c01d07093/execute/sync - {"script":"<script> [56 bytes]","args":[{"element-6066-11e4-a52e-4f735466cecf":"f.C39E6AC59F605FD7CA79606EE8A094DD.d.B5E1ACA0D64D21F863C2CEAD829471DB.e.22736","ELEMENT":"f.C39E6AC59F605FD7CA79606EE8A094DD.d.B5E1ACA0D64D21F863C2CEAD829471DB.e.22736"}]}
RESULT: {"script":"<script> [56 bytes]","args":[{"element-6066-11e4-a52e-4f735466cecf":"f.C39E6AC59F605FD7CA79606EE8A094DD.d.B5E1ACA0D64D21F863C2CEAD829471DB.e.22736","ELEMENT":"f.C39E6AC59F605FD7CA79606EE8A094DD.d.B5E1ACA0D64D21F863C2CEAD829471DB.e.22736"}]}
COMMAND: POST /session/e87ee5c00bb1e8c61ee38b6c01d07093/element - {"using":"css selector","value":"#shell-header-logo"}
COMMAND: GET /session/e87ee5c00bb1e8c61ee38b6c01d07093/screenshot - {}
RESULT: {"using":"css selector","value":"#shell-header-logo"}
COMMAND: POST /session/e87ee5c00bb1e8c61ee38b6c01d07093/element/f.C39E6AC59F605FD7CA79606EE8A094DD.d.B5E1ACA0D64D21F863C2CEAD829471DB.e.22625/click - {}
RESULT: {}
RESULT: {}
COMMAND: GET /session/e87ee5c00bb1e8c61ee38b6c01d07093/screenshot - {}
RESULT: {}
COMMAND: DELETE /session/e87ee5c00bb1e8c61ee38b6c01d07093 - {}
RESULT: {}
]]></system-out>
    </testcase>
  </testsuite>
</testsuites>