<?xml version="1.0" encoding="UTF-8"?>
<testsuites tests="17" failures="3" errors="3" skipped="0">
  <testsuite timestamp="2025-05-31T17:26:15" time="1532.795" tests="13" failures="1" errors="1" skipped="0">
    <properties>
      <property name="specId" value="0"/>
      <property name="suiteName" value="Partner specific tests US150819 US151080 US151654 US151176 US103444 US151078 US151079 US151109 US151174 US151175 US151189"/>
      <property name="capabilities" value="chrome.136_0_7103_93.windows"/>
      <property name="file" value="file:///D:/a/1/s/test/specs/BTS/manage-partners.spec.js"/>
    </properties>
    <testcase classname="chrome.136_0_7103_93.windows.Partner_specific_tests_US150819_US151080_US151654_US151176_US103444_US151078_US151079_US151109_US151174_US151175_US151189" name="Should create a new yard prerequisite" time="135.264">
      <system-out><![CDATA[
COMMAND: POST /session/d1da2243ed5db842980eb3a0b04f68c1/window/fullscreen - {}
RESULT: {}
COMMAND: POST /session/d1da2243ed5db842980eb3a0b04f68c1/element - {"using":"xpath","value":"//li[.//span[text()=\"Manage Partners\"]]"}
RESULT: {"using":"xpath","value":"//li[.//span[text()=\"Manage Partners\"]]"}
COMMAND: POST /session/d1da2243ed5db842980eb3a0b04f68c1/element - {"using":"xpath","value":"//li[.//span[text()=\"Manage Partners\"]]"}
RESULT: {"using":"xpath","value":"//li[.//span[text()=\"Manage Partners\"]]"}
COMMAND: POST /session/d1da2243ed5db842980eb3a0b04f68c1/element - {"using":"css selector","value":"#shell-header-logo"}
RESULT: {"using":"css selector","value":"#shell-header-logo"}
COMMAND: POST /session/d1da2243ed5db842980eb3a0b04f68c1/element/f.88445BC73AA68FCADA91DF858886134B.d.E3E7370276DBA18B354CC835DCC1D22E.e.251/click - {}
COMMAND: POST /session/d1da2243ed5db842980eb3a0b04f68c1/execute/sync - {"script":"<script> [8489 bytes]","args":[{"element-6066-11e4-a52e-4f735466cecf":"f.88445BC73AA68FCADA91DF858886134B.d.E3E7370276DBA18B354CC835DCC1D22E.e.251","ELEMENT":"f.88445BC73AA68FCADA91DF858886134B.d.E3E7370276DBA18B354CC835DCC1D22E.e.251"}]}
RESULT: {}
COMMAND: GET /session/d1da2243ed5db842980eb3a0b04f68c1/screenshot - {}
RESULT: {"script":"<script> [8489 bytes]","args":[{"element-6066-11e4-a52e-4f735466cecf":"f.88445BC73AA68FCADA91DF858886134B.d.E3E7370276DBA18B354CC835DCC1D22E.e.251","ELEMENT":"f.88445BC73AA68FCADA91DF858886134B.d.E3E7370276DBA18B354CC835DCC1D22E.e.251"}]}
COMMAND: POST /session/d1da2243ed5db842980eb3a0b04f68c1/execute/sync - {"script":"<script> [5351 bytes]","args":[{"element-6066-11e4-a52e-4f735466cecf":"f.88445BC73AA68FCADA91DF858886134B.d.E3E7370276DBA18B354CC835DCC1D22E.e.251","ELEMENT":"f.88445BC73AA68FCADA91DF858886134B.d.E3E7370276DBA18B354CC835DCC1D22E.e.251"}]}
COMMAND: GET /session/d1da2243ed5db842980eb3a0b04f68c1/screenshot - {}
RESULT: {}
RESULT: {"script":"<script> [5351 bytes]","args":[{"element-6066-11e4-a52e-4f735466cecf":"f.88445BC73AA68FCADA91DF858886134B.d.E3E7370276DBA18B354CC835DCC1D22E.e.251","ELEMENT":"f.88445BC73AA68FCADA91DF858886134B.d.E3E7370276DBA18B354CC835DCC1D22E.e.251"}]}
COMMAND: GET /session/d1da2243ed5db842980eb3a0b04f68c1/screenshot - {}
RESULT: {}
RESULT: {}
COMMAND: POST /session/d1da2243ed5db842980eb3a0b04f68c1/execute/async - {"script":"<script> [1562 bytes]","args":[{"selector":{"controlType":"sap.m.GenericTile","properties":{"header":"Manage Yards"}},"wdio_ui5_key":"sapm.GenericTile{\"header\":\"Manage Yards\"}"}]}
RESULT: {"script":"<script> [1562 bytes]","args":[{"selector":{"controlType":"sap.m.GenericTile","properties":{"header":"Manage Yards"}},"wdio_ui5_key":"sapm.GenericTile{\"header\":\"Manage Yards\"}"}]}
RESULT: undefined
COMMAND: POST /session/d1da2243ed5db842980eb3a0b04f68c1/element - {"using":"xpath","value":"//*[@id=\"__tile41\"]"}
RESULT: {"using":"xpath","value":"//*[@id=\"__tile41\"]"}
COMMAND: POST /session/d1da2243ed5db842980eb3a0b04f68c1/element/f.88445BC73AA68FCADA91DF858886134B.d.E3E7370276DBA18B354CC835DCC1D22E.e.155/click - {}
RESULT: {}
COMMAND: GET /session/d1da2243ed5db842980eb3a0b04f68c1/screenshot - {}
RESULT: {}
COMMAND: POST /session/d1da2243ed5db842980eb3a0b04f68c1/elements - {"using":"xpath","value":"//span[text()='Error']"}
RESULT: {"using":"xpath","value":"//span[text()='Error']"}
COMMAND: POST /session/d1da2243ed5db842980eb3a0b04f68c1/element - {"using":"xpath","value":"//button[@data-kt=\"addNewYardOverflowToolbarButton\"]"}
RESULT: {"using":"xpath","value":"//button[@data-kt=\"addNewYardOverflowToolbarButton\"]"}
COMMAND: POST /session/d1da2243ed5db842980eb3a0b04f68c1/elements - {"using":"xpath","value":"//button[@data-kt=\"addNewYardOverflowToolbarButton\"]"}
RESULT: {"using":"xpath","value":"//button[@data-kt=\"addNewYardOverflowToolbarButton\"]"}
COMMAND: POST /session/d1da2243ed5db842980eb3a0b04f68c1/execute/sync - {"script":"<script> [8489 bytes]","args":[{"element-6066-11e4-a52e-4f735466cecf":"f.88445BC73AA68FCADA91DF858886134B.d.E3E7370276DBA18B354CC835DCC1D22E.e.284","ELEMENT":"f.88445BC73AA68FCADA91DF858886134B.d.E3E7370276DBA18B354CC835DCC1D22E.e.284"}]}
RESULT: {"script":"<script> [8489 bytes]","args":[{"element-6066-11e4-a52e-4f735466cecf":"f.88445BC73AA68FCADA91DF858886134B.d.E3E7370276DBA18B354CC835DCC1D22E.e.284","ELEMENT":"f.88445BC73AA68FCADA91DF858886134B.d.E3E7370276DBA18B354CC835DCC1D22E.e.284"}]}
COMMAND: GET /session/d1da2243ed5db842980eb3a0b04f68c1/element/f.88445BC73AA68FCADA91DF858886134B.d.E3E7370276DBA18B354CC835DCC1D22E.e.284/enabled - {}
COMMAND: GET /session/d1da2243ed5db842980eb3a0b04f68c1/screenshot - {}
RESULT: {}
COMMAND: POST /session/d1da2243ed5db842980eb3a0b04f68c1/execute/sync - {"script":"<script> [8489 bytes]","args":[{"element-6066-11e4-a52e-4f735466cecf":"f.88445BC73AA68FCADA91DF858886134B.d.E3E7370276DBA18B354CC835DCC1D22E.e.284","ELEMENT":"f.88445BC73AA68FCADA91DF858886134B.d.E3E7370276DBA18B354CC835DCC1D22E.e.284"}]}
COMMAND: GET /session/d1da2243ed5db842980eb3a0b04f68c1/screenshot - {}
RESULT: {}
RESULT: {"script":"<script> [8489 bytes]","args":[{"element-6066-11e4-a52e-4f735466cecf":"f.88445BC73AA68FCADA91DF858886134B.d.E3E7370276DBA18B354CC835DCC1D22E.e.284","ELEMENT":"f.88445BC73AA68FCADA91DF858886134B.d.E3E7370276DBA18B354CC835DCC1D22E.e.284"}]}
COMMAND: POST /session/d1da2243ed5db842980eb3a0b04f68c1/execute/sync - {"script":"<script> [5351 bytes]","args":[{"element-6066-11e4-a52e-4f735466cecf":"f.88445BC73AA68FCADA91DF858886134B.d.E3E7370276DBA18B354CC835DCC1D22E.e.284","ELEMENT":"f.88445BC73AA68FCADA91DF858886134B.d.E3E7370276DBA18B354CC835DCC1D22E.e.284"}]}
COMMAND: GET /session/d1da2243ed5db842980eb3a0b04f68c1/screenshot - {}
RESULT: {}
RESULT: {"script":"<script> [5351 bytes]","args":[{"element-6066-11e4-a52e-4f735466cecf":"f.88445BC73AA68FCADA91DF858886134B.d.E3E7370276DBA18B354CC835DCC1D22E.e.284","ELEMENT":"f.88445BC73AA68FCADA91DF858886134B.d.E3E7370276DBA18B354CC835DCC1D22E.e.284"}]}
COMMAND: POST /session/d1da2243ed5db842980eb3a0b04f68c1/element/f.88445BC73AA68FCADA91DF858886134B.d.E3E7370276DBA18B354CC835DCC1D22E.e.284/click - {}
COMMAND: GET /session/d1da2243ed5db842980eb3a0b04f68c1/screenshot - {}
RESULT: {}
RESULT: {}
COMMAND: GET /session/d1da2243ed5db842980eb3a0b04f68c1/screenshot - {}
RESULT: {}
RESULT: {}
COMMAND: POST /session/d1da2243ed5db842980eb3a0b04f68c1/element - {"using":"xpath","value":"//input[@id=\"application-manageyards-display-component---NewYard--yardId-inner\"]"}
RESULT: {"using":"xpath","value":"//input[@id=\"application-manageyards-display-component---NewYard--yardId-inner\"]"}
COMMAND: POST /session/d1da2243ed5db842980eb3a0b04f68c1/element - {"using":"xpath","value":"//input[@id=\"application-manageyards-display-component---NewYard--yardId-inner\"]"}
RESULT: {"using":"xpath","value":"//input[@id=\"application-manageyards-display-component---NewYard--yardId-inner\"]"}
COMMAND: POST /session/d1da2243ed5db842980eb3a0b04f68c1/execute/async - {"script":"<script> [1562 bytes]","args":[{"selector":{"id":"application-manageyards-display-component---NewYard--addressDetailDetailsName1","interaction":{"idSuffix":"inner"}},"wdio_ui5_key":"applicationmanageyards-display-component---NewYard--addressDetailDetailsName1"}]}
RESULT: {"script":"<script> [1562 bytes]","args":[{"selector":{"id":"application-manageyards-display-component---NewYard--addressDetailDetailsName1","interaction":{"idSuffix":"inner"}},"wdio_ui5_key":"applicationmanageyards-display-component---NewYard--addressDetailDetailsName1"}]}
RESULT: undefined
COMMAND: POST /session/d1da2243ed5db842980eb3a0b04f68c1/execute/async - {"script":"<script> [776 bytes]","args":[{"enterText":"Intracompany Yard wdIO","selector":{"id":"application-manageyards-display-component---NewYard--addressDetailDetailsName1","interaction":{"idSuffix":"inner"}},"clearTextFirst":true,"interactionType":"ENTER_TEXT"}]}
RESULT: {"script":"<script> [776 bytes]","args":[{"enterText":"Intracompany Yard wdIO","selector":{"id":"application-manageyards-display-component---NewYard--addressDetailDetailsName1","interaction":{"idSuffix":"inner"}},"clearTextFirst":true,"interactionType":"ENTER_TEXT"}]}
COMMAND: POST /session/d1da2243ed5db842980eb3a0b04f68c1/execute/async - {"script":"<script> [1562 bytes]","args":[{"selector":{"id":"application-manageyards-display-component---NewYard--addressDetailDetailsLanguage-arrow"},"wdio_ui5_key":"applicationmanageyards-display-component---NewYard--addressDetailDetailsLanguage-arrow"}]}
RESULT: {"script":"<script> [1562 bytes]","args":[{"selector":{"id":"application-manageyards-display-component---NewYard--addressDetailDetailsLanguage-arrow"},"wdio_ui5_key":"applicationmanageyards-display-component---NewYard--addressDetailDetailsLanguage-arrow"}]}
RESULT: undefined
COMMAND: POST /session/d1da2243ed5db842980eb3a0b04f68c1/element - {"using":"xpath","value":"//*[@id=\"application-manageyards-display-component---NewYard--addressDetailDetailsLanguage-arrow\"]"}
RESULT: {"using":"xpath","value":"//*[@id=\"application-manageyards-display-component---NewYard--addressDetailDetailsLanguage-arrow\"]"}
COMMAND: POST /session/d1da2243ed5db842980eb3a0b04f68c1/element/f.88445BC73AA68FCADA91DF858886134B.d.E3E7370276DBA18B354CC835DCC1D22E.e.718/click - {}
RESULT: {}
COMMAND: POST /session/d1da2243ed5db842980eb3a0b04f68c1/element - {"using":"xpath","value":"//span[contains(text(), \"English\")]"}
COMMAND: GET /session/d1da2243ed5db842980eb3a0b04f68c1/screenshot - {}
RESULT: {"using":"xpath","value":"//span[contains(text(), \"English\")]"}
COMMAND: POST /session/d1da2243ed5db842980eb3a0b04f68c1/element/f.88445BC73AA68FCADA91DF858886134B.d.E3E7370276DBA18B354CC835DCC1D22E.e.719/click - {}
RESULT: {}
RESULT: {}
COMMAND: POST /session/d1da2243ed5db842980eb3a0b04f68c1/execute/async - {"script":"<script> [1562 bytes]","args":[{"selector":{"id":"application-manageyards-display-component---NewYard--addressDetailDetailsCity1","interaction":{"idSuffix":"inner"}},"wdio_ui5_key":"applicationmanageyards-display-component---NewYard--addressDetailDetailsCity1"}]}
COMMAND: GET /session/d1da2243ed5db842980eb3a0b04f68c1/screenshot - {}
RESULT: {"script":"<script> [1562 bytes]","args":[{"selector":{"id":"application-manageyards-display-component---NewYard--addressDetailDetailsCity1","interaction":{"idSuffix":"inner"}},"wdio_ui5_key":"applicationmanageyards-display-component---NewYard--addressDetailDetailsCity1"}]}
RESULT: undefined
COMMAND: POST /session/d1da2243ed5db842980eb3a0b04f68c1/execute/async - {"script":"<script> [776 bytes]","args":[{"enterText":"Rosario","selector":{"id":"application-manageyards-display-component---NewYard--addressDetailDetailsCity1","interaction":{"idSuffix":"inner"}},"clearTextFirst":true,"interactionType":"ENTER_TEXT"}]}
RESULT: {}
RESULT: {"script":"<script> [776 bytes]","args":[{"enterText":"Rosario","selector":{"id":"application-manageyards-display-component---NewYard--addressDetailDetailsCity1","interaction":{"idSuffix":"inner"}},"clearTextFirst":true,"interactionType":"ENTER_TEXT"}]}
COMMAND: POST /session/d1da2243ed5db842980eb3a0b04f68c1/execute/async - {"script":"<script> [1562 bytes]","args":[{"selector":{"id":"application-manageyards-display-component---NewYard--addressDetailDetailsCountry-arrow"},"wdio_ui5_key":"applicationmanageyards-display-component---NewYard--addressDetailDetailsCountry-arrow"}]}
RESULT: {"script":"<script> [1562 bytes]","args":[{"selector":{"id":"application-manageyards-display-component---NewYard--addressDetailDetailsCountry-arrow"},"wdio_ui5_key":"applicationmanageyards-display-component---NewYard--addressDetailDetailsCountry-arrow"}]}
RESULT: undefined
COMMAND: POST /session/d1da2243ed5db842980eb3a0b04f68c1/element - {"using":"xpath","value":"//*[@id=\"application-manageyards-display-component---NewYard--addressDetailDetailsCountry-arrow\"]"}
RESULT: {"using":"xpath","value":"//*[@id=\"application-manageyards-display-component---NewYard--addressDetailDetailsCountry-arrow\"]"}
COMMAND: POST /session/d1da2243ed5db842980eb3a0b04f68c1/element/f.88445BC73AA68FCADA91DF858886134B.d.E3E7370276DBA18B354CC835DCC1D22E.e.721/click - {}
RESULT: {}
COMMAND: POST /session/d1da2243ed5db842980eb3a0b04f68c1/element - {"using":"xpath","value":"//span[contains(text(), \"Argentina\")]"}
COMMAND: GET /session/d1da2243ed5db842980eb3a0b04f68c1/screenshot - {}
RESULT: {"using":"xpath","value":"//span[contains(text(), \"Argentina\")]"}
COMMAND: POST /session/d1da2243ed5db842980eb3a0b04f68c1/element/f.88445BC73AA68FCADA91DF858886134B.d.E3E7370276DBA18B354CC835DCC1D22E.e.722/click - {}
RESULT: {}
RESULT: {}
COMMAND: POST /session/d1da2243ed5db842980eb3a0b04f68c1/execute/async - {"script":"<script> [1562 bytes]","args":[{"selector":{"id":"application-manageyards-display-component---NewYard--addressEditDetailsCostObjectCstType-arrow"},"wdio_ui5_key":"applicationmanageyards-display-component---NewYard--addressEditDetailsCostObjectCstType-arrow"}]}
COMMAND: GET /session/d1da2243ed5db842980eb3a0b04f68c1/screenshot - {}
RESULT: {"script":"<script> [1562 bytes]","args":[{"selector":{"id":"application-manageyards-display-component---NewYard--addressEditDetailsCostObjectCstType-arrow"},"wdio_ui5_key":"applicationmanageyards-display-component---NewYard--addressEditDetailsCostObjectCstType-arrow"}]}
RESULT: undefined
COMMAND: POST /session/d1da2243ed5db842980eb3a0b04f68c1/element - {"using":"xpath","value":"//*[@id=\"application-manageyards-display-component---NewYard--addressEditDetailsCostObjectCstType-arrow\"]"}
RESULT: {}
RESULT: {"using":"xpath","value":"//*[@id=\"application-manageyards-display-component---NewYard--addressEditDetailsCostObjectCstType-arrow\"]"}
COMMAND: POST /session/d1da2243ed5db842980eb3a0b04f68c1/element/f.88445BC73AA68FCADA91DF858886134B.d.E3E7370276DBA18B354CC835DCC1D22E.e.724/click - {}
RESULT: {}
COMMAND: POST /session/d1da2243ed5db842980eb3a0b04f68c1/element - {"using":"xpath","value":"//span[contains(text(), \"Cost Center\")]"}
COMMAND: GET /session/d1da2243ed5db842980eb3a0b04f68c1/screenshot - {}
RESULT: {"using":"xpath","value":"//span[contains(text(), \"Cost Center\")]"}
COMMAND: POST /session/d1da2243ed5db842980eb3a0b04f68c1/element/f.88445BC73AA68FCADA91DF858886134B.d.E3E7370276DBA18B354CC835DCC1D22E.e.725/click - {}
RESULT: {}
RESULT: {}
COMMAND: GET /session/d1da2243ed5db842980eb3a0b04f68c1/screenshot - {}
RESULT: {}
COMMAND: POST /session/d1da2243ed5db842980eb3a0b04f68c1/element - {"using":"xpath","value":"//span[@id=\"application-manageyards-display-component---NewYard--addressNewCostObjectCstID-vhi\"]"}
RESULT: {"using":"xpath","value":"//span[@id=\"application-manageyards-display-component---NewYard--addressNewCostObjectCstID-vhi\"]"}
COMMAND: POST /session/d1da2243ed5db842980eb3a0b04f68c1/execute/sync - {"script":"<script> [8489 bytes]","args":[{"element-6066-11e4-a52e-4f735466cecf":"f.88445BC73AA68FCADA91DF858886134B.d.E3E7370276DBA18B354CC835DCC1D22E.e.729","ELEMENT":"f.88445BC73AA68FCADA91DF858886134B.d.E3E7370276DBA18B354CC835DCC1D22E.e.729"}]}
RESULT: {"script":"<script> [8489 bytes]","args":[{"element-6066-11e4-a52e-4f735466cecf":"f.88445BC73AA68FCADA91DF858886134B.d.E3E7370276DBA18B354CC835DCC1D22E.e.729","ELEMENT":"f.88445BC73AA68FCADA91DF858886134B.d.E3E7370276DBA18B354CC835DCC1D22E.e.729"}]}
COMMAND: POST /session/d1da2243ed5db842980eb3a0b04f68c1/execute/async - {"script":"<script> [1562 bytes]","args":[{"selector":{"id":"application-manageyards-display-component---NewYard--addressNewCostObjectCstID-vhi"},"wdio_ui5_key":"applicationmanageyards-display-component---NewYard--addressNewCostObjectCstID-vhi"}]}
COMMAND: GET /session/d1da2243ed5db842980eb3a0b04f68c1/screenshot - {}
RESULT: {"script":"<script> [1562 bytes]","args":[{"selector":{"id":"application-manageyards-display-component---NewYard--addressNewCostObjectCstID-vhi"},"wdio_ui5_key":"applicationmanageyards-display-component---NewYard--addressNewCostObjectCstID-vhi"}]}
RESULT: undefined
COMMAND: POST /session/d1da2243ed5db842980eb3a0b04f68c1/element - {"using":"xpath","value":"//*[@id=\"application-manageyards-display-component---NewYard--addressNewCostObjectCstID-vhi\"]"}
RESULT: {}
RESULT: {"using":"xpath","value":"//*[@id=\"application-manageyards-display-component---NewYard--addressNewCostObjectCstID-vhi\"]"}
COMMAND: POST /session/d1da2243ed5db842980eb3a0b04f68c1/element/f.88445BC73AA68FCADA91DF858886134B.d.E3E7370276DBA18B354CC835DCC1D22E.e.729/click - {}
RESULT: {}
COMMAND: GET /session/d1da2243ed5db842980eb3a0b04f68c1/screenshot - {}
RESULT: {}
COMMAND: POST /session/d1da2243ed5db842980eb3a0b04f68c1/execute/async - {"script":"<script> [1562 bytes]","args":[{"selector":{"controlType":"sap.m.SearchField","properties":{"placeholder":"Search"},"searchOpenDialogs":true,"interaction":{"idSuffix":"I"}},"wdio_ui5_key":"sapm.SearchField{\"placeholder\":\"Search\"}"}]}
RESULT: {"script":"<script> [1562 bytes]","args":[{"selector":{"controlType":"sap.m.SearchField","properties":{"placeholder":"Search"},"searchOpenDialogs":true,"interaction":{"idSuffix":"I"}},"wdio_ui5_key":"sapm.SearchField{\"placeholder\":\"Search\"}"}]}
RESULT: undefined
COMMAND: POST /session/d1da2243ed5db842980eb3a0b04f68c1/execute/async - {"script":"<script> [776 bytes]","args":[{"enterText":"bauh_b","selector":{"controlType":"sap.m.SearchField","properties":{"placeholder":"Search"},"searchOpenDialogs":true,"interaction":{"idSuffix":"I"}},"clearTextFirst":true,"interactionType":"ENTER_TEXT"}]}
RESULT: {"script":"<script> [776 bytes]","args":[{"enterText":"bauh_b","selector":{"controlType":"sap.m.SearchField","properties":{"placeholder":"Search"},"searchOpenDialogs":true,"interaction":{"idSuffix":"I"}},"clearTextFirst":true,"interactionType":"ENTER_TEXT"}]}
COMMAND: POST /session/d1da2243ed5db842980eb3a0b04f68c1/actions - {"actions":[{"id":"action1","type":"key","parameters":{},"actions":[{"type":"keyDown","value":""},{"type":"pause","duration":10},{"type":"keyUp","value":""}]}]}
RESULT: {"actions":[{"id":"action1","type":"key","parameters":{},"actions":[{"type":"keyDown","value":""},{"type":"pause","duration":10},{"type":"keyUp","value":""}]}]}
COMMAND: GET /session/d1da2243ed5db842980eb3a0b04f68c1/screenshot - {}
RESULT: {}
COMMAND: POST /session/d1da2243ed5db842980eb3a0b04f68c1/element - {"using":"xpath","value":"//span[contains(text(), \"Demo Yard\")]"}
RESULT: {"using":"xpath","value":"//span[contains(text(), \"Demo Yard\")]"}
COMMAND: POST /session/d1da2243ed5db842980eb3a0b04f68c1/element/f.88445BC73AA68FCADA91DF858886134B.d.E3E7370276DBA18B354CC835DCC1D22E.e.769/click - {}
RESULT: {}
COMMAND: GET /session/d1da2243ed5db842980eb3a0b04f68c1/screenshot - {}
RESULT: {}
COMMAND: POST /session/d1da2243ed5db842980eb3a0b04f68c1/element - {"using":"xpath","value":"//bdi[contains(text(), \"OK\")]"}
RESULT: {"using":"xpath","value":"//bdi[contains(text(), \"OK\")]"}
COMMAND: POST /session/d1da2243ed5db842980eb3a0b04f68c1/element/f.88445BC73AA68FCADA91DF858886134B.d.E3E7370276DBA18B354CC835DCC1D22E.e.770/click - {}
RESULT: {}
COMMAND: GET /session/d1da2243ed5db842980eb3a0b04f68c1/screenshot - {}
RESULT: {}
COMMAND: POST /session/d1da2243ed5db842980eb3a0b04f68c1/execute/async - {"script":"<script> [1562 bytes]","args":[{"selector":{"id":"application-manageyards-display-component---NewYard--addressEditDetailsCurrency-arrow"},"wdio_ui5_key":"applicationmanageyards-display-component---NewYard--addressEditDetailsCurrency-arrow"}]}
RESULT: {"script":"<script> [1562 bytes]","args":[{"selector":{"id":"application-manageyards-display-component---NewYard--addressEditDetailsCurrency-arrow"},"wdio_ui5_key":"applicationmanageyards-display-component---NewYard--addressEditDetailsCurrency-arrow"}]}
RESULT: undefined
COMMAND: POST /session/d1da2243ed5db842980eb3a0b04f68c1/element - {"using":"xpath","value":"//*[@id=\"application-manageyards-display-component---NewYard--addressEditDetailsCurrency-arrow\"]"}
RESULT: {"using":"xpath","value":"//*[@id=\"application-manageyards-display-component---NewYard--addressEditDetailsCurrency-arrow\"]"}
COMMAND: POST /session/d1da2243ed5db842980eb3a0b04f68c1/element/f.88445BC73AA68FCADA91DF858886134B.d.E3E7370276DBA18B354CC835DCC1D22E.e.773/click - {}
RESULT: {}
COMMAND: POST /session/d1da2243ed5db842980eb3a0b04f68c1/element - {"using":"xpath","value":"//span[contains(text(), \"Euro\")]"}
COMMAND: GET /session/d1da2243ed5db842980eb3a0b04f68c1/screenshot - {}
RESULT: {"using":"xpath","value":"//span[contains(text(), \"Euro\")]"}
COMMAND: POST /session/d1da2243ed5db842980eb3a0b04f68c1/element/f.88445BC73AA68FCADA91DF858886134B.d.E3E7370276DBA18B354CC835DCC1D22E.e.774/click - {}
RESULT: {}
RESULT: {}
COMMAND: POST /session/d1da2243ed5db842980eb3a0b04f68c1/execute/async - {"script":"<script> [1562 bytes]","args":[{"selector":{"controlType":"sap.m.Input","viewName":"etm.portal.ui.manageyards.view.New","viewId":"application-manageyards-display-component---NewYard","bindingPath":{"path":"","propertyPath":"/CONTROLLING_AREA","modelName":"NewYardModel"},"interaction":{"idSuffix":"inner"}},"wdio_ui5_key":"etmportal.ui.manageyards.view.Newsap.m.Input{\"path\":\"\",\"propertyPath\":\"/CONTROLLING_AREA\",\"modelName\":\"NewYardModel\"}"}]}
COMMAND: GET /session/d1da2243ed5db842980eb3a0b04f68c1/screenshot - {}
RESULT: {"script":"<script> [1562 bytes]","args":[{"selector":{"controlType":"sap.m.Input","viewName":"etm.portal.ui.manageyards.view.New","viewId":"application-manageyards-display-component---NewYard","bindingPath":{"path":"","propertyPath":"/CONTROLLING_AREA","modelName":"NewYardModel"},"interaction":{"idSuffix":"inner"}},"wdio_ui5_key":"etmportal.ui.manageyards.view.Newsap.m.Input{\"path\":\"\",\"propertyPath\":\"/CONTROLLING_AREA\",\"modelName\":\"NewYardModel\"}"}]}
RESULT: undefined
COMMAND: POST /session/d1da2243ed5db842980eb3a0b04f68c1/execute/async - {"script":"<script> [776 bytes]","args":[{"enterText":"Z001","selector":{"controlType":"sap.m.Input","viewName":"etm.portal.ui.manageyards.view.New","viewId":"application-manageyards-display-component---NewYard","bindingPath":{"path":"","propertyPath":"/CONTROLLING_AREA","modelName":"NewYardModel"},"interaction":{"idSuffix":"inner"}},"clearTextFirst":true,"interactionType":"ENTER_TEXT"}]}
RESULT: {}
RESULT: {"script":"<script> [776 bytes]","args":[{"enterText":"Z001","selector":{"controlType":"sap.m.Input","viewName":"etm.portal.ui.manageyards.view.New","viewId":"application-manageyards-display-component---NewYard","bindingPath":{"path":"","propertyPath":"/CONTROLLING_AREA","modelName":"NewYardModel"},"interaction":{"idSuffix":"inner"}},"clearTextFirst":true,"interactionType":"ENTER_TEXT"}]}
COMMAND: POST /session/d1da2243ed5db842980eb3a0b04f68c1/execute/async - {"script":"<script> [1562 bytes]","args":[{"selector":{"id":"application-manageyards-display-component---NewYard--companyCodeComboBox","interaction":{"idSuffix":"inner"}},"wdio_ui5_key":"applicationmanageyards-display-component---NewYard--companyCodeComboBox"}]}
RESULT: {"script":"<script> [1562 bytes]","args":[{"selector":{"id":"application-manageyards-display-component---NewYard--companyCodeComboBox","interaction":{"idSuffix":"inner"}},"wdio_ui5_key":"applicationmanageyards-display-component---NewYard--companyCodeComboBox"}]}
RESULT: undefined
COMMAND: POST /session/d1da2243ed5db842980eb3a0b04f68c1/execute/async - {"script":"<script> [776 bytes]","args":[{"enterText":"1000","selector":{"id":"application-manageyards-display-component---NewYard--companyCodeComboBox","interaction":{"idSuffix":"inner"}},"clearTextFirst":true,"interactionType":"ENTER_TEXT"}]}
RESULT: {"script":"<script> [776 bytes]","args":[{"enterText":"1000","selector":{"id":"application-manageyards-display-component---NewYard--companyCodeComboBox","interaction":{"idSuffix":"inner"}},"clearTextFirst":true,"interactionType":"ENTER_TEXT"}]}
COMMAND: POST /session/d1da2243ed5db842980eb3a0b04f68c1/execute/async - {"script":"<script> [1562 bytes]","args":[{"selector":{"controlType":"sap.m.Input","viewName":"etm.portal.ui.manageyards.view.New","viewId":"application-manageyards-display-component---NewYard","bindingPath":{"path":"","propertyPath":"/PLANT","modelName":"NewYardModel"},"interaction":{"idSuffix":"inner"}},"wdio_ui5_key":"etmportal.ui.manageyards.view.Newsap.m.Input{\"path\":\"\",\"propertyPath\":\"/PLANT\",\"modelName\":\"NewYardModel\"}"}]}
RESULT: {"script":"<script> [1562 bytes]","args":[{"selector":{"controlType":"sap.m.Input","viewName":"etm.portal.ui.manageyards.view.New","viewId":"application-manageyards-display-component---NewYard","bindingPath":{"path":"","propertyPath":"/PLANT","modelName":"NewYardModel"},"interaction":{"idSuffix":"inner"}},"wdio_ui5_key":"etmportal.ui.manageyards.view.Newsap.m.Input{\"path\":\"\",\"propertyPath\":\"/PLANT\",\"modelName\":\"NewYardModel\"}"}]}
RESULT: undefined
COMMAND: POST /session/d1da2243ed5db842980eb3a0b04f68c1/execute/async - {"script":"<script> [776 bytes]","args":[{"enterText":"1001","selector":{"controlType":"sap.m.Input","viewName":"etm.portal.ui.manageyards.view.New","viewId":"application-manageyards-display-component---NewYard","bindingPath":{"path":"","propertyPath":"/PLANT","modelName":"NewYardModel"},"interaction":{"idSuffix":"inner"}},"clearTextFirst":true,"interactionType":"ENTER_TEXT"}]}
RESULT: {"script":"<script> [776 bytes]","args":[{"enterText":"1001","selector":{"controlType":"sap.m.Input","viewName":"etm.portal.ui.manageyards.view.New","viewId":"application-manageyards-display-component---NewYard","bindingPath":{"path":"","propertyPath":"/PLANT","modelName":"NewYardModel"},"interaction":{"idSuffix":"inner"}},"clearTextFirst":true,"interactionType":"ENTER_TEXT"}]}
COMMAND: POST /session/d1da2243ed5db842980eb3a0b04f68c1/execute/async - {"script":"<script> [1562 bytes]","args":[{"selector":{"controlType":"sap.m.Input","viewName":"etm.portal.ui.manageyards.view.New","viewId":"application-manageyards-display-component---NewYard","bindingPath":{"path":"","propertyPath":"/SALES_AREA_VKORG","modelName":"NewYardModel"},"interaction":{"idSuffix":"inner"}},"wdio_ui5_key":"etmportal.ui.manageyards.view.Newsap.m.Input{\"path\":\"\",\"propertyPath\":\"/SALES_AREA_VKORG\",\"modelName\":\"NewYardModel\"}"}]}
RESULT: {"script":"<script> [1562 bytes]","args":[{"selector":{"controlType":"sap.m.Input","viewName":"etm.portal.ui.manageyards.view.New","viewId":"application-manageyards-display-component---NewYard","bindingPath":{"path":"","propertyPath":"/SALES_AREA_VKORG","modelName":"NewYardModel"},"interaction":{"idSuffix":"inner"}},"wdio_ui5_key":"etmportal.ui.manageyards.view.Newsap.m.Input{\"path\":\"\",\"propertyPath\":\"/SALES_AREA_VKORG\",\"modelName\":\"NewYardModel\"}"}]}
RESULT: undefined
COMMAND: POST /session/d1da2243ed5db842980eb3a0b04f68c1/execute/async - {"script":"<script> [776 bytes]","args":[{"enterText":"C002","selector":{"controlType":"sap.m.Input","viewName":"etm.portal.ui.manageyards.view.New","viewId":"application-manageyards-display-component---NewYard","bindingPath":{"path":"","propertyPath":"/SALES_AREA_VKORG","modelName":"NewYardModel"},"interaction":{"idSuffix":"inner"}},"clearTextFirst":true,"interactionType":"ENTER_TEXT"}]}
RESULT: {"script":"<script> [776 bytes]","args":[{"enterText":"C002","selector":{"controlType":"sap.m.Input","viewName":"etm.portal.ui.manageyards.view.New","viewId":"application-manageyards-display-component---NewYard","bindingPath":{"path":"","propertyPath":"/SALES_AREA_VKORG","modelName":"NewYardModel"},"interaction":{"idSuffix":"inner"}},"clearTextFirst":true,"interactionType":"ENTER_TEXT"}]}
COMMAND: POST /session/d1da2243ed5db842980eb3a0b04f68c1/execute/async - {"script":"<script> [1562 bytes]","args":[{"selector":{"controlType":"sap.m.Input","viewName":"etm.portal.ui.manageyards.view.New","viewId":"application-manageyards-display-component---NewYard","bindingPath":{"path":"","propertyPath":"/SALES_AREA_VTWEG","modelName":"NewYardModel"},"interaction":{"idSuffix":"inner"}},"wdio_ui5_key":"etmportal.ui.manageyards.view.Newsap.m.Input{\"path\":\"\",\"propertyPath\":\"/SALES_AREA_VTWEG\",\"modelName\":\"NewYardModel\"}"}]}
RESULT: {"script":"<script> [1562 bytes]","args":[{"selector":{"controlType":"sap.m.Input","viewName":"etm.portal.ui.manageyards.view.New","viewId":"application-manageyards-display-component---NewYard","bindingPath":{"path":"","propertyPath":"/SALES_AREA_VTWEG","modelName":"NewYardModel"},"interaction":{"idSuffix":"inner"}},"wdio_ui5_key":"etmportal.ui.manageyards.view.Newsap.m.Input{\"path\":\"\",\"propertyPath\":\"/SALES_AREA_VTWEG\",\"modelName\":\"NewYardModel\"}"}]}
RESULT: undefined
COMMAND: POST /session/d1da2243ed5db842980eb3a0b04f68c1/execute/async - {"script":"<script> [776 bytes]","args":[{"enterText":"C2","selector":{"controlType":"sap.m.Input","viewName":"etm.portal.ui.manageyards.view.New","viewId":"application-manageyards-display-component---NewYard","bindingPath":{"path":"","propertyPath":"/SALES_AREA_VTWEG","modelName":"NewYardModel"},"interaction":{"idSuffix":"inner"}},"clearTextFirst":true,"interactionType":"ENTER_TEXT"}]}
RESULT: {"script":"<script> [776 bytes]","args":[{"enterText":"C2","selector":{"controlType":"sap.m.Input","viewName":"etm.portal.ui.manageyards.view.New","viewId":"application-manageyards-display-component---NewYard","bindingPath":{"path":"","propertyPath":"/SALES_AREA_VTWEG","modelName":"NewYardModel"},"interaction":{"idSuffix":"inner"}},"clearTextFirst":true,"interactionType":"ENTER_TEXT"}]}
COMMAND: POST /session/d1da2243ed5db842980eb3a0b04f68c1/execute/async - {"script":"<script> [1562 bytes]","args":[{"selector":{"controlType":"sap.m.Input","viewName":"etm.portal.ui.manageyards.view.New","viewId":"application-manageyards-display-component---NewYard","bindingPath":{"path":"","propertyPath":"/SALES_AREA_SPART","modelName":"NewYardModel"},"interaction":{"idSuffix":"inner"}},"wdio_ui5_key":"etmportal.ui.manageyards.view.Newsap.m.Input{\"path\":\"\",\"propertyPath\":\"/SALES_AREA_SPART\",\"modelName\":\"NewYardModel\"}"}]}
RESULT: {"script":"<script> [1562 bytes]","args":[{"selector":{"controlType":"sap.m.Input","viewName":"etm.portal.ui.manageyards.view.New","viewId":"application-manageyards-display-component---NewYard","bindingPath":{"path":"","propertyPath":"/SALES_AREA_SPART","modelName":"NewYardModel"},"interaction":{"idSuffix":"inner"}},"wdio_ui5_key":"etmportal.ui.manageyards.view.Newsap.m.Input{\"path\":\"\",\"propertyPath\":\"/SALES_AREA_SPART\",\"modelName\":\"NewYardModel\"}"}]}
RESULT: undefined
COMMAND: POST /session/d1da2243ed5db842980eb3a0b04f68c1/execute/async - {"script":"<script> [776 bytes]","args":[{"enterText":"C2","selector":{"controlType":"sap.m.Input","viewName":"etm.portal.ui.manageyards.view.New","viewId":"application-manageyards-display-component---NewYard","bindingPath":{"path":"","propertyPath":"/SALES_AREA_SPART","modelName":"NewYardModel"},"interaction":{"idSuffix":"inner"}},"clearTextFirst":true,"interactionType":"ENTER_TEXT"}]}
RESULT: {"script":"<script> [776 bytes]","args":[{"enterText":"C2","selector":{"controlType":"sap.m.Input","viewName":"etm.portal.ui.manageyards.view.New","viewId":"application-manageyards-display-component---NewYard","bindingPath":{"path":"","propertyPath":"/SALES_AREA_SPART","modelName":"NewYardModel"},"interaction":{"idSuffix":"inner"}},"clearTextFirst":true,"interactionType":"ENTER_TEXT"}]}
COMMAND: POST /session/d1da2243ed5db842980eb3a0b04f68c1/execute/async - {"script":"<script> [1562 bytes]","args":[{"selector":{"controlType":"sap.m.Input","viewName":"etm.portal.ui.manageyards.view.New","viewId":"application-manageyards-display-component---NewYard","bindingPath":{"path":"","propertyPath":"/SHIP_POINT","modelName":"NewYardModel"},"interaction":{"idSuffix":"inner"}},"wdio_ui5_key":"etmportal.ui.manageyards.view.Newsap.m.Input{\"path\":\"\",\"propertyPath\":\"/SHIP_POINT\",\"modelName\":\"NewYardModel\"}"}]}
RESULT: {"script":"<script> [1562 bytes]","args":[{"selector":{"controlType":"sap.m.Input","viewName":"etm.portal.ui.manageyards.view.New","viewId":"application-manageyards-display-component---NewYard","bindingPath":{"path":"","propertyPath":"/SHIP_POINT","modelName":"NewYardModel"},"interaction":{"idSuffix":"inner"}},"wdio_ui5_key":"etmportal.ui.manageyards.view.Newsap.m.Input{\"path\":\"\",\"propertyPath\":\"/SHIP_POINT\",\"modelName\":\"NewYardModel\"}"}]}
RESULT: undefined
COMMAND: POST /session/d1da2243ed5db842980eb3a0b04f68c1/execute/async - {"script":"<script> [776 bytes]","args":[{"enterText":"1710","selector":{"controlType":"sap.m.Input","viewName":"etm.portal.ui.manageyards.view.New","viewId":"application-manageyards-display-component---NewYard","bindingPath":{"path":"","propertyPath":"/SHIP_POINT","modelName":"NewYardModel"},"interaction":{"idSuffix":"inner"}},"clearTextFirst":true,"interactionType":"ENTER_TEXT"}]}
RESULT: {"script":"<script> [776 bytes]","args":[{"enterText":"1710","selector":{"controlType":"sap.m.Input","viewName":"etm.portal.ui.manageyards.view.New","viewId":"application-manageyards-display-component---NewYard","bindingPath":{"path":"","propertyPath":"/SHIP_POINT","modelName":"NewYardModel"},"interaction":{"idSuffix":"inner"}},"clearTextFirst":true,"interactionType":"ENTER_TEXT"}]}
COMMAND: POST /session/d1da2243ed5db842980eb3a0b04f68c1/execute/async - {"script":"<script> [1562 bytes]","args":[{"selector":{"controlType":"sap.m.Input","viewName":"etm.portal.ui.manageyards.view.New","viewId":"application-manageyards-display-component---NewYard","bindingPath":{"path":"","propertyPath":"/DELIVERY_TYPE","modelName":"NewYardModel"},"interaction":{"idSuffix":"inner"}},"wdio_ui5_key":"etmportal.ui.manageyards.view.Newsap.m.Input{\"path\":\"\",\"propertyPath\":\"/DELIVERY_TYPE\",\"modelName\":\"NewYardModel\"}"}]}
RESULT: {"script":"<script> [1562 bytes]","args":[{"selector":{"controlType":"sap.m.Input","viewName":"etm.portal.ui.manageyards.view.New","viewId":"application-manageyards-display-component---NewYard","bindingPath":{"path":"","propertyPath":"/DELIVERY_TYPE","modelName":"NewYardModel"},"interaction":{"idSuffix":"inner"}},"wdio_ui5_key":"etmportal.ui.manageyards.view.Newsap.m.Input{\"path\":\"\",\"propertyPath\":\"/DELIVERY_TYPE\",\"modelName\":\"NewYardModel\"}"}]}
RESULT: undefined
COMMAND: POST /session/d1da2243ed5db842980eb3a0b04f68c1/execute/async - {"script":"<script> [776 bytes]","args":[{"enterText":"ZL01","selector":{"controlType":"sap.m.Input","viewName":"etm.portal.ui.manageyards.view.New","viewId":"application-manageyards-display-component---NewYard","bindingPath":{"path":"","propertyPath":"/DELIVERY_TYPE","modelName":"NewYardModel"},"interaction":{"idSuffix":"inner"}},"clearTextFirst":true,"interactionType":"ENTER_TEXT"}]}
RESULT: {"script":"<script> [776 bytes]","args":[{"enterText":"ZL01","selector":{"controlType":"sap.m.Input","viewName":"etm.portal.ui.manageyards.view.New","viewId":"application-manageyards-display-component---NewYard","bindingPath":{"path":"","propertyPath":"/DELIVERY_TYPE","modelName":"NewYardModel"},"interaction":{"idSuffix":"inner"}},"clearTextFirst":true,"interactionType":"ENTER_TEXT"}]}
COMMAND: POST /session/d1da2243ed5db842980eb3a0b04f68c1/execute/async - {"script":"<script> [1562 bytes]","args":[{"selector":{"controlType":"sap.m.Input","viewName":"etm.portal.ui.manageyards.view.New","viewId":"application-manageyards-display-component---NewYard","bindingPath":{"path":"","propertyPath":"/AUART","modelName":"NewYardModel"},"interaction":{"idSuffix":"inner"}},"wdio_ui5_key":"etmportal.ui.manageyards.view.Newsap.m.Input{\"path\":\"\",\"propertyPath\":\"/AUART\",\"modelName\":\"NewYardModel\"}"}]}
RESULT: {"script":"<script> [1562 bytes]","args":[{"selector":{"controlType":"sap.m.Input","viewName":"etm.portal.ui.manageyards.view.New","viewId":"application-manageyards-display-component---NewYard","bindingPath":{"path":"","propertyPath":"/AUART","modelName":"NewYardModel"},"interaction":{"idSuffix":"inner"}},"wdio_ui5_key":"etmportal.ui.manageyards.view.Newsap.m.Input{\"path\":\"\",\"propertyPath\":\"/AUART\",\"modelName\":\"NewYardModel\"}"}]}
RESULT: undefined
COMMAND: POST /session/d1da2243ed5db842980eb3a0b04f68c1/execute/async - {"script":"<script> [776 bytes]","args":[{"enterText":"TA","selector":{"controlType":"sap.m.Input","viewName":"etm.portal.ui.manageyards.view.New","viewId":"application-manageyards-display-component---NewYard","bindingPath":{"path":"","propertyPath":"/AUART","modelName":"NewYardModel"},"interaction":{"idSuffix":"inner"}},"clearTextFirst":true,"interactionType":"ENTER_TEXT"}]}
RESULT: {"script":"<script> [776 bytes]","args":[{"enterText":"TA","selector":{"controlType":"sap.m.Input","viewName":"etm.portal.ui.manageyards.view.New","viewId":"application-manageyards-display-component---NewYard","bindingPath":{"path":"","propertyPath":"/AUART","modelName":"NewYardModel"},"interaction":{"idSuffix":"inner"}},"clearTextFirst":true,"interactionType":"ENTER_TEXT"}]}
COMMAND: POST /session/d1da2243ed5db842980eb3a0b04f68c1/element - {"using":"xpath","value":"//button[@data-kt=\"newYardSaveButton\"]"}
RESULT: {"using":"xpath","value":"//button[@data-kt=\"newYardSaveButton\"]"}
COMMAND: POST /session/d1da2243ed5db842980eb3a0b04f68c1/element/f.88445BC73AA68FCADA91DF858886134B.d.E3E7370276DBA18B354CC835DCC1D22E.e.702/click - {}
RESULT: {}
COMMAND: GET /session/d1da2243ed5db842980eb3a0b04f68c1/screenshot - {}
RESULT: {}
COMMAND: POST /session/d1da2243ed5db842980eb3a0b04f68c1/element - {"using":"xpath","value":"//header[contains(@id, 'ObjectPageLayout-headerTitle')]/div[1]/div[2]/div[1]/span[1]"}
RESULT: {"using":"xpath","value":"//header[contains(@id, 'ObjectPageLayout-headerTitle')]/div[1]/div[2]/div[1]/span[1]"}
COMMAND: POST /session/d1da2243ed5db842980eb3a0b04f68c1/elements - {"using":"xpath","value":"//header[contains(@id, 'ObjectPageLayout-headerTitle')]/div[1]/div[2]/div[1]/span[1]"}
RESULT: {"using":"xpath","value":"//header[contains(@id, 'ObjectPageLayout-headerTitle')]/div[1]/div[2]/div[1]/span[1]"}
COMMAND: POST /session/d1da2243ed5db842980eb3a0b04f68c1/execute/sync - {"script":"<script> [56 bytes]","args":[{"element-6066-11e4-a52e-4f735466cecf":"f.88445BC73AA68FCADA91DF858886134B.d.E3E7370276DBA18B354CC835DCC1D22E.e.993","ELEMENT":"f.88445BC73AA68FCADA91DF858886134B.d.E3E7370276DBA18B354CC835DCC1D22E.e.993"}]}
RESULT: {"script":"<script> [56 bytes]","args":[{"element-6066-11e4-a52e-4f735466cecf":"f.88445BC73AA68FCADA91DF858886134B.d.E3E7370276DBA18B354CC835DCC1D22E.e.993","ELEMENT":"f.88445BC73AA68FCADA91DF858886134B.d.E3E7370276DBA18B354CC835DCC1D22E.e.993"}]}
COMMAND: GET /session/d1da2243ed5db842980eb3a0b04f68c1/screenshot - {}
RESULT: {}
COMMAND: POST /session/d1da2243ed5db842980eb3a0b04f68c1/element - {"using":"css selector","value":"#shell-header-logo"}
RESULT: {"using":"css selector","value":"#shell-header-logo"}
COMMAND: POST /session/d1da2243ed5db842980eb3a0b04f68c1/element/f.88445BC73AA68FCADA91DF858886134B.d.E3E7370276DBA18B354CC835DCC1D22E.e.251/click - {}
RESULT: {}
COMMAND: GET /session/d1da2243ed5db842980eb3a0b04f68c1/screenshot - {}
RESULT: {}
COMMAND: POST /session/d1da2243ed5db842980eb3a0b04f68c1/execute/sync - {"script":"<script> [299 bytes]","args":[["getModel","getResource"]]}
RESULT: {"script":"<script> [299 bytes]","args":[["getModel","getResource"]]}
COMMAND: GET /session/d1da2243ed5db842980eb3a0b04f68c1/screenshot - {}
]]></system-out>
    </testcase>
    <testcase classname="chrome.136_0_7103_93.windows.Partner_specific_tests_US150819_US151080_US151654_US151176_US103444_US151078_US151079_US151109_US151174_US151175_US151189" name="Should create new external partner US150819" time="107.076">
      <system-out><![CDATA[
COMMAND: POST /session/d1da2243ed5db842980eb3a0b04f68c1/element - {"using":"xpath","value":"//li[.//span[text()=\"Manage Partners\"]]"}
RESULT: {}
RESULT: {"using":"xpath","value":"//li[.//span[text()=\"Manage Partners\"]]"}
COMMAND: POST /session/d1da2243ed5db842980eb3a0b04f68c1/element - {"using":"xpath","value":"//li[.//span[text()=\"Manage Partners\"]]"}
RESULT: {"using":"xpath","value":"//li[.//span[text()=\"Manage Partners\"]]"}
COMMAND: POST /session/d1da2243ed5db842980eb3a0b04f68c1/element - {"using":"css selector","value":"#shell-header-logo"}
RESULT: {"using":"css selector","value":"#shell-header-logo"}
COMMAND: POST /session/d1da2243ed5db842980eb3a0b04f68c1/element/f.88445BC73AA68FCADA91DF858886134B.d.E3E7370276DBA18B354CC835DCC1D22E.e.995/click - {}
COMMAND: POST /session/d1da2243ed5db842980eb3a0b04f68c1/execute/sync - {"script":"<script> [8489 bytes]","args":[{"element-6066-11e4-a52e-4f735466cecf":"f.88445BC73AA68FCADA91DF858886134B.d.E3E7370276DBA18B354CC835DCC1D22E.e.995","ELEMENT":"f.88445BC73AA68FCADA91DF858886134B.d.E3E7370276DBA18B354CC835DCC1D22E.e.995"}]}
RESULT: {"script":"<script> [8489 bytes]","args":[{"element-6066-11e4-a52e-4f735466cecf":"f.88445BC73AA68FCADA91DF858886134B.d.E3E7370276DBA18B354CC835DCC1D22E.e.995","ELEMENT":"f.88445BC73AA68FCADA91DF858886134B.d.E3E7370276DBA18B354CC835DCC1D22E.e.995"}]}
COMMAND: POST /session/d1da2243ed5db842980eb3a0b04f68c1/execute/sync - {"script":"<script> [5351 bytes]","args":[{"element-6066-11e4-a52e-4f735466cecf":"f.88445BC73AA68FCADA91DF858886134B.d.E3E7370276DBA18B354CC835DCC1D22E.e.995","ELEMENT":"f.88445BC73AA68FCADA91DF858886134B.d.E3E7370276DBA18B354CC835DCC1D22E.e.995"}]}
COMMAND: GET /session/d1da2243ed5db842980eb3a0b04f68c1/screenshot - {}
RESULT: {}
COMMAND: GET /session/d1da2243ed5db842980eb3a0b04f68c1/screenshot - {}
RESULT: {"script":"<script> [5351 bytes]","args":[{"element-6066-11e4-a52e-4f735466cecf":"f.88445BC73AA68FCADA91DF858886134B.d.E3E7370276DBA18B354CC835DCC1D22E.e.995","ELEMENT":"f.88445BC73AA68FCADA91DF858886134B.d.E3E7370276DBA18B354CC835DCC1D22E.e.995"}]}
COMMAND: GET /session/d1da2243ed5db842980eb3a0b04f68c1/screenshot - {}
RESULT: {}
RESULT: {}
RESULT: {}
COMMAND: POST /session/d1da2243ed5db842980eb3a0b04f68c1/window/fullscreen - {}
RESULT: {}
COMMAND: POST /session/d1da2243ed5db842980eb3a0b04f68c1/execute/async - {"script":"<script> [1562 bytes]","args":[{"selector":{"controlType":"sap.m.GenericTile","properties":{"header":"Manage Partners"}},"wdio_ui5_key":"sapm.GenericTile{\"header\":\"Manage Partners\"}"}]}
RESULT: {"script":"<script> [1562 bytes]","args":[{"selector":{"controlType":"sap.m.GenericTile","properties":{"header":"Manage Partners"}},"wdio_ui5_key":"sapm.GenericTile{\"header\":\"Manage Partners\"}"}]}
RESULT: undefined
COMMAND: POST /session/d1da2243ed5db842980eb3a0b04f68c1/element - {"using":"xpath","value":"//*[@id=\"__tile38\"]"}
RESULT: {"using":"xpath","value":"//*[@id=\"__tile38\"]"}
COMMAND: POST /session/d1da2243ed5db842980eb3a0b04f68c1/element/f.88445BC73AA68FCADA91DF858886134B.d.E3E7370276DBA18B354CC835DCC1D22E.e.146/click - {}
RESULT: {}
COMMAND: GET /session/d1da2243ed5db842980eb3a0b04f68c1/screenshot - {}
RESULT: {}
COMMAND: POST /session/d1da2243ed5db842980eb3a0b04f68c1/elements - {"using":"xpath","value":"//span[text()='Error']"}
RESULT: {"using":"xpath","value":"//span[text()='Error']"}
COMMAND: POST /session/d1da2243ed5db842980eb3a0b04f68c1/element - {"using":"xpath","value":"//button[@data-kt=\"addButton\"]"}
RESULT: {"using":"xpath","value":"//button[@data-kt=\"addButton\"]"}
COMMAND: POST /session/d1da2243ed5db842980eb3a0b04f68c1/elements - {"using":"xpath","value":"//button[@data-kt=\"addButton\"]"}
RESULT: {"using":"xpath","value":"//button[@data-kt=\"addButton\"]"}
COMMAND: POST /session/d1da2243ed5db842980eb3a0b04f68c1/execute/sync - {"script":"<script> [8489 bytes]","args":[{"element-6066-11e4-a52e-4f735466cecf":"f.88445BC73AA68FCADA91DF858886134B.d.E3E7370276DBA18B354CC835DCC1D22E.e.1040","ELEMENT":"f.88445BC73AA68FCADA91DF858886134B.d.E3E7370276DBA18B354CC835DCC1D22E.e.1040"}]}
RESULT: {"script":"<script> [8489 bytes]","args":[{"element-6066-11e4-a52e-4f735466cecf":"f.88445BC73AA68FCADA91DF858886134B.d.E3E7370276DBA18B354CC835DCC1D22E.e.1040","ELEMENT":"f.88445BC73AA68FCADA91DF858886134B.d.E3E7370276DBA18B354CC835DCC1D22E.e.1040"}]}
COMMAND: GET /session/d1da2243ed5db842980eb3a0b04f68c1/element/f.88445BC73AA68FCADA91DF858886134B.d.E3E7370276DBA18B354CC835DCC1D22E.e.1040/enabled - {}
COMMAND: GET /session/d1da2243ed5db842980eb3a0b04f68c1/screenshot - {}
RESULT: {}
COMMAND: POST /session/d1da2243ed5db842980eb3a0b04f68c1/execute/sync - {"script":"<script> [8489 bytes]","args":[{"element-6066-11e4-a52e-4f735466cecf":"f.88445BC73AA68FCADA91DF858886134B.d.E3E7370276DBA18B354CC835DCC1D22E.e.1040","ELEMENT":"f.88445BC73AA68FCADA91DF858886134B.d.E3E7370276DBA18B354CC835DCC1D22E.e.1040"}]}
COMMAND: GET /session/d1da2243ed5db842980eb3a0b04f68c1/screenshot - {}
RESULT: {}
RESULT: {"script":"<script> [8489 bytes]","args":[{"element-6066-11e4-a52e-4f735466cecf":"f.88445BC73AA68FCADA91DF858886134B.d.E3E7370276DBA18B354CC835DCC1D22E.e.1040","ELEMENT":"f.88445BC73AA68FCADA91DF858886134B.d.E3E7370276DBA18B354CC835DCC1D22E.e.1040"}]}
COMMAND: POST /session/d1da2243ed5db842980eb3a0b04f68c1/execute/sync - {"script":"<script> [5351 bytes]","args":[{"element-6066-11e4-a52e-4f735466cecf":"f.88445BC73AA68FCADA91DF858886134B.d.E3E7370276DBA18B354CC835DCC1D22E.e.1040","ELEMENT":"f.88445BC73AA68FCADA91DF858886134B.d.E3E7370276DBA18B354CC835DCC1D22E.e.1040"}]}
COMMAND: GET /session/d1da2243ed5db842980eb3a0b04f68c1/screenshot - {}
RESULT: {}
RESULT: {"script":"<script> [5351 bytes]","args":[{"element-6066-11e4-a52e-4f735466cecf":"f.88445BC73AA68FCADA91DF858886134B.d.E3E7370276DBA18B354CC835DCC1D22E.e.1040","ELEMENT":"f.88445BC73AA68FCADA91DF858886134B.d.E3E7370276DBA18B354CC835DCC1D22E.e.1040"}]}
COMMAND: POST /session/d1da2243ed5db842980eb3a0b04f68c1/element/f.88445BC73AA68FCADA91DF858886134B.d.E3E7370276DBA18B354CC835DCC1D22E.e.1040/click - {}
COMMAND: GET /session/d1da2243ed5db842980eb3a0b04f68c1/screenshot - {}
RESULT: {}
RESULT: {}
COMMAND: GET /session/d1da2243ed5db842980eb3a0b04f68c1/screenshot - {}
COMMAND: POST /session/d1da2243ed5db842980eb3a0b04f68c1/execute/async - {"script":"<script> [1562 bytes]","args":[{"selector":{"id":"application-managepartners-display-component---NewPartner--addressDetailDetailsName1","interaction":{"idSuffix":"inner"}},"wdio_ui5_key":"applicationmanagepartners-display-component---NewPartner--addressDetailDetailsName1"}]}
RESULT: {}
RESULT: {}
RESULT: {"script":"<script> [1562 bytes]","args":[{"selector":{"id":"application-managepartners-display-component---NewPartner--addressDetailDetailsName1","interaction":{"idSuffix":"inner"}},"wdio_ui5_key":"applicationmanagepartners-display-component---NewPartner--addressDetailDetailsName1"}]}
RESULT: undefined
COMMAND: POST /session/d1da2243ed5db842980eb3a0b04f68c1/execute/async - {"script":"<script> [776 bytes]","args":[{"enterText":"External Partner WDIO","selector":{"id":"application-managepartners-display-component---NewPartner--addressDetailDetailsName1","interaction":{"idSuffix":"inner"}},"clearTextFirst":true,"interactionType":"ENTER_TEXT"}]}
RESULT: {"script":"<script> [776 bytes]","args":[{"enterText":"External Partner WDIO","selector":{"id":"application-managepartners-display-component---NewPartner--addressDetailDetailsName1","interaction":{"idSuffix":"inner"}},"clearTextFirst":true,"interactionType":"ENTER_TEXT"}]}
COMMAND: POST /session/d1da2243ed5db842980eb3a0b04f68c1/execute/async - {"script":"<script> [1562 bytes]","args":[{"selector":{"id":"application-managepartners-display-component---NewPartner--addressDetailDetailsLanguage-arrow"},"wdio_ui5_key":"applicationmanagepartners-display-component---NewPartner--addressDetailDetailsLanguage-arrow"}]}
RESULT: {"script":"<script> [1562 bytes]","args":[{"selector":{"id":"application-managepartners-display-component---NewPartner--addressDetailDetailsLanguage-arrow"},"wdio_ui5_key":"applicationmanagepartners-display-component---NewPartner--addressDetailDetailsLanguage-arrow"}]}
RESULT: undefined
COMMAND: POST /session/d1da2243ed5db842980eb3a0b04f68c1/element - {"using":"xpath","value":"//*[@id=\"application-managepartners-display-component---NewPartner--addressDetailDetailsLanguage-arrow\"]"}
RESULT: {"using":"xpath","value":"//*[@id=\"application-managepartners-display-component---NewPartner--addressDetailDetailsLanguage-arrow\"]"}
COMMAND: POST /session/d1da2243ed5db842980eb3a0b04f68c1/element/f.88445BC73AA68FCADA91DF858886134B.d.E3E7370276DBA18B354CC835DCC1D22E.e.1480/click - {}
RESULT: {}
COMMAND: POST /session/d1da2243ed5db842980eb3a0b04f68c1/element - {"using":"xpath","value":"//span[contains(text(), \"English\")]"}
COMMAND: GET /session/d1da2243ed5db842980eb3a0b04f68c1/screenshot - {}
RESULT: {"using":"xpath","value":"//span[contains(text(), \"English\")]"}
COMMAND: POST /session/d1da2243ed5db842980eb3a0b04f68c1/element/f.88445BC73AA68FCADA91DF858886134B.d.E3E7370276DBA18B354CC835DCC1D22E.e.1481/click - {}
RESULT: {}
RESULT: {}
COMMAND: GET /session/d1da2243ed5db842980eb3a0b04f68c1/screenshot - {}
RESULT: {}
COMMAND: POST /session/d1da2243ed5db842980eb3a0b04f68c1/execute/async - {"script":"<script> [1562 bytes]","args":[{"selector":{"id":"application-managepartners-display-component---NewPartner--addressDetailDetailsCity1","interaction":{"idSuffix":"inner"}},"wdio_ui5_key":"applicationmanagepartners-display-component---NewPartner--addressDetailDetailsCity1"}]}
RESULT: {"script":"<script> [1562 bytes]","args":[{"selector":{"id":"application-managepartners-display-component---NewPartner--addressDetailDetailsCity1","interaction":{"idSuffix":"inner"}},"wdio_ui5_key":"applicationmanagepartners-display-component---NewPartner--addressDetailDetailsCity1"}]}
RESULT: undefined
COMMAND: POST /session/d1da2243ed5db842980eb3a0b04f68c1/execute/async - {"script":"<script> [776 bytes]","args":[{"enterText":"Rosario","selector":{"id":"application-managepartners-display-component---NewPartner--addressDetailDetailsCity1","interaction":{"idSuffix":"inner"}},"clearTextFirst":true,"interactionType":"ENTER_TEXT"}]}
RESULT: {"script":"<script> [776 bytes]","args":[{"enterText":"Rosario","selector":{"id":"application-managepartners-display-component---NewPartner--addressDetailDetailsCity1","interaction":{"idSuffix":"inner"}},"clearTextFirst":true,"interactionType":"ENTER_TEXT"}]}
COMMAND: POST /session/d1da2243ed5db842980eb3a0b04f68c1/execute/async - {"script":"<script> [1562 bytes]","args":[{"selector":{"id":"application-managepartners-display-component---NewPartner--addressDetailDetailsCountry-arrow"},"wdio_ui5_key":"applicationmanagepartners-display-component---NewPartner--addressDetailDetailsCountry-arrow"}]}
RESULT: {"script":"<script> [1562 bytes]","args":[{"selector":{"id":"application-managepartners-display-component---NewPartner--addressDetailDetailsCountry-arrow"},"wdio_ui5_key":"applicationmanagepartners-display-component---NewPartner--addressDetailDetailsCountry-arrow"}]}
RESULT: undefined
COMMAND: POST /session/d1da2243ed5db842980eb3a0b04f68c1/element - {"using":"xpath","value":"//*[@id=\"application-managepartners-display-component---NewPartner--addressDetailDetailsCountry-arrow\"]"}
RESULT: {"using":"xpath","value":"//*[@id=\"application-managepartners-display-component---NewPartner--addressDetailDetailsCountry-arrow\"]"}
COMMAND: POST /session/d1da2243ed5db842980eb3a0b04f68c1/element/f.88445BC73AA68FCADA91DF858886134B.d.E3E7370276DBA18B354CC835DCC1D22E.e.1462/click - {}
RESULT: {}
COMMAND: POST /session/d1da2243ed5db842980eb3a0b04f68c1/element - {"using":"xpath","value":"//span[contains(text(), \"Argentina\")]"}
COMMAND: GET /session/d1da2243ed5db842980eb3a0b04f68c1/screenshot - {}
RESULT: {"using":"xpath","value":"//span[contains(text(), \"Argentina\")]"}
COMMAND: POST /session/d1da2243ed5db842980eb3a0b04f68c1/element/f.88445BC73AA68FCADA91DF858886134B.d.E3E7370276DBA18B354CC835DCC1D22E.e.1483/click - {}
RESULT: {}
RESULT: {}
COMMAND: GET /session/d1da2243ed5db842980eb3a0b04f68c1/screenshot - {}
RESULT: {}
COMMAND: POST /session/d1da2243ed5db842980eb3a0b04f68c1/element - {"using":"xpath","value":"//bdi[contains(text(), \"Commercial\")]"}
RESULT: {"using":"xpath","value":"//bdi[contains(text(), \"Commercial\")]"}
COMMAND: POST /session/d1da2243ed5db842980eb3a0b04f68c1/element/f.88445BC73AA68FCADA91DF858886134B.d.E3E7370276DBA18B354CC835DCC1D22E.e.1484/click - {}
RESULT: {}
COMMAND: GET /session/d1da2243ed5db842980eb3a0b04f68c1/screenshot - {}
RESULT: {}
COMMAND: POST /session/d1da2243ed5db842980eb3a0b04f68c1/execute/async - {"script":"<script> [1562 bytes]","args":[{"selector":{"id":"application-managepartners-display-component---NewPartner--partnerDetailInternal-arrow"},"wdio_ui5_key":"applicationmanagepartners-display-component---NewPartner--partnerDetailInternal-arrow"}]}
RESULT: {"script":"<script> [1562 bytes]","args":[{"selector":{"id":"application-managepartners-display-component---NewPartner--partnerDetailInternal-arrow"},"wdio_ui5_key":"applicationmanagepartners-display-component---NewPartner--partnerDetailInternal-arrow"}]}
RESULT: undefined
COMMAND: POST /session/d1da2243ed5db842980eb3a0b04f68c1/element - {"using":"xpath","value":"//*[@id=\"application-managepartners-display-component---NewPartner--partnerDetailInternal-arrow\"]"}
RESULT: {"using":"xpath","value":"//*[@id=\"application-managepartners-display-component---NewPartner--partnerDetailInternal-arrow\"]"}
COMMAND: POST /session/d1da2243ed5db842980eb3a0b04f68c1/element/f.88445BC73AA68FCADA91DF858886134B.d.E3E7370276DBA18B354CC835DCC1D22E.e.1492/click - {}
RESULT: {}
COMMAND: POST /session/d1da2243ed5db842980eb3a0b04f68c1/element - {"using":"xpath","value":"//span[contains(text(), \"External partner\")]"}
COMMAND: GET /session/d1da2243ed5db842980eb3a0b04f68c1/screenshot - {}
RESULT: {"using":"xpath","value":"//span[contains(text(), \"External partner\")]"}
COMMAND: POST /session/d1da2243ed5db842980eb3a0b04f68c1/element/f.88445BC73AA68FCADA91DF858886134B.d.E3E7370276DBA18B354CC835DCC1D22E.e.1493/click - {}
RESULT: {}
RESULT: {}
COMMAND: POST /session/d1da2243ed5db842980eb3a0b04f68c1/execute/async - {"script":"<script> [1562 bytes]","args":[{"selector":{"id":"application-managepartners-display-component---NewPartner--partnerDetailsCurrency-arrow"},"wdio_ui5_key":"applicationmanagepartners-display-component---NewPartner--partnerDetailsCurrency-arrow"}]}
COMMAND: GET /session/d1da2243ed5db842980eb3a0b04f68c1/screenshot - {}
RESULT: {"script":"<script> [1562 bytes]","args":[{"selector":{"id":"application-managepartners-display-component---NewPartner--partnerDetailsCurrency-arrow"},"wdio_ui5_key":"applicationmanagepartners-display-component---NewPartner--partnerDetailsCurrency-arrow"}]}
RESULT: undefined
COMMAND: POST /session/d1da2243ed5db842980eb3a0b04f68c1/element - {"using":"xpath","value":"//*[@id=\"application-managepartners-display-component---NewPartner--partnerDetailsCurrency-arrow\"]"}
RESULT: {}
RESULT: {"using":"xpath","value":"//*[@id=\"application-managepartners-display-component---NewPartner--partnerDetailsCurrency-arrow\"]"}
COMMAND: POST /session/d1da2243ed5db842980eb3a0b04f68c1/element/f.88445BC73AA68FCADA91DF858886134B.d.E3E7370276DBA18B354CC835DCC1D22E.e.1498/click - {}
RESULT: {}
COMMAND: POST /session/d1da2243ed5db842980eb3a0b04f68c1/element - {"using":"xpath","value":"//span[contains(text(), \"US Dollar\")]"}
COMMAND: GET /session/d1da2243ed5db842980eb3a0b04f68c1/screenshot - {}
RESULT: {"using":"xpath","value":"//span[contains(text(), \"US Dollar\")]"}
COMMAND: POST /session/d1da2243ed5db842980eb3a0b04f68c1/element/f.88445BC73AA68FCADA91DF858886134B.d.E3E7370276DBA18B354CC835DCC1D22E.e.1499/click - {}
RESULT: {}
RESULT: {}
COMMAND: GET /session/d1da2243ed5db842980eb3a0b04f68c1/screenshot - {}
RESULT: {}
COMMAND: POST /session/d1da2243ed5db842980eb3a0b04f68c1/element - {"using":"xpath","value":"//input[@id=\"application-managepartners-display-component---NewPartner--companyCodeComboBox-inner\"]"}
RESULT: {"using":"xpath","value":"//input[@id=\"application-managepartners-display-component---NewPartner--companyCodeComboBox-inner\"]"}
COMMAND: POST /session/d1da2243ed5db842980eb3a0b04f68c1/element/f.88445BC73AA68FCADA91DF858886134B.d.E3E7370276DBA18B354CC835DCC1D22E.e.1341/clear - {}
RESULT: {}
COMMAND: POST /session/d1da2243ed5db842980eb3a0b04f68c1/element/f.88445BC73AA68FCADA91DF858886134B.d.E3E7370276DBA18B354CC835DCC1D22E.e.1341/value - {"text":"C002"}
COMMAND: GET /session/d1da2243ed5db842980eb3a0b04f68c1/screenshot - {}
RESULT: {"text":"C002"}
COMMAND: GET /session/d1da2243ed5db842980eb3a0b04f68c1/screenshot - {}
RESULT: {}
RESULT: {}
COMMAND: POST /session/d1da2243ed5db842980eb3a0b04f68c1/element - {"using":"xpath","value":"//li[.//span[text()= \"C002\"]]"}
RESULT: {"using":"xpath","value":"//li[.//span[text()= \"C002\"]]"}
COMMAND: POST /session/d1da2243ed5db842980eb3a0b04f68c1/element/f.88445BC73AA68FCADA91DF858886134B.d.E3E7370276DBA18B354CC835DCC1D22E.e.1503/click - {}
RESULT: {}
COMMAND: GET /session/d1da2243ed5db842980eb3a0b04f68c1/screenshot - {}
RESULT: {}
COMMAND: POST /session/d1da2243ed5db842980eb3a0b04f68c1/execute/async - {"script":"<script> [1562 bytes]","args":[{"selector":{"controlType":"sap.ui.core.Icon","viewName":"etm.portal.ui.managepartners.view.NewPartner","viewId":"application-managepartners-display-component---NewPartner","properties":{"src":{"regex":{"source":"slim\\-arrow\\-down"}}},"ancestor":{"controlType":"sap.m.ComboBox","viewName":"etm.portal.ui.managepartners.view.NewPartner","viewId":"application-managepartners-display-component---NewPartner","bindingPath":{"path":"","propertyPath":"/CATALOG","modelName":"oNewPartnerModel"}}},"wdio_ui5_key":"etmportal.ui.managepartners.view.NewPartnersap.ui.core.Icon{\"src\":{\"regex\":{\"source\":\"slim\\\\-arrow\\\\-down\"}}}{\"controlType\":\"sap.m.ComboBox\",\"viewName\":\"etm.portal.ui.managepartners.view.NewPartner\",\"viewId\":\"application-managepartners-display-component---NewPartner\",\"bindingPath\":{\"path\":\"\",\"propertyPath\":\"/CATALOG\",\"modelName\":\"oNewPartnerModel\"}}"}]}
RESULT: {"script":"<script> [1562 bytes]","args":[{"selector":{"controlType":"sap.ui.core.Icon","viewName":"etm.portal.ui.managepartners.view.NewPartner","viewId":"application-managepartners-display-component---NewPartner","properties":{"src":{"regex":{"source":"slim\\-arrow\\-down"}}},"ancestor":{"controlType":"sap.m.ComboBox","viewName":"etm.portal.ui.managepartners.view.NewPartner","viewId":"application-managepartners-display-component---NewPartner","bindingPath":{"path":"","propertyPath":"/CATALOG","modelName":"oNewPartnerModel"}}},"wdio_ui5_key":"etmportal.ui.managepartners.view.NewPartnersap.ui.core.Icon{\"src\":{\"regex\":{\"source\":\"slim\\\\-arrow\\\\-down\"}}}{\"controlType\":\"sap.m.ComboBox\",\"viewName\":\"etm.portal.ui.managepartners.view.NewPartner\",\"viewId\":\"application-managepartners-display-component---NewPartner\",\"bindingPath\":{\"path\":\"\",\"propertyPath\":\"/CATALOG\",\"modelName\":\"oNewPartnerModel\"}}"}]}
RESULT: undefined
COMMAND: POST /session/d1da2243ed5db842980eb3a0b04f68c1/element - {"using":"xpath","value":"//*[@id=\"__box22-arrow\"]"}
RESULT: {"using":"xpath","value":"//*[@id=\"__box22-arrow\"]"}
COMMAND: POST /session/d1da2243ed5db842980eb3a0b04f68c1/element/f.88445BC73AA68FCADA91DF858886134B.d.E3E7370276DBA18B354CC835DCC1D22E.e.1463/click - {}
RESULT: {}
COMMAND: GET /session/d1da2243ed5db842980eb3a0b04f68c1/screenshot - {}
RESULT: {}
COMMAND: POST /session/d1da2243ed5db842980eb3a0b04f68c1/element - {"using":"xpath","value":"//ul[contains(@id,\"popup-list-listUl\")]//li[.//span[text()= \"Webshop Catalog\"]]"}
RESULT: {"using":"xpath","value":"//ul[contains(@id,\"popup-list-listUl\")]//li[.//span[text()= \"Webshop Catalog\"]]"}
COMMAND: POST /session/d1da2243ed5db842980eb3a0b04f68c1/element/f.88445BC73AA68FCADA91DF858886134B.d.E3E7370276DBA18B354CC835DCC1D22E.e.1505/click - {}
RESULT: {}
COMMAND: GET /session/d1da2243ed5db842980eb3a0b04f68c1/screenshot - {}
RESULT: {}
COMMAND: POST /session/d1da2243ed5db842980eb3a0b04f68c1/execute/async - {"script":"<script> [1562 bytes]","args":[{"selector":{"id":"application-managepartners-display-component---NewPartner--btnAddTableRow-img"},"wdio_ui5_key":"applicationmanagepartners-display-component---NewPartner--btnAddTableRow-img"}]}
RESULT: {"script":"<script> [1562 bytes]","args":[{"selector":{"id":"application-managepartners-display-component---NewPartner--btnAddTableRow-img"},"wdio_ui5_key":"applicationmanagepartners-display-component---NewPartner--btnAddTableRow-img"}]}
RESULT: undefined
COMMAND: POST /session/d1da2243ed5db842980eb3a0b04f68c1/element - {"using":"xpath","value":"//*[@id=\"application-managepartners-display-component---NewPartner--btnAddTableRow-img\"]"}
RESULT: {"using":"xpath","value":"//*[@id=\"application-managepartners-display-component---NewPartner--btnAddTableRow-img\"]"}
COMMAND: POST /session/d1da2243ed5db842980eb3a0b04f68c1/element/f.88445BC73AA68FCADA91DF858886134B.d.E3E7370276DBA18B354CC835DCC1D22E.e.1506/click - {}
RESULT: {}
COMMAND: GET /session/d1da2243ed5db842980eb3a0b04f68c1/screenshot - {}
RESULT: {}
COMMAND: POST /session/d1da2243ed5db842980eb3a0b04f68c1/element - {"using":"xpath","value":"//input[@id=\"application-managepartners-display-component---NewPartner--assignmentYard-application-managepartners-display-component---NewPartner--assignmentsTable-0-inner\"]"}
RESULT: {"using":"xpath","value":"//input[@id=\"application-managepartners-display-component---NewPartner--assignmentYard-application-managepartners-display-component---NewPartner--assignmentsTable-0-inner\"]"}
COMMAND: POST /session/d1da2243ed5db842980eb3a0b04f68c1/element/f.88445BC73AA68FCADA91DF858886134B.d.E3E7370276DBA18B354CC835DCC1D22E.e.1509/clear - {}
RESULT: {}
COMMAND: POST /session/d1da2243ed5db842980eb3a0b04f68c1/element/f.88445BC73AA68FCADA91DF858886134B.d.E3E7370276DBA18B354CC835DCC1D22E.e.1509/value - {"text":"533"}
COMMAND: GET /session/d1da2243ed5db842980eb3a0b04f68c1/screenshot - {}
RESULT: {"text":"533"}
COMMAND: GET /session/d1da2243ed5db842980eb3a0b04f68c1/screenshot - {}
RESULT: {}
RESULT: {}
COMMAND: POST /session/d1da2243ed5db842980eb3a0b04f68c1/element - {"using":"xpath","value":"//li[.//span[text()='533']]"}
RESULT: {"using":"xpath","value":"//li[.//span[text()='533']]"}
COMMAND: POST /session/d1da2243ed5db842980eb3a0b04f68c1/element/f.88445BC73AA68FCADA91DF858886134B.d.E3E7370276DBA18B354CC835DCC1D22E.e.1517/click - {}
RESULT: {}
COMMAND: GET /session/d1da2243ed5db842980eb3a0b04f68c1/screenshot - {}
RESULT: {}
COMMAND: POST /session/d1da2243ed5db842980eb3a0b04f68c1/actions - {"actions":[{"id":"action2","type":"key","parameters":{},"actions":[{"type":"keyDown","value":""},{"type":"pause","duration":10},{"type":"keyUp","value":""}]}]}
RESULT: {"actions":[{"id":"action2","type":"key","parameters":{},"actions":[{"type":"keyDown","value":""},{"type":"pause","duration":10},{"type":"keyUp","value":""}]}]}
COMMAND: POST /session/d1da2243ed5db842980eb3a0b04f68c1/element - {"using":"xpath","value":"//td[contains(@id, \"assignmentsTable-0-cell2\")]/div/div"}
COMMAND: GET /session/d1da2243ed5db842980eb3a0b04f68c1/screenshot - {}
RESULT: {"using":"xpath","value":"//td[contains(@id, \"assignmentsTable-0-cell2\")]/div/div"}
COMMAND: POST /session/d1da2243ed5db842980eb3a0b04f68c1/element/f.88445BC73AA68FCADA91DF858886134B.d.E3E7370276DBA18B354CC835DCC1D22E.e.1520/click - {}
RESULT: {}
RESULT: {}
COMMAND: GET /session/d1da2243ed5db842980eb3a0b04f68c1/screenshot - {}
RESULT: {}
COMMAND: POST /session/d1da2243ed5db842980eb3a0b04f68c1/element - {"using":"xpath","value":"//button[@data-kt=\"saveButton\"]"}
RESULT: {"using":"xpath","value":"//button[@data-kt=\"saveButton\"]"}
COMMAND: POST /session/d1da2243ed5db842980eb3a0b04f68c1/element/f.88445BC73AA68FCADA91DF858886134B.d.E3E7370276DBA18B354CC835DCC1D22E.e.1464/click - {}
RESULT: {}
COMMAND: GET /session/d1da2243ed5db842980eb3a0b04f68c1/screenshot - {}
RESULT: {}
COMMAND: POST /session/d1da2243ed5db842980eb3a0b04f68c1/element - {"using":"xpath","value":"//header[contains(@id, 'ObjectPageLayout-headerTitle')]/div[1]/div[2]/div[2]/span[1]"}
RESULT: {"using":"xpath","value":"//header[contains(@id, 'ObjectPageLayout-headerTitle')]/div[1]/div[2]/div[2]/span[1]"}
COMMAND: POST /session/d1da2243ed5db842980eb3a0b04f68c1/elements - {"using":"xpath","value":"//header[contains(@id, 'ObjectPageLayout-headerTitle')]/div[1]/div[2]/div[2]/span[1]"}
RESULT: {"using":"xpath","value":"//header[contains(@id, 'ObjectPageLayout-headerTitle')]/div[1]/div[2]/div[2]/span[1]"}
COMMAND: POST /session/d1da2243ed5db842980eb3a0b04f68c1/execute/sync - {"script":"<script> [56 bytes]","args":[{"element-6066-11e4-a52e-4f735466cecf":"f.88445BC73AA68FCADA91DF858886134B.d.E3E7370276DBA18B354CC835DCC1D22E.e.1684","ELEMENT":"f.88445BC73AA68FCADA91DF858886134B.d.E3E7370276DBA18B354CC835DCC1D22E.e.1684"}]}
RESULT: {"script":"<script> [56 bytes]","args":[{"element-6066-11e4-a52e-4f735466cecf":"f.88445BC73AA68FCADA91DF858886134B.d.E3E7370276DBA18B354CC835DCC1D22E.e.1684","ELEMENT":"f.88445BC73AA68FCADA91DF858886134B.d.E3E7370276DBA18B354CC835DCC1D22E.e.1684"}]}
COMMAND: POST /session/d1da2243ed5db842980eb3a0b04f68c1/element - {"using":"css selector","value":"#shell-header-logo"}
COMMAND: GET /session/d1da2243ed5db842980eb3a0b04f68c1/screenshot - {}
RESULT: {"using":"css selector","value":"#shell-header-logo"}
COMMAND: POST /session/d1da2243ed5db842980eb3a0b04f68c1/element/f.88445BC73AA68FCADA91DF858886134B.d.E3E7370276DBA18B354CC835DCC1D22E.e.995/click - {}
RESULT: {}
RESULT: {}
COMMAND: GET /session/d1da2243ed5db842980eb3a0b04f68c1/screenshot - {}
RESULT: {}
COMMAND: POST /session/d1da2243ed5db842980eb3a0b04f68c1/execute/sync - {"script":"<script> [299 bytes]","args":[["getModel","getResource"]]}
RESULT: {"script":"<script> [299 bytes]","args":[["getModel","getResource"]]}
]]></system-out>
    </testcase>
    <testcase classname="chrome.136_0_7103_93.windows.Partner_specific_tests_US150819_US151080_US151654_US151176_US103444_US151078_US151079_US151109_US151174_US151175_US151189" name="Should filter and search partners US151080" time="93.071">
      <system-out><![CDATA[
COMMAND: POST /session/d1da2243ed5db842980eb3a0b04f68c1/element - {"using":"xpath","value":"//li[.//span[text()=\"Manage Partners\"]]"}
COMMAND: GET /session/d1da2243ed5db842980eb3a0b04f68c1/screenshot - {}
RESULT: {"using":"xpath","value":"//li[.//span[text()=\"Manage Partners\"]]"}
COMMAND: POST /session/d1da2243ed5db842980eb3a0b04f68c1/element - {"using":"xpath","value":"//li[.//span[text()=\"Manage Partners\"]]"}
RESULT: {}
RESULT: {"using":"xpath","value":"//li[.//span[text()=\"Manage Partners\"]]"}
COMMAND: POST /session/d1da2243ed5db842980eb3a0b04f68c1/element - {"using":"css selector","value":"#shell-header-logo"}
RESULT: {"using":"css selector","value":"#shell-header-logo"}
COMMAND: POST /session/d1da2243ed5db842980eb3a0b04f68c1/element/f.88445BC73AA68FCADA91DF858886134B.d.E3E7370276DBA18B354CC835DCC1D22E.e.1686/click - {}
COMMAND: POST /session/d1da2243ed5db842980eb3a0b04f68c1/execute/sync - {"script":"<script> [8489 bytes]","args":[{"element-6066-11e4-a52e-4f735466cecf":"f.88445BC73AA68FCADA91DF858886134B.d.E3E7370276DBA18B354CC835DCC1D22E.e.1686","ELEMENT":"f.88445BC73AA68FCADA91DF858886134B.d.E3E7370276DBA18B354CC835DCC1D22E.e.1686"}]}
RESULT: {}
COMMAND: GET /session/d1da2243ed5db842980eb3a0b04f68c1/screenshot - {}
RESULT: {"script":"<script> [8489 bytes]","args":[{"element-6066-11e4-a52e-4f735466cecf":"f.88445BC73AA68FCADA91DF858886134B.d.E3E7370276DBA18B354CC835DCC1D22E.e.1686","ELEMENT":"f.88445BC73AA68FCADA91DF858886134B.d.E3E7370276DBA18B354CC835DCC1D22E.e.1686"}]}
COMMAND: POST /session/d1da2243ed5db842980eb3a0b04f68c1/execute/sync - {"script":"<script> [5351 bytes]","args":[{"element-6066-11e4-a52e-4f735466cecf":"f.88445BC73AA68FCADA91DF858886134B.d.E3E7370276DBA18B354CC835DCC1D22E.e.1686","ELEMENT":"f.88445BC73AA68FCADA91DF858886134B.d.E3E7370276DBA18B354CC835DCC1D22E.e.1686"}]}
COMMAND: GET /session/d1da2243ed5db842980eb3a0b04f68c1/screenshot - {}
RESULT: {}
RESULT: {"script":"<script> [5351 bytes]","args":[{"element-6066-11e4-a52e-4f735466cecf":"f.88445BC73AA68FCADA91DF858886134B.d.E3E7370276DBA18B354CC835DCC1D22E.e.1686","ELEMENT":"f.88445BC73AA68FCADA91DF858886134B.d.E3E7370276DBA18B354CC835DCC1D22E.e.1686"}]}
COMMAND: GET /session/d1da2243ed5db842980eb3a0b04f68c1/screenshot - {}
RESULT: {}
RESULT: {}
RESULT: undefined
COMMAND: POST /session/d1da2243ed5db842980eb3a0b04f68c1/element - {"using":"xpath","value":"//*[@id=\"__tile38\"]"}
RESULT: {"using":"xpath","value":"//*[@id=\"__tile38\"]"}
COMMAND: POST /session/d1da2243ed5db842980eb3a0b04f68c1/element/f.88445BC73AA68FCADA91DF858886134B.d.E3E7370276DBA18B354CC835DCC1D22E.e.146/click - {}
RESULT: {}
COMMAND: GET /session/d1da2243ed5db842980eb3a0b04f68c1/screenshot - {}
RESULT: {}
COMMAND: POST /session/d1da2243ed5db842980eb3a0b04f68c1/elements - {"using":"xpath","value":"//span[text()='Error']"}
RESULT: {"using":"xpath","value":"//span[text()='Error']"}
COMMAND: POST /session/d1da2243ed5db842980eb3a0b04f68c1/element - {"using":"xpath","value":"//button[@data-kt=\"addButton\"]"}
RESULT: {"using":"xpath","value":"//button[@data-kt=\"addButton\"]"}
COMMAND: POST /session/d1da2243ed5db842980eb3a0b04f68c1/elements - {"using":"xpath","value":"//button[@data-kt=\"addButton\"]"}
RESULT: {"using":"xpath","value":"//button[@data-kt=\"addButton\"]"}
COMMAND: POST /session/d1da2243ed5db842980eb3a0b04f68c1/execute/sync - {"script":"<script> [8489 bytes]","args":[{"element-6066-11e4-a52e-4f735466cecf":"f.88445BC73AA68FCADA91DF858886134B.d.E3E7370276DBA18B354CC835DCC1D22E.e.1731","ELEMENT":"f.88445BC73AA68FCADA91DF858886134B.d.E3E7370276DBA18B354CC835DCC1D22E.e.1731"}]}
RESULT: {"script":"<script> [8489 bytes]","args":[{"element-6066-11e4-a52e-4f735466cecf":"f.88445BC73AA68FCADA91DF858886134B.d.E3E7370276DBA18B354CC835DCC1D22E.e.1731","ELEMENT":"f.88445BC73AA68FCADA91DF858886134B.d.E3E7370276DBA18B354CC835DCC1D22E.e.1731"}]}
COMMAND: GET /session/d1da2243ed5db842980eb3a0b04f68c1/element/f.88445BC73AA68FCADA91DF858886134B.d.E3E7370276DBA18B354CC835DCC1D22E.e.1731/enabled - {}
COMMAND: GET /session/d1da2243ed5db842980eb3a0b04f68c1/screenshot - {}
RESULT: {}
COMMAND: POST /session/d1da2243ed5db842980eb3a0b04f68c1/execute/sync - {"script":"<script> [8489 bytes]","args":[{"element-6066-11e4-a52e-4f735466cecf":"f.88445BC73AA68FCADA91DF858886134B.d.E3E7370276DBA18B354CC835DCC1D22E.e.1731","ELEMENT":"f.88445BC73AA68FCADA91DF858886134B.d.E3E7370276DBA18B354CC835DCC1D22E.e.1731"}]}
COMMAND: GET /session/d1da2243ed5db842980eb3a0b04f68c1/screenshot - {}
RESULT: {}
RESULT: {"script":"<script> [8489 bytes]","args":[{"element-6066-11e4-a52e-4f735466cecf":"f.88445BC73AA68FCADA91DF858886134B.d.E3E7370276DBA18B354CC835DCC1D22E.e.1731","ELEMENT":"f.88445BC73AA68FCADA91DF858886134B.d.E3E7370276DBA18B354CC835DCC1D22E.e.1731"}]}
COMMAND: POST /session/d1da2243ed5db842980eb3a0b04f68c1/execute/sync - {"script":"<script> [5351 bytes]","args":[{"element-6066-11e4-a52e-4f735466cecf":"f.88445BC73AA68FCADA91DF858886134B.d.E3E7370276DBA18B354CC835DCC1D22E.e.1731","ELEMENT":"f.88445BC73AA68FCADA91DF858886134B.d.E3E7370276DBA18B354CC835DCC1D22E.e.1731"}]}
COMMAND: GET /session/d1da2243ed5db842980eb3a0b04f68c1/screenshot - {}
RESULT: {}
RESULT: {"script":"<script> [5351 bytes]","args":[{"element-6066-11e4-a52e-4f735466cecf":"f.88445BC73AA68FCADA91DF858886134B.d.E3E7370276DBA18B354CC835DCC1D22E.e.1731","ELEMENT":"f.88445BC73AA68FCADA91DF858886134B.d.E3E7370276DBA18B354CC835DCC1D22E.e.1731"}]}
COMMAND: GET /session/d1da2243ed5db842980eb3a0b04f68c1/screenshot - {}
RESULT: {}
RESULT: {}
COMMAND: POST /session/d1da2243ed5db842980eb3a0b04f68c1/execute/async - {"script":"<script> [1562 bytes]","args":[{"selector":{"id":"application-managepartners-display-component---masterPtm--smartTable-btnPersonalisation-img"},"wdio_ui5_key":"applicationmanagepartners-display-component---masterPtm--smartTable-btnPersonalisation-img"}]}
RESULT: {"script":"<script> [1562 bytes]","args":[{"selector":{"id":"application-managepartners-display-component---masterPtm--smartTable-btnPersonalisation-img"},"wdio_ui5_key":"applicationmanagepartners-display-component---masterPtm--smartTable-btnPersonalisation-img"}]}
RESULT: undefined
COMMAND: POST /session/d1da2243ed5db842980eb3a0b04f68c1/element - {"using":"xpath","value":"//*[@id=\"application-managepartners-display-component---masterPtm--smartTable-btnPersonalisation-img\"]"}
RESULT: {"using":"xpath","value":"//*[@id=\"application-managepartners-display-component---masterPtm--smartTable-btnPersonalisation-img\"]"}
COMMAND: POST /session/d1da2243ed5db842980eb3a0b04f68c1/element/f.88445BC73AA68FCADA91DF858886134B.d.E3E7370276DBA18B354CC835DCC1D22E.e.1736/click - {}
RESULT: {}
COMMAND: GET /session/d1da2243ed5db842980eb3a0b04f68c1/screenshot - {}
RESULT: {}
COMMAND: POST /session/d1da2243ed5db842980eb3a0b04f68c1/execute/async - {"script":"<script> [1562 bytes]","args":[{"selector":{"controlType":"sap.m.IconTabFilter","viewName":"etm.portal.ui.managepartners.view.Master","viewId":"application-managepartners-display-component---masterPtm","properties":{"text":"Sort"},"searchOpenDialogs":true,"interaction":{"idSuffix":"text"}},"wdio_ui5_key":"etmportal.ui.managepartners.view.Mastersap.m.IconTabFilter{\"text\":\"Sort\"}"}]}
RESULT: {"script":"<script> [1562 bytes]","args":[{"selector":{"controlType":"sap.m.IconTabFilter","viewName":"etm.portal.ui.managepartners.view.Master","viewId":"application-managepartners-display-component---masterPtm","properties":{"text":"Sort"},"searchOpenDialogs":true,"interaction":{"idSuffix":"text"}},"wdio_ui5_key":"etmportal.ui.managepartners.view.Mastersap.m.IconTabFilter{\"text\":\"Sort\"}"}]}
RESULT: undefined
COMMAND: POST /session/d1da2243ed5db842980eb3a0b04f68c1/element - {"using":"xpath","value":"//*[@id=\"__filter1\"]"}
RESULT: {"using":"xpath","value":"//*[@id=\"__filter1\"]"}
COMMAND: POST /session/d1da2243ed5db842980eb3a0b04f68c1/element/f.88445BC73AA68FCADA91DF858886134B.d.E3E7370276DBA18B354CC835DCC1D22E.e.1875/click - {}
RESULT: {}
COMMAND: GET /session/d1da2243ed5db842980eb3a0b04f68c1/screenshot - {}
RESULT: {}
COMMAND: POST /session/d1da2243ed5db842980eb3a0b04f68c1/element - {"using":"xpath","value":"//input[@placeholder=\"Sort by\"]/following-sibling::div//span"}
RESULT: {"using":"xpath","value":"//input[@placeholder=\"Sort by\"]/following-sibling::div//span"}
COMMAND: POST /session/d1da2243ed5db842980eb3a0b04f68c1/element/f.88445BC73AA68FCADA91DF858886134B.d.E3E7370276DBA18B354CC835DCC1D22E.e.1877/click - {}
RESULT: {}
COMMAND: GET /session/d1da2243ed5db842980eb3a0b04f68c1/screenshot - {}
RESULT: {}
COMMAND: POST /session/d1da2243ed5db842980eb3a0b04f68c1/element - {"using":"xpath","value":"//li[.//span[text()=\"Language\"]]"}
RESULT: {"using":"xpath","value":"//li[.//span[text()=\"Language\"]]"}
COMMAND: POST /session/d1da2243ed5db842980eb3a0b04f68c1/element/f.88445BC73AA68FCADA91DF858886134B.d.E3E7370276DBA18B354CC835DCC1D22E.e.1878/click - {}
RESULT: {}
COMMAND: GET /session/d1da2243ed5db842980eb3a0b04f68c1/screenshot - {}
RESULT: {}
COMMAND: POST /session/d1da2243ed5db842980eb3a0b04f68c1/element - {"using":"xpath","value":"//bdi[contains(text(), \"OK\")]"}
RESULT: {"using":"xpath","value":"//bdi[contains(text(), \"OK\")]"}
COMMAND: POST /session/d1da2243ed5db842980eb3a0b04f68c1/element/f.88445BC73AA68FCADA91DF858886134B.d.E3E7370276DBA18B354CC835DCC1D22E.e.1882/click - {}
RESULT: {}
COMMAND: GET /session/d1da2243ed5db842980eb3a0b04f68c1/screenshot - {}
RESULT: {}
COMMAND: POST /session/d1da2243ed5db842980eb3a0b04f68c1/element - {"using":"xpath","value":"//table[contains(@id, \"customPartnersTable\")]//tbody/tr[1]/td[3]/span"}
RESULT: {"using":"xpath","value":"//table[contains(@id, \"customPartnersTable\")]//tbody/tr[1]/td[3]/span"}
COMMAND: POST /session/d1da2243ed5db842980eb3a0b04f68c1/execute/sync - {"script":"<script> [56 bytes]","args":[{"element-6066-11e4-a52e-4f735466cecf":"f.88445BC73AA68FCADA91DF858886134B.d.E3E7370276DBA18B354CC835DCC1D22E.e.1990","ELEMENT":"f.88445BC73AA68FCADA91DF858886134B.d.E3E7370276DBA18B354CC835DCC1D22E.e.1990"}]}
RESULT: {"script":"<script> [56 bytes]","args":[{"element-6066-11e4-a52e-4f735466cecf":"f.88445BC73AA68FCADA91DF858886134B.d.E3E7370276DBA18B354CC835DCC1D22E.e.1990","ELEMENT":"f.88445BC73AA68FCADA91DF858886134B.d.E3E7370276DBA18B354CC835DCC1D22E.e.1990"}]}
RESULT: undefined
COMMAND: POST /session/d1da2243ed5db842980eb3a0b04f68c1/element - {"using":"xpath","value":"//*[@id=\"application-managepartners-display-component---masterPtm--smartTable-btnPersonalisation-img\"]"}
COMMAND: GET /session/d1da2243ed5db842980eb3a0b04f68c1/screenshot - {}
RESULT: {"using":"xpath","value":"//*[@id=\"application-managepartners-display-component---masterPtm--smartTable-btnPersonalisation-img\"]"}
COMMAND: POST /session/d1da2243ed5db842980eb3a0b04f68c1/element/f.88445BC73AA68FCADA91DF858886134B.d.E3E7370276DBA18B354CC835DCC1D22E.e.1736/click - {}
RESULT: {}
RESULT: {}
COMMAND: GET /session/d1da2243ed5db842980eb3a0b04f68c1/screenshot - {}
RESULT: {}
COMMAND: POST /session/d1da2243ed5db842980eb3a0b04f68c1/element - {"using":"xpath","value":"//bdi[contains(text(), \"Reset\")]"}
RESULT: {"using":"xpath","value":"//bdi[contains(text(), \"Reset\")]"}
COMMAND: POST /session/d1da2243ed5db842980eb3a0b04f68c1/element/f.88445BC73AA68FCADA91DF858886134B.d.E3E7370276DBA18B354CC835DCC1D22E.e.1995/click - {}
RESULT: {}
COMMAND: GET /session/d1da2243ed5db842980eb3a0b04f68c1/screenshot - {}
RESULT: {}
COMMAND: POST /session/d1da2243ed5db842980eb3a0b04f68c1/element - {"using":"xpath","value":"(//bdi[contains(text(), \"OK\")])[2]"}
RESULT: {"using":"xpath","value":"(//bdi[contains(text(), \"OK\")])[2]"}
COMMAND: POST /session/d1da2243ed5db842980eb3a0b04f68c1/element/f.88445BC73AA68FCADA91DF858886134B.d.E3E7370276DBA18B354CC835DCC1D22E.e.1997/click - {}
RESULT: {}
COMMAND: GET /session/d1da2243ed5db842980eb3a0b04f68c1/screenshot - {}
RESULT: {}
COMMAND: POST /session/d1da2243ed5db842980eb3a0b04f68c1/element - {"using":"xpath","value":"//bdi[contains(text(), \"OK\")]"}
RESULT: {"using":"xpath","value":"//bdi[contains(text(), \"OK\")]"}
COMMAND: POST /session/d1da2243ed5db842980eb3a0b04f68c1/element/f.88445BC73AA68FCADA91DF858886134B.d.E3E7370276DBA18B354CC835DCC1D22E.e.2047/click - {}
RESULT: {}
COMMAND: GET /session/d1da2243ed5db842980eb3a0b04f68c1/screenshot - {}
RESULT: {}
COMMAND: POST /session/d1da2243ed5db842980eb3a0b04f68c1/element - {"using":"xpath","value":"//table[contains(@id, \"customPartnersTable\")]//tbody/tr[1]/td[3]/span"}
RESULT: {"using":"xpath","value":"//table[contains(@id, \"customPartnersTable\")]//tbody/tr[1]/td[3]/span"}
COMMAND: POST /session/d1da2243ed5db842980eb3a0b04f68c1/execute/sync - {"script":"<script> [56 bytes]","args":[{"element-6066-11e4-a52e-4f735466cecf":"f.88445BC73AA68FCADA91DF858886134B.d.E3E7370276DBA18B354CC835DCC1D22E.e.2049","ELEMENT":"f.88445BC73AA68FCADA91DF858886134B.d.E3E7370276DBA18B354CC835DCC1D22E.e.2049"}]}
RESULT: {"script":"<script> [56 bytes]","args":[{"element-6066-11e4-a52e-4f735466cecf":"f.88445BC73AA68FCADA91DF858886134B.d.E3E7370276DBA18B354CC835DCC1D22E.e.2049","ELEMENT":"f.88445BC73AA68FCADA91DF858886134B.d.E3E7370276DBA18B354CC835DCC1D22E.e.2049"}]}
RESULT: undefined
COMMAND: POST /session/d1da2243ed5db842980eb3a0b04f68c1/element - {"using":"xpath","value":"//*[@id=\"application-managepartners-display-component---masterPtm--smartTable-btnPersonalisation-img\"]"}
COMMAND: GET /session/d1da2243ed5db842980eb3a0b04f68c1/screenshot - {}
RESULT: {"using":"xpath","value":"//*[@id=\"application-managepartners-display-component---masterPtm--smartTable-btnPersonalisation-img\"]"}
COMMAND: POST /session/d1da2243ed5db842980eb3a0b04f68c1/element/f.88445BC73AA68FCADA91DF858886134B.d.E3E7370276DBA18B354CC835DCC1D22E.e.1736/click - {}
RESULT: {}
RESULT: {}
COMMAND: GET /session/d1da2243ed5db842980eb3a0b04f68c1/screenshot - {}
RESULT: {}
COMMAND: POST /session/d1da2243ed5db842980eb3a0b04f68c1/execute/async - {"script":"<script> [1562 bytes]","args":[{"selector":{"controlType":"sap.m.IconTabFilter","viewName":"etm.portal.ui.managepartners.view.Master","viewId":"application-managepartners-display-component---masterPtm","properties":{"text":"Filter"},"searchOpenDialogs":true,"interaction":{"idSuffix":"text"}},"wdio_ui5_key":"etmportal.ui.managepartners.view.Mastersap.m.IconTabFilter{\"text\":\"Filter\"}"}]}
RESULT: {"script":"<script> [1562 bytes]","args":[{"selector":{"controlType":"sap.m.IconTabFilter","viewName":"etm.portal.ui.managepartners.view.Master","viewId":"application-managepartners-display-component---masterPtm","properties":{"text":"Filter"},"searchOpenDialogs":true,"interaction":{"idSuffix":"text"}},"wdio_ui5_key":"etmportal.ui.managepartners.view.Mastersap.m.IconTabFilter{\"text\":\"Filter\"}"}]}
RESULT: undefined
COMMAND: POST /session/d1da2243ed5db842980eb3a0b04f68c1/element - {"using":"xpath","value":"//*[@id=\"__filter10\"]"}
RESULT: {"using":"xpath","value":"//*[@id=\"__filter10\"]"}
COMMAND: POST /session/d1da2243ed5db842980eb3a0b04f68c1/element/f.88445BC73AA68FCADA91DF858886134B.d.E3E7370276DBA18B354CC835DCC1D22E.e.2054/click - {}
RESULT: {}
COMMAND: GET /session/d1da2243ed5db842980eb3a0b04f68c1/screenshot - {}
RESULT: {}
COMMAND: POST /session/d1da2243ed5db842980eb3a0b04f68c1/element - {"using":"xpath","value":"//input[@placeholder=\"Filter by\"]/following-sibling::div//span"}
RESULT: {"using":"xpath","value":"//input[@placeholder=\"Filter by\"]/following-sibling::div//span"}
COMMAND: POST /session/d1da2243ed5db842980eb3a0b04f68c1/element/f.88445BC73AA68FCADA91DF858886134B.d.E3E7370276DBA18B354CC835DCC1D22E.e.2056/click - {}
RESULT: {}
COMMAND: GET /session/d1da2243ed5db842980eb3a0b04f68c1/screenshot - {}
RESULT: {}
COMMAND: POST /session/d1da2243ed5db842980eb3a0b04f68c1/element - {"using":"xpath","value":"//li[.//span[text()=\"Preferred Yard\"]]"}
RESULT: {"using":"xpath","value":"//li[.//span[text()=\"Preferred Yard\"]]"}
COMMAND: POST /session/d1da2243ed5db842980eb3a0b04f68c1/element/f.88445BC73AA68FCADA91DF858886134B.d.E3E7370276DBA18B354CC835DCC1D22E.e.2057/click - {}
RESULT: {}
COMMAND: GET /session/d1da2243ed5db842980eb3a0b04f68c1/screenshot - {}
RESULT: {}
COMMAND: POST /session/d1da2243ed5db842980eb3a0b04f68c1/execute/async - {"script":"<script> [1562 bytes]","args":[{"selector":{"id":"FilterPanel-filterItemControl_BASIC-application-managepartners-display-component---masterPtm--smartTable-YARDYARD-vhi","searchOpenDialogs":true},"wdio_ui5_key":"FilterPanelfilterItemControl_BASIC-application-managepartners-display-component---masterPtm--smartTable-YARDYARD-vhi"}]}
RESULT: {"script":"<script> [1562 bytes]","args":[{"selector":{"id":"FilterPanel-filterItemControl_BASIC-application-managepartners-display-component---masterPtm--smartTable-YARDYARD-vhi","searchOpenDialogs":true},"wdio_ui5_key":"FilterPanelfilterItemControl_BASIC-application-managepartners-display-component---masterPtm--smartTable-YARDYARD-vhi"}]}
RESULT: undefined
COMMAND: POST /session/d1da2243ed5db842980eb3a0b04f68c1/element - {"using":"xpath","value":"//*[@id=\"FilterPanel-filterItemControl_BASIC-application-managepartners-display-component---masterPtm--smartTable-YARDYARD-vhi\"]"}
RESULT: {"using":"xpath","value":"//*[@id=\"FilterPanel-filterItemControl_BASIC-application-managepartners-display-component---masterPtm--smartTable-YARDYARD-vhi\"]"}
COMMAND: POST /session/d1da2243ed5db842980eb3a0b04f68c1/element/f.88445BC73AA68FCADA91DF858886134B.d.E3E7370276DBA18B354CC835DCC1D22E.e.2060/click - {}
RESULT: {}
COMMAND: GET /session/d1da2243ed5db842980eb3a0b04f68c1/screenshot - {}
RESULT: {}
COMMAND: POST /session/d1da2243ed5db842980eb3a0b04f68c1/execute/async - {"script":"<script> [1562 bytes]","args":[{"selector":{"id":"FilterPanel-filterItemControl_BASIC-application-managepartners-display-component---masterPtm--smartTable-YARDYARD-valueHelpDialog-smartFilterBar-btnBasicSearch","searchOpenDialogs":true,"interaction":{"idSuffix":"I"}},"wdio_ui5_key":"FilterPanelfilterItemControl_BASIC-application-managepartners-display-component---masterPtm--smartTable-YARDYARD-valueHelpDialog-smartFilterBar-btnBasicSearch"}]}
RESULT: {"script":"<script> [1562 bytes]","args":[{"selector":{"id":"FilterPanel-filterItemControl_BASIC-application-managepartners-display-component---masterPtm--smartTable-YARDYARD-valueHelpDialog-smartFilterBar-btnBasicSearch","searchOpenDialogs":true,"interaction":{"idSuffix":"I"}},"wdio_ui5_key":"FilterPanelfilterItemControl_BASIC-application-managepartners-display-component---masterPtm--smartTable-YARDYARD-valueHelpDialog-smartFilterBar-btnBasicSearch"}]}
RESULT: undefined
COMMAND: POST /session/d1da2243ed5db842980eb3a0b04f68c1/execute/async - {"script":"<script> [776 bytes]","args":[{"enterText":"533","selector":{"id":"FilterPanel-filterItemControl_BASIC-application-managepartners-display-component---masterPtm--smartTable-YARDYARD-valueHelpDialog-smartFilterBar-btnBasicSearch","searchOpenDialogs":true,"interaction":{"idSuffix":"I"}},"clearTextFirst":true,"interactionType":"ENTER_TEXT"}]}
RESULT: {"script":"<script> [776 bytes]","args":[{"enterText":"533","selector":{"id":"FilterPanel-filterItemControl_BASIC-application-managepartners-display-component---masterPtm--smartTable-YARDYARD-valueHelpDialog-smartFilterBar-btnBasicSearch","searchOpenDialogs":true,"interaction":{"idSuffix":"I"}},"clearTextFirst":true,"interactionType":"ENTER_TEXT"}]}
COMMAND: POST /session/d1da2243ed5db842980eb3a0b04f68c1/actions - {"actions":[{"id":"action3","type":"key","parameters":{},"actions":[{"type":"keyDown","value":""},{"type":"pause","duration":10},{"type":"keyUp","value":""}]}]}
RESULT: {"actions":[{"id":"action3","type":"key","parameters":{},"actions":[{"type":"keyDown","value":""},{"type":"pause","duration":10},{"type":"keyUp","value":""}]}]}
COMMAND: GET /session/d1da2243ed5db842980eb3a0b04f68c1/screenshot - {}
RESULT: {}
COMMAND: POST /session/d1da2243ed5db842980eb3a0b04f68c1/elements - {"using":"xpath","value":"//table[contains(@id, \"smartTable-YARDYARD-valueHelpDialog-table-table\")]/tbody/tr"}
RESULT: {"using":"xpath","value":"//table[contains(@id, \"smartTable-YARDYARD-valueHelpDialog-table-table\")]/tbody/tr"}
COMMAND: POST /session/d1da2243ed5db842980eb3a0b04f68c1/element - {"using":"xpath","value":"//table[contains(@id, \"smartTable-YARDYARD-valueHelpDialog-table-table\")]/tbody/tr[1]/td[1]/div/span"}
RESULT: {"using":"xpath","value":"//table[contains(@id, \"smartTable-YARDYARD-valueHelpDialog-table-table\")]/tbody/tr[1]/td[1]/div/span"}
COMMAND: POST /session/d1da2243ed5db842980eb3a0b04f68c1/elements - {"using":"xpath","value":"//table[contains(@id, \"smartTable-YARDYARD-valueHelpDialog-table-table\")]/tbody/tr[1]/td[1]/div/span"}
RESULT: {"using":"xpath","value":"//table[contains(@id, \"smartTable-YARDYARD-valueHelpDialog-table-table\")]/tbody/tr[1]/td[1]/div/span"}
COMMAND: POST /session/d1da2243ed5db842980eb3a0b04f68c1/execute/sync - {"script":"<script> [56 bytes]","args":[{"element-6066-11e4-a52e-4f735466cecf":"f.88445BC73AA68FCADA91DF858886134B.d.E3E7370276DBA18B354CC835DCC1D22E.e.2079","ELEMENT":"f.88445BC73AA68FCADA91DF858886134B.d.E3E7370276DBA18B354CC835DCC1D22E.e.2079"}]}
RESULT: {"script":"<script> [56 bytes]","args":[{"element-6066-11e4-a52e-4f735466cecf":"f.88445BC73AA68FCADA91DF858886134B.d.E3E7370276DBA18B354CC835DCC1D22E.e.2079","ELEMENT":"f.88445BC73AA68FCADA91DF858886134B.d.E3E7370276DBA18B354CC835DCC1D22E.e.2079"}]}
COMMAND: POST /session/d1da2243ed5db842980eb3a0b04f68c1/element - {"using":"xpath","value":"//div[contains(@id, \"YARDYARD-valueHelpDialog-table-rowsel0\")]"}
COMMAND: GET /session/d1da2243ed5db842980eb3a0b04f68c1/screenshot - {}
RESULT: {"using":"xpath","value":"//div[contains(@id, \"YARDYARD-valueHelpDialog-table-rowsel0\")]"}
COMMAND: POST /session/d1da2243ed5db842980eb3a0b04f68c1/element/f.88445BC73AA68FCADA91DF858886134B.d.E3E7370276DBA18B354CC835DCC1D22E.e.2080/click - {}
RESULT: {}
RESULT: {}
COMMAND: GET /session/d1da2243ed5db842980eb3a0b04f68c1/screenshot - {}
RESULT: {}
COMMAND: POST /session/d1da2243ed5db842980eb3a0b04f68c1/element - {"using":"xpath","value":"(//bdi[contains(text(), \"OK\")])[2]"}
RESULT: {"using":"xpath","value":"(//bdi[contains(text(), \"OK\")])[2]"}
COMMAND: POST /session/d1da2243ed5db842980eb3a0b04f68c1/element/f.88445BC73AA68FCADA91DF858886134B.d.E3E7370276DBA18B354CC835DCC1D22E.e.2082/click - {}
RESULT: {}
COMMAND: GET /session/d1da2243ed5db842980eb3a0b04f68c1/screenshot - {}
RESULT: {}
COMMAND: POST /session/d1da2243ed5db842980eb3a0b04f68c1/element - {"using":"xpath","value":"//bdi[contains(text(), \"OK\")]"}
RESULT: {"using":"xpath","value":"//bdi[contains(text(), \"OK\")]"}
COMMAND: POST /session/d1da2243ed5db842980eb3a0b04f68c1/element/f.88445BC73AA68FCADA91DF858886134B.d.E3E7370276DBA18B354CC835DCC1D22E.e.2085/click - {}
RESULT: {}
COMMAND: GET /session/d1da2243ed5db842980eb3a0b04f68c1/screenshot - {}
RESULT: {}
COMMAND: POST /session/d1da2243ed5db842980eb3a0b04f68c1/element - {"using":"xpath","value":"//table[contains(@id, \"customPartnersTable\")]//tbody/tr[1]/td[3]/span"}
RESULT: {"using":"xpath","value":"//table[contains(@id, \"customPartnersTable\")]//tbody/tr[1]/td[3]/span"}
COMMAND: POST /session/d1da2243ed5db842980eb3a0b04f68c1/execute/sync - {"script":"<script> [56 bytes]","args":[{"element-6066-11e4-a52e-4f735466cecf":"f.88445BC73AA68FCADA91DF858886134B.d.E3E7370276DBA18B354CC835DCC1D22E.e.2049","ELEMENT":"f.88445BC73AA68FCADA91DF858886134B.d.E3E7370276DBA18B354CC835DCC1D22E.e.2049"}]}
RESULT: {"script":"<script> [56 bytes]","args":[{"element-6066-11e4-a52e-4f735466cecf":"f.88445BC73AA68FCADA91DF858886134B.d.E3E7370276DBA18B354CC835DCC1D22E.e.2049","ELEMENT":"f.88445BC73AA68FCADA91DF858886134B.d.E3E7370276DBA18B354CC835DCC1D22E.e.2049"}]}
COMMAND: POST /session/d1da2243ed5db842980eb3a0b04f68c1/element - {"using":"css selector","value":"#shell-header-logo"}
COMMAND: GET /session/d1da2243ed5db842980eb3a0b04f68c1/screenshot - {}
RESULT: {"using":"css selector","value":"#shell-header-logo"}
COMMAND: POST /session/d1da2243ed5db842980eb3a0b04f68c1/element/f.88445BC73AA68FCADA91DF858886134B.d.E3E7370276DBA18B354CC835DCC1D22E.e.1686/click - {}
RESULT: {}
RESULT: {}
COMMAND: GET /session/d1da2243ed5db842980eb3a0b04f68c1/screenshot - {}
RESULT: {}
]]></system-out>
    </testcase>
    <testcase classname="chrome.136_0_7103_93.windows.Partner_specific_tests_US150819_US151080_US151654_US151176_US103444_US151078_US151079_US151109_US151174_US151175_US151189" name="Should deactivate the created partner in earlier step US151654" time="57.603">
      <system-out><![CDATA[
COMMAND: POST /session/d1da2243ed5db842980eb3a0b04f68c1/element - {"using":"xpath","value":"//li[.//span[text()=\"Manage Partners\"]]"}
RESULT: {"using":"xpath","value":"//li[.//span[text()=\"Manage Partners\"]]"}
COMMAND: POST /session/d1da2243ed5db842980eb3a0b04f68c1/element - {"using":"xpath","value":"//li[.//span[text()=\"Manage Partners\"]]"}
RESULT: {"using":"xpath","value":"//li[.//span[text()=\"Manage Partners\"]]"}
COMMAND: POST /session/d1da2243ed5db842980eb3a0b04f68c1/element - {"using":"css selector","value":"#shell-header-logo"}
RESULT: {"using":"css selector","value":"#shell-header-logo"}
COMMAND: POST /session/d1da2243ed5db842980eb3a0b04f68c1/element/f.88445BC73AA68FCADA91DF858886134B.d.E3E7370276DBA18B354CC835DCC1D22E.e.2141/click - {}
COMMAND: POST /session/d1da2243ed5db842980eb3a0b04f68c1/execute/sync - {"script":"<script> [8489 bytes]","args":[{"element-6066-11e4-a52e-4f735466cecf":"f.88445BC73AA68FCADA91DF858886134B.d.E3E7370276DBA18B354CC835DCC1D22E.e.2141","ELEMENT":"f.88445BC73AA68FCADA91DF858886134B.d.E3E7370276DBA18B354CC835DCC1D22E.e.2141"}]}
RESULT: {}
COMMAND: GET /session/d1da2243ed5db842980eb3a0b04f68c1/screenshot - {}
RESULT: {"script":"<script> [8489 bytes]","args":[{"element-6066-11e4-a52e-4f735466cecf":"f.88445BC73AA68FCADA91DF858886134B.d.E3E7370276DBA18B354CC835DCC1D22E.e.2141","ELEMENT":"f.88445BC73AA68FCADA91DF858886134B.d.E3E7370276DBA18B354CC835DCC1D22E.e.2141"}]}
COMMAND: POST /session/d1da2243ed5db842980eb3a0b04f68c1/execute/sync - {"script":"<script> [5351 bytes]","args":[{"element-6066-11e4-a52e-4f735466cecf":"f.88445BC73AA68FCADA91DF858886134B.d.E3E7370276DBA18B354CC835DCC1D22E.e.2141","ELEMENT":"f.88445BC73AA68FCADA91DF858886134B.d.E3E7370276DBA18B354CC835DCC1D22E.e.2141"}]}
COMMAND: GET /session/d1da2243ed5db842980eb3a0b04f68c1/screenshot - {}
RESULT: {}
RESULT: {}
RESULT: {"script":"<script> [5351 bytes]","args":[{"element-6066-11e4-a52e-4f735466cecf":"f.88445BC73AA68FCADA91DF858886134B.d.E3E7370276DBA18B354CC835DCC1D22E.e.2141","ELEMENT":"f.88445BC73AA68FCADA91DF858886134B.d.E3E7370276DBA18B354CC835DCC1D22E.e.2141"}]}
COMMAND: GET /session/d1da2243ed5db842980eb3a0b04f68c1/screenshot - {}
RESULT: {}
RESULT: undefined
COMMAND: POST /session/d1da2243ed5db842980eb3a0b04f68c1/element - {"using":"xpath","value":"//*[@id=\"__tile38\"]"}
RESULT: {"using":"xpath","value":"//*[@id=\"__tile38\"]"}
COMMAND: POST /session/d1da2243ed5db842980eb3a0b04f68c1/element/f.88445BC73AA68FCADA91DF858886134B.d.E3E7370276DBA18B354CC835DCC1D22E.e.146/click - {}
RESULT: {}
COMMAND: GET /session/d1da2243ed5db842980eb3a0b04f68c1/screenshot - {}
RESULT: {}
COMMAND: POST /session/d1da2243ed5db842980eb3a0b04f68c1/elements - {"using":"xpath","value":"//span[text()='Error']"}
RESULT: {"using":"xpath","value":"//span[text()='Error']"}
COMMAND: POST /session/d1da2243ed5db842980eb3a0b04f68c1/element - {"using":"xpath","value":"//button[@data-kt=\"addButton\"]"}
RESULT: {"using":"xpath","value":"//button[@data-kt=\"addButton\"]"}
COMMAND: POST /session/d1da2243ed5db842980eb3a0b04f68c1/elements - {"using":"xpath","value":"//button[@data-kt=\"addButton\"]"}
RESULT: {"using":"xpath","value":"//button[@data-kt=\"addButton\"]"}
COMMAND: POST /session/d1da2243ed5db842980eb3a0b04f68c1/execute/sync - {"script":"<script> [8489 bytes]","args":[{"element-6066-11e4-a52e-4f735466cecf":"f.88445BC73AA68FCADA91DF858886134B.d.E3E7370276DBA18B354CC835DCC1D22E.e.2186","ELEMENT":"f.88445BC73AA68FCADA91DF858886134B.d.E3E7370276DBA18B354CC835DCC1D22E.e.2186"}]}
RESULT: {"script":"<script> [8489 bytes]","args":[{"element-6066-11e4-a52e-4f735466cecf":"f.88445BC73AA68FCADA91DF858886134B.d.E3E7370276DBA18B354CC835DCC1D22E.e.2186","ELEMENT":"f.88445BC73AA68FCADA91DF858886134B.d.E3E7370276DBA18B354CC835DCC1D22E.e.2186"}]}
COMMAND: GET /session/d1da2243ed5db842980eb3a0b04f68c1/element/f.88445BC73AA68FCADA91DF858886134B.d.E3E7370276DBA18B354CC835DCC1D22E.e.2186/enabled - {}
COMMAND: GET /session/d1da2243ed5db842980eb3a0b04f68c1/screenshot - {}
RESULT: {}
COMMAND: POST /session/d1da2243ed5db842980eb3a0b04f68c1/execute/sync - {"script":"<script> [8489 bytes]","args":[{"element-6066-11e4-a52e-4f735466cecf":"f.88445BC73AA68FCADA91DF858886134B.d.E3E7370276DBA18B354CC835DCC1D22E.e.2186","ELEMENT":"f.88445BC73AA68FCADA91DF858886134B.d.E3E7370276DBA18B354CC835DCC1D22E.e.2186"}]}
COMMAND: GET /session/d1da2243ed5db842980eb3a0b04f68c1/screenshot - {}
RESULT: {}
RESULT: {"script":"<script> [8489 bytes]","args":[{"element-6066-11e4-a52e-4f735466cecf":"f.88445BC73AA68FCADA91DF858886134B.d.E3E7370276DBA18B354CC835DCC1D22E.e.2186","ELEMENT":"f.88445BC73AA68FCADA91DF858886134B.d.E3E7370276DBA18B354CC835DCC1D22E.e.2186"}]}
COMMAND: POST /session/d1da2243ed5db842980eb3a0b04f68c1/execute/sync - {"script":"<script> [5351 bytes]","args":[{"element-6066-11e4-a52e-4f735466cecf":"f.88445BC73AA68FCADA91DF858886134B.d.E3E7370276DBA18B354CC835DCC1D22E.e.2186","ELEMENT":"f.88445BC73AA68FCADA91DF858886134B.d.E3E7370276DBA18B354CC835DCC1D22E.e.2186"}]}
COMMAND: GET /session/d1da2243ed5db842980eb3a0b04f68c1/screenshot - {}
RESULT: {}
RESULT: {"script":"<script> [5351 bytes]","args":[{"element-6066-11e4-a52e-4f735466cecf":"f.88445BC73AA68FCADA91DF858886134B.d.E3E7370276DBA18B354CC835DCC1D22E.e.2186","ELEMENT":"f.88445BC73AA68FCADA91DF858886134B.d.E3E7370276DBA18B354CC835DCC1D22E.e.2186"}]}
COMMAND: GET /session/d1da2243ed5db842980eb3a0b04f68c1/screenshot - {}
RESULT: {}
RESULT: {}
COMMAND: POST /session/d1da2243ed5db842980eb3a0b04f68c1/execute/async - {"script":"<script> [1562 bytes]","args":[{"selector":{"id":"application-managepartners-display-component---masterPtm--smartFilterBar-btnBasicSearch","interaction":{"idSuffix":"I"}},"wdio_ui5_key":"applicationmanagepartners-display-component---masterPtm--smartFilterBar-btnBasicSearch"}]}
RESULT: {"script":"<script> [1562 bytes]","args":[{"selector":{"id":"application-managepartners-display-component---masterPtm--smartFilterBar-btnBasicSearch","interaction":{"idSuffix":"I"}},"wdio_ui5_key":"applicationmanagepartners-display-component---masterPtm--smartFilterBar-btnBasicSearch"}]}
RESULT: undefined
COMMAND: POST /session/d1da2243ed5db842980eb3a0b04f68c1/execute/async - {"script":"<script> [776 bytes]","args":[{"enterText":"1333","selector":{"id":"application-managepartners-display-component---masterPtm--smartFilterBar-btnBasicSearch","interaction":{"idSuffix":"I"}},"clearTextFirst":true,"interactionType":"ENTER_TEXT"}]}
RESULT: {"script":"<script> [776 bytes]","args":[{"enterText":"1333","selector":{"id":"application-managepartners-display-component---masterPtm--smartFilterBar-btnBasicSearch","interaction":{"idSuffix":"I"}},"clearTextFirst":true,"interactionType":"ENTER_TEXT"}]}
COMMAND: POST /session/d1da2243ed5db842980eb3a0b04f68c1/actions - {"actions":[{"id":"action4","type":"key","parameters":{},"actions":[{"type":"keyDown","value":""},{"type":"pause","duration":10},{"type":"keyUp","value":""}]}]}
RESULT: {"actions":[{"id":"action4","type":"key","parameters":{},"actions":[{"type":"keyDown","value":""},{"type":"pause","duration":10},{"type":"keyUp","value":""}]}]}
COMMAND: GET /session/d1da2243ed5db842980eb3a0b04f68c1/screenshot - {}
RESULT: {}
COMMAND: POST /session/d1da2243ed5db842980eb3a0b04f68c1/elements - {"using":"xpath","value":"//table[contains(@id, \"customPartnersTable-listUl\")]/tbody/tr"}
RESULT: {"using":"xpath","value":"//table[contains(@id, \"customPartnersTable-listUl\")]/tbody/tr"}
COMMAND: POST /session/d1da2243ed5db842980eb3a0b04f68c1/element - {"using":"xpath","value":"//table[contains(@id, \"customPartnersTable-listUl\")]/tbody/tr[1]/td[3]/span"}
RESULT: {"using":"xpath","value":"//table[contains(@id, \"customPartnersTable-listUl\")]/tbody/tr[1]/td[3]/span"}
COMMAND: POST /session/d1da2243ed5db842980eb3a0b04f68c1/elements - {"using":"xpath","value":"//table[contains(@id, \"customPartnersTable-listUl\")]/tbody/tr[1]/td[3]/span"}
RESULT: {"using":"xpath","value":"//table[contains(@id, \"customPartnersTable-listUl\")]/tbody/tr[1]/td[3]/span"}
COMMAND: POST /session/d1da2243ed5db842980eb3a0b04f68c1/execute/sync - {"script":"<script> [56 bytes]","args":[{"element-6066-11e4-a52e-4f735466cecf":"f.88445BC73AA68FCADA91DF858886134B.d.E3E7370276DBA18B354CC835DCC1D22E.e.2322","ELEMENT":"f.88445BC73AA68FCADA91DF858886134B.d.E3E7370276DBA18B354CC835DCC1D22E.e.2322"}]}
RESULT: {"script":"<script> [56 bytes]","args":[{"element-6066-11e4-a52e-4f735466cecf":"f.88445BC73AA68FCADA91DF858886134B.d.E3E7370276DBA18B354CC835DCC1D22E.e.2322","ELEMENT":"f.88445BC73AA68FCADA91DF858886134B.d.E3E7370276DBA18B354CC835DCC1D22E.e.2322"}]}
COMMAND: POST /session/d1da2243ed5db842980eb3a0b04f68c1/element - {"using":"xpath","value":"//table[contains(@id, \"customPartnersTable-listUl\")]/tbody/tr[1]/td[7]/div/span"}
COMMAND: GET /session/d1da2243ed5db842980eb3a0b04f68c1/screenshot - {}
RESULT: {"using":"xpath","value":"//table[contains(@id, \"customPartnersTable-listUl\")]/tbody/tr[1]/td[7]/div/span"}
COMMAND: POST /session/d1da2243ed5db842980eb3a0b04f68c1/execute/sync - {"script":"<script> [56 bytes]","args":[{"element-6066-11e4-a52e-4f735466cecf":"f.88445BC73AA68FCADA91DF858886134B.d.E3E7370276DBA18B354CC835DCC1D22E.e.2323","ELEMENT":"f.88445BC73AA68FCADA91DF858886134B.d.E3E7370276DBA18B354CC835DCC1D22E.e.2323"}]}
RESULT: {}
RESULT: {"script":"<script> [56 bytes]","args":[{"element-6066-11e4-a52e-4f735466cecf":"f.88445BC73AA68FCADA91DF858886134B.d.E3E7370276DBA18B354CC835DCC1D22E.e.2323","ELEMENT":"f.88445BC73AA68FCADA91DF858886134B.d.E3E7370276DBA18B354CC835DCC1D22E.e.2323"}]}
COMMAND: POST /session/d1da2243ed5db842980eb3a0b04f68c1/element - {"using":"xpath","value":"//table[contains(@id, \"customPartnersTable-listUl\")]/tbody/tr[1]/td[2]/div/div"}
COMMAND: GET /session/d1da2243ed5db842980eb3a0b04f68c1/screenshot - {}
RESULT: {"using":"xpath","value":"//table[contains(@id, \"customPartnersTable-listUl\")]/tbody/tr[1]/td[2]/div/div"}
COMMAND: POST /session/d1da2243ed5db842980eb3a0b04f68c1/element/f.88445BC73AA68FCADA91DF858886134B.d.E3E7370276DBA18B354CC835DCC1D22E.e.2324/click - {}
RESULT: {}
RESULT: {}
COMMAND: GET /session/d1da2243ed5db842980eb3a0b04f68c1/screenshot - {}
RESULT: {}
COMMAND: POST /session/d1da2243ed5db842980eb3a0b04f68c1/element - {"using":"xpath","value":"//bdi[contains(text(), \"Deactivate\")]"}
RESULT: {"using":"xpath","value":"//bdi[contains(text(), \"Deactivate\")]"}
COMMAND: POST /session/d1da2243ed5db842980eb3a0b04f68c1/element/f.88445BC73AA68FCADA91DF858886134B.d.E3E7370276DBA18B354CC835DCC1D22E.e.2325/click - {}
RESULT: {}
COMMAND: GET /session/d1da2243ed5db842980eb3a0b04f68c1/screenshot - {}
RESULT: {}
COMMAND: POST /session/d1da2243ed5db842980eb3a0b04f68c1/element - {"using":"xpath","value":"//bdi[contains(text(), \"Yes\")]"}
RESULT: {"using":"xpath","value":"//bdi[contains(text(), \"Yes\")]"}
COMMAND: POST /session/d1da2243ed5db842980eb3a0b04f68c1/element/f.88445BC73AA68FCADA91DF858886134B.d.E3E7370276DBA18B354CC835DCC1D22E.e.2327/click - {}
RESULT: {}
COMMAND: GET /session/d1da2243ed5db842980eb3a0b04f68c1/screenshot - {}
RESULT: {}
COMMAND: POST /session/d1da2243ed5db842980eb3a0b04f68c1/element - {"using":"xpath","value":"//table[contains(@id, \"customPartnersTable-listUl\")]/tbody/tr[1]/td[7]/div/span"}
RESULT: {"using":"xpath","value":"//table[contains(@id, \"customPartnersTable-listUl\")]/tbody/tr[1]/td[7]/div/span"}
COMMAND: POST /session/d1da2243ed5db842980eb3a0b04f68c1/execute/sync - {"script":"<script> [56 bytes]","args":[{"element-6066-11e4-a52e-4f735466cecf":"f.88445BC73AA68FCADA91DF858886134B.d.E3E7370276DBA18B354CC835DCC1D22E.e.2323","ELEMENT":"f.88445BC73AA68FCADA91DF858886134B.d.E3E7370276DBA18B354CC835DCC1D22E.e.2323"}]}
RESULT: {"script":"<script> [56 bytes]","args":[{"element-6066-11e4-a52e-4f735466cecf":"f.88445BC73AA68FCADA91DF858886134B.d.E3E7370276DBA18B354CC835DCC1D22E.e.2323","ELEMENT":"f.88445BC73AA68FCADA91DF858886134B.d.E3E7370276DBA18B354CC835DCC1D22E.e.2323"}]}
COMMAND: GET /session/d1da2243ed5db842980eb3a0b04f68c1/screenshot - {}
RESULT: {}
COMMAND: POST /session/d1da2243ed5db842980eb3a0b04f68c1/element - {"using":"css selector","value":"#shell-header-logo"}
RESULT: {"using":"css selector","value":"#shell-header-logo"}
COMMAND: POST /session/d1da2243ed5db842980eb3a0b04f68c1/element/f.88445BC73AA68FCADA91DF858886134B.d.E3E7370276DBA18B354CC835DCC1D22E.e.2141/click - {}
RESULT: {}
COMMAND: GET /session/d1da2243ed5db842980eb3a0b04f68c1/screenshot - {}
RESULT: {}
]]></system-out>
    </testcase>
    <testcase classname="chrome.136_0_7103_93.windows.Partner_specific_tests_US150819_US151080_US151654_US151176_US103444_US151078_US151079_US151109_US151174_US151175_US151189" name="Should activate the created partner again US151176" time="60.46">
      <system-out><![CDATA[
COMMAND: POST /session/d1da2243ed5db842980eb3a0b04f68c1/element - {"using":"xpath","value":"//li[.//span[text()=\"Manage Partners\"]]"}
RESULT: {"using":"xpath","value":"//li[.//span[text()=\"Manage Partners\"]]"}
COMMAND: POST /session/d1da2243ed5db842980eb3a0b04f68c1/element - {"using":"xpath","value":"//li[.//span[text()=\"Manage Partners\"]]"}
RESULT: {"using":"xpath","value":"//li[.//span[text()=\"Manage Partners\"]]"}
COMMAND: POST /session/d1da2243ed5db842980eb3a0b04f68c1/element - {"using":"css selector","value":"#shell-header-logo"}
RESULT: {"using":"css selector","value":"#shell-header-logo"}
COMMAND: POST /session/d1da2243ed5db842980eb3a0b04f68c1/element/f.88445BC73AA68FCADA91DF858886134B.d.E3E7370276DBA18B354CC835DCC1D22E.e.2331/click - {}
COMMAND: POST /session/d1da2243ed5db842980eb3a0b04f68c1/execute/sync - {"script":"<script> [8489 bytes]","args":[{"element-6066-11e4-a52e-4f735466cecf":"f.88445BC73AA68FCADA91DF858886134B.d.E3E7370276DBA18B354CC835DCC1D22E.e.2331","ELEMENT":"f.88445BC73AA68FCADA91DF858886134B.d.E3E7370276DBA18B354CC835DCC1D22E.e.2331"}]}
RESULT: {}
COMMAND: GET /session/d1da2243ed5db842980eb3a0b04f68c1/screenshot - {}
RESULT: {"script":"<script> [8489 bytes]","args":[{"element-6066-11e4-a52e-4f735466cecf":"f.88445BC73AA68FCADA91DF858886134B.d.E3E7370276DBA18B354CC835DCC1D22E.e.2331","ELEMENT":"f.88445BC73AA68FCADA91DF858886134B.d.E3E7370276DBA18B354CC835DCC1D22E.e.2331"}]}
COMMAND: POST /session/d1da2243ed5db842980eb3a0b04f68c1/execute/sync - {"script":"<script> [5351 bytes]","args":[{"element-6066-11e4-a52e-4f735466cecf":"f.88445BC73AA68FCADA91DF858886134B.d.E3E7370276DBA18B354CC835DCC1D22E.e.2331","ELEMENT":"f.88445BC73AA68FCADA91DF858886134B.d.E3E7370276DBA18B354CC835DCC1D22E.e.2331"}]}
COMMAND: GET /session/d1da2243ed5db842980eb3a0b04f68c1/screenshot - {}
RESULT: {}
RESULT: {"script":"<script> [5351 bytes]","args":[{"element-6066-11e4-a52e-4f735466cecf":"f.88445BC73AA68FCADA91DF858886134B.d.E3E7370276DBA18B354CC835DCC1D22E.e.2331","ELEMENT":"f.88445BC73AA68FCADA91DF858886134B.d.E3E7370276DBA18B354CC835DCC1D22E.e.2331"}]}
COMMAND: GET /session/d1da2243ed5db842980eb3a0b04f68c1/screenshot - {}
RESULT: {}
RESULT: {}
RESULT: undefined
COMMAND: POST /session/d1da2243ed5db842980eb3a0b04f68c1/element - {"using":"xpath","value":"//*[@id=\"__tile38\"]"}
RESULT: {"using":"xpath","value":"//*[@id=\"__tile38\"]"}
COMMAND: POST /session/d1da2243ed5db842980eb3a0b04f68c1/element/f.88445BC73AA68FCADA91DF858886134B.d.E3E7370276DBA18B354CC835DCC1D22E.e.146/click - {}
RESULT: {}
COMMAND: GET /session/d1da2243ed5db842980eb3a0b04f68c1/screenshot - {}
RESULT: {}
COMMAND: POST /session/d1da2243ed5db842980eb3a0b04f68c1/elements - {"using":"xpath","value":"//span[text()='Error']"}
RESULT: {"using":"xpath","value":"//span[text()='Error']"}
COMMAND: POST /session/d1da2243ed5db842980eb3a0b04f68c1/element - {"using":"xpath","value":"//button[@data-kt=\"addButton\"]"}
RESULT: {"using":"xpath","value":"//button[@data-kt=\"addButton\"]"}
COMMAND: POST /session/d1da2243ed5db842980eb3a0b04f68c1/elements - {"using":"xpath","value":"//button[@data-kt=\"addButton\"]"}
RESULT: {"using":"xpath","value":"//button[@data-kt=\"addButton\"]"}
COMMAND: POST /session/d1da2243ed5db842980eb3a0b04f68c1/execute/sync - {"script":"<script> [8489 bytes]","args":[{"element-6066-11e4-a52e-4f735466cecf":"f.88445BC73AA68FCADA91DF858886134B.d.E3E7370276DBA18B354CC835DCC1D22E.e.2376","ELEMENT":"f.88445BC73AA68FCADA91DF858886134B.d.E3E7370276DBA18B354CC835DCC1D22E.e.2376"}]}
RESULT: {"script":"<script> [8489 bytes]","args":[{"element-6066-11e4-a52e-4f735466cecf":"f.88445BC73AA68FCADA91DF858886134B.d.E3E7370276DBA18B354CC835DCC1D22E.e.2376","ELEMENT":"f.88445BC73AA68FCADA91DF858886134B.d.E3E7370276DBA18B354CC835DCC1D22E.e.2376"}]}
COMMAND: GET /session/d1da2243ed5db842980eb3a0b04f68c1/element/f.88445BC73AA68FCADA91DF858886134B.d.E3E7370276DBA18B354CC835DCC1D22E.e.2376/enabled - {}
COMMAND: GET /session/d1da2243ed5db842980eb3a0b04f68c1/screenshot - {}
RESULT: {}
COMMAND: POST /session/d1da2243ed5db842980eb3a0b04f68c1/execute/sync - {"script":"<script> [8489 bytes]","args":[{"element-6066-11e4-a52e-4f735466cecf":"f.88445BC73AA68FCADA91DF858886134B.d.E3E7370276DBA18B354CC835DCC1D22E.e.2376","ELEMENT":"f.88445BC73AA68FCADA91DF858886134B.d.E3E7370276DBA18B354CC835DCC1D22E.e.2376"}]}
COMMAND: GET /session/d1da2243ed5db842980eb3a0b04f68c1/screenshot - {}
RESULT: {}
RESULT: {"script":"<script> [8489 bytes]","args":[{"element-6066-11e4-a52e-4f735466cecf":"f.88445BC73AA68FCADA91DF858886134B.d.E3E7370276DBA18B354CC835DCC1D22E.e.2376","ELEMENT":"f.88445BC73AA68FCADA91DF858886134B.d.E3E7370276DBA18B354CC835DCC1D22E.e.2376"}]}
COMMAND: POST /session/d1da2243ed5db842980eb3a0b04f68c1/execute/sync - {"script":"<script> [5351 bytes]","args":[{"element-6066-11e4-a52e-4f735466cecf":"f.88445BC73AA68FCADA91DF858886134B.d.E3E7370276DBA18B354CC835DCC1D22E.e.2376","ELEMENT":"f.88445BC73AA68FCADA91DF858886134B.d.E3E7370276DBA18B354CC835DCC1D22E.e.2376"}]}
COMMAND: GET /session/d1da2243ed5db842980eb3a0b04f68c1/screenshot - {}
RESULT: {}
RESULT: {"script":"<script> [5351 bytes]","args":[{"element-6066-11e4-a52e-4f735466cecf":"f.88445BC73AA68FCADA91DF858886134B.d.E3E7370276DBA18B354CC835DCC1D22E.e.2376","ELEMENT":"f.88445BC73AA68FCADA91DF858886134B.d.E3E7370276DBA18B354CC835DCC1D22E.e.2376"}]}
COMMAND: GET /session/d1da2243ed5db842980eb3a0b04f68c1/screenshot - {}
RESULT: {}
RESULT: {}
RESULT: undefined
COMMAND: POST /session/d1da2243ed5db842980eb3a0b04f68c1/execute/async - {"script":"<script> [776 bytes]","args":[{"enterText":"1333","selector":{"id":"application-managepartners-display-component---masterPtm--smartFilterBar-btnBasicSearch","interaction":{"idSuffix":"I"}},"clearTextFirst":true,"interactionType":"ENTER_TEXT"}]}
RESULT: {"script":"<script> [776 bytes]","args":[{"enterText":"1333","selector":{"id":"application-managepartners-display-component---masterPtm--smartFilterBar-btnBasicSearch","interaction":{"idSuffix":"I"}},"clearTextFirst":true,"interactionType":"ENTER_TEXT"}]}
COMMAND: POST /session/d1da2243ed5db842980eb3a0b04f68c1/actions - {"actions":[{"id":"action5","type":"key","parameters":{},"actions":[{"type":"keyDown","value":""},{"type":"pause","duration":10},{"type":"keyUp","value":""}]}]}
RESULT: {"actions":[{"id":"action5","type":"key","parameters":{},"actions":[{"type":"keyDown","value":""},{"type":"pause","duration":10},{"type":"keyUp","value":""}]}]}
COMMAND: GET /session/d1da2243ed5db842980eb3a0b04f68c1/screenshot - {}
RESULT: {}
COMMAND: POST /session/d1da2243ed5db842980eb3a0b04f68c1/elements - {"using":"xpath","value":"//table[contains(@id, \"customPartnersTable-listUl\")]/tbody/tr"}
RESULT: {"using":"xpath","value":"//table[contains(@id, \"customPartnersTable-listUl\")]/tbody/tr"}
COMMAND: POST /session/d1da2243ed5db842980eb3a0b04f68c1/element - {"using":"xpath","value":"//table[contains(@id, \"customPartnersTable-listUl\")]/tbody/tr[1]/td[3]/span"}
RESULT: {"using":"xpath","value":"//table[contains(@id, \"customPartnersTable-listUl\")]/tbody/tr[1]/td[3]/span"}
COMMAND: POST /session/d1da2243ed5db842980eb3a0b04f68c1/elements - {"using":"xpath","value":"//table[contains(@id, \"customPartnersTable-listUl\")]/tbody/tr[1]/td[3]/span"}
RESULT: {"using":"xpath","value":"//table[contains(@id, \"customPartnersTable-listUl\")]/tbody/tr[1]/td[3]/span"}
COMMAND: POST /session/d1da2243ed5db842980eb3a0b04f68c1/execute/sync - {"script":"<script> [56 bytes]","args":[{"element-6066-11e4-a52e-4f735466cecf":"f.88445BC73AA68FCADA91DF858886134B.d.E3E7370276DBA18B354CC835DCC1D22E.e.2510","ELEMENT":"f.88445BC73AA68FCADA91DF858886134B.d.E3E7370276DBA18B354CC835DCC1D22E.e.2510"}]}
RESULT: {"script":"<script> [56 bytes]","args":[{"element-6066-11e4-a52e-4f735466cecf":"f.88445BC73AA68FCADA91DF858886134B.d.E3E7370276DBA18B354CC835DCC1D22E.e.2510","ELEMENT":"f.88445BC73AA68FCADA91DF858886134B.d.E3E7370276DBA18B354CC835DCC1D22E.e.2510"}]}
COMMAND: POST /session/d1da2243ed5db842980eb3a0b04f68c1/element - {"using":"xpath","value":"//table[contains(@id, \"customPartnersTable-listUl\")]/tbody/tr[1]/td[7]/div/span"}
COMMAND: GET /session/d1da2243ed5db842980eb3a0b04f68c1/screenshot - {}
RESULT: {"using":"xpath","value":"//table[contains(@id, \"customPartnersTable-listUl\")]/tbody/tr[1]/td[7]/div/span"}
COMMAND: POST /session/d1da2243ed5db842980eb3a0b04f68c1/execute/sync - {"script":"<script> [56 bytes]","args":[{"element-6066-11e4-a52e-4f735466cecf":"f.88445BC73AA68FCADA91DF858886134B.d.E3E7370276DBA18B354CC835DCC1D22E.e.2511","ELEMENT":"f.88445BC73AA68FCADA91DF858886134B.d.E3E7370276DBA18B354CC835DCC1D22E.e.2511"}]}
RESULT: {}
RESULT: {"script":"<script> [56 bytes]","args":[{"element-6066-11e4-a52e-4f735466cecf":"f.88445BC73AA68FCADA91DF858886134B.d.E3E7370276DBA18B354CC835DCC1D22E.e.2511","ELEMENT":"f.88445BC73AA68FCADA91DF858886134B.d.E3E7370276DBA18B354CC835DCC1D22E.e.2511"}]}
COMMAND: POST /session/d1da2243ed5db842980eb3a0b04f68c1/element - {"using":"xpath","value":"//table[contains(@id, \"customPartnersTable-listUl\")]/tbody/tr[1]/td[2]/div/div"}
COMMAND: GET /session/d1da2243ed5db842980eb3a0b04f68c1/screenshot - {}
RESULT: {"using":"xpath","value":"//table[contains(@id, \"customPartnersTable-listUl\")]/tbody/tr[1]/td[2]/div/div"}
COMMAND: POST /session/d1da2243ed5db842980eb3a0b04f68c1/element/f.88445BC73AA68FCADA91DF858886134B.d.E3E7370276DBA18B354CC835DCC1D22E.e.2512/click - {}
RESULT: {}
RESULT: {}
COMMAND: GET /session/d1da2243ed5db842980eb3a0b04f68c1/screenshot - {}
RESULT: {}
COMMAND: POST /session/d1da2243ed5db842980eb3a0b04f68c1/element - {"using":"xpath","value":"//bdi[contains(text(), \"Activate\")]"}
RESULT: {"using":"xpath","value":"//bdi[contains(text(), \"Activate\")]"}
COMMAND: POST /session/d1da2243ed5db842980eb3a0b04f68c1/element/f.88445BC73AA68FCADA91DF858886134B.d.E3E7370276DBA18B354CC835DCC1D22E.e.2513/click - {}
RESULT: {}
COMMAND: GET /session/d1da2243ed5db842980eb3a0b04f68c1/screenshot - {}
RESULT: {}
COMMAND: POST /session/d1da2243ed5db842980eb3a0b04f68c1/element - {"using":"xpath","value":"//bdi[contains(text(), \"Yes\")]"}
RESULT: {"using":"xpath","value":"//bdi[contains(text(), \"Yes\")]"}
COMMAND: POST /session/d1da2243ed5db842980eb3a0b04f68c1/element/f.88445BC73AA68FCADA91DF858886134B.d.E3E7370276DBA18B354CC835DCC1D22E.e.2515/click - {}
RESULT: {}
COMMAND: GET /session/d1da2243ed5db842980eb3a0b04f68c1/screenshot - {}
RESULT: {}
COMMAND: POST /session/d1da2243ed5db842980eb3a0b04f68c1/element - {"using":"xpath","value":"//table[contains(@id, \"customPartnersTable-listUl\")]/tbody/tr[1]/td[7]/div/span"}
RESULT: {"using":"xpath","value":"//table[contains(@id, \"customPartnersTable-listUl\")]/tbody/tr[1]/td[7]/div/span"}
COMMAND: POST /session/d1da2243ed5db842980eb3a0b04f68c1/execute/sync - {"script":"<script> [56 bytes]","args":[{"element-6066-11e4-a52e-4f735466cecf":"f.88445BC73AA68FCADA91DF858886134B.d.E3E7370276DBA18B354CC835DCC1D22E.e.2511","ELEMENT":"f.88445BC73AA68FCADA91DF858886134B.d.E3E7370276DBA18B354CC835DCC1D22E.e.2511"}]}
RESULT: {"script":"<script> [56 bytes]","args":[{"element-6066-11e4-a52e-4f735466cecf":"f.88445BC73AA68FCADA91DF858886134B.d.E3E7370276DBA18B354CC835DCC1D22E.e.2511","ELEMENT":"f.88445BC73AA68FCADA91DF858886134B.d.E3E7370276DBA18B354CC835DCC1D22E.e.2511"}]}
COMMAND: GET /session/d1da2243ed5db842980eb3a0b04f68c1/screenshot - {}
RESULT: {}
COMMAND: POST /session/d1da2243ed5db842980eb3a0b04f68c1/element - {"using":"css selector","value":"#shell-header-logo"}
RESULT: {"using":"css selector","value":"#shell-header-logo"}
COMMAND: POST /session/d1da2243ed5db842980eb3a0b04f68c1/element/f.88445BC73AA68FCADA91DF858886134B.d.E3E7370276DBA18B354CC835DCC1D22E.e.2331/click - {}
RESULT: {}
COMMAND: GET /session/d1da2243ed5db842980eb3a0b04f68c1/screenshot - {}
RESULT: {}
]]></system-out>
    </testcase>
    <testcase classname="chrome.136_0_7103_93.windows.Partner_specific_tests_US150819_US151080_US151654_US151176_US103444_US151078_US151079_US151109_US151174_US151175_US151189" name="Should edit the created external partner and save it and check its content US103444" time="64.475">
      <system-out><![CDATA[
COMMAND: POST /session/d1da2243ed5db842980eb3a0b04f68c1/element - {"using":"xpath","value":"//li[.//span[text()=\"Manage Partners\"]]"}
RESULT: {"using":"xpath","value":"//li[.//span[text()=\"Manage Partners\"]]"}
COMMAND: POST /session/d1da2243ed5db842980eb3a0b04f68c1/element - {"using":"xpath","value":"//li[.//span[text()=\"Manage Partners\"]]"}
RESULT: {"using":"xpath","value":"//li[.//span[text()=\"Manage Partners\"]]"}
COMMAND: POST /session/d1da2243ed5db842980eb3a0b04f68c1/element - {"using":"css selector","value":"#shell-header-logo"}
RESULT: {"using":"css selector","value":"#shell-header-logo"}
COMMAND: POST /session/d1da2243ed5db842980eb3a0b04f68c1/element/f.88445BC73AA68FCADA91DF858886134B.d.E3E7370276DBA18B354CC835DCC1D22E.e.2519/click - {}
COMMAND: POST /session/d1da2243ed5db842980eb3a0b04f68c1/execute/sync - {"script":"<script> [8489 bytes]","args":[{"element-6066-11e4-a52e-4f735466cecf":"f.88445BC73AA68FCADA91DF858886134B.d.E3E7370276DBA18B354CC835DCC1D22E.e.2519","ELEMENT":"f.88445BC73AA68FCADA91DF858886134B.d.E3E7370276DBA18B354CC835DCC1D22E.e.2519"}]}
RESULT: {}
COMMAND: GET /session/d1da2243ed5db842980eb3a0b04f68c1/screenshot - {}
RESULT: {"script":"<script> [8489 bytes]","args":[{"element-6066-11e4-a52e-4f735466cecf":"f.88445BC73AA68FCADA91DF858886134B.d.E3E7370276DBA18B354CC835DCC1D22E.e.2519","ELEMENT":"f.88445BC73AA68FCADA91DF858886134B.d.E3E7370276DBA18B354CC835DCC1D22E.e.2519"}]}
COMMAND: POST /session/d1da2243ed5db842980eb3a0b04f68c1/execute/sync - {"script":"<script> [5351 bytes]","args":[{"element-6066-11e4-a52e-4f735466cecf":"f.88445BC73AA68FCADA91DF858886134B.d.E3E7370276DBA18B354CC835DCC1D22E.e.2519","ELEMENT":"f.88445BC73AA68FCADA91DF858886134B.d.E3E7370276DBA18B354CC835DCC1D22E.e.2519"}]}
COMMAND: GET /session/d1da2243ed5db842980eb3a0b04f68c1/screenshot - {}
RESULT: {}
RESULT: {"script":"<script> [5351 bytes]","args":[{"element-6066-11e4-a52e-4f735466cecf":"f.88445BC73AA68FCADA91DF858886134B.d.E3E7370276DBA18B354CC835DCC1D22E.e.2519","ELEMENT":"f.88445BC73AA68FCADA91DF858886134B.d.E3E7370276DBA18B354CC835DCC1D22E.e.2519"}]}
COMMAND: GET /session/d1da2243ed5db842980eb3a0b04f68c1/screenshot - {}
RESULT: {}
RESULT: {}
RESULT: undefined
COMMAND: POST /session/d1da2243ed5db842980eb3a0b04f68c1/element - {"using":"xpath","value":"//*[@id=\"__tile38\"]"}
RESULT: {"using":"xpath","value":"//*[@id=\"__tile38\"]"}
COMMAND: POST /session/d1da2243ed5db842980eb3a0b04f68c1/element/f.88445BC73AA68FCADA91DF858886134B.d.E3E7370276DBA18B354CC835DCC1D22E.e.146/click - {}
RESULT: {}
COMMAND: GET /session/d1da2243ed5db842980eb3a0b04f68c1/screenshot - {}
RESULT: {}
COMMAND: POST /session/d1da2243ed5db842980eb3a0b04f68c1/elements - {"using":"xpath","value":"//span[text()='Error']"}
RESULT: {"using":"xpath","value":"//span[text()='Error']"}
COMMAND: POST /session/d1da2243ed5db842980eb3a0b04f68c1/element - {"using":"xpath","value":"//button[@data-kt=\"addButton\"]"}
RESULT: {"using":"xpath","value":"//button[@data-kt=\"addButton\"]"}
COMMAND: POST /session/d1da2243ed5db842980eb3a0b04f68c1/elements - {"using":"xpath","value":"//button[@data-kt=\"addButton\"]"}
RESULT: {"using":"xpath","value":"//button[@data-kt=\"addButton\"]"}
COMMAND: POST /session/d1da2243ed5db842980eb3a0b04f68c1/execute/sync - {"script":"<script> [8489 bytes]","args":[{"element-6066-11e4-a52e-4f735466cecf":"f.88445BC73AA68FCADA91DF858886134B.d.E3E7370276DBA18B354CC835DCC1D22E.e.2564","ELEMENT":"f.88445BC73AA68FCADA91DF858886134B.d.E3E7370276DBA18B354CC835DCC1D22E.e.2564"}]}
RESULT: {"script":"<script> [8489 bytes]","args":[{"element-6066-11e4-a52e-4f735466cecf":"f.88445BC73AA68FCADA91DF858886134B.d.E3E7370276DBA18B354CC835DCC1D22E.e.2564","ELEMENT":"f.88445BC73AA68FCADA91DF858886134B.d.E3E7370276DBA18B354CC835DCC1D22E.e.2564"}]}
COMMAND: GET /session/d1da2243ed5db842980eb3a0b04f68c1/element/f.88445BC73AA68FCADA91DF858886134B.d.E3E7370276DBA18B354CC835DCC1D22E.e.2564/enabled - {}
COMMAND: GET /session/d1da2243ed5db842980eb3a0b04f68c1/screenshot - {}
RESULT: {}
COMMAND: POST /session/d1da2243ed5db842980eb3a0b04f68c1/execute/sync - {"script":"<script> [8489 bytes]","args":[{"element-6066-11e4-a52e-4f735466cecf":"f.88445BC73AA68FCADA91DF858886134B.d.E3E7370276DBA18B354CC835DCC1D22E.e.2564","ELEMENT":"f.88445BC73AA68FCADA91DF858886134B.d.E3E7370276DBA18B354CC835DCC1D22E.e.2564"}]}
COMMAND: GET /session/d1da2243ed5db842980eb3a0b04f68c1/screenshot - {}
RESULT: {}
RESULT: {"script":"<script> [8489 bytes]","args":[{"element-6066-11e4-a52e-4f735466cecf":"f.88445BC73AA68FCADA91DF858886134B.d.E3E7370276DBA18B354CC835DCC1D22E.e.2564","ELEMENT":"f.88445BC73AA68FCADA91DF858886134B.d.E3E7370276DBA18B354CC835DCC1D22E.e.2564"}]}
COMMAND: POST /session/d1da2243ed5db842980eb3a0b04f68c1/execute/sync - {"script":"<script> [5351 bytes]","args":[{"element-6066-11e4-a52e-4f735466cecf":"f.88445BC73AA68FCADA91DF858886134B.d.E3E7370276DBA18B354CC835DCC1D22E.e.2564","ELEMENT":"f.88445BC73AA68FCADA91DF858886134B.d.E3E7370276DBA18B354CC835DCC1D22E.e.2564"}]}
COMMAND: GET /session/d1da2243ed5db842980eb3a0b04f68c1/screenshot - {}
RESULT: {}
RESULT: {"script":"<script> [5351 bytes]","args":[{"element-6066-11e4-a52e-4f735466cecf":"f.88445BC73AA68FCADA91DF858886134B.d.E3E7370276DBA18B354CC835DCC1D22E.e.2564","ELEMENT":"f.88445BC73AA68FCADA91DF858886134B.d.E3E7370276DBA18B354CC835DCC1D22E.e.2564"}]}
COMMAND: GET /session/d1da2243ed5db842980eb3a0b04f68c1/screenshot - {}
RESULT: {}
RESULT: {}
RESULT: undefined
COMMAND: POST /session/d1da2243ed5db842980eb3a0b04f68c1/execute/async - {"script":"<script> [776 bytes]","args":[{"enterText":"1333","selector":{"id":"application-managepartners-display-component---masterPtm--smartFilterBar-btnBasicSearch","interaction":{"idSuffix":"I"}},"clearTextFirst":true,"interactionType":"ENTER_TEXT"}]}
RESULT: {"script":"<script> [776 bytes]","args":[{"enterText":"1333","selector":{"id":"application-managepartners-display-component---masterPtm--smartFilterBar-btnBasicSearch","interaction":{"idSuffix":"I"}},"clearTextFirst":true,"interactionType":"ENTER_TEXT"}]}
COMMAND: POST /session/d1da2243ed5db842980eb3a0b04f68c1/actions - {"actions":[{"id":"action6","type":"key","parameters":{},"actions":[{"type":"keyDown","value":""},{"type":"pause","duration":10},{"type":"keyUp","value":""}]}]}
RESULT: {"actions":[{"id":"action6","type":"key","parameters":{},"actions":[{"type":"keyDown","value":""},{"type":"pause","duration":10},{"type":"keyUp","value":""}]}]}
COMMAND: GET /session/d1da2243ed5db842980eb3a0b04f68c1/screenshot - {}
RESULT: {}
COMMAND: POST /session/d1da2243ed5db842980eb3a0b04f68c1/elements - {"using":"xpath","value":"//table[contains(@id, \"customPartnersTable-listUl\")]/tbody/tr"}
RESULT: {"using":"xpath","value":"//table[contains(@id, \"customPartnersTable-listUl\")]/tbody/tr"}
COMMAND: POST /session/d1da2243ed5db842980eb3a0b04f68c1/element - {"using":"xpath","value":"//table[contains(@id, \"customPartnersTable-listUl\")]/tbody/tr[1]/td[3]/span"}
RESULT: {"using":"xpath","value":"//table[contains(@id, \"customPartnersTable-listUl\")]/tbody/tr[1]/td[3]/span"}
COMMAND: POST /session/d1da2243ed5db842980eb3a0b04f68c1/elements - {"using":"xpath","value":"//table[contains(@id, \"customPartnersTable-listUl\")]/tbody/tr[1]/td[3]/span"}
RESULT: {"using":"xpath","value":"//table[contains(@id, \"customPartnersTable-listUl\")]/tbody/tr[1]/td[3]/span"}
COMMAND: POST /session/d1da2243ed5db842980eb3a0b04f68c1/execute/sync - {"script":"<script> [56 bytes]","args":[{"element-6066-11e4-a52e-4f735466cecf":"f.88445BC73AA68FCADA91DF858886134B.d.E3E7370276DBA18B354CC835DCC1D22E.e.2697","ELEMENT":"f.88445BC73AA68FCADA91DF858886134B.d.E3E7370276DBA18B354CC835DCC1D22E.e.2697"}]}
RESULT: {"script":"<script> [56 bytes]","args":[{"element-6066-11e4-a52e-4f735466cecf":"f.88445BC73AA68FCADA91DF858886134B.d.E3E7370276DBA18B354CC835DCC1D22E.e.2697","ELEMENT":"f.88445BC73AA68FCADA91DF858886134B.d.E3E7370276DBA18B354CC835DCC1D22E.e.2697"}]}
COMMAND: POST /session/d1da2243ed5db842980eb3a0b04f68c1/element - {"using":"xpath","value":"(//span[contains(@id, \"imgNav\")])[1]"}
COMMAND: GET /session/d1da2243ed5db842980eb3a0b04f68c1/screenshot - {}
RESULT: {"using":"xpath","value":"(//span[contains(@id, \"imgNav\")])[1]"}
COMMAND: POST /session/d1da2243ed5db842980eb3a0b04f68c1/element/f.88445BC73AA68FCADA91DF858886134B.d.E3E7370276DBA18B354CC835DCC1D22E.e.2695/click - {}
RESULT: {}
RESULT: {}
COMMAND: GET /session/d1da2243ed5db842980eb3a0b04f68c1/screenshot - {}
RESULT: {}
COMMAND: POST /session/d1da2243ed5db842980eb3a0b04f68c1/element - {"using":"xpath","value":"//bdi[contains(text(), \"Edit\")]"}
RESULT: {"using":"xpath","value":"//bdi[contains(text(), \"Edit\")]"}
COMMAND: POST /session/d1da2243ed5db842980eb3a0b04f68c1/element/f.88445BC73AA68FCADA91DF858886134B.d.E3E7370276DBA18B354CC835DCC1D22E.e.2829/click - {}
RESULT: {}
COMMAND: GET /session/d1da2243ed5db842980eb3a0b04f68c1/screenshot - {}
RESULT: {}
COMMAND: POST /session/d1da2243ed5db842980eb3a0b04f68c1/execute/async - {"script":"<script> [1562 bytes]","args":[{"selector":{"controlType":"sap.m.Input","viewName":"etm.portal.ui.managepartners.view.EditDetail","labelFor":{"text":"Name"},"interaction":{"idSuffix":"inner"}},"wdio_ui5_key":"etmportal.ui.managepartners.view.EditDetailsap.m.Input{\"text\":\"Name\"}"}]}
RESULT: {"script":"<script> [1562 bytes]","args":[{"selector":{"controlType":"sap.m.Input","viewName":"etm.portal.ui.managepartners.view.EditDetail","labelFor":{"text":"Name"},"interaction":{"idSuffix":"inner"}},"wdio_ui5_key":"etmportal.ui.managepartners.view.EditDetailsap.m.Input{\"text\":\"Name\"}"}]}
RESULT: undefined
COMMAND: POST /session/d1da2243ed5db842980eb3a0b04f68c1/execute/async - {"script":"<script> [776 bytes]","args":[{"enterText":"External EDIT","selector":{"controlType":"sap.m.Input","viewName":"etm.portal.ui.managepartners.view.EditDetail","labelFor":{"text":"Name"},"interaction":{"idSuffix":"inner"}},"clearTextFirst":true,"interactionType":"ENTER_TEXT"}]}
RESULT: {"script":"<script> [776 bytes]","args":[{"enterText":"External EDIT","selector":{"controlType":"sap.m.Input","viewName":"etm.portal.ui.managepartners.view.EditDetail","labelFor":{"text":"Name"},"interaction":{"idSuffix":"inner"}},"clearTextFirst":true,"interactionType":"ENTER_TEXT"}]}
COMMAND: POST /session/d1da2243ed5db842980eb3a0b04f68c1/element - {"using":"xpath","value":"(//span[contains(@id,\"addressDetailDetailsLanguage-arrow\")])[1]"}
RESULT: {"using":"xpath","value":"(//span[contains(@id,\"addressDetailDetailsLanguage-arrow\")])[1]"}
COMMAND: POST /session/d1da2243ed5db842980eb3a0b04f68c1/element/f.88445BC73AA68FCADA91DF858886134B.d.E3E7370276DBA18B354CC835DCC1D22E.e.2908/click - {}
RESULT: {}
COMMAND: POST /session/d1da2243ed5db842980eb3a0b04f68c1/element - {"using":"xpath","value":"//span[contains(text(), \"Chinese\")]"}
COMMAND: GET /session/d1da2243ed5db842980eb3a0b04f68c1/screenshot - {}
RESULT: {"using":"xpath","value":"//span[contains(text(), \"Chinese\")]"}
COMMAND: POST /session/d1da2243ed5db842980eb3a0b04f68c1/element/f.88445BC73AA68FCADA91DF858886134B.d.E3E7370276DBA18B354CC835DCC1D22E.e.2909/click - {}
RESULT: {}
RESULT: {}
COMMAND: GET /session/d1da2243ed5db842980eb3a0b04f68c1/screenshot - {}
RESULT: {}
COMMAND: POST /session/d1da2243ed5db842980eb3a0b04f68c1/execute/async - {"script":"<script> [1562 bytes]","args":[{"selector":{"controlType":"sap.m.Input","viewName":"etm.portal.ui.managepartners.view.EditDetail","labelFor":{"text":"City"},"interaction":{"idSuffix":"inner"}},"wdio_ui5_key":"etmportal.ui.managepartners.view.EditDetailsap.m.Input{\"text\":\"City\"}"}]}
RESULT: {"script":"<script> [1562 bytes]","args":[{"selector":{"controlType":"sap.m.Input","viewName":"etm.portal.ui.managepartners.view.EditDetail","labelFor":{"text":"City"},"interaction":{"idSuffix":"inner"}},"wdio_ui5_key":"etmportal.ui.managepartners.view.EditDetailsap.m.Input{\"text\":\"City\"}"}]}
RESULT: undefined
COMMAND: POST /session/d1da2243ed5db842980eb3a0b04f68c1/execute/async - {"script":"<script> [776 bytes]","args":[{"enterText":"Clooj-Napoca","selector":{"controlType":"sap.m.Input","viewName":"etm.portal.ui.managepartners.view.EditDetail","labelFor":{"text":"City"},"interaction":{"idSuffix":"inner"}},"clearTextFirst":true,"interactionType":"ENTER_TEXT"}]}
RESULT: {"script":"<script> [776 bytes]","args":[{"enterText":"Clooj-Napoca","selector":{"controlType":"sap.m.Input","viewName":"etm.portal.ui.managepartners.view.EditDetail","labelFor":{"text":"City"},"interaction":{"idSuffix":"inner"}},"clearTextFirst":true,"interactionType":"ENTER_TEXT"}]}
COMMAND: POST /session/d1da2243ed5db842980eb3a0b04f68c1/element - {"using":"xpath","value":"//button[@data-kt=\"saveButton\"]"}
RESULT: {"using":"xpath","value":"//button[@data-kt=\"saveButton\"]"}
COMMAND: POST /session/d1da2243ed5db842980eb3a0b04f68c1/element/f.88445BC73AA68FCADA91DF858886134B.d.E3E7370276DBA18B354CC835DCC1D22E.e.2892/click - {}
RESULT: {}
COMMAND: GET /session/d1da2243ed5db842980eb3a0b04f68c1/screenshot - {}
RESULT: {}
COMMAND: POST /session/d1da2243ed5db842980eb3a0b04f68c1/execute/async - {"script":"<script> [1562 bytes]","args":[{"selector":{"id":"application-managepartners-display-component---detailPtm--addressDetailDetailsName1"},"wdio_ui5_key":"applicationmanagepartners-display-component---detailPtm--addressDetailDetailsName1"}]}
RESULT: {"script":"<script> [1562 bytes]","args":[{"selector":{"id":"application-managepartners-display-component---detailPtm--addressDetailDetailsName1"},"wdio_ui5_key":"applicationmanagepartners-display-component---detailPtm--addressDetailDetailsName1"}]}
RESULT: undefined
COMMAND: POST /session/d1da2243ed5db842980eb3a0b04f68c1/execute/async - {"script":"<script> [6424 bytes]","args":[{"element-6066-11e4-a52e-4f735466cecf":"f.88445BC73AA68FCADA91DF858886134B.d.E3E7370276DBA18B354CC835DCC1D22E.e.2940"},"getValue",[]]}
RESULT: {"script":"<script> [6424 bytes]","args":[{"element-6066-11e4-a52e-4f735466cecf":"f.88445BC73AA68FCADA91DF858886134B.d.E3E7370276DBA18B354CC835DCC1D22E.e.2940"},"getValue",[]]}
COMMAND: POST /session/d1da2243ed5db842980eb3a0b04f68c1/element - {"using":"xpath","value":"//input[@id = \"application-managepartners-display-component---detailPtm--addressDetailDetailsLanguage-inner\"]"}
RESULT: {"using":"xpath","value":"//input[@id = \"application-managepartners-display-component---detailPtm--addressDetailDetailsLanguage-inner\"]"}
COMMAND: GET /session/d1da2243ed5db842980eb3a0b04f68c1/element/f.88445BC73AA68FCADA91DF858886134B.d.E3E7370276DBA18B354CC835DCC1D22E.e.2941/property/value - {}
RESULT: {}
COMMAND: POST /session/d1da2243ed5db842980eb3a0b04f68c1/execute/async - {"script":"<script> [1562 bytes]","args":[{"selector":{"id":"application-managepartners-display-component---detailPtm--addressDetailDetailsCity1"},"wdio_ui5_key":"applicationmanagepartners-display-component---detailPtm--addressDetailDetailsCity1"}]}
COMMAND: GET /session/d1da2243ed5db842980eb3a0b04f68c1/screenshot - {}
RESULT: {"script":"<script> [1562 bytes]","args":[{"selector":{"id":"application-managepartners-display-component---detailPtm--addressDetailDetailsCity1"},"wdio_ui5_key":"applicationmanagepartners-display-component---detailPtm--addressDetailDetailsCity1"}]}
RESULT: undefined
COMMAND: POST /session/d1da2243ed5db842980eb3a0b04f68c1/execute/async - {"script":"<script> [6424 bytes]","args":[{"element-6066-11e4-a52e-4f735466cecf":"f.88445BC73AA68FCADA91DF858886134B.d.E3E7370276DBA18B354CC835DCC1D22E.e.2942"},"getValue",[]]}
RESULT: {}
RESULT: {"script":"<script> [6424 bytes]","args":[{"element-6066-11e4-a52e-4f735466cecf":"f.88445BC73AA68FCADA91DF858886134B.d.E3E7370276DBA18B354CC835DCC1D22E.e.2942"},"getValue",[]]}
COMMAND: POST /session/d1da2243ed5db842980eb3a0b04f68c1/element - {"using":"css selector","value":"#shell-header-logo"}
RESULT: {"using":"css selector","value":"#shell-header-logo"}
COMMAND: POST /session/d1da2243ed5db842980eb3a0b04f68c1/element/f.88445BC73AA68FCADA91DF858886134B.d.E3E7370276DBA18B354CC835DCC1D22E.e.2519/click - {}
RESULT: {}
COMMAND: GET /session/d1da2243ed5db842980eb3a0b04f68c1/screenshot - {}
RESULT: {}
]]></system-out>
    </testcase>
    <testcase classname="chrome.136_0_7103_93.windows.Partner_specific_tests_US150819_US151080_US151654_US151176_US103444_US151078_US151079_US151109_US151174_US151175_US151189" name="Should create a new intercompany partner edit some of its fields US151078" time="239.213">
      <system-out><![CDATA[
COMMAND: POST /session/d1da2243ed5db842980eb3a0b04f68c1/element - {"using":"xpath","value":"//li[.//span[text()=\"Manage Partners\"]]"}
RESULT: {"using":"xpath","value":"//li[.//span[text()=\"Manage Partners\"]]"}
COMMAND: POST /session/d1da2243ed5db842980eb3a0b04f68c1/element - {"using":"xpath","value":"//li[.//span[text()=\"Manage Partners\"]]"}
RESULT: {"using":"xpath","value":"//li[.//span[text()=\"Manage Partners\"]]"}
COMMAND: POST /session/d1da2243ed5db842980eb3a0b04f68c1/element - {"using":"css selector","value":"#shell-header-logo"}
RESULT: {"using":"css selector","value":"#shell-header-logo"}
COMMAND: POST /session/d1da2243ed5db842980eb3a0b04f68c1/element/f.88445BC73AA68FCADA91DF858886134B.d.E3E7370276DBA18B354CC835DCC1D22E.e.2972/click - {}
COMMAND: POST /session/d1da2243ed5db842980eb3a0b04f68c1/execute/sync - {"script":"<script> [8489 bytes]","args":[{"element-6066-11e4-a52e-4f735466cecf":"f.88445BC73AA68FCADA91DF858886134B.d.E3E7370276DBA18B354CC835DCC1D22E.e.2972","ELEMENT":"f.88445BC73AA68FCADA91DF858886134B.d.E3E7370276DBA18B354CC835DCC1D22E.e.2972"}]}
RESULT: {}
COMMAND: GET /session/d1da2243ed5db842980eb3a0b04f68c1/screenshot - {}
RESULT: {"script":"<script> [8489 bytes]","args":[{"element-6066-11e4-a52e-4f735466cecf":"f.88445BC73AA68FCADA91DF858886134B.d.E3E7370276DBA18B354CC835DCC1D22E.e.2972","ELEMENT":"f.88445BC73AA68FCADA91DF858886134B.d.E3E7370276DBA18B354CC835DCC1D22E.e.2972"}]}
COMMAND: POST /session/d1da2243ed5db842980eb3a0b04f68c1/execute/sync - {"script":"<script> [5351 bytes]","args":[{"element-6066-11e4-a52e-4f735466cecf":"f.88445BC73AA68FCADA91DF858886134B.d.E3E7370276DBA18B354CC835DCC1D22E.e.2972","ELEMENT":"f.88445BC73AA68FCADA91DF858886134B.d.E3E7370276DBA18B354CC835DCC1D22E.e.2972"}]}
COMMAND: GET /session/d1da2243ed5db842980eb3a0b04f68c1/screenshot - {}
RESULT: {}
RESULT: {"script":"<script> [5351 bytes]","args":[{"element-6066-11e4-a52e-4f735466cecf":"f.88445BC73AA68FCADA91DF858886134B.d.E3E7370276DBA18B354CC835DCC1D22E.e.2972","ELEMENT":"f.88445BC73AA68FCADA91DF858886134B.d.E3E7370276DBA18B354CC835DCC1D22E.e.2972"}]}
COMMAND: GET /session/d1da2243ed5db842980eb3a0b04f68c1/screenshot - {}
RESULT: {}
RESULT: {}
COMMAND: POST /session/d1da2243ed5db842980eb3a0b04f68c1/refresh - {}
RESULT: {}
COMMAND: GET /session/d1da2243ed5db842980eb3a0b04f68c1/screenshot - {}
RESULT: {}
COMMAND: POST /session/d1da2243ed5db842980eb3a0b04f68c1/refresh - {}
RESULT: {}
COMMAND: GET /session/d1da2243ed5db842980eb3a0b04f68c1/screenshot - {}
RESULT: {}
COMMAND: POST /session/d1da2243ed5db842980eb3a0b04f68c1/window/fullscreen - {}
RESULT: {}
COMMAND: POST /session/d1da2243ed5db842980eb3a0b04f68c1/execute/async - {"script":"<script> [189 bytes]","args":[]}
RESULT: {"script":"<script> [189 bytes]","args":[]}
COMMAND: POST /session/d1da2243ed5db842980eb3a0b04f68c1/execute/async - {"script":"<script> [123 bytes]","args":[]}
RESULT: {"script":"<script> [123 bytes]","args":[]}
COMMAND: POST /session/d1da2243ed5db842980eb3a0b04f68c1/timeouts - {"script":"<number>"}
RESULT: {"script":"<number>"}
COMMAND: GET /session/d1da2243ed5db842980eb3a0b04f68c1/timeouts - {}
RESULT: {}
RESULT: undefined
COMMAND: POST /session/d1da2243ed5db842980eb3a0b04f68c1/execute/async - {"script":"<script> [2676 bytes]","args":[]}
RESULT: {"script":"<script> [2676 bytes]","args":[]}
COMMAND: POST /session/d1da2243ed5db842980eb3a0b04f68c1/execute/async - {"script":"<script> [2342 bytes]","args":[{"protocol":"http","hostname":"0.0.0.0","path":"/","capabilities":{"browserName":"chrome","goog:chromeOptions":{"binary":"C:\\Program Files\\Google\\Chrome\\Application\\chrome.exe","args":["--start-maximized"]}},"logLevel":"warn","connectionRetryTimeout":120000,"connectionRetryCount":3,"logLevels":{},"enableDirectConnect":true,"strictSSL":true,"_":"65 more keys: [\"cacheDir\",\"port\",\"requestedCapabilities\",\"automationProtocol\",\"baseUrl\",\"waitforInterval\",\"waitforTimeout\",\"onReload\",\"beforeCommand\",\"afterCommand\",\"rootDir\",\"specs\",\"suites\",\"exclude\",\"groupLogsByTestSpec\",\"excludeDriverLogs\",\"bail\",\"framework\",\"reporters\",\"services\",\"maxInstances\",\"maxInstancesPerCapability\",\"injectGlobals\",\"filesToWatch\",\"execArgv\",\"runnerEnv\",\"runner\",\"shard\",\"specFileRetries\",\"specFileRetriesDelay\",\"specFileRetriesDeferred\",\"reporterSyncInterval\",\"reporterSyncTimeout\",\"cucumberFeaturesWithLineNumbers\",\"autoCompileOpts\",\"mochaOpts\",\"jasmineOpts\",\"cucumberOpts\",\"onPrepare\",\"onWorkerStart\",\"onWorkerEnd\",\"before\",\"beforeSession\",\"beforeSuite\",\"beforeHook\",\"beforeTest\",\"afterTest\",\"afterHook\",\"afterSuite\",\"afterSession\",\"after\",\"onComplete\",\"beforeAssertion\",\"afterAssertion\",\"beforeFeature\",\"beforeScenario\",\"beforeStep\",\"afterStep\",\"afterScenario\",\"afterFeature\",\"_\",\"suite\",\"$0\",\"ignoredWorkerServices\",\"wdi5\"]"}]}
RESULT: {"script":"<script> [2342 bytes]","args":[{"protocol":"http","hostname":"0.0.0.0","path":"/","capabilities":{"browserName":"chrome","goog:chromeOptions":{"binary":"C:\\Program Files\\Google\\Chrome\\Application\\chrome.exe","args":["--start-maximized"]}},"logLevel":"warn","connectionRetryTimeout":120000,"connectionRetryCount":3,"logLevels":{},"enableDirectConnect":true,"strictSSL":true,"_":"65 more keys: [\"cacheDir\",\"port\",\"requestedCapabilities\",\"automationProtocol\",\"baseUrl\",\"waitforInterval\",\"waitforTimeout\",\"onReload\",\"beforeCommand\",\"afterCommand\",\"rootDir\",\"specs\",\"suites\",\"exclude\",\"groupLogsByTestSpec\",\"excludeDriverLogs\",\"bail\",\"framework\",\"reporters\",\"services\",\"maxInstances\",\"maxInstancesPerCapability\",\"injectGlobals\",\"filesToWatch\",\"execArgv\",\"runnerEnv\",\"runner\",\"shard\",\"specFileRetries\",\"specFileRetriesDelay\",\"specFileRetriesDeferred\",\"reporterSyncInterval\",\"reporterSyncTimeout\",\"cucumberFeaturesWithLineNumbers\",\"autoCompileOpts\",\"mochaOpts\",\"jasmineOpts\",\"cucumberOpts\",\"onPrepare\",\"onWorkerStart\",\"onWorkerEnd\",\"before\",\"beforeSession\",\"beforeSuite\",\"beforeHook\",\"beforeTest\",\"afterTest\",\"afterHook\",\"afterSuite\",\"afterSession\",\"after\",\"onComplete\",\"beforeAssertion\",\"afterAssertion\",\"beforeFeature\",\"beforeScenario\",\"beforeStep\",\"afterStep\",\"afterScenario\",\"afterFeature\",\"_\",\"suite\",\"$0\",\"ignoredWorkerServices\",\"wdi5\"]"}]}
COMMAND: POST /session/d1da2243ed5db842980eb3a0b04f68c1/execute/async - {"script":"<script> [21126 bytes]","args":[35000]}
RESULT: {"script":"<script> [21126 bytes]","args":[35000]}
COMMAND: POST /session/d1da2243ed5db842980eb3a0b04f68c1/window/fullscreen - {}
RESULT: {}
COMMAND: POST /session/d1da2243ed5db842980eb3a0b04f68c1/window/fullscreen - {}
RESULT: {}
COMMAND: POST /session/d1da2243ed5db842980eb3a0b04f68c1/execute/async - {"script":"<script> [1562 bytes]","args":[{"selector":{"controlType":"sap.m.GenericTile","properties":{"header":"Manage Partners"}},"wdio_ui5_key":"sapm.GenericTile{\"header\":\"Manage Partners\"}"}]}
RESULT: {"script":"<script> [1562 bytes]","args":[{"selector":{"controlType":"sap.m.GenericTile","properties":{"header":"Manage Partners"}},"wdio_ui5_key":"sapm.GenericTile{\"header\":\"Manage Partners\"}"}]}
RESULT: undefined
COMMAND: POST /session/d1da2243ed5db842980eb3a0b04f68c1/element - {"using":"xpath","value":"//*[@id=\"__tile30\"]"}
RESULT: {"using":"xpath","value":"//*[@id=\"__tile30\"]"}
COMMAND: POST /session/d1da2243ed5db842980eb3a0b04f68c1/element/f.88445BC73AA68FCADA91DF858886134B.d.D2C1B7F9C8B3C4221DD4C009068EC054.e.3055/click - {}
RESULT: {}
COMMAND: GET /session/d1da2243ed5db842980eb3a0b04f68c1/screenshot - {}
RESULT: {}
COMMAND: POST /session/d1da2243ed5db842980eb3a0b04f68c1/elements - {"using":"xpath","value":"//span[text()='Error']"}
RESULT: {"using":"xpath","value":"//span[text()='Error']"}
COMMAND: POST /session/d1da2243ed5db842980eb3a0b04f68c1/element - {"using":"xpath","value":"//button[@data-kt=\"addButton\"]"}
RESULT: {"using":"xpath","value":"//button[@data-kt=\"addButton\"]"}
COMMAND: POST /session/d1da2243ed5db842980eb3a0b04f68c1/elements - {"using":"xpath","value":"//button[@data-kt=\"addButton\"]"}
RESULT: {"using":"xpath","value":"//button[@data-kt=\"addButton\"]"}
COMMAND: POST /session/d1da2243ed5db842980eb3a0b04f68c1/elements - {"using":"xpath","value":"//button[@data-kt=\"addButton\"]"}
RESULT: {"using":"xpath","value":"//button[@data-kt=\"addButton\"]"}
COMMAND: POST /session/d1da2243ed5db842980eb3a0b04f68c1/elements - {"using":"xpath","value":"//button[@data-kt=\"addButton\"]"}
RESULT: {"using":"xpath","value":"//button[@data-kt=\"addButton\"]"}
COMMAND: POST /session/d1da2243ed5db842980eb3a0b04f68c1/elements - {"using":"xpath","value":"//button[@data-kt=\"addButton\"]"}
RESULT: {"using":"xpath","value":"//button[@data-kt=\"addButton\"]"}
COMMAND: POST /session/d1da2243ed5db842980eb3a0b04f68c1/elements - {"using":"xpath","value":"//button[@data-kt=\"addButton\"]"}
RESULT: {"using":"xpath","value":"//button[@data-kt=\"addButton\"]"}
COMMAND: POST /session/d1da2243ed5db842980eb3a0b04f68c1/elements - {"using":"xpath","value":"//button[@data-kt=\"addButton\"]"}
RESULT: {"using":"xpath","value":"//button[@data-kt=\"addButton\"]"}
COMMAND: POST /session/d1da2243ed5db842980eb3a0b04f68c1/elements - {"using":"xpath","value":"//button[@data-kt=\"addButton\"]"}
RESULT: {"using":"xpath","value":"//button[@data-kt=\"addButton\"]"}
COMMAND: POST /session/d1da2243ed5db842980eb3a0b04f68c1/elements - {"using":"xpath","value":"//button[@data-kt=\"addButton\"]"}
RESULT: {"using":"xpath","value":"//button[@data-kt=\"addButton\"]"}
COMMAND: POST /session/d1da2243ed5db842980eb3a0b04f68c1/elements - {"using":"xpath","value":"//button[@data-kt=\"addButton\"]"}
RESULT: {"using":"xpath","value":"//button[@data-kt=\"addButton\"]"}
COMMAND: POST /session/d1da2243ed5db842980eb3a0b04f68c1/element - {"using":"xpath","value":"//button[@data-kt=\"addButton\"]"}
RESULT: {"using":"xpath","value":"//button[@data-kt=\"addButton\"]"}
COMMAND: POST /session/d1da2243ed5db842980eb3a0b04f68c1/execute/sync - {"script":"<script> [8489 bytes]","args":[{"element-6066-11e4-a52e-4f735466cecf":"f.88445BC73AA68FCADA91DF858886134B.d.D2C1B7F9C8B3C4221DD4C009068EC054.e.3181","ELEMENT":"f.88445BC73AA68FCADA91DF858886134B.d.D2C1B7F9C8B3C4221DD4C009068EC054.e.3181"}]}
RESULT: {"script":"<script> [8489 bytes]","args":[{"element-6066-11e4-a52e-4f735466cecf":"f.88445BC73AA68FCADA91DF858886134B.d.D2C1B7F9C8B3C4221DD4C009068EC054.e.3181","ELEMENT":"f.88445BC73AA68FCADA91DF858886134B.d.D2C1B7F9C8B3C4221DD4C009068EC054.e.3181"}]}
COMMAND: GET /session/d1da2243ed5db842980eb3a0b04f68c1/element/f.88445BC73AA68FCADA91DF858886134B.d.D2C1B7F9C8B3C4221DD4C009068EC054.e.3181/enabled - {}
COMMAND: GET /session/d1da2243ed5db842980eb3a0b04f68c1/screenshot - {}
RESULT: {}
COMMAND: POST /session/d1da2243ed5db842980eb3a0b04f68c1/execute/sync - {"script":"<script> [8489 bytes]","args":[{"element-6066-11e4-a52e-4f735466cecf":"f.88445BC73AA68FCADA91DF858886134B.d.D2C1B7F9C8B3C4221DD4C009068EC054.e.3181","ELEMENT":"f.88445BC73AA68FCADA91DF858886134B.d.D2C1B7F9C8B3C4221DD4C009068EC054.e.3181"}]}
COMMAND: GET /session/d1da2243ed5db842980eb3a0b04f68c1/screenshot - {}
RESULT: {}
RESULT: {"script":"<script> [8489 bytes]","args":[{"element-6066-11e4-a52e-4f735466cecf":"f.88445BC73AA68FCADA91DF858886134B.d.D2C1B7F9C8B3C4221DD4C009068EC054.e.3181","ELEMENT":"f.88445BC73AA68FCADA91DF858886134B.d.D2C1B7F9C8B3C4221DD4C009068EC054.e.3181"}]}
COMMAND: POST /session/d1da2243ed5db842980eb3a0b04f68c1/execute/sync - {"script":"<script> [5351 bytes]","args":[{"element-6066-11e4-a52e-4f735466cecf":"f.88445BC73AA68FCADA91DF858886134B.d.D2C1B7F9C8B3C4221DD4C009068EC054.e.3181","ELEMENT":"f.88445BC73AA68FCADA91DF858886134B.d.D2C1B7F9C8B3C4221DD4C009068EC054.e.3181"}]}
COMMAND: GET /session/d1da2243ed5db842980eb3a0b04f68c1/screenshot - {}
RESULT: {}
RESULT: {"script":"<script> [5351 bytes]","args":[{"element-6066-11e4-a52e-4f735466cecf":"f.88445BC73AA68FCADA91DF858886134B.d.D2C1B7F9C8B3C4221DD4C009068EC054.e.3181","ELEMENT":"f.88445BC73AA68FCADA91DF858886134B.d.D2C1B7F9C8B3C4221DD4C009068EC054.e.3181"}]}
COMMAND: POST /session/d1da2243ed5db842980eb3a0b04f68c1/element/f.88445BC73AA68FCADA91DF858886134B.d.D2C1B7F9C8B3C4221DD4C009068EC054.e.3181/click - {}
COMMAND: GET /session/d1da2243ed5db842980eb3a0b04f68c1/screenshot - {}
RESULT: {}
RESULT: {}
COMMAND: GET /session/d1da2243ed5db842980eb3a0b04f68c1/screenshot - {}
RESULT: {}
RESULT: {}
COMMAND: POST /session/d1da2243ed5db842980eb3a0b04f68c1/execute/async - {"script":"<script> [1562 bytes]","args":[{"selector":{"id":"application-managepartners-display-component---NewPartner--addressDetailDetailsName1","interaction":{"idSuffix":"inner"}},"wdio_ui5_key":"applicationmanagepartners-display-component---NewPartner--addressDetailDetailsName1"}]}
RESULT: {"script":"<script> [1562 bytes]","args":[{"selector":{"id":"application-managepartners-display-component---NewPartner--addressDetailDetailsName1","interaction":{"idSuffix":"inner"}},"wdio_ui5_key":"applicationmanagepartners-display-component---NewPartner--addressDetailDetailsName1"}]}
RESULT: undefined
COMMAND: POST /session/d1da2243ed5db842980eb3a0b04f68c1/execute/async - {"script":"<script> [776 bytes]","args":[{"enterText":"Intercompany Partner WDIO","selector":{"id":"application-managepartners-display-component---NewPartner--addressDetailDetailsName1","interaction":{"idSuffix":"inner"}},"clearTextFirst":true,"interactionType":"ENTER_TEXT"}]}
RESULT: {"script":"<script> [776 bytes]","args":[{"enterText":"Intercompany Partner WDIO","selector":{"id":"application-managepartners-display-component---NewPartner--addressDetailDetailsName1","interaction":{"idSuffix":"inner"}},"clearTextFirst":true,"interactionType":"ENTER_TEXT"}]}
COMMAND: POST /session/d1da2243ed5db842980eb3a0b04f68c1/execute/async - {"script":"<script> [1562 bytes]","args":[{"selector":{"id":"application-managepartners-display-component---NewPartner--addressDetailDetailsLanguage-arrow"},"wdio_ui5_key":"applicationmanagepartners-display-component---NewPartner--addressDetailDetailsLanguage-arrow"}]}
RESULT: {"script":"<script> [1562 bytes]","args":[{"selector":{"id":"application-managepartners-display-component---NewPartner--addressDetailDetailsLanguage-arrow"},"wdio_ui5_key":"applicationmanagepartners-display-component---NewPartner--addressDetailDetailsLanguage-arrow"}]}
RESULT: undefined
COMMAND: POST /session/d1da2243ed5db842980eb3a0b04f68c1/element - {"using":"xpath","value":"//*[@id=\"application-managepartners-display-component---NewPartner--addressDetailDetailsLanguage-arrow\"]"}
RESULT: {"using":"xpath","value":"//*[@id=\"application-managepartners-display-component---NewPartner--addressDetailDetailsLanguage-arrow\"]"}
COMMAND: POST /session/d1da2243ed5db842980eb3a0b04f68c1/element/f.88445BC73AA68FCADA91DF858886134B.d.D2C1B7F9C8B3C4221DD4C009068EC054.e.3622/click - {}
RESULT: {}
COMMAND: POST /session/d1da2243ed5db842980eb3a0b04f68c1/element - {"using":"xpath","value":"//span[contains(text(), \"English\")]"}
COMMAND: GET /session/d1da2243ed5db842980eb3a0b04f68c1/screenshot - {}
RESULT: {"using":"xpath","value":"//span[contains(text(), \"English\")]"}
COMMAND: POST /session/d1da2243ed5db842980eb3a0b04f68c1/element/f.88445BC73AA68FCADA91DF858886134B.d.D2C1B7F9C8B3C4221DD4C009068EC054.e.3623/click - {}
RESULT: {}
RESULT: {}
COMMAND: GET /session/d1da2243ed5db842980eb3a0b04f68c1/screenshot - {}
RESULT: {}
COMMAND: POST /session/d1da2243ed5db842980eb3a0b04f68c1/execute/async - {"script":"<script> [1562 bytes]","args":[{"selector":{"id":"application-managepartners-display-component---NewPartner--addressDetailDetailsCity1","interaction":{"idSuffix":"inner"}},"wdio_ui5_key":"applicationmanagepartners-display-component---NewPartner--addressDetailDetailsCity1"}]}
RESULT: {"script":"<script> [1562 bytes]","args":[{"selector":{"id":"application-managepartners-display-component---NewPartner--addressDetailDetailsCity1","interaction":{"idSuffix":"inner"}},"wdio_ui5_key":"applicationmanagepartners-display-component---NewPartner--addressDetailDetailsCity1"}]}
RESULT: undefined
COMMAND: POST /session/d1da2243ed5db842980eb3a0b04f68c1/execute/async - {"script":"<script> [776 bytes]","args":[{"enterText":"Rosario","selector":{"id":"application-managepartners-display-component---NewPartner--addressDetailDetailsCity1","interaction":{"idSuffix":"inner"}},"clearTextFirst":true,"interactionType":"ENTER_TEXT"}]}
RESULT: {"script":"<script> [776 bytes]","args":[{"enterText":"Rosario","selector":{"id":"application-managepartners-display-component---NewPartner--addressDetailDetailsCity1","interaction":{"idSuffix":"inner"}},"clearTextFirst":true,"interactionType":"ENTER_TEXT"}]}
COMMAND: POST /session/d1da2243ed5db842980eb3a0b04f68c1/execute/async - {"script":"<script> [1562 bytes]","args":[{"selector":{"id":"application-managepartners-display-component---NewPartner--addressDetailDetailsCountry-arrow"},"wdio_ui5_key":"applicationmanagepartners-display-component---NewPartner--addressDetailDetailsCountry-arrow"}]}
RESULT: {"script":"<script> [1562 bytes]","args":[{"selector":{"id":"application-managepartners-display-component---NewPartner--addressDetailDetailsCountry-arrow"},"wdio_ui5_key":"applicationmanagepartners-display-component---NewPartner--addressDetailDetailsCountry-arrow"}]}
RESULT: undefined
COMMAND: POST /session/d1da2243ed5db842980eb3a0b04f68c1/element - {"using":"xpath","value":"//*[@id=\"application-managepartners-display-component---NewPartner--addressDetailDetailsCountry-arrow\"]"}
RESULT: {"using":"xpath","value":"//*[@id=\"application-managepartners-display-component---NewPartner--addressDetailDetailsCountry-arrow\"]"}
COMMAND: POST /session/d1da2243ed5db842980eb3a0b04f68c1/element/f.88445BC73AA68FCADA91DF858886134B.d.D2C1B7F9C8B3C4221DD4C009068EC054.e.3611/click - {}
RESULT: {}
COMMAND: POST /session/d1da2243ed5db842980eb3a0b04f68c1/element - {"using":"xpath","value":"//span[contains(text(), \"Argentina\")]"}
COMMAND: GET /session/d1da2243ed5db842980eb3a0b04f68c1/screenshot - {}
RESULT: {"using":"xpath","value":"//span[contains(text(), \"Argentina\")]"}
COMMAND: POST /session/d1da2243ed5db842980eb3a0b04f68c1/element/f.88445BC73AA68FCADA91DF858886134B.d.D2C1B7F9C8B3C4221DD4C009068EC054.e.3625/click - {}
RESULT: {}
RESULT: {}
COMMAND: GET /session/d1da2243ed5db842980eb3a0b04f68c1/screenshot - {}
RESULT: {}
COMMAND: POST /session/d1da2243ed5db842980eb3a0b04f68c1/element - {"using":"xpath","value":"//bdi[contains(text(), \"Commercial\")]"}
RESULT: {"using":"xpath","value":"//bdi[contains(text(), \"Commercial\")]"}
COMMAND: POST /session/d1da2243ed5db842980eb3a0b04f68c1/element/f.88445BC73AA68FCADA91DF858886134B.d.D2C1B7F9C8B3C4221DD4C009068EC054.e.3626/click - {}
RESULT: {}
COMMAND: GET /session/d1da2243ed5db842980eb3a0b04f68c1/screenshot - {}
RESULT: {}
COMMAND: POST /session/d1da2243ed5db842980eb3a0b04f68c1/execute/async - {"script":"<script> [1562 bytes]","args":[{"selector":{"id":"application-managepartners-display-component---NewPartner--partnerDetailInternal-arrow"},"wdio_ui5_key":"applicationmanagepartners-display-component---NewPartner--partnerDetailInternal-arrow"}]}
RESULT: {"script":"<script> [1562 bytes]","args":[{"selector":{"id":"application-managepartners-display-component---NewPartner--partnerDetailInternal-arrow"},"wdio_ui5_key":"applicationmanagepartners-display-component---NewPartner--partnerDetailInternal-arrow"}]}
RESULT: undefined
COMMAND: POST /session/d1da2243ed5db842980eb3a0b04f68c1/element - {"using":"xpath","value":"//*[@id=\"application-managepartners-display-component---NewPartner--partnerDetailInternal-arrow\"]"}
RESULT: {"using":"xpath","value":"//*[@id=\"application-managepartners-display-component---NewPartner--partnerDetailInternal-arrow\"]"}
COMMAND: POST /session/d1da2243ed5db842980eb3a0b04f68c1/element/f.88445BC73AA68FCADA91DF858886134B.d.D2C1B7F9C8B3C4221DD4C009068EC054.e.3632/click - {}
RESULT: {}
COMMAND: POST /session/d1da2243ed5db842980eb3a0b04f68c1/element - {"using":"xpath","value":"//span[contains(text(), \"Affiliated company\")]"}
COMMAND: GET /session/d1da2243ed5db842980eb3a0b04f68c1/screenshot - {}
RESULT: {"using":"xpath","value":"//span[contains(text(), \"Affiliated company\")]"}
COMMAND: POST /session/d1da2243ed5db842980eb3a0b04f68c1/element/f.88445BC73AA68FCADA91DF858886134B.d.D2C1B7F9C8B3C4221DD4C009068EC054.e.3633/click - {}
RESULT: {}
RESULT: {}
COMMAND: POST /session/d1da2243ed5db842980eb3a0b04f68c1/execute/async - {"script":"<script> [1562 bytes]","args":[{"selector":{"id":"application-managepartners-display-component---NewPartner--partnerDetailsCurrency-arrow"},"wdio_ui5_key":"applicationmanagepartners-display-component---NewPartner--partnerDetailsCurrency-arrow"}]}
COMMAND: GET /session/d1da2243ed5db842980eb3a0b04f68c1/screenshot - {}
RESULT: {"script":"<script> [1562 bytes]","args":[{"selector":{"id":"application-managepartners-display-component---NewPartner--partnerDetailsCurrency-arrow"},"wdio_ui5_key":"applicationmanagepartners-display-component---NewPartner--partnerDetailsCurrency-arrow"}]}
RESULT: undefined
COMMAND: POST /session/d1da2243ed5db842980eb3a0b04f68c1/element - {"using":"xpath","value":"//*[@id=\"application-managepartners-display-component---NewPartner--partnerDetailsCurrency-arrow\"]"}
RESULT: {}
RESULT: {"using":"xpath","value":"//*[@id=\"application-managepartners-display-component---NewPartner--partnerDetailsCurrency-arrow\"]"}
COMMAND: POST /session/d1da2243ed5db842980eb3a0b04f68c1/element/f.88445BC73AA68FCADA91DF858886134B.d.D2C1B7F9C8B3C4221DD4C009068EC054.e.3640/click - {}
RESULT: {}
COMMAND: POST /session/d1da2243ed5db842980eb3a0b04f68c1/element - {"using":"xpath","value":"//span[contains(text(), \"Euro\")]"}
COMMAND: GET /session/d1da2243ed5db842980eb3a0b04f68c1/screenshot - {}
RESULT: {"using":"xpath","value":"//span[contains(text(), \"Euro\")]"}
COMMAND: POST /session/d1da2243ed5db842980eb3a0b04f68c1/element/f.88445BC73AA68FCADA91DF858886134B.d.D2C1B7F9C8B3C4221DD4C009068EC054.e.3641/click - {}
RESULT: {}
RESULT: {}
COMMAND: POST /session/d1da2243ed5db842980eb3a0b04f68c1/execute/async - {"script":"<script> [1562 bytes]","args":[{"selector":{"id":"application-managepartners-display-component---NewPartner--addressEditDetailsCostObjectCstType-arrow"},"wdio_ui5_key":"applicationmanagepartners-display-component---NewPartner--addressEditDetailsCostObjectCstType-arrow"}]}
COMMAND: GET /session/d1da2243ed5db842980eb3a0b04f68c1/screenshot - {}
RESULT: {"script":"<script> [1562 bytes]","args":[{"selector":{"id":"application-managepartners-display-component---NewPartner--addressEditDetailsCostObjectCstType-arrow"},"wdio_ui5_key":"applicationmanagepartners-display-component---NewPartner--addressEditDetailsCostObjectCstType-arrow"}]}
RESULT: undefined
COMMAND: POST /session/d1da2243ed5db842980eb3a0b04f68c1/element - {"using":"xpath","value":"//*[@id=\"application-managepartners-display-component---NewPartner--addressEditDetailsCostObjectCstType-arrow\"]"}
RESULT: {}
RESULT: {"using":"xpath","value":"//*[@id=\"application-managepartners-display-component---NewPartner--addressEditDetailsCostObjectCstType-arrow\"]"}
COMMAND: POST /session/d1da2243ed5db842980eb3a0b04f68c1/element/f.88445BC73AA68FCADA91DF858886134B.d.D2C1B7F9C8B3C4221DD4C009068EC054.e.3642/click - {}
RESULT: {}
COMMAND: POST /session/d1da2243ed5db842980eb3a0b04f68c1/element - {"using":"xpath","value":"//span[contains(text(), \"Cost Center\")]"}
COMMAND: GET /session/d1da2243ed5db842980eb3a0b04f68c1/screenshot - {}
RESULT: {"using":"xpath","value":"//span[contains(text(), \"Cost Center\")]"}
COMMAND: POST /session/d1da2243ed5db842980eb3a0b04f68c1/element/f.88445BC73AA68FCADA91DF858886134B.d.D2C1B7F9C8B3C4221DD4C009068EC054.e.3643/click - {}
RESULT: {}
RESULT: {}
COMMAND: GET /session/d1da2243ed5db842980eb3a0b04f68c1/screenshot - {}
RESULT: {}
COMMAND: POST /session/d1da2243ed5db842980eb3a0b04f68c1/element - {"using":"xpath","value":"//span[@id=\"application-managepartners-display-component---NewPartner--addressNewCostObjectCstID-vhi\"]"}
RESULT: {"using":"xpath","value":"//span[@id=\"application-managepartners-display-component---NewPartner--addressNewCostObjectCstID-vhi\"]"}
COMMAND: POST /session/d1da2243ed5db842980eb3a0b04f68c1/execute/sync - {"script":"<script> [8489 bytes]","args":[{"element-6066-11e4-a52e-4f735466cecf":"f.88445BC73AA68FCADA91DF858886134B.d.D2C1B7F9C8B3C4221DD4C009068EC054.e.3647","ELEMENT":"f.88445BC73AA68FCADA91DF858886134B.d.D2C1B7F9C8B3C4221DD4C009068EC054.e.3647"}]}
RESULT: {"script":"<script> [8489 bytes]","args":[{"element-6066-11e4-a52e-4f735466cecf":"f.88445BC73AA68FCADA91DF858886134B.d.D2C1B7F9C8B3C4221DD4C009068EC054.e.3647","ELEMENT":"f.88445BC73AA68FCADA91DF858886134B.d.D2C1B7F9C8B3C4221DD4C009068EC054.e.3647"}]}
COMMAND: POST /session/d1da2243ed5db842980eb3a0b04f68c1/execute/async - {"script":"<script> [1562 bytes]","args":[{"selector":{"id":"application-managepartners-display-component---NewPartner--addressNewCostObjectCstID-vhi"},"wdio_ui5_key":"applicationmanagepartners-display-component---NewPartner--addressNewCostObjectCstID-vhi"}]}
COMMAND: GET /session/d1da2243ed5db842980eb3a0b04f68c1/screenshot - {}
RESULT: {"script":"<script> [1562 bytes]","args":[{"selector":{"id":"application-managepartners-display-component---NewPartner--addressNewCostObjectCstID-vhi"},"wdio_ui5_key":"applicationmanagepartners-display-component---NewPartner--addressNewCostObjectCstID-vhi"}]}
RESULT: undefined
COMMAND: POST /session/d1da2243ed5db842980eb3a0b04f68c1/element - {"using":"xpath","value":"//*[@id=\"application-managepartners-display-component---NewPartner--addressNewCostObjectCstID-vhi\"]"}
RESULT: {}
RESULT: {"using":"xpath","value":"//*[@id=\"application-managepartners-display-component---NewPartner--addressNewCostObjectCstID-vhi\"]"}
COMMAND: POST /session/d1da2243ed5db842980eb3a0b04f68c1/element/f.88445BC73AA68FCADA91DF858886134B.d.D2C1B7F9C8B3C4221DD4C009068EC054.e.3647/click - {}
RESULT: {}
COMMAND: GET /session/d1da2243ed5db842980eb3a0b04f68c1/screenshot - {}
RESULT: {}
COMMAND: POST /session/d1da2243ed5db842980eb3a0b04f68c1/execute/async - {"script":"<script> [1562 bytes]","args":[{"selector":{"controlType":"sap.m.SearchField","properties":{"placeholder":"Search"},"searchOpenDialogs":true,"interaction":{"idSuffix":"I"}},"wdio_ui5_key":"sapm.SearchField{\"placeholder\":\"Search\"}"}]}
RESULT: {"script":"<script> [1562 bytes]","args":[{"selector":{"controlType":"sap.m.SearchField","properties":{"placeholder":"Search"},"searchOpenDialogs":true,"interaction":{"idSuffix":"I"}},"wdio_ui5_key":"sapm.SearchField{\"placeholder\":\"Search\"}"}]}
RESULT: undefined
COMMAND: POST /session/d1da2243ed5db842980eb3a0b04f68c1/execute/async - {"script":"<script> [776 bytes]","args":[{"enterText":"10001013","selector":{"controlType":"sap.m.SearchField","properties":{"placeholder":"Search"},"searchOpenDialogs":true,"interaction":{"idSuffix":"I"}},"clearTextFirst":true,"interactionType":"ENTER_TEXT"}]}
RESULT: {"script":"<script> [776 bytes]","args":[{"enterText":"10001013","selector":{"controlType":"sap.m.SearchField","properties":{"placeholder":"Search"},"searchOpenDialogs":true,"interaction":{"idSuffix":"I"}},"clearTextFirst":true,"interactionType":"ENTER_TEXT"}]}
COMMAND: POST /session/d1da2243ed5db842980eb3a0b04f68c1/actions - {"actions":[{"id":"action7","type":"key","parameters":{},"actions":[{"type":"keyDown","value":""},{"type":"pause","duration":10},{"type":"keyUp","value":""}]}]}
RESULT: {"actions":[{"id":"action7","type":"key","parameters":{},"actions":[{"type":"keyDown","value":""},{"type":"pause","duration":10},{"type":"keyUp","value":""}]}]}
COMMAND: GET /session/d1da2243ed5db842980eb3a0b04f68c1/screenshot - {}
RESULT: {}
COMMAND: POST /session/d1da2243ed5db842980eb3a0b04f68c1/element - {"using":"xpath","value":"//span[contains(text(), \"General Management\")]"}
RESULT: {"using":"xpath","value":"//span[contains(text(), \"General Management\")]"}
COMMAND: POST /session/d1da2243ed5db842980eb3a0b04f68c1/element/f.88445BC73AA68FCADA91DF858886134B.d.D2C1B7F9C8B3C4221DD4C009068EC054.e.3689/click - {}
RESULT: {}
COMMAND: GET /session/d1da2243ed5db842980eb3a0b04f68c1/screenshot - {}
RESULT: {}
COMMAND: POST /session/d1da2243ed5db842980eb3a0b04f68c1/element - {"using":"xpath","value":"//bdi[contains(text(), \"OK\")]"}
RESULT: {"using":"xpath","value":"//bdi[contains(text(), \"OK\")]"}
COMMAND: POST /session/d1da2243ed5db842980eb3a0b04f68c1/element/f.88445BC73AA68FCADA91DF858886134B.d.D2C1B7F9C8B3C4221DD4C009068EC054.e.3690/click - {}
RESULT: {}
COMMAND: GET /session/d1da2243ed5db842980eb3a0b04f68c1/screenshot - {}
RESULT: {}
COMMAND: POST /session/d1da2243ed5db842980eb3a0b04f68c1/element - {"using":"xpath","value":"//input[@id=\"application-managepartners-display-component---NewPartner--companyCodeComboBox-inner\"]"}
RESULT: {"using":"xpath","value":"//input[@id=\"application-managepartners-display-component---NewPartner--companyCodeComboBox-inner\"]"}
COMMAND: POST /session/d1da2243ed5db842980eb3a0b04f68c1/element/f.88445BC73AA68FCADA91DF858886134B.d.D2C1B7F9C8B3C4221DD4C009068EC054.e.3481/clear - {}
RESULT: {}
COMMAND: POST /session/d1da2243ed5db842980eb3a0b04f68c1/element/f.88445BC73AA68FCADA91DF858886134B.d.D2C1B7F9C8B3C4221DD4C009068EC054.e.3481/value - {"text":"C002"}
COMMAND: GET /session/d1da2243ed5db842980eb3a0b04f68c1/screenshot - {}
RESULT: {"text":"C002"}
COMMAND: GET /session/d1da2243ed5db842980eb3a0b04f68c1/screenshot - {}
RESULT: {}
RESULT: {}
COMMAND: POST /session/d1da2243ed5db842980eb3a0b04f68c1/element - {"using":"xpath","value":"//li[.//span[text()= \"C002\"]]"}
RESULT: {"using":"xpath","value":"//li[.//span[text()= \"C002\"]]"}
COMMAND: POST /session/d1da2243ed5db842980eb3a0b04f68c1/element/f.88445BC73AA68FCADA91DF858886134B.d.D2C1B7F9C8B3C4221DD4C009068EC054.e.3696/click - {}
RESULT: {}
COMMAND: GET /session/d1da2243ed5db842980eb3a0b04f68c1/screenshot - {}
RESULT: {}
COMMAND: POST /session/d1da2243ed5db842980eb3a0b04f68c1/execute/async - {"script":"<script> [1562 bytes]","args":[{"selector":{"id":"application-managepartners-display-component---NewPartner--btnAddTableRow-img"},"wdio_ui5_key":"applicationmanagepartners-display-component---NewPartner--btnAddTableRow-img"}]}
RESULT: {"script":"<script> [1562 bytes]","args":[{"selector":{"id":"application-managepartners-display-component---NewPartner--btnAddTableRow-img"},"wdio_ui5_key":"applicationmanagepartners-display-component---NewPartner--btnAddTableRow-img"}]}
RESULT: undefined
COMMAND: POST /session/d1da2243ed5db842980eb3a0b04f68c1/element - {"using":"xpath","value":"//*[@id=\"application-managepartners-display-component---NewPartner--btnAddTableRow-img\"]"}
RESULT: {"using":"xpath","value":"//*[@id=\"application-managepartners-display-component---NewPartner--btnAddTableRow-img\"]"}
COMMAND: POST /session/d1da2243ed5db842980eb3a0b04f68c1/element/f.88445BC73AA68FCADA91DF858886134B.d.D2C1B7F9C8B3C4221DD4C009068EC054.e.3697/click - {}
RESULT: {}
COMMAND: GET /session/d1da2243ed5db842980eb3a0b04f68c1/screenshot - {}
RESULT: {}
COMMAND: POST /session/d1da2243ed5db842980eb3a0b04f68c1/element - {"using":"xpath","value":"//input[@id=\"application-managepartners-display-component---NewPartner--assignmentYard-application-managepartners-display-component---NewPartner--assignmentsTable-0-inner\"]"}
RESULT: {"using":"xpath","value":"//input[@id=\"application-managepartners-display-component---NewPartner--assignmentYard-application-managepartners-display-component---NewPartner--assignmentsTable-0-inner\"]"}
COMMAND: POST /session/d1da2243ed5db842980eb3a0b04f68c1/element/f.88445BC73AA68FCADA91DF858886134B.d.D2C1B7F9C8B3C4221DD4C009068EC054.e.3700/clear - {}
RESULT: {}
COMMAND: POST /session/d1da2243ed5db842980eb3a0b04f68c1/element/f.88445BC73AA68FCADA91DF858886134B.d.D2C1B7F9C8B3C4221DD4C009068EC054.e.3700/value - {"text":"533"}
COMMAND: GET /session/d1da2243ed5db842980eb3a0b04f68c1/screenshot - {}
RESULT: {"text":"533"}
COMMAND: GET /session/d1da2243ed5db842980eb3a0b04f68c1/screenshot - {}
RESULT: {}
RESULT: {}
COMMAND: POST /session/d1da2243ed5db842980eb3a0b04f68c1/element - {"using":"xpath","value":"//li[.//span[text()='533']]"}
RESULT: {"using":"xpath","value":"//li[.//span[text()='533']]"}
COMMAND: POST /session/d1da2243ed5db842980eb3a0b04f68c1/element/f.88445BC73AA68FCADA91DF858886134B.d.D2C1B7F9C8B3C4221DD4C009068EC054.e.3708/click - {}
RESULT: {}
COMMAND: GET /session/d1da2243ed5db842980eb3a0b04f68c1/screenshot - {}
RESULT: {}
COMMAND: POST /session/d1da2243ed5db842980eb3a0b04f68c1/actions - {"actions":[{"id":"action8","type":"key","parameters":{},"actions":[{"type":"keyDown","value":""},{"type":"pause","duration":10},{"type":"keyUp","value":""}]}]}
RESULT: {"actions":[{"id":"action8","type":"key","parameters":{},"actions":[{"type":"keyDown","value":""},{"type":"pause","duration":10},{"type":"keyUp","value":""}]}]}
COMMAND: POST /session/d1da2243ed5db842980eb3a0b04f68c1/execute/async - {"script":"<script> [1562 bytes]","args":[{"selector":{"id":"application-managepartners-display-component---NewPartner--externalCustomerComboBox-application-managepartners-display-component---NewPartner--assignmentsTable-0-vhi"},"wdio_ui5_key":"applicationmanagepartners-display-component---NewPartner--externalCustomerComboBox-application-managepartners-display-component---NewPartner--assignmentsTable-0-vhi"}]}
COMMAND: GET /session/d1da2243ed5db842980eb3a0b04f68c1/screenshot - {}
RESULT: {"script":"<script> [1562 bytes]","args":[{"selector":{"id":"application-managepartners-display-component---NewPartner--externalCustomerComboBox-application-managepartners-display-component---NewPartner--assignmentsTable-0-vhi"},"wdio_ui5_key":"applicationmanagepartners-display-component---NewPartner--externalCustomerComboBox-application-managepartners-display-component---NewPartner--assignmentsTable-0-vhi"}]}
RESULT: undefined
COMMAND: POST /session/d1da2243ed5db842980eb3a0b04f68c1/element - {"using":"xpath","value":"//*[@id=\"application-managepartners-display-component---NewPartner--externalCustomerComboBox-application-managepartners-display-component---NewPartner--assignmentsTable-0-vhi\"]"}
RESULT: {}
RESULT: {"using":"xpath","value":"//*[@id=\"application-managepartners-display-component---NewPartner--externalCustomerComboBox-application-managepartners-display-component---NewPartner--assignmentsTable-0-vhi\"]"}
COMMAND: POST /session/d1da2243ed5db842980eb3a0b04f68c1/element/f.88445BC73AA68FCADA91DF858886134B.d.D2C1B7F9C8B3C4221DD4C009068EC054.e.3712/click - {}
RESULT: {}
RESULT: undefined
COMMAND: POST /session/d1da2243ed5db842980eb3a0b04f68c1/execute/async - {"script":"<script> [776 bytes]","args":[{"enterText":"300003","selector":{"controlType":"sap.m.SearchField","properties":{"placeholder":"Search"},"searchOpenDialogs":true,"interaction":{"idSuffix":"I"}},"clearTextFirst":true,"interactionType":"ENTER_TEXT"}]}
COMMAND: GET /session/d1da2243ed5db842980eb3a0b04f68c1/screenshot - {}
RESULT: {"script":"<script> [776 bytes]","args":[{"enterText":"300003","selector":{"controlType":"sap.m.SearchField","properties":{"placeholder":"Search"},"searchOpenDialogs":true,"interaction":{"idSuffix":"I"}},"clearTextFirst":true,"interactionType":"ENTER_TEXT"}]}
COMMAND: POST /session/d1da2243ed5db842980eb3a0b04f68c1/actions - {"actions":[{"id":"action9","type":"key","parameters":{},"actions":[{"type":"keyDown","value":""},{"type":"pause","duration":10},{"type":"keyUp","value":""}]}]}
RESULT: {}
RESULT: {"actions":[{"id":"action9","type":"key","parameters":{},"actions":[{"type":"keyDown","value":""},{"type":"pause","duration":10},{"type":"keyUp","value":""}]}]}
COMMAND: GET /session/d1da2243ed5db842980eb3a0b04f68c1/screenshot - {}
RESULT: {}
COMMAND: POST /session/d1da2243ed5db842980eb3a0b04f68c1/element - {"using":"xpath","value":"//span[contains(text(), \"300003\")]"}
RESULT: {"using":"xpath","value":"//span[contains(text(), \"300003\")]"}
COMMAND: POST /session/d1da2243ed5db842980eb3a0b04f68c1/element/f.88445BC73AA68FCADA91DF858886134B.d.D2C1B7F9C8B3C4221DD4C009068EC054.e.3729/click - {}
RESULT: {}
COMMAND: GET /session/d1da2243ed5db842980eb3a0b04f68c1/screenshot - {}
RESULT: {}
COMMAND: POST /session/d1da2243ed5db842980eb3a0b04f68c1/element - {"using":"xpath","value":"//bdi[contains(text(), \"OK\")]"}
RESULT: {"using":"xpath","value":"//bdi[contains(text(), \"OK\")]"}
COMMAND: POST /session/d1da2243ed5db842980eb3a0b04f68c1/element/f.88445BC73AA68FCADA91DF858886134B.d.D2C1B7F9C8B3C4221DD4C009068EC054.e.3731/click - {}
RESULT: {}
COMMAND: GET /session/d1da2243ed5db842980eb3a0b04f68c1/screenshot - {}
RESULT: {}
COMMAND: POST /session/d1da2243ed5db842980eb3a0b04f68c1/execute/async - {"script":"<script> [1562 bytes]","args":[{"selector":{"id":"application-managepartners-display-component---NewPartner--intercompVendorComboBox-application-managepartners-display-component---NewPartner--assignmentsTable-0-vhi"},"wdio_ui5_key":"applicationmanagepartners-display-component---NewPartner--intercompVendorComboBox-application-managepartners-display-component---NewPartner--assignmentsTable-0-vhi"}]}
RESULT: {"script":"<script> [1562 bytes]","args":[{"selector":{"id":"application-managepartners-display-component---NewPartner--intercompVendorComboBox-application-managepartners-display-component---NewPartner--assignmentsTable-0-vhi"},"wdio_ui5_key":"applicationmanagepartners-display-component---NewPartner--intercompVendorComboBox-application-managepartners-display-component---NewPartner--assignmentsTable-0-vhi"}]}
RESULT: undefined
COMMAND: POST /session/d1da2243ed5db842980eb3a0b04f68c1/element - {"using":"xpath","value":"//*[@id=\"application-managepartners-display-component---NewPartner--intercompVendorComboBox-application-managepartners-display-component---NewPartner--assignmentsTable-0-vhi\"]"}
RESULT: {"using":"xpath","value":"//*[@id=\"application-managepartners-display-component---NewPartner--intercompVendorComboBox-application-managepartners-display-component---NewPartner--assignmentsTable-0-vhi\"]"}
COMMAND: POST /session/d1da2243ed5db842980eb3a0b04f68c1/element/f.88445BC73AA68FCADA91DF858886134B.d.D2C1B7F9C8B3C4221DD4C009068EC054.e.3735/click - {}
RESULT: {}
RESULT: undefined
COMMAND: POST /session/d1da2243ed5db842980eb3a0b04f68c1/execute/async - {"script":"<script> [776 bytes]","args":[{"enterText":"100005","selector":{"controlType":"sap.m.SearchField","properties":{"placeholder":"Search"},"searchOpenDialogs":true,"interaction":{"idSuffix":"I"}},"clearTextFirst":true,"interactionType":"ENTER_TEXT"}]}
COMMAND: GET /session/d1da2243ed5db842980eb3a0b04f68c1/screenshot - {}
RESULT: {"script":"<script> [776 bytes]","args":[{"enterText":"100005","selector":{"controlType":"sap.m.SearchField","properties":{"placeholder":"Search"},"searchOpenDialogs":true,"interaction":{"idSuffix":"I"}},"clearTextFirst":true,"interactionType":"ENTER_TEXT"}]}
COMMAND: POST /session/d1da2243ed5db842980eb3a0b04f68c1/actions - {"actions":[{"id":"action10","type":"key","parameters":{},"actions":[{"type":"keyDown","value":""},{"type":"pause","duration":10},{"type":"keyUp","value":""}]}]}
RESULT: {}
RESULT: {"actions":[{"id":"action10","type":"key","parameters":{},"actions":[{"type":"keyDown","value":""},{"type":"pause","duration":10},{"type":"keyUp","value":""}]}]}
COMMAND: GET /session/d1da2243ed5db842980eb3a0b04f68c1/screenshot - {}
RESULT: {}
COMMAND: POST /session/d1da2243ed5db842980eb3a0b04f68c1/element - {"using":"xpath","value":"//span[contains(text(), \"Penguins - Field/12345 Berlin\")]"}
RESULT: {"using":"xpath","value":"//span[contains(text(), \"Penguins - Field/12345 Berlin\")]"}
COMMAND: POST /session/d1da2243ed5db842980eb3a0b04f68c1/element/f.88445BC73AA68FCADA91DF858886134B.d.D2C1B7F9C8B3C4221DD4C009068EC054.e.3752/click - {}
RESULT: {}
COMMAND: GET /session/d1da2243ed5db842980eb3a0b04f68c1/screenshot - {}
RESULT: {}
COMMAND: POST /session/d1da2243ed5db842980eb3a0b04f68c1/element - {"using":"xpath","value":"//bdi[contains(text(), \"OK\")]"}
RESULT: {"using":"xpath","value":"//bdi[contains(text(), \"OK\")]"}
COMMAND: POST /session/d1da2243ed5db842980eb3a0b04f68c1/element/f.88445BC73AA68FCADA91DF858886134B.d.D2C1B7F9C8B3C4221DD4C009068EC054.e.3753/click - {}
RESULT: {}
COMMAND: GET /session/d1da2243ed5db842980eb3a0b04f68c1/screenshot - {}
RESULT: {}
COMMAND: POST /session/d1da2243ed5db842980eb3a0b04f68c1/element - {"using":"xpath","value":"//button[@data-kt=\"saveButton\"]"}
RESULT: {"using":"xpath","value":"//button[@data-kt=\"saveButton\"]"}
COMMAND: POST /session/d1da2243ed5db842980eb3a0b04f68c1/element/f.88445BC73AA68FCADA91DF858886134B.d.D2C1B7F9C8B3C4221DD4C009068EC054.e.3561/click - {}
RESULT: {}
COMMAND: GET /session/d1da2243ed5db842980eb3a0b04f68c1/screenshot - {}
RESULT: {}
COMMAND: POST /session/d1da2243ed5db842980eb3a0b04f68c1/element - {"using":"xpath","value":"//header[contains(@id, 'ObjectPageLayout-headerTitle')]/div[1]/div[2]/div[2]/span[1]"}
RESULT: {"using":"xpath","value":"//header[contains(@id, 'ObjectPageLayout-headerTitle')]/div[1]/div[2]/div[2]/span[1]"}
COMMAND: POST /session/d1da2243ed5db842980eb3a0b04f68c1/elements - {"using":"xpath","value":"//header[contains(@id, 'ObjectPageLayout-headerTitle')]/div[1]/div[2]/div[2]/span[1]"}
RESULT: {"using":"xpath","value":"//header[contains(@id, 'ObjectPageLayout-headerTitle')]/div[1]/div[2]/div[2]/span[1]"}
COMMAND: POST /session/d1da2243ed5db842980eb3a0b04f68c1/execute/sync - {"script":"<script> [56 bytes]","args":[{"element-6066-11e4-a52e-4f735466cecf":"f.88445BC73AA68FCADA91DF858886134B.d.D2C1B7F9C8B3C4221DD4C009068EC054.e.3921","ELEMENT":"f.88445BC73AA68FCADA91DF858886134B.d.D2C1B7F9C8B3C4221DD4C009068EC054.e.3921"}]}
RESULT: {"script":"<script> [56 bytes]","args":[{"element-6066-11e4-a52e-4f735466cecf":"f.88445BC73AA68FCADA91DF858886134B.d.D2C1B7F9C8B3C4221DD4C009068EC054.e.3921","ELEMENT":"f.88445BC73AA68FCADA91DF858886134B.d.D2C1B7F9C8B3C4221DD4C009068EC054.e.3921"}]}
COMMAND: POST /session/d1da2243ed5db842980eb3a0b04f68c1/element - {"using":"css selector","value":"#shell-header-logo"}
COMMAND: GET /session/d1da2243ed5db842980eb3a0b04f68c1/screenshot - {}
RESULT: {"using":"css selector","value":"#shell-header-logo"}
COMMAND: POST /session/d1da2243ed5db842980eb3a0b04f68c1/element/f.88445BC73AA68FCADA91DF858886134B.d.D2C1B7F9C8B3C4221DD4C009068EC054.e.3135/click - {}
RESULT: {}
RESULT: {}
COMMAND: GET /session/d1da2243ed5db842980eb3a0b04f68c1/screenshot - {}
RESULT: {}
COMMAND: POST /session/d1da2243ed5db842980eb3a0b04f68c1/execute/sync - {"script":"<script> [299 bytes]","args":[["getModel","getResource"]]}
RESULT: {"script":"<script> [299 bytes]","args":[["getModel","getResource"]]}
RESULT: undefined
COMMAND: POST /session/d1da2243ed5db842980eb3a0b04f68c1/element - {"using":"xpath","value":"//*[@id=\"__tile30\"]"}
COMMAND: GET /session/d1da2243ed5db842980eb3a0b04f68c1/screenshot - {}
RESULT: {"using":"xpath","value":"//*[@id=\"__tile30\"]"}
COMMAND: POST /session/d1da2243ed5db842980eb3a0b04f68c1/element/f.88445BC73AA68FCADA91DF858886134B.d.D2C1B7F9C8B3C4221DD4C009068EC054.e.3055/click - {}
RESULT: {}
RESULT: {}
COMMAND: GET /session/d1da2243ed5db842980eb3a0b04f68c1/screenshot - {}
RESULT: {}
COMMAND: POST /session/d1da2243ed5db842980eb3a0b04f68c1/elements - {"using":"xpath","value":"//span[text()='Error']"}
RESULT: {"using":"xpath","value":"//span[text()='Error']"}
COMMAND: POST /session/d1da2243ed5db842980eb3a0b04f68c1/element - {"using":"xpath","value":"//button[@data-kt=\"addButton\"]"}
RESULT: {"using":"xpath","value":"//button[@data-kt=\"addButton\"]"}
COMMAND: POST /session/d1da2243ed5db842980eb3a0b04f68c1/elements - {"using":"xpath","value":"//button[@data-kt=\"addButton\"]"}
RESULT: {"using":"xpath","value":"//button[@data-kt=\"addButton\"]"}
COMMAND: POST /session/d1da2243ed5db842980eb3a0b04f68c1/execute/sync - {"script":"<script> [8489 bytes]","args":[{"element-6066-11e4-a52e-4f735466cecf":"f.88445BC73AA68FCADA91DF858886134B.d.D2C1B7F9C8B3C4221DD4C009068EC054.e.3968","ELEMENT":"f.88445BC73AA68FCADA91DF858886134B.d.D2C1B7F9C8B3C4221DD4C009068EC054.e.3968"}]}
RESULT: {"script":"<script> [8489 bytes]","args":[{"element-6066-11e4-a52e-4f735466cecf":"f.88445BC73AA68FCADA91DF858886134B.d.D2C1B7F9C8B3C4221DD4C009068EC054.e.3968","ELEMENT":"f.88445BC73AA68FCADA91DF858886134B.d.D2C1B7F9C8B3C4221DD4C009068EC054.e.3968"}]}
COMMAND: GET /session/d1da2243ed5db842980eb3a0b04f68c1/element/f.88445BC73AA68FCADA91DF858886134B.d.D2C1B7F9C8B3C4221DD4C009068EC054.e.3968/enabled - {}
COMMAND: GET /session/d1da2243ed5db842980eb3a0b04f68c1/screenshot - {}
RESULT: {}
COMMAND: POST /session/d1da2243ed5db842980eb3a0b04f68c1/execute/sync - {"script":"<script> [8489 bytes]","args":[{"element-6066-11e4-a52e-4f735466cecf":"f.88445BC73AA68FCADA91DF858886134B.d.D2C1B7F9C8B3C4221DD4C009068EC054.e.3968","ELEMENT":"f.88445BC73AA68FCADA91DF858886134B.d.D2C1B7F9C8B3C4221DD4C009068EC054.e.3968"}]}
COMMAND: GET /session/d1da2243ed5db842980eb3a0b04f68c1/screenshot - {}
RESULT: {}
RESULT: {"script":"<script> [8489 bytes]","args":[{"element-6066-11e4-a52e-4f735466cecf":"f.88445BC73AA68FCADA91DF858886134B.d.D2C1B7F9C8B3C4221DD4C009068EC054.e.3968","ELEMENT":"f.88445BC73AA68FCADA91DF858886134B.d.D2C1B7F9C8B3C4221DD4C009068EC054.e.3968"}]}
COMMAND: POST /session/d1da2243ed5db842980eb3a0b04f68c1/execute/sync - {"script":"<script> [5351 bytes]","args":[{"element-6066-11e4-a52e-4f735466cecf":"f.88445BC73AA68FCADA91DF858886134B.d.D2C1B7F9C8B3C4221DD4C009068EC054.e.3968","ELEMENT":"f.88445BC73AA68FCADA91DF858886134B.d.D2C1B7F9C8B3C4221DD4C009068EC054.e.3968"}]}
COMMAND: GET /session/d1da2243ed5db842980eb3a0b04f68c1/screenshot - {}
RESULT: {}
RESULT: {"script":"<script> [5351 bytes]","args":[{"element-6066-11e4-a52e-4f735466cecf":"f.88445BC73AA68FCADA91DF858886134B.d.D2C1B7F9C8B3C4221DD4C009068EC054.e.3968","ELEMENT":"f.88445BC73AA68FCADA91DF858886134B.d.D2C1B7F9C8B3C4221DD4C009068EC054.e.3968"}]}
COMMAND: GET /session/d1da2243ed5db842980eb3a0b04f68c1/screenshot - {}
RESULT: {}
RESULT: {}
COMMAND: POST /session/d1da2243ed5db842980eb3a0b04f68c1/execute/async - {"script":"<script> [1562 bytes]","args":[{"selector":{"id":"application-managepartners-display-component---masterPtm--smartFilterBar-btnBasicSearch","interaction":{"idSuffix":"I"}},"wdio_ui5_key":"applicationmanagepartners-display-component---masterPtm--smartFilterBar-btnBasicSearch"}]}
RESULT: {"script":"<script> [1562 bytes]","args":[{"selector":{"id":"application-managepartners-display-component---masterPtm--smartFilterBar-btnBasicSearch","interaction":{"idSuffix":"I"}},"wdio_ui5_key":"applicationmanagepartners-display-component---masterPtm--smartFilterBar-btnBasicSearch"}]}
RESULT: undefined
COMMAND: POST /session/d1da2243ed5db842980eb3a0b04f68c1/execute/async - {"script":"<script> [776 bytes]","args":[{"enterText":"1334","selector":{"id":"application-managepartners-display-component---masterPtm--smartFilterBar-btnBasicSearch","interaction":{"idSuffix":"I"}},"clearTextFirst":true,"interactionType":"ENTER_TEXT"}]}
RESULT: {"script":"<script> [776 bytes]","args":[{"enterText":"1334","selector":{"id":"application-managepartners-display-component---masterPtm--smartFilterBar-btnBasicSearch","interaction":{"idSuffix":"I"}},"clearTextFirst":true,"interactionType":"ENTER_TEXT"}]}
COMMAND: POST /session/d1da2243ed5db842980eb3a0b04f68c1/actions - {"actions":[{"id":"action11","type":"key","parameters":{},"actions":[{"type":"keyDown","value":""},{"type":"pause","duration":10},{"type":"keyUp","value":""}]}]}
RESULT: {"actions":[{"id":"action11","type":"key","parameters":{},"actions":[{"type":"keyDown","value":""},{"type":"pause","duration":10},{"type":"keyUp","value":""}]}]}
COMMAND: GET /session/d1da2243ed5db842980eb3a0b04f68c1/screenshot - {}
RESULT: {}
COMMAND: POST /session/d1da2243ed5db842980eb3a0b04f68c1/elements - {"using":"xpath","value":"//table[contains(@id, \"customPartnersTable-listUl\")]/tbody/tr"}
RESULT: {"using":"xpath","value":"//table[contains(@id, \"customPartnersTable-listUl\")]/tbody/tr"}
COMMAND: POST /session/d1da2243ed5db842980eb3a0b04f68c1/element - {"using":"xpath","value":"//table[contains(@id, \"customPartnersTable-listUl\")]/tbody/tr[1]/td[3]/span"}
RESULT: {"using":"xpath","value":"//table[contains(@id, \"customPartnersTable-listUl\")]/tbody/tr[1]/td[3]/span"}
COMMAND: POST /session/d1da2243ed5db842980eb3a0b04f68c1/elements - {"using":"xpath","value":"//table[contains(@id, \"customPartnersTable-listUl\")]/tbody/tr[1]/td[3]/span"}
RESULT: {"using":"xpath","value":"//table[contains(@id, \"customPartnersTable-listUl\")]/tbody/tr[1]/td[3]/span"}
COMMAND: POST /session/d1da2243ed5db842980eb3a0b04f68c1/execute/sync - {"script":"<script> [56 bytes]","args":[{"element-6066-11e4-a52e-4f735466cecf":"f.88445BC73AA68FCADA91DF858886134B.d.D2C1B7F9C8B3C4221DD4C009068EC054.e.4103","ELEMENT":"f.88445BC73AA68FCADA91DF858886134B.d.D2C1B7F9C8B3C4221DD4C009068EC054.e.4103"}]}
RESULT: {"script":"<script> [56 bytes]","args":[{"element-6066-11e4-a52e-4f735466cecf":"f.88445BC73AA68FCADA91DF858886134B.d.D2C1B7F9C8B3C4221DD4C009068EC054.e.4103","ELEMENT":"f.88445BC73AA68FCADA91DF858886134B.d.D2C1B7F9C8B3C4221DD4C009068EC054.e.4103"}]}
COMMAND: POST /session/d1da2243ed5db842980eb3a0b04f68c1/element - {"using":"xpath","value":"(//span[contains(@id, \"imgNav\")])[1]"}
COMMAND: GET /session/d1da2243ed5db842980eb3a0b04f68c1/screenshot - {}
RESULT: {"using":"xpath","value":"(//span[contains(@id, \"imgNav\")])[1]"}
COMMAND: POST /session/d1da2243ed5db842980eb3a0b04f68c1/element/f.88445BC73AA68FCADA91DF858886134B.d.D2C1B7F9C8B3C4221DD4C009068EC054.e.4101/click - {}
RESULT: {}
RESULT: {}
COMMAND: GET /session/d1da2243ed5db842980eb3a0b04f68c1/screenshot - {}
RESULT: {}
COMMAND: POST /session/d1da2243ed5db842980eb3a0b04f68c1/element - {"using":"xpath","value":"//bdi[contains(text(), \"Edit\")]"}
RESULT: {"using":"xpath","value":"//bdi[contains(text(), \"Edit\")]"}
COMMAND: POST /session/d1da2243ed5db842980eb3a0b04f68c1/element/f.88445BC73AA68FCADA91DF858886134B.d.D2C1B7F9C8B3C4221DD4C009068EC054.e.4248/click - {}
RESULT: {}
COMMAND: GET /session/d1da2243ed5db842980eb3a0b04f68c1/screenshot - {}
RESULT: {}
COMMAND: POST /session/d1da2243ed5db842980eb3a0b04f68c1/execute/async - {"script":"<script> [1562 bytes]","args":[{"selector":{"controlType":"sap.m.Input","viewName":"etm.portal.ui.managepartners.view.EditDetail","labelFor":{"text":"Name"},"interaction":{"idSuffix":"inner"}},"wdio_ui5_key":"etmportal.ui.managepartners.view.EditDetailsap.m.Input{\"text\":\"Name\"}"}]}
RESULT: {"script":"<script> [1562 bytes]","args":[{"selector":{"controlType":"sap.m.Input","viewName":"etm.portal.ui.managepartners.view.EditDetail","labelFor":{"text":"Name"},"interaction":{"idSuffix":"inner"}},"wdio_ui5_key":"etmportal.ui.managepartners.view.EditDetailsap.m.Input{\"text\":\"Name\"}"}]}
RESULT: undefined
COMMAND: POST /session/d1da2243ed5db842980eb3a0b04f68c1/execute/async - {"script":"<script> [776 bytes]","args":[{"enterText":"Intercompany EDIT","selector":{"controlType":"sap.m.Input","viewName":"etm.portal.ui.managepartners.view.EditDetail","labelFor":{"text":"Name"},"interaction":{"idSuffix":"inner"}},"clearTextFirst":true,"interactionType":"ENTER_TEXT"}]}
RESULT: {"script":"<script> [776 bytes]","args":[{"enterText":"Intercompany EDIT","selector":{"controlType":"sap.m.Input","viewName":"etm.portal.ui.managepartners.view.EditDetail","labelFor":{"text":"Name"},"interaction":{"idSuffix":"inner"}},"clearTextFirst":true,"interactionType":"ENTER_TEXT"}]}
COMMAND: POST /session/d1da2243ed5db842980eb3a0b04f68c1/element - {"using":"xpath","value":"(//span[contains(@id,\"addressDetailDetailsLanguage-arrow\")])[1]"}
RESULT: {"using":"xpath","value":"(//span[contains(@id,\"addressDetailDetailsLanguage-arrow\")])[1]"}
COMMAND: POST /session/d1da2243ed5db842980eb3a0b04f68c1/element/f.88445BC73AA68FCADA91DF858886134B.d.D2C1B7F9C8B3C4221DD4C009068EC054.e.4332/click - {}
RESULT: {}
COMMAND: POST /session/d1da2243ed5db842980eb3a0b04f68c1/element - {"using":"xpath","value":"//span[contains(text(), \"Chinese\")]"}
COMMAND: GET /session/d1da2243ed5db842980eb3a0b04f68c1/screenshot - {}
RESULT: {"using":"xpath","value":"//span[contains(text(), \"Chinese\")]"}
COMMAND: POST /session/d1da2243ed5db842980eb3a0b04f68c1/element/f.88445BC73AA68FCADA91DF858886134B.d.D2C1B7F9C8B3C4221DD4C009068EC054.e.4333/click - {}
RESULT: {}
RESULT: {}
COMMAND: GET /session/d1da2243ed5db842980eb3a0b04f68c1/screenshot - {}
RESULT: {}
COMMAND: POST /session/d1da2243ed5db842980eb3a0b04f68c1/execute/async - {"script":"<script> [1562 bytes]","args":[{"selector":{"controlType":"sap.m.Input","viewName":"etm.portal.ui.managepartners.view.EditDetail","labelFor":{"text":"City"},"interaction":{"idSuffix":"inner"}},"wdio_ui5_key":"etmportal.ui.managepartners.view.EditDetailsap.m.Input{\"text\":\"City\"}"}]}
RESULT: {"script":"<script> [1562 bytes]","args":[{"selector":{"controlType":"sap.m.Input","viewName":"etm.portal.ui.managepartners.view.EditDetail","labelFor":{"text":"City"},"interaction":{"idSuffix":"inner"}},"wdio_ui5_key":"etmportal.ui.managepartners.view.EditDetailsap.m.Input{\"text\":\"City\"}"}]}
RESULT: undefined
COMMAND: POST /session/d1da2243ed5db842980eb3a0b04f68c1/execute/async - {"script":"<script> [776 bytes]","args":[{"enterText":"Clooj-Napoca","selector":{"controlType":"sap.m.Input","viewName":"etm.portal.ui.managepartners.view.EditDetail","labelFor":{"text":"City"},"interaction":{"idSuffix":"inner"}},"clearTextFirst":true,"interactionType":"ENTER_TEXT"}]}
RESULT: {"script":"<script> [776 bytes]","args":[{"enterText":"Clooj-Napoca","selector":{"controlType":"sap.m.Input","viewName":"etm.portal.ui.managepartners.view.EditDetail","labelFor":{"text":"City"},"interaction":{"idSuffix":"inner"}},"clearTextFirst":true,"interactionType":"ENTER_TEXT"}]}
COMMAND: POST /session/d1da2243ed5db842980eb3a0b04f68c1/element - {"using":"xpath","value":"//button[@data-kt=\"saveButton\"]"}
RESULT: {"using":"xpath","value":"//button[@data-kt=\"saveButton\"]"}
COMMAND: POST /session/d1da2243ed5db842980eb3a0b04f68c1/element/f.88445BC73AA68FCADA91DF858886134B.d.D2C1B7F9C8B3C4221DD4C009068EC054.e.4311/click - {}
RESULT: {}
COMMAND: GET /session/d1da2243ed5db842980eb3a0b04f68c1/screenshot - {}
RESULT: {}
COMMAND: POST /session/d1da2243ed5db842980eb3a0b04f68c1/execute/async - {"script":"<script> [1562 bytes]","args":[{"selector":{"id":"application-managepartners-display-component---detailPtm--addressDetailDetailsName1"},"wdio_ui5_key":"applicationmanagepartners-display-component---detailPtm--addressDetailDetailsName1"}]}
RESULT: {"script":"<script> [1562 bytes]","args":[{"selector":{"id":"application-managepartners-display-component---detailPtm--addressDetailDetailsName1"},"wdio_ui5_key":"applicationmanagepartners-display-component---detailPtm--addressDetailDetailsName1"}]}
RESULT: undefined
COMMAND: POST /session/d1da2243ed5db842980eb3a0b04f68c1/execute/async - {"script":"<script> [6424 bytes]","args":[{"element-6066-11e4-a52e-4f735466cecf":"f.88445BC73AA68FCADA91DF858886134B.d.D2C1B7F9C8B3C4221DD4C009068EC054.e.4364"},"getValue",[]]}
RESULT: {"script":"<script> [6424 bytes]","args":[{"element-6066-11e4-a52e-4f735466cecf":"f.88445BC73AA68FCADA91DF858886134B.d.D2C1B7F9C8B3C4221DD4C009068EC054.e.4364"},"getValue",[]]}
COMMAND: POST /session/d1da2243ed5db842980eb3a0b04f68c1/element - {"using":"xpath","value":"//input[@id = \"application-managepartners-display-component---detailPtm--addressDetailDetailsLanguage-inner\"]"}
RESULT: {"using":"xpath","value":"//input[@id = \"application-managepartners-display-component---detailPtm--addressDetailDetailsLanguage-inner\"]"}
COMMAND: GET /session/d1da2243ed5db842980eb3a0b04f68c1/element/f.88445BC73AA68FCADA91DF858886134B.d.D2C1B7F9C8B3C4221DD4C009068EC054.e.4365/property/value - {}
RESULT: {}
COMMAND: POST /session/d1da2243ed5db842980eb3a0b04f68c1/execute/async - {"script":"<script> [1562 bytes]","args":[{"selector":{"id":"application-managepartners-display-component---detailPtm--addressDetailDetailsCity1"},"wdio_ui5_key":"applicationmanagepartners-display-component---detailPtm--addressDetailDetailsCity1"}]}
COMMAND: GET /session/d1da2243ed5db842980eb3a0b04f68c1/screenshot - {}
RESULT: {"script":"<script> [1562 bytes]","args":[{"selector":{"id":"application-managepartners-display-component---detailPtm--addressDetailDetailsCity1"},"wdio_ui5_key":"applicationmanagepartners-display-component---detailPtm--addressDetailDetailsCity1"}]}
RESULT: undefined
COMMAND: POST /session/d1da2243ed5db842980eb3a0b04f68c1/execute/async - {"script":"<script> [6424 bytes]","args":[{"element-6066-11e4-a52e-4f735466cecf":"f.88445BC73AA68FCADA91DF858886134B.d.D2C1B7F9C8B3C4221DD4C009068EC054.e.4366"},"getValue",[]]}
RESULT: {}
RESULT: {"script":"<script> [6424 bytes]","args":[{"element-6066-11e4-a52e-4f735466cecf":"f.88445BC73AA68FCADA91DF858886134B.d.D2C1B7F9C8B3C4221DD4C009068EC054.e.4366"},"getValue",[]]}
COMMAND: POST /session/d1da2243ed5db842980eb3a0b04f68c1/element - {"using":"css selector","value":"#shell-header-logo"}
RESULT: {"using":"css selector","value":"#shell-header-logo"}
COMMAND: POST /session/d1da2243ed5db842980eb3a0b04f68c1/element/f.88445BC73AA68FCADA91DF858886134B.d.D2C1B7F9C8B3C4221DD4C009068EC054.e.3924/click - {}
RESULT: {}
COMMAND: GET /session/d1da2243ed5db842980eb3a0b04f68c1/screenshot - {}
RESULT: {}
]]></system-out>
    </testcase>
    <testcase classname="chrome.136_0_7103_93.windows.Partner_specific_tests_US150819_US151080_US151654_US151176_US103444_US151078_US151079_US151109_US151174_US151175_US151189" name="Should create a new intracompany partner edit some of its fields US151079" time="236.978">
      <system-out><![CDATA[
COMMAND: POST /session/d1da2243ed5db842980eb3a0b04f68c1/element - {"using":"xpath","value":"//li[.//span[text()=\"Manage Partners\"]]"}
RESULT: {"using":"xpath","value":"//li[.//span[text()=\"Manage Partners\"]]"}
COMMAND: POST /session/d1da2243ed5db842980eb3a0b04f68c1/element - {"using":"xpath","value":"//li[.//span[text()=\"Manage Partners\"]]"}
RESULT: {"using":"xpath","value":"//li[.//span[text()=\"Manage Partners\"]]"}
COMMAND: POST /session/d1da2243ed5db842980eb3a0b04f68c1/element - {"using":"css selector","value":"#shell-header-logo"}
RESULT: {"using":"css selector","value":"#shell-header-logo"}
COMMAND: POST /session/d1da2243ed5db842980eb3a0b04f68c1/element/f.88445BC73AA68FCADA91DF858886134B.d.D2C1B7F9C8B3C4221DD4C009068EC054.e.4396/click - {}
COMMAND: POST /session/d1da2243ed5db842980eb3a0b04f68c1/execute/sync - {"script":"<script> [8489 bytes]","args":[{"element-6066-11e4-a52e-4f735466cecf":"f.88445BC73AA68FCADA91DF858886134B.d.D2C1B7F9C8B3C4221DD4C009068EC054.e.4396","ELEMENT":"f.88445BC73AA68FCADA91DF858886134B.d.D2C1B7F9C8B3C4221DD4C009068EC054.e.4396"}]}
RESULT: {}
COMMAND: GET /session/d1da2243ed5db842980eb3a0b04f68c1/screenshot - {}
RESULT: {"script":"<script> [8489 bytes]","args":[{"element-6066-11e4-a52e-4f735466cecf":"f.88445BC73AA68FCADA91DF858886134B.d.D2C1B7F9C8B3C4221DD4C009068EC054.e.4396","ELEMENT":"f.88445BC73AA68FCADA91DF858886134B.d.D2C1B7F9C8B3C4221DD4C009068EC054.e.4396"}]}
COMMAND: POST /session/d1da2243ed5db842980eb3a0b04f68c1/execute/sync - {"script":"<script> [5351 bytes]","args":[{"element-6066-11e4-a52e-4f735466cecf":"f.88445BC73AA68FCADA91DF858886134B.d.D2C1B7F9C8B3C4221DD4C009068EC054.e.4396","ELEMENT":"f.88445BC73AA68FCADA91DF858886134B.d.D2C1B7F9C8B3C4221DD4C009068EC054.e.4396"}]}
COMMAND: GET /session/d1da2243ed5db842980eb3a0b04f68c1/screenshot - {}
RESULT: {}
RESULT: {"script":"<script> [5351 bytes]","args":[{"element-6066-11e4-a52e-4f735466cecf":"f.88445BC73AA68FCADA91DF858886134B.d.D2C1B7F9C8B3C4221DD4C009068EC054.e.4396","ELEMENT":"f.88445BC73AA68FCADA91DF858886134B.d.D2C1B7F9C8B3C4221DD4C009068EC054.e.4396"}]}
COMMAND: GET /session/d1da2243ed5db842980eb3a0b04f68c1/screenshot - {}
RESULT: {}
RESULT: {}
COMMAND: POST /session/d1da2243ed5db842980eb3a0b04f68c1/refresh - {}
RESULT: {}
COMMAND: GET /session/d1da2243ed5db842980eb3a0b04f68c1/screenshot - {}
RESULT: {}
COMMAND: POST /session/d1da2243ed5db842980eb3a0b04f68c1/refresh - {}
RESULT: {}
COMMAND: GET /session/d1da2243ed5db842980eb3a0b04f68c1/screenshot - {}
RESULT: {}
COMMAND: POST /session/d1da2243ed5db842980eb3a0b04f68c1/window/fullscreen - {}
RESULT: {}
COMMAND: POST /session/d1da2243ed5db842980eb3a0b04f68c1/execute/async - {"script":"<script> [189 bytes]","args":[]}
RESULT: {"script":"<script> [189 bytes]","args":[]}
COMMAND: POST /session/d1da2243ed5db842980eb3a0b04f68c1/execute/async - {"script":"<script> [123 bytes]","args":[]}
RESULT: {"script":"<script> [123 bytes]","args":[]}
COMMAND: POST /session/d1da2243ed5db842980eb3a0b04f68c1/timeouts - {"script":"<number>"}
RESULT: {"script":"<number>"}
COMMAND: GET /session/d1da2243ed5db842980eb3a0b04f68c1/timeouts - {}
RESULT: {}
RESULT: undefined
COMMAND: POST /session/d1da2243ed5db842980eb3a0b04f68c1/execute/async - {"script":"<script> [2676 bytes]","args":[]}
RESULT: {"script":"<script> [2676 bytes]","args":[]}
COMMAND: POST /session/d1da2243ed5db842980eb3a0b04f68c1/execute/async - {"script":"<script> [2342 bytes]","args":[{"protocol":"http","hostname":"0.0.0.0","path":"/","capabilities":{"browserName":"chrome","goog:chromeOptions":{"binary":"C:\\Program Files\\Google\\Chrome\\Application\\chrome.exe","args":["--start-maximized"]}},"logLevel":"warn","connectionRetryTimeout":120000,"connectionRetryCount":3,"logLevels":{},"enableDirectConnect":true,"strictSSL":true,"_":"65 more keys: [\"cacheDir\",\"port\",\"requestedCapabilities\",\"automationProtocol\",\"baseUrl\",\"waitforInterval\",\"waitforTimeout\",\"onReload\",\"beforeCommand\",\"afterCommand\",\"rootDir\",\"specs\",\"suites\",\"exclude\",\"groupLogsByTestSpec\",\"excludeDriverLogs\",\"bail\",\"framework\",\"reporters\",\"services\",\"maxInstances\",\"maxInstancesPerCapability\",\"injectGlobals\",\"filesToWatch\",\"execArgv\",\"runnerEnv\",\"runner\",\"shard\",\"specFileRetries\",\"specFileRetriesDelay\",\"specFileRetriesDeferred\",\"reporterSyncInterval\",\"reporterSyncTimeout\",\"cucumberFeaturesWithLineNumbers\",\"autoCompileOpts\",\"mochaOpts\",\"jasmineOpts\",\"cucumberOpts\",\"onPrepare\",\"onWorkerStart\",\"onWorkerEnd\",\"before\",\"beforeSession\",\"beforeSuite\",\"beforeHook\",\"beforeTest\",\"afterTest\",\"afterHook\",\"afterSuite\",\"afterSession\",\"after\",\"onComplete\",\"beforeAssertion\",\"afterAssertion\",\"beforeFeature\",\"beforeScenario\",\"beforeStep\",\"afterStep\",\"afterScenario\",\"afterFeature\",\"_\",\"suite\",\"$0\",\"ignoredWorkerServices\",\"wdi5\"]"}]}
RESULT: {"script":"<script> [2342 bytes]","args":[{"protocol":"http","hostname":"0.0.0.0","path":"/","capabilities":{"browserName":"chrome","goog:chromeOptions":{"binary":"C:\\Program Files\\Google\\Chrome\\Application\\chrome.exe","args":["--start-maximized"]}},"logLevel":"warn","connectionRetryTimeout":120000,"connectionRetryCount":3,"logLevels":{},"enableDirectConnect":true,"strictSSL":true,"_":"65 more keys: [\"cacheDir\",\"port\",\"requestedCapabilities\",\"automationProtocol\",\"baseUrl\",\"waitforInterval\",\"waitforTimeout\",\"onReload\",\"beforeCommand\",\"afterCommand\",\"rootDir\",\"specs\",\"suites\",\"exclude\",\"groupLogsByTestSpec\",\"excludeDriverLogs\",\"bail\",\"framework\",\"reporters\",\"services\",\"maxInstances\",\"maxInstancesPerCapability\",\"injectGlobals\",\"filesToWatch\",\"execArgv\",\"runnerEnv\",\"runner\",\"shard\",\"specFileRetries\",\"specFileRetriesDelay\",\"specFileRetriesDeferred\",\"reporterSyncInterval\",\"reporterSyncTimeout\",\"cucumberFeaturesWithLineNumbers\",\"autoCompileOpts\",\"mochaOpts\",\"jasmineOpts\",\"cucumberOpts\",\"onPrepare\",\"onWorkerStart\",\"onWorkerEnd\",\"before\",\"beforeSession\",\"beforeSuite\",\"beforeHook\",\"beforeTest\",\"afterTest\",\"afterHook\",\"afterSuite\",\"afterSession\",\"after\",\"onComplete\",\"beforeAssertion\",\"afterAssertion\",\"beforeFeature\",\"beforeScenario\",\"beforeStep\",\"afterStep\",\"afterScenario\",\"afterFeature\",\"_\",\"suite\",\"$0\",\"ignoredWorkerServices\",\"wdi5\"]"}]}
COMMAND: POST /session/d1da2243ed5db842980eb3a0b04f68c1/execute/async - {"script":"<script> [21126 bytes]","args":[35000]}
RESULT: {"script":"<script> [21126 bytes]","args":[35000]}
COMMAND: POST /session/d1da2243ed5db842980eb3a0b04f68c1/window/fullscreen - {}
RESULT: {}
COMMAND: POST /session/d1da2243ed5db842980eb3a0b04f68c1/window/fullscreen - {}
RESULT: {}
COMMAND: POST /session/d1da2243ed5db842980eb3a0b04f68c1/execute/async - {"script":"<script> [1562 bytes]","args":[{"selector":{"controlType":"sap.m.GenericTile","properties":{"header":"Manage Partners"}},"wdio_ui5_key":"sapm.GenericTile{\"header\":\"Manage Partners\"}"}]}
RESULT: {"script":"<script> [1562 bytes]","args":[{"selector":{"controlType":"sap.m.GenericTile","properties":{"header":"Manage Partners"}},"wdio_ui5_key":"sapm.GenericTile{\"header\":\"Manage Partners\"}"}]}
RESULT: undefined
COMMAND: POST /session/d1da2243ed5db842980eb3a0b04f68c1/element - {"using":"xpath","value":"//*[@id=\"__tile30\"]"}
RESULT: {"using":"xpath","value":"//*[@id=\"__tile30\"]"}
COMMAND: POST /session/d1da2243ed5db842980eb3a0b04f68c1/element/f.88445BC73AA68FCADA91DF858886134B.d.F3441DA8865B228DDB702D2041A2C3E8.e.4462/click - {}
RESULT: {}
COMMAND: GET /session/d1da2243ed5db842980eb3a0b04f68c1/screenshot - {}
RESULT: {}
COMMAND: POST /session/d1da2243ed5db842980eb3a0b04f68c1/elements - {"using":"xpath","value":"//span[text()='Error']"}
RESULT: {"using":"xpath","value":"//span[text()='Error']"}
COMMAND: POST /session/d1da2243ed5db842980eb3a0b04f68c1/element - {"using":"xpath","value":"//button[@data-kt=\"addButton\"]"}
RESULT: {"using":"xpath","value":"//button[@data-kt=\"addButton\"]"}
COMMAND: POST /session/d1da2243ed5db842980eb3a0b04f68c1/elements - {"using":"xpath","value":"//button[@data-kt=\"addButton\"]"}
RESULT: {"using":"xpath","value":"//button[@data-kt=\"addButton\"]"}
COMMAND: POST /session/d1da2243ed5db842980eb3a0b04f68c1/elements - {"using":"xpath","value":"//button[@data-kt=\"addButton\"]"}
RESULT: {"using":"xpath","value":"//button[@data-kt=\"addButton\"]"}
COMMAND: POST /session/d1da2243ed5db842980eb3a0b04f68c1/elements - {"using":"xpath","value":"//button[@data-kt=\"addButton\"]"}
RESULT: {"using":"xpath","value":"//button[@data-kt=\"addButton\"]"}
COMMAND: POST /session/d1da2243ed5db842980eb3a0b04f68c1/elements - {"using":"xpath","value":"//button[@data-kt=\"addButton\"]"}
RESULT: {"using":"xpath","value":"//button[@data-kt=\"addButton\"]"}
COMMAND: POST /session/d1da2243ed5db842980eb3a0b04f68c1/elements - {"using":"xpath","value":"//button[@data-kt=\"addButton\"]"}
RESULT: {"using":"xpath","value":"//button[@data-kt=\"addButton\"]"}
COMMAND: POST /session/d1da2243ed5db842980eb3a0b04f68c1/elements - {"using":"xpath","value":"//button[@data-kt=\"addButton\"]"}
RESULT: {"using":"xpath","value":"//button[@data-kt=\"addButton\"]"}
COMMAND: POST /session/d1da2243ed5db842980eb3a0b04f68c1/elements - {"using":"xpath","value":"//button[@data-kt=\"addButton\"]"}
RESULT: {"using":"xpath","value":"//button[@data-kt=\"addButton\"]"}
COMMAND: POST /session/d1da2243ed5db842980eb3a0b04f68c1/element - {"using":"xpath","value":"//button[@data-kt=\"addButton\"]"}
RESULT: {"using":"xpath","value":"//button[@data-kt=\"addButton\"]"}
COMMAND: POST /session/d1da2243ed5db842980eb3a0b04f68c1/execute/sync - {"script":"<script> [8489 bytes]","args":[{"element-6066-11e4-a52e-4f735466cecf":"f.88445BC73AA68FCADA91DF858886134B.d.F3441DA8865B228DDB702D2041A2C3E8.e.4588","ELEMENT":"f.88445BC73AA68FCADA91DF858886134B.d.F3441DA8865B228DDB702D2041A2C3E8.e.4588"}]}
RESULT: {"script":"<script> [8489 bytes]","args":[{"element-6066-11e4-a52e-4f735466cecf":"f.88445BC73AA68FCADA91DF858886134B.d.F3441DA8865B228DDB702D2041A2C3E8.e.4588","ELEMENT":"f.88445BC73AA68FCADA91DF858886134B.d.F3441DA8865B228DDB702D2041A2C3E8.e.4588"}]}
COMMAND: GET /session/d1da2243ed5db842980eb3a0b04f68c1/element/f.88445BC73AA68FCADA91DF858886134B.d.F3441DA8865B228DDB702D2041A2C3E8.e.4588/enabled - {}
COMMAND: GET /session/d1da2243ed5db842980eb3a0b04f68c1/screenshot - {}
RESULT: {}
COMMAND: POST /session/d1da2243ed5db842980eb3a0b04f68c1/execute/sync - {"script":"<script> [8489 bytes]","args":[{"element-6066-11e4-a52e-4f735466cecf":"f.88445BC73AA68FCADA91DF858886134B.d.F3441DA8865B228DDB702D2041A2C3E8.e.4588","ELEMENT":"f.88445BC73AA68FCADA91DF858886134B.d.F3441DA8865B228DDB702D2041A2C3E8.e.4588"}]}
COMMAND: GET /session/d1da2243ed5db842980eb3a0b04f68c1/screenshot - {}
RESULT: {}
RESULT: {"script":"<script> [8489 bytes]","args":[{"element-6066-11e4-a52e-4f735466cecf":"f.88445BC73AA68FCADA91DF858886134B.d.F3441DA8865B228DDB702D2041A2C3E8.e.4588","ELEMENT":"f.88445BC73AA68FCADA91DF858886134B.d.F3441DA8865B228DDB702D2041A2C3E8.e.4588"}]}
COMMAND: POST /session/d1da2243ed5db842980eb3a0b04f68c1/execute/sync - {"script":"<script> [5351 bytes]","args":[{"element-6066-11e4-a52e-4f735466cecf":"f.88445BC73AA68FCADA91DF858886134B.d.F3441DA8865B228DDB702D2041A2C3E8.e.4588","ELEMENT":"f.88445BC73AA68FCADA91DF858886134B.d.F3441DA8865B228DDB702D2041A2C3E8.e.4588"}]}
COMMAND: GET /session/d1da2243ed5db842980eb3a0b04f68c1/screenshot - {}
RESULT: {}
RESULT: {"script":"<script> [5351 bytes]","args":[{"element-6066-11e4-a52e-4f735466cecf":"f.88445BC73AA68FCADA91DF858886134B.d.F3441DA8865B228DDB702D2041A2C3E8.e.4588","ELEMENT":"f.88445BC73AA68FCADA91DF858886134B.d.F3441DA8865B228DDB702D2041A2C3E8.e.4588"}]}
COMMAND: POST /session/d1da2243ed5db842980eb3a0b04f68c1/element/f.88445BC73AA68FCADA91DF858886134B.d.F3441DA8865B228DDB702D2041A2C3E8.e.4588/click - {}
COMMAND: GET /session/d1da2243ed5db842980eb3a0b04f68c1/screenshot - {}
RESULT: {}
RESULT: {}
COMMAND: GET /session/d1da2243ed5db842980eb3a0b04f68c1/screenshot - {}
RESULT: {}
COMMAND: POST /session/d1da2243ed5db842980eb3a0b04f68c1/execute/async - {"script":"<script> [1562 bytes]","args":[{"selector":{"id":"application-managepartners-display-component---NewPartner--addressDetailDetailsName1","interaction":{"idSuffix":"inner"}},"wdio_ui5_key":"applicationmanagepartners-display-component---NewPartner--addressDetailDetailsName1"}]}
RESULT: {}
RESULT: {"script":"<script> [1562 bytes]","args":[{"selector":{"id":"application-managepartners-display-component---NewPartner--addressDetailDetailsName1","interaction":{"idSuffix":"inner"}},"wdio_ui5_key":"applicationmanagepartners-display-component---NewPartner--addressDetailDetailsName1"}]}
RESULT: undefined
COMMAND: POST /session/d1da2243ed5db842980eb3a0b04f68c1/execute/async - {"script":"<script> [776 bytes]","args":[{"enterText":"Intracompany Partner WDIO","selector":{"id":"application-managepartners-display-component---NewPartner--addressDetailDetailsName1","interaction":{"idSuffix":"inner"}},"clearTextFirst":true,"interactionType":"ENTER_TEXT"}]}
RESULT: {"script":"<script> [776 bytes]","args":[{"enterText":"Intracompany Partner WDIO","selector":{"id":"application-managepartners-display-component---NewPartner--addressDetailDetailsName1","interaction":{"idSuffix":"inner"}},"clearTextFirst":true,"interactionType":"ENTER_TEXT"}]}
COMMAND: POST /session/d1da2243ed5db842980eb3a0b04f68c1/execute/async - {"script":"<script> [1562 bytes]","args":[{"selector":{"id":"application-managepartners-display-component---NewPartner--addressDetailDetailsLanguage-arrow"},"wdio_ui5_key":"applicationmanagepartners-display-component---NewPartner--addressDetailDetailsLanguage-arrow"}]}
RESULT: {"script":"<script> [1562 bytes]","args":[{"selector":{"id":"application-managepartners-display-component---NewPartner--addressDetailDetailsLanguage-arrow"},"wdio_ui5_key":"applicationmanagepartners-display-component---NewPartner--addressDetailDetailsLanguage-arrow"}]}
RESULT: undefined
COMMAND: POST /session/d1da2243ed5db842980eb3a0b04f68c1/element - {"using":"xpath","value":"//*[@id=\"application-managepartners-display-component---NewPartner--addressDetailDetailsLanguage-arrow\"]"}
RESULT: {"using":"xpath","value":"//*[@id=\"application-managepartners-display-component---NewPartner--addressDetailDetailsLanguage-arrow\"]"}
COMMAND: POST /session/d1da2243ed5db842980eb3a0b04f68c1/element/f.88445BC73AA68FCADA91DF858886134B.d.F3441DA8865B228DDB702D2041A2C3E8.e.5030/click - {}
RESULT: {}
COMMAND: POST /session/d1da2243ed5db842980eb3a0b04f68c1/element - {"using":"xpath","value":"//span[contains(text(), \"English\")]"}
COMMAND: GET /session/d1da2243ed5db842980eb3a0b04f68c1/screenshot - {}
RESULT: {"using":"xpath","value":"//span[contains(text(), \"English\")]"}
COMMAND: POST /session/d1da2243ed5db842980eb3a0b04f68c1/element/f.88445BC73AA68FCADA91DF858886134B.d.F3441DA8865B228DDB702D2041A2C3E8.e.5031/click - {}
RESULT: {}
RESULT: {}
COMMAND: GET /session/d1da2243ed5db842980eb3a0b04f68c1/screenshot - {}
RESULT: {}
COMMAND: POST /session/d1da2243ed5db842980eb3a0b04f68c1/execute/async - {"script":"<script> [1562 bytes]","args":[{"selector":{"id":"application-managepartners-display-component---NewPartner--addressDetailDetailsCity1","interaction":{"idSuffix":"inner"}},"wdio_ui5_key":"applicationmanagepartners-display-component---NewPartner--addressDetailDetailsCity1"}]}
RESULT: {"script":"<script> [1562 bytes]","args":[{"selector":{"id":"application-managepartners-display-component---NewPartner--addressDetailDetailsCity1","interaction":{"idSuffix":"inner"}},"wdio_ui5_key":"applicationmanagepartners-display-component---NewPartner--addressDetailDetailsCity1"}]}
RESULT: undefined
COMMAND: POST /session/d1da2243ed5db842980eb3a0b04f68c1/execute/async - {"script":"<script> [776 bytes]","args":[{"enterText":"Rosario","selector":{"id":"application-managepartners-display-component---NewPartner--addressDetailDetailsCity1","interaction":{"idSuffix":"inner"}},"clearTextFirst":true,"interactionType":"ENTER_TEXT"}]}
RESULT: {"script":"<script> [776 bytes]","args":[{"enterText":"Rosario","selector":{"id":"application-managepartners-display-component---NewPartner--addressDetailDetailsCity1","interaction":{"idSuffix":"inner"}},"clearTextFirst":true,"interactionType":"ENTER_TEXT"}]}
COMMAND: POST /session/d1da2243ed5db842980eb3a0b04f68c1/execute/async - {"script":"<script> [1562 bytes]","args":[{"selector":{"id":"application-managepartners-display-component---NewPartner--addressDetailDetailsCountry-arrow"},"wdio_ui5_key":"applicationmanagepartners-display-component---NewPartner--addressDetailDetailsCountry-arrow"}]}
RESULT: {"script":"<script> [1562 bytes]","args":[{"selector":{"id":"application-managepartners-display-component---NewPartner--addressDetailDetailsCountry-arrow"},"wdio_ui5_key":"applicationmanagepartners-display-component---NewPartner--addressDetailDetailsCountry-arrow"}]}
RESULT: undefined
COMMAND: POST /session/d1da2243ed5db842980eb3a0b04f68c1/element - {"using":"xpath","value":"//*[@id=\"application-managepartners-display-component---NewPartner--addressDetailDetailsCountry-arrow\"]"}
RESULT: {"using":"xpath","value":"//*[@id=\"application-managepartners-display-component---NewPartner--addressDetailDetailsCountry-arrow\"]"}
COMMAND: POST /session/d1da2243ed5db842980eb3a0b04f68c1/element/f.88445BC73AA68FCADA91DF858886134B.d.F3441DA8865B228DDB702D2041A2C3E8.e.4998/click - {}
RESULT: {}
COMMAND: POST /session/d1da2243ed5db842980eb3a0b04f68c1/element - {"using":"xpath","value":"//span[contains(text(), \"Argentina\")]"}
COMMAND: GET /session/d1da2243ed5db842980eb3a0b04f68c1/screenshot - {}
RESULT: {"using":"xpath","value":"//span[contains(text(), \"Argentina\")]"}
COMMAND: POST /session/d1da2243ed5db842980eb3a0b04f68c1/element/f.88445BC73AA68FCADA91DF858886134B.d.F3441DA8865B228DDB702D2041A2C3E8.e.5033/click - {}
RESULT: {}
RESULT: {}
COMMAND: GET /session/d1da2243ed5db842980eb3a0b04f68c1/screenshot - {}
RESULT: {}
COMMAND: POST /session/d1da2243ed5db842980eb3a0b04f68c1/element - {"using":"xpath","value":"//bdi[contains(text(), \"Commercial\")]"}
RESULT: {"using":"xpath","value":"//bdi[contains(text(), \"Commercial\")]"}
COMMAND: POST /session/d1da2243ed5db842980eb3a0b04f68c1/element/f.88445BC73AA68FCADA91DF858886134B.d.F3441DA8865B228DDB702D2041A2C3E8.e.5034/click - {}
RESULT: {}
COMMAND: GET /session/d1da2243ed5db842980eb3a0b04f68c1/screenshot - {}
RESULT: {}
COMMAND: POST /session/d1da2243ed5db842980eb3a0b04f68c1/execute/async - {"script":"<script> [1562 bytes]","args":[{"selector":{"id":"application-managepartners-display-component---NewPartner--partnerDetailInternal-arrow"},"wdio_ui5_key":"applicationmanagepartners-display-component---NewPartner--partnerDetailInternal-arrow"}]}
RESULT: {"script":"<script> [1562 bytes]","args":[{"selector":{"id":"application-managepartners-display-component---NewPartner--partnerDetailInternal-arrow"},"wdio_ui5_key":"applicationmanagepartners-display-component---NewPartner--partnerDetailInternal-arrow"}]}
RESULT: undefined
COMMAND: POST /session/d1da2243ed5db842980eb3a0b04f68c1/element - {"using":"xpath","value":"//*[@id=\"application-managepartners-display-component---NewPartner--partnerDetailInternal-arrow\"]"}
RESULT: {"using":"xpath","value":"//*[@id=\"application-managepartners-display-component---NewPartner--partnerDetailInternal-arrow\"]"}
COMMAND: POST /session/d1da2243ed5db842980eb3a0b04f68c1/element/f.88445BC73AA68FCADA91DF858886134B.d.F3441DA8865B228DDB702D2041A2C3E8.e.5040/click - {}
RESULT: {}
COMMAND: POST /session/d1da2243ed5db842980eb3a0b04f68c1/element - {"using":"xpath","value":"//span[contains(text(), \"Affiliated company\")]"}
COMMAND: GET /session/d1da2243ed5db842980eb3a0b04f68c1/screenshot - {}
RESULT: {"using":"xpath","value":"//span[contains(text(), \"Affiliated company\")]"}
COMMAND: POST /session/d1da2243ed5db842980eb3a0b04f68c1/element/f.88445BC73AA68FCADA91DF858886134B.d.F3441DA8865B228DDB702D2041A2C3E8.e.5043/click - {}
RESULT: {}
RESULT: {}
COMMAND: POST /session/d1da2243ed5db842980eb3a0b04f68c1/execute/async - {"script":"<script> [1562 bytes]","args":[{"selector":{"id":"application-managepartners-display-component---NewPartner--partnerDetailsCurrency-arrow"},"wdio_ui5_key":"applicationmanagepartners-display-component---NewPartner--partnerDetailsCurrency-arrow"}]}
COMMAND: GET /session/d1da2243ed5db842980eb3a0b04f68c1/screenshot - {}
RESULT: {"script":"<script> [1562 bytes]","args":[{"selector":{"id":"application-managepartners-display-component---NewPartner--partnerDetailsCurrency-arrow"},"wdio_ui5_key":"applicationmanagepartners-display-component---NewPartner--partnerDetailsCurrency-arrow"}]}
RESULT: undefined
COMMAND: POST /session/d1da2243ed5db842980eb3a0b04f68c1/element - {"using":"xpath","value":"//*[@id=\"application-managepartners-display-component---NewPartner--partnerDetailsCurrency-arrow\"]"}
RESULT: {}
RESULT: {"using":"xpath","value":"//*[@id=\"application-managepartners-display-component---NewPartner--partnerDetailsCurrency-arrow\"]"}
COMMAND: POST /session/d1da2243ed5db842980eb3a0b04f68c1/element/f.88445BC73AA68FCADA91DF858886134B.d.F3441DA8865B228DDB702D2041A2C3E8.e.5050/click - {}
RESULT: {}
COMMAND: POST /session/d1da2243ed5db842980eb3a0b04f68c1/element - {"using":"xpath","value":"//span[contains(text(), \"Euro\")]"}
COMMAND: GET /session/d1da2243ed5db842980eb3a0b04f68c1/screenshot - {}
RESULT: {"using":"xpath","value":"//span[contains(text(), \"Euro\")]"}
COMMAND: POST /session/d1da2243ed5db842980eb3a0b04f68c1/element/f.88445BC73AA68FCADA91DF858886134B.d.F3441DA8865B228DDB702D2041A2C3E8.e.5051/click - {}
RESULT: {}
RESULT: {}
COMMAND: POST /session/d1da2243ed5db842980eb3a0b04f68c1/execute/async - {"script":"<script> [1562 bytes]","args":[{"selector":{"id":"application-managepartners-display-component---NewPartner--addressEditDetailsCostObjectCstType-arrow"},"wdio_ui5_key":"applicationmanagepartners-display-component---NewPartner--addressEditDetailsCostObjectCstType-arrow"}]}
COMMAND: GET /session/d1da2243ed5db842980eb3a0b04f68c1/screenshot - {}
RESULT: {"script":"<script> [1562 bytes]","args":[{"selector":{"id":"application-managepartners-display-component---NewPartner--addressEditDetailsCostObjectCstType-arrow"},"wdio_ui5_key":"applicationmanagepartners-display-component---NewPartner--addressEditDetailsCostObjectCstType-arrow"}]}
RESULT: undefined
COMMAND: POST /session/d1da2243ed5db842980eb3a0b04f68c1/element - {"using":"xpath","value":"//*[@id=\"application-managepartners-display-component---NewPartner--addressEditDetailsCostObjectCstType-arrow\"]"}
RESULT: {}
RESULT: {"using":"xpath","value":"//*[@id=\"application-managepartners-display-component---NewPartner--addressEditDetailsCostObjectCstType-arrow\"]"}
COMMAND: POST /session/d1da2243ed5db842980eb3a0b04f68c1/element/f.88445BC73AA68FCADA91DF858886134B.d.F3441DA8865B228DDB702D2041A2C3E8.e.5052/click - {}
RESULT: {}
COMMAND: POST /session/d1da2243ed5db842980eb3a0b04f68c1/element - {"using":"xpath","value":"//span[contains(text(), \"Cost Center\")]"}
COMMAND: GET /session/d1da2243ed5db842980eb3a0b04f68c1/screenshot - {}
RESULT: {"using":"xpath","value":"//span[contains(text(), \"Cost Center\")]"}
COMMAND: POST /session/d1da2243ed5db842980eb3a0b04f68c1/element/f.88445BC73AA68FCADA91DF858886134B.d.F3441DA8865B228DDB702D2041A2C3E8.e.5053/click - {}
RESULT: {}
RESULT: {}
COMMAND: GET /session/d1da2243ed5db842980eb3a0b04f68c1/screenshot - {}
RESULT: {}
COMMAND: POST /session/d1da2243ed5db842980eb3a0b04f68c1/element - {"using":"xpath","value":"//span[@id=\"application-managepartners-display-component---NewPartner--addressNewCostObjectCstID-vhi\"]"}
RESULT: {"using":"xpath","value":"//span[@id=\"application-managepartners-display-component---NewPartner--addressNewCostObjectCstID-vhi\"]"}
COMMAND: POST /session/d1da2243ed5db842980eb3a0b04f68c1/execute/sync - {"script":"<script> [8489 bytes]","args":[{"element-6066-11e4-a52e-4f735466cecf":"f.88445BC73AA68FCADA91DF858886134B.d.F3441DA8865B228DDB702D2041A2C3E8.e.5057","ELEMENT":"f.88445BC73AA68FCADA91DF858886134B.d.F3441DA8865B228DDB702D2041A2C3E8.e.5057"}]}
RESULT: {"script":"<script> [8489 bytes]","args":[{"element-6066-11e4-a52e-4f735466cecf":"f.88445BC73AA68FCADA91DF858886134B.d.F3441DA8865B228DDB702D2041A2C3E8.e.5057","ELEMENT":"f.88445BC73AA68FCADA91DF858886134B.d.F3441DA8865B228DDB702D2041A2C3E8.e.5057"}]}
COMMAND: POST /session/d1da2243ed5db842980eb3a0b04f68c1/execute/async - {"script":"<script> [1562 bytes]","args":[{"selector":{"id":"application-managepartners-display-component---NewPartner--addressNewCostObjectCstID-vhi"},"wdio_ui5_key":"applicationmanagepartners-display-component---NewPartner--addressNewCostObjectCstID-vhi"}]}
COMMAND: GET /session/d1da2243ed5db842980eb3a0b04f68c1/screenshot - {}
RESULT: {"script":"<script> [1562 bytes]","args":[{"selector":{"id":"application-managepartners-display-component---NewPartner--addressNewCostObjectCstID-vhi"},"wdio_ui5_key":"applicationmanagepartners-display-component---NewPartner--addressNewCostObjectCstID-vhi"}]}
RESULT: undefined
COMMAND: POST /session/d1da2243ed5db842980eb3a0b04f68c1/element - {"using":"xpath","value":"//*[@id=\"application-managepartners-display-component---NewPartner--addressNewCostObjectCstID-vhi\"]"}
RESULT: {}
RESULT: {"using":"xpath","value":"//*[@id=\"application-managepartners-display-component---NewPartner--addressNewCostObjectCstID-vhi\"]"}
COMMAND: POST /session/d1da2243ed5db842980eb3a0b04f68c1/element/f.88445BC73AA68FCADA91DF858886134B.d.F3441DA8865B228DDB702D2041A2C3E8.e.5057/click - {}
RESULT: {}
COMMAND: GET /session/d1da2243ed5db842980eb3a0b04f68c1/screenshot - {}
RESULT: {}
COMMAND: POST /session/d1da2243ed5db842980eb3a0b04f68c1/execute/async - {"script":"<script> [1562 bytes]","args":[{"selector":{"controlType":"sap.m.SearchField","properties":{"placeholder":"Search"},"searchOpenDialogs":true,"interaction":{"idSuffix":"I"}},"wdio_ui5_key":"sapm.SearchField{\"placeholder\":\"Search\"}"}]}
RESULT: {"script":"<script> [1562 bytes]","args":[{"selector":{"controlType":"sap.m.SearchField","properties":{"placeholder":"Search"},"searchOpenDialogs":true,"interaction":{"idSuffix":"I"}},"wdio_ui5_key":"sapm.SearchField{\"placeholder\":\"Search\"}"}]}
RESULT: undefined
COMMAND: POST /session/d1da2243ed5db842980eb3a0b04f68c1/execute/async - {"script":"<script> [776 bytes]","args":[{"enterText":"10001013","selector":{"controlType":"sap.m.SearchField","properties":{"placeholder":"Search"},"searchOpenDialogs":true,"interaction":{"idSuffix":"I"}},"clearTextFirst":true,"interactionType":"ENTER_TEXT"}]}
RESULT: {"script":"<script> [776 bytes]","args":[{"enterText":"10001013","selector":{"controlType":"sap.m.SearchField","properties":{"placeholder":"Search"},"searchOpenDialogs":true,"interaction":{"idSuffix":"I"}},"clearTextFirst":true,"interactionType":"ENTER_TEXT"}]}
COMMAND: POST /session/d1da2243ed5db842980eb3a0b04f68c1/actions - {"actions":[{"id":"action12","type":"key","parameters":{},"actions":[{"type":"keyDown","value":""},{"type":"pause","duration":10},{"type":"keyUp","value":""}]}]}
RESULT: {"actions":[{"id":"action12","type":"key","parameters":{},"actions":[{"type":"keyDown","value":""},{"type":"pause","duration":10},{"type":"keyUp","value":""}]}]}
COMMAND: GET /session/d1da2243ed5db842980eb3a0b04f68c1/screenshot - {}
RESULT: {}
COMMAND: POST /session/d1da2243ed5db842980eb3a0b04f68c1/element - {"using":"xpath","value":"//span[contains(text(), \"General Management\")]"}
RESULT: {"using":"xpath","value":"//span[contains(text(), \"General Management\")]"}
COMMAND: POST /session/d1da2243ed5db842980eb3a0b04f68c1/element/f.88445BC73AA68FCADA91DF858886134B.d.F3441DA8865B228DDB702D2041A2C3E8.e.5098/click - {}
RESULT: {}
COMMAND: GET /session/d1da2243ed5db842980eb3a0b04f68c1/screenshot - {}
RESULT: {}
COMMAND: POST /session/d1da2243ed5db842980eb3a0b04f68c1/element - {"using":"xpath","value":"//bdi[contains(text(), \"OK\")]"}
RESULT: {"using":"xpath","value":"//bdi[contains(text(), \"OK\")]"}
COMMAND: POST /session/d1da2243ed5db842980eb3a0b04f68c1/element/f.88445BC73AA68FCADA91DF858886134B.d.F3441DA8865B228DDB702D2041A2C3E8.e.5099/click - {}
RESULT: {}
COMMAND: GET /session/d1da2243ed5db842980eb3a0b04f68c1/screenshot - {}
RESULT: {}
COMMAND: POST /session/d1da2243ed5db842980eb3a0b04f68c1/element - {"using":"xpath","value":"//input[@id=\"application-managepartners-display-component---NewPartner--companyCodeComboBox-inner\"]"}
RESULT: {"using":"xpath","value":"//input[@id=\"application-managepartners-display-component---NewPartner--companyCodeComboBox-inner\"]"}
COMMAND: POST /session/d1da2243ed5db842980eb3a0b04f68c1/element/f.88445BC73AA68FCADA91DF858886134B.d.F3441DA8865B228DDB702D2041A2C3E8.e.4888/clear - {}
RESULT: {}
COMMAND: POST /session/d1da2243ed5db842980eb3a0b04f68c1/element/f.88445BC73AA68FCADA91DF858886134B.d.F3441DA8865B228DDB702D2041A2C3E8.e.4888/value - {"text":"1000"}
COMMAND: GET /session/d1da2243ed5db842980eb3a0b04f68c1/screenshot - {}
RESULT: {"text":"1000"}
COMMAND: GET /session/d1da2243ed5db842980eb3a0b04f68c1/screenshot - {}
RESULT: {}
RESULT: {}
COMMAND: POST /session/d1da2243ed5db842980eb3a0b04f68c1/element - {"using":"xpath","value":"//li[.//span[text()= \"1000\"]]"}
RESULT: {"using":"xpath","value":"//li[.//span[text()= \"1000\"]]"}
COMMAND: POST /session/d1da2243ed5db842980eb3a0b04f68c1/element/f.88445BC73AA68FCADA91DF858886134B.d.F3441DA8865B228DDB702D2041A2C3E8.e.5105/click - {}
RESULT: {}
COMMAND: GET /session/d1da2243ed5db842980eb3a0b04f68c1/screenshot - {}
RESULT: {}
COMMAND: POST /session/d1da2243ed5db842980eb3a0b04f68c1/execute/async - {"script":"<script> [1562 bytes]","args":[{"selector":{"id":"application-managepartners-display-component---NewPartner--btnAddTableRow-img"},"wdio_ui5_key":"applicationmanagepartners-display-component---NewPartner--btnAddTableRow-img"}]}
RESULT: {"script":"<script> [1562 bytes]","args":[{"selector":{"id":"application-managepartners-display-component---NewPartner--btnAddTableRow-img"},"wdio_ui5_key":"applicationmanagepartners-display-component---NewPartner--btnAddTableRow-img"}]}
RESULT: undefined
COMMAND: POST /session/d1da2243ed5db842980eb3a0b04f68c1/element - {"using":"xpath","value":"//*[@id=\"application-managepartners-display-component---NewPartner--btnAddTableRow-img\"]"}
RESULT: {"using":"xpath","value":"//*[@id=\"application-managepartners-display-component---NewPartner--btnAddTableRow-img\"]"}
COMMAND: POST /session/d1da2243ed5db842980eb3a0b04f68c1/element/f.88445BC73AA68FCADA91DF858886134B.d.F3441DA8865B228DDB702D2041A2C3E8.e.5106/click - {}
RESULT: {}
COMMAND: GET /session/d1da2243ed5db842980eb3a0b04f68c1/screenshot - {}
RESULT: {}
COMMAND: POST /session/d1da2243ed5db842980eb3a0b04f68c1/element - {"using":"xpath","value":"//input[@id=\"application-managepartners-display-component---NewPartner--assignmentYard-application-managepartners-display-component---NewPartner--assignmentsTable-0-inner\"]"}
RESULT: {"using":"xpath","value":"//input[@id=\"application-managepartners-display-component---NewPartner--assignmentYard-application-managepartners-display-component---NewPartner--assignmentsTable-0-inner\"]"}
COMMAND: POST /session/d1da2243ed5db842980eb3a0b04f68c1/element/f.88445BC73AA68FCADA91DF858886134B.d.F3441DA8865B228DDB702D2041A2C3E8.e.5109/clear - {}
RESULT: {}
COMMAND: POST /session/d1da2243ed5db842980eb3a0b04f68c1/element/f.88445BC73AA68FCADA91DF858886134B.d.F3441DA8865B228DDB702D2041A2C3E8.e.5109/value - {"text":"533"}
COMMAND: GET /session/d1da2243ed5db842980eb3a0b04f68c1/screenshot - {}
RESULT: {"text":"533"}
COMMAND: GET /session/d1da2243ed5db842980eb3a0b04f68c1/screenshot - {}
RESULT: {}
RESULT: {}
COMMAND: POST /session/d1da2243ed5db842980eb3a0b04f68c1/element - {"using":"xpath","value":"//li[.//span[text()='533']]"}
RESULT: {"using":"xpath","value":"//li[.//span[text()='533']]"}
COMMAND: POST /session/d1da2243ed5db842980eb3a0b04f68c1/element/f.88445BC73AA68FCADA91DF858886134B.d.F3441DA8865B228DDB702D2041A2C3E8.e.5118/click - {}
RESULT: {}
COMMAND: GET /session/d1da2243ed5db842980eb3a0b04f68c1/screenshot - {}
RESULT: {}
COMMAND: POST /session/d1da2243ed5db842980eb3a0b04f68c1/actions - {"actions":[{"id":"action13","type":"key","parameters":{},"actions":[{"type":"keyDown","value":""},{"type":"pause","duration":10},{"type":"keyUp","value":""}]}]}
RESULT: {"actions":[{"id":"action13","type":"key","parameters":{},"actions":[{"type":"keyDown","value":""},{"type":"pause","duration":10},{"type":"keyUp","value":""}]}]}
COMMAND: POST /session/d1da2243ed5db842980eb3a0b04f68c1/execute/async - {"script":"<script> [1562 bytes]","args":[{"selector":{"id":"application-managepartners-display-component---NewPartner--externalCustomerComboBox-application-managepartners-display-component---NewPartner--assignmentsTable-0-vhi"},"wdio_ui5_key":"applicationmanagepartners-display-component---NewPartner--externalCustomerComboBox-application-managepartners-display-component---NewPartner--assignmentsTable-0-vhi"}]}
COMMAND: GET /session/d1da2243ed5db842980eb3a0b04f68c1/screenshot - {}
RESULT: {"script":"<script> [1562 bytes]","args":[{"selector":{"id":"application-managepartners-display-component---NewPartner--externalCustomerComboBox-application-managepartners-display-component---NewPartner--assignmentsTable-0-vhi"},"wdio_ui5_key":"applicationmanagepartners-display-component---NewPartner--externalCustomerComboBox-application-managepartners-display-component---NewPartner--assignmentsTable-0-vhi"}]}
RESULT: undefined
COMMAND: POST /session/d1da2243ed5db842980eb3a0b04f68c1/element - {"using":"xpath","value":"//*[@id=\"application-managepartners-display-component---NewPartner--externalCustomerComboBox-application-managepartners-display-component---NewPartner--assignmentsTable-0-vhi\"]"}
RESULT: {}
RESULT: {"using":"xpath","value":"//*[@id=\"application-managepartners-display-component---NewPartner--externalCustomerComboBox-application-managepartners-display-component---NewPartner--assignmentsTable-0-vhi\"]"}
COMMAND: POST /session/d1da2243ed5db842980eb3a0b04f68c1/element/f.88445BC73AA68FCADA91DF858886134B.d.F3441DA8865B228DDB702D2041A2C3E8.e.5122/click - {}
RESULT: {}
RESULT: undefined
COMMAND: POST /session/d1da2243ed5db842980eb3a0b04f68c1/execute/async - {"script":"<script> [776 bytes]","args":[{"enterText":"300003","selector":{"controlType":"sap.m.SearchField","properties":{"placeholder":"Search"},"searchOpenDialogs":true,"interaction":{"idSuffix":"I"}},"clearTextFirst":true,"interactionType":"ENTER_TEXT"}]}
COMMAND: GET /session/d1da2243ed5db842980eb3a0b04f68c1/screenshot - {}
RESULT: {"script":"<script> [776 bytes]","args":[{"enterText":"300003","selector":{"controlType":"sap.m.SearchField","properties":{"placeholder":"Search"},"searchOpenDialogs":true,"interaction":{"idSuffix":"I"}},"clearTextFirst":true,"interactionType":"ENTER_TEXT"}]}
COMMAND: POST /session/d1da2243ed5db842980eb3a0b04f68c1/actions - {"actions":[{"id":"action14","type":"key","parameters":{},"actions":[{"type":"keyDown","value":""},{"type":"pause","duration":10},{"type":"keyUp","value":""}]}]}
RESULT: {}
RESULT: {"actions":[{"id":"action14","type":"key","parameters":{},"actions":[{"type":"keyDown","value":""},{"type":"pause","duration":10},{"type":"keyUp","value":""}]}]}
COMMAND: GET /session/d1da2243ed5db842980eb3a0b04f68c1/screenshot - {}
RESULT: {}
COMMAND: POST /session/d1da2243ed5db842980eb3a0b04f68c1/element - {"using":"xpath","value":"//span[contains(text(), \"300003\")]"}
RESULT: {"using":"xpath","value":"//span[contains(text(), \"300003\")]"}
COMMAND: POST /session/d1da2243ed5db842980eb3a0b04f68c1/element/f.88445BC73AA68FCADA91DF858886134B.d.F3441DA8865B228DDB702D2041A2C3E8.e.5139/click - {}
RESULT: {}
COMMAND: GET /session/d1da2243ed5db842980eb3a0b04f68c1/screenshot - {}
RESULT: {}
COMMAND: POST /session/d1da2243ed5db842980eb3a0b04f68c1/element - {"using":"xpath","value":"//bdi[contains(text(), \"OK\")]"}
RESULT: {"using":"xpath","value":"//bdi[contains(text(), \"OK\")]"}
COMMAND: POST /session/d1da2243ed5db842980eb3a0b04f68c1/element/f.88445BC73AA68FCADA91DF858886134B.d.F3441DA8865B228DDB702D2041A2C3E8.e.5141/click - {}
RESULT: {}
COMMAND: GET /session/d1da2243ed5db842980eb3a0b04f68c1/screenshot - {}
RESULT: {}
COMMAND: POST /session/d1da2243ed5db842980eb3a0b04f68c1/execute/async - {"script":"<script> [1562 bytes]","args":[{"selector":{"id":"application-managepartners-display-component---NewPartner--intercompVendorComboBox-application-managepartners-display-component---NewPartner--assignmentsTable-0-vhi"},"wdio_ui5_key":"applicationmanagepartners-display-component---NewPartner--intercompVendorComboBox-application-managepartners-display-component---NewPartner--assignmentsTable-0-vhi"}]}
RESULT: {"script":"<script> [1562 bytes]","args":[{"selector":{"id":"application-managepartners-display-component---NewPartner--intercompVendorComboBox-application-managepartners-display-component---NewPartner--assignmentsTable-0-vhi"},"wdio_ui5_key":"applicationmanagepartners-display-component---NewPartner--intercompVendorComboBox-application-managepartners-display-component---NewPartner--assignmentsTable-0-vhi"}]}
RESULT: undefined
COMMAND: POST /session/d1da2243ed5db842980eb3a0b04f68c1/element - {"using":"xpath","value":"//*[@id=\"application-managepartners-display-component---NewPartner--intercompVendorComboBox-application-managepartners-display-component---NewPartner--assignmentsTable-0-vhi\"]"}
RESULT: {"using":"xpath","value":"//*[@id=\"application-managepartners-display-component---NewPartner--intercompVendorComboBox-application-managepartners-display-component---NewPartner--assignmentsTable-0-vhi\"]"}
COMMAND: POST /session/d1da2243ed5db842980eb3a0b04f68c1/element/f.88445BC73AA68FCADA91DF858886134B.d.F3441DA8865B228DDB702D2041A2C3E8.e.5144/click - {}
RESULT: {}
RESULT: undefined
COMMAND: POST /session/d1da2243ed5db842980eb3a0b04f68c1/execute/async - {"script":"<script> [776 bytes]","args":[{"enterText":"100005","selector":{"controlType":"sap.m.SearchField","properties":{"placeholder":"Search"},"searchOpenDialogs":true,"interaction":{"idSuffix":"I"}},"clearTextFirst":true,"interactionType":"ENTER_TEXT"}]}
COMMAND: GET /session/d1da2243ed5db842980eb3a0b04f68c1/screenshot - {}
RESULT: {"script":"<script> [776 bytes]","args":[{"enterText":"100005","selector":{"controlType":"sap.m.SearchField","properties":{"placeholder":"Search"},"searchOpenDialogs":true,"interaction":{"idSuffix":"I"}},"clearTextFirst":true,"interactionType":"ENTER_TEXT"}]}
COMMAND: POST /session/d1da2243ed5db842980eb3a0b04f68c1/actions - {"actions":[{"id":"action15","type":"key","parameters":{},"actions":[{"type":"keyDown","value":""},{"type":"pause","duration":10},{"type":"keyUp","value":""}]}]}
RESULT: {}
RESULT: {"actions":[{"id":"action15","type":"key","parameters":{},"actions":[{"type":"keyDown","value":""},{"type":"pause","duration":10},{"type":"keyUp","value":""}]}]}
COMMAND: GET /session/d1da2243ed5db842980eb3a0b04f68c1/screenshot - {}
RESULT: {}
COMMAND: POST /session/d1da2243ed5db842980eb3a0b04f68c1/element - {"using":"xpath","value":"//span[contains(text(), \"Penguins - Field/12345 Berlin\")]"}
RESULT: {"using":"xpath","value":"//span[contains(text(), \"Penguins - Field/12345 Berlin\")]"}
COMMAND: POST /session/d1da2243ed5db842980eb3a0b04f68c1/element/f.88445BC73AA68FCADA91DF858886134B.d.F3441DA8865B228DDB702D2041A2C3E8.e.5161/click - {}
RESULT: {}
COMMAND: GET /session/d1da2243ed5db842980eb3a0b04f68c1/screenshot - {}
RESULT: {}
COMMAND: POST /session/d1da2243ed5db842980eb3a0b04f68c1/element - {"using":"xpath","value":"//bdi[contains(text(), \"OK\")]"}
RESULT: {"using":"xpath","value":"//bdi[contains(text(), \"OK\")]"}
COMMAND: POST /session/d1da2243ed5db842980eb3a0b04f68c1/element/f.88445BC73AA68FCADA91DF858886134B.d.F3441DA8865B228DDB702D2041A2C3E8.e.5162/click - {}
RESULT: {}
COMMAND: GET /session/d1da2243ed5db842980eb3a0b04f68c1/screenshot - {}
RESULT: {}
COMMAND: POST /session/d1da2243ed5db842980eb3a0b04f68c1/element - {"using":"xpath","value":"//button[@data-kt=\"saveButton\"]"}
RESULT: {"using":"xpath","value":"//button[@data-kt=\"saveButton\"]"}
COMMAND: POST /session/d1da2243ed5db842980eb3a0b04f68c1/element/f.88445BC73AA68FCADA91DF858886134B.d.F3441DA8865B228DDB702D2041A2C3E8.e.4967/click - {}
RESULT: {}
COMMAND: GET /session/d1da2243ed5db842980eb3a0b04f68c1/screenshot - {}
RESULT: {}
COMMAND: POST /session/d1da2243ed5db842980eb3a0b04f68c1/element - {"using":"xpath","value":"//header[contains(@id, 'ObjectPageLayout-headerTitle')]/div[1]/div[2]/div[2]/span[1]"}
RESULT: {"using":"xpath","value":"//header[contains(@id, 'ObjectPageLayout-headerTitle')]/div[1]/div[2]/div[2]/span[1]"}
COMMAND: POST /session/d1da2243ed5db842980eb3a0b04f68c1/elements - {"using":"xpath","value":"//header[contains(@id, 'ObjectPageLayout-headerTitle')]/div[1]/div[2]/div[2]/span[1]"}
RESULT: {"using":"xpath","value":"//header[contains(@id, 'ObjectPageLayout-headerTitle')]/div[1]/div[2]/div[2]/span[1]"}
COMMAND: POST /session/d1da2243ed5db842980eb3a0b04f68c1/execute/sync - {"script":"<script> [56 bytes]","args":[{"element-6066-11e4-a52e-4f735466cecf":"f.88445BC73AA68FCADA91DF858886134B.d.F3441DA8865B228DDB702D2041A2C3E8.e.5326","ELEMENT":"f.88445BC73AA68FCADA91DF858886134B.d.F3441DA8865B228DDB702D2041A2C3E8.e.5326"}]}
RESULT: {"script":"<script> [56 bytes]","args":[{"element-6066-11e4-a52e-4f735466cecf":"f.88445BC73AA68FCADA91DF858886134B.d.F3441DA8865B228DDB702D2041A2C3E8.e.5326","ELEMENT":"f.88445BC73AA68FCADA91DF858886134B.d.F3441DA8865B228DDB702D2041A2C3E8.e.5326"}]}
COMMAND: POST /session/d1da2243ed5db842980eb3a0b04f68c1/element - {"using":"css selector","value":"#shell-header-logo"}
COMMAND: GET /session/d1da2243ed5db842980eb3a0b04f68c1/screenshot - {}
RESULT: {"using":"css selector","value":"#shell-header-logo"}
COMMAND: POST /session/d1da2243ed5db842980eb3a0b04f68c1/element/f.88445BC73AA68FCADA91DF858886134B.d.F3441DA8865B228DDB702D2041A2C3E8.e.4542/click - {}
RESULT: {}
RESULT: {}
COMMAND: GET /session/d1da2243ed5db842980eb3a0b04f68c1/screenshot - {}
RESULT: {}
COMMAND: POST /session/d1da2243ed5db842980eb3a0b04f68c1/execute/sync - {"script":"<script> [299 bytes]","args":[["getModel","getResource"]]}
RESULT: {"script":"<script> [299 bytes]","args":[["getModel","getResource"]]}
RESULT: undefined
COMMAND: POST /session/d1da2243ed5db842980eb3a0b04f68c1/element - {"using":"xpath","value":"//*[@id=\"__tile30\"]"}
COMMAND: GET /session/d1da2243ed5db842980eb3a0b04f68c1/screenshot - {}
RESULT: {"using":"xpath","value":"//*[@id=\"__tile30\"]"}
COMMAND: POST /session/d1da2243ed5db842980eb3a0b04f68c1/element/f.88445BC73AA68FCADA91DF858886134B.d.F3441DA8865B228DDB702D2041A2C3E8.e.4462/click - {}
RESULT: {}
RESULT: {}
COMMAND: GET /session/d1da2243ed5db842980eb3a0b04f68c1/screenshot - {}
RESULT: {}
COMMAND: POST /session/d1da2243ed5db842980eb3a0b04f68c1/elements - {"using":"xpath","value":"//span[text()='Error']"}
RESULT: {"using":"xpath","value":"//span[text()='Error']"}
COMMAND: POST /session/d1da2243ed5db842980eb3a0b04f68c1/element - {"using":"xpath","value":"//button[@data-kt=\"addButton\"]"}
RESULT: {"using":"xpath","value":"//button[@data-kt=\"addButton\"]"}
COMMAND: POST /session/d1da2243ed5db842980eb3a0b04f68c1/elements - {"using":"xpath","value":"//button[@data-kt=\"addButton\"]"}
RESULT: {"using":"xpath","value":"//button[@data-kt=\"addButton\"]"}
COMMAND: POST /session/d1da2243ed5db842980eb3a0b04f68c1/execute/sync - {"script":"<script> [8489 bytes]","args":[{"element-6066-11e4-a52e-4f735466cecf":"f.88445BC73AA68FCADA91DF858886134B.d.F3441DA8865B228DDB702D2041A2C3E8.e.5373","ELEMENT":"f.88445BC73AA68FCADA91DF858886134B.d.F3441DA8865B228DDB702D2041A2C3E8.e.5373"}]}
RESULT: {"script":"<script> [8489 bytes]","args":[{"element-6066-11e4-a52e-4f735466cecf":"f.88445BC73AA68FCADA91DF858886134B.d.F3441DA8865B228DDB702D2041A2C3E8.e.5373","ELEMENT":"f.88445BC73AA68FCADA91DF858886134B.d.F3441DA8865B228DDB702D2041A2C3E8.e.5373"}]}
COMMAND: GET /session/d1da2243ed5db842980eb3a0b04f68c1/element/f.88445BC73AA68FCADA91DF858886134B.d.F3441DA8865B228DDB702D2041A2C3E8.e.5373/enabled - {}
COMMAND: GET /session/d1da2243ed5db842980eb3a0b04f68c1/screenshot - {}
RESULT: {}
COMMAND: POST /session/d1da2243ed5db842980eb3a0b04f68c1/execute/sync - {"script":"<script> [8489 bytes]","args":[{"element-6066-11e4-a52e-4f735466cecf":"f.88445BC73AA68FCADA91DF858886134B.d.F3441DA8865B228DDB702D2041A2C3E8.e.5373","ELEMENT":"f.88445BC73AA68FCADA91DF858886134B.d.F3441DA8865B228DDB702D2041A2C3E8.e.5373"}]}
COMMAND: GET /session/d1da2243ed5db842980eb3a0b04f68c1/screenshot - {}
RESULT: {}
RESULT: {"script":"<script> [8489 bytes]","args":[{"element-6066-11e4-a52e-4f735466cecf":"f.88445BC73AA68FCADA91DF858886134B.d.F3441DA8865B228DDB702D2041A2C3E8.e.5373","ELEMENT":"f.88445BC73AA68FCADA91DF858886134B.d.F3441DA8865B228DDB702D2041A2C3E8.e.5373"}]}
COMMAND: POST /session/d1da2243ed5db842980eb3a0b04f68c1/execute/sync - {"script":"<script> [5351 bytes]","args":[{"element-6066-11e4-a52e-4f735466cecf":"f.88445BC73AA68FCADA91DF858886134B.d.F3441DA8865B228DDB702D2041A2C3E8.e.5373","ELEMENT":"f.88445BC73AA68FCADA91DF858886134B.d.F3441DA8865B228DDB702D2041A2C3E8.e.5373"}]}
COMMAND: GET /session/d1da2243ed5db842980eb3a0b04f68c1/screenshot - {}
RESULT: {}
RESULT: {"script":"<script> [5351 bytes]","args":[{"element-6066-11e4-a52e-4f735466cecf":"f.88445BC73AA68FCADA91DF858886134B.d.F3441DA8865B228DDB702D2041A2C3E8.e.5373","ELEMENT":"f.88445BC73AA68FCADA91DF858886134B.d.F3441DA8865B228DDB702D2041A2C3E8.e.5373"}]}
COMMAND: GET /session/d1da2243ed5db842980eb3a0b04f68c1/screenshot - {}
RESULT: {}
RESULT: {}
COMMAND: POST /session/d1da2243ed5db842980eb3a0b04f68c1/execute/async - {"script":"<script> [1562 bytes]","args":[{"selector":{"id":"application-managepartners-display-component---masterPtm--smartFilterBar-btnBasicSearch","interaction":{"idSuffix":"I"}},"wdio_ui5_key":"applicationmanagepartners-display-component---masterPtm--smartFilterBar-btnBasicSearch"}]}
RESULT: {"script":"<script> [1562 bytes]","args":[{"selector":{"id":"application-managepartners-display-component---masterPtm--smartFilterBar-btnBasicSearch","interaction":{"idSuffix":"I"}},"wdio_ui5_key":"applicationmanagepartners-display-component---masterPtm--smartFilterBar-btnBasicSearch"}]}
RESULT: undefined
COMMAND: POST /session/d1da2243ed5db842980eb3a0b04f68c1/execute/async - {"script":"<script> [776 bytes]","args":[{"enterText":"1335","selector":{"id":"application-managepartners-display-component---masterPtm--smartFilterBar-btnBasicSearch","interaction":{"idSuffix":"I"}},"clearTextFirst":true,"interactionType":"ENTER_TEXT"}]}
RESULT: {"script":"<script> [776 bytes]","args":[{"enterText":"1335","selector":{"id":"application-managepartners-display-component---masterPtm--smartFilterBar-btnBasicSearch","interaction":{"idSuffix":"I"}},"clearTextFirst":true,"interactionType":"ENTER_TEXT"}]}
COMMAND: POST /session/d1da2243ed5db842980eb3a0b04f68c1/actions - {"actions":[{"id":"action16","type":"key","parameters":{},"actions":[{"type":"keyDown","value":""},{"type":"pause","duration":10},{"type":"keyUp","value":""}]}]}
RESULT: {"actions":[{"id":"action16","type":"key","parameters":{},"actions":[{"type":"keyDown","value":""},{"type":"pause","duration":10},{"type":"keyUp","value":""}]}]}
COMMAND: GET /session/d1da2243ed5db842980eb3a0b04f68c1/screenshot - {}
RESULT: {}
COMMAND: POST /session/d1da2243ed5db842980eb3a0b04f68c1/elements - {"using":"xpath","value":"//table[contains(@id, \"customPartnersTable-listUl\")]/tbody/tr"}
RESULT: {"using":"xpath","value":"//table[contains(@id, \"customPartnersTable-listUl\")]/tbody/tr"}
COMMAND: POST /session/d1da2243ed5db842980eb3a0b04f68c1/element - {"using":"xpath","value":"//table[contains(@id, \"customPartnersTable-listUl\")]/tbody/tr[1]/td[3]/span"}
RESULT: {"using":"xpath","value":"//table[contains(@id, \"customPartnersTable-listUl\")]/tbody/tr[1]/td[3]/span"}
COMMAND: POST /session/d1da2243ed5db842980eb3a0b04f68c1/elements - {"using":"xpath","value":"//table[contains(@id, \"customPartnersTable-listUl\")]/tbody/tr[1]/td[3]/span"}
RESULT: {"using":"xpath","value":"//table[contains(@id, \"customPartnersTable-listUl\")]/tbody/tr[1]/td[3]/span"}
COMMAND: POST /session/d1da2243ed5db842980eb3a0b04f68c1/execute/sync - {"script":"<script> [56 bytes]","args":[{"element-6066-11e4-a52e-4f735466cecf":"f.88445BC73AA68FCADA91DF858886134B.d.F3441DA8865B228DDB702D2041A2C3E8.e.5509","ELEMENT":"f.88445BC73AA68FCADA91DF858886134B.d.F3441DA8865B228DDB702D2041A2C3E8.e.5509"}]}
RESULT: {"script":"<script> [56 bytes]","args":[{"element-6066-11e4-a52e-4f735466cecf":"f.88445BC73AA68FCADA91DF858886134B.d.F3441DA8865B228DDB702D2041A2C3E8.e.5509","ELEMENT":"f.88445BC73AA68FCADA91DF858886134B.d.F3441DA8865B228DDB702D2041A2C3E8.e.5509"}]}
COMMAND: POST /session/d1da2243ed5db842980eb3a0b04f68c1/element - {"using":"xpath","value":"(//span[contains(@id, \"imgNav\")])[1]"}
COMMAND: GET /session/d1da2243ed5db842980eb3a0b04f68c1/screenshot - {}
RESULT: {"using":"xpath","value":"(//span[contains(@id, \"imgNav\")])[1]"}
COMMAND: POST /session/d1da2243ed5db842980eb3a0b04f68c1/element/f.88445BC73AA68FCADA91DF858886134B.d.F3441DA8865B228DDB702D2041A2C3E8.e.5507/click - {}
RESULT: {}
RESULT: {}
COMMAND: GET /session/d1da2243ed5db842980eb3a0b04f68c1/screenshot - {}
RESULT: {}
COMMAND: POST /session/d1da2243ed5db842980eb3a0b04f68c1/element - {"using":"xpath","value":"//bdi[contains(text(), \"Edit\")]"}
RESULT: {"using":"xpath","value":"//bdi[contains(text(), \"Edit\")]"}
COMMAND: POST /session/d1da2243ed5db842980eb3a0b04f68c1/element/f.88445BC73AA68FCADA91DF858886134B.d.F3441DA8865B228DDB702D2041A2C3E8.e.5655/click - {}
RESULT: {}
COMMAND: GET /session/d1da2243ed5db842980eb3a0b04f68c1/screenshot - {}
RESULT: {}
COMMAND: POST /session/d1da2243ed5db842980eb3a0b04f68c1/execute/async - {"script":"<script> [1562 bytes]","args":[{"selector":{"controlType":"sap.m.Input","viewName":"etm.portal.ui.managepartners.view.EditDetail","labelFor":{"text":"Name"},"interaction":{"idSuffix":"inner"}},"wdio_ui5_key":"etmportal.ui.managepartners.view.EditDetailsap.m.Input{\"text\":\"Name\"}"}]}
RESULT: {"script":"<script> [1562 bytes]","args":[{"selector":{"controlType":"sap.m.Input","viewName":"etm.portal.ui.managepartners.view.EditDetail","labelFor":{"text":"Name"},"interaction":{"idSuffix":"inner"}},"wdio_ui5_key":"etmportal.ui.managepartners.view.EditDetailsap.m.Input{\"text\":\"Name\"}"}]}
RESULT: undefined
COMMAND: POST /session/d1da2243ed5db842980eb3a0b04f68c1/execute/async - {"script":"<script> [776 bytes]","args":[{"enterText":"Intracompany EDIT","selector":{"controlType":"sap.m.Input","viewName":"etm.portal.ui.managepartners.view.EditDetail","labelFor":{"text":"Name"},"interaction":{"idSuffix":"inner"}},"clearTextFirst":true,"interactionType":"ENTER_TEXT"}]}
RESULT: {"script":"<script> [776 bytes]","args":[{"enterText":"Intracompany EDIT","selector":{"controlType":"sap.m.Input","viewName":"etm.portal.ui.managepartners.view.EditDetail","labelFor":{"text":"Name"},"interaction":{"idSuffix":"inner"}},"clearTextFirst":true,"interactionType":"ENTER_TEXT"}]}
COMMAND: POST /session/d1da2243ed5db842980eb3a0b04f68c1/element - {"using":"xpath","value":"(//span[contains(@id,\"addressDetailDetailsLanguage-arrow\")])[1]"}
RESULT: {"using":"xpath","value":"(//span[contains(@id,\"addressDetailDetailsLanguage-arrow\")])[1]"}
COMMAND: POST /session/d1da2243ed5db842980eb3a0b04f68c1/element/f.88445BC73AA68FCADA91DF858886134B.d.F3441DA8865B228DDB702D2041A2C3E8.e.5740/click - {}
RESULT: {}
COMMAND: POST /session/d1da2243ed5db842980eb3a0b04f68c1/element - {"using":"xpath","value":"//span[contains(text(), \"Chinese\")]"}
COMMAND: GET /session/d1da2243ed5db842980eb3a0b04f68c1/screenshot - {}
RESULT: {"using":"xpath","value":"//span[contains(text(), \"Chinese\")]"}
COMMAND: POST /session/d1da2243ed5db842980eb3a0b04f68c1/element/f.88445BC73AA68FCADA91DF858886134B.d.F3441DA8865B228DDB702D2041A2C3E8.e.5741/click - {}
RESULT: {}
RESULT: {}
COMMAND: GET /session/d1da2243ed5db842980eb3a0b04f68c1/screenshot - {}
RESULT: {}
COMMAND: POST /session/d1da2243ed5db842980eb3a0b04f68c1/execute/async - {"script":"<script> [1562 bytes]","args":[{"selector":{"controlType":"sap.m.Input","viewName":"etm.portal.ui.managepartners.view.EditDetail","labelFor":{"text":"City"},"interaction":{"idSuffix":"inner"}},"wdio_ui5_key":"etmportal.ui.managepartners.view.EditDetailsap.m.Input{\"text\":\"City\"}"}]}
RESULT: {"script":"<script> [1562 bytes]","args":[{"selector":{"controlType":"sap.m.Input","viewName":"etm.portal.ui.managepartners.view.EditDetail","labelFor":{"text":"City"},"interaction":{"idSuffix":"inner"}},"wdio_ui5_key":"etmportal.ui.managepartners.view.EditDetailsap.m.Input{\"text\":\"City\"}"}]}
RESULT: undefined
COMMAND: POST /session/d1da2243ed5db842980eb3a0b04f68c1/execute/async - {"script":"<script> [776 bytes]","args":[{"enterText":"Clooj-Napoca","selector":{"controlType":"sap.m.Input","viewName":"etm.portal.ui.managepartners.view.EditDetail","labelFor":{"text":"City"},"interaction":{"idSuffix":"inner"}},"clearTextFirst":true,"interactionType":"ENTER_TEXT"}]}
RESULT: {"script":"<script> [776 bytes]","args":[{"enterText":"Clooj-Napoca","selector":{"controlType":"sap.m.Input","viewName":"etm.portal.ui.managepartners.view.EditDetail","labelFor":{"text":"City"},"interaction":{"idSuffix":"inner"}},"clearTextFirst":true,"interactionType":"ENTER_TEXT"}]}
COMMAND: POST /session/d1da2243ed5db842980eb3a0b04f68c1/element - {"using":"xpath","value":"//button[@data-kt=\"saveButton\"]"}
RESULT: {"using":"xpath","value":"//button[@data-kt=\"saveButton\"]"}
COMMAND: POST /session/d1da2243ed5db842980eb3a0b04f68c1/element/f.88445BC73AA68FCADA91DF858886134B.d.F3441DA8865B228DDB702D2041A2C3E8.e.5718/click - {}
RESULT: {}
COMMAND: GET /session/d1da2243ed5db842980eb3a0b04f68c1/screenshot - {}
RESULT: {}
COMMAND: POST /session/d1da2243ed5db842980eb3a0b04f68c1/execute/async - {"script":"<script> [1562 bytes]","args":[{"selector":{"id":"application-managepartners-display-component---detailPtm--addressDetailDetailsName1"},"wdio_ui5_key":"applicationmanagepartners-display-component---detailPtm--addressDetailDetailsName1"}]}
RESULT: {"script":"<script> [1562 bytes]","args":[{"selector":{"id":"application-managepartners-display-component---detailPtm--addressDetailDetailsName1"},"wdio_ui5_key":"applicationmanagepartners-display-component---detailPtm--addressDetailDetailsName1"}]}
RESULT: undefined
COMMAND: POST /session/d1da2243ed5db842980eb3a0b04f68c1/execute/async - {"script":"<script> [6424 bytes]","args":[{"element-6066-11e4-a52e-4f735466cecf":"f.88445BC73AA68FCADA91DF858886134B.d.F3441DA8865B228DDB702D2041A2C3E8.e.5772"},"getValue",[]]}
RESULT: {"script":"<script> [6424 bytes]","args":[{"element-6066-11e4-a52e-4f735466cecf":"f.88445BC73AA68FCADA91DF858886134B.d.F3441DA8865B228DDB702D2041A2C3E8.e.5772"},"getValue",[]]}
COMMAND: POST /session/d1da2243ed5db842980eb3a0b04f68c1/element - {"using":"xpath","value":"//input[@id = \"application-managepartners-display-component---detailPtm--addressDetailDetailsLanguage-inner\"]"}
RESULT: {"using":"xpath","value":"//input[@id = \"application-managepartners-display-component---detailPtm--addressDetailDetailsLanguage-inner\"]"}
COMMAND: GET /session/d1da2243ed5db842980eb3a0b04f68c1/element/f.88445BC73AA68FCADA91DF858886134B.d.F3441DA8865B228DDB702D2041A2C3E8.e.5773/property/value - {}
RESULT: {}
COMMAND: POST /session/d1da2243ed5db842980eb3a0b04f68c1/execute/async - {"script":"<script> [1562 bytes]","args":[{"selector":{"id":"application-managepartners-display-component---detailPtm--addressDetailDetailsCity1"},"wdio_ui5_key":"applicationmanagepartners-display-component---detailPtm--addressDetailDetailsCity1"}]}
COMMAND: GET /session/d1da2243ed5db842980eb3a0b04f68c1/screenshot - {}
RESULT: {"script":"<script> [1562 bytes]","args":[{"selector":{"id":"application-managepartners-display-component---detailPtm--addressDetailDetailsCity1"},"wdio_ui5_key":"applicationmanagepartners-display-component---detailPtm--addressDetailDetailsCity1"}]}
RESULT: undefined
COMMAND: POST /session/d1da2243ed5db842980eb3a0b04f68c1/execute/async - {"script":"<script> [6424 bytes]","args":[{"element-6066-11e4-a52e-4f735466cecf":"f.88445BC73AA68FCADA91DF858886134B.d.F3441DA8865B228DDB702D2041A2C3E8.e.5774"},"getValue",[]]}
RESULT: {}
RESULT: {"script":"<script> [6424 bytes]","args":[{"element-6066-11e4-a52e-4f735466cecf":"f.88445BC73AA68FCADA91DF858886134B.d.F3441DA8865B228DDB702D2041A2C3E8.e.5774"},"getValue",[]]}
COMMAND: POST /session/d1da2243ed5db842980eb3a0b04f68c1/element - {"using":"css selector","value":"#shell-header-logo"}
RESULT: {"using":"css selector","value":"#shell-header-logo"}
COMMAND: POST /session/d1da2243ed5db842980eb3a0b04f68c1/element/f.88445BC73AA68FCADA91DF858886134B.d.F3441DA8865B228DDB702D2041A2C3E8.e.5329/click - {}
RESULT: {}
COMMAND: GET /session/d1da2243ed5db842980eb3a0b04f68c1/screenshot - {}
RESULT: {}
]]></system-out>
    </testcase>
    <testcase classname="chrome.136_0_7103_93.windows.Partner_specific_tests_US150819_US151080_US151654_US151176_US103444_US151078_US151079_US151109_US151174_US151175_US151189" name="Should do filtering and navigation tests US151109" time="155.265">
      <system-out><![CDATA[
COMMAND: POST /session/d1da2243ed5db842980eb3a0b04f68c1/element - {"using":"xpath","value":"//li[.//span[text()=\"Manage Partners\"]]"}
RESULT: {"using":"xpath","value":"//li[.//span[text()=\"Manage Partners\"]]"}
COMMAND: POST /session/d1da2243ed5db842980eb3a0b04f68c1/element - {"using":"xpath","value":"//li[.//span[text()=\"Manage Partners\"]]"}
RESULT: {"using":"xpath","value":"//li[.//span[text()=\"Manage Partners\"]]"}
COMMAND: POST /session/d1da2243ed5db842980eb3a0b04f68c1/element - {"using":"css selector","value":"#shell-header-logo"}
RESULT: {"using":"css selector","value":"#shell-header-logo"}
COMMAND: POST /session/d1da2243ed5db842980eb3a0b04f68c1/element/f.88445BC73AA68FCADA91DF858886134B.d.F3441DA8865B228DDB702D2041A2C3E8.e.5804/click - {}
COMMAND: POST /session/d1da2243ed5db842980eb3a0b04f68c1/execute/sync - {"script":"<script> [8489 bytes]","args":[{"element-6066-11e4-a52e-4f735466cecf":"f.88445BC73AA68FCADA91DF858886134B.d.F3441DA8865B228DDB702D2041A2C3E8.e.5804","ELEMENT":"f.88445BC73AA68FCADA91DF858886134B.d.F3441DA8865B228DDB702D2041A2C3E8.e.5804"}]}
RESULT: {"script":"<script> [8489 bytes]","args":[{"element-6066-11e4-a52e-4f735466cecf":"f.88445BC73AA68FCADA91DF858886134B.d.F3441DA8865B228DDB702D2041A2C3E8.e.5804","ELEMENT":"f.88445BC73AA68FCADA91DF858886134B.d.F3441DA8865B228DDB702D2041A2C3E8.e.5804"}]}
COMMAND: POST /session/d1da2243ed5db842980eb3a0b04f68c1/execute/sync - {"script":"<script> [5351 bytes]","args":[{"element-6066-11e4-a52e-4f735466cecf":"f.88445BC73AA68FCADA91DF858886134B.d.F3441DA8865B228DDB702D2041A2C3E8.e.5804","ELEMENT":"f.88445BC73AA68FCADA91DF858886134B.d.F3441DA8865B228DDB702D2041A2C3E8.e.5804"}]}
COMMAND: GET /session/d1da2243ed5db842980eb3a0b04f68c1/screenshot - {}
RESULT: {}
COMMAND: GET /session/d1da2243ed5db842980eb3a0b04f68c1/screenshot - {}
RESULT: {"script":"<script> [5351 bytes]","args":[{"element-6066-11e4-a52e-4f735466cecf":"f.88445BC73AA68FCADA91DF858886134B.d.F3441DA8865B228DDB702D2041A2C3E8.e.5804","ELEMENT":"f.88445BC73AA68FCADA91DF858886134B.d.F3441DA8865B228DDB702D2041A2C3E8.e.5804"}]}
COMMAND: GET /session/d1da2243ed5db842980eb3a0b04f68c1/screenshot - {}
RESULT: {}
RESULT: {}
RESULT: {}
RESULT: undefined
COMMAND: POST /session/d1da2243ed5db842980eb3a0b04f68c1/element - {"using":"xpath","value":"//*[@id=\"__tile30\"]"}
RESULT: {"using":"xpath","value":"//*[@id=\"__tile30\"]"}
COMMAND: POST /session/d1da2243ed5db842980eb3a0b04f68c1/element/f.88445BC73AA68FCADA91DF858886134B.d.F3441DA8865B228DDB702D2041A2C3E8.e.4462/click - {}
RESULT: {}
COMMAND: GET /session/d1da2243ed5db842980eb3a0b04f68c1/screenshot - {}
RESULT: {}
COMMAND: POST /session/d1da2243ed5db842980eb3a0b04f68c1/elements - {"using":"xpath","value":"//span[text()='Error']"}
RESULT: {"using":"xpath","value":"//span[text()='Error']"}
COMMAND: POST /session/d1da2243ed5db842980eb3a0b04f68c1/element - {"using":"xpath","value":"//button[@data-kt=\"addButton\"]"}
RESULT: {"using":"xpath","value":"//button[@data-kt=\"addButton\"]"}
COMMAND: POST /session/d1da2243ed5db842980eb3a0b04f68c1/elements - {"using":"xpath","value":"//button[@data-kt=\"addButton\"]"}
RESULT: {"using":"xpath","value":"//button[@data-kt=\"addButton\"]"}
COMMAND: POST /session/d1da2243ed5db842980eb3a0b04f68c1/execute/sync - {"script":"<script> [8489 bytes]","args":[{"element-6066-11e4-a52e-4f735466cecf":"f.88445BC73AA68FCADA91DF858886134B.d.F3441DA8865B228DDB702D2041A2C3E8.e.5849","ELEMENT":"f.88445BC73AA68FCADA91DF858886134B.d.F3441DA8865B228DDB702D2041A2C3E8.e.5849"}]}
RESULT: {"script":"<script> [8489 bytes]","args":[{"element-6066-11e4-a52e-4f735466cecf":"f.88445BC73AA68FCADA91DF858886134B.d.F3441DA8865B228DDB702D2041A2C3E8.e.5849","ELEMENT":"f.88445BC73AA68FCADA91DF858886134B.d.F3441DA8865B228DDB702D2041A2C3E8.e.5849"}]}
COMMAND: GET /session/d1da2243ed5db842980eb3a0b04f68c1/element/f.88445BC73AA68FCADA91DF858886134B.d.F3441DA8865B228DDB702D2041A2C3E8.e.5849/enabled - {}
COMMAND: GET /session/d1da2243ed5db842980eb3a0b04f68c1/screenshot - {}
RESULT: {}
COMMAND: POST /session/d1da2243ed5db842980eb3a0b04f68c1/execute/sync - {"script":"<script> [8489 bytes]","args":[{"element-6066-11e4-a52e-4f735466cecf":"f.88445BC73AA68FCADA91DF858886134B.d.F3441DA8865B228DDB702D2041A2C3E8.e.5849","ELEMENT":"f.88445BC73AA68FCADA91DF858886134B.d.F3441DA8865B228DDB702D2041A2C3E8.e.5849"}]}
COMMAND: GET /session/d1da2243ed5db842980eb3a0b04f68c1/screenshot - {}
RESULT: {}
RESULT: {"script":"<script> [8489 bytes]","args":[{"element-6066-11e4-a52e-4f735466cecf":"f.88445BC73AA68FCADA91DF858886134B.d.F3441DA8865B228DDB702D2041A2C3E8.e.5849","ELEMENT":"f.88445BC73AA68FCADA91DF858886134B.d.F3441DA8865B228DDB702D2041A2C3E8.e.5849"}]}
COMMAND: POST /session/d1da2243ed5db842980eb3a0b04f68c1/execute/sync - {"script":"<script> [5351 bytes]","args":[{"element-6066-11e4-a52e-4f735466cecf":"f.88445BC73AA68FCADA91DF858886134B.d.F3441DA8865B228DDB702D2041A2C3E8.e.5849","ELEMENT":"f.88445BC73AA68FCADA91DF858886134B.d.F3441DA8865B228DDB702D2041A2C3E8.e.5849"}]}
COMMAND: GET /session/d1da2243ed5db842980eb3a0b04f68c1/screenshot - {}
RESULT: {}
RESULT: {"script":"<script> [5351 bytes]","args":[{"element-6066-11e4-a52e-4f735466cecf":"f.88445BC73AA68FCADA91DF858886134B.d.F3441DA8865B228DDB702D2041A2C3E8.e.5849","ELEMENT":"f.88445BC73AA68FCADA91DF858886134B.d.F3441DA8865B228DDB702D2041A2C3E8.e.5849"}]}
COMMAND: GET /session/d1da2243ed5db842980eb3a0b04f68c1/screenshot - {}
RESULT: {}
RESULT: {}
COMMAND: POST /session/d1da2243ed5db842980eb3a0b04f68c1/element - {"using":"xpath","value":"//span[@id=\"application-managepartners-display-component---masterPtm--smartTable-header-inner\"]"}
RESULT: {"using":"xpath","value":"//span[@id=\"application-managepartners-display-component---masterPtm--smartTable-header-inner\"]"}
COMMAND: POST /session/d1da2243ed5db842980eb3a0b04f68c1/elements - {"using":"xpath","value":"//span[@id=\"application-managepartners-display-component---masterPtm--smartTable-header-inner\"]"}
RESULT: {"using":"xpath","value":"//span[@id=\"application-managepartners-display-component---masterPtm--smartTable-header-inner\"]"}
COMMAND: POST /session/d1da2243ed5db842980eb3a0b04f68c1/execute/sync - {"script":"<script> [56 bytes]","args":[{"element-6066-11e4-a52e-4f735466cecf":"f.88445BC73AA68FCADA91DF858886134B.d.F3441DA8865B228DDB702D2041A2C3E8.e.5974","ELEMENT":"f.88445BC73AA68FCADA91DF858886134B.d.F3441DA8865B228DDB702D2041A2C3E8.e.5974"}]}
RESULT: {"script":"<script> [56 bytes]","args":[{"element-6066-11e4-a52e-4f735466cecf":"f.88445BC73AA68FCADA91DF858886134B.d.F3441DA8865B228DDB702D2041A2C3E8.e.5974","ELEMENT":"f.88445BC73AA68FCADA91DF858886134B.d.F3441DA8865B228DDB702D2041A2C3E8.e.5974"}]}
RESULT: undefined
COMMAND: POST /session/d1da2243ed5db842980eb3a0b04f68c1/execute/async - {"script":"<script> [776 bytes]","args":[{"enterText":"External Partner WDIO","selector":{"id":"application-managepartners-display-component---masterPtm--smartFilterBar-btnBasicSearch","interaction":{"idSuffix":"I"}},"clearTextFirst":true,"interactionType":"ENTER_TEXT"}]}
COMMAND: GET /session/d1da2243ed5db842980eb3a0b04f68c1/screenshot - {}
RESULT: {"script":"<script> [776 bytes]","args":[{"enterText":"External Partner WDIO","selector":{"id":"application-managepartners-display-component---masterPtm--smartFilterBar-btnBasicSearch","interaction":{"idSuffix":"I"}},"clearTextFirst":true,"interactionType":"ENTER_TEXT"}]}
RESULT: {}
COMMAND: POST /session/d1da2243ed5db842980eb3a0b04f68c1/actions - {"actions":[{"id":"action17","type":"key","parameters":{},"actions":[{"type":"keyDown","value":""},{"type":"pause","duration":10},{"type":"keyUp","value":""}]}]}
RESULT: {"actions":[{"id":"action17","type":"key","parameters":{},"actions":[{"type":"keyDown","value":""},{"type":"pause","duration":10},{"type":"keyUp","value":""}]}]}
COMMAND: GET /session/d1da2243ed5db842980eb3a0b04f68c1/screenshot - {}
RESULT: {}
COMMAND: POST /session/d1da2243ed5db842980eb3a0b04f68c1/element - {"using":"xpath","value":"//span[@id=\"application-managepartners-display-component---masterPtm--smartTable-header-inner\"]"}
RESULT: {"using":"xpath","value":"//span[@id=\"application-managepartners-display-component---masterPtm--smartTable-header-inner\"]"}
COMMAND: POST /session/d1da2243ed5db842980eb3a0b04f68c1/elements - {"using":"xpath","value":"//span[@id=\"application-managepartners-display-component---masterPtm--smartTable-header-inner\"]"}
RESULT: {"using":"xpath","value":"//span[@id=\"application-managepartners-display-component---masterPtm--smartTable-header-inner\"]"}
COMMAND: POST /session/d1da2243ed5db842980eb3a0b04f68c1/execute/sync - {"script":"<script> [56 bytes]","args":[{"element-6066-11e4-a52e-4f735466cecf":"f.88445BC73AA68FCADA91DF858886134B.d.F3441DA8865B228DDB702D2041A2C3E8.e.5974","ELEMENT":"f.88445BC73AA68FCADA91DF858886134B.d.F3441DA8865B228DDB702D2041A2C3E8.e.5974"}]}
RESULT: {"script":"<script> [56 bytes]","args":[{"element-6066-11e4-a52e-4f735466cecf":"f.88445BC73AA68FCADA91DF858886134B.d.F3441DA8865B228DDB702D2041A2C3E8.e.5974","ELEMENT":"f.88445BC73AA68FCADA91DF858886134B.d.F3441DA8865B228DDB702D2041A2C3E8.e.5974"}]}
COMMAND: POST /session/d1da2243ed5db842980eb3a0b04f68c1/element - {"using":"xpath","value":"//div[contains(@id, \"managepartners-display-component---masterPtm--smartFilterBar-btnBasicSearch-reset\")]"}
COMMAND: GET /session/d1da2243ed5db842980eb3a0b04f68c1/screenshot - {}
RESULT: {"using":"xpath","value":"//div[contains(@id, \"managepartners-display-component---masterPtm--smartFilterBar-btnBasicSearch-reset\")]"}
COMMAND: POST /session/d1da2243ed5db842980eb3a0b04f68c1/element/f.88445BC73AA68FCADA91DF858886134B.d.F3441DA8865B228DDB702D2041A2C3E8.e.6129/click - {}
RESULT: {}
RESULT: {}
COMMAND: GET /session/d1da2243ed5db842980eb3a0b04f68c1/screenshot - {}
RESULT: {}
COMMAND: POST /session/d1da2243ed5db842980eb3a0b04f68c1/execute/async - {"script":"<script> [1562 bytes]","args":[{"selector":{"id":"application-managepartners-display-component---masterPtm--smartFilterBar-filterItemControl_BASIC-MAIN_ADDRESS-vhi"},"wdio_ui5_key":"applicationmanagepartners-display-component---masterPtm--smartFilterBar-filterItemControl_BASIC-MAIN_ADDRESS-vhi"}]}
RESULT: {"script":"<script> [1562 bytes]","args":[{"selector":{"id":"application-managepartners-display-component---masterPtm--smartFilterBar-filterItemControl_BASIC-MAIN_ADDRESS-vhi"},"wdio_ui5_key":"applicationmanagepartners-display-component---masterPtm--smartFilterBar-filterItemControl_BASIC-MAIN_ADDRESS-vhi"}]}
RESULT: undefined
COMMAND: POST /session/d1da2243ed5db842980eb3a0b04f68c1/element - {"using":"xpath","value":"//*[@id=\"application-managepartners-display-component---masterPtm--smartFilterBar-filterItemControl_BASIC-MAIN_ADDRESS-vhi\"]"}
RESULT: {"using":"xpath","value":"//*[@id=\"application-managepartners-display-component---masterPtm--smartFilterBar-filterItemControl_BASIC-MAIN_ADDRESS-vhi\"]"}
COMMAND: POST /session/d1da2243ed5db842980eb3a0b04f68c1/element/f.88445BC73AA68FCADA91DF858886134B.d.F3441DA8865B228DDB702D2041A2C3E8.e.6212/click - {}
RESULT: {}
COMMAND: GET /session/d1da2243ed5db842980eb3a0b04f68c1/screenshot - {}
RESULT: {}
COMMAND: POST /session/d1da2243ed5db842980eb3a0b04f68c1/execute/async - {"script":"<script> [1562 bytes]","args":[{"selector":{"id":"application-managepartners-display-component---masterPtm--smartFilterBar-filterItemControl_BASIC-MAIN_ADDRESS-valueHelpDialog-smartFilterBar-btnBasicSearch","searchOpenDialogs":true,"interaction":{"idSuffix":"I"}},"wdio_ui5_key":"applicationmanagepartners-display-component---masterPtm--smartFilterBar-filterItemControl_BASIC-MAIN_ADDRESS-valueHelpDialog-smartFilterBar-btnBasicSearch"}]}
RESULT: {"script":"<script> [1562 bytes]","args":[{"selector":{"id":"application-managepartners-display-component---masterPtm--smartFilterBar-filterItemControl_BASIC-MAIN_ADDRESS-valueHelpDialog-smartFilterBar-btnBasicSearch","searchOpenDialogs":true,"interaction":{"idSuffix":"I"}},"wdio_ui5_key":"applicationmanagepartners-display-component---masterPtm--smartFilterBar-filterItemControl_BASIC-MAIN_ADDRESS-valueHelpDialog-smartFilterBar-btnBasicSearch"}]}
RESULT: undefined
COMMAND: POST /session/d1da2243ed5db842980eb3a0b04f68c1/execute/async - {"script":"<script> [776 bytes]","args":[{"enterText":"Romania","selector":{"id":"application-managepartners-display-component---masterPtm--smartFilterBar-filterItemControl_BASIC-MAIN_ADDRESS-valueHelpDialog-smartFilterBar-btnBasicSearch","searchOpenDialogs":true,"interaction":{"idSuffix":"I"}},"clearTextFirst":true,"interactionType":"ENTER_TEXT"}]}
RESULT: {"script":"<script> [776 bytes]","args":[{"enterText":"Romania","selector":{"id":"application-managepartners-display-component---masterPtm--smartFilterBar-filterItemControl_BASIC-MAIN_ADDRESS-valueHelpDialog-smartFilterBar-btnBasicSearch","searchOpenDialogs":true,"interaction":{"idSuffix":"I"}},"clearTextFirst":true,"interactionType":"ENTER_TEXT"}]}
COMMAND: POST /session/d1da2243ed5db842980eb3a0b04f68c1/actions - {"actions":[{"id":"action18","type":"key","parameters":{},"actions":[{"type":"keyDown","value":""},{"type":"pause","duration":10},{"type":"keyUp","value":""}]}]}
RESULT: {"actions":[{"id":"action18","type":"key","parameters":{},"actions":[{"type":"keyDown","value":""},{"type":"pause","duration":10},{"type":"keyUp","value":""}]}]}
COMMAND: POST /session/d1da2243ed5db842980eb3a0b04f68c1/elements - {"using":"xpath","value":"//table[contains(@id, \"smartFilterBar-filterItemControl_BASIC-MAIN_ADDRESS-valueHelpDialog-table-table\")]/tbody/tr"}
COMMAND: GET /session/d1da2243ed5db842980eb3a0b04f68c1/screenshot - {}
RESULT: {"using":"xpath","value":"//table[contains(@id, \"smartFilterBar-filterItemControl_BASIC-MAIN_ADDRESS-valueHelpDialog-table-table\")]/tbody/tr"}
COMMAND: POST /session/d1da2243ed5db842980eb3a0b04f68c1/element - {"using":"xpath","value":"//table[contains(@id, \"smartFilterBar-filterItemControl_BASIC-MAIN_ADDRESS-valueHelpDialog-table-table\")]/tbody/tr[1]/td[1]/div/span"}
RESULT: {}
RESULT: {"using":"xpath","value":"//table[contains(@id, \"smartFilterBar-filterItemControl_BASIC-MAIN_ADDRESS-valueHelpDialog-table-table\")]/tbody/tr[1]/td[1]/div/span"}
COMMAND: POST /session/d1da2243ed5db842980eb3a0b04f68c1/elements - {"using":"xpath","value":"//table[contains(@id, \"smartFilterBar-filterItemControl_BASIC-MAIN_ADDRESS-valueHelpDialog-table-table\")]/tbody/tr[1]/td[1]/div/span"}
RESULT: {"using":"xpath","value":"//table[contains(@id, \"smartFilterBar-filterItemControl_BASIC-MAIN_ADDRESS-valueHelpDialog-table-table\")]/tbody/tr[1]/td[1]/div/span"}
COMMAND: POST /session/d1da2243ed5db842980eb3a0b04f68c1/execute/sync - {"script":"<script> [56 bytes]","args":[{"element-6066-11e4-a52e-4f735466cecf":"f.88445BC73AA68FCADA91DF858886134B.d.F3441DA8865B228DDB702D2041A2C3E8.e.6233","ELEMENT":"f.88445BC73AA68FCADA91DF858886134B.d.F3441DA8865B228DDB702D2041A2C3E8.e.6233"}]}
RESULT: {"script":"<script> [56 bytes]","args":[{"element-6066-11e4-a52e-4f735466cecf":"f.88445BC73AA68FCADA91DF858886134B.d.F3441DA8865B228DDB702D2041A2C3E8.e.6233","ELEMENT":"f.88445BC73AA68FCADA91DF858886134B.d.F3441DA8865B228DDB702D2041A2C3E8.e.6233"}]}
COMMAND: POST /session/d1da2243ed5db842980eb3a0b04f68c1/element - {"using":"xpath","value":"//div[contains(@id, \"filterItemControl_BASIC-MAIN_ADDRESS-valueHelpDialog-table-rowsel0\")]"}
COMMAND: GET /session/d1da2243ed5db842980eb3a0b04f68c1/screenshot - {}
RESULT: {"using":"xpath","value":"//div[contains(@id, \"filterItemControl_BASIC-MAIN_ADDRESS-valueHelpDialog-table-rowsel0\")]"}
COMMAND: POST /session/d1da2243ed5db842980eb3a0b04f68c1/element/f.88445BC73AA68FCADA91DF858886134B.d.F3441DA8865B228DDB702D2041A2C3E8.e.6234/click - {}
RESULT: {}
RESULT: {}
COMMAND: GET /session/d1da2243ed5db842980eb3a0b04f68c1/screenshot - {}
RESULT: {}
COMMAND: POST /session/d1da2243ed5db842980eb3a0b04f68c1/element - {"using":"xpath","value":"(//bdi[contains(text(), \"OK\")])[1]"}
RESULT: {"using":"xpath","value":"(//bdi[contains(text(), \"OK\")])[1]"}
COMMAND: POST /session/d1da2243ed5db842980eb3a0b04f68c1/element/f.88445BC73AA68FCADA91DF858886134B.d.F3441DA8865B228DDB702D2041A2C3E8.e.6236/click - {}
RESULT: {}
COMMAND: GET /session/d1da2243ed5db842980eb3a0b04f68c1/screenshot - {}
RESULT: {}
COMMAND: POST /session/d1da2243ed5db842980eb3a0b04f68c1/element - {"using":"xpath","value":"//span[@id=\"application-managepartners-display-component---masterPtm--smartTable-header-inner\"]"}
RESULT: {"using":"xpath","value":"//span[@id=\"application-managepartners-display-component---masterPtm--smartTable-header-inner\"]"}
COMMAND: POST /session/d1da2243ed5db842980eb3a0b04f68c1/elements - {"using":"xpath","value":"//span[@id=\"application-managepartners-display-component---masterPtm--smartTable-header-inner\"]"}
RESULT: {"using":"xpath","value":"//span[@id=\"application-managepartners-display-component---masterPtm--smartTable-header-inner\"]"}
COMMAND: POST /session/d1da2243ed5db842980eb3a0b04f68c1/execute/sync - {"script":"<script> [56 bytes]","args":[{"element-6066-11e4-a52e-4f735466cecf":"f.88445BC73AA68FCADA91DF858886134B.d.F3441DA8865B228DDB702D2041A2C3E8.e.5974","ELEMENT":"f.88445BC73AA68FCADA91DF858886134B.d.F3441DA8865B228DDB702D2041A2C3E8.e.5974"}]}
RESULT: {"script":"<script> [56 bytes]","args":[{"element-6066-11e4-a52e-4f735466cecf":"f.88445BC73AA68FCADA91DF858886134B.d.F3441DA8865B228DDB702D2041A2C3E8.e.5974","ELEMENT":"f.88445BC73AA68FCADA91DF858886134B.d.F3441DA8865B228DDB702D2041A2C3E8.e.5974"}]}
COMMAND: POST /session/d1da2243ed5db842980eb3a0b04f68c1/element - {"using":"xpath","value":"//span[contains(@title, \"Remove\")]"}
COMMAND: GET /session/d1da2243ed5db842980eb3a0b04f68c1/screenshot - {}
RESULT: {"using":"xpath","value":"//span[contains(@title, \"Remove\")]"}
COMMAND: POST /session/d1da2243ed5db842980eb3a0b04f68c1/element/f.88445BC73AA68FCADA91DF858886134B.d.F3441DA8865B228DDB702D2041A2C3E8.e.6249/click - {}
RESULT: {}
RESULT: {}
COMMAND: GET /session/d1da2243ed5db842980eb3a0b04f68c1/screenshot - {}
RESULT: {}
COMMAND: POST /session/d1da2243ed5db842980eb3a0b04f68c1/element - {"using":"xpath","value":"//span[@id=\"application-managepartners-display-component---masterPtm--smartTable-header-inner\"]"}
RESULT: {"using":"xpath","value":"//span[@id=\"application-managepartners-display-component---masterPtm--smartTable-header-inner\"]"}
COMMAND: POST /session/d1da2243ed5db842980eb3a0b04f68c1/elements - {"using":"xpath","value":"//span[@id=\"application-managepartners-display-component---masterPtm--smartTable-header-inner\"]"}
RESULT: {"using":"xpath","value":"//span[@id=\"application-managepartners-display-component---masterPtm--smartTable-header-inner\"]"}
COMMAND: POST /session/d1da2243ed5db842980eb3a0b04f68c1/execute/sync - {"script":"<script> [56 bytes]","args":[{"element-6066-11e4-a52e-4f735466cecf":"f.88445BC73AA68FCADA91DF858886134B.d.F3441DA8865B228DDB702D2041A2C3E8.e.5974","ELEMENT":"f.88445BC73AA68FCADA91DF858886134B.d.F3441DA8865B228DDB702D2041A2C3E8.e.5974"}]}
RESULT: {"script":"<script> [56 bytes]","args":[{"element-6066-11e4-a52e-4f735466cecf":"f.88445BC73AA68FCADA91DF858886134B.d.F3441DA8865B228DDB702D2041A2C3E8.e.5974","ELEMENT":"f.88445BC73AA68FCADA91DF858886134B.d.F3441DA8865B228DDB702D2041A2C3E8.e.5974"}]}
COMMAND: POST /session/d1da2243ed5db842980eb3a0b04f68c1/execute/async - {"script":"<script> [1562 bytes]","args":[{"selector":{"id":"application-managepartners-display-component---masterPtm--smartFilterBar-filterItemControl_BASIC-YARD-vhi"},"wdio_ui5_key":"applicationmanagepartners-display-component---masterPtm--smartFilterBar-filterItemControl_BASIC-YARD-vhi"}]}
COMMAND: GET /session/d1da2243ed5db842980eb3a0b04f68c1/screenshot - {}
RESULT: {"script":"<script> [1562 bytes]","args":[{"selector":{"id":"application-managepartners-display-component---masterPtm--smartFilterBar-filterItemControl_BASIC-YARD-vhi"},"wdio_ui5_key":"applicationmanagepartners-display-component---masterPtm--smartFilterBar-filterItemControl_BASIC-YARD-vhi"}]}
RESULT: undefined
COMMAND: POST /session/d1da2243ed5db842980eb3a0b04f68c1/element - {"using":"xpath","value":"//*[@id=\"application-managepartners-display-component---masterPtm--smartFilterBar-filterItemControl_BASIC-YARD-vhi\"]"}
RESULT: {}
RESULT: {"using":"xpath","value":"//*[@id=\"application-managepartners-display-component---masterPtm--smartFilterBar-filterItemControl_BASIC-YARD-vhi\"]"}
COMMAND: POST /session/d1da2243ed5db842980eb3a0b04f68c1/element/f.88445BC73AA68FCADA91DF858886134B.d.F3441DA8865B228DDB702D2041A2C3E8.e.6354/click - {}
RESULT: {}
COMMAND: GET /session/d1da2243ed5db842980eb3a0b04f68c1/screenshot - {}
RESULT: {}
COMMAND: POST /session/d1da2243ed5db842980eb3a0b04f68c1/execute/async - {"script":"<script> [1562 bytes]","args":[{"selector":{"id":"application-managepartners-display-component---masterPtm--smartFilterBar-filterItemControl_BASIC-YARD-valueHelpDialog-smartFilterBar-btnBasicSearch","searchOpenDialogs":true,"interaction":{"idSuffix":"I"}},"wdio_ui5_key":"applicationmanagepartners-display-component---masterPtm--smartFilterBar-filterItemControl_BASIC-YARD-valueHelpDialog-smartFilterBar-btnBasicSearch"}]}
RESULT: {"script":"<script> [1562 bytes]","args":[{"selector":{"id":"application-managepartners-display-component---masterPtm--smartFilterBar-filterItemControl_BASIC-YARD-valueHelpDialog-smartFilterBar-btnBasicSearch","searchOpenDialogs":true,"interaction":{"idSuffix":"I"}},"wdio_ui5_key":"applicationmanagepartners-display-component---masterPtm--smartFilterBar-filterItemControl_BASIC-YARD-valueHelpDialog-smartFilterBar-btnBasicSearch"}]}
RESULT: undefined
COMMAND: POST /session/d1da2243ed5db842980eb3a0b04f68c1/execute/async - {"script":"<script> [776 bytes]","args":[{"enterText":"Test","selector":{"id":"application-managepartners-display-component---masterPtm--smartFilterBar-filterItemControl_BASIC-YARD-valueHelpDialog-smartFilterBar-btnBasicSearch","searchOpenDialogs":true,"interaction":{"idSuffix":"I"}},"clearTextFirst":true,"interactionType":"ENTER_TEXT"}]}
RESULT: {"script":"<script> [776 bytes]","args":[{"enterText":"Test","selector":{"id":"application-managepartners-display-component---masterPtm--smartFilterBar-filterItemControl_BASIC-YARD-valueHelpDialog-smartFilterBar-btnBasicSearch","searchOpenDialogs":true,"interaction":{"idSuffix":"I"}},"clearTextFirst":true,"interactionType":"ENTER_TEXT"}]}
COMMAND: POST /session/d1da2243ed5db842980eb3a0b04f68c1/actions - {"actions":[{"id":"action19","type":"key","parameters":{},"actions":[{"type":"keyDown","value":""},{"type":"pause","duration":10},{"type":"keyUp","value":""}]}]}
RESULT: {"actions":[{"id":"action19","type":"key","parameters":{},"actions":[{"type":"keyDown","value":""},{"type":"pause","duration":10},{"type":"keyUp","value":""}]}]}
COMMAND: POST /session/d1da2243ed5db842980eb3a0b04f68c1/elements - {"using":"xpath","value":"//table[contains(@id, \"smartFilterBar-filterItemControl_BASIC-YARD-valueHelpDialog-table-table\")]/tbody/tr"}
COMMAND: GET /session/d1da2243ed5db842980eb3a0b04f68c1/screenshot - {}
RESULT: {"using":"xpath","value":"//table[contains(@id, \"smartFilterBar-filterItemControl_BASIC-YARD-valueHelpDialog-table-table\")]/tbody/tr"}
COMMAND: POST /session/d1da2243ed5db842980eb3a0b04f68c1/element - {"using":"xpath","value":"//table[contains(@id, \"smartFilterBar-filterItemControl_BASIC-YARD-valueHelpDialog-table-table\")]/tbody/tr[1]/td[1]/div/span"}
RESULT: {}
RESULT: {"using":"xpath","value":"//table[contains(@id, \"smartFilterBar-filterItemControl_BASIC-YARD-valueHelpDialog-table-table\")]/tbody/tr[1]/td[1]/div/span"}
COMMAND: POST /session/d1da2243ed5db842980eb3a0b04f68c1/elements - {"using":"xpath","value":"//table[contains(@id, \"smartFilterBar-filterItemControl_BASIC-YARD-valueHelpDialog-table-table\")]/tbody/tr[1]/td[1]/div/span"}
RESULT: {"using":"xpath","value":"//table[contains(@id, \"smartFilterBar-filterItemControl_BASIC-YARD-valueHelpDialog-table-table\")]/tbody/tr[1]/td[1]/div/span"}
COMMAND: POST /session/d1da2243ed5db842980eb3a0b04f68c1/execute/sync - {"script":"<script> [56 bytes]","args":[{"element-6066-11e4-a52e-4f735466cecf":"f.88445BC73AA68FCADA91DF858886134B.d.F3441DA8865B228DDB702D2041A2C3E8.e.6374","ELEMENT":"f.88445BC73AA68FCADA91DF858886134B.d.F3441DA8865B228DDB702D2041A2C3E8.e.6374"}]}
RESULT: {"script":"<script> [56 bytes]","args":[{"element-6066-11e4-a52e-4f735466cecf":"f.88445BC73AA68FCADA91DF858886134B.d.F3441DA8865B228DDB702D2041A2C3E8.e.6374","ELEMENT":"f.88445BC73AA68FCADA91DF858886134B.d.F3441DA8865B228DDB702D2041A2C3E8.e.6374"}]}
COMMAND: POST /session/d1da2243ed5db842980eb3a0b04f68c1/element - {"using":"xpath","value":"//table[contains(@id, \"smartFilterBar-filterItemControl_BASIC-YARD-valueHelpDialog-table-table\")]/tbody/tr[2]/td[1]/div/span"}
COMMAND: GET /session/d1da2243ed5db842980eb3a0b04f68c1/screenshot - {}
RESULT: {"using":"xpath","value":"//table[contains(@id, \"smartFilterBar-filterItemControl_BASIC-YARD-valueHelpDialog-table-table\")]/tbody/tr[2]/td[1]/div/span"}
COMMAND: POST /session/d1da2243ed5db842980eb3a0b04f68c1/elements - {"using":"xpath","value":"//table[contains(@id, \"smartFilterBar-filterItemControl_BASIC-YARD-valueHelpDialog-table-table\")]/tbody/tr[2]/td[1]/div/span"}
RESULT: {}
RESULT: {"using":"xpath","value":"//table[contains(@id, \"smartFilterBar-filterItemControl_BASIC-YARD-valueHelpDialog-table-table\")]/tbody/tr[2]/td[1]/div/span"}
COMMAND: POST /session/d1da2243ed5db842980eb3a0b04f68c1/execute/sync - {"script":"<script> [56 bytes]","args":[{"element-6066-11e4-a52e-4f735466cecf":"f.88445BC73AA68FCADA91DF858886134B.d.F3441DA8865B228DDB702D2041A2C3E8.e.6375","ELEMENT":"f.88445BC73AA68FCADA91DF858886134B.d.F3441DA8865B228DDB702D2041A2C3E8.e.6375"}]}
RESULT: {"script":"<script> [56 bytes]","args":[{"element-6066-11e4-a52e-4f735466cecf":"f.88445BC73AA68FCADA91DF858886134B.d.F3441DA8865B228DDB702D2041A2C3E8.e.6375","ELEMENT":"f.88445BC73AA68FCADA91DF858886134B.d.F3441DA8865B228DDB702D2041A2C3E8.e.6375"}]}
COMMAND: POST /session/d1da2243ed5db842980eb3a0b04f68c1/element - {"using":"xpath","value":"//table[contains(@id, \"smartFilterBar-filterItemControl_BASIC-YARD-valueHelpDialog-table-table\")]/tbody/tr[3]/td[1]/div/span"}
COMMAND: GET /session/d1da2243ed5db842980eb3a0b04f68c1/screenshot - {}
RESULT: {"using":"xpath","value":"//table[contains(@id, \"smartFilterBar-filterItemControl_BASIC-YARD-valueHelpDialog-table-table\")]/tbody/tr[3]/td[1]/div/span"}
COMMAND: POST /session/d1da2243ed5db842980eb3a0b04f68c1/elements - {"using":"xpath","value":"//table[contains(@id, \"smartFilterBar-filterItemControl_BASIC-YARD-valueHelpDialog-table-table\")]/tbody/tr[3]/td[1]/div/span"}
RESULT: {}
RESULT: {"using":"xpath","value":"//table[contains(@id, \"smartFilterBar-filterItemControl_BASIC-YARD-valueHelpDialog-table-table\")]/tbody/tr[3]/td[1]/div/span"}
COMMAND: POST /session/d1da2243ed5db842980eb3a0b04f68c1/execute/sync - {"script":"<script> [56 bytes]","args":[{"element-6066-11e4-a52e-4f735466cecf":"f.88445BC73AA68FCADA91DF858886134B.d.F3441DA8865B228DDB702D2041A2C3E8.e.6376","ELEMENT":"f.88445BC73AA68FCADA91DF858886134B.d.F3441DA8865B228DDB702D2041A2C3E8.e.6376"}]}
RESULT: {"script":"<script> [56 bytes]","args":[{"element-6066-11e4-a52e-4f735466cecf":"f.88445BC73AA68FCADA91DF858886134B.d.F3441DA8865B228DDB702D2041A2C3E8.e.6376","ELEMENT":"f.88445BC73AA68FCADA91DF858886134B.d.F3441DA8865B228DDB702D2041A2C3E8.e.6376"}]}
COMMAND: POST /session/d1da2243ed5db842980eb3a0b04f68c1/element - {"using":"xpath","value":"//div[contains(@id, \"filterItemControl_BASIC-YARD-valueHelpDialog-table-rowsel2\")]"}
COMMAND: GET /session/d1da2243ed5db842980eb3a0b04f68c1/screenshot - {}
RESULT: {"using":"xpath","value":"//div[contains(@id, \"filterItemControl_BASIC-YARD-valueHelpDialog-table-rowsel2\")]"}
COMMAND: POST /session/d1da2243ed5db842980eb3a0b04f68c1/element/f.88445BC73AA68FCADA91DF858886134B.d.F3441DA8865B228DDB702D2041A2C3E8.e.6377/click - {}
RESULT: {}
RESULT: {}
COMMAND: GET /session/d1da2243ed5db842980eb3a0b04f68c1/screenshot - {}
RESULT: {}
COMMAND: POST /session/d1da2243ed5db842980eb3a0b04f68c1/element - {"using":"xpath","value":"(//bdi[contains(text(), \"OK\")])[1]"}
RESULT: {"using":"xpath","value":"(//bdi[contains(text(), \"OK\")])[1]"}
COMMAND: POST /session/d1da2243ed5db842980eb3a0b04f68c1/element/f.88445BC73AA68FCADA91DF858886134B.d.F3441DA8865B228DDB702D2041A2C3E8.e.6379/click - {}
RESULT: {}
COMMAND: GET /session/d1da2243ed5db842980eb3a0b04f68c1/screenshot - {}
RESULT: {}
COMMAND: POST /session/d1da2243ed5db842980eb3a0b04f68c1/element - {"using":"xpath","value":"//span[@id=\"application-managepartners-display-component---masterPtm--smartTable-header-inner\"]"}
RESULT: {"using":"xpath","value":"//span[@id=\"application-managepartners-display-component---masterPtm--smartTable-header-inner\"]"}
COMMAND: POST /session/d1da2243ed5db842980eb3a0b04f68c1/elements - {"using":"xpath","value":"//span[@id=\"application-managepartners-display-component---masterPtm--smartTable-header-inner\"]"}
RESULT: {"using":"xpath","value":"//span[@id=\"application-managepartners-display-component---masterPtm--smartTable-header-inner\"]"}
COMMAND: POST /session/d1da2243ed5db842980eb3a0b04f68c1/execute/sync - {"script":"<script> [56 bytes]","args":[{"element-6066-11e4-a52e-4f735466cecf":"f.88445BC73AA68FCADA91DF858886134B.d.F3441DA8865B228DDB702D2041A2C3E8.e.5974","ELEMENT":"f.88445BC73AA68FCADA91DF858886134B.d.F3441DA8865B228DDB702D2041A2C3E8.e.5974"}]}
RESULT: {"script":"<script> [56 bytes]","args":[{"element-6066-11e4-a52e-4f735466cecf":"f.88445BC73AA68FCADA91DF858886134B.d.F3441DA8865B228DDB702D2041A2C3E8.e.5974","ELEMENT":"f.88445BC73AA68FCADA91DF858886134B.d.F3441DA8865B228DDB702D2041A2C3E8.e.5974"}]}
COMMAND: POST /session/d1da2243ed5db842980eb3a0b04f68c1/element - {"using":"xpath","value":"//span[contains(@title, \"Remove\")]"}
COMMAND: GET /session/d1da2243ed5db842980eb3a0b04f68c1/screenshot - {}
RESULT: {"using":"xpath","value":"//span[contains(@title, \"Remove\")]"}
COMMAND: POST /session/d1da2243ed5db842980eb3a0b04f68c1/element/f.88445BC73AA68FCADA91DF858886134B.d.F3441DA8865B228DDB702D2041A2C3E8.e.6392/click - {}
RESULT: {}
RESULT: {}
COMMAND: GET /session/d1da2243ed5db842980eb3a0b04f68c1/screenshot - {}
RESULT: {}
COMMAND: POST /session/d1da2243ed5db842980eb3a0b04f68c1/element - {"using":"xpath","value":"//span[@id=\"application-managepartners-display-component---masterPtm--smartTable-header-inner\"]"}
RESULT: {"using":"xpath","value":"//span[@id=\"application-managepartners-display-component---masterPtm--smartTable-header-inner\"]"}
COMMAND: POST /session/d1da2243ed5db842980eb3a0b04f68c1/elements - {"using":"xpath","value":"//span[@id=\"application-managepartners-display-component---masterPtm--smartTable-header-inner\"]"}
RESULT: {"using":"xpath","value":"//span[@id=\"application-managepartners-display-component---masterPtm--smartTable-header-inner\"]"}
COMMAND: POST /session/d1da2243ed5db842980eb3a0b04f68c1/execute/sync - {"script":"<script> [56 bytes]","args":[{"element-6066-11e4-a52e-4f735466cecf":"f.88445BC73AA68FCADA91DF858886134B.d.F3441DA8865B228DDB702D2041A2C3E8.e.5974","ELEMENT":"f.88445BC73AA68FCADA91DF858886134B.d.F3441DA8865B228DDB702D2041A2C3E8.e.5974"}]}
RESULT: {"script":"<script> [56 bytes]","args":[{"element-6066-11e4-a52e-4f735466cecf":"f.88445BC73AA68FCADA91DF858886134B.d.F3441DA8865B228DDB702D2041A2C3E8.e.5974","ELEMENT":"f.88445BC73AA68FCADA91DF858886134B.d.F3441DA8865B228DDB702D2041A2C3E8.e.5974"}]}
COMMAND: POST /session/d1da2243ed5db842980eb3a0b04f68c1/execute/async - {"script":"<script> [1562 bytes]","args":[{"selector":{"id":"application-managepartners-display-component---masterPtm--smartFilterBar-filterItemControl_BASIC-ALL_TAGS-vhi"},"wdio_ui5_key":"applicationmanagepartners-display-component---masterPtm--smartFilterBar-filterItemControl_BASIC-ALL_TAGS-vhi"}]}
COMMAND: GET /session/d1da2243ed5db842980eb3a0b04f68c1/screenshot - {}
RESULT: {"script":"<script> [1562 bytes]","args":[{"selector":{"id":"application-managepartners-display-component---masterPtm--smartFilterBar-filterItemControl_BASIC-ALL_TAGS-vhi"},"wdio_ui5_key":"applicationmanagepartners-display-component---masterPtm--smartFilterBar-filterItemControl_BASIC-ALL_TAGS-vhi"}]}
RESULT: undefined
COMMAND: POST /session/d1da2243ed5db842980eb3a0b04f68c1/element - {"using":"xpath","value":"//*[@id=\"application-managepartners-display-component---masterPtm--smartFilterBar-filterItemControl_BASIC-ALL_TAGS-vhi\"]"}
RESULT: {}
RESULT: {"using":"xpath","value":"//*[@id=\"application-managepartners-display-component---masterPtm--smartFilterBar-filterItemControl_BASIC-ALL_TAGS-vhi\"]"}
COMMAND: POST /session/d1da2243ed5db842980eb3a0b04f68c1/element/f.88445BC73AA68FCADA91DF858886134B.d.F3441DA8865B228DDB702D2041A2C3E8.e.6497/click - {}
RESULT: {}
COMMAND: GET /session/d1da2243ed5db842980eb3a0b04f68c1/screenshot - {}
RESULT: {}
COMMAND: POST /session/d1da2243ed5db842980eb3a0b04f68c1/execute/async - {"script":"<script> [1562 bytes]","args":[{"selector":{"id":"application-managepartners-display-component---masterPtm--smartFilterBar-filterItemControl_BASIC-ALL_TAGS-valueHelpDialog-smartFilterBar-btnBasicSearch","searchOpenDialogs":true,"interaction":{"idSuffix":"I"}},"wdio_ui5_key":"applicationmanagepartners-display-component---masterPtm--smartFilterBar-filterItemControl_BASIC-ALL_TAGS-valueHelpDialog-smartFilterBar-btnBasicSearch"}]}
RESULT: {"script":"<script> [1562 bytes]","args":[{"selector":{"id":"application-managepartners-display-component---masterPtm--smartFilterBar-filterItemControl_BASIC-ALL_TAGS-valueHelpDialog-smartFilterBar-btnBasicSearch","searchOpenDialogs":true,"interaction":{"idSuffix":"I"}},"wdio_ui5_key":"applicationmanagepartners-display-component---masterPtm--smartFilterBar-filterItemControl_BASIC-ALL_TAGS-valueHelpDialog-smartFilterBar-btnBasicSearch"}]}
RESULT: undefined
COMMAND: POST /session/d1da2243ed5db842980eb3a0b04f68c1/execute/async - {"script":"<script> [776 bytes]","args":[{"enterText":"test-tag-1","selector":{"id":"application-managepartners-display-component---masterPtm--smartFilterBar-filterItemControl_BASIC-ALL_TAGS-valueHelpDialog-smartFilterBar-btnBasicSearch","searchOpenDialogs":true,"interaction":{"idSuffix":"I"}},"clearTextFirst":true,"interactionType":"ENTER_TEXT"}]}
RESULT: {"script":"<script> [776 bytes]","args":[{"enterText":"test-tag-1","selector":{"id":"application-managepartners-display-component---masterPtm--smartFilterBar-filterItemControl_BASIC-ALL_TAGS-valueHelpDialog-smartFilterBar-btnBasicSearch","searchOpenDialogs":true,"interaction":{"idSuffix":"I"}},"clearTextFirst":true,"interactionType":"ENTER_TEXT"}]}
COMMAND: POST /session/d1da2243ed5db842980eb3a0b04f68c1/actions - {"actions":[{"id":"action20","type":"key","parameters":{},"actions":[{"type":"keyDown","value":""},{"type":"pause","duration":10},{"type":"keyUp","value":""}]}]}
RESULT: {"actions":[{"id":"action20","type":"key","parameters":{},"actions":[{"type":"keyDown","value":""},{"type":"pause","duration":10},{"type":"keyUp","value":""}]}]}
COMMAND: POST /session/d1da2243ed5db842980eb3a0b04f68c1/elements - {"using":"xpath","value":"//table[contains(@id, \"smartFilterBar-filterItemControl_BASIC-ALL_TAGS-valueHelpDialog-table-table\")]/tbody/tr"}
COMMAND: GET /session/d1da2243ed5db842980eb3a0b04f68c1/screenshot - {}
RESULT: {"using":"xpath","value":"//table[contains(@id, \"smartFilterBar-filterItemControl_BASIC-ALL_TAGS-valueHelpDialog-table-table\")]/tbody/tr"}
COMMAND: POST /session/d1da2243ed5db842980eb3a0b04f68c1/element - {"using":"xpath","value":"//table[contains(@id, \"smartFilterBar-filterItemControl_BASIC-ALL_TAGS-valueHelpDialog-table-table\")]/tbody/tr[1]/td[1]/div/span"}
RESULT: {}
RESULT: {"using":"xpath","value":"//table[contains(@id, \"smartFilterBar-filterItemControl_BASIC-ALL_TAGS-valueHelpDialog-table-table\")]/tbody/tr[1]/td[1]/div/span"}
COMMAND: POST /session/d1da2243ed5db842980eb3a0b04f68c1/elements - {"using":"xpath","value":"//table[contains(@id, \"smartFilterBar-filterItemControl_BASIC-ALL_TAGS-valueHelpDialog-table-table\")]/tbody/tr[1]/td[1]/div/span"}
RESULT: {"using":"xpath","value":"//table[contains(@id, \"smartFilterBar-filterItemControl_BASIC-ALL_TAGS-valueHelpDialog-table-table\")]/tbody/tr[1]/td[1]/div/span"}
COMMAND: POST /session/d1da2243ed5db842980eb3a0b04f68c1/execute/sync - {"script":"<script> [56 bytes]","args":[{"element-6066-11e4-a52e-4f735466cecf":"f.88445BC73AA68FCADA91DF858886134B.d.F3441DA8865B228DDB702D2041A2C3E8.e.6517","ELEMENT":"f.88445BC73AA68FCADA91DF858886134B.d.F3441DA8865B228DDB702D2041A2C3E8.e.6517"}]}
RESULT: {"script":"<script> [56 bytes]","args":[{"element-6066-11e4-a52e-4f735466cecf":"f.88445BC73AA68FCADA91DF858886134B.d.F3441DA8865B228DDB702D2041A2C3E8.e.6517","ELEMENT":"f.88445BC73AA68FCADA91DF858886134B.d.F3441DA8865B228DDB702D2041A2C3E8.e.6517"}]}
COMMAND: POST /session/d1da2243ed5db842980eb3a0b04f68c1/element - {"using":"xpath","value":"//div[contains(@id, \"filterItemControl_BASIC-ALL_TAGS-valueHelpDialog-table-rowsel0\")]"}
COMMAND: GET /session/d1da2243ed5db842980eb3a0b04f68c1/screenshot - {}
RESULT: {"using":"xpath","value":"//div[contains(@id, \"filterItemControl_BASIC-ALL_TAGS-valueHelpDialog-table-rowsel0\")]"}
COMMAND: POST /session/d1da2243ed5db842980eb3a0b04f68c1/element/f.88445BC73AA68FCADA91DF858886134B.d.F3441DA8865B228DDB702D2041A2C3E8.e.6518/click - {}
RESULT: {}
RESULT: {}
COMMAND: GET /session/d1da2243ed5db842980eb3a0b04f68c1/screenshot - {}
RESULT: {}
COMMAND: POST /session/d1da2243ed5db842980eb3a0b04f68c1/element - {"using":"xpath","value":"(//bdi[contains(text(), \"OK\")])[1]"}
RESULT: {"using":"xpath","value":"(//bdi[contains(text(), \"OK\")])[1]"}
COMMAND: POST /session/d1da2243ed5db842980eb3a0b04f68c1/element/f.88445BC73AA68FCADA91DF858886134B.d.F3441DA8865B228DDB702D2041A2C3E8.e.6520/click - {}
RESULT: {}
COMMAND: GET /session/d1da2243ed5db842980eb3a0b04f68c1/screenshot - {}
RESULT: {}
COMMAND: POST /session/d1da2243ed5db842980eb3a0b04f68c1/element - {"using":"xpath","value":"//span[@id=\"application-managepartners-display-component---masterPtm--smartTable-header-inner\"]"}
RESULT: {"using":"xpath","value":"//span[@id=\"application-managepartners-display-component---masterPtm--smartTable-header-inner\"]"}
COMMAND: POST /session/d1da2243ed5db842980eb3a0b04f68c1/elements - {"using":"xpath","value":"//span[@id=\"application-managepartners-display-component---masterPtm--smartTable-header-inner\"]"}
RESULT: {"using":"xpath","value":"//span[@id=\"application-managepartners-display-component---masterPtm--smartTable-header-inner\"]"}
COMMAND: POST /session/d1da2243ed5db842980eb3a0b04f68c1/execute/sync - {"script":"<script> [56 bytes]","args":[{"element-6066-11e4-a52e-4f735466cecf":"f.88445BC73AA68FCADA91DF858886134B.d.F3441DA8865B228DDB702D2041A2C3E8.e.5974","ELEMENT":"f.88445BC73AA68FCADA91DF858886134B.d.F3441DA8865B228DDB702D2041A2C3E8.e.5974"}]}
RESULT: {"script":"<script> [56 bytes]","args":[{"element-6066-11e4-a52e-4f735466cecf":"f.88445BC73AA68FCADA91DF858886134B.d.F3441DA8865B228DDB702D2041A2C3E8.e.5974","ELEMENT":"f.88445BC73AA68FCADA91DF858886134B.d.F3441DA8865B228DDB702D2041A2C3E8.e.5974"}]}
COMMAND: POST /session/d1da2243ed5db842980eb3a0b04f68c1/element - {"using":"xpath","value":"//span[contains(@title, \"Remove\")]"}
COMMAND: GET /session/d1da2243ed5db842980eb3a0b04f68c1/screenshot - {}
RESULT: {"using":"xpath","value":"//span[contains(@title, \"Remove\")]"}
COMMAND: POST /session/d1da2243ed5db842980eb3a0b04f68c1/element/f.88445BC73AA68FCADA91DF858886134B.d.F3441DA8865B228DDB702D2041A2C3E8.e.6542/click - {}
RESULT: {}
RESULT: {}
COMMAND: GET /session/d1da2243ed5db842980eb3a0b04f68c1/screenshot - {}
RESULT: {}
COMMAND: POST /session/d1da2243ed5db842980eb3a0b04f68c1/execute/async - {"script":"<script> [1562 bytes]","args":[{"selector":{"id":"application-managepartners-display-component---masterPtm--partnerTypes-arrow"},"wdio_ui5_key":"applicationmanagepartners-display-component---masterPtm--partnerTypes-arrow"}]}
RESULT: {"script":"<script> [1562 bytes]","args":[{"selector":{"id":"application-managepartners-display-component---masterPtm--partnerTypes-arrow"},"wdio_ui5_key":"applicationmanagepartners-display-component---masterPtm--partnerTypes-arrow"}]}
RESULT: undefined
COMMAND: POST /session/d1da2243ed5db842980eb3a0b04f68c1/element - {"using":"xpath","value":"//*[@id=\"application-managepartners-display-component---masterPtm--partnerTypes-arrow\"]"}
RESULT: {"using":"xpath","value":"//*[@id=\"application-managepartners-display-component---masterPtm--partnerTypes-arrow\"]"}
COMMAND: POST /session/d1da2243ed5db842980eb3a0b04f68c1/element/f.88445BC73AA68FCADA91DF858886134B.d.F3441DA8865B228DDB702D2041A2C3E8.e.6645/click - {}
RESULT: {}
COMMAND: GET /session/d1da2243ed5db842980eb3a0b04f68c1/screenshot - {}
RESULT: {}
COMMAND: POST /session/d1da2243ed5db842980eb3a0b04f68c1/element - {"using":"xpath","value":"//li[.//span[text()=\"External partner\"]]//div[contains(@class,\"sapMCbBg\")]"}
RESULT: {"using":"xpath","value":"//li[.//span[text()=\"External partner\"]]//div[contains(@class,\"sapMCbBg\")]"}
COMMAND: POST /session/d1da2243ed5db842980eb3a0b04f68c1/element/f.88445BC73AA68FCADA91DF858886134B.d.F3441DA8865B228DDB702D2041A2C3E8.e.6648/click - {}
RESULT: {}
COMMAND: GET /session/d1da2243ed5db842980eb3a0b04f68c1/screenshot - {}
RESULT: {}
COMMAND: POST /session/d1da2243ed5db842980eb3a0b04f68c1/element - {"using":"xpath","value":"//div[contains(@id,\"application-managepartners-display-component---masterPtm--smartFilterBar-btnBasicSearch-search\")]"}
RESULT: {"using":"xpath","value":"//div[contains(@id,\"application-managepartners-display-component---masterPtm--smartFilterBar-btnBasicSearch-search\")]"}
COMMAND: POST /session/d1da2243ed5db842980eb3a0b04f68c1/element/f.88445BC73AA68FCADA91DF858886134B.d.F3441DA8865B228DDB702D2041A2C3E8.e.6723/click - {}
RESULT: {}
COMMAND: GET /session/d1da2243ed5db842980eb3a0b04f68c1/screenshot - {}
RESULT: {}
COMMAND: POST /session/d1da2243ed5db842980eb3a0b04f68c1/element - {"using":"xpath","value":"//span[@id=\"application-managepartners-display-component---masterPtm--smartTable-header-inner\"]"}
RESULT: {"using":"xpath","value":"//span[@id=\"application-managepartners-display-component---masterPtm--smartTable-header-inner\"]"}
COMMAND: POST /session/d1da2243ed5db842980eb3a0b04f68c1/elements - {"using":"xpath","value":"//span[@id=\"application-managepartners-display-component---masterPtm--smartTable-header-inner\"]"}
RESULT: {"using":"xpath","value":"//span[@id=\"application-managepartners-display-component---masterPtm--smartTable-header-inner\"]"}
COMMAND: POST /session/d1da2243ed5db842980eb3a0b04f68c1/execute/sync - {"script":"<script> [56 bytes]","args":[{"element-6066-11e4-a52e-4f735466cecf":"f.88445BC73AA68FCADA91DF858886134B.d.F3441DA8865B228DDB702D2041A2C3E8.e.5974","ELEMENT":"f.88445BC73AA68FCADA91DF858886134B.d.F3441DA8865B228DDB702D2041A2C3E8.e.5974"}]}
RESULT: {"script":"<script> [56 bytes]","args":[{"element-6066-11e4-a52e-4f735466cecf":"f.88445BC73AA68FCADA91DF858886134B.d.F3441DA8865B228DDB702D2041A2C3E8.e.5974","ELEMENT":"f.88445BC73AA68FCADA91DF858886134B.d.F3441DA8865B228DDB702D2041A2C3E8.e.5974"}]}
COMMAND: POST /session/d1da2243ed5db842980eb3a0b04f68c1/element - {"using":"xpath","value":"//span[contains(@title, \"Remove\")]"}
COMMAND: GET /session/d1da2243ed5db842980eb3a0b04f68c1/screenshot - {}
RESULT: {"using":"xpath","value":"//span[contains(@title, \"Remove\")]"}
COMMAND: POST /session/d1da2243ed5db842980eb3a0b04f68c1/element/f.88445BC73AA68FCADA91DF858886134B.d.F3441DA8865B228DDB702D2041A2C3E8.e.6727/click - {}
RESULT: {}
RESULT: {}
COMMAND: GET /session/d1da2243ed5db842980eb3a0b04f68c1/screenshot - {}
RESULT: {}
COMMAND: POST /session/d1da2243ed5db842980eb3a0b04f68c1/execute/async - {"script":"<script> [1562 bytes]","args":[{"selector":{"id":"application-managepartners-display-component---masterPtm--smartFilterBar-btnFilters","interaction":{"idSuffix":"BDI-content"}},"wdio_ui5_key":"applicationmanagepartners-display-component---masterPtm--smartFilterBar-btnFilters"}]}
RESULT: {"script":"<script> [1562 bytes]","args":[{"selector":{"id":"application-managepartners-display-component---masterPtm--smartFilterBar-btnFilters","interaction":{"idSuffix":"BDI-content"}},"wdio_ui5_key":"applicationmanagepartners-display-component---masterPtm--smartFilterBar-btnFilters"}]}
RESULT: undefined
COMMAND: POST /session/d1da2243ed5db842980eb3a0b04f68c1/element - {"using":"xpath","value":"//*[@id=\"application-managepartners-display-component---masterPtm--smartFilterBar-btnFilters\"]"}
RESULT: {"using":"xpath","value":"//*[@id=\"application-managepartners-display-component---masterPtm--smartFilterBar-btnFilters\"]"}
COMMAND: POST /session/d1da2243ed5db842980eb3a0b04f68c1/element/f.88445BC73AA68FCADA91DF858886134B.d.F3441DA8865B228DDB702D2041A2C3E8.e.5826/click - {}
RESULT: {}
COMMAND: GET /session/d1da2243ed5db842980eb3a0b04f68c1/screenshot - {}
RESULT: {}
COMMAND: POST /session/d1da2243ed5db842980eb3a0b04f68c1/elements - {"using":"xpath","value":"//table[contains(@id, \"listView-innerSelectionPanelTable-listUl\")]/tbody/tr"}
RESULT: {"using":"xpath","value":"//table[contains(@id, \"listView-innerSelectionPanelTable-listUl\")]/tbody/tr"}
COMMAND: POST /session/d1da2243ed5db842980eb3a0b04f68c1/element - {"using":"xpath","value":"//table[contains(@id, \"listView-innerSelectionPanelTable-listUl\")]/tbody/tr[2]/td[2]/div/div"}
RESULT: {"using":"xpath","value":"//table[contains(@id, \"listView-innerSelectionPanelTable-listUl\")]/tbody/tr[2]/td[2]/div/div"}
COMMAND: POST /session/d1da2243ed5db842980eb3a0b04f68c1/element - {"using":"xpath","value":"//table[contains(@id, \"listView-innerSelectionPanelTable-listUl\")]/tbody/tr[2]/td[2]/div"}
RESULT: {"using":"xpath","value":"//table[contains(@id, \"listView-innerSelectionPanelTable-listUl\")]/tbody/tr[2]/td[2]/div"}
COMMAND: POST /session/d1da2243ed5db842980eb3a0b04f68c1/element - {"using":"xpath","value":"//table[contains(@id, \"listView-innerSelectionPanelTable-listUl\")]/tbody/tr[2]/td[3]/div/div/span/span[1]/bdi"}
RESULT: {"using":"xpath","value":"//table[contains(@id, \"listView-innerSelectionPanelTable-listUl\")]/tbody/tr[2]/td[3]/div/div/span/span[1]/bdi"}
COMMAND: POST /session/d1da2243ed5db842980eb3a0b04f68c1/execute/sync - {"script":"<script> [56 bytes]","args":[{"element-6066-11e4-a52e-4f735466cecf":"f.88445BC73AA68FCADA91DF858886134B.d.F3441DA8865B228DDB702D2041A2C3E8.e.6836","ELEMENT":"f.88445BC73AA68FCADA91DF858886134B.d.F3441DA8865B228DDB702D2041A2C3E8.e.6836"}]}
RESULT: {"script":"<script> [56 bytes]","args":[{"element-6066-11e4-a52e-4f735466cecf":"f.88445BC73AA68FCADA91DF858886134B.d.F3441DA8865B228DDB702D2041A2C3E8.e.6836","ELEMENT":"f.88445BC73AA68FCADA91DF858886134B.d.F3441DA8865B228DDB702D2041A2C3E8.e.6836"}]}
COMMAND: GET /session/d1da2243ed5db842980eb3a0b04f68c1/element/f.88445BC73AA68FCADA91DF858886134B.d.F3441DA8865B228DDB702D2041A2C3E8.e.6835/attribute/aria-checked - {}
COMMAND: GET /session/d1da2243ed5db842980eb3a0b04f68c1/screenshot - {}
RESULT: {}
COMMAND: POST /session/d1da2243ed5db842980eb3a0b04f68c1/element - {"using":"xpath","value":"//table[contains(@id, \"listView-innerSelectionPanelTable-listUl\")]/tbody/tr[3]/td[2]/div/div"}
RESULT: {}
RESULT: {"using":"xpath","value":"//table[contains(@id, \"listView-innerSelectionPanelTable-listUl\")]/tbody/tr[3]/td[2]/div/div"}
COMMAND: POST /session/d1da2243ed5db842980eb3a0b04f68c1/element - {"using":"xpath","value":"//table[contains(@id, \"listView-innerSelectionPanelTable-listUl\")]/tbody/tr[3]/td[2]/div"}
RESULT: {"using":"xpath","value":"//table[contains(@id, \"listView-innerSelectionPanelTable-listUl\")]/tbody/tr[3]/td[2]/div"}
COMMAND: POST /session/d1da2243ed5db842980eb3a0b04f68c1/element - {"using":"xpath","value":"//table[contains(@id, \"listView-innerSelectionPanelTable-listUl\")]/tbody/tr[3]/td[3]/div/div/span/span[1]/bdi"}
RESULT: {"using":"xpath","value":"//table[contains(@id, \"listView-innerSelectionPanelTable-listUl\")]/tbody/tr[3]/td[3]/div/div/span/span[1]/bdi"}
COMMAND: POST /session/d1da2243ed5db842980eb3a0b04f68c1/execute/sync - {"script":"<script> [56 bytes]","args":[{"element-6066-11e4-a52e-4f735466cecf":"f.88445BC73AA68FCADA91DF858886134B.d.F3441DA8865B228DDB702D2041A2C3E8.e.6839","ELEMENT":"f.88445BC73AA68FCADA91DF858886134B.d.F3441DA8865B228DDB702D2041A2C3E8.e.6839"}]}
RESULT: {"script":"<script> [56 bytes]","args":[{"element-6066-11e4-a52e-4f735466cecf":"f.88445BC73AA68FCADA91DF858886134B.d.F3441DA8865B228DDB702D2041A2C3E8.e.6839","ELEMENT":"f.88445BC73AA68FCADA91DF858886134B.d.F3441DA8865B228DDB702D2041A2C3E8.e.6839"}]}
COMMAND: GET /session/d1da2243ed5db842980eb3a0b04f68c1/element/f.88445BC73AA68FCADA91DF858886134B.d.F3441DA8865B228DDB702D2041A2C3E8.e.6838/attribute/aria-checked - {}
COMMAND: GET /session/d1da2243ed5db842980eb3a0b04f68c1/screenshot - {}
RESULT: {}
COMMAND: POST /session/d1da2243ed5db842980eb3a0b04f68c1/element - {"using":"xpath","value":"//table[contains(@id, \"listView-innerSelectionPanelTable-listUl\")]/tbody/tr[4]/td[2]/div/div"}
RESULT: {}
RESULT: {"using":"xpath","value":"//table[contains(@id, \"listView-innerSelectionPanelTable-listUl\")]/tbody/tr[4]/td[2]/div/div"}
COMMAND: POST /session/d1da2243ed5db842980eb3a0b04f68c1/element - {"using":"xpath","value":"//table[contains(@id, \"listView-innerSelectionPanelTable-listUl\")]/tbody/tr[4]/td[2]/div"}
RESULT: {"using":"xpath","value":"//table[contains(@id, \"listView-innerSelectionPanelTable-listUl\")]/tbody/tr[4]/td[2]/div"}
COMMAND: POST /session/d1da2243ed5db842980eb3a0b04f68c1/element - {"using":"xpath","value":"//table[contains(@id, \"listView-innerSelectionPanelTable-listUl\")]/tbody/tr[4]/td[3]/div/div/span/span[1]/bdi"}
RESULT: {"using":"xpath","value":"//table[contains(@id, \"listView-innerSelectionPanelTable-listUl\")]/tbody/tr[4]/td[3]/div/div/span/span[1]/bdi"}
COMMAND: POST /session/d1da2243ed5db842980eb3a0b04f68c1/execute/sync - {"script":"<script> [56 bytes]","args":[{"element-6066-11e4-a52e-4f735466cecf":"f.88445BC73AA68FCADA91DF858886134B.d.F3441DA8865B228DDB702D2041A2C3E8.e.6842","ELEMENT":"f.88445BC73AA68FCADA91DF858886134B.d.F3441DA8865B228DDB702D2041A2C3E8.e.6842"}]}
RESULT: {"script":"<script> [56 bytes]","args":[{"element-6066-11e4-a52e-4f735466cecf":"f.88445BC73AA68FCADA91DF858886134B.d.F3441DA8865B228DDB702D2041A2C3E8.e.6842","ELEMENT":"f.88445BC73AA68FCADA91DF858886134B.d.F3441DA8865B228DDB702D2041A2C3E8.e.6842"}]}
COMMAND: GET /session/d1da2243ed5db842980eb3a0b04f68c1/element/f.88445BC73AA68FCADA91DF858886134B.d.F3441DA8865B228DDB702D2041A2C3E8.e.6841/attribute/aria-checked - {}
COMMAND: GET /session/d1da2243ed5db842980eb3a0b04f68c1/screenshot - {}
RESULT: {}
COMMAND: POST /session/d1da2243ed5db842980eb3a0b04f68c1/element - {"using":"xpath","value":"//table[contains(@id, \"listView-innerSelectionPanelTable-listUl\")]/tbody/tr[5]/td[2]/div/div"}
RESULT: {}
RESULT: {"using":"xpath","value":"//table[contains(@id, \"listView-innerSelectionPanelTable-listUl\")]/tbody/tr[5]/td[2]/div/div"}
COMMAND: POST /session/d1da2243ed5db842980eb3a0b04f68c1/element - {"using":"xpath","value":"//table[contains(@id, \"listView-innerSelectionPanelTable-listUl\")]/tbody/tr[5]/td[2]/div"}
RESULT: {"using":"xpath","value":"//table[contains(@id, \"listView-innerSelectionPanelTable-listUl\")]/tbody/tr[5]/td[2]/div"}
COMMAND: POST /session/d1da2243ed5db842980eb3a0b04f68c1/element - {"using":"xpath","value":"//table[contains(@id, \"listView-innerSelectionPanelTable-listUl\")]/tbody/tr[5]/td[3]/div/div/span/span[1]/bdi"}
RESULT: {"using":"xpath","value":"//table[contains(@id, \"listView-innerSelectionPanelTable-listUl\")]/tbody/tr[5]/td[3]/div/div/span/span[1]/bdi"}
COMMAND: POST /session/d1da2243ed5db842980eb3a0b04f68c1/execute/sync - {"script":"<script> [56 bytes]","args":[{"element-6066-11e4-a52e-4f735466cecf":"f.88445BC73AA68FCADA91DF858886134B.d.F3441DA8865B228DDB702D2041A2C3E8.e.6845","ELEMENT":"f.88445BC73AA68FCADA91DF858886134B.d.F3441DA8865B228DDB702D2041A2C3E8.e.6845"}]}
RESULT: {"script":"<script> [56 bytes]","args":[{"element-6066-11e4-a52e-4f735466cecf":"f.88445BC73AA68FCADA91DF858886134B.d.F3441DA8865B228DDB702D2041A2C3E8.e.6845","ELEMENT":"f.88445BC73AA68FCADA91DF858886134B.d.F3441DA8865B228DDB702D2041A2C3E8.e.6845"}]}
COMMAND: GET /session/d1da2243ed5db842980eb3a0b04f68c1/element/f.88445BC73AA68FCADA91DF858886134B.d.F3441DA8865B228DDB702D2041A2C3E8.e.6844/attribute/aria-checked - {}
COMMAND: GET /session/d1da2243ed5db842980eb3a0b04f68c1/screenshot - {}
RESULT: {}
COMMAND: POST /session/d1da2243ed5db842980eb3a0b04f68c1/element - {"using":"xpath","value":"//table[contains(@id, \"listView-innerSelectionPanelTable-listUl\")]/tbody/tr[6]/td[2]/div/div"}
RESULT: {}
RESULT: {"using":"xpath","value":"//table[contains(@id, \"listView-innerSelectionPanelTable-listUl\")]/tbody/tr[6]/td[2]/div/div"}
COMMAND: POST /session/d1da2243ed5db842980eb3a0b04f68c1/element - {"using":"xpath","value":"//table[contains(@id, \"listView-innerSelectionPanelTable-listUl\")]/tbody/tr[6]/td[2]/div"}
RESULT: {"using":"xpath","value":"//table[contains(@id, \"listView-innerSelectionPanelTable-listUl\")]/tbody/tr[6]/td[2]/div"}
COMMAND: POST /session/d1da2243ed5db842980eb3a0b04f68c1/element - {"using":"xpath","value":"//table[contains(@id, \"listView-innerSelectionPanelTable-listUl\")]/tbody/tr[6]/td[3]/div/div/span/span[1]/bdi"}
RESULT: {"using":"xpath","value":"//table[contains(@id, \"listView-innerSelectionPanelTable-listUl\")]/tbody/tr[6]/td[3]/div/div/span/span[1]/bdi"}
COMMAND: POST /session/d1da2243ed5db842980eb3a0b04f68c1/execute/sync - {"script":"<script> [56 bytes]","args":[{"element-6066-11e4-a52e-4f735466cecf":"f.88445BC73AA68FCADA91DF858886134B.d.F3441DA8865B228DDB702D2041A2C3E8.e.6848","ELEMENT":"f.88445BC73AA68FCADA91DF858886134B.d.F3441DA8865B228DDB702D2041A2C3E8.e.6848"}]}
RESULT: {"script":"<script> [56 bytes]","args":[{"element-6066-11e4-a52e-4f735466cecf":"f.88445BC73AA68FCADA91DF858886134B.d.F3441DA8865B228DDB702D2041A2C3E8.e.6848","ELEMENT":"f.88445BC73AA68FCADA91DF858886134B.d.F3441DA8865B228DDB702D2041A2C3E8.e.6848"}]}
COMMAND: GET /session/d1da2243ed5db842980eb3a0b04f68c1/element/f.88445BC73AA68FCADA91DF858886134B.d.F3441DA8865B228DDB702D2041A2C3E8.e.6847/attribute/aria-checked - {}
COMMAND: GET /session/d1da2243ed5db842980eb3a0b04f68c1/screenshot - {}
RESULT: {}
COMMAND: POST /session/d1da2243ed5db842980eb3a0b04f68c1/element - {"using":"xpath","value":"//table[contains(@id, \"listView-innerSelectionPanelTable-listUl\")]/tbody/tr[7]/td[2]/div/div"}
RESULT: {}
RESULT: {"using":"xpath","value":"//table[contains(@id, \"listView-innerSelectionPanelTable-listUl\")]/tbody/tr[7]/td[2]/div/div"}
COMMAND: POST /session/d1da2243ed5db842980eb3a0b04f68c1/element - {"using":"xpath","value":"//table[contains(@id, \"listView-innerSelectionPanelTable-listUl\")]/tbody/tr[7]/td[2]/div"}
RESULT: {"using":"xpath","value":"//table[contains(@id, \"listView-innerSelectionPanelTable-listUl\")]/tbody/tr[7]/td[2]/div"}
COMMAND: POST /session/d1da2243ed5db842980eb3a0b04f68c1/element - {"using":"xpath","value":"//table[contains(@id, \"listView-innerSelectionPanelTable-listUl\")]/tbody/tr[7]/td[3]/div/div/span/span[1]/bdi"}
RESULT: {"using":"xpath","value":"//table[contains(@id, \"listView-innerSelectionPanelTable-listUl\")]/tbody/tr[7]/td[3]/div/div/span/span[1]/bdi"}
COMMAND: POST /session/d1da2243ed5db842980eb3a0b04f68c1/execute/sync - {"script":"<script> [56 bytes]","args":[{"element-6066-11e4-a52e-4f735466cecf":"f.88445BC73AA68FCADA91DF858886134B.d.F3441DA8865B228DDB702D2041A2C3E8.e.6851","ELEMENT":"f.88445BC73AA68FCADA91DF858886134B.d.F3441DA8865B228DDB702D2041A2C3E8.e.6851"}]}
RESULT: {"script":"<script> [56 bytes]","args":[{"element-6066-11e4-a52e-4f735466cecf":"f.88445BC73AA68FCADA91DF858886134B.d.F3441DA8865B228DDB702D2041A2C3E8.e.6851","ELEMENT":"f.88445BC73AA68FCADA91DF858886134B.d.F3441DA8865B228DDB702D2041A2C3E8.e.6851"}]}
COMMAND: GET /session/d1da2243ed5db842980eb3a0b04f68c1/element/f.88445BC73AA68FCADA91DF858886134B.d.F3441DA8865B228DDB702D2041A2C3E8.e.6850/attribute/aria-checked - {}
COMMAND: GET /session/d1da2243ed5db842980eb3a0b04f68c1/screenshot - {}
RESULT: {}
COMMAND: POST /session/d1da2243ed5db842980eb3a0b04f68c1/element - {"using":"xpath","value":"//table[contains(@id, \"listView-innerSelectionPanelTable-listUl\")]/tbody/tr[8]/td[2]/div/div"}
RESULT: {}
RESULT: {"using":"xpath","value":"//table[contains(@id, \"listView-innerSelectionPanelTable-listUl\")]/tbody/tr[8]/td[2]/div/div"}
COMMAND: POST /session/d1da2243ed5db842980eb3a0b04f68c1/element - {"using":"xpath","value":"//table[contains(@id, \"listView-innerSelectionPanelTable-listUl\")]/tbody/tr[8]/td[2]/div"}
RESULT: {"using":"xpath","value":"//table[contains(@id, \"listView-innerSelectionPanelTable-listUl\")]/tbody/tr[8]/td[2]/div"}
COMMAND: POST /session/d1da2243ed5db842980eb3a0b04f68c1/element - {"using":"xpath","value":"//table[contains(@id, \"listView-innerSelectionPanelTable-listUl\")]/tbody/tr[8]/td[3]/div/div/span/span[1]/bdi"}
RESULT: {"using":"xpath","value":"//table[contains(@id, \"listView-innerSelectionPanelTable-listUl\")]/tbody/tr[8]/td[3]/div/div/span/span[1]/bdi"}
COMMAND: POST /session/d1da2243ed5db842980eb3a0b04f68c1/execute/sync - {"script":"<script> [56 bytes]","args":[{"element-6066-11e4-a52e-4f735466cecf":"f.88445BC73AA68FCADA91DF858886134B.d.F3441DA8865B228DDB702D2041A2C3E8.e.6854","ELEMENT":"f.88445BC73AA68FCADA91DF858886134B.d.F3441DA8865B228DDB702D2041A2C3E8.e.6854"}]}
RESULT: {"script":"<script> [56 bytes]","args":[{"element-6066-11e4-a52e-4f735466cecf":"f.88445BC73AA68FCADA91DF858886134B.d.F3441DA8865B228DDB702D2041A2C3E8.e.6854","ELEMENT":"f.88445BC73AA68FCADA91DF858886134B.d.F3441DA8865B228DDB702D2041A2C3E8.e.6854"}]}
COMMAND: GET /session/d1da2243ed5db842980eb3a0b04f68c1/element/f.88445BC73AA68FCADA91DF858886134B.d.F3441DA8865B228DDB702D2041A2C3E8.e.6853/attribute/aria-checked - {}
COMMAND: GET /session/d1da2243ed5db842980eb3a0b04f68c1/screenshot - {}
RESULT: {}
COMMAND: POST /session/d1da2243ed5db842980eb3a0b04f68c1/element - {"using":"xpath","value":"//table[contains(@id, \"listView-innerSelectionPanelTable-listUl\")]/tbody/tr[9]/td[2]/div/div"}
RESULT: {}
RESULT: {"using":"xpath","value":"//table[contains(@id, \"listView-innerSelectionPanelTable-listUl\")]/tbody/tr[9]/td[2]/div/div"}
COMMAND: POST /session/d1da2243ed5db842980eb3a0b04f68c1/element - {"using":"xpath","value":"//table[contains(@id, \"listView-innerSelectionPanelTable-listUl\")]/tbody/tr[9]/td[2]/div"}
RESULT: {"using":"xpath","value":"//table[contains(@id, \"listView-innerSelectionPanelTable-listUl\")]/tbody/tr[9]/td[2]/div"}
COMMAND: POST /session/d1da2243ed5db842980eb3a0b04f68c1/element - {"using":"xpath","value":"//table[contains(@id, \"listView-innerSelectionPanelTable-listUl\")]/tbody/tr[9]/td[3]/div/div/span/span[1]/bdi"}
RESULT: {"using":"xpath","value":"//table[contains(@id, \"listView-innerSelectionPanelTable-listUl\")]/tbody/tr[9]/td[3]/div/div/span/span[1]/bdi"}
COMMAND: POST /session/d1da2243ed5db842980eb3a0b04f68c1/execute/sync - {"script":"<script> [56 bytes]","args":[{"element-6066-11e4-a52e-4f735466cecf":"f.88445BC73AA68FCADA91DF858886134B.d.F3441DA8865B228DDB702D2041A2C3E8.e.6857","ELEMENT":"f.88445BC73AA68FCADA91DF858886134B.d.F3441DA8865B228DDB702D2041A2C3E8.e.6857"}]}
RESULT: {"script":"<script> [56 bytes]","args":[{"element-6066-11e4-a52e-4f735466cecf":"f.88445BC73AA68FCADA91DF858886134B.d.F3441DA8865B228DDB702D2041A2C3E8.e.6857","ELEMENT":"f.88445BC73AA68FCADA91DF858886134B.d.F3441DA8865B228DDB702D2041A2C3E8.e.6857"}]}
COMMAND: GET /session/d1da2243ed5db842980eb3a0b04f68c1/element/f.88445BC73AA68FCADA91DF858886134B.d.F3441DA8865B228DDB702D2041A2C3E8.e.6856/attribute/aria-checked - {}
COMMAND: GET /session/d1da2243ed5db842980eb3a0b04f68c1/screenshot - {}
RESULT: {}
COMMAND: POST /session/d1da2243ed5db842980eb3a0b04f68c1/element - {"using":"xpath","value":"//table[contains(@id, \"listView-innerSelectionPanelTable-listUl\")]/tbody/tr[10]/td[2]/div/div"}
RESULT: {}
RESULT: {"using":"xpath","value":"//table[contains(@id, \"listView-innerSelectionPanelTable-listUl\")]/tbody/tr[10]/td[2]/div/div"}
COMMAND: POST /session/d1da2243ed5db842980eb3a0b04f68c1/element - {"using":"xpath","value":"//table[contains(@id, \"listView-innerSelectionPanelTable-listUl\")]/tbody/tr[10]/td[2]/div"}
RESULT: {"using":"xpath","value":"//table[contains(@id, \"listView-innerSelectionPanelTable-listUl\")]/tbody/tr[10]/td[2]/div"}
COMMAND: POST /session/d1da2243ed5db842980eb3a0b04f68c1/element - {"using":"xpath","value":"//table[contains(@id, \"listView-innerSelectionPanelTable-listUl\")]/tbody/tr[10]/td[3]/div/div/span/span[1]/bdi"}
RESULT: {"using":"xpath","value":"//table[contains(@id, \"listView-innerSelectionPanelTable-listUl\")]/tbody/tr[10]/td[3]/div/div/span/span[1]/bdi"}
COMMAND: POST /session/d1da2243ed5db842980eb3a0b04f68c1/execute/sync - {"script":"<script> [56 bytes]","args":[{"element-6066-11e4-a52e-4f735466cecf":"f.88445BC73AA68FCADA91DF858886134B.d.F3441DA8865B228DDB702D2041A2C3E8.e.6860","ELEMENT":"f.88445BC73AA68FCADA91DF858886134B.d.F3441DA8865B228DDB702D2041A2C3E8.e.6860"}]}
RESULT: {"script":"<script> [56 bytes]","args":[{"element-6066-11e4-a52e-4f735466cecf":"f.88445BC73AA68FCADA91DF858886134B.d.F3441DA8865B228DDB702D2041A2C3E8.e.6860","ELEMENT":"f.88445BC73AA68FCADA91DF858886134B.d.F3441DA8865B228DDB702D2041A2C3E8.e.6860"}]}
COMMAND: GET /session/d1da2243ed5db842980eb3a0b04f68c1/element/f.88445BC73AA68FCADA91DF858886134B.d.F3441DA8865B228DDB702D2041A2C3E8.e.6859/attribute/aria-checked - {}
COMMAND: GET /session/d1da2243ed5db842980eb3a0b04f68c1/screenshot - {}
RESULT: {}
COMMAND: POST /session/d1da2243ed5db842980eb3a0b04f68c1/element - {"using":"xpath","value":"//table[contains(@id, \"listView-innerSelectionPanelTable-listUl\")]/tbody/tr[11]/td[2]/div/div"}
RESULT: {}
RESULT: {"using":"xpath","value":"//table[contains(@id, \"listView-innerSelectionPanelTable-listUl\")]/tbody/tr[11]/td[2]/div/div"}
COMMAND: POST /session/d1da2243ed5db842980eb3a0b04f68c1/element - {"using":"xpath","value":"//table[contains(@id, \"listView-innerSelectionPanelTable-listUl\")]/tbody/tr[11]/td[2]/div"}
RESULT: {"using":"xpath","value":"//table[contains(@id, \"listView-innerSelectionPanelTable-listUl\")]/tbody/tr[11]/td[2]/div"}
COMMAND: POST /session/d1da2243ed5db842980eb3a0b04f68c1/element - {"using":"xpath","value":"//table[contains(@id, \"listView-innerSelectionPanelTable-listUl\")]/tbody/tr[11]/td[3]/div/div/span/span[1]/bdi"}
RESULT: {"using":"xpath","value":"//table[contains(@id, \"listView-innerSelectionPanelTable-listUl\")]/tbody/tr[11]/td[3]/div/div/span/span[1]/bdi"}
COMMAND: POST /session/d1da2243ed5db842980eb3a0b04f68c1/execute/sync - {"script":"<script> [56 bytes]","args":[{"element-6066-11e4-a52e-4f735466cecf":"f.88445BC73AA68FCADA91DF858886134B.d.F3441DA8865B228DDB702D2041A2C3E8.e.6863","ELEMENT":"f.88445BC73AA68FCADA91DF858886134B.d.F3441DA8865B228DDB702D2041A2C3E8.e.6863"}]}
RESULT: {"script":"<script> [56 bytes]","args":[{"element-6066-11e4-a52e-4f735466cecf":"f.88445BC73AA68FCADA91DF858886134B.d.F3441DA8865B228DDB702D2041A2C3E8.e.6863","ELEMENT":"f.88445BC73AA68FCADA91DF858886134B.d.F3441DA8865B228DDB702D2041A2C3E8.e.6863"}]}
COMMAND: GET /session/d1da2243ed5db842980eb3a0b04f68c1/element/f.88445BC73AA68FCADA91DF858886134B.d.F3441DA8865B228DDB702D2041A2C3E8.e.6862/attribute/aria-checked - {}
COMMAND: GET /session/d1da2243ed5db842980eb3a0b04f68c1/screenshot - {}
RESULT: {}
COMMAND: POST /session/d1da2243ed5db842980eb3a0b04f68c1/element - {"using":"xpath","value":"//table[contains(@id, \"listView-innerSelectionPanelTable-listUl\")]/tbody/tr[12]/td[2]/div/div"}
RESULT: {}
RESULT: {"using":"xpath","value":"//table[contains(@id, \"listView-innerSelectionPanelTable-listUl\")]/tbody/tr[12]/td[2]/div/div"}
COMMAND: POST /session/d1da2243ed5db842980eb3a0b04f68c1/element - {"using":"xpath","value":"//table[contains(@id, \"listView-innerSelectionPanelTable-listUl\")]/tbody/tr[12]/td[2]/div"}
RESULT: {"using":"xpath","value":"//table[contains(@id, \"listView-innerSelectionPanelTable-listUl\")]/tbody/tr[12]/td[2]/div"}
COMMAND: POST /session/d1da2243ed5db842980eb3a0b04f68c1/element - {"using":"xpath","value":"//table[contains(@id, \"listView-innerSelectionPanelTable-listUl\")]/tbody/tr[12]/td[3]/div/div/span/span[1]/bdi"}
RESULT: {"using":"xpath","value":"//table[contains(@id, \"listView-innerSelectionPanelTable-listUl\")]/tbody/tr[12]/td[3]/div/div/span/span[1]/bdi"}
COMMAND: POST /session/d1da2243ed5db842980eb3a0b04f68c1/execute/sync - {"script":"<script> [56 bytes]","args":[{"element-6066-11e4-a52e-4f735466cecf":"f.88445BC73AA68FCADA91DF858886134B.d.F3441DA8865B228DDB702D2041A2C3E8.e.6866","ELEMENT":"f.88445BC73AA68FCADA91DF858886134B.d.F3441DA8865B228DDB702D2041A2C3E8.e.6866"}]}
RESULT: {"script":"<script> [56 bytes]","args":[{"element-6066-11e4-a52e-4f735466cecf":"f.88445BC73AA68FCADA91DF858886134B.d.F3441DA8865B228DDB702D2041A2C3E8.e.6866","ELEMENT":"f.88445BC73AA68FCADA91DF858886134B.d.F3441DA8865B228DDB702D2041A2C3E8.e.6866"}]}
COMMAND: GET /session/d1da2243ed5db842980eb3a0b04f68c1/element/f.88445BC73AA68FCADA91DF858886134B.d.F3441DA8865B228DDB702D2041A2C3E8.e.6865/attribute/aria-checked - {}
COMMAND: GET /session/d1da2243ed5db842980eb3a0b04f68c1/screenshot - {}
RESULT: {}
COMMAND: POST /session/d1da2243ed5db842980eb3a0b04f68c1/element - {"using":"xpath","value":"//table[contains(@id, \"listView-innerSelectionPanelTable-listUl\")]/tbody/tr[13]/td[2]/div/div"}
RESULT: {}
RESULT: {"using":"xpath","value":"//table[contains(@id, \"listView-innerSelectionPanelTable-listUl\")]/tbody/tr[13]/td[2]/div/div"}
COMMAND: POST /session/d1da2243ed5db842980eb3a0b04f68c1/element - {"using":"xpath","value":"//table[contains(@id, \"listView-innerSelectionPanelTable-listUl\")]/tbody/tr[13]/td[2]/div"}
RESULT: {"using":"xpath","value":"//table[contains(@id, \"listView-innerSelectionPanelTable-listUl\")]/tbody/tr[13]/td[2]/div"}
COMMAND: POST /session/d1da2243ed5db842980eb3a0b04f68c1/element - {"using":"xpath","value":"//table[contains(@id, \"listView-innerSelectionPanelTable-listUl\")]/tbody/tr[13]/td[3]/div/div/span/span[1]/bdi"}
RESULT: {"using":"xpath","value":"//table[contains(@id, \"listView-innerSelectionPanelTable-listUl\")]/tbody/tr[13]/td[3]/div/div/span/span[1]/bdi"}
COMMAND: POST /session/d1da2243ed5db842980eb3a0b04f68c1/execute/sync - {"script":"<script> [56 bytes]","args":[{"element-6066-11e4-a52e-4f735466cecf":"f.88445BC73AA68FCADA91DF858886134B.d.F3441DA8865B228DDB702D2041A2C3E8.e.6869","ELEMENT":"f.88445BC73AA68FCADA91DF858886134B.d.F3441DA8865B228DDB702D2041A2C3E8.e.6869"}]}
RESULT: {"script":"<script> [56 bytes]","args":[{"element-6066-11e4-a52e-4f735466cecf":"f.88445BC73AA68FCADA91DF858886134B.d.F3441DA8865B228DDB702D2041A2C3E8.e.6869","ELEMENT":"f.88445BC73AA68FCADA91DF858886134B.d.F3441DA8865B228DDB702D2041A2C3E8.e.6869"}]}
COMMAND: GET /session/d1da2243ed5db842980eb3a0b04f68c1/element/f.88445BC73AA68FCADA91DF858886134B.d.F3441DA8865B228DDB702D2041A2C3E8.e.6868/attribute/aria-checked - {}
COMMAND: GET /session/d1da2243ed5db842980eb3a0b04f68c1/screenshot - {}
RESULT: {}
COMMAND: POST /session/d1da2243ed5db842980eb3a0b04f68c1/element - {"using":"xpath","value":"//table[contains(@id, \"listView-innerSelectionPanelTable-listUl\")]/tbody/tr[14]/td[2]/div/div"}
COMMAND: POST /session/d1da2243ed5db842980eb3a0b04f68c1/element/f.88445BC73AA68FCADA91DF858886134B.d.F3441DA8865B228DDB702D2041A2C3E8.e.6867/click - {}
RESULT: {}
RESULT: {"using":"xpath","value":"//table[contains(@id, \"listView-innerSelectionPanelTable-listUl\")]/tbody/tr[14]/td[2]/div/div"}
COMMAND: POST /session/d1da2243ed5db842980eb3a0b04f68c1/element - {"using":"xpath","value":"//table[contains(@id, \"listView-innerSelectionPanelTable-listUl\")]/tbody/tr[14]/td[2]/div"}
RESULT: {}
COMMAND: GET /session/d1da2243ed5db842980eb3a0b04f68c1/screenshot - {}
RESULT: {"using":"xpath","value":"//table[contains(@id, \"listView-innerSelectionPanelTable-listUl\")]/tbody/tr[14]/td[2]/div"}
COMMAND: POST /session/d1da2243ed5db842980eb3a0b04f68c1/element - {"using":"xpath","value":"//table[contains(@id, \"listView-innerSelectionPanelTable-listUl\")]/tbody/tr[14]/td[3]/div/div/span/span[1]/bdi"}
RESULT: {}
RESULT: {"using":"xpath","value":"//table[contains(@id, \"listView-innerSelectionPanelTable-listUl\")]/tbody/tr[14]/td[3]/div/div/span/span[1]/bdi"}
COMMAND: POST /session/d1da2243ed5db842980eb3a0b04f68c1/execute/sync - {"script":"<script> [56 bytes]","args":[{"element-6066-11e4-a52e-4f735466cecf":"f.88445BC73AA68FCADA91DF858886134B.d.F3441DA8865B228DDB702D2041A2C3E8.e.6873","ELEMENT":"f.88445BC73AA68FCADA91DF858886134B.d.F3441DA8865B228DDB702D2041A2C3E8.e.6873"}]}
RESULT: {"script":"<script> [56 bytes]","args":[{"element-6066-11e4-a52e-4f735466cecf":"f.88445BC73AA68FCADA91DF858886134B.d.F3441DA8865B228DDB702D2041A2C3E8.e.6873","ELEMENT":"f.88445BC73AA68FCADA91DF858886134B.d.F3441DA8865B228DDB702D2041A2C3E8.e.6873"}]}
COMMAND: GET /session/d1da2243ed5db842980eb3a0b04f68c1/element/f.88445BC73AA68FCADA91DF858886134B.d.F3441DA8865B228DDB702D2041A2C3E8.e.6872/attribute/aria-checked - {}
COMMAND: GET /session/d1da2243ed5db842980eb3a0b04f68c1/screenshot - {}
RESULT: {}
RESULT: {}
COMMAND: POST /session/d1da2243ed5db842980eb3a0b04f68c1/element - {"using":"xpath","value":"//table[contains(@id, \"listView-innerSelectionPanelTable-listUl\")]/tbody/tr[15]/td[2]/div/div"}
RESULT: {"using":"xpath","value":"//table[contains(@id, \"listView-innerSelectionPanelTable-listUl\")]/tbody/tr[15]/td[2]/div/div"}
COMMAND: POST /session/d1da2243ed5db842980eb3a0b04f68c1/element - {"using":"xpath","value":"//table[contains(@id, \"listView-innerSelectionPanelTable-listUl\")]/tbody/tr[15]/td[2]/div"}
RESULT: {"using":"xpath","value":"//table[contains(@id, \"listView-innerSelectionPanelTable-listUl\")]/tbody/tr[15]/td[2]/div"}
COMMAND: POST /session/d1da2243ed5db842980eb3a0b04f68c1/element - {"using":"xpath","value":"//table[contains(@id, \"listView-innerSelectionPanelTable-listUl\")]/tbody/tr[15]/td[3]/div/div/span/span[1]/bdi"}
RESULT: {"using":"xpath","value":"//table[contains(@id, \"listView-innerSelectionPanelTable-listUl\")]/tbody/tr[15]/td[3]/div/div/span/span[1]/bdi"}
COMMAND: POST /session/d1da2243ed5db842980eb3a0b04f68c1/execute/sync - {"script":"<script> [56 bytes]","args":[{"element-6066-11e4-a52e-4f735466cecf":"f.88445BC73AA68FCADA91DF858886134B.d.F3441DA8865B228DDB702D2041A2C3E8.e.6876","ELEMENT":"f.88445BC73AA68FCADA91DF858886134B.d.F3441DA8865B228DDB702D2041A2C3E8.e.6876"}]}
RESULT: {"script":"<script> [56 bytes]","args":[{"element-6066-11e4-a52e-4f735466cecf":"f.88445BC73AA68FCADA91DF858886134B.d.F3441DA8865B228DDB702D2041A2C3E8.e.6876","ELEMENT":"f.88445BC73AA68FCADA91DF858886134B.d.F3441DA8865B228DDB702D2041A2C3E8.e.6876"}]}
COMMAND: GET /session/d1da2243ed5db842980eb3a0b04f68c1/element/f.88445BC73AA68FCADA91DF858886134B.d.F3441DA8865B228DDB702D2041A2C3E8.e.6875/attribute/aria-checked - {}
COMMAND: GET /session/d1da2243ed5db842980eb3a0b04f68c1/screenshot - {}
RESULT: {}
COMMAND: POST /session/d1da2243ed5db842980eb3a0b04f68c1/element - {"using":"xpath","value":"//table[contains(@id, \"listView-innerSelectionPanelTable-listUl\")]/tbody/tr[16]/td[2]/div/div"}
RESULT: {}
RESULT: {"using":"xpath","value":"//table[contains(@id, \"listView-innerSelectionPanelTable-listUl\")]/tbody/tr[16]/td[2]/div/div"}
COMMAND: POST /session/d1da2243ed5db842980eb3a0b04f68c1/element - {"using":"xpath","value":"//table[contains(@id, \"listView-innerSelectionPanelTable-listUl\")]/tbody/tr[16]/td[2]/div"}
RESULT: {"using":"xpath","value":"//table[contains(@id, \"listView-innerSelectionPanelTable-listUl\")]/tbody/tr[16]/td[2]/div"}
COMMAND: POST /session/d1da2243ed5db842980eb3a0b04f68c1/element - {"using":"xpath","value":"//table[contains(@id, \"listView-innerSelectionPanelTable-listUl\")]/tbody/tr[16]/td[3]/div/div/span/span[1]/bdi"}
RESULT: {"using":"xpath","value":"//table[contains(@id, \"listView-innerSelectionPanelTable-listUl\")]/tbody/tr[16]/td[3]/div/div/span/span[1]/bdi"}
COMMAND: POST /session/d1da2243ed5db842980eb3a0b04f68c1/execute/sync - {"script":"<script> [56 bytes]","args":[{"element-6066-11e4-a52e-4f735466cecf":"f.88445BC73AA68FCADA91DF858886134B.d.F3441DA8865B228DDB702D2041A2C3E8.e.6879","ELEMENT":"f.88445BC73AA68FCADA91DF858886134B.d.F3441DA8865B228DDB702D2041A2C3E8.e.6879"}]}
RESULT: {"script":"<script> [56 bytes]","args":[{"element-6066-11e4-a52e-4f735466cecf":"f.88445BC73AA68FCADA91DF858886134B.d.F3441DA8865B228DDB702D2041A2C3E8.e.6879","ELEMENT":"f.88445BC73AA68FCADA91DF858886134B.d.F3441DA8865B228DDB702D2041A2C3E8.e.6879"}]}
COMMAND: GET /session/d1da2243ed5db842980eb3a0b04f68c1/element/f.88445BC73AA68FCADA91DF858886134B.d.F3441DA8865B228DDB702D2041A2C3E8.e.6878/attribute/aria-checked - {}
COMMAND: GET /session/d1da2243ed5db842980eb3a0b04f68c1/screenshot - {}
RESULT: {}
COMMAND: POST /session/d1da2243ed5db842980eb3a0b04f68c1/element - {"using":"xpath","value":"//table[contains(@id, \"listView-innerSelectionPanelTable-listUl\")]/tbody/tr[17]/td[2]/div/div"}
RESULT: {}
RESULT: {"using":"xpath","value":"//table[contains(@id, \"listView-innerSelectionPanelTable-listUl\")]/tbody/tr[17]/td[2]/div/div"}
COMMAND: POST /session/d1da2243ed5db842980eb3a0b04f68c1/element - {"using":"xpath","value":"//table[contains(@id, \"listView-innerSelectionPanelTable-listUl\")]/tbody/tr[17]/td[2]/div"}
RESULT: {"using":"xpath","value":"//table[contains(@id, \"listView-innerSelectionPanelTable-listUl\")]/tbody/tr[17]/td[2]/div"}
COMMAND: POST /session/d1da2243ed5db842980eb3a0b04f68c1/element - {"using":"xpath","value":"//table[contains(@id, \"listView-innerSelectionPanelTable-listUl\")]/tbody/tr[17]/td[3]/div/div/span/span[1]/bdi"}
RESULT: {"using":"xpath","value":"//table[contains(@id, \"listView-innerSelectionPanelTable-listUl\")]/tbody/tr[17]/td[3]/div/div/span/span[1]/bdi"}
COMMAND: POST /session/d1da2243ed5db842980eb3a0b04f68c1/execute/sync - {"script":"<script> [56 bytes]","args":[{"element-6066-11e4-a52e-4f735466cecf":"f.88445BC73AA68FCADA91DF858886134B.d.F3441DA8865B228DDB702D2041A2C3E8.e.6882","ELEMENT":"f.88445BC73AA68FCADA91DF858886134B.d.F3441DA8865B228DDB702D2041A2C3E8.e.6882"}]}
RESULT: {"script":"<script> [56 bytes]","args":[{"element-6066-11e4-a52e-4f735466cecf":"f.88445BC73AA68FCADA91DF858886134B.d.F3441DA8865B228DDB702D2041A2C3E8.e.6882","ELEMENT":"f.88445BC73AA68FCADA91DF858886134B.d.F3441DA8865B228DDB702D2041A2C3E8.e.6882"}]}
COMMAND: GET /session/d1da2243ed5db842980eb3a0b04f68c1/element/f.88445BC73AA68FCADA91DF858886134B.d.F3441DA8865B228DDB702D2041A2C3E8.e.6881/attribute/aria-checked - {}
COMMAND: GET /session/d1da2243ed5db842980eb3a0b04f68c1/screenshot - {}
RESULT: {}
COMMAND: POST /session/d1da2243ed5db842980eb3a0b04f68c1/element - {"using":"xpath","value":"//table[contains(@id, \"listView-innerSelectionPanelTable-listUl\")]/tbody/tr[18]/td[2]/div/div"}
RESULT: {}
RESULT: {"using":"xpath","value":"//table[contains(@id, \"listView-innerSelectionPanelTable-listUl\")]/tbody/tr[18]/td[2]/div/div"}
COMMAND: POST /session/d1da2243ed5db842980eb3a0b04f68c1/element - {"using":"xpath","value":"//table[contains(@id, \"listView-innerSelectionPanelTable-listUl\")]/tbody/tr[18]/td[2]/div"}
RESULT: {"using":"xpath","value":"//table[contains(@id, \"listView-innerSelectionPanelTable-listUl\")]/tbody/tr[18]/td[2]/div"}
COMMAND: POST /session/d1da2243ed5db842980eb3a0b04f68c1/element - {"using":"xpath","value":"//table[contains(@id, \"listView-innerSelectionPanelTable-listUl\")]/tbody/tr[18]/td[3]/div/div/span/span[1]/bdi"}
RESULT: {"using":"xpath","value":"//table[contains(@id, \"listView-innerSelectionPanelTable-listUl\")]/tbody/tr[18]/td[3]/div/div/span/span[1]/bdi"}
COMMAND: POST /session/d1da2243ed5db842980eb3a0b04f68c1/execute/sync - {"script":"<script> [56 bytes]","args":[{"element-6066-11e4-a52e-4f735466cecf":"f.88445BC73AA68FCADA91DF858886134B.d.F3441DA8865B228DDB702D2041A2C3E8.e.6885","ELEMENT":"f.88445BC73AA68FCADA91DF858886134B.d.F3441DA8865B228DDB702D2041A2C3E8.e.6885"}]}
RESULT: {"script":"<script> [56 bytes]","args":[{"element-6066-11e4-a52e-4f735466cecf":"f.88445BC73AA68FCADA91DF858886134B.d.F3441DA8865B228DDB702D2041A2C3E8.e.6885","ELEMENT":"f.88445BC73AA68FCADA91DF858886134B.d.F3441DA8865B228DDB702D2041A2C3E8.e.6885"}]}
COMMAND: GET /session/d1da2243ed5db842980eb3a0b04f68c1/element/f.88445BC73AA68FCADA91DF858886134B.d.F3441DA8865B228DDB702D2041A2C3E8.e.6884/attribute/aria-checked - {}
COMMAND: GET /session/d1da2243ed5db842980eb3a0b04f68c1/screenshot - {}
RESULT: {}
COMMAND: POST /session/d1da2243ed5db842980eb3a0b04f68c1/element - {"using":"xpath","value":"//table[contains(@id, \"listView-innerSelectionPanelTable-listUl\")]/tbody/tr[19]/td[2]/div/div"}
RESULT: {}
RESULT: {"using":"xpath","value":"//table[contains(@id, \"listView-innerSelectionPanelTable-listUl\")]/tbody/tr[19]/td[2]/div/div"}
COMMAND: POST /session/d1da2243ed5db842980eb3a0b04f68c1/element - {"using":"xpath","value":"//table[contains(@id, \"listView-innerSelectionPanelTable-listUl\")]/tbody/tr[19]/td[2]/div"}
RESULT: {"using":"xpath","value":"//table[contains(@id, \"listView-innerSelectionPanelTable-listUl\")]/tbody/tr[19]/td[2]/div"}
COMMAND: POST /session/d1da2243ed5db842980eb3a0b04f68c1/element - {"using":"xpath","value":"//table[contains(@id, \"listView-innerSelectionPanelTable-listUl\")]/tbody/tr[19]/td[3]/div/div/span/span[1]/bdi"}
RESULT: {"using":"xpath","value":"//table[contains(@id, \"listView-innerSelectionPanelTable-listUl\")]/tbody/tr[19]/td[3]/div/div/span/span[1]/bdi"}
COMMAND: POST /session/d1da2243ed5db842980eb3a0b04f68c1/execute/sync - {"script":"<script> [56 bytes]","args":[{"element-6066-11e4-a52e-4f735466cecf":"f.88445BC73AA68FCADA91DF858886134B.d.F3441DA8865B228DDB702D2041A2C3E8.e.6888","ELEMENT":"f.88445BC73AA68FCADA91DF858886134B.d.F3441DA8865B228DDB702D2041A2C3E8.e.6888"}]}
RESULT: {"script":"<script> [56 bytes]","args":[{"element-6066-11e4-a52e-4f735466cecf":"f.88445BC73AA68FCADA91DF858886134B.d.F3441DA8865B228DDB702D2041A2C3E8.e.6888","ELEMENT":"f.88445BC73AA68FCADA91DF858886134B.d.F3441DA8865B228DDB702D2041A2C3E8.e.6888"}]}
COMMAND: GET /session/d1da2243ed5db842980eb3a0b04f68c1/element/f.88445BC73AA68FCADA91DF858886134B.d.F3441DA8865B228DDB702D2041A2C3E8.e.6887/attribute/aria-checked - {}
COMMAND: GET /session/d1da2243ed5db842980eb3a0b04f68c1/screenshot - {}
RESULT: {}
COMMAND: POST /session/d1da2243ed5db842980eb3a0b04f68c1/element - {"using":"xpath","value":"//table[contains(@id, \"listView-innerSelectionPanelTable-listUl\")]/tbody/tr[20]/td[2]/div/div"}
RESULT: {}
RESULT: {"using":"xpath","value":"//table[contains(@id, \"listView-innerSelectionPanelTable-listUl\")]/tbody/tr[20]/td[2]/div/div"}
COMMAND: POST /session/d1da2243ed5db842980eb3a0b04f68c1/element - {"using":"xpath","value":"//table[contains(@id, \"listView-innerSelectionPanelTable-listUl\")]/tbody/tr[20]/td[2]/div"}
RESULT: {"using":"xpath","value":"//table[contains(@id, \"listView-innerSelectionPanelTable-listUl\")]/tbody/tr[20]/td[2]/div"}
COMMAND: POST /session/d1da2243ed5db842980eb3a0b04f68c1/element - {"using":"xpath","value":"//table[contains(@id, \"listView-innerSelectionPanelTable-listUl\")]/tbody/tr[20]/td[3]/div/div/span/span[1]/bdi"}
RESULT: {"using":"xpath","value":"//table[contains(@id, \"listView-innerSelectionPanelTable-listUl\")]/tbody/tr[20]/td[3]/div/div/span/span[1]/bdi"}
COMMAND: POST /session/d1da2243ed5db842980eb3a0b04f68c1/execute/sync - {"script":"<script> [56 bytes]","args":[{"element-6066-11e4-a52e-4f735466cecf":"f.88445BC73AA68FCADA91DF858886134B.d.F3441DA8865B228DDB702D2041A2C3E8.e.6891","ELEMENT":"f.88445BC73AA68FCADA91DF858886134B.d.F3441DA8865B228DDB702D2041A2C3E8.e.6891"}]}
RESULT: {"script":"<script> [56 bytes]","args":[{"element-6066-11e4-a52e-4f735466cecf":"f.88445BC73AA68FCADA91DF858886134B.d.F3441DA8865B228DDB702D2041A2C3E8.e.6891","ELEMENT":"f.88445BC73AA68FCADA91DF858886134B.d.F3441DA8865B228DDB702D2041A2C3E8.e.6891"}]}
COMMAND: GET /session/d1da2243ed5db842980eb3a0b04f68c1/element/f.88445BC73AA68FCADA91DF858886134B.d.F3441DA8865B228DDB702D2041A2C3E8.e.6890/attribute/aria-checked - {}
COMMAND: GET /session/d1da2243ed5db842980eb3a0b04f68c1/screenshot - {}
RESULT: {}
COMMAND: POST /session/d1da2243ed5db842980eb3a0b04f68c1/element - {"using":"xpath","value":"//table[contains(@id, \"listView-innerSelectionPanelTable-listUl\")]/tbody/tr[21]/td[2]/div/div"}
RESULT: {}
RESULT: {"using":"xpath","value":"//table[contains(@id, \"listView-innerSelectionPanelTable-listUl\")]/tbody/tr[21]/td[2]/div/div"}
COMMAND: POST /session/d1da2243ed5db842980eb3a0b04f68c1/element - {"using":"xpath","value":"//table[contains(@id, \"listView-innerSelectionPanelTable-listUl\")]/tbody/tr[21]/td[2]/div"}
RESULT: {"using":"xpath","value":"//table[contains(@id, \"listView-innerSelectionPanelTable-listUl\")]/tbody/tr[21]/td[2]/div"}
COMMAND: POST /session/d1da2243ed5db842980eb3a0b04f68c1/element - {"using":"xpath","value":"//table[contains(@id, \"listView-innerSelectionPanelTable-listUl\")]/tbody/tr[21]/td[3]/div/div/span/span[1]/bdi"}
RESULT: {"using":"xpath","value":"//table[contains(@id, \"listView-innerSelectionPanelTable-listUl\")]/tbody/tr[21]/td[3]/div/div/span/span[1]/bdi"}
COMMAND: POST /session/d1da2243ed5db842980eb3a0b04f68c1/execute/sync - {"script":"<script> [56 bytes]","args":[{"element-6066-11e4-a52e-4f735466cecf":"f.88445BC73AA68FCADA91DF858886134B.d.F3441DA8865B228DDB702D2041A2C3E8.e.6894","ELEMENT":"f.88445BC73AA68FCADA91DF858886134B.d.F3441DA8865B228DDB702D2041A2C3E8.e.6894"}]}
RESULT: {"script":"<script> [56 bytes]","args":[{"element-6066-11e4-a52e-4f735466cecf":"f.88445BC73AA68FCADA91DF858886134B.d.F3441DA8865B228DDB702D2041A2C3E8.e.6894","ELEMENT":"f.88445BC73AA68FCADA91DF858886134B.d.F3441DA8865B228DDB702D2041A2C3E8.e.6894"}]}
COMMAND: GET /session/d1da2243ed5db842980eb3a0b04f68c1/element/f.88445BC73AA68FCADA91DF858886134B.d.F3441DA8865B228DDB702D2041A2C3E8.e.6893/attribute/aria-checked - {}
COMMAND: GET /session/d1da2243ed5db842980eb3a0b04f68c1/screenshot - {}
RESULT: {}
RESULT: {}
COMMAND: POST /session/d1da2243ed5db842980eb3a0b04f68c1/element - {"using":"xpath","value":"//table[contains(@id, \"listView-innerSelectionPanelTable-listUl\")]/tbody/tr[22]/td[2]/div/div"}
RESULT: {"using":"xpath","value":"//table[contains(@id, \"listView-innerSelectionPanelTable-listUl\")]/tbody/tr[22]/td[2]/div/div"}
COMMAND: POST /session/d1da2243ed5db842980eb3a0b04f68c1/element - {"using":"xpath","value":"//table[contains(@id, \"listView-innerSelectionPanelTable-listUl\")]/tbody/tr[22]/td[2]/div"}
RESULT: {"using":"xpath","value":"//table[contains(@id, \"listView-innerSelectionPanelTable-listUl\")]/tbody/tr[22]/td[2]/div"}
COMMAND: POST /session/d1da2243ed5db842980eb3a0b04f68c1/element - {"using":"xpath","value":"//table[contains(@id, \"listView-innerSelectionPanelTable-listUl\")]/tbody/tr[22]/td[3]/div/div/span/span[1]/bdi"}
RESULT: {"using":"xpath","value":"//table[contains(@id, \"listView-innerSelectionPanelTable-listUl\")]/tbody/tr[22]/td[3]/div/div/span/span[1]/bdi"}
COMMAND: POST /session/d1da2243ed5db842980eb3a0b04f68c1/execute/sync - {"script":"<script> [56 bytes]","args":[{"element-6066-11e4-a52e-4f735466cecf":"f.88445BC73AA68FCADA91DF858886134B.d.F3441DA8865B228DDB702D2041A2C3E8.e.6897","ELEMENT":"f.88445BC73AA68FCADA91DF858886134B.d.F3441DA8865B228DDB702D2041A2C3E8.e.6897"}]}
RESULT: {"script":"<script> [56 bytes]","args":[{"element-6066-11e4-a52e-4f735466cecf":"f.88445BC73AA68FCADA91DF858886134B.d.F3441DA8865B228DDB702D2041A2C3E8.e.6897","ELEMENT":"f.88445BC73AA68FCADA91DF858886134B.d.F3441DA8865B228DDB702D2041A2C3E8.e.6897"}]}
COMMAND: GET /session/d1da2243ed5db842980eb3a0b04f68c1/element/f.88445BC73AA68FCADA91DF858886134B.d.F3441DA8865B228DDB702D2041A2C3E8.e.6896/attribute/aria-checked - {}
COMMAND: GET /session/d1da2243ed5db842980eb3a0b04f68c1/screenshot - {}
RESULT: {}
COMMAND: POST /session/d1da2243ed5db842980eb3a0b04f68c1/element - {"using":"xpath","value":"//table[contains(@id, \"listView-innerSelectionPanelTable-listUl\")]/tbody/tr[23]/td[2]/div/div"}
RESULT: {}
RESULT: {"using":"xpath","value":"//table[contains(@id, \"listView-innerSelectionPanelTable-listUl\")]/tbody/tr[23]/td[2]/div/div"}
COMMAND: POST /session/d1da2243ed5db842980eb3a0b04f68c1/element - {"using":"xpath","value":"//table[contains(@id, \"listView-innerSelectionPanelTable-listUl\")]/tbody/tr[23]/td[2]/div"}
RESULT: {"using":"xpath","value":"//table[contains(@id, \"listView-innerSelectionPanelTable-listUl\")]/tbody/tr[23]/td[2]/div"}
COMMAND: POST /session/d1da2243ed5db842980eb3a0b04f68c1/element - {"using":"xpath","value":"//table[contains(@id, \"listView-innerSelectionPanelTable-listUl\")]/tbody/tr[23]/td[3]/div/div/span/span[1]/bdi"}
RESULT: {"using":"xpath","value":"//table[contains(@id, \"listView-innerSelectionPanelTable-listUl\")]/tbody/tr[23]/td[3]/div/div/span/span[1]/bdi"}
COMMAND: POST /session/d1da2243ed5db842980eb3a0b04f68c1/execute/sync - {"script":"<script> [56 bytes]","args":[{"element-6066-11e4-a52e-4f735466cecf":"f.88445BC73AA68FCADA91DF858886134B.d.F3441DA8865B228DDB702D2041A2C3E8.e.6900","ELEMENT":"f.88445BC73AA68FCADA91DF858886134B.d.F3441DA8865B228DDB702D2041A2C3E8.e.6900"}]}
RESULT: {"script":"<script> [56 bytes]","args":[{"element-6066-11e4-a52e-4f735466cecf":"f.88445BC73AA68FCADA91DF858886134B.d.F3441DA8865B228DDB702D2041A2C3E8.e.6900","ELEMENT":"f.88445BC73AA68FCADA91DF858886134B.d.F3441DA8865B228DDB702D2041A2C3E8.e.6900"}]}
COMMAND: GET /session/d1da2243ed5db842980eb3a0b04f68c1/element/f.88445BC73AA68FCADA91DF858886134B.d.F3441DA8865B228DDB702D2041A2C3E8.e.6899/attribute/aria-checked - {}
COMMAND: GET /session/d1da2243ed5db842980eb3a0b04f68c1/screenshot - {}
RESULT: {}
COMMAND: POST /session/d1da2243ed5db842980eb3a0b04f68c1/element - {"using":"xpath","value":"//table[contains(@id, \"listView-innerSelectionPanelTable-listUl\")]/tbody/tr[24]/td[2]/div/div"}
RESULT: {}
RESULT: {"using":"xpath","value":"//table[contains(@id, \"listView-innerSelectionPanelTable-listUl\")]/tbody/tr[24]/td[2]/div/div"}
COMMAND: POST /session/d1da2243ed5db842980eb3a0b04f68c1/element - {"using":"xpath","value":"//table[contains(@id, \"listView-innerSelectionPanelTable-listUl\")]/tbody/tr[24]/td[2]/div"}
RESULT: {"using":"xpath","value":"//table[contains(@id, \"listView-innerSelectionPanelTable-listUl\")]/tbody/tr[24]/td[2]/div"}
COMMAND: POST /session/d1da2243ed5db842980eb3a0b04f68c1/element - {"using":"xpath","value":"//table[contains(@id, \"listView-innerSelectionPanelTable-listUl\")]/tbody/tr[24]/td[3]/div/div/span/span[1]/bdi"}
RESULT: {"using":"xpath","value":"//table[contains(@id, \"listView-innerSelectionPanelTable-listUl\")]/tbody/tr[24]/td[3]/div/div/span/span[1]/bdi"}
COMMAND: POST /session/d1da2243ed5db842980eb3a0b04f68c1/execute/sync - {"script":"<script> [56 bytes]","args":[{"element-6066-11e4-a52e-4f735466cecf":"f.88445BC73AA68FCADA91DF858886134B.d.F3441DA8865B228DDB702D2041A2C3E8.e.6903","ELEMENT":"f.88445BC73AA68FCADA91DF858886134B.d.F3441DA8865B228DDB702D2041A2C3E8.e.6903"}]}
RESULT: {"script":"<script> [56 bytes]","args":[{"element-6066-11e4-a52e-4f735466cecf":"f.88445BC73AA68FCADA91DF858886134B.d.F3441DA8865B228DDB702D2041A2C3E8.e.6903","ELEMENT":"f.88445BC73AA68FCADA91DF858886134B.d.F3441DA8865B228DDB702D2041A2C3E8.e.6903"}]}
COMMAND: GET /session/d1da2243ed5db842980eb3a0b04f68c1/element/f.88445BC73AA68FCADA91DF858886134B.d.F3441DA8865B228DDB702D2041A2C3E8.e.6902/attribute/aria-checked - {}
COMMAND: GET /session/d1da2243ed5db842980eb3a0b04f68c1/screenshot - {}
RESULT: {}
COMMAND: POST /session/d1da2243ed5db842980eb3a0b04f68c1/element - {"using":"xpath","value":"//table[contains(@id, \"listView-innerSelectionPanelTable-listUl\")]/tbody/tr[25]/td[2]/div/div"}
RESULT: {}
RESULT: {"using":"xpath","value":"//table[contains(@id, \"listView-innerSelectionPanelTable-listUl\")]/tbody/tr[25]/td[2]/div/div"}
COMMAND: POST /session/d1da2243ed5db842980eb3a0b04f68c1/element - {"using":"xpath","value":"//table[contains(@id, \"listView-innerSelectionPanelTable-listUl\")]/tbody/tr[25]/td[2]/div"}
RESULT: {"using":"xpath","value":"//table[contains(@id, \"listView-innerSelectionPanelTable-listUl\")]/tbody/tr[25]/td[2]/div"}
COMMAND: POST /session/d1da2243ed5db842980eb3a0b04f68c1/element - {"using":"xpath","value":"//table[contains(@id, \"listView-innerSelectionPanelTable-listUl\")]/tbody/tr[25]/td[3]/div/div/span/span[1]/bdi"}
RESULT: {"using":"xpath","value":"//table[contains(@id, \"listView-innerSelectionPanelTable-listUl\")]/tbody/tr[25]/td[3]/div/div/span/span[1]/bdi"}
COMMAND: POST /session/d1da2243ed5db842980eb3a0b04f68c1/execute/sync - {"script":"<script> [56 bytes]","args":[{"element-6066-11e4-a52e-4f735466cecf":"f.88445BC73AA68FCADA91DF858886134B.d.F3441DA8865B228DDB702D2041A2C3E8.e.6906","ELEMENT":"f.88445BC73AA68FCADA91DF858886134B.d.F3441DA8865B228DDB702D2041A2C3E8.e.6906"}]}
RESULT: {"script":"<script> [56 bytes]","args":[{"element-6066-11e4-a52e-4f735466cecf":"f.88445BC73AA68FCADA91DF858886134B.d.F3441DA8865B228DDB702D2041A2C3E8.e.6906","ELEMENT":"f.88445BC73AA68FCADA91DF858886134B.d.F3441DA8865B228DDB702D2041A2C3E8.e.6906"}]}
COMMAND: GET /session/d1da2243ed5db842980eb3a0b04f68c1/element/f.88445BC73AA68FCADA91DF858886134B.d.F3441DA8865B228DDB702D2041A2C3E8.e.6905/attribute/aria-checked - {}
COMMAND: GET /session/d1da2243ed5db842980eb3a0b04f68c1/screenshot - {}
RESULT: {}
COMMAND: POST /session/d1da2243ed5db842980eb3a0b04f68c1/element - {"using":"xpath","value":"//bdi[contains(text(), \"OK\")]"}
RESULT: {}
RESULT: {"using":"xpath","value":"//bdi[contains(text(), \"OK\")]"}
COMMAND: POST /session/d1da2243ed5db842980eb3a0b04f68c1/element/f.88445BC73AA68FCADA91DF858886134B.d.F3441DA8865B228DDB702D2041A2C3E8.e.6907/click - {}
RESULT: {}
COMMAND: GET /session/d1da2243ed5db842980eb3a0b04f68c1/screenshot - {}
RESULT: {}
COMMAND: POST /session/d1da2243ed5db842980eb3a0b04f68c1/execute/async - {"script":"<script> [1562 bytes]","args":[{"selector":{"id":"application-managepartners-display-component---masterPtm--smartFilterBar-filterItemControlA_-LINK_TO_ADDRESSES_MAIN.CITY1-vhi"},"wdio_ui5_key":"applicationmanagepartners-display-component---masterPtm--smartFilterBar-filterItemControlA_-LINK_TO_ADDRESSES_MAIN.CITY1-vhi"}]}
RESULT: {"script":"<script> [1562 bytes]","args":[{"selector":{"id":"application-managepartners-display-component---masterPtm--smartFilterBar-filterItemControlA_-LINK_TO_ADDRESSES_MAIN.CITY1-vhi"},"wdio_ui5_key":"applicationmanagepartners-display-component---masterPtm--smartFilterBar-filterItemControlA_-LINK_TO_ADDRESSES_MAIN.CITY1-vhi"}]}
RESULT: undefined
COMMAND: POST /session/d1da2243ed5db842980eb3a0b04f68c1/element - {"using":"xpath","value":"//*[@id=\"application-managepartners-display-component---masterPtm--smartFilterBar-filterItemControlA_-LINK_TO_ADDRESSES_MAIN.CITY1-vhi\"]"}
RESULT: {"using":"xpath","value":"//*[@id=\"application-managepartners-display-component---masterPtm--smartFilterBar-filterItemControlA_-LINK_TO_ADDRESSES_MAIN.CITY1-vhi\"]"}
COMMAND: POST /session/d1da2243ed5db842980eb3a0b04f68c1/element/f.88445BC73AA68FCADA91DF858886134B.d.F3441DA8865B228DDB702D2041A2C3E8.e.6921/click - {}
RESULT: {}
COMMAND: GET /session/d1da2243ed5db842980eb3a0b04f68c1/screenshot - {}
RESULT: {}
COMMAND: POST /session/d1da2243ed5db842980eb3a0b04f68c1/execute/async - {"script":"<script> [1562 bytes]","args":[{"selector":{"controlType":"sap.m.Input","viewName":"etm.portal.ui.managepartners.view.Master","viewId":"application-managepartners-display-component---masterPtm","properties":{"valueState":"None"},"searchOpenDialogs":true,"interaction":{"idSuffix":"inner"}},"wdio_ui5_key":"etmportal.ui.managepartners.view.Mastersap.m.Input{\"valueState\":\"None\"}"}]}
RESULT: {"script":"<script> [1562 bytes]","args":[{"selector":{"controlType":"sap.m.Input","viewName":"etm.portal.ui.managepartners.view.Master","viewId":"application-managepartners-display-component---masterPtm","properties":{"valueState":"None"},"searchOpenDialogs":true,"interaction":{"idSuffix":"inner"}},"wdio_ui5_key":"etmportal.ui.managepartners.view.Mastersap.m.Input{\"valueState\":\"None\"}"}]}
RESULT: undefined
COMMAND: POST /session/d1da2243ed5db842980eb3a0b04f68c1/execute/async - {"script":"<script> [776 bytes]","args":[{"enterText":"Bucure","selector":{"controlType":"sap.m.Input","viewName":"etm.portal.ui.managepartners.view.Master","viewId":"application-managepartners-display-component---masterPtm","properties":{"valueState":"None"},"searchOpenDialogs":true,"interaction":{"idSuffix":"inner"}},"clearTextFirst":true,"interactionType":"ENTER_TEXT"}]}
RESULT: {"script":"<script> [776 bytes]","args":[{"enterText":"Bucure","selector":{"controlType":"sap.m.Input","viewName":"etm.portal.ui.managepartners.view.Master","viewId":"application-managepartners-display-component---masterPtm","properties":{"valueState":"None"},"searchOpenDialogs":true,"interaction":{"idSuffix":"inner"}},"clearTextFirst":true,"interactionType":"ENTER_TEXT"}]}
COMMAND: POST /session/d1da2243ed5db842980eb3a0b04f68c1/actions - {"actions":[{"id":"action21","type":"key","parameters":{},"actions":[{"type":"keyDown","value":""},{"type":"pause","duration":10},{"type":"keyUp","value":""}]}]}
RESULT: {"actions":[{"id":"action21","type":"key","parameters":{},"actions":[{"type":"keyDown","value":""},{"type":"pause","duration":10},{"type":"keyUp","value":""}]}]}
COMMAND: GET /session/d1da2243ed5db842980eb3a0b04f68c1/screenshot - {}
RESULT: {}
COMMAND: POST /session/d1da2243ed5db842980eb3a0b04f68c1/element - {"using":"xpath","value":"(//bdi[contains(text(), \"OK\")])[1]"}
RESULT: {"using":"xpath","value":"(//bdi[contains(text(), \"OK\")])[1]"}
COMMAND: POST /session/d1da2243ed5db842980eb3a0b04f68c1/element/f.88445BC73AA68FCADA91DF858886134B.d.F3441DA8865B228DDB702D2041A2C3E8.e.6927/click - {}
RESULT: {}
COMMAND: GET /session/d1da2243ed5db842980eb3a0b04f68c1/screenshot - {}
RESULT: {}
COMMAND: POST /session/d1da2243ed5db842980eb3a0b04f68c1/element - {"using":"xpath","value":"//span[@id=\"application-managepartners-display-component---masterPtm--smartTable-header-inner\"]"}
RESULT: {"using":"xpath","value":"//span[@id=\"application-managepartners-display-component---masterPtm--smartTable-header-inner\"]"}
COMMAND: POST /session/d1da2243ed5db842980eb3a0b04f68c1/elements - {"using":"xpath","value":"//span[@id=\"application-managepartners-display-component---masterPtm--smartTable-header-inner\"]"}
RESULT: {"using":"xpath","value":"//span[@id=\"application-managepartners-display-component---masterPtm--smartTable-header-inner\"]"}
COMMAND: POST /session/d1da2243ed5db842980eb3a0b04f68c1/execute/sync - {"script":"<script> [56 bytes]","args":[{"element-6066-11e4-a52e-4f735466cecf":"f.88445BC73AA68FCADA91DF858886134B.d.F3441DA8865B228DDB702D2041A2C3E8.e.5974","ELEMENT":"f.88445BC73AA68FCADA91DF858886134B.d.F3441DA8865B228DDB702D2041A2C3E8.e.5974"}]}
RESULT: {"script":"<script> [56 bytes]","args":[{"element-6066-11e4-a52e-4f735466cecf":"f.88445BC73AA68FCADA91DF858886134B.d.F3441DA8865B228DDB702D2041A2C3E8.e.5974","ELEMENT":"f.88445BC73AA68FCADA91DF858886134B.d.F3441DA8865B228DDB702D2041A2C3E8.e.5974"}]}
COMMAND: POST /session/d1da2243ed5db842980eb3a0b04f68c1/element - {"using":"xpath","value":"//span[contains(@title, \"Remove\")]"}
COMMAND: GET /session/d1da2243ed5db842980eb3a0b04f68c1/screenshot - {}
RESULT: {"using":"xpath","value":"//span[contains(@title, \"Remove\")]"}
COMMAND: POST /session/d1da2243ed5db842980eb3a0b04f68c1/element/f.88445BC73AA68FCADA91DF858886134B.d.F3441DA8865B228DDB702D2041A2C3E8.e.7003/click - {}
RESULT: {}
RESULT: {}
COMMAND: GET /session/d1da2243ed5db842980eb3a0b04f68c1/screenshot - {}
RESULT: {}
COMMAND: POST /session/d1da2243ed5db842980eb3a0b04f68c1/element - {"using":"xpath","value":"//span[@id=\"application-managepartners-display-component---masterPtm--smartTable-header-inner\"]"}
RESULT: {"using":"xpath","value":"//span[@id=\"application-managepartners-display-component---masterPtm--smartTable-header-inner\"]"}
COMMAND: POST /session/d1da2243ed5db842980eb3a0b04f68c1/elements - {"using":"xpath","value":"//span[@id=\"application-managepartners-display-component---masterPtm--smartTable-header-inner\"]"}
RESULT: {"using":"xpath","value":"//span[@id=\"application-managepartners-display-component---masterPtm--smartTable-header-inner\"]"}
COMMAND: POST /session/d1da2243ed5db842980eb3a0b04f68c1/execute/sync - {"script":"<script> [56 bytes]","args":[{"element-6066-11e4-a52e-4f735466cecf":"f.88445BC73AA68FCADA91DF858886134B.d.F3441DA8865B228DDB702D2041A2C3E8.e.5974","ELEMENT":"f.88445BC73AA68FCADA91DF858886134B.d.F3441DA8865B228DDB702D2041A2C3E8.e.5974"}]}
RESULT: {"script":"<script> [56 bytes]","args":[{"element-6066-11e4-a52e-4f735466cecf":"f.88445BC73AA68FCADA91DF858886134B.d.F3441DA8865B228DDB702D2041A2C3E8.e.5974","ELEMENT":"f.88445BC73AA68FCADA91DF858886134B.d.F3441DA8865B228DDB702D2041A2C3E8.e.5974"}]}
COMMAND: POST /session/d1da2243ed5db842980eb3a0b04f68c1/element - {"using":"css selector","value":"#shell-header-logo"}
COMMAND: GET /session/d1da2243ed5db842980eb3a0b04f68c1/screenshot - {}
RESULT: {"using":"css selector","value":"#shell-header-logo"}
COMMAND: POST /session/d1da2243ed5db842980eb3a0b04f68c1/element/f.88445BC73AA68FCADA91DF858886134B.d.F3441DA8865B228DDB702D2041A2C3E8.e.5804/click - {}
RESULT: {}
RESULT: {}
COMMAND: GET /session/d1da2243ed5db842980eb3a0b04f68c1/screenshot - {}
RESULT: {}
]]></system-out>
    </testcase>
    <testcase classname="chrome.136_0_7103_93.windows.Partner_specific_tests_US150819_US151080_US151654_US151176_US103444_US151078_US151079_US151109_US151174_US151175_US151189" name="Should try to save empty partner US151174" time="47.284">
      <system-out><![CDATA[
COMMAND: POST /session/d1da2243ed5db842980eb3a0b04f68c1/element - {"using":"xpath","value":"//li[.//span[text()=\"Manage Partners\"]]"}
RESULT: {"using":"xpath","value":"//li[.//span[text()=\"Manage Partners\"]]"}
COMMAND: POST /session/d1da2243ed5db842980eb3a0b04f68c1/element - {"using":"xpath","value":"//li[.//span[text()=\"Manage Partners\"]]"}
RESULT: {"using":"xpath","value":"//li[.//span[text()=\"Manage Partners\"]]"}
COMMAND: POST /session/d1da2243ed5db842980eb3a0b04f68c1/element - {"using":"css selector","value":"#shell-header-logo"}
RESULT: {"using":"css selector","value":"#shell-header-logo"}
COMMAND: POST /session/d1da2243ed5db842980eb3a0b04f68c1/element/f.88445BC73AA68FCADA91DF858886134B.d.F3441DA8865B228DDB702D2041A2C3E8.e.7098/click - {}
COMMAND: POST /session/d1da2243ed5db842980eb3a0b04f68c1/execute/sync - {"script":"<script> [8489 bytes]","args":[{"element-6066-11e4-a52e-4f735466cecf":"f.88445BC73AA68FCADA91DF858886134B.d.F3441DA8865B228DDB702D2041A2C3E8.e.7098","ELEMENT":"f.88445BC73AA68FCADA91DF858886134B.d.F3441DA8865B228DDB702D2041A2C3E8.e.7098"}]}
RESULT: {}
COMMAND: GET /session/d1da2243ed5db842980eb3a0b04f68c1/screenshot - {}
RESULT: {"script":"<script> [8489 bytes]","args":[{"element-6066-11e4-a52e-4f735466cecf":"f.88445BC73AA68FCADA91DF858886134B.d.F3441DA8865B228DDB702D2041A2C3E8.e.7098","ELEMENT":"f.88445BC73AA68FCADA91DF858886134B.d.F3441DA8865B228DDB702D2041A2C3E8.e.7098"}]}
COMMAND: POST /session/d1da2243ed5db842980eb3a0b04f68c1/execute/sync - {"script":"<script> [5351 bytes]","args":[{"element-6066-11e4-a52e-4f735466cecf":"f.88445BC73AA68FCADA91DF858886134B.d.F3441DA8865B228DDB702D2041A2C3E8.e.7098","ELEMENT":"f.88445BC73AA68FCADA91DF858886134B.d.F3441DA8865B228DDB702D2041A2C3E8.e.7098"}]}
COMMAND: GET /session/d1da2243ed5db842980eb3a0b04f68c1/screenshot - {}
RESULT: {}
RESULT: {"script":"<script> [5351 bytes]","args":[{"element-6066-11e4-a52e-4f735466cecf":"f.88445BC73AA68FCADA91DF858886134B.d.F3441DA8865B228DDB702D2041A2C3E8.e.7098","ELEMENT":"f.88445BC73AA68FCADA91DF858886134B.d.F3441DA8865B228DDB702D2041A2C3E8.e.7098"}]}
COMMAND: GET /session/d1da2243ed5db842980eb3a0b04f68c1/screenshot - {}
RESULT: {}
RESULT: {}
RESULT: undefined
COMMAND: POST /session/d1da2243ed5db842980eb3a0b04f68c1/element - {"using":"xpath","value":"//*[@id=\"__tile30\"]"}
RESULT: {"using":"xpath","value":"//*[@id=\"__tile30\"]"}
COMMAND: POST /session/d1da2243ed5db842980eb3a0b04f68c1/element/f.88445BC73AA68FCADA91DF858886134B.d.F3441DA8865B228DDB702D2041A2C3E8.e.4462/click - {}
RESULT: {}
COMMAND: GET /session/d1da2243ed5db842980eb3a0b04f68c1/screenshot - {}
RESULT: {}
COMMAND: POST /session/d1da2243ed5db842980eb3a0b04f68c1/elements - {"using":"xpath","value":"//span[text()='Error']"}
RESULT: {"using":"xpath","value":"//span[text()='Error']"}
COMMAND: POST /session/d1da2243ed5db842980eb3a0b04f68c1/element - {"using":"xpath","value":"//button[@data-kt=\"addButton\"]"}
RESULT: {"using":"xpath","value":"//button[@data-kt=\"addButton\"]"}
COMMAND: POST /session/d1da2243ed5db842980eb3a0b04f68c1/elements - {"using":"xpath","value":"//button[@data-kt=\"addButton\"]"}
RESULT: {"using":"xpath","value":"//button[@data-kt=\"addButton\"]"}
COMMAND: POST /session/d1da2243ed5db842980eb3a0b04f68c1/execute/sync - {"script":"<script> [8489 bytes]","args":[{"element-6066-11e4-a52e-4f735466cecf":"f.88445BC73AA68FCADA91DF858886134B.d.F3441DA8865B228DDB702D2041A2C3E8.e.7143","ELEMENT":"f.88445BC73AA68FCADA91DF858886134B.d.F3441DA8865B228DDB702D2041A2C3E8.e.7143"}]}
RESULT: {"script":"<script> [8489 bytes]","args":[{"element-6066-11e4-a52e-4f735466cecf":"f.88445BC73AA68FCADA91DF858886134B.d.F3441DA8865B228DDB702D2041A2C3E8.e.7143","ELEMENT":"f.88445BC73AA68FCADA91DF858886134B.d.F3441DA8865B228DDB702D2041A2C3E8.e.7143"}]}
COMMAND: GET /session/d1da2243ed5db842980eb3a0b04f68c1/element/f.88445BC73AA68FCADA91DF858886134B.d.F3441DA8865B228DDB702D2041A2C3E8.e.7143/enabled - {}
COMMAND: GET /session/d1da2243ed5db842980eb3a0b04f68c1/screenshot - {}
RESULT: {}
COMMAND: POST /session/d1da2243ed5db842980eb3a0b04f68c1/execute/sync - {"script":"<script> [8489 bytes]","args":[{"element-6066-11e4-a52e-4f735466cecf":"f.88445BC73AA68FCADA91DF858886134B.d.F3441DA8865B228DDB702D2041A2C3E8.e.7143","ELEMENT":"f.88445BC73AA68FCADA91DF858886134B.d.F3441DA8865B228DDB702D2041A2C3E8.e.7143"}]}
COMMAND: GET /session/d1da2243ed5db842980eb3a0b04f68c1/screenshot - {}
RESULT: {}
RESULT: {"script":"<script> [8489 bytes]","args":[{"element-6066-11e4-a52e-4f735466cecf":"f.88445BC73AA68FCADA91DF858886134B.d.F3441DA8865B228DDB702D2041A2C3E8.e.7143","ELEMENT":"f.88445BC73AA68FCADA91DF858886134B.d.F3441DA8865B228DDB702D2041A2C3E8.e.7143"}]}
COMMAND: POST /session/d1da2243ed5db842980eb3a0b04f68c1/execute/sync - {"script":"<script> [5351 bytes]","args":[{"element-6066-11e4-a52e-4f735466cecf":"f.88445BC73AA68FCADA91DF858886134B.d.F3441DA8865B228DDB702D2041A2C3E8.e.7143","ELEMENT":"f.88445BC73AA68FCADA91DF858886134B.d.F3441DA8865B228DDB702D2041A2C3E8.e.7143"}]}
COMMAND: GET /session/d1da2243ed5db842980eb3a0b04f68c1/screenshot - {}
RESULT: {}
RESULT: {"script":"<script> [5351 bytes]","args":[{"element-6066-11e4-a52e-4f735466cecf":"f.88445BC73AA68FCADA91DF858886134B.d.F3441DA8865B228DDB702D2041A2C3E8.e.7143","ELEMENT":"f.88445BC73AA68FCADA91DF858886134B.d.F3441DA8865B228DDB702D2041A2C3E8.e.7143"}]}
COMMAND: POST /session/d1da2243ed5db842980eb3a0b04f68c1/element/f.88445BC73AA68FCADA91DF858886134B.d.F3441DA8865B228DDB702D2041A2C3E8.e.7143/click - {}
COMMAND: GET /session/d1da2243ed5db842980eb3a0b04f68c1/screenshot - {}
RESULT: {}
RESULT: {}
COMMAND: GET /session/d1da2243ed5db842980eb3a0b04f68c1/screenshot - {}
RESULT: {}
RESULT: {}
COMMAND: POST /session/d1da2243ed5db842980eb3a0b04f68c1/element - {"using":"xpath","value":"//button[@data-kt=\"saveButton\"]"}
RESULT: {"using":"xpath","value":"//button[@data-kt=\"saveButton\"]"}
COMMAND: POST /session/d1da2243ed5db842980eb3a0b04f68c1/element/f.88445BC73AA68FCADA91DF858886134B.d.F3441DA8865B228DDB702D2041A2C3E8.e.7526/click - {}
RESULT: {}
COMMAND: GET /session/d1da2243ed5db842980eb3a0b04f68c1/screenshot - {}
RESULT: {}
COMMAND: POST /session/d1da2243ed5db842980eb3a0b04f68c1/element - {"using":"xpath","value":"//span[contains(@class, \"sapMMsgBoxText\")]"}
RESULT: {"using":"xpath","value":"//span[contains(@class, \"sapMMsgBoxText\")]"}
COMMAND: POST /session/d1da2243ed5db842980eb3a0b04f68c1/execute/sync - {"script":"<script> [56 bytes]","args":[{"element-6066-11e4-a52e-4f735466cecf":"f.88445BC73AA68FCADA91DF858886134B.d.F3441DA8865B228DDB702D2041A2C3E8.e.7548","ELEMENT":"f.88445BC73AA68FCADA91DF858886134B.d.F3441DA8865B228DDB702D2041A2C3E8.e.7548"}]}
RESULT: {"script":"<script> [56 bytes]","args":[{"element-6066-11e4-a52e-4f735466cecf":"f.88445BC73AA68FCADA91DF858886134B.d.F3441DA8865B228DDB702D2041A2C3E8.e.7548","ELEMENT":"f.88445BC73AA68FCADA91DF858886134B.d.F3441DA8865B228DDB702D2041A2C3E8.e.7548"}]}
COMMAND: POST /session/d1da2243ed5db842980eb3a0b04f68c1/element - {"using":"xpath","value":"(//bdi[contains(text(), \"Close\")])[1]"}
COMMAND: POST /session/d1da2243ed5db842980eb3a0b04f68c1/elements - {"using":"xpath","value":"//span[contains(@class, \"sapMMsgBoxText\")]"}
COMMAND: GET /session/d1da2243ed5db842980eb3a0b04f68c1/screenshot - {}
RESULT: {"using":"xpath","value":"(//bdi[contains(text(), \"Close\")])[1]"}
COMMAND: POST /session/d1da2243ed5db842980eb3a0b04f68c1/element/f.88445BC73AA68FCADA91DF858886134B.d.F3441DA8865B228DDB702D2041A2C3E8.e.7549/click - {}
RESULT: {"using":"xpath","value":"//span[contains(@class, \"sapMMsgBoxText\")]"}
RESULT: {}
RESULT: {}
COMMAND: GET /session/d1da2243ed5db842980eb3a0b04f68c1/screenshot - {}
RESULT: {}
COMMAND: POST /session/d1da2243ed5db842980eb3a0b04f68c1/element - {"using":"css selector","value":"#shell-header-logo"}
RESULT: {"using":"css selector","value":"#shell-header-logo"}
COMMAND: POST /session/d1da2243ed5db842980eb3a0b04f68c1/element/f.88445BC73AA68FCADA91DF858886134B.d.F3441DA8865B228DDB702D2041A2C3E8.e.7098/click - {}
RESULT: {}
COMMAND: GET /session/d1da2243ed5db842980eb3a0b04f68c1/screenshot - {}
RESULT: {}
]]></system-out>
    </testcase>
    <testcase classname="chrome.136_0_7103_93.windows.Partner_specific_tests_US150819_US151080_US151654_US151176_US103444_US151078_US151079_US151109_US151174_US151175_US151189" name="Should do various searches US151175" time="150.918">
      <system-out><![CDATA[
COMMAND: POST /session/d1da2243ed5db842980eb3a0b04f68c1/element - {"using":"xpath","value":"//li[.//span[text()=\"Manage Partners\"]]"}
RESULT: {"using":"xpath","value":"//li[.//span[text()=\"Manage Partners\"]]"}
COMMAND: POST /session/d1da2243ed5db842980eb3a0b04f68c1/element - {"using":"xpath","value":"//li[.//span[text()=\"Manage Partners\"]]"}
RESULT: {"using":"xpath","value":"//li[.//span[text()=\"Manage Partners\"]]"}
COMMAND: POST /session/d1da2243ed5db842980eb3a0b04f68c1/element - {"using":"css selector","value":"#shell-header-logo"}
RESULT: {"using":"css selector","value":"#shell-header-logo"}
COMMAND: POST /session/d1da2243ed5db842980eb3a0b04f68c1/element/f.88445BC73AA68FCADA91DF858886134B.d.F3441DA8865B228DDB702D2041A2C3E8.e.7551/click - {}
COMMAND: POST /session/d1da2243ed5db842980eb3a0b04f68c1/execute/sync - {"script":"<script> [8489 bytes]","args":[{"element-6066-11e4-a52e-4f735466cecf":"f.88445BC73AA68FCADA91DF858886134B.d.F3441DA8865B228DDB702D2041A2C3E8.e.7551","ELEMENT":"f.88445BC73AA68FCADA91DF858886134B.d.F3441DA8865B228DDB702D2041A2C3E8.e.7551"}]}
RESULT: {}
COMMAND: GET /session/d1da2243ed5db842980eb3a0b04f68c1/screenshot - {}
RESULT: {"script":"<script> [8489 bytes]","args":[{"element-6066-11e4-a52e-4f735466cecf":"f.88445BC73AA68FCADA91DF858886134B.d.F3441DA8865B228DDB702D2041A2C3E8.e.7551","ELEMENT":"f.88445BC73AA68FCADA91DF858886134B.d.F3441DA8865B228DDB702D2041A2C3E8.e.7551"}]}
COMMAND: POST /session/d1da2243ed5db842980eb3a0b04f68c1/execute/sync - {"script":"<script> [5351 bytes]","args":[{"element-6066-11e4-a52e-4f735466cecf":"f.88445BC73AA68FCADA91DF858886134B.d.F3441DA8865B228DDB702D2041A2C3E8.e.7551","ELEMENT":"f.88445BC73AA68FCADA91DF858886134B.d.F3441DA8865B228DDB702D2041A2C3E8.e.7551"}]}
COMMAND: GET /session/d1da2243ed5db842980eb3a0b04f68c1/screenshot - {}
RESULT: {}
RESULT: {"script":"<script> [5351 bytes]","args":[{"element-6066-11e4-a52e-4f735466cecf":"f.88445BC73AA68FCADA91DF858886134B.d.F3441DA8865B228DDB702D2041A2C3E8.e.7551","ELEMENT":"f.88445BC73AA68FCADA91DF858886134B.d.F3441DA8865B228DDB702D2041A2C3E8.e.7551"}]}
COMMAND: GET /session/d1da2243ed5db842980eb3a0b04f68c1/screenshot - {}
RESULT: {}
RESULT: {}
RESULT: undefined
COMMAND: POST /session/d1da2243ed5db842980eb3a0b04f68c1/element - {"using":"xpath","value":"//*[@id=\"__tile30\"]"}
RESULT: {"using":"xpath","value":"//*[@id=\"__tile30\"]"}
COMMAND: POST /session/d1da2243ed5db842980eb3a0b04f68c1/element/f.88445BC73AA68FCADA91DF858886134B.d.F3441DA8865B228DDB702D2041A2C3E8.e.4462/click - {}
RESULT: {}
COMMAND: GET /session/d1da2243ed5db842980eb3a0b04f68c1/screenshot - {}
RESULT: {}
COMMAND: POST /session/d1da2243ed5db842980eb3a0b04f68c1/elements - {"using":"xpath","value":"//span[text()='Error']"}
RESULT: {"using":"xpath","value":"//span[text()='Error']"}
COMMAND: POST /session/d1da2243ed5db842980eb3a0b04f68c1/element - {"using":"xpath","value":"//button[@data-kt=\"addButton\"]"}
RESULT: {"using":"xpath","value":"//button[@data-kt=\"addButton\"]"}
COMMAND: POST /session/d1da2243ed5db842980eb3a0b04f68c1/elements - {"using":"xpath","value":"//button[@data-kt=\"addButton\"]"}
RESULT: {"using":"xpath","value":"//button[@data-kt=\"addButton\"]"}
COMMAND: POST /session/d1da2243ed5db842980eb3a0b04f68c1/execute/sync - {"script":"<script> [8489 bytes]","args":[{"element-6066-11e4-a52e-4f735466cecf":"f.88445BC73AA68FCADA91DF858886134B.d.F3441DA8865B228DDB702D2041A2C3E8.e.7596","ELEMENT":"f.88445BC73AA68FCADA91DF858886134B.d.F3441DA8865B228DDB702D2041A2C3E8.e.7596"}]}
RESULT: {"script":"<script> [8489 bytes]","args":[{"element-6066-11e4-a52e-4f735466cecf":"f.88445BC73AA68FCADA91DF858886134B.d.F3441DA8865B228DDB702D2041A2C3E8.e.7596","ELEMENT":"f.88445BC73AA68FCADA91DF858886134B.d.F3441DA8865B228DDB702D2041A2C3E8.e.7596"}]}
COMMAND: GET /session/d1da2243ed5db842980eb3a0b04f68c1/element/f.88445BC73AA68FCADA91DF858886134B.d.F3441DA8865B228DDB702D2041A2C3E8.e.7596/enabled - {}
COMMAND: GET /session/d1da2243ed5db842980eb3a0b04f68c1/screenshot - {}
RESULT: {}
COMMAND: POST /session/d1da2243ed5db842980eb3a0b04f68c1/execute/sync - {"script":"<script> [8489 bytes]","args":[{"element-6066-11e4-a52e-4f735466cecf":"f.88445BC73AA68FCADA91DF858886134B.d.F3441DA8865B228DDB702D2041A2C3E8.e.7596","ELEMENT":"f.88445BC73AA68FCADA91DF858886134B.d.F3441DA8865B228DDB702D2041A2C3E8.e.7596"}]}
COMMAND: GET /session/d1da2243ed5db842980eb3a0b04f68c1/screenshot - {}
RESULT: {}
RESULT: {"script":"<script> [8489 bytes]","args":[{"element-6066-11e4-a52e-4f735466cecf":"f.88445BC73AA68FCADA91DF858886134B.d.F3441DA8865B228DDB702D2041A2C3E8.e.7596","ELEMENT":"f.88445BC73AA68FCADA91DF858886134B.d.F3441DA8865B228DDB702D2041A2C3E8.e.7596"}]}
COMMAND: POST /session/d1da2243ed5db842980eb3a0b04f68c1/execute/sync - {"script":"<script> [5351 bytes]","args":[{"element-6066-11e4-a52e-4f735466cecf":"f.88445BC73AA68FCADA91DF858886134B.d.F3441DA8865B228DDB702D2041A2C3E8.e.7596","ELEMENT":"f.88445BC73AA68FCADA91DF858886134B.d.F3441DA8865B228DDB702D2041A2C3E8.e.7596"}]}
COMMAND: GET /session/d1da2243ed5db842980eb3a0b04f68c1/screenshot - {}
RESULT: {}
RESULT: {"script":"<script> [5351 bytes]","args":[{"element-6066-11e4-a52e-4f735466cecf":"f.88445BC73AA68FCADA91DF858886134B.d.F3441DA8865B228DDB702D2041A2C3E8.e.7596","ELEMENT":"f.88445BC73AA68FCADA91DF858886134B.d.F3441DA8865B228DDB702D2041A2C3E8.e.7596"}]}
COMMAND: GET /session/d1da2243ed5db842980eb3a0b04f68c1/screenshot - {}
RESULT: {}
RESULT: {}
COMMAND: POST /session/d1da2243ed5db842980eb3a0b04f68c1/element - {"using":"xpath","value":"//span[@id=\"application-managepartners-display-component---masterPtm--smartTable-header-inner\"]"}
RESULT: {"using":"xpath","value":"//span[@id=\"application-managepartners-display-component---masterPtm--smartTable-header-inner\"]"}
COMMAND: POST /session/d1da2243ed5db842980eb3a0b04f68c1/elements - {"using":"xpath","value":"//span[@id=\"application-managepartners-display-component---masterPtm--smartTable-header-inner\"]"}
RESULT: {"using":"xpath","value":"//span[@id=\"application-managepartners-display-component---masterPtm--smartTable-header-inner\"]"}
COMMAND: POST /session/d1da2243ed5db842980eb3a0b04f68c1/execute/sync - {"script":"<script> [56 bytes]","args":[{"element-6066-11e4-a52e-4f735466cecf":"f.88445BC73AA68FCADA91DF858886134B.d.F3441DA8865B228DDB702D2041A2C3E8.e.7720","ELEMENT":"f.88445BC73AA68FCADA91DF858886134B.d.F3441DA8865B228DDB702D2041A2C3E8.e.7720"}]}
RESULT: {"script":"<script> [56 bytes]","args":[{"element-6066-11e4-a52e-4f735466cecf":"f.88445BC73AA68FCADA91DF858886134B.d.F3441DA8865B228DDB702D2041A2C3E8.e.7720","ELEMENT":"f.88445BC73AA68FCADA91DF858886134B.d.F3441DA8865B228DDB702D2041A2C3E8.e.7720"}]}
RESULT: undefined
COMMAND: POST /session/d1da2243ed5db842980eb3a0b04f68c1/element - {"using":"xpath","value":"//*[@id=\"application-managepartners-display-component---masterPtm--smartFilterBar-btnFilters\"]"}
COMMAND: GET /session/d1da2243ed5db842980eb3a0b04f68c1/screenshot - {}
RESULT: {"using":"xpath","value":"//*[@id=\"application-managepartners-display-component---masterPtm--smartFilterBar-btnFilters\"]"}
COMMAND: POST /session/d1da2243ed5db842980eb3a0b04f68c1/element/f.88445BC73AA68FCADA91DF858886134B.d.F3441DA8865B228DDB702D2041A2C3E8.e.7561/click - {}
RESULT: {}
RESULT: {}
COMMAND: GET /session/d1da2243ed5db842980eb3a0b04f68c1/screenshot - {}
RESULT: {}
COMMAND: POST /session/d1da2243ed5db842980eb3a0b04f68c1/elements - {"using":"xpath","value":"//table[contains(@id, \"listView-innerSelectionPanelTable-listUl\")]/tbody/tr"}
RESULT: {"using":"xpath","value":"//table[contains(@id, \"listView-innerSelectionPanelTable-listUl\")]/tbody/tr"}
COMMAND: POST /session/d1da2243ed5db842980eb3a0b04f68c1/element - {"using":"xpath","value":"//table[contains(@id, \"listView-innerSelectionPanelTable-listUl\")]/tbody/tr[2]/td[2]/div/div"}
RESULT: {"using":"xpath","value":"//table[contains(@id, \"listView-innerSelectionPanelTable-listUl\")]/tbody/tr[2]/td[2]/div/div"}
COMMAND: POST /session/d1da2243ed5db842980eb3a0b04f68c1/element - {"using":"xpath","value":"//table[contains(@id, \"listView-innerSelectionPanelTable-listUl\")]/tbody/tr[2]/td[2]/div"}
RESULT: {"using":"xpath","value":"//table[contains(@id, \"listView-innerSelectionPanelTable-listUl\")]/tbody/tr[2]/td[2]/div"}
COMMAND: POST /session/d1da2243ed5db842980eb3a0b04f68c1/element - {"using":"xpath","value":"//table[contains(@id, \"listView-innerSelectionPanelTable-listUl\")]/tbody/tr[2]/td[3]/div/div/span/span[1]/bdi"}
RESULT: {"using":"xpath","value":"//table[contains(@id, \"listView-innerSelectionPanelTable-listUl\")]/tbody/tr[2]/td[3]/div/div/span/span[1]/bdi"}
COMMAND: POST /session/d1da2243ed5db842980eb3a0b04f68c1/execute/sync - {"script":"<script> [56 bytes]","args":[{"element-6066-11e4-a52e-4f735466cecf":"f.88445BC73AA68FCADA91DF858886134B.d.F3441DA8865B228DDB702D2041A2C3E8.e.7788","ELEMENT":"f.88445BC73AA68FCADA91DF858886134B.d.F3441DA8865B228DDB702D2041A2C3E8.e.7788"}]}
RESULT: {"script":"<script> [56 bytes]","args":[{"element-6066-11e4-a52e-4f735466cecf":"f.88445BC73AA68FCADA91DF858886134B.d.F3441DA8865B228DDB702D2041A2C3E8.e.7788","ELEMENT":"f.88445BC73AA68FCADA91DF858886134B.d.F3441DA8865B228DDB702D2041A2C3E8.e.7788"}]}
COMMAND: GET /session/d1da2243ed5db842980eb3a0b04f68c1/element/f.88445BC73AA68FCADA91DF858886134B.d.F3441DA8865B228DDB702D2041A2C3E8.e.7787/attribute/aria-checked - {}
COMMAND: GET /session/d1da2243ed5db842980eb3a0b04f68c1/screenshot - {}
RESULT: {}
COMMAND: POST /session/d1da2243ed5db842980eb3a0b04f68c1/element - {"using":"xpath","value":"//table[contains(@id, \"listView-innerSelectionPanelTable-listUl\")]/tbody/tr[3]/td[2]/div/div"}
RESULT: {}
RESULT: {"using":"xpath","value":"//table[contains(@id, \"listView-innerSelectionPanelTable-listUl\")]/tbody/tr[3]/td[2]/div/div"}
COMMAND: POST /session/d1da2243ed5db842980eb3a0b04f68c1/element - {"using":"xpath","value":"//table[contains(@id, \"listView-innerSelectionPanelTable-listUl\")]/tbody/tr[3]/td[2]/div"}
RESULT: {"using":"xpath","value":"//table[contains(@id, \"listView-innerSelectionPanelTable-listUl\")]/tbody/tr[3]/td[2]/div"}
COMMAND: POST /session/d1da2243ed5db842980eb3a0b04f68c1/element - {"using":"xpath","value":"//table[contains(@id, \"listView-innerSelectionPanelTable-listUl\")]/tbody/tr[3]/td[3]/div/div/span/span[1]/bdi"}
RESULT: {"using":"xpath","value":"//table[contains(@id, \"listView-innerSelectionPanelTable-listUl\")]/tbody/tr[3]/td[3]/div/div/span/span[1]/bdi"}
COMMAND: POST /session/d1da2243ed5db842980eb3a0b04f68c1/execute/sync - {"script":"<script> [56 bytes]","args":[{"element-6066-11e4-a52e-4f735466cecf":"f.88445BC73AA68FCADA91DF858886134B.d.F3441DA8865B228DDB702D2041A2C3E8.e.7791","ELEMENT":"f.88445BC73AA68FCADA91DF858886134B.d.F3441DA8865B228DDB702D2041A2C3E8.e.7791"}]}
RESULT: {"script":"<script> [56 bytes]","args":[{"element-6066-11e4-a52e-4f735466cecf":"f.88445BC73AA68FCADA91DF858886134B.d.F3441DA8865B228DDB702D2041A2C3E8.e.7791","ELEMENT":"f.88445BC73AA68FCADA91DF858886134B.d.F3441DA8865B228DDB702D2041A2C3E8.e.7791"}]}
COMMAND: GET /session/d1da2243ed5db842980eb3a0b04f68c1/element/f.88445BC73AA68FCADA91DF858886134B.d.F3441DA8865B228DDB702D2041A2C3E8.e.7790/attribute/aria-checked - {}
COMMAND: GET /session/d1da2243ed5db842980eb3a0b04f68c1/screenshot - {}
RESULT: {}
COMMAND: POST /session/d1da2243ed5db842980eb3a0b04f68c1/element - {"using":"xpath","value":"//table[contains(@id, \"listView-innerSelectionPanelTable-listUl\")]/tbody/tr[4]/td[2]/div/div"}
RESULT: {}
RESULT: {"using":"xpath","value":"//table[contains(@id, \"listView-innerSelectionPanelTable-listUl\")]/tbody/tr[4]/td[2]/div/div"}
COMMAND: POST /session/d1da2243ed5db842980eb3a0b04f68c1/element - {"using":"xpath","value":"//table[contains(@id, \"listView-innerSelectionPanelTable-listUl\")]/tbody/tr[4]/td[2]/div"}
RESULT: {"using":"xpath","value":"//table[contains(@id, \"listView-innerSelectionPanelTable-listUl\")]/tbody/tr[4]/td[2]/div"}
COMMAND: POST /session/d1da2243ed5db842980eb3a0b04f68c1/element - {"using":"xpath","value":"//table[contains(@id, \"listView-innerSelectionPanelTable-listUl\")]/tbody/tr[4]/td[3]/div/div/span/span[1]/bdi"}
RESULT: {"using":"xpath","value":"//table[contains(@id, \"listView-innerSelectionPanelTable-listUl\")]/tbody/tr[4]/td[3]/div/div/span/span[1]/bdi"}
COMMAND: POST /session/d1da2243ed5db842980eb3a0b04f68c1/execute/sync - {"script":"<script> [56 bytes]","args":[{"element-6066-11e4-a52e-4f735466cecf":"f.88445BC73AA68FCADA91DF858886134B.d.F3441DA8865B228DDB702D2041A2C3E8.e.7794","ELEMENT":"f.88445BC73AA68FCADA91DF858886134B.d.F3441DA8865B228DDB702D2041A2C3E8.e.7794"}]}
RESULT: {"script":"<script> [56 bytes]","args":[{"element-6066-11e4-a52e-4f735466cecf":"f.88445BC73AA68FCADA91DF858886134B.d.F3441DA8865B228DDB702D2041A2C3E8.e.7794","ELEMENT":"f.88445BC73AA68FCADA91DF858886134B.d.F3441DA8865B228DDB702D2041A2C3E8.e.7794"}]}
COMMAND: GET /session/d1da2243ed5db842980eb3a0b04f68c1/element/f.88445BC73AA68FCADA91DF858886134B.d.F3441DA8865B228DDB702D2041A2C3E8.e.7793/attribute/aria-checked - {}
COMMAND: GET /session/d1da2243ed5db842980eb3a0b04f68c1/screenshot - {}
RESULT: {}
COMMAND: POST /session/d1da2243ed5db842980eb3a0b04f68c1/element - {"using":"xpath","value":"//table[contains(@id, \"listView-innerSelectionPanelTable-listUl\")]/tbody/tr[5]/td[2]/div/div"}
RESULT: {}
RESULT: {"using":"xpath","value":"//table[contains(@id, \"listView-innerSelectionPanelTable-listUl\")]/tbody/tr[5]/td[2]/div/div"}
COMMAND: POST /session/d1da2243ed5db842980eb3a0b04f68c1/element - {"using":"xpath","value":"//table[contains(@id, \"listView-innerSelectionPanelTable-listUl\")]/tbody/tr[5]/td[2]/div"}
RESULT: {"using":"xpath","value":"//table[contains(@id, \"listView-innerSelectionPanelTable-listUl\")]/tbody/tr[5]/td[2]/div"}
COMMAND: POST /session/d1da2243ed5db842980eb3a0b04f68c1/element - {"using":"xpath","value":"//table[contains(@id, \"listView-innerSelectionPanelTable-listUl\")]/tbody/tr[5]/td[3]/div/div/span/span[1]/bdi"}
RESULT: {"using":"xpath","value":"//table[contains(@id, \"listView-innerSelectionPanelTable-listUl\")]/tbody/tr[5]/td[3]/div/div/span/span[1]/bdi"}
COMMAND: POST /session/d1da2243ed5db842980eb3a0b04f68c1/execute/sync - {"script":"<script> [56 bytes]","args":[{"element-6066-11e4-a52e-4f735466cecf":"f.88445BC73AA68FCADA91DF858886134B.d.F3441DA8865B228DDB702D2041A2C3E8.e.7797","ELEMENT":"f.88445BC73AA68FCADA91DF858886134B.d.F3441DA8865B228DDB702D2041A2C3E8.e.7797"}]}
RESULT: {"script":"<script> [56 bytes]","args":[{"element-6066-11e4-a52e-4f735466cecf":"f.88445BC73AA68FCADA91DF858886134B.d.F3441DA8865B228DDB702D2041A2C3E8.e.7797","ELEMENT":"f.88445BC73AA68FCADA91DF858886134B.d.F3441DA8865B228DDB702D2041A2C3E8.e.7797"}]}
COMMAND: GET /session/d1da2243ed5db842980eb3a0b04f68c1/element/f.88445BC73AA68FCADA91DF858886134B.d.F3441DA8865B228DDB702D2041A2C3E8.e.7796/attribute/aria-checked - {}
COMMAND: GET /session/d1da2243ed5db842980eb3a0b04f68c1/screenshot - {}
RESULT: {}
COMMAND: POST /session/d1da2243ed5db842980eb3a0b04f68c1/element - {"using":"xpath","value":"//table[contains(@id, \"listView-innerSelectionPanelTable-listUl\")]/tbody/tr[6]/td[2]/div/div"}
RESULT: {}
RESULT: {"using":"xpath","value":"//table[contains(@id, \"listView-innerSelectionPanelTable-listUl\")]/tbody/tr[6]/td[2]/div/div"}
COMMAND: POST /session/d1da2243ed5db842980eb3a0b04f68c1/element - {"using":"xpath","value":"//table[contains(@id, \"listView-innerSelectionPanelTable-listUl\")]/tbody/tr[6]/td[2]/div"}
RESULT: {"using":"xpath","value":"//table[contains(@id, \"listView-innerSelectionPanelTable-listUl\")]/tbody/tr[6]/td[2]/div"}
COMMAND: POST /session/d1da2243ed5db842980eb3a0b04f68c1/element - {"using":"xpath","value":"//table[contains(@id, \"listView-innerSelectionPanelTable-listUl\")]/tbody/tr[6]/td[3]/div/div/span/span[1]/bdi"}
RESULT: {"using":"xpath","value":"//table[contains(@id, \"listView-innerSelectionPanelTable-listUl\")]/tbody/tr[6]/td[3]/div/div/span/span[1]/bdi"}
COMMAND: POST /session/d1da2243ed5db842980eb3a0b04f68c1/execute/sync - {"script":"<script> [56 bytes]","args":[{"element-6066-11e4-a52e-4f735466cecf":"f.88445BC73AA68FCADA91DF858886134B.d.F3441DA8865B228DDB702D2041A2C3E8.e.7800","ELEMENT":"f.88445BC73AA68FCADA91DF858886134B.d.F3441DA8865B228DDB702D2041A2C3E8.e.7800"}]}
RESULT: {"script":"<script> [56 bytes]","args":[{"element-6066-11e4-a52e-4f735466cecf":"f.88445BC73AA68FCADA91DF858886134B.d.F3441DA8865B228DDB702D2041A2C3E8.e.7800","ELEMENT":"f.88445BC73AA68FCADA91DF858886134B.d.F3441DA8865B228DDB702D2041A2C3E8.e.7800"}]}
COMMAND: GET /session/d1da2243ed5db842980eb3a0b04f68c1/element/f.88445BC73AA68FCADA91DF858886134B.d.F3441DA8865B228DDB702D2041A2C3E8.e.7799/attribute/aria-checked - {}
COMMAND: GET /session/d1da2243ed5db842980eb3a0b04f68c1/screenshot - {}
RESULT: {}
COMMAND: POST /session/d1da2243ed5db842980eb3a0b04f68c1/element - {"using":"xpath","value":"//table[contains(@id, \"listView-innerSelectionPanelTable-listUl\")]/tbody/tr[7]/td[2]/div/div"}
RESULT: {}
RESULT: {"using":"xpath","value":"//table[contains(@id, \"listView-innerSelectionPanelTable-listUl\")]/tbody/tr[7]/td[2]/div/div"}
COMMAND: POST /session/d1da2243ed5db842980eb3a0b04f68c1/element - {"using":"xpath","value":"//table[contains(@id, \"listView-innerSelectionPanelTable-listUl\")]/tbody/tr[7]/td[2]/div"}
RESULT: {"using":"xpath","value":"//table[contains(@id, \"listView-innerSelectionPanelTable-listUl\")]/tbody/tr[7]/td[2]/div"}
COMMAND: POST /session/d1da2243ed5db842980eb3a0b04f68c1/element - {"using":"xpath","value":"//table[contains(@id, \"listView-innerSelectionPanelTable-listUl\")]/tbody/tr[7]/td[3]/div/div/span/span[1]/bdi"}
RESULT: {"using":"xpath","value":"//table[contains(@id, \"listView-innerSelectionPanelTable-listUl\")]/tbody/tr[7]/td[3]/div/div/span/span[1]/bdi"}
COMMAND: POST /session/d1da2243ed5db842980eb3a0b04f68c1/execute/sync - {"script":"<script> [56 bytes]","args":[{"element-6066-11e4-a52e-4f735466cecf":"f.88445BC73AA68FCADA91DF858886134B.d.F3441DA8865B228DDB702D2041A2C3E8.e.7803","ELEMENT":"f.88445BC73AA68FCADA91DF858886134B.d.F3441DA8865B228DDB702D2041A2C3E8.e.7803"}]}
RESULT: {"script":"<script> [56 bytes]","args":[{"element-6066-11e4-a52e-4f735466cecf":"f.88445BC73AA68FCADA91DF858886134B.d.F3441DA8865B228DDB702D2041A2C3E8.e.7803","ELEMENT":"f.88445BC73AA68FCADA91DF858886134B.d.F3441DA8865B228DDB702D2041A2C3E8.e.7803"}]}
COMMAND: GET /session/d1da2243ed5db842980eb3a0b04f68c1/element/f.88445BC73AA68FCADA91DF858886134B.d.F3441DA8865B228DDB702D2041A2C3E8.e.7802/attribute/aria-checked - {}
COMMAND: GET /session/d1da2243ed5db842980eb3a0b04f68c1/screenshot - {}
RESULT: {}
COMMAND: POST /session/d1da2243ed5db842980eb3a0b04f68c1/element - {"using":"xpath","value":"//table[contains(@id, \"listView-innerSelectionPanelTable-listUl\")]/tbody/tr[8]/td[2]/div/div"}
RESULT: {}
RESULT: {"using":"xpath","value":"//table[contains(@id, \"listView-innerSelectionPanelTable-listUl\")]/tbody/tr[8]/td[2]/div/div"}
COMMAND: POST /session/d1da2243ed5db842980eb3a0b04f68c1/element - {"using":"xpath","value":"//table[contains(@id, \"listView-innerSelectionPanelTable-listUl\")]/tbody/tr[8]/td[2]/div"}
RESULT: {"using":"xpath","value":"//table[contains(@id, \"listView-innerSelectionPanelTable-listUl\")]/tbody/tr[8]/td[2]/div"}
COMMAND: POST /session/d1da2243ed5db842980eb3a0b04f68c1/element - {"using":"xpath","value":"//table[contains(@id, \"listView-innerSelectionPanelTable-listUl\")]/tbody/tr[8]/td[3]/div/div/span/span[1]/bdi"}
RESULT: {"using":"xpath","value":"//table[contains(@id, \"listView-innerSelectionPanelTable-listUl\")]/tbody/tr[8]/td[3]/div/div/span/span[1]/bdi"}
COMMAND: POST /session/d1da2243ed5db842980eb3a0b04f68c1/execute/sync - {"script":"<script> [56 bytes]","args":[{"element-6066-11e4-a52e-4f735466cecf":"f.88445BC73AA68FCADA91DF858886134B.d.F3441DA8865B228DDB702D2041A2C3E8.e.7806","ELEMENT":"f.88445BC73AA68FCADA91DF858886134B.d.F3441DA8865B228DDB702D2041A2C3E8.e.7806"}]}
RESULT: {"script":"<script> [56 bytes]","args":[{"element-6066-11e4-a52e-4f735466cecf":"f.88445BC73AA68FCADA91DF858886134B.d.F3441DA8865B228DDB702D2041A2C3E8.e.7806","ELEMENT":"f.88445BC73AA68FCADA91DF858886134B.d.F3441DA8865B228DDB702D2041A2C3E8.e.7806"}]}
COMMAND: GET /session/d1da2243ed5db842980eb3a0b04f68c1/element/f.88445BC73AA68FCADA91DF858886134B.d.F3441DA8865B228DDB702D2041A2C3E8.e.7805/attribute/aria-checked - {}
COMMAND: GET /session/d1da2243ed5db842980eb3a0b04f68c1/screenshot - {}
RESULT: {}
COMMAND: POST /session/d1da2243ed5db842980eb3a0b04f68c1/element - {"using":"xpath","value":"//table[contains(@id, \"listView-innerSelectionPanelTable-listUl\")]/tbody/tr[9]/td[2]/div/div"}
RESULT: {}
RESULT: {"using":"xpath","value":"//table[contains(@id, \"listView-innerSelectionPanelTable-listUl\")]/tbody/tr[9]/td[2]/div/div"}
COMMAND: POST /session/d1da2243ed5db842980eb3a0b04f68c1/element - {"using":"xpath","value":"//table[contains(@id, \"listView-innerSelectionPanelTable-listUl\")]/tbody/tr[9]/td[2]/div"}
RESULT: {"using":"xpath","value":"//table[contains(@id, \"listView-innerSelectionPanelTable-listUl\")]/tbody/tr[9]/td[2]/div"}
COMMAND: POST /session/d1da2243ed5db842980eb3a0b04f68c1/element - {"using":"xpath","value":"//table[contains(@id, \"listView-innerSelectionPanelTable-listUl\")]/tbody/tr[9]/td[3]/div/div/span/span[1]/bdi"}
RESULT: {"using":"xpath","value":"//table[contains(@id, \"listView-innerSelectionPanelTable-listUl\")]/tbody/tr[9]/td[3]/div/div/span/span[1]/bdi"}
COMMAND: POST /session/d1da2243ed5db842980eb3a0b04f68c1/execute/sync - {"script":"<script> [56 bytes]","args":[{"element-6066-11e4-a52e-4f735466cecf":"f.88445BC73AA68FCADA91DF858886134B.d.F3441DA8865B228DDB702D2041A2C3E8.e.7809","ELEMENT":"f.88445BC73AA68FCADA91DF858886134B.d.F3441DA8865B228DDB702D2041A2C3E8.e.7809"}]}
RESULT: {"script":"<script> [56 bytes]","args":[{"element-6066-11e4-a52e-4f735466cecf":"f.88445BC73AA68FCADA91DF858886134B.d.F3441DA8865B228DDB702D2041A2C3E8.e.7809","ELEMENT":"f.88445BC73AA68FCADA91DF858886134B.d.F3441DA8865B228DDB702D2041A2C3E8.e.7809"}]}
COMMAND: GET /session/d1da2243ed5db842980eb3a0b04f68c1/element/f.88445BC73AA68FCADA91DF858886134B.d.F3441DA8865B228DDB702D2041A2C3E8.e.7808/attribute/aria-checked - {}
COMMAND: GET /session/d1da2243ed5db842980eb3a0b04f68c1/screenshot - {}
RESULT: {}
COMMAND: POST /session/d1da2243ed5db842980eb3a0b04f68c1/element - {"using":"xpath","value":"//table[contains(@id, \"listView-innerSelectionPanelTable-listUl\")]/tbody/tr[10]/td[2]/div/div"}
RESULT: {}
RESULT: {"using":"xpath","value":"//table[contains(@id, \"listView-innerSelectionPanelTable-listUl\")]/tbody/tr[10]/td[2]/div/div"}
COMMAND: POST /session/d1da2243ed5db842980eb3a0b04f68c1/element - {"using":"xpath","value":"//table[contains(@id, \"listView-innerSelectionPanelTable-listUl\")]/tbody/tr[10]/td[2]/div"}
RESULT: {"using":"xpath","value":"//table[contains(@id, \"listView-innerSelectionPanelTable-listUl\")]/tbody/tr[10]/td[2]/div"}
COMMAND: POST /session/d1da2243ed5db842980eb3a0b04f68c1/element - {"using":"xpath","value":"//table[contains(@id, \"listView-innerSelectionPanelTable-listUl\")]/tbody/tr[10]/td[3]/div/div/span/span[1]/bdi"}
RESULT: {"using":"xpath","value":"//table[contains(@id, \"listView-innerSelectionPanelTable-listUl\")]/tbody/tr[10]/td[3]/div/div/span/span[1]/bdi"}
COMMAND: POST /session/d1da2243ed5db842980eb3a0b04f68c1/execute/sync - {"script":"<script> [56 bytes]","args":[{"element-6066-11e4-a52e-4f735466cecf":"f.88445BC73AA68FCADA91DF858886134B.d.F3441DA8865B228DDB702D2041A2C3E8.e.7812","ELEMENT":"f.88445BC73AA68FCADA91DF858886134B.d.F3441DA8865B228DDB702D2041A2C3E8.e.7812"}]}
RESULT: {"script":"<script> [56 bytes]","args":[{"element-6066-11e4-a52e-4f735466cecf":"f.88445BC73AA68FCADA91DF858886134B.d.F3441DA8865B228DDB702D2041A2C3E8.e.7812","ELEMENT":"f.88445BC73AA68FCADA91DF858886134B.d.F3441DA8865B228DDB702D2041A2C3E8.e.7812"}]}
COMMAND: GET /session/d1da2243ed5db842980eb3a0b04f68c1/element/f.88445BC73AA68FCADA91DF858886134B.d.F3441DA8865B228DDB702D2041A2C3E8.e.7811/attribute/aria-checked - {}
COMMAND: GET /session/d1da2243ed5db842980eb3a0b04f68c1/screenshot - {}
RESULT: {}
COMMAND: POST /session/d1da2243ed5db842980eb3a0b04f68c1/element - {"using":"xpath","value":"//table[contains(@id, \"listView-innerSelectionPanelTable-listUl\")]/tbody/tr[11]/td[2]/div/div"}
RESULT: {}
RESULT: {"using":"xpath","value":"//table[contains(@id, \"listView-innerSelectionPanelTable-listUl\")]/tbody/tr[11]/td[2]/div/div"}
COMMAND: POST /session/d1da2243ed5db842980eb3a0b04f68c1/element - {"using":"xpath","value":"//table[contains(@id, \"listView-innerSelectionPanelTable-listUl\")]/tbody/tr[11]/td[2]/div"}
RESULT: {"using":"xpath","value":"//table[contains(@id, \"listView-innerSelectionPanelTable-listUl\")]/tbody/tr[11]/td[2]/div"}
COMMAND: POST /session/d1da2243ed5db842980eb3a0b04f68c1/element - {"using":"xpath","value":"//table[contains(@id, \"listView-innerSelectionPanelTable-listUl\")]/tbody/tr[11]/td[3]/div/div/span/span[1]/bdi"}
RESULT: {"using":"xpath","value":"//table[contains(@id, \"listView-innerSelectionPanelTable-listUl\")]/tbody/tr[11]/td[3]/div/div/span/span[1]/bdi"}
COMMAND: POST /session/d1da2243ed5db842980eb3a0b04f68c1/execute/sync - {"script":"<script> [56 bytes]","args":[{"element-6066-11e4-a52e-4f735466cecf":"f.88445BC73AA68FCADA91DF858886134B.d.F3441DA8865B228DDB702D2041A2C3E8.e.7815","ELEMENT":"f.88445BC73AA68FCADA91DF858886134B.d.F3441DA8865B228DDB702D2041A2C3E8.e.7815"}]}
RESULT: {"script":"<script> [56 bytes]","args":[{"element-6066-11e4-a52e-4f735466cecf":"f.88445BC73AA68FCADA91DF858886134B.d.F3441DA8865B228DDB702D2041A2C3E8.e.7815","ELEMENT":"f.88445BC73AA68FCADA91DF858886134B.d.F3441DA8865B228DDB702D2041A2C3E8.e.7815"}]}
COMMAND: GET /session/d1da2243ed5db842980eb3a0b04f68c1/element/f.88445BC73AA68FCADA91DF858886134B.d.F3441DA8865B228DDB702D2041A2C3E8.e.7814/attribute/aria-checked - {}
COMMAND: GET /session/d1da2243ed5db842980eb3a0b04f68c1/screenshot - {}
RESULT: {}
COMMAND: POST /session/d1da2243ed5db842980eb3a0b04f68c1/element - {"using":"xpath","value":"//table[contains(@id, \"listView-innerSelectionPanelTable-listUl\")]/tbody/tr[12]/td[2]/div/div"}
RESULT: {}
RESULT: {"using":"xpath","value":"//table[contains(@id, \"listView-innerSelectionPanelTable-listUl\")]/tbody/tr[12]/td[2]/div/div"}
COMMAND: POST /session/d1da2243ed5db842980eb3a0b04f68c1/element - {"using":"xpath","value":"//table[contains(@id, \"listView-innerSelectionPanelTable-listUl\")]/tbody/tr[12]/td[2]/div"}
RESULT: {"using":"xpath","value":"//table[contains(@id, \"listView-innerSelectionPanelTable-listUl\")]/tbody/tr[12]/td[2]/div"}
COMMAND: POST /session/d1da2243ed5db842980eb3a0b04f68c1/element - {"using":"xpath","value":"//table[contains(@id, \"listView-innerSelectionPanelTable-listUl\")]/tbody/tr[12]/td[3]/div/div/span/span[1]/bdi"}
RESULT: {"using":"xpath","value":"//table[contains(@id, \"listView-innerSelectionPanelTable-listUl\")]/tbody/tr[12]/td[3]/div/div/span/span[1]/bdi"}
COMMAND: POST /session/d1da2243ed5db842980eb3a0b04f68c1/execute/sync - {"script":"<script> [56 bytes]","args":[{"element-6066-11e4-a52e-4f735466cecf":"f.88445BC73AA68FCADA91DF858886134B.d.F3441DA8865B228DDB702D2041A2C3E8.e.7818","ELEMENT":"f.88445BC73AA68FCADA91DF858886134B.d.F3441DA8865B228DDB702D2041A2C3E8.e.7818"}]}
RESULT: {"script":"<script> [56 bytes]","args":[{"element-6066-11e4-a52e-4f735466cecf":"f.88445BC73AA68FCADA91DF858886134B.d.F3441DA8865B228DDB702D2041A2C3E8.e.7818","ELEMENT":"f.88445BC73AA68FCADA91DF858886134B.d.F3441DA8865B228DDB702D2041A2C3E8.e.7818"}]}
COMMAND: GET /session/d1da2243ed5db842980eb3a0b04f68c1/element/f.88445BC73AA68FCADA91DF858886134B.d.F3441DA8865B228DDB702D2041A2C3E8.e.7817/attribute/aria-checked - {}
COMMAND: GET /session/d1da2243ed5db842980eb3a0b04f68c1/screenshot - {}
RESULT: {}
COMMAND: POST /session/d1da2243ed5db842980eb3a0b04f68c1/element - {"using":"xpath","value":"//table[contains(@id, \"listView-innerSelectionPanelTable-listUl\")]/tbody/tr[13]/td[2]/div/div"}
RESULT: {}
RESULT: {"using":"xpath","value":"//table[contains(@id, \"listView-innerSelectionPanelTable-listUl\")]/tbody/tr[13]/td[2]/div/div"}
COMMAND: POST /session/d1da2243ed5db842980eb3a0b04f68c1/element - {"using":"xpath","value":"//table[contains(@id, \"listView-innerSelectionPanelTable-listUl\")]/tbody/tr[13]/td[2]/div"}
RESULT: {"using":"xpath","value":"//table[contains(@id, \"listView-innerSelectionPanelTable-listUl\")]/tbody/tr[13]/td[2]/div"}
COMMAND: POST /session/d1da2243ed5db842980eb3a0b04f68c1/element - {"using":"xpath","value":"//table[contains(@id, \"listView-innerSelectionPanelTable-listUl\")]/tbody/tr[13]/td[3]/div/div/span/span[1]/bdi"}
RESULT: {"using":"xpath","value":"//table[contains(@id, \"listView-innerSelectionPanelTable-listUl\")]/tbody/tr[13]/td[3]/div/div/span/span[1]/bdi"}
COMMAND: POST /session/d1da2243ed5db842980eb3a0b04f68c1/execute/sync - {"script":"<script> [56 bytes]","args":[{"element-6066-11e4-a52e-4f735466cecf":"f.88445BC73AA68FCADA91DF858886134B.d.F3441DA8865B228DDB702D2041A2C3E8.e.7821","ELEMENT":"f.88445BC73AA68FCADA91DF858886134B.d.F3441DA8865B228DDB702D2041A2C3E8.e.7821"}]}
RESULT: {"script":"<script> [56 bytes]","args":[{"element-6066-11e4-a52e-4f735466cecf":"f.88445BC73AA68FCADA91DF858886134B.d.F3441DA8865B228DDB702D2041A2C3E8.e.7821","ELEMENT":"f.88445BC73AA68FCADA91DF858886134B.d.F3441DA8865B228DDB702D2041A2C3E8.e.7821"}]}
COMMAND: GET /session/d1da2243ed5db842980eb3a0b04f68c1/element/f.88445BC73AA68FCADA91DF858886134B.d.F3441DA8865B228DDB702D2041A2C3E8.e.7820/attribute/aria-checked - {}
COMMAND: GET /session/d1da2243ed5db842980eb3a0b04f68c1/screenshot - {}
RESULT: {}
COMMAND: POST /session/d1da2243ed5db842980eb3a0b04f68c1/element - {"using":"xpath","value":"//table[contains(@id, \"listView-innerSelectionPanelTable-listUl\")]/tbody/tr[14]/td[2]/div/div"}
RESULT: {}
RESULT: {"using":"xpath","value":"//table[contains(@id, \"listView-innerSelectionPanelTable-listUl\")]/tbody/tr[14]/td[2]/div/div"}
COMMAND: POST /session/d1da2243ed5db842980eb3a0b04f68c1/element - {"using":"xpath","value":"//table[contains(@id, \"listView-innerSelectionPanelTable-listUl\")]/tbody/tr[14]/td[2]/div"}
RESULT: {"using":"xpath","value":"//table[contains(@id, \"listView-innerSelectionPanelTable-listUl\")]/tbody/tr[14]/td[2]/div"}
COMMAND: POST /session/d1da2243ed5db842980eb3a0b04f68c1/element - {"using":"xpath","value":"//table[contains(@id, \"listView-innerSelectionPanelTable-listUl\")]/tbody/tr[14]/td[3]/div/div/span/span[1]/bdi"}
RESULT: {"using":"xpath","value":"//table[contains(@id, \"listView-innerSelectionPanelTable-listUl\")]/tbody/tr[14]/td[3]/div/div/span/span[1]/bdi"}
COMMAND: POST /session/d1da2243ed5db842980eb3a0b04f68c1/execute/sync - {"script":"<script> [56 bytes]","args":[{"element-6066-11e4-a52e-4f735466cecf":"f.88445BC73AA68FCADA91DF858886134B.d.F3441DA8865B228DDB702D2041A2C3E8.e.7824","ELEMENT":"f.88445BC73AA68FCADA91DF858886134B.d.F3441DA8865B228DDB702D2041A2C3E8.e.7824"}]}
RESULT: {"script":"<script> [56 bytes]","args":[{"element-6066-11e4-a52e-4f735466cecf":"f.88445BC73AA68FCADA91DF858886134B.d.F3441DA8865B228DDB702D2041A2C3E8.e.7824","ELEMENT":"f.88445BC73AA68FCADA91DF858886134B.d.F3441DA8865B228DDB702D2041A2C3E8.e.7824"}]}
COMMAND: GET /session/d1da2243ed5db842980eb3a0b04f68c1/element/f.88445BC73AA68FCADA91DF858886134B.d.F3441DA8865B228DDB702D2041A2C3E8.e.7823/attribute/aria-checked - {}
COMMAND: GET /session/d1da2243ed5db842980eb3a0b04f68c1/screenshot - {}
RESULT: {}
COMMAND: POST /session/d1da2243ed5db842980eb3a0b04f68c1/element - {"using":"xpath","value":"//table[contains(@id, \"listView-innerSelectionPanelTable-listUl\")]/tbody/tr[15]/td[2]/div/div"}
RESULT: {}
RESULT: {"using":"xpath","value":"//table[contains(@id, \"listView-innerSelectionPanelTable-listUl\")]/tbody/tr[15]/td[2]/div/div"}
COMMAND: POST /session/d1da2243ed5db842980eb3a0b04f68c1/element - {"using":"xpath","value":"//table[contains(@id, \"listView-innerSelectionPanelTable-listUl\")]/tbody/tr[15]/td[2]/div"}
RESULT: {"using":"xpath","value":"//table[contains(@id, \"listView-innerSelectionPanelTable-listUl\")]/tbody/tr[15]/td[2]/div"}
COMMAND: POST /session/d1da2243ed5db842980eb3a0b04f68c1/element - {"using":"xpath","value":"//table[contains(@id, \"listView-innerSelectionPanelTable-listUl\")]/tbody/tr[15]/td[3]/div/div/span/span[1]/bdi"}
RESULT: {"using":"xpath","value":"//table[contains(@id, \"listView-innerSelectionPanelTable-listUl\")]/tbody/tr[15]/td[3]/div/div/span/span[1]/bdi"}
COMMAND: POST /session/d1da2243ed5db842980eb3a0b04f68c1/execute/sync - {"script":"<script> [56 bytes]","args":[{"element-6066-11e4-a52e-4f735466cecf":"f.88445BC73AA68FCADA91DF858886134B.d.F3441DA8865B228DDB702D2041A2C3E8.e.7827","ELEMENT":"f.88445BC73AA68FCADA91DF858886134B.d.F3441DA8865B228DDB702D2041A2C3E8.e.7827"}]}
RESULT: {"script":"<script> [56 bytes]","args":[{"element-6066-11e4-a52e-4f735466cecf":"f.88445BC73AA68FCADA91DF858886134B.d.F3441DA8865B228DDB702D2041A2C3E8.e.7827","ELEMENT":"f.88445BC73AA68FCADA91DF858886134B.d.F3441DA8865B228DDB702D2041A2C3E8.e.7827"}]}
COMMAND: GET /session/d1da2243ed5db842980eb3a0b04f68c1/element/f.88445BC73AA68FCADA91DF858886134B.d.F3441DA8865B228DDB702D2041A2C3E8.e.7826/attribute/aria-checked - {}
COMMAND: GET /session/d1da2243ed5db842980eb3a0b04f68c1/screenshot - {}
RESULT: {}
COMMAND: POST /session/d1da2243ed5db842980eb3a0b04f68c1/element - {"using":"xpath","value":"//table[contains(@id, \"listView-innerSelectionPanelTable-listUl\")]/tbody/tr[16]/td[2]/div/div"}
RESULT: {}
RESULT: {"using":"xpath","value":"//table[contains(@id, \"listView-innerSelectionPanelTable-listUl\")]/tbody/tr[16]/td[2]/div/div"}
COMMAND: POST /session/d1da2243ed5db842980eb3a0b04f68c1/element - {"using":"xpath","value":"//table[contains(@id, \"listView-innerSelectionPanelTable-listUl\")]/tbody/tr[16]/td[2]/div"}
RESULT: {"using":"xpath","value":"//table[contains(@id, \"listView-innerSelectionPanelTable-listUl\")]/tbody/tr[16]/td[2]/div"}
COMMAND: POST /session/d1da2243ed5db842980eb3a0b04f68c1/element - {"using":"xpath","value":"//table[contains(@id, \"listView-innerSelectionPanelTable-listUl\")]/tbody/tr[16]/td[3]/div/div/span/span[1]/bdi"}
RESULT: {"using":"xpath","value":"//table[contains(@id, \"listView-innerSelectionPanelTable-listUl\")]/tbody/tr[16]/td[3]/div/div/span/span[1]/bdi"}
COMMAND: POST /session/d1da2243ed5db842980eb3a0b04f68c1/execute/sync - {"script":"<script> [56 bytes]","args":[{"element-6066-11e4-a52e-4f735466cecf":"f.88445BC73AA68FCADA91DF858886134B.d.F3441DA8865B228DDB702D2041A2C3E8.e.7830","ELEMENT":"f.88445BC73AA68FCADA91DF858886134B.d.F3441DA8865B228DDB702D2041A2C3E8.e.7830"}]}
RESULT: {"script":"<script> [56 bytes]","args":[{"element-6066-11e4-a52e-4f735466cecf":"f.88445BC73AA68FCADA91DF858886134B.d.F3441DA8865B228DDB702D2041A2C3E8.e.7830","ELEMENT":"f.88445BC73AA68FCADA91DF858886134B.d.F3441DA8865B228DDB702D2041A2C3E8.e.7830"}]}
COMMAND: GET /session/d1da2243ed5db842980eb3a0b04f68c1/element/f.88445BC73AA68FCADA91DF858886134B.d.F3441DA8865B228DDB702D2041A2C3E8.e.7829/attribute/aria-checked - {}
COMMAND: GET /session/d1da2243ed5db842980eb3a0b04f68c1/screenshot - {}
RESULT: {}
COMMAND: POST /session/d1da2243ed5db842980eb3a0b04f68c1/element - {"using":"xpath","value":"//table[contains(@id, \"listView-innerSelectionPanelTable-listUl\")]/tbody/tr[17]/td[2]/div/div"}
RESULT: {}
RESULT: {"using":"xpath","value":"//table[contains(@id, \"listView-innerSelectionPanelTable-listUl\")]/tbody/tr[17]/td[2]/div/div"}
COMMAND: POST /session/d1da2243ed5db842980eb3a0b04f68c1/element - {"using":"xpath","value":"//table[contains(@id, \"listView-innerSelectionPanelTable-listUl\")]/tbody/tr[17]/td[2]/div"}
RESULT: {"using":"xpath","value":"//table[contains(@id, \"listView-innerSelectionPanelTable-listUl\")]/tbody/tr[17]/td[2]/div"}
COMMAND: POST /session/d1da2243ed5db842980eb3a0b04f68c1/element - {"using":"xpath","value":"//table[contains(@id, \"listView-innerSelectionPanelTable-listUl\")]/tbody/tr[17]/td[3]/div/div/span/span[1]/bdi"}
RESULT: {"using":"xpath","value":"//table[contains(@id, \"listView-innerSelectionPanelTable-listUl\")]/tbody/tr[17]/td[3]/div/div/span/span[1]/bdi"}
COMMAND: POST /session/d1da2243ed5db842980eb3a0b04f68c1/execute/sync - {"script":"<script> [56 bytes]","args":[{"element-6066-11e4-a52e-4f735466cecf":"f.88445BC73AA68FCADA91DF858886134B.d.F3441DA8865B228DDB702D2041A2C3E8.e.7833","ELEMENT":"f.88445BC73AA68FCADA91DF858886134B.d.F3441DA8865B228DDB702D2041A2C3E8.e.7833"}]}
RESULT: {"script":"<script> [56 bytes]","args":[{"element-6066-11e4-a52e-4f735466cecf":"f.88445BC73AA68FCADA91DF858886134B.d.F3441DA8865B228DDB702D2041A2C3E8.e.7833","ELEMENT":"f.88445BC73AA68FCADA91DF858886134B.d.F3441DA8865B228DDB702D2041A2C3E8.e.7833"}]}
COMMAND: GET /session/d1da2243ed5db842980eb3a0b04f68c1/element/f.88445BC73AA68FCADA91DF858886134B.d.F3441DA8865B228DDB702D2041A2C3E8.e.7832/attribute/aria-checked - {}
COMMAND: GET /session/d1da2243ed5db842980eb3a0b04f68c1/screenshot - {}
RESULT: {}
COMMAND: POST /session/d1da2243ed5db842980eb3a0b04f68c1/element - {"using":"xpath","value":"//table[contains(@id, \"listView-innerSelectionPanelTable-listUl\")]/tbody/tr[18]/td[2]/div/div"}
RESULT: {}
RESULT: {"using":"xpath","value":"//table[contains(@id, \"listView-innerSelectionPanelTable-listUl\")]/tbody/tr[18]/td[2]/div/div"}
COMMAND: POST /session/d1da2243ed5db842980eb3a0b04f68c1/element - {"using":"xpath","value":"//table[contains(@id, \"listView-innerSelectionPanelTable-listUl\")]/tbody/tr[18]/td[2]/div"}
RESULT: {"using":"xpath","value":"//table[contains(@id, \"listView-innerSelectionPanelTable-listUl\")]/tbody/tr[18]/td[2]/div"}
COMMAND: POST /session/d1da2243ed5db842980eb3a0b04f68c1/element - {"using":"xpath","value":"//table[contains(@id, \"listView-innerSelectionPanelTable-listUl\")]/tbody/tr[18]/td[3]/div/div/span/span[1]/bdi"}
RESULT: {"using":"xpath","value":"//table[contains(@id, \"listView-innerSelectionPanelTable-listUl\")]/tbody/tr[18]/td[3]/div/div/span/span[1]/bdi"}
COMMAND: POST /session/d1da2243ed5db842980eb3a0b04f68c1/execute/sync - {"script":"<script> [56 bytes]","args":[{"element-6066-11e4-a52e-4f735466cecf":"f.88445BC73AA68FCADA91DF858886134B.d.F3441DA8865B228DDB702D2041A2C3E8.e.7836","ELEMENT":"f.88445BC73AA68FCADA91DF858886134B.d.F3441DA8865B228DDB702D2041A2C3E8.e.7836"}]}
RESULT: {"script":"<script> [56 bytes]","args":[{"element-6066-11e4-a52e-4f735466cecf":"f.88445BC73AA68FCADA91DF858886134B.d.F3441DA8865B228DDB702D2041A2C3E8.e.7836","ELEMENT":"f.88445BC73AA68FCADA91DF858886134B.d.F3441DA8865B228DDB702D2041A2C3E8.e.7836"}]}
COMMAND: GET /session/d1da2243ed5db842980eb3a0b04f68c1/element/f.88445BC73AA68FCADA91DF858886134B.d.F3441DA8865B228DDB702D2041A2C3E8.e.7835/attribute/aria-checked - {}
COMMAND: GET /session/d1da2243ed5db842980eb3a0b04f68c1/screenshot - {}
RESULT: {}
COMMAND: POST /session/d1da2243ed5db842980eb3a0b04f68c1/element - {"using":"xpath","value":"//table[contains(@id, \"listView-innerSelectionPanelTable-listUl\")]/tbody/tr[19]/td[2]/div/div"}
RESULT: {}
RESULT: {"using":"xpath","value":"//table[contains(@id, \"listView-innerSelectionPanelTable-listUl\")]/tbody/tr[19]/td[2]/div/div"}
COMMAND: POST /session/d1da2243ed5db842980eb3a0b04f68c1/element - {"using":"xpath","value":"//table[contains(@id, \"listView-innerSelectionPanelTable-listUl\")]/tbody/tr[19]/td[2]/div"}
RESULT: {"using":"xpath","value":"//table[contains(@id, \"listView-innerSelectionPanelTable-listUl\")]/tbody/tr[19]/td[2]/div"}
COMMAND: POST /session/d1da2243ed5db842980eb3a0b04f68c1/element - {"using":"xpath","value":"//table[contains(@id, \"listView-innerSelectionPanelTable-listUl\")]/tbody/tr[19]/td[3]/div/div/span/span[1]/bdi"}
RESULT: {"using":"xpath","value":"//table[contains(@id, \"listView-innerSelectionPanelTable-listUl\")]/tbody/tr[19]/td[3]/div/div/span/span[1]/bdi"}
COMMAND: POST /session/d1da2243ed5db842980eb3a0b04f68c1/execute/sync - {"script":"<script> [56 bytes]","args":[{"element-6066-11e4-a52e-4f735466cecf":"f.88445BC73AA68FCADA91DF858886134B.d.F3441DA8865B228DDB702D2041A2C3E8.e.7839","ELEMENT":"f.88445BC73AA68FCADA91DF858886134B.d.F3441DA8865B228DDB702D2041A2C3E8.e.7839"}]}
RESULT: {"script":"<script> [56 bytes]","args":[{"element-6066-11e4-a52e-4f735466cecf":"f.88445BC73AA68FCADA91DF858886134B.d.F3441DA8865B228DDB702D2041A2C3E8.e.7839","ELEMENT":"f.88445BC73AA68FCADA91DF858886134B.d.F3441DA8865B228DDB702D2041A2C3E8.e.7839"}]}
COMMAND: GET /session/d1da2243ed5db842980eb3a0b04f68c1/element/f.88445BC73AA68FCADA91DF858886134B.d.F3441DA8865B228DDB702D2041A2C3E8.e.7838/attribute/aria-checked - {}
COMMAND: GET /session/d1da2243ed5db842980eb3a0b04f68c1/screenshot - {}
RESULT: {}
COMMAND: POST /session/d1da2243ed5db842980eb3a0b04f68c1/element - {"using":"xpath","value":"//table[contains(@id, \"listView-innerSelectionPanelTable-listUl\")]/tbody/tr[20]/td[2]/div/div"}
RESULT: {}
RESULT: {"using":"xpath","value":"//table[contains(@id, \"listView-innerSelectionPanelTable-listUl\")]/tbody/tr[20]/td[2]/div/div"}
COMMAND: POST /session/d1da2243ed5db842980eb3a0b04f68c1/element - {"using":"xpath","value":"//table[contains(@id, \"listView-innerSelectionPanelTable-listUl\")]/tbody/tr[20]/td[2]/div"}
RESULT: {"using":"xpath","value":"//table[contains(@id, \"listView-innerSelectionPanelTable-listUl\")]/tbody/tr[20]/td[2]/div"}
COMMAND: POST /session/d1da2243ed5db842980eb3a0b04f68c1/element - {"using":"xpath","value":"//table[contains(@id, \"listView-innerSelectionPanelTable-listUl\")]/tbody/tr[20]/td[3]/div/div/span/span[1]/bdi"}
RESULT: {"using":"xpath","value":"//table[contains(@id, \"listView-innerSelectionPanelTable-listUl\")]/tbody/tr[20]/td[3]/div/div/span/span[1]/bdi"}
COMMAND: POST /session/d1da2243ed5db842980eb3a0b04f68c1/execute/sync - {"script":"<script> [56 bytes]","args":[{"element-6066-11e4-a52e-4f735466cecf":"f.88445BC73AA68FCADA91DF858886134B.d.F3441DA8865B228DDB702D2041A2C3E8.e.7842","ELEMENT":"f.88445BC73AA68FCADA91DF858886134B.d.F3441DA8865B228DDB702D2041A2C3E8.e.7842"}]}
RESULT: {"script":"<script> [56 bytes]","args":[{"element-6066-11e4-a52e-4f735466cecf":"f.88445BC73AA68FCADA91DF858886134B.d.F3441DA8865B228DDB702D2041A2C3E8.e.7842","ELEMENT":"f.88445BC73AA68FCADA91DF858886134B.d.F3441DA8865B228DDB702D2041A2C3E8.e.7842"}]}
COMMAND: GET /session/d1da2243ed5db842980eb3a0b04f68c1/element/f.88445BC73AA68FCADA91DF858886134B.d.F3441DA8865B228DDB702D2041A2C3E8.e.7841/attribute/aria-checked - {}
COMMAND: GET /session/d1da2243ed5db842980eb3a0b04f68c1/screenshot - {}
RESULT: {}
COMMAND: POST /session/d1da2243ed5db842980eb3a0b04f68c1/element - {"using":"xpath","value":"//table[contains(@id, \"listView-innerSelectionPanelTable-listUl\")]/tbody/tr[21]/td[2]/div/div"}
COMMAND: POST /session/d1da2243ed5db842980eb3a0b04f68c1/element/f.88445BC73AA68FCADA91DF858886134B.d.F3441DA8865B228DDB702D2041A2C3E8.e.7840/click - {}
RESULT: {}
RESULT: {"using":"xpath","value":"//table[contains(@id, \"listView-innerSelectionPanelTable-listUl\")]/tbody/tr[21]/td[2]/div/div"}
COMMAND: POST /session/d1da2243ed5db842980eb3a0b04f68c1/element - {"using":"xpath","value":"//table[contains(@id, \"listView-innerSelectionPanelTable-listUl\")]/tbody/tr[21]/td[2]/div"}
RESULT: {}
COMMAND: GET /session/d1da2243ed5db842980eb3a0b04f68c1/screenshot - {}
RESULT: {"using":"xpath","value":"//table[contains(@id, \"listView-innerSelectionPanelTable-listUl\")]/tbody/tr[21]/td[2]/div"}
COMMAND: POST /session/d1da2243ed5db842980eb3a0b04f68c1/element - {"using":"xpath","value":"//table[contains(@id, \"listView-innerSelectionPanelTable-listUl\")]/tbody/tr[21]/td[3]/div/div/span/span[1]/bdi"}
RESULT: {}
RESULT: {"using":"xpath","value":"//table[contains(@id, \"listView-innerSelectionPanelTable-listUl\")]/tbody/tr[21]/td[3]/div/div/span/span[1]/bdi"}
COMMAND: POST /session/d1da2243ed5db842980eb3a0b04f68c1/execute/sync - {"script":"<script> [56 bytes]","args":[{"element-6066-11e4-a52e-4f735466cecf":"f.88445BC73AA68FCADA91DF858886134B.d.F3441DA8865B228DDB702D2041A2C3E8.e.7848","ELEMENT":"f.88445BC73AA68FCADA91DF858886134B.d.F3441DA8865B228DDB702D2041A2C3E8.e.7848"}]}
RESULT: {"script":"<script> [56 bytes]","args":[{"element-6066-11e4-a52e-4f735466cecf":"f.88445BC73AA68FCADA91DF858886134B.d.F3441DA8865B228DDB702D2041A2C3E8.e.7848","ELEMENT":"f.88445BC73AA68FCADA91DF858886134B.d.F3441DA8865B228DDB702D2041A2C3E8.e.7848"}]}
COMMAND: GET /session/d1da2243ed5db842980eb3a0b04f68c1/element/f.88445BC73AA68FCADA91DF858886134B.d.F3441DA8865B228DDB702D2041A2C3E8.e.7847/attribute/aria-checked - {}
COMMAND: GET /session/d1da2243ed5db842980eb3a0b04f68c1/screenshot - {}
RESULT: {}
COMMAND: POST /session/d1da2243ed5db842980eb3a0b04f68c1/element - {"using":"xpath","value":"//table[contains(@id, \"listView-innerSelectionPanelTable-listUl\")]/tbody/tr[22]/td[2]/div/div"}
COMMAND: POST /session/d1da2243ed5db842980eb3a0b04f68c1/element/f.88445BC73AA68FCADA91DF858886134B.d.F3441DA8865B228DDB702D2041A2C3E8.e.7843/click - {}
RESULT: {}
RESULT: {"using":"xpath","value":"//table[contains(@id, \"listView-innerSelectionPanelTable-listUl\")]/tbody/tr[22]/td[2]/div/div"}
COMMAND: POST /session/d1da2243ed5db842980eb3a0b04f68c1/element - {"using":"xpath","value":"//table[contains(@id, \"listView-innerSelectionPanelTable-listUl\")]/tbody/tr[22]/td[2]/div"}
RESULT: {}
COMMAND: GET /session/d1da2243ed5db842980eb3a0b04f68c1/screenshot - {}
RESULT: {"using":"xpath","value":"//table[contains(@id, \"listView-innerSelectionPanelTable-listUl\")]/tbody/tr[22]/td[2]/div"}
COMMAND: POST /session/d1da2243ed5db842980eb3a0b04f68c1/element - {"using":"xpath","value":"//table[contains(@id, \"listView-innerSelectionPanelTable-listUl\")]/tbody/tr[22]/td[3]/div/div/span/span[1]/bdi"}
RESULT: {}
RESULT: {"using":"xpath","value":"//table[contains(@id, \"listView-innerSelectionPanelTable-listUl\")]/tbody/tr[22]/td[3]/div/div/span/span[1]/bdi"}
COMMAND: POST /session/d1da2243ed5db842980eb3a0b04f68c1/execute/sync - {"script":"<script> [56 bytes]","args":[{"element-6066-11e4-a52e-4f735466cecf":"f.88445BC73AA68FCADA91DF858886134B.d.F3441DA8865B228DDB702D2041A2C3E8.e.7852","ELEMENT":"f.88445BC73AA68FCADA91DF858886134B.d.F3441DA8865B228DDB702D2041A2C3E8.e.7852"}]}
RESULT: {"script":"<script> [56 bytes]","args":[{"element-6066-11e4-a52e-4f735466cecf":"f.88445BC73AA68FCADA91DF858886134B.d.F3441DA8865B228DDB702D2041A2C3E8.e.7852","ELEMENT":"f.88445BC73AA68FCADA91DF858886134B.d.F3441DA8865B228DDB702D2041A2C3E8.e.7852"}]}
COMMAND: GET /session/d1da2243ed5db842980eb3a0b04f68c1/element/f.88445BC73AA68FCADA91DF858886134B.d.F3441DA8865B228DDB702D2041A2C3E8.e.7851/attribute/aria-checked - {}
COMMAND: GET /session/d1da2243ed5db842980eb3a0b04f68c1/screenshot - {}
RESULT: {}
COMMAND: POST /session/d1da2243ed5db842980eb3a0b04f68c1/element - {"using":"xpath","value":"//table[contains(@id, \"listView-innerSelectionPanelTable-listUl\")]/tbody/tr[23]/td[2]/div/div"}
RESULT: {}
RESULT: {"using":"xpath","value":"//table[contains(@id, \"listView-innerSelectionPanelTable-listUl\")]/tbody/tr[23]/td[2]/div/div"}
COMMAND: POST /session/d1da2243ed5db842980eb3a0b04f68c1/element - {"using":"xpath","value":"//table[contains(@id, \"listView-innerSelectionPanelTable-listUl\")]/tbody/tr[23]/td[2]/div"}
RESULT: {"using":"xpath","value":"//table[contains(@id, \"listView-innerSelectionPanelTable-listUl\")]/tbody/tr[23]/td[2]/div"}
COMMAND: POST /session/d1da2243ed5db842980eb3a0b04f68c1/element - {"using":"xpath","value":"//table[contains(@id, \"listView-innerSelectionPanelTable-listUl\")]/tbody/tr[23]/td[3]/div/div/span/span[1]/bdi"}
RESULT: {"using":"xpath","value":"//table[contains(@id, \"listView-innerSelectionPanelTable-listUl\")]/tbody/tr[23]/td[3]/div/div/span/span[1]/bdi"}
COMMAND: POST /session/d1da2243ed5db842980eb3a0b04f68c1/execute/sync - {"script":"<script> [56 bytes]","args":[{"element-6066-11e4-a52e-4f735466cecf":"f.88445BC73AA68FCADA91DF858886134B.d.F3441DA8865B228DDB702D2041A2C3E8.e.7855","ELEMENT":"f.88445BC73AA68FCADA91DF858886134B.d.F3441DA8865B228DDB702D2041A2C3E8.e.7855"}]}
RESULT: {"script":"<script> [56 bytes]","args":[{"element-6066-11e4-a52e-4f735466cecf":"f.88445BC73AA68FCADA91DF858886134B.d.F3441DA8865B228DDB702D2041A2C3E8.e.7855","ELEMENT":"f.88445BC73AA68FCADA91DF858886134B.d.F3441DA8865B228DDB702D2041A2C3E8.e.7855"}]}
COMMAND: GET /session/d1da2243ed5db842980eb3a0b04f68c1/element/f.88445BC73AA68FCADA91DF858886134B.d.F3441DA8865B228DDB702D2041A2C3E8.e.7854/attribute/aria-checked - {}
COMMAND: GET /session/d1da2243ed5db842980eb3a0b04f68c1/screenshot - {}
RESULT: {}
COMMAND: POST /session/d1da2243ed5db842980eb3a0b04f68c1/element - {"using":"xpath","value":"//table[contains(@id, \"listView-innerSelectionPanelTable-listUl\")]/tbody/tr[24]/td[2]/div/div"}
RESULT: {}
RESULT: {"using":"xpath","value":"//table[contains(@id, \"listView-innerSelectionPanelTable-listUl\")]/tbody/tr[24]/td[2]/div/div"}
COMMAND: POST /session/d1da2243ed5db842980eb3a0b04f68c1/element - {"using":"xpath","value":"//table[contains(@id, \"listView-innerSelectionPanelTable-listUl\")]/tbody/tr[24]/td[2]/div"}
RESULT: {"using":"xpath","value":"//table[contains(@id, \"listView-innerSelectionPanelTable-listUl\")]/tbody/tr[24]/td[2]/div"}
COMMAND: POST /session/d1da2243ed5db842980eb3a0b04f68c1/element - {"using":"xpath","value":"//table[contains(@id, \"listView-innerSelectionPanelTable-listUl\")]/tbody/tr[24]/td[3]/div/div/span/span[1]/bdi"}
RESULT: {"using":"xpath","value":"//table[contains(@id, \"listView-innerSelectionPanelTable-listUl\")]/tbody/tr[24]/td[3]/div/div/span/span[1]/bdi"}
COMMAND: POST /session/d1da2243ed5db842980eb3a0b04f68c1/execute/sync - {"script":"<script> [56 bytes]","args":[{"element-6066-11e4-a52e-4f735466cecf":"f.88445BC73AA68FCADA91DF858886134B.d.F3441DA8865B228DDB702D2041A2C3E8.e.7858","ELEMENT":"f.88445BC73AA68FCADA91DF858886134B.d.F3441DA8865B228DDB702D2041A2C3E8.e.7858"}]}
RESULT: {"script":"<script> [56 bytes]","args":[{"element-6066-11e4-a52e-4f735466cecf":"f.88445BC73AA68FCADA91DF858886134B.d.F3441DA8865B228DDB702D2041A2C3E8.e.7858","ELEMENT":"f.88445BC73AA68FCADA91DF858886134B.d.F3441DA8865B228DDB702D2041A2C3E8.e.7858"}]}
COMMAND: GET /session/d1da2243ed5db842980eb3a0b04f68c1/element/f.88445BC73AA68FCADA91DF858886134B.d.F3441DA8865B228DDB702D2041A2C3E8.e.7857/attribute/aria-checked - {}
COMMAND: GET /session/d1da2243ed5db842980eb3a0b04f68c1/screenshot - {}
RESULT: {}
COMMAND: POST /session/d1da2243ed5db842980eb3a0b04f68c1/element - {"using":"xpath","value":"//table[contains(@id, \"listView-innerSelectionPanelTable-listUl\")]/tbody/tr[25]/td[2]/div/div"}
RESULT: {}
RESULT: {"using":"xpath","value":"//table[contains(@id, \"listView-innerSelectionPanelTable-listUl\")]/tbody/tr[25]/td[2]/div/div"}
COMMAND: POST /session/d1da2243ed5db842980eb3a0b04f68c1/element - {"using":"xpath","value":"//table[contains(@id, \"listView-innerSelectionPanelTable-listUl\")]/tbody/tr[25]/td[2]/div"}
RESULT: {"using":"xpath","value":"//table[contains(@id, \"listView-innerSelectionPanelTable-listUl\")]/tbody/tr[25]/td[2]/div"}
COMMAND: POST /session/d1da2243ed5db842980eb3a0b04f68c1/element - {"using":"xpath","value":"//table[contains(@id, \"listView-innerSelectionPanelTable-listUl\")]/tbody/tr[25]/td[3]/div/div/span/span[1]/bdi"}
RESULT: {"using":"xpath","value":"//table[contains(@id, \"listView-innerSelectionPanelTable-listUl\")]/tbody/tr[25]/td[3]/div/div/span/span[1]/bdi"}
COMMAND: POST /session/d1da2243ed5db842980eb3a0b04f68c1/execute/sync - {"script":"<script> [56 bytes]","args":[{"element-6066-11e4-a52e-4f735466cecf":"f.88445BC73AA68FCADA91DF858886134B.d.F3441DA8865B228DDB702D2041A2C3E8.e.7861","ELEMENT":"f.88445BC73AA68FCADA91DF858886134B.d.F3441DA8865B228DDB702D2041A2C3E8.e.7861"}]}
RESULT: {"script":"<script> [56 bytes]","args":[{"element-6066-11e4-a52e-4f735466cecf":"f.88445BC73AA68FCADA91DF858886134B.d.F3441DA8865B228DDB702D2041A2C3E8.e.7861","ELEMENT":"f.88445BC73AA68FCADA91DF858886134B.d.F3441DA8865B228DDB702D2041A2C3E8.e.7861"}]}
COMMAND: GET /session/d1da2243ed5db842980eb3a0b04f68c1/element/f.88445BC73AA68FCADA91DF858886134B.d.F3441DA8865B228DDB702D2041A2C3E8.e.7860/attribute/aria-checked - {}
COMMAND: GET /session/d1da2243ed5db842980eb3a0b04f68c1/screenshot - {}
RESULT: {}
COMMAND: POST /session/d1da2243ed5db842980eb3a0b04f68c1/element - {"using":"xpath","value":"//bdi[contains(text(), \"OK\")]"}
RESULT: {}
RESULT: {"using":"xpath","value":"//bdi[contains(text(), \"OK\")]"}
COMMAND: POST /session/d1da2243ed5db842980eb3a0b04f68c1/element/f.88445BC73AA68FCADA91DF858886134B.d.F3441DA8865B228DDB702D2041A2C3E8.e.7862/click - {}
RESULT: {}
COMMAND: GET /session/d1da2243ed5db842980eb3a0b04f68c1/screenshot - {}
RESULT: {}
COMMAND: POST /session/d1da2243ed5db842980eb3a0b04f68c1/execute/async - {"script":"<script> [1562 bytes]","args":[{"selector":{"id":"application-managepartners-display-component---masterPtm--smartFilterBar-filterItemControlA_-LINK_TO_ADDRESSES_MAIN.ID-vhi"},"wdio_ui5_key":"applicationmanagepartners-display-component---masterPtm--smartFilterBar-filterItemControlA_-LINK_TO_ADDRESSES_MAIN.ID-vhi"}]}
RESULT: {"script":"<script> [1562 bytes]","args":[{"selector":{"id":"application-managepartners-display-component---masterPtm--smartFilterBar-filterItemControlA_-LINK_TO_ADDRESSES_MAIN.ID-vhi"},"wdio_ui5_key":"applicationmanagepartners-display-component---masterPtm--smartFilterBar-filterItemControlA_-LINK_TO_ADDRESSES_MAIN.ID-vhi"}]}
RESULT: undefined
COMMAND: POST /session/d1da2243ed5db842980eb3a0b04f68c1/element - {"using":"xpath","value":"//*[@id=\"application-managepartners-display-component---masterPtm--smartFilterBar-filterItemControlA_-LINK_TO_ADDRESSES_MAIN.ID-vhi\"]"}
RESULT: {"using":"xpath","value":"//*[@id=\"application-managepartners-display-component---masterPtm--smartFilterBar-filterItemControlA_-LINK_TO_ADDRESSES_MAIN.ID-vhi\"]"}
COMMAND: POST /session/d1da2243ed5db842980eb3a0b04f68c1/element/f.88445BC73AA68FCADA91DF858886134B.d.F3441DA8865B228DDB702D2041A2C3E8.e.7875/click - {}
RESULT: {}
COMMAND: GET /session/d1da2243ed5db842980eb3a0b04f68c1/screenshot - {}
RESULT: {}
COMMAND: POST /session/d1da2243ed5db842980eb3a0b04f68c1/element - {"using":"xpath","value":"//div[input[@value=\"contains\"]]//span[contains(@id, \"arrow\")]"}
RESULT: {"using":"xpath","value":"//div[input[@value=\"contains\"]]//span[contains(@id, \"arrow\")]"}
COMMAND: POST /session/d1da2243ed5db842980eb3a0b04f68c1/element/f.88445BC73AA68FCADA91DF858886134B.d.F3441DA8865B228DDB702D2041A2C3E8.e.7880/click - {}
RESULT: {}
COMMAND: GET /session/d1da2243ed5db842980eb3a0b04f68c1/screenshot - {}
RESULT: {}
COMMAND: POST /session/d1da2243ed5db842980eb3a0b04f68c1/element - {"using":"xpath","value":"//li[.//span[text()='equal to']]"}
RESULT: {"using":"xpath","value":"//li[.//span[text()='equal to']]"}
COMMAND: POST /session/d1da2243ed5db842980eb3a0b04f68c1/element/f.88445BC73AA68FCADA91DF858886134B.d.F3441DA8865B228DDB702D2041A2C3E8.e.7881/click - {}
RESULT: {}
COMMAND: GET /session/d1da2243ed5db842980eb3a0b04f68c1/screenshot - {}
RESULT: {}
RESULT: undefined
COMMAND: POST /session/d1da2243ed5db842980eb3a0b04f68c1/execute/async - {"script":"<script> [776 bytes]","args":[{"enterText":"1006","selector":{"controlType":"sap.m.Input","viewName":"etm.portal.ui.managepartners.view.Master","viewId":"application-managepartners-display-component---masterPtm","properties":{"valueState":"None"},"searchOpenDialogs":true,"interaction":{"idSuffix":"inner"}},"clearTextFirst":true,"interactionType":"ENTER_TEXT"}]}
RESULT: {"script":"<script> [776 bytes]","args":[{"enterText":"1006","selector":{"controlType":"sap.m.Input","viewName":"etm.portal.ui.managepartners.view.Master","viewId":"application-managepartners-display-component---masterPtm","properties":{"valueState":"None"},"searchOpenDialogs":true,"interaction":{"idSuffix":"inner"}},"clearTextFirst":true,"interactionType":"ENTER_TEXT"}]}
COMMAND: POST /session/d1da2243ed5db842980eb3a0b04f68c1/actions - {"actions":[{"id":"action22","type":"key","parameters":{},"actions":[{"type":"keyDown","value":""},{"type":"pause","duration":10},{"type":"keyUp","value":""}]}]}
RESULT: {"actions":[{"id":"action22","type":"key","parameters":{},"actions":[{"type":"keyDown","value":""},{"type":"pause","duration":10},{"type":"keyUp","value":""}]}]}
COMMAND: GET /session/d1da2243ed5db842980eb3a0b04f68c1/screenshot - {}
RESULT: {}
COMMAND: POST /session/d1da2243ed5db842980eb3a0b04f68c1/element - {"using":"xpath","value":"(//bdi[contains(text(), \"OK\")])[1]"}
RESULT: {"using":"xpath","value":"(//bdi[contains(text(), \"OK\")])[1]"}
COMMAND: POST /session/d1da2243ed5db842980eb3a0b04f68c1/element/f.88445BC73AA68FCADA91DF858886134B.d.F3441DA8865B228DDB702D2041A2C3E8.e.7882/click - {}
RESULT: {}
COMMAND: GET /session/d1da2243ed5db842980eb3a0b04f68c1/screenshot - {}
RESULT: {}
COMMAND: POST /session/d1da2243ed5db842980eb3a0b04f68c1/element - {"using":"xpath","value":"//span[@id=\"application-managepartners-display-component---masterPtm--smartTable-header-inner\"]"}
RESULT: {"using":"xpath","value":"//span[@id=\"application-managepartners-display-component---masterPtm--smartTable-header-inner\"]"}
COMMAND: POST /session/d1da2243ed5db842980eb3a0b04f68c1/elements - {"using":"xpath","value":"//span[@id=\"application-managepartners-display-component---masterPtm--smartTable-header-inner\"]"}
RESULT: {"using":"xpath","value":"//span[@id=\"application-managepartners-display-component---masterPtm--smartTable-header-inner\"]"}
COMMAND: POST /session/d1da2243ed5db842980eb3a0b04f68c1/execute/sync - {"script":"<script> [56 bytes]","args":[{"element-6066-11e4-a52e-4f735466cecf":"f.88445BC73AA68FCADA91DF858886134B.d.F3441DA8865B228DDB702D2041A2C3E8.e.7720","ELEMENT":"f.88445BC73AA68FCADA91DF858886134B.d.F3441DA8865B228DDB702D2041A2C3E8.e.7720"}]}
RESULT: {"script":"<script> [56 bytes]","args":[{"element-6066-11e4-a52e-4f735466cecf":"f.88445BC73AA68FCADA91DF858886134B.d.F3441DA8865B228DDB702D2041A2C3E8.e.7720","ELEMENT":"f.88445BC73AA68FCADA91DF858886134B.d.F3441DA8865B228DDB702D2041A2C3E8.e.7720"}]}
COMMAND: POST /session/d1da2243ed5db842980eb3a0b04f68c1/element - {"using":"xpath","value":"//span[contains(@title, \"Remove\")]"}
COMMAND: GET /session/d1da2243ed5db842980eb3a0b04f68c1/screenshot - {}
RESULT: {"using":"xpath","value":"//span[contains(@title, \"Remove\")]"}
COMMAND: POST /session/d1da2243ed5db842980eb3a0b04f68c1/element/f.88445BC73AA68FCADA91DF858886134B.d.F3441DA8865B228DDB702D2041A2C3E8.e.7887/click - {}
RESULT: {}
RESULT: {}
COMMAND: GET /session/d1da2243ed5db842980eb3a0b04f68c1/screenshot - {}
RESULT: {}
RESULT: undefined
COMMAND: POST /session/d1da2243ed5db842980eb3a0b04f68c1/element - {"using":"xpath","value":"//*[@id=\"application-managepartners-display-component---masterPtm--smartFilterBar-filterItemControl_BASIC-YARD-vhi\"]"}
RESULT: {"using":"xpath","value":"//*[@id=\"application-managepartners-display-component---masterPtm--smartFilterBar-filterItemControl_BASIC-YARD-vhi\"]"}
COMMAND: POST /session/d1da2243ed5db842980eb3a0b04f68c1/element/f.88445BC73AA68FCADA91DF858886134B.d.F3441DA8865B228DDB702D2041A2C3E8.e.7992/click - {}
RESULT: {}
COMMAND: GET /session/d1da2243ed5db842980eb3a0b04f68c1/screenshot - {}
RESULT: {}
RESULT: undefined
COMMAND: POST /session/d1da2243ed5db842980eb3a0b04f68c1/execute/async - {"script":"<script> [776 bytes]","args":[{"enterText":"Test","selector":{"id":"application-managepartners-display-component---masterPtm--smartFilterBar-filterItemControl_BASIC-YARD-valueHelpDialog-smartFilterBar-btnBasicSearch","searchOpenDialogs":true,"interaction":{"idSuffix":"I"}},"clearTextFirst":true,"interactionType":"ENTER_TEXT"}]}
RESULT: {"script":"<script> [776 bytes]","args":[{"enterText":"Test","selector":{"id":"application-managepartners-display-component---masterPtm--smartFilterBar-filterItemControl_BASIC-YARD-valueHelpDialog-smartFilterBar-btnBasicSearch","searchOpenDialogs":true,"interaction":{"idSuffix":"I"}},"clearTextFirst":true,"interactionType":"ENTER_TEXT"}]}
COMMAND: POST /session/d1da2243ed5db842980eb3a0b04f68c1/actions - {"actions":[{"id":"action23","type":"key","parameters":{},"actions":[{"type":"keyDown","value":""},{"type":"pause","duration":10},{"type":"keyUp","value":""}]}]}
RESULT: {"actions":[{"id":"action23","type":"key","parameters":{},"actions":[{"type":"keyDown","value":""},{"type":"pause","duration":10},{"type":"keyUp","value":""}]}]}
COMMAND: POST /session/d1da2243ed5db842980eb3a0b04f68c1/elements - {"using":"xpath","value":"//table[contains(@id, \"smartFilterBar-filterItemControl_BASIC-YARD-valueHelpDialog-table-table\")]/tbody/tr"}
COMMAND: GET /session/d1da2243ed5db842980eb3a0b04f68c1/screenshot - {}
RESULT: {"using":"xpath","value":"//table[contains(@id, \"smartFilterBar-filterItemControl_BASIC-YARD-valueHelpDialog-table-table\")]/tbody/tr"}
COMMAND: POST /session/d1da2243ed5db842980eb3a0b04f68c1/element - {"using":"xpath","value":"//table[contains(@id, \"smartFilterBar-filterItemControl_BASIC-YARD-valueHelpDialog-table-table\")]/tbody/tr[1]/td[1]/div/span"}
RESULT: {}
RESULT: {"using":"xpath","value":"//table[contains(@id, \"smartFilterBar-filterItemControl_BASIC-YARD-valueHelpDialog-table-table\")]/tbody/tr[1]/td[1]/div/span"}
COMMAND: POST /session/d1da2243ed5db842980eb3a0b04f68c1/elements - {"using":"xpath","value":"//table[contains(@id, \"smartFilterBar-filterItemControl_BASIC-YARD-valueHelpDialog-table-table\")]/tbody/tr[1]/td[1]/div/span"}
RESULT: {"using":"xpath","value":"//table[contains(@id, \"smartFilterBar-filterItemControl_BASIC-YARD-valueHelpDialog-table-table\")]/tbody/tr[1]/td[1]/div/span"}
COMMAND: POST /session/d1da2243ed5db842980eb3a0b04f68c1/execute/sync - {"script":"<script> [56 bytes]","args":[{"element-6066-11e4-a52e-4f735466cecf":"f.88445BC73AA68FCADA91DF858886134B.d.F3441DA8865B228DDB702D2041A2C3E8.e.8011","ELEMENT":"f.88445BC73AA68FCADA91DF858886134B.d.F3441DA8865B228DDB702D2041A2C3E8.e.8011"}]}
RESULT: {"script":"<script> [56 bytes]","args":[{"element-6066-11e4-a52e-4f735466cecf":"f.88445BC73AA68FCADA91DF858886134B.d.F3441DA8865B228DDB702D2041A2C3E8.e.8011","ELEMENT":"f.88445BC73AA68FCADA91DF858886134B.d.F3441DA8865B228DDB702D2041A2C3E8.e.8011"}]}
COMMAND: POST /session/d1da2243ed5db842980eb3a0b04f68c1/element - {"using":"xpath","value":"//table[contains(@id, \"smartFilterBar-filterItemControl_BASIC-YARD-valueHelpDialog-table-table\")]/tbody/tr[2]/td[1]/div/span"}
COMMAND: GET /session/d1da2243ed5db842980eb3a0b04f68c1/screenshot - {}
RESULT: {"using":"xpath","value":"//table[contains(@id, \"smartFilterBar-filterItemControl_BASIC-YARD-valueHelpDialog-table-table\")]/tbody/tr[2]/td[1]/div/span"}
COMMAND: POST /session/d1da2243ed5db842980eb3a0b04f68c1/elements - {"using":"xpath","value":"//table[contains(@id, \"smartFilterBar-filterItemControl_BASIC-YARD-valueHelpDialog-table-table\")]/tbody/tr[2]/td[1]/div/span"}
RESULT: {}
RESULT: {"using":"xpath","value":"//table[contains(@id, \"smartFilterBar-filterItemControl_BASIC-YARD-valueHelpDialog-table-table\")]/tbody/tr[2]/td[1]/div/span"}
COMMAND: POST /session/d1da2243ed5db842980eb3a0b04f68c1/execute/sync - {"script":"<script> [56 bytes]","args":[{"element-6066-11e4-a52e-4f735466cecf":"f.88445BC73AA68FCADA91DF858886134B.d.F3441DA8865B228DDB702D2041A2C3E8.e.8012","ELEMENT":"f.88445BC73AA68FCADA91DF858886134B.d.F3441DA8865B228DDB702D2041A2C3E8.e.8012"}]}
RESULT: {"script":"<script> [56 bytes]","args":[{"element-6066-11e4-a52e-4f735466cecf":"f.88445BC73AA68FCADA91DF858886134B.d.F3441DA8865B228DDB702D2041A2C3E8.e.8012","ELEMENT":"f.88445BC73AA68FCADA91DF858886134B.d.F3441DA8865B228DDB702D2041A2C3E8.e.8012"}]}
COMMAND: POST /session/d1da2243ed5db842980eb3a0b04f68c1/element - {"using":"xpath","value":"//table[contains(@id, \"smartFilterBar-filterItemControl_BASIC-YARD-valueHelpDialog-table-table\")]/tbody/tr[3]/td[1]/div/span"}
COMMAND: GET /session/d1da2243ed5db842980eb3a0b04f68c1/screenshot - {}
RESULT: {"using":"xpath","value":"//table[contains(@id, \"smartFilterBar-filterItemControl_BASIC-YARD-valueHelpDialog-table-table\")]/tbody/tr[3]/td[1]/div/span"}
COMMAND: POST /session/d1da2243ed5db842980eb3a0b04f68c1/elements - {"using":"xpath","value":"//table[contains(@id, \"smartFilterBar-filterItemControl_BASIC-YARD-valueHelpDialog-table-table\")]/tbody/tr[3]/td[1]/div/span"}
RESULT: {}
RESULT: {"using":"xpath","value":"//table[contains(@id, \"smartFilterBar-filterItemControl_BASIC-YARD-valueHelpDialog-table-table\")]/tbody/tr[3]/td[1]/div/span"}
COMMAND: POST /session/d1da2243ed5db842980eb3a0b04f68c1/execute/sync - {"script":"<script> [56 bytes]","args":[{"element-6066-11e4-a52e-4f735466cecf":"f.88445BC73AA68FCADA91DF858886134B.d.F3441DA8865B228DDB702D2041A2C3E8.e.8013","ELEMENT":"f.88445BC73AA68FCADA91DF858886134B.d.F3441DA8865B228DDB702D2041A2C3E8.e.8013"}]}
RESULT: {"script":"<script> [56 bytes]","args":[{"element-6066-11e4-a52e-4f735466cecf":"f.88445BC73AA68FCADA91DF858886134B.d.F3441DA8865B228DDB702D2041A2C3E8.e.8013","ELEMENT":"f.88445BC73AA68FCADA91DF858886134B.d.F3441DA8865B228DDB702D2041A2C3E8.e.8013"}]}
COMMAND: POST /session/d1da2243ed5db842980eb3a0b04f68c1/element - {"using":"xpath","value":"//div[contains(@id, \"filterItemControl_BASIC-YARD-valueHelpDialog-table-rowsel2\")]"}
COMMAND: GET /session/d1da2243ed5db842980eb3a0b04f68c1/screenshot - {}
RESULT: {"using":"xpath","value":"//div[contains(@id, \"filterItemControl_BASIC-YARD-valueHelpDialog-table-rowsel2\")]"}
COMMAND: POST /session/d1da2243ed5db842980eb3a0b04f68c1/element/f.88445BC73AA68FCADA91DF858886134B.d.F3441DA8865B228DDB702D2041A2C3E8.e.8014/click - {}
RESULT: {}
RESULT: {}
COMMAND: GET /session/d1da2243ed5db842980eb3a0b04f68c1/screenshot - {}
RESULT: {}
COMMAND: POST /session/d1da2243ed5db842980eb3a0b04f68c1/element - {"using":"xpath","value":"(//bdi[contains(text(), \"OK\")])[1]"}
RESULT: {"using":"xpath","value":"(//bdi[contains(text(), \"OK\")])[1]"}
COMMAND: POST /session/d1da2243ed5db842980eb3a0b04f68c1/element/f.88445BC73AA68FCADA91DF858886134B.d.F3441DA8865B228DDB702D2041A2C3E8.e.8016/click - {}
RESULT: {}
COMMAND: GET /session/d1da2243ed5db842980eb3a0b04f68c1/screenshot - {}
RESULT: {}
COMMAND: POST /session/d1da2243ed5db842980eb3a0b04f68c1/element - {"using":"xpath","value":"//span[@id=\"application-managepartners-display-component---masterPtm--smartTable-header-inner\"]"}
RESULT: {"using":"xpath","value":"//span[@id=\"application-managepartners-display-component---masterPtm--smartTable-header-inner\"]"}
COMMAND: POST /session/d1da2243ed5db842980eb3a0b04f68c1/elements - {"using":"xpath","value":"//span[@id=\"application-managepartners-display-component---masterPtm--smartTable-header-inner\"]"}
RESULT: {"using":"xpath","value":"//span[@id=\"application-managepartners-display-component---masterPtm--smartTable-header-inner\"]"}
COMMAND: POST /session/d1da2243ed5db842980eb3a0b04f68c1/execute/sync - {"script":"<script> [56 bytes]","args":[{"element-6066-11e4-a52e-4f735466cecf":"f.88445BC73AA68FCADA91DF858886134B.d.F3441DA8865B228DDB702D2041A2C3E8.e.7720","ELEMENT":"f.88445BC73AA68FCADA91DF858886134B.d.F3441DA8865B228DDB702D2041A2C3E8.e.7720"}]}
RESULT: {"script":"<script> [56 bytes]","args":[{"element-6066-11e4-a52e-4f735466cecf":"f.88445BC73AA68FCADA91DF858886134B.d.F3441DA8865B228DDB702D2041A2C3E8.e.7720","ELEMENT":"f.88445BC73AA68FCADA91DF858886134B.d.F3441DA8865B228DDB702D2041A2C3E8.e.7720"}]}
COMMAND: POST /session/d1da2243ed5db842980eb3a0b04f68c1/element - {"using":"xpath","value":"//span[contains(@title, \"Remove\")]"}
COMMAND: GET /session/d1da2243ed5db842980eb3a0b04f68c1/screenshot - {}
RESULT: {"using":"xpath","value":"//span[contains(@title, \"Remove\")]"}
COMMAND: POST /session/d1da2243ed5db842980eb3a0b04f68c1/element/f.88445BC73AA68FCADA91DF858886134B.d.F3441DA8865B228DDB702D2041A2C3E8.e.8029/click - {}
RESULT: {}
RESULT: {}
COMMAND: GET /session/d1da2243ed5db842980eb3a0b04f68c1/screenshot - {}
RESULT: {}
RESULT: undefined
COMMAND: POST /session/d1da2243ed5db842980eb3a0b04f68c1/element - {"using":"xpath","value":"//*[@id=\"application-managepartners-display-component---masterPtm--smartFilterBar-filterItemControl_BASIC-MAIN_ADDRESS-vhi\"]"}
RESULT: {"using":"xpath","value":"//*[@id=\"application-managepartners-display-component---masterPtm--smartFilterBar-filterItemControl_BASIC-MAIN_ADDRESS-vhi\"]"}
COMMAND: POST /session/d1da2243ed5db842980eb3a0b04f68c1/element/f.88445BC73AA68FCADA91DF858886134B.d.F3441DA8865B228DDB702D2041A2C3E8.e.8133/click - {}
RESULT: {}
COMMAND: GET /session/d1da2243ed5db842980eb3a0b04f68c1/screenshot - {}
RESULT: {}
RESULT: undefined
COMMAND: POST /session/d1da2243ed5db842980eb3a0b04f68c1/execute/async - {"script":"<script> [776 bytes]","args":[{"enterText":"Romania","selector":{"id":"application-managepartners-display-component---masterPtm--smartFilterBar-filterItemControl_BASIC-MAIN_ADDRESS-valueHelpDialog-smartFilterBar-btnBasicSearch","searchOpenDialogs":true,"interaction":{"idSuffix":"I"}},"clearTextFirst":true,"interactionType":"ENTER_TEXT"}]}
RESULT: {"script":"<script> [776 bytes]","args":[{"enterText":"Romania","selector":{"id":"application-managepartners-display-component---masterPtm--smartFilterBar-filterItemControl_BASIC-MAIN_ADDRESS-valueHelpDialog-smartFilterBar-btnBasicSearch","searchOpenDialogs":true,"interaction":{"idSuffix":"I"}},"clearTextFirst":true,"interactionType":"ENTER_TEXT"}]}
COMMAND: POST /session/d1da2243ed5db842980eb3a0b04f68c1/actions - {"actions":[{"id":"action24","type":"key","parameters":{},"actions":[{"type":"keyDown","value":""},{"type":"pause","duration":10},{"type":"keyUp","value":""}]}]}
RESULT: {"actions":[{"id":"action24","type":"key","parameters":{},"actions":[{"type":"keyDown","value":""},{"type":"pause","duration":10},{"type":"keyUp","value":""}]}]}
COMMAND: POST /session/d1da2243ed5db842980eb3a0b04f68c1/elements - {"using":"xpath","value":"//table[contains(@id, \"smartFilterBar-filterItemControl_BASIC-MAIN_ADDRESS-valueHelpDialog-table-table\")]/tbody/tr"}
COMMAND: GET /session/d1da2243ed5db842980eb3a0b04f68c1/screenshot - {}
RESULT: {"using":"xpath","value":"//table[contains(@id, \"smartFilterBar-filterItemControl_BASIC-MAIN_ADDRESS-valueHelpDialog-table-table\")]/tbody/tr"}
COMMAND: POST /session/d1da2243ed5db842980eb3a0b04f68c1/element - {"using":"xpath","value":"//table[contains(@id, \"smartFilterBar-filterItemControl_BASIC-MAIN_ADDRESS-valueHelpDialog-table-table\")]/tbody/tr[1]/td[1]/div/span"}
RESULT: {}
RESULT: {"using":"xpath","value":"//table[contains(@id, \"smartFilterBar-filterItemControl_BASIC-MAIN_ADDRESS-valueHelpDialog-table-table\")]/tbody/tr[1]/td[1]/div/span"}
COMMAND: POST /session/d1da2243ed5db842980eb3a0b04f68c1/elements - {"using":"xpath","value":"//table[contains(@id, \"smartFilterBar-filterItemControl_BASIC-MAIN_ADDRESS-valueHelpDialog-table-table\")]/tbody/tr[1]/td[1]/div/span"}
RESULT: {"using":"xpath","value":"//table[contains(@id, \"smartFilterBar-filterItemControl_BASIC-MAIN_ADDRESS-valueHelpDialog-table-table\")]/tbody/tr[1]/td[1]/div/span"}
COMMAND: POST /session/d1da2243ed5db842980eb3a0b04f68c1/execute/sync - {"script":"<script> [56 bytes]","args":[{"element-6066-11e4-a52e-4f735466cecf":"f.88445BC73AA68FCADA91DF858886134B.d.F3441DA8865B228DDB702D2041A2C3E8.e.8153","ELEMENT":"f.88445BC73AA68FCADA91DF858886134B.d.F3441DA8865B228DDB702D2041A2C3E8.e.8153"}]}
RESULT: {"script":"<script> [56 bytes]","args":[{"element-6066-11e4-a52e-4f735466cecf":"f.88445BC73AA68FCADA91DF858886134B.d.F3441DA8865B228DDB702D2041A2C3E8.e.8153","ELEMENT":"f.88445BC73AA68FCADA91DF858886134B.d.F3441DA8865B228DDB702D2041A2C3E8.e.8153"}]}
COMMAND: POST /session/d1da2243ed5db842980eb3a0b04f68c1/element - {"using":"xpath","value":"//div[contains(@id, \"filterItemControl_BASIC-MAIN_ADDRESS-valueHelpDialog-table-rowsel0\")]"}
COMMAND: GET /session/d1da2243ed5db842980eb3a0b04f68c1/screenshot - {}
RESULT: {"using":"xpath","value":"//div[contains(@id, \"filterItemControl_BASIC-MAIN_ADDRESS-valueHelpDialog-table-rowsel0\")]"}
COMMAND: POST /session/d1da2243ed5db842980eb3a0b04f68c1/element/f.88445BC73AA68FCADA91DF858886134B.d.F3441DA8865B228DDB702D2041A2C3E8.e.8154/click - {}
RESULT: {}
RESULT: {}
COMMAND: GET /session/d1da2243ed5db842980eb3a0b04f68c1/screenshot - {}
RESULT: {}
COMMAND: POST /session/d1da2243ed5db842980eb3a0b04f68c1/element - {"using":"xpath","value":"(//bdi[contains(text(), \"OK\")])[1]"}
RESULT: {"using":"xpath","value":"(//bdi[contains(text(), \"OK\")])[1]"}
COMMAND: POST /session/d1da2243ed5db842980eb3a0b04f68c1/element/f.88445BC73AA68FCADA91DF858886134B.d.F3441DA8865B228DDB702D2041A2C3E8.e.8156/click - {}
RESULT: {}
COMMAND: GET /session/d1da2243ed5db842980eb3a0b04f68c1/screenshot - {}
RESULT: {}
COMMAND: POST /session/d1da2243ed5db842980eb3a0b04f68c1/element - {"using":"xpath","value":"//span[@id=\"application-managepartners-display-component---masterPtm--smartTable-header-inner\"]"}
RESULT: {"using":"xpath","value":"//span[@id=\"application-managepartners-display-component---masterPtm--smartTable-header-inner\"]"}
COMMAND: POST /session/d1da2243ed5db842980eb3a0b04f68c1/elements - {"using":"xpath","value":"//span[@id=\"application-managepartners-display-component---masterPtm--smartTable-header-inner\"]"}
RESULT: {"using":"xpath","value":"//span[@id=\"application-managepartners-display-component---masterPtm--smartTable-header-inner\"]"}
COMMAND: POST /session/d1da2243ed5db842980eb3a0b04f68c1/execute/sync - {"script":"<script> [56 bytes]","args":[{"element-6066-11e4-a52e-4f735466cecf":"f.88445BC73AA68FCADA91DF858886134B.d.F3441DA8865B228DDB702D2041A2C3E8.e.7720","ELEMENT":"f.88445BC73AA68FCADA91DF858886134B.d.F3441DA8865B228DDB702D2041A2C3E8.e.7720"}]}
RESULT: {"script":"<script> [56 bytes]","args":[{"element-6066-11e4-a52e-4f735466cecf":"f.88445BC73AA68FCADA91DF858886134B.d.F3441DA8865B228DDB702D2041A2C3E8.e.7720","ELEMENT":"f.88445BC73AA68FCADA91DF858886134B.d.F3441DA8865B228DDB702D2041A2C3E8.e.7720"}]}
COMMAND: POST /session/d1da2243ed5db842980eb3a0b04f68c1/element - {"using":"xpath","value":"//span[contains(@title, \"Remove\")]"}
COMMAND: GET /session/d1da2243ed5db842980eb3a0b04f68c1/screenshot - {}
RESULT: {"using":"xpath","value":"//span[contains(@title, \"Remove\")]"}
COMMAND: POST /session/d1da2243ed5db842980eb3a0b04f68c1/element/f.88445BC73AA68FCADA91DF858886134B.d.F3441DA8865B228DDB702D2041A2C3E8.e.8169/click - {}
RESULT: {}
RESULT: {}
COMMAND: GET /session/d1da2243ed5db842980eb3a0b04f68c1/screenshot - {}
RESULT: {}
COMMAND: POST /session/d1da2243ed5db842980eb3a0b04f68c1/execute/async - {"script":"<script> [1562 bytes]","args":[{"selector":{"id":"application-managepartners-display-component---masterPtm--catalogs-arrow"},"wdio_ui5_key":"applicationmanagepartners-display-component---masterPtm--catalogs-arrow"}]}
RESULT: {"script":"<script> [1562 bytes]","args":[{"selector":{"id":"application-managepartners-display-component---masterPtm--catalogs-arrow"},"wdio_ui5_key":"applicationmanagepartners-display-component---masterPtm--catalogs-arrow"}]}
RESULT: undefined
COMMAND: POST /session/d1da2243ed5db842980eb3a0b04f68c1/element - {"using":"xpath","value":"//*[@id=\"application-managepartners-display-component---masterPtm--catalogs-arrow\"]"}
RESULT: {"using":"xpath","value":"//*[@id=\"application-managepartners-display-component---masterPtm--catalogs-arrow\"]"}
COMMAND: POST /session/d1da2243ed5db842980eb3a0b04f68c1/element/f.88445BC73AA68FCADA91DF858886134B.d.F3441DA8865B228DDB702D2041A2C3E8.e.8276/click - {}
RESULT: {}
COMMAND: GET /session/d1da2243ed5db842980eb3a0b04f68c1/screenshot - {}
RESULT: {}
COMMAND: POST /session/d1da2243ed5db842980eb3a0b04f68c1/element - {"using":"xpath","value":"//li[.//span[text()=\"Webshop Catalog\"]]//div[contains(@class,\"sapMCbBg\")]"}
RESULT: {"using":"xpath","value":"//li[.//span[text()=\"Webshop Catalog\"]]//div[contains(@class,\"sapMCbBg\")]"}
COMMAND: POST /session/d1da2243ed5db842980eb3a0b04f68c1/element/f.88445BC73AA68FCADA91DF858886134B.d.F3441DA8865B228DDB702D2041A2C3E8.e.8288/click - {}
RESULT: {}
COMMAND: GET /session/d1da2243ed5db842980eb3a0b04f68c1/screenshot - {}
RESULT: {}
RESULT: undefined
COMMAND: POST /session/d1da2243ed5db842980eb3a0b04f68c1/element - {"using":"xpath","value":"//*[@id=\"application-managepartners-display-component---masterPtm--catalogs-arrow\"]"}
RESULT: {"using":"xpath","value":"//*[@id=\"application-managepartners-display-component---masterPtm--catalogs-arrow\"]"}
COMMAND: POST /session/d1da2243ed5db842980eb3a0b04f68c1/element/f.88445BC73AA68FCADA91DF858886134B.d.F3441DA8865B228DDB702D2041A2C3E8.e.8276/click - {}
RESULT: {}
COMMAND: POST /session/d1da2243ed5db842980eb3a0b04f68c1/element - {"using":"xpath","value":"//span[@id=\"application-managepartners-display-component---masterPtm--smartTable-header-inner\"]"}
COMMAND: GET /session/d1da2243ed5db842980eb3a0b04f68c1/screenshot - {}
RESULT: {"using":"xpath","value":"//span[@id=\"application-managepartners-display-component---masterPtm--smartTable-header-inner\"]"}
COMMAND: POST /session/d1da2243ed5db842980eb3a0b04f68c1/elements - {"using":"xpath","value":"//span[@id=\"application-managepartners-display-component---masterPtm--smartTable-header-inner\"]"}
RESULT: {}
RESULT: {"using":"xpath","value":"//span[@id=\"application-managepartners-display-component---masterPtm--smartTable-header-inner\"]"}
COMMAND: POST /session/d1da2243ed5db842980eb3a0b04f68c1/execute/sync - {"script":"<script> [56 bytes]","args":[{"element-6066-11e4-a52e-4f735466cecf":"f.88445BC73AA68FCADA91DF858886134B.d.F3441DA8865B228DDB702D2041A2C3E8.e.7720","ELEMENT":"f.88445BC73AA68FCADA91DF858886134B.d.F3441DA8865B228DDB702D2041A2C3E8.e.7720"}]}
RESULT: {"script":"<script> [56 bytes]","args":[{"element-6066-11e4-a52e-4f735466cecf":"f.88445BC73AA68FCADA91DF858886134B.d.F3441DA8865B228DDB702D2041A2C3E8.e.7720","ELEMENT":"f.88445BC73AA68FCADA91DF858886134B.d.F3441DA8865B228DDB702D2041A2C3E8.e.7720"}]}
COMMAND: POST /session/d1da2243ed5db842980eb3a0b04f68c1/element - {"using":"xpath","value":"//span[contains(@title, \"Remove\")]"}
COMMAND: GET /session/d1da2243ed5db842980eb3a0b04f68c1/screenshot - {}
RESULT: {"using":"xpath","value":"//span[contains(@title, \"Remove\")]"}
COMMAND: POST /session/d1da2243ed5db842980eb3a0b04f68c1/element/f.88445BC73AA68FCADA91DF858886134B.d.F3441DA8865B228DDB702D2041A2C3E8.e.8303/click - {}
RESULT: {}
RESULT: {}
COMMAND: GET /session/d1da2243ed5db842980eb3a0b04f68c1/screenshot - {}
RESULT: {}
COMMAND: POST /session/d1da2243ed5db842980eb3a0b04f68c1/execute/async - {"script":"<script> [1562 bytes]","args":[{"selector":{"id":"application-managepartners-display-component---masterPtm--currencies-arrow"},"wdio_ui5_key":"applicationmanagepartners-display-component---masterPtm--currencies-arrow"}]}
RESULT: {"script":"<script> [1562 bytes]","args":[{"selector":{"id":"application-managepartners-display-component---masterPtm--currencies-arrow"},"wdio_ui5_key":"applicationmanagepartners-display-component---masterPtm--currencies-arrow"}]}
RESULT: undefined
COMMAND: POST /session/d1da2243ed5db842980eb3a0b04f68c1/element - {"using":"xpath","value":"//*[@id=\"application-managepartners-display-component---masterPtm--currencies-arrow\"]"}
RESULT: {"using":"xpath","value":"//*[@id=\"application-managepartners-display-component---masterPtm--currencies-arrow\"]"}
COMMAND: POST /session/d1da2243ed5db842980eb3a0b04f68c1/element/f.88445BC73AA68FCADA91DF858886134B.d.F3441DA8865B228DDB702D2041A2C3E8.e.8384/click - {}
RESULT: {}
COMMAND: GET /session/d1da2243ed5db842980eb3a0b04f68c1/screenshot - {}
RESULT: {}
COMMAND: POST /session/d1da2243ed5db842980eb3a0b04f68c1/element - {"using":"xpath","value":"//li[.//span[text()=\"US Dollar\"]]//div[contains(@class,\"sapMCbBg\")]"}
RESULT: {"using":"xpath","value":"//li[.//span[text()=\"US Dollar\"]]//div[contains(@class,\"sapMCbBg\")]"}
COMMAND: POST /session/d1da2243ed5db842980eb3a0b04f68c1/element/f.88445BC73AA68FCADA91DF858886134B.d.F3441DA8865B228DDB702D2041A2C3E8.e.8387/click - {}
RESULT: {}
COMMAND: GET /session/d1da2243ed5db842980eb3a0b04f68c1/screenshot - {}
RESULT: {}
RESULT: undefined
COMMAND: POST /session/d1da2243ed5db842980eb3a0b04f68c1/element - {"using":"xpath","value":"//*[@id=\"application-managepartners-display-component---masterPtm--currencies-arrow\"]"}
RESULT: {"using":"xpath","value":"//*[@id=\"application-managepartners-display-component---masterPtm--currencies-arrow\"]"}
COMMAND: POST /session/d1da2243ed5db842980eb3a0b04f68c1/element/f.88445BC73AA68FCADA91DF858886134B.d.F3441DA8865B228DDB702D2041A2C3E8.e.8384/click - {}
RESULT: {}
COMMAND: POST /session/d1da2243ed5db842980eb3a0b04f68c1/element - {"using":"xpath","value":"//span[@id=\"application-managepartners-display-component---masterPtm--smartTable-header-inner\"]"}
COMMAND: GET /session/d1da2243ed5db842980eb3a0b04f68c1/screenshot - {}
RESULT: {"using":"xpath","value":"//span[@id=\"application-managepartners-display-component---masterPtm--smartTable-header-inner\"]"}
COMMAND: POST /session/d1da2243ed5db842980eb3a0b04f68c1/elements - {"using":"xpath","value":"//span[@id=\"application-managepartners-display-component---masterPtm--smartTable-header-inner\"]"}
RESULT: {}
RESULT: {"using":"xpath","value":"//span[@id=\"application-managepartners-display-component---masterPtm--smartTable-header-inner\"]"}
COMMAND: POST /session/d1da2243ed5db842980eb3a0b04f68c1/execute/sync - {"script":"<script> [56 bytes]","args":[{"element-6066-11e4-a52e-4f735466cecf":"f.88445BC73AA68FCADA91DF858886134B.d.F3441DA8865B228DDB702D2041A2C3E8.e.7720","ELEMENT":"f.88445BC73AA68FCADA91DF858886134B.d.F3441DA8865B228DDB702D2041A2C3E8.e.7720"}]}
RESULT: {"script":"<script> [56 bytes]","args":[{"element-6066-11e4-a52e-4f735466cecf":"f.88445BC73AA68FCADA91DF858886134B.d.F3441DA8865B228DDB702D2041A2C3E8.e.7720","ELEMENT":"f.88445BC73AA68FCADA91DF858886134B.d.F3441DA8865B228DDB702D2041A2C3E8.e.7720"}]}
COMMAND: POST /session/d1da2243ed5db842980eb3a0b04f68c1/element - {"using":"xpath","value":"//span[contains(@title, \"Remove\")]"}
COMMAND: GET /session/d1da2243ed5db842980eb3a0b04f68c1/screenshot - {}
RESULT: {"using":"xpath","value":"//span[contains(@title, \"Remove\")]"}
COMMAND: POST /session/d1da2243ed5db842980eb3a0b04f68c1/element/f.88445BC73AA68FCADA91DF858886134B.d.F3441DA8865B228DDB702D2041A2C3E8.e.8547/click - {}
RESULT: {}
RESULT: {}
COMMAND: GET /session/d1da2243ed5db842980eb3a0b04f68c1/screenshot - {}
RESULT: {}
COMMAND: POST /session/d1da2243ed5db842980eb3a0b04f68c1/execute/async - {"script":"<script> [1562 bytes]","args":[{"selector":{"id":"application-managepartners-display-component---masterPtm--languages-arrow"},"wdio_ui5_key":"applicationmanagepartners-display-component---masterPtm--languages-arrow"}]}
RESULT: {"script":"<script> [1562 bytes]","args":[{"selector":{"id":"application-managepartners-display-component---masterPtm--languages-arrow"},"wdio_ui5_key":"applicationmanagepartners-display-component---masterPtm--languages-arrow"}]}
RESULT: undefined
COMMAND: POST /session/d1da2243ed5db842980eb3a0b04f68c1/element - {"using":"xpath","value":"//*[@id=\"application-managepartners-display-component---masterPtm--languages-arrow\"]"}
RESULT: {"using":"xpath","value":"//*[@id=\"application-managepartners-display-component---masterPtm--languages-arrow\"]"}
COMMAND: POST /session/d1da2243ed5db842980eb3a0b04f68c1/element/f.88445BC73AA68FCADA91DF858886134B.d.F3441DA8865B228DDB702D2041A2C3E8.e.8628/click - {}
RESULT: {}
COMMAND: GET /session/d1da2243ed5db842980eb3a0b04f68c1/screenshot - {}
RESULT: {}
COMMAND: POST /session/d1da2243ed5db842980eb3a0b04f68c1/element - {"using":"xpath","value":"//li[.//span[text()=\"German\"]]//div[contains(@class,\"sapMCbBg\")]"}
RESULT: {"using":"xpath","value":"//li[.//span[text()=\"German\"]]//div[contains(@class,\"sapMCbBg\")]"}
COMMAND: POST /session/d1da2243ed5db842980eb3a0b04f68c1/element/f.88445BC73AA68FCADA91DF858886134B.d.F3441DA8865B228DDB702D2041A2C3E8.e.8672/click - {}
RESULT: {}
COMMAND: GET /session/d1da2243ed5db842980eb3a0b04f68c1/screenshot - {}
RESULT: {}
RESULT: undefined
COMMAND: POST /session/d1da2243ed5db842980eb3a0b04f68c1/element - {"using":"xpath","value":"//*[@id=\"application-managepartners-display-component---masterPtm--languages-arrow\"]"}
RESULT: {"using":"xpath","value":"//*[@id=\"application-managepartners-display-component---masterPtm--languages-arrow\"]"}
COMMAND: POST /session/d1da2243ed5db842980eb3a0b04f68c1/element/f.88445BC73AA68FCADA91DF858886134B.d.F3441DA8865B228DDB702D2041A2C3E8.e.8628/click - {}
RESULT: {}
COMMAND: POST /session/d1da2243ed5db842980eb3a0b04f68c1/element - {"using":"xpath","value":"//span[@id=\"application-managepartners-display-component---masterPtm--smartTable-header-inner\"]"}
COMMAND: GET /session/d1da2243ed5db842980eb3a0b04f68c1/screenshot - {}
RESULT: {"using":"xpath","value":"//span[@id=\"application-managepartners-display-component---masterPtm--smartTable-header-inner\"]"}
COMMAND: POST /session/d1da2243ed5db842980eb3a0b04f68c1/elements - {"using":"xpath","value":"//span[@id=\"application-managepartners-display-component---masterPtm--smartTable-header-inner\"]"}
RESULT: {}
RESULT: {"using":"xpath","value":"//span[@id=\"application-managepartners-display-component---masterPtm--smartTable-header-inner\"]"}
COMMAND: POST /session/d1da2243ed5db842980eb3a0b04f68c1/execute/sync - {"script":"<script> [56 bytes]","args":[{"element-6066-11e4-a52e-4f735466cecf":"f.88445BC73AA68FCADA91DF858886134B.d.F3441DA8865B228DDB702D2041A2C3E8.e.7720","ELEMENT":"f.88445BC73AA68FCADA91DF858886134B.d.F3441DA8865B228DDB702D2041A2C3E8.e.7720"}]}
RESULT: {"script":"<script> [56 bytes]","args":[{"element-6066-11e4-a52e-4f735466cecf":"f.88445BC73AA68FCADA91DF858886134B.d.F3441DA8865B228DDB702D2041A2C3E8.e.7720","ELEMENT":"f.88445BC73AA68FCADA91DF858886134B.d.F3441DA8865B228DDB702D2041A2C3E8.e.7720"}]}
COMMAND: POST /session/d1da2243ed5db842980eb3a0b04f68c1/element - {"using":"css selector","value":"#shell-header-logo"}
COMMAND: GET /session/d1da2243ed5db842980eb3a0b04f68c1/screenshot - {}
RESULT: {"using":"css selector","value":"#shell-header-logo"}
COMMAND: POST /session/d1da2243ed5db842980eb3a0b04f68c1/element/f.88445BC73AA68FCADA91DF858886134B.d.F3441DA8865B228DDB702D2041A2C3E8.e.7551/click - {}
RESULT: {}
RESULT: {}
COMMAND: GET /session/d1da2243ed5db842980eb3a0b04f68c1/screenshot - {}
RESULT: {}
]]></system-out>
    </testcase>
    <testcase classname="chrome.136_0_7103_93.windows.Partner_specific_tests_US150819_US151080_US151654_US151176_US103444_US151078_US151079_US151109_US151174_US151175_US151189" name="Should add a new Business Partner role same role US151541" time="73.654">
      <system-out><![CDATA[
COMMAND: POST /session/d1da2243ed5db842980eb3a0b04f68c1/execute/async - {"script":"<script> [1562 bytes]","args":[{"selector":{"controlType":"sap.m.GenericTile","properties":{"header":"Data Explorer"}},"wdio_ui5_key":"sapm.GenericTile{\"header\":\"Data Explorer\"}"}]}
RESULT: {"script":"<script> [1562 bytes]","args":[{"selector":{"controlType":"sap.m.GenericTile","properties":{"header":"Data Explorer"}},"wdio_ui5_key":"sapm.GenericTile{\"header\":\"Data Explorer\"}"}]}
RESULT: undefined
COMMAND: POST /session/d1da2243ed5db842980eb3a0b04f68c1/element - {"using":"xpath","value":"//*[@id=\"__tile117\"]"}
RESULT: {"using":"xpath","value":"//*[@id=\"__tile117\"]"}
COMMAND: POST /session/d1da2243ed5db842980eb3a0b04f68c1/element/f.88445BC73AA68FCADA91DF858886134B.d.F3441DA8865B228DDB702D2041A2C3E8.e.8737/click - {}
RESULT: {}
COMMAND: GET /session/d1da2243ed5db842980eb3a0b04f68c1/screenshot - {}
RESULT: {}
COMMAND: POST /session/d1da2243ed5db842980eb3a0b04f68c1/elements - {"using":"xpath","value":"//span[text()='Error']"}
RESULT: {"using":"xpath","value":"//span[text()='Error']"}
COMMAND: POST /session/d1da2243ed5db842980eb3a0b04f68c1/window/fullscreen - {}
RESULT: {}
COMMAND: POST /session/d1da2243ed5db842980eb3a0b04f68c1/element - {"using":"xpath","value":"//input[@id=\"application-businessconfigurations-display-component---masterBusinessConfigurations--smartFilterBar-btnBasicSearch-I\"]"}
RESULT: {"using":"xpath","value":"//input[@id=\"application-businessconfigurations-display-component---masterBusinessConfigurations--smartFilterBar-btnBasicSearch-I\"]"}
COMMAND: POST /session/d1da2243ed5db842980eb3a0b04f68c1/elements - {"using":"xpath","value":"//input[@id=\"application-businessconfigurations-display-component---masterBusinessConfigurations--smartFilterBar-btnBasicSearch-I\"]"}
RESULT: {"using":"xpath","value":"//input[@id=\"application-businessconfigurations-display-component---masterBusinessConfigurations--smartFilterBar-btnBasicSearch-I\"]"}
COMMAND: POST /session/d1da2243ed5db842980eb3a0b04f68c1/execute/sync - {"script":"<script> [8489 bytes]","args":[{"element-6066-11e4-a52e-4f735466cecf":"f.88445BC73AA68FCADA91DF858886134B.d.F3441DA8865B228DDB702D2041A2C3E8.e.8757","ELEMENT":"f.88445BC73AA68FCADA91DF858886134B.d.F3441DA8865B228DDB702D2041A2C3E8.e.8757"}]}
RESULT: {"script":"<script> [8489 bytes]","args":[{"element-6066-11e4-a52e-4f735466cecf":"f.88445BC73AA68FCADA91DF858886134B.d.F3441DA8865B228DDB702D2041A2C3E8.e.8757","ELEMENT":"f.88445BC73AA68FCADA91DF858886134B.d.F3441DA8865B228DDB702D2041A2C3E8.e.8757"}]}
COMMAND: GET /session/d1da2243ed5db842980eb3a0b04f68c1/element/f.88445BC73AA68FCADA91DF858886134B.d.F3441DA8865B228DDB702D2041A2C3E8.e.8757/enabled - {}
COMMAND: GET /session/d1da2243ed5db842980eb3a0b04f68c1/screenshot - {}
RESULT: {}
COMMAND: POST /session/d1da2243ed5db842980eb3a0b04f68c1/execute/sync - {"script":"<script> [8489 bytes]","args":[{"element-6066-11e4-a52e-4f735466cecf":"f.88445BC73AA68FCADA91DF858886134B.d.F3441DA8865B228DDB702D2041A2C3E8.e.8757","ELEMENT":"f.88445BC73AA68FCADA91DF858886134B.d.F3441DA8865B228DDB702D2041A2C3E8.e.8757"}]}
COMMAND: GET /session/d1da2243ed5db842980eb3a0b04f68c1/screenshot - {}
RESULT: {}
RESULT: {"script":"<script> [8489 bytes]","args":[{"element-6066-11e4-a52e-4f735466cecf":"f.88445BC73AA68FCADA91DF858886134B.d.F3441DA8865B228DDB702D2041A2C3E8.e.8757","ELEMENT":"f.88445BC73AA68FCADA91DF858886134B.d.F3441DA8865B228DDB702D2041A2C3E8.e.8757"}]}
COMMAND: POST /session/d1da2243ed5db842980eb3a0b04f68c1/execute/sync - {"script":"<script> [5351 bytes]","args":[{"element-6066-11e4-a52e-4f735466cecf":"f.88445BC73AA68FCADA91DF858886134B.d.F3441DA8865B228DDB702D2041A2C3E8.e.8757","ELEMENT":"f.88445BC73AA68FCADA91DF858886134B.d.F3441DA8865B228DDB702D2041A2C3E8.e.8757"}]}
COMMAND: GET /session/d1da2243ed5db842980eb3a0b04f68c1/screenshot - {}
RESULT: {}
RESULT: {"script":"<script> [5351 bytes]","args":[{"element-6066-11e4-a52e-4f735466cecf":"f.88445BC73AA68FCADA91DF858886134B.d.F3441DA8865B228DDB702D2041A2C3E8.e.8757","ELEMENT":"f.88445BC73AA68FCADA91DF858886134B.d.F3441DA8865B228DDB702D2041A2C3E8.e.8757"}]}
COMMAND: GET /session/d1da2243ed5db842980eb3a0b04f68c1/screenshot - {}
RESULT: {}
RESULT: {}
COMMAND: POST /session/d1da2243ed5db842980eb3a0b04f68c1/element - {"using":"xpath","value":"//span[@id=\"application-businessconfigurations-display-component---masterBusinessConfigurations--masterListDataExplorerSmartTable-header-inner\"]"}
RESULT: {"using":"xpath","value":"//span[@id=\"application-businessconfigurations-display-component---masterBusinessConfigurations--masterListDataExplorerSmartTable-header-inner\"]"}
COMMAND: POST /session/d1da2243ed5db842980eb3a0b04f68c1/elements - {"using":"xpath","value":"//span[@id=\"application-businessconfigurations-display-component---masterBusinessConfigurations--masterListDataExplorerSmartTable-header-inner\"]"}
RESULT: {"using":"xpath","value":"//span[@id=\"application-businessconfigurations-display-component---masterBusinessConfigurations--masterListDataExplorerSmartTable-header-inner\"]"}
COMMAND: POST /session/d1da2243ed5db842980eb3a0b04f68c1/execute/sync - {"script":"<script> [56 bytes]","args":[{"element-6066-11e4-a52e-4f735466cecf":"f.88445BC73AA68FCADA91DF858886134B.d.F3441DA8865B228DDB702D2041A2C3E8.e.9065","ELEMENT":"f.88445BC73AA68FCADA91DF858886134B.d.F3441DA8865B228DDB702D2041A2C3E8.e.9065"}]}
RESULT: {"script":"<script> [56 bytes]","args":[{"element-6066-11e4-a52e-4f735466cecf":"f.88445BC73AA68FCADA91DF858886134B.d.F3441DA8865B228DDB702D2041A2C3E8.e.9065","ELEMENT":"f.88445BC73AA68FCADA91DF858886134B.d.F3441DA8865B228DDB702D2041A2C3E8.e.9065"}]}
COMMAND: POST /session/d1da2243ed5db842980eb3a0b04f68c1/element/f.88445BC73AA68FCADA91DF858886134B.d.F3441DA8865B228DDB702D2041A2C3E8.e.8757/clear - {}
COMMAND: GET /session/d1da2243ed5db842980eb3a0b04f68c1/screenshot - {}
RESULT: {}
COMMAND: POST /session/d1da2243ed5db842980eb3a0b04f68c1/element/f.88445BC73AA68FCADA91DF858886134B.d.F3441DA8865B228DDB702D2041A2C3E8.e.8757/value - {"text":"NETM_C_BUSINESS_PARTNER_ROLES"}
COMMAND: GET /session/d1da2243ed5db842980eb3a0b04f68c1/screenshot - {}
RESULT: {}
RESULT: {"text":"NETM_C_BUSINESS_PARTNER_ROLES"}
COMMAND: GET /session/d1da2243ed5db842980eb3a0b04f68c1/screenshot - {}
RESULT: {}
RESULT: {}
COMMAND: POST /session/d1da2243ed5db842980eb3a0b04f68c1/actions - {"actions":[{"id":"action25","type":"key","parameters":{},"actions":[{"type":"keyDown","value":""},{"type":"pause","duration":10},{"type":"keyUp","value":""}]}]}
RESULT: {"actions":[{"id":"action25","type":"key","parameters":{},"actions":[{"type":"keyDown","value":""},{"type":"pause","duration":10},{"type":"keyUp","value":""}]}]}
COMMAND: GET /session/d1da2243ed5db842980eb3a0b04f68c1/screenshot - {}
RESULT: {}
COMMAND: POST /session/d1da2243ed5db842980eb3a0b04f68c1/elements - {"using":"xpath","value":"//table[contains(@id, \"masterListDataExplorerTable-listUl\")]/tbody/tr"}
RESULT: {"using":"xpath","value":"//table[contains(@id, \"masterListDataExplorerTable-listUl\")]/tbody/tr"}
COMMAND: POST /session/d1da2243ed5db842980eb3a0b04f68c1/element - {"using":"xpath","value":"//table[contains(@id, \"masterListDataExplorerTable-listUl\")]/tbody/tr[2]/td[4]/span"}
RESULT: {"using":"xpath","value":"//table[contains(@id, \"masterListDataExplorerTable-listUl\")]/tbody/tr[2]/td[4]/span"}
COMMAND: POST /session/d1da2243ed5db842980eb3a0b04f68c1/elements - {"using":"xpath","value":"//table[contains(@id, \"masterListDataExplorerTable-listUl\")]/tbody/tr[2]/td[4]/span"}
RESULT: {"using":"xpath","value":"//table[contains(@id, \"masterListDataExplorerTable-listUl\")]/tbody/tr[2]/td[4]/span"}
COMMAND: POST /session/d1da2243ed5db842980eb3a0b04f68c1/execute/sync - {"script":"<script> [56 bytes]","args":[{"element-6066-11e4-a52e-4f735466cecf":"f.88445BC73AA68FCADA91DF858886134B.d.F3441DA8865B228DDB702D2041A2C3E8.e.9073","ELEMENT":"f.88445BC73AA68FCADA91DF858886134B.d.F3441DA8865B228DDB702D2041A2C3E8.e.9073"}]}
RESULT: {"script":"<script> [56 bytes]","args":[{"element-6066-11e4-a52e-4f735466cecf":"f.88445BC73AA68FCADA91DF858886134B.d.F3441DA8865B228DDB702D2041A2C3E8.e.9073","ELEMENT":"f.88445BC73AA68FCADA91DF858886134B.d.F3441DA8865B228DDB702D2041A2C3E8.e.9073"}]}
COMMAND: POST /session/d1da2243ed5db842980eb3a0b04f68c1/element - {"using":"xpath","value":"(//span[contains(@id, \"imgNav\")])[1]"}
COMMAND: GET /session/d1da2243ed5db842980eb3a0b04f68c1/screenshot - {}
RESULT: {"using":"xpath","value":"(//span[contains(@id, \"imgNav\")])[1]"}
COMMAND: POST /session/d1da2243ed5db842980eb3a0b04f68c1/element/f.88445BC73AA68FCADA91DF858886134B.d.F3441DA8865B228DDB702D2041A2C3E8.e.9074/click - {}
RESULT: {}
RESULT: {}
COMMAND: GET /session/d1da2243ed5db842980eb3a0b04f68c1/screenshot - {}
RESULT: {}
COMMAND: POST /session/d1da2243ed5db842980eb3a0b04f68c1/element - {"using":"xpath","value":"//bdi[contains(text(), \"Edit\")]"}
RESULT: {"using":"xpath","value":"//bdi[contains(text(), \"Edit\")]"}
COMMAND: POST /session/d1da2243ed5db842980eb3a0b04f68c1/element/f.88445BC73AA68FCADA91DF858886134B.d.F3441DA8865B228DDB702D2041A2C3E8.e.9192/click - {}
RESULT: {}
COMMAND: GET /session/d1da2243ed5db842980eb3a0b04f68c1/screenshot - {}
RESULT: {}
COMMAND: POST /session/d1da2243ed5db842980eb3a0b04f68c1/element - {"using":"xpath","value":"//button[contains(@id, \"detailBusinessConfigurations--addButton\")]"}
RESULT: {"using":"xpath","value":"//button[contains(@id, \"detailBusinessConfigurations--addButton\")]"}
COMMAND: POST /session/d1da2243ed5db842980eb3a0b04f68c1/element/f.88445BC73AA68FCADA91DF858886134B.d.F3441DA8865B228DDB702D2041A2C3E8.e.9202/click - {}
RESULT: {}
COMMAND: GET /session/d1da2243ed5db842980eb3a0b04f68c1/screenshot - {}
RESULT: {}
COMMAND: POST /session/d1da2243ed5db842980eb3a0b04f68c1/elements - {"using":"xpath","value":"//table[contains(@id, \"detailBusinessConfigurations--detailsTable-listUl\")]/tbody/tr"}
RESULT: {"using":"xpath","value":"//table[contains(@id, \"detailBusinessConfigurations--detailsTable-listUl\")]/tbody/tr"}
COMMAND: POST /session/d1da2243ed5db842980eb3a0b04f68c1/element - {"using":"xpath","value":"//table[contains(@id, \"detailBusinessConfigurations--detailsTable-listUl\")]/tbody/tr[1]/td[3]/div/div/div/div/input"}
RESULT: {"using":"xpath","value":"//table[contains(@id, \"detailBusinessConfigurations--detailsTable-listUl\")]/tbody/tr[1]/td[3]/div/div/div/div/input"}
COMMAND: POST /session/d1da2243ed5db842980eb3a0b04f68c1/element/f.88445BC73AA68FCADA91DF858886134B.d.F3441DA8865B228DDB702D2041A2C3E8.e.9205/clear - {}
RESULT: {}
COMMAND: POST /session/d1da2243ed5db842980eb3a0b04f68c1/element/f.88445BC73AA68FCADA91DF858886134B.d.F3441DA8865B228DDB702D2041A2C3E8.e.9205/value - {"text":"WebDriver Testy"}
COMMAND: GET /session/d1da2243ed5db842980eb3a0b04f68c1/screenshot - {}
RESULT: {"text":"WebDriver Testy"}
COMMAND: GET /session/d1da2243ed5db842980eb3a0b04f68c1/screenshot - {}
RESULT: {}
RESULT: {}
COMMAND: POST /session/d1da2243ed5db842980eb3a0b04f68c1/element - {"using":"xpath","value":"//button[contains(@id, \"detailBusinessConfigurations--addButton\")]"}
RESULT: {"using":"xpath","value":"//button[contains(@id, \"detailBusinessConfigurations--addButton\")]"}
COMMAND: POST /session/d1da2243ed5db842980eb3a0b04f68c1/element/f.88445BC73AA68FCADA91DF858886134B.d.F3441DA8865B228DDB702D2041A2C3E8.e.9202/click - {}
RESULT: {}
COMMAND: GET /session/d1da2243ed5db842980eb3a0b04f68c1/screenshot - {}
RESULT: {}
COMMAND: POST /session/d1da2243ed5db842980eb3a0b04f68c1/element - {"using":"xpath","value":"//table[contains(@id, \"detailBusinessConfigurations--detailsTable-listUl\")]/tbody/tr[1]/td[3]/div/div/div/div/input"}
RESULT: {"using":"xpath","value":"//table[contains(@id, \"detailBusinessConfigurations--detailsTable-listUl\")]/tbody/tr[1]/td[3]/div/div/div/div/input"}
COMMAND: POST /session/d1da2243ed5db842980eb3a0b04f68c1/element/f.88445BC73AA68FCADA91DF858886134B.d.F3441DA8865B228DDB702D2041A2C3E8.e.9218/clear - {}
RESULT: {}
COMMAND: POST /session/d1da2243ed5db842980eb3a0b04f68c1/element/f.88445BC73AA68FCADA91DF858886134B.d.F3441DA8865B228DDB702D2041A2C3E8.e.9218/value - {"text":"WebDriver Testy"}
COMMAND: GET /session/d1da2243ed5db842980eb3a0b04f68c1/screenshot - {}
RESULT: {"text":"WebDriver Testy"}
COMMAND: GET /session/d1da2243ed5db842980eb3a0b04f68c1/screenshot - {}
RESULT: {}
RESULT: {}
COMMAND: POST /session/d1da2243ed5db842980eb3a0b04f68c1/element - {"using":"xpath","value":"//bdi[text()=\"Save\"]"}
RESULT: {"using":"xpath","value":"//bdi[text()=\"Save\"]"}
COMMAND: POST /session/d1da2243ed5db842980eb3a0b04f68c1/element/f.88445BC73AA68FCADA91DF858886134B.d.F3441DA8865B228DDB702D2041A2C3E8.e.9225/click - {}
RESULT: {}
COMMAND: GET /session/d1da2243ed5db842980eb3a0b04f68c1/screenshot - {}
RESULT: {}
COMMAND: POST /session/d1da2243ed5db842980eb3a0b04f68c1/element - {"using":"xpath","value":"//span[contains(@class, \"sapMMsgBoxText\")]"}
RESULT: {"using":"xpath","value":"//span[contains(@class, \"sapMMsgBoxText\")]"}
COMMAND: POST /session/d1da2243ed5db842980eb3a0b04f68c1/elements - {"using":"xpath","value":"//span[contains(@class, \"sapMMsgBoxText\")]"}
RESULT: {"using":"xpath","value":"//span[contains(@class, \"sapMMsgBoxText\")]"}
COMMAND: POST /session/d1da2243ed5db842980eb3a0b04f68c1/execute/sync - {"script":"<script> [56 bytes]","args":[{"element-6066-11e4-a52e-4f735466cecf":"f.88445BC73AA68FCADA91DF858886134B.d.F3441DA8865B228DDB702D2041A2C3E8.e.9244","ELEMENT":"f.88445BC73AA68FCADA91DF858886134B.d.F3441DA8865B228DDB702D2041A2C3E8.e.9244"}]}
RESULT: {"script":"<script> [56 bytes]","args":[{"element-6066-11e4-a52e-4f735466cecf":"f.88445BC73AA68FCADA91DF858886134B.d.F3441DA8865B228DDB702D2041A2C3E8.e.9244","ELEMENT":"f.88445BC73AA68FCADA91DF858886134B.d.F3441DA8865B228DDB702D2041A2C3E8.e.9244"}]}
COMMAND: POST /session/d1da2243ed5db842980eb3a0b04f68c1/element - {"using":"xpath","value":"//bdi[text()=\"Close\"]"}
COMMAND: GET /session/d1da2243ed5db842980eb3a0b04f68c1/screenshot - {}
RESULT: {"using":"xpath","value":"//bdi[text()=\"Close\"]"}
COMMAND: POST /session/d1da2243ed5db842980eb3a0b04f68c1/element/f.88445BC73AA68FCADA91DF858886134B.d.F3441DA8865B228DDB702D2041A2C3E8.e.9245/click - {}
RESULT: {}
RESULT: {}
COMMAND: GET /session/d1da2243ed5db842980eb3a0b04f68c1/screenshot - {}
RESULT: {}
COMMAND: POST /session/d1da2243ed5db842980eb3a0b04f68c1/element - {"using":"css selector","value":"#shell-header-logo"}
RESULT: {"using":"css selector","value":"#shell-header-logo"}
COMMAND: POST /session/d1da2243ed5db842980eb3a0b04f68c1/element/f.88445BC73AA68FCADA91DF858886134B.d.F3441DA8865B228DDB702D2041A2C3E8.e.8744/click - {}
RESULT: {}
COMMAND: GET /session/d1da2243ed5db842980eb3a0b04f68c1/screenshot - {}
RESULT: {}
]]></system-out>
    </testcase>
    <testcase classname="chrome.136_0_7103_93.windows.Partner_specific_tests_US150819_US151080_US151654_US151176_US103444_US151078_US151079_US151109_US151174_US151175_US151189" name="Should do QC various tests US151189" time="59.704">
      <failure/>
      <error message="element not interactable&#xA;  (Session info: chrome=136.0.7103.93)"/>
      <system-out><![CDATA[
RESULT: undefined
COMMAND: POST /session/d1da2243ed5db842980eb3a0b04f68c1/element - {"using":"xpath","value":"//*[@id=\"__tile30\"]"}
RESULT: {"using":"xpath","value":"//*[@id=\"__tile30\"]"}
COMMAND: POST /session/d1da2243ed5db842980eb3a0b04f68c1/element/f.88445BC73AA68FCADA91DF858886134B.d.F3441DA8865B228DDB702D2041A2C3E8.e.4462/click - {}
RESULT: {}
COMMAND: POST /session/d1da2243ed5db842980eb3a0b04f68c1/element - {"using":"xpath","value":"//button[@data-kt=\"addButton\"]"}
COMMAND: GET /session/d1da2243ed5db842980eb3a0b04f68c1/screenshot - {}
RESULT: {"using":"xpath","value":"//button[@data-kt=\"addButton\"]"}
COMMAND: POST /session/d1da2243ed5db842980eb3a0b04f68c1/elements - {"using":"xpath","value":"//button[@data-kt=\"addButton\"]"}
RESULT: {}
RESULT: {"using":"xpath","value":"//button[@data-kt=\"addButton\"]"}
COMMAND: POST /session/d1da2243ed5db842980eb3a0b04f68c1/element - {"using":"xpath","value":"//button[@data-kt=\"addButton\"]"}
RESULT: {"using":"xpath","value":"//button[@data-kt=\"addButton\"]"}
COMMAND: POST /session/d1da2243ed5db842980eb3a0b04f68c1/execute/sync - {"script":"<script> [8489 bytes]","args":[{"element-6066-11e4-a52e-4f735466cecf":"f.88445BC73AA68FCADA91DF858886134B.d.F3441DA8865B228DDB702D2041A2C3E8.e.9293","ELEMENT":"f.88445BC73AA68FCADA91DF858886134B.d.F3441DA8865B228DDB702D2041A2C3E8.e.9293"}]}
RESULT: {"script":"<script> [8489 bytes]","args":[{"element-6066-11e4-a52e-4f735466cecf":"f.88445BC73AA68FCADA91DF858886134B.d.F3441DA8865B228DDB702D2041A2C3E8.e.9293","ELEMENT":"f.88445BC73AA68FCADA91DF858886134B.d.F3441DA8865B228DDB702D2041A2C3E8.e.9293"}]}
COMMAND: GET /session/d1da2243ed5db842980eb3a0b04f68c1/element/f.88445BC73AA68FCADA91DF858886134B.d.F3441DA8865B228DDB702D2041A2C3E8.e.9293/enabled - {}
COMMAND: GET /session/d1da2243ed5db842980eb3a0b04f68c1/screenshot - {}
RESULT: {}
COMMAND: POST /session/d1da2243ed5db842980eb3a0b04f68c1/execute/sync - {"script":"<script> [8489 bytes]","args":[{"element-6066-11e4-a52e-4f735466cecf":"f.88445BC73AA68FCADA91DF858886134B.d.F3441DA8865B228DDB702D2041A2C3E8.e.9293","ELEMENT":"f.88445BC73AA68FCADA91DF858886134B.d.F3441DA8865B228DDB702D2041A2C3E8.e.9293"}]}
COMMAND: GET /session/d1da2243ed5db842980eb3a0b04f68c1/screenshot - {}
RESULT: {}
RESULT: {"script":"<script> [8489 bytes]","args":[{"element-6066-11e4-a52e-4f735466cecf":"f.88445BC73AA68FCADA91DF858886134B.d.F3441DA8865B228DDB702D2041A2C3E8.e.9293","ELEMENT":"f.88445BC73AA68FCADA91DF858886134B.d.F3441DA8865B228DDB702D2041A2C3E8.e.9293"}]}
COMMAND: POST /session/d1da2243ed5db842980eb3a0b04f68c1/execute/sync - {"script":"<script> [5351 bytes]","args":[{"element-6066-11e4-a52e-4f735466cecf":"f.88445BC73AA68FCADA91DF858886134B.d.F3441DA8865B228DDB702D2041A2C3E8.e.9293","ELEMENT":"f.88445BC73AA68FCADA91DF858886134B.d.F3441DA8865B228DDB702D2041A2C3E8.e.9293"}]}
COMMAND: GET /session/d1da2243ed5db842980eb3a0b04f68c1/screenshot - {}
RESULT: {}
RESULT: {"script":"<script> [5351 bytes]","args":[{"element-6066-11e4-a52e-4f735466cecf":"f.88445BC73AA68FCADA91DF858886134B.d.F3441DA8865B228DDB702D2041A2C3E8.e.9293","ELEMENT":"f.88445BC73AA68FCADA91DF858886134B.d.F3441DA8865B228DDB702D2041A2C3E8.e.9293"}]}
COMMAND: GET /session/d1da2243ed5db842980eb3a0b04f68c1/screenshot - {}
RESULT: {}
RESULT: {}
COMMAND: POST /session/d1da2243ed5db842980eb3a0b04f68c1/element - {"using":"xpath","value":"//span[@id=\"application-managepartners-display-component---masterPtm--smartTable-header-inner\"]"}
RESULT: {"using":"xpath","value":"//span[@id=\"application-managepartners-display-component---masterPtm--smartTable-header-inner\"]"}
COMMAND: POST /session/d1da2243ed5db842980eb3a0b04f68c1/elements - {"using":"xpath","value":"//span[@id=\"application-managepartners-display-component---masterPtm--smartTable-header-inner\"]"}
RESULT: {"using":"xpath","value":"//span[@id=\"application-managepartners-display-component---masterPtm--smartTable-header-inner\"]"}
COMMAND: POST /session/d1da2243ed5db842980eb3a0b04f68c1/execute/sync - {"script":"<script> [56 bytes]","args":[{"element-6066-11e4-a52e-4f735466cecf":"f.88445BC73AA68FCADA91DF858886134B.d.F3441DA8865B228DDB702D2041A2C3E8.e.9416","ELEMENT":"f.88445BC73AA68FCADA91DF858886134B.d.F3441DA8865B228DDB702D2041A2C3E8.e.9416"}]}
RESULT: {"script":"<script> [56 bytes]","args":[{"element-6066-11e4-a52e-4f735466cecf":"f.88445BC73AA68FCADA91DF858886134B.d.F3441DA8865B228DDB702D2041A2C3E8.e.9416","ELEMENT":"f.88445BC73AA68FCADA91DF858886134B.d.F3441DA8865B228DDB702D2041A2C3E8.e.9416"}]}
RESULT: undefined
COMMAND: POST /session/d1da2243ed5db842980eb3a0b04f68c1/execute/async - {"script":"<script> [776 bytes]","args":[{"enterText":"1333","selector":{"id":"application-managepartners-display-component---masterPtm--smartFilterBar-btnBasicSearch","interaction":{"idSuffix":"I"}},"clearTextFirst":true,"interactionType":"ENTER_TEXT"}]}
COMMAND: GET /session/d1da2243ed5db842980eb3a0b04f68c1/screenshot - {}
RESULT: {"script":"<script> [776 bytes]","args":[{"enterText":"1333","selector":{"id":"application-managepartners-display-component---masterPtm--smartFilterBar-btnBasicSearch","interaction":{"idSuffix":"I"}},"clearTextFirst":true,"interactionType":"ENTER_TEXT"}]}
COMMAND: POST /session/d1da2243ed5db842980eb3a0b04f68c1/actions - {"actions":[{"id":"action26","type":"key","parameters":{},"actions":[{"type":"keyDown","value":""},{"type":"pause","duration":10},{"type":"keyUp","value":""}]}]}
RESULT: {}
RESULT: {"actions":[{"id":"action26","type":"key","parameters":{},"actions":[{"type":"keyDown","value":""},{"type":"pause","duration":10},{"type":"keyUp","value":""}]}]}
COMMAND: GET /session/d1da2243ed5db842980eb3a0b04f68c1/screenshot - {}
RESULT: {}
COMMAND: POST /session/d1da2243ed5db842980eb3a0b04f68c1/elements - {"using":"xpath","value":"//table[contains(@id, \"customPartnersTable-listUl\")]/tbody/tr"}
RESULT: {"using":"xpath","value":"//table[contains(@id, \"customPartnersTable-listUl\")]/tbody/tr"}
COMMAND: POST /session/d1da2243ed5db842980eb3a0b04f68c1/element - {"using":"xpath","value":"//table[contains(@id, \"customPartnersTable-listUl\")]/tbody/tr[1]/td[3]/span"}
RESULT: {"using":"xpath","value":"//table[contains(@id, \"customPartnersTable-listUl\")]/tbody/tr[1]/td[3]/span"}
COMMAND: POST /session/d1da2243ed5db842980eb3a0b04f68c1/elements - {"using":"xpath","value":"//table[contains(@id, \"customPartnersTable-listUl\")]/tbody/tr[1]/td[3]/span"}
RESULT: {"using":"xpath","value":"//table[contains(@id, \"customPartnersTable-listUl\")]/tbody/tr[1]/td[3]/span"}
COMMAND: POST /session/d1da2243ed5db842980eb3a0b04f68c1/execute/sync - {"script":"<script> [56 bytes]","args":[{"element-6066-11e4-a52e-4f735466cecf":"f.88445BC73AA68FCADA91DF858886134B.d.F3441DA8865B228DDB702D2041A2C3E8.e.9427","ELEMENT":"f.88445BC73AA68FCADA91DF858886134B.d.F3441DA8865B228DDB702D2041A2C3E8.e.9427"}]}
RESULT: {"script":"<script> [56 bytes]","args":[{"element-6066-11e4-a52e-4f735466cecf":"f.88445BC73AA68FCADA91DF858886134B.d.F3441DA8865B228DDB702D2041A2C3E8.e.9427","ELEMENT":"f.88445BC73AA68FCADA91DF858886134B.d.F3441DA8865B228DDB702D2041A2C3E8.e.9427"}]}
COMMAND: POST /session/d1da2243ed5db842980eb3a0b04f68c1/element - {"using":"xpath","value":"//div[contains(@id, \"smartFilterBar-btnBasicSearch-reset\")]"}
COMMAND: GET /session/d1da2243ed5db842980eb3a0b04f68c1/screenshot - {}
RESULT: {"using":"xpath","value":"//div[contains(@id, \"smartFilterBar-btnBasicSearch-reset\")]"}
COMMAND: POST /session/d1da2243ed5db842980eb3a0b04f68c1/element/f.88445BC73AA68FCADA91DF858886134B.d.F3441DA8865B228DDB702D2041A2C3E8.e.9428/click - {}
RESULT: {}
RESULT: {}
COMMAND: GET /session/d1da2243ed5db842980eb3a0b04f68c1/screenshot - {}
RESULT: {}
RESULT: undefined
COMMAND: POST /session/d1da2243ed5db842980eb3a0b04f68c1/element - {"using":"xpath","value":"//*[@id=\"application-managepartners-display-component---masterPtm--smartFilterBar-filterItemControl_BASIC-MAIN_ADDRESS-vhi\"]"}
RESULT: {"using":"xpath","value":"//*[@id=\"application-managepartners-display-component---masterPtm--smartFilterBar-filterItemControl_BASIC-MAIN_ADDRESS-vhi\"]"}
COMMAND: POST /session/d1da2243ed5db842980eb3a0b04f68c1/element/f.88445BC73AA68FCADA91DF858886134B.d.F3441DA8865B228DDB702D2041A2C3E8.e.9531/click - {}
RESULT: {}
COMMAND: GET /session/d1da2243ed5db842980eb3a0b04f68c1/screenshot - {}
RESULT: {}
RESULT: undefined
COMMAND: POST /session/d1da2243ed5db842980eb3a0b04f68c1/execute/async - {"script":"<script> [776 bytes]","args":[{"enterText":"Romania","selector":{"id":"application-managepartners-display-component---masterPtm--smartFilterBar-filterItemControl_BASIC-MAIN_ADDRESS-valueHelpDialog-smartFilterBar-btnBasicSearch","searchOpenDialogs":true,"interaction":{"idSuffix":"I"}},"clearTextFirst":true,"interactionType":"ENTER_TEXT"}]}
RESULT: {"script":"<script> [776 bytes]","args":[{"enterText":"Romania","selector":{"id":"application-managepartners-display-component---masterPtm--smartFilterBar-filterItemControl_BASIC-MAIN_ADDRESS-valueHelpDialog-smartFilterBar-btnBasicSearch","searchOpenDialogs":true,"interaction":{"idSuffix":"I"}},"clearTextFirst":true,"interactionType":"ENTER_TEXT"}]}
COMMAND: POST /session/d1da2243ed5db842980eb3a0b04f68c1/actions - {"actions":[{"id":"action27","type":"key","parameters":{},"actions":[{"type":"keyDown","value":""},{"type":"pause","duration":10},{"type":"keyUp","value":""}]}]}
RESULT: {"actions":[{"id":"action27","type":"key","parameters":{},"actions":[{"type":"keyDown","value":""},{"type":"pause","duration":10},{"type":"keyUp","value":""}]}]}
COMMAND: GET /session/d1da2243ed5db842980eb3a0b04f68c1/screenshot - {}
RESULT: {}
COMMAND: POST /session/d1da2243ed5db842980eb3a0b04f68c1/elements - {"using":"xpath","value":"//table[contains(@id, \"smartFilterBar-filterItemControl_BASIC-MAIN_ADDRESS-valueHelpDialog-table-table\")]/tbody/tr"}
RESULT: {"using":"xpath","value":"//table[contains(@id, \"smartFilterBar-filterItemControl_BASIC-MAIN_ADDRESS-valueHelpDialog-table-table\")]/tbody/tr"}
COMMAND: POST /session/d1da2243ed5db842980eb3a0b04f68c1/element - {"using":"xpath","value":"//table[contains(@id, \"smartFilterBar-filterItemControl_BASIC-MAIN_ADDRESS-valueHelpDialog-table-table\")]/tbody/tr[1]/td[1]/div/span"}
RESULT: {"using":"xpath","value":"//table[contains(@id, \"smartFilterBar-filterItemControl_BASIC-MAIN_ADDRESS-valueHelpDialog-table-table\")]/tbody/tr[1]/td[1]/div/span"}
COMMAND: POST /session/d1da2243ed5db842980eb3a0b04f68c1/elements - {"using":"xpath","value":"//table[contains(@id, \"smartFilterBar-filterItemControl_BASIC-MAIN_ADDRESS-valueHelpDialog-table-table\")]/tbody/tr[1]/td[1]/div/span"}
RESULT: {"using":"xpath","value":"//table[contains(@id, \"smartFilterBar-filterItemControl_BASIC-MAIN_ADDRESS-valueHelpDialog-table-table\")]/tbody/tr[1]/td[1]/div/span"}
COMMAND: POST /session/d1da2243ed5db842980eb3a0b04f68c1/execute/sync - {"script":"<script> [56 bytes]","args":[{"element-6066-11e4-a52e-4f735466cecf":"f.88445BC73AA68FCADA91DF858886134B.d.F3441DA8865B228DDB702D2041A2C3E8.e.9552","ELEMENT":"f.88445BC73AA68FCADA91DF858886134B.d.F3441DA8865B228DDB702D2041A2C3E8.e.9552"}]}
RESULT: {"script":"<script> [56 bytes]","args":[{"element-6066-11e4-a52e-4f735466cecf":"f.88445BC73AA68FCADA91DF858886134B.d.F3441DA8865B228DDB702D2041A2C3E8.e.9552","ELEMENT":"f.88445BC73AA68FCADA91DF858886134B.d.F3441DA8865B228DDB702D2041A2C3E8.e.9552"}]}
COMMAND: POST /session/d1da2243ed5db842980eb3a0b04f68c1/element - {"using":"xpath","value":"//div[contains(@id, \"filterItemControl_BASIC-MAIN_ADDRESS-valueHelpDialog-table-rowsel0\")]"}
COMMAND: GET /session/d1da2243ed5db842980eb3a0b04f68c1/screenshot - {}
RESULT: {"using":"xpath","value":"//div[contains(@id, \"filterItemControl_BASIC-MAIN_ADDRESS-valueHelpDialog-table-rowsel0\")]"}
COMMAND: POST /session/d1da2243ed5db842980eb3a0b04f68c1/element/f.88445BC73AA68FCADA91DF858886134B.d.F3441DA8865B228DDB702D2041A2C3E8.e.9553/click - {}
RESULT: {}
RESULT: {}
COMMAND: GET /session/d1da2243ed5db842980eb3a0b04f68c1/screenshot - {}
RESULT: {}
RESULT: undefined
COMMAND: POST /session/d1da2243ed5db842980eb3a0b04f68c1/execute/async - {"script":"<script> [776 bytes]","args":[{"enterText":"Germany","selector":{"id":"application-managepartners-display-component---masterPtm--smartFilterBar-filterItemControl_BASIC-MAIN_ADDRESS-valueHelpDialog-smartFilterBar-btnBasicSearch","searchOpenDialogs":true,"interaction":{"idSuffix":"I"}},"clearTextFirst":true,"interactionType":"ENTER_TEXT"}]}
RESULT: {"script":"<script> [776 bytes]","args":[{"enterText":"Germany","selector":{"id":"application-managepartners-display-component---masterPtm--smartFilterBar-filterItemControl_BASIC-MAIN_ADDRESS-valueHelpDialog-smartFilterBar-btnBasicSearch","searchOpenDialogs":true,"interaction":{"idSuffix":"I"}},"clearTextFirst":true,"interactionType":"ENTER_TEXT"}]}
COMMAND: POST /session/d1da2243ed5db842980eb3a0b04f68c1/actions - {"actions":[{"id":"action28","type":"key","parameters":{},"actions":[{"type":"keyDown","value":""},{"type":"pause","duration":10},{"type":"keyUp","value":""}]}]}
RESULT: {"actions":[{"id":"action28","type":"key","parameters":{},"actions":[{"type":"keyDown","value":""},{"type":"pause","duration":10},{"type":"keyUp","value":""}]}]}
COMMAND: GET /session/d1da2243ed5db842980eb3a0b04f68c1/screenshot - {}
RESULT: {}
COMMAND: POST /session/d1da2243ed5db842980eb3a0b04f68c1/elements - {"using":"xpath","value":"//table[contains(@id, \"smartFilterBar-filterItemControl_BASIC-MAIN_ADDRESS-valueHelpDialog-table-table\")]/tbody/tr"}
RESULT: {"using":"xpath","value":"//table[contains(@id, \"smartFilterBar-filterItemControl_BASIC-MAIN_ADDRESS-valueHelpDialog-table-table\")]/tbody/tr"}
COMMAND: POST /session/d1da2243ed5db842980eb3a0b04f68c1/element - {"using":"xpath","value":"//table[contains(@id, \"smartFilterBar-filterItemControl_BASIC-MAIN_ADDRESS-valueHelpDialog-table-table\")]/tbody/tr[1]/td[1]/div/span"}
RESULT: {"using":"xpath","value":"//table[contains(@id, \"smartFilterBar-filterItemControl_BASIC-MAIN_ADDRESS-valueHelpDialog-table-table\")]/tbody/tr[1]/td[1]/div/span"}
COMMAND: POST /session/d1da2243ed5db842980eb3a0b04f68c1/elements - {"using":"xpath","value":"//table[contains(@id, \"smartFilterBar-filterItemControl_BASIC-MAIN_ADDRESS-valueHelpDialog-table-table\")]/tbody/tr[1]/td[1]/div/span"}
RESULT: {"using":"xpath","value":"//table[contains(@id, \"smartFilterBar-filterItemControl_BASIC-MAIN_ADDRESS-valueHelpDialog-table-table\")]/tbody/tr[1]/td[1]/div/span"}
COMMAND: POST /session/d1da2243ed5db842980eb3a0b04f68c1/execute/sync - {"script":"<script> [56 bytes]","args":[{"element-6066-11e4-a52e-4f735466cecf":"f.88445BC73AA68FCADA91DF858886134B.d.F3441DA8865B228DDB702D2041A2C3E8.e.9552","ELEMENT":"f.88445BC73AA68FCADA91DF858886134B.d.F3441DA8865B228DDB702D2041A2C3E8.e.9552"}]}
RESULT: {"script":"<script> [56 bytes]","args":[{"element-6066-11e4-a52e-4f735466cecf":"f.88445BC73AA68FCADA91DF858886134B.d.F3441DA8865B228DDB702D2041A2C3E8.e.9552","ELEMENT":"f.88445BC73AA68FCADA91DF858886134B.d.F3441DA8865B228DDB702D2041A2C3E8.e.9552"}]}
COMMAND: POST /session/d1da2243ed5db842980eb3a0b04f68c1/element - {"using":"xpath","value":"//div[contains(@id, \"filterItemControl_BASIC-MAIN_ADDRESS-valueHelpDialog-table-rowsel0\")]"}
COMMAND: GET /session/d1da2243ed5db842980eb3a0b04f68c1/screenshot - {}
RESULT: {"using":"xpath","value":"//div[contains(@id, \"filterItemControl_BASIC-MAIN_ADDRESS-valueHelpDialog-table-rowsel0\")]"}
COMMAND: POST /session/d1da2243ed5db842980eb3a0b04f68c1/element/f.88445BC73AA68FCADA91DF858886134B.d.F3441DA8865B228DDB702D2041A2C3E8.e.9553/click - {}
RESULT: {}
RESULT: {}
COMMAND: GET /session/d1da2243ed5db842980eb3a0b04f68c1/screenshot - {}
RESULT: {}
RESULT: undefined
COMMAND: POST /session/d1da2243ed5db842980eb3a0b04f68c1/execute/async - {"script":"<script> [776 bytes]","args":[{"enterText":"Argentina","selector":{"id":"application-managepartners-display-component---masterPtm--smartFilterBar-filterItemControl_BASIC-MAIN_ADDRESS-valueHelpDialog-smartFilterBar-btnBasicSearch","searchOpenDialogs":true,"interaction":{"idSuffix":"I"}},"clearTextFirst":true,"interactionType":"ENTER_TEXT"}]}
RESULT: {"script":"<script> [776 bytes]","args":[{"enterText":"Argentina","selector":{"id":"application-managepartners-display-component---masterPtm--smartFilterBar-filterItemControl_BASIC-MAIN_ADDRESS-valueHelpDialog-smartFilterBar-btnBasicSearch","searchOpenDialogs":true,"interaction":{"idSuffix":"I"}},"clearTextFirst":true,"interactionType":"ENTER_TEXT"}]}
COMMAND: POST /session/d1da2243ed5db842980eb3a0b04f68c1/actions - {"actions":[{"id":"action29","type":"key","parameters":{},"actions":[{"type":"keyDown","value":""},{"type":"pause","duration":10},{"type":"keyUp","value":""}]}]}
RESULT: {"actions":[{"id":"action29","type":"key","parameters":{},"actions":[{"type":"keyDown","value":""},{"type":"pause","duration":10},{"type":"keyUp","value":""}]}]}
COMMAND: GET /session/d1da2243ed5db842980eb3a0b04f68c1/screenshot - {}
RESULT: {}
COMMAND: POST /session/d1da2243ed5db842980eb3a0b04f68c1/element - {"using":"xpath","value":"//div[contains(@id, \"filterItemControl_BASIC-MAIN_ADDRESS-valueHelpDialog-table-rowsel0\")]"}
RESULT: {"using":"xpath","value":"//div[contains(@id, \"filterItemControl_BASIC-MAIN_ADDRESS-valueHelpDialog-table-rowsel0\")]"}
COMMAND: POST /session/d1da2243ed5db842980eb3a0b04f68c1/element/f.88445BC73AA68FCADA91DF858886134B.d.F3441DA8865B228DDB702D2041A2C3E8.e.9553/click - {}
RESULT: {}
COMMAND: GET /session/d1da2243ed5db842980eb3a0b04f68c1/screenshot - {}
RESULT: {}
COMMAND: POST /session/d1da2243ed5db842980eb3a0b04f68c1/element - {"using":"xpath","value":"(//bdi[contains(text(), \"OK\")])[1]"}
RESULT: {"using":"xpath","value":"(//bdi[contains(text(), \"OK\")])[1]"}
COMMAND: POST /session/d1da2243ed5db842980eb3a0b04f68c1/element/f.88445BC73AA68FCADA91DF858886134B.d.F3441DA8865B228DDB702D2041A2C3E8.e.9556/click - {}
RESULT: {}
COMMAND: GET /session/d1da2243ed5db842980eb3a0b04f68c1/screenshot - {}
RESULT: {}
COMMAND: POST /session/d1da2243ed5db842980eb3a0b04f68c1/element - {"using":"xpath","value":"//span[@id=\"application-managepartners-display-component---masterPtm--smartTable-header-inner\"]"}
RESULT: {"using":"xpath","value":"//span[@id=\"application-managepartners-display-component---masterPtm--smartTable-header-inner\"]"}
COMMAND: POST /session/d1da2243ed5db842980eb3a0b04f68c1/elements - {"using":"xpath","value":"//span[@id=\"application-managepartners-display-component---masterPtm--smartTable-header-inner\"]"}
RESULT: {"using":"xpath","value":"//span[@id=\"application-managepartners-display-component---masterPtm--smartTable-header-inner\"]"}
COMMAND: POST /session/d1da2243ed5db842980eb3a0b04f68c1/execute/sync - {"script":"<script> [56 bytes]","args":[{"element-6066-11e4-a52e-4f735466cecf":"f.88445BC73AA68FCADA91DF858886134B.d.F3441DA8865B228DDB702D2041A2C3E8.e.9416","ELEMENT":"f.88445BC73AA68FCADA91DF858886134B.d.F3441DA8865B228DDB702D2041A2C3E8.e.9416"}]}
RESULT: {"script":"<script> [56 bytes]","args":[{"element-6066-11e4-a52e-4f735466cecf":"f.88445BC73AA68FCADA91DF858886134B.d.F3441DA8865B228DDB702D2041A2C3E8.e.9416","ELEMENT":"f.88445BC73AA68FCADA91DF858886134B.d.F3441DA8865B228DDB702D2041A2C3E8.e.9416"}]}
COMMAND: POST /session/d1da2243ed5db842980eb3a0b04f68c1/element - {"using":"xpath","value":"//span[contains(@title, \"Remove\")]"}
COMMAND: GET /session/d1da2243ed5db842980eb3a0b04f68c1/screenshot - {}
RESULT: {}
RESULT: {"using":"xpath","value":"//span[contains(@title, \"Remove\")]"}
COMMAND: POST /session/d1da2243ed5db842980eb3a0b04f68c1/element/f.88445BC73AA68FCADA91DF858886134B.d.F3441DA8865B228DDB702D2041A2C3E8.e.9588/click - {}
COMMAND: GET /session/d1da2243ed5db842980eb3a0b04f68c1/screenshot - {}
RESULT: {}
COMMAND: POST /session/d1da2243ed5db842980eb3a0b04f68c1/element - {"using":"css selector","value":"#j_username"}
COMMAND: POST /session/d1da2243ed5db842980eb3a0b04f68c1/url - {"url":"https://qa-testing-00-live-etm-ui.cfapps.eu10-004.hana.ondemand.com/"}
COMMAND: GET /session/d1da2243ed5db842980eb3a0b04f68c1/screenshot - {}
COMMAND: GET /session/d1da2243ed5db842980eb3a0b04f68c1/screenshot - {}
RESULT: {"url":"https://qa-testing-00-live-etm-ui.cfapps.eu10-004.hana.ondemand.com/"}
RESULT: undefined
COMMAND: GET /session/d1da2243ed5db842980eb3a0b04f68c1/screenshot - {}
RESULT: {"using":"css selector","value":"#j_username"}
COMMAND: POST /session/d1da2243ed5db842980eb3a0b04f68c1/element - {"using":"css selector","value":"#j_username"}
RESULT: {}
RESULT: {}
RESULT: {}
RESULT: {"using":"css selector","value":"#j_username"}
COMMAND: POST /session/d1da2243ed5db842980eb3a0b04f68c1/element - {"using":"css selector","value":"#shell-header-logo"}
RESULT: {"using":"css selector","value":"#shell-header-logo"}
COMMAND: POST /session/d1da2243ed5db842980eb3a0b04f68c1/execute/sync - {"script":"<script> [8489 bytes]","args":[{"element-6066-11e4-a52e-4f735466cecf":"f.88445BC73AA68FCADA91DF858886134B.d.928A0063A51720EC60603266CDAF28A1.e.9603","ELEMENT":"f.88445BC73AA68FCADA91DF858886134B.d.928A0063A51720EC60603266CDAF28A1.e.9603"}]}
RESULT: {"script":"<script> [8489 bytes]","args":[{"element-6066-11e4-a52e-4f735466cecf":"f.88445BC73AA68FCADA91DF858886134B.d.928A0063A51720EC60603266CDAF28A1.e.9603","ELEMENT":"f.88445BC73AA68FCADA91DF858886134B.d.928A0063A51720EC60603266CDAF28A1.e.9603"}]}
COMMAND: POST /session/d1da2243ed5db842980eb3a0b04f68c1/element - {"using":"css selector","value":"#shell-header-logo"}
COMMAND: GET /session/d1da2243ed5db842980eb3a0b04f68c1/screenshot - {}
RESULT: {"using":"css selector","value":"#shell-header-logo"}
COMMAND: POST /session/d1da2243ed5db842980eb3a0b04f68c1/execute/sync - {"script":"<script> [8489 bytes]","args":[{"element-6066-11e4-a52e-4f735466cecf":"f.88445BC73AA68FCADA91DF858886134B.d.928A0063A51720EC60603266CDAF28A1.e.9603","ELEMENT":"f.88445BC73AA68FCADA91DF858886134B.d.928A0063A51720EC60603266CDAF28A1.e.9603"}]}
RESULT: {}
RESULT: {"script":"<script> [8489 bytes]","args":[{"element-6066-11e4-a52e-4f735466cecf":"f.88445BC73AA68FCADA91DF858886134B.d.928A0063A51720EC60603266CDAF28A1.e.9603","ELEMENT":"f.88445BC73AA68FCADA91DF858886134B.d.928A0063A51720EC60603266CDAF28A1.e.9603"}]}
COMMAND: POST /session/d1da2243ed5db842980eb3a0b04f68c1/execute/sync - {"script":"<script> [5351 bytes]","args":[{"element-6066-11e4-a52e-4f735466cecf":"f.88445BC73AA68FCADA91DF858886134B.d.928A0063A51720EC60603266CDAF28A1.e.9603","ELEMENT":"f.88445BC73AA68FCADA91DF858886134B.d.928A0063A51720EC60603266CDAF28A1.e.9603"}]}
COMMAND: GET /session/d1da2243ed5db842980eb3a0b04f68c1/screenshot - {}
RESULT: {"script":"<script> [5351 bytes]","args":[{"element-6066-11e4-a52e-4f735466cecf":"f.88445BC73AA68FCADA91DF858886134B.d.928A0063A51720EC60603266CDAF28A1.e.9603","ELEMENT":"f.88445BC73AA68FCADA91DF858886134B.d.928A0063A51720EC60603266CDAF28A1.e.9603"}]}
COMMAND: POST /session/d1da2243ed5db842980eb3a0b04f68c1/element - {"using":"css selector","value":"#shell-header-logo"}
COMMAND: GET /session/d1da2243ed5db842980eb3a0b04f68c1/screenshot - {}
RESULT: {}
RESULT: {"using":"css selector","value":"#shell-header-logo"}
COMMAND: POST /session/d1da2243ed5db842980eb3a0b04f68c1/element/f.88445BC73AA68FCADA91DF858886134B.d.928A0063A51720EC60603266CDAF28A1.e.9603/click - {}
RESULT: {}
RESULT: {}
COMMAND: GET /session/d1da2243ed5db842980eb3a0b04f68c1/screenshot - {}
RESULT: {}
COMMAND: POST /session/d1da2243ed5db842980eb3a0b04f68c1/execute/async - {"script":"<script> [189 bytes]","args":[]}
RESULT: {"script":"<script> [189 bytes]","args":[]}
COMMAND: POST /session/d1da2243ed5db842980eb3a0b04f68c1/execute/async - {"script":"<script> [123 bytes]","args":[]}
RESULT: {"script":"<script> [123 bytes]","args":[]}
COMMAND: POST /session/d1da2243ed5db842980eb3a0b04f68c1/timeouts - {"script":"<number>"}
RESULT: {"script":"<number>"}
COMMAND: GET /session/d1da2243ed5db842980eb3a0b04f68c1/timeouts - {}
RESULT: {}
RESULT: undefined
COMMAND: POST /session/d1da2243ed5db842980eb3a0b04f68c1/execute/async - {"script":"<script> [2676 bytes]","args":[]}
RESULT: {"script":"<script> [2676 bytes]","args":[]}
COMMAND: POST /session/d1da2243ed5db842980eb3a0b04f68c1/execute/async - {"script":"<script> [2342 bytes]","args":[{"protocol":"http","hostname":"0.0.0.0","path":"/","capabilities":{"browserName":"chrome","goog:chromeOptions":{"binary":"C:\\Program Files\\Google\\Chrome\\Application\\chrome.exe","args":["--start-maximized"]}},"logLevel":"warn","connectionRetryTimeout":120000,"connectionRetryCount":3,"logLevels":{},"enableDirectConnect":true,"strictSSL":true,"_":"65 more keys: [\"cacheDir\",\"port\",\"requestedCapabilities\",\"automationProtocol\",\"baseUrl\",\"waitforInterval\",\"waitforTimeout\",\"onReload\",\"beforeCommand\",\"afterCommand\",\"rootDir\",\"specs\",\"suites\",\"exclude\",\"groupLogsByTestSpec\",\"excludeDriverLogs\",\"bail\",\"framework\",\"reporters\",\"services\",\"maxInstances\",\"maxInstancesPerCapability\",\"injectGlobals\",\"filesToWatch\",\"execArgv\",\"runnerEnv\",\"runner\",\"shard\",\"specFileRetries\",\"specFileRetriesDelay\",\"specFileRetriesDeferred\",\"reporterSyncInterval\",\"reporterSyncTimeout\",\"cucumberFeaturesWithLineNumbers\",\"autoCompileOpts\",\"mochaOpts\",\"jasmineOpts\",\"cucumberOpts\",\"onPrepare\",\"onWorkerStart\",\"onWorkerEnd\",\"before\",\"beforeSession\",\"beforeSuite\",\"beforeHook\",\"beforeTest\",\"afterTest\",\"afterHook\",\"afterSuite\",\"afterSession\",\"after\",\"onComplete\",\"beforeAssertion\",\"afterAssertion\",\"beforeFeature\",\"beforeScenario\",\"beforeStep\",\"afterStep\",\"afterScenario\",\"afterFeature\",\"_\",\"suite\",\"$0\",\"ignoredWorkerServices\",\"wdi5\"]"}]}
RESULT: {"script":"<script> [2342 bytes]","args":[{"protocol":"http","hostname":"0.0.0.0","path":"/","capabilities":{"browserName":"chrome","goog:chromeOptions":{"binary":"C:\\Program Files\\Google\\Chrome\\Application\\chrome.exe","args":["--start-maximized"]}},"logLevel":"warn","connectionRetryTimeout":120000,"connectionRetryCount":3,"logLevels":{},"enableDirectConnect":true,"strictSSL":true,"_":"65 more keys: [\"cacheDir\",\"port\",\"requestedCapabilities\",\"automationProtocol\",\"baseUrl\",\"waitforInterval\",\"waitforTimeout\",\"onReload\",\"beforeCommand\",\"afterCommand\",\"rootDir\",\"specs\",\"suites\",\"exclude\",\"groupLogsByTestSpec\",\"excludeDriverLogs\",\"bail\",\"framework\",\"reporters\",\"services\",\"maxInstances\",\"maxInstancesPerCapability\",\"injectGlobals\",\"filesToWatch\",\"execArgv\",\"runnerEnv\",\"runner\",\"shard\",\"specFileRetries\",\"specFileRetriesDelay\",\"specFileRetriesDeferred\",\"reporterSyncInterval\",\"reporterSyncTimeout\",\"cucumberFeaturesWithLineNumbers\",\"autoCompileOpts\",\"mochaOpts\",\"jasmineOpts\",\"cucumberOpts\",\"onPrepare\",\"onWorkerStart\",\"onWorkerEnd\",\"before\",\"beforeSession\",\"beforeSuite\",\"beforeHook\",\"beforeTest\",\"afterTest\",\"afterHook\",\"afterSuite\",\"afterSession\",\"after\",\"onComplete\",\"beforeAssertion\",\"afterAssertion\",\"beforeFeature\",\"beforeScenario\",\"beforeStep\",\"afterStep\",\"afterScenario\",\"afterFeature\",\"_\",\"suite\",\"$0\",\"ignoredWorkerServices\",\"wdi5\"]"}]}
COMMAND: POST /session/d1da2243ed5db842980eb3a0b04f68c1/execute/async - {"script":"<script> [21126 bytes]","args":[35000]}
RESULT: {"script":"<script> [21126 bytes]","args":[35000]}
COMMAND: POST /session/d1da2243ed5db842980eb3a0b04f68c1/window/maximize - {}
RESULT: {}
COMMAND: POST /session/d1da2243ed5db842980eb3a0b04f68c1/execute/async - {"script":"<script> [1562 bytes]","args":[{"selector":{"id":"shell-header","interaction":{"idSuffix":"icon"}},"wdio_ui5_key":"shellheader"}]}
COMMAND: GET /session/d1da2243ed5db842980eb3a0b04f68c1/screenshot - {}
RESULT: {"script":"<script> [1562 bytes]","args":[{"selector":{"id":"shell-header","interaction":{"idSuffix":"icon"}},"wdio_ui5_key":"shellheader"}]}
RESULT: undefined
COMMAND: POST /session/d1da2243ed5db842980eb3a0b04f68c1/refresh - {}
RESULT: {}
RESULT: {}
COMMAND: GET /session/d1da2243ed5db842980eb3a0b04f68c1/screenshot - {}
RESULT: {}
COMMAND: POST /session/d1da2243ed5db842980eb3a0b04f68c1/refresh - {}
RESULT: {}
COMMAND: GET /session/d1da2243ed5db842980eb3a0b04f68c1/screenshot - {}
RESULT: {}
COMMAND: POST /session/d1da2243ed5db842980eb3a0b04f68c1/window/fullscreen - {}
RESULT: {}
COMMAND: POST /session/d1da2243ed5db842980eb3a0b04f68c1/execute/async - {"script":"<script> [189 bytes]","args":[]}
RESULT: {"script":"<script> [189 bytes]","args":[]}
COMMAND: POST /session/d1da2243ed5db842980eb3a0b04f68c1/execute/async - {"script":"<script> [123 bytes]","args":[]}
RESULT: {"script":"<script> [123 bytes]","args":[]}
COMMAND: POST /session/d1da2243ed5db842980eb3a0b04f68c1/timeouts - {"script":"<number>"}
RESULT: {"script":"<number>"}
COMMAND: GET /session/d1da2243ed5db842980eb3a0b04f68c1/timeouts - {}
RESULT: {}
RESULT: undefined
COMMAND: POST /session/d1da2243ed5db842980eb3a0b04f68c1/execute/async - {"script":"<script> [2676 bytes]","args":[]}
RESULT: {"script":"<script> [2676 bytes]","args":[]}
COMMAND: POST /session/d1da2243ed5db842980eb3a0b04f68c1/execute/async - {"script":"<script> [2342 bytes]","args":[{"protocol":"http","hostname":"0.0.0.0","path":"/","capabilities":{"browserName":"chrome","goog:chromeOptions":{"binary":"C:\\Program Files\\Google\\Chrome\\Application\\chrome.exe","args":["--start-maximized"]}},"logLevel":"warn","connectionRetryTimeout":120000,"connectionRetryCount":3,"logLevels":{},"enableDirectConnect":true,"strictSSL":true,"_":"65 more keys: [\"cacheDir\",\"port\",\"requestedCapabilities\",\"automationProtocol\",\"baseUrl\",\"waitforInterval\",\"waitforTimeout\",\"onReload\",\"beforeCommand\",\"afterCommand\",\"rootDir\",\"specs\",\"suites\",\"exclude\",\"groupLogsByTestSpec\",\"excludeDriverLogs\",\"bail\",\"framework\",\"reporters\",\"services\",\"maxInstances\",\"maxInstancesPerCapability\",\"injectGlobals\",\"filesToWatch\",\"execArgv\",\"runnerEnv\",\"runner\",\"shard\",\"specFileRetries\",\"specFileRetriesDelay\",\"specFileRetriesDeferred\",\"reporterSyncInterval\",\"reporterSyncTimeout\",\"cucumberFeaturesWithLineNumbers\",\"autoCompileOpts\",\"mochaOpts\",\"jasmineOpts\",\"cucumberOpts\",\"onPrepare\",\"onWorkerStart\",\"onWorkerEnd\",\"before\",\"beforeSession\",\"beforeSuite\",\"beforeHook\",\"beforeTest\",\"afterTest\",\"afterHook\",\"afterSuite\",\"afterSession\",\"after\",\"onComplete\",\"beforeAssertion\",\"afterAssertion\",\"beforeFeature\",\"beforeScenario\",\"beforeStep\",\"afterStep\",\"afterScenario\",\"afterFeature\",\"_\",\"suite\",\"$0\",\"ignoredWorkerServices\",\"wdi5\"]"}]}
RESULT: {"script":"<script> [2342 bytes]","args":[{"protocol":"http","hostname":"0.0.0.0","path":"/","capabilities":{"browserName":"chrome","goog:chromeOptions":{"binary":"C:\\Program Files\\Google\\Chrome\\Application\\chrome.exe","args":["--start-maximized"]}},"logLevel":"warn","connectionRetryTimeout":120000,"connectionRetryCount":3,"logLevels":{},"enableDirectConnect":true,"strictSSL":true,"_":"65 more keys: [\"cacheDir\",\"port\",\"requestedCapabilities\",\"automationProtocol\",\"baseUrl\",\"waitforInterval\",\"waitforTimeout\",\"onReload\",\"beforeCommand\",\"afterCommand\",\"rootDir\",\"specs\",\"suites\",\"exclude\",\"groupLogsByTestSpec\",\"excludeDriverLogs\",\"bail\",\"framework\",\"reporters\",\"services\",\"maxInstances\",\"maxInstancesPerCapability\",\"injectGlobals\",\"filesToWatch\",\"execArgv\",\"runnerEnv\",\"runner\",\"shard\",\"specFileRetries\",\"specFileRetriesDelay\",\"specFileRetriesDeferred\",\"reporterSyncInterval\",\"reporterSyncTimeout\",\"cucumberFeaturesWithLineNumbers\",\"autoCompileOpts\",\"mochaOpts\",\"jasmineOpts\",\"cucumberOpts\",\"onPrepare\",\"onWorkerStart\",\"onWorkerEnd\",\"before\",\"beforeSession\",\"beforeSuite\",\"beforeHook\",\"beforeTest\",\"afterTest\",\"afterHook\",\"afterSuite\",\"afterSession\",\"after\",\"onComplete\",\"beforeAssertion\",\"afterAssertion\",\"beforeFeature\",\"beforeScenario\",\"beforeStep\",\"afterStep\",\"afterScenario\",\"afterFeature\",\"_\",\"suite\",\"$0\",\"ignoredWorkerServices\",\"wdi5\"]"}]}
COMMAND: POST /session/d1da2243ed5db842980eb3a0b04f68c1/execute/async - {"script":"<script> [21126 bytes]","args":[35000]}
RESULT: {"script":"<script> [21126 bytes]","args":[35000]}
]]></system-out>
      <system-err><![CDATA[
element not interactable: element not interactable
  (Session info: chrome=136.0.7103.93)
    at async Context.<anonymous> (D:\a\1\s\test\specs\BTS\manage-partners.spec.js:1260:9)
]]></system-err>
    </testcase>
  </testsuite>
  <testsuite timestamp="2025-05-31T17:51:48" time="467.922" tests="4" failures="2" errors="2" skipped="0">
    <properties>
      <property name="specId" value="0"/>
      <property name="suiteName" value="Create partner US118246"/>
      <property name="capabilities" value="chrome.136_0_7103_93.windows"/>
      <property name="file" value="file:///D:/a/1/s/test/specs/BTS/create-partner.spec.js"/>
    </properties>
    <testcase classname="chrome.136_0_7103_93.windows.Create_partner_US118246" name="Should create a new yard in case create yard failed" time="118.203">
      <system-out><![CDATA[
COMMAND: POST /session/d1da2243ed5db842980eb3a0b04f68c1/window/fullscreen - {}
RESULT: {}
COMMAND: POST /session/d1da2243ed5db842980eb3a0b04f68c1/execute/async - {"script":"<script> [1562 bytes]","args":[{"selector":{"controlType":"sap.m.GenericTile","properties":{"header":"Manage Yards"}},"wdio_ui5_key":"sapm.GenericTile{\"header\":\"Manage Yards\"}"}]}
RESULT: {"script":"<script> [1562 bytes]","args":[{"selector":{"controlType":"sap.m.GenericTile","properties":{"header":"Manage Yards"}},"wdio_ui5_key":"sapm.GenericTile{\"header\":\"Manage Yards\"}"}]}
RESULT: undefined
COMMAND: POST /session/d1da2243ed5db842980eb3a0b04f68c1/element - {"using":"xpath","value":"//*[@id=\"__tile41\"]"}
RESULT: {"using":"xpath","value":"//*[@id=\"__tile41\"]"}
COMMAND: POST /session/d1da2243ed5db842980eb3a0b04f68c1/element/f.88445BC73AA68FCADA91DF858886134B.d.1F8FF0D164CE02D767696CB04E392912.e.9768/click - {}
RESULT: {}
COMMAND: GET /session/d1da2243ed5db842980eb3a0b04f68c1/screenshot - {}
RESULT: {}
COMMAND: POST /session/d1da2243ed5db842980eb3a0b04f68c1/elements - {"using":"xpath","value":"//span[text()='Error']"}
RESULT: {"using":"xpath","value":"//span[text()='Error']"}
COMMAND: POST /session/d1da2243ed5db842980eb3a0b04f68c1/element - {"using":"xpath","value":"//button[@data-kt=\"addNewYardOverflowToolbarButton\"]"}
RESULT: {"using":"xpath","value":"//button[@data-kt=\"addNewYardOverflowToolbarButton\"]"}
COMMAND: POST /session/d1da2243ed5db842980eb3a0b04f68c1/elements - {"using":"xpath","value":"//button[@data-kt=\"addNewYardOverflowToolbarButton\"]"}
RESULT: {"using":"xpath","value":"//button[@data-kt=\"addNewYardOverflowToolbarButton\"]"}
COMMAND: POST /session/d1da2243ed5db842980eb3a0b04f68c1/elements - {"using":"xpath","value":"//button[@data-kt=\"addNewYardOverflowToolbarButton\"]"}
RESULT: {"using":"xpath","value":"//button[@data-kt=\"addNewYardOverflowToolbarButton\"]"}
COMMAND: POST /session/d1da2243ed5db842980eb3a0b04f68c1/element - {"using":"xpath","value":"//button[@data-kt=\"addNewYardOverflowToolbarButton\"]"}
RESULT: {"using":"xpath","value":"//button[@data-kt=\"addNewYardOverflowToolbarButton\"]"}
COMMAND: POST /session/d1da2243ed5db842980eb3a0b04f68c1/execute/sync - {"script":"<script> [8489 bytes]","args":[{"element-6066-11e4-a52e-4f735466cecf":"f.88445BC73AA68FCADA91DF858886134B.d.1F8FF0D164CE02D767696CB04E392912.e.9902","ELEMENT":"f.88445BC73AA68FCADA91DF858886134B.d.1F8FF0D164CE02D767696CB04E392912.e.9902"}]}
RESULT: {"script":"<script> [8489 bytes]","args":[{"element-6066-11e4-a52e-4f735466cecf":"f.88445BC73AA68FCADA91DF858886134B.d.1F8FF0D164CE02D767696CB04E392912.e.9902","ELEMENT":"f.88445BC73AA68FCADA91DF858886134B.d.1F8FF0D164CE02D767696CB04E392912.e.9902"}]}
COMMAND: GET /session/d1da2243ed5db842980eb3a0b04f68c1/element/f.88445BC73AA68FCADA91DF858886134B.d.1F8FF0D164CE02D767696CB04E392912.e.9902/enabled - {}
COMMAND: GET /session/d1da2243ed5db842980eb3a0b04f68c1/screenshot - {}
RESULT: {}
COMMAND: POST /session/d1da2243ed5db842980eb3a0b04f68c1/execute/sync - {"script":"<script> [8489 bytes]","args":[{"element-6066-11e4-a52e-4f735466cecf":"f.88445BC73AA68FCADA91DF858886134B.d.1F8FF0D164CE02D767696CB04E392912.e.9902","ELEMENT":"f.88445BC73AA68FCADA91DF858886134B.d.1F8FF0D164CE02D767696CB04E392912.e.9902"}]}
COMMAND: GET /session/d1da2243ed5db842980eb3a0b04f68c1/screenshot - {}
RESULT: {}
RESULT: {"script":"<script> [8489 bytes]","args":[{"element-6066-11e4-a52e-4f735466cecf":"f.88445BC73AA68FCADA91DF858886134B.d.1F8FF0D164CE02D767696CB04E392912.e.9902","ELEMENT":"f.88445BC73AA68FCADA91DF858886134B.d.1F8FF0D164CE02D767696CB04E392912.e.9902"}]}
COMMAND: POST /session/d1da2243ed5db842980eb3a0b04f68c1/execute/sync - {"script":"<script> [5351 bytes]","args":[{"element-6066-11e4-a52e-4f735466cecf":"f.88445BC73AA68FCADA91DF858886134B.d.1F8FF0D164CE02D767696CB04E392912.e.9902","ELEMENT":"f.88445BC73AA68FCADA91DF858886134B.d.1F8FF0D164CE02D767696CB04E392912.e.9902"}]}
COMMAND: GET /session/d1da2243ed5db842980eb3a0b04f68c1/screenshot - {}
RESULT: {}
RESULT: {"script":"<script> [5351 bytes]","args":[{"element-6066-11e4-a52e-4f735466cecf":"f.88445BC73AA68FCADA91DF858886134B.d.1F8FF0D164CE02D767696CB04E392912.e.9902","ELEMENT":"f.88445BC73AA68FCADA91DF858886134B.d.1F8FF0D164CE02D767696CB04E392912.e.9902"}]}
COMMAND: POST /session/d1da2243ed5db842980eb3a0b04f68c1/element/f.88445BC73AA68FCADA91DF858886134B.d.1F8FF0D164CE02D767696CB04E392912.e.9902/click - {}
COMMAND: GET /session/d1da2243ed5db842980eb3a0b04f68c1/screenshot - {}
RESULT: {}
RESULT: {}
COMMAND: GET /session/d1da2243ed5db842980eb3a0b04f68c1/screenshot - {}
RESULT: {}
RESULT: {}
COMMAND: POST /session/d1da2243ed5db842980eb3a0b04f68c1/element - {"using":"xpath","value":"//input[@id=\"application-manageyards-display-component---NewYard--yardId-inner\"]"}
RESULT: {"using":"xpath","value":"//input[@id=\"application-manageyards-display-component---NewYard--yardId-inner\"]"}
COMMAND: POST /session/d1da2243ed5db842980eb3a0b04f68c1/element - {"using":"xpath","value":"//input[@id=\"application-manageyards-display-component---NewYard--yardId-inner\"]"}
RESULT: {"using":"xpath","value":"//input[@id=\"application-manageyards-display-component---NewYard--yardId-inner\"]"}
COMMAND: POST /session/d1da2243ed5db842980eb3a0b04f68c1/execute/async - {"script":"<script> [1562 bytes]","args":[{"selector":{"id":"application-manageyards-display-component---NewYard--addressDetailDetailsName1","interaction":{"idSuffix":"inner"}},"wdio_ui5_key":"applicationmanageyards-display-component---NewYard--addressDetailDetailsName1"}]}
RESULT: {"script":"<script> [1562 bytes]","args":[{"selector":{"id":"application-manageyards-display-component---NewYard--addressDetailDetailsName1","interaction":{"idSuffix":"inner"}},"wdio_ui5_key":"applicationmanageyards-display-component---NewYard--addressDetailDetailsName1"}]}
RESULT: undefined
COMMAND: POST /session/d1da2243ed5db842980eb3a0b04f68c1/execute/async - {"script":"<script> [776 bytes]","args":[{"enterText":"Intracompany Yard wdIO","selector":{"id":"application-manageyards-display-component---NewYard--addressDetailDetailsName1","interaction":{"idSuffix":"inner"}},"clearTextFirst":true,"interactionType":"ENTER_TEXT"}]}
RESULT: {"script":"<script> [776 bytes]","args":[{"enterText":"Intracompany Yard wdIO","selector":{"id":"application-manageyards-display-component---NewYard--addressDetailDetailsName1","interaction":{"idSuffix":"inner"}},"clearTextFirst":true,"interactionType":"ENTER_TEXT"}]}
COMMAND: POST /session/d1da2243ed5db842980eb3a0b04f68c1/execute/async - {"script":"<script> [1562 bytes]","args":[{"selector":{"id":"application-manageyards-display-component---NewYard--addressDetailDetailsLanguage-arrow"},"wdio_ui5_key":"applicationmanageyards-display-component---NewYard--addressDetailDetailsLanguage-arrow"}]}
RESULT: {"script":"<script> [1562 bytes]","args":[{"selector":{"id":"application-manageyards-display-component---NewYard--addressDetailDetailsLanguage-arrow"},"wdio_ui5_key":"applicationmanageyards-display-component---NewYard--addressDetailDetailsLanguage-arrow"}]}
RESULT: undefined
COMMAND: POST /session/d1da2243ed5db842980eb3a0b04f68c1/element - {"using":"xpath","value":"//*[@id=\"application-manageyards-display-component---NewYard--addressDetailDetailsLanguage-arrow\"]"}
RESULT: {"using":"xpath","value":"//*[@id=\"application-manageyards-display-component---NewYard--addressDetailDetailsLanguage-arrow\"]"}
COMMAND: POST /session/d1da2243ed5db842980eb3a0b04f68c1/element/f.88445BC73AA68FCADA91DF858886134B.d.1F8FF0D164CE02D767696CB04E392912.e.10340/click - {}
RESULT: {}
COMMAND: POST /session/d1da2243ed5db842980eb3a0b04f68c1/element - {"using":"xpath","value":"//span[contains(text(), \"English\")]"}
COMMAND: GET /session/d1da2243ed5db842980eb3a0b04f68c1/screenshot - {}
RESULT: {"using":"xpath","value":"//span[contains(text(), \"English\")]"}
COMMAND: POST /session/d1da2243ed5db842980eb3a0b04f68c1/element/f.88445BC73AA68FCADA91DF858886134B.d.1F8FF0D164CE02D767696CB04E392912.e.10341/click - {}
RESULT: {}
RESULT: {}
COMMAND: POST /session/d1da2243ed5db842980eb3a0b04f68c1/execute/async - {"script":"<script> [1562 bytes]","args":[{"selector":{"id":"application-manageyards-display-component---NewYard--addressDetailDetailsCity1","interaction":{"idSuffix":"inner"}},"wdio_ui5_key":"applicationmanageyards-display-component---NewYard--addressDetailDetailsCity1"}]}
COMMAND: GET /session/d1da2243ed5db842980eb3a0b04f68c1/screenshot - {}
RESULT: {"script":"<script> [1562 bytes]","args":[{"selector":{"id":"application-manageyards-display-component---NewYard--addressDetailDetailsCity1","interaction":{"idSuffix":"inner"}},"wdio_ui5_key":"applicationmanageyards-display-component---NewYard--addressDetailDetailsCity1"}]}
RESULT: undefined
COMMAND: POST /session/d1da2243ed5db842980eb3a0b04f68c1/execute/async - {"script":"<script> [776 bytes]","args":[{"enterText":"Rosario","selector":{"id":"application-manageyards-display-component---NewYard--addressDetailDetailsCity1","interaction":{"idSuffix":"inner"}},"clearTextFirst":true,"interactionType":"ENTER_TEXT"}]}
RESULT: {}
RESULT: {"script":"<script> [776 bytes]","args":[{"enterText":"Rosario","selector":{"id":"application-manageyards-display-component---NewYard--addressDetailDetailsCity1","interaction":{"idSuffix":"inner"}},"clearTextFirst":true,"interactionType":"ENTER_TEXT"}]}
COMMAND: POST /session/d1da2243ed5db842980eb3a0b04f68c1/execute/async - {"script":"<script> [1562 bytes]","args":[{"selector":{"id":"application-manageyards-display-component---NewYard--addressDetailDetailsCountry-arrow"},"wdio_ui5_key":"applicationmanageyards-display-component---NewYard--addressDetailDetailsCountry-arrow"}]}
RESULT: {"script":"<script> [1562 bytes]","args":[{"selector":{"id":"application-manageyards-display-component---NewYard--addressDetailDetailsCountry-arrow"},"wdio_ui5_key":"applicationmanageyards-display-component---NewYard--addressDetailDetailsCountry-arrow"}]}
RESULT: undefined
COMMAND: POST /session/d1da2243ed5db842980eb3a0b04f68c1/element - {"using":"xpath","value":"//*[@id=\"application-manageyards-display-component---NewYard--addressDetailDetailsCountry-arrow\"]"}
RESULT: {"using":"xpath","value":"//*[@id=\"application-manageyards-display-component---NewYard--addressDetailDetailsCountry-arrow\"]"}
COMMAND: POST /session/d1da2243ed5db842980eb3a0b04f68c1/element/f.88445BC73AA68FCADA91DF858886134B.d.1F8FF0D164CE02D767696CB04E392912.e.10343/click - {}
RESULT: {}
COMMAND: POST /session/d1da2243ed5db842980eb3a0b04f68c1/element - {"using":"xpath","value":"//span[contains(text(), \"Argentina\")]"}
COMMAND: GET /session/d1da2243ed5db842980eb3a0b04f68c1/screenshot - {}
RESULT: {"using":"xpath","value":"//span[contains(text(), \"Argentina\")]"}
COMMAND: POST /session/d1da2243ed5db842980eb3a0b04f68c1/element/f.88445BC73AA68FCADA91DF858886134B.d.1F8FF0D164CE02D767696CB04E392912.e.10344/click - {}
RESULT: {}
RESULT: {}
COMMAND: POST /session/d1da2243ed5db842980eb3a0b04f68c1/execute/async - {"script":"<script> [1562 bytes]","args":[{"selector":{"id":"application-manageyards-display-component---NewYard--addressEditDetailsCostObjectCstType-arrow"},"wdio_ui5_key":"applicationmanageyards-display-component---NewYard--addressEditDetailsCostObjectCstType-arrow"}]}
COMMAND: GET /session/d1da2243ed5db842980eb3a0b04f68c1/screenshot - {}
RESULT: {"script":"<script> [1562 bytes]","args":[{"selector":{"id":"application-manageyards-display-component---NewYard--addressEditDetailsCostObjectCstType-arrow"},"wdio_ui5_key":"applicationmanageyards-display-component---NewYard--addressEditDetailsCostObjectCstType-arrow"}]}
RESULT: undefined
COMMAND: POST /session/d1da2243ed5db842980eb3a0b04f68c1/element - {"using":"xpath","value":"//*[@id=\"application-manageyards-display-component---NewYard--addressEditDetailsCostObjectCstType-arrow\"]"}
RESULT: {}
RESULT: {"using":"xpath","value":"//*[@id=\"application-manageyards-display-component---NewYard--addressEditDetailsCostObjectCstType-arrow\"]"}
COMMAND: POST /session/d1da2243ed5db842980eb3a0b04f68c1/element/f.88445BC73AA68FCADA91DF858886134B.d.1F8FF0D164CE02D767696CB04E392912.e.10346/click - {}
RESULT: {}
COMMAND: POST /session/d1da2243ed5db842980eb3a0b04f68c1/element - {"using":"xpath","value":"//span[contains(text(), \"Cost Center\")]"}
COMMAND: GET /session/d1da2243ed5db842980eb3a0b04f68c1/screenshot - {}
RESULT: {"using":"xpath","value":"//span[contains(text(), \"Cost Center\")]"}
COMMAND: POST /session/d1da2243ed5db842980eb3a0b04f68c1/element/f.88445BC73AA68FCADA91DF858886134B.d.1F8FF0D164CE02D767696CB04E392912.e.10347/click - {}
RESULT: {}
RESULT: {}
COMMAND: GET /session/d1da2243ed5db842980eb3a0b04f68c1/screenshot - {}
RESULT: {}
COMMAND: POST /session/d1da2243ed5db842980eb3a0b04f68c1/element - {"using":"xpath","value":"//span[@id=\"application-manageyards-display-component---NewYard--addressNewCostObjectCstID-vhi\"]"}
RESULT: {"using":"xpath","value":"//span[@id=\"application-manageyards-display-component---NewYard--addressNewCostObjectCstID-vhi\"]"}
COMMAND: POST /session/d1da2243ed5db842980eb3a0b04f68c1/execute/sync - {"script":"<script> [8489 bytes]","args":[{"element-6066-11e4-a52e-4f735466cecf":"f.88445BC73AA68FCADA91DF858886134B.d.1F8FF0D164CE02D767696CB04E392912.e.10351","ELEMENT":"f.88445BC73AA68FCADA91DF858886134B.d.1F8FF0D164CE02D767696CB04E392912.e.10351"}]}
RESULT: {"script":"<script> [8489 bytes]","args":[{"element-6066-11e4-a52e-4f735466cecf":"f.88445BC73AA68FCADA91DF858886134B.d.1F8FF0D164CE02D767696CB04E392912.e.10351","ELEMENT":"f.88445BC73AA68FCADA91DF858886134B.d.1F8FF0D164CE02D767696CB04E392912.e.10351"}]}
COMMAND: POST /session/d1da2243ed5db842980eb3a0b04f68c1/execute/async - {"script":"<script> [1562 bytes]","args":[{"selector":{"id":"application-manageyards-display-component---NewYard--addressNewCostObjectCstID-vhi"},"wdio_ui5_key":"applicationmanageyards-display-component---NewYard--addressNewCostObjectCstID-vhi"}]}
COMMAND: GET /session/d1da2243ed5db842980eb3a0b04f68c1/screenshot - {}
RESULT: {"script":"<script> [1562 bytes]","args":[{"selector":{"id":"application-manageyards-display-component---NewYard--addressNewCostObjectCstID-vhi"},"wdio_ui5_key":"applicationmanageyards-display-component---NewYard--addressNewCostObjectCstID-vhi"}]}
RESULT: undefined
COMMAND: POST /session/d1da2243ed5db842980eb3a0b04f68c1/element - {"using":"xpath","value":"//*[@id=\"application-manageyards-display-component---NewYard--addressNewCostObjectCstID-vhi\"]"}
RESULT: {}
RESULT: {"using":"xpath","value":"//*[@id=\"application-manageyards-display-component---NewYard--addressNewCostObjectCstID-vhi\"]"}
COMMAND: POST /session/d1da2243ed5db842980eb3a0b04f68c1/element/f.88445BC73AA68FCADA91DF858886134B.d.1F8FF0D164CE02D767696CB04E392912.e.10351/click - {}
RESULT: {}
COMMAND: GET /session/d1da2243ed5db842980eb3a0b04f68c1/screenshot - {}
RESULT: {}
COMMAND: POST /session/d1da2243ed5db842980eb3a0b04f68c1/execute/async - {"script":"<script> [1562 bytes]","args":[{"selector":{"controlType":"sap.m.SearchField","properties":{"placeholder":"Search"},"searchOpenDialogs":true,"interaction":{"idSuffix":"I"}},"wdio_ui5_key":"sapm.SearchField{\"placeholder\":\"Search\"}"}]}
RESULT: {"script":"<script> [1562 bytes]","args":[{"selector":{"controlType":"sap.m.SearchField","properties":{"placeholder":"Search"},"searchOpenDialogs":true,"interaction":{"idSuffix":"I"}},"wdio_ui5_key":"sapm.SearchField{\"placeholder\":\"Search\"}"}]}
RESULT: undefined
COMMAND: POST /session/d1da2243ed5db842980eb3a0b04f68c1/execute/async - {"script":"<script> [776 bytes]","args":[{"enterText":"bauh_b","selector":{"controlType":"sap.m.SearchField","properties":{"placeholder":"Search"},"searchOpenDialogs":true,"interaction":{"idSuffix":"I"}},"clearTextFirst":true,"interactionType":"ENTER_TEXT"}]}
RESULT: {"script":"<script> [776 bytes]","args":[{"enterText":"bauh_b","selector":{"controlType":"sap.m.SearchField","properties":{"placeholder":"Search"},"searchOpenDialogs":true,"interaction":{"idSuffix":"I"}},"clearTextFirst":true,"interactionType":"ENTER_TEXT"}]}
COMMAND: POST /session/d1da2243ed5db842980eb3a0b04f68c1/actions - {"actions":[{"id":"action30","type":"key","parameters":{},"actions":[{"type":"keyDown","value":""},{"type":"pause","duration":10},{"type":"keyUp","value":""}]}]}
RESULT: {"actions":[{"id":"action30","type":"key","parameters":{},"actions":[{"type":"keyDown","value":""},{"type":"pause","duration":10},{"type":"keyUp","value":""}]}]}
COMMAND: GET /session/d1da2243ed5db842980eb3a0b04f68c1/screenshot - {}
RESULT: {}
COMMAND: POST /session/d1da2243ed5db842980eb3a0b04f68c1/element - {"using":"xpath","value":"//span[contains(text(), \"Demo Yard\")]"}
RESULT: {"using":"xpath","value":"//span[contains(text(), \"Demo Yard\")]"}
COMMAND: POST /session/d1da2243ed5db842980eb3a0b04f68c1/element/f.88445BC73AA68FCADA91DF858886134B.d.1F8FF0D164CE02D767696CB04E392912.e.10391/click - {}
RESULT: {}
COMMAND: GET /session/d1da2243ed5db842980eb3a0b04f68c1/screenshot - {}
RESULT: {}
COMMAND: POST /session/d1da2243ed5db842980eb3a0b04f68c1/element - {"using":"xpath","value":"//bdi[contains(text(), \"OK\")]"}
RESULT: {"using":"xpath","value":"//bdi[contains(text(), \"OK\")]"}
COMMAND: POST /session/d1da2243ed5db842980eb3a0b04f68c1/element/f.88445BC73AA68FCADA91DF858886134B.d.1F8FF0D164CE02D767696CB04E392912.e.10392/click - {}
RESULT: {}
COMMAND: GET /session/d1da2243ed5db842980eb3a0b04f68c1/screenshot - {}
RESULT: {}
COMMAND: POST /session/d1da2243ed5db842980eb3a0b04f68c1/execute/async - {"script":"<script> [1562 bytes]","args":[{"selector":{"id":"application-manageyards-display-component---NewYard--addressEditDetailsCurrency-arrow"},"wdio_ui5_key":"applicationmanageyards-display-component---NewYard--addressEditDetailsCurrency-arrow"}]}
RESULT: {"script":"<script> [1562 bytes]","args":[{"selector":{"id":"application-manageyards-display-component---NewYard--addressEditDetailsCurrency-arrow"},"wdio_ui5_key":"applicationmanageyards-display-component---NewYard--addressEditDetailsCurrency-arrow"}]}
RESULT: undefined
COMMAND: POST /session/d1da2243ed5db842980eb3a0b04f68c1/element - {"using":"xpath","value":"//*[@id=\"application-manageyards-display-component---NewYard--addressEditDetailsCurrency-arrow\"]"}
RESULT: {"using":"xpath","value":"//*[@id=\"application-manageyards-display-component---NewYard--addressEditDetailsCurrency-arrow\"]"}
COMMAND: POST /session/d1da2243ed5db842980eb3a0b04f68c1/element/f.88445BC73AA68FCADA91DF858886134B.d.1F8FF0D164CE02D767696CB04E392912.e.10395/click - {}
RESULT: {}
COMMAND: POST /session/d1da2243ed5db842980eb3a0b04f68c1/element - {"using":"xpath","value":"//span[contains(text(), \"Euro\")]"}
COMMAND: GET /session/d1da2243ed5db842980eb3a0b04f68c1/screenshot - {}
RESULT: {"using":"xpath","value":"//span[contains(text(), \"Euro\")]"}
COMMAND: POST /session/d1da2243ed5db842980eb3a0b04f68c1/element/f.88445BC73AA68FCADA91DF858886134B.d.1F8FF0D164CE02D767696CB04E392912.e.10396/click - {}
RESULT: {}
RESULT: {}
COMMAND: POST /session/d1da2243ed5db842980eb3a0b04f68c1/execute/async - {"script":"<script> [1562 bytes]","args":[{"selector":{"controlType":"sap.m.Input","viewName":"etm.portal.ui.manageyards.view.New","viewId":"application-manageyards-display-component---NewYard","bindingPath":{"path":"","propertyPath":"/CONTROLLING_AREA","modelName":"NewYardModel"},"interaction":{"idSuffix":"inner"}},"wdio_ui5_key":"etmportal.ui.manageyards.view.Newsap.m.Input{\"path\":\"\",\"propertyPath\":\"/CONTROLLING_AREA\",\"modelName\":\"NewYardModel\"}"}]}
COMMAND: GET /session/d1da2243ed5db842980eb3a0b04f68c1/screenshot - {}
RESULT: {"script":"<script> [1562 bytes]","args":[{"selector":{"controlType":"sap.m.Input","viewName":"etm.portal.ui.manageyards.view.New","viewId":"application-manageyards-display-component---NewYard","bindingPath":{"path":"","propertyPath":"/CONTROLLING_AREA","modelName":"NewYardModel"},"interaction":{"idSuffix":"inner"}},"wdio_ui5_key":"etmportal.ui.manageyards.view.Newsap.m.Input{\"path\":\"\",\"propertyPath\":\"/CONTROLLING_AREA\",\"modelName\":\"NewYardModel\"}"}]}
RESULT: undefined
COMMAND: POST /session/d1da2243ed5db842980eb3a0b04f68c1/execute/async - {"script":"<script> [776 bytes]","args":[{"enterText":"Z001","selector":{"controlType":"sap.m.Input","viewName":"etm.portal.ui.manageyards.view.New","viewId":"application-manageyards-display-component---NewYard","bindingPath":{"path":"","propertyPath":"/CONTROLLING_AREA","modelName":"NewYardModel"},"interaction":{"idSuffix":"inner"}},"clearTextFirst":true,"interactionType":"ENTER_TEXT"}]}
RESULT: {}
RESULT: {"script":"<script> [776 bytes]","args":[{"enterText":"Z001","selector":{"controlType":"sap.m.Input","viewName":"etm.portal.ui.manageyards.view.New","viewId":"application-manageyards-display-component---NewYard","bindingPath":{"path":"","propertyPath":"/CONTROLLING_AREA","modelName":"NewYardModel"},"interaction":{"idSuffix":"inner"}},"clearTextFirst":true,"interactionType":"ENTER_TEXT"}]}
COMMAND: POST /session/d1da2243ed5db842980eb3a0b04f68c1/execute/async - {"script":"<script> [1562 bytes]","args":[{"selector":{"id":"application-manageyards-display-component---NewYard--companyCodeComboBox","interaction":{"idSuffix":"inner"}},"wdio_ui5_key":"applicationmanageyards-display-component---NewYard--companyCodeComboBox"}]}
RESULT: {"script":"<script> [1562 bytes]","args":[{"selector":{"id":"application-manageyards-display-component---NewYard--companyCodeComboBox","interaction":{"idSuffix":"inner"}},"wdio_ui5_key":"applicationmanageyards-display-component---NewYard--companyCodeComboBox"}]}
RESULT: undefined
COMMAND: POST /session/d1da2243ed5db842980eb3a0b04f68c1/execute/async - {"script":"<script> [776 bytes]","args":[{"enterText":"1000","selector":{"id":"application-manageyards-display-component---NewYard--companyCodeComboBox","interaction":{"idSuffix":"inner"}},"clearTextFirst":true,"interactionType":"ENTER_TEXT"}]}
RESULT: {"script":"<script> [776 bytes]","args":[{"enterText":"1000","selector":{"id":"application-manageyards-display-component---NewYard--companyCodeComboBox","interaction":{"idSuffix":"inner"}},"clearTextFirst":true,"interactionType":"ENTER_TEXT"}]}
COMMAND: POST /session/d1da2243ed5db842980eb3a0b04f68c1/execute/async - {"script":"<script> [1562 bytes]","args":[{"selector":{"controlType":"sap.m.Input","viewName":"etm.portal.ui.manageyards.view.New","viewId":"application-manageyards-display-component---NewYard","bindingPath":{"path":"","propertyPath":"/PLANT","modelName":"NewYardModel"},"interaction":{"idSuffix":"inner"}},"wdio_ui5_key":"etmportal.ui.manageyards.view.Newsap.m.Input{\"path\":\"\",\"propertyPath\":\"/PLANT\",\"modelName\":\"NewYardModel\"}"}]}
RESULT: {"script":"<script> [1562 bytes]","args":[{"selector":{"controlType":"sap.m.Input","viewName":"etm.portal.ui.manageyards.view.New","viewId":"application-manageyards-display-component---NewYard","bindingPath":{"path":"","propertyPath":"/PLANT","modelName":"NewYardModel"},"interaction":{"idSuffix":"inner"}},"wdio_ui5_key":"etmportal.ui.manageyards.view.Newsap.m.Input{\"path\":\"\",\"propertyPath\":\"/PLANT\",\"modelName\":\"NewYardModel\"}"}]}
RESULT: undefined
COMMAND: POST /session/d1da2243ed5db842980eb3a0b04f68c1/execute/async - {"script":"<script> [776 bytes]","args":[{"enterText":"1001","selector":{"controlType":"sap.m.Input","viewName":"etm.portal.ui.manageyards.view.New","viewId":"application-manageyards-display-component---NewYard","bindingPath":{"path":"","propertyPath":"/PLANT","modelName":"NewYardModel"},"interaction":{"idSuffix":"inner"}},"clearTextFirst":true,"interactionType":"ENTER_TEXT"}]}
RESULT: {"script":"<script> [776 bytes]","args":[{"enterText":"1001","selector":{"controlType":"sap.m.Input","viewName":"etm.portal.ui.manageyards.view.New","viewId":"application-manageyards-display-component---NewYard","bindingPath":{"path":"","propertyPath":"/PLANT","modelName":"NewYardModel"},"interaction":{"idSuffix":"inner"}},"clearTextFirst":true,"interactionType":"ENTER_TEXT"}]}
COMMAND: POST /session/d1da2243ed5db842980eb3a0b04f68c1/execute/async - {"script":"<script> [1562 bytes]","args":[{"selector":{"controlType":"sap.m.Input","viewName":"etm.portal.ui.manageyards.view.New","viewId":"application-manageyards-display-component---NewYard","bindingPath":{"path":"","propertyPath":"/SALES_AREA_VKORG","modelName":"NewYardModel"},"interaction":{"idSuffix":"inner"}},"wdio_ui5_key":"etmportal.ui.manageyards.view.Newsap.m.Input{\"path\":\"\",\"propertyPath\":\"/SALES_AREA_VKORG\",\"modelName\":\"NewYardModel\"}"}]}
RESULT: {"script":"<script> [1562 bytes]","args":[{"selector":{"controlType":"sap.m.Input","viewName":"etm.portal.ui.manageyards.view.New","viewId":"application-manageyards-display-component---NewYard","bindingPath":{"path":"","propertyPath":"/SALES_AREA_VKORG","modelName":"NewYardModel"},"interaction":{"idSuffix":"inner"}},"wdio_ui5_key":"etmportal.ui.manageyards.view.Newsap.m.Input{\"path\":\"\",\"propertyPath\":\"/SALES_AREA_VKORG\",\"modelName\":\"NewYardModel\"}"}]}
RESULT: undefined
COMMAND: POST /session/d1da2243ed5db842980eb3a0b04f68c1/execute/async - {"script":"<script> [776 bytes]","args":[{"enterText":"C002","selector":{"controlType":"sap.m.Input","viewName":"etm.portal.ui.manageyards.view.New","viewId":"application-manageyards-display-component---NewYard","bindingPath":{"path":"","propertyPath":"/SALES_AREA_VKORG","modelName":"NewYardModel"},"interaction":{"idSuffix":"inner"}},"clearTextFirst":true,"interactionType":"ENTER_TEXT"}]}
RESULT: {"script":"<script> [776 bytes]","args":[{"enterText":"C002","selector":{"controlType":"sap.m.Input","viewName":"etm.portal.ui.manageyards.view.New","viewId":"application-manageyards-display-component---NewYard","bindingPath":{"path":"","propertyPath":"/SALES_AREA_VKORG","modelName":"NewYardModel"},"interaction":{"idSuffix":"inner"}},"clearTextFirst":true,"interactionType":"ENTER_TEXT"}]}
COMMAND: POST /session/d1da2243ed5db842980eb3a0b04f68c1/execute/async - {"script":"<script> [1562 bytes]","args":[{"selector":{"controlType":"sap.m.Input","viewName":"etm.portal.ui.manageyards.view.New","viewId":"application-manageyards-display-component---NewYard","bindingPath":{"path":"","propertyPath":"/SALES_AREA_VTWEG","modelName":"NewYardModel"},"interaction":{"idSuffix":"inner"}},"wdio_ui5_key":"etmportal.ui.manageyards.view.Newsap.m.Input{\"path\":\"\",\"propertyPath\":\"/SALES_AREA_VTWEG\",\"modelName\":\"NewYardModel\"}"}]}
RESULT: {"script":"<script> [1562 bytes]","args":[{"selector":{"controlType":"sap.m.Input","viewName":"etm.portal.ui.manageyards.view.New","viewId":"application-manageyards-display-component---NewYard","bindingPath":{"path":"","propertyPath":"/SALES_AREA_VTWEG","modelName":"NewYardModel"},"interaction":{"idSuffix":"inner"}},"wdio_ui5_key":"etmportal.ui.manageyards.view.Newsap.m.Input{\"path\":\"\",\"propertyPath\":\"/SALES_AREA_VTWEG\",\"modelName\":\"NewYardModel\"}"}]}
RESULT: undefined
COMMAND: POST /session/d1da2243ed5db842980eb3a0b04f68c1/execute/async - {"script":"<script> [776 bytes]","args":[{"enterText":"C2","selector":{"controlType":"sap.m.Input","viewName":"etm.portal.ui.manageyards.view.New","viewId":"application-manageyards-display-component---NewYard","bindingPath":{"path":"","propertyPath":"/SALES_AREA_VTWEG","modelName":"NewYardModel"},"interaction":{"idSuffix":"inner"}},"clearTextFirst":true,"interactionType":"ENTER_TEXT"}]}
RESULT: {"script":"<script> [776 bytes]","args":[{"enterText":"C2","selector":{"controlType":"sap.m.Input","viewName":"etm.portal.ui.manageyards.view.New","viewId":"application-manageyards-display-component---NewYard","bindingPath":{"path":"","propertyPath":"/SALES_AREA_VTWEG","modelName":"NewYardModel"},"interaction":{"idSuffix":"inner"}},"clearTextFirst":true,"interactionType":"ENTER_TEXT"}]}
COMMAND: POST /session/d1da2243ed5db842980eb3a0b04f68c1/execute/async - {"script":"<script> [1562 bytes]","args":[{"selector":{"controlType":"sap.m.Input","viewName":"etm.portal.ui.manageyards.view.New","viewId":"application-manageyards-display-component---NewYard","bindingPath":{"path":"","propertyPath":"/SALES_AREA_SPART","modelName":"NewYardModel"},"interaction":{"idSuffix":"inner"}},"wdio_ui5_key":"etmportal.ui.manageyards.view.Newsap.m.Input{\"path\":\"\",\"propertyPath\":\"/SALES_AREA_SPART\",\"modelName\":\"NewYardModel\"}"}]}
RESULT: {"script":"<script> [1562 bytes]","args":[{"selector":{"controlType":"sap.m.Input","viewName":"etm.portal.ui.manageyards.view.New","viewId":"application-manageyards-display-component---NewYard","bindingPath":{"path":"","propertyPath":"/SALES_AREA_SPART","modelName":"NewYardModel"},"interaction":{"idSuffix":"inner"}},"wdio_ui5_key":"etmportal.ui.manageyards.view.Newsap.m.Input{\"path\":\"\",\"propertyPath\":\"/SALES_AREA_SPART\",\"modelName\":\"NewYardModel\"}"}]}
RESULT: undefined
COMMAND: POST /session/d1da2243ed5db842980eb3a0b04f68c1/execute/async - {"script":"<script> [776 bytes]","args":[{"enterText":"C2","selector":{"controlType":"sap.m.Input","viewName":"etm.portal.ui.manageyards.view.New","viewId":"application-manageyards-display-component---NewYard","bindingPath":{"path":"","propertyPath":"/SALES_AREA_SPART","modelName":"NewYardModel"},"interaction":{"idSuffix":"inner"}},"clearTextFirst":true,"interactionType":"ENTER_TEXT"}]}
RESULT: {"script":"<script> [776 bytes]","args":[{"enterText":"C2","selector":{"controlType":"sap.m.Input","viewName":"etm.portal.ui.manageyards.view.New","viewId":"application-manageyards-display-component---NewYard","bindingPath":{"path":"","propertyPath":"/SALES_AREA_SPART","modelName":"NewYardModel"},"interaction":{"idSuffix":"inner"}},"clearTextFirst":true,"interactionType":"ENTER_TEXT"}]}
COMMAND: POST /session/d1da2243ed5db842980eb3a0b04f68c1/execute/async - {"script":"<script> [1562 bytes]","args":[{"selector":{"controlType":"sap.m.Input","viewName":"etm.portal.ui.manageyards.view.New","viewId":"application-manageyards-display-component---NewYard","bindingPath":{"path":"","propertyPath":"/SHIP_POINT","modelName":"NewYardModel"},"interaction":{"idSuffix":"inner"}},"wdio_ui5_key":"etmportal.ui.manageyards.view.Newsap.m.Input{\"path\":\"\",\"propertyPath\":\"/SHIP_POINT\",\"modelName\":\"NewYardModel\"}"}]}
RESULT: {"script":"<script> [1562 bytes]","args":[{"selector":{"controlType":"sap.m.Input","viewName":"etm.portal.ui.manageyards.view.New","viewId":"application-manageyards-display-component---NewYard","bindingPath":{"path":"","propertyPath":"/SHIP_POINT","modelName":"NewYardModel"},"interaction":{"idSuffix":"inner"}},"wdio_ui5_key":"etmportal.ui.manageyards.view.Newsap.m.Input{\"path\":\"\",\"propertyPath\":\"/SHIP_POINT\",\"modelName\":\"NewYardModel\"}"}]}
RESULT: undefined
COMMAND: POST /session/d1da2243ed5db842980eb3a0b04f68c1/execute/async - {"script":"<script> [776 bytes]","args":[{"enterText":"1710","selector":{"controlType":"sap.m.Input","viewName":"etm.portal.ui.manageyards.view.New","viewId":"application-manageyards-display-component---NewYard","bindingPath":{"path":"","propertyPath":"/SHIP_POINT","modelName":"NewYardModel"},"interaction":{"idSuffix":"inner"}},"clearTextFirst":true,"interactionType":"ENTER_TEXT"}]}
RESULT: {"script":"<script> [776 bytes]","args":[{"enterText":"1710","selector":{"controlType":"sap.m.Input","viewName":"etm.portal.ui.manageyards.view.New","viewId":"application-manageyards-display-component---NewYard","bindingPath":{"path":"","propertyPath":"/SHIP_POINT","modelName":"NewYardModel"},"interaction":{"idSuffix":"inner"}},"clearTextFirst":true,"interactionType":"ENTER_TEXT"}]}
COMMAND: POST /session/d1da2243ed5db842980eb3a0b04f68c1/execute/async - {"script":"<script> [1562 bytes]","args":[{"selector":{"controlType":"sap.m.Input","viewName":"etm.portal.ui.manageyards.view.New","viewId":"application-manageyards-display-component---NewYard","bindingPath":{"path":"","propertyPath":"/DELIVERY_TYPE","modelName":"NewYardModel"},"interaction":{"idSuffix":"inner"}},"wdio_ui5_key":"etmportal.ui.manageyards.view.Newsap.m.Input{\"path\":\"\",\"propertyPath\":\"/DELIVERY_TYPE\",\"modelName\":\"NewYardModel\"}"}]}
RESULT: {"script":"<script> [1562 bytes]","args":[{"selector":{"controlType":"sap.m.Input","viewName":"etm.portal.ui.manageyards.view.New","viewId":"application-manageyards-display-component---NewYard","bindingPath":{"path":"","propertyPath":"/DELIVERY_TYPE","modelName":"NewYardModel"},"interaction":{"idSuffix":"inner"}},"wdio_ui5_key":"etmportal.ui.manageyards.view.Newsap.m.Input{\"path\":\"\",\"propertyPath\":\"/DELIVERY_TYPE\",\"modelName\":\"NewYardModel\"}"}]}
RESULT: undefined
COMMAND: POST /session/d1da2243ed5db842980eb3a0b04f68c1/execute/async - {"script":"<script> [776 bytes]","args":[{"enterText":"ZL01","selector":{"controlType":"sap.m.Input","viewName":"etm.portal.ui.manageyards.view.New","viewId":"application-manageyards-display-component---NewYard","bindingPath":{"path":"","propertyPath":"/DELIVERY_TYPE","modelName":"NewYardModel"},"interaction":{"idSuffix":"inner"}},"clearTextFirst":true,"interactionType":"ENTER_TEXT"}]}
RESULT: {"script":"<script> [776 bytes]","args":[{"enterText":"ZL01","selector":{"controlType":"sap.m.Input","viewName":"etm.portal.ui.manageyards.view.New","viewId":"application-manageyards-display-component---NewYard","bindingPath":{"path":"","propertyPath":"/DELIVERY_TYPE","modelName":"NewYardModel"},"interaction":{"idSuffix":"inner"}},"clearTextFirst":true,"interactionType":"ENTER_TEXT"}]}
COMMAND: POST /session/d1da2243ed5db842980eb3a0b04f68c1/execute/async - {"script":"<script> [1562 bytes]","args":[{"selector":{"controlType":"sap.m.Input","viewName":"etm.portal.ui.manageyards.view.New","viewId":"application-manageyards-display-component---NewYard","bindingPath":{"path":"","propertyPath":"/AUART","modelName":"NewYardModel"},"interaction":{"idSuffix":"inner"}},"wdio_ui5_key":"etmportal.ui.manageyards.view.Newsap.m.Input{\"path\":\"\",\"propertyPath\":\"/AUART\",\"modelName\":\"NewYardModel\"}"}]}
RESULT: {"script":"<script> [1562 bytes]","args":[{"selector":{"controlType":"sap.m.Input","viewName":"etm.portal.ui.manageyards.view.New","viewId":"application-manageyards-display-component---NewYard","bindingPath":{"path":"","propertyPath":"/AUART","modelName":"NewYardModel"},"interaction":{"idSuffix":"inner"}},"wdio_ui5_key":"etmportal.ui.manageyards.view.Newsap.m.Input{\"path\":\"\",\"propertyPath\":\"/AUART\",\"modelName\":\"NewYardModel\"}"}]}
RESULT: undefined
COMMAND: POST /session/d1da2243ed5db842980eb3a0b04f68c1/execute/async - {"script":"<script> [776 bytes]","args":[{"enterText":"TA","selector":{"controlType":"sap.m.Input","viewName":"etm.portal.ui.manageyards.view.New","viewId":"application-manageyards-display-component---NewYard","bindingPath":{"path":"","propertyPath":"/AUART","modelName":"NewYardModel"},"interaction":{"idSuffix":"inner"}},"clearTextFirst":true,"interactionType":"ENTER_TEXT"}]}
RESULT: {"script":"<script> [776 bytes]","args":[{"enterText":"TA","selector":{"controlType":"sap.m.Input","viewName":"etm.portal.ui.manageyards.view.New","viewId":"application-manageyards-display-component---NewYard","bindingPath":{"path":"","propertyPath":"/AUART","modelName":"NewYardModel"},"interaction":{"idSuffix":"inner"}},"clearTextFirst":true,"interactionType":"ENTER_TEXT"}]}
COMMAND: POST /session/d1da2243ed5db842980eb3a0b04f68c1/element - {"using":"xpath","value":"//button[@data-kt=\"newYardSaveButton\"]"}
RESULT: {"using":"xpath","value":"//button[@data-kt=\"newYardSaveButton\"]"}
COMMAND: POST /session/d1da2243ed5db842980eb3a0b04f68c1/element/f.88445BC73AA68FCADA91DF858886134B.d.1F8FF0D164CE02D767696CB04E392912.e.10315/click - {}
RESULT: {}
COMMAND: GET /session/d1da2243ed5db842980eb3a0b04f68c1/screenshot - {}
RESULT: {}
COMMAND: POST /session/d1da2243ed5db842980eb3a0b04f68c1/element - {"using":"xpath","value":"//header[contains(@id, 'ObjectPageLayout-headerTitle')]/div[1]/div[2]/div[1]/span[1]"}
RESULT: {"using":"xpath","value":"//header[contains(@id, 'ObjectPageLayout-headerTitle')]/div[1]/div[2]/div[1]/span[1]"}
COMMAND: POST /session/d1da2243ed5db842980eb3a0b04f68c1/elements - {"using":"xpath","value":"//header[contains(@id, 'ObjectPageLayout-headerTitle')]/div[1]/div[2]/div[1]/span[1]"}
RESULT: {"using":"xpath","value":"//header[contains(@id, 'ObjectPageLayout-headerTitle')]/div[1]/div[2]/div[1]/span[1]"}
COMMAND: POST /session/d1da2243ed5db842980eb3a0b04f68c1/execute/sync - {"script":"<script> [56 bytes]","args":[{"element-6066-11e4-a52e-4f735466cecf":"f.88445BC73AA68FCADA91DF858886134B.d.1F8FF0D164CE02D767696CB04E392912.e.10616","ELEMENT":"f.88445BC73AA68FCADA91DF858886134B.d.1F8FF0D164CE02D767696CB04E392912.e.10616"}]}
RESULT: {"script":"<script> [56 bytes]","args":[{"element-6066-11e4-a52e-4f735466cecf":"f.88445BC73AA68FCADA91DF858886134B.d.1F8FF0D164CE02D767696CB04E392912.e.10616","ELEMENT":"f.88445BC73AA68FCADA91DF858886134B.d.1F8FF0D164CE02D767696CB04E392912.e.10616"}]}
COMMAND: GET /session/d1da2243ed5db842980eb3a0b04f68c1/screenshot - {}
RESULT: {}
COMMAND: POST /session/d1da2243ed5db842980eb3a0b04f68c1/element - {"using":"css selector","value":"#shell-header-logo"}
RESULT: {"using":"css selector","value":"#shell-header-logo"}
COMMAND: POST /session/d1da2243ed5db842980eb3a0b04f68c1/element/f.88445BC73AA68FCADA91DF858886134B.d.1F8FF0D164CE02D767696CB04E392912.e.9871/click - {}
RESULT: {}
COMMAND: GET /session/d1da2243ed5db842980eb3a0b04f68c1/screenshot - {}
RESULT: {}
COMMAND: POST /session/d1da2243ed5db842980eb3a0b04f68c1/execute/sync - {"script":"<script> [299 bytes]","args":[["getModel","getResource"]]}
RESULT: {"script":"<script> [299 bytes]","args":[["getModel","getResource"]]}
]]></system-out>
    </testcase>
    <testcase classname="chrome.136_0_7103_93.windows.Create_partner_US118246" name="Should create new external partner" time="96.809">
      <system-out><![CDATA[
COMMAND: POST /session/d1da2243ed5db842980eb3a0b04f68c1/window/fullscreen - {}
COMMAND: GET /session/d1da2243ed5db842980eb3a0b04f68c1/screenshot - {}
RESULT: {}
COMMAND: POST /session/d1da2243ed5db842980eb3a0b04f68c1/execute/async - {"script":"<script> [1562 bytes]","args":[{"selector":{"controlType":"sap.m.GenericTile","properties":{"header":"Manage Partners"}},"wdio_ui5_key":"sapm.GenericTile{\"header\":\"Manage Partners\"}"}]}
RESULT: {}
RESULT: {"script":"<script> [1562 bytes]","args":[{"selector":{"controlType":"sap.m.GenericTile","properties":{"header":"Manage Partners"}},"wdio_ui5_key":"sapm.GenericTile{\"header\":\"Manage Partners\"}"}]}
RESULT: undefined
COMMAND: POST /session/d1da2243ed5db842980eb3a0b04f68c1/element - {"using":"xpath","value":"//*[@id=\"__tile38\"]"}
RESULT: {"using":"xpath","value":"//*[@id=\"__tile38\"]"}
COMMAND: POST /session/d1da2243ed5db842980eb3a0b04f68c1/element/f.88445BC73AA68FCADA91DF858886134B.d.1F8FF0D164CE02D767696CB04E392912.e.9759/click - {}
RESULT: {}
COMMAND: GET /session/d1da2243ed5db842980eb3a0b04f68c1/screenshot - {}
RESULT: {}
COMMAND: POST /session/d1da2243ed5db842980eb3a0b04f68c1/elements - {"using":"xpath","value":"//span[text()='Error']"}
RESULT: {"using":"xpath","value":"//span[text()='Error']"}
COMMAND: POST /session/d1da2243ed5db842980eb3a0b04f68c1/element - {"using":"xpath","value":"//button[@data-kt=\"addButton\"]"}
RESULT: {"using":"xpath","value":"//button[@data-kt=\"addButton\"]"}
COMMAND: POST /session/d1da2243ed5db842980eb3a0b04f68c1/elements - {"using":"xpath","value":"//button[@data-kt=\"addButton\"]"}
RESULT: {"using":"xpath","value":"//button[@data-kt=\"addButton\"]"}
COMMAND: POST /session/d1da2243ed5db842980eb3a0b04f68c1/execute/sync - {"script":"<script> [8489 bytes]","args":[{"element-6066-11e4-a52e-4f735466cecf":"f.88445BC73AA68FCADA91DF858886134B.d.1F8FF0D164CE02D767696CB04E392912.e.10664","ELEMENT":"f.88445BC73AA68FCADA91DF858886134B.d.1F8FF0D164CE02D767696CB04E392912.e.10664"}]}
RESULT: {"script":"<script> [8489 bytes]","args":[{"element-6066-11e4-a52e-4f735466cecf":"f.88445BC73AA68FCADA91DF858886134B.d.1F8FF0D164CE02D767696CB04E392912.e.10664","ELEMENT":"f.88445BC73AA68FCADA91DF858886134B.d.1F8FF0D164CE02D767696CB04E392912.e.10664"}]}
COMMAND: GET /session/d1da2243ed5db842980eb3a0b04f68c1/element/f.88445BC73AA68FCADA91DF858886134B.d.1F8FF0D164CE02D767696CB04E392912.e.10664/enabled - {}
COMMAND: GET /session/d1da2243ed5db842980eb3a0b04f68c1/screenshot - {}
RESULT: {}
COMMAND: POST /session/d1da2243ed5db842980eb3a0b04f68c1/execute/sync - {"script":"<script> [8489 bytes]","args":[{"element-6066-11e4-a52e-4f735466cecf":"f.88445BC73AA68FCADA91DF858886134B.d.1F8FF0D164CE02D767696CB04E392912.e.10664","ELEMENT":"f.88445BC73AA68FCADA91DF858886134B.d.1F8FF0D164CE02D767696CB04E392912.e.10664"}]}
COMMAND: GET /session/d1da2243ed5db842980eb3a0b04f68c1/screenshot - {}
RESULT: {}
RESULT: {"script":"<script> [8489 bytes]","args":[{"element-6066-11e4-a52e-4f735466cecf":"f.88445BC73AA68FCADA91DF858886134B.d.1F8FF0D164CE02D767696CB04E392912.e.10664","ELEMENT":"f.88445BC73AA68FCADA91DF858886134B.d.1F8FF0D164CE02D767696CB04E392912.e.10664"}]}
COMMAND: POST /session/d1da2243ed5db842980eb3a0b04f68c1/execute/sync - {"script":"<script> [5351 bytes]","args":[{"element-6066-11e4-a52e-4f735466cecf":"f.88445BC73AA68FCADA91DF858886134B.d.1F8FF0D164CE02D767696CB04E392912.e.10664","ELEMENT":"f.88445BC73AA68FCADA91DF858886134B.d.1F8FF0D164CE02D767696CB04E392912.e.10664"}]}
COMMAND: GET /session/d1da2243ed5db842980eb3a0b04f68c1/screenshot - {}
RESULT: {}
RESULT: {"script":"<script> [5351 bytes]","args":[{"element-6066-11e4-a52e-4f735466cecf":"f.88445BC73AA68FCADA91DF858886134B.d.1F8FF0D164CE02D767696CB04E392912.e.10664","ELEMENT":"f.88445BC73AA68FCADA91DF858886134B.d.1F8FF0D164CE02D767696CB04E392912.e.10664"}]}
COMMAND: POST /session/d1da2243ed5db842980eb3a0b04f68c1/element/f.88445BC73AA68FCADA91DF858886134B.d.1F8FF0D164CE02D767696CB04E392912.e.10664/click - {}
COMMAND: GET /session/d1da2243ed5db842980eb3a0b04f68c1/screenshot - {}
RESULT: {}
RESULT: {}
COMMAND: GET /session/d1da2243ed5db842980eb3a0b04f68c1/screenshot - {}
COMMAND: POST /session/d1da2243ed5db842980eb3a0b04f68c1/execute/async - {"script":"<script> [1562 bytes]","args":[{"selector":{"id":"application-managepartners-display-component---NewPartner--addressDetailDetailsName1","interaction":{"idSuffix":"inner"}},"wdio_ui5_key":"applicationmanagepartners-display-component---NewPartner--addressDetailDetailsName1"}]}
RESULT: {}
RESULT: {}
RESULT: {"script":"<script> [1562 bytes]","args":[{"selector":{"id":"application-managepartners-display-component---NewPartner--addressDetailDetailsName1","interaction":{"idSuffix":"inner"}},"wdio_ui5_key":"applicationmanagepartners-display-component---NewPartner--addressDetailDetailsName1"}]}
RESULT: undefined
COMMAND: POST /session/d1da2243ed5db842980eb3a0b04f68c1/execute/async - {"script":"<script> [776 bytes]","args":[{"enterText":"External Partner WDIO","selector":{"id":"application-managepartners-display-component---NewPartner--addressDetailDetailsName1","interaction":{"idSuffix":"inner"}},"clearTextFirst":true,"interactionType":"ENTER_TEXT"}]}
RESULT: {"script":"<script> [776 bytes]","args":[{"enterText":"External Partner WDIO","selector":{"id":"application-managepartners-display-component---NewPartner--addressDetailDetailsName1","interaction":{"idSuffix":"inner"}},"clearTextFirst":true,"interactionType":"ENTER_TEXT"}]}
COMMAND: POST /session/d1da2243ed5db842980eb3a0b04f68c1/execute/async - {"script":"<script> [1562 bytes]","args":[{"selector":{"id":"application-managepartners-display-component---NewPartner--addressDetailDetailsLanguage-arrow"},"wdio_ui5_key":"applicationmanagepartners-display-component---NewPartner--addressDetailDetailsLanguage-arrow"}]}
RESULT: {"script":"<script> [1562 bytes]","args":[{"selector":{"id":"application-managepartners-display-component---NewPartner--addressDetailDetailsLanguage-arrow"},"wdio_ui5_key":"applicationmanagepartners-display-component---NewPartner--addressDetailDetailsLanguage-arrow"}]}
RESULT: undefined
COMMAND: POST /session/d1da2243ed5db842980eb3a0b04f68c1/element - {"using":"xpath","value":"//*[@id=\"application-managepartners-display-component---NewPartner--addressDetailDetailsLanguage-arrow\"]"}
RESULT: {"using":"xpath","value":"//*[@id=\"application-managepartners-display-component---NewPartner--addressDetailDetailsLanguage-arrow\"]"}
COMMAND: POST /session/d1da2243ed5db842980eb3a0b04f68c1/element/f.88445BC73AA68FCADA91DF858886134B.d.1F8FF0D164CE02D767696CB04E392912.e.11100/click - {}
RESULT: {}
COMMAND: POST /session/d1da2243ed5db842980eb3a0b04f68c1/element - {"using":"xpath","value":"//span[contains(text(), \"English\")]"}
COMMAND: GET /session/d1da2243ed5db842980eb3a0b04f68c1/screenshot - {}
RESULT: {"using":"xpath","value":"//span[contains(text(), \"English\")]"}
COMMAND: POST /session/d1da2243ed5db842980eb3a0b04f68c1/element/f.88445BC73AA68FCADA91DF858886134B.d.1F8FF0D164CE02D767696CB04E392912.e.11101/click - {}
RESULT: {}
RESULT: {}
COMMAND: GET /session/d1da2243ed5db842980eb3a0b04f68c1/screenshot - {}
RESULT: {}
COMMAND: POST /session/d1da2243ed5db842980eb3a0b04f68c1/execute/async - {"script":"<script> [1562 bytes]","args":[{"selector":{"id":"application-managepartners-display-component---NewPartner--addressDetailDetailsCity1","interaction":{"idSuffix":"inner"}},"wdio_ui5_key":"applicationmanagepartners-display-component---NewPartner--addressDetailDetailsCity1"}]}
RESULT: {"script":"<script> [1562 bytes]","args":[{"selector":{"id":"application-managepartners-display-component---NewPartner--addressDetailDetailsCity1","interaction":{"idSuffix":"inner"}},"wdio_ui5_key":"applicationmanagepartners-display-component---NewPartner--addressDetailDetailsCity1"}]}
RESULT: undefined
COMMAND: POST /session/d1da2243ed5db842980eb3a0b04f68c1/execute/async - {"script":"<script> [776 bytes]","args":[{"enterText":"Rosario","selector":{"id":"application-managepartners-display-component---NewPartner--addressDetailDetailsCity1","interaction":{"idSuffix":"inner"}},"clearTextFirst":true,"interactionType":"ENTER_TEXT"}]}
RESULT: {"script":"<script> [776 bytes]","args":[{"enterText":"Rosario","selector":{"id":"application-managepartners-display-component---NewPartner--addressDetailDetailsCity1","interaction":{"idSuffix":"inner"}},"clearTextFirst":true,"interactionType":"ENTER_TEXT"}]}
COMMAND: POST /session/d1da2243ed5db842980eb3a0b04f68c1/execute/async - {"script":"<script> [1562 bytes]","args":[{"selector":{"id":"application-managepartners-display-component---NewPartner--addressDetailDetailsCountry-arrow"},"wdio_ui5_key":"applicationmanagepartners-display-component---NewPartner--addressDetailDetailsCountry-arrow"}]}
RESULT: {"script":"<script> [1562 bytes]","args":[{"selector":{"id":"application-managepartners-display-component---NewPartner--addressDetailDetailsCountry-arrow"},"wdio_ui5_key":"applicationmanagepartners-display-component---NewPartner--addressDetailDetailsCountry-arrow"}]}
RESULT: undefined
COMMAND: POST /session/d1da2243ed5db842980eb3a0b04f68c1/element - {"using":"xpath","value":"//*[@id=\"application-managepartners-display-component---NewPartner--addressDetailDetailsCountry-arrow\"]"}
RESULT: {"using":"xpath","value":"//*[@id=\"application-managepartners-display-component---NewPartner--addressDetailDetailsCountry-arrow\"]"}
COMMAND: POST /session/d1da2243ed5db842980eb3a0b04f68c1/element/f.88445BC73AA68FCADA91DF858886134B.d.1F8FF0D164CE02D767696CB04E392912.e.11075/click - {}
RESULT: {}
COMMAND: POST /session/d1da2243ed5db842980eb3a0b04f68c1/element - {"using":"xpath","value":"//span[contains(text(), \"Argentina\")]"}
COMMAND: GET /session/d1da2243ed5db842980eb3a0b04f68c1/screenshot - {}
RESULT: {"using":"xpath","value":"//span[contains(text(), \"Argentina\")]"}
COMMAND: POST /session/d1da2243ed5db842980eb3a0b04f68c1/element/f.88445BC73AA68FCADA91DF858886134B.d.1F8FF0D164CE02D767696CB04E392912.e.11103/click - {}
RESULT: {}
RESULT: {}
COMMAND: GET /session/d1da2243ed5db842980eb3a0b04f68c1/screenshot - {}
RESULT: {}
COMMAND: POST /session/d1da2243ed5db842980eb3a0b04f68c1/element - {"using":"xpath","value":"//bdi[contains(text(), \"Commercial\")]"}
RESULT: {"using":"xpath","value":"//bdi[contains(text(), \"Commercial\")]"}
COMMAND: POST /session/d1da2243ed5db842980eb3a0b04f68c1/element/f.88445BC73AA68FCADA91DF858886134B.d.1F8FF0D164CE02D767696CB04E392912.e.11104/click - {}
RESULT: {}
COMMAND: GET /session/d1da2243ed5db842980eb3a0b04f68c1/screenshot - {}
RESULT: {}
COMMAND: POST /session/d1da2243ed5db842980eb3a0b04f68c1/execute/async - {"script":"<script> [1562 bytes]","args":[{"selector":{"id":"application-managepartners-display-component---NewPartner--partnerDetailInternal-arrow"},"wdio_ui5_key":"applicationmanagepartners-display-component---NewPartner--partnerDetailInternal-arrow"}]}
RESULT: {"script":"<script> [1562 bytes]","args":[{"selector":{"id":"application-managepartners-display-component---NewPartner--partnerDetailInternal-arrow"},"wdio_ui5_key":"applicationmanagepartners-display-component---NewPartner--partnerDetailInternal-arrow"}]}
RESULT: undefined
COMMAND: POST /session/d1da2243ed5db842980eb3a0b04f68c1/element - {"using":"xpath","value":"//*[@id=\"application-managepartners-display-component---NewPartner--partnerDetailInternal-arrow\"]"}
RESULT: {"using":"xpath","value":"//*[@id=\"application-managepartners-display-component---NewPartner--partnerDetailInternal-arrow\"]"}
COMMAND: POST /session/d1da2243ed5db842980eb3a0b04f68c1/element/f.88445BC73AA68FCADA91DF858886134B.d.1F8FF0D164CE02D767696CB04E392912.e.11110/click - {}
RESULT: {}
COMMAND: POST /session/d1da2243ed5db842980eb3a0b04f68c1/element - {"using":"xpath","value":"//span[contains(text(), \"External partner\")]"}
COMMAND: GET /session/d1da2243ed5db842980eb3a0b04f68c1/screenshot - {}
RESULT: {"using":"xpath","value":"//span[contains(text(), \"External partner\")]"}
COMMAND: POST /session/d1da2243ed5db842980eb3a0b04f68c1/element/f.88445BC73AA68FCADA91DF858886134B.d.1F8FF0D164CE02D767696CB04E392912.e.11111/click - {}
RESULT: {}
RESULT: {}
COMMAND: POST /session/d1da2243ed5db842980eb3a0b04f68c1/execute/async - {"script":"<script> [1562 bytes]","args":[{"selector":{"id":"application-managepartners-display-component---NewPartner--partnerDetailsCurrency-arrow"},"wdio_ui5_key":"applicationmanagepartners-display-component---NewPartner--partnerDetailsCurrency-arrow"}]}
COMMAND: GET /session/d1da2243ed5db842980eb3a0b04f68c1/screenshot - {}
RESULT: {"script":"<script> [1562 bytes]","args":[{"selector":{"id":"application-managepartners-display-component---NewPartner--partnerDetailsCurrency-arrow"},"wdio_ui5_key":"applicationmanagepartners-display-component---NewPartner--partnerDetailsCurrency-arrow"}]}
RESULT: undefined
COMMAND: POST /session/d1da2243ed5db842980eb3a0b04f68c1/element - {"using":"xpath","value":"//*[@id=\"application-managepartners-display-component---NewPartner--partnerDetailsCurrency-arrow\"]"}
RESULT: {}
RESULT: {"using":"xpath","value":"//*[@id=\"application-managepartners-display-component---NewPartner--partnerDetailsCurrency-arrow\"]"}
COMMAND: POST /session/d1da2243ed5db842980eb3a0b04f68c1/element/f.88445BC73AA68FCADA91DF858886134B.d.1F8FF0D164CE02D767696CB04E392912.e.11116/click - {}
RESULT: {}
COMMAND: POST /session/d1da2243ed5db842980eb3a0b04f68c1/element - {"using":"xpath","value":"//span[contains(text(), \"US Dollar\")]"}
COMMAND: GET /session/d1da2243ed5db842980eb3a0b04f68c1/screenshot - {}
RESULT: {"using":"xpath","value":"//span[contains(text(), \"US Dollar\")]"}
COMMAND: POST /session/d1da2243ed5db842980eb3a0b04f68c1/element/f.88445BC73AA68FCADA91DF858886134B.d.1F8FF0D164CE02D767696CB04E392912.e.11117/click - {}
RESULT: {}
RESULT: {}
COMMAND: GET /session/d1da2243ed5db842980eb3a0b04f68c1/screenshot - {}
RESULT: {}
COMMAND: POST /session/d1da2243ed5db842980eb3a0b04f68c1/element - {"using":"xpath","value":"//input[@id=\"application-managepartners-display-component---NewPartner--companyCodeComboBox-inner\"]"}
RESULT: {"using":"xpath","value":"//input[@id=\"application-managepartners-display-component---NewPartner--companyCodeComboBox-inner\"]"}
COMMAND: POST /session/d1da2243ed5db842980eb3a0b04f68c1/element/f.88445BC73AA68FCADA91DF858886134B.d.1F8FF0D164CE02D767696CB04E392912.e.10965/clear - {}
RESULT: {}
COMMAND: POST /session/d1da2243ed5db842980eb3a0b04f68c1/element/f.88445BC73AA68FCADA91DF858886134B.d.1F8FF0D164CE02D767696CB04E392912.e.10965/value - {"text":"C002"}
COMMAND: GET /session/d1da2243ed5db842980eb3a0b04f68c1/screenshot - {}
RESULT: {"text":"C002"}
COMMAND: GET /session/d1da2243ed5db842980eb3a0b04f68c1/screenshot - {}
RESULT: {}
RESULT: {}
COMMAND: POST /session/d1da2243ed5db842980eb3a0b04f68c1/element - {"using":"xpath","value":"//li[.//span[text()= \"C002\"]]"}
RESULT: {"using":"xpath","value":"//li[.//span[text()= \"C002\"]]"}
COMMAND: POST /session/d1da2243ed5db842980eb3a0b04f68c1/element/f.88445BC73AA68FCADA91DF858886134B.d.1F8FF0D164CE02D767696CB04E392912.e.11121/click - {}
RESULT: {}
COMMAND: GET /session/d1da2243ed5db842980eb3a0b04f68c1/screenshot - {}
RESULT: {}
COMMAND: POST /session/d1da2243ed5db842980eb3a0b04f68c1/execute/async - {"script":"<script> [1562 bytes]","args":[{"selector":{"controlType":"sap.ui.core.Icon","viewName":"etm.portal.ui.managepartners.view.NewPartner","viewId":"application-managepartners-display-component---NewPartner","properties":{"src":{"regex":{"source":"slim\\-arrow\\-down"}}},"ancestor":{"controlType":"sap.m.ComboBox","viewName":"etm.portal.ui.managepartners.view.NewPartner","viewId":"application-managepartners-display-component---NewPartner","bindingPath":{"path":"","propertyPath":"/CATALOG","modelName":"oNewPartnerModel"}}},"wdio_ui5_key":"etmportal.ui.managepartners.view.NewPartnersap.ui.core.Icon{\"src\":{\"regex\":{\"source\":\"slim\\\\-arrow\\\\-down\"}}}{\"controlType\":\"sap.m.ComboBox\",\"viewName\":\"etm.portal.ui.managepartners.view.NewPartner\",\"viewId\":\"application-managepartners-display-component---NewPartner\",\"bindingPath\":{\"path\":\"\",\"propertyPath\":\"/CATALOG\",\"modelName\":\"oNewPartnerModel\"}}"}]}
RESULT: {"script":"<script> [1562 bytes]","args":[{"selector":{"controlType":"sap.ui.core.Icon","viewName":"etm.portal.ui.managepartners.view.NewPartner","viewId":"application-managepartners-display-component---NewPartner","properties":{"src":{"regex":{"source":"slim\\-arrow\\-down"}}},"ancestor":{"controlType":"sap.m.ComboBox","viewName":"etm.portal.ui.managepartners.view.NewPartner","viewId":"application-managepartners-display-component---NewPartner","bindingPath":{"path":"","propertyPath":"/CATALOG","modelName":"oNewPartnerModel"}}},"wdio_ui5_key":"etmportal.ui.managepartners.view.NewPartnersap.ui.core.Icon{\"src\":{\"regex\":{\"source\":\"slim\\\\-arrow\\\\-down\"}}}{\"controlType\":\"sap.m.ComboBox\",\"viewName\":\"etm.portal.ui.managepartners.view.NewPartner\",\"viewId\":\"application-managepartners-display-component---NewPartner\",\"bindingPath\":{\"path\":\"\",\"propertyPath\":\"/CATALOG\",\"modelName\":\"oNewPartnerModel\"}}"}]}
RESULT: undefined
COMMAND: POST /session/d1da2243ed5db842980eb3a0b04f68c1/element - {"using":"xpath","value":"//*[@id=\"__box22-arrow\"]"}
RESULT: {"using":"xpath","value":"//*[@id=\"__box22-arrow\"]"}
COMMAND: POST /session/d1da2243ed5db842980eb3a0b04f68c1/element/f.88445BC73AA68FCADA91DF858886134B.d.1F8FF0D164CE02D767696CB04E392912.e.11076/click - {}
RESULT: {}
COMMAND: GET /session/d1da2243ed5db842980eb3a0b04f68c1/screenshot - {}
RESULT: {}
COMMAND: POST /session/d1da2243ed5db842980eb3a0b04f68c1/element - {"using":"xpath","value":"//ul[contains(@id,\"popup-list-listUl\")]//li[.//span[text()= \"Webshop Catalog\"]]"}
RESULT: {"using":"xpath","value":"//ul[contains(@id,\"popup-list-listUl\")]//li[.//span[text()= \"Webshop Catalog\"]]"}
COMMAND: POST /session/d1da2243ed5db842980eb3a0b04f68c1/element/f.88445BC73AA68FCADA91DF858886134B.d.1F8FF0D164CE02D767696CB04E392912.e.11123/click - {}
RESULT: {}
COMMAND: GET /session/d1da2243ed5db842980eb3a0b04f68c1/screenshot - {}
RESULT: {}
COMMAND: POST /session/d1da2243ed5db842980eb3a0b04f68c1/execute/async - {"script":"<script> [1562 bytes]","args":[{"selector":{"id":"application-managepartners-display-component---NewPartner--btnAddTableRow-img"},"wdio_ui5_key":"applicationmanagepartners-display-component---NewPartner--btnAddTableRow-img"}]}
RESULT: {"script":"<script> [1562 bytes]","args":[{"selector":{"id":"application-managepartners-display-component---NewPartner--btnAddTableRow-img"},"wdio_ui5_key":"applicationmanagepartners-display-component---NewPartner--btnAddTableRow-img"}]}
RESULT: undefined
COMMAND: POST /session/d1da2243ed5db842980eb3a0b04f68c1/element - {"using":"xpath","value":"//*[@id=\"application-managepartners-display-component---NewPartner--btnAddTableRow-img\"]"}
RESULT: {"using":"xpath","value":"//*[@id=\"application-managepartners-display-component---NewPartner--btnAddTableRow-img\"]"}
COMMAND: POST /session/d1da2243ed5db842980eb3a0b04f68c1/element/f.88445BC73AA68FCADA91DF858886134B.d.1F8FF0D164CE02D767696CB04E392912.e.11124/click - {}
RESULT: {}
COMMAND: GET /session/d1da2243ed5db842980eb3a0b04f68c1/screenshot - {}
RESULT: {}
COMMAND: POST /session/d1da2243ed5db842980eb3a0b04f68c1/element - {"using":"xpath","value":"//input[@id=\"application-managepartners-display-component---NewPartner--assignmentYard-application-managepartners-display-component---NewPartner--assignmentsTable-0-inner\"]"}
RESULT: {"using":"xpath","value":"//input[@id=\"application-managepartners-display-component---NewPartner--assignmentYard-application-managepartners-display-component---NewPartner--assignmentsTable-0-inner\"]"}
COMMAND: POST /session/d1da2243ed5db842980eb3a0b04f68c1/element/f.88445BC73AA68FCADA91DF858886134B.d.1F8FF0D164CE02D767696CB04E392912.e.11127/clear - {}
RESULT: {}
COMMAND: POST /session/d1da2243ed5db842980eb3a0b04f68c1/element/f.88445BC73AA68FCADA91DF858886134B.d.1F8FF0D164CE02D767696CB04E392912.e.11127/value - {"text":"537"}
COMMAND: GET /session/d1da2243ed5db842980eb3a0b04f68c1/screenshot - {}
RESULT: {"text":"537"}
COMMAND: GET /session/d1da2243ed5db842980eb3a0b04f68c1/screenshot - {}
RESULT: {}
RESULT: {}
COMMAND: POST /session/d1da2243ed5db842980eb3a0b04f68c1/element - {"using":"xpath","value":"//li[.//span[text()='537']]"}
RESULT: {"using":"xpath","value":"//li[.//span[text()='537']]"}
COMMAND: POST /session/d1da2243ed5db842980eb3a0b04f68c1/element/f.88445BC73AA68FCADA91DF858886134B.d.1F8FF0D164CE02D767696CB04E392912.e.11135/click - {}
RESULT: {}
COMMAND: GET /session/d1da2243ed5db842980eb3a0b04f68c1/screenshot - {}
RESULT: {}
COMMAND: POST /session/d1da2243ed5db842980eb3a0b04f68c1/actions - {"actions":[{"id":"action31","type":"key","parameters":{},"actions":[{"type":"keyDown","value":""},{"type":"pause","duration":10},{"type":"keyUp","value":""}]}]}
RESULT: {"actions":[{"id":"action31","type":"key","parameters":{},"actions":[{"type":"keyDown","value":""},{"type":"pause","duration":10},{"type":"keyUp","value":""}]}]}
COMMAND: POST /session/d1da2243ed5db842980eb3a0b04f68c1/element - {"using":"xpath","value":"//td[contains(@id, \"assignmentsTable-0-cell2\")]/div/div"}
COMMAND: GET /session/d1da2243ed5db842980eb3a0b04f68c1/screenshot - {}
RESULT: {"using":"xpath","value":"//td[contains(@id, \"assignmentsTable-0-cell2\")]/div/div"}
COMMAND: POST /session/d1da2243ed5db842980eb3a0b04f68c1/element/f.88445BC73AA68FCADA91DF858886134B.d.1F8FF0D164CE02D767696CB04E392912.e.11138/click - {}
RESULT: {}
RESULT: {}
COMMAND: GET /session/d1da2243ed5db842980eb3a0b04f68c1/screenshot - {}
RESULT: {}
COMMAND: POST /session/d1da2243ed5db842980eb3a0b04f68c1/element - {"using":"xpath","value":"//button[@data-kt=\"saveButton\"]"}
RESULT: {"using":"xpath","value":"//button[@data-kt=\"saveButton\"]"}
COMMAND: POST /session/d1da2243ed5db842980eb3a0b04f68c1/element/f.88445BC73AA68FCADA91DF858886134B.d.1F8FF0D164CE02D767696CB04E392912.e.11077/click - {}
RESULT: {}
COMMAND: GET /session/d1da2243ed5db842980eb3a0b04f68c1/screenshot - {}
RESULT: {}
COMMAND: POST /session/d1da2243ed5db842980eb3a0b04f68c1/element - {"using":"xpath","value":"//header[contains(@id, 'ObjectPageLayout-headerTitle')]/div[1]/div[2]/div[2]/span[1]"}
RESULT: {"using":"xpath","value":"//header[contains(@id, 'ObjectPageLayout-headerTitle')]/div[1]/div[2]/div[2]/span[1]"}
COMMAND: POST /session/d1da2243ed5db842980eb3a0b04f68c1/elements - {"using":"xpath","value":"//header[contains(@id, 'ObjectPageLayout-headerTitle')]/div[1]/div[2]/div[2]/span[1]"}
RESULT: {"using":"xpath","value":"//header[contains(@id, 'ObjectPageLayout-headerTitle')]/div[1]/div[2]/div[2]/span[1]"}
COMMAND: POST /session/d1da2243ed5db842980eb3a0b04f68c1/execute/sync - {"script":"<script> [56 bytes]","args":[{"element-6066-11e4-a52e-4f735466cecf":"f.88445BC73AA68FCADA91DF858886134B.d.1F8FF0D164CE02D767696CB04E392912.e.11300","ELEMENT":"f.88445BC73AA68FCADA91DF858886134B.d.1F8FF0D164CE02D767696CB04E392912.e.11300"}]}
RESULT: {"script":"<script> [56 bytes]","args":[{"element-6066-11e4-a52e-4f735466cecf":"f.88445BC73AA68FCADA91DF858886134B.d.1F8FF0D164CE02D767696CB04E392912.e.11300","ELEMENT":"f.88445BC73AA68FCADA91DF858886134B.d.1F8FF0D164CE02D767696CB04E392912.e.11300"}]}
COMMAND: POST /session/d1da2243ed5db842980eb3a0b04f68c1/element - {"using":"css selector","value":"#shell-header-logo"}
COMMAND: GET /session/d1da2243ed5db842980eb3a0b04f68c1/screenshot - {}
RESULT: {"using":"css selector","value":"#shell-header-logo"}
COMMAND: POST /session/d1da2243ed5db842980eb3a0b04f68c1/element/f.88445BC73AA68FCADA91DF858886134B.d.1F8FF0D164CE02D767696CB04E392912.e.10620/click - {}
RESULT: {}
RESULT: {}
COMMAND: GET /session/d1da2243ed5db842980eb3a0b04f68c1/screenshot - {}
RESULT: {}
COMMAND: POST /session/d1da2243ed5db842980eb3a0b04f68c1/execute/sync - {"script":"<script> [299 bytes]","args":[["getModel","getResource"]]}
RESULT: {"script":"<script> [299 bytes]","args":[["getModel","getResource"]]}
]]></system-out>
    </testcase>
    <testcase classname="chrome.136_0_7103_93.windows.Create_partner_US118246" name="Should create a new yard in case create yard failed" time="143.821">
      <failure/>
      <error message="Can't call click on element with selector &quot;//span[contains(text(), &quot;English&quot;)]&quot; because element wasn't found"/>
      <system-out><![CDATA[
COMMAND: GET /session/d1da2243ed5db842980eb3a0b04f68c1/screenshot - {}
RESULT: undefined
COMMAND: POST /session/d1da2243ed5db842980eb3a0b04f68c1/element - {"using":"xpath","value":"//*[@id=\"__tile41\"]"}
RESULT: {}
RESULT: {"using":"xpath","value":"//*[@id=\"__tile41\"]"}
COMMAND: POST /session/d1da2243ed5db842980eb3a0b04f68c1/element/f.88445BC73AA68FCADA91DF858886134B.d.1F8FF0D164CE02D767696CB04E392912.e.9768/click - {}
RESULT: {}
COMMAND: GET /session/d1da2243ed5db842980eb3a0b04f68c1/screenshot - {}
COMMAND: POST /session/d1da2243ed5db842980eb3a0b04f68c1/elements - {"using":"xpath","value":"//span[text()='Error']"}
RESULT: {}
RESULT: {"using":"xpath","value":"//span[text()='Error']"}
COMMAND: POST /session/d1da2243ed5db842980eb3a0b04f68c1/element - {"using":"xpath","value":"//button[@data-kt=\"addNewYardOverflowToolbarButton\"]"}
RESULT: {"using":"xpath","value":"//button[@data-kt=\"addNewYardOverflowToolbarButton\"]"}
COMMAND: POST /session/d1da2243ed5db842980eb3a0b04f68c1/elements - {"using":"xpath","value":"//button[@data-kt=\"addNewYardOverflowToolbarButton\"]"}
RESULT: {"using":"xpath","value":"//button[@data-kt=\"addNewYardOverflowToolbarButton\"]"}
COMMAND: POST /session/d1da2243ed5db842980eb3a0b04f68c1/execute/sync - {"script":"<script> [8489 bytes]","args":[{"element-6066-11e4-a52e-4f735466cecf":"f.88445BC73AA68FCADA91DF858886134B.d.1F8FF0D164CE02D767696CB04E392912.e.11342","ELEMENT":"f.88445BC73AA68FCADA91DF858886134B.d.1F8FF0D164CE02D767696CB04E392912.e.11342"}]}
RESULT: {"script":"<script> [8489 bytes]","args":[{"element-6066-11e4-a52e-4f735466cecf":"f.88445BC73AA68FCADA91DF858886134B.d.1F8FF0D164CE02D767696CB04E392912.e.11342","ELEMENT":"f.88445BC73AA68FCADA91DF858886134B.d.1F8FF0D164CE02D767696CB04E392912.e.11342"}]}
COMMAND: GET /session/d1da2243ed5db842980eb3a0b04f68c1/element/f.88445BC73AA68FCADA91DF858886134B.d.1F8FF0D164CE02D767696CB04E392912.e.11342/enabled - {}
COMMAND: GET /session/d1da2243ed5db842980eb3a0b04f68c1/screenshot - {}
RESULT: {}
RESULT: {}
COMMAND: POST /session/d1da2243ed5db842980eb3a0b04f68c1/execute/sync - {"script":"<script> [8489 bytes]","args":[{"element-6066-11e4-a52e-4f735466cecf":"f.88445BC73AA68FCADA91DF858886134B.d.1F8FF0D164CE02D767696CB04E392912.e.11342","ELEMENT":"f.88445BC73AA68FCADA91DF858886134B.d.1F8FF0D164CE02D767696CB04E392912.e.11342"}]}
COMMAND: GET /session/d1da2243ed5db842980eb3a0b04f68c1/screenshot - {}
RESULT: {"script":"<script> [8489 bytes]","args":[{"element-6066-11e4-a52e-4f735466cecf":"f.88445BC73AA68FCADA91DF858886134B.d.1F8FF0D164CE02D767696CB04E392912.e.11342","ELEMENT":"f.88445BC73AA68FCADA91DF858886134B.d.1F8FF0D164CE02D767696CB04E392912.e.11342"}]}
COMMAND: POST /session/d1da2243ed5db842980eb3a0b04f68c1/execute/sync - {"script":"<script> [5351 bytes]","args":[{"element-6066-11e4-a52e-4f735466cecf":"f.88445BC73AA68FCADA91DF858886134B.d.1F8FF0D164CE02D767696CB04E392912.e.11342","ELEMENT":"f.88445BC73AA68FCADA91DF858886134B.d.1F8FF0D164CE02D767696CB04E392912.e.11342"}]}
COMMAND: GET /session/d1da2243ed5db842980eb3a0b04f68c1/screenshot - {}
RESULT: {}
RESULT: {"script":"<script> [5351 bytes]","args":[{"element-6066-11e4-a52e-4f735466cecf":"f.88445BC73AA68FCADA91DF858886134B.d.1F8FF0D164CE02D767696CB04E392912.e.11342","ELEMENT":"f.88445BC73AA68FCADA91DF858886134B.d.1F8FF0D164CE02D767696CB04E392912.e.11342"}]}
COMMAND: POST /session/d1da2243ed5db842980eb3a0b04f68c1/element/f.88445BC73AA68FCADA91DF858886134B.d.1F8FF0D164CE02D767696CB04E392912.e.11342/click - {}
COMMAND: GET /session/d1da2243ed5db842980eb3a0b04f68c1/screenshot - {}
RESULT: {}
RESULT: {}
COMMAND: GET /session/d1da2243ed5db842980eb3a0b04f68c1/screenshot - {}
RESULT: {}
RESULT: {}
COMMAND: POST /session/d1da2243ed5db842980eb3a0b04f68c1/element - {"using":"xpath","value":"//input[@id=\"application-manageyards-display-component---NewYard--yardId-inner\"]"}
RESULT: {"using":"xpath","value":"//input[@id=\"application-manageyards-display-component---NewYard--yardId-inner\"]"}
COMMAND: POST /session/d1da2243ed5db842980eb3a0b04f68c1/element - {"using":"xpath","value":"//input[@id=\"application-manageyards-display-component---NewYard--yardId-inner\"]"}
RESULT: {"using":"xpath","value":"//input[@id=\"application-manageyards-display-component---NewYard--yardId-inner\"]"}
RESULT: undefined
COMMAND: POST /session/d1da2243ed5db842980eb3a0b04f68c1/execute/async - {"script":"<script> [776 bytes]","args":[{"enterText":"Warehouse Managed WDIO","selector":{"id":"application-manageyards-display-component---NewYard--addressDetailDetailsName1","interaction":{"idSuffix":"inner"}},"clearTextFirst":true,"interactionType":"ENTER_TEXT"}]}
RESULT: undefined
RESULT: undefined
RESULT: {"script":"<script> [776 bytes]","args":[{"enterText":"Warehouse Managed WDIO","selector":{"id":"application-manageyards-display-component---NewYard--addressDetailDetailsName1","interaction":{"idSuffix":"inner"}},"clearTextFirst":true,"interactionType":"ENTER_TEXT"}]}
RESULT: undefined
COMMAND: POST /session/d1da2243ed5db842980eb3a0b04f68c1/element - {"using":"xpath","value":"//*[@id=\"application-manageyards-display-component---NewYard--addressDetailDetailsLanguage-arrow\"]"}
RESULT: {"using":"xpath","value":"//*[@id=\"application-manageyards-display-component---NewYard--addressDetailDetailsLanguage-arrow\"]"}
COMMAND: POST /session/d1da2243ed5db842980eb3a0b04f68c1/elements - {"using":"xpath","value":"//*[@id=\"application-manageyards-display-component---NewYard--addressDetailDetailsLanguage-arrow\"]"}
RESULT: {"using":"xpath","value":"//*[@id=\"application-manageyards-display-component---NewYard--addressDetailDetailsLanguage-arrow\"]"}
COMMAND: POST /session/d1da2243ed5db842980eb3a0b04f68c1/elements - {"using":"xpath","value":"//*[@id=\"application-manageyards-display-component---NewYard--addressDetailDetailsLanguage-arrow\"]"}
RESULT: {"using":"xpath","value":"//*[@id=\"application-manageyards-display-component---NewYard--addressDetailDetailsLanguage-arrow\"]"}
COMMAND: POST /session/d1da2243ed5db842980eb3a0b04f68c1/elements - {"using":"xpath","value":"//*[@id=\"application-manageyards-display-component---NewYard--addressDetailDetailsLanguage-arrow\"]"}
RESULT: {"using":"xpath","value":"//*[@id=\"application-manageyards-display-component---NewYard--addressDetailDetailsLanguage-arrow\"]"}
COMMAND: POST /session/d1da2243ed5db842980eb3a0b04f68c1/elements - {"using":"xpath","value":"//*[@id=\"application-manageyards-display-component---NewYard--addressDetailDetailsLanguage-arrow\"]"}
RESULT: {"using":"xpath","value":"//*[@id=\"application-manageyards-display-component---NewYard--addressDetailDetailsLanguage-arrow\"]"}
COMMAND: POST /session/d1da2243ed5db842980eb3a0b04f68c1/elements - {"using":"xpath","value":"//*[@id=\"application-manageyards-display-component---NewYard--addressDetailDetailsLanguage-arrow\"]"}
RESULT: {"using":"xpath","value":"//*[@id=\"application-manageyards-display-component---NewYard--addressDetailDetailsLanguage-arrow\"]"}
COMMAND: POST /session/d1da2243ed5db842980eb3a0b04f68c1/elements - {"using":"xpath","value":"//*[@id=\"application-manageyards-display-component---NewYard--addressDetailDetailsLanguage-arrow\"]"}
RESULT: {"using":"xpath","value":"//*[@id=\"application-manageyards-display-component---NewYard--addressDetailDetailsLanguage-arrow\"]"}
COMMAND: POST /session/d1da2243ed5db842980eb3a0b04f68c1/elements - {"using":"xpath","value":"//*[@id=\"application-manageyards-display-component---NewYard--addressDetailDetailsLanguage-arrow\"]"}
RESULT: {"using":"xpath","value":"//*[@id=\"application-manageyards-display-component---NewYard--addressDetailDetailsLanguage-arrow\"]"}
COMMAND: POST /session/d1da2243ed5db842980eb3a0b04f68c1/elements - {"using":"xpath","value":"//*[@id=\"application-manageyards-display-component---NewYard--addressDetailDetailsLanguage-arrow\"]"}
RESULT: {"using":"xpath","value":"//*[@id=\"application-manageyards-display-component---NewYard--addressDetailDetailsLanguage-arrow\"]"}
COMMAND: POST /session/d1da2243ed5db842980eb3a0b04f68c1/elements - {"using":"xpath","value":"//*[@id=\"application-manageyards-display-component---NewYard--addressDetailDetailsLanguage-arrow\"]"}
RESULT: {"using":"xpath","value":"//*[@id=\"application-manageyards-display-component---NewYard--addressDetailDetailsLanguage-arrow\"]"}
COMMAND: POST /session/d1da2243ed5db842980eb3a0b04f68c1/elements - {"using":"xpath","value":"//*[@id=\"application-manageyards-display-component---NewYard--addressDetailDetailsLanguage-arrow\"]"}
RESULT: {"using":"xpath","value":"//*[@id=\"application-manageyards-display-component---NewYard--addressDetailDetailsLanguage-arrow\"]"}
COMMAND: POST /session/d1da2243ed5db842980eb3a0b04f68c1/elements - {"using":"xpath","value":"//*[@id=\"application-manageyards-display-component---NewYard--addressDetailDetailsLanguage-arrow\"]"}
RESULT: {"using":"xpath","value":"//*[@id=\"application-manageyards-display-component---NewYard--addressDetailDetailsLanguage-arrow\"]"}
COMMAND: POST /session/d1da2243ed5db842980eb3a0b04f68c1/elements - {"using":"xpath","value":"//*[@id=\"application-manageyards-display-component---NewYard--addressDetailDetailsLanguage-arrow\"]"}
RESULT: {"using":"xpath","value":"//*[@id=\"application-manageyards-display-component---NewYard--addressDetailDetailsLanguage-arrow\"]"}
COMMAND: POST /session/d1da2243ed5db842980eb3a0b04f68c1/elements - {"using":"xpath","value":"//*[@id=\"application-manageyards-display-component---NewYard--addressDetailDetailsLanguage-arrow\"]"}
RESULT: {"using":"xpath","value":"//*[@id=\"application-manageyards-display-component---NewYard--addressDetailDetailsLanguage-arrow\"]"}
COMMAND: POST /session/d1da2243ed5db842980eb3a0b04f68c1/elements - {"using":"xpath","value":"//*[@id=\"application-manageyards-display-component---NewYard--addressDetailDetailsLanguage-arrow\"]"}
RESULT: {"using":"xpath","value":"//*[@id=\"application-manageyards-display-component---NewYard--addressDetailDetailsLanguage-arrow\"]"}
COMMAND: POST /session/d1da2243ed5db842980eb3a0b04f68c1/elements - {"using":"xpath","value":"//*[@id=\"application-manageyards-display-component---NewYard--addressDetailDetailsLanguage-arrow\"]"}
RESULT: {"using":"xpath","value":"//*[@id=\"application-manageyards-display-component---NewYard--addressDetailDetailsLanguage-arrow\"]"}
COMMAND: POST /session/d1da2243ed5db842980eb3a0b04f68c1/elements - {"using":"xpath","value":"//*[@id=\"application-manageyards-display-component---NewYard--addressDetailDetailsLanguage-arrow\"]"}
RESULT: {"using":"xpath","value":"//*[@id=\"application-manageyards-display-component---NewYard--addressDetailDetailsLanguage-arrow\"]"}
COMMAND: POST /session/d1da2243ed5db842980eb3a0b04f68c1/elements - {"using":"xpath","value":"//*[@id=\"application-manageyards-display-component---NewYard--addressDetailDetailsLanguage-arrow\"]"}
RESULT: {"using":"xpath","value":"//*[@id=\"application-manageyards-display-component---NewYard--addressDetailDetailsLanguage-arrow\"]"}
COMMAND: POST /session/d1da2243ed5db842980eb3a0b04f68c1/elements - {"using":"xpath","value":"//*[@id=\"application-manageyards-display-component---NewYard--addressDetailDetailsLanguage-arrow\"]"}
RESULT: {"using":"xpath","value":"//*[@id=\"application-manageyards-display-component---NewYard--addressDetailDetailsLanguage-arrow\"]"}
COMMAND: POST /session/d1da2243ed5db842980eb3a0b04f68c1/elements - {"using":"xpath","value":"//*[@id=\"application-manageyards-display-component---NewYard--addressDetailDetailsLanguage-arrow\"]"}
RESULT: {"using":"xpath","value":"//*[@id=\"application-manageyards-display-component---NewYard--addressDetailDetailsLanguage-arrow\"]"}
COMMAND: POST /session/d1da2243ed5db842980eb3a0b04f68c1/elements - {"using":"xpath","value":"//*[@id=\"application-manageyards-display-component---NewYard--addressDetailDetailsLanguage-arrow\"]"}
RESULT: {"using":"xpath","value":"//*[@id=\"application-manageyards-display-component---NewYard--addressDetailDetailsLanguage-arrow\"]"}
COMMAND: POST /session/d1da2243ed5db842980eb3a0b04f68c1/elements - {"using":"xpath","value":"//*[@id=\"application-manageyards-display-component---NewYard--addressDetailDetailsLanguage-arrow\"]"}
RESULT: {"using":"xpath","value":"//*[@id=\"application-manageyards-display-component---NewYard--addressDetailDetailsLanguage-arrow\"]"}
COMMAND: POST /session/d1da2243ed5db842980eb3a0b04f68c1/elements - {"using":"xpath","value":"//*[@id=\"application-manageyards-display-component---NewYard--addressDetailDetailsLanguage-arrow\"]"}
RESULT: {"using":"xpath","value":"//*[@id=\"application-manageyards-display-component---NewYard--addressDetailDetailsLanguage-arrow\"]"}
COMMAND: POST /session/d1da2243ed5db842980eb3a0b04f68c1/elements - {"using":"xpath","value":"//*[@id=\"application-manageyards-display-component---NewYard--addressDetailDetailsLanguage-arrow\"]"}
RESULT: {"using":"xpath","value":"//*[@id=\"application-manageyards-display-component---NewYard--addressDetailDetailsLanguage-arrow\"]"}
COMMAND: POST /session/d1da2243ed5db842980eb3a0b04f68c1/elements - {"using":"xpath","value":"//*[@id=\"application-manageyards-display-component---NewYard--addressDetailDetailsLanguage-arrow\"]"}
RESULT: {"using":"xpath","value":"//*[@id=\"application-manageyards-display-component---NewYard--addressDetailDetailsLanguage-arrow\"]"}
COMMAND: POST /session/d1da2243ed5db842980eb3a0b04f68c1/elements - {"using":"xpath","value":"//*[@id=\"application-manageyards-display-component---NewYard--addressDetailDetailsLanguage-arrow\"]"}
RESULT: {"using":"xpath","value":"//*[@id=\"application-manageyards-display-component---NewYard--addressDetailDetailsLanguage-arrow\"]"}
COMMAND: POST /session/d1da2243ed5db842980eb3a0b04f68c1/elements - {"using":"xpath","value":"//*[@id=\"application-manageyards-display-component---NewYard--addressDetailDetailsLanguage-arrow\"]"}
RESULT: {"using":"xpath","value":"//*[@id=\"application-manageyards-display-component---NewYard--addressDetailDetailsLanguage-arrow\"]"}
COMMAND: POST /session/d1da2243ed5db842980eb3a0b04f68c1/elements - {"using":"xpath","value":"//*[@id=\"application-manageyards-display-component---NewYard--addressDetailDetailsLanguage-arrow\"]"}
RESULT: {"using":"xpath","value":"//*[@id=\"application-manageyards-display-component---NewYard--addressDetailDetailsLanguage-arrow\"]"}
COMMAND: POST /session/d1da2243ed5db842980eb3a0b04f68c1/elements - {"using":"xpath","value":"//*[@id=\"application-manageyards-display-component---NewYard--addressDetailDetailsLanguage-arrow\"]"}
RESULT: {"using":"xpath","value":"//*[@id=\"application-manageyards-display-component---NewYard--addressDetailDetailsLanguage-arrow\"]"}
COMMAND: POST /session/d1da2243ed5db842980eb3a0b04f68c1/elements - {"using":"xpath","value":"//*[@id=\"application-manageyards-display-component---NewYard--addressDetailDetailsLanguage-arrow\"]"}
RESULT: {"using":"xpath","value":"//*[@id=\"application-manageyards-display-component---NewYard--addressDetailDetailsLanguage-arrow\"]"}
COMMAND: POST /session/d1da2243ed5db842980eb3a0b04f68c1/elements - {"using":"xpath","value":"//*[@id=\"application-manageyards-display-component---NewYard--addressDetailDetailsLanguage-arrow\"]"}
RESULT: {"using":"xpath","value":"//*[@id=\"application-manageyards-display-component---NewYard--addressDetailDetailsLanguage-arrow\"]"}
COMMAND: POST /session/d1da2243ed5db842980eb3a0b04f68c1/elements - {"using":"xpath","value":"//*[@id=\"application-manageyards-display-component---NewYard--addressDetailDetailsLanguage-arrow\"]"}
RESULT: {"using":"xpath","value":"//*[@id=\"application-manageyards-display-component---NewYard--addressDetailDetailsLanguage-arrow\"]"}
COMMAND: POST /session/d1da2243ed5db842980eb3a0b04f68c1/elements - {"using":"xpath","value":"//*[@id=\"application-manageyards-display-component---NewYard--addressDetailDetailsLanguage-arrow\"]"}
RESULT: {"using":"xpath","value":"//*[@id=\"application-manageyards-display-component---NewYard--addressDetailDetailsLanguage-arrow\"]"}
COMMAND: POST /session/d1da2243ed5db842980eb3a0b04f68c1/elements - {"using":"xpath","value":"//*[@id=\"application-manageyards-display-component---NewYard--addressDetailDetailsLanguage-arrow\"]"}
RESULT: {"using":"xpath","value":"//*[@id=\"application-manageyards-display-component---NewYard--addressDetailDetailsLanguage-arrow\"]"}
COMMAND: POST /session/d1da2243ed5db842980eb3a0b04f68c1/elements - {"using":"xpath","value":"//*[@id=\"application-manageyards-display-component---NewYard--addressDetailDetailsLanguage-arrow\"]"}
RESULT: {"using":"xpath","value":"//*[@id=\"application-manageyards-display-component---NewYard--addressDetailDetailsLanguage-arrow\"]"}
COMMAND: POST /session/d1da2243ed5db842980eb3a0b04f68c1/elements - {"using":"xpath","value":"//*[@id=\"application-manageyards-display-component---NewYard--addressDetailDetailsLanguage-arrow\"]"}
RESULT: {"using":"xpath","value":"//*[@id=\"application-manageyards-display-component---NewYard--addressDetailDetailsLanguage-arrow\"]"}
COMMAND: POST /session/d1da2243ed5db842980eb3a0b04f68c1/elements - {"using":"xpath","value":"//*[@id=\"application-manageyards-display-component---NewYard--addressDetailDetailsLanguage-arrow\"]"}
RESULT: {"using":"xpath","value":"//*[@id=\"application-manageyards-display-component---NewYard--addressDetailDetailsLanguage-arrow\"]"}
COMMAND: POST /session/d1da2243ed5db842980eb3a0b04f68c1/elements - {"using":"xpath","value":"//*[@id=\"application-manageyards-display-component---NewYard--addressDetailDetailsLanguage-arrow\"]"}
RESULT: {"using":"xpath","value":"//*[@id=\"application-manageyards-display-component---NewYard--addressDetailDetailsLanguage-arrow\"]"}
COMMAND: POST /session/d1da2243ed5db842980eb3a0b04f68c1/elements - {"using":"xpath","value":"//*[@id=\"application-manageyards-display-component---NewYard--addressDetailDetailsLanguage-arrow\"]"}
RESULT: {"using":"xpath","value":"//*[@id=\"application-manageyards-display-component---NewYard--addressDetailDetailsLanguage-arrow\"]"}
COMMAND: POST /session/d1da2243ed5db842980eb3a0b04f68c1/elements - {"using":"xpath","value":"//*[@id=\"application-manageyards-display-component---NewYard--addressDetailDetailsLanguage-arrow\"]"}
RESULT: {"using":"xpath","value":"//*[@id=\"application-manageyards-display-component---NewYard--addressDetailDetailsLanguage-arrow\"]"}
COMMAND: POST /session/d1da2243ed5db842980eb3a0b04f68c1/elements - {"using":"xpath","value":"//*[@id=\"application-manageyards-display-component---NewYard--addressDetailDetailsLanguage-arrow\"]"}
RESULT: {"using":"xpath","value":"//*[@id=\"application-manageyards-display-component---NewYard--addressDetailDetailsLanguage-arrow\"]"}
COMMAND: POST /session/d1da2243ed5db842980eb3a0b04f68c1/elements - {"using":"xpath","value":"//*[@id=\"application-manageyards-display-component---NewYard--addressDetailDetailsLanguage-arrow\"]"}
RESULT: {"using":"xpath","value":"//*[@id=\"application-manageyards-display-component---NewYard--addressDetailDetailsLanguage-arrow\"]"}
COMMAND: POST /session/d1da2243ed5db842980eb3a0b04f68c1/elements - {"using":"xpath","value":"//*[@id=\"application-manageyards-display-component---NewYard--addressDetailDetailsLanguage-arrow\"]"}
RESULT: {"using":"xpath","value":"//*[@id=\"application-manageyards-display-component---NewYard--addressDetailDetailsLanguage-arrow\"]"}
COMMAND: POST /session/d1da2243ed5db842980eb3a0b04f68c1/elements - {"using":"xpath","value":"//*[@id=\"application-manageyards-display-component---NewYard--addressDetailDetailsLanguage-arrow\"]"}
RESULT: {"using":"xpath","value":"//*[@id=\"application-manageyards-display-component---NewYard--addressDetailDetailsLanguage-arrow\"]"}
COMMAND: POST /session/d1da2243ed5db842980eb3a0b04f68c1/elements - {"using":"xpath","value":"//*[@id=\"application-manageyards-display-component---NewYard--addressDetailDetailsLanguage-arrow\"]"}
RESULT: {"using":"xpath","value":"//*[@id=\"application-manageyards-display-component---NewYard--addressDetailDetailsLanguage-arrow\"]"}
COMMAND: POST /session/d1da2243ed5db842980eb3a0b04f68c1/elements - {"using":"xpath","value":"//*[@id=\"application-manageyards-display-component---NewYard--addressDetailDetailsLanguage-arrow\"]"}
RESULT: {"using":"xpath","value":"//*[@id=\"application-manageyards-display-component---NewYard--addressDetailDetailsLanguage-arrow\"]"}
COMMAND: POST /session/d1da2243ed5db842980eb3a0b04f68c1/elements - {"using":"xpath","value":"//*[@id=\"application-manageyards-display-component---NewYard--addressDetailDetailsLanguage-arrow\"]"}
RESULT: {"using":"xpath","value":"//*[@id=\"application-manageyards-display-component---NewYard--addressDetailDetailsLanguage-arrow\"]"}
COMMAND: POST /session/d1da2243ed5db842980eb3a0b04f68c1/elements - {"using":"xpath","value":"//*[@id=\"application-manageyards-display-component---NewYard--addressDetailDetailsLanguage-arrow\"]"}
RESULT: {"using":"xpath","value":"//*[@id=\"application-manageyards-display-component---NewYard--addressDetailDetailsLanguage-arrow\"]"}
COMMAND: POST /session/d1da2243ed5db842980eb3a0b04f68c1/elements - {"using":"xpath","value":"//*[@id=\"application-manageyards-display-component---NewYard--addressDetailDetailsLanguage-arrow\"]"}
RESULT: {"using":"xpath","value":"//*[@id=\"application-manageyards-display-component---NewYard--addressDetailDetailsLanguage-arrow\"]"}
COMMAND: POST /session/d1da2243ed5db842980eb3a0b04f68c1/elements - {"using":"xpath","value":"//*[@id=\"application-manageyards-display-component---NewYard--addressDetailDetailsLanguage-arrow\"]"}
RESULT: {"using":"xpath","value":"//*[@id=\"application-manageyards-display-component---NewYard--addressDetailDetailsLanguage-arrow\"]"}
COMMAND: POST /session/d1da2243ed5db842980eb3a0b04f68c1/elements - {"using":"xpath","value":"//*[@id=\"application-manageyards-display-component---NewYard--addressDetailDetailsLanguage-arrow\"]"}
RESULT: {"using":"xpath","value":"//*[@id=\"application-manageyards-display-component---NewYard--addressDetailDetailsLanguage-arrow\"]"}
COMMAND: POST /session/d1da2243ed5db842980eb3a0b04f68c1/elements - {"using":"xpath","value":"//*[@id=\"application-manageyards-display-component---NewYard--addressDetailDetailsLanguage-arrow\"]"}
RESULT: {"using":"xpath","value":"//*[@id=\"application-manageyards-display-component---NewYard--addressDetailDetailsLanguage-arrow\"]"}
COMMAND: POST /session/d1da2243ed5db842980eb3a0b04f68c1/elements - {"using":"xpath","value":"//*[@id=\"application-manageyards-display-component---NewYard--addressDetailDetailsLanguage-arrow\"]"}
RESULT: {"using":"xpath","value":"//*[@id=\"application-manageyards-display-component---NewYard--addressDetailDetailsLanguage-arrow\"]"}
COMMAND: POST /session/d1da2243ed5db842980eb3a0b04f68c1/elements - {"using":"xpath","value":"//*[@id=\"application-manageyards-display-component---NewYard--addressDetailDetailsLanguage-arrow\"]"}
RESULT: {"using":"xpath","value":"//*[@id=\"application-manageyards-display-component---NewYard--addressDetailDetailsLanguage-arrow\"]"}
COMMAND: POST /session/d1da2243ed5db842980eb3a0b04f68c1/elements - {"using":"xpath","value":"//*[@id=\"application-manageyards-display-component---NewYard--addressDetailDetailsLanguage-arrow\"]"}
RESULT: {"using":"xpath","value":"//*[@id=\"application-manageyards-display-component---NewYard--addressDetailDetailsLanguage-arrow\"]"}
COMMAND: POST /session/d1da2243ed5db842980eb3a0b04f68c1/elements - {"using":"xpath","value":"//*[@id=\"application-manageyards-display-component---NewYard--addressDetailDetailsLanguage-arrow\"]"}
RESULT: {"using":"xpath","value":"//*[@id=\"application-manageyards-display-component---NewYard--addressDetailDetailsLanguage-arrow\"]"}
COMMAND: POST /session/d1da2243ed5db842980eb3a0b04f68c1/elements - {"using":"xpath","value":"//*[@id=\"application-manageyards-display-component---NewYard--addressDetailDetailsLanguage-arrow\"]"}
RESULT: {"using":"xpath","value":"//*[@id=\"application-manageyards-display-component---NewYard--addressDetailDetailsLanguage-arrow\"]"}
COMMAND: POST /session/d1da2243ed5db842980eb3a0b04f68c1/elements - {"using":"xpath","value":"//*[@id=\"application-manageyards-display-component---NewYard--addressDetailDetailsLanguage-arrow\"]"}
RESULT: {"using":"xpath","value":"//*[@id=\"application-manageyards-display-component---NewYard--addressDetailDetailsLanguage-arrow\"]"}
COMMAND: POST /session/d1da2243ed5db842980eb3a0b04f68c1/elements - {"using":"xpath","value":"//*[@id=\"application-manageyards-display-component---NewYard--addressDetailDetailsLanguage-arrow\"]"}
RESULT: {"using":"xpath","value":"//*[@id=\"application-manageyards-display-component---NewYard--addressDetailDetailsLanguage-arrow\"]"}
COMMAND: POST /session/d1da2243ed5db842980eb3a0b04f68c1/elements - {"using":"xpath","value":"//*[@id=\"application-manageyards-display-component---NewYard--addressDetailDetailsLanguage-arrow\"]"}
RESULT: {"using":"xpath","value":"//*[@id=\"application-manageyards-display-component---NewYard--addressDetailDetailsLanguage-arrow\"]"}
COMMAND: POST /session/d1da2243ed5db842980eb3a0b04f68c1/elements - {"using":"xpath","value":"//*[@id=\"application-manageyards-display-component---NewYard--addressDetailDetailsLanguage-arrow\"]"}
RESULT: {"using":"xpath","value":"//*[@id=\"application-manageyards-display-component---NewYard--addressDetailDetailsLanguage-arrow\"]"}
COMMAND: POST /session/d1da2243ed5db842980eb3a0b04f68c1/elements - {"using":"xpath","value":"//*[@id=\"application-manageyards-display-component---NewYard--addressDetailDetailsLanguage-arrow\"]"}
RESULT: {"using":"xpath","value":"//*[@id=\"application-manageyards-display-component---NewYard--addressDetailDetailsLanguage-arrow\"]"}
COMMAND: POST /session/d1da2243ed5db842980eb3a0b04f68c1/elements - {"using":"xpath","value":"//*[@id=\"application-manageyards-display-component---NewYard--addressDetailDetailsLanguage-arrow\"]"}
RESULT: {"using":"xpath","value":"//*[@id=\"application-manageyards-display-component---NewYard--addressDetailDetailsLanguage-arrow\"]"}
COMMAND: POST /session/d1da2243ed5db842980eb3a0b04f68c1/elements - {"using":"xpath","value":"//*[@id=\"application-manageyards-display-component---NewYard--addressDetailDetailsLanguage-arrow\"]"}
RESULT: {"using":"xpath","value":"//*[@id=\"application-manageyards-display-component---NewYard--addressDetailDetailsLanguage-arrow\"]"}
COMMAND: POST /session/d1da2243ed5db842980eb3a0b04f68c1/elements - {"using":"xpath","value":"//*[@id=\"application-manageyards-display-component---NewYard--addressDetailDetailsLanguage-arrow\"]"}
RESULT: {"using":"xpath","value":"//*[@id=\"application-manageyards-display-component---NewYard--addressDetailDetailsLanguage-arrow\"]"}
COMMAND: POST /session/d1da2243ed5db842980eb3a0b04f68c1/elements - {"using":"xpath","value":"//*[@id=\"application-manageyards-display-component---NewYard--addressDetailDetailsLanguage-arrow\"]"}
RESULT: {"using":"xpath","value":"//*[@id=\"application-manageyards-display-component---NewYard--addressDetailDetailsLanguage-arrow\"]"}
COMMAND: POST /session/d1da2243ed5db842980eb3a0b04f68c1/elements - {"using":"xpath","value":"//*[@id=\"application-manageyards-display-component---NewYard--addressDetailDetailsLanguage-arrow\"]"}
RESULT: {"using":"xpath","value":"//*[@id=\"application-manageyards-display-component---NewYard--addressDetailDetailsLanguage-arrow\"]"}
COMMAND: POST /session/d1da2243ed5db842980eb3a0b04f68c1/elements - {"using":"xpath","value":"//*[@id=\"application-manageyards-display-component---NewYard--addressDetailDetailsLanguage-arrow\"]"}
RESULT: {"using":"xpath","value":"//*[@id=\"application-manageyards-display-component---NewYard--addressDetailDetailsLanguage-arrow\"]"}
COMMAND: POST /session/d1da2243ed5db842980eb3a0b04f68c1/elements - {"using":"xpath","value":"//*[@id=\"application-manageyards-display-component---NewYard--addressDetailDetailsLanguage-arrow\"]"}
RESULT: {"using":"xpath","value":"//*[@id=\"application-manageyards-display-component---NewYard--addressDetailDetailsLanguage-arrow\"]"}
COMMAND: POST /session/d1da2243ed5db842980eb3a0b04f68c1/elements - {"using":"xpath","value":"//*[@id=\"application-manageyards-display-component---NewYard--addressDetailDetailsLanguage-arrow\"]"}
RESULT: {"using":"xpath","value":"//*[@id=\"application-manageyards-display-component---NewYard--addressDetailDetailsLanguage-arrow\"]"}
COMMAND: POST /session/d1da2243ed5db842980eb3a0b04f68c1/elements - {"using":"xpath","value":"//*[@id=\"application-manageyards-display-component---NewYard--addressDetailDetailsLanguage-arrow\"]"}
RESULT: {"using":"xpath","value":"//*[@id=\"application-manageyards-display-component---NewYard--addressDetailDetailsLanguage-arrow\"]"}
COMMAND: POST /session/d1da2243ed5db842980eb3a0b04f68c1/elements - {"using":"xpath","value":"//*[@id=\"application-manageyards-display-component---NewYard--addressDetailDetailsLanguage-arrow\"]"}
RESULT: {"using":"xpath","value":"//*[@id=\"application-manageyards-display-component---NewYard--addressDetailDetailsLanguage-arrow\"]"}
COMMAND: POST /session/d1da2243ed5db842980eb3a0b04f68c1/elements - {"using":"xpath","value":"//*[@id=\"application-manageyards-display-component---NewYard--addressDetailDetailsLanguage-arrow\"]"}
RESULT: {"using":"xpath","value":"//*[@id=\"application-manageyards-display-component---NewYard--addressDetailDetailsLanguage-arrow\"]"}
COMMAND: POST /session/d1da2243ed5db842980eb3a0b04f68c1/elements - {"using":"xpath","value":"//*[@id=\"application-manageyards-display-component---NewYard--addressDetailDetailsLanguage-arrow\"]"}
RESULT: {"using":"xpath","value":"//*[@id=\"application-manageyards-display-component---NewYard--addressDetailDetailsLanguage-arrow\"]"}
COMMAND: POST /session/d1da2243ed5db842980eb3a0b04f68c1/elements - {"using":"xpath","value":"//*[@id=\"application-manageyards-display-component---NewYard--addressDetailDetailsLanguage-arrow\"]"}
RESULT: {"using":"xpath","value":"//*[@id=\"application-manageyards-display-component---NewYard--addressDetailDetailsLanguage-arrow\"]"}
COMMAND: POST /session/d1da2243ed5db842980eb3a0b04f68c1/elements - {"using":"xpath","value":"//*[@id=\"application-manageyards-display-component---NewYard--addressDetailDetailsLanguage-arrow\"]"}
RESULT: {"using":"xpath","value":"//*[@id=\"application-manageyards-display-component---NewYard--addressDetailDetailsLanguage-arrow\"]"}
COMMAND: POST /session/d1da2243ed5db842980eb3a0b04f68c1/elements - {"using":"xpath","value":"//*[@id=\"application-manageyards-display-component---NewYard--addressDetailDetailsLanguage-arrow\"]"}
RESULT: {"using":"xpath","value":"//*[@id=\"application-manageyards-display-component---NewYard--addressDetailDetailsLanguage-arrow\"]"}
COMMAND: POST /session/d1da2243ed5db842980eb3a0b04f68c1/elements - {"using":"xpath","value":"//*[@id=\"application-manageyards-display-component---NewYard--addressDetailDetailsLanguage-arrow\"]"}
RESULT: {"using":"xpath","value":"//*[@id=\"application-manageyards-display-component---NewYard--addressDetailDetailsLanguage-arrow\"]"}
COMMAND: POST /session/d1da2243ed5db842980eb3a0b04f68c1/elements - {"using":"xpath","value":"//*[@id=\"application-manageyards-display-component---NewYard--addressDetailDetailsLanguage-arrow\"]"}
RESULT: {"using":"xpath","value":"//*[@id=\"application-manageyards-display-component---NewYard--addressDetailDetailsLanguage-arrow\"]"}
COMMAND: POST /session/d1da2243ed5db842980eb3a0b04f68c1/elements - {"using":"xpath","value":"//*[@id=\"application-manageyards-display-component---NewYard--addressDetailDetailsLanguage-arrow\"]"}
RESULT: {"using":"xpath","value":"//*[@id=\"application-manageyards-display-component---NewYard--addressDetailDetailsLanguage-arrow\"]"}
COMMAND: POST /session/d1da2243ed5db842980eb3a0b04f68c1/elements - {"using":"xpath","value":"//*[@id=\"application-manageyards-display-component---NewYard--addressDetailDetailsLanguage-arrow\"]"}
RESULT: {"using":"xpath","value":"//*[@id=\"application-manageyards-display-component---NewYard--addressDetailDetailsLanguage-arrow\"]"}
COMMAND: POST /session/d1da2243ed5db842980eb3a0b04f68c1/elements - {"using":"xpath","value":"//*[@id=\"application-manageyards-display-component---NewYard--addressDetailDetailsLanguage-arrow\"]"}
RESULT: {"using":"xpath","value":"//*[@id=\"application-manageyards-display-component---NewYard--addressDetailDetailsLanguage-arrow\"]"}
COMMAND: POST /session/d1da2243ed5db842980eb3a0b04f68c1/elements - {"using":"xpath","value":"//*[@id=\"application-manageyards-display-component---NewYard--addressDetailDetailsLanguage-arrow\"]"}
RESULT: {"using":"xpath","value":"//*[@id=\"application-manageyards-display-component---NewYard--addressDetailDetailsLanguage-arrow\"]"}
COMMAND: POST /session/d1da2243ed5db842980eb3a0b04f68c1/elements - {"using":"xpath","value":"//*[@id=\"application-manageyards-display-component---NewYard--addressDetailDetailsLanguage-arrow\"]"}
RESULT: {"using":"xpath","value":"//*[@id=\"application-manageyards-display-component---NewYard--addressDetailDetailsLanguage-arrow\"]"}
COMMAND: POST /session/d1da2243ed5db842980eb3a0b04f68c1/elements - {"using":"xpath","value":"//*[@id=\"application-manageyards-display-component---NewYard--addressDetailDetailsLanguage-arrow\"]"}
RESULT: {"using":"xpath","value":"//*[@id=\"application-manageyards-display-component---NewYard--addressDetailDetailsLanguage-arrow\"]"}
COMMAND: POST /session/d1da2243ed5db842980eb3a0b04f68c1/elements - {"using":"xpath","value":"//*[@id=\"application-manageyards-display-component---NewYard--addressDetailDetailsLanguage-arrow\"]"}
RESULT: {"using":"xpath","value":"//*[@id=\"application-manageyards-display-component---NewYard--addressDetailDetailsLanguage-arrow\"]"}
COMMAND: POST /session/d1da2243ed5db842980eb3a0b04f68c1/elements - {"using":"xpath","value":"//*[@id=\"application-manageyards-display-component---NewYard--addressDetailDetailsLanguage-arrow\"]"}
RESULT: {"using":"xpath","value":"//*[@id=\"application-manageyards-display-component---NewYard--addressDetailDetailsLanguage-arrow\"]"}
COMMAND: POST /session/d1da2243ed5db842980eb3a0b04f68c1/elements - {"using":"xpath","value":"//*[@id=\"application-manageyards-display-component---NewYard--addressDetailDetailsLanguage-arrow\"]"}
RESULT: {"using":"xpath","value":"//*[@id=\"application-manageyards-display-component---NewYard--addressDetailDetailsLanguage-arrow\"]"}
COMMAND: POST /session/d1da2243ed5db842980eb3a0b04f68c1/elements - {"using":"xpath","value":"//*[@id=\"application-manageyards-display-component---NewYard--addressDetailDetailsLanguage-arrow\"]"}
RESULT: {"using":"xpath","value":"//*[@id=\"application-manageyards-display-component---NewYard--addressDetailDetailsLanguage-arrow\"]"}
COMMAND: POST /session/d1da2243ed5db842980eb3a0b04f68c1/elements - {"using":"xpath","value":"//*[@id=\"application-manageyards-display-component---NewYard--addressDetailDetailsLanguage-arrow\"]"}
RESULT: {"using":"xpath","value":"//*[@id=\"application-manageyards-display-component---NewYard--addressDetailDetailsLanguage-arrow\"]"}
COMMAND: POST /session/d1da2243ed5db842980eb3a0b04f68c1/elements - {"using":"xpath","value":"//*[@id=\"application-manageyards-display-component---NewYard--addressDetailDetailsLanguage-arrow\"]"}
RESULT: {"using":"xpath","value":"//*[@id=\"application-manageyards-display-component---NewYard--addressDetailDetailsLanguage-arrow\"]"}
COMMAND: POST /session/d1da2243ed5db842980eb3a0b04f68c1/elements - {"using":"xpath","value":"//*[@id=\"application-manageyards-display-component---NewYard--addressDetailDetailsLanguage-arrow\"]"}
RESULT: {"using":"xpath","value":"//*[@id=\"application-manageyards-display-component---NewYard--addressDetailDetailsLanguage-arrow\"]"}
COMMAND: POST /session/d1da2243ed5db842980eb3a0b04f68c1/elements - {"using":"xpath","value":"//*[@id=\"application-manageyards-display-component---NewYard--addressDetailDetailsLanguage-arrow\"]"}
RESULT: {"using":"xpath","value":"//*[@id=\"application-manageyards-display-component---NewYard--addressDetailDetailsLanguage-arrow\"]"}
COMMAND: POST /session/d1da2243ed5db842980eb3a0b04f68c1/elements - {"using":"xpath","value":"//*[@id=\"application-manageyards-display-component---NewYard--addressDetailDetailsLanguage-arrow\"]"}
RESULT: {"using":"xpath","value":"//*[@id=\"application-manageyards-display-component---NewYard--addressDetailDetailsLanguage-arrow\"]"}
COMMAND: POST /session/d1da2243ed5db842980eb3a0b04f68c1/elements - {"using":"xpath","value":"//*[@id=\"application-manageyards-display-component---NewYard--addressDetailDetailsLanguage-arrow\"]"}
RESULT: {"using":"xpath","value":"//*[@id=\"application-manageyards-display-component---NewYard--addressDetailDetailsLanguage-arrow\"]"}
COMMAND: POST /session/d1da2243ed5db842980eb3a0b04f68c1/elements - {"using":"xpath","value":"//*[@id=\"application-manageyards-display-component---NewYard--addressDetailDetailsLanguage-arrow\"]"}
RESULT: {"using":"xpath","value":"//*[@id=\"application-manageyards-display-component---NewYard--addressDetailDetailsLanguage-arrow\"]"}
COMMAND: POST /session/d1da2243ed5db842980eb3a0b04f68c1/elements - {"using":"xpath","value":"//*[@id=\"application-manageyards-display-component---NewYard--addressDetailDetailsLanguage-arrow\"]"}
RESULT: {"using":"xpath","value":"//*[@id=\"application-manageyards-display-component---NewYard--addressDetailDetailsLanguage-arrow\"]"}
COMMAND: POST /session/d1da2243ed5db842980eb3a0b04f68c1/elements - {"using":"xpath","value":"//*[@id=\"application-manageyards-display-component---NewYard--addressDetailDetailsLanguage-arrow\"]"}
RESULT: {"using":"xpath","value":"//*[@id=\"application-manageyards-display-component---NewYard--addressDetailDetailsLanguage-arrow\"]"}
COMMAND: POST /session/d1da2243ed5db842980eb3a0b04f68c1/elements - {"using":"xpath","value":"//*[@id=\"application-manageyards-display-component---NewYard--addressDetailDetailsLanguage-arrow\"]"}
RESULT: {"using":"xpath","value":"//*[@id=\"application-manageyards-display-component---NewYard--addressDetailDetailsLanguage-arrow\"]"}
COMMAND: POST /session/d1da2243ed5db842980eb3a0b04f68c1/elements - {"using":"xpath","value":"//*[@id=\"application-manageyards-display-component---NewYard--addressDetailDetailsLanguage-arrow\"]"}
RESULT: {"using":"xpath","value":"//*[@id=\"application-manageyards-display-component---NewYard--addressDetailDetailsLanguage-arrow\"]"}
COMMAND: POST /session/d1da2243ed5db842980eb3a0b04f68c1/elements - {"using":"xpath","value":"//*[@id=\"application-manageyards-display-component---NewYard--addressDetailDetailsLanguage-arrow\"]"}
RESULT: {"using":"xpath","value":"//*[@id=\"application-manageyards-display-component---NewYard--addressDetailDetailsLanguage-arrow\"]"}
COMMAND: POST /session/d1da2243ed5db842980eb3a0b04f68c1/elements - {"using":"xpath","value":"//*[@id=\"application-manageyards-display-component---NewYard--addressDetailDetailsLanguage-arrow\"]"}
RESULT: {"using":"xpath","value":"//*[@id=\"application-manageyards-display-component---NewYard--addressDetailDetailsLanguage-arrow\"]"}
COMMAND: POST /session/d1da2243ed5db842980eb3a0b04f68c1/elements - {"using":"xpath","value":"//*[@id=\"application-manageyards-display-component---NewYard--addressDetailDetailsLanguage-arrow\"]"}
RESULT: {"using":"xpath","value":"//*[@id=\"application-manageyards-display-component---NewYard--addressDetailDetailsLanguage-arrow\"]"}
COMMAND: POST /session/d1da2243ed5db842980eb3a0b04f68c1/elements - {"using":"xpath","value":"//*[@id=\"application-manageyards-display-component---NewYard--addressDetailDetailsLanguage-arrow\"]"}
RESULT: {"using":"xpath","value":"//*[@id=\"application-manageyards-display-component---NewYard--addressDetailDetailsLanguage-arrow\"]"}
COMMAND: POST /session/d1da2243ed5db842980eb3a0b04f68c1/elements - {"using":"xpath","value":"//*[@id=\"application-manageyards-display-component---NewYard--addressDetailDetailsLanguage-arrow\"]"}
RESULT: {"using":"xpath","value":"//*[@id=\"application-manageyards-display-component---NewYard--addressDetailDetailsLanguage-arrow\"]"}
COMMAND: POST /session/d1da2243ed5db842980eb3a0b04f68c1/elements - {"using":"xpath","value":"//*[@id=\"application-manageyards-display-component---NewYard--addressDetailDetailsLanguage-arrow\"]"}
RESULT: {"using":"xpath","value":"//*[@id=\"application-manageyards-display-component---NewYard--addressDetailDetailsLanguage-arrow\"]"}
COMMAND: POST /session/d1da2243ed5db842980eb3a0b04f68c1/elements - {"using":"xpath","value":"//*[@id=\"application-manageyards-display-component---NewYard--addressDetailDetailsLanguage-arrow\"]"}
RESULT: {"using":"xpath","value":"//*[@id=\"application-manageyards-display-component---NewYard--addressDetailDetailsLanguage-arrow\"]"}
COMMAND: POST /session/d1da2243ed5db842980eb3a0b04f68c1/elements - {"using":"xpath","value":"//*[@id=\"application-manageyards-display-component---NewYard--addressDetailDetailsLanguage-arrow\"]"}
RESULT: {"using":"xpath","value":"//*[@id=\"application-manageyards-display-component---NewYard--addressDetailDetailsLanguage-arrow\"]"}
COMMAND: POST /session/d1da2243ed5db842980eb3a0b04f68c1/elements - {"using":"xpath","value":"//*[@id=\"application-manageyards-display-component---NewYard--addressDetailDetailsLanguage-arrow\"]"}
RESULT: {"using":"xpath","value":"//*[@id=\"application-manageyards-display-component---NewYard--addressDetailDetailsLanguage-arrow\"]"}
COMMAND: POST /session/d1da2243ed5db842980eb3a0b04f68c1/elements - {"using":"xpath","value":"//*[@id=\"application-manageyards-display-component---NewYard--addressDetailDetailsLanguage-arrow\"]"}
RESULT: {"using":"xpath","value":"//*[@id=\"application-manageyards-display-component---NewYard--addressDetailDetailsLanguage-arrow\"]"}
COMMAND: POST /session/d1da2243ed5db842980eb3a0b04f68c1/elements - {"using":"xpath","value":"//*[@id=\"application-manageyards-display-component---NewYard--addressDetailDetailsLanguage-arrow\"]"}
RESULT: {"using":"xpath","value":"//*[@id=\"application-manageyards-display-component---NewYard--addressDetailDetailsLanguage-arrow\"]"}
COMMAND: POST /session/d1da2243ed5db842980eb3a0b04f68c1/elements - {"using":"xpath","value":"//*[@id=\"application-manageyards-display-component---NewYard--addressDetailDetailsLanguage-arrow\"]"}
RESULT: {"using":"xpath","value":"//*[@id=\"application-manageyards-display-component---NewYard--addressDetailDetailsLanguage-arrow\"]"}
COMMAND: POST /session/d1da2243ed5db842980eb3a0b04f68c1/elements - {"using":"xpath","value":"//*[@id=\"application-manageyards-display-component---NewYard--addressDetailDetailsLanguage-arrow\"]"}
RESULT: {"using":"xpath","value":"//*[@id=\"application-manageyards-display-component---NewYard--addressDetailDetailsLanguage-arrow\"]"}
COMMAND: POST /session/d1da2243ed5db842980eb3a0b04f68c1/elements - {"using":"xpath","value":"//*[@id=\"application-manageyards-display-component---NewYard--addressDetailDetailsLanguage-arrow\"]"}
RESULT: {"using":"xpath","value":"//*[@id=\"application-manageyards-display-component---NewYard--addressDetailDetailsLanguage-arrow\"]"}
COMMAND: POST /session/d1da2243ed5db842980eb3a0b04f68c1/elements - {"using":"xpath","value":"//*[@id=\"application-manageyards-display-component---NewYard--addressDetailDetailsLanguage-arrow\"]"}
RESULT: {"using":"xpath","value":"//*[@id=\"application-manageyards-display-component---NewYard--addressDetailDetailsLanguage-arrow\"]"}
COMMAND: POST /session/d1da2243ed5db842980eb3a0b04f68c1/elements - {"using":"xpath","value":"//*[@id=\"application-manageyards-display-component---NewYard--addressDetailDetailsLanguage-arrow\"]"}
RESULT: {"using":"xpath","value":"//*[@id=\"application-manageyards-display-component---NewYard--addressDetailDetailsLanguage-arrow\"]"}
COMMAND: POST /session/d1da2243ed5db842980eb3a0b04f68c1/elements - {"using":"xpath","value":"//*[@id=\"application-manageyards-display-component---NewYard--addressDetailDetailsLanguage-arrow\"]"}
RESULT: {"using":"xpath","value":"//*[@id=\"application-manageyards-display-component---NewYard--addressDetailDetailsLanguage-arrow\"]"}
COMMAND: POST /session/d1da2243ed5db842980eb3a0b04f68c1/elements - {"using":"xpath","value":"//*[@id=\"application-manageyards-display-component---NewYard--addressDetailDetailsLanguage-arrow\"]"}
RESULT: {"using":"xpath","value":"//*[@id=\"application-manageyards-display-component---NewYard--addressDetailDetailsLanguage-arrow\"]"}
COMMAND: POST /session/d1da2243ed5db842980eb3a0b04f68c1/elements - {"using":"xpath","value":"//*[@id=\"application-manageyards-display-component---NewYard--addressDetailDetailsLanguage-arrow\"]"}
RESULT: {"using":"xpath","value":"//*[@id=\"application-manageyards-display-component---NewYard--addressDetailDetailsLanguage-arrow\"]"}
COMMAND: POST /session/d1da2243ed5db842980eb3a0b04f68c1/elements - {"using":"xpath","value":"//*[@id=\"application-manageyards-display-component---NewYard--addressDetailDetailsLanguage-arrow\"]"}
RESULT: {"using":"xpath","value":"//*[@id=\"application-manageyards-display-component---NewYard--addressDetailDetailsLanguage-arrow\"]"}
COMMAND: POST /session/d1da2243ed5db842980eb3a0b04f68c1/elements - {"using":"xpath","value":"//*[@id=\"application-manageyards-display-component---NewYard--addressDetailDetailsLanguage-arrow\"]"}
RESULT: {"using":"xpath","value":"//*[@id=\"application-manageyards-display-component---NewYard--addressDetailDetailsLanguage-arrow\"]"}
COMMAND: POST /session/d1da2243ed5db842980eb3a0b04f68c1/elements - {"using":"xpath","value":"//*[@id=\"application-manageyards-display-component---NewYard--addressDetailDetailsLanguage-arrow\"]"}
COMMAND: POST /session/d1da2243ed5db842980eb3a0b04f68c1/element - {"using":"xpath","value":"//span[contains(text(), \"English\")]"}
RESULT: {"using":"xpath","value":"//*[@id=\"application-manageyards-display-component---NewYard--addressDetailDetailsLanguage-arrow\"]"}
RESULT: {"using":"xpath","value":"//span[contains(text(), \"English\")]"}
COMMAND: POST /session/d1da2243ed5db842980eb3a0b04f68c1/elements - {"using":"xpath","value":"//span[contains(text(), \"English\")]"}
RESULT: {"using":"xpath","value":"//span[contains(text(), \"English\")]"}
COMMAND: POST /session/d1da2243ed5db842980eb3a0b04f68c1/elements - {"using":"xpath","value":"//span[contains(text(), \"English\")]"}
RESULT: {"using":"xpath","value":"//span[contains(text(), \"English\")]"}
COMMAND: POST /session/d1da2243ed5db842980eb3a0b04f68c1/elements - {"using":"xpath","value":"//span[contains(text(), \"English\")]"}
RESULT: {"using":"xpath","value":"//span[contains(text(), \"English\")]"}
COMMAND: POST /session/d1da2243ed5db842980eb3a0b04f68c1/elements - {"using":"xpath","value":"//span[contains(text(), \"English\")]"}
RESULT: {"using":"xpath","value":"//span[contains(text(), \"English\")]"}
COMMAND: POST /session/d1da2243ed5db842980eb3a0b04f68c1/elements - {"using":"xpath","value":"//span[contains(text(), \"English\")]"}
RESULT: {"using":"xpath","value":"//span[contains(text(), \"English\")]"}
COMMAND: POST /session/d1da2243ed5db842980eb3a0b04f68c1/elements - {"using":"xpath","value":"//span[contains(text(), \"English\")]"}
RESULT: {"using":"xpath","value":"//span[contains(text(), \"English\")]"}
COMMAND: POST /session/d1da2243ed5db842980eb3a0b04f68c1/elements - {"using":"xpath","value":"//span[contains(text(), \"English\")]"}
RESULT: {"using":"xpath","value":"//span[contains(text(), \"English\")]"}
COMMAND: POST /session/d1da2243ed5db842980eb3a0b04f68c1/elements - {"using":"xpath","value":"//span[contains(text(), \"English\")]"}
RESULT: {"using":"xpath","value":"//span[contains(text(), \"English\")]"}
COMMAND: POST /session/d1da2243ed5db842980eb3a0b04f68c1/elements - {"using":"xpath","value":"//span[contains(text(), \"English\")]"}
RESULT: {"using":"xpath","value":"//span[contains(text(), \"English\")]"}
COMMAND: POST /session/d1da2243ed5db842980eb3a0b04f68c1/elements - {"using":"xpath","value":"//span[contains(text(), \"English\")]"}
RESULT: {"using":"xpath","value":"//span[contains(text(), \"English\")]"}
COMMAND: POST /session/d1da2243ed5db842980eb3a0b04f68c1/elements - {"using":"xpath","value":"//span[contains(text(), \"English\")]"}
RESULT: {"using":"xpath","value":"//span[contains(text(), \"English\")]"}
COMMAND: POST /session/d1da2243ed5db842980eb3a0b04f68c1/elements - {"using":"xpath","value":"//span[contains(text(), \"English\")]"}
RESULT: {"using":"xpath","value":"//span[contains(text(), \"English\")]"}
COMMAND: POST /session/d1da2243ed5db842980eb3a0b04f68c1/elements - {"using":"xpath","value":"//span[contains(text(), \"English\")]"}
RESULT: {"using":"xpath","value":"//span[contains(text(), \"English\")]"}
COMMAND: POST /session/d1da2243ed5db842980eb3a0b04f68c1/elements - {"using":"xpath","value":"//span[contains(text(), \"English\")]"}
RESULT: {"using":"xpath","value":"//span[contains(text(), \"English\")]"}
COMMAND: POST /session/d1da2243ed5db842980eb3a0b04f68c1/elements - {"using":"xpath","value":"//span[contains(text(), \"English\")]"}
RESULT: {"using":"xpath","value":"//span[contains(text(), \"English\")]"}
COMMAND: POST /session/d1da2243ed5db842980eb3a0b04f68c1/elements - {"using":"xpath","value":"//span[contains(text(), \"English\")]"}
RESULT: {"using":"xpath","value":"//span[contains(text(), \"English\")]"}
COMMAND: POST /session/d1da2243ed5db842980eb3a0b04f68c1/elements - {"using":"xpath","value":"//span[contains(text(), \"English\")]"}
RESULT: {"using":"xpath","value":"//span[contains(text(), \"English\")]"}
COMMAND: POST /session/d1da2243ed5db842980eb3a0b04f68c1/elements - {"using":"xpath","value":"//span[contains(text(), \"English\")]"}
RESULT: {"using":"xpath","value":"//span[contains(text(), \"English\")]"}
COMMAND: POST /session/d1da2243ed5db842980eb3a0b04f68c1/elements - {"using":"xpath","value":"//span[contains(text(), \"English\")]"}
RESULT: {"using":"xpath","value":"//span[contains(text(), \"English\")]"}
COMMAND: POST /session/d1da2243ed5db842980eb3a0b04f68c1/elements - {"using":"xpath","value":"//span[contains(text(), \"English\")]"}
RESULT: {"using":"xpath","value":"//span[contains(text(), \"English\")]"}
COMMAND: POST /session/d1da2243ed5db842980eb3a0b04f68c1/elements - {"using":"xpath","value":"//span[contains(text(), \"English\")]"}
RESULT: {"using":"xpath","value":"//span[contains(text(), \"English\")]"}
COMMAND: POST /session/d1da2243ed5db842980eb3a0b04f68c1/elements - {"using":"xpath","value":"//span[contains(text(), \"English\")]"}
RESULT: {"using":"xpath","value":"//span[contains(text(), \"English\")]"}
COMMAND: POST /session/d1da2243ed5db842980eb3a0b04f68c1/elements - {"using":"xpath","value":"//span[contains(text(), \"English\")]"}
RESULT: {"using":"xpath","value":"//span[contains(text(), \"English\")]"}
COMMAND: POST /session/d1da2243ed5db842980eb3a0b04f68c1/elements - {"using":"xpath","value":"//span[contains(text(), \"English\")]"}
RESULT: {"using":"xpath","value":"//span[contains(text(), \"English\")]"}
COMMAND: POST /session/d1da2243ed5db842980eb3a0b04f68c1/elements - {"using":"xpath","value":"//span[contains(text(), \"English\")]"}
RESULT: {"using":"xpath","value":"//span[contains(text(), \"English\")]"}
COMMAND: POST /session/d1da2243ed5db842980eb3a0b04f68c1/elements - {"using":"xpath","value":"//span[contains(text(), \"English\")]"}
RESULT: {"using":"xpath","value":"//span[contains(text(), \"English\")]"}
COMMAND: POST /session/d1da2243ed5db842980eb3a0b04f68c1/elements - {"using":"xpath","value":"//span[contains(text(), \"English\")]"}
RESULT: {"using":"xpath","value":"//span[contains(text(), \"English\")]"}
COMMAND: POST /session/d1da2243ed5db842980eb3a0b04f68c1/elements - {"using":"xpath","value":"//span[contains(text(), \"English\")]"}
RESULT: {"using":"xpath","value":"//span[contains(text(), \"English\")]"}
COMMAND: POST /session/d1da2243ed5db842980eb3a0b04f68c1/elements - {"using":"xpath","value":"//span[contains(text(), \"English\")]"}
RESULT: {"using":"xpath","value":"//span[contains(text(), \"English\")]"}
COMMAND: POST /session/d1da2243ed5db842980eb3a0b04f68c1/elements - {"using":"xpath","value":"//span[contains(text(), \"English\")]"}
RESULT: {"using":"xpath","value":"//span[contains(text(), \"English\")]"}
COMMAND: POST /session/d1da2243ed5db842980eb3a0b04f68c1/elements - {"using":"xpath","value":"//span[contains(text(), \"English\")]"}
RESULT: {"using":"xpath","value":"//span[contains(text(), \"English\")]"}
COMMAND: POST /session/d1da2243ed5db842980eb3a0b04f68c1/elements - {"using":"xpath","value":"//span[contains(text(), \"English\")]"}
RESULT: {"using":"xpath","value":"//span[contains(text(), \"English\")]"}
COMMAND: POST /session/d1da2243ed5db842980eb3a0b04f68c1/elements - {"using":"xpath","value":"//span[contains(text(), \"English\")]"}
RESULT: {"using":"xpath","value":"//span[contains(text(), \"English\")]"}
COMMAND: POST /session/d1da2243ed5db842980eb3a0b04f68c1/elements - {"using":"xpath","value":"//span[contains(text(), \"English\")]"}
RESULT: {"using":"xpath","value":"//span[contains(text(), \"English\")]"}
COMMAND: POST /session/d1da2243ed5db842980eb3a0b04f68c1/elements - {"using":"xpath","value":"//span[contains(text(), \"English\")]"}
RESULT: {"using":"xpath","value":"//span[contains(text(), \"English\")]"}
COMMAND: POST /session/d1da2243ed5db842980eb3a0b04f68c1/elements - {"using":"xpath","value":"//span[contains(text(), \"English\")]"}
RESULT: {"using":"xpath","value":"//span[contains(text(), \"English\")]"}
COMMAND: POST /session/d1da2243ed5db842980eb3a0b04f68c1/elements - {"using":"xpath","value":"//span[contains(text(), \"English\")]"}
RESULT: {"using":"xpath","value":"//span[contains(text(), \"English\")]"}
COMMAND: POST /session/d1da2243ed5db842980eb3a0b04f68c1/elements - {"using":"xpath","value":"//span[contains(text(), \"English\")]"}
RESULT: {"using":"xpath","value":"//span[contains(text(), \"English\")]"}
COMMAND: POST /session/d1da2243ed5db842980eb3a0b04f68c1/elements - {"using":"xpath","value":"//span[contains(text(), \"English\")]"}
RESULT: {"using":"xpath","value":"//span[contains(text(), \"English\")]"}
COMMAND: POST /session/d1da2243ed5db842980eb3a0b04f68c1/elements - {"using":"xpath","value":"//span[contains(text(), \"English\")]"}
RESULT: {"using":"xpath","value":"//span[contains(text(), \"English\")]"}
COMMAND: POST /session/d1da2243ed5db842980eb3a0b04f68c1/elements - {"using":"xpath","value":"//span[contains(text(), \"English\")]"}
RESULT: {"using":"xpath","value":"//span[contains(text(), \"English\")]"}
COMMAND: POST /session/d1da2243ed5db842980eb3a0b04f68c1/elements - {"using":"xpath","value":"//span[contains(text(), \"English\")]"}
RESULT: {"using":"xpath","value":"//span[contains(text(), \"English\")]"}
COMMAND: POST /session/d1da2243ed5db842980eb3a0b04f68c1/elements - {"using":"xpath","value":"//span[contains(text(), \"English\")]"}
RESULT: {"using":"xpath","value":"//span[contains(text(), \"English\")]"}
COMMAND: POST /session/d1da2243ed5db842980eb3a0b04f68c1/elements - {"using":"xpath","value":"//span[contains(text(), \"English\")]"}
RESULT: {"using":"xpath","value":"//span[contains(text(), \"English\")]"}
COMMAND: POST /session/d1da2243ed5db842980eb3a0b04f68c1/elements - {"using":"xpath","value":"//span[contains(text(), \"English\")]"}
RESULT: {"using":"xpath","value":"//span[contains(text(), \"English\")]"}
COMMAND: POST /session/d1da2243ed5db842980eb3a0b04f68c1/elements - {"using":"xpath","value":"//span[contains(text(), \"English\")]"}
RESULT: {"using":"xpath","value":"//span[contains(text(), \"English\")]"}
COMMAND: POST /session/d1da2243ed5db842980eb3a0b04f68c1/elements - {"using":"xpath","value":"//span[contains(text(), \"English\")]"}
RESULT: {"using":"xpath","value":"//span[contains(text(), \"English\")]"}
COMMAND: POST /session/d1da2243ed5db842980eb3a0b04f68c1/elements - {"using":"xpath","value":"//span[contains(text(), \"English\")]"}
RESULT: {"using":"xpath","value":"//span[contains(text(), \"English\")]"}
COMMAND: POST /session/d1da2243ed5db842980eb3a0b04f68c1/elements - {"using":"xpath","value":"//span[contains(text(), \"English\")]"}
RESULT: {"using":"xpath","value":"//span[contains(text(), \"English\")]"}
COMMAND: POST /session/d1da2243ed5db842980eb3a0b04f68c1/elements - {"using":"xpath","value":"//span[contains(text(), \"English\")]"}
RESULT: {"using":"xpath","value":"//span[contains(text(), \"English\")]"}
COMMAND: POST /session/d1da2243ed5db842980eb3a0b04f68c1/elements - {"using":"xpath","value":"//span[contains(text(), \"English\")]"}
RESULT: {"using":"xpath","value":"//span[contains(text(), \"English\")]"}
COMMAND: POST /session/d1da2243ed5db842980eb3a0b04f68c1/elements - {"using":"xpath","value":"//span[contains(text(), \"English\")]"}
RESULT: {"using":"xpath","value":"//span[contains(text(), \"English\")]"}
COMMAND: POST /session/d1da2243ed5db842980eb3a0b04f68c1/elements - {"using":"xpath","value":"//span[contains(text(), \"English\")]"}
RESULT: {"using":"xpath","value":"//span[contains(text(), \"English\")]"}
COMMAND: POST /session/d1da2243ed5db842980eb3a0b04f68c1/elements - {"using":"xpath","value":"//span[contains(text(), \"English\")]"}
RESULT: {"using":"xpath","value":"//span[contains(text(), \"English\")]"}
COMMAND: POST /session/d1da2243ed5db842980eb3a0b04f68c1/elements - {"using":"xpath","value":"//span[contains(text(), \"English\")]"}
RESULT: {"using":"xpath","value":"//span[contains(text(), \"English\")]"}
COMMAND: POST /session/d1da2243ed5db842980eb3a0b04f68c1/elements - {"using":"xpath","value":"//span[contains(text(), \"English\")]"}
RESULT: {"using":"xpath","value":"//span[contains(text(), \"English\")]"}
COMMAND: POST /session/d1da2243ed5db842980eb3a0b04f68c1/elements - {"using":"xpath","value":"//span[contains(text(), \"English\")]"}
RESULT: {"using":"xpath","value":"//span[contains(text(), \"English\")]"}
COMMAND: POST /session/d1da2243ed5db842980eb3a0b04f68c1/elements - {"using":"xpath","value":"//span[contains(text(), \"English\")]"}
RESULT: {"using":"xpath","value":"//span[contains(text(), \"English\")]"}
COMMAND: POST /session/d1da2243ed5db842980eb3a0b04f68c1/elements - {"using":"xpath","value":"//span[contains(text(), \"English\")]"}
RESULT: {"using":"xpath","value":"//span[contains(text(), \"English\")]"}
COMMAND: POST /session/d1da2243ed5db842980eb3a0b04f68c1/elements - {"using":"xpath","value":"//span[contains(text(), \"English\")]"}
RESULT: {"using":"xpath","value":"//span[contains(text(), \"English\")]"}
COMMAND: POST /session/d1da2243ed5db842980eb3a0b04f68c1/elements - {"using":"xpath","value":"//span[contains(text(), \"English\")]"}
RESULT: {"using":"xpath","value":"//span[contains(text(), \"English\")]"}
COMMAND: POST /session/d1da2243ed5db842980eb3a0b04f68c1/elements - {"using":"xpath","value":"//span[contains(text(), \"English\")]"}
RESULT: {"using":"xpath","value":"//span[contains(text(), \"English\")]"}
COMMAND: POST /session/d1da2243ed5db842980eb3a0b04f68c1/elements - {"using":"xpath","value":"//span[contains(text(), \"English\")]"}
RESULT: {"using":"xpath","value":"//span[contains(text(), \"English\")]"}
COMMAND: POST /session/d1da2243ed5db842980eb3a0b04f68c1/elements - {"using":"xpath","value":"//span[contains(text(), \"English\")]"}
RESULT: {"using":"xpath","value":"//span[contains(text(), \"English\")]"}
COMMAND: POST /session/d1da2243ed5db842980eb3a0b04f68c1/elements - {"using":"xpath","value":"//span[contains(text(), \"English\")]"}
RESULT: {"using":"xpath","value":"//span[contains(text(), \"English\")]"}
COMMAND: POST /session/d1da2243ed5db842980eb3a0b04f68c1/elements - {"using":"xpath","value":"//span[contains(text(), \"English\")]"}
RESULT: {"using":"xpath","value":"//span[contains(text(), \"English\")]"}
COMMAND: POST /session/d1da2243ed5db842980eb3a0b04f68c1/elements - {"using":"xpath","value":"//span[contains(text(), \"English\")]"}
RESULT: {"using":"xpath","value":"//span[contains(text(), \"English\")]"}
COMMAND: POST /session/d1da2243ed5db842980eb3a0b04f68c1/elements - {"using":"xpath","value":"//span[contains(text(), \"English\")]"}
RESULT: {"using":"xpath","value":"//span[contains(text(), \"English\")]"}
COMMAND: POST /session/d1da2243ed5db842980eb3a0b04f68c1/elements - {"using":"xpath","value":"//span[contains(text(), \"English\")]"}
RESULT: {"using":"xpath","value":"//span[contains(text(), \"English\")]"}
COMMAND: POST /session/d1da2243ed5db842980eb3a0b04f68c1/elements - {"using":"xpath","value":"//span[contains(text(), \"English\")]"}
RESULT: {"using":"xpath","value":"//span[contains(text(), \"English\")]"}
COMMAND: POST /session/d1da2243ed5db842980eb3a0b04f68c1/elements - {"using":"xpath","value":"//span[contains(text(), \"English\")]"}
RESULT: {"using":"xpath","value":"//span[contains(text(), \"English\")]"}
COMMAND: POST /session/d1da2243ed5db842980eb3a0b04f68c1/elements - {"using":"xpath","value":"//span[contains(text(), \"English\")]"}
RESULT: {"using":"xpath","value":"//span[contains(text(), \"English\")]"}
COMMAND: POST /session/d1da2243ed5db842980eb3a0b04f68c1/elements - {"using":"xpath","value":"//span[contains(text(), \"English\")]"}
RESULT: {"using":"xpath","value":"//span[contains(text(), \"English\")]"}
COMMAND: POST /session/d1da2243ed5db842980eb3a0b04f68c1/elements - {"using":"xpath","value":"//span[contains(text(), \"English\")]"}
RESULT: {"using":"xpath","value":"//span[contains(text(), \"English\")]"}
COMMAND: POST /session/d1da2243ed5db842980eb3a0b04f68c1/elements - {"using":"xpath","value":"//span[contains(text(), \"English\")]"}
RESULT: {"using":"xpath","value":"//span[contains(text(), \"English\")]"}
COMMAND: POST /session/d1da2243ed5db842980eb3a0b04f68c1/elements - {"using":"xpath","value":"//span[contains(text(), \"English\")]"}
RESULT: {"using":"xpath","value":"//span[contains(text(), \"English\")]"}
COMMAND: POST /session/d1da2243ed5db842980eb3a0b04f68c1/elements - {"using":"xpath","value":"//span[contains(text(), \"English\")]"}
RESULT: {"using":"xpath","value":"//span[contains(text(), \"English\")]"}
COMMAND: POST /session/d1da2243ed5db842980eb3a0b04f68c1/elements - {"using":"xpath","value":"//span[contains(text(), \"English\")]"}
RESULT: {"using":"xpath","value":"//span[contains(text(), \"English\")]"}
COMMAND: POST /session/d1da2243ed5db842980eb3a0b04f68c1/elements - {"using":"xpath","value":"//span[contains(text(), \"English\")]"}
RESULT: {"using":"xpath","value":"//span[contains(text(), \"English\")]"}
COMMAND: POST /session/d1da2243ed5db842980eb3a0b04f68c1/elements - {"using":"xpath","value":"//span[contains(text(), \"English\")]"}
RESULT: {"using":"xpath","value":"//span[contains(text(), \"English\")]"}
COMMAND: POST /session/d1da2243ed5db842980eb3a0b04f68c1/elements - {"using":"xpath","value":"//span[contains(text(), \"English\")]"}
RESULT: {"using":"xpath","value":"//span[contains(text(), \"English\")]"}
COMMAND: POST /session/d1da2243ed5db842980eb3a0b04f68c1/elements - {"using":"xpath","value":"//span[contains(text(), \"English\")]"}
RESULT: {"using":"xpath","value":"//span[contains(text(), \"English\")]"}
COMMAND: POST /session/d1da2243ed5db842980eb3a0b04f68c1/elements - {"using":"xpath","value":"//span[contains(text(), \"English\")]"}
RESULT: {"using":"xpath","value":"//span[contains(text(), \"English\")]"}
COMMAND: POST /session/d1da2243ed5db842980eb3a0b04f68c1/elements - {"using":"xpath","value":"//span[contains(text(), \"English\")]"}
RESULT: {"using":"xpath","value":"//span[contains(text(), \"English\")]"}
COMMAND: POST /session/d1da2243ed5db842980eb3a0b04f68c1/elements - {"using":"xpath","value":"//span[contains(text(), \"English\")]"}
RESULT: {"using":"xpath","value":"//span[contains(text(), \"English\")]"}
COMMAND: POST /session/d1da2243ed5db842980eb3a0b04f68c1/elements - {"using":"xpath","value":"//span[contains(text(), \"English\")]"}
RESULT: {"using":"xpath","value":"//span[contains(text(), \"English\")]"}
COMMAND: POST /session/d1da2243ed5db842980eb3a0b04f68c1/elements - {"using":"xpath","value":"//span[contains(text(), \"English\")]"}
RESULT: {"using":"xpath","value":"//span[contains(text(), \"English\")]"}
COMMAND: POST /session/d1da2243ed5db842980eb3a0b04f68c1/elements - {"using":"xpath","value":"//span[contains(text(), \"English\")]"}
RESULT: {"using":"xpath","value":"//span[contains(text(), \"English\")]"}
COMMAND: POST /session/d1da2243ed5db842980eb3a0b04f68c1/elements - {"using":"xpath","value":"//span[contains(text(), \"English\")]"}
RESULT: {"using":"xpath","value":"//span[contains(text(), \"English\")]"}
COMMAND: POST /session/d1da2243ed5db842980eb3a0b04f68c1/elements - {"using":"xpath","value":"//span[contains(text(), \"English\")]"}
RESULT: {"using":"xpath","value":"//span[contains(text(), \"English\")]"}
COMMAND: POST /session/d1da2243ed5db842980eb3a0b04f68c1/elements - {"using":"xpath","value":"//span[contains(text(), \"English\")]"}
RESULT: {"using":"xpath","value":"//span[contains(text(), \"English\")]"}
COMMAND: POST /session/d1da2243ed5db842980eb3a0b04f68c1/elements - {"using":"xpath","value":"//span[contains(text(), \"English\")]"}
RESULT: {"using":"xpath","value":"//span[contains(text(), \"English\")]"}
COMMAND: POST /session/d1da2243ed5db842980eb3a0b04f68c1/elements - {"using":"xpath","value":"//span[contains(text(), \"English\")]"}
RESULT: {"using":"xpath","value":"//span[contains(text(), \"English\")]"}
COMMAND: POST /session/d1da2243ed5db842980eb3a0b04f68c1/elements - {"using":"xpath","value":"//span[contains(text(), \"English\")]"}
RESULT: {"using":"xpath","value":"//span[contains(text(), \"English\")]"}
COMMAND: POST /session/d1da2243ed5db842980eb3a0b04f68c1/elements - {"using":"xpath","value":"//span[contains(text(), \"English\")]"}
RESULT: {"using":"xpath","value":"//span[contains(text(), \"English\")]"}
COMMAND: POST /session/d1da2243ed5db842980eb3a0b04f68c1/elements - {"using":"xpath","value":"//span[contains(text(), \"English\")]"}
RESULT: {"using":"xpath","value":"//span[contains(text(), \"English\")]"}
COMMAND: POST /session/d1da2243ed5db842980eb3a0b04f68c1/elements - {"using":"xpath","value":"//span[contains(text(), \"English\")]"}
RESULT: {"using":"xpath","value":"//span[contains(text(), \"English\")]"}
COMMAND: POST /session/d1da2243ed5db842980eb3a0b04f68c1/elements - {"using":"xpath","value":"//span[contains(text(), \"English\")]"}
RESULT: {"using":"xpath","value":"//span[contains(text(), \"English\")]"}
COMMAND: POST /session/d1da2243ed5db842980eb3a0b04f68c1/elements - {"using":"xpath","value":"//span[contains(text(), \"English\")]"}
RESULT: {"using":"xpath","value":"//span[contains(text(), \"English\")]"}
COMMAND: POST /session/d1da2243ed5db842980eb3a0b04f68c1/elements - {"using":"xpath","value":"//span[contains(text(), \"English\")]"}
RESULT: {"using":"xpath","value":"//span[contains(text(), \"English\")]"}
COMMAND: POST /session/d1da2243ed5db842980eb3a0b04f68c1/elements - {"using":"xpath","value":"//span[contains(text(), \"English\")]"}
RESULT: {"using":"xpath","value":"//span[contains(text(), \"English\")]"}
COMMAND: POST /session/d1da2243ed5db842980eb3a0b04f68c1/elements - {"using":"xpath","value":"//span[contains(text(), \"English\")]"}
RESULT: {"using":"xpath","value":"//span[contains(text(), \"English\")]"}
COMMAND: POST /session/d1da2243ed5db842980eb3a0b04f68c1/elements - {"using":"xpath","value":"//span[contains(text(), \"English\")]"}
RESULT: {"using":"xpath","value":"//span[contains(text(), \"English\")]"}
COMMAND: POST /session/d1da2243ed5db842980eb3a0b04f68c1/elements - {"using":"xpath","value":"//span[contains(text(), \"English\")]"}
RESULT: {"using":"xpath","value":"//span[contains(text(), \"English\")]"}
COMMAND: POST /session/d1da2243ed5db842980eb3a0b04f68c1/elements - {"using":"xpath","value":"//span[contains(text(), \"English\")]"}
RESULT: {"using":"xpath","value":"//span[contains(text(), \"English\")]"}
COMMAND: POST /session/d1da2243ed5db842980eb3a0b04f68c1/elements - {"using":"xpath","value":"//span[contains(text(), \"English\")]"}
RESULT: {"using":"xpath","value":"//span[contains(text(), \"English\")]"}
COMMAND: POST /session/d1da2243ed5db842980eb3a0b04f68c1/elements - {"using":"xpath","value":"//span[contains(text(), \"English\")]"}
RESULT: {"using":"xpath","value":"//span[contains(text(), \"English\")]"}
COMMAND: POST /session/d1da2243ed5db842980eb3a0b04f68c1/elements - {"using":"xpath","value":"//span[contains(text(), \"English\")]"}
RESULT: {"using":"xpath","value":"//span[contains(text(), \"English\")]"}
COMMAND: POST /session/d1da2243ed5db842980eb3a0b04f68c1/elements - {"using":"xpath","value":"//span[contains(text(), \"English\")]"}
RESULT: {"using":"xpath","value":"//span[contains(text(), \"English\")]"}
COMMAND: POST /session/d1da2243ed5db842980eb3a0b04f68c1/elements - {"using":"xpath","value":"//span[contains(text(), \"English\")]"}
RESULT: {"using":"xpath","value":"//span[contains(text(), \"English\")]"}
COMMAND: POST /session/d1da2243ed5db842980eb3a0b04f68c1/elements - {"using":"xpath","value":"//span[contains(text(), \"English\")]"}
RESULT: {"using":"xpath","value":"//span[contains(text(), \"English\")]"}
COMMAND: POST /session/d1da2243ed5db842980eb3a0b04f68c1/elements - {"using":"xpath","value":"//span[contains(text(), \"English\")]"}
RESULT: {"using":"xpath","value":"//span[contains(text(), \"English\")]"}
COMMAND: POST /session/d1da2243ed5db842980eb3a0b04f68c1/elements - {"using":"xpath","value":"//span[contains(text(), \"English\")]"}
RESULT: {"using":"xpath","value":"//span[contains(text(), \"English\")]"}
COMMAND: POST /session/d1da2243ed5db842980eb3a0b04f68c1/elements - {"using":"xpath","value":"//span[contains(text(), \"English\")]"}
RESULT: {"using":"xpath","value":"//span[contains(text(), \"English\")]"}
COMMAND: POST /session/d1da2243ed5db842980eb3a0b04f68c1/elements - {"using":"xpath","value":"//span[contains(text(), \"English\")]"}
RESULT: {"using":"xpath","value":"//span[contains(text(), \"English\")]"}
COMMAND: POST /session/d1da2243ed5db842980eb3a0b04f68c1/elements - {"using":"xpath","value":"//span[contains(text(), \"English\")]"}
RESULT: {"using":"xpath","value":"//span[contains(text(), \"English\")]"}
COMMAND: POST /session/d1da2243ed5db842980eb3a0b04f68c1/elements - {"using":"xpath","value":"//span[contains(text(), \"English\")]"}
RESULT: {"using":"xpath","value":"//span[contains(text(), \"English\")]"}
COMMAND: POST /session/d1da2243ed5db842980eb3a0b04f68c1/elements - {"using":"xpath","value":"//span[contains(text(), \"English\")]"}
RESULT: {"using":"xpath","value":"//span[contains(text(), \"English\")]"}
COMMAND: POST /session/d1da2243ed5db842980eb3a0b04f68c1/elements - {"using":"xpath","value":"//span[contains(text(), \"English\")]"}
RESULT: {"using":"xpath","value":"//span[contains(text(), \"English\")]"}
COMMAND: POST /session/d1da2243ed5db842980eb3a0b04f68c1/elements - {"using":"xpath","value":"//span[contains(text(), \"English\")]"}
RESULT: {"using":"xpath","value":"//span[contains(text(), \"English\")]"}
COMMAND: GET /session/d1da2243ed5db842980eb3a0b04f68c1/screenshot - {}
RESULT: {}
]]></system-out>
      <system-err><![CDATA[
Error: Can't call click on element with selector "//span[contains(text(), "English")]" because element wasn't found
    at async UtilsPrerequisites.yardCreation (D:\a\1\s\test\specs\BTS\prerequisites-and-utils-functions.js:73:9)
    at async Context.<anonymous> (D:\a\1\s\test\specs\BTS\create-partner.spec.js:36:25)
]]></system-err>
    </testcase>
    <testcase classname="chrome.136_0_7103_93.windows.Create_partner_US118246" name="Should create new external WHM partner" time="57.562">
      <failure/>
      <error message="element (&quot;//button[@data-kt=&quot;addButton&quot;]&quot;) still not existing after 45000ms"/>
      <system-out><![CDATA[
COMMAND: POST /session/d1da2243ed5db842980eb3a0b04f68c1/window/fullscreen - {}
COMMAND: GET /session/d1da2243ed5db842980eb3a0b04f68c1/screenshot - {}
RESULT: {}
RESULT: undefined
COMMAND: POST /session/d1da2243ed5db842980eb3a0b04f68c1/element - {"using":"xpath","value":"//*[@id=\"__tile38\"]"}
RESULT: {}
RESULT: {"using":"xpath","value":"//*[@id=\"__tile38\"]"}
COMMAND: POST /session/d1da2243ed5db842980eb3a0b04f68c1/element/f.88445BC73AA68FCADA91DF858886134B.d.1F8FF0D164CE02D767696CB04E392912.e.9759/click - {}
COMMAND: POST /session/d1da2243ed5db842980eb3a0b04f68c1/elements - {"using":"xpath","value":"//span[text()='Error']"}
RESULT: {"using":"xpath","value":"//span[text()='Error']"}
COMMAND: POST /session/d1da2243ed5db842980eb3a0b04f68c1/elements - {"using":"xpath","value":"//*[text()='Close']"}
RESULT: {"using":"xpath","value":"//*[text()='Close']"}
COMMAND: GET /session/d1da2243ed5db842980eb3a0b04f68c1/element/f.88445BC73AA68FCADA91DF858886134B.d.1F8FF0D164CE02D767696CB04E392912.e.11480/enabled - {}
RESULT: {}
COMMAND: POST /session/d1da2243ed5db842980eb3a0b04f68c1/execute/sync - {"script":"<script> [8489 bytes]","args":[{"element-6066-11e4-a52e-4f735466cecf":"f.88445BC73AA68FCADA91DF858886134B.d.1F8FF0D164CE02D767696CB04E392912.e.11480","ELEMENT":"f.88445BC73AA68FCADA91DF858886134B.d.1F8FF0D164CE02D767696CB04E392912.e.11480"}]}
COMMAND: GET /session/d1da2243ed5db842980eb3a0b04f68c1/screenshot - {}
RESULT: {}
RESULT: {"script":"<script> [8489 bytes]","args":[{"element-6066-11e4-a52e-4f735466cecf":"f.88445BC73AA68FCADA91DF858886134B.d.1F8FF0D164CE02D767696CB04E392912.e.11480","ELEMENT":"f.88445BC73AA68FCADA91DF858886134B.d.1F8FF0D164CE02D767696CB04E392912.e.11480"}]}
COMMAND: POST /session/d1da2243ed5db842980eb3a0b04f68c1/execute/sync - {"script":"<script> [5351 bytes]","args":[{"element-6066-11e4-a52e-4f735466cecf":"f.88445BC73AA68FCADA91DF858886134B.d.1F8FF0D164CE02D767696CB04E392912.e.11480","ELEMENT":"f.88445BC73AA68FCADA91DF858886134B.d.1F8FF0D164CE02D767696CB04E392912.e.11480"}]}
COMMAND: GET /session/d1da2243ed5db842980eb3a0b04f68c1/screenshot - {}
RESULT: {"script":"<script> [5351 bytes]","args":[{"element-6066-11e4-a52e-4f735466cecf":"f.88445BC73AA68FCADA91DF858886134B.d.1F8FF0D164CE02D767696CB04E392912.e.11480","ELEMENT":"f.88445BC73AA68FCADA91DF858886134B.d.1F8FF0D164CE02D767696CB04E392912.e.11480"}]}
COMMAND: POST /session/d1da2243ed5db842980eb3a0b04f68c1/element/f.88445BC73AA68FCADA91DF858886134B.d.1F8FF0D164CE02D767696CB04E392912.e.11480/click - {}
COMMAND: GET /session/d1da2243ed5db842980eb3a0b04f68c1/screenshot - {}
RESULT: {}
RESULT: {}
COMMAND: POST /session/d1da2243ed5db842980eb3a0b04f68c1/elements - {"using":"xpath","value":"//*[text()='OK']"}
COMMAND: GET /session/d1da2243ed5db842980eb3a0b04f68c1/screenshot - {}
RESULT: {}
RESULT: {"using":"xpath","value":"//*[text()='OK']"}
COMMAND: POST /session/d1da2243ed5db842980eb3a0b04f68c1/element - {"using":"xpath","value":"//button[@data-kt=\"addButton\"]"}
RESULT: {}
RESULT: {"using":"xpath","value":"//button[@data-kt=\"addButton\"]"}
COMMAND: POST /session/d1da2243ed5db842980eb3a0b04f68c1/elements - {"using":"xpath","value":"//button[@data-kt=\"addButton\"]"}
RESULT: {"using":"xpath","value":"//button[@data-kt=\"addButton\"]"}
COMMAND: POST /session/d1da2243ed5db842980eb3a0b04f68c1/elements - {"using":"xpath","value":"//button[@data-kt=\"addButton\"]"}
RESULT: {"using":"xpath","value":"//button[@data-kt=\"addButton\"]"}
COMMAND: POST /session/d1da2243ed5db842980eb3a0b04f68c1/elements - {"using":"xpath","value":"//button[@data-kt=\"addButton\"]"}
RESULT: {"using":"xpath","value":"//button[@data-kt=\"addButton\"]"}
COMMAND: POST /session/d1da2243ed5db842980eb3a0b04f68c1/elements - {"using":"xpath","value":"//button[@data-kt=\"addButton\"]"}
RESULT: {"using":"xpath","value":"//button[@data-kt=\"addButton\"]"}
COMMAND: POST /session/d1da2243ed5db842980eb3a0b04f68c1/elements - {"using":"xpath","value":"//button[@data-kt=\"addButton\"]"}
RESULT: {"using":"xpath","value":"//button[@data-kt=\"addButton\"]"}
COMMAND: POST /session/d1da2243ed5db842980eb3a0b04f68c1/elements - {"using":"xpath","value":"//button[@data-kt=\"addButton\"]"}
RESULT: {"using":"xpath","value":"//button[@data-kt=\"addButton\"]"}
COMMAND: POST /session/d1da2243ed5db842980eb3a0b04f68c1/elements - {"using":"xpath","value":"//button[@data-kt=\"addButton\"]"}
RESULT: {"using":"xpath","value":"//button[@data-kt=\"addButton\"]"}
COMMAND: POST /session/d1da2243ed5db842980eb3a0b04f68c1/elements - {"using":"xpath","value":"//button[@data-kt=\"addButton\"]"}
RESULT: {"using":"xpath","value":"//button[@data-kt=\"addButton\"]"}
COMMAND: POST /session/d1da2243ed5db842980eb3a0b04f68c1/elements - {"using":"xpath","value":"//button[@data-kt=\"addButton\"]"}
RESULT: {"using":"xpath","value":"//button[@data-kt=\"addButton\"]"}
COMMAND: POST /session/d1da2243ed5db842980eb3a0b04f68c1/elements - {"using":"xpath","value":"//button[@data-kt=\"addButton\"]"}
RESULT: {"using":"xpath","value":"//button[@data-kt=\"addButton\"]"}
COMMAND: POST /session/d1da2243ed5db842980eb3a0b04f68c1/elements - {"using":"xpath","value":"//button[@data-kt=\"addButton\"]"}
RESULT: {"using":"xpath","value":"//button[@data-kt=\"addButton\"]"}
COMMAND: POST /session/d1da2243ed5db842980eb3a0b04f68c1/elements - {"using":"xpath","value":"//button[@data-kt=\"addButton\"]"}
RESULT: {"using":"xpath","value":"//button[@data-kt=\"addButton\"]"}
COMMAND: POST /session/d1da2243ed5db842980eb3a0b04f68c1/elements - {"using":"xpath","value":"//button[@data-kt=\"addButton\"]"}
RESULT: {"using":"xpath","value":"//button[@data-kt=\"addButton\"]"}
COMMAND: POST /session/d1da2243ed5db842980eb3a0b04f68c1/elements - {"using":"xpath","value":"//button[@data-kt=\"addButton\"]"}
RESULT: {"using":"xpath","value":"//button[@data-kt=\"addButton\"]"}
COMMAND: POST /session/d1da2243ed5db842980eb3a0b04f68c1/elements - {"using":"xpath","value":"//button[@data-kt=\"addButton\"]"}
RESULT: {"using":"xpath","value":"//button[@data-kt=\"addButton\"]"}
COMMAND: POST /session/d1da2243ed5db842980eb3a0b04f68c1/elements - {"using":"xpath","value":"//button[@data-kt=\"addButton\"]"}
RESULT: {"using":"xpath","value":"//button[@data-kt=\"addButton\"]"}
COMMAND: POST /session/d1da2243ed5db842980eb3a0b04f68c1/elements - {"using":"xpath","value":"//button[@data-kt=\"addButton\"]"}
RESULT: {"using":"xpath","value":"//button[@data-kt=\"addButton\"]"}
COMMAND: POST /session/d1da2243ed5db842980eb3a0b04f68c1/elements - {"using":"xpath","value":"//button[@data-kt=\"addButton\"]"}
RESULT: {"using":"xpath","value":"//button[@data-kt=\"addButton\"]"}
COMMAND: POST /session/d1da2243ed5db842980eb3a0b04f68c1/elements - {"using":"xpath","value":"//button[@data-kt=\"addButton\"]"}
RESULT: {"using":"xpath","value":"//button[@data-kt=\"addButton\"]"}
COMMAND: POST /session/d1da2243ed5db842980eb3a0b04f68c1/elements - {"using":"xpath","value":"//button[@data-kt=\"addButton\"]"}
RESULT: {"using":"xpath","value":"//button[@data-kt=\"addButton\"]"}
COMMAND: POST /session/d1da2243ed5db842980eb3a0b04f68c1/elements - {"using":"xpath","value":"//button[@data-kt=\"addButton\"]"}
RESULT: {"using":"xpath","value":"//button[@data-kt=\"addButton\"]"}
COMMAND: POST /session/d1da2243ed5db842980eb3a0b04f68c1/elements - {"using":"xpath","value":"//button[@data-kt=\"addButton\"]"}
RESULT: {"using":"xpath","value":"//button[@data-kt=\"addButton\"]"}
COMMAND: POST /session/d1da2243ed5db842980eb3a0b04f68c1/elements - {"using":"xpath","value":"//button[@data-kt=\"addButton\"]"}
RESULT: {"using":"xpath","value":"//button[@data-kt=\"addButton\"]"}
COMMAND: POST /session/d1da2243ed5db842980eb3a0b04f68c1/elements - {"using":"xpath","value":"//button[@data-kt=\"addButton\"]"}
RESULT: {"using":"xpath","value":"//button[@data-kt=\"addButton\"]"}
COMMAND: POST /session/d1da2243ed5db842980eb3a0b04f68c1/elements - {"using":"xpath","value":"//button[@data-kt=\"addButton\"]"}
RESULT: {"using":"xpath","value":"//button[@data-kt=\"addButton\"]"}
COMMAND: POST /session/d1da2243ed5db842980eb3a0b04f68c1/elements - {"using":"xpath","value":"//button[@data-kt=\"addButton\"]"}
RESULT: {"using":"xpath","value":"//button[@data-kt=\"addButton\"]"}
COMMAND: POST /session/d1da2243ed5db842980eb3a0b04f68c1/elements - {"using":"xpath","value":"//button[@data-kt=\"addButton\"]"}
RESULT: {"using":"xpath","value":"//button[@data-kt=\"addButton\"]"}
COMMAND: POST /session/d1da2243ed5db842980eb3a0b04f68c1/elements - {"using":"xpath","value":"//button[@data-kt=\"addButton\"]"}
RESULT: {"using":"xpath","value":"//button[@data-kt=\"addButton\"]"}
COMMAND: POST /session/d1da2243ed5db842980eb3a0b04f68c1/elements - {"using":"xpath","value":"//button[@data-kt=\"addButton\"]"}
RESULT: {"using":"xpath","value":"//button[@data-kt=\"addButton\"]"}
COMMAND: POST /session/d1da2243ed5db842980eb3a0b04f68c1/elements - {"using":"xpath","value":"//button[@data-kt=\"addButton\"]"}
RESULT: {"using":"xpath","value":"//button[@data-kt=\"addButton\"]"}
COMMAND: POST /session/d1da2243ed5db842980eb3a0b04f68c1/elements - {"using":"xpath","value":"//button[@data-kt=\"addButton\"]"}
RESULT: {"using":"xpath","value":"//button[@data-kt=\"addButton\"]"}
COMMAND: POST /session/d1da2243ed5db842980eb3a0b04f68c1/elements - {"using":"xpath","value":"//button[@data-kt=\"addButton\"]"}
RESULT: {"using":"xpath","value":"//button[@data-kt=\"addButton\"]"}
COMMAND: POST /session/d1da2243ed5db842980eb3a0b04f68c1/elements - {"using":"xpath","value":"//button[@data-kt=\"addButton\"]"}
RESULT: {"using":"xpath","value":"//button[@data-kt=\"addButton\"]"}
COMMAND: POST /session/d1da2243ed5db842980eb3a0b04f68c1/elements - {"using":"xpath","value":"//button[@data-kt=\"addButton\"]"}
RESULT: {"using":"xpath","value":"//button[@data-kt=\"addButton\"]"}
COMMAND: POST /session/d1da2243ed5db842980eb3a0b04f68c1/elements - {"using":"xpath","value":"//button[@data-kt=\"addButton\"]"}
RESULT: {"using":"xpath","value":"//button[@data-kt=\"addButton\"]"}
COMMAND: POST /session/d1da2243ed5db842980eb3a0b04f68c1/elements - {"using":"xpath","value":"//button[@data-kt=\"addButton\"]"}
RESULT: {"using":"xpath","value":"//button[@data-kt=\"addButton\"]"}
COMMAND: POST /session/d1da2243ed5db842980eb3a0b04f68c1/elements - {"using":"xpath","value":"//button[@data-kt=\"addButton\"]"}
RESULT: {"using":"xpath","value":"//button[@data-kt=\"addButton\"]"}
COMMAND: POST /session/d1da2243ed5db842980eb3a0b04f68c1/elements - {"using":"xpath","value":"//button[@data-kt=\"addButton\"]"}
RESULT: {"using":"xpath","value":"//button[@data-kt=\"addButton\"]"}
COMMAND: POST /session/d1da2243ed5db842980eb3a0b04f68c1/elements - {"using":"xpath","value":"//button[@data-kt=\"addButton\"]"}
RESULT: {"using":"xpath","value":"//button[@data-kt=\"addButton\"]"}
COMMAND: POST /session/d1da2243ed5db842980eb3a0b04f68c1/elements - {"using":"xpath","value":"//button[@data-kt=\"addButton\"]"}
RESULT: {"using":"xpath","value":"//button[@data-kt=\"addButton\"]"}
COMMAND: POST /session/d1da2243ed5db842980eb3a0b04f68c1/elements - {"using":"xpath","value":"//button[@data-kt=\"addButton\"]"}
RESULT: {"using":"xpath","value":"//button[@data-kt=\"addButton\"]"}
COMMAND: POST /session/d1da2243ed5db842980eb3a0b04f68c1/elements - {"using":"xpath","value":"//button[@data-kt=\"addButton\"]"}
RESULT: {"using":"xpath","value":"//button[@data-kt=\"addButton\"]"}
COMMAND: POST /session/d1da2243ed5db842980eb3a0b04f68c1/elements - {"using":"xpath","value":"//button[@data-kt=\"addButton\"]"}
RESULT: {"using":"xpath","value":"//button[@data-kt=\"addButton\"]"}
COMMAND: POST /session/d1da2243ed5db842980eb3a0b04f68c1/elements - {"using":"xpath","value":"//button[@data-kt=\"addButton\"]"}
RESULT: {"using":"xpath","value":"//button[@data-kt=\"addButton\"]"}
COMMAND: POST /session/d1da2243ed5db842980eb3a0b04f68c1/elements - {"using":"xpath","value":"//button[@data-kt=\"addButton\"]"}
RESULT: {"using":"xpath","value":"//button[@data-kt=\"addButton\"]"}
COMMAND: POST /session/d1da2243ed5db842980eb3a0b04f68c1/elements - {"using":"xpath","value":"//button[@data-kt=\"addButton\"]"}
RESULT: {"using":"xpath","value":"//button[@data-kt=\"addButton\"]"}
COMMAND: POST /session/d1da2243ed5db842980eb3a0b04f68c1/elements - {"using":"xpath","value":"//button[@data-kt=\"addButton\"]"}
RESULT: {"using":"xpath","value":"//button[@data-kt=\"addButton\"]"}
COMMAND: POST /session/d1da2243ed5db842980eb3a0b04f68c1/elements - {"using":"xpath","value":"//button[@data-kt=\"addButton\"]"}
RESULT: {"using":"xpath","value":"//button[@data-kt=\"addButton\"]"}
COMMAND: POST /session/d1da2243ed5db842980eb3a0b04f68c1/elements - {"using":"xpath","value":"//button[@data-kt=\"addButton\"]"}
RESULT: {"using":"xpath","value":"//button[@data-kt=\"addButton\"]"}
COMMAND: POST /session/d1da2243ed5db842980eb3a0b04f68c1/elements - {"using":"xpath","value":"//button[@data-kt=\"addButton\"]"}
RESULT: {"using":"xpath","value":"//button[@data-kt=\"addButton\"]"}
COMMAND: POST /session/d1da2243ed5db842980eb3a0b04f68c1/elements - {"using":"xpath","value":"//button[@data-kt=\"addButton\"]"}
RESULT: {"using":"xpath","value":"//button[@data-kt=\"addButton\"]"}
COMMAND: POST /session/d1da2243ed5db842980eb3a0b04f68c1/elements - {"using":"xpath","value":"//button[@data-kt=\"addButton\"]"}
RESULT: {"using":"xpath","value":"//button[@data-kt=\"addButton\"]"}
COMMAND: POST /session/d1da2243ed5db842980eb3a0b04f68c1/elements - {"using":"xpath","value":"//button[@data-kt=\"addButton\"]"}
RESULT: {"using":"xpath","value":"//button[@data-kt=\"addButton\"]"}
COMMAND: POST /session/d1da2243ed5db842980eb3a0b04f68c1/elements - {"using":"xpath","value":"//button[@data-kt=\"addButton\"]"}
RESULT: {"using":"xpath","value":"//button[@data-kt=\"addButton\"]"}
COMMAND: POST /session/d1da2243ed5db842980eb3a0b04f68c1/elements - {"using":"xpath","value":"//button[@data-kt=\"addButton\"]"}
RESULT: {"using":"xpath","value":"//button[@data-kt=\"addButton\"]"}
COMMAND: POST /session/d1da2243ed5db842980eb3a0b04f68c1/elements - {"using":"xpath","value":"//button[@data-kt=\"addButton\"]"}
RESULT: {"using":"xpath","value":"//button[@data-kt=\"addButton\"]"}
COMMAND: POST /session/d1da2243ed5db842980eb3a0b04f68c1/elements - {"using":"xpath","value":"//button[@data-kt=\"addButton\"]"}
RESULT: {"using":"xpath","value":"//button[@data-kt=\"addButton\"]"}
COMMAND: POST /session/d1da2243ed5db842980eb3a0b04f68c1/elements - {"using":"xpath","value":"//button[@data-kt=\"addButton\"]"}
RESULT: {"using":"xpath","value":"//button[@data-kt=\"addButton\"]"}
COMMAND: POST /session/d1da2243ed5db842980eb3a0b04f68c1/elements - {"using":"xpath","value":"//button[@data-kt=\"addButton\"]"}
RESULT: {"using":"xpath","value":"//button[@data-kt=\"addButton\"]"}
COMMAND: POST /session/d1da2243ed5db842980eb3a0b04f68c1/elements - {"using":"xpath","value":"//button[@data-kt=\"addButton\"]"}
RESULT: {"using":"xpath","value":"//button[@data-kt=\"addButton\"]"}
COMMAND: POST /session/d1da2243ed5db842980eb3a0b04f68c1/elements - {"using":"xpath","value":"//button[@data-kt=\"addButton\"]"}
RESULT: {"using":"xpath","value":"//button[@data-kt=\"addButton\"]"}
COMMAND: POST /session/d1da2243ed5db842980eb3a0b04f68c1/elements - {"using":"xpath","value":"//button[@data-kt=\"addButton\"]"}
RESULT: {"using":"xpath","value":"//button[@data-kt=\"addButton\"]"}
COMMAND: POST /session/d1da2243ed5db842980eb3a0b04f68c1/elements - {"using":"xpath","value":"//button[@data-kt=\"addButton\"]"}
RESULT: {"using":"xpath","value":"//button[@data-kt=\"addButton\"]"}
COMMAND: POST /session/d1da2243ed5db842980eb3a0b04f68c1/elements - {"using":"xpath","value":"//button[@data-kt=\"addButton\"]"}
RESULT: {"using":"xpath","value":"//button[@data-kt=\"addButton\"]"}
COMMAND: POST /session/d1da2243ed5db842980eb3a0b04f68c1/elements - {"using":"xpath","value":"//button[@data-kt=\"addButton\"]"}
RESULT: {"using":"xpath","value":"//button[@data-kt=\"addButton\"]"}
COMMAND: POST /session/d1da2243ed5db842980eb3a0b04f68c1/elements - {"using":"xpath","value":"//button[@data-kt=\"addButton\"]"}
RESULT: {"using":"xpath","value":"//button[@data-kt=\"addButton\"]"}
COMMAND: POST /session/d1da2243ed5db842980eb3a0b04f68c1/elements - {"using":"xpath","value":"//button[@data-kt=\"addButton\"]"}
RESULT: {"using":"xpath","value":"//button[@data-kt=\"addButton\"]"}
COMMAND: POST /session/d1da2243ed5db842980eb3a0b04f68c1/elements - {"using":"xpath","value":"//button[@data-kt=\"addButton\"]"}
RESULT: {"using":"xpath","value":"//button[@data-kt=\"addButton\"]"}
COMMAND: POST /session/d1da2243ed5db842980eb3a0b04f68c1/elements - {"using":"xpath","value":"//button[@data-kt=\"addButton\"]"}
RESULT: {"using":"xpath","value":"//button[@data-kt=\"addButton\"]"}
COMMAND: POST /session/d1da2243ed5db842980eb3a0b04f68c1/elements - {"using":"xpath","value":"//button[@data-kt=\"addButton\"]"}
RESULT: {"using":"xpath","value":"//button[@data-kt=\"addButton\"]"}
COMMAND: POST /session/d1da2243ed5db842980eb3a0b04f68c1/elements - {"using":"xpath","value":"//button[@data-kt=\"addButton\"]"}
RESULT: {"using":"xpath","value":"//button[@data-kt=\"addButton\"]"}
COMMAND: POST /session/d1da2243ed5db842980eb3a0b04f68c1/elements - {"using":"xpath","value":"//button[@data-kt=\"addButton\"]"}
RESULT: {"using":"xpath","value":"//button[@data-kt=\"addButton\"]"}
COMMAND: POST /session/d1da2243ed5db842980eb3a0b04f68c1/elements - {"using":"xpath","value":"//button[@data-kt=\"addButton\"]"}
RESULT: {"using":"xpath","value":"//button[@data-kt=\"addButton\"]"}
COMMAND: POST /session/d1da2243ed5db842980eb3a0b04f68c1/elements - {"using":"xpath","value":"//button[@data-kt=\"addButton\"]"}
RESULT: {"using":"xpath","value":"//button[@data-kt=\"addButton\"]"}
COMMAND: POST /session/d1da2243ed5db842980eb3a0b04f68c1/elements - {"using":"xpath","value":"//button[@data-kt=\"addButton\"]"}
RESULT: {"using":"xpath","value":"//button[@data-kt=\"addButton\"]"}
COMMAND: POST /session/d1da2243ed5db842980eb3a0b04f68c1/elements - {"using":"xpath","value":"//button[@data-kt=\"addButton\"]"}
RESULT: {"using":"xpath","value":"//button[@data-kt=\"addButton\"]"}
COMMAND: POST /session/d1da2243ed5db842980eb3a0b04f68c1/elements - {"using":"xpath","value":"//button[@data-kt=\"addButton\"]"}
RESULT: {"using":"xpath","value":"//button[@data-kt=\"addButton\"]"}
COMMAND: POST /session/d1da2243ed5db842980eb3a0b04f68c1/elements - {"using":"xpath","value":"//button[@data-kt=\"addButton\"]"}
RESULT: {"using":"xpath","value":"//button[@data-kt=\"addButton\"]"}
COMMAND: POST /session/d1da2243ed5db842980eb3a0b04f68c1/elements - {"using":"xpath","value":"//button[@data-kt=\"addButton\"]"}
RESULT: {"using":"xpath","value":"//button[@data-kt=\"addButton\"]"}
COMMAND: POST /session/d1da2243ed5db842980eb3a0b04f68c1/elements - {"using":"xpath","value":"//button[@data-kt=\"addButton\"]"}
RESULT: {"using":"xpath","value":"//button[@data-kt=\"addButton\"]"}
COMMAND: POST /session/d1da2243ed5db842980eb3a0b04f68c1/elements - {"using":"xpath","value":"//button[@data-kt=\"addButton\"]"}
RESULT: {"using":"xpath","value":"//button[@data-kt=\"addButton\"]"}
COMMAND: POST /session/d1da2243ed5db842980eb3a0b04f68c1/elements - {"using":"xpath","value":"//button[@data-kt=\"addButton\"]"}
RESULT: {"using":"xpath","value":"//button[@data-kt=\"addButton\"]"}
COMMAND: POST /session/d1da2243ed5db842980eb3a0b04f68c1/elements - {"using":"xpath","value":"//button[@data-kt=\"addButton\"]"}
RESULT: {"using":"xpath","value":"//button[@data-kt=\"addButton\"]"}
COMMAND: POST /session/d1da2243ed5db842980eb3a0b04f68c1/elements - {"using":"xpath","value":"//button[@data-kt=\"addButton\"]"}
RESULT: {"using":"xpath","value":"//button[@data-kt=\"addButton\"]"}
COMMAND: POST /session/d1da2243ed5db842980eb3a0b04f68c1/elements - {"using":"xpath","value":"//button[@data-kt=\"addButton\"]"}
RESULT: {"using":"xpath","value":"//button[@data-kt=\"addButton\"]"}
COMMAND: POST /session/d1da2243ed5db842980eb3a0b04f68c1/elements - {"using":"xpath","value":"//button[@data-kt=\"addButton\"]"}
RESULT: {"using":"xpath","value":"//button[@data-kt=\"addButton\"]"}
COMMAND: POST /session/d1da2243ed5db842980eb3a0b04f68c1/elements - {"using":"xpath","value":"//button[@data-kt=\"addButton\"]"}
RESULT: {"using":"xpath","value":"//button[@data-kt=\"addButton\"]"}
COMMAND: POST /session/d1da2243ed5db842980eb3a0b04f68c1/elements - {"using":"xpath","value":"//button[@data-kt=\"addButton\"]"}
RESULT: {"using":"xpath","value":"//button[@data-kt=\"addButton\"]"}
COMMAND: POST /session/d1da2243ed5db842980eb3a0b04f68c1/elements - {"using":"xpath","value":"//button[@data-kt=\"addButton\"]"}
RESULT: {"using":"xpath","value":"//button[@data-kt=\"addButton\"]"}
COMMAND: POST /session/d1da2243ed5db842980eb3a0b04f68c1/elements - {"using":"xpath","value":"//button[@data-kt=\"addButton\"]"}
RESULT: {"using":"xpath","value":"//button[@data-kt=\"addButton\"]"}
COMMAND: GET /session/d1da2243ed5db842980eb3a0b04f68c1/screenshot - {}
RESULT: {}
COMMAND: GET /session/d1da2243ed5db842980eb3a0b04f68c1/screenshot - {}
COMMAND: GET /session/d1da2243ed5db842980eb3a0b04f68c1/screenshot - {}
RESULT: {}
RESULT: {}
COMMAND: DELETE /session/d1da2243ed5db842980eb3a0b04f68c1 - {}
RESULT: {}
]]></system-out>
      <system-err><![CDATA[
Error: element ("//button[@data-kt="addButton"]") still not existing after 45000ms
    at async UtilsPrerequisites.partnerCreation (D:\a\1\s\test\specs\BTS\prerequisites-and-utils-functions.js:373:9)
    at async Context.<anonymous> (D:\a\1\s\test\specs\BTS\create-partner.spec.js:43:47)
]]></system-err>
    </testcase>
  </testsuite>
</testsuites>