<?xml version="1.0" encoding="UTF-8"?>
<testsuites tests="21" failures="3" errors="3" skipped="0">
  <testsuite timestamp="2025-04-26T17:02:06" time="327.943" tests="3" failures="2" errors="2" skipped="0">
    <properties>
      <property name="specId" value="0" />
      <property name="suiteName" value="Create condition pricing US117289 US134625" />
      <property name="capabilities" value="chrome.135_0_7049_96.windows" />
      <property name="file" value="file:///D:/a/1/s/test/specs/BTS/create-condition-pricing.spec.js" />
    </properties>
    <testcase classname="chrome.135_0_7049_96.windows.Create_condition_pricing_US117289_US134625" name="Should create a new yard used for all following tests" time="98.252">
      <system-out><![CDATA[
COMMAND: POST /session/bc71e28d1f2e1ed7c8b961c2149bcffe/window/fullscreen - {}
RESULT: {}
COMMAND: POST /session/bc71e28d1f2e1ed7c8b961c2149bcffe/execute/async - {"script":"<script> [1562 bytes]","args":[{"selector":{"controlType":"sap.m.GenericTile","properties":{"header":"Manage Yards"}},"wdio_ui5_key":"sapm.GenericTile{\"header\":\"Manage Yards\"}"}]}
RESULT: {"script":"<script> [1562 bytes]","args":[{"selector":{"controlType":"sap.m.GenericTile","properties":{"header":"Manage Yards"}},"wdio_ui5_key":"sapm.GenericTile{\"header\":\"Manage Yards\"}"}]}
RESULT: undefined
COMMAND: POST /session/bc71e28d1f2e1ed7c8b961c2149bcffe/element - {"using":"xpath","value":"//*[@id=\"__tile41\"]"}
RESULT: {"using":"xpath","value":"//*[@id=\"__tile41\"]"}
COMMAND: POST /session/bc71e28d1f2e1ed7c8b961c2149bcffe/element/f.65EA279DE37407F0D83DF198F8358C68.d.5FC4AA2D5BA3F0C12299FF5291CC6A18.e.171/click - {}
RESULT: {}
COMMAND: POST /session/bc71e28d1f2e1ed7c8b961c2149bcffe/element - {"using":"xpath","value":"//button[@data-kt=\"addNewYardOverflowToolbarButton\"]"}
COMMAND: GET /session/bc71e28d1f2e1ed7c8b961c2149bcffe/screenshot - {}
RESULT: {"using":"xpath","value":"//button[@data-kt=\"addNewYardOverflowToolbarButton\"]"}
COMMAND: POST /session/bc71e28d1f2e1ed7c8b961c2149bcffe/elements - {"using":"xpath","value":"//button[@data-kt=\"addNewYardOverflowToolbarButton\"]"}
RESULT: {}
RESULT: {"using":"xpath","value":"//button[@data-kt=\"addNewYardOverflowToolbarButton\"]"}
COMMAND: POST /session/bc71e28d1f2e1ed7c8b961c2149bcffe/elements - {"using":"xpath","value":"//button[@data-kt=\"addNewYardOverflowToolbarButton\"]"}
RESULT: {"using":"xpath","value":"//button[@data-kt=\"addNewYardOverflowToolbarButton\"]"}
COMMAND: POST /session/bc71e28d1f2e1ed7c8b961c2149bcffe/elements - {"using":"xpath","value":"//button[@data-kt=\"addNewYardOverflowToolbarButton\"]"}
RESULT: {"using":"xpath","value":"//button[@data-kt=\"addNewYardOverflowToolbarButton\"]"}
COMMAND: POST /session/bc71e28d1f2e1ed7c8b961c2149bcffe/elements - {"using":"xpath","value":"//button[@data-kt=\"addNewYardOverflowToolbarButton\"]"}
RESULT: {"using":"xpath","value":"//button[@data-kt=\"addNewYardOverflowToolbarButton\"]"}
COMMAND: POST /session/bc71e28d1f2e1ed7c8b961c2149bcffe/elements - {"using":"xpath","value":"//button[@data-kt=\"addNewYardOverflowToolbarButton\"]"}
RESULT: {"using":"xpath","value":"//button[@data-kt=\"addNewYardOverflowToolbarButton\"]"}
COMMAND: POST /session/bc71e28d1f2e1ed7c8b961c2149bcffe/elements - {"using":"xpath","value":"//button[@data-kt=\"addNewYardOverflowToolbarButton\"]"}
RESULT: {"using":"xpath","value":"//button[@data-kt=\"addNewYardOverflowToolbarButton\"]"}
COMMAND: POST /session/bc71e28d1f2e1ed7c8b961c2149bcffe/elements - {"using":"xpath","value":"//button[@data-kt=\"addNewYardOverflowToolbarButton\"]"}
RESULT: {"using":"xpath","value":"//button[@data-kt=\"addNewYardOverflowToolbarButton\"]"}
COMMAND: POST /session/bc71e28d1f2e1ed7c8b961c2149bcffe/elements - {"using":"xpath","value":"//button[@data-kt=\"addNewYardOverflowToolbarButton\"]"}
RESULT: {"using":"xpath","value":"//button[@data-kt=\"addNewYardOverflowToolbarButton\"]"}
COMMAND: POST /session/bc71e28d1f2e1ed7c8b961c2149bcffe/elements - {"using":"xpath","value":"//button[@data-kt=\"addNewYardOverflowToolbarButton\"]"}
RESULT: {"using":"xpath","value":"//button[@data-kt=\"addNewYardOverflowToolbarButton\"]"}
COMMAND: POST /session/bc71e28d1f2e1ed7c8b961c2149bcffe/elements - {"using":"xpath","value":"//button[@data-kt=\"addNewYardOverflowToolbarButton\"]"}
RESULT: {"using":"xpath","value":"//button[@data-kt=\"addNewYardOverflowToolbarButton\"]"}
COMMAND: POST /session/bc71e28d1f2e1ed7c8b961c2149bcffe/elements - {"using":"xpath","value":"//button[@data-kt=\"addNewYardOverflowToolbarButton\"]"}
RESULT: {"using":"xpath","value":"//button[@data-kt=\"addNewYardOverflowToolbarButton\"]"}
COMMAND: POST /session/bc71e28d1f2e1ed7c8b961c2149bcffe/elements - {"using":"xpath","value":"//button[@data-kt=\"addNewYardOverflowToolbarButton\"]"}
RESULT: {"using":"xpath","value":"//button[@data-kt=\"addNewYardOverflowToolbarButton\"]"}
COMMAND: POST /session/bc71e28d1f2e1ed7c8b961c2149bcffe/elements - {"using":"xpath","value":"//button[@data-kt=\"addNewYardOverflowToolbarButton\"]"}
RESULT: {"using":"xpath","value":"//button[@data-kt=\"addNewYardOverflowToolbarButton\"]"}
COMMAND: POST /session/bc71e28d1f2e1ed7c8b961c2149bcffe/elements - {"using":"xpath","value":"//button[@data-kt=\"addNewYardOverflowToolbarButton\"]"}
RESULT: {"using":"xpath","value":"//button[@data-kt=\"addNewYardOverflowToolbarButton\"]"}
COMMAND: POST /session/bc71e28d1f2e1ed7c8b961c2149bcffe/elements - {"using":"xpath","value":"//button[@data-kt=\"addNewYardOverflowToolbarButton\"]"}
RESULT: {"using":"xpath","value":"//button[@data-kt=\"addNewYardOverflowToolbarButton\"]"}
COMMAND: POST /session/bc71e28d1f2e1ed7c8b961c2149bcffe/elements - {"using":"xpath","value":"//button[@data-kt=\"addNewYardOverflowToolbarButton\"]"}
RESULT: {"using":"xpath","value":"//button[@data-kt=\"addNewYardOverflowToolbarButton\"]"}
COMMAND: POST /session/bc71e28d1f2e1ed7c8b961c2149bcffe/elements - {"using":"xpath","value":"//button[@data-kt=\"addNewYardOverflowToolbarButton\"]"}
RESULT: {"using":"xpath","value":"//button[@data-kt=\"addNewYardOverflowToolbarButton\"]"}
COMMAND: POST /session/bc71e28d1f2e1ed7c8b961c2149bcffe/elements - {"using":"xpath","value":"//button[@data-kt=\"addNewYardOverflowToolbarButton\"]"}
RESULT: {"using":"xpath","value":"//button[@data-kt=\"addNewYardOverflowToolbarButton\"]"}
COMMAND: POST /session/bc71e28d1f2e1ed7c8b961c2149bcffe/elements - {"using":"xpath","value":"//button[@data-kt=\"addNewYardOverflowToolbarButton\"]"}
RESULT: {"using":"xpath","value":"//button[@data-kt=\"addNewYardOverflowToolbarButton\"]"}
COMMAND: POST /session/bc71e28d1f2e1ed7c8b961c2149bcffe/elements - {"using":"xpath","value":"//button[@data-kt=\"addNewYardOverflowToolbarButton\"]"}
RESULT: {"using":"xpath","value":"//button[@data-kt=\"addNewYardOverflowToolbarButton\"]"}
COMMAND: POST /session/bc71e28d1f2e1ed7c8b961c2149bcffe/elements - {"using":"xpath","value":"//button[@data-kt=\"addNewYardOverflowToolbarButton\"]"}
RESULT: {"using":"xpath","value":"//button[@data-kt=\"addNewYardOverflowToolbarButton\"]"}
COMMAND: POST /session/bc71e28d1f2e1ed7c8b961c2149bcffe/elements - {"using":"xpath","value":"//button[@data-kt=\"addNewYardOverflowToolbarButton\"]"}
RESULT: {"using":"xpath","value":"//button[@data-kt=\"addNewYardOverflowToolbarButton\"]"}
COMMAND: POST /session/bc71e28d1f2e1ed7c8b961c2149bcffe/element - {"using":"xpath","value":"//button[@data-kt=\"addNewYardOverflowToolbarButton\"]"}
RESULT: {"using":"xpath","value":"//button[@data-kt=\"addNewYardOverflowToolbarButton\"]"}
COMMAND: POST /session/bc71e28d1f2e1ed7c8b961c2149bcffe/execute/sync - {"script":"<script> [8489 bytes]","args":[{"element-6066-11e4-a52e-4f735466cecf":"f.65EA279DE37407F0D83DF198F8358C68.d.5FC4AA2D5BA3F0C12299FF5291CC6A18.e.300","ELEMENT":"f.65EA279DE37407F0D83DF198F8358C68.d.5FC4AA2D5BA3F0C12299FF5291CC6A18.e.300"}]}
RESULT: {"script":"<script> [8489 bytes]","args":[{"element-6066-11e4-a52e-4f735466cecf":"f.65EA279DE37407F0D83DF198F8358C68.d.5FC4AA2D5BA3F0C12299FF5291CC6A18.e.300","ELEMENT":"f.65EA279DE37407F0D83DF198F8358C68.d.5FC4AA2D5BA3F0C12299FF5291CC6A18.e.300"}]}
COMMAND: GET /session/bc71e28d1f2e1ed7c8b961c2149bcffe/element/f.65EA279DE37407F0D83DF198F8358C68.d.5FC4AA2D5BA3F0C12299FF5291CC6A18.e.300/enabled - {}
COMMAND: GET /session/bc71e28d1f2e1ed7c8b961c2149bcffe/screenshot - {}
RESULT: {}
COMMAND: POST /session/bc71e28d1f2e1ed7c8b961c2149bcffe/execute/sync - {"script":"<script> [8489 bytes]","args":[{"element-6066-11e4-a52e-4f735466cecf":"f.65EA279DE37407F0D83DF198F8358C68.d.5FC4AA2D5BA3F0C12299FF5291CC6A18.e.300","ELEMENT":"f.65EA279DE37407F0D83DF198F8358C68.d.5FC4AA2D5BA3F0C12299FF5291CC6A18.e.300"}]}
COMMAND: GET /session/bc71e28d1f2e1ed7c8b961c2149bcffe/screenshot - {}
RESULT: {}
RESULT: {"script":"<script> [8489 bytes]","args":[{"element-6066-11e4-a52e-4f735466cecf":"f.65EA279DE37407F0D83DF198F8358C68.d.5FC4AA2D5BA3F0C12299FF5291CC6A18.e.300","ELEMENT":"f.65EA279DE37407F0D83DF198F8358C68.d.5FC4AA2D5BA3F0C12299FF5291CC6A18.e.300"}]}
COMMAND: POST /session/bc71e28d1f2e1ed7c8b961c2149bcffe/execute/sync - {"script":"<script> [5351 bytes]","args":[{"element-6066-11e4-a52e-4f735466cecf":"f.65EA279DE37407F0D83DF198F8358C68.d.5FC4AA2D5BA3F0C12299FF5291CC6A18.e.300","ELEMENT":"f.65EA279DE37407F0D83DF198F8358C68.d.5FC4AA2D5BA3F0C12299FF5291CC6A18.e.300"}]}
COMMAND: GET /session/bc71e28d1f2e1ed7c8b961c2149bcffe/screenshot - {}
RESULT: {}
RESULT: {"script":"<script> [5351 bytes]","args":[{"element-6066-11e4-a52e-4f735466cecf":"f.65EA279DE37407F0D83DF198F8358C68.d.5FC4AA2D5BA3F0C12299FF5291CC6A18.e.300","ELEMENT":"f.65EA279DE37407F0D83DF198F8358C68.d.5FC4AA2D5BA3F0C12299FF5291CC6A18.e.300"}]}
COMMAND: POST /session/bc71e28d1f2e1ed7c8b961c2149bcffe/element/f.65EA279DE37407F0D83DF198F8358C68.d.5FC4AA2D5BA3F0C12299FF5291CC6A18.e.300/click - {}
COMMAND: GET /session/bc71e28d1f2e1ed7c8b961c2149bcffe/screenshot - {}
RESULT: {}
RESULT: {}
COMMAND: GET /session/bc71e28d1f2e1ed7c8b961c2149bcffe/screenshot - {}
COMMAND: POST /session/bc71e28d1f2e1ed7c8b961c2149bcffe/element - {"using":"xpath","value":"//input[@id=\"application-manageyards-display-component---NewYard--yardId-inner\"]"}
RESULT: {}
RESULT: {}
RESULT: {"using":"xpath","value":"//input[@id=\"application-manageyards-display-component---NewYard--yardId-inner\"]"}
COMMAND: POST /session/bc71e28d1f2e1ed7c8b961c2149bcffe/element - {"using":"xpath","value":"//input[@id=\"application-manageyards-display-component---NewYard--yardId-inner\"]"}
RESULT: {"using":"xpath","value":"//input[@id=\"application-manageyards-display-component---NewYard--yardId-inner\"]"}
COMMAND: POST /session/bc71e28d1f2e1ed7c8b961c2149bcffe/execute/async - {"script":"<script> [1562 bytes]","args":[{"selector":{"id":"application-manageyards-display-component---NewYard--addressDetailDetailsName1","interaction":{"idSuffix":"inner"}},"wdio_ui5_key":"applicationmanageyards-display-component---NewYard--addressDetailDetailsName1"}]}
RESULT: {"script":"<script> [1562 bytes]","args":[{"selector":{"id":"application-manageyards-display-component---NewYard--addressDetailDetailsName1","interaction":{"idSuffix":"inner"}},"wdio_ui5_key":"applicationmanageyards-display-component---NewYard--addressDetailDetailsName1"}]}
RESULT: undefined
COMMAND: POST /session/bc71e28d1f2e1ed7c8b961c2149bcffe/execute/async - {"script":"<script> [776 bytes]","args":[{"enterText":"DailyPrice WDIO","selector":{"id":"application-manageyards-display-component---NewYard--addressDetailDetailsName1","interaction":{"idSuffix":"inner"}},"clearTextFirst":true,"interactionType":"ENTER_TEXT"}]}
RESULT: {"script":"<script> [776 bytes]","args":[{"enterText":"DailyPrice WDIO","selector":{"id":"application-manageyards-display-component---NewYard--addressDetailDetailsName1","interaction":{"idSuffix":"inner"}},"clearTextFirst":true,"interactionType":"ENTER_TEXT"}]}
COMMAND: POST /session/bc71e28d1f2e1ed7c8b961c2149bcffe/execute/async - {"script":"<script> [1562 bytes]","args":[{"selector":{"id":"application-manageyards-display-component---NewYard--addressDetailDetailsLanguage-arrow"},"wdio_ui5_key":"applicationmanageyards-display-component---NewYard--addressDetailDetailsLanguage-arrow"}]}
RESULT: {"script":"<script> [1562 bytes]","args":[{"selector":{"id":"application-manageyards-display-component---NewYard--addressDetailDetailsLanguage-arrow"},"wdio_ui5_key":"applicationmanageyards-display-component---NewYard--addressDetailDetailsLanguage-arrow"}]}
RESULT: undefined
COMMAND: POST /session/bc71e28d1f2e1ed7c8b961c2149bcffe/element - {"using":"xpath","value":"//*[@id=\"application-manageyards-display-component---NewYard--addressDetailDetailsLanguage-arrow\"]"}
RESULT: {"using":"xpath","value":"//*[@id=\"application-manageyards-display-component---NewYard--addressDetailDetailsLanguage-arrow\"]"}
COMMAND: POST /session/bc71e28d1f2e1ed7c8b961c2149bcffe/element/f.65EA279DE37407F0D83DF198F8358C68.d.5FC4AA2D5BA3F0C12299FF5291CC6A18.e.732/click - {}
RESULT: {}
COMMAND: POST /session/bc71e28d1f2e1ed7c8b961c2149bcffe/element - {"using":"xpath","value":"//span[contains(text(), \"English\")]"}
COMMAND: GET /session/bc71e28d1f2e1ed7c8b961c2149bcffe/screenshot - {}
RESULT: {"using":"xpath","value":"//span[contains(text(), \"English\")]"}
COMMAND: POST /session/bc71e28d1f2e1ed7c8b961c2149bcffe/element/f.65EA279DE37407F0D83DF198F8358C68.d.5FC4AA2D5BA3F0C12299FF5291CC6A18.e.733/click - {}
RESULT: {}
RESULT: {}
COMMAND: POST /session/bc71e28d1f2e1ed7c8b961c2149bcffe/execute/async - {"script":"<script> [1562 bytes]","args":[{"selector":{"id":"application-manageyards-display-component---NewYard--addressDetailDetailsCity1","interaction":{"idSuffix":"inner"}},"wdio_ui5_key":"applicationmanageyards-display-component---NewYard--addressDetailDetailsCity1"}]}
COMMAND: GET /session/bc71e28d1f2e1ed7c8b961c2149bcffe/screenshot - {}
RESULT: {"script":"<script> [1562 bytes]","args":[{"selector":{"id":"application-manageyards-display-component---NewYard--addressDetailDetailsCity1","interaction":{"idSuffix":"inner"}},"wdio_ui5_key":"applicationmanageyards-display-component---NewYard--addressDetailDetailsCity1"}]}
RESULT: undefined
COMMAND: POST /session/bc71e28d1f2e1ed7c8b961c2149bcffe/execute/async - {"script":"<script> [776 bytes]","args":[{"enterText":"Rosario","selector":{"id":"application-manageyards-display-component---NewYard--addressDetailDetailsCity1","interaction":{"idSuffix":"inner"}},"clearTextFirst":true,"interactionType":"ENTER_TEXT"}]}
RESULT: {}
RESULT: {"script":"<script> [776 bytes]","args":[{"enterText":"Rosario","selector":{"id":"application-manageyards-display-component---NewYard--addressDetailDetailsCity1","interaction":{"idSuffix":"inner"}},"clearTextFirst":true,"interactionType":"ENTER_TEXT"}]}
COMMAND: POST /session/bc71e28d1f2e1ed7c8b961c2149bcffe/execute/async - {"script":"<script> [1562 bytes]","args":[{"selector":{"id":"application-manageyards-display-component---NewYard--addressDetailDetailsCountry-arrow"},"wdio_ui5_key":"applicationmanageyards-display-component---NewYard--addressDetailDetailsCountry-arrow"}]}
RESULT: {"script":"<script> [1562 bytes]","args":[{"selector":{"id":"application-manageyards-display-component---NewYard--addressDetailDetailsCountry-arrow"},"wdio_ui5_key":"applicationmanageyards-display-component---NewYard--addressDetailDetailsCountry-arrow"}]}
RESULT: undefined
COMMAND: POST /session/bc71e28d1f2e1ed7c8b961c2149bcffe/element - {"using":"xpath","value":"//*[@id=\"application-manageyards-display-component---NewYard--addressDetailDetailsCountry-arrow\"]"}
RESULT: {"using":"xpath","value":"//*[@id=\"application-manageyards-display-component---NewYard--addressDetailDetailsCountry-arrow\"]"}
COMMAND: POST /session/bc71e28d1f2e1ed7c8b961c2149bcffe/element/f.65EA279DE37407F0D83DF198F8358C68.d.5FC4AA2D5BA3F0C12299FF5291CC6A18.e.735/click - {}
RESULT: {}
COMMAND: POST /session/bc71e28d1f2e1ed7c8b961c2149bcffe/element - {"using":"xpath","value":"//span[contains(text(), \"Argentina\")]"}
COMMAND: GET /session/bc71e28d1f2e1ed7c8b961c2149bcffe/screenshot - {}
RESULT: {"using":"xpath","value":"//span[contains(text(), \"Argentina\")]"}
COMMAND: POST /session/bc71e28d1f2e1ed7c8b961c2149bcffe/element/f.65EA279DE37407F0D83DF198F8358C68.d.5FC4AA2D5BA3F0C12299FF5291CC6A18.e.736/click - {}
RESULT: {}
RESULT: {}
COMMAND: POST /session/bc71e28d1f2e1ed7c8b961c2149bcffe/execute/async - {"script":"<script> [1562 bytes]","args":[{"selector":{"id":"application-manageyards-display-component---NewYard--addressEditDetailsCostObjectCstType-arrow"},"wdio_ui5_key":"applicationmanageyards-display-component---NewYard--addressEditDetailsCostObjectCstType-arrow"}]}
COMMAND: GET /session/bc71e28d1f2e1ed7c8b961c2149bcffe/screenshot - {}
RESULT: {}
RESULT: {"script":"<script> [1562 bytes]","args":[{"selector":{"id":"application-manageyards-display-component---NewYard--addressEditDetailsCostObjectCstType-arrow"},"wdio_ui5_key":"applicationmanageyards-display-component---NewYard--addressEditDetailsCostObjectCstType-arrow"}]}
RESULT: undefined
COMMAND: POST /session/bc71e28d1f2e1ed7c8b961c2149bcffe/element - {"using":"xpath","value":"//*[@id=\"application-manageyards-display-component---NewYard--addressEditDetailsCostObjectCstType-arrow\"]"}
RESULT: {"using":"xpath","value":"//*[@id=\"application-manageyards-display-component---NewYard--addressEditDetailsCostObjectCstType-arrow\"]"}
COMMAND: POST /session/bc71e28d1f2e1ed7c8b961c2149bcffe/element/f.65EA279DE37407F0D83DF198F8358C68.d.5FC4AA2D5BA3F0C12299FF5291CC6A18.e.738/click - {}
RESULT: {}
COMMAND: POST /session/bc71e28d1f2e1ed7c8b961c2149bcffe/element - {"using":"xpath","value":"//span[contains(text(), \"Cost Center\")]"}
COMMAND: GET /session/bc71e28d1f2e1ed7c8b961c2149bcffe/screenshot - {}
RESULT: {"using":"xpath","value":"//span[contains(text(), \"Cost Center\")]"}
COMMAND: POST /session/bc71e28d1f2e1ed7c8b961c2149bcffe/element/f.65EA279DE37407F0D83DF198F8358C68.d.5FC4AA2D5BA3F0C12299FF5291CC6A18.e.739/click - {}
RESULT: {}
RESULT: {}
COMMAND: GET /session/bc71e28d1f2e1ed7c8b961c2149bcffe/screenshot - {}
RESULT: {}
COMMAND: POST /session/bc71e28d1f2e1ed7c8b961c2149bcffe/element - {"using":"xpath","value":"//span[@id=\"application-manageyards-display-component---NewYard--addressNewCostObjectCstID-vhi\"]"}
RESULT: {"using":"xpath","value":"//span[@id=\"application-manageyards-display-component---NewYard--addressNewCostObjectCstID-vhi\"]"}
COMMAND: POST /session/bc71e28d1f2e1ed7c8b961c2149bcffe/execute/sync - {"script":"<script> [8489 bytes]","args":[{"element-6066-11e4-a52e-4f735466cecf":"f.65EA279DE37407F0D83DF198F8358C68.d.5FC4AA2D5BA3F0C12299FF5291CC6A18.e.743","ELEMENT":"f.65EA279DE37407F0D83DF198F8358C68.d.5FC4AA2D5BA3F0C12299FF5291CC6A18.e.743"}]}
RESULT: {"script":"<script> [8489 bytes]","args":[{"element-6066-11e4-a52e-4f735466cecf":"f.65EA279DE37407F0D83DF198F8358C68.d.5FC4AA2D5BA3F0C12299FF5291CC6A18.e.743","ELEMENT":"f.65EA279DE37407F0D83DF198F8358C68.d.5FC4AA2D5BA3F0C12299FF5291CC6A18.e.743"}]}
COMMAND: POST /session/bc71e28d1f2e1ed7c8b961c2149bcffe/execute/async - {"script":"<script> [1562 bytes]","args":[{"selector":{"id":"application-manageyards-display-component---NewYard--addressNewCostObjectCstID-vhi"},"wdio_ui5_key":"applicationmanageyards-display-component---NewYard--addressNewCostObjectCstID-vhi"}]}
COMMAND: GET /session/bc71e28d1f2e1ed7c8b961c2149bcffe/screenshot - {}
RESULT: {"script":"<script> [1562 bytes]","args":[{"selector":{"id":"application-manageyards-display-component---NewYard--addressNewCostObjectCstID-vhi"},"wdio_ui5_key":"applicationmanageyards-display-component---NewYard--addressNewCostObjectCstID-vhi"}]}
RESULT: undefined
COMMAND: POST /session/bc71e28d1f2e1ed7c8b961c2149bcffe/element - {"using":"xpath","value":"//*[@id=\"application-manageyards-display-component---NewYard--addressNewCostObjectCstID-vhi\"]"}
RESULT: {}
RESULT: {"using":"xpath","value":"//*[@id=\"application-manageyards-display-component---NewYard--addressNewCostObjectCstID-vhi\"]"}
COMMAND: POST /session/bc71e28d1f2e1ed7c8b961c2149bcffe/element/f.65EA279DE37407F0D83DF198F8358C68.d.5FC4AA2D5BA3F0C12299FF5291CC6A18.e.743/click - {}
RESULT: {}
COMMAND: GET /session/bc71e28d1f2e1ed7c8b961c2149bcffe/screenshot - {}
RESULT: {}
COMMAND: POST /session/bc71e28d1f2e1ed7c8b961c2149bcffe/execute/async - {"script":"<script> [1562 bytes]","args":[{"selector":{"controlType":"sap.m.SearchField","properties":{"placeholder":"Search"},"searchOpenDialogs":true,"interaction":{"idSuffix":"I"}},"wdio_ui5_key":"sapm.SearchField{\"placeholder\":\"Search\"}"}]}
RESULT: {"script":"<script> [1562 bytes]","args":[{"selector":{"controlType":"sap.m.SearchField","properties":{"placeholder":"Search"},"searchOpenDialogs":true,"interaction":{"idSuffix":"I"}},"wdio_ui5_key":"sapm.SearchField{\"placeholder\":\"Search\"}"}]}
RESULT: undefined
COMMAND: POST /session/bc71e28d1f2e1ed7c8b961c2149bcffe/execute/async - {"script":"<script> [776 bytes]","args":[{"enterText":"10001013","selector":{"controlType":"sap.m.SearchField","properties":{"placeholder":"Search"},"searchOpenDialogs":true,"interaction":{"idSuffix":"I"}},"clearTextFirst":true,"interactionType":"ENTER_TEXT"}]}
RESULT: {"script":"<script> [776 bytes]","args":[{"enterText":"10001013","selector":{"controlType":"sap.m.SearchField","properties":{"placeholder":"Search"},"searchOpenDialogs":true,"interaction":{"idSuffix":"I"}},"clearTextFirst":true,"interactionType":"ENTER_TEXT"}]}
COMMAND: POST /session/bc71e28d1f2e1ed7c8b961c2149bcffe/actions - {"actions":[{"id":"action1","type":"key","parameters":{},"actions":[{"type":"keyDown","value":"î€‡"},{"type":"pause","duration":10},{"type":"keyUp","value":"î€‡"}]}]}
RESULT: {"actions":[{"id":"action1","type":"key","parameters":{},"actions":[{"type":"keyDown","value":"î€‡"},{"type":"pause","duration":10},{"type":"keyUp","value":"î€‡"}]}]}
COMMAND: GET /session/bc71e28d1f2e1ed7c8b961c2149bcffe/screenshot - {}
RESULT: {}
COMMAND: POST /session/bc71e28d1f2e1ed7c8b961c2149bcffe/element - {"using":"xpath","value":"//span[contains(text(), \"General Management\")]"}
RESULT: {"using":"xpath","value":"//span[contains(text(), \"General Management\")]"}
COMMAND: POST /session/bc71e28d1f2e1ed7c8b961c2149bcffe/element/f.65EA279DE37407F0D83DF198F8358C68.d.5FC4AA2D5BA3F0C12299FF5291CC6A18.e.784/click - {}
RESULT: {}
COMMAND: GET /session/bc71e28d1f2e1ed7c8b961c2149bcffe/screenshot - {}
RESULT: {}
COMMAND: POST /session/bc71e28d1f2e1ed7c8b961c2149bcffe/element - {"using":"xpath","value":"//bdi[contains(text(), \"OK\")]"}
RESULT: {"using":"xpath","value":"//bdi[contains(text(), \"OK\")]"}
COMMAND: POST /session/bc71e28d1f2e1ed7c8b961c2149bcffe/element/f.65EA279DE37407F0D83DF198F8358C68.d.5FC4AA2D5BA3F0C12299FF5291CC6A18.e.785/click - {}
RESULT: {}
COMMAND: GET /session/bc71e28d1f2e1ed7c8b961c2149bcffe/screenshot - {}
RESULT: {}
COMMAND: POST /session/bc71e28d1f2e1ed7c8b961c2149bcffe/execute/async - {"script":"<script> [1562 bytes]","args":[{"selector":{"id":"application-manageyards-display-component---NewYard--addressEditDetailsCurrency-arrow"},"wdio_ui5_key":"applicationmanageyards-display-component---NewYard--addressEditDetailsCurrency-arrow"}]}
RESULT: {"script":"<script> [1562 bytes]","args":[{"selector":{"id":"application-manageyards-display-component---NewYard--addressEditDetailsCurrency-arrow"},"wdio_ui5_key":"applicationmanageyards-display-component---NewYard--addressEditDetailsCurrency-arrow"}]}
RESULT: undefined
COMMAND: POST /session/bc71e28d1f2e1ed7c8b961c2149bcffe/element - {"using":"xpath","value":"//*[@id=\"application-manageyards-display-component---NewYard--addressEditDetailsCurrency-arrow\"]"}
RESULT: {"using":"xpath","value":"//*[@id=\"application-manageyards-display-component---NewYard--addressEditDetailsCurrency-arrow\"]"}
COMMAND: POST /session/bc71e28d1f2e1ed7c8b961c2149bcffe/element/f.65EA279DE37407F0D83DF198F8358C68.d.5FC4AA2D5BA3F0C12299FF5291CC6A18.e.788/click - {}
RESULT: {}
COMMAND: POST /session/bc71e28d1f2e1ed7c8b961c2149bcffe/element - {"using":"xpath","value":"//span[contains(text(), \"Euro\")]"}
COMMAND: GET /session/bc71e28d1f2e1ed7c8b961c2149bcffe/screenshot - {}
RESULT: {"using":"xpath","value":"//span[contains(text(), \"Euro\")]"}
COMMAND: POST /session/bc71e28d1f2e1ed7c8b961c2149bcffe/element/f.65EA279DE37407F0D83DF198F8358C68.d.5FC4AA2D5BA3F0C12299FF5291CC6A18.e.789/click - {}
RESULT: {}
RESULT: {}
COMMAND: POST /session/bc71e28d1f2e1ed7c8b961c2149bcffe/execute/async - {"script":"<script> [1562 bytes]","args":[{"selector":{"controlType":"sap.m.Input","viewName":"etm.portal.ui.manageyards.view.New","viewId":"application-manageyards-display-component---NewYard","bindingPath":{"path":"","propertyPath":"/CONTROLLING_AREA","modelName":"NewYardModel"},"interaction":{"idSuffix":"inner"}},"wdio_ui5_key":"etmportal.ui.manageyards.view.Newsap.m.Input{\"path\":\"\",\"propertyPath\":\"/CONTROLLING_AREA\",\"modelName\":\"NewYardModel\"}"}]}
COMMAND: GET /session/bc71e28d1f2e1ed7c8b961c2149bcffe/screenshot - {}
RESULT: {"script":"<script> [1562 bytes]","args":[{"selector":{"controlType":"sap.m.Input","viewName":"etm.portal.ui.manageyards.view.New","viewId":"application-manageyards-display-component---NewYard","bindingPath":{"path":"","propertyPath":"/CONTROLLING_AREA","modelName":"NewYardModel"},"interaction":{"idSuffix":"inner"}},"wdio_ui5_key":"etmportal.ui.manageyards.view.Newsap.m.Input{\"path\":\"\",\"propertyPath\":\"/CONTROLLING_AREA\",\"modelName\":\"NewYardModel\"}"}]}
RESULT: undefined
COMMAND: POST /session/bc71e28d1f2e1ed7c8b961c2149bcffe/execute/async - {"script":"<script> [776 bytes]","args":[{"enterText":"Z001","selector":{"controlType":"sap.m.Input","viewName":"etm.portal.ui.manageyards.view.New","viewId":"application-manageyards-display-component---NewYard","bindingPath":{"path":"","propertyPath":"/CONTROLLING_AREA","modelName":"NewYardModel"},"interaction":{"idSuffix":"inner"}},"clearTextFirst":true,"interactionType":"ENTER_TEXT"}]}
RESULT: {}
RESULT: {"script":"<script> [776 bytes]","args":[{"enterText":"Z001","selector":{"controlType":"sap.m.Input","viewName":"etm.portal.ui.manageyards.view.New","viewId":"application-manageyards-display-component---NewYard","bindingPath":{"path":"","propertyPath":"/CONTROLLING_AREA","modelName":"NewYardModel"},"interaction":{"idSuffix":"inner"}},"clearTextFirst":true,"interactionType":"ENTER_TEXT"}]}
COMMAND: POST /session/bc71e28d1f2e1ed7c8b961c2149bcffe/execute/async - {"script":"<script> [1562 bytes]","args":[{"selector":{"id":"application-manageyards-display-component---NewYard--companyCodeComboBox","interaction":{"idSuffix":"inner"}},"wdio_ui5_key":"applicationmanageyards-display-component---NewYard--companyCodeComboBox"}]}
RESULT: {"script":"<script> [1562 bytes]","args":[{"selector":{"id":"application-manageyards-display-component---NewYard--companyCodeComboBox","interaction":{"idSuffix":"inner"}},"wdio_ui5_key":"applicationmanageyards-display-component---NewYard--companyCodeComboBox"}]}
RESULT: undefined
COMMAND: POST /session/bc71e28d1f2e1ed7c8b961c2149bcffe/execute/async - {"script":"<script> [776 bytes]","args":[{"enterText":"1000","selector":{"id":"application-manageyards-display-component---NewYard--companyCodeComboBox","interaction":{"idSuffix":"inner"}},"clearTextFirst":true,"interactionType":"ENTER_TEXT"}]}
RESULT: {"script":"<script> [776 bytes]","args":[{"enterText":"1000","selector":{"id":"application-manageyards-display-component---NewYard--companyCodeComboBox","interaction":{"idSuffix":"inner"}},"clearTextFirst":true,"interactionType":"ENTER_TEXT"}]}
COMMAND: POST /session/bc71e28d1f2e1ed7c8b961c2149bcffe/execute/async - {"script":"<script> [1562 bytes]","args":[{"selector":{"controlType":"sap.m.Input","viewName":"etm.portal.ui.manageyards.view.New","viewId":"application-manageyards-display-component---NewYard","bindingPath":{"path":"","propertyPath":"/PLANT","modelName":"NewYardModel"},"interaction":{"idSuffix":"inner"}},"wdio_ui5_key":"etmportal.ui.manageyards.view.Newsap.m.Input{\"path\":\"\",\"propertyPath\":\"/PLANT\",\"modelName\":\"NewYardModel\"}"}]}
RESULT: {"script":"<script> [1562 bytes]","args":[{"selector":{"controlType":"sap.m.Input","viewName":"etm.portal.ui.manageyards.view.New","viewId":"application-manageyards-display-component---NewYard","bindingPath":{"path":"","propertyPath":"/PLANT","modelName":"NewYardModel"},"interaction":{"idSuffix":"inner"}},"wdio_ui5_key":"etmportal.ui.manageyards.view.Newsap.m.Input{\"path\":\"\",\"propertyPath\":\"/PLANT\",\"modelName\":\"NewYardModel\"}"}]}
RESULT: undefined
COMMAND: POST /session/bc71e28d1f2e1ed7c8b961c2149bcffe/execute/async - {"script":"<script> [776 bytes]","args":[{"enterText":"1001","selector":{"controlType":"sap.m.Input","viewName":"etm.portal.ui.manageyards.view.New","viewId":"application-manageyards-display-component---NewYard","bindingPath":{"path":"","propertyPath":"/PLANT","modelName":"NewYardModel"},"interaction":{"idSuffix":"inner"}},"clearTextFirst":true,"interactionType":"ENTER_TEXT"}]}
RESULT: {"script":"<script> [776 bytes]","args":[{"enterText":"1001","selector":{"controlType":"sap.m.Input","viewName":"etm.portal.ui.manageyards.view.New","viewId":"application-manageyards-display-component---NewYard","bindingPath":{"path":"","propertyPath":"/PLANT","modelName":"NewYardModel"},"interaction":{"idSuffix":"inner"}},"clearTextFirst":true,"interactionType":"ENTER_TEXT"}]}
COMMAND: POST /session/bc71e28d1f2e1ed7c8b961c2149bcffe/execute/async - {"script":"<script> [1562 bytes]","args":[{"selector":{"controlType":"sap.m.Input","viewName":"etm.portal.ui.manageyards.view.New","viewId":"application-manageyards-display-component---NewYard","bindingPath":{"path":"","propertyPath":"/SALES_AREA_VKORG","modelName":"NewYardModel"},"interaction":{"idSuffix":"inner"}},"wdio_ui5_key":"etmportal.ui.manageyards.view.Newsap.m.Input{\"path\":\"\",\"propertyPath\":\"/SALES_AREA_VKORG\",\"modelName\":\"NewYardModel\"}"}]}
RESULT: {"script":"<script> [1562 bytes]","args":[{"selector":{"controlType":"sap.m.Input","viewName":"etm.portal.ui.manageyards.view.New","viewId":"application-manageyards-display-component---NewYard","bindingPath":{"path":"","propertyPath":"/SALES_AREA_VKORG","modelName":"NewYardModel"},"interaction":{"idSuffix":"inner"}},"wdio_ui5_key":"etmportal.ui.manageyards.view.Newsap.m.Input{\"path\":\"\",\"propertyPath\":\"/SALES_AREA_VKORG\",\"modelName\":\"NewYardModel\"}"}]}
RESULT: undefined
COMMAND: POST /session/bc71e28d1f2e1ed7c8b961c2149bcffe/execute/async - {"script":"<script> [776 bytes]","args":[{"enterText":"C002","selector":{"controlType":"sap.m.Input","viewName":"etm.portal.ui.manageyards.view.New","viewId":"application-manageyards-display-component---NewYard","bindingPath":{"path":"","propertyPath":"/SALES_AREA_VKORG","modelName":"NewYardModel"},"interaction":{"idSuffix":"inner"}},"clearTextFirst":true,"interactionType":"ENTER_TEXT"}]}
RESULT: {"script":"<script> [776 bytes]","args":[{"enterText":"C002","selector":{"controlType":"sap.m.Input","viewName":"etm.portal.ui.manageyards.view.New","viewId":"application-manageyards-display-component---NewYard","bindingPath":{"path":"","propertyPath":"/SALES_AREA_VKORG","modelName":"NewYardModel"},"interaction":{"idSuffix":"inner"}},"clearTextFirst":true,"interactionType":"ENTER_TEXT"}]}
COMMAND: POST /session/bc71e28d1f2e1ed7c8b961c2149bcffe/execute/async - {"script":"<script> [1562 bytes]","args":[{"selector":{"controlType":"sap.m.Input","viewName":"etm.portal.ui.manageyards.view.New","viewId":"application-manageyards-display-component---NewYard","bindingPath":{"path":"","propertyPath":"/SALES_AREA_VTWEG","modelName":"NewYardModel"},"interaction":{"idSuffix":"inner"}},"wdio_ui5_key":"etmportal.ui.manageyards.view.Newsap.m.Input{\"path\":\"\",\"propertyPath\":\"/SALES_AREA_VTWEG\",\"modelName\":\"NewYardModel\"}"}]}
RESULT: {"script":"<script> [1562 bytes]","args":[{"selector":{"controlType":"sap.m.Input","viewName":"etm.portal.ui.manageyards.view.New","viewId":"application-manageyards-display-component---NewYard","bindingPath":{"path":"","propertyPath":"/SALES_AREA_VTWEG","modelName":"NewYardModel"},"interaction":{"idSuffix":"inner"}},"wdio_ui5_key":"etmportal.ui.manageyards.view.Newsap.m.Input{\"path\":\"\",\"propertyPath\":\"/SALES_AREA_VTWEG\",\"modelName\":\"NewYardModel\"}"}]}
RESULT: undefined
COMMAND: POST /session/bc71e28d1f2e1ed7c8b961c2149bcffe/execute/async - {"script":"<script> [776 bytes]","args":[{"enterText":"C2","selector":{"controlType":"sap.m.Input","viewName":"etm.portal.ui.manageyards.view.New","viewId":"application-manageyards-display-component---NewYard","bindingPath":{"path":"","propertyPath":"/SALES_AREA_VTWEG","modelName":"NewYardModel"},"interaction":{"idSuffix":"inner"}},"clearTextFirst":true,"interactionType":"ENTER_TEXT"}]}
RESULT: {"script":"<script> [776 bytes]","args":[{"enterText":"C2","selector":{"controlType":"sap.m.Input","viewName":"etm.portal.ui.manageyards.view.New","viewId":"application-manageyards-display-component---NewYard","bindingPath":{"path":"","propertyPath":"/SALES_AREA_VTWEG","modelName":"NewYardModel"},"interaction":{"idSuffix":"inner"}},"clearTextFirst":true,"interactionType":"ENTER_TEXT"}]}
COMMAND: POST /session/bc71e28d1f2e1ed7c8b961c2149bcffe/execute/async - {"script":"<script> [1562 bytes]","args":[{"selector":{"controlType":"sap.m.Input","viewName":"etm.portal.ui.manageyards.view.New","viewId":"application-manageyards-display-component---NewYard","bindingPath":{"path":"","propertyPath":"/SALES_AREA_SPART","modelName":"NewYardModel"},"interaction":{"idSuffix":"inner"}},"wdio_ui5_key":"etmportal.ui.manageyards.view.Newsap.m.Input{\"path\":\"\",\"propertyPath\":\"/SALES_AREA_SPART\",\"modelName\":\"NewYardModel\"}"}]}
RESULT: {"script":"<script> [1562 bytes]","args":[{"selector":{"controlType":"sap.m.Input","viewName":"etm.portal.ui.manageyards.view.New","viewId":"application-manageyards-display-component---NewYard","bindingPath":{"path":"","propertyPath":"/SALES_AREA_SPART","modelName":"NewYardModel"},"interaction":{"idSuffix":"inner"}},"wdio_ui5_key":"etmportal.ui.manageyards.view.Newsap.m.Input{\"path\":\"\",\"propertyPath\":\"/SALES_AREA_SPART\",\"modelName\":\"NewYardModel\"}"}]}
RESULT: undefined
COMMAND: POST /session/bc71e28d1f2e1ed7c8b961c2149bcffe/execute/async - {"script":"<script> [776 bytes]","args":[{"enterText":"C2","selector":{"controlType":"sap.m.Input","viewName":"etm.portal.ui.manageyards.view.New","viewId":"application-manageyards-display-component---NewYard","bindingPath":{"path":"","propertyPath":"/SALES_AREA_SPART","modelName":"NewYardModel"},"interaction":{"idSuffix":"inner"}},"clearTextFirst":true,"interactionType":"ENTER_TEXT"}]}
RESULT: {"script":"<script> [776 bytes]","args":[{"enterText":"C2","selector":{"controlType":"sap.m.Input","viewName":"etm.portal.ui.manageyards.view.New","viewId":"application-manageyards-display-component---NewYard","bindingPath":{"path":"","propertyPath":"/SALES_AREA_SPART","modelName":"NewYardModel"},"interaction":{"idSuffix":"inner"}},"clearTextFirst":true,"interactionType":"ENTER_TEXT"}]}
COMMAND: POST /session/bc71e28d1f2e1ed7c8b961c2149bcffe/execute/async - {"script":"<script> [1562 bytes]","args":[{"selector":{"controlType":"sap.m.Input","viewName":"etm.portal.ui.manageyards.view.New","viewId":"application-manageyards-display-component---NewYard","bindingPath":{"path":"","propertyPath":"/SHIP_POINT","modelName":"NewYardModel"},"interaction":{"idSuffix":"inner"}},"wdio_ui5_key":"etmportal.ui.manageyards.view.Newsap.m.Input{\"path\":\"\",\"propertyPath\":\"/SHIP_POINT\",\"modelName\":\"NewYardModel\"}"}]}
RESULT: {"script":"<script> [1562 bytes]","args":[{"selector":{"controlType":"sap.m.Input","viewName":"etm.portal.ui.manageyards.view.New","viewId":"application-manageyards-display-component---NewYard","bindingPath":{"path":"","propertyPath":"/SHIP_POINT","modelName":"NewYardModel"},"interaction":{"idSuffix":"inner"}},"wdio_ui5_key":"etmportal.ui.manageyards.view.Newsap.m.Input{\"path\":\"\",\"propertyPath\":\"/SHIP_POINT\",\"modelName\":\"NewYardModel\"}"}]}
RESULT: undefined
COMMAND: POST /session/bc71e28d1f2e1ed7c8b961c2149bcffe/execute/async - {"script":"<script> [776 bytes]","args":[{"enterText":"1710","selector":{"controlType":"sap.m.Input","viewName":"etm.portal.ui.manageyards.view.New","viewId":"application-manageyards-display-component---NewYard","bindingPath":{"path":"","propertyPath":"/SHIP_POINT","modelName":"NewYardModel"},"interaction":{"idSuffix":"inner"}},"clearTextFirst":true,"interactionType":"ENTER_TEXT"}]}
RESULT: {"script":"<script> [776 bytes]","args":[{"enterText":"1710","selector":{"controlType":"sap.m.Input","viewName":"etm.portal.ui.manageyards.view.New","viewId":"application-manageyards-display-component---NewYard","bindingPath":{"path":"","propertyPath":"/SHIP_POINT","modelName":"NewYardModel"},"interaction":{"idSuffix":"inner"}},"clearTextFirst":true,"interactionType":"ENTER_TEXT"}]}
COMMAND: POST /session/bc71e28d1f2e1ed7c8b961c2149bcffe/execute/async - {"script":"<script> [1562 bytes]","args":[{"selector":{"controlType":"sap.m.Input","viewName":"etm.portal.ui.manageyards.view.New","viewId":"application-manageyards-display-component---NewYard","bindingPath":{"path":"","propertyPath":"/DELIVERY_TYPE","modelName":"NewYardModel"},"interaction":{"idSuffix":"inner"}},"wdio_ui5_key":"etmportal.ui.manageyards.view.Newsap.m.Input{\"path\":\"\",\"propertyPath\":\"/DELIVERY_TYPE\",\"modelName\":\"NewYardModel\"}"}]}
RESULT: {"script":"<script> [1562 bytes]","args":[{"selector":{"controlType":"sap.m.Input","viewName":"etm.portal.ui.manageyards.view.New","viewId":"application-manageyards-display-component---NewYard","bindingPath":{"path":"","propertyPath":"/DELIVERY_TYPE","modelName":"NewYardModel"},"interaction":{"idSuffix":"inner"}},"wdio_ui5_key":"etmportal.ui.manageyards.view.Newsap.m.Input{\"path\":\"\",\"propertyPath\":\"/DELIVERY_TYPE\",\"modelName\":\"NewYardModel\"}"}]}
RESULT: undefined
COMMAND: POST /session/bc71e28d1f2e1ed7c8b961c2149bcffe/execute/async - {"script":"<script> [776 bytes]","args":[{"enterText":"ZL01","selector":{"controlType":"sap.m.Input","viewName":"etm.portal.ui.manageyards.view.New","viewId":"application-manageyards-display-component---NewYard","bindingPath":{"path":"","propertyPath":"/DELIVERY_TYPE","modelName":"NewYardModel"},"interaction":{"idSuffix":"inner"}},"clearTextFirst":true,"interactionType":"ENTER_TEXT"}]}
RESULT: {"script":"<script> [776 bytes]","args":[{"enterText":"ZL01","selector":{"controlType":"sap.m.Input","viewName":"etm.portal.ui.manageyards.view.New","viewId":"application-manageyards-display-component---NewYard","bindingPath":{"path":"","propertyPath":"/DELIVERY_TYPE","modelName":"NewYardModel"},"interaction":{"idSuffix":"inner"}},"clearTextFirst":true,"interactionType":"ENTER_TEXT"}]}
COMMAND: POST /session/bc71e28d1f2e1ed7c8b961c2149bcffe/execute/async - {"script":"<script> [1562 bytes]","args":[{"selector":{"controlType":"sap.m.Input","viewName":"etm.portal.ui.manageyards.view.New","viewId":"application-manageyards-display-component---NewYard","bindingPath":{"path":"","propertyPath":"/AUART","modelName":"NewYardModel"},"interaction":{"idSuffix":"inner"}},"wdio_ui5_key":"etmportal.ui.manageyards.view.Newsap.m.Input{\"path\":\"\",\"propertyPath\":\"/AUART\",\"modelName\":\"NewYardModel\"}"}]}
RESULT: {"script":"<script> [1562 bytes]","args":[{"selector":{"controlType":"sap.m.Input","viewName":"etm.portal.ui.manageyards.view.New","viewId":"application-manageyards-display-component---NewYard","bindingPath":{"path":"","propertyPath":"/AUART","modelName":"NewYardModel"},"interaction":{"idSuffix":"inner"}},"wdio_ui5_key":"etmportal.ui.manageyards.view.Newsap.m.Input{\"path\":\"\",\"propertyPath\":\"/AUART\",\"modelName\":\"NewYardModel\"}"}]}
RESULT: undefined
COMMAND: POST /session/bc71e28d1f2e1ed7c8b961c2149bcffe/execute/async - {"script":"<script> [776 bytes]","args":[{"enterText":"TA","selector":{"controlType":"sap.m.Input","viewName":"etm.portal.ui.manageyards.view.New","viewId":"application-manageyards-display-component---NewYard","bindingPath":{"path":"","propertyPath":"/AUART","modelName":"NewYardModel"},"interaction":{"idSuffix":"inner"}},"clearTextFirst":true,"interactionType":"ENTER_TEXT"}]}
RESULT: {"script":"<script> [776 bytes]","args":[{"enterText":"TA","selector":{"controlType":"sap.m.Input","viewName":"etm.portal.ui.manageyards.view.New","viewId":"application-manageyards-display-component---NewYard","bindingPath":{"path":"","propertyPath":"/AUART","modelName":"NewYardModel"},"interaction":{"idSuffix":"inner"}},"clearTextFirst":true,"interactionType":"ENTER_TEXT"}]}
COMMAND: POST /session/bc71e28d1f2e1ed7c8b961c2149bcffe/element - {"using":"xpath","value":"//button[@data-kt=\"newYardSaveButton\"]"}
RESULT: {"using":"xpath","value":"//button[@data-kt=\"newYardSaveButton\"]"}
COMMAND: POST /session/bc71e28d1f2e1ed7c8b961c2149bcffe/element/f.65EA279DE37407F0D83DF198F8358C68.d.5FC4AA2D5BA3F0C12299FF5291CC6A18.e.700/click - {}
RESULT: {}
COMMAND: GET /session/bc71e28d1f2e1ed7c8b961c2149bcffe/screenshot - {}
RESULT: {}
COMMAND: POST /session/bc71e28d1f2e1ed7c8b961c2149bcffe/element - {"using":"xpath","value":"//header[contains(@id, 'ObjectPageLayout-headerTitle')]/div[1]/div[2]/div[1]/span[1]"}
RESULT: {"using":"xpath","value":"//header[contains(@id, 'ObjectPageLayout-headerTitle')]/div[1]/div[2]/div[1]/span[1]"}
COMMAND: POST /session/bc71e28d1f2e1ed7c8b961c2149bcffe/elements - {"using":"xpath","value":"//header[contains(@id, 'ObjectPageLayout-headerTitle')]/div[1]/div[2]/div[1]/span[1]"}
RESULT: {"using":"xpath","value":"//header[contains(@id, 'ObjectPageLayout-headerTitle')]/div[1]/div[2]/div[1]/span[1]"}
COMMAND: POST /session/bc71e28d1f2e1ed7c8b961c2149bcffe/execute/sync - {"script":"<script> [56 bytes]","args":[{"element-6066-11e4-a52e-4f735466cecf":"f.65EA279DE37407F0D83DF198F8358C68.d.5FC4AA2D5BA3F0C12299FF5291CC6A18.e.1012","ELEMENT":"f.65EA279DE37407F0D83DF198F8358C68.d.5FC4AA2D5BA3F0C12299FF5291CC6A18.e.1012"}]}
RESULT: {"script":"<script> [56 bytes]","args":[{"element-6066-11e4-a52e-4f735466cecf":"f.65EA279DE37407F0D83DF198F8358C68.d.5FC4AA2D5BA3F0C12299FF5291CC6A18.e.1012","ELEMENT":"f.65EA279DE37407F0D83DF198F8358C68.d.5FC4AA2D5BA3F0C12299FF5291CC6A18.e.1012"}]}
COMMAND: GET /session/bc71e28d1f2e1ed7c8b961c2149bcffe/screenshot - {}
RESULT: {}
COMMAND: POST /session/bc71e28d1f2e1ed7c8b961c2149bcffe/element - {"using":"css selector","value":"#shell-header-logo"}
RESULT: {"using":"css selector","value":"#shell-header-logo"}
COMMAND: POST /session/bc71e28d1f2e1ed7c8b961c2149bcffe/element/f.65EA279DE37407F0D83DF198F8358C68.d.5FC4AA2D5BA3F0C12299FF5291CC6A18.e.268/click - {}
RESULT: {}
COMMAND: GET /session/bc71e28d1f2e1ed7c8b961c2149bcffe/screenshot - {}
RESULT: {}
COMMAND: POST /session/bc71e28d1f2e1ed7c8b961c2149bcffe/execute/sync - {"script":"<script> [299 bytes]","args":[["getModel","getResource"]]}
RESULT: {"script":"<script> [299 bytes]","args":[["getModel","getResource"]]}
COMMAND: GET /session/bc71e28d1f2e1ed7c8b961c2149bcffe/screenshot - {}
]]></system-out>
    </testcase>
  </testsuite>
  <testsuite timestamp="2025-04-26T17:07:34" time="125.443" tests="3" failures="1" errors="1" skipped="0">
    <properties>
      <property name="specId" value="0" />
      <property name="suiteName" value="Set up pricing rule(OT) 104624" />
      <property name="capabilities" value="chrome.135_0_7049_96.windows" />
      <property name="file" value="file:///D:/a/1/s/test/specs/BTS/create-pricing-rule.spec.js" />
    </properties>
    <testcase classname="chrome.135_0_7049_96.windows.Set_up_pricing_rule(OT)_104624" name="Should create a new yard used for all following tests" time="0.026">
      <system-out><![CDATA[
COMMAND: POST /session/bc71e28d1f2e1ed7c8b961c2149bcffe/window/fullscreen - {}
RESULT: {}
]]></system-out>
    </testcase>
    <testcase classname="chrome.135_0_7049_96.windows.Set_up_pricing_rule(OT)_104624" name="Should create a new equipment used for all following tests" time="0.004" />
  </testsuite>
  <testsuite timestamp="2025-04-26T17:09:39" time="326.551" tests="6" failures="0" errors="0" skipped="0">
    <properties>
      <property name="specId" value="0" />
      <property name="suiteName" value="Edit and delete daily price US134629 US134627" />
      <property name="capabilities" value="chrome.135_0_7049_96.windows" />
      <property name="file" value="file:///D:/a/1/s/test/specs/BTS/conditions-prices-daily-price.spec.js" />
    </properties>
    <testcase classname="chrome.135_0_7049_96.windows.Edit_and_delete_daily_price_US134629_US134627" name="Should create a new yard used for all following tests" time="0.015">
      <system-out><![CDATA[
COMMAND: POST /session/bc71e28d1f2e1ed7c8b961c2149bcffe/window/fullscreen - {}
RESULT: {}
]]></system-out>
    </testcase>
    <testcase classname="chrome.135_0_7049_96.windows.Edit_and_delete_daily_price_US134629_US134627" name="Should create a new partner" time="115.746">
      <system-out><![CDATA[
COMMAND: POST /session/bc71e28d1f2e1ed7c8b961c2149bcffe/window/fullscreen - {}
RESULT: {}
COMMAND: POST /session/bc71e28d1f2e1ed7c8b961c2149bcffe/execute/async - {"script":"<script> [1562 bytes]","args":[{"selector":{"controlType":"sap.m.GenericTile","properties":{"header":"Manage Partners"}},"wdio_ui5_key":"sapm.GenericTile{\"header\":\"Manage Partners\"}"}]}
RESULT: {"script":"<script> [1562 bytes]","args":[{"selector":{"controlType":"sap.m.GenericTile","properties":{"header":"Manage Partners"}},"wdio_ui5_key":"sapm.GenericTile{\"header\":\"Manage Partners\"}"}]}
RESULT: undefined
COMMAND: POST /session/bc71e28d1f2e1ed7c8b961c2149bcffe/element - {"using":"xpath","value":"//*[@id=\"__tile38\"]"}
RESULT: {"using":"xpath","value":"//*[@id=\"__tile38\"]"}
COMMAND: POST /session/bc71e28d1f2e1ed7c8b961c2149bcffe/element/f.65EA279DE37407F0D83DF198F8358C68.d.0CAF49BEB13B77FC99345CA0CA9082AC.e.2536/click - {}
RESULT: {}
COMMAND: POST /session/bc71e28d1f2e1ed7c8b961c2149bcffe/element - {"using":"xpath","value":"//button[@data-kt=\"addButton\"]"}
COMMAND: GET /session/bc71e28d1f2e1ed7c8b961c2149bcffe/screenshot - {}
RESULT: {"using":"xpath","value":"//button[@data-kt=\"addButton\"]"}
COMMAND: POST /session/bc71e28d1f2e1ed7c8b961c2149bcffe/elements - {"using":"xpath","value":"//button[@data-kt=\"addButton\"]"}
RESULT: {}
RESULT: {"using":"xpath","value":"//button[@data-kt=\"addButton\"]"}
COMMAND: POST /session/bc71e28d1f2e1ed7c8b961c2149bcffe/elements - {"using":"xpath","value":"//button[@data-kt=\"addButton\"]"}
RESULT: {"using":"xpath","value":"//button[@data-kt=\"addButton\"]"}
COMMAND: POST /session/bc71e28d1f2e1ed7c8b961c2149bcffe/elements - {"using":"xpath","value":"//button[@data-kt=\"addButton\"]"}
RESULT: {"using":"xpath","value":"//button[@data-kt=\"addButton\"]"}
COMMAND: POST /session/bc71e28d1f2e1ed7c8b961c2149bcffe/elements - {"using":"xpath","value":"//button[@data-kt=\"addButton\"]"}
RESULT: {"using":"xpath","value":"//button[@data-kt=\"addButton\"]"}
COMMAND: POST /session/bc71e28d1f2e1ed7c8b961c2149bcffe/elements - {"using":"xpath","value":"//button[@data-kt=\"addButton\"]"}
RESULT: {"using":"xpath","value":"//button[@data-kt=\"addButton\"]"}
COMMAND: POST /session/bc71e28d1f2e1ed7c8b961c2149bcffe/elements - {"using":"xpath","value":"//button[@data-kt=\"addButton\"]"}
RESULT: {"using":"xpath","value":"//button[@data-kt=\"addButton\"]"}
COMMAND: POST /session/bc71e28d1f2e1ed7c8b961c2149bcffe/elements - {"using":"xpath","value":"//button[@data-kt=\"addButton\"]"}
RESULT: {"using":"xpath","value":"//button[@data-kt=\"addButton\"]"}
COMMAND: POST /session/bc71e28d1f2e1ed7c8b961c2149bcffe/elements - {"using":"xpath","value":"//button[@data-kt=\"addButton\"]"}
RESULT: {"using":"xpath","value":"//button[@data-kt=\"addButton\"]"}
COMMAND: POST /session/bc71e28d1f2e1ed7c8b961c2149bcffe/elements - {"using":"xpath","value":"//button[@data-kt=\"addButton\"]"}
RESULT: {"using":"xpath","value":"//button[@data-kt=\"addButton\"]"}
COMMAND: POST /session/bc71e28d1f2e1ed7c8b961c2149bcffe/elements - {"using":"xpath","value":"//button[@data-kt=\"addButton\"]"}
RESULT: {"using":"xpath","value":"//button[@data-kt=\"addButton\"]"}
COMMAND: POST /session/bc71e28d1f2e1ed7c8b961c2149bcffe/elements - {"using":"xpath","value":"//button[@data-kt=\"addButton\"]"}
RESULT: {"using":"xpath","value":"//button[@data-kt=\"addButton\"]"}
COMMAND: POST /session/bc71e28d1f2e1ed7c8b961c2149bcffe/elements - {"using":"xpath","value":"//button[@data-kt=\"addButton\"]"}
RESULT: {"using":"xpath","value":"//button[@data-kt=\"addButton\"]"}
COMMAND: POST /session/bc71e28d1f2e1ed7c8b961c2149bcffe/elements - {"using":"xpath","value":"//button[@data-kt=\"addButton\"]"}
RESULT: {"using":"xpath","value":"//button[@data-kt=\"addButton\"]"}
COMMAND: POST /session/bc71e28d1f2e1ed7c8b961c2149bcffe/elements - {"using":"xpath","value":"//button[@data-kt=\"addButton\"]"}
RESULT: {"using":"xpath","value":"//button[@data-kt=\"addButton\"]"}
COMMAND: POST /session/bc71e28d1f2e1ed7c8b961c2149bcffe/elements - {"using":"xpath","value":"//button[@data-kt=\"addButton\"]"}
RESULT: {"using":"xpath","value":"//button[@data-kt=\"addButton\"]"}
COMMAND: POST /session/bc71e28d1f2e1ed7c8b961c2149bcffe/elements - {"using":"xpath","value":"//button[@data-kt=\"addButton\"]"}
RESULT: {"using":"xpath","value":"//button[@data-kt=\"addButton\"]"}
COMMAND: POST /session/bc71e28d1f2e1ed7c8b961c2149bcffe/elements - {"using":"xpath","value":"//button[@data-kt=\"addButton\"]"}
RESULT: {"using":"xpath","value":"//button[@data-kt=\"addButton\"]"}
COMMAND: POST /session/bc71e28d1f2e1ed7c8b961c2149bcffe/elements - {"using":"xpath","value":"//button[@data-kt=\"addButton\"]"}
RESULT: {"using":"xpath","value":"//button[@data-kt=\"addButton\"]"}
COMMAND: POST /session/bc71e28d1f2e1ed7c8b961c2149bcffe/elements - {"using":"xpath","value":"//button[@data-kt=\"addButton\"]"}
RESULT: {"using":"xpath","value":"//button[@data-kt=\"addButton\"]"}
COMMAND: POST /session/bc71e28d1f2e1ed7c8b961c2149bcffe/element - {"using":"xpath","value":"//button[@data-kt=\"addButton\"]"}
RESULT: {"using":"xpath","value":"//button[@data-kt=\"addButton\"]"}
COMMAND: POST /session/bc71e28d1f2e1ed7c8b961c2149bcffe/execute/sync - {"script":"<script> [8489 bytes]","args":[{"element-6066-11e4-a52e-4f735466cecf":"f.65EA279DE37407F0D83DF198F8358C68.d.0CAF49BEB13B77FC99345CA0CA9082AC.e.2677","ELEMENT":"f.65EA279DE37407F0D83DF198F8358C68.d.0CAF49BEB13B77FC99345CA0CA9082AC.e.2677"}]}
RESULT: {"script":"<script> [8489 bytes]","args":[{"element-6066-11e4-a52e-4f735466cecf":"f.65EA279DE37407F0D83DF198F8358C68.d.0CAF49BEB13B77FC99345CA0CA9082AC.e.2677","ELEMENT":"f.65EA279DE37407F0D83DF198F8358C68.d.0CAF49BEB13B77FC99345CA0CA9082AC.e.2677"}]}
COMMAND: GET /session/bc71e28d1f2e1ed7c8b961c2149bcffe/element/f.65EA279DE37407F0D83DF198F8358C68.d.0CAF49BEB13B77FC99345CA0CA9082AC.e.2677/enabled - {}
COMMAND: GET /session/bc71e28d1f2e1ed7c8b961c2149bcffe/screenshot - {}
RESULT: {}
COMMAND: POST /session/bc71e28d1f2e1ed7c8b961c2149bcffe/execute/sync - {"script":"<script> [8489 bytes]","args":[{"element-6066-11e4-a52e-4f735466cecf":"f.65EA279DE37407F0D83DF198F8358C68.d.0CAF49BEB13B77FC99345CA0CA9082AC.e.2677","ELEMENT":"f.65EA279DE37407F0D83DF198F8358C68.d.0CAF49BEB13B77FC99345CA0CA9082AC.e.2677"}]}
COMMAND: GET /session/bc71e28d1f2e1ed7c8b961c2149bcffe/screenshot - {}
RESULT: {}
RESULT: {"script":"<script> [8489 bytes]","args":[{"element-6066-11e4-a52e-4f735466cecf":"f.65EA279DE37407F0D83DF198F8358C68.d.0CAF49BEB13B77FC99345CA0CA9082AC.e.2677","ELEMENT":"f.65EA279DE37407F0D83DF198F8358C68.d.0CAF49BEB13B77FC99345CA0CA9082AC.e.2677"}]}
COMMAND: POST /session/bc71e28d1f2e1ed7c8b961c2149bcffe/execute/sync - {"script":"<script> [5351 bytes]","args":[{"element-6066-11e4-a52e-4f735466cecf":"f.65EA279DE37407F0D83DF198F8358C68.d.0CAF49BEB13B77FC99345CA0CA9082AC.e.2677","ELEMENT":"f.65EA279DE37407F0D83DF198F8358C68.d.0CAF49BEB13B77FC99345CA0CA9082AC.e.2677"}]}
COMMAND: GET /session/bc71e28d1f2e1ed7c8b961c2149bcffe/screenshot - {}
RESULT: {}
RESULT: {"script":"<script> [5351 bytes]","args":[{"element-6066-11e4-a52e-4f735466cecf":"f.65EA279DE37407F0D83DF198F8358C68.d.0CAF49BEB13B77FC99345CA0CA9082AC.e.2677","ELEMENT":"f.65EA279DE37407F0D83DF198F8358C68.d.0CAF49BEB13B77FC99345CA0CA9082AC.e.2677"}]}
COMMAND: POST /session/bc71e28d1f2e1ed7c8b961c2149bcffe/element/f.65EA279DE37407F0D83DF198F8358C68.d.0CAF49BEB13B77FC99345CA0CA9082AC.e.2677/click - {}
COMMAND: GET /session/bc71e28d1f2e1ed7c8b961c2149bcffe/screenshot - {}
RESULT: {}
RESULT: {}
COMMAND: GET /session/bc71e28d1f2e1ed7c8b961c2149bcffe/screenshot - {}
COMMAND: POST /session/bc71e28d1f2e1ed7c8b961c2149bcffe/execute/async - {"script":"<script> [1562 bytes]","args":[{"selector":{"id":"application-managepartners-display-component---NewPartner--addressDetailDetailsName1","interaction":{"idSuffix":"inner"}},"wdio_ui5_key":"applicationmanagepartners-display-component---NewPartner--addressDetailDetailsName1"}]}
RESULT: {}
RESULT: {}
RESULT: {"script":"<script> [1562 bytes]","args":[{"selector":{"id":"application-managepartners-display-component---NewPartner--addressDetailDetailsName1","interaction":{"idSuffix":"inner"}},"wdio_ui5_key":"applicationmanagepartners-display-component---NewPartner--addressDetailDetailsName1"}]}
RESULT: undefined
COMMAND: POST /session/bc71e28d1f2e1ed7c8b961c2149bcffe/execute/async - {"script":"<script> [776 bytes]","args":[{"enterText":"DailyPrice Partner WDIO","selector":{"id":"application-managepartners-display-component---NewPartner--addressDetailDetailsName1","interaction":{"idSuffix":"inner"}},"clearTextFirst":true,"interactionType":"ENTER_TEXT"}]}
RESULT: {"script":"<script> [776 bytes]","args":[{"enterText":"DailyPrice Partner WDIO","selector":{"id":"application-managepartners-display-component---NewPartner--addressDetailDetailsName1","interaction":{"idSuffix":"inner"}},"clearTextFirst":true,"interactionType":"ENTER_TEXT"}]}
COMMAND: POST /session/bc71e28d1f2e1ed7c8b961c2149bcffe/execute/async - {"script":"<script> [1562 bytes]","args":[{"selector":{"id":"application-managepartners-display-component---NewPartner--addressDetailDetailsLanguage-arrow"},"wdio_ui5_key":"applicationmanagepartners-display-component---NewPartner--addressDetailDetailsLanguage-arrow"}]}
RESULT: {"script":"<script> [1562 bytes]","args":[{"selector":{"id":"application-managepartners-display-component---NewPartner--addressDetailDetailsLanguage-arrow"},"wdio_ui5_key":"applicationmanagepartners-display-component---NewPartner--addressDetailDetailsLanguage-arrow"}]}
RESULT: undefined
COMMAND: POST /session/bc71e28d1f2e1ed7c8b961c2149bcffe/element - {"using":"xpath","value":"//*[@id=\"application-managepartners-display-component---NewPartner--addressDetailDetailsLanguage-arrow\"]"}
RESULT: {"using":"xpath","value":"//*[@id=\"application-managepartners-display-component---NewPartner--addressDetailDetailsLanguage-arrow\"]"}
COMMAND: POST /session/bc71e28d1f2e1ed7c8b961c2149bcffe/element/f.65EA279DE37407F0D83DF198F8358C68.d.0CAF49BEB13B77FC99345CA0CA9082AC.e.3124/click - {}
RESULT: {}
COMMAND: POST /session/bc71e28d1f2e1ed7c8b961c2149bcffe/element - {"using":"xpath","value":"//span[contains(text(), \"English\")]"}
COMMAND: GET /session/bc71e28d1f2e1ed7c8b961c2149bcffe/screenshot - {}
RESULT: {"using":"xpath","value":"//span[contains(text(), \"English\")]"}
COMMAND: POST /session/bc71e28d1f2e1ed7c8b961c2149bcffe/element/f.65EA279DE37407F0D83DF198F8358C68.d.0CAF49BEB13B77FC99345CA0CA9082AC.e.3125/click - {}
RESULT: {}
RESULT: {}
COMMAND: GET /session/bc71e28d1f2e1ed7c8b961c2149bcffe/screenshot - {}
RESULT: {}
COMMAND: POST /session/bc71e28d1f2e1ed7c8b961c2149bcffe/execute/async - {"script":"<script> [1562 bytes]","args":[{"selector":{"id":"application-managepartners-display-component---NewPartner--addressDetailDetailsCity1","interaction":{"idSuffix":"inner"}},"wdio_ui5_key":"applicationmanagepartners-display-component---NewPartner--addressDetailDetailsCity1"}]}
RESULT: {"script":"<script> [1562 bytes]","args":[{"selector":{"id":"application-managepartners-display-component---NewPartner--addressDetailDetailsCity1","interaction":{"idSuffix":"inner"}},"wdio_ui5_key":"applicationmanagepartners-display-component---NewPartner--addressDetailDetailsCity1"}]}
RESULT: undefined
COMMAND: POST /session/bc71e28d1f2e1ed7c8b961c2149bcffe/execute/async - {"script":"<script> [776 bytes]","args":[{"enterText":"Rosario","selector":{"id":"application-managepartners-display-component---NewPartner--addressDetailDetailsCity1","interaction":{"idSuffix":"inner"}},"clearTextFirst":true,"interactionType":"ENTER_TEXT"}]}
RESULT: {"script":"<script> [776 bytes]","args":[{"enterText":"Rosario","selector":{"id":"application-managepartners-display-component---NewPartner--addressDetailDetailsCity1","interaction":{"idSuffix":"inner"}},"clearTextFirst":true,"interactionType":"ENTER_TEXT"}]}
COMMAND: POST /session/bc71e28d1f2e1ed7c8b961c2149bcffe/execute/async - {"script":"<script> [1562 bytes]","args":[{"selector":{"id":"application-managepartners-display-component---NewPartner--addressDetailDetailsCountry-arrow"},"wdio_ui5_key":"applicationmanagepartners-display-component---NewPartner--addressDetailDetailsCountry-arrow"}]}
RESULT: {"script":"<script> [1562 bytes]","args":[{"selector":{"id":"application-managepartners-display-component---NewPartner--addressDetailDetailsCountry-arrow"},"wdio_ui5_key":"applicationmanagepartners-display-component---NewPartner--addressDetailDetailsCountry-arrow"}]}
RESULT: undefined
COMMAND: POST /session/bc71e28d1f2e1ed7c8b961c2149bcffe/element - {"using":"xpath","value":"//*[@id=\"application-managepartners-display-component---NewPartner--addressDetailDetailsCountry-arrow\"]"}
RESULT: {"using":"xpath","value":"//*[@id=\"application-managepartners-display-component---NewPartner--addressDetailDetailsCountry-arrow\"]"}
COMMAND: POST /session/bc71e28d1f2e1ed7c8b961c2149bcffe/element/f.65EA279DE37407F0D83DF198F8358C68.d.0CAF49BEB13B77FC99345CA0CA9082AC.e.3103/click - {}
RESULT: {}
COMMAND: POST /session/bc71e28d1f2e1ed7c8b961c2149bcffe/element - {"using":"xpath","value":"//span[contains(text(), \"Argentina\")]"}
COMMAND: GET /session/bc71e28d1f2e1ed7c8b961c2149bcffe/screenshot - {}
RESULT: {"using":"xpath","value":"//span[contains(text(), \"Argentina\")]"}
COMMAND: POST /session/bc71e28d1f2e1ed7c8b961c2149bcffe/element/f.65EA279DE37407F0D83DF198F8358C68.d.0CAF49BEB13B77FC99345CA0CA9082AC.e.3127/click - {}
RESULT: {}
RESULT: {}
COMMAND: GET /session/bc71e28d1f2e1ed7c8b961c2149bcffe/screenshot - {}
RESULT: {}
COMMAND: POST /session/bc71e28d1f2e1ed7c8b961c2149bcffe/element - {"using":"xpath","value":"//bdi[contains(text(), \"Commercial\")]"}
RESULT: {"using":"xpath","value":"//bdi[contains(text(), \"Commercial\")]"}
COMMAND: POST /session/bc71e28d1f2e1ed7c8b961c2149bcffe/element/f.65EA279DE37407F0D83DF198F8358C68.d.0CAF49BEB13B77FC99345CA0CA9082AC.e.3128/click - {}
RESULT: {}
COMMAND: GET /session/bc71e28d1f2e1ed7c8b961c2149bcffe/screenshot - {}
RESULT: {}
COMMAND: POST /session/bc71e28d1f2e1ed7c8b961c2149bcffe/execute/async - {"script":"<script> [1562 bytes]","args":[{"selector":{"id":"application-managepartners-display-component---NewPartner--partnerDetailInternal-arrow"},"wdio_ui5_key":"applicationmanagepartners-display-component---NewPartner--partnerDetailInternal-arrow"}]}
RESULT: {"script":"<script> [1562 bytes]","args":[{"selector":{"id":"application-managepartners-display-component---NewPartner--partnerDetailInternal-arrow"},"wdio_ui5_key":"applicationmanagepartners-display-component---NewPartner--partnerDetailInternal-arrow"}]}
RESULT: undefined
COMMAND: POST /session/bc71e28d1f2e1ed7c8b961c2149bcffe/element - {"using":"xpath","value":"//*[@id=\"application-managepartners-display-component---NewPartner--partnerDetailInternal-arrow\"]"}
RESULT: {"using":"xpath","value":"//*[@id=\"application-managepartners-display-component---NewPartner--partnerDetailInternal-arrow\"]"}
COMMAND: POST /session/bc71e28d1f2e1ed7c8b961c2149bcffe/element/f.65EA279DE37407F0D83DF198F8358C68.d.0CAF49BEB13B77FC99345CA0CA9082AC.e.3134/click - {}
RESULT: {}
COMMAND: POST /session/bc71e28d1f2e1ed7c8b961c2149bcffe/element - {"using":"xpath","value":"//span[contains(text(), \"Affiliated company\")]"}
COMMAND: GET /session/bc71e28d1f2e1ed7c8b961c2149bcffe/screenshot - {}
RESULT: {"using":"xpath","value":"//span[contains(text(), \"Affiliated company\")]"}
COMMAND: POST /session/bc71e28d1f2e1ed7c8b961c2149bcffe/element/f.65EA279DE37407F0D83DF198F8358C68.d.0CAF49BEB13B77FC99345CA0CA9082AC.e.3137/click - {}
RESULT: {}
RESULT: {}
COMMAND: POST /session/bc71e28d1f2e1ed7c8b961c2149bcffe/execute/async - {"script":"<script> [1562 bytes]","args":[{"selector":{"id":"application-managepartners-display-component---NewPartner--partnerDetailsCurrency-arrow"},"wdio_ui5_key":"applicationmanagepartners-display-component---NewPartner--partnerDetailsCurrency-arrow"}]}
COMMAND: GET /session/bc71e28d1f2e1ed7c8b961c2149bcffe/screenshot - {}
RESULT: {"script":"<script> [1562 bytes]","args":[{"selector":{"id":"application-managepartners-display-component---NewPartner--partnerDetailsCurrency-arrow"},"wdio_ui5_key":"applicationmanagepartners-display-component---NewPartner--partnerDetailsCurrency-arrow"}]}
RESULT: undefined
COMMAND: POST /session/bc71e28d1f2e1ed7c8b961c2149bcffe/element - {"using":"xpath","value":"//*[@id=\"application-managepartners-display-component---NewPartner--partnerDetailsCurrency-arrow\"]"}
RESULT: {}
RESULT: {"using":"xpath","value":"//*[@id=\"application-managepartners-display-component---NewPartner--partnerDetailsCurrency-arrow\"]"}
COMMAND: POST /session/bc71e28d1f2e1ed7c8b961c2149bcffe/element/f.65EA279DE37407F0D83DF198F8358C68.d.0CAF49BEB13B77FC99345CA0CA9082AC.e.3144/click - {}
RESULT: {}
COMMAND: POST /session/bc71e28d1f2e1ed7c8b961c2149bcffe/element - {"using":"xpath","value":"//span[contains(text(), \"Euro\")]"}
COMMAND: GET /session/bc71e28d1f2e1ed7c8b961c2149bcffe/screenshot - {}
RESULT: {"using":"xpath","value":"//span[contains(text(), \"Euro\")]"}
COMMAND: POST /session/bc71e28d1f2e1ed7c8b961c2149bcffe/element/f.65EA279DE37407F0D83DF198F8358C68.d.0CAF49BEB13B77FC99345CA0CA9082AC.e.3145/click - {}
RESULT: {}
RESULT: {}
COMMAND: POST /session/bc71e28d1f2e1ed7c8b961c2149bcffe/execute/async - {"script":"<script> [1562 bytes]","args":[{"selector":{"id":"application-managepartners-display-component---NewPartner--addressEditDetailsCostObjectCstType-arrow"},"wdio_ui5_key":"applicationmanagepartners-display-component---NewPartner--addressEditDetailsCostObjectCstType-arrow"}]}
COMMAND: GET /session/bc71e28d1f2e1ed7c8b961c2149bcffe/screenshot - {}
RESULT: {"script":"<script> [1562 bytes]","args":[{"selector":{"id":"application-managepartners-display-component---NewPartner--addressEditDetailsCostObjectCstType-arrow"},"wdio_ui5_key":"applicationmanagepartners-display-component---NewPartner--addressEditDetailsCostObjectCstType-arrow"}]}
RESULT: undefined
COMMAND: POST /session/bc71e28d1f2e1ed7c8b961c2149bcffe/element - {"using":"xpath","value":"//*[@id=\"application-managepartners-display-component---NewPartner--addressEditDetailsCostObjectCstType-arrow\"]"}
RESULT: {}
RESULT: {"using":"xpath","value":"//*[@id=\"application-managepartners-display-component---NewPartner--addressEditDetailsCostObjectCstType-arrow\"]"}
COMMAND: POST /session/bc71e28d1f2e1ed7c8b961c2149bcffe/element/f.65EA279DE37407F0D83DF198F8358C68.d.0CAF49BEB13B77FC99345CA0CA9082AC.e.3146/click - {}
RESULT: {}
COMMAND: POST /session/bc71e28d1f2e1ed7c8b961c2149bcffe/element - {"using":"xpath","value":"//span[contains(text(), \"Cost Center\")]"}
COMMAND: GET /session/bc71e28d1f2e1ed7c8b961c2149bcffe/screenshot - {}
RESULT: {"using":"xpath","value":"//span[contains(text(), \"Cost Center\")]"}
COMMAND: POST /session/bc71e28d1f2e1ed7c8b961c2149bcffe/element/f.65EA279DE37407F0D83DF198F8358C68.d.0CAF49BEB13B77FC99345CA0CA9082AC.e.3147/click - {}
RESULT: {}
RESULT: {}
COMMAND: GET /session/bc71e28d1f2e1ed7c8b961c2149bcffe/screenshot - {}
RESULT: {}
COMMAND: POST /session/bc71e28d1f2e1ed7c8b961c2149bcffe/element - {"using":"xpath","value":"//span[@id=\"application-managepartners-display-component---NewPartner--addressNewCostObjectCstID-vhi\"]"}
RESULT: {"using":"xpath","value":"//span[@id=\"application-managepartners-display-component---NewPartner--addressNewCostObjectCstID-vhi\"]"}
COMMAND: POST /session/bc71e28d1f2e1ed7c8b961c2149bcffe/execute/sync - {"script":"<script> [8489 bytes]","args":[{"element-6066-11e4-a52e-4f735466cecf":"f.65EA279DE37407F0D83DF198F8358C68.d.0CAF49BEB13B77FC99345CA0CA9082AC.e.3151","ELEMENT":"f.65EA279DE37407F0D83DF198F8358C68.d.0CAF49BEB13B77FC99345CA0CA9082AC.e.3151"}]}
RESULT: {"script":"<script> [8489 bytes]","args":[{"element-6066-11e4-a52e-4f735466cecf":"f.65EA279DE37407F0D83DF198F8358C68.d.0CAF49BEB13B77FC99345CA0CA9082AC.e.3151","ELEMENT":"f.65EA279DE37407F0D83DF198F8358C68.d.0CAF49BEB13B77FC99345CA0CA9082AC.e.3151"}]}
COMMAND: POST /session/bc71e28d1f2e1ed7c8b961c2149bcffe/execute/async - {"script":"<script> [1562 bytes]","args":[{"selector":{"id":"application-managepartners-display-component---NewPartner--addressNewCostObjectCstID-vhi"},"wdio_ui5_key":"applicationmanagepartners-display-component---NewPartner--addressNewCostObjectCstID-vhi"}]}
COMMAND: GET /session/bc71e28d1f2e1ed7c8b961c2149bcffe/screenshot - {}
RESULT: {"script":"<script> [1562 bytes]","args":[{"selector":{"id":"application-managepartners-display-component---NewPartner--addressNewCostObjectCstID-vhi"},"wdio_ui5_key":"applicationmanagepartners-display-component---NewPartner--addressNewCostObjectCstID-vhi"}]}
RESULT: undefined
COMMAND: POST /session/bc71e28d1f2e1ed7c8b961c2149bcffe/element - {"using":"xpath","value":"//*[@id=\"application-managepartners-display-component---NewPartner--addressNewCostObjectCstID-vhi\"]"}
RESULT: {}
RESULT: {"using":"xpath","value":"//*[@id=\"application-managepartners-display-component---NewPartner--addressNewCostObjectCstID-vhi\"]"}
COMMAND: POST /session/bc71e28d1f2e1ed7c8b961c2149bcffe/element/f.65EA279DE37407F0D83DF198F8358C68.d.0CAF49BEB13B77FC99345CA0CA9082AC.e.3151/click - {}
RESULT: {}
COMMAND: GET /session/bc71e28d1f2e1ed7c8b961c2149bcffe/screenshot - {}
RESULT: {}
COMMAND: POST /session/bc71e28d1f2e1ed7c8b961c2149bcffe/execute/async - {"script":"<script> [1562 bytes]","args":[{"selector":{"controlType":"sap.m.SearchField","properties":{"placeholder":"Search"},"searchOpenDialogs":true,"interaction":{"idSuffix":"I"}},"wdio_ui5_key":"sapm.SearchField{\"placeholder\":\"Search\"}"}]}
RESULT: {"script":"<script> [1562 bytes]","args":[{"selector":{"controlType":"sap.m.SearchField","properties":{"placeholder":"Search"},"searchOpenDialogs":true,"interaction":{"idSuffix":"I"}},"wdio_ui5_key":"sapm.SearchField{\"placeholder\":\"Search\"}"}]}
RESULT: undefined
COMMAND: POST /session/bc71e28d1f2e1ed7c8b961c2149bcffe/execute/async - {"script":"<script> [776 bytes]","args":[{"enterText":"10001013","selector":{"controlType":"sap.m.SearchField","properties":{"placeholder":"Search"},"searchOpenDialogs":true,"interaction":{"idSuffix":"I"}},"clearTextFirst":true,"interactionType":"ENTER_TEXT"}]}
RESULT: {"script":"<script> [776 bytes]","args":[{"enterText":"10001013","selector":{"controlType":"sap.m.SearchField","properties":{"placeholder":"Search"},"searchOpenDialogs":true,"interaction":{"idSuffix":"I"}},"clearTextFirst":true,"interactionType":"ENTER_TEXT"}]}
COMMAND: POST /session/bc71e28d1f2e1ed7c8b961c2149bcffe/actions - {"actions":[{"id":"action5","type":"key","parameters":{},"actions":[{"type":"keyDown","value":"î€‡"},{"type":"pause","duration":10},{"type":"keyUp","value":"î€‡"}]}]}
RESULT: {"actions":[{"id":"action5","type":"key","parameters":{},"actions":[{"type":"keyDown","value":"î€‡"},{"type":"pause","duration":10},{"type":"keyUp","value":"î€‡"}]}]}
COMMAND: GET /session/bc71e28d1f2e1ed7c8b961c2149bcffe/screenshot - {}
RESULT: {}
COMMAND: POST /session/bc71e28d1f2e1ed7c8b961c2149bcffe/element - {"using":"xpath","value":"//span[contains(text(), \"General Management\")]"}
RESULT: {"using":"xpath","value":"//span[contains(text(), \"General Management\")]"}
COMMAND: POST /session/bc71e28d1f2e1ed7c8b961c2149bcffe/element/f.65EA279DE37407F0D83DF198F8358C68.d.0CAF49BEB13B77FC99345CA0CA9082AC.e.3189/click - {}
RESULT: {}
COMMAND: GET /session/bc71e28d1f2e1ed7c8b961c2149bcffe/screenshot - {}
RESULT: {}
COMMAND: POST /session/bc71e28d1f2e1ed7c8b961c2149bcffe/element - {"using":"xpath","value":"//bdi[contains(text(), \"OK\")]"}
RESULT: {"using":"xpath","value":"//bdi[contains(text(), \"OK\")]"}
COMMAND: POST /session/bc71e28d1f2e1ed7c8b961c2149bcffe/element/f.65EA279DE37407F0D83DF198F8358C68.d.0CAF49BEB13B77FC99345CA0CA9082AC.e.3190/click - {}
RESULT: {}
COMMAND: GET /session/bc71e28d1f2e1ed7c8b961c2149bcffe/screenshot - {}
RESULT: {}
COMMAND: POST /session/bc71e28d1f2e1ed7c8b961c2149bcffe/element - {"using":"xpath","value":"//input[@id=\"application-managepartners-display-component---NewPartner--companyCodeComboBox-inner\"]"}
RESULT: {"using":"xpath","value":"//input[@id=\"application-managepartners-display-component---NewPartner--companyCodeComboBox-inner\"]"}
COMMAND: POST /session/bc71e28d1f2e1ed7c8b961c2149bcffe/element/f.65EA279DE37407F0D83DF198F8358C68.d.0CAF49BEB13B77FC99345CA0CA9082AC.e.2988/clear - {}
RESULT: {}
COMMAND: POST /session/bc71e28d1f2e1ed7c8b961c2149bcffe/element/f.65EA279DE37407F0D83DF198F8358C68.d.0CAF49BEB13B77FC99345CA0CA9082AC.e.2988/value - {"text":"C002"}
COMMAND: GET /session/bc71e28d1f2e1ed7c8b961c2149bcffe/screenshot - {}
RESULT: {"text":"C002"}
COMMAND: GET /session/bc71e28d1f2e1ed7c8b961c2149bcffe/screenshot - {}
RESULT: {}
RESULT: {}
COMMAND: POST /session/bc71e28d1f2e1ed7c8b961c2149bcffe/element - {"using":"xpath","value":"//span[contains(text(), \"C002\")]"}
RESULT: {"using":"xpath","value":"//span[contains(text(), \"C002\")]"}
COMMAND: POST /session/bc71e28d1f2e1ed7c8b961c2149bcffe/element/f.65EA279DE37407F0D83DF198F8358C68.d.0CAF49BEB13B77FC99345CA0CA9082AC.e.3196/click - {}
RESULT: {}
COMMAND: GET /session/bc71e28d1f2e1ed7c8b961c2149bcffe/screenshot - {}
RESULT: {}
COMMAND: POST /session/bc71e28d1f2e1ed7c8b961c2149bcffe/execute/async - {"script":"<script> [1562 bytes]","args":[{"selector":{"id":"application-managepartners-display-component---NewPartner--btnAddTableRow-img"},"wdio_ui5_key":"applicationmanagepartners-display-component---NewPartner--btnAddTableRow-img"}]}
RESULT: {"script":"<script> [1562 bytes]","args":[{"selector":{"id":"application-managepartners-display-component---NewPartner--btnAddTableRow-img"},"wdio_ui5_key":"applicationmanagepartners-display-component---NewPartner--btnAddTableRow-img"}]}
RESULT: undefined
COMMAND: POST /session/bc71e28d1f2e1ed7c8b961c2149bcffe/element - {"using":"xpath","value":"//*[@id=\"application-managepartners-display-component---NewPartner--btnAddTableRow-img\"]"}
RESULT: {"using":"xpath","value":"//*[@id=\"application-managepartners-display-component---NewPartner--btnAddTableRow-img\"]"}
COMMAND: POST /session/bc71e28d1f2e1ed7c8b961c2149bcffe/element/f.65EA279DE37407F0D83DF198F8358C68.d.0CAF49BEB13B77FC99345CA0CA9082AC.e.3197/click - {}
RESULT: {}
COMMAND: GET /session/bc71e28d1f2e1ed7c8b961c2149bcffe/screenshot - {}
RESULT: {}
COMMAND: POST /session/bc71e28d1f2e1ed7c8b961c2149bcffe/element - {"using":"xpath","value":"//input[@id=\"application-managepartners-display-component---NewPartner--assignmentYard-application-managepartners-display-component---NewPartner--assignmentsTable-0-inner\"]"}
RESULT: {"using":"xpath","value":"//input[@id=\"application-managepartners-display-component---NewPartner--assignmentYard-application-managepartners-display-component---NewPartner--assignmentsTable-0-inner\"]"}
COMMAND: POST /session/bc71e28d1f2e1ed7c8b961c2149bcffe/element/f.65EA279DE37407F0D83DF198F8358C68.d.0CAF49BEB13B77FC99345CA0CA9082AC.e.3200/clear - {}
RESULT: {}
COMMAND: POST /session/bc71e28d1f2e1ed7c8b961c2149bcffe/element/f.65EA279DE37407F0D83DF198F8358C68.d.0CAF49BEB13B77FC99345CA0CA9082AC.e.3200/value - {"text":"262"}
COMMAND: GET /session/bc71e28d1f2e1ed7c8b961c2149bcffe/screenshot - {}
RESULT: {"text":"262"}
COMMAND: GET /session/bc71e28d1f2e1ed7c8b961c2149bcffe/screenshot - {}
RESULT: {}
RESULT: {}
COMMAND: POST /session/bc71e28d1f2e1ed7c8b961c2149bcffe/element - {"using":"xpath","value":"//li[.//span[text()='262']]"}
RESULT: {"using":"xpath","value":"//li[.//span[text()='262']]"}
COMMAND: POST /session/bc71e28d1f2e1ed7c8b961c2149bcffe/element/f.65EA279DE37407F0D83DF198F8358C68.d.0CAF49BEB13B77FC99345CA0CA9082AC.e.3209/click - {}
RESULT: {}
COMMAND: GET /session/bc71e28d1f2e1ed7c8b961c2149bcffe/screenshot - {}
RESULT: {}
COMMAND: POST /session/bc71e28d1f2e1ed7c8b961c2149bcffe/actions - {"actions":[{"id":"action6","type":"key","parameters":{},"actions":[{"type":"keyDown","value":"î€‡"},{"type":"pause","duration":10},{"type":"keyUp","value":"î€‡"}]}]}
RESULT: {"actions":[{"id":"action6","type":"key","parameters":{},"actions":[{"type":"keyDown","value":"î€‡"},{"type":"pause","duration":10},{"type":"keyUp","value":"î€‡"}]}]}
COMMAND: POST /session/bc71e28d1f2e1ed7c8b961c2149bcffe/execute/async - {"script":"<script> [1562 bytes]","args":[{"selector":{"id":"application-managepartners-display-component---NewPartner--externalCustomerComboBox-application-managepartners-display-component---NewPartner--assignmentsTable-0-vhi"},"wdio_ui5_key":"applicationmanagepartners-display-component---NewPartner--externalCustomerComboBox-application-managepartners-display-component---NewPartner--assignmentsTable-0-vhi"}]}
COMMAND: GET /session/bc71e28d1f2e1ed7c8b961c2149bcffe/screenshot - {}
RESULT: {"script":"<script> [1562 bytes]","args":[{"selector":{"id":"application-managepartners-display-component---NewPartner--externalCustomerComboBox-application-managepartners-display-component---NewPartner--assignmentsTable-0-vhi"},"wdio_ui5_key":"applicationmanagepartners-display-component---NewPartner--externalCustomerComboBox-application-managepartners-display-component---NewPartner--assignmentsTable-0-vhi"}]}
RESULT: undefined
COMMAND: POST /session/bc71e28d1f2e1ed7c8b961c2149bcffe/element - {"using":"xpath","value":"//*[@id=\"application-managepartners-display-component---NewPartner--externalCustomerComboBox-application-managepartners-display-component---NewPartner--assignmentsTable-0-vhi\"]"}
RESULT: {}
RESULT: {"using":"xpath","value":"//*[@id=\"application-managepartners-display-component---NewPartner--externalCustomerComboBox-application-managepartners-display-component---NewPartner--assignmentsTable-0-vhi\"]"}
COMMAND: POST /session/bc71e28d1f2e1ed7c8b961c2149bcffe/element/f.65EA279DE37407F0D83DF198F8358C68.d.0CAF49BEB13B77FC99345CA0CA9082AC.e.3213/click - {}
RESULT: {}
RESULT: undefined
COMMAND: POST /session/bc71e28d1f2e1ed7c8b961c2149bcffe/execute/async - {"script":"<script> [776 bytes]","args":[{"enterText":"300003","selector":{"controlType":"sap.m.SearchField","properties":{"placeholder":"Search"},"searchOpenDialogs":true,"interaction":{"idSuffix":"I"}},"clearTextFirst":true,"interactionType":"ENTER_TEXT"}]}
COMMAND: GET /session/bc71e28d1f2e1ed7c8b961c2149bcffe/screenshot - {}
RESULT: {"script":"<script> [776 bytes]","args":[{"enterText":"300003","selector":{"controlType":"sap.m.SearchField","properties":{"placeholder":"Search"},"searchOpenDialogs":true,"interaction":{"idSuffix":"I"}},"clearTextFirst":true,"interactionType":"ENTER_TEXT"}]}
COMMAND: POST /session/bc71e28d1f2e1ed7c8b961c2149bcffe/actions - {"actions":[{"id":"action7","type":"key","parameters":{},"actions":[{"type":"keyDown","value":"î€‡"},{"type":"pause","duration":10},{"type":"keyUp","value":"î€‡"}]}]}
RESULT: {}
RESULT: {"actions":[{"id":"action7","type":"key","parameters":{},"actions":[{"type":"keyDown","value":"î€‡"},{"type":"pause","duration":10},{"type":"keyUp","value":"î€‡"}]}]}
COMMAND: GET /session/bc71e28d1f2e1ed7c8b961c2149bcffe/screenshot - {}
RESULT: {}
COMMAND: POST /session/bc71e28d1f2e1ed7c8b961c2149bcffe/element - {"using":"xpath","value":"//span[contains(text(), \"300003\")]"}
RESULT: {"using":"xpath","value":"//span[contains(text(), \"300003\")]"}
COMMAND: POST /session/bc71e28d1f2e1ed7c8b961c2149bcffe/element/f.65EA279DE37407F0D83DF198F8358C68.d.0CAF49BEB13B77FC99345CA0CA9082AC.e.3231/click - {}
RESULT: {}
COMMAND: GET /session/bc71e28d1f2e1ed7c8b961c2149bcffe/screenshot - {}
RESULT: {}
COMMAND: POST /session/bc71e28d1f2e1ed7c8b961c2149bcffe/element - {"using":"xpath","value":"//bdi[contains(text(), \"OK\")]"}
RESULT: {"using":"xpath","value":"//bdi[contains(text(), \"OK\")]"}
COMMAND: POST /session/bc71e28d1f2e1ed7c8b961c2149bcffe/element/f.65EA279DE37407F0D83DF198F8358C68.d.0CAF49BEB13B77FC99345CA0CA9082AC.e.3233/click - {}
RESULT: {}
COMMAND: GET /session/bc71e28d1f2e1ed7c8b961c2149bcffe/screenshot - {}
RESULT: {}
COMMAND: POST /session/bc71e28d1f2e1ed7c8b961c2149bcffe/execute/async - {"script":"<script> [1562 bytes]","args":[{"selector":{"id":"application-managepartners-display-component---NewPartner--intercompVendorComboBox-application-managepartners-display-component---NewPartner--assignmentsTable-0-vhi"},"wdio_ui5_key":"applicationmanagepartners-display-component---NewPartner--intercompVendorComboBox-application-managepartners-display-component---NewPartner--assignmentsTable-0-vhi"}]}
RESULT: {"script":"<script> [1562 bytes]","args":[{"selector":{"id":"application-managepartners-display-component---NewPartner--intercompVendorComboBox-application-managepartners-display-component---NewPartner--assignmentsTable-0-vhi"},"wdio_ui5_key":"applicationmanagepartners-display-component---NewPartner--intercompVendorComboBox-application-managepartners-display-component---NewPartner--assignmentsTable-0-vhi"}]}
RESULT: undefined
COMMAND: POST /session/bc71e28d1f2e1ed7c8b961c2149bcffe/element - {"using":"xpath","value":"//*[@id=\"application-managepartners-display-component---NewPartner--intercompVendorComboBox-application-managepartners-display-component---NewPartner--assignmentsTable-0-vhi\"]"}
RESULT: {"using":"xpath","value":"//*[@id=\"application-managepartners-display-component---NewPartner--intercompVendorComboBox-application-managepartners-display-component---NewPartner--assignmentsTable-0-vhi\"]"}
COMMAND: POST /session/bc71e28d1f2e1ed7c8b961c2149bcffe/element/f.65EA279DE37407F0D83DF198F8358C68.d.0CAF49BEB13B77FC99345CA0CA9082AC.e.3236/click - {}
RESULT: {}
RESULT: undefined
COMMAND: POST /session/bc71e28d1f2e1ed7c8b961c2149bcffe/execute/async - {"script":"<script> [776 bytes]","args":[{"enterText":"100005","selector":{"controlType":"sap.m.SearchField","properties":{"placeholder":"Search"},"searchOpenDialogs":true,"interaction":{"idSuffix":"I"}},"clearTextFirst":true,"interactionType":"ENTER_TEXT"}]}
COMMAND: GET /session/bc71e28d1f2e1ed7c8b961c2149bcffe/screenshot - {}
RESULT: {"script":"<script> [776 bytes]","args":[{"enterText":"100005","selector":{"controlType":"sap.m.SearchField","properties":{"placeholder":"Search"},"searchOpenDialogs":true,"interaction":{"idSuffix":"I"}},"clearTextFirst":true,"interactionType":"ENTER_TEXT"}]}
COMMAND: POST /session/bc71e28d1f2e1ed7c8b961c2149bcffe/actions - {"actions":[{"id":"action8","type":"key","parameters":{},"actions":[{"type":"keyDown","value":"î€‡"},{"type":"pause","duration":10},{"type":"keyUp","value":"î€‡"}]}]}
RESULT: {}
RESULT: {"actions":[{"id":"action8","type":"key","parameters":{},"actions":[{"type":"keyDown","value":"î€‡"},{"type":"pause","duration":10},{"type":"keyUp","value":"î€‡"}]}]}
COMMAND: GET /session/bc71e28d1f2e1ed7c8b961c2149bcffe/screenshot - {}
RESULT: {}
COMMAND: POST /session/bc71e28d1f2e1ed7c8b961c2149bcffe/element - {"using":"xpath","value":"//span[contains(text(), \"Penguins - Field/12345 Berlin\")]"}
RESULT: {"using":"xpath","value":"//span[contains(text(), \"Penguins - Field/12345 Berlin\")]"}
COMMAND: POST /session/bc71e28d1f2e1ed7c8b961c2149bcffe/element/f.65EA279DE37407F0D83DF198F8358C68.d.0CAF49BEB13B77FC99345CA0CA9082AC.e.3253/click - {}
RESULT: {}
COMMAND: GET /session/bc71e28d1f2e1ed7c8b961c2149bcffe/screenshot - {}
RESULT: {}
COMMAND: POST /session/bc71e28d1f2e1ed7c8b961c2149bcffe/element - {"using":"xpath","value":"//bdi[contains(text(), \"OK\")]"}
RESULT: {"using":"xpath","value":"//bdi[contains(text(), \"OK\")]"}
COMMAND: POST /session/bc71e28d1f2e1ed7c8b961c2149bcffe/element/f.65EA279DE37407F0D83DF198F8358C68.d.0CAF49BEB13B77FC99345CA0CA9082AC.e.3254/click - {}
RESULT: {}
COMMAND: GET /session/bc71e28d1f2e1ed7c8b961c2149bcffe/screenshot - {}
RESULT: {}
COMMAND: POST /session/bc71e28d1f2e1ed7c8b961c2149bcffe/element - {"using":"xpath","value":"//button[@data-kt=\"saveButton\"]"}
RESULT: {"using":"xpath","value":"//button[@data-kt=\"saveButton\"]"}
COMMAND: POST /session/bc71e28d1f2e1ed7c8b961c2149bcffe/element/f.65EA279DE37407F0D83DF198F8358C68.d.0CAF49BEB13B77FC99345CA0CA9082AC.e.3099/click - {}
RESULT: {}
COMMAND: GET /session/bc71e28d1f2e1ed7c8b961c2149bcffe/screenshot - {}
RESULT: {}
COMMAND: POST /session/bc71e28d1f2e1ed7c8b961c2149bcffe/element - {"using":"xpath","value":"//header[contains(@id, 'ObjectPageLayout-headerTitle')]/div[1]/div[2]/div[2]/span[1]"}
RESULT: {"using":"xpath","value":"//header[contains(@id, 'ObjectPageLayout-headerTitle')]/div[1]/div[2]/div[2]/span[1]"}
COMMAND: POST /session/bc71e28d1f2e1ed7c8b961c2149bcffe/elements - {"using":"xpath","value":"//header[contains(@id, 'ObjectPageLayout-headerTitle')]/div[1]/div[2]/div[2]/span[1]"}
RESULT: {"using":"xpath","value":"//header[contains(@id, 'ObjectPageLayout-headerTitle')]/div[1]/div[2]/div[2]/span[1]"}
COMMAND: POST /session/bc71e28d1f2e1ed7c8b961c2149bcffe/execute/sync - {"script":"<script> [56 bytes]","args":[{"element-6066-11e4-a52e-4f735466cecf":"f.65EA279DE37407F0D83DF198F8358C68.d.0CAF49BEB13B77FC99345CA0CA9082AC.e.3418","ELEMENT":"f.65EA279DE37407F0D83DF198F8358C68.d.0CAF49BEB13B77FC99345CA0CA9082AC.e.3418"}]}
RESULT: {"script":"<script> [56 bytes]","args":[{"element-6066-11e4-a52e-4f735466cecf":"f.65EA279DE37407F0D83DF198F8358C68.d.0CAF49BEB13B77FC99345CA0CA9082AC.e.3418","ELEMENT":"f.65EA279DE37407F0D83DF198F8358C68.d.0CAF49BEB13B77FC99345CA0CA9082AC.e.3418"}]}
COMMAND: POST /session/bc71e28d1f2e1ed7c8b961c2149bcffe/element - {"using":"css selector","value":"#shell-header-logo"}
COMMAND: GET /session/bc71e28d1f2e1ed7c8b961c2149bcffe/screenshot - {}
RESULT: {"using":"css selector","value":"#shell-header-logo"}
COMMAND: POST /session/bc71e28d1f2e1ed7c8b961c2149bcffe/element/f.65EA279DE37407F0D83DF198F8358C68.d.0CAF49BEB13B77FC99345CA0CA9082AC.e.2642/click - {}
RESULT: {}
RESULT: {}
COMMAND: GET /session/bc71e28d1f2e1ed7c8b961c2149bcffe/screenshot - {}
RESULT: {}
COMMAND: POST /session/bc71e28d1f2e1ed7c8b961c2149bcffe/execute/sync - {"script":"<script> [299 bytes]","args":[["getModel","getResource"]]}
RESULT: {"script":"<script> [299 bytes]","args":[["getModel","getResource"]]}
]]></system-out>
    </testcase>
    <testcase classname="chrome.135_0_7049_96.windows.Edit_and_delete_daily_price_US134629_US134627" name="Should create a new site used for following tests" time="76.609">
      <system-out><![CDATA[
COMMAND: POST /session/bc71e28d1f2e1ed7c8b961c2149bcffe/execute/async - {"script":"<script> [1562 bytes]","args":[{"selector":{"controlType":"sap.m.TileContent","bindingPath":{"path":"","propertyPath":"/properties/info"},"ancestor":{"controlType":"sap.m.GenericTile","properties":{"header":"Manage Sites"}}},"wdio_ui5_key":"sapm.TileContent{\"path\":\"\",\"propertyPath\":\"/properties/info\"}{\"controlType\":\"sap.m.GenericTile\",\"properties\":{\"header\":\"Manage Sites\"}}"}]}
COMMAND: GET /session/bc71e28d1f2e1ed7c8b961c2149bcffe/screenshot - {}
RESULT: {"script":"<script> [1562 bytes]","args":[{"selector":{"controlType":"sap.m.TileContent","bindingPath":{"path":"","propertyPath":"/properties/info"},"ancestor":{"controlType":"sap.m.GenericTile","properties":{"header":"Manage Sites"}}},"wdio_ui5_key":"sapm.TileContent{\"path\":\"\",\"propertyPath\":\"/properties/info\"}{\"controlType\":\"sap.m.GenericTile\",\"properties\":{\"header\":\"Manage Sites\"}}"}]}
RESULT: undefined
COMMAND: POST /session/bc71e28d1f2e1ed7c8b961c2149bcffe/element - {"using":"xpath","value":"//*[@id=\"__xmlview7--numericTileContent\"]"}
RESULT: {}
RESULT: {"using":"xpath","value":"//*[@id=\"__xmlview7--numericTileContent\"]"}
COMMAND: POST /session/bc71e28d1f2e1ed7c8b961c2149bcffe/element/f.65EA279DE37407F0D83DF198F8358C68.d.0CAF49BEB13B77FC99345CA0CA9082AC.e.3420/click - {}
RESULT: {}
COMMAND: POST /session/bc71e28d1f2e1ed7c8b961c2149bcffe/element - {"using":"xpath","value":"//button[@data-kt=\"addOverflowToolbarButton\"]"}
COMMAND: GET /session/bc71e28d1f2e1ed7c8b961c2149bcffe/screenshot - {}
RESULT: {"using":"xpath","value":"//button[@data-kt=\"addOverflowToolbarButton\"]"}
COMMAND: POST /session/bc71e28d1f2e1ed7c8b961c2149bcffe/elements - {"using":"xpath","value":"//button[@data-kt=\"addOverflowToolbarButton\"]"}
RESULT: {}
RESULT: {"using":"xpath","value":"//button[@data-kt=\"addOverflowToolbarButton\"]"}
COMMAND: POST /session/bc71e28d1f2e1ed7c8b961c2149bcffe/elements - {"using":"xpath","value":"//button[@data-kt=\"addOverflowToolbarButton\"]"}
RESULT: {"using":"xpath","value":"//button[@data-kt=\"addOverflowToolbarButton\"]"}
COMMAND: POST /session/bc71e28d1f2e1ed7c8b961c2149bcffe/elements - {"using":"xpath","value":"//button[@data-kt=\"addOverflowToolbarButton\"]"}
RESULT: {"using":"xpath","value":"//button[@data-kt=\"addOverflowToolbarButton\"]"}
COMMAND: POST /session/bc71e28d1f2e1ed7c8b961c2149bcffe/elements - {"using":"xpath","value":"//button[@data-kt=\"addOverflowToolbarButton\"]"}
RESULT: {"using":"xpath","value":"//button[@data-kt=\"addOverflowToolbarButton\"]"}
COMMAND: POST /session/bc71e28d1f2e1ed7c8b961c2149bcffe/element - {"using":"xpath","value":"//button[@data-kt=\"addOverflowToolbarButton\"]"}
RESULT: {"using":"xpath","value":"//button[@data-kt=\"addOverflowToolbarButton\"]"}
COMMAND: POST /session/bc71e28d1f2e1ed7c8b961c2149bcffe/execute/sync - {"script":"<script> [8489 bytes]","args":[{"element-6066-11e4-a52e-4f735466cecf":"f.65EA279DE37407F0D83DF198F8358C68.d.0CAF49BEB13B77FC99345CA0CA9082AC.e.3466","ELEMENT":"f.65EA279DE37407F0D83DF198F8358C68.d.0CAF49BEB13B77FC99345CA0CA9082AC.e.3466"}]}
RESULT: {"script":"<script> [8489 bytes]","args":[{"element-6066-11e4-a52e-4f735466cecf":"f.65EA279DE37407F0D83DF198F8358C68.d.0CAF49BEB13B77FC99345CA0CA9082AC.e.3466","ELEMENT":"f.65EA279DE37407F0D83DF198F8358C68.d.0CAF49BEB13B77FC99345CA0CA9082AC.e.3466"}]}
COMMAND: GET /session/bc71e28d1f2e1ed7c8b961c2149bcffe/element/f.65EA279DE37407F0D83DF198F8358C68.d.0CAF49BEB13B77FC99345CA0CA9082AC.e.3466/enabled - {}
COMMAND: GET /session/bc71e28d1f2e1ed7c8b961c2149bcffe/screenshot - {}
RESULT: {}
COMMAND: POST /session/bc71e28d1f2e1ed7c8b961c2149bcffe/execute/sync - {"script":"<script> [8489 bytes]","args":[{"element-6066-11e4-a52e-4f735466cecf":"f.65EA279DE37407F0D83DF198F8358C68.d.0CAF49BEB13B77FC99345CA0CA9082AC.e.3466","ELEMENT":"f.65EA279DE37407F0D83DF198F8358C68.d.0CAF49BEB13B77FC99345CA0CA9082AC.e.3466"}]}
COMMAND: GET /session/bc71e28d1f2e1ed7c8b961c2149bcffe/screenshot - {}
RESULT: {}
RESULT: {"script":"<script> [8489 bytes]","args":[{"element-6066-11e4-a52e-4f735466cecf":"f.65EA279DE37407F0D83DF198F8358C68.d.0CAF49BEB13B77FC99345CA0CA9082AC.e.3466","ELEMENT":"f.65EA279DE37407F0D83DF198F8358C68.d.0CAF49BEB13B77FC99345CA0CA9082AC.e.3466"}]}
COMMAND: POST /session/bc71e28d1f2e1ed7c8b961c2149bcffe/execute/sync - {"script":"<script> [5351 bytes]","args":[{"element-6066-11e4-a52e-4f735466cecf":"f.65EA279DE37407F0D83DF198F8358C68.d.0CAF49BEB13B77FC99345CA0CA9082AC.e.3466","ELEMENT":"f.65EA279DE37407F0D83DF198F8358C68.d.0CAF49BEB13B77FC99345CA0CA9082AC.e.3466"}]}
COMMAND: GET /session/bc71e28d1f2e1ed7c8b961c2149bcffe/screenshot - {}
RESULT: {}
RESULT: {"script":"<script> [5351 bytes]","args":[{"element-6066-11e4-a52e-4f735466cecf":"f.65EA279DE37407F0D83DF198F8358C68.d.0CAF49BEB13B77FC99345CA0CA9082AC.e.3466","ELEMENT":"f.65EA279DE37407F0D83DF198F8358C68.d.0CAF49BEB13B77FC99345CA0CA9082AC.e.3466"}]}
COMMAND: POST /session/bc71e28d1f2e1ed7c8b961c2149bcffe/element/f.65EA279DE37407F0D83DF198F8358C68.d.0CAF49BEB13B77FC99345CA0CA9082AC.e.3466/click - {}
COMMAND: GET /session/bc71e28d1f2e1ed7c8b961c2149bcffe/screenshot - {}
RESULT: {}
RESULT: {}
COMMAND: GET /session/bc71e28d1f2e1ed7c8b961c2149bcffe/screenshot - {}
RESULT: {}
RESULT: {}
COMMAND: POST /session/bc71e28d1f2e1ed7c8b961c2149bcffe/execute/async - {"script":"<script> [1562 bytes]","args":[{"selector":{"id":"application-managesites-display-component---NewSite--addressDetailDetailsName1","interaction":{"idSuffix":"inner"}},"wdio_ui5_key":"applicationmanagesites-display-component---NewSite--addressDetailDetailsName1"}]}
RESULT: {"script":"<script> [1562 bytes]","args":[{"selector":{"id":"application-managesites-display-component---NewSite--addressDetailDetailsName1","interaction":{"idSuffix":"inner"}},"wdio_ui5_key":"applicationmanagesites-display-component---NewSite--addressDetailDetailsName1"}]}
RESULT: undefined
COMMAND: POST /session/bc71e28d1f2e1ed7c8b961c2149bcffe/execute/async - {"script":"<script> [776 bytes]","args":[{"enterText":"DailyPrice WDIO","selector":{"id":"application-managesites-display-component---NewSite--addressDetailDetailsName1","interaction":{"idSuffix":"inner"}},"clearTextFirst":true,"interactionType":"ENTER_TEXT"}]}
RESULT: {"script":"<script> [776 bytes]","args":[{"enterText":"DailyPrice WDIO","selector":{"id":"application-managesites-display-component---NewSite--addressDetailDetailsName1","interaction":{"idSuffix":"inner"}},"clearTextFirst":true,"interactionType":"ENTER_TEXT"}]}
COMMAND: POST /session/bc71e28d1f2e1ed7c8b961c2149bcffe/execute/async - {"script":"<script> [1562 bytes]","args":[{"selector":{"id":"application-managesites-display-component---NewSite--addressDetailDetailsLanguage-arrow"},"wdio_ui5_key":"applicationmanagesites-display-component---NewSite--addressDetailDetailsLanguage-arrow"}]}
RESULT: {"script":"<script> [1562 bytes]","args":[{"selector":{"id":"application-managesites-display-component---NewSite--addressDetailDetailsLanguage-arrow"},"wdio_ui5_key":"applicationmanagesites-display-component---NewSite--addressDetailDetailsLanguage-arrow"}]}
RESULT: undefined
COMMAND: POST /session/bc71e28d1f2e1ed7c8b961c2149bcffe/element - {"using":"xpath","value":"//*[@id=\"application-managesites-display-component---NewSite--addressDetailDetailsLanguage-arrow\"]"}
RESULT: {"using":"xpath","value":"//*[@id=\"application-managesites-display-component---NewSite--addressDetailDetailsLanguage-arrow\"]"}
COMMAND: POST /session/bc71e28d1f2e1ed7c8b961c2149bcffe/element/f.65EA279DE37407F0D83DF198F8358C68.d.0CAF49BEB13B77FC99345CA0CA9082AC.e.3860/click - {}
RESULT: {}
COMMAND: POST /session/bc71e28d1f2e1ed7c8b961c2149bcffe/element - {"using":"xpath","value":"//span[contains(text(), \"English\")]"}
COMMAND: GET /session/bc71e28d1f2e1ed7c8b961c2149bcffe/screenshot - {}
RESULT: {"using":"xpath","value":"//span[contains(text(), \"English\")]"}
COMMAND: POST /session/bc71e28d1f2e1ed7c8b961c2149bcffe/element/f.65EA279DE37407F0D83DF198F8358C68.d.0CAF49BEB13B77FC99345CA0CA9082AC.e.3861/click - {}
RESULT: {}
RESULT: {}
COMMAND: POST /session/bc71e28d1f2e1ed7c8b961c2149bcffe/execute/async - {"script":"<script> [1562 bytes]","args":[{"selector":{"id":"application-managesites-display-component---NewSite--addressDetailDetailsCity1","interaction":{"idSuffix":"inner"}},"wdio_ui5_key":"applicationmanagesites-display-component---NewSite--addressDetailDetailsCity1"}]}
COMMAND: GET /session/bc71e28d1f2e1ed7c8b961c2149bcffe/screenshot - {}
RESULT: {"script":"<script> [1562 bytes]","args":[{"selector":{"id":"application-managesites-display-component---NewSite--addressDetailDetailsCity1","interaction":{"idSuffix":"inner"}},"wdio_ui5_key":"applicationmanagesites-display-component---NewSite--addressDetailDetailsCity1"}]}
RESULT: undefined
COMMAND: POST /session/bc71e28d1f2e1ed7c8b961c2149bcffe/execute/async - {"script":"<script> [776 bytes]","args":[{"enterText":"Rosario","selector":{"id":"application-managesites-display-component---NewSite--addressDetailDetailsCity1","interaction":{"idSuffix":"inner"}},"clearTextFirst":true,"interactionType":"ENTER_TEXT"}]}
RESULT: {}
RESULT: {"script":"<script> [776 bytes]","args":[{"enterText":"Rosario","selector":{"id":"application-managesites-display-component---NewSite--addressDetailDetailsCity1","interaction":{"idSuffix":"inner"}},"clearTextFirst":true,"interactionType":"ENTER_TEXT"}]}
COMMAND: POST /session/bc71e28d1f2e1ed7c8b961c2149bcffe/execute/async - {"script":"<script> [1562 bytes]","args":[{"selector":{"id":"application-managesites-display-component---NewSite--addressDetailDetailsCountry-arrow"},"wdio_ui5_key":"applicationmanagesites-display-component---NewSite--addressDetailDetailsCountry-arrow"}]}
RESULT: {"script":"<script> [1562 bytes]","args":[{"selector":{"id":"application-managesites-display-component---NewSite--addressDetailDetailsCountry-arrow"},"wdio_ui5_key":"applicationmanagesites-display-component---NewSite--addressDetailDetailsCountry-arrow"}]}
RESULT: undefined
COMMAND: POST /session/bc71e28d1f2e1ed7c8b961c2149bcffe/element - {"using":"xpath","value":"//*[@id=\"application-managesites-display-component---NewSite--addressDetailDetailsCountry-arrow\"]"}
RESULT: {"using":"xpath","value":"//*[@id=\"application-managesites-display-component---NewSite--addressDetailDetailsCountry-arrow\"]"}
COMMAND: POST /session/bc71e28d1f2e1ed7c8b961c2149bcffe/element/f.65EA279DE37407F0D83DF198F8358C68.d.0CAF49BEB13B77FC99345CA0CA9082AC.e.3863/click - {}
RESULT: {}
COMMAND: POST /session/bc71e28d1f2e1ed7c8b961c2149bcffe/element - {"using":"xpath","value":"//span[contains(text(), \"Argentina\")]"}
COMMAND: GET /session/bc71e28d1f2e1ed7c8b961c2149bcffe/screenshot - {}
RESULT: {"using":"xpath","value":"//span[contains(text(), \"Argentina\")]"}
COMMAND: POST /session/bc71e28d1f2e1ed7c8b961c2149bcffe/element/f.65EA279DE37407F0D83DF198F8358C68.d.0CAF49BEB13B77FC99345CA0CA9082AC.e.3864/click - {}
RESULT: {}
RESULT: {}
COMMAND: GET /session/bc71e28d1f2e1ed7c8b961c2149bcffe/screenshot - {}
RESULT: {}
COMMAND: POST /session/bc71e28d1f2e1ed7c8b961c2149bcffe/execute/async - {"script":"<script> [1562 bytes]","args":[{"selector":{"id":"application-managesites-display-component---NewSite--addressEditDetailsCostObjectCstType-arrow"},"wdio_ui5_key":"applicationmanagesites-display-component---NewSite--addressEditDetailsCostObjectCstType-arrow"}]}
RESULT: {"script":"<script> [1562 bytes]","args":[{"selector":{"id":"application-managesites-display-component---NewSite--addressEditDetailsCostObjectCstType-arrow"},"wdio_ui5_key":"applicationmanagesites-display-component---NewSite--addressEditDetailsCostObjectCstType-arrow"}]}
RESULT: undefined
COMMAND: POST /session/bc71e28d1f2e1ed7c8b961c2149bcffe/element - {"using":"xpath","value":"//*[@id=\"application-managesites-display-component---NewSite--addressEditDetailsCostObjectCstType-arrow\"]"}
RESULT: {"using":"xpath","value":"//*[@id=\"application-managesites-display-component---NewSite--addressEditDetailsCostObjectCstType-arrow\"]"}
COMMAND: POST /session/bc71e28d1f2e1ed7c8b961c2149bcffe/element/f.65EA279DE37407F0D83DF198F8358C68.d.0CAF49BEB13B77FC99345CA0CA9082AC.e.3866/click - {}
RESULT: {}
COMMAND: POST /session/bc71e28d1f2e1ed7c8b961c2149bcffe/element - {"using":"xpath","value":"//span[contains(text(), \"Cost Center\")]"}
COMMAND: GET /session/bc71e28d1f2e1ed7c8b961c2149bcffe/screenshot - {}
RESULT: {"using":"xpath","value":"//span[contains(text(), \"Cost Center\")]"}
COMMAND: POST /session/bc71e28d1f2e1ed7c8b961c2149bcffe/element/f.65EA279DE37407F0D83DF198F8358C68.d.0CAF49BEB13B77FC99345CA0CA9082AC.e.3867/click - {}
RESULT: {}
RESULT: {}
COMMAND: GET /session/bc71e28d1f2e1ed7c8b961c2149bcffe/screenshot - {}
RESULT: {}
COMMAND: POST /session/bc71e28d1f2e1ed7c8b961c2149bcffe/element - {"using":"xpath","value":"//span[@id=\"application-managesites-display-component---NewSite--addressNewCostObjectCstID-vhi\"]"}
RESULT: {"using":"xpath","value":"//span[@id=\"application-managesites-display-component---NewSite--addressNewCostObjectCstID-vhi\"]"}
COMMAND: POST /session/bc71e28d1f2e1ed7c8b961c2149bcffe/execute/sync - {"script":"<script> [8489 bytes]","args":[{"element-6066-11e4-a52e-4f735466cecf":"f.65EA279DE37407F0D83DF198F8358C68.d.0CAF49BEB13B77FC99345CA0CA9082AC.e.3872","ELEMENT":"f.65EA279DE37407F0D83DF198F8358C68.d.0CAF49BEB13B77FC99345CA0CA9082AC.e.3872"}]}
RESULT: {"script":"<script> [8489 bytes]","args":[{"element-6066-11e4-a52e-4f735466cecf":"f.65EA279DE37407F0D83DF198F8358C68.d.0CAF49BEB13B77FC99345CA0CA9082AC.e.3872","ELEMENT":"f.65EA279DE37407F0D83DF198F8358C68.d.0CAF49BEB13B77FC99345CA0CA9082AC.e.3872"}]}
COMMAND: POST /session/bc71e28d1f2e1ed7c8b961c2149bcffe/execute/async - {"script":"<script> [1562 bytes]","args":[{"selector":{"id":"application-managesites-display-component---NewSite--addressNewCostObjectCstID-vhi"},"wdio_ui5_key":"applicationmanagesites-display-component---NewSite--addressNewCostObjectCstID-vhi"}]}
COMMAND: GET /session/bc71e28d1f2e1ed7c8b961c2149bcffe/screenshot - {}
RESULT: {"script":"<script> [1562 bytes]","args":[{"selector":{"id":"application-managesites-display-component---NewSite--addressNewCostObjectCstID-vhi"},"wdio_ui5_key":"applicationmanagesites-display-component---NewSite--addressNewCostObjectCstID-vhi"}]}
RESULT: undefined
COMMAND: POST /session/bc71e28d1f2e1ed7c8b961c2149bcffe/element - {"using":"xpath","value":"//*[@id=\"application-managesites-display-component---NewSite--addressNewCostObjectCstID-vhi\"]"}
RESULT: {}
RESULT: {"using":"xpath","value":"//*[@id=\"application-managesites-display-component---NewSite--addressNewCostObjectCstID-vhi\"]"}
COMMAND: POST /session/bc71e28d1f2e1ed7c8b961c2149bcffe/element/f.65EA279DE37407F0D83DF198F8358C68.d.0CAF49BEB13B77FC99345CA0CA9082AC.e.3872/click - {}
RESULT: {}
COMMAND: GET /session/bc71e28d1f2e1ed7c8b961c2149bcffe/screenshot - {}
RESULT: {}
RESULT: undefined
COMMAND: POST /session/bc71e28d1f2e1ed7c8b961c2149bcffe/execute/async - {"script":"<script> [776 bytes]","args":[{"enterText":"10001013","selector":{"controlType":"sap.m.SearchField","properties":{"placeholder":"Search"},"searchOpenDialogs":true,"interaction":{"idSuffix":"I"}},"clearTextFirst":true,"interactionType":"ENTER_TEXT"}]}
RESULT: {"script":"<script> [776 bytes]","args":[{"enterText":"10001013","selector":{"controlType":"sap.m.SearchField","properties":{"placeholder":"Search"},"searchOpenDialogs":true,"interaction":{"idSuffix":"I"}},"clearTextFirst":true,"interactionType":"ENTER_TEXT"}]}
COMMAND: POST /session/bc71e28d1f2e1ed7c8b961c2149bcffe/actions - {"actions":[{"id":"action9","type":"key","parameters":{},"actions":[{"type":"keyDown","value":"î€‡"},{"type":"pause","duration":10},{"type":"keyUp","value":"î€‡"}]}]}
RESULT: {"actions":[{"id":"action9","type":"key","parameters":{},"actions":[{"type":"keyDown","value":"î€‡"},{"type":"pause","duration":10},{"type":"keyUp","value":"î€‡"}]}]}
COMMAND: GET /session/bc71e28d1f2e1ed7c8b961c2149bcffe/screenshot - {}
RESULT: {}
COMMAND: POST /session/bc71e28d1f2e1ed7c8b961c2149bcffe/element - {"using":"xpath","value":"//span[contains(text(), \"General Management\")]"}
RESULT: {"using":"xpath","value":"//span[contains(text(), \"General Management\")]"}
COMMAND: POST /session/bc71e28d1f2e1ed7c8b961c2149bcffe/element/f.65EA279DE37407F0D83DF198F8358C68.d.0CAF49BEB13B77FC99345CA0CA9082AC.e.3911/click - {}
RESULT: {}
COMMAND: GET /session/bc71e28d1f2e1ed7c8b961c2149bcffe/screenshot - {}
RESULT: {}
COMMAND: POST /session/bc71e28d1f2e1ed7c8b961c2149bcffe/element - {"using":"xpath","value":"//bdi[contains(text(), \"OK\")]"}
RESULT: {"using":"xpath","value":"//bdi[contains(text(), \"OK\")]"}
COMMAND: POST /session/bc71e28d1f2e1ed7c8b961c2149bcffe/element/f.65EA279DE37407F0D83DF198F8358C68.d.0CAF49BEB13B77FC99345CA0CA9082AC.e.3912/click - {}
RESULT: {}
COMMAND: GET /session/bc71e28d1f2e1ed7c8b961c2149bcffe/screenshot - {}
RESULT: {}
COMMAND: POST /session/bc71e28d1f2e1ed7c8b961c2149bcffe/element - {"using":"xpath","value":"//input[@id=\"application-managesites-display-component---NewSite--addressDetailDetailsCalendar-inner\"]"}
RESULT: {"using":"xpath","value":"//input[@id=\"application-managesites-display-component---NewSite--addressDetailDetailsCalendar-inner\"]"}
COMMAND: POST /session/bc71e28d1f2e1ed7c8b961c2149bcffe/element/f.65EA279DE37407F0D83DF198F8358C68.d.0CAF49BEB13B77FC99345CA0CA9082AC.e.3660/clear - {}
RESULT: {}
COMMAND: POST /session/bc71e28d1f2e1ed7c8b961c2149bcffe/element/f.65EA279DE37407F0D83DF198F8358C68.d.0CAF49BEB13B77FC99345CA0CA9082AC.e.3660/value - {"text":"Unit"}
COMMAND: GET /session/bc71e28d1f2e1ed7c8b961c2149bcffe/screenshot - {}
RESULT: {"text":"Unit"}
COMMAND: GET /session/bc71e28d1f2e1ed7c8b961c2149bcffe/screenshot - {}
RESULT: {}
RESULT: {}
COMMAND: POST /session/bc71e28d1f2e1ed7c8b961c2149bcffe/actions - {"actions":[{"id":"action10","type":"key","parameters":{},"actions":[{"type":"keyDown","value":"î€‡"},{"type":"pause","duration":10},{"type":"keyUp","value":"î€‡"}]}]}
RESULT: {"actions":[{"id":"action10","type":"key","parameters":{},"actions":[{"type":"keyDown","value":"î€‡"},{"type":"pause","duration":10},{"type":"keyUp","value":"î€‡"}]}]}
COMMAND: POST /session/bc71e28d1f2e1ed7c8b961c2149bcffe/element - {"using":"xpath","value":"//input[@id=\"application-managesites-display-component---NewSite--addressDetailDetailsYard-inner\"]"}
COMMAND: GET /session/bc71e28d1f2e1ed7c8b961c2149bcffe/screenshot - {}
RESULT: {"using":"xpath","value":"//input[@id=\"application-managesites-display-component---NewSite--addressDetailDetailsYard-inner\"]"}
COMMAND: POST /session/bc71e28d1f2e1ed7c8b961c2149bcffe/element/f.65EA279DE37407F0D83DF198F8358C68.d.0CAF49BEB13B77FC99345CA0CA9082AC.e.3661/clear - {}
RESULT: {}
RESULT: {}
COMMAND: POST /session/bc71e28d1f2e1ed7c8b961c2149bcffe/element/f.65EA279DE37407F0D83DF198F8358C68.d.0CAF49BEB13B77FC99345CA0CA9082AC.e.3661/value - {"text":"262"}
COMMAND: GET /session/bc71e28d1f2e1ed7c8b961c2149bcffe/screenshot - {}
RESULT: {"text":"262"}
COMMAND: GET /session/bc71e28d1f2e1ed7c8b961c2149bcffe/screenshot - {}
RESULT: {}
RESULT: {}
COMMAND: POST /session/bc71e28d1f2e1ed7c8b961c2149bcffe/element - {"using":"xpath","value":"//li[.//span[text()='262']]"}
RESULT: {"using":"xpath","value":"//li[.//span[text()='262']]"}
COMMAND: POST /session/bc71e28d1f2e1ed7c8b961c2149bcffe/element/f.65EA279DE37407F0D83DF198F8358C68.d.0CAF49BEB13B77FC99345CA0CA9082AC.e.3920/click - {}
RESULT: {}
COMMAND: GET /session/bc71e28d1f2e1ed7c8b961c2149bcffe/screenshot - {}
RESULT: {}
COMMAND: POST /session/bc71e28d1f2e1ed7c8b961c2149bcffe/element - {"using":"xpath","value":"//input[@id=\"application-managesites-display-component---NewSite--addressDetailDetailsPartner-inner\"]"}
RESULT: {"using":"xpath","value":"//input[@id=\"application-managesites-display-component---NewSite--addressDetailDetailsPartner-inner\"]"}
COMMAND: POST /session/bc71e28d1f2e1ed7c8b961c2149bcffe/element - {"using":"xpath","value":"//input[@id=\"application-managesites-display-component---NewSite--addressDetailDetailsPartner-inner\"]"}
RESULT: {"using":"xpath","value":"//input[@id=\"application-managesites-display-component---NewSite--addressDetailDetailsPartner-inner\"]"}
COMMAND: POST /session/bc71e28d1f2e1ed7c8b961c2149bcffe/element - {"using":"xpath","value":"//button[@data-kt=\"saveButton\"]"}
RESULT: {"using":"xpath","value":"//button[@data-kt=\"saveButton\"]"}
COMMAND: POST /session/bc71e28d1f2e1ed7c8b961c2149bcffe/element/f.65EA279DE37407F0D83DF198F8358C68.d.0CAF49BEB13B77FC99345CA0CA9082AC.e.3843/click - {}
RESULT: {}
COMMAND: GET /session/bc71e28d1f2e1ed7c8b961c2149bcffe/screenshot - {}
RESULT: {}
COMMAND: POST /session/bc71e28d1f2e1ed7c8b961c2149bcffe/element - {"using":"xpath","value":"//header[contains(@id, 'ObjectPageLayout-headerTitle')]/div[1]/div[2]/div[2]/span[1]"}
RESULT: {"using":"xpath","value":"//header[contains(@id, 'ObjectPageLayout-headerTitle')]/div[1]/div[2]/div[2]/span[1]"}
COMMAND: POST /session/bc71e28d1f2e1ed7c8b961c2149bcffe/elements - {"using":"xpath","value":"//header[contains(@id, 'ObjectPageLayout-headerTitle')]/div[1]/div[2]/div[2]/span[1]"}
RESULT: {"using":"xpath","value":"//header[contains(@id, 'ObjectPageLayout-headerTitle')]/div[1]/div[2]/div[2]/span[1]"}
COMMAND: POST /session/bc71e28d1f2e1ed7c8b961c2149bcffe/execute/sync - {"script":"<script> [56 bytes]","args":[{"element-6066-11e4-a52e-4f735466cecf":"f.65EA279DE37407F0D83DF198F8358C68.d.0CAF49BEB13B77FC99345CA0CA9082AC.e.4125","ELEMENT":"f.65EA279DE37407F0D83DF198F8358C68.d.0CAF49BEB13B77FC99345CA0CA9082AC.e.4125"}]}
RESULT: {"script":"<script> [56 bytes]","args":[{"element-6066-11e4-a52e-4f735466cecf":"f.65EA279DE37407F0D83DF198F8358C68.d.0CAF49BEB13B77FC99345CA0CA9082AC.e.4125","ELEMENT":"f.65EA279DE37407F0D83DF198F8358C68.d.0CAF49BEB13B77FC99345CA0CA9082AC.e.4125"}]}
COMMAND: POST /session/bc71e28d1f2e1ed7c8b961c2149bcffe/element - {"using":"css selector","value":"#shell-header-logo"}
COMMAND: GET /session/bc71e28d1f2e1ed7c8b961c2149bcffe/screenshot - {}
RESULT: {"using":"css selector","value":"#shell-header-logo"}
COMMAND: POST /session/bc71e28d1f2e1ed7c8b961c2149bcffe/element/f.65EA279DE37407F0D83DF198F8358C68.d.0CAF49BEB13B77FC99345CA0CA9082AC.e.3424/click - {}
RESULT: {}
RESULT: {}
COMMAND: GET /session/bc71e28d1f2e1ed7c8b961c2149bcffe/screenshot - {}
RESULT: {}
COMMAND: POST /session/bc71e28d1f2e1ed7c8b961c2149bcffe/execute/sync - {"script":"<script> [299 bytes]","args":[["getModel","getResource"]]}
RESULT: {"script":"<script> [299 bytes]","args":[["getModel","getResource"]]}
]]></system-out>
    </testcase>
    <testcase classname="chrome.135_0_7049_96.windows.Edit_and_delete_daily_price_US134629_US134627" name="Should go to Manage Conditions Daily Price and add the 2 rows one with yard site and one with yard" time="51.279">
      <system-out><![CDATA[
COMMAND: POST /session/bc71e28d1f2e1ed7c8b961c2149bcffe/window/fullscreen - {}
COMMAND: GET /session/bc71e28d1f2e1ed7c8b961c2149bcffe/screenshot - {}
RESULT: {}
COMMAND: POST /session/bc71e28d1f2e1ed7c8b961c2149bcffe/execute/async - {"script":"<script> [1562 bytes]","args":[{"selector":{"controlType":"sap.m.GenericTile","properties":{"header":"Manage Conditions & Prices"}},"wdio_ui5_key":"sapm.GenericTile{\"header\":\"Manage Conditions & Prices\"}"}]}
RESULT: {}
RESULT: {"script":"<script> [1562 bytes]","args":[{"selector":{"controlType":"sap.m.GenericTile","properties":{"header":"Manage Conditions & Prices"}},"wdio_ui5_key":"sapm.GenericTile{\"header\":\"Manage Conditions & Prices\"}"}]}
RESULT: undefined
COMMAND: POST /session/bc71e28d1f2e1ed7c8b961c2149bcffe/element - {"using":"xpath","value":"//*[@id=\"__tile53\"]"}
RESULT: {"using":"xpath","value":"//*[@id=\"__tile53\"]"}
COMMAND: POST /session/bc71e28d1f2e1ed7c8b961c2149bcffe/element/f.65EA279DE37407F0D83DF198F8358C68.d.0CAF49BEB13B77FC99345CA0CA9082AC.e.2586/click - {}
RESULT: {}
COMMAND: POST /session/bc71e28d1f2e1ed7c8b961c2149bcffe/element - {"using":"xpath","value":"//button[@aria-label=\"Create\"]"}
COMMAND: GET /session/bc71e28d1f2e1ed7c8b961c2149bcffe/screenshot - {}
RESULT: {"using":"xpath","value":"//button[@aria-label=\"Create\"]"}
COMMAND: POST /session/bc71e28d1f2e1ed7c8b961c2149bcffe/elements - {"using":"xpath","value":"//button[@aria-label=\"Create\"]"}
RESULT: {}
RESULT: {"using":"xpath","value":"//button[@aria-label=\"Create\"]"}
COMMAND: POST /session/bc71e28d1f2e1ed7c8b961c2149bcffe/elements - {"using":"xpath","value":"//button[@aria-label=\"Create\"]"}
RESULT: {"using":"xpath","value":"//button[@aria-label=\"Create\"]"}
COMMAND: POST /session/bc71e28d1f2e1ed7c8b961c2149bcffe/elements - {"using":"xpath","value":"//button[@aria-label=\"Create\"]"}
RESULT: {"using":"xpath","value":"//button[@aria-label=\"Create\"]"}
COMMAND: POST /session/bc71e28d1f2e1ed7c8b961c2149bcffe/elements - {"using":"xpath","value":"//button[@aria-label=\"Create\"]"}
RESULT: {"using":"xpath","value":"//button[@aria-label=\"Create\"]"}
COMMAND: POST /session/bc71e28d1f2e1ed7c8b961c2149bcffe/elements - {"using":"xpath","value":"//button[@aria-label=\"Create\"]"}
RESULT: {"using":"xpath","value":"//button[@aria-label=\"Create\"]"}
COMMAND: POST /session/bc71e28d1f2e1ed7c8b961c2149bcffe/elements - {"using":"xpath","value":"//button[@aria-label=\"Create\"]"}
RESULT: {"using":"xpath","value":"//button[@aria-label=\"Create\"]"}
COMMAND: POST /session/bc71e28d1f2e1ed7c8b961c2149bcffe/elements - {"using":"xpath","value":"//button[@aria-label=\"Create\"]"}
RESULT: {"using":"xpath","value":"//button[@aria-label=\"Create\"]"}
COMMAND: POST /session/bc71e28d1f2e1ed7c8b961c2149bcffe/elements - {"using":"xpath","value":"//button[@aria-label=\"Create\"]"}
RESULT: {"using":"xpath","value":"//button[@aria-label=\"Create\"]"}
COMMAND: POST /session/bc71e28d1f2e1ed7c8b961c2149bcffe/elements - {"using":"xpath","value":"//button[@aria-label=\"Create\"]"}
RESULT: {"using":"xpath","value":"//button[@aria-label=\"Create\"]"}
COMMAND: POST /session/bc71e28d1f2e1ed7c8b961c2149bcffe/elements - {"using":"xpath","value":"//button[@aria-label=\"Create\"]"}
RESULT: {"using":"xpath","value":"//button[@aria-label=\"Create\"]"}
COMMAND: POST /session/bc71e28d1f2e1ed7c8b961c2149bcffe/elements - {"using":"xpath","value":"//button[@aria-label=\"Create\"]"}
RESULT: {"using":"xpath","value":"//button[@aria-label=\"Create\"]"}
COMMAND: POST /session/bc71e28d1f2e1ed7c8b961c2149bcffe/element - {"using":"xpath","value":"//button[@aria-label=\"Create\"]"}
RESULT: {"using":"xpath","value":"//button[@aria-label=\"Create\"]"}
COMMAND: POST /session/bc71e28d1f2e1ed7c8b961c2149bcffe/element/f.65EA279DE37407F0D83DF198F8358C68.d.0CAF49BEB13B77FC99345CA0CA9082AC.e.4156/click - {}
RESULT: {}
COMMAND: GET /session/bc71e28d1f2e1ed7c8b961c2149bcffe/screenshot - {}
RESULT: {}
COMMAND: POST /session/bc71e28d1f2e1ed7c8b961c2149bcffe/actions - {"actions":[{"id":"action11","type":"key","parameters":{},"actions":[{"type":"keyDown","value":"î€•"},{"type":"pause","duration":10},{"type":"keyUp","value":"î€•"}]}]}
RESULT: {"actions":[{"id":"action11","type":"key","parameters":{},"actions":[{"type":"keyDown","value":"î€•"},{"type":"pause","duration":10},{"type":"keyUp","value":"î€•"}]}]}
COMMAND: POST /session/bc71e28d1f2e1ed7c8b961c2149bcffe/actions - {"actions":[{"id":"action12","type":"key","parameters":{},"actions":[{"type":"keyDown","value":"î€‡"},{"type":"pause","duration":10},{"type":"keyUp","value":"î€‡"}]}]}
COMMAND: GET /session/bc71e28d1f2e1ed7c8b961c2149bcffe/screenshot - {}
RESULT: {"actions":[{"id":"action12","type":"key","parameters":{},"actions":[{"type":"keyDown","value":"î€‡"},{"type":"pause","duration":10},{"type":"keyUp","value":"î€‡"}]}]}
COMMAND: POST /session/bc71e28d1f2e1ed7c8b961c2149bcffe/execute/async - {"script":"<script> [1562 bytes]","args":[{"selector":{"controlType":"sap.m.Title","viewName":"etm.portal.ui.manageconditionprice.view.DailyPrices","viewId":"application-manageconditionprice-display-component---dailyPrices","i18NText":{"propertyName":"text","key":"dailyPrices"}},"wdio_ui5_key":"etmportal.ui.manageconditionprice.view.DailyPricessap.m.Title{\"propertyName\":\"text\",\"key\":\"dailyPrices\"}"}]}
COMMAND: GET /session/bc71e28d1f2e1ed7c8b961c2149bcffe/screenshot - {}
RESULT: {}
RESULT: {"script":"<script> [1562 bytes]","args":[{"selector":{"controlType":"sap.m.Title","viewName":"etm.portal.ui.manageconditionprice.view.DailyPrices","viewId":"application-manageconditionprice-display-component---dailyPrices","i18NText":{"propertyName":"text","key":"dailyPrices"}},"wdio_ui5_key":"etmportal.ui.manageconditionprice.view.DailyPricessap.m.Title{\"propertyName\":\"text\",\"key\":\"dailyPrices\"}"}]}
RESULT: undefined
COMMAND: POST /session/bc71e28d1f2e1ed7c8b961c2149bcffe/execute/async - {"script":"<script> [6424 bytes]","args":[{"element-6066-11e4-a52e-4f735466cecf":"f.65EA279DE37407F0D83DF198F8358C68.d.0CAF49BEB13B77FC99345CA0CA9082AC.e.4422"},"getText",[]]}
RESULT: {}
RESULT: {"script":"<script> [6424 bytes]","args":[{"element-6066-11e4-a52e-4f735466cecf":"f.65EA279DE37407F0D83DF198F8358C68.d.0CAF49BEB13B77FC99345CA0CA9082AC.e.4422"},"getText",[]]}
COMMAND: POST /session/bc71e28d1f2e1ed7c8b961c2149bcffe/execute/async - {"script":"<script> [1562 bytes]","args":[{"selector":{"id":"application-manageconditionprice-display-component---dailyPrices--condBillCond","interaction":{"idSuffix":"inner"}},"wdio_ui5_key":"applicationmanageconditionprice-display-component---dailyPrices--condBillCond"}]}
RESULT: {"script":"<script> [1562 bytes]","args":[{"selector":{"id":"application-manageconditionprice-display-component---dailyPrices--condBillCond","interaction":{"idSuffix":"inner"}},"wdio_ui5_key":"applicationmanageconditionprice-display-component---dailyPrices--condBillCond"}]}
RESULT: undefined
COMMAND: POST /session/bc71e28d1f2e1ed7c8b961c2149bcffe/execute/async - {"script":"<script> [776 bytes]","args":[{"enterText":"Residual Value %","selector":{"id":"application-manageconditionprice-display-component---dailyPrices--condBillCond","interaction":{"idSuffix":"inner"}},"clearTextFirst":true,"interactionType":"ENTER_TEXT"}]}
RESULT: {"script":"<script> [776 bytes]","args":[{"enterText":"Residual Value %","selector":{"id":"application-manageconditionprice-display-component---dailyPrices--condBillCond","interaction":{"idSuffix":"inner"}},"clearTextFirst":true,"interactionType":"ENTER_TEXT"}]}
COMMAND: POST /session/bc71e28d1f2e1ed7c8b961c2149bcffe/execute/async - {"script":"<script> [1562 bytes]","args":[{"selector":{"controlType":"sap.m.StandardListItem","viewName":"etm.portal.ui.manageconditionprice.view.DailyPrices","viewId":"application-manageconditionprice-display-component---dailyPrices","properties":{"type":"Active"},"searchOpenDialogs":true,"interaction":{"idSuffix":"titleText"}},"wdio_ui5_key":"etmportal.ui.manageconditionprice.view.DailyPricessap.m.StandardListItem{\"type\":\"Active\"}"}]}
RESULT: {"script":"<script> [1562 bytes]","args":[{"selector":{"controlType":"sap.m.StandardListItem","viewName":"etm.portal.ui.manageconditionprice.view.DailyPrices","viewId":"application-manageconditionprice-display-component---dailyPrices","properties":{"type":"Active"},"searchOpenDialogs":true,"interaction":{"idSuffix":"titleText"}},"wdio_ui5_key":"etmportal.ui.manageconditionprice.view.DailyPricessap.m.StandardListItem{\"type\":\"Active\"}"}]}
RESULT: undefined
COMMAND: POST /session/bc71e28d1f2e1ed7c8b961c2149bcffe/element - {"using":"xpath","value":"//*[@id=\"__item1052\"]"}
RESULT: {"using":"xpath","value":"//*[@id=\"__item1052\"]"}
COMMAND: POST /session/bc71e28d1f2e1ed7c8b961c2149bcffe/element/f.65EA279DE37407F0D83DF198F8358C68.d.0CAF49BEB13B77FC99345CA0CA9082AC.e.4426/click - {}
RESULT: {}
COMMAND: POST /session/bc71e28d1f2e1ed7c8b961c2149bcffe/execute/async - {"script":"<script> [1562 bytes]","args":[{"selector":{"id":"application-manageconditionprice-display-component---dailyPrices--editBtn","interaction":{"idSuffix":"BDI-content"}},"wdio_ui5_key":"applicationmanageconditionprice-display-component---dailyPrices--editBtn"}]}
COMMAND: GET /session/bc71e28d1f2e1ed7c8b961c2149bcffe/screenshot - {}
RESULT: {"script":"<script> [1562 bytes]","args":[{"selector":{"id":"application-manageconditionprice-display-component---dailyPrices--editBtn","interaction":{"idSuffix":"BDI-content"}},"wdio_ui5_key":"applicationmanageconditionprice-display-component---dailyPrices--editBtn"}]}
RESULT: undefined
COMMAND: POST /session/bc71e28d1f2e1ed7c8b961c2149bcffe/element - {"using":"xpath","value":"//*[@id=\"application-manageconditionprice-display-component---dailyPrices--editBtn\"]"}
RESULT: {}
RESULT: {"using":"xpath","value":"//*[@id=\"application-manageconditionprice-display-component---dailyPrices--editBtn\"]"}
COMMAND: POST /session/bc71e28d1f2e1ed7c8b961c2149bcffe/element/f.65EA279DE37407F0D83DF198F8358C68.d.0CAF49BEB13B77FC99345CA0CA9082AC.e.4424/click - {}
RESULT: {}
COMMAND: POST /session/bc71e28d1f2e1ed7c8b961c2149bcffe/execute/async - {"script":"<script> [1562 bytes]","args":[{"selector":{"controlType":"sap.m.Button","viewName":"etm.portal.ui.manageconditionprice.view.DailyPrices","viewId":"application-manageconditionprice-display-component---dailyPrices","i18NText":{"propertyName":"text","key":"add"},"interaction":{"idSuffix":"BDI-content"}},"wdio_ui5_key":"etmportal.ui.manageconditionprice.view.DailyPricessap.m.Button{\"propertyName\":\"text\",\"key\":\"add\"}"}]}
COMMAND: GET /session/bc71e28d1f2e1ed7c8b961c2149bcffe/screenshot - {}
RESULT: {"script":"<script> [1562 bytes]","args":[{"selector":{"controlType":"sap.m.Button","viewName":"etm.portal.ui.manageconditionprice.view.DailyPrices","viewId":"application-manageconditionprice-display-component---dailyPrices","i18NText":{"propertyName":"text","key":"add"},"interaction":{"idSuffix":"BDI-content"}},"wdio_ui5_key":"etmportal.ui.manageconditionprice.view.DailyPricessap.m.Button{\"propertyName\":\"text\",\"key\":\"add\"}"}]}
RESULT: undefined
COMMAND: POST /session/bc71e28d1f2e1ed7c8b961c2149bcffe/element - {"using":"xpath","value":"//*[@id=\"__button113\"]"}
RESULT: {}
RESULT: {"using":"xpath","value":"//*[@id=\"__button113\"]"}
COMMAND: POST /session/bc71e28d1f2e1ed7c8b961c2149bcffe/element/f.65EA279DE37407F0D83DF198F8358C68.d.0CAF49BEB13B77FC99345CA0CA9082AC.e.4434/click - {}
RESULT: {}
COMMAND: POST /session/bc71e28d1f2e1ed7c8b961c2149bcffe/elements - {"using":"css selector","value":"table tr"}
COMMAND: GET /session/bc71e28d1f2e1ed7c8b961c2149bcffe/screenshot - {}
RESULT: {"using":"css selector","value":"table tr"}
COMMAND: POST /session/bc71e28d1f2e1ed7c8b961c2149bcffe/element/f.65EA279DE37407F0D83DF198F8358C68.d.0CAF49BEB13B77FC99345CA0CA9082AC.e.4524/elements - {"using":"css selector","value":"input"}
RESULT: {}
RESULT: {"using":"css selector","value":"input"}
COMMAND: POST /session/bc71e28d1f2e1ed7c8b961c2149bcffe/element/f.65EA279DE37407F0D83DF198F8358C68.d.0CAF49BEB13B77FC99345CA0CA9082AC.e.4527/clear - {}
COMMAND: POST /session/bc71e28d1f2e1ed7c8b961c2149bcffe/element/f.65EA279DE37407F0D83DF198F8358C68.d.0CAF49BEB13B77FC99345CA0CA9082AC.e.4525/clear - {}
COMMAND: POST /session/bc71e28d1f2e1ed7c8b961c2149bcffe/element/f.65EA279DE37407F0D83DF198F8358C68.d.0CAF49BEB13B77FC99345CA0CA9082AC.e.4528/clear - {}
COMMAND: POST /session/bc71e28d1f2e1ed7c8b961c2149bcffe/element/f.65EA279DE37407F0D83DF198F8358C68.d.0CAF49BEB13B77FC99345CA0CA9082AC.e.4526/clear - {}
COMMAND: POST /session/bc71e28d1f2e1ed7c8b961c2149bcffe/element/f.65EA279DE37407F0D83DF198F8358C68.d.0CAF49BEB13B77FC99345CA0CA9082AC.e.4524/elements - {"using":"css selector","value":"td"}
RESULT: {"using":"css selector","value":"td"}
COMMAND: POST /session/bc71e28d1f2e1ed7c8b961c2149bcffe/element - {"using":"xpath","value":".//li[contains(., \"2118\") and not(.//li)]"}
COMMAND: POST /session/bc71e28d1f2e1ed7c8b961c2149bcffe/element/f.65EA279DE37407F0D83DF198F8358C68.d.0CAF49BEB13B77FC99345CA0CA9082AC.e.4546/element - {"using":"css selector","value":"input"}
COMMAND: POST /session/bc71e28d1f2e1ed7c8b961c2149bcffe/element/f.65EA279DE37407F0D83DF198F8358C68.d.0CAF49BEB13B77FC99345CA0CA9082AC.e.4546/element - {"using":"css selector","value":"input"}
RESULT: {}
COMMAND: POST /session/bc71e28d1f2e1ed7c8b961c2149bcffe/element/f.65EA279DE37407F0D83DF198F8358C68.d.0CAF49BEB13B77FC99345CA0CA9082AC.e.4526/value - {"text":"09/26/25"}
COMMAND: GET /session/bc71e28d1f2e1ed7c8b961c2149bcffe/screenshot - {}
RESULT: {}
COMMAND: POST /session/bc71e28d1f2e1ed7c8b961c2149bcffe/element/f.65EA279DE37407F0D83DF198F8358C68.d.0CAF49BEB13B77FC99345CA0CA9082AC.e.4528/value - {"text":"Euro"}
COMMAND: GET /session/bc71e28d1f2e1ed7c8b961c2149bcffe/screenshot - {}
RESULT: {}
COMMAND: POST /session/bc71e28d1f2e1ed7c8b961c2149bcffe/element/f.65EA279DE37407F0D83DF198F8358C68.d.0CAF49BEB13B77FC99345CA0CA9082AC.e.4525/value - {"text":"04/26/25"}
COMMAND: GET /session/bc71e28d1f2e1ed7c8b961c2149bcffe/screenshot - {}
RESULT: {}
COMMAND: POST /session/bc71e28d1f2e1ed7c8b961c2149bcffe/element/f.65EA279DE37407F0D83DF198F8358C68.d.0CAF49BEB13B77FC99345CA0CA9082AC.e.4527/value - {"text":"705.60"}
COMMAND: GET /session/bc71e28d1f2e1ed7c8b961c2149bcffe/screenshot - {}
RESULT: {"using":"xpath","value":".//li[contains(., \"2118\") and not(.//li)]"}
RESULT: {"using":"css selector","value":"input"}
COMMAND: POST /session/bc71e28d1f2e1ed7c8b961c2149bcffe/element/f.65EA279DE37407F0D83DF198F8358C68.d.0CAF49BEB13B77FC99345CA0CA9082AC.e.4529/click - {}
RESULT: {"using":"css selector","value":"input"}
COMMAND: POST /session/bc71e28d1f2e1ed7c8b961c2149bcffe/element/f.65EA279DE37407F0D83DF198F8358C68.d.0CAF49BEB13B77FC99345CA0CA9082AC.e.4529/clear - {}
RESULT: {"text":"09/26/25"}
COMMAND: GET /session/bc71e28d1f2e1ed7c8b961c2149bcffe/screenshot - {}
RESULT: {}
RESULT: {"text":"Euro"}
COMMAND: GET /session/bc71e28d1f2e1ed7c8b961c2149bcffe/screenshot - {}
RESULT: {}
COMMAND: POST /session/bc71e28d1f2e1ed7c8b961c2149bcffe/elements - {"using":"xpath","value":".//li[contains(., \"2118\") and not(.//li)]"}
RESULT: {"text":"04/26/25"}
COMMAND: GET /session/bc71e28d1f2e1ed7c8b961c2149bcffe/screenshot - {}
RESULT: {}
RESULT: {"text":"705.60"}
COMMAND: GET /session/bc71e28d1f2e1ed7c8b961c2149bcffe/screenshot - {}
RESULT: {}
RESULT: {}
COMMAND: GET /session/bc71e28d1f2e1ed7c8b961c2149bcffe/screenshot - {}
RESULT: {}
COMMAND: POST /session/bc71e28d1f2e1ed7c8b961c2149bcffe/element/f.65EA279DE37407F0D83DF198F8358C68.d.0CAF49BEB13B77FC99345CA0CA9082AC.e.4529/value - {"text":"2118"}
COMMAND: GET /session/bc71e28d1f2e1ed7c8b961c2149bcffe/screenshot - {}
RESULT: {}
RESULT: {}
RESULT: {"using":"xpath","value":".//li[contains(., \"2118\") and not(.//li)]"}
COMMAND: POST /session/bc71e28d1f2e1ed7c8b961c2149bcffe/elements - {"using":"xpath","value":".//li[contains(., \"2118\") and not(.//li)]"}
RESULT: {}
RESULT: {}
RESULT: {}
RESULT: {"text":"2118"}
COMMAND: GET /session/bc71e28d1f2e1ed7c8b961c2149bcffe/screenshot - {}
RESULT: {}
RESULT: {"using":"xpath","value":".//li[contains(., \"2118\") and not(.//li)]"}
COMMAND: POST /session/bc71e28d1f2e1ed7c8b961c2149bcffe/element - {"using":"xpath","value":".//li[contains(., \"2118\") and not(.//li)]"}
RESULT: {}
RESULT: {"using":"xpath","value":".//li[contains(., \"2118\") and not(.//li)]"}
COMMAND: POST /session/bc71e28d1f2e1ed7c8b961c2149bcffe/element/f.65EA279DE37407F0D83DF198F8358C68.d.0CAF49BEB13B77FC99345CA0CA9082AC.e.4553/click - {}
RESULT: {}
COMMAND: POST /session/bc71e28d1f2e1ed7c8b961c2149bcffe/element - {"using":"xpath","value":".//li[contains(., \"262\") and not(.//li)]"}
COMMAND: POST /session/bc71e28d1f2e1ed7c8b961c2149bcffe/element/f.65EA279DE37407F0D83DF198F8358C68.d.0CAF49BEB13B77FC99345CA0CA9082AC.e.4547/element - {"using":"css selector","value":"input"}
COMMAND: POST /session/bc71e28d1f2e1ed7c8b961c2149bcffe/element/f.65EA279DE37407F0D83DF198F8358C68.d.0CAF49BEB13B77FC99345CA0CA9082AC.e.4547/element - {"using":"css selector","value":"input"}
COMMAND: GET /session/bc71e28d1f2e1ed7c8b961c2149bcffe/screenshot - {}
RESULT: {"using":"css selector","value":"input"}
COMMAND: POST /session/bc71e28d1f2e1ed7c8b961c2149bcffe/element/f.65EA279DE37407F0D83DF198F8358C68.d.0CAF49BEB13B77FC99345CA0CA9082AC.e.4530/click - {}
RESULT: {"using":"css selector","value":"input"}
COMMAND: POST /session/bc71e28d1f2e1ed7c8b961c2149bcffe/element/f.65EA279DE37407F0D83DF198F8358C68.d.0CAF49BEB13B77FC99345CA0CA9082AC.e.4530/clear - {}
RESULT: {"using":"xpath","value":".//li[contains(., \"262\") and not(.//li)]"}
RESULT: {}
RESULT: {}
COMMAND: GET /session/bc71e28d1f2e1ed7c8b961c2149bcffe/screenshot - {}
RESULT: {}
COMMAND: POST /session/bc71e28d1f2e1ed7c8b961c2149bcffe/element/f.65EA279DE37407F0D83DF198F8358C68.d.0CAF49BEB13B77FC99345CA0CA9082AC.e.4530/value - {"text":"262"}
COMMAND: GET /session/bc71e28d1f2e1ed7c8b961c2149bcffe/screenshot - {}
RESULT: {}
RESULT: {"text":"262"}
COMMAND: GET /session/bc71e28d1f2e1ed7c8b961c2149bcffe/screenshot - {}
COMMAND: POST /session/bc71e28d1f2e1ed7c8b961c2149bcffe/elements - {"using":"xpath","value":".//li[contains(., \"262\") and not(.//li)]"}
RESULT: {}
RESULT: {}
RESULT: {"using":"xpath","value":".//li[contains(., \"262\") and not(.//li)]"}
COMMAND: POST /session/bc71e28d1f2e1ed7c8b961c2149bcffe/element - {"using":"xpath","value":".//li[contains(., \"262\") and not(.//li)]"}
RESULT: {"using":"xpath","value":".//li[contains(., \"262\") and not(.//li)]"}
COMMAND: POST /session/bc71e28d1f2e1ed7c8b961c2149bcffe/element/f.65EA279DE37407F0D83DF198F8358C68.d.0CAF49BEB13B77FC99345CA0CA9082AC.e.4554/click - {}
RESULT: {}
RESULT: undefined
COMMAND: POST /session/bc71e28d1f2e1ed7c8b961c2149bcffe/element - {"using":"xpath","value":"//*[@id=\"__button113\"]"}
COMMAND: GET /session/bc71e28d1f2e1ed7c8b961c2149bcffe/screenshot - {}
RESULT: {"using":"xpath","value":"//*[@id=\"__button113\"]"}
COMMAND: POST /session/bc71e28d1f2e1ed7c8b961c2149bcffe/element/f.65EA279DE37407F0D83DF198F8358C68.d.0CAF49BEB13B77FC99345CA0CA9082AC.e.4434/click - {}
RESULT: {}
RESULT: {}
COMMAND: POST /session/bc71e28d1f2e1ed7c8b961c2149bcffe/elements - {"using":"css selector","value":"table tr"}
COMMAND: GET /session/bc71e28d1f2e1ed7c8b961c2149bcffe/screenshot - {}
RESULT: {"using":"css selector","value":"table tr"}
COMMAND: POST /session/bc71e28d1f2e1ed7c8b961c2149bcffe/element/f.65EA279DE37407F0D83DF198F8358C68.d.0CAF49BEB13B77FC99345CA0CA9082AC.e.4556/elements - {"using":"css selector","value":"input"}
RESULT: {}
RESULT: {"using":"css selector","value":"input"}
COMMAND: POST /session/bc71e28d1f2e1ed7c8b961c2149bcffe/element/f.65EA279DE37407F0D83DF198F8358C68.d.0CAF49BEB13B77FC99345CA0CA9082AC.e.4559/clear - {}
COMMAND: POST /session/bc71e28d1f2e1ed7c8b961c2149bcffe/element/f.65EA279DE37407F0D83DF198F8358C68.d.0CAF49BEB13B77FC99345CA0CA9082AC.e.4557/clear - {}
COMMAND: POST /session/bc71e28d1f2e1ed7c8b961c2149bcffe/element/f.65EA279DE37407F0D83DF198F8358C68.d.0CAF49BEB13B77FC99345CA0CA9082AC.e.4560/clear - {}
COMMAND: POST /session/bc71e28d1f2e1ed7c8b961c2149bcffe/element/f.65EA279DE37407F0D83DF198F8358C68.d.0CAF49BEB13B77FC99345CA0CA9082AC.e.4558/clear - {}
COMMAND: POST /session/bc71e28d1f2e1ed7c8b961c2149bcffe/element/f.65EA279DE37407F0D83DF198F8358C68.d.0CAF49BEB13B77FC99345CA0CA9082AC.e.4556/elements - {"using":"css selector","value":"td"}
RESULT: {}
COMMAND: POST /session/bc71e28d1f2e1ed7c8b961c2149bcffe/element/f.65EA279DE37407F0D83DF198F8358C68.d.0CAF49BEB13B77FC99345CA0CA9082AC.e.4559/value - {"text":"99.5"}
COMMAND: GET /session/bc71e28d1f2e1ed7c8b961c2149bcffe/screenshot - {}
RESULT: {}
COMMAND: POST /session/bc71e28d1f2e1ed7c8b961c2149bcffe/element/f.65EA279DE37407F0D83DF198F8358C68.d.0CAF49BEB13B77FC99345CA0CA9082AC.e.4557/value - {"text":"04/26/25"}
COMMAND: GET /session/bc71e28d1f2e1ed7c8b961c2149bcffe/screenshot - {}
RESULT: {}
COMMAND: POST /session/bc71e28d1f2e1ed7c8b961c2149bcffe/element/f.65EA279DE37407F0D83DF198F8358C68.d.0CAF49BEB13B77FC99345CA0CA9082AC.e.4560/value - {"text":"US Dollar"}
COMMAND: GET /session/bc71e28d1f2e1ed7c8b961c2149bcffe/screenshot - {}
RESULT: {}
COMMAND: POST /session/bc71e28d1f2e1ed7c8b961c2149bcffe/element/f.65EA279DE37407F0D83DF198F8358C68.d.0CAF49BEB13B77FC99345CA0CA9082AC.e.4558/value - {"text":"09/26/25"}
COMMAND: GET /session/bc71e28d1f2e1ed7c8b961c2149bcffe/screenshot - {}
RESULT: {"using":"css selector","value":"td"}
COMMAND: POST /session/bc71e28d1f2e1ed7c8b961c2149bcffe/element - {"using":"xpath","value":"(//li[div//span[contains(text(), '2118')]])[2]"}
COMMAND: POST /session/bc71e28d1f2e1ed7c8b961c2149bcffe/element/f.65EA279DE37407F0D83DF198F8358C68.d.0CAF49BEB13B77FC99345CA0CA9082AC.e.4578/element - {"using":"css selector","value":"input"}
COMMAND: POST /session/bc71e28d1f2e1ed7c8b961c2149bcffe/element/f.65EA279DE37407F0D83DF198F8358C68.d.0CAF49BEB13B77FC99345CA0CA9082AC.e.4578/element - {"using":"css selector","value":"input"}
RESULT: {"text":"99.5"}
COMMAND: GET /session/bc71e28d1f2e1ed7c8b961c2149bcffe/screenshot - {}
RESULT: {}
RESULT: {"text":"04/26/25"}
COMMAND: GET /session/bc71e28d1f2e1ed7c8b961c2149bcffe/screenshot - {}
RESULT: {}
RESULT: {"text":"US Dollar"}
COMMAND: GET /session/bc71e28d1f2e1ed7c8b961c2149bcffe/screenshot - {}
RESULT: {}
RESULT: {"text":"09/26/25"}
COMMAND: GET /session/bc71e28d1f2e1ed7c8b961c2149bcffe/screenshot - {}
RESULT: {}
RESULT: {"using":"xpath","value":"(//li[div//span[contains(text(), '2118')]])[2]"}
RESULT: {"using":"css selector","value":"input"}
COMMAND: POST /session/bc71e28d1f2e1ed7c8b961c2149bcffe/element/f.65EA279DE37407F0D83DF198F8358C68.d.0CAF49BEB13B77FC99345CA0CA9082AC.e.4561/click - {}
RESULT: {"using":"css selector","value":"input"}
COMMAND: POST /session/bc71e28d1f2e1ed7c8b961c2149bcffe/element/f.65EA279DE37407F0D83DF198F8358C68.d.0CAF49BEB13B77FC99345CA0CA9082AC.e.4561/clear - {}
RESULT: {}
RESULT: {}
RESULT: {}
RESULT: {}
RESULT: {}
COMMAND: GET /session/bc71e28d1f2e1ed7c8b961c2149bcffe/screenshot - {}
RESULT: {}
COMMAND: POST /session/bc71e28d1f2e1ed7c8b961c2149bcffe/element/f.65EA279DE37407F0D83DF198F8358C68.d.0CAF49BEB13B77FC99345CA0CA9082AC.e.4561/value - {"text":"2118"}
COMMAND: GET /session/bc71e28d1f2e1ed7c8b961c2149bcffe/screenshot - {}
RESULT: {}
COMMAND: POST /session/bc71e28d1f2e1ed7c8b961c2149bcffe/elements - {"using":"xpath","value":"(//li[div//span[contains(text(), '2118')]])[2]"}
RESULT: {"text":"2118"}
COMMAND: GET /session/bc71e28d1f2e1ed7c8b961c2149bcffe/screenshot - {}
RESULT: {}
RESULT: {"using":"xpath","value":"(//li[div//span[contains(text(), '2118')]])[2]"}
COMMAND: POST /session/bc71e28d1f2e1ed7c8b961c2149bcffe/element - {"using":"xpath","value":"(//li[div//span[contains(text(), '2118')]])[2]"}
RESULT: {}
RESULT: {"using":"xpath","value":"(//li[div//span[contains(text(), '2118')]])[2]"}
COMMAND: POST /session/bc71e28d1f2e1ed7c8b961c2149bcffe/element/f.65EA279DE37407F0D83DF198F8358C68.d.0CAF49BEB13B77FC99345CA0CA9082AC.e.4584/click - {}
RESULT: {}
COMMAND: POST /session/bc71e28d1f2e1ed7c8b961c2149bcffe/execute/async - {"script":"<script> [1562 bytes]","args":[{"selector":{"controlType":"sap.m.Button","viewName":"etm.portal.ui.manageconditionprice.view.DailyPrices","viewId":"application-manageconditionprice-display-component---dailyPrices","i18NText":{"propertyName":"tooltip","key":"save"},"interaction":{"idSuffix":"BDI-content"}},"wdio_ui5_key":"etmportal.ui.manageconditionprice.view.DailyPricessap.m.Button{\"propertyName\":\"tooltip\",\"key\":\"save\"}"}]}
COMMAND: GET /session/bc71e28d1f2e1ed7c8b961c2149bcffe/screenshot - {}
RESULT: {"script":"<script> [1562 bytes]","args":[{"selector":{"controlType":"sap.m.Button","viewName":"etm.portal.ui.manageconditionprice.view.DailyPrices","viewId":"application-manageconditionprice-display-component---dailyPrices","i18NText":{"propertyName":"tooltip","key":"save"},"interaction":{"idSuffix":"BDI-content"}},"wdio_ui5_key":"etmportal.ui.manageconditionprice.view.DailyPricessap.m.Button{\"propertyName\":\"tooltip\",\"key\":\"save\"}"}]}
RESULT: undefined
COMMAND: POST /session/bc71e28d1f2e1ed7c8b961c2149bcffe/element - {"using":"xpath","value":"//*[@id=\"__button115\"]"}
RESULT: {}
RESULT: {"using":"xpath","value":"//*[@id=\"__button115\"]"}
COMMAND: POST /session/bc71e28d1f2e1ed7c8b961c2149bcffe/element/f.65EA279DE37407F0D83DF198F8358C68.d.0CAF49BEB13B77FC99345CA0CA9082AC.e.4428/click - {}
RESULT: {}
COMMAND: GET /session/bc71e28d1f2e1ed7c8b961c2149bcffe/screenshot - {}
RESULT: {}
]]></system-out>
    </testcase>
    <testcase classname="chrome.135_0_7049_96.windows.Edit_and_delete_daily_price_US134629_US134627" name="Should check whether the 2 rows have been added then edit one of the rows s currency and value and save and check the edited values" time="10.927">
      <system-out><![CDATA[
COMMAND: POST /session/bc71e28d1f2e1ed7c8b961c2149bcffe/elements - {"using":"css selector","value":"table tr"}
RESULT: {"using":"css selector","value":"table tr"}
COMMAND: POST /session/bc71e28d1f2e1ed7c8b961c2149bcffe/element/f.65EA279DE37407F0D83DF198F8358C68.d.0CAF49BEB13B77FC99345CA0CA9082AC.e.4556/elements - {"using":"css selector","value":"td"}
RESULT: {"using":"css selector","value":"td"}
COMMAND: POST /session/bc71e28d1f2e1ed7c8b961c2149bcffe/element/f.65EA279DE37407F0D83DF198F8358C68.d.0CAF49BEB13B77FC99345CA0CA9082AC.e.4524/elements - {"using":"css selector","value":"td"}
RESULT: {"using":"css selector","value":"td"}
COMMAND: POST /session/bc71e28d1f2e1ed7c8b961c2149bcffe/element/f.65EA279DE37407F0D83DF198F8358C68.d.0CAF49BEB13B77FC99345CA0CA9082AC.e.4587/element - {"using":"css selector","value":".sapMObjectNumberText"}
RESULT: {"using":"css selector","value":".sapMObjectNumberText"}
COMMAND: GET /session/bc71e28d1f2e1ed7c8b961c2149bcffe/element/f.65EA279DE37407F0D83DF198F8358C68.d.0CAF49BEB13B77FC99345CA0CA9082AC.e.4589/text - {}
RESULT: {}
COMMAND: POST /session/bc71e28d1f2e1ed7c8b961c2149bcffe/element/f.65EA279DE37407F0D83DF198F8358C68.d.0CAF49BEB13B77FC99345CA0CA9082AC.e.4588/element - {"using":"css selector","value":".sapMObjectNumberText"}
RESULT: {"using":"css selector","value":".sapMObjectNumberText"}
COMMAND: GET /session/bc71e28d1f2e1ed7c8b961c2149bcffe/element/f.65EA279DE37407F0D83DF198F8358C68.d.0CAF49BEB13B77FC99345CA0CA9082AC.e.4590/text - {}
RESULT: {}
RESULT: undefined
COMMAND: POST /session/bc71e28d1f2e1ed7c8b961c2149bcffe/element - {"using":"xpath","value":"//*[@id=\"application-manageconditionprice-display-component---dailyPrices--editBtn\"]"}
RESULT: {"using":"xpath","value":"//*[@id=\"application-manageconditionprice-display-component---dailyPrices--editBtn\"]"}
COMMAND: POST /session/bc71e28d1f2e1ed7c8b961c2149bcffe/element/f.65EA279DE37407F0D83DF198F8358C68.d.0CAF49BEB13B77FC99345CA0CA9082AC.e.4586/click - {}
RESULT: {}
COMMAND: POST /session/bc71e28d1f2e1ed7c8b961c2149bcffe/elements - {"using":"css selector","value":"table tr"}
COMMAND: GET /session/bc71e28d1f2e1ed7c8b961c2149bcffe/screenshot - {}
RESULT: {"using":"css selector","value":"table tr"}
COMMAND: POST /session/bc71e28d1f2e1ed7c8b961c2149bcffe/element/f.65EA279DE37407F0D83DF198F8358C68.d.0CAF49BEB13B77FC99345CA0CA9082AC.e.4556/elements - {"using":"css selector","value":"input"}
RESULT: {}
RESULT: {"using":"css selector","value":"input"}
COMMAND: POST /session/bc71e28d1f2e1ed7c8b961c2149bcffe/element/f.65EA279DE37407F0D83DF198F8358C68.d.0CAF49BEB13B77FC99345CA0CA9082AC.e.4605/clear - {}
COMMAND: POST /session/bc71e28d1f2e1ed7c8b961c2149bcffe/element/f.65EA279DE37407F0D83DF198F8358C68.d.0CAF49BEB13B77FC99345CA0CA9082AC.e.4606/clear - {}
RESULT: {}
COMMAND: POST /session/bc71e28d1f2e1ed7c8b961c2149bcffe/element/f.65EA279DE37407F0D83DF198F8358C68.d.0CAF49BEB13B77FC99345CA0CA9082AC.e.4605/value - {"text":"566.1"}
COMMAND: GET /session/bc71e28d1f2e1ed7c8b961c2149bcffe/screenshot - {}
RESULT: {}
COMMAND: POST /session/bc71e28d1f2e1ed7c8b961c2149bcffe/element/f.65EA279DE37407F0D83DF198F8358C68.d.0CAF49BEB13B77FC99345CA0CA9082AC.e.4606/value - {"text":"US Dollar"}
COMMAND: GET /session/bc71e28d1f2e1ed7c8b961c2149bcffe/screenshot - {}
RESULT: {"text":"566.1"}
COMMAND: GET /session/bc71e28d1f2e1ed7c8b961c2149bcffe/screenshot - {}
RESULT: {}
RESULT: undefined
COMMAND: POST /session/bc71e28d1f2e1ed7c8b961c2149bcffe/element - {"using":"xpath","value":"//*[@id=\"__button115\"]"}
RESULT: {"text":"US Dollar"}
COMMAND: GET /session/bc71e28d1f2e1ed7c8b961c2149bcffe/screenshot - {}
RESULT: {}
RESULT: {}
RESULT: {"using":"xpath","value":"//*[@id=\"__button115\"]"}
COMMAND: POST /session/bc71e28d1f2e1ed7c8b961c2149bcffe/element/f.65EA279DE37407F0D83DF198F8358C68.d.0CAF49BEB13B77FC99345CA0CA9082AC.e.4591/click - {}
RESULT: {}
RESULT: {}
COMMAND: GET /session/bc71e28d1f2e1ed7c8b961c2149bcffe/screenshot - {}
RESULT: {}
COMMAND: POST /session/bc71e28d1f2e1ed7c8b961c2149bcffe/elements - {"using":"css selector","value":"table tr"}
RESULT: {"using":"css selector","value":"table tr"}
COMMAND: POST /session/bc71e28d1f2e1ed7c8b961c2149bcffe/element/f.65EA279DE37407F0D83DF198F8358C68.d.0CAF49BEB13B77FC99345CA0CA9082AC.e.4556/elements - {"using":"css selector","value":"td"}
RESULT: {"using":"css selector","value":"td"}
COMMAND: POST /session/bc71e28d1f2e1ed7c8b961c2149bcffe/element/f.65EA279DE37407F0D83DF198F8358C68.d.0CAF49BEB13B77FC99345CA0CA9082AC.e.4610/element - {"using":"css selector","value":".sapMObjectNumberText"}
RESULT: {"using":"css selector","value":".sapMObjectNumberText"}
COMMAND: GET /session/bc71e28d1f2e1ed7c8b961c2149bcffe/element/f.65EA279DE37407F0D83DF198F8358C68.d.0CAF49BEB13B77FC99345CA0CA9082AC.e.4612/text - {}
RESULT: {}
]]></system-out>
    </testcase>
    <testcase classname="chrome.135_0_7049_96.windows.Edit_and_delete_daily_price_US134629_US134627" name="Should go into edit and delete all the rows that match the yard we have created for this scenario check if all rows deleted" time="20.48">
      <system-out><![CDATA[
RESULT: undefined
COMMAND: POST /session/bc71e28d1f2e1ed7c8b961c2149bcffe/element - {"using":"xpath","value":"//*[@id=\"application-manageconditionprice-display-component---dailyPrices--editBtn\"]"}
RESULT: {"using":"xpath","value":"//*[@id=\"application-manageconditionprice-display-component---dailyPrices--editBtn\"]"}
COMMAND: POST /session/bc71e28d1f2e1ed7c8b961c2149bcffe/element/f.65EA279DE37407F0D83DF198F8358C68.d.0CAF49BEB13B77FC99345CA0CA9082AC.e.4609/click - {}
RESULT: {}
COMMAND: GET /session/bc71e28d1f2e1ed7c8b961c2149bcffe/screenshot - {}
RESULT: {}
COMMAND: POST /session/bc71e28d1f2e1ed7c8b961c2149bcffe/elements - {"using":"css selector","value":"table tr"}
RESULT: {"using":"css selector","value":"table tr"}
COMMAND: POST /session/bc71e28d1f2e1ed7c8b961c2149bcffe/element/f.65EA279DE37407F0D83DF198F8358C68.d.0CAF49BEB13B77FC99345CA0CA9082AC.e.4436/elements - {"using":"css selector","value":"td"}
RESULT: {"using":"css selector","value":"td"}
COMMAND: POST /session/bc71e28d1f2e1ed7c8b961c2149bcffe/element/f.65EA279DE37407F0D83DF198F8358C68.d.0CAF49BEB13B77FC99345CA0CA9082AC.e.4437/elements - {"using":"css selector","value":"td"}
RESULT: {"using":"css selector","value":"td"}
COMMAND: POST /session/bc71e28d1f2e1ed7c8b961c2149bcffe/element/f.65EA279DE37407F0D83DF198F8358C68.d.0CAF49BEB13B77FC99345CA0CA9082AC.e.4438/elements - {"using":"css selector","value":"td"}
RESULT: {"using":"css selector","value":"td"}
COMMAND: POST /session/bc71e28d1f2e1ed7c8b961c2149bcffe/element/f.65EA279DE37407F0D83DF198F8358C68.d.0CAF49BEB13B77FC99345CA0CA9082AC.e.4361/elements - {"using":"css selector","value":"td"}
RESULT: {"using":"css selector","value":"td"}
COMMAND: POST /session/bc71e28d1f2e1ed7c8b961c2149bcffe/element/f.65EA279DE37407F0D83DF198F8358C68.d.0CAF49BEB13B77FC99345CA0CA9082AC.e.4362/elements - {"using":"css selector","value":"td"}
RESULT: {"using":"css selector","value":"td"}
COMMAND: POST /session/bc71e28d1f2e1ed7c8b961c2149bcffe/element/f.65EA279DE37407F0D83DF198F8358C68.d.0CAF49BEB13B77FC99345CA0CA9082AC.e.4367/elements - {"using":"css selector","value":"td"}
RESULT: {"using":"css selector","value":"td"}
COMMAND: POST /session/bc71e28d1f2e1ed7c8b961c2149bcffe/element/f.65EA279DE37407F0D83DF198F8358C68.d.0CAF49BEB13B77FC99345CA0CA9082AC.e.4368/elements - {"using":"css selector","value":"td"}
RESULT: {"using":"css selector","value":"td"}
COMMAND: POST /session/bc71e28d1f2e1ed7c8b961c2149bcffe/element/f.65EA279DE37407F0D83DF198F8358C68.d.0CAF49BEB13B77FC99345CA0CA9082AC.e.4376/elements - {"using":"css selector","value":"td"}
RESULT: {"using":"css selector","value":"td"}
COMMAND: POST /session/bc71e28d1f2e1ed7c8b961c2149bcffe/element/f.65EA279DE37407F0D83DF198F8358C68.d.0CAF49BEB13B77FC99345CA0CA9082AC.e.4377/elements - {"using":"css selector","value":"td"}
RESULT: {"using":"css selector","value":"td"}
COMMAND: POST /session/bc71e28d1f2e1ed7c8b961c2149bcffe/element/f.65EA279DE37407F0D83DF198F8358C68.d.0CAF49BEB13B77FC99345CA0CA9082AC.e.4385/elements - {"using":"css selector","value":"td"}
RESULT: {"using":"css selector","value":"td"}
COMMAND: POST /session/bc71e28d1f2e1ed7c8b961c2149bcffe/element/f.65EA279DE37407F0D83DF198F8358C68.d.0CAF49BEB13B77FC99345CA0CA9082AC.e.4439/elements - {"using":"css selector","value":"td"}
RESULT: {"using":"css selector","value":"td"}
COMMAND: POST /session/bc71e28d1f2e1ed7c8b961c2149bcffe/element/f.65EA279DE37407F0D83DF198F8358C68.d.0CAF49BEB13B77FC99345CA0CA9082AC.e.4440/elements - {"using":"css selector","value":"td"}
RESULT: {"using":"css selector","value":"td"}
COMMAND: POST /session/bc71e28d1f2e1ed7c8b961c2149bcffe/element/f.65EA279DE37407F0D83DF198F8358C68.d.0CAF49BEB13B77FC99345CA0CA9082AC.e.4441/elements - {"using":"css selector","value":"td"}
RESULT: {"using":"css selector","value":"td"}
COMMAND: POST /session/bc71e28d1f2e1ed7c8b961c2149bcffe/element/f.65EA279DE37407F0D83DF198F8358C68.d.0CAF49BEB13B77FC99345CA0CA9082AC.e.4442/elements - {"using":"css selector","value":"td"}
RESULT: {"using":"css selector","value":"td"}
COMMAND: POST /session/bc71e28d1f2e1ed7c8b961c2149bcffe/element/f.65EA279DE37407F0D83DF198F8358C68.d.0CAF49BEB13B77FC99345CA0CA9082AC.e.4443/elements - {"using":"css selector","value":"td"}
RESULT: {"using":"css selector","value":"td"}
COMMAND: POST /session/bc71e28d1f2e1ed7c8b961c2149bcffe/element/f.65EA279DE37407F0D83DF198F8358C68.d.0CAF49BEB13B77FC99345CA0CA9082AC.e.4444/elements - {"using":"css selector","value":"td"}
RESULT: {"using":"css selector","value":"td"}
COMMAND: POST /session/bc71e28d1f2e1ed7c8b961c2149bcffe/element/f.65EA279DE37407F0D83DF198F8358C68.d.0CAF49BEB13B77FC99345CA0CA9082AC.e.4445/elements - {"using":"css selector","value":"td"}
RESULT: {"using":"css selector","value":"td"}
COMMAND: POST /session/bc71e28d1f2e1ed7c8b961c2149bcffe/element/f.65EA279DE37407F0D83DF198F8358C68.d.0CAF49BEB13B77FC99345CA0CA9082AC.e.4446/elements - {"using":"css selector","value":"td"}
RESULT: {"using":"css selector","value":"td"}
COMMAND: POST /session/bc71e28d1f2e1ed7c8b961c2149bcffe/element/f.65EA279DE37407F0D83DF198F8358C68.d.0CAF49BEB13B77FC99345CA0CA9082AC.e.4447/elements - {"using":"css selector","value":"td"}
RESULT: {"using":"css selector","value":"td"}
COMMAND: POST /session/bc71e28d1f2e1ed7c8b961c2149bcffe/element/f.65EA279DE37407F0D83DF198F8358C68.d.0CAF49BEB13B77FC99345CA0CA9082AC.e.4448/elements - {"using":"css selector","value":"td"}
RESULT: {"using":"css selector","value":"td"}
COMMAND: POST /session/bc71e28d1f2e1ed7c8b961c2149bcffe/element/f.65EA279DE37407F0D83DF198F8358C68.d.0CAF49BEB13B77FC99345CA0CA9082AC.e.4449/elements - {"using":"css selector","value":"td"}
RESULT: {"using":"css selector","value":"td"}
COMMAND: POST /session/bc71e28d1f2e1ed7c8b961c2149bcffe/element/f.65EA279DE37407F0D83DF198F8358C68.d.0CAF49BEB13B77FC99345CA0CA9082AC.e.4450/elements - {"using":"css selector","value":"td"}
RESULT: {"using":"css selector","value":"td"}
COMMAND: POST /session/bc71e28d1f2e1ed7c8b961c2149bcffe/element/f.65EA279DE37407F0D83DF198F8358C68.d.0CAF49BEB13B77FC99345CA0CA9082AC.e.4451/elements - {"using":"css selector","value":"td"}
RESULT: {"using":"css selector","value":"td"}
COMMAND: POST /session/bc71e28d1f2e1ed7c8b961c2149bcffe/element/f.65EA279DE37407F0D83DF198F8358C68.d.0CAF49BEB13B77FC99345CA0CA9082AC.e.4452/elements - {"using":"css selector","value":"td"}
RESULT: {"using":"css selector","value":"td"}
COMMAND: POST /session/bc71e28d1f2e1ed7c8b961c2149bcffe/element/f.65EA279DE37407F0D83DF198F8358C68.d.0CAF49BEB13B77FC99345CA0CA9082AC.e.4453/elements - {"using":"css selector","value":"td"}
RESULT: {"using":"css selector","value":"td"}
COMMAND: POST /session/bc71e28d1f2e1ed7c8b961c2149bcffe/element/f.65EA279DE37407F0D83DF198F8358C68.d.0CAF49BEB13B77FC99345CA0CA9082AC.e.4454/elements - {"using":"css selector","value":"td"}
RESULT: {"using":"css selector","value":"td"}
COMMAND: POST /session/bc71e28d1f2e1ed7c8b961c2149bcffe/element/f.65EA279DE37407F0D83DF198F8358C68.d.0CAF49BEB13B77FC99345CA0CA9082AC.e.4455/elements - {"using":"css selector","value":"td"}
RESULT: {"using":"css selector","value":"td"}
COMMAND: POST /session/bc71e28d1f2e1ed7c8b961c2149bcffe/element/f.65EA279DE37407F0D83DF198F8358C68.d.0CAF49BEB13B77FC99345CA0CA9082AC.e.4456/elements - {"using":"css selector","value":"td"}
RESULT: {"using":"css selector","value":"td"}
COMMAND: POST /session/bc71e28d1f2e1ed7c8b961c2149bcffe/element/f.65EA279DE37407F0D83DF198F8358C68.d.0CAF49BEB13B77FC99345CA0CA9082AC.e.4457/elements - {"using":"css selector","value":"td"}
RESULT: {"using":"css selector","value":"td"}
COMMAND: POST /session/bc71e28d1f2e1ed7c8b961c2149bcffe/element/f.65EA279DE37407F0D83DF198F8358C68.d.0CAF49BEB13B77FC99345CA0CA9082AC.e.4458/elements - {"using":"css selector","value":"td"}
RESULT: {"using":"css selector","value":"td"}
COMMAND: POST /session/bc71e28d1f2e1ed7c8b961c2149bcffe/element/f.65EA279DE37407F0D83DF198F8358C68.d.0CAF49BEB13B77FC99345CA0CA9082AC.e.4459/elements - {"using":"css selector","value":"td"}
RESULT: {"using":"css selector","value":"td"}
COMMAND: POST /session/bc71e28d1f2e1ed7c8b961c2149bcffe/element/f.65EA279DE37407F0D83DF198F8358C68.d.0CAF49BEB13B77FC99345CA0CA9082AC.e.4460/elements - {"using":"css selector","value":"td"}
RESULT: {"using":"css selector","value":"td"}
COMMAND: POST /session/bc71e28d1f2e1ed7c8b961c2149bcffe/element/f.65EA279DE37407F0D83DF198F8358C68.d.0CAF49BEB13B77FC99345CA0CA9082AC.e.4461/elements - {"using":"css selector","value":"td"}
RESULT: {"using":"css selector","value":"td"}
COMMAND: POST /session/bc71e28d1f2e1ed7c8b961c2149bcffe/element/f.65EA279DE37407F0D83DF198F8358C68.d.0CAF49BEB13B77FC99345CA0CA9082AC.e.4462/elements - {"using":"css selector","value":"td"}
RESULT: {"using":"css selector","value":"td"}
COMMAND: POST /session/bc71e28d1f2e1ed7c8b961c2149bcffe/element/f.65EA279DE37407F0D83DF198F8358C68.d.0CAF49BEB13B77FC99345CA0CA9082AC.e.4463/elements - {"using":"css selector","value":"td"}
RESULT: {"using":"css selector","value":"td"}
COMMAND: POST /session/bc71e28d1f2e1ed7c8b961c2149bcffe/element/f.65EA279DE37407F0D83DF198F8358C68.d.0CAF49BEB13B77FC99345CA0CA9082AC.e.4464/elements - {"using":"css selector","value":"td"}
RESULT: {"using":"css selector","value":"td"}
COMMAND: POST /session/bc71e28d1f2e1ed7c8b961c2149bcffe/element/f.65EA279DE37407F0D83DF198F8358C68.d.0CAF49BEB13B77FC99345CA0CA9082AC.e.4465/elements - {"using":"css selector","value":"td"}
RESULT: {"using":"css selector","value":"td"}
COMMAND: POST /session/bc71e28d1f2e1ed7c8b961c2149bcffe/element/f.65EA279DE37407F0D83DF198F8358C68.d.0CAF49BEB13B77FC99345CA0CA9082AC.e.4466/elements - {"using":"css selector","value":"td"}
RESULT: {"using":"css selector","value":"td"}
COMMAND: POST /session/bc71e28d1f2e1ed7c8b961c2149bcffe/element/f.65EA279DE37407F0D83DF198F8358C68.d.0CAF49BEB13B77FC99345CA0CA9082AC.e.4467/elements - {"using":"css selector","value":"td"}
RESULT: {"using":"css selector","value":"td"}
COMMAND: POST /session/bc71e28d1f2e1ed7c8b961c2149bcffe/element/f.65EA279DE37407F0D83DF198F8358C68.d.0CAF49BEB13B77FC99345CA0CA9082AC.e.4468/elements - {"using":"css selector","value":"td"}
RESULT: {"using":"css selector","value":"td"}
COMMAND: POST /session/bc71e28d1f2e1ed7c8b961c2149bcffe/element/f.65EA279DE37407F0D83DF198F8358C68.d.0CAF49BEB13B77FC99345CA0CA9082AC.e.4469/elements - {"using":"css selector","value":"td"}
RESULT: {"using":"css selector","value":"td"}
COMMAND: POST /session/bc71e28d1f2e1ed7c8b961c2149bcffe/element/f.65EA279DE37407F0D83DF198F8358C68.d.0CAF49BEB13B77FC99345CA0CA9082AC.e.4470/elements - {"using":"css selector","value":"td"}
RESULT: {"using":"css selector","value":"td"}
COMMAND: POST /session/bc71e28d1f2e1ed7c8b961c2149bcffe/element/f.65EA279DE37407F0D83DF198F8358C68.d.0CAF49BEB13B77FC99345CA0CA9082AC.e.4471/elements - {"using":"css selector","value":"td"}
RESULT: {"using":"css selector","value":"td"}
COMMAND: POST /session/bc71e28d1f2e1ed7c8b961c2149bcffe/element/f.65EA279DE37407F0D83DF198F8358C68.d.0CAF49BEB13B77FC99345CA0CA9082AC.e.4472/elements - {"using":"css selector","value":"td"}
RESULT: {"using":"css selector","value":"td"}
COMMAND: POST /session/bc71e28d1f2e1ed7c8b961c2149bcffe/element/f.65EA279DE37407F0D83DF198F8358C68.d.0CAF49BEB13B77FC99345CA0CA9082AC.e.4473/elements - {"using":"css selector","value":"td"}
RESULT: {"using":"css selector","value":"td"}
COMMAND: POST /session/bc71e28d1f2e1ed7c8b961c2149bcffe/element/f.65EA279DE37407F0D83DF198F8358C68.d.0CAF49BEB13B77FC99345CA0CA9082AC.e.4474/elements - {"using":"css selector","value":"td"}
RESULT: {"using":"css selector","value":"td"}
COMMAND: POST /session/bc71e28d1f2e1ed7c8b961c2149bcffe/element/f.65EA279DE37407F0D83DF198F8358C68.d.0CAF49BEB13B77FC99345CA0CA9082AC.e.4475/elements - {"using":"css selector","value":"td"}
RESULT: {"using":"css selector","value":"td"}
COMMAND: POST /session/bc71e28d1f2e1ed7c8b961c2149bcffe/element/f.65EA279DE37407F0D83DF198F8358C68.d.0CAF49BEB13B77FC99345CA0CA9082AC.e.4476/elements - {"using":"css selector","value":"td"}
RESULT: {"using":"css selector","value":"td"}
COMMAND: POST /session/bc71e28d1f2e1ed7c8b961c2149bcffe/element/f.65EA279DE37407F0D83DF198F8358C68.d.0CAF49BEB13B77FC99345CA0CA9082AC.e.4477/elements - {"using":"css selector","value":"td"}
RESULT: {"using":"css selector","value":"td"}
COMMAND: POST /session/bc71e28d1f2e1ed7c8b961c2149bcffe/element/f.65EA279DE37407F0D83DF198F8358C68.d.0CAF49BEB13B77FC99345CA0CA9082AC.e.4478/elements - {"using":"css selector","value":"td"}
RESULT: {"using":"css selector","value":"td"}
COMMAND: POST /session/bc71e28d1f2e1ed7c8b961c2149bcffe/element/f.65EA279DE37407F0D83DF198F8358C68.d.0CAF49BEB13B77FC99345CA0CA9082AC.e.4479/elements - {"using":"css selector","value":"td"}
RESULT: {"using":"css selector","value":"td"}
COMMAND: POST /session/bc71e28d1f2e1ed7c8b961c2149bcffe/element/f.65EA279DE37407F0D83DF198F8358C68.d.0CAF49BEB13B77FC99345CA0CA9082AC.e.4480/elements - {"using":"css selector","value":"td"}
RESULT: {"using":"css selector","value":"td"}
COMMAND: POST /session/bc71e28d1f2e1ed7c8b961c2149bcffe/element/f.65EA279DE37407F0D83DF198F8358C68.d.0CAF49BEB13B77FC99345CA0CA9082AC.e.4481/elements - {"using":"css selector","value":"td"}
RESULT: {"using":"css selector","value":"td"}
COMMAND: POST /session/bc71e28d1f2e1ed7c8b961c2149bcffe/element/f.65EA279DE37407F0D83DF198F8358C68.d.0CAF49BEB13B77FC99345CA0CA9082AC.e.4482/elements - {"using":"css selector","value":"td"}
RESULT: {"using":"css selector","value":"td"}
COMMAND: POST /session/bc71e28d1f2e1ed7c8b961c2149bcffe/element/f.65EA279DE37407F0D83DF198F8358C68.d.0CAF49BEB13B77FC99345CA0CA9082AC.e.4483/elements - {"using":"css selector","value":"td"}
RESULT: {"using":"css selector","value":"td"}
COMMAND: POST /session/bc71e28d1f2e1ed7c8b961c2149bcffe/element/f.65EA279DE37407F0D83DF198F8358C68.d.0CAF49BEB13B77FC99345CA0CA9082AC.e.4484/elements - {"using":"css selector","value":"td"}
RESULT: {"using":"css selector","value":"td"}
COMMAND: POST /session/bc71e28d1f2e1ed7c8b961c2149bcffe/element/f.65EA279DE37407F0D83DF198F8358C68.d.0CAF49BEB13B77FC99345CA0CA9082AC.e.4485/elements - {"using":"css selector","value":"td"}
RESULT: {"using":"css selector","value":"td"}
COMMAND: POST /session/bc71e28d1f2e1ed7c8b961c2149bcffe/element/f.65EA279DE37407F0D83DF198F8358C68.d.0CAF49BEB13B77FC99345CA0CA9082AC.e.4486/elements - {"using":"css selector","value":"td"}
RESULT: {"using":"css selector","value":"td"}
COMMAND: POST /session/bc71e28d1f2e1ed7c8b961c2149bcffe/element/f.65EA279DE37407F0D83DF198F8358C68.d.0CAF49BEB13B77FC99345CA0CA9082AC.e.4487/elements - {"using":"css selector","value":"td"}
RESULT: {"using":"css selector","value":"td"}
COMMAND: POST /session/bc71e28d1f2e1ed7c8b961c2149bcffe/element/f.65EA279DE37407F0D83DF198F8358C68.d.0CAF49BEB13B77FC99345CA0CA9082AC.e.4488/elements - {"using":"css selector","value":"td"}
RESULT: {"using":"css selector","value":"td"}
COMMAND: POST /session/bc71e28d1f2e1ed7c8b961c2149bcffe/element/f.65EA279DE37407F0D83DF198F8358C68.d.0CAF49BEB13B77FC99345CA0CA9082AC.e.4489/elements - {"using":"css selector","value":"td"}
RESULT: {"using":"css selector","value":"td"}
COMMAND: POST /session/bc71e28d1f2e1ed7c8b961c2149bcffe/element/f.65EA279DE37407F0D83DF198F8358C68.d.0CAF49BEB13B77FC99345CA0CA9082AC.e.4490/elements - {"using":"css selector","value":"td"}
RESULT: {"using":"css selector","value":"td"}
COMMAND: POST /session/bc71e28d1f2e1ed7c8b961c2149bcffe/element/f.65EA279DE37407F0D83DF198F8358C68.d.0CAF49BEB13B77FC99345CA0CA9082AC.e.4491/elements - {"using":"css selector","value":"td"}
RESULT: {"using":"css selector","value":"td"}
COMMAND: POST /session/bc71e28d1f2e1ed7c8b961c2149bcffe/element/f.65EA279DE37407F0D83DF198F8358C68.d.0CAF49BEB13B77FC99345CA0CA9082AC.e.4492/elements - {"using":"css selector","value":"td"}
RESULT: {"using":"css selector","value":"td"}
COMMAND: POST /session/bc71e28d1f2e1ed7c8b961c2149bcffe/element/f.65EA279DE37407F0D83DF198F8358C68.d.0CAF49BEB13B77FC99345CA0CA9082AC.e.4493/elements - {"using":"css selector","value":"td"}
RESULT: {"using":"css selector","value":"td"}
COMMAND: POST /session/bc71e28d1f2e1ed7c8b961c2149bcffe/element/f.65EA279DE37407F0D83DF198F8358C68.d.0CAF49BEB13B77FC99345CA0CA9082AC.e.4494/elements - {"using":"css selector","value":"td"}
RESULT: {"using":"css selector","value":"td"}
COMMAND: POST /session/bc71e28d1f2e1ed7c8b961c2149bcffe/element/f.65EA279DE37407F0D83DF198F8358C68.d.0CAF49BEB13B77FC99345CA0CA9082AC.e.4495/elements - {"using":"css selector","value":"td"}
RESULT: {"using":"css selector","value":"td"}
COMMAND: POST /session/bc71e28d1f2e1ed7c8b961c2149bcffe/element/f.65EA279DE37407F0D83DF198F8358C68.d.0CAF49BEB13B77FC99345CA0CA9082AC.e.4496/elements - {"using":"css selector","value":"td"}
RESULT: {"using":"css selector","value":"td"}
COMMAND: POST /session/bc71e28d1f2e1ed7c8b961c2149bcffe/element/f.65EA279DE37407F0D83DF198F8358C68.d.0CAF49BEB13B77FC99345CA0CA9082AC.e.4497/elements - {"using":"css selector","value":"td"}
RESULT: {"using":"css selector","value":"td"}
COMMAND: POST /session/bc71e28d1f2e1ed7c8b961c2149bcffe/element/f.65EA279DE37407F0D83DF198F8358C68.d.0CAF49BEB13B77FC99345CA0CA9082AC.e.4498/elements - {"using":"css selector","value":"td"}
RESULT: {"using":"css selector","value":"td"}
COMMAND: POST /session/bc71e28d1f2e1ed7c8b961c2149bcffe/element/f.65EA279DE37407F0D83DF198F8358C68.d.0CAF49BEB13B77FC99345CA0CA9082AC.e.4499/elements - {"using":"css selector","value":"td"}
RESULT: {"using":"css selector","value":"td"}
COMMAND: POST /session/bc71e28d1f2e1ed7c8b961c2149bcffe/element/f.65EA279DE37407F0D83DF198F8358C68.d.0CAF49BEB13B77FC99345CA0CA9082AC.e.4500/elements - {"using":"css selector","value":"td"}
RESULT: {"using":"css selector","value":"td"}
COMMAND: POST /session/bc71e28d1f2e1ed7c8b961c2149bcffe/element/f.65EA279DE37407F0D83DF198F8358C68.d.0CAF49BEB13B77FC99345CA0CA9082AC.e.4501/elements - {"using":"css selector","value":"td"}
RESULT: {"using":"css selector","value":"td"}
COMMAND: POST /session/bc71e28d1f2e1ed7c8b961c2149bcffe/element/f.65EA279DE37407F0D83DF198F8358C68.d.0CAF49BEB13B77FC99345CA0CA9082AC.e.4502/elements - {"using":"css selector","value":"td"}
RESULT: {"using":"css selector","value":"td"}
COMMAND: POST /session/bc71e28d1f2e1ed7c8b961c2149bcffe/element/f.65EA279DE37407F0D83DF198F8358C68.d.0CAF49BEB13B77FC99345CA0CA9082AC.e.4503/elements - {"using":"css selector","value":"td"}
RESULT: {"using":"css selector","value":"td"}
COMMAND: POST /session/bc71e28d1f2e1ed7c8b961c2149bcffe/element/f.65EA279DE37407F0D83DF198F8358C68.d.0CAF49BEB13B77FC99345CA0CA9082AC.e.4504/elements - {"using":"css selector","value":"td"}
RESULT: {"using":"css selector","value":"td"}
COMMAND: POST /session/bc71e28d1f2e1ed7c8b961c2149bcffe/element/f.65EA279DE37407F0D83DF198F8358C68.d.0CAF49BEB13B77FC99345CA0CA9082AC.e.4505/elements - {"using":"css selector","value":"td"}
RESULT: {"using":"css selector","value":"td"}
COMMAND: POST /session/bc71e28d1f2e1ed7c8b961c2149bcffe/element/f.65EA279DE37407F0D83DF198F8358C68.d.0CAF49BEB13B77FC99345CA0CA9082AC.e.4506/elements - {"using":"css selector","value":"td"}
RESULT: {"using":"css selector","value":"td"}
COMMAND: POST /session/bc71e28d1f2e1ed7c8b961c2149bcffe/element/f.65EA279DE37407F0D83DF198F8358C68.d.0CAF49BEB13B77FC99345CA0CA9082AC.e.4507/elements - {"using":"css selector","value":"td"}
RESULT: {"using":"css selector","value":"td"}
COMMAND: POST /session/bc71e28d1f2e1ed7c8b961c2149bcffe/element/f.65EA279DE37407F0D83DF198F8358C68.d.0CAF49BEB13B77FC99345CA0CA9082AC.e.4508/elements - {"using":"css selector","value":"td"}
RESULT: {"using":"css selector","value":"td"}
COMMAND: POST /session/bc71e28d1f2e1ed7c8b961c2149bcffe/element/f.65EA279DE37407F0D83DF198F8358C68.d.0CAF49BEB13B77FC99345CA0CA9082AC.e.4509/elements - {"using":"css selector","value":"td"}
RESULT: {"using":"css selector","value":"td"}
COMMAND: POST /session/bc71e28d1f2e1ed7c8b961c2149bcffe/element/f.65EA279DE37407F0D83DF198F8358C68.d.0CAF49BEB13B77FC99345CA0CA9082AC.e.4510/elements - {"using":"css selector","value":"td"}
RESULT: {"using":"css selector","value":"td"}
COMMAND: POST /session/bc71e28d1f2e1ed7c8b961c2149bcffe/element/f.65EA279DE37407F0D83DF198F8358C68.d.0CAF49BEB13B77FC99345CA0CA9082AC.e.4511/elements - {"using":"css selector","value":"td"}
RESULT: {"using":"css selector","value":"td"}
COMMAND: POST /session/bc71e28d1f2e1ed7c8b961c2149bcffe/element/f.65EA279DE37407F0D83DF198F8358C68.d.0CAF49BEB13B77FC99345CA0CA9082AC.e.4512/elements - {"using":"css selector","value":"td"}
RESULT: {"using":"css selector","value":"td"}
COMMAND: POST /session/bc71e28d1f2e1ed7c8b961c2149bcffe/element/f.65EA279DE37407F0D83DF198F8358C68.d.0CAF49BEB13B77FC99345CA0CA9082AC.e.4513/elements - {"using":"css selector","value":"td"}
RESULT: {"using":"css selector","value":"td"}
COMMAND: POST /session/bc71e28d1f2e1ed7c8b961c2149bcffe/element/f.65EA279DE37407F0D83DF198F8358C68.d.0CAF49BEB13B77FC99345CA0CA9082AC.e.4514/elements - {"using":"css selector","value":"td"}
RESULT: {"using":"css selector","value":"td"}
COMMAND: POST /session/bc71e28d1f2e1ed7c8b961c2149bcffe/element/f.65EA279DE37407F0D83DF198F8358C68.d.0CAF49BEB13B77FC99345CA0CA9082AC.e.4515/elements - {"using":"css selector","value":"td"}
RESULT: {"using":"css selector","value":"td"}
COMMAND: POST /session/bc71e28d1f2e1ed7c8b961c2149bcffe/element/f.65EA279DE37407F0D83DF198F8358C68.d.0CAF49BEB13B77FC99345CA0CA9082AC.e.4516/elements - {"using":"css selector","value":"td"}
RESULT: {"using":"css selector","value":"td"}
COMMAND: POST /session/bc71e28d1f2e1ed7c8b961c2149bcffe/element/f.65EA279DE37407F0D83DF198F8358C68.d.0CAF49BEB13B77FC99345CA0CA9082AC.e.4517/elements - {"using":"css selector","value":"td"}
RESULT: {"using":"css selector","value":"td"}
COMMAND: POST /session/bc71e28d1f2e1ed7c8b961c2149bcffe/element/f.65EA279DE37407F0D83DF198F8358C68.d.0CAF49BEB13B77FC99345CA0CA9082AC.e.4518/elements - {"using":"css selector","value":"td"}
RESULT: {"using":"css selector","value":"td"}
COMMAND: POST /session/bc71e28d1f2e1ed7c8b961c2149bcffe/element/f.65EA279DE37407F0D83DF198F8358C68.d.0CAF49BEB13B77FC99345CA0CA9082AC.e.4519/elements - {"using":"css selector","value":"td"}
RESULT: {"using":"css selector","value":"td"}
COMMAND: POST /session/bc71e28d1f2e1ed7c8b961c2149bcffe/element/f.65EA279DE37407F0D83DF198F8358C68.d.0CAF49BEB13B77FC99345CA0CA9082AC.e.4520/elements - {"using":"css selector","value":"td"}
RESULT: {"using":"css selector","value":"td"}
COMMAND: POST /session/bc71e28d1f2e1ed7c8b961c2149bcffe/element/f.65EA279DE37407F0D83DF198F8358C68.d.0CAF49BEB13B77FC99345CA0CA9082AC.e.4521/elements - {"using":"css selector","value":"td"}
RESULT: {"using":"css selector","value":"td"}
COMMAND: POST /session/bc71e28d1f2e1ed7c8b961c2149bcffe/element/f.65EA279DE37407F0D83DF198F8358C68.d.0CAF49BEB13B77FC99345CA0CA9082AC.e.4522/elements - {"using":"css selector","value":"td"}
RESULT: {"using":"css selector","value":"td"}
COMMAND: POST /session/bc71e28d1f2e1ed7c8b961c2149bcffe/element/f.65EA279DE37407F0D83DF198F8358C68.d.0CAF49BEB13B77FC99345CA0CA9082AC.e.4523/elements - {"using":"css selector","value":"td"}
RESULT: {"using":"css selector","value":"td"}
COMMAND: POST /session/bc71e28d1f2e1ed7c8b961c2149bcffe/element/f.65EA279DE37407F0D83DF198F8358C68.d.0CAF49BEB13B77FC99345CA0CA9082AC.e.4524/elements - {"using":"css selector","value":"td"}
RESULT: {"using":"css selector","value":"td"}
COMMAND: POST /session/bc71e28d1f2e1ed7c8b961c2149bcffe/element/f.65EA279DE37407F0D83DF198F8358C68.d.0CAF49BEB13B77FC99345CA0CA9082AC.e.4546/element - {"using":"css selector","value":"input"}
RESULT: {"using":"css selector","value":"input"}
COMMAND: GET /session/bc71e28d1f2e1ed7c8b961c2149bcffe/element/f.65EA279DE37407F0D83DF198F8358C68.d.0CAF49BEB13B77FC99345CA0CA9082AC.e.4529/property/value - {}
RESULT: {}
COMMAND: POST /session/bc71e28d1f2e1ed7c8b961c2149bcffe/element/f.65EA279DE37407F0D83DF198F8358C68.d.0CAF49BEB13B77FC99345CA0CA9082AC.e.4524/element - {"using":"css selector","value":".sapMCbBg"}
COMMAND: GET /session/bc71e28d1f2e1ed7c8b961c2149bcffe/screenshot - {}
RESULT: {"using":"css selector","value":".sapMCbBg"}
COMMAND: GET /session/bc71e28d1f2e1ed7c8b961c2149bcffe/element/f.65EA279DE37407F0D83DF198F8358C68.d.0CAF49BEB13B77FC99345CA0CA9082AC.e.4986/selected - {}
RESULT: {}
RESULT: {}
COMMAND: POST /session/bc71e28d1f2e1ed7c8b961c2149bcffe/element/f.65EA279DE37407F0D83DF198F8358C68.d.0CAF49BEB13B77FC99345CA0CA9082AC.e.4986/click - {}
COMMAND: GET /session/bc71e28d1f2e1ed7c8b961c2149bcffe/screenshot - {}
RESULT: {}
COMMAND: POST /session/bc71e28d1f2e1ed7c8b961c2149bcffe/element/f.65EA279DE37407F0D83DF198F8358C68.d.0CAF49BEB13B77FC99345CA0CA9082AC.e.4556/elements - {"using":"css selector","value":"td"}
COMMAND: GET /session/bc71e28d1f2e1ed7c8b961c2149bcffe/screenshot - {}
RESULT: {}
RESULT: {"using":"css selector","value":"td"}
COMMAND: POST /session/bc71e28d1f2e1ed7c8b961c2149bcffe/element/f.65EA279DE37407F0D83DF198F8358C68.d.0CAF49BEB13B77FC99345CA0CA9082AC.e.4578/element - {"using":"css selector","value":"input"}
RESULT: {}
RESULT: {"using":"css selector","value":"input"}
COMMAND: GET /session/bc71e28d1f2e1ed7c8b961c2149bcffe/element/f.65EA279DE37407F0D83DF198F8358C68.d.0CAF49BEB13B77FC99345CA0CA9082AC.e.4561/property/value - {}
RESULT: {}
COMMAND: POST /session/bc71e28d1f2e1ed7c8b961c2149bcffe/element/f.65EA279DE37407F0D83DF198F8358C68.d.0CAF49BEB13B77FC99345CA0CA9082AC.e.4556/element - {"using":"css selector","value":".sapMCbBg"}
COMMAND: GET /session/bc71e28d1f2e1ed7c8b961c2149bcffe/screenshot - {}
RESULT: {"using":"css selector","value":".sapMCbBg"}
COMMAND: GET /session/bc71e28d1f2e1ed7c8b961c2149bcffe/element/f.65EA279DE37407F0D83DF198F8358C68.d.0CAF49BEB13B77FC99345CA0CA9082AC.e.4990/selected - {}
RESULT: {}
RESULT: {}
COMMAND: POST /session/bc71e28d1f2e1ed7c8b961c2149bcffe/element/f.65EA279DE37407F0D83DF198F8358C68.d.0CAF49BEB13B77FC99345CA0CA9082AC.e.4990/click - {}
COMMAND: GET /session/bc71e28d1f2e1ed7c8b961c2149bcffe/screenshot - {}
RESULT: {}
COMMAND: GET /session/bc71e28d1f2e1ed7c8b961c2149bcffe/screenshot - {}
RESULT: {}
RESULT: {}
COMMAND: POST /session/bc71e28d1f2e1ed7c8b961c2149bcffe/execute/async - {"script":"<script> [1562 bytes]","args":[{"selector":{"id":"application-manageconditionprice-display-component---dailyPrices--deleteBtn","interaction":{"idSuffix":"content"}},"wdio_ui5_key":"applicationmanageconditionprice-display-component---dailyPrices--deleteBtn"}]}
RESULT: {"script":"<script> [1562 bytes]","args":[{"selector":{"id":"application-manageconditionprice-display-component---dailyPrices--deleteBtn","interaction":{"idSuffix":"content"}},"wdio_ui5_key":"applicationmanageconditionprice-display-component---dailyPrices--deleteBtn"}]}
RESULT: undefined
COMMAND: POST /session/bc71e28d1f2e1ed7c8b961c2149bcffe/element - {"using":"xpath","value":"//*[@id=\"application-manageconditionprice-display-component---dailyPrices--deleteBtn\"]"}
RESULT: {"using":"xpath","value":"//*[@id=\"application-manageconditionprice-display-component---dailyPrices--deleteBtn\"]"}
COMMAND: POST /session/bc71e28d1f2e1ed7c8b961c2149bcffe/element/f.65EA279DE37407F0D83DF198F8358C68.d.0CAF49BEB13B77FC99345CA0CA9082AC.e.4992/click - {}
RESULT: {}
COMMAND: POST /session/bc71e28d1f2e1ed7c8b961c2149bcffe/execute/async - {"script":"<script> [1562 bytes]","args":[{"selector":{"controlType":"sap.m.Button","properties":{"text":"OK"},"searchOpenDialogs":true,"interaction":{"idSuffix":"BDI-content"}},"wdio_ui5_key":"sapm.Button{\"text\":\"OK\"}"}]}
COMMAND: GET /session/bc71e28d1f2e1ed7c8b961c2149bcffe/screenshot - {}
RESULT: {"script":"<script> [1562 bytes]","args":[{"selector":{"controlType":"sap.m.Button","properties":{"text":"OK"},"searchOpenDialogs":true,"interaction":{"idSuffix":"BDI-content"}},"wdio_ui5_key":"sapm.Button{\"text\":\"OK\"}"}]}
RESULT: undefined
COMMAND: POST /session/bc71e28d1f2e1ed7c8b961c2149bcffe/element - {"using":"xpath","value":"//*[@id=\"__mbox-btn-0\"]"}
RESULT: {}
RESULT: {"using":"xpath","value":"//*[@id=\"__mbox-btn-0\"]"}
COMMAND: POST /session/bc71e28d1f2e1ed7c8b961c2149bcffe/element/f.65EA279DE37407F0D83DF198F8358C68.d.0CAF49BEB13B77FC99345CA0CA9082AC.e.4993/click - {}
RESULT: {}
COMMAND: GET /session/bc71e28d1f2e1ed7c8b961c2149bcffe/screenshot - {}
RESULT: {}
RESULT: undefined
COMMAND: POST /session/bc71e28d1f2e1ed7c8b961c2149bcffe/element - {"using":"xpath","value":"//*[@id=\"__button115\"]"}
RESULT: {"using":"xpath","value":"//*[@id=\"__button115\"]"}
COMMAND: POST /session/bc71e28d1f2e1ed7c8b961c2149bcffe/element/f.65EA279DE37407F0D83DF198F8358C68.d.0CAF49BEB13B77FC99345CA0CA9082AC.e.4613/click - {}
RESULT: {}
COMMAND: GET /session/bc71e28d1f2e1ed7c8b961c2149bcffe/screenshot - {}
RESULT: {}
COMMAND: POST /session/bc71e28d1f2e1ed7c8b961c2149bcffe/elements - {"using":"css selector","value":"table tr"}
RESULT: {"using":"css selector","value":"table tr"}
COMMAND: POST /session/bc71e28d1f2e1ed7c8b961c2149bcffe/element/f.65EA279DE37407F0D83DF198F8358C68.d.0CAF49BEB13B77FC99345CA0CA9082AC.e.4436/elements - {"using":"css selector","value":"td"}
RESULT: {"using":"css selector","value":"td"}
COMMAND: POST /session/bc71e28d1f2e1ed7c8b961c2149bcffe/element/f.65EA279DE37407F0D83DF198F8358C68.d.0CAF49BEB13B77FC99345CA0CA9082AC.e.4437/elements - {"using":"css selector","value":"td"}
RESULT: {"using":"css selector","value":"td"}
COMMAND: POST /session/bc71e28d1f2e1ed7c8b961c2149bcffe/element/f.65EA279DE37407F0D83DF198F8358C68.d.0CAF49BEB13B77FC99345CA0CA9082AC.e.4438/elements - {"using":"css selector","value":"td"}
RESULT: {"using":"css selector","value":"td"}
COMMAND: POST /session/bc71e28d1f2e1ed7c8b961c2149bcffe/element/f.65EA279DE37407F0D83DF198F8358C68.d.0CAF49BEB13B77FC99345CA0CA9082AC.e.4361/elements - {"using":"css selector","value":"td"}
RESULT: {"using":"css selector","value":"td"}
COMMAND: POST /session/bc71e28d1f2e1ed7c8b961c2149bcffe/element/f.65EA279DE37407F0D83DF198F8358C68.d.0CAF49BEB13B77FC99345CA0CA9082AC.e.4362/elements - {"using":"css selector","value":"td"}
RESULT: {"using":"css selector","value":"td"}
COMMAND: POST /session/bc71e28d1f2e1ed7c8b961c2149bcffe/element/f.65EA279DE37407F0D83DF198F8358C68.d.0CAF49BEB13B77FC99345CA0CA9082AC.e.4367/elements - {"using":"css selector","value":"td"}
RESULT: {"using":"css selector","value":"td"}
COMMAND: POST /session/bc71e28d1f2e1ed7c8b961c2149bcffe/element/f.65EA279DE37407F0D83DF198F8358C68.d.0CAF49BEB13B77FC99345CA0CA9082AC.e.4368/elements - {"using":"css selector","value":"td"}
RESULT: {"using":"css selector","value":"td"}
COMMAND: POST /session/bc71e28d1f2e1ed7c8b961c2149bcffe/element/f.65EA279DE37407F0D83DF198F8358C68.d.0CAF49BEB13B77FC99345CA0CA9082AC.e.4376/elements - {"using":"css selector","value":"td"}
RESULT: {"using":"css selector","value":"td"}
COMMAND: POST /session/bc71e28d1f2e1ed7c8b961c2149bcffe/element/f.65EA279DE37407F0D83DF198F8358C68.d.0CAF49BEB13B77FC99345CA0CA9082AC.e.4377/elements - {"using":"css selector","value":"td"}
RESULT: {"using":"css selector","value":"td"}
COMMAND: POST /session/bc71e28d1f2e1ed7c8b961c2149bcffe/element/f.65EA279DE37407F0D83DF198F8358C68.d.0CAF49BEB13B77FC99345CA0CA9082AC.e.4385/elements - {"using":"css selector","value":"td"}
RESULT: {"using":"css selector","value":"td"}
COMMAND: POST /session/bc71e28d1f2e1ed7c8b961c2149bcffe/element/f.65EA279DE37407F0D83DF198F8358C68.d.0CAF49BEB13B77FC99345CA0CA9082AC.e.4439/elements - {"using":"css selector","value":"td"}
RESULT: {"using":"css selector","value":"td"}
COMMAND: POST /session/bc71e28d1f2e1ed7c8b961c2149bcffe/element/f.65EA279DE37407F0D83DF198F8358C68.d.0CAF49BEB13B77FC99345CA0CA9082AC.e.4440/elements - {"using":"css selector","value":"td"}
RESULT: {"using":"css selector","value":"td"}
COMMAND: POST /session/bc71e28d1f2e1ed7c8b961c2149bcffe/element/f.65EA279DE37407F0D83DF198F8358C68.d.0CAF49BEB13B77FC99345CA0CA9082AC.e.4441/elements - {"using":"css selector","value":"td"}
RESULT: {"using":"css selector","value":"td"}
COMMAND: POST /session/bc71e28d1f2e1ed7c8b961c2149bcffe/element/f.65EA279DE37407F0D83DF198F8358C68.d.0CAF49BEB13B77FC99345CA0CA9082AC.e.4442/elements - {"using":"css selector","value":"td"}
RESULT: {"using":"css selector","value":"td"}
COMMAND: POST /session/bc71e28d1f2e1ed7c8b961c2149bcffe/element/f.65EA279DE37407F0D83DF198F8358C68.d.0CAF49BEB13B77FC99345CA0CA9082AC.e.4443/elements - {"using":"css selector","value":"td"}
RESULT: {"using":"css selector","value":"td"}
COMMAND: POST /session/bc71e28d1f2e1ed7c8b961c2149bcffe/element/f.65EA279DE37407F0D83DF198F8358C68.d.0CAF49BEB13B77FC99345CA0CA9082AC.e.4444/elements - {"using":"css selector","value":"td"}
RESULT: {"using":"css selector","value":"td"}
COMMAND: POST /session/bc71e28d1f2e1ed7c8b961c2149bcffe/element/f.65EA279DE37407F0D83DF198F8358C68.d.0CAF49BEB13B77FC99345CA0CA9082AC.e.4445/elements - {"using":"css selector","value":"td"}
RESULT: {"using":"css selector","value":"td"}
COMMAND: POST /session/bc71e28d1f2e1ed7c8b961c2149bcffe/element/f.65EA279DE37407F0D83DF198F8358C68.d.0CAF49BEB13B77FC99345CA0CA9082AC.e.4446/elements - {"using":"css selector","value":"td"}
RESULT: {"using":"css selector","value":"td"}
COMMAND: POST /session/bc71e28d1f2e1ed7c8b961c2149bcffe/element/f.65EA279DE37407F0D83DF198F8358C68.d.0CAF49BEB13B77FC99345CA0CA9082AC.e.4447/elements - {"using":"css selector","value":"td"}
RESULT: {"using":"css selector","value":"td"}
COMMAND: POST /session/bc71e28d1f2e1ed7c8b961c2149bcffe/element/f.65EA279DE37407F0D83DF198F8358C68.d.0CAF49BEB13B77FC99345CA0CA9082AC.e.4448/elements - {"using":"css selector","value":"td"}
RESULT: {"using":"css selector","value":"td"}
COMMAND: POST /session/bc71e28d1f2e1ed7c8b961c2149bcffe/element/f.65EA279DE37407F0D83DF198F8358C68.d.0CAF49BEB13B77FC99345CA0CA9082AC.e.4449/elements - {"using":"css selector","value":"td"}
RESULT: {"using":"css selector","value":"td"}
COMMAND: POST /session/bc71e28d1f2e1ed7c8b961c2149bcffe/element/f.65EA279DE37407F0D83DF198F8358C68.d.0CAF49BEB13B77FC99345CA0CA9082AC.e.4450/elements - {"using":"css selector","value":"td"}
RESULT: {"using":"css selector","value":"td"}
COMMAND: POST /session/bc71e28d1f2e1ed7c8b961c2149bcffe/element/f.65EA279DE37407F0D83DF198F8358C68.d.0CAF49BEB13B77FC99345CA0CA9082AC.e.4451/elements - {"using":"css selector","value":"td"}
RESULT: {"using":"css selector","value":"td"}
COMMAND: POST /session/bc71e28d1f2e1ed7c8b961c2149bcffe/element/f.65EA279DE37407F0D83DF198F8358C68.d.0CAF49BEB13B77FC99345CA0CA9082AC.e.4452/elements - {"using":"css selector","value":"td"}
RESULT: {"using":"css selector","value":"td"}
COMMAND: POST /session/bc71e28d1f2e1ed7c8b961c2149bcffe/element/f.65EA279DE37407F0D83DF198F8358C68.d.0CAF49BEB13B77FC99345CA0CA9082AC.e.4453/elements - {"using":"css selector","value":"td"}
RESULT: {"using":"css selector","value":"td"}
COMMAND: POST /session/bc71e28d1f2e1ed7c8b961c2149bcffe/element/f.65EA279DE37407F0D83DF198F8358C68.d.0CAF49BEB13B77FC99345CA0CA9082AC.e.4454/elements - {"using":"css selector","value":"td"}
RESULT: {"using":"css selector","value":"td"}
COMMAND: POST /session/bc71e28d1f2e1ed7c8b961c2149bcffe/element/f.65EA279DE37407F0D83DF198F8358C68.d.0CAF49BEB13B77FC99345CA0CA9082AC.e.4455/elements - {"using":"css selector","value":"td"}
RESULT: {"using":"css selector","value":"td"}
COMMAND: POST /session/bc71e28d1f2e1ed7c8b961c2149bcffe/element/f.65EA279DE37407F0D83DF198F8358C68.d.0CAF49BEB13B77FC99345CA0CA9082AC.e.4456/elements - {"using":"css selector","value":"td"}
RESULT: {"using":"css selector","value":"td"}
COMMAND: POST /session/bc71e28d1f2e1ed7c8b961c2149bcffe/element/f.65EA279DE37407F0D83DF198F8358C68.d.0CAF49BEB13B77FC99345CA0CA9082AC.e.4457/elements - {"using":"css selector","value":"td"}
RESULT: {"using":"css selector","value":"td"}
COMMAND: POST /session/bc71e28d1f2e1ed7c8b961c2149bcffe/element/f.65EA279DE37407F0D83DF198F8358C68.d.0CAF49BEB13B77FC99345CA0CA9082AC.e.4458/elements - {"using":"css selector","value":"td"}
RESULT: {"using":"css selector","value":"td"}
COMMAND: POST /session/bc71e28d1f2e1ed7c8b961c2149bcffe/element/f.65EA279DE37407F0D83DF198F8358C68.d.0CAF49BEB13B77FC99345CA0CA9082AC.e.4459/elements - {"using":"css selector","value":"td"}
RESULT: {"using":"css selector","value":"td"}
COMMAND: POST /session/bc71e28d1f2e1ed7c8b961c2149bcffe/element/f.65EA279DE37407F0D83DF198F8358C68.d.0CAF49BEB13B77FC99345CA0CA9082AC.e.4460/elements - {"using":"css selector","value":"td"}
RESULT: {"using":"css selector","value":"td"}
COMMAND: POST /session/bc71e28d1f2e1ed7c8b961c2149bcffe/element/f.65EA279DE37407F0D83DF198F8358C68.d.0CAF49BEB13B77FC99345CA0CA9082AC.e.4461/elements - {"using":"css selector","value":"td"}
RESULT: {"using":"css selector","value":"td"}
COMMAND: POST /session/bc71e28d1f2e1ed7c8b961c2149bcffe/element/f.65EA279DE37407F0D83DF198F8358C68.d.0CAF49BEB13B77FC99345CA0CA9082AC.e.4462/elements - {"using":"css selector","value":"td"}
RESULT: {"using":"css selector","value":"td"}
COMMAND: POST /session/bc71e28d1f2e1ed7c8b961c2149bcffe/element/f.65EA279DE37407F0D83DF198F8358C68.d.0CAF49BEB13B77FC99345CA0CA9082AC.e.4463/elements - {"using":"css selector","value":"td"}
RESULT: {"using":"css selector","value":"td"}
COMMAND: POST /session/bc71e28d1f2e1ed7c8b961c2149bcffe/element/f.65EA279DE37407F0D83DF198F8358C68.d.0CAF49BEB13B77FC99345CA0CA9082AC.e.4464/elements - {"using":"css selector","value":"td"}
RESULT: {"using":"css selector","value":"td"}
COMMAND: POST /session/bc71e28d1f2e1ed7c8b961c2149bcffe/element/f.65EA279DE37407F0D83DF198F8358C68.d.0CAF49BEB13B77FC99345CA0CA9082AC.e.4465/elements - {"using":"css selector","value":"td"}
RESULT: {"using":"css selector","value":"td"}
COMMAND: POST /session/bc71e28d1f2e1ed7c8b961c2149bcffe/element/f.65EA279DE37407F0D83DF198F8358C68.d.0CAF49BEB13B77FC99345CA0CA9082AC.e.4466/elements - {"using":"css selector","value":"td"}
RESULT: {"using":"css selector","value":"td"}
COMMAND: POST /session/bc71e28d1f2e1ed7c8b961c2149bcffe/element/f.65EA279DE37407F0D83DF198F8358C68.d.0CAF49BEB13B77FC99345CA0CA9082AC.e.4467/elements - {"using":"css selector","value":"td"}
RESULT: {"using":"css selector","value":"td"}
COMMAND: POST /session/bc71e28d1f2e1ed7c8b961c2149bcffe/element/f.65EA279DE37407F0D83DF198F8358C68.d.0CAF49BEB13B77FC99345CA0CA9082AC.e.4468/elements - {"using":"css selector","value":"td"}
RESULT: {"using":"css selector","value":"td"}
COMMAND: POST /session/bc71e28d1f2e1ed7c8b961c2149bcffe/element/f.65EA279DE37407F0D83DF198F8358C68.d.0CAF49BEB13B77FC99345CA0CA9082AC.e.4469/elements - {"using":"css selector","value":"td"}
RESULT: {"using":"css selector","value":"td"}
COMMAND: POST /session/bc71e28d1f2e1ed7c8b961c2149bcffe/element/f.65EA279DE37407F0D83DF198F8358C68.d.0CAF49BEB13B77FC99345CA0CA9082AC.e.4470/elements - {"using":"css selector","value":"td"}
RESULT: {"using":"css selector","value":"td"}
COMMAND: POST /session/bc71e28d1f2e1ed7c8b961c2149bcffe/element/f.65EA279DE37407F0D83DF198F8358C68.d.0CAF49BEB13B77FC99345CA0CA9082AC.e.4471/elements - {"using":"css selector","value":"td"}
RESULT: {"using":"css selector","value":"td"}
COMMAND: POST /session/bc71e28d1f2e1ed7c8b961c2149bcffe/element/f.65EA279DE37407F0D83DF198F8358C68.d.0CAF49BEB13B77FC99345CA0CA9082AC.e.4472/elements - {"using":"css selector","value":"td"}
RESULT: {"using":"css selector","value":"td"}
COMMAND: POST /session/bc71e28d1f2e1ed7c8b961c2149bcffe/element/f.65EA279DE37407F0D83DF198F8358C68.d.0CAF49BEB13B77FC99345CA0CA9082AC.e.4473/elements - {"using":"css selector","value":"td"}
RESULT: {"using":"css selector","value":"td"}
COMMAND: POST /session/bc71e28d1f2e1ed7c8b961c2149bcffe/element/f.65EA279DE37407F0D83DF198F8358C68.d.0CAF49BEB13B77FC99345CA0CA9082AC.e.4474/elements - {"using":"css selector","value":"td"}
RESULT: {"using":"css selector","value":"td"}
COMMAND: POST /session/bc71e28d1f2e1ed7c8b961c2149bcffe/element/f.65EA279DE37407F0D83DF198F8358C68.d.0CAF49BEB13B77FC99345CA0CA9082AC.e.4475/elements - {"using":"css selector","value":"td"}
RESULT: {"using":"css selector","value":"td"}
COMMAND: POST /session/bc71e28d1f2e1ed7c8b961c2149bcffe/element/f.65EA279DE37407F0D83DF198F8358C68.d.0CAF49BEB13B77FC99345CA0CA9082AC.e.4476/elements - {"using":"css selector","value":"td"}
RESULT: {"using":"css selector","value":"td"}
COMMAND: POST /session/bc71e28d1f2e1ed7c8b961c2149bcffe/element/f.65EA279DE37407F0D83DF198F8358C68.d.0CAF49BEB13B77FC99345CA0CA9082AC.e.4477/elements - {"using":"css selector","value":"td"}
RESULT: {"using":"css selector","value":"td"}
COMMAND: POST /session/bc71e28d1f2e1ed7c8b961c2149bcffe/element/f.65EA279DE37407F0D83DF198F8358C68.d.0CAF49BEB13B77FC99345CA0CA9082AC.e.4478/elements - {"using":"css selector","value":"td"}
RESULT: {"using":"css selector","value":"td"}
COMMAND: POST /session/bc71e28d1f2e1ed7c8b961c2149bcffe/element/f.65EA279DE37407F0D83DF198F8358C68.d.0CAF49BEB13B77FC99345CA0CA9082AC.e.4479/elements - {"using":"css selector","value":"td"}
RESULT: {"using":"css selector","value":"td"}
COMMAND: POST /session/bc71e28d1f2e1ed7c8b961c2149bcffe/element/f.65EA279DE37407F0D83DF198F8358C68.d.0CAF49BEB13B77FC99345CA0CA9082AC.e.4480/elements - {"using":"css selector","value":"td"}
RESULT: {"using":"css selector","value":"td"}
COMMAND: POST /session/bc71e28d1f2e1ed7c8b961c2149bcffe/element/f.65EA279DE37407F0D83DF198F8358C68.d.0CAF49BEB13B77FC99345CA0CA9082AC.e.4481/elements - {"using":"css selector","value":"td"}
RESULT: {"using":"css selector","value":"td"}
COMMAND: POST /session/bc71e28d1f2e1ed7c8b961c2149bcffe/element/f.65EA279DE37407F0D83DF198F8358C68.d.0CAF49BEB13B77FC99345CA0CA9082AC.e.4482/elements - {"using":"css selector","value":"td"}
RESULT: {"using":"css selector","value":"td"}
COMMAND: POST /session/bc71e28d1f2e1ed7c8b961c2149bcffe/element/f.65EA279DE37407F0D83DF198F8358C68.d.0CAF49BEB13B77FC99345CA0CA9082AC.e.4483/elements - {"using":"css selector","value":"td"}
RESULT: {"using":"css selector","value":"td"}
COMMAND: POST /session/bc71e28d1f2e1ed7c8b961c2149bcffe/element/f.65EA279DE37407F0D83DF198F8358C68.d.0CAF49BEB13B77FC99345CA0CA9082AC.e.4484/elements - {"using":"css selector","value":"td"}
RESULT: {"using":"css selector","value":"td"}
COMMAND: POST /session/bc71e28d1f2e1ed7c8b961c2149bcffe/element/f.65EA279DE37407F0D83DF198F8358C68.d.0CAF49BEB13B77FC99345CA0CA9082AC.e.4485/elements - {"using":"css selector","value":"td"}
RESULT: {"using":"css selector","value":"td"}
COMMAND: POST /session/bc71e28d1f2e1ed7c8b961c2149bcffe/element/f.65EA279DE37407F0D83DF198F8358C68.d.0CAF49BEB13B77FC99345CA0CA9082AC.e.4486/elements - {"using":"css selector","value":"td"}
RESULT: {"using":"css selector","value":"td"}
COMMAND: POST /session/bc71e28d1f2e1ed7c8b961c2149bcffe/element/f.65EA279DE37407F0D83DF198F8358C68.d.0CAF49BEB13B77FC99345CA0CA9082AC.e.4487/elements - {"using":"css selector","value":"td"}
RESULT: {"using":"css selector","value":"td"}
COMMAND: POST /session/bc71e28d1f2e1ed7c8b961c2149bcffe/element/f.65EA279DE37407F0D83DF198F8358C68.d.0CAF49BEB13B77FC99345CA0CA9082AC.e.4488/elements - {"using":"css selector","value":"td"}
RESULT: {"using":"css selector","value":"td"}
COMMAND: POST /session/bc71e28d1f2e1ed7c8b961c2149bcffe/element/f.65EA279DE37407F0D83DF198F8358C68.d.0CAF49BEB13B77FC99345CA0CA9082AC.e.4489/elements - {"using":"css selector","value":"td"}
RESULT: {"using":"css selector","value":"td"}
COMMAND: POST /session/bc71e28d1f2e1ed7c8b961c2149bcffe/element/f.65EA279DE37407F0D83DF198F8358C68.d.0CAF49BEB13B77FC99345CA0CA9082AC.e.4490/elements - {"using":"css selector","value":"td"}
RESULT: {"using":"css selector","value":"td"}
COMMAND: POST /session/bc71e28d1f2e1ed7c8b961c2149bcffe/element/f.65EA279DE37407F0D83DF198F8358C68.d.0CAF49BEB13B77FC99345CA0CA9082AC.e.4491/elements - {"using":"css selector","value":"td"}
RESULT: {"using":"css selector","value":"td"}
COMMAND: POST /session/bc71e28d1f2e1ed7c8b961c2149bcffe/element/f.65EA279DE37407F0D83DF198F8358C68.d.0CAF49BEB13B77FC99345CA0CA9082AC.e.4492/elements - {"using":"css selector","value":"td"}
RESULT: {"using":"css selector","value":"td"}
COMMAND: POST /session/bc71e28d1f2e1ed7c8b961c2149bcffe/element/f.65EA279DE37407F0D83DF198F8358C68.d.0CAF49BEB13B77FC99345CA0CA9082AC.e.4493/elements - {"using":"css selector","value":"td"}
RESULT: {"using":"css selector","value":"td"}
COMMAND: POST /session/bc71e28d1f2e1ed7c8b961c2149bcffe/element/f.65EA279DE37407F0D83DF198F8358C68.d.0CAF49BEB13B77FC99345CA0CA9082AC.e.4494/elements - {"using":"css selector","value":"td"}
RESULT: {"using":"css selector","value":"td"}
COMMAND: POST /session/bc71e28d1f2e1ed7c8b961c2149bcffe/element/f.65EA279DE37407F0D83DF198F8358C68.d.0CAF49BEB13B77FC99345CA0CA9082AC.e.4495/elements - {"using":"css selector","value":"td"}
RESULT: {"using":"css selector","value":"td"}
COMMAND: POST /session/bc71e28d1f2e1ed7c8b961c2149bcffe/element/f.65EA279DE37407F0D83DF198F8358C68.d.0CAF49BEB13B77FC99345CA0CA9082AC.e.4496/elements - {"using":"css selector","value":"td"}
RESULT: {"using":"css selector","value":"td"}
COMMAND: POST /session/bc71e28d1f2e1ed7c8b961c2149bcffe/element/f.65EA279DE37407F0D83DF198F8358C68.d.0CAF49BEB13B77FC99345CA0CA9082AC.e.4497/elements - {"using":"css selector","value":"td"}
RESULT: {"using":"css selector","value":"td"}
COMMAND: POST /session/bc71e28d1f2e1ed7c8b961c2149bcffe/element/f.65EA279DE37407F0D83DF198F8358C68.d.0CAF49BEB13B77FC99345CA0CA9082AC.e.4498/elements - {"using":"css selector","value":"td"}
RESULT: {"using":"css selector","value":"td"}
COMMAND: POST /session/bc71e28d1f2e1ed7c8b961c2149bcffe/element/f.65EA279DE37407F0D83DF198F8358C68.d.0CAF49BEB13B77FC99345CA0CA9082AC.e.4499/elements - {"using":"css selector","value":"td"}
RESULT: {"using":"css selector","value":"td"}
COMMAND: POST /session/bc71e28d1f2e1ed7c8b961c2149bcffe/element/f.65EA279DE37407F0D83DF198F8358C68.d.0CAF49BEB13B77FC99345CA0CA9082AC.e.4500/elements - {"using":"css selector","value":"td"}
RESULT: {"using":"css selector","value":"td"}
COMMAND: POST /session/bc71e28d1f2e1ed7c8b961c2149bcffe/element/f.65EA279DE37407F0D83DF198F8358C68.d.0CAF49BEB13B77FC99345CA0CA9082AC.e.4501/elements - {"using":"css selector","value":"td"}
RESULT: {"using":"css selector","value":"td"}
COMMAND: POST /session/bc71e28d1f2e1ed7c8b961c2149bcffe/element/f.65EA279DE37407F0D83DF198F8358C68.d.0CAF49BEB13B77FC99345CA0CA9082AC.e.4502/elements - {"using":"css selector","value":"td"}
RESULT: {"using":"css selector","value":"td"}
COMMAND: POST /session/bc71e28d1f2e1ed7c8b961c2149bcffe/element/f.65EA279DE37407F0D83DF198F8358C68.d.0CAF49BEB13B77FC99345CA0CA9082AC.e.4503/elements - {"using":"css selector","value":"td"}
RESULT: {"using":"css selector","value":"td"}
COMMAND: POST /session/bc71e28d1f2e1ed7c8b961c2149bcffe/element/f.65EA279DE37407F0D83DF198F8358C68.d.0CAF49BEB13B77FC99345CA0CA9082AC.e.4504/elements - {"using":"css selector","value":"td"}
RESULT: {"using":"css selector","value":"td"}
COMMAND: POST /session/bc71e28d1f2e1ed7c8b961c2149bcffe/element/f.65EA279DE37407F0D83DF198F8358C68.d.0CAF49BEB13B77FC99345CA0CA9082AC.e.4505/elements - {"using":"css selector","value":"td"}
RESULT: {"using":"css selector","value":"td"}
COMMAND: POST /session/bc71e28d1f2e1ed7c8b961c2149bcffe/element/f.65EA279DE37407F0D83DF198F8358C68.d.0CAF49BEB13B77FC99345CA0CA9082AC.e.4506/elements - {"using":"css selector","value":"td"}
RESULT: {"using":"css selector","value":"td"}
COMMAND: POST /session/bc71e28d1f2e1ed7c8b961c2149bcffe/element/f.65EA279DE37407F0D83DF198F8358C68.d.0CAF49BEB13B77FC99345CA0CA9082AC.e.4507/elements - {"using":"css selector","value":"td"}
RESULT: {"using":"css selector","value":"td"}
COMMAND: POST /session/bc71e28d1f2e1ed7c8b961c2149bcffe/element/f.65EA279DE37407F0D83DF198F8358C68.d.0CAF49BEB13B77FC99345CA0CA9082AC.e.4508/elements - {"using":"css selector","value":"td"}
RESULT: {"using":"css selector","value":"td"}
COMMAND: POST /session/bc71e28d1f2e1ed7c8b961c2149bcffe/element/f.65EA279DE37407F0D83DF198F8358C68.d.0CAF49BEB13B77FC99345CA0CA9082AC.e.4509/elements - {"using":"css selector","value":"td"}
RESULT: {"using":"css selector","value":"td"}
COMMAND: POST /session/bc71e28d1f2e1ed7c8b961c2149bcffe/element/f.65EA279DE37407F0D83DF198F8358C68.d.0CAF49BEB13B77FC99345CA0CA9082AC.e.4510/elements - {"using":"css selector","value":"td"}
RESULT: {"using":"css selector","value":"td"}
COMMAND: POST /session/bc71e28d1f2e1ed7c8b961c2149bcffe/element/f.65EA279DE37407F0D83DF198F8358C68.d.0CAF49BEB13B77FC99345CA0CA9082AC.e.4511/elements - {"using":"css selector","value":"td"}
RESULT: {"using":"css selector","value":"td"}
COMMAND: POST /session/bc71e28d1f2e1ed7c8b961c2149bcffe/element/f.65EA279DE37407F0D83DF198F8358C68.d.0CAF49BEB13B77FC99345CA0CA9082AC.e.4512/elements - {"using":"css selector","value":"td"}
RESULT: {"using":"css selector","value":"td"}
COMMAND: POST /session/bc71e28d1f2e1ed7c8b961c2149bcffe/element/f.65EA279DE37407F0D83DF198F8358C68.d.0CAF49BEB13B77FC99345CA0CA9082AC.e.4513/elements - {"using":"css selector","value":"td"}
RESULT: {"using":"css selector","value":"td"}
COMMAND: POST /session/bc71e28d1f2e1ed7c8b961c2149bcffe/element/f.65EA279DE37407F0D83DF198F8358C68.d.0CAF49BEB13B77FC99345CA0CA9082AC.e.4514/elements - {"using":"css selector","value":"td"}
RESULT: {"using":"css selector","value":"td"}
COMMAND: POST /session/bc71e28d1f2e1ed7c8b961c2149bcffe/element/f.65EA279DE37407F0D83DF198F8358C68.d.0CAF49BEB13B77FC99345CA0CA9082AC.e.4515/elements - {"using":"css selector","value":"td"}
RESULT: {"using":"css selector","value":"td"}
COMMAND: POST /session/bc71e28d1f2e1ed7c8b961c2149bcffe/element/f.65EA279DE37407F0D83DF198F8358C68.d.0CAF49BEB13B77FC99345CA0CA9082AC.e.4516/elements - {"using":"css selector","value":"td"}
RESULT: {"using":"css selector","value":"td"}
COMMAND: POST /session/bc71e28d1f2e1ed7c8b961c2149bcffe/element/f.65EA279DE37407F0D83DF198F8358C68.d.0CAF49BEB13B77FC99345CA0CA9082AC.e.4517/elements - {"using":"css selector","value":"td"}
RESULT: {"using":"css selector","value":"td"}
COMMAND: POST /session/bc71e28d1f2e1ed7c8b961c2149bcffe/element/f.65EA279DE37407F0D83DF198F8358C68.d.0CAF49BEB13B77FC99345CA0CA9082AC.e.4518/elements - {"using":"css selector","value":"td"}
RESULT: {"using":"css selector","value":"td"}
COMMAND: POST /session/bc71e28d1f2e1ed7c8b961c2149bcffe/element/f.65EA279DE37407F0D83DF198F8358C68.d.0CAF49BEB13B77FC99345CA0CA9082AC.e.4519/elements - {"using":"css selector","value":"td"}
RESULT: {"using":"css selector","value":"td"}
COMMAND: POST /session/bc71e28d1f2e1ed7c8b961c2149bcffe/element/f.65EA279DE37407F0D83DF198F8358C68.d.0CAF49BEB13B77FC99345CA0CA9082AC.e.4520/elements - {"using":"css selector","value":"td"}
RESULT: {"using":"css selector","value":"td"}
COMMAND: POST /session/bc71e28d1f2e1ed7c8b961c2149bcffe/element/f.65EA279DE37407F0D83DF198F8358C68.d.0CAF49BEB13B77FC99345CA0CA9082AC.e.4521/elements - {"using":"css selector","value":"td"}
RESULT: {"using":"css selector","value":"td"}
COMMAND: POST /session/bc71e28d1f2e1ed7c8b961c2149bcffe/element/f.65EA279DE37407F0D83DF198F8358C68.d.0CAF49BEB13B77FC99345CA0CA9082AC.e.4522/elements - {"using":"css selector","value":"td"}
RESULT: {"using":"css selector","value":"td"}
COMMAND: POST /session/bc71e28d1f2e1ed7c8b961c2149bcffe/element/f.65EA279DE37407F0D83DF198F8358C68.d.0CAF49BEB13B77FC99345CA0CA9082AC.e.4523/elements - {"using":"css selector","value":"td"}
RESULT: {"using":"css selector","value":"td"}
COMMAND: POST /session/bc71e28d1f2e1ed7c8b961c2149bcffe/element/f.65EA279DE37407F0D83DF198F8358C68.d.0CAF49BEB13B77FC99345CA0CA9082AC.e.4998/elements - {"using":"css selector","value":"td"}
RESULT: {"using":"css selector","value":"td"}
COMMAND: POST /session/bc71e28d1f2e1ed7c8b961c2149bcffe/element - {"using":"css selector","value":"#j_username"}
COMMAND: POST /session/bc71e28d1f2e1ed7c8b961c2149bcffe/url - {"url":"https://qa-testing-00-live-etm-ui.cfapps.eu10-004.hana.ondemand.com/"}
RESULT: {"url":"https://qa-testing-00-live-etm-ui.cfapps.eu10-004.hana.ondemand.com/"}
RESULT: undefined
COMMAND: GET /session/bc71e28d1f2e1ed7c8b961c2149bcffe/screenshot - {}
RESULT: {"using":"css selector","value":"#j_username"}
COMMAND: POST /session/bc71e28d1f2e1ed7c8b961c2149bcffe/element - {"using":"css selector","value":"#j_username"}
RESULT: {}
RESULT: {"using":"css selector","value":"#j_username"}
COMMAND: POST /session/bc71e28d1f2e1ed7c8b961c2149bcffe/element - {"using":"css selector","value":"#shell-header-logo"}
RESULT: {"using":"css selector","value":"#shell-header-logo"}
COMMAND: POST /session/bc71e28d1f2e1ed7c8b961c2149bcffe/execute/sync - {"script":"<script> [8489 bytes]","args":[{"element-6066-11e4-a52e-4f735466cecf":"f.65EA279DE37407F0D83DF198F8358C68.d.653D6058FF89B3D6279D24DE9642E140.e.5015","ELEMENT":"f.65EA279DE37407F0D83DF198F8358C68.d.653D6058FF89B3D6279D24DE9642E140.e.5015"}]}
RESULT: {"script":"<script> [8489 bytes]","args":[{"element-6066-11e4-a52e-4f735466cecf":"f.65EA279DE37407F0D83DF198F8358C68.d.653D6058FF89B3D6279D24DE9642E140.e.5015","ELEMENT":"f.65EA279DE37407F0D83DF198F8358C68.d.653D6058FF89B3D6279D24DE9642E140.e.5015"}]}
COMMAND: POST /session/bc71e28d1f2e1ed7c8b961c2149bcffe/element - {"using":"css selector","value":"#shell-header-logo"}
COMMAND: GET /session/bc71e28d1f2e1ed7c8b961c2149bcffe/screenshot - {}
RESULT: {"using":"css selector","value":"#shell-header-logo"}
COMMAND: POST /session/bc71e28d1f2e1ed7c8b961c2149bcffe/execute/sync - {"script":"<script> [8489 bytes]","args":[{"element-6066-11e4-a52e-4f735466cecf":"f.65EA279DE37407F0D83DF198F8358C68.d.653D6058FF89B3D6279D24DE9642E140.e.5015","ELEMENT":"f.65EA279DE37407F0D83DF198F8358C68.d.653D6058FF89B3D6279D24DE9642E140.e.5015"}]}
RESULT: {}
RESULT: {"script":"<script> [8489 bytes]","args":[{"element-6066-11e4-a52e-4f735466cecf":"f.65EA279DE37407F0D83DF198F8358C68.d.653D6058FF89B3D6279D24DE9642E140.e.5015","ELEMENT":"f.65EA279DE37407F0D83DF198F8358C68.d.653D6058FF89B3D6279D24DE9642E140.e.5015"}]}
COMMAND: POST /session/bc71e28d1f2e1ed7c8b961c2149bcffe/execute/sync - {"script":"<script> [5351 bytes]","args":[{"element-6066-11e4-a52e-4f735466cecf":"f.65EA279DE37407F0D83DF198F8358C68.d.653D6058FF89B3D6279D24DE9642E140.e.5015","ELEMENT":"f.65EA279DE37407F0D83DF198F8358C68.d.653D6058FF89B3D6279D24DE9642E140.e.5015"}]}
COMMAND: GET /session/bc71e28d1f2e1ed7c8b961c2149bcffe/screenshot - {}
RESULT: {"script":"<script> [5351 bytes]","args":[{"element-6066-11e4-a52e-4f735466cecf":"f.65EA279DE37407F0D83DF198F8358C68.d.653D6058FF89B3D6279D24DE9642E140.e.5015","ELEMENT":"f.65EA279DE37407F0D83DF198F8358C68.d.653D6058FF89B3D6279D24DE9642E140.e.5015"}]}
COMMAND: POST /session/bc71e28d1f2e1ed7c8b961c2149bcffe/element - {"using":"css selector","value":"#shell-header-logo"}
COMMAND: GET /session/bc71e28d1f2e1ed7c8b961c2149bcffe/screenshot - {}
RESULT: {}
RESULT: {"using":"css selector","value":"#shell-header-logo"}
COMMAND: POST /session/bc71e28d1f2e1ed7c8b961c2149bcffe/element/f.65EA279DE37407F0D83DF198F8358C68.d.653D6058FF89B3D6279D24DE9642E140.e.5015/click - {}
RESULT: {}
RESULT: {}
COMMAND: GET /session/bc71e28d1f2e1ed7c8b961c2149bcffe/screenshot - {}
RESULT: {}
COMMAND: POST /session/bc71e28d1f2e1ed7c8b961c2149bcffe/execute/async - {"script":"<script> [189 bytes]","args":[]}
RESULT: {"script":"<script> [189 bytes]","args":[]}
COMMAND: POST /session/bc71e28d1f2e1ed7c8b961c2149bcffe/execute/async - {"script":"<script> [123 bytes]","args":[]}
RESULT: {"script":"<script> [123 bytes]","args":[]}
COMMAND: POST /session/bc71e28d1f2e1ed7c8b961c2149bcffe/timeouts - {"script":"<number>"}
RESULT: {"script":"<number>"}
COMMAND: GET /session/bc71e28d1f2e1ed7c8b961c2149bcffe/timeouts - {}
RESULT: {}
RESULT: undefined
COMMAND: POST /session/bc71e28d1f2e1ed7c8b961c2149bcffe/execute/async - {"script":"<script> [2676 bytes]","args":[]}
RESULT: {"script":"<script> [2676 bytes]","args":[]}
COMMAND: POST /session/bc71e28d1f2e1ed7c8b961c2149bcffe/execute/async - {"script":"<script> [2342 bytes]","args":[{"protocol":"http","hostname":"0.0.0.0","path":"/","capabilities":{"browserName":"chrome","goog:chromeOptions":{"binary":"C:\\Program Files\\Google\\Chrome\\Application\\chrome.exe","args":["--start-maximized"]}},"logLevel":"warn","connectionRetryTimeout":120000,"connectionRetryCount":3,"logLevels":{},"enableDirectConnect":true,"strictSSL":true,"_":"65 more keys: [\"cacheDir\",\"port\",\"requestedCapabilities\",\"automationProtocol\",\"baseUrl\",\"waitforInterval\",\"waitforTimeout\",\"onReload\",\"beforeCommand\",\"afterCommand\",\"rootDir\",\"specs\",\"suites\",\"exclude\",\"groupLogsByTestSpec\",\"excludeDriverLogs\",\"bail\",\"framework\",\"reporters\",\"services\",\"maxInstances\",\"maxInstancesPerCapability\",\"injectGlobals\",\"filesToWatch\",\"execArgv\",\"runnerEnv\",\"runner\",\"shard\",\"specFileRetries\",\"specFileRetriesDelay\",\"specFileRetriesDeferred\",\"reporterSyncInterval\",\"reporterSyncTimeout\",\"cucumberFeaturesWithLineNumbers\",\"autoCompileOpts\",\"mochaOpts\",\"jasmineOpts\",\"cucumberOpts\",\"onPrepare\",\"onWorkerStart\",\"onWorkerEnd\",\"before\",\"beforeSession\",\"beforeSuite\",\"beforeHook\",\"beforeTest\",\"afterTest\",\"afterHook\",\"afterSuite\",\"afterSession\",\"after\",\"onComplete\",\"beforeAssertion\",\"afterAssertion\",\"beforeFeature\",\"beforeScenario\",\"beforeStep\",\"afterStep\",\"afterScenario\",\"afterFeature\",\"_\",\"suite\",\"$0\",\"ignoredWorkerServices\",\"wdi5\"]"}]}
RESULT: {"script":"<script> [2342 bytes]","args":[{"protocol":"http","hostname":"0.0.0.0","path":"/","capabilities":{"browserName":"chrome","goog:chromeOptions":{"binary":"C:\\Program Files\\Google\\Chrome\\Application\\chrome.exe","args":["--start-maximized"]}},"logLevel":"warn","connectionRetryTimeout":120000,"connectionRetryCount":3,"logLevels":{},"enableDirectConnect":true,"strictSSL":true,"_":"65 more keys: [\"cacheDir\",\"port\",\"requestedCapabilities\",\"automationProtocol\",\"baseUrl\",\"waitforInterval\",\"waitforTimeout\",\"onReload\",\"beforeCommand\",\"afterCommand\",\"rootDir\",\"specs\",\"suites\",\"exclude\",\"groupLogsByTestSpec\",\"excludeDriverLogs\",\"bail\",\"framework\",\"reporters\",\"services\",\"maxInstances\",\"maxInstancesPerCapability\",\"injectGlobals\",\"filesToWatch\",\"execArgv\",\"runnerEnv\",\"runner\",\"shard\",\"specFileRetries\",\"specFileRetriesDelay\",\"specFileRetriesDeferred\",\"reporterSyncInterval\",\"reporterSyncTimeout\",\"cucumberFeaturesWithLineNumbers\",\"autoCompileOpts\",\"mochaOpts\",\"jasmineOpts\",\"cucumberOpts\",\"onPrepare\",\"onWorkerStart\",\"onWorkerEnd\",\"before\",\"beforeSession\",\"beforeSuite\",\"beforeHook\",\"beforeTest\",\"afterTest\",\"afterHook\",\"afterSuite\",\"afterSession\",\"after\",\"onComplete\",\"beforeAssertion\",\"afterAssertion\",\"beforeFeature\",\"beforeScenario\",\"beforeStep\",\"afterStep\",\"afterScenario\",\"afterFeature\",\"_\",\"suite\",\"$0\",\"ignoredWorkerServices\",\"wdi5\"]"}]}
COMMAND: POST /session/bc71e28d1f2e1ed7c8b961c2149bcffe/execute/async - {"script":"<script> [21126 bytes]","args":[35000]}
RESULT: {"script":"<script> [21126 bytes]","args":[35000]}
COMMAND: POST /session/bc71e28d1f2e1ed7c8b961c2149bcffe/window/maximize - {}
RESULT: {}
COMMAND: POST /session/bc71e28d1f2e1ed7c8b961c2149bcffe/execute/async - {"script":"<script> [1562 bytes]","args":[{"selector":{"id":"shell-header","interaction":{"idSuffix":"icon"}},"wdio_ui5_key":"shellheader"}]}
COMMAND: GET /session/bc71e28d1f2e1ed7c8b961c2149bcffe/screenshot - {}
RESULT: {"script":"<script> [1562 bytes]","args":[{"selector":{"id":"shell-header","interaction":{"idSuffix":"icon"}},"wdio_ui5_key":"shellheader"}]}
RESULT: undefined
COMMAND: POST /session/bc71e28d1f2e1ed7c8b961c2149bcffe/refresh - {}
RESULT: {}
RESULT: {}
COMMAND: GET /session/bc71e28d1f2e1ed7c8b961c2149bcffe/screenshot - {}
RESULT: {}
COMMAND: POST /session/bc71e28d1f2e1ed7c8b961c2149bcffe/refresh - {}
RESULT: {}
COMMAND: GET /session/bc71e28d1f2e1ed7c8b961c2149bcffe/screenshot - {}
RESULT: {}
COMMAND: POST /session/bc71e28d1f2e1ed7c8b961c2149bcffe/window/fullscreen - {}
RESULT: {}
COMMAND: POST /session/bc71e28d1f2e1ed7c8b961c2149bcffe/execute/async - {"script":"<script> [189 bytes]","args":[]}
RESULT: {"script":"<script> [189 bytes]","args":[]}
COMMAND: POST /session/bc71e28d1f2e1ed7c8b961c2149bcffe/execute/async - {"script":"<script> [123 bytes]","args":[]}
RESULT: {"script":"<script> [123 bytes]","args":[]}
COMMAND: POST /session/bc71e28d1f2e1ed7c8b961c2149bcffe/timeouts - {"script":"<number>"}
RESULT: {"script":"<number>"}
COMMAND: GET /session/bc71e28d1f2e1ed7c8b961c2149bcffe/timeouts - {}
RESULT: {}
RESULT: undefined
COMMAND: POST /session/bc71e28d1f2e1ed7c8b961c2149bcffe/execute/async - {"script":"<script> [2676 bytes]","args":[]}
RESULT: {"script":"<script> [2676 bytes]","args":[]}
COMMAND: POST /session/bc71e28d1f2e1ed7c8b961c2149bcffe/execute/async - {"script":"<script> [2342 bytes]","args":[{"protocol":"http","hostname":"0.0.0.0","path":"/","capabilities":{"browserName":"chrome","goog:chromeOptions":{"binary":"C:\\Program Files\\Google\\Chrome\\Application\\chrome.exe","args":["--start-maximized"]}},"logLevel":"warn","connectionRetryTimeout":120000,"connectionRetryCount":3,"logLevels":{},"enableDirectConnect":true,"strictSSL":true,"_":"65 more keys: [\"cacheDir\",\"port\",\"requestedCapabilities\",\"automationProtocol\",\"baseUrl\",\"waitforInterval\",\"waitforTimeout\",\"onReload\",\"beforeCommand\",\"afterCommand\",\"rootDir\",\"specs\",\"suites\",\"exclude\",\"groupLogsByTestSpec\",\"excludeDriverLogs\",\"bail\",\"framework\",\"reporters\",\"services\",\"maxInstances\",\"maxInstancesPerCapability\",\"injectGlobals\",\"filesToWatch\",\"execArgv\",\"runnerEnv\",\"runner\",\"shard\",\"specFileRetries\",\"specFileRetriesDelay\",\"specFileRetriesDeferred\",\"reporterSyncInterval\",\"reporterSyncTimeout\",\"cucumberFeaturesWithLineNumbers\",\"autoCompileOpts\",\"mochaOpts\",\"jasmineOpts\",\"cucumberOpts\",\"onPrepare\",\"onWorkerStart\",\"onWorkerEnd\",\"before\",\"beforeSession\",\"beforeSuite\",\"beforeHook\",\"beforeTest\",\"afterTest\",\"afterHook\",\"afterSuite\",\"afterSession\",\"after\",\"onComplete\",\"beforeAssertion\",\"afterAssertion\",\"beforeFeature\",\"beforeScenario\",\"beforeStep\",\"afterStep\",\"afterScenario\",\"afterFeature\",\"_\",\"suite\",\"$0\",\"ignoredWorkerServices\",\"wdi5\"]"}]}
RESULT: {"script":"<script> [2342 bytes]","args":[{"protocol":"http","hostname":"0.0.0.0","path":"/","capabilities":{"browserName":"chrome","goog:chromeOptions":{"binary":"C:\\Program Files\\Google\\Chrome\\Application\\chrome.exe","args":["--start-maximized"]}},"logLevel":"warn","connectionRetryTimeout":120000,"connectionRetryCount":3,"logLevels":{},"enableDirectConnect":true,"strictSSL":true,"_":"65 more keys: [\"cacheDir\",\"port\",\"requestedCapabilities\",\"automationProtocol\",\"baseUrl\",\"waitforInterval\",\"waitforTimeout\",\"onReload\",\"beforeCommand\",\"afterCommand\",\"rootDir\",\"specs\",\"suites\",\"exclude\",\"groupLogsByTestSpec\",\"excludeDriverLogs\",\"bail\",\"framework\",\"reporters\",\"services\",\"maxInstances\",\"maxInstancesPerCapability\",\"injectGlobals\",\"filesToWatch\",\"execArgv\",\"runnerEnv\",\"runner\",\"shard\",\"specFileRetries\",\"specFileRetriesDelay\",\"specFileRetriesDeferred\",\"reporterSyncInterval\",\"reporterSyncTimeout\",\"cucumberFeaturesWithLineNumbers\",\"autoCompileOpts\",\"mochaOpts\",\"jasmineOpts\",\"cucumberOpts\",\"onPrepare\",\"onWorkerStart\",\"onWorkerEnd\",\"before\",\"beforeSession\",\"beforeSuite\",\"beforeHook\",\"beforeTest\",\"afterTest\",\"afterHook\",\"afterSuite\",\"afterSession\",\"after\",\"onComplete\",\"beforeAssertion\",\"afterAssertion\",\"beforeFeature\",\"beforeScenario\",\"beforeStep\",\"afterStep\",\"afterScenario\",\"afterFeature\",\"_\",\"suite\",\"$0\",\"ignoredWorkerServices\",\"wdi5\"]"}]}
COMMAND: POST /session/bc71e28d1f2e1ed7c8b961c2149bcffe/execute/async - {"script":"<script> [21126 bytes]","args":[35000]}
RESULT: {"script":"<script> [21126 bytes]","args":[35000]}
]]></system-out>
    </testcase>
  </testsuite>
  <testsuite timestamp="2025-04-26T17:15:06" time="367.766" tests="9" failures="0" errors="0" skipped="0">
    <properties>
      <property name="specId" value="0" />
      <property name="suiteName" value="US134625 Set up price condition - one time" />
      <property name="capabilities" value="chrome.135_0_7049_96.windows" />
      <property name="file" value="file:///D:/a/1/s/test/specs/BTS/set-up-price-condition-one-time.spec.js" />
    </properties>
    <testcase classname="chrome.135_0_7049_96.windows.US134625_Set_up_price_condition_-_one_time" name="Should create a new yard used for all following tests" time="0.016">
      <system-out><![CDATA[
COMMAND: POST /session/bc71e28d1f2e1ed7c8b961c2149bcffe/window/fullscreen - {}
RESULT: {}
]]></system-out>
    </testcase>
    <testcase classname="chrome.135_0_7049_96.windows.US134625_Set_up_price_condition_-_one_time" name="Should create a new partner" time="0.004" />
    <testcase classname="chrome.135_0_7049_96.windows.US134625_Set_up_price_condition_-_one_time" name="Should create a new site used for following tests" time="0.004" />
    <testcase classname="chrome.135_0_7049_96.windows.US134625_Set_up_price_condition_-_one_time" name="Should create a new material for billing type one time" time="91.646">
      <system-out><![CDATA[
COMMAND: POST /session/bc71e28d1f2e1ed7c8b961c2149bcffe/execute/async - {"script":"<script> [1562 bytes]","args":[{"selector":{"controlType":"sap.m.GenericTile","properties":{"header":"Manage Resources"}},"wdio_ui5_key":"sapm.GenericTile{\"header\":\"Manage Resources\"}"}]}
RESULT: {"script":"<script> [1562 bytes]","args":[{"selector":{"controlType":"sap.m.GenericTile","properties":{"header":"Manage Resources"}},"wdio_ui5_key":"sapm.GenericTile{\"header\":\"Manage Resources\"}"}]}
RESULT: undefined
COMMAND: POST /session/bc71e28d1f2e1ed7c8b961c2149bcffe/element - {"using":"xpath","value":"//*[@id=\"__tile39\"]"}
RESULT: {"using":"xpath","value":"//*[@id=\"__tile39\"]"}
COMMAND: POST /session/bc71e28d1f2e1ed7c8b961c2149bcffe/element/f.65EA279DE37407F0D83DF198F8358C68.d.BA0E492A9FA19F9A793E4E8471593839.e.5175/click - {}
RESULT: {}
COMMAND: POST /session/bc71e28d1f2e1ed7c8b961c2149bcffe/element - {"using":"xpath","value":"//button[@data-kt=\"addNewRUOverflowToolbarButton\"]"}
COMMAND: GET /session/bc71e28d1f2e1ed7c8b961c2149bcffe/screenshot - {}
RESULT: {"using":"xpath","value":"//button[@data-kt=\"addNewRUOverflowToolbarButton\"]"}
COMMAND: POST /session/bc71e28d1f2e1ed7c8b961c2149bcffe/elements - {"using":"xpath","value":"//button[@data-kt=\"addNewRUOverflowToolbarButton\"]"}
RESULT: {}
RESULT: {"using":"xpath","value":"//button[@data-kt=\"addNewRUOverflowToolbarButton\"]"}
COMMAND: POST /session/bc71e28d1f2e1ed7c8b961c2149bcffe/elements - {"using":"xpath","value":"//button[@data-kt=\"addNewRUOverflowToolbarButton\"]"}
RESULT: {"using":"xpath","value":"//button[@data-kt=\"addNewRUOverflowToolbarButton\"]"}
COMMAND: POST /session/bc71e28d1f2e1ed7c8b961c2149bcffe/elements - {"using":"xpath","value":"//button[@data-kt=\"addNewRUOverflowToolbarButton\"]"}
RESULT: {"using":"xpath","value":"//button[@data-kt=\"addNewRUOverflowToolbarButton\"]"}
COMMAND: POST /session/bc71e28d1f2e1ed7c8b961c2149bcffe/elements - {"using":"xpath","value":"//button[@data-kt=\"addNewRUOverflowToolbarButton\"]"}
RESULT: {"using":"xpath","value":"//button[@data-kt=\"addNewRUOverflowToolbarButton\"]"}
COMMAND: POST /session/bc71e28d1f2e1ed7c8b961c2149bcffe/elements - {"using":"xpath","value":"//button[@data-kt=\"addNewRUOverflowToolbarButton\"]"}
RESULT: {"using":"xpath","value":"//button[@data-kt=\"addNewRUOverflowToolbarButton\"]"}
COMMAND: POST /session/bc71e28d1f2e1ed7c8b961c2149bcffe/elements - {"using":"xpath","value":"//button[@data-kt=\"addNewRUOverflowToolbarButton\"]"}
RESULT: {"using":"xpath","value":"//button[@data-kt=\"addNewRUOverflowToolbarButton\"]"}
COMMAND: POST /session/bc71e28d1f2e1ed7c8b961c2149bcffe/elements - {"using":"xpath","value":"//button[@data-kt=\"addNewRUOverflowToolbarButton\"]"}
RESULT: {"using":"xpath","value":"//button[@data-kt=\"addNewRUOverflowToolbarButton\"]"}
COMMAND: POST /session/bc71e28d1f2e1ed7c8b961c2149bcffe/elements - {"using":"xpath","value":"//button[@data-kt=\"addNewRUOverflowToolbarButton\"]"}
RESULT: {"using":"xpath","value":"//button[@data-kt=\"addNewRUOverflowToolbarButton\"]"}
COMMAND: POST /session/bc71e28d1f2e1ed7c8b961c2149bcffe/elements - {"using":"xpath","value":"//button[@data-kt=\"addNewRUOverflowToolbarButton\"]"}
RESULT: {"using":"xpath","value":"//button[@data-kt=\"addNewRUOverflowToolbarButton\"]"}
COMMAND: POST /session/bc71e28d1f2e1ed7c8b961c2149bcffe/elements - {"using":"xpath","value":"//button[@data-kt=\"addNewRUOverflowToolbarButton\"]"}
RESULT: {"using":"xpath","value":"//button[@data-kt=\"addNewRUOverflowToolbarButton\"]"}
COMMAND: POST /session/bc71e28d1f2e1ed7c8b961c2149bcffe/elements - {"using":"xpath","value":"//button[@data-kt=\"addNewRUOverflowToolbarButton\"]"}
RESULT: {"using":"xpath","value":"//button[@data-kt=\"addNewRUOverflowToolbarButton\"]"}
COMMAND: POST /session/bc71e28d1f2e1ed7c8b961c2149bcffe/elements - {"using":"xpath","value":"//button[@data-kt=\"addNewRUOverflowToolbarButton\"]"}
RESULT: {"using":"xpath","value":"//button[@data-kt=\"addNewRUOverflowToolbarButton\"]"}
COMMAND: POST /session/bc71e28d1f2e1ed7c8b961c2149bcffe/elements - {"using":"xpath","value":"//button[@data-kt=\"addNewRUOverflowToolbarButton\"]"}
RESULT: {"using":"xpath","value":"//button[@data-kt=\"addNewRUOverflowToolbarButton\"]"}
COMMAND: POST /session/bc71e28d1f2e1ed7c8b961c2149bcffe/elements - {"using":"xpath","value":"//button[@data-kt=\"addNewRUOverflowToolbarButton\"]"}
RESULT: {"using":"xpath","value":"//button[@data-kt=\"addNewRUOverflowToolbarButton\"]"}
COMMAND: POST /session/bc71e28d1f2e1ed7c8b961c2149bcffe/elements - {"using":"xpath","value":"//button[@data-kt=\"addNewRUOverflowToolbarButton\"]"}
RESULT: {"using":"xpath","value":"//button[@data-kt=\"addNewRUOverflowToolbarButton\"]"}
COMMAND: POST /session/bc71e28d1f2e1ed7c8b961c2149bcffe/elements - {"using":"xpath","value":"//button[@data-kt=\"addNewRUOverflowToolbarButton\"]"}
RESULT: {"using":"xpath","value":"//button[@data-kt=\"addNewRUOverflowToolbarButton\"]"}
COMMAND: POST /session/bc71e28d1f2e1ed7c8b961c2149bcffe/elements - {"using":"xpath","value":"//button[@data-kt=\"addNewRUOverflowToolbarButton\"]"}
RESULT: {"using":"xpath","value":"//button[@data-kt=\"addNewRUOverflowToolbarButton\"]"}
COMMAND: POST /session/bc71e28d1f2e1ed7c8b961c2149bcffe/elements - {"using":"xpath","value":"//button[@data-kt=\"addNewRUOverflowToolbarButton\"]"}
RESULT: {"using":"xpath","value":"//button[@data-kt=\"addNewRUOverflowToolbarButton\"]"}
COMMAND: POST /session/bc71e28d1f2e1ed7c8b961c2149bcffe/elements - {"using":"xpath","value":"//button[@data-kt=\"addNewRUOverflowToolbarButton\"]"}
RESULT: {"using":"xpath","value":"//button[@data-kt=\"addNewRUOverflowToolbarButton\"]"}
COMMAND: POST /session/bc71e28d1f2e1ed7c8b961c2149bcffe/element - {"using":"xpath","value":"//button[@data-kt=\"addNewRUOverflowToolbarButton\"]"}
RESULT: {"using":"xpath","value":"//button[@data-kt=\"addNewRUOverflowToolbarButton\"]"}
COMMAND: POST /session/bc71e28d1f2e1ed7c8b961c2149bcffe/execute/sync - {"script":"<script> [8489 bytes]","args":[{"element-6066-11e4-a52e-4f735466cecf":"f.65EA279DE37407F0D83DF198F8358C68.d.BA0E492A9FA19F9A793E4E8471593839.e.5315","ELEMENT":"f.65EA279DE37407F0D83DF198F8358C68.d.BA0E492A9FA19F9A793E4E8471593839.e.5315"}]}
RESULT: {"script":"<script> [8489 bytes]","args":[{"element-6066-11e4-a52e-4f735466cecf":"f.65EA279DE37407F0D83DF198F8358C68.d.BA0E492A9FA19F9A793E4E8471593839.e.5315","ELEMENT":"f.65EA279DE37407F0D83DF198F8358C68.d.BA0E492A9FA19F9A793E4E8471593839.e.5315"}]}
COMMAND: GET /session/bc71e28d1f2e1ed7c8b961c2149bcffe/element/f.65EA279DE37407F0D83DF198F8358C68.d.BA0E492A9FA19F9A793E4E8471593839.e.5315/enabled - {}
COMMAND: GET /session/bc71e28d1f2e1ed7c8b961c2149bcffe/screenshot - {}
RESULT: {}
COMMAND: POST /session/bc71e28d1f2e1ed7c8b961c2149bcffe/execute/sync - {"script":"<script> [8489 bytes]","args":[{"element-6066-11e4-a52e-4f735466cecf":"f.65EA279DE37407F0D83DF198F8358C68.d.BA0E492A9FA19F9A793E4E8471593839.e.5315","ELEMENT":"f.65EA279DE37407F0D83DF198F8358C68.d.BA0E492A9FA19F9A793E4E8471593839.e.5315"}]}
COMMAND: GET /session/bc71e28d1f2e1ed7c8b961c2149bcffe/screenshot - {}
RESULT: {}
RESULT: {"script":"<script> [8489 bytes]","args":[{"element-6066-11e4-a52e-4f735466cecf":"f.65EA279DE37407F0D83DF198F8358C68.d.BA0E492A9FA19F9A793E4E8471593839.e.5315","ELEMENT":"f.65EA279DE37407F0D83DF198F8358C68.d.BA0E492A9FA19F9A793E4E8471593839.e.5315"}]}
COMMAND: POST /session/bc71e28d1f2e1ed7c8b961c2149bcffe/execute/sync - {"script":"<script> [5351 bytes]","args":[{"element-6066-11e4-a52e-4f735466cecf":"f.65EA279DE37407F0D83DF198F8358C68.d.BA0E492A9FA19F9A793E4E8471593839.e.5315","ELEMENT":"f.65EA279DE37407F0D83DF198F8358C68.d.BA0E492A9FA19F9A793E4E8471593839.e.5315"}]}
COMMAND: GET /session/bc71e28d1f2e1ed7c8b961c2149bcffe/screenshot - {}
RESULT: {}
RESULT: {"script":"<script> [5351 bytes]","args":[{"element-6066-11e4-a52e-4f735466cecf":"f.65EA279DE37407F0D83DF198F8358C68.d.BA0E492A9FA19F9A793E4E8471593839.e.5315","ELEMENT":"f.65EA279DE37407F0D83DF198F8358C68.d.BA0E492A9FA19F9A793E4E8471593839.e.5315"}]}
COMMAND: POST /session/bc71e28d1f2e1ed7c8b961c2149bcffe/element/f.65EA279DE37407F0D83DF198F8358C68.d.BA0E492A9FA19F9A793E4E8471593839.e.5315/click - {}
COMMAND: GET /session/bc71e28d1f2e1ed7c8b961c2149bcffe/screenshot - {}
RESULT: {}
RESULT: {}
COMMAND: GET /session/bc71e28d1f2e1ed7c8b961c2149bcffe/screenshot - {}
RESULT: {}
COMMAND: POST /session/bc71e28d1f2e1ed7c8b961c2149bcffe/execute/async - {"script":"<script> [1562 bytes]","args":[{"selector":{"id":"application-manageresources-display-component---newResourceUnit--TYPE-arrow"},"wdio_ui5_key":"applicationmanageresources-display-component---newResourceUnit--TYPE-arrow"}]}
RESULT: {}
RESULT: {"script":"<script> [1562 bytes]","args":[{"selector":{"id":"application-manageresources-display-component---newResourceUnit--TYPE-arrow"},"wdio_ui5_key":"applicationmanageresources-display-component---newResourceUnit--TYPE-arrow"}]}
RESULT: undefined
COMMAND: POST /session/bc71e28d1f2e1ed7c8b961c2149bcffe/element - {"using":"xpath","value":"//*[@id=\"application-manageresources-display-component---newResourceUnit--TYPE-arrow\"]"}
RESULT: {"using":"xpath","value":"//*[@id=\"application-manageresources-display-component---newResourceUnit--TYPE-arrow\"]"}
COMMAND: POST /session/bc71e28d1f2e1ed7c8b961c2149bcffe/element/f.65EA279DE37407F0D83DF198F8358C68.d.BA0E492A9FA19F9A793E4E8471593839.e.5680/click - {}
RESULT: {}
COMMAND: POST /session/bc71e28d1f2e1ed7c8b961c2149bcffe/element - {"using":"xpath","value":"//input[@id=\"application-manageresources-display-component---newResourceUnit--TYPE-inner\"]"}
COMMAND: GET /session/bc71e28d1f2e1ed7c8b961c2149bcffe/screenshot - {}
RESULT: {"using":"xpath","value":"//input[@id=\"application-manageresources-display-component---newResourceUnit--TYPE-inner\"]"}
COMMAND: POST /session/bc71e28d1f2e1ed7c8b961c2149bcffe/element/f.65EA279DE37407F0D83DF198F8358C68.d.BA0E492A9FA19F9A793E4E8471593839.e.5671/clear - {}
RESULT: {}
RESULT: {}
COMMAND: POST /session/bc71e28d1f2e1ed7c8b961c2149bcffe/element/f.65EA279DE37407F0D83DF198F8358C68.d.BA0E492A9FA19F9A793E4E8471593839.e.5671/value - {"text":"Material"}
COMMAND: GET /session/bc71e28d1f2e1ed7c8b961c2149bcffe/screenshot - {}
RESULT: {"text":"Material"}
COMMAND: GET /session/bc71e28d1f2e1ed7c8b961c2149bcffe/screenshot - {}
RESULT: {}
RESULT: {}
COMMAND: POST /session/bc71e28d1f2e1ed7c8b961c2149bcffe/actions - {"actions":[{"id":"action13","type":"key","parameters":{},"actions":[{"type":"keyDown","value":"î€‡"},{"type":"pause","duration":10},{"type":"keyUp","value":"î€‡"}]}]}
RESULT: {"actions":[{"id":"action13","type":"key","parameters":{},"actions":[{"type":"keyDown","value":"î€‡"},{"type":"pause","duration":10},{"type":"keyUp","value":"î€‡"}]}]}
COMMAND: POST /session/bc71e28d1f2e1ed7c8b961c2149bcffe/execute/async - {"script":"<script> [1562 bytes]","args":[{"selector":{"id":"application-manageresources-display-component---newResourceUnit--SHORT_TEXT","interaction":{"idSuffix":"inner"}},"wdio_ui5_key":"applicationmanageresources-display-component---newResourceUnit--SHORT_TEXT"}]}
COMMAND: GET /session/bc71e28d1f2e1ed7c8b961c2149bcffe/screenshot - {}
RESULT: {"script":"<script> [1562 bytes]","args":[{"selector":{"id":"application-manageresources-display-component---newResourceUnit--SHORT_TEXT","interaction":{"idSuffix":"inner"}},"wdio_ui5_key":"applicationmanageresources-display-component---newResourceUnit--SHORT_TEXT"}]}
RESULT: undefined
COMMAND: POST /session/bc71e28d1f2e1ed7c8b961c2149bcffe/execute/async - {"script":"<script> [776 bytes]","args":[{"enterText":"Cement WDIO","selector":{"id":"application-manageresources-display-component---newResourceUnit--SHORT_TEXT","interaction":{"idSuffix":"inner"}},"clearTextFirst":true,"interactionType":"ENTER_TEXT"}]}
RESULT: {}
RESULT: {"script":"<script> [776 bytes]","args":[{"enterText":"Cement WDIO","selector":{"id":"application-manageresources-display-component---newResourceUnit--SHORT_TEXT","interaction":{"idSuffix":"inner"}},"clearTextFirst":true,"interactionType":"ENTER_TEXT"}]}
COMMAND: POST /session/bc71e28d1f2e1ed7c8b961c2149bcffe/execute/async - {"script":"<script> [1562 bytes]","args":[{"selector":{"id":"application-manageresources-display-component---newResourceUnit--BASE_UNIT_OF_MEASURE","interaction":{"idSuffix":"inner"}},"wdio_ui5_key":"applicationmanageresources-display-component---newResourceUnit--BASE_UNIT_OF_MEASURE"}]}
RESULT: {"script":"<script> [1562 bytes]","args":[{"selector":{"id":"application-manageresources-display-component---newResourceUnit--BASE_UNIT_OF_MEASURE","interaction":{"idSuffix":"inner"}},"wdio_ui5_key":"applicationmanageresources-display-component---newResourceUnit--BASE_UNIT_OF_MEASURE"}]}
RESULT: undefined
COMMAND: POST /session/bc71e28d1f2e1ed7c8b961c2149bcffe/execute/async - {"script":"<script> [776 bytes]","args":[{"enterText":"Piece","selector":{"id":"application-manageresources-display-component---newResourceUnit--BASE_UNIT_OF_MEASURE","interaction":{"idSuffix":"inner"}},"clearTextFirst":true,"interactionType":"ENTER_TEXT"}]}
RESULT: {"script":"<script> [776 bytes]","args":[{"enterText":"Piece","selector":{"id":"application-manageresources-display-component---newResourceUnit--BASE_UNIT_OF_MEASURE","interaction":{"idSuffix":"inner"}},"clearTextFirst":true,"interactionType":"ENTER_TEXT"}]}
COMMAND: POST /session/bc71e28d1f2e1ed7c8b961c2149bcffe/execute/async - {"script":"<script> [1562 bytes]","args":[{"selector":{"id":"application-manageresources-display-component---newResourceUnit--WEIGHT_UNIT","interaction":{"idSuffix":"inner"}},"wdio_ui5_key":"applicationmanageresources-display-component---newResourceUnit--WEIGHT_UNIT"}]}
RESULT: {"script":"<script> [1562 bytes]","args":[{"selector":{"id":"application-manageresources-display-component---newResourceUnit--WEIGHT_UNIT","interaction":{"idSuffix":"inner"}},"wdio_ui5_key":"applicationmanageresources-display-component---newResourceUnit--WEIGHT_UNIT"}]}
RESULT: undefined
COMMAND: POST /session/bc71e28d1f2e1ed7c8b961c2149bcffe/execute/async - {"script":"<script> [776 bytes]","args":[{"enterText":"Gram","selector":{"id":"application-manageresources-display-component---newResourceUnit--WEIGHT_UNIT","interaction":{"idSuffix":"inner"}},"clearTextFirst":true,"interactionType":"ENTER_TEXT"}]}
RESULT: {"script":"<script> [776 bytes]","args":[{"enterText":"Gram","selector":{"id":"application-manageresources-display-component---newResourceUnit--WEIGHT_UNIT","interaction":{"idSuffix":"inner"}},"clearTextFirst":true,"interactionType":"ENTER_TEXT"}]}
COMMAND: POST /session/bc71e28d1f2e1ed7c8b961c2149bcffe/execute/async - {"script":"<script> [1562 bytes]","args":[{"selector":{"id":"application-manageresources-display-component---newResourceUnit--DIMENSION_UNIT","interaction":{"idSuffix":"inner"}},"wdio_ui5_key":"applicationmanageresources-display-component---newResourceUnit--DIMENSION_UNIT"}]}
RESULT: {"script":"<script> [1562 bytes]","args":[{"selector":{"id":"application-manageresources-display-component---newResourceUnit--DIMENSION_UNIT","interaction":{"idSuffix":"inner"}},"wdio_ui5_key":"applicationmanageresources-display-component---newResourceUnit--DIMENSION_UNIT"}]}
RESULT: undefined
COMMAND: POST /session/bc71e28d1f2e1ed7c8b961c2149bcffe/execute/async - {"script":"<script> [776 bytes]","args":[{"enterText":"Meter","selector":{"id":"application-manageresources-display-component---newResourceUnit--DIMENSION_UNIT","interaction":{"idSuffix":"inner"}},"clearTextFirst":true,"interactionType":"ENTER_TEXT"}]}
RESULT: {"script":"<script> [776 bytes]","args":[{"enterText":"Meter","selector":{"id":"application-manageresources-display-component---newResourceUnit--DIMENSION_UNIT","interaction":{"idSuffix":"inner"}},"clearTextFirst":true,"interactionType":"ENTER_TEXT"}]}
COMMAND: POST /session/bc71e28d1f2e1ed7c8b961c2149bcffe/execute/async - {"script":"<script> [1562 bytes]","args":[{"selector":{"id":"application-manageresources-display-component---newResourceUnit--newRRUPage-anchBar-application-manageresources-display-component---newResourceUnit--control-anchor","interaction":{"idSuffix":"BDI-content"}},"wdio_ui5_key":"applicationmanageresources-display-component---newResourceUnit--newRRUPage-anchBar-application-manageresources-display-component---newResourceUnit--control-anchor"}]}
RESULT: {"script":"<script> [1562 bytes]","args":[{"selector":{"id":"application-manageresources-display-component---newResourceUnit--newRRUPage-anchBar-application-manageresources-display-component---newResourceUnit--control-anchor","interaction":{"idSuffix":"BDI-content"}},"wdio_ui5_key":"applicationmanageresources-display-component---newResourceUnit--newRRUPage-anchBar-application-manageresources-display-component---newResourceUnit--control-anchor"}]}
RESULT: undefined
COMMAND: POST /session/bc71e28d1f2e1ed7c8b961c2149bcffe/element - {"using":"xpath","value":"//*[@id=\"application-manageresources-display-component---newResourceUnit--newRRUPage-anchBar-application-manageresources-display-component---newResourceUnit--control-anchor\"]"}
RESULT: {"using":"xpath","value":"//*[@id=\"application-manageresources-display-component---newResourceUnit--newRRUPage-anchBar-application-manageresources-display-component---newResourceUnit--control-anchor\"]"}
COMMAND: POST /session/bc71e28d1f2e1ed7c8b961c2149bcffe/element/f.65EA279DE37407F0D83DF198F8358C68.d.BA0E492A9FA19F9A793E4E8471593839.e.5747/click - {}
RESULT: {}
COMMAND: POST /session/bc71e28d1f2e1ed7c8b961c2149bcffe/execute/async - {"script":"<script> [1562 bytes]","args":[{"selector":{"id":"application-manageresources-display-component---newResourceUnit--PLANNING_GROUP","interaction":{"idSuffix":"inner"}},"wdio_ui5_key":"applicationmanageresources-display-component---newResourceUnit--PLANNING_GROUP"}]}
COMMAND: GET /session/bc71e28d1f2e1ed7c8b961c2149bcffe/screenshot - {}
RESULT: {"script":"<script> [1562 bytes]","args":[{"selector":{"id":"application-manageresources-display-component---newResourceUnit--PLANNING_GROUP","interaction":{"idSuffix":"inner"}},"wdio_ui5_key":"applicationmanageresources-display-component---newResourceUnit--PLANNING_GROUP"}]}
RESULT: undefined
COMMAND: POST /session/bc71e28d1f2e1ed7c8b961c2149bcffe/execute/async - {"script":"<script> [776 bytes]","args":[{"enterText":"Material","selector":{"id":"application-manageresources-display-component---newResourceUnit--PLANNING_GROUP","interaction":{"idSuffix":"inner"}},"clearTextFirst":true,"interactionType":"ENTER_TEXT"}]}
RESULT: {}
RESULT: {"script":"<script> [776 bytes]","args":[{"enterText":"Material","selector":{"id":"application-manageresources-display-component---newResourceUnit--PLANNING_GROUP","interaction":{"idSuffix":"inner"}},"clearTextFirst":true,"interactionType":"ENTER_TEXT"}]}
COMMAND: POST /session/bc71e28d1f2e1ed7c8b961c2149bcffe/execute/async - {"script":"<script> [1562 bytes]","args":[{"selector":{"id":"application-manageresources-display-component---newResourceUnit--PLANNING_INDICATOR","interaction":{"idSuffix":"inner"}},"wdio_ui5_key":"applicationmanageresources-display-component---newResourceUnit--PLANNING_INDICATOR"}]}
RESULT: {"script":"<script> [1562 bytes]","args":[{"selector":{"id":"application-manageresources-display-component---newResourceUnit--PLANNING_INDICATOR","interaction":{"idSuffix":"inner"}},"wdio_ui5_key":"applicationmanageresources-display-component---newResourceUnit--PLANNING_INDICATOR"}]}
RESULT: undefined
COMMAND: POST /session/bc71e28d1f2e1ed7c8b961c2149bcffe/execute/async - {"script":"<script> [776 bytes]","args":[{"enterText":"10 - infinite","selector":{"id":"application-manageresources-display-component---newResourceUnit--PLANNING_INDICATOR","interaction":{"idSuffix":"inner"}},"clearTextFirst":true,"interactionType":"ENTER_TEXT"}]}
RESULT: {"script":"<script> [776 bytes]","args":[{"enterText":"10 - infinite","selector":{"id":"application-manageresources-display-component---newResourceUnit--PLANNING_INDICATOR","interaction":{"idSuffix":"inner"}},"clearTextFirst":true,"interactionType":"ENTER_TEXT"}]}
COMMAND: POST /session/bc71e28d1f2e1ed7c8b961c2149bcffe/element - {"using":"css selector","value":"#application-manageresources-display-component---newResourceUnit--btnAddTimeSegment"}
RESULT: {"using":"css selector","value":"#application-manageresources-display-component---newResourceUnit--btnAddTimeSegment"}
COMMAND: GET /session/bc71e28d1f2e1ed7c8b961c2149bcffe/element/f.65EA279DE37407F0D83DF198F8358C68.d.BA0E492A9FA19F9A793E4E8471593839.e.5757/rect - {}
RESULT: {}
COMMAND: GET /session/bc71e28d1f2e1ed7c8b961c2149bcffe/window/rect - {}
RESULT: {}
COMMAND: POST /session/bc71e28d1f2e1ed7c8b961c2149bcffe/execute/sync - {"script":"<script> [92 bytes]","args":[]}
RESULT: {"script":"<script> [92 bytes]","args":[]}
COMMAND: POST /session/bc71e28d1f2e1ed7c8b961c2149bcffe/actions - {"actions":[{"id":"action14","type":"wheel","parameters":{},"actions":[{"type":"scroll","x":-1888,"y":-32,"deltaX":0,"deltaY":0,"duration":0,"origin":{"element-6066-11e4-a52e-4f735466cecf":"f.65EA279DE37407F0D83DF198F8358C68.d.BA0E492A9FA19F9A793E4E8471593839.e.5757"}}]}]}
COMMAND: GET /session/bc71e28d1f2e1ed7c8b961c2149bcffe/screenshot - {}
RESULT: {}
COMMAND: POST /session/bc71e28d1f2e1ed7c8b961c2149bcffe/execute/sync - {"script":"<script> [79 bytes]","args":[{"element-6066-11e4-a52e-4f735466cecf":"f.65EA279DE37407F0D83DF198F8358C68.d.BA0E492A9FA19F9A793E4E8471593839.e.5757","ELEMENT":"f.65EA279DE37407F0D83DF198F8358C68.d.BA0E492A9FA19F9A793E4E8471593839.e.5757"},{"block":"start","inline":"nearest"}]}
RESULT: {"script":"<script> [79 bytes]","args":[{"element-6066-11e4-a52e-4f735466cecf":"f.65EA279DE37407F0D83DF198F8358C68.d.BA0E492A9FA19F9A793E4E8471593839.e.5757","ELEMENT":"f.65EA279DE37407F0D83DF198F8358C68.d.BA0E492A9FA19F9A793E4E8471593839.e.5757"},{"block":"start","inline":"nearest"}]}
COMMAND: POST /session/bc71e28d1f2e1ed7c8b961c2149bcffe/execute/async - {"script":"<script> [1562 bytes]","args":[{"selector":{"id":"application-manageresources-display-component---newResourceUnit--btnAddTimeSegment","interaction":{"idSuffix":"inner"}},"wdio_ui5_key":"applicationmanageresources-display-component---newResourceUnit--btnAddTimeSegment"}]}
COMMAND: GET /session/bc71e28d1f2e1ed7c8b961c2149bcffe/screenshot - {}
RESULT: {"script":"<script> [1562 bytes]","args":[{"selector":{"id":"application-manageresources-display-component---newResourceUnit--btnAddTimeSegment","interaction":{"idSuffix":"inner"}},"wdio_ui5_key":"applicationmanageresources-display-component---newResourceUnit--btnAddTimeSegment"}]}
RESULT: undefined
COMMAND: POST /session/bc71e28d1f2e1ed7c8b961c2149bcffe/element - {"using":"xpath","value":"//*[@id=\"application-manageresources-display-component---newResourceUnit--btnAddTimeSegment\"]"}
RESULT: {}
RESULT: {"using":"xpath","value":"//*[@id=\"application-manageresources-display-component---newResourceUnit--btnAddTimeSegment\"]"}
COMMAND: POST /session/bc71e28d1f2e1ed7c8b961c2149bcffe/element/f.65EA279DE37407F0D83DF198F8358C68.d.BA0E492A9FA19F9A793E4E8471593839.e.5757/click - {}
RESULT: {}
COMMAND: GET /session/bc71e28d1f2e1ed7c8b961c2149bcffe/screenshot - {}
RESULT: {}
COMMAND: POST /session/bc71e28d1f2e1ed7c8b961c2149bcffe/element - {"using":"xpath","value":"//input[@id=\"application-manageresources-display-component---newResourceUnit--idRuTSAdmin-application-manageresources-display-component---newResourceUnit--RUTimeSegment-0-inner\"]"}
RESULT: {"using":"xpath","value":"//input[@id=\"application-manageresources-display-component---newResourceUnit--idRuTSAdmin-application-manageresources-display-component---newResourceUnit--RUTimeSegment-0-inner\"]"}
COMMAND: POST /session/bc71e28d1f2e1ed7c8b961c2149bcffe/element/f.65EA279DE37407F0D83DF198F8358C68.d.BA0E492A9FA19F9A793E4E8471593839.e.5762/clear - {}
RESULT: {}
COMMAND: POST /session/bc71e28d1f2e1ed7c8b961c2149bcffe/element/f.65EA279DE37407F0D83DF198F8358C68.d.BA0E492A9FA19F9A793E4E8471593839.e.5762/value - {"text":"262"}
COMMAND: GET /session/bc71e28d1f2e1ed7c8b961c2149bcffe/screenshot - {}
RESULT: {"text":"262"}
COMMAND: GET /session/bc71e28d1f2e1ed7c8b961c2149bcffe/screenshot - {}
RESULT: {}
RESULT: {}
COMMAND: POST /session/bc71e28d1f2e1ed7c8b961c2149bcffe/element - {"using":"xpath","value":"//li[.//span[text()='262']]"}
RESULT: {"using":"xpath","value":"//li[.//span[text()='262']]"}
COMMAND: POST /session/bc71e28d1f2e1ed7c8b961c2149bcffe/element/f.65EA279DE37407F0D83DF198F8358C68.d.BA0E492A9FA19F9A793E4E8471593839.e.5769/click - {}
RESULT: {}
COMMAND: GET /session/bc71e28d1f2e1ed7c8b961c2149bcffe/screenshot - {}
RESULT: {}
COMMAND: POST /session/bc71e28d1f2e1ed7c8b961c2149bcffe/element - {"using":"xpath","value":"(//span[contains(@id, \"-application-manageresources-display-component---newResourceUnit--RUTimeSegment-0-arrow\")])[2]"}
RESULT: {"using":"xpath","value":"(//span[contains(@id, \"-application-manageresources-display-component---newResourceUnit--RUTimeSegment-0-arrow\")])[2]"}
COMMAND: POST /session/bc71e28d1f2e1ed7c8b961c2149bcffe/element/f.65EA279DE37407F0D83DF198F8358C68.d.BA0E492A9FA19F9A793E4E8471593839.e.5770/click - {}
RESULT: {}
COMMAND: POST /session/bc71e28d1f2e1ed7c8b961c2149bcffe/element - {"using":"xpath","value":"//span[contains(text(), \"PM Order\")]"}
COMMAND: GET /session/bc71e28d1f2e1ed7c8b961c2149bcffe/screenshot - {}
RESULT: {"using":"xpath","value":"//span[contains(text(), \"PM Order\")]"}
COMMAND: POST /session/bc71e28d1f2e1ed7c8b961c2149bcffe/element/f.65EA279DE37407F0D83DF198F8358C68.d.BA0E492A9FA19F9A793E4E8471593839.e.5771/click - {}
RESULT: {}
RESULT: {}
COMMAND: GET /session/bc71e28d1f2e1ed7c8b961c2149bcffe/screenshot - {}
RESULT: {}
COMMAND: POST /session/bc71e28d1f2e1ed7c8b961c2149bcffe/element - {"using":"xpath","value":"//td/div/div/div/span[contains(@id, \"newResourceUnit--RUTimeSegment-0-vhi\")][1]"}
RESULT: {"using":"xpath","value":"//td/div/div/div/span[contains(@id, \"newResourceUnit--RUTimeSegment-0-vhi\")][1]"}
COMMAND: POST /session/bc71e28d1f2e1ed7c8b961c2149bcffe/element/f.65EA279DE37407F0D83DF198F8358C68.d.BA0E492A9FA19F9A793E4E8471593839.e.5775/click - {}
RESULT: {}
COMMAND: GET /session/bc71e28d1f2e1ed7c8b961c2149bcffe/screenshot - {}
RESULT: {}
COMMAND: POST /session/bc71e28d1f2e1ed7c8b961c2149bcffe/execute/async - {"script":"<script> [1562 bytes]","args":[{"selector":{"controlType":"sap.m.SearchField","properties":{"placeholder":"Search"},"searchOpenDialogs":true,"interaction":{"idSuffix":"I"}},"wdio_ui5_key":"sapm.SearchField{\"placeholder\":\"Search\"}"}]}
RESULT: {"script":"<script> [1562 bytes]","args":[{"selector":{"controlType":"sap.m.SearchField","properties":{"placeholder":"Search"},"searchOpenDialogs":true,"interaction":{"idSuffix":"I"}},"wdio_ui5_key":"sapm.SearchField{\"placeholder\":\"Search\"}"}]}
RESULT: undefined
COMMAND: POST /session/bc71e28d1f2e1ed7c8b961c2149bcffe/execute/async - {"script":"<script> [776 bytes]","args":[{"enterText":"4000360","selector":{"controlType":"sap.m.SearchField","properties":{"placeholder":"Search"},"searchOpenDialogs":true,"interaction":{"idSuffix":"I"}},"clearTextFirst":true,"interactionType":"ENTER_TEXT"}]}
RESULT: {"script":"<script> [776 bytes]","args":[{"enterText":"4000360","selector":{"controlType":"sap.m.SearchField","properties":{"placeholder":"Search"},"searchOpenDialogs":true,"interaction":{"idSuffix":"I"}},"clearTextFirst":true,"interactionType":"ENTER_TEXT"}]}
COMMAND: POST /session/bc71e28d1f2e1ed7c8b961c2149bcffe/actions - {"actions":[{"id":"action15","type":"key","parameters":{},"actions":[{"type":"keyDown","value":"î€‡"},{"type":"pause","duration":10},{"type":"keyUp","value":"î€‡"}]}]}
RESULT: {"actions":[{"id":"action15","type":"key","parameters":{},"actions":[{"type":"keyDown","value":"î€‡"},{"type":"pause","duration":10},{"type":"keyUp","value":"î€‡"}]}]}
COMMAND: GET /session/bc71e28d1f2e1ed7c8b961c2149bcffe/screenshot - {}
RESULT: {}
COMMAND: POST /session/bc71e28d1f2e1ed7c8b961c2149bcffe/element - {"using":"xpath","value":"//td/div/span[contains(text(), \"BGL Vehicles\")]"}
RESULT: {"using":"xpath","value":"//td/div/span[contains(text(), \"BGL Vehicles\")]"}
COMMAND: POST /session/bc71e28d1f2e1ed7c8b961c2149bcffe/element/f.65EA279DE37407F0D83DF198F8358C68.d.BA0E492A9FA19F9A793E4E8471593839.e.5794/click - {}
RESULT: {}
COMMAND: GET /session/bc71e28d1f2e1ed7c8b961c2149bcffe/screenshot - {}
RESULT: {}
COMMAND: POST /session/bc71e28d1f2e1ed7c8b961c2149bcffe/element - {"using":"xpath","value":"//bdi[contains(text(), \"OK\")]"}
RESULT: {"using":"xpath","value":"//bdi[contains(text(), \"OK\")]"}
COMMAND: POST /session/bc71e28d1f2e1ed7c8b961c2149bcffe/element/f.65EA279DE37407F0D83DF198F8358C68.d.BA0E492A9FA19F9A793E4E8471593839.e.5795/click - {}
RESULT: {}
COMMAND: GET /session/bc71e28d1f2e1ed7c8b961c2149bcffe/screenshot - {}
RESULT: {}
COMMAND: POST /session/bc71e28d1f2e1ed7c8b961c2149bcffe/element - {"using":"xpath","value":"//button[@data-kt=\"resourceUnitSaveButton\"]"}
RESULT: {"using":"xpath","value":"//button[@data-kt=\"resourceUnitSaveButton\"]"}
COMMAND: POST /session/bc71e28d1f2e1ed7c8b961c2149bcffe/element/f.65EA279DE37407F0D83DF198F8358C68.d.BA0E492A9FA19F9A793E4E8471593839.e.5697/click - {}
RESULT: {}
COMMAND: GET /session/bc71e28d1f2e1ed7c8b961c2149bcffe/screenshot - {}
RESULT: {}
COMMAND: POST /session/bc71e28d1f2e1ed7c8b961c2149bcffe/element - {"using":"xpath","value":"//bdi[contains(text(), \"Close\")]"}
RESULT: {"using":"xpath","value":"//bdi[contains(text(), \"Close\")]"}
COMMAND: POST /session/bc71e28d1f2e1ed7c8b961c2149bcffe/element/f.65EA279DE37407F0D83DF198F8358C68.d.BA0E492A9FA19F9A793E4E8471593839.e.5802/click - {}
RESULT: {}
COMMAND: GET /session/bc71e28d1f2e1ed7c8b961c2149bcffe/screenshot - {}
RESULT: {}
COMMAND: POST /session/bc71e28d1f2e1ed7c8b961c2149bcffe/element - {"using":"xpath","value":"//header[contains(@id, 'detailRruPage-headerTitle')]/div[1]/div[2]/div[2]/span[1]"}
RESULT: {"using":"xpath","value":"//header[contains(@id, 'detailRruPage-headerTitle')]/div[1]/div[2]/div[2]/span[1]"}
COMMAND: POST /session/bc71e28d1f2e1ed7c8b961c2149bcffe/elements - {"using":"xpath","value":"//header[contains(@id, 'detailRruPage-headerTitle')]/div[1]/div[2]/div[2]/span[1]"}
RESULT: {"using":"xpath","value":"//header[contains(@id, 'detailRruPage-headerTitle')]/div[1]/div[2]/div[2]/span[1]"}
COMMAND: POST /session/bc71e28d1f2e1ed7c8b961c2149bcffe/execute/sync - {"script":"<script> [56 bytes]","args":[{"element-6066-11e4-a52e-4f735466cecf":"f.65EA279DE37407F0D83DF198F8358C68.d.BA0E492A9FA19F9A793E4E8471593839.e.5836","ELEMENT":"f.65EA279DE37407F0D83DF198F8358C68.d.BA0E492A9FA19F9A793E4E8471593839.e.5836"}]}
RESULT: {"script":"<script> [56 bytes]","args":[{"element-6066-11e4-a52e-4f735466cecf":"f.65EA279DE37407F0D83DF198F8358C68.d.BA0E492A9FA19F9A793E4E8471593839.e.5836","ELEMENT":"f.65EA279DE37407F0D83DF198F8358C68.d.BA0E492A9FA19F9A793E4E8471593839.e.5836"}]}
]]></system-out>
    </testcase>
    <testcase classname="chrome.135_0_7049_96.windows.US134625_Set_up_price_condition_-_one_time" name="Should create new pricing rule one time" time="56.683">
      <system-out><![CDATA[
COMMAND: POST /session/bc71e28d1f2e1ed7c8b961c2149bcffe/element - {"using":"xpath","value":"(//button[contains(@id ,\"actionsToolbar-overflowButton\")])[1]"}
COMMAND: GET /session/bc71e28d1f2e1ed7c8b961c2149bcffe/screenshot - {}
RESULT: {"using":"xpath","value":"(//button[contains(@id ,\"actionsToolbar-overflowButton\")])[1]"}
COMMAND: POST /session/bc71e28d1f2e1ed7c8b961c2149bcffe/element/f.65EA279DE37407F0D83DF198F8358C68.d.BA0E492A9FA19F9A793E4E8471593839.e.5837/click - {}
RESULT: {}
RESULT: {}
COMMAND: GET /session/bc71e28d1f2e1ed7c8b961c2149bcffe/screenshot - {}
RESULT: {}
COMMAND: POST /session/bc71e28d1f2e1ed7c8b961c2149bcffe/element - {"using":"xpath","value":"//button[@data-kt=\"priceInfoButton\"]"}
RESULT: {"using":"xpath","value":"//button[@data-kt=\"priceInfoButton\"]"}
COMMAND: POST /session/bc71e28d1f2e1ed7c8b961c2149bcffe/element/f.65EA279DE37407F0D83DF198F8358C68.d.BA0E492A9FA19F9A793E4E8471593839.e.5839/click - {}
RESULT: {}
COMMAND: GET /session/bc71e28d1f2e1ed7c8b961c2149bcffe/screenshot - {}
COMMAND: POST /session/bc71e28d1f2e1ed7c8b961c2149bcffe/element - {"using":"xpath","value":"//button[@data-kt=\"addButton\"]"}
RESULT: {}
RESULT: {"using":"xpath","value":"//button[@data-kt=\"addButton\"]"}
COMMAND: POST /session/bc71e28d1f2e1ed7c8b961c2149bcffe/elements - {"using":"xpath","value":"//button[@data-kt=\"addButton\"]"}
RESULT: {"using":"xpath","value":"//button[@data-kt=\"addButton\"]"}
COMMAND: POST /session/bc71e28d1f2e1ed7c8b961c2149bcffe/execute/sync - {"script":"<script> [8489 bytes]","args":[{"element-6066-11e4-a52e-4f735466cecf":"f.65EA279DE37407F0D83DF198F8358C68.d.BA0E492A9FA19F9A793E4E8471593839.e.5880","ELEMENT":"f.65EA279DE37407F0D83DF198F8358C68.d.BA0E492A9FA19F9A793E4E8471593839.e.5880"}]}
RESULT: {"script":"<script> [8489 bytes]","args":[{"element-6066-11e4-a52e-4f735466cecf":"f.65EA279DE37407F0D83DF198F8358C68.d.BA0E492A9FA19F9A793E4E8471593839.e.5880","ELEMENT":"f.65EA279DE37407F0D83DF198F8358C68.d.BA0E492A9FA19F9A793E4E8471593839.e.5880"}]}
COMMAND: GET /session/bc71e28d1f2e1ed7c8b961c2149bcffe/element/f.65EA279DE37407F0D83DF198F8358C68.d.BA0E492A9FA19F9A793E4E8471593839.e.5880/enabled - {}
COMMAND: GET /session/bc71e28d1f2e1ed7c8b961c2149bcffe/screenshot - {}
RESULT: {}
COMMAND: POST /session/bc71e28d1f2e1ed7c8b961c2149bcffe/execute/sync - {"script":"<script> [8489 bytes]","args":[{"element-6066-11e4-a52e-4f735466cecf":"f.65EA279DE37407F0D83DF198F8358C68.d.BA0E492A9FA19F9A793E4E8471593839.e.5880","ELEMENT":"f.65EA279DE37407F0D83DF198F8358C68.d.BA0E492A9FA19F9A793E4E8471593839.e.5880"}]}
COMMAND: GET /session/bc71e28d1f2e1ed7c8b961c2149bcffe/screenshot - {}
RESULT: {}
RESULT: {"script":"<script> [8489 bytes]","args":[{"element-6066-11e4-a52e-4f735466cecf":"f.65EA279DE37407F0D83DF198F8358C68.d.BA0E492A9FA19F9A793E4E8471593839.e.5880","ELEMENT":"f.65EA279DE37407F0D83DF198F8358C68.d.BA0E492A9FA19F9A793E4E8471593839.e.5880"}]}
COMMAND: POST /session/bc71e28d1f2e1ed7c8b961c2149bcffe/execute/sync - {"script":"<script> [5351 bytes]","args":[{"element-6066-11e4-a52e-4f735466cecf":"f.65EA279DE37407F0D83DF198F8358C68.d.BA0E492A9FA19F9A793E4E8471593839.e.5880","ELEMENT":"f.65EA279DE37407F0D83DF198F8358C68.d.BA0E492A9FA19F9A793E4E8471593839.e.5880"}]}
COMMAND: GET /session/bc71e28d1f2e1ed7c8b961c2149bcffe/screenshot - {}
RESULT: {}
RESULT: {"script":"<script> [5351 bytes]","args":[{"element-6066-11e4-a52e-4f735466cecf":"f.65EA279DE37407F0D83DF198F8358C68.d.BA0E492A9FA19F9A793E4E8471593839.e.5880","ELEMENT":"f.65EA279DE37407F0D83DF198F8358C68.d.BA0E492A9FA19F9A793E4E8471593839.e.5880"}]}
COMMAND: POST /session/bc71e28d1f2e1ed7c8b961c2149bcffe/element/f.65EA279DE37407F0D83DF198F8358C68.d.BA0E492A9FA19F9A793E4E8471593839.e.5880/click - {}
COMMAND: GET /session/bc71e28d1f2e1ed7c8b961c2149bcffe/screenshot - {}
RESULT: {}
RESULT: {}
COMMAND: GET /session/bc71e28d1f2e1ed7c8b961c2149bcffe/screenshot - {}
RESULT: {}
RESULT: {}
COMMAND: POST /session/bc71e28d1f2e1ed7c8b961c2149bcffe/execute/async - {"script":"<script> [1562 bytes]","args":[{"selector":{"controlType":"sap.m.Title","viewName":"etm.portal.ui.managepricingrules.view.NewItem","viewId":"application-managepricingrules-display-component---newInfoPriceItem","properties":{"text":"New Pricing Rules - Item Level"}},"wdio_ui5_key":"etmportal.ui.managepricingrules.view.NewItemsap.m.Title{\"text\":\"New Pricing Rules - Item Level\"}"}]}
RESULT: {"script":"<script> [1562 bytes]","args":[{"selector":{"controlType":"sap.m.Title","viewName":"etm.portal.ui.managepricingrules.view.NewItem","viewId":"application-managepricingrules-display-component---newInfoPriceItem","properties":{"text":"New Pricing Rules - Item Level"}},"wdio_ui5_key":"etmportal.ui.managepricingrules.view.NewItemsap.m.Title{\"text\":\"New Pricing Rules - Item Level\"}"}]}
RESULT: undefined
COMMAND: POST /session/bc71e28d1f2e1ed7c8b961c2149bcffe/execute/async - {"script":"<script> [6424 bytes]","args":[{"element-6066-11e4-a52e-4f735466cecf":"f.65EA279DE37407F0D83DF198F8358C68.d.BA0E492A9FA19F9A793E4E8471593839.e.6051"},"getText",[]]}
RESULT: {"script":"<script> [6424 bytes]","args":[{"element-6066-11e4-a52e-4f735466cecf":"f.65EA279DE37407F0D83DF198F8358C68.d.BA0E492A9FA19F9A793E4E8471593839.e.6051"},"getText",[]]}
COMMAND: POST /session/bc71e28d1f2e1ed7c8b961c2149bcffe/execute/async - {"script":"<script> [1562 bytes]","args":[{"selector":{"id":"application-managepricingrules-display-component---newInfoPriceItem--condValidTo","interaction":{"idSuffix":"inner"}},"wdio_ui5_key":"applicationmanagepricingrules-display-component---newInfoPriceItem--condValidTo"}]}
RESULT: {"script":"<script> [1562 bytes]","args":[{"selector":{"id":"application-managepricingrules-display-component---newInfoPriceItem--condValidTo","interaction":{"idSuffix":"inner"}},"wdio_ui5_key":"applicationmanagepricingrules-display-component---newInfoPriceItem--condValidTo"}]}
RESULT: undefined
COMMAND: POST /session/bc71e28d1f2e1ed7c8b961c2149bcffe/execute/async - {"script":"<script> [776 bytes]","args":[{"enterText":"12/26/25","selector":{"id":"application-managepricingrules-display-component---newInfoPriceItem--condValidTo","interaction":{"idSuffix":"inner"}},"clearTextFirst":true,"interactionType":"ENTER_TEXT"}]}
RESULT: {"script":"<script> [776 bytes]","args":[{"enterText":"12/26/25","selector":{"id":"application-managepricingrules-display-component---newInfoPriceItem--condValidTo","interaction":{"idSuffix":"inner"}},"clearTextFirst":true,"interactionType":"ENTER_TEXT"}]}
COMMAND: POST /session/bc71e28d1f2e1ed7c8b961c2149bcffe/execute/async - {"script":"<script> [1562 bytes]","args":[{"selector":{"id":"application-managepricingrules-display-component---newInfoPriceItem--billType-arrow"},"wdio_ui5_key":"applicationmanagepricingrules-display-component---newInfoPriceItem--billType-arrow"}]}
RESULT: {"script":"<script> [1562 bytes]","args":[{"selector":{"id":"application-managepricingrules-display-component---newInfoPriceItem--billType-arrow"},"wdio_ui5_key":"applicationmanagepricingrules-display-component---newInfoPriceItem--billType-arrow"}]}
RESULT: undefined
COMMAND: POST /session/bc71e28d1f2e1ed7c8b961c2149bcffe/element - {"using":"xpath","value":"//*[@id=\"application-managepricingrules-display-component---newInfoPriceItem--billType-arrow\"]"}
RESULT: {"using":"xpath","value":"//*[@id=\"application-managepricingrules-display-component---newInfoPriceItem--billType-arrow\"]"}
COMMAND: POST /session/bc71e28d1f2e1ed7c8b961c2149bcffe/element/f.65EA279DE37407F0D83DF198F8358C68.d.BA0E492A9FA19F9A793E4E8471593839.e.6008/click - {}
RESULT: {}
COMMAND: POST /session/bc71e28d1f2e1ed7c8b961c2149bcffe/element - {"using":"xpath","value":"//span[contains(text(), \"OT - Sales (one-time)\")]"}
COMMAND: GET /session/bc71e28d1f2e1ed7c8b961c2149bcffe/screenshot - {}
RESULT: {"using":"xpath","value":"//span[contains(text(), \"OT - Sales (one-time)\")]"}
COMMAND: POST /session/bc71e28d1f2e1ed7c8b961c2149bcffe/element/f.65EA279DE37407F0D83DF198F8358C68.d.BA0E492A9FA19F9A793E4E8471593839.e.6053/click - {}
RESULT: {}
RESULT: {}
COMMAND: POST /session/bc71e28d1f2e1ed7c8b961c2149bcffe/execute/async - {"script":"<script> [1562 bytes]","args":[{"selector":{"id":"application-managepricingrules-display-component---newInfoPriceItem--priceProc-arrow"},"wdio_ui5_key":"applicationmanagepricingrules-display-component---newInfoPriceItem--priceProc-arrow"}]}
COMMAND: GET /session/bc71e28d1f2e1ed7c8b961c2149bcffe/screenshot - {}
RESULT: {"script":"<script> [1562 bytes]","args":[{"selector":{"id":"application-managepricingrules-display-component---newInfoPriceItem--priceProc-arrow"},"wdio_ui5_key":"applicationmanagepricingrules-display-component---newInfoPriceItem--priceProc-arrow"}]}
RESULT: undefined
COMMAND: POST /session/bc71e28d1f2e1ed7c8b961c2149bcffe/element - {"using":"xpath","value":"//*[@id=\"application-managepricingrules-display-component---newInfoPriceItem--priceProc-arrow\"]"}
RESULT: {}
RESULT: {"using":"xpath","value":"//*[@id=\"application-managepricingrules-display-component---newInfoPriceItem--priceProc-arrow\"]"}
COMMAND: POST /session/bc71e28d1f2e1ed7c8b961c2149bcffe/element/f.65EA279DE37407F0D83DF198F8358C68.d.BA0E492A9FA19F9A793E4E8471593839.e.6015/click - {}
RESULT: {}
COMMAND: POST /session/bc71e28d1f2e1ed7c8b961c2149bcffe/element - {"using":"xpath","value":"//span[contains(text(), \"MAT - Material\")]"}
COMMAND: GET /session/bc71e28d1f2e1ed7c8b961c2149bcffe/screenshot - {}
RESULT: {"using":"xpath","value":"//span[contains(text(), \"MAT - Material\")]"}
COMMAND: POST /session/bc71e28d1f2e1ed7c8b961c2149bcffe/element/f.65EA279DE37407F0D83DF198F8358C68.d.BA0E492A9FA19F9A793E4E8471593839.e.6054/click - {}
RESULT: {}
RESULT: {}
COMMAND: POST /session/bc71e28d1f2e1ed7c8b961c2149bcffe/execute/async - {"script":"<script> [1562 bytes]","args":[{"selector":{"id":"application-managepricingrules-display-component---newInfoPriceItem--calcBase-arrow"},"wdio_ui5_key":"applicationmanagepricingrules-display-component---newInfoPriceItem--calcBase-arrow"}]}
COMMAND: GET /session/bc71e28d1f2e1ed7c8b961c2149bcffe/screenshot - {}
RESULT: {"script":"<script> [1562 bytes]","args":[{"selector":{"id":"application-managepricingrules-display-component---newInfoPriceItem--calcBase-arrow"},"wdio_ui5_key":"applicationmanagepricingrules-display-component---newInfoPriceItem--calcBase-arrow"}]}
RESULT: undefined
COMMAND: POST /session/bc71e28d1f2e1ed7c8b961c2149bcffe/element - {"using":"xpath","value":"//*[@id=\"application-managepricingrules-display-component---newInfoPriceItem--calcBase-arrow\"]"}
RESULT: {}
RESULT: {"using":"xpath","value":"//*[@id=\"application-managepricingrules-display-component---newInfoPriceItem--calcBase-arrow\"]"}
COMMAND: POST /session/bc71e28d1f2e1ed7c8b961c2149bcffe/element/f.65EA279DE37407F0D83DF198F8358C68.d.BA0E492A9FA19F9A793E4E8471593839.e.6022/click - {}
RESULT: {}
COMMAND: GET /session/bc71e28d1f2e1ed7c8b961c2149bcffe/screenshot - {}
RESULT: {}
COMMAND: POST /session/bc71e28d1f2e1ed7c8b961c2149bcffe/element - {"using":"xpath","value":"//span[contains(text(), \"0001 - TB(exact month + cal_days)\")]"}
RESULT: {"using":"xpath","value":"//span[contains(text(), \"0001 - TB(exact month + cal_days)\")]"}
COMMAND: POST /session/bc71e28d1f2e1ed7c8b961c2149bcffe/element/f.65EA279DE37407F0D83DF198F8358C68.d.BA0E492A9FA19F9A793E4E8471593839.e.6055/click - {}
RESULT: {}
COMMAND: GET /session/bc71e28d1f2e1ed7c8b961c2149bcffe/screenshot - {}
RESULT: {}
COMMAND: POST /session/bc71e28d1f2e1ed7c8b961c2149bcffe/element - {"using":"xpath","value":"//button[@data-kt=\"saveNewRuleButton\"]"}
RESULT: {"using":"xpath","value":"//button[@data-kt=\"saveNewRuleButton\"]"}
COMMAND: POST /session/bc71e28d1f2e1ed7c8b961c2149bcffe/element/f.65EA279DE37407F0D83DF198F8358C68.d.BA0E492A9FA19F9A793E4E8471593839.e.6042/click - {}
RESULT: {}
COMMAND: GET /session/bc71e28d1f2e1ed7c8b961c2149bcffe/screenshot - {}
RESULT: {}
COMMAND: POST /session/bc71e28d1f2e1ed7c8b961c2149bcffe/execute/async - {"script":"<script> [1562 bytes]","args":[{"selector":{"id":"application-managepricingrules-display-component---priceInfoItem--smartFilterBar-btnBasicSearch","interaction":{"idSuffix":"I"}},"wdio_ui5_key":"applicationmanagepricingrules-display-component---priceInfoItem--smartFilterBar-btnBasicSearch"}]}
RESULT: {"script":"<script> [1562 bytes]","args":[{"selector":{"id":"application-managepricingrules-display-component---priceInfoItem--smartFilterBar-btnBasicSearch","interaction":{"idSuffix":"I"}},"wdio_ui5_key":"applicationmanagepricingrules-display-component---priceInfoItem--smartFilterBar-btnBasicSearch"}]}
RESULT: undefined
COMMAND: POST /session/bc71e28d1f2e1ed7c8b961c2149bcffe/execute/async - {"script":"<script> [776 bytes]","args":[{"enterText":"200105","selector":{"id":"application-managepricingrules-display-component---priceInfoItem--smartFilterBar-btnBasicSearch","interaction":{"idSuffix":"I"}},"clearTextFirst":true,"interactionType":"ENTER_TEXT"}]}
RESULT: {"script":"<script> [776 bytes]","args":[{"enterText":"200105","selector":{"id":"application-managepricingrules-display-component---priceInfoItem--smartFilterBar-btnBasicSearch","interaction":{"idSuffix":"I"}},"clearTextFirst":true,"interactionType":"ENTER_TEXT"}]}
COMMAND: POST /session/bc71e28d1f2e1ed7c8b961c2149bcffe/actions - {"actions":[{"id":"action16","type":"key","parameters":{},"actions":[{"type":"keyDown","value":"î€‡"},{"type":"pause","duration":10},{"type":"keyUp","value":"î€‡"}]}]}
RESULT: {"actions":[{"id":"action16","type":"key","parameters":{},"actions":[{"type":"keyDown","value":"î€‡"},{"type":"pause","duration":10},{"type":"keyUp","value":"î€‡"}]}]}
COMMAND: GET /session/bc71e28d1f2e1ed7c8b961c2149bcffe/screenshot - {}
RESULT: {}
COMMAND: POST /session/bc71e28d1f2e1ed7c8b961c2149bcffe/element - {"using":"xpath","value":"//span[@id=\"application-managepricingrules-display-component---priceInfoItem--smartTable-header-inner\"]"}
RESULT: {"using":"xpath","value":"//span[@id=\"application-managepricingrules-display-component---priceInfoItem--smartTable-header-inner\"]"}
COMMAND: POST /session/bc71e28d1f2e1ed7c8b961c2149bcffe/elements - {"using":"xpath","value":"//span[@id=\"application-managepricingrules-display-component---priceInfoItem--smartTable-header-inner\"]"}
RESULT: {"using":"xpath","value":"//span[@id=\"application-managepricingrules-display-component---priceInfoItem--smartTable-header-inner\"]"}
COMMAND: POST /session/bc71e28d1f2e1ed7c8b961c2149bcffe/execute/sync - {"script":"<script> [56 bytes]","args":[{"element-6066-11e4-a52e-4f735466cecf":"f.65EA279DE37407F0D83DF198F8358C68.d.BA0E492A9FA19F9A793E4E8471593839.e.6079","ELEMENT":"f.65EA279DE37407F0D83DF198F8358C68.d.BA0E492A9FA19F9A793E4E8471593839.e.6079"}]}
RESULT: {"script":"<script> [56 bytes]","args":[{"element-6066-11e4-a52e-4f735466cecf":"f.65EA279DE37407F0D83DF198F8358C68.d.BA0E492A9FA19F9A793E4E8471593839.e.6079","ELEMENT":"f.65EA279DE37407F0D83DF198F8358C68.d.BA0E492A9FA19F9A793E4E8471593839.e.6079"}]}
COMMAND: POST /session/bc71e28d1f2e1ed7c8b961c2149bcffe/element - {"using":"css selector","value":"#shell-header-logo"}
COMMAND: GET /session/bc71e28d1f2e1ed7c8b961c2149bcffe/screenshot - {}
RESULT: {"using":"css selector","value":"#shell-header-logo"}
COMMAND: POST /session/bc71e28d1f2e1ed7c8b961c2149bcffe/element/f.65EA279DE37407F0D83DF198F8358C68.d.BA0E492A9FA19F9A793E4E8471593839.e.5284/click - {}
RESULT: {}
RESULT: {}
COMMAND: GET /session/bc71e28d1f2e1ed7c8b961c2149bcffe/screenshot - {}
RESULT: {}
]]></system-out>
    </testcase>
    <testcase classname="chrome.135_0_7049_96.windows.US134625_Set_up_price_condition_-_one_time" name="Should create new condition one time" time="62.573">
      <system-out><![CDATA[
COMMAND: POST /session/bc71e28d1f2e1ed7c8b961c2149bcffe/execute/async - {"script":"<script> [1562 bytes]","args":[{"selector":{"controlType":"sap.m.Text","properties":{"text":"Manage Conditions & Prices"},"interaction":{"idSuffix":"inner"}},"wdio_ui5_key":"sapm.Text{\"text\":\"Manage Conditions & Prices\"}"}]}
RESULT: {"script":"<script> [1562 bytes]","args":[{"selector":{"controlType":"sap.m.Text","properties":{"text":"Manage Conditions & Prices"},"interaction":{"idSuffix":"inner"}},"wdio_ui5_key":"sapm.Text{\"text\":\"Manage Conditions & Prices\"}"}]}
RESULT: undefined
COMMAND: POST /session/bc71e28d1f2e1ed7c8b961c2149bcffe/element - {"using":"xpath","value":"//*[@id=\"__tile53-title\"]"}
RESULT: {"using":"xpath","value":"//*[@id=\"__tile53-title\"]"}
COMMAND: POST /session/bc71e28d1f2e1ed7c8b961c2149bcffe/element/f.65EA279DE37407F0D83DF198F8358C68.d.BA0E492A9FA19F9A793E4E8471593839.e.6082/click - {}
RESULT: {}
COMMAND: POST /session/bc71e28d1f2e1ed7c8b961c2149bcffe/element - {"using":"xpath","value":"//button[@aria-label=\"Create\"]"}
COMMAND: GET /session/bc71e28d1f2e1ed7c8b961c2149bcffe/screenshot - {}
RESULT: {"using":"xpath","value":"//button[@aria-label=\"Create\"]"}
COMMAND: POST /session/bc71e28d1f2e1ed7c8b961c2149bcffe/elements - {"using":"xpath","value":"//button[@aria-label=\"Create\"]"}
RESULT: {}
RESULT: {"using":"xpath","value":"//button[@aria-label=\"Create\"]"}
COMMAND: POST /session/bc71e28d1f2e1ed7c8b961c2149bcffe/element - {"using":"xpath","value":"//button[@aria-label=\"Create\"]"}
RESULT: {"using":"xpath","value":"//button[@aria-label=\"Create\"]"}
COMMAND: POST /session/bc71e28d1f2e1ed7c8b961c2149bcffe/execute/sync - {"script":"<script> [8489 bytes]","args":[{"element-6066-11e4-a52e-4f735466cecf":"f.65EA279DE37407F0D83DF198F8358C68.d.BA0E492A9FA19F9A793E4E8471593839.e.6116","ELEMENT":"f.65EA279DE37407F0D83DF198F8358C68.d.BA0E492A9FA19F9A793E4E8471593839.e.6116"}]}
RESULT: {"script":"<script> [8489 bytes]","args":[{"element-6066-11e4-a52e-4f735466cecf":"f.65EA279DE37407F0D83DF198F8358C68.d.BA0E492A9FA19F9A793E4E8471593839.e.6116","ELEMENT":"f.65EA279DE37407F0D83DF198F8358C68.d.BA0E492A9FA19F9A793E4E8471593839.e.6116"}]}
COMMAND: GET /session/bc71e28d1f2e1ed7c8b961c2149bcffe/element/f.65EA279DE37407F0D83DF198F8358C68.d.BA0E492A9FA19F9A793E4E8471593839.e.6116/enabled - {}
COMMAND: GET /session/bc71e28d1f2e1ed7c8b961c2149bcffe/screenshot - {}
RESULT: {}
COMMAND: POST /session/bc71e28d1f2e1ed7c8b961c2149bcffe/execute/sync - {"script":"<script> [8489 bytes]","args":[{"element-6066-11e4-a52e-4f735466cecf":"f.65EA279DE37407F0D83DF198F8358C68.d.BA0E492A9FA19F9A793E4E8471593839.e.6116","ELEMENT":"f.65EA279DE37407F0D83DF198F8358C68.d.BA0E492A9FA19F9A793E4E8471593839.e.6116"}]}
COMMAND: GET /session/bc71e28d1f2e1ed7c8b961c2149bcffe/screenshot - {}
RESULT: {}
RESULT: {"script":"<script> [8489 bytes]","args":[{"element-6066-11e4-a52e-4f735466cecf":"f.65EA279DE37407F0D83DF198F8358C68.d.BA0E492A9FA19F9A793E4E8471593839.e.6116","ELEMENT":"f.65EA279DE37407F0D83DF198F8358C68.d.BA0E492A9FA19F9A793E4E8471593839.e.6116"}]}
COMMAND: POST /session/bc71e28d1f2e1ed7c8b961c2149bcffe/execute/sync - {"script":"<script> [5351 bytes]","args":[{"element-6066-11e4-a52e-4f735466cecf":"f.65EA279DE37407F0D83DF198F8358C68.d.BA0E492A9FA19F9A793E4E8471593839.e.6116","ELEMENT":"f.65EA279DE37407F0D83DF198F8358C68.d.BA0E492A9FA19F9A793E4E8471593839.e.6116"}]}
COMMAND: GET /session/bc71e28d1f2e1ed7c8b961c2149bcffe/screenshot - {}
RESULT: {}
RESULT: {"script":"<script> [5351 bytes]","args":[{"element-6066-11e4-a52e-4f735466cecf":"f.65EA279DE37407F0D83DF198F8358C68.d.BA0E492A9FA19F9A793E4E8471593839.e.6116","ELEMENT":"f.65EA279DE37407F0D83DF198F8358C68.d.BA0E492A9FA19F9A793E4E8471593839.e.6116"}]}
COMMAND: POST /session/bc71e28d1f2e1ed7c8b961c2149bcffe/element/f.65EA279DE37407F0D83DF198F8358C68.d.BA0E492A9FA19F9A793E4E8471593839.e.6116/click - {}
COMMAND: GET /session/bc71e28d1f2e1ed7c8b961c2149bcffe/screenshot - {}
RESULT: {}
RESULT: {}
COMMAND: GET /session/bc71e28d1f2e1ed7c8b961c2149bcffe/screenshot - {}
RESULT: {}
RESULT: {}
COMMAND: POST /session/bc71e28d1f2e1ed7c8b961c2149bcffe/actions - {"actions":[{"id":"action17","type":"key","parameters":{},"actions":[{"type":"keyDown","value":"î€‡"},{"type":"pause","duration":10},{"type":"keyUp","value":"î€‡"}]}]}
RESULT: {"actions":[{"id":"action17","type":"key","parameters":{},"actions":[{"type":"keyDown","value":"î€‡"},{"type":"pause","duration":10},{"type":"keyUp","value":"î€‡"}]}]}
COMMAND: GET /session/bc71e28d1f2e1ed7c8b961c2149bcffe/screenshot - {}
RESULT: {}
COMMAND: POST /session/bc71e28d1f2e1ed7c8b961c2149bcffe/execute/async - {"script":"<script> [1562 bytes]","args":[{"selector":{"id":"application-manageconditionprice-display-component---newCondition--condBillCond-arrow"},"wdio_ui5_key":"applicationmanageconditionprice-display-component---newCondition--condBillCond-arrow"}]}
RESULT: {"script":"<script> [1562 bytes]","args":[{"selector":{"id":"application-manageconditionprice-display-component---newCondition--condBillCond-arrow"},"wdio_ui5_key":"applicationmanageconditionprice-display-component---newCondition--condBillCond-arrow"}]}
RESULT: undefined
COMMAND: POST /session/bc71e28d1f2e1ed7c8b961c2149bcffe/element - {"using":"xpath","value":"//*[@id=\"application-manageconditionprice-display-component---newCondition--condBillCond-arrow\"]"}
RESULT: {"using":"xpath","value":"//*[@id=\"application-manageconditionprice-display-component---newCondition--condBillCond-arrow\"]"}
COMMAND: POST /session/bc71e28d1f2e1ed7c8b961c2149bcffe/element/f.65EA279DE37407F0D83DF198F8358C68.d.BA0E492A9FA19F9A793E4E8471593839.e.6296/click - {}
RESULT: {}
COMMAND: GET /session/bc71e28d1f2e1ed7c8b961c2149bcffe/screenshot - {}
RESULT: {}
COMMAND: POST /session/bc71e28d1f2e1ed7c8b961c2149bcffe/element - {"using":"xpath","value":"//li[.//span[contains(text(), \"SAPR - Sales price\")]]"}
RESULT: {"using":"xpath","value":"//li[.//span[contains(text(), \"SAPR - Sales price\")]]"}
COMMAND: POST /session/bc71e28d1f2e1ed7c8b961c2149bcffe/element/f.65EA279DE37407F0D83DF198F8358C68.d.BA0E492A9FA19F9A793E4E8471593839.e.6299/click - {}
RESULT: {}
COMMAND: GET /session/bc71e28d1f2e1ed7c8b961c2149bcffe/screenshot - {}
RESULT: {}
COMMAND: POST /session/bc71e28d1f2e1ed7c8b961c2149bcffe/execute/async - {"script":"<script> [1562 bytes]","args":[{"selector":{"id":"application-manageconditionprice-display-component---newCondition--condValidTo","interaction":{"idSuffix":"inner"}},"wdio_ui5_key":"applicationmanageconditionprice-display-component---newCondition--condValidTo"}]}
RESULT: {"script":"<script> [1562 bytes]","args":[{"selector":{"id":"application-manageconditionprice-display-component---newCondition--condValidTo","interaction":{"idSuffix":"inner"}},"wdio_ui5_key":"applicationmanageconditionprice-display-component---newCondition--condValidTo"}]}
RESULT: undefined
COMMAND: POST /session/bc71e28d1f2e1ed7c8b961c2149bcffe/execute/async - {"script":"<script> [776 bytes]","args":[{"enterText":"12/26/25","selector":{"id":"application-manageconditionprice-display-component---newCondition--condValidTo","interaction":{"idSuffix":"inner"}},"clearTextFirst":true,"interactionType":"ENTER_TEXT"}]}
RESULT: {"script":"<script> [776 bytes]","args":[{"enterText":"12/26/25","selector":{"id":"application-manageconditionprice-display-component---newCondition--condValidTo","interaction":{"idSuffix":"inner"}},"clearTextFirst":true,"interactionType":"ENTER_TEXT"}]}
COMMAND: POST /session/bc71e28d1f2e1ed7c8b961c2149bcffe/element - {"using":"xpath","value":"//input[@id=\"application-manageconditionprice-display-component---newCondition--condRU-inner\"]"}
RESULT: {"using":"xpath","value":"//input[@id=\"application-manageconditionprice-display-component---newCondition--condRU-inner\"]"}
COMMAND: POST /session/bc71e28d1f2e1ed7c8b961c2149bcffe/element/f.65EA279DE37407F0D83DF198F8358C68.d.BA0E492A9FA19F9A793E4E8471593839.e.6160/clear - {}
RESULT: {}
COMMAND: POST /session/bc71e28d1f2e1ed7c8b961c2149bcffe/element/f.65EA279DE37407F0D83DF198F8358C68.d.BA0E492A9FA19F9A793E4E8471593839.e.6160/value - {"text":"200105"}
COMMAND: GET /session/bc71e28d1f2e1ed7c8b961c2149bcffe/screenshot - {}
RESULT: {"text":"200105"}
COMMAND: GET /session/bc71e28d1f2e1ed7c8b961c2149bcffe/screenshot - {}
RESULT: {}
RESULT: {}
COMMAND: POST /session/bc71e28d1f2e1ed7c8b961c2149bcffe/actions - {"actions":[{"id":"action18","type":"key","parameters":{},"actions":[{"type":"keyDown","value":"î€‡"},{"type":"pause","duration":10},{"type":"keyUp","value":"î€‡"}]}]}
RESULT: {"actions":[{"id":"action18","type":"key","parameters":{},"actions":[{"type":"keyDown","value":"î€‡"},{"type":"pause","duration":10},{"type":"keyUp","value":"î€‡"}]}]}
COMMAND: POST /session/bc71e28d1f2e1ed7c8b961c2149bcffe/execute/async - {"script":"<script> [1562 bytes]","args":[{"selector":{"id":"application-manageconditionprice-display-component---newCondition--condBaseQty","interaction":{"idSuffix":"inner"}},"wdio_ui5_key":"applicationmanageconditionprice-display-component---newCondition--condBaseQty"}]}
COMMAND: GET /session/bc71e28d1f2e1ed7c8b961c2149bcffe/screenshot - {}
RESULT: {"script":"<script> [1562 bytes]","args":[{"selector":{"id":"application-manageconditionprice-display-component---newCondition--condBaseQty","interaction":{"idSuffix":"inner"}},"wdio_ui5_key":"applicationmanageconditionprice-display-component---newCondition--condBaseQty"}]}
RESULT: undefined
COMMAND: POST /session/bc71e28d1f2e1ed7c8b961c2149bcffe/execute/async - {"script":"<script> [776 bytes]","args":[{"enterText":"1","selector":{"id":"application-manageconditionprice-display-component---newCondition--condBaseQty","interaction":{"idSuffix":"inner"}},"clearTextFirst":true,"interactionType":"ENTER_TEXT"}]}
RESULT: {}
RESULT: {"script":"<script> [776 bytes]","args":[{"enterText":"1","selector":{"id":"application-manageconditionprice-display-component---newCondition--condBaseQty","interaction":{"idSuffix":"inner"}},"clearTextFirst":true,"interactionType":"ENTER_TEXT"}]}
COMMAND: POST /session/bc71e28d1f2e1ed7c8b961c2149bcffe/execute/async - {"script":"<script> [1562 bytes]","args":[{"selector":{"id":"application-manageconditionprice-display-component---newCondition--condValue","interaction":{"idSuffix":"inner"}},"wdio_ui5_key":"applicationmanageconditionprice-display-component---newCondition--condValue"}]}
RESULT: {"script":"<script> [1562 bytes]","args":[{"selector":{"id":"application-manageconditionprice-display-component---newCondition--condValue","interaction":{"idSuffix":"inner"}},"wdio_ui5_key":"applicationmanageconditionprice-display-component---newCondition--condValue"}]}
RESULT: undefined
COMMAND: POST /session/bc71e28d1f2e1ed7c8b961c2149bcffe/execute/async - {"script":"<script> [776 bytes]","args":[{"enterText":"100.00","selector":{"id":"application-manageconditionprice-display-component---newCondition--condValue","interaction":{"idSuffix":"inner"}},"clearTextFirst":true,"interactionType":"ENTER_TEXT"}]}
RESULT: {"script":"<script> [776 bytes]","args":[{"enterText":"100.00","selector":{"id":"application-manageconditionprice-display-component---newCondition--condValue","interaction":{"idSuffix":"inner"}},"clearTextFirst":true,"interactionType":"ENTER_TEXT"}]}
COMMAND: POST /session/bc71e28d1f2e1ed7c8b961c2149bcffe/execute/async - {"script":"<script> [1562 bytes]","args":[{"selector":{"id":"application-manageconditionprice-display-component---newCondition--condCurr-arrow"},"wdio_ui5_key":"applicationmanageconditionprice-display-component---newCondition--condCurr-arrow"}]}
RESULT: {"script":"<script> [1562 bytes]","args":[{"selector":{"id":"application-manageconditionprice-display-component---newCondition--condCurr-arrow"},"wdio_ui5_key":"applicationmanageconditionprice-display-component---newCondition--condCurr-arrow"}]}
RESULT: undefined
COMMAND: POST /session/bc71e28d1f2e1ed7c8b961c2149bcffe/element - {"using":"xpath","value":"//*[@id=\"application-manageconditionprice-display-component---newCondition--condCurr-arrow\"]"}
RESULT: {"using":"xpath","value":"//*[@id=\"application-manageconditionprice-display-component---newCondition--condCurr-arrow\"]"}
COMMAND: POST /session/bc71e28d1f2e1ed7c8b961c2149bcffe/element/f.65EA279DE37407F0D83DF198F8358C68.d.BA0E492A9FA19F9A793E4E8471593839.e.6268/click - {}
RESULT: {}
COMMAND: POST /session/bc71e28d1f2e1ed7c8b961c2149bcffe/element - {"using":"xpath","value":"//span[contains(text(), \"Euro\")]"}
COMMAND: GET /session/bc71e28d1f2e1ed7c8b961c2149bcffe/screenshot - {}
RESULT: {"using":"xpath","value":"//span[contains(text(), \"Euro\")]"}
COMMAND: POST /session/bc71e28d1f2e1ed7c8b961c2149bcffe/element/f.65EA279DE37407F0D83DF198F8358C68.d.BA0E492A9FA19F9A793E4E8471593839.e.6337/click - {}
RESULT: {}
RESULT: {}
COMMAND: POST /session/bc71e28d1f2e1ed7c8b961c2149bcffe/element - {"using":"xpath","value":"//button[@data-kt=\"saveButton\"]"}
COMMAND: GET /session/bc71e28d1f2e1ed7c8b961c2149bcffe/screenshot - {}
RESULT: {"using":"xpath","value":"//button[@data-kt=\"saveButton\"]"}
COMMAND: POST /session/bc71e28d1f2e1ed7c8b961c2149bcffe/element/f.65EA279DE37407F0D83DF198F8358C68.d.BA0E492A9FA19F9A793E4E8471593839.e.6269/click - {}
RESULT: {}
RESULT: {}
COMMAND: GET /session/bc71e28d1f2e1ed7c8b961c2149bcffe/screenshot - {}
RESULT: {}
COMMAND: POST /session/bc71e28d1f2e1ed7c8b961c2149bcffe/execute/async - {"script":"<script> [1562 bytes]","args":[{"selector":{"id":"application-manageconditionprice-display-component---conditions--smartFilterBar-btnBasicSearch","interaction":{"idSuffix":"I"}},"wdio_ui5_key":"applicationmanageconditionprice-display-component---conditions--smartFilterBar-btnBasicSearch"}]}
RESULT: {"script":"<script> [1562 bytes]","args":[{"selector":{"id":"application-manageconditionprice-display-component---conditions--smartFilterBar-btnBasicSearch","interaction":{"idSuffix":"I"}},"wdio_ui5_key":"applicationmanageconditionprice-display-component---conditions--smartFilterBar-btnBasicSearch"}]}
RESULT: undefined
COMMAND: POST /session/bc71e28d1f2e1ed7c8b961c2149bcffe/execute/async - {"script":"<script> [776 bytes]","args":[{"enterText":"200105","selector":{"id":"application-manageconditionprice-display-component---conditions--smartFilterBar-btnBasicSearch","interaction":{"idSuffix":"I"}},"clearTextFirst":true,"interactionType":"ENTER_TEXT"}]}
RESULT: {"script":"<script> [776 bytes]","args":[{"enterText":"200105","selector":{"id":"application-manageconditionprice-display-component---conditions--smartFilterBar-btnBasicSearch","interaction":{"idSuffix":"I"}},"clearTextFirst":true,"interactionType":"ENTER_TEXT"}]}
COMMAND: POST /session/bc71e28d1f2e1ed7c8b961c2149bcffe/actions - {"actions":[{"id":"action19","type":"key","parameters":{},"actions":[{"type":"keyDown","value":"î€‡"},{"type":"pause","duration":10},{"type":"keyUp","value":"î€‡"}]}]}
RESULT: {"actions":[{"id":"action19","type":"key","parameters":{},"actions":[{"type":"keyDown","value":"î€‡"},{"type":"pause","duration":10},{"type":"keyUp","value":"î€‡"}]}]}
COMMAND: GET /session/bc71e28d1f2e1ed7c8b961c2149bcffe/screenshot - {}
RESULT: {}
COMMAND: POST /session/bc71e28d1f2e1ed7c8b961c2149bcffe/execute/async - {"script":"<script> [1562 bytes]","args":[{"selector":{"id":"application-manageconditionprice-display-component---conditions--smartFilterBar-filterItemControl_BASIC-BILL_TYPES-vhi"},"wdio_ui5_key":"applicationmanageconditionprice-display-component---conditions--smartFilterBar-filterItemControl_BASIC-BILL_TYPES-vhi"}]}
RESULT: {"script":"<script> [1562 bytes]","args":[{"selector":{"id":"application-manageconditionprice-display-component---conditions--smartFilterBar-filterItemControl_BASIC-BILL_TYPES-vhi"},"wdio_ui5_key":"applicationmanageconditionprice-display-component---conditions--smartFilterBar-filterItemControl_BASIC-BILL_TYPES-vhi"}]}
RESULT: undefined
COMMAND: POST /session/bc71e28d1f2e1ed7c8b961c2149bcffe/element - {"using":"xpath","value":"//*[@id=\"application-manageconditionprice-display-component---conditions--smartFilterBar-filterItemControl_BASIC-BILL_TYPES-vhi\"]"}
RESULT: {"using":"xpath","value":"//*[@id=\"application-manageconditionprice-display-component---conditions--smartFilterBar-filterItemControl_BASIC-BILL_TYPES-vhi\"]"}
COMMAND: POST /session/bc71e28d1f2e1ed7c8b961c2149bcffe/element/f.65EA279DE37407F0D83DF198F8358C68.d.BA0E492A9FA19F9A793E4E8471593839.e.6443/click - {}
RESULT: {}
COMMAND: POST /session/bc71e28d1f2e1ed7c8b961c2149bcffe/execute/async - {"script":"<script> [1562 bytes]","args":[{"selector":{"id":"application-manageconditionprice-display-component---conditions--smartFilterBar-filterItemControl_BASIC-BILL_TYPES-valueHelpDialog-smartFilterBar-btnBasicSearch","searchOpenDialogs":true,"interaction":{"idSuffix":"I"}},"wdio_ui5_key":"applicationmanageconditionprice-display-component---conditions--smartFilterBar-filterItemControl_BASIC-BILL_TYPES-valueHelpDialog-smartFilterBar-btnBasicSearch"}]}
COMMAND: GET /session/bc71e28d1f2e1ed7c8b961c2149bcffe/screenshot - {}
RESULT: {"script":"<script> [1562 bytes]","args":[{"selector":{"id":"application-manageconditionprice-display-component---conditions--smartFilterBar-filterItemControl_BASIC-BILL_TYPES-valueHelpDialog-smartFilterBar-btnBasicSearch","searchOpenDialogs":true,"interaction":{"idSuffix":"I"}},"wdio_ui5_key":"applicationmanageconditionprice-display-component---conditions--smartFilterBar-filterItemControl_BASIC-BILL_TYPES-valueHelpDialog-smartFilterBar-btnBasicSearch"}]}
RESULT: undefined
COMMAND: POST /session/bc71e28d1f2e1ed7c8b961c2149bcffe/execute/async - {"script":"<script> [776 bytes]","args":[{"enterText":"one","selector":{"id":"application-manageconditionprice-display-component---conditions--smartFilterBar-filterItemControl_BASIC-BILL_TYPES-valueHelpDialog-smartFilterBar-btnBasicSearch","searchOpenDialogs":true,"interaction":{"idSuffix":"I"}},"clearTextFirst":true,"interactionType":"ENTER_TEXT"}]}
RESULT: {}
RESULT: {"script":"<script> [776 bytes]","args":[{"enterText":"one","selector":{"id":"application-manageconditionprice-display-component---conditions--smartFilterBar-filterItemControl_BASIC-BILL_TYPES-valueHelpDialog-smartFilterBar-btnBasicSearch","searchOpenDialogs":true,"interaction":{"idSuffix":"I"}},"clearTextFirst":true,"interactionType":"ENTER_TEXT"}]}
COMMAND: POST /session/bc71e28d1f2e1ed7c8b961c2149bcffe/actions - {"actions":[{"id":"action20","type":"key","parameters":{},"actions":[{"type":"keyDown","value":"î€‡"},{"type":"pause","duration":10},{"type":"keyUp","value":"î€‡"}]}]}
RESULT: {"actions":[{"id":"action20","type":"key","parameters":{},"actions":[{"type":"keyDown","value":"î€‡"},{"type":"pause","duration":10},{"type":"keyUp","value":"î€‡"}]}]}
COMMAND: GET /session/bc71e28d1f2e1ed7c8b961c2149bcffe/screenshot - {}
RESULT: {}
COMMAND: POST /session/bc71e28d1f2e1ed7c8b961c2149bcffe/element - {"using":"xpath","value":"//div[contains(@id, 'application-manageconditionprice-display-component---conditions--smartFilterBar-filterItemControl_BASIC-BILL_TYPES-valueHelpDialog-table-rowsel0')]"}
RESULT: {"using":"xpath","value":"//div[contains(@id, 'application-manageconditionprice-display-component---conditions--smartFilterBar-filterItemControl_BASIC-BILL_TYPES-valueHelpDialog-table-rowsel0')]"}
COMMAND: POST /session/bc71e28d1f2e1ed7c8b961c2149bcffe/element/f.65EA279DE37407F0D83DF198F8358C68.d.BA0E492A9FA19F9A793E4E8471593839.e.6453/click - {}
RESULT: {}
COMMAND: GET /session/bc71e28d1f2e1ed7c8b961c2149bcffe/screenshot - {}
RESULT: {}
COMMAND: POST /session/bc71e28d1f2e1ed7c8b961c2149bcffe/element - {"using":"xpath","value":"//bdi[contains(text(), \"OK\")]"}
RESULT: {"using":"xpath","value":"//bdi[contains(text(), \"OK\")]"}
COMMAND: POST /session/bc71e28d1f2e1ed7c8b961c2149bcffe/element/f.65EA279DE37407F0D83DF198F8358C68.d.BA0E492A9FA19F9A793E4E8471593839.e.6455/click - {}
RESULT: {}
COMMAND: GET /session/bc71e28d1f2e1ed7c8b961c2149bcffe/screenshot - {}
RESULT: {}
COMMAND: POST /session/bc71e28d1f2e1ed7c8b961c2149bcffe/element - {"using":"xpath","value":"//span[@id=\"application-manageconditionprice-display-component---conditions--smartTable-header-inner\"]"}
RESULT: {"using":"xpath","value":"//span[@id=\"application-manageconditionprice-display-component---conditions--smartTable-header-inner\"]"}
COMMAND: POST /session/bc71e28d1f2e1ed7c8b961c2149bcffe/elements - {"using":"xpath","value":"//span[@id=\"application-manageconditionprice-display-component---conditions--smartTable-header-inner\"]"}
RESULT: {"using":"xpath","value":"//span[@id=\"application-manageconditionprice-display-component---conditions--smartTable-header-inner\"]"}
COMMAND: POST /session/bc71e28d1f2e1ed7c8b961c2149bcffe/execute/sync - {"script":"<script> [56 bytes]","args":[{"element-6066-11e4-a52e-4f735466cecf":"f.65EA279DE37407F0D83DF198F8358C68.d.BA0E492A9FA19F9A793E4E8471593839.e.6458","ELEMENT":"f.65EA279DE37407F0D83DF198F8358C68.d.BA0E492A9FA19F9A793E4E8471593839.e.6458"}]}
RESULT: {"script":"<script> [56 bytes]","args":[{"element-6066-11e4-a52e-4f735466cecf":"f.65EA279DE37407F0D83DF198F8358C68.d.BA0E492A9FA19F9A793E4E8471593839.e.6458","ELEMENT":"f.65EA279DE37407F0D83DF198F8358C68.d.BA0E492A9FA19F9A793E4E8471593839.e.6458"}]}
COMMAND: POST /session/bc71e28d1f2e1ed7c8b961c2149bcffe/element - {"using":"css selector","value":"#shell-header-logo"}
COMMAND: GET /session/bc71e28d1f2e1ed7c8b961c2149bcffe/screenshot - {}
RESULT: {"using":"css selector","value":"#shell-header-logo"}
COMMAND: POST /session/bc71e28d1f2e1ed7c8b961c2149bcffe/element/f.65EA279DE37407F0D83DF198F8358C68.d.BA0E492A9FA19F9A793E4E8471593839.e.6084/click - {}
RESULT: {}
RESULT: {}
COMMAND: GET /session/bc71e28d1f2e1ed7c8b961c2149bcffe/screenshot - {}
RESULT: {}
]]></system-out>
    </testcase>
    <testcase classname="chrome.135_0_7049_96.windows.US134625_Set_up_price_condition_-_one_time" name="Should create a new contract" time="49.64">
      <system-out><![CDATA[
COMMAND: POST /session/bc71e28d1f2e1ed7c8b961c2149bcffe/execute/async - {"script":"<script> [1562 bytes]","args":[{"selector":{"controlType":"sap.m.Text","viewName":"etm.portal.ui.managecontractstile.view.Master","properties":{"text":"Manage Contracts"},"interaction":{"idSuffix":"inner"}},"wdio_ui5_key":"etmportal.ui.managecontractstile.view.Mastersap.m.Text{\"text\":\"Manage Contracts\"}"}]}
RESULT: {"script":"<script> [1562 bytes]","args":[{"selector":{"controlType":"sap.m.Text","viewName":"etm.portal.ui.managecontractstile.view.Master","properties":{"text":"Manage Contracts"},"interaction":{"idSuffix":"inner"}},"wdio_ui5_key":"etmportal.ui.managecontractstile.view.Mastersap.m.Text{\"text\":\"Manage Contracts\"}"}]}
RESULT: undefined
COMMAND: POST /session/bc71e28d1f2e1ed7c8b961c2149bcffe/element - {"using":"xpath","value":"//*[@id=\"__tile130-title\"]"}
RESULT: {"using":"xpath","value":"//*[@id=\"__tile130-title\"]"}
COMMAND: POST /session/bc71e28d1f2e1ed7c8b961c2149bcffe/element/f.65EA279DE37407F0D83DF198F8358C68.d.BA0E492A9FA19F9A793E4E8471593839.e.6462/click - {}
RESULT: {}
COMMAND: GET /session/bc71e28d1f2e1ed7c8b961c2149bcffe/screenshot - {}
RESULT: {}
COMMAND: POST /session/bc71e28d1f2e1ed7c8b961c2149bcffe/element - {"using":"xpath","value":"//button[@data-kt=\"addButton\"]"}
RESULT: {"using":"xpath","value":"//button[@data-kt=\"addButton\"]"}
COMMAND: POST /session/bc71e28d1f2e1ed7c8b961c2149bcffe/elements - {"using":"xpath","value":"//button[@data-kt=\"addButton\"]"}
RESULT: {"using":"xpath","value":"//button[@data-kt=\"addButton\"]"}
COMMAND: POST /session/bc71e28d1f2e1ed7c8b961c2149bcffe/execute/sync - {"script":"<script> [8489 bytes]","args":[{"element-6066-11e4-a52e-4f735466cecf":"f.65EA279DE37407F0D83DF198F8358C68.d.BA0E492A9FA19F9A793E4E8471593839.e.6513","ELEMENT":"f.65EA279DE37407F0D83DF198F8358C68.d.BA0E492A9FA19F9A793E4E8471593839.e.6513"}]}
RESULT: {"script":"<script> [8489 bytes]","args":[{"element-6066-11e4-a52e-4f735466cecf":"f.65EA279DE37407F0D83DF198F8358C68.d.BA0E492A9FA19F9A793E4E8471593839.e.6513","ELEMENT":"f.65EA279DE37407F0D83DF198F8358C68.d.BA0E492A9FA19F9A793E4E8471593839.e.6513"}]}
COMMAND: GET /session/bc71e28d1f2e1ed7c8b961c2149bcffe/element/f.65EA279DE37407F0D83DF198F8358C68.d.BA0E492A9FA19F9A793E4E8471593839.e.6513/enabled - {}
COMMAND: GET /session/bc71e28d1f2e1ed7c8b961c2149bcffe/screenshot - {}
RESULT: {}
COMMAND: POST /session/bc71e28d1f2e1ed7c8b961c2149bcffe/execute/sync - {"script":"<script> [8489 bytes]","args":[{"element-6066-11e4-a52e-4f735466cecf":"f.65EA279DE37407F0D83DF198F8358C68.d.BA0E492A9FA19F9A793E4E8471593839.e.6513","ELEMENT":"f.65EA279DE37407F0D83DF198F8358C68.d.BA0E492A9FA19F9A793E4E8471593839.e.6513"}]}
COMMAND: GET /session/bc71e28d1f2e1ed7c8b961c2149bcffe/screenshot - {}
RESULT: {}
RESULT: {"script":"<script> [8489 bytes]","args":[{"element-6066-11e4-a52e-4f735466cecf":"f.65EA279DE37407F0D83DF198F8358C68.d.BA0E492A9FA19F9A793E4E8471593839.e.6513","ELEMENT":"f.65EA279DE37407F0D83DF198F8358C68.d.BA0E492A9FA19F9A793E4E8471593839.e.6513"}]}
COMMAND: POST /session/bc71e28d1f2e1ed7c8b961c2149bcffe/execute/sync - {"script":"<script> [5351 bytes]","args":[{"element-6066-11e4-a52e-4f735466cecf":"f.65EA279DE37407F0D83DF198F8358C68.d.BA0E492A9FA19F9A793E4E8471593839.e.6513","ELEMENT":"f.65EA279DE37407F0D83DF198F8358C68.d.BA0E492A9FA19F9A793E4E8471593839.e.6513"}]}
COMMAND: GET /session/bc71e28d1f2e1ed7c8b961c2149bcffe/screenshot - {}
RESULT: {}
RESULT: {"script":"<script> [5351 bytes]","args":[{"element-6066-11e4-a52e-4f735466cecf":"f.65EA279DE37407F0D83DF198F8358C68.d.BA0E492A9FA19F9A793E4E8471593839.e.6513","ELEMENT":"f.65EA279DE37407F0D83DF198F8358C68.d.BA0E492A9FA19F9A793E4E8471593839.e.6513"}]}
COMMAND: GET /session/bc71e28d1f2e1ed7c8b961c2149bcffe/screenshot - {}
RESULT: {}
RESULT: {}
COMMAND: POST /session/bc71e28d1f2e1ed7c8b961c2149bcffe/element/f.65EA279DE37407F0D83DF198F8358C68.d.BA0E492A9FA19F9A793E4E8471593839.e.6513/click - {}
RESULT: {}
COMMAND: GET /session/bc71e28d1f2e1ed7c8b961c2149bcffe/screenshot - {}
RESULT: {}
COMMAND: POST /session/bc71e28d1f2e1ed7c8b961c2149bcffe/execute/async - {"script":"<script> [1562 bytes]","args":[{"selector":{"id":"application-managecontracts-display-component---AddNewContract--projectDescription","interaction":{"idSuffix":"inner"}},"wdio_ui5_key":"applicationmanagecontracts-display-component---AddNewContract--projectDescription"}]}
RESULT: {"script":"<script> [1562 bytes]","args":[{"selector":{"id":"application-managecontracts-display-component---AddNewContract--projectDescription","interaction":{"idSuffix":"inner"}},"wdio_ui5_key":"applicationmanagecontracts-display-component---AddNewContract--projectDescription"}]}
RESULT: undefined
COMMAND: POST /session/bc71e28d1f2e1ed7c8b961c2149bcffe/execute/async - {"script":"<script> [776 bytes]","args":[{"enterText":"Intercompany Contract WDIO","selector":{"id":"application-managecontracts-display-component---AddNewContract--projectDescription","interaction":{"idSuffix":"inner"}},"clearTextFirst":true,"interactionType":"ENTER_TEXT"}]}
RESULT: {"script":"<script> [776 bytes]","args":[{"enterText":"Intercompany Contract WDIO","selector":{"id":"application-managecontracts-display-component---AddNewContract--projectDescription","interaction":{"idSuffix":"inner"}},"clearTextFirst":true,"interactionType":"ENTER_TEXT"}]}
COMMAND: POST /session/bc71e28d1f2e1ed7c8b961c2149bcffe/element - {"using":"xpath","value":"//input[@id=\"application-managecontracts-display-component---AddNewContract--site-inner\"]"}
RESULT: {"using":"xpath","value":"//input[@id=\"application-managecontracts-display-component---AddNewContract--site-inner\"]"}
COMMAND: POST /session/bc71e28d1f2e1ed7c8b961c2149bcffe/element/f.65EA279DE37407F0D83DF198F8358C68.d.BA0E492A9FA19F9A793E4E8471593839.e.6839/clear - {}
RESULT: {}
COMMAND: POST /session/bc71e28d1f2e1ed7c8b961c2149bcffe/element/f.65EA279DE37407F0D83DF198F8358C68.d.BA0E492A9FA19F9A793E4E8471593839.e.6839/value - {"text":"2118"}
COMMAND: GET /session/bc71e28d1f2e1ed7c8b961c2149bcffe/screenshot - {}
RESULT: {"text":"2118"}
COMMAND: GET /session/bc71e28d1f2e1ed7c8b961c2149bcffe/screenshot - {}
RESULT: {}
RESULT: {}
COMMAND: POST /session/bc71e28d1f2e1ed7c8b961c2149bcffe/element - {"using":"xpath","value":"//li[.//span[text()='2118']]"}
RESULT: {"using":"xpath","value":"//li[.//span[text()='2118']]"}
COMMAND: POST /session/bc71e28d1f2e1ed7c8b961c2149bcffe/element/f.65EA279DE37407F0D83DF198F8358C68.d.BA0E492A9FA19F9A793E4E8471593839.e.6869/click - {}
RESULT: {}
COMMAND: GET /session/bc71e28d1f2e1ed7c8b961c2149bcffe/screenshot - {}
RESULT: {}
COMMAND: POST /session/bc71e28d1f2e1ed7c8b961c2149bcffe/element - {"using":"xpath","value":"//input[@id=\"application-managecontracts-display-component---AddNewContract--yardId-inner\"]"}
RESULT: {"using":"xpath","value":"//input[@id=\"application-managecontracts-display-component---AddNewContract--yardId-inner\"]"}
COMMAND: GET /session/bc71e28d1f2e1ed7c8b961c2149bcffe/element/f.65EA279DE37407F0D83DF198F8358C68.d.BA0E492A9FA19F9A793E4E8471593839.e.6840/property/value - {}
RESULT: {}
COMMAND: POST /session/bc71e28d1f2e1ed7c8b961c2149bcffe/element - {"using":"xpath","value":"//input[@id=\"application-managecontracts-display-component---AddNewContract--customerSelect-inner\"]"}
COMMAND: GET /session/bc71e28d1f2e1ed7c8b961c2149bcffe/screenshot - {}
RESULT: {"using":"xpath","value":"//input[@id=\"application-managecontracts-display-component---AddNewContract--customerSelect-inner\"]"}
COMMAND: POST /session/bc71e28d1f2e1ed7c8b961c2149bcffe/element/f.65EA279DE37407F0D83DF198F8358C68.d.BA0E492A9FA19F9A793E4E8471593839.e.6838/clear - {}
RESULT: {}
RESULT: {}
COMMAND: POST /session/bc71e28d1f2e1ed7c8b961c2149bcffe/element/f.65EA279DE37407F0D83DF198F8358C68.d.BA0E492A9FA19F9A793E4E8471593839.e.6838/value - {"text":"1122"}
COMMAND: GET /session/bc71e28d1f2e1ed7c8b961c2149bcffe/screenshot - {}
RESULT: {"text":"1122"}
COMMAND: GET /session/bc71e28d1f2e1ed7c8b961c2149bcffe/screenshot - {}
RESULT: {}
RESULT: {}
COMMAND: POST /session/bc71e28d1f2e1ed7c8b961c2149bcffe/element - {"using":"xpath","value":"//li[.//span[text()='1122']]"}
RESULT: {"using":"xpath","value":"//li[.//span[text()='1122']]"}
COMMAND: POST /session/bc71e28d1f2e1ed7c8b961c2149bcffe/element/f.65EA279DE37407F0D83DF198F8358C68.d.BA0E492A9FA19F9A793E4E8471593839.e.6872/click - {}
RESULT: {}
COMMAND: GET /session/bc71e28d1f2e1ed7c8b961c2149bcffe/screenshot - {}
RESULT: {}
COMMAND: POST /session/bc71e28d1f2e1ed7c8b961c2149bcffe/element - {"using":"xpath","value":"//button[@data-kt=\"saveButton\"]"}
RESULT: {"using":"xpath","value":"//button[@data-kt=\"saveButton\"]"}
COMMAND: POST /session/bc71e28d1f2e1ed7c8b961c2149bcffe/element/f.65EA279DE37407F0D83DF198F8358C68.d.BA0E492A9FA19F9A793E4E8471593839.e.6862/click - {}
RESULT: {}
COMMAND: GET /session/bc71e28d1f2e1ed7c8b961c2149bcffe/screenshot - {}
RESULT: {}
COMMAND: POST /session/bc71e28d1f2e1ed7c8b961c2149bcffe/element - {"using":"xpath","value":"//span[contains(@id ,\"contractDetailTitleNoExpanded\")]"}
RESULT: {"using":"xpath","value":"//span[contains(@id ,\"contractDetailTitleNoExpanded\")]"}
COMMAND: POST /session/bc71e28d1f2e1ed7c8b961c2149bcffe/elements - {"using":"xpath","value":"//span[contains(@id ,\"contractDetailTitleNoExpanded\")]"}
RESULT: {"using":"xpath","value":"//span[contains(@id ,\"contractDetailTitleNoExpanded\")]"}
COMMAND: POST /session/bc71e28d1f2e1ed7c8b961c2149bcffe/execute/sync - {"script":"<script> [56 bytes]","args":[{"element-6066-11e4-a52e-4f735466cecf":"f.65EA279DE37407F0D83DF198F8358C68.d.BA0E492A9FA19F9A793E4E8471593839.e.6945","ELEMENT":"f.65EA279DE37407F0D83DF198F8358C68.d.BA0E492A9FA19F9A793E4E8471593839.e.6945"}]}
RESULT: {"script":"<script> [56 bytes]","args":[{"element-6066-11e4-a52e-4f735466cecf":"f.65EA279DE37407F0D83DF198F8358C68.d.BA0E492A9FA19F9A793E4E8471593839.e.6945","ELEMENT":"f.65EA279DE37407F0D83DF198F8358C68.d.BA0E492A9FA19F9A793E4E8471593839.e.6945"}]}
COMMAND: GET /session/bc71e28d1f2e1ed7c8b961c2149bcffe/screenshot - {}
RESULT: {}
]]></system-out>
    </testcase>
    <testcase classname="chrome.135_0_7049_96.windows.US134625_Set_up_price_condition_-_one_time" name="Should add the material to the contract" time="48.123">
      <system-out><![CDATA[
COMMAND: POST /session/bc71e28d1f2e1ed7c8b961c2149bcffe/element - {"using":"xpath","value":"//button[@data-kt=\"contractDetailEditBtnButton\"]"}
RESULT: {"using":"xpath","value":"//button[@data-kt=\"contractDetailEditBtnButton\"]"}
COMMAND: POST /session/bc71e28d1f2e1ed7c8b961c2149bcffe/element/f.65EA279DE37407F0D83DF198F8358C68.d.BA0E492A9FA19F9A793E4E8471593839.e.6946/click - {}
RESULT: {}
COMMAND: GET /session/bc71e28d1f2e1ed7c8b961c2149bcffe/screenshot - {}
RESULT: {}
COMMAND: POST /session/bc71e28d1f2e1ed7c8b961c2149bcffe/element - {"using":"xpath","value":"(//span[contains(text(), \"Additional Addresses\")])[2]"}
RESULT: {"using":"xpath","value":"(//span[contains(text(), \"Additional Addresses\")])[2]"}
COMMAND: POST /session/bc71e28d1f2e1ed7c8b961c2149bcffe/element/f.65EA279DE37407F0D83DF198F8358C68.d.BA0E492A9FA19F9A793E4E8471593839.e.7000/click - {}
RESULT: {}
COMMAND: GET /session/bc71e28d1f2e1ed7c8b961c2149bcffe/screenshot - {}
RESULT: {}
COMMAND: POST /session/bc71e28d1f2e1ed7c8b961c2149bcffe/element - {"using":"xpath","value":"//button[@data-kt=\"btnAddTableRowOverflowToolbarButton\"]"}
RESULT: {"using":"xpath","value":"//button[@data-kt=\"btnAddTableRowOverflowToolbarButton\"]"}
COMMAND: POST /session/bc71e28d1f2e1ed7c8b961c2149bcffe/element/f.65EA279DE37407F0D83DF198F8358C68.d.BA0E492A9FA19F9A793E4E8471593839.e.7004/click - {}
RESULT: {}
COMMAND: GET /session/bc71e28d1f2e1ed7c8b961c2149bcffe/screenshot - {}
RESULT: {}
COMMAND: POST /session/bc71e28d1f2e1ed7c8b961c2149bcffe/element - {"using":"xpath","value":"//div[(text() = 'Standard Entry' or . = 'Standard Entry')]"}
RESULT: {"using":"xpath","value":"//div[(text() = 'Standard Entry' or . = 'Standard Entry')]"}
COMMAND: POST /session/bc71e28d1f2e1ed7c8b961c2149bcffe/element/f.65EA279DE37407F0D83DF198F8358C68.d.BA0E492A9FA19F9A793E4E8471593839.e.7006/click - {}
RESULT: {}
COMMAND: GET /session/bc71e28d1f2e1ed7c8b961c2149bcffe/screenshot - {}
RESULT: {}
COMMAND: POST /session/bc71e28d1f2e1ed7c8b961c2149bcffe/element - {"using":"xpath","value":"//td[6]/div/div/div/span"}
RESULT: {"using":"xpath","value":"//td[6]/div/div/div/span"}
COMMAND: POST /session/bc71e28d1f2e1ed7c8b961c2149bcffe/element/f.65EA279DE37407F0D83DF198F8358C68.d.BA0E492A9FA19F9A793E4E8471593839.e.7018/click - {}
RESULT: {}
COMMAND: GET /session/bc71e28d1f2e1ed7c8b961c2149bcffe/screenshot - {}
RESULT: {}
COMMAND: POST /session/bc71e28d1f2e1ed7c8b961c2149bcffe/element - {"using":"xpath","value":"(//span[contains(text(), \"Material\")])"}
RESULT: {"using":"xpath","value":"(//span[contains(text(), \"Material\")])"}
COMMAND: POST /session/bc71e28d1f2e1ed7c8b961c2149bcffe/element/f.65EA279DE37407F0D83DF198F8358C68.d.BA0E492A9FA19F9A793E4E8471593839.e.7019/click - {}
RESULT: {}
COMMAND: GET /session/bc71e28d1f2e1ed7c8b961c2149bcffe/screenshot - {}
RESULT: {}
COMMAND: POST /session/bc71e28d1f2e1ed7c8b961c2149bcffe/element - {"using":"xpath","value":"//td[7]/div/div/input"}
RESULT: {"using":"xpath","value":"//td[7]/div/div/input"}
COMMAND: POST /session/bc71e28d1f2e1ed7c8b961c2149bcffe/element/f.65EA279DE37407F0D83DF198F8358C68.d.BA0E492A9FA19F9A793E4E8471593839.e.7023/clear - {}
RESULT: {}
COMMAND: POST /session/bc71e28d1f2e1ed7c8b961c2149bcffe/element/f.65EA279DE37407F0D83DF198F8358C68.d.BA0E492A9FA19F9A793E4E8471593839.e.7023/value - {"text":"200105"}
COMMAND: GET /session/bc71e28d1f2e1ed7c8b961c2149bcffe/screenshot - {}
RESULT: {"text":"200105"}
COMMAND: GET /session/bc71e28d1f2e1ed7c8b961c2149bcffe/screenshot - {}
RESULT: {}
RESULT: {}
COMMAND: POST /session/bc71e28d1f2e1ed7c8b961c2149bcffe/actions - {"actions":[{"id":"action21","type":"key","parameters":{},"actions":[{"type":"keyDown","value":"î€‡"},{"type":"pause","duration":10},{"type":"keyUp","value":"î€‡"}]}]}
RESULT: {"actions":[{"id":"action21","type":"key","parameters":{},"actions":[{"type":"keyDown","value":"î€‡"},{"type":"pause","duration":10},{"type":"keyUp","value":"î€‡"}]}]}
COMMAND: GET /session/bc71e28d1f2e1ed7c8b961c2149bcffe/screenshot - {}
RESULT: {}
COMMAND: POST /session/bc71e28d1f2e1ed7c8b961c2149bcffe/element - {"using":"xpath","value":"(//button[@data-kt=\"saveButton\"])[2]"}
RESULT: {"using":"xpath","value":"(//button[@data-kt=\"saveButton\"])[2]"}
COMMAND: POST /session/bc71e28d1f2e1ed7c8b961c2149bcffe/element/f.65EA279DE37407F0D83DF198F8358C68.d.BA0E492A9FA19F9A793E4E8471593839.e.7046/click - {}
RESULT: {}
COMMAND: GET /session/bc71e28d1f2e1ed7c8b961c2149bcffe/screenshot - {}
RESULT: {}
COMMAND: POST /session/bc71e28d1f2e1ed7c8b961c2149bcffe/element - {"using":"xpath","value":"//span[contains(@id ,\"contractItemsSmartTable-header-inner\")]"}
RESULT: {"using":"xpath","value":"//span[contains(@id ,\"contractItemsSmartTable-header-inner\")]"}
COMMAND: POST /session/bc71e28d1f2e1ed7c8b961c2149bcffe/elements - {"using":"xpath","value":"//span[contains(@id ,\"contractItemsSmartTable-header-inner\")]"}
RESULT: {"using":"xpath","value":"//span[contains(@id ,\"contractItemsSmartTable-header-inner\")]"}
COMMAND: POST /session/bc71e28d1f2e1ed7c8b961c2149bcffe/execute/sync - {"script":"<script> [56 bytes]","args":[{"element-6066-11e4-a52e-4f735466cecf":"f.65EA279DE37407F0D83DF198F8358C68.d.BA0E492A9FA19F9A793E4E8471593839.e.7053","ELEMENT":"f.65EA279DE37407F0D83DF198F8358C68.d.BA0E492A9FA19F9A793E4E8471593839.e.7053"}]}
RESULT: {"script":"<script> [56 bytes]","args":[{"element-6066-11e4-a52e-4f735466cecf":"f.65EA279DE37407F0D83DF198F8358C68.d.BA0E492A9FA19F9A793E4E8471593839.e.7053","ELEMENT":"f.65EA279DE37407F0D83DF198F8358C68.d.BA0E492A9FA19F9A793E4E8471593839.e.7053"}]}
]]></system-out>
    </testcase>
    <testcase classname="chrome.135_0_7049_96.windows.US134625_Set_up_price_condition_-_one_time" name="Should verify the bill item creation and pricing condition" time="10.719">
      <system-out><![CDATA[
COMMAND: POST /session/bc71e28d1f2e1ed7c8b961c2149bcffe/execute/async - {"script":"<script> [1562 bytes]","args":[{"selector":{"controlType":"sap.ui.core.Icon","viewName":"etm.portal.ui.managecontracts.view.Detail","properties":{"src":{"regex":{"source":"slim\\-arrow\\-right"}}}},"wdio_ui5_key":"etmportal.ui.managecontracts.view.Detailsap.ui.core.Icon{\"src\":{\"regex\":{\"source\":\"slim\\\\-arrow\\\\-right\"}}}"}]}
COMMAND: GET /session/bc71e28d1f2e1ed7c8b961c2149bcffe/screenshot - {}
RESULT: {"script":"<script> [1562 bytes]","args":[{"selector":{"controlType":"sap.ui.core.Icon","viewName":"etm.portal.ui.managecontracts.view.Detail","properties":{"src":{"regex":{"source":"slim\\-arrow\\-right"}}}},"wdio_ui5_key":"etmportal.ui.managecontracts.view.Detailsap.ui.core.Icon{\"src\":{\"regex\":{\"source\":\"slim\\\\-arrow\\\\-right\"}}}"}]}
RESULT: undefined
COMMAND: POST /session/bc71e28d1f2e1ed7c8b961c2149bcffe/element - {"using":"xpath","value":"//*[@id=\"__item1041-__clone2267-imgNav\"]"}
RESULT: {}
RESULT: {"using":"xpath","value":"//*[@id=\"__item1041-__clone2267-imgNav\"]"}
COMMAND: POST /session/bc71e28d1f2e1ed7c8b961c2149bcffe/element/f.65EA279DE37407F0D83DF198F8358C68.d.BA0E492A9FA19F9A793E4E8471593839.e.7054/click - {}
RESULT: {}
COMMAND: GET /session/bc71e28d1f2e1ed7c8b961c2149bcffe/screenshot - {}
COMMAND: POST /session/bc71e28d1f2e1ed7c8b961c2149bcffe/execute/async - {"script":"<script> [1562 bytes]","args":[{"selector":{"controlType":"sap.m.Text","viewName":"etm.portal.ui.managecontracts.view.BillingItem","viewId":"application-managecontracts-display-component---BillingItem","bindingPath":{"propertyPath":"LINK_TO_C_BILL_TYPES/DESCRIPTION"}},"wdio_ui5_key":"etmportal.ui.managecontracts.view.BillingItemsap.m.Text{\"propertyPath\":\"LINK_TO_C_BILL_TYPES/DESCRIPTION\"}"}]}
RESULT: {}
RESULT: {"script":"<script> [1562 bytes]","args":[{"selector":{"controlType":"sap.m.Text","viewName":"etm.portal.ui.managecontracts.view.BillingItem","viewId":"application-managecontracts-display-component---BillingItem","bindingPath":{"propertyPath":"LINK_TO_C_BILL_TYPES/DESCRIPTION"}},"wdio_ui5_key":"etmportal.ui.managecontracts.view.BillingItemsap.m.Text{\"propertyPath\":\"LINK_TO_C_BILL_TYPES/DESCRIPTION\"}"}]}
RESULT: undefined
COMMAND: POST /session/bc71e28d1f2e1ed7c8b961c2149bcffe/execute/async - {"script":"<script> [6424 bytes]","args":[{"element-6066-11e4-a52e-4f735466cecf":"f.65EA279DE37407F0D83DF198F8358C68.d.BA0E492A9FA19F9A793E4E8471593839.e.7095"},"getText",[]]}
RESULT: {"script":"<script> [6424 bytes]","args":[{"element-6066-11e4-a52e-4f735466cecf":"f.65EA279DE37407F0D83DF198F8358C68.d.BA0E492A9FA19F9A793E4E8471593839.e.7095"},"getText",[]]}
COMMAND: POST /session/bc71e28d1f2e1ed7c8b961c2149bcffe/execute/async - {"script":"<script> [1562 bytes]","args":[{"selector":{"controlType":"sap.m.ObjectNumber","viewName":"etm.portal.ui.managecontracts.view.BillingItem","viewId":"application-managecontracts-display-component---BillingItem","bindingPath":{"propertyPath":"BASE_PRICE"}},"wdio_ui5_key":"etmportal.ui.managecontracts.view.BillingItemsap.m.ObjectNumber{\"propertyPath\":\"BASE_PRICE\"}"}]}
RESULT: {"script":"<script> [1562 bytes]","args":[{"selector":{"controlType":"sap.m.ObjectNumber","viewName":"etm.portal.ui.managecontracts.view.BillingItem","viewId":"application-managecontracts-display-component---BillingItem","bindingPath":{"propertyPath":"BASE_PRICE"}},"wdio_ui5_key":"etmportal.ui.managecontracts.view.BillingItemsap.m.ObjectNumber{\"propertyPath\":\"BASE_PRICE\"}"}]}
RESULT: undefined
COMMAND: POST /session/bc71e28d1f2e1ed7c8b961c2149bcffe/execute/async - {"script":"<script> [6424 bytes]","args":[{"element-6066-11e4-a52e-4f735466cecf":"f.65EA279DE37407F0D83DF198F8358C68.d.BA0E492A9FA19F9A793E4E8471593839.e.7096"},"getNumber",[]]}
RESULT: {"script":"<script> [6424 bytes]","args":[{"element-6066-11e4-a52e-4f735466cecf":"f.65EA279DE37407F0D83DF198F8358C68.d.BA0E492A9FA19F9A793E4E8471593839.e.7096"},"getNumber",[]]}
COMMAND: POST /session/bc71e28d1f2e1ed7c8b961c2149bcffe/execute/async - {"script":"<script> [1562 bytes]","args":[{"selector":{"controlType":"sap.m.ObjectNumber","viewName":"etm.portal.ui.managecontracts.view.BillingItem","viewId":"application-managecontracts-display-component---BillingItem","bindingPath":{"propertyPath":"BASE_QUANTITY"}},"wdio_ui5_key":"etmportal.ui.managecontracts.view.BillingItemsap.m.ObjectNumber{\"propertyPath\":\"BASE_QUANTITY\"}"}]}
RESULT: {"script":"<script> [1562 bytes]","args":[{"selector":{"controlType":"sap.m.ObjectNumber","viewName":"etm.portal.ui.managecontracts.view.BillingItem","viewId":"application-managecontracts-display-component---BillingItem","bindingPath":{"propertyPath":"BASE_QUANTITY"}},"wdio_ui5_key":"etmportal.ui.managecontracts.view.BillingItemsap.m.ObjectNumber{\"propertyPath\":\"BASE_QUANTITY\"}"}]}
RESULT: undefined
COMMAND: POST /session/bc71e28d1f2e1ed7c8b961c2149bcffe/execute/async - {"script":"<script> [6424 bytes]","args":[{"element-6066-11e4-a52e-4f735466cecf":"f.65EA279DE37407F0D83DF198F8358C68.d.BA0E492A9FA19F9A793E4E8471593839.e.7097"},"getNumber",[]]}
RESULT: {"script":"<script> [6424 bytes]","args":[{"element-6066-11e4-a52e-4f735466cecf":"f.65EA279DE37407F0D83DF198F8358C68.d.BA0E492A9FA19F9A793E4E8471593839.e.7097"},"getNumber",[]]}
COMMAND: DELETE /session/bc71e28d1f2e1ed7c8b961c2149bcffe - {}
RESULT: {}
]]></system-out>
    </testcase>
  </testsuite>
</testsuites>