<?xml version="1.0" encoding="UTF-8"?>
<testsuites tests="9" failures="3" errors="3" skipped="0">
  <testsuite timestamp="2025-05-19T17:59:26" time="861.208" tests="9" failures="3" errors="3" skipped="0">
    <properties>
      <property name="specId" value="0" />
      <property name="suiteName" value="Address Management Tests US156181 US151165 US151160 US156180 US156178 US151157 US151172 US151170 US151166 US151168" />
      <property name="capabilities" value="chrome.136_0_7103_93.windows" />
      <property name="file" value="file:///D:/a/1/s/test/specs/BTS/address-management.spec.js" />
    </properties>
    <testcase classname="chrome.136_0_7103_93.windows.Address_Management_Tests_US156181_US151165_US151160_US156180_US156178_US151157_US151172_US151170_US151166_US151168" name="Step 1 Will check existence of address created with generated name if none then we create US156181" time="78.084">
      <system-out><![CDATA[
COMMAND: POST /session/51d05497d96ae615446aca44ec2f391a/execute/async - {"script":"<script> [1562 bytes]","args":[{"selector":{"controlType":"sap.m.GenericTile","properties":{"header":"Address Management"}},"wdio_ui5_key":"sapm.GenericTile{\"header\":\"Address Management\"}"}]}
RESULT: {"script":"<script> [1562 bytes]","args":[{"selector":{"controlType":"sap.m.GenericTile","properties":{"header":"Address Management"}},"wdio_ui5_key":"sapm.GenericTile{\"header\":\"Address Management\"}"}]}
RESULT: undefined
COMMAND: POST /session/51d05497d96ae615446aca44ec2f391a/element - {"using":"xpath","value":"//*[@id=\"__tile33\"]"}
RESULT: {"using":"xpath","value":"//*[@id=\"__tile33\"]"}
COMMAND: POST /session/51d05497d96ae615446aca44ec2f391a/element/f.1110AE11D5341A9A4CB0164170D53196.d.0303A9AF84B6409C85847A8D847EA17F.e.210/click - {}
RESULT: {}
COMMAND: GET /session/51d05497d96ae615446aca44ec2f391a/screenshot - {}
RESULT: {}
COMMAND: POST /session/51d05497d96ae615446aca44ec2f391a/elements - {"using":"xpath","value":"//span[text()='Error']"}
RESULT: {"using":"xpath","value":"//span[text()='Error']"}
COMMAND: POST /session/51d05497d96ae615446aca44ec2f391a/element - {"using":"xpath","value":"//button[@data-kt=\"addButton\"]"}
RESULT: {"using":"xpath","value":"//button[@data-kt=\"addButton\"]"}
COMMAND: POST /session/51d05497d96ae615446aca44ec2f391a/elements - {"using":"xpath","value":"//button[@data-kt=\"addButton\"]"}
RESULT: {"using":"xpath","value":"//button[@data-kt=\"addButton\"]"}
COMMAND: POST /session/51d05497d96ae615446aca44ec2f391a/elements - {"using":"xpath","value":"//button[@data-kt=\"addButton\"]"}
RESULT: {"using":"xpath","value":"//button[@data-kt=\"addButton\"]"}
COMMAND: POST /session/51d05497d96ae615446aca44ec2f391a/elements - {"using":"xpath","value":"//button[@data-kt=\"addButton\"]"}
RESULT: {"using":"xpath","value":"//button[@data-kt=\"addButton\"]"}
COMMAND: POST /session/51d05497d96ae615446aca44ec2f391a/elements - {"using":"xpath","value":"//button[@data-kt=\"addButton\"]"}
RESULT: {"using":"xpath","value":"//button[@data-kt=\"addButton\"]"}
COMMAND: POST /session/51d05497d96ae615446aca44ec2f391a/elements - {"using":"xpath","value":"//button[@data-kt=\"addButton\"]"}
RESULT: {"using":"xpath","value":"//button[@data-kt=\"addButton\"]"}
COMMAND: POST /session/51d05497d96ae615446aca44ec2f391a/elements - {"using":"xpath","value":"//button[@data-kt=\"addButton\"]"}
RESULT: {"using":"xpath","value":"//button[@data-kt=\"addButton\"]"}
COMMAND: POST /session/51d05497d96ae615446aca44ec2f391a/elements - {"using":"xpath","value":"//button[@data-kt=\"addButton\"]"}
RESULT: {"using":"xpath","value":"//button[@data-kt=\"addButton\"]"}
COMMAND: POST /session/51d05497d96ae615446aca44ec2f391a/elements - {"using":"xpath","value":"//button[@data-kt=\"addButton\"]"}
RESULT: {"using":"xpath","value":"//button[@data-kt=\"addButton\"]"}
COMMAND: POST /session/51d05497d96ae615446aca44ec2f391a/elements - {"using":"xpath","value":"//button[@data-kt=\"addButton\"]"}
RESULT: {"using":"xpath","value":"//button[@data-kt=\"addButton\"]"}
COMMAND: POST /session/51d05497d96ae615446aca44ec2f391a/elements - {"using":"xpath","value":"//button[@data-kt=\"addButton\"]"}
RESULT: {"using":"xpath","value":"//button[@data-kt=\"addButton\"]"}
COMMAND: POST /session/51d05497d96ae615446aca44ec2f391a/elements - {"using":"xpath","value":"//button[@data-kt=\"addButton\"]"}
RESULT: {"using":"xpath","value":"//button[@data-kt=\"addButton\"]"}
COMMAND: POST /session/51d05497d96ae615446aca44ec2f391a/elements - {"using":"xpath","value":"//button[@data-kt=\"addButton\"]"}
RESULT: {"using":"xpath","value":"//button[@data-kt=\"addButton\"]"}
COMMAND: POST /session/51d05497d96ae615446aca44ec2f391a/elements - {"using":"xpath","value":"//button[@data-kt=\"addButton\"]"}
RESULT: {"using":"xpath","value":"//button[@data-kt=\"addButton\"]"}
COMMAND: POST /session/51d05497d96ae615446aca44ec2f391a/element - {"using":"xpath","value":"//button[@data-kt=\"addButton\"]"}
RESULT: {"using":"xpath","value":"//button[@data-kt=\"addButton\"]"}
COMMAND: POST /session/51d05497d96ae615446aca44ec2f391a/execute/sync - {"script":"<script> [8489 bytes]","args":[{"element-6066-11e4-a52e-4f735466cecf":"f.1110AE11D5341A9A4CB0164170D53196.d.0303A9AF84B6409C85847A8D847EA17F.e.297","ELEMENT":"f.1110AE11D5341A9A4CB0164170D53196.d.0303A9AF84B6409C85847A8D847EA17F.e.297"}]}
RESULT: {"script":"<script> [8489 bytes]","args":[{"element-6066-11e4-a52e-4f735466cecf":"f.1110AE11D5341A9A4CB0164170D53196.d.0303A9AF84B6409C85847A8D847EA17F.e.297","ELEMENT":"f.1110AE11D5341A9A4CB0164170D53196.d.0303A9AF84B6409C85847A8D847EA17F.e.297"}]}
COMMAND: GET /session/51d05497d96ae615446aca44ec2f391a/element/f.1110AE11D5341A9A4CB0164170D53196.d.0303A9AF84B6409C85847A8D847EA17F.e.297/enabled - {}
COMMAND: GET /session/51d05497d96ae615446aca44ec2f391a/screenshot - {}
RESULT: {}
COMMAND: POST /session/51d05497d96ae615446aca44ec2f391a/execute/sync - {"script":"<script> [8489 bytes]","args":[{"element-6066-11e4-a52e-4f735466cecf":"f.1110AE11D5341A9A4CB0164170D53196.d.0303A9AF84B6409C85847A8D847EA17F.e.297","ELEMENT":"f.1110AE11D5341A9A4CB0164170D53196.d.0303A9AF84B6409C85847A8D847EA17F.e.297"}]}
COMMAND: GET /session/51d05497d96ae615446aca44ec2f391a/screenshot - {}
RESULT: {}
RESULT: {"script":"<script> [8489 bytes]","args":[{"element-6066-11e4-a52e-4f735466cecf":"f.1110AE11D5341A9A4CB0164170D53196.d.0303A9AF84B6409C85847A8D847EA17F.e.297","ELEMENT":"f.1110AE11D5341A9A4CB0164170D53196.d.0303A9AF84B6409C85847A8D847EA17F.e.297"}]}
COMMAND: POST /session/51d05497d96ae615446aca44ec2f391a/execute/sync - {"script":"<script> [5351 bytes]","args":[{"element-6066-11e4-a52e-4f735466cecf":"f.1110AE11D5341A9A4CB0164170D53196.d.0303A9AF84B6409C85847A8D847EA17F.e.297","ELEMENT":"f.1110AE11D5341A9A4CB0164170D53196.d.0303A9AF84B6409C85847A8D847EA17F.e.297"}]}
COMMAND: GET /session/51d05497d96ae615446aca44ec2f391a/screenshot - {}
RESULT: {}
RESULT: {"script":"<script> [5351 bytes]","args":[{"element-6066-11e4-a52e-4f735466cecf":"f.1110AE11D5341A9A4CB0164170D53196.d.0303A9AF84B6409C85847A8D847EA17F.e.297","ELEMENT":"f.1110AE11D5341A9A4CB0164170D53196.d.0303A9AF84B6409C85847A8D847EA17F.e.297"}]}
COMMAND: GET /session/51d05497d96ae615446aca44ec2f391a/screenshot - {}
RESULT: {}
RESULT: {}
COMMAND: POST /session/51d05497d96ae615446aca44ec2f391a/execute/async - {"script":"<script> [1562 bytes]","args":[{"selector":{"id":"application-addressmanagement-display-component---masterAdm--smartFilterBar-btnBasicSearch","interaction":{"idSuffix":"I"}},"wdio_ui5_key":"applicationaddressmanagement-display-component---masterAdm--smartFilterBar-btnBasicSearch"}]}
RESULT: {"script":"<script> [1562 bytes]","args":[{"selector":{"id":"application-addressmanagement-display-component---masterAdm--smartFilterBar-btnBasicSearch","interaction":{"idSuffix":"I"}},"wdio_ui5_key":"applicationaddressmanagement-display-component---masterAdm--smartFilterBar-btnBasicSearch"}]}
RESULT: undefined
COMMAND: POST /session/51d05497d96ae615446aca44ec2f391a/execute/async - {"script":"<script> [776 bytes]","args":[{"enterText":"cB0oFkMu9D","selector":{"id":"application-addressmanagement-display-component---masterAdm--smartFilterBar-btnBasicSearch","interaction":{"idSuffix":"I"}},"clearTextFirst":true,"interactionType":"ENTER_TEXT"}]}
RESULT: {"script":"<script> [776 bytes]","args":[{"enterText":"cB0oFkMu9D","selector":{"id":"application-addressmanagement-display-component---masterAdm--smartFilterBar-btnBasicSearch","interaction":{"idSuffix":"I"}},"clearTextFirst":true,"interactionType":"ENTER_TEXT"}]}
COMMAND: POST /session/51d05497d96ae615446aca44ec2f391a/actions - {"actions":[{"id":"action1","type":"key","parameters":{},"actions":[{"type":"keyDown","value":"î€‡"},{"type":"pause","duration":10},{"type":"keyUp","value":"î€‡"}]}]}
RESULT: {"actions":[{"id":"action1","type":"key","parameters":{},"actions":[{"type":"keyDown","value":"î€‡"},{"type":"pause","duration":10},{"type":"keyUp","value":"î€‡"}]}]}
COMMAND: GET /session/51d05497d96ae615446aca44ec2f391a/screenshot - {}
RESULT: {}
COMMAND: POST /session/51d05497d96ae615446aca44ec2f391a/elements - {"using":"xpath","value":"//table[contains(@id, \"customPersonsAddressesTable-listUl\")]/tbody/tr"}
RESULT: {"using":"xpath","value":"//table[contains(@id, \"customPersonsAddressesTable-listUl\")]/tbody/tr"}
COMMAND: POST /session/51d05497d96ae615446aca44ec2f391a/element - {"using":"xpath","value":"//table[contains(@id, \"customPersonsAddressesTable-listUl\")]/tbody/tr[1]/td[5]/span/span"}
RESULT: {"using":"xpath","value":"//table[contains(@id, \"customPersonsAddressesTable-listUl\")]/tbody/tr[1]/td[5]/span/span"}
COMMAND: POST /session/51d05497d96ae615446aca44ec2f391a/element - {"using":"xpath","value":"//table[contains(@id, \"customPersonsAddressesTable-listUl\")]/tbody/tr[1]/td[3]/span"}
RESULT: {"using":"xpath","value":"//table[contains(@id, \"customPersonsAddressesTable-listUl\")]/tbody/tr[1]/td[3]/span"}
COMMAND: POST /session/51d05497d96ae615446aca44ec2f391a/elements - {"using":"xpath","value":"//table[contains(@id, \"customPersonsAddressesTable-listUl\")]/tbody/tr[1]/td[5]/span/span"}
RESULT: {"using":"xpath","value":"//table[contains(@id, \"customPersonsAddressesTable-listUl\")]/tbody/tr[1]/td[5]/span/span"}
COMMAND: POST /session/51d05497d96ae615446aca44ec2f391a/element - {"using":"xpath","value":"//span[@id=\"application-addressmanagement-display-component---masterAdm--smartTable-header-inner\"]"}
RESULT: {"using":"xpath","value":"//span[@id=\"application-addressmanagement-display-component---masterAdm--smartTable-header-inner\"]"}
COMMAND: POST /session/51d05497d96ae615446aca44ec2f391a/elements - {"using":"xpath","value":"//span[@id=\"application-addressmanagement-display-component---masterAdm--smartTable-header-inner\"]"}
RESULT: {"using":"xpath","value":"//span[@id=\"application-addressmanagement-display-component---masterAdm--smartTable-header-inner\"]"}
COMMAND: POST /session/51d05497d96ae615446aca44ec2f391a/execute/sync - {"script":"<script> [56 bytes]","args":[{"element-6066-11e4-a52e-4f735466cecf":"f.1110AE11D5341A9A4CB0164170D53196.d.0303A9AF84B6409C85847A8D847EA17F.e.439","ELEMENT":"f.1110AE11D5341A9A4CB0164170D53196.d.0303A9AF84B6409C85847A8D847EA17F.e.439"}]}
RESULT: {"script":"<script> [56 bytes]","args":[{"element-6066-11e4-a52e-4f735466cecf":"f.1110AE11D5341A9A4CB0164170D53196.d.0303A9AF84B6409C85847A8D847EA17F.e.439","ELEMENT":"f.1110AE11D5341A9A4CB0164170D53196.d.0303A9AF84B6409C85847A8D847EA17F.e.439"}]}
COMMAND: POST /session/51d05497d96ae615446aca44ec2f391a/element - {"using":"xpath","value":"//button[@data-kt=\"addButton\"]"}
COMMAND: GET /session/51d05497d96ae615446aca44ec2f391a/screenshot - {}
RESULT: {"using":"xpath","value":"//button[@data-kt=\"addButton\"]"}
COMMAND: POST /session/51d05497d96ae615446aca44ec2f391a/element/f.1110AE11D5341A9A4CB0164170D53196.d.0303A9AF84B6409C85847A8D847EA17F.e.297/click - {}
RESULT: {}
RESULT: {}
COMMAND: GET /session/51d05497d96ae615446aca44ec2f391a/screenshot - {}
RESULT: {}
COMMAND: POST /session/51d05497d96ae615446aca44ec2f391a/execute/async - {"script":"<script> [1562 bytes]","args":[{"selector":{"controlType":"sap.ui.core.Icon","viewName":"etm.portal.ui.addressmanagement.view.NewAddress","properties":{"src":{"regex":{"source":"slim\\-arrow\\-down"}}},"ancestor":{"id":"addressTitle","viewName":"etm.portal.ui.addressmanagement.view.NewAddress"}},"wdio_ui5_key":"etmportal.ui.addressmanagement.view.NewAddresssap.ui.core.Icon{\"src\":{\"regex\":{\"source\":\"slim\\\\-arrow\\\\-down\"}}}{\"id\":\"addressTitle\",\"viewName\":\"etm.portal.ui.addressmanagement.view.NewAddress\"}"}]}
RESULT: {"script":"<script> [1562 bytes]","args":[{"selector":{"controlType":"sap.ui.core.Icon","viewName":"etm.portal.ui.addressmanagement.view.NewAddress","properties":{"src":{"regex":{"source":"slim\\-arrow\\-down"}}},"ancestor":{"id":"addressTitle","viewName":"etm.portal.ui.addressmanagement.view.NewAddress"}},"wdio_ui5_key":"etmportal.ui.addressmanagement.view.NewAddresssap.ui.core.Icon{\"src\":{\"regex\":{\"source\":\"slim\\\\-arrow\\\\-down\"}}}{\"id\":\"addressTitle\",\"viewName\":\"etm.portal.ui.addressmanagement.view.NewAddress\"}"}]}
RESULT: undefined
COMMAND: POST /session/51d05497d96ae615446aca44ec2f391a/element - {"using":"xpath","value":"//*[@id=\"__xmlview58--addressTitle-arrow\"]"}
RESULT: {"using":"xpath","value":"//*[@id=\"__xmlview58--addressTitle-arrow\"]"}
COMMAND: POST /session/51d05497d96ae615446aca44ec2f391a/element/f.1110AE11D5341A9A4CB0164170D53196.d.0303A9AF84B6409C85847A8D847EA17F.e.497/click - {}
RESULT: {}
COMMAND: GET /session/51d05497d96ae615446aca44ec2f391a/screenshot - {}
RESULT: {}
COMMAND: POST /session/51d05497d96ae615446aca44ec2f391a/element - {"using":"xpath","value":"//li[.//span[text()=\"Dr.\"]]"}
RESULT: {"using":"xpath","value":"//li[.//span[text()=\"Dr.\"]]"}
COMMAND: POST /session/51d05497d96ae615446aca44ec2f391a/element/f.1110AE11D5341A9A4CB0164170D53196.d.0303A9AF84B6409C85847A8D847EA17F.e.577/click - {}
RESULT: {}
COMMAND: POST /session/51d05497d96ae615446aca44ec2f391a/execute/async - {"script":"<script> [1562 bytes]","args":[{"selector":{"controlType":"sap.ui.core.Icon","viewName":"etm.portal.ui.addressmanagement.view.NewAddress","properties":{"src":{"regex":{"source":"slim\\-arrow\\-down"}}},"ancestor":{"id":"addressDetailDetailsLanguage","viewName":"etm.portal.ui.addressmanagement.view.NewAddress"}},"wdio_ui5_key":"etmportal.ui.addressmanagement.view.NewAddresssap.ui.core.Icon{\"src\":{\"regex\":{\"source\":\"slim\\\\-arrow\\\\-down\"}}}{\"id\":\"addressDetailDetailsLanguage\",\"viewName\":\"etm.portal.ui.addressmanagement.view.NewAddress\"}"}]}
COMMAND: GET /session/51d05497d96ae615446aca44ec2f391a/screenshot - {}
RESULT: {"script":"<script> [1562 bytes]","args":[{"selector":{"controlType":"sap.ui.core.Icon","viewName":"etm.portal.ui.addressmanagement.view.NewAddress","properties":{"src":{"regex":{"source":"slim\\-arrow\\-down"}}},"ancestor":{"id":"addressDetailDetailsLanguage","viewName":"etm.portal.ui.addressmanagement.view.NewAddress"}},"wdio_ui5_key":"etmportal.ui.addressmanagement.view.NewAddresssap.ui.core.Icon{\"src\":{\"regex\":{\"source\":\"slim\\\\-arrow\\\\-down\"}}}{\"id\":\"addressDetailDetailsLanguage\",\"viewName\":\"etm.portal.ui.addressmanagement.view.NewAddress\"}"}]}
RESULT: undefined
COMMAND: POST /session/51d05497d96ae615446aca44ec2f391a/element - {"using":"xpath","value":"//*[@id=\"__xmlview58--addressDetailDetailsLanguage-arrow\"]"}
RESULT: {}
RESULT: {"using":"xpath","value":"//*[@id=\"__xmlview58--addressDetailDetailsLanguage-arrow\"]"}
COMMAND: POST /session/51d05497d96ae615446aca44ec2f391a/element/f.1110AE11D5341A9A4CB0164170D53196.d.0303A9AF84B6409C85847A8D847EA17F.e.510/click - {}
RESULT: {}
COMMAND: GET /session/51d05497d96ae615446aca44ec2f391a/screenshot - {}
RESULT: {}
COMMAND: POST /session/51d05497d96ae615446aca44ec2f391a/element - {"using":"xpath","value":"//span[contains(text(), \"English\")]"}
RESULT: {"using":"xpath","value":"//span[contains(text(), \"English\")]"}
COMMAND: POST /session/51d05497d96ae615446aca44ec2f391a/element/f.1110AE11D5341A9A4CB0164170D53196.d.0303A9AF84B6409C85847A8D847EA17F.e.578/click - {}
RESULT: {}
COMMAND: POST /session/51d05497d96ae615446aca44ec2f391a/execute/async - {"script":"<script> [1562 bytes]","args":[{"selector":{"controlType":"sap.m.Input","viewName":"etm.portal.ui.addressmanagement.view.NewAddress","labelFor":{"text":"Name"},"interaction":{"idSuffix":"inner"}},"wdio_ui5_key":"etmportal.ui.addressmanagement.view.NewAddresssap.m.Input{\"text\":\"Name\"}"}]}
COMMAND: GET /session/51d05497d96ae615446aca44ec2f391a/screenshot - {}
RESULT: {"script":"<script> [1562 bytes]","args":[{"selector":{"controlType":"sap.m.Input","viewName":"etm.portal.ui.addressmanagement.view.NewAddress","labelFor":{"text":"Name"},"interaction":{"idSuffix":"inner"}},"wdio_ui5_key":"etmportal.ui.addressmanagement.view.NewAddresssap.m.Input{\"text\":\"Name\"}"}]}
RESULT: undefined
COMMAND: POST /session/51d05497d96ae615446aca44ec2f391a/execute/async - {"script":"<script> [776 bytes]","args":[{"enterText":"cB0oFkMu9D","selector":{"controlType":"sap.m.Input","viewName":"etm.portal.ui.addressmanagement.view.NewAddress","labelFor":{"text":"Name"},"interaction":{"idSuffix":"inner"}},"clearTextFirst":true,"interactionType":"ENTER_TEXT"}]}
RESULT: {}
RESULT: {"script":"<script> [776 bytes]","args":[{"enterText":"cB0oFkMu9D","selector":{"controlType":"sap.m.Input","viewName":"etm.portal.ui.addressmanagement.view.NewAddress","labelFor":{"text":"Name"},"interaction":{"idSuffix":"inner"}},"clearTextFirst":true,"interactionType":"ENTER_TEXT"}]}
COMMAND: POST /session/51d05497d96ae615446aca44ec2f391a/element - {"using":"xpath","value":"//button[@title=\"Save\"]"}
RESULT: {"using":"xpath","value":"//button[@title=\"Save\"]"}
COMMAND: POST /session/51d05497d96ae615446aca44ec2f391a/element/f.1110AE11D5341A9A4CB0164170D53196.d.0303A9AF84B6409C85847A8D847EA17F.e.566/click - {}
RESULT: {}
COMMAND: GET /session/51d05497d96ae615446aca44ec2f391a/screenshot - {}
RESULT: {}
COMMAND: POST /session/51d05497d96ae615446aca44ec2f391a/element - {"using":"xpath","value":"//header[contains(@id, \"application-addressmanagement-display-component---detailAdm--ObjectPageLayout-headerTitle\")]/div[1]/div[3]/div[2]/span"}
RESULT: {"using":"xpath","value":"//header[contains(@id, \"application-addressmanagement-display-component---detailAdm--ObjectPageLayout-headerTitle\")]/div[1]/div[3]/div[2]/span"}
COMMAND: POST /session/51d05497d96ae615446aca44ec2f391a/elements - {"using":"xpath","value":"//header[contains(@id, \"application-addressmanagement-display-component---detailAdm--ObjectPageLayout-headerTitle\")]/div[1]/div[3]/div[2]/span"}
RESULT: {"using":"xpath","value":"//header[contains(@id, \"application-addressmanagement-display-component---detailAdm--ObjectPageLayout-headerTitle\")]/div[1]/div[3]/div[2]/span"}
COMMAND: POST /session/51d05497d96ae615446aca44ec2f391a/execute/sync - {"script":"<script> [56 bytes]","args":[{"element-6066-11e4-a52e-4f735466cecf":"f.1110AE11D5341A9A4CB0164170D53196.d.0303A9AF84B6409C85847A8D847EA17F.e.599","ELEMENT":"f.1110AE11D5341A9A4CB0164170D53196.d.0303A9AF84B6409C85847A8D847EA17F.e.599"}]}
RESULT: {"script":"<script> [56 bytes]","args":[{"element-6066-11e4-a52e-4f735466cecf":"f.1110AE11D5341A9A4CB0164170D53196.d.0303A9AF84B6409C85847A8D847EA17F.e.599","ELEMENT":"f.1110AE11D5341A9A4CB0164170D53196.d.0303A9AF84B6409C85847A8D847EA17F.e.599"}]}
COMMAND: GET /session/51d05497d96ae615446aca44ec2f391a/screenshot - {}
RESULT: {}
COMMAND: POST /session/51d05497d96ae615446aca44ec2f391a/element - {"using":"css selector","value":"#shell-header-logo"}
RESULT: {"using":"css selector","value":"#shell-header-logo"}
COMMAND: POST /session/51d05497d96ae615446aca44ec2f391a/element/f.1110AE11D5341A9A4CB0164170D53196.d.0303A9AF84B6409C85847A8D847EA17F.e.260/click - {}
RESULT: {}
COMMAND: GET /session/51d05497d96ae615446aca44ec2f391a/screenshot - {}
RESULT: {}
]]></system-out>
    </testcase>
    <testcase classname="chrome.136_0_7103_93.windows.Address_Management_Tests_US156181_US151165_US151160_US156180_US156178_US151157_US151172_US151170_US151166_US151168" name="Step 2 Should deactivate the created address in earlier step US151165" time="50.7">
      <system-out><![CDATA[
RESULT: undefined
COMMAND: POST /session/51d05497d96ae615446aca44ec2f391a/element - {"using":"xpath","value":"//*[@id=\"__tile33\"]"}
RESULT: {"using":"xpath","value":"//*[@id=\"__tile33\"]"}
COMMAND: POST /session/51d05497d96ae615446aca44ec2f391a/element/f.1110AE11D5341A9A4CB0164170D53196.d.0303A9AF84B6409C85847A8D847EA17F.e.210/click - {}
RESULT: {}
COMMAND: GET /session/51d05497d96ae615446aca44ec2f391a/screenshot - {}
COMMAND: POST /session/51d05497d96ae615446aca44ec2f391a/elements - {"using":"xpath","value":"//span[text()='Error']"}
RESULT: {}
RESULT: {"using":"xpath","value":"//span[text()='Error']"}
COMMAND: POST /session/51d05497d96ae615446aca44ec2f391a/element - {"using":"xpath","value":"//button[@data-kt=\"addButton\"]"}
RESULT: {"using":"xpath","value":"//button[@data-kt=\"addButton\"]"}
COMMAND: POST /session/51d05497d96ae615446aca44ec2f391a/elements - {"using":"xpath","value":"//button[@data-kt=\"addButton\"]"}
RESULT: {"using":"xpath","value":"//button[@data-kt=\"addButton\"]"}
COMMAND: POST /session/51d05497d96ae615446aca44ec2f391a/execute/sync - {"script":"<script> [8489 bytes]","args":[{"element-6066-11e4-a52e-4f735466cecf":"f.1110AE11D5341A9A4CB0164170D53196.d.0303A9AF84B6409C85847A8D847EA17F.e.659","ELEMENT":"f.1110AE11D5341A9A4CB0164170D53196.d.0303A9AF84B6409C85847A8D847EA17F.e.659"}]}
RESULT: {"script":"<script> [8489 bytes]","args":[{"element-6066-11e4-a52e-4f735466cecf":"f.1110AE11D5341A9A4CB0164170D53196.d.0303A9AF84B6409C85847A8D847EA17F.e.659","ELEMENT":"f.1110AE11D5341A9A4CB0164170D53196.d.0303A9AF84B6409C85847A8D847EA17F.e.659"}]}
COMMAND: GET /session/51d05497d96ae615446aca44ec2f391a/element/f.1110AE11D5341A9A4CB0164170D53196.d.0303A9AF84B6409C85847A8D847EA17F.e.659/enabled - {}
COMMAND: GET /session/51d05497d96ae615446aca44ec2f391a/screenshot - {}
RESULT: {}
COMMAND: POST /session/51d05497d96ae615446aca44ec2f391a/execute/sync - {"script":"<script> [8489 bytes]","args":[{"element-6066-11e4-a52e-4f735466cecf":"f.1110AE11D5341A9A4CB0164170D53196.d.0303A9AF84B6409C85847A8D847EA17F.e.659","ELEMENT":"f.1110AE11D5341A9A4CB0164170D53196.d.0303A9AF84B6409C85847A8D847EA17F.e.659"}]}
COMMAND: GET /session/51d05497d96ae615446aca44ec2f391a/screenshot - {}
RESULT: {}
RESULT: {"script":"<script> [8489 bytes]","args":[{"element-6066-11e4-a52e-4f735466cecf":"f.1110AE11D5341A9A4CB0164170D53196.d.0303A9AF84B6409C85847A8D847EA17F.e.659","ELEMENT":"f.1110AE11D5341A9A4CB0164170D53196.d.0303A9AF84B6409C85847A8D847EA17F.e.659"}]}
COMMAND: POST /session/51d05497d96ae615446aca44ec2f391a/execute/sync - {"script":"<script> [5351 bytes]","args":[{"element-6066-11e4-a52e-4f735466cecf":"f.1110AE11D5341A9A4CB0164170D53196.d.0303A9AF84B6409C85847A8D847EA17F.e.659","ELEMENT":"f.1110AE11D5341A9A4CB0164170D53196.d.0303A9AF84B6409C85847A8D847EA17F.e.659"}]}
COMMAND: GET /session/51d05497d96ae615446aca44ec2f391a/screenshot - {}
RESULT: {}
RESULT: {"script":"<script> [5351 bytes]","args":[{"element-6066-11e4-a52e-4f735466cecf":"f.1110AE11D5341A9A4CB0164170D53196.d.0303A9AF84B6409C85847A8D847EA17F.e.659","ELEMENT":"f.1110AE11D5341A9A4CB0164170D53196.d.0303A9AF84B6409C85847A8D847EA17F.e.659"}]}
RESULT: {}
COMMAND: GET /session/51d05497d96ae615446aca44ec2f391a/screenshot - {}
RESULT: {}
RESULT: undefined
COMMAND: POST /session/51d05497d96ae615446aca44ec2f391a/execute/async - {"script":"<script> [776 bytes]","args":[{"enterText":"cB0oFkMu9D","selector":{"id":"application-addressmanagement-display-component---masterAdm--smartFilterBar-btnBasicSearch","interaction":{"idSuffix":"I"}},"clearTextFirst":true,"interactionType":"ENTER_TEXT"}]}
RESULT: {"script":"<script> [776 bytes]","args":[{"enterText":"cB0oFkMu9D","selector":{"id":"application-addressmanagement-display-component---masterAdm--smartFilterBar-btnBasicSearch","interaction":{"idSuffix":"I"}},"clearTextFirst":true,"interactionType":"ENTER_TEXT"}]}
COMMAND: POST /session/51d05497d96ae615446aca44ec2f391a/actions - {"actions":[{"id":"action2","type":"key","parameters":{},"actions":[{"type":"keyDown","value":"î€‡"},{"type":"pause","duration":10},{"type":"keyUp","value":"î€‡"}]}]}
RESULT: {"actions":[{"id":"action2","type":"key","parameters":{},"actions":[{"type":"keyDown","value":"î€‡"},{"type":"pause","duration":10},{"type":"keyUp","value":"î€‡"}]}]}
COMMAND: GET /session/51d05497d96ae615446aca44ec2f391a/screenshot - {}
RESULT: {}
COMMAND: POST /session/51d05497d96ae615446aca44ec2f391a/elements - {"using":"xpath","value":"//table[contains(@id, \"customPersonsAddressesTable-listUl\")]/tbody/tr"}
RESULT: {"using":"xpath","value":"//table[contains(@id, \"customPersonsAddressesTable-listUl\")]/tbody/tr"}
COMMAND: POST /session/51d05497d96ae615446aca44ec2f391a/element - {"using":"xpath","value":"//table[contains(@id, \"customPersonsAddressesTable-listUl\")]/tbody/tr[1]/td[5]/span/span"}
RESULT: {"using":"xpath","value":"//table[contains(@id, \"customPersonsAddressesTable-listUl\")]/tbody/tr[1]/td[5]/span/span"}
COMMAND: POST /session/51d05497d96ae615446aca44ec2f391a/element - {"using":"xpath","value":"//table[contains(@id, \"customPersonsAddressesTable-listUl\")]/tbody/tr[1]/td[3]/span"}
RESULT: {"using":"xpath","value":"//table[contains(@id, \"customPersonsAddressesTable-listUl\")]/tbody/tr[1]/td[3]/span"}
COMMAND: POST /session/51d05497d96ae615446aca44ec2f391a/elements - {"using":"xpath","value":"//table[contains(@id, \"customPersonsAddressesTable-listUl\")]/tbody/tr[1]/td[5]/span/span"}
RESULT: {"using":"xpath","value":"//table[contains(@id, \"customPersonsAddressesTable-listUl\")]/tbody/tr[1]/td[5]/span/span"}
COMMAND: POST /session/51d05497d96ae615446aca44ec2f391a/execute/sync - {"script":"<script> [56 bytes]","args":[{"element-6066-11e4-a52e-4f735466cecf":"f.1110AE11D5341A9A4CB0164170D53196.d.0303A9AF84B6409C85847A8D847EA17F.e.798","ELEMENT":"f.1110AE11D5341A9A4CB0164170D53196.d.0303A9AF84B6409C85847A8D847EA17F.e.798"}]}
RESULT: {"script":"<script> [56 bytes]","args":[{"element-6066-11e4-a52e-4f735466cecf":"f.1110AE11D5341A9A4CB0164170D53196.d.0303A9AF84B6409C85847A8D847EA17F.e.798","ELEMENT":"f.1110AE11D5341A9A4CB0164170D53196.d.0303A9AF84B6409C85847A8D847EA17F.e.798"}]}
COMMAND: POST /session/51d05497d96ae615446aca44ec2f391a/execute/sync - {"script":"<script> [56 bytes]","args":[{"element-6066-11e4-a52e-4f735466cecf":"f.1110AE11D5341A9A4CB0164170D53196.d.0303A9AF84B6409C85847A8D847EA17F.e.799","ELEMENT":"f.1110AE11D5341A9A4CB0164170D53196.d.0303A9AF84B6409C85847A8D847EA17F.e.799"}]}
COMMAND: GET /session/51d05497d96ae615446aca44ec2f391a/screenshot - {}
RESULT: {"script":"<script> [56 bytes]","args":[{"element-6066-11e4-a52e-4f735466cecf":"f.1110AE11D5341A9A4CB0164170D53196.d.0303A9AF84B6409C85847A8D847EA17F.e.799","ELEMENT":"f.1110AE11D5341A9A4CB0164170D53196.d.0303A9AF84B6409C85847A8D847EA17F.e.799"}]}
COMMAND: POST /session/51d05497d96ae615446aca44ec2f391a/element - {"using":"xpath","value":"//table[contains(@id, \"customPersonsAddressesTable-listUl\")]/tbody/tr[1]/td[10]/div/span"}
COMMAND: GET /session/51d05497d96ae615446aca44ec2f391a/screenshot - {}
RESULT: {}
RESULT: {"using":"xpath","value":"//table[contains(@id, \"customPersonsAddressesTable-listUl\")]/tbody/tr[1]/td[10]/div/span"}
COMMAND: POST /session/51d05497d96ae615446aca44ec2f391a/execute/sync - {"script":"<script> [56 bytes]","args":[{"element-6066-11e4-a52e-4f735466cecf":"f.1110AE11D5341A9A4CB0164170D53196.d.0303A9AF84B6409C85847A8D847EA17F.e.800","ELEMENT":"f.1110AE11D5341A9A4CB0164170D53196.d.0303A9AF84B6409C85847A8D847EA17F.e.800"}]}
RESULT: {}
RESULT: {"script":"<script> [56 bytes]","args":[{"element-6066-11e4-a52e-4f735466cecf":"f.1110AE11D5341A9A4CB0164170D53196.d.0303A9AF84B6409C85847A8D847EA17F.e.800","ELEMENT":"f.1110AE11D5341A9A4CB0164170D53196.d.0303A9AF84B6409C85847A8D847EA17F.e.800"}]}
COMMAND: POST /session/51d05497d96ae615446aca44ec2f391a/element - {"using":"xpath","value":"//table[contains(@id, \"customPersonsAddressesTable-listUl\")]/tbody/tr[1]/td[2]/div/div"}
COMMAND: GET /session/51d05497d96ae615446aca44ec2f391a/screenshot - {}
RESULT: {"using":"xpath","value":"//table[contains(@id, \"customPersonsAddressesTable-listUl\")]/tbody/tr[1]/td[2]/div/div"}
COMMAND: POST /session/51d05497d96ae615446aca44ec2f391a/element/f.1110AE11D5341A9A4CB0164170D53196.d.0303A9AF84B6409C85847A8D847EA17F.e.801/click - {}
RESULT: {}
RESULT: {}
COMMAND: GET /session/51d05497d96ae615446aca44ec2f391a/screenshot - {}
RESULT: {}
COMMAND: POST /session/51d05497d96ae615446aca44ec2f391a/element - {"using":"xpath","value":"//bdi[contains(text(), \"Deactivate\")]"}
RESULT: {"using":"xpath","value":"//bdi[contains(text(), \"Deactivate\")]"}
COMMAND: POST /session/51d05497d96ae615446aca44ec2f391a/element/f.1110AE11D5341A9A4CB0164170D53196.d.0303A9AF84B6409C85847A8D847EA17F.e.802/click - {}
RESULT: {}
COMMAND: GET /session/51d05497d96ae615446aca44ec2f391a/screenshot - {}
RESULT: {}
COMMAND: POST /session/51d05497d96ae615446aca44ec2f391a/element - {"using":"xpath","value":"//bdi[contains(text(), \"Yes\")]"}
RESULT: {"using":"xpath","value":"//bdi[contains(text(), \"Yes\")]"}
COMMAND: POST /session/51d05497d96ae615446aca44ec2f391a/element/f.1110AE11D5341A9A4CB0164170D53196.d.0303A9AF84B6409C85847A8D847EA17F.e.804/click - {}
RESULT: {}
COMMAND: GET /session/51d05497d96ae615446aca44ec2f391a/screenshot - {}
RESULT: {}
COMMAND: POST /session/51d05497d96ae615446aca44ec2f391a/element - {"using":"xpath","value":"//table[contains(@id, \"customPersonsAddressesTable-listUl\")]/tbody/tr[1]/td[10]/div/span"}
RESULT: {"using":"xpath","value":"//table[contains(@id, \"customPersonsAddressesTable-listUl\")]/tbody/tr[1]/td[10]/div/span"}
COMMAND: POST /session/51d05497d96ae615446aca44ec2f391a/execute/sync - {"script":"<script> [56 bytes]","args":[{"element-6066-11e4-a52e-4f735466cecf":"f.1110AE11D5341A9A4CB0164170D53196.d.0303A9AF84B6409C85847A8D847EA17F.e.800","ELEMENT":"f.1110AE11D5341A9A4CB0164170D53196.d.0303A9AF84B6409C85847A8D847EA17F.e.800"}]}
RESULT: {"script":"<script> [56 bytes]","args":[{"element-6066-11e4-a52e-4f735466cecf":"f.1110AE11D5341A9A4CB0164170D53196.d.0303A9AF84B6409C85847A8D847EA17F.e.800","ELEMENT":"f.1110AE11D5341A9A4CB0164170D53196.d.0303A9AF84B6409C85847A8D847EA17F.e.800"}]}
COMMAND: GET /session/51d05497d96ae615446aca44ec2f391a/screenshot - {}
RESULT: {}
COMMAND: POST /session/51d05497d96ae615446aca44ec2f391a/element - {"using":"css selector","value":"#shell-header-logo"}
RESULT: {"using":"css selector","value":"#shell-header-logo"}
COMMAND: POST /session/51d05497d96ae615446aca44ec2f391a/element/f.1110AE11D5341A9A4CB0164170D53196.d.0303A9AF84B6409C85847A8D847EA17F.e.604/click - {}
RESULT: {}
COMMAND: GET /session/51d05497d96ae615446aca44ec2f391a/screenshot - {}
RESULT: {}
]]></system-out>
    </testcase>
    <testcase classname="chrome.136_0_7103_93.windows.Address_Management_Tests_US156181_US151165_US151160_US156180_US156178_US151157_US151172_US151170_US151166_US151168" name="Step 3 Should activate the created address back again US151160" time="53.423">
      <system-out><![CDATA[
RESULT: undefined
COMMAND: POST /session/51d05497d96ae615446aca44ec2f391a/element - {"using":"xpath","value":"//*[@id=\"__tile33\"]"}
RESULT: {"using":"xpath","value":"//*[@id=\"__tile33\"]"}
COMMAND: POST /session/51d05497d96ae615446aca44ec2f391a/element/f.1110AE11D5341A9A4CB0164170D53196.d.0303A9AF84B6409C85847A8D847EA17F.e.210/click - {}
RESULT: {}
COMMAND: GET /session/51d05497d96ae615446aca44ec2f391a/screenshot - {}
RESULT: {}
COMMAND: POST /session/51d05497d96ae615446aca44ec2f391a/elements - {"using":"xpath","value":"//span[text()='Error']"}
RESULT: {"using":"xpath","value":"//span[text()='Error']"}
COMMAND: POST /session/51d05497d96ae615446aca44ec2f391a/element - {"using":"xpath","value":"//button[@data-kt=\"addButton\"]"}
RESULT: {"using":"xpath","value":"//button[@data-kt=\"addButton\"]"}
COMMAND: POST /session/51d05497d96ae615446aca44ec2f391a/elements - {"using":"xpath","value":"//button[@data-kt=\"addButton\"]"}
RESULT: {"using":"xpath","value":"//button[@data-kt=\"addButton\"]"}
COMMAND: POST /session/51d05497d96ae615446aca44ec2f391a/execute/sync - {"script":"<script> [8489 bytes]","args":[{"element-6066-11e4-a52e-4f735466cecf":"f.1110AE11D5341A9A4CB0164170D53196.d.0303A9AF84B6409C85847A8D847EA17F.e.854","ELEMENT":"f.1110AE11D5341A9A4CB0164170D53196.d.0303A9AF84B6409C85847A8D847EA17F.e.854"}]}
RESULT: {"script":"<script> [8489 bytes]","args":[{"element-6066-11e4-a52e-4f735466cecf":"f.1110AE11D5341A9A4CB0164170D53196.d.0303A9AF84B6409C85847A8D847EA17F.e.854","ELEMENT":"f.1110AE11D5341A9A4CB0164170D53196.d.0303A9AF84B6409C85847A8D847EA17F.e.854"}]}
COMMAND: GET /session/51d05497d96ae615446aca44ec2f391a/element/f.1110AE11D5341A9A4CB0164170D53196.d.0303A9AF84B6409C85847A8D847EA17F.e.854/enabled - {}
COMMAND: GET /session/51d05497d96ae615446aca44ec2f391a/screenshot - {}
RESULT: {}
COMMAND: POST /session/51d05497d96ae615446aca44ec2f391a/execute/sync - {"script":"<script> [8489 bytes]","args":[{"element-6066-11e4-a52e-4f735466cecf":"f.1110AE11D5341A9A4CB0164170D53196.d.0303A9AF84B6409C85847A8D847EA17F.e.854","ELEMENT":"f.1110AE11D5341A9A4CB0164170D53196.d.0303A9AF84B6409C85847A8D847EA17F.e.854"}]}
COMMAND: GET /session/51d05497d96ae615446aca44ec2f391a/screenshot - {}
RESULT: {}
RESULT: {"script":"<script> [8489 bytes]","args":[{"element-6066-11e4-a52e-4f735466cecf":"f.1110AE11D5341A9A4CB0164170D53196.d.0303A9AF84B6409C85847A8D847EA17F.e.854","ELEMENT":"f.1110AE11D5341A9A4CB0164170D53196.d.0303A9AF84B6409C85847A8D847EA17F.e.854"}]}
COMMAND: POST /session/51d05497d96ae615446aca44ec2f391a/execute/sync - {"script":"<script> [5351 bytes]","args":[{"element-6066-11e4-a52e-4f735466cecf":"f.1110AE11D5341A9A4CB0164170D53196.d.0303A9AF84B6409C85847A8D847EA17F.e.854","ELEMENT":"f.1110AE11D5341A9A4CB0164170D53196.d.0303A9AF84B6409C85847A8D847EA17F.e.854"}]}
COMMAND: GET /session/51d05497d96ae615446aca44ec2f391a/screenshot - {}
RESULT: {}
RESULT: {"script":"<script> [5351 bytes]","args":[{"element-6066-11e4-a52e-4f735466cecf":"f.1110AE11D5341A9A4CB0164170D53196.d.0303A9AF84B6409C85847A8D847EA17F.e.854","ELEMENT":"f.1110AE11D5341A9A4CB0164170D53196.d.0303A9AF84B6409C85847A8D847EA17F.e.854"}]}
COMMAND: GET /session/51d05497d96ae615446aca44ec2f391a/screenshot - {}
RESULT: {}
RESULT: {}
RESULT: undefined
COMMAND: POST /session/51d05497d96ae615446aca44ec2f391a/execute/async - {"script":"<script> [776 bytes]","args":[{"enterText":"cB0oFkMu9D","selector":{"id":"application-addressmanagement-display-component---masterAdm--smartFilterBar-btnBasicSearch","interaction":{"idSuffix":"I"}},"clearTextFirst":true,"interactionType":"ENTER_TEXT"}]}
RESULT: {"script":"<script> [776 bytes]","args":[{"enterText":"cB0oFkMu9D","selector":{"id":"application-addressmanagement-display-component---masterAdm--smartFilterBar-btnBasicSearch","interaction":{"idSuffix":"I"}},"clearTextFirst":true,"interactionType":"ENTER_TEXT"}]}
COMMAND: POST /session/51d05497d96ae615446aca44ec2f391a/actions - {"actions":[{"id":"action3","type":"key","parameters":{},"actions":[{"type":"keyDown","value":"î€‡"},{"type":"pause","duration":10},{"type":"keyUp","value":"î€‡"}]}]}
RESULT: {"actions":[{"id":"action3","type":"key","parameters":{},"actions":[{"type":"keyDown","value":"î€‡"},{"type":"pause","duration":10},{"type":"keyUp","value":"î€‡"}]}]}
COMMAND: GET /session/51d05497d96ae615446aca44ec2f391a/screenshot - {}
RESULT: {}
COMMAND: POST /session/51d05497d96ae615446aca44ec2f391a/elements - {"using":"xpath","value":"//table[contains(@id, \"customPersonsAddressesTable-listUl\")]/tbody/tr"}
RESULT: {"using":"xpath","value":"//table[contains(@id, \"customPersonsAddressesTable-listUl\")]/tbody/tr"}
COMMAND: POST /session/51d05497d96ae615446aca44ec2f391a/element - {"using":"xpath","value":"//table[contains(@id, \"customPersonsAddressesTable-listUl\")]/tbody/tr[1]/td[5]/span/span"}
RESULT: {"using":"xpath","value":"//table[contains(@id, \"customPersonsAddressesTable-listUl\")]/tbody/tr[1]/td[5]/span/span"}
COMMAND: POST /session/51d05497d96ae615446aca44ec2f391a/element - {"using":"xpath","value":"//table[contains(@id, \"customPersonsAddressesTable-listUl\")]/tbody/tr[1]/td[3]/span"}
RESULT: {"using":"xpath","value":"//table[contains(@id, \"customPersonsAddressesTable-listUl\")]/tbody/tr[1]/td[3]/span"}
COMMAND: POST /session/51d05497d96ae615446aca44ec2f391a/elements - {"using":"xpath","value":"//table[contains(@id, \"customPersonsAddressesTable-listUl\")]/tbody/tr[1]/td[5]/span/span"}
RESULT: {"using":"xpath","value":"//table[contains(@id, \"customPersonsAddressesTable-listUl\")]/tbody/tr[1]/td[5]/span/span"}
COMMAND: POST /session/51d05497d96ae615446aca44ec2f391a/execute/sync - {"script":"<script> [56 bytes]","args":[{"element-6066-11e4-a52e-4f735466cecf":"f.1110AE11D5341A9A4CB0164170D53196.d.0303A9AF84B6409C85847A8D847EA17F.e.1000","ELEMENT":"f.1110AE11D5341A9A4CB0164170D53196.d.0303A9AF84B6409C85847A8D847EA17F.e.1000"}]}
RESULT: {"script":"<script> [56 bytes]","args":[{"element-6066-11e4-a52e-4f735466cecf":"f.1110AE11D5341A9A4CB0164170D53196.d.0303A9AF84B6409C85847A8D847EA17F.e.1000","ELEMENT":"f.1110AE11D5341A9A4CB0164170D53196.d.0303A9AF84B6409C85847A8D847EA17F.e.1000"}]}
COMMAND: POST /session/51d05497d96ae615446aca44ec2f391a/execute/sync - {"script":"<script> [56 bytes]","args":[{"element-6066-11e4-a52e-4f735466cecf":"f.1110AE11D5341A9A4CB0164170D53196.d.0303A9AF84B6409C85847A8D847EA17F.e.1001","ELEMENT":"f.1110AE11D5341A9A4CB0164170D53196.d.0303A9AF84B6409C85847A8D847EA17F.e.1001"}]}
COMMAND: GET /session/51d05497d96ae615446aca44ec2f391a/screenshot - {}
RESULT: {"script":"<script> [56 bytes]","args":[{"element-6066-11e4-a52e-4f735466cecf":"f.1110AE11D5341A9A4CB0164170D53196.d.0303A9AF84B6409C85847A8D847EA17F.e.1001","ELEMENT":"f.1110AE11D5341A9A4CB0164170D53196.d.0303A9AF84B6409C85847A8D847EA17F.e.1001"}]}
COMMAND: POST /session/51d05497d96ae615446aca44ec2f391a/element - {"using":"xpath","value":"//table[contains(@id, \"customPersonsAddressesTable-listUl\")]/tbody/tr[1]/td[10]/div/span"}
COMMAND: GET /session/51d05497d96ae615446aca44ec2f391a/screenshot - {}
RESULT: {}
RESULT: {"using":"xpath","value":"//table[contains(@id, \"customPersonsAddressesTable-listUl\")]/tbody/tr[1]/td[10]/div/span"}
COMMAND: POST /session/51d05497d96ae615446aca44ec2f391a/execute/sync - {"script":"<script> [56 bytes]","args":[{"element-6066-11e4-a52e-4f735466cecf":"f.1110AE11D5341A9A4CB0164170D53196.d.0303A9AF84B6409C85847A8D847EA17F.e.1002","ELEMENT":"f.1110AE11D5341A9A4CB0164170D53196.d.0303A9AF84B6409C85847A8D847EA17F.e.1002"}]}
RESULT: {}
RESULT: {"script":"<script> [56 bytes]","args":[{"element-6066-11e4-a52e-4f735466cecf":"f.1110AE11D5341A9A4CB0164170D53196.d.0303A9AF84B6409C85847A8D847EA17F.e.1002","ELEMENT":"f.1110AE11D5341A9A4CB0164170D53196.d.0303A9AF84B6409C85847A8D847EA17F.e.1002"}]}
COMMAND: POST /session/51d05497d96ae615446aca44ec2f391a/element - {"using":"xpath","value":"//table[contains(@id, \"customPersonsAddressesTable-listUl\")]/tbody/tr[1]/td[2]/div/div"}
COMMAND: GET /session/51d05497d96ae615446aca44ec2f391a/screenshot - {}
RESULT: {"using":"xpath","value":"//table[contains(@id, \"customPersonsAddressesTable-listUl\")]/tbody/tr[1]/td[2]/div/div"}
COMMAND: POST /session/51d05497d96ae615446aca44ec2f391a/element/f.1110AE11D5341A9A4CB0164170D53196.d.0303A9AF84B6409C85847A8D847EA17F.e.1003/click - {}
RESULT: {}
RESULT: {}
COMMAND: GET /session/51d05497d96ae615446aca44ec2f391a/screenshot - {}
RESULT: {}
COMMAND: POST /session/51d05497d96ae615446aca44ec2f391a/element - {"using":"xpath","value":"//bdi[contains(text(), \"Activate\")]"}
RESULT: {"using":"xpath","value":"//bdi[contains(text(), \"Activate\")]"}
COMMAND: POST /session/51d05497d96ae615446aca44ec2f391a/element/f.1110AE11D5341A9A4CB0164170D53196.d.0303A9AF84B6409C85847A8D847EA17F.e.1004/click - {}
RESULT: {}
COMMAND: GET /session/51d05497d96ae615446aca44ec2f391a/screenshot - {}
RESULT: {}
COMMAND: POST /session/51d05497d96ae615446aca44ec2f391a/element - {"using":"xpath","value":"//bdi[contains(text(), \"Yes\")]"}
RESULT: {"using":"xpath","value":"//bdi[contains(text(), \"Yes\")]"}
COMMAND: POST /session/51d05497d96ae615446aca44ec2f391a/element/f.1110AE11D5341A9A4CB0164170D53196.d.0303A9AF84B6409C85847A8D847EA17F.e.1006/click - {}
RESULT: {}
COMMAND: GET /session/51d05497d96ae615446aca44ec2f391a/screenshot - {}
RESULT: {}
COMMAND: POST /session/51d05497d96ae615446aca44ec2f391a/element - {"using":"xpath","value":"//table[contains(@id, \"customPersonsAddressesTable-listUl\")]/tbody/tr[1]/td[10]/div/span"}
RESULT: {"using":"xpath","value":"//table[contains(@id, \"customPersonsAddressesTable-listUl\")]/tbody/tr[1]/td[10]/div/span"}
COMMAND: POST /session/51d05497d96ae615446aca44ec2f391a/execute/sync - {"script":"<script> [56 bytes]","args":[{"element-6066-11e4-a52e-4f735466cecf":"f.1110AE11D5341A9A4CB0164170D53196.d.0303A9AF84B6409C85847A8D847EA17F.e.1002","ELEMENT":"f.1110AE11D5341A9A4CB0164170D53196.d.0303A9AF84B6409C85847A8D847EA17F.e.1002"}]}
RESULT: {"script":"<script> [56 bytes]","args":[{"element-6066-11e4-a52e-4f735466cecf":"f.1110AE11D5341A9A4CB0164170D53196.d.0303A9AF84B6409C85847A8D847EA17F.e.1002","ELEMENT":"f.1110AE11D5341A9A4CB0164170D53196.d.0303A9AF84B6409C85847A8D847EA17F.e.1002"}]}
COMMAND: GET /session/51d05497d96ae615446aca44ec2f391a/screenshot - {}
RESULT: {}
COMMAND: POST /session/51d05497d96ae615446aca44ec2f391a/element - {"using":"css selector","value":"#shell-header-logo"}
RESULT: {"using":"css selector","value":"#shell-header-logo"}
COMMAND: POST /session/51d05497d96ae615446aca44ec2f391a/element/f.1110AE11D5341A9A4CB0164170D53196.d.0303A9AF84B6409C85847A8D847EA17F.e.812/click - {}
RESULT: {}
COMMAND: GET /session/51d05497d96ae615446aca44ec2f391a/screenshot - {}
RESULT: {}
]]></system-out>
    </testcase>
    <testcase classname="chrome.136_0_7103_93.windows.Address_Management_Tests_US156181_US151165_US151160_US156180_US156178_US151157_US151172_US151170_US151166_US151168" name="Step 4 Should verify searches US156180 edit person and address US156178" time="83.764">
      <system-out><![CDATA[
RESULT: undefined
COMMAND: POST /session/51d05497d96ae615446aca44ec2f391a/element - {"using":"xpath","value":"//*[@id=\"__tile33\"]"}
RESULT: {"using":"xpath","value":"//*[@id=\"__tile33\"]"}
COMMAND: POST /session/51d05497d96ae615446aca44ec2f391a/element/f.1110AE11D5341A9A4CB0164170D53196.d.0303A9AF84B6409C85847A8D847EA17F.e.210/click - {}
RESULT: {}
COMMAND: GET /session/51d05497d96ae615446aca44ec2f391a/screenshot - {}
COMMAND: POST /session/51d05497d96ae615446aca44ec2f391a/elements - {"using":"xpath","value":"//span[text()='Error']"}
RESULT: {}
RESULT: {"using":"xpath","value":"//span[text()='Error']"}
COMMAND: POST /session/51d05497d96ae615446aca44ec2f391a/element - {"using":"xpath","value":"//button[@data-kt=\"addButton\"]"}
RESULT: {"using":"xpath","value":"//button[@data-kt=\"addButton\"]"}
COMMAND: POST /session/51d05497d96ae615446aca44ec2f391a/elements - {"using":"xpath","value":"//button[@data-kt=\"addButton\"]"}
RESULT: {"using":"xpath","value":"//button[@data-kt=\"addButton\"]"}
COMMAND: POST /session/51d05497d96ae615446aca44ec2f391a/execute/sync - {"script":"<script> [8489 bytes]","args":[{"element-6066-11e4-a52e-4f735466cecf":"f.1110AE11D5341A9A4CB0164170D53196.d.0303A9AF84B6409C85847A8D847EA17F.e.1055","ELEMENT":"f.1110AE11D5341A9A4CB0164170D53196.d.0303A9AF84B6409C85847A8D847EA17F.e.1055"}]}
RESULT: {"script":"<script> [8489 bytes]","args":[{"element-6066-11e4-a52e-4f735466cecf":"f.1110AE11D5341A9A4CB0164170D53196.d.0303A9AF84B6409C85847A8D847EA17F.e.1055","ELEMENT":"f.1110AE11D5341A9A4CB0164170D53196.d.0303A9AF84B6409C85847A8D847EA17F.e.1055"}]}
COMMAND: GET /session/51d05497d96ae615446aca44ec2f391a/element/f.1110AE11D5341A9A4CB0164170D53196.d.0303A9AF84B6409C85847A8D847EA17F.e.1055/enabled - {}
COMMAND: GET /session/51d05497d96ae615446aca44ec2f391a/screenshot - {}
RESULT: {}
COMMAND: POST /session/51d05497d96ae615446aca44ec2f391a/execute/sync - {"script":"<script> [8489 bytes]","args":[{"element-6066-11e4-a52e-4f735466cecf":"f.1110AE11D5341A9A4CB0164170D53196.d.0303A9AF84B6409C85847A8D847EA17F.e.1055","ELEMENT":"f.1110AE11D5341A9A4CB0164170D53196.d.0303A9AF84B6409C85847A8D847EA17F.e.1055"}]}
COMMAND: GET /session/51d05497d96ae615446aca44ec2f391a/screenshot - {}
RESULT: {}
RESULT: {"script":"<script> [8489 bytes]","args":[{"element-6066-11e4-a52e-4f735466cecf":"f.1110AE11D5341A9A4CB0164170D53196.d.0303A9AF84B6409C85847A8D847EA17F.e.1055","ELEMENT":"f.1110AE11D5341A9A4CB0164170D53196.d.0303A9AF84B6409C85847A8D847EA17F.e.1055"}]}
COMMAND: POST /session/51d05497d96ae615446aca44ec2f391a/execute/sync - {"script":"<script> [5351 bytes]","args":[{"element-6066-11e4-a52e-4f735466cecf":"f.1110AE11D5341A9A4CB0164170D53196.d.0303A9AF84B6409C85847A8D847EA17F.e.1055","ELEMENT":"f.1110AE11D5341A9A4CB0164170D53196.d.0303A9AF84B6409C85847A8D847EA17F.e.1055"}]}
COMMAND: GET /session/51d05497d96ae615446aca44ec2f391a/screenshot - {}
RESULT: {}
RESULT: {"script":"<script> [5351 bytes]","args":[{"element-6066-11e4-a52e-4f735466cecf":"f.1110AE11D5341A9A4CB0164170D53196.d.0303A9AF84B6409C85847A8D847EA17F.e.1055","ELEMENT":"f.1110AE11D5341A9A4CB0164170D53196.d.0303A9AF84B6409C85847A8D847EA17F.e.1055"}]}
COMMAND: GET /session/51d05497d96ae615446aca44ec2f391a/screenshot - {}
RESULT: {}
RESULT: {}
RESULT: undefined
COMMAND: POST /session/51d05497d96ae615446aca44ec2f391a/execute/async - {"script":"<script> [776 bytes]","args":[{"enterText":"cB0oFkMu9D","selector":{"id":"application-addressmanagement-display-component---masterAdm--smartFilterBar-btnBasicSearch","interaction":{"idSuffix":"I"}},"clearTextFirst":true,"interactionType":"ENTER_TEXT"}]}
RESULT: {"script":"<script> [776 bytes]","args":[{"enterText":"cB0oFkMu9D","selector":{"id":"application-addressmanagement-display-component---masterAdm--smartFilterBar-btnBasicSearch","interaction":{"idSuffix":"I"}},"clearTextFirst":true,"interactionType":"ENTER_TEXT"}]}
COMMAND: POST /session/51d05497d96ae615446aca44ec2f391a/actions - {"actions":[{"id":"action4","type":"key","parameters":{},"actions":[{"type":"keyDown","value":"î€‡"},{"type":"pause","duration":10},{"type":"keyUp","value":"î€‡"}]}]}
RESULT: {"actions":[{"id":"action4","type":"key","parameters":{},"actions":[{"type":"keyDown","value":"î€‡"},{"type":"pause","duration":10},{"type":"keyUp","value":"î€‡"}]}]}
COMMAND: GET /session/51d05497d96ae615446aca44ec2f391a/screenshot - {}
RESULT: {}
COMMAND: POST /session/51d05497d96ae615446aca44ec2f391a/elements - {"using":"xpath","value":"//table[contains(@id, \"customPersonsAddressesTable-listUl\")]/tbody/tr"}
RESULT: {"using":"xpath","value":"//table[contains(@id, \"customPersonsAddressesTable-listUl\")]/tbody/tr"}
COMMAND: POST /session/51d05497d96ae615446aca44ec2f391a/element - {"using":"xpath","value":"//table[contains(@id, \"customPersonsAddressesTable-listUl\")]/tbody/tr[1]/td[5]/span/span"}
RESULT: {"using":"xpath","value":"//table[contains(@id, \"customPersonsAddressesTable-listUl\")]/tbody/tr[1]/td[5]/span/span"}
COMMAND: POST /session/51d05497d96ae615446aca44ec2f391a/element - {"using":"xpath","value":"//table[contains(@id, \"customPersonsAddressesTable-listUl\")]/tbody/tr[1]/td[3]/span"}
RESULT: {"using":"xpath","value":"//table[contains(@id, \"customPersonsAddressesTable-listUl\")]/tbody/tr[1]/td[3]/span"}
COMMAND: POST /session/51d05497d96ae615446aca44ec2f391a/elements - {"using":"xpath","value":"//table[contains(@id, \"customPersonsAddressesTable-listUl\")]/tbody/tr[1]/td[5]/span/span"}
RESULT: {"using":"xpath","value":"//table[contains(@id, \"customPersonsAddressesTable-listUl\")]/tbody/tr[1]/td[5]/span/span"}
COMMAND: POST /session/51d05497d96ae615446aca44ec2f391a/execute/sync - {"script":"<script> [56 bytes]","args":[{"element-6066-11e4-a52e-4f735466cecf":"f.1110AE11D5341A9A4CB0164170D53196.d.0303A9AF84B6409C85847A8D847EA17F.e.1202","ELEMENT":"f.1110AE11D5341A9A4CB0164170D53196.d.0303A9AF84B6409C85847A8D847EA17F.e.1202"}]}
RESULT: {"script":"<script> [56 bytes]","args":[{"element-6066-11e4-a52e-4f735466cecf":"f.1110AE11D5341A9A4CB0164170D53196.d.0303A9AF84B6409C85847A8D847EA17F.e.1202","ELEMENT":"f.1110AE11D5341A9A4CB0164170D53196.d.0303A9AF84B6409C85847A8D847EA17F.e.1202"}]}
COMMAND: POST /session/51d05497d96ae615446aca44ec2f391a/execute/sync - {"script":"<script> [56 bytes]","args":[{"element-6066-11e4-a52e-4f735466cecf":"f.1110AE11D5341A9A4CB0164170D53196.d.0303A9AF84B6409C85847A8D847EA17F.e.1203","ELEMENT":"f.1110AE11D5341A9A4CB0164170D53196.d.0303A9AF84B6409C85847A8D847EA17F.e.1203"}]}
COMMAND: GET /session/51d05497d96ae615446aca44ec2f391a/screenshot - {}
RESULT: {"script":"<script> [56 bytes]","args":[{"element-6066-11e4-a52e-4f735466cecf":"f.1110AE11D5341A9A4CB0164170D53196.d.0303A9AF84B6409C85847A8D847EA17F.e.1203","ELEMENT":"f.1110AE11D5341A9A4CB0164170D53196.d.0303A9AF84B6409C85847A8D847EA17F.e.1203"}]}
COMMAND: POST /session/51d05497d96ae615446aca44ec2f391a/element - {"using":"xpath","value":"(//span[contains(@id, \"imgNav\")])[1]"}
COMMAND: GET /session/51d05497d96ae615446aca44ec2f391a/screenshot - {}
RESULT: {}
RESULT: {"using":"xpath","value":"(//span[contains(@id, \"imgNav\")])[1]"}
COMMAND: POST /session/51d05497d96ae615446aca44ec2f391a/element/f.1110AE11D5341A9A4CB0164170D53196.d.0303A9AF84B6409C85847A8D847EA17F.e.1200/click - {}
RESULT: {}
RESULT: {}
COMMAND: GET /session/51d05497d96ae615446aca44ec2f391a/screenshot - {}
RESULT: {}
COMMAND: POST /session/51d05497d96ae615446aca44ec2f391a/element - {"using":"xpath","value":"//bdi[contains(text(), \"Edit\")]"}
RESULT: {"using":"xpath","value":"//bdi[contains(text(), \"Edit\")]"}
COMMAND: POST /session/51d05497d96ae615446aca44ec2f391a/element/f.1110AE11D5341A9A4CB0164170D53196.d.0303A9AF84B6409C85847A8D847EA17F.e.1329/click - {}
RESULT: {}
COMMAND: GET /session/51d05497d96ae615446aca44ec2f391a/screenshot - {}
RESULT: {}
COMMAND: POST /session/51d05497d96ae615446aca44ec2f391a/execute/async - {"script":"<script> [1562 bytes]","args":[{"selector":{"controlType":"sap.ui.core.Icon","viewName":"etm.portal.ui.addressmanagement.view.EditDetail","properties":{"src":{"regex":{"source":"slim\\-arrow\\-down"}}},"ancestor":{"id":"addressTitle","viewName":"etm.portal.ui.addressmanagement.view.EditDetail"}},"wdio_ui5_key":"etmportal.ui.addressmanagement.view.EditDetailsap.ui.core.Icon{\"src\":{\"regex\":{\"source\":\"slim\\\\-arrow\\\\-down\"}}}{\"id\":\"addressTitle\",\"viewName\":\"etm.portal.ui.addressmanagement.view.EditDetail\"}"}]}
RESULT: {"script":"<script> [1562 bytes]","args":[{"selector":{"controlType":"sap.ui.core.Icon","viewName":"etm.portal.ui.addressmanagement.view.EditDetail","properties":{"src":{"regex":{"source":"slim\\-arrow\\-down"}}},"ancestor":{"id":"addressTitle","viewName":"etm.portal.ui.addressmanagement.view.EditDetail"}},"wdio_ui5_key":"etmportal.ui.addressmanagement.view.EditDetailsap.ui.core.Icon{\"src\":{\"regex\":{\"source\":\"slim\\\\-arrow\\\\-down\"}}}{\"id\":\"addressTitle\",\"viewName\":\"etm.portal.ui.addressmanagement.view.EditDetail\"}"}]}
RESULT: undefined
COMMAND: POST /session/51d05497d96ae615446aca44ec2f391a/element - {"using":"xpath","value":"//*[@id=\"__xmlview59--addressTitle-arrow\"]"}
RESULT: {"using":"xpath","value":"//*[@id=\"__xmlview59--addressTitle-arrow\"]"}
COMMAND: POST /session/51d05497d96ae615446aca44ec2f391a/element/f.1110AE11D5341A9A4CB0164170D53196.d.0303A9AF84B6409C85847A8D847EA17F.e.1374/click - {}
RESULT: {}
COMMAND: GET /session/51d05497d96ae615446aca44ec2f391a/screenshot - {}
RESULT: {}
COMMAND: POST /session/51d05497d96ae615446aca44ec2f391a/element - {"using":"xpath","value":"//li[.//span[text()=\"Mr.\"]]"}
RESULT: {"using":"xpath","value":"//li[.//span[text()=\"Mr.\"]]"}
COMMAND: POST /session/51d05497d96ae615446aca44ec2f391a/element/f.1110AE11D5341A9A4CB0164170D53196.d.0303A9AF84B6409C85847A8D847EA17F.e.1376/click - {}
RESULT: {}
COMMAND: GET /session/51d05497d96ae615446aca44ec2f391a/screenshot - {}
RESULT: {}
COMMAND: POST /session/51d05497d96ae615446aca44ec2f391a/execute/async - {"script":"<script> [1562 bytes]","args":[{"selector":{"controlType":"sap.m.Input","viewName":"etm.portal.ui.addressmanagement.view.EditDetail","labelFor":{"text":"Last Name"},"interaction":{"idSuffix":"inner"}},"wdio_ui5_key":"etmportal.ui.addressmanagement.view.EditDetailsap.m.Input{\"text\":\"Last Name\"}"}]}
RESULT: {"script":"<script> [1562 bytes]","args":[{"selector":{"controlType":"sap.m.Input","viewName":"etm.portal.ui.addressmanagement.view.EditDetail","labelFor":{"text":"Last Name"},"interaction":{"idSuffix":"inner"}},"wdio_ui5_key":"etmportal.ui.addressmanagement.view.EditDetailsap.m.Input{\"text\":\"Last Name\"}"}]}
RESULT: undefined
COMMAND: POST /session/51d05497d96ae615446aca44ec2f391a/execute/async - {"script":"<script> [776 bytes]","args":[{"enterText":"EDIT John Cena","selector":{"controlType":"sap.m.Input","viewName":"etm.portal.ui.addressmanagement.view.EditDetail","labelFor":{"text":"Last Name"},"interaction":{"idSuffix":"inner"}},"clearTextFirst":true,"interactionType":"ENTER_TEXT"}]}
RESULT: {"script":"<script> [776 bytes]","args":[{"enterText":"EDIT John Cena","selector":{"controlType":"sap.m.Input","viewName":"etm.portal.ui.addressmanagement.view.EditDetail","labelFor":{"text":"Last Name"},"interaction":{"idSuffix":"inner"}},"clearTextFirst":true,"interactionType":"ENTER_TEXT"}]}
COMMAND: POST /session/51d05497d96ae615446aca44ec2f391a/execute/async - {"script":"<script> [1562 bytes]","args":[{"selector":{"controlType":"sap.ui.core.Icon","viewName":"etm.portal.ui.addressmanagement.view.EditDetail","properties":{"src":{"regex":{"source":"slim\\-arrow\\-down"}}},"ancestor":{"id":"addressDetailDetailsLanguage","viewName":"etm.portal.ui.addressmanagement.view.EditDetail"}},"wdio_ui5_key":"etmportal.ui.addressmanagement.view.EditDetailsap.ui.core.Icon{\"src\":{\"regex\":{\"source\":\"slim\\\\-arrow\\\\-down\"}}}{\"id\":\"addressDetailDetailsLanguage\",\"viewName\":\"etm.portal.ui.addressmanagement.view.EditDetail\"}"}]}
RESULT: {"script":"<script> [1562 bytes]","args":[{"selector":{"controlType":"sap.ui.core.Icon","viewName":"etm.portal.ui.addressmanagement.view.EditDetail","properties":{"src":{"regex":{"source":"slim\\-arrow\\-down"}}},"ancestor":{"id":"addressDetailDetailsLanguage","viewName":"etm.portal.ui.addressmanagement.view.EditDetail"}},"wdio_ui5_key":"etmportal.ui.addressmanagement.view.EditDetailsap.ui.core.Icon{\"src\":{\"regex\":{\"source\":\"slim\\\\-arrow\\\\-down\"}}}{\"id\":\"addressDetailDetailsLanguage\",\"viewName\":\"etm.portal.ui.addressmanagement.view.EditDetail\"}"}]}
RESULT: undefined
COMMAND: POST /session/51d05497d96ae615446aca44ec2f391a/element - {"using":"xpath","value":"//*[@id=\"__xmlview59--addressDetailDetailsLanguage-arrow\"]"}
RESULT: {"using":"xpath","value":"//*[@id=\"__xmlview59--addressDetailDetailsLanguage-arrow\"]"}
COMMAND: POST /session/51d05497d96ae615446aca44ec2f391a/element/f.1110AE11D5341A9A4CB0164170D53196.d.0303A9AF84B6409C85847A8D847EA17F.e.1379/click - {}
RESULT: {}
COMMAND: GET /session/51d05497d96ae615446aca44ec2f391a/screenshot - {}
RESULT: {}
COMMAND: POST /session/51d05497d96ae615446aca44ec2f391a/element - {"using":"xpath","value":"//span[contains(text(), \"Bulgarian\")]"}
RESULT: {"using":"xpath","value":"//span[contains(text(), \"Bulgarian\")]"}
COMMAND: POST /session/51d05497d96ae615446aca44ec2f391a/element/f.1110AE11D5341A9A4CB0164170D53196.d.0303A9AF84B6409C85847A8D847EA17F.e.1380/click - {}
RESULT: {}
COMMAND: GET /session/51d05497d96ae615446aca44ec2f391a/screenshot - {}
RESULT: {}
COMMAND: POST /session/51d05497d96ae615446aca44ec2f391a/execute/async - {"script":"<script> [1562 bytes]","args":[{"selector":{"controlType":"sap.m.Input","viewName":"etm.portal.ui.addressmanagement.view.EditDetail","labelFor":{"text":"ZIP/Postal code"},"interaction":{"idSuffix":"inner"}},"wdio_ui5_key":"etmportal.ui.addressmanagement.view.EditDetailsap.m.Input{\"text\":\"ZIP/Postal code\"}"}]}
RESULT: {"script":"<script> [1562 bytes]","args":[{"selector":{"controlType":"sap.m.Input","viewName":"etm.portal.ui.addressmanagement.view.EditDetail","labelFor":{"text":"ZIP/Postal code"},"interaction":{"idSuffix":"inner"}},"wdio_ui5_key":"etmportal.ui.addressmanagement.view.EditDetailsap.m.Input{\"text\":\"ZIP/Postal code\"}"}]}
RESULT: undefined
COMMAND: POST /session/51d05497d96ae615446aca44ec2f391a/execute/async - {"script":"<script> [776 bytes]","args":[{"enterText":"500292","selector":{"controlType":"sap.m.Input","viewName":"etm.portal.ui.addressmanagement.view.EditDetail","labelFor":{"text":"ZIP/Postal code"},"interaction":{"idSuffix":"inner"}},"clearTextFirst":true,"interactionType":"ENTER_TEXT"}]}
RESULT: {"script":"<script> [776 bytes]","args":[{"enterText":"500292","selector":{"controlType":"sap.m.Input","viewName":"etm.portal.ui.addressmanagement.view.EditDetail","labelFor":{"text":"ZIP/Postal code"},"interaction":{"idSuffix":"inner"}},"clearTextFirst":true,"interactionType":"ENTER_TEXT"}]}
COMMAND: POST /session/51d05497d96ae615446aca44ec2f391a/execute/async - {"script":"<script> [1562 bytes]","args":[{"selector":{"id":"addressDetailContactsEmail","viewName":"etm.portal.ui.addressmanagement.view.EditDetail","interaction":{"idSuffix":"inner"}},"wdio_ui5_key":"addressDetailContactsEmailetmportal.ui.addressmanagement.view.EditDetail"}]}
RESULT: {"script":"<script> [1562 bytes]","args":[{"selector":{"id":"addressDetailContactsEmail","viewName":"etm.portal.ui.addressmanagement.view.EditDetail","interaction":{"idSuffix":"inner"}},"wdio_ui5_key":"addressDetailContactsEmailetmportal.ui.addressmanagement.view.EditDetail"}]}
RESULT: undefined
COMMAND: POST /session/51d05497d96ae615446aca44ec2f391a/execute/async - {"script":"<script> [776 bytes]","args":[{"enterText":"webdriverrules@emailfake.com","selector":{"id":"addressDetailContactsEmail","viewName":"etm.portal.ui.addressmanagement.view.EditDetail","interaction":{"idSuffix":"inner"}},"clearTextFirst":true,"interactionType":"ENTER_TEXT"}]}
RESULT: {"script":"<script> [776 bytes]","args":[{"enterText":"webdriverrules@emailfake.com","selector":{"id":"addressDetailContactsEmail","viewName":"etm.portal.ui.addressmanagement.view.EditDetail","interaction":{"idSuffix":"inner"}},"clearTextFirst":true,"interactionType":"ENTER_TEXT"}]}
COMMAND: POST /session/51d05497d96ae615446aca44ec2f391a/execute/async - {"script":"<script> [1562 bytes]","args":[{"selector":{"id":"addressUserJobTitle","viewName":"etm.portal.ui.addressmanagement.view.EditDetail","interaction":{"idSuffix":"inner"}},"wdio_ui5_key":"addressUserJobTitleetmportal.ui.addressmanagement.view.EditDetail"}]}
RESULT: {"script":"<script> [1562 bytes]","args":[{"selector":{"id":"addressUserJobTitle","viewName":"etm.portal.ui.addressmanagement.view.EditDetail","interaction":{"idSuffix":"inner"}},"wdio_ui5_key":"addressUserJobTitleetmportal.ui.addressmanagement.view.EditDetail"}]}
RESULT: undefined
COMMAND: POST /session/51d05497d96ae615446aca44ec2f391a/execute/async - {"script":"<script> [776 bytes]","args":[{"enterText":"director","selector":{"id":"addressUserJobTitle","viewName":"etm.portal.ui.addressmanagement.view.EditDetail","interaction":{"idSuffix":"inner"}},"clearTextFirst":true,"interactionType":"ENTER_TEXT"}]}
RESULT: {"script":"<script> [776 bytes]","args":[{"enterText":"director","selector":{"id":"addressUserJobTitle","viewName":"etm.portal.ui.addressmanagement.view.EditDetail","interaction":{"idSuffix":"inner"}},"clearTextFirst":true,"interactionType":"ENTER_TEXT"}]}
COMMAND: POST /session/51d05497d96ae615446aca44ec2f391a/execute/async - {"script":"<script> [1562 bytes]","args":[{"selector":{"id":"tagMultiInput","viewName":"etm.portal.ui.addressmanagement.view.EditDetail","interaction":{"idSuffix":"inner"}},"wdio_ui5_key":"tagMultiInputetmportal.ui.addressmanagement.view.EditDetail"}]}
RESULT: {"script":"<script> [1562 bytes]","args":[{"selector":{"id":"tagMultiInput","viewName":"etm.portal.ui.addressmanagement.view.EditDetail","interaction":{"idSuffix":"inner"}},"wdio_ui5_key":"tagMultiInputetmportal.ui.addressmanagement.view.EditDetail"}]}
RESULT: undefined
COMMAND: POST /session/51d05497d96ae615446aca44ec2f391a/execute/async - {"script":"<script> [776 bytes]","args":[{"enterText":"testyTag1","selector":{"id":"tagMultiInput","viewName":"etm.portal.ui.addressmanagement.view.EditDetail","interaction":{"idSuffix":"inner"}},"clearTextFirst":true,"interactionType":"ENTER_TEXT"}]}
RESULT: {"script":"<script> [776 bytes]","args":[{"enterText":"testyTag1","selector":{"id":"tagMultiInput","viewName":"etm.portal.ui.addressmanagement.view.EditDetail","interaction":{"idSuffix":"inner"}},"clearTextFirst":true,"interactionType":"ENTER_TEXT"}]}
COMMAND: POST /session/51d05497d96ae615446aca44ec2f391a/actions - {"actions":[{"id":"action5","type":"key","parameters":{},"actions":[{"type":"keyDown","value":"î€‡"},{"type":"pause","duration":10},{"type":"keyUp","value":"î€‡"}]}]}
RESULT: {"actions":[{"id":"action5","type":"key","parameters":{},"actions":[{"type":"keyDown","value":"î€‡"},{"type":"pause","duration":10},{"type":"keyUp","value":"î€‡"}]}]}
COMMAND: GET /session/51d05497d96ae615446aca44ec2f391a/screenshot - {}
RESULT: {}
RESULT: undefined
COMMAND: POST /session/51d05497d96ae615446aca44ec2f391a/execute/async - {"script":"<script> [776 bytes]","args":[{"enterText":"taggyTag2","selector":{"id":"tagMultiInput","viewName":"etm.portal.ui.addressmanagement.view.EditDetail","interaction":{"idSuffix":"inner"}},"clearTextFirst":true,"interactionType":"ENTER_TEXT"}]}
RESULT: {"script":"<script> [776 bytes]","args":[{"enterText":"taggyTag2","selector":{"id":"tagMultiInput","viewName":"etm.portal.ui.addressmanagement.view.EditDetail","interaction":{"idSuffix":"inner"}},"clearTextFirst":true,"interactionType":"ENTER_TEXT"}]}
COMMAND: POST /session/51d05497d96ae615446aca44ec2f391a/actions - {"actions":[{"id":"action6","type":"key","parameters":{},"actions":[{"type":"keyDown","value":"î€‡"},{"type":"pause","duration":10},{"type":"keyUp","value":"î€‡"}]}]}
RESULT: {"actions":[{"id":"action6","type":"key","parameters":{},"actions":[{"type":"keyDown","value":"î€‡"},{"type":"pause","duration":10},{"type":"keyUp","value":"î€‡"}]}]}
COMMAND: GET /session/51d05497d96ae615446aca44ec2f391a/screenshot - {}
RESULT: {}
COMMAND: POST /session/51d05497d96ae615446aca44ec2f391a/element - {"using":"xpath","value":"//button[@data-kt=\"saveButton\"]"}
RESULT: {"using":"xpath","value":"//button[@data-kt=\"saveButton\"]"}
COMMAND: POST /session/51d05497d96ae615446aca44ec2f391a/element/f.1110AE11D5341A9A4CB0164170D53196.d.0303A9AF84B6409C85847A8D847EA17F.e.1386/click - {}
RESULT: {}
COMMAND: GET /session/51d05497d96ae615446aca44ec2f391a/screenshot - {}
RESULT: {}
COMMAND: POST /session/51d05497d96ae615446aca44ec2f391a/element - {"using":"xpath","value":"//span[@id=\"application-addressmanagement-display-component---detailAdm--addressTitle\"]"}
RESULT: {"using":"xpath","value":"//span[@id=\"application-addressmanagement-display-component---detailAdm--addressTitle\"]"}
COMMAND: POST /session/51d05497d96ae615446aca44ec2f391a/elements - {"using":"xpath","value":"//span[@id=\"application-addressmanagement-display-component---detailAdm--addressTitle\"]"}
RESULT: {"using":"xpath","value":"//span[@id=\"application-addressmanagement-display-component---detailAdm--addressTitle\"]"}
COMMAND: POST /session/51d05497d96ae615446aca44ec2f391a/execute/sync - {"script":"<script> [56 bytes]","args":[{"element-6066-11e4-a52e-4f735466cecf":"f.1110AE11D5341A9A4CB0164170D53196.d.0303A9AF84B6409C85847A8D847EA17F.e.1406","ELEMENT":"f.1110AE11D5341A9A4CB0164170D53196.d.0303A9AF84B6409C85847A8D847EA17F.e.1406"}]}
RESULT: {"script":"<script> [56 bytes]","args":[{"element-6066-11e4-a52e-4f735466cecf":"f.1110AE11D5341A9A4CB0164170D53196.d.0303A9AF84B6409C85847A8D847EA17F.e.1406","ELEMENT":"f.1110AE11D5341A9A4CB0164170D53196.d.0303A9AF84B6409C85847A8D847EA17F.e.1406"}]}
COMMAND: POST /session/51d05497d96ae615446aca44ec2f391a/element - {"using":"xpath","value":"//span[@id=\"application-addressmanagement-display-component---detailAdm--addressDetailDetailsName2\"]"}
COMMAND: GET /session/51d05497d96ae615446aca44ec2f391a/screenshot - {}
RESULT: {"using":"xpath","value":"//span[@id=\"application-addressmanagement-display-component---detailAdm--addressDetailDetailsName2\"]"}
COMMAND: POST /session/51d05497d96ae615446aca44ec2f391a/elements - {"using":"xpath","value":"//span[@id=\"application-addressmanagement-display-component---detailAdm--addressDetailDetailsName2\"]"}
RESULT: {}
RESULT: {"using":"xpath","value":"//span[@id=\"application-addressmanagement-display-component---detailAdm--addressDetailDetailsName2\"]"}
COMMAND: POST /session/51d05497d96ae615446aca44ec2f391a/execute/sync - {"script":"<script> [56 bytes]","args":[{"element-6066-11e4-a52e-4f735466cecf":"f.1110AE11D5341A9A4CB0164170D53196.d.0303A9AF84B6409C85847A8D847EA17F.e.1407","ELEMENT":"f.1110AE11D5341A9A4CB0164170D53196.d.0303A9AF84B6409C85847A8D847EA17F.e.1407"}]}
RESULT: {"script":"<script> [56 bytes]","args":[{"element-6066-11e4-a52e-4f735466cecf":"f.1110AE11D5341A9A4CB0164170D53196.d.0303A9AF84B6409C85847A8D847EA17F.e.1407","ELEMENT":"f.1110AE11D5341A9A4CB0164170D53196.d.0303A9AF84B6409C85847A8D847EA17F.e.1407"}]}
COMMAND: POST /session/51d05497d96ae615446aca44ec2f391a/element - {"using":"xpath","value":"//span[@id=\"application-addressmanagement-display-component---detailAdm--addressDetailDetailsLanguage\"]"}
COMMAND: GET /session/51d05497d96ae615446aca44ec2f391a/screenshot - {}
RESULT: {"using":"xpath","value":"//span[@id=\"application-addressmanagement-display-component---detailAdm--addressDetailDetailsLanguage\"]"}
COMMAND: POST /session/51d05497d96ae615446aca44ec2f391a/elements - {"using":"xpath","value":"//span[@id=\"application-addressmanagement-display-component---detailAdm--addressDetailDetailsLanguage\"]"}
RESULT: {}
RESULT: {"using":"xpath","value":"//span[@id=\"application-addressmanagement-display-component---detailAdm--addressDetailDetailsLanguage\"]"}
COMMAND: POST /session/51d05497d96ae615446aca44ec2f391a/execute/sync - {"script":"<script> [56 bytes]","args":[{"element-6066-11e4-a52e-4f735466cecf":"f.1110AE11D5341A9A4CB0164170D53196.d.0303A9AF84B6409C85847A8D847EA17F.e.1408","ELEMENT":"f.1110AE11D5341A9A4CB0164170D53196.d.0303A9AF84B6409C85847A8D847EA17F.e.1408"}]}
RESULT: {"script":"<script> [56 bytes]","args":[{"element-6066-11e4-a52e-4f735466cecf":"f.1110AE11D5341A9A4CB0164170D53196.d.0303A9AF84B6409C85847A8D847EA17F.e.1408","ELEMENT":"f.1110AE11D5341A9A4CB0164170D53196.d.0303A9AF84B6409C85847A8D847EA17F.e.1408"}]}
COMMAND: POST /session/51d05497d96ae615446aca44ec2f391a/element - {"using":"xpath","value":"//span[@id=\"application-addressmanagement-display-component---detailAdm--addressDetailDetailsZip1\"]"}
COMMAND: GET /session/51d05497d96ae615446aca44ec2f391a/screenshot - {}
RESULT: {"using":"xpath","value":"//span[@id=\"application-addressmanagement-display-component---detailAdm--addressDetailDetailsZip1\"]"}
COMMAND: POST /session/51d05497d96ae615446aca44ec2f391a/elements - {"using":"xpath","value":"//span[@id=\"application-addressmanagement-display-component---detailAdm--addressDetailDetailsZip1\"]"}
RESULT: {}
RESULT: {"using":"xpath","value":"//span[@id=\"application-addressmanagement-display-component---detailAdm--addressDetailDetailsZip1\"]"}
COMMAND: POST /session/51d05497d96ae615446aca44ec2f391a/execute/sync - {"script":"<script> [56 bytes]","args":[{"element-6066-11e4-a52e-4f735466cecf":"f.1110AE11D5341A9A4CB0164170D53196.d.0303A9AF84B6409C85847A8D847EA17F.e.1409","ELEMENT":"f.1110AE11D5341A9A4CB0164170D53196.d.0303A9AF84B6409C85847A8D847EA17F.e.1409"}]}
RESULT: {"script":"<script> [56 bytes]","args":[{"element-6066-11e4-a52e-4f735466cecf":"f.1110AE11D5341A9A4CB0164170D53196.d.0303A9AF84B6409C85847A8D847EA17F.e.1409","ELEMENT":"f.1110AE11D5341A9A4CB0164170D53196.d.0303A9AF84B6409C85847A8D847EA17F.e.1409"}]}
COMMAND: POST /session/51d05497d96ae615446aca44ec2f391a/element - {"using":"xpath","value":"//span[@id=\"application-addressmanagement-display-component---detailAdm--addressDetailContactsEmail\"]"}
COMMAND: GET /session/51d05497d96ae615446aca44ec2f391a/screenshot - {}
RESULT: {"using":"xpath","value":"//span[@id=\"application-addressmanagement-display-component---detailAdm--addressDetailContactsEmail\"]"}
COMMAND: POST /session/51d05497d96ae615446aca44ec2f391a/elements - {"using":"xpath","value":"//span[@id=\"application-addressmanagement-display-component---detailAdm--addressDetailContactsEmail\"]"}
RESULT: {}
RESULT: {"using":"xpath","value":"//span[@id=\"application-addressmanagement-display-component---detailAdm--addressDetailContactsEmail\"]"}
COMMAND: POST /session/51d05497d96ae615446aca44ec2f391a/execute/sync - {"script":"<script> [56 bytes]","args":[{"element-6066-11e4-a52e-4f735466cecf":"f.1110AE11D5341A9A4CB0164170D53196.d.0303A9AF84B6409C85847A8D847EA17F.e.1410","ELEMENT":"f.1110AE11D5341A9A4CB0164170D53196.d.0303A9AF84B6409C85847A8D847EA17F.e.1410"}]}
RESULT: {"script":"<script> [56 bytes]","args":[{"element-6066-11e4-a52e-4f735466cecf":"f.1110AE11D5341A9A4CB0164170D53196.d.0303A9AF84B6409C85847A8D847EA17F.e.1410","ELEMENT":"f.1110AE11D5341A9A4CB0164170D53196.d.0303A9AF84B6409C85847A8D847EA17F.e.1410"}]}
COMMAND: POST /session/51d05497d96ae615446aca44ec2f391a/element - {"using":"xpath","value":"//span[@id=\"application-addressmanagement-display-component---detailAdm--addressUserJobTitle\"]"}
COMMAND: GET /session/51d05497d96ae615446aca44ec2f391a/screenshot - {}
RESULT: {"using":"xpath","value":"//span[@id=\"application-addressmanagement-display-component---detailAdm--addressUserJobTitle\"]"}
COMMAND: POST /session/51d05497d96ae615446aca44ec2f391a/elements - {"using":"xpath","value":"//span[@id=\"application-addressmanagement-display-component---detailAdm--addressUserJobTitle\"]"}
RESULT: {}
RESULT: {"using":"xpath","value":"//span[@id=\"application-addressmanagement-display-component---detailAdm--addressUserJobTitle\"]"}
COMMAND: POST /session/51d05497d96ae615446aca44ec2f391a/execute/sync - {"script":"<script> [56 bytes]","args":[{"element-6066-11e4-a52e-4f735466cecf":"f.1110AE11D5341A9A4CB0164170D53196.d.0303A9AF84B6409C85847A8D847EA17F.e.1411","ELEMENT":"f.1110AE11D5341A9A4CB0164170D53196.d.0303A9AF84B6409C85847A8D847EA17F.e.1411"}]}
RESULT: {"script":"<script> [56 bytes]","args":[{"element-6066-11e4-a52e-4f735466cecf":"f.1110AE11D5341A9A4CB0164170D53196.d.0303A9AF84B6409C85847A8D847EA17F.e.1411","ELEMENT":"f.1110AE11D5341A9A4CB0164170D53196.d.0303A9AF84B6409C85847A8D847EA17F.e.1411"}]}
COMMAND: POST /session/51d05497d96ae615446aca44ec2f391a/element - {"using":"xpath","value":"//span[contains(@class, \"sapMTokenText\") and text()=\"testyTag1\"]"}
COMMAND: GET /session/51d05497d96ae615446aca44ec2f391a/screenshot - {}
RESULT: {"using":"xpath","value":"//span[contains(@class, \"sapMTokenText\") and text()=\"testyTag1\"]"}
COMMAND: POST /session/51d05497d96ae615446aca44ec2f391a/element - {"using":"xpath","value":"//span[contains(@class, \"sapMTokenText\") and text()=\"taggyTag2\"]"}
RESULT: {}
RESULT: {"using":"xpath","value":"//span[contains(@class, \"sapMTokenText\") and text()=\"taggyTag2\"]"}
COMMAND: POST /session/51d05497d96ae615446aca44ec2f391a/elements - {"using":"xpath","value":"//span[contains(@class, \"sapMTokenText\") and text()=\"testyTag1\"]"}
RESULT: {"using":"xpath","value":"//span[contains(@class, \"sapMTokenText\") and text()=\"testyTag1\"]"}
COMMAND: POST /session/51d05497d96ae615446aca44ec2f391a/elements - {"using":"xpath","value":"//span[contains(@class, \"sapMTokenText\") and text()=\"taggyTag2\"]"}
RESULT: {"using":"xpath","value":"//span[contains(@class, \"sapMTokenText\") and text()=\"taggyTag2\"]"}
COMMAND: POST /session/51d05497d96ae615446aca44ec2f391a/element - {"using":"css selector","value":"#shell-header-logo"}
RESULT: {"using":"css selector","value":"#shell-header-logo"}
COMMAND: POST /session/51d05497d96ae615446aca44ec2f391a/element/f.1110AE11D5341A9A4CB0164170D53196.d.0303A9AF84B6409C85847A8D847EA17F.e.1013/click - {}
RESULT: {}
COMMAND: GET /session/51d05497d96ae615446aca44ec2f391a/screenshot - {}
RESULT: {}
]]></system-out>
    </testcase>
    <testcase classname="chrome.136_0_7103_93.windows.Address_Management_Tests_US156181_US151165_US151160_US156180_US156178_US151157_US151172_US151170_US151166_US151168" name="Step 5 Should verify searches US156180 verify filters US151157" time="113.251">
      <system-out><![CDATA[
RESULT: undefined
COMMAND: POST /session/51d05497d96ae615446aca44ec2f391a/element - {"using":"xpath","value":"//*[@id=\"__tile33\"]"}
RESULT: {"using":"xpath","value":"//*[@id=\"__tile33\"]"}
COMMAND: POST /session/51d05497d96ae615446aca44ec2f391a/element/f.1110AE11D5341A9A4CB0164170D53196.d.0303A9AF84B6409C85847A8D847EA17F.e.210/click - {}
RESULT: {}
COMMAND: GET /session/51d05497d96ae615446aca44ec2f391a/screenshot - {}
RESULT: {}
COMMAND: POST /session/51d05497d96ae615446aca44ec2f391a/elements - {"using":"xpath","value":"//span[text()='Error']"}
RESULT: {"using":"xpath","value":"//span[text()='Error']"}
COMMAND: POST /session/51d05497d96ae615446aca44ec2f391a/element - {"using":"xpath","value":"//button[@data-kt=\"addButton\"]"}
RESULT: {"using":"xpath","value":"//button[@data-kt=\"addButton\"]"}
COMMAND: POST /session/51d05497d96ae615446aca44ec2f391a/elements - {"using":"xpath","value":"//button[@data-kt=\"addButton\"]"}
RESULT: {"using":"xpath","value":"//button[@data-kt=\"addButton\"]"}
COMMAND: POST /session/51d05497d96ae615446aca44ec2f391a/execute/sync - {"script":"<script> [8489 bytes]","args":[{"element-6066-11e4-a52e-4f735466cecf":"f.1110AE11D5341A9A4CB0164170D53196.d.0303A9AF84B6409C85847A8D847EA17F.e.1462","ELEMENT":"f.1110AE11D5341A9A4CB0164170D53196.d.0303A9AF84B6409C85847A8D847EA17F.e.1462"}]}
RESULT: {"script":"<script> [8489 bytes]","args":[{"element-6066-11e4-a52e-4f735466cecf":"f.1110AE11D5341A9A4CB0164170D53196.d.0303A9AF84B6409C85847A8D847EA17F.e.1462","ELEMENT":"f.1110AE11D5341A9A4CB0164170D53196.d.0303A9AF84B6409C85847A8D847EA17F.e.1462"}]}
COMMAND: GET /session/51d05497d96ae615446aca44ec2f391a/element/f.1110AE11D5341A9A4CB0164170D53196.d.0303A9AF84B6409C85847A8D847EA17F.e.1462/enabled - {}
COMMAND: GET /session/51d05497d96ae615446aca44ec2f391a/screenshot - {}
RESULT: {}
COMMAND: POST /session/51d05497d96ae615446aca44ec2f391a/execute/sync - {"script":"<script> [8489 bytes]","args":[{"element-6066-11e4-a52e-4f735466cecf":"f.1110AE11D5341A9A4CB0164170D53196.d.0303A9AF84B6409C85847A8D847EA17F.e.1462","ELEMENT":"f.1110AE11D5341A9A4CB0164170D53196.d.0303A9AF84B6409C85847A8D847EA17F.e.1462"}]}
COMMAND: GET /session/51d05497d96ae615446aca44ec2f391a/screenshot - {}
RESULT: {}
RESULT: {"script":"<script> [8489 bytes]","args":[{"element-6066-11e4-a52e-4f735466cecf":"f.1110AE11D5341A9A4CB0164170D53196.d.0303A9AF84B6409C85847A8D847EA17F.e.1462","ELEMENT":"f.1110AE11D5341A9A4CB0164170D53196.d.0303A9AF84B6409C85847A8D847EA17F.e.1462"}]}
COMMAND: POST /session/51d05497d96ae615446aca44ec2f391a/execute/sync - {"script":"<script> [5351 bytes]","args":[{"element-6066-11e4-a52e-4f735466cecf":"f.1110AE11D5341A9A4CB0164170D53196.d.0303A9AF84B6409C85847A8D847EA17F.e.1462","ELEMENT":"f.1110AE11D5341A9A4CB0164170D53196.d.0303A9AF84B6409C85847A8D847EA17F.e.1462"}]}
COMMAND: GET /session/51d05497d96ae615446aca44ec2f391a/screenshot - {}
RESULT: {}
RESULT: {"script":"<script> [5351 bytes]","args":[{"element-6066-11e4-a52e-4f735466cecf":"f.1110AE11D5341A9A4CB0164170D53196.d.0303A9AF84B6409C85847A8D847EA17F.e.1462","ELEMENT":"f.1110AE11D5341A9A4CB0164170D53196.d.0303A9AF84B6409C85847A8D847EA17F.e.1462"}]}
COMMAND: GET /session/51d05497d96ae615446aca44ec2f391a/screenshot - {}
RESULT: {}
RESULT: {}
COMMAND: POST /session/51d05497d96ae615446aca44ec2f391a/element - {"using":"xpath","value":"//span[@id=\"application-addressmanagement-display-component---masterAdm--smartTable-header-inner\"]"}
RESULT: {"using":"xpath","value":"//span[@id=\"application-addressmanagement-display-component---masterAdm--smartTable-header-inner\"]"}
COMMAND: POST /session/51d05497d96ae615446aca44ec2f391a/elements - {"using":"xpath","value":"//span[@id=\"application-addressmanagement-display-component---masterAdm--smartTable-header-inner\"]"}
RESULT: {"using":"xpath","value":"//span[@id=\"application-addressmanagement-display-component---masterAdm--smartTable-header-inner\"]"}
COMMAND: POST /session/51d05497d96ae615446aca44ec2f391a/execute/sync - {"script":"<script> [56 bytes]","args":[{"element-6066-11e4-a52e-4f735466cecf":"f.1110AE11D5341A9A4CB0164170D53196.d.0303A9AF84B6409C85847A8D847EA17F.e.1595","ELEMENT":"f.1110AE11D5341A9A4CB0164170D53196.d.0303A9AF84B6409C85847A8D847EA17F.e.1595"}]}
RESULT: {"script":"<script> [56 bytes]","args":[{"element-6066-11e4-a52e-4f735466cecf":"f.1110AE11D5341A9A4CB0164170D53196.d.0303A9AF84B6409C85847A8D847EA17F.e.1595","ELEMENT":"f.1110AE11D5341A9A4CB0164170D53196.d.0303A9AF84B6409C85847A8D847EA17F.e.1595"}]}
COMMAND: POST /session/51d05497d96ae615446aca44ec2f391a/execute/async - {"script":"<script> [1562 bytes]","args":[{"selector":{"id":"application-addressmanagement-display-component---masterAdm--smartFilterBar-filterItemControl_BASIC-COUNTRY-vhi"},"wdio_ui5_key":"applicationaddressmanagement-display-component---masterAdm--smartFilterBar-filterItemControl_BASIC-COUNTRY-vhi"}]}
COMMAND: GET /session/51d05497d96ae615446aca44ec2f391a/screenshot - {}
RESULT: {"script":"<script> [1562 bytes]","args":[{"selector":{"id":"application-addressmanagement-display-component---masterAdm--smartFilterBar-filterItemControl_BASIC-COUNTRY-vhi"},"wdio_ui5_key":"applicationaddressmanagement-display-component---masterAdm--smartFilterBar-filterItemControl_BASIC-COUNTRY-vhi"}]}
RESULT: undefined
COMMAND: POST /session/51d05497d96ae615446aca44ec2f391a/element - {"using":"xpath","value":"//*[@id=\"application-addressmanagement-display-component---masterAdm--smartFilterBar-filterItemControl_BASIC-COUNTRY-vhi\"]"}
RESULT: {}
RESULT: {"using":"xpath","value":"//*[@id=\"application-addressmanagement-display-component---masterAdm--smartFilterBar-filterItemControl_BASIC-COUNTRY-vhi\"]"}
COMMAND: POST /session/51d05497d96ae615446aca44ec2f391a/element/f.1110AE11D5341A9A4CB0164170D53196.d.0303A9AF84B6409C85847A8D847EA17F.e.1596/click - {}
RESULT: {}
COMMAND: GET /session/51d05497d96ae615446aca44ec2f391a/screenshot - {}
RESULT: {}
COMMAND: POST /session/51d05497d96ae615446aca44ec2f391a/execute/async - {"script":"<script> [1562 bytes]","args":[{"selector":{"id":"application-addressmanagement-display-component---masterAdm--smartFilterBar-filterItemControl_BASIC-COUNTRY-valueHelpDialog-smartFilterBar-btnBasicSearch","searchOpenDialogs":true,"interaction":{"idSuffix":"I"}},"wdio_ui5_key":"applicationaddressmanagement-display-component---masterAdm--smartFilterBar-filterItemControl_BASIC-COUNTRY-valueHelpDialog-smartFilterBar-btnBasicSearch"}]}
RESULT: {"script":"<script> [1562 bytes]","args":[{"selector":{"id":"application-addressmanagement-display-component---masterAdm--smartFilterBar-filterItemControl_BASIC-COUNTRY-valueHelpDialog-smartFilterBar-btnBasicSearch","searchOpenDialogs":true,"interaction":{"idSuffix":"I"}},"wdio_ui5_key":"applicationaddressmanagement-display-component---masterAdm--smartFilterBar-filterItemControl_BASIC-COUNTRY-valueHelpDialog-smartFilterBar-btnBasicSearch"}]}
RESULT: undefined
COMMAND: POST /session/51d05497d96ae615446aca44ec2f391a/execute/async - {"script":"<script> [776 bytes]","args":[{"enterText":"Romania","selector":{"id":"application-addressmanagement-display-component---masterAdm--smartFilterBar-filterItemControl_BASIC-COUNTRY-valueHelpDialog-smartFilterBar-btnBasicSearch","searchOpenDialogs":true,"interaction":{"idSuffix":"I"}},"clearTextFirst":true,"interactionType":"ENTER_TEXT"}]}
RESULT: {"script":"<script> [776 bytes]","args":[{"enterText":"Romania","selector":{"id":"application-addressmanagement-display-component---masterAdm--smartFilterBar-filterItemControl_BASIC-COUNTRY-valueHelpDialog-smartFilterBar-btnBasicSearch","searchOpenDialogs":true,"interaction":{"idSuffix":"I"}},"clearTextFirst":true,"interactionType":"ENTER_TEXT"}]}
COMMAND: POST /session/51d05497d96ae615446aca44ec2f391a/actions - {"actions":[{"id":"action7","type":"key","parameters":{},"actions":[{"type":"keyDown","value":"î€‡"},{"type":"pause","duration":10},{"type":"keyUp","value":"î€‡"}]}]}
RESULT: {"actions":[{"id":"action7","type":"key","parameters":{},"actions":[{"type":"keyDown","value":"î€‡"},{"type":"pause","duration":10},{"type":"keyUp","value":"î€‡"}]}]}
COMMAND: POST /session/51d05497d96ae615446aca44ec2f391a/elements - {"using":"xpath","value":"//table[contains(@id, \"smartFilterBar-filterItemControl_BASIC-COUNTRY-valueHelpDialog-table-table\")]/tbody/tr"}
COMMAND: GET /session/51d05497d96ae615446aca44ec2f391a/screenshot - {}
RESULT: {"using":"xpath","value":"//table[contains(@id, \"smartFilterBar-filterItemControl_BASIC-COUNTRY-valueHelpDialog-table-table\")]/tbody/tr"}
COMMAND: POST /session/51d05497d96ae615446aca44ec2f391a/element - {"using":"xpath","value":"//table[contains(@id, \"smartFilterBar-filterItemControl_BASIC-COUNTRY-valueHelpDialog-table-table\")]/tbody/tr[1]/td[1]/div/span"}
RESULT: {}
RESULT: {"using":"xpath","value":"//table[contains(@id, \"smartFilterBar-filterItemControl_BASIC-COUNTRY-valueHelpDialog-table-table\")]/tbody/tr[1]/td[1]/div/span"}
COMMAND: POST /session/51d05497d96ae615446aca44ec2f391a/elements - {"using":"xpath","value":"//table[contains(@id, \"smartFilterBar-filterItemControl_BASIC-COUNTRY-valueHelpDialog-table-table\")]/tbody/tr[1]/td[1]/div/span"}
RESULT: {"using":"xpath","value":"//table[contains(@id, \"smartFilterBar-filterItemControl_BASIC-COUNTRY-valueHelpDialog-table-table\")]/tbody/tr[1]/td[1]/div/span"}
COMMAND: POST /session/51d05497d96ae615446aca44ec2f391a/execute/sync - {"script":"<script> [56 bytes]","args":[{"element-6066-11e4-a52e-4f735466cecf":"f.1110AE11D5341A9A4CB0164170D53196.d.0303A9AF84B6409C85847A8D847EA17F.e.1616","ELEMENT":"f.1110AE11D5341A9A4CB0164170D53196.d.0303A9AF84B6409C85847A8D847EA17F.e.1616"}]}
RESULT: {"script":"<script> [56 bytes]","args":[{"element-6066-11e4-a52e-4f735466cecf":"f.1110AE11D5341A9A4CB0164170D53196.d.0303A9AF84B6409C85847A8D847EA17F.e.1616","ELEMENT":"f.1110AE11D5341A9A4CB0164170D53196.d.0303A9AF84B6409C85847A8D847EA17F.e.1616"}]}
COMMAND: POST /session/51d05497d96ae615446aca44ec2f391a/element - {"using":"xpath","value":"//div[contains(@id, \"filterItemControl_BASIC-COUNTRY-valueHelpDialog-table-rowsel0\")]"}
COMMAND: GET /session/51d05497d96ae615446aca44ec2f391a/screenshot - {}
RESULT: {"using":"xpath","value":"//div[contains(@id, \"filterItemControl_BASIC-COUNTRY-valueHelpDialog-table-rowsel0\")]"}
COMMAND: POST /session/51d05497d96ae615446aca44ec2f391a/element/f.1110AE11D5341A9A4CB0164170D53196.d.0303A9AF84B6409C85847A8D847EA17F.e.1617/click - {}
RESULT: {}
RESULT: {}
COMMAND: GET /session/51d05497d96ae615446aca44ec2f391a/screenshot - {}
RESULT: {}
COMMAND: POST /session/51d05497d96ae615446aca44ec2f391a/element - {"using":"xpath","value":"(//bdi[contains(text(), \"OK\")])[1]"}
RESULT: {"using":"xpath","value":"(//bdi[contains(text(), \"OK\")])[1]"}
COMMAND: POST /session/51d05497d96ae615446aca44ec2f391a/element/f.1110AE11D5341A9A4CB0164170D53196.d.0303A9AF84B6409C85847A8D847EA17F.e.1619/click - {}
RESULT: {}
COMMAND: GET /session/51d05497d96ae615446aca44ec2f391a/screenshot - {}
RESULT: {}
COMMAND: POST /session/51d05497d96ae615446aca44ec2f391a/element - {"using":"xpath","value":"//span[@id=\"application-addressmanagement-display-component---masterAdm--smartTable-header-inner\"]"}
RESULT: {"using":"xpath","value":"//span[@id=\"application-addressmanagement-display-component---masterAdm--smartTable-header-inner\"]"}
COMMAND: POST /session/51d05497d96ae615446aca44ec2f391a/elements - {"using":"xpath","value":"//span[@id=\"application-addressmanagement-display-component---masterAdm--smartTable-header-inner\"]"}
RESULT: {"using":"xpath","value":"//span[@id=\"application-addressmanagement-display-component---masterAdm--smartTable-header-inner\"]"}
COMMAND: POST /session/51d05497d96ae615446aca44ec2f391a/execute/sync - {"script":"<script> [56 bytes]","args":[{"element-6066-11e4-a52e-4f735466cecf":"f.1110AE11D5341A9A4CB0164170D53196.d.0303A9AF84B6409C85847A8D847EA17F.e.1595","ELEMENT":"f.1110AE11D5341A9A4CB0164170D53196.d.0303A9AF84B6409C85847A8D847EA17F.e.1595"}]}
RESULT: {"script":"<script> [56 bytes]","args":[{"element-6066-11e4-a52e-4f735466cecf":"f.1110AE11D5341A9A4CB0164170D53196.d.0303A9AF84B6409C85847A8D847EA17F.e.1595","ELEMENT":"f.1110AE11D5341A9A4CB0164170D53196.d.0303A9AF84B6409C85847A8D847EA17F.e.1595"}]}
COMMAND: POST /session/51d05497d96ae615446aca44ec2f391a/element - {"using":"xpath","value":"//span[contains(@title, \"Remove\")]"}
COMMAND: GET /session/51d05497d96ae615446aca44ec2f391a/screenshot - {}
RESULT: {"using":"xpath","value":"//span[contains(@title, \"Remove\")]"}
COMMAND: POST /session/51d05497d96ae615446aca44ec2f391a/element/f.1110AE11D5341A9A4CB0164170D53196.d.0303A9AF84B6409C85847A8D847EA17F.e.1760/click - {}
RESULT: {}
RESULT: {}
COMMAND: GET /session/51d05497d96ae615446aca44ec2f391a/screenshot - {}
COMMAND: POST /session/51d05497d96ae615446aca44ec2f391a/element - {"using":"xpath","value":"//span[@id=\"application-addressmanagement-display-component---masterAdm--smartTable-header-inner\"]"}
RESULT: {}
RESULT: {"using":"xpath","value":"//span[@id=\"application-addressmanagement-display-component---masterAdm--smartTable-header-inner\"]"}
COMMAND: POST /session/51d05497d96ae615446aca44ec2f391a/elements - {"using":"xpath","value":"//span[@id=\"application-addressmanagement-display-component---masterAdm--smartTable-header-inner\"]"}
RESULT: {"using":"xpath","value":"//span[@id=\"application-addressmanagement-display-component---masterAdm--smartTable-header-inner\"]"}
COMMAND: POST /session/51d05497d96ae615446aca44ec2f391a/execute/sync - {"script":"<script> [56 bytes]","args":[{"element-6066-11e4-a52e-4f735466cecf":"f.1110AE11D5341A9A4CB0164170D53196.d.0303A9AF84B6409C85847A8D847EA17F.e.1595","ELEMENT":"f.1110AE11D5341A9A4CB0164170D53196.d.0303A9AF84B6409C85847A8D847EA17F.e.1595"}]}
RESULT: {"script":"<script> [56 bytes]","args":[{"element-6066-11e4-a52e-4f735466cecf":"f.1110AE11D5341A9A4CB0164170D53196.d.0303A9AF84B6409C85847A8D847EA17F.e.1595","ELEMENT":"f.1110AE11D5341A9A4CB0164170D53196.d.0303A9AF84B6409C85847A8D847EA17F.e.1595"}]}
RESULT: undefined
COMMAND: POST /session/51d05497d96ae615446aca44ec2f391a/element - {"using":"xpath","value":"//*[@id=\"application-addressmanagement-display-component---masterAdm--smartFilterBar-filterItemControl_BASIC-COUNTRY-vhi\"]"}
COMMAND: GET /session/51d05497d96ae615446aca44ec2f391a/screenshot - {}
RESULT: {"using":"xpath","value":"//*[@id=\"application-addressmanagement-display-component---masterAdm--smartFilterBar-filterItemControl_BASIC-COUNTRY-vhi\"]"}
COMMAND: POST /session/51d05497d96ae615446aca44ec2f391a/element/f.1110AE11D5341A9A4CB0164170D53196.d.0303A9AF84B6409C85847A8D847EA17F.e.1596/click - {}
RESULT: {}
RESULT: {}
COMMAND: GET /session/51d05497d96ae615446aca44ec2f391a/screenshot - {}
RESULT: {}
RESULT: undefined
COMMAND: POST /session/51d05497d96ae615446aca44ec2f391a/execute/async - {"script":"<script> [776 bytes]","args":[{"enterText":"Romania","selector":{"id":"application-addressmanagement-display-component---masterAdm--smartFilterBar-filterItemControl_BASIC-COUNTRY-valueHelpDialog-smartFilterBar-btnBasicSearch","searchOpenDialogs":true,"interaction":{"idSuffix":"I"}},"clearTextFirst":true,"interactionType":"ENTER_TEXT"}]}
RESULT: {"script":"<script> [776 bytes]","args":[{"enterText":"Romania","selector":{"id":"application-addressmanagement-display-component---masterAdm--smartFilterBar-filterItemControl_BASIC-COUNTRY-valueHelpDialog-smartFilterBar-btnBasicSearch","searchOpenDialogs":true,"interaction":{"idSuffix":"I"}},"clearTextFirst":true,"interactionType":"ENTER_TEXT"}]}
COMMAND: POST /session/51d05497d96ae615446aca44ec2f391a/actions - {"actions":[{"id":"action8","type":"key","parameters":{},"actions":[{"type":"keyDown","value":"î€‡"},{"type":"pause","duration":10},{"type":"keyUp","value":"î€‡"}]}]}
RESULT: {"actions":[{"id":"action8","type":"key","parameters":{},"actions":[{"type":"keyDown","value":"î€‡"},{"type":"pause","duration":10},{"type":"keyUp","value":"î€‡"}]}]}
COMMAND: GET /session/51d05497d96ae615446aca44ec2f391a/screenshot - {}
RESULT: {}
COMMAND: POST /session/51d05497d96ae615446aca44ec2f391a/elements - {"using":"xpath","value":"//table[contains(@id, \"smartFilterBar-filterItemControl_BASIC-COUNTRY-valueHelpDialog-table-table\")]/tbody/tr"}
RESULT: {"using":"xpath","value":"//table[contains(@id, \"smartFilterBar-filterItemControl_BASIC-COUNTRY-valueHelpDialog-table-table\")]/tbody/tr"}
COMMAND: POST /session/51d05497d96ae615446aca44ec2f391a/element - {"using":"xpath","value":"//table[contains(@id, \"smartFilterBar-filterItemControl_BASIC-COUNTRY-valueHelpDialog-table-table\")]/tbody/tr[1]/td[1]/div/span"}
RESULT: {"using":"xpath","value":"//table[contains(@id, \"smartFilterBar-filterItemControl_BASIC-COUNTRY-valueHelpDialog-table-table\")]/tbody/tr[1]/td[1]/div/span"}
COMMAND: POST /session/51d05497d96ae615446aca44ec2f391a/elements - {"using":"xpath","value":"//table[contains(@id, \"smartFilterBar-filterItemControl_BASIC-COUNTRY-valueHelpDialog-table-table\")]/tbody/tr[1]/td[1]/div/span"}
RESULT: {"using":"xpath","value":"//table[contains(@id, \"smartFilterBar-filterItemControl_BASIC-COUNTRY-valueHelpDialog-table-table\")]/tbody/tr[1]/td[1]/div/span"}
COMMAND: POST /session/51d05497d96ae615446aca44ec2f391a/execute/sync - {"script":"<script> [56 bytes]","args":[{"element-6066-11e4-a52e-4f735466cecf":"f.1110AE11D5341A9A4CB0164170D53196.d.0303A9AF84B6409C85847A8D847EA17F.e.1859","ELEMENT":"f.1110AE11D5341A9A4CB0164170D53196.d.0303A9AF84B6409C85847A8D847EA17F.e.1859"}]}
RESULT: {"script":"<script> [56 bytes]","args":[{"element-6066-11e4-a52e-4f735466cecf":"f.1110AE11D5341A9A4CB0164170D53196.d.0303A9AF84B6409C85847A8D847EA17F.e.1859","ELEMENT":"f.1110AE11D5341A9A4CB0164170D53196.d.0303A9AF84B6409C85847A8D847EA17F.e.1859"}]}
COMMAND: POST /session/51d05497d96ae615446aca44ec2f391a/element - {"using":"xpath","value":"//div[contains(@id, \"filterItemControl_BASIC-COUNTRY-valueHelpDialog-table-rowsel0\")]"}
COMMAND: GET /session/51d05497d96ae615446aca44ec2f391a/screenshot - {}
RESULT: {"using":"xpath","value":"//div[contains(@id, \"filterItemControl_BASIC-COUNTRY-valueHelpDialog-table-rowsel0\")]"}
COMMAND: POST /session/51d05497d96ae615446aca44ec2f391a/element/f.1110AE11D5341A9A4CB0164170D53196.d.0303A9AF84B6409C85847A8D847EA17F.e.1860/click - {}
RESULT: {}
RESULT: {}
COMMAND: GET /session/51d05497d96ae615446aca44ec2f391a/screenshot - {}
RESULT: {}
RESULT: undefined
COMMAND: POST /session/51d05497d96ae615446aca44ec2f391a/element - {"using":"xpath","value":"//*[@id=\"application-addressmanagement-display-component---masterAdm--smartFilterBar-filterItemControl_BASIC-COUNTRY-vhi\"]"}
RESULT: {"using":"xpath","value":"//*[@id=\"application-addressmanagement-display-component---masterAdm--smartFilterBar-filterItemControl_BASIC-COUNTRY-vhi\"]"}
COMMAND: POST /session/51d05497d96ae615446aca44ec2f391a/element/f.1110AE11D5341A9A4CB0164170D53196.d.0303A9AF84B6409C85847A8D847EA17F.e.1596/click - {}
RESULT: undefined
COMMAND: POST /session/51d05497d96ae615446aca44ec2f391a/execute/async - {"script":"<script> [776 bytes]","args":[{"enterText":"Argentina","selector":{"id":"application-addressmanagement-display-component---masterAdm--smartFilterBar-filterItemControl_BASIC-COUNTRY-valueHelpDialog-smartFilterBar-btnBasicSearch","searchOpenDialogs":true,"interaction":{"idSuffix":"I"}},"clearTextFirst":true,"interactionType":"ENTER_TEXT"}]}
RESULT: {"script":"<script> [776 bytes]","args":[{"enterText":"Argentina","selector":{"id":"application-addressmanagement-display-component---masterAdm--smartFilterBar-filterItemControl_BASIC-COUNTRY-valueHelpDialog-smartFilterBar-btnBasicSearch","searchOpenDialogs":true,"interaction":{"idSuffix":"I"}},"clearTextFirst":true,"interactionType":"ENTER_TEXT"}]}
COMMAND: POST /session/51d05497d96ae615446aca44ec2f391a/actions - {"actions":[{"id":"action9","type":"key","parameters":{},"actions":[{"type":"keyDown","value":"î€‡"},{"type":"pause","duration":10},{"type":"keyUp","value":"î€‡"}]}]}
RESULT: {"actions":[{"id":"action9","type":"key","parameters":{},"actions":[{"type":"keyDown","value":"î€‡"},{"type":"pause","duration":10},{"type":"keyUp","value":"î€‡"}]}]}
COMMAND: GET /session/51d05497d96ae615446aca44ec2f391a/screenshot - {}
RESULT: {}
COMMAND: POST /session/51d05497d96ae615446aca44ec2f391a/elements - {"using":"xpath","value":"//table[contains(@id, \"smartFilterBar-filterItemControl_BASIC-COUNTRY-valueHelpDialog-table-table\")]/tbody/tr"}
RESULT: {"using":"xpath","value":"//table[contains(@id, \"smartFilterBar-filterItemControl_BASIC-COUNTRY-valueHelpDialog-table-table\")]/tbody/tr"}
COMMAND: POST /session/51d05497d96ae615446aca44ec2f391a/element - {"using":"xpath","value":"//table[contains(@id, \"smartFilterBar-filterItemControl_BASIC-COUNTRY-valueHelpDialog-table-table\")]/tbody/tr[1]/td[1]/div/span"}
RESULT: {"using":"xpath","value":"//table[contains(@id, \"smartFilterBar-filterItemControl_BASIC-COUNTRY-valueHelpDialog-table-table\")]/tbody/tr[1]/td[1]/div/span"}
COMMAND: POST /session/51d05497d96ae615446aca44ec2f391a/elements - {"using":"xpath","value":"//table[contains(@id, \"smartFilterBar-filterItemControl_BASIC-COUNTRY-valueHelpDialog-table-table\")]/tbody/tr[1]/td[1]/div/span"}
RESULT: {"using":"xpath","value":"//table[contains(@id, \"smartFilterBar-filterItemControl_BASIC-COUNTRY-valueHelpDialog-table-table\")]/tbody/tr[1]/td[1]/div/span"}
COMMAND: POST /session/51d05497d96ae615446aca44ec2f391a/execute/sync - {"script":"<script> [56 bytes]","args":[{"element-6066-11e4-a52e-4f735466cecf":"f.1110AE11D5341A9A4CB0164170D53196.d.0303A9AF84B6409C85847A8D847EA17F.e.1859","ELEMENT":"f.1110AE11D5341A9A4CB0164170D53196.d.0303A9AF84B6409C85847A8D847EA17F.e.1859"}]}
RESULT: {"script":"<script> [56 bytes]","args":[{"element-6066-11e4-a52e-4f735466cecf":"f.1110AE11D5341A9A4CB0164170D53196.d.0303A9AF84B6409C85847A8D847EA17F.e.1859","ELEMENT":"f.1110AE11D5341A9A4CB0164170D53196.d.0303A9AF84B6409C85847A8D847EA17F.e.1859"}]}
COMMAND: POST /session/51d05497d96ae615446aca44ec2f391a/element - {"using":"xpath","value":"//div[contains(@id, \"filterItemControl_BASIC-COUNTRY-valueHelpDialog-table-rowsel0\")]"}
COMMAND: GET /session/51d05497d96ae615446aca44ec2f391a/screenshot - {}
RESULT: {"using":"xpath","value":"//div[contains(@id, \"filterItemControl_BASIC-COUNTRY-valueHelpDialog-table-rowsel0\")]"}
COMMAND: POST /session/51d05497d96ae615446aca44ec2f391a/element/f.1110AE11D5341A9A4CB0164170D53196.d.0303A9AF84B6409C85847A8D847EA17F.e.1860/click - {}
RESULT: {}
RESULT: {}
COMMAND: GET /session/51d05497d96ae615446aca44ec2f391a/screenshot - {}
RESULT: {}
COMMAND: POST /session/51d05497d96ae615446aca44ec2f391a/element - {"using":"xpath","value":"(//bdi[contains(text(), \"OK\")])[1]"}
RESULT: {"using":"xpath","value":"(//bdi[contains(text(), \"OK\")])[1]"}
COMMAND: POST /session/51d05497d96ae615446aca44ec2f391a/element/f.1110AE11D5341A9A4CB0164170D53196.d.0303A9AF84B6409C85847A8D847EA17F.e.1862/click - {}
RESULT: {}
COMMAND: GET /session/51d05497d96ae615446aca44ec2f391a/screenshot - {}
RESULT: {}
COMMAND: POST /session/51d05497d96ae615446aca44ec2f391a/element - {"using":"xpath","value":"//span[@id=\"application-addressmanagement-display-component---masterAdm--smartTable-header-inner\"]"}
RESULT: {"using":"xpath","value":"//span[@id=\"application-addressmanagement-display-component---masterAdm--smartTable-header-inner\"]"}
COMMAND: POST /session/51d05497d96ae615446aca44ec2f391a/elements - {"using":"xpath","value":"//span[@id=\"application-addressmanagement-display-component---masterAdm--smartTable-header-inner\"]"}
RESULT: {"using":"xpath","value":"//span[@id=\"application-addressmanagement-display-component---masterAdm--smartTable-header-inner\"]"}
COMMAND: POST /session/51d05497d96ae615446aca44ec2f391a/execute/sync - {"script":"<script> [56 bytes]","args":[{"element-6066-11e4-a52e-4f735466cecf":"f.1110AE11D5341A9A4CB0164170D53196.d.0303A9AF84B6409C85847A8D847EA17F.e.1595","ELEMENT":"f.1110AE11D5341A9A4CB0164170D53196.d.0303A9AF84B6409C85847A8D847EA17F.e.1595"}]}
RESULT: {"script":"<script> [56 bytes]","args":[{"element-6066-11e4-a52e-4f735466cecf":"f.1110AE11D5341A9A4CB0164170D53196.d.0303A9AF84B6409C85847A8D847EA17F.e.1595","ELEMENT":"f.1110AE11D5341A9A4CB0164170D53196.d.0303A9AF84B6409C85847A8D847EA17F.e.1595"}]}
COMMAND: POST /session/51d05497d96ae615446aca44ec2f391a/execute/async - {"script":"<script> [1562 bytes]","args":[{"selector":{"id":"application-addressmanagement-display-component---masterAdm--smartFilterBar-filterItemControl_BASIC-NAME-vhi"},"wdio_ui5_key":"applicationaddressmanagement-display-component---masterAdm--smartFilterBar-filterItemControl_BASIC-NAME-vhi"}]}
COMMAND: GET /session/51d05497d96ae615446aca44ec2f391a/screenshot - {}
RESULT: {"script":"<script> [1562 bytes]","args":[{"selector":{"id":"application-addressmanagement-display-component---masterAdm--smartFilterBar-filterItemControl_BASIC-NAME-vhi"},"wdio_ui5_key":"applicationaddressmanagement-display-component---masterAdm--smartFilterBar-filterItemControl_BASIC-NAME-vhi"}]}
RESULT: undefined
COMMAND: POST /session/51d05497d96ae615446aca44ec2f391a/element - {"using":"xpath","value":"//*[@id=\"application-addressmanagement-display-component---masterAdm--smartFilterBar-filterItemControl_BASIC-NAME-vhi\"]"}
RESULT: {}
RESULT: {"using":"xpath","value":"//*[@id=\"application-addressmanagement-display-component---masterAdm--smartFilterBar-filterItemControl_BASIC-NAME-vhi\"]"}
COMMAND: POST /session/51d05497d96ae615446aca44ec2f391a/element/f.1110AE11D5341A9A4CB0164170D53196.d.0303A9AF84B6409C85847A8D847EA17F.e.1939/click - {}
RESULT: {}
COMMAND: GET /session/51d05497d96ae615446aca44ec2f391a/screenshot - {}
RESULT: {}
COMMAND: POST /session/51d05497d96ae615446aca44ec2f391a/execute/async - {"script":"<script> [1562 bytes]","args":[{"selector":{"controlType":"sap.m.Input","viewName":"etm.portal.ui.addressmanagement.view.Master","viewId":"application-addressmanagement-display-component---masterAdm","properties":{"valueState":"None"},"searchOpenDialogs":true,"interaction":{"idSuffix":"inner"}},"wdio_ui5_key":"etmportal.ui.addressmanagement.view.Mastersap.m.Input{\"valueState\":\"None\"}"}]}
RESULT: {"script":"<script> [1562 bytes]","args":[{"selector":{"controlType":"sap.m.Input","viewName":"etm.portal.ui.addressmanagement.view.Master","viewId":"application-addressmanagement-display-component---masterAdm","properties":{"valueState":"None"},"searchOpenDialogs":true,"interaction":{"idSuffix":"inner"}},"wdio_ui5_key":"etmportal.ui.addressmanagement.view.Mastersap.m.Input{\"valueState\":\"None\"}"}]}
RESULT: undefined
COMMAND: POST /session/51d05497d96ae615446aca44ec2f391a/execute/async - {"script":"<script> [776 bytes]","args":[{"enterText":"Test","selector":{"controlType":"sap.m.Input","viewName":"etm.portal.ui.addressmanagement.view.Master","viewId":"application-addressmanagement-display-component---masterAdm","properties":{"valueState":"None"},"searchOpenDialogs":true,"interaction":{"idSuffix":"inner"}},"clearTextFirst":true,"interactionType":"ENTER_TEXT"}]}
RESULT: {"script":"<script> [776 bytes]","args":[{"enterText":"Test","selector":{"controlType":"sap.m.Input","viewName":"etm.portal.ui.addressmanagement.view.Master","viewId":"application-addressmanagement-display-component---masterAdm","properties":{"valueState":"None"},"searchOpenDialogs":true,"interaction":{"idSuffix":"inner"}},"clearTextFirst":true,"interactionType":"ENTER_TEXT"}]}
COMMAND: POST /session/51d05497d96ae615446aca44ec2f391a/actions - {"actions":[{"id":"action10","type":"key","parameters":{},"actions":[{"type":"keyDown","value":"î€‡"},{"type":"pause","duration":10},{"type":"keyUp","value":"î€‡"}]}]}
RESULT: {"actions":[{"id":"action10","type":"key","parameters":{},"actions":[{"type":"keyDown","value":"î€‡"},{"type":"pause","duration":10},{"type":"keyUp","value":"î€‡"}]}]}
COMMAND: GET /session/51d05497d96ae615446aca44ec2f391a/screenshot - {}
RESULT: {}
COMMAND: POST /session/51d05497d96ae615446aca44ec2f391a/element - {"using":"xpath","value":"(//bdi[contains(text(), \"OK\")])[1]"}
RESULT: {"using":"xpath","value":"(//bdi[contains(text(), \"OK\")])[1]"}
COMMAND: POST /session/51d05497d96ae615446aca44ec2f391a/element/f.1110AE11D5341A9A4CB0164170D53196.d.0303A9AF84B6409C85847A8D847EA17F.e.1946/click - {}
RESULT: {}
COMMAND: GET /session/51d05497d96ae615446aca44ec2f391a/screenshot - {}
RESULT: {}
COMMAND: POST /session/51d05497d96ae615446aca44ec2f391a/element - {"using":"xpath","value":"//span[@id=\"application-addressmanagement-display-component---masterAdm--smartTable-header-inner\"]"}
RESULT: {"using":"xpath","value":"//span[@id=\"application-addressmanagement-display-component---masterAdm--smartTable-header-inner\"]"}
COMMAND: POST /session/51d05497d96ae615446aca44ec2f391a/elements - {"using":"xpath","value":"//span[@id=\"application-addressmanagement-display-component---masterAdm--smartTable-header-inner\"]"}
RESULT: {"using":"xpath","value":"//span[@id=\"application-addressmanagement-display-component---masterAdm--smartTable-header-inner\"]"}
COMMAND: POST /session/51d05497d96ae615446aca44ec2f391a/execute/sync - {"script":"<script> [56 bytes]","args":[{"element-6066-11e4-a52e-4f735466cecf":"f.1110AE11D5341A9A4CB0164170D53196.d.0303A9AF84B6409C85847A8D847EA17F.e.1595","ELEMENT":"f.1110AE11D5341A9A4CB0164170D53196.d.0303A9AF84B6409C85847A8D847EA17F.e.1595"}]}
RESULT: {"script":"<script> [56 bytes]","args":[{"element-6066-11e4-a52e-4f735466cecf":"f.1110AE11D5341A9A4CB0164170D53196.d.0303A9AF84B6409C85847A8D847EA17F.e.1595","ELEMENT":"f.1110AE11D5341A9A4CB0164170D53196.d.0303A9AF84B6409C85847A8D847EA17F.e.1595"}]}
COMMAND: POST /session/51d05497d96ae615446aca44ec2f391a/element - {"using":"xpath","value":"//span[contains(@title, \"Remove\")]"}
COMMAND: GET /session/51d05497d96ae615446aca44ec2f391a/screenshot - {}
RESULT: {"using":"xpath","value":"//span[contains(@title, \"Remove\")]"}
COMMAND: POST /session/51d05497d96ae615446aca44ec2f391a/element/f.1110AE11D5341A9A4CB0164170D53196.d.0303A9AF84B6409C85847A8D847EA17F.e.2057/click - {}
RESULT: {}
RESULT: {}
COMMAND: GET /session/51d05497d96ae615446aca44ec2f391a/screenshot - {}
RESULT: {}
COMMAND: POST /session/51d05497d96ae615446aca44ec2f391a/element - {"using":"xpath","value":"//span[contains(@title, \"Remove\")]"}
RESULT: {"using":"xpath","value":"//span[contains(@title, \"Remove\")]"}
COMMAND: POST /session/51d05497d96ae615446aca44ec2f391a/element/f.1110AE11D5341A9A4CB0164170D53196.d.0303A9AF84B6409C85847A8D847EA17F.e.2144/click - {}
RESULT: {}
COMMAND: GET /session/51d05497d96ae615446aca44ec2f391a/screenshot - {}
COMMAND: POST /session/51d05497d96ae615446aca44ec2f391a/element - {"using":"xpath","value":"//span[contains(@title, \"Remove\")]"}
RESULT: {}
RESULT: {"using":"xpath","value":"//span[contains(@title, \"Remove\")]"}
COMMAND: POST /session/51d05497d96ae615446aca44ec2f391a/element/f.1110AE11D5341A9A4CB0164170D53196.d.0303A9AF84B6409C85847A8D847EA17F.e.2238/click - {}
RESULT: {}
COMMAND: GET /session/51d05497d96ae615446aca44ec2f391a/screenshot - {}
RESULT: {}
COMMAND: POST /session/51d05497d96ae615446aca44ec2f391a/element - {"using":"css selector","value":"#shell-header-logo"}
RESULT: {"using":"css selector","value":"#shell-header-logo"}
COMMAND: POST /session/51d05497d96ae615446aca44ec2f391a/element/f.1110AE11D5341A9A4CB0164170D53196.d.0303A9AF84B6409C85847A8D847EA17F.e.1420/click - {}
RESULT: {}
COMMAND: GET /session/51d05497d96ae615446aca44ec2f391a/screenshot - {}
RESULT: {}
]]></system-out>
    </testcase>
    <testcase classname="chrome.136_0_7103_93.windows.Address_Management_Tests_US156181_US151165_US151160_US156180_US156178_US151157_US151172_US151170_US151166_US151168" name="Step 6 Should assign user ID to an user assign them to site US151172" time="95.782">
      <system-out><![CDATA[
RESULT: undefined
COMMAND: POST /session/51d05497d96ae615446aca44ec2f391a/element - {"using":"xpath","value":"//*[@id=\"__tile33\"]"}
RESULT: {"using":"xpath","value":"//*[@id=\"__tile33\"]"}
COMMAND: POST /session/51d05497d96ae615446aca44ec2f391a/element/f.1110AE11D5341A9A4CB0164170D53196.d.0303A9AF84B6409C85847A8D847EA17F.e.210/click - {}
RESULT: {}
COMMAND: GET /session/51d05497d96ae615446aca44ec2f391a/screenshot - {}
RESULT: {}
COMMAND: POST /session/51d05497d96ae615446aca44ec2f391a/elements - {"using":"xpath","value":"//span[text()='Error']"}
RESULT: {"using":"xpath","value":"//span[text()='Error']"}
COMMAND: POST /session/51d05497d96ae615446aca44ec2f391a/element - {"using":"xpath","value":"//button[@data-kt=\"addButton\"]"}
RESULT: {"using":"xpath","value":"//button[@data-kt=\"addButton\"]"}
COMMAND: POST /session/51d05497d96ae615446aca44ec2f391a/elements - {"using":"xpath","value":"//button[@data-kt=\"addButton\"]"}
RESULT: {"using":"xpath","value":"//button[@data-kt=\"addButton\"]"}
COMMAND: POST /session/51d05497d96ae615446aca44ec2f391a/execute/sync - {"script":"<script> [8489 bytes]","args":[{"element-6066-11e4-a52e-4f735466cecf":"f.1110AE11D5341A9A4CB0164170D53196.d.0303A9AF84B6409C85847A8D847EA17F.e.2340","ELEMENT":"f.1110AE11D5341A9A4CB0164170D53196.d.0303A9AF84B6409C85847A8D847EA17F.e.2340"}]}
RESULT: {"script":"<script> [8489 bytes]","args":[{"element-6066-11e4-a52e-4f735466cecf":"f.1110AE11D5341A9A4CB0164170D53196.d.0303A9AF84B6409C85847A8D847EA17F.e.2340","ELEMENT":"f.1110AE11D5341A9A4CB0164170D53196.d.0303A9AF84B6409C85847A8D847EA17F.e.2340"}]}
COMMAND: GET /session/51d05497d96ae615446aca44ec2f391a/element/f.1110AE11D5341A9A4CB0164170D53196.d.0303A9AF84B6409C85847A8D847EA17F.e.2340/enabled - {}
COMMAND: GET /session/51d05497d96ae615446aca44ec2f391a/screenshot - {}
RESULT: {}
COMMAND: POST /session/51d05497d96ae615446aca44ec2f391a/execute/sync - {"script":"<script> [8489 bytes]","args":[{"element-6066-11e4-a52e-4f735466cecf":"f.1110AE11D5341A9A4CB0164170D53196.d.0303A9AF84B6409C85847A8D847EA17F.e.2340","ELEMENT":"f.1110AE11D5341A9A4CB0164170D53196.d.0303A9AF84B6409C85847A8D847EA17F.e.2340"}]}
COMMAND: GET /session/51d05497d96ae615446aca44ec2f391a/screenshot - {}
RESULT: {}
RESULT: {"script":"<script> [8489 bytes]","args":[{"element-6066-11e4-a52e-4f735466cecf":"f.1110AE11D5341A9A4CB0164170D53196.d.0303A9AF84B6409C85847A8D847EA17F.e.2340","ELEMENT":"f.1110AE11D5341A9A4CB0164170D53196.d.0303A9AF84B6409C85847A8D847EA17F.e.2340"}]}
COMMAND: POST /session/51d05497d96ae615446aca44ec2f391a/execute/sync - {"script":"<script> [5351 bytes]","args":[{"element-6066-11e4-a52e-4f735466cecf":"f.1110AE11D5341A9A4CB0164170D53196.d.0303A9AF84B6409C85847A8D847EA17F.e.2340","ELEMENT":"f.1110AE11D5341A9A4CB0164170D53196.d.0303A9AF84B6409C85847A8D847EA17F.e.2340"}]}
COMMAND: GET /session/51d05497d96ae615446aca44ec2f391a/screenshot - {}
RESULT: {}
RESULT: {"script":"<script> [5351 bytes]","args":[{"element-6066-11e4-a52e-4f735466cecf":"f.1110AE11D5341A9A4CB0164170D53196.d.0303A9AF84B6409C85847A8D847EA17F.e.2340","ELEMENT":"f.1110AE11D5341A9A4CB0164170D53196.d.0303A9AF84B6409C85847A8D847EA17F.e.2340"}]}
COMMAND: GET /session/51d05497d96ae615446aca44ec2f391a/screenshot - {}
RESULT: {}
RESULT: {}
RESULT: undefined
COMMAND: POST /session/51d05497d96ae615446aca44ec2f391a/execute/async - {"script":"<script> [776 bytes]","args":[{"enterText":"Test1ETM","selector":{"id":"application-addressmanagement-display-component---masterAdm--smartFilterBar-btnBasicSearch","interaction":{"idSuffix":"I"}},"clearTextFirst":true,"interactionType":"ENTER_TEXT"}]}
RESULT: {"script":"<script> [776 bytes]","args":[{"enterText":"Test1ETM","selector":{"id":"application-addressmanagement-display-component---masterAdm--smartFilterBar-btnBasicSearch","interaction":{"idSuffix":"I"}},"clearTextFirst":true,"interactionType":"ENTER_TEXT"}]}
COMMAND: POST /session/51d05497d96ae615446aca44ec2f391a/actions - {"actions":[{"id":"action11","type":"key","parameters":{},"actions":[{"type":"keyDown","value":"î€‡"},{"type":"pause","duration":10},{"type":"keyUp","value":"î€‡"}]}]}
RESULT: {"actions":[{"id":"action11","type":"key","parameters":{},"actions":[{"type":"keyDown","value":"î€‡"},{"type":"pause","duration":10},{"type":"keyUp","value":"î€‡"}]}]}
COMMAND: GET /session/51d05497d96ae615446aca44ec2f391a/screenshot - {}
RESULT: {}
COMMAND: POST /session/51d05497d96ae615446aca44ec2f391a/elements - {"using":"xpath","value":"//table[contains(@id, \"customPersonsAddressesTable-listUl\")]/tbody/tr"}
RESULT: {"using":"xpath","value":"//table[contains(@id, \"customPersonsAddressesTable-listUl\")]/tbody/tr"}
COMMAND: POST /session/51d05497d96ae615446aca44ec2f391a/element - {"using":"xpath","value":"//table[contains(@id, \"customPersonsAddressesTable-listUl\")]/tbody/tr[1]/td[5]/span/span"}
RESULT: {"using":"xpath","value":"//table[contains(@id, \"customPersonsAddressesTable-listUl\")]/tbody/tr[1]/td[5]/span/span"}
COMMAND: POST /session/51d05497d96ae615446aca44ec2f391a/element - {"using":"xpath","value":"//table[contains(@id, \"customPersonsAddressesTable-listUl\")]/tbody/tr[1]/td[3]/span"}
RESULT: {"using":"xpath","value":"//table[contains(@id, \"customPersonsAddressesTable-listUl\")]/tbody/tr[1]/td[3]/span"}
COMMAND: POST /session/51d05497d96ae615446aca44ec2f391a/elements - {"using":"xpath","value":"//table[contains(@id, \"customPersonsAddressesTable-listUl\")]/tbody/tr[1]/td[5]/span/span"}
RESULT: {"using":"xpath","value":"//table[contains(@id, \"customPersonsAddressesTable-listUl\")]/tbody/tr[1]/td[5]/span/span"}
COMMAND: POST /session/51d05497d96ae615446aca44ec2f391a/execute/sync - {"script":"<script> [56 bytes]","args":[{"element-6066-11e4-a52e-4f735466cecf":"f.1110AE11D5341A9A4CB0164170D53196.d.0303A9AF84B6409C85847A8D847EA17F.e.2486","ELEMENT":"f.1110AE11D5341A9A4CB0164170D53196.d.0303A9AF84B6409C85847A8D847EA17F.e.2486"}]}
RESULT: {"script":"<script> [56 bytes]","args":[{"element-6066-11e4-a52e-4f735466cecf":"f.1110AE11D5341A9A4CB0164170D53196.d.0303A9AF84B6409C85847A8D847EA17F.e.2486","ELEMENT":"f.1110AE11D5341A9A4CB0164170D53196.d.0303A9AF84B6409C85847A8D847EA17F.e.2486"}]}
COMMAND: POST /session/51d05497d96ae615446aca44ec2f391a/element - {"using":"xpath","value":"//span[@id=\"application-addressmanagement-display-component---masterAdm--smartTable-header-inner\"]"}
COMMAND: GET /session/51d05497d96ae615446aca44ec2f391a/screenshot - {}
RESULT: {"using":"xpath","value":"//span[@id=\"application-addressmanagement-display-component---masterAdm--smartTable-header-inner\"]"}
COMMAND: POST /session/51d05497d96ae615446aca44ec2f391a/elements - {"using":"xpath","value":"//span[@id=\"application-addressmanagement-display-component---masterAdm--smartTable-header-inner\"]"}
RESULT: {}
RESULT: {"using":"xpath","value":"//span[@id=\"application-addressmanagement-display-component---masterAdm--smartTable-header-inner\"]"}
COMMAND: POST /session/51d05497d96ae615446aca44ec2f391a/execute/sync - {"script":"<script> [56 bytes]","args":[{"element-6066-11e4-a52e-4f735466cecf":"f.1110AE11D5341A9A4CB0164170D53196.d.0303A9AF84B6409C85847A8D847EA17F.e.2488","ELEMENT":"f.1110AE11D5341A9A4CB0164170D53196.d.0303A9AF84B6409C85847A8D847EA17F.e.2488"}]}
RESULT: {"script":"<script> [56 bytes]","args":[{"element-6066-11e4-a52e-4f735466cecf":"f.1110AE11D5341A9A4CB0164170D53196.d.0303A9AF84B6409C85847A8D847EA17F.e.2488","ELEMENT":"f.1110AE11D5341A9A4CB0164170D53196.d.0303A9AF84B6409C85847A8D847EA17F.e.2488"}]}
COMMAND: POST /session/51d05497d96ae615446aca44ec2f391a/element - {"using":"css selector","value":"#shell-header-logo"}
COMMAND: GET /session/51d05497d96ae615446aca44ec2f391a/screenshot - {}
RESULT: {"using":"css selector","value":"#shell-header-logo"}
COMMAND: POST /session/51d05497d96ae615446aca44ec2f391a/element/f.1110AE11D5341A9A4CB0164170D53196.d.0303A9AF84B6409C85847A8D847EA17F.e.2298/click - {}
RESULT: {}
RESULT: {}
COMMAND: GET /session/51d05497d96ae615446aca44ec2f391a/screenshot - {}
RESULT: {}
COMMAND: POST /session/51d05497d96ae615446aca44ec2f391a/execute/async - {"script":"<script> [1562 bytes]","args":[{"selector":{"controlType":"sap.m.GenericTile","properties":{"header":"Manage Sites"}},"wdio_ui5_key":"sapm.GenericTile{\"header\":\"Manage Sites\"}"}]}
RESULT: {"script":"<script> [1562 bytes]","args":[{"selector":{"controlType":"sap.m.GenericTile","properties":{"header":"Manage Sites"}},"wdio_ui5_key":"sapm.GenericTile{\"header\":\"Manage Sites\"}"}]}
RESULT: undefined
COMMAND: POST /session/51d05497d96ae615446aca44ec2f391a/element - {"using":"xpath","value":"//*[@id=\"__tile40\"]"}
RESULT: {"using":"xpath","value":"//*[@id=\"__tile40\"]"}
COMMAND: POST /session/51d05497d96ae615446aca44ec2f391a/element/f.1110AE11D5341A9A4CB0164170D53196.d.0303A9AF84B6409C85847A8D847EA17F.e.153/click - {}
RESULT: {}
COMMAND: GET /session/51d05497d96ae615446aca44ec2f391a/screenshot - {}
RESULT: {}
COMMAND: POST /session/51d05497d96ae615446aca44ec2f391a/elements - {"using":"xpath","value":"//span[text()='Error']"}
RESULT: {"using":"xpath","value":"//span[text()='Error']"}
COMMAND: POST /session/51d05497d96ae615446aca44ec2f391a/element - {"using":"xpath","value":"//button[@data-kt=\"addOverflowToolbarButton\"]"}
RESULT: {"using":"xpath","value":"//button[@data-kt=\"addOverflowToolbarButton\"]"}
COMMAND: POST /session/51d05497d96ae615446aca44ec2f391a/elements - {"using":"xpath","value":"//button[@data-kt=\"addOverflowToolbarButton\"]"}
RESULT: {"using":"xpath","value":"//button[@data-kt=\"addOverflowToolbarButton\"]"}
COMMAND: POST /session/51d05497d96ae615446aca44ec2f391a/execute/sync - {"script":"<script> [8489 bytes]","args":[{"element-6066-11e4-a52e-4f735466cecf":"f.1110AE11D5341A9A4CB0164170D53196.d.0303A9AF84B6409C85847A8D847EA17F.e.2535","ELEMENT":"f.1110AE11D5341A9A4CB0164170D53196.d.0303A9AF84B6409C85847A8D847EA17F.e.2535"}]}
RESULT: {"script":"<script> [8489 bytes]","args":[{"element-6066-11e4-a52e-4f735466cecf":"f.1110AE11D5341A9A4CB0164170D53196.d.0303A9AF84B6409C85847A8D847EA17F.e.2535","ELEMENT":"f.1110AE11D5341A9A4CB0164170D53196.d.0303A9AF84B6409C85847A8D847EA17F.e.2535"}]}
COMMAND: GET /session/51d05497d96ae615446aca44ec2f391a/element/f.1110AE11D5341A9A4CB0164170D53196.d.0303A9AF84B6409C85847A8D847EA17F.e.2535/enabled - {}
COMMAND: GET /session/51d05497d96ae615446aca44ec2f391a/screenshot - {}
RESULT: {}
COMMAND: POST /session/51d05497d96ae615446aca44ec2f391a/execute/sync - {"script":"<script> [8489 bytes]","args":[{"element-6066-11e4-a52e-4f735466cecf":"f.1110AE11D5341A9A4CB0164170D53196.d.0303A9AF84B6409C85847A8D847EA17F.e.2535","ELEMENT":"f.1110AE11D5341A9A4CB0164170D53196.d.0303A9AF84B6409C85847A8D847EA17F.e.2535"}]}
COMMAND: GET /session/51d05497d96ae615446aca44ec2f391a/screenshot - {}
RESULT: {}
RESULT: {"script":"<script> [8489 bytes]","args":[{"element-6066-11e4-a52e-4f735466cecf":"f.1110AE11D5341A9A4CB0164170D53196.d.0303A9AF84B6409C85847A8D847EA17F.e.2535","ELEMENT":"f.1110AE11D5341A9A4CB0164170D53196.d.0303A9AF84B6409C85847A8D847EA17F.e.2535"}]}
COMMAND: POST /session/51d05497d96ae615446aca44ec2f391a/execute/sync - {"script":"<script> [5351 bytes]","args":[{"element-6066-11e4-a52e-4f735466cecf":"f.1110AE11D5341A9A4CB0164170D53196.d.0303A9AF84B6409C85847A8D847EA17F.e.2535","ELEMENT":"f.1110AE11D5341A9A4CB0164170D53196.d.0303A9AF84B6409C85847A8D847EA17F.e.2535"}]}
COMMAND: GET /session/51d05497d96ae615446aca44ec2f391a/screenshot - {}
RESULT: {}
RESULT: {"script":"<script> [5351 bytes]","args":[{"element-6066-11e4-a52e-4f735466cecf":"f.1110AE11D5341A9A4CB0164170D53196.d.0303A9AF84B6409C85847A8D847EA17F.e.2535","ELEMENT":"f.1110AE11D5341A9A4CB0164170D53196.d.0303A9AF84B6409C85847A8D847EA17F.e.2535"}]}
COMMAND: GET /session/51d05497d96ae615446aca44ec2f391a/screenshot - {}
RESULT: {}
RESULT: {}
COMMAND: POST /session/51d05497d96ae615446aca44ec2f391a/element/f.1110AE11D5341A9A4CB0164170D53196.d.0303A9AF84B6409C85847A8D847EA17F.e.2535/click - {}
RESULT: {}
COMMAND: GET /session/51d05497d96ae615446aca44ec2f391a/screenshot - {}
RESULT: {}
COMMAND: POST /session/51d05497d96ae615446aca44ec2f391a/execute/async - {"script":"<script> [1562 bytes]","args":[{"selector":{"controlType":"sap.m.Button","viewName":"etm.portal.ui.managesites.view.NewSmartSite","viewId":"application-managesites-display-component---NewSite","properties":{"text":"Contacts (Users)"},"interaction":{"idSuffix":"BDI-content"}},"wdio_ui5_key":"etmportal.ui.managesites.view.NewSmartSitesap.m.Button{\"text\":\"Contacts (Users)\"}"}]}
RESULT: {"script":"<script> [1562 bytes]","args":[{"selector":{"controlType":"sap.m.Button","viewName":"etm.portal.ui.managesites.view.NewSmartSite","viewId":"application-managesites-display-component---NewSite","properties":{"text":"Contacts (Users)"},"interaction":{"idSuffix":"BDI-content"}},"wdio_ui5_key":"etmportal.ui.managesites.view.NewSmartSitesap.m.Button{\"text\":\"Contacts (Users)\"}"}]}
RESULT: undefined
COMMAND: POST /session/51d05497d96ae615446aca44ec2f391a/element - {"using":"xpath","value":"//*[@id=\"application-managesites-display-component---NewSite--ObjectPageLayout-anchBar-__section46-anchor\"]"}
RESULT: {"using":"xpath","value":"//*[@id=\"application-managesites-display-component---NewSite--ObjectPageLayout-anchBar-__section46-anchor\"]"}
COMMAND: POST /session/51d05497d96ae615446aca44ec2f391a/element/f.1110AE11D5341A9A4CB0164170D53196.d.0303A9AF84B6409C85847A8D847EA17F.e.2935/click - {}
RESULT: {}
COMMAND: GET /session/51d05497d96ae615446aca44ec2f391a/screenshot - {}
RESULT: {}
COMMAND: POST /session/51d05497d96ae615446aca44ec2f391a/element - {"using":"xpath","value":"//button[@data-kt=\"onAddUserOverflowToolbarButton\"]"}
RESULT: {"using":"xpath","value":"//button[@data-kt=\"onAddUserOverflowToolbarButton\"]"}
COMMAND: POST /session/51d05497d96ae615446aca44ec2f391a/element/f.1110AE11D5341A9A4CB0164170D53196.d.0303A9AF84B6409C85847A8D847EA17F.e.2940/click - {}
RESULT: {}
COMMAND: GET /session/51d05497d96ae615446aca44ec2f391a/screenshot - {}
RESULT: {}
COMMAND: POST /session/51d05497d96ae615446aca44ec2f391a/execute/async - {"script":"<script> [1562 bytes]","args":[{"selector":{"controlType":"sap.m.SearchField","viewName":"etm.portal.ui.managesites.view.NewSmartSite","viewId":"application-managesites-display-component---NewSite","searchOpenDialogs":true,"interaction":{"idSuffix":"I"}},"wdio_ui5_key":"etmportal.ui.managesites.view.NewSmartSitesap.m.SearchField"}]}
RESULT: {"script":"<script> [1562 bytes]","args":[{"selector":{"controlType":"sap.m.SearchField","viewName":"etm.portal.ui.managesites.view.NewSmartSite","viewId":"application-managesites-display-component---NewSite","searchOpenDialogs":true,"interaction":{"idSuffix":"I"}},"wdio_ui5_key":"etmportal.ui.managesites.view.NewSmartSitesap.m.SearchField"}]}
RESULT: undefined
COMMAND: POST /session/51d05497d96ae615446aca44ec2f391a/execute/async - {"script":"<script> [776 bytes]","args":[{"enterText":"Test1ETM","selector":{"controlType":"sap.m.SearchField","viewName":"etm.portal.ui.managesites.view.NewSmartSite","viewId":"application-managesites-display-component---NewSite","searchOpenDialogs":true,"interaction":{"idSuffix":"I"}},"clearTextFirst":true,"interactionType":"ENTER_TEXT"}]}
RESULT: {"script":"<script> [776 bytes]","args":[{"enterText":"Test1ETM","selector":{"controlType":"sap.m.SearchField","viewName":"etm.portal.ui.managesites.view.NewSmartSite","viewId":"application-managesites-display-component---NewSite","searchOpenDialogs":true,"interaction":{"idSuffix":"I"}},"clearTextFirst":true,"interactionType":"ENTER_TEXT"}]}
COMMAND: POST /session/51d05497d96ae615446aca44ec2f391a/actions - {"actions":[{"id":"action12","type":"key","parameters":{},"actions":[{"type":"keyDown","value":"î€‡"},{"type":"pause","duration":10},{"type":"keyUp","value":"î€‡"}]}]}
RESULT: {"actions":[{"id":"action12","type":"key","parameters":{},"actions":[{"type":"keyDown","value":"î€‡"},{"type":"pause","duration":10},{"type":"keyUp","value":"î€‡"}]}]}
COMMAND: GET /session/51d05497d96ae615446aca44ec2f391a/screenshot - {}
RESULT: {}
COMMAND: POST /session/51d05497d96ae615446aca44ec2f391a/element - {"using":"xpath","value":"//li[.//*[contains(text(), \"Test1ETM\")] or contains(text(), \"Test1ETM\")]"}
RESULT: {"using":"xpath","value":"//li[.//*[contains(text(), \"Test1ETM\")] or contains(text(), \"Test1ETM\")]"}
COMMAND: POST /session/51d05497d96ae615446aca44ec2f391a/elements - {"using":"xpath","value":"//li[.//*[contains(text(), \"Test1ETM\")] or contains(text(), \"Test1ETM\")]"}
RESULT: {"using":"xpath","value":"//li[.//*[contains(text(), \"Test1ETM\")] or contains(text(), \"Test1ETM\")]"}
COMMAND: POST /session/51d05497d96ae615446aca44ec2f391a/element - {"using":"xpath","value":"//button[.//bdi[contains(text(), \"Cancel\")]][1]"}
RESULT: {"using":"xpath","value":"//button[.//bdi[contains(text(), \"Cancel\")]][1]"}
COMMAND: POST /session/51d05497d96ae615446aca44ec2f391a/element/f.1110AE11D5341A9A4CB0164170D53196.d.0303A9AF84B6409C85847A8D847EA17F.e.2946/click - {}
RESULT: {}
COMMAND: GET /session/51d05497d96ae615446aca44ec2f391a/screenshot - {}
RESULT: {}
COMMAND: POST /session/51d05497d96ae615446aca44ec2f391a/element - {"using":"css selector","value":"#shell-header-logo"}
RESULT: {"using":"css selector","value":"#shell-header-logo"}
COMMAND: POST /session/51d05497d96ae615446aca44ec2f391a/element/f.1110AE11D5341A9A4CB0164170D53196.d.0303A9AF84B6409C85847A8D847EA17F.e.2492/click - {}
RESULT: {}
COMMAND: GET /session/51d05497d96ae615446aca44ec2f391a/screenshot - {}
RESULT: {}
]]></system-out>
    </testcase>
  </testsuite>
</testsuites>