<?xml version="1.0" encoding="UTF-8"?>
<testsuites tests="49" failures="0" errors="0" skipped="0">
  <testsuite timestamp="2025-05-28T15:09:11" time="1979.357" tests="49" failures="0" errors="0" skipped="0">
    <properties>
      <property name="specId" value="0"/>
      <property name="suiteName" value="Sanity Tests US104253"/>
      <property name="capabilities" value="chrome.136_0_7103_93.windows"/>
      <property name="file" value="file:///D:/a/1/s/test/specs/General/sanity.spec.js"/>
    </properties>
    <testcase classname="chrome.136_0_7103_93.windows.Sanity_Tests_US104253" name="Should open Manage Partners page" time="43.185">
      <system-out><![CDATA[
COMMAND: POST /session/448051c7250ae419f03110640913fd8d/execute/async - {"script":"<script> [1562 bytes]","args":[{"selector":{"controlType":"sap.m.GenericTile","properties":{"header":"Manage Partners"}},"wdio_ui5_key":"sapm.GenericTile{\"header\":\"Manage Partners\"}"}]}
RESULT: {"script":"<script> [1562 bytes]","args":[{"selector":{"controlType":"sap.m.GenericTile","properties":{"header":"Manage Partners"}},"wdio_ui5_key":"sapm.GenericTile{\"header\":\"Manage Partners\"}"}]}
RESULT: undefined
COMMAND: POST /session/448051c7250ae419f03110640913fd8d/element - {"using":"xpath","value":"//*[@id=\"__tile38\"]"}
RESULT: {"using":"xpath","value":"//*[@id=\"__tile38\"]"}
COMMAND: POST /session/448051c7250ae419f03110640913fd8d/element/f.B5C2D4FD721985666FD02FCCEF5CBA56.d.274361F29BE54AC5C0703BFF2C67BECF.e.115/click - {}
RESULT: {}
COMMAND: GET /session/448051c7250ae419f03110640913fd8d/screenshot - {}
RESULT: {}
COMMAND: POST /session/448051c7250ae419f03110640913fd8d/elements - {"using":"xpath","value":"//span[text()='Error']"}
RESULT: {"using":"xpath","value":"//span[text()='Error']"}
RESULT: undefined
COMMAND: POST /session/448051c7250ae419f03110640913fd8d/element - {"using":"xpath","value":"//*[@id=\"__tile38\"]"}
RESULT: {"using":"xpath","value":"//*[@id=\"__tile38\"]"}
COMMAND: POST /session/448051c7250ae419f03110640913fd8d/element/f.B5C2D4FD721985666FD02FCCEF5CBA56.d.274361F29BE54AC5C0703BFF2C67BECF.e.115/click - {}
RESULT: undefined
COMMAND: POST /session/448051c7250ae419f03110640913fd8d/element - {"using":"xpath","value":"//*[@id=\"__tile38\"]"}
RESULT: {"using":"xpath","value":"//*[@id=\"__tile38\"]"}
COMMAND: POST /session/448051c7250ae419f03110640913fd8d/element/f.B5C2D4FD721985666FD02FCCEF5CBA56.d.274361F29BE54AC5C0703BFF2C67BECF.e.115/click - {}
COMMAND: POST /session/448051c7250ae419f03110640913fd8d/execute/async - {"script":"<script> [1562 bytes]","args":[{"selector":{"id":"shellAppTitle"},"wdio_ui5_key":"shellAppTitle"}]}
RESULT: {"script":"<script> [1562 bytes]","args":[{"selector":{"id":"shellAppTitle"},"wdio_ui5_key":"shellAppTitle"}]}
RESULT: undefined
COMMAND: POST /session/448051c7250ae419f03110640913fd8d/execute/async - {"script":"<script> [6424 bytes]","args":[{"element-6066-11e4-a52e-4f735466cecf":"f.B5C2D4FD721985666FD02FCCEF5CBA56.d.274361F29BE54AC5C0703BFF2C67BECF.e.287"},"getTitle",[]]}
RESULT: {"script":"<script> [6424 bytes]","args":[{"element-6066-11e4-a52e-4f735466cecf":"f.B5C2D4FD721985666FD02FCCEF5CBA56.d.274361F29BE54AC5C0703BFF2C67BECF.e.287"},"getTitle",[]]}
COMMAND: POST /session/448051c7250ae419f03110640913fd8d/execute/async - {"script":"<script> [1562 bytes]","args":[{"selector":{"id":"backBtn"},"wdio_ui5_key":"backBtn"}]}
RESULT: {"script":"<script> [1562 bytes]","args":[{"selector":{"id":"backBtn"},"wdio_ui5_key":"backBtn"}]}
RESULT: undefined
COMMAND: POST /session/448051c7250ae419f03110640913fd8d/element - {"using":"xpath","value":"//*[@id=\"backBtn\"]"}
RESULT: {"using":"xpath","value":"//*[@id=\"backBtn\"]"}
COMMAND: POST /session/448051c7250ae419f03110640913fd8d/element/f.B5C2D4FD721985666FD02FCCEF5CBA56.d.274361F29BE54AC5C0703BFF2C67BECF.e.288/click - {}
RESULT: {}
COMMAND: GET /session/448051c7250ae419f03110640913fd8d/screenshot - {}
RESULT: {}
]]></system-out>
    </testcase>
    <testcase classname="chrome.136_0_7103_93.windows.Sanity_Tests_US104253" name="Should open Manage Sites page" time="37.077">
      <system-out><![CDATA[
COMMAND: POST /session/448051c7250ae419f03110640913fd8d/execute/async - {"script":"<script> [1562 bytes]","args":[{"selector":{"controlType":"sap.m.GenericTile","properties":{"header":"Manage Sites"}},"wdio_ui5_key":"sapm.GenericTile{\"header\":\"Manage Sites\"}"}]}
RESULT: {"script":"<script> [1562 bytes]","args":[{"selector":{"controlType":"sap.m.GenericTile","properties":{"header":"Manage Sites"}},"wdio_ui5_key":"sapm.GenericTile{\"header\":\"Manage Sites\"}"}]}
RESULT: undefined
COMMAND: POST /session/448051c7250ae419f03110640913fd8d/element - {"using":"xpath","value":"//*[@id=\"__tile40\"]"}
RESULT: {"using":"xpath","value":"//*[@id=\"__tile40\"]"}
COMMAND: POST /session/448051c7250ae419f03110640913fd8d/element/f.B5C2D4FD721985666FD02FCCEF5CBA56.d.274361F29BE54AC5C0703BFF2C67BECF.e.290/click - {}
RESULT: {}
COMMAND: GET /session/448051c7250ae419f03110640913fd8d/screenshot - {}
RESULT: {}
COMMAND: POST /session/448051c7250ae419f03110640913fd8d/elements - {"using":"xpath","value":"//span[text()='Error']"}
RESULT: {"using":"xpath","value":"//span[text()='Error']"}
RESULT: undefined
COMMAND: POST /session/448051c7250ae419f03110640913fd8d/element - {"using":"xpath","value":"//*[@id=\"__tile40\"]"}
RESULT: {"using":"xpath","value":"//*[@id=\"__tile40\"]"}
COMMAND: POST /session/448051c7250ae419f03110640913fd8d/element/f.B5C2D4FD721985666FD02FCCEF5CBA56.d.274361F29BE54AC5C0703BFF2C67BECF.e.290/click - {}
RESULT: undefined
COMMAND: POST /session/448051c7250ae419f03110640913fd8d/element - {"using":"xpath","value":"//*[@id=\"__tile40\"]"}
RESULT: {"using":"xpath","value":"//*[@id=\"__tile40\"]"}
COMMAND: POST /session/448051c7250ae419f03110640913fd8d/element/f.B5C2D4FD721985666FD02FCCEF5CBA56.d.274361F29BE54AC5C0703BFF2C67BECF.e.290/click - {}
RESULT: undefined
COMMAND: POST /session/448051c7250ae419f03110640913fd8d/execute/async - {"script":"<script> [6424 bytes]","args":[{"element-6066-11e4-a52e-4f735466cecf":"f.B5C2D4FD721985666FD02FCCEF5CBA56.d.274361F29BE54AC5C0703BFF2C67BECF.e.287"},"getTitle",[]]}
COMMAND: POST /session/448051c7250ae419f03110640913fd8d/execute/async - {"script":"<script> [1562 bytes]","args":[{"selector":{"id":"shellAppTitle"},"wdio_ui5_key":"shellAppTitle"}]}
RESULT: {"script":"<script> [1562 bytes]","args":[{"selector":{"id":"shellAppTitle"},"wdio_ui5_key":"shellAppTitle"}]}
COMMAND: POST /session/448051c7250ae419f03110640913fd8d/execute/async - {"script":"<script> [6424 bytes]","args":[{"element-6066-11e4-a52e-4f735466cecf":"f.B5C2D4FD721985666FD02FCCEF5CBA56.d.274361F29BE54AC5C0703BFF2C67BECF.e.482"},"getTitle",[]]}
RESULT: {"script":"<script> [6424 bytes]","args":[{"element-6066-11e4-a52e-4f735466cecf":"f.B5C2D4FD721985666FD02FCCEF5CBA56.d.274361F29BE54AC5C0703BFF2C67BECF.e.482"},"getTitle",[]]}
RESULT: undefined
COMMAND: POST /session/448051c7250ae419f03110640913fd8d/element/f.B5C2D4FD721985666FD02FCCEF5CBA56.d.274361F29BE54AC5C0703BFF2C67BECF.e.288/click - {}
RESULT: {}
COMMAND: GET /session/448051c7250ae419f03110640913fd8d/screenshot - {}
RESULT: {}
]]></system-out>
    </testcase>
    <testcase classname="chrome.136_0_7103_93.windows.Sanity_Tests_US104253" name="Should open Manage Resources page" time="38.26">
      <system-out><![CDATA[
COMMAND: POST /session/448051c7250ae419f03110640913fd8d/execute/async - {"script":"<script> [1562 bytes]","args":[{"selector":{"controlType":"sap.m.GenericTile","properties":{"header":"Manage Resources"}},"wdio_ui5_key":"sapm.GenericTile{\"header\":\"Manage Resources\"}"}]}
RESULT: {"script":"<script> [1562 bytes]","args":[{"selector":{"controlType":"sap.m.GenericTile","properties":{"header":"Manage Resources"}},"wdio_ui5_key":"sapm.GenericTile{\"header\":\"Manage Resources\"}"}]}
RESULT: undefined
COMMAND: POST /session/448051c7250ae419f03110640913fd8d/element - {"using":"xpath","value":"//*[@id=\"__tile39\"]"}
RESULT: {"using":"xpath","value":"//*[@id=\"__tile39\"]"}
COMMAND: POST /session/448051c7250ae419f03110640913fd8d/element/f.B5C2D4FD721985666FD02FCCEF5CBA56.d.274361F29BE54AC5C0703BFF2C67BECF.e.484/click - {}
RESULT: {}
COMMAND: GET /session/448051c7250ae419f03110640913fd8d/screenshot - {}
RESULT: {}
COMMAND: POST /session/448051c7250ae419f03110640913fd8d/elements - {"using":"xpath","value":"//span[text()='Error']"}
RESULT: {"using":"xpath","value":"//span[text()='Error']"}
RESULT: undefined
COMMAND: POST /session/448051c7250ae419f03110640913fd8d/element - {"using":"xpath","value":"//*[@id=\"__tile39\"]"}
RESULT: {"using":"xpath","value":"//*[@id=\"__tile39\"]"}
COMMAND: POST /session/448051c7250ae419f03110640913fd8d/element/f.B5C2D4FD721985666FD02FCCEF5CBA56.d.274361F29BE54AC5C0703BFF2C67BECF.e.484/click - {}
RESULT: undefined
COMMAND: POST /session/448051c7250ae419f03110640913fd8d/element - {"using":"xpath","value":"//*[@id=\"__tile39\"]"}
RESULT: {"using":"xpath","value":"//*[@id=\"__tile39\"]"}
COMMAND: POST /session/448051c7250ae419f03110640913fd8d/element/f.B5C2D4FD721985666FD02FCCEF5CBA56.d.274361F29BE54AC5C0703BFF2C67BECF.e.484/click - {}
RESULT: undefined
COMMAND: POST /session/448051c7250ae419f03110640913fd8d/execute/async - {"script":"<script> [6424 bytes]","args":[{"element-6066-11e4-a52e-4f735466cecf":"f.B5C2D4FD721985666FD02FCCEF5CBA56.d.274361F29BE54AC5C0703BFF2C67BECF.e.287"},"getTitle",[]]}
COMMAND: POST /session/448051c7250ae419f03110640913fd8d/execute/async - {"script":"<script> [1562 bytes]","args":[{"selector":{"id":"shellAppTitle"},"wdio_ui5_key":"shellAppTitle"}]}
RESULT: {"script":"<script> [1562 bytes]","args":[{"selector":{"id":"shellAppTitle"},"wdio_ui5_key":"shellAppTitle"}]}
COMMAND: POST /session/448051c7250ae419f03110640913fd8d/execute/async - {"script":"<script> [6424 bytes]","args":[{"element-6066-11e4-a52e-4f735466cecf":"f.B5C2D4FD721985666FD02FCCEF5CBA56.d.274361F29BE54AC5C0703BFF2C67BECF.e.657"},"getTitle",[]]}
RESULT: {"script":"<script> [6424 bytes]","args":[{"element-6066-11e4-a52e-4f735466cecf":"f.B5C2D4FD721985666FD02FCCEF5CBA56.d.274361F29BE54AC5C0703BFF2C67BECF.e.657"},"getTitle",[]]}
RESULT: undefined
COMMAND: POST /session/448051c7250ae419f03110640913fd8d/element/f.B5C2D4FD721985666FD02FCCEF5CBA56.d.274361F29BE54AC5C0703BFF2C67BECF.e.288/click - {}
COMMAND: POST /session/448051c7250ae419f03110640913fd8d/element - {"using":"xpath","value":"//*[@id=\"backBtn\"]"}
RESULT: {"using":"xpath","value":"//*[@id=\"backBtn\"]"}
COMMAND: POST /session/448051c7250ae419f03110640913fd8d/element/f.B5C2D4FD721985666FD02FCCEF5CBA56.d.274361F29BE54AC5C0703BFF2C67BECF.e.288/click - {}
COMMAND: POST /session/448051c7250ae419f03110640913fd8d/element - {"using":"xpath","value":"//*[@id=\"backBtn\"]"}
RESULT: {"using":"xpath","value":"//*[@id=\"backBtn\"]"}
COMMAND: POST /session/448051c7250ae419f03110640913fd8d/element/f.B5C2D4FD721985666FD02FCCEF5CBA56.d.274361F29BE54AC5C0703BFF2C67BECF.e.658/click - {}
RESULT: {}
COMMAND: GET /session/448051c7250ae419f03110640913fd8d/screenshot - {}
RESULT: {}
]]></system-out>
    </testcase>
    <testcase classname="chrome.136_0_7103_93.windows.Sanity_Tests_US104253" name="Should open Manage Catalogs page" time="36.559">
      <system-out><![CDATA[
COMMAND: POST /session/448051c7250ae419f03110640913fd8d/execute/async - {"script":"<script> [1562 bytes]","args":[{"selector":{"controlType":"sap.m.GenericTile","properties":{"header":"Manage Catalogs"}},"wdio_ui5_key":"sapm.GenericTile{\"header\":\"Manage Catalogs\"}"}]}
RESULT: {"script":"<script> [1562 bytes]","args":[{"selector":{"controlType":"sap.m.GenericTile","properties":{"header":"Manage Catalogs"}},"wdio_ui5_key":"sapm.GenericTile{\"header\":\"Manage Catalogs\"}"}]}
RESULT: undefined
COMMAND: POST /session/448051c7250ae419f03110640913fd8d/element - {"using":"xpath","value":"//*[@id=\"__tile37\"]"}
RESULT: {"using":"xpath","value":"//*[@id=\"__tile37\"]"}
COMMAND: POST /session/448051c7250ae419f03110640913fd8d/element/f.B5C2D4FD721985666FD02FCCEF5CBA56.d.274361F29BE54AC5C0703BFF2C67BECF.e.660/click - {}
RESULT: {}
COMMAND: GET /session/448051c7250ae419f03110640913fd8d/screenshot - {}
RESULT: {}
COMMAND: POST /session/448051c7250ae419f03110640913fd8d/elements - {"using":"xpath","value":"//span[text()='Error']"}
RESULT: {"using":"xpath","value":"//span[text()='Error']"}
RESULT: undefined
COMMAND: POST /session/448051c7250ae419f03110640913fd8d/element - {"using":"xpath","value":"//*[@id=\"__tile37\"]"}
RESULT: {"using":"xpath","value":"//*[@id=\"__tile37\"]"}
COMMAND: POST /session/448051c7250ae419f03110640913fd8d/element/f.B5C2D4FD721985666FD02FCCEF5CBA56.d.274361F29BE54AC5C0703BFF2C67BECF.e.660/click - {}
RESULT: undefined
COMMAND: POST /session/448051c7250ae419f03110640913fd8d/element - {"using":"xpath","value":"//*[@id=\"__tile37\"]"}
RESULT: {"using":"xpath","value":"//*[@id=\"__tile37\"]"}
COMMAND: POST /session/448051c7250ae419f03110640913fd8d/element/f.B5C2D4FD721985666FD02FCCEF5CBA56.d.274361F29BE54AC5C0703BFF2C67BECF.e.660/click - {}
RESULT: undefined
COMMAND: POST /session/448051c7250ae419f03110640913fd8d/execute/async - {"script":"<script> [6424 bytes]","args":[{"element-6066-11e4-a52e-4f735466cecf":"f.B5C2D4FD721985666FD02FCCEF5CBA56.d.274361F29BE54AC5C0703BFF2C67BECF.e.287"},"getTitle",[]]}
COMMAND: POST /session/448051c7250ae419f03110640913fd8d/execute/async - {"script":"<script> [1562 bytes]","args":[{"selector":{"id":"shellAppTitle"},"wdio_ui5_key":"shellAppTitle"}]}
RESULT: {"script":"<script> [1562 bytes]","args":[{"selector":{"id":"shellAppTitle"},"wdio_ui5_key":"shellAppTitle"}]}
COMMAND: POST /session/448051c7250ae419f03110640913fd8d/execute/async - {"script":"<script> [6424 bytes]","args":[{"element-6066-11e4-a52e-4f735466cecf":"f.B5C2D4FD721985666FD02FCCEF5CBA56.d.274361F29BE54AC5C0703BFF2C67BECF.e.729"},"getTitle",[]]}
RESULT: {"script":"<script> [6424 bytes]","args":[{"element-6066-11e4-a52e-4f735466cecf":"f.B5C2D4FD721985666FD02FCCEF5CBA56.d.274361F29BE54AC5C0703BFF2C67BECF.e.729"},"getTitle",[]]}
RESULT: undefined
COMMAND: POST /session/448051c7250ae419f03110640913fd8d/element/f.B5C2D4FD721985666FD02FCCEF5CBA56.d.274361F29BE54AC5C0703BFF2C67BECF.e.658/click - {}
RESULT: {}
COMMAND: GET /session/448051c7250ae419f03110640913fd8d/screenshot - {}
RESULT: {}
]]></system-out>
    </testcase>
    <testcase classname="chrome.136_0_7103_93.windows.Sanity_Tests_US104253" name="Should open Manage Calendars page" time="36.877">
      <system-out><![CDATA[
COMMAND: POST /session/448051c7250ae419f03110640913fd8d/execute/async - {"script":"<script> [1562 bytes]","args":[{"selector":{"controlType":"sap.m.GenericTile","properties":{"header":"Manage Calendars"}},"wdio_ui5_key":"sapm.GenericTile{\"header\":\"Manage Calendars\"}"}]}
RESULT: {"script":"<script> [1562 bytes]","args":[{"selector":{"controlType":"sap.m.GenericTile","properties":{"header":"Manage Calendars"}},"wdio_ui5_key":"sapm.GenericTile{\"header\":\"Manage Calendars\"}"}]}
RESULT: undefined
COMMAND: POST /session/448051c7250ae419f03110640913fd8d/element - {"using":"xpath","value":"//*[@id=\"__tile36\"]"}
RESULT: {"using":"xpath","value":"//*[@id=\"__tile36\"]"}
COMMAND: POST /session/448051c7250ae419f03110640913fd8d/element/f.B5C2D4FD721985666FD02FCCEF5CBA56.d.274361F29BE54AC5C0703BFF2C67BECF.e.732/click - {}
RESULT: {}
COMMAND: GET /session/448051c7250ae419f03110640913fd8d/screenshot - {}
RESULT: {}
COMMAND: POST /session/448051c7250ae419f03110640913fd8d/elements - {"using":"xpath","value":"//span[text()='Error']"}
RESULT: {"using":"xpath","value":"//span[text()='Error']"}
RESULT: undefined
COMMAND: POST /session/448051c7250ae419f03110640913fd8d/element - {"using":"xpath","value":"//*[@id=\"__tile36\"]"}
RESULT: {"using":"xpath","value":"//*[@id=\"__tile36\"]"}
COMMAND: POST /session/448051c7250ae419f03110640913fd8d/element/f.B5C2D4FD721985666FD02FCCEF5CBA56.d.274361F29BE54AC5C0703BFF2C67BECF.e.732/click - {}
RESULT: undefined
COMMAND: POST /session/448051c7250ae419f03110640913fd8d/element - {"using":"xpath","value":"//*[@id=\"__tile36\"]"}
RESULT: {"using":"xpath","value":"//*[@id=\"__tile36\"]"}
COMMAND: POST /session/448051c7250ae419f03110640913fd8d/element/f.B5C2D4FD721985666FD02FCCEF5CBA56.d.274361F29BE54AC5C0703BFF2C67BECF.e.732/click - {}
RESULT: undefined
COMMAND: POST /session/448051c7250ae419f03110640913fd8d/execute/async - {"script":"<script> [6424 bytes]","args":[{"element-6066-11e4-a52e-4f735466cecf":"f.B5C2D4FD721985666FD02FCCEF5CBA56.d.274361F29BE54AC5C0703BFF2C67BECF.e.287"},"getTitle",[]]}
COMMAND: POST /session/448051c7250ae419f03110640913fd8d/execute/async - {"script":"<script> [1562 bytes]","args":[{"selector":{"id":"shellAppTitle"},"wdio_ui5_key":"shellAppTitle"}]}
RESULT: {"script":"<script> [1562 bytes]","args":[{"selector":{"id":"shellAppTitle"},"wdio_ui5_key":"shellAppTitle"}]}
COMMAND: POST /session/448051c7250ae419f03110640913fd8d/execute/async - {"script":"<script> [6424 bytes]","args":[{"element-6066-11e4-a52e-4f735466cecf":"f.B5C2D4FD721985666FD02FCCEF5CBA56.d.274361F29BE54AC5C0703BFF2C67BECF.e.812"},"getTitle",[]]}
RESULT: {"script":"<script> [6424 bytes]","args":[{"element-6066-11e4-a52e-4f735466cecf":"f.B5C2D4FD721985666FD02FCCEF5CBA56.d.274361F29BE54AC5C0703BFF2C67BECF.e.812"},"getTitle",[]]}
RESULT: undefined
COMMAND: POST /session/448051c7250ae419f03110640913fd8d/element/f.B5C2D4FD721985666FD02FCCEF5CBA56.d.274361F29BE54AC5C0703BFF2C67BECF.e.658/click - {}
COMMAND: POST /session/448051c7250ae419f03110640913fd8d/element - {"using":"xpath","value":"//*[@id=\"backBtn\"]"}
RESULT: {"using":"xpath","value":"//*[@id=\"backBtn\"]"}
COMMAND: POST /session/448051c7250ae419f03110640913fd8d/element/f.B5C2D4FD721985666FD02FCCEF5CBA56.d.274361F29BE54AC5C0703BFF2C67BECF.e.658/click - {}
COMMAND: POST /session/448051c7250ae419f03110640913fd8d/element - {"using":"xpath","value":"//*[@id=\"backBtn\"]"}
RESULT: {"using":"xpath","value":"//*[@id=\"backBtn\"]"}
COMMAND: POST /session/448051c7250ae419f03110640913fd8d/element/f.B5C2D4FD721985666FD02FCCEF5CBA56.d.274361F29BE54AC5C0703BFF2C67BECF.e.813/click - {}
RESULT: {}
COMMAND: GET /session/448051c7250ae419f03110640913fd8d/screenshot - {}
RESULT: {}
]]></system-out>
    </testcase>
    <testcase classname="chrome.136_0_7103_93.windows.Sanity_Tests_US104253" name="Should open Address Management page" time="36.621">
      <system-out><![CDATA[
COMMAND: POST /session/448051c7250ae419f03110640913fd8d/execute/async - {"script":"<script> [1562 bytes]","args":[{"selector":{"controlType":"sap.m.GenericTile","properties":{"header":"Address Management"}},"wdio_ui5_key":"sapm.GenericTile{\"header\":\"Address Management\"}"}]}
RESULT: {"script":"<script> [1562 bytes]","args":[{"selector":{"controlType":"sap.m.GenericTile","properties":{"header":"Address Management"}},"wdio_ui5_key":"sapm.GenericTile{\"header\":\"Address Management\"}"}]}
RESULT: undefined
COMMAND: POST /session/448051c7250ae419f03110640913fd8d/element - {"using":"xpath","value":"//*[@id=\"__tile33\"]"}
RESULT: {"using":"xpath","value":"//*[@id=\"__tile33\"]"}
COMMAND: POST /session/448051c7250ae419f03110640913fd8d/element/f.B5C2D4FD721985666FD02FCCEF5CBA56.d.274361F29BE54AC5C0703BFF2C67BECF.e.815/click - {}
RESULT: {}
COMMAND: GET /session/448051c7250ae419f03110640913fd8d/screenshot - {}
RESULT: {}
COMMAND: POST /session/448051c7250ae419f03110640913fd8d/elements - {"using":"xpath","value":"//span[text()='Error']"}
RESULT: {"using":"xpath","value":"//span[text()='Error']"}
RESULT: undefined
COMMAND: POST /session/448051c7250ae419f03110640913fd8d/element - {"using":"xpath","value":"//*[@id=\"__tile33\"]"}
RESULT: {"using":"xpath","value":"//*[@id=\"__tile33\"]"}
COMMAND: POST /session/448051c7250ae419f03110640913fd8d/element/f.B5C2D4FD721985666FD02FCCEF5CBA56.d.274361F29BE54AC5C0703BFF2C67BECF.e.815/click - {}
RESULT: undefined
COMMAND: POST /session/448051c7250ae419f03110640913fd8d/element - {"using":"xpath","value":"//*[@id=\"__tile33\"]"}
RESULT: {"using":"xpath","value":"//*[@id=\"__tile33\"]"}
COMMAND: POST /session/448051c7250ae419f03110640913fd8d/element/f.B5C2D4FD721985666FD02FCCEF5CBA56.d.274361F29BE54AC5C0703BFF2C67BECF.e.815/click - {}
RESULT: undefined
COMMAND: POST /session/448051c7250ae419f03110640913fd8d/execute/async - {"script":"<script> [6424 bytes]","args":[{"element-6066-11e4-a52e-4f735466cecf":"f.B5C2D4FD721985666FD02FCCEF5CBA56.d.274361F29BE54AC5C0703BFF2C67BECF.e.287"},"getTitle",[]]}
COMMAND: POST /session/448051c7250ae419f03110640913fd8d/execute/async - {"script":"<script> [1562 bytes]","args":[{"selector":{"id":"shellAppTitle"},"wdio_ui5_key":"shellAppTitle"}]}
RESULT: {"script":"<script> [1562 bytes]","args":[{"selector":{"id":"shellAppTitle"},"wdio_ui5_key":"shellAppTitle"}]}
COMMAND: POST /session/448051c7250ae419f03110640913fd8d/execute/async - {"script":"<script> [6424 bytes]","args":[{"element-6066-11e4-a52e-4f735466cecf":"f.B5C2D4FD721985666FD02FCCEF5CBA56.d.274361F29BE54AC5C0703BFF2C67BECF.e.1001"},"getTitle",[]]}
RESULT: {"script":"<script> [6424 bytes]","args":[{"element-6066-11e4-a52e-4f735466cecf":"f.B5C2D4FD721985666FD02FCCEF5CBA56.d.274361F29BE54AC5C0703BFF2C67BECF.e.1001"},"getTitle",[]]}
RESULT: undefined
COMMAND: POST /session/448051c7250ae419f03110640913fd8d/element/f.B5C2D4FD721985666FD02FCCEF5CBA56.d.274361F29BE54AC5C0703BFF2C67BECF.e.813/click - {}
RESULT: {}
COMMAND: GET /session/448051c7250ae419f03110640913fd8d/screenshot - {}
RESULT: {}
]]></system-out>
    </testcase>
    <testcase classname="chrome.136_0_7103_93.windows.Sanity_Tests_US104253" name="Should open Bill Of Resources page" time="37.575">
      <system-out><![CDATA[
COMMAND: POST /session/448051c7250ae419f03110640913fd8d/execute/async - {"script":"<script> [1562 bytes]","args":[{"selector":{"controlType":"sap.m.GenericTile","properties":{"header":"Bill Of Resources"}},"wdio_ui5_key":"sapm.GenericTile{\"header\":\"Bill Of Resources\"}"}]}
RESULT: {"script":"<script> [1562 bytes]","args":[{"selector":{"controlType":"sap.m.GenericTile","properties":{"header":"Bill Of Resources"}},"wdio_ui5_key":"sapm.GenericTile{\"header\":\"Bill Of Resources\"}"}]}
RESULT: undefined
COMMAND: POST /session/448051c7250ae419f03110640913fd8d/element - {"using":"xpath","value":"//*[@id=\"__tile34\"]"}
RESULT: {"using":"xpath","value":"//*[@id=\"__tile34\"]"}
COMMAND: POST /session/448051c7250ae419f03110640913fd8d/element/f.B5C2D4FD721985666FD02FCCEF5CBA56.d.274361F29BE54AC5C0703BFF2C67BECF.e.1003/click - {}
RESULT: {}
COMMAND: GET /session/448051c7250ae419f03110640913fd8d/screenshot - {}
RESULT: {}
COMMAND: POST /session/448051c7250ae419f03110640913fd8d/elements - {"using":"xpath","value":"//span[text()='Error']"}
RESULT: {"using":"xpath","value":"//span[text()='Error']"}
RESULT: undefined
COMMAND: POST /session/448051c7250ae419f03110640913fd8d/element - {"using":"xpath","value":"//*[@id=\"__tile34\"]"}
RESULT: {"using":"xpath","value":"//*[@id=\"__tile34\"]"}
COMMAND: POST /session/448051c7250ae419f03110640913fd8d/element/f.B5C2D4FD721985666FD02FCCEF5CBA56.d.274361F29BE54AC5C0703BFF2C67BECF.e.1003/click - {}
RESULT: undefined
COMMAND: POST /session/448051c7250ae419f03110640913fd8d/element - {"using":"xpath","value":"//*[@id=\"__tile34\"]"}
RESULT: {"using":"xpath","value":"//*[@id=\"__tile34\"]"}
COMMAND: POST /session/448051c7250ae419f03110640913fd8d/element/f.B5C2D4FD721985666FD02FCCEF5CBA56.d.274361F29BE54AC5C0703BFF2C67BECF.e.1003/click - {}
RESULT: undefined
COMMAND: POST /session/448051c7250ae419f03110640913fd8d/execute/async - {"script":"<script> [6424 bytes]","args":[{"element-6066-11e4-a52e-4f735466cecf":"f.B5C2D4FD721985666FD02FCCEF5CBA56.d.274361F29BE54AC5C0703BFF2C67BECF.e.287"},"getTitle",[]]}
COMMAND: POST /session/448051c7250ae419f03110640913fd8d/execute/async - {"script":"<script> [1562 bytes]","args":[{"selector":{"id":"shellAppTitle"},"wdio_ui5_key":"shellAppTitle"}]}
RESULT: {"script":"<script> [1562 bytes]","args":[{"selector":{"id":"shellAppTitle"},"wdio_ui5_key":"shellAppTitle"}]}
COMMAND: POST /session/448051c7250ae419f03110640913fd8d/execute/async - {"script":"<script> [6424 bytes]","args":[{"element-6066-11e4-a52e-4f735466cecf":"f.B5C2D4FD721985666FD02FCCEF5CBA56.d.274361F29BE54AC5C0703BFF2C67BECF.e.1106"},"getTitle",[]]}
RESULT: {"script":"<script> [6424 bytes]","args":[{"element-6066-11e4-a52e-4f735466cecf":"f.B5C2D4FD721985666FD02FCCEF5CBA56.d.274361F29BE54AC5C0703BFF2C67BECF.e.1106"},"getTitle",[]]}
RESULT: undefined
COMMAND: POST /session/448051c7250ae419f03110640913fd8d/element/f.B5C2D4FD721985666FD02FCCEF5CBA56.d.274361F29BE54AC5C0703BFF2C67BECF.e.813/click - {}
COMMAND: POST /session/448051c7250ae419f03110640913fd8d/element - {"using":"xpath","value":"//*[@id=\"backBtn\"]"}
RESULT: {"using":"xpath","value":"//*[@id=\"backBtn\"]"}
COMMAND: POST /session/448051c7250ae419f03110640913fd8d/element/f.B5C2D4FD721985666FD02FCCEF5CBA56.d.274361F29BE54AC5C0703BFF2C67BECF.e.813/click - {}
COMMAND: POST /session/448051c7250ae419f03110640913fd8d/element - {"using":"xpath","value":"//*[@id=\"backBtn\"]"}
RESULT: {"using":"xpath","value":"//*[@id=\"backBtn\"]"}
COMMAND: POST /session/448051c7250ae419f03110640913fd8d/element/f.B5C2D4FD721985666FD02FCCEF5CBA56.d.274361F29BE54AC5C0703BFF2C67BECF.e.1107/click - {}
RESULT: {}
COMMAND: GET /session/448051c7250ae419f03110640913fd8d/screenshot - {}
RESULT: {}
]]></system-out>
    </testcase>
    <testcase classname="chrome.136_0_7103_93.windows.Sanity_Tests_US104253" name="Should open Manage Yards page" time="49.462">
      <system-out><![CDATA[
COMMAND: POST /session/448051c7250ae419f03110640913fd8d/execute/async - {"script":"<script> [1562 bytes]","args":[{"selector":{"controlType":"sap.m.GenericTile","properties":{"header":"Manage Yards"}},"wdio_ui5_key":"sapm.GenericTile{\"header\":\"Manage Yards\"}"}]}
RESULT: {"script":"<script> [1562 bytes]","args":[{"selector":{"controlType":"sap.m.GenericTile","properties":{"header":"Manage Yards"}},"wdio_ui5_key":"sapm.GenericTile{\"header\":\"Manage Yards\"}"}]}
RESULT: undefined
COMMAND: POST /session/448051c7250ae419f03110640913fd8d/element - {"using":"xpath","value":"//*[@id=\"__tile41\"]"}
RESULT: {"using":"xpath","value":"//*[@id=\"__tile41\"]"}
COMMAND: POST /session/448051c7250ae419f03110640913fd8d/element/f.B5C2D4FD721985666FD02FCCEF5CBA56.d.274361F29BE54AC5C0703BFF2C67BECF.e.1109/click - {}
RESULT: {}
COMMAND: GET /session/448051c7250ae419f03110640913fd8d/screenshot - {}
RESULT: {}
COMMAND: POST /session/448051c7250ae419f03110640913fd8d/elements - {"using":"xpath","value":"//span[text()='Error']"}
RESULT: {"using":"xpath","value":"//span[text()='Error']"}
RESULT: undefined
COMMAND: POST /session/448051c7250ae419f03110640913fd8d/element - {"using":"xpath","value":"//*[@id=\"__tile41\"]"}
RESULT: {"using":"xpath","value":"//*[@id=\"__tile41\"]"}
COMMAND: POST /session/448051c7250ae419f03110640913fd8d/element/f.B5C2D4FD721985666FD02FCCEF5CBA56.d.274361F29BE54AC5C0703BFF2C67BECF.e.1109/click - {}
RESULT: undefined
COMMAND: POST /session/448051c7250ae419f03110640913fd8d/element - {"using":"xpath","value":"//*[@id=\"__tile41\"]"}
RESULT: {"using":"xpath","value":"//*[@id=\"__tile41\"]"}
COMMAND: POST /session/448051c7250ae419f03110640913fd8d/element/f.B5C2D4FD721985666FD02FCCEF5CBA56.d.274361F29BE54AC5C0703BFF2C67BECF.e.1109/click - {}
RESULT: undefined
COMMAND: POST /session/448051c7250ae419f03110640913fd8d/execute/async - {"script":"<script> [6424 bytes]","args":[{"element-6066-11e4-a52e-4f735466cecf":"f.B5C2D4FD721985666FD02FCCEF5CBA56.d.274361F29BE54AC5C0703BFF2C67BECF.e.287"},"getTitle",[]]}
COMMAND: POST /session/448051c7250ae419f03110640913fd8d/execute/async - {"script":"<script> [1562 bytes]","args":[{"selector":{"id":"shellAppTitle"},"wdio_ui5_key":"shellAppTitle"}]}
RESULT: {"script":"<script> [1562 bytes]","args":[{"selector":{"id":"shellAppTitle"},"wdio_ui5_key":"shellAppTitle"}]}
COMMAND: POST /session/448051c7250ae419f03110640913fd8d/execute/async - {"script":"<script> [6424 bytes]","args":[{"element-6066-11e4-a52e-4f735466cecf":"f.B5C2D4FD721985666FD02FCCEF5CBA56.d.274361F29BE54AC5C0703BFF2C67BECF.e.1289"},"getTitle",[]]}
RESULT: {"script":"<script> [6424 bytes]","args":[{"element-6066-11e4-a52e-4f735466cecf":"f.B5C2D4FD721985666FD02FCCEF5CBA56.d.274361F29BE54AC5C0703BFF2C67BECF.e.1289"},"getTitle",[]]}
RESULT: undefined
COMMAND: POST /session/448051c7250ae419f03110640913fd8d/element/f.B5C2D4FD721985666FD02FCCEF5CBA56.d.274361F29BE54AC5C0703BFF2C67BECF.e.1107/click - {}
RESULT: {}
COMMAND: GET /session/448051c7250ae419f03110640913fd8d/screenshot - {}
RESULT: {}
]]></system-out>
    </testcase>
    <testcase classname="chrome.136_0_7103_93.windows.Sanity_Tests_US104253" name="Should open Manage Requests page" time="37.212">
      <system-out><![CDATA[
COMMAND: POST /session/448051c7250ae419f03110640913fd8d/execute/async - {"script":"<script> [1562 bytes]","args":[{"selector":{"controlType":"sap.m.GenericTile","properties":{"header":"Manage Requests"}},"wdio_ui5_key":"sapm.GenericTile{\"header\":\"Manage Requests\"}"}]}
RESULT: {"script":"<script> [1562 bytes]","args":[{"selector":{"controlType":"sap.m.GenericTile","properties":{"header":"Manage Requests"}},"wdio_ui5_key":"sapm.GenericTile{\"header\":\"Manage Requests\"}"}]}
RESULT: undefined
COMMAND: POST /session/448051c7250ae419f03110640913fd8d/element - {"using":"xpath","value":"//*[@id=\"__tile47\"]"}
RESULT: {"using":"xpath","value":"//*[@id=\"__tile47\"]"}
COMMAND: POST /session/448051c7250ae419f03110640913fd8d/element/f.B5C2D4FD721985666FD02FCCEF5CBA56.d.274361F29BE54AC5C0703BFF2C67BECF.e.1291/click - {}
RESULT: {}
COMMAND: GET /session/448051c7250ae419f03110640913fd8d/screenshot - {}
RESULT: {}
COMMAND: POST /session/448051c7250ae419f03110640913fd8d/elements - {"using":"xpath","value":"//span[text()='Error']"}
RESULT: {"using":"xpath","value":"//span[text()='Error']"}
RESULT: undefined
COMMAND: POST /session/448051c7250ae419f03110640913fd8d/element - {"using":"xpath","value":"//*[@id=\"__tile47\"]"}
RESULT: {"using":"xpath","value":"//*[@id=\"__tile47\"]"}
COMMAND: POST /session/448051c7250ae419f03110640913fd8d/element/f.B5C2D4FD721985666FD02FCCEF5CBA56.d.274361F29BE54AC5C0703BFF2C67BECF.e.1291/click - {}
RESULT: undefined
COMMAND: POST /session/448051c7250ae419f03110640913fd8d/element - {"using":"xpath","value":"//*[@id=\"__tile47\"]"}
RESULT: {"using":"xpath","value":"//*[@id=\"__tile47\"]"}
COMMAND: POST /session/448051c7250ae419f03110640913fd8d/element/f.B5C2D4FD721985666FD02FCCEF5CBA56.d.274361F29BE54AC5C0703BFF2C67BECF.e.1291/click - {}
RESULT: undefined
COMMAND: POST /session/448051c7250ae419f03110640913fd8d/execute/async - {"script":"<script> [6424 bytes]","args":[{"element-6066-11e4-a52e-4f735466cecf":"f.B5C2D4FD721985666FD02FCCEF5CBA56.d.274361F29BE54AC5C0703BFF2C67BECF.e.287"},"getTitle",[]]}
COMMAND: POST /session/448051c7250ae419f03110640913fd8d/execute/async - {"script":"<script> [1562 bytes]","args":[{"selector":{"id":"shellAppTitle"},"wdio_ui5_key":"shellAppTitle"}]}
RESULT: {"script":"<script> [1562 bytes]","args":[{"selector":{"id":"shellAppTitle"},"wdio_ui5_key":"shellAppTitle"}]}
COMMAND: POST /session/448051c7250ae419f03110640913fd8d/execute/async - {"script":"<script> [6424 bytes]","args":[{"element-6066-11e4-a52e-4f735466cecf":"f.B5C2D4FD721985666FD02FCCEF5CBA56.d.274361F29BE54AC5C0703BFF2C67BECF.e.1392"},"getTitle",[]]}
RESULT: {"script":"<script> [6424 bytes]","args":[{"element-6066-11e4-a52e-4f735466cecf":"f.B5C2D4FD721985666FD02FCCEF5CBA56.d.274361F29BE54AC5C0703BFF2C67BECF.e.1392"},"getTitle",[]]}
RESULT: undefined
COMMAND: POST /session/448051c7250ae419f03110640913fd8d/element/f.B5C2D4FD721985666FD02FCCEF5CBA56.d.274361F29BE54AC5C0703BFF2C67BECF.e.1107/click - {}
COMMAND: POST /session/448051c7250ae419f03110640913fd8d/element - {"using":"xpath","value":"//*[@id=\"backBtn\"]"}
RESULT: {"using":"xpath","value":"//*[@id=\"backBtn\"]"}
COMMAND: POST /session/448051c7250ae419f03110640913fd8d/element/f.B5C2D4FD721985666FD02FCCEF5CBA56.d.274361F29BE54AC5C0703BFF2C67BECF.e.1107/click - {}
COMMAND: POST /session/448051c7250ae419f03110640913fd8d/element - {"using":"xpath","value":"//*[@id=\"backBtn\"]"}
RESULT: {"using":"xpath","value":"//*[@id=\"backBtn\"]"}
COMMAND: POST /session/448051c7250ae419f03110640913fd8d/element/f.B5C2D4FD721985666FD02FCCEF5CBA56.d.274361F29BE54AC5C0703BFF2C67BECF.e.1393/click - {}
RESULT: {}
COMMAND: GET /session/448051c7250ae419f03110640913fd8d/screenshot - {}
RESULT: {}
]]></system-out>
    </testcase>
    <testcase classname="chrome.136_0_7103_93.windows.Sanity_Tests_US104253" name="Should open Manage Purchasing page" time="36.962">
      <system-out><![CDATA[
COMMAND: POST /session/448051c7250ae419f03110640913fd8d/execute/async - {"script":"<script> [1562 bytes]","args":[{"selector":{"controlType":"sap.m.GenericTile","properties":{"header":"Manage Purchasing"}},"wdio_ui5_key":"sapm.GenericTile{\"header\":\"Manage Purchasing\"}"}]}
RESULT: {"script":"<script> [1562 bytes]","args":[{"selector":{"controlType":"sap.m.GenericTile","properties":{"header":"Manage Purchasing"}},"wdio_ui5_key":"sapm.GenericTile{\"header\":\"Manage Purchasing\"}"}]}
RESULT: undefined
COMMAND: POST /session/448051c7250ae419f03110640913fd8d/element - {"using":"xpath","value":"//*[@id=\"__tile46\"]"}
RESULT: {"using":"xpath","value":"//*[@id=\"__tile46\"]"}
COMMAND: POST /session/448051c7250ae419f03110640913fd8d/element/f.B5C2D4FD721985666FD02FCCEF5CBA56.d.274361F29BE54AC5C0703BFF2C67BECF.e.1396/click - {}
RESULT: {}
COMMAND: GET /session/448051c7250ae419f03110640913fd8d/screenshot - {}
RESULT: {}
COMMAND: POST /session/448051c7250ae419f03110640913fd8d/elements - {"using":"xpath","value":"//span[text()='Error']"}
RESULT: {"using":"xpath","value":"//span[text()='Error']"}
RESULT: undefined
COMMAND: POST /session/448051c7250ae419f03110640913fd8d/element - {"using":"xpath","value":"//*[@id=\"__tile46\"]"}
RESULT: {"using":"xpath","value":"//*[@id=\"__tile46\"]"}
COMMAND: POST /session/448051c7250ae419f03110640913fd8d/element/f.B5C2D4FD721985666FD02FCCEF5CBA56.d.274361F29BE54AC5C0703BFF2C67BECF.e.1396/click - {}
RESULT: undefined
COMMAND: POST /session/448051c7250ae419f03110640913fd8d/element - {"using":"xpath","value":"//*[@id=\"__tile46\"]"}
RESULT: {"using":"xpath","value":"//*[@id=\"__tile46\"]"}
COMMAND: POST /session/448051c7250ae419f03110640913fd8d/element/f.B5C2D4FD721985666FD02FCCEF5CBA56.d.274361F29BE54AC5C0703BFF2C67BECF.e.1396/click - {}
RESULT: undefined
COMMAND: POST /session/448051c7250ae419f03110640913fd8d/execute/async - {"script":"<script> [6424 bytes]","args":[{"element-6066-11e4-a52e-4f735466cecf":"f.B5C2D4FD721985666FD02FCCEF5CBA56.d.274361F29BE54AC5C0703BFF2C67BECF.e.287"},"getTitle",[]]}
COMMAND: POST /session/448051c7250ae419f03110640913fd8d/execute/async - {"script":"<script> [1562 bytes]","args":[{"selector":{"id":"shellAppTitle"},"wdio_ui5_key":"shellAppTitle"}]}
RESULT: {"script":"<script> [1562 bytes]","args":[{"selector":{"id":"shellAppTitle"},"wdio_ui5_key":"shellAppTitle"}]}
COMMAND: POST /session/448051c7250ae419f03110640913fd8d/execute/async - {"script":"<script> [6424 bytes]","args":[{"element-6066-11e4-a52e-4f735466cecf":"f.B5C2D4FD721985666FD02FCCEF5CBA56.d.274361F29BE54AC5C0703BFF2C67BECF.e.1469"},"getTitle",[]]}
RESULT: {"script":"<script> [6424 bytes]","args":[{"element-6066-11e4-a52e-4f735466cecf":"f.B5C2D4FD721985666FD02FCCEF5CBA56.d.274361F29BE54AC5C0703BFF2C67BECF.e.1469"},"getTitle",[]]}
RESULT: undefined
COMMAND: POST /session/448051c7250ae419f03110640913fd8d/element/f.B5C2D4FD721985666FD02FCCEF5CBA56.d.274361F29BE54AC5C0703BFF2C67BECF.e.1393/click - {}
RESULT: {}
COMMAND: GET /session/448051c7250ae419f03110640913fd8d/screenshot - {}
RESULT: {}
]]></system-out>
    </testcase>
    <testcase classname="chrome.136_0_7103_93.windows.Sanity_Tests_US104253" name="Should open Planning Board page" time="36.274">
      <system-out><![CDATA[
COMMAND: POST /session/448051c7250ae419f03110640913fd8d/execute/async - {"script":"<script> [1562 bytes]","args":[{"selector":{"controlType":"sap.m.GenericTile","properties":{"header":"Planning Board"}},"wdio_ui5_key":"sapm.GenericTile{\"header\":\"Planning Board\"}"}]}
RESULT: {"script":"<script> [1562 bytes]","args":[{"selector":{"controlType":"sap.m.GenericTile","properties":{"header":"Planning Board"}},"wdio_ui5_key":"sapm.GenericTile{\"header\":\"Planning Board\"}"}]}
RESULT: undefined
COMMAND: POST /session/448051c7250ae419f03110640913fd8d/element - {"using":"xpath","value":"//*[@id=\"__tile131\"]"}
RESULT: {"using":"xpath","value":"//*[@id=\"__tile131\"]"}
COMMAND: POST /session/448051c7250ae419f03110640913fd8d/element/f.B5C2D4FD721985666FD02FCCEF5CBA56.d.274361F29BE54AC5C0703BFF2C67BECF.e.1471/click - {}
RESULT: {}
COMMAND: GET /session/448051c7250ae419f03110640913fd8d/screenshot - {}
RESULT: {}
COMMAND: POST /session/448051c7250ae419f03110640913fd8d/elements - {"using":"xpath","value":"//span[text()='Error']"}
RESULT: {"using":"xpath","value":"//span[text()='Error']"}
RESULT: undefined
COMMAND: POST /session/448051c7250ae419f03110640913fd8d/element - {"using":"xpath","value":"//*[@id=\"__tile131\"]"}
RESULT: {"using":"xpath","value":"//*[@id=\"__tile131\"]"}
COMMAND: POST /session/448051c7250ae419f03110640913fd8d/element/f.B5C2D4FD721985666FD02FCCEF5CBA56.d.274361F29BE54AC5C0703BFF2C67BECF.e.1471/click - {}
RESULT: undefined
COMMAND: POST /session/448051c7250ae419f03110640913fd8d/element - {"using":"xpath","value":"//*[@id=\"__tile131\"]"}
RESULT: {"using":"xpath","value":"//*[@id=\"__tile131\"]"}
COMMAND: POST /session/448051c7250ae419f03110640913fd8d/element/f.B5C2D4FD721985666FD02FCCEF5CBA56.d.274361F29BE54AC5C0703BFF2C67BECF.e.1471/click - {}
RESULT: undefined
COMMAND: POST /session/448051c7250ae419f03110640913fd8d/execute/async - {"script":"<script> [6424 bytes]","args":[{"element-6066-11e4-a52e-4f735466cecf":"f.B5C2D4FD721985666FD02FCCEF5CBA56.d.274361F29BE54AC5C0703BFF2C67BECF.e.287"},"getTitle",[]]}
COMMAND: POST /session/448051c7250ae419f03110640913fd8d/execute/async - {"script":"<script> [1562 bytes]","args":[{"selector":{"id":"shellAppTitle"},"wdio_ui5_key":"shellAppTitle"}]}
RESULT: {"script":"<script> [1562 bytes]","args":[{"selector":{"id":"shellAppTitle"},"wdio_ui5_key":"shellAppTitle"}]}
COMMAND: POST /session/448051c7250ae419f03110640913fd8d/execute/async - {"script":"<script> [6424 bytes]","args":[{"element-6066-11e4-a52e-4f735466cecf":"f.B5C2D4FD721985666FD02FCCEF5CBA56.d.274361F29BE54AC5C0703BFF2C67BECF.e.1519"},"getTitle",[]]}
RESULT: {"script":"<script> [6424 bytes]","args":[{"element-6066-11e4-a52e-4f735466cecf":"f.B5C2D4FD721985666FD02FCCEF5CBA56.d.274361F29BE54AC5C0703BFF2C67BECF.e.1519"},"getTitle",[]]}
RESULT: undefined
COMMAND: POST /session/448051c7250ae419f03110640913fd8d/element/f.B5C2D4FD721985666FD02FCCEF5CBA56.d.274361F29BE54AC5C0703BFF2C67BECF.e.1393/click - {}
COMMAND: POST /session/448051c7250ae419f03110640913fd8d/element/f.B5C2D4FD721985666FD02FCCEF5CBA56.d.274361F29BE54AC5C0703BFF2C67BECF.e.1393/click - {}
COMMAND: POST /session/448051c7250ae419f03110640913fd8d/element - {"using":"xpath","value":"//*[@id=\"backBtn\"]"}
COMMAND: POST /session/448051c7250ae419f03110640913fd8d/element - {"using":"xpath","value":"//*[@id=\"backBtn\"]"}
RESULT: {"using":"xpath","value":"//*[@id=\"backBtn\"]"}
COMMAND: POST /session/448051c7250ae419f03110640913fd8d/element/f.B5C2D4FD721985666FD02FCCEF5CBA56.d.274361F29BE54AC5C0703BFF2C67BECF.e.1393/click - {}
RESULT: {"using":"xpath","value":"//*[@id=\"backBtn\"]"}
COMMAND: POST /session/448051c7250ae419f03110640913fd8d/element/f.B5C2D4FD721985666FD02FCCEF5CBA56.d.274361F29BE54AC5C0703BFF2C67BECF.e.1393/click - {}
COMMAND: POST /session/448051c7250ae419f03110640913fd8d/element - {"using":"xpath","value":"//*[@id=\"backBtn\"]"}
COMMAND: POST /session/448051c7250ae419f03110640913fd8d/element - {"using":"xpath","value":"//*[@id=\"backBtn\"]"}
RESULT: {"using":"xpath","value":"//*[@id=\"backBtn\"]"}
COMMAND: POST /session/448051c7250ae419f03110640913fd8d/element/f.B5C2D4FD721985666FD02FCCEF5CBA56.d.274361F29BE54AC5C0703BFF2C67BECF.e.1520/click - {}
RESULT: {"using":"xpath","value":"//*[@id=\"backBtn\"]"}
COMMAND: POST /session/448051c7250ae419f03110640913fd8d/element/f.B5C2D4FD721985666FD02FCCEF5CBA56.d.274361F29BE54AC5C0703BFF2C67BECF.e.1520/click - {}
RESULT: {}
COMMAND: GET /session/448051c7250ae419f03110640913fd8d/screenshot - {}
RESULT: {}
COMMAND: GET /session/448051c7250ae419f03110640913fd8d/screenshot - {}
RESULT: {}
RESULT: {}
]]></system-out>
    </testcase>
    <testcase classname="chrome.136_0_7103_93.windows.Sanity_Tests_US104253" name="Should open Manage Contracts page" time="36.578">
      <system-out><![CDATA[
COMMAND: POST /session/448051c7250ae419f03110640913fd8d/execute/async - {"script":"<script> [1562 bytes]","args":[{"selector":{"controlType":"sap.m.GenericTile","properties":{"header":"Manage Contracts"}},"wdio_ui5_key":"sapm.GenericTile{\"header\":\"Manage Contracts\"}"}]}
RESULT: {"script":"<script> [1562 bytes]","args":[{"selector":{"controlType":"sap.m.GenericTile","properties":{"header":"Manage Contracts"}},"wdio_ui5_key":"sapm.GenericTile{\"header\":\"Manage Contracts\"}"}]}
RESULT: undefined
COMMAND: POST /session/448051c7250ae419f03110640913fd8d/element - {"using":"xpath","value":"//*[@id=\"__tile133\"]"}
RESULT: {"using":"xpath","value":"//*[@id=\"__tile133\"]"}
COMMAND: POST /session/448051c7250ae419f03110640913fd8d/element/f.B5C2D4FD721985666FD02FCCEF5CBA56.d.274361F29BE54AC5C0703BFF2C67BECF.e.1524/click - {}
RESULT: {}
COMMAND: GET /session/448051c7250ae419f03110640913fd8d/screenshot - {}
RESULT: {}
COMMAND: POST /session/448051c7250ae419f03110640913fd8d/elements - {"using":"xpath","value":"//span[text()='Error']"}
RESULT: {"using":"xpath","value":"//span[text()='Error']"}
RESULT: undefined
COMMAND: POST /session/448051c7250ae419f03110640913fd8d/element - {"using":"xpath","value":"//*[@id=\"__tile133\"]"}
RESULT: {"using":"xpath","value":"//*[@id=\"__tile133\"]"}
COMMAND: POST /session/448051c7250ae419f03110640913fd8d/element/f.B5C2D4FD721985666FD02FCCEF5CBA56.d.274361F29BE54AC5C0703BFF2C67BECF.e.1524/click - {}
RESULT: undefined
COMMAND: POST /session/448051c7250ae419f03110640913fd8d/element - {"using":"xpath","value":"//*[@id=\"__tile133\"]"}
RESULT: {"using":"xpath","value":"//*[@id=\"__tile133\"]"}
COMMAND: POST /session/448051c7250ae419f03110640913fd8d/element/f.B5C2D4FD721985666FD02FCCEF5CBA56.d.274361F29BE54AC5C0703BFF2C67BECF.e.1524/click - {}
RESULT: undefined
COMMAND: POST /session/448051c7250ae419f03110640913fd8d/execute/async - {"script":"<script> [6424 bytes]","args":[{"element-6066-11e4-a52e-4f735466cecf":"f.B5C2D4FD721985666FD02FCCEF5CBA56.d.274361F29BE54AC5C0703BFF2C67BECF.e.287"},"getTitle",[]]}
COMMAND: POST /session/448051c7250ae419f03110640913fd8d/execute/async - {"script":"<script> [1562 bytes]","args":[{"selector":{"id":"shellAppTitle"},"wdio_ui5_key":"shellAppTitle"}]}
RESULT: {"script":"<script> [1562 bytes]","args":[{"selector":{"id":"shellAppTitle"},"wdio_ui5_key":"shellAppTitle"}]}
COMMAND: POST /session/448051c7250ae419f03110640913fd8d/execute/async - {"script":"<script> [6424 bytes]","args":[{"element-6066-11e4-a52e-4f735466cecf":"f.B5C2D4FD721985666FD02FCCEF5CBA56.d.274361F29BE54AC5C0703BFF2C67BECF.e.1588"},"getTitle",[]]}
RESULT: {"script":"<script> [6424 bytes]","args":[{"element-6066-11e4-a52e-4f735466cecf":"f.B5C2D4FD721985666FD02FCCEF5CBA56.d.274361F29BE54AC5C0703BFF2C67BECF.e.1588"},"getTitle",[]]}
RESULT: undefined
COMMAND: POST /session/448051c7250ae419f03110640913fd8d/element/f.B5C2D4FD721985666FD02FCCEF5CBA56.d.274361F29BE54AC5C0703BFF2C67BECF.e.1520/click - {}
RESULT: {}
COMMAND: GET /session/448051c7250ae419f03110640913fd8d/screenshot - {}
RESULT: {}
]]></system-out>
    </testcase>
    <testcase classname="chrome.136_0_7103_93.windows.Sanity_Tests_US104253" name="Should open Manage Quotations page" time="38.383">
      <system-out><![CDATA[
COMMAND: POST /session/448051c7250ae419f03110640913fd8d/execute/async - {"script":"<script> [1562 bytes]","args":[{"selector":{"controlType":"sap.m.GenericTile","properties":{"header":"Manage Quotations"}},"wdio_ui5_key":"sapm.GenericTile{\"header\":\"Manage Quotations\"}"}]}
RESULT: {"script":"<script> [1562 bytes]","args":[{"selector":{"controlType":"sap.m.GenericTile","properties":{"header":"Manage Quotations"}},"wdio_ui5_key":"sapm.GenericTile{\"header\":\"Manage Quotations\"}"}]}
RESULT: undefined
COMMAND: POST /session/448051c7250ae419f03110640913fd8d/element - {"using":"xpath","value":"//*[@id=\"__tile132\"]"}
RESULT: {"using":"xpath","value":"//*[@id=\"__tile132\"]"}
COMMAND: POST /session/448051c7250ae419f03110640913fd8d/element/f.B5C2D4FD721985666FD02FCCEF5CBA56.d.274361F29BE54AC5C0703BFF2C67BECF.e.1590/click - {}
RESULT: {}
COMMAND: GET /session/448051c7250ae419f03110640913fd8d/screenshot - {}
RESULT: {}
COMMAND: POST /session/448051c7250ae419f03110640913fd8d/elements - {"using":"xpath","value":"//span[text()='Error']"}
RESULT: {"using":"xpath","value":"//span[text()='Error']"}
RESULT: undefined
COMMAND: POST /session/448051c7250ae419f03110640913fd8d/element - {"using":"xpath","value":"//*[@id=\"__tile132\"]"}
RESULT: {"using":"xpath","value":"//*[@id=\"__tile132\"]"}
COMMAND: POST /session/448051c7250ae419f03110640913fd8d/element/f.B5C2D4FD721985666FD02FCCEF5CBA56.d.274361F29BE54AC5C0703BFF2C67BECF.e.1590/click - {}
RESULT: undefined
COMMAND: POST /session/448051c7250ae419f03110640913fd8d/element - {"using":"xpath","value":"//*[@id=\"__tile132\"]"}
RESULT: {"using":"xpath","value":"//*[@id=\"__tile132\"]"}
COMMAND: POST /session/448051c7250ae419f03110640913fd8d/element/f.B5C2D4FD721985666FD02FCCEF5CBA56.d.274361F29BE54AC5C0703BFF2C67BECF.e.1590/click - {}
RESULT: undefined
COMMAND: POST /session/448051c7250ae419f03110640913fd8d/execute/async - {"script":"<script> [6424 bytes]","args":[{"element-6066-11e4-a52e-4f735466cecf":"f.B5C2D4FD721985666FD02FCCEF5CBA56.d.274361F29BE54AC5C0703BFF2C67BECF.e.287"},"getTitle",[]]}
COMMAND: POST /session/448051c7250ae419f03110640913fd8d/execute/async - {"script":"<script> [1562 bytes]","args":[{"selector":{"id":"shellAppTitle"},"wdio_ui5_key":"shellAppTitle"}]}
RESULT: {"script":"<script> [1562 bytes]","args":[{"selector":{"id":"shellAppTitle"},"wdio_ui5_key":"shellAppTitle"}]}
COMMAND: POST /session/448051c7250ae419f03110640913fd8d/execute/async - {"script":"<script> [6424 bytes]","args":[{"element-6066-11e4-a52e-4f735466cecf":"f.B5C2D4FD721985666FD02FCCEF5CBA56.d.274361F29BE54AC5C0703BFF2C67BECF.e.1676"},"getTitle",[]]}
RESULT: {"script":"<script> [6424 bytes]","args":[{"element-6066-11e4-a52e-4f735466cecf":"f.B5C2D4FD721985666FD02FCCEF5CBA56.d.274361F29BE54AC5C0703BFF2C67BECF.e.1676"},"getTitle",[]]}
RESULT: undefined
COMMAND: POST /session/448051c7250ae419f03110640913fd8d/element/f.B5C2D4FD721985666FD02FCCEF5CBA56.d.274361F29BE54AC5C0703BFF2C67BECF.e.1520/click - {}
COMMAND: POST /session/448051c7250ae419f03110640913fd8d/element - {"using":"xpath","value":"//*[@id=\"backBtn\"]"}
RESULT: {"using":"xpath","value":"//*[@id=\"backBtn\"]"}
COMMAND: POST /session/448051c7250ae419f03110640913fd8d/element/f.B5C2D4FD721985666FD02FCCEF5CBA56.d.274361F29BE54AC5C0703BFF2C67BECF.e.1520/click - {}
COMMAND: POST /session/448051c7250ae419f03110640913fd8d/element - {"using":"xpath","value":"//*[@id=\"backBtn\"]"}
RESULT: {"using":"xpath","value":"//*[@id=\"backBtn\"]"}
COMMAND: POST /session/448051c7250ae419f03110640913fd8d/element/f.B5C2D4FD721985666FD02FCCEF5CBA56.d.274361F29BE54AC5C0703BFF2C67BECF.e.1677/click - {}
RESULT: {}
COMMAND: GET /session/448051c7250ae419f03110640913fd8d/screenshot - {}
RESULT: {}
]]></system-out>
    </testcase>
    <testcase classname="chrome.136_0_7103_93.windows.Sanity_Tests_US104253" name="Should open Manage Handovers page" time="39.462">
      <system-out><![CDATA[
COMMAND: POST /session/448051c7250ae419f03110640913fd8d/execute/async - {"script":"<script> [1562 bytes]","args":[{"selector":{"controlType":"sap.m.GenericTile","properties":{"header":"Manage Handovers"}},"wdio_ui5_key":"sapm.GenericTile{\"header\":\"Manage Handovers\"}"}]}
RESULT: {"script":"<script> [1562 bytes]","args":[{"selector":{"controlType":"sap.m.GenericTile","properties":{"header":"Manage Handovers"}},"wdio_ui5_key":"sapm.GenericTile{\"header\":\"Manage Handovers\"}"}]}
RESULT: undefined
COMMAND: POST /session/448051c7250ae419f03110640913fd8d/element - {"using":"xpath","value":"//*[@id=\"__tile130\"]"}
RESULT: {"using":"xpath","value":"//*[@id=\"__tile130\"]"}
COMMAND: POST /session/448051c7250ae419f03110640913fd8d/element/f.B5C2D4FD721985666FD02FCCEF5CBA56.d.274361F29BE54AC5C0703BFF2C67BECF.e.1679/click - {}
RESULT: {}
COMMAND: GET /session/448051c7250ae419f03110640913fd8d/screenshot - {}
RESULT: {}
COMMAND: POST /session/448051c7250ae419f03110640913fd8d/elements - {"using":"xpath","value":"//span[text()='Error']"}
RESULT: {"using":"xpath","value":"//span[text()='Error']"}
RESULT: undefined
COMMAND: POST /session/448051c7250ae419f03110640913fd8d/element - {"using":"xpath","value":"//*[@id=\"__tile130\"]"}
RESULT: {"using":"xpath","value":"//*[@id=\"__tile130\"]"}
COMMAND: POST /session/448051c7250ae419f03110640913fd8d/element/f.B5C2D4FD721985666FD02FCCEF5CBA56.d.274361F29BE54AC5C0703BFF2C67BECF.e.1679/click - {}
RESULT: undefined
COMMAND: POST /session/448051c7250ae419f03110640913fd8d/element - {"using":"xpath","value":"//*[@id=\"__tile130\"]"}
RESULT: {"using":"xpath","value":"//*[@id=\"__tile130\"]"}
COMMAND: POST /session/448051c7250ae419f03110640913fd8d/element/f.B5C2D4FD721985666FD02FCCEF5CBA56.d.274361F29BE54AC5C0703BFF2C67BECF.e.1679/click - {}
RESULT: undefined
COMMAND: POST /session/448051c7250ae419f03110640913fd8d/execute/async - {"script":"<script> [6424 bytes]","args":[{"element-6066-11e4-a52e-4f735466cecf":"f.B5C2D4FD721985666FD02FCCEF5CBA56.d.274361F29BE54AC5C0703BFF2C67BECF.e.287"},"getTitle",[]]}
COMMAND: POST /session/448051c7250ae419f03110640913fd8d/execute/async - {"script":"<script> [1562 bytes]","args":[{"selector":{"id":"shellAppTitle"},"wdio_ui5_key":"shellAppTitle"}]}
RESULT: {"script":"<script> [1562 bytes]","args":[{"selector":{"id":"shellAppTitle"},"wdio_ui5_key":"shellAppTitle"}]}
COMMAND: POST /session/448051c7250ae419f03110640913fd8d/execute/async - {"script":"<script> [6424 bytes]","args":[{"element-6066-11e4-a52e-4f735466cecf":"f.B5C2D4FD721985666FD02FCCEF5CBA56.d.274361F29BE54AC5C0703BFF2C67BECF.e.1787"},"getTitle",[]]}
RESULT: {"script":"<script> [6424 bytes]","args":[{"element-6066-11e4-a52e-4f735466cecf":"f.B5C2D4FD721985666FD02FCCEF5CBA56.d.274361F29BE54AC5C0703BFF2C67BECF.e.1787"},"getTitle",[]]}
RESULT: undefined
COMMAND: POST /session/448051c7250ae419f03110640913fd8d/element/f.B5C2D4FD721985666FD02FCCEF5CBA56.d.274361F29BE54AC5C0703BFF2C67BECF.e.1677/click - {}
RESULT: {}
COMMAND: GET /session/448051c7250ae419f03110640913fd8d/screenshot - {}
RESULT: {}
]]></system-out>
    </testcase>
    <testcase classname="chrome.136_0_7103_93.windows.Sanity_Tests_US104253" name="Should open Delivery Monitor page" time="38.054">
      <system-out><![CDATA[
COMMAND: POST /session/448051c7250ae419f03110640913fd8d/execute/async - {"script":"<script> [1562 bytes]","args":[{"selector":{"controlType":"sap.m.GenericTile","properties":{"header":"Delivery Monitor"}},"wdio_ui5_key":"sapm.GenericTile{\"header\":\"Delivery Monitor\"}"}]}
RESULT: {"script":"<script> [1562 bytes]","args":[{"selector":{"controlType":"sap.m.GenericTile","properties":{"header":"Delivery Monitor"}},"wdio_ui5_key":"sapm.GenericTile{\"header\":\"Delivery Monitor\"}"}]}
RESULT: undefined
COMMAND: POST /session/448051c7250ae419f03110640913fd8d/element - {"using":"xpath","value":"//*[@id=\"__tile43\"]"}
RESULT: {"using":"xpath","value":"//*[@id=\"__tile43\"]"}
COMMAND: POST /session/448051c7250ae419f03110640913fd8d/element/f.B5C2D4FD721985666FD02FCCEF5CBA56.d.274361F29BE54AC5C0703BFF2C67BECF.e.1789/click - {}
RESULT: {}
COMMAND: GET /session/448051c7250ae419f03110640913fd8d/screenshot - {}
RESULT: {}
COMMAND: POST /session/448051c7250ae419f03110640913fd8d/elements - {"using":"xpath","value":"//span[text()='Error']"}
RESULT: {"using":"xpath","value":"//span[text()='Error']"}
RESULT: undefined
COMMAND: POST /session/448051c7250ae419f03110640913fd8d/element - {"using":"xpath","value":"//*[@id=\"__tile43\"]"}
RESULT: {"using":"xpath","value":"//*[@id=\"__tile43\"]"}
COMMAND: POST /session/448051c7250ae419f03110640913fd8d/element/f.B5C2D4FD721985666FD02FCCEF5CBA56.d.274361F29BE54AC5C0703BFF2C67BECF.e.1789/click - {}
RESULT: undefined
COMMAND: POST /session/448051c7250ae419f03110640913fd8d/element - {"using":"xpath","value":"//*[@id=\"__tile43\"]"}
RESULT: {"using":"xpath","value":"//*[@id=\"__tile43\"]"}
COMMAND: POST /session/448051c7250ae419f03110640913fd8d/element/f.B5C2D4FD721985666FD02FCCEF5CBA56.d.274361F29BE54AC5C0703BFF2C67BECF.e.1789/click - {}
RESULT: undefined
COMMAND: POST /session/448051c7250ae419f03110640913fd8d/execute/async - {"script":"<script> [6424 bytes]","args":[{"element-6066-11e4-a52e-4f735466cecf":"f.B5C2D4FD721985666FD02FCCEF5CBA56.d.274361F29BE54AC5C0703BFF2C67BECF.e.287"},"getTitle",[]]}
COMMAND: POST /session/448051c7250ae419f03110640913fd8d/execute/async - {"script":"<script> [1562 bytes]","args":[{"selector":{"id":"shellAppTitle"},"wdio_ui5_key":"shellAppTitle"}]}
RESULT: {"script":"<script> [1562 bytes]","args":[{"selector":{"id":"shellAppTitle"},"wdio_ui5_key":"shellAppTitle"}]}
COMMAND: POST /session/448051c7250ae419f03110640913fd8d/execute/async - {"script":"<script> [6424 bytes]","args":[{"element-6066-11e4-a52e-4f735466cecf":"f.B5C2D4FD721985666FD02FCCEF5CBA56.d.274361F29BE54AC5C0703BFF2C67BECF.e.1901"},"getTitle",[]]}
RESULT: {"script":"<script> [6424 bytes]","args":[{"element-6066-11e4-a52e-4f735466cecf":"f.B5C2D4FD721985666FD02FCCEF5CBA56.d.274361F29BE54AC5C0703BFF2C67BECF.e.1901"},"getTitle",[]]}
RESULT: undefined
COMMAND: POST /session/448051c7250ae419f03110640913fd8d/element/f.B5C2D4FD721985666FD02FCCEF5CBA56.d.274361F29BE54AC5C0703BFF2C67BECF.e.1677/click - {}
COMMAND: POST /session/448051c7250ae419f03110640913fd8d/element - {"using":"xpath","value":"//*[@id=\"backBtn\"]"}
RESULT: {"using":"xpath","value":"//*[@id=\"backBtn\"]"}
COMMAND: POST /session/448051c7250ae419f03110640913fd8d/element/f.B5C2D4FD721985666FD02FCCEF5CBA56.d.274361F29BE54AC5C0703BFF2C67BECF.e.1677/click - {}
COMMAND: POST /session/448051c7250ae419f03110640913fd8d/element - {"using":"xpath","value":"//*[@id=\"backBtn\"]"}
RESULT: {"using":"xpath","value":"//*[@id=\"backBtn\"]"}
COMMAND: POST /session/448051c7250ae419f03110640913fd8d/element/f.B5C2D4FD721985666FD02FCCEF5CBA56.d.274361F29BE54AC5C0703BFF2C67BECF.e.1902/click - {}
RESULT: {}
COMMAND: GET /session/448051c7250ae419f03110640913fd8d/screenshot - {}
RESULT: {}
]]></system-out>
    </testcase>
    <testcase classname="chrome.136_0_7103_93.windows.Sanity_Tests_US104253" name="Should open Manage Calendar Exceptions page" time="37.293">
      <system-out><![CDATA[
COMMAND: POST /session/448051c7250ae419f03110640913fd8d/execute/async - {"script":"<script> [1562 bytes]","args":[{"selector":{"controlType":"sap.m.GenericTile","properties":{"header":"Manage Calendar Exceptions"}},"wdio_ui5_key":"sapm.GenericTile{\"header\":\"Manage Calendar Exceptions\"}"}]}
RESULT: {"script":"<script> [1562 bytes]","args":[{"selector":{"controlType":"sap.m.GenericTile","properties":{"header":"Manage Calendar Exceptions"}},"wdio_ui5_key":"sapm.GenericTile{\"header\":\"Manage Calendar Exceptions\"}"}]}
RESULT: undefined
COMMAND: POST /session/448051c7250ae419f03110640913fd8d/element - {"using":"xpath","value":"//*[@id=\"__tile52\"]"}
RESULT: {"using":"xpath","value":"//*[@id=\"__tile52\"]"}
COMMAND: POST /session/448051c7250ae419f03110640913fd8d/element/f.B5C2D4FD721985666FD02FCCEF5CBA56.d.274361F29BE54AC5C0703BFF2C67BECF.e.1904/click - {}
RESULT: {}
COMMAND: GET /session/448051c7250ae419f03110640913fd8d/screenshot - {}
RESULT: {}
COMMAND: POST /session/448051c7250ae419f03110640913fd8d/elements - {"using":"xpath","value":"//span[text()='Error']"}
RESULT: {"using":"xpath","value":"//span[text()='Error']"}
RESULT: undefined
COMMAND: POST /session/448051c7250ae419f03110640913fd8d/element - {"using":"xpath","value":"//*[@id=\"__tile52\"]"}
RESULT: {"using":"xpath","value":"//*[@id=\"__tile52\"]"}
COMMAND: POST /session/448051c7250ae419f03110640913fd8d/element/f.B5C2D4FD721985666FD02FCCEF5CBA56.d.274361F29BE54AC5C0703BFF2C67BECF.e.1904/click - {}
RESULT: undefined
COMMAND: POST /session/448051c7250ae419f03110640913fd8d/element - {"using":"xpath","value":"//*[@id=\"__tile52\"]"}
RESULT: {"using":"xpath","value":"//*[@id=\"__tile52\"]"}
COMMAND: POST /session/448051c7250ae419f03110640913fd8d/element/f.B5C2D4FD721985666FD02FCCEF5CBA56.d.274361F29BE54AC5C0703BFF2C67BECF.e.1904/click - {}
RESULT: undefined
COMMAND: POST /session/448051c7250ae419f03110640913fd8d/execute/async - {"script":"<script> [6424 bytes]","args":[{"element-6066-11e4-a52e-4f735466cecf":"f.B5C2D4FD721985666FD02FCCEF5CBA56.d.274361F29BE54AC5C0703BFF2C67BECF.e.287"},"getTitle",[]]}
COMMAND: POST /session/448051c7250ae419f03110640913fd8d/execute/async - {"script":"<script> [1562 bytes]","args":[{"selector":{"id":"shellAppTitle"},"wdio_ui5_key":"shellAppTitle"}]}
RESULT: {"script":"<script> [1562 bytes]","args":[{"selector":{"id":"shellAppTitle"},"wdio_ui5_key":"shellAppTitle"}]}
COMMAND: POST /session/448051c7250ae419f03110640913fd8d/execute/async - {"script":"<script> [6424 bytes]","args":[{"element-6066-11e4-a52e-4f735466cecf":"f.B5C2D4FD721985666FD02FCCEF5CBA56.d.274361F29BE54AC5C0703BFF2C67BECF.e.1958"},"getTitle",[]]}
RESULT: {"script":"<script> [6424 bytes]","args":[{"element-6066-11e4-a52e-4f735466cecf":"f.B5C2D4FD721985666FD02FCCEF5CBA56.d.274361F29BE54AC5C0703BFF2C67BECF.e.1958"},"getTitle",[]]}
RESULT: undefined
COMMAND: POST /session/448051c7250ae419f03110640913fd8d/element/f.B5C2D4FD721985666FD02FCCEF5CBA56.d.274361F29BE54AC5C0703BFF2C67BECF.e.1902/click - {}
RESULT: {}
COMMAND: GET /session/448051c7250ae419f03110640913fd8d/screenshot - {}
RESULT: {}
]]></system-out>
    </testcase>
    <testcase classname="chrome.136_0_7103_93.windows.Sanity_Tests_US104253" name="Should open Manage States Performance page" time="38.86">
      <system-out><![CDATA[
COMMAND: POST /session/448051c7250ae419f03110640913fd8d/execute/async - {"script":"<script> [1562 bytes]","args":[{"selector":{"controlType":"sap.m.GenericTile","properties":{"header":"Manage States & Performance"}},"wdio_ui5_key":"sapm.GenericTile{\"header\":\"Manage States & Performance\"}"}]}
RESULT: {"script":"<script> [1562 bytes]","args":[{"selector":{"controlType":"sap.m.GenericTile","properties":{"header":"Manage States & Performance"}},"wdio_ui5_key":"sapm.GenericTile{\"header\":\"Manage States & Performance\"}"}]}
RESULT: undefined
COMMAND: POST /session/448051c7250ae419f03110640913fd8d/element - {"using":"xpath","value":"//*[@id=\"__tile56\"]"}
RESULT: {"using":"xpath","value":"//*[@id=\"__tile56\"]"}
COMMAND: POST /session/448051c7250ae419f03110640913fd8d/element/f.B5C2D4FD721985666FD02FCCEF5CBA56.d.274361F29BE54AC5C0703BFF2C67BECF.e.1962/click - {}
RESULT: {}
COMMAND: GET /session/448051c7250ae419f03110640913fd8d/screenshot - {}
RESULT: {}
COMMAND: POST /session/448051c7250ae419f03110640913fd8d/elements - {"using":"xpath","value":"//span[text()='Error']"}
RESULT: {"using":"xpath","value":"//span[text()='Error']"}
RESULT: undefined
COMMAND: POST /session/448051c7250ae419f03110640913fd8d/element - {"using":"xpath","value":"//*[@id=\"__tile56\"]"}
RESULT: {"using":"xpath","value":"//*[@id=\"__tile56\"]"}
COMMAND: POST /session/448051c7250ae419f03110640913fd8d/element/f.B5C2D4FD721985666FD02FCCEF5CBA56.d.274361F29BE54AC5C0703BFF2C67BECF.e.1962/click - {}
RESULT: undefined
COMMAND: POST /session/448051c7250ae419f03110640913fd8d/element - {"using":"xpath","value":"//*[@id=\"__tile56\"]"}
RESULT: {"using":"xpath","value":"//*[@id=\"__tile56\"]"}
COMMAND: POST /session/448051c7250ae419f03110640913fd8d/element/f.B5C2D4FD721985666FD02FCCEF5CBA56.d.274361F29BE54AC5C0703BFF2C67BECF.e.1962/click - {}
RESULT: undefined
COMMAND: POST /session/448051c7250ae419f03110640913fd8d/execute/async - {"script":"<script> [6424 bytes]","args":[{"element-6066-11e4-a52e-4f735466cecf":"f.B5C2D4FD721985666FD02FCCEF5CBA56.d.274361F29BE54AC5C0703BFF2C67BECF.e.287"},"getTitle",[]]}
COMMAND: POST /session/448051c7250ae419f03110640913fd8d/execute/async - {"script":"<script> [1562 bytes]","args":[{"selector":{"id":"shellAppTitle"},"wdio_ui5_key":"shellAppTitle"}]}
RESULT: {"script":"<script> [1562 bytes]","args":[{"selector":{"id":"shellAppTitle"},"wdio_ui5_key":"shellAppTitle"}]}
COMMAND: POST /session/448051c7250ae419f03110640913fd8d/execute/async - {"script":"<script> [6424 bytes]","args":[{"element-6066-11e4-a52e-4f735466cecf":"f.B5C2D4FD721985666FD02FCCEF5CBA56.d.274361F29BE54AC5C0703BFF2C67BECF.e.2062"},"getTitle",[]]}
RESULT: {"script":"<script> [6424 bytes]","args":[{"element-6066-11e4-a52e-4f735466cecf":"f.B5C2D4FD721985666FD02FCCEF5CBA56.d.274361F29BE54AC5C0703BFF2C67BECF.e.2062"},"getTitle",[]]}
RESULT: undefined
COMMAND: POST /session/448051c7250ae419f03110640913fd8d/element/f.B5C2D4FD721985666FD02FCCEF5CBA56.d.274361F29BE54AC5C0703BFF2C67BECF.e.1902/click - {}
COMMAND: POST /session/448051c7250ae419f03110640913fd8d/element - {"using":"xpath","value":"//*[@id=\"backBtn\"]"}
RESULT: {"using":"xpath","value":"//*[@id=\"backBtn\"]"}
COMMAND: POST /session/448051c7250ae419f03110640913fd8d/element/f.B5C2D4FD721985666FD02FCCEF5CBA56.d.274361F29BE54AC5C0703BFF2C67BECF.e.1902/click - {}
COMMAND: POST /session/448051c7250ae419f03110640913fd8d/element - {"using":"xpath","value":"//*[@id=\"backBtn\"]"}
RESULT: {"using":"xpath","value":"//*[@id=\"backBtn\"]"}
COMMAND: POST /session/448051c7250ae419f03110640913fd8d/element/f.B5C2D4FD721985666FD02FCCEF5CBA56.d.274361F29BE54AC5C0703BFF2C67BECF.e.2063/click - {}
RESULT: {}
COMMAND: GET /session/448051c7250ae419f03110640913fd8d/screenshot - {}
RESULT: {}
]]></system-out>
    </testcase>
    <testcase classname="chrome.136_0_7103_93.windows.Sanity_Tests_US104253" name="Should open Manage Billings page" time="46.125">
      <system-out><![CDATA[
COMMAND: POST /session/448051c7250ae419f03110640913fd8d/execute/async - {"script":"<script> [1562 bytes]","args":[{"selector":{"controlType":"sap.m.GenericTile","properties":{"header":"Manage Billings"}},"wdio_ui5_key":"sapm.GenericTile{\"header\":\"Manage Billings\"}"}]}
RESULT: {"script":"<script> [1562 bytes]","args":[{"selector":{"controlType":"sap.m.GenericTile","properties":{"header":"Manage Billings"}},"wdio_ui5_key":"sapm.GenericTile{\"header\":\"Manage Billings\"}"}]}
RESULT: undefined
COMMAND: POST /session/448051c7250ae419f03110640913fd8d/element - {"using":"xpath","value":"//*[@id=\"__tile51\"]"}
RESULT: {"using":"xpath","value":"//*[@id=\"__tile51\"]"}
COMMAND: POST /session/448051c7250ae419f03110640913fd8d/element/f.B5C2D4FD721985666FD02FCCEF5CBA56.d.274361F29BE54AC5C0703BFF2C67BECF.e.2065/click - {}
RESULT: {}
COMMAND: GET /session/448051c7250ae419f03110640913fd8d/screenshot - {}
RESULT: {}
COMMAND: POST /session/448051c7250ae419f03110640913fd8d/elements - {"using":"xpath","value":"//span[text()='Error']"}
RESULT: {"using":"xpath","value":"//span[text()='Error']"}
RESULT: undefined
COMMAND: POST /session/448051c7250ae419f03110640913fd8d/element - {"using":"xpath","value":"//*[@id=\"__tile51\"]"}
RESULT: {"using":"xpath","value":"//*[@id=\"__tile51\"]"}
COMMAND: POST /session/448051c7250ae419f03110640913fd8d/element/f.B5C2D4FD721985666FD02FCCEF5CBA56.d.274361F29BE54AC5C0703BFF2C67BECF.e.2065/click - {}
RESULT: undefined
COMMAND: POST /session/448051c7250ae419f03110640913fd8d/element - {"using":"xpath","value":"//*[@id=\"__tile51\"]"}
RESULT: {"using":"xpath","value":"//*[@id=\"__tile51\"]"}
COMMAND: POST /session/448051c7250ae419f03110640913fd8d/element/f.B5C2D4FD721985666FD02FCCEF5CBA56.d.274361F29BE54AC5C0703BFF2C67BECF.e.2065/click - {}
RESULT: undefined
COMMAND: POST /session/448051c7250ae419f03110640913fd8d/execute/async - {"script":"<script> [6424 bytes]","args":[{"element-6066-11e4-a52e-4f735466cecf":"f.B5C2D4FD721985666FD02FCCEF5CBA56.d.274361F29BE54AC5C0703BFF2C67BECF.e.287"},"getTitle",[]]}
COMMAND: POST /session/448051c7250ae419f03110640913fd8d/execute/async - {"script":"<script> [1562 bytes]","args":[{"selector":{"id":"shellAppTitle"},"wdio_ui5_key":"shellAppTitle"}]}
RESULT: {"script":"<script> [1562 bytes]","args":[{"selector":{"id":"shellAppTitle"},"wdio_ui5_key":"shellAppTitle"}]}
COMMAND: POST /session/448051c7250ae419f03110640913fd8d/execute/async - {"script":"<script> [6424 bytes]","args":[{"element-6066-11e4-a52e-4f735466cecf":"f.B5C2D4FD721985666FD02FCCEF5CBA56.d.274361F29BE54AC5C0703BFF2C67BECF.e.2306"},"getTitle",[]]}
RESULT: {"script":"<script> [6424 bytes]","args":[{"element-6066-11e4-a52e-4f735466cecf":"f.B5C2D4FD721985666FD02FCCEF5CBA56.d.274361F29BE54AC5C0703BFF2C67BECF.e.2306"},"getTitle",[]]}
RESULT: undefined
COMMAND: POST /session/448051c7250ae419f03110640913fd8d/element/f.B5C2D4FD721985666FD02FCCEF5CBA56.d.274361F29BE54AC5C0703BFF2C67BECF.e.2063/click - {}
COMMAND: POST /session/448051c7250ae419f03110640913fd8d/element/f.B5C2D4FD721985666FD02FCCEF5CBA56.d.274361F29BE54AC5C0703BFF2C67BECF.e.2063/click - {}
RESULT: {}
COMMAND: GET /session/448051c7250ae419f03110640913fd8d/screenshot - {}
COMMAND: POST /session/448051c7250ae419f03110640913fd8d/element - {"using":"xpath","value":"//*[@id=\"backBtn\"]"}
RESULT: {}
RESULT: {"using":"xpath","value":"//*[@id=\"backBtn\"]"}
COMMAND: POST /session/448051c7250ae419f03110640913fd8d/elements - {"using":"xpath","value":"//*[@id=\"backBtn\"]"}
RESULT: {"using":"xpath","value":"//*[@id=\"backBtn\"]"}
COMMAND: POST /session/448051c7250ae419f03110640913fd8d/elements - {"using":"xpath","value":"//*[@id=\"backBtn\"]"}
RESULT: {"using":"xpath","value":"//*[@id=\"backBtn\"]"}
COMMAND: POST /session/448051c7250ae419f03110640913fd8d/elements - {"using":"xpath","value":"//*[@id=\"backBtn\"]"}
RESULT: {"using":"xpath","value":"//*[@id=\"backBtn\"]"}
COMMAND: POST /session/448051c7250ae419f03110640913fd8d/elements - {"using":"xpath","value":"//*[@id=\"backBtn\"]"}
RESULT: {"using":"xpath","value":"//*[@id=\"backBtn\"]"}
COMMAND: POST /session/448051c7250ae419f03110640913fd8d/elements - {"using":"xpath","value":"//*[@id=\"backBtn\"]"}
RESULT: {"using":"xpath","value":"//*[@id=\"backBtn\"]"}
COMMAND: POST /session/448051c7250ae419f03110640913fd8d/elements - {"using":"xpath","value":"//*[@id=\"backBtn\"]"}
RESULT: {"using":"xpath","value":"//*[@id=\"backBtn\"]"}
COMMAND: POST /session/448051c7250ae419f03110640913fd8d/elements - {"using":"xpath","value":"//*[@id=\"backBtn\"]"}
RESULT: {"using":"xpath","value":"//*[@id=\"backBtn\"]"}
COMMAND: POST /session/448051c7250ae419f03110640913fd8d/elements - {"using":"xpath","value":"//*[@id=\"backBtn\"]"}
RESULT: {"using":"xpath","value":"//*[@id=\"backBtn\"]"}
COMMAND: POST /session/448051c7250ae419f03110640913fd8d/elements - {"using":"xpath","value":"//*[@id=\"backBtn\"]"}
RESULT: {"using":"xpath","value":"//*[@id=\"backBtn\"]"}
COMMAND: POST /session/448051c7250ae419f03110640913fd8d/elements - {"using":"xpath","value":"//*[@id=\"backBtn\"]"}
RESULT: {"using":"xpath","value":"//*[@id=\"backBtn\"]"}
COMMAND: POST /session/448051c7250ae419f03110640913fd8d/elements - {"using":"xpath","value":"//*[@id=\"backBtn\"]"}
RESULT: {"using":"xpath","value":"//*[@id=\"backBtn\"]"}
COMMAND: POST /session/448051c7250ae419f03110640913fd8d/elements - {"using":"xpath","value":"//*[@id=\"backBtn\"]"}
RESULT: {"using":"xpath","value":"//*[@id=\"backBtn\"]"}
COMMAND: POST /session/448051c7250ae419f03110640913fd8d/elements - {"using":"xpath","value":"//*[@id=\"backBtn\"]"}
RESULT: {"using":"xpath","value":"//*[@id=\"backBtn\"]"}
COMMAND: POST /session/448051c7250ae419f03110640913fd8d/elements - {"using":"xpath","value":"//*[@id=\"backBtn\"]"}
RESULT: {"using":"xpath","value":"//*[@id=\"backBtn\"]"}
COMMAND: POST /session/448051c7250ae419f03110640913fd8d/elements - {"using":"xpath","value":"//*[@id=\"backBtn\"]"}
RESULT: {"using":"xpath","value":"//*[@id=\"backBtn\"]"}
COMMAND: POST /session/448051c7250ae419f03110640913fd8d/elements - {"using":"xpath","value":"//*[@id=\"backBtn\"]"}
RESULT: {"using":"xpath","value":"//*[@id=\"backBtn\"]"}
]]></system-out>
    </testcase>
    <testcase classname="chrome.136_0_7103_93.windows.Sanity_Tests_US104253" name="Should open Manage Conditions Prices page" time="51.001">
      <system-out><![CDATA[
COMMAND: POST /session/448051c7250ae419f03110640913fd8d/execute/async - {"script":"<script> [1562 bytes]","args":[{"selector":{"controlType":"sap.m.GenericTile","properties":{"header":"Manage Conditions & Prices"}},"wdio_ui5_key":"sapm.GenericTile{\"header\":\"Manage Conditions & Prices\"}"}]}
COMMAND: POST /session/448051c7250ae419f03110640913fd8d/elements - {"using":"xpath","value":"//*[@id=\"backBtn\"]"}
RESULT: {"script":"<script> [1562 bytes]","args":[{"selector":{"controlType":"sap.m.GenericTile","properties":{"header":"Manage Conditions & Prices"}},"wdio_ui5_key":"sapm.GenericTile{\"header\":\"Manage Conditions & Prices\"}"}]}
RESULT: undefined
COMMAND: POST /session/448051c7250ae419f03110640913fd8d/element - {"using":"xpath","value":"//*[@id=\"__tile53\"]"}
RESULT: {"using":"xpath","value":"//*[@id=\"backBtn\"]"}
RESULT: {"using":"xpath","value":"//*[@id=\"__tile53\"]"}
COMMAND: POST /session/448051c7250ae419f03110640913fd8d/element/f.B5C2D4FD721985666FD02FCCEF5CBA56.d.274361F29BE54AC5C0703BFF2C67BECF.e.2308/click - {}
COMMAND: POST /session/448051c7250ae419f03110640913fd8d/elements - {"using":"xpath","value":"//*[@id=\"backBtn\"]"}
RESULT: {}
COMMAND: GET /session/448051c7250ae419f03110640913fd8d/screenshot - {}
RESULT: {"using":"xpath","value":"//*[@id=\"backBtn\"]"}
COMMAND: POST /session/448051c7250ae419f03110640913fd8d/elements - {"using":"xpath","value":"//*[@id=\"backBtn\"]"}
RESULT: {}
RESULT: {"using":"xpath","value":"//*[@id=\"backBtn\"]"}
COMMAND: POST /session/448051c7250ae419f03110640913fd8d/elements - {"using":"xpath","value":"//*[@id=\"backBtn\"]"}
RESULT: {"using":"xpath","value":"//*[@id=\"backBtn\"]"}
COMMAND: POST /session/448051c7250ae419f03110640913fd8d/elements - {"using":"xpath","value":"//*[@id=\"backBtn\"]"}
COMMAND: POST /session/448051c7250ae419f03110640913fd8d/elements - {"using":"xpath","value":"//span[text()='Error']"}
RESULT: {"using":"xpath","value":"//*[@id=\"backBtn\"]"}
COMMAND: POST /session/448051c7250ae419f03110640913fd8d/element - {"using":"xpath","value":"//*[@id=\"backBtn\"]"}
RESULT: {"using":"xpath","value":"//span[text()='Error']"}
RESULT: {"using":"xpath","value":"//*[@id=\"backBtn\"]"}
COMMAND: POST /session/448051c7250ae419f03110640913fd8d/element/f.B5C2D4FD721985666FD02FCCEF5CBA56.d.274361F29BE54AC5C0703BFF2C67BECF.e.2063/click - {}
COMMAND: POST /session/448051c7250ae419f03110640913fd8d/element - {"using":"xpath","value":"//*[@id=\"backBtn\"]"}
RESULT: {"using":"xpath","value":"//*[@id=\"backBtn\"]"}
COMMAND: POST /session/448051c7250ae419f03110640913fd8d/element/f.B5C2D4FD721985666FD02FCCEF5CBA56.d.274361F29BE54AC5C0703BFF2C67BECF.e.2478/click - {}
RESULT: {}
COMMAND: GET /session/448051c7250ae419f03110640913fd8d/screenshot - {}
RESULT: {}
RESULT: undefined
COMMAND: POST /session/448051c7250ae419f03110640913fd8d/element - {"using":"xpath","value":"//*[@id=\"__tile53\"]"}
RESULT: {"using":"xpath","value":"//*[@id=\"__tile53\"]"}
COMMAND: POST /session/448051c7250ae419f03110640913fd8d/element/f.B5C2D4FD721985666FD02FCCEF5CBA56.d.274361F29BE54AC5C0703BFF2C67BECF.e.2308/click - {}
RESULT: {}
RESULT: undefined
COMMAND: POST /session/448051c7250ae419f03110640913fd8d/element - {"using":"xpath","value":"//*[@id=\"__tile53\"]"}
COMMAND: GET /session/448051c7250ae419f03110640913fd8d/screenshot - {}
RESULT: {"using":"xpath","value":"//*[@id=\"__tile53\"]"}
COMMAND: POST /session/448051c7250ae419f03110640913fd8d/element/f.B5C2D4FD721985666FD02FCCEF5CBA56.d.274361F29BE54AC5C0703BFF2C67BECF.e.2308/click - {}
RESULT: {}
RESULT: undefined
COMMAND: POST /session/448051c7250ae419f03110640913fd8d/execute/async - {"script":"<script> [6424 bytes]","args":[{"element-6066-11e4-a52e-4f735466cecf":"f.B5C2D4FD721985666FD02FCCEF5CBA56.d.274361F29BE54AC5C0703BFF2C67BECF.e.287"},"getTitle",[]]}
COMMAND: POST /session/448051c7250ae419f03110640913fd8d/execute/async - {"script":"<script> [1562 bytes]","args":[{"selector":{"id":"shellAppTitle"},"wdio_ui5_key":"shellAppTitle"}]}
RESULT: {"script":"<script> [1562 bytes]","args":[{"selector":{"id":"shellAppTitle"},"wdio_ui5_key":"shellAppTitle"}]}
COMMAND: POST /session/448051c7250ae419f03110640913fd8d/execute/async - {"script":"<script> [6424 bytes]","args":[{"element-6066-11e4-a52e-4f735466cecf":"f.B5C2D4FD721985666FD02FCCEF5CBA56.d.274361F29BE54AC5C0703BFF2C67BECF.e.2662"},"getTitle",[]]}
RESULT: {"script":"<script> [6424 bytes]","args":[{"element-6066-11e4-a52e-4f735466cecf":"f.B5C2D4FD721985666FD02FCCEF5CBA56.d.274361F29BE54AC5C0703BFF2C67BECF.e.2662"},"getTitle",[]]}
RESULT: undefined
COMMAND: POST /session/448051c7250ae419f03110640913fd8d/element/f.B5C2D4FD721985666FD02FCCEF5CBA56.d.274361F29BE54AC5C0703BFF2C67BECF.e.2478/click - {}
RESULT: {}
COMMAND: GET /session/448051c7250ae419f03110640913fd8d/screenshot - {}
RESULT: {}
]]></system-out>
    </testcase>
    <testcase classname="chrome.136_0_7103_93.windows.Sanity_Tests_US104253" name="Should open Billing Transfer page" time="38.964">
      <system-out><![CDATA[
COMMAND: POST /session/448051c7250ae419f03110640913fd8d/execute/async - {"script":"<script> [1562 bytes]","args":[{"selector":{"controlType":"sap.m.GenericTile","properties":{"header":"Billing Transfer"}},"wdio_ui5_key":"sapm.GenericTile{\"header\":\"Billing Transfer\"}"}]}
RESULT: {"script":"<script> [1562 bytes]","args":[{"selector":{"controlType":"sap.m.GenericTile","properties":{"header":"Billing Transfer"}},"wdio_ui5_key":"sapm.GenericTile{\"header\":\"Billing Transfer\"}"}]}
RESULT: undefined
COMMAND: POST /session/448051c7250ae419f03110640913fd8d/element - {"using":"xpath","value":"//*[@id=\"__tile50\"]"}
RESULT: {"using":"xpath","value":"//*[@id=\"__tile50\"]"}
COMMAND: POST /session/448051c7250ae419f03110640913fd8d/element/f.B5C2D4FD721985666FD02FCCEF5CBA56.d.274361F29BE54AC5C0703BFF2C67BECF.e.2664/click - {}
RESULT: {}
COMMAND: GET /session/448051c7250ae419f03110640913fd8d/screenshot - {}
RESULT: {}
COMMAND: POST /session/448051c7250ae419f03110640913fd8d/elements - {"using":"xpath","value":"//span[text()='Error']"}
RESULT: {"using":"xpath","value":"//span[text()='Error']"}
RESULT: undefined
COMMAND: POST /session/448051c7250ae419f03110640913fd8d/element - {"using":"xpath","value":"//*[@id=\"__tile50\"]"}
RESULT: {"using":"xpath","value":"//*[@id=\"__tile50\"]"}
COMMAND: POST /session/448051c7250ae419f03110640913fd8d/element/f.B5C2D4FD721985666FD02FCCEF5CBA56.d.274361F29BE54AC5C0703BFF2C67BECF.e.2664/click - {}
RESULT: undefined
COMMAND: POST /session/448051c7250ae419f03110640913fd8d/element - {"using":"xpath","value":"//*[@id=\"__tile50\"]"}
RESULT: {"using":"xpath","value":"//*[@id=\"__tile50\"]"}
COMMAND: POST /session/448051c7250ae419f03110640913fd8d/element/f.B5C2D4FD721985666FD02FCCEF5CBA56.d.274361F29BE54AC5C0703BFF2C67BECF.e.2664/click - {}
RESULT: undefined
COMMAND: POST /session/448051c7250ae419f03110640913fd8d/execute/async - {"script":"<script> [6424 bytes]","args":[{"element-6066-11e4-a52e-4f735466cecf":"f.B5C2D4FD721985666FD02FCCEF5CBA56.d.274361F29BE54AC5C0703BFF2C67BECF.e.287"},"getTitle",[]]}
COMMAND: POST /session/448051c7250ae419f03110640913fd8d/execute/async - {"script":"<script> [1562 bytes]","args":[{"selector":{"id":"shellAppTitle"},"wdio_ui5_key":"shellAppTitle"}]}
RESULT: {"script":"<script> [1562 bytes]","args":[{"selector":{"id":"shellAppTitle"},"wdio_ui5_key":"shellAppTitle"}]}
COMMAND: POST /session/448051c7250ae419f03110640913fd8d/execute/async - {"script":"<script> [6424 bytes]","args":[{"element-6066-11e4-a52e-4f735466cecf":"f.B5C2D4FD721985666FD02FCCEF5CBA56.d.274361F29BE54AC5C0703BFF2C67BECF.e.2797"},"getTitle",[]]}
RESULT: {"script":"<script> [6424 bytes]","args":[{"element-6066-11e4-a52e-4f735466cecf":"f.B5C2D4FD721985666FD02FCCEF5CBA56.d.274361F29BE54AC5C0703BFF2C67BECF.e.2797"},"getTitle",[]]}
RESULT: undefined
COMMAND: POST /session/448051c7250ae419f03110640913fd8d/element/f.B5C2D4FD721985666FD02FCCEF5CBA56.d.274361F29BE54AC5C0703BFF2C67BECF.e.2478/click - {}
COMMAND: POST /session/448051c7250ae419f03110640913fd8d/element - {"using":"xpath","value":"//*[@id=\"backBtn\"]"}
RESULT: {"using":"xpath","value":"//*[@id=\"backBtn\"]"}
COMMAND: POST /session/448051c7250ae419f03110640913fd8d/element/f.B5C2D4FD721985666FD02FCCEF5CBA56.d.274361F29BE54AC5C0703BFF2C67BECF.e.2478/click - {}
COMMAND: POST /session/448051c7250ae419f03110640913fd8d/element - {"using":"xpath","value":"//*[@id=\"backBtn\"]"}
RESULT: {"using":"xpath","value":"//*[@id=\"backBtn\"]"}
COMMAND: POST /session/448051c7250ae419f03110640913fd8d/element/f.B5C2D4FD721985666FD02FCCEF5CBA56.d.274361F29BE54AC5C0703BFF2C67BECF.e.2798/click - {}
RESULT: {}
COMMAND: GET /session/448051c7250ae419f03110640913fd8d/screenshot - {}
RESULT: {}
]]></system-out>
    </testcase>
    <testcase classname="chrome.136_0_7103_93.windows.Sanity_Tests_US104253" name="Should open Manage Pricing Rules page" time="38.178">
      <system-out><![CDATA[
COMMAND: POST /session/448051c7250ae419f03110640913fd8d/execute/async - {"script":"<script> [1562 bytes]","args":[{"selector":{"controlType":"sap.m.GenericTile","properties":{"header":"Manage Pricing Rules"}},"wdio_ui5_key":"sapm.GenericTile{\"header\":\"Manage Pricing Rules\"}"}]}
RESULT: {"script":"<script> [1562 bytes]","args":[{"selector":{"controlType":"sap.m.GenericTile","properties":{"header":"Manage Pricing Rules"}},"wdio_ui5_key":"sapm.GenericTile{\"header\":\"Manage Pricing Rules\"}"}]}
RESULT: undefined
COMMAND: POST /session/448051c7250ae419f03110640913fd8d/element - {"using":"xpath","value":"//*[@id=\"__tile55\"]"}
RESULT: {"using":"xpath","value":"//*[@id=\"__tile55\"]"}
COMMAND: POST /session/448051c7250ae419f03110640913fd8d/element/f.B5C2D4FD721985666FD02FCCEF5CBA56.d.274361F29BE54AC5C0703BFF2C67BECF.e.2800/click - {}
RESULT: {}
COMMAND: GET /session/448051c7250ae419f03110640913fd8d/screenshot - {}
RESULT: {}
COMMAND: POST /session/448051c7250ae419f03110640913fd8d/elements - {"using":"xpath","value":"//span[text()='Error']"}
RESULT: {"using":"xpath","value":"//span[text()='Error']"}
RESULT: undefined
COMMAND: POST /session/448051c7250ae419f03110640913fd8d/element - {"using":"xpath","value":"//*[@id=\"__tile55\"]"}
RESULT: {"using":"xpath","value":"//*[@id=\"__tile55\"]"}
COMMAND: POST /session/448051c7250ae419f03110640913fd8d/element/f.B5C2D4FD721985666FD02FCCEF5CBA56.d.274361F29BE54AC5C0703BFF2C67BECF.e.2800/click - {}
RESULT: undefined
COMMAND: POST /session/448051c7250ae419f03110640913fd8d/element - {"using":"xpath","value":"//*[@id=\"__tile55\"]"}
RESULT: {"using":"xpath","value":"//*[@id=\"__tile55\"]"}
COMMAND: POST /session/448051c7250ae419f03110640913fd8d/element/f.B5C2D4FD721985666FD02FCCEF5CBA56.d.274361F29BE54AC5C0703BFF2C67BECF.e.2800/click - {}
RESULT: undefined
COMMAND: POST /session/448051c7250ae419f03110640913fd8d/execute/async - {"script":"<script> [6424 bytes]","args":[{"element-6066-11e4-a52e-4f735466cecf":"f.B5C2D4FD721985666FD02FCCEF5CBA56.d.274361F29BE54AC5C0703BFF2C67BECF.e.287"},"getTitle",[]]}
COMMAND: POST /session/448051c7250ae419f03110640913fd8d/execute/async - {"script":"<script> [1562 bytes]","args":[{"selector":{"id":"shellAppTitle"},"wdio_ui5_key":"shellAppTitle"}]}
RESULT: {"script":"<script> [1562 bytes]","args":[{"selector":{"id":"shellAppTitle"},"wdio_ui5_key":"shellAppTitle"}]}
COMMAND: POST /session/448051c7250ae419f03110640913fd8d/execute/async - {"script":"<script> [6424 bytes]","args":[{"element-6066-11e4-a52e-4f735466cecf":"f.B5C2D4FD721985666FD02FCCEF5CBA56.d.274361F29BE54AC5C0703BFF2C67BECF.e.2848"},"getTitle",[]]}
RESULT: {"script":"<script> [6424 bytes]","args":[{"element-6066-11e4-a52e-4f735466cecf":"f.B5C2D4FD721985666FD02FCCEF5CBA56.d.274361F29BE54AC5C0703BFF2C67BECF.e.2848"},"getTitle",[]]}
RESULT: undefined
COMMAND: POST /session/448051c7250ae419f03110640913fd8d/element/f.B5C2D4FD721985666FD02FCCEF5CBA56.d.274361F29BE54AC5C0703BFF2C67BECF.e.2798/click - {}
RESULT: {}
COMMAND: GET /session/448051c7250ae419f03110640913fd8d/screenshot - {}
RESULT: {}
]]></system-out>
    </testcase>
    <testcase classname="chrome.136_0_7103_93.windows.Sanity_Tests_US104253" name="Should open Manage Price Determination Matrices page" time="41.591">
      <system-out><![CDATA[
COMMAND: POST /session/448051c7250ae419f03110640913fd8d/execute/async - {"script":"<script> [1562 bytes]","args":[{"selector":{"controlType":"sap.m.GenericTile","properties":{"header":"Manage Price Determination Matrices"}},"wdio_ui5_key":"sapm.GenericTile{\"header\":\"Manage Price Determination Matrices\"}"}]}
RESULT: {"script":"<script> [1562 bytes]","args":[{"selector":{"controlType":"sap.m.GenericTile","properties":{"header":"Manage Price Determination Matrices"}},"wdio_ui5_key":"sapm.GenericTile{\"header\":\"Manage Price Determination Matrices\"}"}]}
RESULT: undefined
COMMAND: POST /session/448051c7250ae419f03110640913fd8d/element - {"using":"xpath","value":"//*[@id=\"__tile54\"]"}
RESULT: {"using":"xpath","value":"//*[@id=\"__tile54\"]"}
COMMAND: POST /session/448051c7250ae419f03110640913fd8d/element/f.B5C2D4FD721985666FD02FCCEF5CBA56.d.274361F29BE54AC5C0703BFF2C67BECF.e.2850/click - {}
RESULT: {}
COMMAND: GET /session/448051c7250ae419f03110640913fd8d/screenshot - {}
RESULT: {}
COMMAND: POST /session/448051c7250ae419f03110640913fd8d/elements - {"using":"xpath","value":"//span[text()='Error']"}
RESULT: {"using":"xpath","value":"//span[text()='Error']"}
RESULT: undefined
COMMAND: POST /session/448051c7250ae419f03110640913fd8d/element - {"using":"xpath","value":"//*[@id=\"__tile54\"]"}
RESULT: {"using":"xpath","value":"//*[@id=\"__tile54\"]"}
COMMAND: POST /session/448051c7250ae419f03110640913fd8d/element/f.B5C2D4FD721985666FD02FCCEF5CBA56.d.274361F29BE54AC5C0703BFF2C67BECF.e.2850/click - {}
RESULT: undefined
COMMAND: POST /session/448051c7250ae419f03110640913fd8d/element - {"using":"xpath","value":"//*[@id=\"__tile54\"]"}
RESULT: {"using":"xpath","value":"//*[@id=\"__tile54\"]"}
COMMAND: POST /session/448051c7250ae419f03110640913fd8d/element/f.B5C2D4FD721985666FD02FCCEF5CBA56.d.274361F29BE54AC5C0703BFF2C67BECF.e.2850/click - {}
RESULT: undefined
COMMAND: POST /session/448051c7250ae419f03110640913fd8d/execute/async - {"script":"<script> [6424 bytes]","args":[{"element-6066-11e4-a52e-4f735466cecf":"f.B5C2D4FD721985666FD02FCCEF5CBA56.d.274361F29BE54AC5C0703BFF2C67BECF.e.287"},"getTitle",[]]}
COMMAND: POST /session/448051c7250ae419f03110640913fd8d/execute/async - {"script":"<script> [1562 bytes]","args":[{"selector":{"id":"shellAppTitle"},"wdio_ui5_key":"shellAppTitle"}]}
RESULT: {"script":"<script> [1562 bytes]","args":[{"selector":{"id":"shellAppTitle"},"wdio_ui5_key":"shellAppTitle"}]}
COMMAND: POST /session/448051c7250ae419f03110640913fd8d/execute/async - {"script":"<script> [6424 bytes]","args":[{"element-6066-11e4-a52e-4f735466cecf":"f.B5C2D4FD721985666FD02FCCEF5CBA56.d.274361F29BE54AC5C0703BFF2C67BECF.e.2954"},"getTitle",[]]}
RESULT: {"script":"<script> [6424 bytes]","args":[{"element-6066-11e4-a52e-4f735466cecf":"f.B5C2D4FD721985666FD02FCCEF5CBA56.d.274361F29BE54AC5C0703BFF2C67BECF.e.2954"},"getTitle",[]]}
RESULT: undefined
COMMAND: POST /session/448051c7250ae419f03110640913fd8d/element/f.B5C2D4FD721985666FD02FCCEF5CBA56.d.274361F29BE54AC5C0703BFF2C67BECF.e.2798/click - {}
COMMAND: POST /session/448051c7250ae419f03110640913fd8d/element - {"using":"xpath","value":"//*[@id=\"backBtn\"]"}
RESULT: {"using":"xpath","value":"//*[@id=\"backBtn\"]"}
COMMAND: POST /session/448051c7250ae419f03110640913fd8d/element/f.B5C2D4FD721985666FD02FCCEF5CBA56.d.274361F29BE54AC5C0703BFF2C67BECF.e.2798/click - {}
COMMAND: POST /session/448051c7250ae419f03110640913fd8d/element - {"using":"xpath","value":"//*[@id=\"backBtn\"]"}
RESULT: {"using":"xpath","value":"//*[@id=\"backBtn\"]"}
COMMAND: POST /session/448051c7250ae419f03110640913fd8d/element/f.B5C2D4FD721985666FD02FCCEF5CBA56.d.274361F29BE54AC5C0703BFF2C67BECF.e.2955/click - {}
RESULT: {}
COMMAND: GET /session/448051c7250ae419f03110640913fd8d/screenshot - {}
RESULT: {}
]]></system-out>
    </testcase>
    <testcase classname="chrome.136_0_7103_93.windows.Sanity_Tests_US104253" name="Should open Yard Overview page" time="40.241">
      <system-out><![CDATA[
COMMAND: POST /session/448051c7250ae419f03110640913fd8d/execute/async - {"script":"<script> [1562 bytes]","args":[{"selector":{"controlType":"sap.m.GenericTile","properties":{"header":"Yard Overview"}},"wdio_ui5_key":"sapm.GenericTile{\"header\":\"Yard Overview\"}"}]}
RESULT: {"script":"<script> [1562 bytes]","args":[{"selector":{"controlType":"sap.m.GenericTile","properties":{"header":"Yard Overview"}},"wdio_ui5_key":"sapm.GenericTile{\"header\":\"Yard Overview\"}"}]}
RESULT: undefined
COMMAND: POST /session/448051c7250ae419f03110640913fd8d/element - {"using":"xpath","value":"//*[@id=\"__tile102\"]"}
RESULT: {"using":"xpath","value":"//*[@id=\"__tile102\"]"}
COMMAND: POST /session/448051c7250ae419f03110640913fd8d/element/f.B5C2D4FD721985666FD02FCCEF5CBA56.d.274361F29BE54AC5C0703BFF2C67BECF.e.2957/click - {}
RESULT: {}
COMMAND: GET /session/448051c7250ae419f03110640913fd8d/screenshot - {}
RESULT: {}
COMMAND: POST /session/448051c7250ae419f03110640913fd8d/elements - {"using":"xpath","value":"//span[text()='Error']"}
RESULT: {"using":"xpath","value":"//span[text()='Error']"}
RESULT: undefined
COMMAND: POST /session/448051c7250ae419f03110640913fd8d/element - {"using":"xpath","value":"//*[@id=\"__tile102\"]"}
RESULT: {"using":"xpath","value":"//*[@id=\"__tile102\"]"}
COMMAND: POST /session/448051c7250ae419f03110640913fd8d/element/f.B5C2D4FD721985666FD02FCCEF5CBA56.d.274361F29BE54AC5C0703BFF2C67BECF.e.2957/click - {}
RESULT: undefined
COMMAND: POST /session/448051c7250ae419f03110640913fd8d/element - {"using":"xpath","value":"//*[@id=\"__tile102\"]"}
RESULT: {"using":"xpath","value":"//*[@id=\"__tile102\"]"}
COMMAND: POST /session/448051c7250ae419f03110640913fd8d/element/f.B5C2D4FD721985666FD02FCCEF5CBA56.d.274361F29BE54AC5C0703BFF2C67BECF.e.2957/click - {}
RESULT: undefined
COMMAND: POST /session/448051c7250ae419f03110640913fd8d/execute/async - {"script":"<script> [6424 bytes]","args":[{"element-6066-11e4-a52e-4f735466cecf":"f.B5C2D4FD721985666FD02FCCEF5CBA56.d.274361F29BE54AC5C0703BFF2C67BECF.e.287"},"getTitle",[]]}
COMMAND: POST /session/448051c7250ae419f03110640913fd8d/execute/async - {"script":"<script> [1562 bytes]","args":[{"selector":{"id":"shellAppTitle"},"wdio_ui5_key":"shellAppTitle"}]}
RESULT: {"script":"<script> [1562 bytes]","args":[{"selector":{"id":"shellAppTitle"},"wdio_ui5_key":"shellAppTitle"}]}
COMMAND: POST /session/448051c7250ae419f03110640913fd8d/execute/async - {"script":"<script> [6424 bytes]","args":[{"element-6066-11e4-a52e-4f735466cecf":"f.B5C2D4FD721985666FD02FCCEF5CBA56.d.274361F29BE54AC5C0703BFF2C67BECF.e.3017"},"getTitle",[]]}
RESULT: {"script":"<script> [6424 bytes]","args":[{"element-6066-11e4-a52e-4f735466cecf":"f.B5C2D4FD721985666FD02FCCEF5CBA56.d.274361F29BE54AC5C0703BFF2C67BECF.e.3017"},"getTitle",[]]}
RESULT: undefined
COMMAND: POST /session/448051c7250ae419f03110640913fd8d/element/f.B5C2D4FD721985666FD02FCCEF5CBA56.d.274361F29BE54AC5C0703BFF2C67BECF.e.2955/click - {}
RESULT: {}
COMMAND: GET /session/448051c7250ae419f03110640913fd8d/screenshot - {}
RESULT: {}
]]></system-out>
    </testcase>
    <testcase classname="chrome.136_0_7103_93.windows.Sanity_Tests_US104253" name="Should open Site Overview page" time="39.782">
      <system-out><![CDATA[
COMMAND: POST /session/448051c7250ae419f03110640913fd8d/execute/async - {"script":"<script> [1562 bytes]","args":[{"selector":{"controlType":"sap.m.GenericTile","properties":{"header":"Site Overview"}},"wdio_ui5_key":"sapm.GenericTile{\"header\":\"Site Overview\"}"}]}
RESULT: {"script":"<script> [1562 bytes]","args":[{"selector":{"controlType":"sap.m.GenericTile","properties":{"header":"Site Overview"}},"wdio_ui5_key":"sapm.GenericTile{\"header\":\"Site Overview\"}"}]}
RESULT: undefined
COMMAND: POST /session/448051c7250ae419f03110640913fd8d/element - {"using":"xpath","value":"//*[@id=\"__tile100\"]"}
RESULT: {"using":"xpath","value":"//*[@id=\"__tile100\"]"}
COMMAND: POST /session/448051c7250ae419f03110640913fd8d/element/f.B5C2D4FD721985666FD02FCCEF5CBA56.d.274361F29BE54AC5C0703BFF2C67BECF.e.3020/click - {}
RESULT: {}
COMMAND: GET /session/448051c7250ae419f03110640913fd8d/screenshot - {}
RESULT: {}
COMMAND: POST /session/448051c7250ae419f03110640913fd8d/elements - {"using":"xpath","value":"//span[text()='Error']"}
RESULT: {"using":"xpath","value":"//span[text()='Error']"}
RESULT: undefined
COMMAND: POST /session/448051c7250ae419f03110640913fd8d/element - {"using":"xpath","value":"//*[@id=\"__tile100\"]"}
RESULT: {"using":"xpath","value":"//*[@id=\"__tile100\"]"}
COMMAND: POST /session/448051c7250ae419f03110640913fd8d/element/f.B5C2D4FD721985666FD02FCCEF5CBA56.d.274361F29BE54AC5C0703BFF2C67BECF.e.3020/click - {}
RESULT: undefined
COMMAND: POST /session/448051c7250ae419f03110640913fd8d/element - {"using":"xpath","value":"//*[@id=\"__tile100\"]"}
RESULT: {"using":"xpath","value":"//*[@id=\"__tile100\"]"}
COMMAND: POST /session/448051c7250ae419f03110640913fd8d/element/f.B5C2D4FD721985666FD02FCCEF5CBA56.d.274361F29BE54AC5C0703BFF2C67BECF.e.3020/click - {}
RESULT: undefined
COMMAND: POST /session/448051c7250ae419f03110640913fd8d/execute/async - {"script":"<script> [6424 bytes]","args":[{"element-6066-11e4-a52e-4f735466cecf":"f.B5C2D4FD721985666FD02FCCEF5CBA56.d.274361F29BE54AC5C0703BFF2C67BECF.e.287"},"getTitle",[]]}
COMMAND: POST /session/448051c7250ae419f03110640913fd8d/execute/async - {"script":"<script> [1562 bytes]","args":[{"selector":{"id":"shellAppTitle"},"wdio_ui5_key":"shellAppTitle"}]}
RESULT: {"script":"<script> [1562 bytes]","args":[{"selector":{"id":"shellAppTitle"},"wdio_ui5_key":"shellAppTitle"}]}
COMMAND: POST /session/448051c7250ae419f03110640913fd8d/execute/async - {"script":"<script> [6424 bytes]","args":[{"element-6066-11e4-a52e-4f735466cecf":"f.B5C2D4FD721985666FD02FCCEF5CBA56.d.274361F29BE54AC5C0703BFF2C67BECF.e.3132"},"getTitle",[]]}
RESULT: {"script":"<script> [6424 bytes]","args":[{"element-6066-11e4-a52e-4f735466cecf":"f.B5C2D4FD721985666FD02FCCEF5CBA56.d.274361F29BE54AC5C0703BFF2C67BECF.e.3132"},"getTitle",[]]}
RESULT: undefined
COMMAND: POST /session/448051c7250ae419f03110640913fd8d/element/f.B5C2D4FD721985666FD02FCCEF5CBA56.d.274361F29BE54AC5C0703BFF2C67BECF.e.2955/click - {}
COMMAND: POST /session/448051c7250ae419f03110640913fd8d/element - {"using":"xpath","value":"//*[@id=\"backBtn\"]"}
RESULT: {"using":"xpath","value":"//*[@id=\"backBtn\"]"}
COMMAND: POST /session/448051c7250ae419f03110640913fd8d/element/f.B5C2D4FD721985666FD02FCCEF5CBA56.d.274361F29BE54AC5C0703BFF2C67BECF.e.2955/click - {}
COMMAND: POST /session/448051c7250ae419f03110640913fd8d/element - {"using":"xpath","value":"//*[@id=\"backBtn\"]"}
RESULT: {"using":"xpath","value":"//*[@id=\"backBtn\"]"}
COMMAND: POST /session/448051c7250ae419f03110640913fd8d/element/f.B5C2D4FD721985666FD02FCCEF5CBA56.d.274361F29BE54AC5C0703BFF2C67BECF.e.3133/click - {}
RESULT: {}
COMMAND: GET /session/448051c7250ae419f03110640913fd8d/screenshot - {}
RESULT: {}
]]></system-out>
    </testcase>
    <testcase classname="chrome.136_0_7103_93.windows.Sanity_Tests_US104253" name="Should open Trace Track Resources page" time="39.803">
      <system-out><![CDATA[
COMMAND: POST /session/448051c7250ae419f03110640913fd8d/execute/async - {"script":"<script> [1562 bytes]","args":[{"selector":{"controlType":"sap.m.GenericTile","properties":{"header":"Trace & Track Resources"}},"wdio_ui5_key":"sapm.GenericTile{\"header\":\"Trace & Track Resources\"}"}]}
RESULT: {"script":"<script> [1562 bytes]","args":[{"selector":{"controlType":"sap.m.GenericTile","properties":{"header":"Trace & Track Resources"}},"wdio_ui5_key":"sapm.GenericTile{\"header\":\"Trace & Track Resources\"}"}]}
RESULT: undefined
COMMAND: POST /session/448051c7250ae419f03110640913fd8d/element - {"using":"xpath","value":"//*[@id=\"__tile101\"]"}
RESULT: {"using":"xpath","value":"//*[@id=\"__tile101\"]"}
COMMAND: POST /session/448051c7250ae419f03110640913fd8d/element/f.B5C2D4FD721985666FD02FCCEF5CBA56.d.274361F29BE54AC5C0703BFF2C67BECF.e.3136/click - {}
RESULT: {}
COMMAND: GET /session/448051c7250ae419f03110640913fd8d/screenshot - {}
RESULT: {}
COMMAND: POST /session/448051c7250ae419f03110640913fd8d/elements - {"using":"xpath","value":"//span[text()='Error']"}
RESULT: {"using":"xpath","value":"//span[text()='Error']"}
RESULT: undefined
COMMAND: POST /session/448051c7250ae419f03110640913fd8d/element - {"using":"xpath","value":"//*[@id=\"__tile101\"]"}
RESULT: {"using":"xpath","value":"//*[@id=\"__tile101\"]"}
COMMAND: POST /session/448051c7250ae419f03110640913fd8d/element/f.B5C2D4FD721985666FD02FCCEF5CBA56.d.274361F29BE54AC5C0703BFF2C67BECF.e.3136/click - {}
RESULT: undefined
COMMAND: POST /session/448051c7250ae419f03110640913fd8d/element - {"using":"xpath","value":"//*[@id=\"__tile101\"]"}
RESULT: {"using":"xpath","value":"//*[@id=\"__tile101\"]"}
COMMAND: POST /session/448051c7250ae419f03110640913fd8d/element/f.B5C2D4FD721985666FD02FCCEF5CBA56.d.274361F29BE54AC5C0703BFF2C67BECF.e.3136/click - {}
RESULT: undefined
COMMAND: POST /session/448051c7250ae419f03110640913fd8d/execute/async - {"script":"<script> [6424 bytes]","args":[{"element-6066-11e4-a52e-4f735466cecf":"f.B5C2D4FD721985666FD02FCCEF5CBA56.d.274361F29BE54AC5C0703BFF2C67BECF.e.287"},"getTitle",[]]}
COMMAND: POST /session/448051c7250ae419f03110640913fd8d/execute/async - {"script":"<script> [1562 bytes]","args":[{"selector":{"id":"shellAppTitle"},"wdio_ui5_key":"shellAppTitle"}]}
RESULT: {"script":"<script> [1562 bytes]","args":[{"selector":{"id":"shellAppTitle"},"wdio_ui5_key":"shellAppTitle"}]}
COMMAND: POST /session/448051c7250ae419f03110640913fd8d/execute/async - {"script":"<script> [6424 bytes]","args":[{"element-6066-11e4-a52e-4f735466cecf":"f.B5C2D4FD721985666FD02FCCEF5CBA56.d.274361F29BE54AC5C0703BFF2C67BECF.e.3169"},"getTitle",[]]}
RESULT: {"script":"<script> [6424 bytes]","args":[{"element-6066-11e4-a52e-4f735466cecf":"f.B5C2D4FD721985666FD02FCCEF5CBA56.d.274361F29BE54AC5C0703BFF2C67BECF.e.3169"},"getTitle",[]]}
RESULT: undefined
COMMAND: POST /session/448051c7250ae419f03110640913fd8d/element/f.B5C2D4FD721985666FD02FCCEF5CBA56.d.274361F29BE54AC5C0703BFF2C67BECF.e.3133/click - {}
RESULT: {}
COMMAND: GET /session/448051c7250ae419f03110640913fd8d/screenshot - {}
RESULT: {}
]]></system-out>
    </testcase>
    <testcase classname="chrome.136_0_7103_93.windows.Sanity_Tests_US104253" name="Should open RU Inventory List page" time="40.239">
      <system-out><![CDATA[
COMMAND: POST /session/448051c7250ae419f03110640913fd8d/execute/async - {"script":"<script> [1562 bytes]","args":[{"selector":{"controlType":"sap.m.GenericTile","properties":{"header":"RU Inventory List"}},"wdio_ui5_key":"sapm.GenericTile{\"header\":\"RU Inventory List\"}"}]}
RESULT: {"script":"<script> [1562 bytes]","args":[{"selector":{"controlType":"sap.m.GenericTile","properties":{"header":"RU Inventory List"}},"wdio_ui5_key":"sapm.GenericTile{\"header\":\"RU Inventory List\"}"}]}
RESULT: undefined
COMMAND: POST /session/448051c7250ae419f03110640913fd8d/element - {"using":"xpath","value":"//*[@id=\"__tile99\"]"}
RESULT: {"using":"xpath","value":"//*[@id=\"__tile99\"]"}
COMMAND: POST /session/448051c7250ae419f03110640913fd8d/element/f.B5C2D4FD721985666FD02FCCEF5CBA56.d.274361F29BE54AC5C0703BFF2C67BECF.e.3171/click - {}
RESULT: {}
COMMAND: GET /session/448051c7250ae419f03110640913fd8d/screenshot - {}
RESULT: {}
COMMAND: POST /session/448051c7250ae419f03110640913fd8d/elements - {"using":"xpath","value":"//span[text()='Error']"}
RESULT: {"using":"xpath","value":"//span[text()='Error']"}
RESULT: undefined
COMMAND: POST /session/448051c7250ae419f03110640913fd8d/element - {"using":"xpath","value":"//*[@id=\"__tile99\"]"}
RESULT: {"using":"xpath","value":"//*[@id=\"__tile99\"]"}
COMMAND: POST /session/448051c7250ae419f03110640913fd8d/element/f.B5C2D4FD721985666FD02FCCEF5CBA56.d.274361F29BE54AC5C0703BFF2C67BECF.e.3171/click - {}
RESULT: undefined
COMMAND: POST /session/448051c7250ae419f03110640913fd8d/element - {"using":"xpath","value":"//*[@id=\"__tile99\"]"}
RESULT: {"using":"xpath","value":"//*[@id=\"__tile99\"]"}
COMMAND: POST /session/448051c7250ae419f03110640913fd8d/element/f.B5C2D4FD721985666FD02FCCEF5CBA56.d.274361F29BE54AC5C0703BFF2C67BECF.e.3171/click - {}
RESULT: undefined
COMMAND: POST /session/448051c7250ae419f03110640913fd8d/execute/async - {"script":"<script> [6424 bytes]","args":[{"element-6066-11e4-a52e-4f735466cecf":"f.B5C2D4FD721985666FD02FCCEF5CBA56.d.274361F29BE54AC5C0703BFF2C67BECF.e.287"},"getTitle",[]]}
COMMAND: POST /session/448051c7250ae419f03110640913fd8d/execute/async - {"script":"<script> [1562 bytes]","args":[{"selector":{"id":"shellAppTitle"},"wdio_ui5_key":"shellAppTitle"}]}
RESULT: {"script":"<script> [1562 bytes]","args":[{"selector":{"id":"shellAppTitle"},"wdio_ui5_key":"shellAppTitle"}]}
COMMAND: POST /session/448051c7250ae419f03110640913fd8d/execute/async - {"script":"<script> [6424 bytes]","args":[{"element-6066-11e4-a52e-4f735466cecf":"f.B5C2D4FD721985666FD02FCCEF5CBA56.d.274361F29BE54AC5C0703BFF2C67BECF.e.3372"},"getTitle",[]]}
RESULT: {"script":"<script> [6424 bytes]","args":[{"element-6066-11e4-a52e-4f735466cecf":"f.B5C2D4FD721985666FD02FCCEF5CBA56.d.274361F29BE54AC5C0703BFF2C67BECF.e.3372"},"getTitle",[]]}
RESULT: undefined
COMMAND: POST /session/448051c7250ae419f03110640913fd8d/element/f.B5C2D4FD721985666FD02FCCEF5CBA56.d.274361F29BE54AC5C0703BFF2C67BECF.e.3133/click - {}
COMMAND: POST /session/448051c7250ae419f03110640913fd8d/element - {"using":"xpath","value":"//*[@id=\"backBtn\"]"}
RESULT: {"using":"xpath","value":"//*[@id=\"backBtn\"]"}
COMMAND: POST /session/448051c7250ae419f03110640913fd8d/element/f.B5C2D4FD721985666FD02FCCEF5CBA56.d.274361F29BE54AC5C0703BFF2C67BECF.e.3133/click - {}
COMMAND: POST /session/448051c7250ae419f03110640913fd8d/element - {"using":"xpath","value":"//*[@id=\"backBtn\"]"}
RESULT: {"using":"xpath","value":"//*[@id=\"backBtn\"]"}
COMMAND: POST /session/448051c7250ae419f03110640913fd8d/element/f.B5C2D4FD721985666FD02FCCEF5CBA56.d.274361F29BE54AC5C0703BFF2C67BECF.e.3373/click - {}
RESULT: {}
COMMAND: GET /session/448051c7250ae419f03110640913fd8d/screenshot - {}
RESULT: {}
]]></system-out>
    </testcase>
    <testcase classname="chrome.136_0_7103_93.windows.Sanity_Tests_US104253" name="Should open Contracts Dashboard page" time="48.783">
      <system-out><![CDATA[
COMMAND: POST /session/448051c7250ae419f03110640913fd8d/execute/async - {"script":"<script> [1562 bytes]","args":[{"selector":{"controlType":"sap.m.GenericTile","properties":{"header":"Contracts Dashboard"}},"wdio_ui5_key":"sapm.GenericTile{\"header\":\"Contracts Dashboard\"}"}]}
RESULT: {"script":"<script> [1562 bytes]","args":[{"selector":{"controlType":"sap.m.GenericTile","properties":{"header":"Contracts Dashboard"}},"wdio_ui5_key":"sapm.GenericTile{\"header\":\"Contracts Dashboard\"}"}]}
RESULT: undefined
COMMAND: POST /session/448051c7250ae419f03110640913fd8d/element - {"using":"xpath","value":"//*[@id=\"__tile97\"]"}
RESULT: {"using":"xpath","value":"//*[@id=\"__tile97\"]"}
COMMAND: POST /session/448051c7250ae419f03110640913fd8d/element/f.B5C2D4FD721985666FD02FCCEF5CBA56.d.274361F29BE54AC5C0703BFF2C67BECF.e.3375/click - {}
RESULT: {}
COMMAND: GET /session/448051c7250ae419f03110640913fd8d/screenshot - {}
RESULT: {}
COMMAND: POST /session/448051c7250ae419f03110640913fd8d/elements - {"using":"xpath","value":"//span[text()='Error']"}
RESULT: {"using":"xpath","value":"//span[text()='Error']"}
RESULT: undefined
COMMAND: POST /session/448051c7250ae419f03110640913fd8d/element - {"using":"xpath","value":"//*[@id=\"__tile97\"]"}
RESULT: {"using":"xpath","value":"//*[@id=\"__tile97\"]"}
COMMAND: POST /session/448051c7250ae419f03110640913fd8d/element/f.B5C2D4FD721985666FD02FCCEF5CBA56.d.274361F29BE54AC5C0703BFF2C67BECF.e.3375/click - {}
RESULT: undefined
COMMAND: POST /session/448051c7250ae419f03110640913fd8d/element - {"using":"xpath","value":"//*[@id=\"__tile97\"]"}
RESULT: {"using":"xpath","value":"//*[@id=\"__tile97\"]"}
COMMAND: POST /session/448051c7250ae419f03110640913fd8d/element/f.B5C2D4FD721985666FD02FCCEF5CBA56.d.274361F29BE54AC5C0703BFF2C67BECF.e.3375/click - {}
RESULT: undefined
COMMAND: POST /session/448051c7250ae419f03110640913fd8d/execute/async - {"script":"<script> [6424 bytes]","args":[{"element-6066-11e4-a52e-4f735466cecf":"f.B5C2D4FD721985666FD02FCCEF5CBA56.d.274361F29BE54AC5C0703BFF2C67BECF.e.287"},"getTitle",[]]}
COMMAND: POST /session/448051c7250ae419f03110640913fd8d/execute/async - {"script":"<script> [1562 bytes]","args":[{"selector":{"id":"shellAppTitle"},"wdio_ui5_key":"shellAppTitle"}]}
RESULT: {"script":"<script> [1562 bytes]","args":[{"selector":{"id":"shellAppTitle"},"wdio_ui5_key":"shellAppTitle"}]}
COMMAND: POST /session/448051c7250ae419f03110640913fd8d/execute/async - {"script":"<script> [6424 bytes]","args":[{"element-6066-11e4-a52e-4f735466cecf":"f.B5C2D4FD721985666FD02FCCEF5CBA56.d.274361F29BE54AC5C0703BFF2C67BECF.e.3402"},"getTitle",[]]}
RESULT: {"script":"<script> [6424 bytes]","args":[{"element-6066-11e4-a52e-4f735466cecf":"f.B5C2D4FD721985666FD02FCCEF5CBA56.d.274361F29BE54AC5C0703BFF2C67BECF.e.3402"},"getTitle",[]]}
RESULT: undefined
COMMAND: POST /session/448051c7250ae419f03110640913fd8d/element/f.B5C2D4FD721985666FD02FCCEF5CBA56.d.274361F29BE54AC5C0703BFF2C67BECF.e.3373/click - {}
RESULT: {}
COMMAND: GET /session/448051c7250ae419f03110640913fd8d/screenshot - {}
RESULT: {}
]]></system-out>
    </testcase>
    <testcase classname="chrome.136_0_7103_93.windows.Sanity_Tests_US104253" name="Should open Bin Status Report page" time="47.918">
      <system-out><![CDATA[
COMMAND: POST /session/448051c7250ae419f03110640913fd8d/execute/async - {"script":"<script> [1562 bytes]","args":[{"selector":{"controlType":"sap.m.GenericTile","properties":{"header":"Bin Status Report"}},"wdio_ui5_key":"sapm.GenericTile{\"header\":\"Bin Status Report\"}"}]}
RESULT: {"script":"<script> [1562 bytes]","args":[{"selector":{"controlType":"sap.m.GenericTile","properties":{"header":"Bin Status Report"}},"wdio_ui5_key":"sapm.GenericTile{\"header\":\"Bin Status Report\"}"}]}
RESULT: undefined
COMMAND: POST /session/448051c7250ae419f03110640913fd8d/element - {"using":"xpath","value":"//*[@id=\"__tile104\"]"}
RESULT: {"using":"xpath","value":"//*[@id=\"__tile104\"]"}
COMMAND: POST /session/448051c7250ae419f03110640913fd8d/element/f.B5C2D4FD721985666FD02FCCEF5CBA56.d.274361F29BE54AC5C0703BFF2C67BECF.e.3404/click - {}
RESULT: {}
COMMAND: GET /session/448051c7250ae419f03110640913fd8d/screenshot - {}
RESULT: {}
COMMAND: POST /session/448051c7250ae419f03110640913fd8d/elements - {"using":"xpath","value":"//span[text()='Error']"}
RESULT: {"using":"xpath","value":"//span[text()='Error']"}
RESULT: undefined
COMMAND: POST /session/448051c7250ae419f03110640913fd8d/element - {"using":"xpath","value":"//*[@id=\"__tile104\"]"}
RESULT: {"using":"xpath","value":"//*[@id=\"__tile104\"]"}
COMMAND: POST /session/448051c7250ae419f03110640913fd8d/element/f.B5C2D4FD721985666FD02FCCEF5CBA56.d.274361F29BE54AC5C0703BFF2C67BECF.e.3404/click - {}
RESULT: undefined
COMMAND: POST /session/448051c7250ae419f03110640913fd8d/element - {"using":"xpath","value":"//*[@id=\"__tile104\"]"}
RESULT: {"using":"xpath","value":"//*[@id=\"__tile104\"]"}
COMMAND: POST /session/448051c7250ae419f03110640913fd8d/element/f.B5C2D4FD721985666FD02FCCEF5CBA56.d.274361F29BE54AC5C0703BFF2C67BECF.e.3404/click - {}
RESULT: undefined
COMMAND: POST /session/448051c7250ae419f03110640913fd8d/execute/async - {"script":"<script> [6424 bytes]","args":[{"element-6066-11e4-a52e-4f735466cecf":"f.B5C2D4FD721985666FD02FCCEF5CBA56.d.274361F29BE54AC5C0703BFF2C67BECF.e.287"},"getTitle",[]]}
COMMAND: POST /session/448051c7250ae419f03110640913fd8d/execute/async - {"script":"<script> [1562 bytes]","args":[{"selector":{"id":"shellAppTitle"},"wdio_ui5_key":"shellAppTitle"}]}
RESULT: {"script":"<script> [1562 bytes]","args":[{"selector":{"id":"shellAppTitle"},"wdio_ui5_key":"shellAppTitle"}]}
COMMAND: POST /session/448051c7250ae419f03110640913fd8d/execute/async - {"script":"<script> [6424 bytes]","args":[{"element-6066-11e4-a52e-4f735466cecf":"f.B5C2D4FD721985666FD02FCCEF5CBA56.d.274361F29BE54AC5C0703BFF2C67BECF.e.3503"},"getTitle",[]]}
RESULT: {"script":"<script> [6424 bytes]","args":[{"element-6066-11e4-a52e-4f735466cecf":"f.B5C2D4FD721985666FD02FCCEF5CBA56.d.274361F29BE54AC5C0703BFF2C67BECF.e.3503"},"getTitle",[]]}
RESULT: undefined
COMMAND: POST /session/448051c7250ae419f03110640913fd8d/element/f.B5C2D4FD721985666FD02FCCEF5CBA56.d.274361F29BE54AC5C0703BFF2C67BECF.e.3373/click - {}
COMMAND: POST /session/448051c7250ae419f03110640913fd8d/element - {"using":"xpath","value":"//*[@id=\"backBtn\"]"}
RESULT: {"using":"xpath","value":"//*[@id=\"backBtn\"]"}
COMMAND: POST /session/448051c7250ae419f03110640913fd8d/element/f.B5C2D4FD721985666FD02FCCEF5CBA56.d.274361F29BE54AC5C0703BFF2C67BECF.e.3373/click - {}
COMMAND: POST /session/448051c7250ae419f03110640913fd8d/element - {"using":"xpath","value":"//*[@id=\"backBtn\"]"}
RESULT: {"using":"xpath","value":"//*[@id=\"backBtn\"]"}
COMMAND: POST /session/448051c7250ae419f03110640913fd8d/element/f.B5C2D4FD721985666FD02FCCEF5CBA56.d.274361F29BE54AC5C0703BFF2C67BECF.e.3504/click - {}
RESULT: {}
COMMAND: GET /session/448051c7250ae419f03110640913fd8d/screenshot - {}
RESULT: {}
]]></system-out>
    </testcase>
    <testcase classname="chrome.136_0_7103_93.windows.Sanity_Tests_US104253" name="Should open Manage Warehouse Movements page" time="39.734">
      <system-out><![CDATA[
COMMAND: POST /session/448051c7250ae419f03110640913fd8d/execute/async - {"script":"<script> [1562 bytes]","args":[{"selector":{"controlType":"sap.m.GenericTile","properties":{"header":"Manage Warehouse Movements"}},"wdio_ui5_key":"sapm.GenericTile{\"header\":\"Manage Warehouse Movements\"}"}]}
RESULT: {"script":"<script> [1562 bytes]","args":[{"selector":{"controlType":"sap.m.GenericTile","properties":{"header":"Manage Warehouse Movements"}},"wdio_ui5_key":"sapm.GenericTile{\"header\":\"Manage Warehouse Movements\"}"}]}
RESULT: undefined
COMMAND: POST /session/448051c7250ae419f03110640913fd8d/element - {"using":"xpath","value":"//*[@id=\"__tile105\"]"}
RESULT: {"using":"xpath","value":"//*[@id=\"__tile105\"]"}
COMMAND: POST /session/448051c7250ae419f03110640913fd8d/element/f.B5C2D4FD721985666FD02FCCEF5CBA56.d.274361F29BE54AC5C0703BFF2C67BECF.e.3508/click - {}
RESULT: {}
COMMAND: GET /session/448051c7250ae419f03110640913fd8d/screenshot - {}
RESULT: {}
COMMAND: POST /session/448051c7250ae419f03110640913fd8d/elements - {"using":"xpath","value":"//span[text()='Error']"}
RESULT: {"using":"xpath","value":"//span[text()='Error']"}
RESULT: undefined
COMMAND: POST /session/448051c7250ae419f03110640913fd8d/element - {"using":"xpath","value":"//*[@id=\"__tile105\"]"}
RESULT: {"using":"xpath","value":"//*[@id=\"__tile105\"]"}
COMMAND: POST /session/448051c7250ae419f03110640913fd8d/element/f.B5C2D4FD721985666FD02FCCEF5CBA56.d.274361F29BE54AC5C0703BFF2C67BECF.e.3508/click - {}
RESULT: undefined
COMMAND: POST /session/448051c7250ae419f03110640913fd8d/element - {"using":"xpath","value":"//*[@id=\"__tile105\"]"}
RESULT: {"using":"xpath","value":"//*[@id=\"__tile105\"]"}
COMMAND: POST /session/448051c7250ae419f03110640913fd8d/element/f.B5C2D4FD721985666FD02FCCEF5CBA56.d.274361F29BE54AC5C0703BFF2C67BECF.e.3508/click - {}
RESULT: undefined
COMMAND: POST /session/448051c7250ae419f03110640913fd8d/execute/async - {"script":"<script> [6424 bytes]","args":[{"element-6066-11e4-a52e-4f735466cecf":"f.B5C2D4FD721985666FD02FCCEF5CBA56.d.274361F29BE54AC5C0703BFF2C67BECF.e.287"},"getTitle",[]]}
COMMAND: POST /session/448051c7250ae419f03110640913fd8d/execute/async - {"script":"<script> [1562 bytes]","args":[{"selector":{"id":"shellAppTitle"},"wdio_ui5_key":"shellAppTitle"}]}
RESULT: {"script":"<script> [1562 bytes]","args":[{"selector":{"id":"shellAppTitle"},"wdio_ui5_key":"shellAppTitle"}]}
COMMAND: POST /session/448051c7250ae419f03110640913fd8d/execute/async - {"script":"<script> [6424 bytes]","args":[{"element-6066-11e4-a52e-4f735466cecf":"f.B5C2D4FD721985666FD02FCCEF5CBA56.d.274361F29BE54AC5C0703BFF2C67BECF.e.3595"},"getTitle",[]]}
RESULT: {"script":"<script> [6424 bytes]","args":[{"element-6066-11e4-a52e-4f735466cecf":"f.B5C2D4FD721985666FD02FCCEF5CBA56.d.274361F29BE54AC5C0703BFF2C67BECF.e.3595"},"getTitle",[]]}
RESULT: undefined
COMMAND: POST /session/448051c7250ae419f03110640913fd8d/element/f.B5C2D4FD721985666FD02FCCEF5CBA56.d.274361F29BE54AC5C0703BFF2C67BECF.e.3504/click - {}
RESULT: {}
COMMAND: GET /session/448051c7250ae419f03110640913fd8d/screenshot - {}
RESULT: {}
]]></system-out>
    </testcase>
    <testcase classname="chrome.136_0_7103_93.windows.Sanity_Tests_US104253" name="Should open Bin Inventory List page" time="38.227">
      <system-out><![CDATA[
COMMAND: POST /session/448051c7250ae419f03110640913fd8d/execute/async - {"script":"<script> [1562 bytes]","args":[{"selector":{"controlType":"sap.m.GenericTile","properties":{"header":"Bin Inventory List"}},"wdio_ui5_key":"sapm.GenericTile{\"header\":\"Bin Inventory List\"}"}]}
RESULT: {"script":"<script> [1562 bytes]","args":[{"selector":{"controlType":"sap.m.GenericTile","properties":{"header":"Bin Inventory List"}},"wdio_ui5_key":"sapm.GenericTile{\"header\":\"Bin Inventory List\"}"}]}
RESULT: undefined
COMMAND: POST /session/448051c7250ae419f03110640913fd8d/element - {"using":"xpath","value":"//*[@id=\"__tile103\"]"}
RESULT: {"using":"xpath","value":"//*[@id=\"__tile103\"]"}
COMMAND: POST /session/448051c7250ae419f03110640913fd8d/element/f.B5C2D4FD721985666FD02FCCEF5CBA56.d.274361F29BE54AC5C0703BFF2C67BECF.e.3597/click - {}
RESULT: {}
COMMAND: GET /session/448051c7250ae419f03110640913fd8d/screenshot - {}
RESULT: {}
COMMAND: POST /session/448051c7250ae419f03110640913fd8d/elements - {"using":"xpath","value":"//span[text()='Error']"}
RESULT: {"using":"xpath","value":"//span[text()='Error']"}
RESULT: undefined
COMMAND: POST /session/448051c7250ae419f03110640913fd8d/element - {"using":"xpath","value":"//*[@id=\"__tile103\"]"}
RESULT: {"using":"xpath","value":"//*[@id=\"__tile103\"]"}
COMMAND: POST /session/448051c7250ae419f03110640913fd8d/element/f.B5C2D4FD721985666FD02FCCEF5CBA56.d.274361F29BE54AC5C0703BFF2C67BECF.e.3597/click - {}
RESULT: undefined
COMMAND: POST /session/448051c7250ae419f03110640913fd8d/element - {"using":"xpath","value":"//*[@id=\"__tile103\"]"}
RESULT: {"using":"xpath","value":"//*[@id=\"__tile103\"]"}
COMMAND: POST /session/448051c7250ae419f03110640913fd8d/element/f.B5C2D4FD721985666FD02FCCEF5CBA56.d.274361F29BE54AC5C0703BFF2C67BECF.e.3597/click - {}
RESULT: undefined
COMMAND: POST /session/448051c7250ae419f03110640913fd8d/execute/async - {"script":"<script> [6424 bytes]","args":[{"element-6066-11e4-a52e-4f735466cecf":"f.B5C2D4FD721985666FD02FCCEF5CBA56.d.274361F29BE54AC5C0703BFF2C67BECF.e.287"},"getTitle",[]]}
COMMAND: POST /session/448051c7250ae419f03110640913fd8d/execute/async - {"script":"<script> [1562 bytes]","args":[{"selector":{"id":"shellAppTitle"},"wdio_ui5_key":"shellAppTitle"}]}
RESULT: {"script":"<script> [1562 bytes]","args":[{"selector":{"id":"shellAppTitle"},"wdio_ui5_key":"shellAppTitle"}]}
COMMAND: POST /session/448051c7250ae419f03110640913fd8d/execute/async - {"script":"<script> [6424 bytes]","args":[{"element-6066-11e4-a52e-4f735466cecf":"f.B5C2D4FD721985666FD02FCCEF5CBA56.d.274361F29BE54AC5C0703BFF2C67BECF.e.3984"},"getTitle",[]]}
RESULT: {"script":"<script> [6424 bytes]","args":[{"element-6066-11e4-a52e-4f735466cecf":"f.B5C2D4FD721985666FD02FCCEF5CBA56.d.274361F29BE54AC5C0703BFF2C67BECF.e.3984"},"getTitle",[]]}
RESULT: undefined
COMMAND: POST /session/448051c7250ae419f03110640913fd8d/element/f.B5C2D4FD721985666FD02FCCEF5CBA56.d.274361F29BE54AC5C0703BFF2C67BECF.e.3504/click - {}
COMMAND: POST /session/448051c7250ae419f03110640913fd8d/element - {"using":"xpath","value":"//*[@id=\"backBtn\"]"}
RESULT: {"using":"xpath","value":"//*[@id=\"backBtn\"]"}
COMMAND: POST /session/448051c7250ae419f03110640913fd8d/element/f.B5C2D4FD721985666FD02FCCEF5CBA56.d.274361F29BE54AC5C0703BFF2C67BECF.e.3504/click - {}
COMMAND: POST /session/448051c7250ae419f03110640913fd8d/element - {"using":"xpath","value":"//*[@id=\"backBtn\"]"}
RESULT: {"using":"xpath","value":"//*[@id=\"backBtn\"]"}
COMMAND: POST /session/448051c7250ae419f03110640913fd8d/element/f.B5C2D4FD721985666FD02FCCEF5CBA56.d.274361F29BE54AC5C0703BFF2C67BECF.e.3985/click - {}
RESULT: {}
COMMAND: GET /session/448051c7250ae419f03110640913fd8d/screenshot - {}
RESULT: {}
]]></system-out>
    </testcase>
    <testcase classname="chrome.136_0_7103_93.windows.Sanity_Tests_US104253" name="Should open ISC Templates page" time="41.557">
      <system-out><![CDATA[
COMMAND: POST /session/448051c7250ae419f03110640913fd8d/execute/async - {"script":"<script> [1562 bytes]","args":[{"selector":{"controlType":"sap.m.GenericTile","properties":{"header":"ISC Templates"}},"wdio_ui5_key":"sapm.GenericTile{\"header\":\"ISC Templates\"}"}]}
RESULT: {"script":"<script> [1562 bytes]","args":[{"selector":{"controlType":"sap.m.GenericTile","properties":{"header":"ISC Templates"}},"wdio_ui5_key":"sapm.GenericTile{\"header\":\"ISC Templates\"}"}]}
RESULT: undefined
COMMAND: POST /session/448051c7250ae419f03110640913fd8d/element - {"using":"xpath","value":"//*[@id=\"__tile111\"]"}
RESULT: {"using":"xpath","value":"//*[@id=\"__tile111\"]"}
COMMAND: POST /session/448051c7250ae419f03110640913fd8d/element/f.B5C2D4FD721985666FD02FCCEF5CBA56.d.274361F29BE54AC5C0703BFF2C67BECF.e.3987/click - {}
RESULT: {}
COMMAND: GET /session/448051c7250ae419f03110640913fd8d/screenshot - {}
RESULT: {}
COMMAND: POST /session/448051c7250ae419f03110640913fd8d/elements - {"using":"xpath","value":"//span[text()='Error']"}
RESULT: {"using":"xpath","value":"//span[text()='Error']"}
RESULT: undefined
COMMAND: POST /session/448051c7250ae419f03110640913fd8d/element - {"using":"xpath","value":"//*[@id=\"__tile111\"]"}
RESULT: {"using":"xpath","value":"//*[@id=\"__tile111\"]"}
COMMAND: POST /session/448051c7250ae419f03110640913fd8d/element/f.B5C2D4FD721985666FD02FCCEF5CBA56.d.274361F29BE54AC5C0703BFF2C67BECF.e.3987/click - {}
RESULT: undefined
COMMAND: POST /session/448051c7250ae419f03110640913fd8d/element - {"using":"xpath","value":"//*[@id=\"__tile111\"]"}
RESULT: {"using":"xpath","value":"//*[@id=\"__tile111\"]"}
COMMAND: POST /session/448051c7250ae419f03110640913fd8d/element/f.B5C2D4FD721985666FD02FCCEF5CBA56.d.274361F29BE54AC5C0703BFF2C67BECF.e.3987/click - {}
RESULT: undefined
COMMAND: POST /session/448051c7250ae419f03110640913fd8d/execute/async - {"script":"<script> [6424 bytes]","args":[{"element-6066-11e4-a52e-4f735466cecf":"f.B5C2D4FD721985666FD02FCCEF5CBA56.d.274361F29BE54AC5C0703BFF2C67BECF.e.287"},"getTitle",[]]}
COMMAND: POST /session/448051c7250ae419f03110640913fd8d/execute/async - {"script":"<script> [1562 bytes]","args":[{"selector":{"id":"shellAppTitle"},"wdio_ui5_key":"shellAppTitle"}]}
RESULT: {"script":"<script> [1562 bytes]","args":[{"selector":{"id":"shellAppTitle"},"wdio_ui5_key":"shellAppTitle"}]}
COMMAND: POST /session/448051c7250ae419f03110640913fd8d/execute/async - {"script":"<script> [6424 bytes]","args":[{"element-6066-11e4-a52e-4f735466cecf":"f.B5C2D4FD721985666FD02FCCEF5CBA56.d.274361F29BE54AC5C0703BFF2C67BECF.e.4060"},"getTitle",[]]}
RESULT: {"script":"<script> [6424 bytes]","args":[{"element-6066-11e4-a52e-4f735466cecf":"f.B5C2D4FD721985666FD02FCCEF5CBA56.d.274361F29BE54AC5C0703BFF2C67BECF.e.4060"},"getTitle",[]]}
RESULT: undefined
COMMAND: POST /session/448051c7250ae419f03110640913fd8d/element/f.B5C2D4FD721985666FD02FCCEF5CBA56.d.274361F29BE54AC5C0703BFF2C67BECF.e.3985/click - {}
RESULT: {}
COMMAND: GET /session/448051c7250ae419f03110640913fd8d/screenshot - {}
RESULT: {}
]]></system-out>
    </testcase>
    <testcase classname="chrome.136_0_7103_93.windows.Sanity_Tests_US104253" name="Should open ISC Schedules page" time="40.101">
      <system-out><![CDATA[
COMMAND: POST /session/448051c7250ae419f03110640913fd8d/execute/async - {"script":"<script> [1562 bytes]","args":[{"selector":{"controlType":"sap.m.GenericTile","properties":{"header":"ISC Schedules"}},"wdio_ui5_key":"sapm.GenericTile{\"header\":\"ISC Schedules\"}"}]}
RESULT: {"script":"<script> [1562 bytes]","args":[{"selector":{"controlType":"sap.m.GenericTile","properties":{"header":"ISC Schedules"}},"wdio_ui5_key":"sapm.GenericTile{\"header\":\"ISC Schedules\"}"}]}
RESULT: undefined
COMMAND: POST /session/448051c7250ae419f03110640913fd8d/element - {"using":"xpath","value":"//*[@id=\"__tile109\"]"}
RESULT: {"using":"xpath","value":"//*[@id=\"__tile109\"]"}
COMMAND: POST /session/448051c7250ae419f03110640913fd8d/element/f.B5C2D4FD721985666FD02FCCEF5CBA56.d.274361F29BE54AC5C0703BFF2C67BECF.e.4063/click - {}
RESULT: {}
COMMAND: GET /session/448051c7250ae419f03110640913fd8d/screenshot - {}
RESULT: {}
COMMAND: POST /session/448051c7250ae419f03110640913fd8d/elements - {"using":"xpath","value":"//span[text()='Error']"}
RESULT: {"using":"xpath","value":"//span[text()='Error']"}
RESULT: undefined
COMMAND: POST /session/448051c7250ae419f03110640913fd8d/element - {"using":"xpath","value":"//*[@id=\"__tile109\"]"}
RESULT: {"using":"xpath","value":"//*[@id=\"__tile109\"]"}
COMMAND: POST /session/448051c7250ae419f03110640913fd8d/element/f.B5C2D4FD721985666FD02FCCEF5CBA56.d.274361F29BE54AC5C0703BFF2C67BECF.e.4063/click - {}
RESULT: undefined
COMMAND: POST /session/448051c7250ae419f03110640913fd8d/element - {"using":"xpath","value":"//*[@id=\"__tile109\"]"}
RESULT: {"using":"xpath","value":"//*[@id=\"__tile109\"]"}
COMMAND: POST /session/448051c7250ae419f03110640913fd8d/element/f.B5C2D4FD721985666FD02FCCEF5CBA56.d.274361F29BE54AC5C0703BFF2C67BECF.e.4063/click - {}
RESULT: undefined
COMMAND: POST /session/448051c7250ae419f03110640913fd8d/execute/async - {"script":"<script> [6424 bytes]","args":[{"element-6066-11e4-a52e-4f735466cecf":"f.B5C2D4FD721985666FD02FCCEF5CBA56.d.274361F29BE54AC5C0703BFF2C67BECF.e.287"},"getTitle",[]]}
COMMAND: POST /session/448051c7250ae419f03110640913fd8d/execute/async - {"script":"<script> [1562 bytes]","args":[{"selector":{"id":"shellAppTitle"},"wdio_ui5_key":"shellAppTitle"}]}
RESULT: {"script":"<script> [1562 bytes]","args":[{"selector":{"id":"shellAppTitle"},"wdio_ui5_key":"shellAppTitle"}]}
COMMAND: POST /session/448051c7250ae419f03110640913fd8d/execute/async - {"script":"<script> [6424 bytes]","args":[{"element-6066-11e4-a52e-4f735466cecf":"f.B5C2D4FD721985666FD02FCCEF5CBA56.d.274361F29BE54AC5C0703BFF2C67BECF.e.4133"},"getTitle",[]]}
RESULT: {"script":"<script> [6424 bytes]","args":[{"element-6066-11e4-a52e-4f735466cecf":"f.B5C2D4FD721985666FD02FCCEF5CBA56.d.274361F29BE54AC5C0703BFF2C67BECF.e.4133"},"getTitle",[]]}
RESULT: undefined
COMMAND: POST /session/448051c7250ae419f03110640913fd8d/element/f.B5C2D4FD721985666FD02FCCEF5CBA56.d.274361F29BE54AC5C0703BFF2C67BECF.e.3985/click - {}
COMMAND: POST /session/448051c7250ae419f03110640913fd8d/element - {"using":"xpath","value":"//*[@id=\"backBtn\"]"}
RESULT: {"using":"xpath","value":"//*[@id=\"backBtn\"]"}
COMMAND: POST /session/448051c7250ae419f03110640913fd8d/element/f.B5C2D4FD721985666FD02FCCEF5CBA56.d.274361F29BE54AC5C0703BFF2C67BECF.e.3985/click - {}
COMMAND: POST /session/448051c7250ae419f03110640913fd8d/element - {"using":"xpath","value":"//*[@id=\"backBtn\"]"}
RESULT: {"using":"xpath","value":"//*[@id=\"backBtn\"]"}
COMMAND: POST /session/448051c7250ae419f03110640913fd8d/element/f.B5C2D4FD721985666FD02FCCEF5CBA56.d.274361F29BE54AC5C0703BFF2C67BECF.e.4134/click - {}
RESULT: {}
COMMAND: GET /session/448051c7250ae419f03110640913fd8d/screenshot - {}
RESULT: {}
]]></system-out>
    </testcase>
    <testcase classname="chrome.136_0_7103_93.windows.Sanity_Tests_US104253" name="Should open ISC Dashboard page" time="46.789">
      <system-out><![CDATA[
COMMAND: POST /session/448051c7250ae419f03110640913fd8d/execute/async - {"script":"<script> [1562 bytes]","args":[{"selector":{"controlType":"sap.m.GenericTile","properties":{"header":"ISC Dashboard"}},"wdio_ui5_key":"sapm.GenericTile{\"header\":\"ISC Dashboard\"}"}]}
RESULT: {"script":"<script> [1562 bytes]","args":[{"selector":{"controlType":"sap.m.GenericTile","properties":{"header":"ISC Dashboard"}},"wdio_ui5_key":"sapm.GenericTile{\"header\":\"ISC Dashboard\"}"}]}
RESULT: undefined
COMMAND: POST /session/448051c7250ae419f03110640913fd8d/element - {"using":"xpath","value":"//*[@id=\"__tile106\"]"}
RESULT: {"using":"xpath","value":"//*[@id=\"__tile106\"]"}
COMMAND: POST /session/448051c7250ae419f03110640913fd8d/element/f.B5C2D4FD721985666FD02FCCEF5CBA56.d.274361F29BE54AC5C0703BFF2C67BECF.e.4136/click - {}
RESULT: {}
COMMAND: GET /session/448051c7250ae419f03110640913fd8d/screenshot - {}
RESULT: {}
COMMAND: POST /session/448051c7250ae419f03110640913fd8d/elements - {"using":"xpath","value":"//span[text()='Error']"}
RESULT: {"using":"xpath","value":"//span[text()='Error']"}
RESULT: undefined
COMMAND: POST /session/448051c7250ae419f03110640913fd8d/element - {"using":"xpath","value":"//*[@id=\"__tile106\"]"}
RESULT: {"using":"xpath","value":"//*[@id=\"__tile106\"]"}
COMMAND: POST /session/448051c7250ae419f03110640913fd8d/element/f.B5C2D4FD721985666FD02FCCEF5CBA56.d.274361F29BE54AC5C0703BFF2C67BECF.e.4136/click - {}
RESULT: undefined
COMMAND: POST /session/448051c7250ae419f03110640913fd8d/element - {"using":"xpath","value":"//*[@id=\"__tile106\"]"}
RESULT: {"using":"xpath","value":"//*[@id=\"__tile106\"]"}
COMMAND: POST /session/448051c7250ae419f03110640913fd8d/element/f.B5C2D4FD721985666FD02FCCEF5CBA56.d.274361F29BE54AC5C0703BFF2C67BECF.e.4136/click - {}
RESULT: undefined
COMMAND: POST /session/448051c7250ae419f03110640913fd8d/execute/async - {"script":"<script> [6424 bytes]","args":[{"element-6066-11e4-a52e-4f735466cecf":"f.B5C2D4FD721985666FD02FCCEF5CBA56.d.274361F29BE54AC5C0703BFF2C67BECF.e.287"},"getTitle",[]]}
COMMAND: POST /session/448051c7250ae419f03110640913fd8d/execute/async - {"script":"<script> [1562 bytes]","args":[{"selector":{"id":"shellAppTitle"},"wdio_ui5_key":"shellAppTitle"}]}
RESULT: {"script":"<script> [1562 bytes]","args":[{"selector":{"id":"shellAppTitle"},"wdio_ui5_key":"shellAppTitle"}]}
COMMAND: POST /session/448051c7250ae419f03110640913fd8d/execute/async - {"script":"<script> [6424 bytes]","args":[{"element-6066-11e4-a52e-4f735466cecf":"f.B5C2D4FD721985666FD02FCCEF5CBA56.d.274361F29BE54AC5C0703BFF2C67BECF.e.4254"},"getTitle",[]]}
RESULT: {"script":"<script> [6424 bytes]","args":[{"element-6066-11e4-a52e-4f735466cecf":"f.B5C2D4FD721985666FD02FCCEF5CBA56.d.274361F29BE54AC5C0703BFF2C67BECF.e.4254"},"getTitle",[]]}
RESULT: undefined
COMMAND: POST /session/448051c7250ae419f03110640913fd8d/element/f.B5C2D4FD721985666FD02FCCEF5CBA56.d.274361F29BE54AC5C0703BFF2C67BECF.e.4134/click - {}
RESULT: {}
COMMAND: GET /session/448051c7250ae419f03110640913fd8d/screenshot - {}
RESULT: {}
]]></system-out>
    </testcase>
    <testcase classname="chrome.136_0_7103_93.windows.Sanity_Tests_US104253" name="Should open ISC Orders page" time="37.192">
      <system-out><![CDATA[
COMMAND: POST /session/448051c7250ae419f03110640913fd8d/execute/async - {"script":"<script> [1562 bytes]","args":[{"selector":{"controlType":"sap.m.GenericTile","properties":{"header":"ISC Orders"}},"wdio_ui5_key":"sapm.GenericTile{\"header\":\"ISC Orders\"}"}]}
RESULT: {"script":"<script> [1562 bytes]","args":[{"selector":{"controlType":"sap.m.GenericTile","properties":{"header":"ISC Orders"}},"wdio_ui5_key":"sapm.GenericTile{\"header\":\"ISC Orders\"}"}]}
RESULT: undefined
COMMAND: POST /session/448051c7250ae419f03110640913fd8d/element - {"using":"xpath","value":"//*[@id=\"__tile108\"]"}
RESULT: {"using":"xpath","value":"//*[@id=\"__tile108\"]"}
COMMAND: POST /session/448051c7250ae419f03110640913fd8d/element/f.B5C2D4FD721985666FD02FCCEF5CBA56.d.274361F29BE54AC5C0703BFF2C67BECF.e.4256/click - {}
RESULT: {}
COMMAND: GET /session/448051c7250ae419f03110640913fd8d/screenshot - {}
RESULT: {}
COMMAND: POST /session/448051c7250ae419f03110640913fd8d/elements - {"using":"xpath","value":"//span[text()='Error']"}
RESULT: {"using":"xpath","value":"//span[text()='Error']"}
RESULT: undefined
COMMAND: POST /session/448051c7250ae419f03110640913fd8d/element - {"using":"xpath","value":"//*[@id=\"__tile108\"]"}
RESULT: {"using":"xpath","value":"//*[@id=\"__tile108\"]"}
COMMAND: POST /session/448051c7250ae419f03110640913fd8d/element/f.B5C2D4FD721985666FD02FCCEF5CBA56.d.274361F29BE54AC5C0703BFF2C67BECF.e.4256/click - {}
RESULT: undefined
COMMAND: POST /session/448051c7250ae419f03110640913fd8d/element - {"using":"xpath","value":"//*[@id=\"__tile108\"]"}
RESULT: {"using":"xpath","value":"//*[@id=\"__tile108\"]"}
COMMAND: POST /session/448051c7250ae419f03110640913fd8d/element/f.B5C2D4FD721985666FD02FCCEF5CBA56.d.274361F29BE54AC5C0703BFF2C67BECF.e.4256/click - {}
RESULT: undefined
COMMAND: POST /session/448051c7250ae419f03110640913fd8d/execute/async - {"script":"<script> [6424 bytes]","args":[{"element-6066-11e4-a52e-4f735466cecf":"f.B5C2D4FD721985666FD02FCCEF5CBA56.d.274361F29BE54AC5C0703BFF2C67BECF.e.287"},"getTitle",[]]}
COMMAND: POST /session/448051c7250ae419f03110640913fd8d/execute/async - {"script":"<script> [1562 bytes]","args":[{"selector":{"id":"shellAppTitle"},"wdio_ui5_key":"shellAppTitle"}]}
RESULT: {"script":"<script> [1562 bytes]","args":[{"selector":{"id":"shellAppTitle"},"wdio_ui5_key":"shellAppTitle"}]}
COMMAND: POST /session/448051c7250ae419f03110640913fd8d/execute/async - {"script":"<script> [6424 bytes]","args":[{"element-6066-11e4-a52e-4f735466cecf":"f.B5C2D4FD721985666FD02FCCEF5CBA56.d.274361F29BE54AC5C0703BFF2C67BECF.e.4361"},"getTitle",[]]}
RESULT: {"script":"<script> [6424 bytes]","args":[{"element-6066-11e4-a52e-4f735466cecf":"f.B5C2D4FD721985666FD02FCCEF5CBA56.d.274361F29BE54AC5C0703BFF2C67BECF.e.4361"},"getTitle",[]]}
RESULT: undefined
COMMAND: POST /session/448051c7250ae419f03110640913fd8d/element/f.B5C2D4FD721985666FD02FCCEF5CBA56.d.274361F29BE54AC5C0703BFF2C67BECF.e.4134/click - {}
COMMAND: POST /session/448051c7250ae419f03110640913fd8d/element - {"using":"xpath","value":"//*[@id=\"backBtn\"]"}
RESULT: {"using":"xpath","value":"//*[@id=\"backBtn\"]"}
COMMAND: POST /session/448051c7250ae419f03110640913fd8d/element/f.B5C2D4FD721985666FD02FCCEF5CBA56.d.274361F29BE54AC5C0703BFF2C67BECF.e.4134/click - {}
COMMAND: POST /session/448051c7250ae419f03110640913fd8d/element - {"using":"xpath","value":"//*[@id=\"backBtn\"]"}
RESULT: {"using":"xpath","value":"//*[@id=\"backBtn\"]"}
COMMAND: POST /session/448051c7250ae419f03110640913fd8d/element/f.B5C2D4FD721985666FD02FCCEF5CBA56.d.274361F29BE54AC5C0703BFF2C67BECF.e.4362/click - {}
RESULT: {}
COMMAND: GET /session/448051c7250ae419f03110640913fd8d/screenshot - {}
RESULT: {}
]]></system-out>
    </testcase>
    <testcase classname="chrome.136_0_7103_93.windows.Sanity_Tests_US104253" name="Should open ISC Tasks page" time="37.369">
      <system-out><![CDATA[
COMMAND: POST /session/448051c7250ae419f03110640913fd8d/execute/async - {"script":"<script> [1562 bytes]","args":[{"selector":{"controlType":"sap.m.GenericTile","properties":{"header":"ISC Tasks"}},"wdio_ui5_key":"sapm.GenericTile{\"header\":\"ISC Tasks\"}"}]}
RESULT: {"script":"<script> [1562 bytes]","args":[{"selector":{"controlType":"sap.m.GenericTile","properties":{"header":"ISC Tasks"}},"wdio_ui5_key":"sapm.GenericTile{\"header\":\"ISC Tasks\"}"}]}
RESULT: undefined
COMMAND: POST /session/448051c7250ae419f03110640913fd8d/element - {"using":"xpath","value":"//*[@id=\"__tile110\"]"}
RESULT: {"using":"xpath","value":"//*[@id=\"__tile110\"]"}
COMMAND: POST /session/448051c7250ae419f03110640913fd8d/element/f.B5C2D4FD721985666FD02FCCEF5CBA56.d.274361F29BE54AC5C0703BFF2C67BECF.e.4364/click - {}
RESULT: {}
COMMAND: GET /session/448051c7250ae419f03110640913fd8d/screenshot - {}
RESULT: {}
COMMAND: POST /session/448051c7250ae419f03110640913fd8d/elements - {"using":"xpath","value":"//span[text()='Error']"}
RESULT: {"using":"xpath","value":"//span[text()='Error']"}
RESULT: undefined
COMMAND: POST /session/448051c7250ae419f03110640913fd8d/element - {"using":"xpath","value":"//*[@id=\"__tile110\"]"}
RESULT: {"using":"xpath","value":"//*[@id=\"__tile110\"]"}
COMMAND: POST /session/448051c7250ae419f03110640913fd8d/element/f.B5C2D4FD721985666FD02FCCEF5CBA56.d.274361F29BE54AC5C0703BFF2C67BECF.e.4364/click - {}
RESULT: undefined
COMMAND: POST /session/448051c7250ae419f03110640913fd8d/element - {"using":"xpath","value":"//*[@id=\"__tile110\"]"}
RESULT: {"using":"xpath","value":"//*[@id=\"__tile110\"]"}
COMMAND: POST /session/448051c7250ae419f03110640913fd8d/element/f.B5C2D4FD721985666FD02FCCEF5CBA56.d.274361F29BE54AC5C0703BFF2C67BECF.e.4364/click - {}
RESULT: undefined
COMMAND: POST /session/448051c7250ae419f03110640913fd8d/execute/async - {"script":"<script> [6424 bytes]","args":[{"element-6066-11e4-a52e-4f735466cecf":"f.B5C2D4FD721985666FD02FCCEF5CBA56.d.274361F29BE54AC5C0703BFF2C67BECF.e.287"},"getTitle",[]]}
COMMAND: POST /session/448051c7250ae419f03110640913fd8d/execute/async - {"script":"<script> [1562 bytes]","args":[{"selector":{"id":"shellAppTitle"},"wdio_ui5_key":"shellAppTitle"}]}
RESULT: {"script":"<script> [1562 bytes]","args":[{"selector":{"id":"shellAppTitle"},"wdio_ui5_key":"shellAppTitle"}]}
COMMAND: POST /session/448051c7250ae419f03110640913fd8d/execute/async - {"script":"<script> [6424 bytes]","args":[{"element-6066-11e4-a52e-4f735466cecf":"f.B5C2D4FD721985666FD02FCCEF5CBA56.d.274361F29BE54AC5C0703BFF2C67BECF.e.4456"},"getTitle",[]]}
RESULT: {"script":"<script> [6424 bytes]","args":[{"element-6066-11e4-a52e-4f735466cecf":"f.B5C2D4FD721985666FD02FCCEF5CBA56.d.274361F29BE54AC5C0703BFF2C67BECF.e.4456"},"getTitle",[]]}
RESULT: undefined
COMMAND: POST /session/448051c7250ae419f03110640913fd8d/element/f.B5C2D4FD721985666FD02FCCEF5CBA56.d.274361F29BE54AC5C0703BFF2C67BECF.e.4362/click - {}
RESULT: {}
COMMAND: GET /session/448051c7250ae419f03110640913fd8d/screenshot - {}
RESULT: {}
]]></system-out>
    </testcase>
    <testcase classname="chrome.136_0_7103_93.windows.Sanity_Tests_US104253" name="Should open Manage Resource Logbook page" time="36.217">
      <system-out><![CDATA[
COMMAND: POST /session/448051c7250ae419f03110640913fd8d/execute/async - {"script":"<script> [1562 bytes]","args":[{"selector":{"controlType":"sap.m.GenericTile","properties":{"header":"Manage Resource Logbook"}},"wdio_ui5_key":"sapm.GenericTile{\"header\":\"Manage Resource Logbook\"}"}]}
RESULT: {"script":"<script> [1562 bytes]","args":[{"selector":{"controlType":"sap.m.GenericTile","properties":{"header":"Manage Resource Logbook"}},"wdio_ui5_key":"sapm.GenericTile{\"header\":\"Manage Resource Logbook\"}"}]}
RESULT: undefined
COMMAND: POST /session/448051c7250ae419f03110640913fd8d/element - {"using":"xpath","value":"//*[@id=\"__tile113\"]"}
RESULT: {"using":"xpath","value":"//*[@id=\"__tile113\"]"}
COMMAND: POST /session/448051c7250ae419f03110640913fd8d/element/f.B5C2D4FD721985666FD02FCCEF5CBA56.d.274361F29BE54AC5C0703BFF2C67BECF.e.4458/click - {}
RESULT: {}
COMMAND: GET /session/448051c7250ae419f03110640913fd8d/screenshot - {}
RESULT: {}
COMMAND: POST /session/448051c7250ae419f03110640913fd8d/elements - {"using":"xpath","value":"//span[text()='Error']"}
RESULT: {"using":"xpath","value":"//span[text()='Error']"}
RESULT: undefined
COMMAND: POST /session/448051c7250ae419f03110640913fd8d/element - {"using":"xpath","value":"//*[@id=\"__tile113\"]"}
RESULT: {"using":"xpath","value":"//*[@id=\"__tile113\"]"}
COMMAND: POST /session/448051c7250ae419f03110640913fd8d/element/f.B5C2D4FD721985666FD02FCCEF5CBA56.d.274361F29BE54AC5C0703BFF2C67BECF.e.4458/click - {}
RESULT: undefined
COMMAND: POST /session/448051c7250ae419f03110640913fd8d/element - {"using":"xpath","value":"//*[@id=\"__tile113\"]"}
RESULT: {"using":"xpath","value":"//*[@id=\"__tile113\"]"}
COMMAND: POST /session/448051c7250ae419f03110640913fd8d/element/f.B5C2D4FD721985666FD02FCCEF5CBA56.d.274361F29BE54AC5C0703BFF2C67BECF.e.4458/click - {}
RESULT: undefined
COMMAND: POST /session/448051c7250ae419f03110640913fd8d/execute/async - {"script":"<script> [6424 bytes]","args":[{"element-6066-11e4-a52e-4f735466cecf":"f.B5C2D4FD721985666FD02FCCEF5CBA56.d.274361F29BE54AC5C0703BFF2C67BECF.e.287"},"getTitle",[]]}
COMMAND: POST /session/448051c7250ae419f03110640913fd8d/execute/async - {"script":"<script> [1562 bytes]","args":[{"selector":{"id":"shellAppTitle"},"wdio_ui5_key":"shellAppTitle"}]}
RESULT: {"script":"<script> [1562 bytes]","args":[{"selector":{"id":"shellAppTitle"},"wdio_ui5_key":"shellAppTitle"}]}
COMMAND: POST /session/448051c7250ae419f03110640913fd8d/execute/async - {"script":"<script> [6424 bytes]","args":[{"element-6066-11e4-a52e-4f735466cecf":"f.B5C2D4FD721985666FD02FCCEF5CBA56.d.274361F29BE54AC5C0703BFF2C67BECF.e.4552"},"getTitle",[]]}
RESULT: {"script":"<script> [6424 bytes]","args":[{"element-6066-11e4-a52e-4f735466cecf":"f.B5C2D4FD721985666FD02FCCEF5CBA56.d.274361F29BE54AC5C0703BFF2C67BECF.e.4552"},"getTitle",[]]}
RESULT: undefined
COMMAND: POST /session/448051c7250ae419f03110640913fd8d/element/f.B5C2D4FD721985666FD02FCCEF5CBA56.d.274361F29BE54AC5C0703BFF2C67BECF.e.4362/click - {}
COMMAND: POST /session/448051c7250ae419f03110640913fd8d/element - {"using":"xpath","value":"//*[@id=\"backBtn\"]"}
RESULT: {"using":"xpath","value":"//*[@id=\"backBtn\"]"}
COMMAND: POST /session/448051c7250ae419f03110640913fd8d/element/f.B5C2D4FD721985666FD02FCCEF5CBA56.d.274361F29BE54AC5C0703BFF2C67BECF.e.4362/click - {}
COMMAND: POST /session/448051c7250ae419f03110640913fd8d/element - {"using":"xpath","value":"//*[@id=\"backBtn\"]"}
RESULT: {"using":"xpath","value":"//*[@id=\"backBtn\"]"}
COMMAND: POST /session/448051c7250ae419f03110640913fd8d/element/f.B5C2D4FD721985666FD02FCCEF5CBA56.d.274361F29BE54AC5C0703BFF2C67BECF.e.4553/click - {}
RESULT: {}
COMMAND: GET /session/448051c7250ae419f03110640913fd8d/screenshot - {}
RESULT: {}
]]></system-out>
    </testcase>
    <testcase classname="chrome.136_0_7103_93.windows.Sanity_Tests_US104253" name="Should open Manage Logbook page" time="38.312">
      <system-out><![CDATA[
COMMAND: POST /session/448051c7250ae419f03110640913fd8d/execute/async - {"script":"<script> [1562 bytes]","args":[{"selector":{"controlType":"sap.m.GenericTile","properties":{"header":"Manage Logbook"}},"wdio_ui5_key":"sapm.GenericTile{\"header\":\"Manage Logbook\"}"}]}
RESULT: {"script":"<script> [1562 bytes]","args":[{"selector":{"controlType":"sap.m.GenericTile","properties":{"header":"Manage Logbook"}},"wdio_ui5_key":"sapm.GenericTile{\"header\":\"Manage Logbook\"}"}]}
RESULT: undefined
COMMAND: POST /session/448051c7250ae419f03110640913fd8d/element - {"using":"xpath","value":"//*[@id=\"__tile112\"]"}
RESULT: {"using":"xpath","value":"//*[@id=\"__tile112\"]"}
COMMAND: POST /session/448051c7250ae419f03110640913fd8d/element/f.B5C2D4FD721985666FD02FCCEF5CBA56.d.274361F29BE54AC5C0703BFF2C67BECF.e.4555/click - {}
RESULT: {}
COMMAND: GET /session/448051c7250ae419f03110640913fd8d/screenshot - {}
RESULT: {}
COMMAND: POST /session/448051c7250ae419f03110640913fd8d/elements - {"using":"xpath","value":"//span[text()='Error']"}
RESULT: {"using":"xpath","value":"//span[text()='Error']"}
RESULT: undefined
COMMAND: POST /session/448051c7250ae419f03110640913fd8d/element - {"using":"xpath","value":"//*[@id=\"__tile112\"]"}
RESULT: {"using":"xpath","value":"//*[@id=\"__tile112\"]"}
COMMAND: POST /session/448051c7250ae419f03110640913fd8d/element/f.B5C2D4FD721985666FD02FCCEF5CBA56.d.274361F29BE54AC5C0703BFF2C67BECF.e.4555/click - {}
RESULT: undefined
COMMAND: POST /session/448051c7250ae419f03110640913fd8d/element - {"using":"xpath","value":"//*[@id=\"__tile112\"]"}
RESULT: {"using":"xpath","value":"//*[@id=\"__tile112\"]"}
COMMAND: POST /session/448051c7250ae419f03110640913fd8d/element/f.B5C2D4FD721985666FD02FCCEF5CBA56.d.274361F29BE54AC5C0703BFF2C67BECF.e.4555/click - {}
RESULT: undefined
COMMAND: POST /session/448051c7250ae419f03110640913fd8d/execute/async - {"script":"<script> [6424 bytes]","args":[{"element-6066-11e4-a52e-4f735466cecf":"f.B5C2D4FD721985666FD02FCCEF5CBA56.d.274361F29BE54AC5C0703BFF2C67BECF.e.287"},"getTitle",[]]}
COMMAND: POST /session/448051c7250ae419f03110640913fd8d/execute/async - {"script":"<script> [1562 bytes]","args":[{"selector":{"id":"shellAppTitle"},"wdio_ui5_key":"shellAppTitle"}]}
RESULT: {"script":"<script> [1562 bytes]","args":[{"selector":{"id":"shellAppTitle"},"wdio_ui5_key":"shellAppTitle"}]}
COMMAND: POST /session/448051c7250ae419f03110640913fd8d/execute/async - {"script":"<script> [6424 bytes]","args":[{"element-6066-11e4-a52e-4f735466cecf":"f.B5C2D4FD721985666FD02FCCEF5CBA56.d.274361F29BE54AC5C0703BFF2C67BECF.e.4848"},"getTitle",[]]}
RESULT: {"script":"<script> [6424 bytes]","args":[{"element-6066-11e4-a52e-4f735466cecf":"f.B5C2D4FD721985666FD02FCCEF5CBA56.d.274361F29BE54AC5C0703BFF2C67BECF.e.4848"},"getTitle",[]]}
RESULT: undefined
COMMAND: POST /session/448051c7250ae419f03110640913fd8d/element/f.B5C2D4FD721985666FD02FCCEF5CBA56.d.274361F29BE54AC5C0703BFF2C67BECF.e.4553/click - {}
RESULT: {}
COMMAND: GET /session/448051c7250ae419f03110640913fd8d/screenshot - {}
RESULT: {}
]]></system-out>
    </testcase>
    <testcase classname="chrome.136_0_7103_93.windows.Sanity_Tests_US104253" name="Should open ISC Orders Calendar page" time="39.086">
      <system-out><![CDATA[
COMMAND: POST /session/448051c7250ae419f03110640913fd8d/execute/async - {"script":"<script> [1562 bytes]","args":[{"selector":{"controlType":"sap.m.GenericTile","properties":{"header":"ISC Orders Calendar"}},"wdio_ui5_key":"sapm.GenericTile{\"header\":\"ISC Orders Calendar\"}"}]}
RESULT: {"script":"<script> [1562 bytes]","args":[{"selector":{"controlType":"sap.m.GenericTile","properties":{"header":"ISC Orders Calendar"}},"wdio_ui5_key":"sapm.GenericTile{\"header\":\"ISC Orders Calendar\"}"}]}
RESULT: undefined
COMMAND: POST /session/448051c7250ae419f03110640913fd8d/element - {"using":"xpath","value":"//*[@id=\"__tile107\"]"}
RESULT: {"using":"xpath","value":"//*[@id=\"__tile107\"]"}
COMMAND: POST /session/448051c7250ae419f03110640913fd8d/element/f.B5C2D4FD721985666FD02FCCEF5CBA56.d.274361F29BE54AC5C0703BFF2C67BECF.e.4850/click - {}
RESULT: {}
COMMAND: GET /session/448051c7250ae419f03110640913fd8d/screenshot - {}
RESULT: {}
COMMAND: POST /session/448051c7250ae419f03110640913fd8d/elements - {"using":"xpath","value":"//span[text()='Error']"}
RESULT: {"using":"xpath","value":"//span[text()='Error']"}
RESULT: undefined
COMMAND: POST /session/448051c7250ae419f03110640913fd8d/element - {"using":"xpath","value":"//*[@id=\"__tile107\"]"}
RESULT: {"using":"xpath","value":"//*[@id=\"__tile107\"]"}
COMMAND: POST /session/448051c7250ae419f03110640913fd8d/element/f.B5C2D4FD721985666FD02FCCEF5CBA56.d.274361F29BE54AC5C0703BFF2C67BECF.e.4850/click - {}
RESULT: undefined
COMMAND: POST /session/448051c7250ae419f03110640913fd8d/element - {"using":"xpath","value":"//*[@id=\"__tile107\"]"}
RESULT: {"using":"xpath","value":"//*[@id=\"__tile107\"]"}
COMMAND: POST /session/448051c7250ae419f03110640913fd8d/element/f.B5C2D4FD721985666FD02FCCEF5CBA56.d.274361F29BE54AC5C0703BFF2C67BECF.e.4850/click - {}
RESULT: undefined
COMMAND: POST /session/448051c7250ae419f03110640913fd8d/execute/async - {"script":"<script> [6424 bytes]","args":[{"element-6066-11e4-a52e-4f735466cecf":"f.B5C2D4FD721985666FD02FCCEF5CBA56.d.274361F29BE54AC5C0703BFF2C67BECF.e.287"},"getTitle",[]]}
COMMAND: POST /session/448051c7250ae419f03110640913fd8d/execute/async - {"script":"<script> [1562 bytes]","args":[{"selector":{"id":"shellAppTitle"},"wdio_ui5_key":"shellAppTitle"}]}
RESULT: {"script":"<script> [1562 bytes]","args":[{"selector":{"id":"shellAppTitle"},"wdio_ui5_key":"shellAppTitle"}]}
COMMAND: POST /session/448051c7250ae419f03110640913fd8d/execute/async - {"script":"<script> [6424 bytes]","args":[{"element-6066-11e4-a52e-4f735466cecf":"f.B5C2D4FD721985666FD02FCCEF5CBA56.d.274361F29BE54AC5C0703BFF2C67BECF.e.5057"},"getTitle",[]]}
RESULT: {"script":"<script> [6424 bytes]","args":[{"element-6066-11e4-a52e-4f735466cecf":"f.B5C2D4FD721985666FD02FCCEF5CBA56.d.274361F29BE54AC5C0703BFF2C67BECF.e.5057"},"getTitle",[]]}
RESULT: undefined
COMMAND: POST /session/448051c7250ae419f03110640913fd8d/element/f.B5C2D4FD721985666FD02FCCEF5CBA56.d.274361F29BE54AC5C0703BFF2C67BECF.e.4553/click - {}
COMMAND: POST /session/448051c7250ae419f03110640913fd8d/element - {"using":"xpath","value":"//*[@id=\"backBtn\"]"}
RESULT: {"using":"xpath","value":"//*[@id=\"backBtn\"]"}
COMMAND: POST /session/448051c7250ae419f03110640913fd8d/element/f.B5C2D4FD721985666FD02FCCEF5CBA56.d.274361F29BE54AC5C0703BFF2C67BECF.e.4553/click - {}
COMMAND: POST /session/448051c7250ae419f03110640913fd8d/element - {"using":"xpath","value":"//*[@id=\"backBtn\"]"}
RESULT: {"using":"xpath","value":"//*[@id=\"backBtn\"]"}
COMMAND: POST /session/448051c7250ae419f03110640913fd8d/element/f.B5C2D4FD721985666FD02FCCEF5CBA56.d.274361F29BE54AC5C0703BFF2C67BECF.e.5058/click - {}
RESULT: {}
COMMAND: GET /session/448051c7250ae419f03110640913fd8d/screenshot - {}
RESULT: {}
]]></system-out>
    </testcase>
    <testcase classname="chrome.136_0_7103_93.windows.Sanity_Tests_US104253" name="Should open Configure System page" time="47.409">
      <system-out><![CDATA[
COMMAND: POST /session/448051c7250ae419f03110640913fd8d/execute/async - {"script":"<script> [1562 bytes]","args":[{"selector":{"controlType":"sap.m.GenericTile","properties":{"header":"Configure System"}},"wdio_ui5_key":"sapm.GenericTile{\"header\":\"Configure System\"}"}]}
RESULT: {"script":"<script> [1562 bytes]","args":[{"selector":{"controlType":"sap.m.GenericTile","properties":{"header":"Configure System"}},"wdio_ui5_key":"sapm.GenericTile{\"header\":\"Configure System\"}"}]}
RESULT: undefined
COMMAND: POST /session/448051c7250ae419f03110640913fd8d/element - {"using":"xpath","value":"//*[@id=\"__tile114\"]"}
RESULT: {"using":"xpath","value":"//*[@id=\"__tile114\"]"}
COMMAND: POST /session/448051c7250ae419f03110640913fd8d/element/f.B5C2D4FD721985666FD02FCCEF5CBA56.d.274361F29BE54AC5C0703BFF2C67BECF.e.5060/click - {}
RESULT: {}
COMMAND: GET /session/448051c7250ae419f03110640913fd8d/screenshot - {}
RESULT: {}
COMMAND: POST /session/448051c7250ae419f03110640913fd8d/elements - {"using":"xpath","value":"//span[text()='Error']"}
RESULT: {"using":"xpath","value":"//span[text()='Error']"}
RESULT: undefined
COMMAND: POST /session/448051c7250ae419f03110640913fd8d/element - {"using":"xpath","value":"//*[@id=\"__tile114\"]"}
RESULT: {"using":"xpath","value":"//*[@id=\"__tile114\"]"}
COMMAND: POST /session/448051c7250ae419f03110640913fd8d/element/f.B5C2D4FD721985666FD02FCCEF5CBA56.d.274361F29BE54AC5C0703BFF2C67BECF.e.5060/click - {}
RESULT: undefined
COMMAND: POST /session/448051c7250ae419f03110640913fd8d/element - {"using":"xpath","value":"//*[@id=\"__tile114\"]"}
RESULT: {"using":"xpath","value":"//*[@id=\"__tile114\"]"}
COMMAND: POST /session/448051c7250ae419f03110640913fd8d/element/f.B5C2D4FD721985666FD02FCCEF5CBA56.d.274361F29BE54AC5C0703BFF2C67BECF.e.5060/click - {}
RESULT: undefined
COMMAND: POST /session/448051c7250ae419f03110640913fd8d/execute/async - {"script":"<script> [6424 bytes]","args":[{"element-6066-11e4-a52e-4f735466cecf":"f.B5C2D4FD721985666FD02FCCEF5CBA56.d.274361F29BE54AC5C0703BFF2C67BECF.e.287"},"getTitle",[]]}
COMMAND: POST /session/448051c7250ae419f03110640913fd8d/execute/async - {"script":"<script> [1562 bytes]","args":[{"selector":{"id":"shellAppTitle"},"wdio_ui5_key":"shellAppTitle"}]}
RESULT: {"script":"<script> [1562 bytes]","args":[{"selector":{"id":"shellAppTitle"},"wdio_ui5_key":"shellAppTitle"}]}
COMMAND: POST /session/448051c7250ae419f03110640913fd8d/execute/async - {"script":"<script> [6424 bytes]","args":[{"element-6066-11e4-a52e-4f735466cecf":"f.B5C2D4FD721985666FD02FCCEF5CBA56.d.274361F29BE54AC5C0703BFF2C67BECF.e.5092"},"getTitle",[]]}
RESULT: {"script":"<script> [6424 bytes]","args":[{"element-6066-11e4-a52e-4f735466cecf":"f.B5C2D4FD721985666FD02FCCEF5CBA56.d.274361F29BE54AC5C0703BFF2C67BECF.e.5092"},"getTitle",[]]}
RESULT: undefined
COMMAND: POST /session/448051c7250ae419f03110640913fd8d/element/f.B5C2D4FD721985666FD02FCCEF5CBA56.d.274361F29BE54AC5C0703BFF2C67BECF.e.5058/click - {}
RESULT: {}
COMMAND: GET /session/448051c7250ae419f03110640913fd8d/screenshot - {}
RESULT: {}
]]></system-out>
    </testcase>
    <testcase classname="chrome.136_0_7103_93.windows.Sanity_Tests_US104253" name="Should open Manage Classifications page" time="37.999">
      <system-out><![CDATA[
COMMAND: POST /session/448051c7250ae419f03110640913fd8d/execute/async - {"script":"<script> [1562 bytes]","args":[{"selector":{"controlType":"sap.m.GenericTile","properties":{"header":"Manage Classifications"}},"wdio_ui5_key":"sapm.GenericTile{\"header\":\"Manage Classifications\"}"}]}
RESULT: {"script":"<script> [1562 bytes]","args":[{"selector":{"controlType":"sap.m.GenericTile","properties":{"header":"Manage Classifications"}},"wdio_ui5_key":"sapm.GenericTile{\"header\":\"Manage Classifications\"}"}]}
RESULT: undefined
COMMAND: POST /session/448051c7250ae419f03110640913fd8d/element - {"using":"xpath","value":"//*[@id=\"__tile115\"]"}
RESULT: {"using":"xpath","value":"//*[@id=\"__tile115\"]"}
COMMAND: POST /session/448051c7250ae419f03110640913fd8d/element/f.B5C2D4FD721985666FD02FCCEF5CBA56.d.274361F29BE54AC5C0703BFF2C67BECF.e.5095/click - {}
RESULT: {}
COMMAND: GET /session/448051c7250ae419f03110640913fd8d/screenshot - {}
RESULT: {}
COMMAND: POST /session/448051c7250ae419f03110640913fd8d/elements - {"using":"xpath","value":"//span[text()='Error']"}
RESULT: {"using":"xpath","value":"//span[text()='Error']"}
RESULT: undefined
COMMAND: POST /session/448051c7250ae419f03110640913fd8d/element - {"using":"xpath","value":"//*[@id=\"__tile115\"]"}
RESULT: {"using":"xpath","value":"//*[@id=\"__tile115\"]"}
COMMAND: POST /session/448051c7250ae419f03110640913fd8d/element/f.B5C2D4FD721985666FD02FCCEF5CBA56.d.274361F29BE54AC5C0703BFF2C67BECF.e.5095/click - {}
RESULT: undefined
COMMAND: POST /session/448051c7250ae419f03110640913fd8d/element - {"using":"xpath","value":"//*[@id=\"__tile115\"]"}
RESULT: {"using":"xpath","value":"//*[@id=\"__tile115\"]"}
COMMAND: POST /session/448051c7250ae419f03110640913fd8d/element/f.B5C2D4FD721985666FD02FCCEF5CBA56.d.274361F29BE54AC5C0703BFF2C67BECF.e.5095/click - {}
RESULT: undefined
COMMAND: POST /session/448051c7250ae419f03110640913fd8d/execute/async - {"script":"<script> [6424 bytes]","args":[{"element-6066-11e4-a52e-4f735466cecf":"f.B5C2D4FD721985666FD02FCCEF5CBA56.d.274361F29BE54AC5C0703BFF2C67BECF.e.287"},"getTitle",[]]}
COMMAND: POST /session/448051c7250ae419f03110640913fd8d/execute/async - {"script":"<script> [1562 bytes]","args":[{"selector":{"id":"shellAppTitle"},"wdio_ui5_key":"shellAppTitle"}]}
RESULT: {"script":"<script> [1562 bytes]","args":[{"selector":{"id":"shellAppTitle"},"wdio_ui5_key":"shellAppTitle"}]}
COMMAND: POST /session/448051c7250ae419f03110640913fd8d/execute/async - {"script":"<script> [6424 bytes]","args":[{"element-6066-11e4-a52e-4f735466cecf":"f.B5C2D4FD721985666FD02FCCEF5CBA56.d.274361F29BE54AC5C0703BFF2C67BECF.e.5191"},"getTitle",[]]}
RESULT: {"script":"<script> [6424 bytes]","args":[{"element-6066-11e4-a52e-4f735466cecf":"f.B5C2D4FD721985666FD02FCCEF5CBA56.d.274361F29BE54AC5C0703BFF2C67BECF.e.5191"},"getTitle",[]]}
RESULT: undefined
COMMAND: POST /session/448051c7250ae419f03110640913fd8d/element/f.B5C2D4FD721985666FD02FCCEF5CBA56.d.274361F29BE54AC5C0703BFF2C67BECF.e.5058/click - {}
COMMAND: POST /session/448051c7250ae419f03110640913fd8d/element - {"using":"xpath","value":"//*[@id=\"backBtn\"]"}
RESULT: {"using":"xpath","value":"//*[@id=\"backBtn\"]"}
COMMAND: POST /session/448051c7250ae419f03110640913fd8d/element/f.B5C2D4FD721985666FD02FCCEF5CBA56.d.274361F29BE54AC5C0703BFF2C67BECF.e.5058/click - {}
COMMAND: POST /session/448051c7250ae419f03110640913fd8d/element - {"using":"xpath","value":"//*[@id=\"backBtn\"]"}
RESULT: {"using":"xpath","value":"//*[@id=\"backBtn\"]"}
COMMAND: POST /session/448051c7250ae419f03110640913fd8d/element/f.B5C2D4FD721985666FD02FCCEF5CBA56.d.274361F29BE54AC5C0703BFF2C67BECF.e.5192/click - {}
RESULT: {}
COMMAND: GET /session/448051c7250ae419f03110640913fd8d/screenshot - {}
RESULT: {}
]]></system-out>
    </testcase>
    <testcase classname="chrome.136_0_7103_93.windows.Sanity_Tests_US104253" name="Should open Data Explorer page" time="35.892">
      <system-out><![CDATA[
COMMAND: POST /session/448051c7250ae419f03110640913fd8d/execute/async - {"script":"<script> [1562 bytes]","args":[{"selector":{"controlType":"sap.m.GenericTile","properties":{"header":"Data Explorer"}},"wdio_ui5_key":"sapm.GenericTile{\"header\":\"Data Explorer\"}"}]}
RESULT: {"script":"<script> [1562 bytes]","args":[{"selector":{"controlType":"sap.m.GenericTile","properties":{"header":"Data Explorer"}},"wdio_ui5_key":"sapm.GenericTile{\"header\":\"Data Explorer\"}"}]}
RESULT: undefined
COMMAND: POST /session/448051c7250ae419f03110640913fd8d/element - {"using":"xpath","value":"//*[@id=\"__tile117\"]"}
RESULT: {"using":"xpath","value":"//*[@id=\"__tile117\"]"}
COMMAND: POST /session/448051c7250ae419f03110640913fd8d/element/f.B5C2D4FD721985666FD02FCCEF5CBA56.d.274361F29BE54AC5C0703BFF2C67BECF.e.5194/click - {}
RESULT: {}
COMMAND: GET /session/448051c7250ae419f03110640913fd8d/screenshot - {}
RESULT: {}
COMMAND: POST /session/448051c7250ae419f03110640913fd8d/elements - {"using":"xpath","value":"//span[text()='Error']"}
RESULT: {"using":"xpath","value":"//span[text()='Error']"}
RESULT: undefined
COMMAND: POST /session/448051c7250ae419f03110640913fd8d/element - {"using":"xpath","value":"//*[@id=\"__tile117\"]"}
RESULT: {"using":"xpath","value":"//*[@id=\"__tile117\"]"}
COMMAND: POST /session/448051c7250ae419f03110640913fd8d/element/f.B5C2D4FD721985666FD02FCCEF5CBA56.d.274361F29BE54AC5C0703BFF2C67BECF.e.5194/click - {}
RESULT: undefined
COMMAND: POST /session/448051c7250ae419f03110640913fd8d/element - {"using":"xpath","value":"//*[@id=\"__tile117\"]"}
RESULT: {"using":"xpath","value":"//*[@id=\"__tile117\"]"}
COMMAND: POST /session/448051c7250ae419f03110640913fd8d/element/f.B5C2D4FD721985666FD02FCCEF5CBA56.d.274361F29BE54AC5C0703BFF2C67BECF.e.5194/click - {}
RESULT: undefined
COMMAND: POST /session/448051c7250ae419f03110640913fd8d/execute/async - {"script":"<script> [6424 bytes]","args":[{"element-6066-11e4-a52e-4f735466cecf":"f.B5C2D4FD721985666FD02FCCEF5CBA56.d.274361F29BE54AC5C0703BFF2C67BECF.e.287"},"getTitle",[]]}
COMMAND: POST /session/448051c7250ae419f03110640913fd8d/execute/async - {"script":"<script> [1562 bytes]","args":[{"selector":{"id":"shellAppTitle"},"wdio_ui5_key":"shellAppTitle"}]}
RESULT: {"script":"<script> [1562 bytes]","args":[{"selector":{"id":"shellAppTitle"},"wdio_ui5_key":"shellAppTitle"}]}
COMMAND: POST /session/448051c7250ae419f03110640913fd8d/execute/async - {"script":"<script> [6424 bytes]","args":[{"element-6066-11e4-a52e-4f735466cecf":"f.B5C2D4FD721985666FD02FCCEF5CBA56.d.274361F29BE54AC5C0703BFF2C67BECF.e.5521"},"getTitle",[]]}
RESULT: {"script":"<script> [6424 bytes]","args":[{"element-6066-11e4-a52e-4f735466cecf":"f.B5C2D4FD721985666FD02FCCEF5CBA56.d.274361F29BE54AC5C0703BFF2C67BECF.e.5521"},"getTitle",[]]}
RESULT: undefined
COMMAND: POST /session/448051c7250ae419f03110640913fd8d/element/f.B5C2D4FD721985666FD02FCCEF5CBA56.d.274361F29BE54AC5C0703BFF2C67BECF.e.5192/click - {}
RESULT: {}
COMMAND: GET /session/448051c7250ae419f03110640913fd8d/screenshot - {}
RESULT: {}
]]></system-out>
    </testcase>
    <testcase classname="chrome.136_0_7103_93.windows.Sanity_Tests_US104253" name="Should open Performance Monitor page" time="37.801">
      <system-out><![CDATA[
COMMAND: POST /session/448051c7250ae419f03110640913fd8d/execute/async - {"script":"<script> [1562 bytes]","args":[{"selector":{"controlType":"sap.m.GenericTile","properties":{"header":"Performance Monitor"}},"wdio_ui5_key":"sapm.GenericTile{\"header\":\"Performance Monitor\"}"}]}
RESULT: {"script":"<script> [1562 bytes]","args":[{"selector":{"controlType":"sap.m.GenericTile","properties":{"header":"Performance Monitor"}},"wdio_ui5_key":"sapm.GenericTile{\"header\":\"Performance Monitor\"}"}]}
RESULT: undefined
COMMAND: POST /session/448051c7250ae419f03110640913fd8d/element - {"using":"xpath","value":"//*[@id=\"__tile116\"]"}
RESULT: {"using":"xpath","value":"//*[@id=\"__tile116\"]"}
COMMAND: POST /session/448051c7250ae419f03110640913fd8d/element/f.B5C2D4FD721985666FD02FCCEF5CBA56.d.274361F29BE54AC5C0703BFF2C67BECF.e.5523/click - {}
RESULT: {}
COMMAND: GET /session/448051c7250ae419f03110640913fd8d/screenshot - {}
RESULT: {}
COMMAND: POST /session/448051c7250ae419f03110640913fd8d/elements - {"using":"xpath","value":"//span[text()='Error']"}
RESULT: {"using":"xpath","value":"//span[text()='Error']"}
RESULT: undefined
COMMAND: POST /session/448051c7250ae419f03110640913fd8d/element - {"using":"xpath","value":"//*[@id=\"__tile116\"]"}
RESULT: {"using":"xpath","value":"//*[@id=\"__tile116\"]"}
COMMAND: POST /session/448051c7250ae419f03110640913fd8d/element/f.B5C2D4FD721985666FD02FCCEF5CBA56.d.274361F29BE54AC5C0703BFF2C67BECF.e.5523/click - {}
RESULT: undefined
COMMAND: POST /session/448051c7250ae419f03110640913fd8d/element - {"using":"xpath","value":"//*[@id=\"__tile116\"]"}
RESULT: {"using":"xpath","value":"//*[@id=\"__tile116\"]"}
COMMAND: POST /session/448051c7250ae419f03110640913fd8d/element/f.B5C2D4FD721985666FD02FCCEF5CBA56.d.274361F29BE54AC5C0703BFF2C67BECF.e.5523/click - {}
RESULT: undefined
COMMAND: POST /session/448051c7250ae419f03110640913fd8d/execute/async - {"script":"<script> [6424 bytes]","args":[{"element-6066-11e4-a52e-4f735466cecf":"f.B5C2D4FD721985666FD02FCCEF5CBA56.d.274361F29BE54AC5C0703BFF2C67BECF.e.287"},"getTitle",[]]}
COMMAND: POST /session/448051c7250ae419f03110640913fd8d/execute/async - {"script":"<script> [1562 bytes]","args":[{"selector":{"id":"shellAppTitle"},"wdio_ui5_key":"shellAppTitle"}]}
RESULT: {"script":"<script> [1562 bytes]","args":[{"selector":{"id":"shellAppTitle"},"wdio_ui5_key":"shellAppTitle"}]}
COMMAND: POST /session/448051c7250ae419f03110640913fd8d/execute/async - {"script":"<script> [6424 bytes]","args":[{"element-6066-11e4-a52e-4f735466cecf":"f.B5C2D4FD721985666FD02FCCEF5CBA56.d.274361F29BE54AC5C0703BFF2C67BECF.e.5564"},"getTitle",[]]}
RESULT: {"script":"<script> [6424 bytes]","args":[{"element-6066-11e4-a52e-4f735466cecf":"f.B5C2D4FD721985666FD02FCCEF5CBA56.d.274361F29BE54AC5C0703BFF2C67BECF.e.5564"},"getTitle",[]]}
RESULT: undefined
COMMAND: POST /session/448051c7250ae419f03110640913fd8d/element/f.B5C2D4FD721985666FD02FCCEF5CBA56.d.274361F29BE54AC5C0703BFF2C67BECF.e.5192/click - {}
COMMAND: POST /session/448051c7250ae419f03110640913fd8d/element - {"using":"xpath","value":"//*[@id=\"backBtn\"]"}
RESULT: {"using":"xpath","value":"//*[@id=\"backBtn\"]"}
COMMAND: POST /session/448051c7250ae419f03110640913fd8d/element/f.B5C2D4FD721985666FD02FCCEF5CBA56.d.274361F29BE54AC5C0703BFF2C67BECF.e.5192/click - {}
COMMAND: POST /session/448051c7250ae419f03110640913fd8d/element - {"using":"xpath","value":"//*[@id=\"backBtn\"]"}
RESULT: {"using":"xpath","value":"//*[@id=\"backBtn\"]"}
COMMAND: POST /session/448051c7250ae419f03110640913fd8d/element/f.B5C2D4FD721985666FD02FCCEF5CBA56.d.274361F29BE54AC5C0703BFF2C67BECF.e.5565/click - {}
RESULT: {}
COMMAND: GET /session/448051c7250ae419f03110640913fd8d/screenshot - {}
RESULT: {}
]]></system-out>
    </testcase>
    <testcase classname="chrome.136_0_7103_93.windows.Sanity_Tests_US104253" name="Should open Organizational Model page" time="37.873">
      <system-out><![CDATA[
COMMAND: POST /session/448051c7250ae419f03110640913fd8d/execute/async - {"script":"<script> [1562 bytes]","args":[{"selector":{"controlType":"sap.m.GenericTile","properties":{"header":"Organizational Model"}},"wdio_ui5_key":"sapm.GenericTile{\"header\":\"Organizational Model\"}"}]}
RESULT: {"script":"<script> [1562 bytes]","args":[{"selector":{"controlType":"sap.m.GenericTile","properties":{"header":"Organizational Model"}},"wdio_ui5_key":"sapm.GenericTile{\"header\":\"Organizational Model\"}"}]}
RESULT: undefined
COMMAND: POST /session/448051c7250ae419f03110640913fd8d/element - {"using":"xpath","value":"//*[@id=\"__tile120\"]"}
RESULT: {"using":"xpath","value":"//*[@id=\"__tile120\"]"}
COMMAND: POST /session/448051c7250ae419f03110640913fd8d/element/f.B5C2D4FD721985666FD02FCCEF5CBA56.d.274361F29BE54AC5C0703BFF2C67BECF.e.5567/click - {}
RESULT: {}
COMMAND: GET /session/448051c7250ae419f03110640913fd8d/screenshot - {}
RESULT: {}
COMMAND: POST /session/448051c7250ae419f03110640913fd8d/elements - {"using":"xpath","value":"//span[text()='Error']"}
RESULT: {"using":"xpath","value":"//span[text()='Error']"}
RESULT: undefined
COMMAND: POST /session/448051c7250ae419f03110640913fd8d/element - {"using":"xpath","value":"//*[@id=\"__tile120\"]"}
RESULT: {"using":"xpath","value":"//*[@id=\"__tile120\"]"}
COMMAND: POST /session/448051c7250ae419f03110640913fd8d/element/f.B5C2D4FD721985666FD02FCCEF5CBA56.d.274361F29BE54AC5C0703BFF2C67BECF.e.5567/click - {}
RESULT: undefined
COMMAND: POST /session/448051c7250ae419f03110640913fd8d/element - {"using":"xpath","value":"//*[@id=\"__tile120\"]"}
RESULT: {"using":"xpath","value":"//*[@id=\"__tile120\"]"}
COMMAND: POST /session/448051c7250ae419f03110640913fd8d/element/f.B5C2D4FD721985666FD02FCCEF5CBA56.d.274361F29BE54AC5C0703BFF2C67BECF.e.5567/click - {}
RESULT: undefined
COMMAND: POST /session/448051c7250ae419f03110640913fd8d/execute/async - {"script":"<script> [6424 bytes]","args":[{"element-6066-11e4-a52e-4f735466cecf":"f.B5C2D4FD721985666FD02FCCEF5CBA56.d.274361F29BE54AC5C0703BFF2C67BECF.e.287"},"getTitle",[]]}
COMMAND: POST /session/448051c7250ae419f03110640913fd8d/execute/async - {"script":"<script> [1562 bytes]","args":[{"selector":{"id":"shellAppTitle"},"wdio_ui5_key":"shellAppTitle"}]}
RESULT: {"script":"<script> [1562 bytes]","args":[{"selector":{"id":"shellAppTitle"},"wdio_ui5_key":"shellAppTitle"}]}
COMMAND: POST /session/448051c7250ae419f03110640913fd8d/execute/async - {"script":"<script> [6424 bytes]","args":[{"element-6066-11e4-a52e-4f735466cecf":"f.B5C2D4FD721985666FD02FCCEF5CBA56.d.274361F29BE54AC5C0703BFF2C67BECF.e.5586"},"getTitle",[]]}
RESULT: {"script":"<script> [6424 bytes]","args":[{"element-6066-11e4-a52e-4f735466cecf":"f.B5C2D4FD721985666FD02FCCEF5CBA56.d.274361F29BE54AC5C0703BFF2C67BECF.e.5586"},"getTitle",[]]}
RESULT: undefined
COMMAND: POST /session/448051c7250ae419f03110640913fd8d/element/f.B5C2D4FD721985666FD02FCCEF5CBA56.d.274361F29BE54AC5C0703BFF2C67BECF.e.5565/click - {}
RESULT: {}
COMMAND: GET /session/448051c7250ae419f03110640913fd8d/screenshot - {}
RESULT: {}
]]></system-out>
    </testcase>
    <testcase classname="chrome.136_0_7103_93.windows.Sanity_Tests_US104253" name="Should open Manage Roles page" time="38.213">
      <system-out><![CDATA[
COMMAND: POST /session/448051c7250ae419f03110640913fd8d/execute/async - {"script":"<script> [1562 bytes]","args":[{"selector":{"controlType":"sap.m.GenericTile","properties":{"header":"Manage Roles"}},"wdio_ui5_key":"sapm.GenericTile{\"header\":\"Manage Roles\"}"}]}
RESULT: {"script":"<script> [1562 bytes]","args":[{"selector":{"controlType":"sap.m.GenericTile","properties":{"header":"Manage Roles"}},"wdio_ui5_key":"sapm.GenericTile{\"header\":\"Manage Roles\"}"}]}
RESULT: undefined
COMMAND: POST /session/448051c7250ae419f03110640913fd8d/element - {"using":"xpath","value":"//*[@id=\"__tile119\"]"}
RESULT: {"using":"xpath","value":"//*[@id=\"__tile119\"]"}
COMMAND: POST /session/448051c7250ae419f03110640913fd8d/element/f.B5C2D4FD721985666FD02FCCEF5CBA56.d.274361F29BE54AC5C0703BFF2C67BECF.e.5588/click - {}
RESULT: {}
COMMAND: GET /session/448051c7250ae419f03110640913fd8d/screenshot - {}
RESULT: {}
COMMAND: POST /session/448051c7250ae419f03110640913fd8d/elements - {"using":"xpath","value":"//span[text()='Error']"}
RESULT: {"using":"xpath","value":"//span[text()='Error']"}
RESULT: undefined
COMMAND: POST /session/448051c7250ae419f03110640913fd8d/element - {"using":"xpath","value":"//*[@id=\"__tile119\"]"}
RESULT: {"using":"xpath","value":"//*[@id=\"__tile119\"]"}
COMMAND: POST /session/448051c7250ae419f03110640913fd8d/element/f.B5C2D4FD721985666FD02FCCEF5CBA56.d.274361F29BE54AC5C0703BFF2C67BECF.e.5588/click - {}
RESULT: undefined
COMMAND: POST /session/448051c7250ae419f03110640913fd8d/element - {"using":"xpath","value":"//*[@id=\"__tile119\"]"}
RESULT: {"using":"xpath","value":"//*[@id=\"__tile119\"]"}
COMMAND: POST /session/448051c7250ae419f03110640913fd8d/element/f.B5C2D4FD721985666FD02FCCEF5CBA56.d.274361F29BE54AC5C0703BFF2C67BECF.e.5588/click - {}
RESULT: undefined
COMMAND: POST /session/448051c7250ae419f03110640913fd8d/execute/async - {"script":"<script> [6424 bytes]","args":[{"element-6066-11e4-a52e-4f735466cecf":"f.B5C2D4FD721985666FD02FCCEF5CBA56.d.274361F29BE54AC5C0703BFF2C67BECF.e.287"},"getTitle",[]]}
COMMAND: POST /session/448051c7250ae419f03110640913fd8d/execute/async - {"script":"<script> [1562 bytes]","args":[{"selector":{"id":"shellAppTitle"},"wdio_ui5_key":"shellAppTitle"}]}
RESULT: {"script":"<script> [1562 bytes]","args":[{"selector":{"id":"shellAppTitle"},"wdio_ui5_key":"shellAppTitle"}]}
COMMAND: POST /session/448051c7250ae419f03110640913fd8d/execute/async - {"script":"<script> [6424 bytes]","args":[{"element-6066-11e4-a52e-4f735466cecf":"f.B5C2D4FD721985666FD02FCCEF5CBA56.d.274361F29BE54AC5C0703BFF2C67BECF.e.5633"},"getTitle",[]]}
RESULT: {"script":"<script> [6424 bytes]","args":[{"element-6066-11e4-a52e-4f735466cecf":"f.B5C2D4FD721985666FD02FCCEF5CBA56.d.274361F29BE54AC5C0703BFF2C67BECF.e.5633"},"getTitle",[]]}
RESULT: undefined
COMMAND: POST /session/448051c7250ae419f03110640913fd8d/element/f.B5C2D4FD721985666FD02FCCEF5CBA56.d.274361F29BE54AC5C0703BFF2C67BECF.e.5565/click - {}
COMMAND: POST /session/448051c7250ae419f03110640913fd8d/element - {"using":"xpath","value":"//*[@id=\"backBtn\"]"}
RESULT: {"using":"xpath","value":"//*[@id=\"backBtn\"]"}
COMMAND: POST /session/448051c7250ae419f03110640913fd8d/element/f.B5C2D4FD721985666FD02FCCEF5CBA56.d.274361F29BE54AC5C0703BFF2C67BECF.e.5565/click - {}
COMMAND: POST /session/448051c7250ae419f03110640913fd8d/element - {"using":"xpath","value":"//*[@id=\"backBtn\"]"}
RESULT: {"using":"xpath","value":"//*[@id=\"backBtn\"]"}
COMMAND: POST /session/448051c7250ae419f03110640913fd8d/element/f.B5C2D4FD721985666FD02FCCEF5CBA56.d.274361F29BE54AC5C0703BFF2C67BECF.e.5634/click - {}
RESULT: {}
COMMAND: GET /session/448051c7250ae419f03110640913fd8d/screenshot - {}
RESULT: {}
]]></system-out>
    </testcase>
    <testcase classname="chrome.136_0_7103_93.windows.Sanity_Tests_US104253" name="Should open Authorization Tables page" time="37.151">
      <system-out><![CDATA[
COMMAND: POST /session/448051c7250ae419f03110640913fd8d/execute/async - {"script":"<script> [1562 bytes]","args":[{"selector":{"controlType":"sap.m.GenericTile","properties":{"header":"Authorization Tables"}},"wdio_ui5_key":"sapm.GenericTile{\"header\":\"Authorization Tables\"}"}]}
RESULT: {"script":"<script> [1562 bytes]","args":[{"selector":{"controlType":"sap.m.GenericTile","properties":{"header":"Authorization Tables"}},"wdio_ui5_key":"sapm.GenericTile{\"header\":\"Authorization Tables\"}"}]}
RESULT: undefined
COMMAND: POST /session/448051c7250ae419f03110640913fd8d/element - {"using":"xpath","value":"//*[@id=\"__tile118\"]"}
RESULT: {"using":"xpath","value":"//*[@id=\"__tile118\"]"}
COMMAND: POST /session/448051c7250ae419f03110640913fd8d/element/f.B5C2D4FD721985666FD02FCCEF5CBA56.d.274361F29BE54AC5C0703BFF2C67BECF.e.5636/click - {}
RESULT: {}
COMMAND: GET /session/448051c7250ae419f03110640913fd8d/screenshot - {}
RESULT: {}
COMMAND: POST /session/448051c7250ae419f03110640913fd8d/elements - {"using":"xpath","value":"//span[text()='Error']"}
RESULT: {"using":"xpath","value":"//span[text()='Error']"}
RESULT: undefined
COMMAND: POST /session/448051c7250ae419f03110640913fd8d/element - {"using":"xpath","value":"//*[@id=\"__tile118\"]"}
RESULT: {"using":"xpath","value":"//*[@id=\"__tile118\"]"}
COMMAND: POST /session/448051c7250ae419f03110640913fd8d/element/f.B5C2D4FD721985666FD02FCCEF5CBA56.d.274361F29BE54AC5C0703BFF2C67BECF.e.5636/click - {}
RESULT: undefined
COMMAND: POST /session/448051c7250ae419f03110640913fd8d/element - {"using":"xpath","value":"//*[@id=\"__tile118\"]"}
RESULT: {"using":"xpath","value":"//*[@id=\"__tile118\"]"}
COMMAND: POST /session/448051c7250ae419f03110640913fd8d/element/f.B5C2D4FD721985666FD02FCCEF5CBA56.d.274361F29BE54AC5C0703BFF2C67BECF.e.5636/click - {}
RESULT: undefined
COMMAND: POST /session/448051c7250ae419f03110640913fd8d/execute/async - {"script":"<script> [6424 bytes]","args":[{"element-6066-11e4-a52e-4f735466cecf":"f.B5C2D4FD721985666FD02FCCEF5CBA56.d.274361F29BE54AC5C0703BFF2C67BECF.e.287"},"getTitle",[]]}
COMMAND: POST /session/448051c7250ae419f03110640913fd8d/execute/async - {"script":"<script> [1562 bytes]","args":[{"selector":{"id":"shellAppTitle"},"wdio_ui5_key":"shellAppTitle"}]}
RESULT: {"script":"<script> [1562 bytes]","args":[{"selector":{"id":"shellAppTitle"},"wdio_ui5_key":"shellAppTitle"}]}
COMMAND: POST /session/448051c7250ae419f03110640913fd8d/execute/async - {"script":"<script> [6424 bytes]","args":[{"element-6066-11e4-a52e-4f735466cecf":"f.B5C2D4FD721985666FD02FCCEF5CBA56.d.274361F29BE54AC5C0703BFF2C67BECF.e.5725"},"getTitle",[]]}
RESULT: {"script":"<script> [6424 bytes]","args":[{"element-6066-11e4-a52e-4f735466cecf":"f.B5C2D4FD721985666FD02FCCEF5CBA56.d.274361F29BE54AC5C0703BFF2C67BECF.e.5725"},"getTitle",[]]}
RESULT: undefined
COMMAND: POST /session/448051c7250ae419f03110640913fd8d/element/f.B5C2D4FD721985666FD02FCCEF5CBA56.d.274361F29BE54AC5C0703BFF2C67BECF.e.5634/click - {}
RESULT: {}
COMMAND: GET /session/448051c7250ae419f03110640913fd8d/screenshot - {}
RESULT: {}
]]></system-out>
    </testcase>
    <testcase classname="chrome.136_0_7103_93.windows.Sanity_Tests_US104253" name="Should open User Maintenance page" time="36.522">
      <system-out><![CDATA[
COMMAND: POST /session/448051c7250ae419f03110640913fd8d/execute/async - {"script":"<script> [1562 bytes]","args":[{"selector":{"controlType":"sap.m.GenericTile","properties":{"header":"User Maintenance"}},"wdio_ui5_key":"sapm.GenericTile{\"header\":\"User Maintenance\"}"}]}
RESULT: {"script":"<script> [1562 bytes]","args":[{"selector":{"controlType":"sap.m.GenericTile","properties":{"header":"User Maintenance"}},"wdio_ui5_key":"sapm.GenericTile{\"header\":\"User Maintenance\"}"}]}
RESULT: undefined
COMMAND: POST /session/448051c7250ae419f03110640913fd8d/element - {"using":"xpath","value":"//*[@id=\"__tile121\"]"}
RESULT: {"using":"xpath","value":"//*[@id=\"__tile121\"]"}
COMMAND: POST /session/448051c7250ae419f03110640913fd8d/element/f.B5C2D4FD721985666FD02FCCEF5CBA56.d.274361F29BE54AC5C0703BFF2C67BECF.e.5727/click - {}
RESULT: {}
COMMAND: GET /session/448051c7250ae419f03110640913fd8d/screenshot - {}
RESULT: {}
COMMAND: POST /session/448051c7250ae419f03110640913fd8d/elements - {"using":"xpath","value":"//span[text()='Error']"}
RESULT: {"using":"xpath","value":"//span[text()='Error']"}
RESULT: undefined
COMMAND: POST /session/448051c7250ae419f03110640913fd8d/element - {"using":"xpath","value":"//*[@id=\"__tile121\"]"}
RESULT: {"using":"xpath","value":"//*[@id=\"__tile121\"]"}
COMMAND: POST /session/448051c7250ae419f03110640913fd8d/element/f.B5C2D4FD721985666FD02FCCEF5CBA56.d.274361F29BE54AC5C0703BFF2C67BECF.e.5727/click - {}
RESULT: undefined
COMMAND: POST /session/448051c7250ae419f03110640913fd8d/element - {"using":"xpath","value":"//*[@id=\"__tile121\"]"}
RESULT: {"using":"xpath","value":"//*[@id=\"__tile121\"]"}
COMMAND: POST /session/448051c7250ae419f03110640913fd8d/element/f.B5C2D4FD721985666FD02FCCEF5CBA56.d.274361F29BE54AC5C0703BFF2C67BECF.e.5727/click - {}
RESULT: undefined
COMMAND: POST /session/448051c7250ae419f03110640913fd8d/execute/async - {"script":"<script> [6424 bytes]","args":[{"element-6066-11e4-a52e-4f735466cecf":"f.B5C2D4FD721985666FD02FCCEF5CBA56.d.274361F29BE54AC5C0703BFF2C67BECF.e.287"},"getTitle",[]]}
COMMAND: POST /session/448051c7250ae419f03110640913fd8d/execute/async - {"script":"<script> [1562 bytes]","args":[{"selector":{"id":"shellAppTitle"},"wdio_ui5_key":"shellAppTitle"}]}
RESULT: {"script":"<script> [1562 bytes]","args":[{"selector":{"id":"shellAppTitle"},"wdio_ui5_key":"shellAppTitle"}]}
COMMAND: POST /session/448051c7250ae419f03110640913fd8d/execute/async - {"script":"<script> [6424 bytes]","args":[{"element-6066-11e4-a52e-4f735466cecf":"f.B5C2D4FD721985666FD02FCCEF5CBA56.d.274361F29BE54AC5C0703BFF2C67BECF.e.5821"},"getTitle",[]]}
RESULT: {"script":"<script> [6424 bytes]","args":[{"element-6066-11e4-a52e-4f735466cecf":"f.B5C2D4FD721985666FD02FCCEF5CBA56.d.274361F29BE54AC5C0703BFF2C67BECF.e.5821"},"getTitle",[]]}
RESULT: undefined
COMMAND: POST /session/448051c7250ae419f03110640913fd8d/element/f.B5C2D4FD721985666FD02FCCEF5CBA56.d.274361F29BE54AC5C0703BFF2C67BECF.e.5634/click - {}
COMMAND: POST /session/448051c7250ae419f03110640913fd8d/element - {"using":"xpath","value":"//*[@id=\"backBtn\"]"}
RESULT: {"using":"xpath","value":"//*[@id=\"backBtn\"]"}
COMMAND: POST /session/448051c7250ae419f03110640913fd8d/element/f.B5C2D4FD721985666FD02FCCEF5CBA56.d.274361F29BE54AC5C0703BFF2C67BECF.e.5634/click - {}
COMMAND: POST /session/448051c7250ae419f03110640913fd8d/element - {"using":"xpath","value":"//*[@id=\"backBtn\"]"}
RESULT: {"using":"xpath","value":"//*[@id=\"backBtn\"]"}
COMMAND: POST /session/448051c7250ae419f03110640913fd8d/element/f.B5C2D4FD721985666FD02FCCEF5CBA56.d.274361F29BE54AC5C0703BFF2C67BECF.e.5822/click - {}
RESULT: {}
COMMAND: GET /session/448051c7250ae419f03110640913fd8d/screenshot - {}
RESULT: {}
]]></system-out>
    </testcase>
    <testcase classname="chrome.136_0_7103_93.windows.Sanity_Tests_US104253" name="Should open Schedule Jobs page" time="37.429">
      <system-out><![CDATA[
COMMAND: POST /session/448051c7250ae419f03110640913fd8d/execute/async - {"script":"<script> [1562 bytes]","args":[{"selector":{"controlType":"sap.m.GenericTile","properties":{"header":"Schedule Jobs"}},"wdio_ui5_key":"sapm.GenericTile{\"header\":\"Schedule Jobs\"}"}]}
RESULT: {"script":"<script> [1562 bytes]","args":[{"selector":{"controlType":"sap.m.GenericTile","properties":{"header":"Schedule Jobs"}},"wdio_ui5_key":"sapm.GenericTile{\"header\":\"Schedule Jobs\"}"}]}
RESULT: undefined
COMMAND: POST /session/448051c7250ae419f03110640913fd8d/element - {"using":"xpath","value":"//*[@id=\"__tile127\"]"}
RESULT: {"using":"xpath","value":"//*[@id=\"__tile127\"]"}
COMMAND: POST /session/448051c7250ae419f03110640913fd8d/element/f.B5C2D4FD721985666FD02FCCEF5CBA56.d.274361F29BE54AC5C0703BFF2C67BECF.e.5826/click - {}
RESULT: {}
COMMAND: GET /session/448051c7250ae419f03110640913fd8d/screenshot - {}
RESULT: {}
COMMAND: POST /session/448051c7250ae419f03110640913fd8d/elements - {"using":"xpath","value":"//span[text()='Error']"}
RESULT: {"using":"xpath","value":"//span[text()='Error']"}
RESULT: undefined
COMMAND: POST /session/448051c7250ae419f03110640913fd8d/element - {"using":"xpath","value":"//*[@id=\"__tile127\"]"}
RESULT: {"using":"xpath","value":"//*[@id=\"__tile127\"]"}
COMMAND: POST /session/448051c7250ae419f03110640913fd8d/element/f.B5C2D4FD721985666FD02FCCEF5CBA56.d.274361F29BE54AC5C0703BFF2C67BECF.e.5826/click - {}
RESULT: undefined
COMMAND: POST /session/448051c7250ae419f03110640913fd8d/element - {"using":"xpath","value":"//*[@id=\"__tile127\"]"}
RESULT: {"using":"xpath","value":"//*[@id=\"__tile127\"]"}
COMMAND: POST /session/448051c7250ae419f03110640913fd8d/element/f.B5C2D4FD721985666FD02FCCEF5CBA56.d.274361F29BE54AC5C0703BFF2C67BECF.e.5826/click - {}
RESULT: undefined
COMMAND: POST /session/448051c7250ae419f03110640913fd8d/execute/async - {"script":"<script> [6424 bytes]","args":[{"element-6066-11e4-a52e-4f735466cecf":"f.B5C2D4FD721985666FD02FCCEF5CBA56.d.274361F29BE54AC5C0703BFF2C67BECF.e.287"},"getTitle",[]]}
COMMAND: POST /session/448051c7250ae419f03110640913fd8d/execute/async - {"script":"<script> [1562 bytes]","args":[{"selector":{"id":"shellAppTitle"},"wdio_ui5_key":"shellAppTitle"}]}
RESULT: {"script":"<script> [1562 bytes]","args":[{"selector":{"id":"shellAppTitle"},"wdio_ui5_key":"shellAppTitle"}]}
COMMAND: POST /session/448051c7250ae419f03110640913fd8d/execute/async - {"script":"<script> [6424 bytes]","args":[{"element-6066-11e4-a52e-4f735466cecf":"f.B5C2D4FD721985666FD02FCCEF5CBA56.d.274361F29BE54AC5C0703BFF2C67BECF.e.5871"},"getTitle",[]]}
RESULT: {"script":"<script> [6424 bytes]","args":[{"element-6066-11e4-a52e-4f735466cecf":"f.B5C2D4FD721985666FD02FCCEF5CBA56.d.274361F29BE54AC5C0703BFF2C67BECF.e.5871"},"getTitle",[]]}
RESULT: undefined
COMMAND: POST /session/448051c7250ae419f03110640913fd8d/element/f.B5C2D4FD721985666FD02FCCEF5CBA56.d.274361F29BE54AC5C0703BFF2C67BECF.e.5822/click - {}
COMMAND: POST /session/448051c7250ae419f03110640913fd8d/element/f.B5C2D4FD721985666FD02FCCEF5CBA56.d.274361F29BE54AC5C0703BFF2C67BECF.e.5822/click - {}
RESULT: {}
COMMAND: GET /session/448051c7250ae419f03110640913fd8d/screenshot - {}
COMMAND: POST /session/448051c7250ae419f03110640913fd8d/element - {"using":"xpath","value":"//*[@id=\"backBtn\"]"}
RESULT: {}
RESULT: {"using":"xpath","value":"//*[@id=\"backBtn\"]"}
COMMAND: POST /session/448051c7250ae419f03110640913fd8d/elements - {"using":"xpath","value":"//*[@id=\"backBtn\"]"}
RESULT: {"using":"xpath","value":"//*[@id=\"backBtn\"]"}
COMMAND: POST /session/448051c7250ae419f03110640913fd8d/elements - {"using":"xpath","value":"//*[@id=\"backBtn\"]"}
RESULT: {"using":"xpath","value":"//*[@id=\"backBtn\"]"}
COMMAND: POST /session/448051c7250ae419f03110640913fd8d/elements - {"using":"xpath","value":"//*[@id=\"backBtn\"]"}
RESULT: {"using":"xpath","value":"//*[@id=\"backBtn\"]"}
COMMAND: POST /session/448051c7250ae419f03110640913fd8d/elements - {"using":"xpath","value":"//*[@id=\"backBtn\"]"}
RESULT: {"using":"xpath","value":"//*[@id=\"backBtn\"]"}
COMMAND: POST /session/448051c7250ae419f03110640913fd8d/elements - {"using":"xpath","value":"//*[@id=\"backBtn\"]"}
RESULT: {"using":"xpath","value":"//*[@id=\"backBtn\"]"}
COMMAND: POST /session/448051c7250ae419f03110640913fd8d/elements - {"using":"xpath","value":"//*[@id=\"backBtn\"]"}
RESULT: {"using":"xpath","value":"//*[@id=\"backBtn\"]"}
COMMAND: POST /session/448051c7250ae419f03110640913fd8d/elements - {"using":"xpath","value":"//*[@id=\"backBtn\"]"}
RESULT: {"using":"xpath","value":"//*[@id=\"backBtn\"]"}
COMMAND: POST /session/448051c7250ae419f03110640913fd8d/elements - {"using":"xpath","value":"//*[@id=\"backBtn\"]"}
RESULT: {"using":"xpath","value":"//*[@id=\"backBtn\"]"}
COMMAND: POST /session/448051c7250ae419f03110640913fd8d/elements - {"using":"xpath","value":"//*[@id=\"backBtn\"]"}
RESULT: {"using":"xpath","value":"//*[@id=\"backBtn\"]"}
COMMAND: POST /session/448051c7250ae419f03110640913fd8d/elements - {"using":"xpath","value":"//*[@id=\"backBtn\"]"}
RESULT: {"using":"xpath","value":"//*[@id=\"backBtn\"]"}
COMMAND: POST /session/448051c7250ae419f03110640913fd8d/elements - {"using":"xpath","value":"//*[@id=\"backBtn\"]"}
RESULT: {"using":"xpath","value":"//*[@id=\"backBtn\"]"}
COMMAND: POST /session/448051c7250ae419f03110640913fd8d/elements - {"using":"xpath","value":"//*[@id=\"backBtn\"]"}
RESULT: {"using":"xpath","value":"//*[@id=\"backBtn\"]"}
COMMAND: POST /session/448051c7250ae419f03110640913fd8d/elements - {"using":"xpath","value":"//*[@id=\"backBtn\"]"}
RESULT: {"using":"xpath","value":"//*[@id=\"backBtn\"]"}
COMMAND: POST /session/448051c7250ae419f03110640913fd8d/elements - {"using":"xpath","value":"//*[@id=\"backBtn\"]"}
RESULT: {"using":"xpath","value":"//*[@id=\"backBtn\"]"}
COMMAND: POST /session/448051c7250ae419f03110640913fd8d/elements - {"using":"xpath","value":"//*[@id=\"backBtn\"]"}
RESULT: {"using":"xpath","value":"//*[@id=\"backBtn\"]"}
COMMAND: POST /session/448051c7250ae419f03110640913fd8d/elements - {"using":"xpath","value":"//*[@id=\"backBtn\"]"}
RESULT: {"using":"xpath","value":"//*[@id=\"backBtn\"]"}
COMMAND: POST /session/448051c7250ae419f03110640913fd8d/elements - {"using":"xpath","value":"//*[@id=\"backBtn\"]"}
RESULT: {"using":"xpath","value":"//*[@id=\"backBtn\"]"}
COMMAND: POST /session/448051c7250ae419f03110640913fd8d/elements - {"using":"xpath","value":"//*[@id=\"backBtn\"]"}
RESULT: {"using":"xpath","value":"//*[@id=\"backBtn\"]"}
COMMAND: POST /session/448051c7250ae419f03110640913fd8d/elements - {"using":"xpath","value":"//*[@id=\"backBtn\"]"}
RESULT: {"using":"xpath","value":"//*[@id=\"backBtn\"]"}
]]></system-out>
    </testcase>
    <testcase classname="chrome.136_0_7103_93.windows.Sanity_Tests_US104253" name="Should open Jobs Setup page" time="36.159">
      <system-out><![CDATA[
COMMAND: POST /session/448051c7250ae419f03110640913fd8d/execute/async - {"script":"<script> [1562 bytes]","args":[{"selector":{"controlType":"sap.m.GenericTile","properties":{"header":"Jobs Setup"}},"wdio_ui5_key":"sapm.GenericTile{\"header\":\"Jobs Setup\"}"}]}
COMMAND: POST /session/448051c7250ae419f03110640913fd8d/elements - {"using":"xpath","value":"//*[@id=\"backBtn\"]"}
RESULT: {"script":"<script> [1562 bytes]","args":[{"selector":{"controlType":"sap.m.GenericTile","properties":{"header":"Jobs Setup"}},"wdio_ui5_key":"sapm.GenericTile{\"header\":\"Jobs Setup\"}"}]}
RESULT: undefined
COMMAND: POST /session/448051c7250ae419f03110640913fd8d/element - {"using":"xpath","value":"//*[@id=\"__tile128\"]"}
RESULT: {"using":"xpath","value":"//*[@id=\"backBtn\"]"}
RESULT: {"using":"xpath","value":"//*[@id=\"__tile128\"]"}
COMMAND: POST /session/448051c7250ae419f03110640913fd8d/element/f.B5C2D4FD721985666FD02FCCEF5CBA56.d.274361F29BE54AC5C0703BFF2C67BECF.e.5873/click - {}
COMMAND: POST /session/448051c7250ae419f03110640913fd8d/elements - {"using":"xpath","value":"//*[@id=\"backBtn\"]"}
RESULT: {}
COMMAND: GET /session/448051c7250ae419f03110640913fd8d/screenshot - {}
RESULT: {"using":"xpath","value":"//*[@id=\"backBtn\"]"}
COMMAND: POST /session/448051c7250ae419f03110640913fd8d/elements - {"using":"xpath","value":"//*[@id=\"backBtn\"]"}
RESULT: {}
RESULT: {"using":"xpath","value":"//*[@id=\"backBtn\"]"}
COMMAND: POST /session/448051c7250ae419f03110640913fd8d/element - {"using":"xpath","value":"//*[@id=\"backBtn\"]"}
RESULT: {"using":"xpath","value":"//*[@id=\"backBtn\"]"}
COMMAND: POST /session/448051c7250ae419f03110640913fd8d/element/f.B5C2D4FD721985666FD02FCCEF5CBA56.d.274361F29BE54AC5C0703BFF2C67BECF.e.5822/click - {}
COMMAND: POST /session/448051c7250ae419f03110640913fd8d/element - {"using":"xpath","value":"//*[@id=\"backBtn\"]"}
RESULT: {"using":"xpath","value":"//*[@id=\"backBtn\"]"}
COMMAND: POST /session/448051c7250ae419f03110640913fd8d/element/f.B5C2D4FD721985666FD02FCCEF5CBA56.d.274361F29BE54AC5C0703BFF2C67BECF.e.6066/click - {}
RESULT: {}
COMMAND: GET /session/448051c7250ae419f03110640913fd8d/screenshot - {}
RESULT: {}
COMMAND: POST /session/448051c7250ae419f03110640913fd8d/elements - {"using":"xpath","value":"//span[text()='Error']"}
RESULT: {"using":"xpath","value":"//span[text()='Error']"}
RESULT: undefined
COMMAND: POST /session/448051c7250ae419f03110640913fd8d/element - {"using":"xpath","value":"//*[@id=\"__tile128\"]"}
RESULT: {"using":"xpath","value":"//*[@id=\"__tile128\"]"}
COMMAND: POST /session/448051c7250ae419f03110640913fd8d/element/f.B5C2D4FD721985666FD02FCCEF5CBA56.d.274361F29BE54AC5C0703BFF2C67BECF.e.5873/click - {}
RESULT: undefined
COMMAND: POST /session/448051c7250ae419f03110640913fd8d/element - {"using":"xpath","value":"//*[@id=\"__tile128\"]"}
RESULT: {"using":"xpath","value":"//*[@id=\"__tile128\"]"}
COMMAND: POST /session/448051c7250ae419f03110640913fd8d/element/f.B5C2D4FD721985666FD02FCCEF5CBA56.d.274361F29BE54AC5C0703BFF2C67BECF.e.5873/click - {}
RESULT: undefined
COMMAND: POST /session/448051c7250ae419f03110640913fd8d/execute/async - {"script":"<script> [6424 bytes]","args":[{"element-6066-11e4-a52e-4f735466cecf":"f.B5C2D4FD721985666FD02FCCEF5CBA56.d.274361F29BE54AC5C0703BFF2C67BECF.e.287"},"getTitle",[]]}
COMMAND: POST /session/448051c7250ae419f03110640913fd8d/execute/async - {"script":"<script> [1562 bytes]","args":[{"selector":{"id":"shellAppTitle"},"wdio_ui5_key":"shellAppTitle"}]}
RESULT: {"script":"<script> [1562 bytes]","args":[{"selector":{"id":"shellAppTitle"},"wdio_ui5_key":"shellAppTitle"}]}
COMMAND: POST /session/448051c7250ae419f03110640913fd8d/execute/async - {"script":"<script> [6424 bytes]","args":[{"element-6066-11e4-a52e-4f735466cecf":"f.B5C2D4FD721985666FD02FCCEF5CBA56.d.274361F29BE54AC5C0703BFF2C67BECF.e.6067"},"getTitle",[]]}
RESULT: {"script":"<script> [6424 bytes]","args":[{"element-6066-11e4-a52e-4f735466cecf":"f.B5C2D4FD721985666FD02FCCEF5CBA56.d.274361F29BE54AC5C0703BFF2C67BECF.e.6067"},"getTitle",[]]}
RESULT: undefined
COMMAND: POST /session/448051c7250ae419f03110640913fd8d/element/f.B5C2D4FD721985666FD02FCCEF5CBA56.d.274361F29BE54AC5C0703BFF2C67BECF.e.6066/click - {}
COMMAND: POST /session/448051c7250ae419f03110640913fd8d/element/f.B5C2D4FD721985666FD02FCCEF5CBA56.d.274361F29BE54AC5C0703BFF2C67BECF.e.6066/click - {}
RESULT: {}
COMMAND: GET /session/448051c7250ae419f03110640913fd8d/screenshot - {}
RESULT: {}
COMMAND: GET /session/448051c7250ae419f03110640913fd8d/screenshot - {}
RESULT: {}
RESULT: {}
]]></system-out>
    </testcase>
    <testcase classname="chrome.136_0_7103_93.windows.Sanity_Tests_US104253" name="Should open Target Systems Configuration page" time="38.622">
      <system-out><![CDATA[
COMMAND: POST /session/448051c7250ae419f03110640913fd8d/execute/async - {"script":"<script> [1562 bytes]","args":[{"selector":{"controlType":"sap.m.GenericTile","properties":{"header":"Target Systems Configuration"}},"wdio_ui5_key":"sapm.GenericTile{\"header\":\"Target Systems Configuration\"}"}]}
RESULT: {"script":"<script> [1562 bytes]","args":[{"selector":{"controlType":"sap.m.GenericTile","properties":{"header":"Target Systems Configuration"}},"wdio_ui5_key":"sapm.GenericTile{\"header\":\"Target Systems Configuration\"}"}]}
RESULT: undefined
COMMAND: POST /session/448051c7250ae419f03110640913fd8d/element - {"using":"xpath","value":"//*[@id=\"__tile129\"]"}
RESULT: {"using":"xpath","value":"//*[@id=\"__tile129\"]"}
COMMAND: POST /session/448051c7250ae419f03110640913fd8d/element/f.B5C2D4FD721985666FD02FCCEF5CBA56.d.274361F29BE54AC5C0703BFF2C67BECF.e.6069/click - {}
RESULT: {}
COMMAND: GET /session/448051c7250ae419f03110640913fd8d/screenshot - {}
RESULT: {}
COMMAND: POST /session/448051c7250ae419f03110640913fd8d/elements - {"using":"xpath","value":"//span[text()='Error']"}
RESULT: {"using":"xpath","value":"//span[text()='Error']"}
RESULT: undefined
COMMAND: POST /session/448051c7250ae419f03110640913fd8d/element - {"using":"xpath","value":"//*[@id=\"__tile129\"]"}
RESULT: {"using":"xpath","value":"//*[@id=\"__tile129\"]"}
COMMAND: POST /session/448051c7250ae419f03110640913fd8d/element/f.B5C2D4FD721985666FD02FCCEF5CBA56.d.274361F29BE54AC5C0703BFF2C67BECF.e.6069/click - {}
RESULT: undefined
COMMAND: POST /session/448051c7250ae419f03110640913fd8d/element - {"using":"xpath","value":"//*[@id=\"__tile129\"]"}
RESULT: {"using":"xpath","value":"//*[@id=\"__tile129\"]"}
COMMAND: POST /session/448051c7250ae419f03110640913fd8d/element/f.B5C2D4FD721985666FD02FCCEF5CBA56.d.274361F29BE54AC5C0703BFF2C67BECF.e.6069/click - {}
RESULT: undefined
COMMAND: POST /session/448051c7250ae419f03110640913fd8d/execute/async - {"script":"<script> [6424 bytes]","args":[{"element-6066-11e4-a52e-4f735466cecf":"f.B5C2D4FD721985666FD02FCCEF5CBA56.d.274361F29BE54AC5C0703BFF2C67BECF.e.287"},"getTitle",[]]}
COMMAND: POST /session/448051c7250ae419f03110640913fd8d/execute/async - {"script":"<script> [1562 bytes]","args":[{"selector":{"id":"shellAppTitle"},"wdio_ui5_key":"shellAppTitle"}]}
RESULT: {"script":"<script> [1562 bytes]","args":[{"selector":{"id":"shellAppTitle"},"wdio_ui5_key":"shellAppTitle"}]}
COMMAND: POST /session/448051c7250ae419f03110640913fd8d/execute/async - {"script":"<script> [6424 bytes]","args":[{"element-6066-11e4-a52e-4f735466cecf":"f.B5C2D4FD721985666FD02FCCEF5CBA56.d.274361F29BE54AC5C0703BFF2C67BECF.e.6142"},"getTitle",[]]}
RESULT: {"script":"<script> [6424 bytes]","args":[{"element-6066-11e4-a52e-4f735466cecf":"f.B5C2D4FD721985666FD02FCCEF5CBA56.d.274361F29BE54AC5C0703BFF2C67BECF.e.6142"},"getTitle",[]]}
RESULT: undefined
COMMAND: POST /session/448051c7250ae419f03110640913fd8d/element/f.B5C2D4FD721985666FD02FCCEF5CBA56.d.274361F29BE54AC5C0703BFF2C67BECF.e.6066/click - {}
COMMAND: POST /session/448051c7250ae419f03110640913fd8d/element/f.B5C2D4FD721985666FD02FCCEF5CBA56.d.274361F29BE54AC5C0703BFF2C67BECF.e.6066/click - {}
RESULT: {}
COMMAND: GET /session/448051c7250ae419f03110640913fd8d/screenshot - {}
COMMAND: POST /session/448051c7250ae419f03110640913fd8d/element - {"using":"xpath","value":"//*[@id=\"backBtn\"]"}
RESULT: {}
RESULT: {"using":"xpath","value":"//*[@id=\"backBtn\"]"}
COMMAND: POST /session/448051c7250ae419f03110640913fd8d/elements - {"using":"xpath","value":"//*[@id=\"backBtn\"]"}
RESULT: {"using":"xpath","value":"//*[@id=\"backBtn\"]"}
COMMAND: POST /session/448051c7250ae419f03110640913fd8d/elements - {"using":"xpath","value":"//*[@id=\"backBtn\"]"}
RESULT: {"using":"xpath","value":"//*[@id=\"backBtn\"]"}
COMMAND: POST /session/448051c7250ae419f03110640913fd8d/elements - {"using":"xpath","value":"//*[@id=\"backBtn\"]"}
RESULT: {"using":"xpath","value":"//*[@id=\"backBtn\"]"}
COMMAND: POST /session/448051c7250ae419f03110640913fd8d/elements - {"using":"xpath","value":"//*[@id=\"backBtn\"]"}
RESULT: {"using":"xpath","value":"//*[@id=\"backBtn\"]"}
COMMAND: POST /session/448051c7250ae419f03110640913fd8d/elements - {"using":"xpath","value":"//*[@id=\"backBtn\"]"}
RESULT: {"using":"xpath","value":"//*[@id=\"backBtn\"]"}
COMMAND: POST /session/448051c7250ae419f03110640913fd8d/elements - {"using":"xpath","value":"//*[@id=\"backBtn\"]"}
RESULT: {"using":"xpath","value":"//*[@id=\"backBtn\"]"}
COMMAND: POST /session/448051c7250ae419f03110640913fd8d/elements - {"using":"xpath","value":"//*[@id=\"backBtn\"]"}
RESULT: {"using":"xpath","value":"//*[@id=\"backBtn\"]"}
COMMAND: POST /session/448051c7250ae419f03110640913fd8d/elements - {"using":"xpath","value":"//*[@id=\"backBtn\"]"}
RESULT: {"using":"xpath","value":"//*[@id=\"backBtn\"]"}
COMMAND: POST /session/448051c7250ae419f03110640913fd8d/elements - {"using":"xpath","value":"//*[@id=\"backBtn\"]"}
RESULT: {"using":"xpath","value":"//*[@id=\"backBtn\"]"}
COMMAND: POST /session/448051c7250ae419f03110640913fd8d/elements - {"using":"xpath","value":"//*[@id=\"backBtn\"]"}
RESULT: {"using":"xpath","value":"//*[@id=\"backBtn\"]"}
COMMAND: POST /session/448051c7250ae419f03110640913fd8d/elements - {"using":"xpath","value":"//*[@id=\"backBtn\"]"}
RESULT: {"using":"xpath","value":"//*[@id=\"backBtn\"]"}
COMMAND: POST /session/448051c7250ae419f03110640913fd8d/elements - {"using":"xpath","value":"//*[@id=\"backBtn\"]"}
RESULT: {"using":"xpath","value":"//*[@id=\"backBtn\"]"}
COMMAND: POST /session/448051c7250ae419f03110640913fd8d/elements - {"using":"xpath","value":"//*[@id=\"backBtn\"]"}
RESULT: {"using":"xpath","value":"//*[@id=\"backBtn\"]"}
COMMAND: POST /session/448051c7250ae419f03110640913fd8d/elements - {"using":"xpath","value":"//*[@id=\"backBtn\"]"}
RESULT: {"using":"xpath","value":"//*[@id=\"backBtn\"]"}
COMMAND: POST /session/448051c7250ae419f03110640913fd8d/elements - {"using":"xpath","value":"//*[@id=\"backBtn\"]"}
RESULT: {"using":"xpath","value":"//*[@id=\"backBtn\"]"}
COMMAND: POST /session/448051c7250ae419f03110640913fd8d/elements - {"using":"xpath","value":"//*[@id=\"backBtn\"]"}
RESULT: {"using":"xpath","value":"//*[@id=\"backBtn\"]"}
COMMAND: POST /session/448051c7250ae419f03110640913fd8d/elements - {"using":"xpath","value":"//*[@id=\"backBtn\"]"}
RESULT: {"using":"xpath","value":"//*[@id=\"backBtn\"]"}
COMMAND: POST /session/448051c7250ae419f03110640913fd8d/elements - {"using":"xpath","value":"//*[@id=\"backBtn\"]"}
RESULT: {"using":"xpath","value":"//*[@id=\"backBtn\"]"}
COMMAND: POST /session/448051c7250ae419f03110640913fd8d/elements - {"using":"xpath","value":"//*[@id=\"backBtn\"]"}
RESULT: {"using":"xpath","value":"//*[@id=\"backBtn\"]"}
COMMAND: POST /session/448051c7250ae419f03110640913fd8d/elements - {"using":"xpath","value":"//*[@id=\"backBtn\"]"}
RESULT: {"using":"xpath","value":"//*[@id=\"backBtn\"]"}
COMMAND: POST /session/448051c7250ae419f03110640913fd8d/elements - {"using":"xpath","value":"//*[@id=\"backBtn\"]"}
RESULT: {"using":"xpath","value":"//*[@id=\"backBtn\"]"}
COMMAND: POST /session/448051c7250ae419f03110640913fd8d/elements - {"using":"xpath","value":"//*[@id=\"backBtn\"]"}
RESULT: {"using":"xpath","value":"//*[@id=\"backBtn\"]"}
COMMAND: POST /session/448051c7250ae419f03110640913fd8d/elements - {"using":"xpath","value":"//*[@id=\"backBtn\"]"}
RESULT: {"using":"xpath","value":"//*[@id=\"backBtn\"]"}
COMMAND: POST /session/448051c7250ae419f03110640913fd8d/elements - {"using":"xpath","value":"//*[@id=\"backBtn\"]"}
RESULT: {"using":"xpath","value":"//*[@id=\"backBtn\"]"}
COMMAND: POST /session/448051c7250ae419f03110640913fd8d/elements - {"using":"xpath","value":"//*[@id=\"backBtn\"]"}
RESULT: {"using":"xpath","value":"//*[@id=\"backBtn\"]"}
COMMAND: POST /session/448051c7250ae419f03110640913fd8d/elements - {"using":"xpath","value":"//*[@id=\"backBtn\"]"}
RESULT: {"using":"xpath","value":"//*[@id=\"backBtn\"]"}
COMMAND: POST /session/448051c7250ae419f03110640913fd8d/elements - {"using":"xpath","value":"//*[@id=\"backBtn\"]"}
RESULT: {"using":"xpath","value":"//*[@id=\"backBtn\"]"}
COMMAND: POST /session/448051c7250ae419f03110640913fd8d/elements - {"using":"xpath","value":"//*[@id=\"backBtn\"]"}
RESULT: {"using":"xpath","value":"//*[@id=\"backBtn\"]"}
COMMAND: POST /session/448051c7250ae419f03110640913fd8d/elements - {"using":"xpath","value":"//*[@id=\"backBtn\"]"}
RESULT: {"using":"xpath","value":"//*[@id=\"backBtn\"]"}
COMMAND: POST /session/448051c7250ae419f03110640913fd8d/elements - {"using":"xpath","value":"//*[@id=\"backBtn\"]"}
RESULT: {"using":"xpath","value":"//*[@id=\"backBtn\"]"}
COMMAND: POST /session/448051c7250ae419f03110640913fd8d/elements - {"using":"xpath","value":"//*[@id=\"backBtn\"]"}
RESULT: {"using":"xpath","value":"//*[@id=\"backBtn\"]"}
COMMAND: POST /session/448051c7250ae419f03110640913fd8d/elements - {"using":"xpath","value":"//*[@id=\"backBtn\"]"}
RESULT: {"using":"xpath","value":"//*[@id=\"backBtn\"]"}
COMMAND: POST /session/448051c7250ae419f03110640913fd8d/elements - {"using":"xpath","value":"//*[@id=\"backBtn\"]"}
RESULT: {"using":"xpath","value":"//*[@id=\"backBtn\"]"}
COMMAND: POST /session/448051c7250ae419f03110640913fd8d/elements - {"using":"xpath","value":"//*[@id=\"backBtn\"]"}
RESULT: {"using":"xpath","value":"//*[@id=\"backBtn\"]"}
COMMAND: POST /session/448051c7250ae419f03110640913fd8d/elements - {"using":"xpath","value":"//*[@id=\"backBtn\"]"}
RESULT: {"using":"xpath","value":"//*[@id=\"backBtn\"]"}
COMMAND: POST /session/448051c7250ae419f03110640913fd8d/elements - {"using":"xpath","value":"//*[@id=\"backBtn\"]"}
RESULT: {"using":"xpath","value":"//*[@id=\"backBtn\"]"}
COMMAND: POST /session/448051c7250ae419f03110640913fd8d/elements - {"using":"xpath","value":"//*[@id=\"backBtn\"]"}
RESULT: {"using":"xpath","value":"//*[@id=\"backBtn\"]"}
COMMAND: POST /session/448051c7250ae419f03110640913fd8d/elements - {"using":"xpath","value":"//*[@id=\"backBtn\"]"}
RESULT: {"using":"xpath","value":"//*[@id=\"backBtn\"]"}
COMMAND: POST /session/448051c7250ae419f03110640913fd8d/elements - {"using":"xpath","value":"//*[@id=\"backBtn\"]"}
RESULT: {"using":"xpath","value":"//*[@id=\"backBtn\"]"}
COMMAND: DELETE /session/448051c7250ae419f03110640913fd8d - {}
RESULT: {}
]]></system-out>
    </testcase>
  </testsuite>
</testsuites>