<?xml version="1.0" encoding="UTF-8"?>
<testsuites tests="24" failures="0" errors="0" skipped="0">
  <testsuite timestamp="2025-05-14T06:13:06" time="720.756" tests="5" failures="0" errors="0" skipped="0">
    <properties>
      <property name="specId" value="0" />
      <property name="suiteName" value="Manage Requests Tags Tests US120163" />
      <property name="capabilities" value="chrome.136_0_7103_49.windows" />
      <property name="file" value="file:///D:/a/1/s/test/specs/R2C/create-request-Tags.spec.js" />
    </properties>
    <testcase classname="chrome.136_0_7103_49.windows.Manage_Requests_Tags_Tests_US120163" name="Should create a new yard" time="149.665">
      <system-out><![CDATA[
COMMAND: POST /session/2d3f18d96ae83e7081695401c2e0fdda/execute/async - {"script":"<script> [1562 bytes]","args":[{"selector":{"controlType":"sap.m.GenericTile","properties":{"header":"Manage Yards"}},"wdio_ui5_key":"sapm.GenericTile{\"header\":\"Manage Yards\"}"}]}
RESULT: {"script":"<script> [1562 bytes]","args":[{"selector":{"controlType":"sap.m.GenericTile","properties":{"header":"Manage Yards"}},"wdio_ui5_key":"sapm.GenericTile{\"header\":\"Manage Yards\"}"}]}
RESULT: undefined
COMMAND: POST /session/2d3f18d96ae83e7081695401c2e0fdda/element - {"using":"xpath","value":"//*[@id=\"__tile41\"]"}
RESULT: {"using":"xpath","value":"//*[@id=\"__tile41\"]"}
COMMAND: POST /session/2d3f18d96ae83e7081695401c2e0fdda/element/f.3980C6CC6DC27C16253BC7A58143231A.d.A8BA82741528648333281F3788FD18FA.e.113/click - {}
RESULT: {}
COMMAND: GET /session/2d3f18d96ae83e7081695401c2e0fdda/screenshot - {}
RESULT: {}
COMMAND: POST /session/2d3f18d96ae83e7081695401c2e0fdda/elements - {"using":"xpath","value":"//span[text()='Error']"}
RESULT: {"using":"xpath","value":"//span[text()='Error']"}
COMMAND: POST /session/2d3f18d96ae83e7081695401c2e0fdda/execute/async - {"script":"<script> [1562 bytes]","args":[{"selector":{"controlType":"sap.ui.core.Icon","viewName":"etm.portal.ui.manageyards.view.Master","viewId":"application-manageyards-display-component---masterYard","properties":{"src":{"regex":{"source":"add"}}}},"wdio_ui5_key":"etmportal.ui.manageyards.view.Mastersap.ui.core.Icon{\"src\":{\"regex\":{\"source\":\"add\"}}}"}]}
RESULT: {"script":"<script> [1562 bytes]","args":[{"selector":{"controlType":"sap.ui.core.Icon","viewName":"etm.portal.ui.manageyards.view.Master","viewId":"application-manageyards-display-component---masterYard","properties":{"src":{"regex":{"source":"add"}}}},"wdio_ui5_key":"etmportal.ui.manageyards.view.Mastersap.ui.core.Icon{\"src\":{\"regex\":{\"source\":\"add\"}}}"}]}
RESULT: undefined
COMMAND: POST /session/2d3f18d96ae83e7081695401c2e0fdda/element - {"using":"xpath","value":"//*[@id=\"__button4-img\"]"}
RESULT: {"using":"xpath","value":"//*[@id=\"__button4-img\"]"}
COMMAND: POST /session/2d3f18d96ae83e7081695401c2e0fdda/element/f.3980C6CC6DC27C16253BC7A58143231A.d.A8BA82741528648333281F3788FD18FA.e.159/click - {}
RESULT: {}
COMMAND: GET /session/2d3f18d96ae83e7081695401c2e0fdda/screenshot - {}
RESULT: {}
COMMAND: POST /session/2d3f18d96ae83e7081695401c2e0fdda/execute/async - {"script":"<script> [1562 bytes]","args":[{"selector":{"id":"application-manageyards-display-component---NewYard--yardId","interaction":{"idSuffix":"inner"}},"wdio_ui5_key":"applicationmanageyards-display-component---NewYard--yardId"}]}
RESULT: {"script":"<script> [1562 bytes]","args":[{"selector":{"id":"application-manageyards-display-component---NewYard--yardId","interaction":{"idSuffix":"inner"}},"wdio_ui5_key":"applicationmanageyards-display-component---NewYard--yardId"}]}
RESULT: undefined
COMMAND: POST /session/2d3f18d96ae83e7081695401c2e0fdda/element - {"using":"xpath","value":"//*[@id=\"application-manageyards-display-component---NewYard--addressDetailDetailsName1-inner\"]"}
RESULT: {"using":"xpath","value":"//*[@id=\"application-manageyards-display-component---NewYard--addressDetailDetailsName1-inner\"]"}
COMMAND: POST /session/2d3f18d96ae83e7081695401c2e0fdda/element/f.3980C6CC6DC27C16253BC7A58143231A.d.A8BA82741528648333281F3788FD18FA.e.326/clear - {}
RESULT: {}
COMMAND: POST /session/2d3f18d96ae83e7081695401c2e0fdda/element/f.3980C6CC6DC27C16253BC7A58143231A.d.A8BA82741528648333281F3788FD18FA.e.326/value - {"text":"WebdriverYard50w3qf"}
COMMAND: GET /session/2d3f18d96ae83e7081695401c2e0fdda/screenshot - {}
RESULT: {"text":"WebdriverYard50w3qf"}
COMMAND: POST /session/2d3f18d96ae83e7081695401c2e0fdda/element - {"using":"xpath","value":"//*[@id=\"application-manageyards-display-component---NewYard--addressDetailDetailsLanguage-inner\"]"}
COMMAND: GET /session/2d3f18d96ae83e7081695401c2e0fdda/screenshot - {}
RESULT: {}
RESULT: {"using":"xpath","value":"//*[@id=\"application-manageyards-display-component---NewYard--addressDetailDetailsLanguage-inner\"]"}
COMMAND: POST /session/2d3f18d96ae83e7081695401c2e0fdda/element/f.3980C6CC6DC27C16253BC7A58143231A.d.A8BA82741528648333281F3788FD18FA.e.327/clear - {}
RESULT: {}
RESULT: {}
COMMAND: POST /session/2d3f18d96ae83e7081695401c2e0fdda/element/f.3980C6CC6DC27C16253BC7A58143231A.d.A8BA82741528648333281F3788FD18FA.e.327/value - {"text":"Romanian"}
COMMAND: GET /session/2d3f18d96ae83e7081695401c2e0fdda/screenshot - {}
RESULT: {"text":"Romanian"}
COMMAND: POST /session/2d3f18d96ae83e7081695401c2e0fdda/element - {"using":"xpath","value":"//input[contains(@id ,\"application-manageyards-display-component---NewYard--addressDetailDetailsName1-inner\")]"}
COMMAND: GET /session/2d3f18d96ae83e7081695401c2e0fdda/screenshot - {}
RESULT: {}
RESULT: {"using":"xpath","value":"//input[contains(@id ,\"application-manageyards-display-component---NewYard--addressDetailDetailsName1-inner\")]"}
COMMAND: GET /session/2d3f18d96ae83e7081695401c2e0fdda/element/f.3980C6CC6DC27C16253BC7A58143231A.d.A8BA82741528648333281F3788FD18FA.e.326/property/value - {}
RESULT: {}
RESULT: {}
COMMAND: GET /session/2d3f18d96ae83e7081695401c2e0fdda/screenshot - {}
RESULT: {}
COMMAND: POST /session/2d3f18d96ae83e7081695401c2e0fdda/element - {"using":"xpath","value":"//*[@id=\"application-manageyards-display-component---NewYard--addressDetailDetailsCity1-inner\"]"}
RESULT: {"using":"xpath","value":"//*[@id=\"application-manageyards-display-component---NewYard--addressDetailDetailsCity1-inner\"]"}
COMMAND: POST /session/2d3f18d96ae83e7081695401c2e0fdda/element/f.3980C6CC6DC27C16253BC7A58143231A.d.A8BA82741528648333281F3788FD18FA.e.329/clear - {}
RESULT: {}
COMMAND: POST /session/2d3f18d96ae83e7081695401c2e0fdda/element/f.3980C6CC6DC27C16253BC7A58143231A.d.A8BA82741528648333281F3788FD18FA.e.329/value - {"text":"Bucuresti"}
COMMAND: GET /session/2d3f18d96ae83e7081695401c2e0fdda/screenshot - {}
RESULT: {"text":"Bucuresti"}
COMMAND: GET /session/2d3f18d96ae83e7081695401c2e0fdda/screenshot - {}
COMMAND: POST /session/2d3f18d96ae83e7081695401c2e0fdda/element - {"using":"xpath","value":"//*[@id=\"application-manageyards-display-component---NewYard--addressDetailDetailsCountry-inner\"]"}
RESULT: {}
RESULT: {}
RESULT: {"using":"xpath","value":"//*[@id=\"application-manageyards-display-component---NewYard--addressDetailDetailsCountry-inner\"]"}
COMMAND: POST /session/2d3f18d96ae83e7081695401c2e0fdda/element/f.3980C6CC6DC27C16253BC7A58143231A.d.A8BA82741528648333281F3788FD18FA.e.333/clear - {}
RESULT: {}
COMMAND: POST /session/2d3f18d96ae83e7081695401c2e0fdda/element/f.3980C6CC6DC27C16253BC7A58143231A.d.A8BA82741528648333281F3788FD18FA.e.333/value - {"text":"Romania"}
COMMAND: GET /session/2d3f18d96ae83e7081695401c2e0fdda/screenshot - {}
RESULT: {"text":"Romania"}
COMMAND: GET /session/2d3f18d96ae83e7081695401c2e0fdda/screenshot - {}
RESULT: {}
COMMAND: POST /session/2d3f18d96ae83e7081695401c2e0fdda/element - {"using":"xpath","value":"//div[contains(text(), \"Commercial\")]"}
RESULT: {}
RESULT: {"using":"xpath","value":"//div[contains(text(), \"Commercial\")]"}
COMMAND: GET /session/2d3f18d96ae83e7081695401c2e0fdda/element/f.3980C6CC6DC27C16253BC7A58143231A.d.A8BA82741528648333281F3788FD18FA.e.569/rect - {}
RESULT: {}
COMMAND: GET /session/2d3f18d96ae83e7081695401c2e0fdda/window/rect - {}
RESULT: {}
COMMAND: POST /session/2d3f18d96ae83e7081695401c2e0fdda/execute/sync - {"script":"<script> [92 bytes]","args":[]}
RESULT: {"script":"<script> [92 bytes]","args":[]}
COMMAND: POST /session/2d3f18d96ae83e7081695401c2e0fdda/actions - {"actions":[{"id":"action1","type":"wheel","parameters":{},"actions":[{"type":"scroll","x":-1841,"y":-44,"deltaX":0,"deltaY":0,"duration":0,"origin":{"element-6066-11e4-a52e-4f735466cecf":"f.3980C6CC6DC27C16253BC7A58143231A.d.A8BA82741528648333281F3788FD18FA.e.569"}}]}]}
COMMAND: GET /session/2d3f18d96ae83e7081695401c2e0fdda/screenshot - {}
RESULT: {}
COMMAND: POST /session/2d3f18d96ae83e7081695401c2e0fdda/execute/sync - {"script":"<script> [79 bytes]","args":[{"element-6066-11e4-a52e-4f735466cecf":"f.3980C6CC6DC27C16253BC7A58143231A.d.A8BA82741528648333281F3788FD18FA.e.569","ELEMENT":"f.3980C6CC6DC27C16253BC7A58143231A.d.A8BA82741528648333281F3788FD18FA.e.569"},{"block":"start","inline":"nearest"}]}
RESULT: {"script":"<script> [79 bytes]","args":[{"element-6066-11e4-a52e-4f735466cecf":"f.3980C6CC6DC27C16253BC7A58143231A.d.A8BA82741528648333281F3788FD18FA.e.569","ELEMENT":"f.3980C6CC6DC27C16253BC7A58143231A.d.A8BA82741528648333281F3788FD18FA.e.569"},{"block":"start","inline":"nearest"}]}
COMMAND: GET /session/2d3f18d96ae83e7081695401c2e0fdda/screenshot - {}
RESULT: {}
COMMAND: POST /session/2d3f18d96ae83e7081695401c2e0fdda/execute/async - {"script":"<script> [1562 bytes]","args":[{"selector":{"id":"application-manageyards-display-component---NewYard--addressEditDetailsCostObjectCstType-arrow"},"wdio_ui5_key":"applicationmanageyards-display-component---NewYard--addressEditDetailsCostObjectCstType-arrow"}]}
RESULT: {"script":"<script> [1562 bytes]","args":[{"selector":{"id":"application-manageyards-display-component---NewYard--addressEditDetailsCostObjectCstType-arrow"},"wdio_ui5_key":"applicationmanageyards-display-component---NewYard--addressEditDetailsCostObjectCstType-arrow"}]}
RESULT: undefined
COMMAND: POST /session/2d3f18d96ae83e7081695401c2e0fdda/element - {"using":"xpath","value":"//*[@id=\"application-manageyards-display-component---NewYard--addressEditDetailsCostObjectCstType-arrow\"]"}
RESULT: {"using":"xpath","value":"//*[@id=\"application-manageyards-display-component---NewYard--addressEditDetailsCostObjectCstType-arrow\"]"}
COMMAND: POST /session/2d3f18d96ae83e7081695401c2e0fdda/element/f.3980C6CC6DC27C16253BC7A58143231A.d.A8BA82741528648333281F3788FD18FA.e.577/click - {}
RESULT: {}
COMMAND: POST /session/2d3f18d96ae83e7081695401c2e0fdda/element - {"using":"xpath","value":"//span[contains(text(), \"Cost Center\")]"}
COMMAND: GET /session/2d3f18d96ae83e7081695401c2e0fdda/screenshot - {}
RESULT: {"using":"xpath","value":"//span[contains(text(), \"Cost Center\")]"}
COMMAND: POST /session/2d3f18d96ae83e7081695401c2e0fdda/element/f.3980C6CC6DC27C16253BC7A58143231A.d.A8BA82741528648333281F3788FD18FA.e.578/click - {}
RESULT: {}
RESULT: {}
COMMAND: GET /session/2d3f18d96ae83e7081695401c2e0fdda/screenshot - {}
RESULT: {}
COMMAND: POST /session/2d3f18d96ae83e7081695401c2e0fdda/execute/async - {"script":"<script> [1562 bytes]","args":[{"selector":{"id":"application-manageyards-display-component---NewYard--addressNewCostObjectCstID-vhi"},"wdio_ui5_key":"applicationmanageyards-display-component---NewYard--addressNewCostObjectCstID-vhi"}]}
RESULT: {"script":"<script> [1562 bytes]","args":[{"selector":{"id":"application-manageyards-display-component---NewYard--addressNewCostObjectCstID-vhi"},"wdio_ui5_key":"applicationmanageyards-display-component---NewYard--addressNewCostObjectCstID-vhi"}]}
RESULT: undefined
COMMAND: POST /session/2d3f18d96ae83e7081695401c2e0fdda/element - {"using":"xpath","value":"//*[@id=\"application-manageyards-display-component---NewYard--addressNewCostObjectCstID-vhi\"]"}
RESULT: {"using":"xpath","value":"//*[@id=\"application-manageyards-display-component---NewYard--addressNewCostObjectCstID-vhi\"]"}
COMMAND: POST /session/2d3f18d96ae83e7081695401c2e0fdda/element/f.3980C6CC6DC27C16253BC7A58143231A.d.A8BA82741528648333281F3788FD18FA.e.582/click - {}
RESULT: {}
COMMAND: GET /session/2d3f18d96ae83e7081695401c2e0fdda/screenshot - {}
RESULT: {}
COMMAND: POST /session/2d3f18d96ae83e7081695401c2e0fdda/execute/async - {"script":"<script> [1562 bytes]","args":[{"selector":{"controlType":"sap.m.SearchField","properties":{"placeholder":"Search"},"searchOpenDialogs":true,"interaction":{"idSuffix":"I"}},"wdio_ui5_key":"sapm.SearchField{\"placeholder\":\"Search\"}"}]}
RESULT: {"script":"<script> [1562 bytes]","args":[{"selector":{"controlType":"sap.m.SearchField","properties":{"placeholder":"Search"},"searchOpenDialogs":true,"interaction":{"idSuffix":"I"}},"wdio_ui5_key":"sapm.SearchField{\"placeholder\":\"Search\"}"}]}
RESULT: undefined
COMMAND: POST /session/2d3f18d96ae83e7081695401c2e0fdda/execute/async - {"script":"<script> [776 bytes]","args":[{"enterText":"10001013","selector":{"controlType":"sap.m.SearchField","properties":{"placeholder":"Search"},"searchOpenDialogs":true,"interaction":{"idSuffix":"I"}},"clearTextFirst":true,"interactionType":"ENTER_TEXT"}]}
RESULT: {"script":"<script> [776 bytes]","args":[{"enterText":"10001013","selector":{"controlType":"sap.m.SearchField","properties":{"placeholder":"Search"},"searchOpenDialogs":true,"interaction":{"idSuffix":"I"}},"clearTextFirst":true,"interactionType":"ENTER_TEXT"}]}
COMMAND: POST /session/2d3f18d96ae83e7081695401c2e0fdda/actions - {"actions":[{"id":"action2","type":"key","parameters":{},"actions":[{"type":"keyDown","value":"î€‡"},{"type":"pause","duration":10},{"type":"keyUp","value":"î€‡"}]}]}
RESULT: {"actions":[{"id":"action2","type":"key","parameters":{},"actions":[{"type":"keyDown","value":"î€‡"},{"type":"pause","duration":10},{"type":"keyUp","value":"î€‡"}]}]}
COMMAND: GET /session/2d3f18d96ae83e7081695401c2e0fdda/screenshot - {}
RESULT: {}
COMMAND: POST /session/2d3f18d96ae83e7081695401c2e0fdda/element - {"using":"xpath","value":"//span[contains(text(), \"General Management\")]"}
RESULT: {"using":"xpath","value":"//span[contains(text(), \"General Management\")]"}
COMMAND: POST /session/2d3f18d96ae83e7081695401c2e0fdda/element/f.3980C6CC6DC27C16253BC7A58143231A.d.A8BA82741528648333281F3788FD18FA.e.623/click - {}
RESULT: {}
COMMAND: GET /session/2d3f18d96ae83e7081695401c2e0fdda/screenshot - {}
RESULT: {}
COMMAND: POST /session/2d3f18d96ae83e7081695401c2e0fdda/element - {"using":"xpath","value":"//bdi[contains(text(), \"OK\")]"}
RESULT: {"using":"xpath","value":"//bdi[contains(text(), \"OK\")]"}
COMMAND: POST /session/2d3f18d96ae83e7081695401c2e0fdda/element/f.3980C6CC6DC27C16253BC7A58143231A.d.A8BA82741528648333281F3788FD18FA.e.624/click - {}
RESULT: {}
COMMAND: GET /session/2d3f18d96ae83e7081695401c2e0fdda/screenshot - {}
RESULT: {}
COMMAND: POST /session/2d3f18d96ae83e7081695401c2e0fdda/execute/async - {"script":"<script> [1562 bytes]","args":[{"selector":{"controlType":"sap.m.Button","viewName":"etm.portal.ui.manageyards.view.New","viewId":"application-manageyards-display-component---NewYard","i18NText":{"propertyName":"text","key":"save"},"interaction":{"idSuffix":"inner"}},"wdio_ui5_key":"etmportal.ui.manageyards.view.Newsap.m.Button{\"propertyName\":\"text\",\"key\":\"save\"}"}]}
RESULT: {"script":"<script> [1562 bytes]","args":[{"selector":{"controlType":"sap.m.Button","viewName":"etm.portal.ui.manageyards.view.New","viewId":"application-manageyards-display-component---NewYard","i18NText":{"propertyName":"text","key":"save"},"interaction":{"idSuffix":"inner"}},"wdio_ui5_key":"etmportal.ui.manageyards.view.Newsap.m.Button{\"propertyName\":\"text\",\"key\":\"save\"}"}]}
RESULT: undefined
COMMAND: POST /session/2d3f18d96ae83e7081695401c2e0fdda/element - {"using":"xpath","value":"//*[@id=\"__button18\"]"}
RESULT: {"using":"xpath","value":"//*[@id=\"__button18\"]"}
COMMAND: POST /session/2d3f18d96ae83e7081695401c2e0fdda/element/f.3980C6CC6DC27C16253BC7A58143231A.d.A8BA82741528648333281F3788FD18FA.e.527/click - {}
RESULT: {}
COMMAND: GET /session/2d3f18d96ae83e7081695401c2e0fdda/screenshot - {}
RESULT: {}
COMMAND: POST /session/2d3f18d96ae83e7081695401c2e0fdda/element - {"using":"xpath","value":"//header/div/div[2]/div[2]/span"}
RESULT: {"using":"xpath","value":"//header/div/div[2]/div[2]/span"}
COMMAND: GET /session/2d3f18d96ae83e7081695401c2e0fdda/element/f.3980C6CC6DC27C16253BC7A58143231A.d.A8BA82741528648333281F3788FD18FA.e.823/text - {}
RESULT: {}
COMMAND: POST /session/2d3f18d96ae83e7081695401c2e0fdda/execute/async - {"script":"<script> [1562 bytes]","args":[{"selector":{"controlType":"sap.m.OverflowToolbarButton","viewName":"etm.portal.ui.manageyards.view.Detail","viewId":"application-manageyards-display-component---detailYard","i18NText":{"propertyName":"tooltip","key":"closeColumn"},"interaction":{"idSuffix":"inner"}},"wdio_ui5_key":"etmportal.ui.manageyards.view.Detailsap.m.OverflowToolbarButton{\"propertyName\":\"tooltip\",\"key\":\"closeColumn\"}"}]}
RESULT: {"script":"<script> [1562 bytes]","args":[{"selector":{"controlType":"sap.m.OverflowToolbarButton","viewName":"etm.portal.ui.manageyards.view.Detail","viewId":"application-manageyards-display-component---detailYard","i18NText":{"propertyName":"tooltip","key":"closeColumn"},"interaction":{"idSuffix":"inner"}},"wdio_ui5_key":"etmportal.ui.manageyards.view.Detailsap.m.OverflowToolbarButton{\"propertyName\":\"tooltip\",\"key\":\"closeColumn\"}"}]}
RESULT: undefined
COMMAND: POST /session/2d3f18d96ae83e7081695401c2e0fdda/element - {"using":"xpath","value":"//*[@id=\"__button40\"]"}
RESULT: {"using":"xpath","value":"//*[@id=\"__button40\"]"}
COMMAND: POST /session/2d3f18d96ae83e7081695401c2e0fdda/element/f.3980C6CC6DC27C16253BC7A58143231A.d.A8BA82741528648333281F3788FD18FA.e.825/click - {}
RESULT: {}
COMMAND: GET /session/2d3f18d96ae83e7081695401c2e0fdda/screenshot - {}
RESULT: {}
COMMAND: POST /session/2d3f18d96ae83e7081695401c2e0fdda/element - {"using":"css selector","value":"#shell-header-logo"}
RESULT: {"using":"css selector","value":"#shell-header-logo"}
COMMAND: POST /session/2d3f18d96ae83e7081695401c2e0fdda/element/f.3980C6CC6DC27C16253BC7A58143231A.d.A8BA82741528648333281F3788FD18FA.e.115/click - {}
RESULT: {}
COMMAND: GET /session/2d3f18d96ae83e7081695401c2e0fdda/screenshot - {}
RESULT: {}
COMMAND: POST /session/2d3f18d96ae83e7081695401c2e0fdda/refresh - {}
RESULT: {}
COMMAND: GET /session/2d3f18d96ae83e7081695401c2e0fdda/screenshot - {}
RESULT: {}
COMMAND: POST /session/2d3f18d96ae83e7081695401c2e0fdda/execute/async - {"script":"<script> [189 bytes]","args":[]}
RESULT: {"script":"<script> [189 bytes]","args":[]}
COMMAND: POST /session/2d3f18d96ae83e7081695401c2e0fdda/execute/async - {"script":"<script> [123 bytes]","args":[]}
RESULT: {"script":"<script> [123 bytes]","args":[]}
COMMAND: POST /session/2d3f18d96ae83e7081695401c2e0fdda/timeouts - {"script":"<number>"}
RESULT: {"script":"<number>"}
COMMAND: GET /session/2d3f18d96ae83e7081695401c2e0fdda/timeouts - {}
RESULT: {}
RESULT: undefined
COMMAND: POST /session/2d3f18d96ae83e7081695401c2e0fdda/execute/async - {"script":"<script> [2676 bytes]","args":[]}
RESULT: {"script":"<script> [2676 bytes]","args":[]}
COMMAND: POST /session/2d3f18d96ae83e7081695401c2e0fdda/execute/async - {"script":"<script> [2342 bytes]","args":[{"protocol":"http","hostname":"0.0.0.0","path":"/","capabilities":{"browserName":"chrome","goog:chromeOptions":{"binary":"C:\\Program Files\\Google\\Chrome\\Application\\chrome.exe","args":["--start-maximized"]}},"logLevel":"warn","connectionRetryTimeout":120000,"connectionRetryCount":3,"logLevels":{},"enableDirectConnect":true,"strictSSL":true,"_":"65 more keys: [\"cacheDir\",\"port\",\"requestedCapabilities\",\"automationProtocol\",\"baseUrl\",\"waitforInterval\",\"waitforTimeout\",\"onReload\",\"beforeCommand\",\"afterCommand\",\"rootDir\",\"specs\",\"suites\",\"exclude\",\"groupLogsByTestSpec\",\"excludeDriverLogs\",\"bail\",\"framework\",\"reporters\",\"services\",\"maxInstances\",\"maxInstancesPerCapability\",\"injectGlobals\",\"filesToWatch\",\"execArgv\",\"runnerEnv\",\"runner\",\"shard\",\"specFileRetries\",\"specFileRetriesDelay\",\"specFileRetriesDeferred\",\"reporterSyncInterval\",\"reporterSyncTimeout\",\"cucumberFeaturesWithLineNumbers\",\"autoCompileOpts\",\"mochaOpts\",\"jasmineOpts\",\"cucumberOpts\",\"onPrepare\",\"onWorkerStart\",\"onWorkerEnd\",\"before\",\"beforeSession\",\"beforeSuite\",\"beforeHook\",\"beforeTest\",\"afterTest\",\"afterHook\",\"afterSuite\",\"afterSession\",\"after\",\"onComplete\",\"beforeAssertion\",\"afterAssertion\",\"beforeFeature\",\"beforeScenario\",\"beforeStep\",\"afterStep\",\"afterScenario\",\"afterFeature\",\"_\",\"suite\",\"$0\",\"ignoredWorkerServices\",\"wdi5\"]"}]}
RESULT: {"script":"<script> [2342 bytes]","args":[{"protocol":"http","hostname":"0.0.0.0","path":"/","capabilities":{"browserName":"chrome","goog:chromeOptions":{"binary":"C:\\Program Files\\Google\\Chrome\\Application\\chrome.exe","args":["--start-maximized"]}},"logLevel":"warn","connectionRetryTimeout":120000,"connectionRetryCount":3,"logLevels":{},"enableDirectConnect":true,"strictSSL":true,"_":"65 more keys: [\"cacheDir\",\"port\",\"requestedCapabilities\",\"automationProtocol\",\"baseUrl\",\"waitforInterval\",\"waitforTimeout\",\"onReload\",\"beforeCommand\",\"afterCommand\",\"rootDir\",\"specs\",\"suites\",\"exclude\",\"groupLogsByTestSpec\",\"excludeDriverLogs\",\"bail\",\"framework\",\"reporters\",\"services\",\"maxInstances\",\"maxInstancesPerCapability\",\"injectGlobals\",\"filesToWatch\",\"execArgv\",\"runnerEnv\",\"runner\",\"shard\",\"specFileRetries\",\"specFileRetriesDelay\",\"specFileRetriesDeferred\",\"reporterSyncInterval\",\"reporterSyncTimeout\",\"cucumberFeaturesWithLineNumbers\",\"autoCompileOpts\",\"mochaOpts\",\"jasmineOpts\",\"cucumberOpts\",\"onPrepare\",\"onWorkerStart\",\"onWorkerEnd\",\"before\",\"beforeSession\",\"beforeSuite\",\"beforeHook\",\"beforeTest\",\"afterTest\",\"afterHook\",\"afterSuite\",\"afterSession\",\"after\",\"onComplete\",\"beforeAssertion\",\"afterAssertion\",\"beforeFeature\",\"beforeScenario\",\"beforeStep\",\"afterStep\",\"afterScenario\",\"afterFeature\",\"_\",\"suite\",\"$0\",\"ignoredWorkerServices\",\"wdi5\"]"}]}
COMMAND: POST /session/2d3f18d96ae83e7081695401c2e0fdda/execute/async - {"script":"<script> [21126 bytes]","args":[35000]}
RESULT: {"script":"<script> [21126 bytes]","args":[35000]}
]]></system-out>
    </testcase>
    <testcase classname="chrome.136_0_7103_49.windows.Manage_Requests_Tags_Tests_US120163" name="Should create a new partner" time="101.532">
      <system-out><![CDATA[
COMMAND: POST /session/2d3f18d96ae83e7081695401c2e0fdda/execute/async - {"script":"<script> [1562 bytes]","args":[{"selector":{"controlType":"sap.m.GenericTile","properties":{"header":"Manage Partners"}},"wdio_ui5_key":"sapm.GenericTile{\"header\":\"Manage Partners\"}"}]}
RESULT: {"script":"<script> [1562 bytes]","args":[{"selector":{"controlType":"sap.m.GenericTile","properties":{"header":"Manage Partners"}},"wdio_ui5_key":"sapm.GenericTile{\"header\":\"Manage Partners\"}"}]}
RESULT: undefined
COMMAND: POST /session/2d3f18d96ae83e7081695401c2e0fdda/element - {"using":"xpath","value":"//*[@id=\"__tile38\"]"}
RESULT: {"using":"xpath","value":"//*[@id=\"__tile38\"]"}
COMMAND: POST /session/2d3f18d96ae83e7081695401c2e0fdda/element/f.3980C6CC6DC27C16253BC7A58143231A.d.30E05D8CAA9CABB88900AE21577404EB.e.1176/click - {}
RESULT: {}
COMMAND: GET /session/2d3f18d96ae83e7081695401c2e0fdda/screenshot - {}
RESULT: {}
COMMAND: POST /session/2d3f18d96ae83e7081695401c2e0fdda/elements - {"using":"xpath","value":"//span[text()='Error']"}
RESULT: {"using":"xpath","value":"//span[text()='Error']"}
COMMAND: POST /session/2d3f18d96ae83e7081695401c2e0fdda/execute/async - {"script":"<script> [1562 bytes]","args":[{"selector":{"controlType":"sap.ui.core.Icon","viewName":"etm.portal.ui.managepartners.view.Master","viewId":"application-managepartners-display-component---masterPtm","properties":{"src":{"regex":{"source":"add"}}}},"wdio_ui5_key":"etmportal.ui.managepartners.view.Mastersap.ui.core.Icon{\"src\":{\"regex\":{\"source\":\"add\"}}}"}]}
RESULT: {"script":"<script> [1562 bytes]","args":[{"selector":{"controlType":"sap.ui.core.Icon","viewName":"etm.portal.ui.managepartners.view.Master","viewId":"application-managepartners-display-component---masterPtm","properties":{"src":{"regex":{"source":"add"}}}},"wdio_ui5_key":"etmportal.ui.managepartners.view.Mastersap.ui.core.Icon{\"src\":{\"regex\":{\"source\":\"add\"}}}"}]}
RESULT: undefined
COMMAND: POST /session/2d3f18d96ae83e7081695401c2e0fdda/element - {"using":"xpath","value":"//*[@id=\"__button4-img\"]"}
RESULT: {"using":"xpath","value":"//*[@id=\"__button4-img\"]"}
COMMAND: POST /session/2d3f18d96ae83e7081695401c2e0fdda/element/f.3980C6CC6DC27C16253BC7A58143231A.d.30E05D8CAA9CABB88900AE21577404EB.e.1228/click - {}
RESULT: {}
COMMAND: GET /session/2d3f18d96ae83e7081695401c2e0fdda/screenshot - {}
RESULT: {}
COMMAND: POST /session/2d3f18d96ae83e7081695401c2e0fdda/execute/async - {"script":"<script> [1562 bytes]","args":[{"selector":{"id":"application-managepartners-display-component---NewPartner--partnerId","interaction":{"idSuffix":"inner"}},"wdio_ui5_key":"applicationmanagepartners-display-component---NewPartner--partnerId"}]}
RESULT: {"script":"<script> [1562 bytes]","args":[{"selector":{"id":"application-managepartners-display-component---NewPartner--partnerId","interaction":{"idSuffix":"inner"}},"wdio_ui5_key":"applicationmanagepartners-display-component---NewPartner--partnerId"}]}
RESULT: undefined
COMMAND: POST /session/2d3f18d96ae83e7081695401c2e0fdda/execute/async - {"script":"<script> [1562 bytes]","args":[{"selector":{"id":"application-managepartners-display-component---NewPartner--addressDetailDetailsName1","interaction":{"idSuffix":"inner"}},"wdio_ui5_key":"applicationmanagepartners-display-component---NewPartner--addressDetailDetailsName1"}]}
RESULT: {"script":"<script> [1562 bytes]","args":[{"selector":{"id":"application-managepartners-display-component---NewPartner--addressDetailDetailsName1","interaction":{"idSuffix":"inner"}},"wdio_ui5_key":"applicationmanagepartners-display-component---NewPartner--addressDetailDetailsName1"}]}
RESULT: undefined
COMMAND: POST /session/2d3f18d96ae83e7081695401c2e0fdda/execute/async - {"script":"<script> [776 bytes]","args":[{"enterText":"WebdriverPartnerpc8f5","selector":{"id":"application-managepartners-display-component---NewPartner--addressDetailDetailsName1","interaction":{"idSuffix":"inner"}},"clearTextFirst":true,"interactionType":"ENTER_TEXT"}]}
RESULT: {"script":"<script> [776 bytes]","args":[{"enterText":"WebdriverPartnerpc8f5","selector":{"id":"application-managepartners-display-component---NewPartner--addressDetailDetailsName1","interaction":{"idSuffix":"inner"}},"clearTextFirst":true,"interactionType":"ENTER_TEXT"}]}
COMMAND: POST /session/2d3f18d96ae83e7081695401c2e0fdda/execute/async - {"script":"<script> [1562 bytes]","args":[{"selector":{"id":"application-managepartners-display-component---NewPartner--addressDetailDetailsLanguage","interaction":{"idSuffix":"inner"}},"wdio_ui5_key":"applicationmanagepartners-display-component---NewPartner--addressDetailDetailsLanguage"}]}
RESULT: {"script":"<script> [1562 bytes]","args":[{"selector":{"id":"application-managepartners-display-component---NewPartner--addressDetailDetailsLanguage","interaction":{"idSuffix":"inner"}},"wdio_ui5_key":"applicationmanagepartners-display-component---NewPartner--addressDetailDetailsLanguage"}]}
RESULT: undefined
COMMAND: POST /session/2d3f18d96ae83e7081695401c2e0fdda/execute/async - {"script":"<script> [776 bytes]","args":[{"enterText":"Romanian","selector":{"id":"application-managepartners-display-component---NewPartner--addressDetailDetailsLanguage","interaction":{"idSuffix":"inner"}},"clearTextFirst":true,"interactionType":"ENTER_TEXT"}]}
RESULT: {"script":"<script> [776 bytes]","args":[{"enterText":"Romanian","selector":{"id":"application-managepartners-display-component---NewPartner--addressDetailDetailsLanguage","interaction":{"idSuffix":"inner"}},"clearTextFirst":true,"interactionType":"ENTER_TEXT"}]}
COMMAND: POST /session/2d3f18d96ae83e7081695401c2e0fdda/element - {"using":"xpath","value":"//input[contains(@id ,\"application-managepartners-display-component---NewPartner--addressDetailDetailsName1-inner\")]"}
RESULT: {"using":"xpath","value":"//input[contains(@id ,\"application-managepartners-display-component---NewPartner--addressDetailDetailsName1-inner\")]"}
COMMAND: GET /session/2d3f18d96ae83e7081695401c2e0fdda/element/f.3980C6CC6DC27C16253BC7A58143231A.d.30E05D8CAA9CABB88900AE21577404EB.e.1402/property/value - {}
RESULT: {}
COMMAND: POST /session/2d3f18d96ae83e7081695401c2e0fdda/execute/async - {"script":"<script> [1562 bytes]","args":[{"selector":{"id":"application-managepartners-display-component---NewPartner--addressDetailDetailsCity1","interaction":{"idSuffix":"inner"}},"wdio_ui5_key":"applicationmanagepartners-display-component---NewPartner--addressDetailDetailsCity1"}]}
COMMAND: GET /session/2d3f18d96ae83e7081695401c2e0fdda/screenshot - {}
RESULT: {"script":"<script> [1562 bytes]","args":[{"selector":{"id":"application-managepartners-display-component---NewPartner--addressDetailDetailsCity1","interaction":{"idSuffix":"inner"}},"wdio_ui5_key":"applicationmanagepartners-display-component---NewPartner--addressDetailDetailsCity1"}]}
RESULT: undefined
COMMAND: POST /session/2d3f18d96ae83e7081695401c2e0fdda/execute/async - {"script":"<script> [776 bytes]","args":[{"enterText":"Bucharest","selector":{"id":"application-managepartners-display-component---NewPartner--addressDetailDetailsCity1","interaction":{"idSuffix":"inner"}},"clearTextFirst":true,"interactionType":"ENTER_TEXT"}]}
RESULT: {}
RESULT: {"script":"<script> [776 bytes]","args":[{"enterText":"Bucharest","selector":{"id":"application-managepartners-display-component---NewPartner--addressDetailDetailsCity1","interaction":{"idSuffix":"inner"}},"clearTextFirst":true,"interactionType":"ENTER_TEXT"}]}
COMMAND: POST /session/2d3f18d96ae83e7081695401c2e0fdda/execute/async - {"script":"<script> [1562 bytes]","args":[{"selector":{"id":"application-managepartners-display-component---NewPartner--addressDetailDetailsCountry","interaction":{"idSuffix":"inner"}},"wdio_ui5_key":"applicationmanagepartners-display-component---NewPartner--addressDetailDetailsCountry"}]}
RESULT: {"script":"<script> [1562 bytes]","args":[{"selector":{"id":"application-managepartners-display-component---NewPartner--addressDetailDetailsCountry","interaction":{"idSuffix":"inner"}},"wdio_ui5_key":"applicationmanagepartners-display-component---NewPartner--addressDetailDetailsCountry"}]}
RESULT: undefined
COMMAND: POST /session/2d3f18d96ae83e7081695401c2e0fdda/execute/async - {"script":"<script> [6424 bytes]","args":[{"element-6066-11e4-a52e-4f735466cecf":"f.3980C6CC6DC27C16253BC7A58143231A.d.30E05D8CAA9CABB88900AE21577404EB.e.1409"},"setValue",["Romania"]]}
RESULT: {"script":"<script> [6424 bytes]","args":[{"element-6066-11e4-a52e-4f735466cecf":"f.3980C6CC6DC27C16253BC7A58143231A.d.30E05D8CAA9CABB88900AE21577404EB.e.1409"},"setValue",["Romania"]]}
COMMAND: POST /session/2d3f18d96ae83e7081695401c2e0fdda/execute/async - {"script":"<script> [1562 bytes]","args":[{"selector":{"id":"application-managepartners-display-component---NewPartner--partnerDetailInternal","interaction":{"idSuffix":"inner"}},"wdio_ui5_key":"applicationmanagepartners-display-component---NewPartner--partnerDetailInternal"}]}
RESULT: {"script":"<script> [1562 bytes]","args":[{"selector":{"id":"application-managepartners-display-component---NewPartner--partnerDetailInternal","interaction":{"idSuffix":"inner"}},"wdio_ui5_key":"applicationmanagepartners-display-component---NewPartner--partnerDetailInternal"}]}
RESULT: undefined
COMMAND: POST /session/2d3f18d96ae83e7081695401c2e0fdda/execute/async - {"script":"<script> [776 bytes]","args":[{"enterText":"External partner","selector":{"id":"application-managepartners-display-component---NewPartner--partnerDetailInternal","interaction":{"idSuffix":"inner"}},"clearTextFirst":true,"interactionType":"ENTER_TEXT"}]}
RESULT: {"script":"<script> [776 bytes]","args":[{"enterText":"External partner","selector":{"id":"application-managepartners-display-component---NewPartner--partnerDetailInternal","interaction":{"idSuffix":"inner"}},"clearTextFirst":true,"interactionType":"ENTER_TEXT"}]}
COMMAND: POST /session/2d3f18d96ae83e7081695401c2e0fdda/execute/async - {"script":"<script> [1562 bytes]","args":[{"selector":{"id":"application-managepartners-display-component---NewPartner--partnerDetailsCurrency","interaction":{"idSuffix":"inner"}},"wdio_ui5_key":"applicationmanagepartners-display-component---NewPartner--partnerDetailsCurrency"}]}
RESULT: {"script":"<script> [1562 bytes]","args":[{"selector":{"id":"application-managepartners-display-component---NewPartner--partnerDetailsCurrency","interaction":{"idSuffix":"inner"}},"wdio_ui5_key":"applicationmanagepartners-display-component---NewPartner--partnerDetailsCurrency"}]}
RESULT: undefined
COMMAND: POST /session/2d3f18d96ae83e7081695401c2e0fdda/execute/async - {"script":"<script> [776 bytes]","args":[{"enterText":"Euro","selector":{"id":"application-managepartners-display-component---NewPartner--partnerDetailsCurrency","interaction":{"idSuffix":"inner"}},"clearTextFirst":true,"interactionType":"ENTER_TEXT"}]}
RESULT: {"script":"<script> [776 bytes]","args":[{"enterText":"Euro","selector":{"id":"application-managepartners-display-component---NewPartner--partnerDetailsCurrency","interaction":{"idSuffix":"inner"}},"clearTextFirst":true,"interactionType":"ENTER_TEXT"}]}
COMMAND: POST /session/2d3f18d96ae83e7081695401c2e0fdda/execute/async - {"script":"<script> [1562 bytes]","args":[{"selector":{"controlType":"sap.m.Button","viewName":"etm.portal.ui.managepartners.view.NewPartner","viewId":"application-managepartners-display-component---NewPartner","properties":{"text":"Commercial"},"interaction":{"idSuffix":"BDI-content"}},"wdio_ui5_key":"etmportal.ui.managepartners.view.NewPartnersap.m.Button{\"text\":\"Commercial\"}"}]}
RESULT: {"script":"<script> [1562 bytes]","args":[{"selector":{"controlType":"sap.m.Button","viewName":"etm.portal.ui.managepartners.view.NewPartner","viewId":"application-managepartners-display-component---NewPartner","properties":{"text":"Commercial"},"interaction":{"idSuffix":"BDI-content"}},"wdio_ui5_key":"etmportal.ui.managepartners.view.NewPartnersap.m.Button{\"text\":\"Commercial\"}"}]}
RESULT: undefined
COMMAND: POST /session/2d3f18d96ae83e7081695401c2e0fdda/element - {"using":"xpath","value":"//*[@id=\"application-managepartners-display-component---NewPartner--ObjectPageLayout-anchBar-__section5-anchor\"]"}
RESULT: {"using":"xpath","value":"//*[@id=\"application-managepartners-display-component---NewPartner--ObjectPageLayout-anchBar-__section5-anchor\"]"}
COMMAND: POST /session/2d3f18d96ae83e7081695401c2e0fdda/element/f.3980C6CC6DC27C16253BC7A58143231A.d.30E05D8CAA9CABB88900AE21577404EB.e.1655/click - {}
RESULT: {}
COMMAND: GET /session/2d3f18d96ae83e7081695401c2e0fdda/screenshot - {}
RESULT: {}
COMMAND: POST /session/2d3f18d96ae83e7081695401c2e0fdda/execute/async - {"script":"<script> [1562 bytes]","args":[{"selector":{"id":"application-managepartners-display-component---NewPartner--btnAddTableRow-img"},"wdio_ui5_key":"applicationmanagepartners-display-component---NewPartner--btnAddTableRow-img"}]}
RESULT: {"script":"<script> [1562 bytes]","args":[{"selector":{"id":"application-managepartners-display-component---NewPartner--btnAddTableRow-img"},"wdio_ui5_key":"applicationmanagepartners-display-component---NewPartner--btnAddTableRow-img"}]}
RESULT: undefined
COMMAND: POST /session/2d3f18d96ae83e7081695401c2e0fdda/element - {"using":"xpath","value":"//*[@id=\"application-managepartners-display-component---NewPartner--btnAddTableRow-img\"]"}
RESULT: {"using":"xpath","value":"//*[@id=\"application-managepartners-display-component---NewPartner--btnAddTableRow-img\"]"}
COMMAND: POST /session/2d3f18d96ae83e7081695401c2e0fdda/element/f.3980C6CC6DC27C16253BC7A58143231A.d.30E05D8CAA9CABB88900AE21577404EB.e.1661/click - {}
RESULT: {}
COMMAND: POST /session/2d3f18d96ae83e7081695401c2e0fdda/element - {"using":"xpath","value":"//input[contains(@id ,\"application-managepartners-display-component---NewPartner--assignmentYard-application-managepartners-display-component---NewPartner\")]"}
COMMAND: GET /session/2d3f18d96ae83e7081695401c2e0fdda/screenshot - {}
RESULT: {"using":"xpath","value":"//input[contains(@id ,\"application-managepartners-display-component---NewPartner--assignmentYard-application-managepartners-display-component---NewPartner\")]"}
COMMAND: POST /session/2d3f18d96ae83e7081695401c2e0fdda/element/f.3980C6CC6DC27C16253BC7A58143231A.d.30E05D8CAA9CABB88900AE21577404EB.e.1664/clear - {}
RESULT: {}
RESULT: {}
COMMAND: POST /session/2d3f18d96ae83e7081695401c2e0fdda/element/f.3980C6CC6DC27C16253BC7A58143231A.d.30E05D8CAA9CABB88900AE21577404EB.e.1664/value - {"text":"300"}
COMMAND: GET /session/2d3f18d96ae83e7081695401c2e0fdda/screenshot - {}
RESULT: {"text":"300"}
COMMAND: GET /session/2d3f18d96ae83e7081695401c2e0fdda/screenshot - {}
RESULT: {}
RESULT: {}
COMMAND: POST /session/2d3f18d96ae83e7081695401c2e0fdda/execute/async - {"script":"<script> [1562 bytes]","args":[{"selector":{"controlType":"sap.m.Button","viewName":"etm.portal.ui.managepartners.view.NewPartner","viewId":"application-managepartners-display-component---NewPartner","i18NText":{"propertyName":"text","key":"save"},"interaction":{"idSuffix":"BDI-content"}},"wdio_ui5_key":"etmportal.ui.managepartners.view.NewPartnersap.m.Button{\"propertyName\":\"text\",\"key\":\"save\"}"}]}
RESULT: {"script":"<script> [1562 bytes]","args":[{"selector":{"controlType":"sap.m.Button","viewName":"etm.portal.ui.managepartners.view.NewPartner","viewId":"application-managepartners-display-component---NewPartner","i18NText":{"propertyName":"text","key":"save"},"interaction":{"idSuffix":"BDI-content"}},"wdio_ui5_key":"etmportal.ui.managepartners.view.NewPartnersap.m.Button{\"propertyName\":\"text\",\"key\":\"save\"}"}]}
RESULT: undefined
COMMAND: POST /session/2d3f18d96ae83e7081695401c2e0fdda/element - {"using":"xpath","value":"//*[@id=\"__button12\"]"}
RESULT: {"using":"xpath","value":"//*[@id=\"__button12\"]"}
COMMAND: POST /session/2d3f18d96ae83e7081695401c2e0fdda/element/f.3980C6CC6DC27C16253BC7A58143231A.d.30E05D8CAA9CABB88900AE21577404EB.e.1575/click - {}
RESULT: {}
COMMAND: GET /session/2d3f18d96ae83e7081695401c2e0fdda/screenshot - {}
RESULT: {}
COMMAND: POST /session/2d3f18d96ae83e7081695401c2e0fdda/element - {"using":"xpath","value":"//header/div/div[2]/div[2]/span"}
RESULT: {"using":"xpath","value":"//header/div/div[2]/div[2]/span"}
COMMAND: GET /session/2d3f18d96ae83e7081695401c2e0fdda/element/f.3980C6CC6DC27C16253BC7A58143231A.d.30E05D8CAA9CABB88900AE21577404EB.e.1833/text - {}
RESULT: {}
COMMAND: POST /session/2d3f18d96ae83e7081695401c2e0fdda/element - {"using":"xpath","value":"//header/div/div/div/div/div/div[2]/div/span"}
RESULT: {"using":"xpath","value":"//header/div/div/div/div/div/div[2]/div/span"}
COMMAND: GET /session/2d3f18d96ae83e7081695401c2e0fdda/element/f.3980C6CC6DC27C16253BC7A58143231A.d.30E05D8CAA9CABB88900AE21577404EB.e.1834/text - {}
RESULT: {}
COMMAND: POST /session/2d3f18d96ae83e7081695401c2e0fdda/execute/async - {"script":"<script> [1562 bytes]","args":[{"selector":{"id":"application-managepartners-display-component---detailPtm--partnerType"},"wdio_ui5_key":"applicationmanagepartners-display-component---detailPtm--partnerType"}]}
RESULT: {"script":"<script> [1562 bytes]","args":[{"selector":{"id":"application-managepartners-display-component---detailPtm--partnerType"},"wdio_ui5_key":"applicationmanagepartners-display-component---detailPtm--partnerType"}]}
RESULT: undefined
COMMAND: POST /session/2d3f18d96ae83e7081695401c2e0fdda/execute/async - {"script":"<script> [6424 bytes]","args":[{"element-6066-11e4-a52e-4f735466cecf":"f.3980C6CC6DC27C16253BC7A58143231A.d.30E05D8CAA9CABB88900AE21577404EB.e.1835"},"getText",[]]}
RESULT: {"script":"<script> [6424 bytes]","args":[{"element-6066-11e4-a52e-4f735466cecf":"f.3980C6CC6DC27C16253BC7A58143231A.d.30E05D8CAA9CABB88900AE21577404EB.e.1835"},"getText",[]]}
COMMAND: POST /session/2d3f18d96ae83e7081695401c2e0fdda/element - {"using":"css selector","value":"#shell-header-logo"}
RESULT: {"using":"css selector","value":"#shell-header-logo"}
COMMAND: POST /session/2d3f18d96ae83e7081695401c2e0fdda/element/f.3980C6CC6DC27C16253BC7A58143231A.d.30E05D8CAA9CABB88900AE21577404EB.e.1179/click - {}
RESULT: {}
COMMAND: GET /session/2d3f18d96ae83e7081695401c2e0fdda/screenshot - {}
RESULT: {}
]]></system-out>
    </testcase>
    <testcase classname="chrome.136_0_7103_49.windows.Manage_Requests_Tags_Tests_US120163" name="Should create a new site" time="104.534">
      <system-out><![CDATA[
COMMAND: POST /session/2d3f18d96ae83e7081695401c2e0fdda/execute/async - {"script":"<script> [1562 bytes]","args":[{"selector":{"controlType":"sap.m.GenericTile","properties":{"header":"Manage Sites"}},"wdio_ui5_key":"sapm.GenericTile{\"header\":\"Manage Sites\"}"}]}
RESULT: {"script":"<script> [1562 bytes]","args":[{"selector":{"controlType":"sap.m.GenericTile","properties":{"header":"Manage Sites"}},"wdio_ui5_key":"sapm.GenericTile{\"header\":\"Manage Sites\"}"}]}
RESULT: undefined
COMMAND: POST /session/2d3f18d96ae83e7081695401c2e0fdda/element - {"using":"xpath","value":"//*[@id=\"__tile40\"]"}
RESULT: {"using":"xpath","value":"//*[@id=\"__tile40\"]"}
COMMAND: POST /session/2d3f18d96ae83e7081695401c2e0fdda/element/f.3980C6CC6DC27C16253BC7A58143231A.d.30E05D8CAA9CABB88900AE21577404EB.e.1837/click - {}
RESULT: {}
COMMAND: GET /session/2d3f18d96ae83e7081695401c2e0fdda/screenshot - {}
RESULT: {}
COMMAND: POST /session/2d3f18d96ae83e7081695401c2e0fdda/elements - {"using":"xpath","value":"//span[text()='Error']"}
RESULT: {"using":"xpath","value":"//span[text()='Error']"}
COMMAND: POST /session/2d3f18d96ae83e7081695401c2e0fdda/execute/async - {"script":"<script> [1562 bytes]","args":[{"selector":{"controlType":"sap.ui.core.Icon","viewName":"etm.portal.ui.managesites.view.Master","viewId":"application-managesites-display-component---masterSite","properties":{"src":{"regex":{"source":"add"}}}},"wdio_ui5_key":"etmportal.ui.managesites.view.Mastersap.ui.core.Icon{\"src\":{\"regex\":{\"source\":\"add\"}}}"}]}
RESULT: {"script":"<script> [1562 bytes]","args":[{"selector":{"controlType":"sap.ui.core.Icon","viewName":"etm.portal.ui.managesites.view.Master","viewId":"application-managesites-display-component---masterSite","properties":{"src":{"regex":{"source":"add"}}}},"wdio_ui5_key":"etmportal.ui.managesites.view.Mastersap.ui.core.Icon{\"src\":{\"regex\":{\"source\":\"add\"}}}"}]}
RESULT: undefined
COMMAND: POST /session/2d3f18d96ae83e7081695401c2e0fdda/element - {"using":"xpath","value":"//*[@id=\"__button48-img\"]"}
RESULT: {"using":"xpath","value":"//*[@id=\"__button48-img\"]"}
COMMAND: POST /session/2d3f18d96ae83e7081695401c2e0fdda/element/f.3980C6CC6DC27C16253BC7A58143231A.d.30E05D8CAA9CABB88900AE21577404EB.e.1886/click - {}
RESULT: {}
COMMAND: POST /session/2d3f18d96ae83e7081695401c2e0fdda/execute/async - {"script":"<script> [1562 bytes]","args":[{"selector":{"id":"application-managesites-display-component---NewSite--siteId","interaction":{"idSuffix":"inner"}},"wdio_ui5_key":"applicationmanagesites-display-component---NewSite--siteId"}]}
COMMAND: GET /session/2d3f18d96ae83e7081695401c2e0fdda/screenshot - {}
RESULT: {"script":"<script> [1562 bytes]","args":[{"selector":{"id":"application-managesites-display-component---NewSite--siteId","interaction":{"idSuffix":"inner"}},"wdio_ui5_key":"applicationmanagesites-display-component---NewSite--siteId"}]}
RESULT: undefined
COMMAND: POST /session/2d3f18d96ae83e7081695401c2e0fdda/execute/async - {"script":"<script> [1562 bytes]","args":[{"selector":{"id":"application-managesites-display-component---NewSite--addressDetailDetailsName1","interaction":{"idSuffix":"inner"}},"wdio_ui5_key":"applicationmanagesites-display-component---NewSite--addressDetailDetailsName1"}]}
RESULT: {}
RESULT: {"script":"<script> [1562 bytes]","args":[{"selector":{"id":"application-managesites-display-component---NewSite--addressDetailDetailsName1","interaction":{"idSuffix":"inner"}},"wdio_ui5_key":"applicationmanagesites-display-component---NewSite--addressDetailDetailsName1"}]}
RESULT: undefined
COMMAND: POST /session/2d3f18d96ae83e7081695401c2e0fdda/execute/async - {"script":"<script> [776 bytes]","args":[{"enterText":"WebdriverSite4jv9s","selector":{"id":"application-managesites-display-component---NewSite--addressDetailDetailsName1","interaction":{"idSuffix":"inner"}},"clearTextFirst":true,"interactionType":"ENTER_TEXT"}]}
RESULT: {"script":"<script> [776 bytes]","args":[{"enterText":"WebdriverSite4jv9s","selector":{"id":"application-managesites-display-component---NewSite--addressDetailDetailsName1","interaction":{"idSuffix":"inner"}},"clearTextFirst":true,"interactionType":"ENTER_TEXT"}]}
COMMAND: POST /session/2d3f18d96ae83e7081695401c2e0fdda/execute/async - {"script":"<script> [1562 bytes]","args":[{"selector":{"id":"application-managesites-display-component---NewSite--addressDetailDetailsLanguage","interaction":{"idSuffix":"inner"}},"wdio_ui5_key":"applicationmanagesites-display-component---NewSite--addressDetailDetailsLanguage"}]}
RESULT: {"script":"<script> [1562 bytes]","args":[{"selector":{"id":"application-managesites-display-component---NewSite--addressDetailDetailsLanguage","interaction":{"idSuffix":"inner"}},"wdio_ui5_key":"applicationmanagesites-display-component---NewSite--addressDetailDetailsLanguage"}]}
RESULT: undefined
COMMAND: POST /session/2d3f18d96ae83e7081695401c2e0fdda/execute/async - {"script":"<script> [776 bytes]","args":[{"enterText":"Romanian","selector":{"id":"application-managesites-display-component---NewSite--addressDetailDetailsLanguage","interaction":{"idSuffix":"inner"}},"clearTextFirst":true,"interactionType":"ENTER_TEXT"}]}
RESULT: {"script":"<script> [776 bytes]","args":[{"enterText":"Romanian","selector":{"id":"application-managesites-display-component---NewSite--addressDetailDetailsLanguage","interaction":{"idSuffix":"inner"}},"clearTextFirst":true,"interactionType":"ENTER_TEXT"}]}
COMMAND: POST /session/2d3f18d96ae83e7081695401c2e0fdda/execute/async - {"script":"<script> [1562 bytes]","args":[{"selector":{"id":"application-managesites-display-component---NewSite--addressDetailDetailsCity1","interaction":{"idSuffix":"inner"}},"wdio_ui5_key":"applicationmanagesites-display-component---NewSite--addressDetailDetailsCity1"}]}
RESULT: {"script":"<script> [1562 bytes]","args":[{"selector":{"id":"application-managesites-display-component---NewSite--addressDetailDetailsCity1","interaction":{"idSuffix":"inner"}},"wdio_ui5_key":"applicationmanagesites-display-component---NewSite--addressDetailDetailsCity1"}]}
RESULT: undefined
COMMAND: POST /session/2d3f18d96ae83e7081695401c2e0fdda/execute/async - {"script":"<script> [776 bytes]","args":[{"enterText":"Bucharest","selector":{"id":"application-managesites-display-component---NewSite--addressDetailDetailsCity1","interaction":{"idSuffix":"inner"}},"clearTextFirst":true,"interactionType":"ENTER_TEXT"}]}
RESULT: {"script":"<script> [776 bytes]","args":[{"enterText":"Bucharest","selector":{"id":"application-managesites-display-component---NewSite--addressDetailDetailsCity1","interaction":{"idSuffix":"inner"}},"clearTextFirst":true,"interactionType":"ENTER_TEXT"}]}
COMMAND: POST /session/2d3f18d96ae83e7081695401c2e0fdda/execute/async - {"script":"<script> [1562 bytes]","args":[{"selector":{"id":"application-managesites-display-component---NewSite--addressDetailDetailsCountry","interaction":{"idSuffix":"inner"}},"wdio_ui5_key":"applicationmanagesites-display-component---NewSite--addressDetailDetailsCountry"}]}
RESULT: {"script":"<script> [1562 bytes]","args":[{"selector":{"id":"application-managesites-display-component---NewSite--addressDetailDetailsCountry","interaction":{"idSuffix":"inner"}},"wdio_ui5_key":"applicationmanagesites-display-component---NewSite--addressDetailDetailsCountry"}]}
RESULT: undefined
COMMAND: POST /session/2d3f18d96ae83e7081695401c2e0fdda/execute/async - {"script":"<script> [776 bytes]","args":[{"enterText":"Romania","selector":{"id":"application-managesites-display-component---NewSite--addressDetailDetailsCountry","interaction":{"idSuffix":"inner"}},"clearTextFirst":true,"interactionType":"ENTER_TEXT"}]}
RESULT: {"script":"<script> [776 bytes]","args":[{"enterText":"Romania","selector":{"id":"application-managesites-display-component---NewSite--addressDetailDetailsCountry","interaction":{"idSuffix":"inner"}},"clearTextFirst":true,"interactionType":"ENTER_TEXT"}]}
COMMAND: POST /session/2d3f18d96ae83e7081695401c2e0fdda/element - {"using":"css selector","value":"#application-managesites-display-component---NewSite--addressDetailDetailsCalendar-inner"}
RESULT: {"using":"css selector","value":"#application-managesites-display-component---NewSite--addressDetailDetailsCalendar-inner"}
COMMAND: POST /session/2d3f18d96ae83e7081695401c2e0fdda/element/f.3980C6CC6DC27C16253BC7A58143231A.d.30E05D8CAA9CABB88900AE21577404EB.e.2083/clear - {}
RESULT: {}
COMMAND: POST /session/2d3f18d96ae83e7081695401c2e0fdda/element/f.3980C6CC6DC27C16253BC7A58143231A.d.30E05D8CAA9CABB88900AE21577404EB.e.2083/value - {"text":"Germany"}
COMMAND: GET /session/2d3f18d96ae83e7081695401c2e0fdda/screenshot - {}
RESULT: {"text":"Germany"}
COMMAND: POST /session/2d3f18d96ae83e7081695401c2e0fdda/execute/async - {"script":"<script> [1562 bytes]","args":[{"selector":{"id":"application-managesites-display-component---NewSite--addressEditDetailsCostObjectCstType-arrow"},"wdio_ui5_key":"applicationmanagesites-display-component---NewSite--addressEditDetailsCostObjectCstType-arrow"}]}
COMMAND: GET /session/2d3f18d96ae83e7081695401c2e0fdda/screenshot - {}
RESULT: {}
RESULT: {"script":"<script> [1562 bytes]","args":[{"selector":{"id":"application-managesites-display-component---NewSite--addressEditDetailsCostObjectCstType-arrow"},"wdio_ui5_key":"applicationmanagesites-display-component---NewSite--addressEditDetailsCostObjectCstType-arrow"}]}
RESULT: undefined
COMMAND: POST /session/2d3f18d96ae83e7081695401c2e0fdda/element - {"using":"xpath","value":"//*[@id=\"application-managesites-display-component---NewSite--addressEditDetailsCostObjectCstType-arrow\"]"}
RESULT: {}
RESULT: {"using":"xpath","value":"//*[@id=\"application-managesites-display-component---NewSite--addressEditDetailsCostObjectCstType-arrow\"]"}
COMMAND: POST /session/2d3f18d96ae83e7081695401c2e0fdda/element/f.3980C6CC6DC27C16253BC7A58143231A.d.30E05D8CAA9CABB88900AE21577404EB.e.2278/click - {}
RESULT: {}
COMMAND: POST /session/2d3f18d96ae83e7081695401c2e0fdda/element - {"using":"xpath","value":"//span[contains(text(), \"Work Breakdown Structure\")]"}
COMMAND: GET /session/2d3f18d96ae83e7081695401c2e0fdda/screenshot - {}
RESULT: {"using":"xpath","value":"//span[contains(text(), \"Work Breakdown Structure\")]"}
COMMAND: POST /session/2d3f18d96ae83e7081695401c2e0fdda/element/f.3980C6CC6DC27C16253BC7A58143231A.d.30E05D8CAA9CABB88900AE21577404EB.e.2280/click - {}
RESULT: {}
RESULT: {}
COMMAND: GET /session/2d3f18d96ae83e7081695401c2e0fdda/screenshot - {}
RESULT: {}
COMMAND: POST /session/2d3f18d96ae83e7081695401c2e0fdda/execute/async - {"script":"<script> [1562 bytes]","args":[{"selector":{"id":"application-managesites-display-component---NewSite--addressNewCostObjectCstID-vhi"},"wdio_ui5_key":"applicationmanagesites-display-component---NewSite--addressNewCostObjectCstID-vhi"}]}
RESULT: {"script":"<script> [1562 bytes]","args":[{"selector":{"id":"application-managesites-display-component---NewSite--addressNewCostObjectCstID-vhi"},"wdio_ui5_key":"applicationmanagesites-display-component---NewSite--addressNewCostObjectCstID-vhi"}]}
RESULT: undefined
COMMAND: POST /session/2d3f18d96ae83e7081695401c2e0fdda/element - {"using":"xpath","value":"//*[@id=\"application-managesites-display-component---NewSite--addressNewCostObjectCstID-vhi\"]"}
RESULT: {"using":"xpath","value":"//*[@id=\"application-managesites-display-component---NewSite--addressNewCostObjectCstID-vhi\"]"}
COMMAND: POST /session/2d3f18d96ae83e7081695401c2e0fdda/element/f.3980C6CC6DC27C16253BC7A58143231A.d.30E05D8CAA9CABB88900AE21577404EB.e.2284/click - {}
RESULT: {}
COMMAND: GET /session/2d3f18d96ae83e7081695401c2e0fdda/screenshot - {}
COMMAND: POST /session/2d3f18d96ae83e7081695401c2e0fdda/execute/async - {"script":"<script> [1562 bytes]","args":[{"selector":{"controlType":"sap.m.SearchField","properties":{"placeholder":"Search"},"searchOpenDialogs":true,"interaction":{"idSuffix":"I"}},"wdio_ui5_key":"sapm.SearchField{\"placeholder\":\"Search\"}"}]}
RESULT: {}
RESULT: {"script":"<script> [1562 bytes]","args":[{"selector":{"controlType":"sap.m.SearchField","properties":{"placeholder":"Search"},"searchOpenDialogs":true,"interaction":{"idSuffix":"I"}},"wdio_ui5_key":"sapm.SearchField{\"placeholder\":\"Search\"}"}]}
RESULT: undefined
COMMAND: POST /session/2d3f18d96ae83e7081695401c2e0fdda/execute/async - {"script":"<script> [776 bytes]","args":[{"enterText":"A1-000100-01","selector":{"controlType":"sap.m.SearchField","properties":{"placeholder":"Search"},"searchOpenDialogs":true,"interaction":{"idSuffix":"I"}},"clearTextFirst":true,"interactionType":"ENTER_TEXT"}]}
RESULT: {"script":"<script> [776 bytes]","args":[{"enterText":"A1-000100-01","selector":{"controlType":"sap.m.SearchField","properties":{"placeholder":"Search"},"searchOpenDialogs":true,"interaction":{"idSuffix":"I"}},"clearTextFirst":true,"interactionType":"ENTER_TEXT"}]}
COMMAND: POST /session/2d3f18d96ae83e7081695401c2e0fdda/actions - {"actions":[{"id":"action3","type":"key","parameters":{},"actions":[{"type":"keyDown","value":"î€‡"},{"type":"pause","duration":10},{"type":"keyUp","value":"î€‡"}]}]}
RESULT: {"actions":[{"id":"action3","type":"key","parameters":{},"actions":[{"type":"keyDown","value":"î€‡"},{"type":"pause","duration":10},{"type":"keyUp","value":"î€‡"}]}]}
COMMAND: GET /session/2d3f18d96ae83e7081695401c2e0fdda/screenshot - {}
RESULT: {}
COMMAND: POST /session/2d3f18d96ae83e7081695401c2e0fdda/element - {"using":"xpath","value":"//span[contains(text(), \"Template for ETO-Process\")]"}
RESULT: {"using":"xpath","value":"//span[contains(text(), \"Template for ETO-Process\")]"}
COMMAND: POST /session/2d3f18d96ae83e7081695401c2e0fdda/element/f.3980C6CC6DC27C16253BC7A58143231A.d.30E05D8CAA9CABB88900AE21577404EB.e.2305/click - {}
RESULT: {}
COMMAND: GET /session/2d3f18d96ae83e7081695401c2e0fdda/screenshot - {}
RESULT: {}
COMMAND: POST /session/2d3f18d96ae83e7081695401c2e0fdda/element - {"using":"xpath","value":"//bdi[contains(text(), \"OK\")]"}
RESULT: {"using":"xpath","value":"//bdi[contains(text(), \"OK\")]"}
COMMAND: POST /session/2d3f18d96ae83e7081695401c2e0fdda/element/f.3980C6CC6DC27C16253BC7A58143231A.d.30E05D8CAA9CABB88900AE21577404EB.e.2306/click - {}
RESULT: {}
COMMAND: GET /session/2d3f18d96ae83e7081695401c2e0fdda/screenshot - {}
RESULT: {}
COMMAND: POST /session/2d3f18d96ae83e7081695401c2e0fdda/element - {"using":"xpath","value":"//input[@id=\"application-managesites-display-component---NewSite--addressDetailDetailsYard-inner\"]"}
RESULT: {"using":"xpath","value":"//input[@id=\"application-managesites-display-component---NewSite--addressDetailDetailsYard-inner\"]"}
COMMAND: POST /session/2d3f18d96ae83e7081695401c2e0fdda/element/f.3980C6CC6DC27C16253BC7A58143231A.d.30E05D8CAA9CABB88900AE21577404EB.e.2084/value - {"text":"300"}
RESULT: {"text":"300"}
COMMAND: GET /session/2d3f18d96ae83e7081695401c2e0fdda/screenshot - {}
RESULT: {}
COMMAND: POST /session/2d3f18d96ae83e7081695401c2e0fdda/actions - {"actions":[{"id":"action4","type":"key","parameters":{},"actions":[{"type":"keyDown","value":"î€‡"},{"type":"pause","duration":10},{"type":"keyUp","value":"î€‡"}]}]}
RESULT: {"actions":[{"id":"action4","type":"key","parameters":{},"actions":[{"type":"keyDown","value":"î€‡"},{"type":"pause","duration":10},{"type":"keyUp","value":"î€‡"}]}]}
COMMAND: GET /session/2d3f18d96ae83e7081695401c2e0fdda/screenshot - {}
RESULT: {}
COMMAND: POST /session/2d3f18d96ae83e7081695401c2e0fdda/element - {"using":"xpath","value":"//input[@id=\"application-managesites-display-component---NewSite--addressDetailDetailsPartner-inner\"]"}
RESULT: {"using":"xpath","value":"//input[@id=\"application-managesites-display-component---NewSite--addressDetailDetailsPartner-inner\"]"}
COMMAND: POST /session/2d3f18d96ae83e7081695401c2e0fdda/elements - {"using":"xpath","value":"//input[@id=\"application-managesites-display-component---NewSite--addressDetailDetailsPartner-inner\"]"}
RESULT: {"using":"xpath","value":"//input[@id=\"application-managesites-display-component---NewSite--addressDetailDetailsPartner-inner\"]"}
COMMAND: POST /session/2d3f18d96ae83e7081695401c2e0fdda/execute/async - {"script":"<script> [1562 bytes]","args":[{"selector":{"controlType":"sap.m.Button","viewName":"etm.portal.ui.managesites.view.NewSmartSite","viewId":"application-managesites-display-component---NewSite","properties":{"text":"Commercial"},"interaction":{"idSuffix":"BDI-content"}},"wdio_ui5_key":"etmportal.ui.managesites.view.NewSmartSitesap.m.Button{\"text\":\"Commercial\"}"}]}
RESULT: {"script":"<script> [1562 bytes]","args":[{"selector":{"controlType":"sap.m.Button","viewName":"etm.portal.ui.managesites.view.NewSmartSite","viewId":"application-managesites-display-component---NewSite","properties":{"text":"Commercial"},"interaction":{"idSuffix":"BDI-content"}},"wdio_ui5_key":"etmportal.ui.managesites.view.NewSmartSitesap.m.Button{\"text\":\"Commercial\"}"}]}
RESULT: undefined
COMMAND: POST /session/2d3f18d96ae83e7081695401c2e0fdda/element - {"using":"xpath","value":"//*[@id=\"application-managesites-display-component---NewSite--ObjectPageLayout-anchBar-__section29-anchor\"]"}
RESULT: {"using":"xpath","value":"//*[@id=\"application-managesites-display-component---NewSite--ObjectPageLayout-anchBar-__section29-anchor\"]"}
COMMAND: POST /session/2d3f18d96ae83e7081695401c2e0fdda/element/f.3980C6CC6DC27C16253BC7A58143231A.d.30E05D8CAA9CABB88900AE21577404EB.e.2313/click - {}
RESULT: {}
COMMAND: POST /session/2d3f18d96ae83e7081695401c2e0fdda/execute/async - {"script":"<script> [1562 bytes]","args":[{"selector":{"controlType":"sap.m.Button","viewName":"etm.portal.ui.managesites.view.NewSmartSite","viewId":"application-managesites-display-component---NewSite","i18NText":{"propertyName":"text","key":"save"},"interaction":{"idSuffix":"BDI-content"}},"wdio_ui5_key":"etmportal.ui.managesites.view.NewSmartSitesap.m.Button{\"propertyName\":\"text\",\"key\":\"save\"}"}]}
COMMAND: GET /session/2d3f18d96ae83e7081695401c2e0fdda/screenshot - {}
RESULT: {"script":"<script> [1562 bytes]","args":[{"selector":{"controlType":"sap.m.Button","viewName":"etm.portal.ui.managesites.view.NewSmartSite","viewId":"application-managesites-display-component---NewSite","i18NText":{"propertyName":"text","key":"save"},"interaction":{"idSuffix":"BDI-content"}},"wdio_ui5_key":"etmportal.ui.managesites.view.NewSmartSitesap.m.Button{\"propertyName\":\"text\",\"key\":\"save\"}"}]}
RESULT: undefined
COMMAND: POST /session/2d3f18d96ae83e7081695401c2e0fdda/element - {"using":"xpath","value":"//*[@id=\"__button60\"]"}
RESULT: {}
RESULT: {"using":"xpath","value":"//*[@id=\"__button60\"]"}
COMMAND: POST /session/2d3f18d96ae83e7081695401c2e0fdda/element/f.3980C6CC6DC27C16253BC7A58143231A.d.30E05D8CAA9CABB88900AE21577404EB.e.2219/click - {}
RESULT: {}
COMMAND: GET /session/2d3f18d96ae83e7081695401c2e0fdda/screenshot - {}
RESULT: {}
COMMAND: POST /session/2d3f18d96ae83e7081695401c2e0fdda/execute/async - {"script":"<script> [1562 bytes]","args":[{"selector":{"id":"application-managesites-display-component---detailSite--addressDetailDetailsYardText"},"wdio_ui5_key":"applicationmanagesites-display-component---detailSite--addressDetailDetailsYardText"}]}
RESULT: {"script":"<script> [1562 bytes]","args":[{"selector":{"id":"application-managesites-display-component---detailSite--addressDetailDetailsYardText"},"wdio_ui5_key":"applicationmanagesites-display-component---detailSite--addressDetailDetailsYardText"}]}
RESULT: undefined
COMMAND: POST /session/2d3f18d96ae83e7081695401c2e0fdda/element - {"using":"xpath","value":"//header/div/div[2]/div[2]/span"}
RESULT: {"using":"xpath","value":"//header/div/div[2]/div[2]/span"}
COMMAND: GET /session/2d3f18d96ae83e7081695401c2e0fdda/element/f.3980C6CC6DC27C16253BC7A58143231A.d.30E05D8CAA9CABB88900AE21577404EB.e.2518/text - {}
RESULT: {}
COMMAND: POST /session/2d3f18d96ae83e7081695401c2e0fdda/element - {"using":"xpath","value":"//header/div/div/div/div/div/div[2]/div/span"}
RESULT: {"using":"xpath","value":"//header/div/div/div/div/div/div[2]/div/span"}
COMMAND: GET /session/2d3f18d96ae83e7081695401c2e0fdda/element/f.3980C6CC6DC27C16253BC7A58143231A.d.30E05D8CAA9CABB88900AE21577404EB.e.2519/text - {}
RESULT: {}
COMMAND: POST /session/2d3f18d96ae83e7081695401c2e0fdda/element - {"using":"css selector","value":"#shell-header-logo"}
RESULT: {"using":"css selector","value":"#shell-header-logo"}
COMMAND: POST /session/2d3f18d96ae83e7081695401c2e0fdda/element/f.3980C6CC6DC27C16253BC7A58143231A.d.30E05D8CAA9CABB88900AE21577404EB.e.1842/click - {}
RESULT: {}
COMMAND: GET /session/2d3f18d96ae83e7081695401c2e0fdda/screenshot - {}
RESULT: {}
]]></system-out>
    </testcase>
    <testcase classname="chrome.136_0_7103_49.windows.Manage_Requests_Tags_Tests_US120163" name="Should Create New Request Tags" time="219.435">
      <system-out><![CDATA[
COMMAND: POST /session/2d3f18d96ae83e7081695401c2e0fdda/execute/async - {"script":"<script> [1562 bytes]","args":[{"selector":{"controlType":"sap.m.GenericTile","properties":{"header":"Manage Requests"}},"wdio_ui5_key":"sapm.GenericTile{\"header\":\"Manage Requests\"}"}]}
RESULT: {"script":"<script> [1562 bytes]","args":[{"selector":{"controlType":"sap.m.GenericTile","properties":{"header":"Manage Requests"}},"wdio_ui5_key":"sapm.GenericTile{\"header\":\"Manage Requests\"}"}]}
RESULT: undefined
COMMAND: POST /session/2d3f18d96ae83e7081695401c2e0fdda/element - {"using":"xpath","value":"//*[@id=\"__tile47\"]"}
RESULT: {"using":"xpath","value":"//*[@id=\"__tile47\"]"}
COMMAND: POST /session/2d3f18d96ae83e7081695401c2e0fdda/element/f.3980C6CC6DC27C16253BC7A58143231A.d.30E05D8CAA9CABB88900AE21577404EB.e.2521/click - {}
RESULT: {}
COMMAND: GET /session/2d3f18d96ae83e7081695401c2e0fdda/screenshot - {}
RESULT: {}
COMMAND: POST /session/2d3f18d96ae83e7081695401c2e0fdda/elements - {"using":"xpath","value":"//span[text()='Error']"}
RESULT: {"using":"xpath","value":"//span[text()='Error']"}
COMMAND: POST /session/2d3f18d96ae83e7081695401c2e0fdda/element - {"using":"xpath","value":"//button[contains(@data-kt ,\"btnCreateNewOverflowToolbarButton\")]"}
COMMAND: POST /session/2d3f18d96ae83e7081695401c2e0fdda/element - {"using":"xpath","value":"(//span[contains(@class ,\"sapMObjStatusText\")])[1]"}
RESULT: {"using":"xpath","value":"//button[contains(@data-kt ,\"btnCreateNewOverflowToolbarButton\")]"}
COMMAND: POST /session/2d3f18d96ae83e7081695401c2e0fdda/element/f.3980C6CC6DC27C16253BC7A58143231A.d.30E05D8CAA9CABB88900AE21577404EB.e.2578/click - {}
RESULT: {"using":"xpath","value":"(//span[contains(@class ,\"sapMObjStatusText\")])[1]"}
COMMAND: POST /session/2d3f18d96ae83e7081695401c2e0fdda/execute/sync - {"script":"<script> [8489 bytes]","args":[{"element-6066-11e4-a52e-4f735466cecf":"f.3980C6CC6DC27C16253BC7A58143231A.d.30E05D8CAA9CABB88900AE21577404EB.e.2613","ELEMENT":"f.3980C6CC6DC27C16253BC7A58143231A.d.30E05D8CAA9CABB88900AE21577404EB.e.2613"}]}
RESULT: {}
COMMAND: GET /session/2d3f18d96ae83e7081695401c2e0fdda/screenshot - {}
COMMAND: POST /session/2d3f18d96ae83e7081695401c2e0fdda/element - {"using":"xpath","value":"(//span[contains(@class ,\"sapMObjStatusText\")])[1]"}
RESULT: {}
RESULT: {"using":"xpath","value":"(//span[contains(@class ,\"sapMObjStatusText\")])[1]"}
COMMAND: POST /session/2d3f18d96ae83e7081695401c2e0fdda/execute/sync - {"script":"<script> [8489 bytes]","args":[{"element-6066-11e4-a52e-4f735466cecf":"f.3980C6CC6DC27C16253BC7A58143231A.d.30E05D8CAA9CABB88900AE21577404EB.e.2872","ELEMENT":"f.3980C6CC6DC27C16253BC7A58143231A.d.30E05D8CAA9CABB88900AE21577404EB.e.2872"}]}
RESULT: {"script":"<script> [8489 bytes]","args":[{"element-6066-11e4-a52e-4f735466cecf":"f.3980C6CC6DC27C16253BC7A58143231A.d.30E05D8CAA9CABB88900AE21577404EB.e.2872","ELEMENT":"f.3980C6CC6DC27C16253BC7A58143231A.d.30E05D8CAA9CABB88900AE21577404EB.e.2872"}]}
COMMAND: GET /session/2d3f18d96ae83e7081695401c2e0fdda/screenshot - {}
RESULT: {}
COMMAND: POST /session/2d3f18d96ae83e7081695401c2e0fdda/element - {"using":"xpath","value":"//input[contains(@id ,\"yardId-inner\")]"}
RESULT: {"using":"xpath","value":"//input[contains(@id ,\"yardId-inner\")]"}
COMMAND: POST /session/2d3f18d96ae83e7081695401c2e0fdda/execute/sync - {"script":"<script> [8489 bytes]","args":[{"element-6066-11e4-a52e-4f735466cecf":"f.3980C6CC6DC27C16253BC7A58143231A.d.30E05D8CAA9CABB88900AE21577404EB.e.2698","ELEMENT":"f.3980C6CC6DC27C16253BC7A58143231A.d.30E05D8CAA9CABB88900AE21577404EB.e.2698"}]}
RESULT: {"script":"<script> [8489 bytes]","args":[{"element-6066-11e4-a52e-4f735466cecf":"f.3980C6CC6DC27C16253BC7A58143231A.d.30E05D8CAA9CABB88900AE21577404EB.e.2698","ELEMENT":"f.3980C6CC6DC27C16253BC7A58143231A.d.30E05D8CAA9CABB88900AE21577404EB.e.2698"}]}
COMMAND: POST /session/2d3f18d96ae83e7081695401c2e0fdda/element - {"using":"xpath","value":"//input[contains(@id ,\"yardId-inner\")]"}
COMMAND: GET /session/2d3f18d96ae83e7081695401c2e0fdda/screenshot - {}
RESULT: {"using":"xpath","value":"//input[contains(@id ,\"yardId-inner\")]"}
COMMAND: GET /session/2d3f18d96ae83e7081695401c2e0fdda/element/f.3980C6CC6DC27C16253BC7A58143231A.d.30E05D8CAA9CABB88900AE21577404EB.e.2698/enabled - {}
RESULT: {}
RESULT: {}
COMMAND: POST /session/2d3f18d96ae83e7081695401c2e0fdda/element/f.3980C6CC6DC27C16253BC7A58143231A.d.30E05D8CAA9CABB88900AE21577404EB.e.2698/clear - {}
COMMAND: GET /session/2d3f18d96ae83e7081695401c2e0fdda/screenshot - {}
RESULT: {}
COMMAND: POST /session/2d3f18d96ae83e7081695401c2e0fdda/element/f.3980C6CC6DC27C16253BC7A58143231A.d.30E05D8CAA9CABB88900AE21577404EB.e.2698/value - {"text":"WebdriverYard50w3qf"}
COMMAND: GET /session/2d3f18d96ae83e7081695401c2e0fdda/screenshot - {}
RESULT: {}
RESULT: {"text":"WebdriverYard50w3qf"}
COMMAND: GET /session/2d3f18d96ae83e7081695401c2e0fdda/screenshot - {}
COMMAND: POST /session/2d3f18d96ae83e7081695401c2e0fdda/element - {"using":"xpath","value":"//input[contains(@id ,\"customerNumber-inner\")]"}
RESULT: {}
RESULT: {}
RESULT: {"using":"xpath","value":"//input[contains(@id ,\"customerNumber-inner\")]"}
COMMAND: POST /session/2d3f18d96ae83e7081695401c2e0fdda/element/f.3980C6CC6DC27C16253BC7A58143231A.d.30E05D8CAA9CABB88900AE21577404EB.e.2694/value - {"text":"WebdriverPartnerpc8f5"}
COMMAND: POST /session/2d3f18d96ae83e7081695401c2e0fdda/actions - {"actions":[{"id":"action5","type":"key","parameters":{},"actions":[{"type":"keyDown","value":"î€‡"},{"type":"pause","duration":10},{"type":"keyUp","value":"î€‡"}]}]}
RESULT: {"text":"WebdriverPartnerpc8f5"}
COMMAND: GET /session/2d3f18d96ae83e7081695401c2e0fdda/screenshot - {}
RESULT: {"actions":[{"id":"action5","type":"key","parameters":{},"actions":[{"type":"keyDown","value":"î€‡"},{"type":"pause","duration":10},{"type":"keyUp","value":"î€‡"}]}]}
COMMAND: GET /session/2d3f18d96ae83e7081695401c2e0fdda/screenshot - {}
RESULT: {}
RESULT: {}
COMMAND: POST /session/2d3f18d96ae83e7081695401c2e0fdda/element/f.3980C6CC6DC27C16253BC7A58143231A.d.30E05D8CAA9CABB88900AE21577404EB.e.2698/clear - {}
RESULT: {}
COMMAND: POST /session/2d3f18d96ae83e7081695401c2e0fdda/element/f.3980C6CC6DC27C16253BC7A58143231A.d.30E05D8CAA9CABB88900AE21577404EB.e.2698/clear - {}
COMMAND: GET /session/2d3f18d96ae83e7081695401c2e0fdda/screenshot - {}
RESULT: {}
COMMAND: POST /session/2d3f18d96ae83e7081695401c2e0fdda/element/f.3980C6CC6DC27C16253BC7A58143231A.d.30E05D8CAA9CABB88900AE21577404EB.e.2698/value - {"text":"WebdriverYard50w3qf"}
COMMAND: GET /session/2d3f18d96ae83e7081695401c2e0fdda/screenshot - {}
RESULT: {}
COMMAND: POST /session/2d3f18d96ae83e7081695401c2e0fdda/actions - {"actions":[{"id":"action6","type":"key","parameters":{},"actions":[{"type":"keyDown","value":"î€‡"},{"type":"pause","duration":10},{"type":"keyUp","value":"î€‡"}]}]}
RESULT: {"text":"WebdriverYard50w3qf"}
COMMAND: GET /session/2d3f18d96ae83e7081695401c2e0fdda/screenshot - {}
RESULT: {}
RESULT: {"actions":[{"id":"action6","type":"key","parameters":{},"actions":[{"type":"keyDown","value":"î€‡"},{"type":"pause","duration":10},{"type":"keyUp","value":"î€‡"}]}]}
COMMAND: GET /session/2d3f18d96ae83e7081695401c2e0fdda/screenshot - {}
RESULT: {}
RESULT: {}
COMMAND: GET /session/2d3f18d96ae83e7081695401c2e0fdda/element/f.3980C6CC6DC27C16253BC7A58143231A.d.30E05D8CAA9CABB88900AE21577404EB.e.2694/property/value - {}
RESULT: {}
COMMAND: GET /session/2d3f18d96ae83e7081695401c2e0fdda/screenshot - {}
RESULT: {}
COMMAND: POST /session/2d3f18d96ae83e7081695401c2e0fdda/actions - {"actions":[{"id":"action7","type":"key","parameters":{},"actions":[{"type":"keyDown","value":"î€‡"},{"type":"pause","duration":10},{"type":"keyUp","value":"î€‡"}]}]}
RESULT: {"actions":[{"id":"action7","type":"key","parameters":{},"actions":[{"type":"keyDown","value":"î€‡"},{"type":"pause","duration":10},{"type":"keyUp","value":"î€‡"}]}]}
COMMAND: GET /session/2d3f18d96ae83e7081695401c2e0fdda/screenshot - {}
RESULT: {}
COMMAND: POST /session/2d3f18d96ae83e7081695401c2e0fdda/element - {"using":"xpath","value":"//input[contains(@id ,\"requestSiteId-inner\")]"}
RESULT: {"using":"xpath","value":"//input[contains(@id ,\"requestSiteId-inner\")]"}
COMMAND: POST /session/2d3f18d96ae83e7081695401c2e0fdda/element/f.3980C6CC6DC27C16253BC7A58143231A.d.30E05D8CAA9CABB88900AE21577404EB.e.2693/value - {"text":"WebdriverSite4jv9s"}
RESULT: {"text":"WebdriverSite4jv9s"}
COMMAND: GET /session/2d3f18d96ae83e7081695401c2e0fdda/screenshot - {}
RESULT: {}
COMMAND: POST /session/2d3f18d96ae83e7081695401c2e0fdda/actions - {"actions":[{"id":"action8","type":"key","parameters":{},"actions":[{"type":"keyDown","value":"î€‡"},{"type":"pause","duration":10},{"type":"keyUp","value":"î€‡"}]}]}
RESULT: {"actions":[{"id":"action8","type":"key","parameters":{},"actions":[{"type":"keyDown","value":"î€‡"},{"type":"pause","duration":10},{"type":"keyUp","value":"î€‡"}]}]}
COMMAND: GET /session/2d3f18d96ae83e7081695401c2e0fdda/screenshot - {}
RESULT: {}
COMMAND: POST /session/2d3f18d96ae83e7081695401c2e0fdda/execute/async - {"script":"<script> [1562 bytes]","args":[{"selector":{"controlType":"sap.m.Input","viewName":"etm.portal.ui.managerequests.view.NewRequest","bindingPath":{"path":"","propertyPath":"/DESCRIPTION","modelName":"oNewRequestModel"},"interaction":{"idSuffix":"inner"}},"wdio_ui5_key":"etmportal.ui.managerequests.view.NewRequestsap.m.Input{\"path\":\"\",\"propertyPath\":\"/DESCRIPTION\",\"modelName\":\"oNewRequestModel\"}"}]}
RESULT: {"script":"<script> [1562 bytes]","args":[{"selector":{"controlType":"sap.m.Input","viewName":"etm.portal.ui.managerequests.view.NewRequest","bindingPath":{"path":"","propertyPath":"/DESCRIPTION","modelName":"oNewRequestModel"},"interaction":{"idSuffix":"inner"}},"wdio_ui5_key":"etmportal.ui.managerequests.view.NewRequestsap.m.Input{\"path\":\"\",\"propertyPath\":\"/DESCRIPTION\",\"modelName\":\"oNewRequestModel\"}"}]}
RESULT: undefined
COMMAND: POST /session/2d3f18d96ae83e7081695401c2e0fdda/execute/async - {"script":"<script> [776 bytes]","args":[{"enterText":"Wdi5 Tags Test","selector":{"controlType":"sap.m.Input","viewName":"etm.portal.ui.managerequests.view.NewRequest","bindingPath":{"path":"","propertyPath":"/DESCRIPTION","modelName":"oNewRequestModel"},"interaction":{"idSuffix":"inner"}},"clearTextFirst":true,"interactionType":"ENTER_TEXT"}]}
RESULT: {"script":"<script> [776 bytes]","args":[{"enterText":"Wdi5 Tags Test","selector":{"controlType":"sap.m.Input","viewName":"etm.portal.ui.managerequests.view.NewRequest","bindingPath":{"path":"","propertyPath":"/DESCRIPTION","modelName":"oNewRequestModel"},"interaction":{"idSuffix":"inner"}},"clearTextFirst":true,"interactionType":"ENTER_TEXT"}]}
COMMAND: POST /session/2d3f18d96ae83e7081695401c2e0fdda/execute/async - {"script":"<script> [1562 bytes]","args":[{"selector":{"id":"tagInputAdd","viewName":"etm.portal.ui.managerequests.view.NewRequest","interaction":{"idSuffix":"inner"}},"wdio_ui5_key":"tagInputAddetmportal.ui.managerequests.view.NewRequest"}]}
RESULT: {"script":"<script> [1562 bytes]","args":[{"selector":{"id":"tagInputAdd","viewName":"etm.portal.ui.managerequests.view.NewRequest","interaction":{"idSuffix":"inner"}},"wdio_ui5_key":"tagInputAddetmportal.ui.managerequests.view.NewRequest"}]}
RESULT: undefined
COMMAND: POST /session/2d3f18d96ae83e7081695401c2e0fdda/execute/async - {"script":"<script> [776 bytes]","args":[{"enterText":"RefTag","selector":{"id":"tagInputAdd","viewName":"etm.portal.ui.managerequests.view.NewRequest","interaction":{"idSuffix":"inner"}},"clearTextFirst":true,"interactionType":"ENTER_TEXT"}]}
RESULT: {"script":"<script> [776 bytes]","args":[{"enterText":"RefTag","selector":{"id":"tagInputAdd","viewName":"etm.portal.ui.managerequests.view.NewRequest","interaction":{"idSuffix":"inner"}},"clearTextFirst":true,"interactionType":"ENTER_TEXT"}]}
COMMAND: POST /session/2d3f18d96ae83e7081695401c2e0fdda/actions - {"actions":[{"id":"action9","type":"key","parameters":{},"actions":[{"type":"keyDown","value":"î€‡"},{"type":"pause","duration":10},{"type":"keyUp","value":"î€‡"}]}]}
RESULT: {"actions":[{"id":"action9","type":"key","parameters":{},"actions":[{"type":"keyDown","value":"î€‡"},{"type":"pause","duration":10},{"type":"keyUp","value":"î€‡"}]}]}
COMMAND: GET /session/2d3f18d96ae83e7081695401c2e0fdda/screenshot - {}
RESULT: {}
RESULT: undefined
COMMAND: POST /session/2d3f18d96ae83e7081695401c2e0fdda/execute/async - {"script":"<script> [776 bytes]","args":[{"enterText":"tag-header","selector":{"id":"tagInputAdd","viewName":"etm.portal.ui.managerequests.view.NewRequest","interaction":{"idSuffix":"inner"}},"clearTextFirst":true,"interactionType":"ENTER_TEXT"}]}
RESULT: {"script":"<script> [776 bytes]","args":[{"enterText":"tag-header","selector":{"id":"tagInputAdd","viewName":"etm.portal.ui.managerequests.view.NewRequest","interaction":{"idSuffix":"inner"}},"clearTextFirst":true,"interactionType":"ENTER_TEXT"}]}
COMMAND: POST /session/2d3f18d96ae83e7081695401c2e0fdda/actions - {"actions":[{"id":"action10","type":"key","parameters":{},"actions":[{"type":"keyDown","value":"î€‡"},{"type":"pause","duration":10},{"type":"keyUp","value":"î€‡"}]}]}
RESULT: {"actions":[{"id":"action10","type":"key","parameters":{},"actions":[{"type":"keyDown","value":"î€‡"},{"type":"pause","duration":10},{"type":"keyUp","value":"î€‡"}]}]}
COMMAND: GET /session/2d3f18d96ae83e7081695401c2e0fdda/screenshot - {}
RESULT: {}
RESULT: undefined
COMMAND: POST /session/2d3f18d96ae83e7081695401c2e0fdda/execute/async - {"script":"<script> [776 bytes]","args":[{"enterText":"tag-duplicate","selector":{"id":"tagInputAdd","viewName":"etm.portal.ui.managerequests.view.NewRequest","interaction":{"idSuffix":"inner"}},"clearTextFirst":true,"interactionType":"ENTER_TEXT"}]}
RESULT: {"script":"<script> [776 bytes]","args":[{"enterText":"tag-duplicate","selector":{"id":"tagInputAdd","viewName":"etm.portal.ui.managerequests.view.NewRequest","interaction":{"idSuffix":"inner"}},"clearTextFirst":true,"interactionType":"ENTER_TEXT"}]}
COMMAND: POST /session/2d3f18d96ae83e7081695401c2e0fdda/actions - {"actions":[{"id":"action11","type":"key","parameters":{},"actions":[{"type":"keyDown","value":"î€‡"},{"type":"pause","duration":10},{"type":"keyUp","value":"î€‡"}]}]}
RESULT: {"actions":[{"id":"action11","type":"key","parameters":{},"actions":[{"type":"keyDown","value":"î€‡"},{"type":"pause","duration":10},{"type":"keyUp","value":"î€‡"}]}]}
COMMAND: GET /session/2d3f18d96ae83e7081695401c2e0fdda/screenshot - {}
RESULT: {}
COMMAND: POST /session/2d3f18d96ae83e7081695401c2e0fdda/execute/async - {"script":"<script> [1562 bytes]","args":[{"selector":{"id":"tagsLayoutAdd","viewName":"etm.portal.ui.managerequests.view.NewRequest"},"wdio_ui5_key":"tagsLayoutAddetmportal.ui.managerequests.view.NewRequest"}]}
RESULT: {"script":"<script> [1562 bytes]","args":[{"selector":{"id":"tagsLayoutAdd","viewName":"etm.portal.ui.managerequests.view.NewRequest"},"wdio_ui5_key":"tagsLayoutAddetmportal.ui.managerequests.view.NewRequest"}]}
RESULT: undefined
COMMAND: POST /session/2d3f18d96ae83e7081695401c2e0fdda/execute/async - {"script":"<script> [6424 bytes]","args":[{"element-6066-11e4-a52e-4f735466cecf":"f.3980C6CC6DC27C16253BC7A58143231A.d.30E05D8CAA9CABB88900AE21577404EB.e.2845"},"getTokens",[]]}
RESULT: {"script":"<script> [6424 bytes]","args":[{"element-6066-11e4-a52e-4f735466cecf":"f.3980C6CC6DC27C16253BC7A58143231A.d.30E05D8CAA9CABB88900AE21577404EB.e.2845"},"getTokens",[]]}
COMMAND: POST /session/2d3f18d96ae83e7081695401c2e0fdda/execute/async - {"script":"<script> [1562 bytes]","args":[{"wdio_ui5_key":"__token9","selector":{"id":"__token9"}}]}
COMMAND: POST /session/2d3f18d96ae83e7081695401c2e0fdda/execute/async - {"script":"<script> [1562 bytes]","args":[{"wdio_ui5_key":"__token10","selector":{"id":"__token10"}}]}
COMMAND: POST /session/2d3f18d96ae83e7081695401c2e0fdda/execute/async - {"script":"<script> [1562 bytes]","args":[{"wdio_ui5_key":"__token8","selector":{"id":"__token8"}}]}
RESULT: {"script":"<script> [1562 bytes]","args":[{"wdio_ui5_key":"__token8","selector":{"id":"__token8"}}]}
RESULT: undefined
RESULT: {"script":"<script> [1562 bytes]","args":[{"wdio_ui5_key":"__token10","selector":{"id":"__token10"}}]}
RESULT: undefined
RESULT: {"script":"<script> [1562 bytes]","args":[{"wdio_ui5_key":"__token9","selector":{"id":"__token9"}}]}
RESULT: undefined
COMMAND: POST /session/2d3f18d96ae83e7081695401c2e0fdda/execute/async - {"script":"<script> [1562 bytes]","args":[{"selector":{"controlType":"sap.ui.core.Icon","viewName":"etm.portal.ui.managerequests.view.NewRequest","properties":{"src":{"regex":{"source":"decline"}}},"ancestor":{"controlType":"sap.m.Token","viewName":"etm.portal.ui.managerequests.view.NewRequest","properties":{"text":"tag-duplicate"}}},"wdio_ui5_key":"etmportal.ui.managerequests.view.NewRequestsap.ui.core.Icon{\"src\":{\"regex\":{\"source\":\"decline\"}}}{\"controlType\":\"sap.m.Token\",\"viewName\":\"etm.portal.ui.managerequests.view.NewRequest\",\"properties\":{\"text\":\"tag-duplicate\"}}"}]}
RESULT: {"script":"<script> [1562 bytes]","args":[{"selector":{"controlType":"sap.ui.core.Icon","viewName":"etm.portal.ui.managerequests.view.NewRequest","properties":{"src":{"regex":{"source":"decline"}}},"ancestor":{"controlType":"sap.m.Token","viewName":"etm.portal.ui.managerequests.view.NewRequest","properties":{"text":"tag-duplicate"}}},"wdio_ui5_key":"etmportal.ui.managerequests.view.NewRequestsap.ui.core.Icon{\"src\":{\"regex\":{\"source\":\"decline\"}}}{\"controlType\":\"sap.m.Token\",\"viewName\":\"etm.portal.ui.managerequests.view.NewRequest\",\"properties\":{\"text\":\"tag-duplicate\"}}"}]}
RESULT: undefined
COMMAND: POST /session/2d3f18d96ae83e7081695401c2e0fdda/element - {"using":"xpath","value":"//*[@id=\"__token10-icon\"]"}
RESULT: {"using":"xpath","value":"//*[@id=\"__token10-icon\"]"}
COMMAND: POST /session/2d3f18d96ae83e7081695401c2e0fdda/element/f.3980C6CC6DC27C16253BC7A58143231A.d.30E05D8CAA9CABB88900AE21577404EB.e.2907/click - {}
RESULT: {}
COMMAND: POST /session/2d3f18d96ae83e7081695401c2e0fdda/execute/async - {"script":"<script> [1562 bytes]","args":[{"selector":{"controlType":"sap.ui.core.Icon","viewName":"etm.portal.ui.managerequests.view.NewRequest","properties":{"src":{"regex":{"source":"decline"}}},"ancestor":{"controlType":"sap.m.Token","viewName":"etm.portal.ui.managerequests.view.NewRequest","properties":{"text":"tag1"}}},"wdio_ui5_key":"etmportal.ui.managerequests.view.NewRequestsap.ui.core.Icon{\"src\":{\"regex\":{\"source\":\"decline\"}}}{\"controlType\":\"sap.m.Token\",\"viewName\":\"etm.portal.ui.managerequests.view.NewRequest\",\"properties\":{\"text\":\"tag1\"}}"}]}
COMMAND: GET /session/2d3f18d96ae83e7081695401c2e0fdda/screenshot - {}
RESULT: {"script":"<script> [1562 bytes]","args":[{"selector":{"controlType":"sap.ui.core.Icon","viewName":"etm.portal.ui.managerequests.view.NewRequest","properties":{"src":{"regex":{"source":"decline"}}},"ancestor":{"controlType":"sap.m.Token","viewName":"etm.portal.ui.managerequests.view.NewRequest","properties":{"text":"tag1"}}},"wdio_ui5_key":"etmportal.ui.managerequests.view.NewRequestsap.ui.core.Icon{\"src\":{\"regex\":{\"source\":\"decline\"}}}{\"controlType\":\"sap.m.Token\",\"viewName\":\"etm.portal.ui.managerequests.view.NewRequest\",\"properties\":{\"text\":\"tag1\"}}"}]}
RESULT: undefined
RESULT: {}
COMMAND: POST /session/2d3f18d96ae83e7081695401c2e0fdda/actions - {"actions":[{"id":"action12","type":"key","parameters":{},"actions":[{"type":"keyDown","value":"î€Œ"},{"type":"pause","duration":10},{"type":"keyUp","value":"î€Œ"}]}]}
RESULT: {"actions":[{"id":"action12","type":"key","parameters":{},"actions":[{"type":"keyDown","value":"î€Œ"},{"type":"pause","duration":10},{"type":"keyUp","value":"î€Œ"}]}]}
COMMAND: GET /session/2d3f18d96ae83e7081695401c2e0fdda/screenshot - {}
RESULT: {}
RESULT: undefined
COMMAND: POST /session/2d3f18d96ae83e7081695401c2e0fdda/execute/async - {"script":"<script> [6424 bytes]","args":[{"element-6066-11e4-a52e-4f735466cecf":"f.3980C6CC6DC27C16253BC7A58143231A.d.30E05D8CAA9CABB88900AE21577404EB.e.2845"},"getTokens",[]]}
RESULT: {"script":"<script> [6424 bytes]","args":[{"element-6066-11e4-a52e-4f735466cecf":"f.3980C6CC6DC27C16253BC7A58143231A.d.30E05D8CAA9CABB88900AE21577404EB.e.2845"},"getTokens",[]]}
RESULT: undefined
RESULT: undefined
COMMAND: POST /session/2d3f18d96ae83e7081695401c2e0fdda/execute/async - {"script":"<script> [1562 bytes]","args":[{"selector":{"controlType":"sap.m.Button","viewName":"etm.portal.ui.managerequests.view.NewRequest","properties":{"text":"Items"},"interaction":{"idSuffix":"BDI-content"}},"wdio_ui5_key":"etmportal.ui.managerequests.view.NewRequestsap.m.Button{\"text\":\"Items\"}"}]}
RESULT: {"script":"<script> [1562 bytes]","args":[{"selector":{"controlType":"sap.m.Button","viewName":"etm.portal.ui.managerequests.view.NewRequest","properties":{"text":"Items"},"interaction":{"idSuffix":"BDI-content"}},"wdio_ui5_key":"etmportal.ui.managerequests.view.NewRequestsap.m.Button{\"text\":\"Items\"}"}]}
RESULT: undefined
COMMAND: POST /session/2d3f18d96ae83e7081695401c2e0fdda/element - {"using":"xpath","value":"//*[@id=\"__xmlview59--newRequestPage-anchBar-__xmlview59--requestItemsSection-anchor\"]"}
RESULT: {"using":"xpath","value":"//*[@id=\"__xmlview59--newRequestPage-anchBar-__xmlview59--requestItemsSection-anchor\"]"}
COMMAND: POST /session/2d3f18d96ae83e7081695401c2e0fdda/element/f.3980C6CC6DC27C16253BC7A58143231A.d.30E05D8CAA9CABB88900AE21577404EB.e.2914/click - {}
RESULT: {}
COMMAND: GET /session/2d3f18d96ae83e7081695401c2e0fdda/screenshot - {}
RESULT: {}
COMMAND: POST /session/2d3f18d96ae83e7081695401c2e0fdda/execute/async - {"script":"<script> [1562 bytes]","args":[{"selector":{"controlType":"sap.ui.core.Icon","viewName":"etm.portal.ui.managerequests.view.NewRequest","properties":{"src":{"regex":{"source":"inspect"}}}},"wdio_ui5_key":"etmportal.ui.managerequests.view.NewRequestsap.ui.core.Icon{\"src\":{\"regex\":{\"source\":\"inspect\"}}}"}]}
RESULT: {"script":"<script> [1562 bytes]","args":[{"selector":{"controlType":"sap.ui.core.Icon","viewName":"etm.portal.ui.managerequests.view.NewRequest","properties":{"src":{"regex":{"source":"inspect"}}}},"wdio_ui5_key":"etmportal.ui.managerequests.view.NewRequestsap.ui.core.Icon{\"src\":{\"regex\":{\"source\":\"inspect\"}}}"}]}
RESULT: undefined
COMMAND: POST /session/2d3f18d96ae83e7081695401c2e0fdda/element - {"using":"xpath","value":"//*[@id=\"__button106-img\"]"}
RESULT: {"using":"xpath","value":"//*[@id=\"__button106-img\"]"}
COMMAND: POST /session/2d3f18d96ae83e7081695401c2e0fdda/element/f.3980C6CC6DC27C16253BC7A58143231A.d.30E05D8CAA9CABB88900AE21577404EB.e.2918/click - {}
RESULT: {}
COMMAND: GET /session/2d3f18d96ae83e7081695401c2e0fdda/screenshot - {}
RESULT: {}
COMMAND: POST /session/2d3f18d96ae83e7081695401c2e0fdda/execute/async - {"script":"<script> [1562 bytes]","args":[{"selector":{"controlType":"sap.ui.core.Icon","viewName":"etm.portal.ui.managerequests.view.NewRequest","properties":{"src":{"regex":{"source":"add"}}}},"wdio_ui5_key":"etmportal.ui.managerequests.view.NewRequestsap.ui.core.Icon{\"src\":{\"regex\":{\"source\":\"add\"}}}"}]}
RESULT: {"script":"<script> [1562 bytes]","args":[{"selector":{"controlType":"sap.ui.core.Icon","viewName":"etm.portal.ui.managerequests.view.NewRequest","properties":{"src":{"regex":{"source":"add"}}}},"wdio_ui5_key":"etmportal.ui.managerequests.view.NewRequestsap.ui.core.Icon{\"src\":{\"regex\":{\"source\":\"add\"}}}"}]}
RESULT: undefined
COMMAND: POST /session/2d3f18d96ae83e7081695401c2e0fdda/element - {"using":"xpath","value":"//*[@id=\"__xmlview59--btnAddTableRow-img\"]"}
RESULT: {"using":"xpath","value":"//*[@id=\"__xmlview59--btnAddTableRow-img\"]"}
COMMAND: POST /session/2d3f18d96ae83e7081695401c2e0fdda/element/f.3980C6CC6DC27C16253BC7A58143231A.d.30E05D8CAA9CABB88900AE21577404EB.e.2926/click - {}
RESULT: {}
COMMAND: GET /session/2d3f18d96ae83e7081695401c2e0fdda/screenshot - {}
RESULT: {}
COMMAND: POST /session/2d3f18d96ae83e7081695401c2e0fdda/execute/async - {"script":"<script> [1562 bytes]","args":[{"selector":{"controlType":"sap.ui.unified.MenuItem","viewName":"etm.portal.ui.managerequests.view.NewRequest","i18NText":{"propertyName":"text","key":"standardEntry"},"searchOpenDialogs":true,"interaction":{"idSuffix":"txt"}},"wdio_ui5_key":"etmportal.ui.managerequests.view.NewRequestsap.ui.unified.MenuItem{\"propertyName\":\"text\",\"key\":\"standardEntry\"}"}]}
RESULT: {"script":"<script> [1562 bytes]","args":[{"selector":{"controlType":"sap.ui.unified.MenuItem","viewName":"etm.portal.ui.managerequests.view.NewRequest","i18NText":{"propertyName":"text","key":"standardEntry"},"searchOpenDialogs":true,"interaction":{"idSuffix":"txt"}},"wdio_ui5_key":"etmportal.ui.managerequests.view.NewRequestsap.ui.unified.MenuItem{\"propertyName\":\"text\",\"key\":\"standardEntry\"}"}]}
RESULT: undefined
COMMAND: POST /session/2d3f18d96ae83e7081695401c2e0fdda/element - {"using":"xpath","value":"//*[@id=\"__item1106\"]"}
RESULT: {"using":"xpath","value":"//*[@id=\"__item1106\"]"}
COMMAND: POST /session/2d3f18d96ae83e7081695401c2e0fdda/element/f.3980C6CC6DC27C16253BC7A58143231A.d.30E05D8CAA9CABB88900AE21577404EB.e.2929/click - {}
RESULT: {}
COMMAND: GET /session/2d3f18d96ae83e7081695401c2e0fdda/screenshot - {}
RESULT: {}
RESULT: undefined
COMMAND: POST /session/2d3f18d96ae83e7081695401c2e0fdda/element - {"using":"xpath","value":"//*[@id=\"__xmlview59--btnAddTableRow-img\"]"}
RESULT: {"using":"xpath","value":"//*[@id=\"__xmlview59--btnAddTableRow-img\"]"}
COMMAND: POST /session/2d3f18d96ae83e7081695401c2e0fdda/element/f.3980C6CC6DC27C16253BC7A58143231A.d.30E05D8CAA9CABB88900AE21577404EB.e.2926/click - {}
RESULT: {}
COMMAND: GET /session/2d3f18d96ae83e7081695401c2e0fdda/screenshot - {}
RESULT: {}
RESULT: undefined
COMMAND: POST /session/2d3f18d96ae83e7081695401c2e0fdda/element - {"using":"xpath","value":"//*[@id=\"__item1106\"]"}
RESULT: {"using":"xpath","value":"//*[@id=\"__item1106\"]"}
COMMAND: POST /session/2d3f18d96ae83e7081695401c2e0fdda/element/f.3980C6CC6DC27C16253BC7A58143231A.d.30E05D8CAA9CABB88900AE21577404EB.e.2944/click - {}
RESULT: {}
COMMAND: GET /session/2d3f18d96ae83e7081695401c2e0fdda/screenshot - {}
RESULT: {}
COMMAND: POST /session/2d3f18d96ae83e7081695401c2e0fdda/element - {"using":"xpath","value":"(//input[contains(@id ,\"requestItemsTable-0-inner\")])[5]"}
RESULT: {"using":"xpath","value":"(//input[contains(@id ,\"requestItemsTable-0-inner\")])[5]"}
COMMAND: POST /session/2d3f18d96ae83e7081695401c2e0fdda/element/f.3980C6CC6DC27C16253BC7A58143231A.d.30E05D8CAA9CABB88900AE21577404EB.e.2935/clear - {}
RESULT: {}
COMMAND: POST /session/2d3f18d96ae83e7081695401c2e0fdda/element/f.3980C6CC6DC27C16253BC7A58143231A.d.30E05D8CAA9CABB88900AE21577404EB.e.2935/value - {"text":"1000001"}
COMMAND: GET /session/2d3f18d96ae83e7081695401c2e0fdda/screenshot - {}
RESULT: {"text":"1000001"}
COMMAND: GET /session/2d3f18d96ae83e7081695401c2e0fdda/screenshot - {}
RESULT: {}
RESULT: {}
COMMAND: POST /session/2d3f18d96ae83e7081695401c2e0fdda/actions - {"actions":[{"id":"action13","type":"key","parameters":{},"actions":[{"type":"keyDown","value":"î€‡"},{"type":"pause","duration":10},{"type":"keyUp","value":"î€‡"}]}]}
RESULT: {"actions":[{"id":"action13","type":"key","parameters":{},"actions":[{"type":"keyDown","value":"î€‡"},{"type":"pause","duration":10},{"type":"keyUp","value":"î€‡"}]}]}
COMMAND: POST /session/2d3f18d96ae83e7081695401c2e0fdda/element - {"using":"xpath","value":"(//input[contains(@id ,\"requestItemsTable-1-inner\")])[5]"}
COMMAND: GET /session/2d3f18d96ae83e7081695401c2e0fdda/screenshot - {}
RESULT: {"using":"xpath","value":"(//input[contains(@id ,\"requestItemsTable-1-inner\")])[5]"}
COMMAND: POST /session/2d3f18d96ae83e7081695401c2e0fdda/element/f.3980C6CC6DC27C16253BC7A58143231A.d.30E05D8CAA9CABB88900AE21577404EB.e.2950/clear - {}
RESULT: {}
RESULT: {}
COMMAND: POST /session/2d3f18d96ae83e7081695401c2e0fdda/element/f.3980C6CC6DC27C16253BC7A58143231A.d.30E05D8CAA9CABB88900AE21577404EB.e.2950/value - {"text":"1000002"}
COMMAND: GET /session/2d3f18d96ae83e7081695401c2e0fdda/screenshot - {}
RESULT: {"text":"1000002"}
COMMAND: GET /session/2d3f18d96ae83e7081695401c2e0fdda/screenshot - {}
RESULT: {}
RESULT: {}
COMMAND: POST /session/2d3f18d96ae83e7081695401c2e0fdda/actions - {"actions":[{"id":"action14","type":"key","parameters":{},"actions":[{"type":"keyDown","value":"î€‡"},{"type":"pause","duration":10},{"type":"keyUp","value":"î€‡"}]}]}
RESULT: {"actions":[{"id":"action14","type":"key","parameters":{},"actions":[{"type":"keyDown","value":"î€‡"},{"type":"pause","duration":10},{"type":"keyUp","value":"î€‡"}]}]}
COMMAND: POST /session/2d3f18d96ae83e7081695401c2e0fdda/execute/async - {"script":"<script> [1562 bytes]","args":[{"selector":{"controlType":"sap.m.Input","viewName":"etm.portal.ui.managerequests.view.NewRequest","bindingPath":{"path":"","propertyPath":"/Tags","modelName":"catalogModel"},"ancestor":{"controlType":"sap.m.ColumnListItem","viewName":"etm.portal.ui.managerequests.view.NewRequest","bindingPath":{"modelName":"newRequestItems","path":"/RequestItems/0"},"ancestor":{"id":"requestItemsTable","viewName":"etm.portal.ui.managerequests.view.NewRequest"}},"interaction":{"idSuffix":"inner"}},"wdio_ui5_key":"etmportal.ui.managerequests.view.NewRequestsap.m.Input{\"path\":\"\",\"propertyPath\":\"/Tags\",\"modelName\":\"catalogModel\"}{\"controlType\":\"sap.m.ColumnListItem\",\"viewName\":\"etm.portal.ui.managerequests.view.NewRequest\",\"bindingPath\":{\"modelName\":\"newRequestItems\",\"path\":\"/RequestItems/0\"},\"ancestor\":{\"id\":\"requestItemsTable\",\"viewName\":\"etm.portal.ui.managerequests.view.NewRequest\"}}"}]}
COMMAND: GET /session/2d3f18d96ae83e7081695401c2e0fdda/screenshot - {}
RESULT: {"script":"<script> [1562 bytes]","args":[{"selector":{"controlType":"sap.m.Input","viewName":"etm.portal.ui.managerequests.view.NewRequest","bindingPath":{"path":"","propertyPath":"/Tags","modelName":"catalogModel"},"ancestor":{"controlType":"sap.m.ColumnListItem","viewName":"etm.portal.ui.managerequests.view.NewRequest","bindingPath":{"modelName":"newRequestItems","path":"/RequestItems/0"},"ancestor":{"id":"requestItemsTable","viewName":"etm.portal.ui.managerequests.view.NewRequest"}},"interaction":{"idSuffix":"inner"}},"wdio_ui5_key":"etmportal.ui.managerequests.view.NewRequestsap.m.Input{\"path\":\"\",\"propertyPath\":\"/Tags\",\"modelName\":\"catalogModel\"}{\"controlType\":\"sap.m.ColumnListItem\",\"viewName\":\"etm.portal.ui.managerequests.view.NewRequest\",\"bindingPath\":{\"modelName\":\"newRequestItems\",\"path\":\"/RequestItems/0\"},\"ancestor\":{\"id\":\"requestItemsTable\",\"viewName\":\"etm.portal.ui.managerequests.view.NewRequest\"}}"}]}
RESULT: undefined
COMMAND: POST /session/2d3f18d96ae83e7081695401c2e0fdda/execute/async - {"script":"<script> [776 bytes]","args":[{"enterText":"tag1","selector":{"controlType":"sap.m.Input","viewName":"etm.portal.ui.managerequests.view.NewRequest","bindingPath":{"path":"","propertyPath":"/Tags","modelName":"catalogModel"},"ancestor":{"controlType":"sap.m.ColumnListItem","viewName":"etm.portal.ui.managerequests.view.NewRequest","bindingPath":{"modelName":"newRequestItems","path":"/RequestItems/0"},"ancestor":{"id":"requestItemsTable","viewName":"etm.portal.ui.managerequests.view.NewRequest"}},"interaction":{"idSuffix":"inner"}},"clearTextFirst":true,"interactionType":"ENTER_TEXT"}]}
RESULT: {}
RESULT: {"script":"<script> [776 bytes]","args":[{"enterText":"tag1","selector":{"controlType":"sap.m.Input","viewName":"etm.portal.ui.managerequests.view.NewRequest","bindingPath":{"path":"","propertyPath":"/Tags","modelName":"catalogModel"},"ancestor":{"controlType":"sap.m.ColumnListItem","viewName":"etm.portal.ui.managerequests.view.NewRequest","bindingPath":{"modelName":"newRequestItems","path":"/RequestItems/0"},"ancestor":{"id":"requestItemsTable","viewName":"etm.portal.ui.managerequests.view.NewRequest"}},"interaction":{"idSuffix":"inner"}},"clearTextFirst":true,"interactionType":"ENTER_TEXT"}]}
COMMAND: POST /session/2d3f18d96ae83e7081695401c2e0fdda/actions - {"actions":[{"id":"action15","type":"key","parameters":{},"actions":[{"type":"keyDown","value":"î€‡"},{"type":"pause","duration":10},{"type":"keyUp","value":"î€‡"}]}]}
RESULT: {"actions":[{"id":"action15","type":"key","parameters":{},"actions":[{"type":"keyDown","value":"î€‡"},{"type":"pause","duration":10},{"type":"keyUp","value":"î€‡"}]}]}
RESULT: undefined
COMMAND: POST /session/2d3f18d96ae83e7081695401c2e0fdda/execute/async - {"script":"<script> [776 bytes]","args":[{"enterText":"tag-duplicate","selector":{"controlType":"sap.m.Input","viewName":"etm.portal.ui.managerequests.view.NewRequest","bindingPath":{"path":"","propertyPath":"/Tags","modelName":"catalogModel"},"ancestor":{"controlType":"sap.m.ColumnListItem","viewName":"etm.portal.ui.managerequests.view.NewRequest","bindingPath":{"modelName":"newRequestItems","path":"/RequestItems/0"},"ancestor":{"id":"requestItemsTable","viewName":"etm.portal.ui.managerequests.view.NewRequest"}},"interaction":{"idSuffix":"inner"}},"clearTextFirst":true,"interactionType":"ENTER_TEXT"}]}
COMMAND: GET /session/2d3f18d96ae83e7081695401c2e0fdda/screenshot - {}
RESULT: {"script":"<script> [776 bytes]","args":[{"enterText":"tag-duplicate","selector":{"controlType":"sap.m.Input","viewName":"etm.portal.ui.managerequests.view.NewRequest","bindingPath":{"path":"","propertyPath":"/Tags","modelName":"catalogModel"},"ancestor":{"controlType":"sap.m.ColumnListItem","viewName":"etm.portal.ui.managerequests.view.NewRequest","bindingPath":{"modelName":"newRequestItems","path":"/RequestItems/0"},"ancestor":{"id":"requestItemsTable","viewName":"etm.portal.ui.managerequests.view.NewRequest"}},"interaction":{"idSuffix":"inner"}},"clearTextFirst":true,"interactionType":"ENTER_TEXT"}]}
RESULT: {}
COMMAND: POST /session/2d3f18d96ae83e7081695401c2e0fdda/actions - {"actions":[{"id":"action16","type":"key","parameters":{},"actions":[{"type":"keyDown","value":"î€‡"},{"type":"pause","duration":10},{"type":"keyUp","value":"î€‡"}]}]}
RESULT: {"actions":[{"id":"action16","type":"key","parameters":{},"actions":[{"type":"keyDown","value":"î€‡"},{"type":"pause","duration":10},{"type":"keyUp","value":"î€‡"}]}]}
COMMAND: GET /session/2d3f18d96ae83e7081695401c2e0fdda/screenshot - {}
RESULT: {}
COMMAND: POST /session/2d3f18d96ae83e7081695401c2e0fdda/execute/async - {"script":"<script> [1562 bytes]","args":[{"selector":{"controlType":"sap.m.Input","viewName":"etm.portal.ui.managerequests.view.NewRequest","bindingPath":{"path":"","propertyPath":"/Tags","modelName":"catalogModel"},"ancestor":{"controlType":"sap.m.ColumnListItem","viewName":"etm.portal.ui.managerequests.view.NewRequest","bindingPath":{"modelName":"newRequestItems","path":"/RequestItems/1"},"ancestor":{"id":"requestItemsTable","viewName":"etm.portal.ui.managerequests.view.NewRequest"}},"interaction":{"idSuffix":"inner"}},"wdio_ui5_key":"etmportal.ui.managerequests.view.NewRequestsap.m.Input{\"path\":\"\",\"propertyPath\":\"/Tags\",\"modelName\":\"catalogModel\"}{\"controlType\":\"sap.m.ColumnListItem\",\"viewName\":\"etm.portal.ui.managerequests.view.NewRequest\",\"bindingPath\":{\"modelName\":\"newRequestItems\",\"path\":\"/RequestItems/1\"},\"ancestor\":{\"id\":\"requestItemsTable\",\"viewName\":\"etm.portal.ui.managerequests.view.NewRequest\"}}"}]}
RESULT: {"script":"<script> [1562 bytes]","args":[{"selector":{"controlType":"sap.m.Input","viewName":"etm.portal.ui.managerequests.view.NewRequest","bindingPath":{"path":"","propertyPath":"/Tags","modelName":"catalogModel"},"ancestor":{"controlType":"sap.m.ColumnListItem","viewName":"etm.portal.ui.managerequests.view.NewRequest","bindingPath":{"modelName":"newRequestItems","path":"/RequestItems/1"},"ancestor":{"id":"requestItemsTable","viewName":"etm.portal.ui.managerequests.view.NewRequest"}},"interaction":{"idSuffix":"inner"}},"wdio_ui5_key":"etmportal.ui.managerequests.view.NewRequestsap.m.Input{\"path\":\"\",\"propertyPath\":\"/Tags\",\"modelName\":\"catalogModel\"}{\"controlType\":\"sap.m.ColumnListItem\",\"viewName\":\"etm.portal.ui.managerequests.view.NewRequest\",\"bindingPath\":{\"modelName\":\"newRequestItems\",\"path\":\"/RequestItems/1\"},\"ancestor\":{\"id\":\"requestItemsTable\",\"viewName\":\"etm.portal.ui.managerequests.view.NewRequest\"}}"}]}
RESULT: undefined
COMMAND: POST /session/2d3f18d96ae83e7081695401c2e0fdda/execute/async - {"script":"<script> [776 bytes]","args":[{"enterText":"tag1","selector":{"controlType":"sap.m.Input","viewName":"etm.portal.ui.managerequests.view.NewRequest","bindingPath":{"path":"","propertyPath":"/Tags","modelName":"catalogModel"},"ancestor":{"controlType":"sap.m.ColumnListItem","viewName":"etm.portal.ui.managerequests.view.NewRequest","bindingPath":{"modelName":"newRequestItems","path":"/RequestItems/1"},"ancestor":{"id":"requestItemsTable","viewName":"etm.portal.ui.managerequests.view.NewRequest"}},"interaction":{"idSuffix":"inner"}},"clearTextFirst":true,"interactionType":"ENTER_TEXT"}]}
RESULT: {"script":"<script> [776 bytes]","args":[{"enterText":"tag1","selector":{"controlType":"sap.m.Input","viewName":"etm.portal.ui.managerequests.view.NewRequest","bindingPath":{"path":"","propertyPath":"/Tags","modelName":"catalogModel"},"ancestor":{"controlType":"sap.m.ColumnListItem","viewName":"etm.portal.ui.managerequests.view.NewRequest","bindingPath":{"modelName":"newRequestItems","path":"/RequestItems/1"},"ancestor":{"id":"requestItemsTable","viewName":"etm.portal.ui.managerequests.view.NewRequest"}},"interaction":{"idSuffix":"inner"}},"clearTextFirst":true,"interactionType":"ENTER_TEXT"}]}
COMMAND: POST /session/2d3f18d96ae83e7081695401c2e0fdda/actions - {"actions":[{"id":"action17","type":"key","parameters":{},"actions":[{"type":"keyDown","value":"î€‡"},{"type":"pause","duration":10},{"type":"keyUp","value":"î€‡"}]}]}
RESULT: {"actions":[{"id":"action17","type":"key","parameters":{},"actions":[{"type":"keyDown","value":"î€‡"},{"type":"pause","duration":10},{"type":"keyUp","value":"î€‡"}]}]}
RESULT: undefined
COMMAND: POST /session/2d3f18d96ae83e7081695401c2e0fdda/execute/async - {"script":"<script> [776 bytes]","args":[{"enterText":"tag-duplicate","selector":{"controlType":"sap.m.Input","viewName":"etm.portal.ui.managerequests.view.NewRequest","bindingPath":{"path":"","propertyPath":"/Tags","modelName":"catalogModel"},"ancestor":{"controlType":"sap.m.ColumnListItem","viewName":"etm.portal.ui.managerequests.view.NewRequest","bindingPath":{"modelName":"newRequestItems","path":"/RequestItems/1"},"ancestor":{"id":"requestItemsTable","viewName":"etm.portal.ui.managerequests.view.NewRequest"}},"interaction":{"idSuffix":"inner"}},"clearTextFirst":true,"interactionType":"ENTER_TEXT"}]}
COMMAND: GET /session/2d3f18d96ae83e7081695401c2e0fdda/screenshot - {}
RESULT: {"script":"<script> [776 bytes]","args":[{"enterText":"tag-duplicate","selector":{"controlType":"sap.m.Input","viewName":"etm.portal.ui.managerequests.view.NewRequest","bindingPath":{"path":"","propertyPath":"/Tags","modelName":"catalogModel"},"ancestor":{"controlType":"sap.m.ColumnListItem","viewName":"etm.portal.ui.managerequests.view.NewRequest","bindingPath":{"modelName":"newRequestItems","path":"/RequestItems/1"},"ancestor":{"id":"requestItemsTable","viewName":"etm.portal.ui.managerequests.view.NewRequest"}},"interaction":{"idSuffix":"inner"}},"clearTextFirst":true,"interactionType":"ENTER_TEXT"}]}
RESULT: {}
COMMAND: POST /session/2d3f18d96ae83e7081695401c2e0fdda/actions - {"actions":[{"id":"action18","type":"key","parameters":{},"actions":[{"type":"keyDown","value":"î€‡"},{"type":"pause","duration":10},{"type":"keyUp","value":"î€‡"}]}]}
RESULT: {"actions":[{"id":"action18","type":"key","parameters":{},"actions":[{"type":"keyDown","value":"î€‡"},{"type":"pause","duration":10},{"type":"keyUp","value":"î€‡"}]}]}
COMMAND: GET /session/2d3f18d96ae83e7081695401c2e0fdda/screenshot - {}
RESULT: {}
COMMAND: POST /session/2d3f18d96ae83e7081695401c2e0fdda/execute/async - {"script":"<script> [1562 bytes]","args":[{"selector":{"controlType":"sap.ui.core.Icon","viewName":"etm.portal.ui.managerequests.view.NewRequest","properties":{"src":{"regex":{"source":"slim\\-arrow\\-down"}}},"ancestor":{"controlType":"sap.m.Button","viewName":"etm.portal.ui.managerequests.view.NewRequest","properties":{"icon":"sap-icon://slim-arrow-down"}}},"wdio_ui5_key":"etmportal.ui.managerequests.view.NewRequestsap.ui.core.Icon{\"src\":{\"regex\":{\"source\":\"slim\\\\-arrow\\\\-down\"}}}{\"controlType\":\"sap.m.Button\",\"viewName\":\"etm.portal.ui.managerequests.view.NewRequest\",\"properties\":{\"icon\":\"sap-icon://slim-arrow-down\"}}"}]}
RESULT: {"script":"<script> [1562 bytes]","args":[{"selector":{"controlType":"sap.ui.core.Icon","viewName":"etm.portal.ui.managerequests.view.NewRequest","properties":{"src":{"regex":{"source":"slim\\-arrow\\-down"}}},"ancestor":{"controlType":"sap.m.Button","viewName":"etm.portal.ui.managerequests.view.NewRequest","properties":{"icon":"sap-icon://slim-arrow-down"}}},"wdio_ui5_key":"etmportal.ui.managerequests.view.NewRequestsap.ui.core.Icon{\"src\":{\"regex\":{\"source\":\"slim\\\\-arrow\\\\-down\"}}}{\"controlType\":\"sap.m.Button\",\"viewName\":\"etm.portal.ui.managerequests.view.NewRequest\",\"properties\":{\"icon\":\"sap-icon://slim-arrow-down\"}}"}]}
RESULT: undefined
COMMAND: POST /session/2d3f18d96ae83e7081695401c2e0fdda/element - {"using":"xpath","value":"//*[@id=\"__title21-expandBtn-img\"]"}
RESULT: {"using":"xpath","value":"//*[@id=\"__title21-expandBtn-img\"]"}
COMMAND: POST /session/2d3f18d96ae83e7081695401c2e0fdda/element/f.3980C6CC6DC27C16253BC7A58143231A.d.30E05D8CAA9CABB88900AE21577404EB.e.2996/click - {}
RESULT: {}
COMMAND: GET /session/2d3f18d96ae83e7081695401c2e0fdda/screenshot - {}
RESULT: {}
COMMAND: POST /session/2d3f18d96ae83e7081695401c2e0fdda/element - {"using":"xpath","value":"//div[contains(@data-kt ,\"splitAllocationObjectStatus\")]"}
RESULT: {"using":"xpath","value":"//div[contains(@data-kt ,\"splitAllocationObjectStatus\")]"}
COMMAND: POST /session/2d3f18d96ae83e7081695401c2e0fdda/elements - {"using":"xpath","value":"//div[contains(@data-kt ,\"splitAllocationObjectStatus\")]"}
RESULT: {"using":"xpath","value":"//div[contains(@data-kt ,\"splitAllocationObjectStatus\")]"}
COMMAND: POST /session/2d3f18d96ae83e7081695401c2e0fdda/execute/async - {"script":"<script> [1562 bytes]","args":[{"selector":{"controlType":"sap.ui.core.Icon","viewName":"etm.portal.ui.managerequests.view.NewRequest","properties":{"src":{"regex":{"source":"message\\-error"}}},"ancestor":{"controlType":"sap.m.ColumnListItem","viewName":"etm.portal.ui.managerequests.view.NewRequest","bindingPath":{"modelName":"newRequestItems","path":"/RequestItems/0"},"ancestor":{"id":"requestItemsTable","viewName":"etm.portal.ui.managerequests.view.NewRequest"}}},"wdio_ui5_key":"etmportal.ui.managerequests.view.NewRequestsap.ui.core.Icon{\"src\":{\"regex\":{\"source\":\"message\\\\-error\"}}}{\"controlType\":\"sap.m.ColumnListItem\",\"viewName\":\"etm.portal.ui.managerequests.view.NewRequest\",\"bindingPath\":{\"modelName\":\"newRequestItems\",\"path\":\"/RequestItems/0\"},\"ancestor\":{\"id\":\"requestItemsTable\",\"viewName\":\"etm.portal.ui.managerequests.view.NewRequest\"}}"}]}
RESULT: {"script":"<script> [1562 bytes]","args":[{"selector":{"controlType":"sap.ui.core.Icon","viewName":"etm.portal.ui.managerequests.view.NewRequest","properties":{"src":{"regex":{"source":"message\\-error"}}},"ancestor":{"controlType":"sap.m.ColumnListItem","viewName":"etm.portal.ui.managerequests.view.NewRequest","bindingPath":{"modelName":"newRequestItems","path":"/RequestItems/0"},"ancestor":{"id":"requestItemsTable","viewName":"etm.portal.ui.managerequests.view.NewRequest"}}},"wdio_ui5_key":"etmportal.ui.managerequests.view.NewRequestsap.ui.core.Icon{\"src\":{\"regex\":{\"source\":\"message\\\\-error\"}}}{\"controlType\":\"sap.m.ColumnListItem\",\"viewName\":\"etm.portal.ui.managerequests.view.NewRequest\",\"bindingPath\":{\"modelName\":\"newRequestItems\",\"path\":\"/RequestItems/0\"},\"ancestor\":{\"id\":\"requestItemsTable\",\"viewName\":\"etm.portal.ui.managerequests.view.NewRequest\"}}"}]}
RESULT: undefined
COMMAND: POST /session/2d3f18d96ae83e7081695401c2e0fdda/element - {"using":"xpath","value":"//*[@id=\"__status6-__xmlview59--requestItemsTable-0-icon\"]"}
RESULT: {"using":"xpath","value":"//*[@id=\"__status6-__xmlview59--requestItemsTable-0-icon\"]"}
COMMAND: POST /session/2d3f18d96ae83e7081695401c2e0fdda/element/f.3980C6CC6DC27C16253BC7A58143231A.d.30E05D8CAA9CABB88900AE21577404EB.e.2977/click - {}
RESULT: {}
COMMAND: GET /session/2d3f18d96ae83e7081695401c2e0fdda/screenshot - {}
RESULT: {}
COMMAND: POST /session/2d3f18d96ae83e7081695401c2e0fdda/execute/async - {"script":"<script> [1562 bytes]","args":[{"selector":{"id":"costObjectAdminTypeComboBox","viewName":"etm.portal.ui.managerequests.view.NewRequest","searchOpenDialogs":true,"interaction":{"idSuffix":"inner"}},"wdio_ui5_key":"costObjectAdminTypeComboBoxetmportal.ui.managerequests.view.NewRequest"}]}
RESULT: {"script":"<script> [1562 bytes]","args":[{"selector":{"id":"costObjectAdminTypeComboBox","viewName":"etm.portal.ui.managerequests.view.NewRequest","searchOpenDialogs":true,"interaction":{"idSuffix":"inner"}},"wdio_ui5_key":"costObjectAdminTypeComboBoxetmportal.ui.managerequests.view.NewRequest"}]}
RESULT: undefined
COMMAND: POST /session/2d3f18d96ae83e7081695401c2e0fdda/execute/async - {"script":"<script> [776 bytes]","args":[{"enterText":"Cost Center","selector":{"id":"costObjectAdminTypeComboBox","viewName":"etm.portal.ui.managerequests.view.NewRequest","searchOpenDialogs":true,"interaction":{"idSuffix":"inner"}},"clearTextFirst":true,"interactionType":"ENTER_TEXT"}]}
RESULT: {"script":"<script> [776 bytes]","args":[{"enterText":"Cost Center","selector":{"id":"costObjectAdminTypeComboBox","viewName":"etm.portal.ui.managerequests.view.NewRequest","searchOpenDialogs":true,"interaction":{"idSuffix":"inner"}},"clearTextFirst":true,"interactionType":"ENTER_TEXT"}]}
COMMAND: POST /session/2d3f18d96ae83e7081695401c2e0fdda/actions - {"actions":[{"id":"action19","type":"key","parameters":{},"actions":[{"type":"keyDown","value":"î€‡"},{"type":"pause","duration":10},{"type":"keyUp","value":"î€‡"}]}]}
RESULT: {"actions":[{"id":"action19","type":"key","parameters":{},"actions":[{"type":"keyDown","value":"î€‡"},{"type":"pause","duration":10},{"type":"keyUp","value":"î€‡"}]}]}
COMMAND: GET /session/2d3f18d96ae83e7081695401c2e0fdda/screenshot - {}
RESULT: {}
COMMAND: POST /session/2d3f18d96ae83e7081695401c2e0fdda/execute/async - {"script":"<script> [1562 bytes]","args":[{"selector":{"id":"costObjectIdComboBox","viewName":"etm.portal.ui.managerequests.view.NewRequest","searchOpenDialogs":true,"interaction":{"idSuffix":"inner"}},"wdio_ui5_key":"costObjectIdComboBoxetmportal.ui.managerequests.view.NewRequest"}]}
RESULT: {"script":"<script> [1562 bytes]","args":[{"selector":{"id":"costObjectIdComboBox","viewName":"etm.portal.ui.managerequests.view.NewRequest","searchOpenDialogs":true,"interaction":{"idSuffix":"inner"}},"wdio_ui5_key":"costObjectIdComboBoxetmportal.ui.managerequests.view.NewRequest"}]}
RESULT: undefined
COMMAND: POST /session/2d3f18d96ae83e7081695401c2e0fdda/execute/async - {"script":"<script> [776 bytes]","args":[{"enterText":"1001 - 1001","selector":{"id":"costObjectIdComboBox","viewName":"etm.portal.ui.managerequests.view.NewRequest","searchOpenDialogs":true,"interaction":{"idSuffix":"inner"}},"clearTextFirst":true,"interactionType":"ENTER_TEXT"}]}
RESULT: {"script":"<script> [776 bytes]","args":[{"enterText":"1001 - 1001","selector":{"id":"costObjectIdComboBox","viewName":"etm.portal.ui.managerequests.view.NewRequest","searchOpenDialogs":true,"interaction":{"idSuffix":"inner"}},"clearTextFirst":true,"interactionType":"ENTER_TEXT"}]}
COMMAND: POST /session/2d3f18d96ae83e7081695401c2e0fdda/actions - {"actions":[{"id":"action20","type":"key","parameters":{},"actions":[{"type":"keyDown","value":"î€‡"},{"type":"pause","duration":10},{"type":"keyUp","value":"î€‡"}]}]}
RESULT: {"actions":[{"id":"action20","type":"key","parameters":{},"actions":[{"type":"keyDown","value":"î€‡"},{"type":"pause","duration":10},{"type":"keyUp","value":"î€‡"}]}]}
COMMAND: GET /session/2d3f18d96ae83e7081695401c2e0fdda/screenshot - {}
RESULT: {}
COMMAND: POST /session/2d3f18d96ae83e7081695401c2e0fdda/element - {"using":"xpath","value":"(//bdi[(text() = 'Save' or . = 'Save')])[1]"}
RESULT: {"using":"xpath","value":"(//bdi[(text() = 'Save' or . = 'Save')])[1]"}
COMMAND: POST /session/2d3f18d96ae83e7081695401c2e0fdda/element/f.3980C6CC6DC27C16253BC7A58143231A.d.30E05D8CAA9CABB88900AE21577404EB.e.3017/click - {}
RESULT: {}
COMMAND: POST /session/2d3f18d96ae83e7081695401c2e0fdda/execute/async - {"script":"<script> [1562 bytes]","args":[{"selector":{"controlType":"sap.ui.core.Icon","viewName":"etm.portal.ui.managerequests.view.NewRequest","properties":{"src":{"regex":{"source":"message\\-error"}}},"ancestor":{"controlType":"sap.m.ColumnListItem","viewName":"etm.portal.ui.managerequests.view.NewRequest","bindingPath":{"modelName":"newRequestItems","path":"/RequestItems/1"},"ancestor":{"id":"requestItemsTable","viewName":"etm.portal.ui.managerequests.view.NewRequest"}}},"wdio_ui5_key":"etmportal.ui.managerequests.view.NewRequestsap.ui.core.Icon{\"src\":{\"regex\":{\"source\":\"message\\\\-error\"}}}{\"controlType\":\"sap.m.ColumnListItem\",\"viewName\":\"etm.portal.ui.managerequests.view.NewRequest\",\"bindingPath\":{\"modelName\":\"newRequestItems\",\"path\":\"/RequestItems/1\"},\"ancestor\":{\"id\":\"requestItemsTable\",\"viewName\":\"etm.portal.ui.managerequests.view.NewRequest\"}}"}]}
COMMAND: GET /session/2d3f18d96ae83e7081695401c2e0fdda/screenshot - {}
RESULT: {"script":"<script> [1562 bytes]","args":[{"selector":{"controlType":"sap.ui.core.Icon","viewName":"etm.portal.ui.managerequests.view.NewRequest","properties":{"src":{"regex":{"source":"message\\-error"}}},"ancestor":{"controlType":"sap.m.ColumnListItem","viewName":"etm.portal.ui.managerequests.view.NewRequest","bindingPath":{"modelName":"newRequestItems","path":"/RequestItems/1"},"ancestor":{"id":"requestItemsTable","viewName":"etm.portal.ui.managerequests.view.NewRequest"}}},"wdio_ui5_key":"etmportal.ui.managerequests.view.NewRequestsap.ui.core.Icon{\"src\":{\"regex\":{\"source\":\"message\\\\-error\"}}}{\"controlType\":\"sap.m.ColumnListItem\",\"viewName\":\"etm.portal.ui.managerequests.view.NewRequest\",\"bindingPath\":{\"modelName\":\"newRequestItems\",\"path\":\"/RequestItems/1\"},\"ancestor\":{\"id\":\"requestItemsTable\",\"viewName\":\"etm.portal.ui.managerequests.view.NewRequest\"}}"}]}
RESULT: undefined
COMMAND: POST /session/2d3f18d96ae83e7081695401c2e0fdda/element - {"using":"xpath","value":"//*[@id=\"__status6-__xmlview59--requestItemsTable-1-icon\"]"}
RESULT: {}
RESULT: {"using":"xpath","value":"//*[@id=\"__status6-__xmlview59--requestItemsTable-1-icon\"]"}
COMMAND: POST /session/2d3f18d96ae83e7081695401c2e0fdda/element/f.3980C6CC6DC27C16253BC7A58143231A.d.30E05D8CAA9CABB88900AE21577404EB.e.2994/click - {}
RESULT: {}
COMMAND: GET /session/2d3f18d96ae83e7081695401c2e0fdda/screenshot - {}
RESULT: {}
RESULT: undefined
COMMAND: POST /session/2d3f18d96ae83e7081695401c2e0fdda/execute/async - {"script":"<script> [776 bytes]","args":[{"enterText":"Cost Center","selector":{"id":"costObjectAdminTypeComboBox","viewName":"etm.portal.ui.managerequests.view.NewRequest","searchOpenDialogs":true,"interaction":{"idSuffix":"inner"}},"clearTextFirst":true,"interactionType":"ENTER_TEXT"}]}
RESULT: {"script":"<script> [776 bytes]","args":[{"enterText":"Cost Center","selector":{"id":"costObjectAdminTypeComboBox","viewName":"etm.portal.ui.managerequests.view.NewRequest","searchOpenDialogs":true,"interaction":{"idSuffix":"inner"}},"clearTextFirst":true,"interactionType":"ENTER_TEXT"}]}
COMMAND: POST /session/2d3f18d96ae83e7081695401c2e0fdda/actions - {"actions":[{"id":"action21","type":"key","parameters":{},"actions":[{"type":"keyDown","value":"î€‡"},{"type":"pause","duration":10},{"type":"keyUp","value":"î€‡"}]}]}
RESULT: {"actions":[{"id":"action21","type":"key","parameters":{},"actions":[{"type":"keyDown","value":"î€‡"},{"type":"pause","duration":10},{"type":"keyUp","value":"î€‡"}]}]}
COMMAND: GET /session/2d3f18d96ae83e7081695401c2e0fdda/screenshot - {}
RESULT: {}
RESULT: undefined
COMMAND: POST /session/2d3f18d96ae83e7081695401c2e0fdda/execute/async - {"script":"<script> [776 bytes]","args":[{"enterText":"1001 - 1001","selector":{"id":"costObjectIdComboBox","viewName":"etm.portal.ui.managerequests.view.NewRequest","searchOpenDialogs":true,"interaction":{"idSuffix":"inner"}},"clearTextFirst":true,"interactionType":"ENTER_TEXT"}]}
RESULT: {"script":"<script> [776 bytes]","args":[{"enterText":"1001 - 1001","selector":{"id":"costObjectIdComboBox","viewName":"etm.portal.ui.managerequests.view.NewRequest","searchOpenDialogs":true,"interaction":{"idSuffix":"inner"}},"clearTextFirst":true,"interactionType":"ENTER_TEXT"}]}
COMMAND: POST /session/2d3f18d96ae83e7081695401c2e0fdda/actions - {"actions":[{"id":"action22","type":"key","parameters":{},"actions":[{"type":"keyDown","value":"î€‡"},{"type":"pause","duration":10},{"type":"keyUp","value":"î€‡"}]}]}
RESULT: {"actions":[{"id":"action22","type":"key","parameters":{},"actions":[{"type":"keyDown","value":"î€‡"},{"type":"pause","duration":10},{"type":"keyUp","value":"î€‡"}]}]}
COMMAND: GET /session/2d3f18d96ae83e7081695401c2e0fdda/screenshot - {}
RESULT: {}
COMMAND: POST /session/2d3f18d96ae83e7081695401c2e0fdda/element - {"using":"xpath","value":"(//bdi[(text() = 'Save' or . = 'Save')])[1]"}
RESULT: {"using":"xpath","value":"(//bdi[(text() = 'Save' or . = 'Save')])[1]"}
COMMAND: POST /session/2d3f18d96ae83e7081695401c2e0fdda/element/f.3980C6CC6DC27C16253BC7A58143231A.d.30E05D8CAA9CABB88900AE21577404EB.e.3031/click - {}
RESULT: {}
COMMAND: POST /session/2d3f18d96ae83e7081695401c2e0fdda/execute/async - {"script":"<script> [1562 bytes]","args":[{"selector":{"controlType":"sap.ui.core.Icon","viewName":"etm.portal.ui.managerequests.view.NewRequest","properties":{"src":{"regex":{"source":"decline"}}},"ancestor":{"controlType":"sap.m.Token","viewName":"etm.portal.ui.managerequests.view.NewRequest","bindingPath":{"path":"/RequestItems/0/TOKENS/0","propertyPath":"TAG","modelName":"newRequestItems"}}},"wdio_ui5_key":"etmportal.ui.managerequests.view.NewRequestsap.ui.core.Icon{\"src\":{\"regex\":{\"source\":\"decline\"}}}{\"controlType\":\"sap.m.Token\",\"viewName\":\"etm.portal.ui.managerequests.view.NewRequest\",\"bindingPath\":{\"path\":\"/RequestItems/0/TOKENS/0\",\"propertyPath\":\"TAG\",\"modelName\":\"newRequestItems\"}}"}]}
COMMAND: GET /session/2d3f18d96ae83e7081695401c2e0fdda/screenshot - {}
RESULT: {"script":"<script> [1562 bytes]","args":[{"selector":{"controlType":"sap.ui.core.Icon","viewName":"etm.portal.ui.managerequests.view.NewRequest","properties":{"src":{"regex":{"source":"decline"}}},"ancestor":{"controlType":"sap.m.Token","viewName":"etm.portal.ui.managerequests.view.NewRequest","bindingPath":{"path":"/RequestItems/0/TOKENS/0","propertyPath":"TAG","modelName":"newRequestItems"}}},"wdio_ui5_key":"etmportal.ui.managerequests.view.NewRequestsap.ui.core.Icon{\"src\":{\"regex\":{\"source\":\"decline\"}}}{\"controlType\":\"sap.m.Token\",\"viewName\":\"etm.portal.ui.managerequests.view.NewRequest\",\"bindingPath\":{\"path\":\"/RequestItems/0/TOKENS/0\",\"propertyPath\":\"TAG\",\"modelName\":\"newRequestItems\"}}"}]}
RESULT: undefined
COMMAND: POST /session/2d3f18d96ae83e7081695401c2e0fdda/element - {"using":"xpath","value":"//*[@id=\"__token7-__tokenizer62-__xmlview59--requestItemsTable-0-0-icon\"]"}
RESULT: {}
RESULT: {"using":"xpath","value":"//*[@id=\"__token7-__tokenizer62-__xmlview59--requestItemsTable-0-0-icon\"]"}
COMMAND: POST /session/2d3f18d96ae83e7081695401c2e0fdda/element/f.3980C6CC6DC27C16253BC7A58143231A.d.30E05D8CAA9CABB88900AE21577404EB.e.3033/click - {}
RESULT: {}
COMMAND: GET /session/2d3f18d96ae83e7081695401c2e0fdda/screenshot - {}
RESULT: {}
COMMAND: POST /session/2d3f18d96ae83e7081695401c2e0fdda/actions - {"actions":[{"id":"action23","type":"key","parameters":{},"actions":[{"type":"keyDown","value":"î€Œ"},{"type":"pause","duration":10},{"type":"keyUp","value":"î€Œ"}]}]}
RESULT: {"actions":[{"id":"action23","type":"key","parameters":{},"actions":[{"type":"keyDown","value":"î€Œ"},{"type":"pause","duration":10},{"type":"keyUp","value":"î€Œ"}]}]}
COMMAND: GET /session/2d3f18d96ae83e7081695401c2e0fdda/screenshot - {}
COMMAND: POST /session/2d3f18d96ae83e7081695401c2e0fdda/execute/async - {"script":"<script> [1562 bytes]","args":[{"selector":{"controlType":"sap.m.Tokenizer","viewName":"etm.portal.ui.managerequests.view.NewRequest","bindingPath":{"path":"/RequestItems/0","propertyPath":"TOKENS","modelName":"newRequestItems"}},"wdio_ui5_key":"etmportal.ui.managerequests.view.NewRequestsap.m.Tokenizer{\"path\":\"/RequestItems/0\",\"propertyPath\":\"TOKENS\",\"modelName\":\"newRequestItems\"}"}]}
RESULT: {}
RESULT: {"script":"<script> [1562 bytes]","args":[{"selector":{"controlType":"sap.m.Tokenizer","viewName":"etm.portal.ui.managerequests.view.NewRequest","bindingPath":{"path":"/RequestItems/0","propertyPath":"TOKENS","modelName":"newRequestItems"}},"wdio_ui5_key":"etmportal.ui.managerequests.view.NewRequestsap.m.Tokenizer{\"path\":\"/RequestItems/0\",\"propertyPath\":\"TOKENS\",\"modelName\":\"newRequestItems\"}"}]}
RESULT: undefined
COMMAND: POST /session/2d3f18d96ae83e7081695401c2e0fdda/execute/async - {"script":"<script> [6424 bytes]","args":[{"element-6066-11e4-a52e-4f735466cecf":"f.3980C6CC6DC27C16253BC7A58143231A.d.30E05D8CAA9CABB88900AE21577404EB.e.3039"},"getTokens",[]]}
RESULT: {"script":"<script> [6424 bytes]","args":[{"element-6066-11e4-a52e-4f735466cecf":"f.3980C6CC6DC27C16253BC7A58143231A.d.30E05D8CAA9CABB88900AE21577404EB.e.3039"},"getTokens",[]]}
COMMAND: POST /session/2d3f18d96ae83e7081695401c2e0fdda/execute/async - {"script":"<script> [1562 bytes]","args":[{"wdio_ui5_key":"__token7-__tokenizer62-__xmlview59--requestItemsTable-0-0","selector":{"id":"__token7-__tokenizer62-__xmlview59--requestItemsTable-0-0"}}]}
RESULT: {"script":"<script> [1562 bytes]","args":[{"wdio_ui5_key":"__token7-__tokenizer62-__xmlview59--requestItemsTable-0-0","selector":{"id":"__token7-__tokenizer62-__xmlview59--requestItemsTable-0-0"}}]}
RESULT: undefined
RESULT: undefined
COMMAND: POST /session/2d3f18d96ae83e7081695401c2e0fdda/execute/async - {"script":"<script> [776 bytes]","args":[{"enterText":"tagRequest1","selector":{"controlType":"sap.m.Input","viewName":"etm.portal.ui.managerequests.view.NewRequest","bindingPath":{"path":"","propertyPath":"/Tags","modelName":"catalogModel"},"ancestor":{"controlType":"sap.m.ColumnListItem","viewName":"etm.portal.ui.managerequests.view.NewRequest","bindingPath":{"modelName":"newRequestItems","path":"/RequestItems/0"},"ancestor":{"id":"requestItemsTable","viewName":"etm.portal.ui.managerequests.view.NewRequest"}},"interaction":{"idSuffix":"inner"}},"clearTextFirst":true,"interactionType":"ENTER_TEXT"}]}
RESULT: {"script":"<script> [776 bytes]","args":[{"enterText":"tagRequest1","selector":{"controlType":"sap.m.Input","viewName":"etm.portal.ui.managerequests.view.NewRequest","bindingPath":{"path":"","propertyPath":"/Tags","modelName":"catalogModel"},"ancestor":{"controlType":"sap.m.ColumnListItem","viewName":"etm.portal.ui.managerequests.view.NewRequest","bindingPath":{"modelName":"newRequestItems","path":"/RequestItems/0"},"ancestor":{"id":"requestItemsTable","viewName":"etm.portal.ui.managerequests.view.NewRequest"}},"interaction":{"idSuffix":"inner"}},"clearTextFirst":true,"interactionType":"ENTER_TEXT"}]}
COMMAND: POST /session/2d3f18d96ae83e7081695401c2e0fdda/actions - {"actions":[{"id":"action24","type":"key","parameters":{},"actions":[{"type":"keyDown","value":"î€‡"},{"type":"pause","duration":10},{"type":"keyUp","value":"î€‡"}]}]}
RESULT: {"actions":[{"id":"action24","type":"key","parameters":{},"actions":[{"type":"keyDown","value":"î€‡"},{"type":"pause","duration":10},{"type":"keyUp","value":"î€‡"}]}]}
COMMAND: GET /session/2d3f18d96ae83e7081695401c2e0fdda/screenshot - {}
RESULT: {}
RESULT: undefined
COMMAND: POST /session/2d3f18d96ae83e7081695401c2e0fdda/execute/async - {"script":"<script> [6424 bytes]","args":[{"element-6066-11e4-a52e-4f735466cecf":"f.3980C6CC6DC27C16253BC7A58143231A.d.30E05D8CAA9CABB88900AE21577404EB.e.3039"},"getTokens",[]]}
RESULT: {"script":"<script> [6424 bytes]","args":[{"element-6066-11e4-a52e-4f735466cecf":"f.3980C6CC6DC27C16253BC7A58143231A.d.30E05D8CAA9CABB88900AE21577404EB.e.3039"},"getTokens",[]]}
COMMAND: POST /session/2d3f18d96ae83e7081695401c2e0fdda/execute/async - {"script":"<script> [1562 bytes]","args":[{"wdio_ui5_key":"__token7-__tokenizer62-__xmlview59--requestItemsTable-0-1","selector":{"id":"__token7-__tokenizer62-__xmlview59--requestItemsTable-0-1"}}]}
RESULT: undefined
RESULT: {"script":"<script> [1562 bytes]","args":[{"wdio_ui5_key":"__token7-__tokenizer62-__xmlview59--requestItemsTable-0-1","selector":{"id":"__token7-__tokenizer62-__xmlview59--requestItemsTable-0-1"}}]}
RESULT: undefined
COMMAND: POST /session/2d3f18d96ae83e7081695401c2e0fdda/execute/async - {"script":"<script> [1562 bytes]","args":[{"selector":{"controlType":"sap.ui.core.Icon","viewName":"etm.portal.ui.managerequests.view.NewRequest","properties":{"src":{"regex":{"source":"decline"}}},"ancestor":{"controlType":"sap.m.Token","viewName":"etm.portal.ui.managerequests.view.NewRequest","bindingPath":{"path":"/RequestItems/1/TOKENS/0","propertyPath":"TAG","modelName":"newRequestItems"}}},"wdio_ui5_key":"etmportal.ui.managerequests.view.NewRequestsap.ui.core.Icon{\"src\":{\"regex\":{\"source\":\"decline\"}}}{\"controlType\":\"sap.m.Token\",\"viewName\":\"etm.portal.ui.managerequests.view.NewRequest\",\"bindingPath\":{\"path\":\"/RequestItems/1/TOKENS/0\",\"propertyPath\":\"TAG\",\"modelName\":\"newRequestItems\"}}"}]}
RESULT: {"script":"<script> [1562 bytes]","args":[{"selector":{"controlType":"sap.ui.core.Icon","viewName":"etm.portal.ui.managerequests.view.NewRequest","properties":{"src":{"regex":{"source":"decline"}}},"ancestor":{"controlType":"sap.m.Token","viewName":"etm.portal.ui.managerequests.view.NewRequest","bindingPath":{"path":"/RequestItems/1/TOKENS/0","propertyPath":"TAG","modelName":"newRequestItems"}}},"wdio_ui5_key":"etmportal.ui.managerequests.view.NewRequestsap.ui.core.Icon{\"src\":{\"regex\":{\"source\":\"decline\"}}}{\"controlType\":\"sap.m.Token\",\"viewName\":\"etm.portal.ui.managerequests.view.NewRequest\",\"bindingPath\":{\"path\":\"/RequestItems/1/TOKENS/0\",\"propertyPath\":\"TAG\",\"modelName\":\"newRequestItems\"}}"}]}
RESULT: undefined
COMMAND: POST /session/2d3f18d96ae83e7081695401c2e0fdda/element - {"using":"xpath","value":"//*[@id=\"__token7-__tokenizer62-__xmlview59--requestItemsTable-1-0-icon\"]"}
RESULT: {"using":"xpath","value":"//*[@id=\"__token7-__tokenizer62-__xmlview59--requestItemsTable-1-0-icon\"]"}
COMMAND: POST /session/2d3f18d96ae83e7081695401c2e0fdda/element/f.3980C6CC6DC27C16253BC7A58143231A.d.30E05D8CAA9CABB88900AE21577404EB.e.3041/click - {}
RESULT: {}
COMMAND: GET /session/2d3f18d96ae83e7081695401c2e0fdda/screenshot - {}
COMMAND: POST /session/2d3f18d96ae83e7081695401c2e0fdda/actions - {"actions":[{"id":"action25","type":"key","parameters":{},"actions":[{"type":"keyDown","value":"î€Œ"},{"type":"pause","duration":10},{"type":"keyUp","value":"î€Œ"}]}]}
RESULT: {}
RESULT: {"actions":[{"id":"action25","type":"key","parameters":{},"actions":[{"type":"keyDown","value":"î€Œ"},{"type":"pause","duration":10},{"type":"keyUp","value":"î€Œ"}]}]}
COMMAND: GET /session/2d3f18d96ae83e7081695401c2e0fdda/screenshot - {}
COMMAND: POST /session/2d3f18d96ae83e7081695401c2e0fdda/execute/async - {"script":"<script> [1562 bytes]","args":[{"selector":{"controlType":"sap.m.Tokenizer","viewName":"etm.portal.ui.managerequests.view.NewRequest","bindingPath":{"path":"/RequestItems/1","propertyPath":"TOKENS","modelName":"newRequestItems"}},"wdio_ui5_key":"etmportal.ui.managerequests.view.NewRequestsap.m.Tokenizer{\"path\":\"/RequestItems/1\",\"propertyPath\":\"TOKENS\",\"modelName\":\"newRequestItems\"}"}]}
RESULT: {}
RESULT: {"script":"<script> [1562 bytes]","args":[{"selector":{"controlType":"sap.m.Tokenizer","viewName":"etm.portal.ui.managerequests.view.NewRequest","bindingPath":{"path":"/RequestItems/1","propertyPath":"TOKENS","modelName":"newRequestItems"}},"wdio_ui5_key":"etmportal.ui.managerequests.view.NewRequestsap.m.Tokenizer{\"path\":\"/RequestItems/1\",\"propertyPath\":\"TOKENS\",\"modelName\":\"newRequestItems\"}"}]}
RESULT: undefined
COMMAND: POST /session/2d3f18d96ae83e7081695401c2e0fdda/execute/async - {"script":"<script> [6424 bytes]","args":[{"element-6066-11e4-a52e-4f735466cecf":"f.3980C6CC6DC27C16253BC7A58143231A.d.30E05D8CAA9CABB88900AE21577404EB.e.3047"},"getTokens",[]]}
RESULT: {"script":"<script> [6424 bytes]","args":[{"element-6066-11e4-a52e-4f735466cecf":"f.3980C6CC6DC27C16253BC7A58143231A.d.30E05D8CAA9CABB88900AE21577404EB.e.3047"},"getTokens",[]]}
COMMAND: POST /session/2d3f18d96ae83e7081695401c2e0fdda/execute/async - {"script":"<script> [1562 bytes]","args":[{"wdio_ui5_key":"__token7-__tokenizer62-__xmlview59--requestItemsTable-1-0","selector":{"id":"__token7-__tokenizer62-__xmlview59--requestItemsTable-1-0"}}]}
RESULT: {"script":"<script> [1562 bytes]","args":[{"wdio_ui5_key":"__token7-__tokenizer62-__xmlview59--requestItemsTable-1-0","selector":{"id":"__token7-__tokenizer62-__xmlview59--requestItemsTable-1-0"}}]}
RESULT: undefined
RESULT: undefined
COMMAND: POST /session/2d3f18d96ae83e7081695401c2e0fdda/execute/async - {"script":"<script> [776 bytes]","args":[{"enterText":"tagRequest1","selector":{"controlType":"sap.m.Input","viewName":"etm.portal.ui.managerequests.view.NewRequest","bindingPath":{"path":"","propertyPath":"/Tags","modelName":"catalogModel"},"ancestor":{"controlType":"sap.m.ColumnListItem","viewName":"etm.portal.ui.managerequests.view.NewRequest","bindingPath":{"modelName":"newRequestItems","path":"/RequestItems/1"},"ancestor":{"id":"requestItemsTable","viewName":"etm.portal.ui.managerequests.view.NewRequest"}},"interaction":{"idSuffix":"inner"}},"clearTextFirst":true,"interactionType":"ENTER_TEXT"}]}
RESULT: {"script":"<script> [776 bytes]","args":[{"enterText":"tagRequest1","selector":{"controlType":"sap.m.Input","viewName":"etm.portal.ui.managerequests.view.NewRequest","bindingPath":{"path":"","propertyPath":"/Tags","modelName":"catalogModel"},"ancestor":{"controlType":"sap.m.ColumnListItem","viewName":"etm.portal.ui.managerequests.view.NewRequest","bindingPath":{"modelName":"newRequestItems","path":"/RequestItems/1"},"ancestor":{"id":"requestItemsTable","viewName":"etm.portal.ui.managerequests.view.NewRequest"}},"interaction":{"idSuffix":"inner"}},"clearTextFirst":true,"interactionType":"ENTER_TEXT"}]}
COMMAND: POST /session/2d3f18d96ae83e7081695401c2e0fdda/actions - {"actions":[{"id":"action26","type":"key","parameters":{},"actions":[{"type":"keyDown","value":"î€‡"},{"type":"pause","duration":10},{"type":"keyUp","value":"î€‡"}]}]}
RESULT: {"actions":[{"id":"action26","type":"key","parameters":{},"actions":[{"type":"keyDown","value":"î€‡"},{"type":"pause","duration":10},{"type":"keyUp","value":"î€‡"}]}]}
COMMAND: GET /session/2d3f18d96ae83e7081695401c2e0fdda/screenshot - {}
RESULT: {}
RESULT: undefined
COMMAND: POST /session/2d3f18d96ae83e7081695401c2e0fdda/execute/async - {"script":"<script> [6424 bytes]","args":[{"element-6066-11e4-a52e-4f735466cecf":"f.3980C6CC6DC27C16253BC7A58143231A.d.30E05D8CAA9CABB88900AE21577404EB.e.3047"},"getTokens",[]]}
RESULT: {"script":"<script> [6424 bytes]","args":[{"element-6066-11e4-a52e-4f735466cecf":"f.3980C6CC6DC27C16253BC7A58143231A.d.30E05D8CAA9CABB88900AE21577404EB.e.3047"},"getTokens",[]]}
COMMAND: POST /session/2d3f18d96ae83e7081695401c2e0fdda/execute/async - {"script":"<script> [1562 bytes]","args":[{"wdio_ui5_key":"__token7-__tokenizer62-__xmlview59--requestItemsTable-1-1","selector":{"id":"__token7-__tokenizer62-__xmlview59--requestItemsTable-1-1"}}]}
RESULT: undefined
RESULT: {"script":"<script> [1562 bytes]","args":[{"wdio_ui5_key":"__token7-__tokenizer62-__xmlview59--requestItemsTable-1-1","selector":{"id":"__token7-__tokenizer62-__xmlview59--requestItemsTable-1-1"}}]}
RESULT: undefined
COMMAND: POST /session/2d3f18d96ae83e7081695401c2e0fdda/execute/async - {"script":"<script> [1562 bytes]","args":[{"selector":{"controlType":"sap.m.Button","viewName":"etm.portal.ui.managerequests.view.NewRequest","properties":{"text":"Save"},"i18NText":{"propertyName":"tooltip","key":"save"},"interaction":{"idSuffix":"BDI-content"}},"wdio_ui5_key":"etmportal.ui.managerequests.view.NewRequestsap.m.Button{\"propertyName\":\"tooltip\",\"key\":\"save\"}{\"text\":\"Save\"}"}]}
RESULT: {"script":"<script> [1562 bytes]","args":[{"selector":{"controlType":"sap.m.Button","viewName":"etm.portal.ui.managerequests.view.NewRequest","properties":{"text":"Save"},"i18NText":{"propertyName":"tooltip","key":"save"},"interaction":{"idSuffix":"BDI-content"}},"wdio_ui5_key":"etmportal.ui.managerequests.view.NewRequestsap.m.Button{\"propertyName\":\"tooltip\",\"key\":\"save\"}{\"text\":\"Save\"}"}]}
RESULT: undefined
COMMAND: POST /session/2d3f18d96ae83e7081695401c2e0fdda/element - {"using":"xpath","value":"//*[@id=\"__button109\"]"}
RESULT: {"using":"xpath","value":"//*[@id=\"__button109\"]"}
COMMAND: POST /session/2d3f18d96ae83e7081695401c2e0fdda/element/f.3980C6CC6DC27C16253BC7A58143231A.d.30E05D8CAA9CABB88900AE21577404EB.e.2774/click - {}
RESULT: {}
COMMAND: GET /session/2d3f18d96ae83e7081695401c2e0fdda/screenshot - {}
RESULT: {}
COMMAND: POST /session/2d3f18d96ae83e7081695401c2e0fdda/element - {"using":"xpath","value":"//bdi[contains(@id ,\"BDI-content\")][contains(text(), \"Close\")]"}
RESULT: {"using":"xpath","value":"//bdi[contains(@id ,\"BDI-content\")][contains(text(), \"Close\")]"}
COMMAND: POST /session/2d3f18d96ae83e7081695401c2e0fdda/element/f.3980C6CC6DC27C16253BC7A58143231A.d.30E05D8CAA9CABB88900AE21577404EB.e.3056/click - {}
RESULT: {}
COMMAND: GET /session/2d3f18d96ae83e7081695401c2e0fdda/screenshot - {}
RESULT: {}
]]></system-out>
    </testcase>
    <testcase classname="chrome.136_0_7103_49.windows.Manage_Requests_Tags_Tests_US120163" name="Should Edit Request Tags" time="107.187">
      <system-out><![CDATA[
COMMAND: POST /session/2d3f18d96ae83e7081695401c2e0fdda/execute/async - {"script":"<script> [1562 bytes]","args":[{"selector":{"controlType":"sap.ui.core.Icon","viewName":"etm.portal.ui.managerequests.view.Detail","properties":{"src":{"regex":{"source":"overflow"}}}},"wdio_ui5_key":"etmportal.ui.managerequests.view.Detailsap.ui.core.Icon{\"src\":{\"regex\":{\"source\":\"overflow\"}}}"}]}
RESULT: {"script":"<script> [1562 bytes]","args":[{"selector":{"controlType":"sap.ui.core.Icon","viewName":"etm.portal.ui.managerequests.view.Detail","properties":{"src":{"regex":{"source":"overflow"}}}},"wdio_ui5_key":"etmportal.ui.managerequests.view.Detailsap.ui.core.Icon{\"src\":{\"regex\":{\"source\":\"overflow\"}}}"}]}
RESULT: undefined
COMMAND: POST /session/2d3f18d96ae83e7081695401c2e0fdda/element - {"using":"xpath","value":"//*[@id=\"__xmlview60--detailHeaderTitle-_actionsToolbar-overflowButton-img\"]"}
RESULT: {"using":"xpath","value":"//*[@id=\"__xmlview60--detailHeaderTitle-_actionsToolbar-overflowButton-img\"]"}
COMMAND: POST /session/2d3f18d96ae83e7081695401c2e0fdda/element/f.3980C6CC6DC27C16253BC7A58143231A.d.30E05D8CAA9CABB88900AE21577404EB.e.3181/click - {}
RESULT: {}
COMMAND: GET /session/2d3f18d96ae83e7081695401c2e0fdda/screenshot - {}
RESULT: {}
COMMAND: POST /session/2d3f18d96ae83e7081695401c2e0fdda/execute/async - {"script":"<script> [1562 bytes]","args":[{"selector":{"controlType":"sap.uxap.ObjectPageHeaderActionButton","viewName":"etm.portal.ui.managerequests.view.Detail","i18NText":{"propertyName":"text","key":"edit"},"searchOpenDialogs":true,"interaction":{"idSuffix":"inner"}},"wdio_ui5_key":"etmportal.ui.managerequests.view.Detailsap.uxap.ObjectPageHeaderActionButton{\"propertyName\":\"text\",\"key\":\"edit\"}"}]}
RESULT: {"script":"<script> [1562 bytes]","args":[{"selector":{"controlType":"sap.uxap.ObjectPageHeaderActionButton","viewName":"etm.portal.ui.managerequests.view.Detail","i18NText":{"propertyName":"text","key":"edit"},"searchOpenDialogs":true,"interaction":{"idSuffix":"inner"}},"wdio_ui5_key":"etmportal.ui.managerequests.view.Detailsap.uxap.ObjectPageHeaderActionButton{\"propertyName\":\"text\",\"key\":\"edit\"}"}]}
RESULT: undefined
COMMAND: POST /session/2d3f18d96ae83e7081695401c2e0fdda/element - {"using":"xpath","value":"//*[@id=\"__button128\"]"}
RESULT: {"using":"xpath","value":"//*[@id=\"__button128\"]"}
COMMAND: POST /session/2d3f18d96ae83e7081695401c2e0fdda/element/f.3980C6CC6DC27C16253BC7A58143231A.d.30E05D8CAA9CABB88900AE21577404EB.e.3183/click - {}
RESULT: {}
COMMAND: GET /session/2d3f18d96ae83e7081695401c2e0fdda/screenshot - {}
RESULT: {}
COMMAND: POST /session/2d3f18d96ae83e7081695401c2e0fdda/execute/async - {"script":"<script> [1562 bytes]","args":[{"selector":{"controlType":"sap.ui.core.Icon","viewName":"etm.portal.ui.managerequests.view.Edit","properties":{"src":{"regex":{"source":"decline"}}},"ancestor":{"controlType":"sap.m.Token","viewName":"etm.portal.ui.managerequests.view.Edit","bindingPath":{"propertyPath":"TAG","modelName":"catalogModel"},"properties":{"text":"RefTag"}}},"wdio_ui5_key":"etmportal.ui.managerequests.view.Editsap.ui.core.Icon{\"src\":{\"regex\":{\"source\":\"decline\"}}}{\"controlType\":\"sap.m.Token\",\"viewName\":\"etm.portal.ui.managerequests.view.Edit\",\"bindingPath\":{\"propertyPath\":\"TAG\",\"modelName\":\"catalogModel\"},\"properties\":{\"text\":\"RefTag\"}}"}]}
RESULT: {"script":"<script> [1562 bytes]","args":[{"selector":{"controlType":"sap.ui.core.Icon","viewName":"etm.portal.ui.managerequests.view.Edit","properties":{"src":{"regex":{"source":"decline"}}},"ancestor":{"controlType":"sap.m.Token","viewName":"etm.portal.ui.managerequests.view.Edit","bindingPath":{"propertyPath":"TAG","modelName":"catalogModel"},"properties":{"text":"RefTag"}}},"wdio_ui5_key":"etmportal.ui.managerequests.view.Editsap.ui.core.Icon{\"src\":{\"regex\":{\"source\":\"decline\"}}}{\"controlType\":\"sap.m.Token\",\"viewName\":\"etm.portal.ui.managerequests.view.Edit\",\"bindingPath\":{\"propertyPath\":\"TAG\",\"modelName\":\"catalogModel\"},\"properties\":{\"text\":\"RefTag\"}}"}]}
RESULT: undefined
COMMAND: POST /session/2d3f18d96ae83e7081695401c2e0fdda/element - {"using":"xpath","value":"//*[@id=\"__token13-__tokenizer64-0-icon\"]"}
RESULT: {"using":"xpath","value":"//*[@id=\"__token13-__tokenizer64-0-icon\"]"}
COMMAND: POST /session/2d3f18d96ae83e7081695401c2e0fdda/element/f.3980C6CC6DC27C16253BC7A58143231A.d.30E05D8CAA9CABB88900AE21577404EB.e.3291/click - {}
RESULT: {}
COMMAND: POST /session/2d3f18d96ae83e7081695401c2e0fdda/execute/async - {"script":"<script> [1562 bytes]","args":[{"selector":{"id":"tagMultiInputRequests","viewName":"etm.portal.ui.managerequests.view.Edit","interaction":{"idSuffix":"inner"}},"wdio_ui5_key":"tagMultiInputRequestsetmportal.ui.managerequests.view.Edit"}]}
COMMAND: GET /session/2d3f18d96ae83e7081695401c2e0fdda/screenshot - {}
RESULT: {"script":"<script> [1562 bytes]","args":[{"selector":{"id":"tagMultiInputRequests","viewName":"etm.portal.ui.managerequests.view.Edit","interaction":{"idSuffix":"inner"}},"wdio_ui5_key":"tagMultiInputRequestsetmportal.ui.managerequests.view.Edit"}]}
RESULT: undefined
COMMAND: POST /session/2d3f18d96ae83e7081695401c2e0fdda/execute/async - {"script":"<script> [6424 bytes]","args":[{"element-6066-11e4-a52e-4f735466cecf":"f.3980C6CC6DC27C16253BC7A58143231A.d.30E05D8CAA9CABB88900AE21577404EB.e.3217"},"getTokens",[]]}
RESULT: {}
RESULT: {"script":"<script> [6424 bytes]","args":[{"element-6066-11e4-a52e-4f735466cecf":"f.3980C6CC6DC27C16253BC7A58143231A.d.30E05D8CAA9CABB88900AE21577404EB.e.3217"},"getTokens",[]]}
COMMAND: POST /session/2d3f18d96ae83e7081695401c2e0fdda/execute/async - {"script":"<script> [1562 bytes]","args":[{"wdio_ui5_key":"__token13-__tokenizer64-1","selector":{"id":"__token13-__tokenizer64-1"}}]}
RESULT: {"script":"<script> [1562 bytes]","args":[{"wdio_ui5_key":"__token13-__tokenizer64-1","selector":{"id":"__token13-__tokenizer64-1"}}]}
RESULT: undefined
RESULT: undefined
COMMAND: POST /session/2d3f18d96ae83e7081695401c2e0fdda/execute/async - {"script":"<script> [776 bytes]","args":[{"enterText":"RefTag","selector":{"id":"tagMultiInputRequests","viewName":"etm.portal.ui.managerequests.view.Edit","interaction":{"idSuffix":"inner"}},"clearTextFirst":true,"interactionType":"ENTER_TEXT"}]}
RESULT: {"script":"<script> [776 bytes]","args":[{"enterText":"RefTag","selector":{"id":"tagMultiInputRequests","viewName":"etm.portal.ui.managerequests.view.Edit","interaction":{"idSuffix":"inner"}},"clearTextFirst":true,"interactionType":"ENTER_TEXT"}]}
COMMAND: POST /session/2d3f18d96ae83e7081695401c2e0fdda/actions - {"actions":[{"id":"action27","type":"key","parameters":{},"actions":[{"type":"keyDown","value":"î€‡"},{"type":"pause","duration":10},{"type":"keyUp","value":"î€‡"}]}]}
RESULT: {"actions":[{"id":"action27","type":"key","parameters":{},"actions":[{"type":"keyDown","value":"î€‡"},{"type":"pause","duration":10},{"type":"keyUp","value":"î€‡"}]}]}
COMMAND: GET /session/2d3f18d96ae83e7081695401c2e0fdda/screenshot - {}
RESULT: {}
RESULT: undefined
COMMAND: POST /session/2d3f18d96ae83e7081695401c2e0fdda/execute/async - {"script":"<script> [6424 bytes]","args":[{"element-6066-11e4-a52e-4f735466cecf":"f.3980C6CC6DC27C16253BC7A58143231A.d.30E05D8CAA9CABB88900AE21577404EB.e.3217"},"getTokens",[]]}
RESULT: {"script":"<script> [6424 bytes]","args":[{"element-6066-11e4-a52e-4f735466cecf":"f.3980C6CC6DC27C16253BC7A58143231A.d.30E05D8CAA9CABB88900AE21577404EB.e.3217"},"getTokens",[]]}
COMMAND: POST /session/2d3f18d96ae83e7081695401c2e0fdda/execute/async - {"script":"<script> [1562 bytes]","args":[{"wdio_ui5_key":"__token16","selector":{"id":"__token16"}}]}
RESULT: undefined
RESULT: {"script":"<script> [1562 bytes]","args":[{"wdio_ui5_key":"__token16","selector":{"id":"__token16"}}]}
RESULT: undefined
COMMAND: POST /session/2d3f18d96ae83e7081695401c2e0fdda/execute/async - {"script":"<script> [1562 bytes]","args":[{"selector":{"controlType":"sap.m.Button","viewName":"etm.portal.ui.managerequests.view.Edit","properties":{"text":"Items (2)"},"interaction":{"idSuffix":"BDI-content"}},"wdio_ui5_key":"etmportal.ui.managerequests.view.Editsap.m.Button{\"text\":\"Items (2)\"}"}]}
RESULT: {"script":"<script> [1562 bytes]","args":[{"selector":{"controlType":"sap.m.Button","viewName":"etm.portal.ui.managerequests.view.Edit","properties":{"text":"Items (2)"},"interaction":{"idSuffix":"BDI-content"}},"wdio_ui5_key":"etmportal.ui.managerequests.view.Editsap.m.Button{\"text\":\"Items (2)\"}"}]}
RESULT: undefined
COMMAND: POST /session/2d3f18d96ae83e7081695401c2e0fdda/element - {"using":"xpath","value":"//*[@id=\"__xmlview61--editRequestPage-anchBar-__xmlview61--requestItemsSection-anchor\"]"}
RESULT: {"using":"xpath","value":"//*[@id=\"__xmlview61--editRequestPage-anchBar-__xmlview61--requestItemsSection-anchor\"]"}
COMMAND: POST /session/2d3f18d96ae83e7081695401c2e0fdda/element/f.3980C6CC6DC27C16253BC7A58143231A.d.30E05D8CAA9CABB88900AE21577404EB.e.3296/click - {}
RESULT: {}
COMMAND: GET /session/2d3f18d96ae83e7081695401c2e0fdda/screenshot - {}
RESULT: {}
COMMAND: POST /session/2d3f18d96ae83e7081695401c2e0fdda/execute/async - {"script":"<script> [1562 bytes]","args":[{"selector":{"controlType":"sap.ui.core.Icon","viewName":"etm.portal.ui.managerequests.view.Edit","properties":{"src":{"regex":{"source":"inspect"}}}},"wdio_ui5_key":"etmportal.ui.managerequests.view.Editsap.ui.core.Icon{\"src\":{\"regex\":{\"source\":\"inspect\"}}}"}]}
RESULT: {"script":"<script> [1562 bytes]","args":[{"selector":{"controlType":"sap.ui.core.Icon","viewName":"etm.portal.ui.managerequests.view.Edit","properties":{"src":{"regex":{"source":"inspect"}}}},"wdio_ui5_key":"etmportal.ui.managerequests.view.Editsap.ui.core.Icon{\"src\":{\"regex\":{\"source\":\"inspect\"}}}"}]}
RESULT: undefined
COMMAND: POST /session/2d3f18d96ae83e7081695401c2e0fdda/element - {"using":"xpath","value":"//*[@id=\"__button153-img\"]"}
RESULT: {"using":"xpath","value":"//*[@id=\"__button153-img\"]"}
COMMAND: POST /session/2d3f18d96ae83e7081695401c2e0fdda/element/f.3980C6CC6DC27C16253BC7A58143231A.d.30E05D8CAA9CABB88900AE21577404EB.e.3302/click - {}
RESULT: {}
COMMAND: GET /session/2d3f18d96ae83e7081695401c2e0fdda/screenshot - {}
RESULT: {}
COMMAND: POST /session/2d3f18d96ae83e7081695401c2e0fdda/execute/async - {"script":"<script> [1562 bytes]","args":[{"selector":{"controlType":"sap.m.Tokenizer","viewName":"etm.portal.ui.managerequests.view.Edit","bindingPath":{"path":"/RequestItems/0","propertyPath":"LINK_TO_TAGS","modelName":"RequestItemsModel"}},"wdio_ui5_key":"etmportal.ui.managerequests.view.Editsap.m.Tokenizer{\"path\":\"/RequestItems/0\",\"propertyPath\":\"LINK_TO_TAGS\",\"modelName\":\"RequestItemsModel\"}"}]}
RESULT: {"script":"<script> [1562 bytes]","args":[{"selector":{"controlType":"sap.m.Tokenizer","viewName":"etm.portal.ui.managerequests.view.Edit","bindingPath":{"path":"/RequestItems/0","propertyPath":"LINK_TO_TAGS","modelName":"RequestItemsModel"}},"wdio_ui5_key":"etmportal.ui.managerequests.view.Editsap.m.Tokenizer{\"path\":\"/RequestItems/0\",\"propertyPath\":\"LINK_TO_TAGS\",\"modelName\":\"RequestItemsModel\"}"}]}
RESULT: undefined
COMMAND: POST /session/2d3f18d96ae83e7081695401c2e0fdda/element - {"using":"xpath","value":"//*[@id=\"__tokenizer66\"]"}
RESULT: {"using":"xpath","value":"//*[@id=\"__tokenizer66\"]"}
COMMAND: POST /session/2d3f18d96ae83e7081695401c2e0fdda/element/f.3980C6CC6DC27C16253BC7A58143231A.d.30E05D8CAA9CABB88900AE21577404EB.e.3304/click - {}
RESULT: {}
COMMAND: GET /session/2d3f18d96ae83e7081695401c2e0fdda/screenshot - {}
RESULT: {}
COMMAND: POST /session/2d3f18d96ae83e7081695401c2e0fdda/execute/async - {"script":"<script> [1562 bytes]","args":[{"selector":{"controlType":"sap.ui.core.Icon","viewName":"etm.portal.ui.managerequests.view.Edit","properties":{"src":{"regex":{"source":"decline"}}},"searchOpenDialogs":true,"ancestor":{"controlType":"sap.m.StandardListItem","viewName":"etm.portal.ui.managerequests.view.Edit","properties":{"title":"tag-duplicate"},"searchOpenDialogs":true}},"wdio_ui5_key":"etmportal.ui.managerequests.view.Editsap.ui.core.Icon{\"src\":{\"regex\":{\"source\":\"decline\"}}}{\"controlType\":\"sap.m.StandardListItem\",\"viewName\":\"etm.portal.ui.managerequests.view.Edit\",\"properties\":{\"title\":\"tag-duplicate\"},\"searchOpenDialogs\":true}"}]}
RESULT: {"script":"<script> [1562 bytes]","args":[{"selector":{"controlType":"sap.ui.core.Icon","viewName":"etm.portal.ui.managerequests.view.Edit","properties":{"src":{"regex":{"source":"decline"}}},"searchOpenDialogs":true,"ancestor":{"controlType":"sap.m.StandardListItem","viewName":"etm.portal.ui.managerequests.view.Edit","properties":{"title":"tag-duplicate"},"searchOpenDialogs":true}},"wdio_ui5_key":"etmportal.ui.managerequests.view.Editsap.ui.core.Icon{\"src\":{\"regex\":{\"source\":\"decline\"}}}{\"controlType\":\"sap.m.StandardListItem\",\"viewName\":\"etm.portal.ui.managerequests.view.Edit\",\"properties\":{\"title\":\"tag-duplicate\"},\"searchOpenDialogs\":true}"}]}
RESULT: undefined
COMMAND: POST /session/2d3f18d96ae83e7081695401c2e0fdda/element - {"using":"xpath","value":"//*[@id=\"__item1436-imgDel-img\"]"}
RESULT: {"using":"xpath","value":"//*[@id=\"__item1436-imgDel-img\"]"}
COMMAND: POST /session/2d3f18d96ae83e7081695401c2e0fdda/element/f.3980C6CC6DC27C16253BC7A58143231A.d.30E05D8CAA9CABB88900AE21577404EB.e.3307/click - {}
RESULT: {}
COMMAND: GET /session/2d3f18d96ae83e7081695401c2e0fdda/screenshot - {}
RESULT: {}
COMMAND: POST /session/2d3f18d96ae83e7081695401c2e0fdda/actions - {"actions":[{"id":"action28","type":"key","parameters":{},"actions":[{"type":"keyDown","value":"î€Œ"},{"type":"pause","duration":10},{"type":"keyUp","value":"î€Œ"}]}]}
RESULT: {"actions":[{"id":"action28","type":"key","parameters":{},"actions":[{"type":"keyDown","value":"î€Œ"},{"type":"pause","duration":10},{"type":"keyUp","value":"î€Œ"}]}]}
COMMAND: POST /session/2d3f18d96ae83e7081695401c2e0fdda/execute/async - {"script":"<script> [1562 bytes]","args":[{"selector":{"controlType":"sap.m.Tokenizer","viewName":"etm.portal.ui.managerequests.view.Edit","bindingPath":{"path":"/RequestItems/1","propertyPath":"LINK_TO_TAGS","modelName":"RequestItemsModel"}},"wdio_ui5_key":"etmportal.ui.managerequests.view.Editsap.m.Tokenizer{\"path\":\"/RequestItems/1\",\"propertyPath\":\"LINK_TO_TAGS\",\"modelName\":\"RequestItemsModel\"}"}]}
COMMAND: GET /session/2d3f18d96ae83e7081695401c2e0fdda/screenshot - {}
RESULT: {"script":"<script> [1562 bytes]","args":[{"selector":{"controlType":"sap.m.Tokenizer","viewName":"etm.portal.ui.managerequests.view.Edit","bindingPath":{"path":"/RequestItems/1","propertyPath":"LINK_TO_TAGS","modelName":"RequestItemsModel"}},"wdio_ui5_key":"etmportal.ui.managerequests.view.Editsap.m.Tokenizer{\"path\":\"/RequestItems/1\",\"propertyPath\":\"LINK_TO_TAGS\",\"modelName\":\"RequestItemsModel\"}"}]}
RESULT: undefined
COMMAND: POST /session/2d3f18d96ae83e7081695401c2e0fdda/element - {"using":"xpath","value":"//*[@id=\"__tokenizer67\"]"}
RESULT: {}
RESULT: {"using":"xpath","value":"//*[@id=\"__tokenizer67\"]"}
COMMAND: POST /session/2d3f18d96ae83e7081695401c2e0fdda/element/f.3980C6CC6DC27C16253BC7A58143231A.d.30E05D8CAA9CABB88900AE21577404EB.e.3310/click - {}
RESULT: {}
COMMAND: GET /session/2d3f18d96ae83e7081695401c2e0fdda/screenshot - {}
RESULT: {}
COMMAND: POST /session/2d3f18d96ae83e7081695401c2e0fdda/execute/async - {"script":"<script> [1562 bytes]","args":[{"selector":{"controlType":"sap.ui.core.Icon","viewName":"etm.portal.ui.managerequests.view.Edit","properties":{"src":{"regex":{"source":"decline"}}},"searchOpenDialogs":true,"ancestor":{"controlType":"sap.m.StandardListItem","viewName":"etm.portal.ui.managerequests.view.Edit","properties":{"title":"tagRequest1"},"searchOpenDialogs":true}},"wdio_ui5_key":"etmportal.ui.managerequests.view.Editsap.ui.core.Icon{\"src\":{\"regex\":{\"source\":\"decline\"}}}{\"controlType\":\"sap.m.StandardListItem\",\"viewName\":\"etm.portal.ui.managerequests.view.Edit\",\"properties\":{\"title\":\"tagRequest1\"},\"searchOpenDialogs\":true}"}]}
RESULT: {"script":"<script> [1562 bytes]","args":[{"selector":{"controlType":"sap.ui.core.Icon","viewName":"etm.portal.ui.managerequests.view.Edit","properties":{"src":{"regex":{"source":"decline"}}},"searchOpenDialogs":true,"ancestor":{"controlType":"sap.m.StandardListItem","viewName":"etm.portal.ui.managerequests.view.Edit","properties":{"title":"tagRequest1"},"searchOpenDialogs":true}},"wdio_ui5_key":"etmportal.ui.managerequests.view.Editsap.ui.core.Icon{\"src\":{\"regex\":{\"source\":\"decline\"}}}{\"controlType\":\"sap.m.StandardListItem\",\"viewName\":\"etm.portal.ui.managerequests.view.Edit\",\"properties\":{\"title\":\"tagRequest1\"},\"searchOpenDialogs\":true}"}]}
RESULT: undefined
COMMAND: POST /session/2d3f18d96ae83e7081695401c2e0fdda/element - {"using":"xpath","value":"//*[@id=\"__item1444-imgDel-img\"]"}
RESULT: {"using":"xpath","value":"//*[@id=\"__item1444-imgDel-img\"]"}
COMMAND: POST /session/2d3f18d96ae83e7081695401c2e0fdda/element/f.3980C6CC6DC27C16253BC7A58143231A.d.30E05D8CAA9CABB88900AE21577404EB.e.3313/click - {}
RESULT: {}
COMMAND: GET /session/2d3f18d96ae83e7081695401c2e0fdda/screenshot - {}
RESULT: {}
COMMAND: POST /session/2d3f18d96ae83e7081695401c2e0fdda/execute/async - {"script":"<script> [1562 bytes]","args":[{"selector":{"controlType":"sap.ui.core.Icon","viewName":"etm.portal.ui.managerequests.view.Edit","properties":{"src":{"regex":{"source":"decline"}}},"searchOpenDialogs":true,"ancestor":{"controlType":"sap.m.StandardListItem","viewName":"etm.portal.ui.managerequests.view.Edit","properties":{"title":"RefTag"},"searchOpenDialogs":true}},"wdio_ui5_key":"etmportal.ui.managerequests.view.Editsap.ui.core.Icon{\"src\":{\"regex\":{\"source\":\"decline\"}}}{\"controlType\":\"sap.m.StandardListItem\",\"viewName\":\"etm.portal.ui.managerequests.view.Edit\",\"properties\":{\"title\":\"RefTag\"},\"searchOpenDialogs\":true}"}]}
RESULT: {"script":"<script> [1562 bytes]","args":[{"selector":{"controlType":"sap.ui.core.Icon","viewName":"etm.portal.ui.managerequests.view.Edit","properties":{"src":{"regex":{"source":"decline"}}},"searchOpenDialogs":true,"ancestor":{"controlType":"sap.m.StandardListItem","viewName":"etm.portal.ui.managerequests.view.Edit","properties":{"title":"RefTag"},"searchOpenDialogs":true}},"wdio_ui5_key":"etmportal.ui.managerequests.view.Editsap.ui.core.Icon{\"src\":{\"regex\":{\"source\":\"decline\"}}}{\"controlType\":\"sap.m.StandardListItem\",\"viewName\":\"etm.portal.ui.managerequests.view.Edit\",\"properties\":{\"title\":\"RefTag\"},\"searchOpenDialogs\":true}"}]}
RESULT: undefined
COMMAND: POST /session/2d3f18d96ae83e7081695401c2e0fdda/element - {"using":"xpath","value":"//*[@id=\"__item1448-imgDel-img\"]"}
RESULT: {"using":"xpath","value":"//*[@id=\"__item1448-imgDel-img\"]"}
COMMAND: POST /session/2d3f18d96ae83e7081695401c2e0fdda/element/f.3980C6CC6DC27C16253BC7A58143231A.d.30E05D8CAA9CABB88900AE21577404EB.e.3316/click - {}
RESULT: {}
COMMAND: GET /session/2d3f18d96ae83e7081695401c2e0fdda/screenshot - {}
RESULT: {}
COMMAND: POST /session/2d3f18d96ae83e7081695401c2e0fdda/execute/async - {"script":"<script> [1562 bytes]","args":[{"selector":{"controlType":"sap.ui.core.Icon","viewName":"etm.portal.ui.managerequests.view.Edit","properties":{"src":{"regex":{"source":"decline"}}},"searchOpenDialogs":true,"ancestor":{"controlType":"sap.m.StandardListItem","viewName":"etm.portal.ui.managerequests.view.Edit","properties":{"title":"tag-header"},"searchOpenDialogs":true}},"wdio_ui5_key":"etmportal.ui.managerequests.view.Editsap.ui.core.Icon{\"src\":{\"regex\":{\"source\":\"decline\"}}}{\"controlType\":\"sap.m.StandardListItem\",\"viewName\":\"etm.portal.ui.managerequests.view.Edit\",\"properties\":{\"title\":\"tag-header\"},\"searchOpenDialogs\":true}"}]}
RESULT: {"script":"<script> [1562 bytes]","args":[{"selector":{"controlType":"sap.ui.core.Icon","viewName":"etm.portal.ui.managerequests.view.Edit","properties":{"src":{"regex":{"source":"decline"}}},"searchOpenDialogs":true,"ancestor":{"controlType":"sap.m.StandardListItem","viewName":"etm.portal.ui.managerequests.view.Edit","properties":{"title":"tag-header"},"searchOpenDialogs":true}},"wdio_ui5_key":"etmportal.ui.managerequests.view.Editsap.ui.core.Icon{\"src\":{\"regex\":{\"source\":\"decline\"}}}{\"controlType\":\"sap.m.StandardListItem\",\"viewName\":\"etm.portal.ui.managerequests.view.Edit\",\"properties\":{\"title\":\"tag-header\"},\"searchOpenDialogs\":true}"}]}
RESULT: undefined
COMMAND: POST /session/2d3f18d96ae83e7081695401c2e0fdda/element - {"using":"xpath","value":"//*[@id=\"__item1451-imgDel-img\"]"}
RESULT: {"using":"xpath","value":"//*[@id=\"__item1451-imgDel-img\"]"}
COMMAND: POST /session/2d3f18d96ae83e7081695401c2e0fdda/element/f.3980C6CC6DC27C16253BC7A58143231A.d.30E05D8CAA9CABB88900AE21577404EB.e.3319/click - {}
RESULT: {}
COMMAND: GET /session/2d3f18d96ae83e7081695401c2e0fdda/screenshot - {}
RESULT: {}
COMMAND: POST /session/2d3f18d96ae83e7081695401c2e0fdda/actions - {"actions":[{"id":"action29","type":"key","parameters":{},"actions":[{"type":"keyDown","value":"î€ƒ"},{"type":"pause","duration":10},{"type":"keyUp","value":"î€ƒ"}]}]}
RESULT: {"actions":[{"id":"action29","type":"key","parameters":{},"actions":[{"type":"keyDown","value":"î€ƒ"},{"type":"pause","duration":10},{"type":"keyUp","value":"î€ƒ"}]}]}
COMMAND: POST /session/2d3f18d96ae83e7081695401c2e0fdda/actions - {"actions":[{"id":"action30","type":"key","parameters":{},"actions":[{"type":"keyDown","value":"î€ƒ"},{"type":"pause","duration":10},{"type":"keyUp","value":"î€ƒ"}]}]}
COMMAND: GET /session/2d3f18d96ae83e7081695401c2e0fdda/screenshot - {}
RESULT: {"actions":[{"id":"action30","type":"key","parameters":{},"actions":[{"type":"keyDown","value":"î€ƒ"},{"type":"pause","duration":10},{"type":"keyUp","value":"î€ƒ"}]}]}
COMMAND: GET /session/2d3f18d96ae83e7081695401c2e0fdda/screenshot - {}
RESULT: {}
RESULT: {}
COMMAND: POST /session/2d3f18d96ae83e7081695401c2e0fdda/execute/async - {"script":"<script> [1562 bytes]","args":[{"selector":{"controlType":"sap.m.Button","viewName":"etm.portal.ui.managerequests.view.Edit","i18NText":{"propertyName":"tooltip","key":"save"},"interaction":{"idSuffix":"BDI-content"}},"wdio_ui5_key":"etmportal.ui.managerequests.view.Editsap.m.Button{\"propertyName\":\"tooltip\",\"key\":\"save\"}"}]}
RESULT: {"script":"<script> [1562 bytes]","args":[{"selector":{"controlType":"sap.m.Button","viewName":"etm.portal.ui.managerequests.view.Edit","i18NText":{"propertyName":"tooltip","key":"save"},"interaction":{"idSuffix":"BDI-content"}},"wdio_ui5_key":"etmportal.ui.managerequests.view.Editsap.m.Button{\"propertyName\":\"tooltip\",\"key\":\"save\"}"}]}
RESULT: undefined
COMMAND: POST /session/2d3f18d96ae83e7081695401c2e0fdda/element - {"using":"xpath","value":"//*[@id=\"__xmlview61--saveButtonId\"]"}
RESULT: {"using":"xpath","value":"//*[@id=\"__xmlview61--saveButtonId\"]"}
COMMAND: POST /session/2d3f18d96ae83e7081695401c2e0fdda/element/f.3980C6CC6DC27C16253BC7A58143231A.d.30E05D8CAA9CABB88900AE21577404EB.e.3226/click - {}
RESULT: {}
COMMAND: GET /session/2d3f18d96ae83e7081695401c2e0fdda/screenshot - {}
RESULT: {}
COMMAND: POST /session/2d3f18d96ae83e7081695401c2e0fdda/execute/async - {"script":"<script> [1562 bytes]","args":[{"selector":{"id":"tagsLayoutViewMode","viewName":"etm.portal.ui.managerequests.view.Detail"},"wdio_ui5_key":"tagsLayoutViewModeetmportal.ui.managerequests.view.Detail"}]}
RESULT: {"script":"<script> [1562 bytes]","args":[{"selector":{"id":"tagsLayoutViewMode","viewName":"etm.portal.ui.managerequests.view.Detail"},"wdio_ui5_key":"tagsLayoutViewModeetmportal.ui.managerequests.view.Detail"}]}
RESULT: undefined
COMMAND: POST /session/2d3f18d96ae83e7081695401c2e0fdda/execute/async - {"script":"<script> [6424 bytes]","args":[{"element-6066-11e4-a52e-4f735466cecf":"f.3980C6CC6DC27C16253BC7A58143231A.d.30E05D8CAA9CABB88900AE21577404EB.e.3466"},"getTokens",[]]}
RESULT: {"script":"<script> [6424 bytes]","args":[{"element-6066-11e4-a52e-4f735466cecf":"f.3980C6CC6DC27C16253BC7A58143231A.d.30E05D8CAA9CABB88900AE21577404EB.e.3466"},"getTokens",[]]}
COMMAND: POST /session/2d3f18d96ae83e7081695401c2e0fdda/execute/async - {"script":"<script> [1562 bytes]","args":[{"wdio_ui5_key":"__token11-__xmlview60--tagsLayoutViewMode-1","selector":{"id":"__token11-__xmlview60--tagsLayoutViewMode-1"}}]}
COMMAND: POST /session/2d3f18d96ae83e7081695401c2e0fdda/execute/async - {"script":"<script> [1562 bytes]","args":[{"wdio_ui5_key":"__token11-__xmlview60--tagsLayoutViewMode-0","selector":{"id":"__token11-__xmlview60--tagsLayoutViewMode-0"}}]}
RESULT: {"script":"<script> [1562 bytes]","args":[{"wdio_ui5_key":"__token11-__xmlview60--tagsLayoutViewMode-1","selector":{"id":"__token11-__xmlview60--tagsLayoutViewMode-1"}}]}
RESULT: undefined
RESULT: {"script":"<script> [1562 bytes]","args":[{"wdio_ui5_key":"__token11-__xmlview60--tagsLayoutViewMode-0","selector":{"id":"__token11-__xmlview60--tagsLayoutViewMode-0"}}]}
RESULT: undefined
COMMAND: POST /session/2d3f18d96ae83e7081695401c2e0fdda/execute/async - {"script":"<script> [1562 bytes]","args":[{"selector":{"controlType":"sap.m.OverflowToolbarButton","viewName":"etm.portal.ui.managerequests.view.Detail","properties":{"text":"Settings"},"interaction":{"idSuffix":"inner"}},"wdio_ui5_key":"etmportal.ui.managerequests.view.Detailsap.m.OverflowToolbarButton{\"text\":\"Settings\"}"}]}
RESULT: {"script":"<script> [1562 bytes]","args":[{"selector":{"controlType":"sap.m.OverflowToolbarButton","viewName":"etm.portal.ui.managerequests.view.Detail","properties":{"text":"Settings"},"interaction":{"idSuffix":"inner"}},"wdio_ui5_key":"etmportal.ui.managerequests.view.Detailsap.m.OverflowToolbarButton{\"text\":\"Settings\"}"}]}
RESULT: undefined
COMMAND: POST /session/2d3f18d96ae83e7081695401c2e0fdda/element - {"using":"xpath","value":"//*[@id=\"__xmlview60--smartTableRequestItems-btnPersonalisation\"]"}
RESULT: {"using":"xpath","value":"//*[@id=\"__xmlview60--smartTableRequestItems-btnPersonalisation\"]"}
COMMAND: POST /session/2d3f18d96ae83e7081695401c2e0fdda/element/f.3980C6CC6DC27C16253BC7A58143231A.d.30E05D8CAA9CABB88900AE21577404EB.e.3470/click - {}
RESULT: {}
COMMAND: POST /session/2d3f18d96ae83e7081695401c2e0fdda/execute/async - {"script":"<script> [1562 bytes]","args":[{"selector":{"controlType":"sap.m.SearchField","viewName":"etm.portal.ui.managerequests.view.Detail","searchOpenDialogs":true,"interaction":{"idSuffix":"I"}},"wdio_ui5_key":"etmportal.ui.managerequests.view.Detailsap.m.SearchField"}]}
COMMAND: GET /session/2d3f18d96ae83e7081695401c2e0fdda/screenshot - {}
RESULT: {"script":"<script> [1562 bytes]","args":[{"selector":{"controlType":"sap.m.SearchField","viewName":"etm.portal.ui.managerequests.view.Detail","searchOpenDialogs":true,"interaction":{"idSuffix":"I"}},"wdio_ui5_key":"etmportal.ui.managerequests.view.Detailsap.m.SearchField"}]}
RESULT: undefined
COMMAND: POST /session/2d3f18d96ae83e7081695401c2e0fdda/execute/async - {"script":"<script> [776 bytes]","args":[{"enterText":"tag","selector":{"controlType":"sap.m.SearchField","viewName":"etm.portal.ui.managerequests.view.Detail","searchOpenDialogs":true,"interaction":{"idSuffix":"I"}},"clearTextFirst":true,"interactionType":"ENTER_TEXT"}]}
RESULT: {}
RESULT: {"script":"<script> [776 bytes]","args":[{"enterText":"tag","selector":{"controlType":"sap.m.SearchField","viewName":"etm.portal.ui.managerequests.view.Detail","searchOpenDialogs":true,"interaction":{"idSuffix":"I"}},"clearTextFirst":true,"interactionType":"ENTER_TEXT"}]}
COMMAND: POST /session/2d3f18d96ae83e7081695401c2e0fdda/element - {"using":"xpath","value":"//div[contains(@id ,\"innerSelectionPanelTable-0-selectMulti-CbBg\")]"}
RESULT: {"using":"xpath","value":"//div[contains(@id ,\"innerSelectionPanelTable-0-selectMulti-CbBg\")]"}
COMMAND: POST /session/2d3f18d96ae83e7081695401c2e0fdda/element/f.3980C6CC6DC27C16253BC7A58143231A.d.30E05D8CAA9CABB88900AE21577404EB.e.3505/click - {}
RESULT: {}
COMMAND: POST /session/2d3f18d96ae83e7081695401c2e0fdda/execute/async - {"script":"<script> [1562 bytes]","args":[{"selector":{"controlType":"sap.m.Button","viewName":"etm.portal.ui.managerequests.view.Detail","properties":{"text":"OK"},"searchOpenDialogs":true,"interaction":{"idSuffix":"BDI-content"}},"wdio_ui5_key":"etmportal.ui.managerequests.view.Detailsap.m.Button{\"text\":\"OK\"}"}]}
COMMAND: GET /session/2d3f18d96ae83e7081695401c2e0fdda/screenshot - {}
RESULT: {"script":"<script> [1562 bytes]","args":[{"selector":{"controlType":"sap.m.Button","viewName":"etm.portal.ui.managerequests.view.Detail","properties":{"text":"OK"},"searchOpenDialogs":true,"interaction":{"idSuffix":"BDI-content"}},"wdio_ui5_key":"etmportal.ui.managerequests.view.Detailsap.m.Button{\"text\":\"OK\"}"}]}
RESULT: undefined
COMMAND: POST /session/2d3f18d96ae83e7081695401c2e0fdda/element - {"using":"xpath","value":"//*[@id=\"__popup368-confirmBtn\"]"}
RESULT: {}
RESULT: {"using":"xpath","value":"//*[@id=\"__popup368-confirmBtn\"]"}
COMMAND: POST /session/2d3f18d96ae83e7081695401c2e0fdda/element/f.3980C6CC6DC27C16253BC7A58143231A.d.30E05D8CAA9CABB88900AE21577404EB.e.3510/click - {}
RESULT: {}
COMMAND: GET /session/2d3f18d96ae83e7081695401c2e0fdda/screenshot - {}
RESULT: {}
COMMAND: POST /session/2d3f18d96ae83e7081695401c2e0fdda/execute/async - {"script":"<script> [1562 bytes]","args":[{"selector":{"controlType":"sap.m.Text","viewName":"etm.portal.ui.managerequests.view.Detail","bindingPath":{"propertyPath":"NO","modelName":"catalogModel"}},"wdio_ui5_key":"etmportal.ui.managerequests.view.Detailsap.m.Text{\"propertyPath\":\"NO\",\"modelName\":\"catalogModel\"}"}]}
RESULT: {"script":"<script> [1562 bytes]","args":[{"selector":{"controlType":"sap.m.Text","viewName":"etm.portal.ui.managerequests.view.Detail","bindingPath":{"propertyPath":"NO","modelName":"catalogModel"}},"wdio_ui5_key":"etmportal.ui.managerequests.view.Detailsap.m.Text{\"propertyPath\":\"NO\",\"modelName\":\"catalogModel\"}"}]}
RESULT: undefined
COMMAND: POST /session/2d3f18d96ae83e7081695401c2e0fdda/execute/async - {"script":"<script> [6424 bytes]","args":[{"element-6066-11e4-a52e-4f735466cecf":"f.3980C6CC6DC27C16253BC7A58143231A.d.30E05D8CAA9CABB88900AE21577404EB.e.3523"},"getText",[]]}
RESULT: {"script":"<script> [6424 bytes]","args":[{"element-6066-11e4-a52e-4f735466cecf":"f.3980C6CC6DC27C16253BC7A58143231A.d.30E05D8CAA9CABB88900AE21577404EB.e.3523"},"getText",[]]}
COMMAND: POST /session/2d3f18d96ae83e7081695401c2e0fdda/execute/async - {"script":"<script> [1562 bytes]","args":[{"selector":{"controlType":"sap.m.Tokenizer","viewName":"etm.portal.ui.managerequests.view.Detail","bindingPath":{"path":"/SmartRequestItemsPlanningBoard(ITEM=10m,REQUEST='20086')","propertyPath":"LINK_TO_TAGS"}},"wdio_ui5_key":"etmportal.ui.managerequests.view.Detailsap.m.Tokenizer{\"path\":\"/SmartRequestItemsPlanningBoard(ITEM=10m,REQUEST='20086')\",\"propertyPath\":\"LINK_TO_TAGS\"}"}]}
RESULT: {"script":"<script> [1562 bytes]","args":[{"selector":{"controlType":"sap.m.Tokenizer","viewName":"etm.portal.ui.managerequests.view.Detail","bindingPath":{"path":"/SmartRequestItemsPlanningBoard(ITEM=10m,REQUEST='20086')","propertyPath":"LINK_TO_TAGS"}},"wdio_ui5_key":"etmportal.ui.managerequests.view.Detailsap.m.Tokenizer{\"path\":\"/SmartRequestItemsPlanningBoard(ITEM=10m,REQUEST='20086')\",\"propertyPath\":\"LINK_TO_TAGS\"}"}]}
RESULT: undefined
COMMAND: POST /session/2d3f18d96ae83e7081695401c2e0fdda/execute/async - {"script":"<script> [6424 bytes]","args":[{"element-6066-11e4-a52e-4f735466cecf":"f.3980C6CC6DC27C16253BC7A58143231A.d.30E05D8CAA9CABB88900AE21577404EB.e.3524"},"getTokens",[]]}
RESULT: {"script":"<script> [6424 bytes]","args":[{"element-6066-11e4-a52e-4f735466cecf":"f.3980C6CC6DC27C16253BC7A58143231A.d.30E05D8CAA9CABB88900AE21577404EB.e.3524"},"getTokens",[]]}
COMMAND: POST /session/2d3f18d96ae83e7081695401c2e0fdda/execute/async - {"script":"<script> [1562 bytes]","args":[{"wdio_ui5_key":"__token12-__tokenizer63-__clone4462-1","selector":{"id":"__token12-__tokenizer63-__clone4462-1"}}]}
COMMAND: POST /session/2d3f18d96ae83e7081695401c2e0fdda/execute/async - {"script":"<script> [1562 bytes]","args":[{"wdio_ui5_key":"__token12-__tokenizer63-__clone4462-2","selector":{"id":"__token12-__tokenizer63-__clone4462-2"}}]}
COMMAND: POST /session/2d3f18d96ae83e7081695401c2e0fdda/execute/async - {"script":"<script> [1562 bytes]","args":[{"wdio_ui5_key":"__token12-__tokenizer63-__clone4462-0","selector":{"id":"__token12-__tokenizer63-__clone4462-0"}}]}
RESULT: {"script":"<script> [1562 bytes]","args":[{"wdio_ui5_key":"__token12-__tokenizer63-__clone4462-1","selector":{"id":"__token12-__tokenizer63-__clone4462-1"}}]}
RESULT: undefined
RESULT: {"script":"<script> [1562 bytes]","args":[{"wdio_ui5_key":"__token12-__tokenizer63-__clone4462-2","selector":{"id":"__token12-__tokenizer63-__clone4462-2"}}]}
RESULT: undefined
RESULT: {"script":"<script> [1562 bytes]","args":[{"wdio_ui5_key":"__token12-__tokenizer63-__clone4462-0","selector":{"id":"__token12-__tokenizer63-__clone4462-0"}}]}
RESULT: undefined
COMMAND: POST /session/2d3f18d96ae83e7081695401c2e0fdda/element - {"using":"xpath","value":"(//span[contains(text(), \"tag-header\")])[2]"}
RESULT: {"using":"xpath","value":"(//span[contains(text(), \"tag-header\")])[2]"}
COMMAND: POST /session/2d3f18d96ae83e7081695401c2e0fdda/elements - {"using":"xpath","value":"(//span[contains(text(), \"tag-header\")])[2]"}
RESULT: {"using":"xpath","value":"(//span[contains(text(), \"tag-header\")])[2]"}
COMMAND: POST /session/2d3f18d96ae83e7081695401c2e0fdda/execute/async - {"script":"<script> [1562 bytes]","args":[{"selector":{"controlType":"sap.m.Tokenizer","viewName":"etm.portal.ui.managerequests.view.Detail","bindingPath":{"path":"/SmartRequestItemsPlanningBoard(ITEM=20m,REQUEST='20086')","propertyPath":"LINK_TO_TAGS"}},"wdio_ui5_key":"etmportal.ui.managerequests.view.Detailsap.m.Tokenizer{\"path\":\"/SmartRequestItemsPlanningBoard(ITEM=20m,REQUEST='20086')\",\"propertyPath\":\"LINK_TO_TAGS\"}"}]}
RESULT: {"script":"<script> [1562 bytes]","args":[{"selector":{"controlType":"sap.m.Tokenizer","viewName":"etm.portal.ui.managerequests.view.Detail","bindingPath":{"path":"/SmartRequestItemsPlanningBoard(ITEM=20m,REQUEST='20086')","propertyPath":"LINK_TO_TAGS"}},"wdio_ui5_key":"etmportal.ui.managerequests.view.Detailsap.m.Tokenizer{\"path\":\"/SmartRequestItemsPlanningBoard(ITEM=20m,REQUEST='20086')\",\"propertyPath\":\"LINK_TO_TAGS\"}"}]}
RESULT: undefined
COMMAND: POST /session/2d3f18d96ae83e7081695401c2e0fdda/execute/async - {"script":"<script> [6424 bytes]","args":[{"element-6066-11e4-a52e-4f735466cecf":"f.3980C6CC6DC27C16253BC7A58143231A.d.30E05D8CAA9CABB88900AE21577404EB.e.3529"},"getTokens",[]]}
RESULT: {"script":"<script> [6424 bytes]","args":[{"element-6066-11e4-a52e-4f735466cecf":"f.3980C6CC6DC27C16253BC7A58143231A.d.30E05D8CAA9CABB88900AE21577404EB.e.3529"},"getTokens",[]]}
COMMAND: POST /session/2d3f18d96ae83e7081695401c2e0fdda/element - {"using":"css selector","value":"#shell-header-logo"}
RESULT: {"using":"css selector","value":"#shell-header-logo"}
COMMAND: POST /session/2d3f18d96ae83e7081695401c2e0fdda/element/f.3980C6CC6DC27C16253BC7A58143231A.d.30E05D8CAA9CABB88900AE21577404EB.e.2523/click - {}
RESULT: {}
COMMAND: GET /session/2d3f18d96ae83e7081695401c2e0fdda/screenshot - {}
RESULT: {}
]]></system-out>
    </testcase>
  </testsuite>
  <testsuite timestamp="2025-05-14T06:25:07" time="644.24" tests="4" failures="0" errors="0" skipped="0">
    <properties>
      <property name="specId" value="0" />
      <property name="suiteName" value="Manage request + Contract processing pick up option US120163 " />
      <property name="capabilities" value="chrome.136_0_7103_49.windows" />
      <property name="file" value="file:///D:/a/1/s/test/specs/R2C/create-request-Pickup.spec.js" />
    </properties>
    <testcase classname="chrome.136_0_7103_49.windows.Manage_request_+_Contract_processing_pick_up_option_US120163_" name="Should create a new contract" time="77.304">
      <system-out><![CDATA[
COMMAND: POST /session/2d3f18d96ae83e7081695401c2e0fdda/execute/async - {"script":"<script> [1562 bytes]","args":[{"selector":{"controlType":"sap.m.Text","viewName":"etm.portal.ui.managecontractstile.view.Master","properties":{"text":"Manage Contracts"},"interaction":{"idSuffix":"inner"}},"wdio_ui5_key":"etmportal.ui.managecontractstile.view.Mastersap.m.Text{\"text\":\"Manage Contracts\"}"}]}
RESULT: {"script":"<script> [1562 bytes]","args":[{"selector":{"controlType":"sap.m.Text","viewName":"etm.portal.ui.managecontractstile.view.Master","properties":{"text":"Manage Contracts"},"interaction":{"idSuffix":"inner"}},"wdio_ui5_key":"etmportal.ui.managecontractstile.view.Mastersap.m.Text{\"text\":\"Manage Contracts\"}"}]}
RESULT: undefined
COMMAND: POST /session/2d3f18d96ae83e7081695401c2e0fdda/element - {"using":"xpath","value":"//*[@id=\"__tile130-title\"]"}
RESULT: {"using":"xpath","value":"//*[@id=\"__tile130-title\"]"}
COMMAND: POST /session/2d3f18d96ae83e7081695401c2e0fdda/element/f.3980C6CC6DC27C16253BC7A58143231A.d.30E05D8CAA9CABB88900AE21577404EB.e.3533/click - {}
RESULT: {}
COMMAND: GET /session/2d3f18d96ae83e7081695401c2e0fdda/screenshot - {}
RESULT: {}
COMMAND: POST /session/2d3f18d96ae83e7081695401c2e0fdda/execute/async - {"script":"<script> [1562 bytes]","args":[{"selector":{"controlType":"sap.ui.core.Icon","viewName":"etm.portal.ui.managecontracts.view.Master","properties":{"src":{"regex":{"source":"add"}}}},"wdio_ui5_key":"etmportal.ui.managecontracts.view.Mastersap.ui.core.Icon{\"src\":{\"regex\":{\"source\":\"add\"}}}"}]}
RESULT: {"script":"<script> [1562 bytes]","args":[{"selector":{"controlType":"sap.ui.core.Icon","viewName":"etm.portal.ui.managecontracts.view.Master","properties":{"src":{"regex":{"source":"add"}}}},"wdio_ui5_key":"etmportal.ui.managecontracts.view.Mastersap.ui.core.Icon{\"src\":{\"regex\":{\"source\":\"add\"}}}"}]}
RESULT: undefined
COMMAND: POST /session/2d3f18d96ae83e7081695401c2e0fdda/element - {"using":"xpath","value":"//*[@id=\"__button173-img\"]"}
RESULT: {"using":"xpath","value":"//*[@id=\"__button173-img\"]"}
COMMAND: POST /session/2d3f18d96ae83e7081695401c2e0fdda/element/f.3980C6CC6DC27C16253BC7A58143231A.d.30E05D8CAA9CABB88900AE21577404EB.e.3568/click - {}
RESULT: {}
COMMAND: POST /session/2d3f18d96ae83e7081695401c2e0fdda/execute/async - {"script":"<script> [1562 bytes]","args":[{"selector":{"id":"application-managecontracts-display-component---AddNewContract--projectDescription","interaction":{"idSuffix":"inner"}},"wdio_ui5_key":"applicationmanagecontracts-display-component---AddNewContract--projectDescription"}]}
COMMAND: GET /session/2d3f18d96ae83e7081695401c2e0fdda/screenshot - {}
RESULT: {"script":"<script> [1562 bytes]","args":[{"selector":{"id":"application-managecontracts-display-component---AddNewContract--projectDescription","interaction":{"idSuffix":"inner"}},"wdio_ui5_key":"applicationmanagecontracts-display-component---AddNewContract--projectDescription"}]}
RESULT: undefined
COMMAND: POST /session/2d3f18d96ae83e7081695401c2e0fdda/execute/async - {"script":"<script> [776 bytes]","args":[{"enterText":"PickupContract0dkgi","selector":{"id":"application-managecontracts-display-component---AddNewContract--projectDescription","interaction":{"idSuffix":"inner"}},"clearTextFirst":true,"interactionType":"ENTER_TEXT"}]}
RESULT: {}
RESULT: {"script":"<script> [776 bytes]","args":[{"enterText":"PickupContract0dkgi","selector":{"id":"application-managecontracts-display-component---AddNewContract--projectDescription","interaction":{"idSuffix":"inner"}},"clearTextFirst":true,"interactionType":"ENTER_TEXT"}]}
COMMAND: POST /session/2d3f18d96ae83e7081695401c2e0fdda/element - {"using":"xpath","value":"//input[contains(@id ,\"application-managecontracts-display-component---AddNewContract--yardId-inner\")]"}
RESULT: {"using":"xpath","value":"//input[contains(@id ,\"application-managecontracts-display-component---AddNewContract--yardId-inner\")]"}
COMMAND: POST /session/2d3f18d96ae83e7081695401c2e0fdda/element/f.3980C6CC6DC27C16253BC7A58143231A.d.30E05D8CAA9CABB88900AE21577404EB.e.3889/value - {"text":"WebdriverYard50w3qf"}
RESULT: {"text":"WebdriverYard50w3qf"}
COMMAND: GET /session/2d3f18d96ae83e7081695401c2e0fdda/screenshot - {}
RESULT: {}
COMMAND: POST /session/2d3f18d96ae83e7081695401c2e0fdda/actions - {"actions":[{"id":"action31","type":"key","parameters":{},"actions":[{"type":"keyDown","value":"î€‡"},{"type":"pause","duration":10},{"type":"keyUp","value":"î€‡"}]}]}
RESULT: {"actions":[{"id":"action31","type":"key","parameters":{},"actions":[{"type":"keyDown","value":"î€‡"},{"type":"pause","duration":10},{"type":"keyUp","value":"î€‡"}]}]}
COMMAND: GET /session/2d3f18d96ae83e7081695401c2e0fdda/screenshot - {}
RESULT: {}
COMMAND: POST /session/2d3f18d96ae83e7081695401c2e0fdda/element - {"using":"xpath","value":"//input[contains(@id ,\"application-managecontracts-display-component---AddNewContract--customerSelect-inner\")]"}
RESULT: {"using":"xpath","value":"//input[contains(@id ,\"application-managecontracts-display-component---AddNewContract--customerSelect-inner\")]"}
COMMAND: POST /session/2d3f18d96ae83e7081695401c2e0fdda/element/f.3980C6CC6DC27C16253BC7A58143231A.d.30E05D8CAA9CABB88900AE21577404EB.e.3887/value - {"text":"WebdriverPartnerpc8f5"}
RESULT: {"text":"WebdriverPartnerpc8f5"}
COMMAND: GET /session/2d3f18d96ae83e7081695401c2e0fdda/screenshot - {}
RESULT: {}
COMMAND: POST /session/2d3f18d96ae83e7081695401c2e0fdda/actions - {"actions":[{"id":"action32","type":"key","parameters":{},"actions":[{"type":"keyDown","value":"î€‡"},{"type":"pause","duration":10},{"type":"keyUp","value":"î€‡"}]}]}
RESULT: {"actions":[{"id":"action32","type":"key","parameters":{},"actions":[{"type":"keyDown","value":"î€‡"},{"type":"pause","duration":10},{"type":"keyUp","value":"î€‡"}]}]}
COMMAND: GET /session/2d3f18d96ae83e7081695401c2e0fdda/screenshot - {}
RESULT: {}
COMMAND: POST /session/2d3f18d96ae83e7081695401c2e0fdda/element - {"using":"xpath","value":"//input[contains(@id ,\"application-managecontracts-display-component---AddNewContract--site-inner\")]"}
RESULT: {"using":"xpath","value":"//input[contains(@id ,\"application-managecontracts-display-component---AddNewContract--site-inner\")]"}
COMMAND: POST /session/2d3f18d96ae83e7081695401c2e0fdda/element/f.3980C6CC6DC27C16253BC7A58143231A.d.30E05D8CAA9CABB88900AE21577404EB.e.3888/value - {"text":"WebdriverSite4jv9s"}
RESULT: {"text":"WebdriverSite4jv9s"}
COMMAND: GET /session/2d3f18d96ae83e7081695401c2e0fdda/screenshot - {}
RESULT: {}
COMMAND: POST /session/2d3f18d96ae83e7081695401c2e0fdda/actions - {"actions":[{"id":"action33","type":"key","parameters":{},"actions":[{"type":"keyDown","value":"î€‡"},{"type":"pause","duration":10},{"type":"keyUp","value":"î€‡"}]}]}
RESULT: {"actions":[{"id":"action33","type":"key","parameters":{},"actions":[{"type":"keyDown","value":"î€‡"},{"type":"pause","duration":10},{"type":"keyUp","value":"î€‡"}]}]}
COMMAND: GET /session/2d3f18d96ae83e7081695401c2e0fdda/screenshot - {}
RESULT: {}
COMMAND: POST /session/2d3f18d96ae83e7081695401c2e0fdda/execute/async - {"script":"<script> [1562 bytes]","args":[{"selector":{"id":"application-managecontracts-display-component---AddNewContract--saveBtn","interaction":{"idSuffix":"BDI-content"}},"wdio_ui5_key":"applicationmanagecontracts-display-component---AddNewContract--saveBtn"}]}
RESULT: {"script":"<script> [1562 bytes]","args":[{"selector":{"id":"application-managecontracts-display-component---AddNewContract--saveBtn","interaction":{"idSuffix":"BDI-content"}},"wdio_ui5_key":"applicationmanagecontracts-display-component---AddNewContract--saveBtn"}]}
RESULT: undefined
COMMAND: POST /session/2d3f18d96ae83e7081695401c2e0fdda/element - {"using":"xpath","value":"//*[@id=\"application-managecontracts-display-component---AddNewContract--saveBtn\"]"}
RESULT: {"using":"xpath","value":"//*[@id=\"application-managecontracts-display-component---AddNewContract--saveBtn\"]"}
COMMAND: POST /session/2d3f18d96ae83e7081695401c2e0fdda/element/f.3980C6CC6DC27C16253BC7A58143231A.d.30E05D8CAA9CABB88900AE21577404EB.e.3920/click - {}
RESULT: {}
COMMAND: GET /session/2d3f18d96ae83e7081695401c2e0fdda/screenshot - {}
RESULT: {}
COMMAND: POST /session/2d3f18d96ae83e7081695401c2e0fdda/element - {"using":"xpath","value":"//span[contains(@id ,\"contractDetailTitleNoExpanded\")]"}
RESULT: {"using":"xpath","value":"//span[contains(@id ,\"contractDetailTitleNoExpanded\")]"}
COMMAND: GET /session/2d3f18d96ae83e7081695401c2e0fdda/element/f.3980C6CC6DC27C16253BC7A58143231A.d.30E05D8CAA9CABB88900AE21577404EB.e.3930/text - {}
RESULT: {}
COMMAND: POST /session/2d3f18d96ae83e7081695401c2e0fdda/element - {"using":"css selector","value":"#shell-header-logo"}
RESULT: {"using":"css selector","value":"#shell-header-logo"}
COMMAND: POST /session/2d3f18d96ae83e7081695401c2e0fdda/element/f.3980C6CC6DC27C16253BC7A58143231A.d.30E05D8CAA9CABB88900AE21577404EB.e.3536/click - {}
RESULT: {}
COMMAND: GET /session/2d3f18d96ae83e7081695401c2e0fdda/screenshot - {}
RESULT: {}
]]></system-out>
    </testcase>
    <testcase classname="chrome.136_0_7103_49.windows.Manage_request_+_Contract_processing_pick_up_option_US120163_" name="Should create a new material" time="172.752">
      <system-out><![CDATA[
COMMAND: POST /session/2d3f18d96ae83e7081695401c2e0fdda/execute/async - {"script":"<script> [1562 bytes]","args":[{"selector":{"controlType":"sap.m.GenericTile","properties":{"header":"Manage Resources"}},"wdio_ui5_key":"sapm.GenericTile{\"header\":\"Manage Resources\"}"}]}
RESULT: {"script":"<script> [1562 bytes]","args":[{"selector":{"controlType":"sap.m.GenericTile","properties":{"header":"Manage Resources"}},"wdio_ui5_key":"sapm.GenericTile{\"header\":\"Manage Resources\"}"}]}
RESULT: undefined
COMMAND: POST /session/2d3f18d96ae83e7081695401c2e0fdda/element - {"using":"xpath","value":"//*[@id=\"__tile39\"]"}
RESULT: {"using":"xpath","value":"//*[@id=\"__tile39\"]"}
COMMAND: POST /session/2d3f18d96ae83e7081695401c2e0fdda/element/f.3980C6CC6DC27C16253BC7A58143231A.d.30E05D8CAA9CABB88900AE21577404EB.e.3932/click - {}
RESULT: {}
COMMAND: GET /session/2d3f18d96ae83e7081695401c2e0fdda/screenshot - {}
RESULT: {}
COMMAND: POST /session/2d3f18d96ae83e7081695401c2e0fdda/elements - {"using":"xpath","value":"//span[text()='Error']"}
RESULT: {"using":"xpath","value":"//span[text()='Error']"}
COMMAND: POST /session/2d3f18d96ae83e7081695401c2e0fdda/element - {"using":"xpath","value":"//button[@data-kt=\"addNewRUOverflowToolbarButton\"]"}
RESULT: {"using":"xpath","value":"//button[@data-kt=\"addNewRUOverflowToolbarButton\"]"}
COMMAND: POST /session/2d3f18d96ae83e7081695401c2e0fdda/execute/sync - {"script":"<script> [8489 bytes]","args":[{"element-6066-11e4-a52e-4f735466cecf":"f.3980C6CC6DC27C16253BC7A58143231A.d.30E05D8CAA9CABB88900AE21577404EB.e.3973","ELEMENT":"f.3980C6CC6DC27C16253BC7A58143231A.d.30E05D8CAA9CABB88900AE21577404EB.e.3973"}]}
RESULT: {"script":"<script> [8489 bytes]","args":[{"element-6066-11e4-a52e-4f735466cecf":"f.3980C6CC6DC27C16253BC7A58143231A.d.30E05D8CAA9CABB88900AE21577404EB.e.3973","ELEMENT":"f.3980C6CC6DC27C16253BC7A58143231A.d.30E05D8CAA9CABB88900AE21577404EB.e.3973"}]}
COMMAND: POST /session/2d3f18d96ae83e7081695401c2e0fdda/element/f.3980C6CC6DC27C16253BC7A58143231A.d.30E05D8CAA9CABB88900AE21577404EB.e.3973/click - {}
COMMAND: GET /session/2d3f18d96ae83e7081695401c2e0fdda/screenshot - {}
RESULT: {}
COMMAND: POST /session/2d3f18d96ae83e7081695401c2e0fdda/execute/async - {"script":"<script> [1562 bytes]","args":[{"selector":{"id":"application-manageresources-display-component---newResourceUnit--TYPE-arrow"},"wdio_ui5_key":"applicationmanageresources-display-component---newResourceUnit--TYPE-arrow"}]}
COMMAND: GET /session/2d3f18d96ae83e7081695401c2e0fdda/screenshot - {}
RESULT: {}
RESULT: {"script":"<script> [1562 bytes]","args":[{"selector":{"id":"application-manageresources-display-component---newResourceUnit--TYPE-arrow"},"wdio_ui5_key":"applicationmanageresources-display-component---newResourceUnit--TYPE-arrow"}]}
RESULT: undefined
COMMAND: POST /session/2d3f18d96ae83e7081695401c2e0fdda/element - {"using":"xpath","value":"//*[@id=\"application-manageresources-display-component---newResourceUnit--TYPE-arrow\"]"}
RESULT: {}
RESULT: {"using":"xpath","value":"//*[@id=\"application-manageresources-display-component---newResourceUnit--TYPE-arrow\"]"}
COMMAND: POST /session/2d3f18d96ae83e7081695401c2e0fdda/element/f.3980C6CC6DC27C16253BC7A58143231A.d.30E05D8CAA9CABB88900AE21577404EB.e.4290/click - {}
RESULT: {}
COMMAND: POST /session/2d3f18d96ae83e7081695401c2e0fdda/execute/async - {"script":"<script> [1562 bytes]","args":[{"selector":{"controlType":"sap.m.StandardListItem","viewName":"reusables.view.manageresources.NewResourceUnit","viewId":"application-manageresources-display-component---newResourceUnit","properties":{"title":"Material"},"searchOpenDialogs":true,"interaction":{"idSuffix":"titleText"}},"wdio_ui5_key":"reusablesview.manageresources.NewResourceUnitsap.m.StandardListItem{\"title\":\"Material\"}"}]}
COMMAND: GET /session/2d3f18d96ae83e7081695401c2e0fdda/screenshot - {}
RESULT: {"script":"<script> [1562 bytes]","args":[{"selector":{"controlType":"sap.m.StandardListItem","viewName":"reusables.view.manageresources.NewResourceUnit","viewId":"application-manageresources-display-component---newResourceUnit","properties":{"title":"Material"},"searchOpenDialogs":true,"interaction":{"idSuffix":"titleText"}},"wdio_ui5_key":"reusablesview.manageresources.NewResourceUnitsap.m.StandardListItem{\"title\":\"Material\"}"}]}
RESULT: undefined
COMMAND: POST /session/2d3f18d96ae83e7081695401c2e0fdda/element - {"using":"xpath","value":"//*[@id=\"__item2333\"]"}
RESULT: {}
RESULT: {"using":"xpath","value":"//*[@id=\"__item2333\"]"}
COMMAND: POST /session/2d3f18d96ae83e7081695401c2e0fdda/element/f.3980C6CC6DC27C16253BC7A58143231A.d.30E05D8CAA9CABB88900AE21577404EB.e.4293/click - {}
RESULT: {}
COMMAND: POST /session/2d3f18d96ae83e7081695401c2e0fdda/execute/async - {"script":"<script> [1562 bytes]","args":[{"selector":{"id":"application-manageresources-display-component---newResourceUnit--SHORT_TEXT","interaction":{"idSuffix":"inner"}},"wdio_ui5_key":"applicationmanageresources-display-component---newResourceUnit--SHORT_TEXT"}]}
COMMAND: GET /session/2d3f18d96ae83e7081695401c2e0fdda/screenshot - {}
RESULT: {"script":"<script> [1562 bytes]","args":[{"selector":{"id":"application-manageresources-display-component---newResourceUnit--SHORT_TEXT","interaction":{"idSuffix":"inner"}},"wdio_ui5_key":"applicationmanageresources-display-component---newResourceUnit--SHORT_TEXT"}]}
RESULT: undefined
COMMAND: POST /session/2d3f18d96ae83e7081695401c2e0fdda/execute/async - {"script":"<script> [776 bytes]","args":[{"enterText":"WebdriverRUR2C94tjb","selector":{"id":"application-manageresources-display-component---newResourceUnit--SHORT_TEXT","interaction":{"idSuffix":"inner"}},"clearTextFirst":true,"interactionType":"ENTER_TEXT"}]}
RESULT: {}
RESULT: {"script":"<script> [776 bytes]","args":[{"enterText":"WebdriverRUR2C94tjb","selector":{"id":"application-manageresources-display-component---newResourceUnit--SHORT_TEXT","interaction":{"idSuffix":"inner"}},"clearTextFirst":true,"interactionType":"ENTER_TEXT"}]}
COMMAND: POST /session/2d3f18d96ae83e7081695401c2e0fdda/execute/async - {"script":"<script> [1562 bytes]","args":[{"selector":{"id":"application-manageresources-display-component---newResourceUnit--BASE_UNIT_OF_MEASURE-arrow"},"wdio_ui5_key":"applicationmanageresources-display-component---newResourceUnit--BASE_UNIT_OF_MEASURE-arrow"}]}
RESULT: {"script":"<script> [1562 bytes]","args":[{"selector":{"id":"application-manageresources-display-component---newResourceUnit--BASE_UNIT_OF_MEASURE-arrow"},"wdio_ui5_key":"applicationmanageresources-display-component---newResourceUnit--BASE_UNIT_OF_MEASURE-arrow"}]}
RESULT: undefined
COMMAND: POST /session/2d3f18d96ae83e7081695401c2e0fdda/element - {"using":"xpath","value":"//*[@id=\"application-manageresources-display-component---newResourceUnit--BASE_UNIT_OF_MEASURE-arrow\"]"}
RESULT: {"using":"xpath","value":"//*[@id=\"application-manageresources-display-component---newResourceUnit--BASE_UNIT_OF_MEASURE-arrow\"]"}
COMMAND: POST /session/2d3f18d96ae83e7081695401c2e0fdda/element/f.3980C6CC6DC27C16253BC7A58143231A.d.30E05D8CAA9CABB88900AE21577404EB.e.4347/click - {}
RESULT: {}
COMMAND: POST /session/2d3f18d96ae83e7081695401c2e0fdda/execute/async - {"script":"<script> [1562 bytes]","args":[{"selector":{"controlType":"sap.m.StandardListItem","viewName":"reusables.view.manageresources.NewResourceUnit","viewId":"application-manageresources-display-component---newResourceUnit","properties":{"title":"Piece"},"searchOpenDialogs":true,"interaction":{"idSuffix":"titleText"}},"wdio_ui5_key":"reusablesview.manageresources.NewResourceUnitsap.m.StandardListItem{\"title\":\"Piece\"}"}]}
COMMAND: GET /session/2d3f18d96ae83e7081695401c2e0fdda/screenshot - {}
RESULT: {"script":"<script> [1562 bytes]","args":[{"selector":{"controlType":"sap.m.StandardListItem","viewName":"reusables.view.manageresources.NewResourceUnit","viewId":"application-manageresources-display-component---newResourceUnit","properties":{"title":"Piece"},"searchOpenDialogs":true,"interaction":{"idSuffix":"titleText"}},"wdio_ui5_key":"reusablesview.manageresources.NewResourceUnitsap.m.StandardListItem{\"title\":\"Piece\"}"}]}
RESULT: undefined
COMMAND: POST /session/2d3f18d96ae83e7081695401c2e0fdda/element - {"using":"xpath","value":"//*[@id=\"__item2375\"]"}
RESULT: {}
RESULT: {"using":"xpath","value":"//*[@id=\"__item2375\"]"}
COMMAND: POST /session/2d3f18d96ae83e7081695401c2e0fdda/element/f.3980C6CC6DC27C16253BC7A58143231A.d.30E05D8CAA9CABB88900AE21577404EB.e.4349/click - {}
RESULT: {}
COMMAND: POST /session/2d3f18d96ae83e7081695401c2e0fdda/element - {"using":"xpath","value":"//input[contains(@id ,\"application-manageresources-display-component---newResourceUnit--SHORT_TEXT-inner\")]"}
COMMAND: GET /session/2d3f18d96ae83e7081695401c2e0fdda/screenshot - {}
RESULT: {"using":"xpath","value":"//input[contains(@id ,\"application-manageresources-display-component---newResourceUnit--SHORT_TEXT-inner\")]"}
COMMAND: GET /session/2d3f18d96ae83e7081695401c2e0fdda/element/f.3980C6CC6DC27C16253BC7A58143231A.d.30E05D8CAA9CABB88900AE21577404EB.e.4310/property/value - {}
RESULT: {}
RESULT: {}
COMMAND: POST /session/2d3f18d96ae83e7081695401c2e0fdda/execute/async - {"script":"<script> [1562 bytes]","args":[{"selector":{"id":"application-manageresources-display-component---newResourceUnit--WEIGHT_UNIT-arrow"},"wdio_ui5_key":"applicationmanageresources-display-component---newResourceUnit--WEIGHT_UNIT-arrow"}]}
COMMAND: GET /session/2d3f18d96ae83e7081695401c2e0fdda/screenshot - {}
RESULT: {"script":"<script> [1562 bytes]","args":[{"selector":{"id":"application-manageresources-display-component---newResourceUnit--WEIGHT_UNIT-arrow"},"wdio_ui5_key":"applicationmanageresources-display-component---newResourceUnit--WEIGHT_UNIT-arrow"}]}
RESULT: undefined
COMMAND: POST /session/2d3f18d96ae83e7081695401c2e0fdda/element - {"using":"xpath","value":"//*[@id=\"application-manageresources-display-component---newResourceUnit--WEIGHT_UNIT-arrow\"]"}
RESULT: {}
RESULT: {"using":"xpath","value":"//*[@id=\"application-manageresources-display-component---newResourceUnit--WEIGHT_UNIT-arrow\"]"}
COMMAND: POST /session/2d3f18d96ae83e7081695401c2e0fdda/element/f.3980C6CC6DC27C16253BC7A58143231A.d.30E05D8CAA9CABB88900AE21577404EB.e.4350/click - {}
RESULT: {}
COMMAND: POST /session/2d3f18d96ae83e7081695401c2e0fdda/execute/async - {"script":"<script> [1562 bytes]","args":[{"selector":{"controlType":"sap.m.StandardListItem","viewName":"reusables.view.manageresources.NewResourceUnit","viewId":"application-manageresources-display-component---newResourceUnit","properties":{"title":"Gram"},"searchOpenDialogs":true,"interaction":{"idSuffix":"content"}},"wdio_ui5_key":"reusablesview.manageresources.NewResourceUnitsap.m.StandardListItem{\"title\":\"Gram\"}"}]}
COMMAND: GET /session/2d3f18d96ae83e7081695401c2e0fdda/screenshot - {}
RESULT: {"script":"<script> [1562 bytes]","args":[{"selector":{"controlType":"sap.m.StandardListItem","viewName":"reusables.view.manageresources.NewResourceUnit","viewId":"application-manageresources-display-component---newResourceUnit","properties":{"title":"Gram"},"searchOpenDialogs":true,"interaction":{"idSuffix":"content"}},"wdio_ui5_key":"reusablesview.manageresources.NewResourceUnitsap.m.StandardListItem{\"title\":\"Gram\"}"}]}
RESULT: undefined
COMMAND: POST /session/2d3f18d96ae83e7081695401c2e0fdda/element - {"using":"xpath","value":"//*[@id=\"__item2440\"]"}
RESULT: {}
RESULT: {"using":"xpath","value":"//*[@id=\"__item2440\"]"}
COMMAND: POST /session/2d3f18d96ae83e7081695401c2e0fdda/element/f.3980C6CC6DC27C16253BC7A58143231A.d.30E05D8CAA9CABB88900AE21577404EB.e.4352/click - {}
RESULT: {}
COMMAND: POST /session/2d3f18d96ae83e7081695401c2e0fdda/execute/async - {"script":"<script> [1562 bytes]","args":[{"selector":{"id":"application-manageresources-display-component---newResourceUnit--newRRUPage-OPHeaderContent-collapseBtn-img"},"wdio_ui5_key":"applicationmanageresources-display-component---newResourceUnit--newRRUPage-OPHeaderContent-collapseBtn-img"}]}
COMMAND: GET /session/2d3f18d96ae83e7081695401c2e0fdda/screenshot - {}
RESULT: {"script":"<script> [1562 bytes]","args":[{"selector":{"id":"application-manageresources-display-component---newResourceUnit--newRRUPage-OPHeaderContent-collapseBtn-img"},"wdio_ui5_key":"applicationmanageresources-display-component---newResourceUnit--newRRUPage-OPHeaderContent-collapseBtn-img"}]}
RESULT: undefined
COMMAND: POST /session/2d3f18d96ae83e7081695401c2e0fdda/element - {"using":"xpath","value":"//*[@id=\"application-manageresources-display-component---newResourceUnit--newRRUPage-OPHeaderContent-collapseBtn-img\"]"}
RESULT: {}
RESULT: {"using":"xpath","value":"//*[@id=\"application-manageresources-display-component---newResourceUnit--newRRUPage-OPHeaderContent-collapseBtn-img\"]"}
COMMAND: POST /session/2d3f18d96ae83e7081695401c2e0fdda/element/f.3980C6CC6DC27C16253BC7A58143231A.d.30E05D8CAA9CABB88900AE21577404EB.e.4300/click - {}
RESULT: {}
COMMAND: GET /session/2d3f18d96ae83e7081695401c2e0fdda/screenshot - {}
RESULT: {}
COMMAND: POST /session/2d3f18d96ae83e7081695401c2e0fdda/element - {"using":"xpath","value":"(//span[contains(@id ,\"application-manageresources-display-component---newResourceUnit--DIMENSION_UNIT-arrow\")])[1]"}
RESULT: {"using":"xpath","value":"(//span[contains(@id ,\"application-manageresources-display-component---newResourceUnit--DIMENSION_UNIT-arrow\")])[1]"}
COMMAND: POST /session/2d3f18d96ae83e7081695401c2e0fdda/element/f.3980C6CC6DC27C16253BC7A58143231A.d.30E05D8CAA9CABB88900AE21577404EB.e.4358/click - {}
RESULT: {}
COMMAND: GET /session/2d3f18d96ae83e7081695401c2e0fdda/screenshot - {}
RESULT: {}
COMMAND: POST /session/2d3f18d96ae83e7081695401c2e0fdda/execute/async - {"script":"<script> [1562 bytes]","args":[{"selector":{"controlType":"sap.m.StandardListItem","viewName":"reusables.view.manageresources.NewResourceUnit","viewId":"application-manageresources-display-component---newResourceUnit","properties":{"title":"Centimeter"},"searchOpenDialogs":true,"interaction":{"idSuffix":"titleText"}},"wdio_ui5_key":"reusablesview.manageresources.NewResourceUnitsap.m.StandardListItem{\"title\":\"Centimeter\"}"}]}
RESULT: {"script":"<script> [1562 bytes]","args":[{"selector":{"controlType":"sap.m.StandardListItem","viewName":"reusables.view.manageresources.NewResourceUnit","viewId":"application-manageresources-display-component---newResourceUnit","properties":{"title":"Centimeter"},"searchOpenDialogs":true,"interaction":{"idSuffix":"titleText"}},"wdio_ui5_key":"reusablesview.manageresources.NewResourceUnitsap.m.StandardListItem{\"title\":\"Centimeter\"}"}]}
RESULT: undefined
COMMAND: POST /session/2d3f18d96ae83e7081695401c2e0fdda/element - {"using":"xpath","value":"//*[@id=\"__item2443\"]"}
RESULT: {"using":"xpath","value":"//*[@id=\"__item2443\"]"}
COMMAND: POST /session/2d3f18d96ae83e7081695401c2e0fdda/element/f.3980C6CC6DC27C16253BC7A58143231A.d.30E05D8CAA9CABB88900AE21577404EB.e.4360/click - {}
RESULT: {}
COMMAND: POST /session/2d3f18d96ae83e7081695401c2e0fdda/execute/async - {"script":"<script> [1562 bytes]","args":[{"selector":{"id":"application-manageresources-display-component---newResourceUnit--newRRUPage-anchBar-application-manageresources-display-component---newResourceUnit--reference-anchor","interaction":{"idSuffix":"BDI-content"}},"wdio_ui5_key":"applicationmanageresources-display-component---newResourceUnit--newRRUPage-anchBar-application-manageresources-display-component---newResourceUnit--reference-anchor"}]}
COMMAND: GET /session/2d3f18d96ae83e7081695401c2e0fdda/screenshot - {}
RESULT: {"script":"<script> [1562 bytes]","args":[{"selector":{"id":"application-manageresources-display-component---newResourceUnit--newRRUPage-anchBar-application-manageresources-display-component---newResourceUnit--reference-anchor","interaction":{"idSuffix":"BDI-content"}},"wdio_ui5_key":"applicationmanageresources-display-component---newResourceUnit--newRRUPage-anchBar-application-manageresources-display-component---newResourceUnit--reference-anchor"}]}
RESULT: undefined
COMMAND: POST /session/2d3f18d96ae83e7081695401c2e0fdda/element - {"using":"xpath","value":"//*[@id=\"application-manageresources-display-component---newResourceUnit--newRRUPage-anchBar-application-manageresources-display-component---newResourceUnit--reference-anchor\"]"}
RESULT: {}
RESULT: {"using":"xpath","value":"//*[@id=\"application-manageresources-display-component---newResourceUnit--newRRUPage-anchBar-application-manageresources-display-component---newResourceUnit--reference-anchor\"]"}
COMMAND: POST /session/2d3f18d96ae83e7081695401c2e0fdda/element/f.3980C6CC6DC27C16253BC7A58143231A.d.30E05D8CAA9CABB88900AE21577404EB.e.4362/click - {}
RESULT: {}
COMMAND: POST /session/2d3f18d96ae83e7081695401c2e0fdda/execute/async - {"script":"<script> [1562 bytes]","args":[{"selector":{"id":"application-manageresources-display-component---newResourceUnit--PLANNING_GROUP-arrow"},"wdio_ui5_key":"applicationmanageresources-display-component---newResourceUnit--PLANNING_GROUP-arrow"}]}
COMMAND: GET /session/2d3f18d96ae83e7081695401c2e0fdda/screenshot - {}
RESULT: {"script":"<script> [1562 bytes]","args":[{"selector":{"id":"application-manageresources-display-component---newResourceUnit--PLANNING_GROUP-arrow"},"wdio_ui5_key":"applicationmanageresources-display-component---newResourceUnit--PLANNING_GROUP-arrow"}]}
RESULT: undefined
COMMAND: POST /session/2d3f18d96ae83e7081695401c2e0fdda/element - {"using":"xpath","value":"//*[@id=\"application-manageresources-display-component---newResourceUnit--PLANNING_GROUP-arrow\"]"}
RESULT: {}
RESULT: {"using":"xpath","value":"//*[@id=\"application-manageresources-display-component---newResourceUnit--PLANNING_GROUP-arrow\"]"}
COMMAND: POST /session/2d3f18d96ae83e7081695401c2e0fdda/element/f.3980C6CC6DC27C16253BC7A58143231A.d.30E05D8CAA9CABB88900AE21577404EB.e.4365/click - {}
RESULT: {}
COMMAND: POST /session/2d3f18d96ae83e7081695401c2e0fdda/execute/async - {"script":"<script> [1562 bytes]","args":[{"selector":{"controlType":"sap.m.StandardListItem","viewName":"reusables.view.manageresources.NewResourceUnit","viewId":"application-manageresources-display-component---newResourceUnit","properties":{"title":"Heavy Equi"},"searchOpenDialogs":true,"interaction":{"idSuffix":"content"}},"wdio_ui5_key":"reusablesview.manageresources.NewResourceUnitsap.m.StandardListItem{\"title\":\"Heavy Equi\"}"}]}
COMMAND: GET /session/2d3f18d96ae83e7081695401c2e0fdda/screenshot - {}
RESULT: {"script":"<script> [1562 bytes]","args":[{"selector":{"controlType":"sap.m.StandardListItem","viewName":"reusables.view.manageresources.NewResourceUnit","viewId":"application-manageresources-display-component---newResourceUnit","properties":{"title":"Heavy Equi"},"searchOpenDialogs":true,"interaction":{"idSuffix":"content"}},"wdio_ui5_key":"reusablesview.manageresources.NewResourceUnitsap.m.StandardListItem{\"title\":\"Heavy Equi\"}"}]}
RESULT: undefined
COMMAND: POST /session/2d3f18d96ae83e7081695401c2e0fdda/element - {"using":"xpath","value":"//*[@id=\"__item2451\"]"}
RESULT: {}
RESULT: {"using":"xpath","value":"//*[@id=\"__item2451\"]"}
COMMAND: POST /session/2d3f18d96ae83e7081695401c2e0fdda/element/f.3980C6CC6DC27C16253BC7A58143231A.d.30E05D8CAA9CABB88900AE21577404EB.e.4369/click - {}
RESULT: {}
COMMAND: GET /session/2d3f18d96ae83e7081695401c2e0fdda/screenshot - {}
RESULT: {}
COMMAND: POST /session/2d3f18d96ae83e7081695401c2e0fdda/execute/async - {"script":"<script> [1562 bytes]","args":[{"selector":{"id":"application-manageresources-display-component---newResourceUnit--PLANNING_INDICATOR-arrow"},"wdio_ui5_key":"applicationmanageresources-display-component---newResourceUnit--PLANNING_INDICATOR-arrow"}]}
RESULT: {"script":"<script> [1562 bytes]","args":[{"selector":{"id":"application-manageresources-display-component---newResourceUnit--PLANNING_INDICATOR-arrow"},"wdio_ui5_key":"applicationmanageresources-display-component---newResourceUnit--PLANNING_INDICATOR-arrow"}]}
RESULT: undefined
COMMAND: POST /session/2d3f18d96ae83e7081695401c2e0fdda/element - {"using":"xpath","value":"//*[@id=\"application-manageresources-display-component---newResourceUnit--PLANNING_INDICATOR-arrow\"]"}
RESULT: {"using":"xpath","value":"//*[@id=\"application-manageresources-display-component---newResourceUnit--PLANNING_INDICATOR-arrow\"]"}
COMMAND: POST /session/2d3f18d96ae83e7081695401c2e0fdda/element/f.3980C6CC6DC27C16253BC7A58143231A.d.30E05D8CAA9CABB88900AE21577404EB.e.4370/click - {}
RESULT: {}
COMMAND: POST /session/2d3f18d96ae83e7081695401c2e0fdda/execute/async - {"script":"<script> [1562 bytes]","args":[{"selector":{"controlType":"sap.m.StandardListItem","viewName":"reusables.view.manageresources.NewResourceUnit","viewId":"application-manageresources-display-component---newResourceUnit","properties":{"title":"10 - infinite"},"searchOpenDialogs":true,"interaction":{"idSuffix":"content"}},"wdio_ui5_key":"reusablesview.manageresources.NewResourceUnitsap.m.StandardListItem{\"title\":\"10 - infinite\"}"}]}
COMMAND: GET /session/2d3f18d96ae83e7081695401c2e0fdda/screenshot - {}
RESULT: {"script":"<script> [1562 bytes]","args":[{"selector":{"controlType":"sap.m.StandardListItem","viewName":"reusables.view.manageresources.NewResourceUnit","viewId":"application-manageresources-display-component---newResourceUnit","properties":{"title":"10 - infinite"},"searchOpenDialogs":true,"interaction":{"idSuffix":"content"}},"wdio_ui5_key":"reusablesview.manageresources.NewResourceUnitsap.m.StandardListItem{\"title\":\"10 - infinite\"}"}]}
RESULT: undefined
COMMAND: POST /session/2d3f18d96ae83e7081695401c2e0fdda/element - {"using":"xpath","value":"//*[@id=\"__item2461\"]"}
RESULT: {}
RESULT: {"using":"xpath","value":"//*[@id=\"__item2461\"]"}
COMMAND: POST /session/2d3f18d96ae83e7081695401c2e0fdda/element/f.3980C6CC6DC27C16253BC7A58143231A.d.30E05D8CAA9CABB88900AE21577404EB.e.4372/click - {}
RESULT: {}
COMMAND: GET /session/2d3f18d96ae83e7081695401c2e0fdda/screenshot - {}
RESULT: {}
COMMAND: POST /session/2d3f18d96ae83e7081695401c2e0fdda/element - {"using":"xpath","value":"//bdi[contains(text(), \"Time Segment\")]"}
RESULT: {"using":"xpath","value":"//bdi[contains(text(), \"Time Segment\")]"}
COMMAND: GET /session/2d3f18d96ae83e7081695401c2e0fdda/element/f.3980C6CC6DC27C16253BC7A58143231A.d.30E05D8CAA9CABB88900AE21577404EB.e.4373/rect - {}
RESULT: {}
COMMAND: GET /session/2d3f18d96ae83e7081695401c2e0fdda/window/rect - {}
RESULT: {}
COMMAND: POST /session/2d3f18d96ae83e7081695401c2e0fdda/execute/sync - {"script":"<script> [92 bytes]","args":[]}
RESULT: {"script":"<script> [92 bytes]","args":[]}
COMMAND: POST /session/2d3f18d96ae83e7081695401c2e0fdda/actions - {"actions":[{"id":"action34","type":"wheel","parameters":{},"actions":[{"type":"scroll","x":-1820,"y":-21,"deltaX":0,"deltaY":0,"duration":0,"origin":{"element-6066-11e4-a52e-4f735466cecf":"f.3980C6CC6DC27C16253BC7A58143231A.d.30E05D8CAA9CABB88900AE21577404EB.e.4373"}}]}]}
COMMAND: GET /session/2d3f18d96ae83e7081695401c2e0fdda/screenshot - {}
RESULT: {}
COMMAND: POST /session/2d3f18d96ae83e7081695401c2e0fdda/execute/sync - {"script":"<script> [79 bytes]","args":[{"element-6066-11e4-a52e-4f735466cecf":"f.3980C6CC6DC27C16253BC7A58143231A.d.30E05D8CAA9CABB88900AE21577404EB.e.4373","ELEMENT":"f.3980C6CC6DC27C16253BC7A58143231A.d.30E05D8CAA9CABB88900AE21577404EB.e.4373"},{"block":"start","inline":"nearest"}]}
RESULT: {"script":"<script> [79 bytes]","args":[{"element-6066-11e4-a52e-4f735466cecf":"f.3980C6CC6DC27C16253BC7A58143231A.d.30E05D8CAA9CABB88900AE21577404EB.e.4373","ELEMENT":"f.3980C6CC6DC27C16253BC7A58143231A.d.30E05D8CAA9CABB88900AE21577404EB.e.4373"},{"block":"start","inline":"nearest"}]}
COMMAND: GET /session/2d3f18d96ae83e7081695401c2e0fdda/screenshot - {}
RESULT: {}
COMMAND: POST /session/2d3f18d96ae83e7081695401c2e0fdda/element - {"using":"xpath","value":"//span[@id=\"application-manageresources-display-component---newResourceUnit--btnAddTimeSegment-img\"]"}
RESULT: {"using":"xpath","value":"//span[@id=\"application-manageresources-display-component---newResourceUnit--btnAddTimeSegment-img\"]"}
COMMAND: POST /session/2d3f18d96ae83e7081695401c2e0fdda/execute/sync - {"script":"<script> [8489 bytes]","args":[{"element-6066-11e4-a52e-4f735466cecf":"f.3980C6CC6DC27C16253BC7A58143231A.d.30E05D8CAA9CABB88900AE21577404EB.e.4376","ELEMENT":"f.3980C6CC6DC27C16253BC7A58143231A.d.30E05D8CAA9CABB88900AE21577404EB.e.4376"}]}
RESULT: {"script":"<script> [8489 bytes]","args":[{"element-6066-11e4-a52e-4f735466cecf":"f.3980C6CC6DC27C16253BC7A58143231A.d.30E05D8CAA9CABB88900AE21577404EB.e.4376","ELEMENT":"f.3980C6CC6DC27C16253BC7A58143231A.d.30E05D8CAA9CABB88900AE21577404EB.e.4376"}]}
COMMAND: POST /session/2d3f18d96ae83e7081695401c2e0fdda/element/f.3980C6CC6DC27C16253BC7A58143231A.d.30E05D8CAA9CABB88900AE21577404EB.e.4376/click - {}
COMMAND: GET /session/2d3f18d96ae83e7081695401c2e0fdda/screenshot - {}
RESULT: {}
COMMAND: GET /session/2d3f18d96ae83e7081695401c2e0fdda/screenshot - {}
COMMAND: POST /session/2d3f18d96ae83e7081695401c2e0fdda/element - {"using":"xpath","value":"//input[@id=\"application-manageresources-display-component---newResourceUnit--idRuTSAdmin-application-manageresources-display-component---newResourceUnit--RUTimeSegment-0-inner\"]"}
RESULT: {}
RESULT: {}
RESULT: {"using":"xpath","value":"//input[@id=\"application-manageresources-display-component---newResourceUnit--idRuTSAdmin-application-manageresources-display-component---newResourceUnit--RUTimeSegment-0-inner\"]"}
COMMAND: POST /session/2d3f18d96ae83e7081695401c2e0fdda/element/f.3980C6CC6DC27C16253BC7A58143231A.d.30E05D8CAA9CABB88900AE21577404EB.e.4379/clear - {}
RESULT: {}
COMMAND: POST /session/2d3f18d96ae83e7081695401c2e0fdda/element/f.3980C6CC6DC27C16253BC7A58143231A.d.30E05D8CAA9CABB88900AE21577404EB.e.4379/value - {"text":"WebdriverYard50w3qf"}
COMMAND: GET /session/2d3f18d96ae83e7081695401c2e0fdda/screenshot - {}
RESULT: {"text":"WebdriverYard50w3qf"}
COMMAND: GET /session/2d3f18d96ae83e7081695401c2e0fdda/screenshot - {}
RESULT: {}
RESULT: {}
COMMAND: POST /session/2d3f18d96ae83e7081695401c2e0fdda/actions - {"actions":[{"id":"action35","type":"key","parameters":{},"actions":[{"type":"keyDown","value":"î€‡"},{"type":"pause","duration":10},{"type":"keyUp","value":"î€‡"}]}]}
RESULT: {"actions":[{"id":"action35","type":"key","parameters":{},"actions":[{"type":"keyDown","value":"î€‡"},{"type":"pause","duration":10},{"type":"keyUp","value":"î€‡"}]}]}
COMMAND: GET /session/2d3f18d96ae83e7081695401c2e0fdda/screenshot - {}
RESULT: {}
COMMAND: POST /session/2d3f18d96ae83e7081695401c2e0fdda/execute/async - {"script":"<script> [1562 bytes]","args":[{"selector":{"controlType":"sap.m.Button","viewName":"reusables.view.manageresources.NewResourceUnit","viewId":"application-manageresources-display-component---newResourceUnit","i18NText":{"propertyName":"tooltip","key":"save"},"interaction":{"idSuffix":"BDI-content"}},"wdio_ui5_key":"reusablesview.manageresources.NewResourceUnitsap.m.Button{\"propertyName\":\"tooltip\",\"key\":\"save\"}"}]}
RESULT: {"script":"<script> [1562 bytes]","args":[{"selector":{"controlType":"sap.m.Button","viewName":"reusables.view.manageresources.NewResourceUnit","viewId":"application-manageresources-display-component---newResourceUnit","i18NText":{"propertyName":"tooltip","key":"save"},"interaction":{"idSuffix":"BDI-content"}},"wdio_ui5_key":"reusablesview.manageresources.NewResourceUnitsap.m.Button{\"propertyName\":\"tooltip\",\"key\":\"save\"}"}]}
RESULT: undefined
COMMAND: POST /session/2d3f18d96ae83e7081695401c2e0fdda/element - {"using":"xpath","value":"//*[@id=\"application-manageresources-display-component---newResourceUnit--createRuButton\"]"}
RESULT: {"using":"xpath","value":"//*[@id=\"application-manageresources-display-component---newResourceUnit--createRuButton\"]"}
COMMAND: POST /session/2d3f18d96ae83e7081695401c2e0fdda/element/f.3980C6CC6DC27C16253BC7A58143231A.d.30E05D8CAA9CABB88900AE21577404EB.e.4306/click - {}
RESULT: {}
COMMAND: GET /session/2d3f18d96ae83e7081695401c2e0fdda/screenshot - {}
RESULT: {}
COMMAND: POST /session/2d3f18d96ae83e7081695401c2e0fdda/execute/async - {"script":"<script> [1562 bytes]","args":[{"selector":{"controlType":"sap.m.Title","properties":{"text":"Success"},"searchOpenDialogs":true},"wdio_ui5_key":"sapm.Title{\"text\":\"Success\"}"}]}
RESULT: {"script":"<script> [1562 bytes]","args":[{"selector":{"controlType":"sap.m.Title","properties":{"text":"Success"},"searchOpenDialogs":true},"wdio_ui5_key":"sapm.Title{\"text\":\"Success\"}"}]}
RESULT: undefined
COMMAND: POST /session/2d3f18d96ae83e7081695401c2e0fdda/execute/async - {"script":"<script> [6424 bytes]","args":[{"element-6066-11e4-a52e-4f735466cecf":"f.3980C6CC6DC27C16253BC7A58143231A.d.30E05D8CAA9CABB88900AE21577404EB.e.4392"},"getText",[]]}
RESULT: {"script":"<script> [6424 bytes]","args":[{"element-6066-11e4-a52e-4f735466cecf":"f.3980C6CC6DC27C16253BC7A58143231A.d.30E05D8CAA9CABB88900AE21577404EB.e.4392"},"getText",[]]}
COMMAND: POST /session/2d3f18d96ae83e7081695401c2e0fdda/element - {"using":"xpath","value":"//*[contains(@id, '__text') and (contains(text(), 'successfully created') or contains(., 'successfully created'))]"}
RESULT: {"using":"xpath","value":"//*[contains(@id, '__text') and (contains(text(), 'successfully created') or contains(., 'successfully created'))]"}
COMMAND: GET /session/2d3f18d96ae83e7081695401c2e0fdda/element/f.3980C6CC6DC27C16253BC7A58143231A.d.30E05D8CAA9CABB88900AE21577404EB.e.4390/text - {}
RESULT: {}
COMMAND: POST /session/2d3f18d96ae83e7081695401c2e0fdda/execute/async - {"script":"<script> [1562 bytes]","args":[{"selector":{"controlType":"sap.m.Button","properties":{"text":"Close"},"searchOpenDialogs":true,"interaction":{"idSuffix":"BDI-content"}},"wdio_ui5_key":"sapm.Button{\"text\":\"Close\"}"}]}
RESULT: {"script":"<script> [1562 bytes]","args":[{"selector":{"controlType":"sap.m.Button","properties":{"text":"Close"},"searchOpenDialogs":true,"interaction":{"idSuffix":"BDI-content"}},"wdio_ui5_key":"sapm.Button{\"text\":\"Close\"}"}]}
RESULT: undefined
COMMAND: POST /session/2d3f18d96ae83e7081695401c2e0fdda/element - {"using":"xpath","value":"//*[@id=\"__mbox-btn-1\"]"}
RESULT: {"using":"xpath","value":"//*[@id=\"__mbox-btn-1\"]"}
COMMAND: POST /session/2d3f18d96ae83e7081695401c2e0fdda/element/f.3980C6CC6DC27C16253BC7A58143231A.d.30E05D8CAA9CABB88900AE21577404EB.e.4389/click - {}
RESULT: {}
COMMAND: GET /session/2d3f18d96ae83e7081695401c2e0fdda/screenshot - {}
RESULT: {}
COMMAND: POST /session/2d3f18d96ae83e7081695401c2e0fdda/execute/async - {"script":"<script> [1562 bytes]","args":[{"selector":{"controlType":"sap.ui.core.Icon","viewName":"etm.portal.ui.manageresources.view.Detail","viewId":"application-manageresources-display-component---detailRU","properties":{"src":{"regex":{"source":"overflow"}}}},"wdio_ui5_key":"etmportal.ui.manageresources.view.Detailsap.ui.core.Icon{\"src\":{\"regex\":{\"source\":\"overflow\"}}}"}]}
RESULT: {"script":"<script> [1562 bytes]","args":[{"selector":{"controlType":"sap.ui.core.Icon","viewName":"etm.portal.ui.manageresources.view.Detail","viewId":"application-manageresources-display-component---detailRU","properties":{"src":{"regex":{"source":"overflow"}}}},"wdio_ui5_key":"etmportal.ui.manageresources.view.Detailsap.ui.core.Icon{\"src\":{\"regex\":{\"source\":\"overflow\"}}}"}]}
RESULT: undefined
COMMAND: POST /session/2d3f18d96ae83e7081695401c2e0fdda/element - {"using":"xpath","value":"//*[@id=\"__title72-_actionsToolbar-overflowButton-img\"]"}
RESULT: {"using":"xpath","value":"//*[@id=\"__title72-_actionsToolbar-overflowButton-img\"]"}
COMMAND: POST /session/2d3f18d96ae83e7081695401c2e0fdda/element/f.3980C6CC6DC27C16253BC7A58143231A.d.30E05D8CAA9CABB88900AE21577404EB.e.4422/click - {}
RESULT: {}
COMMAND: POST /session/2d3f18d96ae83e7081695401c2e0fdda/execute/async - {"script":"<script> [1562 bytes]","args":[{"selector":{"controlType":"sap.m.Button","viewName":"etm.portal.ui.manageresources.view.Detail","viewId":"application-manageresources-display-component---detailRU","i18NText":{"propertyName":"tooltip","key":"closeColumn"},"searchOpenDialogs":true,"interaction":{"idSuffix":"inner"}},"wdio_ui5_key":"etmportal.ui.manageresources.view.Detailsap.m.Button{\"propertyName\":\"tooltip\",\"key\":\"closeColumn\"}"}]}
COMMAND: GET /session/2d3f18d96ae83e7081695401c2e0fdda/screenshot - {}
RESULT: {"script":"<script> [1562 bytes]","args":[{"selector":{"controlType":"sap.m.Button","viewName":"etm.portal.ui.manageresources.view.Detail","viewId":"application-manageresources-display-component---detailRU","i18NText":{"propertyName":"tooltip","key":"closeColumn"},"searchOpenDialogs":true,"interaction":{"idSuffix":"inner"}},"wdio_ui5_key":"etmportal.ui.manageresources.view.Detailsap.m.Button{\"propertyName\":\"tooltip\",\"key\":\"closeColumn\"}"}]}
RESULT: undefined
COMMAND: POST /session/2d3f18d96ae83e7081695401c2e0fdda/element - {"using":"xpath","value":"//*[@id=\"__button233\"]"}
RESULT: {}
RESULT: {"using":"xpath","value":"//*[@id=\"__button233\"]"}
COMMAND: POST /session/2d3f18d96ae83e7081695401c2e0fdda/element/f.3980C6CC6DC27C16253BC7A58143231A.d.30E05D8CAA9CABB88900AE21577404EB.e.4424/click - {}
RESULT: {}
COMMAND: GET /session/2d3f18d96ae83e7081695401c2e0fdda/screenshot - {}
RESULT: {}
COMMAND: POST /session/2d3f18d96ae83e7081695401c2e0fdda/refresh - {}
RESULT: {}
COMMAND: GET /session/2d3f18d96ae83e7081695401c2e0fdda/screenshot - {}
RESULT: {}
COMMAND: POST /session/2d3f18d96ae83e7081695401c2e0fdda/execute/async - {"script":"<script> [189 bytes]","args":[]}
RESULT: {"script":"<script> [189 bytes]","args":[]}
COMMAND: POST /session/2d3f18d96ae83e7081695401c2e0fdda/execute/async - {"script":"<script> [123 bytes]","args":[]}
RESULT: {"script":"<script> [123 bytes]","args":[]}
COMMAND: POST /session/2d3f18d96ae83e7081695401c2e0fdda/timeouts - {"script":"<number>"}
RESULT: {"script":"<number>"}
COMMAND: GET /session/2d3f18d96ae83e7081695401c2e0fdda/timeouts - {}
RESULT: {}
RESULT: undefined
COMMAND: POST /session/2d3f18d96ae83e7081695401c2e0fdda/execute/async - {"script":"<script> [2676 bytes]","args":[]}
RESULT: {"script":"<script> [2676 bytes]","args":[]}
COMMAND: POST /session/2d3f18d96ae83e7081695401c2e0fdda/execute/async - {"script":"<script> [2342 bytes]","args":[{"protocol":"http","hostname":"0.0.0.0","path":"/","capabilities":{"browserName":"chrome","goog:chromeOptions":{"binary":"C:\\Program Files\\Google\\Chrome\\Application\\chrome.exe","args":["--start-maximized"]}},"logLevel":"warn","connectionRetryTimeout":120000,"connectionRetryCount":3,"logLevels":{},"enableDirectConnect":true,"strictSSL":true,"_":"65 more keys: [\"cacheDir\",\"port\",\"requestedCapabilities\",\"automationProtocol\",\"baseUrl\",\"waitforInterval\",\"waitforTimeout\",\"onReload\",\"beforeCommand\",\"afterCommand\",\"rootDir\",\"specs\",\"suites\",\"exclude\",\"groupLogsByTestSpec\",\"excludeDriverLogs\",\"bail\",\"framework\",\"reporters\",\"services\",\"maxInstances\",\"maxInstancesPerCapability\",\"injectGlobals\",\"filesToWatch\",\"execArgv\",\"runnerEnv\",\"runner\",\"shard\",\"specFileRetries\",\"specFileRetriesDelay\",\"specFileRetriesDeferred\",\"reporterSyncInterval\",\"reporterSyncTimeout\",\"cucumberFeaturesWithLineNumbers\",\"autoCompileOpts\",\"mochaOpts\",\"jasmineOpts\",\"cucumberOpts\",\"onPrepare\",\"onWorkerStart\",\"onWorkerEnd\",\"before\",\"beforeSession\",\"beforeSuite\",\"beforeHook\",\"beforeTest\",\"afterTest\",\"afterHook\",\"afterSuite\",\"afterSession\",\"after\",\"onComplete\",\"beforeAssertion\",\"afterAssertion\",\"beforeFeature\",\"beforeScenario\",\"beforeStep\",\"afterStep\",\"afterScenario\",\"afterFeature\",\"_\",\"suite\",\"$0\",\"ignoredWorkerServices\",\"wdi5\"]"}]}
RESULT: {"script":"<script> [2342 bytes]","args":[{"protocol":"http","hostname":"0.0.0.0","path":"/","capabilities":{"browserName":"chrome","goog:chromeOptions":{"binary":"C:\\Program Files\\Google\\Chrome\\Application\\chrome.exe","args":["--start-maximized"]}},"logLevel":"warn","connectionRetryTimeout":120000,"connectionRetryCount":3,"logLevels":{},"enableDirectConnect":true,"strictSSL":true,"_":"65 more keys: [\"cacheDir\",\"port\",\"requestedCapabilities\",\"automationProtocol\",\"baseUrl\",\"waitforInterval\",\"waitforTimeout\",\"onReload\",\"beforeCommand\",\"afterCommand\",\"rootDir\",\"specs\",\"suites\",\"exclude\",\"groupLogsByTestSpec\",\"excludeDriverLogs\",\"bail\",\"framework\",\"reporters\",\"services\",\"maxInstances\",\"maxInstancesPerCapability\",\"injectGlobals\",\"filesToWatch\",\"execArgv\",\"runnerEnv\",\"runner\",\"shard\",\"specFileRetries\",\"specFileRetriesDelay\",\"specFileRetriesDeferred\",\"reporterSyncInterval\",\"reporterSyncTimeout\",\"cucumberFeaturesWithLineNumbers\",\"autoCompileOpts\",\"mochaOpts\",\"jasmineOpts\",\"cucumberOpts\",\"onPrepare\",\"onWorkerStart\",\"onWorkerEnd\",\"before\",\"beforeSession\",\"beforeSuite\",\"beforeHook\",\"beforeTest\",\"afterTest\",\"afterHook\",\"afterSuite\",\"afterSession\",\"after\",\"onComplete\",\"beforeAssertion\",\"afterAssertion\",\"beforeFeature\",\"beforeScenario\",\"beforeStep\",\"afterStep\",\"afterScenario\",\"afterFeature\",\"_\",\"suite\",\"$0\",\"ignoredWorkerServices\",\"wdi5\"]"}]}
COMMAND: POST /session/2d3f18d96ae83e7081695401c2e0fdda/execute/async - {"script":"<script> [21126 bytes]","args":[35000]}
RESULT: {"script":"<script> [21126 bytes]","args":[35000]}
COMMAND: POST /session/2d3f18d96ae83e7081695401c2e0fdda/element - {"using":"css selector","value":"#shell-header-logo"}
RESULT: {"using":"css selector","value":"#shell-header-logo"}
COMMAND: POST /session/2d3f18d96ae83e7081695401c2e0fdda/element/f.3980C6CC6DC27C16253BC7A58143231A.d.2B4B6785D64E36C5A29B188B14E66F20.e.4509/click - {}
RESULT: {}
COMMAND: GET /session/2d3f18d96ae83e7081695401c2e0fdda/screenshot - {}
COMMAND: POST /session/2d3f18d96ae83e7081695401c2e0fdda/element - {"using":"css selector","value":"#shell-header-logo"}
RESULT: {}
RESULT: {"using":"css selector","value":"#shell-header-logo"}
COMMAND: POST /session/2d3f18d96ae83e7081695401c2e0fdda/element/f.3980C6CC6DC27C16253BC7A58143231A.d.2B4B6785D64E36C5A29B188B14E66F20.e.4685/click - {}
RESULT: {}
COMMAND: GET /session/2d3f18d96ae83e7081695401c2e0fdda/screenshot - {}
RESULT: {}
]]></system-out>
    </testcase>
    <testcase classname="chrome.136_0_7103_49.windows.Manage_request_+_Contract_processing_pick_up_option_US120163_" name="Should Create New Request pick up option" time="195.39">
      <system-out><![CDATA[
COMMAND: POST /session/2d3f18d96ae83e7081695401c2e0fdda/element - {"using":"css selector","value":"#shell-header-logo"}
RESULT: {"using":"css selector","value":"#shell-header-logo"}
COMMAND: POST /session/2d3f18d96ae83e7081695401c2e0fdda/element/f.3980C6CC6DC27C16253BC7A58143231A.d.2B4B6785D64E36C5A29B188B14E66F20.e.4685/click - {}
RESULT: {}
COMMAND: GET /session/2d3f18d96ae83e7081695401c2e0fdda/screenshot - {}
RESULT: {}
COMMAND: POST /session/2d3f18d96ae83e7081695401c2e0fdda/execute/async - {"script":"<script> [1562 bytes]","args":[{"selector":{"controlType":"sap.m.GenericTile","properties":{"header":"Manage Requests"}},"wdio_ui5_key":"sapm.GenericTile{\"header\":\"Manage Requests\"}"}]}
RESULT: {"script":"<script> [1562 bytes]","args":[{"selector":{"controlType":"sap.m.GenericTile","properties":{"header":"Manage Requests"}},"wdio_ui5_key":"sapm.GenericTile{\"header\":\"Manage Requests\"}"}]}
RESULT: undefined
COMMAND: POST /session/2d3f18d96ae83e7081695401c2e0fdda/element - {"using":"xpath","value":"//*[@id=\"__tile47\"]"}
RESULT: {"using":"xpath","value":"//*[@id=\"__tile47\"]"}
COMMAND: POST /session/2d3f18d96ae83e7081695401c2e0fdda/element/f.3980C6CC6DC27C16253BC7A58143231A.d.2B4B6785D64E36C5A29B188B14E66F20.e.4694/click - {}
RESULT: {}
COMMAND: GET /session/2d3f18d96ae83e7081695401c2e0fdda/screenshot - {}
COMMAND: POST /session/2d3f18d96ae83e7081695401c2e0fdda/elements - {"using":"xpath","value":"//span[text()='Error']"}
RESULT: {}
RESULT: {"using":"xpath","value":"//span[text()='Error']"}
COMMAND: POST /session/2d3f18d96ae83e7081695401c2e0fdda/refresh - {}
RESULT: {}
COMMAND: GET /session/2d3f18d96ae83e7081695401c2e0fdda/screenshot - {}
RESULT: {}
COMMAND: POST /session/2d3f18d96ae83e7081695401c2e0fdda/execute/async - {"script":"<script> [189 bytes]","args":[]}
RESULT: {"script":"<script> [189 bytes]","args":[]}
COMMAND: POST /session/2d3f18d96ae83e7081695401c2e0fdda/execute/async - {"script":"<script> [123 bytes]","args":[]}
RESULT: {"script":"<script> [123 bytes]","args":[]}
COMMAND: POST /session/2d3f18d96ae83e7081695401c2e0fdda/timeouts - {"script":"<number>"}
RESULT: {"script":"<number>"}
COMMAND: GET /session/2d3f18d96ae83e7081695401c2e0fdda/timeouts - {}
RESULT: {}
RESULT: undefined
COMMAND: POST /session/2d3f18d96ae83e7081695401c2e0fdda/execute/async - {"script":"<script> [2676 bytes]","args":[]}
RESULT: {"script":"<script> [2676 bytes]","args":[]}
COMMAND: POST /session/2d3f18d96ae83e7081695401c2e0fdda/execute/async - {"script":"<script> [2342 bytes]","args":[{"protocol":"http","hostname":"0.0.0.0","path":"/","capabilities":{"browserName":"chrome","goog:chromeOptions":{"binary":"C:\\Program Files\\Google\\Chrome\\Application\\chrome.exe","args":["--start-maximized"]}},"logLevel":"warn","connectionRetryTimeout":120000,"connectionRetryCount":3,"logLevels":{},"enableDirectConnect":true,"strictSSL":true,"_":"65 more keys: [\"cacheDir\",\"port\",\"requestedCapabilities\",\"automationProtocol\",\"baseUrl\",\"waitforInterval\",\"waitforTimeout\",\"onReload\",\"beforeCommand\",\"afterCommand\",\"rootDir\",\"specs\",\"suites\",\"exclude\",\"groupLogsByTestSpec\",\"excludeDriverLogs\",\"bail\",\"framework\",\"reporters\",\"services\",\"maxInstances\",\"maxInstancesPerCapability\",\"injectGlobals\",\"filesToWatch\",\"execArgv\",\"runnerEnv\",\"runner\",\"shard\",\"specFileRetries\",\"specFileRetriesDelay\",\"specFileRetriesDeferred\",\"reporterSyncInterval\",\"reporterSyncTimeout\",\"cucumberFeaturesWithLineNumbers\",\"autoCompileOpts\",\"mochaOpts\",\"jasmineOpts\",\"cucumberOpts\",\"onPrepare\",\"onWorkerStart\",\"onWorkerEnd\",\"before\",\"beforeSession\",\"beforeSuite\",\"beforeHook\",\"beforeTest\",\"afterTest\",\"afterHook\",\"afterSuite\",\"afterSession\",\"after\",\"onComplete\",\"beforeAssertion\",\"afterAssertion\",\"beforeFeature\",\"beforeScenario\",\"beforeStep\",\"afterStep\",\"afterScenario\",\"afterFeature\",\"_\",\"suite\",\"$0\",\"ignoredWorkerServices\",\"wdi5\"]"}]}
RESULT: {"script":"<script> [2342 bytes]","args":[{"protocol":"http","hostname":"0.0.0.0","path":"/","capabilities":{"browserName":"chrome","goog:chromeOptions":{"binary":"C:\\Program Files\\Google\\Chrome\\Application\\chrome.exe","args":["--start-maximized"]}},"logLevel":"warn","connectionRetryTimeout":120000,"connectionRetryCount":3,"logLevels":{},"enableDirectConnect":true,"strictSSL":true,"_":"65 more keys: [\"cacheDir\",\"port\",\"requestedCapabilities\",\"automationProtocol\",\"baseUrl\",\"waitforInterval\",\"waitforTimeout\",\"onReload\",\"beforeCommand\",\"afterCommand\",\"rootDir\",\"specs\",\"suites\",\"exclude\",\"groupLogsByTestSpec\",\"excludeDriverLogs\",\"bail\",\"framework\",\"reporters\",\"services\",\"maxInstances\",\"maxInstancesPerCapability\",\"injectGlobals\",\"filesToWatch\",\"execArgv\",\"runnerEnv\",\"runner\",\"shard\",\"specFileRetries\",\"specFileRetriesDelay\",\"specFileRetriesDeferred\",\"reporterSyncInterval\",\"reporterSyncTimeout\",\"cucumberFeaturesWithLineNumbers\",\"autoCompileOpts\",\"mochaOpts\",\"jasmineOpts\",\"cucumberOpts\",\"onPrepare\",\"onWorkerStart\",\"onWorkerEnd\",\"before\",\"beforeSession\",\"beforeSuite\",\"beforeHook\",\"beforeTest\",\"afterTest\",\"afterHook\",\"afterSuite\",\"afterSession\",\"after\",\"onComplete\",\"beforeAssertion\",\"afterAssertion\",\"beforeFeature\",\"beforeScenario\",\"beforeStep\",\"afterStep\",\"afterScenario\",\"afterFeature\",\"_\",\"suite\",\"$0\",\"ignoredWorkerServices\",\"wdi5\"]"}]}
COMMAND: POST /session/2d3f18d96ae83e7081695401c2e0fdda/execute/async - {"script":"<script> [21126 bytes]","args":[35000]}
RESULT: {"script":"<script> [21126 bytes]","args":[35000]}
COMMAND: POST /session/2d3f18d96ae83e7081695401c2e0fdda/element - {"using":"xpath","value":"//button[contains(@data-kt ,\"btnCreateNewOverflowToolbarButton\")]"}
COMMAND: POST /session/2d3f18d96ae83e7081695401c2e0fdda/element - {"using":"xpath","value":"(//span[contains(@class ,\"sapMObjStatusText\")])[1]"}
RESULT: {"using":"xpath","value":"//button[contains(@data-kt ,\"btnCreateNewOverflowToolbarButton\")]"}
COMMAND: POST /session/2d3f18d96ae83e7081695401c2e0fdda/element/f.3980C6CC6DC27C16253BC7A58143231A.d.86E6F2DC78B096FFD71577D5141D1357.e.4846/click - {}
RESULT: {"using":"xpath","value":"(//span[contains(@class ,\"sapMObjStatusText\")])[1]"}
COMMAND: POST /session/2d3f18d96ae83e7081695401c2e0fdda/execute/sync - {"script":"<script> [8489 bytes]","args":[{"element-6066-11e4-a52e-4f735466cecf":"f.3980C6CC6DC27C16253BC7A58143231A.d.86E6F2DC78B096FFD71577D5141D1357.e.4884","ELEMENT":"f.3980C6CC6DC27C16253BC7A58143231A.d.86E6F2DC78B096FFD71577D5141D1357.e.4884"}]}
RESULT: {}
COMMAND: GET /session/2d3f18d96ae83e7081695401c2e0fdda/screenshot - {}
RESULT: {"script":"<script> [8489 bytes]","args":[{"element-6066-11e4-a52e-4f735466cecf":"f.3980C6CC6DC27C16253BC7A58143231A.d.86E6F2DC78B096FFD71577D5141D1357.e.4884","ELEMENT":"f.3980C6CC6DC27C16253BC7A58143231A.d.86E6F2DC78B096FFD71577D5141D1357.e.4884"}]}
COMMAND: GET /session/2d3f18d96ae83e7081695401c2e0fdda/screenshot - {}
RESULT: {}
RESULT: {}
COMMAND: POST /session/2d3f18d96ae83e7081695401c2e0fdda/element - {"using":"xpath","value":"//input[contains(@id ,\"yardId-inner\")]"}
RESULT: {"using":"xpath","value":"//input[contains(@id ,\"yardId-inner\")]"}
COMMAND: POST /session/2d3f18d96ae83e7081695401c2e0fdda/execute/sync - {"script":"<script> [8489 bytes]","args":[{"element-6066-11e4-a52e-4f735466cecf":"f.3980C6CC6DC27C16253BC7A58143231A.d.86E6F2DC78B096FFD71577D5141D1357.e.4968","ELEMENT":"f.3980C6CC6DC27C16253BC7A58143231A.d.86E6F2DC78B096FFD71577D5141D1357.e.4968"}]}
RESULT: {"script":"<script> [8489 bytes]","args":[{"element-6066-11e4-a52e-4f735466cecf":"f.3980C6CC6DC27C16253BC7A58143231A.d.86E6F2DC78B096FFD71577D5141D1357.e.4968","ELEMENT":"f.3980C6CC6DC27C16253BC7A58143231A.d.86E6F2DC78B096FFD71577D5141D1357.e.4968"}]}
COMMAND: POST /session/2d3f18d96ae83e7081695401c2e0fdda/element - {"using":"xpath","value":"//input[contains(@id ,\"requestContractNo-inner\")]"}
COMMAND: POST /session/2d3f18d96ae83e7081695401c2e0fdda/element - {"using":"xpath","value":"//input[contains(@id ,\"yardId-inner\")]"}
COMMAND: GET /session/2d3f18d96ae83e7081695401c2e0fdda/screenshot - {}
RESULT: {"using":"xpath","value":"//input[contains(@id ,\"requestContractNo-inner\")]"}
COMMAND: POST /session/2d3f18d96ae83e7081695401c2e0fdda/element/f.3980C6CC6DC27C16253BC7A58143231A.d.86E6F2DC78B096FFD71577D5141D1357.e.4965/value - {"text":"10156"}
RESULT: {"using":"xpath","value":"//input[contains(@id ,\"yardId-inner\")]"}
COMMAND: GET /session/2d3f18d96ae83e7081695401c2e0fdda/element/f.3980C6CC6DC27C16253BC7A58143231A.d.86E6F2DC78B096FFD71577D5141D1357.e.4968/enabled - {}
RESULT: {}
RESULT: {"text":"10156"}
COMMAND: GET /session/2d3f18d96ae83e7081695401c2e0fdda/screenshot - {}
RESULT: {}
COMMAND: GET /session/2d3f18d96ae83e7081695401c2e0fdda/screenshot - {}
RESULT: {}
RESULT: {}
COMMAND: POST /session/2d3f18d96ae83e7081695401c2e0fdda/actions - {"actions":[{"id":"action36","type":"key","parameters":{},"actions":[{"type":"keyDown","value":"î€‡"},{"type":"pause","duration":10},{"type":"keyUp","value":"î€‡"}]}]}
RESULT: {"actions":[{"id":"action36","type":"key","parameters":{},"actions":[{"type":"keyDown","value":"î€‡"},{"type":"pause","duration":10},{"type":"keyUp","value":"î€‡"}]}]}
COMMAND: GET /session/2d3f18d96ae83e7081695401c2e0fdda/screenshot - {}
RESULT: {}
COMMAND: POST /session/2d3f18d96ae83e7081695401c2e0fdda/execute/async - {"script":"<script> [1562 bytes]","args":[{"selector":{"controlType":"sap.m.Button","viewName":"etm.portal.ui.managerequests.view.NewRequest","properties":{"text":"Items"},"interaction":{"idSuffix":"BDI-content"}},"wdio_ui5_key":"etmportal.ui.managerequests.view.NewRequestsap.m.Button{\"text\":\"Items\"}"}]}
RESULT: {"script":"<script> [1562 bytes]","args":[{"selector":{"controlType":"sap.m.Button","viewName":"etm.portal.ui.managerequests.view.NewRequest","properties":{"text":"Items"},"interaction":{"idSuffix":"BDI-content"}},"wdio_ui5_key":"etmportal.ui.managerequests.view.NewRequestsap.m.Button{\"text\":\"Items\"}"}]}
RESULT: undefined
COMMAND: POST /session/2d3f18d96ae83e7081695401c2e0fdda/element - {"using":"xpath","value":"//*[@id=\"__xmlview1--newRequestPage-anchBar-__xmlview1--requestItemsSection-anchor\"]"}
RESULT: {"using":"xpath","value":"//*[@id=\"__xmlview1--newRequestPage-anchBar-__xmlview1--requestItemsSection-anchor\"]"}
COMMAND: POST /session/2d3f18d96ae83e7081695401c2e0fdda/element/f.3980C6CC6DC27C16253BC7A58143231A.d.86E6F2DC78B096FFD71577D5141D1357.e.5162/click - {}
RESULT: {}
COMMAND: GET /session/2d3f18d96ae83e7081695401c2e0fdda/screenshot - {}
RESULT: {}
COMMAND: POST /session/2d3f18d96ae83e7081695401c2e0fdda/execute/async - {"script":"<script> [1562 bytes]","args":[{"selector":{"controlType":"sap.ui.core.Icon","viewName":"etm.portal.ui.managerequests.view.NewRequest","properties":{"src":{"regex":{"source":"inspect"}}}},"wdio_ui5_key":"etmportal.ui.managerequests.view.NewRequestsap.ui.core.Icon{\"src\":{\"regex\":{\"source\":\"inspect\"}}}"}]}
RESULT: {"script":"<script> [1562 bytes]","args":[{"selector":{"controlType":"sap.ui.core.Icon","viewName":"etm.portal.ui.managerequests.view.NewRequest","properties":{"src":{"regex":{"source":"inspect"}}}},"wdio_ui5_key":"etmportal.ui.managerequests.view.NewRequestsap.ui.core.Icon{\"src\":{\"regex\":{\"source\":\"inspect\"}}}"}]}
RESULT: undefined
COMMAND: POST /session/2d3f18d96ae83e7081695401c2e0fdda/element - {"using":"xpath","value":"//*[@id=\"__button8-img\"]"}
RESULT: {"using":"xpath","value":"//*[@id=\"__button8-img\"]"}
COMMAND: POST /session/2d3f18d96ae83e7081695401c2e0fdda/element/f.3980C6CC6DC27C16253BC7A58143231A.d.86E6F2DC78B096FFD71577D5141D1357.e.5166/click - {}
RESULT: {}
COMMAND: GET /session/2d3f18d96ae83e7081695401c2e0fdda/screenshot - {}
RESULT: {}
COMMAND: POST /session/2d3f18d96ae83e7081695401c2e0fdda/execute/async - {"script":"<script> [1562 bytes]","args":[{"selector":{"controlType":"sap.ui.core.Icon","viewName":"etm.portal.ui.managerequests.view.NewRequest","properties":{"src":{"regex":{"source":"add"}}}},"wdio_ui5_key":"etmportal.ui.managerequests.view.NewRequestsap.ui.core.Icon{\"src\":{\"regex\":{\"source\":\"add\"}}}"}]}
RESULT: {"script":"<script> [1562 bytes]","args":[{"selector":{"controlType":"sap.ui.core.Icon","viewName":"etm.portal.ui.managerequests.view.NewRequest","properties":{"src":{"regex":{"source":"add"}}}},"wdio_ui5_key":"etmportal.ui.managerequests.view.NewRequestsap.ui.core.Icon{\"src\":{\"regex\":{\"source\":\"add\"}}}"}]}
RESULT: undefined
COMMAND: POST /session/2d3f18d96ae83e7081695401c2e0fdda/element - {"using":"xpath","value":"//*[@id=\"__xmlview1--btnAddTableRow-img\"]"}
RESULT: {"using":"xpath","value":"//*[@id=\"__xmlview1--btnAddTableRow-img\"]"}
COMMAND: POST /session/2d3f18d96ae83e7081695401c2e0fdda/element/f.3980C6CC6DC27C16253BC7A58143231A.d.86E6F2DC78B096FFD71577D5141D1357.e.5174/click - {}
RESULT: {}
COMMAND: GET /session/2d3f18d96ae83e7081695401c2e0fdda/screenshot - {}
RESULT: {}
COMMAND: POST /session/2d3f18d96ae83e7081695401c2e0fdda/execute/async - {"script":"<script> [1562 bytes]","args":[{"selector":{"controlType":"sap.ui.unified.MenuItem","viewName":"etm.portal.ui.managerequests.view.NewRequest","i18NText":{"propertyName":"text","key":"standardEntry"},"searchOpenDialogs":true,"interaction":{"idSuffix":"txt"}},"wdio_ui5_key":"etmportal.ui.managerequests.view.NewRequestsap.ui.unified.MenuItem{\"propertyName\":\"text\",\"key\":\"standardEntry\"}"}]}
RESULT: {"script":"<script> [1562 bytes]","args":[{"selector":{"controlType":"sap.ui.unified.MenuItem","viewName":"etm.portal.ui.managerequests.view.NewRequest","i18NText":{"propertyName":"text","key":"standardEntry"},"searchOpenDialogs":true,"interaction":{"idSuffix":"txt"}},"wdio_ui5_key":"etmportal.ui.managerequests.view.NewRequestsap.ui.unified.MenuItem{\"propertyName\":\"text\",\"key\":\"standardEntry\"}"}]}
RESULT: undefined
COMMAND: POST /session/2d3f18d96ae83e7081695401c2e0fdda/element - {"using":"xpath","value":"//*[@id=\"__item170\"]"}
RESULT: {"using":"xpath","value":"//*[@id=\"__item170\"]"}
COMMAND: POST /session/2d3f18d96ae83e7081695401c2e0fdda/element/f.3980C6CC6DC27C16253BC7A58143231A.d.86E6F2DC78B096FFD71577D5141D1357.e.5178/click - {}
RESULT: {}
COMMAND: GET /session/2d3f18d96ae83e7081695401c2e0fdda/screenshot - {}
RESULT: undefined
COMMAND: POST /session/2d3f18d96ae83e7081695401c2e0fdda/element - {"using":"xpath","value":"//*[@id=\"__xmlview1--btnAddTableRow-img\"]"}
RESULT: {}
RESULT: {"using":"xpath","value":"//*[@id=\"__xmlview1--btnAddTableRow-img\"]"}
COMMAND: POST /session/2d3f18d96ae83e7081695401c2e0fdda/element/f.3980C6CC6DC27C16253BC7A58143231A.d.86E6F2DC78B096FFD71577D5141D1357.e.5174/click - {}
RESULT: {}
COMMAND: GET /session/2d3f18d96ae83e7081695401c2e0fdda/screenshot - {}
RESULT: {}
RESULT: undefined
COMMAND: POST /session/2d3f18d96ae83e7081695401c2e0fdda/element - {"using":"xpath","value":"//*[@id=\"__item170\"]"}
RESULT: {"using":"xpath","value":"//*[@id=\"__item170\"]"}
COMMAND: POST /session/2d3f18d96ae83e7081695401c2e0fdda/element/f.3980C6CC6DC27C16253BC7A58143231A.d.86E6F2DC78B096FFD71577D5141D1357.e.5193/click - {}
RESULT: {}
COMMAND: GET /session/2d3f18d96ae83e7081695401c2e0fdda/screenshot - {}
RESULT: {}
COMMAND: POST /session/2d3f18d96ae83e7081695401c2e0fdda/element - {"using":"xpath","value":"(//input[contains(@id ,\"requestItemsTable-0-inner\")])[5]"}
RESULT: {"using":"xpath","value":"(//input[contains(@id ,\"requestItemsTable-0-inner\")])[5]"}
COMMAND: POST /session/2d3f18d96ae83e7081695401c2e0fdda/element/f.3980C6CC6DC27C16253BC7A58143231A.d.86E6F2DC78B096FFD71577D5141D1357.e.5184/clear - {}
RESULT: {}
COMMAND: POST /session/2d3f18d96ae83e7081695401c2e0fdda/element/f.3980C6CC6DC27C16253BC7A58143231A.d.86E6F2DC78B096FFD71577D5141D1357.e.5184/value - {"text":"1000001"}
COMMAND: GET /session/2d3f18d96ae83e7081695401c2e0fdda/screenshot - {}
RESULT: {"text":"1000001"}
COMMAND: GET /session/2d3f18d96ae83e7081695401c2e0fdda/screenshot - {}
RESULT: {}
RESULT: {}
COMMAND: POST /session/2d3f18d96ae83e7081695401c2e0fdda/actions - {"actions":[{"id":"action37","type":"key","parameters":{},"actions":[{"type":"keyDown","value":"î€‡"},{"type":"pause","duration":10},{"type":"keyUp","value":"î€‡"}]}]}
RESULT: {"actions":[{"id":"action37","type":"key","parameters":{},"actions":[{"type":"keyDown","value":"î€‡"},{"type":"pause","duration":10},{"type":"keyUp","value":"î€‡"}]}]}
COMMAND: POST /session/2d3f18d96ae83e7081695401c2e0fdda/element - {"using":"xpath","value":"(//input[contains(@id ,\"requestItemsTable-1-inner\")])[5]"}
COMMAND: GET /session/2d3f18d96ae83e7081695401c2e0fdda/screenshot - {}
RESULT: {"using":"xpath","value":"(//input[contains(@id ,\"requestItemsTable-1-inner\")])[5]"}
COMMAND: POST /session/2d3f18d96ae83e7081695401c2e0fdda/element/f.3980C6CC6DC27C16253BC7A58143231A.d.86E6F2DC78B096FFD71577D5141D1357.e.5199/clear - {}
RESULT: {}
RESULT: {}
COMMAND: POST /session/2d3f18d96ae83e7081695401c2e0fdda/element/f.3980C6CC6DC27C16253BC7A58143231A.d.86E6F2DC78B096FFD71577D5141D1357.e.5199/value - {"text":"200112"}
COMMAND: GET /session/2d3f18d96ae83e7081695401c2e0fdda/screenshot - {}
RESULT: {"text":"200112"}
COMMAND: GET /session/2d3f18d96ae83e7081695401c2e0fdda/screenshot - {}
RESULT: {}
RESULT: {}
COMMAND: POST /session/2d3f18d96ae83e7081695401c2e0fdda/actions - {"actions":[{"id":"action38","type":"key","parameters":{},"actions":[{"type":"keyDown","value":"î€‡"},{"type":"pause","duration":10},{"type":"keyUp","value":"î€‡"}]}]}
RESULT: {"actions":[{"id":"action38","type":"key","parameters":{},"actions":[{"type":"keyDown","value":"î€‡"},{"type":"pause","duration":10},{"type":"keyUp","value":"î€‡"}]}]}
COMMAND: POST /session/2d3f18d96ae83e7081695401c2e0fdda/element - {"using":"xpath","value":"//div[contains(@data-kt ,\"splitAllocationObjectStatus\")]"}
COMMAND: GET /session/2d3f18d96ae83e7081695401c2e0fdda/screenshot - {}
RESULT: {"using":"xpath","value":"//div[contains(@data-kt ,\"splitAllocationObjectStatus\")]"}
COMMAND: POST /session/2d3f18d96ae83e7081695401c2e0fdda/elements - {"using":"xpath","value":"//div[contains(@data-kt ,\"splitAllocationObjectStatus\")]"}
RESULT: {}
RESULT: {"using":"xpath","value":"//div[contains(@data-kt ,\"splitAllocationObjectStatus\")]"}
COMMAND: POST /session/2d3f18d96ae83e7081695401c2e0fdda/execute/async - {"script":"<script> [1562 bytes]","args":[{"selector":{"controlType":"sap.ui.core.Icon","viewName":"etm.portal.ui.managerequests.view.NewRequest","properties":{"src":{"regex":{"source":"message\\-error"}}},"ancestor":{"controlType":"sap.m.ColumnListItem","viewName":"etm.portal.ui.managerequests.view.NewRequest","bindingPath":{"modelName":"newRequestItems","path":"/RequestItems/0"},"ancestor":{"id":"requestItemsTable","viewName":"etm.portal.ui.managerequests.view.NewRequest"}}},"wdio_ui5_key":"etmportal.ui.managerequests.view.NewRequestsap.ui.core.Icon{\"src\":{\"regex\":{\"source\":\"message\\\\-error\"}}}{\"controlType\":\"sap.m.ColumnListItem\",\"viewName\":\"etm.portal.ui.managerequests.view.NewRequest\",\"bindingPath\":{\"modelName\":\"newRequestItems\",\"path\":\"/RequestItems/0\"},\"ancestor\":{\"id\":\"requestItemsTable\",\"viewName\":\"etm.portal.ui.managerequests.view.NewRequest\"}}"}]}
RESULT: {"script":"<script> [1562 bytes]","args":[{"selector":{"controlType":"sap.ui.core.Icon","viewName":"etm.portal.ui.managerequests.view.NewRequest","properties":{"src":{"regex":{"source":"message\\-error"}}},"ancestor":{"controlType":"sap.m.ColumnListItem","viewName":"etm.portal.ui.managerequests.view.NewRequest","bindingPath":{"modelName":"newRequestItems","path":"/RequestItems/0"},"ancestor":{"id":"requestItemsTable","viewName":"etm.portal.ui.managerequests.view.NewRequest"}}},"wdio_ui5_key":"etmportal.ui.managerequests.view.NewRequestsap.ui.core.Icon{\"src\":{\"regex\":{\"source\":\"message\\\\-error\"}}}{\"controlType\":\"sap.m.ColumnListItem\",\"viewName\":\"etm.portal.ui.managerequests.view.NewRequest\",\"bindingPath\":{\"modelName\":\"newRequestItems\",\"path\":\"/RequestItems/0\"},\"ancestor\":{\"id\":\"requestItemsTable\",\"viewName\":\"etm.portal.ui.managerequests.view.NewRequest\"}}"}]}
RESULT: undefined
COMMAND: POST /session/2d3f18d96ae83e7081695401c2e0fdda/element - {"using":"xpath","value":"//*[@id=\"__status4-__xmlview1--requestItemsTable-0-icon\"]"}
RESULT: {"using":"xpath","value":"//*[@id=\"__status4-__xmlview1--requestItemsTable-0-icon\"]"}
COMMAND: POST /session/2d3f18d96ae83e7081695401c2e0fdda/element/f.3980C6CC6DC27C16253BC7A58143231A.d.86E6F2DC78B096FFD71577D5141D1357.e.5211/click - {}
RESULT: {}
COMMAND: GET /session/2d3f18d96ae83e7081695401c2e0fdda/screenshot - {}
RESULT: {}
COMMAND: POST /session/2d3f18d96ae83e7081695401c2e0fdda/execute/async - {"script":"<script> [1562 bytes]","args":[{"selector":{"id":"costObjectAdminTypeComboBox","viewName":"etm.portal.ui.managerequests.view.NewRequest","searchOpenDialogs":true,"interaction":{"idSuffix":"inner"}},"wdio_ui5_key":"costObjectAdminTypeComboBoxetmportal.ui.managerequests.view.NewRequest"}]}
RESULT: {"script":"<script> [1562 bytes]","args":[{"selector":{"id":"costObjectAdminTypeComboBox","viewName":"etm.portal.ui.managerequests.view.NewRequest","searchOpenDialogs":true,"interaction":{"idSuffix":"inner"}},"wdio_ui5_key":"costObjectAdminTypeComboBoxetmportal.ui.managerequests.view.NewRequest"}]}
RESULT: undefined
COMMAND: POST /session/2d3f18d96ae83e7081695401c2e0fdda/execute/async - {"script":"<script> [776 bytes]","args":[{"enterText":"Cost Center","selector":{"id":"costObjectAdminTypeComboBox","viewName":"etm.portal.ui.managerequests.view.NewRequest","searchOpenDialogs":true,"interaction":{"idSuffix":"inner"}},"clearTextFirst":true,"interactionType":"ENTER_TEXT"}]}
RESULT: {"script":"<script> [776 bytes]","args":[{"enterText":"Cost Center","selector":{"id":"costObjectAdminTypeComboBox","viewName":"etm.portal.ui.managerequests.view.NewRequest","searchOpenDialogs":true,"interaction":{"idSuffix":"inner"}},"clearTextFirst":true,"interactionType":"ENTER_TEXT"}]}
COMMAND: POST /session/2d3f18d96ae83e7081695401c2e0fdda/actions - {"actions":[{"id":"action39","type":"key","parameters":{},"actions":[{"type":"keyDown","value":"î€‡"},{"type":"pause","duration":10},{"type":"keyUp","value":"î€‡"}]}]}
RESULT: {"actions":[{"id":"action39","type":"key","parameters":{},"actions":[{"type":"keyDown","value":"î€‡"},{"type":"pause","duration":10},{"type":"keyUp","value":"î€‡"}]}]}
COMMAND: GET /session/2d3f18d96ae83e7081695401c2e0fdda/screenshot - {}
RESULT: {}
COMMAND: POST /session/2d3f18d96ae83e7081695401c2e0fdda/execute/async - {"script":"<script> [1562 bytes]","args":[{"selector":{"id":"costObjectIdComboBox","viewName":"etm.portal.ui.managerequests.view.NewRequest","searchOpenDialogs":true,"interaction":{"idSuffix":"inner"}},"wdio_ui5_key":"costObjectIdComboBoxetmportal.ui.managerequests.view.NewRequest"}]}
RESULT: {"script":"<script> [1562 bytes]","args":[{"selector":{"id":"costObjectIdComboBox","viewName":"etm.portal.ui.managerequests.view.NewRequest","searchOpenDialogs":true,"interaction":{"idSuffix":"inner"}},"wdio_ui5_key":"costObjectIdComboBoxetmportal.ui.managerequests.view.NewRequest"}]}
RESULT: undefined
COMMAND: POST /session/2d3f18d96ae83e7081695401c2e0fdda/execute/async - {"script":"<script> [776 bytes]","args":[{"enterText":"1001 - 1001","selector":{"id":"costObjectIdComboBox","viewName":"etm.portal.ui.managerequests.view.NewRequest","searchOpenDialogs":true,"interaction":{"idSuffix":"inner"}},"clearTextFirst":true,"interactionType":"ENTER_TEXT"}]}
RESULT: {"script":"<script> [776 bytes]","args":[{"enterText":"1001 - 1001","selector":{"id":"costObjectIdComboBox","viewName":"etm.portal.ui.managerequests.view.NewRequest","searchOpenDialogs":true,"interaction":{"idSuffix":"inner"}},"clearTextFirst":true,"interactionType":"ENTER_TEXT"}]}
COMMAND: POST /session/2d3f18d96ae83e7081695401c2e0fdda/actions - {"actions":[{"id":"action40","type":"key","parameters":{},"actions":[{"type":"keyDown","value":"î€‡"},{"type":"pause","duration":10},{"type":"keyUp","value":"î€‡"}]}]}
RESULT: {"actions":[{"id":"action40","type":"key","parameters":{},"actions":[{"type":"keyDown","value":"î€‡"},{"type":"pause","duration":10},{"type":"keyUp","value":"î€‡"}]}]}
COMMAND: GET /session/2d3f18d96ae83e7081695401c2e0fdda/screenshot - {}
RESULT: {}
COMMAND: POST /session/2d3f18d96ae83e7081695401c2e0fdda/element - {"using":"xpath","value":"(//bdi[(text() = 'Save' or . = 'Save')])[1]"}
RESULT: {"using":"xpath","value":"(//bdi[(text() = 'Save' or . = 'Save')])[1]"}
COMMAND: POST /session/2d3f18d96ae83e7081695401c2e0fdda/element/f.3980C6CC6DC27C16253BC7A58143231A.d.86E6F2DC78B096FFD71577D5141D1357.e.5225/click - {}
RESULT: {}
COMMAND: POST /session/2d3f18d96ae83e7081695401c2e0fdda/execute/async - {"script":"<script> [1562 bytes]","args":[{"selector":{"controlType":"sap.ui.core.Icon","viewName":"etm.portal.ui.managerequests.view.NewRequest","properties":{"src":{"regex":{"source":"message\\-error"}}},"ancestor":{"controlType":"sap.m.ColumnListItem","viewName":"etm.portal.ui.managerequests.view.NewRequest","bindingPath":{"modelName":"newRequestItems","path":"/RequestItems/1"},"ancestor":{"id":"requestItemsTable","viewName":"etm.portal.ui.managerequests.view.NewRequest"}}},"wdio_ui5_key":"etmportal.ui.managerequests.view.NewRequestsap.ui.core.Icon{\"src\":{\"regex\":{\"source\":\"message\\\\-error\"}}}{\"controlType\":\"sap.m.ColumnListItem\",\"viewName\":\"etm.portal.ui.managerequests.view.NewRequest\",\"bindingPath\":{\"modelName\":\"newRequestItems\",\"path\":\"/RequestItems/1\"},\"ancestor\":{\"id\":\"requestItemsTable\",\"viewName\":\"etm.portal.ui.managerequests.view.NewRequest\"}}"}]}
COMMAND: GET /session/2d3f18d96ae83e7081695401c2e0fdda/screenshot - {}
RESULT: {"script":"<script> [1562 bytes]","args":[{"selector":{"controlType":"sap.ui.core.Icon","viewName":"etm.portal.ui.managerequests.view.NewRequest","properties":{"src":{"regex":{"source":"message\\-error"}}},"ancestor":{"controlType":"sap.m.ColumnListItem","viewName":"etm.portal.ui.managerequests.view.NewRequest","bindingPath":{"modelName":"newRequestItems","path":"/RequestItems/1"},"ancestor":{"id":"requestItemsTable","viewName":"etm.portal.ui.managerequests.view.NewRequest"}}},"wdio_ui5_key":"etmportal.ui.managerequests.view.NewRequestsap.ui.core.Icon{\"src\":{\"regex\":{\"source\":\"message\\\\-error\"}}}{\"controlType\":\"sap.m.ColumnListItem\",\"viewName\":\"etm.portal.ui.managerequests.view.NewRequest\",\"bindingPath\":{\"modelName\":\"newRequestItems\",\"path\":\"/RequestItems/1\"},\"ancestor\":{\"id\":\"requestItemsTable\",\"viewName\":\"etm.portal.ui.managerequests.view.NewRequest\"}}"}]}
RESULT: undefined
COMMAND: POST /session/2d3f18d96ae83e7081695401c2e0fdda/element - {"using":"xpath","value":"//*[@id=\"__status4-__xmlview1--requestItemsTable-1-icon\"]"}
RESULT: {}
RESULT: {"using":"xpath","value":"//*[@id=\"__status4-__xmlview1--requestItemsTable-1-icon\"]"}
COMMAND: POST /session/2d3f18d96ae83e7081695401c2e0fdda/element/f.3980C6CC6DC27C16253BC7A58143231A.d.86E6F2DC78B096FFD71577D5141D1357.e.5228/click - {}
RESULT: {}
COMMAND: GET /session/2d3f18d96ae83e7081695401c2e0fdda/screenshot - {}
RESULT: {}
RESULT: undefined
COMMAND: POST /session/2d3f18d96ae83e7081695401c2e0fdda/execute/async - {"script":"<script> [776 bytes]","args":[{"enterText":"Cost Center","selector":{"id":"costObjectAdminTypeComboBox","viewName":"etm.portal.ui.managerequests.view.NewRequest","searchOpenDialogs":true,"interaction":{"idSuffix":"inner"}},"clearTextFirst":true,"interactionType":"ENTER_TEXT"}]}
RESULT: {"script":"<script> [776 bytes]","args":[{"enterText":"Cost Center","selector":{"id":"costObjectAdminTypeComboBox","viewName":"etm.portal.ui.managerequests.view.NewRequest","searchOpenDialogs":true,"interaction":{"idSuffix":"inner"}},"clearTextFirst":true,"interactionType":"ENTER_TEXT"}]}
COMMAND: POST /session/2d3f18d96ae83e7081695401c2e0fdda/actions - {"actions":[{"id":"action41","type":"key","parameters":{},"actions":[{"type":"keyDown","value":"î€‡"},{"type":"pause","duration":10},{"type":"keyUp","value":"î€‡"}]}]}
RESULT: {"actions":[{"id":"action41","type":"key","parameters":{},"actions":[{"type":"keyDown","value":"î€‡"},{"type":"pause","duration":10},{"type":"keyUp","value":"î€‡"}]}]}
COMMAND: GET /session/2d3f18d96ae83e7081695401c2e0fdda/screenshot - {}
RESULT: {}
RESULT: undefined
COMMAND: POST /session/2d3f18d96ae83e7081695401c2e0fdda/execute/async - {"script":"<script> [776 bytes]","args":[{"enterText":"1001 - 1001","selector":{"id":"costObjectIdComboBox","viewName":"etm.portal.ui.managerequests.view.NewRequest","searchOpenDialogs":true,"interaction":{"idSuffix":"inner"}},"clearTextFirst":true,"interactionType":"ENTER_TEXT"}]}
RESULT: {"script":"<script> [776 bytes]","args":[{"enterText":"1001 - 1001","selector":{"id":"costObjectIdComboBox","viewName":"etm.portal.ui.managerequests.view.NewRequest","searchOpenDialogs":true,"interaction":{"idSuffix":"inner"}},"clearTextFirst":true,"interactionType":"ENTER_TEXT"}]}
COMMAND: POST /session/2d3f18d96ae83e7081695401c2e0fdda/actions - {"actions":[{"id":"action42","type":"key","parameters":{},"actions":[{"type":"keyDown","value":"î€‡"},{"type":"pause","duration":10},{"type":"keyUp","value":"î€‡"}]}]}
RESULT: {"actions":[{"id":"action42","type":"key","parameters":{},"actions":[{"type":"keyDown","value":"î€‡"},{"type":"pause","duration":10},{"type":"keyUp","value":"î€‡"}]}]}
COMMAND: GET /session/2d3f18d96ae83e7081695401c2e0fdda/screenshot - {}
RESULT: {}
COMMAND: POST /session/2d3f18d96ae83e7081695401c2e0fdda/element - {"using":"xpath","value":"(//bdi[(text() = 'Save' or . = 'Save')])[1]"}
RESULT: {"using":"xpath","value":"(//bdi[(text() = 'Save' or . = 'Save')])[1]"}
COMMAND: POST /session/2d3f18d96ae83e7081695401c2e0fdda/element/f.3980C6CC6DC27C16253BC7A58143231A.d.86E6F2DC78B096FFD71577D5141D1357.e.5240/click - {}
RESULT: {}
COMMAND: GET /session/2d3f18d96ae83e7081695401c2e0fdda/screenshot - {}
RESULT: {}
COMMAND: POST /session/2d3f18d96ae83e7081695401c2e0fdda/execute/async - {"script":"<script> [1562 bytes]","args":[{"selector":{"controlType":"sap.m.Button","viewName":"etm.portal.ui.managerequests.view.NewRequest","bindingPath":{"path":"/RequestItems/0","propertyPath":"PICK_UP","modelName":"newRequestItems"},"interaction":{"idSuffix":"BDI-content"}},"wdio_ui5_key":"etmportal.ui.managerequests.view.NewRequestsap.m.Button{\"path\":\"/RequestItems/0\",\"propertyPath\":\"PICK_UP\",\"modelName\":\"newRequestItems\"}"}]}
RESULT: {"script":"<script> [1562 bytes]","args":[{"selector":{"controlType":"sap.m.Button","viewName":"etm.portal.ui.managerequests.view.NewRequest","bindingPath":{"path":"/RequestItems/0","propertyPath":"PICK_UP","modelName":"newRequestItems"},"interaction":{"idSuffix":"BDI-content"}},"wdio_ui5_key":"etmportal.ui.managerequests.view.NewRequestsap.m.Button{\"path\":\"/RequestItems/0\",\"propertyPath\":\"PICK_UP\",\"modelName\":\"newRequestItems\"}"}]}
RESULT: undefined
COMMAND: POST /session/2d3f18d96ae83e7081695401c2e0fdda/element - {"using":"xpath","value":"//*[@id=\"__xmlview1--pickUpItemButton-__xmlview1--requestItemsTable-0\"]"}
RESULT: {"using":"xpath","value":"//*[@id=\"__xmlview1--pickUpItemButton-__xmlview1--requestItemsTable-0\"]"}
COMMAND: POST /session/2d3f18d96ae83e7081695401c2e0fdda/element/f.3980C6CC6DC27C16253BC7A58143231A.d.86E6F2DC78B096FFD71577D5141D1357.e.5244/click - {}
RESULT: {}
COMMAND: GET /session/2d3f18d96ae83e7081695401c2e0fdda/screenshot - {}
RESULT: {}
COMMAND: POST /session/2d3f18d96ae83e7081695401c2e0fdda/execute/async - {"script":"<script> [1562 bytes]","args":[{"selector":{"controlType":"sap.m.Button","viewName":"etm.portal.ui.managerequests.view.NewRequest","properties":{"text":"Save"},"i18NText":{"propertyName":"tooltip","key":"save"},"interaction":{"idSuffix":"BDI-content"}},"wdio_ui5_key":"etmportal.ui.managerequests.view.NewRequestsap.m.Button{\"propertyName\":\"tooltip\",\"key\":\"save\"}{\"text\":\"Save\"}"}]}
RESULT: {"script":"<script> [1562 bytes]","args":[{"selector":{"controlType":"sap.m.Button","viewName":"etm.portal.ui.managerequests.view.NewRequest","properties":{"text":"Save"},"i18NText":{"propertyName":"tooltip","key":"save"},"interaction":{"idSuffix":"BDI-content"}},"wdio_ui5_key":"etmportal.ui.managerequests.view.NewRequestsap.m.Button{\"propertyName\":\"tooltip\",\"key\":\"save\"}{\"text\":\"Save\"}"}]}
RESULT: undefined
COMMAND: POST /session/2d3f18d96ae83e7081695401c2e0fdda/element - {"using":"xpath","value":"//*[@id=\"__button11\"]"}
RESULT: {"using":"xpath","value":"//*[@id=\"__button11\"]"}
COMMAND: POST /session/2d3f18d96ae83e7081695401c2e0fdda/element/f.3980C6CC6DC27C16253BC7A58143231A.d.86E6F2DC78B096FFD71577D5141D1357.e.5053/click - {}
RESULT: {}
COMMAND: GET /session/2d3f18d96ae83e7081695401c2e0fdda/screenshot - {}
RESULT: {}
COMMAND: POST /session/2d3f18d96ae83e7081695401c2e0fdda/execute/async - {"script":"<script> [1562 bytes]","args":[{"selector":{"controlType":"sap.m.Text","searchOpenDialogs":true},"wdio_ui5_key":"sapm.Text"}]}
RESULT: {"script":"<script> [1562 bytes]","args":[{"selector":{"controlType":"sap.m.Text","searchOpenDialogs":true},"wdio_ui5_key":"sapm.Text"}]}
RESULT: undefined
COMMAND: POST /session/2d3f18d96ae83e7081695401c2e0fdda/execute/async - {"script":"<script> [6424 bytes]","args":[{"element-6066-11e4-a52e-4f735466cecf":"f.3980C6CC6DC27C16253BC7A58143231A.d.86E6F2DC78B096FFD71577D5141D1357.e.5247"},"getText",[]]}
RESULT: {"script":"<script> [6424 bytes]","args":[{"element-6066-11e4-a52e-4f735466cecf":"f.3980C6CC6DC27C16253BC7A58143231A.d.86E6F2DC78B096FFD71577D5141D1357.e.5247"},"getText",[]]}
COMMAND: POST /session/2d3f18d96ae83e7081695401c2e0fdda/execute/async - {"script":"<script> [1562 bytes]","args":[{"selector":{"controlType":"sap.m.Button","properties":{"text":"Close"},"searchOpenDialogs":true,"interaction":{"idSuffix":"BDI-content"}},"wdio_ui5_key":"sapm.Button{\"text\":\"Close\"}"}]}
RESULT: {"script":"<script> [1562 bytes]","args":[{"selector":{"controlType":"sap.m.Button","properties":{"text":"Close"},"searchOpenDialogs":true,"interaction":{"idSuffix":"BDI-content"}},"wdio_ui5_key":"sapm.Button{\"text\":\"Close\"}"}]}
RESULT: undefined
COMMAND: POST /session/2d3f18d96ae83e7081695401c2e0fdda/element - {"using":"xpath","value":"//*[@id=\"__mbox-btn-0\"]"}
RESULT: {"using":"xpath","value":"//*[@id=\"__mbox-btn-0\"]"}
COMMAND: POST /session/2d3f18d96ae83e7081695401c2e0fdda/element/f.3980C6CC6DC27C16253BC7A58143231A.d.86E6F2DC78B096FFD71577D5141D1357.e.5246/click - {}
RESULT: {}
COMMAND: GET /session/2d3f18d96ae83e7081695401c2e0fdda/screenshot - {}
RESULT: {}
COMMAND: POST /session/2d3f18d96ae83e7081695401c2e0fdda/execute/async - {"script":"<script> [1562 bytes]","args":[{"selector":{"controlType":"sap.m.Button","viewName":"etm.portal.ui.managerequests.view.Detail","bindingPath":{"path":"/SmartRequestItemsPlanningBoard(ITEM=10m,REQUEST='20088')","propertyPath":"PICK_UP"}},"wdio_ui5_key":"etmportal.ui.managerequests.view.Detailsap.m.Button{\"path\":\"/SmartRequestItemsPlanningBoard(ITEM=10m,REQUEST='20088')\",\"propertyPath\":\"PICK_UP\"}"}]}
RESULT: {"script":"<script> [1562 bytes]","args":[{"selector":{"controlType":"sap.m.Button","viewName":"etm.portal.ui.managerequests.view.Detail","bindingPath":{"path":"/SmartRequestItemsPlanningBoard(ITEM=10m,REQUEST='20088')","propertyPath":"PICK_UP"}},"wdio_ui5_key":"etmportal.ui.managerequests.view.Detailsap.m.Button{\"path\":\"/SmartRequestItemsPlanningBoard(ITEM=10m,REQUEST='20088')\",\"propertyPath\":\"PICK_UP\"}"}]}
RESULT: undefined
COMMAND: POST /session/2d3f18d96ae83e7081695401c2e0fdda/execute/async - {"script":"<script> [6424 bytes]","args":[{"element-6066-11e4-a52e-4f735466cecf":"f.3980C6CC6DC27C16253BC7A58143231A.d.86E6F2DC78B096FFD71577D5141D1357.e.5386"},"getType",[]]}
RESULT: {"script":"<script> [6424 bytes]","args":[{"element-6066-11e4-a52e-4f735466cecf":"f.3980C6CC6DC27C16253BC7A58143231A.d.86E6F2DC78B096FFD71577D5141D1357.e.5386"},"getType",[]]}
COMMAND: POST /session/2d3f18d96ae83e7081695401c2e0fdda/execute/async - {"script":"<script> [1562 bytes]","args":[{"selector":{"controlType":"sap.m.Button","viewName":"etm.portal.ui.managerequests.view.Detail","bindingPath":{"path":"/SmartRequestItemsPlanningBoard(ITEM=20m,REQUEST='20088')","propertyPath":"PICK_UP"}},"wdio_ui5_key":"etmportal.ui.managerequests.view.Detailsap.m.Button{\"path\":\"/SmartRequestItemsPlanningBoard(ITEM=20m,REQUEST='20088')\",\"propertyPath\":\"PICK_UP\"}"}]}
RESULT: {"script":"<script> [1562 bytes]","args":[{"selector":{"controlType":"sap.m.Button","viewName":"etm.portal.ui.managerequests.view.Detail","bindingPath":{"path":"/SmartRequestItemsPlanningBoard(ITEM=20m,REQUEST='20088')","propertyPath":"PICK_UP"}},"wdio_ui5_key":"etmportal.ui.managerequests.view.Detailsap.m.Button{\"path\":\"/SmartRequestItemsPlanningBoard(ITEM=20m,REQUEST='20088')\",\"propertyPath\":\"PICK_UP\"}"}]}
RESULT: undefined
COMMAND: POST /session/2d3f18d96ae83e7081695401c2e0fdda/execute/async - {"script":"<script> [6424 bytes]","args":[{"element-6066-11e4-a52e-4f735466cecf":"f.3980C6CC6DC27C16253BC7A58143231A.d.86E6F2DC78B096FFD71577D5141D1357.e.5387"},"getType",[]]}
RESULT: {"script":"<script> [6424 bytes]","args":[{"element-6066-11e4-a52e-4f735466cecf":"f.3980C6CC6DC27C16253BC7A58143231A.d.86E6F2DC78B096FFD71577D5141D1357.e.5387"},"getType",[]]}
COMMAND: POST /session/2d3f18d96ae83e7081695401c2e0fdda/execute/async - {"script":"<script> [1562 bytes]","args":[{"selector":{"id":"pickUpSwitchHeader","viewName":"etm.portal.ui.managerequests.view.Detail","interaction":{"idSuffix":"handle"}},"wdio_ui5_key":"pickUpSwitchHeaderetmportal.ui.managerequests.view.Detail"}]}
RESULT: {"script":"<script> [1562 bytes]","args":[{"selector":{"id":"pickUpSwitchHeader","viewName":"etm.portal.ui.managerequests.view.Detail","interaction":{"idSuffix":"handle"}},"wdio_ui5_key":"pickUpSwitchHeaderetmportal.ui.managerequests.view.Detail"}]}
RESULT: undefined
COMMAND: POST /session/2d3f18d96ae83e7081695401c2e0fdda/element - {"using":"xpath","value":"//*[@id=\"__xmlview2--pickUpSwitchHeader\"]"}
RESULT: {"using":"xpath","value":"//*[@id=\"__xmlview2--pickUpSwitchHeader\"]"}
COMMAND: POST /session/2d3f18d96ae83e7081695401c2e0fdda/element/f.3980C6CC6DC27C16253BC7A58143231A.d.86E6F2DC78B096FFD71577D5141D1357.e.5324/click - {}
RESULT: {}
COMMAND: POST /session/2d3f18d96ae83e7081695401c2e0fdda/execute/async - {"script":"<script> [1562 bytes]","args":[{"selector":{"controlType":"sap.ui.core.Icon","viewName":"etm.portal.ui.managerequests.view.Detail","properties":{"src":{"regex":{"source":"pushpin\\-off"}}}},"wdio_ui5_key":"etmportal.ui.managerequests.view.Detailsap.ui.core.Icon{\"src\":{\"regex\":{\"source\":\"pushpin\\\\-off\"}}}"}]}
COMMAND: GET /session/2d3f18d96ae83e7081695401c2e0fdda/screenshot - {}
RESULT: {"script":"<script> [1562 bytes]","args":[{"selector":{"controlType":"sap.ui.core.Icon","viewName":"etm.portal.ui.managerequests.view.Detail","properties":{"src":{"regex":{"source":"pushpin\\-off"}}}},"wdio_ui5_key":"etmportal.ui.managerequests.view.Detailsap.ui.core.Icon{\"src\":{\"regex\":{\"source\":\"pushpin\\\\-off\"}}}"}]}
RESULT: undefined
COMMAND: POST /session/2d3f18d96ae83e7081695401c2e0fdda/element - {"using":"xpath","value":"//*[@id=\"__xmlview2--detailRequestPage-OPHeaderContent-pinBtn-img\"]"}
RESULT: {}
RESULT: {"using":"xpath","value":"//*[@id=\"__xmlview2--detailRequestPage-OPHeaderContent-pinBtn-img\"]"}
COMMAND: POST /session/2d3f18d96ae83e7081695401c2e0fdda/element/f.3980C6CC6DC27C16253BC7A58143231A.d.86E6F2DC78B096FFD71577D5141D1357.e.5332/click - {}
RESULT: {}
RESULT: undefined
COMMAND: POST /session/2d3f18d96ae83e7081695401c2e0fdda/execute/async - {"script":"<script> [6424 bytes]","args":[{"element-6066-11e4-a52e-4f735466cecf":"f.3980C6CC6DC27C16253BC7A58143231A.d.86E6F2DC78B096FFD71577D5141D1357.e.5386"},"getType",[]]}
COMMAND: GET /session/2d3f18d96ae83e7081695401c2e0fdda/screenshot - {}
RESULT: {"script":"<script> [6424 bytes]","args":[{"element-6066-11e4-a52e-4f735466cecf":"f.3980C6CC6DC27C16253BC7A58143231A.d.86E6F2DC78B096FFD71577D5141D1357.e.5386"},"getType",[]]}
RESULT: undefined
COMMAND: POST /session/2d3f18d96ae83e7081695401c2e0fdda/execute/async - {"script":"<script> [6424 bytes]","args":[{"element-6066-11e4-a52e-4f735466cecf":"f.3980C6CC6DC27C16253BC7A58143231A.d.86E6F2DC78B096FFD71577D5141D1357.e.5387"},"getType",[]]}
RESULT: {}
RESULT: {"script":"<script> [6424 bytes]","args":[{"element-6066-11e4-a52e-4f735466cecf":"f.3980C6CC6DC27C16253BC7A58143231A.d.86E6F2DC78B096FFD71577D5141D1357.e.5387"},"getType",[]]}
COMMAND: POST /session/2d3f18d96ae83e7081695401c2e0fdda/execute/async - {"script":"<script> [1562 bytes]","args":[{"selector":{"controlType":"sap.ui.core.Icon","viewName":"etm.portal.ui.managerequests.view.Detail","properties":{"src":{"regex":{"source":"date\\-time"}}},"ancestor":{"controlType":"sap.m.ColumnListItem","viewName":"etm.portal.ui.managerequests.view.Detail","bindingPath":{"path":"/SmartRequestItemsPlanningBoard(ITEM=10m,REQUEST='20088')"},"ancestor":{"id":"requestItemsTable","viewName":"etm.portal.ui.managerequests.view.Detail"}}},"wdio_ui5_key":"etmportal.ui.managerequests.view.Detailsap.ui.core.Icon{\"src\":{\"regex\":{\"source\":\"date\\\\-time\"}}}{\"controlType\":\"sap.m.ColumnListItem\",\"viewName\":\"etm.portal.ui.managerequests.view.Detail\",\"bindingPath\":{\"path\":\"/SmartRequestItemsPlanningBoard(ITEM=10m,REQUEST='20088')\"},\"ancestor\":{\"id\":\"requestItemsTable\",\"viewName\":\"etm.portal.ui.managerequests.view.Detail\"}}"}]}
RESULT: {"script":"<script> [1562 bytes]","args":[{"selector":{"controlType":"sap.ui.core.Icon","viewName":"etm.portal.ui.managerequests.view.Detail","properties":{"src":{"regex":{"source":"date\\-time"}}},"ancestor":{"controlType":"sap.m.ColumnListItem","viewName":"etm.portal.ui.managerequests.view.Detail","bindingPath":{"path":"/SmartRequestItemsPlanningBoard(ITEM=10m,REQUEST='20088')"},"ancestor":{"id":"requestItemsTable","viewName":"etm.portal.ui.managerequests.view.Detail"}}},"wdio_ui5_key":"etmportal.ui.managerequests.view.Detailsap.ui.core.Icon{\"src\":{\"regex\":{\"source\":\"date\\\\-time\"}}}{\"controlType\":\"sap.m.ColumnListItem\",\"viewName\":\"etm.portal.ui.managerequests.view.Detail\",\"bindingPath\":{\"path\":\"/SmartRequestItemsPlanningBoard(ITEM=10m,REQUEST='20088')\"},\"ancestor\":{\"id\":\"requestItemsTable\",\"viewName\":\"etm.portal.ui.managerequests.view.Detail\"}}"}]}
RESULT: undefined
COMMAND: POST /session/2d3f18d96ae83e7081695401c2e0fdda/element - {"using":"xpath","value":"//*[@id=\"__button37-__clone1825-img\"]"}
RESULT: {"using":"xpath","value":"//*[@id=\"__button37-__clone1825-img\"]"}
COMMAND: POST /session/2d3f18d96ae83e7081695401c2e0fdda/element/f.3980C6CC6DC27C16253BC7A58143231A.d.86E6F2DC78B096FFD71577D5141D1357.e.5395/click - {}
RESULT: {}
COMMAND: POST /session/2d3f18d96ae83e7081695401c2e0fdda/execute/async - {"script":"<script> [1562 bytes]","args":[{"selector":{"controlType":"sap.m.Button","viewName":"etm.portal.ui.managerequests.view.Detail","properties":{"text":"Close"},"searchOpenDialogs":true,"interaction":{"idSuffix":"inner"}},"wdio_ui5_key":"etmportal.ui.managerequests.view.Detailsap.m.Button{\"text\":\"Close\"}"}]}
COMMAND: GET /session/2d3f18d96ae83e7081695401c2e0fdda/screenshot - {}
RESULT: {"script":"<script> [1562 bytes]","args":[{"selector":{"controlType":"sap.m.Button","viewName":"etm.portal.ui.managerequests.view.Detail","properties":{"text":"Close"},"searchOpenDialogs":true,"interaction":{"idSuffix":"inner"}},"wdio_ui5_key":"etmportal.ui.managerequests.view.Detailsap.m.Button{\"text\":\"Close\"}"}]}
RESULT: undefined
COMMAND: POST /session/2d3f18d96ae83e7081695401c2e0fdda/element - {"using":"xpath","value":"//*[@id=\"__button45\"]"}
RESULT: {}
RESULT: {"using":"xpath","value":"//*[@id=\"__button45\"]"}
COMMAND: POST /session/2d3f18d96ae83e7081695401c2e0fdda/element/f.3980C6CC6DC27C16253BC7A58143231A.d.86E6F2DC78B096FFD71577D5141D1357.e.5397/click - {}
RESULT: {}
COMMAND: POST /session/2d3f18d96ae83e7081695401c2e0fdda/execute/async - {"script":"<script> [1562 bytes]","args":[{"selector":{"controlType":"sap.ui.core.Icon","viewName":"etm.portal.ui.managerequests.view.Detail","properties":{"src":{"regex":{"source":"date\\-time"}}},"ancestor":{"controlType":"sap.m.ColumnListItem","viewName":"etm.portal.ui.managerequests.view.Detail","bindingPath":{"path":"/SmartRequestItemsPlanningBoard(ITEM=20m,REQUEST='20088')"},"ancestor":{"id":"requestItemsTable","viewName":"etm.portal.ui.managerequests.view.Detail"}}},"wdio_ui5_key":"etmportal.ui.managerequests.view.Detailsap.ui.core.Icon{\"src\":{\"regex\":{\"source\":\"date\\\\-time\"}}}{\"controlType\":\"sap.m.ColumnListItem\",\"viewName\":\"etm.portal.ui.managerequests.view.Detail\",\"bindingPath\":{\"path\":\"/SmartRequestItemsPlanningBoard(ITEM=20m,REQUEST='20088')\"},\"ancestor\":{\"id\":\"requestItemsTable\",\"viewName\":\"etm.portal.ui.managerequests.view.Detail\"}}"}]}
COMMAND: GET /session/2d3f18d96ae83e7081695401c2e0fdda/screenshot - {}
RESULT: {"script":"<script> [1562 bytes]","args":[{"selector":{"controlType":"sap.ui.core.Icon","viewName":"etm.portal.ui.managerequests.view.Detail","properties":{"src":{"regex":{"source":"date\\-time"}}},"ancestor":{"controlType":"sap.m.ColumnListItem","viewName":"etm.portal.ui.managerequests.view.Detail","bindingPath":{"path":"/SmartRequestItemsPlanningBoard(ITEM=20m,REQUEST='20088')"},"ancestor":{"id":"requestItemsTable","viewName":"etm.portal.ui.managerequests.view.Detail"}}},"wdio_ui5_key":"etmportal.ui.managerequests.view.Detailsap.ui.core.Icon{\"src\":{\"regex\":{\"source\":\"date\\\\-time\"}}}{\"controlType\":\"sap.m.ColumnListItem\",\"viewName\":\"etm.portal.ui.managerequests.view.Detail\",\"bindingPath\":{\"path\":\"/SmartRequestItemsPlanningBoard(ITEM=20m,REQUEST='20088')\"},\"ancestor\":{\"id\":\"requestItemsTable\",\"viewName\":\"etm.portal.ui.managerequests.view.Detail\"}}"}]}
RESULT: undefined
COMMAND: POST /session/2d3f18d96ae83e7081695401c2e0fdda/element - {"using":"xpath","value":"//*[@id=\"__button37-__clone1826-img\"]"}
RESULT: {}
RESULT: {"using":"xpath","value":"//*[@id=\"__button37-__clone1826-img\"]"}
COMMAND: POST /session/2d3f18d96ae83e7081695401c2e0fdda/element/f.3980C6CC6DC27C16253BC7A58143231A.d.86E6F2DC78B096FFD71577D5141D1357.e.5404/click - {}
RESULT: {}
RESULT: undefined
COMMAND: POST /session/2d3f18d96ae83e7081695401c2e0fdda/element - {"using":"xpath","value":"//*[@id=\"__button45\"]"}
COMMAND: GET /session/2d3f18d96ae83e7081695401c2e0fdda/screenshot - {}
RESULT: {"using":"xpath","value":"//*[@id=\"__button45\"]"}
COMMAND: POST /session/2d3f18d96ae83e7081695401c2e0fdda/elements - {"using":"xpath","value":"//*[@id=\"__button45\"]"}
RESULT: {}
RESULT: {"using":"xpath","value":"//*[@id=\"__button45\"]"}
COMMAND: POST /session/2d3f18d96ae83e7081695401c2e0fdda/element - {"using":"xpath","value":"//*[@id=\"__button45\"]"}
RESULT: {"using":"xpath","value":"//*[@id=\"__button45\"]"}
COMMAND: POST /session/2d3f18d96ae83e7081695401c2e0fdda/element/f.3980C6CC6DC27C16253BC7A58143231A.d.86E6F2DC78B096FFD71577D5141D1357.e.5408/click - {}
RESULT: {}
COMMAND: POST /session/2d3f18d96ae83e7081695401c2e0fdda/execute/async - {"script":"<script> [189 bytes]","args":[]}
COMMAND: GET /session/2d3f18d96ae83e7081695401c2e0fdda/screenshot - {}
RESULT: {"script":"<script> [189 bytes]","args":[]}
COMMAND: POST /session/2d3f18d96ae83e7081695401c2e0fdda/execute/async - {"script":"<script> [123 bytes]","args":[]}
RESULT: {}
RESULT: {"script":"<script> [123 bytes]","args":[]}
COMMAND: POST /session/2d3f18d96ae83e7081695401c2e0fdda/timeouts - {"script":"<number>"}
RESULT: {"script":"<number>"}
COMMAND: GET /session/2d3f18d96ae83e7081695401c2e0fdda/timeouts - {}
RESULT: {}
RESULT: undefined
COMMAND: POST /session/2d3f18d96ae83e7081695401c2e0fdda/execute/async - {"script":"<script> [2676 bytes]","args":[]}
RESULT: {"script":"<script> [2676 bytes]","args":[]}
COMMAND: POST /session/2d3f18d96ae83e7081695401c2e0fdda/execute/async - {"script":"<script> [2342 bytes]","args":[{"protocol":"http","hostname":"0.0.0.0","path":"/","capabilities":{"browserName":"chrome","goog:chromeOptions":{"binary":"C:\\Program Files\\Google\\Chrome\\Application\\chrome.exe","args":["--start-maximized"]}},"logLevel":"warn","connectionRetryTimeout":120000,"connectionRetryCount":3,"logLevels":{},"enableDirectConnect":true,"strictSSL":true,"_":"65 more keys: [\"cacheDir\",\"port\",\"requestedCapabilities\",\"automationProtocol\",\"baseUrl\",\"waitforInterval\",\"waitforTimeout\",\"onReload\",\"beforeCommand\",\"afterCommand\",\"rootDir\",\"specs\",\"suites\",\"exclude\",\"groupLogsByTestSpec\",\"excludeDriverLogs\",\"bail\",\"framework\",\"reporters\",\"services\",\"maxInstances\",\"maxInstancesPerCapability\",\"injectGlobals\",\"filesToWatch\",\"execArgv\",\"runnerEnv\",\"runner\",\"shard\",\"specFileRetries\",\"specFileRetriesDelay\",\"specFileRetriesDeferred\",\"reporterSyncInterval\",\"reporterSyncTimeout\",\"cucumberFeaturesWithLineNumbers\",\"autoCompileOpts\",\"mochaOpts\",\"jasmineOpts\",\"cucumberOpts\",\"onPrepare\",\"onWorkerStart\",\"onWorkerEnd\",\"before\",\"beforeSession\",\"beforeSuite\",\"beforeHook\",\"beforeTest\",\"afterTest\",\"afterHook\",\"afterSuite\",\"afterSession\",\"after\",\"onComplete\",\"beforeAssertion\",\"afterAssertion\",\"beforeFeature\",\"beforeScenario\",\"beforeStep\",\"afterStep\",\"afterScenario\",\"afterFeature\",\"_\",\"suite\",\"$0\",\"ignoredWorkerServices\",\"wdi5\"]"}]}
RESULT: {"script":"<script> [2342 bytes]","args":[{"protocol":"http","hostname":"0.0.0.0","path":"/","capabilities":{"browserName":"chrome","goog:chromeOptions":{"binary":"C:\\Program Files\\Google\\Chrome\\Application\\chrome.exe","args":["--start-maximized"]}},"logLevel":"warn","connectionRetryTimeout":120000,"connectionRetryCount":3,"logLevels":{},"enableDirectConnect":true,"strictSSL":true,"_":"65 more keys: [\"cacheDir\",\"port\",\"requestedCapabilities\",\"automationProtocol\",\"baseUrl\",\"waitforInterval\",\"waitforTimeout\",\"onReload\",\"beforeCommand\",\"afterCommand\",\"rootDir\",\"specs\",\"suites\",\"exclude\",\"groupLogsByTestSpec\",\"excludeDriverLogs\",\"bail\",\"framework\",\"reporters\",\"services\",\"maxInstances\",\"maxInstancesPerCapability\",\"injectGlobals\",\"filesToWatch\",\"execArgv\",\"runnerEnv\",\"runner\",\"shard\",\"specFileRetries\",\"specFileRetriesDelay\",\"specFileRetriesDeferred\",\"reporterSyncInterval\",\"reporterSyncTimeout\",\"cucumberFeaturesWithLineNumbers\",\"autoCompileOpts\",\"mochaOpts\",\"jasmineOpts\",\"cucumberOpts\",\"onPrepare\",\"onWorkerStart\",\"onWorkerEnd\",\"before\",\"beforeSession\",\"beforeSuite\",\"beforeHook\",\"beforeTest\",\"afterTest\",\"afterHook\",\"afterSuite\",\"afterSession\",\"after\",\"onComplete\",\"beforeAssertion\",\"afterAssertion\",\"beforeFeature\",\"beforeScenario\",\"beforeStep\",\"afterStep\",\"afterScenario\",\"afterFeature\",\"_\",\"suite\",\"$0\",\"ignoredWorkerServices\",\"wdi5\"]"}]}
COMMAND: POST /session/2d3f18d96ae83e7081695401c2e0fdda/execute/async - {"script":"<script> [21126 bytes]","args":[35000]}
RESULT: {"script":"<script> [21126 bytes]","args":[35000]}
COMMAND: POST /session/2d3f18d96ae83e7081695401c2e0fdda/execute/async - {"script":"<script> [1562 bytes]","args":[{"selector":{"controlType":"sap.m.Button","viewName":"etm.portal.ui.managerequests.view.Detail","bindingPath":{"path":"/SmartRequestItemsPlanningBoard(ITEM=10m,REQUEST='20088')","propertyPath":"PICK_UP"}},"wdio_ui5_key":"etmportal.ui.managerequests.view.Detailsap.m.Button{\"path\":\"/SmartRequestItemsPlanningBoard(ITEM=10m,REQUEST='20088')\",\"propertyPath\":\"PICK_UP\"}"}]}
RESULT: {"script":"<script> [1562 bytes]","args":[{"selector":{"controlType":"sap.m.Button","viewName":"etm.portal.ui.managerequests.view.Detail","bindingPath":{"path":"/SmartRequestItemsPlanningBoard(ITEM=10m,REQUEST='20088')","propertyPath":"PICK_UP"}},"wdio_ui5_key":"etmportal.ui.managerequests.view.Detailsap.m.Button{\"path\":\"/SmartRequestItemsPlanningBoard(ITEM=10m,REQUEST='20088')\",\"propertyPath\":\"PICK_UP\"}"}]}
RESULT: undefined
COMMAND: POST /session/2d3f18d96ae83e7081695401c2e0fdda/execute/async - {"script":"<script> [6424 bytes]","args":[{"element-6066-11e4-a52e-4f735466cecf":"f.3980C6CC6DC27C16253BC7A58143231A.d.86E6F2DC78B096FFD71577D5141D1357.e.5386"},"getType",[]]}
RESULT: {"script":"<script> [6424 bytes]","args":[{"element-6066-11e4-a52e-4f735466cecf":"f.3980C6CC6DC27C16253BC7A58143231A.d.86E6F2DC78B096FFD71577D5141D1357.e.5386"},"getType",[]]}
COMMAND: POST /session/2d3f18d96ae83e7081695401c2e0fdda/execute/async - {"script":"<script> [1562 bytes]","args":[{"selector":{"controlType":"sap.m.Button","viewName":"etm.portal.ui.managerequests.view.Detail","bindingPath":{"path":"/SmartRequestItemsPlanningBoard(ITEM=20m,REQUEST='20088')","propertyPath":"PICK_UP"}},"wdio_ui5_key":"etmportal.ui.managerequests.view.Detailsap.m.Button{\"path\":\"/SmartRequestItemsPlanningBoard(ITEM=20m,REQUEST='20088')\",\"propertyPath\":\"PICK_UP\"}"}]}
RESULT: {"script":"<script> [1562 bytes]","args":[{"selector":{"controlType":"sap.m.Button","viewName":"etm.portal.ui.managerequests.view.Detail","bindingPath":{"path":"/SmartRequestItemsPlanningBoard(ITEM=20m,REQUEST='20088')","propertyPath":"PICK_UP"}},"wdio_ui5_key":"etmportal.ui.managerequests.view.Detailsap.m.Button{\"path\":\"/SmartRequestItemsPlanningBoard(ITEM=20m,REQUEST='20088')\",\"propertyPath\":\"PICK_UP\"}"}]}
RESULT: undefined
COMMAND: POST /session/2d3f18d96ae83e7081695401c2e0fdda/execute/async - {"script":"<script> [6424 bytes]","args":[{"element-6066-11e4-a52e-4f735466cecf":"f.3980C6CC6DC27C16253BC7A58143231A.d.86E6F2DC78B096FFD71577D5141D1357.e.5387"},"getType",[]]}
RESULT: {"script":"<script> [6424 bytes]","args":[{"element-6066-11e4-a52e-4f735466cecf":"f.3980C6CC6DC27C16253BC7A58143231A.d.86E6F2DC78B096FFD71577D5141D1357.e.5387"},"getType",[]]}
]]></system-out>
    </testcase>
    <testcase classname="chrome.136_0_7103_49.windows.Manage_request_+_Contract_processing_pick_up_option_US120163_" name="Should Contract processing pick up option" time="190.815">
      <system-out><![CDATA[
COMMAND: POST /session/2d3f18d96ae83e7081695401c2e0fdda/execute/async - {"script":"<script> [1562 bytes]","args":[{"selector":{"id":"requestContractNo","viewName":"etm.portal.ui.managerequests.view.Detail"},"wdio_ui5_key":"requestContractNoetmportal.ui.managerequests.view.Detail"}]}
RESULT: {"script":"<script> [1562 bytes]","args":[{"selector":{"id":"requestContractNo","viewName":"etm.portal.ui.managerequests.view.Detail"},"wdio_ui5_key":"requestContractNoetmportal.ui.managerequests.view.Detail"}]}
RESULT: undefined
COMMAND: POST /session/2d3f18d96ae83e7081695401c2e0fdda/element - {"using":"xpath","value":"//*[@id=\"__xmlview2--requestContractNo\"]"}
RESULT: {"using":"xpath","value":"//*[@id=\"__xmlview2--requestContractNo\"]"}
COMMAND: POST /session/2d3f18d96ae83e7081695401c2e0fdda/element/f.3980C6CC6DC27C16253BC7A58143231A.d.86E6F2DC78B096FFD71577D5141D1357.e.5413/click - {}
RESULT: {}
COMMAND: POST /session/2d3f18d96ae83e7081695401c2e0fdda/execute/async - {"script":"<script> [1562 bytes]","args":[{"selector":{"controlType":"sap.m.Link","viewName":"etm.portal.ui.managerequests.view.Detail","properties":{"text":"Contract Overview"},"searchOpenDialogs":true},"wdio_ui5_key":"etmportal.ui.managerequests.view.Detailsap.m.Link{\"text\":\"Contract Overview\"}"}]}
COMMAND: GET /session/2d3f18d96ae83e7081695401c2e0fdda/screenshot - {}
RESULT: {"script":"<script> [1562 bytes]","args":[{"selector":{"controlType":"sap.m.Link","viewName":"etm.portal.ui.managerequests.view.Detail","properties":{"text":"Contract Overview"},"searchOpenDialogs":true},"wdio_ui5_key":"etmportal.ui.managerequests.view.Detailsap.m.Link{\"text\":\"Contract Overview\"}"}]}
RESULT: undefined
COMMAND: POST /session/2d3f18d96ae83e7081695401c2e0fdda/element - {"using":"xpath","value":"//*[@id=\"__link8\"]"}
RESULT: {}
RESULT: {"using":"xpath","value":"//*[@id=\"__link8\"]"}
COMMAND: POST /session/2d3f18d96ae83e7081695401c2e0fdda/element/f.3980C6CC6DC27C16253BC7A58143231A.d.86E6F2DC78B096FFD71577D5141D1357.e.5415/click - {}
RESULT: {}
COMMAND: GET /session/2d3f18d96ae83e7081695401c2e0fdda/screenshot - {}
RESULT: {}
COMMAND: POST /session/2d3f18d96ae83e7081695401c2e0fdda/element - {"using":"xpath","value":"//div[contains(@id ,\"headerBillingItemsTabFilter-text\")]"}
RESULT: {"using":"xpath","value":"//div[contains(@id ,\"headerBillingItemsTabFilter-text\")]"}
COMMAND: POST /session/2d3f18d96ae83e7081695401c2e0fdda/element/f.3980C6CC6DC27C16253BC7A58143231A.d.86E6F2DC78B096FFD71577D5141D1357.e.5647/click - {}
RESULT: {}
COMMAND: GET /session/2d3f18d96ae83e7081695401c2e0fdda/screenshot - {}
RESULT: {}
COMMAND: POST /session/2d3f18d96ae83e7081695401c2e0fdda/execute/async - {"script":"<script> [1562 bytes]","args":[{"selector":{"id":"addRequestItemBtn","viewName":"etm.portal.ui.managecontracts.view.Detail","interaction":{"idSuffix":"BDI-content"}},"wdio_ui5_key":"addRequestItemBtnetmportal.ui.managecontracts.view.Detail"}]}
RESULT: {"script":"<script> [1562 bytes]","args":[{"selector":{"id":"addRequestItemBtn","viewName":"etm.portal.ui.managecontracts.view.Detail","interaction":{"idSuffix":"BDI-content"}},"wdio_ui5_key":"addRequestItemBtnetmportal.ui.managecontracts.view.Detail"}]}
RESULT: undefined
COMMAND: POST /session/2d3f18d96ae83e7081695401c2e0fdda/element - {"using":"xpath","value":"//*[@id=\"__xmlview4--addRequestItemBtn\"]"}
RESULT: {"using":"xpath","value":"//*[@id=\"__xmlview4--addRequestItemBtn\"]"}
COMMAND: POST /session/2d3f18d96ae83e7081695401c2e0fdda/element/f.3980C6CC6DC27C16253BC7A58143231A.d.86E6F2DC78B096FFD71577D5141D1357.e.5507/click - {}
RESULT: {}
COMMAND: GET /session/2d3f18d96ae83e7081695401c2e0fdda/screenshot - {}
RESULT: {}
COMMAND: POST /session/2d3f18d96ae83e7081695401c2e0fdda/element - {"using":"xpath","value":"//div[contains(@id ,\"popupRequestTable-sa-CbBg\")]"}
RESULT: {"using":"xpath","value":"//div[contains(@id ,\"popupRequestTable-sa-CbBg\")]"}
COMMAND: POST /session/2d3f18d96ae83e7081695401c2e0fdda/element/f.3980C6CC6DC27C16253BC7A58143231A.d.86E6F2DC78B096FFD71577D5141D1357.e.5686/click - {}
RESULT: {}
COMMAND: GET /session/2d3f18d96ae83e7081695401c2e0fdda/screenshot - {}
RESULT: {}
COMMAND: POST /session/2d3f18d96ae83e7081695401c2e0fdda/execute/async - {"script":"<script> [1562 bytes]","args":[{"selector":{"controlType":"sap.m.Button","viewName":"etm.portal.ui.managecontracts.view.Detail","i18NText":{"propertyName":"text","key":"selectionDone"},"searchOpenDialogs":true,"interaction":{"idSuffix":"content"}},"wdio_ui5_key":"etmportal.ui.managecontracts.view.Detailsap.m.Button{\"propertyName\":\"text\",\"key\":\"selectionDone\"}"}]}
RESULT: {"script":"<script> [1562 bytes]","args":[{"selector":{"controlType":"sap.m.Button","viewName":"etm.portal.ui.managecontracts.view.Detail","i18NText":{"propertyName":"text","key":"selectionDone"},"searchOpenDialogs":true,"interaction":{"idSuffix":"content"}},"wdio_ui5_key":"etmportal.ui.managecontracts.view.Detailsap.m.Button{\"propertyName\":\"text\",\"key\":\"selectionDone\"}"}]}
RESULT: undefined
COMMAND: POST /session/2d3f18d96ae83e7081695401c2e0fdda/element - {"using":"xpath","value":"//*[@id=\"__button60\"]"}
RESULT: {"using":"xpath","value":"//*[@id=\"__button60\"]"}
COMMAND: POST /session/2d3f18d96ae83e7081695401c2e0fdda/element/f.3980C6CC6DC27C16253BC7A58143231A.d.86E6F2DC78B096FFD71577D5141D1357.e.5689/click - {}
RESULT: {}
COMMAND: POST /session/2d3f18d96ae83e7081695401c2e0fdda/execute/async - {"script":"<script> [1562 bytes]","args":[{"selector":{"controlType":"sap.m.Button","properties":{"text":"OK"},"searchOpenDialogs":true,"interaction":{"idSuffix":"inner"}},"wdio_ui5_key":"sapm.Button{\"text\":\"OK\"}"}]}
COMMAND: GET /session/2d3f18d96ae83e7081695401c2e0fdda/screenshot - {}
RESULT: {"script":"<script> [1562 bytes]","args":[{"selector":{"controlType":"sap.m.Button","properties":{"text":"OK"},"searchOpenDialogs":true,"interaction":{"idSuffix":"inner"}},"wdio_ui5_key":"sapm.Button{\"text\":\"OK\"}"}]}
RESULT: undefined
COMMAND: POST /session/2d3f18d96ae83e7081695401c2e0fdda/element - {"using":"xpath","value":"//*[@id=\"__mbox-btn-1\"]"}
RESULT: {}
RESULT: {"using":"xpath","value":"//*[@id=\"__mbox-btn-1\"]"}
COMMAND: POST /session/2d3f18d96ae83e7081695401c2e0fdda/element/f.3980C6CC6DC27C16253BC7A58143231A.d.86E6F2DC78B096FFD71577D5141D1357.e.5690/click - {}
RESULT: {}
COMMAND: GET /session/2d3f18d96ae83e7081695401c2e0fdda/screenshot - {}
RESULT: {}
COMMAND: POST /session/2d3f18d96ae83e7081695401c2e0fdda/element - {"using":"xpath","value":"//div[contains(@id ,\"headerBillingItemsTabFilter-text\")]"}
RESULT: {"using":"xpath","value":"//div[contains(@id ,\"headerBillingItemsTabFilter-text\")]"}
COMMAND: POST /session/2d3f18d96ae83e7081695401c2e0fdda/element/f.3980C6CC6DC27C16253BC7A58143231A.d.86E6F2DC78B096FFD71577D5141D1357.e.5647/click - {}
RESULT: {}
COMMAND: GET /session/2d3f18d96ae83e7081695401c2e0fdda/screenshot - {}
RESULT: {}
COMMAND: POST /session/2d3f18d96ae83e7081695401c2e0fdda/element - {"using":"xpath","value":"//button[contains(@data-kt ,\"refreshButton\")]"}
RESULT: {"using":"xpath","value":"//button[contains(@data-kt ,\"refreshButton\")]"}
COMMAND: POST /session/2d3f18d96ae83e7081695401c2e0fdda/element/f.3980C6CC6DC27C16253BC7A58143231A.d.86E6F2DC78B096FFD71577D5141D1357.e.5504/click - {}
RESULT: {}
COMMAND: GET /session/2d3f18d96ae83e7081695401c2e0fdda/screenshot - {}
RESULT: {}
COMMAND: POST /session/2d3f18d96ae83e7081695401c2e0fdda/element - {"using":"xpath","value":"//div[contains(@id ,\"headerBillingItemsTabFilter-text\")]"}
RESULT: {"using":"xpath","value":"//div[contains(@id ,\"headerBillingItemsTabFilter-text\")]"}
COMMAND: POST /session/2d3f18d96ae83e7081695401c2e0fdda/element/f.3980C6CC6DC27C16253BC7A58143231A.d.86E6F2DC78B096FFD71577D5141D1357.e.5647/click - {}
RESULT: {}
COMMAND: GET /session/2d3f18d96ae83e7081695401c2e0fdda/screenshot - {}
RESULT: {}
COMMAND: POST /session/2d3f18d96ae83e7081695401c2e0fdda/execute/async - {"script":"<script> [1562 bytes]","args":[{"selector":{"id":"contractDetailProvideButton","viewName":"etm.portal.ui.managecontracts.view.Detail","interaction":{"idSuffix":"BDI-content"}},"wdio_ui5_key":"contractDetailProvideButtonetmportal.ui.managecontracts.view.Detail"}]}
RESULT: {"script":"<script> [1562 bytes]","args":[{"selector":{"id":"contractDetailProvideButton","viewName":"etm.portal.ui.managecontracts.view.Detail","interaction":{"idSuffix":"BDI-content"}},"wdio_ui5_key":"contractDetailProvideButtonetmportal.ui.managecontracts.view.Detail"}]}
RESULT: undefined
COMMAND: POST /session/2d3f18d96ae83e7081695401c2e0fdda/element - {"using":"xpath","value":"//*[@id=\"__xmlview4--contractDetailProvideButton\"]"}
RESULT: {"using":"xpath","value":"//*[@id=\"__xmlview4--contractDetailProvideButton\"]"}
COMMAND: POST /session/2d3f18d96ae83e7081695401c2e0fdda/element/f.3980C6CC6DC27C16253BC7A58143231A.d.86E6F2DC78B096FFD71577D5141D1357.e.5513/click - {}
RESULT: {}
COMMAND: GET /session/2d3f18d96ae83e7081695401c2e0fdda/screenshot - {}
RESULT: {}
COMMAND: POST /session/2d3f18d96ae83e7081695401c2e0fdda/execute/async - {"script":"<script> [1562 bytes]","args":[{"selector":{"id":"application-managehandovers-display-component---AddNewHO--pickUpCheckbox","interaction":{"idSuffix":"CbBg"}},"wdio_ui5_key":"applicationmanagehandovers-display-component---AddNewHO--pickUpCheckbox"}]}
RESULT: {"script":"<script> [1562 bytes]","args":[{"selector":{"id":"application-managehandovers-display-component---AddNewHO--pickUpCheckbox","interaction":{"idSuffix":"CbBg"}},"wdio_ui5_key":"applicationmanagehandovers-display-component---AddNewHO--pickUpCheckbox"}]}
RESULT: undefined
COMMAND: POST /session/2d3f18d96ae83e7081695401c2e0fdda/element - {"using":"xpath","value":"//*[@id=\"application-managehandovers-display-component---AddNewHO--pickUpCheckbox\"]"}
RESULT: {"using":"xpath","value":"//*[@id=\"application-managehandovers-display-component---AddNewHO--pickUpCheckbox\"]"}
COMMAND: POST /session/2d3f18d96ae83e7081695401c2e0fdda/element/f.3980C6CC6DC27C16253BC7A58143231A.d.86E6F2DC78B096FFD71577D5141D1357.e.6013/click - {}
RESULT: {}
COMMAND: POST /session/2d3f18d96ae83e7081695401c2e0fdda/execute/async - {"script":"<script> [1562 bytes]","args":[{"selector":{"id":"application-managehandovers-display-component---AddNewHO--ObjectPageLayout-anchBar-application-managehandovers-display-component---AddNewHO--section4-anchor","interaction":{"idSuffix":"content"}},"wdio_ui5_key":"applicationmanagehandovers-display-component---AddNewHO--ObjectPageLayout-anchBar-application-managehandovers-display-component---AddNewHO--section4-anchor"}]}
COMMAND: GET /session/2d3f18d96ae83e7081695401c2e0fdda/screenshot - {}
RESULT: {"script":"<script> [1562 bytes]","args":[{"selector":{"id":"application-managehandovers-display-component---AddNewHO--ObjectPageLayout-anchBar-application-managehandovers-display-component---AddNewHO--section4-anchor","interaction":{"idSuffix":"content"}},"wdio_ui5_key":"applicationmanagehandovers-display-component---AddNewHO--ObjectPageLayout-anchBar-application-managehandovers-display-component---AddNewHO--section4-anchor"}]}
RESULT: undefined
COMMAND: POST /session/2d3f18d96ae83e7081695401c2e0fdda/element - {"using":"xpath","value":"//*[@id=\"application-managehandovers-display-component---AddNewHO--ObjectPageLayout-anchBar-application-managehandovers-display-component---AddNewHO--section4-anchor\"]"}
RESULT: {}
RESULT: {"using":"xpath","value":"//*[@id=\"application-managehandovers-display-component---AddNewHO--ObjectPageLayout-anchBar-application-managehandovers-display-component---AddNewHO--section4-anchor\"]"}
COMMAND: POST /session/2d3f18d96ae83e7081695401c2e0fdda/element/f.3980C6CC6DC27C16253BC7A58143231A.d.86E6F2DC78B096FFD71577D5141D1357.e.6015/click - {}
RESULT: {}
COMMAND: POST /session/2d3f18d96ae83e7081695401c2e0fdda/execute/async - {"script":"<script> [1562 bytes]","args":[{"selector":{"controlType":"sap.m.Button","viewName":"etm.portal.ui.managehandovers.view.AddNewHO","viewId":"application-managehandovers-display-component---AddNewHO","i18NText":{"propertyName":"tooltip","key":"addItems"},"interaction":{"idSuffix":"inner"}},"wdio_ui5_key":"etmportal.ui.managehandovers.view.AddNewHOsap.m.Button{\"propertyName\":\"tooltip\",\"key\":\"addItems\"}"}]}
COMMAND: GET /session/2d3f18d96ae83e7081695401c2e0fdda/screenshot - {}
RESULT: {"script":"<script> [1562 bytes]","args":[{"selector":{"controlType":"sap.m.Button","viewName":"etm.portal.ui.managehandovers.view.AddNewHO","viewId":"application-managehandovers-display-component---AddNewHO","i18NText":{"propertyName":"tooltip","key":"addItems"},"interaction":{"idSuffix":"inner"}},"wdio_ui5_key":"etmportal.ui.managehandovers.view.AddNewHOsap.m.Button{\"propertyName\":\"tooltip\",\"key\":\"addItems\"}"}]}
RESULT: undefined
COMMAND: POST /session/2d3f18d96ae83e7081695401c2e0fdda/element - {"using":"xpath","value":"//*[@id=\"__button76\"]"}
RESULT: {}
RESULT: {"using":"xpath","value":"//*[@id=\"__button76\"]"}
COMMAND: POST /session/2d3f18d96ae83e7081695401c2e0fdda/element/f.3980C6CC6DC27C16253BC7A58143231A.d.86E6F2DC78B096FFD71577D5141D1357.e.6019/click - {}
RESULT: {}
COMMAND: POST /session/2d3f18d96ae83e7081695401c2e0fdda/execute/async - {"script":"<script> [1562 bytes]","args":[{"selector":{"id":"application-managehandovers-display-component---AddNewHO--smartTableHOPopup-header","searchOpenDialogs":true},"wdio_ui5_key":"applicationmanagehandovers-display-component---AddNewHO--smartTableHOPopup-header"}]}
COMMAND: GET /session/2d3f18d96ae83e7081695401c2e0fdda/screenshot - {}
RESULT: {"script":"<script> [1562 bytes]","args":[{"selector":{"id":"application-managehandovers-display-component---AddNewHO--smartTableHOPopup-header","searchOpenDialogs":true},"wdio_ui5_key":"applicationmanagehandovers-display-component---AddNewHO--smartTableHOPopup-header"}]}
RESULT: undefined
COMMAND: POST /session/2d3f18d96ae83e7081695401c2e0fdda/execute/async - {"script":"<script> [6424 bytes]","args":[{"element-6066-11e4-a52e-4f735466cecf":"f.3980C6CC6DC27C16253BC7A58143231A.d.86E6F2DC78B096FFD71577D5141D1357.e.6029"},"getText",[]]}
RESULT: {}
RESULT: {"script":"<script> [6424 bytes]","args":[{"element-6066-11e4-a52e-4f735466cecf":"f.3980C6CC6DC27C16253BC7A58143231A.d.86E6F2DC78B096FFD71577D5141D1357.e.6029"},"getText",[]]}
COMMAND: POST /session/2d3f18d96ae83e7081695401c2e0fdda/actions - {"actions":[{"id":"action43","type":"key","parameters":{},"actions":[{"type":"keyDown","value":"î€Œ"},{"type":"pause","duration":10},{"type":"keyUp","value":"î€Œ"}]}]}
RESULT: {"actions":[{"id":"action43","type":"key","parameters":{},"actions":[{"type":"keyDown","value":"î€Œ"},{"type":"pause","duration":10},{"type":"keyUp","value":"î€Œ"}]}]}
COMMAND: GET /session/2d3f18d96ae83e7081695401c2e0fdda/screenshot - {}
RESULT: {}
COMMAND: POST /session/2d3f18d96ae83e7081695401c2e0fdda/execute/async - {"script":"<script> [1562 bytes]","args":[{"selector":{"id":"backBtn"},"wdio_ui5_key":"backBtn"}]}
RESULT: {"script":"<script> [1562 bytes]","args":[{"selector":{"id":"backBtn"},"wdio_ui5_key":"backBtn"}]}
RESULT: undefined
COMMAND: POST /session/2d3f18d96ae83e7081695401c2e0fdda/element - {"using":"xpath","value":"//*[@id=\"backBtn\"]"}
RESULT: {"using":"xpath","value":"//*[@id=\"backBtn\"]"}
COMMAND: POST /session/2d3f18d96ae83e7081695401c2e0fdda/element/f.3980C6CC6DC27C16253BC7A58143231A.d.86E6F2DC78B096FFD71577D5141D1357.e.6031/click - {}
RESULT: {}
COMMAND: GET /session/2d3f18d96ae83e7081695401c2e0fdda/screenshot - {}
COMMAND: POST /session/2d3f18d96ae83e7081695401c2e0fdda/refresh - {}
RESULT: {}
RESULT: {}
COMMAND: GET /session/2d3f18d96ae83e7081695401c2e0fdda/screenshot - {}
RESULT: {}
COMMAND: POST /session/2d3f18d96ae83e7081695401c2e0fdda/execute/async - {"script":"<script> [189 bytes]","args":[]}
RESULT: {"script":"<script> [189 bytes]","args":[]}
COMMAND: POST /session/2d3f18d96ae83e7081695401c2e0fdda/execute/async - {"script":"<script> [123 bytes]","args":[]}
RESULT: {"script":"<script> [123 bytes]","args":[]}
COMMAND: POST /session/2d3f18d96ae83e7081695401c2e0fdda/timeouts - {"script":"<number>"}
RESULT: {"script":"<number>"}
COMMAND: GET /session/2d3f18d96ae83e7081695401c2e0fdda/timeouts - {}
RESULT: {}
RESULT: undefined
COMMAND: POST /session/2d3f18d96ae83e7081695401c2e0fdda/execute/async - {"script":"<script> [2676 bytes]","args":[]}
RESULT: {"script":"<script> [2676 bytes]","args":[]}
COMMAND: POST /session/2d3f18d96ae83e7081695401c2e0fdda/execute/async - {"script":"<script> [2342 bytes]","args":[{"protocol":"http","hostname":"0.0.0.0","path":"/","capabilities":{"browserName":"chrome","goog:chromeOptions":{"binary":"C:\\Program Files\\Google\\Chrome\\Application\\chrome.exe","args":["--start-maximized"]}},"logLevel":"warn","connectionRetryTimeout":120000,"connectionRetryCount":3,"logLevels":{},"enableDirectConnect":true,"strictSSL":true,"_":"65 more keys: [\"cacheDir\",\"port\",\"requestedCapabilities\",\"automationProtocol\",\"baseUrl\",\"waitforInterval\",\"waitforTimeout\",\"onReload\",\"beforeCommand\",\"afterCommand\",\"rootDir\",\"specs\",\"suites\",\"exclude\",\"groupLogsByTestSpec\",\"excludeDriverLogs\",\"bail\",\"framework\",\"reporters\",\"services\",\"maxInstances\",\"maxInstancesPerCapability\",\"injectGlobals\",\"filesToWatch\",\"execArgv\",\"runnerEnv\",\"runner\",\"shard\",\"specFileRetries\",\"specFileRetriesDelay\",\"specFileRetriesDeferred\",\"reporterSyncInterval\",\"reporterSyncTimeout\",\"cucumberFeaturesWithLineNumbers\",\"autoCompileOpts\",\"mochaOpts\",\"jasmineOpts\",\"cucumberOpts\",\"onPrepare\",\"onWorkerStart\",\"onWorkerEnd\",\"before\",\"beforeSession\",\"beforeSuite\",\"beforeHook\",\"beforeTest\",\"afterTest\",\"afterHook\",\"afterSuite\",\"afterSession\",\"after\",\"onComplete\",\"beforeAssertion\",\"afterAssertion\",\"beforeFeature\",\"beforeScenario\",\"beforeStep\",\"afterStep\",\"afterScenario\",\"afterFeature\",\"_\",\"suite\",\"$0\",\"ignoredWorkerServices\",\"wdi5\"]"}]}
RESULT: {"script":"<script> [2342 bytes]","args":[{"protocol":"http","hostname":"0.0.0.0","path":"/","capabilities":{"browserName":"chrome","goog:chromeOptions":{"binary":"C:\\Program Files\\Google\\Chrome\\Application\\chrome.exe","args":["--start-maximized"]}},"logLevel":"warn","connectionRetryTimeout":120000,"connectionRetryCount":3,"logLevels":{},"enableDirectConnect":true,"strictSSL":true,"_":"65 more keys: [\"cacheDir\",\"port\",\"requestedCapabilities\",\"automationProtocol\",\"baseUrl\",\"waitforInterval\",\"waitforTimeout\",\"onReload\",\"beforeCommand\",\"afterCommand\",\"rootDir\",\"specs\",\"suites\",\"exclude\",\"groupLogsByTestSpec\",\"excludeDriverLogs\",\"bail\",\"framework\",\"reporters\",\"services\",\"maxInstances\",\"maxInstancesPerCapability\",\"injectGlobals\",\"filesToWatch\",\"execArgv\",\"runnerEnv\",\"runner\",\"shard\",\"specFileRetries\",\"specFileRetriesDelay\",\"specFileRetriesDeferred\",\"reporterSyncInterval\",\"reporterSyncTimeout\",\"cucumberFeaturesWithLineNumbers\",\"autoCompileOpts\",\"mochaOpts\",\"jasmineOpts\",\"cucumberOpts\",\"onPrepare\",\"onWorkerStart\",\"onWorkerEnd\",\"before\",\"beforeSession\",\"beforeSuite\",\"beforeHook\",\"beforeTest\",\"afterTest\",\"afterHook\",\"afterSuite\",\"afterSession\",\"after\",\"onComplete\",\"beforeAssertion\",\"afterAssertion\",\"beforeFeature\",\"beforeScenario\",\"beforeStep\",\"afterStep\",\"afterScenario\",\"afterFeature\",\"_\",\"suite\",\"$0\",\"ignoredWorkerServices\",\"wdi5\"]"}]}
COMMAND: POST /session/2d3f18d96ae83e7081695401c2e0fdda/execute/async - {"script":"<script> [21126 bytes]","args":[35000]}
RESULT: {"script":"<script> [21126 bytes]","args":[35000]}
COMMAND: POST /session/2d3f18d96ae83e7081695401c2e0fdda/element - {"using":"xpath","value":"//div[contains(@id ,\"headerBillingItemsTabFilter-text\")]"}
RESULT: {"using":"xpath","value":"//div[contains(@id ,\"headerBillingItemsTabFilter-text\")]"}
COMMAND: POST /session/2d3f18d96ae83e7081695401c2e0fdda/element/f.3980C6CC6DC27C16253BC7A58143231A.d.3CA85EE797B2B23D708852529B004C61.e.6187/click - {}
RESULT: {}
COMMAND: GET /session/2d3f18d96ae83e7081695401c2e0fdda/screenshot - {}
RESULT: {}
COMMAND: POST /session/2d3f18d96ae83e7081695401c2e0fdda/execute/async - {"script":"<script> [1562 bytes]","args":[{"selector":{"id":"revertPlanningBtn","viewName":"etm.portal.ui.managecontracts.view.Detail","interaction":{"idSuffix":"BDI-content"}},"wdio_ui5_key":"revertPlanningBtnetmportal.ui.managecontracts.view.Detail"}]}
RESULT: {"script":"<script> [1562 bytes]","args":[{"selector":{"id":"revertPlanningBtn","viewName":"etm.portal.ui.managecontracts.view.Detail","interaction":{"idSuffix":"BDI-content"}},"wdio_ui5_key":"revertPlanningBtnetmportal.ui.managecontracts.view.Detail"}]}
RESULT: undefined
COMMAND: POST /session/2d3f18d96ae83e7081695401c2e0fdda/element - {"using":"xpath","value":"//*[@id=\"__xmlview1--revertPlanningBtn\"]"}
RESULT: {"using":"xpath","value":"//*[@id=\"__xmlview1--revertPlanningBtn\"]"}
COMMAND: POST /session/2d3f18d96ae83e7081695401c2e0fdda/element/f.3980C6CC6DC27C16253BC7A58143231A.d.3CA85EE797B2B23D708852529B004C61.e.6156/click - {}
RESULT: {}
COMMAND: GET /session/2d3f18d96ae83e7081695401c2e0fdda/screenshot - {}
RESULT: {}
COMMAND: POST /session/2d3f18d96ae83e7081695401c2e0fdda/actions - {"actions":[{"id":"action44","type":"key","parameters":{},"actions":[{"type":"keyDown","value":"î€‡"},{"type":"pause","duration":10},{"type":"keyUp","value":"î€‡"}]}]}
RESULT: {"actions":[{"id":"action44","type":"key","parameters":{},"actions":[{"type":"keyDown","value":"î€‡"},{"type":"pause","duration":10},{"type":"keyUp","value":"î€‡"}]}]}
COMMAND: GET /session/2d3f18d96ae83e7081695401c2e0fdda/screenshot - {}
RESULT: {}
COMMAND: POST /session/2d3f18d96ae83e7081695401c2e0fdda/element - {"using":"xpath","value":"//div[contains(@id ,\"ProductsTable-sa-CbBg\")]"}
RESULT: {"using":"xpath","value":"//div[contains(@id ,\"ProductsTable-sa-CbBg\")]"}
COMMAND: POST /session/2d3f18d96ae83e7081695401c2e0fdda/element/f.3980C6CC6DC27C16253BC7A58143231A.d.3CA85EE797B2B23D708852529B004C61.e.6293/click - {}
RESULT: {}
COMMAND: GET /session/2d3f18d96ae83e7081695401c2e0fdda/screenshot - {}
RESULT: {}
COMMAND: POST /session/2d3f18d96ae83e7081695401c2e0fdda/execute/async - {"script":"<script> [1562 bytes]","args":[{"selector":{"id":"executeRevertPlanningBtn","viewName":"etm.portal.ui.managecontracts.view.Detail","interaction":{"idSuffix":"BDI-content"}},"wdio_ui5_key":"executeRevertPlanningBtnetmportal.ui.managecontracts.view.Detail"}]}
RESULT: {"script":"<script> [1562 bytes]","args":[{"selector":{"id":"executeRevertPlanningBtn","viewName":"etm.portal.ui.managecontracts.view.Detail","interaction":{"idSuffix":"BDI-content"}},"wdio_ui5_key":"executeRevertPlanningBtnetmportal.ui.managecontracts.view.Detail"}]}
RESULT: undefined
COMMAND: POST /session/2d3f18d96ae83e7081695401c2e0fdda/element - {"using":"xpath","value":"//*[@id=\"__xmlview1--executeRevertPlanningBtn\"]"}
RESULT: {"using":"xpath","value":"//*[@id=\"__xmlview1--executeRevertPlanningBtn\"]"}
COMMAND: POST /session/2d3f18d96ae83e7081695401c2e0fdda/element/f.3980C6CC6DC27C16253BC7A58143231A.d.3CA85EE797B2B23D708852529B004C61.e.6292/click - {}
RESULT: {}
COMMAND: GET /session/2d3f18d96ae83e7081695401c2e0fdda/screenshot - {}
RESULT: {}
COMMAND: POST /session/2d3f18d96ae83e7081695401c2e0fdda/actions - {"actions":[{"id":"action45","type":"key","parameters":{},"actions":[{"type":"keyDown","value":"î€‡"},{"type":"pause","duration":10},{"type":"keyUp","value":"î€‡"}]}]}
RESULT: {"actions":[{"id":"action45","type":"key","parameters":{},"actions":[{"type":"keyDown","value":"î€‡"},{"type":"pause","duration":10},{"type":"keyUp","value":"î€‡"}]}]}
COMMAND: POST /session/2d3f18d96ae83e7081695401c2e0fdda/execute/async - {"script":"<script> [1562 bytes]","args":[{"selector":{"id":"backBtn"},"wdio_ui5_key":"backBtn"}]}
COMMAND: GET /session/2d3f18d96ae83e7081695401c2e0fdda/screenshot - {}
RESULT: {"script":"<script> [1562 bytes]","args":[{"selector":{"id":"backBtn"},"wdio_ui5_key":"backBtn"}]}
RESULT: undefined
COMMAND: POST /session/2d3f18d96ae83e7081695401c2e0fdda/element - {"using":"xpath","value":"//*[@id=\"backBtn\"]"}
RESULT: {}
RESULT: {"using":"xpath","value":"//*[@id=\"backBtn\"]"}
COMMAND: POST /session/2d3f18d96ae83e7081695401c2e0fdda/element/f.3980C6CC6DC27C16253BC7A58143231A.d.3CA85EE797B2B23D708852529B004C61.e.6308/click - {}
RESULT: {}
COMMAND: GET /session/2d3f18d96ae83e7081695401c2e0fdda/screenshot - {}
COMMAND: POST /session/2d3f18d96ae83e7081695401c2e0fdda/refresh - {}
RESULT: {}
RESULT: {}
COMMAND: GET /session/2d3f18d96ae83e7081695401c2e0fdda/screenshot - {}
RESULT: {}
COMMAND: POST /session/2d3f18d96ae83e7081695401c2e0fdda/execute/async - {"script":"<script> [189 bytes]","args":[]}
RESULT: {"script":"<script> [189 bytes]","args":[]}
COMMAND: POST /session/2d3f18d96ae83e7081695401c2e0fdda/execute/async - {"script":"<script> [123 bytes]","args":[]}
RESULT: {"script":"<script> [123 bytes]","args":[]}
COMMAND: POST /session/2d3f18d96ae83e7081695401c2e0fdda/timeouts - {"script":"<number>"}
RESULT: {"script":"<number>"}
COMMAND: GET /session/2d3f18d96ae83e7081695401c2e0fdda/timeouts - {}
RESULT: {}
RESULT: undefined
COMMAND: POST /session/2d3f18d96ae83e7081695401c2e0fdda/execute/async - {"script":"<script> [2676 bytes]","args":[]}
RESULT: {"script":"<script> [2676 bytes]","args":[]}
COMMAND: POST /session/2d3f18d96ae83e7081695401c2e0fdda/execute/async - {"script":"<script> [2342 bytes]","args":[{"protocol":"http","hostname":"0.0.0.0","path":"/","capabilities":{"browserName":"chrome","goog:chromeOptions":{"binary":"C:\\Program Files\\Google\\Chrome\\Application\\chrome.exe","args":["--start-maximized"]}},"logLevel":"warn","connectionRetryTimeout":120000,"connectionRetryCount":3,"logLevels":{},"enableDirectConnect":true,"strictSSL":true,"_":"65 more keys: [\"cacheDir\",\"port\",\"requestedCapabilities\",\"automationProtocol\",\"baseUrl\",\"waitforInterval\",\"waitforTimeout\",\"onReload\",\"beforeCommand\",\"afterCommand\",\"rootDir\",\"specs\",\"suites\",\"exclude\",\"groupLogsByTestSpec\",\"excludeDriverLogs\",\"bail\",\"framework\",\"reporters\",\"services\",\"maxInstances\",\"maxInstancesPerCapability\",\"injectGlobals\",\"filesToWatch\",\"execArgv\",\"runnerEnv\",\"runner\",\"shard\",\"specFileRetries\",\"specFileRetriesDelay\",\"specFileRetriesDeferred\",\"reporterSyncInterval\",\"reporterSyncTimeout\",\"cucumberFeaturesWithLineNumbers\",\"autoCompileOpts\",\"mochaOpts\",\"jasmineOpts\",\"cucumberOpts\",\"onPrepare\",\"onWorkerStart\",\"onWorkerEnd\",\"before\",\"beforeSession\",\"beforeSuite\",\"beforeHook\",\"beforeTest\",\"afterTest\",\"afterHook\",\"afterSuite\",\"afterSession\",\"after\",\"onComplete\",\"beforeAssertion\",\"afterAssertion\",\"beforeFeature\",\"beforeScenario\",\"beforeStep\",\"afterStep\",\"afterScenario\",\"afterFeature\",\"_\",\"suite\",\"$0\",\"ignoredWorkerServices\",\"wdi5\"]"}]}
RESULT: {"script":"<script> [2342 bytes]","args":[{"protocol":"http","hostname":"0.0.0.0","path":"/","capabilities":{"browserName":"chrome","goog:chromeOptions":{"binary":"C:\\Program Files\\Google\\Chrome\\Application\\chrome.exe","args":["--start-maximized"]}},"logLevel":"warn","connectionRetryTimeout":120000,"connectionRetryCount":3,"logLevels":{},"enableDirectConnect":true,"strictSSL":true,"_":"65 more keys: [\"cacheDir\",\"port\",\"requestedCapabilities\",\"automationProtocol\",\"baseUrl\",\"waitforInterval\",\"waitforTimeout\",\"onReload\",\"beforeCommand\",\"afterCommand\",\"rootDir\",\"specs\",\"suites\",\"exclude\",\"groupLogsByTestSpec\",\"excludeDriverLogs\",\"bail\",\"framework\",\"reporters\",\"services\",\"maxInstances\",\"maxInstancesPerCapability\",\"injectGlobals\",\"filesToWatch\",\"execArgv\",\"runnerEnv\",\"runner\",\"shard\",\"specFileRetries\",\"specFileRetriesDelay\",\"specFileRetriesDeferred\",\"reporterSyncInterval\",\"reporterSyncTimeout\",\"cucumberFeaturesWithLineNumbers\",\"autoCompileOpts\",\"mochaOpts\",\"jasmineOpts\",\"cucumberOpts\",\"onPrepare\",\"onWorkerStart\",\"onWorkerEnd\",\"before\",\"beforeSession\",\"beforeSuite\",\"beforeHook\",\"beforeTest\",\"afterTest\",\"afterHook\",\"afterSuite\",\"afterSession\",\"after\",\"onComplete\",\"beforeAssertion\",\"afterAssertion\",\"beforeFeature\",\"beforeScenario\",\"beforeStep\",\"afterStep\",\"afterScenario\",\"afterFeature\",\"_\",\"suite\",\"$0\",\"ignoredWorkerServices\",\"wdi5\"]"}]}
COMMAND: POST /session/2d3f18d96ae83e7081695401c2e0fdda/execute/async - {"script":"<script> [21126 bytes]","args":[35000]}
RESULT: {"script":"<script> [21126 bytes]","args":[35000]}
COMMAND: POST /session/2d3f18d96ae83e7081695401c2e0fdda/execute/async - {"script":"<script> [1562 bytes]","args":[{"selector":{"controlType":"sap.m.ObjectStatus","viewName":"etm.portal.ui.managerequests.view.Detail","bindingPath":{"path":"/RequestHeaders('20088')","propertyPath":"LINK_TO_STATUS/DESCRIPTION","modelName":"catalogModel"}},"wdio_ui5_key":"etmportal.ui.managerequests.view.Detailsap.m.ObjectStatus{\"path\":\"/RequestHeaders('20088')\",\"propertyPath\":\"LINK_TO_STATUS/DESCRIPTION\",\"modelName\":\"catalogModel\"}"}]}
RESULT: {"script":"<script> [1562 bytes]","args":[{"selector":{"controlType":"sap.m.ObjectStatus","viewName":"etm.portal.ui.managerequests.view.Detail","bindingPath":{"path":"/RequestHeaders('20088')","propertyPath":"LINK_TO_STATUS/DESCRIPTION","modelName":"catalogModel"}},"wdio_ui5_key":"etmportal.ui.managerequests.view.Detailsap.m.ObjectStatus{\"path\":\"/RequestHeaders('20088')\",\"propertyPath\":\"LINK_TO_STATUS/DESCRIPTION\",\"modelName\":\"catalogModel\"}"}]}
RESULT: undefined
COMMAND: POST /session/2d3f18d96ae83e7081695401c2e0fdda/execute/async - {"script":"<script> [6424 bytes]","args":[{"element-6066-11e4-a52e-4f735466cecf":"f.3980C6CC6DC27C16253BC7A58143231A.d.EAF67F97FA21064FC1703B036DF52CD4.e.6605"},"getText",[]]}
RESULT: {"script":"<script> [6424 bytes]","args":[{"element-6066-11e4-a52e-4f735466cecf":"f.3980C6CC6DC27C16253BC7A58143231A.d.EAF67F97FA21064FC1703B036DF52CD4.e.6605"},"getText",[]]}
COMMAND: POST /session/2d3f18d96ae83e7081695401c2e0fdda/execute/async - {"script":"<script> [1562 bytes]","args":[{"selector":{"controlType":"sap.m.Button","viewName":"etm.portal.ui.managerequests.view.Detail","bindingPath":{"path":"/SmartRequestItemsPlanningBoard(ITEM=10m,REQUEST='20088')","propertyPath":"PICK_UP"}},"wdio_ui5_key":"etmportal.ui.managerequests.view.Detailsap.m.Button{\"path\":\"/SmartRequestItemsPlanningBoard(ITEM=10m,REQUEST='20088')\",\"propertyPath\":\"PICK_UP\"}"}]}
RESULT: {"script":"<script> [1562 bytes]","args":[{"selector":{"controlType":"sap.m.Button","viewName":"etm.portal.ui.managerequests.view.Detail","bindingPath":{"path":"/SmartRequestItemsPlanningBoard(ITEM=10m,REQUEST='20088')","propertyPath":"PICK_UP"}},"wdio_ui5_key":"etmportal.ui.managerequests.view.Detailsap.m.Button{\"path\":\"/SmartRequestItemsPlanningBoard(ITEM=10m,REQUEST='20088')\",\"propertyPath\":\"PICK_UP\"}"}]}
RESULT: undefined
COMMAND: POST /session/2d3f18d96ae83e7081695401c2e0fdda/execute/async - {"script":"<script> [6424 bytes]","args":[{"element-6066-11e4-a52e-4f735466cecf":"f.3980C6CC6DC27C16253BC7A58143231A.d.EAF67F97FA21064FC1703B036DF52CD4.e.6591"},"getType",[]]}
RESULT: {"script":"<script> [6424 bytes]","args":[{"element-6066-11e4-a52e-4f735466cecf":"f.3980C6CC6DC27C16253BC7A58143231A.d.EAF67F97FA21064FC1703B036DF52CD4.e.6591"},"getType",[]]}
COMMAND: POST /session/2d3f18d96ae83e7081695401c2e0fdda/execute/async - {"script":"<script> [1562 bytes]","args":[{"selector":{"controlType":"sap.m.Button","viewName":"etm.portal.ui.managerequests.view.Detail","bindingPath":{"path":"/SmartRequestItemsPlanningBoard(ITEM=20m,REQUEST='20088')","propertyPath":"PICK_UP"}},"wdio_ui5_key":"etmportal.ui.managerequests.view.Detailsap.m.Button{\"path\":\"/SmartRequestItemsPlanningBoard(ITEM=20m,REQUEST='20088')\",\"propertyPath\":\"PICK_UP\"}"}]}
RESULT: {"script":"<script> [1562 bytes]","args":[{"selector":{"controlType":"sap.m.Button","viewName":"etm.portal.ui.managerequests.view.Detail","bindingPath":{"path":"/SmartRequestItemsPlanningBoard(ITEM=20m,REQUEST='20088')","propertyPath":"PICK_UP"}},"wdio_ui5_key":"etmportal.ui.managerequests.view.Detailsap.m.Button{\"path\":\"/SmartRequestItemsPlanningBoard(ITEM=20m,REQUEST='20088')\",\"propertyPath\":\"PICK_UP\"}"}]}
RESULT: undefined
COMMAND: POST /session/2d3f18d96ae83e7081695401c2e0fdda/execute/async - {"script":"<script> [6424 bytes]","args":[{"element-6066-11e4-a52e-4f735466cecf":"f.3980C6CC6DC27C16253BC7A58143231A.d.EAF67F97FA21064FC1703B036DF52CD4.e.6606"},"getType",[]]}
RESULT: {"script":"<script> [6424 bytes]","args":[{"element-6066-11e4-a52e-4f735466cecf":"f.3980C6CC6DC27C16253BC7A58143231A.d.EAF67F97FA21064FC1703B036DF52CD4.e.6606"},"getType",[]]}
COMMAND: POST /session/2d3f18d96ae83e7081695401c2e0fdda/element - {"using":"css selector","value":"#shell-header-logo"}
RESULT: {"using":"css selector","value":"#shell-header-logo"}
COMMAND: POST /session/2d3f18d96ae83e7081695401c2e0fdda/element/f.3980C6CC6DC27C16253BC7A58143231A.d.EAF67F97FA21064FC1703B036DF52CD4.e.6405/click - {}
RESULT: {}
COMMAND: GET /session/2d3f18d96ae83e7081695401c2e0fdda/screenshot - {}
RESULT: {}
COMMAND: POST /session/2d3f18d96ae83e7081695401c2e0fdda/execute/async - {"script":"<script> [1562 bytes]","args":[{"selector":{"controlType":"sap.m.GenericTile","properties":{"header":"Manage Classifications"}},"wdio_ui5_key":"sapm.GenericTile{\"header\":\"Manage Classifications\"}"}]}
RESULT: {"script":"<script> [1562 bytes]","args":[{"selector":{"controlType":"sap.m.GenericTile","properties":{"header":"Manage Classifications"}},"wdio_ui5_key":"sapm.GenericTile{\"header\":\"Manage Classifications\"}"}]}
RESULT: undefined
COMMAND: POST /session/2d3f18d96ae83e7081695401c2e0fdda/element - {"using":"xpath","value":"//*[@id=\"__tile115\"]"}
RESULT: {"using":"xpath","value":"//*[@id=\"__tile115\"]"}
COMMAND: POST /session/2d3f18d96ae83e7081695401c2e0fdda/element/f.3980C6CC6DC27C16253BC7A58143231A.d.EAF67F97FA21064FC1703B036DF52CD4.e.6621/click - {}
RESULT: {}
COMMAND: GET /session/2d3f18d96ae83e7081695401c2e0fdda/screenshot - {}
RESULT: {}
COMMAND: POST /session/2d3f18d96ae83e7081695401c2e0fdda/elements - {"using":"xpath","value":"//span[text()='Error']"}
RESULT: {"using":"xpath","value":"//span[text()='Error']"}
]]></system-out>
    </testcase>
  </testsuite>
  <testsuite timestamp="2025-05-14T06:35:51" time="443.53" tests="4" failures="0" errors="0" skipped="0">
    <properties>
      <property name="specId" value="0" />
      <property name="suiteName" value="Manage requests - requests specifications US141095" />
      <property name="capabilities" value="chrome.136_0_7103_49.windows" />
      <property name="file" value="file:///D:/a/1/s/test/specs/R2C/manage-requests-request-specifications.spec.js" />
    </properties>
    <testcase classname="chrome.136_0_7103_49.windows.Manage_requests_-_requests_specifications_US141095" name="Should create a new classification of type request item" time="52.713">
      <system-out><![CDATA[
COMMAND: POST /session/2d3f18d96ae83e7081695401c2e0fdda/execute/async - {"script":"<script> [1562 bytes]","args":[{"selector":{"controlType":"sap.ui.core.Icon","viewName":"etm.portal.ui.manageclassifications.view.Master","viewId":"application-manageclassifications-display-component---classificationMaster","properties":{"src":{"regex":{"source":"add"}}}},"wdio_ui5_key":"etmportal.ui.manageclassifications.view.Mastersap.ui.core.Icon{\"src\":{\"regex\":{\"source\":\"add\"}}}"}]}
RESULT: {"script":"<script> [1562 bytes]","args":[{"selector":{"controlType":"sap.ui.core.Icon","viewName":"etm.portal.ui.manageclassifications.view.Master","viewId":"application-manageclassifications-display-component---classificationMaster","properties":{"src":{"regex":{"source":"add"}}}},"wdio_ui5_key":"etmportal.ui.manageclassifications.view.Mastersap.ui.core.Icon{\"src\":{\"regex\":{\"source\":\"add\"}}}"}]}
RESULT: undefined
COMMAND: POST /session/2d3f18d96ae83e7081695401c2e0fdda/element - {"using":"xpath","value":"//*[@id=\"__button25-img\"]"}
RESULT: {"using":"xpath","value":"//*[@id=\"__button25-img\"]"}
COMMAND: POST /session/2d3f18d96ae83e7081695401c2e0fdda/element/f.3980C6CC6DC27C16253BC7A58143231A.d.EAF67F97FA21064FC1703B036DF52CD4.e.6658/click - {}
RESULT: {}
COMMAND: POST /session/2d3f18d96ae83e7081695401c2e0fdda/execute/async - {"script":"<script> [1562 bytes]","args":[{"selector":{"id":"application-manageclassifications-display-component---classificationCreate--classHeaderName","interaction":{"idSuffix":"inner"}},"wdio_ui5_key":"applicationmanageclassifications-display-component---classificationCreate--classHeaderName"}]}
COMMAND: GET /session/2d3f18d96ae83e7081695401c2e0fdda/screenshot - {}
RESULT: {"script":"<script> [1562 bytes]","args":[{"selector":{"id":"application-manageclassifications-display-component---classificationCreate--classHeaderName","interaction":{"idSuffix":"inner"}},"wdio_ui5_key":"applicationmanageclassifications-display-component---classificationCreate--classHeaderName"}]}
RESULT: undefined
COMMAND: POST /session/2d3f18d96ae83e7081695401c2e0fdda/execute/async - {"script":"<script> [776 bytes]","args":[{"enterText":"WebdriverItemClass5ys3y","selector":{"id":"application-manageclassifications-display-component---classificationCreate--classHeaderName","interaction":{"idSuffix":"inner"}},"clearTextFirst":true,"interactionType":"ENTER_TEXT"}]}
RESULT: {}
RESULT: {"script":"<script> [776 bytes]","args":[{"enterText":"WebdriverItemClass5ys3y","selector":{"id":"application-manageclassifications-display-component---classificationCreate--classHeaderName","interaction":{"idSuffix":"inner"}},"clearTextFirst":true,"interactionType":"ENTER_TEXT"}]}
COMMAND: POST /session/2d3f18d96ae83e7081695401c2e0fdda/execute/async - {"script":"<script> [1562 bytes]","args":[{"selector":{"controlType":"sap.ui.core.Icon","viewName":"etm.portal.ui.manageclassifications.view.Create","viewId":"application-manageclassifications-display-component---classificationCreate","properties":{"src":{"regex":{"source":"slim\\-arrow\\-down"}}}},"wdio_ui5_key":"etmportal.ui.manageclassifications.view.Createsap.ui.core.Icon{\"src\":{\"regex\":{\"source\":\"slim\\\\-arrow\\\\-down\"}}}"}]}
RESULT: {"script":"<script> [1562 bytes]","args":[{"selector":{"controlType":"sap.ui.core.Icon","viewName":"etm.portal.ui.manageclassifications.view.Create","viewId":"application-manageclassifications-display-component---classificationCreate","properties":{"src":{"regex":{"source":"slim\\-arrow\\-down"}}}},"wdio_ui5_key":"etmportal.ui.manageclassifications.view.Createsap.ui.core.Icon{\"src\":{\"regex\":{\"source\":\"slim\\\\-arrow\\\\-down\"}}}"}]}
RESULT: undefined
COMMAND: POST /session/2d3f18d96ae83e7081695401c2e0fdda/element - {"using":"xpath","value":"//*[@id=\"__box12-arrow\"]"}
RESULT: {"using":"xpath","value":"//*[@id=\"__box12-arrow\"]"}
COMMAND: POST /session/2d3f18d96ae83e7081695401c2e0fdda/element/f.3980C6CC6DC27C16253BC7A58143231A.d.EAF67F97FA21064FC1703B036DF52CD4.e.6953/click - {}
RESULT: {}
COMMAND: POST /session/2d3f18d96ae83e7081695401c2e0fdda/execute/async - {"script":"<script> [1562 bytes]","args":[{"selector":{"controlType":"sap.m.StandardListItem","viewName":"etm.portal.ui.manageclassifications.view.Create","viewId":"application-manageclassifications-display-component---classificationCreate","properties":{"title":"Request Item Specifications"},"searchOpenDialogs":true,"interaction":{"idSuffix":"titleText"}},"wdio_ui5_key":"etmportal.ui.manageclassifications.view.Createsap.m.StandardListItem{\"title\":\"Request Item Specifications\"}"}]}
COMMAND: GET /session/2d3f18d96ae83e7081695401c2e0fdda/screenshot - {}
RESULT: {"script":"<script> [1562 bytes]","args":[{"selector":{"controlType":"sap.m.StandardListItem","viewName":"etm.portal.ui.manageclassifications.view.Create","viewId":"application-manageclassifications-display-component---classificationCreate","properties":{"title":"Request Item Specifications"},"searchOpenDialogs":true,"interaction":{"idSuffix":"titleText"}},"wdio_ui5_key":"etmportal.ui.manageclassifications.view.Createsap.m.StandardListItem{\"title\":\"Request Item Specifications\"}"}]}
RESULT: undefined
COMMAND: POST /session/2d3f18d96ae83e7081695401c2e0fdda/element - {"using":"xpath","value":"//*[@id=\"__item82\"]"}
RESULT: {}
RESULT: {"using":"xpath","value":"//*[@id=\"__item82\"]"}
COMMAND: POST /session/2d3f18d96ae83e7081695401c2e0fdda/element/f.3980C6CC6DC27C16253BC7A58143231A.d.EAF67F97FA21064FC1703B036DF52CD4.e.6993/click - {}
RESULT: {}
COMMAND: POST /session/2d3f18d96ae83e7081695401c2e0fdda/execute/async - {"script":"<script> [1562 bytes]","args":[{"selector":{"controlType":"sap.ui.core.Icon","viewName":"etm.portal.ui.manageclassifications.view.Create","viewId":"application-manageclassifications-display-component---classificationCreate","properties":{"src":{"regex":{"source":"add"}}}},"wdio_ui5_key":"etmportal.ui.manageclassifications.view.Createsap.ui.core.Icon{\"src\":{\"regex\":{\"source\":\"add\"}}}"}]}
COMMAND: GET /session/2d3f18d96ae83e7081695401c2e0fdda/screenshot - {}
RESULT: {"script":"<script> [1562 bytes]","args":[{"selector":{"controlType":"sap.ui.core.Icon","viewName":"etm.portal.ui.manageclassifications.view.Create","viewId":"application-manageclassifications-display-component---classificationCreate","properties":{"src":{"regex":{"source":"add"}}}},"wdio_ui5_key":"etmportal.ui.manageclassifications.view.Createsap.ui.core.Icon{\"src\":{\"regex\":{\"source\":\"add\"}}}"}]}
RESULT: undefined
COMMAND: POST /session/2d3f18d96ae83e7081695401c2e0fdda/element - {"using":"xpath","value":"//*[@id=\"__button30-img\"]"}
RESULT: {}
RESULT: {"using":"xpath","value":"//*[@id=\"__button30-img\"]"}
COMMAND: POST /session/2d3f18d96ae83e7081695401c2e0fdda/element/f.3980C6CC6DC27C16253BC7A58143231A.d.EAF67F97FA21064FC1703B036DF52CD4.e.6956/click - {}
RESULT: {}
COMMAND: POST /session/2d3f18d96ae83e7081695401c2e0fdda/execute/async - {"script":"<script> [1562 bytes]","args":[{"selector":{"controlType":"sap.m.Input","viewName":"etm.portal.ui.manageclassifications.view.Create","viewId":"application-manageclassifications-display-component---classificationCreate","bindingPath":{"path":"/0","propertyPath":"PROPERTY","modelName":"newConfigModel"},"interaction":{"idSuffix":"inner"}},"wdio_ui5_key":"etmportal.ui.manageclassifications.view.Createsap.m.Input{\"path\":\"/0\",\"propertyPath\":\"PROPERTY\",\"modelName\":\"newConfigModel\"}"}]}
COMMAND: GET /session/2d3f18d96ae83e7081695401c2e0fdda/screenshot - {}
RESULT: {"script":"<script> [1562 bytes]","args":[{"selector":{"controlType":"sap.m.Input","viewName":"etm.portal.ui.manageclassifications.view.Create","viewId":"application-manageclassifications-display-component---classificationCreate","bindingPath":{"path":"/0","propertyPath":"PROPERTY","modelName":"newConfigModel"},"interaction":{"idSuffix":"inner"}},"wdio_ui5_key":"etmportal.ui.manageclassifications.view.Createsap.m.Input{\"path\":\"/0\",\"propertyPath\":\"PROPERTY\",\"modelName\":\"newConfigModel\"}"}]}
RESULT: undefined
COMMAND: POST /session/2d3f18d96ae83e7081695401c2e0fdda/execute/async - {"script":"<script> [776 bytes]","args":[{"enterText":"Color","selector":{"controlType":"sap.m.Input","viewName":"etm.portal.ui.manageclassifications.view.Create","viewId":"application-manageclassifications-display-component---classificationCreate","bindingPath":{"path":"/0","propertyPath":"PROPERTY","modelName":"newConfigModel"},"interaction":{"idSuffix":"inner"}},"clearTextFirst":true,"interactionType":"ENTER_TEXT"}]}
RESULT: {}
RESULT: {"script":"<script> [776 bytes]","args":[{"enterText":"Color","selector":{"controlType":"sap.m.Input","viewName":"etm.portal.ui.manageclassifications.view.Create","viewId":"application-manageclassifications-display-component---classificationCreate","bindingPath":{"path":"/0","propertyPath":"PROPERTY","modelName":"newConfigModel"},"interaction":{"idSuffix":"inner"}},"clearTextFirst":true,"interactionType":"ENTER_TEXT"}]}
COMMAND: POST /session/2d3f18d96ae83e7081695401c2e0fdda/execute/async - {"script":"<script> [1562 bytes]","args":[{"selector":{"controlType":"sap.m.Input","viewName":"etm.portal.ui.manageclassifications.view.Create","viewId":"application-manageclassifications-display-component---classificationCreate","bindingPath":{"path":"/0","propertyPath":"DESCRIPTION","modelName":"newConfigModel"},"interaction":{"idSuffix":"inner"}},"wdio_ui5_key":"etmportal.ui.manageclassifications.view.Createsap.m.Input{\"path\":\"/0\",\"propertyPath\":\"DESCRIPTION\",\"modelName\":\"newConfigModel\"}"}]}
RESULT: {"script":"<script> [1562 bytes]","args":[{"selector":{"controlType":"sap.m.Input","viewName":"etm.portal.ui.manageclassifications.view.Create","viewId":"application-manageclassifications-display-component---classificationCreate","bindingPath":{"path":"/0","propertyPath":"DESCRIPTION","modelName":"newConfigModel"},"interaction":{"idSuffix":"inner"}},"wdio_ui5_key":"etmportal.ui.manageclassifications.view.Createsap.m.Input{\"path\":\"/0\",\"propertyPath\":\"DESCRIPTION\",\"modelName\":\"newConfigModel\"}"}]}
RESULT: undefined
COMMAND: POST /session/2d3f18d96ae83e7081695401c2e0fdda/execute/async - {"script":"<script> [776 bytes]","args":[{"enterText":"Color","selector":{"controlType":"sap.m.Input","viewName":"etm.portal.ui.manageclassifications.view.Create","viewId":"application-manageclassifications-display-component---classificationCreate","bindingPath":{"path":"/0","propertyPath":"DESCRIPTION","modelName":"newConfigModel"},"interaction":{"idSuffix":"inner"}},"clearTextFirst":true,"interactionType":"ENTER_TEXT"}]}
RESULT: {"script":"<script> [776 bytes]","args":[{"enterText":"Color","selector":{"controlType":"sap.m.Input","viewName":"etm.portal.ui.manageclassifications.view.Create","viewId":"application-manageclassifications-display-component---classificationCreate","bindingPath":{"path":"/0","propertyPath":"DESCRIPTION","modelName":"newConfigModel"},"interaction":{"idSuffix":"inner"}},"clearTextFirst":true,"interactionType":"ENTER_TEXT"}]}
COMMAND: POST /session/2d3f18d96ae83e7081695401c2e0fdda/execute/async - {"script":"<script> [1562 bytes]","args":[{"selector":{"controlType":"sap.ui.core.Icon","viewName":"etm.portal.ui.manageclassifications.view.Create","viewId":"application-manageclassifications-display-component---classificationCreate","properties":{"src":{"regex":{"source":"slim\\-arrow\\-down"}}},"ancestor":{"controlType":"sap.m.ComboBox","viewName":"etm.portal.ui.manageclassifications.view.Create","viewId":"application-manageclassifications-display-component---classificationCreate","bindingPath":{"path":"/0","propertyPath":"VALUE_TYPE","modelName":"newConfigModel"}}},"wdio_ui5_key":"etmportal.ui.manageclassifications.view.Createsap.ui.core.Icon{\"src\":{\"regex\":{\"source\":\"slim\\\\-arrow\\\\-down\"}}}{\"controlType\":\"sap.m.ComboBox\",\"viewName\":\"etm.portal.ui.manageclassifications.view.Create\",\"viewId\":\"application-manageclassifications-display-component---classificationCreate\",\"bindingPath\":{\"path\":\"/0\",\"propertyPath\":\"VALUE_TYPE\",\"modelName\":\"newConfigModel\"}}"}]}
RESULT: {"script":"<script> [1562 bytes]","args":[{"selector":{"controlType":"sap.ui.core.Icon","viewName":"etm.portal.ui.manageclassifications.view.Create","viewId":"application-manageclassifications-display-component---classificationCreate","properties":{"src":{"regex":{"source":"slim\\-arrow\\-down"}}},"ancestor":{"controlType":"sap.m.ComboBox","viewName":"etm.portal.ui.manageclassifications.view.Create","viewId":"application-manageclassifications-display-component---classificationCreate","bindingPath":{"path":"/0","propertyPath":"VALUE_TYPE","modelName":"newConfigModel"}}},"wdio_ui5_key":"etmportal.ui.manageclassifications.view.Createsap.ui.core.Icon{\"src\":{\"regex\":{\"source\":\"slim\\\\-arrow\\\\-down\"}}}{\"controlType\":\"sap.m.ComboBox\",\"viewName\":\"etm.portal.ui.manageclassifications.view.Create\",\"viewId\":\"application-manageclassifications-display-component---classificationCreate\",\"bindingPath\":{\"path\":\"/0\",\"propertyPath\":\"VALUE_TYPE\",\"modelName\":\"newConfigModel\"}}"}]}
RESULT: undefined
COMMAND: POST /session/2d3f18d96ae83e7081695401c2e0fdda/element - {"using":"xpath","value":"//*[@id=\"__box13-application-manageclassifications-display-component---classificationCreate--configurationList-0-arrow\"]"}
RESULT: {"using":"xpath","value":"//*[@id=\"__box13-application-manageclassifications-display-component---classificationCreate--configurationList-0-arrow\"]"}
COMMAND: POST /session/2d3f18d96ae83e7081695401c2e0fdda/element/f.3980C6CC6DC27C16253BC7A58143231A.d.EAF67F97FA21064FC1703B036DF52CD4.e.7002/click - {}
RESULT: {}
COMMAND: POST /session/2d3f18d96ae83e7081695401c2e0fdda/execute/async - {"script":"<script> [1562 bytes]","args":[{"selector":{"controlType":"sap.m.StandardListItem","viewName":"etm.portal.ui.manageclassifications.view.Create","viewId":"application-manageclassifications-display-component---classificationCreate","properties":{"title":"Dropdown"},"searchOpenDialogs":true,"interaction":{"idSuffix":"titleText"}},"wdio_ui5_key":"etmportal.ui.manageclassifications.view.Createsap.m.StandardListItem{\"title\":\"Dropdown\"}"}]}
COMMAND: GET /session/2d3f18d96ae83e7081695401c2e0fdda/screenshot - {}
RESULT: {"script":"<script> [1562 bytes]","args":[{"selector":{"controlType":"sap.m.StandardListItem","viewName":"etm.portal.ui.manageclassifications.view.Create","viewId":"application-manageclassifications-display-component---classificationCreate","properties":{"title":"Dropdown"},"searchOpenDialogs":true,"interaction":{"idSuffix":"titleText"}},"wdio_ui5_key":"etmportal.ui.manageclassifications.view.Createsap.m.StandardListItem{\"title\":\"Dropdown\"}"}]}
RESULT: undefined
COMMAND: POST /session/2d3f18d96ae83e7081695401c2e0fdda/element - {"using":"xpath","value":"//*[@id=\"__item90\"]"}
RESULT: {}
RESULT: {"using":"xpath","value":"//*[@id=\"__item90\"]"}
COMMAND: POST /session/2d3f18d96ae83e7081695401c2e0fdda/element/f.3980C6CC6DC27C16253BC7A58143231A.d.EAF67F97FA21064FC1703B036DF52CD4.e.7004/click - {}
RESULT: {}
COMMAND: POST /session/2d3f18d96ae83e7081695401c2e0fdda/execute/async - {"script":"<script> [1562 bytes]","args":[{"selector":{"controlType":"sap.ui.core.Icon","viewName":"etm.portal.ui.manageclassifications.view.Create","viewId":"application-manageclassifications-display-component---classificationCreate","properties":{"src":{"regex":{"source":"crm\\-service\\-manager"}}}},"wdio_ui5_key":"etmportal.ui.manageclassifications.view.Createsap.ui.core.Icon{\"src\":{\"regex\":{\"source\":\"crm\\\\-service\\\\-manager\"}}}"}]}
COMMAND: GET /session/2d3f18d96ae83e7081695401c2e0fdda/screenshot - {}
RESULT: {"script":"<script> [1562 bytes]","args":[{"selector":{"controlType":"sap.ui.core.Icon","viewName":"etm.portal.ui.manageclassifications.view.Create","viewId":"application-manageclassifications-display-component---classificationCreate","properties":{"src":{"regex":{"source":"crm\\-service\\-manager"}}}},"wdio_ui5_key":"etmportal.ui.manageclassifications.view.Createsap.ui.core.Icon{\"src\":{\"regex\":{\"source\":\"crm\\\\-service\\\\-manager\"}}}"}]}
RESULT: undefined
COMMAND: POST /session/2d3f18d96ae83e7081695401c2e0fdda/element - {"using":"xpath","value":"//*[@id=\"__button32-application-manageclassifications-display-component---classificationCreate--configurationList-0-img\"]"}
RESULT: {}
RESULT: {"using":"xpath","value":"//*[@id=\"__button32-application-manageclassifications-display-component---classificationCreate--configurationList-0-img\"]"}
COMMAND: POST /session/2d3f18d96ae83e7081695401c2e0fdda/element/f.3980C6CC6DC27C16253BC7A58143231A.d.EAF67F97FA21064FC1703B036DF52CD4.e.7006/click - {}
RESULT: {}
COMMAND: POST /session/2d3f18d96ae83e7081695401c2e0fdda/element - {"using":"xpath","value":"//button[@title=\"Add additional value\"]"}
COMMAND: GET /session/2d3f18d96ae83e7081695401c2e0fdda/screenshot - {}
RESULT: {"using":"xpath","value":"//button[@title=\"Add additional value\"]"}
COMMAND: POST /session/2d3f18d96ae83e7081695401c2e0fdda/element/f.3980C6CC6DC27C16253BC7A58143231A.d.EAF67F97FA21064FC1703B036DF52CD4.e.7007/click - {}
RESULT: {}
RESULT: {}
COMMAND: POST /session/2d3f18d96ae83e7081695401c2e0fdda/execute/async - {"script":"<script> [1562 bytes]","args":[{"selector":{"controlType":"sap.m.Input","viewName":"etm.portal.ui.manageclassifications.view.Create","viewId":"application-manageclassifications-display-component---classificationCreate","bindingPath":{"path":"/VALUES/0","propertyPath":"VALUE","modelName":"dropdownValuesModel"},"searchOpenDialogs":true,"interaction":{"idSuffix":"inner"}},"wdio_ui5_key":"etmportal.ui.manageclassifications.view.Createsap.m.Input{\"path\":\"/VALUES/0\",\"propertyPath\":\"VALUE\",\"modelName\":\"dropdownValuesModel\"}"}]}
COMMAND: GET /session/2d3f18d96ae83e7081695401c2e0fdda/screenshot - {}
RESULT: {"script":"<script> [1562 bytes]","args":[{"selector":{"controlType":"sap.m.Input","viewName":"etm.portal.ui.manageclassifications.view.Create","viewId":"application-manageclassifications-display-component---classificationCreate","bindingPath":{"path":"/VALUES/0","propertyPath":"VALUE","modelName":"dropdownValuesModel"},"searchOpenDialogs":true,"interaction":{"idSuffix":"inner"}},"wdio_ui5_key":"etmportal.ui.manageclassifications.view.Createsap.m.Input{\"path\":\"/VALUES/0\",\"propertyPath\":\"VALUE\",\"modelName\":\"dropdownValuesModel\"}"}]}
RESULT: undefined
COMMAND: POST /session/2d3f18d96ae83e7081695401c2e0fdda/execute/async - {"script":"<script> [776 bytes]","args":[{"enterText":"1","selector":{"controlType":"sap.m.Input","viewName":"etm.portal.ui.manageclassifications.view.Create","viewId":"application-manageclassifications-display-component---classificationCreate","bindingPath":{"path":"/VALUES/0","propertyPath":"VALUE","modelName":"dropdownValuesModel"},"searchOpenDialogs":true,"interaction":{"idSuffix":"inner"}},"clearTextFirst":true,"interactionType":"ENTER_TEXT"}]}
RESULT: {}
RESULT: {"script":"<script> [776 bytes]","args":[{"enterText":"1","selector":{"controlType":"sap.m.Input","viewName":"etm.portal.ui.manageclassifications.view.Create","viewId":"application-manageclassifications-display-component---classificationCreate","bindingPath":{"path":"/VALUES/0","propertyPath":"VALUE","modelName":"dropdownValuesModel"},"searchOpenDialogs":true,"interaction":{"idSuffix":"inner"}},"clearTextFirst":true,"interactionType":"ENTER_TEXT"}]}
COMMAND: POST /session/2d3f18d96ae83e7081695401c2e0fdda/execute/async - {"script":"<script> [1562 bytes]","args":[{"selector":{"controlType":"sap.m.Input","viewName":"etm.portal.ui.manageclassifications.view.Create","viewId":"application-manageclassifications-display-component---classificationCreate","bindingPath":{"path":"/VALUES/0","propertyPath":"TEXT","modelName":"dropdownValuesModel"},"searchOpenDialogs":true,"interaction":{"idSuffix":"inner"}},"wdio_ui5_key":"etmportal.ui.manageclassifications.view.Createsap.m.Input{\"path\":\"/VALUES/0\",\"propertyPath\":\"TEXT\",\"modelName\":\"dropdownValuesModel\"}"}]}
RESULT: {"script":"<script> [1562 bytes]","args":[{"selector":{"controlType":"sap.m.Input","viewName":"etm.portal.ui.manageclassifications.view.Create","viewId":"application-manageclassifications-display-component---classificationCreate","bindingPath":{"path":"/VALUES/0","propertyPath":"TEXT","modelName":"dropdownValuesModel"},"searchOpenDialogs":true,"interaction":{"idSuffix":"inner"}},"wdio_ui5_key":"etmportal.ui.manageclassifications.view.Createsap.m.Input{\"path\":\"/VALUES/0\",\"propertyPath\":\"TEXT\",\"modelName\":\"dropdownValuesModel\"}"}]}
RESULT: undefined
COMMAND: POST /session/2d3f18d96ae83e7081695401c2e0fdda/execute/async - {"script":"<script> [776 bytes]","args":[{"enterText":"blue","selector":{"controlType":"sap.m.Input","viewName":"etm.portal.ui.manageclassifications.view.Create","viewId":"application-manageclassifications-display-component---classificationCreate","bindingPath":{"path":"/VALUES/0","propertyPath":"TEXT","modelName":"dropdownValuesModel"},"searchOpenDialogs":true,"interaction":{"idSuffix":"inner"}},"clearTextFirst":true,"interactionType":"ENTER_TEXT"}]}
RESULT: {"script":"<script> [776 bytes]","args":[{"enterText":"blue","selector":{"controlType":"sap.m.Input","viewName":"etm.portal.ui.manageclassifications.view.Create","viewId":"application-manageclassifications-display-component---classificationCreate","bindingPath":{"path":"/VALUES/0","propertyPath":"TEXT","modelName":"dropdownValuesModel"},"searchOpenDialogs":true,"interaction":{"idSuffix":"inner"}},"clearTextFirst":true,"interactionType":"ENTER_TEXT"}]}
COMMAND: POST /session/2d3f18d96ae83e7081695401c2e0fdda/element - {"using":"xpath","value":"//button[@title=\"Add additional value\"]"}
RESULT: {"using":"xpath","value":"//button[@title=\"Add additional value\"]"}
COMMAND: POST /session/2d3f18d96ae83e7081695401c2e0fdda/element/f.3980C6CC6DC27C16253BC7A58143231A.d.EAF67F97FA21064FC1703B036DF52CD4.e.7007/click - {}
RESULT: {}
COMMAND: POST /session/2d3f18d96ae83e7081695401c2e0fdda/execute/async - {"script":"<script> [1562 bytes]","args":[{"selector":{"controlType":"sap.m.Input","viewName":"etm.portal.ui.manageclassifications.view.Create","viewId":"application-manageclassifications-display-component---classificationCreate","bindingPath":{"path":"/VALUES/1","propertyPath":"VALUE","modelName":"dropdownValuesModel"},"searchOpenDialogs":true,"interaction":{"idSuffix":"inner"}},"wdio_ui5_key":"etmportal.ui.manageclassifications.view.Createsap.m.Input{\"path\":\"/VALUES/1\",\"propertyPath\":\"VALUE\",\"modelName\":\"dropdownValuesModel\"}"}]}
COMMAND: GET /session/2d3f18d96ae83e7081695401c2e0fdda/screenshot - {}
RESULT: {"script":"<script> [1562 bytes]","args":[{"selector":{"controlType":"sap.m.Input","viewName":"etm.portal.ui.manageclassifications.view.Create","viewId":"application-manageclassifications-display-component---classificationCreate","bindingPath":{"path":"/VALUES/1","propertyPath":"VALUE","modelName":"dropdownValuesModel"},"searchOpenDialogs":true,"interaction":{"idSuffix":"inner"}},"wdio_ui5_key":"etmportal.ui.manageclassifications.view.Createsap.m.Input{\"path\":\"/VALUES/1\",\"propertyPath\":\"VALUE\",\"modelName\":\"dropdownValuesModel\"}"}]}
RESULT: undefined
COMMAND: POST /session/2d3f18d96ae83e7081695401c2e0fdda/execute/async - {"script":"<script> [776 bytes]","args":[{"enterText":"2","selector":{"controlType":"sap.m.Input","viewName":"etm.portal.ui.manageclassifications.view.Create","viewId":"application-manageclassifications-display-component---classificationCreate","bindingPath":{"path":"/VALUES/1","propertyPath":"VALUE","modelName":"dropdownValuesModel"},"searchOpenDialogs":true,"interaction":{"idSuffix":"inner"}},"clearTextFirst":true,"interactionType":"ENTER_TEXT"}]}
RESULT: {}
RESULT: {"script":"<script> [776 bytes]","args":[{"enterText":"2","selector":{"controlType":"sap.m.Input","viewName":"etm.portal.ui.manageclassifications.view.Create","viewId":"application-manageclassifications-display-component---classificationCreate","bindingPath":{"path":"/VALUES/1","propertyPath":"VALUE","modelName":"dropdownValuesModel"},"searchOpenDialogs":true,"interaction":{"idSuffix":"inner"}},"clearTextFirst":true,"interactionType":"ENTER_TEXT"}]}
COMMAND: POST /session/2d3f18d96ae83e7081695401c2e0fdda/execute/async - {"script":"<script> [1562 bytes]","args":[{"selector":{"controlType":"sap.m.Input","viewName":"etm.portal.ui.manageclassifications.view.Create","viewId":"application-manageclassifications-display-component---classificationCreate","bindingPath":{"path":"/VALUES/1","propertyPath":"TEXT","modelName":"dropdownValuesModel"},"searchOpenDialogs":true,"interaction":{"idSuffix":"inner"}},"wdio_ui5_key":"etmportal.ui.manageclassifications.view.Createsap.m.Input{\"path\":\"/VALUES/1\",\"propertyPath\":\"TEXT\",\"modelName\":\"dropdownValuesModel\"}"}]}
RESULT: {"script":"<script> [1562 bytes]","args":[{"selector":{"controlType":"sap.m.Input","viewName":"etm.portal.ui.manageclassifications.view.Create","viewId":"application-manageclassifications-display-component---classificationCreate","bindingPath":{"path":"/VALUES/1","propertyPath":"TEXT","modelName":"dropdownValuesModel"},"searchOpenDialogs":true,"interaction":{"idSuffix":"inner"}},"wdio_ui5_key":"etmportal.ui.manageclassifications.view.Createsap.m.Input{\"path\":\"/VALUES/1\",\"propertyPath\":\"TEXT\",\"modelName\":\"dropdownValuesModel\"}"}]}
RESULT: undefined
COMMAND: POST /session/2d3f18d96ae83e7081695401c2e0fdda/execute/async - {"script":"<script> [776 bytes]","args":[{"enterText":"red","selector":{"controlType":"sap.m.Input","viewName":"etm.portal.ui.manageclassifications.view.Create","viewId":"application-manageclassifications-display-component---classificationCreate","bindingPath":{"path":"/VALUES/1","propertyPath":"TEXT","modelName":"dropdownValuesModel"},"searchOpenDialogs":true,"interaction":{"idSuffix":"inner"}},"clearTextFirst":true,"interactionType":"ENTER_TEXT"}]}
RESULT: {"script":"<script> [776 bytes]","args":[{"enterText":"red","selector":{"controlType":"sap.m.Input","viewName":"etm.portal.ui.manageclassifications.view.Create","viewId":"application-manageclassifications-display-component---classificationCreate","bindingPath":{"path":"/VALUES/1","propertyPath":"TEXT","modelName":"dropdownValuesModel"},"searchOpenDialogs":true,"interaction":{"idSuffix":"inner"}},"clearTextFirst":true,"interactionType":"ENTER_TEXT"}]}
COMMAND: POST /session/2d3f18d96ae83e7081695401c2e0fdda/execute/async - {"script":"<script> [1562 bytes]","args":[{"selector":{"controlType":"sap.m.Button","viewName":"etm.portal.ui.manageclassifications.view.Create","viewId":"application-manageclassifications-display-component---classificationCreate","i18NText":{"propertyName":"text","key":"save"},"searchOpenDialogs":true,"interaction":{"idSuffix":"BDI-content"}},"wdio_ui5_key":"etmportal.ui.manageclassifications.view.Createsap.m.Button{\"propertyName\":\"text\",\"key\":\"save\"}"}]}
RESULT: {"script":"<script> [1562 bytes]","args":[{"selector":{"controlType":"sap.m.Button","viewName":"etm.portal.ui.manageclassifications.view.Create","viewId":"application-manageclassifications-display-component---classificationCreate","i18NText":{"propertyName":"text","key":"save"},"searchOpenDialogs":true,"interaction":{"idSuffix":"BDI-content"}},"wdio_ui5_key":"etmportal.ui.manageclassifications.view.Createsap.m.Button{\"propertyName\":\"text\",\"key\":\"save\"}"}]}
RESULT: undefined
COMMAND: POST /session/2d3f18d96ae83e7081695401c2e0fdda/element - {"using":"xpath","value":"//*[@id=\"__button42\"]"}
RESULT: {"using":"xpath","value":"//*[@id=\"__button42\"]"}
COMMAND: POST /session/2d3f18d96ae83e7081695401c2e0fdda/element/f.3980C6CC6DC27C16253BC7A58143231A.d.EAF67F97FA21064FC1703B036DF52CD4.e.7027/click - {}
RESULT: {}
COMMAND: GET /session/2d3f18d96ae83e7081695401c2e0fdda/screenshot - {}
RESULT: {}
COMMAND: POST /session/2d3f18d96ae83e7081695401c2e0fdda/element - {"using":"xpath","value":"//button[@title=\"Save\"]"}
RESULT: {"using":"xpath","value":"//button[@title=\"Save\"]"}
COMMAND: POST /session/2d3f18d96ae83e7081695401c2e0fdda/element/f.3980C6CC6DC27C16253BC7A58143231A.d.EAF67F97FA21064FC1703B036DF52CD4.e.6964/click - {}
RESULT: {}
COMMAND: GET /session/2d3f18d96ae83e7081695401c2e0fdda/screenshot - {}
RESULT: {}
COMMAND: POST /session/2d3f18d96ae83e7081695401c2e0fdda/execute/async - {"script":"<script> [1562 bytes]","args":[{"selector":{"id":"application-manageclassifications-display-component---classificationMaster--smartFilterBar-btnBasicSearch","interaction":{"idSuffix":"I"}},"wdio_ui5_key":"applicationmanageclassifications-display-component---classificationMaster--smartFilterBar-btnBasicSearch"}]}
RESULT: {"script":"<script> [1562 bytes]","args":[{"selector":{"id":"application-manageclassifications-display-component---classificationMaster--smartFilterBar-btnBasicSearch","interaction":{"idSuffix":"I"}},"wdio_ui5_key":"applicationmanageclassifications-display-component---classificationMaster--smartFilterBar-btnBasicSearch"}]}
RESULT: undefined
COMMAND: POST /session/2d3f18d96ae83e7081695401c2e0fdda/execute/async - {"script":"<script> [776 bytes]","args":[{"enterText":"WebdriverItemClass5ys3y","selector":{"id":"application-manageclassifications-display-component---classificationMaster--smartFilterBar-btnBasicSearch","interaction":{"idSuffix":"I"}},"clearTextFirst":true,"interactionType":"ENTER_TEXT"}]}
RESULT: {"script":"<script> [776 bytes]","args":[{"enterText":"WebdriverItemClass5ys3y","selector":{"id":"application-manageclassifications-display-component---classificationMaster--smartFilterBar-btnBasicSearch","interaction":{"idSuffix":"I"}},"clearTextFirst":true,"interactionType":"ENTER_TEXT"}]}
COMMAND: POST /session/2d3f18d96ae83e7081695401c2e0fdda/actions - {"actions":[{"id":"action46","type":"key","parameters":{},"actions":[{"type":"keyDown","value":"î€‡"},{"type":"pause","duration":10},{"type":"keyUp","value":"î€‡"}]}]}
RESULT: {"actions":[{"id":"action46","type":"key","parameters":{},"actions":[{"type":"keyDown","value":"î€‡"},{"type":"pause","duration":10},{"type":"keyUp","value":"î€‡"}]}]}
COMMAND: POST /session/2d3f18d96ae83e7081695401c2e0fdda/execute/async - {"script":"<script> [1562 bytes]","args":[{"selector":{"id":"application-manageclassifications-display-component---classificationMaster--smartTable-header"},"wdio_ui5_key":"applicationmanageclassifications-display-component---classificationMaster--smartTable-header"}]}
COMMAND: GET /session/2d3f18d96ae83e7081695401c2e0fdda/screenshot - {}
RESULT: {"script":"<script> [1562 bytes]","args":[{"selector":{"id":"application-manageclassifications-display-component---classificationMaster--smartTable-header"},"wdio_ui5_key":"applicationmanageclassifications-display-component---classificationMaster--smartTable-header"}]}
RESULT: undefined
COMMAND: POST /session/2d3f18d96ae83e7081695401c2e0fdda/execute/async - {"script":"<script> [6424 bytes]","args":[{"element-6066-11e4-a52e-4f735466cecf":"f.3980C6CC6DC27C16253BC7A58143231A.d.EAF67F97FA21064FC1703B036DF52CD4.e.7198"},"getText",[]]}
RESULT: {}
RESULT: {"script":"<script> [6424 bytes]","args":[{"element-6066-11e4-a52e-4f735466cecf":"f.3980C6CC6DC27C16253BC7A58143231A.d.EAF67F97FA21064FC1703B036DF52CD4.e.7198"},"getText",[]]}
COMMAND: POST /session/2d3f18d96ae83e7081695401c2e0fdda/element - {"using":"css selector","value":"#shell-header-logo"}
RESULT: {"using":"css selector","value":"#shell-header-logo"}
COMMAND: POST /session/2d3f18d96ae83e7081695401c2e0fdda/element/f.3980C6CC6DC27C16253BC7A58143231A.d.EAF67F97FA21064FC1703B036DF52CD4.e.6624/click - {}
RESULT: {}
COMMAND: GET /session/2d3f18d96ae83e7081695401c2e0fdda/screenshot - {}
RESULT: {}
]]></system-out>
    </testcase>
    <testcase classname="chrome.136_0_7103_49.windows.Manage_requests_-_requests_specifications_US141095" name="Should create a new section and a catalog item" time="155.188">
      <system-out><![CDATA[
COMMAND: POST /session/2d3f18d96ae83e7081695401c2e0fdda/execute/async - {"script":"<script> [1562 bytes]","args":[{"selector":{"controlType":"sap.m.GenericTile","properties":{"header":"Manage Catalogs"}},"wdio_ui5_key":"sapm.GenericTile{\"header\":\"Manage Catalogs\"}"}]}
RESULT: {"script":"<script> [1562 bytes]","args":[{"selector":{"controlType":"sap.m.GenericTile","properties":{"header":"Manage Catalogs"}},"wdio_ui5_key":"sapm.GenericTile{\"header\":\"Manage Catalogs\"}"}]}
RESULT: undefined
COMMAND: POST /session/2d3f18d96ae83e7081695401c2e0fdda/element - {"using":"xpath","value":"//*[@id=\"__tile37\"]"}
RESULT: {"using":"xpath","value":"//*[@id=\"__tile37\"]"}
COMMAND: POST /session/2d3f18d96ae83e7081695401c2e0fdda/element/f.3980C6CC6DC27C16253BC7A58143231A.d.EAF67F97FA21064FC1703B036DF52CD4.e.7202/click - {}
RESULT: {}
COMMAND: GET /session/2d3f18d96ae83e7081695401c2e0fdda/screenshot - {}
RESULT: {}
COMMAND: POST /session/2d3f18d96ae83e7081695401c2e0fdda/elements - {"using":"xpath","value":"//span[text()='Error']"}
RESULT: {"using":"xpath","value":"//span[text()='Error']"}
COMMAND: POST /session/2d3f18d96ae83e7081695401c2e0fdda/execute/async - {"script":"<script> [1562 bytes]","args":[{"selector":{"controlType":"sap.m.Text","viewName":"etm.portal.ui.managecatalogs.view.MasterCatalogs","viewId":"application-managecatalogs-display-component---masterCatalogs","bindingPath":{"path":"/Catalogs('0D7502D073D53A0F1700BE067B89AFF9')","propertyPath":"DESCRIPTION","modelName":"catalogModel"}},"wdio_ui5_key":"etmportal.ui.managecatalogs.view.MasterCatalogssap.m.Text{\"path\":\"/Catalogs('0D7502D073D53A0F1700BE067B89AFF9')\",\"propertyPath\":\"DESCRIPTION\",\"modelName\":\"catalogModel\"}"}]}
RESULT: {"script":"<script> [1562 bytes]","args":[{"selector":{"controlType":"sap.m.Text","viewName":"etm.portal.ui.managecatalogs.view.MasterCatalogs","viewId":"application-managecatalogs-display-component---masterCatalogs","bindingPath":{"path":"/Catalogs('0D7502D073D53A0F1700BE067B89AFF9')","propertyPath":"DESCRIPTION","modelName":"catalogModel"}},"wdio_ui5_key":"etmportal.ui.managecatalogs.view.MasterCatalogssap.m.Text{\"path\":\"/Catalogs('0D7502D073D53A0F1700BE067B89AFF9')\",\"propertyPath\":\"DESCRIPTION\",\"modelName\":\"catalogModel\"}"}]}
RESULT: undefined
COMMAND: POST /session/2d3f18d96ae83e7081695401c2e0fdda/element - {"using":"xpath","value":"//*[@id=\"__text432-application-managecatalogs-display-component---masterCatalogs--CatalogsTable-11\"]"}
RESULT: {"using":"xpath","value":"//*[@id=\"__text432-application-managecatalogs-display-component---masterCatalogs--CatalogsTable-11\"]"}
COMMAND: POST /session/2d3f18d96ae83e7081695401c2e0fdda/element/f.3980C6CC6DC27C16253BC7A58143231A.d.EAF67F97FA21064FC1703B036DF52CD4.e.7270/click - {}
RESULT: {}
COMMAND: POST /session/2d3f18d96ae83e7081695401c2e0fdda/execute/async - {"script":"<script> [1562 bytes]","args":[{"selector":{"controlType":"sap.ui.layout.HorizontalLayout","viewName":"etm.portal.ui.managecatalogs.view.MasterItems","viewId":"application-managecatalogs-display-component---masterCatalogItems","ancestor":{"id":"application-managecatalogs-display-component---masterCatalogItems--idCatalogItemsTree-rows-row0"}},"wdio_ui5_key":"etmportal.ui.managecatalogs.view.MasterItemssap.ui.layout.HorizontalLayout{\"id\":\"application-managecatalogs-display-component---masterCatalogItems--idCatalogItemsTree-rows-row0\"}"}]}
COMMAND: GET /session/2d3f18d96ae83e7081695401c2e0fdda/screenshot - {}
RESULT: {"script":"<script> [1562 bytes]","args":[{"selector":{"controlType":"sap.ui.layout.HorizontalLayout","viewName":"etm.portal.ui.managecatalogs.view.MasterItems","viewId":"application-managecatalogs-display-component---masterCatalogItems","ancestor":{"id":"application-managecatalogs-display-component---masterCatalogItems--idCatalogItemsTree-rows-row0"}},"wdio_ui5_key":"etmportal.ui.managecatalogs.view.MasterItemssap.ui.layout.HorizontalLayout{\"id\":\"application-managecatalogs-display-component---masterCatalogItems--idCatalogItemsTree-rows-row0\"}"}]}
RESULT: undefined
COMMAND: POST /session/2d3f18d96ae83e7081695401c2e0fdda/element - {"using":"xpath","value":"//*[@id=\"__layout40-__clone396\"]"}
RESULT: {}
RESULT: {"using":"xpath","value":"//*[@id=\"__layout40-__clone396\"]"}
COMMAND: POST /session/2d3f18d96ae83e7081695401c2e0fdda/element/f.3980C6CC6DC27C16253BC7A58143231A.d.EAF67F97FA21064FC1703B036DF52CD4.e.7305/click - {}
RESULT: {}
COMMAND: GET /session/2d3f18d96ae83e7081695401c2e0fdda/screenshot - {}
COMMAND: POST /session/2d3f18d96ae83e7081695401c2e0fdda/execute/async - {"script":"<script> [1562 bytes]","args":[{"selector":{"controlType":"sap.m.Button","viewName":"etm.portal.ui.managecatalogs.view.Detail","viewId":"application-managecatalogs-display-component---detailCatalog","i18NText":{"propertyName":"text","key":"edit"},"interaction":{"idSuffix":"BDI-content"}},"wdio_ui5_key":"etmportal.ui.managecatalogs.view.Detailsap.m.Button{\"propertyName\":\"text\",\"key\":\"edit\"}"}]}
RESULT: {}
RESULT: {"script":"<script> [1562 bytes]","args":[{"selector":{"controlType":"sap.m.Button","viewName":"etm.portal.ui.managecatalogs.view.Detail","viewId":"application-managecatalogs-display-component---detailCatalog","i18NText":{"propertyName":"text","key":"edit"},"interaction":{"idSuffix":"BDI-content"}},"wdio_ui5_key":"etmportal.ui.managecatalogs.view.Detailsap.m.Button{\"propertyName\":\"text\",\"key\":\"edit\"}"}]}
RESULT: undefined
COMMAND: POST /session/2d3f18d96ae83e7081695401c2e0fdda/element - {"using":"xpath","value":"//*[@id=\"__button86\"]"}
RESULT: {"using":"xpath","value":"//*[@id=\"__button86\"]"}
COMMAND: POST /session/2d3f18d96ae83e7081695401c2e0fdda/element/f.3980C6CC6DC27C16253BC7A58143231A.d.EAF67F97FA21064FC1703B036DF52CD4.e.7391/click - {}
RESULT: {}
COMMAND: GET /session/2d3f18d96ae83e7081695401c2e0fdda/screenshot - {}
RESULT: {}
COMMAND: POST /session/2d3f18d96ae83e7081695401c2e0fdda/element - {"using":"xpath","value":"//bdi[contains(text(), \"Unlock\")]"}
RESULT: {"using":"xpath","value":"//bdi[contains(text(), \"Unlock\")]"}
COMMAND: POST /session/2d3f18d96ae83e7081695401c2e0fdda/elements - {"using":"xpath","value":"//bdi[contains(text(), \"Unlock\")]"}
RESULT: {"using":"xpath","value":"//bdi[contains(text(), \"Unlock\")]"}
COMMAND: POST /session/2d3f18d96ae83e7081695401c2e0fdda/execute/async - {"script":"<script> [1562 bytes]","args":[{"selector":{"controlType":"sap.ui.core.Icon","viewName":"etm.portal.ui.managecatalogs.view.Detail","viewId":"application-managecatalogs-display-component---detailCatalog","properties":{"src":{"regex":{"source":"add\\-folder"}}}},"wdio_ui5_key":"etmportal.ui.managecatalogs.view.Detailsap.ui.core.Icon{\"src\":{\"regex\":{\"source\":\"add\\\\-folder\"}}}"}]}
RESULT: {"script":"<script> [1562 bytes]","args":[{"selector":{"controlType":"sap.ui.core.Icon","viewName":"etm.portal.ui.managecatalogs.view.Detail","viewId":"application-managecatalogs-display-component---detailCatalog","properties":{"src":{"regex":{"source":"add\\-folder"}}}},"wdio_ui5_key":"etmportal.ui.managecatalogs.view.Detailsap.ui.core.Icon{\"src\":{\"regex\":{\"source\":\"add\\\\-folder\"}}}"}]}
RESULT: undefined
COMMAND: POST /session/2d3f18d96ae83e7081695401c2e0fdda/element - {"using":"xpath","value":"//*[@id=\"__button94-img\"]"}
RESULT: {"using":"xpath","value":"//*[@id=\"__button94-img\"]"}
COMMAND: POST /session/2d3f18d96ae83e7081695401c2e0fdda/element/f.3980C6CC6DC27C16253BC7A58143231A.d.EAF67F97FA21064FC1703B036DF52CD4.e.7399/click - {}
RESULT: {}
COMMAND: GET /session/2d3f18d96ae83e7081695401c2e0fdda/screenshot - {}
RESULT: {}
COMMAND: POST /session/2d3f18d96ae83e7081695401c2e0fdda/execute/async - {"script":"<script> [1562 bytes]","args":[{"selector":{"id":"application-managecatalogs-display-component---detailCatalog--numberInput","searchOpenDialogs":true,"interaction":{"idSuffix":"inner"}},"wdio_ui5_key":"applicationmanagecatalogs-display-component---detailCatalog--numberInput"}]}
RESULT: {"script":"<script> [1562 bytes]","args":[{"selector":{"id":"application-managecatalogs-display-component---detailCatalog--numberInput","searchOpenDialogs":true,"interaction":{"idSuffix":"inner"}},"wdio_ui5_key":"applicationmanagecatalogs-display-component---detailCatalog--numberInput"}]}
RESULT: undefined
COMMAND: POST /session/2d3f18d96ae83e7081695401c2e0fdda/execute/async - {"script":"<script> [776 bytes]","args":[{"enterText":"Section8j0pt","selector":{"id":"application-managecatalogs-display-component---detailCatalog--numberInput","searchOpenDialogs":true,"interaction":{"idSuffix":"inner"}},"clearTextFirst":true,"interactionType":"ENTER_TEXT"}]}
RESULT: {"script":"<script> [776 bytes]","args":[{"enterText":"Section8j0pt","selector":{"id":"application-managecatalogs-display-component---detailCatalog--numberInput","searchOpenDialogs":true,"interaction":{"idSuffix":"inner"}},"clearTextFirst":true,"interactionType":"ENTER_TEXT"}]}
COMMAND: POST /session/2d3f18d96ae83e7081695401c2e0fdda/element - {"using":"css selector","value":"#application-managecatalogs-display-component---detailCatalog--nameInput-inner"}
RESULT: {"using":"css selector","value":"#application-managecatalogs-display-component---detailCatalog--nameInput-inner"}
COMMAND: POST /session/2d3f18d96ae83e7081695401c2e0fdda/elements - {"using":"css selector","value":"#application-managecatalogs-display-component---detailCatalog--nameInput-inner"}
RESULT: {"using":"css selector","value":"#application-managecatalogs-display-component---detailCatalog--nameInput-inner"}
COMMAND: POST /session/2d3f18d96ae83e7081695401c2e0fdda/element/f.3980C6CC6DC27C16253BC7A58143231A.d.EAF67F97FA21064FC1703B036DF52CD4.e.7403/clear - {}
RESULT: {}
COMMAND: POST /session/2d3f18d96ae83e7081695401c2e0fdda/element/f.3980C6CC6DC27C16253BC7A58143231A.d.EAF67F97FA21064FC1703B036DF52CD4.e.7403/value - {"text":"Webdriverr6s21"}
COMMAND: GET /session/2d3f18d96ae83e7081695401c2e0fdda/screenshot - {}
RESULT: {"text":"Webdriverr6s21"}
COMMAND: POST /session/2d3f18d96ae83e7081695401c2e0fdda/execute/async - {"script":"<script> [1562 bytes]","args":[{"selector":{"controlType":"sap.m.Button","viewName":"etm.portal.ui.managecatalogs.view.Detail","viewId":"application-managecatalogs-display-component---detailCatalog","i18NText":{"propertyName":"text","key":"create"},"searchOpenDialogs":true,"interaction":{"idSuffix":"BDI-content"}},"wdio_ui5_key":"etmportal.ui.managecatalogs.view.Detailsap.m.Button{\"propertyName\":\"text\",\"key\":\"create\"}"}]}
COMMAND: GET /session/2d3f18d96ae83e7081695401c2e0fdda/screenshot - {}
RESULT: {}
RESULT: {"script":"<script> [1562 bytes]","args":[{"selector":{"controlType":"sap.m.Button","viewName":"etm.portal.ui.managecatalogs.view.Detail","viewId":"application-managecatalogs-display-component---detailCatalog","i18NText":{"propertyName":"text","key":"create"},"searchOpenDialogs":true,"interaction":{"idSuffix":"BDI-content"}},"wdio_ui5_key":"etmportal.ui.managecatalogs.view.Detailsap.m.Button{\"propertyName\":\"text\",\"key\":\"create\"}"}]}
RESULT: undefined
COMMAND: POST /session/2d3f18d96ae83e7081695401c2e0fdda/element - {"using":"xpath","value":"//*[@id=\"__button64\"]"}
RESULT: {}
RESULT: {"using":"xpath","value":"//*[@id=\"__button64\"]"}
COMMAND: POST /session/2d3f18d96ae83e7081695401c2e0fdda/element/f.3980C6CC6DC27C16253BC7A58143231A.d.EAF67F97FA21064FC1703B036DF52CD4.e.7408/click - {}
RESULT: {}
COMMAND: GET /session/2d3f18d96ae83e7081695401c2e0fdda/screenshot - {}
RESULT: {}
COMMAND: POST /session/2d3f18d96ae83e7081695401c2e0fdda/element - {"using":"xpath","value":"//button[@title=\"Save\"]"}
RESULT: {"using":"xpath","value":"//button[@title=\"Save\"]"}
COMMAND: POST /session/2d3f18d96ae83e7081695401c2e0fdda/element/f.3980C6CC6DC27C16253BC7A58143231A.d.EAF67F97FA21064FC1703B036DF52CD4.e.7409/click - {}
RESULT: {}
COMMAND: POST /session/2d3f18d96ae83e7081695401c2e0fdda/execute/async - {"script":"<script> [1562 bytes]","args":[{"selector":{"controlType":"sap.ui.core.Icon","viewName":"etm.portal.ui.managecatalogs.view.Detail","viewId":"application-managecatalogs-display-component---detailCatalog","properties":{"src":{"regex":{"source":"decline"}}}},"wdio_ui5_key":"etmportal.ui.managecatalogs.view.Detailsap.ui.core.Icon{\"src\":{\"regex\":{\"source\":\"decline\"}}}"}]}
COMMAND: GET /session/2d3f18d96ae83e7081695401c2e0fdda/screenshot - {}
RESULT: {"script":"<script> [1562 bytes]","args":[{"selector":{"controlType":"sap.ui.core.Icon","viewName":"etm.portal.ui.managecatalogs.view.Detail","viewId":"application-managecatalogs-display-component---detailCatalog","properties":{"src":{"regex":{"source":"decline"}}}},"wdio_ui5_key":"etmportal.ui.managecatalogs.view.Detailsap.ui.core.Icon{\"src\":{\"regex\":{\"source\":\"decline\"}}}"}]}
RESULT: undefined
COMMAND: POST /session/2d3f18d96ae83e7081695401c2e0fdda/element - {"using":"xpath","value":"//*[@id=\"__button89-img\"]"}
RESULT: {}
RESULT: {"using":"xpath","value":"//*[@id=\"__button89-img\"]"}
COMMAND: POST /session/2d3f18d96ae83e7081695401c2e0fdda/element/f.3980C6CC6DC27C16253BC7A58143231A.d.EAF67F97FA21064FC1703B036DF52CD4.e.7414/click - {}
RESULT: {}
COMMAND: GET /session/2d3f18d96ae83e7081695401c2e0fdda/screenshot - {}
RESULT: {}
COMMAND: POST /session/2d3f18d96ae83e7081695401c2e0fdda/execute/async - {"script":"<script> [1562 bytes]","args":[{"selector":{"controlType":"sap.ui.core.Icon","viewName":"etm.portal.ui.managecatalogs.view.MasterItems","viewId":"application-managecatalogs-display-component---masterCatalogItems","properties":{"src":{"regex":{"source":"refresh"}}}},"wdio_ui5_key":"etmportal.ui.managecatalogs.view.MasterItemssap.ui.core.Icon{\"src\":{\"regex\":{\"source\":\"refresh\"}}}"}]}
RESULT: {"script":"<script> [1562 bytes]","args":[{"selector":{"controlType":"sap.ui.core.Icon","viewName":"etm.portal.ui.managecatalogs.view.MasterItems","viewId":"application-managecatalogs-display-component---masterCatalogItems","properties":{"src":{"regex":{"source":"refresh"}}}},"wdio_ui5_key":"etmportal.ui.managecatalogs.view.MasterItemssap.ui.core.Icon{\"src\":{\"regex\":{\"source\":\"refresh\"}}}"}]}
RESULT: undefined
COMMAND: POST /session/2d3f18d96ae83e7081695401c2e0fdda/element - {"using":"xpath","value":"//*[@id=\"__button62-img\"]"}
RESULT: {"using":"xpath","value":"//*[@id=\"__button62-img\"]"}
COMMAND: POST /session/2d3f18d96ae83e7081695401c2e0fdda/element/f.3980C6CC6DC27C16253BC7A58143231A.d.EAF67F97FA21064FC1703B036DF52CD4.e.7451/click - {}
RESULT: {}
COMMAND: POST /session/2d3f18d96ae83e7081695401c2e0fdda/execute/async - {"script":"<script> [1562 bytes]","args":[{"selector":{"id":"application-managecatalogs-display-component---masterCatalogItems--searchItemsField","interaction":{"idSuffix":"I"}},"wdio_ui5_key":"applicationmanagecatalogs-display-component---masterCatalogItems--searchItemsField"}]}
COMMAND: GET /session/2d3f18d96ae83e7081695401c2e0fdda/screenshot - {}
RESULT: {"script":"<script> [1562 bytes]","args":[{"selector":{"id":"application-managecatalogs-display-component---masterCatalogItems--searchItemsField","interaction":{"idSuffix":"I"}},"wdio_ui5_key":"applicationmanagecatalogs-display-component---masterCatalogItems--searchItemsField"}]}
RESULT: undefined
COMMAND: POST /session/2d3f18d96ae83e7081695401c2e0fdda/execute/async - {"script":"<script> [776 bytes]","args":[{"enterText":"Webdriverr6s21","selector":{"id":"application-managecatalogs-display-component---masterCatalogItems--searchItemsField","interaction":{"idSuffix":"I"}},"clearTextFirst":true,"interactionType":"ENTER_TEXT"}]}
RESULT: {}
RESULT: {"script":"<script> [776 bytes]","args":[{"enterText":"Webdriverr6s21","selector":{"id":"application-managecatalogs-display-component---masterCatalogItems--searchItemsField","interaction":{"idSuffix":"I"}},"clearTextFirst":true,"interactionType":"ENTER_TEXT"}]}
COMMAND: POST /session/2d3f18d96ae83e7081695401c2e0fdda/actions - {"actions":[{"id":"action47","type":"key","parameters":{},"actions":[{"type":"keyDown","value":"î€‡"},{"type":"pause","duration":10},{"type":"keyUp","value":"î€‡"}]}]}
RESULT: {"actions":[{"id":"action47","type":"key","parameters":{},"actions":[{"type":"keyDown","value":"î€‡"},{"type":"pause","duration":10},{"type":"keyUp","value":"î€‡"}]}]}
COMMAND: POST /session/2d3f18d96ae83e7081695401c2e0fdda/element - {"using":"xpath","value":"(//span[contains(text(), \"Webdriverr6s21\")])[1]"}
COMMAND: GET /session/2d3f18d96ae83e7081695401c2e0fdda/screenshot - {}
RESULT: {"using":"xpath","value":"(//span[contains(text(), \"Webdriverr6s21\")])[1]"}
COMMAND: POST /session/2d3f18d96ae83e7081695401c2e0fdda/element/f.3980C6CC6DC27C16253BC7A58143231A.d.EAF67F97FA21064FC1703B036DF52CD4.e.7454/click - {}
RESULT: {}
RESULT: {}
COMMAND: GET /session/2d3f18d96ae83e7081695401c2e0fdda/screenshot - {}
RESULT: {}
RESULT: undefined
COMMAND: POST /session/2d3f18d96ae83e7081695401c2e0fdda/element - {"using":"xpath","value":"//*[@id=\"__button86\"]"}
RESULT: {"using":"xpath","value":"//*[@id=\"__button86\"]"}
COMMAND: POST /session/2d3f18d96ae83e7081695401c2e0fdda/element/f.3980C6CC6DC27C16253BC7A58143231A.d.EAF67F97FA21064FC1703B036DF52CD4.e.7525/click - {}
RESULT: {}
COMMAND: GET /session/2d3f18d96ae83e7081695401c2e0fdda/screenshot - {}
RESULT: {}
RESULT: undefined
COMMAND: POST /session/2d3f18d96ae83e7081695401c2e0fdda/element - {"using":"xpath","value":"//*[@id=\"__button94-img\"]"}
RESULT: {"using":"xpath","value":"//*[@id=\"__button94-img\"]"}
COMMAND: POST /session/2d3f18d96ae83e7081695401c2e0fdda/element/f.3980C6CC6DC27C16253BC7A58143231A.d.EAF67F97FA21064FC1703B036DF52CD4.e.7542/click - {}
RESULT: {}
COMMAND: GET /session/2d3f18d96ae83e7081695401c2e0fdda/screenshot - {}
RESULT: {}
RESULT: undefined
COMMAND: POST /session/2d3f18d96ae83e7081695401c2e0fdda/execute/async - {"script":"<script> [776 bytes]","args":[{"enterText":"SecondSection3bbpu","selector":{"id":"application-managecatalogs-display-component---detailCatalog--numberInput","searchOpenDialogs":true,"interaction":{"idSuffix":"inner"}},"clearTextFirst":true,"interactionType":"ENTER_TEXT"}]}
RESULT: {"script":"<script> [776 bytes]","args":[{"enterText":"SecondSection3bbpu","selector":{"id":"application-managecatalogs-display-component---detailCatalog--numberInput","searchOpenDialogs":true,"interaction":{"idSuffix":"inner"}},"clearTextFirst":true,"interactionType":"ENTER_TEXT"}]}
COMMAND: POST /session/2d3f18d96ae83e7081695401c2e0fdda/element - {"using":"xpath","value":"//input[contains(@id ,\"application-managecatalogs-display-component---detailCatalog--nameInput-inner\")]"}
RESULT: {"using":"xpath","value":"//input[contains(@id ,\"application-managecatalogs-display-component---detailCatalog--nameInput-inner\")]"}
COMMAND: POST /session/2d3f18d96ae83e7081695401c2e0fdda/elements - {"using":"xpath","value":"//input[contains(@id ,\"application-managecatalogs-display-component---detailCatalog--nameInput-inner\")]"}
RESULT: {"using":"xpath","value":"//input[contains(@id ,\"application-managecatalogs-display-component---detailCatalog--nameInput-inner\")]"}
COMMAND: POST /session/2d3f18d96ae83e7081695401c2e0fdda/element/f.3980C6CC6DC27C16253BC7A58143231A.d.EAF67F97FA21064FC1703B036DF52CD4.e.7546/clear - {}
RESULT: {}
COMMAND: POST /session/2d3f18d96ae83e7081695401c2e0fdda/element/f.3980C6CC6DC27C16253BC7A58143231A.d.EAF67F97FA21064FC1703B036DF52CD4.e.7546/value - {"text":"webdriversecondvxz6a"}
COMMAND: GET /session/2d3f18d96ae83e7081695401c2e0fdda/screenshot - {}
RESULT: {"text":"webdriversecondvxz6a"}
RESULT: undefined
COMMAND: POST /session/2d3f18d96ae83e7081695401c2e0fdda/element - {"using":"xpath","value":"//*[@id=\"__button64\"]"}
COMMAND: GET /session/2d3f18d96ae83e7081695401c2e0fdda/screenshot - {}
RESULT: {}
RESULT: {"using":"xpath","value":"//*[@id=\"__button64\"]"}
COMMAND: POST /session/2d3f18d96ae83e7081695401c2e0fdda/element/f.3980C6CC6DC27C16253BC7A58143231A.d.EAF67F97FA21064FC1703B036DF52CD4.e.7550/click - {}
RESULT: {}
RESULT: {}
COMMAND: GET /session/2d3f18d96ae83e7081695401c2e0fdda/screenshot - {}
RESULT: {}
COMMAND: POST /session/2d3f18d96ae83e7081695401c2e0fdda/element - {"using":"xpath","value":"//button[@title=\"Save\"]"}
RESULT: {"using":"xpath","value":"//button[@title=\"Save\"]"}
COMMAND: POST /session/2d3f18d96ae83e7081695401c2e0fdda/element/f.3980C6CC6DC27C16253BC7A58143231A.d.EAF67F97FA21064FC1703B036DF52CD4.e.7529/click - {}
RESULT: {}
COMMAND: GET /session/2d3f18d96ae83e7081695401c2e0fdda/screenshot - {}
RESULT: {}
RESULT: undefined
COMMAND: POST /session/2d3f18d96ae83e7081695401c2e0fdda/element - {"using":"xpath","value":"//*[@id=\"__button89-img\"]"}
RESULT: {"using":"xpath","value":"//*[@id=\"__button89-img\"]"}
COMMAND: POST /session/2d3f18d96ae83e7081695401c2e0fdda/element/f.3980C6CC6DC27C16253BC7A58143231A.d.EAF67F97FA21064FC1703B036DF52CD4.e.7554/click - {}
RESULT: {}
COMMAND: GET /session/2d3f18d96ae83e7081695401c2e0fdda/screenshot - {}
RESULT: {}
RESULT: undefined
COMMAND: POST /session/2d3f18d96ae83e7081695401c2e0fdda/element - {"using":"xpath","value":"//*[@id=\"__button62-img\"]"}
RESULT: {"using":"xpath","value":"//*[@id=\"__button62-img\"]"}
COMMAND: POST /session/2d3f18d96ae83e7081695401c2e0fdda/element/f.3980C6CC6DC27C16253BC7A58143231A.d.EAF67F97FA21064FC1703B036DF52CD4.e.7589/click - {}
RESULT: {}
COMMAND: GET /session/2d3f18d96ae83e7081695401c2e0fdda/screenshot - {}
RESULT: {}
RESULT: undefined
COMMAND: POST /session/2d3f18d96ae83e7081695401c2e0fdda/execute/async - {"script":"<script> [776 bytes]","args":[{"enterText":"SecondSection3bbpu","selector":{"id":"application-managecatalogs-display-component---masterCatalogItems--searchItemsField","interaction":{"idSuffix":"I"}},"clearTextFirst":true,"interactionType":"ENTER_TEXT"}]}
RESULT: {"script":"<script> [776 bytes]","args":[{"enterText":"SecondSection3bbpu","selector":{"id":"application-managecatalogs-display-component---masterCatalogItems--searchItemsField","interaction":{"idSuffix":"I"}},"clearTextFirst":true,"interactionType":"ENTER_TEXT"}]}
COMMAND: POST /session/2d3f18d96ae83e7081695401c2e0fdda/actions - {"actions":[{"id":"action48","type":"key","parameters":{},"actions":[{"type":"keyDown","value":"î€‡"},{"type":"pause","duration":10},{"type":"keyUp","value":"î€‡"}]}]}
RESULT: {"actions":[{"id":"action48","type":"key","parameters":{},"actions":[{"type":"keyDown","value":"î€‡"},{"type":"pause","duration":10},{"type":"keyUp","value":"î€‡"}]}]}
COMMAND: POST /session/2d3f18d96ae83e7081695401c2e0fdda/element - {"using":"xpath","value":"(//span[contains(text(), \"SecondSection3bbpu\")])[1]"}
COMMAND: GET /session/2d3f18d96ae83e7081695401c2e0fdda/screenshot - {}
RESULT: {}
RESULT: {"using":"xpath","value":"(//span[contains(text(), \"SecondSection3bbpu\")])[1]"}
COMMAND: POST /session/2d3f18d96ae83e7081695401c2e0fdda/element/f.3980C6CC6DC27C16253BC7A58143231A.d.EAF67F97FA21064FC1703B036DF52CD4.e.7592/click - {}
RESULT: {}
COMMAND: POST /session/2d3f18d96ae83e7081695401c2e0fdda/element - {"using":"xpath","value":"(//span[contains(text(), \"SecondSection3bbpu\")])[1]"}
COMMAND: GET /session/2d3f18d96ae83e7081695401c2e0fdda/screenshot - {}
RESULT: {"using":"xpath","value":"(//span[contains(text(), \"SecondSection3bbpu\")])[1]"}
COMMAND: GET /session/2d3f18d96ae83e7081695401c2e0fdda/element/f.3980C6CC6DC27C16253BC7A58143231A.d.EAF67F97FA21064FC1703B036DF52CD4.e.7645/text - {}
RESULT: {}
RESULT: {}
COMMAND: POST /session/2d3f18d96ae83e7081695401c2e0fdda/refresh - {}
RESULT: {}
COMMAND: GET /session/2d3f18d96ae83e7081695401c2e0fdda/screenshot - {}
RESULT: {}
COMMAND: POST /session/2d3f18d96ae83e7081695401c2e0fdda/execute/async - {"script":"<script> [189 bytes]","args":[]}
RESULT: {"script":"<script> [189 bytes]","args":[]}
COMMAND: POST /session/2d3f18d96ae83e7081695401c2e0fdda/execute/async - {"script":"<script> [123 bytes]","args":[]}
RESULT: {"script":"<script> [123 bytes]","args":[]}
COMMAND: POST /session/2d3f18d96ae83e7081695401c2e0fdda/timeouts - {"script":"<number>"}
RESULT: {"script":"<number>"}
COMMAND: GET /session/2d3f18d96ae83e7081695401c2e0fdda/timeouts - {}
RESULT: {}
RESULT: undefined
COMMAND: POST /session/2d3f18d96ae83e7081695401c2e0fdda/execute/async - {"script":"<script> [2676 bytes]","args":[]}
RESULT: {"script":"<script> [2676 bytes]","args":[]}
COMMAND: POST /session/2d3f18d96ae83e7081695401c2e0fdda/execute/async - {"script":"<script> [2342 bytes]","args":[{"protocol":"http","hostname":"0.0.0.0","path":"/","capabilities":{"browserName":"chrome","goog:chromeOptions":{"binary":"C:\\Program Files\\Google\\Chrome\\Application\\chrome.exe","args":["--start-maximized"]}},"logLevel":"warn","connectionRetryTimeout":120000,"connectionRetryCount":3,"logLevels":{},"enableDirectConnect":true,"strictSSL":true,"_":"65 more keys: [\"cacheDir\",\"port\",\"requestedCapabilities\",\"automationProtocol\",\"baseUrl\",\"waitforInterval\",\"waitforTimeout\",\"onReload\",\"beforeCommand\",\"afterCommand\",\"rootDir\",\"specs\",\"suites\",\"exclude\",\"groupLogsByTestSpec\",\"excludeDriverLogs\",\"bail\",\"framework\",\"reporters\",\"services\",\"maxInstances\",\"maxInstancesPerCapability\",\"injectGlobals\",\"filesToWatch\",\"execArgv\",\"runnerEnv\",\"runner\",\"shard\",\"specFileRetries\",\"specFileRetriesDelay\",\"specFileRetriesDeferred\",\"reporterSyncInterval\",\"reporterSyncTimeout\",\"cucumberFeaturesWithLineNumbers\",\"autoCompileOpts\",\"mochaOpts\",\"jasmineOpts\",\"cucumberOpts\",\"onPrepare\",\"onWorkerStart\",\"onWorkerEnd\",\"before\",\"beforeSession\",\"beforeSuite\",\"beforeHook\",\"beforeTest\",\"afterTest\",\"afterHook\",\"afterSuite\",\"afterSession\",\"after\",\"onComplete\",\"beforeAssertion\",\"afterAssertion\",\"beforeFeature\",\"beforeScenario\",\"beforeStep\",\"afterStep\",\"afterScenario\",\"afterFeature\",\"_\",\"suite\",\"$0\",\"ignoredWorkerServices\",\"wdi5\"]"}]}
RESULT: {"script":"<script> [2342 bytes]","args":[{"protocol":"http","hostname":"0.0.0.0","path":"/","capabilities":{"browserName":"chrome","goog:chromeOptions":{"binary":"C:\\Program Files\\Google\\Chrome\\Application\\chrome.exe","args":["--start-maximized"]}},"logLevel":"warn","connectionRetryTimeout":120000,"connectionRetryCount":3,"logLevels":{},"enableDirectConnect":true,"strictSSL":true,"_":"65 more keys: [\"cacheDir\",\"port\",\"requestedCapabilities\",\"automationProtocol\",\"baseUrl\",\"waitforInterval\",\"waitforTimeout\",\"onReload\",\"beforeCommand\",\"afterCommand\",\"rootDir\",\"specs\",\"suites\",\"exclude\",\"groupLogsByTestSpec\",\"excludeDriverLogs\",\"bail\",\"framework\",\"reporters\",\"services\",\"maxInstances\",\"maxInstancesPerCapability\",\"injectGlobals\",\"filesToWatch\",\"execArgv\",\"runnerEnv\",\"runner\",\"shard\",\"specFileRetries\",\"specFileRetriesDelay\",\"specFileRetriesDeferred\",\"reporterSyncInterval\",\"reporterSyncTimeout\",\"cucumberFeaturesWithLineNumbers\",\"autoCompileOpts\",\"mochaOpts\",\"jasmineOpts\",\"cucumberOpts\",\"onPrepare\",\"onWorkerStart\",\"onWorkerEnd\",\"before\",\"beforeSession\",\"beforeSuite\",\"beforeHook\",\"beforeTest\",\"afterTest\",\"afterHook\",\"afterSuite\",\"afterSession\",\"after\",\"onComplete\",\"beforeAssertion\",\"afterAssertion\",\"beforeFeature\",\"beforeScenario\",\"beforeStep\",\"afterStep\",\"afterScenario\",\"afterFeature\",\"_\",\"suite\",\"$0\",\"ignoredWorkerServices\",\"wdi5\"]"}]}
COMMAND: POST /session/2d3f18d96ae83e7081695401c2e0fdda/execute/async - {"script":"<script> [21126 bytes]","args":[35000]}
RESULT: {"script":"<script> [21126 bytes]","args":[35000]}
COMMAND: POST /session/2d3f18d96ae83e7081695401c2e0fdda/execute/async - {"script":"<script> [1562 bytes]","args":[{"selector":{"controlType":"sap.m.Button","viewName":"etm.portal.ui.managecatalogs.view.Detail","viewId":"application-managecatalogs-display-component---detailCatalog","i18NText":{"propertyName":"text","key":"edit"},"interaction":{"idSuffix":"BDI-content"}},"wdio_ui5_key":"etmportal.ui.managecatalogs.view.Detailsap.m.Button{\"propertyName\":\"text\",\"key\":\"edit\"}"}]}
RESULT: {"script":"<script> [1562 bytes]","args":[{"selector":{"controlType":"sap.m.Button","viewName":"etm.portal.ui.managecatalogs.view.Detail","viewId":"application-managecatalogs-display-component---detailCatalog","i18NText":{"propertyName":"text","key":"edit"},"interaction":{"idSuffix":"BDI-content"}},"wdio_ui5_key":"etmportal.ui.managecatalogs.view.Detailsap.m.Button{\"propertyName\":\"text\",\"key\":\"edit\"}"}]}
RESULT: undefined
COMMAND: POST /session/2d3f18d96ae83e7081695401c2e0fdda/element - {"using":"xpath","value":"//*[@id=\"__button25\"]"}
RESULT: {"using":"xpath","value":"//*[@id=\"__button25\"]"}
COMMAND: POST /session/2d3f18d96ae83e7081695401c2e0fdda/element/f.3980C6CC6DC27C16253BC7A58143231A.d.C88A6082A37695FA42823A4B3DE8571F.e.7703/click - {}
RESULT: {}
COMMAND: POST /session/2d3f18d96ae83e7081695401c2e0fdda/execute/async - {"script":"<script> [1562 bytes]","args":[{"selector":{"controlType":"sap.ui.core.Icon","viewName":"etm.portal.ui.managecatalogs.view.Detail","viewId":"application-managecatalogs-display-component---detailCatalog","properties":{"src":{"regex":{"source":"add\\-document"}}}},"wdio_ui5_key":"etmportal.ui.managecatalogs.view.Detailsap.ui.core.Icon{\"src\":{\"regex\":{\"source\":\"add\\\\-document\"}}}"}]}
COMMAND: GET /session/2d3f18d96ae83e7081695401c2e0fdda/screenshot - {}
RESULT: {"script":"<script> [1562 bytes]","args":[{"selector":{"controlType":"sap.ui.core.Icon","viewName":"etm.portal.ui.managecatalogs.view.Detail","viewId":"application-managecatalogs-display-component---detailCatalog","properties":{"src":{"regex":{"source":"add\\-document"}}}},"wdio_ui5_key":"etmportal.ui.managecatalogs.view.Detailsap.ui.core.Icon{\"src\":{\"regex\":{\"source\":\"add\\\\-document\"}}}"}]}
RESULT: undefined
COMMAND: POST /session/2d3f18d96ae83e7081695401c2e0fdda/element - {"using":"xpath","value":"//*[@id=\"__button34-img\"]"}
RESULT: {}
RESULT: {"using":"xpath","value":"//*[@id=\"__button34-img\"]"}
COMMAND: POST /session/2d3f18d96ae83e7081695401c2e0fdda/element/f.3980C6CC6DC27C16253BC7A58143231A.d.C88A6082A37695FA42823A4B3DE8571F.e.7709/click - {}
RESULT: {}
COMMAND: POST /session/2d3f18d96ae83e7081695401c2e0fdda/execute/async - {"script":"<script> [1562 bytes]","args":[{"selector":{"id":"application-managecatalogs-display-component---detailCatalog--newItemNumberInput","searchOpenDialogs":true,"interaction":{"idSuffix":"inner"}},"wdio_ui5_key":"applicationmanagecatalogs-display-component---detailCatalog--newItemNumberInput"}]}
COMMAND: GET /session/2d3f18d96ae83e7081695401c2e0fdda/screenshot - {}
RESULT: {"script":"<script> [1562 bytes]","args":[{"selector":{"id":"application-managecatalogs-display-component---detailCatalog--newItemNumberInput","searchOpenDialogs":true,"interaction":{"idSuffix":"inner"}},"wdio_ui5_key":"applicationmanagecatalogs-display-component---detailCatalog--newItemNumberInput"}]}
RESULT: undefined
COMMAND: POST /session/2d3f18d96ae83e7081695401c2e0fdda/execute/async - {"script":"<script> [776 bytes]","args":[{"enterText":"catalogItem9gnqaj","selector":{"id":"application-managecatalogs-display-component---detailCatalog--newItemNumberInput","searchOpenDialogs":true,"interaction":{"idSuffix":"inner"}},"clearTextFirst":true,"interactionType":"ENTER_TEXT"}]}
RESULT: {}
RESULT: {"script":"<script> [776 bytes]","args":[{"enterText":"catalogItem9gnqaj","selector":{"id":"application-managecatalogs-display-component---detailCatalog--newItemNumberInput","searchOpenDialogs":true,"interaction":{"idSuffix":"inner"}},"clearTextFirst":true,"interactionType":"ENTER_TEXT"}]}
COMMAND: POST /session/2d3f18d96ae83e7081695401c2e0fdda/execute/async - {"script":"<script> [1562 bytes]","args":[{"selector":{"controlType":"sap.m.Input","viewName":"etm.portal.ui.managecatalogs.view.Detail","viewId":"application-managecatalogs-display-component---detailCatalog","bindingPath":{"path":"","propertyPath":"/DESCRIPTION"},"searchOpenDialogs":true,"interaction":{"idSuffix":"inner"}},"wdio_ui5_key":"etmportal.ui.managecatalogs.view.Detailsap.m.Input{\"path\":\"\",\"propertyPath\":\"/DESCRIPTION\"}"}]}
RESULT: {"script":"<script> [1562 bytes]","args":[{"selector":{"controlType":"sap.m.Input","viewName":"etm.portal.ui.managecatalogs.view.Detail","viewId":"application-managecatalogs-display-component---detailCatalog","bindingPath":{"path":"","propertyPath":"/DESCRIPTION"},"searchOpenDialogs":true,"interaction":{"idSuffix":"inner"}},"wdio_ui5_key":"etmportal.ui.managecatalogs.view.Detailsap.m.Input{\"path\":\"\",\"propertyPath\":\"/DESCRIPTION\"}"}]}
RESULT: undefined
COMMAND: POST /session/2d3f18d96ae83e7081695401c2e0fdda/execute/async - {"script":"<script> [776 bytes]","args":[{"enterText":"catalogItemName8qqn4","selector":{"controlType":"sap.m.Input","viewName":"etm.portal.ui.managecatalogs.view.Detail","viewId":"application-managecatalogs-display-component---detailCatalog","bindingPath":{"path":"","propertyPath":"/DESCRIPTION"},"searchOpenDialogs":true,"interaction":{"idSuffix":"inner"}},"clearTextFirst":true,"interactionType":"ENTER_TEXT"}]}
RESULT: {"script":"<script> [776 bytes]","args":[{"enterText":"catalogItemName8qqn4","selector":{"controlType":"sap.m.Input","viewName":"etm.portal.ui.managecatalogs.view.Detail","viewId":"application-managecatalogs-display-component---detailCatalog","bindingPath":{"path":"","propertyPath":"/DESCRIPTION"},"searchOpenDialogs":true,"interaction":{"idSuffix":"inner"}},"clearTextFirst":true,"interactionType":"ENTER_TEXT"}]}
COMMAND: POST /session/2d3f18d96ae83e7081695401c2e0fdda/execute/async - {"script":"<script> [1562 bytes]","args":[{"selector":{"controlType":"sap.m.Button","viewName":"etm.portal.ui.managecatalogs.view.Detail","viewId":"application-managecatalogs-display-component---detailCatalog","i18NText":{"propertyName":"text","key":"create"},"searchOpenDialogs":true,"interaction":{"idSuffix":"BDI-content"}},"wdio_ui5_key":"etmportal.ui.managecatalogs.view.Detailsap.m.Button{\"propertyName\":\"text\",\"key\":\"create\"}"}]}
RESULT: {"script":"<script> [1562 bytes]","args":[{"selector":{"controlType":"sap.m.Button","viewName":"etm.portal.ui.managecatalogs.view.Detail","viewId":"application-managecatalogs-display-component---detailCatalog","i18NText":{"propertyName":"text","key":"create"},"searchOpenDialogs":true,"interaction":{"idSuffix":"BDI-content"}},"wdio_ui5_key":"etmportal.ui.managecatalogs.view.Detailsap.m.Button{\"propertyName\":\"text\",\"key\":\"create\"}"}]}
RESULT: undefined
COMMAND: POST /session/2d3f18d96ae83e7081695401c2e0fdda/element - {"using":"xpath","value":"//*[@id=\"__button9\"]"}
RESULT: {"using":"xpath","value":"//*[@id=\"__button9\"]"}
COMMAND: POST /session/2d3f18d96ae83e7081695401c2e0fdda/element/f.3980C6CC6DC27C16253BC7A58143231A.d.C88A6082A37695FA42823A4B3DE8571F.e.7718/click - {}
RESULT: {}
COMMAND: GET /session/2d3f18d96ae83e7081695401c2e0fdda/screenshot - {}
RESULT: {}
COMMAND: POST /session/2d3f18d96ae83e7081695401c2e0fdda/element - {"using":"xpath","value":"//button[@title=\"Save\"]"}
RESULT: {"using":"xpath","value":"//button[@title=\"Save\"]"}
COMMAND: POST /session/2d3f18d96ae83e7081695401c2e0fdda/element/f.3980C6CC6DC27C16253BC7A58143231A.d.C88A6082A37695FA42823A4B3DE8571F.e.7719/click - {}
RESULT: {}
COMMAND: GET /session/2d3f18d96ae83e7081695401c2e0fdda/screenshot - {}
RESULT: {}
COMMAND: POST /session/2d3f18d96ae83e7081695401c2e0fdda/execute/async - {"script":"<script> [1562 bytes]","args":[{"selector":{"controlType":"sap.ui.core.Icon","viewName":"etm.portal.ui.managecatalogs.view.Detail","viewId":"application-managecatalogs-display-component---detailCatalog","properties":{"src":{"regex":{"source":"decline"}}}},"wdio_ui5_key":"etmportal.ui.managecatalogs.view.Detailsap.ui.core.Icon{\"src\":{\"regex\":{\"source\":\"decline\"}}}"}]}
RESULT: {"script":"<script> [1562 bytes]","args":[{"selector":{"controlType":"sap.ui.core.Icon","viewName":"etm.portal.ui.managecatalogs.view.Detail","viewId":"application-managecatalogs-display-component---detailCatalog","properties":{"src":{"regex":{"source":"decline"}}}},"wdio_ui5_key":"etmportal.ui.managecatalogs.view.Detailsap.ui.core.Icon{\"src\":{\"regex\":{\"source\":\"decline\"}}}"}]}
RESULT: undefined
COMMAND: POST /session/2d3f18d96ae83e7081695401c2e0fdda/element - {"using":"xpath","value":"//*[@id=\"__button28-img\"]"}
RESULT: {"using":"xpath","value":"//*[@id=\"__button28-img\"]"}
COMMAND: POST /session/2d3f18d96ae83e7081695401c2e0fdda/element/f.3980C6CC6DC27C16253BC7A58143231A.d.C88A6082A37695FA42823A4B3DE8571F.e.7723/click - {}
RESULT: {}
COMMAND: GET /session/2d3f18d96ae83e7081695401c2e0fdda/screenshot - {}
RESULT: {}
COMMAND: POST /session/2d3f18d96ae83e7081695401c2e0fdda/execute/async - {"script":"<script> [1562 bytes]","args":[{"selector":{"controlType":"sap.ui.core.Icon","viewName":"etm.portal.ui.managecatalogs.view.MasterItems","viewId":"application-managecatalogs-display-component---masterCatalogItems","properties":{"src":{"regex":{"source":"refresh"}}}},"wdio_ui5_key":"etmportal.ui.managecatalogs.view.MasterItemssap.ui.core.Icon{\"src\":{\"regex\":{\"source\":\"refresh\"}}}"}]}
RESULT: {"script":"<script> [1562 bytes]","args":[{"selector":{"controlType":"sap.ui.core.Icon","viewName":"etm.portal.ui.managecatalogs.view.MasterItems","viewId":"application-managecatalogs-display-component---masterCatalogItems","properties":{"src":{"regex":{"source":"refresh"}}}},"wdio_ui5_key":"etmportal.ui.managecatalogs.view.MasterItemssap.ui.core.Icon{\"src\":{\"regex\":{\"source\":\"refresh\"}}}"}]}
RESULT: undefined
COMMAND: POST /session/2d3f18d96ae83e7081695401c2e0fdda/element - {"using":"xpath","value":"//*[@id=\"__button1-img\"]"}
RESULT: {"using":"xpath","value":"//*[@id=\"__button1-img\"]"}
COMMAND: POST /session/2d3f18d96ae83e7081695401c2e0fdda/element/f.3980C6CC6DC27C16253BC7A58143231A.d.C88A6082A37695FA42823A4B3DE8571F.e.7732/click - {}
RESULT: {}
COMMAND: GET /session/2d3f18d96ae83e7081695401c2e0fdda/screenshot - {}
RESULT: {}
COMMAND: POST /session/2d3f18d96ae83e7081695401c2e0fdda/execute/async - {"script":"<script> [1562 bytes]","args":[{"selector":{"id":"application-managecatalogs-display-component---masterCatalogItems--searchItemsField","interaction":{"idSuffix":"I"}},"wdio_ui5_key":"applicationmanagecatalogs-display-component---masterCatalogItems--searchItemsField"}]}
RESULT: {"script":"<script> [1562 bytes]","args":[{"selector":{"id":"application-managecatalogs-display-component---masterCatalogItems--searchItemsField","interaction":{"idSuffix":"I"}},"wdio_ui5_key":"applicationmanagecatalogs-display-component---masterCatalogItems--searchItemsField"}]}
RESULT: undefined
COMMAND: POST /session/2d3f18d96ae83e7081695401c2e0fdda/execute/async - {"script":"<script> [776 bytes]","args":[{"enterText":"catalogItemName8qqn4","selector":{"id":"application-managecatalogs-display-component---masterCatalogItems--searchItemsField","interaction":{"idSuffix":"I"}},"clearTextFirst":true,"interactionType":"ENTER_TEXT"}]}
RESULT: {"script":"<script> [776 bytes]","args":[{"enterText":"catalogItemName8qqn4","selector":{"id":"application-managecatalogs-display-component---masterCatalogItems--searchItemsField","interaction":{"idSuffix":"I"}},"clearTextFirst":true,"interactionType":"ENTER_TEXT"}]}
COMMAND: POST /session/2d3f18d96ae83e7081695401c2e0fdda/actions - {"actions":[{"id":"action49","type":"key","parameters":{},"actions":[{"type":"keyDown","value":"î€‡"},{"type":"pause","duration":10},{"type":"keyUp","value":"î€‡"}]}]}
RESULT: {"actions":[{"id":"action49","type":"key","parameters":{},"actions":[{"type":"keyDown","value":"î€‡"},{"type":"pause","duration":10},{"type":"keyUp","value":"î€‡"}]}]}
COMMAND: POST /session/2d3f18d96ae83e7081695401c2e0fdda/element - {"using":"xpath","value":"(//span[contains(text(), \"catalogItemName8qqn4\")])[1]"}
COMMAND: GET /session/2d3f18d96ae83e7081695401c2e0fdda/screenshot - {}
RESULT: {"using":"xpath","value":"(//span[contains(text(), \"catalogItemName8qqn4\")])[1]"}
COMMAND: POST /session/2d3f18d96ae83e7081695401c2e0fdda/element/f.3980C6CC6DC27C16253BC7A58143231A.d.C88A6082A37695FA42823A4B3DE8571F.e.7767/click - {}
RESULT: {}
RESULT: {}
COMMAND: GET /session/2d3f18d96ae83e7081695401c2e0fdda/screenshot - {}
RESULT: {}
COMMAND: POST /session/2d3f18d96ae83e7081695401c2e0fdda/element - {"using":"xpath","value":"//span[contains(text(), \"catalogItem9gnqaj\")]"}
RESULT: {"using":"xpath","value":"//span[contains(text(), \"catalogItem9gnqaj\")]"}
COMMAND: GET /session/2d3f18d96ae83e7081695401c2e0fdda/element/f.3980C6CC6DC27C16253BC7A58143231A.d.C88A6082A37695FA42823A4B3DE8571F.e.7820/text - {}
RESULT: {}
]]></system-out>
    </testcase>
    <testcase classname="chrome.136_0_7103_49.windows.Manage_requests_-_requests_specifications_US141095" name="Should add the classification to the catalog item" time="43.032">
      <system-out><![CDATA[
RESULT: undefined
COMMAND: POST /session/2d3f18d96ae83e7081695401c2e0fdda/element - {"using":"xpath","value":"//*[@id=\"__button25\"]"}
RESULT: {"using":"xpath","value":"//*[@id=\"__button25\"]"}
COMMAND: POST /session/2d3f18d96ae83e7081695401c2e0fdda/element/f.3980C6CC6DC27C16253BC7A58143231A.d.C88A6082A37695FA42823A4B3DE8571F.e.7832/click - {}
RESULT: {}
COMMAND: GET /session/2d3f18d96ae83e7081695401c2e0fdda/screenshot - {}
RESULT: {}
COMMAND: POST /session/2d3f18d96ae83e7081695401c2e0fdda/execute/async - {"script":"<script> [1562 bytes]","args":[{"selector":{"id":"application-managecatalogs-display-component---detailCatalog--BASE_UNIT_OF_MEASURE-arrow"},"wdio_ui5_key":"applicationmanagecatalogs-display-component---detailCatalog--BASE_UNIT_OF_MEASURE-arrow"}]}
RESULT: {"script":"<script> [1562 bytes]","args":[{"selector":{"id":"application-managecatalogs-display-component---detailCatalog--BASE_UNIT_OF_MEASURE-arrow"},"wdio_ui5_key":"applicationmanagecatalogs-display-component---detailCatalog--BASE_UNIT_OF_MEASURE-arrow"}]}
RESULT: undefined
COMMAND: POST /session/2d3f18d96ae83e7081695401c2e0fdda/element - {"using":"xpath","value":"//*[@id=\"application-managecatalogs-display-component---detailCatalog--BASE_UNIT_OF_MEASURE-arrow\"]"}
RESULT: {"using":"xpath","value":"//*[@id=\"application-managecatalogs-display-component---detailCatalog--BASE_UNIT_OF_MEASURE-arrow\"]"}
COMMAND: POST /session/2d3f18d96ae83e7081695401c2e0fdda/element/f.3980C6CC6DC27C16253BC7A58143231A.d.C88A6082A37695FA42823A4B3DE8571F.e.7859/click - {}
RESULT: {}
COMMAND: POST /session/2d3f18d96ae83e7081695401c2e0fdda/execute/async - {"script":"<script> [1562 bytes]","args":[{"selector":{"controlType":"sap.m.StandardListItem","viewName":"etm.portal.ui.managecatalogs.view.Detail","viewId":"application-managecatalogs-display-component---detailCatalog","properties":{"title":"Piece"},"searchOpenDialogs":true,"interaction":{"idSuffix":"titleText"}},"wdio_ui5_key":"etmportal.ui.managecatalogs.view.Detailsap.m.StandardListItem{\"title\":\"Piece\"}"}]}
COMMAND: GET /session/2d3f18d96ae83e7081695401c2e0fdda/screenshot - {}
RESULT: {"script":"<script> [1562 bytes]","args":[{"selector":{"controlType":"sap.m.StandardListItem","viewName":"etm.portal.ui.managecatalogs.view.Detail","viewId":"application-managecatalogs-display-component---detailCatalog","properties":{"title":"Piece"},"searchOpenDialogs":true,"interaction":{"idSuffix":"titleText"}},"wdio_ui5_key":"etmportal.ui.managecatalogs.view.Detailsap.m.StandardListItem{\"title\":\"Piece\"}"}]}
RESULT: undefined
COMMAND: POST /session/2d3f18d96ae83e7081695401c2e0fdda/element - {"using":"xpath","value":"//*[@id=\"__item221\"]"}
RESULT: {}
RESULT: {"using":"xpath","value":"//*[@id=\"__item221\"]"}
COMMAND: POST /session/2d3f18d96ae83e7081695401c2e0fdda/element/f.3980C6CC6DC27C16253BC7A58143231A.d.C88A6082A37695FA42823A4B3DE8571F.e.7863/click - {}
RESULT: {}
COMMAND: POST /session/2d3f18d96ae83e7081695401c2e0fdda/element - {"using":"xpath","value":"//button[contains(@data-kt ,\"ClassificationAddClassButton\")]"}
COMMAND: GET /session/2d3f18d96ae83e7081695401c2e0fdda/screenshot - {}
RESULT: {"using":"xpath","value":"//button[contains(@data-kt ,\"ClassificationAddClassButton\")]"}
COMMAND: POST /session/2d3f18d96ae83e7081695401c2e0fdda/element/f.3980C6CC6DC27C16253BC7A58143231A.d.C88A6082A37695FA42823A4B3DE8571F.e.7864/click - {}
RESULT: {}
RESULT: {}
COMMAND: GET /session/2d3f18d96ae83e7081695401c2e0fdda/screenshot - {}
RESULT: {}
COMMAND: POST /session/2d3f18d96ae83e7081695401c2e0fdda/element - {"using":"xpath","value":"//input[contains(@id ,\"searchField-I\")]"}
RESULT: {"using":"xpath","value":"//input[contains(@id ,\"searchField-I\")]"}
COMMAND: POST /session/2d3f18d96ae83e7081695401c2e0fdda/element/f.3980C6CC6DC27C16253BC7A58143231A.d.C88A6082A37695FA42823A4B3DE8571F.e.7867/value - {"text":"WebdriverItemClass5ys3y"}
RESULT: {"text":"WebdriverItemClass5ys3y"}
COMMAND: POST /session/2d3f18d96ae83e7081695401c2e0fdda/actions - {"actions":[{"id":"action50","type":"key","parameters":{},"actions":[{"type":"keyDown","value":"î€‡"},{"type":"pause","duration":10},{"type":"keyUp","value":"î€‡"}]}]}
COMMAND: GET /session/2d3f18d96ae83e7081695401c2e0fdda/screenshot - {}
RESULT: {"actions":[{"id":"action50","type":"key","parameters":{},"actions":[{"type":"keyDown","value":"î€‡"},{"type":"pause","duration":10},{"type":"keyUp","value":"î€‡"}]}]}
COMMAND: GET /session/2d3f18d96ae83e7081695401c2e0fdda/screenshot - {}
RESULT: {}
RESULT: {}
COMMAND: POST /session/2d3f18d96ae83e7081695401c2e0fdda/element - {"using":"xpath","value":"//span[contains(text(), \"WebdriverItemClass5ys3y\")]"}
RESULT: {"using":"xpath","value":"//span[contains(text(), \"WebdriverItemClass5ys3y\")]"}
COMMAND: POST /session/2d3f18d96ae83e7081695401c2e0fdda/element/f.3980C6CC6DC27C16253BC7A58143231A.d.C88A6082A37695FA42823A4B3DE8571F.e.7900/click - {}
RESULT: {}
COMMAND: GET /session/2d3f18d96ae83e7081695401c2e0fdda/screenshot - {}
RESULT: {}
COMMAND: POST /session/2d3f18d96ae83e7081695401c2e0fdda/execute/async - {"script":"<script> [1562 bytes]","args":[{"selector":{"controlType":"sap.m.Button","viewName":"etm.portal.ui.managecatalogs.view.Detail","viewId":"application-managecatalogs-display-component---detailCatalog","properties":{"text":"Classification"},"interaction":{"idSuffix":"BDI-content"}},"wdio_ui5_key":"etmportal.ui.managecatalogs.view.Detailsap.m.Button{\"text\":\"Classification\"}"}]}
RESULT: {"script":"<script> [1562 bytes]","args":[{"selector":{"controlType":"sap.m.Button","viewName":"etm.portal.ui.managecatalogs.view.Detail","viewId":"application-managecatalogs-display-component---detailCatalog","properties":{"text":"Classification"},"interaction":{"idSuffix":"BDI-content"}},"wdio_ui5_key":"etmportal.ui.managecatalogs.view.Detailsap.m.Button{\"text\":\"Classification\"}"}]}
RESULT: undefined
COMMAND: POST /session/2d3f18d96ae83e7081695401c2e0fdda/element - {"using":"xpath","value":"//*[@id=\"application-managecatalogs-display-component---detailCatalog--ObjectPageLayout-anchBar-__section3-anchor\"]"}
RESULT: {"using":"xpath","value":"//*[@id=\"application-managecatalogs-display-component---detailCatalog--ObjectPageLayout-anchBar-__section3-anchor\"]"}
COMMAND: POST /session/2d3f18d96ae83e7081695401c2e0fdda/element/f.3980C6CC6DC27C16253BC7A58143231A.d.C88A6082A37695FA42823A4B3DE8571F.e.7905/click - {}
RESULT: {}
COMMAND: POST /session/2d3f18d96ae83e7081695401c2e0fdda/execute/async - {"script":"<script> [1562 bytes]","args":[{"selector":{"controlType":"sap.ui.core.Icon","viewName":"etm.portal.ui.managecatalogs.view.Detail","viewId":"application-managecatalogs-display-component---detailCatalog","properties":{"src":{"regex":{"source":"slim\\-arrow\\-right"}}},"ancestor":{"controlType":"sap.m.Panel","viewName":"etm.portal.ui.managecatalogs.view.Detail","viewId":"application-managecatalogs-display-component---detailCatalog"}},"wdio_ui5_key":"etmportal.ui.managecatalogs.view.Detailsap.ui.core.Icon{\"src\":{\"regex\":{\"source\":\"slim\\\\-arrow\\\\-right\"}}}{\"controlType\":\"sap.m.Panel\",\"viewName\":\"etm.portal.ui.managecatalogs.view.Detail\",\"viewId\":\"application-managecatalogs-display-component---detailCatalog\"}"}]}
COMMAND: GET /session/2d3f18d96ae83e7081695401c2e0fdda/screenshot - {}
RESULT: {"script":"<script> [1562 bytes]","args":[{"selector":{"controlType":"sap.ui.core.Icon","viewName":"etm.portal.ui.managecatalogs.view.Detail","viewId":"application-managecatalogs-display-component---detailCatalog","properties":{"src":{"regex":{"source":"slim\\-arrow\\-right"}}},"ancestor":{"controlType":"sap.m.Panel","viewName":"etm.portal.ui.managecatalogs.view.Detail","viewId":"application-managecatalogs-display-component---detailCatalog"}},"wdio_ui5_key":"etmportal.ui.managecatalogs.view.Detailsap.ui.core.Icon{\"src\":{\"regex\":{\"source\":\"slim\\\\-arrow\\\\-right\"}}}{\"controlType\":\"sap.m.Panel\",\"viewName\":\"etm.portal.ui.managecatalogs.view.Detail\",\"viewId\":\"application-managecatalogs-display-component---detailCatalog\"}"}]}
RESULT: undefined
COMMAND: POST /session/2d3f18d96ae83e7081695401c2e0fdda/element - {"using":"xpath","value":"//*[@id=\"__panel0-__layout17-0-expandButton-img\"]"}
RESULT: {}
RESULT: {"using":"xpath","value":"//*[@id=\"__panel0-__layout17-0-expandButton-img\"]"}
COMMAND: POST /session/2d3f18d96ae83e7081695401c2e0fdda/element/f.3980C6CC6DC27C16253BC7A58143231A.d.C88A6082A37695FA42823A4B3DE8571F.e.7911/click - {}
RESULT: {}
COMMAND: POST /session/2d3f18d96ae83e7081695401c2e0fdda/execute/async - {"script":"<script> [1562 bytes]","args":[{"selector":{"controlType":"sap.ui.core.Icon","viewName":"etm.portal.ui.managecatalogs.view.Detail","viewId":"application-managecatalogs-display-component---detailCatalog","properties":{"src":{"regex":{"source":"slim\\-arrow\\-down"}}},"ancestor":{"controlType":"sap.m.ColumnListItem","viewName":"etm.portal.ui.managecatalogs.view.Detail","viewId":"application-managecatalogs-display-component---detailCatalog","bindingPath":{"modelName":"classModel","path":"/data/0/PROPERTIES/0"},"ancestor":{"controlType":"sap.m.Table","viewName":"etm.portal.ui.managecatalogs.view.Detail","viewId":"application-managecatalogs-display-component---detailCatalog","bindingPath":{"path":"/data/0","propertyPath":"PROPERTIES","modelName":"classModel"}}}},"wdio_ui5_key":"etmportal.ui.managecatalogs.view.Detailsap.ui.core.Icon{\"src\":{\"regex\":{\"source\":\"slim\\\\-arrow\\\\-down\"}}}{\"controlType\":\"sap.m.ColumnListItem\",\"viewName\":\"etm.portal.ui.managecatalogs.view.Detail\",\"viewId\":\"application-managecatalogs-display-component---detailCatalog\",\"bindingPath\":{\"modelName\":\"classModel\",\"path\":\"/data/0/PROPERTIES/0\"},\"ancestor\":{\"controlType\":\"sap.m.Table\",\"viewName\":\"etm.portal.ui.managecatalogs.view.Detail\",\"viewId\":\"application-managecatalogs-display-component---detailCatalog\",\"bindingPath\":{\"path\":\"/data/0\",\"propertyPath\":\"PROPERTIES\",\"modelName\":\"classModel\"}}}"}]}
COMMAND: GET /session/2d3f18d96ae83e7081695401c2e0fdda/screenshot - {}
RESULT: {"script":"<script> [1562 bytes]","args":[{"selector":{"controlType":"sap.ui.core.Icon","viewName":"etm.portal.ui.managecatalogs.view.Detail","viewId":"application-managecatalogs-display-component---detailCatalog","properties":{"src":{"regex":{"source":"slim\\-arrow\\-down"}}},"ancestor":{"controlType":"sap.m.ColumnListItem","viewName":"etm.portal.ui.managecatalogs.view.Detail","viewId":"application-managecatalogs-display-component---detailCatalog","bindingPath":{"modelName":"classModel","path":"/data/0/PROPERTIES/0"},"ancestor":{"controlType":"sap.m.Table","viewName":"etm.portal.ui.managecatalogs.view.Detail","viewId":"application-managecatalogs-display-component---detailCatalog","bindingPath":{"path":"/data/0","propertyPath":"PROPERTIES","modelName":"classModel"}}}},"wdio_ui5_key":"etmportal.ui.managecatalogs.view.Detailsap.ui.core.Icon{\"src\":{\"regex\":{\"source\":\"slim\\\\-arrow\\\\-down\"}}}{\"controlType\":\"sap.m.ColumnListItem\",\"viewName\":\"etm.portal.ui.managecatalogs.view.Detail\",\"viewId\":\"application-managecatalogs-display-component---detailCatalog\",\"bindingPath\":{\"modelName\":\"classModel\",\"path\":\"/data/0/PROPERTIES/0\"},\"ancestor\":{\"controlType\":\"sap.m.Table\",\"viewName\":\"etm.portal.ui.managecatalogs.view.Detail\",\"viewId\":\"application-managecatalogs-display-component---detailCatalog\",\"bindingPath\":{\"path\":\"/data/0\",\"propertyPath\":\"PROPERTIES\",\"modelName\":\"classModel\"}}}"}]}
RESULT: undefined
COMMAND: POST /session/2d3f18d96ae83e7081695401c2e0fdda/element - {"using":"xpath","value":"//*[@id=\"__box31-arrow\"]"}
RESULT: {}
RESULT: {"using":"xpath","value":"//*[@id=\"__box31-arrow\"]"}
COMMAND: POST /session/2d3f18d96ae83e7081695401c2e0fdda/element/f.3980C6CC6DC27C16253BC7A58143231A.d.C88A6082A37695FA42823A4B3DE8571F.e.7924/click - {}
RESULT: {}
COMMAND: POST /session/2d3f18d96ae83e7081695401c2e0fdda/execute/async - {"script":"<script> [1562 bytes]","args":[{"selector":{"controlType":"sap.m.StandardListItem","viewName":"etm.portal.ui.managecatalogs.view.Detail","viewId":"application-managecatalogs-display-component---detailCatalog","properties":{"title":"red"},"searchOpenDialogs":true,"interaction":{"idSuffix":"content"}},"wdio_ui5_key":"etmportal.ui.managecatalogs.view.Detailsap.m.StandardListItem{\"title\":\"red\"}"}]}
COMMAND: GET /session/2d3f18d96ae83e7081695401c2e0fdda/screenshot - {}
RESULT: {"script":"<script> [1562 bytes]","args":[{"selector":{"controlType":"sap.m.StandardListItem","viewName":"etm.portal.ui.managecatalogs.view.Detail","viewId":"application-managecatalogs-display-component---detailCatalog","properties":{"title":"red"},"searchOpenDialogs":true,"interaction":{"idSuffix":"content"}},"wdio_ui5_key":"etmportal.ui.managecatalogs.view.Detailsap.m.StandardListItem{\"title\":\"red\"}"}]}
RESULT: undefined
COMMAND: POST /session/2d3f18d96ae83e7081695401c2e0fdda/element - {"using":"xpath","value":"//*[@id=\"__item229\"]"}
RESULT: {}
RESULT: {"using":"xpath","value":"//*[@id=\"__item229\"]"}
COMMAND: POST /session/2d3f18d96ae83e7081695401c2e0fdda/element/f.3980C6CC6DC27C16253BC7A58143231A.d.C88A6082A37695FA42823A4B3DE8571F.e.7927/click - {}
RESULT: {}
COMMAND: GET /session/2d3f18d96ae83e7081695401c2e0fdda/screenshot - {}
RESULT: {}
COMMAND: POST /session/2d3f18d96ae83e7081695401c2e0fdda/execute/async - {"script":"<script> [1562 bytes]","args":[{"selector":{"controlType":"sap.m.Button","viewName":"etm.portal.ui.managecatalogs.view.Detail","viewId":"application-managecatalogs-display-component---detailCatalog","i18NText":{"propertyName":"text","key":"save"},"interaction":{"idSuffix":"BDI-content"}},"wdio_ui5_key":"etmportal.ui.managecatalogs.view.Detailsap.m.Button{\"propertyName\":\"text\",\"key\":\"save\"}"}]}
RESULT: {"script":"<script> [1562 bytes]","args":[{"selector":{"controlType":"sap.m.Button","viewName":"etm.portal.ui.managecatalogs.view.Detail","viewId":"application-managecatalogs-display-component---detailCatalog","i18NText":{"propertyName":"text","key":"save"},"interaction":{"idSuffix":"BDI-content"}},"wdio_ui5_key":"etmportal.ui.managecatalogs.view.Detailsap.m.Button{\"propertyName\":\"text\",\"key\":\"save\"}"}]}
RESULT: undefined
COMMAND: POST /session/2d3f18d96ae83e7081695401c2e0fdda/element - {"using":"xpath","value":"//*[@id=\"__button43\"]"}
RESULT: {"using":"xpath","value":"//*[@id=\"__button43\"]"}
COMMAND: POST /session/2d3f18d96ae83e7081695401c2e0fdda/element/f.3980C6CC6DC27C16253BC7A58143231A.d.C88A6082A37695FA42823A4B3DE8571F.e.7835/click - {}
RESULT: {}
COMMAND: GET /session/2d3f18d96ae83e7081695401c2e0fdda/screenshot - {}
RESULT: {}
COMMAND: POST /session/2d3f18d96ae83e7081695401c2e0fdda/element - {"using":"css selector","value":"#shell-header-logo"}
RESULT: {"using":"css selector","value":"#shell-header-logo"}
COMMAND: POST /session/2d3f18d96ae83e7081695401c2e0fdda/element/f.3980C6CC6DC27C16253BC7A58143231A.d.C88A6082A37695FA42823A4B3DE8571F.e.7654/click - {}
RESULT: {}
COMMAND: GET /session/2d3f18d96ae83e7081695401c2e0fdda/screenshot - {}
RESULT: {}
]]></system-out>
    </testcase>
    <testcase classname="chrome.136_0_7103_49.windows.Manage_requests_-_requests_specifications_US141095" name="Should create a new request and add the catalog item with the specifications" time="160.205">
      <system-out><![CDATA[
COMMAND: POST /session/2d3f18d96ae83e7081695401c2e0fdda/execute/async - {"script":"<script> [1562 bytes]","args":[{"selector":{"controlType":"sap.m.GenericTile","properties":{"header":"Manage Requests"}},"wdio_ui5_key":"sapm.GenericTile{\"header\":\"Manage Requests\"}"}]}
RESULT: {"script":"<script> [1562 bytes]","args":[{"selector":{"controlType":"sap.m.GenericTile","properties":{"header":"Manage Requests"}},"wdio_ui5_key":"sapm.GenericTile{\"header\":\"Manage Requests\"}"}]}
RESULT: undefined
COMMAND: POST /session/2d3f18d96ae83e7081695401c2e0fdda/element - {"using":"xpath","value":"//*[@id=\"__tile47\"]"}
RESULT: {"using":"xpath","value":"//*[@id=\"__tile47\"]"}
COMMAND: POST /session/2d3f18d96ae83e7081695401c2e0fdda/element/f.3980C6CC6DC27C16253BC7A58143231A.d.C88A6082A37695FA42823A4B3DE8571F.e.7950/click - {}
RESULT: {}
COMMAND: GET /session/2d3f18d96ae83e7081695401c2e0fdda/screenshot - {}
RESULT: {}
COMMAND: POST /session/2d3f18d96ae83e7081695401c2e0fdda/elements - {"using":"xpath","value":"//span[text()='Error']"}
RESULT: {"using":"xpath","value":"//span[text()='Error']"}
COMMAND: POST /session/2d3f18d96ae83e7081695401c2e0fdda/element - {"using":"xpath","value":"//button[contains(@data-kt ,\"btnCreateNewOverflowToolbarButton\")]"}
COMMAND: POST /session/2d3f18d96ae83e7081695401c2e0fdda/element - {"using":"xpath","value":"(//span[contains(@class ,\"sapMObjStatusText\")])[1]"}
RESULT: {"using":"xpath","value":"//button[contains(@data-kt ,\"btnCreateNewOverflowToolbarButton\")]"}
COMMAND: POST /session/2d3f18d96ae83e7081695401c2e0fdda/element/f.3980C6CC6DC27C16253BC7A58143231A.d.C88A6082A37695FA42823A4B3DE8571F.e.8005/click - {}
RESULT: {"using":"xpath","value":"(//span[contains(@class ,\"sapMObjStatusText\")])[1]"}
COMMAND: POST /session/2d3f18d96ae83e7081695401c2e0fdda/execute/sync - {"script":"<script> [8489 bytes]","args":[{"element-6066-11e4-a52e-4f735466cecf":"f.3980C6CC6DC27C16253BC7A58143231A.d.C88A6082A37695FA42823A4B3DE8571F.e.8045","ELEMENT":"f.3980C6CC6DC27C16253BC7A58143231A.d.C88A6082A37695FA42823A4B3DE8571F.e.8045"}]}
RESULT: {}
COMMAND: GET /session/2d3f18d96ae83e7081695401c2e0fdda/screenshot - {}
COMMAND: POST /session/2d3f18d96ae83e7081695401c2e0fdda/element - {"using":"xpath","value":"(//span[contains(@class ,\"sapMObjStatusText\")])[1]"}
RESULT: {}
RESULT: {"using":"xpath","value":"(//span[contains(@class ,\"sapMObjStatusText\")])[1]"}
COMMAND: POST /session/2d3f18d96ae83e7081695401c2e0fdda/execute/sync - {"script":"<script> [8489 bytes]","args":[{"element-6066-11e4-a52e-4f735466cecf":"f.3980C6CC6DC27C16253BC7A58143231A.d.C88A6082A37695FA42823A4B3DE8571F.e.8311","ELEMENT":"f.3980C6CC6DC27C16253BC7A58143231A.d.C88A6082A37695FA42823A4B3DE8571F.e.8311"}]}
RESULT: {"script":"<script> [8489 bytes]","args":[{"element-6066-11e4-a52e-4f735466cecf":"f.3980C6CC6DC27C16253BC7A58143231A.d.C88A6082A37695FA42823A4B3DE8571F.e.8311","ELEMENT":"f.3980C6CC6DC27C16253BC7A58143231A.d.C88A6082A37695FA42823A4B3DE8571F.e.8311"}]}
COMMAND: GET /session/2d3f18d96ae83e7081695401c2e0fdda/screenshot - {}
RESULT: {}
COMMAND: POST /session/2d3f18d96ae83e7081695401c2e0fdda/element - {"using":"xpath","value":"//input[contains(@id ,\"yardId-inner\")]"}
RESULT: {"using":"xpath","value":"//input[contains(@id ,\"yardId-inner\")]"}
COMMAND: POST /session/2d3f18d96ae83e7081695401c2e0fdda/execute/sync - {"script":"<script> [8489 bytes]","args":[{"element-6066-11e4-a52e-4f735466cecf":"f.3980C6CC6DC27C16253BC7A58143231A.d.C88A6082A37695FA42823A4B3DE8571F.e.8130","ELEMENT":"f.3980C6CC6DC27C16253BC7A58143231A.d.C88A6082A37695FA42823A4B3DE8571F.e.8130"}]}
RESULT: {"script":"<script> [8489 bytes]","args":[{"element-6066-11e4-a52e-4f735466cecf":"f.3980C6CC6DC27C16253BC7A58143231A.d.C88A6082A37695FA42823A4B3DE8571F.e.8130","ELEMENT":"f.3980C6CC6DC27C16253BC7A58143231A.d.C88A6082A37695FA42823A4B3DE8571F.e.8130"}]}
COMMAND: POST /session/2d3f18d96ae83e7081695401c2e0fdda/element - {"using":"xpath","value":"//input[contains(@id ,\"yardId-inner\")]"}
COMMAND: GET /session/2d3f18d96ae83e7081695401c2e0fdda/screenshot - {}
RESULT: {"using":"xpath","value":"//input[contains(@id ,\"yardId-inner\")]"}
COMMAND: GET /session/2d3f18d96ae83e7081695401c2e0fdda/element/f.3980C6CC6DC27C16253BC7A58143231A.d.C88A6082A37695FA42823A4B3DE8571F.e.8130/enabled - {}
RESULT: {}
RESULT: {}
COMMAND: POST /session/2d3f18d96ae83e7081695401c2e0fdda/element/f.3980C6CC6DC27C16253BC7A58143231A.d.C88A6082A37695FA42823A4B3DE8571F.e.8130/clear - {}
COMMAND: GET /session/2d3f18d96ae83e7081695401c2e0fdda/screenshot - {}
RESULT: {}
COMMAND: POST /session/2d3f18d96ae83e7081695401c2e0fdda/element/f.3980C6CC6DC27C16253BC7A58143231A.d.C88A6082A37695FA42823A4B3DE8571F.e.8130/value - {"text":"WebdriverYard50w3qf"}
COMMAND: GET /session/2d3f18d96ae83e7081695401c2e0fdda/screenshot - {}
RESULT: {}
RESULT: {"text":"WebdriverYard50w3qf"}
COMMAND: GET /session/2d3f18d96ae83e7081695401c2e0fdda/screenshot - {}
RESULT: {}
RESULT: {}
COMMAND: POST /session/2d3f18d96ae83e7081695401c2e0fdda/element - {"using":"xpath","value":"//input[contains(@id ,\"customerNumber-inner\")]"}
RESULT: {"using":"xpath","value":"//input[contains(@id ,\"customerNumber-inner\")]"}
COMMAND: POST /session/2d3f18d96ae83e7081695401c2e0fdda/element/f.3980C6CC6DC27C16253BC7A58143231A.d.C88A6082A37695FA42823A4B3DE8571F.e.8126/value - {"text":"WebdriverPartnerpc8f5"}
COMMAND: POST /session/2d3f18d96ae83e7081695401c2e0fdda/actions - {"actions":[{"id":"action51","type":"key","parameters":{},"actions":[{"type":"keyDown","value":"î€‡"},{"type":"pause","duration":10},{"type":"keyUp","value":"î€‡"}]}]}
RESULT: {"actions":[{"id":"action51","type":"key","parameters":{},"actions":[{"type":"keyDown","value":"î€‡"},{"type":"pause","duration":10},{"type":"keyUp","value":"î€‡"}]}]}
COMMAND: GET /session/2d3f18d96ae83e7081695401c2e0fdda/screenshot - {}
RESULT: {"text":"WebdriverPartnerpc8f5"}
COMMAND: GET /session/2d3f18d96ae83e7081695401c2e0fdda/screenshot - {}
RESULT: {}
RESULT: {}
COMMAND: POST /session/2d3f18d96ae83e7081695401c2e0fdda/actions - {"actions":[{"id":"action52","type":"key","parameters":{},"actions":[{"type":"keyDown","value":"î€‡"},{"type":"pause","duration":10},{"type":"keyUp","value":"î€‡"}]}]}
RESULT: {"actions":[{"id":"action52","type":"key","parameters":{},"actions":[{"type":"keyDown","value":"î€‡"},{"type":"pause","duration":10},{"type":"keyUp","value":"î€‡"}]}]}
COMMAND: GET /session/2d3f18d96ae83e7081695401c2e0fdda/screenshot - {}
RESULT: {}
COMMAND: POST /session/2d3f18d96ae83e7081695401c2e0fdda/element - {"using":"xpath","value":"//input[contains(@id ,\"requestSiteId-inner\")]"}
RESULT: {"using":"xpath","value":"//input[contains(@id ,\"requestSiteId-inner\")]"}
COMMAND: POST /session/2d3f18d96ae83e7081695401c2e0fdda/element/f.3980C6CC6DC27C16253BC7A58143231A.d.C88A6082A37695FA42823A4B3DE8571F.e.8125/value - {"text":"WebdriverSite4jv9s"}
RESULT: {"text":"WebdriverSite4jv9s"}
COMMAND: GET /session/2d3f18d96ae83e7081695401c2e0fdda/screenshot - {}
RESULT: {}
COMMAND: POST /session/2d3f18d96ae83e7081695401c2e0fdda/actions - {"actions":[{"id":"action53","type":"key","parameters":{},"actions":[{"type":"keyDown","value":"î€‡"},{"type":"pause","duration":10},{"type":"keyUp","value":"î€‡"}]}]}
RESULT: {"actions":[{"id":"action53","type":"key","parameters":{},"actions":[{"type":"keyDown","value":"î€‡"},{"type":"pause","duration":10},{"type":"keyUp","value":"î€‡"}]}]}
COMMAND: POST /session/2d3f18d96ae83e7081695401c2e0fdda/execute/async - {"script":"<script> [1562 bytes]","args":[{"selector":{"controlType":"sap.ui.core.Icon","viewName":"etm.portal.ui.managerequests.view.NewRequest","properties":{"src":{"regex":{"source":"add"}}}},"wdio_ui5_key":"etmportal.ui.managerequests.view.NewRequestsap.ui.core.Icon{\"src\":{\"regex\":{\"source\":\"add\"}}}"}]}
COMMAND: GET /session/2d3f18d96ae83e7081695401c2e0fdda/screenshot - {}
RESULT: {"script":"<script> [1562 bytes]","args":[{"selector":{"controlType":"sap.ui.core.Icon","viewName":"etm.portal.ui.managerequests.view.NewRequest","properties":{"src":{"regex":{"source":"add"}}}},"wdio_ui5_key":"etmportal.ui.managerequests.view.NewRequestsap.ui.core.Icon{\"src\":{\"regex\":{\"source\":\"add\"}}}"}]}
RESULT: undefined
COMMAND: POST /session/2d3f18d96ae83e7081695401c2e0fdda/element - {"using":"xpath","value":"//*[@id=\"__xmlview59--btnAddTableRow-img\"]"}
RESULT: {}
RESULT: {"using":"xpath","value":"//*[@id=\"__xmlview59--btnAddTableRow-img\"]"}
COMMAND: POST /session/2d3f18d96ae83e7081695401c2e0fdda/element/f.3980C6CC6DC27C16253BC7A58143231A.d.C88A6082A37695FA42823A4B3DE8571F.e.8322/click - {}
RESULT: {}
COMMAND: GET /session/2d3f18d96ae83e7081695401c2e0fdda/screenshot - {}
RESULT: {}
COMMAND: POST /session/2d3f18d96ae83e7081695401c2e0fdda/actions - {"actions":[{"id":"action54","type":"key","parameters":{},"actions":[{"type":"keyDown","value":"î€•"},{"type":"pause","duration":10},{"type":"keyUp","value":"î€•"}]}]}
RESULT: {"actions":[{"id":"action54","type":"key","parameters":{},"actions":[{"type":"keyDown","value":"î€•"},{"type":"pause","duration":10},{"type":"keyUp","value":"î€•"}]}]}
COMMAND: POST /session/2d3f18d96ae83e7081695401c2e0fdda/actions - {"actions":[{"id":"action55","type":"key","parameters":{},"actions":[{"type":"keyDown","value":"î€‡"},{"type":"pause","duration":10},{"type":"keyUp","value":"î€‡"}]}]}
COMMAND: GET /session/2d3f18d96ae83e7081695401c2e0fdda/screenshot - {}
RESULT: {"actions":[{"id":"action55","type":"key","parameters":{},"actions":[{"type":"keyDown","value":"î€‡"},{"type":"pause","duration":10},{"type":"keyUp","value":"î€‡"}]}]}
COMMAND: POST /session/2d3f18d96ae83e7081695401c2e0fdda/element - {"using":"xpath","value":"(//input[contains(@id ,\"requestItemsTable-0-inner\")])[1]"}
COMMAND: GET /session/2d3f18d96ae83e7081695401c2e0fdda/screenshot - {}
RESULT: {}
RESULT: {"using":"xpath","value":"(//input[contains(@id ,\"requestItemsTable-0-inner\")])[1]"}
COMMAND: POST /session/2d3f18d96ae83e7081695401c2e0fdda/element/f.3980C6CC6DC27C16253BC7A58143231A.d.C88A6082A37695FA42823A4B3DE8571F.e.8327/clear - {}
RESULT: {}
RESULT: {}
COMMAND: POST /session/2d3f18d96ae83e7081695401c2e0fdda/element/f.3980C6CC6DC27C16253BC7A58143231A.d.C88A6082A37695FA42823A4B3DE8571F.e.8327/value - {"text":"catalogItemName8qqn4"}
COMMAND: GET /session/2d3f18d96ae83e7081695401c2e0fdda/screenshot - {}
RESULT: {"text":"catalogItemName8qqn4"}
COMMAND: GET /session/2d3f18d96ae83e7081695401c2e0fdda/screenshot - {}
RESULT: {}
RESULT: {}
COMMAND: POST /session/2d3f18d96ae83e7081695401c2e0fdda/actions - {"actions":[{"id":"action56","type":"key","parameters":{},"actions":[{"type":"keyDown","value":"î€‡"},{"type":"pause","duration":10},{"type":"keyUp","value":"î€‡"}]}]}
RESULT: {"actions":[{"id":"action56","type":"key","parameters":{},"actions":[{"type":"keyDown","value":"î€‡"},{"type":"pause","duration":10},{"type":"keyUp","value":"î€‡"}]}]}
COMMAND: GET /session/2d3f18d96ae83e7081695401c2e0fdda/screenshot - {}
RESULT: {}
COMMAND: POST /session/2d3f18d96ae83e7081695401c2e0fdda/execute/async - {"script":"<script> [1562 bytes]","args":[{"selector":{"controlType":"sap.m.Button","viewName":"etm.portal.ui.managerequests.view.NewRequest","i18NText":{"propertyName":"text","key":"requestSpecifications"},"interaction":{"idSuffix":"BDI-content"}},"wdio_ui5_key":"etmportal.ui.managerequests.view.NewRequestsap.m.Button{\"propertyName\":\"text\",\"key\":\"requestSpecifications\"}"}]}
RESULT: {"script":"<script> [1562 bytes]","args":[{"selector":{"controlType":"sap.m.Button","viewName":"etm.portal.ui.managerequests.view.NewRequest","i18NText":{"propertyName":"text","key":"requestSpecifications"},"interaction":{"idSuffix":"BDI-content"}},"wdio_ui5_key":"etmportal.ui.managerequests.view.NewRequestsap.m.Button{\"propertyName\":\"text\",\"key\":\"requestSpecifications\"}"}]}
RESULT: undefined
COMMAND: POST /session/2d3f18d96ae83e7081695401c2e0fdda/element - {"using":"xpath","value":"//*[@id=\"__button76-__xmlview59--requestItemsTable-0\"]"}
RESULT: {"using":"xpath","value":"//*[@id=\"__button76-__xmlview59--requestItemsTable-0\"]"}
COMMAND: POST /session/2d3f18d96ae83e7081695401c2e0fdda/element/f.3980C6CC6DC27C16253BC7A58143231A.d.C88A6082A37695FA42823A4B3DE8571F.e.8341/click - {}
RESULT: {}
COMMAND: GET /session/2d3f18d96ae83e7081695401c2e0fdda/screenshot - {}
RESULT: {}
COMMAND: POST /session/2d3f18d96ae83e7081695401c2e0fdda/element - {"using":"xpath","value":"//input[@value=\"red\"]"}
RESULT: {"using":"xpath","value":"//input[@value=\"red\"]"}
COMMAND: POST /session/2d3f18d96ae83e7081695401c2e0fdda/elements - {"using":"xpath","value":"//input[@value=\"red\"]"}
RESULT: {"using":"xpath","value":"//input[@value=\"red\"]"}
COMMAND: POST /session/2d3f18d96ae83e7081695401c2e0fdda/execute/async - {"script":"<script> [1562 bytes]","args":[{"selector":{"controlType":"sap.m.Text","viewName":"etm.portal.ui.managerequests.view.NewRequest","bindingPath":{"path":"/currentEntries/0/PROPERTIES/0","propertyPath":"DESCRIPTION","modelName":"techSpecsClassificationModel"},"searchOpenDialogs":true},"wdio_ui5_key":"etmportal.ui.managerequests.view.NewRequestsap.m.Text{\"path\":\"/currentEntries/0/PROPERTIES/0\",\"propertyPath\":\"DESCRIPTION\",\"modelName\":\"techSpecsClassificationModel\"}"}]}
RESULT: {"script":"<script> [1562 bytes]","args":[{"selector":{"controlType":"sap.m.Text","viewName":"etm.portal.ui.managerequests.view.NewRequest","bindingPath":{"path":"/currentEntries/0/PROPERTIES/0","propertyPath":"DESCRIPTION","modelName":"techSpecsClassificationModel"},"searchOpenDialogs":true},"wdio_ui5_key":"etmportal.ui.managerequests.view.NewRequestsap.m.Text{\"path\":\"/currentEntries/0/PROPERTIES/0\",\"propertyPath\":\"DESCRIPTION\",\"modelName\":\"techSpecsClassificationModel\"}"}]}
RESULT: undefined
COMMAND: POST /session/2d3f18d96ae83e7081695401c2e0fdda/execute/async - {"script":"<script> [6424 bytes]","args":[{"element-6066-11e4-a52e-4f735466cecf":"f.3980C6CC6DC27C16253BC7A58143231A.d.C88A6082A37695FA42823A4B3DE8571F.e.8349"},"getText",[]]}
RESULT: {"script":"<script> [6424 bytes]","args":[{"element-6066-11e4-a52e-4f735466cecf":"f.3980C6CC6DC27C16253BC7A58143231A.d.C88A6082A37695FA42823A4B3DE8571F.e.8349"},"getText",[]]}
COMMAND: POST /session/2d3f18d96ae83e7081695401c2e0fdda/execute/async - {"script":"<script> [1562 bytes]","args":[{"selector":{"controlType":"sap.ui.core.Icon","viewName":"etm.portal.ui.managerequests.view.NewRequest","properties":{"src":{"regex":{"source":"slim\\-arrow\\-down"}}},"searchOpenDialogs":true},"wdio_ui5_key":"etmportal.ui.managerequests.view.NewRequestsap.ui.core.Icon{\"src\":{\"regex\":{\"source\":\"slim\\\\-arrow\\\\-down\"}}}"}]}
RESULT: {"script":"<script> [1562 bytes]","args":[{"selector":{"controlType":"sap.ui.core.Icon","viewName":"etm.portal.ui.managerequests.view.NewRequest","properties":{"src":{"regex":{"source":"slim\\-arrow\\-down"}}},"searchOpenDialogs":true},"wdio_ui5_key":"etmportal.ui.managerequests.view.NewRequestsap.ui.core.Icon{\"src\":{\"regex\":{\"source\":\"slim\\\\-arrow\\\\-down\"}}}"}]}
RESULT: undefined
COMMAND: POST /session/2d3f18d96ae83e7081695401c2e0fdda/element - {"using":"xpath","value":"//*[@id=\"__box58-arrow\"]"}
RESULT: {"using":"xpath","value":"//*[@id=\"__box58-arrow\"]"}
COMMAND: POST /session/2d3f18d96ae83e7081695401c2e0fdda/element/f.3980C6CC6DC27C16253BC7A58143231A.d.C88A6082A37695FA42823A4B3DE8571F.e.8350/click - {}
RESULT: {}
COMMAND: POST /session/2d3f18d96ae83e7081695401c2e0fdda/execute/async - {"script":"<script> [1562 bytes]","args":[{"selector":{"controlType":"sap.m.StandardListItem","viewName":"etm.portal.ui.managerequests.view.NewRequest","properties":{"title":"blue"},"searchOpenDialogs":true,"interaction":{"idSuffix":"content"}},"wdio_ui5_key":"etmportal.ui.managerequests.view.NewRequestsap.m.StandardListItem{\"title\":\"blue\"}"}]}
COMMAND: GET /session/2d3f18d96ae83e7081695401c2e0fdda/screenshot - {}
RESULT: {"script":"<script> [1562 bytes]","args":[{"selector":{"controlType":"sap.m.StandardListItem","viewName":"etm.portal.ui.managerequests.view.NewRequest","properties":{"title":"blue"},"searchOpenDialogs":true,"interaction":{"idSuffix":"content"}},"wdio_ui5_key":"etmportal.ui.managerequests.view.NewRequestsap.m.StandardListItem{\"title\":\"blue\"}"}]}
RESULT: undefined
COMMAND: POST /session/2d3f18d96ae83e7081695401c2e0fdda/element - {"using":"xpath","value":"//*[@id=\"__item735\"]"}
RESULT: {}
RESULT: {"using":"xpath","value":"//*[@id=\"__item735\"]"}
COMMAND: POST /session/2d3f18d96ae83e7081695401c2e0fdda/element/f.3980C6CC6DC27C16253BC7A58143231A.d.C88A6082A37695FA42823A4B3DE8571F.e.8353/click - {}
RESULT: {}
COMMAND: GET /session/2d3f18d96ae83e7081695401c2e0fdda/screenshot - {}
RESULT: {}
COMMAND: POST /session/2d3f18d96ae83e7081695401c2e0fdda/execute/async - {"script":"<script> [1562 bytes]","args":[{"selector":{"id":"saveButton","viewName":"etm.portal.ui.managerequests.view.NewRequest","searchOpenDialogs":true,"interaction":{"idSuffix":"BDI-content"}},"wdio_ui5_key":"saveButtonetmportal.ui.managerequests.view.NewRequest"}]}
RESULT: {"script":"<script> [1562 bytes]","args":[{"selector":{"id":"saveButton","viewName":"etm.portal.ui.managerequests.view.NewRequest","searchOpenDialogs":true,"interaction":{"idSuffix":"BDI-content"}},"wdio_ui5_key":"saveButtonetmportal.ui.managerequests.view.NewRequest"}]}
RESULT: undefined
COMMAND: POST /session/2d3f18d96ae83e7081695401c2e0fdda/element - {"using":"xpath","value":"//*[@id=\"__xmlview59--saveButton\"]"}
RESULT: {"using":"xpath","value":"//*[@id=\"__xmlview59--saveButton\"]"}
COMMAND: POST /session/2d3f18d96ae83e7081695401c2e0fdda/element/f.3980C6CC6DC27C16253BC7A58143231A.d.C88A6082A37695FA42823A4B3DE8571F.e.8347/click - {}
RESULT: {}
COMMAND: POST /session/2d3f18d96ae83e7081695401c2e0fdda/execute/async - {"script":"<script> [1562 bytes]","args":[{"selector":{"controlType":"sap.ui.core.Icon","viewName":"etm.portal.ui.managerequests.view.NewRequest","properties":{"src":{"regex":{"source":"slim\\-arrow\\-down"}}},"ancestor":{"controlType":"sap.m.Button","viewName":"etm.portal.ui.managerequests.view.NewRequest","properties":{"icon":"sap-icon://slim-arrow-down"}}},"wdio_ui5_key":"etmportal.ui.managerequests.view.NewRequestsap.ui.core.Icon{\"src\":{\"regex\":{\"source\":\"slim\\\\-arrow\\\\-down\"}}}{\"controlType\":\"sap.m.Button\",\"viewName\":\"etm.portal.ui.managerequests.view.NewRequest\",\"properties\":{\"icon\":\"sap-icon://slim-arrow-down\"}}"}]}
COMMAND: GET /session/2d3f18d96ae83e7081695401c2e0fdda/screenshot - {}
RESULT: {"script":"<script> [1562 bytes]","args":[{"selector":{"controlType":"sap.ui.core.Icon","viewName":"etm.portal.ui.managerequests.view.NewRequest","properties":{"src":{"regex":{"source":"slim\\-arrow\\-down"}}},"ancestor":{"controlType":"sap.m.Button","viewName":"etm.portal.ui.managerequests.view.NewRequest","properties":{"icon":"sap-icon://slim-arrow-down"}}},"wdio_ui5_key":"etmportal.ui.managerequests.view.NewRequestsap.ui.core.Icon{\"src\":{\"regex\":{\"source\":\"slim\\\\-arrow\\\\-down\"}}}{\"controlType\":\"sap.m.Button\",\"viewName\":\"etm.portal.ui.managerequests.view.NewRequest\",\"properties\":{\"icon\":\"sap-icon://slim-arrow-down\"}}"}]}
RESULT: undefined
RESULT: {}
COMMAND: POST /session/2d3f18d96ae83e7081695401c2e0fdda/element - {"using":"xpath","value":"//div[contains(@data-kt ,\"splitAllocationObjectStatus\")]"}
RESULT: {"using":"xpath","value":"//div[contains(@data-kt ,\"splitAllocationObjectStatus\")]"}
COMMAND: POST /session/2d3f18d96ae83e7081695401c2e0fdda/elements - {"using":"xpath","value":"//div[contains(@data-kt ,\"splitAllocationObjectStatus\")]"}
RESULT: {"using":"xpath","value":"//div[contains(@data-kt ,\"splitAllocationObjectStatus\")]"}
COMMAND: POST /session/2d3f18d96ae83e7081695401c2e0fdda/execute/async - {"script":"<script> [1562 bytes]","args":[{"selector":{"controlType":"sap.ui.core.Icon","viewName":"etm.portal.ui.managerequests.view.NewRequest","properties":{"src":{"regex":{"source":"message\\-error"}}}},"wdio_ui5_key":"etmportal.ui.managerequests.view.NewRequestsap.ui.core.Icon{\"src\":{\"regex\":{\"source\":\"message\\\\-error\"}}}"}]}
RESULT: {"script":"<script> [1562 bytes]","args":[{"selector":{"controlType":"sap.ui.core.Icon","viewName":"etm.portal.ui.managerequests.view.NewRequest","properties":{"src":{"regex":{"source":"message\\-error"}}}},"wdio_ui5_key":"etmportal.ui.managerequests.view.NewRequestsap.ui.core.Icon{\"src\":{\"regex\":{\"source\":\"message\\\\-error\"}}}"}]}
RESULT: undefined
COMMAND: POST /session/2d3f18d96ae83e7081695401c2e0fdda/element - {"using":"xpath","value":"//*[@id=\"__status4-__xmlview59--requestItemsTable-0-icon\"]"}
RESULT: {"using":"xpath","value":"//*[@id=\"__status4-__xmlview59--requestItemsTable-0-icon\"]"}
COMMAND: POST /session/2d3f18d96ae83e7081695401c2e0fdda/element/f.3980C6CC6DC27C16253BC7A58143231A.d.C88A6082A37695FA42823A4B3DE8571F.e.8356/click - {}
RESULT: {}
COMMAND: POST /session/2d3f18d96ae83e7081695401c2e0fdda/execute/async - {"script":"<script> [1562 bytes]","args":[{"selector":{"controlType":"sap.ui.core.Icon","viewName":"etm.portal.ui.managerequests.view.NewRequest","properties":{"src":{"regex":{"source":"slim\\-arrow\\-down"}}},"searchOpenDialogs":true,"ancestor":{"id":"costObjectAdminTypeComboBox","viewName":"etm.portal.ui.managerequests.view.NewRequest","searchOpenDialogs":true}},"wdio_ui5_key":"etmportal.ui.managerequests.view.NewRequestsap.ui.core.Icon{\"src\":{\"regex\":{\"source\":\"slim\\\\-arrow\\\\-down\"}}}{\"id\":\"costObjectAdminTypeComboBox\",\"viewName\":\"etm.portal.ui.managerequests.view.NewRequest\",\"searchOpenDialogs\":true}"}]}
COMMAND: GET /session/2d3f18d96ae83e7081695401c2e0fdda/screenshot - {}
RESULT: {"script":"<script> [1562 bytes]","args":[{"selector":{"controlType":"sap.ui.core.Icon","viewName":"etm.portal.ui.managerequests.view.NewRequest","properties":{"src":{"regex":{"source":"slim\\-arrow\\-down"}}},"searchOpenDialogs":true,"ancestor":{"id":"costObjectAdminTypeComboBox","viewName":"etm.portal.ui.managerequests.view.NewRequest","searchOpenDialogs":true}},"wdio_ui5_key":"etmportal.ui.managerequests.view.NewRequestsap.ui.core.Icon{\"src\":{\"regex\":{\"source\":\"slim\\\\-arrow\\\\-down\"}}}{\"id\":\"costObjectAdminTypeComboBox\",\"viewName\":\"etm.portal.ui.managerequests.view.NewRequest\",\"searchOpenDialogs\":true}"}]}
RESULT: undefined
COMMAND: POST /session/2d3f18d96ae83e7081695401c2e0fdda/element - {"using":"xpath","value":"//*[@id=\"__xmlview59--costObjectAdminTypeComboBox-arrow\"]"}
RESULT: {}
RESULT: {"using":"xpath","value":"//*[@id=\"__xmlview59--costObjectAdminTypeComboBox-arrow\"]"}
COMMAND: POST /session/2d3f18d96ae83e7081695401c2e0fdda/element/f.3980C6CC6DC27C16253BC7A58143231A.d.C88A6082A37695FA42823A4B3DE8571F.e.8360/click - {}
RESULT: {}
COMMAND: POST /session/2d3f18d96ae83e7081695401c2e0fdda/execute/async - {"script":"<script> [1562 bytes]","args":[{"selector":{"controlType":"sap.m.StandardListItem","viewName":"etm.portal.ui.managerequests.view.NewRequest","properties":{"title":"Cost Center"},"searchOpenDialogs":true,"interaction":{"idSuffix":"titleText"}},"wdio_ui5_key":"etmportal.ui.managerequests.view.NewRequestsap.m.StandardListItem{\"title\":\"Cost Center\"}"}]}
COMMAND: GET /session/2d3f18d96ae83e7081695401c2e0fdda/screenshot - {}
RESULT: {"script":"<script> [1562 bytes]","args":[{"selector":{"controlType":"sap.m.StandardListItem","viewName":"etm.portal.ui.managerequests.view.NewRequest","properties":{"title":"Cost Center"},"searchOpenDialogs":true,"interaction":{"idSuffix":"titleText"}},"wdio_ui5_key":"etmportal.ui.managerequests.view.NewRequestsap.m.StandardListItem{\"title\":\"Cost Center\"}"}]}
RESULT: undefined
COMMAND: POST /session/2d3f18d96ae83e7081695401c2e0fdda/element - {"using":"xpath","value":"//*[@id=\"__item738\"]"}
RESULT: {}
RESULT: {"using":"xpath","value":"//*[@id=\"__item738\"]"}
COMMAND: POST /session/2d3f18d96ae83e7081695401c2e0fdda/element/f.3980C6CC6DC27C16253BC7A58143231A.d.C88A6082A37695FA42823A4B3DE8571F.e.8363/click - {}
RESULT: {}
COMMAND: GET /session/2d3f18d96ae83e7081695401c2e0fdda/screenshot - {}
RESULT: {}
COMMAND: POST /session/2d3f18d96ae83e7081695401c2e0fdda/execute/async - {"script":"<script> [1562 bytes]","args":[{"selector":{"controlType":"sap.ui.core.Icon","viewName":"etm.portal.ui.managerequests.view.NewRequest","properties":{"src":{"regex":{"source":"value\\-help"}}},"searchOpenDialogs":true},"wdio_ui5_key":"etmportal.ui.managerequests.view.NewRequestsap.ui.core.Icon{\"src\":{\"regex\":{\"source\":\"value\\\\-help\"}}}"}]}
RESULT: {"script":"<script> [1562 bytes]","args":[{"selector":{"controlType":"sap.ui.core.Icon","viewName":"etm.portal.ui.managerequests.view.NewRequest","properties":{"src":{"regex":{"source":"value\\-help"}}},"searchOpenDialogs":true},"wdio_ui5_key":"etmportal.ui.managerequests.view.NewRequestsap.ui.core.Icon{\"src\":{\"regex\":{\"source\":\"value\\\\-help\"}}}"}]}
RESULT: undefined
COMMAND: POST /session/2d3f18d96ae83e7081695401c2e0fdda/element - {"using":"xpath","value":"//*[@id=\"__xmlview59--costObjectIdComboBox-vhi\"]"}
RESULT: {"using":"xpath","value":"//*[@id=\"__xmlview59--costObjectIdComboBox-vhi\"]"}
COMMAND: POST /session/2d3f18d96ae83e7081695401c2e0fdda/element/f.3980C6CC6DC27C16253BC7A58143231A.d.C88A6082A37695FA42823A4B3DE8571F.e.8370/click - {}
RESULT: {}
COMMAND: POST /session/2d3f18d96ae83e7081695401c2e0fdda/execute/async - {"script":"<script> [1562 bytes]","args":[{"selector":{"controlType":"sap.m.SearchField","properties":{"placeholder":"Search"},"searchOpenDialogs":true,"interaction":{"idSuffix":"I"}},"wdio_ui5_key":"sapm.SearchField{\"placeholder\":\"Search\"}"}]}
COMMAND: GET /session/2d3f18d96ae83e7081695401c2e0fdda/screenshot - {}
RESULT: {"script":"<script> [1562 bytes]","args":[{"selector":{"controlType":"sap.m.SearchField","properties":{"placeholder":"Search"},"searchOpenDialogs":true,"interaction":{"idSuffix":"I"}},"wdio_ui5_key":"sapm.SearchField{\"placeholder\":\"Search\"}"}]}
RESULT: undefined
COMMAND: POST /session/2d3f18d96ae83e7081695401c2e0fdda/execute/async - {"script":"<script> [776 bytes]","args":[{"enterText":"10001010","selector":{"controlType":"sap.m.SearchField","properties":{"placeholder":"Search"},"searchOpenDialogs":true,"interaction":{"idSuffix":"I"}},"clearTextFirst":true,"interactionType":"ENTER_TEXT"}]}
RESULT: {}
RESULT: {"script":"<script> [776 bytes]","args":[{"enterText":"10001010","selector":{"controlType":"sap.m.SearchField","properties":{"placeholder":"Search"},"searchOpenDialogs":true,"interaction":{"idSuffix":"I"}},"clearTextFirst":true,"interactionType":"ENTER_TEXT"}]}
COMMAND: POST /session/2d3f18d96ae83e7081695401c2e0fdda/actions - {"actions":[{"id":"action57","type":"key","parameters":{},"actions":[{"type":"keyDown","value":"î€‡"},{"type":"pause","duration":10},{"type":"keyUp","value":"î€‡"}]}]}
RESULT: {"actions":[{"id":"action57","type":"key","parameters":{},"actions":[{"type":"keyDown","value":"î€‡"},{"type":"pause","duration":10},{"type":"keyUp","value":"î€‡"}]}]}
COMMAND: GET /session/2d3f18d96ae83e7081695401c2e0fdda/screenshot - {}
RESULT: {}
COMMAND: POST /session/2d3f18d96ae83e7081695401c2e0fdda/execute/async - {"script":"<script> [1562 bytes]","args":[{"selector":{"controlType":"sap.m.Text","bindingPath":{"path":"/C_CostCtrValueHelp(CostCenter='10001010',ControllingArea='Z001')","propertyPath":"CostCenterName","modelName":"CostCenterModel"},"searchOpenDialogs":true},"wdio_ui5_key":"sapm.Text{\"path\":\"/C_CostCtrValueHelp(CostCenter='10001010',ControllingArea='Z001')\",\"propertyPath\":\"CostCenterName\",\"modelName\":\"CostCenterModel\"}"}]}
RESULT: {"script":"<script> [1562 bytes]","args":[{"selector":{"controlType":"sap.m.Text","bindingPath":{"path":"/C_CostCtrValueHelp(CostCenter='10001010',ControllingArea='Z001')","propertyPath":"CostCenterName","modelName":"CostCenterModel"},"searchOpenDialogs":true},"wdio_ui5_key":"sapm.Text{\"path\":\"/C_CostCtrValueHelp(CostCenter='10001010',ControllingArea='Z001')\",\"propertyPath\":\"CostCenterName\",\"modelName\":\"CostCenterModel\"}"}]}
RESULT: undefined
COMMAND: POST /session/2d3f18d96ae83e7081695401c2e0fdda/element - {"using":"xpath","value":"//*[@id=\"__text544-__clone957\"]"}
RESULT: {"using":"xpath","value":"//*[@id=\"__text544-__clone957\"]"}
COMMAND: POST /session/2d3f18d96ae83e7081695401c2e0fdda/element/f.3980C6CC6DC27C16253BC7A58143231A.d.C88A6082A37695FA42823A4B3DE8571F.e.8410/click - {}
RESULT: {}
COMMAND: POST /session/2d3f18d96ae83e7081695401c2e0fdda/execute/async - {"script":"<script> [1562 bytes]","args":[{"selector":{"controlType":"sap.m.Button","properties":{"text":"OK"},"searchOpenDialogs":true,"interaction":{"idSuffix":"BDI-content"}},"wdio_ui5_key":"sapm.Button{\"text\":\"OK\"}"}]}
COMMAND: GET /session/2d3f18d96ae83e7081695401c2e0fdda/screenshot - {}
RESULT: {"script":"<script> [1562 bytes]","args":[{"selector":{"controlType":"sap.m.Button","properties":{"text":"OK"},"searchOpenDialogs":true,"interaction":{"idSuffix":"BDI-content"}},"wdio_ui5_key":"sapm.Button{\"text\":\"OK\"}"}]}
RESULT: undefined
COMMAND: POST /session/2d3f18d96ae83e7081695401c2e0fdda/element - {"using":"xpath","value":"//*[@id=\"__dialog2-ok\"]"}
RESULT: {}
RESULT: {"using":"xpath","value":"//*[@id=\"__dialog2-ok\"]"}
COMMAND: POST /session/2d3f18d96ae83e7081695401c2e0fdda/element/f.3980C6CC6DC27C16253BC7A58143231A.d.C88A6082A37695FA42823A4B3DE8571F.e.8412/click - {}
RESULT: {}
COMMAND: GET /session/2d3f18d96ae83e7081695401c2e0fdda/screenshot - {}
RESULT: {}
COMMAND: POST /session/2d3f18d96ae83e7081695401c2e0fdda/execute/async - {"script":"<script> [1562 bytes]","args":[{"selector":{"controlType":"sap.m.Button","viewName":"etm.portal.ui.managerequests.view.NewRequest","i18NText":{"propertyName":"text","key":"save"},"searchOpenDialogs":true,"interaction":{"idSuffix":"BDI-content"}},"wdio_ui5_key":"etmportal.ui.managerequests.view.NewRequestsap.m.Button{\"propertyName\":\"text\",\"key\":\"save\"}"}]}
RESULT: {"script":"<script> [1562 bytes]","args":[{"selector":{"controlType":"sap.m.Button","viewName":"etm.portal.ui.managerequests.view.NewRequest","i18NText":{"propertyName":"text","key":"save"},"searchOpenDialogs":true,"interaction":{"idSuffix":"BDI-content"}},"wdio_ui5_key":"etmportal.ui.managerequests.view.NewRequestsap.m.Button{\"propertyName\":\"text\",\"key\":\"save\"}"}]}
RESULT: undefined
COMMAND: POST /session/2d3f18d96ae83e7081695401c2e0fdda/element - {"using":"xpath","value":"//*[@id=\"__button87\"]"}
RESULT: {"using":"xpath","value":"//*[@id=\"__button87\"]"}
COMMAND: POST /session/2d3f18d96ae83e7081695401c2e0fdda/element/f.3980C6CC6DC27C16253BC7A58143231A.d.C88A6082A37695FA42823A4B3DE8571F.e.8416/click - {}
RESULT: {}
COMMAND: GET /session/2d3f18d96ae83e7081695401c2e0fdda/screenshot - {}
RESULT: {}
COMMAND: POST /session/2d3f18d96ae83e7081695401c2e0fdda/execute/async - {"script":"<script> [1562 bytes]","args":[{"selector":{"controlType":"sap.m.Button","viewName":"etm.portal.ui.managerequests.view.NewRequest","i18NText":{"propertyName":"tooltip","key":"save"},"interaction":{"idSuffix":"content"}},"wdio_ui5_key":"etmportal.ui.managerequests.view.NewRequestsap.m.Button{\"propertyName\":\"tooltip\",\"key\":\"save\"}"}]}
RESULT: {"script":"<script> [1562 bytes]","args":[{"selector":{"controlType":"sap.m.Button","viewName":"etm.portal.ui.managerequests.view.NewRequest","i18NText":{"propertyName":"tooltip","key":"save"},"interaction":{"idSuffix":"content"}},"wdio_ui5_key":"etmportal.ui.managerequests.view.NewRequestsap.m.Button{\"propertyName\":\"tooltip\",\"key\":\"save\"}"}]}
RESULT: undefined
COMMAND: POST /session/2d3f18d96ae83e7081695401c2e0fdda/element - {"using":"xpath","value":"//*[@id=\"__button78\"]"}
RESULT: {"using":"xpath","value":"//*[@id=\"__button78\"]"}
COMMAND: POST /session/2d3f18d96ae83e7081695401c2e0fdda/element/f.3980C6CC6DC27C16253BC7A58143231A.d.C88A6082A37695FA42823A4B3DE8571F.e.8214/click - {}
RESULT: {}
COMMAND: GET /session/2d3f18d96ae83e7081695401c2e0fdda/screenshot - {}
RESULT: {}
COMMAND: POST /session/2d3f18d96ae83e7081695401c2e0fdda/execute/async - {"script":"<script> [1562 bytes]","args":[{"selector":{"controlType":"sap.m.Title","properties":{"text":"Success"},"searchOpenDialogs":true},"wdio_ui5_key":"sapm.Title{\"text\":\"Success\"}"}]}
RESULT: {"script":"<script> [1562 bytes]","args":[{"selector":{"controlType":"sap.m.Title","properties":{"text":"Success"},"searchOpenDialogs":true},"wdio_ui5_key":"sapm.Title{\"text\":\"Success\"}"}]}
RESULT: undefined
COMMAND: POST /session/2d3f18d96ae83e7081695401c2e0fdda/execute/async - {"script":"<script> [6424 bytes]","args":[{"element-6066-11e4-a52e-4f735466cecf":"f.3980C6CC6DC27C16253BC7A58143231A.d.C88A6082A37695FA42823A4B3DE8571F.e.8421"},"getText",[]]}
RESULT: {"script":"<script> [6424 bytes]","args":[{"element-6066-11e4-a52e-4f735466cecf":"f.3980C6CC6DC27C16253BC7A58143231A.d.C88A6082A37695FA42823A4B3DE8571F.e.8421"},"getText",[]]}
COMMAND: POST /session/2d3f18d96ae83e7081695401c2e0fdda/execute/async - {"script":"<script> [1562 bytes]","args":[{"selector":{"controlType":"sap.m.Button","properties":{"text":"Close"},"searchOpenDialogs":true,"interaction":{"idSuffix":"BDI-content"}},"wdio_ui5_key":"sapm.Button{\"text\":\"Close\"}"}]}
RESULT: {"script":"<script> [1562 bytes]","args":[{"selector":{"controlType":"sap.m.Button","properties":{"text":"Close"},"searchOpenDialogs":true,"interaction":{"idSuffix":"BDI-content"}},"wdio_ui5_key":"sapm.Button{\"text\":\"Close\"}"}]}
RESULT: undefined
COMMAND: POST /session/2d3f18d96ae83e7081695401c2e0fdda/element - {"using":"xpath","value":"//*[@id=\"__mbox-btn-0\"]"}
RESULT: {"using":"xpath","value":"//*[@id=\"__mbox-btn-0\"]"}
COMMAND: POST /session/2d3f18d96ae83e7081695401c2e0fdda/element/f.3980C6CC6DC27C16253BC7A58143231A.d.C88A6082A37695FA42823A4B3DE8571F.e.8420/click - {}
RESULT: {}
COMMAND: GET /session/2d3f18d96ae83e7081695401c2e0fdda/screenshot - {}
RESULT: {}
COMMAND: POST /session/2d3f18d96ae83e7081695401c2e0fdda/execute/async - {"script":"<script> [1562 bytes]","args":[{"selector":{"controlType":"sap.m.Button","viewName":"etm.portal.ui.managerequests.view.Detail","i18NText":{"propertyName":"text","key":"requestSpecifications"},"interaction":{"idSuffix":"BDI-content"}},"wdio_ui5_key":"etmportal.ui.managerequests.view.Detailsap.m.Button{\"propertyName\":\"text\",\"key\":\"requestSpecifications\"}"}]}
RESULT: {"script":"<script> [1562 bytes]","args":[{"selector":{"controlType":"sap.m.Button","viewName":"etm.portal.ui.managerequests.view.Detail","i18NText":{"propertyName":"text","key":"requestSpecifications"},"interaction":{"idSuffix":"BDI-content"}},"wdio_ui5_key":"etmportal.ui.managerequests.view.Detailsap.m.Button{\"propertyName\":\"text\",\"key\":\"requestSpecifications\"}"}]}
RESULT: undefined
COMMAND: POST /session/2d3f18d96ae83e7081695401c2e0fdda/element - {"using":"xpath","value":"//*[@id=\"__button103-__clone996\"]"}
RESULT: {"using":"xpath","value":"//*[@id=\"__button103-__clone996\"]"}
COMMAND: POST /session/2d3f18d96ae83e7081695401c2e0fdda/element/f.3980C6CC6DC27C16253BC7A58143231A.d.C88A6082A37695FA42823A4B3DE8571F.e.8540/click - {}
RESULT: {}
COMMAND: GET /session/2d3f18d96ae83e7081695401c2e0fdda/screenshot - {}
RESULT: {}
COMMAND: POST /session/2d3f18d96ae83e7081695401c2e0fdda/element - {"using":"xpath","value":"//input[@value=\"blue\"]"}
RESULT: {"using":"xpath","value":"//input[@value=\"blue\"]"}
COMMAND: POST /session/2d3f18d96ae83e7081695401c2e0fdda/elements - {"using":"xpath","value":"//input[@value=\"blue\"]"}
RESULT: {"using":"xpath","value":"//input[@value=\"blue\"]"}
COMMAND: POST /session/2d3f18d96ae83e7081695401c2e0fdda/execute/async - {"script":"<script> [1562 bytes]","args":[{"selector":{"id":"cancelRequestSpecificationsButton","viewName":"etm.portal.ui.managerequests.view.Detail","searchOpenDialogs":true,"interaction":{"idSuffix":"BDI-content"}},"wdio_ui5_key":"cancelRequestSpecificationsButtonetmportal.ui.managerequests.view.Detail"}]}
RESULT: {"script":"<script> [1562 bytes]","args":[{"selector":{"id":"cancelRequestSpecificationsButton","viewName":"etm.portal.ui.managerequests.view.Detail","searchOpenDialogs":true,"interaction":{"idSuffix":"BDI-content"}},"wdio_ui5_key":"cancelRequestSpecificationsButtonetmportal.ui.managerequests.view.Detail"}]}
RESULT: undefined
COMMAND: POST /session/2d3f18d96ae83e7081695401c2e0fdda/element - {"using":"xpath","value":"//*[@id=\"__xmlview60--cancelRequestSpecificationsButton\"]"}
RESULT: {"using":"xpath","value":"//*[@id=\"__xmlview60--cancelRequestSpecificationsButton\"]"}
COMMAND: POST /session/2d3f18d96ae83e7081695401c2e0fdda/element/f.3980C6CC6DC27C16253BC7A58143231A.d.C88A6082A37695FA42823A4B3DE8571F.e.8553/click - {}
RESULT: {}
COMMAND: GET /session/2d3f18d96ae83e7081695401c2e0fdda/screenshot - {}
COMMAND: POST /session/2d3f18d96ae83e7081695401c2e0fdda/element - {"using":"css selector","value":"#shell-header-logo"}
RESULT: {}
RESULT: {"using":"css selector","value":"#shell-header-logo"}
COMMAND: POST /session/2d3f18d96ae83e7081695401c2e0fdda/element/f.3980C6CC6DC27C16253BC7A58143231A.d.C88A6082A37695FA42823A4B3DE8571F.e.7952/click - {}
RESULT: {}
COMMAND: GET /session/2d3f18d96ae83e7081695401c2e0fdda/screenshot - {}
RESULT: {}
]]></system-out>
    </testcase>
  </testsuite>
  <testsuite timestamp="2025-05-14T06:43:15" time="369.153" tests="3" failures="0" errors="0" skipped="0">
    <properties>
      <property name="specId" value="0" />
      <property name="suiteName" value="Reserve/Unreserve request item via reserve option US139161" />
      <property name="capabilities" value="chrome.136_0_7103_49.windows" />
      <property name="file" value="file:///D:/a/1/s/test/specs/R2C/reserve-unreserve-request-item-via-reserve-option.spec.js" />
    </properties>
    <testcase classname="chrome.136_0_7103_49.windows.Reserve/Unreserve_request_item_via_reserve_option_US139161" name="Should add the material to the catalog item" time="93.694">
      <system-out><![CDATA[
COMMAND: POST /session/2d3f18d96ae83e7081695401c2e0fdda/execute/async - {"script":"<script> [1562 bytes]","args":[{"selector":{"controlType":"sap.m.GenericTile","properties":{"header":"Manage Catalogs"}},"wdio_ui5_key":"sapm.GenericTile{\"header\":\"Manage Catalogs\"}"}]}
RESULT: {"script":"<script> [1562 bytes]","args":[{"selector":{"controlType":"sap.m.GenericTile","properties":{"header":"Manage Catalogs"}},"wdio_ui5_key":"sapm.GenericTile{\"header\":\"Manage Catalogs\"}"}]}
RESULT: undefined
COMMAND: POST /session/2d3f18d96ae83e7081695401c2e0fdda/element - {"using":"xpath","value":"//*[@id=\"__tile37\"]"}
RESULT: {"using":"xpath","value":"//*[@id=\"__tile37\"]"}
COMMAND: POST /session/2d3f18d96ae83e7081695401c2e0fdda/element/f.3980C6CC6DC27C16253BC7A58143231A.d.C88A6082A37695FA42823A4B3DE8571F.e.8560/click - {}
RESULT: {}
COMMAND: GET /session/2d3f18d96ae83e7081695401c2e0fdda/screenshot - {}
RESULT: {}
COMMAND: POST /session/2d3f18d96ae83e7081695401c2e0fdda/elements - {"using":"xpath","value":"//span[text()='Error']"}
RESULT: {"using":"xpath","value":"//span[text()='Error']"}
COMMAND: POST /session/2d3f18d96ae83e7081695401c2e0fdda/execute/async - {"script":"<script> [1562 bytes]","args":[{"selector":{"controlType":"sap.m.Text","viewName":"etm.portal.ui.managecatalogs.view.MasterCatalogs","viewId":"application-managecatalogs-display-component---masterCatalogs","bindingPath":{"path":"/Catalogs('0D7502D073D53A0F1700BE067B89AFF9')","propertyPath":"DESCRIPTION","modelName":"catalogModel"}},"wdio_ui5_key":"etmportal.ui.managecatalogs.view.MasterCatalogssap.m.Text{\"path\":\"/Catalogs('0D7502D073D53A0F1700BE067B89AFF9')\",\"propertyPath\":\"DESCRIPTION\",\"modelName\":\"catalogModel\"}"}]}
RESULT: {"script":"<script> [1562 bytes]","args":[{"selector":{"controlType":"sap.m.Text","viewName":"etm.portal.ui.managecatalogs.view.MasterCatalogs","viewId":"application-managecatalogs-display-component---masterCatalogs","bindingPath":{"path":"/Catalogs('0D7502D073D53A0F1700BE067B89AFF9')","propertyPath":"DESCRIPTION","modelName":"catalogModel"}},"wdio_ui5_key":"etmportal.ui.managecatalogs.view.MasterCatalogssap.m.Text{\"path\":\"/Catalogs('0D7502D073D53A0F1700BE067B89AFF9')\",\"propertyPath\":\"DESCRIPTION\",\"modelName\":\"catalogModel\"}"}]}
RESULT: undefined
COMMAND: POST /session/2d3f18d96ae83e7081695401c2e0fdda/element - {"using":"xpath","value":"//*[@id=\"__text678-application-managecatalogs-display-component---masterCatalogs--CatalogsTable-11\"]"}
RESULT: {"using":"xpath","value":"//*[@id=\"__text678-application-managecatalogs-display-component---masterCatalogs--CatalogsTable-11\"]"}
COMMAND: POST /session/2d3f18d96ae83e7081695401c2e0fdda/element/f.3980C6CC6DC27C16253BC7A58143231A.d.C88A6082A37695FA42823A4B3DE8571F.e.8630/click - {}
RESULT: {}
RESULT: undefined
COMMAND: POST /session/2d3f18d96ae83e7081695401c2e0fdda/execute/async - {"script":"<script> [776 bytes]","args":[{"enterText":"catalogItem9gnqaj","selector":{"id":"application-managecatalogs-display-component---masterCatalogItems--searchItemsField","interaction":{"idSuffix":"I"}},"clearTextFirst":true,"interactionType":"ENTER_TEXT"}]}
COMMAND: GET /session/2d3f18d96ae83e7081695401c2e0fdda/screenshot - {}
RESULT: {"script":"<script> [776 bytes]","args":[{"enterText":"catalogItem9gnqaj","selector":{"id":"application-managecatalogs-display-component---masterCatalogItems--searchItemsField","interaction":{"idSuffix":"I"}},"clearTextFirst":true,"interactionType":"ENTER_TEXT"}]}
COMMAND: POST /session/2d3f18d96ae83e7081695401c2e0fdda/actions - {"actions":[{"id":"action58","type":"key","parameters":{},"actions":[{"type":"keyDown","value":"î€‡"},{"type":"pause","duration":10},{"type":"keyUp","value":"î€‡"}]}]}
RESULT: {}
RESULT: {"actions":[{"id":"action58","type":"key","parameters":{},"actions":[{"type":"keyDown","value":"î€‡"},{"type":"pause","duration":10},{"type":"keyUp","value":"î€‡"}]}]}
COMMAND: POST /session/2d3f18d96ae83e7081695401c2e0fdda/element - {"using":"xpath","value":"(//span[contains(text(), \"catalogItem9gnqaj\")])[1]"}
COMMAND: GET /session/2d3f18d96ae83e7081695401c2e0fdda/screenshot - {}
RESULT: {"using":"xpath","value":"(//span[contains(text(), \"catalogItem9gnqaj\")])[1]"}
COMMAND: POST /session/2d3f18d96ae83e7081695401c2e0fdda/element/f.3980C6CC6DC27C16253BC7A58143231A.d.C88A6082A37695FA42823A4B3DE8571F.e.8668/click - {}
RESULT: {}
RESULT: {}
COMMAND: GET /session/2d3f18d96ae83e7081695401c2e0fdda/screenshot - {}
RESULT: {}
COMMAND: POST /session/2d3f18d96ae83e7081695401c2e0fdda/element - {"using":"xpath","value":"//*[contains(@id ,\"BDI-content\")][contains(text(), \"Edit\")]"}
RESULT: {"using":"xpath","value":"//*[contains(@id ,\"BDI-content\")][contains(text(), \"Edit\")]"}
COMMAND: POST /session/2d3f18d96ae83e7081695401c2e0fdda/element/f.3980C6CC6DC27C16253BC7A58143231A.d.C88A6082A37695FA42823A4B3DE8571F.e.8748/click - {}
RESULT: {}
COMMAND: GET /session/2d3f18d96ae83e7081695401c2e0fdda/screenshot - {}
RESULT: {}
COMMAND: POST /session/2d3f18d96ae83e7081695401c2e0fdda/element - {"using":"xpath","value":"//bdi[contains(text(), \"Assigned Resources\")]"}
RESULT: {"using":"xpath","value":"//bdi[contains(text(), \"Assigned Resources\")]"}
COMMAND: POST /session/2d3f18d96ae83e7081695401c2e0fdda/element/f.3980C6CC6DC27C16253BC7A58143231A.d.C88A6082A37695FA42823A4B3DE8571F.e.8771/click - {}
RESULT: {}
COMMAND: GET /session/2d3f18d96ae83e7081695401c2e0fdda/screenshot - {}
RESULT: {}
COMMAND: POST /session/2d3f18d96ae83e7081695401c2e0fdda/element - {"using":"xpath","value":"//button[contains(@data-kt ,\"catalogItemAssignRuButton\")]"}
RESULT: {"using":"xpath","value":"//button[contains(@data-kt ,\"catalogItemAssignRuButton\")]"}
COMMAND: POST /session/2d3f18d96ae83e7081695401c2e0fdda/element/f.3980C6CC6DC27C16253BC7A58143231A.d.C88A6082A37695FA42823A4B3DE8571F.e.8777/click - {}
RESULT: {}
COMMAND: GET /session/2d3f18d96ae83e7081695401c2e0fdda/screenshot - {}
RESULT: {}
COMMAND: POST /session/2d3f18d96ae83e7081695401c2e0fdda/actions - {"actions":[{"id":"action59","type":"key","parameters":{},"actions":[{"type":"keyDown","value":"î€‡"},{"type":"pause","duration":10},{"type":"keyUp","value":"î€‡"}]}]}
RESULT: {"actions":[{"id":"action59","type":"key","parameters":{},"actions":[{"type":"keyDown","value":"î€‡"},{"type":"pause","duration":10},{"type":"keyUp","value":"î€‡"}]}]}
COMMAND: GET /session/2d3f18d96ae83e7081695401c2e0fdda/screenshot - {}
RESULT: {}
COMMAND: POST /session/2d3f18d96ae83e7081695401c2e0fdda/execute/async - {"script":"<script> [1562 bytes]","args":[{"selector":{"id":"application-managecatalogs-display-component---detailCatalog--assignRUSearchField-vhi","searchOpenDialogs":true},"wdio_ui5_key":"applicationmanagecatalogs-display-component---detailCatalog--assignRUSearchField-vhi"}]}
RESULT: {"script":"<script> [1562 bytes]","args":[{"selector":{"id":"application-managecatalogs-display-component---detailCatalog--assignRUSearchField-vhi","searchOpenDialogs":true},"wdio_ui5_key":"applicationmanagecatalogs-display-component---detailCatalog--assignRUSearchField-vhi"}]}
RESULT: undefined
COMMAND: POST /session/2d3f18d96ae83e7081695401c2e0fdda/element - {"using":"xpath","value":"//*[@id=\"application-managecatalogs-display-component---detailCatalog--assignRUSearchField-vhi\"]"}
RESULT: {"using":"xpath","value":"//*[@id=\"application-managecatalogs-display-component---detailCatalog--assignRUSearchField-vhi\"]"}
COMMAND: POST /session/2d3f18d96ae83e7081695401c2e0fdda/element/f.3980C6CC6DC27C16253BC7A58143231A.d.C88A6082A37695FA42823A4B3DE8571F.e.8795/click - {}
RESULT: {}
COMMAND: GET /session/2d3f18d96ae83e7081695401c2e0fdda/screenshot - {}
RESULT: {}
COMMAND: POST /session/2d3f18d96ae83e7081695401c2e0fdda/element - {"using":"xpath","value":"//input[contains(@id ,\"searchField-I\")]"}
RESULT: {"using":"xpath","value":"//input[contains(@id ,\"searchField-I\")]"}
COMMAND: POST /session/2d3f18d96ae83e7081695401c2e0fdda/element/f.3980C6CC6DC27C16253BC7A58143231A.d.C88A6082A37695FA42823A4B3DE8571F.e.8798/clear - {}
RESULT: {}
COMMAND: POST /session/2d3f18d96ae83e7081695401c2e0fdda/element/f.3980C6CC6DC27C16253BC7A58143231A.d.C88A6082A37695FA42823A4B3DE8571F.e.8798/value - {"text":"WebdriverRUR2C94tjb"}
COMMAND: GET /session/2d3f18d96ae83e7081695401c2e0fdda/screenshot - {}
RESULT: {"text":"WebdriverRUR2C94tjb"}
COMMAND: GET /session/2d3f18d96ae83e7081695401c2e0fdda/screenshot - {}
RESULT: {}
RESULT: {}
COMMAND: POST /session/2d3f18d96ae83e7081695401c2e0fdda/actions - {"actions":[{"id":"action60","type":"key","parameters":{},"actions":[{"type":"keyDown","value":"î€‡"},{"type":"pause","duration":10},{"type":"keyUp","value":"î€‡"}]}]}
RESULT: {"actions":[{"id":"action60","type":"key","parameters":{},"actions":[{"type":"keyDown","value":"î€‡"},{"type":"pause","duration":10},{"type":"keyUp","value":"î€‡"}]}]}
COMMAND: GET /session/2d3f18d96ae83e7081695401c2e0fdda/screenshot - {}
RESULT: {}
COMMAND: POST /session/2d3f18d96ae83e7081695401c2e0fdda/actions - {"actions":[{"id":"action61","type":"key","parameters":{},"actions":[{"type":"keyDown","value":"î€„"},{"type":"pause","duration":10},{"type":"keyUp","value":"î€„"}]}]}
RESULT: {"actions":[{"id":"action61","type":"key","parameters":{},"actions":[{"type":"keyDown","value":"î€„"},{"type":"pause","duration":10},{"type":"keyUp","value":"î€„"}]}]}
COMMAND: GET /session/2d3f18d96ae83e7081695401c2e0fdda/screenshot - {}
RESULT: {}
COMMAND: POST /session/2d3f18d96ae83e7081695401c2e0fdda/actions - {"actions":[{"id":"action62","type":"key","parameters":{},"actions":[{"type":"keyDown","value":"î€‡"},{"type":"pause","duration":10},{"type":"keyUp","value":"î€‡"}]}]}
RESULT: {"actions":[{"id":"action62","type":"key","parameters":{},"actions":[{"type":"keyDown","value":"î€‡"},{"type":"pause","duration":10},{"type":"keyUp","value":"î€‡"}]}]}
COMMAND: GET /session/2d3f18d96ae83e7081695401c2e0fdda/screenshot - {}
RESULT: {}
COMMAND: POST /session/2d3f18d96ae83e7081695401c2e0fdda/element - {"using":"xpath","value":"//bdi[contains(@id ,\"application-managecatalogs-display-component---detailCatalog--RUAssignmentSaveButton-BDI-content\")]"}
RESULT: {"using":"xpath","value":"//bdi[contains(@id ,\"application-managecatalogs-display-component---detailCatalog--RUAssignmentSaveButton-BDI-content\")]"}
COMMAND: POST /session/2d3f18d96ae83e7081695401c2e0fdda/element/f.3980C6CC6DC27C16253BC7A58143231A.d.C88A6082A37695FA42823A4B3DE8571F.e.8826/click - {}
RESULT: {}
COMMAND: GET /session/2d3f18d96ae83e7081695401c2e0fdda/screenshot - {}
RESULT: {}
COMMAND: POST /session/2d3f18d96ae83e7081695401c2e0fdda/element - {"using":"xpath","value":"//bdi[contains(text(), \"Save\")]"}
RESULT: {"using":"xpath","value":"//bdi[contains(text(), \"Save\")]"}
COMMAND: POST /session/2d3f18d96ae83e7081695401c2e0fdda/element/f.3980C6CC6DC27C16253BC7A58143231A.d.C88A6082A37695FA42823A4B3DE8571F.e.8853/click - {}
RESULT: {}
COMMAND: GET /session/2d3f18d96ae83e7081695401c2e0fdda/screenshot - {}
RESULT: {}
COMMAND: POST /session/2d3f18d96ae83e7081695401c2e0fdda/element - {"using":"css selector","value":"#shell-header-logo"}
RESULT: {"using":"css selector","value":"#shell-header-logo"}
COMMAND: POST /session/2d3f18d96ae83e7081695401c2e0fdda/element/f.3980C6CC6DC27C16253BC7A58143231A.d.C88A6082A37695FA42823A4B3DE8571F.e.8564/click - {}
RESULT: {}
COMMAND: GET /session/2d3f18d96ae83e7081695401c2e0fdda/screenshot - {}
RESULT: {}
COMMAND: POST /session/2d3f18d96ae83e7081695401c2e0fdda/refresh - {}
RESULT: {}
COMMAND: GET /session/2d3f18d96ae83e7081695401c2e0fdda/screenshot - {}
RESULT: {}
COMMAND: POST /session/2d3f18d96ae83e7081695401c2e0fdda/execute/async - {"script":"<script> [189 bytes]","args":[]}
RESULT: {"script":"<script> [189 bytes]","args":[]}
COMMAND: POST /session/2d3f18d96ae83e7081695401c2e0fdda/execute/async - {"script":"<script> [123 bytes]","args":[]}
RESULT: {"script":"<script> [123 bytes]","args":[]}
COMMAND: POST /session/2d3f18d96ae83e7081695401c2e0fdda/timeouts - {"script":"<number>"}
RESULT: {"script":"<number>"}
COMMAND: GET /session/2d3f18d96ae83e7081695401c2e0fdda/timeouts - {}
RESULT: {}
RESULT: undefined
COMMAND: POST /session/2d3f18d96ae83e7081695401c2e0fdda/execute/async - {"script":"<script> [2676 bytes]","args":[]}
RESULT: {"script":"<script> [2676 bytes]","args":[]}
COMMAND: POST /session/2d3f18d96ae83e7081695401c2e0fdda/execute/async - {"script":"<script> [2342 bytes]","args":[{"protocol":"http","hostname":"0.0.0.0","path":"/","capabilities":{"browserName":"chrome","goog:chromeOptions":{"binary":"C:\\Program Files\\Google\\Chrome\\Application\\chrome.exe","args":["--start-maximized"]}},"logLevel":"warn","connectionRetryTimeout":120000,"connectionRetryCount":3,"logLevels":{},"enableDirectConnect":true,"strictSSL":true,"_":"65 more keys: [\"cacheDir\",\"port\",\"requestedCapabilities\",\"automationProtocol\",\"baseUrl\",\"waitforInterval\",\"waitforTimeout\",\"onReload\",\"beforeCommand\",\"afterCommand\",\"rootDir\",\"specs\",\"suites\",\"exclude\",\"groupLogsByTestSpec\",\"excludeDriverLogs\",\"bail\",\"framework\",\"reporters\",\"services\",\"maxInstances\",\"maxInstancesPerCapability\",\"injectGlobals\",\"filesToWatch\",\"execArgv\",\"runnerEnv\",\"runner\",\"shard\",\"specFileRetries\",\"specFileRetriesDelay\",\"specFileRetriesDeferred\",\"reporterSyncInterval\",\"reporterSyncTimeout\",\"cucumberFeaturesWithLineNumbers\",\"autoCompileOpts\",\"mochaOpts\",\"jasmineOpts\",\"cucumberOpts\",\"onPrepare\",\"onWorkerStart\",\"onWorkerEnd\",\"before\",\"beforeSession\",\"beforeSuite\",\"beforeHook\",\"beforeTest\",\"afterTest\",\"afterHook\",\"afterSuite\",\"afterSession\",\"after\",\"onComplete\",\"beforeAssertion\",\"afterAssertion\",\"beforeFeature\",\"beforeScenario\",\"beforeStep\",\"afterStep\",\"afterScenario\",\"afterFeature\",\"_\",\"suite\",\"$0\",\"ignoredWorkerServices\",\"wdi5\"]"}]}
RESULT: {"script":"<script> [2342 bytes]","args":[{"protocol":"http","hostname":"0.0.0.0","path":"/","capabilities":{"browserName":"chrome","goog:chromeOptions":{"binary":"C:\\Program Files\\Google\\Chrome\\Application\\chrome.exe","args":["--start-maximized"]}},"logLevel":"warn","connectionRetryTimeout":120000,"connectionRetryCount":3,"logLevels":{},"enableDirectConnect":true,"strictSSL":true,"_":"65 more keys: [\"cacheDir\",\"port\",\"requestedCapabilities\",\"automationProtocol\",\"baseUrl\",\"waitforInterval\",\"waitforTimeout\",\"onReload\",\"beforeCommand\",\"afterCommand\",\"rootDir\",\"specs\",\"suites\",\"exclude\",\"groupLogsByTestSpec\",\"excludeDriverLogs\",\"bail\",\"framework\",\"reporters\",\"services\",\"maxInstances\",\"maxInstancesPerCapability\",\"injectGlobals\",\"filesToWatch\",\"execArgv\",\"runnerEnv\",\"runner\",\"shard\",\"specFileRetries\",\"specFileRetriesDelay\",\"specFileRetriesDeferred\",\"reporterSyncInterval\",\"reporterSyncTimeout\",\"cucumberFeaturesWithLineNumbers\",\"autoCompileOpts\",\"mochaOpts\",\"jasmineOpts\",\"cucumberOpts\",\"onPrepare\",\"onWorkerStart\",\"onWorkerEnd\",\"before\",\"beforeSession\",\"beforeSuite\",\"beforeHook\",\"beforeTest\",\"afterTest\",\"afterHook\",\"afterSuite\",\"afterSession\",\"after\",\"onComplete\",\"beforeAssertion\",\"afterAssertion\",\"beforeFeature\",\"beforeScenario\",\"beforeStep\",\"afterStep\",\"afterScenario\",\"afterFeature\",\"_\",\"suite\",\"$0\",\"ignoredWorkerServices\",\"wdi5\"]"}]}
COMMAND: POST /session/2d3f18d96ae83e7081695401c2e0fdda/execute/async - {"script":"<script> [21126 bytes]","args":[35000]}
RESULT: {"script":"<script> [21126 bytes]","args":[35000]}
]]></system-out>
    </testcase>
    <testcase classname="chrome.136_0_7103_49.windows.Reserve/Unreserve_request_item_via_reserve_option_US139161" name="Should create a new request with a catalog item that can be planned" time="166.749">
      <system-out><![CDATA[
COMMAND: POST /session/2d3f18d96ae83e7081695401c2e0fdda/execute/async - {"script":"<script> [1562 bytes]","args":[{"selector":{"controlType":"sap.m.GenericTile","properties":{"header":"Manage Requests"}},"wdio_ui5_key":"sapm.GenericTile{\"header\":\"Manage Requests\"}"}]}
RESULT: {"script":"<script> [1562 bytes]","args":[{"selector":{"controlType":"sap.m.GenericTile","properties":{"header":"Manage Requests"}},"wdio_ui5_key":"sapm.GenericTile{\"header\":\"Manage Requests\"}"}]}
RESULT: undefined
COMMAND: POST /session/2d3f18d96ae83e7081695401c2e0fdda/element - {"using":"xpath","value":"//*[@id=\"__tile47\"]"}
RESULT: {"using":"xpath","value":"//*[@id=\"__tile47\"]"}
COMMAND: POST /session/2d3f18d96ae83e7081695401c2e0fdda/element/f.3980C6CC6DC27C16253BC7A58143231A.d.C45E8813033A9FD6232B967F57A4108B.e.8894/click - {}
RESULT: {}
COMMAND: GET /session/2d3f18d96ae83e7081695401c2e0fdda/screenshot - {}
RESULT: {}
COMMAND: POST /session/2d3f18d96ae83e7081695401c2e0fdda/elements - {"using":"xpath","value":"//span[text()='Error']"}
RESULT: {"using":"xpath","value":"//span[text()='Error']"}
COMMAND: POST /session/2d3f18d96ae83e7081695401c2e0fdda/element - {"using":"xpath","value":"//button[contains(@data-kt ,\"btnCreateNewOverflowToolbarButton\")]"}
COMMAND: POST /session/2d3f18d96ae83e7081695401c2e0fdda/element - {"using":"xpath","value":"(//span[contains(@class ,\"sapMObjStatusText\")])[1]"}
RESULT: {"using":"xpath","value":"//button[contains(@data-kt ,\"btnCreateNewOverflowToolbarButton\")]"}
COMMAND: POST /session/2d3f18d96ae83e7081695401c2e0fdda/element/f.3980C6CC6DC27C16253BC7A58143231A.d.C45E8813033A9FD6232B967F57A4108B.e.8952/click - {}
RESULT: {"using":"xpath","value":"(//span[contains(@class ,\"sapMObjStatusText\")])[1]"}
COMMAND: POST /session/2d3f18d96ae83e7081695401c2e0fdda/execute/sync - {"script":"<script> [8489 bytes]","args":[{"element-6066-11e4-a52e-4f735466cecf":"f.3980C6CC6DC27C16253BC7A58143231A.d.C45E8813033A9FD6232B967F57A4108B.e.8990","ELEMENT":"f.3980C6CC6DC27C16253BC7A58143231A.d.C45E8813033A9FD6232B967F57A4108B.e.8990"}]}
RESULT: {}
COMMAND: GET /session/2d3f18d96ae83e7081695401c2e0fdda/screenshot - {}
COMMAND: POST /session/2d3f18d96ae83e7081695401c2e0fdda/element - {"using":"xpath","value":"(//span[contains(@class ,\"sapMObjStatusText\")])[1]"}
RESULT: {}
RESULT: {"using":"xpath","value":"(//span[contains(@class ,\"sapMObjStatusText\")])[1]"}
COMMAND: POST /session/2d3f18d96ae83e7081695401c2e0fdda/execute/sync - {"script":"<script> [8489 bytes]","args":[{"element-6066-11e4-a52e-4f735466cecf":"f.3980C6CC6DC27C16253BC7A58143231A.d.C45E8813033A9FD6232B967F57A4108B.e.9257","ELEMENT":"f.3980C6CC6DC27C16253BC7A58143231A.d.C45E8813033A9FD6232B967F57A4108B.e.9257"}]}
RESULT: {"script":"<script> [8489 bytes]","args":[{"element-6066-11e4-a52e-4f735466cecf":"f.3980C6CC6DC27C16253BC7A58143231A.d.C45E8813033A9FD6232B967F57A4108B.e.9257","ELEMENT":"f.3980C6CC6DC27C16253BC7A58143231A.d.C45E8813033A9FD6232B967F57A4108B.e.9257"}]}
COMMAND: GET /session/2d3f18d96ae83e7081695401c2e0fdda/screenshot - {}
RESULT: {}
COMMAND: POST /session/2d3f18d96ae83e7081695401c2e0fdda/element - {"using":"xpath","value":"//input[contains(@id ,\"yardId-inner\")]"}
RESULT: {"using":"xpath","value":"//input[contains(@id ,\"yardId-inner\")]"}
COMMAND: POST /session/2d3f18d96ae83e7081695401c2e0fdda/execute/sync - {"script":"<script> [8489 bytes]","args":[{"element-6066-11e4-a52e-4f735466cecf":"f.3980C6CC6DC27C16253BC7A58143231A.d.C45E8813033A9FD6232B967F57A4108B.e.9075","ELEMENT":"f.3980C6CC6DC27C16253BC7A58143231A.d.C45E8813033A9FD6232B967F57A4108B.e.9075"}]}
RESULT: {"script":"<script> [8489 bytes]","args":[{"element-6066-11e4-a52e-4f735466cecf":"f.3980C6CC6DC27C16253BC7A58143231A.d.C45E8813033A9FD6232B967F57A4108B.e.9075","ELEMENT":"f.3980C6CC6DC27C16253BC7A58143231A.d.C45E8813033A9FD6232B967F57A4108B.e.9075"}]}
COMMAND: POST /session/2d3f18d96ae83e7081695401c2e0fdda/element - {"using":"xpath","value":"//input[contains(@id ,\"yardId-inner\")]"}
COMMAND: GET /session/2d3f18d96ae83e7081695401c2e0fdda/screenshot - {}
RESULT: {"using":"xpath","value":"//input[contains(@id ,\"yardId-inner\")]"}
COMMAND: GET /session/2d3f18d96ae83e7081695401c2e0fdda/element/f.3980C6CC6DC27C16253BC7A58143231A.d.C45E8813033A9FD6232B967F57A4108B.e.9075/enabled - {}
RESULT: {}
RESULT: {}
COMMAND: POST /session/2d3f18d96ae83e7081695401c2e0fdda/element/f.3980C6CC6DC27C16253BC7A58143231A.d.C45E8813033A9FD6232B967F57A4108B.e.9075/clear - {}
COMMAND: GET /session/2d3f18d96ae83e7081695401c2e0fdda/screenshot - {}
RESULT: {}
COMMAND: POST /session/2d3f18d96ae83e7081695401c2e0fdda/element/f.3980C6CC6DC27C16253BC7A58143231A.d.C45E8813033A9FD6232B967F57A4108B.e.9075/value - {"text":"WebdriverYard50w3qf"}
COMMAND: GET /session/2d3f18d96ae83e7081695401c2e0fdda/screenshot - {}
RESULT: {}
RESULT: {"text":"WebdriverYard50w3qf"}
COMMAND: GET /session/2d3f18d96ae83e7081695401c2e0fdda/screenshot - {}
RESULT: {}
RESULT: {}
COMMAND: POST /session/2d3f18d96ae83e7081695401c2e0fdda/element - {"using":"xpath","value":"//input[contains(@id ,\"customerNumber-inner\")]"}
RESULT: {"using":"xpath","value":"//input[contains(@id ,\"customerNumber-inner\")]"}
COMMAND: POST /session/2d3f18d96ae83e7081695401c2e0fdda/element/f.3980C6CC6DC27C16253BC7A58143231A.d.C45E8813033A9FD6232B967F57A4108B.e.9071/value - {"text":"WebdriverPartnerpc8f5"}
COMMAND: POST /session/2d3f18d96ae83e7081695401c2e0fdda/actions - {"actions":[{"id":"action63","type":"key","parameters":{},"actions":[{"type":"keyDown","value":"î€‡"},{"type":"pause","duration":10},{"type":"keyUp","value":"î€‡"}]}]}
RESULT: {"text":"WebdriverPartnerpc8f5"}
COMMAND: GET /session/2d3f18d96ae83e7081695401c2e0fdda/screenshot - {}
RESULT: {"actions":[{"id":"action63","type":"key","parameters":{},"actions":[{"type":"keyDown","value":"î€‡"},{"type":"pause","duration":10},{"type":"keyUp","value":"î€‡"}]}]}
COMMAND: GET /session/2d3f18d96ae83e7081695401c2e0fdda/screenshot - {}
RESULT: {}
RESULT: {}
COMMAND: POST /session/2d3f18d96ae83e7081695401c2e0fdda/actions - {"actions":[{"id":"action64","type":"key","parameters":{},"actions":[{"type":"keyDown","value":"î€‡"},{"type":"pause","duration":10},{"type":"keyUp","value":"î€‡"}]}]}
RESULT: {"actions":[{"id":"action64","type":"key","parameters":{},"actions":[{"type":"keyDown","value":"î€‡"},{"type":"pause","duration":10},{"type":"keyUp","value":"î€‡"}]}]}
COMMAND: GET /session/2d3f18d96ae83e7081695401c2e0fdda/screenshot - {}
RESULT: {}
COMMAND: GET /session/2d3f18d96ae83e7081695401c2e0fdda/element/f.3980C6CC6DC27C16253BC7A58143231A.d.C45E8813033A9FD6232B967F57A4108B.e.9071/property/value - {}
RESULT: {}
COMMAND: GET /session/2d3f18d96ae83e7081695401c2e0fdda/screenshot - {}
RESULT: {}
COMMAND: POST /session/2d3f18d96ae83e7081695401c2e0fdda/element - {"using":"xpath","value":"//input[contains(@id ,\"requestSiteId-inner\")]"}
RESULT: {"using":"xpath","value":"//input[contains(@id ,\"requestSiteId-inner\")]"}
COMMAND: POST /session/2d3f18d96ae83e7081695401c2e0fdda/element/f.3980C6CC6DC27C16253BC7A58143231A.d.C45E8813033A9FD6232B967F57A4108B.e.9070/value - {"text":"WebdriverSite4jv9s"}
RESULT: {"text":"WebdriverSite4jv9s"}
COMMAND: GET /session/2d3f18d96ae83e7081695401c2e0fdda/screenshot - {}
RESULT: {}
COMMAND: POST /session/2d3f18d96ae83e7081695401c2e0fdda/actions - {"actions":[{"id":"action65","type":"key","parameters":{},"actions":[{"type":"keyDown","value":"î€‡"},{"type":"pause","duration":10},{"type":"keyUp","value":"î€‡"}]}]}
RESULT: {"actions":[{"id":"action65","type":"key","parameters":{},"actions":[{"type":"keyDown","value":"î€‡"},{"type":"pause","duration":10},{"type":"keyUp","value":"î€‡"}]}]}
COMMAND: GET /session/2d3f18d96ae83e7081695401c2e0fdda/screenshot - {}
RESULT: {}
COMMAND: POST /session/2d3f18d96ae83e7081695401c2e0fdda/element - {"using":"xpath","value":"//button[contains(@data-kt ,\"requestItemAddOverflowToolbarButton\")]"}
RESULT: {"using":"xpath","value":"//button[contains(@data-kt ,\"requestItemAddOverflowToolbarButton\")]"}
COMMAND: POST /session/2d3f18d96ae83e7081695401c2e0fdda/element/f.3980C6CC6DC27C16253BC7A58143231A.d.C45E8813033A9FD6232B967F57A4108B.e.9267/click - {}
RESULT: {}
COMMAND: GET /session/2d3f18d96ae83e7081695401c2e0fdda/screenshot - {}
RESULT: {}
COMMAND: POST /session/2d3f18d96ae83e7081695401c2e0fdda/actions - {"actions":[{"id":"action66","type":"key","parameters":{},"actions":[{"type":"keyDown","value":"î€•"},{"type":"pause","duration":10},{"type":"keyUp","value":"î€•"}]}]}
RESULT: {"actions":[{"id":"action66","type":"key","parameters":{},"actions":[{"type":"keyDown","value":"î€•"},{"type":"pause","duration":10},{"type":"keyUp","value":"î€•"}]}]}
COMMAND: POST /session/2d3f18d96ae83e7081695401c2e0fdda/actions - {"actions":[{"id":"action67","type":"key","parameters":{},"actions":[{"type":"keyDown","value":"î€‡"},{"type":"pause","duration":10},{"type":"keyUp","value":"î€‡"}]}]}
COMMAND: GET /session/2d3f18d96ae83e7081695401c2e0fdda/screenshot - {}
RESULT: {"actions":[{"id":"action67","type":"key","parameters":{},"actions":[{"type":"keyDown","value":"î€‡"},{"type":"pause","duration":10},{"type":"keyUp","value":"î€‡"}]}]}
COMMAND: POST /session/2d3f18d96ae83e7081695401c2e0fdda/element - {"using":"xpath","value":"(//input[contains(@id ,\"requestItemsTable-0-inner\")])[1]"}
COMMAND: GET /session/2d3f18d96ae83e7081695401c2e0fdda/screenshot - {}
RESULT: {}
RESULT: {"using":"xpath","value":"(//input[contains(@id ,\"requestItemsTable-0-inner\")])[1]"}
COMMAND: POST /session/2d3f18d96ae83e7081695401c2e0fdda/element/f.3980C6CC6DC27C16253BC7A58143231A.d.C45E8813033A9FD6232B967F57A4108B.e.9271/clear - {}
RESULT: {}
RESULT: {}
COMMAND: POST /session/2d3f18d96ae83e7081695401c2e0fdda/element/f.3980C6CC6DC27C16253BC7A58143231A.d.C45E8813033A9FD6232B967F57A4108B.e.9271/value - {"text":"catalogItem9gnqaj"}
COMMAND: GET /session/2d3f18d96ae83e7081695401c2e0fdda/screenshot - {}
RESULT: {"text":"catalogItem9gnqaj"}
COMMAND: GET /session/2d3f18d96ae83e7081695401c2e0fdda/screenshot - {}
RESULT: {}
RESULT: {}
COMMAND: POST /session/2d3f18d96ae83e7081695401c2e0fdda/actions - {"actions":[{"id":"action68","type":"key","parameters":{},"actions":[{"type":"keyDown","value":"î€‡"},{"type":"pause","duration":10},{"type":"keyUp","value":"î€‡"}]}]}
RESULT: {"actions":[{"id":"action68","type":"key","parameters":{},"actions":[{"type":"keyDown","value":"î€‡"},{"type":"pause","duration":10},{"type":"keyUp","value":"î€‡"}]}]}
COMMAND: GET /session/2d3f18d96ae83e7081695401c2e0fdda/screenshot - {}
RESULT: {}
COMMAND: POST /session/2d3f18d96ae83e7081695401c2e0fdda/execute/async - {"script":"<script> [1562 bytes]","args":[{"selector":{"controlType":"sap.ui.core.Icon","viewName":"etm.portal.ui.managerequests.view.NewRequest","properties":{"src":{"regex":{"source":"slim\\-arrow\\-down"}}},"ancestor":{"controlType":"sap.m.Button","viewName":"etm.portal.ui.managerequests.view.NewRequest","properties":{"icon":"sap-icon://slim-arrow-down"}}},"wdio_ui5_key":"etmportal.ui.managerequests.view.NewRequestsap.ui.core.Icon{\"src\":{\"regex\":{\"source\":\"slim\\\\-arrow\\\\-down\"}}}{\"controlType\":\"sap.m.Button\",\"viewName\":\"etm.portal.ui.managerequests.view.NewRequest\",\"properties\":{\"icon\":\"sap-icon://slim-arrow-down\"}}"}]}
RESULT: {"script":"<script> [1562 bytes]","args":[{"selector":{"controlType":"sap.ui.core.Icon","viewName":"etm.portal.ui.managerequests.view.NewRequest","properties":{"src":{"regex":{"source":"slim\\-arrow\\-down"}}},"ancestor":{"controlType":"sap.m.Button","viewName":"etm.portal.ui.managerequests.view.NewRequest","properties":{"icon":"sap-icon://slim-arrow-down"}}},"wdio_ui5_key":"etmportal.ui.managerequests.view.NewRequestsap.ui.core.Icon{\"src\":{\"regex\":{\"source\":\"slim\\\\-arrow\\\\-down\"}}}{\"controlType\":\"sap.m.Button\",\"viewName\":\"etm.portal.ui.managerequests.view.NewRequest\",\"properties\":{\"icon\":\"sap-icon://slim-arrow-down\"}}"}]}
RESULT: undefined
COMMAND: POST /session/2d3f18d96ae83e7081695401c2e0fdda/element - {"using":"xpath","value":"//div[contains(@data-kt ,\"splitAllocationObjectStatus\")]"}
RESULT: {"using":"xpath","value":"//div[contains(@data-kt ,\"splitAllocationObjectStatus\")]"}
COMMAND: POST /session/2d3f18d96ae83e7081695401c2e0fdda/elements - {"using":"xpath","value":"//div[contains(@data-kt ,\"splitAllocationObjectStatus\")]"}
RESULT: {"using":"xpath","value":"//div[contains(@data-kt ,\"splitAllocationObjectStatus\")]"}
COMMAND: POST /session/2d3f18d96ae83e7081695401c2e0fdda/execute/async - {"script":"<script> [1562 bytes]","args":[{"selector":{"controlType":"sap.ui.core.Icon","viewName":"etm.portal.ui.managerequests.view.NewRequest","properties":{"src":{"regex":{"source":"message\\-error"}}}},"wdio_ui5_key":"etmportal.ui.managerequests.view.NewRequestsap.ui.core.Icon{\"src\":{\"regex\":{\"source\":\"message\\\\-error\"}}}"}]}
RESULT: {"script":"<script> [1562 bytes]","args":[{"selector":{"controlType":"sap.ui.core.Icon","viewName":"etm.portal.ui.managerequests.view.NewRequest","properties":{"src":{"regex":{"source":"message\\-error"}}}},"wdio_ui5_key":"etmportal.ui.managerequests.view.NewRequestsap.ui.core.Icon{\"src\":{\"regex\":{\"source\":\"message\\\\-error\"}}}"}]}
RESULT: undefined
COMMAND: POST /session/2d3f18d96ae83e7081695401c2e0fdda/element - {"using":"xpath","value":"//*[@id=\"__status4-__xmlview59--requestItemsTable-0-icon\"]"}
RESULT: {"using":"xpath","value":"//*[@id=\"__status4-__xmlview59--requestItemsTable-0-icon\"]"}
COMMAND: POST /session/2d3f18d96ae83e7081695401c2e0fdda/element/f.3980C6CC6DC27C16253BC7A58143231A.d.C45E8813033A9FD6232B967F57A4108B.e.9286/click - {}
RESULT: {}
COMMAND: POST /session/2d3f18d96ae83e7081695401c2e0fdda/execute/async - {"script":"<script> [1562 bytes]","args":[{"selector":{"controlType":"sap.ui.core.Icon","viewName":"etm.portal.ui.managerequests.view.NewRequest","properties":{"src":{"regex":{"source":"slim\\-arrow\\-down"}}},"searchOpenDialogs":true,"ancestor":{"id":"costObjectAdminTypeComboBox","viewName":"etm.portal.ui.managerequests.view.NewRequest","searchOpenDialogs":true}},"wdio_ui5_key":"etmportal.ui.managerequests.view.NewRequestsap.ui.core.Icon{\"src\":{\"regex\":{\"source\":\"slim\\\\-arrow\\\\-down\"}}}{\"id\":\"costObjectAdminTypeComboBox\",\"viewName\":\"etm.portal.ui.managerequests.view.NewRequest\",\"searchOpenDialogs\":true}"}]}
COMMAND: GET /session/2d3f18d96ae83e7081695401c2e0fdda/screenshot - {}
RESULT: {"script":"<script> [1562 bytes]","args":[{"selector":{"controlType":"sap.ui.core.Icon","viewName":"etm.portal.ui.managerequests.view.NewRequest","properties":{"src":{"regex":{"source":"slim\\-arrow\\-down"}}},"searchOpenDialogs":true,"ancestor":{"id":"costObjectAdminTypeComboBox","viewName":"etm.portal.ui.managerequests.view.NewRequest","searchOpenDialogs":true}},"wdio_ui5_key":"etmportal.ui.managerequests.view.NewRequestsap.ui.core.Icon{\"src\":{\"regex\":{\"source\":\"slim\\\\-arrow\\\\-down\"}}}{\"id\":\"costObjectAdminTypeComboBox\",\"viewName\":\"etm.portal.ui.managerequests.view.NewRequest\",\"searchOpenDialogs\":true}"}]}
RESULT: undefined
COMMAND: POST /session/2d3f18d96ae83e7081695401c2e0fdda/element - {"using":"xpath","value":"//*[@id=\"__xmlview59--costObjectAdminTypeComboBox-arrow\"]"}
RESULT: {}
RESULT: {"using":"xpath","value":"//*[@id=\"__xmlview59--costObjectAdminTypeComboBox-arrow\"]"}
COMMAND: POST /session/2d3f18d96ae83e7081695401c2e0fdda/element/f.3980C6CC6DC27C16253BC7A58143231A.d.C45E8813033A9FD6232B967F57A4108B.e.9290/click - {}
RESULT: {}
COMMAND: POST /session/2d3f18d96ae83e7081695401c2e0fdda/execute/async - {"script":"<script> [1562 bytes]","args":[{"selector":{"controlType":"sap.m.StandardListItem","viewName":"etm.portal.ui.managerequests.view.NewRequest","properties":{"title":"Cost Center"},"searchOpenDialogs":true,"interaction":{"idSuffix":"titleText"}},"wdio_ui5_key":"etmportal.ui.managerequests.view.NewRequestsap.m.StandardListItem{\"title\":\"Cost Center\"}"}]}
COMMAND: GET /session/2d3f18d96ae83e7081695401c2e0fdda/screenshot - {}
RESULT: {"script":"<script> [1562 bytes]","args":[{"selector":{"controlType":"sap.m.StandardListItem","viewName":"etm.portal.ui.managerequests.view.NewRequest","properties":{"title":"Cost Center"},"searchOpenDialogs":true,"interaction":{"idSuffix":"titleText"}},"wdio_ui5_key":"etmportal.ui.managerequests.view.NewRequestsap.m.StandardListItem{\"title\":\"Cost Center\"}"}]}
RESULT: undefined
COMMAND: POST /session/2d3f18d96ae83e7081695401c2e0fdda/element - {"using":"xpath","value":"//*[@id=\"__item482\"]"}
RESULT: {}
RESULT: {"using":"xpath","value":"//*[@id=\"__item482\"]"}
COMMAND: POST /session/2d3f18d96ae83e7081695401c2e0fdda/element/f.3980C6CC6DC27C16253BC7A58143231A.d.C45E8813033A9FD6232B967F57A4108B.e.9293/click - {}
RESULT: {}
COMMAND: GET /session/2d3f18d96ae83e7081695401c2e0fdda/screenshot - {}
RESULT: {}
COMMAND: POST /session/2d3f18d96ae83e7081695401c2e0fdda/execute/async - {"script":"<script> [1562 bytes]","args":[{"selector":{"controlType":"sap.ui.core.Icon","viewName":"etm.portal.ui.managerequests.view.NewRequest","properties":{"src":{"regex":{"source":"value\\-help"}}},"searchOpenDialogs":true},"wdio_ui5_key":"etmportal.ui.managerequests.view.NewRequestsap.ui.core.Icon{\"src\":{\"regex\":{\"source\":\"value\\\\-help\"}}}"}]}
RESULT: {"script":"<script> [1562 bytes]","args":[{"selector":{"controlType":"sap.ui.core.Icon","viewName":"etm.portal.ui.managerequests.view.NewRequest","properties":{"src":{"regex":{"source":"value\\-help"}}},"searchOpenDialogs":true},"wdio_ui5_key":"etmportal.ui.managerequests.view.NewRequestsap.ui.core.Icon{\"src\":{\"regex\":{\"source\":\"value\\\\-help\"}}}"}]}
RESULT: undefined
COMMAND: POST /session/2d3f18d96ae83e7081695401c2e0fdda/element - {"using":"xpath","value":"//*[@id=\"__xmlview59--costObjectIdComboBox-vhi\"]"}
RESULT: {"using":"xpath","value":"//*[@id=\"__xmlview59--costObjectIdComboBox-vhi\"]"}
COMMAND: POST /session/2d3f18d96ae83e7081695401c2e0fdda/element/f.3980C6CC6DC27C16253BC7A58143231A.d.C45E8813033A9FD6232B967F57A4108B.e.9300/click - {}
RESULT: {}
COMMAND: POST /session/2d3f18d96ae83e7081695401c2e0fdda/execute/async - {"script":"<script> [1562 bytes]","args":[{"selector":{"controlType":"sap.m.SearchField","properties":{"placeholder":"Search"},"searchOpenDialogs":true,"interaction":{"idSuffix":"I"}},"wdio_ui5_key":"sapm.SearchField{\"placeholder\":\"Search\"}"}]}
COMMAND: GET /session/2d3f18d96ae83e7081695401c2e0fdda/screenshot - {}
RESULT: {"script":"<script> [1562 bytes]","args":[{"selector":{"controlType":"sap.m.SearchField","properties":{"placeholder":"Search"},"searchOpenDialogs":true,"interaction":{"idSuffix":"I"}},"wdio_ui5_key":"sapm.SearchField{\"placeholder\":\"Search\"}"}]}
RESULT: undefined
COMMAND: POST /session/2d3f18d96ae83e7081695401c2e0fdda/execute/async - {"script":"<script> [776 bytes]","args":[{"enterText":"10001010","selector":{"controlType":"sap.m.SearchField","properties":{"placeholder":"Search"},"searchOpenDialogs":true,"interaction":{"idSuffix":"I"}},"clearTextFirst":true,"interactionType":"ENTER_TEXT"}]}
RESULT: {}
RESULT: {"script":"<script> [776 bytes]","args":[{"enterText":"10001010","selector":{"controlType":"sap.m.SearchField","properties":{"placeholder":"Search"},"searchOpenDialogs":true,"interaction":{"idSuffix":"I"}},"clearTextFirst":true,"interactionType":"ENTER_TEXT"}]}
COMMAND: POST /session/2d3f18d96ae83e7081695401c2e0fdda/actions - {"actions":[{"id":"action69","type":"key","parameters":{},"actions":[{"type":"keyDown","value":"î€‡"},{"type":"pause","duration":10},{"type":"keyUp","value":"î€‡"}]}]}
RESULT: {"actions":[{"id":"action69","type":"key","parameters":{},"actions":[{"type":"keyDown","value":"î€‡"},{"type":"pause","duration":10},{"type":"keyUp","value":"î€‡"}]}]}
COMMAND: GET /session/2d3f18d96ae83e7081695401c2e0fdda/screenshot - {}
RESULT: {}
COMMAND: POST /session/2d3f18d96ae83e7081695401c2e0fdda/execute/async - {"script":"<script> [1562 bytes]","args":[{"selector":{"controlType":"sap.m.Text","bindingPath":{"path":"/C_CostCtrValueHelp(CostCenter='10001010',ControllingArea='Z001')","propertyPath":"CostCenterName","modelName":"CostCenterModel"},"searchOpenDialogs":true},"wdio_ui5_key":"sapm.Text{\"path\":\"/C_CostCtrValueHelp(CostCenter='10001010',ControllingArea='Z001')\",\"propertyPath\":\"CostCenterName\",\"modelName\":\"CostCenterModel\"}"}]}
RESULT: {"script":"<script> [1562 bytes]","args":[{"selector":{"controlType":"sap.m.Text","bindingPath":{"path":"/C_CostCtrValueHelp(CostCenter='10001010',ControllingArea='Z001')","propertyPath":"CostCenterName","modelName":"CostCenterModel"},"searchOpenDialogs":true},"wdio_ui5_key":"sapm.Text{\"path\":\"/C_CostCtrValueHelp(CostCenter='10001010',ControllingArea='Z001')\",\"propertyPath\":\"CostCenterName\",\"modelName\":\"CostCenterModel\"}"}]}
RESULT: undefined
COMMAND: POST /session/2d3f18d96ae83e7081695401c2e0fdda/element - {"using":"xpath","value":"//*[@id=\"__text287-__clone627\"]"}
RESULT: {"using":"xpath","value":"//*[@id=\"__text287-__clone627\"]"}
COMMAND: POST /session/2d3f18d96ae83e7081695401c2e0fdda/element/f.3980C6CC6DC27C16253BC7A58143231A.d.C45E8813033A9FD6232B967F57A4108B.e.9340/click - {}
RESULT: {}
COMMAND: POST /session/2d3f18d96ae83e7081695401c2e0fdda/execute/async - {"script":"<script> [1562 bytes]","args":[{"selector":{"controlType":"sap.m.Button","properties":{"text":"OK"},"searchOpenDialogs":true,"interaction":{"idSuffix":"BDI-content"}},"wdio_ui5_key":"sapm.Button{\"text\":\"OK\"}"}]}
COMMAND: GET /session/2d3f18d96ae83e7081695401c2e0fdda/screenshot - {}
RESULT: {"script":"<script> [1562 bytes]","args":[{"selector":{"controlType":"sap.m.Button","properties":{"text":"OK"},"searchOpenDialogs":true,"interaction":{"idSuffix":"BDI-content"}},"wdio_ui5_key":"sapm.Button{\"text\":\"OK\"}"}]}
RESULT: undefined
COMMAND: POST /session/2d3f18d96ae83e7081695401c2e0fdda/element - {"using":"xpath","value":"//*[@id=\"__dialog1-ok\"]"}
RESULT: {}
RESULT: {"using":"xpath","value":"//*[@id=\"__dialog1-ok\"]"}
COMMAND: POST /session/2d3f18d96ae83e7081695401c2e0fdda/element/f.3980C6CC6DC27C16253BC7A58143231A.d.C45E8813033A9FD6232B967F57A4108B.e.9342/click - {}
RESULT: {}
COMMAND: GET /session/2d3f18d96ae83e7081695401c2e0fdda/screenshot - {}
RESULT: {}
COMMAND: POST /session/2d3f18d96ae83e7081695401c2e0fdda/execute/async - {"script":"<script> [1562 bytes]","args":[{"selector":{"controlType":"sap.m.Button","viewName":"etm.portal.ui.managerequests.view.NewRequest","i18NText":{"propertyName":"text","key":"save"},"searchOpenDialogs":true,"interaction":{"idSuffix":"BDI-content"}},"wdio_ui5_key":"etmportal.ui.managerequests.view.NewRequestsap.m.Button{\"propertyName\":\"text\",\"key\":\"save\"}"}]}
RESULT: {"script":"<script> [1562 bytes]","args":[{"selector":{"controlType":"sap.m.Button","viewName":"etm.portal.ui.managerequests.view.NewRequest","i18NText":{"propertyName":"text","key":"save"},"searchOpenDialogs":true,"interaction":{"idSuffix":"BDI-content"}},"wdio_ui5_key":"etmportal.ui.managerequests.view.NewRequestsap.m.Button{\"propertyName\":\"text\",\"key\":\"save\"}"}]}
RESULT: undefined
COMMAND: POST /session/2d3f18d96ae83e7081695401c2e0fdda/element - {"using":"xpath","value":"//*[@id=\"__button22\"]"}
RESULT: {"using":"xpath","value":"//*[@id=\"__button22\"]"}
COMMAND: POST /session/2d3f18d96ae83e7081695401c2e0fdda/element/f.3980C6CC6DC27C16253BC7A58143231A.d.C45E8813033A9FD6232B967F57A4108B.e.9346/click - {}
RESULT: {}
COMMAND: GET /session/2d3f18d96ae83e7081695401c2e0fdda/screenshot - {}
RESULT: {}
COMMAND: POST /session/2d3f18d96ae83e7081695401c2e0fdda/element - {"using":"xpath","value":"(//bdi[contains(text() ,\"Save\")])[1]"}
RESULT: {"using":"xpath","value":"(//bdi[contains(text() ,\"Save\")])[1]"}
COMMAND: POST /session/2d3f18d96ae83e7081695401c2e0fdda/element/f.3980C6CC6DC27C16253BC7A58143231A.d.C45E8813033A9FD6232B967F57A4108B.e.9349/click - {}
RESULT: {}
COMMAND: GET /session/2d3f18d96ae83e7081695401c2e0fdda/screenshot - {}
RESULT: {}
COMMAND: POST /session/2d3f18d96ae83e7081695401c2e0fdda/execute/async - {"script":"<script> [1562 bytes]","args":[{"selector":{"controlType":"sap.m.Title","properties":{"text":"Success"},"searchOpenDialogs":true},"wdio_ui5_key":"sapm.Title{\"text\":\"Success\"}"}]}
RESULT: {"script":"<script> [1562 bytes]","args":[{"selector":{"controlType":"sap.m.Title","properties":{"text":"Success"},"searchOpenDialogs":true},"wdio_ui5_key":"sapm.Title{\"text\":\"Success\"}"}]}
RESULT: undefined
COMMAND: POST /session/2d3f18d96ae83e7081695401c2e0fdda/execute/async - {"script":"<script> [6424 bytes]","args":[{"element-6066-11e4-a52e-4f735466cecf":"f.3980C6CC6DC27C16253BC7A58143231A.d.C45E8813033A9FD6232B967F57A4108B.e.9352"},"getText",[]]}
RESULT: {"script":"<script> [6424 bytes]","args":[{"element-6066-11e4-a52e-4f735466cecf":"f.3980C6CC6DC27C16253BC7A58143231A.d.C45E8813033A9FD6232B967F57A4108B.e.9352"},"getText",[]]}
COMMAND: POST /session/2d3f18d96ae83e7081695401c2e0fdda/execute/async - {"script":"<script> [1562 bytes]","args":[{"selector":{"controlType":"sap.m.Button","properties":{"text":"Close"},"searchOpenDialogs":true,"interaction":{"idSuffix":"BDI-content"}},"wdio_ui5_key":"sapm.Button{\"text\":\"Close\"}"}]}
RESULT: {"script":"<script> [1562 bytes]","args":[{"selector":{"controlType":"sap.m.Button","properties":{"text":"Close"},"searchOpenDialogs":true,"interaction":{"idSuffix":"BDI-content"}},"wdio_ui5_key":"sapm.Button{\"text\":\"Close\"}"}]}
RESULT: undefined
COMMAND: POST /session/2d3f18d96ae83e7081695401c2e0fdda/element - {"using":"xpath","value":"//*[@id=\"__mbox-btn-0\"]"}
RESULT: {"using":"xpath","value":"//*[@id=\"__mbox-btn-0\"]"}
COMMAND: POST /session/2d3f18d96ae83e7081695401c2e0fdda/element/f.3980C6CC6DC27C16253BC7A58143231A.d.C45E8813033A9FD6232B967F57A4108B.e.9351/click - {}
RESULT: {}
COMMAND: GET /session/2d3f18d96ae83e7081695401c2e0fdda/screenshot - {}
RESULT: {}
]]></system-out>
    </testcase>
    <testcase classname="chrome.136_0_7103_49.windows.Reserve/Unreserve_request_item_via_reserve_option_US139161" name="Should navigate to planning board and reserve the resource" time="103.756">
      <system-out><![CDATA[
COMMAND: POST /session/2d3f18d96ae83e7081695401c2e0fdda/execute/async - {"script":"<script> [1562 bytes]","args":[{"selector":{"controlType":"sap.m.Button","viewName":"etm.portal.ui.managerequests.view.Detail","i18NText":{"propertyName":"text","key":"planningSituation"},"interaction":{"idSuffix":"BDI-content"}},"wdio_ui5_key":"etmportal.ui.managerequests.view.Detailsap.m.Button{\"propertyName\":\"text\",\"key\":\"planningSituation\"}"}]}
RESULT: {"script":"<script> [1562 bytes]","args":[{"selector":{"controlType":"sap.m.Button","viewName":"etm.portal.ui.managerequests.view.Detail","i18NText":{"propertyName":"text","key":"planningSituation"},"interaction":{"idSuffix":"BDI-content"}},"wdio_ui5_key":"etmportal.ui.managerequests.view.Detailsap.m.Button{\"propertyName\":\"text\",\"key\":\"planningSituation\"}"}]}
RESULT: undefined
COMMAND: POST /session/2d3f18d96ae83e7081695401c2e0fdda/element - {"using":"xpath","value":"//*[@id=\"__button25\"]"}
RESULT: {"using":"xpath","value":"//*[@id=\"__button25\"]"}
COMMAND: POST /session/2d3f18d96ae83e7081695401c2e0fdda/element/f.3980C6CC6DC27C16253BC7A58143231A.d.C45E8813033A9FD6232B967F57A4108B.e.9378/click - {}
RESULT: {}
COMMAND: GET /session/2d3f18d96ae83e7081695401c2e0fdda/screenshot - {}
RESULT: {}
COMMAND: POST /session/2d3f18d96ae83e7081695401c2e0fdda/element - {"using":"xpath","value":"(//span[contains(@title ,\"WebdriverYard50w3qf\")])[1]"}
RESULT: {"using":"xpath","value":"(//span[contains(@title ,\"WebdriverYard50w3qf\")])[1]"}
COMMAND: POST /session/2d3f18d96ae83e7081695401c2e0fdda/elements - {"using":"xpath","value":"(//span[contains(@title ,\"WebdriverYard50w3qf\")])[1]"}
RESULT: {"using":"xpath","value":"(//span[contains(@title ,\"WebdriverYard50w3qf\")])[1]"}
COMMAND: POST /session/2d3f18d96ae83e7081695401c2e0fdda/elements - {"using":"xpath","value":"(//span[contains(@title ,\"WebdriverYard50w3qf\")])[1]"}
RESULT: {"using":"xpath","value":"(//span[contains(@title ,\"WebdriverYard50w3qf\")])[1]"}
COMMAND: POST /session/2d3f18d96ae83e7081695401c2e0fdda/elements - {"using":"xpath","value":"(//span[contains(@title ,\"WebdriverYard50w3qf\")])[1]"}
RESULT: {"using":"xpath","value":"(//span[contains(@title ,\"WebdriverYard50w3qf\")])[1]"}
COMMAND: POST /session/2d3f18d96ae83e7081695401c2e0fdda/elements - {"using":"xpath","value":"(//span[contains(@title ,\"WebdriverYard50w3qf\")])[1]"}
RESULT: {"using":"xpath","value":"(//span[contains(@title ,\"WebdriverYard50w3qf\")])[1]"}
COMMAND: POST /session/2d3f18d96ae83e7081695401c2e0fdda/elements - {"using":"xpath","value":"(//span[contains(@title ,\"WebdriverYard50w3qf\")])[1]"}
RESULT: {"using":"xpath","value":"(//span[contains(@title ,\"WebdriverYard50w3qf\")])[1]"}
COMMAND: POST /session/2d3f18d96ae83e7081695401c2e0fdda/elements - {"using":"xpath","value":"(//span[contains(@title ,\"WebdriverYard50w3qf\")])[1]"}
RESULT: {"using":"xpath","value":"(//span[contains(@title ,\"WebdriverYard50w3qf\")])[1]"}
COMMAND: POST /session/2d3f18d96ae83e7081695401c2e0fdda/elements - {"using":"xpath","value":"(//span[contains(@title ,\"WebdriverYard50w3qf\")])[1]"}
RESULT: {"using":"xpath","value":"(//span[contains(@title ,\"WebdriverYard50w3qf\")])[1]"}
COMMAND: POST /session/2d3f18d96ae83e7081695401c2e0fdda/elements - {"using":"xpath","value":"(//span[contains(@title ,\"WebdriverYard50w3qf\")])[1]"}
RESULT: {"using":"xpath","value":"(//span[contains(@title ,\"WebdriverYard50w3qf\")])[1]"}
COMMAND: POST /session/2d3f18d96ae83e7081695401c2e0fdda/elements - {"using":"xpath","value":"(//span[contains(@title ,\"WebdriverYard50w3qf\")])[1]"}
RESULT: {"using":"xpath","value":"(//span[contains(@title ,\"WebdriverYard50w3qf\")])[1]"}
COMMAND: POST /session/2d3f18d96ae83e7081695401c2e0fdda/elements - {"using":"xpath","value":"(//span[contains(@title ,\"WebdriverYard50w3qf\")])[1]"}
RESULT: {"using":"xpath","value":"(//span[contains(@title ,\"WebdriverYard50w3qf\")])[1]"}
COMMAND: POST /session/2d3f18d96ae83e7081695401c2e0fdda/elements - {"using":"xpath","value":"(//span[contains(@title ,\"WebdriverYard50w3qf\")])[1]"}
RESULT: {"using":"xpath","value":"(//span[contains(@title ,\"WebdriverYard50w3qf\")])[1]"}
COMMAND: POST /session/2d3f18d96ae83e7081695401c2e0fdda/elements - {"using":"xpath","value":"(//span[contains(@title ,\"WebdriverYard50w3qf\")])[1]"}
RESULT: {"using":"xpath","value":"(//span[contains(@title ,\"WebdriverYard50w3qf\")])[1]"}
COMMAND: POST /session/2d3f18d96ae83e7081695401c2e0fdda/elements - {"using":"xpath","value":"(//span[contains(@title ,\"WebdriverYard50w3qf\")])[1]"}
RESULT: {"using":"xpath","value":"(//span[contains(@title ,\"WebdriverYard50w3qf\")])[1]"}
COMMAND: POST /session/2d3f18d96ae83e7081695401c2e0fdda/elements - {"using":"xpath","value":"(//span[contains(@title ,\"WebdriverYard50w3qf\")])[1]"}
RESULT: {"using":"xpath","value":"(//span[contains(@title ,\"WebdriverYard50w3qf\")])[1]"}
COMMAND: POST /session/2d3f18d96ae83e7081695401c2e0fdda/elements - {"using":"xpath","value":"(//span[contains(@title ,\"WebdriverYard50w3qf\")])[1]"}
RESULT: {"using":"xpath","value":"(//span[contains(@title ,\"WebdriverYard50w3qf\")])[1]"}
COMMAND: POST /session/2d3f18d96ae83e7081695401c2e0fdda/elements - {"using":"xpath","value":"(//span[contains(@title ,\"WebdriverYard50w3qf\")])[1]"}
RESULT: {"using":"xpath","value":"(//span[contains(@title ,\"WebdriverYard50w3qf\")])[1]"}
COMMAND: POST /session/2d3f18d96ae83e7081695401c2e0fdda/elements - {"using":"xpath","value":"(//span[contains(@title ,\"WebdriverYard50w3qf\")])[1]"}
RESULT: {"using":"xpath","value":"(//span[contains(@title ,\"WebdriverYard50w3qf\")])[1]"}
COMMAND: POST /session/2d3f18d96ae83e7081695401c2e0fdda/elements - {"using":"xpath","value":"(//span[contains(@title ,\"WebdriverYard50w3qf\")])[1]"}
RESULT: {"using":"xpath","value":"(//span[contains(@title ,\"WebdriverYard50w3qf\")])[1]"}
COMMAND: POST /session/2d3f18d96ae83e7081695401c2e0fdda/elements - {"using":"xpath","value":"(//span[contains(@title ,\"WebdriverYard50w3qf\")])[1]"}
RESULT: {"using":"xpath","value":"(//span[contains(@title ,\"WebdriverYard50w3qf\")])[1]"}
COMMAND: POST /session/2d3f18d96ae83e7081695401c2e0fdda/elements - {"using":"xpath","value":"(//span[contains(@title ,\"WebdriverYard50w3qf\")])[1]"}
RESULT: {"using":"xpath","value":"(//span[contains(@title ,\"WebdriverYard50w3qf\")])[1]"}
COMMAND: POST /session/2d3f18d96ae83e7081695401c2e0fdda/elements - {"using":"xpath","value":"(//span[contains(@title ,\"WebdriverYard50w3qf\")])[1]"}
RESULT: {"using":"xpath","value":"(//span[contains(@title ,\"WebdriverYard50w3qf\")])[1]"}
COMMAND: POST /session/2d3f18d96ae83e7081695401c2e0fdda/elements - {"using":"xpath","value":"(//span[contains(@title ,\"WebdriverYard50w3qf\")])[1]"}
RESULT: {"using":"xpath","value":"(//span[contains(@title ,\"WebdriverYard50w3qf\")])[1]"}
COMMAND: POST /session/2d3f18d96ae83e7081695401c2e0fdda/elements - {"using":"xpath","value":"(//span[contains(@title ,\"WebdriverYard50w3qf\")])[1]"}
RESULT: {"using":"xpath","value":"(//span[contains(@title ,\"WebdriverYard50w3qf\")])[1]"}
COMMAND: POST /session/2d3f18d96ae83e7081695401c2e0fdda/elements - {"using":"xpath","value":"(//span[contains(@title ,\"WebdriverYard50w3qf\")])[1]"}
RESULT: {"using":"xpath","value":"(//span[contains(@title ,\"WebdriverYard50w3qf\")])[1]"}
COMMAND: POST /session/2d3f18d96ae83e7081695401c2e0fdda/element - {"using":"xpath","value":"(//span[contains(@title ,\"WebdriverYard50w3qf\")])[1]"}
RESULT: {"using":"xpath","value":"(//span[contains(@title ,\"WebdriverYard50w3qf\")])[1]"}
COMMAND: POST /session/2d3f18d96ae83e7081695401c2e0fdda/execute/sync - {"script":"<script> [8489 bytes]","args":[{"element-6066-11e4-a52e-4f735466cecf":"f.3980C6CC6DC27C16253BC7A58143231A.d.C45E8813033A9FD6232B967F57A4108B.e.9779","ELEMENT":"f.3980C6CC6DC27C16253BC7A58143231A.d.C45E8813033A9FD6232B967F57A4108B.e.9779"}]}
RESULT: {"script":"<script> [8489 bytes]","args":[{"element-6066-11e4-a52e-4f735466cecf":"f.3980C6CC6DC27C16253BC7A58143231A.d.C45E8813033A9FD6232B967F57A4108B.e.9779","ELEMENT":"f.3980C6CC6DC27C16253BC7A58143231A.d.C45E8813033A9FD6232B967F57A4108B.e.9779"}]}
COMMAND: POST /session/2d3f18d96ae83e7081695401c2e0fdda/element - {"using":"xpath","value":"(//span[contains(@title ,\"WebdriverYard50w3qf\")])[1]"}
COMMAND: GET /session/2d3f18d96ae83e7081695401c2e0fdda/screenshot - {}
RESULT: {"using":"xpath","value":"(//span[contains(@title ,\"WebdriverYard50w3qf\")])[1]"}
COMMAND: POST /session/2d3f18d96ae83e7081695401c2e0fdda/actions - {"actions":[{"id":"action70","type":"pointer","parameters":{"pointerType":"mouse"},"actions":[{"type":"pointerMove","button":0,"width":0,"height":0,"pressure":0,"tangentialPressure":0,"tiltX":0,"tiltY":0,"twist":0,"altitudeAngle":0,"_":"5 more keys: [\"azimuthAngle\",\"x\",\"y\",\"duration\",\"origin\"]"},{"type":"pointerDown","button":2,"width":0,"height":0,"pressure":0,"tangentialPressure":0,"tiltX":0,"tiltY":0,"twist":0,"altitudeAngle":0,"_":"1 more keys: [\"azimuthAngle\"]"},{"type":"pointerUp","button":2}]}]}
RESULT: {}
RESULT: {"actions":[{"id":"action70","type":"pointer","parameters":{"pointerType":"mouse"},"actions":[{"type":"pointerMove","button":0,"width":0,"height":0,"pressure":0,"tangentialPressure":0,"tiltX":0,"tiltY":0,"twist":0,"altitudeAngle":0,"_":"5 more keys: [\"azimuthAngle\",\"x\",\"y\",\"duration\",\"origin\"]"},{"type":"pointerDown","button":2,"width":0,"height":0,"pressure":0,"tangentialPressure":0,"tiltX":0,"tiltY":0,"twist":0,"altitudeAngle":0,"_":"1 more keys: [\"azimuthAngle\"]"},{"type":"pointerUp","button":2}]}]}
COMMAND: DELETE /session/2d3f18d96ae83e7081695401c2e0fdda/actions - {}
COMMAND: GET /session/2d3f18d96ae83e7081695401c2e0fdda/screenshot - {}
RESULT: {}
COMMAND: GET /session/2d3f18d96ae83e7081695401c2e0fdda/screenshot - {}
RESULT: {}
RESULT: {}
COMMAND: POST /session/2d3f18d96ae83e7081695401c2e0fdda/actions - {"actions":[{"id":"action71","type":"key","parameters":{},"actions":[{"type":"keyDown","value":"î€•"},{"type":"pause","duration":10},{"type":"keyUp","value":"î€•"}]}]}
RESULT: {"actions":[{"id":"action71","type":"key","parameters":{},"actions":[{"type":"keyDown","value":"î€•"},{"type":"pause","duration":10},{"type":"keyUp","value":"î€•"}]}]}
COMMAND: GET /session/2d3f18d96ae83e7081695401c2e0fdda/screenshot - {}
RESULT: {}
COMMAND: POST /session/2d3f18d96ae83e7081695401c2e0fdda/actions - {"actions":[{"id":"action72","type":"key","parameters":{},"actions":[{"type":"keyDown","value":"î€‡"},{"type":"pause","duration":10},{"type":"keyUp","value":"î€‡"}]}]}
RESULT: {"actions":[{"id":"action72","type":"key","parameters":{},"actions":[{"type":"keyDown","value":"î€‡"},{"type":"pause","duration":10},{"type":"keyUp","value":"î€‡"}]}]}
COMMAND: GET /session/2d3f18d96ae83e7081695401c2e0fdda/screenshot - {}
RESULT: {}
COMMAND: POST /session/2d3f18d96ae83e7081695401c2e0fdda/execute/async - {"script":"<script> [1562 bytes]","args":[{"selector":{"id":"application-planningboard-display-component---pB_RequestHeader--RUreservationComment","searchOpenDialogs":true,"interaction":{"idSuffix":"inner"}},"wdio_ui5_key":"applicationplanningboard-display-component---pB_RequestHeader--RUreservationComment"}]}
RESULT: {"script":"<script> [1562 bytes]","args":[{"selector":{"id":"application-planningboard-display-component---pB_RequestHeader--RUreservationComment","searchOpenDialogs":true,"interaction":{"idSuffix":"inner"}},"wdio_ui5_key":"applicationplanningboard-display-component---pB_RequestHeader--RUreservationComment"}]}
RESULT: undefined
COMMAND: POST /session/2d3f18d96ae83e7081695401c2e0fdda/execute/async - {"script":"<script> [776 bytes]","args":[{"enterText":"WdIORes1ew1e8","selector":{"id":"application-planningboard-display-component---pB_RequestHeader--RUreservationComment","searchOpenDialogs":true,"interaction":{"idSuffix":"inner"}},"clearTextFirst":true,"interactionType":"ENTER_TEXT"}]}
RESULT: {"script":"<script> [776 bytes]","args":[{"enterText":"WdIORes1ew1e8","selector":{"id":"application-planningboard-display-component---pB_RequestHeader--RUreservationComment","searchOpenDialogs":true,"interaction":{"idSuffix":"inner"}},"clearTextFirst":true,"interactionType":"ENTER_TEXT"}]}
COMMAND: POST /session/2d3f18d96ae83e7081695401c2e0fdda/execute/async - {"script":"<script> [1562 bytes]","args":[{"selector":{"controlType":"sap.m.Button","viewName":"etm.portal.ui.planningboard.view.detail.RequestHeader","viewId":"application-planningboard-display-component---pB_RequestHeader","properties":{"text":"Ok"},"searchOpenDialogs":true,"interaction":{"idSuffix":"BDI-content"}},"wdio_ui5_key":"etmportal.ui.planningboard.view.detail.RequestHeadersap.m.Button{\"text\":\"Ok\"}"}]}
RESULT: {"script":"<script> [1562 bytes]","args":[{"selector":{"controlType":"sap.m.Button","viewName":"etm.portal.ui.planningboard.view.detail.RequestHeader","viewId":"application-planningboard-display-component---pB_RequestHeader","properties":{"text":"Ok"},"searchOpenDialogs":true,"interaction":{"idSuffix":"BDI-content"}},"wdio_ui5_key":"etmportal.ui.planningboard.view.detail.RequestHeadersap.m.Button{\"text\":\"Ok\"}"}]}
RESULT: undefined
COMMAND: POST /session/2d3f18d96ae83e7081695401c2e0fdda/element - {"using":"xpath","value":"//*[@id=\"__button188\"]"}
RESULT: {"using":"xpath","value":"//*[@id=\"__button188\"]"}
COMMAND: POST /session/2d3f18d96ae83e7081695401c2e0fdda/element/f.3980C6CC6DC27C16253BC7A58143231A.d.C45E8813033A9FD6232B967F57A4108B.e.9795/click - {}
RESULT: {}
COMMAND: GET /session/2d3f18d96ae83e7081695401c2e0fdda/screenshot - {}
RESULT: {}
COMMAND: POST /session/2d3f18d96ae83e7081695401c2e0fdda/element - {"using":"xpath","value":"//span[contains(@title ,\"WebdriverYard50w3qf\")]"}
RESULT: {"using":"xpath","value":"//span[contains(@title ,\"WebdriverYard50w3qf\")]"}
COMMAND: POST /session/2d3f18d96ae83e7081695401c2e0fdda/actions - {"actions":[{"id":"action73","type":"pointer","parameters":{"pointerType":"mouse"},"actions":[{"type":"pointerMove","button":0,"width":0,"height":0,"pressure":0,"tangentialPressure":0,"tiltX":0,"tiltY":0,"twist":0,"altitudeAngle":0,"_":"5 more keys: [\"azimuthAngle\",\"x\",\"y\",\"duration\",\"origin\"]"},{"type":"pointerDown","button":2,"width":0,"height":0,"pressure":0,"tangentialPressure":0,"tiltX":0,"tiltY":0,"twist":0,"altitudeAngle":0,"_":"1 more keys: [\"azimuthAngle\"]"},{"type":"pointerUp","button":2}]}]}
RESULT: {"actions":[{"id":"action73","type":"pointer","parameters":{"pointerType":"mouse"},"actions":[{"type":"pointerMove","button":0,"width":0,"height":0,"pressure":0,"tangentialPressure":0,"tiltX":0,"tiltY":0,"twist":0,"altitudeAngle":0,"_":"5 more keys: [\"azimuthAngle\",\"x\",\"y\",\"duration\",\"origin\"]"},{"type":"pointerDown","button":2,"width":0,"height":0,"pressure":0,"tangentialPressure":0,"tiltX":0,"tiltY":0,"twist":0,"altitudeAngle":0,"_":"1 more keys: [\"azimuthAngle\"]"},{"type":"pointerUp","button":2}]}]}
COMMAND: DELETE /session/2d3f18d96ae83e7081695401c2e0fdda/actions - {}
COMMAND: GET /session/2d3f18d96ae83e7081695401c2e0fdda/screenshot - {}
RESULT: {}
COMMAND: GET /session/2d3f18d96ae83e7081695401c2e0fdda/screenshot - {}
RESULT: {}
RESULT: {}
COMMAND: POST /session/2d3f18d96ae83e7081695401c2e0fdda/actions - {"actions":[{"id":"action74","type":"key","parameters":{},"actions":[{"type":"keyDown","value":"î€•"},{"type":"pause","duration":10},{"type":"keyUp","value":"î€•"}]}]}
RESULT: {"actions":[{"id":"action74","type":"key","parameters":{},"actions":[{"type":"keyDown","value":"î€•"},{"type":"pause","duration":10},{"type":"keyUp","value":"î€•"}]}]}
COMMAND: GET /session/2d3f18d96ae83e7081695401c2e0fdda/screenshot - {}
RESULT: {}
COMMAND: POST /session/2d3f18d96ae83e7081695401c2e0fdda/actions - {"actions":[{"id":"action75","type":"key","parameters":{},"actions":[{"type":"keyDown","value":"î€‡"},{"type":"pause","duration":10},{"type":"keyUp","value":"î€‡"}]}]}
RESULT: {"actions":[{"id":"action75","type":"key","parameters":{},"actions":[{"type":"keyDown","value":"î€‡"},{"type":"pause","duration":10},{"type":"keyUp","value":"î€‡"}]}]}
COMMAND: GET /session/2d3f18d96ae83e7081695401c2e0fdda/screenshot - {}
RESULT: {}
RESULT: undefined
COMMAND: POST /session/2d3f18d96ae83e7081695401c2e0fdda/execute/async - {"script":"<script> [776 bytes]","args":[{"enterText":"WdIORes2ogx5o","selector":{"id":"application-planningboard-display-component---pB_RequestHeader--RUreservationComment","searchOpenDialogs":true,"interaction":{"idSuffix":"inner"}},"clearTextFirst":true,"interactionType":"ENTER_TEXT"}]}
RESULT: {"script":"<script> [776 bytes]","args":[{"enterText":"WdIORes2ogx5o","selector":{"id":"application-planningboard-display-component---pB_RequestHeader--RUreservationComment","searchOpenDialogs":true,"interaction":{"idSuffix":"inner"}},"clearTextFirst":true,"interactionType":"ENTER_TEXT"}]}
RESULT: undefined
COMMAND: POST /session/2d3f18d96ae83e7081695401c2e0fdda/element - {"using":"xpath","value":"//*[@id=\"__button188\"]"}
RESULT: {"using":"xpath","value":"//*[@id=\"__button188\"]"}
COMMAND: POST /session/2d3f18d96ae83e7081695401c2e0fdda/element/f.3980C6CC6DC27C16253BC7A58143231A.d.C45E8813033A9FD6232B967F57A4108B.e.9872/click - {}
RESULT: {}
COMMAND: GET /session/2d3f18d96ae83e7081695401c2e0fdda/screenshot - {}
RESULT: {}
COMMAND: POST /session/2d3f18d96ae83e7081695401c2e0fdda/execute/async - {"script":"<script> [1562 bytes]","args":[{"selector":{"controlType":"sap.m.Button","viewName":"etm.portal.ui.planningboard.view.detail.RequestHeader","viewId":"application-planningboard-display-component---pB_RequestHeader","i18NText":{"propertyName":"text","key":"close"},"ancestor":{"id":"application-planningboard-display-component---pB_RequestHeader--requestItemDetails"},"interaction":{"idSuffix":"BDI-content"}},"wdio_ui5_key":"etmportal.ui.planningboard.view.detail.RequestHeadersap.m.Button{\"propertyName\":\"text\",\"key\":\"close\"}{\"id\":\"application-planningboard-display-component---pB_RequestHeader--requestItemDetails\"}"}]}
RESULT: {"script":"<script> [1562 bytes]","args":[{"selector":{"controlType":"sap.m.Button","viewName":"etm.portal.ui.planningboard.view.detail.RequestHeader","viewId":"application-planningboard-display-component---pB_RequestHeader","i18NText":{"propertyName":"text","key":"close"},"ancestor":{"id":"application-planningboard-display-component---pB_RequestHeader--requestItemDetails"},"interaction":{"idSuffix":"BDI-content"}},"wdio_ui5_key":"etmportal.ui.planningboard.view.detail.RequestHeadersap.m.Button{\"propertyName\":\"text\",\"key\":\"close\"}{\"id\":\"application-planningboard-display-component---pB_RequestHeader--requestItemDetails\"}"}]}
RESULT: undefined
COMMAND: POST /session/2d3f18d96ae83e7081695401c2e0fdda/element - {"using":"xpath","value":"//*[@id=\"__button64\"]"}
RESULT: {"using":"xpath","value":"//*[@id=\"__button64\"]"}
COMMAND: POST /session/2d3f18d96ae83e7081695401c2e0fdda/element/f.3980C6CC6DC27C16253BC7A58143231A.d.C45E8813033A9FD6232B967F57A4108B.e.9655/click - {}
RESULT: {}
COMMAND: GET /session/2d3f18d96ae83e7081695401c2e0fdda/screenshot - {}
RESULT: {}
COMMAND: POST /session/2d3f18d96ae83e7081695401c2e0fdda/execute/async - {"script":"<script> [1562 bytes]","args":[{"selector":{"id":"application-planningboard-display-component---pB_Master--selectView","interaction":{"idSuffix":"arrow"}},"wdio_ui5_key":"applicationplanningboard-display-component---pB_Master--selectView"}]}
RESULT: {"script":"<script> [1562 bytes]","args":[{"selector":{"id":"application-planningboard-display-component---pB_Master--selectView","interaction":{"idSuffix":"arrow"}},"wdio_ui5_key":"applicationplanningboard-display-component---pB_Master--selectView"}]}
RESULT: undefined
COMMAND: POST /session/2d3f18d96ae83e7081695401c2e0fdda/element - {"using":"xpath","value":"//*[@id=\"application-planningboard-display-component---pB_Master--selectView\"]"}
RESULT: {"using":"xpath","value":"//*[@id=\"application-planningboard-display-component---pB_Master--selectView\"]"}
COMMAND: POST /session/2d3f18d96ae83e7081695401c2e0fdda/element/f.3980C6CC6DC27C16253BC7A58143231A.d.C45E8813033A9FD6232B967F57A4108B.e.10036/click - {}
RESULT: {}
COMMAND: GET /session/2d3f18d96ae83e7081695401c2e0fdda/screenshot - {}
RESULT: {}
COMMAND: POST /session/2d3f18d96ae83e7081695401c2e0fdda/execute/async - {"script":"<script> [1562 bytes]","args":[{"selector":{"controlType":"sap.ui.core.Item","viewName":"etm.portal.ui.planningboard.view.Master","viewId":"application-planningboard-display-component---pB_Master","i18NText":{"propertyName":"text","key":"manageReservations"},"searchOpenDialogs":true},"wdio_ui5_key":"etmportal.ui.planningboard.view.Mastersap.ui.core.Item{\"propertyName\":\"text\",\"key\":\"manageReservations\"}"}]}
RESULT: {"script":"<script> [1562 bytes]","args":[{"selector":{"controlType":"sap.ui.core.Item","viewName":"etm.portal.ui.planningboard.view.Master","viewId":"application-planningboard-display-component---pB_Master","i18NText":{"propertyName":"text","key":"manageReservations"},"searchOpenDialogs":true},"wdio_ui5_key":"etmportal.ui.planningboard.view.Mastersap.ui.core.Item{\"propertyName\":\"text\",\"key\":\"manageReservations\"}"}]}
RESULT: undefined
COMMAND: POST /session/2d3f18d96ae83e7081695401c2e0fdda/element - {"using":"xpath","value":"//*[@id=\"__item526\"]"}
RESULT: {"using":"xpath","value":"//*[@id=\"__item526\"]"}
COMMAND: POST /session/2d3f18d96ae83e7081695401c2e0fdda/element/f.3980C6CC6DC27C16253BC7A58143231A.d.C45E8813033A9FD6232B967F57A4108B.e.10037/click - {}
RESULT: {}
COMMAND: GET /session/2d3f18d96ae83e7081695401c2e0fdda/screenshot - {}
RESULT: {}
COMMAND: POST /session/2d3f18d96ae83e7081695401c2e0fdda/element - {"using":"xpath","value":"//span[contains(@id ,\"clone\")][contains(text(), \"WdIORes1ew1e8\")]"}
RESULT: {"using":"xpath","value":"//span[contains(@id ,\"clone\")][contains(text(), \"WdIORes1ew1e8\")]"}
COMMAND: GET /session/2d3f18d96ae83e7081695401c2e0fdda/element/f.3980C6CC6DC27C16253BC7A58143231A.d.C45E8813033A9FD6232B967F57A4108B.e.10052/text - {}
RESULT: {}
COMMAND: POST /session/2d3f18d96ae83e7081695401c2e0fdda/element - {"using":"xpath","value":"//span[contains(@id ,\"clone\")][contains(text(), \"WdIORes2ogx5o\")]"}
RESULT: {"using":"xpath","value":"//span[contains(@id ,\"clone\")][contains(text(), \"WdIORes2ogx5o\")]"}
COMMAND: POST /session/2d3f18d96ae83e7081695401c2e0fdda/element/f.3980C6CC6DC27C16253BC7A58143231A.d.C45E8813033A9FD6232B967F57A4108B.e.10053/click - {}
RESULT: {}
COMMAND: GET /session/2d3f18d96ae83e7081695401c2e0fdda/screenshot - {}
RESULT: {}
COMMAND: POST /session/2d3f18d96ae83e7081695401c2e0fdda/actions - {"actions":[{"id":"action76","type":"key","parameters":{},"actions":[{"type":"keyDown","value":"î€‡"},{"type":"pause","duration":10},{"type":"keyUp","value":"î€‡"}]}]}
RESULT: {"actions":[{"id":"action76","type":"key","parameters":{},"actions":[{"type":"keyDown","value":"î€‡"},{"type":"pause","duration":10},{"type":"keyUp","value":"î€‡"}]}]}
COMMAND: GET /session/2d3f18d96ae83e7081695401c2e0fdda/screenshot - {}
RESULT: {}
COMMAND: POST /session/2d3f18d96ae83e7081695401c2e0fdda/execute/async - {"script":"<script> [1562 bytes]","args":[{"selector":{"controlType":"sap.m.Button","viewName":"etm.portal.ui.planningboard.view.detail.Planning","viewId":"application-planningboard-display-component---pB_Planning","i18NText":{"propertyName":"text","key":"unplan"},"interaction":{"idSuffix":"BDI-content"}},"wdio_ui5_key":"etmportal.ui.planningboard.view.detail.Planningsap.m.Button{\"propertyName\":\"text\",\"key\":\"unplan\"}"}]}
RESULT: {"script":"<script> [1562 bytes]","args":[{"selector":{"controlType":"sap.m.Button","viewName":"etm.portal.ui.planningboard.view.detail.Planning","viewId":"application-planningboard-display-component---pB_Planning","i18NText":{"propertyName":"text","key":"unplan"},"interaction":{"idSuffix":"BDI-content"}},"wdio_ui5_key":"etmportal.ui.planningboard.view.detail.Planningsap.m.Button{\"propertyName\":\"text\",\"key\":\"unplan\"}"}]}
RESULT: undefined
COMMAND: POST /session/2d3f18d96ae83e7081695401c2e0fdda/element - {"using":"xpath","value":"//*[@id=\"__button254\"]"}
RESULT: {"using":"xpath","value":"//*[@id=\"__button254\"]"}
COMMAND: POST /session/2d3f18d96ae83e7081695401c2e0fdda/element/f.3980C6CC6DC27C16253BC7A58143231A.d.C45E8813033A9FD6232B967F57A4108B.e.10090/click - {}
RESULT: {}
COMMAND: GET /session/2d3f18d96ae83e7081695401c2e0fdda/screenshot - {}
RESULT: {}
COMMAND: POST /session/2d3f18d96ae83e7081695401c2e0fdda/element - {"using":"xpath","value":"//span[contains(@id ,\"clone\")][contains(text(), \"WdIORes2ogx5o\")]"}
RESULT: {"using":"xpath","value":"//span[contains(@id ,\"clone\")][contains(text(), \"WdIORes2ogx5o\")]"}
COMMAND: POST /session/2d3f18d96ae83e7081695401c2e0fdda/element - {"using":"xpath","value":"//span[contains(@id ,\"clone\")][contains(text(), \"WdIORes2ogx5o\")]"}
RESULT: {"using":"xpath","value":"//span[contains(@id ,\"clone\")][contains(text(), \"WdIORes2ogx5o\")]"}
COMMAND: POST /session/2d3f18d96ae83e7081695401c2e0fdda/element - {"using":"xpath","value":"//span[contains(@id ,\"clone\")][contains(text(), \"WdIORes1ew1e8\")]"}
RESULT: {"using":"xpath","value":"//span[contains(@id ,\"clone\")][contains(text(), \"WdIORes1ew1e8\")]"}
COMMAND: POST /session/2d3f18d96ae83e7081695401c2e0fdda/element/f.3980C6CC6DC27C16253BC7A58143231A.d.C45E8813033A9FD6232B967F57A4108B.e.10155/click - {}
RESULT: {}
COMMAND: GET /session/2d3f18d96ae83e7081695401c2e0fdda/screenshot - {}
RESULT: {}
COMMAND: POST /session/2d3f18d96ae83e7081695401c2e0fdda/actions - {"actions":[{"id":"action77","type":"key","parameters":{},"actions":[{"type":"keyDown","value":"î€‡"},{"type":"pause","duration":10},{"type":"keyUp","value":"î€‡"}]}]}
RESULT: {"actions":[{"id":"action77","type":"key","parameters":{},"actions":[{"type":"keyDown","value":"î€‡"},{"type":"pause","duration":10},{"type":"keyUp","value":"î€‡"}]}]}
COMMAND: GET /session/2d3f18d96ae83e7081695401c2e0fdda/screenshot - {}
RESULT: {}
]]></system-out>
    </testcase>
  </testsuite>
  <testsuite timestamp="2025-05-14T06:49:24" time="32.222" tests="1" failures="0" errors="0" skipped="0">
    <properties>
      <property name="specId" value="0" />
      <property name="suiteName" value="Reserve/Unreserve request item via reserve option US139161" />
      <property name="capabilities" value="chrome.136_0_7103_49.windows" />
      <property name="file" value="file:///D:/a/1/s/test/specs/R2C/manage-reservations-view-planning-board.spec.js" />
    </properties>
    <testcase classname="chrome.136_0_7103_49.windows.Reserve/Unreserve_request_item_via_reserve_option_US139161" name="Should open a reservation to verify and edit the details" time="32.219">
      <system-out><![CDATA[
COMMAND: POST /session/2d3f18d96ae83e7081695401c2e0fdda/element - {"using":"xpath","value":"//button[contains(@data-kt, \"editButton\")]"}
RESULT: {"using":"xpath","value":"//button[contains(@data-kt, \"editButton\")]"}
COMMAND: POST /session/2d3f18d96ae83e7081695401c2e0fdda/execute/sync - {"script":"<script> [8489 bytes]","args":[{"element-6066-11e4-a52e-4f735466cecf":"f.3980C6CC6DC27C16253BC7A58143231A.d.C45E8813033A9FD6232B967F57A4108B.e.10209","ELEMENT":"f.3980C6CC6DC27C16253BC7A58143231A.d.C45E8813033A9FD6232B967F57A4108B.e.10209"}]}
RESULT: {"script":"<script> [8489 bytes]","args":[{"element-6066-11e4-a52e-4f735466cecf":"f.3980C6CC6DC27C16253BC7A58143231A.d.C45E8813033A9FD6232B967F57A4108B.e.10209","ELEMENT":"f.3980C6CC6DC27C16253BC7A58143231A.d.C45E8813033A9FD6232B967F57A4108B.e.10209"}]}
COMMAND: POST /session/2d3f18d96ae83e7081695401c2e0fdda/element - {"using":"xpath","value":"//button[contains(@data-kt, \"unplanButton\")]"}
COMMAND: GET /session/2d3f18d96ae83e7081695401c2e0fdda/screenshot - {}
RESULT: {"using":"xpath","value":"//button[contains(@data-kt, \"unplanButton\")]"}
COMMAND: POST /session/2d3f18d96ae83e7081695401c2e0fdda/execute/sync - {"script":"<script> [8489 bytes]","args":[{"element-6066-11e4-a52e-4f735466cecf":"f.3980C6CC6DC27C16253BC7A58143231A.d.C45E8813033A9FD6232B967F57A4108B.e.10210","ELEMENT":"f.3980C6CC6DC27C16253BC7A58143231A.d.C45E8813033A9FD6232B967F57A4108B.e.10210"}]}
RESULT: {}
RESULT: {"script":"<script> [8489 bytes]","args":[{"element-6066-11e4-a52e-4f735466cecf":"f.3980C6CC6DC27C16253BC7A58143231A.d.C45E8813033A9FD6232B967F57A4108B.e.10210","ELEMENT":"f.3980C6CC6DC27C16253BC7A58143231A.d.C45E8813033A9FD6232B967F57A4108B.e.10210"}]}
COMMAND: POST /session/2d3f18d96ae83e7081695401c2e0fdda/element - {"using":"xpath","value":"//button[contains(@data-kt, \"editButton\")]"}
COMMAND: GET /session/2d3f18d96ae83e7081695401c2e0fdda/screenshot - {}
RESULT: {"using":"xpath","value":"//button[contains(@data-kt, \"editButton\")]"}
COMMAND: POST /session/2d3f18d96ae83e7081695401c2e0fdda/element/f.3980C6CC6DC27C16253BC7A58143231A.d.C45E8813033A9FD6232B967F57A4108B.e.10209/click - {}
RESULT: {}
RESULT: {}
COMMAND: POST /session/2d3f18d96ae83e7081695401c2e0fdda/element - {"using":"xpath","value":"(//input[contains(@id ,\"picker\")][contains(@aria-roledescription ,\"Date Input\")])[4]"}
COMMAND: GET /session/2d3f18d96ae83e7081695401c2e0fdda/screenshot - {}
RESULT: {"using":"xpath","value":"(//input[contains(@id ,\"picker\")][contains(@aria-roledescription ,\"Date Input\")])[4]"}
COMMAND: POST /session/2d3f18d96ae83e7081695401c2e0fdda/element/f.3980C6CC6DC27C16253BC7A58143231A.d.C45E8813033A9FD6232B967F57A4108B.e.10175/clear - {}
RESULT: {}
RESULT: {}
COMMAND: POST /session/2d3f18d96ae83e7081695401c2e0fdda/element/f.3980C6CC6DC27C16253BC7A58143231A.d.C45E8813033A9FD6232B967F57A4108B.e.10175/value - {"text":"5/16/25"}
COMMAND: GET /session/2d3f18d96ae83e7081695401c2e0fdda/screenshot - {}
RESULT: {"text":"5/16/25"}
COMMAND: GET /session/2d3f18d96ae83e7081695401c2e0fdda/screenshot - {}
RESULT: {}
RESULT: {}
COMMAND: POST /session/2d3f18d96ae83e7081695401c2e0fdda/element - {"using":"xpath","value":"//bdi[contains(text(), \"Save\")]"}
RESULT: {"using":"xpath","value":"//bdi[contains(text(), \"Save\")]"}
COMMAND: POST /session/2d3f18d96ae83e7081695401c2e0fdda/element/f.3980C6CC6DC27C16253BC7A58143231A.d.C45E8813033A9FD6232B967F57A4108B.e.10232/click - {}
RESULT: {}
COMMAND: GET /session/2d3f18d96ae83e7081695401c2e0fdda/screenshot - {}
RESULT: {}
COMMAND: POST /session/2d3f18d96ae83e7081695401c2e0fdda/element - {"using":"xpath","value":"(//input[contains(@id ,\"picker\")][contains(@aria-roledescription ,\"Date Input\")])[4]"}
RESULT: {"using":"xpath","value":"(//input[contains(@id ,\"picker\")][contains(@aria-roledescription ,\"Date Input\")])[4]"}
COMMAND: GET /session/2d3f18d96ae83e7081695401c2e0fdda/element/f.3980C6CC6DC27C16253BC7A58143231A.d.C45E8813033A9FD6232B967F57A4108B.e.10175/property/value - {}
RESULT: {}
COMMAND: GET /session/2d3f18d96ae83e7081695401c2e0fdda/screenshot - {}
RESULT: {}
COMMAND: POST /session/2d3f18d96ae83e7081695401c2e0fdda/element - {"using":"xpath","value":"//bdi[contains(text(), \"Unplan\")]"}
RESULT: {"using":"xpath","value":"//bdi[contains(text(), \"Unplan\")]"}
COMMAND: POST /session/2d3f18d96ae83e7081695401c2e0fdda/element/f.3980C6CC6DC27C16253BC7A58143231A.d.C45E8813033A9FD6232B967F57A4108B.e.10244/click - {}
RESULT: {}
COMMAND: GET /session/2d3f18d96ae83e7081695401c2e0fdda/screenshot - {}
RESULT: {}
COMMAND: POST /session/2d3f18d96ae83e7081695401c2e0fdda/element - {"using":"css selector","value":"#shell-header-logo"}
RESULT: {"using":"css selector","value":"#shell-header-logo"}
COMMAND: POST /session/2d3f18d96ae83e7081695401c2e0fdda/element/f.3980C6CC6DC27C16253BC7A58143231A.d.C45E8813033A9FD6232B967F57A4108B.e.8895/click - {}
RESULT: {}
COMMAND: GET /session/2d3f18d96ae83e7081695401c2e0fdda/screenshot - {}
RESULT: {}
COMMAND: POST /session/2d3f18d96ae83e7081695401c2e0fdda/refresh - {}
RESULT: {}
COMMAND: GET /session/2d3f18d96ae83e7081695401c2e0fdda/screenshot - {}
RESULT: {}
COMMAND: POST /session/2d3f18d96ae83e7081695401c2e0fdda/execute/async - {"script":"<script> [189 bytes]","args":[]}
RESULT: {"script":"<script> [189 bytes]","args":[]}
COMMAND: POST /session/2d3f18d96ae83e7081695401c2e0fdda/execute/async - {"script":"<script> [123 bytes]","args":[]}
RESULT: {"script":"<script> [123 bytes]","args":[]}
COMMAND: POST /session/2d3f18d96ae83e7081695401c2e0fdda/timeouts - {"script":"<number>"}
RESULT: {"script":"<number>"}
COMMAND: GET /session/2d3f18d96ae83e7081695401c2e0fdda/timeouts - {}
RESULT: {}
RESULT: undefined
COMMAND: POST /session/2d3f18d96ae83e7081695401c2e0fdda/execute/async - {"script":"<script> [2676 bytes]","args":[]}
RESULT: {"script":"<script> [2676 bytes]","args":[]}
COMMAND: POST /session/2d3f18d96ae83e7081695401c2e0fdda/execute/async - {"script":"<script> [2342 bytes]","args":[{"protocol":"http","hostname":"0.0.0.0","path":"/","capabilities":{"browserName":"chrome","goog:chromeOptions":{"binary":"C:\\Program Files\\Google\\Chrome\\Application\\chrome.exe","args":["--start-maximized"]}},"logLevel":"warn","connectionRetryTimeout":120000,"connectionRetryCount":3,"logLevels":{},"enableDirectConnect":true,"strictSSL":true,"_":"65 more keys: [\"cacheDir\",\"port\",\"requestedCapabilities\",\"automationProtocol\",\"baseUrl\",\"waitforInterval\",\"waitforTimeout\",\"onReload\",\"beforeCommand\",\"afterCommand\",\"rootDir\",\"specs\",\"suites\",\"exclude\",\"groupLogsByTestSpec\",\"excludeDriverLogs\",\"bail\",\"framework\",\"reporters\",\"services\",\"maxInstances\",\"maxInstancesPerCapability\",\"injectGlobals\",\"filesToWatch\",\"execArgv\",\"runnerEnv\",\"runner\",\"shard\",\"specFileRetries\",\"specFileRetriesDelay\",\"specFileRetriesDeferred\",\"reporterSyncInterval\",\"reporterSyncTimeout\",\"cucumberFeaturesWithLineNumbers\",\"autoCompileOpts\",\"mochaOpts\",\"jasmineOpts\",\"cucumberOpts\",\"onPrepare\",\"onWorkerStart\",\"onWorkerEnd\",\"before\",\"beforeSession\",\"beforeSuite\",\"beforeHook\",\"beforeTest\",\"afterTest\",\"afterHook\",\"afterSuite\",\"afterSession\",\"after\",\"onComplete\",\"beforeAssertion\",\"afterAssertion\",\"beforeFeature\",\"beforeScenario\",\"beforeStep\",\"afterStep\",\"afterScenario\",\"afterFeature\",\"_\",\"suite\",\"$0\",\"ignoredWorkerServices\",\"wdi5\"]"}]}
RESULT: {"script":"<script> [2342 bytes]","args":[{"protocol":"http","hostname":"0.0.0.0","path":"/","capabilities":{"browserName":"chrome","goog:chromeOptions":{"binary":"C:\\Program Files\\Google\\Chrome\\Application\\chrome.exe","args":["--start-maximized"]}},"logLevel":"warn","connectionRetryTimeout":120000,"connectionRetryCount":3,"logLevels":{},"enableDirectConnect":true,"strictSSL":true,"_":"65 more keys: [\"cacheDir\",\"port\",\"requestedCapabilities\",\"automationProtocol\",\"baseUrl\",\"waitforInterval\",\"waitforTimeout\",\"onReload\",\"beforeCommand\",\"afterCommand\",\"rootDir\",\"specs\",\"suites\",\"exclude\",\"groupLogsByTestSpec\",\"excludeDriverLogs\",\"bail\",\"framework\",\"reporters\",\"services\",\"maxInstances\",\"maxInstancesPerCapability\",\"injectGlobals\",\"filesToWatch\",\"execArgv\",\"runnerEnv\",\"runner\",\"shard\",\"specFileRetries\",\"specFileRetriesDelay\",\"specFileRetriesDeferred\",\"reporterSyncInterval\",\"reporterSyncTimeout\",\"cucumberFeaturesWithLineNumbers\",\"autoCompileOpts\",\"mochaOpts\",\"jasmineOpts\",\"cucumberOpts\",\"onPrepare\",\"onWorkerStart\",\"onWorkerEnd\",\"before\",\"beforeSession\",\"beforeSuite\",\"beforeHook\",\"beforeTest\",\"afterTest\",\"afterHook\",\"afterSuite\",\"afterSession\",\"after\",\"onComplete\",\"beforeAssertion\",\"afterAssertion\",\"beforeFeature\",\"beforeScenario\",\"beforeStep\",\"afterStep\",\"afterScenario\",\"afterFeature\",\"_\",\"suite\",\"$0\",\"ignoredWorkerServices\",\"wdi5\"]"}]}
COMMAND: POST /session/2d3f18d96ae83e7081695401c2e0fdda/execute/async - {"script":"<script> [21126 bytes]","args":[35000]}
RESULT: {"script":"<script> [21126 bytes]","args":[35000]}
]]></system-out>
    </testcase>
  </testsuite>
  <testsuite timestamp="2025-05-14T06:49:56" time="368.251" tests="3" failures="0" errors="0" skipped="0">
    <properties>
      <property name="specId" value="0" />
      <property name="suiteName" value="Process request items into new quotation US120163" />
      <property name="capabilities" value="chrome.136_0_7103_49.windows" />
      <property name="file" value="file:///D:/a/1/s/test/specs/R2C/process-request-items-into-new-quotation.spec.js" />
    </properties>
    <testcase classname="chrome.136_0_7103_49.windows.Process_request_items_into_new_quotation_US120163" name="Should create a new request with catalog items and plan it" time="223.97">
      <system-out><![CDATA[
COMMAND: POST /session/2d3f18d96ae83e7081695401c2e0fdda/execute/async - {"script":"<script> [1562 bytes]","args":[{"selector":{"controlType":"sap.m.GenericTile","properties":{"header":"Manage Requests"}},"wdio_ui5_key":"sapm.GenericTile{\"header\":\"Manage Requests\"}"}]}
RESULT: {"script":"<script> [1562 bytes]","args":[{"selector":{"controlType":"sap.m.GenericTile","properties":{"header":"Manage Requests"}},"wdio_ui5_key":"sapm.GenericTile{\"header\":\"Manage Requests\"}"}]}
RESULT: undefined
COMMAND: POST /session/2d3f18d96ae83e7081695401c2e0fdda/element - {"using":"xpath","value":"//*[@id=\"__tile47\"]"}
RESULT: {"using":"xpath","value":"//*[@id=\"__tile47\"]"}
COMMAND: POST /session/2d3f18d96ae83e7081695401c2e0fdda/element/f.3980C6CC6DC27C16253BC7A58143231A.d.EA88F2DBC01B0EF73BBA7CFC165EE8FB.e.10312/click - {}
RESULT: {}
COMMAND: GET /session/2d3f18d96ae83e7081695401c2e0fdda/screenshot - {}
RESULT: {}
COMMAND: POST /session/2d3f18d96ae83e7081695401c2e0fdda/elements - {"using":"xpath","value":"//span[text()='Error']"}
RESULT: {"using":"xpath","value":"//span[text()='Error']"}
COMMAND: POST /session/2d3f18d96ae83e7081695401c2e0fdda/element - {"using":"xpath","value":"//button[contains(@data-kt ,\"btnCreateNewOverflowToolbarButton\")]"}
COMMAND: POST /session/2d3f18d96ae83e7081695401c2e0fdda/element - {"using":"xpath","value":"(//span[contains(@class ,\"sapMObjStatusText\")])[1]"}
RESULT: {"using":"xpath","value":"//button[contains(@data-kt ,\"btnCreateNewOverflowToolbarButton\")]"}
COMMAND: POST /session/2d3f18d96ae83e7081695401c2e0fdda/element/f.3980C6CC6DC27C16253BC7A58143231A.d.EA88F2DBC01B0EF73BBA7CFC165EE8FB.e.10369/click - {}
RESULT: {"using":"xpath","value":"(//span[contains(@class ,\"sapMObjStatusText\")])[1]"}
COMMAND: POST /session/2d3f18d96ae83e7081695401c2e0fdda/execute/sync - {"script":"<script> [8489 bytes]","args":[{"element-6066-11e4-a52e-4f735466cecf":"f.3980C6CC6DC27C16253BC7A58143231A.d.EA88F2DBC01B0EF73BBA7CFC165EE8FB.e.10409","ELEMENT":"f.3980C6CC6DC27C16253BC7A58143231A.d.EA88F2DBC01B0EF73BBA7CFC165EE8FB.e.10409"}]}
RESULT: {}
COMMAND: GET /session/2d3f18d96ae83e7081695401c2e0fdda/screenshot - {}
COMMAND: POST /session/2d3f18d96ae83e7081695401c2e0fdda/element - {"using":"xpath","value":"(//span[contains(@class ,\"sapMObjStatusText\")])[1]"}
RESULT: {}
RESULT: {"using":"xpath","value":"(//span[contains(@class ,\"sapMObjStatusText\")])[1]"}
COMMAND: POST /session/2d3f18d96ae83e7081695401c2e0fdda/execute/sync - {"script":"<script> [8489 bytes]","args":[{"element-6066-11e4-a52e-4f735466cecf":"f.3980C6CC6DC27C16253BC7A58143231A.d.EA88F2DBC01B0EF73BBA7CFC165EE8FB.e.10669","ELEMENT":"f.3980C6CC6DC27C16253BC7A58143231A.d.EA88F2DBC01B0EF73BBA7CFC165EE8FB.e.10669"}]}
RESULT: {"script":"<script> [8489 bytes]","args":[{"element-6066-11e4-a52e-4f735466cecf":"f.3980C6CC6DC27C16253BC7A58143231A.d.EA88F2DBC01B0EF73BBA7CFC165EE8FB.e.10669","ELEMENT":"f.3980C6CC6DC27C16253BC7A58143231A.d.EA88F2DBC01B0EF73BBA7CFC165EE8FB.e.10669"}]}
COMMAND: GET /session/2d3f18d96ae83e7081695401c2e0fdda/screenshot - {}
RESULT: {}
COMMAND: POST /session/2d3f18d96ae83e7081695401c2e0fdda/element - {"using":"xpath","value":"//input[contains(@id ,\"yardId-inner\")]"}
RESULT: {"using":"xpath","value":"//input[contains(@id ,\"yardId-inner\")]"}
COMMAND: POST /session/2d3f18d96ae83e7081695401c2e0fdda/execute/sync - {"script":"<script> [8489 bytes]","args":[{"element-6066-11e4-a52e-4f735466cecf":"f.3980C6CC6DC27C16253BC7A58143231A.d.EA88F2DBC01B0EF73BBA7CFC165EE8FB.e.10493","ELEMENT":"f.3980C6CC6DC27C16253BC7A58143231A.d.EA88F2DBC01B0EF73BBA7CFC165EE8FB.e.10493"}]}
RESULT: {"script":"<script> [8489 bytes]","args":[{"element-6066-11e4-a52e-4f735466cecf":"f.3980C6CC6DC27C16253BC7A58143231A.d.EA88F2DBC01B0EF73BBA7CFC165EE8FB.e.10493","ELEMENT":"f.3980C6CC6DC27C16253BC7A58143231A.d.EA88F2DBC01B0EF73BBA7CFC165EE8FB.e.10493"}]}
COMMAND: POST /session/2d3f18d96ae83e7081695401c2e0fdda/element - {"using":"xpath","value":"//input[contains(@id ,\"yardId-inner\")]"}
COMMAND: GET /session/2d3f18d96ae83e7081695401c2e0fdda/screenshot - {}
RESULT: {"using":"xpath","value":"//input[contains(@id ,\"yardId-inner\")]"}
COMMAND: GET /session/2d3f18d96ae83e7081695401c2e0fdda/element/f.3980C6CC6DC27C16253BC7A58143231A.d.EA88F2DBC01B0EF73BBA7CFC165EE8FB.e.10493/enabled - {}
RESULT: {}
RESULT: {}
COMMAND: POST /session/2d3f18d96ae83e7081695401c2e0fdda/element/f.3980C6CC6DC27C16253BC7A58143231A.d.EA88F2DBC01B0EF73BBA7CFC165EE8FB.e.10493/clear - {}
RESULT: {}
COMMAND: POST /session/2d3f18d96ae83e7081695401c2e0fdda/element/f.3980C6CC6DC27C16253BC7A58143231A.d.EA88F2DBC01B0EF73BBA7CFC165EE8FB.e.10493/value - {"text":"WebdriverYard50w3qf"}
RESULT: {"text":"WebdriverYard50w3qf"}
COMMAND: GET /session/2d3f18d96ae83e7081695401c2e0fdda/screenshot - {}
COMMAND: GET /session/2d3f18d96ae83e7081695401c2e0fdda/screenshot - {}
COMMAND: GET /session/2d3f18d96ae83e7081695401c2e0fdda/screenshot - {}
RESULT: {}
COMMAND: POST /session/2d3f18d96ae83e7081695401c2e0fdda/element - {"using":"xpath","value":"//input[contains(@id ,\"customerNumber-inner\")]"}
RESULT: {}
RESULT: {}
RESULT: {"using":"xpath","value":"//input[contains(@id ,\"customerNumber-inner\")]"}
COMMAND: POST /session/2d3f18d96ae83e7081695401c2e0fdda/element/f.3980C6CC6DC27C16253BC7A58143231A.d.EA88F2DBC01B0EF73BBA7CFC165EE8FB.e.10489/value - {"text":"WebdriverPartnerpc8f5"}
RESULT: {"text":"WebdriverPartnerpc8f5"}
COMMAND: GET /session/2d3f18d96ae83e7081695401c2e0fdda/screenshot - {}
RESULT: {}
COMMAND: POST /session/2d3f18d96ae83e7081695401c2e0fdda/actions - {"actions":[{"id":"action78","type":"key","parameters":{},"actions":[{"type":"keyDown","value":"î€‡"},{"type":"pause","duration":10},{"type":"keyUp","value":"î€‡"}]}]}
RESULT: {"actions":[{"id":"action78","type":"key","parameters":{},"actions":[{"type":"keyDown","value":"î€‡"},{"type":"pause","duration":10},{"type":"keyUp","value":"î€‡"}]}]}
COMMAND: GET /session/2d3f18d96ae83e7081695401c2e0fdda/screenshot - {}
RESULT: {}
COMMAND: POST /session/2d3f18d96ae83e7081695401c2e0fdda/element/f.3980C6CC6DC27C16253BC7A58143231A.d.EA88F2DBC01B0EF73BBA7CFC165EE8FB.e.10493/clear - {}
RESULT: {}
COMMAND: POST /session/2d3f18d96ae83e7081695401c2e0fdda/element/f.3980C6CC6DC27C16253BC7A58143231A.d.EA88F2DBC01B0EF73BBA7CFC165EE8FB.e.10493/clear - {}
COMMAND: GET /session/2d3f18d96ae83e7081695401c2e0fdda/screenshot - {}
RESULT: {}
COMMAND: POST /session/2d3f18d96ae83e7081695401c2e0fdda/element/f.3980C6CC6DC27C16253BC7A58143231A.d.EA88F2DBC01B0EF73BBA7CFC165EE8FB.e.10493/value - {"text":"WebdriverYard50w3qf"}
COMMAND: GET /session/2d3f18d96ae83e7081695401c2e0fdda/screenshot - {}
RESULT: {}
COMMAND: POST /session/2d3f18d96ae83e7081695401c2e0fdda/actions - {"actions":[{"id":"action79","type":"key","parameters":{},"actions":[{"type":"keyDown","value":"î€‡"},{"type":"pause","duration":10},{"type":"keyUp","value":"î€‡"}]}]}
RESULT: {"text":"WebdriverYard50w3qf"}
COMMAND: GET /session/2d3f18d96ae83e7081695401c2e0fdda/screenshot - {}
RESULT: {}
RESULT: {"actions":[{"id":"action79","type":"key","parameters":{},"actions":[{"type":"keyDown","value":"î€‡"},{"type":"pause","duration":10},{"type":"keyUp","value":"î€‡"}]}]}
COMMAND: GET /session/2d3f18d96ae83e7081695401c2e0fdda/screenshot - {}
RESULT: {}
RESULT: {}
COMMAND: GET /session/2d3f18d96ae83e7081695401c2e0fdda/element/f.3980C6CC6DC27C16253BC7A58143231A.d.EA88F2DBC01B0EF73BBA7CFC165EE8FB.e.10489/property/value - {}
RESULT: {}
COMMAND: POST /session/2d3f18d96ae83e7081695401c2e0fdda/element - {"using":"xpath","value":"//input[contains(@id ,\"requestSiteId-inner\")]"}
COMMAND: GET /session/2d3f18d96ae83e7081695401c2e0fdda/screenshot - {}
RESULT: {}
RESULT: {"using":"xpath","value":"//input[contains(@id ,\"requestSiteId-inner\")]"}
COMMAND: POST /session/2d3f18d96ae83e7081695401c2e0fdda/element/f.3980C6CC6DC27C16253BC7A58143231A.d.EA88F2DBC01B0EF73BBA7CFC165EE8FB.e.10488/value - {"text":"WebdriverSite4jv9s"}
RESULT: {"text":"WebdriverSite4jv9s"}
COMMAND: GET /session/2d3f18d96ae83e7081695401c2e0fdda/screenshot - {}
COMMAND: POST /session/2d3f18d96ae83e7081695401c2e0fdda/actions - {"actions":[{"id":"action80","type":"key","parameters":{},"actions":[{"type":"keyDown","value":"î€‡"},{"type":"pause","duration":10},{"type":"keyUp","value":"î€‡"}]}]}
RESULT: {}
RESULT: {"actions":[{"id":"action80","type":"key","parameters":{},"actions":[{"type":"keyDown","value":"î€‡"},{"type":"pause","duration":10},{"type":"keyUp","value":"î€‡"}]}]}
COMMAND: GET /session/2d3f18d96ae83e7081695401c2e0fdda/screenshot - {}
RESULT: {}
COMMAND: POST /session/2d3f18d96ae83e7081695401c2e0fdda/actions - {"actions":[{"id":"action81","type":"key","parameters":{},"actions":[{"type":"keyDown","value":"î€‡"},{"type":"pause","duration":10},{"type":"keyUp","value":"î€‡"}]}]}
RESULT: {"actions":[{"id":"action81","type":"key","parameters":{},"actions":[{"type":"keyDown","value":"î€‡"},{"type":"pause","duration":10},{"type":"keyUp","value":"î€‡"}]}]}
COMMAND: GET /session/2d3f18d96ae83e7081695401c2e0fdda/screenshot - {}
RESULT: {}
COMMAND: POST /session/2d3f18d96ae83e7081695401c2e0fdda/element - {"using":"xpath","value":"//button[contains(@data-kt ,\"requestItemAddOverflowToolbarButton\")]"}
RESULT: {"using":"xpath","value":"//button[contains(@data-kt ,\"requestItemAddOverflowToolbarButton\")]"}
COMMAND: POST /session/2d3f18d96ae83e7081695401c2e0fdda/element/f.3980C6CC6DC27C16253BC7A58143231A.d.EA88F2DBC01B0EF73BBA7CFC165EE8FB.e.10679/click - {}
RESULT: {}
COMMAND: GET /session/2d3f18d96ae83e7081695401c2e0fdda/screenshot - {}
RESULT: {}
COMMAND: POST /session/2d3f18d96ae83e7081695401c2e0fdda/actions - {"actions":[{"id":"action82","type":"key","parameters":{},"actions":[{"type":"keyDown","value":"î€•"},{"type":"pause","duration":10},{"type":"keyUp","value":"î€•"}]}]}
RESULT: {"actions":[{"id":"action82","type":"key","parameters":{},"actions":[{"type":"keyDown","value":"î€•"},{"type":"pause","duration":10},{"type":"keyUp","value":"î€•"}]}]}
COMMAND: POST /session/2d3f18d96ae83e7081695401c2e0fdda/actions - {"actions":[{"id":"action83","type":"key","parameters":{},"actions":[{"type":"keyDown","value":"î€‡"},{"type":"pause","duration":10},{"type":"keyUp","value":"î€‡"}]}]}
COMMAND: GET /session/2d3f18d96ae83e7081695401c2e0fdda/screenshot - {}
RESULT: {"actions":[{"id":"action83","type":"key","parameters":{},"actions":[{"type":"keyDown","value":"î€‡"},{"type":"pause","duration":10},{"type":"keyUp","value":"î€‡"}]}]}
COMMAND: GET /session/2d3f18d96ae83e7081695401c2e0fdda/screenshot - {}
RESULT: {}
RESULT: {}
COMMAND: POST /session/2d3f18d96ae83e7081695401c2e0fdda/element - {"using":"xpath","value":"(//input[contains(@id ,\"requestItemsTable-0-inner\")])[1]"}
RESULT: {"using":"xpath","value":"(//input[contains(@id ,\"requestItemsTable-0-inner\")])[1]"}
COMMAND: POST /session/2d3f18d96ae83e7081695401c2e0fdda/element/f.3980C6CC6DC27C16253BC7A58143231A.d.EA88F2DBC01B0EF73BBA7CFC165EE8FB.e.10683/clear - {}
RESULT: {}
COMMAND: POST /session/2d3f18d96ae83e7081695401c2e0fdda/element/f.3980C6CC6DC27C16253BC7A58143231A.d.EA88F2DBC01B0EF73BBA7CFC165EE8FB.e.10683/value - {"text":"catalogItem9gnqaj"}
COMMAND: GET /session/2d3f18d96ae83e7081695401c2e0fdda/screenshot - {}
RESULT: {"text":"catalogItem9gnqaj"}
COMMAND: GET /session/2d3f18d96ae83e7081695401c2e0fdda/screenshot - {}
RESULT: {}
RESULT: {}
COMMAND: POST /session/2d3f18d96ae83e7081695401c2e0fdda/actions - {"actions":[{"id":"action84","type":"key","parameters":{},"actions":[{"type":"keyDown","value":"î€‡"},{"type":"pause","duration":10},{"type":"keyUp","value":"î€‡"}]}]}
RESULT: {"actions":[{"id":"action84","type":"key","parameters":{},"actions":[{"type":"keyDown","value":"î€‡"},{"type":"pause","duration":10},{"type":"keyUp","value":"î€‡"}]}]}
COMMAND: GET /session/2d3f18d96ae83e7081695401c2e0fdda/screenshot - {}
RESULT: {}
COMMAND: POST /session/2d3f18d96ae83e7081695401c2e0fdda/execute/async - {"script":"<script> [1562 bytes]","args":[{"selector":{"controlType":"sap.ui.core.Icon","viewName":"etm.portal.ui.managerequests.view.NewRequest","properties":{"src":{"regex":{"source":"slim\\-arrow\\-down"}}},"ancestor":{"controlType":"sap.m.Button","viewName":"etm.portal.ui.managerequests.view.NewRequest","properties":{"icon":"sap-icon://slim-arrow-down"}}},"wdio_ui5_key":"etmportal.ui.managerequests.view.NewRequestsap.ui.core.Icon{\"src\":{\"regex\":{\"source\":\"slim\\\\-arrow\\\\-down\"}}}{\"controlType\":\"sap.m.Button\",\"viewName\":\"etm.portal.ui.managerequests.view.NewRequest\",\"properties\":{\"icon\":\"sap-icon://slim-arrow-down\"}}"}]}
RESULT: {"script":"<script> [1562 bytes]","args":[{"selector":{"controlType":"sap.ui.core.Icon","viewName":"etm.portal.ui.managerequests.view.NewRequest","properties":{"src":{"regex":{"source":"slim\\-arrow\\-down"}}},"ancestor":{"controlType":"sap.m.Button","viewName":"etm.portal.ui.managerequests.view.NewRequest","properties":{"icon":"sap-icon://slim-arrow-down"}}},"wdio_ui5_key":"etmportal.ui.managerequests.view.NewRequestsap.ui.core.Icon{\"src\":{\"regex\":{\"source\":\"slim\\\\-arrow\\\\-down\"}}}{\"controlType\":\"sap.m.Button\",\"viewName\":\"etm.portal.ui.managerequests.view.NewRequest\",\"properties\":{\"icon\":\"sap-icon://slim-arrow-down\"}}"}]}
RESULT: undefined
COMMAND: POST /session/2d3f18d96ae83e7081695401c2e0fdda/element - {"using":"xpath","value":"//div[contains(@data-kt ,\"splitAllocationObjectStatus\")]"}
RESULT: {"using":"xpath","value":"//div[contains(@data-kt ,\"splitAllocationObjectStatus\")]"}
COMMAND: POST /session/2d3f18d96ae83e7081695401c2e0fdda/elements - {"using":"xpath","value":"//div[contains(@data-kt ,\"splitAllocationObjectStatus\")]"}
RESULT: {"using":"xpath","value":"//div[contains(@data-kt ,\"splitAllocationObjectStatus\")]"}
COMMAND: POST /session/2d3f18d96ae83e7081695401c2e0fdda/execute/async - {"script":"<script> [1562 bytes]","args":[{"selector":{"controlType":"sap.ui.core.Icon","viewName":"etm.portal.ui.managerequests.view.NewRequest","properties":{"src":{"regex":{"source":"message\\-error"}}}},"wdio_ui5_key":"etmportal.ui.managerequests.view.NewRequestsap.ui.core.Icon{\"src\":{\"regex\":{\"source\":\"message\\\\-error\"}}}"}]}
RESULT: {"script":"<script> [1562 bytes]","args":[{"selector":{"controlType":"sap.ui.core.Icon","viewName":"etm.portal.ui.managerequests.view.NewRequest","properties":{"src":{"regex":{"source":"message\\-error"}}}},"wdio_ui5_key":"etmportal.ui.managerequests.view.NewRequestsap.ui.core.Icon{\"src\":{\"regex\":{\"source\":\"message\\\\-error\"}}}"}]}
RESULT: undefined
COMMAND: POST /session/2d3f18d96ae83e7081695401c2e0fdda/element - {"using":"xpath","value":"//*[@id=\"__status4-__xmlview59--requestItemsTable-0-icon\"]"}
RESULT: {"using":"xpath","value":"//*[@id=\"__status4-__xmlview59--requestItemsTable-0-icon\"]"}
COMMAND: POST /session/2d3f18d96ae83e7081695401c2e0fdda/element/f.3980C6CC6DC27C16253BC7A58143231A.d.EA88F2DBC01B0EF73BBA7CFC165EE8FB.e.10697/click - {}
RESULT: {}
COMMAND: POST /session/2d3f18d96ae83e7081695401c2e0fdda/execute/async - {"script":"<script> [1562 bytes]","args":[{"selector":{"controlType":"sap.ui.core.Icon","viewName":"etm.portal.ui.managerequests.view.NewRequest","properties":{"src":{"regex":{"source":"slim\\-arrow\\-down"}}},"searchOpenDialogs":true,"ancestor":{"id":"costObjectAdminTypeComboBox","viewName":"etm.portal.ui.managerequests.view.NewRequest","searchOpenDialogs":true}},"wdio_ui5_key":"etmportal.ui.managerequests.view.NewRequestsap.ui.core.Icon{\"src\":{\"regex\":{\"source\":\"slim\\\\-arrow\\\\-down\"}}}{\"id\":\"costObjectAdminTypeComboBox\",\"viewName\":\"etm.portal.ui.managerequests.view.NewRequest\",\"searchOpenDialogs\":true}"}]}
COMMAND: GET /session/2d3f18d96ae83e7081695401c2e0fdda/screenshot - {}
RESULT: {"script":"<script> [1562 bytes]","args":[{"selector":{"controlType":"sap.ui.core.Icon","viewName":"etm.portal.ui.managerequests.view.NewRequest","properties":{"src":{"regex":{"source":"slim\\-arrow\\-down"}}},"searchOpenDialogs":true,"ancestor":{"id":"costObjectAdminTypeComboBox","viewName":"etm.portal.ui.managerequests.view.NewRequest","searchOpenDialogs":true}},"wdio_ui5_key":"etmportal.ui.managerequests.view.NewRequestsap.ui.core.Icon{\"src\":{\"regex\":{\"source\":\"slim\\\\-arrow\\\\-down\"}}}{\"id\":\"costObjectAdminTypeComboBox\",\"viewName\":\"etm.portal.ui.managerequests.view.NewRequest\",\"searchOpenDialogs\":true}"}]}
RESULT: undefined
COMMAND: POST /session/2d3f18d96ae83e7081695401c2e0fdda/element - {"using":"xpath","value":"//*[@id=\"__xmlview59--costObjectAdminTypeComboBox-arrow\"]"}
RESULT: {}
RESULT: {"using":"xpath","value":"//*[@id=\"__xmlview59--costObjectAdminTypeComboBox-arrow\"]"}
COMMAND: POST /session/2d3f18d96ae83e7081695401c2e0fdda/element/f.3980C6CC6DC27C16253BC7A58143231A.d.EA88F2DBC01B0EF73BBA7CFC165EE8FB.e.10701/click - {}
RESULT: {}
COMMAND: POST /session/2d3f18d96ae83e7081695401c2e0fdda/execute/async - {"script":"<script> [1562 bytes]","args":[{"selector":{"controlType":"sap.m.StandardListItem","viewName":"etm.portal.ui.managerequests.view.NewRequest","properties":{"title":"Cost Center"},"searchOpenDialogs":true,"interaction":{"idSuffix":"titleText"}},"wdio_ui5_key":"etmportal.ui.managerequests.view.NewRequestsap.m.StandardListItem{\"title\":\"Cost Center\"}"}]}
COMMAND: GET /session/2d3f18d96ae83e7081695401c2e0fdda/screenshot - {}
RESULT: {"script":"<script> [1562 bytes]","args":[{"selector":{"controlType":"sap.m.StandardListItem","viewName":"etm.portal.ui.managerequests.view.NewRequest","properties":{"title":"Cost Center"},"searchOpenDialogs":true,"interaction":{"idSuffix":"titleText"}},"wdio_ui5_key":"etmportal.ui.managerequests.view.NewRequestsap.m.StandardListItem{\"title\":\"Cost Center\"}"}]}
RESULT: undefined
COMMAND: POST /session/2d3f18d96ae83e7081695401c2e0fdda/element - {"using":"xpath","value":"//*[@id=\"__item483\"]"}
RESULT: {}
RESULT: {"using":"xpath","value":"//*[@id=\"__item483\"]"}
COMMAND: POST /session/2d3f18d96ae83e7081695401c2e0fdda/element/f.3980C6CC6DC27C16253BC7A58143231A.d.EA88F2DBC01B0EF73BBA7CFC165EE8FB.e.10704/click - {}
RESULT: {}
COMMAND: GET /session/2d3f18d96ae83e7081695401c2e0fdda/screenshot - {}
RESULT: {}
COMMAND: POST /session/2d3f18d96ae83e7081695401c2e0fdda/execute/async - {"script":"<script> [1562 bytes]","args":[{"selector":{"controlType":"sap.ui.core.Icon","viewName":"etm.portal.ui.managerequests.view.NewRequest","properties":{"src":{"regex":{"source":"value\\-help"}}},"searchOpenDialogs":true},"wdio_ui5_key":"etmportal.ui.managerequests.view.NewRequestsap.ui.core.Icon{\"src\":{\"regex\":{\"source\":\"value\\\\-help\"}}}"}]}
RESULT: {"script":"<script> [1562 bytes]","args":[{"selector":{"controlType":"sap.ui.core.Icon","viewName":"etm.portal.ui.managerequests.view.NewRequest","properties":{"src":{"regex":{"source":"value\\-help"}}},"searchOpenDialogs":true},"wdio_ui5_key":"etmportal.ui.managerequests.view.NewRequestsap.ui.core.Icon{\"src\":{\"regex\":{\"source\":\"value\\\\-help\"}}}"}]}
RESULT: undefined
COMMAND: POST /session/2d3f18d96ae83e7081695401c2e0fdda/element - {"using":"xpath","value":"//*[@id=\"__xmlview59--costObjectIdComboBox-vhi\"]"}
RESULT: {"using":"xpath","value":"//*[@id=\"__xmlview59--costObjectIdComboBox-vhi\"]"}
COMMAND: POST /session/2d3f18d96ae83e7081695401c2e0fdda/element/f.3980C6CC6DC27C16253BC7A58143231A.d.EA88F2DBC01B0EF73BBA7CFC165EE8FB.e.10711/click - {}
RESULT: {}
COMMAND: POST /session/2d3f18d96ae83e7081695401c2e0fdda/execute/async - {"script":"<script> [1562 bytes]","args":[{"selector":{"controlType":"sap.m.SearchField","properties":{"placeholder":"Search"},"searchOpenDialogs":true,"interaction":{"idSuffix":"I"}},"wdio_ui5_key":"sapm.SearchField{\"placeholder\":\"Search\"}"}]}
COMMAND: GET /session/2d3f18d96ae83e7081695401c2e0fdda/screenshot - {}
RESULT: {"script":"<script> [1562 bytes]","args":[{"selector":{"controlType":"sap.m.SearchField","properties":{"placeholder":"Search"},"searchOpenDialogs":true,"interaction":{"idSuffix":"I"}},"wdio_ui5_key":"sapm.SearchField{\"placeholder\":\"Search\"}"}]}
RESULT: undefined
COMMAND: POST /session/2d3f18d96ae83e7081695401c2e0fdda/execute/async - {"script":"<script> [776 bytes]","args":[{"enterText":"10001010","selector":{"controlType":"sap.m.SearchField","properties":{"placeholder":"Search"},"searchOpenDialogs":true,"interaction":{"idSuffix":"I"}},"clearTextFirst":true,"interactionType":"ENTER_TEXT"}]}
RESULT: {}
RESULT: {"script":"<script> [776 bytes]","args":[{"enterText":"10001010","selector":{"controlType":"sap.m.SearchField","properties":{"placeholder":"Search"},"searchOpenDialogs":true,"interaction":{"idSuffix":"I"}},"clearTextFirst":true,"interactionType":"ENTER_TEXT"}]}
COMMAND: POST /session/2d3f18d96ae83e7081695401c2e0fdda/actions - {"actions":[{"id":"action85","type":"key","parameters":{},"actions":[{"type":"keyDown","value":"î€‡"},{"type":"pause","duration":10},{"type":"keyUp","value":"î€‡"}]}]}
RESULT: {"actions":[{"id":"action85","type":"key","parameters":{},"actions":[{"type":"keyDown","value":"î€‡"},{"type":"pause","duration":10},{"type":"keyUp","value":"î€‡"}]}]}
COMMAND: GET /session/2d3f18d96ae83e7081695401c2e0fdda/screenshot - {}
RESULT: {}
COMMAND: POST /session/2d3f18d96ae83e7081695401c2e0fdda/execute/async - {"script":"<script> [1562 bytes]","args":[{"selector":{"controlType":"sap.m.Text","bindingPath":{"path":"/C_CostCtrValueHelp(CostCenter='10001010',ControllingArea='Z001')","propertyPath":"CostCenterName","modelName":"CostCenterModel"},"searchOpenDialogs":true},"wdio_ui5_key":"sapm.Text{\"path\":\"/C_CostCtrValueHelp(CostCenter='10001010',ControllingArea='Z001')\",\"propertyPath\":\"CostCenterName\",\"modelName\":\"CostCenterModel\"}"}]}
RESULT: {"script":"<script> [1562 bytes]","args":[{"selector":{"controlType":"sap.m.Text","bindingPath":{"path":"/C_CostCtrValueHelp(CostCenter='10001010',ControllingArea='Z001')","propertyPath":"CostCenterName","modelName":"CostCenterModel"},"searchOpenDialogs":true},"wdio_ui5_key":"sapm.Text{\"path\":\"/C_CostCtrValueHelp(CostCenter='10001010',ControllingArea='Z001')\",\"propertyPath\":\"CostCenterName\",\"modelName\":\"CostCenterModel\"}"}]}
RESULT: undefined
COMMAND: POST /session/2d3f18d96ae83e7081695401c2e0fdda/element - {"using":"xpath","value":"//*[@id=\"__text287-__clone625\"]"}
RESULT: {"using":"xpath","value":"//*[@id=\"__text287-__clone625\"]"}
COMMAND: POST /session/2d3f18d96ae83e7081695401c2e0fdda/element/f.3980C6CC6DC27C16253BC7A58143231A.d.EA88F2DBC01B0EF73BBA7CFC165EE8FB.e.10751/click - {}
RESULT: {}
COMMAND: POST /session/2d3f18d96ae83e7081695401c2e0fdda/execute/async - {"script":"<script> [1562 bytes]","args":[{"selector":{"controlType":"sap.m.Button","properties":{"text":"OK"},"searchOpenDialogs":true,"interaction":{"idSuffix":"BDI-content"}},"wdio_ui5_key":"sapm.Button{\"text\":\"OK\"}"}]}
COMMAND: GET /session/2d3f18d96ae83e7081695401c2e0fdda/screenshot - {}
RESULT: {"script":"<script> [1562 bytes]","args":[{"selector":{"controlType":"sap.m.Button","properties":{"text":"OK"},"searchOpenDialogs":true,"interaction":{"idSuffix":"BDI-content"}},"wdio_ui5_key":"sapm.Button{\"text\":\"OK\"}"}]}
RESULT: undefined
COMMAND: POST /session/2d3f18d96ae83e7081695401c2e0fdda/element - {"using":"xpath","value":"//*[@id=\"__dialog1-ok\"]"}
RESULT: {}
RESULT: {"using":"xpath","value":"//*[@id=\"__dialog1-ok\"]"}
COMMAND: POST /session/2d3f18d96ae83e7081695401c2e0fdda/element/f.3980C6CC6DC27C16253BC7A58143231A.d.EA88F2DBC01B0EF73BBA7CFC165EE8FB.e.10753/click - {}
RESULT: {}
COMMAND: GET /session/2d3f18d96ae83e7081695401c2e0fdda/screenshot - {}
RESULT: {}
COMMAND: POST /session/2d3f18d96ae83e7081695401c2e0fdda/execute/async - {"script":"<script> [1562 bytes]","args":[{"selector":{"controlType":"sap.m.Button","viewName":"etm.portal.ui.managerequests.view.NewRequest","i18NText":{"propertyName":"text","key":"save"},"searchOpenDialogs":true,"interaction":{"idSuffix":"BDI-content"}},"wdio_ui5_key":"etmportal.ui.managerequests.view.NewRequestsap.m.Button{\"propertyName\":\"text\",\"key\":\"save\"}"}]}
RESULT: {"script":"<script> [1562 bytes]","args":[{"selector":{"controlType":"sap.m.Button","viewName":"etm.portal.ui.managerequests.view.NewRequest","i18NText":{"propertyName":"text","key":"save"},"searchOpenDialogs":true,"interaction":{"idSuffix":"BDI-content"}},"wdio_ui5_key":"etmportal.ui.managerequests.view.NewRequestsap.m.Button{\"propertyName\":\"text\",\"key\":\"save\"}"}]}
RESULT: undefined
COMMAND: POST /session/2d3f18d96ae83e7081695401c2e0fdda/element - {"using":"xpath","value":"//*[@id=\"__button22\"]"}
RESULT: {"using":"xpath","value":"//*[@id=\"__button22\"]"}
COMMAND: POST /session/2d3f18d96ae83e7081695401c2e0fdda/element/f.3980C6CC6DC27C16253BC7A58143231A.d.EA88F2DBC01B0EF73BBA7CFC165EE8FB.e.10757/click - {}
RESULT: {}
COMMAND: GET /session/2d3f18d96ae83e7081695401c2e0fdda/screenshot - {}
RESULT: {}
COMMAND: POST /session/2d3f18d96ae83e7081695401c2e0fdda/element - {"using":"xpath","value":"(//bdi[contains(text() ,\"Save\")])[1]"}
RESULT: {"using":"xpath","value":"(//bdi[contains(text() ,\"Save\")])[1]"}
COMMAND: POST /session/2d3f18d96ae83e7081695401c2e0fdda/element/f.3980C6CC6DC27C16253BC7A58143231A.d.EA88F2DBC01B0EF73BBA7CFC165EE8FB.e.10760/click - {}
RESULT: {}
COMMAND: GET /session/2d3f18d96ae83e7081695401c2e0fdda/screenshot - {}
RESULT: {}
COMMAND: POST /session/2d3f18d96ae83e7081695401c2e0fdda/execute/async - {"script":"<script> [1562 bytes]","args":[{"selector":{"controlType":"sap.m.Title","properties":{"text":"Success"},"searchOpenDialogs":true},"wdio_ui5_key":"sapm.Title{\"text\":\"Success\"}"}]}
RESULT: {"script":"<script> [1562 bytes]","args":[{"selector":{"controlType":"sap.m.Title","properties":{"text":"Success"},"searchOpenDialogs":true},"wdio_ui5_key":"sapm.Title{\"text\":\"Success\"}"}]}
RESULT: undefined
COMMAND: POST /session/2d3f18d96ae83e7081695401c2e0fdda/execute/async - {"script":"<script> [6424 bytes]","args":[{"element-6066-11e4-a52e-4f735466cecf":"f.3980C6CC6DC27C16253BC7A58143231A.d.EA88F2DBC01B0EF73BBA7CFC165EE8FB.e.10763"},"getText",[]]}
RESULT: {"script":"<script> [6424 bytes]","args":[{"element-6066-11e4-a52e-4f735466cecf":"f.3980C6CC6DC27C16253BC7A58143231A.d.EA88F2DBC01B0EF73BBA7CFC165EE8FB.e.10763"},"getText",[]]}
COMMAND: POST /session/2d3f18d96ae83e7081695401c2e0fdda/execute/async - {"script":"<script> [1562 bytes]","args":[{"selector":{"controlType":"sap.m.Button","properties":{"text":"Close"},"searchOpenDialogs":true,"interaction":{"idSuffix":"BDI-content"}},"wdio_ui5_key":"sapm.Button{\"text\":\"Close\"}"}]}
RESULT: {"script":"<script> [1562 bytes]","args":[{"selector":{"controlType":"sap.m.Button","properties":{"text":"Close"},"searchOpenDialogs":true,"interaction":{"idSuffix":"BDI-content"}},"wdio_ui5_key":"sapm.Button{\"text\":\"Close\"}"}]}
RESULT: undefined
COMMAND: POST /session/2d3f18d96ae83e7081695401c2e0fdda/element - {"using":"xpath","value":"//*[@id=\"__mbox-btn-0\"]"}
RESULT: {"using":"xpath","value":"//*[@id=\"__mbox-btn-0\"]"}
COMMAND: POST /session/2d3f18d96ae83e7081695401c2e0fdda/element/f.3980C6CC6DC27C16253BC7A58143231A.d.EA88F2DBC01B0EF73BBA7CFC165EE8FB.e.10762/click - {}
RESULT: {}
COMMAND: GET /session/2d3f18d96ae83e7081695401c2e0fdda/screenshot - {}
RESULT: {}
COMMAND: POST /session/2d3f18d96ae83e7081695401c2e0fdda/execute/async - {"script":"<script> [1562 bytes]","args":[{"selector":{"controlType":"sap.m.Text","viewName":"etm.portal.ui.managerequests.view.Detail","bindingPath":{"propertyPath":"NO","modelName":"catalogModel"}},"wdio_ui5_key":"etmportal.ui.managerequests.view.Detailsap.m.Text{\"propertyPath\":\"NO\",\"modelName\":\"catalogModel\"}"}]}
RESULT: {"script":"<script> [1562 bytes]","args":[{"selector":{"controlType":"sap.m.Text","viewName":"etm.portal.ui.managerequests.view.Detail","bindingPath":{"propertyPath":"NO","modelName":"catalogModel"}},"wdio_ui5_key":"etmportal.ui.managerequests.view.Detailsap.m.Text{\"propertyPath\":\"NO\",\"modelName\":\"catalogModel\"}"}]}
RESULT: undefined
COMMAND: POST /session/2d3f18d96ae83e7081695401c2e0fdda/execute/async - {"script":"<script> [6424 bytes]","args":[{"element-6066-11e4-a52e-4f735466cecf":"f.3980C6CC6DC27C16253BC7A58143231A.d.EA88F2DBC01B0EF73BBA7CFC165EE8FB.e.10891"},"getText",[]]}
RESULT: {"script":"<script> [6424 bytes]","args":[{"element-6066-11e4-a52e-4f735466cecf":"f.3980C6CC6DC27C16253BC7A58143231A.d.EA88F2DBC01B0EF73BBA7CFC165EE8FB.e.10891"},"getText",[]]}
COMMAND: POST /session/2d3f18d96ae83e7081695401c2e0fdda/execute/async - {"script":"<script> [1562 bytes]","args":[{"selector":{"controlType":"sap.ui.core.Icon","viewName":"etm.portal.ui.managerequests.view.Detail","properties":{"src":{"regex":{"source":"date\\-time"}}},"ancestor":{"controlType":"sap.m.ColumnListItem","viewName":"etm.portal.ui.managerequests.view.Detail","bindingPath":{"path":"/SmartRequestItemsPlanningBoard(ITEM=10m,REQUEST='20091')"},"ancestor":{"id":"requestItemsTable","viewName":"etm.portal.ui.managerequests.view.Detail"}}},"wdio_ui5_key":"etmportal.ui.managerequests.view.Detailsap.ui.core.Icon{\"src\":{\"regex\":{\"source\":\"date\\\\-time\"}}}{\"controlType\":\"sap.m.ColumnListItem\",\"viewName\":\"etm.portal.ui.managerequests.view.Detail\",\"bindingPath\":{\"path\":\"/SmartRequestItemsPlanningBoard(ITEM=10m,REQUEST='20091')\"},\"ancestor\":{\"id\":\"requestItemsTable\",\"viewName\":\"etm.portal.ui.managerequests.view.Detail\"}}"}]}
RESULT: {"script":"<script> [1562 bytes]","args":[{"selector":{"controlType":"sap.ui.core.Icon","viewName":"etm.portal.ui.managerequests.view.Detail","properties":{"src":{"regex":{"source":"date\\-time"}}},"ancestor":{"controlType":"sap.m.ColumnListItem","viewName":"etm.portal.ui.managerequests.view.Detail","bindingPath":{"path":"/SmartRequestItemsPlanningBoard(ITEM=10m,REQUEST='20091')"},"ancestor":{"id":"requestItemsTable","viewName":"etm.portal.ui.managerequests.view.Detail"}}},"wdio_ui5_key":"etmportal.ui.managerequests.view.Detailsap.ui.core.Icon{\"src\":{\"regex\":{\"source\":\"date\\\\-time\"}}}{\"controlType\":\"sap.m.ColumnListItem\",\"viewName\":\"etm.portal.ui.managerequests.view.Detail\",\"bindingPath\":{\"path\":\"/SmartRequestItemsPlanningBoard(ITEM=10m,REQUEST='20091')\"},\"ancestor\":{\"id\":\"requestItemsTable\",\"viewName\":\"etm.portal.ui.managerequests.view.Detail\"}}"}]}
RESULT: undefined
COMMAND: POST /session/2d3f18d96ae83e7081695401c2e0fdda/element - {"using":"xpath","value":"//*[@id=\"__button37-__clone664-img\"]"}
RESULT: {"using":"xpath","value":"//*[@id=\"__button37-__clone664-img\"]"}
COMMAND: POST /session/2d3f18d96ae83e7081695401c2e0fdda/element/f.3980C6CC6DC27C16253BC7A58143231A.d.EA88F2DBC01B0EF73BBA7CFC165EE8FB.e.10892/click - {}
RESULT: {}
COMMAND: POST /session/2d3f18d96ae83e7081695401c2e0fdda/execute/async - {"script":"<script> [1562 bytes]","args":[{"selector":{"controlType":"sap.m.Button","viewName":"etm.portal.ui.managerequests.view.Detail","properties":{"text":"Close"},"searchOpenDialogs":true,"interaction":{"idSuffix":"BDI-content"}},"wdio_ui5_key":"etmportal.ui.managerequests.view.Detailsap.m.Button{\"text\":\"Close\"}"}]}
COMMAND: GET /session/2d3f18d96ae83e7081695401c2e0fdda/screenshot - {}
RESULT: {"script":"<script> [1562 bytes]","args":[{"selector":{"controlType":"sap.m.Button","viewName":"etm.portal.ui.managerequests.view.Detail","properties":{"text":"Close"},"searchOpenDialogs":true,"interaction":{"idSuffix":"BDI-content"}},"wdio_ui5_key":"etmportal.ui.managerequests.view.Detailsap.m.Button{\"text\":\"Close\"}"}]}
RESULT: undefined
COMMAND: POST /session/2d3f18d96ae83e7081695401c2e0fdda/element - {"using":"xpath","value":"//*[@id=\"__button45\"]"}
RESULT: {}
RESULT: {"using":"xpath","value":"//*[@id=\"__button45\"]"}
COMMAND: POST /session/2d3f18d96ae83e7081695401c2e0fdda/element/f.3980C6CC6DC27C16253BC7A58143231A.d.EA88F2DBC01B0EF73BBA7CFC165EE8FB.e.10895/click - {}
RESULT: {}
COMMAND: POST /session/2d3f18d96ae83e7081695401c2e0fdda/refresh - {}
COMMAND: GET /session/2d3f18d96ae83e7081695401c2e0fdda/screenshot - {}
RESULT: {}
COMMAND: GET /session/2d3f18d96ae83e7081695401c2e0fdda/screenshot - {}
RESULT: {}
RESULT: {}
COMMAND: POST /session/2d3f18d96ae83e7081695401c2e0fdda/execute/async - {"script":"<script> [189 bytes]","args":[]}
RESULT: {"script":"<script> [189 bytes]","args":[]}
COMMAND: POST /session/2d3f18d96ae83e7081695401c2e0fdda/execute/async - {"script":"<script> [123 bytes]","args":[]}
RESULT: {"script":"<script> [123 bytes]","args":[]}
COMMAND: POST /session/2d3f18d96ae83e7081695401c2e0fdda/timeouts - {"script":"<number>"}
RESULT: {"script":"<number>"}
COMMAND: GET /session/2d3f18d96ae83e7081695401c2e0fdda/timeouts - {}
RESULT: {}
RESULT: undefined
COMMAND: POST /session/2d3f18d96ae83e7081695401c2e0fdda/execute/async - {"script":"<script> [2676 bytes]","args":[]}
RESULT: {"script":"<script> [2676 bytes]","args":[]}
COMMAND: POST /session/2d3f18d96ae83e7081695401c2e0fdda/execute/async - {"script":"<script> [2342 bytes]","args":[{"protocol":"http","hostname":"0.0.0.0","path":"/","capabilities":{"browserName":"chrome","goog:chromeOptions":{"binary":"C:\\Program Files\\Google\\Chrome\\Application\\chrome.exe","args":["--start-maximized"]}},"logLevel":"warn","connectionRetryTimeout":120000,"connectionRetryCount":3,"logLevels":{},"enableDirectConnect":true,"strictSSL":true,"_":"65 more keys: [\"cacheDir\",\"port\",\"requestedCapabilities\",\"automationProtocol\",\"baseUrl\",\"waitforInterval\",\"waitforTimeout\",\"onReload\",\"beforeCommand\",\"afterCommand\",\"rootDir\",\"specs\",\"suites\",\"exclude\",\"groupLogsByTestSpec\",\"excludeDriverLogs\",\"bail\",\"framework\",\"reporters\",\"services\",\"maxInstances\",\"maxInstancesPerCapability\",\"injectGlobals\",\"filesToWatch\",\"execArgv\",\"runnerEnv\",\"runner\",\"shard\",\"specFileRetries\",\"specFileRetriesDelay\",\"specFileRetriesDeferred\",\"reporterSyncInterval\",\"reporterSyncTimeout\",\"cucumberFeaturesWithLineNumbers\",\"autoCompileOpts\",\"mochaOpts\",\"jasmineOpts\",\"cucumberOpts\",\"onPrepare\",\"onWorkerStart\",\"onWorkerEnd\",\"before\",\"beforeSession\",\"beforeSuite\",\"beforeHook\",\"beforeTest\",\"afterTest\",\"afterHook\",\"afterSuite\",\"afterSession\",\"after\",\"onComplete\",\"beforeAssertion\",\"afterAssertion\",\"beforeFeature\",\"beforeScenario\",\"beforeStep\",\"afterStep\",\"afterScenario\",\"afterFeature\",\"_\",\"suite\",\"$0\",\"ignoredWorkerServices\",\"wdi5\"]"}]}
RESULT: {"script":"<script> [2342 bytes]","args":[{"protocol":"http","hostname":"0.0.0.0","path":"/","capabilities":{"browserName":"chrome","goog:chromeOptions":{"binary":"C:\\Program Files\\Google\\Chrome\\Application\\chrome.exe","args":["--start-maximized"]}},"logLevel":"warn","connectionRetryTimeout":120000,"connectionRetryCount":3,"logLevels":{},"enableDirectConnect":true,"strictSSL":true,"_":"65 more keys: [\"cacheDir\",\"port\",\"requestedCapabilities\",\"automationProtocol\",\"baseUrl\",\"waitforInterval\",\"waitforTimeout\",\"onReload\",\"beforeCommand\",\"afterCommand\",\"rootDir\",\"specs\",\"suites\",\"exclude\",\"groupLogsByTestSpec\",\"excludeDriverLogs\",\"bail\",\"framework\",\"reporters\",\"services\",\"maxInstances\",\"maxInstancesPerCapability\",\"injectGlobals\",\"filesToWatch\",\"execArgv\",\"runnerEnv\",\"runner\",\"shard\",\"specFileRetries\",\"specFileRetriesDelay\",\"specFileRetriesDeferred\",\"reporterSyncInterval\",\"reporterSyncTimeout\",\"cucumberFeaturesWithLineNumbers\",\"autoCompileOpts\",\"mochaOpts\",\"jasmineOpts\",\"cucumberOpts\",\"onPrepare\",\"onWorkerStart\",\"onWorkerEnd\",\"before\",\"beforeSession\",\"beforeSuite\",\"beforeHook\",\"beforeTest\",\"afterTest\",\"afterHook\",\"afterSuite\",\"afterSession\",\"after\",\"onComplete\",\"beforeAssertion\",\"afterAssertion\",\"beforeFeature\",\"beforeScenario\",\"beforeStep\",\"afterStep\",\"afterScenario\",\"afterFeature\",\"_\",\"suite\",\"$0\",\"ignoredWorkerServices\",\"wdi5\"]"}]}
COMMAND: POST /session/2d3f18d96ae83e7081695401c2e0fdda/execute/async - {"script":"<script> [21126 bytes]","args":[35000]}
RESULT: {"script":"<script> [21126 bytes]","args":[35000]}
]]></system-out>
    </testcase>
    <testcase classname="chrome.136_0_7103_49.windows.Process_request_items_into_new_quotation_US120163" name="Should process the request into a new quotation" time="64.373">
      <system-out><![CDATA[
COMMAND: GET /session/2d3f18d96ae83e7081695401c2e0fdda/window - {}
RESULT: {}
COMMAND: POST /session/2d3f18d96ae83e7081695401c2e0fdda/element - {"using":"xpath","value":"//span[contains(@id ,\"detailHeaderTitle-_actionsToolbar-overflowButton-img\")]"}
RESULT: {"using":"xpath","value":"//span[contains(@id ,\"detailHeaderTitle-_actionsToolbar-overflowButton-img\")]"}
COMMAND: POST /session/2d3f18d96ae83e7081695401c2e0fdda/element/f.3980C6CC6DC27C16253BC7A58143231A.d.2A9D0D580B8014BA91BDA10BFD30D651.e.11098/click - {}
RESULT: {}
COMMAND: GET /session/2d3f18d96ae83e7081695401c2e0fdda/screenshot - {}
RESULT: {}
COMMAND: POST /session/2d3f18d96ae83e7081695401c2e0fdda/element - {"using":"xpath","value":"//span[contains(@id ,\"actionsMenuButton-internalSplitBtn-arrowButton-img\")]"}
RESULT: {"using":"xpath","value":"//span[contains(@id ,\"actionsMenuButton-internalSplitBtn-arrowButton-img\")]"}
COMMAND: POST /session/2d3f18d96ae83e7081695401c2e0fdda/element/f.3980C6CC6DC27C16253BC7A58143231A.d.2A9D0D580B8014BA91BDA10BFD30D651.e.11104/click - {}
RESULT: {}
COMMAND: GET /session/2d3f18d96ae83e7081695401c2e0fdda/screenshot - {}
RESULT: {}
COMMAND: POST /session/2d3f18d96ae83e7081695401c2e0fdda/actions - {"actions":[{"id":"action86","type":"key","parameters":{},"actions":[{"type":"keyDown","value":"î€•"},{"type":"pause","duration":10},{"type":"keyUp","value":"î€•"}]}]}
RESULT: {"actions":[{"id":"action86","type":"key","parameters":{},"actions":[{"type":"keyDown","value":"î€•"},{"type":"pause","duration":10},{"type":"keyUp","value":"î€•"}]}]}
COMMAND: GET /session/2d3f18d96ae83e7081695401c2e0fdda/screenshot - {}
RESULT: {}
COMMAND: POST /session/2d3f18d96ae83e7081695401c2e0fdda/actions - {"actions":[{"id":"action87","type":"key","parameters":{},"actions":[{"type":"keyDown","value":"î€‡"},{"type":"pause","duration":10},{"type":"keyUp","value":"î€‡"}]}]}
RESULT: {"actions":[{"id":"action87","type":"key","parameters":{},"actions":[{"type":"keyDown","value":"î€‡"},{"type":"pause","duration":10},{"type":"keyUp","value":"î€‡"}]}]}
COMMAND: GET /session/2d3f18d96ae83e7081695401c2e0fdda/screenshot - {}
RESULT: {}
COMMAND: POST /session/2d3f18d96ae83e7081695401c2e0fdda/actions - {"actions":[{"id":"action88","type":"key","parameters":{},"actions":[{"type":"keyDown","value":"î€‡"},{"type":"pause","duration":10},{"type":"keyUp","value":"î€‡"}]}]}
RESULT: {"actions":[{"id":"action88","type":"key","parameters":{},"actions":[{"type":"keyDown","value":"î€‡"},{"type":"pause","duration":10},{"type":"keyUp","value":"î€‡"}]}]}
COMMAND: GET /session/2d3f18d96ae83e7081695401c2e0fdda/screenshot - {}
RESULT: {}
COMMAND: POST /session/2d3f18d96ae83e7081695401c2e0fdda/actions - {"actions":[{"id":"action89","type":"key","parameters":{},"actions":[{"type":"keyDown","value":"î€‡"},{"type":"pause","duration":10},{"type":"keyUp","value":"î€‡"}]}]}
RESULT: {"actions":[{"id":"action89","type":"key","parameters":{},"actions":[{"type":"keyDown","value":"î€‡"},{"type":"pause","duration":10},{"type":"keyUp","value":"î€‡"}]}]}
COMMAND: GET /session/2d3f18d96ae83e7081695401c2e0fdda/screenshot - {}
RESULT: {}
COMMAND: POST /session/2d3f18d96ae83e7081695401c2e0fdda/actions - {"actions":[{"id":"action90","type":"key","parameters":{},"actions":[{"type":"keyDown","value":"î€‡"},{"type":"pause","duration":10},{"type":"keyUp","value":"î€‡"}]}]}
RESULT: {"actions":[{"id":"action90","type":"key","parameters":{},"actions":[{"type":"keyDown","value":"î€‡"},{"type":"pause","duration":10},{"type":"keyUp","value":"î€‡"}]}]}
COMMAND: GET /session/2d3f18d96ae83e7081695401c2e0fdda/screenshot - {}
RESULT: {}
COMMAND: GET /session/2d3f18d96ae83e7081695401c2e0fdda/window/handles - {}
RESULT: {}
COMMAND: GET /session/2d3f18d96ae83e7081695401c2e0fdda/window/handles - {}
RESULT: {}
COMMAND: POST /session/2d3f18d96ae83e7081695401c2e0fdda/window - {"handle":"722D1EC742F6664D5B41B5B84EBFB07E"}
RESULT: {"handle":"722D1EC742F6664D5B41B5B84EBFB07E"}
COMMAND: GET /session/2d3f18d96ae83e7081695401c2e0fdda/url - {}
RESULT: {}
COMMAND: GET /session/2d3f18d96ae83e7081695401c2e0fdda/screenshot - {}
RESULT: {}
COMMAND: POST /session/2d3f18d96ae83e7081695401c2e0fdda/element - {"using":"xpath","value":"//span[contains(text(), \"Header Billing Items\")]"}
RESULT: {"using":"xpath","value":"//span[contains(text(), \"Header Billing Items\")]"}
COMMAND: POST /session/2d3f18d96ae83e7081695401c2e0fdda/element/f.722D1EC742F6664D5B41B5B84EBFB07E.d.6E36E82A3DDD7D46528D0B9861C04758.e.11297/click - {}
RESULT: {}
COMMAND: GET /session/2d3f18d96ae83e7081695401c2e0fdda/screenshot - {}
RESULT: {}
COMMAND: POST /session/2d3f18d96ae83e7081695401c2e0fdda/element - {"using":"xpath","value":"//span[contains(@id ,\"contractItemsSmartTable-header-inner\")]"}
RESULT: {"using":"xpath","value":"//span[contains(@id ,\"contractItemsSmartTable-header-inner\")]"}
COMMAND: GET /session/2d3f18d96ae83e7081695401c2e0fdda/element/f.722D1EC742F6664D5B41B5B84EBFB07E.d.6E36E82A3DDD7D46528D0B9861C04758.e.11302/text - {}
RESULT: {}
COMMAND: POST /session/2d3f18d96ae83e7081695401c2e0fdda/element - {"using":"xpath","value":"//span[@class=\"sapMObjStatusText\"][contains(text(), \"proposed\")]"}
RESULT: {"using":"xpath","value":"//span[@class=\"sapMObjStatusText\"][contains(text(), \"proposed\")]"}
COMMAND: GET /session/2d3f18d96ae83e7081695401c2e0fdda/element/f.722D1EC742F6664D5B41B5B84EBFB07E.d.6E36E82A3DDD7D46528D0B9861C04758.e.11303/text - {}
RESULT: {}
COMMAND: DELETE /session/2d3f18d96ae83e7081695401c2e0fdda/window - {}
RESULT: {}
COMMAND: POST /session/2d3f18d96ae83e7081695401c2e0fdda/window - {"handle":"3980C6CC6DC27C16253BC7A58143231A"}
RESULT: {"handle":"3980C6CC6DC27C16253BC7A58143231A"}
COMMAND: GET /session/2d3f18d96ae83e7081695401c2e0fdda/url - {}
RESULT: {}
COMMAND: GET /session/2d3f18d96ae83e7081695401c2e0fdda/screenshot - {}
RESULT: {}
]]></system-out>
    </testcase>
    <testcase classname="chrome.136_0_7103_49.windows.Process_request_items_into_new_quotation_US120163" name="Should navigate back to the request and check the request and item statuses" time="47.166">
      <system-out><![CDATA[
COMMAND: POST /session/2d3f18d96ae83e7081695401c2e0fdda/refresh - {}
RESULT: {}
COMMAND: GET /session/2d3f18d96ae83e7081695401c2e0fdda/screenshot - {}
RESULT: {}
COMMAND: POST /session/2d3f18d96ae83e7081695401c2e0fdda/execute/async - {"script":"<script> [189 bytes]","args":[]}
RESULT: {"script":"<script> [189 bytes]","args":[]}
COMMAND: POST /session/2d3f18d96ae83e7081695401c2e0fdda/execute/async - {"script":"<script> [123 bytes]","args":[]}
RESULT: {"script":"<script> [123 bytes]","args":[]}
COMMAND: POST /session/2d3f18d96ae83e7081695401c2e0fdda/timeouts - {"script":"<number>"}
RESULT: {"script":"<number>"}
COMMAND: GET /session/2d3f18d96ae83e7081695401c2e0fdda/timeouts - {}
RESULT: {}
RESULT: undefined
COMMAND: POST /session/2d3f18d96ae83e7081695401c2e0fdda/execute/async - {"script":"<script> [2676 bytes]","args":[]}
RESULT: {"script":"<script> [2676 bytes]","args":[]}
COMMAND: POST /session/2d3f18d96ae83e7081695401c2e0fdda/execute/async - {"script":"<script> [2342 bytes]","args":[{"protocol":"http","hostname":"0.0.0.0","path":"/","capabilities":{"browserName":"chrome","goog:chromeOptions":{"binary":"C:\\Program Files\\Google\\Chrome\\Application\\chrome.exe","args":["--start-maximized"]}},"logLevel":"warn","connectionRetryTimeout":120000,"connectionRetryCount":3,"logLevels":{},"enableDirectConnect":true,"strictSSL":true,"_":"65 more keys: [\"cacheDir\",\"port\",\"requestedCapabilities\",\"automationProtocol\",\"baseUrl\",\"waitforInterval\",\"waitforTimeout\",\"onReload\",\"beforeCommand\",\"afterCommand\",\"rootDir\",\"specs\",\"suites\",\"exclude\",\"groupLogsByTestSpec\",\"excludeDriverLogs\",\"bail\",\"framework\",\"reporters\",\"services\",\"maxInstances\",\"maxInstancesPerCapability\",\"injectGlobals\",\"filesToWatch\",\"execArgv\",\"runnerEnv\",\"runner\",\"shard\",\"specFileRetries\",\"specFileRetriesDelay\",\"specFileRetriesDeferred\",\"reporterSyncInterval\",\"reporterSyncTimeout\",\"cucumberFeaturesWithLineNumbers\",\"autoCompileOpts\",\"mochaOpts\",\"jasmineOpts\",\"cucumberOpts\",\"onPrepare\",\"onWorkerStart\",\"onWorkerEnd\",\"before\",\"beforeSession\",\"beforeSuite\",\"beforeHook\",\"beforeTest\",\"afterTest\",\"afterHook\",\"afterSuite\",\"afterSession\",\"after\",\"onComplete\",\"beforeAssertion\",\"afterAssertion\",\"beforeFeature\",\"beforeScenario\",\"beforeStep\",\"afterStep\",\"afterScenario\",\"afterFeature\",\"_\",\"suite\",\"$0\",\"ignoredWorkerServices\",\"wdi5\"]"}]}
RESULT: {"script":"<script> [2342 bytes]","args":[{"protocol":"http","hostname":"0.0.0.0","path":"/","capabilities":{"browserName":"chrome","goog:chromeOptions":{"binary":"C:\\Program Files\\Google\\Chrome\\Application\\chrome.exe","args":["--start-maximized"]}},"logLevel":"warn","connectionRetryTimeout":120000,"connectionRetryCount":3,"logLevels":{},"enableDirectConnect":true,"strictSSL":true,"_":"65 more keys: [\"cacheDir\",\"port\",\"requestedCapabilities\",\"automationProtocol\",\"baseUrl\",\"waitforInterval\",\"waitforTimeout\",\"onReload\",\"beforeCommand\",\"afterCommand\",\"rootDir\",\"specs\",\"suites\",\"exclude\",\"groupLogsByTestSpec\",\"excludeDriverLogs\",\"bail\",\"framework\",\"reporters\",\"services\",\"maxInstances\",\"maxInstancesPerCapability\",\"injectGlobals\",\"filesToWatch\",\"execArgv\",\"runnerEnv\",\"runner\",\"shard\",\"specFileRetries\",\"specFileRetriesDelay\",\"specFileRetriesDeferred\",\"reporterSyncInterval\",\"reporterSyncTimeout\",\"cucumberFeaturesWithLineNumbers\",\"autoCompileOpts\",\"mochaOpts\",\"jasmineOpts\",\"cucumberOpts\",\"onPrepare\",\"onWorkerStart\",\"onWorkerEnd\",\"before\",\"beforeSession\",\"beforeSuite\",\"beforeHook\",\"beforeTest\",\"afterTest\",\"afterHook\",\"afterSuite\",\"afterSession\",\"after\",\"onComplete\",\"beforeAssertion\",\"afterAssertion\",\"beforeFeature\",\"beforeScenario\",\"beforeStep\",\"afterStep\",\"afterScenario\",\"afterFeature\",\"_\",\"suite\",\"$0\",\"ignoredWorkerServices\",\"wdi5\"]"}]}
COMMAND: POST /session/2d3f18d96ae83e7081695401c2e0fdda/execute/async - {"script":"<script> [21126 bytes]","args":[35000]}
RESULT: {"script":"<script> [21126 bytes]","args":[35000]}
COMMAND: POST /session/2d3f18d96ae83e7081695401c2e0fdda/execute/async - {"script":"<script> [1562 bytes]","args":[{"selector":{"controlType":"sap.m.Text","viewName":"etm.portal.ui.managerequests.view.Detail","bindingPath":{"path":"/SmartRequestItemsPlanningBoard(ITEM=10m,REQUEST='20091')","propertyPath":"STATUS_DESC"}},"wdio_ui5_key":"etmportal.ui.managerequests.view.Detailsap.m.Text{\"path\":\"/SmartRequestItemsPlanningBoard(ITEM=10m,REQUEST='20091')\",\"propertyPath\":\"STATUS_DESC\"}"}]}
RESULT: {"script":"<script> [1562 bytes]","args":[{"selector":{"controlType":"sap.m.Text","viewName":"etm.portal.ui.managerequests.view.Detail","bindingPath":{"path":"/SmartRequestItemsPlanningBoard(ITEM=10m,REQUEST='20091')","propertyPath":"STATUS_DESC"}},"wdio_ui5_key":"etmportal.ui.managerequests.view.Detailsap.m.Text{\"path\":\"/SmartRequestItemsPlanningBoard(ITEM=10m,REQUEST='20091')\",\"propertyPath\":\"STATUS_DESC\"}"}]}
RESULT: undefined
COMMAND: POST /session/2d3f18d96ae83e7081695401c2e0fdda/execute/async - {"script":"<script> [6424 bytes]","args":[{"element-6066-11e4-a52e-4f735466cecf":"f.3980C6CC6DC27C16253BC7A58143231A.d.B3AB48112C57B2D5E5DD73103EFBCAAB.e.11504"},"getText",[]]}
RESULT: {"script":"<script> [6424 bytes]","args":[{"element-6066-11e4-a52e-4f735466cecf":"f.3980C6CC6DC27C16253BC7A58143231A.d.B3AB48112C57B2D5E5DD73103EFBCAAB.e.11504"},"getText",[]]}
COMMAND: POST /session/2d3f18d96ae83e7081695401c2e0fdda/execute/async - {"script":"<script> [1562 bytes]","args":[{"selector":{"controlType":"sap.m.ObjectStatus","viewName":"etm.portal.ui.managerequests.view.Detail","bindingPath":{"path":"/RequestHeaders('20091')","propertyPath":"LINK_TO_STATUS/DESCRIPTION","modelName":"catalogModel"}},"wdio_ui5_key":"etmportal.ui.managerequests.view.Detailsap.m.ObjectStatus{\"path\":\"/RequestHeaders('20091')\",\"propertyPath\":\"LINK_TO_STATUS/DESCRIPTION\",\"modelName\":\"catalogModel\"}"}]}
RESULT: {"script":"<script> [1562 bytes]","args":[{"selector":{"controlType":"sap.m.ObjectStatus","viewName":"etm.portal.ui.managerequests.view.Detail","bindingPath":{"path":"/RequestHeaders('20091')","propertyPath":"LINK_TO_STATUS/DESCRIPTION","modelName":"catalogModel"}},"wdio_ui5_key":"etmportal.ui.managerequests.view.Detailsap.m.ObjectStatus{\"path\":\"/RequestHeaders('20091')\",\"propertyPath\":\"LINK_TO_STATUS/DESCRIPTION\",\"modelName\":\"catalogModel\"}"}]}
RESULT: undefined
COMMAND: POST /session/2d3f18d96ae83e7081695401c2e0fdda/execute/async - {"script":"<script> [6424 bytes]","args":[{"element-6066-11e4-a52e-4f735466cecf":"f.3980C6CC6DC27C16253BC7A58143231A.d.B3AB48112C57B2D5E5DD73103EFBCAAB.e.11505"},"getText",[]]}
RESULT: {"script":"<script> [6424 bytes]","args":[{"element-6066-11e4-a52e-4f735466cecf":"f.3980C6CC6DC27C16253BC7A58143231A.d.B3AB48112C57B2D5E5DD73103EFBCAAB.e.11505"},"getText",[]]}
COMMAND: POST /session/2d3f18d96ae83e7081695401c2e0fdda/element - {"using":"css selector","value":"#shell-header-logo"}
RESULT: {"using":"css selector","value":"#shell-header-logo"}
COMMAND: POST /session/2d3f18d96ae83e7081695401c2e0fdda/element/f.3980C6CC6DC27C16253BC7A58143231A.d.B3AB48112C57B2D5E5DD73103EFBCAAB.e.11311/click - {}
RESULT: {}
COMMAND: GET /session/2d3f18d96ae83e7081695401c2e0fdda/screenshot - {}
RESULT: {}
]]></system-out>
    </testcase>
  </testsuite>
  <testsuite timestamp="2025-05-14T06:56:04" time="501.525" tests="4" failures="0" errors="0" skipped="0">
    <properties>
      <property name="specId" value="0" />
      <property name="suiteName" value="Process request items into an existing quotation US120163" />
      <property name="capabilities" value="chrome.136_0_7103_49.windows" />
      <property name="file" value="file:///D:/a/1/s/test/specs/R2C/process-request-items-into-existing-quotation.spec.js" />
    </properties>
    <testcase classname="chrome.136_0_7103_49.windows.Process_request_items_into_an_existing_quotation_US120163" name="Should create a new quotation" time="101.442">
      <system-out><![CDATA[
COMMAND: POST /session/2d3f18d96ae83e7081695401c2e0fdda/execute/async - {"script":"<script> [1562 bytes]","args":[{"selector":{"controlType":"sap.m.GenericTile","properties":{"header":"Manage Quotations"}},"wdio_ui5_key":"sapm.GenericTile{\"header\":\"Manage Quotations\"}"}]}
RESULT: {"script":"<script> [1562 bytes]","args":[{"selector":{"controlType":"sap.m.GenericTile","properties":{"header":"Manage Quotations"}},"wdio_ui5_key":"sapm.GenericTile{\"header\":\"Manage Quotations\"}"}]}
RESULT: undefined
COMMAND: POST /session/2d3f18d96ae83e7081695401c2e0fdda/element - {"using":"xpath","value":"//*[@id=\"__tile131\"]"}
RESULT: {"using":"xpath","value":"//*[@id=\"__tile131\"]"}
COMMAND: POST /session/2d3f18d96ae83e7081695401c2e0fdda/element/f.3980C6CC6DC27C16253BC7A58143231A.d.B3AB48112C57B2D5E5DD73103EFBCAAB.e.11520/click - {}
RESULT: {}
COMMAND: GET /session/2d3f18d96ae83e7081695401c2e0fdda/screenshot - {}
RESULT: {}
COMMAND: POST /session/2d3f18d96ae83e7081695401c2e0fdda/elements - {"using":"xpath","value":"//span[text()='Error']"}
RESULT: {"using":"xpath","value":"//span[text()='Error']"}
COMMAND: POST /session/2d3f18d96ae83e7081695401c2e0fdda/element - {"using":"xpath","value":"//button[contains(@title ,\"Add New Contract\")]"}
RESULT: {"using":"xpath","value":"//button[contains(@title ,\"Add New Contract\")]"}
COMMAND: POST /session/2d3f18d96ae83e7081695401c2e0fdda/element/f.3980C6CC6DC27C16253BC7A58143231A.d.B3AB48112C57B2D5E5DD73103EFBCAAB.e.11556/click - {}
RESULT: {}
COMMAND: GET /session/2d3f18d96ae83e7081695401c2e0fdda/screenshot - {}
RESULT: {}
COMMAND: POST /session/2d3f18d96ae83e7081695401c2e0fdda/element - {"using":"xpath","value":"//input[contains(@id ,\"application-managequotations-display-component---AddNewContract--projectDescription-inner\")]"}
RESULT: {"using":"xpath","value":"//input[contains(@id ,\"application-managequotations-display-component---AddNewContract--projectDescription-inner\")]"}
COMMAND: POST /session/2d3f18d96ae83e7081695401c2e0fdda/element/f.3980C6CC6DC27C16253BC7A58143231A.d.B3AB48112C57B2D5E5DD73103EFBCAAB.e.11866/value - {"text":"WdIOQuotation57gjj"}
RESULT: {"text":"WdIOQuotation57gjj"}
COMMAND: GET /session/2d3f18d96ae83e7081695401c2e0fdda/screenshot - {}
RESULT: {}
COMMAND: POST /session/2d3f18d96ae83e7081695401c2e0fdda/element - {"using":"xpath","value":"//input[contains(@id ,\"application-managequotations-display-component---AddNewContract--yardId-inner\")]"}
RESULT: {"using":"xpath","value":"//input[contains(@id ,\"application-managequotations-display-component---AddNewContract--yardId-inner\")]"}
COMMAND: POST /session/2d3f18d96ae83e7081695401c2e0fdda/element/f.3980C6CC6DC27C16253BC7A58143231A.d.B3AB48112C57B2D5E5DD73103EFBCAAB.e.11869/value - {"text":"WebdriverYard50w3qf"}
RESULT: {"text":"WebdriverYard50w3qf"}
COMMAND: GET /session/2d3f18d96ae83e7081695401c2e0fdda/screenshot - {}
RESULT: {}
COMMAND: POST /session/2d3f18d96ae83e7081695401c2e0fdda/actions - {"actions":[{"id":"action91","type":"key","parameters":{},"actions":[{"type":"keyDown","value":"î€‡"},{"type":"pause","duration":10},{"type":"keyUp","value":"î€‡"}]}]}
RESULT: {"actions":[{"id":"action91","type":"key","parameters":{},"actions":[{"type":"keyDown","value":"î€‡"},{"type":"pause","duration":10},{"type":"keyUp","value":"î€‡"}]}]}
COMMAND: GET /session/2d3f18d96ae83e7081695401c2e0fdda/screenshot - {}
RESULT: {}
COMMAND: POST /session/2d3f18d96ae83e7081695401c2e0fdda/element - {"using":"xpath","value":"//input[contains(@id ,\"application-managequotations-display-component---AddNewContract--customerSelect-inner\")]"}
RESULT: {"using":"xpath","value":"//input[contains(@id ,\"application-managequotations-display-component---AddNewContract--customerSelect-inner\")]"}
COMMAND: POST /session/2d3f18d96ae83e7081695401c2e0fdda/element/f.3980C6CC6DC27C16253BC7A58143231A.d.B3AB48112C57B2D5E5DD73103EFBCAAB.e.11867/value - {"text":"WebdriverPartnerpc8f5"}
RESULT: {"text":"WebdriverPartnerpc8f5"}
COMMAND: GET /session/2d3f18d96ae83e7081695401c2e0fdda/screenshot - {}
RESULT: {}
COMMAND: POST /session/2d3f18d96ae83e7081695401c2e0fdda/actions - {"actions":[{"id":"action92","type":"key","parameters":{},"actions":[{"type":"keyDown","value":"î€‡"},{"type":"pause","duration":10},{"type":"keyUp","value":"î€‡"}]}]}
RESULT: {"actions":[{"id":"action92","type":"key","parameters":{},"actions":[{"type":"keyDown","value":"î€‡"},{"type":"pause","duration":10},{"type":"keyUp","value":"î€‡"}]}]}
COMMAND: GET /session/2d3f18d96ae83e7081695401c2e0fdda/screenshot - {}
RESULT: {}
COMMAND: POST /session/2d3f18d96ae83e7081695401c2e0fdda/element - {"using":"xpath","value":"//input[contains(@id ,\"application-managequotations-display-component---AddNewContract--site-inner\")]"}
RESULT: {"using":"xpath","value":"//input[contains(@id ,\"application-managequotations-display-component---AddNewContract--site-inner\")]"}
COMMAND: POST /session/2d3f18d96ae83e7081695401c2e0fdda/element/f.3980C6CC6DC27C16253BC7A58143231A.d.B3AB48112C57B2D5E5DD73103EFBCAAB.e.11868/value - {"text":"WebdriverSite4jv9s"}
RESULT: {"text":"WebdriverSite4jv9s"}
COMMAND: GET /session/2d3f18d96ae83e7081695401c2e0fdda/screenshot - {}
RESULT: {}
COMMAND: POST /session/2d3f18d96ae83e7081695401c2e0fdda/actions - {"actions":[{"id":"action93","type":"key","parameters":{},"actions":[{"type":"keyDown","value":"î€‡"},{"type":"pause","duration":10},{"type":"keyUp","value":"î€‡"}]}]}
RESULT: {"actions":[{"id":"action93","type":"key","parameters":{},"actions":[{"type":"keyDown","value":"î€‡"},{"type":"pause","duration":10},{"type":"keyUp","value":"î€‡"}]}]}
COMMAND: GET /session/2d3f18d96ae83e7081695401c2e0fdda/screenshot - {}
RESULT: {}
COMMAND: POST /session/2d3f18d96ae83e7081695401c2e0fdda/element - {"using":"xpath","value":"//bdi[contains(text(), \"Save\")]"}
RESULT: {"using":"xpath","value":"//bdi[contains(text(), \"Save\")]"}
COMMAND: POST /session/2d3f18d96ae83e7081695401c2e0fdda/element/f.3980C6CC6DC27C16253BC7A58143231A.d.B3AB48112C57B2D5E5DD73103EFBCAAB.e.11906/click - {}
RESULT: {}
COMMAND: GET /session/2d3f18d96ae83e7081695401c2e0fdda/screenshot - {}
RESULT: {}
COMMAND: POST /session/2d3f18d96ae83e7081695401c2e0fdda/element - {"using":"css selector","value":"#shell-header-logo"}
RESULT: {"using":"css selector","value":"#shell-header-logo"}
COMMAND: POST /session/2d3f18d96ae83e7081695401c2e0fdda/element/f.3980C6CC6DC27C16253BC7A58143231A.d.B3AB48112C57B2D5E5DD73103EFBCAAB.e.11522/click - {}
RESULT: {}
COMMAND: GET /session/2d3f18d96ae83e7081695401c2e0fdda/screenshot - {}
RESULT: {}
COMMAND: POST /session/2d3f18d96ae83e7081695401c2e0fdda/refresh - {}
RESULT: {}
COMMAND: GET /session/2d3f18d96ae83e7081695401c2e0fdda/screenshot - {}
RESULT: {}
COMMAND: POST /session/2d3f18d96ae83e7081695401c2e0fdda/execute/async - {"script":"<script> [189 bytes]","args":[]}
RESULT: {"script":"<script> [189 bytes]","args":[]}
COMMAND: POST /session/2d3f18d96ae83e7081695401c2e0fdda/execute/async - {"script":"<script> [123 bytes]","args":[]}
RESULT: {"script":"<script> [123 bytes]","args":[]}
COMMAND: POST /session/2d3f18d96ae83e7081695401c2e0fdda/timeouts - {"script":"<number>"}
RESULT: {"script":"<number>"}
COMMAND: GET /session/2d3f18d96ae83e7081695401c2e0fdda/timeouts - {}
RESULT: {}
RESULT: undefined
COMMAND: POST /session/2d3f18d96ae83e7081695401c2e0fdda/execute/async - {"script":"<script> [2676 bytes]","args":[]}
RESULT: {"script":"<script> [2676 bytes]","args":[]}
COMMAND: POST /session/2d3f18d96ae83e7081695401c2e0fdda/execute/async - {"script":"<script> [2342 bytes]","args":[{"protocol":"http","hostname":"0.0.0.0","path":"/","capabilities":{"browserName":"chrome","goog:chromeOptions":{"binary":"C:\\Program Files\\Google\\Chrome\\Application\\chrome.exe","args":["--start-maximized"]}},"logLevel":"warn","connectionRetryTimeout":120000,"connectionRetryCount":3,"logLevels":{},"enableDirectConnect":true,"strictSSL":true,"_":"65 more keys: [\"cacheDir\",\"port\",\"requestedCapabilities\",\"automationProtocol\",\"baseUrl\",\"waitforInterval\",\"waitforTimeout\",\"onReload\",\"beforeCommand\",\"afterCommand\",\"rootDir\",\"specs\",\"suites\",\"exclude\",\"groupLogsByTestSpec\",\"excludeDriverLogs\",\"bail\",\"framework\",\"reporters\",\"services\",\"maxInstances\",\"maxInstancesPerCapability\",\"injectGlobals\",\"filesToWatch\",\"execArgv\",\"runnerEnv\",\"runner\",\"shard\",\"specFileRetries\",\"specFileRetriesDelay\",\"specFileRetriesDeferred\",\"reporterSyncInterval\",\"reporterSyncTimeout\",\"cucumberFeaturesWithLineNumbers\",\"autoCompileOpts\",\"mochaOpts\",\"jasmineOpts\",\"cucumberOpts\",\"onPrepare\",\"onWorkerStart\",\"onWorkerEnd\",\"before\",\"beforeSession\",\"beforeSuite\",\"beforeHook\",\"beforeTest\",\"afterTest\",\"afterHook\",\"afterSuite\",\"afterSession\",\"after\",\"onComplete\",\"beforeAssertion\",\"afterAssertion\",\"beforeFeature\",\"beforeScenario\",\"beforeStep\",\"afterStep\",\"afterScenario\",\"afterFeature\",\"_\",\"suite\",\"$0\",\"ignoredWorkerServices\",\"wdi5\"]"}]}
RESULT: {"script":"<script> [2342 bytes]","args":[{"protocol":"http","hostname":"0.0.0.0","path":"/","capabilities":{"browserName":"chrome","goog:chromeOptions":{"binary":"C:\\Program Files\\Google\\Chrome\\Application\\chrome.exe","args":["--start-maximized"]}},"logLevel":"warn","connectionRetryTimeout":120000,"connectionRetryCount":3,"logLevels":{},"enableDirectConnect":true,"strictSSL":true,"_":"65 more keys: [\"cacheDir\",\"port\",\"requestedCapabilities\",\"automationProtocol\",\"baseUrl\",\"waitforInterval\",\"waitforTimeout\",\"onReload\",\"beforeCommand\",\"afterCommand\",\"rootDir\",\"specs\",\"suites\",\"exclude\",\"groupLogsByTestSpec\",\"excludeDriverLogs\",\"bail\",\"framework\",\"reporters\",\"services\",\"maxInstances\",\"maxInstancesPerCapability\",\"injectGlobals\",\"filesToWatch\",\"execArgv\",\"runnerEnv\",\"runner\",\"shard\",\"specFileRetries\",\"specFileRetriesDelay\",\"specFileRetriesDeferred\",\"reporterSyncInterval\",\"reporterSyncTimeout\",\"cucumberFeaturesWithLineNumbers\",\"autoCompileOpts\",\"mochaOpts\",\"jasmineOpts\",\"cucumberOpts\",\"onPrepare\",\"onWorkerStart\",\"onWorkerEnd\",\"before\",\"beforeSession\",\"beforeSuite\",\"beforeHook\",\"beforeTest\",\"afterTest\",\"afterHook\",\"afterSuite\",\"afterSession\",\"after\",\"onComplete\",\"beforeAssertion\",\"afterAssertion\",\"beforeFeature\",\"beforeScenario\",\"beforeStep\",\"afterStep\",\"afterScenario\",\"afterFeature\",\"_\",\"suite\",\"$0\",\"ignoredWorkerServices\",\"wdi5\"]"}]}
COMMAND: POST /session/2d3f18d96ae83e7081695401c2e0fdda/execute/async - {"script":"<script> [21126 bytes]","args":[35000]}
RESULT: {"script":"<script> [21126 bytes]","args":[35000]}
]]></system-out>
    </testcase>
    <testcase classname="chrome.136_0_7103_49.windows.Process_request_items_into_an_existing_quotation_US120163" name="Should create a new request with catalog items and plan it" time="259.996">
      <system-out><![CDATA[
COMMAND: POST /session/2d3f18d96ae83e7081695401c2e0fdda/execute/async - {"script":"<script> [1562 bytes]","args":[{"selector":{"controlType":"sap.m.GenericTile","properties":{"header":"Manage Requests"}},"wdio_ui5_key":"sapm.GenericTile{\"header\":\"Manage Requests\"}"}]}
RESULT: {"script":"<script> [1562 bytes]","args":[{"selector":{"controlType":"sap.m.GenericTile","properties":{"header":"Manage Requests"}},"wdio_ui5_key":"sapm.GenericTile{\"header\":\"Manage Requests\"}"}]}
RESULT: undefined
COMMAND: POST /session/2d3f18d96ae83e7081695401c2e0fdda/element - {"using":"xpath","value":"//*[@id=\"__tile47\"]"}
RESULT: {"using":"xpath","value":"//*[@id=\"__tile47\"]"}
COMMAND: POST /session/2d3f18d96ae83e7081695401c2e0fdda/element/f.3980C6CC6DC27C16253BC7A58143231A.d.8061DDD248FF1394A876ECC2527D2FBC.e.11930/click - {}
RESULT: {}
COMMAND: GET /session/2d3f18d96ae83e7081695401c2e0fdda/screenshot - {}
RESULT: {}
COMMAND: POST /session/2d3f18d96ae83e7081695401c2e0fdda/elements - {"using":"xpath","value":"//span[text()='Error']"}
RESULT: {"using":"xpath","value":"//span[text()='Error']"}
COMMAND: POST /session/2d3f18d96ae83e7081695401c2e0fdda/element - {"using":"xpath","value":"(//span[contains(@class ,\"sapMObjStatusText\")])[1]"}
RESULT: {"using":"xpath","value":"(//span[contains(@class ,\"sapMObjStatusText\")])[1]"}
COMMAND: POST /session/2d3f18d96ae83e7081695401c2e0fdda/execute/sync - {"script":"<script> [8489 bytes]","args":[{"element-6066-11e4-a52e-4f735466cecf":"f.3980C6CC6DC27C16253BC7A58143231A.d.8061DDD248FF1394A876ECC2527D2FBC.e.12040","ELEMENT":"f.3980C6CC6DC27C16253BC7A58143231A.d.8061DDD248FF1394A876ECC2527D2FBC.e.12040"}]}
RESULT: {"script":"<script> [8489 bytes]","args":[{"element-6066-11e4-a52e-4f735466cecf":"f.3980C6CC6DC27C16253BC7A58143231A.d.8061DDD248FF1394A876ECC2527D2FBC.e.12040","ELEMENT":"f.3980C6CC6DC27C16253BC7A58143231A.d.8061DDD248FF1394A876ECC2527D2FBC.e.12040"}]}
COMMAND: POST /session/2d3f18d96ae83e7081695401c2e0fdda/element - {"using":"xpath","value":"//button[contains(@data-kt ,\"btnCreateNewOverflowToolbarButton\")]"}
COMMAND: GET /session/2d3f18d96ae83e7081695401c2e0fdda/screenshot - {}
RESULT: {}
RESULT: {"using":"xpath","value":"//button[contains(@data-kt ,\"btnCreateNewOverflowToolbarButton\")]"}
COMMAND: POST /session/2d3f18d96ae83e7081695401c2e0fdda/element/f.3980C6CC6DC27C16253BC7A58143231A.d.8061DDD248FF1394A876ECC2527D2FBC.e.12002/click - {}
RESULT: {}
COMMAND: GET /session/2d3f18d96ae83e7081695401c2e0fdda/screenshot - {}
RESULT: {}
COMMAND: POST /session/2d3f18d96ae83e7081695401c2e0fdda/element - {"using":"xpath","value":"//input[contains(@id ,\"yardId-inner\")]"}
RESULT: {"using":"xpath","value":"//input[contains(@id ,\"yardId-inner\")]"}
COMMAND: POST /session/2d3f18d96ae83e7081695401c2e0fdda/execute/sync - {"script":"<script> [8489 bytes]","args":[{"element-6066-11e4-a52e-4f735466cecf":"f.3980C6CC6DC27C16253BC7A58143231A.d.8061DDD248FF1394A876ECC2527D2FBC.e.12125","ELEMENT":"f.3980C6CC6DC27C16253BC7A58143231A.d.8061DDD248FF1394A876ECC2527D2FBC.e.12125"}]}
RESULT: {"script":"<script> [8489 bytes]","args":[{"element-6066-11e4-a52e-4f735466cecf":"f.3980C6CC6DC27C16253BC7A58143231A.d.8061DDD248FF1394A876ECC2527D2FBC.e.12125","ELEMENT":"f.3980C6CC6DC27C16253BC7A58143231A.d.8061DDD248FF1394A876ECC2527D2FBC.e.12125"}]}
COMMAND: POST /session/2d3f18d96ae83e7081695401c2e0fdda/element - {"using":"xpath","value":"//input[contains(@id ,\"yardId-inner\")]"}
COMMAND: GET /session/2d3f18d96ae83e7081695401c2e0fdda/screenshot - {}
RESULT: {"using":"xpath","value":"//input[contains(@id ,\"yardId-inner\")]"}
COMMAND: GET /session/2d3f18d96ae83e7081695401c2e0fdda/element/f.3980C6CC6DC27C16253BC7A58143231A.d.8061DDD248FF1394A876ECC2527D2FBC.e.12125/enabled - {}
RESULT: {}
RESULT: {}
COMMAND: POST /session/2d3f18d96ae83e7081695401c2e0fdda/element/f.3980C6CC6DC27C16253BC7A58143231A.d.8061DDD248FF1394A876ECC2527D2FBC.e.12125/clear - {}
COMMAND: GET /session/2d3f18d96ae83e7081695401c2e0fdda/screenshot - {}
RESULT: {}
COMMAND: POST /session/2d3f18d96ae83e7081695401c2e0fdda/element/f.3980C6CC6DC27C16253BC7A58143231A.d.8061DDD248FF1394A876ECC2527D2FBC.e.12125/value - {"text":"WebdriverYard50w3qf"}
COMMAND: GET /session/2d3f18d96ae83e7081695401c2e0fdda/screenshot - {}
RESULT: {}
RESULT: {"text":"WebdriverYard50w3qf"}
COMMAND: GET /session/2d3f18d96ae83e7081695401c2e0fdda/screenshot - {}
RESULT: {}
RESULT: {}
COMMAND: POST /session/2d3f18d96ae83e7081695401c2e0fdda/actions - {"actions":[{"id":"action94","type":"key","parameters":{},"actions":[{"type":"keyDown","value":"î€‡"},{"type":"pause","duration":10},{"type":"keyUp","value":"î€‡"}]}]}
RESULT: {"actions":[{"id":"action94","type":"key","parameters":{},"actions":[{"type":"keyDown","value":"î€‡"},{"type":"pause","duration":10},{"type":"keyUp","value":"î€‡"}]}]}
COMMAND: GET /session/2d3f18d96ae83e7081695401c2e0fdda/screenshot - {}
RESULT: {}
COMMAND: POST /session/2d3f18d96ae83e7081695401c2e0fdda/element - {"using":"xpath","value":"//input[contains(@id ,\"customerNumber-inner\")]"}
RESULT: {"using":"xpath","value":"//input[contains(@id ,\"customerNumber-inner\")]"}
COMMAND: POST /session/2d3f18d96ae83e7081695401c2e0fdda/element/f.3980C6CC6DC27C16253BC7A58143231A.d.8061DDD248FF1394A876ECC2527D2FBC.e.12121/value - {"text":"WebdriverPartnerpc8f5"}
RESULT: {"text":"WebdriverPartnerpc8f5"}
COMMAND: GET /session/2d3f18d96ae83e7081695401c2e0fdda/screenshot - {}
RESULT: {}
COMMAND: POST /session/2d3f18d96ae83e7081695401c2e0fdda/actions - {"actions":[{"id":"action95","type":"key","parameters":{},"actions":[{"type":"keyDown","value":"î€‡"},{"type":"pause","duration":10},{"type":"keyUp","value":"î€‡"}]}]}
RESULT: {"actions":[{"id":"action95","type":"key","parameters":{},"actions":[{"type":"keyDown","value":"î€‡"},{"type":"pause","duration":10},{"type":"keyUp","value":"î€‡"}]}]}
COMMAND: GET /session/2d3f18d96ae83e7081695401c2e0fdda/screenshot - {}
RESULT: {}
COMMAND: GET /session/2d3f18d96ae83e7081695401c2e0fdda/element/f.3980C6CC6DC27C16253BC7A58143231A.d.8061DDD248FF1394A876ECC2527D2FBC.e.12121/property/value - {}
RESULT: {}
COMMAND: POST /session/2d3f18d96ae83e7081695401c2e0fdda/element/f.3980C6CC6DC27C16253BC7A58143231A.d.8061DDD248FF1394A876ECC2527D2FBC.e.12121/value - {"text":"WebdriverPartnerpc8f5"}
COMMAND: GET /session/2d3f18d96ae83e7081695401c2e0fdda/screenshot - {}
RESULT: {"text":"WebdriverPartnerpc8f5"}
COMMAND: GET /session/2d3f18d96ae83e7081695401c2e0fdda/screenshot - {}
RESULT: {}
RESULT: {}
COMMAND: POST /session/2d3f18d96ae83e7081695401c2e0fdda/actions - {"actions":[{"id":"action96","type":"key","parameters":{},"actions":[{"type":"keyDown","value":"î€‡"},{"type":"pause","duration":10},{"type":"keyUp","value":"î€‡"}]}]}
RESULT: {"actions":[{"id":"action96","type":"key","parameters":{},"actions":[{"type":"keyDown","value":"î€‡"},{"type":"pause","duration":10},{"type":"keyUp","value":"î€‡"}]}]}
COMMAND: GET /session/2d3f18d96ae83e7081695401c2e0fdda/screenshot - {}
RESULT: {}
COMMAND: POST /session/2d3f18d96ae83e7081695401c2e0fdda/element - {"using":"xpath","value":"//input[contains(@id ,\"requestSiteId-inner\")]"}
RESULT: {"using":"xpath","value":"//input[contains(@id ,\"requestSiteId-inner\")]"}
COMMAND: POST /session/2d3f18d96ae83e7081695401c2e0fdda/element/f.3980C6CC6DC27C16253BC7A58143231A.d.8061DDD248FF1394A876ECC2527D2FBC.e.12120/value - {"text":"WebdriverSite4jv9s"}
RESULT: {"text":"WebdriverSite4jv9s"}
COMMAND: GET /session/2d3f18d96ae83e7081695401c2e0fdda/screenshot - {}
RESULT: {}
COMMAND: POST /session/2d3f18d96ae83e7081695401c2e0fdda/actions - {"actions":[{"id":"action97","type":"key","parameters":{},"actions":[{"type":"keyDown","value":"î€‡"},{"type":"pause","duration":10},{"type":"keyUp","value":"î€‡"}]}]}
RESULT: {"actions":[{"id":"action97","type":"key","parameters":{},"actions":[{"type":"keyDown","value":"î€‡"},{"type":"pause","duration":10},{"type":"keyUp","value":"î€‡"}]}]}
COMMAND: GET /session/2d3f18d96ae83e7081695401c2e0fdda/screenshot - {}
RESULT: {}
COMMAND: POST /session/2d3f18d96ae83e7081695401c2e0fdda/element - {"using":"xpath","value":"//button[contains(@data-kt ,\"requestItemAddOverflowToolbarButton\")]"}
RESULT: {"using":"xpath","value":"//button[contains(@data-kt ,\"requestItemAddOverflowToolbarButton\")]"}
COMMAND: POST /session/2d3f18d96ae83e7081695401c2e0fdda/element/f.3980C6CC6DC27C16253BC7A58143231A.d.8061DDD248FF1394A876ECC2527D2FBC.e.12337/click - {}
RESULT: {}
COMMAND: GET /session/2d3f18d96ae83e7081695401c2e0fdda/screenshot - {}
RESULT: {}
COMMAND: POST /session/2d3f18d96ae83e7081695401c2e0fdda/actions - {"actions":[{"id":"action98","type":"key","parameters":{},"actions":[{"type":"keyDown","value":"î€•"},{"type":"pause","duration":10},{"type":"keyUp","value":"î€•"}]}]}
RESULT: {"actions":[{"id":"action98","type":"key","parameters":{},"actions":[{"type":"keyDown","value":"î€•"},{"type":"pause","duration":10},{"type":"keyUp","value":"î€•"}]}]}
COMMAND: POST /session/2d3f18d96ae83e7081695401c2e0fdda/actions - {"actions":[{"id":"action99","type":"key","parameters":{},"actions":[{"type":"keyDown","value":"î€‡"},{"type":"pause","duration":10},{"type":"keyUp","value":"î€‡"}]}]}
COMMAND: GET /session/2d3f18d96ae83e7081695401c2e0fdda/screenshot - {}
RESULT: {"actions":[{"id":"action99","type":"key","parameters":{},"actions":[{"type":"keyDown","value":"î€‡"},{"type":"pause","duration":10},{"type":"keyUp","value":"î€‡"}]}]}
COMMAND: GET /session/2d3f18d96ae83e7081695401c2e0fdda/screenshot - {}
RESULT: {}
RESULT: {}
COMMAND: POST /session/2d3f18d96ae83e7081695401c2e0fdda/element - {"using":"xpath","value":"(//input[contains(@id ,\"requestItemsTable-0-inner\")])[1]"}
RESULT: {"using":"xpath","value":"(//input[contains(@id ,\"requestItemsTable-0-inner\")])[1]"}
COMMAND: POST /session/2d3f18d96ae83e7081695401c2e0fdda/element/f.3980C6CC6DC27C16253BC7A58143231A.d.8061DDD248FF1394A876ECC2527D2FBC.e.12341/clear - {}
RESULT: {}
COMMAND: POST /session/2d3f18d96ae83e7081695401c2e0fdda/element/f.3980C6CC6DC27C16253BC7A58143231A.d.8061DDD248FF1394A876ECC2527D2FBC.e.12341/value - {"text":"catalogItem9gnqaj"}
COMMAND: GET /session/2d3f18d96ae83e7081695401c2e0fdda/screenshot - {}
RESULT: {"text":"catalogItem9gnqaj"}
COMMAND: GET /session/2d3f18d96ae83e7081695401c2e0fdda/screenshot - {}
RESULT: {}
RESULT: {}
COMMAND: POST /session/2d3f18d96ae83e7081695401c2e0fdda/actions - {"actions":[{"id":"action100","type":"key","parameters":{},"actions":[{"type":"keyDown","value":"î€‡"},{"type":"pause","duration":10},{"type":"keyUp","value":"î€‡"}]}]}
RESULT: {"actions":[{"id":"action100","type":"key","parameters":{},"actions":[{"type":"keyDown","value":"î€‡"},{"type":"pause","duration":10},{"type":"keyUp","value":"î€‡"}]}]}
COMMAND: GET /session/2d3f18d96ae83e7081695401c2e0fdda/screenshot - {}
RESULT: {}
COMMAND: POST /session/2d3f18d96ae83e7081695401c2e0fdda/execute/async - {"script":"<script> [1562 bytes]","args":[{"selector":{"controlType":"sap.ui.core.Icon","viewName":"etm.portal.ui.managerequests.view.NewRequest","properties":{"src":{"regex":{"source":"slim\\-arrow\\-down"}}},"ancestor":{"controlType":"sap.m.Button","viewName":"etm.portal.ui.managerequests.view.NewRequest","properties":{"icon":"sap-icon://slim-arrow-down"}}},"wdio_ui5_key":"etmportal.ui.managerequests.view.NewRequestsap.ui.core.Icon{\"src\":{\"regex\":{\"source\":\"slim\\\\-arrow\\\\-down\"}}}{\"controlType\":\"sap.m.Button\",\"viewName\":\"etm.portal.ui.managerequests.view.NewRequest\",\"properties\":{\"icon\":\"sap-icon://slim-arrow-down\"}}"}]}
RESULT: {"script":"<script> [1562 bytes]","args":[{"selector":{"controlType":"sap.ui.core.Icon","viewName":"etm.portal.ui.managerequests.view.NewRequest","properties":{"src":{"regex":{"source":"slim\\-arrow\\-down"}}},"ancestor":{"controlType":"sap.m.Button","viewName":"etm.portal.ui.managerequests.view.NewRequest","properties":{"icon":"sap-icon://slim-arrow-down"}}},"wdio_ui5_key":"etmportal.ui.managerequests.view.NewRequestsap.ui.core.Icon{\"src\":{\"regex\":{\"source\":\"slim\\\\-arrow\\\\-down\"}}}{\"controlType\":\"sap.m.Button\",\"viewName\":\"etm.portal.ui.managerequests.view.NewRequest\",\"properties\":{\"icon\":\"sap-icon://slim-arrow-down\"}}"}]}
RESULT: undefined
COMMAND: POST /session/2d3f18d96ae83e7081695401c2e0fdda/element - {"using":"xpath","value":"//div[contains(@data-kt ,\"splitAllocationObjectStatus\")]"}
RESULT: {"using":"xpath","value":"//div[contains(@data-kt ,\"splitAllocationObjectStatus\")]"}
COMMAND: POST /session/2d3f18d96ae83e7081695401c2e0fdda/elements - {"using":"xpath","value":"//div[contains(@data-kt ,\"splitAllocationObjectStatus\")]"}
RESULT: {"using":"xpath","value":"//div[contains(@data-kt ,\"splitAllocationObjectStatus\")]"}
COMMAND: POST /session/2d3f18d96ae83e7081695401c2e0fdda/execute/async - {"script":"<script> [1562 bytes]","args":[{"selector":{"controlType":"sap.ui.core.Icon","viewName":"etm.portal.ui.managerequests.view.NewRequest","properties":{"src":{"regex":{"source":"message\\-error"}}}},"wdio_ui5_key":"etmportal.ui.managerequests.view.NewRequestsap.ui.core.Icon{\"src\":{\"regex\":{\"source\":\"message\\\\-error\"}}}"}]}
RESULT: {"script":"<script> [1562 bytes]","args":[{"selector":{"controlType":"sap.ui.core.Icon","viewName":"etm.portal.ui.managerequests.view.NewRequest","properties":{"src":{"regex":{"source":"message\\-error"}}}},"wdio_ui5_key":"etmportal.ui.managerequests.view.NewRequestsap.ui.core.Icon{\"src\":{\"regex\":{\"source\":\"message\\\\-error\"}}}"}]}
RESULT: undefined
COMMAND: POST /session/2d3f18d96ae83e7081695401c2e0fdda/element - {"using":"xpath","value":"//*[@id=\"__status4-__xmlview59--requestItemsTable-0-icon\"]"}
RESULT: {"using":"xpath","value":"//*[@id=\"__status4-__xmlview59--requestItemsTable-0-icon\"]"}
COMMAND: POST /session/2d3f18d96ae83e7081695401c2e0fdda/element/f.3980C6CC6DC27C16253BC7A58143231A.d.8061DDD248FF1394A876ECC2527D2FBC.e.12356/click - {}
RESULT: {}
COMMAND: POST /session/2d3f18d96ae83e7081695401c2e0fdda/execute/async - {"script":"<script> [1562 bytes]","args":[{"selector":{"controlType":"sap.ui.core.Icon","viewName":"etm.portal.ui.managerequests.view.NewRequest","properties":{"src":{"regex":{"source":"slim\\-arrow\\-down"}}},"searchOpenDialogs":true,"ancestor":{"id":"costObjectAdminTypeComboBox","viewName":"etm.portal.ui.managerequests.view.NewRequest","searchOpenDialogs":true}},"wdio_ui5_key":"etmportal.ui.managerequests.view.NewRequestsap.ui.core.Icon{\"src\":{\"regex\":{\"source\":\"slim\\\\-arrow\\\\-down\"}}}{\"id\":\"costObjectAdminTypeComboBox\",\"viewName\":\"etm.portal.ui.managerequests.view.NewRequest\",\"searchOpenDialogs\":true}"}]}
COMMAND: GET /session/2d3f18d96ae83e7081695401c2e0fdda/screenshot - {}
RESULT: {"script":"<script> [1562 bytes]","args":[{"selector":{"controlType":"sap.ui.core.Icon","viewName":"etm.portal.ui.managerequests.view.NewRequest","properties":{"src":{"regex":{"source":"slim\\-arrow\\-down"}}},"searchOpenDialogs":true,"ancestor":{"id":"costObjectAdminTypeComboBox","viewName":"etm.portal.ui.managerequests.view.NewRequest","searchOpenDialogs":true}},"wdio_ui5_key":"etmportal.ui.managerequests.view.NewRequestsap.ui.core.Icon{\"src\":{\"regex\":{\"source\":\"slim\\\\-arrow\\\\-down\"}}}{\"id\":\"costObjectAdminTypeComboBox\",\"viewName\":\"etm.portal.ui.managerequests.view.NewRequest\",\"searchOpenDialogs\":true}"}]}
RESULT: undefined
COMMAND: POST /session/2d3f18d96ae83e7081695401c2e0fdda/element - {"using":"xpath","value":"//*[@id=\"__xmlview59--costObjectAdminTypeComboBox-arrow\"]"}
RESULT: {}
RESULT: {"using":"xpath","value":"//*[@id=\"__xmlview59--costObjectAdminTypeComboBox-arrow\"]"}
COMMAND: POST /session/2d3f18d96ae83e7081695401c2e0fdda/element/f.3980C6CC6DC27C16253BC7A58143231A.d.8061DDD248FF1394A876ECC2527D2FBC.e.12360/click - {}
RESULT: {}
COMMAND: POST /session/2d3f18d96ae83e7081695401c2e0fdda/execute/async - {"script":"<script> [1562 bytes]","args":[{"selector":{"controlType":"sap.m.StandardListItem","viewName":"etm.portal.ui.managerequests.view.NewRequest","properties":{"title":"Cost Center"},"searchOpenDialogs":true,"interaction":{"idSuffix":"titleText"}},"wdio_ui5_key":"etmportal.ui.managerequests.view.NewRequestsap.m.StandardListItem{\"title\":\"Cost Center\"}"}]}
COMMAND: GET /session/2d3f18d96ae83e7081695401c2e0fdda/screenshot - {}
RESULT: {"script":"<script> [1562 bytes]","args":[{"selector":{"controlType":"sap.m.StandardListItem","viewName":"etm.portal.ui.managerequests.view.NewRequest","properties":{"title":"Cost Center"},"searchOpenDialogs":true,"interaction":{"idSuffix":"titleText"}},"wdio_ui5_key":"etmportal.ui.managerequests.view.NewRequestsap.m.StandardListItem{\"title\":\"Cost Center\"}"}]}
RESULT: undefined
COMMAND: POST /session/2d3f18d96ae83e7081695401c2e0fdda/element - {"using":"xpath","value":"//*[@id=\"__item726\"]"}
RESULT: {}
RESULT: {"using":"xpath","value":"//*[@id=\"__item726\"]"}
COMMAND: POST /session/2d3f18d96ae83e7081695401c2e0fdda/element/f.3980C6CC6DC27C16253BC7A58143231A.d.8061DDD248FF1394A876ECC2527D2FBC.e.12363/click - {}
RESULT: {}
COMMAND: GET /session/2d3f18d96ae83e7081695401c2e0fdda/screenshot - {}
RESULT: {}
COMMAND: POST /session/2d3f18d96ae83e7081695401c2e0fdda/execute/async - {"script":"<script> [1562 bytes]","args":[{"selector":{"controlType":"sap.ui.core.Icon","viewName":"etm.portal.ui.managerequests.view.NewRequest","properties":{"src":{"regex":{"source":"value\\-help"}}},"searchOpenDialogs":true},"wdio_ui5_key":"etmportal.ui.managerequests.view.NewRequestsap.ui.core.Icon{\"src\":{\"regex\":{\"source\":\"value\\\\-help\"}}}"}]}
RESULT: {"script":"<script> [1562 bytes]","args":[{"selector":{"controlType":"sap.ui.core.Icon","viewName":"etm.portal.ui.managerequests.view.NewRequest","properties":{"src":{"regex":{"source":"value\\-help"}}},"searchOpenDialogs":true},"wdio_ui5_key":"etmportal.ui.managerequests.view.NewRequestsap.ui.core.Icon{\"src\":{\"regex\":{\"source\":\"value\\\\-help\"}}}"}]}
RESULT: undefined
COMMAND: POST /session/2d3f18d96ae83e7081695401c2e0fdda/element - {"using":"xpath","value":"//*[@id=\"__xmlview59--costObjectIdComboBox-vhi\"]"}
RESULT: {"using":"xpath","value":"//*[@id=\"__xmlview59--costObjectIdComboBox-vhi\"]"}
COMMAND: POST /session/2d3f18d96ae83e7081695401c2e0fdda/element/f.3980C6CC6DC27C16253BC7A58143231A.d.8061DDD248FF1394A876ECC2527D2FBC.e.12371/click - {}
RESULT: {}
COMMAND: POST /session/2d3f18d96ae83e7081695401c2e0fdda/execute/async - {"script":"<script> [1562 bytes]","args":[{"selector":{"controlType":"sap.m.SearchField","properties":{"placeholder":"Search"},"searchOpenDialogs":true,"interaction":{"idSuffix":"I"}},"wdio_ui5_key":"sapm.SearchField{\"placeholder\":\"Search\"}"}]}
COMMAND: GET /session/2d3f18d96ae83e7081695401c2e0fdda/screenshot - {}
RESULT: {}
RESULT: {"script":"<script> [1562 bytes]","args":[{"selector":{"controlType":"sap.m.SearchField","properties":{"placeholder":"Search"},"searchOpenDialogs":true,"interaction":{"idSuffix":"I"}},"wdio_ui5_key":"sapm.SearchField{\"placeholder\":\"Search\"}"}]}
RESULT: undefined
COMMAND: POST /session/2d3f18d96ae83e7081695401c2e0fdda/execute/async - {"script":"<script> [776 bytes]","args":[{"enterText":"10001010","selector":{"controlType":"sap.m.SearchField","properties":{"placeholder":"Search"},"searchOpenDialogs":true,"interaction":{"idSuffix":"I"}},"clearTextFirst":true,"interactionType":"ENTER_TEXT"}]}
RESULT: {"script":"<script> [776 bytes]","args":[{"enterText":"10001010","selector":{"controlType":"sap.m.SearchField","properties":{"placeholder":"Search"},"searchOpenDialogs":true,"interaction":{"idSuffix":"I"}},"clearTextFirst":true,"interactionType":"ENTER_TEXT"}]}
COMMAND: POST /session/2d3f18d96ae83e7081695401c2e0fdda/actions - {"actions":[{"id":"action101","type":"key","parameters":{},"actions":[{"type":"keyDown","value":"î€‡"},{"type":"pause","duration":10},{"type":"keyUp","value":"î€‡"}]}]}
RESULT: {"actions":[{"id":"action101","type":"key","parameters":{},"actions":[{"type":"keyDown","value":"î€‡"},{"type":"pause","duration":10},{"type":"keyUp","value":"î€‡"}]}]}
COMMAND: GET /session/2d3f18d96ae83e7081695401c2e0fdda/screenshot - {}
RESULT: {}
COMMAND: POST /session/2d3f18d96ae83e7081695401c2e0fdda/execute/async - {"script":"<script> [1562 bytes]","args":[{"selector":{"controlType":"sap.m.Text","bindingPath":{"path":"/C_CostCtrValueHelp(CostCenter='10001010',ControllingArea='Z001')","propertyPath":"CostCenterName","modelName":"CostCenterModel"},"searchOpenDialogs":true},"wdio_ui5_key":"sapm.Text{\"path\":\"/C_CostCtrValueHelp(CostCenter='10001010',ControllingArea='Z001')\",\"propertyPath\":\"CostCenterName\",\"modelName\":\"CostCenterModel\"}"}]}
RESULT: {"script":"<script> [1562 bytes]","args":[{"selector":{"controlType":"sap.m.Text","bindingPath":{"path":"/C_CostCtrValueHelp(CostCenter='10001010',ControllingArea='Z001')","propertyPath":"CostCenterName","modelName":"CostCenterModel"},"searchOpenDialogs":true},"wdio_ui5_key":"sapm.Text{\"path\":\"/C_CostCtrValueHelp(CostCenter='10001010',ControllingArea='Z001')\",\"propertyPath\":\"CostCenterName\",\"modelName\":\"CostCenterModel\"}"}]}
RESULT: undefined
COMMAND: POST /session/2d3f18d96ae83e7081695401c2e0fdda/element - {"using":"xpath","value":"//*[@id=\"__text287-__clone974\"]"}
RESULT: {"using":"xpath","value":"//*[@id=\"__text287-__clone974\"]"}
COMMAND: POST /session/2d3f18d96ae83e7081695401c2e0fdda/element/f.3980C6CC6DC27C16253BC7A58143231A.d.8061DDD248FF1394A876ECC2527D2FBC.e.12411/click - {}
RESULT: {}
COMMAND: POST /session/2d3f18d96ae83e7081695401c2e0fdda/execute/async - {"script":"<script> [1562 bytes]","args":[{"selector":{"controlType":"sap.m.Button","properties":{"text":"OK"},"searchOpenDialogs":true,"interaction":{"idSuffix":"BDI-content"}},"wdio_ui5_key":"sapm.Button{\"text\":\"OK\"}"}]}
COMMAND: GET /session/2d3f18d96ae83e7081695401c2e0fdda/screenshot - {}
RESULT: {"script":"<script> [1562 bytes]","args":[{"selector":{"controlType":"sap.m.Button","properties":{"text":"OK"},"searchOpenDialogs":true,"interaction":{"idSuffix":"BDI-content"}},"wdio_ui5_key":"sapm.Button{\"text\":\"OK\"}"}]}
RESULT: undefined
COMMAND: POST /session/2d3f18d96ae83e7081695401c2e0fdda/element - {"using":"xpath","value":"//*[@id=\"__dialog1-ok\"]"}
RESULT: {}
RESULT: {"using":"xpath","value":"//*[@id=\"__dialog1-ok\"]"}
COMMAND: POST /session/2d3f18d96ae83e7081695401c2e0fdda/element/f.3980C6CC6DC27C16253BC7A58143231A.d.8061DDD248FF1394A876ECC2527D2FBC.e.12413/click - {}
RESULT: {}
COMMAND: GET /session/2d3f18d96ae83e7081695401c2e0fdda/screenshot - {}
RESULT: {}
COMMAND: POST /session/2d3f18d96ae83e7081695401c2e0fdda/execute/async - {"script":"<script> [1562 bytes]","args":[{"selector":{"controlType":"sap.m.Button","viewName":"etm.portal.ui.managerequests.view.NewRequest","i18NText":{"propertyName":"text","key":"save"},"searchOpenDialogs":true,"interaction":{"idSuffix":"BDI-content"}},"wdio_ui5_key":"etmportal.ui.managerequests.view.NewRequestsap.m.Button{\"propertyName\":\"text\",\"key\":\"save\"}"}]}
RESULT: {"script":"<script> [1562 bytes]","args":[{"selector":{"controlType":"sap.m.Button","viewName":"etm.portal.ui.managerequests.view.NewRequest","i18NText":{"propertyName":"text","key":"save"},"searchOpenDialogs":true,"interaction":{"idSuffix":"BDI-content"}},"wdio_ui5_key":"etmportal.ui.managerequests.view.NewRequestsap.m.Button{\"propertyName\":\"text\",\"key\":\"save\"}"}]}
RESULT: undefined
COMMAND: POST /session/2d3f18d96ae83e7081695401c2e0fdda/element - {"using":"xpath","value":"//*[@id=\"__button22\"]"}
RESULT: {"using":"xpath","value":"//*[@id=\"__button22\"]"}
COMMAND: POST /session/2d3f18d96ae83e7081695401c2e0fdda/element/f.3980C6CC6DC27C16253BC7A58143231A.d.8061DDD248FF1394A876ECC2527D2FBC.e.12417/click - {}
RESULT: {}
COMMAND: GET /session/2d3f18d96ae83e7081695401c2e0fdda/screenshot - {}
RESULT: {}
COMMAND: POST /session/2d3f18d96ae83e7081695401c2e0fdda/element - {"using":"xpath","value":"(//bdi[contains(text() ,\"Save\")])[1]"}
RESULT: {"using":"xpath","value":"(//bdi[contains(text() ,\"Save\")])[1]"}
COMMAND: POST /session/2d3f18d96ae83e7081695401c2e0fdda/element/f.3980C6CC6DC27C16253BC7A58143231A.d.8061DDD248FF1394A876ECC2527D2FBC.e.12419/click - {}
RESULT: {}
COMMAND: GET /session/2d3f18d96ae83e7081695401c2e0fdda/screenshot - {}
RESULT: {}
COMMAND: POST /session/2d3f18d96ae83e7081695401c2e0fdda/execute/async - {"script":"<script> [1562 bytes]","args":[{"selector":{"controlType":"sap.m.Title","properties":{"text":"Success"},"searchOpenDialogs":true},"wdio_ui5_key":"sapm.Title{\"text\":\"Success\"}"}]}
RESULT: {"script":"<script> [1562 bytes]","args":[{"selector":{"controlType":"sap.m.Title","properties":{"text":"Success"},"searchOpenDialogs":true},"wdio_ui5_key":"sapm.Title{\"text\":\"Success\"}"}]}
RESULT: undefined
COMMAND: POST /session/2d3f18d96ae83e7081695401c2e0fdda/execute/async - {"script":"<script> [6424 bytes]","args":[{"element-6066-11e4-a52e-4f735466cecf":"f.3980C6CC6DC27C16253BC7A58143231A.d.8061DDD248FF1394A876ECC2527D2FBC.e.12422"},"getText",[]]}
RESULT: {"script":"<script> [6424 bytes]","args":[{"element-6066-11e4-a52e-4f735466cecf":"f.3980C6CC6DC27C16253BC7A58143231A.d.8061DDD248FF1394A876ECC2527D2FBC.e.12422"},"getText",[]]}
COMMAND: POST /session/2d3f18d96ae83e7081695401c2e0fdda/execute/async - {"script":"<script> [1562 bytes]","args":[{"selector":{"controlType":"sap.m.Button","properties":{"text":"Close"},"searchOpenDialogs":true,"interaction":{"idSuffix":"BDI-content"}},"wdio_ui5_key":"sapm.Button{\"text\":\"Close\"}"}]}
RESULT: {"script":"<script> [1562 bytes]","args":[{"selector":{"controlType":"sap.m.Button","properties":{"text":"Close"},"searchOpenDialogs":true,"interaction":{"idSuffix":"BDI-content"}},"wdio_ui5_key":"sapm.Button{\"text\":\"Close\"}"}]}
RESULT: undefined
COMMAND: POST /session/2d3f18d96ae83e7081695401c2e0fdda/element - {"using":"xpath","value":"//*[@id=\"__mbox-btn-0\"]"}
RESULT: {"using":"xpath","value":"//*[@id=\"__mbox-btn-0\"]"}
COMMAND: POST /session/2d3f18d96ae83e7081695401c2e0fdda/element/f.3980C6CC6DC27C16253BC7A58143231A.d.8061DDD248FF1394A876ECC2527D2FBC.e.12421/click - {}
RESULT: {}
COMMAND: GET /session/2d3f18d96ae83e7081695401c2e0fdda/screenshot - {}
RESULT: {}
COMMAND: POST /session/2d3f18d96ae83e7081695401c2e0fdda/execute/async - {"script":"<script> [1562 bytes]","args":[{"selector":{"controlType":"sap.m.Text","viewName":"etm.portal.ui.managerequests.view.Detail","bindingPath":{"propertyPath":"NO","modelName":"catalogModel"}},"wdio_ui5_key":"etmportal.ui.managerequests.view.Detailsap.m.Text{\"propertyPath\":\"NO\",\"modelName\":\"catalogModel\"}"}]}
RESULT: {"script":"<script> [1562 bytes]","args":[{"selector":{"controlType":"sap.m.Text","viewName":"etm.portal.ui.managerequests.view.Detail","bindingPath":{"propertyPath":"NO","modelName":"catalogModel"}},"wdio_ui5_key":"etmportal.ui.managerequests.view.Detailsap.m.Text{\"propertyPath\":\"NO\",\"modelName\":\"catalogModel\"}"}]}
RESULT: undefined
COMMAND: POST /session/2d3f18d96ae83e7081695401c2e0fdda/execute/async - {"script":"<script> [6424 bytes]","args":[{"element-6066-11e4-a52e-4f735466cecf":"f.3980C6CC6DC27C16253BC7A58143231A.d.8061DDD248FF1394A876ECC2527D2FBC.e.12554"},"getText",[]]}
RESULT: {"script":"<script> [6424 bytes]","args":[{"element-6066-11e4-a52e-4f735466cecf":"f.3980C6CC6DC27C16253BC7A58143231A.d.8061DDD248FF1394A876ECC2527D2FBC.e.12554"},"getText",[]]}
COMMAND: POST /session/2d3f18d96ae83e7081695401c2e0fdda/execute/async - {"script":"<script> [1562 bytes]","args":[{"selector":{"controlType":"sap.ui.core.Icon","viewName":"etm.portal.ui.managerequests.view.Detail","properties":{"src":{"regex":{"source":"date\\-time"}}},"ancestor":{"controlType":"sap.m.ColumnListItem","viewName":"etm.portal.ui.managerequests.view.Detail","bindingPath":{"path":"/SmartRequestItemsPlanningBoard(ITEM=10m,REQUEST='20092')"},"ancestor":{"id":"requestItemsTable","viewName":"etm.portal.ui.managerequests.view.Detail"}}},"wdio_ui5_key":"etmportal.ui.managerequests.view.Detailsap.ui.core.Icon{\"src\":{\"regex\":{\"source\":\"date\\\\-time\"}}}{\"controlType\":\"sap.m.ColumnListItem\",\"viewName\":\"etm.portal.ui.managerequests.view.Detail\",\"bindingPath\":{\"path\":\"/SmartRequestItemsPlanningBoard(ITEM=10m,REQUEST='20092')\"},\"ancestor\":{\"id\":\"requestItemsTable\",\"viewName\":\"etm.portal.ui.managerequests.view.Detail\"}}"}]}
RESULT: {"script":"<script> [1562 bytes]","args":[{"selector":{"controlType":"sap.ui.core.Icon","viewName":"etm.portal.ui.managerequests.view.Detail","properties":{"src":{"regex":{"source":"date\\-time"}}},"ancestor":{"controlType":"sap.m.ColumnListItem","viewName":"etm.portal.ui.managerequests.view.Detail","bindingPath":{"path":"/SmartRequestItemsPlanningBoard(ITEM=10m,REQUEST='20092')"},"ancestor":{"id":"requestItemsTable","viewName":"etm.portal.ui.managerequests.view.Detail"}}},"wdio_ui5_key":"etmportal.ui.managerequests.view.Detailsap.ui.core.Icon{\"src\":{\"regex\":{\"source\":\"date\\\\-time\"}}}{\"controlType\":\"sap.m.ColumnListItem\",\"viewName\":\"etm.portal.ui.managerequests.view.Detail\",\"bindingPath\":{\"path\":\"/SmartRequestItemsPlanningBoard(ITEM=10m,REQUEST='20092')\"},\"ancestor\":{\"id\":\"requestItemsTable\",\"viewName\":\"etm.portal.ui.managerequests.view.Detail\"}}"}]}
RESULT: undefined
COMMAND: POST /session/2d3f18d96ae83e7081695401c2e0fdda/element - {"using":"xpath","value":"//*[@id=\"__button37-__clone1013-img\"]"}
RESULT: {"using":"xpath","value":"//*[@id=\"__button37-__clone1013-img\"]"}
COMMAND: POST /session/2d3f18d96ae83e7081695401c2e0fdda/element/f.3980C6CC6DC27C16253BC7A58143231A.d.8061DDD248FF1394A876ECC2527D2FBC.e.12555/click - {}
RESULT: {}
COMMAND: POST /session/2d3f18d96ae83e7081695401c2e0fdda/execute/async - {"script":"<script> [1562 bytes]","args":[{"selector":{"controlType":"sap.m.Button","viewName":"etm.portal.ui.managerequests.view.Detail","properties":{"text":"Close"},"searchOpenDialogs":true,"interaction":{"idSuffix":"BDI-content"}},"wdio_ui5_key":"etmportal.ui.managerequests.view.Detailsap.m.Button{\"text\":\"Close\"}"}]}
COMMAND: GET /session/2d3f18d96ae83e7081695401c2e0fdda/screenshot - {}
RESULT: {"script":"<script> [1562 bytes]","args":[{"selector":{"controlType":"sap.m.Button","viewName":"etm.portal.ui.managerequests.view.Detail","properties":{"text":"Close"},"searchOpenDialogs":true,"interaction":{"idSuffix":"BDI-content"}},"wdio_ui5_key":"etmportal.ui.managerequests.view.Detailsap.m.Button{\"text\":\"Close\"}"}]}
RESULT: undefined
COMMAND: POST /session/2d3f18d96ae83e7081695401c2e0fdda/element - {"using":"xpath","value":"//*[@id=\"__button45\"]"}
RESULT: {}
RESULT: {"using":"xpath","value":"//*[@id=\"__button45\"]"}
COMMAND: POST /session/2d3f18d96ae83e7081695401c2e0fdda/element/f.3980C6CC6DC27C16253BC7A58143231A.d.8061DDD248FF1394A876ECC2527D2FBC.e.12557/click - {}
RESULT: {}
COMMAND: GET /session/2d3f18d96ae83e7081695401c2e0fdda/screenshot - {}
RESULT: {}
COMMAND: POST /session/2d3f18d96ae83e7081695401c2e0fdda/refresh - {}
RESULT: {}
COMMAND: GET /session/2d3f18d96ae83e7081695401c2e0fdda/screenshot - {}
RESULT: {}
COMMAND: POST /session/2d3f18d96ae83e7081695401c2e0fdda/execute/async - {"script":"<script> [189 bytes]","args":[]}
RESULT: {"script":"<script> [189 bytes]","args":[]}
COMMAND: POST /session/2d3f18d96ae83e7081695401c2e0fdda/execute/async - {"script":"<script> [123 bytes]","args":[]}
RESULT: {"script":"<script> [123 bytes]","args":[]}
COMMAND: POST /session/2d3f18d96ae83e7081695401c2e0fdda/timeouts - {"script":"<number>"}
RESULT: {"script":"<number>"}
COMMAND: GET /session/2d3f18d96ae83e7081695401c2e0fdda/timeouts - {}
RESULT: {}
RESULT: undefined
COMMAND: POST /session/2d3f18d96ae83e7081695401c2e0fdda/execute/async - {"script":"<script> [2676 bytes]","args":[]}
RESULT: {"script":"<script> [2676 bytes]","args":[]}
COMMAND: POST /session/2d3f18d96ae83e7081695401c2e0fdda/execute/async - {"script":"<script> [2342 bytes]","args":[{"protocol":"http","hostname":"0.0.0.0","path":"/","capabilities":{"browserName":"chrome","goog:chromeOptions":{"binary":"C:\\Program Files\\Google\\Chrome\\Application\\chrome.exe","args":["--start-maximized"]}},"logLevel":"warn","connectionRetryTimeout":120000,"connectionRetryCount":3,"logLevels":{},"enableDirectConnect":true,"strictSSL":true,"_":"65 more keys: [\"cacheDir\",\"port\",\"requestedCapabilities\",\"automationProtocol\",\"baseUrl\",\"waitforInterval\",\"waitforTimeout\",\"onReload\",\"beforeCommand\",\"afterCommand\",\"rootDir\",\"specs\",\"suites\",\"exclude\",\"groupLogsByTestSpec\",\"excludeDriverLogs\",\"bail\",\"framework\",\"reporters\",\"services\",\"maxInstances\",\"maxInstancesPerCapability\",\"injectGlobals\",\"filesToWatch\",\"execArgv\",\"runnerEnv\",\"runner\",\"shard\",\"specFileRetries\",\"specFileRetriesDelay\",\"specFileRetriesDeferred\",\"reporterSyncInterval\",\"reporterSyncTimeout\",\"cucumberFeaturesWithLineNumbers\",\"autoCompileOpts\",\"mochaOpts\",\"jasmineOpts\",\"cucumberOpts\",\"onPrepare\",\"onWorkerStart\",\"onWorkerEnd\",\"before\",\"beforeSession\",\"beforeSuite\",\"beforeHook\",\"beforeTest\",\"afterTest\",\"afterHook\",\"afterSuite\",\"afterSession\",\"after\",\"onComplete\",\"beforeAssertion\",\"afterAssertion\",\"beforeFeature\",\"beforeScenario\",\"beforeStep\",\"afterStep\",\"afterScenario\",\"afterFeature\",\"_\",\"suite\",\"$0\",\"ignoredWorkerServices\",\"wdi5\"]"}]}
RESULT: {"script":"<script> [2342 bytes]","args":[{"protocol":"http","hostname":"0.0.0.0","path":"/","capabilities":{"browserName":"chrome","goog:chromeOptions":{"binary":"C:\\Program Files\\Google\\Chrome\\Application\\chrome.exe","args":["--start-maximized"]}},"logLevel":"warn","connectionRetryTimeout":120000,"connectionRetryCount":3,"logLevels":{},"enableDirectConnect":true,"strictSSL":true,"_":"65 more keys: [\"cacheDir\",\"port\",\"requestedCapabilities\",\"automationProtocol\",\"baseUrl\",\"waitforInterval\",\"waitforTimeout\",\"onReload\",\"beforeCommand\",\"afterCommand\",\"rootDir\",\"specs\",\"suites\",\"exclude\",\"groupLogsByTestSpec\",\"excludeDriverLogs\",\"bail\",\"framework\",\"reporters\",\"services\",\"maxInstances\",\"maxInstancesPerCapability\",\"injectGlobals\",\"filesToWatch\",\"execArgv\",\"runnerEnv\",\"runner\",\"shard\",\"specFileRetries\",\"specFileRetriesDelay\",\"specFileRetriesDeferred\",\"reporterSyncInterval\",\"reporterSyncTimeout\",\"cucumberFeaturesWithLineNumbers\",\"autoCompileOpts\",\"mochaOpts\",\"jasmineOpts\",\"cucumberOpts\",\"onPrepare\",\"onWorkerStart\",\"onWorkerEnd\",\"before\",\"beforeSession\",\"beforeSuite\",\"beforeHook\",\"beforeTest\",\"afterTest\",\"afterHook\",\"afterSuite\",\"afterSession\",\"after\",\"onComplete\",\"beforeAssertion\",\"afterAssertion\",\"beforeFeature\",\"beforeScenario\",\"beforeStep\",\"afterStep\",\"afterScenario\",\"afterFeature\",\"_\",\"suite\",\"$0\",\"ignoredWorkerServices\",\"wdi5\"]"}]}
COMMAND: POST /session/2d3f18d96ae83e7081695401c2e0fdda/execute/async - {"script":"<script> [21126 bytes]","args":[35000]}
RESULT: {"script":"<script> [21126 bytes]","args":[35000]}
]]></system-out>
    </testcase>
    <testcase classname="chrome.136_0_7103_49.windows.Process_request_items_into_an_existing_quotation_US120163" name="Should process the request into an existing quotation" time="76.699">
      <system-out><![CDATA[
COMMAND: GET /session/2d3f18d96ae83e7081695401c2e0fdda/window - {}
RESULT: {}
COMMAND: POST /session/2d3f18d96ae83e7081695401c2e0fdda/element - {"using":"xpath","value":"//span[contains(@id ,\"detailHeaderTitle-_actionsToolbar-overflowButton-img\")]"}
RESULT: {"using":"xpath","value":"//span[contains(@id ,\"detailHeaderTitle-_actionsToolbar-overflowButton-img\")]"}
COMMAND: POST /session/2d3f18d96ae83e7081695401c2e0fdda/element/f.3980C6CC6DC27C16253BC7A58143231A.d.47EAAD38A7908DBA036AC414E00290DF.e.12778/click - {}
RESULT: {}
COMMAND: GET /session/2d3f18d96ae83e7081695401c2e0fdda/screenshot - {}
RESULT: {}
COMMAND: POST /session/2d3f18d96ae83e7081695401c2e0fdda/element - {"using":"xpath","value":"//span[contains(@id ,\"actionsMenuButton-internalSplitBtn-arrowButton-img\")]"}
RESULT: {"using":"xpath","value":"//span[contains(@id ,\"actionsMenuButton-internalSplitBtn-arrowButton-img\")]"}
COMMAND: POST /session/2d3f18d96ae83e7081695401c2e0fdda/element/f.3980C6CC6DC27C16253BC7A58143231A.d.47EAAD38A7908DBA036AC414E00290DF.e.12781/click - {}
RESULT: {}
COMMAND: GET /session/2d3f18d96ae83e7081695401c2e0fdda/screenshot - {}
RESULT: {}
COMMAND: POST /session/2d3f18d96ae83e7081695401c2e0fdda/actions - {"actions":[{"id":"action102","type":"key","parameters":{},"actions":[{"type":"keyDown","value":"î€•"},{"type":"pause","duration":10},{"type":"keyUp","value":"î€•"}]}]}
RESULT: {"actions":[{"id":"action102","type":"key","parameters":{},"actions":[{"type":"keyDown","value":"î€•"},{"type":"pause","duration":10},{"type":"keyUp","value":"î€•"}]}]}
COMMAND: GET /session/2d3f18d96ae83e7081695401c2e0fdda/screenshot - {}
RESULT: {}
COMMAND: POST /session/2d3f18d96ae83e7081695401c2e0fdda/actions - {"actions":[{"id":"action103","type":"key","parameters":{},"actions":[{"type":"keyDown","value":"î€‡"},{"type":"pause","duration":10},{"type":"keyUp","value":"î€‡"}]}]}
RESULT: {"actions":[{"id":"action103","type":"key","parameters":{},"actions":[{"type":"keyDown","value":"î€‡"},{"type":"pause","duration":10},{"type":"keyUp","value":"î€‡"}]}]}
COMMAND: GET /session/2d3f18d96ae83e7081695401c2e0fdda/screenshot - {}
RESULT: {}
COMMAND: POST /session/2d3f18d96ae83e7081695401c2e0fdda/actions - {"actions":[{"id":"action104","type":"key","parameters":{},"actions":[{"type":"keyDown","value":"î€•"},{"type":"pause","duration":10},{"type":"keyUp","value":"î€•"}]}]}
RESULT: {"actions":[{"id":"action104","type":"key","parameters":{},"actions":[{"type":"keyDown","value":"î€•"},{"type":"pause","duration":10},{"type":"keyUp","value":"î€•"}]}]}
COMMAND: GET /session/2d3f18d96ae83e7081695401c2e0fdda/screenshot - {}
RESULT: {}
COMMAND: POST /session/2d3f18d96ae83e7081695401c2e0fdda/actions - {"actions":[{"id":"action105","type":"key","parameters":{},"actions":[{"type":"keyDown","value":"î€‡"},{"type":"pause","duration":10},{"type":"keyUp","value":"î€‡"}]}]}
RESULT: {"actions":[{"id":"action105","type":"key","parameters":{},"actions":[{"type":"keyDown","value":"î€‡"},{"type":"pause","duration":10},{"type":"keyUp","value":"î€‡"}]}]}
COMMAND: GET /session/2d3f18d96ae83e7081695401c2e0fdda/screenshot - {}
RESULT: {}
COMMAND: POST /session/2d3f18d96ae83e7081695401c2e0fdda/element - {"using":"xpath","value":"//input[contains(@id ,\"quotationsSearchField-I\")]"}
RESULT: {"using":"xpath","value":"//input[contains(@id ,\"quotationsSearchField-I\")]"}
COMMAND: POST /session/2d3f18d96ae83e7081695401c2e0fdda/element/f.3980C6CC6DC27C16253BC7A58143231A.d.47EAAD38A7908DBA036AC414E00290DF.e.12784/clear - {}
RESULT: {}
COMMAND: POST /session/2d3f18d96ae83e7081695401c2e0fdda/element/f.3980C6CC6DC27C16253BC7A58143231A.d.47EAAD38A7908DBA036AC414E00290DF.e.12784/value - {"text":"WdIOQuotation57gjj"}
COMMAND: GET /session/2d3f18d96ae83e7081695401c2e0fdda/screenshot - {}
RESULT: {"text":"WdIOQuotation57gjj"}
COMMAND: GET /session/2d3f18d96ae83e7081695401c2e0fdda/screenshot - {}
RESULT: {}
RESULT: {}
COMMAND: POST /session/2d3f18d96ae83e7081695401c2e0fdda/actions - {"actions":[{"id":"action106","type":"key","parameters":{},"actions":[{"type":"keyDown","value":"î€‡"},{"type":"pause","duration":10},{"type":"keyUp","value":"î€‡"}]}]}
RESULT: {"actions":[{"id":"action106","type":"key","parameters":{},"actions":[{"type":"keyDown","value":"î€‡"},{"type":"pause","duration":10},{"type":"keyUp","value":"î€‡"}]}]}
COMMAND: GET /session/2d3f18d96ae83e7081695401c2e0fdda/screenshot - {}
RESULT: {}
COMMAND: POST /session/2d3f18d96ae83e7081695401c2e0fdda/element - {"using":"xpath","value":"//div[contains(@id ,\"selectSingle\")]"}
RESULT: {"using":"xpath","value":"//div[contains(@id ,\"selectSingle\")]"}
COMMAND: POST /session/2d3f18d96ae83e7081695401c2e0fdda/element/f.3980C6CC6DC27C16253BC7A58143231A.d.47EAAD38A7908DBA036AC414E00290DF.e.12791/click - {}
RESULT: {}
COMMAND: GET /session/2d3f18d96ae83e7081695401c2e0fdda/screenshot - {}
RESULT: {}
COMMAND: POST /session/2d3f18d96ae83e7081695401c2e0fdda/element - {"using":"xpath","value":"//bdi[contains(text() ,\"Selection Done\")]"}
RESULT: {"using":"xpath","value":"//bdi[contains(text() ,\"Selection Done\")]"}
COMMAND: POST /session/2d3f18d96ae83e7081695401c2e0fdda/element/f.3980C6CC6DC27C16253BC7A58143231A.d.47EAAD38A7908DBA036AC414E00290DF.e.12802/click - {}
RESULT: {}
COMMAND: GET /session/2d3f18d96ae83e7081695401c2e0fdda/screenshot - {}
RESULT: {}
COMMAND: POST /session/2d3f18d96ae83e7081695401c2e0fdda/actions - {"actions":[{"id":"action107","type":"key","parameters":{},"actions":[{"type":"keyDown","value":"î€‡"},{"type":"pause","duration":10},{"type":"keyUp","value":"î€‡"}]}]}
RESULT: {"actions":[{"id":"action107","type":"key","parameters":{},"actions":[{"type":"keyDown","value":"î€‡"},{"type":"pause","duration":10},{"type":"keyUp","value":"î€‡"}]}]}
COMMAND: GET /session/2d3f18d96ae83e7081695401c2e0fdda/screenshot - {}
RESULT: {}
COMMAND: POST /session/2d3f18d96ae83e7081695401c2e0fdda/actions - {"actions":[{"id":"action108","type":"key","parameters":{},"actions":[{"type":"keyDown","value":"î€‡"},{"type":"pause","duration":10},{"type":"keyUp","value":"î€‡"}]}]}
RESULT: {"actions":[{"id":"action108","type":"key","parameters":{},"actions":[{"type":"keyDown","value":"î€‡"},{"type":"pause","duration":10},{"type":"keyUp","value":"î€‡"}]}]}
COMMAND: GET /session/2d3f18d96ae83e7081695401c2e0fdda/screenshot - {}
RESULT: {}
COMMAND: GET /session/2d3f18d96ae83e7081695401c2e0fdda/window/handles - {}
RESULT: {}
COMMAND: GET /session/2d3f18d96ae83e7081695401c2e0fdda/window/handles - {}
RESULT: {}
COMMAND: POST /session/2d3f18d96ae83e7081695401c2e0fdda/window - {"handle":"45DE14EC67F2E1C2922DF9E5341ABC59"}
RESULT: {"handle":"45DE14EC67F2E1C2922DF9E5341ABC59"}
COMMAND: GET /session/2d3f18d96ae83e7081695401c2e0fdda/url - {}
RESULT: {}
COMMAND: GET /session/2d3f18d96ae83e7081695401c2e0fdda/screenshot - {}
RESULT: {}
COMMAND: POST /session/2d3f18d96ae83e7081695401c2e0fdda/element - {"using":"xpath","value":"//span[contains(text(), \"Header Billing Items\")]"}
RESULT: {"using":"xpath","value":"//span[contains(text(), \"Header Billing Items\")]"}
COMMAND: POST /session/2d3f18d96ae83e7081695401c2e0fdda/element/f.45DE14EC67F2E1C2922DF9E5341ABC59.d.DD647A6B6BD885638A09EBF85C7EA71D.e.13027/click - {}
RESULT: {}
COMMAND: GET /session/2d3f18d96ae83e7081695401c2e0fdda/screenshot - {}
RESULT: {}
COMMAND: POST /session/2d3f18d96ae83e7081695401c2e0fdda/element - {"using":"xpath","value":"//span[contains(@id ,\"contractItemsSmartTable-header-inner\")]"}
RESULT: {"using":"xpath","value":"//span[contains(@id ,\"contractItemsSmartTable-header-inner\")]"}
COMMAND: GET /session/2d3f18d96ae83e7081695401c2e0fdda/element/f.45DE14EC67F2E1C2922DF9E5341ABC59.d.DD647A6B6BD885638A09EBF85C7EA71D.e.13029/text - {}
RESULT: {}
COMMAND: POST /session/2d3f18d96ae83e7081695401c2e0fdda/element - {"using":"xpath","value":"//span[@class=\"sapMObjStatusText\"][contains(text(), \"proposed\")]"}
RESULT: {"using":"xpath","value":"//span[@class=\"sapMObjStatusText\"][contains(text(), \"proposed\")]"}
COMMAND: GET /session/2d3f18d96ae83e7081695401c2e0fdda/element/f.45DE14EC67F2E1C2922DF9E5341ABC59.d.DD647A6B6BD885638A09EBF85C7EA71D.e.13030/text - {}
RESULT: {}
COMMAND: DELETE /session/2d3f18d96ae83e7081695401c2e0fdda/window - {}
RESULT: {}
COMMAND: POST /session/2d3f18d96ae83e7081695401c2e0fdda/window - {"handle":"3980C6CC6DC27C16253BC7A58143231A"}
RESULT: {"handle":"3980C6CC6DC27C16253BC7A58143231A"}
COMMAND: GET /session/2d3f18d96ae83e7081695401c2e0fdda/url - {}
RESULT: {}
COMMAND: GET /session/2d3f18d96ae83e7081695401c2e0fdda/screenshot - {}
RESULT: {}
]]></system-out>
    </testcase>
    <testcase classname="chrome.136_0_7103_49.windows.Process_request_items_into_an_existing_quotation_US120163" name="Should navigate back to the request and check the request and item statuses" time="59.103">
      <system-out><![CDATA[
COMMAND: POST /session/2d3f18d96ae83e7081695401c2e0fdda/refresh - {}
RESULT: {}
COMMAND: GET /session/2d3f18d96ae83e7081695401c2e0fdda/screenshot - {}
RESULT: {}
COMMAND: POST /session/2d3f18d96ae83e7081695401c2e0fdda/execute/async - {"script":"<script> [189 bytes]","args":[]}
RESULT: {"script":"<script> [189 bytes]","args":[]}
COMMAND: POST /session/2d3f18d96ae83e7081695401c2e0fdda/execute/async - {"script":"<script> [123 bytes]","args":[]}
RESULT: {"script":"<script> [123 bytes]","args":[]}
COMMAND: POST /session/2d3f18d96ae83e7081695401c2e0fdda/timeouts - {"script":"<number>"}
RESULT: {"script":"<number>"}
COMMAND: GET /session/2d3f18d96ae83e7081695401c2e0fdda/timeouts - {}
RESULT: {}
RESULT: undefined
COMMAND: POST /session/2d3f18d96ae83e7081695401c2e0fdda/execute/async - {"script":"<script> [2676 bytes]","args":[]}
RESULT: {"script":"<script> [2676 bytes]","args":[]}
COMMAND: POST /session/2d3f18d96ae83e7081695401c2e0fdda/execute/async - {"script":"<script> [2342 bytes]","args":[{"protocol":"http","hostname":"0.0.0.0","path":"/","capabilities":{"browserName":"chrome","goog:chromeOptions":{"binary":"C:\\Program Files\\Google\\Chrome\\Application\\chrome.exe","args":["--start-maximized"]}},"logLevel":"warn","connectionRetryTimeout":120000,"connectionRetryCount":3,"logLevels":{},"enableDirectConnect":true,"strictSSL":true,"_":"65 more keys: [\"cacheDir\",\"port\",\"requestedCapabilities\",\"automationProtocol\",\"baseUrl\",\"waitforInterval\",\"waitforTimeout\",\"onReload\",\"beforeCommand\",\"afterCommand\",\"rootDir\",\"specs\",\"suites\",\"exclude\",\"groupLogsByTestSpec\",\"excludeDriverLogs\",\"bail\",\"framework\",\"reporters\",\"services\",\"maxInstances\",\"maxInstancesPerCapability\",\"injectGlobals\",\"filesToWatch\",\"execArgv\",\"runnerEnv\",\"runner\",\"shard\",\"specFileRetries\",\"specFileRetriesDelay\",\"specFileRetriesDeferred\",\"reporterSyncInterval\",\"reporterSyncTimeout\",\"cucumberFeaturesWithLineNumbers\",\"autoCompileOpts\",\"mochaOpts\",\"jasmineOpts\",\"cucumberOpts\",\"onPrepare\",\"onWorkerStart\",\"onWorkerEnd\",\"before\",\"beforeSession\",\"beforeSuite\",\"beforeHook\",\"beforeTest\",\"afterTest\",\"afterHook\",\"afterSuite\",\"afterSession\",\"after\",\"onComplete\",\"beforeAssertion\",\"afterAssertion\",\"beforeFeature\",\"beforeScenario\",\"beforeStep\",\"afterStep\",\"afterScenario\",\"afterFeature\",\"_\",\"suite\",\"$0\",\"ignoredWorkerServices\",\"wdi5\"]"}]}
RESULT: {"script":"<script> [2342 bytes]","args":[{"protocol":"http","hostname":"0.0.0.0","path":"/","capabilities":{"browserName":"chrome","goog:chromeOptions":{"binary":"C:\\Program Files\\Google\\Chrome\\Application\\chrome.exe","args":["--start-maximized"]}},"logLevel":"warn","connectionRetryTimeout":120000,"connectionRetryCount":3,"logLevels":{},"enableDirectConnect":true,"strictSSL":true,"_":"65 more keys: [\"cacheDir\",\"port\",\"requestedCapabilities\",\"automationProtocol\",\"baseUrl\",\"waitforInterval\",\"waitforTimeout\",\"onReload\",\"beforeCommand\",\"afterCommand\",\"rootDir\",\"specs\",\"suites\",\"exclude\",\"groupLogsByTestSpec\",\"excludeDriverLogs\",\"bail\",\"framework\",\"reporters\",\"services\",\"maxInstances\",\"maxInstancesPerCapability\",\"injectGlobals\",\"filesToWatch\",\"execArgv\",\"runnerEnv\",\"runner\",\"shard\",\"specFileRetries\",\"specFileRetriesDelay\",\"specFileRetriesDeferred\",\"reporterSyncInterval\",\"reporterSyncTimeout\",\"cucumberFeaturesWithLineNumbers\",\"autoCompileOpts\",\"mochaOpts\",\"jasmineOpts\",\"cucumberOpts\",\"onPrepare\",\"onWorkerStart\",\"onWorkerEnd\",\"before\",\"beforeSession\",\"beforeSuite\",\"beforeHook\",\"beforeTest\",\"afterTest\",\"afterHook\",\"afterSuite\",\"afterSession\",\"after\",\"onComplete\",\"beforeAssertion\",\"afterAssertion\",\"beforeFeature\",\"beforeScenario\",\"beforeStep\",\"afterStep\",\"afterScenario\",\"afterFeature\",\"_\",\"suite\",\"$0\",\"ignoredWorkerServices\",\"wdi5\"]"}]}
COMMAND: POST /session/2d3f18d96ae83e7081695401c2e0fdda/execute/async - {"script":"<script> [21126 bytes]","args":[35000]}
RESULT: {"script":"<script> [21126 bytes]","args":[35000]}
COMMAND: POST /session/2d3f18d96ae83e7081695401c2e0fdda/execute/async - {"script":"<script> [1562 bytes]","args":[{"selector":{"controlType":"sap.m.Text","viewName":"etm.portal.ui.managerequests.view.Detail","bindingPath":{"path":"/SmartRequestItemsPlanningBoard(ITEM=10m,REQUEST='20092')","propertyPath":"STATUS_DESC"}},"wdio_ui5_key":"etmportal.ui.managerequests.view.Detailsap.m.Text{\"path\":\"/SmartRequestItemsPlanningBoard(ITEM=10m,REQUEST='20092')\",\"propertyPath\":\"STATUS_DESC\"}"}]}
RESULT: {"script":"<script> [1562 bytes]","args":[{"selector":{"controlType":"sap.m.Text","viewName":"etm.portal.ui.managerequests.view.Detail","bindingPath":{"path":"/SmartRequestItemsPlanningBoard(ITEM=10m,REQUEST='20092')","propertyPath":"STATUS_DESC"}},"wdio_ui5_key":"etmportal.ui.managerequests.view.Detailsap.m.Text{\"path\":\"/SmartRequestItemsPlanningBoard(ITEM=10m,REQUEST='20092')\",\"propertyPath\":\"STATUS_DESC\"}"}]}
RESULT: undefined
COMMAND: POST /session/2d3f18d96ae83e7081695401c2e0fdda/execute/async - {"script":"<script> [6424 bytes]","args":[{"element-6066-11e4-a52e-4f735466cecf":"f.3980C6CC6DC27C16253BC7A58143231A.d.85B646B7D08A61DFC9F3E1C4F15ECE09.e.13244"},"getText",[]]}
RESULT: {"script":"<script> [6424 bytes]","args":[{"element-6066-11e4-a52e-4f735466cecf":"f.3980C6CC6DC27C16253BC7A58143231A.d.85B646B7D08A61DFC9F3E1C4F15ECE09.e.13244"},"getText",[]]}
COMMAND: POST /session/2d3f18d96ae83e7081695401c2e0fdda/execute/async - {"script":"<script> [1562 bytes]","args":[{"selector":{"controlType":"sap.m.ObjectStatus","viewName":"etm.portal.ui.managerequests.view.Detail","bindingPath":{"path":"/RequestHeaders('20092')","propertyPath":"LINK_TO_STATUS/DESCRIPTION","modelName":"catalogModel"}},"wdio_ui5_key":"etmportal.ui.managerequests.view.Detailsap.m.ObjectStatus{\"path\":\"/RequestHeaders('20092')\",\"propertyPath\":\"LINK_TO_STATUS/DESCRIPTION\",\"modelName\":\"catalogModel\"}"}]}
RESULT: {"script":"<script> [1562 bytes]","args":[{"selector":{"controlType":"sap.m.ObjectStatus","viewName":"etm.portal.ui.managerequests.view.Detail","bindingPath":{"path":"/RequestHeaders('20092')","propertyPath":"LINK_TO_STATUS/DESCRIPTION","modelName":"catalogModel"}},"wdio_ui5_key":"etmportal.ui.managerequests.view.Detailsap.m.ObjectStatus{\"path\":\"/RequestHeaders('20092')\",\"propertyPath\":\"LINK_TO_STATUS/DESCRIPTION\",\"modelName\":\"catalogModel\"}"}]}
RESULT: undefined
COMMAND: POST /session/2d3f18d96ae83e7081695401c2e0fdda/execute/async - {"script":"<script> [6424 bytes]","args":[{"element-6066-11e4-a52e-4f735466cecf":"f.3980C6CC6DC27C16253BC7A58143231A.d.85B646B7D08A61DFC9F3E1C4F15ECE09.e.13245"},"getText",[]]}
RESULT: {"script":"<script> [6424 bytes]","args":[{"element-6066-11e4-a52e-4f735466cecf":"f.3980C6CC6DC27C16253BC7A58143231A.d.85B646B7D08A61DFC9F3E1C4F15ECE09.e.13245"},"getText",[]]}
COMMAND: DELETE /session/2d3f18d96ae83e7081695401c2e0fdda - {}
RESULT: {}
]]></system-out>
    </testcase>
  </testsuite>
</testsuites>