<?xml version="1.0" encoding="UTF-8"?>
<testsuites tests="21" failures="0" errors="0" skipped="0">
  <testsuite timestamp="2025-06-14T16:58:10" time="374.997" tests="3" failures="0" errors="0" skipped="0">
    <properties>
      <property name="specId" value="0"/>
      <property name="suiteName" value="Create condition pricing US117289 US134625"/>
      <property name="capabilities" value="chrome.137_0_7151_69.windows"/>
      <property name="file" value="file:///D:/a/1/s/test/specs/BTS/create-condition-pricing.spec.js"/>
    </properties>
    <testcase classname="chrome.137_0_7151_69.windows.Create_condition_pricing_US117289_US134625" name="Should create a new yard used for all following tests" time="114.455">
      <system-out><![CDATA[
COMMAND: POST /session/ae63ae861a600ce3e86dcf3ce68037e1/window/fullscreen - {}
RESULT: {}
COMMAND: POST /session/ae63ae861a600ce3e86dcf3ce68037e1/execute/async - {"script":"<script> [1562 bytes]","args":[{"selector":{"controlType":"sap.m.GenericTile","properties":{"header":"Manage Yards"}},"wdio_ui5_key":"sapm.GenericTile{\"header\":\"Manage Yards\"}"}]}
RESULT: {"script":"<script> [1562 bytes]","args":[{"selector":{"controlType":"sap.m.GenericTile","properties":{"header":"Manage Yards"}},"wdio_ui5_key":"sapm.GenericTile{\"header\":\"Manage Yards\"}"}]}
RESULT: undefined
COMMAND: POST /session/ae63ae861a600ce3e86dcf3ce68037e1/element - {"using":"xpath","value":"//*[@id=\"__tile42\"]"}
RESULT: {"using":"xpath","value":"//*[@id=\"__tile42\"]"}
COMMAND: POST /session/ae63ae861a600ce3e86dcf3ce68037e1/element/f.B604D285643F95EEE180589880A06EE9.d.7281593AF04EA28043A54A148E92DA9E.e.178/click - {}
RESULT: {}
COMMAND: GET /session/ae63ae861a600ce3e86dcf3ce68037e1/screenshot - {}
RESULT: {}
COMMAND: POST /session/ae63ae861a600ce3e86dcf3ce68037e1/elements - {"using":"xpath","value":"//span[text()='Error']"}
RESULT: {"using":"xpath","value":"//span[text()='Error']"}
COMMAND: POST /session/ae63ae861a600ce3e86dcf3ce68037e1/element - {"using":"xpath","value":"//button[@data-kt=\"addNewYardOverflowToolbarButton\"]"}
RESULT: {"using":"xpath","value":"//button[@data-kt=\"addNewYardOverflowToolbarButton\"]"}
COMMAND: POST /session/ae63ae861a600ce3e86dcf3ce68037e1/elements - {"using":"xpath","value":"//button[@data-kt=\"addNewYardOverflowToolbarButton\"]"}
RESULT: {"using":"xpath","value":"//button[@data-kt=\"addNewYardOverflowToolbarButton\"]"}
COMMAND: POST /session/ae63ae861a600ce3e86dcf3ce68037e1/execute/sync - {"script":"<script> [8489 bytes]","args":[{"element-6066-11e4-a52e-4f735466cecf":"f.B604D285643F95EEE180589880A06EE9.d.7281593AF04EA28043A54A148E92DA9E.e.306","ELEMENT":"f.B604D285643F95EEE180589880A06EE9.d.7281593AF04EA28043A54A148E92DA9E.e.306"}]}
RESULT: {"script":"<script> [8489 bytes]","args":[{"element-6066-11e4-a52e-4f735466cecf":"f.B604D285643F95EEE180589880A06EE9.d.7281593AF04EA28043A54A148E92DA9E.e.306","ELEMENT":"f.B604D285643F95EEE180589880A06EE9.d.7281593AF04EA28043A54A148E92DA9E.e.306"}]}
COMMAND: GET /session/ae63ae861a600ce3e86dcf3ce68037e1/element/f.B604D285643F95EEE180589880A06EE9.d.7281593AF04EA28043A54A148E92DA9E.e.306/enabled - {}
COMMAND: GET /session/ae63ae861a600ce3e86dcf3ce68037e1/screenshot - {}
RESULT: {}
COMMAND: POST /session/ae63ae861a600ce3e86dcf3ce68037e1/execute/sync - {"script":"<script> [8489 bytes]","args":[{"element-6066-11e4-a52e-4f735466cecf":"f.B604D285643F95EEE180589880A06EE9.d.7281593AF04EA28043A54A148E92DA9E.e.306","ELEMENT":"f.B604D285643F95EEE180589880A06EE9.d.7281593AF04EA28043A54A148E92DA9E.e.306"}]}
COMMAND: GET /session/ae63ae861a600ce3e86dcf3ce68037e1/screenshot - {}
RESULT: {}
RESULT: {"script":"<script> [8489 bytes]","args":[{"element-6066-11e4-a52e-4f735466cecf":"f.B604D285643F95EEE180589880A06EE9.d.7281593AF04EA28043A54A148E92DA9E.e.306","ELEMENT":"f.B604D285643F95EEE180589880A06EE9.d.7281593AF04EA28043A54A148E92DA9E.e.306"}]}
COMMAND: POST /session/ae63ae861a600ce3e86dcf3ce68037e1/execute/sync - {"script":"<script> [5351 bytes]","args":[{"element-6066-11e4-a52e-4f735466cecf":"f.B604D285643F95EEE180589880A06EE9.d.7281593AF04EA28043A54A148E92DA9E.e.306","ELEMENT":"f.B604D285643F95EEE180589880A06EE9.d.7281593AF04EA28043A54A148E92DA9E.e.306"}]}
COMMAND: GET /session/ae63ae861a600ce3e86dcf3ce68037e1/screenshot - {}
RESULT: {}
RESULT: {}
RESULT: {"script":"<script> [5351 bytes]","args":[{"element-6066-11e4-a52e-4f735466cecf":"f.B604D285643F95EEE180589880A06EE9.d.7281593AF04EA28043A54A148E92DA9E.e.306","ELEMENT":"f.B604D285643F95EEE180589880A06EE9.d.7281593AF04EA28043A54A148E92DA9E.e.306"}]}
COMMAND: POST /session/ae63ae861a600ce3e86dcf3ce68037e1/element/f.B604D285643F95EEE180589880A06EE9.d.7281593AF04EA28043A54A148E92DA9E.e.306/click - {}
COMMAND: GET /session/ae63ae861a600ce3e86dcf3ce68037e1/screenshot - {}
RESULT: {}
COMMAND: GET /session/ae63ae861a600ce3e86dcf3ce68037e1/screenshot - {}
RESULT: {}
RESULT: {}
COMMAND: POST /session/ae63ae861a600ce3e86dcf3ce68037e1/element - {"using":"xpath","value":"//input[@id=\"application-manageyards-display-component---NewYard--yardId-inner\"]"}
RESULT: {"using":"xpath","value":"//input[@id=\"application-manageyards-display-component---NewYard--yardId-inner\"]"}
COMMAND: POST /session/ae63ae861a600ce3e86dcf3ce68037e1/element - {"using":"xpath","value":"//input[@id=\"application-manageyards-display-component---NewYard--yardId-inner\"]"}
RESULT: {"using":"xpath","value":"//input[@id=\"application-manageyards-display-component---NewYard--yardId-inner\"]"}
COMMAND: POST /session/ae63ae861a600ce3e86dcf3ce68037e1/execute/async - {"script":"<script> [1562 bytes]","args":[{"selector":{"id":"application-manageyards-display-component---NewYard--addressDetailDetailsName1","interaction":{"idSuffix":"inner"}},"wdio_ui5_key":"applicationmanageyards-display-component---NewYard--addressDetailDetailsName1"}]}
RESULT: {"script":"<script> [1562 bytes]","args":[{"selector":{"id":"application-manageyards-display-component---NewYard--addressDetailDetailsName1","interaction":{"idSuffix":"inner"}},"wdio_ui5_key":"applicationmanageyards-display-component---NewYard--addressDetailDetailsName1"}]}
RESULT: undefined
COMMAND: POST /session/ae63ae861a600ce3e86dcf3ce68037e1/execute/async - {"script":"<script> [776 bytes]","args":[{"enterText":"DailyPrice WDIO","selector":{"id":"application-manageyards-display-component---NewYard--addressDetailDetailsName1","interaction":{"idSuffix":"inner"}},"clearTextFirst":true,"interactionType":"ENTER_TEXT"}]}
RESULT: {"script":"<script> [776 bytes]","args":[{"enterText":"DailyPrice WDIO","selector":{"id":"application-manageyards-display-component---NewYard--addressDetailDetailsName1","interaction":{"idSuffix":"inner"}},"clearTextFirst":true,"interactionType":"ENTER_TEXT"}]}
COMMAND: POST /session/ae63ae861a600ce3e86dcf3ce68037e1/execute/async - {"script":"<script> [1562 bytes]","args":[{"selector":{"id":"application-manageyards-display-component---NewYard--addressDetailDetailsLanguage-arrow"},"wdio_ui5_key":"applicationmanageyards-display-component---NewYard--addressDetailDetailsLanguage-arrow"}]}
RESULT: {"script":"<script> [1562 bytes]","args":[{"selector":{"id":"application-manageyards-display-component---NewYard--addressDetailDetailsLanguage-arrow"},"wdio_ui5_key":"applicationmanageyards-display-component---NewYard--addressDetailDetailsLanguage-arrow"}]}
RESULT: undefined
COMMAND: POST /session/ae63ae861a600ce3e86dcf3ce68037e1/element - {"using":"xpath","value":"//*[@id=\"application-manageyards-display-component---NewYard--addressDetailDetailsLanguage-arrow\"]"}
RESULT: {"using":"xpath","value":"//*[@id=\"application-manageyards-display-component---NewYard--addressDetailDetailsLanguage-arrow\"]"}
COMMAND: POST /session/ae63ae861a600ce3e86dcf3ce68037e1/element/f.B604D285643F95EEE180589880A06EE9.d.7281593AF04EA28043A54A148E92DA9E.e.743/click - {}
RESULT: {}
COMMAND: POST /session/ae63ae861a600ce3e86dcf3ce68037e1/element - {"using":"xpath","value":"//span[contains(text(), \"English\")]"}
COMMAND: GET /session/ae63ae861a600ce3e86dcf3ce68037e1/screenshot - {}
RESULT: {"using":"xpath","value":"//span[contains(text(), \"English\")]"}
COMMAND: POST /session/ae63ae861a600ce3e86dcf3ce68037e1/element/f.B604D285643F95EEE180589880A06EE9.d.7281593AF04EA28043A54A148E92DA9E.e.744/click - {}
RESULT: {}
RESULT: {}
COMMAND: POST /session/ae63ae861a600ce3e86dcf3ce68037e1/execute/async - {"script":"<script> [1562 bytes]","args":[{"selector":{"id":"application-manageyards-display-component---NewYard--addressDetailDetailsCity1","interaction":{"idSuffix":"inner"}},"wdio_ui5_key":"applicationmanageyards-display-component---NewYard--addressDetailDetailsCity1"}]}
COMMAND: GET /session/ae63ae861a600ce3e86dcf3ce68037e1/screenshot - {}
RESULT: {"script":"<script> [1562 bytes]","args":[{"selector":{"id":"application-manageyards-display-component---NewYard--addressDetailDetailsCity1","interaction":{"idSuffix":"inner"}},"wdio_ui5_key":"applicationmanageyards-display-component---NewYard--addressDetailDetailsCity1"}]}
RESULT: undefined
COMMAND: POST /session/ae63ae861a600ce3e86dcf3ce68037e1/execute/async - {"script":"<script> [776 bytes]","args":[{"enterText":"Rosario","selector":{"id":"application-manageyards-display-component---NewYard--addressDetailDetailsCity1","interaction":{"idSuffix":"inner"}},"clearTextFirst":true,"interactionType":"ENTER_TEXT"}]}
RESULT: {}
RESULT: {"script":"<script> [776 bytes]","args":[{"enterText":"Rosario","selector":{"id":"application-manageyards-display-component---NewYard--addressDetailDetailsCity1","interaction":{"idSuffix":"inner"}},"clearTextFirst":true,"interactionType":"ENTER_TEXT"}]}
COMMAND: POST /session/ae63ae861a600ce3e86dcf3ce68037e1/execute/async - {"script":"<script> [1562 bytes]","args":[{"selector":{"id":"application-manageyards-display-component---NewYard--addressDetailDetailsCountry-arrow"},"wdio_ui5_key":"applicationmanageyards-display-component---NewYard--addressDetailDetailsCountry-arrow"}]}
RESULT: {"script":"<script> [1562 bytes]","args":[{"selector":{"id":"application-manageyards-display-component---NewYard--addressDetailDetailsCountry-arrow"},"wdio_ui5_key":"applicationmanageyards-display-component---NewYard--addressDetailDetailsCountry-arrow"}]}
RESULT: undefined
COMMAND: POST /session/ae63ae861a600ce3e86dcf3ce68037e1/element - {"using":"xpath","value":"//*[@id=\"application-manageyards-display-component---NewYard--addressDetailDetailsCountry-arrow\"]"}
RESULT: {"using":"xpath","value":"//*[@id=\"application-manageyards-display-component---NewYard--addressDetailDetailsCountry-arrow\"]"}
COMMAND: POST /session/ae63ae861a600ce3e86dcf3ce68037e1/element/f.B604D285643F95EEE180589880A06EE9.d.7281593AF04EA28043A54A148E92DA9E.e.746/click - {}
RESULT: {}
COMMAND: POST /session/ae63ae861a600ce3e86dcf3ce68037e1/element - {"using":"xpath","value":"//span[contains(text(), \"Argentina\")]"}
COMMAND: GET /session/ae63ae861a600ce3e86dcf3ce68037e1/screenshot - {}
RESULT: {"using":"xpath","value":"//span[contains(text(), \"Argentina\")]"}
COMMAND: POST /session/ae63ae861a600ce3e86dcf3ce68037e1/element/f.B604D285643F95EEE180589880A06EE9.d.7281593AF04EA28043A54A148E92DA9E.e.747/click - {}
RESULT: {}
RESULT: {}
COMMAND: POST /session/ae63ae861a600ce3e86dcf3ce68037e1/execute/async - {"script":"<script> [1562 bytes]","args":[{"selector":{"id":"application-manageyards-display-component---NewYard--addressEditDetailsCostObjectCstType-arrow"},"wdio_ui5_key":"applicationmanageyards-display-component---NewYard--addressEditDetailsCostObjectCstType-arrow"}]}
COMMAND: GET /session/ae63ae861a600ce3e86dcf3ce68037e1/screenshot - {}
RESULT: {"script":"<script> [1562 bytes]","args":[{"selector":{"id":"application-manageyards-display-component---NewYard--addressEditDetailsCostObjectCstType-arrow"},"wdio_ui5_key":"applicationmanageyards-display-component---NewYard--addressEditDetailsCostObjectCstType-arrow"}]}
RESULT: undefined
COMMAND: POST /session/ae63ae861a600ce3e86dcf3ce68037e1/element - {"using":"xpath","value":"//*[@id=\"application-manageyards-display-component---NewYard--addressEditDetailsCostObjectCstType-arrow\"]"}
RESULT: {}
RESULT: {"using":"xpath","value":"//*[@id=\"application-manageyards-display-component---NewYard--addressEditDetailsCostObjectCstType-arrow\"]"}
COMMAND: POST /session/ae63ae861a600ce3e86dcf3ce68037e1/element/f.B604D285643F95EEE180589880A06EE9.d.7281593AF04EA28043A54A148E92DA9E.e.749/click - {}
RESULT: {}
COMMAND: POST /session/ae63ae861a600ce3e86dcf3ce68037e1/element - {"using":"xpath","value":"//span[contains(text(), \"Cost Center\")]"}
COMMAND: GET /session/ae63ae861a600ce3e86dcf3ce68037e1/screenshot - {}
RESULT: {"using":"xpath","value":"//span[contains(text(), \"Cost Center\")]"}
COMMAND: POST /session/ae63ae861a600ce3e86dcf3ce68037e1/element/f.B604D285643F95EEE180589880A06EE9.d.7281593AF04EA28043A54A148E92DA9E.e.750/click - {}
RESULT: {}
RESULT: {}
COMMAND: GET /session/ae63ae861a600ce3e86dcf3ce68037e1/screenshot - {}
RESULT: {}
COMMAND: POST /session/ae63ae861a600ce3e86dcf3ce68037e1/element - {"using":"xpath","value":"//span[@id=\"application-manageyards-display-component---NewYard--addressNewCostObjectCstID-vhi\"]"}
RESULT: {"using":"xpath","value":"//span[@id=\"application-manageyards-display-component---NewYard--addressNewCostObjectCstID-vhi\"]"}
COMMAND: POST /session/ae63ae861a600ce3e86dcf3ce68037e1/execute/sync - {"script":"<script> [8489 bytes]","args":[{"element-6066-11e4-a52e-4f735466cecf":"f.B604D285643F95EEE180589880A06EE9.d.7281593AF04EA28043A54A148E92DA9E.e.754","ELEMENT":"f.B604D285643F95EEE180589880A06EE9.d.7281593AF04EA28043A54A148E92DA9E.e.754"}]}
RESULT: {"script":"<script> [8489 bytes]","args":[{"element-6066-11e4-a52e-4f735466cecf":"f.B604D285643F95EEE180589880A06EE9.d.7281593AF04EA28043A54A148E92DA9E.e.754","ELEMENT":"f.B604D285643F95EEE180589880A06EE9.d.7281593AF04EA28043A54A148E92DA9E.e.754"}]}
COMMAND: POST /session/ae63ae861a600ce3e86dcf3ce68037e1/execute/async - {"script":"<script> [1562 bytes]","args":[{"selector":{"id":"application-manageyards-display-component---NewYard--addressNewCostObjectCstID-vhi"},"wdio_ui5_key":"applicationmanageyards-display-component---NewYard--addressNewCostObjectCstID-vhi"}]}
COMMAND: GET /session/ae63ae861a600ce3e86dcf3ce68037e1/screenshot - {}
RESULT: {"script":"<script> [1562 bytes]","args":[{"selector":{"id":"application-manageyards-display-component---NewYard--addressNewCostObjectCstID-vhi"},"wdio_ui5_key":"applicationmanageyards-display-component---NewYard--addressNewCostObjectCstID-vhi"}]}
RESULT: undefined
COMMAND: POST /session/ae63ae861a600ce3e86dcf3ce68037e1/element - {"using":"xpath","value":"//*[@id=\"application-manageyards-display-component---NewYard--addressNewCostObjectCstID-vhi\"]"}
RESULT: {}
RESULT: {"using":"xpath","value":"//*[@id=\"application-manageyards-display-component---NewYard--addressNewCostObjectCstID-vhi\"]"}
COMMAND: POST /session/ae63ae861a600ce3e86dcf3ce68037e1/element/f.B604D285643F95EEE180589880A06EE9.d.7281593AF04EA28043A54A148E92DA9E.e.754/click - {}
RESULT: {}
COMMAND: GET /session/ae63ae861a600ce3e86dcf3ce68037e1/screenshot - {}
RESULT: {}
COMMAND: POST /session/ae63ae861a600ce3e86dcf3ce68037e1/execute/async - {"script":"<script> [1562 bytes]","args":[{"selector":{"controlType":"sap.m.SearchField","properties":{"placeholder":"Search"},"searchOpenDialogs":true,"interaction":{"idSuffix":"I"}},"wdio_ui5_key":"sapm.SearchField{\"placeholder\":\"Search\"}"}]}
RESULT: {"script":"<script> [1562 bytes]","args":[{"selector":{"controlType":"sap.m.SearchField","properties":{"placeholder":"Search"},"searchOpenDialogs":true,"interaction":{"idSuffix":"I"}},"wdio_ui5_key":"sapm.SearchField{\"placeholder\":\"Search\"}"}]}
RESULT: undefined
COMMAND: POST /session/ae63ae861a600ce3e86dcf3ce68037e1/execute/async - {"script":"<script> [776 bytes]","args":[{"enterText":"bauh_b","selector":{"controlType":"sap.m.SearchField","properties":{"placeholder":"Search"},"searchOpenDialogs":true,"interaction":{"idSuffix":"I"}},"clearTextFirst":true,"interactionType":"ENTER_TEXT"}]}
RESULT: {"script":"<script> [776 bytes]","args":[{"enterText":"bauh_b","selector":{"controlType":"sap.m.SearchField","properties":{"placeholder":"Search"},"searchOpenDialogs":true,"interaction":{"idSuffix":"I"}},"clearTextFirst":true,"interactionType":"ENTER_TEXT"}]}
COMMAND: POST /session/ae63ae861a600ce3e86dcf3ce68037e1/actions - {"actions":[{"id":"action1","type":"key","parameters":{},"actions":[{"type":"keyDown","value":""},{"type":"pause","duration":10},{"type":"keyUp","value":""}]}]}
RESULT: {"actions":[{"id":"action1","type":"key","parameters":{},"actions":[{"type":"keyDown","value":""},{"type":"pause","duration":10},{"type":"keyUp","value":""}]}]}
COMMAND: GET /session/ae63ae861a600ce3e86dcf3ce68037e1/screenshot - {}
RESULT: {}
COMMAND: POST /session/ae63ae861a600ce3e86dcf3ce68037e1/element - {"using":"xpath","value":"//span[contains(text(), \"Demo Yard\")]"}
RESULT: {"using":"xpath","value":"//span[contains(text(), \"Demo Yard\")]"}
COMMAND: POST /session/ae63ae861a600ce3e86dcf3ce68037e1/element/f.B604D285643F95EEE180589880A06EE9.d.7281593AF04EA28043A54A148E92DA9E.e.795/click - {}
RESULT: {}
COMMAND: GET /session/ae63ae861a600ce3e86dcf3ce68037e1/screenshot - {}
RESULT: {}
COMMAND: POST /session/ae63ae861a600ce3e86dcf3ce68037e1/element - {"using":"xpath","value":"//bdi[contains(text(), \"OK\")]"}
RESULT: {"using":"xpath","value":"//bdi[contains(text(), \"OK\")]"}
COMMAND: POST /session/ae63ae861a600ce3e86dcf3ce68037e1/element/f.B604D285643F95EEE180589880A06EE9.d.7281593AF04EA28043A54A148E92DA9E.e.796/click - {}
RESULT: {}
COMMAND: GET /session/ae63ae861a600ce3e86dcf3ce68037e1/screenshot - {}
RESULT: {}
COMMAND: POST /session/ae63ae861a600ce3e86dcf3ce68037e1/execute/async - {"script":"<script> [1562 bytes]","args":[{"selector":{"id":"application-manageyards-display-component---NewYard--addressEditDetailsCurrency-arrow"},"wdio_ui5_key":"applicationmanageyards-display-component---NewYard--addressEditDetailsCurrency-arrow"}]}
RESULT: {"script":"<script> [1562 bytes]","args":[{"selector":{"id":"application-manageyards-display-component---NewYard--addressEditDetailsCurrency-arrow"},"wdio_ui5_key":"applicationmanageyards-display-component---NewYard--addressEditDetailsCurrency-arrow"}]}
RESULT: undefined
COMMAND: POST /session/ae63ae861a600ce3e86dcf3ce68037e1/element - {"using":"xpath","value":"//*[@id=\"application-manageyards-display-component---NewYard--addressEditDetailsCurrency-arrow\"]"}
RESULT: {"using":"xpath","value":"//*[@id=\"application-manageyards-display-component---NewYard--addressEditDetailsCurrency-arrow\"]"}
COMMAND: POST /session/ae63ae861a600ce3e86dcf3ce68037e1/element/f.B604D285643F95EEE180589880A06EE9.d.7281593AF04EA28043A54A148E92DA9E.e.799/click - {}
RESULT: {}
COMMAND: POST /session/ae63ae861a600ce3e86dcf3ce68037e1/element - {"using":"xpath","value":"//span[contains(text(), \"Euro\")]"}
COMMAND: GET /session/ae63ae861a600ce3e86dcf3ce68037e1/screenshot - {}
RESULT: {"using":"xpath","value":"//span[contains(text(), \"Euro\")]"}
COMMAND: POST /session/ae63ae861a600ce3e86dcf3ce68037e1/element/f.B604D285643F95EEE180589880A06EE9.d.7281593AF04EA28043A54A148E92DA9E.e.800/click - {}
RESULT: {}
RESULT: {}
COMMAND: POST /session/ae63ae861a600ce3e86dcf3ce68037e1/execute/async - {"script":"<script> [1562 bytes]","args":[{"selector":{"controlType":"sap.m.Input","viewName":"etm.portal.ui.manageyards.view.New","viewId":"application-manageyards-display-component---NewYard","bindingPath":{"path":"","propertyPath":"/CONTROLLING_AREA","modelName":"NewYardModel"},"interaction":{"idSuffix":"inner"}},"wdio_ui5_key":"etmportal.ui.manageyards.view.Newsap.m.Input{\"path\":\"\",\"propertyPath\":\"/CONTROLLING_AREA\",\"modelName\":\"NewYardModel\"}"}]}
COMMAND: GET /session/ae63ae861a600ce3e86dcf3ce68037e1/screenshot - {}
RESULT: {"script":"<script> [1562 bytes]","args":[{"selector":{"controlType":"sap.m.Input","viewName":"etm.portal.ui.manageyards.view.New","viewId":"application-manageyards-display-component---NewYard","bindingPath":{"path":"","propertyPath":"/CONTROLLING_AREA","modelName":"NewYardModel"},"interaction":{"idSuffix":"inner"}},"wdio_ui5_key":"etmportal.ui.manageyards.view.Newsap.m.Input{\"path\":\"\",\"propertyPath\":\"/CONTROLLING_AREA\",\"modelName\":\"NewYardModel\"}"}]}
RESULT: undefined
COMMAND: POST /session/ae63ae861a600ce3e86dcf3ce68037e1/execute/async - {"script":"<script> [776 bytes]","args":[{"enterText":"Z001","selector":{"controlType":"sap.m.Input","viewName":"etm.portal.ui.manageyards.view.New","viewId":"application-manageyards-display-component---NewYard","bindingPath":{"path":"","propertyPath":"/CONTROLLING_AREA","modelName":"NewYardModel"},"interaction":{"idSuffix":"inner"}},"clearTextFirst":true,"interactionType":"ENTER_TEXT"}]}
RESULT: {}
RESULT: {"script":"<script> [776 bytes]","args":[{"enterText":"Z001","selector":{"controlType":"sap.m.Input","viewName":"etm.portal.ui.manageyards.view.New","viewId":"application-manageyards-display-component---NewYard","bindingPath":{"path":"","propertyPath":"/CONTROLLING_AREA","modelName":"NewYardModel"},"interaction":{"idSuffix":"inner"}},"clearTextFirst":true,"interactionType":"ENTER_TEXT"}]}
COMMAND: POST /session/ae63ae861a600ce3e86dcf3ce68037e1/execute/async - {"script":"<script> [1562 bytes]","args":[{"selector":{"id":"application-manageyards-display-component---NewYard--companyCodeComboBox","interaction":{"idSuffix":"inner"}},"wdio_ui5_key":"applicationmanageyards-display-component---NewYard--companyCodeComboBox"}]}
RESULT: {"script":"<script> [1562 bytes]","args":[{"selector":{"id":"application-manageyards-display-component---NewYard--companyCodeComboBox","interaction":{"idSuffix":"inner"}},"wdio_ui5_key":"applicationmanageyards-display-component---NewYard--companyCodeComboBox"}]}
RESULT: undefined
COMMAND: POST /session/ae63ae861a600ce3e86dcf3ce68037e1/execute/async - {"script":"<script> [776 bytes]","args":[{"enterText":"1000","selector":{"id":"application-manageyards-display-component---NewYard--companyCodeComboBox","interaction":{"idSuffix":"inner"}},"clearTextFirst":true,"interactionType":"ENTER_TEXT"}]}
RESULT: {"script":"<script> [776 bytes]","args":[{"enterText":"1000","selector":{"id":"application-manageyards-display-component---NewYard--companyCodeComboBox","interaction":{"idSuffix":"inner"}},"clearTextFirst":true,"interactionType":"ENTER_TEXT"}]}
COMMAND: POST /session/ae63ae861a600ce3e86dcf3ce68037e1/execute/async - {"script":"<script> [1562 bytes]","args":[{"selector":{"controlType":"sap.m.Input","viewName":"etm.portal.ui.manageyards.view.New","viewId":"application-manageyards-display-component---NewYard","bindingPath":{"path":"","propertyPath":"/PLANT","modelName":"NewYardModel"},"interaction":{"idSuffix":"inner"}},"wdio_ui5_key":"etmportal.ui.manageyards.view.Newsap.m.Input{\"path\":\"\",\"propertyPath\":\"/PLANT\",\"modelName\":\"NewYardModel\"}"}]}
RESULT: {"script":"<script> [1562 bytes]","args":[{"selector":{"controlType":"sap.m.Input","viewName":"etm.portal.ui.manageyards.view.New","viewId":"application-manageyards-display-component---NewYard","bindingPath":{"path":"","propertyPath":"/PLANT","modelName":"NewYardModel"},"interaction":{"idSuffix":"inner"}},"wdio_ui5_key":"etmportal.ui.manageyards.view.Newsap.m.Input{\"path\":\"\",\"propertyPath\":\"/PLANT\",\"modelName\":\"NewYardModel\"}"}]}
RESULT: undefined
COMMAND: POST /session/ae63ae861a600ce3e86dcf3ce68037e1/execute/async - {"script":"<script> [776 bytes]","args":[{"enterText":"1001","selector":{"controlType":"sap.m.Input","viewName":"etm.portal.ui.manageyards.view.New","viewId":"application-manageyards-display-component---NewYard","bindingPath":{"path":"","propertyPath":"/PLANT","modelName":"NewYardModel"},"interaction":{"idSuffix":"inner"}},"clearTextFirst":true,"interactionType":"ENTER_TEXT"}]}
RESULT: {"script":"<script> [776 bytes]","args":[{"enterText":"1001","selector":{"controlType":"sap.m.Input","viewName":"etm.portal.ui.manageyards.view.New","viewId":"application-manageyards-display-component---NewYard","bindingPath":{"path":"","propertyPath":"/PLANT","modelName":"NewYardModel"},"interaction":{"idSuffix":"inner"}},"clearTextFirst":true,"interactionType":"ENTER_TEXT"}]}
COMMAND: POST /session/ae63ae861a600ce3e86dcf3ce68037e1/execute/async - {"script":"<script> [1562 bytes]","args":[{"selector":{"controlType":"sap.m.Input","viewName":"etm.portal.ui.manageyards.view.New","viewId":"application-manageyards-display-component---NewYard","bindingPath":{"path":"","propertyPath":"/SALES_AREA_VKORG","modelName":"NewYardModel"},"interaction":{"idSuffix":"inner"}},"wdio_ui5_key":"etmportal.ui.manageyards.view.Newsap.m.Input{\"path\":\"\",\"propertyPath\":\"/SALES_AREA_VKORG\",\"modelName\":\"NewYardModel\"}"}]}
RESULT: {"script":"<script> [1562 bytes]","args":[{"selector":{"controlType":"sap.m.Input","viewName":"etm.portal.ui.manageyards.view.New","viewId":"application-manageyards-display-component---NewYard","bindingPath":{"path":"","propertyPath":"/SALES_AREA_VKORG","modelName":"NewYardModel"},"interaction":{"idSuffix":"inner"}},"wdio_ui5_key":"etmportal.ui.manageyards.view.Newsap.m.Input{\"path\":\"\",\"propertyPath\":\"/SALES_AREA_VKORG\",\"modelName\":\"NewYardModel\"}"}]}
RESULT: undefined
COMMAND: POST /session/ae63ae861a600ce3e86dcf3ce68037e1/execute/async - {"script":"<script> [776 bytes]","args":[{"enterText":"C002","selector":{"controlType":"sap.m.Input","viewName":"etm.portal.ui.manageyards.view.New","viewId":"application-manageyards-display-component---NewYard","bindingPath":{"path":"","propertyPath":"/SALES_AREA_VKORG","modelName":"NewYardModel"},"interaction":{"idSuffix":"inner"}},"clearTextFirst":true,"interactionType":"ENTER_TEXT"}]}
RESULT: {"script":"<script> [776 bytes]","args":[{"enterText":"C002","selector":{"controlType":"sap.m.Input","viewName":"etm.portal.ui.manageyards.view.New","viewId":"application-manageyards-display-component---NewYard","bindingPath":{"path":"","propertyPath":"/SALES_AREA_VKORG","modelName":"NewYardModel"},"interaction":{"idSuffix":"inner"}},"clearTextFirst":true,"interactionType":"ENTER_TEXT"}]}
COMMAND: POST /session/ae63ae861a600ce3e86dcf3ce68037e1/execute/async - {"script":"<script> [1562 bytes]","args":[{"selector":{"controlType":"sap.m.Input","viewName":"etm.portal.ui.manageyards.view.New","viewId":"application-manageyards-display-component---NewYard","bindingPath":{"path":"","propertyPath":"/SALES_AREA_VTWEG","modelName":"NewYardModel"},"interaction":{"idSuffix":"inner"}},"wdio_ui5_key":"etmportal.ui.manageyards.view.Newsap.m.Input{\"path\":\"\",\"propertyPath\":\"/SALES_AREA_VTWEG\",\"modelName\":\"NewYardModel\"}"}]}
RESULT: {"script":"<script> [1562 bytes]","args":[{"selector":{"controlType":"sap.m.Input","viewName":"etm.portal.ui.manageyards.view.New","viewId":"application-manageyards-display-component---NewYard","bindingPath":{"path":"","propertyPath":"/SALES_AREA_VTWEG","modelName":"NewYardModel"},"interaction":{"idSuffix":"inner"}},"wdio_ui5_key":"etmportal.ui.manageyards.view.Newsap.m.Input{\"path\":\"\",\"propertyPath\":\"/SALES_AREA_VTWEG\",\"modelName\":\"NewYardModel\"}"}]}
RESULT: undefined
COMMAND: POST /session/ae63ae861a600ce3e86dcf3ce68037e1/execute/async - {"script":"<script> [776 bytes]","args":[{"enterText":"C2","selector":{"controlType":"sap.m.Input","viewName":"etm.portal.ui.manageyards.view.New","viewId":"application-manageyards-display-component---NewYard","bindingPath":{"path":"","propertyPath":"/SALES_AREA_VTWEG","modelName":"NewYardModel"},"interaction":{"idSuffix":"inner"}},"clearTextFirst":true,"interactionType":"ENTER_TEXT"}]}
RESULT: {"script":"<script> [776 bytes]","args":[{"enterText":"C2","selector":{"controlType":"sap.m.Input","viewName":"etm.portal.ui.manageyards.view.New","viewId":"application-manageyards-display-component---NewYard","bindingPath":{"path":"","propertyPath":"/SALES_AREA_VTWEG","modelName":"NewYardModel"},"interaction":{"idSuffix":"inner"}},"clearTextFirst":true,"interactionType":"ENTER_TEXT"}]}
COMMAND: POST /session/ae63ae861a600ce3e86dcf3ce68037e1/execute/async - {"script":"<script> [1562 bytes]","args":[{"selector":{"controlType":"sap.m.Input","viewName":"etm.portal.ui.manageyards.view.New","viewId":"application-manageyards-display-component---NewYard","bindingPath":{"path":"","propertyPath":"/SALES_AREA_SPART","modelName":"NewYardModel"},"interaction":{"idSuffix":"inner"}},"wdio_ui5_key":"etmportal.ui.manageyards.view.Newsap.m.Input{\"path\":\"\",\"propertyPath\":\"/SALES_AREA_SPART\",\"modelName\":\"NewYardModel\"}"}]}
RESULT: {"script":"<script> [1562 bytes]","args":[{"selector":{"controlType":"sap.m.Input","viewName":"etm.portal.ui.manageyards.view.New","viewId":"application-manageyards-display-component---NewYard","bindingPath":{"path":"","propertyPath":"/SALES_AREA_SPART","modelName":"NewYardModel"},"interaction":{"idSuffix":"inner"}},"wdio_ui5_key":"etmportal.ui.manageyards.view.Newsap.m.Input{\"path\":\"\",\"propertyPath\":\"/SALES_AREA_SPART\",\"modelName\":\"NewYardModel\"}"}]}
RESULT: undefined
COMMAND: POST /session/ae63ae861a600ce3e86dcf3ce68037e1/execute/async - {"script":"<script> [776 bytes]","args":[{"enterText":"C2","selector":{"controlType":"sap.m.Input","viewName":"etm.portal.ui.manageyards.view.New","viewId":"application-manageyards-display-component---NewYard","bindingPath":{"path":"","propertyPath":"/SALES_AREA_SPART","modelName":"NewYardModel"},"interaction":{"idSuffix":"inner"}},"clearTextFirst":true,"interactionType":"ENTER_TEXT"}]}
RESULT: {"script":"<script> [776 bytes]","args":[{"enterText":"C2","selector":{"controlType":"sap.m.Input","viewName":"etm.portal.ui.manageyards.view.New","viewId":"application-manageyards-display-component---NewYard","bindingPath":{"path":"","propertyPath":"/SALES_AREA_SPART","modelName":"NewYardModel"},"interaction":{"idSuffix":"inner"}},"clearTextFirst":true,"interactionType":"ENTER_TEXT"}]}
COMMAND: POST /session/ae63ae861a600ce3e86dcf3ce68037e1/execute/async - {"script":"<script> [1562 bytes]","args":[{"selector":{"controlType":"sap.m.Input","viewName":"etm.portal.ui.manageyards.view.New","viewId":"application-manageyards-display-component---NewYard","bindingPath":{"path":"","propertyPath":"/SHIP_POINT","modelName":"NewYardModel"},"interaction":{"idSuffix":"inner"}},"wdio_ui5_key":"etmportal.ui.manageyards.view.Newsap.m.Input{\"path\":\"\",\"propertyPath\":\"/SHIP_POINT\",\"modelName\":\"NewYardModel\"}"}]}
RESULT: {"script":"<script> [1562 bytes]","args":[{"selector":{"controlType":"sap.m.Input","viewName":"etm.portal.ui.manageyards.view.New","viewId":"application-manageyards-display-component---NewYard","bindingPath":{"path":"","propertyPath":"/SHIP_POINT","modelName":"NewYardModel"},"interaction":{"idSuffix":"inner"}},"wdio_ui5_key":"etmportal.ui.manageyards.view.Newsap.m.Input{\"path\":\"\",\"propertyPath\":\"/SHIP_POINT\",\"modelName\":\"NewYardModel\"}"}]}
RESULT: undefined
COMMAND: POST /session/ae63ae861a600ce3e86dcf3ce68037e1/execute/async - {"script":"<script> [776 bytes]","args":[{"enterText":"1710","selector":{"controlType":"sap.m.Input","viewName":"etm.portal.ui.manageyards.view.New","viewId":"application-manageyards-display-component---NewYard","bindingPath":{"path":"","propertyPath":"/SHIP_POINT","modelName":"NewYardModel"},"interaction":{"idSuffix":"inner"}},"clearTextFirst":true,"interactionType":"ENTER_TEXT"}]}
RESULT: {"script":"<script> [776 bytes]","args":[{"enterText":"1710","selector":{"controlType":"sap.m.Input","viewName":"etm.portal.ui.manageyards.view.New","viewId":"application-manageyards-display-component---NewYard","bindingPath":{"path":"","propertyPath":"/SHIP_POINT","modelName":"NewYardModel"},"interaction":{"idSuffix":"inner"}},"clearTextFirst":true,"interactionType":"ENTER_TEXT"}]}
COMMAND: POST /session/ae63ae861a600ce3e86dcf3ce68037e1/execute/async - {"script":"<script> [1562 bytes]","args":[{"selector":{"controlType":"sap.m.Input","viewName":"etm.portal.ui.manageyards.view.New","viewId":"application-manageyards-display-component---NewYard","bindingPath":{"path":"","propertyPath":"/DELIVERY_TYPE","modelName":"NewYardModel"},"interaction":{"idSuffix":"inner"}},"wdio_ui5_key":"etmportal.ui.manageyards.view.Newsap.m.Input{\"path\":\"\",\"propertyPath\":\"/DELIVERY_TYPE\",\"modelName\":\"NewYardModel\"}"}]}
RESULT: {"script":"<script> [1562 bytes]","args":[{"selector":{"controlType":"sap.m.Input","viewName":"etm.portal.ui.manageyards.view.New","viewId":"application-manageyards-display-component---NewYard","bindingPath":{"path":"","propertyPath":"/DELIVERY_TYPE","modelName":"NewYardModel"},"interaction":{"idSuffix":"inner"}},"wdio_ui5_key":"etmportal.ui.manageyards.view.Newsap.m.Input{\"path\":\"\",\"propertyPath\":\"/DELIVERY_TYPE\",\"modelName\":\"NewYardModel\"}"}]}
RESULT: undefined
COMMAND: POST /session/ae63ae861a600ce3e86dcf3ce68037e1/execute/async - {"script":"<script> [776 bytes]","args":[{"enterText":"ZL01","selector":{"controlType":"sap.m.Input","viewName":"etm.portal.ui.manageyards.view.New","viewId":"application-manageyards-display-component---NewYard","bindingPath":{"path":"","propertyPath":"/DELIVERY_TYPE","modelName":"NewYardModel"},"interaction":{"idSuffix":"inner"}},"clearTextFirst":true,"interactionType":"ENTER_TEXT"}]}
RESULT: {"script":"<script> [776 bytes]","args":[{"enterText":"ZL01","selector":{"controlType":"sap.m.Input","viewName":"etm.portal.ui.manageyards.view.New","viewId":"application-manageyards-display-component---NewYard","bindingPath":{"path":"","propertyPath":"/DELIVERY_TYPE","modelName":"NewYardModel"},"interaction":{"idSuffix":"inner"}},"clearTextFirst":true,"interactionType":"ENTER_TEXT"}]}
COMMAND: POST /session/ae63ae861a600ce3e86dcf3ce68037e1/execute/async - {"script":"<script> [1562 bytes]","args":[{"selector":{"controlType":"sap.m.Input","viewName":"etm.portal.ui.manageyards.view.New","viewId":"application-manageyards-display-component---NewYard","bindingPath":{"path":"","propertyPath":"/AUART","modelName":"NewYardModel"},"interaction":{"idSuffix":"inner"}},"wdio_ui5_key":"etmportal.ui.manageyards.view.Newsap.m.Input{\"path\":\"\",\"propertyPath\":\"/AUART\",\"modelName\":\"NewYardModel\"}"}]}
RESULT: {"script":"<script> [1562 bytes]","args":[{"selector":{"controlType":"sap.m.Input","viewName":"etm.portal.ui.manageyards.view.New","viewId":"application-manageyards-display-component---NewYard","bindingPath":{"path":"","propertyPath":"/AUART","modelName":"NewYardModel"},"interaction":{"idSuffix":"inner"}},"wdio_ui5_key":"etmportal.ui.manageyards.view.Newsap.m.Input{\"path\":\"\",\"propertyPath\":\"/AUART\",\"modelName\":\"NewYardModel\"}"}]}
RESULT: undefined
COMMAND: POST /session/ae63ae861a600ce3e86dcf3ce68037e1/execute/async - {"script":"<script> [776 bytes]","args":[{"enterText":"TA","selector":{"controlType":"sap.m.Input","viewName":"etm.portal.ui.manageyards.view.New","viewId":"application-manageyards-display-component---NewYard","bindingPath":{"path":"","propertyPath":"/AUART","modelName":"NewYardModel"},"interaction":{"idSuffix":"inner"}},"clearTextFirst":true,"interactionType":"ENTER_TEXT"}]}
RESULT: {"script":"<script> [776 bytes]","args":[{"enterText":"TA","selector":{"controlType":"sap.m.Input","viewName":"etm.portal.ui.manageyards.view.New","viewId":"application-manageyards-display-component---NewYard","bindingPath":{"path":"","propertyPath":"/AUART","modelName":"NewYardModel"},"interaction":{"idSuffix":"inner"}},"clearTextFirst":true,"interactionType":"ENTER_TEXT"}]}
COMMAND: POST /session/ae63ae861a600ce3e86dcf3ce68037e1/element - {"using":"xpath","value":"//button[@data-kt=\"newYardSaveButton\"]"}
RESULT: {"using":"xpath","value":"//button[@data-kt=\"newYardSaveButton\"]"}
COMMAND: POST /session/ae63ae861a600ce3e86dcf3ce68037e1/element/f.B604D285643F95EEE180589880A06EE9.d.7281593AF04EA28043A54A148E92DA9E.e.726/click - {}
RESULT: {}
COMMAND: GET /session/ae63ae861a600ce3e86dcf3ce68037e1/screenshot - {}
RESULT: {}
COMMAND: POST /session/ae63ae861a600ce3e86dcf3ce68037e1/element - {"using":"xpath","value":"//header[contains(@id, 'ObjectPageLayout-headerTitle')]/div[1]/div[2]/div[1]/span[1]"}
RESULT: {"using":"xpath","value":"//header[contains(@id, 'ObjectPageLayout-headerTitle')]/div[1]/div[2]/div[1]/span[1]"}
COMMAND: POST /session/ae63ae861a600ce3e86dcf3ce68037e1/elements - {"using":"xpath","value":"//header[contains(@id, 'ObjectPageLayout-headerTitle')]/div[1]/div[2]/div[1]/span[1]"}
RESULT: {"using":"xpath","value":"//header[contains(@id, 'ObjectPageLayout-headerTitle')]/div[1]/div[2]/div[1]/span[1]"}
COMMAND: POST /session/ae63ae861a600ce3e86dcf3ce68037e1/execute/sync - {"script":"<script> [56 bytes]","args":[{"element-6066-11e4-a52e-4f735466cecf":"f.B604D285643F95EEE180589880A06EE9.d.7281593AF04EA28043A54A148E92DA9E.e.1031","ELEMENT":"f.B604D285643F95EEE180589880A06EE9.d.7281593AF04EA28043A54A148E92DA9E.e.1031"}]}
RESULT: {"script":"<script> [56 bytes]","args":[{"element-6066-11e4-a52e-4f735466cecf":"f.B604D285643F95EEE180589880A06EE9.d.7281593AF04EA28043A54A148E92DA9E.e.1031","ELEMENT":"f.B604D285643F95EEE180589880A06EE9.d.7281593AF04EA28043A54A148E92DA9E.e.1031"}]}
COMMAND: GET /session/ae63ae861a600ce3e86dcf3ce68037e1/screenshot - {}
RESULT: {}
COMMAND: POST /session/ae63ae861a600ce3e86dcf3ce68037e1/element - {"using":"css selector","value":"#shell-header-logo"}
RESULT: {"using":"css selector","value":"#shell-header-logo"}
COMMAND: POST /session/ae63ae861a600ce3e86dcf3ce68037e1/element/f.B604D285643F95EEE180589880A06EE9.d.7281593AF04EA28043A54A148E92DA9E.e.275/click - {}
RESULT: {}
COMMAND: GET /session/ae63ae861a600ce3e86dcf3ce68037e1/screenshot - {}
RESULT: {}
COMMAND: POST /session/ae63ae861a600ce3e86dcf3ce68037e1/execute/sync - {"script":"<script> [299 bytes]","args":[["getModel","getResource"]]}
RESULT: {"script":"<script> [299 bytes]","args":[["getModel","getResource"]]}
COMMAND: GET /session/ae63ae861a600ce3e86dcf3ce68037e1/screenshot - {}
]]></system-out>
    </testcase>
    <testcase classname="chrome.137_0_7151_69.windows.Create_condition_pricing_US117289_US134625" name="Should create a new equipment used for all following tests" time="137.353">
      <system-out><![CDATA[
COMMAND: POST /session/ae63ae861a600ce3e86dcf3ce68037e1/execute/async - {"script":"<script> [1562 bytes]","args":[{"selector":{"controlType":"sap.m.GenericTile","properties":{"header":"Manage Resources"}},"wdio_ui5_key":"sapm.GenericTile{\"header\":\"Manage Resources\"}"}]}
RESULT: {}
RESULT: {"script":"<script> [1562 bytes]","args":[{"selector":{"controlType":"sap.m.GenericTile","properties":{"header":"Manage Resources"}},"wdio_ui5_key":"sapm.GenericTile{\"header\":\"Manage Resources\"}"}]}
RESULT: undefined
COMMAND: POST /session/ae63ae861a600ce3e86dcf3ce68037e1/element - {"using":"xpath","value":"//*[@id=\"__tile40\"]"}
RESULT: {"using":"xpath","value":"//*[@id=\"__tile40\"]"}
COMMAND: POST /session/ae63ae861a600ce3e86dcf3ce68037e1/element/f.B604D285643F95EEE180589880A06EE9.d.7281593AF04EA28043A54A148E92DA9E.e.172/click - {}
RESULT: {}
COMMAND: GET /session/ae63ae861a600ce3e86dcf3ce68037e1/screenshot - {}
RESULT: {}
COMMAND: POST /session/ae63ae861a600ce3e86dcf3ce68037e1/elements - {"using":"xpath","value":"//span[text()='Error']"}
RESULT: {"using":"xpath","value":"//span[text()='Error']"}
COMMAND: POST /session/ae63ae861a600ce3e86dcf3ce68037e1/element - {"using":"xpath","value":"//button[@data-kt=\"addNewRUOverflowToolbarButton\"]"}
RESULT: {"using":"xpath","value":"//button[@data-kt=\"addNewRUOverflowToolbarButton\"]"}
COMMAND: POST /session/ae63ae861a600ce3e86dcf3ce68037e1/elements - {"using":"xpath","value":"//button[@data-kt=\"addNewRUOverflowToolbarButton\"]"}
RESULT: {"using":"xpath","value":"//button[@data-kt=\"addNewRUOverflowToolbarButton\"]"}
COMMAND: POST /session/ae63ae861a600ce3e86dcf3ce68037e1/execute/sync - {"script":"<script> [8489 bytes]","args":[{"element-6066-11e4-a52e-4f735466cecf":"f.B604D285643F95EEE180589880A06EE9.d.7281593AF04EA28043A54A148E92DA9E.e.1075","ELEMENT":"f.B604D285643F95EEE180589880A06EE9.d.7281593AF04EA28043A54A148E92DA9E.e.1075"}]}
RESULT: {"script":"<script> [8489 bytes]","args":[{"element-6066-11e4-a52e-4f735466cecf":"f.B604D285643F95EEE180589880A06EE9.d.7281593AF04EA28043A54A148E92DA9E.e.1075","ELEMENT":"f.B604D285643F95EEE180589880A06EE9.d.7281593AF04EA28043A54A148E92DA9E.e.1075"}]}
COMMAND: GET /session/ae63ae861a600ce3e86dcf3ce68037e1/element/f.B604D285643F95EEE180589880A06EE9.d.7281593AF04EA28043A54A148E92DA9E.e.1075/enabled - {}
COMMAND: GET /session/ae63ae861a600ce3e86dcf3ce68037e1/screenshot - {}
RESULT: {}
COMMAND: POST /session/ae63ae861a600ce3e86dcf3ce68037e1/execute/sync - {"script":"<script> [8489 bytes]","args":[{"element-6066-11e4-a52e-4f735466cecf":"f.B604D285643F95EEE180589880A06EE9.d.7281593AF04EA28043A54A148E92DA9E.e.1075","ELEMENT":"f.B604D285643F95EEE180589880A06EE9.d.7281593AF04EA28043A54A148E92DA9E.e.1075"}]}
COMMAND: GET /session/ae63ae861a600ce3e86dcf3ce68037e1/screenshot - {}
RESULT: {}
RESULT: {"script":"<script> [8489 bytes]","args":[{"element-6066-11e4-a52e-4f735466cecf":"f.B604D285643F95EEE180589880A06EE9.d.7281593AF04EA28043A54A148E92DA9E.e.1075","ELEMENT":"f.B604D285643F95EEE180589880A06EE9.d.7281593AF04EA28043A54A148E92DA9E.e.1075"}]}
COMMAND: POST /session/ae63ae861a600ce3e86dcf3ce68037e1/execute/sync - {"script":"<script> [5351 bytes]","args":[{"element-6066-11e4-a52e-4f735466cecf":"f.B604D285643F95EEE180589880A06EE9.d.7281593AF04EA28043A54A148E92DA9E.e.1075","ELEMENT":"f.B604D285643F95EEE180589880A06EE9.d.7281593AF04EA28043A54A148E92DA9E.e.1075"}]}
COMMAND: GET /session/ae63ae861a600ce3e86dcf3ce68037e1/screenshot - {}
RESULT: {}
RESULT: {"script":"<script> [5351 bytes]","args":[{"element-6066-11e4-a52e-4f735466cecf":"f.B604D285643F95EEE180589880A06EE9.d.7281593AF04EA28043A54A148E92DA9E.e.1075","ELEMENT":"f.B604D285643F95EEE180589880A06EE9.d.7281593AF04EA28043A54A148E92DA9E.e.1075"}]}
COMMAND: POST /session/ae63ae861a600ce3e86dcf3ce68037e1/element/f.B604D285643F95EEE180589880A06EE9.d.7281593AF04EA28043A54A148E92DA9E.e.1075/click - {}
COMMAND: GET /session/ae63ae861a600ce3e86dcf3ce68037e1/screenshot - {}
RESULT: {}
RESULT: {}
COMMAND: GET /session/ae63ae861a600ce3e86dcf3ce68037e1/screenshot - {}
COMMAND: POST /session/ae63ae861a600ce3e86dcf3ce68037e1/execute/async - {"script":"<script> [1562 bytes]","args":[{"selector":{"id":"application-manageresources-display-component---newResourceUnit--TYPE-arrow"},"wdio_ui5_key":"applicationmanageresources-display-component---newResourceUnit--TYPE-arrow"}]}
RESULT: {}
RESULT: {}
RESULT: {"script":"<script> [1562 bytes]","args":[{"selector":{"id":"application-manageresources-display-component---newResourceUnit--TYPE-arrow"},"wdio_ui5_key":"applicationmanageresources-display-component---newResourceUnit--TYPE-arrow"}]}
RESULT: undefined
COMMAND: POST /session/ae63ae861a600ce3e86dcf3ce68037e1/element - {"using":"xpath","value":"//*[@id=\"application-manageresources-display-component---newResourceUnit--TYPE-arrow\"]"}
RESULT: {"using":"xpath","value":"//*[@id=\"application-manageresources-display-component---newResourceUnit--TYPE-arrow\"]"}
COMMAND: POST /session/ae63ae861a600ce3e86dcf3ce68037e1/element/f.B604D285643F95EEE180589880A06EE9.d.7281593AF04EA28043A54A148E92DA9E.e.1431/click - {}
RESULT: {}
COMMAND: POST /session/ae63ae861a600ce3e86dcf3ce68037e1/element - {"using":"xpath","value":"//input[@id=\"application-manageresources-display-component---newResourceUnit--TYPE-inner\"]"}
COMMAND: GET /session/ae63ae861a600ce3e86dcf3ce68037e1/screenshot - {}
RESULT: {"using":"xpath","value":"//input[@id=\"application-manageresources-display-component---newResourceUnit--TYPE-inner\"]"}
COMMAND: POST /session/ae63ae861a600ce3e86dcf3ce68037e1/element/f.B604D285643F95EEE180589880A06EE9.d.7281593AF04EA28043A54A148E92DA9E.e.1418/clear - {}
RESULT: {}
RESULT: {}
COMMAND: POST /session/ae63ae861a600ce3e86dcf3ce68037e1/element/f.B604D285643F95EEE180589880A06EE9.d.7281593AF04EA28043A54A148E92DA9E.e.1418/value - {"text":"Equipment"}
COMMAND: GET /session/ae63ae861a600ce3e86dcf3ce68037e1/screenshot - {}
RESULT: {"text":"Equipment"}
COMMAND: GET /session/ae63ae861a600ce3e86dcf3ce68037e1/screenshot - {}
RESULT: {}
RESULT: {}
COMMAND: POST /session/ae63ae861a600ce3e86dcf3ce68037e1/actions - {"actions":[{"id":"action2","type":"key","parameters":{},"actions":[{"type":"keyDown","value":""},{"type":"pause","duration":10},{"type":"keyUp","value":""}]}]}
RESULT: {"actions":[{"id":"action2","type":"key","parameters":{},"actions":[{"type":"keyDown","value":""},{"type":"pause","duration":10},{"type":"keyUp","value":""}]}]}
COMMAND: POST /session/ae63ae861a600ce3e86dcf3ce68037e1/execute/async - {"script":"<script> [1562 bytes]","args":[{"selector":{"id":"application-manageresources-display-component---newResourceUnit--resourceId","interaction":{"idSuffix":"inner"}},"wdio_ui5_key":"applicationmanageresources-display-component---newResourceUnit--resourceId"}]}
COMMAND: GET /session/ae63ae861a600ce3e86dcf3ce68037e1/screenshot - {}
RESULT: {"script":"<script> [1562 bytes]","args":[{"selector":{"id":"application-manageresources-display-component---newResourceUnit--resourceId","interaction":{"idSuffix":"inner"}},"wdio_ui5_key":"applicationmanageresources-display-component---newResourceUnit--resourceId"}]}
RESULT: undefined
COMMAND: POST /session/ae63ae861a600ce3e86dcf3ce68037e1/execute/async - {"script":"<script> [776 bytes]","args":[{"enterText":"SqNOZgDJFe","selector":{"id":"application-manageresources-display-component---newResourceUnit--resourceId","interaction":{"idSuffix":"inner"}},"clearTextFirst":true,"interactionType":"ENTER_TEXT"}]}
RESULT: {}
RESULT: {"script":"<script> [776 bytes]","args":[{"enterText":"SqNOZgDJFe","selector":{"id":"application-manageresources-display-component---newResourceUnit--resourceId","interaction":{"idSuffix":"inner"}},"clearTextFirst":true,"interactionType":"ENTER_TEXT"}]}
COMMAND: POST /session/ae63ae861a600ce3e86dcf3ce68037e1/execute/async - {"script":"<script> [1562 bytes]","args":[{"selector":{"id":"application-manageresources-display-component---newResourceUnit--SHORT_TEXT","interaction":{"idSuffix":"inner"}},"wdio_ui5_key":"applicationmanageresources-display-component---newResourceUnit--SHORT_TEXT"}]}
RESULT: {"script":"<script> [1562 bytes]","args":[{"selector":{"id":"application-manageresources-display-component---newResourceUnit--SHORT_TEXT","interaction":{"idSuffix":"inner"}},"wdio_ui5_key":"applicationmanageresources-display-component---newResourceUnit--SHORT_TEXT"}]}
RESULT: undefined
COMMAND: POST /session/ae63ae861a600ce3e86dcf3ce68037e1/execute/async - {"script":"<script> [776 bytes]","args":[{"enterText":"Intercompany Equipment WDIO","selector":{"id":"application-manageresources-display-component---newResourceUnit--SHORT_TEXT","interaction":{"idSuffix":"inner"}},"clearTextFirst":true,"interactionType":"ENTER_TEXT"}]}
RESULT: {"script":"<script> [776 bytes]","args":[{"enterText":"Intercompany Equipment WDIO","selector":{"id":"application-manageresources-display-component---newResourceUnit--SHORT_TEXT","interaction":{"idSuffix":"inner"}},"clearTextFirst":true,"interactionType":"ENTER_TEXT"}]}
COMMAND: POST /session/ae63ae861a600ce3e86dcf3ce68037e1/execute/async - {"script":"<script> [1562 bytes]","args":[{"selector":{"id":"application-manageresources-display-component---newResourceUnit--BASE_UNIT_OF_MEASURE","interaction":{"idSuffix":"inner"}},"wdio_ui5_key":"applicationmanageresources-display-component---newResourceUnit--BASE_UNIT_OF_MEASURE"}]}
RESULT: {"script":"<script> [1562 bytes]","args":[{"selector":{"id":"application-manageresources-display-component---newResourceUnit--BASE_UNIT_OF_MEASURE","interaction":{"idSuffix":"inner"}},"wdio_ui5_key":"applicationmanageresources-display-component---newResourceUnit--BASE_UNIT_OF_MEASURE"}]}
RESULT: undefined
COMMAND: POST /session/ae63ae861a600ce3e86dcf3ce68037e1/execute/async - {"script":"<script> [776 bytes]","args":[{"enterText":"Piece","selector":{"id":"application-manageresources-display-component---newResourceUnit--BASE_UNIT_OF_MEASURE","interaction":{"idSuffix":"inner"}},"clearTextFirst":true,"interactionType":"ENTER_TEXT"}]}
RESULT: {"script":"<script> [776 bytes]","args":[{"enterText":"Piece","selector":{"id":"application-manageresources-display-component---newResourceUnit--BASE_UNIT_OF_MEASURE","interaction":{"idSuffix":"inner"}},"clearTextFirst":true,"interactionType":"ENTER_TEXT"}]}
COMMAND: POST /session/ae63ae861a600ce3e86dcf3ce68037e1/execute/async - {"script":"<script> [1562 bytes]","args":[{"selector":{"id":"application-manageresources-display-component---newResourceUnit--WEIGHT_UNIT","interaction":{"idSuffix":"inner"}},"wdio_ui5_key":"applicationmanageresources-display-component---newResourceUnit--WEIGHT_UNIT"}]}
RESULT: {"script":"<script> [1562 bytes]","args":[{"selector":{"id":"application-manageresources-display-component---newResourceUnit--WEIGHT_UNIT","interaction":{"idSuffix":"inner"}},"wdio_ui5_key":"applicationmanageresources-display-component---newResourceUnit--WEIGHT_UNIT"}]}
RESULT: undefined
COMMAND: POST /session/ae63ae861a600ce3e86dcf3ce68037e1/execute/async - {"script":"<script> [776 bytes]","args":[{"enterText":"Gram","selector":{"id":"application-manageresources-display-component---newResourceUnit--WEIGHT_UNIT","interaction":{"idSuffix":"inner"}},"clearTextFirst":true,"interactionType":"ENTER_TEXT"}]}
RESULT: {"script":"<script> [776 bytes]","args":[{"enterText":"Gram","selector":{"id":"application-manageresources-display-component---newResourceUnit--WEIGHT_UNIT","interaction":{"idSuffix":"inner"}},"clearTextFirst":true,"interactionType":"ENTER_TEXT"}]}
COMMAND: POST /session/ae63ae861a600ce3e86dcf3ce68037e1/execute/async - {"script":"<script> [1562 bytes]","args":[{"selector":{"id":"application-manageresources-display-component---newResourceUnit--DIMENSION_UNIT","interaction":{"idSuffix":"inner"}},"wdio_ui5_key":"applicationmanageresources-display-component---newResourceUnit--DIMENSION_UNIT"}]}
RESULT: {"script":"<script> [1562 bytes]","args":[{"selector":{"id":"application-manageresources-display-component---newResourceUnit--DIMENSION_UNIT","interaction":{"idSuffix":"inner"}},"wdio_ui5_key":"applicationmanageresources-display-component---newResourceUnit--DIMENSION_UNIT"}]}
RESULT: undefined
COMMAND: POST /session/ae63ae861a600ce3e86dcf3ce68037e1/execute/async - {"script":"<script> [776 bytes]","args":[{"enterText":"Meter","selector":{"id":"application-manageresources-display-component---newResourceUnit--DIMENSION_UNIT","interaction":{"idSuffix":"inner"}},"clearTextFirst":true,"interactionType":"ENTER_TEXT"}]}
RESULT: {"script":"<script> [776 bytes]","args":[{"enterText":"Meter","selector":{"id":"application-manageresources-display-component---newResourceUnit--DIMENSION_UNIT","interaction":{"idSuffix":"inner"}},"clearTextFirst":true,"interactionType":"ENTER_TEXT"}]}
COMMAND: POST /session/ae63ae861a600ce3e86dcf3ce68037e1/execute/async - {"script":"<script> [1562 bytes]","args":[{"selector":{"id":"application-manageresources-display-component---newResourceUnit--newRRUPage-anchBar-application-manageresources-display-component---newResourceUnit--control-anchor","interaction":{"idSuffix":"BDI-content"}},"wdio_ui5_key":"applicationmanageresources-display-component---newResourceUnit--newRRUPage-anchBar-application-manageresources-display-component---newResourceUnit--control-anchor"}]}
RESULT: {"script":"<script> [1562 bytes]","args":[{"selector":{"id":"application-manageresources-display-component---newResourceUnit--newRRUPage-anchBar-application-manageresources-display-component---newResourceUnit--control-anchor","interaction":{"idSuffix":"BDI-content"}},"wdio_ui5_key":"applicationmanageresources-display-component---newResourceUnit--newRRUPage-anchBar-application-manageresources-display-component---newResourceUnit--control-anchor"}]}
RESULT: undefined
COMMAND: POST /session/ae63ae861a600ce3e86dcf3ce68037e1/element - {"using":"xpath","value":"//*[@id=\"application-manageresources-display-component---newResourceUnit--newRRUPage-anchBar-application-manageresources-display-component---newResourceUnit--control-anchor\"]"}
RESULT: {"using":"xpath","value":"//*[@id=\"application-manageresources-display-component---newResourceUnit--newRRUPage-anchBar-application-manageresources-display-component---newResourceUnit--control-anchor\"]"}
COMMAND: POST /session/ae63ae861a600ce3e86dcf3ce68037e1/element/f.B604D285643F95EEE180589880A06EE9.d.7281593AF04EA28043A54A148E92DA9E.e.1588/click - {}
RESULT: {}
COMMAND: POST /session/ae63ae861a600ce3e86dcf3ce68037e1/execute/async - {"script":"<script> [1562 bytes]","args":[{"selector":{"id":"application-manageresources-display-component---newResourceUnit--PLANNING_GROUP","interaction":{"idSuffix":"inner"}},"wdio_ui5_key":"applicationmanageresources-display-component---newResourceUnit--PLANNING_GROUP"}]}
COMMAND: GET /session/ae63ae861a600ce3e86dcf3ce68037e1/screenshot - {}
RESULT: {"script":"<script> [1562 bytes]","args":[{"selector":{"id":"application-manageresources-display-component---newResourceUnit--PLANNING_GROUP","interaction":{"idSuffix":"inner"}},"wdio_ui5_key":"applicationmanageresources-display-component---newResourceUnit--PLANNING_GROUP"}]}
RESULT: undefined
COMMAND: POST /session/ae63ae861a600ce3e86dcf3ce68037e1/execute/async - {"script":"<script> [776 bytes]","args":[{"enterText":"Heavy Equi","selector":{"id":"application-manageresources-display-component---newResourceUnit--PLANNING_GROUP","interaction":{"idSuffix":"inner"}},"clearTextFirst":true,"interactionType":"ENTER_TEXT"}]}
RESULT: {}
RESULT: {"script":"<script> [776 bytes]","args":[{"enterText":"Heavy Equi","selector":{"id":"application-manageresources-display-component---newResourceUnit--PLANNING_GROUP","interaction":{"idSuffix":"inner"}},"clearTextFirst":true,"interactionType":"ENTER_TEXT"}]}
COMMAND: POST /session/ae63ae861a600ce3e86dcf3ce68037e1/execute/async - {"script":"<script> [1562 bytes]","args":[{"selector":{"id":"application-manageresources-display-component---newResourceUnit--ITEM_TYPE-arrow"},"wdio_ui5_key":"applicationmanageresources-display-component---newResourceUnit--ITEM_TYPE-arrow"}]}
RESULT: {"script":"<script> [1562 bytes]","args":[{"selector":{"id":"application-manageresources-display-component---newResourceUnit--ITEM_TYPE-arrow"},"wdio_ui5_key":"applicationmanageresources-display-component---newResourceUnit--ITEM_TYPE-arrow"}]}
RESULT: undefined
COMMAND: POST /session/ae63ae861a600ce3e86dcf3ce68037e1/element - {"using":"xpath","value":"//*[@id=\"application-manageresources-display-component---newResourceUnit--ITEM_TYPE-arrow\"]"}
RESULT: {"using":"xpath","value":"//*[@id=\"application-manageresources-display-component---newResourceUnit--ITEM_TYPE-arrow\"]"}
COMMAND: POST /session/ae63ae861a600ce3e86dcf3ce68037e1/element/f.B604D285643F95EEE180589880A06EE9.d.7281593AF04EA28043A54A148E92DA9E.e.1597/click - {}
RESULT: {}
COMMAND: POST /session/ae63ae861a600ce3e86dcf3ce68037e1/element - {"using":"xpath","value":"//ul[contains(@id,\"ITEM_TYPE-popup-list-listUl\")]//li[.//span[contains(text(),\"Resource Unit\")]]"}
COMMAND: GET /session/ae63ae861a600ce3e86dcf3ce68037e1/screenshot - {}
RESULT: {"using":"xpath","value":"//ul[contains(@id,\"ITEM_TYPE-popup-list-listUl\")]//li[.//span[contains(text(),\"Resource Unit\")]]"}
COMMAND: POST /session/ae63ae861a600ce3e86dcf3ce68037e1/element/f.B604D285643F95EEE180589880A06EE9.d.7281593AF04EA28043A54A148E92DA9E.e.1598/click - {}
RESULT: {}
RESULT: {}
COMMAND: GET /session/ae63ae861a600ce3e86dcf3ce68037e1/screenshot - {}
RESULT: {}
COMMAND: POST /session/ae63ae861a600ce3e86dcf3ce68037e1/element - {"using":"css selector","value":"#application-manageresources-display-component---newResourceUnit--btnAddTimeSegment"}
RESULT: {"using":"css selector","value":"#application-manageresources-display-component---newResourceUnit--btnAddTimeSegment"}
COMMAND: GET /session/ae63ae861a600ce3e86dcf3ce68037e1/element/f.B604D285643F95EEE180589880A06EE9.d.7281593AF04EA28043A54A148E92DA9E.e.1606/rect - {}
RESULT: {}
COMMAND: GET /session/ae63ae861a600ce3e86dcf3ce68037e1/window/rect - {}
RESULT: {}
COMMAND: POST /session/ae63ae861a600ce3e86dcf3ce68037e1/execute/sync - {"script":"<script> [92 bytes]","args":[]}
RESULT: {"script":"<script> [92 bytes]","args":[]}
COMMAND: POST /session/ae63ae861a600ce3e86dcf3ce68037e1/actions - {"actions":[{"id":"action3","type":"wheel","parameters":{},"actions":[{"type":"scroll","x":-1888,"y":-32,"deltaX":0,"deltaY":0,"duration":0,"origin":{"element-6066-11e4-a52e-4f735466cecf":"f.B604D285643F95EEE180589880A06EE9.d.7281593AF04EA28043A54A148E92DA9E.e.1606"}}]}]}
COMMAND: GET /session/ae63ae861a600ce3e86dcf3ce68037e1/screenshot - {}
RESULT: {}
COMMAND: POST /session/ae63ae861a600ce3e86dcf3ce68037e1/execute/sync - {"script":"<script> [79 bytes]","args":[{"element-6066-11e4-a52e-4f735466cecf":"f.B604D285643F95EEE180589880A06EE9.d.7281593AF04EA28043A54A148E92DA9E.e.1606","ELEMENT":"f.B604D285643F95EEE180589880A06EE9.d.7281593AF04EA28043A54A148E92DA9E.e.1606"},{"block":"start","inline":"nearest"}]}
RESULT: {"script":"<script> [79 bytes]","args":[{"element-6066-11e4-a52e-4f735466cecf":"f.B604D285643F95EEE180589880A06EE9.d.7281593AF04EA28043A54A148E92DA9E.e.1606","ELEMENT":"f.B604D285643F95EEE180589880A06EE9.d.7281593AF04EA28043A54A148E92DA9E.e.1606"},{"block":"start","inline":"nearest"}]}
COMMAND: POST /session/ae63ae861a600ce3e86dcf3ce68037e1/execute/async - {"script":"<script> [1562 bytes]","args":[{"selector":{"id":"application-manageresources-display-component---newResourceUnit--btnAddTimeSegment","interaction":{"idSuffix":"inner"}},"wdio_ui5_key":"applicationmanageresources-display-component---newResourceUnit--btnAddTimeSegment"}]}
COMMAND: GET /session/ae63ae861a600ce3e86dcf3ce68037e1/screenshot - {}
RESULT: {"script":"<script> [1562 bytes]","args":[{"selector":{"id":"application-manageresources-display-component---newResourceUnit--btnAddTimeSegment","interaction":{"idSuffix":"inner"}},"wdio_ui5_key":"applicationmanageresources-display-component---newResourceUnit--btnAddTimeSegment"}]}
RESULT: undefined
COMMAND: POST /session/ae63ae861a600ce3e86dcf3ce68037e1/element - {"using":"xpath","value":"//*[@id=\"application-manageresources-display-component---newResourceUnit--btnAddTimeSegment\"]"}
RESULT: {}
RESULT: {"using":"xpath","value":"//*[@id=\"application-manageresources-display-component---newResourceUnit--btnAddTimeSegment\"]"}
COMMAND: POST /session/ae63ae861a600ce3e86dcf3ce68037e1/element/f.B604D285643F95EEE180589880A06EE9.d.7281593AF04EA28043A54A148E92DA9E.e.1606/click - {}
RESULT: {}
COMMAND: GET /session/ae63ae861a600ce3e86dcf3ce68037e1/screenshot - {}
RESULT: {}
COMMAND: POST /session/ae63ae861a600ce3e86dcf3ce68037e1/element - {"using":"xpath","value":"//input[@id=\"application-manageresources-display-component---newResourceUnit--idRuTSAdmin-application-manageresources-display-component---newResourceUnit--RUTimeSegment-0-inner\"]"}
RESULT: {"using":"xpath","value":"//input[@id=\"application-manageresources-display-component---newResourceUnit--idRuTSAdmin-application-manageresources-display-component---newResourceUnit--RUTimeSegment-0-inner\"]"}
COMMAND: POST /session/ae63ae861a600ce3e86dcf3ce68037e1/element/f.B604D285643F95EEE180589880A06EE9.d.7281593AF04EA28043A54A148E92DA9E.e.1612/clear - {}
RESULT: {}
COMMAND: POST /session/ae63ae861a600ce3e86dcf3ce68037e1/element/f.B604D285643F95EEE180589880A06EE9.d.7281593AF04EA28043A54A148E92DA9E.e.1612/value - {"text":"269"}
COMMAND: GET /session/ae63ae861a600ce3e86dcf3ce68037e1/screenshot - {}
RESULT: {"text":"269"}
COMMAND: GET /session/ae63ae861a600ce3e86dcf3ce68037e1/screenshot - {}
RESULT: {}
RESULT: {}
COMMAND: POST /session/ae63ae861a600ce3e86dcf3ce68037e1/element - {"using":"xpath","value":"//li[.//span[text()='269']]"}
RESULT: {"using":"xpath","value":"//li[.//span[text()='269']]"}
COMMAND: POST /session/ae63ae861a600ce3e86dcf3ce68037e1/element/f.B604D285643F95EEE180589880A06EE9.d.7281593AF04EA28043A54A148E92DA9E.e.1623/click - {}
RESULT: {}
COMMAND: GET /session/ae63ae861a600ce3e86dcf3ce68037e1/screenshot - {}
RESULT: {}
COMMAND: POST /session/ae63ae861a600ce3e86dcf3ce68037e1/element - {"using":"xpath","value":"(//span[contains(@id, \"-application-manageresources-display-component---newResourceUnit--RUTimeSegment-0-arrow\")])[6]"}
RESULT: {"using":"xpath","value":"(//span[contains(@id, \"-application-manageresources-display-component---newResourceUnit--RUTimeSegment-0-arrow\")])[6]"}
COMMAND: POST /session/ae63ae861a600ce3e86dcf3ce68037e1/element/f.B604D285643F95EEE180589880A06EE9.d.7281593AF04EA28043A54A148E92DA9E.e.1624/click - {}
RESULT: {}
COMMAND: GET /session/ae63ae861a600ce3e86dcf3ce68037e1/screenshot - {}
RESULT: {}
COMMAND: POST /session/ae63ae861a600ce3e86dcf3ce68037e1/element - {"using":"xpath","value":"//span[contains(text(), \"PM Order\")]"}
RESULT: {"using":"xpath","value":"//span[contains(text(), \"PM Order\")]"}
COMMAND: POST /session/ae63ae861a600ce3e86dcf3ce68037e1/element/f.B604D285643F95EEE180589880A06EE9.d.7281593AF04EA28043A54A148E92DA9E.e.1627/click - {}
RESULT: {}
COMMAND: GET /session/ae63ae861a600ce3e86dcf3ce68037e1/screenshot - {}
RESULT: {}
COMMAND: POST /session/ae63ae861a600ce3e86dcf3ce68037e1/element - {"using":"xpath","value":"(//span[contains(@id ,\"manageresources-display-component---newResourceUnit--RUTimeSegment-0-vhi\")])[1]"}
RESULT: {"using":"xpath","value":"(//span[contains(@id ,\"manageresources-display-component---newResourceUnit--RUTimeSegment-0-vhi\")])[1]"}
COMMAND: GET /session/ae63ae861a600ce3e86dcf3ce68037e1/element/f.B604D285643F95EEE180589880A06EE9.d.7281593AF04EA28043A54A148E92DA9E.e.1631/rect - {}
RESULT: {}
COMMAND: GET /session/ae63ae861a600ce3e86dcf3ce68037e1/window/rect - {}
RESULT: {}
COMMAND: POST /session/ae63ae861a600ce3e86dcf3ce68037e1/execute/sync - {"script":"<script> [92 bytes]","args":[]}
RESULT: {"script":"<script> [92 bytes]","args":[]}
COMMAND: POST /session/ae63ae861a600ce3e86dcf3ce68037e1/actions - {"actions":[{"id":"action4","type":"wheel","parameters":{},"actions":[{"type":"scroll","x":-869,"y":-24,"deltaX":0,"deltaY":0,"duration":0,"origin":{"element-6066-11e4-a52e-4f735466cecf":"f.B604D285643F95EEE180589880A06EE9.d.7281593AF04EA28043A54A148E92DA9E.e.1631"}}]}]}
COMMAND: GET /session/ae63ae861a600ce3e86dcf3ce68037e1/screenshot - {}
RESULT: {"actions":[{"id":"action4","type":"wheel","parameters":{},"actions":[{"type":"scroll","x":-869,"y":-24,"deltaX":0,"deltaY":0,"duration":0,"origin":{"element-6066-11e4-a52e-4f735466cecf":"f.B604D285643F95EEE180589880A06EE9.d.7281593AF04EA28043A54A148E92DA9E.e.1631"}}]}]}
COMMAND: DELETE /session/ae63ae861a600ce3e86dcf3ce68037e1/actions - {}
COMMAND: GET /session/ae63ae861a600ce3e86dcf3ce68037e1/screenshot - {}
RESULT: {}
RESULT: {}
COMMAND: GET /session/ae63ae861a600ce3e86dcf3ce68037e1/screenshot - {}
RESULT: {}
RESULT: {}
COMMAND: POST /session/ae63ae861a600ce3e86dcf3ce68037e1/element/f.B604D285643F95EEE180589880A06EE9.d.7281593AF04EA28043A54A148E92DA9E.e.1631/click - {}
RESULT: {}
COMMAND: GET /session/ae63ae861a600ce3e86dcf3ce68037e1/screenshot - {}
RESULT: {}
RESULT: undefined
COMMAND: POST /session/ae63ae861a600ce3e86dcf3ce68037e1/execute/async - {"script":"<script> [776 bytes]","args":[{"enterText":"4000360","selector":{"controlType":"sap.m.SearchField","properties":{"placeholder":"Search"},"searchOpenDialogs":true,"interaction":{"idSuffix":"I"}},"clearTextFirst":true,"interactionType":"ENTER_TEXT"}]}
RESULT: {"script":"<script> [776 bytes]","args":[{"enterText":"4000360","selector":{"controlType":"sap.m.SearchField","properties":{"placeholder":"Search"},"searchOpenDialogs":true,"interaction":{"idSuffix":"I"}},"clearTextFirst":true,"interactionType":"ENTER_TEXT"}]}
COMMAND: POST /session/ae63ae861a600ce3e86dcf3ce68037e1/actions - {"actions":[{"id":"action5","type":"key","parameters":{},"actions":[{"type":"keyDown","value":""},{"type":"pause","duration":10},{"type":"keyUp","value":""}]}]}
RESULT: {"actions":[{"id":"action5","type":"key","parameters":{},"actions":[{"type":"keyDown","value":""},{"type":"pause","duration":10},{"type":"keyUp","value":""}]}]}
COMMAND: GET /session/ae63ae861a600ce3e86dcf3ce68037e1/screenshot - {}
RESULT: {}
COMMAND: POST /session/ae63ae861a600ce3e86dcf3ce68037e1/element - {"using":"xpath","value":"//td/div/span[contains(text(), \"BGL Vehicles\")]"}
RESULT: {"using":"xpath","value":"//td/div/span[contains(text(), \"BGL Vehicles\")]"}
COMMAND: POST /session/ae63ae861a600ce3e86dcf3ce68037e1/element/f.B604D285643F95EEE180589880A06EE9.d.7281593AF04EA28043A54A148E92DA9E.e.1652/click - {}
RESULT: {}
COMMAND: GET /session/ae63ae861a600ce3e86dcf3ce68037e1/screenshot - {}
RESULT: {}
COMMAND: POST /session/ae63ae861a600ce3e86dcf3ce68037e1/element - {"using":"xpath","value":"//bdi[contains(text(), \"OK\")]"}
RESULT: {"using":"xpath","value":"//bdi[contains(text(), \"OK\")]"}
COMMAND: POST /session/ae63ae861a600ce3e86dcf3ce68037e1/element/f.B604D285643F95EEE180589880A06EE9.d.7281593AF04EA28043A54A148E92DA9E.e.1653/click - {}
RESULT: {}
COMMAND: GET /session/ae63ae861a600ce3e86dcf3ce68037e1/screenshot - {}
RESULT: {}
COMMAND: POST /session/ae63ae861a600ce3e86dcf3ce68037e1/execute/async - {"script":"<script> [1562 bytes]","args":[{"selector":{"id":"application-manageresources-display-component---newResourceUnit--newRRUPage-anchBar-application-manageresources-display-component---newResourceUnit--resource-anchor","interaction":{"idSuffix":"BDI-content"}},"wdio_ui5_key":"applicationmanageresources-display-component---newResourceUnit--newRRUPage-anchBar-application-manageresources-display-component---newResourceUnit--resource-anchor"}]}
RESULT: {"script":"<script> [1562 bytes]","args":[{"selector":{"id":"application-manageresources-display-component---newResourceUnit--newRRUPage-anchBar-application-manageresources-display-component---newResourceUnit--resource-anchor","interaction":{"idSuffix":"BDI-content"}},"wdio_ui5_key":"applicationmanageresources-display-component---newResourceUnit--newRRUPage-anchBar-application-manageresources-display-component---newResourceUnit--resource-anchor"}]}
RESULT: undefined
COMMAND: POST /session/ae63ae861a600ce3e86dcf3ce68037e1/element - {"using":"xpath","value":"//*[@id=\"application-manageresources-display-component---newResourceUnit--newRRUPage-anchBar-application-manageresources-display-component---newResourceUnit--resource-anchor\"]"}
RESULT: {"using":"xpath","value":"//*[@id=\"application-manageresources-display-component---newResourceUnit--newRRUPage-anchBar-application-manageresources-display-component---newResourceUnit--resource-anchor\"]"}
COMMAND: POST /session/ae63ae861a600ce3e86dcf3ce68037e1/element/f.B604D285643F95EEE180589880A06EE9.d.7281593AF04EA28043A54A148E92DA9E.e.1657/click - {}
RESULT: {}
COMMAND: POST /session/ae63ae861a600ce3e86dcf3ce68037e1/execute/async - {"script":"<script> [1562 bytes]","args":[{"selector":{"id":"application-manageresources-display-component---newResourceUnit--PLANNED_DELIVERY_DATE","interaction":{"idSuffix":"inner"}},"wdio_ui5_key":"applicationmanageresources-display-component---newResourceUnit--PLANNED_DELIVERY_DATE"}]}
COMMAND: GET /session/ae63ae861a600ce3e86dcf3ce68037e1/screenshot - {}
RESULT: {"script":"<script> [1562 bytes]","args":[{"selector":{"id":"application-manageresources-display-component---newResourceUnit--PLANNED_DELIVERY_DATE","interaction":{"idSuffix":"inner"}},"wdio_ui5_key":"applicationmanageresources-display-component---newResourceUnit--PLANNED_DELIVERY_DATE"}]}
RESULT: undefined
COMMAND: POST /session/ae63ae861a600ce3e86dcf3ce68037e1/execute/async - {"script":"<script> [6424 bytes]","args":[{"element-6066-11e4-a52e-4f735466cecf":"f.B604D285643F95EEE180589880A06EE9.d.7281593AF04EA28043A54A148E92DA9E.e.1488"},"setValue",["6/14/25"]]}
RESULT: {}
RESULT: {"script":"<script> [6424 bytes]","args":[{"element-6066-11e4-a52e-4f735466cecf":"f.B604D285643F95EEE180589880A06EE9.d.7281593AF04EA28043A54A148E92DA9E.e.1488"},"setValue",["6/14/25"]]}
COMMAND: POST /session/ae63ae861a600ce3e86dcf3ce68037e1/element - {"using":"xpath","value":"//label[contains(@class, 'sapMLabelRequired') and .//bdi[contains(text(), 'Planned Retirement')]]"}
RESULT: {"using":"xpath","value":"//label[contains(@class, 'sapMLabelRequired') and .//bdi[contains(text(), 'Planned Retirement')]]"}
COMMAND: POST /session/ae63ae861a600ce3e86dcf3ce68037e1/elements - {"using":"xpath","value":"//label[contains(@class, 'sapMLabelRequired') and .//bdi[contains(text(), 'Planned Retirement')]]"}
RESULT: {"using":"xpath","value":"//label[contains(@class, 'sapMLabelRequired') and .//bdi[contains(text(), 'Planned Retirement')]]"}
COMMAND: POST /session/ae63ae861a600ce3e86dcf3ce68037e1/element - {"using":"xpath","value":"//button[@data-kt=\"resourceUnitSaveButton\"]"}
RESULT: {"using":"xpath","value":"//button[@data-kt=\"resourceUnitSaveButton\"]"}
COMMAND: POST /session/ae63ae861a600ce3e86dcf3ce68037e1/element/f.B604D285643F95EEE180589880A06EE9.d.7281593AF04EA28043A54A148E92DA9E.e.1448/click - {}
RESULT: {}
COMMAND: GET /session/ae63ae861a600ce3e86dcf3ce68037e1/screenshot - {}
RESULT: {}
COMMAND: POST /session/ae63ae861a600ce3e86dcf3ce68037e1/element - {"using":"xpath","value":"//bdi[contains(text(), \"Close\")]"}
RESULT: {"using":"xpath","value":"//bdi[contains(text(), \"Close\")]"}
COMMAND: POST /session/ae63ae861a600ce3e86dcf3ce68037e1/element/f.B604D285643F95EEE180589880A06EE9.d.7281593AF04EA28043A54A148E92DA9E.e.1665/click - {}
RESULT: {}
COMMAND: GET /session/ae63ae861a600ce3e86dcf3ce68037e1/screenshot - {}
RESULT: {}
COMMAND: POST /session/ae63ae861a600ce3e86dcf3ce68037e1/element - {"using":"xpath","value":"(//button[contains(@id ,\"actionsToolbar-overflowButton\")])[1]"}
RESULT: {"using":"xpath","value":"(//button[contains(@id ,\"actionsToolbar-overflowButton\")])[1]"}
COMMAND: POST /session/ae63ae861a600ce3e86dcf3ce68037e1/element/f.B604D285643F95EEE180589880A06EE9.d.7281593AF04EA28043A54A148E92DA9E.e.1697/click - {}
RESULT: {}
COMMAND: GET /session/ae63ae861a600ce3e86dcf3ce68037e1/screenshot - {}
RESULT: {}
COMMAND: POST /session/ae63ae861a600ce3e86dcf3ce68037e1/element - {"using":"xpath","value":"//button[@data-kt=\"priceInfoButton\"]"}
RESULT: {"using":"xpath","value":"//button[@data-kt=\"priceInfoButton\"]"}
COMMAND: POST /session/ae63ae861a600ce3e86dcf3ce68037e1/element/f.B604D285643F95EEE180589880A06EE9.d.7281593AF04EA28043A54A148E92DA9E.e.1699/click - {}
RESULT: {}
COMMAND: GET /session/ae63ae861a600ce3e86dcf3ce68037e1/screenshot - {}
RESULT: {}
COMMAND: POST /session/ae63ae861a600ce3e86dcf3ce68037e1/element - {"using":"css selector","value":"#shell-header-logo"}
RESULT: {"using":"css selector","value":"#shell-header-logo"}
COMMAND: POST /session/ae63ae861a600ce3e86dcf3ce68037e1/element/f.B604D285643F95EEE180589880A06EE9.d.7281593AF04EA28043A54A148E92DA9E.e.1036/click - {}
RESULT: {}
]]></system-out>
    </testcase>
    <testcase classname="chrome.137_0_7151_69.windows.Create_condition_pricing_US117289_US134625" name="Should create new condition" time="65.474">
      <system-out><![CDATA[
COMMAND: POST /session/ae63ae861a600ce3e86dcf3ce68037e1/execute/async - {"script":"<script> [1562 bytes]","args":[{"selector":{"controlType":"sap.m.GenericTile","properties":{"header":"Manage Conditions & Prices"}},"wdio_ui5_key":"sapm.GenericTile{\"header\":\"Manage Conditions & Prices\"}"}]}
COMMAND: GET /session/ae63ae861a600ce3e86dcf3ce68037e1/screenshot - {}
RESULT: {"script":"<script> [1562 bytes]","args":[{"selector":{"controlType":"sap.m.GenericTile","properties":{"header":"Manage Conditions & Prices"}},"wdio_ui5_key":"sapm.GenericTile{\"header\":\"Manage Conditions & Prices\"}"}]}
RESULT: undefined
COMMAND: POST /session/ae63ae861a600ce3e86dcf3ce68037e1/element - {"using":"xpath","value":"//*[@id=\"__tile55\"]"}
RESULT: {}
RESULT: {"using":"xpath","value":"//*[@id=\"__tile55\"]"}
COMMAND: POST /session/ae63ae861a600ce3e86dcf3ce68037e1/element/f.B604D285643F95EEE180589880A06EE9.d.7281593AF04EA28043A54A148E92DA9E.e.222/click - {}
RESULT: {}
COMMAND: GET /session/ae63ae861a600ce3e86dcf3ce68037e1/screenshot - {}
RESULT: {}
COMMAND: POST /session/ae63ae861a600ce3e86dcf3ce68037e1/elements - {"using":"xpath","value":"//span[text()='Error']"}
RESULT: {"using":"xpath","value":"//span[text()='Error']"}
COMMAND: POST /session/ae63ae861a600ce3e86dcf3ce68037e1/element - {"using":"xpath","value":"//button[@aria-label=\"Create\"]"}
RESULT: {"using":"xpath","value":"//button[@aria-label=\"Create\"]"}
COMMAND: POST /session/ae63ae861a600ce3e86dcf3ce68037e1/elements - {"using":"xpath","value":"//button[@aria-label=\"Create\"]"}
RESULT: {"using":"xpath","value":"//button[@aria-label=\"Create\"]"}
COMMAND: POST /session/ae63ae861a600ce3e86dcf3ce68037e1/execute/sync - {"script":"<script> [8489 bytes]","args":[{"element-6066-11e4-a52e-4f735466cecf":"f.B604D285643F95EEE180589880A06EE9.d.7281593AF04EA28043A54A148E92DA9E.e.1781","ELEMENT":"f.B604D285643F95EEE180589880A06EE9.d.7281593AF04EA28043A54A148E92DA9E.e.1781"}]}
RESULT: {"script":"<script> [8489 bytes]","args":[{"element-6066-11e4-a52e-4f735466cecf":"f.B604D285643F95EEE180589880A06EE9.d.7281593AF04EA28043A54A148E92DA9E.e.1781","ELEMENT":"f.B604D285643F95EEE180589880A06EE9.d.7281593AF04EA28043A54A148E92DA9E.e.1781"}]}
COMMAND: GET /session/ae63ae861a600ce3e86dcf3ce68037e1/element/f.B604D285643F95EEE180589880A06EE9.d.7281593AF04EA28043A54A148E92DA9E.e.1781/enabled - {}
COMMAND: GET /session/ae63ae861a600ce3e86dcf3ce68037e1/screenshot - {}
RESULT: {}
COMMAND: POST /session/ae63ae861a600ce3e86dcf3ce68037e1/execute/sync - {"script":"<script> [8489 bytes]","args":[{"element-6066-11e4-a52e-4f735466cecf":"f.B604D285643F95EEE180589880A06EE9.d.7281593AF04EA28043A54A148E92DA9E.e.1781","ELEMENT":"f.B604D285643F95EEE180589880A06EE9.d.7281593AF04EA28043A54A148E92DA9E.e.1781"}]}
COMMAND: GET /session/ae63ae861a600ce3e86dcf3ce68037e1/screenshot - {}
RESULT: {}
RESULT: {"script":"<script> [8489 bytes]","args":[{"element-6066-11e4-a52e-4f735466cecf":"f.B604D285643F95EEE180589880A06EE9.d.7281593AF04EA28043A54A148E92DA9E.e.1781","ELEMENT":"f.B604D285643F95EEE180589880A06EE9.d.7281593AF04EA28043A54A148E92DA9E.e.1781"}]}
COMMAND: POST /session/ae63ae861a600ce3e86dcf3ce68037e1/execute/sync - {"script":"<script> [5351 bytes]","args":[{"element-6066-11e4-a52e-4f735466cecf":"f.B604D285643F95EEE180589880A06EE9.d.7281593AF04EA28043A54A148E92DA9E.e.1781","ELEMENT":"f.B604D285643F95EEE180589880A06EE9.d.7281593AF04EA28043A54A148E92DA9E.e.1781"}]}
COMMAND: GET /session/ae63ae861a600ce3e86dcf3ce68037e1/screenshot - {}
RESULT: {}
RESULT: {"script":"<script> [5351 bytes]","args":[{"element-6066-11e4-a52e-4f735466cecf":"f.B604D285643F95EEE180589880A06EE9.d.7281593AF04EA28043A54A148E92DA9E.e.1781","ELEMENT":"f.B604D285643F95EEE180589880A06EE9.d.7281593AF04EA28043A54A148E92DA9E.e.1781"}]}
COMMAND: POST /session/ae63ae861a600ce3e86dcf3ce68037e1/element/f.B604D285643F95EEE180589880A06EE9.d.7281593AF04EA28043A54A148E92DA9E.e.1781/click - {}
COMMAND: GET /session/ae63ae861a600ce3e86dcf3ce68037e1/screenshot - {}
RESULT: {}
RESULT: {}
COMMAND: GET /session/ae63ae861a600ce3e86dcf3ce68037e1/screenshot - {}
RESULT: {}
RESULT: {}
COMMAND: POST /session/ae63ae861a600ce3e86dcf3ce68037e1/actions - {"actions":[{"id":"action6","type":"key","parameters":{},"actions":[{"type":"keyDown","value":""},{"type":"pause","duration":10},{"type":"keyUp","value":""}]}]}
RESULT: {"actions":[{"id":"action6","type":"key","parameters":{},"actions":[{"type":"keyDown","value":""},{"type":"pause","duration":10},{"type":"keyUp","value":""}]}]}
COMMAND: GET /session/ae63ae861a600ce3e86dcf3ce68037e1/screenshot - {}
RESULT: {}
COMMAND: POST /session/ae63ae861a600ce3e86dcf3ce68037e1/execute/async - {"script":"<script> [1562 bytes]","args":[{"selector":{"id":"application-manageconditionprice-display-component---newCondition--condBillCond-arrow"},"wdio_ui5_key":"applicationmanageconditionprice-display-component---newCondition--condBillCond-arrow"}]}
RESULT: {"script":"<script> [1562 bytes]","args":[{"selector":{"id":"application-manageconditionprice-display-component---newCondition--condBillCond-arrow"},"wdio_ui5_key":"applicationmanageconditionprice-display-component---newCondition--condBillCond-arrow"}]}
RESULT: undefined
COMMAND: POST /session/ae63ae861a600ce3e86dcf3ce68037e1/element - {"using":"xpath","value":"//*[@id=\"application-manageconditionprice-display-component---newCondition--condBillCond-arrow\"]"}
RESULT: {"using":"xpath","value":"//*[@id=\"application-manageconditionprice-display-component---newCondition--condBillCond-arrow\"]"}
COMMAND: POST /session/ae63ae861a600ce3e86dcf3ce68037e1/element/f.B604D285643F95EEE180589880A06EE9.d.7281593AF04EA28043A54A148E92DA9E.e.1961/click - {}
RESULT: {}
COMMAND: GET /session/ae63ae861a600ce3e86dcf3ce68037e1/screenshot - {}
RESULT: {}
COMMAND: POST /session/ae63ae861a600ce3e86dcf3ce68037e1/element - {"using":"xpath","value":"//li[.//span[contains(text(), \"SAPR - Sales price\")]]"}
RESULT: {"using":"xpath","value":"//li[.//span[contains(text(), \"SAPR - Sales price\")]]"}
COMMAND: POST /session/ae63ae861a600ce3e86dcf3ce68037e1/element/f.B604D285643F95EEE180589880A06EE9.d.7281593AF04EA28043A54A148E92DA9E.e.1964/click - {}
RESULT: {}
COMMAND: GET /session/ae63ae861a600ce3e86dcf3ce68037e1/screenshot - {}
RESULT: {}
COMMAND: POST /session/ae63ae861a600ce3e86dcf3ce68037e1/execute/async - {"script":"<script> [1562 bytes]","args":[{"selector":{"id":"application-manageconditionprice-display-component---newCondition--condValidTo","interaction":{"idSuffix":"inner"}},"wdio_ui5_key":"applicationmanageconditionprice-display-component---newCondition--condValidTo"}]}
RESULT: {"script":"<script> [1562 bytes]","args":[{"selector":{"id":"application-manageconditionprice-display-component---newCondition--condValidTo","interaction":{"idSuffix":"inner"}},"wdio_ui5_key":"applicationmanageconditionprice-display-component---newCondition--condValidTo"}]}
RESULT: undefined
COMMAND: POST /session/ae63ae861a600ce3e86dcf3ce68037e1/execute/async - {"script":"<script> [776 bytes]","args":[{"enterText":"2/14/26","selector":{"id":"application-manageconditionprice-display-component---newCondition--condValidTo","interaction":{"idSuffix":"inner"}},"clearTextFirst":true,"interactionType":"ENTER_TEXT"}]}
RESULT: {"script":"<script> [776 bytes]","args":[{"enterText":"2/14/26","selector":{"id":"application-manageconditionprice-display-component---newCondition--condValidTo","interaction":{"idSuffix":"inner"}},"clearTextFirst":true,"interactionType":"ENTER_TEXT"}]}
COMMAND: POST /session/ae63ae861a600ce3e86dcf3ce68037e1/element - {"using":"xpath","value":"//input[@id=\"application-manageconditionprice-display-component---newCondition--condRU-inner\"]"}
RESULT: {"using":"xpath","value":"//input[@id=\"application-manageconditionprice-display-component---newCondition--condRU-inner\"]"}
COMMAND: POST /session/ae63ae861a600ce3e86dcf3ce68037e1/element/f.B604D285643F95EEE180589880A06EE9.d.7281593AF04EA28043A54A148E92DA9E.e.1797/clear - {}
RESULT: {}
COMMAND: POST /session/ae63ae861a600ce3e86dcf3ce68037e1/element/f.B604D285643F95EEE180589880A06EE9.d.7281593AF04EA28043A54A148E92DA9E.e.1797/value - {"text":"SqNOZgDJFe"}
COMMAND: GET /session/ae63ae861a600ce3e86dcf3ce68037e1/screenshot - {}
RESULT: {"text":"SqNOZgDJFe"}
COMMAND: GET /session/ae63ae861a600ce3e86dcf3ce68037e1/screenshot - {}
RESULT: {}
RESULT: {}
COMMAND: POST /session/ae63ae861a600ce3e86dcf3ce68037e1/actions - {"actions":[{"id":"action7","type":"key","parameters":{},"actions":[{"type":"keyDown","value":""},{"type":"pause","duration":10},{"type":"keyUp","value":""}]}]}
RESULT: {"actions":[{"id":"action7","type":"key","parameters":{},"actions":[{"type":"keyDown","value":""},{"type":"pause","duration":10},{"type":"keyUp","value":""}]}]}
COMMAND: POST /session/ae63ae861a600ce3e86dcf3ce68037e1/execute/async - {"script":"<script> [1562 bytes]","args":[{"selector":{"id":"application-manageconditionprice-display-component---newCondition--condBaseQty","interaction":{"idSuffix":"inner"}},"wdio_ui5_key":"applicationmanageconditionprice-display-component---newCondition--condBaseQty"}]}
COMMAND: GET /session/ae63ae861a600ce3e86dcf3ce68037e1/screenshot - {}
RESULT: {"script":"<script> [1562 bytes]","args":[{"selector":{"id":"application-manageconditionprice-display-component---newCondition--condBaseQty","interaction":{"idSuffix":"inner"}},"wdio_ui5_key":"applicationmanageconditionprice-display-component---newCondition--condBaseQty"}]}
RESULT: undefined
COMMAND: POST /session/ae63ae861a600ce3e86dcf3ce68037e1/execute/async - {"script":"<script> [776 bytes]","args":[{"enterText":"1","selector":{"id":"application-manageconditionprice-display-component---newCondition--condBaseQty","interaction":{"idSuffix":"inner"}},"clearTextFirst":true,"interactionType":"ENTER_TEXT"}]}
RESULT: {}
RESULT: {"script":"<script> [776 bytes]","args":[{"enterText":"1","selector":{"id":"application-manageconditionprice-display-component---newCondition--condBaseQty","interaction":{"idSuffix":"inner"}},"clearTextFirst":true,"interactionType":"ENTER_TEXT"}]}
COMMAND: POST /session/ae63ae861a600ce3e86dcf3ce68037e1/execute/async - {"script":"<script> [1562 bytes]","args":[{"selector":{"id":"application-manageconditionprice-display-component---newCondition--condValue","interaction":{"idSuffix":"inner"}},"wdio_ui5_key":"applicationmanageconditionprice-display-component---newCondition--condValue"}]}
RESULT: {"script":"<script> [1562 bytes]","args":[{"selector":{"id":"application-manageconditionprice-display-component---newCondition--condValue","interaction":{"idSuffix":"inner"}},"wdio_ui5_key":"applicationmanageconditionprice-display-component---newCondition--condValue"}]}
RESULT: undefined
COMMAND: POST /session/ae63ae861a600ce3e86dcf3ce68037e1/execute/async - {"script":"<script> [776 bytes]","args":[{"enterText":"200","selector":{"id":"application-manageconditionprice-display-component---newCondition--condValue","interaction":{"idSuffix":"inner"}},"clearTextFirst":true,"interactionType":"ENTER_TEXT"}]}
RESULT: {"script":"<script> [776 bytes]","args":[{"enterText":"200","selector":{"id":"application-manageconditionprice-display-component---newCondition--condValue","interaction":{"idSuffix":"inner"}},"clearTextFirst":true,"interactionType":"ENTER_TEXT"}]}
COMMAND: POST /session/ae63ae861a600ce3e86dcf3ce68037e1/execute/async - {"script":"<script> [1562 bytes]","args":[{"selector":{"id":"application-manageconditionprice-display-component---newCondition--condCurr-arrow"},"wdio_ui5_key":"applicationmanageconditionprice-display-component---newCondition--condCurr-arrow"}]}
RESULT: {"script":"<script> [1562 bytes]","args":[{"selector":{"id":"application-manageconditionprice-display-component---newCondition--condCurr-arrow"},"wdio_ui5_key":"applicationmanageconditionprice-display-component---newCondition--condCurr-arrow"}]}
RESULT: undefined
COMMAND: POST /session/ae63ae861a600ce3e86dcf3ce68037e1/element - {"using":"xpath","value":"//*[@id=\"application-manageconditionprice-display-component---newCondition--condCurr-arrow\"]"}
RESULT: {"using":"xpath","value":"//*[@id=\"application-manageconditionprice-display-component---newCondition--condCurr-arrow\"]"}
COMMAND: POST /session/ae63ae861a600ce3e86dcf3ce68037e1/element/f.B604D285643F95EEE180589880A06EE9.d.7281593AF04EA28043A54A148E92DA9E.e.1942/click - {}
RESULT: {}
COMMAND: POST /session/ae63ae861a600ce3e86dcf3ce68037e1/element - {"using":"xpath","value":"//span[contains(text(), \"Euro\")]"}
COMMAND: GET /session/ae63ae861a600ce3e86dcf3ce68037e1/screenshot - {}
RESULT: {"using":"xpath","value":"//span[contains(text(), \"Euro\")]"}
COMMAND: POST /session/ae63ae861a600ce3e86dcf3ce68037e1/element/f.B604D285643F95EEE180589880A06EE9.d.7281593AF04EA28043A54A148E92DA9E.e.2002/click - {}
RESULT: {}
RESULT: {}
COMMAND: POST /session/ae63ae861a600ce3e86dcf3ce68037e1/element - {"using":"xpath","value":"//button[@data-kt=\"saveButton\"]"}
COMMAND: GET /session/ae63ae861a600ce3e86dcf3ce68037e1/screenshot - {}
RESULT: {"using":"xpath","value":"//button[@data-kt=\"saveButton\"]"}
COMMAND: POST /session/ae63ae861a600ce3e86dcf3ce68037e1/element/f.B604D285643F95EEE180589880A06EE9.d.7281593AF04EA28043A54A148E92DA9E.e.1943/click - {}
RESULT: {}
RESULT: {}
COMMAND: GET /session/ae63ae861a600ce3e86dcf3ce68037e1/screenshot - {}
RESULT: {}
COMMAND: POST /session/ae63ae861a600ce3e86dcf3ce68037e1/execute/async - {"script":"<script> [1562 bytes]","args":[{"selector":{"id":"application-manageconditionprice-display-component---conditions--smartFilterBar-btnBasicSearch","interaction":{"idSuffix":"I"}},"wdio_ui5_key":"applicationmanageconditionprice-display-component---conditions--smartFilterBar-btnBasicSearch"}]}
RESULT: {"script":"<script> [1562 bytes]","args":[{"selector":{"id":"application-manageconditionprice-display-component---conditions--smartFilterBar-btnBasicSearch","interaction":{"idSuffix":"I"}},"wdio_ui5_key":"applicationmanageconditionprice-display-component---conditions--smartFilterBar-btnBasicSearch"}]}
RESULT: undefined
COMMAND: POST /session/ae63ae861a600ce3e86dcf3ce68037e1/execute/async - {"script":"<script> [776 bytes]","args":[{"enterText":"SqNOZgDJFe","selector":{"id":"application-manageconditionprice-display-component---conditions--smartFilterBar-btnBasicSearch","interaction":{"idSuffix":"I"}},"clearTextFirst":true,"interactionType":"ENTER_TEXT"}]}
RESULT: {"script":"<script> [776 bytes]","args":[{"enterText":"SqNOZgDJFe","selector":{"id":"application-manageconditionprice-display-component---conditions--smartFilterBar-btnBasicSearch","interaction":{"idSuffix":"I"}},"clearTextFirst":true,"interactionType":"ENTER_TEXT"}]}
COMMAND: POST /session/ae63ae861a600ce3e86dcf3ce68037e1/actions - {"actions":[{"id":"action8","type":"key","parameters":{},"actions":[{"type":"keyDown","value":""},{"type":"pause","duration":10},{"type":"keyUp","value":""}]}]}
RESULT: {"actions":[{"id":"action8","type":"key","parameters":{},"actions":[{"type":"keyDown","value":""},{"type":"pause","duration":10},{"type":"keyUp","value":""}]}]}
COMMAND: GET /session/ae63ae861a600ce3e86dcf3ce68037e1/screenshot - {}
RESULT: {}
COMMAND: POST /session/ae63ae861a600ce3e86dcf3ce68037e1/execute/async - {"script":"<script> [1562 bytes]","args":[{"selector":{"id":"application-manageconditionprice-display-component---conditions--smartFilterBar-filterItemControl_BASIC-BILL_TYPES-vhi"},"wdio_ui5_key":"applicationmanageconditionprice-display-component---conditions--smartFilterBar-filterItemControl_BASIC-BILL_TYPES-vhi"}]}
RESULT: {"script":"<script> [1562 bytes]","args":[{"selector":{"id":"application-manageconditionprice-display-component---conditions--smartFilterBar-filterItemControl_BASIC-BILL_TYPES-vhi"},"wdio_ui5_key":"applicationmanageconditionprice-display-component---conditions--smartFilterBar-filterItemControl_BASIC-BILL_TYPES-vhi"}]}
RESULT: undefined
COMMAND: POST /session/ae63ae861a600ce3e86dcf3ce68037e1/element - {"using":"xpath","value":"//*[@id=\"application-manageconditionprice-display-component---conditions--smartFilterBar-filterItemControl_BASIC-BILL_TYPES-vhi\"]"}
RESULT: {"using":"xpath","value":"//*[@id=\"application-manageconditionprice-display-component---conditions--smartFilterBar-filterItemControl_BASIC-BILL_TYPES-vhi\"]"}
COMMAND: POST /session/ae63ae861a600ce3e86dcf3ce68037e1/element/f.B604D285643F95EEE180589880A06EE9.d.7281593AF04EA28043A54A148E92DA9E.e.2109/click - {}
RESULT: {}
COMMAND: POST /session/ae63ae861a600ce3e86dcf3ce68037e1/execute/async - {"script":"<script> [1562 bytes]","args":[{"selector":{"id":"application-manageconditionprice-display-component---conditions--smartFilterBar-filterItemControl_BASIC-BILL_TYPES-valueHelpDialog-smartFilterBar-btnBasicSearch","searchOpenDialogs":true,"interaction":{"idSuffix":"I"}},"wdio_ui5_key":"applicationmanageconditionprice-display-component---conditions--smartFilterBar-filterItemControl_BASIC-BILL_TYPES-valueHelpDialog-smartFilterBar-btnBasicSearch"}]}
COMMAND: GET /session/ae63ae861a600ce3e86dcf3ce68037e1/screenshot - {}
RESULT: {"script":"<script> [1562 bytes]","args":[{"selector":{"id":"application-manageconditionprice-display-component---conditions--smartFilterBar-filterItemControl_BASIC-BILL_TYPES-valueHelpDialog-smartFilterBar-btnBasicSearch","searchOpenDialogs":true,"interaction":{"idSuffix":"I"}},"wdio_ui5_key":"applicationmanageconditionprice-display-component---conditions--smartFilterBar-filterItemControl_BASIC-BILL_TYPES-valueHelpDialog-smartFilterBar-btnBasicSearch"}]}
RESULT: undefined
COMMAND: POST /session/ae63ae861a600ce3e86dcf3ce68037e1/execute/async - {"script":"<script> [776 bytes]","args":[{"enterText":"one","selector":{"id":"application-manageconditionprice-display-component---conditions--smartFilterBar-filterItemControl_BASIC-BILL_TYPES-valueHelpDialog-smartFilterBar-btnBasicSearch","searchOpenDialogs":true,"interaction":{"idSuffix":"I"}},"clearTextFirst":true,"interactionType":"ENTER_TEXT"}]}
RESULT: {}
RESULT: {"script":"<script> [776 bytes]","args":[{"enterText":"one","selector":{"id":"application-manageconditionprice-display-component---conditions--smartFilterBar-filterItemControl_BASIC-BILL_TYPES-valueHelpDialog-smartFilterBar-btnBasicSearch","searchOpenDialogs":true,"interaction":{"idSuffix":"I"}},"clearTextFirst":true,"interactionType":"ENTER_TEXT"}]}
COMMAND: POST /session/ae63ae861a600ce3e86dcf3ce68037e1/actions - {"actions":[{"id":"action9","type":"key","parameters":{},"actions":[{"type":"keyDown","value":""},{"type":"pause","duration":10},{"type":"keyUp","value":""}]}]}
RESULT: {"actions":[{"id":"action9","type":"key","parameters":{},"actions":[{"type":"keyDown","value":""},{"type":"pause","duration":10},{"type":"keyUp","value":""}]}]}
COMMAND: GET /session/ae63ae861a600ce3e86dcf3ce68037e1/screenshot - {}
RESULT: {}
COMMAND: POST /session/ae63ae861a600ce3e86dcf3ce68037e1/element - {"using":"xpath","value":"//div[contains(@id, 'application-manageconditionprice-display-component---conditions--smartFilterBar-filterItemControl_BASIC-BILL_TYPES-valueHelpDialog-table-rowsel0')]"}
RESULT: {"using":"xpath","value":"//div[contains(@id, 'application-manageconditionprice-display-component---conditions--smartFilterBar-filterItemControl_BASIC-BILL_TYPES-valueHelpDialog-table-rowsel0')]"}
COMMAND: POST /session/ae63ae861a600ce3e86dcf3ce68037e1/element/f.B604D285643F95EEE180589880A06EE9.d.7281593AF04EA28043A54A148E92DA9E.e.2119/click - {}
RESULT: {}
COMMAND: GET /session/ae63ae861a600ce3e86dcf3ce68037e1/screenshot - {}
RESULT: {}
COMMAND: POST /session/ae63ae861a600ce3e86dcf3ce68037e1/element - {"using":"xpath","value":"//bdi[contains(text(), \"OK\")]"}
RESULT: {"using":"xpath","value":"//bdi[contains(text(), \"OK\")]"}
COMMAND: POST /session/ae63ae861a600ce3e86dcf3ce68037e1/element/f.B604D285643F95EEE180589880A06EE9.d.7281593AF04EA28043A54A148E92DA9E.e.2121/click - {}
RESULT: {}
COMMAND: GET /session/ae63ae861a600ce3e86dcf3ce68037e1/screenshot - {}
RESULT: {}
COMMAND: POST /session/ae63ae861a600ce3e86dcf3ce68037e1/element - {"using":"xpath","value":"//span[@id=\"application-manageconditionprice-display-component---conditions--smartTable-header-inner\"]"}
RESULT: {"using":"xpath","value":"//span[@id=\"application-manageconditionprice-display-component---conditions--smartTable-header-inner\"]"}
COMMAND: POST /session/ae63ae861a600ce3e86dcf3ce68037e1/elements - {"using":"xpath","value":"//span[@id=\"application-manageconditionprice-display-component---conditions--smartTable-header-inner\"]"}
RESULT: {"using":"xpath","value":"//span[@id=\"application-manageconditionprice-display-component---conditions--smartTable-header-inner\"]"}
COMMAND: POST /session/ae63ae861a600ce3e86dcf3ce68037e1/execute/sync - {"script":"<script> [56 bytes]","args":[{"element-6066-11e4-a52e-4f735466cecf":"f.B604D285643F95EEE180589880A06EE9.d.7281593AF04EA28043A54A148E92DA9E.e.2124","ELEMENT":"f.B604D285643F95EEE180589880A06EE9.d.7281593AF04EA28043A54A148E92DA9E.e.2124"}]}
RESULT: {"script":"<script> [56 bytes]","args":[{"element-6066-11e4-a52e-4f735466cecf":"f.B604D285643F95EEE180589880A06EE9.d.7281593AF04EA28043A54A148E92DA9E.e.2124","ELEMENT":"f.B604D285643F95EEE180589880A06EE9.d.7281593AF04EA28043A54A148E92DA9E.e.2124"}]}
COMMAND: POST /session/ae63ae861a600ce3e86dcf3ce68037e1/element - {"using":"css selector","value":"#shell-header-logo"}
COMMAND: GET /session/ae63ae861a600ce3e86dcf3ce68037e1/screenshot - {}
RESULT: {"using":"css selector","value":"#shell-header-logo"}
COMMAND: POST /session/ae63ae861a600ce3e86dcf3ce68037e1/element/f.B604D285643F95EEE180589880A06EE9.d.7281593AF04EA28043A54A148E92DA9E.e.1749/click - {}
RESULT: {}
RESULT: {}
COMMAND: GET /session/ae63ae861a600ce3e86dcf3ce68037e1/screenshot - {}
RESULT: {}
COMMAND: POST /session/ae63ae861a600ce3e86dcf3ce68037e1/element - {"using":"css selector","value":"#j_username"}
COMMAND: POST /session/ae63ae861a600ce3e86dcf3ce68037e1/url - {"url":"https://qa-testing-00-live-etm-ui.cfapps.eu10-004.hana.ondemand.com/"}
RESULT: {"using":"css selector","value":"#j_username"}
COMMAND: POST /session/ae63ae861a600ce3e86dcf3ce68037e1/element - {"using":"css selector","value":"#j_username"}
RESULT: {"url":"https://qa-testing-00-live-etm-ui.cfapps.eu10-004.hana.ondemand.com/"}
RESULT: undefined
COMMAND: GET /session/ae63ae861a600ce3e86dcf3ce68037e1/screenshot - {}
RESULT: {"using":"css selector","value":"#j_username"}
COMMAND: POST /session/ae63ae861a600ce3e86dcf3ce68037e1/element - {"using":"css selector","value":"#shell-header-logo"}
RESULT: {}
RESULT: {"using":"css selector","value":"#shell-header-logo"}
COMMAND: POST /session/ae63ae861a600ce3e86dcf3ce68037e1/execute/sync - {"script":"<script> [8489 bytes]","args":[{"element-6066-11e4-a52e-4f735466cecf":"f.B604D285643F95EEE180589880A06EE9.d.95C2A59B6D52266C1C3D1ED5B233BB9E.e.2134","ELEMENT":"f.B604D285643F95EEE180589880A06EE9.d.95C2A59B6D52266C1C3D1ED5B233BB9E.e.2134"}]}
RESULT: {"script":"<script> [8489 bytes]","args":[{"element-6066-11e4-a52e-4f735466cecf":"f.B604D285643F95EEE180589880A06EE9.d.95C2A59B6D52266C1C3D1ED5B233BB9E.e.2134","ELEMENT":"f.B604D285643F95EEE180589880A06EE9.d.95C2A59B6D52266C1C3D1ED5B233BB9E.e.2134"}]}
COMMAND: POST /session/ae63ae861a600ce3e86dcf3ce68037e1/element - {"using":"css selector","value":"#shell-header-logo"}
COMMAND: GET /session/ae63ae861a600ce3e86dcf3ce68037e1/screenshot - {}
RESULT: {"using":"css selector","value":"#shell-header-logo"}
COMMAND: POST /session/ae63ae861a600ce3e86dcf3ce68037e1/execute/sync - {"script":"<script> [8489 bytes]","args":[{"element-6066-11e4-a52e-4f735466cecf":"f.B604D285643F95EEE180589880A06EE9.d.95C2A59B6D52266C1C3D1ED5B233BB9E.e.2134","ELEMENT":"f.B604D285643F95EEE180589880A06EE9.d.95C2A59B6D52266C1C3D1ED5B233BB9E.e.2134"}]}
RESULT: {}
RESULT: {"script":"<script> [8489 bytes]","args":[{"element-6066-11e4-a52e-4f735466cecf":"f.B604D285643F95EEE180589880A06EE9.d.95C2A59B6D52266C1C3D1ED5B233BB9E.e.2134","ELEMENT":"f.B604D285643F95EEE180589880A06EE9.d.95C2A59B6D52266C1C3D1ED5B233BB9E.e.2134"}]}
COMMAND: POST /session/ae63ae861a600ce3e86dcf3ce68037e1/execute/sync - {"script":"<script> [5351 bytes]","args":[{"element-6066-11e4-a52e-4f735466cecf":"f.B604D285643F95EEE180589880A06EE9.d.95C2A59B6D52266C1C3D1ED5B233BB9E.e.2134","ELEMENT":"f.B604D285643F95EEE180589880A06EE9.d.95C2A59B6D52266C1C3D1ED5B233BB9E.e.2134"}]}
COMMAND: GET /session/ae63ae861a600ce3e86dcf3ce68037e1/screenshot - {}
RESULT: {"script":"<script> [5351 bytes]","args":[{"element-6066-11e4-a52e-4f735466cecf":"f.B604D285643F95EEE180589880A06EE9.d.95C2A59B6D52266C1C3D1ED5B233BB9E.e.2134","ELEMENT":"f.B604D285643F95EEE180589880A06EE9.d.95C2A59B6D52266C1C3D1ED5B233BB9E.e.2134"}]}
COMMAND: POST /session/ae63ae861a600ce3e86dcf3ce68037e1/element - {"using":"css selector","value":"#shell-header-logo"}
COMMAND: GET /session/ae63ae861a600ce3e86dcf3ce68037e1/screenshot - {}
RESULT: {}
RESULT: {"using":"css selector","value":"#shell-header-logo"}
COMMAND: POST /session/ae63ae861a600ce3e86dcf3ce68037e1/element/f.B604D285643F95EEE180589880A06EE9.d.95C2A59B6D52266C1C3D1ED5B233BB9E.e.2134/click - {}
RESULT: {}
RESULT: {}
COMMAND: GET /session/ae63ae861a600ce3e86dcf3ce68037e1/screenshot - {}
RESULT: {}
COMMAND: POST /session/ae63ae861a600ce3e86dcf3ce68037e1/execute/async - {"script":"<script> [189 bytes]","args":[]}
RESULT: {"script":"<script> [189 bytes]","args":[]}
COMMAND: POST /session/ae63ae861a600ce3e86dcf3ce68037e1/execute/async - {"script":"<script> [123 bytes]","args":[]}
RESULT: {"script":"<script> [123 bytes]","args":[]}
COMMAND: POST /session/ae63ae861a600ce3e86dcf3ce68037e1/timeouts - {"script":"<number>"}
RESULT: {"script":"<number>"}
COMMAND: GET /session/ae63ae861a600ce3e86dcf3ce68037e1/timeouts - {}
RESULT: {}
RESULT: undefined
COMMAND: POST /session/ae63ae861a600ce3e86dcf3ce68037e1/execute/async - {"script":"<script> [2676 bytes]","args":[]}
RESULT: {"script":"<script> [2676 bytes]","args":[]}
COMMAND: POST /session/ae63ae861a600ce3e86dcf3ce68037e1/execute/async - {"script":"<script> [2342 bytes]","args":[{"protocol":"http","hostname":"0.0.0.0","path":"/","capabilities":{"browserName":"chrome","goog:chromeOptions":{"binary":"C:\\Program Files\\Google\\Chrome\\Application\\chrome.exe","args":["--start-maximized"]}},"logLevel":"warn","connectionRetryTimeout":120000,"connectionRetryCount":3,"logLevels":{},"enableDirectConnect":true,"strictSSL":true,"_":"65 more keys: [\"cacheDir\",\"port\",\"requestedCapabilities\",\"automationProtocol\",\"baseUrl\",\"waitforInterval\",\"waitforTimeout\",\"onReload\",\"beforeCommand\",\"afterCommand\",\"rootDir\",\"specs\",\"suites\",\"exclude\",\"groupLogsByTestSpec\",\"excludeDriverLogs\",\"bail\",\"framework\",\"reporters\",\"services\",\"maxInstances\",\"maxInstancesPerCapability\",\"injectGlobals\",\"filesToWatch\",\"execArgv\",\"runnerEnv\",\"runner\",\"shard\",\"specFileRetries\",\"specFileRetriesDelay\",\"specFileRetriesDeferred\",\"reporterSyncInterval\",\"reporterSyncTimeout\",\"cucumberFeaturesWithLineNumbers\",\"autoCompileOpts\",\"mochaOpts\",\"jasmineOpts\",\"cucumberOpts\",\"onPrepare\",\"onWorkerStart\",\"onWorkerEnd\",\"before\",\"beforeSession\",\"beforeSuite\",\"beforeHook\",\"beforeTest\",\"afterTest\",\"afterHook\",\"afterSuite\",\"afterSession\",\"after\",\"onComplete\",\"beforeAssertion\",\"afterAssertion\",\"beforeFeature\",\"beforeScenario\",\"beforeStep\",\"afterStep\",\"afterScenario\",\"afterFeature\",\"_\",\"suite\",\"$0\",\"ignoredWorkerServices\",\"wdi5\"]"}]}
RESULT: {"script":"<script> [2342 bytes]","args":[{"protocol":"http","hostname":"0.0.0.0","path":"/","capabilities":{"browserName":"chrome","goog:chromeOptions":{"binary":"C:\\Program Files\\Google\\Chrome\\Application\\chrome.exe","args":["--start-maximized"]}},"logLevel":"warn","connectionRetryTimeout":120000,"connectionRetryCount":3,"logLevels":{},"enableDirectConnect":true,"strictSSL":true,"_":"65 more keys: [\"cacheDir\",\"port\",\"requestedCapabilities\",\"automationProtocol\",\"baseUrl\",\"waitforInterval\",\"waitforTimeout\",\"onReload\",\"beforeCommand\",\"afterCommand\",\"rootDir\",\"specs\",\"suites\",\"exclude\",\"groupLogsByTestSpec\",\"excludeDriverLogs\",\"bail\",\"framework\",\"reporters\",\"services\",\"maxInstances\",\"maxInstancesPerCapability\",\"injectGlobals\",\"filesToWatch\",\"execArgv\",\"runnerEnv\",\"runner\",\"shard\",\"specFileRetries\",\"specFileRetriesDelay\",\"specFileRetriesDeferred\",\"reporterSyncInterval\",\"reporterSyncTimeout\",\"cucumberFeaturesWithLineNumbers\",\"autoCompileOpts\",\"mochaOpts\",\"jasmineOpts\",\"cucumberOpts\",\"onPrepare\",\"onWorkerStart\",\"onWorkerEnd\",\"before\",\"beforeSession\",\"beforeSuite\",\"beforeHook\",\"beforeTest\",\"afterTest\",\"afterHook\",\"afterSuite\",\"afterSession\",\"after\",\"onComplete\",\"beforeAssertion\",\"afterAssertion\",\"beforeFeature\",\"beforeScenario\",\"beforeStep\",\"afterStep\",\"afterScenario\",\"afterFeature\",\"_\",\"suite\",\"$0\",\"ignoredWorkerServices\",\"wdi5\"]"}]}
COMMAND: POST /session/ae63ae861a600ce3e86dcf3ce68037e1/execute/async - {"script":"<script> [21126 bytes]","args":[35000]}
RESULT: {"script":"<script> [21126 bytes]","args":[35000]}
COMMAND: POST /session/ae63ae861a600ce3e86dcf3ce68037e1/window/maximize - {}
RESULT: {}
COMMAND: POST /session/ae63ae861a600ce3e86dcf3ce68037e1/execute/async - {"script":"<script> [1562 bytes]","args":[{"selector":{"id":"shell-header","interaction":{"idSuffix":"icon"}},"wdio_ui5_key":"shellheader"}]}
COMMAND: GET /session/ae63ae861a600ce3e86dcf3ce68037e1/screenshot - {}
RESULT: {"script":"<script> [1562 bytes]","args":[{"selector":{"id":"shell-header","interaction":{"idSuffix":"icon"}},"wdio_ui5_key":"shellheader"}]}
RESULT: undefined
COMMAND: POST /session/ae63ae861a600ce3e86dcf3ce68037e1/refresh - {}
RESULT: {}
RESULT: {}
COMMAND: GET /session/ae63ae861a600ce3e86dcf3ce68037e1/screenshot - {}
RESULT: {}
COMMAND: POST /session/ae63ae861a600ce3e86dcf3ce68037e1/refresh - {}
RESULT: {}
COMMAND: GET /session/ae63ae861a600ce3e86dcf3ce68037e1/screenshot - {}
RESULT: {}
COMMAND: POST /session/ae63ae861a600ce3e86dcf3ce68037e1/window/fullscreen - {}
RESULT: {}
COMMAND: POST /session/ae63ae861a600ce3e86dcf3ce68037e1/execute/async - {"script":"<script> [189 bytes]","args":[]}
RESULT: {"script":"<script> [189 bytes]","args":[]}
COMMAND: POST /session/ae63ae861a600ce3e86dcf3ce68037e1/execute/async - {"script":"<script> [123 bytes]","args":[]}
RESULT: {"script":"<script> [123 bytes]","args":[]}
COMMAND: POST /session/ae63ae861a600ce3e86dcf3ce68037e1/timeouts - {"script":"<number>"}
RESULT: {"script":"<number>"}
COMMAND: GET /session/ae63ae861a600ce3e86dcf3ce68037e1/timeouts - {}
RESULT: {}
RESULT: undefined
COMMAND: POST /session/ae63ae861a600ce3e86dcf3ce68037e1/execute/async - {"script":"<script> [2676 bytes]","args":[]}
RESULT: {"script":"<script> [2676 bytes]","args":[]}
COMMAND: POST /session/ae63ae861a600ce3e86dcf3ce68037e1/execute/async - {"script":"<script> [2342 bytes]","args":[{"protocol":"http","hostname":"0.0.0.0","path":"/","capabilities":{"browserName":"chrome","goog:chromeOptions":{"binary":"C:\\Program Files\\Google\\Chrome\\Application\\chrome.exe","args":["--start-maximized"]}},"logLevel":"warn","connectionRetryTimeout":120000,"connectionRetryCount":3,"logLevels":{},"enableDirectConnect":true,"strictSSL":true,"_":"65 more keys: [\"cacheDir\",\"port\",\"requestedCapabilities\",\"automationProtocol\",\"baseUrl\",\"waitforInterval\",\"waitforTimeout\",\"onReload\",\"beforeCommand\",\"afterCommand\",\"rootDir\",\"specs\",\"suites\",\"exclude\",\"groupLogsByTestSpec\",\"excludeDriverLogs\",\"bail\",\"framework\",\"reporters\",\"services\",\"maxInstances\",\"maxInstancesPerCapability\",\"injectGlobals\",\"filesToWatch\",\"execArgv\",\"runnerEnv\",\"runner\",\"shard\",\"specFileRetries\",\"specFileRetriesDelay\",\"specFileRetriesDeferred\",\"reporterSyncInterval\",\"reporterSyncTimeout\",\"cucumberFeaturesWithLineNumbers\",\"autoCompileOpts\",\"mochaOpts\",\"jasmineOpts\",\"cucumberOpts\",\"onPrepare\",\"onWorkerStart\",\"onWorkerEnd\",\"before\",\"beforeSession\",\"beforeSuite\",\"beforeHook\",\"beforeTest\",\"afterTest\",\"afterHook\",\"afterSuite\",\"afterSession\",\"after\",\"onComplete\",\"beforeAssertion\",\"afterAssertion\",\"beforeFeature\",\"beforeScenario\",\"beforeStep\",\"afterStep\",\"afterScenario\",\"afterFeature\",\"_\",\"suite\",\"$0\",\"ignoredWorkerServices\",\"wdi5\"]"}]}
RESULT: {"script":"<script> [2342 bytes]","args":[{"protocol":"http","hostname":"0.0.0.0","path":"/","capabilities":{"browserName":"chrome","goog:chromeOptions":{"binary":"C:\\Program Files\\Google\\Chrome\\Application\\chrome.exe","args":["--start-maximized"]}},"logLevel":"warn","connectionRetryTimeout":120000,"connectionRetryCount":3,"logLevels":{},"enableDirectConnect":true,"strictSSL":true,"_":"65 more keys: [\"cacheDir\",\"port\",\"requestedCapabilities\",\"automationProtocol\",\"baseUrl\",\"waitforInterval\",\"waitforTimeout\",\"onReload\",\"beforeCommand\",\"afterCommand\",\"rootDir\",\"specs\",\"suites\",\"exclude\",\"groupLogsByTestSpec\",\"excludeDriverLogs\",\"bail\",\"framework\",\"reporters\",\"services\",\"maxInstances\",\"maxInstancesPerCapability\",\"injectGlobals\",\"filesToWatch\",\"execArgv\",\"runnerEnv\",\"runner\",\"shard\",\"specFileRetries\",\"specFileRetriesDelay\",\"specFileRetriesDeferred\",\"reporterSyncInterval\",\"reporterSyncTimeout\",\"cucumberFeaturesWithLineNumbers\",\"autoCompileOpts\",\"mochaOpts\",\"jasmineOpts\",\"cucumberOpts\",\"onPrepare\",\"onWorkerStart\",\"onWorkerEnd\",\"before\",\"beforeSession\",\"beforeSuite\",\"beforeHook\",\"beforeTest\",\"afterTest\",\"afterHook\",\"afterSuite\",\"afterSession\",\"after\",\"onComplete\",\"beforeAssertion\",\"afterAssertion\",\"beforeFeature\",\"beforeScenario\",\"beforeStep\",\"afterStep\",\"afterScenario\",\"afterFeature\",\"_\",\"suite\",\"$0\",\"ignoredWorkerServices\",\"wdi5\"]"}]}
COMMAND: POST /session/ae63ae861a600ce3e86dcf3ce68037e1/execute/async - {"script":"<script> [21126 bytes]","args":[35000]}
RESULT: {"script":"<script> [21126 bytes]","args":[35000]}
]]></system-out>
    </testcase>
  </testsuite>
  <testsuite timestamp="2025-06-14T17:04:25" time="111.823" tests="3" failures="0" errors="0" skipped="0">
    <properties>
      <property name="specId" value="0"/>
      <property name="suiteName" value="Set up pricing rule(OT) 104624"/>
      <property name="capabilities" value="chrome.137_0_7151_69.windows"/>
      <property name="file" value="file:///D:/a/1/s/test/specs/BTS/create-pricing-rule.spec.js"/>
    </properties>
    <testcase classname="chrome.137_0_7151_69.windows.Set_up_pricing_rule(OT)_104624" name="Should create a new yard used for all following tests" time="0.011">
      <system-out><![CDATA[
COMMAND: POST /session/ae63ae861a600ce3e86dcf3ce68037e1/window/fullscreen - {}
RESULT: {}
]]></system-out>
    </testcase>
    <testcase classname="chrome.137_0_7151_69.windows.Set_up_pricing_rule(OT)_104624" name="Should create a new equipment used for all following tests" time="0.002"/>
    <testcase classname="chrome.137_0_7151_69.windows.Set_up_pricing_rule(OT)_104624" name="Should create new pricing rule on the created resource from earlier module or above" time="66.466">
      <system-out><![CDATA[
COMMAND: POST /session/ae63ae861a600ce3e86dcf3ce68037e1/execute/async - {"script":"<script> [1562 bytes]","args":[{"selector":{"controlType":"sap.m.GenericTile","properties":{"header":"Manage Pricing Rules"}},"wdio_ui5_key":"sapm.GenericTile{\"header\":\"Manage Pricing Rules\"}"}]}
RESULT: {"script":"<script> [1562 bytes]","args":[{"selector":{"controlType":"sap.m.GenericTile","properties":{"header":"Manage Pricing Rules"}},"wdio_ui5_key":"sapm.GenericTile{\"header\":\"Manage Pricing Rules\"}"}]}
RESULT: undefined
COMMAND: POST /session/ae63ae861a600ce3e86dcf3ce68037e1/element - {"using":"xpath","value":"//*[@id=\"__tile57\"]"}
RESULT: {"using":"xpath","value":"//*[@id=\"__tile57\"]"}
COMMAND: POST /session/ae63ae861a600ce3e86dcf3ce68037e1/element/f.B604D285643F95EEE180589880A06EE9.d.F5DF55CFDC1CB717343F710BB93EC9C1.e.2408/click - {}
RESULT: {}
COMMAND: GET /session/ae63ae861a600ce3e86dcf3ce68037e1/screenshot - {}
RESULT: {}
COMMAND: POST /session/ae63ae861a600ce3e86dcf3ce68037e1/elements - {"using":"xpath","value":"//span[text()='Error']"}
RESULT: {"using":"xpath","value":"//span[text()='Error']"}
COMMAND: POST /session/ae63ae861a600ce3e86dcf3ce68037e1/execute/async - {"script":"<script> [1562 bytes]","args":[{"selector":{"controlType":"sap.ui.core.Icon","viewName":"etm.portal.ui.managepricingrules.view.MasterHeader","viewId":"application-managepricingrules-display-component---priceInfoHeader","properties":{"src":{"regex":{"source":"activity\\-items"}}}},"wdio_ui5_key":"etmportal.ui.managepricingrules.view.MasterHeadersap.ui.core.Icon{\"src\":{\"regex\":{\"source\":\"activity\\\\-items\"}}}"}]}
RESULT: {"script":"<script> [1562 bytes]","args":[{"selector":{"controlType":"sap.ui.core.Icon","viewName":"etm.portal.ui.managepricingrules.view.MasterHeader","viewId":"application-managepricingrules-display-component---priceInfoHeader","properties":{"src":{"regex":{"source":"activity\\-items"}}}},"wdio_ui5_key":"etmportal.ui.managepricingrules.view.MasterHeadersap.ui.core.Icon{\"src\":{\"regex\":{\"source\":\"activity\\\\-items\"}}}"}]}
RESULT: undefined
COMMAND: POST /session/ae63ae861a600ce3e86dcf3ce68037e1/element - {"using":"xpath","value":"//*[@id=\"__filter1-icon\"]"}
RESULT: {"using":"xpath","value":"//*[@id=\"__filter1-icon\"]"}
COMMAND: POST /session/ae63ae861a600ce3e86dcf3ce68037e1/element/f.B604D285643F95EEE180589880A06EE9.d.F5DF55CFDC1CB717343F710BB93EC9C1.e.2465/click - {}
RESULT: {}
COMMAND: GET /session/ae63ae861a600ce3e86dcf3ce68037e1/screenshot - {}
RESULT: {}
COMMAND: POST /session/ae63ae861a600ce3e86dcf3ce68037e1/element - {"using":"xpath","value":"//button[@data-kt=\"addButton\"]"}
RESULT: {"using":"xpath","value":"//button[@data-kt=\"addButton\"]"}
COMMAND: POST /session/ae63ae861a600ce3e86dcf3ce68037e1/elements - {"using":"xpath","value":"//button[@data-kt=\"addButton\"]"}
RESULT: {"using":"xpath","value":"//button[@data-kt=\"addButton\"]"}
COMMAND: POST /session/ae63ae861a600ce3e86dcf3ce68037e1/execute/sync - {"script":"<script> [8489 bytes]","args":[{"element-6066-11e4-a52e-4f735466cecf":"f.B604D285643F95EEE180589880A06EE9.d.F5DF55CFDC1CB717343F710BB93EC9C1.e.2515","ELEMENT":"f.B604D285643F95EEE180589880A06EE9.d.F5DF55CFDC1CB717343F710BB93EC9C1.e.2515"}]}
RESULT: {"script":"<script> [8489 bytes]","args":[{"element-6066-11e4-a52e-4f735466cecf":"f.B604D285643F95EEE180589880A06EE9.d.F5DF55CFDC1CB717343F710BB93EC9C1.e.2515","ELEMENT":"f.B604D285643F95EEE180589880A06EE9.d.F5DF55CFDC1CB717343F710BB93EC9C1.e.2515"}]}
COMMAND: GET /session/ae63ae861a600ce3e86dcf3ce68037e1/element/f.B604D285643F95EEE180589880A06EE9.d.F5DF55CFDC1CB717343F710BB93EC9C1.e.2515/enabled - {}
COMMAND: GET /session/ae63ae861a600ce3e86dcf3ce68037e1/screenshot - {}
RESULT: {}
COMMAND: POST /session/ae63ae861a600ce3e86dcf3ce68037e1/execute/sync - {"script":"<script> [8489 bytes]","args":[{"element-6066-11e4-a52e-4f735466cecf":"f.B604D285643F95EEE180589880A06EE9.d.F5DF55CFDC1CB717343F710BB93EC9C1.e.2515","ELEMENT":"f.B604D285643F95EEE180589880A06EE9.d.F5DF55CFDC1CB717343F710BB93EC9C1.e.2515"}]}
COMMAND: GET /session/ae63ae861a600ce3e86dcf3ce68037e1/screenshot - {}
RESULT: {}
RESULT: {"script":"<script> [8489 bytes]","args":[{"element-6066-11e4-a52e-4f735466cecf":"f.B604D285643F95EEE180589880A06EE9.d.F5DF55CFDC1CB717343F710BB93EC9C1.e.2515","ELEMENT":"f.B604D285643F95EEE180589880A06EE9.d.F5DF55CFDC1CB717343F710BB93EC9C1.e.2515"}]}
COMMAND: POST /session/ae63ae861a600ce3e86dcf3ce68037e1/execute/sync - {"script":"<script> [5351 bytes]","args":[{"element-6066-11e4-a52e-4f735466cecf":"f.B604D285643F95EEE180589880A06EE9.d.F5DF55CFDC1CB717343F710BB93EC9C1.e.2515","ELEMENT":"f.B604D285643F95EEE180589880A06EE9.d.F5DF55CFDC1CB717343F710BB93EC9C1.e.2515"}]}
COMMAND: GET /session/ae63ae861a600ce3e86dcf3ce68037e1/screenshot - {}
RESULT: {}
RESULT: {"script":"<script> [5351 bytes]","args":[{"element-6066-11e4-a52e-4f735466cecf":"f.B604D285643F95EEE180589880A06EE9.d.F5DF55CFDC1CB717343F710BB93EC9C1.e.2515","ELEMENT":"f.B604D285643F95EEE180589880A06EE9.d.F5DF55CFDC1CB717343F710BB93EC9C1.e.2515"}]}
COMMAND: POST /session/ae63ae861a600ce3e86dcf3ce68037e1/element/f.B604D285643F95EEE180589880A06EE9.d.F5DF55CFDC1CB717343F710BB93EC9C1.e.2515/click - {}
COMMAND: GET /session/ae63ae861a600ce3e86dcf3ce68037e1/screenshot - {}
RESULT: {}
RESULT: {}
COMMAND: GET /session/ae63ae861a600ce3e86dcf3ce68037e1/screenshot - {}
RESULT: {}
RESULT: {}
COMMAND: POST /session/ae63ae861a600ce3e86dcf3ce68037e1/execute/async - {"script":"<script> [1562 bytes]","args":[{"selector":{"controlType":"sap.m.Title","viewName":"etm.portal.ui.managepricingrules.view.NewItem","viewId":"application-managepricingrules-display-component---newInfoPriceItem","properties":{"text":"New Pricing Rules - Item Level"}},"wdio_ui5_key":"etmportal.ui.managepricingrules.view.NewItemsap.m.Title{\"text\":\"New Pricing Rules - Item Level\"}"}]}
RESULT: {"script":"<script> [1562 bytes]","args":[{"selector":{"controlType":"sap.m.Title","viewName":"etm.portal.ui.managepricingrules.view.NewItem","viewId":"application-managepricingrules-display-component---newInfoPriceItem","properties":{"text":"New Pricing Rules - Item Level"}},"wdio_ui5_key":"etmportal.ui.managepricingrules.view.NewItemsap.m.Title{\"text\":\"New Pricing Rules - Item Level\"}"}]}
RESULT: undefined
COMMAND: POST /session/ae63ae861a600ce3e86dcf3ce68037e1/execute/async - {"script":"<script> [6424 bytes]","args":[{"element-6066-11e4-a52e-4f735466cecf":"f.B604D285643F95EEE180589880A06EE9.d.F5DF55CFDC1CB717343F710BB93EC9C1.e.2841"},"getText",[]]}
RESULT: {"script":"<script> [6424 bytes]","args":[{"element-6066-11e4-a52e-4f735466cecf":"f.B604D285643F95EEE180589880A06EE9.d.F5DF55CFDC1CB717343F710BB93EC9C1.e.2841"},"getText",[]]}
COMMAND: POST /session/ae63ae861a600ce3e86dcf3ce68037e1/execute/async - {"script":"<script> [1562 bytes]","args":[{"selector":{"id":"application-managepricingrules-display-component---newInfoPriceItem--condValidTo","interaction":{"idSuffix":"inner"}},"wdio_ui5_key":"applicationmanagepricingrules-display-component---newInfoPriceItem--condValidTo"}]}
RESULT: {"script":"<script> [1562 bytes]","args":[{"selector":{"id":"application-managepricingrules-display-component---newInfoPriceItem--condValidTo","interaction":{"idSuffix":"inner"}},"wdio_ui5_key":"applicationmanagepricingrules-display-component---newInfoPriceItem--condValidTo"}]}
RESULT: undefined
COMMAND: POST /session/ae63ae861a600ce3e86dcf3ce68037e1/execute/async - {"script":"<script> [776 bytes]","args":[{"enterText":"2/14/26","selector":{"id":"application-managepricingrules-display-component---newInfoPriceItem--condValidTo","interaction":{"idSuffix":"inner"}},"clearTextFirst":true,"interactionType":"ENTER_TEXT"}]}
RESULT: {"script":"<script> [776 bytes]","args":[{"enterText":"2/14/26","selector":{"id":"application-managepricingrules-display-component---newInfoPriceItem--condValidTo","interaction":{"idSuffix":"inner"}},"clearTextFirst":true,"interactionType":"ENTER_TEXT"}]}
COMMAND: POST /session/ae63ae861a600ce3e86dcf3ce68037e1/element - {"using":"xpath","value":"//input[@id=\"application-managepricingrules-display-component---newInfoPriceItem--condRU-inner\"]"}
RESULT: {"using":"xpath","value":"//input[@id=\"application-managepricingrules-display-component---newInfoPriceItem--condRU-inner\"]"}
COMMAND: POST /session/ae63ae861a600ce3e86dcf3ce68037e1/element/f.B604D285643F95EEE180589880A06EE9.d.F5DF55CFDC1CB717343F710BB93EC9C1.e.2804/clear - {}
RESULT: {}
COMMAND: POST /session/ae63ae861a600ce3e86dcf3ce68037e1/element/f.B604D285643F95EEE180589880A06EE9.d.F5DF55CFDC1CB717343F710BB93EC9C1.e.2804/value - {"text":"SqNOZgDJFe"}
COMMAND: GET /session/ae63ae861a600ce3e86dcf3ce68037e1/screenshot - {}
RESULT: {"text":"SqNOZgDJFe"}
COMMAND: GET /session/ae63ae861a600ce3e86dcf3ce68037e1/screenshot - {}
RESULT: {}
RESULT: {}
COMMAND: POST /session/ae63ae861a600ce3e86dcf3ce68037e1/execute/async - {"script":"<script> [1562 bytes]","args":[{"selector":{"id":"application-managepricingrules-display-component---newInfoPriceItem--billType-arrow"},"wdio_ui5_key":"applicationmanagepricingrules-display-component---newInfoPriceItem--billType-arrow"}]}
RESULT: {"script":"<script> [1562 bytes]","args":[{"selector":{"id":"application-managepricingrules-display-component---newInfoPriceItem--billType-arrow"},"wdio_ui5_key":"applicationmanagepricingrules-display-component---newInfoPriceItem--billType-arrow"}]}
RESULT: undefined
COMMAND: POST /session/ae63ae861a600ce3e86dcf3ce68037e1/element - {"using":"xpath","value":"//*[@id=\"application-managepricingrules-display-component---newInfoPriceItem--billType-arrow\"]"}
RESULT: {"using":"xpath","value":"//*[@id=\"application-managepricingrules-display-component---newInfoPriceItem--billType-arrow\"]"}
COMMAND: POST /session/ae63ae861a600ce3e86dcf3ce68037e1/element/f.B604D285643F95EEE180589880A06EE9.d.F5DF55CFDC1CB717343F710BB93EC9C1.e.2916/click - {}
RESULT: {}
COMMAND: POST /session/ae63ae861a600ce3e86dcf3ce68037e1/element - {"using":"xpath","value":"//span[contains(text(), \"OT - Sales (one-time)\")]"}
COMMAND: GET /session/ae63ae861a600ce3e86dcf3ce68037e1/screenshot - {}
RESULT: {"using":"xpath","value":"//span[contains(text(), \"OT - Sales (one-time)\")]"}
COMMAND: POST /session/ae63ae861a600ce3e86dcf3ce68037e1/element/f.B604D285643F95EEE180589880A06EE9.d.F5DF55CFDC1CB717343F710BB93EC9C1.e.2956/click - {}
RESULT: {}
RESULT: {}
COMMAND: POST /session/ae63ae861a600ce3e86dcf3ce68037e1/execute/async - {"script":"<script> [1562 bytes]","args":[{"selector":{"id":"application-managepricingrules-display-component---newInfoPriceItem--priceProc-arrow"},"wdio_ui5_key":"applicationmanagepricingrules-display-component---newInfoPriceItem--priceProc-arrow"}]}
COMMAND: GET /session/ae63ae861a600ce3e86dcf3ce68037e1/screenshot - {}
RESULT: {"script":"<script> [1562 bytes]","args":[{"selector":{"id":"application-managepricingrules-display-component---newInfoPriceItem--priceProc-arrow"},"wdio_ui5_key":"applicationmanagepricingrules-display-component---newInfoPriceItem--priceProc-arrow"}]}
RESULT: undefined
COMMAND: POST /session/ae63ae861a600ce3e86dcf3ce68037e1/element - {"using":"xpath","value":"//*[@id=\"application-managepricingrules-display-component---newInfoPriceItem--priceProc-arrow\"]"}
RESULT: {}
RESULT: {"using":"xpath","value":"//*[@id=\"application-managepricingrules-display-component---newInfoPriceItem--priceProc-arrow\"]"}
COMMAND: POST /session/ae63ae861a600ce3e86dcf3ce68037e1/element/f.B604D285643F95EEE180589880A06EE9.d.F5DF55CFDC1CB717343F710BB93EC9C1.e.2923/click - {}
RESULT: {}
COMMAND: POST /session/ae63ae861a600ce3e86dcf3ce68037e1/element - {"using":"xpath","value":"//span[contains(text(), \"MAT - Material\")]"}
COMMAND: GET /session/ae63ae861a600ce3e86dcf3ce68037e1/screenshot - {}
RESULT: {"using":"xpath","value":"//span[contains(text(), \"MAT - Material\")]"}
COMMAND: POST /session/ae63ae861a600ce3e86dcf3ce68037e1/element/f.B604D285643F95EEE180589880A06EE9.d.F5DF55CFDC1CB717343F710BB93EC9C1.e.2957/click - {}
RESULT: {}
RESULT: {}
COMMAND: POST /session/ae63ae861a600ce3e86dcf3ce68037e1/execute/async - {"script":"<script> [1562 bytes]","args":[{"selector":{"id":"application-managepricingrules-display-component---newInfoPriceItem--calcBase-arrow"},"wdio_ui5_key":"applicationmanagepricingrules-display-component---newInfoPriceItem--calcBase-arrow"}]}
COMMAND: GET /session/ae63ae861a600ce3e86dcf3ce68037e1/screenshot - {}
RESULT: {"script":"<script> [1562 bytes]","args":[{"selector":{"id":"application-managepricingrules-display-component---newInfoPriceItem--calcBase-arrow"},"wdio_ui5_key":"applicationmanagepricingrules-display-component---newInfoPriceItem--calcBase-arrow"}]}
RESULT: undefined
COMMAND: POST /session/ae63ae861a600ce3e86dcf3ce68037e1/element - {"using":"xpath","value":"//*[@id=\"application-managepricingrules-display-component---newInfoPriceItem--calcBase-arrow\"]"}
RESULT: {}
RESULT: {"using":"xpath","value":"//*[@id=\"application-managepricingrules-display-component---newInfoPriceItem--calcBase-arrow\"]"}
COMMAND: POST /session/ae63ae861a600ce3e86dcf3ce68037e1/element/f.B604D285643F95EEE180589880A06EE9.d.F5DF55CFDC1CB717343F710BB93EC9C1.e.2930/click - {}
RESULT: {}
COMMAND: GET /session/ae63ae861a600ce3e86dcf3ce68037e1/screenshot - {}
RESULT: {}
COMMAND: POST /session/ae63ae861a600ce3e86dcf3ce68037e1/element - {"using":"xpath","value":"//span[contains(text(), \"0001 - TB(exact month + cal_days)\")]"}
RESULT: {"using":"xpath","value":"//span[contains(text(), \"0001 - TB(exact month + cal_days)\")]"}
COMMAND: POST /session/ae63ae861a600ce3e86dcf3ce68037e1/element/f.B604D285643F95EEE180589880A06EE9.d.F5DF55CFDC1CB717343F710BB93EC9C1.e.2958/click - {}
RESULT: {}
COMMAND: GET /session/ae63ae861a600ce3e86dcf3ce68037e1/screenshot - {}
RESULT: {}
COMMAND: POST /session/ae63ae861a600ce3e86dcf3ce68037e1/element - {"using":"xpath","value":"//button[@data-kt=\"saveNewRuleButton\"]"}
RESULT: {"using":"xpath","value":"//button[@data-kt=\"saveNewRuleButton\"]"}
COMMAND: POST /session/ae63ae861a600ce3e86dcf3ce68037e1/element/f.B604D285643F95EEE180589880A06EE9.d.F5DF55CFDC1CB717343F710BB93EC9C1.e.2950/click - {}
RESULT: {}
COMMAND: GET /session/ae63ae861a600ce3e86dcf3ce68037e1/screenshot - {}
RESULT: {}
COMMAND: POST /session/ae63ae861a600ce3e86dcf3ce68037e1/execute/async - {"script":"<script> [1562 bytes]","args":[{"selector":{"id":"application-managepricingrules-display-component---priceInfoItem--smartFilterBar-btnBasicSearch","interaction":{"idSuffix":"I"}},"wdio_ui5_key":"applicationmanagepricingrules-display-component---priceInfoItem--smartFilterBar-btnBasicSearch"}]}
RESULT: {"script":"<script> [1562 bytes]","args":[{"selector":{"id":"application-managepricingrules-display-component---priceInfoItem--smartFilterBar-btnBasicSearch","interaction":{"idSuffix":"I"}},"wdio_ui5_key":"applicationmanagepricingrules-display-component---priceInfoItem--smartFilterBar-btnBasicSearch"}]}
RESULT: undefined
COMMAND: POST /session/ae63ae861a600ce3e86dcf3ce68037e1/execute/async - {"script":"<script> [776 bytes]","args":[{"enterText":"SqNOZgDJFe","selector":{"id":"application-managepricingrules-display-component---priceInfoItem--smartFilterBar-btnBasicSearch","interaction":{"idSuffix":"I"}},"clearTextFirst":true,"interactionType":"ENTER_TEXT"}]}
RESULT: {"script":"<script> [776 bytes]","args":[{"enterText":"SqNOZgDJFe","selector":{"id":"application-managepricingrules-display-component---priceInfoItem--smartFilterBar-btnBasicSearch","interaction":{"idSuffix":"I"}},"clearTextFirst":true,"interactionType":"ENTER_TEXT"}]}
COMMAND: POST /session/ae63ae861a600ce3e86dcf3ce68037e1/actions - {"actions":[{"id":"action10","type":"key","parameters":{},"actions":[{"type":"keyDown","value":""},{"type":"pause","duration":10},{"type":"keyUp","value":""}]}]}
RESULT: {"actions":[{"id":"action10","type":"key","parameters":{},"actions":[{"type":"keyDown","value":""},{"type":"pause","duration":10},{"type":"keyUp","value":""}]}]}
COMMAND: GET /session/ae63ae861a600ce3e86dcf3ce68037e1/screenshot - {}
RESULT: {}
COMMAND: POST /session/ae63ae861a600ce3e86dcf3ce68037e1/element - {"using":"xpath","value":"//span[@id=\"application-managepricingrules-display-component---priceInfoItem--smartTable-header-inner\"]"}
RESULT: {"using":"xpath","value":"//span[@id=\"application-managepricingrules-display-component---priceInfoItem--smartTable-header-inner\"]"}
COMMAND: POST /session/ae63ae861a600ce3e86dcf3ce68037e1/elements - {"using":"xpath","value":"//span[@id=\"application-managepricingrules-display-component---priceInfoItem--smartTable-header-inner\"]"}
RESULT: {"using":"xpath","value":"//span[@id=\"application-managepricingrules-display-component---priceInfoItem--smartTable-header-inner\"]"}
COMMAND: POST /session/ae63ae861a600ce3e86dcf3ce68037e1/execute/sync - {"script":"<script> [56 bytes]","args":[{"element-6066-11e4-a52e-4f735466cecf":"f.B604D285643F95EEE180589880A06EE9.d.F5DF55CFDC1CB717343F710BB93EC9C1.e.2975","ELEMENT":"f.B604D285643F95EEE180589880A06EE9.d.F5DF55CFDC1CB717343F710BB93EC9C1.e.2975"}]}
RESULT: {"script":"<script> [56 bytes]","args":[{"element-6066-11e4-a52e-4f735466cecf":"f.B604D285643F95EEE180589880A06EE9.d.F5DF55CFDC1CB717343F710BB93EC9C1.e.2975","ELEMENT":"f.B604D285643F95EEE180589880A06EE9.d.F5DF55CFDC1CB717343F710BB93EC9C1.e.2975"}]}
COMMAND: POST /session/ae63ae861a600ce3e86dcf3ce68037e1/element - {"using":"css selector","value":"#shell-header-logo"}
COMMAND: GET /session/ae63ae861a600ce3e86dcf3ce68037e1/screenshot - {}
RESULT: {"using":"css selector","value":"#shell-header-logo"}
COMMAND: POST /session/ae63ae861a600ce3e86dcf3ce68037e1/element/f.B604D285643F95EEE180589880A06EE9.d.F5DF55CFDC1CB717343F710BB93EC9C1.e.2414/click - {}
RESULT: {}
RESULT: {}
COMMAND: GET /session/ae63ae861a600ce3e86dcf3ce68037e1/screenshot - {}
RESULT: {}
COMMAND: POST /session/ae63ae861a600ce3e86dcf3ce68037e1/element - {"using":"css selector","value":"#j_username"}
COMMAND: POST /session/ae63ae861a600ce3e86dcf3ce68037e1/url - {"url":"https://qa-testing-00-live-etm-ui.cfapps.eu10-004.hana.ondemand.com/"}
RESULT: {"using":"css selector","value":"#j_username"}
COMMAND: POST /session/ae63ae861a600ce3e86dcf3ce68037e1/element - {"using":"css selector","value":"#j_username"}
RESULT: {"url":"https://qa-testing-00-live-etm-ui.cfapps.eu10-004.hana.ondemand.com/"}
RESULT: undefined
COMMAND: GET /session/ae63ae861a600ce3e86dcf3ce68037e1/screenshot - {}
RESULT: {"using":"css selector","value":"#j_username"}
COMMAND: POST /session/ae63ae861a600ce3e86dcf3ce68037e1/element - {"using":"css selector","value":"#shell-header-logo"}
RESULT: {}
RESULT: {"using":"css selector","value":"#shell-header-logo"}
COMMAND: POST /session/ae63ae861a600ce3e86dcf3ce68037e1/execute/sync - {"script":"<script> [8489 bytes]","args":[{"element-6066-11e4-a52e-4f735466cecf":"f.B604D285643F95EEE180589880A06EE9.d.3968497E75F567BF4A7E0FF71FE8C8B9.e.2985","ELEMENT":"f.B604D285643F95EEE180589880A06EE9.d.3968497E75F567BF4A7E0FF71FE8C8B9.e.2985"}]}
RESULT: {"script":"<script> [8489 bytes]","args":[{"element-6066-11e4-a52e-4f735466cecf":"f.B604D285643F95EEE180589880A06EE9.d.3968497E75F567BF4A7E0FF71FE8C8B9.e.2985","ELEMENT":"f.B604D285643F95EEE180589880A06EE9.d.3968497E75F567BF4A7E0FF71FE8C8B9.e.2985"}]}
COMMAND: POST /session/ae63ae861a600ce3e86dcf3ce68037e1/element - {"using":"css selector","value":"#shell-header-logo"}
COMMAND: GET /session/ae63ae861a600ce3e86dcf3ce68037e1/screenshot - {}
RESULT: {"using":"css selector","value":"#shell-header-logo"}
COMMAND: POST /session/ae63ae861a600ce3e86dcf3ce68037e1/execute/sync - {"script":"<script> [8489 bytes]","args":[{"element-6066-11e4-a52e-4f735466cecf":"f.B604D285643F95EEE180589880A06EE9.d.3968497E75F567BF4A7E0FF71FE8C8B9.e.2985","ELEMENT":"f.B604D285643F95EEE180589880A06EE9.d.3968497E75F567BF4A7E0FF71FE8C8B9.e.2985"}]}
RESULT: {}
RESULT: {"script":"<script> [8489 bytes]","args":[{"element-6066-11e4-a52e-4f735466cecf":"f.B604D285643F95EEE180589880A06EE9.d.3968497E75F567BF4A7E0FF71FE8C8B9.e.2985","ELEMENT":"f.B604D285643F95EEE180589880A06EE9.d.3968497E75F567BF4A7E0FF71FE8C8B9.e.2985"}]}
COMMAND: POST /session/ae63ae861a600ce3e86dcf3ce68037e1/execute/sync - {"script":"<script> [5351 bytes]","args":[{"element-6066-11e4-a52e-4f735466cecf":"f.B604D285643F95EEE180589880A06EE9.d.3968497E75F567BF4A7E0FF71FE8C8B9.e.2985","ELEMENT":"f.B604D285643F95EEE180589880A06EE9.d.3968497E75F567BF4A7E0FF71FE8C8B9.e.2985"}]}
COMMAND: GET /session/ae63ae861a600ce3e86dcf3ce68037e1/screenshot - {}
RESULT: {}
RESULT: {"script":"<script> [5351 bytes]","args":[{"element-6066-11e4-a52e-4f735466cecf":"f.B604D285643F95EEE180589880A06EE9.d.3968497E75F567BF4A7E0FF71FE8C8B9.e.2985","ELEMENT":"f.B604D285643F95EEE180589880A06EE9.d.3968497E75F567BF4A7E0FF71FE8C8B9.e.2985"}]}
COMMAND: POST /session/ae63ae861a600ce3e86dcf3ce68037e1/element - {"using":"css selector","value":"#shell-header-logo"}
COMMAND: GET /session/ae63ae861a600ce3e86dcf3ce68037e1/screenshot - {}
RESULT: {"using":"css selector","value":"#shell-header-logo"}
COMMAND: POST /session/ae63ae861a600ce3e86dcf3ce68037e1/element/f.B604D285643F95EEE180589880A06EE9.d.3968497E75F567BF4A7E0FF71FE8C8B9.e.2985/click - {}
RESULT: {}
RESULT: {}
COMMAND: GET /session/ae63ae861a600ce3e86dcf3ce68037e1/screenshot - {}
RESULT: {}
COMMAND: POST /session/ae63ae861a600ce3e86dcf3ce68037e1/execute/async - {"script":"<script> [189 bytes]","args":[]}
RESULT: {"script":"<script> [189 bytes]","args":[]}
COMMAND: POST /session/ae63ae861a600ce3e86dcf3ce68037e1/execute/async - {"script":"<script> [123 bytes]","args":[]}
RESULT: {"script":"<script> [123 bytes]","args":[]}
COMMAND: POST /session/ae63ae861a600ce3e86dcf3ce68037e1/timeouts - {"script":"<number>"}
RESULT: {"script":"<number>"}
COMMAND: GET /session/ae63ae861a600ce3e86dcf3ce68037e1/timeouts - {}
RESULT: {}
RESULT: undefined
COMMAND: POST /session/ae63ae861a600ce3e86dcf3ce68037e1/execute/async - {"script":"<script> [2676 bytes]","args":[]}
RESULT: {"script":"<script> [2676 bytes]","args":[]}
COMMAND: POST /session/ae63ae861a600ce3e86dcf3ce68037e1/execute/async - {"script":"<script> [2342 bytes]","args":[{"protocol":"http","hostname":"0.0.0.0","path":"/","capabilities":{"browserName":"chrome","goog:chromeOptions":{"binary":"C:\\Program Files\\Google\\Chrome\\Application\\chrome.exe","args":["--start-maximized"]}},"logLevel":"warn","connectionRetryTimeout":120000,"connectionRetryCount":3,"logLevels":{},"enableDirectConnect":true,"strictSSL":true,"_":"65 more keys: [\"cacheDir\",\"port\",\"requestedCapabilities\",\"automationProtocol\",\"baseUrl\",\"waitforInterval\",\"waitforTimeout\",\"onReload\",\"beforeCommand\",\"afterCommand\",\"rootDir\",\"specs\",\"suites\",\"exclude\",\"groupLogsByTestSpec\",\"excludeDriverLogs\",\"bail\",\"framework\",\"reporters\",\"services\",\"maxInstances\",\"maxInstancesPerCapability\",\"injectGlobals\",\"filesToWatch\",\"execArgv\",\"runnerEnv\",\"runner\",\"shard\",\"specFileRetries\",\"specFileRetriesDelay\",\"specFileRetriesDeferred\",\"reporterSyncInterval\",\"reporterSyncTimeout\",\"cucumberFeaturesWithLineNumbers\",\"autoCompileOpts\",\"mochaOpts\",\"jasmineOpts\",\"cucumberOpts\",\"onPrepare\",\"onWorkerStart\",\"onWorkerEnd\",\"before\",\"beforeSession\",\"beforeSuite\",\"beforeHook\",\"beforeTest\",\"afterTest\",\"afterHook\",\"afterSuite\",\"afterSession\",\"after\",\"onComplete\",\"beforeAssertion\",\"afterAssertion\",\"beforeFeature\",\"beforeScenario\",\"beforeStep\",\"afterStep\",\"afterScenario\",\"afterFeature\",\"_\",\"suite\",\"$0\",\"ignoredWorkerServices\",\"wdi5\"]"}]}
RESULT: {"script":"<script> [2342 bytes]","args":[{"protocol":"http","hostname":"0.0.0.0","path":"/","capabilities":{"browserName":"chrome","goog:chromeOptions":{"binary":"C:\\Program Files\\Google\\Chrome\\Application\\chrome.exe","args":["--start-maximized"]}},"logLevel":"warn","connectionRetryTimeout":120000,"connectionRetryCount":3,"logLevels":{},"enableDirectConnect":true,"strictSSL":true,"_":"65 more keys: [\"cacheDir\",\"port\",\"requestedCapabilities\",\"automationProtocol\",\"baseUrl\",\"waitforInterval\",\"waitforTimeout\",\"onReload\",\"beforeCommand\",\"afterCommand\",\"rootDir\",\"specs\",\"suites\",\"exclude\",\"groupLogsByTestSpec\",\"excludeDriverLogs\",\"bail\",\"framework\",\"reporters\",\"services\",\"maxInstances\",\"maxInstancesPerCapability\",\"injectGlobals\",\"filesToWatch\",\"execArgv\",\"runnerEnv\",\"runner\",\"shard\",\"specFileRetries\",\"specFileRetriesDelay\",\"specFileRetriesDeferred\",\"reporterSyncInterval\",\"reporterSyncTimeout\",\"cucumberFeaturesWithLineNumbers\",\"autoCompileOpts\",\"mochaOpts\",\"jasmineOpts\",\"cucumberOpts\",\"onPrepare\",\"onWorkerStart\",\"onWorkerEnd\",\"before\",\"beforeSession\",\"beforeSuite\",\"beforeHook\",\"beforeTest\",\"afterTest\",\"afterHook\",\"afterSuite\",\"afterSession\",\"after\",\"onComplete\",\"beforeAssertion\",\"afterAssertion\",\"beforeFeature\",\"beforeScenario\",\"beforeStep\",\"afterStep\",\"afterScenario\",\"afterFeature\",\"_\",\"suite\",\"$0\",\"ignoredWorkerServices\",\"wdi5\"]"}]}
COMMAND: POST /session/ae63ae861a600ce3e86dcf3ce68037e1/execute/async - {"script":"<script> [21126 bytes]","args":[35000]}
RESULT: {"script":"<script> [21126 bytes]","args":[35000]}
COMMAND: POST /session/ae63ae861a600ce3e86dcf3ce68037e1/window/maximize - {}
RESULT: {}
COMMAND: POST /session/ae63ae861a600ce3e86dcf3ce68037e1/execute/async - {"script":"<script> [1562 bytes]","args":[{"selector":{"id":"shell-header","interaction":{"idSuffix":"icon"}},"wdio_ui5_key":"shellheader"}]}
COMMAND: GET /session/ae63ae861a600ce3e86dcf3ce68037e1/screenshot - {}
RESULT: {"script":"<script> [1562 bytes]","args":[{"selector":{"id":"shell-header","interaction":{"idSuffix":"icon"}},"wdio_ui5_key":"shellheader"}]}
RESULT: undefined
COMMAND: POST /session/ae63ae861a600ce3e86dcf3ce68037e1/refresh - {}
RESULT: {}
RESULT: {}
COMMAND: GET /session/ae63ae861a600ce3e86dcf3ce68037e1/screenshot - {}
RESULT: {}
COMMAND: POST /session/ae63ae861a600ce3e86dcf3ce68037e1/refresh - {}
RESULT: {}
COMMAND: GET /session/ae63ae861a600ce3e86dcf3ce68037e1/screenshot - {}
RESULT: {}
COMMAND: POST /session/ae63ae861a600ce3e86dcf3ce68037e1/window/fullscreen - {}
RESULT: {}
COMMAND: POST /session/ae63ae861a600ce3e86dcf3ce68037e1/execute/async - {"script":"<script> [189 bytes]","args":[]}
RESULT: {"script":"<script> [189 bytes]","args":[]}
COMMAND: POST /session/ae63ae861a600ce3e86dcf3ce68037e1/execute/async - {"script":"<script> [123 bytes]","args":[]}
RESULT: {"script":"<script> [123 bytes]","args":[]}
COMMAND: POST /session/ae63ae861a600ce3e86dcf3ce68037e1/timeouts - {"script":"<number>"}
RESULT: {"script":"<number>"}
COMMAND: GET /session/ae63ae861a600ce3e86dcf3ce68037e1/timeouts - {}
RESULT: {}
RESULT: undefined
COMMAND: POST /session/ae63ae861a600ce3e86dcf3ce68037e1/execute/async - {"script":"<script> [2676 bytes]","args":[]}
RESULT: {"script":"<script> [2676 bytes]","args":[]}
COMMAND: POST /session/ae63ae861a600ce3e86dcf3ce68037e1/execute/async - {"script":"<script> [2342 bytes]","args":[{"protocol":"http","hostname":"0.0.0.0","path":"/","capabilities":{"browserName":"chrome","goog:chromeOptions":{"binary":"C:\\Program Files\\Google\\Chrome\\Application\\chrome.exe","args":["--start-maximized"]}},"logLevel":"warn","connectionRetryTimeout":120000,"connectionRetryCount":3,"logLevels":{},"enableDirectConnect":true,"strictSSL":true,"_":"65 more keys: [\"cacheDir\",\"port\",\"requestedCapabilities\",\"automationProtocol\",\"baseUrl\",\"waitforInterval\",\"waitforTimeout\",\"onReload\",\"beforeCommand\",\"afterCommand\",\"rootDir\",\"specs\",\"suites\",\"exclude\",\"groupLogsByTestSpec\",\"excludeDriverLogs\",\"bail\",\"framework\",\"reporters\",\"services\",\"maxInstances\",\"maxInstancesPerCapability\",\"injectGlobals\",\"filesToWatch\",\"execArgv\",\"runnerEnv\",\"runner\",\"shard\",\"specFileRetries\",\"specFileRetriesDelay\",\"specFileRetriesDeferred\",\"reporterSyncInterval\",\"reporterSyncTimeout\",\"cucumberFeaturesWithLineNumbers\",\"autoCompileOpts\",\"mochaOpts\",\"jasmineOpts\",\"cucumberOpts\",\"onPrepare\",\"onWorkerStart\",\"onWorkerEnd\",\"before\",\"beforeSession\",\"beforeSuite\",\"beforeHook\",\"beforeTest\",\"afterTest\",\"afterHook\",\"afterSuite\",\"afterSession\",\"after\",\"onComplete\",\"beforeAssertion\",\"afterAssertion\",\"beforeFeature\",\"beforeScenario\",\"beforeStep\",\"afterStep\",\"afterScenario\",\"afterFeature\",\"_\",\"suite\",\"$0\",\"ignoredWorkerServices\",\"wdi5\"]"}]}
RESULT: {"script":"<script> [2342 bytes]","args":[{"protocol":"http","hostname":"0.0.0.0","path":"/","capabilities":{"browserName":"chrome","goog:chromeOptions":{"binary":"C:\\Program Files\\Google\\Chrome\\Application\\chrome.exe","args":["--start-maximized"]}},"logLevel":"warn","connectionRetryTimeout":120000,"connectionRetryCount":3,"logLevels":{},"enableDirectConnect":true,"strictSSL":true,"_":"65 more keys: [\"cacheDir\",\"port\",\"requestedCapabilities\",\"automationProtocol\",\"baseUrl\",\"waitforInterval\",\"waitforTimeout\",\"onReload\",\"beforeCommand\",\"afterCommand\",\"rootDir\",\"specs\",\"suites\",\"exclude\",\"groupLogsByTestSpec\",\"excludeDriverLogs\",\"bail\",\"framework\",\"reporters\",\"services\",\"maxInstances\",\"maxInstancesPerCapability\",\"injectGlobals\",\"filesToWatch\",\"execArgv\",\"runnerEnv\",\"runner\",\"shard\",\"specFileRetries\",\"specFileRetriesDelay\",\"specFileRetriesDeferred\",\"reporterSyncInterval\",\"reporterSyncTimeout\",\"cucumberFeaturesWithLineNumbers\",\"autoCompileOpts\",\"mochaOpts\",\"jasmineOpts\",\"cucumberOpts\",\"onPrepare\",\"onWorkerStart\",\"onWorkerEnd\",\"before\",\"beforeSession\",\"beforeSuite\",\"beforeHook\",\"beforeTest\",\"afterTest\",\"afterHook\",\"afterSuite\",\"afterSession\",\"after\",\"onComplete\",\"beforeAssertion\",\"afterAssertion\",\"beforeFeature\",\"beforeScenario\",\"beforeStep\",\"afterStep\",\"afterScenario\",\"afterFeature\",\"_\",\"suite\",\"$0\",\"ignoredWorkerServices\",\"wdi5\"]"}]}
COMMAND: POST /session/ae63ae861a600ce3e86dcf3ce68037e1/execute/async - {"script":"<script> [21126 bytes]","args":[35000]}
RESULT: {"script":"<script> [21126 bytes]","args":[35000]}
]]></system-out>
    </testcase>
  </testsuite>
  <testsuite timestamp="2025-06-14T17:06:17" time="391.349" tests="6" failures="0" errors="0" skipped="0">
    <properties>
      <property name="specId" value="0"/>
      <property name="suiteName" value="Edit and delete daily price US134629 US134627"/>
      <property name="capabilities" value="chrome.137_0_7151_69.windows"/>
      <property name="file" value="file:///D:/a/1/s/test/specs/BTS/conditions-prices-daily-price.spec.js"/>
    </properties>
    <testcase classname="chrome.137_0_7151_69.windows.Edit_and_delete_daily_price_US134629_US134627" name="Should create a new yard used for all following tests" time="0.014">
      <system-out><![CDATA[
COMMAND: POST /session/ae63ae861a600ce3e86dcf3ce68037e1/window/fullscreen - {}
RESULT: {}
]]></system-out>
    </testcase>
    <testcase classname="chrome.137_0_7151_69.windows.Edit_and_delete_daily_price_US134629_US134627" name="Should create a new partner" time="137.757">
      <system-out><![CDATA[
COMMAND: POST /session/ae63ae861a600ce3e86dcf3ce68037e1/window/fullscreen - {}
RESULT: {}
COMMAND: POST /session/ae63ae861a600ce3e86dcf3ce68037e1/execute/async - {"script":"<script> [1562 bytes]","args":[{"selector":{"controlType":"sap.m.GenericTile","properties":{"header":"Manage Partners"}},"wdio_ui5_key":"sapm.GenericTile{\"header\":\"Manage Partners\"}"}]}
RESULT: {"script":"<script> [1562 bytes]","args":[{"selector":{"controlType":"sap.m.GenericTile","properties":{"header":"Manage Partners"}},"wdio_ui5_key":"sapm.GenericTile{\"header\":\"Manage Partners\"}"}]}
RESULT: undefined
COMMAND: POST /session/ae63ae861a600ce3e86dcf3ce68037e1/element - {"using":"xpath","value":"//*[@id=\"__tile39\"]"}
RESULT: {"using":"xpath","value":"//*[@id=\"__tile39\"]"}
COMMAND: POST /session/ae63ae861a600ce3e86dcf3ce68037e1/element/f.B604D285643F95EEE180589880A06EE9.d.1A242C3E4D1A74698E9A8AE069D64526.e.3145/click - {}
RESULT: {}
COMMAND: GET /session/ae63ae861a600ce3e86dcf3ce68037e1/screenshot - {}
RESULT: {}
COMMAND: POST /session/ae63ae861a600ce3e86dcf3ce68037e1/elements - {"using":"xpath","value":"//span[text()='Error']"}
RESULT: {"using":"xpath","value":"//span[text()='Error']"}
COMMAND: POST /session/ae63ae861a600ce3e86dcf3ce68037e1/element - {"using":"xpath","value":"//button[@data-kt=\"addButton\"]"}
RESULT: {"using":"xpath","value":"//button[@data-kt=\"addButton\"]"}
COMMAND: POST /session/ae63ae861a600ce3e86dcf3ce68037e1/elements - {"using":"xpath","value":"//button[@data-kt=\"addButton\"]"}
RESULT: {"using":"xpath","value":"//button[@data-kt=\"addButton\"]"}
COMMAND: POST /session/ae63ae861a600ce3e86dcf3ce68037e1/execute/sync - {"script":"<script> [8489 bytes]","args":[{"element-6066-11e4-a52e-4f735466cecf":"f.B604D285643F95EEE180589880A06EE9.d.1A242C3E4D1A74698E9A8AE069D64526.e.3287","ELEMENT":"f.B604D285643F95EEE180589880A06EE9.d.1A242C3E4D1A74698E9A8AE069D64526.e.3287"}]}
RESULT: {"script":"<script> [8489 bytes]","args":[{"element-6066-11e4-a52e-4f735466cecf":"f.B604D285643F95EEE180589880A06EE9.d.1A242C3E4D1A74698E9A8AE069D64526.e.3287","ELEMENT":"f.B604D285643F95EEE180589880A06EE9.d.1A242C3E4D1A74698E9A8AE069D64526.e.3287"}]}
COMMAND: GET /session/ae63ae861a600ce3e86dcf3ce68037e1/element/f.B604D285643F95EEE180589880A06EE9.d.1A242C3E4D1A74698E9A8AE069D64526.e.3287/enabled - {}
COMMAND: GET /session/ae63ae861a600ce3e86dcf3ce68037e1/screenshot - {}
RESULT: {}
COMMAND: POST /session/ae63ae861a600ce3e86dcf3ce68037e1/execute/sync - {"script":"<script> [8489 bytes]","args":[{"element-6066-11e4-a52e-4f735466cecf":"f.B604D285643F95EEE180589880A06EE9.d.1A242C3E4D1A74698E9A8AE069D64526.e.3287","ELEMENT":"f.B604D285643F95EEE180589880A06EE9.d.1A242C3E4D1A74698E9A8AE069D64526.e.3287"}]}
COMMAND: GET /session/ae63ae861a600ce3e86dcf3ce68037e1/screenshot - {}
RESULT: {}
RESULT: {"script":"<script> [8489 bytes]","args":[{"element-6066-11e4-a52e-4f735466cecf":"f.B604D285643F95EEE180589880A06EE9.d.1A242C3E4D1A74698E9A8AE069D64526.e.3287","ELEMENT":"f.B604D285643F95EEE180589880A06EE9.d.1A242C3E4D1A74698E9A8AE069D64526.e.3287"}]}
COMMAND: POST /session/ae63ae861a600ce3e86dcf3ce68037e1/execute/sync - {"script":"<script> [5351 bytes]","args":[{"element-6066-11e4-a52e-4f735466cecf":"f.B604D285643F95EEE180589880A06EE9.d.1A242C3E4D1A74698E9A8AE069D64526.e.3287","ELEMENT":"f.B604D285643F95EEE180589880A06EE9.d.1A242C3E4D1A74698E9A8AE069D64526.e.3287"}]}
COMMAND: GET /session/ae63ae861a600ce3e86dcf3ce68037e1/screenshot - {}
RESULT: {}
RESULT: {}
RESULT: {"script":"<script> [5351 bytes]","args":[{"element-6066-11e4-a52e-4f735466cecf":"f.B604D285643F95EEE180589880A06EE9.d.1A242C3E4D1A74698E9A8AE069D64526.e.3287","ELEMENT":"f.B604D285643F95EEE180589880A06EE9.d.1A242C3E4D1A74698E9A8AE069D64526.e.3287"}]}
COMMAND: POST /session/ae63ae861a600ce3e86dcf3ce68037e1/element/f.B604D285643F95EEE180589880A06EE9.d.1A242C3E4D1A74698E9A8AE069D64526.e.3287/click - {}
COMMAND: GET /session/ae63ae861a600ce3e86dcf3ce68037e1/screenshot - {}
RESULT: {}
COMMAND: GET /session/ae63ae861a600ce3e86dcf3ce68037e1/screenshot - {}
COMMAND: POST /session/ae63ae861a600ce3e86dcf3ce68037e1/execute/async - {"script":"<script> [1562 bytes]","args":[{"selector":{"id":"application-managepartners-display-component---NewPartner--addressDetailDetailsName1","interaction":{"idSuffix":"inner"}},"wdio_ui5_key":"applicationmanagepartners-display-component---NewPartner--addressDetailDetailsName1"}]}
RESULT: {}
RESULT: {}
RESULT: {"script":"<script> [1562 bytes]","args":[{"selector":{"id":"application-managepartners-display-component---NewPartner--addressDetailDetailsName1","interaction":{"idSuffix":"inner"}},"wdio_ui5_key":"applicationmanagepartners-display-component---NewPartner--addressDetailDetailsName1"}]}
RESULT: undefined
COMMAND: POST /session/ae63ae861a600ce3e86dcf3ce68037e1/execute/async - {"script":"<script> [776 bytes]","args":[{"enterText":"DailyPrice Partner WDIO","selector":{"id":"application-managepartners-display-component---NewPartner--addressDetailDetailsName1","interaction":{"idSuffix":"inner"}},"clearTextFirst":true,"interactionType":"ENTER_TEXT"}]}
RESULT: {"script":"<script> [776 bytes]","args":[{"enterText":"DailyPrice Partner WDIO","selector":{"id":"application-managepartners-display-component---NewPartner--addressDetailDetailsName1","interaction":{"idSuffix":"inner"}},"clearTextFirst":true,"interactionType":"ENTER_TEXT"}]}
COMMAND: POST /session/ae63ae861a600ce3e86dcf3ce68037e1/execute/async - {"script":"<script> [1562 bytes]","args":[{"selector":{"id":"application-managepartners-display-component---NewPartner--addressDetailDetailsLanguage-arrow"},"wdio_ui5_key":"applicationmanagepartners-display-component---NewPartner--addressDetailDetailsLanguage-arrow"}]}
RESULT: {"script":"<script> [1562 bytes]","args":[{"selector":{"id":"application-managepartners-display-component---NewPartner--addressDetailDetailsLanguage-arrow"},"wdio_ui5_key":"applicationmanagepartners-display-component---NewPartner--addressDetailDetailsLanguage-arrow"}]}
RESULT: undefined
COMMAND: POST /session/ae63ae861a600ce3e86dcf3ce68037e1/element - {"using":"xpath","value":"//*[@id=\"application-managepartners-display-component---NewPartner--addressDetailDetailsLanguage-arrow\"]"}
RESULT: {"using":"xpath","value":"//*[@id=\"application-managepartners-display-component---NewPartner--addressDetailDetailsLanguage-arrow\"]"}
COMMAND: POST /session/ae63ae861a600ce3e86dcf3ce68037e1/element/f.B604D285643F95EEE180589880A06EE9.d.1A242C3E4D1A74698E9A8AE069D64526.e.3738/click - {}
RESULT: {}
COMMAND: POST /session/ae63ae861a600ce3e86dcf3ce68037e1/element - {"using":"xpath","value":"//span[contains(text(), \"English\")]"}
COMMAND: GET /session/ae63ae861a600ce3e86dcf3ce68037e1/screenshot - {}
RESULT: {"using":"xpath","value":"//span[contains(text(), \"English\")]"}
COMMAND: POST /session/ae63ae861a600ce3e86dcf3ce68037e1/element/f.B604D285643F95EEE180589880A06EE9.d.1A242C3E4D1A74698E9A8AE069D64526.e.3739/click - {}
RESULT: {}
RESULT: {}
COMMAND: GET /session/ae63ae861a600ce3e86dcf3ce68037e1/screenshot - {}
RESULT: {}
COMMAND: POST /session/ae63ae861a600ce3e86dcf3ce68037e1/execute/async - {"script":"<script> [1562 bytes]","args":[{"selector":{"id":"application-managepartners-display-component---NewPartner--addressDetailDetailsCity1","interaction":{"idSuffix":"inner"}},"wdio_ui5_key":"applicationmanagepartners-display-component---NewPartner--addressDetailDetailsCity1"}]}
RESULT: {"script":"<script> [1562 bytes]","args":[{"selector":{"id":"application-managepartners-display-component---NewPartner--addressDetailDetailsCity1","interaction":{"idSuffix":"inner"}},"wdio_ui5_key":"applicationmanagepartners-display-component---NewPartner--addressDetailDetailsCity1"}]}
RESULT: undefined
COMMAND: POST /session/ae63ae861a600ce3e86dcf3ce68037e1/execute/async - {"script":"<script> [776 bytes]","args":[{"enterText":"Rosario","selector":{"id":"application-managepartners-display-component---NewPartner--addressDetailDetailsCity1","interaction":{"idSuffix":"inner"}},"clearTextFirst":true,"interactionType":"ENTER_TEXT"}]}
RESULT: {"script":"<script> [776 bytes]","args":[{"enterText":"Rosario","selector":{"id":"application-managepartners-display-component---NewPartner--addressDetailDetailsCity1","interaction":{"idSuffix":"inner"}},"clearTextFirst":true,"interactionType":"ENTER_TEXT"}]}
COMMAND: POST /session/ae63ae861a600ce3e86dcf3ce68037e1/execute/async - {"script":"<script> [1562 bytes]","args":[{"selector":{"id":"application-managepartners-display-component---NewPartner--addressDetailDetailsCountry-arrow"},"wdio_ui5_key":"applicationmanagepartners-display-component---NewPartner--addressDetailDetailsCountry-arrow"}]}
RESULT: {"script":"<script> [1562 bytes]","args":[{"selector":{"id":"application-managepartners-display-component---NewPartner--addressDetailDetailsCountry-arrow"},"wdio_ui5_key":"applicationmanagepartners-display-component---NewPartner--addressDetailDetailsCountry-arrow"}]}
RESULT: undefined
COMMAND: POST /session/ae63ae861a600ce3e86dcf3ce68037e1/element - {"using":"xpath","value":"//*[@id=\"application-managepartners-display-component---NewPartner--addressDetailDetailsCountry-arrow\"]"}
RESULT: {"using":"xpath","value":"//*[@id=\"application-managepartners-display-component---NewPartner--addressDetailDetailsCountry-arrow\"]"}
COMMAND: POST /session/ae63ae861a600ce3e86dcf3ce68037e1/element/f.B604D285643F95EEE180589880A06EE9.d.1A242C3E4D1A74698E9A8AE069D64526.e.3725/click - {}
RESULT: {}
COMMAND: POST /session/ae63ae861a600ce3e86dcf3ce68037e1/element - {"using":"xpath","value":"//span[contains(text(), \"Argentina\")]"}
COMMAND: GET /session/ae63ae861a600ce3e86dcf3ce68037e1/screenshot - {}
RESULT: {"using":"xpath","value":"//span[contains(text(), \"Argentina\")]"}
COMMAND: POST /session/ae63ae861a600ce3e86dcf3ce68037e1/element/f.B604D285643F95EEE180589880A06EE9.d.1A242C3E4D1A74698E9A8AE069D64526.e.3741/click - {}
RESULT: {}
RESULT: {}
COMMAND: GET /session/ae63ae861a600ce3e86dcf3ce68037e1/screenshot - {}
RESULT: {}
COMMAND: POST /session/ae63ae861a600ce3e86dcf3ce68037e1/element - {"using":"xpath","value":"//bdi[contains(text(), \"Commercial\")]"}
RESULT: {"using":"xpath","value":"//bdi[contains(text(), \"Commercial\")]"}
COMMAND: POST /session/ae63ae861a600ce3e86dcf3ce68037e1/element/f.B604D285643F95EEE180589880A06EE9.d.1A242C3E4D1A74698E9A8AE069D64526.e.3742/click - {}
RESULT: {}
COMMAND: GET /session/ae63ae861a600ce3e86dcf3ce68037e1/screenshot - {}
RESULT: {}
COMMAND: POST /session/ae63ae861a600ce3e86dcf3ce68037e1/execute/async - {"script":"<script> [1562 bytes]","args":[{"selector":{"id":"application-managepartners-display-component---NewPartner--partnerDetailInternal-arrow"},"wdio_ui5_key":"applicationmanagepartners-display-component---NewPartner--partnerDetailInternal-arrow"}]}
RESULT: {"script":"<script> [1562 bytes]","args":[{"selector":{"id":"application-managepartners-display-component---NewPartner--partnerDetailInternal-arrow"},"wdio_ui5_key":"applicationmanagepartners-display-component---NewPartner--partnerDetailInternal-arrow"}]}
RESULT: undefined
COMMAND: POST /session/ae63ae861a600ce3e86dcf3ce68037e1/element - {"using":"xpath","value":"//*[@id=\"application-managepartners-display-component---NewPartner--partnerDetailInternal-arrow\"]"}
RESULT: {"using":"xpath","value":"//*[@id=\"application-managepartners-display-component---NewPartner--partnerDetailInternal-arrow\"]"}
COMMAND: POST /session/ae63ae861a600ce3e86dcf3ce68037e1/element/f.B604D285643F95EEE180589880A06EE9.d.1A242C3E4D1A74698E9A8AE069D64526.e.3748/click - {}
RESULT: {}
COMMAND: POST /session/ae63ae861a600ce3e86dcf3ce68037e1/element - {"using":"xpath","value":"//span[contains(text(), \"Affiliated company\")]"}
COMMAND: GET /session/ae63ae861a600ce3e86dcf3ce68037e1/screenshot - {}
RESULT: {"using":"xpath","value":"//span[contains(text(), \"Affiliated company\")]"}
COMMAND: POST /session/ae63ae861a600ce3e86dcf3ce68037e1/element/f.B604D285643F95EEE180589880A06EE9.d.1A242C3E4D1A74698E9A8AE069D64526.e.3749/click - {}
RESULT: {}
RESULT: {}
COMMAND: POST /session/ae63ae861a600ce3e86dcf3ce68037e1/execute/async - {"script":"<script> [1562 bytes]","args":[{"selector":{"id":"application-managepartners-display-component---NewPartner--partnerDetailsCurrency-arrow"},"wdio_ui5_key":"applicationmanagepartners-display-component---NewPartner--partnerDetailsCurrency-arrow"}]}
COMMAND: GET /session/ae63ae861a600ce3e86dcf3ce68037e1/screenshot - {}
RESULT: {"script":"<script> [1562 bytes]","args":[{"selector":{"id":"application-managepartners-display-component---NewPartner--partnerDetailsCurrency-arrow"},"wdio_ui5_key":"applicationmanagepartners-display-component---NewPartner--partnerDetailsCurrency-arrow"}]}
RESULT: undefined
COMMAND: POST /session/ae63ae861a600ce3e86dcf3ce68037e1/element - {"using":"xpath","value":"//*[@id=\"application-managepartners-display-component---NewPartner--partnerDetailsCurrency-arrow\"]"}
RESULT: {}
RESULT: {"using":"xpath","value":"//*[@id=\"application-managepartners-display-component---NewPartner--partnerDetailsCurrency-arrow\"]"}
COMMAND: POST /session/ae63ae861a600ce3e86dcf3ce68037e1/element/f.B604D285643F95EEE180589880A06EE9.d.1A242C3E4D1A74698E9A8AE069D64526.e.3756/click - {}
RESULT: {}
COMMAND: POST /session/ae63ae861a600ce3e86dcf3ce68037e1/element - {"using":"xpath","value":"//span[contains(text(), \"Euro\")]"}
COMMAND: GET /session/ae63ae861a600ce3e86dcf3ce68037e1/screenshot - {}
RESULT: {"using":"xpath","value":"//span[contains(text(), \"Euro\")]"}
COMMAND: POST /session/ae63ae861a600ce3e86dcf3ce68037e1/element/f.B604D285643F95EEE180589880A06EE9.d.1A242C3E4D1A74698E9A8AE069D64526.e.3757/click - {}
RESULT: {}
RESULT: {}
COMMAND: POST /session/ae63ae861a600ce3e86dcf3ce68037e1/execute/async - {"script":"<script> [1562 bytes]","args":[{"selector":{"id":"application-managepartners-display-component---NewPartner--addressEditDetailsCostObjectCstType-arrow"},"wdio_ui5_key":"applicationmanagepartners-display-component---NewPartner--addressEditDetailsCostObjectCstType-arrow"}]}
COMMAND: GET /session/ae63ae861a600ce3e86dcf3ce68037e1/screenshot - {}
RESULT: {}
RESULT: {"script":"<script> [1562 bytes]","args":[{"selector":{"id":"application-managepartners-display-component---NewPartner--addressEditDetailsCostObjectCstType-arrow"},"wdio_ui5_key":"applicationmanagepartners-display-component---NewPartner--addressEditDetailsCostObjectCstType-arrow"}]}
RESULT: undefined
COMMAND: POST /session/ae63ae861a600ce3e86dcf3ce68037e1/element - {"using":"xpath","value":"//*[@id=\"application-managepartners-display-component---NewPartner--addressEditDetailsCostObjectCstType-arrow\"]"}
RESULT: {"using":"xpath","value":"//*[@id=\"application-managepartners-display-component---NewPartner--addressEditDetailsCostObjectCstType-arrow\"]"}
COMMAND: POST /session/ae63ae861a600ce3e86dcf3ce68037e1/element/f.B604D285643F95EEE180589880A06EE9.d.1A242C3E4D1A74698E9A8AE069D64526.e.3758/click - {}
RESULT: {}
COMMAND: POST /session/ae63ae861a600ce3e86dcf3ce68037e1/element - {"using":"xpath","value":"//span[contains(text(), \"Cost Center\")]"}
COMMAND: GET /session/ae63ae861a600ce3e86dcf3ce68037e1/screenshot - {}
RESULT: {"using":"xpath","value":"//span[contains(text(), \"Cost Center\")]"}
COMMAND: POST /session/ae63ae861a600ce3e86dcf3ce68037e1/element/f.B604D285643F95EEE180589880A06EE9.d.1A242C3E4D1A74698E9A8AE069D64526.e.3759/click - {}
RESULT: {}
RESULT: {}
COMMAND: GET /session/ae63ae861a600ce3e86dcf3ce68037e1/screenshot - {}
RESULT: {}
COMMAND: POST /session/ae63ae861a600ce3e86dcf3ce68037e1/element - {"using":"xpath","value":"//span[@id=\"application-managepartners-display-component---NewPartner--addressNewCostObjectCstID-vhi\"]"}
RESULT: {"using":"xpath","value":"//span[@id=\"application-managepartners-display-component---NewPartner--addressNewCostObjectCstID-vhi\"]"}
COMMAND: POST /session/ae63ae861a600ce3e86dcf3ce68037e1/execute/sync - {"script":"<script> [8489 bytes]","args":[{"element-6066-11e4-a52e-4f735466cecf":"f.B604D285643F95EEE180589880A06EE9.d.1A242C3E4D1A74698E9A8AE069D64526.e.3763","ELEMENT":"f.B604D285643F95EEE180589880A06EE9.d.1A242C3E4D1A74698E9A8AE069D64526.e.3763"}]}
RESULT: {"script":"<script> [8489 bytes]","args":[{"element-6066-11e4-a52e-4f735466cecf":"f.B604D285643F95EEE180589880A06EE9.d.1A242C3E4D1A74698E9A8AE069D64526.e.3763","ELEMENT":"f.B604D285643F95EEE180589880A06EE9.d.1A242C3E4D1A74698E9A8AE069D64526.e.3763"}]}
COMMAND: POST /session/ae63ae861a600ce3e86dcf3ce68037e1/execute/async - {"script":"<script> [1562 bytes]","args":[{"selector":{"id":"application-managepartners-display-component---NewPartner--addressNewCostObjectCstID-vhi"},"wdio_ui5_key":"applicationmanagepartners-display-component---NewPartner--addressNewCostObjectCstID-vhi"}]}
COMMAND: GET /session/ae63ae861a600ce3e86dcf3ce68037e1/screenshot - {}
RESULT: {"script":"<script> [1562 bytes]","args":[{"selector":{"id":"application-managepartners-display-component---NewPartner--addressNewCostObjectCstID-vhi"},"wdio_ui5_key":"applicationmanagepartners-display-component---NewPartner--addressNewCostObjectCstID-vhi"}]}
RESULT: undefined
COMMAND: POST /session/ae63ae861a600ce3e86dcf3ce68037e1/element - {"using":"xpath","value":"//*[@id=\"application-managepartners-display-component---NewPartner--addressNewCostObjectCstID-vhi\"]"}
RESULT: {}
RESULT: {"using":"xpath","value":"//*[@id=\"application-managepartners-display-component---NewPartner--addressNewCostObjectCstID-vhi\"]"}
COMMAND: POST /session/ae63ae861a600ce3e86dcf3ce68037e1/element/f.B604D285643F95EEE180589880A06EE9.d.1A242C3E4D1A74698E9A8AE069D64526.e.3763/click - {}
RESULT: {}
COMMAND: GET /session/ae63ae861a600ce3e86dcf3ce68037e1/screenshot - {}
RESULT: {}
COMMAND: POST /session/ae63ae861a600ce3e86dcf3ce68037e1/execute/async - {"script":"<script> [1562 bytes]","args":[{"selector":{"controlType":"sap.m.SearchField","properties":{"placeholder":"Search"},"searchOpenDialogs":true,"interaction":{"idSuffix":"I"}},"wdio_ui5_key":"sapm.SearchField{\"placeholder\":\"Search\"}"}]}
RESULT: {"script":"<script> [1562 bytes]","args":[{"selector":{"controlType":"sap.m.SearchField","properties":{"placeholder":"Search"},"searchOpenDialogs":true,"interaction":{"idSuffix":"I"}},"wdio_ui5_key":"sapm.SearchField{\"placeholder\":\"Search\"}"}]}
RESULT: undefined
COMMAND: POST /session/ae63ae861a600ce3e86dcf3ce68037e1/execute/async - {"script":"<script> [776 bytes]","args":[{"enterText":"10001013","selector":{"controlType":"sap.m.SearchField","properties":{"placeholder":"Search"},"searchOpenDialogs":true,"interaction":{"idSuffix":"I"}},"clearTextFirst":true,"interactionType":"ENTER_TEXT"}]}
RESULT: {"script":"<script> [776 bytes]","args":[{"enterText":"10001013","selector":{"controlType":"sap.m.SearchField","properties":{"placeholder":"Search"},"searchOpenDialogs":true,"interaction":{"idSuffix":"I"}},"clearTextFirst":true,"interactionType":"ENTER_TEXT"}]}
COMMAND: POST /session/ae63ae861a600ce3e86dcf3ce68037e1/actions - {"actions":[{"id":"action11","type":"key","parameters":{},"actions":[{"type":"keyDown","value":""},{"type":"pause","duration":10},{"type":"keyUp","value":""}]}]}
RESULT: {"actions":[{"id":"action11","type":"key","parameters":{},"actions":[{"type":"keyDown","value":""},{"type":"pause","duration":10},{"type":"keyUp","value":""}]}]}
COMMAND: GET /session/ae63ae861a600ce3e86dcf3ce68037e1/screenshot - {}
RESULT: {}
COMMAND: POST /session/ae63ae861a600ce3e86dcf3ce68037e1/element - {"using":"xpath","value":"//span[contains(text(), \"General Management\")]"}
RESULT: {"using":"xpath","value":"//span[contains(text(), \"General Management\")]"}
COMMAND: POST /session/ae63ae861a600ce3e86dcf3ce68037e1/element/f.B604D285643F95EEE180589880A06EE9.d.1A242C3E4D1A74698E9A8AE069D64526.e.3805/click - {}
RESULT: {}
COMMAND: GET /session/ae63ae861a600ce3e86dcf3ce68037e1/screenshot - {}
RESULT: {}
COMMAND: POST /session/ae63ae861a600ce3e86dcf3ce68037e1/element - {"using":"xpath","value":"//bdi[contains(text(), \"OK\")]"}
RESULT: {"using":"xpath","value":"//bdi[contains(text(), \"OK\")]"}
COMMAND: POST /session/ae63ae861a600ce3e86dcf3ce68037e1/element/f.B604D285643F95EEE180589880A06EE9.d.1A242C3E4D1A74698E9A8AE069D64526.e.3806/click - {}
RESULT: {}
COMMAND: GET /session/ae63ae861a600ce3e86dcf3ce68037e1/screenshot - {}
RESULT: {}
COMMAND: POST /session/ae63ae861a600ce3e86dcf3ce68037e1/element - {"using":"xpath","value":"//input[@id=\"application-managepartners-display-component---NewPartner--companyCodeComboBox-inner\"]"}
RESULT: {"using":"xpath","value":"//input[@id=\"application-managepartners-display-component---NewPartner--companyCodeComboBox-inner\"]"}
COMMAND: POST /session/ae63ae861a600ce3e86dcf3ce68037e1/element/f.B604D285643F95EEE180589880A06EE9.d.1A242C3E4D1A74698E9A8AE069D64526.e.3599/clear - {}
RESULT: {}
COMMAND: POST /session/ae63ae861a600ce3e86dcf3ce68037e1/element/f.B604D285643F95EEE180589880A06EE9.d.1A242C3E4D1A74698E9A8AE069D64526.e.3599/value - {"text":"C002"}
COMMAND: GET /session/ae63ae861a600ce3e86dcf3ce68037e1/screenshot - {}
RESULT: {"text":"C002"}
COMMAND: GET /session/ae63ae861a600ce3e86dcf3ce68037e1/screenshot - {}
RESULT: {}
RESULT: {}
COMMAND: POST /session/ae63ae861a600ce3e86dcf3ce68037e1/element - {"using":"xpath","value":"//li[.//span[text()= \"C002\"]]"}
RESULT: {"using":"xpath","value":"//li[.//span[text()= \"C002\"]]"}
COMMAND: POST /session/ae63ae861a600ce3e86dcf3ce68037e1/element/f.B604D285643F95EEE180589880A06EE9.d.1A242C3E4D1A74698E9A8AE069D64526.e.3812/click - {}
RESULT: {}
COMMAND: GET /session/ae63ae861a600ce3e86dcf3ce68037e1/screenshot - {}
RESULT: {}
COMMAND: POST /session/ae63ae861a600ce3e86dcf3ce68037e1/execute/async - {"script":"<script> [1562 bytes]","args":[{"selector":{"id":"application-managepartners-display-component---NewPartner--btnAddTableRow-img"},"wdio_ui5_key":"applicationmanagepartners-display-component---NewPartner--btnAddTableRow-img"}]}
RESULT: {"script":"<script> [1562 bytes]","args":[{"selector":{"id":"application-managepartners-display-component---NewPartner--btnAddTableRow-img"},"wdio_ui5_key":"applicationmanagepartners-display-component---NewPartner--btnAddTableRow-img"}]}
RESULT: undefined
COMMAND: POST /session/ae63ae861a600ce3e86dcf3ce68037e1/element - {"using":"xpath","value":"//*[@id=\"application-managepartners-display-component---NewPartner--btnAddTableRow-img\"]"}
RESULT: {"using":"xpath","value":"//*[@id=\"application-managepartners-display-component---NewPartner--btnAddTableRow-img\"]"}
COMMAND: POST /session/ae63ae861a600ce3e86dcf3ce68037e1/element/f.B604D285643F95EEE180589880A06EE9.d.1A242C3E4D1A74698E9A8AE069D64526.e.3813/click - {}
RESULT: {}
COMMAND: GET /session/ae63ae861a600ce3e86dcf3ce68037e1/screenshot - {}
RESULT: {}
COMMAND: POST /session/ae63ae861a600ce3e86dcf3ce68037e1/element - {"using":"xpath","value":"//input[@id=\"application-managepartners-display-component---NewPartner--assignmentYard-application-managepartners-display-component---NewPartner--assignmentsTable-0-inner\"]"}
RESULT: {"using":"xpath","value":"//input[@id=\"application-managepartners-display-component---NewPartner--assignmentYard-application-managepartners-display-component---NewPartner--assignmentsTable-0-inner\"]"}
COMMAND: POST /session/ae63ae861a600ce3e86dcf3ce68037e1/element/f.B604D285643F95EEE180589880A06EE9.d.1A242C3E4D1A74698E9A8AE069D64526.e.3816/clear - {}
RESULT: {}
COMMAND: POST /session/ae63ae861a600ce3e86dcf3ce68037e1/element/f.B604D285643F95EEE180589880A06EE9.d.1A242C3E4D1A74698E9A8AE069D64526.e.3816/value - {"text":"269"}
COMMAND: GET /session/ae63ae861a600ce3e86dcf3ce68037e1/screenshot - {}
RESULT: {"text":"269"}
COMMAND: GET /session/ae63ae861a600ce3e86dcf3ce68037e1/screenshot - {}
RESULT: {}
RESULT: {}
COMMAND: POST /session/ae63ae861a600ce3e86dcf3ce68037e1/element - {"using":"xpath","value":"//ul[contains(@id,\"NewPartner--assignmentsTable-0-popup-list-listUl\")]//li[.//span[text()='269']]"}
RESULT: {"using":"xpath","value":"//ul[contains(@id,\"NewPartner--assignmentsTable-0-popup-list-listUl\")]//li[.//span[text()='269']]"}
COMMAND: POST /session/ae63ae861a600ce3e86dcf3ce68037e1/element/f.B604D285643F95EEE180589880A06EE9.d.1A242C3E4D1A74698E9A8AE069D64526.e.3825/click - {}
RESULT: {}
COMMAND: GET /session/ae63ae861a600ce3e86dcf3ce68037e1/screenshot - {}
RESULT: {}
COMMAND: POST /session/ae63ae861a600ce3e86dcf3ce68037e1/actions - {"actions":[{"id":"action12","type":"key","parameters":{},"actions":[{"type":"keyDown","value":""},{"type":"pause","duration":10},{"type":"keyUp","value":""}]}]}
RESULT: {"actions":[{"id":"action12","type":"key","parameters":{},"actions":[{"type":"keyDown","value":""},{"type":"pause","duration":10},{"type":"keyUp","value":""}]}]}
COMMAND: POST /session/ae63ae861a600ce3e86dcf3ce68037e1/execute/async - {"script":"<script> [1562 bytes]","args":[{"selector":{"id":"application-managepartners-display-component---NewPartner--externalCustomerComboBox-application-managepartners-display-component---NewPartner--assignmentsTable-0-vhi"},"wdio_ui5_key":"applicationmanagepartners-display-component---NewPartner--externalCustomerComboBox-application-managepartners-display-component---NewPartner--assignmentsTable-0-vhi"}]}
COMMAND: GET /session/ae63ae861a600ce3e86dcf3ce68037e1/screenshot - {}
RESULT: {"script":"<script> [1562 bytes]","args":[{"selector":{"id":"application-managepartners-display-component---NewPartner--externalCustomerComboBox-application-managepartners-display-component---NewPartner--assignmentsTable-0-vhi"},"wdio_ui5_key":"applicationmanagepartners-display-component---NewPartner--externalCustomerComboBox-application-managepartners-display-component---NewPartner--assignmentsTable-0-vhi"}]}
RESULT: undefined
COMMAND: POST /session/ae63ae861a600ce3e86dcf3ce68037e1/element - {"using":"xpath","value":"//*[@id=\"application-managepartners-display-component---NewPartner--externalCustomerComboBox-application-managepartners-display-component---NewPartner--assignmentsTable-0-vhi\"]"}
RESULT: {}
RESULT: {"using":"xpath","value":"//*[@id=\"application-managepartners-display-component---NewPartner--externalCustomerComboBox-application-managepartners-display-component---NewPartner--assignmentsTable-0-vhi\"]"}
COMMAND: POST /session/ae63ae861a600ce3e86dcf3ce68037e1/element/f.B604D285643F95EEE180589880A06EE9.d.1A242C3E4D1A74698E9A8AE069D64526.e.3829/click - {}
RESULT: {}
RESULT: undefined
COMMAND: POST /session/ae63ae861a600ce3e86dcf3ce68037e1/execute/async - {"script":"<script> [776 bytes]","args":[{"enterText":"300003","selector":{"controlType":"sap.m.SearchField","properties":{"placeholder":"Search"},"searchOpenDialogs":true,"interaction":{"idSuffix":"I"}},"clearTextFirst":true,"interactionType":"ENTER_TEXT"}]}
COMMAND: GET /session/ae63ae861a600ce3e86dcf3ce68037e1/screenshot - {}
RESULT: {"script":"<script> [776 bytes]","args":[{"enterText":"300003","selector":{"controlType":"sap.m.SearchField","properties":{"placeholder":"Search"},"searchOpenDialogs":true,"interaction":{"idSuffix":"I"}},"clearTextFirst":true,"interactionType":"ENTER_TEXT"}]}
COMMAND: POST /session/ae63ae861a600ce3e86dcf3ce68037e1/actions - {"actions":[{"id":"action13","type":"key","parameters":{},"actions":[{"type":"keyDown","value":""},{"type":"pause","duration":10},{"type":"keyUp","value":""}]}]}
RESULT: {}
RESULT: {"actions":[{"id":"action13","type":"key","parameters":{},"actions":[{"type":"keyDown","value":""},{"type":"pause","duration":10},{"type":"keyUp","value":""}]}]}
COMMAND: GET /session/ae63ae861a600ce3e86dcf3ce68037e1/screenshot - {}
RESULT: {}
COMMAND: POST /session/ae63ae861a600ce3e86dcf3ce68037e1/element - {"using":"xpath","value":"//span[contains(text(), \"300003\")]"}
RESULT: {"using":"xpath","value":"//span[contains(text(), \"300003\")]"}
COMMAND: POST /session/ae63ae861a600ce3e86dcf3ce68037e1/element/f.B604D285643F95EEE180589880A06EE9.d.1A242C3E4D1A74698E9A8AE069D64526.e.3879/click - {}
RESULT: {}
COMMAND: GET /session/ae63ae861a600ce3e86dcf3ce68037e1/screenshot - {}
RESULT: {}
COMMAND: POST /session/ae63ae861a600ce3e86dcf3ce68037e1/element - {"using":"xpath","value":"//bdi[contains(text(), \"OK\")]"}
RESULT: {"using":"xpath","value":"//bdi[contains(text(), \"OK\")]"}
COMMAND: POST /session/ae63ae861a600ce3e86dcf3ce68037e1/element/f.B604D285643F95EEE180589880A06EE9.d.1A242C3E4D1A74698E9A8AE069D64526.e.3881/click - {}
RESULT: {}
COMMAND: GET /session/ae63ae861a600ce3e86dcf3ce68037e1/screenshot - {}
RESULT: {}
COMMAND: POST /session/ae63ae861a600ce3e86dcf3ce68037e1/execute/async - {"script":"<script> [1562 bytes]","args":[{"selector":{"id":"application-managepartners-display-component---NewPartner--intercompVendorComboBox-application-managepartners-display-component---NewPartner--assignmentsTable-0-vhi"},"wdio_ui5_key":"applicationmanagepartners-display-component---NewPartner--intercompVendorComboBox-application-managepartners-display-component---NewPartner--assignmentsTable-0-vhi"}]}
RESULT: {"script":"<script> [1562 bytes]","args":[{"selector":{"id":"application-managepartners-display-component---NewPartner--intercompVendorComboBox-application-managepartners-display-component---NewPartner--assignmentsTable-0-vhi"},"wdio_ui5_key":"applicationmanagepartners-display-component---NewPartner--intercompVendorComboBox-application-managepartners-display-component---NewPartner--assignmentsTable-0-vhi"}]}
RESULT: undefined
COMMAND: POST /session/ae63ae861a600ce3e86dcf3ce68037e1/element - {"using":"xpath","value":"//*[@id=\"application-managepartners-display-component---NewPartner--intercompVendorComboBox-application-managepartners-display-component---NewPartner--assignmentsTable-0-vhi\"]"}
RESULT: {"using":"xpath","value":"//*[@id=\"application-managepartners-display-component---NewPartner--intercompVendorComboBox-application-managepartners-display-component---NewPartner--assignmentsTable-0-vhi\"]"}
COMMAND: POST /session/ae63ae861a600ce3e86dcf3ce68037e1/element/f.B604D285643F95EEE180589880A06EE9.d.1A242C3E4D1A74698E9A8AE069D64526.e.3884/click - {}
RESULT: {}
RESULT: undefined
COMMAND: POST /session/ae63ae861a600ce3e86dcf3ce68037e1/execute/async - {"script":"<script> [776 bytes]","args":[{"enterText":"100005","selector":{"controlType":"sap.m.SearchField","properties":{"placeholder":"Search"},"searchOpenDialogs":true,"interaction":{"idSuffix":"I"}},"clearTextFirst":true,"interactionType":"ENTER_TEXT"}]}
COMMAND: GET /session/ae63ae861a600ce3e86dcf3ce68037e1/screenshot - {}
RESULT: {"script":"<script> [776 bytes]","args":[{"enterText":"100005","selector":{"controlType":"sap.m.SearchField","properties":{"placeholder":"Search"},"searchOpenDialogs":true,"interaction":{"idSuffix":"I"}},"clearTextFirst":true,"interactionType":"ENTER_TEXT"}]}
COMMAND: POST /session/ae63ae861a600ce3e86dcf3ce68037e1/actions - {"actions":[{"id":"action14","type":"key","parameters":{},"actions":[{"type":"keyDown","value":""},{"type":"pause","duration":10},{"type":"keyUp","value":""}]}]}
RESULT: {}
RESULT: {"actions":[{"id":"action14","type":"key","parameters":{},"actions":[{"type":"keyDown","value":""},{"type":"pause","duration":10},{"type":"keyUp","value":""}]}]}
COMMAND: GET /session/ae63ae861a600ce3e86dcf3ce68037e1/screenshot - {}
RESULT: {}
COMMAND: POST /session/ae63ae861a600ce3e86dcf3ce68037e1/element - {"using":"xpath","value":"//span[contains(text(), \"Penguins - Field/12345 Berlin\")]"}
RESULT: {"using":"xpath","value":"//span[contains(text(), \"Penguins - Field/12345 Berlin\")]"}
COMMAND: POST /session/ae63ae861a600ce3e86dcf3ce68037e1/element/f.B604D285643F95EEE180589880A06EE9.d.1A242C3E4D1A74698E9A8AE069D64526.e.3901/click - {}
RESULT: {}
COMMAND: GET /session/ae63ae861a600ce3e86dcf3ce68037e1/screenshot - {}
RESULT: {}
COMMAND: POST /session/ae63ae861a600ce3e86dcf3ce68037e1/element - {"using":"xpath","value":"//bdi[contains(text(), \"OK\")]"}
RESULT: {"using":"xpath","value":"//bdi[contains(text(), \"OK\")]"}
COMMAND: POST /session/ae63ae861a600ce3e86dcf3ce68037e1/element/f.B604D285643F95EEE180589880A06EE9.d.1A242C3E4D1A74698E9A8AE069D64526.e.3902/click - {}
RESULT: {}
COMMAND: GET /session/ae63ae861a600ce3e86dcf3ce68037e1/screenshot - {}
RESULT: {}
COMMAND: POST /session/ae63ae861a600ce3e86dcf3ce68037e1/element - {"using":"xpath","value":"//button[@data-kt=\"saveButton\"]"}
RESULT: {"using":"xpath","value":"//button[@data-kt=\"saveButton\"]"}
COMMAND: POST /session/ae63ae861a600ce3e86dcf3ce68037e1/element/f.B604D285643F95EEE180589880A06EE9.d.1A242C3E4D1A74698E9A8AE069D64526.e.3649/click - {}
RESULT: {}
COMMAND: GET /session/ae63ae861a600ce3e86dcf3ce68037e1/screenshot - {}
RESULT: {}
COMMAND: POST /session/ae63ae861a600ce3e86dcf3ce68037e1/element - {"using":"xpath","value":"//header[contains(@id, 'ObjectPageLayout-headerTitle')]/div[1]/div[2]/div[2]/span[1]"}
RESULT: {"using":"xpath","value":"//header[contains(@id, 'ObjectPageLayout-headerTitle')]/div[1]/div[2]/div[2]/span[1]"}
COMMAND: POST /session/ae63ae861a600ce3e86dcf3ce68037e1/elements - {"using":"xpath","value":"//header[contains(@id, 'ObjectPageLayout-headerTitle')]/div[1]/div[2]/div[2]/span[1]"}
RESULT: {"using":"xpath","value":"//header[contains(@id, 'ObjectPageLayout-headerTitle')]/div[1]/div[2]/div[2]/span[1]"}
COMMAND: POST /session/ae63ae861a600ce3e86dcf3ce68037e1/execute/sync - {"script":"<script> [56 bytes]","args":[{"element-6066-11e4-a52e-4f735466cecf":"f.B604D285643F95EEE180589880A06EE9.d.1A242C3E4D1A74698E9A8AE069D64526.e.4066","ELEMENT":"f.B604D285643F95EEE180589880A06EE9.d.1A242C3E4D1A74698E9A8AE069D64526.e.4066"}]}
RESULT: {"script":"<script> [56 bytes]","args":[{"element-6066-11e4-a52e-4f735466cecf":"f.B604D285643F95EEE180589880A06EE9.d.1A242C3E4D1A74698E9A8AE069D64526.e.4066","ELEMENT":"f.B604D285643F95EEE180589880A06EE9.d.1A242C3E4D1A74698E9A8AE069D64526.e.4066"}]}
COMMAND: POST /session/ae63ae861a600ce3e86dcf3ce68037e1/element - {"using":"css selector","value":"#shell-header-logo"}
COMMAND: GET /session/ae63ae861a600ce3e86dcf3ce68037e1/screenshot - {}
RESULT: {"using":"css selector","value":"#shell-header-logo"}
COMMAND: POST /session/ae63ae861a600ce3e86dcf3ce68037e1/element/f.B604D285643F95EEE180589880A06EE9.d.1A242C3E4D1A74698E9A8AE069D64526.e.3252/click - {}
RESULT: {}
RESULT: {}
COMMAND: GET /session/ae63ae861a600ce3e86dcf3ce68037e1/screenshot - {}
RESULT: {}
COMMAND: POST /session/ae63ae861a600ce3e86dcf3ce68037e1/execute/sync - {"script":"<script> [299 bytes]","args":[["getModel","getResource"]]}
RESULT: {"script":"<script> [299 bytes]","args":[["getModel","getResource"]]}
COMMAND: GET /session/ae63ae861a600ce3e86dcf3ce68037e1/screenshot - {}
]]></system-out>
    </testcase>
    <testcase classname="chrome.137_0_7151_69.windows.Edit_and_delete_daily_price_US134629_US134627" name="Should create a new site used for following tests" time="94.909">
      <system-out><![CDATA[
COMMAND: POST /session/ae63ae861a600ce3e86dcf3ce68037e1/execute/async - {"script":"<script> [1562 bytes]","args":[{"selector":{"controlType":"sap.m.GenericTile","properties":{"header":"Manage Sites"}},"wdio_ui5_key":"sapm.GenericTile{\"header\":\"Manage Sites\"}"}]}
RESULT: {}
RESULT: {"script":"<script> [1562 bytes]","args":[{"selector":{"controlType":"sap.m.GenericTile","properties":{"header":"Manage Sites"}},"wdio_ui5_key":"sapm.GenericTile{\"header\":\"Manage Sites\"}"}]}
RESULT: undefined
COMMAND: POST /session/ae63ae861a600ce3e86dcf3ce68037e1/element - {"using":"xpath","value":"//*[@id=\"__tile41\"]"}
RESULT: {"using":"xpath","value":"//*[@id=\"__tile41\"]"}
COMMAND: POST /session/ae63ae861a600ce3e86dcf3ce68037e1/element/f.B604D285643F95EEE180589880A06EE9.d.1A242C3E4D1A74698E9A8AE069D64526.e.3151/click - {}
RESULT: {}
COMMAND: GET /session/ae63ae861a600ce3e86dcf3ce68037e1/screenshot - {}
RESULT: {}
COMMAND: POST /session/ae63ae861a600ce3e86dcf3ce68037e1/elements - {"using":"xpath","value":"//span[text()='Error']"}
RESULT: {"using":"xpath","value":"//span[text()='Error']"}
COMMAND: POST /session/ae63ae861a600ce3e86dcf3ce68037e1/element - {"using":"xpath","value":"//button[@data-kt=\"addOverflowToolbarButton\"]"}
RESULT: {"using":"xpath","value":"//button[@data-kt=\"addOverflowToolbarButton\"]"}
COMMAND: POST /session/ae63ae861a600ce3e86dcf3ce68037e1/elements - {"using":"xpath","value":"//button[@data-kt=\"addOverflowToolbarButton\"]"}
RESULT: {"using":"xpath","value":"//button[@data-kt=\"addOverflowToolbarButton\"]"}
COMMAND: POST /session/ae63ae861a600ce3e86dcf3ce68037e1/execute/sync - {"script":"<script> [8489 bytes]","args":[{"element-6066-11e4-a52e-4f735466cecf":"f.B604D285643F95EEE180589880A06EE9.d.1A242C3E4D1A74698E9A8AE069D64526.e.4113","ELEMENT":"f.B604D285643F95EEE180589880A06EE9.d.1A242C3E4D1A74698E9A8AE069D64526.e.4113"}]}
RESULT: {"script":"<script> [8489 bytes]","args":[{"element-6066-11e4-a52e-4f735466cecf":"f.B604D285643F95EEE180589880A06EE9.d.1A242C3E4D1A74698E9A8AE069D64526.e.4113","ELEMENT":"f.B604D285643F95EEE180589880A06EE9.d.1A242C3E4D1A74698E9A8AE069D64526.e.4113"}]}
COMMAND: GET /session/ae63ae861a600ce3e86dcf3ce68037e1/element/f.B604D285643F95EEE180589880A06EE9.d.1A242C3E4D1A74698E9A8AE069D64526.e.4113/enabled - {}
COMMAND: GET /session/ae63ae861a600ce3e86dcf3ce68037e1/screenshot - {}
RESULT: {}
COMMAND: POST /session/ae63ae861a600ce3e86dcf3ce68037e1/execute/sync - {"script":"<script> [8489 bytes]","args":[{"element-6066-11e4-a52e-4f735466cecf":"f.B604D285643F95EEE180589880A06EE9.d.1A242C3E4D1A74698E9A8AE069D64526.e.4113","ELEMENT":"f.B604D285643F95EEE180589880A06EE9.d.1A242C3E4D1A74698E9A8AE069D64526.e.4113"}]}
COMMAND: GET /session/ae63ae861a600ce3e86dcf3ce68037e1/screenshot - {}
RESULT: {}
RESULT: {"script":"<script> [8489 bytes]","args":[{"element-6066-11e4-a52e-4f735466cecf":"f.B604D285643F95EEE180589880A06EE9.d.1A242C3E4D1A74698E9A8AE069D64526.e.4113","ELEMENT":"f.B604D285643F95EEE180589880A06EE9.d.1A242C3E4D1A74698E9A8AE069D64526.e.4113"}]}
COMMAND: POST /session/ae63ae861a600ce3e86dcf3ce68037e1/execute/sync - {"script":"<script> [5351 bytes]","args":[{"element-6066-11e4-a52e-4f735466cecf":"f.B604D285643F95EEE180589880A06EE9.d.1A242C3E4D1A74698E9A8AE069D64526.e.4113","ELEMENT":"f.B604D285643F95EEE180589880A06EE9.d.1A242C3E4D1A74698E9A8AE069D64526.e.4113"}]}
COMMAND: GET /session/ae63ae861a600ce3e86dcf3ce68037e1/screenshot - {}
RESULT: {}
RESULT: {"script":"<script> [5351 bytes]","args":[{"element-6066-11e4-a52e-4f735466cecf":"f.B604D285643F95EEE180589880A06EE9.d.1A242C3E4D1A74698E9A8AE069D64526.e.4113","ELEMENT":"f.B604D285643F95EEE180589880A06EE9.d.1A242C3E4D1A74698E9A8AE069D64526.e.4113"}]}
COMMAND: POST /session/ae63ae861a600ce3e86dcf3ce68037e1/element/f.B604D285643F95EEE180589880A06EE9.d.1A242C3E4D1A74698E9A8AE069D64526.e.4113/click - {}
COMMAND: GET /session/ae63ae861a600ce3e86dcf3ce68037e1/screenshot - {}
RESULT: {}
RESULT: {}
COMMAND: GET /session/ae63ae861a600ce3e86dcf3ce68037e1/screenshot - {}
RESULT: {}
RESULT: {}
COMMAND: POST /session/ae63ae861a600ce3e86dcf3ce68037e1/element - {"using":"xpath","value":"//input[@id=\"application-managesites-display-component---NewSite--siteId-inner\"]"}
RESULT: {"using":"xpath","value":"//input[@id=\"application-managesites-display-component---NewSite--siteId-inner\"]"}
COMMAND: POST /session/ae63ae861a600ce3e86dcf3ce68037e1/element - {"using":"xpath","value":"//input[@id=\"application-managesites-display-component---NewSite--siteId-inner\"]"}
RESULT: {"using":"xpath","value":"//input[@id=\"application-managesites-display-component---NewSite--siteId-inner\"]"}
COMMAND: POST /session/ae63ae861a600ce3e86dcf3ce68037e1/execute/async - {"script":"<script> [1562 bytes]","args":[{"selector":{"id":"application-managesites-display-component---NewSite--addressDetailDetailsName1","interaction":{"idSuffix":"inner"}},"wdio_ui5_key":"applicationmanagesites-display-component---NewSite--addressDetailDetailsName1"}]}
RESULT: {"script":"<script> [1562 bytes]","args":[{"selector":{"id":"application-managesites-display-component---NewSite--addressDetailDetailsName1","interaction":{"idSuffix":"inner"}},"wdio_ui5_key":"applicationmanagesites-display-component---NewSite--addressDetailDetailsName1"}]}
RESULT: undefined
COMMAND: POST /session/ae63ae861a600ce3e86dcf3ce68037e1/execute/async - {"script":"<script> [776 bytes]","args":[{"enterText":"DailyPrice WDIO","selector":{"id":"application-managesites-display-component---NewSite--addressDetailDetailsName1","interaction":{"idSuffix":"inner"}},"clearTextFirst":true,"interactionType":"ENTER_TEXT"}]}
RESULT: {"script":"<script> [776 bytes]","args":[{"enterText":"DailyPrice WDIO","selector":{"id":"application-managesites-display-component---NewSite--addressDetailDetailsName1","interaction":{"idSuffix":"inner"}},"clearTextFirst":true,"interactionType":"ENTER_TEXT"}]}
COMMAND: POST /session/ae63ae861a600ce3e86dcf3ce68037e1/execute/async - {"script":"<script> [1562 bytes]","args":[{"selector":{"id":"application-managesites-display-component---NewSite--addressDetailDetailsLanguage-arrow"},"wdio_ui5_key":"applicationmanagesites-display-component---NewSite--addressDetailDetailsLanguage-arrow"}]}
RESULT: {"script":"<script> [1562 bytes]","args":[{"selector":{"id":"application-managesites-display-component---NewSite--addressDetailDetailsLanguage-arrow"},"wdio_ui5_key":"applicationmanagesites-display-component---NewSite--addressDetailDetailsLanguage-arrow"}]}
RESULT: undefined
COMMAND: POST /session/ae63ae861a600ce3e86dcf3ce68037e1/element - {"using":"xpath","value":"//*[@id=\"application-managesites-display-component---NewSite--addressDetailDetailsLanguage-arrow\"]"}
RESULT: {"using":"xpath","value":"//*[@id=\"application-managesites-display-component---NewSite--addressDetailDetailsLanguage-arrow\"]"}
COMMAND: POST /session/ae63ae861a600ce3e86dcf3ce68037e1/element/f.B604D285643F95EEE180589880A06EE9.d.1A242C3E4D1A74698E9A8AE069D64526.e.4752/click - {}
RESULT: {}
COMMAND: POST /session/ae63ae861a600ce3e86dcf3ce68037e1/element - {"using":"xpath","value":"//span[contains(text(), \"English\")]"}
COMMAND: GET /session/ae63ae861a600ce3e86dcf3ce68037e1/screenshot - {}
RESULT: {"using":"xpath","value":"//span[contains(text(), \"English\")]"}
COMMAND: POST /session/ae63ae861a600ce3e86dcf3ce68037e1/element/f.B604D285643F95EEE180589880A06EE9.d.1A242C3E4D1A74698E9A8AE069D64526.e.4753/click - {}
RESULT: {}
RESULT: {}
COMMAND: POST /session/ae63ae861a600ce3e86dcf3ce68037e1/execute/async - {"script":"<script> [1562 bytes]","args":[{"selector":{"id":"application-managesites-display-component---NewSite--addressDetailDetailsCity1","interaction":{"idSuffix":"inner"}},"wdio_ui5_key":"applicationmanagesites-display-component---NewSite--addressDetailDetailsCity1"}]}
COMMAND: GET /session/ae63ae861a600ce3e86dcf3ce68037e1/screenshot - {}
RESULT: {"script":"<script> [1562 bytes]","args":[{"selector":{"id":"application-managesites-display-component---NewSite--addressDetailDetailsCity1","interaction":{"idSuffix":"inner"}},"wdio_ui5_key":"applicationmanagesites-display-component---NewSite--addressDetailDetailsCity1"}]}
RESULT: undefined
COMMAND: POST /session/ae63ae861a600ce3e86dcf3ce68037e1/execute/async - {"script":"<script> [776 bytes]","args":[{"enterText":"Rosario","selector":{"id":"application-managesites-display-component---NewSite--addressDetailDetailsCity1","interaction":{"idSuffix":"inner"}},"clearTextFirst":true,"interactionType":"ENTER_TEXT"}]}
RESULT: {}
RESULT: {"script":"<script> [776 bytes]","args":[{"enterText":"Rosario","selector":{"id":"application-managesites-display-component---NewSite--addressDetailDetailsCity1","interaction":{"idSuffix":"inner"}},"clearTextFirst":true,"interactionType":"ENTER_TEXT"}]}
COMMAND: POST /session/ae63ae861a600ce3e86dcf3ce68037e1/execute/async - {"script":"<script> [1562 bytes]","args":[{"selector":{"id":"application-managesites-display-component---NewSite--addressDetailDetailsCountry-arrow"},"wdio_ui5_key":"applicationmanagesites-display-component---NewSite--addressDetailDetailsCountry-arrow"}]}
RESULT: {"script":"<script> [1562 bytes]","args":[{"selector":{"id":"application-managesites-display-component---NewSite--addressDetailDetailsCountry-arrow"},"wdio_ui5_key":"applicationmanagesites-display-component---NewSite--addressDetailDetailsCountry-arrow"}]}
RESULT: undefined
COMMAND: POST /session/ae63ae861a600ce3e86dcf3ce68037e1/element - {"using":"xpath","value":"//*[@id=\"application-managesites-display-component---NewSite--addressDetailDetailsCountry-arrow\"]"}
RESULT: {"using":"xpath","value":"//*[@id=\"application-managesites-display-component---NewSite--addressDetailDetailsCountry-arrow\"]"}
COMMAND: POST /session/ae63ae861a600ce3e86dcf3ce68037e1/element/f.B604D285643F95EEE180589880A06EE9.d.1A242C3E4D1A74698E9A8AE069D64526.e.4755/click - {}
RESULT: {}
COMMAND: POST /session/ae63ae861a600ce3e86dcf3ce68037e1/element - {"using":"xpath","value":"//span[contains(text(), \"Argentina\")]"}
COMMAND: GET /session/ae63ae861a600ce3e86dcf3ce68037e1/screenshot - {}
RESULT: {"using":"xpath","value":"//span[contains(text(), \"Argentina\")]"}
COMMAND: POST /session/ae63ae861a600ce3e86dcf3ce68037e1/element/f.B604D285643F95EEE180589880A06EE9.d.1A242C3E4D1A74698E9A8AE069D64526.e.4756/click - {}
RESULT: {}
RESULT: {}
COMMAND: GET /session/ae63ae861a600ce3e86dcf3ce68037e1/screenshot - {}
RESULT: {}
COMMAND: POST /session/ae63ae861a600ce3e86dcf3ce68037e1/execute/async - {"script":"<script> [1562 bytes]","args":[{"selector":{"id":"application-managesites-display-component---NewSite--addressEditDetailsCostObjectCstType-arrow"},"wdio_ui5_key":"applicationmanagesites-display-component---NewSite--addressEditDetailsCostObjectCstType-arrow"}]}
RESULT: {"script":"<script> [1562 bytes]","args":[{"selector":{"id":"application-managesites-display-component---NewSite--addressEditDetailsCostObjectCstType-arrow"},"wdio_ui5_key":"applicationmanagesites-display-component---NewSite--addressEditDetailsCostObjectCstType-arrow"}]}
RESULT: undefined
COMMAND: POST /session/ae63ae861a600ce3e86dcf3ce68037e1/element - {"using":"xpath","value":"//*[@id=\"application-managesites-display-component---NewSite--addressEditDetailsCostObjectCstType-arrow\"]"}
RESULT: {"using":"xpath","value":"//*[@id=\"application-managesites-display-component---NewSite--addressEditDetailsCostObjectCstType-arrow\"]"}
COMMAND: POST /session/ae63ae861a600ce3e86dcf3ce68037e1/element/f.B604D285643F95EEE180589880A06EE9.d.1A242C3E4D1A74698E9A8AE069D64526.e.4758/click - {}
RESULT: {}
COMMAND: POST /session/ae63ae861a600ce3e86dcf3ce68037e1/element - {"using":"xpath","value":"//span[contains(text(), \"Cost Center\")]"}
COMMAND: GET /session/ae63ae861a600ce3e86dcf3ce68037e1/screenshot - {}
RESULT: {"using":"xpath","value":"//span[contains(text(), \"Cost Center\")]"}
COMMAND: POST /session/ae63ae861a600ce3e86dcf3ce68037e1/element/f.B604D285643F95EEE180589880A06EE9.d.1A242C3E4D1A74698E9A8AE069D64526.e.4759/click - {}
RESULT: {}
RESULT: {}
COMMAND: GET /session/ae63ae861a600ce3e86dcf3ce68037e1/screenshot - {}
RESULT: {}
COMMAND: POST /session/ae63ae861a600ce3e86dcf3ce68037e1/element - {"using":"xpath","value":"//span[@id=\"application-managesites-display-component---NewSite--addressNewCostObjectCstID-vhi\"]"}
RESULT: {"using":"xpath","value":"//span[@id=\"application-managesites-display-component---NewSite--addressNewCostObjectCstID-vhi\"]"}
COMMAND: POST /session/ae63ae861a600ce3e86dcf3ce68037e1/execute/sync - {"script":"<script> [8489 bytes]","args":[{"element-6066-11e4-a52e-4f735466cecf":"f.B604D285643F95EEE180589880A06EE9.d.1A242C3E4D1A74698E9A8AE069D64526.e.4763","ELEMENT":"f.B604D285643F95EEE180589880A06EE9.d.1A242C3E4D1A74698E9A8AE069D64526.e.4763"}]}
RESULT: {"script":"<script> [8489 bytes]","args":[{"element-6066-11e4-a52e-4f735466cecf":"f.B604D285643F95EEE180589880A06EE9.d.1A242C3E4D1A74698E9A8AE069D64526.e.4763","ELEMENT":"f.B604D285643F95EEE180589880A06EE9.d.1A242C3E4D1A74698E9A8AE069D64526.e.4763"}]}
COMMAND: POST /session/ae63ae861a600ce3e86dcf3ce68037e1/execute/async - {"script":"<script> [1562 bytes]","args":[{"selector":{"id":"application-managesites-display-component---NewSite--addressNewCostObjectCstID-vhi"},"wdio_ui5_key":"applicationmanagesites-display-component---NewSite--addressNewCostObjectCstID-vhi"}]}
COMMAND: GET /session/ae63ae861a600ce3e86dcf3ce68037e1/screenshot - {}
RESULT: {"script":"<script> [1562 bytes]","args":[{"selector":{"id":"application-managesites-display-component---NewSite--addressNewCostObjectCstID-vhi"},"wdio_ui5_key":"applicationmanagesites-display-component---NewSite--addressNewCostObjectCstID-vhi"}]}
RESULT: undefined
COMMAND: POST /session/ae63ae861a600ce3e86dcf3ce68037e1/element - {"using":"xpath","value":"//*[@id=\"application-managesites-display-component---NewSite--addressNewCostObjectCstID-vhi\"]"}
RESULT: {}
RESULT: {"using":"xpath","value":"//*[@id=\"application-managesites-display-component---NewSite--addressNewCostObjectCstID-vhi\"]"}
COMMAND: POST /session/ae63ae861a600ce3e86dcf3ce68037e1/element/f.B604D285643F95EEE180589880A06EE9.d.1A242C3E4D1A74698E9A8AE069D64526.e.4763/click - {}
RESULT: {}
COMMAND: GET /session/ae63ae861a600ce3e86dcf3ce68037e1/screenshot - {}
RESULT: {}
RESULT: undefined
COMMAND: POST /session/ae63ae861a600ce3e86dcf3ce68037e1/execute/async - {"script":"<script> [776 bytes]","args":[{"enterText":"10001013","selector":{"controlType":"sap.m.SearchField","properties":{"placeholder":"Search"},"searchOpenDialogs":true,"interaction":{"idSuffix":"I"}},"clearTextFirst":true,"interactionType":"ENTER_TEXT"}]}
RESULT: {"script":"<script> [776 bytes]","args":[{"enterText":"10001013","selector":{"controlType":"sap.m.SearchField","properties":{"placeholder":"Search"},"searchOpenDialogs":true,"interaction":{"idSuffix":"I"}},"clearTextFirst":true,"interactionType":"ENTER_TEXT"}]}
COMMAND: POST /session/ae63ae861a600ce3e86dcf3ce68037e1/actions - {"actions":[{"id":"action15","type":"key","parameters":{},"actions":[{"type":"keyDown","value":""},{"type":"pause","duration":10},{"type":"keyUp","value":""}]}]}
RESULT: {"actions":[{"id":"action15","type":"key","parameters":{},"actions":[{"type":"keyDown","value":""},{"type":"pause","duration":10},{"type":"keyUp","value":""}]}]}
COMMAND: GET /session/ae63ae861a600ce3e86dcf3ce68037e1/screenshot - {}
RESULT: {}
COMMAND: POST /session/ae63ae861a600ce3e86dcf3ce68037e1/element - {"using":"xpath","value":"//span[contains(text(), \"General Management\")]"}
RESULT: {"using":"xpath","value":"//span[contains(text(), \"General Management\")]"}
COMMAND: POST /session/ae63ae861a600ce3e86dcf3ce68037e1/element/f.B604D285643F95EEE180589880A06EE9.d.1A242C3E4D1A74698E9A8AE069D64526.e.4802/click - {}
RESULT: {}
COMMAND: GET /session/ae63ae861a600ce3e86dcf3ce68037e1/screenshot - {}
RESULT: {}
COMMAND: POST /session/ae63ae861a600ce3e86dcf3ce68037e1/element - {"using":"xpath","value":"//bdi[contains(text(), \"OK\")]"}
RESULT: {"using":"xpath","value":"//bdi[contains(text(), \"OK\")]"}
COMMAND: POST /session/ae63ae861a600ce3e86dcf3ce68037e1/element/f.B604D285643F95EEE180589880A06EE9.d.1A242C3E4D1A74698E9A8AE069D64526.e.4803/click - {}
RESULT: {}
COMMAND: GET /session/ae63ae861a600ce3e86dcf3ce68037e1/screenshot - {}
RESULT: {}
COMMAND: POST /session/ae63ae861a600ce3e86dcf3ce68037e1/element - {"using":"xpath","value":"//input[@id=\"application-managesites-display-component---NewSite--addressDetailDetailsCalendar-inner\"]"}
RESULT: {"using":"xpath","value":"//input[@id=\"application-managesites-display-component---NewSite--addressDetailDetailsCalendar-inner\"]"}
COMMAND: POST /session/ae63ae861a600ce3e86dcf3ce68037e1/element/f.B604D285643F95EEE180589880A06EE9.d.1A242C3E4D1A74698E9A8AE069D64526.e.4544/clear - {}
RESULT: {}
COMMAND: POST /session/ae63ae861a600ce3e86dcf3ce68037e1/element/f.B604D285643F95EEE180589880A06EE9.d.1A242C3E4D1A74698E9A8AE069D64526.e.4544/value - {"text":"Unit"}
COMMAND: GET /session/ae63ae861a600ce3e86dcf3ce68037e1/screenshot - {}
RESULT: {"text":"Unit"}
COMMAND: GET /session/ae63ae861a600ce3e86dcf3ce68037e1/screenshot - {}
RESULT: {}
RESULT: {}
COMMAND: POST /session/ae63ae861a600ce3e86dcf3ce68037e1/actions - {"actions":[{"id":"action16","type":"key","parameters":{},"actions":[{"type":"keyDown","value":""},{"type":"pause","duration":10},{"type":"keyUp","value":""}]}]}
RESULT: {"actions":[{"id":"action16","type":"key","parameters":{},"actions":[{"type":"keyDown","value":""},{"type":"pause","duration":10},{"type":"keyUp","value":""}]}]}
COMMAND: POST /session/ae63ae861a600ce3e86dcf3ce68037e1/element - {"using":"xpath","value":"//input[@id=\"application-managesites-display-component---NewSite--addressDetailDetailsYard-inner\"]"}
COMMAND: GET /session/ae63ae861a600ce3e86dcf3ce68037e1/screenshot - {}
RESULT: {"using":"xpath","value":"//input[@id=\"application-managesites-display-component---NewSite--addressDetailDetailsYard-inner\"]"}
COMMAND: POST /session/ae63ae861a600ce3e86dcf3ce68037e1/element/f.B604D285643F95EEE180589880A06EE9.d.1A242C3E4D1A74698E9A8AE069D64526.e.4545/clear - {}
RESULT: {}
RESULT: {}
COMMAND: POST /session/ae63ae861a600ce3e86dcf3ce68037e1/element/f.B604D285643F95EEE180589880A06EE9.d.1A242C3E4D1A74698E9A8AE069D64526.e.4545/value - {"text":"269"}
COMMAND: GET /session/ae63ae861a600ce3e86dcf3ce68037e1/screenshot - {}
RESULT: {"text":"269"}
COMMAND: GET /session/ae63ae861a600ce3e86dcf3ce68037e1/screenshot - {}
RESULT: {}
RESULT: {}
COMMAND: POST /session/ae63ae861a600ce3e86dcf3ce68037e1/element - {"using":"xpath","value":"//li[.//span[text()='269']]"}
RESULT: {"using":"xpath","value":"//li[.//span[text()='269']]"}
COMMAND: POST /session/ae63ae861a600ce3e86dcf3ce68037e1/element/f.B604D285643F95EEE180589880A06EE9.d.1A242C3E4D1A74698E9A8AE069D64526.e.4811/click - {}
RESULT: {}
COMMAND: GET /session/ae63ae861a600ce3e86dcf3ce68037e1/screenshot - {}
RESULT: {}
COMMAND: POST /session/ae63ae861a600ce3e86dcf3ce68037e1/element - {"using":"xpath","value":"//input[@id=\"application-managesites-display-component---NewSite--addressDetailDetailsPartner-inner\"]"}
RESULT: {"using":"xpath","value":"//input[@id=\"application-managesites-display-component---NewSite--addressDetailDetailsPartner-inner\"]"}
COMMAND: POST /session/ae63ae861a600ce3e86dcf3ce68037e1/element - {"using":"xpath","value":"//input[@id=\"application-managesites-display-component---NewSite--addressDetailDetailsPartner-inner\"]"}
RESULT: {"using":"xpath","value":"//input[@id=\"application-managesites-display-component---NewSite--addressDetailDetailsPartner-inner\"]"}
COMMAND: POST /session/ae63ae861a600ce3e86dcf3ce68037e1/element - {"using":"xpath","value":"//button[@data-kt=\"saveButton\"]"}
RESULT: {"using":"xpath","value":"//button[@data-kt=\"saveButton\"]"}
COMMAND: POST /session/ae63ae861a600ce3e86dcf3ce68037e1/element/f.B604D285643F95EEE180589880A06EE9.d.1A242C3E4D1A74698E9A8AE069D64526.e.4738/click - {}
RESULT: {}
COMMAND: GET /session/ae63ae861a600ce3e86dcf3ce68037e1/screenshot - {}
RESULT: {}
COMMAND: POST /session/ae63ae861a600ce3e86dcf3ce68037e1/element - {"using":"xpath","value":"//header[contains(@id, 'ObjectPageLayout-headerTitle')]/div[1]/div[2]/div[2]/span[1]"}
RESULT: {"using":"xpath","value":"//header[contains(@id, 'ObjectPageLayout-headerTitle')]/div[1]/div[2]/div[2]/span[1]"}
COMMAND: POST /session/ae63ae861a600ce3e86dcf3ce68037e1/elements - {"using":"xpath","value":"//header[contains(@id, 'ObjectPageLayout-headerTitle')]/div[1]/div[2]/div[2]/span[1]"}
RESULT: {"using":"xpath","value":"//header[contains(@id, 'ObjectPageLayout-headerTitle')]/div[1]/div[2]/div[2]/span[1]"}
COMMAND: POST /session/ae63ae861a600ce3e86dcf3ce68037e1/execute/sync - {"script":"<script> [56 bytes]","args":[{"element-6066-11e4-a52e-4f735466cecf":"f.B604D285643F95EEE180589880A06EE9.d.1A242C3E4D1A74698E9A8AE069D64526.e.5018","ELEMENT":"f.B604D285643F95EEE180589880A06EE9.d.1A242C3E4D1A74698E9A8AE069D64526.e.5018"}]}
RESULT: {"script":"<script> [56 bytes]","args":[{"element-6066-11e4-a52e-4f735466cecf":"f.B604D285643F95EEE180589880A06EE9.d.1A242C3E4D1A74698E9A8AE069D64526.e.5018","ELEMENT":"f.B604D285643F95EEE180589880A06EE9.d.1A242C3E4D1A74698E9A8AE069D64526.e.5018"}]}
COMMAND: POST /session/ae63ae861a600ce3e86dcf3ce68037e1/element - {"using":"css selector","value":"#shell-header-logo"}
COMMAND: GET /session/ae63ae861a600ce3e86dcf3ce68037e1/screenshot - {}
RESULT: {"using":"css selector","value":"#shell-header-logo"}
COMMAND: POST /session/ae63ae861a600ce3e86dcf3ce68037e1/element/f.B604D285643F95EEE180589880A06EE9.d.1A242C3E4D1A74698E9A8AE069D64526.e.4071/click - {}
RESULT: {}
RESULT: {}
COMMAND: GET /session/ae63ae861a600ce3e86dcf3ce68037e1/screenshot - {}
RESULT: {}
COMMAND: POST /session/ae63ae861a600ce3e86dcf3ce68037e1/execute/sync - {"script":"<script> [299 bytes]","args":[["getModel","getResource"]]}
RESULT: {"script":"<script> [299 bytes]","args":[["getModel","getResource"]]}
COMMAND: GET /session/ae63ae861a600ce3e86dcf3ce68037e1/screenshot - {}
]]></system-out>
    </testcase>
    <testcase classname="chrome.137_0_7151_69.windows.Edit_and_delete_daily_price_US134629_US134627" name="Should go to Manage Conditions Daily Price and add the 2 rows one with yard site and one with yard" time="75.611">
      <system-out><![CDATA[
COMMAND: POST /session/ae63ae861a600ce3e86dcf3ce68037e1/execute/async - {"script":"<script> [1562 bytes]","args":[{"selector":{"controlType":"sap.m.GenericTile","properties":{"header":"Manage Conditions & Prices"}},"wdio_ui5_key":"sapm.GenericTile{\"header\":\"Manage Conditions & Prices\"}"}]}
RESULT: {}
RESULT: {"script":"<script> [1562 bytes]","args":[{"selector":{"controlType":"sap.m.GenericTile","properties":{"header":"Manage Conditions & Prices"}},"wdio_ui5_key":"sapm.GenericTile{\"header\":\"Manage Conditions & Prices\"}"}]}
RESULT: undefined
COMMAND: POST /session/ae63ae861a600ce3e86dcf3ce68037e1/element - {"using":"xpath","value":"//*[@id=\"__tile55\"]"}
RESULT: {"using":"xpath","value":"//*[@id=\"__tile55\"]"}
COMMAND: POST /session/ae63ae861a600ce3e86dcf3ce68037e1/element/f.B604D285643F95EEE180589880A06EE9.d.1A242C3E4D1A74698E9A8AE069D64526.e.3198/click - {}
RESULT: {}
COMMAND: GET /session/ae63ae861a600ce3e86dcf3ce68037e1/screenshot - {}
RESULT: {}
COMMAND: POST /session/ae63ae861a600ce3e86dcf3ce68037e1/elements - {"using":"xpath","value":"//span[text()='Error']"}
RESULT: {"using":"xpath","value":"//span[text()='Error']"}
COMMAND: POST /session/ae63ae861a600ce3e86dcf3ce68037e1/element - {"using":"xpath","value":"//button[@aria-label=\"Create\"]"}
RESULT: {"using":"xpath","value":"//button[@aria-label=\"Create\"]"}
COMMAND: POST /session/ae63ae861a600ce3e86dcf3ce68037e1/element/f.B604D285643F95EEE180589880A06EE9.d.1A242C3E4D1A74698E9A8AE069D64526.e.5057/click - {}
RESULT: {}
COMMAND: GET /session/ae63ae861a600ce3e86dcf3ce68037e1/screenshot - {}
RESULT: {}
COMMAND: POST /session/ae63ae861a600ce3e86dcf3ce68037e1/actions - {"actions":[{"id":"action17","type":"key","parameters":{},"actions":[{"type":"keyDown","value":""},{"type":"pause","duration":10},{"type":"keyUp","value":""}]}]}
RESULT: {"actions":[{"id":"action17","type":"key","parameters":{},"actions":[{"type":"keyDown","value":""},{"type":"pause","duration":10},{"type":"keyUp","value":""}]}]}
COMMAND: POST /session/ae63ae861a600ce3e86dcf3ce68037e1/actions - {"actions":[{"id":"action18","type":"key","parameters":{},"actions":[{"type":"keyDown","value":""},{"type":"pause","duration":10},{"type":"keyUp","value":""}]}]}
COMMAND: GET /session/ae63ae861a600ce3e86dcf3ce68037e1/screenshot - {}
RESULT: {"actions":[{"id":"action18","type":"key","parameters":{},"actions":[{"type":"keyDown","value":""},{"type":"pause","duration":10},{"type":"keyUp","value":""}]}]}
COMMAND: POST /session/ae63ae861a600ce3e86dcf3ce68037e1/execute/async - {"script":"<script> [1562 bytes]","args":[{"selector":{"controlType":"sap.m.Title","viewName":"etm.portal.ui.manageconditionprice.view.DailyPrices","viewId":"application-manageconditionprice-display-component---dailyPrices","i18NText":{"propertyName":"text","key":"dailyPrices"}},"wdio_ui5_key":"etmportal.ui.manageconditionprice.view.DailyPricessap.m.Title{\"propertyName\":\"text\",\"key\":\"dailyPrices\"}"}]}
COMMAND: GET /session/ae63ae861a600ce3e86dcf3ce68037e1/screenshot - {}
RESULT: {}
RESULT: {"script":"<script> [1562 bytes]","args":[{"selector":{"controlType":"sap.m.Title","viewName":"etm.portal.ui.manageconditionprice.view.DailyPrices","viewId":"application-manageconditionprice-display-component---dailyPrices","i18NText":{"propertyName":"text","key":"dailyPrices"}},"wdio_ui5_key":"etmportal.ui.manageconditionprice.view.DailyPricessap.m.Title{\"propertyName\":\"text\",\"key\":\"dailyPrices\"}"}]}
RESULT: undefined
COMMAND: POST /session/ae63ae861a600ce3e86dcf3ce68037e1/execute/async - {"script":"<script> [6424 bytes]","args":[{"element-6066-11e4-a52e-4f735466cecf":"f.B604D285643F95EEE180589880A06EE9.d.1A242C3E4D1A74698E9A8AE069D64526.e.5350"},"getText",[]]}
RESULT: {}
RESULT: {"script":"<script> [6424 bytes]","args":[{"element-6066-11e4-a52e-4f735466cecf":"f.B604D285643F95EEE180589880A06EE9.d.1A242C3E4D1A74698E9A8AE069D64526.e.5350"},"getText",[]]}
COMMAND: POST /session/ae63ae861a600ce3e86dcf3ce68037e1/execute/async - {"script":"<script> [1562 bytes]","args":[{"selector":{"id":"application-manageconditionprice-display-component---dailyPrices--condBillCond","interaction":{"idSuffix":"inner"}},"wdio_ui5_key":"applicationmanageconditionprice-display-component---dailyPrices--condBillCond"}]}
RESULT: {"script":"<script> [1562 bytes]","args":[{"selector":{"id":"application-manageconditionprice-display-component---dailyPrices--condBillCond","interaction":{"idSuffix":"inner"}},"wdio_ui5_key":"applicationmanageconditionprice-display-component---dailyPrices--condBillCond"}]}
RESULT: undefined
COMMAND: POST /session/ae63ae861a600ce3e86dcf3ce68037e1/execute/async - {"script":"<script> [776 bytes]","args":[{"enterText":"Residual Value %","selector":{"id":"application-manageconditionprice-display-component---dailyPrices--condBillCond","interaction":{"idSuffix":"inner"}},"clearTextFirst":true,"interactionType":"ENTER_TEXT"}]}
RESULT: {"script":"<script> [776 bytes]","args":[{"enterText":"Residual Value %","selector":{"id":"application-manageconditionprice-display-component---dailyPrices--condBillCond","interaction":{"idSuffix":"inner"}},"clearTextFirst":true,"interactionType":"ENTER_TEXT"}]}
COMMAND: POST /session/ae63ae861a600ce3e86dcf3ce68037e1/execute/async - {"script":"<script> [1562 bytes]","args":[{"selector":{"controlType":"sap.m.StandardListItem","viewName":"etm.portal.ui.manageconditionprice.view.DailyPrices","viewId":"application-manageconditionprice-display-component---dailyPrices","properties":{"type":"Active"},"searchOpenDialogs":true,"interaction":{"idSuffix":"titleText"}},"wdio_ui5_key":"etmportal.ui.manageconditionprice.view.DailyPricessap.m.StandardListItem{\"type\":\"Active\"}"}]}
RESULT: {"script":"<script> [1562 bytes]","args":[{"selector":{"controlType":"sap.m.StandardListItem","viewName":"etm.portal.ui.manageconditionprice.view.DailyPrices","viewId":"application-manageconditionprice-display-component---dailyPrices","properties":{"type":"Active"},"searchOpenDialogs":true,"interaction":{"idSuffix":"titleText"}},"wdio_ui5_key":"etmportal.ui.manageconditionprice.view.DailyPricessap.m.StandardListItem{\"type\":\"Active\"}"}]}
RESULT: undefined
COMMAND: POST /session/ae63ae861a600ce3e86dcf3ce68037e1/element - {"using":"xpath","value":"//*[@id=\"__item972\"]"}
RESULT: {"using":"xpath","value":"//*[@id=\"__item972\"]"}
COMMAND: POST /session/ae63ae861a600ce3e86dcf3ce68037e1/element/f.B604D285643F95EEE180589880A06EE9.d.1A242C3E4D1A74698E9A8AE069D64526.e.5364/click - {}
RESULT: {}
COMMAND: POST /session/ae63ae861a600ce3e86dcf3ce68037e1/execute/async - {"script":"<script> [1562 bytes]","args":[{"selector":{"id":"application-manageconditionprice-display-component---dailyPrices--editBtn","interaction":{"idSuffix":"BDI-content"}},"wdio_ui5_key":"applicationmanageconditionprice-display-component---dailyPrices--editBtn"}]}
COMMAND: GET /session/ae63ae861a600ce3e86dcf3ce68037e1/screenshot - {}
RESULT: {"script":"<script> [1562 bytes]","args":[{"selector":{"id":"application-manageconditionprice-display-component---dailyPrices--editBtn","interaction":{"idSuffix":"BDI-content"}},"wdio_ui5_key":"applicationmanageconditionprice-display-component---dailyPrices--editBtn"}]}
RESULT: undefined
COMMAND: POST /session/ae63ae861a600ce3e86dcf3ce68037e1/element - {"using":"xpath","value":"//*[@id=\"application-manageconditionprice-display-component---dailyPrices--editBtn\"]"}
RESULT: {}
RESULT: {"using":"xpath","value":"//*[@id=\"application-manageconditionprice-display-component---dailyPrices--editBtn\"]"}
COMMAND: POST /session/ae63ae861a600ce3e86dcf3ce68037e1/element/f.B604D285643F95EEE180589880A06EE9.d.1A242C3E4D1A74698E9A8AE069D64526.e.5352/click - {}
RESULT: {}
COMMAND: POST /session/ae63ae861a600ce3e86dcf3ce68037e1/execute/async - {"script":"<script> [1562 bytes]","args":[{"selector":{"controlType":"sap.m.Button","viewName":"etm.portal.ui.manageconditionprice.view.DailyPrices","viewId":"application-manageconditionprice-display-component---dailyPrices","i18NText":{"propertyName":"text","key":"add"},"interaction":{"idSuffix":"BDI-content"}},"wdio_ui5_key":"etmportal.ui.manageconditionprice.view.DailyPricessap.m.Button{\"propertyName\":\"text\",\"key\":\"add\"}"}]}
COMMAND: GET /session/ae63ae861a600ce3e86dcf3ce68037e1/screenshot - {}
RESULT: {"script":"<script> [1562 bytes]","args":[{"selector":{"controlType":"sap.m.Button","viewName":"etm.portal.ui.manageconditionprice.view.DailyPrices","viewId":"application-manageconditionprice-display-component---dailyPrices","i18NText":{"propertyName":"text","key":"add"},"interaction":{"idSuffix":"BDI-content"}},"wdio_ui5_key":"etmportal.ui.manageconditionprice.view.DailyPricessap.m.Button{\"propertyName\":\"text\",\"key\":\"add\"}"}]}
RESULT: undefined
COMMAND: POST /session/ae63ae861a600ce3e86dcf3ce68037e1/element - {"using":"xpath","value":"//*[@id=\"__button113\"]"}
RESULT: {}
RESULT: {"using":"xpath","value":"//*[@id=\"__button113\"]"}
COMMAND: POST /session/ae63ae861a600ce3e86dcf3ce68037e1/element/f.B604D285643F95EEE180589880A06EE9.d.1A242C3E4D1A74698E9A8AE069D64526.e.5390/click - {}
RESULT: {}
COMMAND: POST /session/ae63ae861a600ce3e86dcf3ce68037e1/elements - {"using":"css selector","value":"table tr"}
COMMAND: GET /session/ae63ae861a600ce3e86dcf3ce68037e1/screenshot - {}
RESULT: {"using":"css selector","value":"table tr"}
COMMAND: POST /session/ae63ae861a600ce3e86dcf3ce68037e1/element/f.B604D285643F95EEE180589880A06EE9.d.1A242C3E4D1A74698E9A8AE069D64526.e.5516/elements - {"using":"css selector","value":"input"}
RESULT: {}
RESULT: {"using":"css selector","value":"input"}
COMMAND: POST /session/ae63ae861a600ce3e86dcf3ce68037e1/element/f.B604D285643F95EEE180589880A06EE9.d.1A242C3E4D1A74698E9A8AE069D64526.e.5519/clear - {}
COMMAND: POST /session/ae63ae861a600ce3e86dcf3ce68037e1/element/f.B604D285643F95EEE180589880A06EE9.d.1A242C3E4D1A74698E9A8AE069D64526.e.5517/clear - {}
COMMAND: POST /session/ae63ae861a600ce3e86dcf3ce68037e1/element/f.B604D285643F95EEE180589880A06EE9.d.1A242C3E4D1A74698E9A8AE069D64526.e.5520/clear - {}
COMMAND: POST /session/ae63ae861a600ce3e86dcf3ce68037e1/element/f.B604D285643F95EEE180589880A06EE9.d.1A242C3E4D1A74698E9A8AE069D64526.e.5518/clear - {}
COMMAND: POST /session/ae63ae861a600ce3e86dcf3ce68037e1/element/f.B604D285643F95EEE180589880A06EE9.d.1A242C3E4D1A74698E9A8AE069D64526.e.5516/elements - {"using":"css selector","value":"td"}
RESULT: {}
COMMAND: POST /session/ae63ae861a600ce3e86dcf3ce68037e1/element/f.B604D285643F95EEE180589880A06EE9.d.1A242C3E4D1A74698E9A8AE069D64526.e.5518/value - {"text":"11/14/25"}
COMMAND: GET /session/ae63ae861a600ce3e86dcf3ce68037e1/screenshot - {}
RESULT: {"using":"css selector","value":"td"}
COMMAND: POST /session/ae63ae861a600ce3e86dcf3ce68037e1/element - {"using":"xpath","value":".//li[contains(., \"2108\") and not(.//li)]"}
COMMAND: POST /session/ae63ae861a600ce3e86dcf3ce68037e1/element/f.B604D285643F95EEE180589880A06EE9.d.1A242C3E4D1A74698E9A8AE069D64526.e.5538/element - {"using":"css selector","value":"input"}
COMMAND: POST /session/ae63ae861a600ce3e86dcf3ce68037e1/element/f.B604D285643F95EEE180589880A06EE9.d.1A242C3E4D1A74698E9A8AE069D64526.e.5538/element - {"using":"css selector","value":"input"}
RESULT: {}
COMMAND: POST /session/ae63ae861a600ce3e86dcf3ce68037e1/element/f.B604D285643F95EEE180589880A06EE9.d.1A242C3E4D1A74698E9A8AE069D64526.e.5520/value - {"text":"Euro"}
COMMAND: GET /session/ae63ae861a600ce3e86dcf3ce68037e1/screenshot - {}
RESULT: {}
COMMAND: POST /session/ae63ae861a600ce3e86dcf3ce68037e1/element/f.B604D285643F95EEE180589880A06EE9.d.1A242C3E4D1A74698E9A8AE069D64526.e.5517/value - {"text":"06/14/25"}
COMMAND: GET /session/ae63ae861a600ce3e86dcf3ce68037e1/screenshot - {}
RESULT: {}
COMMAND: POST /session/ae63ae861a600ce3e86dcf3ce68037e1/element/f.B604D285643F95EEE180589880A06EE9.d.1A242C3E4D1A74698E9A8AE069D64526.e.5519/value - {"text":"705.60"}
COMMAND: GET /session/ae63ae861a600ce3e86dcf3ce68037e1/screenshot - {}
RESULT: {"text":"11/14/25"}
COMMAND: GET /session/ae63ae861a600ce3e86dcf3ce68037e1/screenshot - {}
RESULT: {}
RESULT: {"using":"xpath","value":".//li[contains(., \"2108\") and not(.//li)]"}
RESULT: {"using":"css selector","value":"input"}
COMMAND: POST /session/ae63ae861a600ce3e86dcf3ce68037e1/element/f.B604D285643F95EEE180589880A06EE9.d.1A242C3E4D1A74698E9A8AE069D64526.e.5521/click - {}
RESULT: {"using":"css selector","value":"input"}
COMMAND: POST /session/ae63ae861a600ce3e86dcf3ce68037e1/element/f.B604D285643F95EEE180589880A06EE9.d.1A242C3E4D1A74698E9A8AE069D64526.e.5521/clear - {}
RESULT: {"text":"Euro"}
COMMAND: GET /session/ae63ae861a600ce3e86dcf3ce68037e1/screenshot - {}
RESULT: {}
COMMAND: POST /session/ae63ae861a600ce3e86dcf3ce68037e1/elements - {"using":"xpath","value":".//li[contains(., \"2108\") and not(.//li)]"}
RESULT: {"text":"06/14/25"}
COMMAND: GET /session/ae63ae861a600ce3e86dcf3ce68037e1/screenshot - {}
RESULT: {}
RESULT: {"text":"705.60"}
COMMAND: GET /session/ae63ae861a600ce3e86dcf3ce68037e1/screenshot - {}
RESULT: {}
RESULT: {}
RESULT: {}
COMMAND: GET /session/ae63ae861a600ce3e86dcf3ce68037e1/screenshot - {}
RESULT: {}
COMMAND: POST /session/ae63ae861a600ce3e86dcf3ce68037e1/element/f.B604D285643F95EEE180589880A06EE9.d.1A242C3E4D1A74698E9A8AE069D64526.e.5521/value - {"text":"2108"}
COMMAND: GET /session/ae63ae861a600ce3e86dcf3ce68037e1/screenshot - {}
RESULT: {}
RESULT: {"using":"xpath","value":".//li[contains(., \"2108\") and not(.//li)]"}
COMMAND: POST /session/ae63ae861a600ce3e86dcf3ce68037e1/elements - {"using":"xpath","value":".//li[contains(., \"2108\") and not(.//li)]"}
RESULT: {}
RESULT: {}
RESULT: {}
RESULT: {"text":"2108"}
COMMAND: GET /session/ae63ae861a600ce3e86dcf3ce68037e1/screenshot - {}
RESULT: {}
RESULT: {"using":"xpath","value":".//li[contains(., \"2108\") and not(.//li)]"}
COMMAND: POST /session/ae63ae861a600ce3e86dcf3ce68037e1/element - {"using":"xpath","value":".//li[contains(., \"2108\") and not(.//li)]"}
RESULT: {}
RESULT: {"using":"xpath","value":".//li[contains(., \"2108\") and not(.//li)]"}
COMMAND: POST /session/ae63ae861a600ce3e86dcf3ce68037e1/element/f.B604D285643F95EEE180589880A06EE9.d.1A242C3E4D1A74698E9A8AE069D64526.e.5546/click - {}
RESULT: {}
COMMAND: POST /session/ae63ae861a600ce3e86dcf3ce68037e1/element/f.B604D285643F95EEE180589880A06EE9.d.1A242C3E4D1A74698E9A8AE069D64526.e.5539/element - {"using":"css selector","value":"input"}
COMMAND: GET /session/ae63ae861a600ce3e86dcf3ce68037e1/screenshot - {}
RESULT: {"using":"css selector","value":"input"}
COMMAND: POST /session/ae63ae861a600ce3e86dcf3ce68037e1/element/f.B604D285643F95EEE180589880A06EE9.d.1A242C3E4D1A74698E9A8AE069D64526.e.5522/click - {}
RESULT: {}
RESULT: {}
COMMAND: GET /session/ae63ae861a600ce3e86dcf3ce68037e1/screenshot - {}
RESULT: {}
COMMAND: POST /session/ae63ae861a600ce3e86dcf3ce68037e1/element/f.B604D285643F95EEE180589880A06EE9.d.1A242C3E4D1A74698E9A8AE069D64526.e.5539/element - {"using":"css selector","value":"input"}
RESULT: {"using":"css selector","value":"input"}
COMMAND: POST /session/ae63ae861a600ce3e86dcf3ce68037e1/element/f.B604D285643F95EEE180589880A06EE9.d.1A242C3E4D1A74698E9A8AE069D64526.e.5522/clear - {}
RESULT: {}
COMMAND: POST /session/ae63ae861a600ce3e86dcf3ce68037e1/element/f.B604D285643F95EEE180589880A06EE9.d.1A242C3E4D1A74698E9A8AE069D64526.e.5522/value - {"text":"269"}
COMMAND: GET /session/ae63ae861a600ce3e86dcf3ce68037e1/screenshot - {}
RESULT: {"text":"269"}
COMMAND: GET /session/ae63ae861a600ce3e86dcf3ce68037e1/screenshot - {}
RESULT: {}
RESULT: {}
COMMAND: POST /session/ae63ae861a600ce3e86dcf3ce68037e1/element - {"using":"xpath","value":".//li[contains(., \"269\") and not(.//li)]"}
RESULT: {"using":"xpath","value":".//li[contains(., \"269\") and not(.//li)]"}
COMMAND: POST /session/ae63ae861a600ce3e86dcf3ce68037e1/element/f.B604D285643F95EEE180589880A06EE9.d.1A242C3E4D1A74698E9A8AE069D64526.e.5547/click - {}
RESULT: {}
RESULT: undefined
COMMAND: POST /session/ae63ae861a600ce3e86dcf3ce68037e1/element - {"using":"xpath","value":"//*[@id=\"__button113\"]"}
COMMAND: GET /session/ae63ae861a600ce3e86dcf3ce68037e1/screenshot - {}
RESULT: {"using":"xpath","value":"//*[@id=\"__button113\"]"}
COMMAND: POST /session/ae63ae861a600ce3e86dcf3ce68037e1/element/f.B604D285643F95EEE180589880A06EE9.d.1A242C3E4D1A74698E9A8AE069D64526.e.5390/click - {}
RESULT: {}
RESULT: {}
COMMAND: POST /session/ae63ae861a600ce3e86dcf3ce68037e1/elements - {"using":"css selector","value":"table tr"}
COMMAND: GET /session/ae63ae861a600ce3e86dcf3ce68037e1/screenshot - {}
RESULT: {"using":"css selector","value":"table tr"}
COMMAND: POST /session/ae63ae861a600ce3e86dcf3ce68037e1/element/f.B604D285643F95EEE180589880A06EE9.d.1A242C3E4D1A74698E9A8AE069D64526.e.5549/elements - {"using":"css selector","value":"input"}
RESULT: {}
RESULT: {"using":"css selector","value":"input"}
COMMAND: POST /session/ae63ae861a600ce3e86dcf3ce68037e1/element/f.B604D285643F95EEE180589880A06EE9.d.1A242C3E4D1A74698E9A8AE069D64526.e.5552/clear - {}
COMMAND: POST /session/ae63ae861a600ce3e86dcf3ce68037e1/element/f.B604D285643F95EEE180589880A06EE9.d.1A242C3E4D1A74698E9A8AE069D64526.e.5550/clear - {}
COMMAND: POST /session/ae63ae861a600ce3e86dcf3ce68037e1/element/f.B604D285643F95EEE180589880A06EE9.d.1A242C3E4D1A74698E9A8AE069D64526.e.5553/clear - {}
COMMAND: POST /session/ae63ae861a600ce3e86dcf3ce68037e1/element/f.B604D285643F95EEE180589880A06EE9.d.1A242C3E4D1A74698E9A8AE069D64526.e.5551/clear - {}
RESULT: {}
COMMAND: POST /session/ae63ae861a600ce3e86dcf3ce68037e1/element/f.B604D285643F95EEE180589880A06EE9.d.1A242C3E4D1A74698E9A8AE069D64526.e.5552/value - {"text":"99.5"}
COMMAND: GET /session/ae63ae861a600ce3e86dcf3ce68037e1/screenshot - {}
RESULT: {}
COMMAND: POST /session/ae63ae861a600ce3e86dcf3ce68037e1/element/f.B604D285643F95EEE180589880A06EE9.d.1A242C3E4D1A74698E9A8AE069D64526.e.5550/value - {"text":"06/14/25"}
COMMAND: GET /session/ae63ae861a600ce3e86dcf3ce68037e1/screenshot - {}
RESULT: {}
COMMAND: POST /session/ae63ae861a600ce3e86dcf3ce68037e1/element/f.B604D285643F95EEE180589880A06EE9.d.1A242C3E4D1A74698E9A8AE069D64526.e.5553/value - {"text":"US Dollar"}
COMMAND: GET /session/ae63ae861a600ce3e86dcf3ce68037e1/screenshot - {}
RESULT: {}
COMMAND: POST /session/ae63ae861a600ce3e86dcf3ce68037e1/element/f.B604D285643F95EEE180589880A06EE9.d.1A242C3E4D1A74698E9A8AE069D64526.e.5551/value - {"text":"11/14/25"}
COMMAND: GET /session/ae63ae861a600ce3e86dcf3ce68037e1/screenshot - {}
RESULT: {"text":"99.5"}
COMMAND: GET /session/ae63ae861a600ce3e86dcf3ce68037e1/screenshot - {}
RESULT: {}
COMMAND: POST /session/ae63ae861a600ce3e86dcf3ce68037e1/element/f.B604D285643F95EEE180589880A06EE9.d.1A242C3E4D1A74698E9A8AE069D64526.e.5549/elements - {"using":"css selector","value":"td"}
RESULT: {"text":"06/14/25"}
COMMAND: GET /session/ae63ae861a600ce3e86dcf3ce68037e1/screenshot - {}
RESULT: {}
RESULT: {"text":"US Dollar"}
COMMAND: GET /session/ae63ae861a600ce3e86dcf3ce68037e1/screenshot - {}
RESULT: {}
RESULT: {"text":"11/14/25"}
COMMAND: GET /session/ae63ae861a600ce3e86dcf3ce68037e1/screenshot - {}
RESULT: {}
RESULT: {}
RESULT: {"using":"css selector","value":"td"}
COMMAND: POST /session/ae63ae861a600ce3e86dcf3ce68037e1/element/f.B604D285643F95EEE180589880A06EE9.d.1A242C3E4D1A74698E9A8AE069D64526.e.5572/element - {"using":"css selector","value":"input"}
RESULT: {}
RESULT: {}
RESULT: {}
RESULT: {"using":"css selector","value":"input"}
COMMAND: POST /session/ae63ae861a600ce3e86dcf3ce68037e1/element/f.B604D285643F95EEE180589880A06EE9.d.1A242C3E4D1A74698E9A8AE069D64526.e.5554/click - {}
RESULT: {}
COMMAND: GET /session/ae63ae861a600ce3e86dcf3ce68037e1/screenshot - {}
RESULT: {}
COMMAND: POST /session/ae63ae861a600ce3e86dcf3ce68037e1/element/f.B604D285643F95EEE180589880A06EE9.d.1A242C3E4D1A74698E9A8AE069D64526.e.5572/element - {"using":"css selector","value":"input"}
RESULT: {"using":"css selector","value":"input"}
COMMAND: POST /session/ae63ae861a600ce3e86dcf3ce68037e1/element/f.B604D285643F95EEE180589880A06EE9.d.1A242C3E4D1A74698E9A8AE069D64526.e.5554/clear - {}
RESULT: {}
COMMAND: POST /session/ae63ae861a600ce3e86dcf3ce68037e1/element/f.B604D285643F95EEE180589880A06EE9.d.1A242C3E4D1A74698E9A8AE069D64526.e.5554/value - {"text":"2108"}
COMMAND: GET /session/ae63ae861a600ce3e86dcf3ce68037e1/screenshot - {}
RESULT: {"text":"2108"}
COMMAND: GET /session/ae63ae861a600ce3e86dcf3ce68037e1/screenshot - {}
RESULT: {}
COMMAND: POST /session/ae63ae861a600ce3e86dcf3ce68037e1/element - {"using":"xpath","value":"(//li[div//span[contains(text(), '2108')]])[2]"}
RESULT: {}
RESULT: {"using":"xpath","value":"(//li[div//span[contains(text(), '2108')]])[2]"}
COMMAND: POST /session/ae63ae861a600ce3e86dcf3ce68037e1/element/f.B604D285643F95EEE180589880A06EE9.d.1A242C3E4D1A74698E9A8AE069D64526.e.5578/click - {}
RESULT: {}
COMMAND: POST /session/ae63ae861a600ce3e86dcf3ce68037e1/execute/async - {"script":"<script> [1562 bytes]","args":[{"selector":{"controlType":"sap.m.Button","viewName":"etm.portal.ui.manageconditionprice.view.DailyPrices","viewId":"application-manageconditionprice-display-component---dailyPrices","i18NText":{"propertyName":"tooltip","key":"save"},"interaction":{"idSuffix":"BDI-content"}},"wdio_ui5_key":"etmportal.ui.manageconditionprice.view.DailyPricessap.m.Button{\"propertyName\":\"tooltip\",\"key\":\"save\"}"}]}
COMMAND: GET /session/ae63ae861a600ce3e86dcf3ce68037e1/screenshot - {}
RESULT: {"script":"<script> [1562 bytes]","args":[{"selector":{"controlType":"sap.m.Button","viewName":"etm.portal.ui.manageconditionprice.view.DailyPrices","viewId":"application-manageconditionprice-display-component---dailyPrices","i18NText":{"propertyName":"tooltip","key":"save"},"interaction":{"idSuffix":"BDI-content"}},"wdio_ui5_key":"etmportal.ui.manageconditionprice.view.DailyPricessap.m.Button{\"propertyName\":\"tooltip\",\"key\":\"save\"}"}]}
RESULT: undefined
COMMAND: POST /session/ae63ae861a600ce3e86dcf3ce68037e1/element - {"using":"xpath","value":"//*[@id=\"__button115\"]"}
RESULT: {}
RESULT: {"using":"xpath","value":"//*[@id=\"__button115\"]"}
COMMAND: POST /session/ae63ae861a600ce3e86dcf3ce68037e1/element/f.B604D285643F95EEE180589880A06EE9.d.1A242C3E4D1A74698E9A8AE069D64526.e.5366/click - {}
RESULT: {}
COMMAND: GET /session/ae63ae861a600ce3e86dcf3ce68037e1/screenshot - {}
RESULT: {}
]]></system-out>
    </testcase>
    <testcase classname="chrome.137_0_7151_69.windows.Edit_and_delete_daily_price_US134629_US134627" name="Should check whether the 2 rows have been added then edit one of the rows s currency and value and save and check the edited values" time="11.195">
      <system-out><![CDATA[
COMMAND: POST /session/ae63ae861a600ce3e86dcf3ce68037e1/elements - {"using":"css selector","value":"table tr"}
RESULT: {"using":"css selector","value":"table tr"}
COMMAND: POST /session/ae63ae861a600ce3e86dcf3ce68037e1/element/f.B604D285643F95EEE180589880A06EE9.d.1A242C3E4D1A74698E9A8AE069D64526.e.5549/elements - {"using":"css selector","value":"td"}
RESULT: {"using":"css selector","value":"td"}
COMMAND: POST /session/ae63ae861a600ce3e86dcf3ce68037e1/element/f.B604D285643F95EEE180589880A06EE9.d.1A242C3E4D1A74698E9A8AE069D64526.e.5516/elements - {"using":"css selector","value":"td"}
RESULT: {"using":"css selector","value":"td"}
COMMAND: POST /session/ae63ae861a600ce3e86dcf3ce68037e1/element/f.B604D285643F95EEE180589880A06EE9.d.1A242C3E4D1A74698E9A8AE069D64526.e.5581/element - {"using":"css selector","value":".sapMObjectNumberText"}
RESULT: {"using":"css selector","value":".sapMObjectNumberText"}
COMMAND: GET /session/ae63ae861a600ce3e86dcf3ce68037e1/element/f.B604D285643F95EEE180589880A06EE9.d.1A242C3E4D1A74698E9A8AE069D64526.e.5583/text - {}
RESULT: {}
COMMAND: POST /session/ae63ae861a600ce3e86dcf3ce68037e1/element/f.B604D285643F95EEE180589880A06EE9.d.1A242C3E4D1A74698E9A8AE069D64526.e.5582/element - {"using":"css selector","value":".sapMObjectNumberText"}
RESULT: {"using":"css selector","value":".sapMObjectNumberText"}
COMMAND: GET /session/ae63ae861a600ce3e86dcf3ce68037e1/element/f.B604D285643F95EEE180589880A06EE9.d.1A242C3E4D1A74698E9A8AE069D64526.e.5584/text - {}
RESULT: {}
RESULT: undefined
COMMAND: POST /session/ae63ae861a600ce3e86dcf3ce68037e1/element - {"using":"xpath","value":"//*[@id=\"application-manageconditionprice-display-component---dailyPrices--editBtn\"]"}
RESULT: {"using":"xpath","value":"//*[@id=\"application-manageconditionprice-display-component---dailyPrices--editBtn\"]"}
COMMAND: POST /session/ae63ae861a600ce3e86dcf3ce68037e1/element/f.B604D285643F95EEE180589880A06EE9.d.1A242C3E4D1A74698E9A8AE069D64526.e.5580/click - {}
RESULT: {}
COMMAND: POST /session/ae63ae861a600ce3e86dcf3ce68037e1/elements - {"using":"css selector","value":"table tr"}
COMMAND: GET /session/ae63ae861a600ce3e86dcf3ce68037e1/screenshot - {}
RESULT: {"using":"css selector","value":"table tr"}
COMMAND: POST /session/ae63ae861a600ce3e86dcf3ce68037e1/element/f.B604D285643F95EEE180589880A06EE9.d.1A242C3E4D1A74698E9A8AE069D64526.e.5549/elements - {"using":"css selector","value":"input"}
RESULT: {}
RESULT: {"using":"css selector","value":"input"}
COMMAND: POST /session/ae63ae861a600ce3e86dcf3ce68037e1/element/f.B604D285643F95EEE180589880A06EE9.d.1A242C3E4D1A74698E9A8AE069D64526.e.5605/clear - {}
COMMAND: POST /session/ae63ae861a600ce3e86dcf3ce68037e1/element/f.B604D285643F95EEE180589880A06EE9.d.1A242C3E4D1A74698E9A8AE069D64526.e.5606/clear - {}
RESULT: {}
COMMAND: POST /session/ae63ae861a600ce3e86dcf3ce68037e1/element/f.B604D285643F95EEE180589880A06EE9.d.1A242C3E4D1A74698E9A8AE069D64526.e.5606/value - {"text":"US Dollar"}
COMMAND: GET /session/ae63ae861a600ce3e86dcf3ce68037e1/screenshot - {}
RESULT: {}
COMMAND: POST /session/ae63ae861a600ce3e86dcf3ce68037e1/element/f.B604D285643F95EEE180589880A06EE9.d.1A242C3E4D1A74698E9A8AE069D64526.e.5605/value - {"text":"566.1"}
COMMAND: GET /session/ae63ae861a600ce3e86dcf3ce68037e1/screenshot - {}
RESULT: {"text":"US Dollar"}
COMMAND: GET /session/ae63ae861a600ce3e86dcf3ce68037e1/screenshot - {}
RESULT: {}
RESULT: {"text":"566.1"}
COMMAND: GET /session/ae63ae861a600ce3e86dcf3ce68037e1/screenshot - {}
RESULT: {}
RESULT: {}
RESULT: undefined
COMMAND: POST /session/ae63ae861a600ce3e86dcf3ce68037e1/element - {"using":"xpath","value":"//*[@id=\"__button115\"]"}
RESULT: {}
RESULT: {"using":"xpath","value":"//*[@id=\"__button115\"]"}
COMMAND: POST /session/ae63ae861a600ce3e86dcf3ce68037e1/element/f.B604D285643F95EEE180589880A06EE9.d.1A242C3E4D1A74698E9A8AE069D64526.e.5585/click - {}
RESULT: {}
COMMAND: GET /session/ae63ae861a600ce3e86dcf3ce68037e1/screenshot - {}
RESULT: {}
COMMAND: POST /session/ae63ae861a600ce3e86dcf3ce68037e1/elements - {"using":"css selector","value":"table tr"}
RESULT: {"using":"css selector","value":"table tr"}
COMMAND: POST /session/ae63ae861a600ce3e86dcf3ce68037e1/element/f.B604D285643F95EEE180589880A06EE9.d.1A242C3E4D1A74698E9A8AE069D64526.e.5549/elements - {"using":"css selector","value":"td"}
RESULT: {"using":"css selector","value":"td"}
COMMAND: POST /session/ae63ae861a600ce3e86dcf3ce68037e1/element/f.B604D285643F95EEE180589880A06EE9.d.1A242C3E4D1A74698E9A8AE069D64526.e.5610/element - {"using":"css selector","value":".sapMObjectNumberText"}
RESULT: {"using":"css selector","value":".sapMObjectNumberText"}
COMMAND: GET /session/ae63ae861a600ce3e86dcf3ce68037e1/element/f.B604D285643F95EEE180589880A06EE9.d.1A242C3E4D1A74698E9A8AE069D64526.e.5612/text - {}
RESULT: {}
]]></system-out>
    </testcase>
    <testcase classname="chrome.137_0_7151_69.windows.Edit_and_delete_daily_price_US134629_US134627" name="Should go into edit and delete all the rows that match the yard we have created for this scenario check if all rows deleted" time="25.966">
      <system-out><![CDATA[
RESULT: undefined
COMMAND: POST /session/ae63ae861a600ce3e86dcf3ce68037e1/element - {"using":"xpath","value":"//*[@id=\"application-manageconditionprice-display-component---dailyPrices--editBtn\"]"}
RESULT: {"using":"xpath","value":"//*[@id=\"application-manageconditionprice-display-component---dailyPrices--editBtn\"]"}
COMMAND: POST /session/ae63ae861a600ce3e86dcf3ce68037e1/element/f.B604D285643F95EEE180589880A06EE9.d.1A242C3E4D1A74698E9A8AE069D64526.e.5609/click - {}
RESULT: {}
COMMAND: GET /session/ae63ae861a600ce3e86dcf3ce68037e1/screenshot - {}
RESULT: {}
COMMAND: POST /session/ae63ae861a600ce3e86dcf3ce68037e1/elements - {"using":"css selector","value":"table tr"}
RESULT: {"using":"css selector","value":"table tr"}
COMMAND: POST /session/ae63ae861a600ce3e86dcf3ce68037e1/element/f.B604D285643F95EEE180589880A06EE9.d.1A242C3E4D1A74698E9A8AE069D64526.e.5392/elements - {"using":"css selector","value":"td"}
RESULT: {"using":"css selector","value":"td"}
COMMAND: POST /session/ae63ae861a600ce3e86dcf3ce68037e1/element/f.B604D285643F95EEE180589880A06EE9.d.1A242C3E4D1A74698E9A8AE069D64526.e.5393/elements - {"using":"css selector","value":"td"}
RESULT: {"using":"css selector","value":"td"}
COMMAND: POST /session/ae63ae861a600ce3e86dcf3ce68037e1/element/f.B604D285643F95EEE180589880A06EE9.d.1A242C3E4D1A74698E9A8AE069D64526.e.5394/elements - {"using":"css selector","value":"td"}
RESULT: {"using":"css selector","value":"td"}
COMMAND: POST /session/ae63ae861a600ce3e86dcf3ce68037e1/element/f.B604D285643F95EEE180589880A06EE9.d.1A242C3E4D1A74698E9A8AE069D64526.e.5301/elements - {"using":"css selector","value":"td"}
RESULT: {"using":"css selector","value":"td"}
COMMAND: POST /session/ae63ae861a600ce3e86dcf3ce68037e1/element/f.B604D285643F95EEE180589880A06EE9.d.1A242C3E4D1A74698E9A8AE069D64526.e.5302/elements - {"using":"css selector","value":"td"}
RESULT: {"using":"css selector","value":"td"}
COMMAND: POST /session/ae63ae861a600ce3e86dcf3ce68037e1/element/f.B604D285643F95EEE180589880A06EE9.d.1A242C3E4D1A74698E9A8AE069D64526.e.5309/elements - {"using":"css selector","value":"td"}
RESULT: {"using":"css selector","value":"td"}
COMMAND: POST /session/ae63ae861a600ce3e86dcf3ce68037e1/element/f.B604D285643F95EEE180589880A06EE9.d.1A242C3E4D1A74698E9A8AE069D64526.e.5310/elements - {"using":"css selector","value":"td"}
RESULT: {"using":"css selector","value":"td"}
COMMAND: POST /session/ae63ae861a600ce3e86dcf3ce68037e1/element/f.B604D285643F95EEE180589880A06EE9.d.1A242C3E4D1A74698E9A8AE069D64526.e.5315/elements - {"using":"css selector","value":"td"}
RESULT: {"using":"css selector","value":"td"}
COMMAND: POST /session/ae63ae861a600ce3e86dcf3ce68037e1/element/f.B604D285643F95EEE180589880A06EE9.d.1A242C3E4D1A74698E9A8AE069D64526.e.5316/elements - {"using":"css selector","value":"td"}
RESULT: {"using":"css selector","value":"td"}
COMMAND: POST /session/ae63ae861a600ce3e86dcf3ce68037e1/element/f.B604D285643F95EEE180589880A06EE9.d.1A242C3E4D1A74698E9A8AE069D64526.e.5321/elements - {"using":"css selector","value":"td"}
RESULT: {"using":"css selector","value":"td"}
COMMAND: POST /session/ae63ae861a600ce3e86dcf3ce68037e1/element/f.B604D285643F95EEE180589880A06EE9.d.1A242C3E4D1A74698E9A8AE069D64526.e.5395/elements - {"using":"css selector","value":"td"}
RESULT: {"using":"css selector","value":"td"}
COMMAND: POST /session/ae63ae861a600ce3e86dcf3ce68037e1/element/f.B604D285643F95EEE180589880A06EE9.d.1A242C3E4D1A74698E9A8AE069D64526.e.5396/elements - {"using":"css selector","value":"td"}
RESULT: {"using":"css selector","value":"td"}
COMMAND: POST /session/ae63ae861a600ce3e86dcf3ce68037e1/element/f.B604D285643F95EEE180589880A06EE9.d.1A242C3E4D1A74698E9A8AE069D64526.e.5397/elements - {"using":"css selector","value":"td"}
RESULT: {"using":"css selector","value":"td"}
COMMAND: POST /session/ae63ae861a600ce3e86dcf3ce68037e1/element/f.B604D285643F95EEE180589880A06EE9.d.1A242C3E4D1A74698E9A8AE069D64526.e.5398/elements - {"using":"css selector","value":"td"}
RESULT: {"using":"css selector","value":"td"}
COMMAND: POST /session/ae63ae861a600ce3e86dcf3ce68037e1/element/f.B604D285643F95EEE180589880A06EE9.d.1A242C3E4D1A74698E9A8AE069D64526.e.5399/elements - {"using":"css selector","value":"td"}
RESULT: {"using":"css selector","value":"td"}
COMMAND: POST /session/ae63ae861a600ce3e86dcf3ce68037e1/element/f.B604D285643F95EEE180589880A06EE9.d.1A242C3E4D1A74698E9A8AE069D64526.e.5400/elements - {"using":"css selector","value":"td"}
RESULT: {"using":"css selector","value":"td"}
COMMAND: POST /session/ae63ae861a600ce3e86dcf3ce68037e1/element/f.B604D285643F95EEE180589880A06EE9.d.1A242C3E4D1A74698E9A8AE069D64526.e.5401/elements - {"using":"css selector","value":"td"}
RESULT: {"using":"css selector","value":"td"}
COMMAND: POST /session/ae63ae861a600ce3e86dcf3ce68037e1/element/f.B604D285643F95EEE180589880A06EE9.d.1A242C3E4D1A74698E9A8AE069D64526.e.5402/elements - {"using":"css selector","value":"td"}
RESULT: {"using":"css selector","value":"td"}
COMMAND: POST /session/ae63ae861a600ce3e86dcf3ce68037e1/element/f.B604D285643F95EEE180589880A06EE9.d.1A242C3E4D1A74698E9A8AE069D64526.e.5403/elements - {"using":"css selector","value":"td"}
RESULT: {"using":"css selector","value":"td"}
COMMAND: POST /session/ae63ae861a600ce3e86dcf3ce68037e1/element/f.B604D285643F95EEE180589880A06EE9.d.1A242C3E4D1A74698E9A8AE069D64526.e.5404/elements - {"using":"css selector","value":"td"}
RESULT: {"using":"css selector","value":"td"}
COMMAND: POST /session/ae63ae861a600ce3e86dcf3ce68037e1/element/f.B604D285643F95EEE180589880A06EE9.d.1A242C3E4D1A74698E9A8AE069D64526.e.5405/elements - {"using":"css selector","value":"td"}
RESULT: {"using":"css selector","value":"td"}
COMMAND: POST /session/ae63ae861a600ce3e86dcf3ce68037e1/element/f.B604D285643F95EEE180589880A06EE9.d.1A242C3E4D1A74698E9A8AE069D64526.e.5406/elements - {"using":"css selector","value":"td"}
RESULT: {"using":"css selector","value":"td"}
COMMAND: POST /session/ae63ae861a600ce3e86dcf3ce68037e1/element/f.B604D285643F95EEE180589880A06EE9.d.1A242C3E4D1A74698E9A8AE069D64526.e.5407/elements - {"using":"css selector","value":"td"}
RESULT: {"using":"css selector","value":"td"}
COMMAND: POST /session/ae63ae861a600ce3e86dcf3ce68037e1/element/f.B604D285643F95EEE180589880A06EE9.d.1A242C3E4D1A74698E9A8AE069D64526.e.5408/elements - {"using":"css selector","value":"td"}
RESULT: {"using":"css selector","value":"td"}
COMMAND: POST /session/ae63ae861a600ce3e86dcf3ce68037e1/element/f.B604D285643F95EEE180589880A06EE9.d.1A242C3E4D1A74698E9A8AE069D64526.e.5409/elements - {"using":"css selector","value":"td"}
RESULT: {"using":"css selector","value":"td"}
COMMAND: POST /session/ae63ae861a600ce3e86dcf3ce68037e1/element/f.B604D285643F95EEE180589880A06EE9.d.1A242C3E4D1A74698E9A8AE069D64526.e.5410/elements - {"using":"css selector","value":"td"}
RESULT: {"using":"css selector","value":"td"}
COMMAND: POST /session/ae63ae861a600ce3e86dcf3ce68037e1/element/f.B604D285643F95EEE180589880A06EE9.d.1A242C3E4D1A74698E9A8AE069D64526.e.5411/elements - {"using":"css selector","value":"td"}
RESULT: {"using":"css selector","value":"td"}
COMMAND: POST /session/ae63ae861a600ce3e86dcf3ce68037e1/element/f.B604D285643F95EEE180589880A06EE9.d.1A242C3E4D1A74698E9A8AE069D64526.e.5412/elements - {"using":"css selector","value":"td"}
RESULT: {"using":"css selector","value":"td"}
COMMAND: POST /session/ae63ae861a600ce3e86dcf3ce68037e1/element/f.B604D285643F95EEE180589880A06EE9.d.1A242C3E4D1A74698E9A8AE069D64526.e.5413/elements - {"using":"css selector","value":"td"}
RESULT: {"using":"css selector","value":"td"}
COMMAND: POST /session/ae63ae861a600ce3e86dcf3ce68037e1/element/f.B604D285643F95EEE180589880A06EE9.d.1A242C3E4D1A74698E9A8AE069D64526.e.5414/elements - {"using":"css selector","value":"td"}
RESULT: {"using":"css selector","value":"td"}
COMMAND: POST /session/ae63ae861a600ce3e86dcf3ce68037e1/element/f.B604D285643F95EEE180589880A06EE9.d.1A242C3E4D1A74698E9A8AE069D64526.e.5415/elements - {"using":"css selector","value":"td"}
RESULT: {"using":"css selector","value":"td"}
COMMAND: POST /session/ae63ae861a600ce3e86dcf3ce68037e1/element/f.B604D285643F95EEE180589880A06EE9.d.1A242C3E4D1A74698E9A8AE069D64526.e.5416/elements - {"using":"css selector","value":"td"}
RESULT: {"using":"css selector","value":"td"}
COMMAND: POST /session/ae63ae861a600ce3e86dcf3ce68037e1/element/f.B604D285643F95EEE180589880A06EE9.d.1A242C3E4D1A74698E9A8AE069D64526.e.5417/elements - {"using":"css selector","value":"td"}
RESULT: {"using":"css selector","value":"td"}
COMMAND: POST /session/ae63ae861a600ce3e86dcf3ce68037e1/element/f.B604D285643F95EEE180589880A06EE9.d.1A242C3E4D1A74698E9A8AE069D64526.e.5418/elements - {"using":"css selector","value":"td"}
RESULT: {"using":"css selector","value":"td"}
COMMAND: POST /session/ae63ae861a600ce3e86dcf3ce68037e1/element/f.B604D285643F95EEE180589880A06EE9.d.1A242C3E4D1A74698E9A8AE069D64526.e.5419/elements - {"using":"css selector","value":"td"}
RESULT: {"using":"css selector","value":"td"}
COMMAND: POST /session/ae63ae861a600ce3e86dcf3ce68037e1/element/f.B604D285643F95EEE180589880A06EE9.d.1A242C3E4D1A74698E9A8AE069D64526.e.5420/elements - {"using":"css selector","value":"td"}
RESULT: {"using":"css selector","value":"td"}
COMMAND: POST /session/ae63ae861a600ce3e86dcf3ce68037e1/element/f.B604D285643F95EEE180589880A06EE9.d.1A242C3E4D1A74698E9A8AE069D64526.e.5421/elements - {"using":"css selector","value":"td"}
RESULT: {"using":"css selector","value":"td"}
COMMAND: POST /session/ae63ae861a600ce3e86dcf3ce68037e1/element/f.B604D285643F95EEE180589880A06EE9.d.1A242C3E4D1A74698E9A8AE069D64526.e.5422/elements - {"using":"css selector","value":"td"}
RESULT: {"using":"css selector","value":"td"}
COMMAND: POST /session/ae63ae861a600ce3e86dcf3ce68037e1/element/f.B604D285643F95EEE180589880A06EE9.d.1A242C3E4D1A74698E9A8AE069D64526.e.5423/elements - {"using":"css selector","value":"td"}
RESULT: {"using":"css selector","value":"td"}
COMMAND: POST /session/ae63ae861a600ce3e86dcf3ce68037e1/element/f.B604D285643F95EEE180589880A06EE9.d.1A242C3E4D1A74698E9A8AE069D64526.e.5424/elements - {"using":"css selector","value":"td"}
RESULT: {"using":"css selector","value":"td"}
COMMAND: POST /session/ae63ae861a600ce3e86dcf3ce68037e1/element/f.B604D285643F95EEE180589880A06EE9.d.1A242C3E4D1A74698E9A8AE069D64526.e.5425/elements - {"using":"css selector","value":"td"}
RESULT: {"using":"css selector","value":"td"}
COMMAND: POST /session/ae63ae861a600ce3e86dcf3ce68037e1/element/f.B604D285643F95EEE180589880A06EE9.d.1A242C3E4D1A74698E9A8AE069D64526.e.5426/elements - {"using":"css selector","value":"td"}
RESULT: {"using":"css selector","value":"td"}
COMMAND: POST /session/ae63ae861a600ce3e86dcf3ce68037e1/element/f.B604D285643F95EEE180589880A06EE9.d.1A242C3E4D1A74698E9A8AE069D64526.e.5427/elements - {"using":"css selector","value":"td"}
RESULT: {"using":"css selector","value":"td"}
COMMAND: POST /session/ae63ae861a600ce3e86dcf3ce68037e1/element/f.B604D285643F95EEE180589880A06EE9.d.1A242C3E4D1A74698E9A8AE069D64526.e.5428/elements - {"using":"css selector","value":"td"}
RESULT: {"using":"css selector","value":"td"}
COMMAND: POST /session/ae63ae861a600ce3e86dcf3ce68037e1/element/f.B604D285643F95EEE180589880A06EE9.d.1A242C3E4D1A74698E9A8AE069D64526.e.5429/elements - {"using":"css selector","value":"td"}
RESULT: {"using":"css selector","value":"td"}
COMMAND: POST /session/ae63ae861a600ce3e86dcf3ce68037e1/element/f.B604D285643F95EEE180589880A06EE9.d.1A242C3E4D1A74698E9A8AE069D64526.e.5430/elements - {"using":"css selector","value":"td"}
RESULT: {"using":"css selector","value":"td"}
COMMAND: POST /session/ae63ae861a600ce3e86dcf3ce68037e1/element/f.B604D285643F95EEE180589880A06EE9.d.1A242C3E4D1A74698E9A8AE069D64526.e.5431/elements - {"using":"css selector","value":"td"}
RESULT: {"using":"css selector","value":"td"}
COMMAND: POST /session/ae63ae861a600ce3e86dcf3ce68037e1/element/f.B604D285643F95EEE180589880A06EE9.d.1A242C3E4D1A74698E9A8AE069D64526.e.5432/elements - {"using":"css selector","value":"td"}
RESULT: {"using":"css selector","value":"td"}
COMMAND: POST /session/ae63ae861a600ce3e86dcf3ce68037e1/element/f.B604D285643F95EEE180589880A06EE9.d.1A242C3E4D1A74698E9A8AE069D64526.e.5433/elements - {"using":"css selector","value":"td"}
RESULT: {"using":"css selector","value":"td"}
COMMAND: POST /session/ae63ae861a600ce3e86dcf3ce68037e1/element/f.B604D285643F95EEE180589880A06EE9.d.1A242C3E4D1A74698E9A8AE069D64526.e.5434/elements - {"using":"css selector","value":"td"}
RESULT: {"using":"css selector","value":"td"}
COMMAND: POST /session/ae63ae861a600ce3e86dcf3ce68037e1/element/f.B604D285643F95EEE180589880A06EE9.d.1A242C3E4D1A74698E9A8AE069D64526.e.5435/elements - {"using":"css selector","value":"td"}
RESULT: {"using":"css selector","value":"td"}
COMMAND: POST /session/ae63ae861a600ce3e86dcf3ce68037e1/element/f.B604D285643F95EEE180589880A06EE9.d.1A242C3E4D1A74698E9A8AE069D64526.e.5436/elements - {"using":"css selector","value":"td"}
RESULT: {"using":"css selector","value":"td"}
COMMAND: POST /session/ae63ae861a600ce3e86dcf3ce68037e1/element/f.B604D285643F95EEE180589880A06EE9.d.1A242C3E4D1A74698E9A8AE069D64526.e.5437/elements - {"using":"css selector","value":"td"}
RESULT: {"using":"css selector","value":"td"}
COMMAND: POST /session/ae63ae861a600ce3e86dcf3ce68037e1/element/f.B604D285643F95EEE180589880A06EE9.d.1A242C3E4D1A74698E9A8AE069D64526.e.5438/elements - {"using":"css selector","value":"td"}
RESULT: {"using":"css selector","value":"td"}
COMMAND: POST /session/ae63ae861a600ce3e86dcf3ce68037e1/element/f.B604D285643F95EEE180589880A06EE9.d.1A242C3E4D1A74698E9A8AE069D64526.e.5439/elements - {"using":"css selector","value":"td"}
RESULT: {"using":"css selector","value":"td"}
COMMAND: POST /session/ae63ae861a600ce3e86dcf3ce68037e1/element/f.B604D285643F95EEE180589880A06EE9.d.1A242C3E4D1A74698E9A8AE069D64526.e.5440/elements - {"using":"css selector","value":"td"}
RESULT: {"using":"css selector","value":"td"}
COMMAND: POST /session/ae63ae861a600ce3e86dcf3ce68037e1/element/f.B604D285643F95EEE180589880A06EE9.d.1A242C3E4D1A74698E9A8AE069D64526.e.5441/elements - {"using":"css selector","value":"td"}
RESULT: {"using":"css selector","value":"td"}
COMMAND: POST /session/ae63ae861a600ce3e86dcf3ce68037e1/element/f.B604D285643F95EEE180589880A06EE9.d.1A242C3E4D1A74698E9A8AE069D64526.e.5442/elements - {"using":"css selector","value":"td"}
RESULT: {"using":"css selector","value":"td"}
COMMAND: POST /session/ae63ae861a600ce3e86dcf3ce68037e1/element/f.B604D285643F95EEE180589880A06EE9.d.1A242C3E4D1A74698E9A8AE069D64526.e.5443/elements - {"using":"css selector","value":"td"}
RESULT: {"using":"css selector","value":"td"}
COMMAND: POST /session/ae63ae861a600ce3e86dcf3ce68037e1/element/f.B604D285643F95EEE180589880A06EE9.d.1A242C3E4D1A74698E9A8AE069D64526.e.5444/elements - {"using":"css selector","value":"td"}
RESULT: {"using":"css selector","value":"td"}
COMMAND: POST /session/ae63ae861a600ce3e86dcf3ce68037e1/element/f.B604D285643F95EEE180589880A06EE9.d.1A242C3E4D1A74698E9A8AE069D64526.e.5445/elements - {"using":"css selector","value":"td"}
RESULT: {"using":"css selector","value":"td"}
COMMAND: POST /session/ae63ae861a600ce3e86dcf3ce68037e1/element/f.B604D285643F95EEE180589880A06EE9.d.1A242C3E4D1A74698E9A8AE069D64526.e.5446/elements - {"using":"css selector","value":"td"}
RESULT: {"using":"css selector","value":"td"}
COMMAND: POST /session/ae63ae861a600ce3e86dcf3ce68037e1/element/f.B604D285643F95EEE180589880A06EE9.d.1A242C3E4D1A74698E9A8AE069D64526.e.5447/elements - {"using":"css selector","value":"td"}
RESULT: {"using":"css selector","value":"td"}
COMMAND: POST /session/ae63ae861a600ce3e86dcf3ce68037e1/element/f.B604D285643F95EEE180589880A06EE9.d.1A242C3E4D1A74698E9A8AE069D64526.e.5448/elements - {"using":"css selector","value":"td"}
RESULT: {"using":"css selector","value":"td"}
COMMAND: POST /session/ae63ae861a600ce3e86dcf3ce68037e1/element/f.B604D285643F95EEE180589880A06EE9.d.1A242C3E4D1A74698E9A8AE069D64526.e.5449/elements - {"using":"css selector","value":"td"}
RESULT: {"using":"css selector","value":"td"}
COMMAND: POST /session/ae63ae861a600ce3e86dcf3ce68037e1/element/f.B604D285643F95EEE180589880A06EE9.d.1A242C3E4D1A74698E9A8AE069D64526.e.5450/elements - {"using":"css selector","value":"td"}
RESULT: {"using":"css selector","value":"td"}
COMMAND: POST /session/ae63ae861a600ce3e86dcf3ce68037e1/element/f.B604D285643F95EEE180589880A06EE9.d.1A242C3E4D1A74698E9A8AE069D64526.e.5451/elements - {"using":"css selector","value":"td"}
RESULT: {"using":"css selector","value":"td"}
COMMAND: POST /session/ae63ae861a600ce3e86dcf3ce68037e1/element/f.B604D285643F95EEE180589880A06EE9.d.1A242C3E4D1A74698E9A8AE069D64526.e.5452/elements - {"using":"css selector","value":"td"}
RESULT: {"using":"css selector","value":"td"}
COMMAND: POST /session/ae63ae861a600ce3e86dcf3ce68037e1/element/f.B604D285643F95EEE180589880A06EE9.d.1A242C3E4D1A74698E9A8AE069D64526.e.5453/elements - {"using":"css selector","value":"td"}
RESULT: {"using":"css selector","value":"td"}
COMMAND: POST /session/ae63ae861a600ce3e86dcf3ce68037e1/element/f.B604D285643F95EEE180589880A06EE9.d.1A242C3E4D1A74698E9A8AE069D64526.e.5454/elements - {"using":"css selector","value":"td"}
RESULT: {"using":"css selector","value":"td"}
COMMAND: POST /session/ae63ae861a600ce3e86dcf3ce68037e1/element/f.B604D285643F95EEE180589880A06EE9.d.1A242C3E4D1A74698E9A8AE069D64526.e.5455/elements - {"using":"css selector","value":"td"}
RESULT: {"using":"css selector","value":"td"}
COMMAND: POST /session/ae63ae861a600ce3e86dcf3ce68037e1/element/f.B604D285643F95EEE180589880A06EE9.d.1A242C3E4D1A74698E9A8AE069D64526.e.5456/elements - {"using":"css selector","value":"td"}
RESULT: {"using":"css selector","value":"td"}
COMMAND: POST /session/ae63ae861a600ce3e86dcf3ce68037e1/element/f.B604D285643F95EEE180589880A06EE9.d.1A242C3E4D1A74698E9A8AE069D64526.e.5457/elements - {"using":"css selector","value":"td"}
RESULT: {"using":"css selector","value":"td"}
COMMAND: POST /session/ae63ae861a600ce3e86dcf3ce68037e1/element/f.B604D285643F95EEE180589880A06EE9.d.1A242C3E4D1A74698E9A8AE069D64526.e.5458/elements - {"using":"css selector","value":"td"}
RESULT: {"using":"css selector","value":"td"}
COMMAND: POST /session/ae63ae861a600ce3e86dcf3ce68037e1/element/f.B604D285643F95EEE180589880A06EE9.d.1A242C3E4D1A74698E9A8AE069D64526.e.5459/elements - {"using":"css selector","value":"td"}
RESULT: {"using":"css selector","value":"td"}
COMMAND: POST /session/ae63ae861a600ce3e86dcf3ce68037e1/element/f.B604D285643F95EEE180589880A06EE9.d.1A242C3E4D1A74698E9A8AE069D64526.e.5460/elements - {"using":"css selector","value":"td"}
RESULT: {"using":"css selector","value":"td"}
COMMAND: POST /session/ae63ae861a600ce3e86dcf3ce68037e1/element/f.B604D285643F95EEE180589880A06EE9.d.1A242C3E4D1A74698E9A8AE069D64526.e.5461/elements - {"using":"css selector","value":"td"}
RESULT: {"using":"css selector","value":"td"}
COMMAND: POST /session/ae63ae861a600ce3e86dcf3ce68037e1/element/f.B604D285643F95EEE180589880A06EE9.d.1A242C3E4D1A74698E9A8AE069D64526.e.5462/elements - {"using":"css selector","value":"td"}
RESULT: {"using":"css selector","value":"td"}
COMMAND: POST /session/ae63ae861a600ce3e86dcf3ce68037e1/element/f.B604D285643F95EEE180589880A06EE9.d.1A242C3E4D1A74698E9A8AE069D64526.e.5463/elements - {"using":"css selector","value":"td"}
RESULT: {"using":"css selector","value":"td"}
COMMAND: POST /session/ae63ae861a600ce3e86dcf3ce68037e1/element/f.B604D285643F95EEE180589880A06EE9.d.1A242C3E4D1A74698E9A8AE069D64526.e.5464/elements - {"using":"css selector","value":"td"}
RESULT: {"using":"css selector","value":"td"}
COMMAND: POST /session/ae63ae861a600ce3e86dcf3ce68037e1/element/f.B604D285643F95EEE180589880A06EE9.d.1A242C3E4D1A74698E9A8AE069D64526.e.5465/elements - {"using":"css selector","value":"td"}
RESULT: {"using":"css selector","value":"td"}
COMMAND: POST /session/ae63ae861a600ce3e86dcf3ce68037e1/element/f.B604D285643F95EEE180589880A06EE9.d.1A242C3E4D1A74698E9A8AE069D64526.e.5466/elements - {"using":"css selector","value":"td"}
RESULT: {"using":"css selector","value":"td"}
COMMAND: POST /session/ae63ae861a600ce3e86dcf3ce68037e1/element/f.B604D285643F95EEE180589880A06EE9.d.1A242C3E4D1A74698E9A8AE069D64526.e.5467/elements - {"using":"css selector","value":"td"}
RESULT: {"using":"css selector","value":"td"}
COMMAND: POST /session/ae63ae861a600ce3e86dcf3ce68037e1/element/f.B604D285643F95EEE180589880A06EE9.d.1A242C3E4D1A74698E9A8AE069D64526.e.5468/elements - {"using":"css selector","value":"td"}
RESULT: {"using":"css selector","value":"td"}
COMMAND: POST /session/ae63ae861a600ce3e86dcf3ce68037e1/element/f.B604D285643F95EEE180589880A06EE9.d.1A242C3E4D1A74698E9A8AE069D64526.e.5469/elements - {"using":"css selector","value":"td"}
RESULT: {"using":"css selector","value":"td"}
COMMAND: POST /session/ae63ae861a600ce3e86dcf3ce68037e1/element/f.B604D285643F95EEE180589880A06EE9.d.1A242C3E4D1A74698E9A8AE069D64526.e.5470/elements - {"using":"css selector","value":"td"}
RESULT: {"using":"css selector","value":"td"}
COMMAND: POST /session/ae63ae861a600ce3e86dcf3ce68037e1/element/f.B604D285643F95EEE180589880A06EE9.d.1A242C3E4D1A74698E9A8AE069D64526.e.5471/elements - {"using":"css selector","value":"td"}
RESULT: {"using":"css selector","value":"td"}
COMMAND: POST /session/ae63ae861a600ce3e86dcf3ce68037e1/element/f.B604D285643F95EEE180589880A06EE9.d.1A242C3E4D1A74698E9A8AE069D64526.e.5472/elements - {"using":"css selector","value":"td"}
RESULT: {"using":"css selector","value":"td"}
COMMAND: POST /session/ae63ae861a600ce3e86dcf3ce68037e1/element/f.B604D285643F95EEE180589880A06EE9.d.1A242C3E4D1A74698E9A8AE069D64526.e.5473/elements - {"using":"css selector","value":"td"}
RESULT: {"using":"css selector","value":"td"}
COMMAND: POST /session/ae63ae861a600ce3e86dcf3ce68037e1/element/f.B604D285643F95EEE180589880A06EE9.d.1A242C3E4D1A74698E9A8AE069D64526.e.5474/elements - {"using":"css selector","value":"td"}
RESULT: {"using":"css selector","value":"td"}
COMMAND: POST /session/ae63ae861a600ce3e86dcf3ce68037e1/element/f.B604D285643F95EEE180589880A06EE9.d.1A242C3E4D1A74698E9A8AE069D64526.e.5475/elements - {"using":"css selector","value":"td"}
RESULT: {"using":"css selector","value":"td"}
COMMAND: POST /session/ae63ae861a600ce3e86dcf3ce68037e1/element/f.B604D285643F95EEE180589880A06EE9.d.1A242C3E4D1A74698E9A8AE069D64526.e.5476/elements - {"using":"css selector","value":"td"}
RESULT: {"using":"css selector","value":"td"}
COMMAND: POST /session/ae63ae861a600ce3e86dcf3ce68037e1/element/f.B604D285643F95EEE180589880A06EE9.d.1A242C3E4D1A74698E9A8AE069D64526.e.5477/elements - {"using":"css selector","value":"td"}
RESULT: {"using":"css selector","value":"td"}
COMMAND: POST /session/ae63ae861a600ce3e86dcf3ce68037e1/element/f.B604D285643F95EEE180589880A06EE9.d.1A242C3E4D1A74698E9A8AE069D64526.e.5478/elements - {"using":"css selector","value":"td"}
RESULT: {"using":"css selector","value":"td"}
COMMAND: POST /session/ae63ae861a600ce3e86dcf3ce68037e1/element/f.B604D285643F95EEE180589880A06EE9.d.1A242C3E4D1A74698E9A8AE069D64526.e.5479/elements - {"using":"css selector","value":"td"}
RESULT: {"using":"css selector","value":"td"}
COMMAND: POST /session/ae63ae861a600ce3e86dcf3ce68037e1/element/f.B604D285643F95EEE180589880A06EE9.d.1A242C3E4D1A74698E9A8AE069D64526.e.5480/elements - {"using":"css selector","value":"td"}
RESULT: {"using":"css selector","value":"td"}
COMMAND: POST /session/ae63ae861a600ce3e86dcf3ce68037e1/element/f.B604D285643F95EEE180589880A06EE9.d.1A242C3E4D1A74698E9A8AE069D64526.e.5481/elements - {"using":"css selector","value":"td"}
RESULT: {"using":"css selector","value":"td"}
COMMAND: POST /session/ae63ae861a600ce3e86dcf3ce68037e1/element/f.B604D285643F95EEE180589880A06EE9.d.1A242C3E4D1A74698E9A8AE069D64526.e.5482/elements - {"using":"css selector","value":"td"}
RESULT: {"using":"css selector","value":"td"}
COMMAND: POST /session/ae63ae861a600ce3e86dcf3ce68037e1/element/f.B604D285643F95EEE180589880A06EE9.d.1A242C3E4D1A74698E9A8AE069D64526.e.5483/elements - {"using":"css selector","value":"td"}
RESULT: {"using":"css selector","value":"td"}
COMMAND: POST /session/ae63ae861a600ce3e86dcf3ce68037e1/element/f.B604D285643F95EEE180589880A06EE9.d.1A242C3E4D1A74698E9A8AE069D64526.e.5484/elements - {"using":"css selector","value":"td"}
RESULT: {"using":"css selector","value":"td"}
COMMAND: POST /session/ae63ae861a600ce3e86dcf3ce68037e1/element/f.B604D285643F95EEE180589880A06EE9.d.1A242C3E4D1A74698E9A8AE069D64526.e.5485/elements - {"using":"css selector","value":"td"}
RESULT: {"using":"css selector","value":"td"}
COMMAND: POST /session/ae63ae861a600ce3e86dcf3ce68037e1/element/f.B604D285643F95EEE180589880A06EE9.d.1A242C3E4D1A74698E9A8AE069D64526.e.5486/elements - {"using":"css selector","value":"td"}
RESULT: {"using":"css selector","value":"td"}
COMMAND: POST /session/ae63ae861a600ce3e86dcf3ce68037e1/element/f.B604D285643F95EEE180589880A06EE9.d.1A242C3E4D1A74698E9A8AE069D64526.e.5487/elements - {"using":"css selector","value":"td"}
RESULT: {"using":"css selector","value":"td"}
COMMAND: POST /session/ae63ae861a600ce3e86dcf3ce68037e1/element/f.B604D285643F95EEE180589880A06EE9.d.1A242C3E4D1A74698E9A8AE069D64526.e.5488/elements - {"using":"css selector","value":"td"}
RESULT: {"using":"css selector","value":"td"}
COMMAND: POST /session/ae63ae861a600ce3e86dcf3ce68037e1/element/f.B604D285643F95EEE180589880A06EE9.d.1A242C3E4D1A74698E9A8AE069D64526.e.5489/elements - {"using":"css selector","value":"td"}
RESULT: {"using":"css selector","value":"td"}
COMMAND: POST /session/ae63ae861a600ce3e86dcf3ce68037e1/element/f.B604D285643F95EEE180589880A06EE9.d.1A242C3E4D1A74698E9A8AE069D64526.e.5490/elements - {"using":"css selector","value":"td"}
RESULT: {"using":"css selector","value":"td"}
COMMAND: POST /session/ae63ae861a600ce3e86dcf3ce68037e1/element/f.B604D285643F95EEE180589880A06EE9.d.1A242C3E4D1A74698E9A8AE069D64526.e.5491/elements - {"using":"css selector","value":"td"}
RESULT: {"using":"css selector","value":"td"}
COMMAND: POST /session/ae63ae861a600ce3e86dcf3ce68037e1/element/f.B604D285643F95EEE180589880A06EE9.d.1A242C3E4D1A74698E9A8AE069D64526.e.5492/elements - {"using":"css selector","value":"td"}
RESULT: {"using":"css selector","value":"td"}
COMMAND: POST /session/ae63ae861a600ce3e86dcf3ce68037e1/element/f.B604D285643F95EEE180589880A06EE9.d.1A242C3E4D1A74698E9A8AE069D64526.e.5493/elements - {"using":"css selector","value":"td"}
RESULT: {"using":"css selector","value":"td"}
COMMAND: POST /session/ae63ae861a600ce3e86dcf3ce68037e1/element/f.B604D285643F95EEE180589880A06EE9.d.1A242C3E4D1A74698E9A8AE069D64526.e.5494/elements - {"using":"css selector","value":"td"}
RESULT: {"using":"css selector","value":"td"}
COMMAND: POST /session/ae63ae861a600ce3e86dcf3ce68037e1/element/f.B604D285643F95EEE180589880A06EE9.d.1A242C3E4D1A74698E9A8AE069D64526.e.5495/elements - {"using":"css selector","value":"td"}
RESULT: {"using":"css selector","value":"td"}
COMMAND: POST /session/ae63ae861a600ce3e86dcf3ce68037e1/element/f.B604D285643F95EEE180589880A06EE9.d.1A242C3E4D1A74698E9A8AE069D64526.e.5496/elements - {"using":"css selector","value":"td"}
RESULT: {"using":"css selector","value":"td"}
COMMAND: POST /session/ae63ae861a600ce3e86dcf3ce68037e1/element/f.B604D285643F95EEE180589880A06EE9.d.1A242C3E4D1A74698E9A8AE069D64526.e.5497/elements - {"using":"css selector","value":"td"}
RESULT: {"using":"css selector","value":"td"}
COMMAND: POST /session/ae63ae861a600ce3e86dcf3ce68037e1/element/f.B604D285643F95EEE180589880A06EE9.d.1A242C3E4D1A74698E9A8AE069D64526.e.5498/elements - {"using":"css selector","value":"td"}
RESULT: {"using":"css selector","value":"td"}
COMMAND: POST /session/ae63ae861a600ce3e86dcf3ce68037e1/element/f.B604D285643F95EEE180589880A06EE9.d.1A242C3E4D1A74698E9A8AE069D64526.e.5499/elements - {"using":"css selector","value":"td"}
RESULT: {"using":"css selector","value":"td"}
COMMAND: POST /session/ae63ae861a600ce3e86dcf3ce68037e1/element/f.B604D285643F95EEE180589880A06EE9.d.1A242C3E4D1A74698E9A8AE069D64526.e.5500/elements - {"using":"css selector","value":"td"}
RESULT: {"using":"css selector","value":"td"}
COMMAND: POST /session/ae63ae861a600ce3e86dcf3ce68037e1/element/f.B604D285643F95EEE180589880A06EE9.d.1A242C3E4D1A74698E9A8AE069D64526.e.5501/elements - {"using":"css selector","value":"td"}
RESULT: {"using":"css selector","value":"td"}
COMMAND: POST /session/ae63ae861a600ce3e86dcf3ce68037e1/element/f.B604D285643F95EEE180589880A06EE9.d.1A242C3E4D1A74698E9A8AE069D64526.e.5502/elements - {"using":"css selector","value":"td"}
RESULT: {"using":"css selector","value":"td"}
COMMAND: POST /session/ae63ae861a600ce3e86dcf3ce68037e1/element/f.B604D285643F95EEE180589880A06EE9.d.1A242C3E4D1A74698E9A8AE069D64526.e.5503/elements - {"using":"css selector","value":"td"}
RESULT: {"using":"css selector","value":"td"}
COMMAND: POST /session/ae63ae861a600ce3e86dcf3ce68037e1/element/f.B604D285643F95EEE180589880A06EE9.d.1A242C3E4D1A74698E9A8AE069D64526.e.5504/elements - {"using":"css selector","value":"td"}
RESULT: {"using":"css selector","value":"td"}
COMMAND: POST /session/ae63ae861a600ce3e86dcf3ce68037e1/element/f.B604D285643F95EEE180589880A06EE9.d.1A242C3E4D1A74698E9A8AE069D64526.e.5505/elements - {"using":"css selector","value":"td"}
RESULT: {"using":"css selector","value":"td"}
COMMAND: POST /session/ae63ae861a600ce3e86dcf3ce68037e1/element/f.B604D285643F95EEE180589880A06EE9.d.1A242C3E4D1A74698E9A8AE069D64526.e.5506/elements - {"using":"css selector","value":"td"}
RESULT: {"using":"css selector","value":"td"}
COMMAND: POST /session/ae63ae861a600ce3e86dcf3ce68037e1/element/f.B604D285643F95EEE180589880A06EE9.d.1A242C3E4D1A74698E9A8AE069D64526.e.5507/elements - {"using":"css selector","value":"td"}
RESULT: {"using":"css selector","value":"td"}
COMMAND: POST /session/ae63ae861a600ce3e86dcf3ce68037e1/element/f.B604D285643F95EEE180589880A06EE9.d.1A242C3E4D1A74698E9A8AE069D64526.e.5508/elements - {"using":"css selector","value":"td"}
RESULT: {"using":"css selector","value":"td"}
COMMAND: POST /session/ae63ae861a600ce3e86dcf3ce68037e1/element/f.B604D285643F95EEE180589880A06EE9.d.1A242C3E4D1A74698E9A8AE069D64526.e.5509/elements - {"using":"css selector","value":"td"}
RESULT: {"using":"css selector","value":"td"}
COMMAND: POST /session/ae63ae861a600ce3e86dcf3ce68037e1/element/f.B604D285643F95EEE180589880A06EE9.d.1A242C3E4D1A74698E9A8AE069D64526.e.5510/elements - {"using":"css selector","value":"td"}
RESULT: {"using":"css selector","value":"td"}
COMMAND: POST /session/ae63ae861a600ce3e86dcf3ce68037e1/element/f.B604D285643F95EEE180589880A06EE9.d.1A242C3E4D1A74698E9A8AE069D64526.e.5511/elements - {"using":"css selector","value":"td"}
RESULT: {"using":"css selector","value":"td"}
COMMAND: POST /session/ae63ae861a600ce3e86dcf3ce68037e1/element/f.B604D285643F95EEE180589880A06EE9.d.1A242C3E4D1A74698E9A8AE069D64526.e.5512/elements - {"using":"css selector","value":"td"}
RESULT: {"using":"css selector","value":"td"}
COMMAND: POST /session/ae63ae861a600ce3e86dcf3ce68037e1/element/f.B604D285643F95EEE180589880A06EE9.d.1A242C3E4D1A74698E9A8AE069D64526.e.5513/elements - {"using":"css selector","value":"td"}
RESULT: {"using":"css selector","value":"td"}
COMMAND: POST /session/ae63ae861a600ce3e86dcf3ce68037e1/element/f.B604D285643F95EEE180589880A06EE9.d.1A242C3E4D1A74698E9A8AE069D64526.e.5514/elements - {"using":"css selector","value":"td"}
RESULT: {"using":"css selector","value":"td"}
COMMAND: POST /session/ae63ae861a600ce3e86dcf3ce68037e1/element/f.B604D285643F95EEE180589880A06EE9.d.1A242C3E4D1A74698E9A8AE069D64526.e.6129/element - {"using":"css selector","value":"input"}
RESULT: {"using":"css selector","value":"input"}
COMMAND: GET /session/ae63ae861a600ce3e86dcf3ce68037e1/element/f.B604D285643F95EEE180589880A06EE9.d.1A242C3E4D1A74698E9A8AE069D64526.e.5355/property/value - {}
RESULT: {}
COMMAND: POST /session/ae63ae861a600ce3e86dcf3ce68037e1/element/f.B604D285643F95EEE180589880A06EE9.d.1A242C3E4D1A74698E9A8AE069D64526.e.5514/element - {"using":"css selector","value":".sapMCbBg"}
COMMAND: GET /session/ae63ae861a600ce3e86dcf3ce68037e1/screenshot - {}
RESULT: {"using":"css selector","value":".sapMCbBg"}
COMMAND: GET /session/ae63ae861a600ce3e86dcf3ce68037e1/element/f.B604D285643F95EEE180589880A06EE9.d.1A242C3E4D1A74698E9A8AE069D64526.e.6134/selected - {}
RESULT: {}
RESULT: {}
COMMAND: POST /session/ae63ae861a600ce3e86dcf3ce68037e1/element/f.B604D285643F95EEE180589880A06EE9.d.1A242C3E4D1A74698E9A8AE069D64526.e.6134/click - {}
COMMAND: GET /session/ae63ae861a600ce3e86dcf3ce68037e1/screenshot - {}
RESULT: {}
COMMAND: POST /session/ae63ae861a600ce3e86dcf3ce68037e1/element/f.B604D285643F95EEE180589880A06EE9.d.1A242C3E4D1A74698E9A8AE069D64526.e.5515/elements - {"using":"css selector","value":"td"}
COMMAND: GET /session/ae63ae861a600ce3e86dcf3ce68037e1/screenshot - {}
RESULT: {}
RESULT: {"using":"css selector","value":"td"}
COMMAND: POST /session/ae63ae861a600ce3e86dcf3ce68037e1/element/f.B604D285643F95EEE180589880A06EE9.d.1A242C3E4D1A74698E9A8AE069D64526.e.6140/element - {"using":"css selector","value":"input"}
RESULT: {}
RESULT: {"using":"css selector","value":"input"}
COMMAND: GET /session/ae63ae861a600ce3e86dcf3ce68037e1/element/f.B604D285643F95EEE180589880A06EE9.d.1A242C3E4D1A74698E9A8AE069D64526.e.5360/property/value - {}
RESULT: {}
COMMAND: POST /session/ae63ae861a600ce3e86dcf3ce68037e1/element/f.B604D285643F95EEE180589880A06EE9.d.1A242C3E4D1A74698E9A8AE069D64526.e.5515/element - {"using":"css selector","value":".sapMCbBg"}
COMMAND: GET /session/ae63ae861a600ce3e86dcf3ce68037e1/screenshot - {}
RESULT: {"using":"css selector","value":".sapMCbBg"}
COMMAND: GET /session/ae63ae861a600ce3e86dcf3ce68037e1/element/f.B604D285643F95EEE180589880A06EE9.d.1A242C3E4D1A74698E9A8AE069D64526.e.6145/selected - {}
RESULT: {}
RESULT: {}
COMMAND: POST /session/ae63ae861a600ce3e86dcf3ce68037e1/element/f.B604D285643F95EEE180589880A06EE9.d.1A242C3E4D1A74698E9A8AE069D64526.e.6145/click - {}
COMMAND: GET /session/ae63ae861a600ce3e86dcf3ce68037e1/screenshot - {}
RESULT: {}
COMMAND: POST /session/ae63ae861a600ce3e86dcf3ce68037e1/element/f.B604D285643F95EEE180589880A06EE9.d.1A242C3E4D1A74698E9A8AE069D64526.e.5516/elements - {"using":"css selector","value":"td"}
COMMAND: GET /session/ae63ae861a600ce3e86dcf3ce68037e1/screenshot - {}
RESULT: {}
RESULT: {"using":"css selector","value":"td"}
COMMAND: POST /session/ae63ae861a600ce3e86dcf3ce68037e1/element/f.B604D285643F95EEE180589880A06EE9.d.1A242C3E4D1A74698E9A8AE069D64526.e.5538/element - {"using":"css selector","value":"input"}
RESULT: {}
RESULT: {"using":"css selector","value":"input"}
COMMAND: GET /session/ae63ae861a600ce3e86dcf3ce68037e1/element/f.B604D285643F95EEE180589880A06EE9.d.1A242C3E4D1A74698E9A8AE069D64526.e.5521/property/value - {}
RESULT: {}
COMMAND: POST /session/ae63ae861a600ce3e86dcf3ce68037e1/element/f.B604D285643F95EEE180589880A06EE9.d.1A242C3E4D1A74698E9A8AE069D64526.e.5516/element - {"using":"css selector","value":".sapMCbBg"}
COMMAND: GET /session/ae63ae861a600ce3e86dcf3ce68037e1/screenshot - {}
RESULT: {"using":"css selector","value":".sapMCbBg"}
COMMAND: GET /session/ae63ae861a600ce3e86dcf3ce68037e1/element/f.B604D285643F95EEE180589880A06EE9.d.1A242C3E4D1A74698E9A8AE069D64526.e.6150/selected - {}
RESULT: {}
RESULT: {}
COMMAND: POST /session/ae63ae861a600ce3e86dcf3ce68037e1/element/f.B604D285643F95EEE180589880A06EE9.d.1A242C3E4D1A74698E9A8AE069D64526.e.6150/click - {}
COMMAND: GET /session/ae63ae861a600ce3e86dcf3ce68037e1/screenshot - {}
RESULT: {}
COMMAND: POST /session/ae63ae861a600ce3e86dcf3ce68037e1/element/f.B604D285643F95EEE180589880A06EE9.d.1A242C3E4D1A74698E9A8AE069D64526.e.5549/elements - {"using":"css selector","value":"td"}
COMMAND: GET /session/ae63ae861a600ce3e86dcf3ce68037e1/screenshot - {}
RESULT: {}
RESULT: {"using":"css selector","value":"td"}
COMMAND: POST /session/ae63ae861a600ce3e86dcf3ce68037e1/element/f.B604D285643F95EEE180589880A06EE9.d.1A242C3E4D1A74698E9A8AE069D64526.e.5572/element - {"using":"css selector","value":"input"}
RESULT: {}
RESULT: {"using":"css selector","value":"input"}
COMMAND: GET /session/ae63ae861a600ce3e86dcf3ce68037e1/element/f.B604D285643F95EEE180589880A06EE9.d.1A242C3E4D1A74698E9A8AE069D64526.e.5554/property/value - {}
RESULT: {}
COMMAND: POST /session/ae63ae861a600ce3e86dcf3ce68037e1/element/f.B604D285643F95EEE180589880A06EE9.d.1A242C3E4D1A74698E9A8AE069D64526.e.5549/element - {"using":"css selector","value":".sapMCbBg"}
COMMAND: GET /session/ae63ae861a600ce3e86dcf3ce68037e1/screenshot - {}
RESULT: {"using":"css selector","value":".sapMCbBg"}
COMMAND: GET /session/ae63ae861a600ce3e86dcf3ce68037e1/element/f.B604D285643F95EEE180589880A06EE9.d.1A242C3E4D1A74698E9A8AE069D64526.e.6154/selected - {}
RESULT: {}
RESULT: {}
COMMAND: POST /session/ae63ae861a600ce3e86dcf3ce68037e1/element/f.B604D285643F95EEE180589880A06EE9.d.1A242C3E4D1A74698E9A8AE069D64526.e.6154/click - {}
COMMAND: GET /session/ae63ae861a600ce3e86dcf3ce68037e1/screenshot - {}
RESULT: {}
COMMAND: GET /session/ae63ae861a600ce3e86dcf3ce68037e1/screenshot - {}
RESULT: {}
RESULT: {}
COMMAND: POST /session/ae63ae861a600ce3e86dcf3ce68037e1/execute/async - {"script":"<script> [1562 bytes]","args":[{"selector":{"id":"application-manageconditionprice-display-component---dailyPrices--deleteBtn","interaction":{"idSuffix":"content"}},"wdio_ui5_key":"applicationmanageconditionprice-display-component---dailyPrices--deleteBtn"}]}
RESULT: {"script":"<script> [1562 bytes]","args":[{"selector":{"id":"application-manageconditionprice-display-component---dailyPrices--deleteBtn","interaction":{"idSuffix":"content"}},"wdio_ui5_key":"applicationmanageconditionprice-display-component---dailyPrices--deleteBtn"}]}
RESULT: undefined
COMMAND: POST /session/ae63ae861a600ce3e86dcf3ce68037e1/element - {"using":"xpath","value":"//*[@id=\"application-manageconditionprice-display-component---dailyPrices--deleteBtn\"]"}
RESULT: {"using":"xpath","value":"//*[@id=\"application-manageconditionprice-display-component---dailyPrices--deleteBtn\"]"}
COMMAND: POST /session/ae63ae861a600ce3e86dcf3ce68037e1/element/f.B604D285643F95EEE180589880A06EE9.d.1A242C3E4D1A74698E9A8AE069D64526.e.6156/click - {}
RESULT: {}
COMMAND: POST /session/ae63ae861a600ce3e86dcf3ce68037e1/execute/async - {"script":"<script> [1562 bytes]","args":[{"selector":{"controlType":"sap.m.Button","properties":{"text":"OK"},"searchOpenDialogs":true,"interaction":{"idSuffix":"BDI-content"}},"wdio_ui5_key":"sapm.Button{\"text\":\"OK\"}"}]}
COMMAND: GET /session/ae63ae861a600ce3e86dcf3ce68037e1/screenshot - {}
RESULT: {"script":"<script> [1562 bytes]","args":[{"selector":{"controlType":"sap.m.Button","properties":{"text":"OK"},"searchOpenDialogs":true,"interaction":{"idSuffix":"BDI-content"}},"wdio_ui5_key":"sapm.Button{\"text\":\"OK\"}"}]}
RESULT: undefined
COMMAND: POST /session/ae63ae861a600ce3e86dcf3ce68037e1/element - {"using":"xpath","value":"//*[@id=\"__mbox-btn-0\"]"}
RESULT: {}
RESULT: {"using":"xpath","value":"//*[@id=\"__mbox-btn-0\"]"}
COMMAND: POST /session/ae63ae861a600ce3e86dcf3ce68037e1/element/f.B604D285643F95EEE180589880A06EE9.d.1A242C3E4D1A74698E9A8AE069D64526.e.6157/click - {}
RESULT: {}
COMMAND: GET /session/ae63ae861a600ce3e86dcf3ce68037e1/screenshot - {}
RESULT: {}
RESULT: undefined
COMMAND: POST /session/ae63ae861a600ce3e86dcf3ce68037e1/element - {"using":"xpath","value":"//*[@id=\"__button115\"]"}
RESULT: {"using":"xpath","value":"//*[@id=\"__button115\"]"}
COMMAND: POST /session/ae63ae861a600ce3e86dcf3ce68037e1/element/f.B604D285643F95EEE180589880A06EE9.d.1A242C3E4D1A74698E9A8AE069D64526.e.5613/click - {}
RESULT: {}
COMMAND: GET /session/ae63ae861a600ce3e86dcf3ce68037e1/screenshot - {}
RESULT: {}
COMMAND: POST /session/ae63ae861a600ce3e86dcf3ce68037e1/elements - {"using":"css selector","value":"table tr"}
RESULT: {"using":"css selector","value":"table tr"}
COMMAND: POST /session/ae63ae861a600ce3e86dcf3ce68037e1/element/f.B604D285643F95EEE180589880A06EE9.d.1A242C3E4D1A74698E9A8AE069D64526.e.5392/elements - {"using":"css selector","value":"td"}
RESULT: {"using":"css selector","value":"td"}
COMMAND: POST /session/ae63ae861a600ce3e86dcf3ce68037e1/element/f.B604D285643F95EEE180589880A06EE9.d.1A242C3E4D1A74698E9A8AE069D64526.e.5393/elements - {"using":"css selector","value":"td"}
RESULT: {"using":"css selector","value":"td"}
COMMAND: POST /session/ae63ae861a600ce3e86dcf3ce68037e1/element/f.B604D285643F95EEE180589880A06EE9.d.1A242C3E4D1A74698E9A8AE069D64526.e.5394/elements - {"using":"css selector","value":"td"}
RESULT: {"using":"css selector","value":"td"}
COMMAND: POST /session/ae63ae861a600ce3e86dcf3ce68037e1/element/f.B604D285643F95EEE180589880A06EE9.d.1A242C3E4D1A74698E9A8AE069D64526.e.5301/elements - {"using":"css selector","value":"td"}
RESULT: {"using":"css selector","value":"td"}
COMMAND: POST /session/ae63ae861a600ce3e86dcf3ce68037e1/element/f.B604D285643F95EEE180589880A06EE9.d.1A242C3E4D1A74698E9A8AE069D64526.e.5302/elements - {"using":"css selector","value":"td"}
RESULT: {"using":"css selector","value":"td"}
COMMAND: POST /session/ae63ae861a600ce3e86dcf3ce68037e1/element/f.B604D285643F95EEE180589880A06EE9.d.1A242C3E4D1A74698E9A8AE069D64526.e.5309/elements - {"using":"css selector","value":"td"}
RESULT: {"using":"css selector","value":"td"}
COMMAND: POST /session/ae63ae861a600ce3e86dcf3ce68037e1/element/f.B604D285643F95EEE180589880A06EE9.d.1A242C3E4D1A74698E9A8AE069D64526.e.5310/elements - {"using":"css selector","value":"td"}
RESULT: {"using":"css selector","value":"td"}
COMMAND: POST /session/ae63ae861a600ce3e86dcf3ce68037e1/element/f.B604D285643F95EEE180589880A06EE9.d.1A242C3E4D1A74698E9A8AE069D64526.e.5315/elements - {"using":"css selector","value":"td"}
RESULT: {"using":"css selector","value":"td"}
COMMAND: POST /session/ae63ae861a600ce3e86dcf3ce68037e1/element/f.B604D285643F95EEE180589880A06EE9.d.1A242C3E4D1A74698E9A8AE069D64526.e.5316/elements - {"using":"css selector","value":"td"}
RESULT: {"using":"css selector","value":"td"}
COMMAND: POST /session/ae63ae861a600ce3e86dcf3ce68037e1/element/f.B604D285643F95EEE180589880A06EE9.d.1A242C3E4D1A74698E9A8AE069D64526.e.5321/elements - {"using":"css selector","value":"td"}
RESULT: {"using":"css selector","value":"td"}
COMMAND: POST /session/ae63ae861a600ce3e86dcf3ce68037e1/element/f.B604D285643F95EEE180589880A06EE9.d.1A242C3E4D1A74698E9A8AE069D64526.e.5395/elements - {"using":"css selector","value":"td"}
RESULT: {"using":"css selector","value":"td"}
COMMAND: POST /session/ae63ae861a600ce3e86dcf3ce68037e1/element/f.B604D285643F95EEE180589880A06EE9.d.1A242C3E4D1A74698E9A8AE069D64526.e.5396/elements - {"using":"css selector","value":"td"}
RESULT: {"using":"css selector","value":"td"}
COMMAND: POST /session/ae63ae861a600ce3e86dcf3ce68037e1/element/f.B604D285643F95EEE180589880A06EE9.d.1A242C3E4D1A74698E9A8AE069D64526.e.5397/elements - {"using":"css selector","value":"td"}
RESULT: {"using":"css selector","value":"td"}
COMMAND: POST /session/ae63ae861a600ce3e86dcf3ce68037e1/element/f.B604D285643F95EEE180589880A06EE9.d.1A242C3E4D1A74698E9A8AE069D64526.e.5398/elements - {"using":"css selector","value":"td"}
RESULT: {"using":"css selector","value":"td"}
COMMAND: POST /session/ae63ae861a600ce3e86dcf3ce68037e1/element/f.B604D285643F95EEE180589880A06EE9.d.1A242C3E4D1A74698E9A8AE069D64526.e.5399/elements - {"using":"css selector","value":"td"}
RESULT: {"using":"css selector","value":"td"}
COMMAND: POST /session/ae63ae861a600ce3e86dcf3ce68037e1/element/f.B604D285643F95EEE180589880A06EE9.d.1A242C3E4D1A74698E9A8AE069D64526.e.5400/elements - {"using":"css selector","value":"td"}
RESULT: {"using":"css selector","value":"td"}
COMMAND: POST /session/ae63ae861a600ce3e86dcf3ce68037e1/element/f.B604D285643F95EEE180589880A06EE9.d.1A242C3E4D1A74698E9A8AE069D64526.e.5401/elements - {"using":"css selector","value":"td"}
RESULT: {"using":"css selector","value":"td"}
COMMAND: POST /session/ae63ae861a600ce3e86dcf3ce68037e1/element/f.B604D285643F95EEE180589880A06EE9.d.1A242C3E4D1A74698E9A8AE069D64526.e.5402/elements - {"using":"css selector","value":"td"}
RESULT: {"using":"css selector","value":"td"}
COMMAND: POST /session/ae63ae861a600ce3e86dcf3ce68037e1/element/f.B604D285643F95EEE180589880A06EE9.d.1A242C3E4D1A74698E9A8AE069D64526.e.5403/elements - {"using":"css selector","value":"td"}
RESULT: {"using":"css selector","value":"td"}
COMMAND: POST /session/ae63ae861a600ce3e86dcf3ce68037e1/element/f.B604D285643F95EEE180589880A06EE9.d.1A242C3E4D1A74698E9A8AE069D64526.e.5404/elements - {"using":"css selector","value":"td"}
RESULT: {"using":"css selector","value":"td"}
COMMAND: POST /session/ae63ae861a600ce3e86dcf3ce68037e1/element/f.B604D285643F95EEE180589880A06EE9.d.1A242C3E4D1A74698E9A8AE069D64526.e.5405/elements - {"using":"css selector","value":"td"}
RESULT: {"using":"css selector","value":"td"}
COMMAND: POST /session/ae63ae861a600ce3e86dcf3ce68037e1/element/f.B604D285643F95EEE180589880A06EE9.d.1A242C3E4D1A74698E9A8AE069D64526.e.5406/elements - {"using":"css selector","value":"td"}
RESULT: {"using":"css selector","value":"td"}
COMMAND: POST /session/ae63ae861a600ce3e86dcf3ce68037e1/element/f.B604D285643F95EEE180589880A06EE9.d.1A242C3E4D1A74698E9A8AE069D64526.e.5407/elements - {"using":"css selector","value":"td"}
RESULT: {"using":"css selector","value":"td"}
COMMAND: POST /session/ae63ae861a600ce3e86dcf3ce68037e1/element/f.B604D285643F95EEE180589880A06EE9.d.1A242C3E4D1A74698E9A8AE069D64526.e.5408/elements - {"using":"css selector","value":"td"}
RESULT: {"using":"css selector","value":"td"}
COMMAND: POST /session/ae63ae861a600ce3e86dcf3ce68037e1/element/f.B604D285643F95EEE180589880A06EE9.d.1A242C3E4D1A74698E9A8AE069D64526.e.5409/elements - {"using":"css selector","value":"td"}
RESULT: {"using":"css selector","value":"td"}
COMMAND: POST /session/ae63ae861a600ce3e86dcf3ce68037e1/element/f.B604D285643F95EEE180589880A06EE9.d.1A242C3E4D1A74698E9A8AE069D64526.e.5410/elements - {"using":"css selector","value":"td"}
RESULT: {"using":"css selector","value":"td"}
COMMAND: POST /session/ae63ae861a600ce3e86dcf3ce68037e1/element/f.B604D285643F95EEE180589880A06EE9.d.1A242C3E4D1A74698E9A8AE069D64526.e.5411/elements - {"using":"css selector","value":"td"}
RESULT: {"using":"css selector","value":"td"}
COMMAND: POST /session/ae63ae861a600ce3e86dcf3ce68037e1/element/f.B604D285643F95EEE180589880A06EE9.d.1A242C3E4D1A74698E9A8AE069D64526.e.5412/elements - {"using":"css selector","value":"td"}
RESULT: {"using":"css selector","value":"td"}
COMMAND: POST /session/ae63ae861a600ce3e86dcf3ce68037e1/element/f.B604D285643F95EEE180589880A06EE9.d.1A242C3E4D1A74698E9A8AE069D64526.e.5413/elements - {"using":"css selector","value":"td"}
RESULT: {"using":"css selector","value":"td"}
COMMAND: POST /session/ae63ae861a600ce3e86dcf3ce68037e1/element/f.B604D285643F95EEE180589880A06EE9.d.1A242C3E4D1A74698E9A8AE069D64526.e.5414/elements - {"using":"css selector","value":"td"}
RESULT: {"using":"css selector","value":"td"}
COMMAND: POST /session/ae63ae861a600ce3e86dcf3ce68037e1/element/f.B604D285643F95EEE180589880A06EE9.d.1A242C3E4D1A74698E9A8AE069D64526.e.5415/elements - {"using":"css selector","value":"td"}
RESULT: {"using":"css selector","value":"td"}
COMMAND: POST /session/ae63ae861a600ce3e86dcf3ce68037e1/element/f.B604D285643F95EEE180589880A06EE9.d.1A242C3E4D1A74698E9A8AE069D64526.e.5416/elements - {"using":"css selector","value":"td"}
RESULT: {"using":"css selector","value":"td"}
COMMAND: POST /session/ae63ae861a600ce3e86dcf3ce68037e1/element/f.B604D285643F95EEE180589880A06EE9.d.1A242C3E4D1A74698E9A8AE069D64526.e.5417/elements - {"using":"css selector","value":"td"}
RESULT: {"using":"css selector","value":"td"}
COMMAND: POST /session/ae63ae861a600ce3e86dcf3ce68037e1/element/f.B604D285643F95EEE180589880A06EE9.d.1A242C3E4D1A74698E9A8AE069D64526.e.5418/elements - {"using":"css selector","value":"td"}
RESULT: {"using":"css selector","value":"td"}
COMMAND: POST /session/ae63ae861a600ce3e86dcf3ce68037e1/element/f.B604D285643F95EEE180589880A06EE9.d.1A242C3E4D1A74698E9A8AE069D64526.e.5419/elements - {"using":"css selector","value":"td"}
RESULT: {"using":"css selector","value":"td"}
COMMAND: POST /session/ae63ae861a600ce3e86dcf3ce68037e1/element/f.B604D285643F95EEE180589880A06EE9.d.1A242C3E4D1A74698E9A8AE069D64526.e.5420/elements - {"using":"css selector","value":"td"}
RESULT: {"using":"css selector","value":"td"}
COMMAND: POST /session/ae63ae861a600ce3e86dcf3ce68037e1/element/f.B604D285643F95EEE180589880A06EE9.d.1A242C3E4D1A74698E9A8AE069D64526.e.5421/elements - {"using":"css selector","value":"td"}
RESULT: {"using":"css selector","value":"td"}
COMMAND: POST /session/ae63ae861a600ce3e86dcf3ce68037e1/element/f.B604D285643F95EEE180589880A06EE9.d.1A242C3E4D1A74698E9A8AE069D64526.e.5422/elements - {"using":"css selector","value":"td"}
RESULT: {"using":"css selector","value":"td"}
COMMAND: POST /session/ae63ae861a600ce3e86dcf3ce68037e1/element/f.B604D285643F95EEE180589880A06EE9.d.1A242C3E4D1A74698E9A8AE069D64526.e.5423/elements - {"using":"css selector","value":"td"}
RESULT: {"using":"css selector","value":"td"}
COMMAND: POST /session/ae63ae861a600ce3e86dcf3ce68037e1/element/f.B604D285643F95EEE180589880A06EE9.d.1A242C3E4D1A74698E9A8AE069D64526.e.5424/elements - {"using":"css selector","value":"td"}
RESULT: {"using":"css selector","value":"td"}
COMMAND: POST /session/ae63ae861a600ce3e86dcf3ce68037e1/element/f.B604D285643F95EEE180589880A06EE9.d.1A242C3E4D1A74698E9A8AE069D64526.e.5425/elements - {"using":"css selector","value":"td"}
RESULT: {"using":"css selector","value":"td"}
COMMAND: POST /session/ae63ae861a600ce3e86dcf3ce68037e1/element/f.B604D285643F95EEE180589880A06EE9.d.1A242C3E4D1A74698E9A8AE069D64526.e.5426/elements - {"using":"css selector","value":"td"}
RESULT: {"using":"css selector","value":"td"}
COMMAND: POST /session/ae63ae861a600ce3e86dcf3ce68037e1/element/f.B604D285643F95EEE180589880A06EE9.d.1A242C3E4D1A74698E9A8AE069D64526.e.5427/elements - {"using":"css selector","value":"td"}
RESULT: {"using":"css selector","value":"td"}
COMMAND: POST /session/ae63ae861a600ce3e86dcf3ce68037e1/element/f.B604D285643F95EEE180589880A06EE9.d.1A242C3E4D1A74698E9A8AE069D64526.e.5428/elements - {"using":"css selector","value":"td"}
RESULT: {"using":"css selector","value":"td"}
COMMAND: POST /session/ae63ae861a600ce3e86dcf3ce68037e1/element/f.B604D285643F95EEE180589880A06EE9.d.1A242C3E4D1A74698E9A8AE069D64526.e.5429/elements - {"using":"css selector","value":"td"}
RESULT: {"using":"css selector","value":"td"}
COMMAND: POST /session/ae63ae861a600ce3e86dcf3ce68037e1/element/f.B604D285643F95EEE180589880A06EE9.d.1A242C3E4D1A74698E9A8AE069D64526.e.5430/elements - {"using":"css selector","value":"td"}
RESULT: {"using":"css selector","value":"td"}
COMMAND: POST /session/ae63ae861a600ce3e86dcf3ce68037e1/element/f.B604D285643F95EEE180589880A06EE9.d.1A242C3E4D1A74698E9A8AE069D64526.e.5431/elements - {"using":"css selector","value":"td"}
RESULT: {"using":"css selector","value":"td"}
COMMAND: POST /session/ae63ae861a600ce3e86dcf3ce68037e1/element/f.B604D285643F95EEE180589880A06EE9.d.1A242C3E4D1A74698E9A8AE069D64526.e.5432/elements - {"using":"css selector","value":"td"}
RESULT: {"using":"css selector","value":"td"}
COMMAND: POST /session/ae63ae861a600ce3e86dcf3ce68037e1/element/f.B604D285643F95EEE180589880A06EE9.d.1A242C3E4D1A74698E9A8AE069D64526.e.5433/elements - {"using":"css selector","value":"td"}
RESULT: {"using":"css selector","value":"td"}
COMMAND: POST /session/ae63ae861a600ce3e86dcf3ce68037e1/element/f.B604D285643F95EEE180589880A06EE9.d.1A242C3E4D1A74698E9A8AE069D64526.e.5434/elements - {"using":"css selector","value":"td"}
RESULT: {"using":"css selector","value":"td"}
COMMAND: POST /session/ae63ae861a600ce3e86dcf3ce68037e1/element/f.B604D285643F95EEE180589880A06EE9.d.1A242C3E4D1A74698E9A8AE069D64526.e.5435/elements - {"using":"css selector","value":"td"}
RESULT: {"using":"css selector","value":"td"}
COMMAND: POST /session/ae63ae861a600ce3e86dcf3ce68037e1/element/f.B604D285643F95EEE180589880A06EE9.d.1A242C3E4D1A74698E9A8AE069D64526.e.5436/elements - {"using":"css selector","value":"td"}
RESULT: {"using":"css selector","value":"td"}
COMMAND: POST /session/ae63ae861a600ce3e86dcf3ce68037e1/element/f.B604D285643F95EEE180589880A06EE9.d.1A242C3E4D1A74698E9A8AE069D64526.e.5437/elements - {"using":"css selector","value":"td"}
RESULT: {"using":"css selector","value":"td"}
COMMAND: POST /session/ae63ae861a600ce3e86dcf3ce68037e1/element/f.B604D285643F95EEE180589880A06EE9.d.1A242C3E4D1A74698E9A8AE069D64526.e.5438/elements - {"using":"css selector","value":"td"}
RESULT: {"using":"css selector","value":"td"}
COMMAND: POST /session/ae63ae861a600ce3e86dcf3ce68037e1/element/f.B604D285643F95EEE180589880A06EE9.d.1A242C3E4D1A74698E9A8AE069D64526.e.5439/elements - {"using":"css selector","value":"td"}
RESULT: {"using":"css selector","value":"td"}
COMMAND: POST /session/ae63ae861a600ce3e86dcf3ce68037e1/element/f.B604D285643F95EEE180589880A06EE9.d.1A242C3E4D1A74698E9A8AE069D64526.e.5440/elements - {"using":"css selector","value":"td"}
RESULT: {"using":"css selector","value":"td"}
COMMAND: POST /session/ae63ae861a600ce3e86dcf3ce68037e1/element/f.B604D285643F95EEE180589880A06EE9.d.1A242C3E4D1A74698E9A8AE069D64526.e.5441/elements - {"using":"css selector","value":"td"}
RESULT: {"using":"css selector","value":"td"}
COMMAND: POST /session/ae63ae861a600ce3e86dcf3ce68037e1/element/f.B604D285643F95EEE180589880A06EE9.d.1A242C3E4D1A74698E9A8AE069D64526.e.5442/elements - {"using":"css selector","value":"td"}
RESULT: {"using":"css selector","value":"td"}
COMMAND: POST /session/ae63ae861a600ce3e86dcf3ce68037e1/element/f.B604D285643F95EEE180589880A06EE9.d.1A242C3E4D1A74698E9A8AE069D64526.e.5443/elements - {"using":"css selector","value":"td"}
RESULT: {"using":"css selector","value":"td"}
COMMAND: POST /session/ae63ae861a600ce3e86dcf3ce68037e1/element/f.B604D285643F95EEE180589880A06EE9.d.1A242C3E4D1A74698E9A8AE069D64526.e.5444/elements - {"using":"css selector","value":"td"}
RESULT: {"using":"css selector","value":"td"}
COMMAND: POST /session/ae63ae861a600ce3e86dcf3ce68037e1/element/f.B604D285643F95EEE180589880A06EE9.d.1A242C3E4D1A74698E9A8AE069D64526.e.5445/elements - {"using":"css selector","value":"td"}
RESULT: {"using":"css selector","value":"td"}
COMMAND: POST /session/ae63ae861a600ce3e86dcf3ce68037e1/element/f.B604D285643F95EEE180589880A06EE9.d.1A242C3E4D1A74698E9A8AE069D64526.e.5446/elements - {"using":"css selector","value":"td"}
RESULT: {"using":"css selector","value":"td"}
COMMAND: POST /session/ae63ae861a600ce3e86dcf3ce68037e1/element/f.B604D285643F95EEE180589880A06EE9.d.1A242C3E4D1A74698E9A8AE069D64526.e.5447/elements - {"using":"css selector","value":"td"}
RESULT: {"using":"css selector","value":"td"}
COMMAND: POST /session/ae63ae861a600ce3e86dcf3ce68037e1/element/f.B604D285643F95EEE180589880A06EE9.d.1A242C3E4D1A74698E9A8AE069D64526.e.5448/elements - {"using":"css selector","value":"td"}
RESULT: {"using":"css selector","value":"td"}
COMMAND: POST /session/ae63ae861a600ce3e86dcf3ce68037e1/element/f.B604D285643F95EEE180589880A06EE9.d.1A242C3E4D1A74698E9A8AE069D64526.e.5449/elements - {"using":"css selector","value":"td"}
RESULT: {"using":"css selector","value":"td"}
COMMAND: POST /session/ae63ae861a600ce3e86dcf3ce68037e1/element/f.B604D285643F95EEE180589880A06EE9.d.1A242C3E4D1A74698E9A8AE069D64526.e.5450/elements - {"using":"css selector","value":"td"}
RESULT: {"using":"css selector","value":"td"}
COMMAND: POST /session/ae63ae861a600ce3e86dcf3ce68037e1/element/f.B604D285643F95EEE180589880A06EE9.d.1A242C3E4D1A74698E9A8AE069D64526.e.5451/elements - {"using":"css selector","value":"td"}
RESULT: {"using":"css selector","value":"td"}
COMMAND: POST /session/ae63ae861a600ce3e86dcf3ce68037e1/element/f.B604D285643F95EEE180589880A06EE9.d.1A242C3E4D1A74698E9A8AE069D64526.e.5452/elements - {"using":"css selector","value":"td"}
RESULT: {"using":"css selector","value":"td"}
COMMAND: POST /session/ae63ae861a600ce3e86dcf3ce68037e1/element/f.B604D285643F95EEE180589880A06EE9.d.1A242C3E4D1A74698E9A8AE069D64526.e.5453/elements - {"using":"css selector","value":"td"}
RESULT: {"using":"css selector","value":"td"}
COMMAND: POST /session/ae63ae861a600ce3e86dcf3ce68037e1/element/f.B604D285643F95EEE180589880A06EE9.d.1A242C3E4D1A74698E9A8AE069D64526.e.5454/elements - {"using":"css selector","value":"td"}
RESULT: {"using":"css selector","value":"td"}
COMMAND: POST /session/ae63ae861a600ce3e86dcf3ce68037e1/element/f.B604D285643F95EEE180589880A06EE9.d.1A242C3E4D1A74698E9A8AE069D64526.e.5455/elements - {"using":"css selector","value":"td"}
RESULT: {"using":"css selector","value":"td"}
COMMAND: POST /session/ae63ae861a600ce3e86dcf3ce68037e1/element/f.B604D285643F95EEE180589880A06EE9.d.1A242C3E4D1A74698E9A8AE069D64526.e.5456/elements - {"using":"css selector","value":"td"}
RESULT: {"using":"css selector","value":"td"}
COMMAND: POST /session/ae63ae861a600ce3e86dcf3ce68037e1/element/f.B604D285643F95EEE180589880A06EE9.d.1A242C3E4D1A74698E9A8AE069D64526.e.5457/elements - {"using":"css selector","value":"td"}
RESULT: {"using":"css selector","value":"td"}
COMMAND: POST /session/ae63ae861a600ce3e86dcf3ce68037e1/element/f.B604D285643F95EEE180589880A06EE9.d.1A242C3E4D1A74698E9A8AE069D64526.e.5458/elements - {"using":"css selector","value":"td"}
RESULT: {"using":"css selector","value":"td"}
COMMAND: POST /session/ae63ae861a600ce3e86dcf3ce68037e1/element/f.B604D285643F95EEE180589880A06EE9.d.1A242C3E4D1A74698E9A8AE069D64526.e.5459/elements - {"using":"css selector","value":"td"}
RESULT: {"using":"css selector","value":"td"}
COMMAND: POST /session/ae63ae861a600ce3e86dcf3ce68037e1/element/f.B604D285643F95EEE180589880A06EE9.d.1A242C3E4D1A74698E9A8AE069D64526.e.5460/elements - {"using":"css selector","value":"td"}
RESULT: {"using":"css selector","value":"td"}
COMMAND: POST /session/ae63ae861a600ce3e86dcf3ce68037e1/element/f.B604D285643F95EEE180589880A06EE9.d.1A242C3E4D1A74698E9A8AE069D64526.e.5461/elements - {"using":"css selector","value":"td"}
RESULT: {"using":"css selector","value":"td"}
COMMAND: POST /session/ae63ae861a600ce3e86dcf3ce68037e1/element/f.B604D285643F95EEE180589880A06EE9.d.1A242C3E4D1A74698E9A8AE069D64526.e.5462/elements - {"using":"css selector","value":"td"}
RESULT: {"using":"css selector","value":"td"}
COMMAND: POST /session/ae63ae861a600ce3e86dcf3ce68037e1/element/f.B604D285643F95EEE180589880A06EE9.d.1A242C3E4D1A74698E9A8AE069D64526.e.5463/elements - {"using":"css selector","value":"td"}
RESULT: {"using":"css selector","value":"td"}
COMMAND: POST /session/ae63ae861a600ce3e86dcf3ce68037e1/element/f.B604D285643F95EEE180589880A06EE9.d.1A242C3E4D1A74698E9A8AE069D64526.e.5464/elements - {"using":"css selector","value":"td"}
RESULT: {"using":"css selector","value":"td"}
COMMAND: POST /session/ae63ae861a600ce3e86dcf3ce68037e1/element/f.B604D285643F95EEE180589880A06EE9.d.1A242C3E4D1A74698E9A8AE069D64526.e.5465/elements - {"using":"css selector","value":"td"}
RESULT: {"using":"css selector","value":"td"}
COMMAND: POST /session/ae63ae861a600ce3e86dcf3ce68037e1/element/f.B604D285643F95EEE180589880A06EE9.d.1A242C3E4D1A74698E9A8AE069D64526.e.5466/elements - {"using":"css selector","value":"td"}
RESULT: {"using":"css selector","value":"td"}
COMMAND: POST /session/ae63ae861a600ce3e86dcf3ce68037e1/element/f.B604D285643F95EEE180589880A06EE9.d.1A242C3E4D1A74698E9A8AE069D64526.e.5467/elements - {"using":"css selector","value":"td"}
RESULT: {"using":"css selector","value":"td"}
COMMAND: POST /session/ae63ae861a600ce3e86dcf3ce68037e1/element/f.B604D285643F95EEE180589880A06EE9.d.1A242C3E4D1A74698E9A8AE069D64526.e.5468/elements - {"using":"css selector","value":"td"}
RESULT: {"using":"css selector","value":"td"}
COMMAND: POST /session/ae63ae861a600ce3e86dcf3ce68037e1/element/f.B604D285643F95EEE180589880A06EE9.d.1A242C3E4D1A74698E9A8AE069D64526.e.5469/elements - {"using":"css selector","value":"td"}
RESULT: {"using":"css selector","value":"td"}
COMMAND: POST /session/ae63ae861a600ce3e86dcf3ce68037e1/element/f.B604D285643F95EEE180589880A06EE9.d.1A242C3E4D1A74698E9A8AE069D64526.e.5470/elements - {"using":"css selector","value":"td"}
RESULT: {"using":"css selector","value":"td"}
COMMAND: POST /session/ae63ae861a600ce3e86dcf3ce68037e1/element/f.B604D285643F95EEE180589880A06EE9.d.1A242C3E4D1A74698E9A8AE069D64526.e.5471/elements - {"using":"css selector","value":"td"}
RESULT: {"using":"css selector","value":"td"}
COMMAND: POST /session/ae63ae861a600ce3e86dcf3ce68037e1/element/f.B604D285643F95EEE180589880A06EE9.d.1A242C3E4D1A74698E9A8AE069D64526.e.5472/elements - {"using":"css selector","value":"td"}
RESULT: {"using":"css selector","value":"td"}
COMMAND: POST /session/ae63ae861a600ce3e86dcf3ce68037e1/element/f.B604D285643F95EEE180589880A06EE9.d.1A242C3E4D1A74698E9A8AE069D64526.e.5473/elements - {"using":"css selector","value":"td"}
RESULT: {"using":"css selector","value":"td"}
COMMAND: POST /session/ae63ae861a600ce3e86dcf3ce68037e1/element/f.B604D285643F95EEE180589880A06EE9.d.1A242C3E4D1A74698E9A8AE069D64526.e.5474/elements - {"using":"css selector","value":"td"}
RESULT: {"using":"css selector","value":"td"}
COMMAND: POST /session/ae63ae861a600ce3e86dcf3ce68037e1/element/f.B604D285643F95EEE180589880A06EE9.d.1A242C3E4D1A74698E9A8AE069D64526.e.5475/elements - {"using":"css selector","value":"td"}
RESULT: {"using":"css selector","value":"td"}
COMMAND: POST /session/ae63ae861a600ce3e86dcf3ce68037e1/element/f.B604D285643F95EEE180589880A06EE9.d.1A242C3E4D1A74698E9A8AE069D64526.e.5476/elements - {"using":"css selector","value":"td"}
RESULT: {"using":"css selector","value":"td"}
COMMAND: POST /session/ae63ae861a600ce3e86dcf3ce68037e1/element/f.B604D285643F95EEE180589880A06EE9.d.1A242C3E4D1A74698E9A8AE069D64526.e.5477/elements - {"using":"css selector","value":"td"}
RESULT: {"using":"css selector","value":"td"}
COMMAND: POST /session/ae63ae861a600ce3e86dcf3ce68037e1/element/f.B604D285643F95EEE180589880A06EE9.d.1A242C3E4D1A74698E9A8AE069D64526.e.5478/elements - {"using":"css selector","value":"td"}
RESULT: {"using":"css selector","value":"td"}
COMMAND: POST /session/ae63ae861a600ce3e86dcf3ce68037e1/element/f.B604D285643F95EEE180589880A06EE9.d.1A242C3E4D1A74698E9A8AE069D64526.e.5479/elements - {"using":"css selector","value":"td"}
RESULT: {"using":"css selector","value":"td"}
COMMAND: POST /session/ae63ae861a600ce3e86dcf3ce68037e1/element/f.B604D285643F95EEE180589880A06EE9.d.1A242C3E4D1A74698E9A8AE069D64526.e.5480/elements - {"using":"css selector","value":"td"}
RESULT: {"using":"css selector","value":"td"}
COMMAND: POST /session/ae63ae861a600ce3e86dcf3ce68037e1/element/f.B604D285643F95EEE180589880A06EE9.d.1A242C3E4D1A74698E9A8AE069D64526.e.5481/elements - {"using":"css selector","value":"td"}
RESULT: {"using":"css selector","value":"td"}
COMMAND: POST /session/ae63ae861a600ce3e86dcf3ce68037e1/element/f.B604D285643F95EEE180589880A06EE9.d.1A242C3E4D1A74698E9A8AE069D64526.e.5482/elements - {"using":"css selector","value":"td"}
RESULT: {"using":"css selector","value":"td"}
COMMAND: POST /session/ae63ae861a600ce3e86dcf3ce68037e1/element/f.B604D285643F95EEE180589880A06EE9.d.1A242C3E4D1A74698E9A8AE069D64526.e.5483/elements - {"using":"css selector","value":"td"}
RESULT: {"using":"css selector","value":"td"}
COMMAND: POST /session/ae63ae861a600ce3e86dcf3ce68037e1/element/f.B604D285643F95EEE180589880A06EE9.d.1A242C3E4D1A74698E9A8AE069D64526.e.5484/elements - {"using":"css selector","value":"td"}
RESULT: {"using":"css selector","value":"td"}
COMMAND: POST /session/ae63ae861a600ce3e86dcf3ce68037e1/element/f.B604D285643F95EEE180589880A06EE9.d.1A242C3E4D1A74698E9A8AE069D64526.e.5485/elements - {"using":"css selector","value":"td"}
RESULT: {"using":"css selector","value":"td"}
COMMAND: POST /session/ae63ae861a600ce3e86dcf3ce68037e1/element/f.B604D285643F95EEE180589880A06EE9.d.1A242C3E4D1A74698E9A8AE069D64526.e.5486/elements - {"using":"css selector","value":"td"}
RESULT: {"using":"css selector","value":"td"}
COMMAND: POST /session/ae63ae861a600ce3e86dcf3ce68037e1/element/f.B604D285643F95EEE180589880A06EE9.d.1A242C3E4D1A74698E9A8AE069D64526.e.5487/elements - {"using":"css selector","value":"td"}
RESULT: {"using":"css selector","value":"td"}
COMMAND: POST /session/ae63ae861a600ce3e86dcf3ce68037e1/element/f.B604D285643F95EEE180589880A06EE9.d.1A242C3E4D1A74698E9A8AE069D64526.e.5488/elements - {"using":"css selector","value":"td"}
RESULT: {"using":"css selector","value":"td"}
COMMAND: POST /session/ae63ae861a600ce3e86dcf3ce68037e1/element/f.B604D285643F95EEE180589880A06EE9.d.1A242C3E4D1A74698E9A8AE069D64526.e.5489/elements - {"using":"css selector","value":"td"}
RESULT: {"using":"css selector","value":"td"}
COMMAND: POST /session/ae63ae861a600ce3e86dcf3ce68037e1/element/f.B604D285643F95EEE180589880A06EE9.d.1A242C3E4D1A74698E9A8AE069D64526.e.5490/elements - {"using":"css selector","value":"td"}
RESULT: {"using":"css selector","value":"td"}
COMMAND: POST /session/ae63ae861a600ce3e86dcf3ce68037e1/element/f.B604D285643F95EEE180589880A06EE9.d.1A242C3E4D1A74698E9A8AE069D64526.e.5491/elements - {"using":"css selector","value":"td"}
RESULT: {"using":"css selector","value":"td"}
COMMAND: POST /session/ae63ae861a600ce3e86dcf3ce68037e1/element/f.B604D285643F95EEE180589880A06EE9.d.1A242C3E4D1A74698E9A8AE069D64526.e.5492/elements - {"using":"css selector","value":"td"}
RESULT: {"using":"css selector","value":"td"}
COMMAND: POST /session/ae63ae861a600ce3e86dcf3ce68037e1/element/f.B604D285643F95EEE180589880A06EE9.d.1A242C3E4D1A74698E9A8AE069D64526.e.5493/elements - {"using":"css selector","value":"td"}
RESULT: {"using":"css selector","value":"td"}
COMMAND: POST /session/ae63ae861a600ce3e86dcf3ce68037e1/element/f.B604D285643F95EEE180589880A06EE9.d.1A242C3E4D1A74698E9A8AE069D64526.e.5494/elements - {"using":"css selector","value":"td"}
RESULT: {"using":"css selector","value":"td"}
COMMAND: POST /session/ae63ae861a600ce3e86dcf3ce68037e1/element/f.B604D285643F95EEE180589880A06EE9.d.1A242C3E4D1A74698E9A8AE069D64526.e.5495/elements - {"using":"css selector","value":"td"}
RESULT: {"using":"css selector","value":"td"}
COMMAND: POST /session/ae63ae861a600ce3e86dcf3ce68037e1/element/f.B604D285643F95EEE180589880A06EE9.d.1A242C3E4D1A74698E9A8AE069D64526.e.5496/elements - {"using":"css selector","value":"td"}
RESULT: {"using":"css selector","value":"td"}
COMMAND: POST /session/ae63ae861a600ce3e86dcf3ce68037e1/element/f.B604D285643F95EEE180589880A06EE9.d.1A242C3E4D1A74698E9A8AE069D64526.e.5497/elements - {"using":"css selector","value":"td"}
RESULT: {"using":"css selector","value":"td"}
COMMAND: POST /session/ae63ae861a600ce3e86dcf3ce68037e1/element/f.B604D285643F95EEE180589880A06EE9.d.1A242C3E4D1A74698E9A8AE069D64526.e.5498/elements - {"using":"css selector","value":"td"}
RESULT: {"using":"css selector","value":"td"}
COMMAND: POST /session/ae63ae861a600ce3e86dcf3ce68037e1/element/f.B604D285643F95EEE180589880A06EE9.d.1A242C3E4D1A74698E9A8AE069D64526.e.5499/elements - {"using":"css selector","value":"td"}
RESULT: {"using":"css selector","value":"td"}
COMMAND: POST /session/ae63ae861a600ce3e86dcf3ce68037e1/element/f.B604D285643F95EEE180589880A06EE9.d.1A242C3E4D1A74698E9A8AE069D64526.e.5500/elements - {"using":"css selector","value":"td"}
RESULT: {"using":"css selector","value":"td"}
COMMAND: POST /session/ae63ae861a600ce3e86dcf3ce68037e1/element/f.B604D285643F95EEE180589880A06EE9.d.1A242C3E4D1A74698E9A8AE069D64526.e.5501/elements - {"using":"css selector","value":"td"}
RESULT: {"using":"css selector","value":"td"}
COMMAND: POST /session/ae63ae861a600ce3e86dcf3ce68037e1/element/f.B604D285643F95EEE180589880A06EE9.d.1A242C3E4D1A74698E9A8AE069D64526.e.5502/elements - {"using":"css selector","value":"td"}
RESULT: {"using":"css selector","value":"td"}
COMMAND: POST /session/ae63ae861a600ce3e86dcf3ce68037e1/element/f.B604D285643F95EEE180589880A06EE9.d.1A242C3E4D1A74698E9A8AE069D64526.e.5503/elements - {"using":"css selector","value":"td"}
RESULT: {"using":"css selector","value":"td"}
COMMAND: POST /session/ae63ae861a600ce3e86dcf3ce68037e1/element/f.B604D285643F95EEE180589880A06EE9.d.1A242C3E4D1A74698E9A8AE069D64526.e.5504/elements - {"using":"css selector","value":"td"}
RESULT: {"using":"css selector","value":"td"}
COMMAND: POST /session/ae63ae861a600ce3e86dcf3ce68037e1/element/f.B604D285643F95EEE180589880A06EE9.d.1A242C3E4D1A74698E9A8AE069D64526.e.5505/elements - {"using":"css selector","value":"td"}
RESULT: {"using":"css selector","value":"td"}
COMMAND: POST /session/ae63ae861a600ce3e86dcf3ce68037e1/element/f.B604D285643F95EEE180589880A06EE9.d.1A242C3E4D1A74698E9A8AE069D64526.e.5506/elements - {"using":"css selector","value":"td"}
RESULT: {"using":"css selector","value":"td"}
COMMAND: POST /session/ae63ae861a600ce3e86dcf3ce68037e1/element/f.B604D285643F95EEE180589880A06EE9.d.1A242C3E4D1A74698E9A8AE069D64526.e.5507/elements - {"using":"css selector","value":"td"}
RESULT: {"using":"css selector","value":"td"}
COMMAND: POST /session/ae63ae861a600ce3e86dcf3ce68037e1/element/f.B604D285643F95EEE180589880A06EE9.d.1A242C3E4D1A74698E9A8AE069D64526.e.5508/elements - {"using":"css selector","value":"td"}
RESULT: {"using":"css selector","value":"td"}
COMMAND: POST /session/ae63ae861a600ce3e86dcf3ce68037e1/element/f.B604D285643F95EEE180589880A06EE9.d.1A242C3E4D1A74698E9A8AE069D64526.e.5509/elements - {"using":"css selector","value":"td"}
RESULT: {"using":"css selector","value":"td"}
COMMAND: POST /session/ae63ae861a600ce3e86dcf3ce68037e1/element/f.B604D285643F95EEE180589880A06EE9.d.1A242C3E4D1A74698E9A8AE069D64526.e.5510/elements - {"using":"css selector","value":"td"}
RESULT: {"using":"css selector","value":"td"}
COMMAND: POST /session/ae63ae861a600ce3e86dcf3ce68037e1/element/f.B604D285643F95EEE180589880A06EE9.d.1A242C3E4D1A74698E9A8AE069D64526.e.5511/elements - {"using":"css selector","value":"td"}
RESULT: {"using":"css selector","value":"td"}
COMMAND: POST /session/ae63ae861a600ce3e86dcf3ce68037e1/element/f.B604D285643F95EEE180589880A06EE9.d.1A242C3E4D1A74698E9A8AE069D64526.e.5512/elements - {"using":"css selector","value":"td"}
RESULT: {"using":"css selector","value":"td"}
COMMAND: POST /session/ae63ae861a600ce3e86dcf3ce68037e1/element/f.B604D285643F95EEE180589880A06EE9.d.1A242C3E4D1A74698E9A8AE069D64526.e.5513/elements - {"using":"css selector","value":"td"}
RESULT: {"using":"css selector","value":"td"}
COMMAND: POST /session/ae63ae861a600ce3e86dcf3ce68037e1/element/f.B604D285643F95EEE180589880A06EE9.d.1A242C3E4D1A74698E9A8AE069D64526.e.6162/elements - {"using":"css selector","value":"td"}
RESULT: {"using":"css selector","value":"td"}
COMMAND: POST /session/ae63ae861a600ce3e86dcf3ce68037e1/element - {"using":"css selector","value":"#j_username"}
COMMAND: POST /session/ae63ae861a600ce3e86dcf3ce68037e1/url - {"url":"https://qa-testing-00-live-etm-ui.cfapps.eu10-004.hana.ondemand.com/"}
RESULT: {"using":"css selector","value":"#j_username"}
COMMAND: POST /session/ae63ae861a600ce3e86dcf3ce68037e1/element - {"using":"css selector","value":"#j_username"}
RESULT: {"url":"https://qa-testing-00-live-etm-ui.cfapps.eu10-004.hana.ondemand.com/"}
RESULT: undefined
COMMAND: GET /session/ae63ae861a600ce3e86dcf3ce68037e1/screenshot - {}
RESULT: {"using":"css selector","value":"#j_username"}
COMMAND: POST /session/ae63ae861a600ce3e86dcf3ce68037e1/element - {"using":"css selector","value":"#shell-header-logo"}
RESULT: {}
RESULT: {"using":"css selector","value":"#shell-header-logo"}
COMMAND: POST /session/ae63ae861a600ce3e86dcf3ce68037e1/execute/sync - {"script":"<script> [8489 bytes]","args":[{"element-6066-11e4-a52e-4f735466cecf":"f.B604D285643F95EEE180589880A06EE9.d.4AD399A51A38DB56D3CA22AC865BAF87.e.6173","ELEMENT":"f.B604D285643F95EEE180589880A06EE9.d.4AD399A51A38DB56D3CA22AC865BAF87.e.6173"}]}
RESULT: {"script":"<script> [8489 bytes]","args":[{"element-6066-11e4-a52e-4f735466cecf":"f.B604D285643F95EEE180589880A06EE9.d.4AD399A51A38DB56D3CA22AC865BAF87.e.6173","ELEMENT":"f.B604D285643F95EEE180589880A06EE9.d.4AD399A51A38DB56D3CA22AC865BAF87.e.6173"}]}
COMMAND: POST /session/ae63ae861a600ce3e86dcf3ce68037e1/element - {"using":"css selector","value":"#shell-header-logo"}
COMMAND: GET /session/ae63ae861a600ce3e86dcf3ce68037e1/screenshot - {}
RESULT: {"using":"css selector","value":"#shell-header-logo"}
COMMAND: POST /session/ae63ae861a600ce3e86dcf3ce68037e1/execute/sync - {"script":"<script> [8489 bytes]","args":[{"element-6066-11e4-a52e-4f735466cecf":"f.B604D285643F95EEE180589880A06EE9.d.4AD399A51A38DB56D3CA22AC865BAF87.e.6173","ELEMENT":"f.B604D285643F95EEE180589880A06EE9.d.4AD399A51A38DB56D3CA22AC865BAF87.e.6173"}]}
RESULT: {}
RESULT: {"script":"<script> [8489 bytes]","args":[{"element-6066-11e4-a52e-4f735466cecf":"f.B604D285643F95EEE180589880A06EE9.d.4AD399A51A38DB56D3CA22AC865BAF87.e.6173","ELEMENT":"f.B604D285643F95EEE180589880A06EE9.d.4AD399A51A38DB56D3CA22AC865BAF87.e.6173"}]}
COMMAND: POST /session/ae63ae861a600ce3e86dcf3ce68037e1/execute/sync - {"script":"<script> [5351 bytes]","args":[{"element-6066-11e4-a52e-4f735466cecf":"f.B604D285643F95EEE180589880A06EE9.d.4AD399A51A38DB56D3CA22AC865BAF87.e.6173","ELEMENT":"f.B604D285643F95EEE180589880A06EE9.d.4AD399A51A38DB56D3CA22AC865BAF87.e.6173"}]}
COMMAND: GET /session/ae63ae861a600ce3e86dcf3ce68037e1/screenshot - {}
RESULT: {"script":"<script> [5351 bytes]","args":[{"element-6066-11e4-a52e-4f735466cecf":"f.B604D285643F95EEE180589880A06EE9.d.4AD399A51A38DB56D3CA22AC865BAF87.e.6173","ELEMENT":"f.B604D285643F95EEE180589880A06EE9.d.4AD399A51A38DB56D3CA22AC865BAF87.e.6173"}]}
COMMAND: POST /session/ae63ae861a600ce3e86dcf3ce68037e1/element - {"using":"css selector","value":"#shell-header-logo"}
COMMAND: GET /session/ae63ae861a600ce3e86dcf3ce68037e1/screenshot - {}
RESULT: {}
RESULT: {"using":"css selector","value":"#shell-header-logo"}
COMMAND: POST /session/ae63ae861a600ce3e86dcf3ce68037e1/element/f.B604D285643F95EEE180589880A06EE9.d.4AD399A51A38DB56D3CA22AC865BAF87.e.6173/click - {}
RESULT: {}
RESULT: {}
COMMAND: GET /session/ae63ae861a600ce3e86dcf3ce68037e1/screenshot - {}
RESULT: {}
COMMAND: POST /session/ae63ae861a600ce3e86dcf3ce68037e1/execute/async - {"script":"<script> [189 bytes]","args":[]}
RESULT: {"script":"<script> [189 bytes]","args":[]}
COMMAND: POST /session/ae63ae861a600ce3e86dcf3ce68037e1/execute/async - {"script":"<script> [123 bytes]","args":[]}
RESULT: {"script":"<script> [123 bytes]","args":[]}
COMMAND: POST /session/ae63ae861a600ce3e86dcf3ce68037e1/timeouts - {"script":"<number>"}
RESULT: {"script":"<number>"}
COMMAND: GET /session/ae63ae861a600ce3e86dcf3ce68037e1/timeouts - {}
RESULT: {}
RESULT: undefined
COMMAND: POST /session/ae63ae861a600ce3e86dcf3ce68037e1/execute/async - {"script":"<script> [2676 bytes]","args":[]}
RESULT: {"script":"<script> [2676 bytes]","args":[]}
COMMAND: POST /session/ae63ae861a600ce3e86dcf3ce68037e1/execute/async - {"script":"<script> [2342 bytes]","args":[{"protocol":"http","hostname":"0.0.0.0","path":"/","capabilities":{"browserName":"chrome","goog:chromeOptions":{"binary":"C:\\Program Files\\Google\\Chrome\\Application\\chrome.exe","args":["--start-maximized"]}},"logLevel":"warn","connectionRetryTimeout":120000,"connectionRetryCount":3,"logLevels":{},"enableDirectConnect":true,"strictSSL":true,"_":"65 more keys: [\"cacheDir\",\"port\",\"requestedCapabilities\",\"automationProtocol\",\"baseUrl\",\"waitforInterval\",\"waitforTimeout\",\"onReload\",\"beforeCommand\",\"afterCommand\",\"rootDir\",\"specs\",\"suites\",\"exclude\",\"groupLogsByTestSpec\",\"excludeDriverLogs\",\"bail\",\"framework\",\"reporters\",\"services\",\"maxInstances\",\"maxInstancesPerCapability\",\"injectGlobals\",\"filesToWatch\",\"execArgv\",\"runnerEnv\",\"runner\",\"shard\",\"specFileRetries\",\"specFileRetriesDelay\",\"specFileRetriesDeferred\",\"reporterSyncInterval\",\"reporterSyncTimeout\",\"cucumberFeaturesWithLineNumbers\",\"autoCompileOpts\",\"mochaOpts\",\"jasmineOpts\",\"cucumberOpts\",\"onPrepare\",\"onWorkerStart\",\"onWorkerEnd\",\"before\",\"beforeSession\",\"beforeSuite\",\"beforeHook\",\"beforeTest\",\"afterTest\",\"afterHook\",\"afterSuite\",\"afterSession\",\"after\",\"onComplete\",\"beforeAssertion\",\"afterAssertion\",\"beforeFeature\",\"beforeScenario\",\"beforeStep\",\"afterStep\",\"afterScenario\",\"afterFeature\",\"_\",\"suite\",\"$0\",\"ignoredWorkerServices\",\"wdi5\"]"}]}
RESULT: {"script":"<script> [2342 bytes]","args":[{"protocol":"http","hostname":"0.0.0.0","path":"/","capabilities":{"browserName":"chrome","goog:chromeOptions":{"binary":"C:\\Program Files\\Google\\Chrome\\Application\\chrome.exe","args":["--start-maximized"]}},"logLevel":"warn","connectionRetryTimeout":120000,"connectionRetryCount":3,"logLevels":{},"enableDirectConnect":true,"strictSSL":true,"_":"65 more keys: [\"cacheDir\",\"port\",\"requestedCapabilities\",\"automationProtocol\",\"baseUrl\",\"waitforInterval\",\"waitforTimeout\",\"onReload\",\"beforeCommand\",\"afterCommand\",\"rootDir\",\"specs\",\"suites\",\"exclude\",\"groupLogsByTestSpec\",\"excludeDriverLogs\",\"bail\",\"framework\",\"reporters\",\"services\",\"maxInstances\",\"maxInstancesPerCapability\",\"injectGlobals\",\"filesToWatch\",\"execArgv\",\"runnerEnv\",\"runner\",\"shard\",\"specFileRetries\",\"specFileRetriesDelay\",\"specFileRetriesDeferred\",\"reporterSyncInterval\",\"reporterSyncTimeout\",\"cucumberFeaturesWithLineNumbers\",\"autoCompileOpts\",\"mochaOpts\",\"jasmineOpts\",\"cucumberOpts\",\"onPrepare\",\"onWorkerStart\",\"onWorkerEnd\",\"before\",\"beforeSession\",\"beforeSuite\",\"beforeHook\",\"beforeTest\",\"afterTest\",\"afterHook\",\"afterSuite\",\"afterSession\",\"after\",\"onComplete\",\"beforeAssertion\",\"afterAssertion\",\"beforeFeature\",\"beforeScenario\",\"beforeStep\",\"afterStep\",\"afterScenario\",\"afterFeature\",\"_\",\"suite\",\"$0\",\"ignoredWorkerServices\",\"wdi5\"]"}]}
COMMAND: POST /session/ae63ae861a600ce3e86dcf3ce68037e1/execute/async - {"script":"<script> [21126 bytes]","args":[35000]}
RESULT: {"script":"<script> [21126 bytes]","args":[35000]}
COMMAND: POST /session/ae63ae861a600ce3e86dcf3ce68037e1/window/maximize - {}
RESULT: {}
COMMAND: POST /session/ae63ae861a600ce3e86dcf3ce68037e1/execute/async - {"script":"<script> [1562 bytes]","args":[{"selector":{"id":"shell-header","interaction":{"idSuffix":"icon"}},"wdio_ui5_key":"shellheader"}]}
COMMAND: GET /session/ae63ae861a600ce3e86dcf3ce68037e1/screenshot - {}
RESULT: undefined
RESULT: {"script":"<script> [1562 bytes]","args":[{"selector":{"id":"shell-header","interaction":{"idSuffix":"icon"}},"wdio_ui5_key":"shellheader"}]}
RESULT: undefined
COMMAND: POST /session/ae63ae861a600ce3e86dcf3ce68037e1/refresh - {}
RESULT: {}
RESULT: {}
COMMAND: GET /session/ae63ae861a600ce3e86dcf3ce68037e1/screenshot - {}
RESULT: {}
COMMAND: POST /session/ae63ae861a600ce3e86dcf3ce68037e1/refresh - {}
RESULT: {}
COMMAND: GET /session/ae63ae861a600ce3e86dcf3ce68037e1/screenshot - {}
RESULT: {}
COMMAND: POST /session/ae63ae861a600ce3e86dcf3ce68037e1/window/fullscreen - {}
RESULT: {}
COMMAND: POST /session/ae63ae861a600ce3e86dcf3ce68037e1/execute/async - {"script":"<script> [189 bytes]","args":[]}
RESULT: {"script":"<script> [189 bytes]","args":[]}
COMMAND: POST /session/ae63ae861a600ce3e86dcf3ce68037e1/execute/async - {"script":"<script> [123 bytes]","args":[]}
RESULT: {"script":"<script> [123 bytes]","args":[]}
COMMAND: POST /session/ae63ae861a600ce3e86dcf3ce68037e1/timeouts - {"script":"<number>"}
RESULT: {"script":"<number>"}
COMMAND: GET /session/ae63ae861a600ce3e86dcf3ce68037e1/timeouts - {}
RESULT: {}
RESULT: undefined
COMMAND: POST /session/ae63ae861a600ce3e86dcf3ce68037e1/execute/async - {"script":"<script> [2676 bytes]","args":[]}
RESULT: {"script":"<script> [2676 bytes]","args":[]}
COMMAND: POST /session/ae63ae861a600ce3e86dcf3ce68037e1/execute/async - {"script":"<script> [2342 bytes]","args":[{"protocol":"http","hostname":"0.0.0.0","path":"/","capabilities":{"browserName":"chrome","goog:chromeOptions":{"binary":"C:\\Program Files\\Google\\Chrome\\Application\\chrome.exe","args":["--start-maximized"]}},"logLevel":"warn","connectionRetryTimeout":120000,"connectionRetryCount":3,"logLevels":{},"enableDirectConnect":true,"strictSSL":true,"_":"65 more keys: [\"cacheDir\",\"port\",\"requestedCapabilities\",\"automationProtocol\",\"baseUrl\",\"waitforInterval\",\"waitforTimeout\",\"onReload\",\"beforeCommand\",\"afterCommand\",\"rootDir\",\"specs\",\"suites\",\"exclude\",\"groupLogsByTestSpec\",\"excludeDriverLogs\",\"bail\",\"framework\",\"reporters\",\"services\",\"maxInstances\",\"maxInstancesPerCapability\",\"injectGlobals\",\"filesToWatch\",\"execArgv\",\"runnerEnv\",\"runner\",\"shard\",\"specFileRetries\",\"specFileRetriesDelay\",\"specFileRetriesDeferred\",\"reporterSyncInterval\",\"reporterSyncTimeout\",\"cucumberFeaturesWithLineNumbers\",\"autoCompileOpts\",\"mochaOpts\",\"jasmineOpts\",\"cucumberOpts\",\"onPrepare\",\"onWorkerStart\",\"onWorkerEnd\",\"before\",\"beforeSession\",\"beforeSuite\",\"beforeHook\",\"beforeTest\",\"afterTest\",\"afterHook\",\"afterSuite\",\"afterSession\",\"after\",\"onComplete\",\"beforeAssertion\",\"afterAssertion\",\"beforeFeature\",\"beforeScenario\",\"beforeStep\",\"afterStep\",\"afterScenario\",\"afterFeature\",\"_\",\"suite\",\"$0\",\"ignoredWorkerServices\",\"wdi5\"]"}]}
RESULT: {"script":"<script> [2342 bytes]","args":[{"protocol":"http","hostname":"0.0.0.0","path":"/","capabilities":{"browserName":"chrome","goog:chromeOptions":{"binary":"C:\\Program Files\\Google\\Chrome\\Application\\chrome.exe","args":["--start-maximized"]}},"logLevel":"warn","connectionRetryTimeout":120000,"connectionRetryCount":3,"logLevels":{},"enableDirectConnect":true,"strictSSL":true,"_":"65 more keys: [\"cacheDir\",\"port\",\"requestedCapabilities\",\"automationProtocol\",\"baseUrl\",\"waitforInterval\",\"waitforTimeout\",\"onReload\",\"beforeCommand\",\"afterCommand\",\"rootDir\",\"specs\",\"suites\",\"exclude\",\"groupLogsByTestSpec\",\"excludeDriverLogs\",\"bail\",\"framework\",\"reporters\",\"services\",\"maxInstances\",\"maxInstancesPerCapability\",\"injectGlobals\",\"filesToWatch\",\"execArgv\",\"runnerEnv\",\"runner\",\"shard\",\"specFileRetries\",\"specFileRetriesDelay\",\"specFileRetriesDeferred\",\"reporterSyncInterval\",\"reporterSyncTimeout\",\"cucumberFeaturesWithLineNumbers\",\"autoCompileOpts\",\"mochaOpts\",\"jasmineOpts\",\"cucumberOpts\",\"onPrepare\",\"onWorkerStart\",\"onWorkerEnd\",\"before\",\"beforeSession\",\"beforeSuite\",\"beforeHook\",\"beforeTest\",\"afterTest\",\"afterHook\",\"afterSuite\",\"afterSession\",\"after\",\"onComplete\",\"beforeAssertion\",\"afterAssertion\",\"beforeFeature\",\"beforeScenario\",\"beforeStep\",\"afterStep\",\"afterScenario\",\"afterFeature\",\"_\",\"suite\",\"$0\",\"ignoredWorkerServices\",\"wdi5\"]"}]}
COMMAND: POST /session/ae63ae861a600ce3e86dcf3ce68037e1/execute/async - {"script":"<script> [21126 bytes]","args":[35000]}
RESULT: {"script":"<script> [21126 bytes]","args":[35000]}
]]></system-out>
    </testcase>
  </testsuite>
  <testsuite timestamp="2025-06-14T17:12:48" time="403.567" tests="9" failures="0" errors="0" skipped="0">
    <properties>
      <property name="specId" value="0"/>
      <property name="suiteName" value="US134625 Set up price condition - one time"/>
      <property name="capabilities" value="chrome.137_0_7151_69.windows"/>
      <property name="file" value="file:///D:/a/1/s/test/specs/BTS/set-up-price-condition-one-time.spec.js"/>
    </properties>
    <testcase classname="chrome.137_0_7151_69.windows.US134625_Set_up_price_condition_-_one_time" name="Should create a new yard used for all following tests" time="0.01">
      <system-out><![CDATA[
COMMAND: POST /session/ae63ae861a600ce3e86dcf3ce68037e1/window/fullscreen - {}
RESULT: {}
]]></system-out>
    </testcase>
    <testcase classname="chrome.137_0_7151_69.windows.US134625_Set_up_price_condition_-_one_time" name="Should create a new partner" time="0.002"/>
    <testcase classname="chrome.137_0_7151_69.windows.US134625_Set_up_price_condition_-_one_time" name="Should create a new site used for following tests" time="0.002"/>
    <testcase classname="chrome.137_0_7151_69.windows.US134625_Set_up_price_condition_-_one_time" name="Should create a new material for billing type one time" time="109.433">
      <system-out><![CDATA[
COMMAND: POST /session/ae63ae861a600ce3e86dcf3ce68037e1/execute/async - {"script":"<script> [1562 bytes]","args":[{"selector":{"controlType":"sap.m.GenericTile","properties":{"header":"Manage Resources"}},"wdio_ui5_key":"sapm.GenericTile{\"header\":\"Manage Resources\"}"}]}
RESULT: {"script":"<script> [1562 bytes]","args":[{"selector":{"controlType":"sap.m.GenericTile","properties":{"header":"Manage Resources"}},"wdio_ui5_key":"sapm.GenericTile{\"header\":\"Manage Resources\"}"}]}
RESULT: undefined
COMMAND: POST /session/ae63ae861a600ce3e86dcf3ce68037e1/element - {"using":"xpath","value":"//*[@id=\"__tile40\"]"}
RESULT: {"using":"xpath","value":"//*[@id=\"__tile40\"]"}
COMMAND: POST /session/ae63ae861a600ce3e86dcf3ce68037e1/element/f.B604D285643F95EEE180589880A06EE9.d.D1135A460560A2EDF5C335585E1DEB2D.e.6333/click - {}
RESULT: {}
COMMAND: GET /session/ae63ae861a600ce3e86dcf3ce68037e1/screenshot - {}
RESULT: {}
COMMAND: POST /session/ae63ae861a600ce3e86dcf3ce68037e1/elements - {"using":"xpath","value":"//span[text()='Error']"}
RESULT: {"using":"xpath","value":"//span[text()='Error']"}
COMMAND: POST /session/ae63ae861a600ce3e86dcf3ce68037e1/element - {"using":"xpath","value":"//button[@data-kt=\"addNewRUOverflowToolbarButton\"]"}
RESULT: {"using":"xpath","value":"//button[@data-kt=\"addNewRUOverflowToolbarButton\"]"}
COMMAND: POST /session/ae63ae861a600ce3e86dcf3ce68037e1/elements - {"using":"xpath","value":"//button[@data-kt=\"addNewRUOverflowToolbarButton\"]"}
RESULT: {"using":"xpath","value":"//button[@data-kt=\"addNewRUOverflowToolbarButton\"]"}
COMMAND: POST /session/ae63ae861a600ce3e86dcf3ce68037e1/elements - {"using":"xpath","value":"//button[@data-kt=\"addNewRUOverflowToolbarButton\"]"}
RESULT: {"using":"xpath","value":"//button[@data-kt=\"addNewRUOverflowToolbarButton\"]"}
COMMAND: POST /session/ae63ae861a600ce3e86dcf3ce68037e1/element - {"using":"xpath","value":"//button[@data-kt=\"addNewRUOverflowToolbarButton\"]"}
RESULT: {"using":"xpath","value":"//button[@data-kt=\"addNewRUOverflowToolbarButton\"]"}
COMMAND: POST /session/ae63ae861a600ce3e86dcf3ce68037e1/execute/sync - {"script":"<script> [8489 bytes]","args":[{"element-6066-11e4-a52e-4f735466cecf":"f.B604D285643F95EEE180589880A06EE9.d.D1135A460560A2EDF5C335585E1DEB2D.e.6474","ELEMENT":"f.B604D285643F95EEE180589880A06EE9.d.D1135A460560A2EDF5C335585E1DEB2D.e.6474"}]}
RESULT: {"script":"<script> [8489 bytes]","args":[{"element-6066-11e4-a52e-4f735466cecf":"f.B604D285643F95EEE180589880A06EE9.d.D1135A460560A2EDF5C335585E1DEB2D.e.6474","ELEMENT":"f.B604D285643F95EEE180589880A06EE9.d.D1135A460560A2EDF5C335585E1DEB2D.e.6474"}]}
COMMAND: GET /session/ae63ae861a600ce3e86dcf3ce68037e1/element/f.B604D285643F95EEE180589880A06EE9.d.D1135A460560A2EDF5C335585E1DEB2D.e.6474/enabled - {}
COMMAND: GET /session/ae63ae861a600ce3e86dcf3ce68037e1/screenshot - {}
RESULT: {}
COMMAND: POST /session/ae63ae861a600ce3e86dcf3ce68037e1/execute/sync - {"script":"<script> [8489 bytes]","args":[{"element-6066-11e4-a52e-4f735466cecf":"f.B604D285643F95EEE180589880A06EE9.d.D1135A460560A2EDF5C335585E1DEB2D.e.6474","ELEMENT":"f.B604D285643F95EEE180589880A06EE9.d.D1135A460560A2EDF5C335585E1DEB2D.e.6474"}]}
COMMAND: GET /session/ae63ae861a600ce3e86dcf3ce68037e1/screenshot - {}
RESULT: {}
RESULT: {}
RESULT: {"script":"<script> [8489 bytes]","args":[{"element-6066-11e4-a52e-4f735466cecf":"f.B604D285643F95EEE180589880A06EE9.d.D1135A460560A2EDF5C335585E1DEB2D.e.6474","ELEMENT":"f.B604D285643F95EEE180589880A06EE9.d.D1135A460560A2EDF5C335585E1DEB2D.e.6474"}]}
COMMAND: POST /session/ae63ae861a600ce3e86dcf3ce68037e1/execute/sync - {"script":"<script> [5351 bytes]","args":[{"element-6066-11e4-a52e-4f735466cecf":"f.B604D285643F95EEE180589880A06EE9.d.D1135A460560A2EDF5C335585E1DEB2D.e.6474","ELEMENT":"f.B604D285643F95EEE180589880A06EE9.d.D1135A460560A2EDF5C335585E1DEB2D.e.6474"}]}
COMMAND: GET /session/ae63ae861a600ce3e86dcf3ce68037e1/screenshot - {}
RESULT: {"script":"<script> [5351 bytes]","args":[{"element-6066-11e4-a52e-4f735466cecf":"f.B604D285643F95EEE180589880A06EE9.d.D1135A460560A2EDF5C335585E1DEB2D.e.6474","ELEMENT":"f.B604D285643F95EEE180589880A06EE9.d.D1135A460560A2EDF5C335585E1DEB2D.e.6474"}]}
COMMAND: POST /session/ae63ae861a600ce3e86dcf3ce68037e1/element/f.B604D285643F95EEE180589880A06EE9.d.D1135A460560A2EDF5C335585E1DEB2D.e.6474/click - {}
COMMAND: GET /session/ae63ae861a600ce3e86dcf3ce68037e1/screenshot - {}
RESULT: {}
RESULT: {}
COMMAND: GET /session/ae63ae861a600ce3e86dcf3ce68037e1/screenshot - {}
RESULT: {}
RESULT: {}
COMMAND: POST /session/ae63ae861a600ce3e86dcf3ce68037e1/execute/async - {"script":"<script> [1562 bytes]","args":[{"selector":{"id":"application-manageresources-display-component---newResourceUnit--TYPE-arrow"},"wdio_ui5_key":"applicationmanageresources-display-component---newResourceUnit--TYPE-arrow"}]}
RESULT: {"script":"<script> [1562 bytes]","args":[{"selector":{"id":"application-manageresources-display-component---newResourceUnit--TYPE-arrow"},"wdio_ui5_key":"applicationmanageresources-display-component---newResourceUnit--TYPE-arrow"}]}
RESULT: undefined
COMMAND: POST /session/ae63ae861a600ce3e86dcf3ce68037e1/element - {"using":"xpath","value":"//*[@id=\"application-manageresources-display-component---newResourceUnit--TYPE-arrow\"]"}
RESULT: {"using":"xpath","value":"//*[@id=\"application-manageresources-display-component---newResourceUnit--TYPE-arrow\"]"}
COMMAND: POST /session/ae63ae861a600ce3e86dcf3ce68037e1/element/f.B604D285643F95EEE180589880A06EE9.d.D1135A460560A2EDF5C335585E1DEB2D.e.6841/click - {}
RESULT: {}
COMMAND: POST /session/ae63ae861a600ce3e86dcf3ce68037e1/element - {"using":"xpath","value":"//input[@id=\"application-manageresources-display-component---newResourceUnit--TYPE-inner\"]"}
COMMAND: GET /session/ae63ae861a600ce3e86dcf3ce68037e1/screenshot - {}
RESULT: {"using":"xpath","value":"//input[@id=\"application-manageresources-display-component---newResourceUnit--TYPE-inner\"]"}
COMMAND: POST /session/ae63ae861a600ce3e86dcf3ce68037e1/element/f.B604D285643F95EEE180589880A06EE9.d.D1135A460560A2EDF5C335585E1DEB2D.e.6828/clear - {}
RESULT: {}
RESULT: {}
COMMAND: POST /session/ae63ae861a600ce3e86dcf3ce68037e1/element/f.B604D285643F95EEE180589880A06EE9.d.D1135A460560A2EDF5C335585E1DEB2D.e.6828/value - {"text":"Material"}
COMMAND: GET /session/ae63ae861a600ce3e86dcf3ce68037e1/screenshot - {}
RESULT: {"text":"Material"}
COMMAND: GET /session/ae63ae861a600ce3e86dcf3ce68037e1/screenshot - {}
RESULT: {}
RESULT: {}
COMMAND: POST /session/ae63ae861a600ce3e86dcf3ce68037e1/actions - {"actions":[{"id":"action19","type":"key","parameters":{},"actions":[{"type":"keyDown","value":""},{"type":"pause","duration":10},{"type":"keyUp","value":""}]}]}
RESULT: {"actions":[{"id":"action19","type":"key","parameters":{},"actions":[{"type":"keyDown","value":""},{"type":"pause","duration":10},{"type":"keyUp","value":""}]}]}
COMMAND: POST /session/ae63ae861a600ce3e86dcf3ce68037e1/execute/async - {"script":"<script> [1562 bytes]","args":[{"selector":{"id":"application-manageresources-display-component---newResourceUnit--SHORT_TEXT","interaction":{"idSuffix":"inner"}},"wdio_ui5_key":"applicationmanageresources-display-component---newResourceUnit--SHORT_TEXT"}]}
COMMAND: GET /session/ae63ae861a600ce3e86dcf3ce68037e1/screenshot - {}
RESULT: undefined
RESULT: undefined
RESULT: {"script":"<script> [1562 bytes]","args":[{"selector":{"id":"application-manageresources-display-component---newResourceUnit--SHORT_TEXT","interaction":{"idSuffix":"inner"}},"wdio_ui5_key":"applicationmanageresources-display-component---newResourceUnit--SHORT_TEXT"}]}
RESULT: undefined
COMMAND: POST /session/ae63ae861a600ce3e86dcf3ce68037e1/execute/async - {"script":"<script> [776 bytes]","args":[{"enterText":"Cement WDIO","selector":{"id":"application-manageresources-display-component---newResourceUnit--SHORT_TEXT","interaction":{"idSuffix":"inner"}},"clearTextFirst":true,"interactionType":"ENTER_TEXT"}]}
RESULT: {}
RESULT: {"script":"<script> [776 bytes]","args":[{"enterText":"Cement WDIO","selector":{"id":"application-manageresources-display-component---newResourceUnit--SHORT_TEXT","interaction":{"idSuffix":"inner"}},"clearTextFirst":true,"interactionType":"ENTER_TEXT"}]}
COMMAND: POST /session/ae63ae861a600ce3e86dcf3ce68037e1/execute/async - {"script":"<script> [1562 bytes]","args":[{"selector":{"id":"application-manageresources-display-component---newResourceUnit--BASE_UNIT_OF_MEASURE","interaction":{"idSuffix":"inner"}},"wdio_ui5_key":"applicationmanageresources-display-component---newResourceUnit--BASE_UNIT_OF_MEASURE"}]}
RESULT: {"script":"<script> [1562 bytes]","args":[{"selector":{"id":"application-manageresources-display-component---newResourceUnit--BASE_UNIT_OF_MEASURE","interaction":{"idSuffix":"inner"}},"wdio_ui5_key":"applicationmanageresources-display-component---newResourceUnit--BASE_UNIT_OF_MEASURE"}]}
RESULT: undefined
COMMAND: POST /session/ae63ae861a600ce3e86dcf3ce68037e1/execute/async - {"script":"<script> [776 bytes]","args":[{"enterText":"Piece","selector":{"id":"application-manageresources-display-component---newResourceUnit--BASE_UNIT_OF_MEASURE","interaction":{"idSuffix":"inner"}},"clearTextFirst":true,"interactionType":"ENTER_TEXT"}]}
RESULT: {"script":"<script> [776 bytes]","args":[{"enterText":"Piece","selector":{"id":"application-manageresources-display-component---newResourceUnit--BASE_UNIT_OF_MEASURE","interaction":{"idSuffix":"inner"}},"clearTextFirst":true,"interactionType":"ENTER_TEXT"}]}
COMMAND: POST /session/ae63ae861a600ce3e86dcf3ce68037e1/execute/async - {"script":"<script> [1562 bytes]","args":[{"selector":{"id":"application-manageresources-display-component---newResourceUnit--WEIGHT_UNIT","interaction":{"idSuffix":"inner"}},"wdio_ui5_key":"applicationmanageresources-display-component---newResourceUnit--WEIGHT_UNIT"}]}
RESULT: {"script":"<script> [1562 bytes]","args":[{"selector":{"id":"application-manageresources-display-component---newResourceUnit--WEIGHT_UNIT","interaction":{"idSuffix":"inner"}},"wdio_ui5_key":"applicationmanageresources-display-component---newResourceUnit--WEIGHT_UNIT"}]}
RESULT: undefined
COMMAND: POST /session/ae63ae861a600ce3e86dcf3ce68037e1/execute/async - {"script":"<script> [776 bytes]","args":[{"enterText":"Gram","selector":{"id":"application-manageresources-display-component---newResourceUnit--WEIGHT_UNIT","interaction":{"idSuffix":"inner"}},"clearTextFirst":true,"interactionType":"ENTER_TEXT"}]}
RESULT: {"script":"<script> [776 bytes]","args":[{"enterText":"Gram","selector":{"id":"application-manageresources-display-component---newResourceUnit--WEIGHT_UNIT","interaction":{"idSuffix":"inner"}},"clearTextFirst":true,"interactionType":"ENTER_TEXT"}]}
COMMAND: POST /session/ae63ae861a600ce3e86dcf3ce68037e1/execute/async - {"script":"<script> [1562 bytes]","args":[{"selector":{"id":"application-manageresources-display-component---newResourceUnit--DIMENSION_UNIT","interaction":{"idSuffix":"inner"}},"wdio_ui5_key":"applicationmanageresources-display-component---newResourceUnit--DIMENSION_UNIT"}]}
RESULT: {"script":"<script> [1562 bytes]","args":[{"selector":{"id":"application-manageresources-display-component---newResourceUnit--DIMENSION_UNIT","interaction":{"idSuffix":"inner"}},"wdio_ui5_key":"applicationmanageresources-display-component---newResourceUnit--DIMENSION_UNIT"}]}
RESULT: undefined
COMMAND: POST /session/ae63ae861a600ce3e86dcf3ce68037e1/execute/async - {"script":"<script> [776 bytes]","args":[{"enterText":"Meter","selector":{"id":"application-manageresources-display-component---newResourceUnit--DIMENSION_UNIT","interaction":{"idSuffix":"inner"}},"clearTextFirst":true,"interactionType":"ENTER_TEXT"}]}
RESULT: {"script":"<script> [776 bytes]","args":[{"enterText":"Meter","selector":{"id":"application-manageresources-display-component---newResourceUnit--DIMENSION_UNIT","interaction":{"idSuffix":"inner"}},"clearTextFirst":true,"interactionType":"ENTER_TEXT"}]}
COMMAND: POST /session/ae63ae861a600ce3e86dcf3ce68037e1/execute/async - {"script":"<script> [1562 bytes]","args":[{"selector":{"id":"application-manageresources-display-component---newResourceUnit--newRRUPage-anchBar-application-manageresources-display-component---newResourceUnit--control-anchor","interaction":{"idSuffix":"BDI-content"}},"wdio_ui5_key":"applicationmanageresources-display-component---newResourceUnit--newRRUPage-anchBar-application-manageresources-display-component---newResourceUnit--control-anchor"}]}
RESULT: {"script":"<script> [1562 bytes]","args":[{"selector":{"id":"application-manageresources-display-component---newResourceUnit--newRRUPage-anchBar-application-manageresources-display-component---newResourceUnit--control-anchor","interaction":{"idSuffix":"BDI-content"}},"wdio_ui5_key":"applicationmanageresources-display-component---newResourceUnit--newRRUPage-anchBar-application-manageresources-display-component---newResourceUnit--control-anchor"}]}
RESULT: undefined
COMMAND: POST /session/ae63ae861a600ce3e86dcf3ce68037e1/element - {"using":"xpath","value":"//*[@id=\"application-manageresources-display-component---newResourceUnit--newRRUPage-anchBar-application-manageresources-display-component---newResourceUnit--control-anchor\"]"}
RESULT: {"using":"xpath","value":"//*[@id=\"application-manageresources-display-component---newResourceUnit--newRRUPage-anchBar-application-manageresources-display-component---newResourceUnit--control-anchor\"]"}
COMMAND: POST /session/ae63ae861a600ce3e86dcf3ce68037e1/element/f.B604D285643F95EEE180589880A06EE9.d.D1135A460560A2EDF5C335585E1DEB2D.e.6976/click - {}
RESULT: {}
COMMAND: POST /session/ae63ae861a600ce3e86dcf3ce68037e1/execute/async - {"script":"<script> [1562 bytes]","args":[{"selector":{"id":"application-manageresources-display-component---newResourceUnit--PLANNING_GROUP","interaction":{"idSuffix":"inner"}},"wdio_ui5_key":"applicationmanageresources-display-component---newResourceUnit--PLANNING_GROUP"}]}
COMMAND: GET /session/ae63ae861a600ce3e86dcf3ce68037e1/screenshot - {}
RESULT: {"script":"<script> [1562 bytes]","args":[{"selector":{"id":"application-manageresources-display-component---newResourceUnit--PLANNING_GROUP","interaction":{"idSuffix":"inner"}},"wdio_ui5_key":"applicationmanageresources-display-component---newResourceUnit--PLANNING_GROUP"}]}
RESULT: undefined
COMMAND: POST /session/ae63ae861a600ce3e86dcf3ce68037e1/execute/async - {"script":"<script> [776 bytes]","args":[{"enterText":"Material","selector":{"id":"application-manageresources-display-component---newResourceUnit--PLANNING_GROUP","interaction":{"idSuffix":"inner"}},"clearTextFirst":true,"interactionType":"ENTER_TEXT"}]}
RESULT: {}
RESULT: {"script":"<script> [776 bytes]","args":[{"enterText":"Material","selector":{"id":"application-manageresources-display-component---newResourceUnit--PLANNING_GROUP","interaction":{"idSuffix":"inner"}},"clearTextFirst":true,"interactionType":"ENTER_TEXT"}]}
COMMAND: POST /session/ae63ae861a600ce3e86dcf3ce68037e1/execute/async - {"script":"<script> [1562 bytes]","args":[{"selector":{"id":"application-manageresources-display-component---newResourceUnit--PLANNING_INDICATOR","interaction":{"idSuffix":"inner"}},"wdio_ui5_key":"applicationmanageresources-display-component---newResourceUnit--PLANNING_INDICATOR"}]}
RESULT: {"script":"<script> [1562 bytes]","args":[{"selector":{"id":"application-manageresources-display-component---newResourceUnit--PLANNING_INDICATOR","interaction":{"idSuffix":"inner"}},"wdio_ui5_key":"applicationmanageresources-display-component---newResourceUnit--PLANNING_INDICATOR"}]}
RESULT: undefined
COMMAND: POST /session/ae63ae861a600ce3e86dcf3ce68037e1/execute/async - {"script":"<script> [776 bytes]","args":[{"enterText":"10 - infinite","selector":{"id":"application-manageresources-display-component---newResourceUnit--PLANNING_INDICATOR","interaction":{"idSuffix":"inner"}},"clearTextFirst":true,"interactionType":"ENTER_TEXT"}]}
RESULT: {"script":"<script> [776 bytes]","args":[{"enterText":"10 - infinite","selector":{"id":"application-manageresources-display-component---newResourceUnit--PLANNING_INDICATOR","interaction":{"idSuffix":"inner"}},"clearTextFirst":true,"interactionType":"ENTER_TEXT"}]}
COMMAND: POST /session/ae63ae861a600ce3e86dcf3ce68037e1/element - {"using":"css selector","value":"#application-manageresources-display-component---newResourceUnit--btnAddTimeSegment"}
RESULT: {"using":"css selector","value":"#application-manageresources-display-component---newResourceUnit--btnAddTimeSegment"}
COMMAND: GET /session/ae63ae861a600ce3e86dcf3ce68037e1/element/f.B604D285643F95EEE180589880A06EE9.d.D1135A460560A2EDF5C335585E1DEB2D.e.6986/rect - {}
RESULT: {}
COMMAND: GET /session/ae63ae861a600ce3e86dcf3ce68037e1/window/rect - {}
RESULT: {}
COMMAND: POST /session/ae63ae861a600ce3e86dcf3ce68037e1/execute/sync - {"script":"<script> [92 bytes]","args":[]}
RESULT: {"script":"<script> [92 bytes]","args":[]}
COMMAND: POST /session/ae63ae861a600ce3e86dcf3ce68037e1/actions - {"actions":[{"id":"action20","type":"wheel","parameters":{},"actions":[{"type":"scroll","x":-1888,"y":-32,"deltaX":0,"deltaY":0,"duration":0,"origin":{"element-6066-11e4-a52e-4f735466cecf":"f.B604D285643F95EEE180589880A06EE9.d.D1135A460560A2EDF5C335585E1DEB2D.e.6986"}}]}]}
COMMAND: GET /session/ae63ae861a600ce3e86dcf3ce68037e1/screenshot - {}
RESULT: {}
COMMAND: POST /session/ae63ae861a600ce3e86dcf3ce68037e1/execute/sync - {"script":"<script> [79 bytes]","args":[{"element-6066-11e4-a52e-4f735466cecf":"f.B604D285643F95EEE180589880A06EE9.d.D1135A460560A2EDF5C335585E1DEB2D.e.6986","ELEMENT":"f.B604D285643F95EEE180589880A06EE9.d.D1135A460560A2EDF5C335585E1DEB2D.e.6986"},{"block":"start","inline":"nearest"}]}
RESULT: {"script":"<script> [79 bytes]","args":[{"element-6066-11e4-a52e-4f735466cecf":"f.B604D285643F95EEE180589880A06EE9.d.D1135A460560A2EDF5C335585E1DEB2D.e.6986","ELEMENT":"f.B604D285643F95EEE180589880A06EE9.d.D1135A460560A2EDF5C335585E1DEB2D.e.6986"},{"block":"start","inline":"nearest"}]}
COMMAND: POST /session/ae63ae861a600ce3e86dcf3ce68037e1/execute/async - {"script":"<script> [1562 bytes]","args":[{"selector":{"id":"application-manageresources-display-component---newResourceUnit--btnAddTimeSegment","interaction":{"idSuffix":"inner"}},"wdio_ui5_key":"applicationmanageresources-display-component---newResourceUnit--btnAddTimeSegment"}]}
COMMAND: GET /session/ae63ae861a600ce3e86dcf3ce68037e1/screenshot - {}
RESULT: {"script":"<script> [1562 bytes]","args":[{"selector":{"id":"application-manageresources-display-component---newResourceUnit--btnAddTimeSegment","interaction":{"idSuffix":"inner"}},"wdio_ui5_key":"applicationmanageresources-display-component---newResourceUnit--btnAddTimeSegment"}]}
RESULT: undefined
COMMAND: POST /session/ae63ae861a600ce3e86dcf3ce68037e1/element - {"using":"xpath","value":"//*[@id=\"application-manageresources-display-component---newResourceUnit--btnAddTimeSegment\"]"}
RESULT: {}
RESULT: {"using":"xpath","value":"//*[@id=\"application-manageresources-display-component---newResourceUnit--btnAddTimeSegment\"]"}
COMMAND: POST /session/ae63ae861a600ce3e86dcf3ce68037e1/element/f.B604D285643F95EEE180589880A06EE9.d.D1135A460560A2EDF5C335585E1DEB2D.e.6986/click - {}
RESULT: {}
COMMAND: GET /session/ae63ae861a600ce3e86dcf3ce68037e1/screenshot - {}
RESULT: {}
COMMAND: POST /session/ae63ae861a600ce3e86dcf3ce68037e1/element - {"using":"xpath","value":"//input[@id=\"application-manageresources-display-component---newResourceUnit--idRuTSAdmin-application-manageresources-display-component---newResourceUnit--RUTimeSegment-0-inner\"]"}
RESULT: {"using":"xpath","value":"//input[@id=\"application-manageresources-display-component---newResourceUnit--idRuTSAdmin-application-manageresources-display-component---newResourceUnit--RUTimeSegment-0-inner\"]"}
COMMAND: POST /session/ae63ae861a600ce3e86dcf3ce68037e1/element/f.B604D285643F95EEE180589880A06EE9.d.D1135A460560A2EDF5C335585E1DEB2D.e.6991/clear - {}
RESULT: {}
COMMAND: POST /session/ae63ae861a600ce3e86dcf3ce68037e1/element/f.B604D285643F95EEE180589880A06EE9.d.D1135A460560A2EDF5C335585E1DEB2D.e.6991/value - {"text":"269"}
COMMAND: GET /session/ae63ae861a600ce3e86dcf3ce68037e1/screenshot - {}
RESULT: {"text":"269"}
COMMAND: GET /session/ae63ae861a600ce3e86dcf3ce68037e1/screenshot - {}
RESULT: {}
RESULT: {}
COMMAND: POST /session/ae63ae861a600ce3e86dcf3ce68037e1/element - {"using":"xpath","value":"//li[.//span[text()='269']]"}
RESULT: {"using":"xpath","value":"//li[.//span[text()='269']]"}
COMMAND: POST /session/ae63ae861a600ce3e86dcf3ce68037e1/element/f.B604D285643F95EEE180589880A06EE9.d.D1135A460560A2EDF5C335585E1DEB2D.e.7000/click - {}
RESULT: {}
COMMAND: GET /session/ae63ae861a600ce3e86dcf3ce68037e1/screenshot - {}
RESULT: {}
COMMAND: POST /session/ae63ae861a600ce3e86dcf3ce68037e1/element - {"using":"xpath","value":"(//span[contains(@id, \"-application-manageresources-display-component---newResourceUnit--RUTimeSegment-0-arrow\")])[2]"}
RESULT: {"using":"xpath","value":"(//span[contains(@id, \"-application-manageresources-display-component---newResourceUnit--RUTimeSegment-0-arrow\")])[2]"}
COMMAND: POST /session/ae63ae861a600ce3e86dcf3ce68037e1/element/f.B604D285643F95EEE180589880A06EE9.d.D1135A460560A2EDF5C335585E1DEB2D.e.7001/click - {}
RESULT: {}
COMMAND: POST /session/ae63ae861a600ce3e86dcf3ce68037e1/element - {"using":"xpath","value":"//span[contains(text(), \"PM Order\")]"}
COMMAND: GET /session/ae63ae861a600ce3e86dcf3ce68037e1/screenshot - {}
RESULT: {"using":"xpath","value":"//span[contains(text(), \"PM Order\")]"}
COMMAND: POST /session/ae63ae861a600ce3e86dcf3ce68037e1/element/f.B604D285643F95EEE180589880A06EE9.d.D1135A460560A2EDF5C335585E1DEB2D.e.7002/click - {}
RESULT: {}
RESULT: {}
COMMAND: GET /session/ae63ae861a600ce3e86dcf3ce68037e1/screenshot - {}
RESULT: {}
COMMAND: POST /session/ae63ae861a600ce3e86dcf3ce68037e1/element - {"using":"xpath","value":"//td/div/div/div/span[contains(@id, \"newResourceUnit--RUTimeSegment-0-vhi\")][1]"}
RESULT: {"using":"xpath","value":"//td/div/div/div/span[contains(@id, \"newResourceUnit--RUTimeSegment-0-vhi\")][1]"}
COMMAND: GET /session/ae63ae861a600ce3e86dcf3ce68037e1/element/f.B604D285643F95EEE180589880A06EE9.d.D1135A460560A2EDF5C335585E1DEB2D.e.7006/rect - {}
RESULT: {}
COMMAND: GET /session/ae63ae861a600ce3e86dcf3ce68037e1/window/rect - {}
RESULT: {}
COMMAND: POST /session/ae63ae861a600ce3e86dcf3ce68037e1/execute/sync - {"script":"<script> [92 bytes]","args":[]}
RESULT: {"script":"<script> [92 bytes]","args":[]}
COMMAND: POST /session/ae63ae861a600ce3e86dcf3ce68037e1/actions - {"actions":[{"id":"action21","type":"wheel","parameters":{},"actions":[{"type":"scroll","x":-1888,"y":-24,"deltaX":0,"deltaY":0,"duration":0,"origin":{"element-6066-11e4-a52e-4f735466cecf":"f.B604D285643F95EEE180589880A06EE9.d.D1135A460560A2EDF5C335585E1DEB2D.e.7006"}}]}]}
COMMAND: GET /session/ae63ae861a600ce3e86dcf3ce68037e1/screenshot - {}
RESULT: {}
COMMAND: POST /session/ae63ae861a600ce3e86dcf3ce68037e1/execute/sync - {"script":"<script> [79 bytes]","args":[{"element-6066-11e4-a52e-4f735466cecf":"f.B604D285643F95EEE180589880A06EE9.d.D1135A460560A2EDF5C335585E1DEB2D.e.7006","ELEMENT":"f.B604D285643F95EEE180589880A06EE9.d.D1135A460560A2EDF5C335585E1DEB2D.e.7006"},{"block":"start","inline":"nearest"}]}
RESULT: {"script":"<script> [79 bytes]","args":[{"element-6066-11e4-a52e-4f735466cecf":"f.B604D285643F95EEE180589880A06EE9.d.D1135A460560A2EDF5C335585E1DEB2D.e.7006","ELEMENT":"f.B604D285643F95EEE180589880A06EE9.d.D1135A460560A2EDF5C335585E1DEB2D.e.7006"},{"block":"start","inline":"nearest"}]}
COMMAND: GET /session/ae63ae861a600ce3e86dcf3ce68037e1/screenshot - {}
RESULT: {}
COMMAND: POST /session/ae63ae861a600ce3e86dcf3ce68037e1/element/f.B604D285643F95EEE180589880A06EE9.d.D1135A460560A2EDF5C335585E1DEB2D.e.7006/click - {}
RESULT: {}
COMMAND: GET /session/ae63ae861a600ce3e86dcf3ce68037e1/screenshot - {}
RESULT: {}
COMMAND: POST /session/ae63ae861a600ce3e86dcf3ce68037e1/execute/async - {"script":"<script> [1562 bytes]","args":[{"selector":{"controlType":"sap.m.SearchField","properties":{"placeholder":"Search"},"searchOpenDialogs":true,"interaction":{"idSuffix":"I"}},"wdio_ui5_key":"sapm.SearchField{\"placeholder\":\"Search\"}"}]}
RESULT: {"script":"<script> [1562 bytes]","args":[{"selector":{"controlType":"sap.m.SearchField","properties":{"placeholder":"Search"},"searchOpenDialogs":true,"interaction":{"idSuffix":"I"}},"wdio_ui5_key":"sapm.SearchField{\"placeholder\":\"Search\"}"}]}
RESULT: undefined
COMMAND: POST /session/ae63ae861a600ce3e86dcf3ce68037e1/execute/async - {"script":"<script> [776 bytes]","args":[{"enterText":"4000360","selector":{"controlType":"sap.m.SearchField","properties":{"placeholder":"Search"},"searchOpenDialogs":true,"interaction":{"idSuffix":"I"}},"clearTextFirst":true,"interactionType":"ENTER_TEXT"}]}
RESULT: {"script":"<script> [776 bytes]","args":[{"enterText":"4000360","selector":{"controlType":"sap.m.SearchField","properties":{"placeholder":"Search"},"searchOpenDialogs":true,"interaction":{"idSuffix":"I"}},"clearTextFirst":true,"interactionType":"ENTER_TEXT"}]}
COMMAND: POST /session/ae63ae861a600ce3e86dcf3ce68037e1/actions - {"actions":[{"id":"action22","type":"key","parameters":{},"actions":[{"type":"keyDown","value":""},{"type":"pause","duration":10},{"type":"keyUp","value":""}]}]}
RESULT: {"actions":[{"id":"action22","type":"key","parameters":{},"actions":[{"type":"keyDown","value":""},{"type":"pause","duration":10},{"type":"keyUp","value":""}]}]}
COMMAND: GET /session/ae63ae861a600ce3e86dcf3ce68037e1/screenshot - {}
RESULT: {}
COMMAND: POST /session/ae63ae861a600ce3e86dcf3ce68037e1/element - {"using":"xpath","value":"//td/div/span[contains(text(), \"BGL Vehicles\")]"}
RESULT: {"using":"xpath","value":"//td/div/span[contains(text(), \"BGL Vehicles\")]"}
COMMAND: POST /session/ae63ae861a600ce3e86dcf3ce68037e1/element/f.B604D285643F95EEE180589880A06EE9.d.D1135A460560A2EDF5C335585E1DEB2D.e.7028/click - {}
RESULT: {}
COMMAND: GET /session/ae63ae861a600ce3e86dcf3ce68037e1/screenshot - {}
RESULT: {}
COMMAND: POST /session/ae63ae861a600ce3e86dcf3ce68037e1/element - {"using":"xpath","value":"//bdi[contains(text(), \"OK\")]"}
RESULT: {"using":"xpath","value":"//bdi[contains(text(), \"OK\")]"}
COMMAND: POST /session/ae63ae861a600ce3e86dcf3ce68037e1/element/f.B604D285643F95EEE180589880A06EE9.d.D1135A460560A2EDF5C335585E1DEB2D.e.7029/click - {}
RESULT: {}
COMMAND: GET /session/ae63ae861a600ce3e86dcf3ce68037e1/screenshot - {}
RESULT: {}
COMMAND: POST /session/ae63ae861a600ce3e86dcf3ce68037e1/element - {"using":"xpath","value":"//label[contains(@class, 'sapMLabelRequired') and .//bdi[contains(text(), 'Planned Retirement')]]"}
RESULT: {"using":"xpath","value":"//label[contains(@class, 'sapMLabelRequired') and .//bdi[contains(text(), 'Planned Retirement')]]"}
COMMAND: POST /session/ae63ae861a600ce3e86dcf3ce68037e1/elements - {"using":"xpath","value":"//label[contains(@class, 'sapMLabelRequired') and .//bdi[contains(text(), 'Planned Retirement')]]"}
RESULT: {"using":"xpath","value":"//label[contains(@class, 'sapMLabelRequired') and .//bdi[contains(text(), 'Planned Retirement')]]"}
COMMAND: POST /session/ae63ae861a600ce3e86dcf3ce68037e1/element - {"using":"xpath","value":"//button[@data-kt=\"resourceUnitSaveButton\"]"}
RESULT: {"using":"xpath","value":"//button[@data-kt=\"resourceUnitSaveButton\"]"}
COMMAND: POST /session/ae63ae861a600ce3e86dcf3ce68037e1/element/f.B604D285643F95EEE180589880A06EE9.d.D1135A460560A2EDF5C335585E1DEB2D.e.6860/click - {}
RESULT: {}
COMMAND: GET /session/ae63ae861a600ce3e86dcf3ce68037e1/screenshot - {}
RESULT: {}
COMMAND: POST /session/ae63ae861a600ce3e86dcf3ce68037e1/element - {"using":"xpath","value":"//bdi[contains(text(), \"Close\")]"}
RESULT: {"using":"xpath","value":"//bdi[contains(text(), \"Close\")]"}
COMMAND: POST /session/ae63ae861a600ce3e86dcf3ce68037e1/element/f.B604D285643F95EEE180589880A06EE9.d.D1135A460560A2EDF5C335585E1DEB2D.e.7035/click - {}
RESULT: {}
COMMAND: GET /session/ae63ae861a600ce3e86dcf3ce68037e1/screenshot - {}
RESULT: {}
COMMAND: POST /session/ae63ae861a600ce3e86dcf3ce68037e1/element - {"using":"xpath","value":"//header[contains(@id, 'detailRruPage-headerTitle')]/div[1]/div[2]/div[2]/span[1]"}
RESULT: {"using":"xpath","value":"//header[contains(@id, 'detailRruPage-headerTitle')]/div[1]/div[2]/div[2]/span[1]"}
COMMAND: POST /session/ae63ae861a600ce3e86dcf3ce68037e1/elements - {"using":"xpath","value":"//header[contains(@id, 'detailRruPage-headerTitle')]/div[1]/div[2]/div[2]/span[1]"}
RESULT: {"using":"xpath","value":"//header[contains(@id, 'detailRruPage-headerTitle')]/div[1]/div[2]/div[2]/span[1]"}
COMMAND: POST /session/ae63ae861a600ce3e86dcf3ce68037e1/execute/sync - {"script":"<script> [56 bytes]","args":[{"element-6066-11e4-a52e-4f735466cecf":"f.B604D285643F95EEE180589880A06EE9.d.D1135A460560A2EDF5C335585E1DEB2D.e.7066","ELEMENT":"f.B604D285643F95EEE180589880A06EE9.d.D1135A460560A2EDF5C335585E1DEB2D.e.7066"}]}
RESULT: {"script":"<script> [56 bytes]","args":[{"element-6066-11e4-a52e-4f735466cecf":"f.B604D285643F95EEE180589880A06EE9.d.D1135A460560A2EDF5C335585E1DEB2D.e.7066","ELEMENT":"f.B604D285643F95EEE180589880A06EE9.d.D1135A460560A2EDF5C335585E1DEB2D.e.7066"}]}
]]></system-out>
    </testcase>
    <testcase classname="chrome.137_0_7151_69.windows.US134625_Set_up_price_condition_-_one_time" name="Should create new pricing rule one time" time="59.01">
      <system-out><![CDATA[
COMMAND: GET /session/ae63ae861a600ce3e86dcf3ce68037e1/screenshot - {}
COMMAND: POST /session/ae63ae861a600ce3e86dcf3ce68037e1/element - {"using":"xpath","value":"(//button[contains(@id ,\"actionsToolbar-overflowButton\")])[1]"}
RESULT: {}
RESULT: {"using":"xpath","value":"(//button[contains(@id ,\"actionsToolbar-overflowButton\")])[1]"}
COMMAND: POST /session/ae63ae861a600ce3e86dcf3ce68037e1/element/f.B604D285643F95EEE180589880A06EE9.d.D1135A460560A2EDF5C335585E1DEB2D.e.7069/click - {}
RESULT: {}
COMMAND: GET /session/ae63ae861a600ce3e86dcf3ce68037e1/screenshot - {}
RESULT: {}
COMMAND: POST /session/ae63ae861a600ce3e86dcf3ce68037e1/element - {"using":"xpath","value":"//button[@data-kt=\"priceInfoButton\"]"}
RESULT: {"using":"xpath","value":"//button[@data-kt=\"priceInfoButton\"]"}
COMMAND: POST /session/ae63ae861a600ce3e86dcf3ce68037e1/element/f.B604D285643F95EEE180589880A06EE9.d.D1135A460560A2EDF5C335585E1DEB2D.e.7071/click - {}
RESULT: {}
COMMAND: GET /session/ae63ae861a600ce3e86dcf3ce68037e1/screenshot - {}
RESULT: {}
COMMAND: POST /session/ae63ae861a600ce3e86dcf3ce68037e1/element - {"using":"xpath","value":"//button[@data-kt=\"addButton\"]"}
RESULT: {"using":"xpath","value":"//button[@data-kt=\"addButton\"]"}
COMMAND: POST /session/ae63ae861a600ce3e86dcf3ce68037e1/elements - {"using":"xpath","value":"//button[@data-kt=\"addButton\"]"}
RESULT: {"using":"xpath","value":"//button[@data-kt=\"addButton\"]"}
COMMAND: POST /session/ae63ae861a600ce3e86dcf3ce68037e1/elements - {"using":"xpath","value":"//button[@data-kt=\"addButton\"]"}
RESULT: {"using":"xpath","value":"//button[@data-kt=\"addButton\"]"}
COMMAND: POST /session/ae63ae861a600ce3e86dcf3ce68037e1/element - {"using":"xpath","value":"//button[@data-kt=\"addButton\"]"}
RESULT: {"using":"xpath","value":"//button[@data-kt=\"addButton\"]"}
COMMAND: POST /session/ae63ae861a600ce3e86dcf3ce68037e1/execute/sync - {"script":"<script> [8489 bytes]","args":[{"element-6066-11e4-a52e-4f735466cecf":"f.B604D285643F95EEE180589880A06EE9.d.D1135A460560A2EDF5C335585E1DEB2D.e.7117","ELEMENT":"f.B604D285643F95EEE180589880A06EE9.d.D1135A460560A2EDF5C335585E1DEB2D.e.7117"}]}
RESULT: {"script":"<script> [8489 bytes]","args":[{"element-6066-11e4-a52e-4f735466cecf":"f.B604D285643F95EEE180589880A06EE9.d.D1135A460560A2EDF5C335585E1DEB2D.e.7117","ELEMENT":"f.B604D285643F95EEE180589880A06EE9.d.D1135A460560A2EDF5C335585E1DEB2D.e.7117"}]}
COMMAND: GET /session/ae63ae861a600ce3e86dcf3ce68037e1/element/f.B604D285643F95EEE180589880A06EE9.d.D1135A460560A2EDF5C335585E1DEB2D.e.7117/enabled - {}
COMMAND: GET /session/ae63ae861a600ce3e86dcf3ce68037e1/screenshot - {}
RESULT: {}
COMMAND: POST /session/ae63ae861a600ce3e86dcf3ce68037e1/execute/sync - {"script":"<script> [8489 bytes]","args":[{"element-6066-11e4-a52e-4f735466cecf":"f.B604D285643F95EEE180589880A06EE9.d.D1135A460560A2EDF5C335585E1DEB2D.e.7117","ELEMENT":"f.B604D285643F95EEE180589880A06EE9.d.D1135A460560A2EDF5C335585E1DEB2D.e.7117"}]}
COMMAND: GET /session/ae63ae861a600ce3e86dcf3ce68037e1/screenshot - {}
RESULT: {}
RESULT: {"script":"<script> [8489 bytes]","args":[{"element-6066-11e4-a52e-4f735466cecf":"f.B604D285643F95EEE180589880A06EE9.d.D1135A460560A2EDF5C335585E1DEB2D.e.7117","ELEMENT":"f.B604D285643F95EEE180589880A06EE9.d.D1135A460560A2EDF5C335585E1DEB2D.e.7117"}]}
COMMAND: POST /session/ae63ae861a600ce3e86dcf3ce68037e1/execute/sync - {"script":"<script> [5351 bytes]","args":[{"element-6066-11e4-a52e-4f735466cecf":"f.B604D285643F95EEE180589880A06EE9.d.D1135A460560A2EDF5C335585E1DEB2D.e.7117","ELEMENT":"f.B604D285643F95EEE180589880A06EE9.d.D1135A460560A2EDF5C335585E1DEB2D.e.7117"}]}
COMMAND: GET /session/ae63ae861a600ce3e86dcf3ce68037e1/screenshot - {}
RESULT: {}
RESULT: {"script":"<script> [5351 bytes]","args":[{"element-6066-11e4-a52e-4f735466cecf":"f.B604D285643F95EEE180589880A06EE9.d.D1135A460560A2EDF5C335585E1DEB2D.e.7117","ELEMENT":"f.B604D285643F95EEE180589880A06EE9.d.D1135A460560A2EDF5C335585E1DEB2D.e.7117"}]}
COMMAND: POST /session/ae63ae861a600ce3e86dcf3ce68037e1/element/f.B604D285643F95EEE180589880A06EE9.d.D1135A460560A2EDF5C335585E1DEB2D.e.7117/click - {}
COMMAND: GET /session/ae63ae861a600ce3e86dcf3ce68037e1/screenshot - {}
RESULT: {}
RESULT: {}
COMMAND: GET /session/ae63ae861a600ce3e86dcf3ce68037e1/screenshot - {}
RESULT: {}
RESULT: {}
COMMAND: POST /session/ae63ae861a600ce3e86dcf3ce68037e1/execute/async - {"script":"<script> [1562 bytes]","args":[{"selector":{"controlType":"sap.m.Title","viewName":"etm.portal.ui.managepricingrules.view.NewItem","viewId":"application-managepricingrules-display-component---newInfoPriceItem","properties":{"text":"New Pricing Rules - Item Level"}},"wdio_ui5_key":"etmportal.ui.managepricingrules.view.NewItemsap.m.Title{\"text\":\"New Pricing Rules - Item Level\"}"}]}
RESULT: {"script":"<script> [1562 bytes]","args":[{"selector":{"controlType":"sap.m.Title","viewName":"etm.portal.ui.managepricingrules.view.NewItem","viewId":"application-managepricingrules-display-component---newInfoPriceItem","properties":{"text":"New Pricing Rules - Item Level"}},"wdio_ui5_key":"etmportal.ui.managepricingrules.view.NewItemsap.m.Title{\"text\":\"New Pricing Rules - Item Level\"}"}]}
RESULT: undefined
COMMAND: POST /session/ae63ae861a600ce3e86dcf3ce68037e1/execute/async - {"script":"<script> [6424 bytes]","args":[{"element-6066-11e4-a52e-4f735466cecf":"f.B604D285643F95EEE180589880A06EE9.d.D1135A460560A2EDF5C335585E1DEB2D.e.7302"},"getText",[]]}
RESULT: {"script":"<script> [6424 bytes]","args":[{"element-6066-11e4-a52e-4f735466cecf":"f.B604D285643F95EEE180589880A06EE9.d.D1135A460560A2EDF5C335585E1DEB2D.e.7302"},"getText",[]]}
COMMAND: POST /session/ae63ae861a600ce3e86dcf3ce68037e1/execute/async - {"script":"<script> [1562 bytes]","args":[{"selector":{"id":"application-managepricingrules-display-component---newInfoPriceItem--condValidTo","interaction":{"idSuffix":"inner"}},"wdio_ui5_key":"applicationmanagepricingrules-display-component---newInfoPriceItem--condValidTo"}]}
RESULT: {"script":"<script> [1562 bytes]","args":[{"selector":{"id":"application-managepricingrules-display-component---newInfoPriceItem--condValidTo","interaction":{"idSuffix":"inner"}},"wdio_ui5_key":"applicationmanagepricingrules-display-component---newInfoPriceItem--condValidTo"}]}
RESULT: undefined
COMMAND: POST /session/ae63ae861a600ce3e86dcf3ce68037e1/execute/async - {"script":"<script> [776 bytes]","args":[{"enterText":"2/14/26","selector":{"id":"application-managepricingrules-display-component---newInfoPriceItem--condValidTo","interaction":{"idSuffix":"inner"}},"clearTextFirst":true,"interactionType":"ENTER_TEXT"}]}
RESULT: {"script":"<script> [776 bytes]","args":[{"enterText":"2/14/26","selector":{"id":"application-managepricingrules-display-component---newInfoPriceItem--condValidTo","interaction":{"idSuffix":"inner"}},"clearTextFirst":true,"interactionType":"ENTER_TEXT"}]}
COMMAND: POST /session/ae63ae861a600ce3e86dcf3ce68037e1/execute/async - {"script":"<script> [1562 bytes]","args":[{"selector":{"id":"application-managepricingrules-display-component---newInfoPriceItem--billType-arrow"},"wdio_ui5_key":"applicationmanagepricingrules-display-component---newInfoPriceItem--billType-arrow"}]}
RESULT: {"script":"<script> [1562 bytes]","args":[{"selector":{"id":"application-managepricingrules-display-component---newInfoPriceItem--billType-arrow"},"wdio_ui5_key":"applicationmanagepricingrules-display-component---newInfoPriceItem--billType-arrow"}]}
RESULT: undefined
COMMAND: POST /session/ae63ae861a600ce3e86dcf3ce68037e1/element - {"using":"xpath","value":"//*[@id=\"application-managepricingrules-display-component---newInfoPriceItem--billType-arrow\"]"}
RESULT: {"using":"xpath","value":"//*[@id=\"application-managepricingrules-display-component---newInfoPriceItem--billType-arrow\"]"}
COMMAND: POST /session/ae63ae861a600ce3e86dcf3ce68037e1/element/f.B604D285643F95EEE180589880A06EE9.d.D1135A460560A2EDF5C335585E1DEB2D.e.7261/click - {}
RESULT: {}
COMMAND: POST /session/ae63ae861a600ce3e86dcf3ce68037e1/element - {"using":"xpath","value":"//span[contains(text(), \"OT - Sales (one-time)\")]"}
COMMAND: GET /session/ae63ae861a600ce3e86dcf3ce68037e1/screenshot - {}
RESULT: {"using":"xpath","value":"//span[contains(text(), \"OT - Sales (one-time)\")]"}
COMMAND: POST /session/ae63ae861a600ce3e86dcf3ce68037e1/element/f.B604D285643F95EEE180589880A06EE9.d.D1135A460560A2EDF5C335585E1DEB2D.e.7304/click - {}
RESULT: {}
RESULT: {}
COMMAND: POST /session/ae63ae861a600ce3e86dcf3ce68037e1/execute/async - {"script":"<script> [1562 bytes]","args":[{"selector":{"id":"application-managepricingrules-display-component---newInfoPriceItem--priceProc-arrow"},"wdio_ui5_key":"applicationmanagepricingrules-display-component---newInfoPriceItem--priceProc-arrow"}]}
COMMAND: GET /session/ae63ae861a600ce3e86dcf3ce68037e1/screenshot - {}
RESULT: {"script":"<script> [1562 bytes]","args":[{"selector":{"id":"application-managepricingrules-display-component---newInfoPriceItem--priceProc-arrow"},"wdio_ui5_key":"applicationmanagepricingrules-display-component---newInfoPriceItem--priceProc-arrow"}]}
RESULT: undefined
COMMAND: POST /session/ae63ae861a600ce3e86dcf3ce68037e1/element - {"using":"xpath","value":"//*[@id=\"application-managepricingrules-display-component---newInfoPriceItem--priceProc-arrow\"]"}
RESULT: {}
RESULT: {"using":"xpath","value":"//*[@id=\"application-managepricingrules-display-component---newInfoPriceItem--priceProc-arrow\"]"}
COMMAND: POST /session/ae63ae861a600ce3e86dcf3ce68037e1/element/f.B604D285643F95EEE180589880A06EE9.d.D1135A460560A2EDF5C335585E1DEB2D.e.7268/click - {}
RESULT: {}
COMMAND: POST /session/ae63ae861a600ce3e86dcf3ce68037e1/element - {"using":"xpath","value":"//span[contains(text(), \"MAT - Material\")]"}
COMMAND: GET /session/ae63ae861a600ce3e86dcf3ce68037e1/screenshot - {}
RESULT: {"using":"xpath","value":"//span[contains(text(), \"MAT - Material\")]"}
COMMAND: POST /session/ae63ae861a600ce3e86dcf3ce68037e1/element/f.B604D285643F95EEE180589880A06EE9.d.D1135A460560A2EDF5C335585E1DEB2D.e.7305/click - {}
RESULT: {}
RESULT: {}
COMMAND: POST /session/ae63ae861a600ce3e86dcf3ce68037e1/execute/async - {"script":"<script> [1562 bytes]","args":[{"selector":{"id":"application-managepricingrules-display-component---newInfoPriceItem--calcBase-arrow"},"wdio_ui5_key":"applicationmanagepricingrules-display-component---newInfoPriceItem--calcBase-arrow"}]}
COMMAND: GET /session/ae63ae861a600ce3e86dcf3ce68037e1/screenshot - {}
RESULT: {"script":"<script> [1562 bytes]","args":[{"selector":{"id":"application-managepricingrules-display-component---newInfoPriceItem--calcBase-arrow"},"wdio_ui5_key":"applicationmanagepricingrules-display-component---newInfoPriceItem--calcBase-arrow"}]}
RESULT: undefined
COMMAND: POST /session/ae63ae861a600ce3e86dcf3ce68037e1/element - {"using":"xpath","value":"//*[@id=\"application-managepricingrules-display-component---newInfoPriceItem--calcBase-arrow\"]"}
RESULT: {}
RESULT: {"using":"xpath","value":"//*[@id=\"application-managepricingrules-display-component---newInfoPriceItem--calcBase-arrow\"]"}
COMMAND: POST /session/ae63ae861a600ce3e86dcf3ce68037e1/element/f.B604D285643F95EEE180589880A06EE9.d.D1135A460560A2EDF5C335585E1DEB2D.e.7275/click - {}
RESULT: {}
COMMAND: GET /session/ae63ae861a600ce3e86dcf3ce68037e1/screenshot - {}
RESULT: {}
COMMAND: POST /session/ae63ae861a600ce3e86dcf3ce68037e1/element - {"using":"xpath","value":"//span[contains(text(), \"0001 - TB(exact month + cal_days)\")]"}
RESULT: {"using":"xpath","value":"//span[contains(text(), \"0001 - TB(exact month + cal_days)\")]"}
COMMAND: POST /session/ae63ae861a600ce3e86dcf3ce68037e1/element/f.B604D285643F95EEE180589880A06EE9.d.D1135A460560A2EDF5C335585E1DEB2D.e.7306/click - {}
RESULT: {}
COMMAND: GET /session/ae63ae861a600ce3e86dcf3ce68037e1/screenshot - {}
RESULT: {}
COMMAND: POST /session/ae63ae861a600ce3e86dcf3ce68037e1/element - {"using":"xpath","value":"//button[@data-kt=\"saveNewRuleButton\"]"}
RESULT: {"using":"xpath","value":"//button[@data-kt=\"saveNewRuleButton\"]"}
COMMAND: POST /session/ae63ae861a600ce3e86dcf3ce68037e1/element/f.B604D285643F95EEE180589880A06EE9.d.D1135A460560A2EDF5C335585E1DEB2D.e.7295/click - {}
RESULT: {}
COMMAND: GET /session/ae63ae861a600ce3e86dcf3ce68037e1/screenshot - {}
RESULT: {}
COMMAND: POST /session/ae63ae861a600ce3e86dcf3ce68037e1/execute/async - {"script":"<script> [1562 bytes]","args":[{"selector":{"id":"application-managepricingrules-display-component---priceInfoItem--smartFilterBar-btnBasicSearch","interaction":{"idSuffix":"I"}},"wdio_ui5_key":"applicationmanagepricingrules-display-component---priceInfoItem--smartFilterBar-btnBasicSearch"}]}
RESULT: {"script":"<script> [1562 bytes]","args":[{"selector":{"id":"application-managepricingrules-display-component---priceInfoItem--smartFilterBar-btnBasicSearch","interaction":{"idSuffix":"I"}},"wdio_ui5_key":"applicationmanagepricingrules-display-component---priceInfoItem--smartFilterBar-btnBasicSearch"}]}
RESULT: undefined
COMMAND: POST /session/ae63ae861a600ce3e86dcf3ce68037e1/execute/async - {"script":"<script> [776 bytes]","args":[{"enterText":"200143","selector":{"id":"application-managepricingrules-display-component---priceInfoItem--smartFilterBar-btnBasicSearch","interaction":{"idSuffix":"I"}},"clearTextFirst":true,"interactionType":"ENTER_TEXT"}]}
RESULT: {"script":"<script> [776 bytes]","args":[{"enterText":"200143","selector":{"id":"application-managepricingrules-display-component---priceInfoItem--smartFilterBar-btnBasicSearch","interaction":{"idSuffix":"I"}},"clearTextFirst":true,"interactionType":"ENTER_TEXT"}]}
COMMAND: POST /session/ae63ae861a600ce3e86dcf3ce68037e1/actions - {"actions":[{"id":"action23","type":"key","parameters":{},"actions":[{"type":"keyDown","value":""},{"type":"pause","duration":10},{"type":"keyUp","value":""}]}]}
RESULT: {"actions":[{"id":"action23","type":"key","parameters":{},"actions":[{"type":"keyDown","value":""},{"type":"pause","duration":10},{"type":"keyUp","value":""}]}]}
COMMAND: GET /session/ae63ae861a600ce3e86dcf3ce68037e1/screenshot - {}
RESULT: {}
COMMAND: POST /session/ae63ae861a600ce3e86dcf3ce68037e1/element - {"using":"xpath","value":"//span[@id=\"application-managepricingrules-display-component---priceInfoItem--smartTable-header-inner\"]"}
RESULT: {"using":"xpath","value":"//span[@id=\"application-managepricingrules-display-component---priceInfoItem--smartTable-header-inner\"]"}
COMMAND: POST /session/ae63ae861a600ce3e86dcf3ce68037e1/elements - {"using":"xpath","value":"//span[@id=\"application-managepricingrules-display-component---priceInfoItem--smartTable-header-inner\"]"}
RESULT: {"using":"xpath","value":"//span[@id=\"application-managepricingrules-display-component---priceInfoItem--smartTable-header-inner\"]"}
COMMAND: POST /session/ae63ae861a600ce3e86dcf3ce68037e1/execute/sync - {"script":"<script> [56 bytes]","args":[{"element-6066-11e4-a52e-4f735466cecf":"f.B604D285643F95EEE180589880A06EE9.d.D1135A460560A2EDF5C335585E1DEB2D.e.7323","ELEMENT":"f.B604D285643F95EEE180589880A06EE9.d.D1135A460560A2EDF5C335585E1DEB2D.e.7323"}]}
RESULT: {"script":"<script> [56 bytes]","args":[{"element-6066-11e4-a52e-4f735466cecf":"f.B604D285643F95EEE180589880A06EE9.d.D1135A460560A2EDF5C335585E1DEB2D.e.7323","ELEMENT":"f.B604D285643F95EEE180589880A06EE9.d.D1135A460560A2EDF5C335585E1DEB2D.e.7323"}]}
COMMAND: POST /session/ae63ae861a600ce3e86dcf3ce68037e1/element - {"using":"css selector","value":"#shell-header-logo"}
COMMAND: GET /session/ae63ae861a600ce3e86dcf3ce68037e1/screenshot - {}
RESULT: {"using":"css selector","value":"#shell-header-logo"}
COMMAND: POST /session/ae63ae861a600ce3e86dcf3ce68037e1/element/f.B604D285643F95EEE180589880A06EE9.d.D1135A460560A2EDF5C335585E1DEB2D.e.6444/click - {}
RESULT: {}
RESULT: {}
COMMAND: GET /session/ae63ae861a600ce3e86dcf3ce68037e1/screenshot - {}
RESULT: {}
]]></system-out>
    </testcase>
    <testcase classname="chrome.137_0_7151_69.windows.US134625_Set_up_price_condition_-_one_time" name="Should create new condition one time" time="64.062">
      <system-out><![CDATA[
COMMAND: POST /session/ae63ae861a600ce3e86dcf3ce68037e1/execute/async - {"script":"<script> [1562 bytes]","args":[{"selector":{"controlType":"sap.m.GenericTile","properties":{"header":"Manage Conditions & Prices"}},"wdio_ui5_key":"sapm.GenericTile{\"header\":\"Manage Conditions & Prices\"}"}]}
RESULT: {"script":"<script> [1562 bytes]","args":[{"selector":{"controlType":"sap.m.GenericTile","properties":{"header":"Manage Conditions & Prices"}},"wdio_ui5_key":"sapm.GenericTile{\"header\":\"Manage Conditions & Prices\"}"}]}
RESULT: undefined
COMMAND: POST /session/ae63ae861a600ce3e86dcf3ce68037e1/element - {"using":"xpath","value":"//*[@id=\"__tile55\"]"}
RESULT: {"using":"xpath","value":"//*[@id=\"__tile55\"]"}
COMMAND: POST /session/ae63ae861a600ce3e86dcf3ce68037e1/element/f.B604D285643F95EEE180589880A06EE9.d.D1135A460560A2EDF5C335585E1DEB2D.e.6383/click - {}
RESULT: {}
COMMAND: GET /session/ae63ae861a600ce3e86dcf3ce68037e1/screenshot - {}
RESULT: {}
COMMAND: POST /session/ae63ae861a600ce3e86dcf3ce68037e1/elements - {"using":"xpath","value":"//span[text()='Error']"}
RESULT: {"using":"xpath","value":"//span[text()='Error']"}
COMMAND: POST /session/ae63ae861a600ce3e86dcf3ce68037e1/element - {"using":"xpath","value":"//button[@aria-label=\"Create\"]"}
RESULT: {"using":"xpath","value":"//button[@aria-label=\"Create\"]"}
COMMAND: POST /session/ae63ae861a600ce3e86dcf3ce68037e1/elements - {"using":"xpath","value":"//button[@aria-label=\"Create\"]"}
RESULT: {"using":"xpath","value":"//button[@aria-label=\"Create\"]"}
COMMAND: POST /session/ae63ae861a600ce3e86dcf3ce68037e1/execute/sync - {"script":"<script> [8489 bytes]","args":[{"element-6066-11e4-a52e-4f735466cecf":"f.B604D285643F95EEE180589880A06EE9.d.D1135A460560A2EDF5C335585E1DEB2D.e.7358","ELEMENT":"f.B604D285643F95EEE180589880A06EE9.d.D1135A460560A2EDF5C335585E1DEB2D.e.7358"}]}
RESULT: {"script":"<script> [8489 bytes]","args":[{"element-6066-11e4-a52e-4f735466cecf":"f.B604D285643F95EEE180589880A06EE9.d.D1135A460560A2EDF5C335585E1DEB2D.e.7358","ELEMENT":"f.B604D285643F95EEE180589880A06EE9.d.D1135A460560A2EDF5C335585E1DEB2D.e.7358"}]}
COMMAND: GET /session/ae63ae861a600ce3e86dcf3ce68037e1/element/f.B604D285643F95EEE180589880A06EE9.d.D1135A460560A2EDF5C335585E1DEB2D.e.7358/enabled - {}
COMMAND: GET /session/ae63ae861a600ce3e86dcf3ce68037e1/screenshot - {}
RESULT: {}
COMMAND: POST /session/ae63ae861a600ce3e86dcf3ce68037e1/execute/sync - {"script":"<script> [8489 bytes]","args":[{"element-6066-11e4-a52e-4f735466cecf":"f.B604D285643F95EEE180589880A06EE9.d.D1135A460560A2EDF5C335585E1DEB2D.e.7358","ELEMENT":"f.B604D285643F95EEE180589880A06EE9.d.D1135A460560A2EDF5C335585E1DEB2D.e.7358"}]}
COMMAND: GET /session/ae63ae861a600ce3e86dcf3ce68037e1/screenshot - {}
RESULT: {}
RESULT: {"script":"<script> [8489 bytes]","args":[{"element-6066-11e4-a52e-4f735466cecf":"f.B604D285643F95EEE180589880A06EE9.d.D1135A460560A2EDF5C335585E1DEB2D.e.7358","ELEMENT":"f.B604D285643F95EEE180589880A06EE9.d.D1135A460560A2EDF5C335585E1DEB2D.e.7358"}]}
COMMAND: POST /session/ae63ae861a600ce3e86dcf3ce68037e1/execute/sync - {"script":"<script> [5351 bytes]","args":[{"element-6066-11e4-a52e-4f735466cecf":"f.B604D285643F95EEE180589880A06EE9.d.D1135A460560A2EDF5C335585E1DEB2D.e.7358","ELEMENT":"f.B604D285643F95EEE180589880A06EE9.d.D1135A460560A2EDF5C335585E1DEB2D.e.7358"}]}
COMMAND: GET /session/ae63ae861a600ce3e86dcf3ce68037e1/screenshot - {}
RESULT: {}
RESULT: {"script":"<script> [5351 bytes]","args":[{"element-6066-11e4-a52e-4f735466cecf":"f.B604D285643F95EEE180589880A06EE9.d.D1135A460560A2EDF5C335585E1DEB2D.e.7358","ELEMENT":"f.B604D285643F95EEE180589880A06EE9.d.D1135A460560A2EDF5C335585E1DEB2D.e.7358"}]}
COMMAND: POST /session/ae63ae861a600ce3e86dcf3ce68037e1/element/f.B604D285643F95EEE180589880A06EE9.d.D1135A460560A2EDF5C335585E1DEB2D.e.7358/click - {}
COMMAND: GET /session/ae63ae861a600ce3e86dcf3ce68037e1/screenshot - {}
RESULT: {}
RESULT: {}
COMMAND: GET /session/ae63ae861a600ce3e86dcf3ce68037e1/screenshot - {}
RESULT: {}
RESULT: {}
COMMAND: POST /session/ae63ae861a600ce3e86dcf3ce68037e1/actions - {"actions":[{"id":"action24","type":"key","parameters":{},"actions":[{"type":"keyDown","value":""},{"type":"pause","duration":10},{"type":"keyUp","value":""}]}]}
RESULT: {"actions":[{"id":"action24","type":"key","parameters":{},"actions":[{"type":"keyDown","value":""},{"type":"pause","duration":10},{"type":"keyUp","value":""}]}]}
COMMAND: GET /session/ae63ae861a600ce3e86dcf3ce68037e1/screenshot - {}
RESULT: {}
COMMAND: POST /session/ae63ae861a600ce3e86dcf3ce68037e1/execute/async - {"script":"<script> [1562 bytes]","args":[{"selector":{"id":"application-manageconditionprice-display-component---newCondition--condBillCond-arrow"},"wdio_ui5_key":"applicationmanageconditionprice-display-component---newCondition--condBillCond-arrow"}]}
RESULT: {"script":"<script> [1562 bytes]","args":[{"selector":{"id":"application-manageconditionprice-display-component---newCondition--condBillCond-arrow"},"wdio_ui5_key":"applicationmanageconditionprice-display-component---newCondition--condBillCond-arrow"}]}
RESULT: undefined
COMMAND: POST /session/ae63ae861a600ce3e86dcf3ce68037e1/element - {"using":"xpath","value":"//*[@id=\"application-manageconditionprice-display-component---newCondition--condBillCond-arrow\"]"}
RESULT: {"using":"xpath","value":"//*[@id=\"application-manageconditionprice-display-component---newCondition--condBillCond-arrow\"]"}
COMMAND: POST /session/ae63ae861a600ce3e86dcf3ce68037e1/element/f.B604D285643F95EEE180589880A06EE9.d.D1135A460560A2EDF5C335585E1DEB2D.e.7536/click - {}
RESULT: {}
COMMAND: GET /session/ae63ae861a600ce3e86dcf3ce68037e1/screenshot - {}
RESULT: {}
COMMAND: POST /session/ae63ae861a600ce3e86dcf3ce68037e1/element - {"using":"xpath","value":"//li[.//span[contains(text(), \"SAPR - Sales price\")]]"}
RESULT: {"using":"xpath","value":"//li[.//span[contains(text(), \"SAPR - Sales price\")]]"}
COMMAND: POST /session/ae63ae861a600ce3e86dcf3ce68037e1/element/f.B604D285643F95EEE180589880A06EE9.d.D1135A460560A2EDF5C335585E1DEB2D.e.7540/click - {}
RESULT: {}
COMMAND: GET /session/ae63ae861a600ce3e86dcf3ce68037e1/screenshot - {}
RESULT: {}
COMMAND: POST /session/ae63ae861a600ce3e86dcf3ce68037e1/execute/async - {"script":"<script> [1562 bytes]","args":[{"selector":{"id":"application-manageconditionprice-display-component---newCondition--condValidTo","interaction":{"idSuffix":"inner"}},"wdio_ui5_key":"applicationmanageconditionprice-display-component---newCondition--condValidTo"}]}
RESULT: {"script":"<script> [1562 bytes]","args":[{"selector":{"id":"application-manageconditionprice-display-component---newCondition--condValidTo","interaction":{"idSuffix":"inner"}},"wdio_ui5_key":"applicationmanageconditionprice-display-component---newCondition--condValidTo"}]}
RESULT: undefined
COMMAND: POST /session/ae63ae861a600ce3e86dcf3ce68037e1/execute/async - {"script":"<script> [776 bytes]","args":[{"enterText":"2/14/26","selector":{"id":"application-manageconditionprice-display-component---newCondition--condValidTo","interaction":{"idSuffix":"inner"}},"clearTextFirst":true,"interactionType":"ENTER_TEXT"}]}
RESULT: {"script":"<script> [776 bytes]","args":[{"enterText":"2/14/26","selector":{"id":"application-manageconditionprice-display-component---newCondition--condValidTo","interaction":{"idSuffix":"inner"}},"clearTextFirst":true,"interactionType":"ENTER_TEXT"}]}
COMMAND: POST /session/ae63ae861a600ce3e86dcf3ce68037e1/element - {"using":"xpath","value":"//input[@id=\"application-manageconditionprice-display-component---newCondition--condRU-inner\"]"}
RESULT: {"using":"xpath","value":"//input[@id=\"application-manageconditionprice-display-component---newCondition--condRU-inner\"]"}
COMMAND: POST /session/ae63ae861a600ce3e86dcf3ce68037e1/element/f.B604D285643F95EEE180589880A06EE9.d.D1135A460560A2EDF5C335585E1DEB2D.e.7374/clear - {}
RESULT: {}
COMMAND: POST /session/ae63ae861a600ce3e86dcf3ce68037e1/element/f.B604D285643F95EEE180589880A06EE9.d.D1135A460560A2EDF5C335585E1DEB2D.e.7374/value - {"text":"200143"}
COMMAND: GET /session/ae63ae861a600ce3e86dcf3ce68037e1/screenshot - {}
RESULT: {"text":"200143"}
COMMAND: GET /session/ae63ae861a600ce3e86dcf3ce68037e1/screenshot - {}
RESULT: {}
RESULT: {}
COMMAND: POST /session/ae63ae861a600ce3e86dcf3ce68037e1/actions - {"actions":[{"id":"action25","type":"key","parameters":{},"actions":[{"type":"keyDown","value":""},{"type":"pause","duration":10},{"type":"keyUp","value":""}]}]}
RESULT: {"actions":[{"id":"action25","type":"key","parameters":{},"actions":[{"type":"keyDown","value":""},{"type":"pause","duration":10},{"type":"keyUp","value":""}]}]}
COMMAND: POST /session/ae63ae861a600ce3e86dcf3ce68037e1/execute/async - {"script":"<script> [1562 bytes]","args":[{"selector":{"id":"application-manageconditionprice-display-component---newCondition--condBaseQty","interaction":{"idSuffix":"inner"}},"wdio_ui5_key":"applicationmanageconditionprice-display-component---newCondition--condBaseQty"}]}
COMMAND: GET /session/ae63ae861a600ce3e86dcf3ce68037e1/screenshot - {}
RESULT: {"script":"<script> [1562 bytes]","args":[{"selector":{"id":"application-manageconditionprice-display-component---newCondition--condBaseQty","interaction":{"idSuffix":"inner"}},"wdio_ui5_key":"applicationmanageconditionprice-display-component---newCondition--condBaseQty"}]}
RESULT: undefined
COMMAND: POST /session/ae63ae861a600ce3e86dcf3ce68037e1/execute/async - {"script":"<script> [776 bytes]","args":[{"enterText":"1","selector":{"id":"application-manageconditionprice-display-component---newCondition--condBaseQty","interaction":{"idSuffix":"inner"}},"clearTextFirst":true,"interactionType":"ENTER_TEXT"}]}
RESULT: {}
RESULT: {"script":"<script> [776 bytes]","args":[{"enterText":"1","selector":{"id":"application-manageconditionprice-display-component---newCondition--condBaseQty","interaction":{"idSuffix":"inner"}},"clearTextFirst":true,"interactionType":"ENTER_TEXT"}]}
COMMAND: POST /session/ae63ae861a600ce3e86dcf3ce68037e1/execute/async - {"script":"<script> [1562 bytes]","args":[{"selector":{"id":"application-manageconditionprice-display-component---newCondition--condValue","interaction":{"idSuffix":"inner"}},"wdio_ui5_key":"applicationmanageconditionprice-display-component---newCondition--condValue"}]}
RESULT: {"script":"<script> [1562 bytes]","args":[{"selector":{"id":"application-manageconditionprice-display-component---newCondition--condValue","interaction":{"idSuffix":"inner"}},"wdio_ui5_key":"applicationmanageconditionprice-display-component---newCondition--condValue"}]}
RESULT: undefined
COMMAND: POST /session/ae63ae861a600ce3e86dcf3ce68037e1/execute/async - {"script":"<script> [776 bytes]","args":[{"enterText":"100.00","selector":{"id":"application-manageconditionprice-display-component---newCondition--condValue","interaction":{"idSuffix":"inner"}},"clearTextFirst":true,"interactionType":"ENTER_TEXT"}]}
RESULT: {"script":"<script> [776 bytes]","args":[{"enterText":"100.00","selector":{"id":"application-manageconditionprice-display-component---newCondition--condValue","interaction":{"idSuffix":"inner"}},"clearTextFirst":true,"interactionType":"ENTER_TEXT"}]}
COMMAND: POST /session/ae63ae861a600ce3e86dcf3ce68037e1/execute/async - {"script":"<script> [1562 bytes]","args":[{"selector":{"id":"application-manageconditionprice-display-component---newCondition--condCurr-arrow"},"wdio_ui5_key":"applicationmanageconditionprice-display-component---newCondition--condCurr-arrow"}]}
RESULT: {"script":"<script> [1562 bytes]","args":[{"selector":{"id":"application-manageconditionprice-display-component---newCondition--condCurr-arrow"},"wdio_ui5_key":"applicationmanageconditionprice-display-component---newCondition--condCurr-arrow"}]}
RESULT: undefined
COMMAND: POST /session/ae63ae861a600ce3e86dcf3ce68037e1/element - {"using":"xpath","value":"//*[@id=\"application-manageconditionprice-display-component---newCondition--condCurr-arrow\"]"}
RESULT: {"using":"xpath","value":"//*[@id=\"application-manageconditionprice-display-component---newCondition--condCurr-arrow\"]"}
COMMAND: POST /session/ae63ae861a600ce3e86dcf3ce68037e1/element/f.B604D285643F95EEE180589880A06EE9.d.D1135A460560A2EDF5C335585E1DEB2D.e.7520/click - {}
RESULT: {}
COMMAND: POST /session/ae63ae861a600ce3e86dcf3ce68037e1/element - {"using":"xpath","value":"//span[contains(text(), \"Euro\")]"}
COMMAND: GET /session/ae63ae861a600ce3e86dcf3ce68037e1/screenshot - {}
RESULT: {"using":"xpath","value":"//span[contains(text(), \"Euro\")]"}
COMMAND: POST /session/ae63ae861a600ce3e86dcf3ce68037e1/element/f.B604D285643F95EEE180589880A06EE9.d.D1135A460560A2EDF5C335585E1DEB2D.e.7578/click - {}
RESULT: {}
RESULT: {}
COMMAND: POST /session/ae63ae861a600ce3e86dcf3ce68037e1/element - {"using":"xpath","value":"//button[@data-kt=\"saveButton\"]"}
COMMAND: GET /session/ae63ae861a600ce3e86dcf3ce68037e1/screenshot - {}
RESULT: {"using":"xpath","value":"//button[@data-kt=\"saveButton\"]"}
COMMAND: POST /session/ae63ae861a600ce3e86dcf3ce68037e1/element/f.B604D285643F95EEE180589880A06EE9.d.D1135A460560A2EDF5C335585E1DEB2D.e.7521/click - {}
RESULT: {}
RESULT: {}
COMMAND: GET /session/ae63ae861a600ce3e86dcf3ce68037e1/screenshot - {}
RESULT: {}
COMMAND: POST /session/ae63ae861a600ce3e86dcf3ce68037e1/execute/async - {"script":"<script> [1562 bytes]","args":[{"selector":{"id":"application-manageconditionprice-display-component---conditions--smartFilterBar-btnBasicSearch","interaction":{"idSuffix":"I"}},"wdio_ui5_key":"applicationmanageconditionprice-display-component---conditions--smartFilterBar-btnBasicSearch"}]}
RESULT: {"script":"<script> [1562 bytes]","args":[{"selector":{"id":"application-manageconditionprice-display-component---conditions--smartFilterBar-btnBasicSearch","interaction":{"idSuffix":"I"}},"wdio_ui5_key":"applicationmanageconditionprice-display-component---conditions--smartFilterBar-btnBasicSearch"}]}
RESULT: undefined
COMMAND: POST /session/ae63ae861a600ce3e86dcf3ce68037e1/execute/async - {"script":"<script> [776 bytes]","args":[{"enterText":"200143","selector":{"id":"application-manageconditionprice-display-component---conditions--smartFilterBar-btnBasicSearch","interaction":{"idSuffix":"I"}},"clearTextFirst":true,"interactionType":"ENTER_TEXT"}]}
RESULT: {"script":"<script> [776 bytes]","args":[{"enterText":"200143","selector":{"id":"application-manageconditionprice-display-component---conditions--smartFilterBar-btnBasicSearch","interaction":{"idSuffix":"I"}},"clearTextFirst":true,"interactionType":"ENTER_TEXT"}]}
COMMAND: POST /session/ae63ae861a600ce3e86dcf3ce68037e1/actions - {"actions":[{"id":"action26","type":"key","parameters":{},"actions":[{"type":"keyDown","value":""},{"type":"pause","duration":10},{"type":"keyUp","value":""}]}]}
RESULT: {"actions":[{"id":"action26","type":"key","parameters":{},"actions":[{"type":"keyDown","value":""},{"type":"pause","duration":10},{"type":"keyUp","value":""}]}]}
COMMAND: GET /session/ae63ae861a600ce3e86dcf3ce68037e1/screenshot - {}
RESULT: {}
COMMAND: POST /session/ae63ae861a600ce3e86dcf3ce68037e1/execute/async - {"script":"<script> [1562 bytes]","args":[{"selector":{"id":"application-manageconditionprice-display-component---conditions--smartFilterBar-filterItemControl_BASIC-BILL_TYPES-vhi"},"wdio_ui5_key":"applicationmanageconditionprice-display-component---conditions--smartFilterBar-filterItemControl_BASIC-BILL_TYPES-vhi"}]}
RESULT: {"script":"<script> [1562 bytes]","args":[{"selector":{"id":"application-manageconditionprice-display-component---conditions--smartFilterBar-filterItemControl_BASIC-BILL_TYPES-vhi"},"wdio_ui5_key":"applicationmanageconditionprice-display-component---conditions--smartFilterBar-filterItemControl_BASIC-BILL_TYPES-vhi"}]}
RESULT: undefined
COMMAND: POST /session/ae63ae861a600ce3e86dcf3ce68037e1/element - {"using":"xpath","value":"//*[@id=\"application-manageconditionprice-display-component---conditions--smartFilterBar-filterItemControl_BASIC-BILL_TYPES-vhi\"]"}
RESULT: {"using":"xpath","value":"//*[@id=\"application-manageconditionprice-display-component---conditions--smartFilterBar-filterItemControl_BASIC-BILL_TYPES-vhi\"]"}
COMMAND: POST /session/ae63ae861a600ce3e86dcf3ce68037e1/element/f.B604D285643F95EEE180589880A06EE9.d.D1135A460560A2EDF5C335585E1DEB2D.e.7595/click - {}
RESULT: {}
COMMAND: POST /session/ae63ae861a600ce3e86dcf3ce68037e1/execute/async - {"script":"<script> [1562 bytes]","args":[{"selector":{"id":"application-manageconditionprice-display-component---conditions--smartFilterBar-filterItemControl_BASIC-BILL_TYPES-valueHelpDialog-smartFilterBar-btnBasicSearch","searchOpenDialogs":true,"interaction":{"idSuffix":"I"}},"wdio_ui5_key":"applicationmanageconditionprice-display-component---conditions--smartFilterBar-filterItemControl_BASIC-BILL_TYPES-valueHelpDialog-smartFilterBar-btnBasicSearch"}]}
COMMAND: GET /session/ae63ae861a600ce3e86dcf3ce68037e1/screenshot - {}
RESULT: {"script":"<script> [1562 bytes]","args":[{"selector":{"id":"application-manageconditionprice-display-component---conditions--smartFilterBar-filterItemControl_BASIC-BILL_TYPES-valueHelpDialog-smartFilterBar-btnBasicSearch","searchOpenDialogs":true,"interaction":{"idSuffix":"I"}},"wdio_ui5_key":"applicationmanageconditionprice-display-component---conditions--smartFilterBar-filterItemControl_BASIC-BILL_TYPES-valueHelpDialog-smartFilterBar-btnBasicSearch"}]}
RESULT: undefined
COMMAND: POST /session/ae63ae861a600ce3e86dcf3ce68037e1/execute/async - {"script":"<script> [776 bytes]","args":[{"enterText":"one","selector":{"id":"application-manageconditionprice-display-component---conditions--smartFilterBar-filterItemControl_BASIC-BILL_TYPES-valueHelpDialog-smartFilterBar-btnBasicSearch","searchOpenDialogs":true,"interaction":{"idSuffix":"I"}},"clearTextFirst":true,"interactionType":"ENTER_TEXT"}]}
RESULT: {}
RESULT: {"script":"<script> [776 bytes]","args":[{"enterText":"one","selector":{"id":"application-manageconditionprice-display-component---conditions--smartFilterBar-filterItemControl_BASIC-BILL_TYPES-valueHelpDialog-smartFilterBar-btnBasicSearch","searchOpenDialogs":true,"interaction":{"idSuffix":"I"}},"clearTextFirst":true,"interactionType":"ENTER_TEXT"}]}
COMMAND: POST /session/ae63ae861a600ce3e86dcf3ce68037e1/actions - {"actions":[{"id":"action27","type":"key","parameters":{},"actions":[{"type":"keyDown","value":""},{"type":"pause","duration":10},{"type":"keyUp","value":""}]}]}
RESULT: {"actions":[{"id":"action27","type":"key","parameters":{},"actions":[{"type":"keyDown","value":""},{"type":"pause","duration":10},{"type":"keyUp","value":""}]}]}
COMMAND: GET /session/ae63ae861a600ce3e86dcf3ce68037e1/screenshot - {}
RESULT: {}
COMMAND: POST /session/ae63ae861a600ce3e86dcf3ce68037e1/element - {"using":"xpath","value":"//div[contains(@id, 'application-manageconditionprice-display-component---conditions--smartFilterBar-filterItemControl_BASIC-BILL_TYPES-valueHelpDialog-table-rowsel0')]"}
RESULT: {"using":"xpath","value":"//div[contains(@id, 'application-manageconditionprice-display-component---conditions--smartFilterBar-filterItemControl_BASIC-BILL_TYPES-valueHelpDialog-table-rowsel0')]"}
COMMAND: POST /session/ae63ae861a600ce3e86dcf3ce68037e1/element/f.B604D285643F95EEE180589880A06EE9.d.D1135A460560A2EDF5C335585E1DEB2D.e.7605/click - {}
RESULT: {}
COMMAND: GET /session/ae63ae861a600ce3e86dcf3ce68037e1/screenshot - {}
RESULT: {}
COMMAND: POST /session/ae63ae861a600ce3e86dcf3ce68037e1/element - {"using":"xpath","value":"//bdi[contains(text(), \"OK\")]"}
RESULT: {"using":"xpath","value":"//bdi[contains(text(), \"OK\")]"}
COMMAND: POST /session/ae63ae861a600ce3e86dcf3ce68037e1/element/f.B604D285643F95EEE180589880A06EE9.d.D1135A460560A2EDF5C335585E1DEB2D.e.7607/click - {}
RESULT: {}
COMMAND: GET /session/ae63ae861a600ce3e86dcf3ce68037e1/screenshot - {}
RESULT: {}
COMMAND: POST /session/ae63ae861a600ce3e86dcf3ce68037e1/element - {"using":"xpath","value":"//span[@id=\"application-manageconditionprice-display-component---conditions--smartTable-header-inner\"]"}
RESULT: {"using":"xpath","value":"//span[@id=\"application-manageconditionprice-display-component---conditions--smartTable-header-inner\"]"}
COMMAND: POST /session/ae63ae861a600ce3e86dcf3ce68037e1/elements - {"using":"xpath","value":"//span[@id=\"application-manageconditionprice-display-component---conditions--smartTable-header-inner\"]"}
RESULT: {"using":"xpath","value":"//span[@id=\"application-manageconditionprice-display-component---conditions--smartTable-header-inner\"]"}
COMMAND: POST /session/ae63ae861a600ce3e86dcf3ce68037e1/execute/sync - {"script":"<script> [56 bytes]","args":[{"element-6066-11e4-a52e-4f735466cecf":"f.B604D285643F95EEE180589880A06EE9.d.D1135A460560A2EDF5C335585E1DEB2D.e.7610","ELEMENT":"f.B604D285643F95EEE180589880A06EE9.d.D1135A460560A2EDF5C335585E1DEB2D.e.7610"}]}
RESULT: {"script":"<script> [56 bytes]","args":[{"element-6066-11e4-a52e-4f735466cecf":"f.B604D285643F95EEE180589880A06EE9.d.D1135A460560A2EDF5C335585E1DEB2D.e.7610","ELEMENT":"f.B604D285643F95EEE180589880A06EE9.d.D1135A460560A2EDF5C335585E1DEB2D.e.7610"}]}
COMMAND: POST /session/ae63ae861a600ce3e86dcf3ce68037e1/element - {"using":"css selector","value":"#shell-header-logo"}
COMMAND: GET /session/ae63ae861a600ce3e86dcf3ce68037e1/screenshot - {}
RESULT: {"using":"css selector","value":"#shell-header-logo"}
COMMAND: POST /session/ae63ae861a600ce3e86dcf3ce68037e1/element/f.B604D285643F95EEE180589880A06EE9.d.D1135A460560A2EDF5C335585E1DEB2D.e.7326/click - {}
RESULT: {}
RESULT: {}
COMMAND: GET /session/ae63ae861a600ce3e86dcf3ce68037e1/screenshot - {}
RESULT: {}
]]></system-out>
    </testcase>
    <testcase classname="chrome.137_0_7151_69.windows.US134625_Set_up_price_condition_-_one_time" name="Should create a new contract" time="60.359">
      <system-out><![CDATA[
COMMAND: POST /session/ae63ae861a600ce3e86dcf3ce68037e1/execute/async - {"script":"<script> [1562 bytes]","args":[{"selector":{"controlType":"sap.m.GenericTile","properties":{"header":"Manage Contracts"}},"wdio_ui5_key":"sapm.GenericTile{\"header\":\"Manage Contracts\"}"}]}
RESULT: {"script":"<script> [1562 bytes]","args":[{"selector":{"controlType":"sap.m.GenericTile","properties":{"header":"Manage Contracts"}},"wdio_ui5_key":"sapm.GenericTile{\"header\":\"Manage Contracts\"}"}]}
RESULT: undefined
COMMAND: POST /session/ae63ae861a600ce3e86dcf3ce68037e1/element - {"using":"xpath","value":"//*[@id=\"__tile132\"]"}
RESULT: {"using":"xpath","value":"//*[@id=\"__tile132\"]"}
COMMAND: POST /session/ae63ae861a600ce3e86dcf3ce68037e1/element/f.B604D285643F95EEE180589880A06EE9.d.D1135A460560A2EDF5C335585E1DEB2D.e.6349/click - {}
RESULT: {}
COMMAND: GET /session/ae63ae861a600ce3e86dcf3ce68037e1/screenshot - {}
RESULT: {}
COMMAND: POST /session/ae63ae861a600ce3e86dcf3ce68037e1/elements - {"using":"xpath","value":"//span[text()='Error']"}
RESULT: {"using":"xpath","value":"//span[text()='Error']"}
COMMAND: POST /session/ae63ae861a600ce3e86dcf3ce68037e1/element - {"using":"xpath","value":"//button[@data-kt=\"addButton\"]"}
RESULT: {"using":"xpath","value":"//button[@data-kt=\"addButton\"]"}
COMMAND: POST /session/ae63ae861a600ce3e86dcf3ce68037e1/elements - {"using":"xpath","value":"//button[@data-kt=\"addButton\"]"}
RESULT: {"using":"xpath","value":"//button[@data-kt=\"addButton\"]"}
COMMAND: POST /session/ae63ae861a600ce3e86dcf3ce68037e1/execute/sync - {"script":"<script> [8489 bytes]","args":[{"element-6066-11e4-a52e-4f735466cecf":"f.B604D285643F95EEE180589880A06EE9.d.D1135A460560A2EDF5C335585E1DEB2D.e.7666","ELEMENT":"f.B604D285643F95EEE180589880A06EE9.d.D1135A460560A2EDF5C335585E1DEB2D.e.7666"}]}
RESULT: {"script":"<script> [8489 bytes]","args":[{"element-6066-11e4-a52e-4f735466cecf":"f.B604D285643F95EEE180589880A06EE9.d.D1135A460560A2EDF5C335585E1DEB2D.e.7666","ELEMENT":"f.B604D285643F95EEE180589880A06EE9.d.D1135A460560A2EDF5C335585E1DEB2D.e.7666"}]}
COMMAND: GET /session/ae63ae861a600ce3e86dcf3ce68037e1/element/f.B604D285643F95EEE180589880A06EE9.d.D1135A460560A2EDF5C335585E1DEB2D.e.7666/enabled - {}
COMMAND: GET /session/ae63ae861a600ce3e86dcf3ce68037e1/screenshot - {}
RESULT: {}
COMMAND: POST /session/ae63ae861a600ce3e86dcf3ce68037e1/execute/sync - {"script":"<script> [8489 bytes]","args":[{"element-6066-11e4-a52e-4f735466cecf":"f.B604D285643F95EEE180589880A06EE9.d.D1135A460560A2EDF5C335585E1DEB2D.e.7666","ELEMENT":"f.B604D285643F95EEE180589880A06EE9.d.D1135A460560A2EDF5C335585E1DEB2D.e.7666"}]}
COMMAND: GET /session/ae63ae861a600ce3e86dcf3ce68037e1/screenshot - {}
RESULT: {}
RESULT: {"script":"<script> [8489 bytes]","args":[{"element-6066-11e4-a52e-4f735466cecf":"f.B604D285643F95EEE180589880A06EE9.d.D1135A460560A2EDF5C335585E1DEB2D.e.7666","ELEMENT":"f.B604D285643F95EEE180589880A06EE9.d.D1135A460560A2EDF5C335585E1DEB2D.e.7666"}]}
COMMAND: POST /session/ae63ae861a600ce3e86dcf3ce68037e1/execute/sync - {"script":"<script> [5351 bytes]","args":[{"element-6066-11e4-a52e-4f735466cecf":"f.B604D285643F95EEE180589880A06EE9.d.D1135A460560A2EDF5C335585E1DEB2D.e.7666","ELEMENT":"f.B604D285643F95EEE180589880A06EE9.d.D1135A460560A2EDF5C335585E1DEB2D.e.7666"}]}
COMMAND: GET /session/ae63ae861a600ce3e86dcf3ce68037e1/screenshot - {}
RESULT: {}
RESULT: {"script":"<script> [5351 bytes]","args":[{"element-6066-11e4-a52e-4f735466cecf":"f.B604D285643F95EEE180589880A06EE9.d.D1135A460560A2EDF5C335585E1DEB2D.e.7666","ELEMENT":"f.B604D285643F95EEE180589880A06EE9.d.D1135A460560A2EDF5C335585E1DEB2D.e.7666"}]}
COMMAND: GET /session/ae63ae861a600ce3e86dcf3ce68037e1/screenshot - {}
RESULT: {}
RESULT: {}
COMMAND: POST /session/ae63ae861a600ce3e86dcf3ce68037e1/element/f.B604D285643F95EEE180589880A06EE9.d.D1135A460560A2EDF5C335585E1DEB2D.e.7666/click - {}
RESULT: {}
COMMAND: GET /session/ae63ae861a600ce3e86dcf3ce68037e1/screenshot - {}
RESULT: {}
COMMAND: POST /session/ae63ae861a600ce3e86dcf3ce68037e1/execute/async - {"script":"<script> [1562 bytes]","args":[{"selector":{"id":"application-managecontracts-display-component---AddNewContract--projectDescription","interaction":{"idSuffix":"inner"}},"wdio_ui5_key":"applicationmanagecontracts-display-component---AddNewContract--projectDescription"}]}
RESULT: {"script":"<script> [1562 bytes]","args":[{"selector":{"id":"application-managecontracts-display-component---AddNewContract--projectDescription","interaction":{"idSuffix":"inner"}},"wdio_ui5_key":"applicationmanagecontracts-display-component---AddNewContract--projectDescription"}]}
RESULT: undefined
COMMAND: POST /session/ae63ae861a600ce3e86dcf3ce68037e1/execute/async - {"script":"<script> [776 bytes]","args":[{"enterText":"Intercompany Contract WDIO","selector":{"id":"application-managecontracts-display-component---AddNewContract--projectDescription","interaction":{"idSuffix":"inner"}},"clearTextFirst":true,"interactionType":"ENTER_TEXT"}]}
RESULT: {"script":"<script> [776 bytes]","args":[{"enterText":"Intercompany Contract WDIO","selector":{"id":"application-managecontracts-display-component---AddNewContract--projectDescription","interaction":{"idSuffix":"inner"}},"clearTextFirst":true,"interactionType":"ENTER_TEXT"}]}
COMMAND: POST /session/ae63ae861a600ce3e86dcf3ce68037e1/element - {"using":"xpath","value":"//input[@id=\"application-managecontracts-display-component---AddNewContract--site-inner\"]"}
RESULT: {"using":"xpath","value":"//input[@id=\"application-managecontracts-display-component---AddNewContract--site-inner\"]"}
COMMAND: POST /session/ae63ae861a600ce3e86dcf3ce68037e1/element/f.B604D285643F95EEE180589880A06EE9.d.D1135A460560A2EDF5C335585E1DEB2D.e.7983/clear - {}
RESULT: {}
COMMAND: POST /session/ae63ae861a600ce3e86dcf3ce68037e1/element/f.B604D285643F95EEE180589880A06EE9.d.D1135A460560A2EDF5C335585E1DEB2D.e.7983/value - {"text":"2108"}
COMMAND: GET /session/ae63ae861a600ce3e86dcf3ce68037e1/screenshot - {}
RESULT: {"text":"2108"}
COMMAND: GET /session/ae63ae861a600ce3e86dcf3ce68037e1/screenshot - {}
RESULT: {}
RESULT: {}
COMMAND: POST /session/ae63ae861a600ce3e86dcf3ce68037e1/element - {"using":"xpath","value":"//li[.//span[text()='2108']]"}
RESULT: {"using":"xpath","value":"//li[.//span[text()='2108']]"}
COMMAND: POST /session/ae63ae861a600ce3e86dcf3ce68037e1/element/f.B604D285643F95EEE180589880A06EE9.d.D1135A460560A2EDF5C335585E1DEB2D.e.8066/click - {}
RESULT: {}
COMMAND: GET /session/ae63ae861a600ce3e86dcf3ce68037e1/screenshot - {}
RESULT: {}
COMMAND: POST /session/ae63ae861a600ce3e86dcf3ce68037e1/element - {"using":"xpath","value":"//input[@id=\"application-managecontracts-display-component---AddNewContract--yardId-inner\"]"}
RESULT: {"using":"xpath","value":"//input[@id=\"application-managecontracts-display-component---AddNewContract--yardId-inner\"]"}
COMMAND: GET /session/ae63ae861a600ce3e86dcf3ce68037e1/element/f.B604D285643F95EEE180589880A06EE9.d.D1135A460560A2EDF5C335585E1DEB2D.e.7984/property/value - {}
RESULT: {}
COMMAND: POST /session/ae63ae861a600ce3e86dcf3ce68037e1/element - {"using":"xpath","value":"//input[@id=\"application-managecontracts-display-component---AddNewContract--customerSelect-inner\"]"}
COMMAND: GET /session/ae63ae861a600ce3e86dcf3ce68037e1/screenshot - {}
RESULT: {"using":"xpath","value":"//input[@id=\"application-managecontracts-display-component---AddNewContract--customerSelect-inner\"]"}
COMMAND: POST /session/ae63ae861a600ce3e86dcf3ce68037e1/element/f.B604D285643F95EEE180589880A06EE9.d.D1135A460560A2EDF5C335585E1DEB2D.e.7982/clear - {}
RESULT: {}
RESULT: {}
COMMAND: POST /session/ae63ae861a600ce3e86dcf3ce68037e1/element/f.B604D285643F95EEE180589880A06EE9.d.D1135A460560A2EDF5C335585E1DEB2D.e.7982/value - {"text":"1117"}
COMMAND: GET /session/ae63ae861a600ce3e86dcf3ce68037e1/screenshot - {}
RESULT: {"text":"1117"}
COMMAND: GET /session/ae63ae861a600ce3e86dcf3ce68037e1/screenshot - {}
RESULT: {}
RESULT: {}
COMMAND: POST /session/ae63ae861a600ce3e86dcf3ce68037e1/element - {"using":"xpath","value":"//li[.//span[text()='1117']]"}
RESULT: {"using":"xpath","value":"//li[.//span[text()='1117']]"}
COMMAND: POST /session/ae63ae861a600ce3e86dcf3ce68037e1/element/f.B604D285643F95EEE180589880A06EE9.d.D1135A460560A2EDF5C335585E1DEB2D.e.8069/click - {}
RESULT: {}
COMMAND: GET /session/ae63ae861a600ce3e86dcf3ce68037e1/screenshot - {}
RESULT: {}
COMMAND: POST /session/ae63ae861a600ce3e86dcf3ce68037e1/element - {"using":"xpath","value":"//button[@data-kt=\"saveButton\"]"}
RESULT: {"using":"xpath","value":"//button[@data-kt=\"saveButton\"]"}
COMMAND: POST /session/ae63ae861a600ce3e86dcf3ce68037e1/element/f.B604D285643F95EEE180589880A06EE9.d.D1135A460560A2EDF5C335585E1DEB2D.e.8059/click - {}
RESULT: {}
COMMAND: GET /session/ae63ae861a600ce3e86dcf3ce68037e1/screenshot - {}
RESULT: {}
COMMAND: POST /session/ae63ae861a600ce3e86dcf3ce68037e1/element - {"using":"xpath","value":"//span[contains(@id ,\"contractDetailTitleNoExpanded\")]"}
RESULT: {"using":"xpath","value":"//span[contains(@id ,\"contractDetailTitleNoExpanded\")]"}
COMMAND: POST /session/ae63ae861a600ce3e86dcf3ce68037e1/elements - {"using":"xpath","value":"//span[contains(@id ,\"contractDetailTitleNoExpanded\")]"}
RESULT: {"using":"xpath","value":"//span[contains(@id ,\"contractDetailTitleNoExpanded\")]"}
COMMAND: POST /session/ae63ae861a600ce3e86dcf3ce68037e1/execute/sync - {"script":"<script> [56 bytes]","args":[{"element-6066-11e4-a52e-4f735466cecf":"f.B604D285643F95EEE180589880A06EE9.d.D1135A460560A2EDF5C335585E1DEB2D.e.8086","ELEMENT":"f.B604D285643F95EEE180589880A06EE9.d.D1135A460560A2EDF5C335585E1DEB2D.e.8086"}]}
RESULT: {"script":"<script> [56 bytes]","args":[{"element-6066-11e4-a52e-4f735466cecf":"f.B604D285643F95EEE180589880A06EE9.d.D1135A460560A2EDF5C335585E1DEB2D.e.8086","ELEMENT":"f.B604D285643F95EEE180589880A06EE9.d.D1135A460560A2EDF5C335585E1DEB2D.e.8086"}]}
COMMAND: GET /session/ae63ae861a600ce3e86dcf3ce68037e1/screenshot - {}
RESULT: {}
]]></system-out>
    </testcase>
    <testcase classname="chrome.137_0_7151_69.windows.US134625_Set_up_price_condition_-_one_time" name="Should add the material to the contract" time="54.122">
      <system-out><![CDATA[
COMMAND: POST /session/ae63ae861a600ce3e86dcf3ce68037e1/element - {"using":"xpath","value":"//button[@data-kt=\"contractDetailEditBtnButton\"]"}
RESULT: {"using":"xpath","value":"//button[@data-kt=\"contractDetailEditBtnButton\"]"}
COMMAND: POST /session/ae63ae861a600ce3e86dcf3ce68037e1/element/f.B604D285643F95EEE180589880A06EE9.d.D1135A460560A2EDF5C335585E1DEB2D.e.8088/click - {}
RESULT: {}
COMMAND: GET /session/ae63ae861a600ce3e86dcf3ce68037e1/screenshot - {}
RESULT: {}
COMMAND: POST /session/ae63ae861a600ce3e86dcf3ce68037e1/element - {"using":"xpath","value":"(//span[contains(text(), \"Additional Addresses\")])[2]"}
RESULT: {"using":"xpath","value":"(//span[contains(text(), \"Additional Addresses\")])[2]"}
COMMAND: POST /session/ae63ae861a600ce3e86dcf3ce68037e1/element/f.B604D285643F95EEE180589880A06EE9.d.D1135A460560A2EDF5C335585E1DEB2D.e.8143/click - {}
RESULT: {}
COMMAND: GET /session/ae63ae861a600ce3e86dcf3ce68037e1/screenshot - {}
RESULT: {}
COMMAND: POST /session/ae63ae861a600ce3e86dcf3ce68037e1/element - {"using":"xpath","value":"//button[@data-kt=\"btnAddTableRowOverflowToolbarButton\"]"}
RESULT: {"using":"xpath","value":"//button[@data-kt=\"btnAddTableRowOverflowToolbarButton\"]"}
COMMAND: POST /session/ae63ae861a600ce3e86dcf3ce68037e1/element/f.B604D285643F95EEE180589880A06EE9.d.D1135A460560A2EDF5C335585E1DEB2D.e.8146/click - {}
RESULT: {}
COMMAND: GET /session/ae63ae861a600ce3e86dcf3ce68037e1/screenshot - {}
RESULT: {}
COMMAND: POST /session/ae63ae861a600ce3e86dcf3ce68037e1/element - {"using":"xpath","value":"//div[(text() = 'Standard Entry' or . = 'Standard Entry')]"}
RESULT: {"using":"xpath","value":"//div[(text() = 'Standard Entry' or . = 'Standard Entry')]"}
COMMAND: POST /session/ae63ae861a600ce3e86dcf3ce68037e1/element/f.B604D285643F95EEE180589880A06EE9.d.D1135A460560A2EDF5C335585E1DEB2D.e.8148/click - {}
RESULT: {}
COMMAND: GET /session/ae63ae861a600ce3e86dcf3ce68037e1/screenshot - {}
RESULT: {}
COMMAND: POST /session/ae63ae861a600ce3e86dcf3ce68037e1/element - {"using":"xpath","value":"//td[6]/div/div/div/span"}
RESULT: {"using":"xpath","value":"//td[6]/div/div/div/span"}
COMMAND: POST /session/ae63ae861a600ce3e86dcf3ce68037e1/element/f.B604D285643F95EEE180589880A06EE9.d.D1135A460560A2EDF5C335585E1DEB2D.e.8160/click - {}
RESULT: {}
COMMAND: GET /session/ae63ae861a600ce3e86dcf3ce68037e1/screenshot - {}
RESULT: {}
COMMAND: POST /session/ae63ae861a600ce3e86dcf3ce68037e1/element - {"using":"xpath","value":"(//span[contains(text(), \"Material\")])"}
RESULT: {"using":"xpath","value":"(//span[contains(text(), \"Material\")])"}
COMMAND: POST /session/ae63ae861a600ce3e86dcf3ce68037e1/element/f.B604D285643F95EEE180589880A06EE9.d.D1135A460560A2EDF5C335585E1DEB2D.e.8161/click - {}
RESULT: {}
COMMAND: GET /session/ae63ae861a600ce3e86dcf3ce68037e1/screenshot - {}
RESULT: {}
COMMAND: POST /session/ae63ae861a600ce3e86dcf3ce68037e1/element - {"using":"xpath","value":"//td[7]/div/div/input"}
RESULT: {"using":"xpath","value":"//td[7]/div/div/input"}
COMMAND: POST /session/ae63ae861a600ce3e86dcf3ce68037e1/element/f.B604D285643F95EEE180589880A06EE9.d.D1135A460560A2EDF5C335585E1DEB2D.e.8165/clear - {}
RESULT: {}
COMMAND: POST /session/ae63ae861a600ce3e86dcf3ce68037e1/element/f.B604D285643F95EEE180589880A06EE9.d.D1135A460560A2EDF5C335585E1DEB2D.e.8165/value - {"text":"200143"}
COMMAND: GET /session/ae63ae861a600ce3e86dcf3ce68037e1/screenshot - {}
RESULT: {"text":"200143"}
COMMAND: GET /session/ae63ae861a600ce3e86dcf3ce68037e1/screenshot - {}
RESULT: {}
RESULT: {}
COMMAND: POST /session/ae63ae861a600ce3e86dcf3ce68037e1/actions - {"actions":[{"id":"action28","type":"key","parameters":{},"actions":[{"type":"keyDown","value":""},{"type":"pause","duration":10},{"type":"keyUp","value":""}]}]}
RESULT: {"actions":[{"id":"action28","type":"key","parameters":{},"actions":[{"type":"keyDown","value":""},{"type":"pause","duration":10},{"type":"keyUp","value":""}]}]}
COMMAND: GET /session/ae63ae861a600ce3e86dcf3ce68037e1/screenshot - {}
RESULT: {}
COMMAND: POST /session/ae63ae861a600ce3e86dcf3ce68037e1/execute/sync - {"script":"<script> [276 bytes]","args":["No pricing information was found"]}
RESULT: {"script":"<script> [276 bytes]","args":["No pricing information was found"]}
COMMAND: POST /session/ae63ae861a600ce3e86dcf3ce68037e1/element - {"using":"xpath","value":"(//button[@data-kt=\"saveButton\"])[2]"}
COMMAND: GET /session/ae63ae861a600ce3e86dcf3ce68037e1/screenshot - {}
RESULT: {"using":"xpath","value":"(//button[@data-kt=\"saveButton\"])[2]"}
COMMAND: POST /session/ae63ae861a600ce3e86dcf3ce68037e1/element/f.B604D285643F95EEE180589880A06EE9.d.D1135A460560A2EDF5C335585E1DEB2D.e.8188/click - {}
RESULT: {}
RESULT: {}
COMMAND: GET /session/ae63ae861a600ce3e86dcf3ce68037e1/screenshot - {}
RESULT: {}
COMMAND: POST /session/ae63ae861a600ce3e86dcf3ce68037e1/execute/sync - {"script":"<script> [276 bytes]","args":["Some contract items are having rental validity exceeding header rental validity"]}
RESULT: {"script":"<script> [276 bytes]","args":["Some contract items are having rental validity exceeding header rental validity"]}
COMMAND: GET /session/ae63ae861a600ce3e86dcf3ce68037e1/screenshot - {}
RESULT: {}
COMMAND: POST /session/ae63ae861a600ce3e86dcf3ce68037e1/element - {"using":"xpath","value":"//span[contains(@id ,\"contractItemsSmartTable-header-inner\")]"}
RESULT: {"using":"xpath","value":"//span[contains(@id ,\"contractItemsSmartTable-header-inner\")]"}
COMMAND: POST /session/ae63ae861a600ce3e86dcf3ce68037e1/elements - {"using":"xpath","value":"//span[contains(@id ,\"contractItemsSmartTable-header-inner\")]"}
RESULT: {"using":"xpath","value":"//span[contains(@id ,\"contractItemsSmartTable-header-inner\")]"}
COMMAND: POST /session/ae63ae861a600ce3e86dcf3ce68037e1/execute/sync - {"script":"<script> [56 bytes]","args":[{"element-6066-11e4-a52e-4f735466cecf":"f.B604D285643F95EEE180589880A06EE9.d.D1135A460560A2EDF5C335585E1DEB2D.e.8195","ELEMENT":"f.B604D285643F95EEE180589880A06EE9.d.D1135A460560A2EDF5C335585E1DEB2D.e.8195"}]}
RESULT: {"script":"<script> [56 bytes]","args":[{"element-6066-11e4-a52e-4f735466cecf":"f.B604D285643F95EEE180589880A06EE9.d.D1135A460560A2EDF5C335585E1DEB2D.e.8195","ELEMENT":"f.B604D285643F95EEE180589880A06EE9.d.D1135A460560A2EDF5C335585E1DEB2D.e.8195"}]}
]]></system-out>
    </testcase>
    <testcase classname="chrome.137_0_7151_69.windows.US134625_Set_up_price_condition_-_one_time" name="Should verify the bill item creation and pricing condition" time="9.927">
      <system-out><![CDATA[
COMMAND: GET /session/ae63ae861a600ce3e86dcf3ce68037e1/screenshot - {}
COMMAND: POST /session/ae63ae861a600ce3e86dcf3ce68037e1/execute/async - {"script":"<script> [1562 bytes]","args":[{"selector":{"controlType":"sap.ui.core.Icon","viewName":"etm.portal.ui.managecontracts.view.Detail","properties":{"src":{"regex":{"source":"slim\\-arrow\\-right"}}}},"wdio_ui5_key":"etmportal.ui.managecontracts.view.Detailsap.ui.core.Icon{\"src\":{\"regex\":{\"source\":\"slim\\\\-arrow\\\\-right\"}}}"}]}
RESULT: {}
RESULT: {"script":"<script> [1562 bytes]","args":[{"selector":{"controlType":"sap.ui.core.Icon","viewName":"etm.portal.ui.managecontracts.view.Detail","properties":{"src":{"regex":{"source":"slim\\-arrow\\-right"}}}},"wdio_ui5_key":"etmportal.ui.managecontracts.view.Detailsap.ui.core.Icon{\"src\":{\"regex\":{\"source\":\"slim\\\\-arrow\\\\-right\"}}}"}]}
RESULT: undefined
COMMAND: POST /session/ae63ae861a600ce3e86dcf3ce68037e1/element - {"using":"xpath","value":"//*[@id=\"__item1055-__clone2423-imgNav\"]"}
RESULT: {"using":"xpath","value":"//*[@id=\"__item1055-__clone2423-imgNav\"]"}
COMMAND: POST /session/ae63ae861a600ce3e86dcf3ce68037e1/element/f.B604D285643F95EEE180589880A06EE9.d.D1135A460560A2EDF5C335585E1DEB2D.e.8196/click - {}
RESULT: {}
COMMAND: GET /session/ae63ae861a600ce3e86dcf3ce68037e1/screenshot - {}
RESULT: {}
COMMAND: POST /session/ae63ae861a600ce3e86dcf3ce68037e1/execute/async - {"script":"<script> [1562 bytes]","args":[{"selector":{"controlType":"sap.m.Text","viewName":"etm.portal.ui.managecontracts.view.BillingItem","viewId":"application-managecontracts-display-component---BillingItem","bindingPath":{"propertyPath":"LINK_TO_C_BILL_TYPES/DESCRIPTION"}},"wdio_ui5_key":"etmportal.ui.managecontracts.view.BillingItemsap.m.Text{\"propertyPath\":\"LINK_TO_C_BILL_TYPES/DESCRIPTION\"}"}]}
RESULT: {"script":"<script> [1562 bytes]","args":[{"selector":{"controlType":"sap.m.Text","viewName":"etm.portal.ui.managecontracts.view.BillingItem","viewId":"application-managecontracts-display-component---BillingItem","bindingPath":{"propertyPath":"LINK_TO_C_BILL_TYPES/DESCRIPTION"}},"wdio_ui5_key":"etmportal.ui.managecontracts.view.BillingItemsap.m.Text{\"propertyPath\":\"LINK_TO_C_BILL_TYPES/DESCRIPTION\"}"}]}
RESULT: undefined
COMMAND: POST /session/ae63ae861a600ce3e86dcf3ce68037e1/execute/async - {"script":"<script> [6424 bytes]","args":[{"element-6066-11e4-a52e-4f735466cecf":"f.B604D285643F95EEE180589880A06EE9.d.D1135A460560A2EDF5C335585E1DEB2D.e.8211"},"getText",[]]}
RESULT: {"script":"<script> [6424 bytes]","args":[{"element-6066-11e4-a52e-4f735466cecf":"f.B604D285643F95EEE180589880A06EE9.d.D1135A460560A2EDF5C335585E1DEB2D.e.8211"},"getText",[]]}
COMMAND: POST /session/ae63ae861a600ce3e86dcf3ce68037e1/execute/async - {"script":"<script> [1562 bytes]","args":[{"selector":{"controlType":"sap.m.ObjectNumber","viewName":"etm.portal.ui.managecontracts.view.BillingItem","viewId":"application-managecontracts-display-component---BillingItem","bindingPath":{"propertyPath":"BASE_PRICE"}},"wdio_ui5_key":"etmportal.ui.managecontracts.view.BillingItemsap.m.ObjectNumber{\"propertyPath\":\"BASE_PRICE\"}"}]}
RESULT: {"script":"<script> [1562 bytes]","args":[{"selector":{"controlType":"sap.m.ObjectNumber","viewName":"etm.portal.ui.managecontracts.view.BillingItem","viewId":"application-managecontracts-display-component---BillingItem","bindingPath":{"propertyPath":"BASE_PRICE"}},"wdio_ui5_key":"etmportal.ui.managecontracts.view.BillingItemsap.m.ObjectNumber{\"propertyPath\":\"BASE_PRICE\"}"}]}
RESULT: undefined
COMMAND: POST /session/ae63ae861a600ce3e86dcf3ce68037e1/execute/async - {"script":"<script> [6424 bytes]","args":[{"element-6066-11e4-a52e-4f735466cecf":"f.B604D285643F95EEE180589880A06EE9.d.D1135A460560A2EDF5C335585E1DEB2D.e.8212"},"getNumber",[]]}
RESULT: {"script":"<script> [6424 bytes]","args":[{"element-6066-11e4-a52e-4f735466cecf":"f.B604D285643F95EEE180589880A06EE9.d.D1135A460560A2EDF5C335585E1DEB2D.e.8212"},"getNumber",[]]}
COMMAND: POST /session/ae63ae861a600ce3e86dcf3ce68037e1/execute/async - {"script":"<script> [1562 bytes]","args":[{"selector":{"controlType":"sap.m.ObjectNumber","viewName":"etm.portal.ui.managecontracts.view.BillingItem","viewId":"application-managecontracts-display-component---BillingItem","bindingPath":{"propertyPath":"BASE_QUANTITY"}},"wdio_ui5_key":"etmportal.ui.managecontracts.view.BillingItemsap.m.ObjectNumber{\"propertyPath\":\"BASE_QUANTITY\"}"}]}
RESULT: {"script":"<script> [1562 bytes]","args":[{"selector":{"controlType":"sap.m.ObjectNumber","viewName":"etm.portal.ui.managecontracts.view.BillingItem","viewId":"application-managecontracts-display-component---BillingItem","bindingPath":{"propertyPath":"BASE_QUANTITY"}},"wdio_ui5_key":"etmportal.ui.managecontracts.view.BillingItemsap.m.ObjectNumber{\"propertyPath\":\"BASE_QUANTITY\"}"}]}
RESULT: undefined
COMMAND: POST /session/ae63ae861a600ce3e86dcf3ce68037e1/execute/async - {"script":"<script> [6424 bytes]","args":[{"element-6066-11e4-a52e-4f735466cecf":"f.B604D285643F95EEE180589880A06EE9.d.D1135A460560A2EDF5C335585E1DEB2D.e.8213"},"getNumber",[]]}
RESULT: {"script":"<script> [6424 bytes]","args":[{"element-6066-11e4-a52e-4f735466cecf":"f.B604D285643F95EEE180589880A06EE9.d.D1135A460560A2EDF5C335585E1DEB2D.e.8213"},"getNumber",[]]}
COMMAND: DELETE /session/ae63ae861a600ce3e86dcf3ce68037e1 - {}
RESULT: {}
]]></system-out>
    </testcase>
  </testsuite>
</testsuites>