<?xml version="1.0" encoding="UTF-8"?>
<testsuites tests="48" failures="0" errors="0" skipped="0">
  <testsuite timestamp="2025-05-17T17:17:52" time="1196.436" tests="12" failures="0" errors="0" skipped="0">
    <properties>
      <property name="specId" value="0" />
      <property name="suiteName" value="Billing Transfer - Master data &amp; Intercompany US127250" />
      <property name="capabilities" value="chrome.136_0_7103_93.windows" />
      <property name="file" value="file:///D:/a/1/s/test/specs/BTS/billing-transfer-intercompany.spec.js" />
    </properties>
    <testcase classname="chrome.136_0_7103_93.windows.Billing_Transfer_-_Master_data_&amp;_Intercompany_US127250" name="Should create a new yard" time="136.087">
      <system-out><![CDATA[
COMMAND: POST /session/cda6b29e510b44d9979fdab5b6517565/window/fullscreen - {}
RESULT: {}
COMMAND: POST /session/cda6b29e510b44d9979fdab5b6517565/execute/async - {"script":"<script> [1562 bytes]","args":[{"selector":{"controlType":"sap.m.GenericTile","properties":{"header":"Manage Yards"}},"wdio_ui5_key":"sapm.GenericTile{\"header\":\"Manage Yards\"}"}]}
RESULT: {"script":"<script> [1562 bytes]","args":[{"selector":{"controlType":"sap.m.GenericTile","properties":{"header":"Manage Yards"}},"wdio_ui5_key":"sapm.GenericTile{\"header\":\"Manage Yards\"}"}]}
RESULT: undefined
COMMAND: POST /session/cda6b29e510b44d9979fdab5b6517565/element - {"using":"xpath","value":"//*[@id=\"__tile41\"]"}
RESULT: {"using":"xpath","value":"//*[@id=\"__tile41\"]"}
COMMAND: POST /session/cda6b29e510b44d9979fdab5b6517565/element/f.5E866639E2C7498835F0FF88C67C8471.d.06ABA0792494ACC3D654439B0F52E42A.e.171/click - {}
RESULT: {}
COMMAND: GET /session/cda6b29e510b44d9979fdab5b6517565/screenshot - {}
RESULT: {}
COMMAND: POST /session/cda6b29e510b44d9979fdab5b6517565/elements - {"using":"xpath","value":"//span[text()='Error']"}
RESULT: {"using":"xpath","value":"//span[text()='Error']"}
COMMAND: POST /session/cda6b29e510b44d9979fdab5b6517565/element - {"using":"xpath","value":"//button[@data-kt=\"addNewYardOverflowToolbarButton\"]"}
RESULT: {"using":"xpath","value":"//button[@data-kt=\"addNewYardOverflowToolbarButton\"]"}
COMMAND: POST /session/cda6b29e510b44d9979fdab5b6517565/elements - {"using":"xpath","value":"//button[@data-kt=\"addNewYardOverflowToolbarButton\"]"}
RESULT: {"using":"xpath","value":"//button[@data-kt=\"addNewYardOverflowToolbarButton\"]"}
COMMAND: POST /session/cda6b29e510b44d9979fdab5b6517565/elements - {"using":"xpath","value":"//button[@data-kt=\"addNewYardOverflowToolbarButton\"]"}
RESULT: {"using":"xpath","value":"//button[@data-kt=\"addNewYardOverflowToolbarButton\"]"}
COMMAND: POST /session/cda6b29e510b44d9979fdab5b6517565/elements - {"using":"xpath","value":"//button[@data-kt=\"addNewYardOverflowToolbarButton\"]"}
RESULT: {"using":"xpath","value":"//button[@data-kt=\"addNewYardOverflowToolbarButton\"]"}
COMMAND: POST /session/cda6b29e510b44d9979fdab5b6517565/elements - {"using":"xpath","value":"//button[@data-kt=\"addNewYardOverflowToolbarButton\"]"}
RESULT: {"using":"xpath","value":"//button[@data-kt=\"addNewYardOverflowToolbarButton\"]"}
COMMAND: POST /session/cda6b29e510b44d9979fdab5b6517565/elements - {"using":"xpath","value":"//button[@data-kt=\"addNewYardOverflowToolbarButton\"]"}
RESULT: {"using":"xpath","value":"//button[@data-kt=\"addNewYardOverflowToolbarButton\"]"}
COMMAND: POST /session/cda6b29e510b44d9979fdab5b6517565/elements - {"using":"xpath","value":"//button[@data-kt=\"addNewYardOverflowToolbarButton\"]"}
RESULT: {"using":"xpath","value":"//button[@data-kt=\"addNewYardOverflowToolbarButton\"]"}
COMMAND: POST /session/cda6b29e510b44d9979fdab5b6517565/elements - {"using":"xpath","value":"//button[@data-kt=\"addNewYardOverflowToolbarButton\"]"}
RESULT: {"using":"xpath","value":"//button[@data-kt=\"addNewYardOverflowToolbarButton\"]"}
COMMAND: POST /session/cda6b29e510b44d9979fdab5b6517565/elements - {"using":"xpath","value":"//button[@data-kt=\"addNewYardOverflowToolbarButton\"]"}
RESULT: {"using":"xpath","value":"//button[@data-kt=\"addNewYardOverflowToolbarButton\"]"}
COMMAND: POST /session/cda6b29e510b44d9979fdab5b6517565/elements - {"using":"xpath","value":"//button[@data-kt=\"addNewYardOverflowToolbarButton\"]"}
RESULT: {"using":"xpath","value":"//button[@data-kt=\"addNewYardOverflowToolbarButton\"]"}
COMMAND: POST /session/cda6b29e510b44d9979fdab5b6517565/elements - {"using":"xpath","value":"//button[@data-kt=\"addNewYardOverflowToolbarButton\"]"}
RESULT: {"using":"xpath","value":"//button[@data-kt=\"addNewYardOverflowToolbarButton\"]"}
COMMAND: POST /session/cda6b29e510b44d9979fdab5b6517565/elements - {"using":"xpath","value":"//button[@data-kt=\"addNewYardOverflowToolbarButton\"]"}
RESULT: {"using":"xpath","value":"//button[@data-kt=\"addNewYardOverflowToolbarButton\"]"}
COMMAND: POST /session/cda6b29e510b44d9979fdab5b6517565/elements - {"using":"xpath","value":"//button[@data-kt=\"addNewYardOverflowToolbarButton\"]"}
RESULT: {"using":"xpath","value":"//button[@data-kt=\"addNewYardOverflowToolbarButton\"]"}
COMMAND: POST /session/cda6b29e510b44d9979fdab5b6517565/elements - {"using":"xpath","value":"//button[@data-kt=\"addNewYardOverflowToolbarButton\"]"}
RESULT: {"using":"xpath","value":"//button[@data-kt=\"addNewYardOverflowToolbarButton\"]"}
COMMAND: POST /session/cda6b29e510b44d9979fdab5b6517565/elements - {"using":"xpath","value":"//button[@data-kt=\"addNewYardOverflowToolbarButton\"]"}
RESULT: {"using":"xpath","value":"//button[@data-kt=\"addNewYardOverflowToolbarButton\"]"}
COMMAND: POST /session/cda6b29e510b44d9979fdab5b6517565/elements - {"using":"xpath","value":"//button[@data-kt=\"addNewYardOverflowToolbarButton\"]"}
RESULT: {"using":"xpath","value":"//button[@data-kt=\"addNewYardOverflowToolbarButton\"]"}
COMMAND: POST /session/cda6b29e510b44d9979fdab5b6517565/elements - {"using":"xpath","value":"//button[@data-kt=\"addNewYardOverflowToolbarButton\"]"}
RESULT: {"using":"xpath","value":"//button[@data-kt=\"addNewYardOverflowToolbarButton\"]"}
COMMAND: POST /session/cda6b29e510b44d9979fdab5b6517565/elements - {"using":"xpath","value":"//button[@data-kt=\"addNewYardOverflowToolbarButton\"]"}
RESULT: {"using":"xpath","value":"//button[@data-kt=\"addNewYardOverflowToolbarButton\"]"}
COMMAND: POST /session/cda6b29e510b44d9979fdab5b6517565/elements - {"using":"xpath","value":"//button[@data-kt=\"addNewYardOverflowToolbarButton\"]"}
RESULT: {"using":"xpath","value":"//button[@data-kt=\"addNewYardOverflowToolbarButton\"]"}
COMMAND: POST /session/cda6b29e510b44d9979fdab5b6517565/elements - {"using":"xpath","value":"//button[@data-kt=\"addNewYardOverflowToolbarButton\"]"}
RESULT: {"using":"xpath","value":"//button[@data-kt=\"addNewYardOverflowToolbarButton\"]"}
COMMAND: POST /session/cda6b29e510b44d9979fdab5b6517565/element - {"using":"xpath","value":"//button[@data-kt=\"addNewYardOverflowToolbarButton\"]"}
RESULT: {"using":"xpath","value":"//button[@data-kt=\"addNewYardOverflowToolbarButton\"]"}
COMMAND: POST /session/cda6b29e510b44d9979fdab5b6517565/execute/sync - {"script":"<script> [8489 bytes]","args":[{"element-6066-11e4-a52e-4f735466cecf":"f.5E866639E2C7498835F0FF88C67C8471.d.06ABA0792494ACC3D654439B0F52E42A.e.303","ELEMENT":"f.5E866639E2C7498835F0FF88C67C8471.d.06ABA0792494ACC3D654439B0F52E42A.e.303"}]}
RESULT: {"script":"<script> [8489 bytes]","args":[{"element-6066-11e4-a52e-4f735466cecf":"f.5E866639E2C7498835F0FF88C67C8471.d.06ABA0792494ACC3D654439B0F52E42A.e.303","ELEMENT":"f.5E866639E2C7498835F0FF88C67C8471.d.06ABA0792494ACC3D654439B0F52E42A.e.303"}]}
COMMAND: GET /session/cda6b29e510b44d9979fdab5b6517565/element/f.5E866639E2C7498835F0FF88C67C8471.d.06ABA0792494ACC3D654439B0F52E42A.e.303/enabled - {}
COMMAND: GET /session/cda6b29e510b44d9979fdab5b6517565/screenshot - {}
RESULT: {}
RESULT: {}
COMMAND: POST /session/cda6b29e510b44d9979fdab5b6517565/execute/sync - {"script":"<script> [8489 bytes]","args":[{"element-6066-11e4-a52e-4f735466cecf":"f.5E866639E2C7498835F0FF88C67C8471.d.06ABA0792494ACC3D654439B0F52E42A.e.303","ELEMENT":"f.5E866639E2C7498835F0FF88C67C8471.d.06ABA0792494ACC3D654439B0F52E42A.e.303"}]}
COMMAND: GET /session/cda6b29e510b44d9979fdab5b6517565/screenshot - {}
RESULT: {"script":"<script> [8489 bytes]","args":[{"element-6066-11e4-a52e-4f735466cecf":"f.5E866639E2C7498835F0FF88C67C8471.d.06ABA0792494ACC3D654439B0F52E42A.e.303","ELEMENT":"f.5E866639E2C7498835F0FF88C67C8471.d.06ABA0792494ACC3D654439B0F52E42A.e.303"}]}
COMMAND: POST /session/cda6b29e510b44d9979fdab5b6517565/execute/sync - {"script":"<script> [5351 bytes]","args":[{"element-6066-11e4-a52e-4f735466cecf":"f.5E866639E2C7498835F0FF88C67C8471.d.06ABA0792494ACC3D654439B0F52E42A.e.303","ELEMENT":"f.5E866639E2C7498835F0FF88C67C8471.d.06ABA0792494ACC3D654439B0F52E42A.e.303"}]}
COMMAND: GET /session/cda6b29e510b44d9979fdab5b6517565/screenshot - {}
RESULT: {}
RESULT: {"script":"<script> [5351 bytes]","args":[{"element-6066-11e4-a52e-4f735466cecf":"f.5E866639E2C7498835F0FF88C67C8471.d.06ABA0792494ACC3D654439B0F52E42A.e.303","ELEMENT":"f.5E866639E2C7498835F0FF88C67C8471.d.06ABA0792494ACC3D654439B0F52E42A.e.303"}]}
COMMAND: POST /session/cda6b29e510b44d9979fdab5b6517565/element/f.5E866639E2C7498835F0FF88C67C8471.d.06ABA0792494ACC3D654439B0F52E42A.e.303/click - {}
COMMAND: GET /session/cda6b29e510b44d9979fdab5b6517565/screenshot - {}
RESULT: {}
RESULT: {}
COMMAND: GET /session/cda6b29e510b44d9979fdab5b6517565/screenshot - {}
RESULT: {}
COMMAND: POST /session/cda6b29e510b44d9979fdab5b6517565/element - {"using":"xpath","value":"//input[@id=\"application-manageyards-display-component---NewYard--yardId-inner\"]"}
RESULT: {}
RESULT: {"using":"xpath","value":"//input[@id=\"application-manageyards-display-component---NewYard--yardId-inner\"]"}
COMMAND: POST /session/cda6b29e510b44d9979fdab5b6517565/element - {"using":"xpath","value":"//input[@id=\"application-manageyards-display-component---NewYard--yardId-inner\"]"}
RESULT: {"using":"xpath","value":"//input[@id=\"application-manageyards-display-component---NewYard--yardId-inner\"]"}
COMMAND: POST /session/cda6b29e510b44d9979fdab5b6517565/execute/async - {"script":"<script> [1562 bytes]","args":[{"selector":{"id":"application-manageyards-display-component---NewYard--addressDetailDetailsName1","interaction":{"idSuffix":"inner"}},"wdio_ui5_key":"applicationmanageyards-display-component---NewYard--addressDetailDetailsName1"}]}
RESULT: {"script":"<script> [1562 bytes]","args":[{"selector":{"id":"application-manageyards-display-component---NewYard--addressDetailDetailsName1","interaction":{"idSuffix":"inner"}},"wdio_ui5_key":"applicationmanageyards-display-component---NewYard--addressDetailDetailsName1"}]}
RESULT: undefined
COMMAND: POST /session/cda6b29e510b44d9979fdab5b6517565/execute/async - {"script":"<script> [776 bytes]","args":[{"enterText":"Intercompany Yard wdIO","selector":{"id":"application-manageyards-display-component---NewYard--addressDetailDetailsName1","interaction":{"idSuffix":"inner"}},"clearTextFirst":true,"interactionType":"ENTER_TEXT"}]}
RESULT: {"script":"<script> [776 bytes]","args":[{"enterText":"Intercompany Yard wdIO","selector":{"id":"application-manageyards-display-component---NewYard--addressDetailDetailsName1","interaction":{"idSuffix":"inner"}},"clearTextFirst":true,"interactionType":"ENTER_TEXT"}]}
COMMAND: POST /session/cda6b29e510b44d9979fdab5b6517565/execute/async - {"script":"<script> [1562 bytes]","args":[{"selector":{"id":"application-manageyards-display-component---NewYard--addressDetailDetailsLanguage-arrow"},"wdio_ui5_key":"applicationmanageyards-display-component---NewYard--addressDetailDetailsLanguage-arrow"}]}
RESULT: {"script":"<script> [1562 bytes]","args":[{"selector":{"id":"application-manageyards-display-component---NewYard--addressDetailDetailsLanguage-arrow"},"wdio_ui5_key":"applicationmanageyards-display-component---NewYard--addressDetailDetailsLanguage-arrow"}]}
RESULT: undefined
COMMAND: POST /session/cda6b29e510b44d9979fdab5b6517565/element - {"using":"xpath","value":"//*[@id=\"application-manageyards-display-component---NewYard--addressDetailDetailsLanguage-arrow\"]"}
RESULT: {"using":"xpath","value":"//*[@id=\"application-manageyards-display-component---NewYard--addressDetailDetailsLanguage-arrow\"]"}
COMMAND: POST /session/cda6b29e510b44d9979fdab5b6517565/element/f.5E866639E2C7498835F0FF88C67C8471.d.06ABA0792494ACC3D654439B0F52E42A.e.745/click - {}
RESULT: {}
COMMAND: POST /session/cda6b29e510b44d9979fdab5b6517565/element - {"using":"xpath","value":"//span[contains(text(), \"English\")]"}
COMMAND: GET /session/cda6b29e510b44d9979fdab5b6517565/screenshot - {}
RESULT: {"using":"xpath","value":"//span[contains(text(), \"English\")]"}
COMMAND: POST /session/cda6b29e510b44d9979fdab5b6517565/element/f.5E866639E2C7498835F0FF88C67C8471.d.06ABA0792494ACC3D654439B0F52E42A.e.746/click - {}
RESULT: {}
RESULT: {}
COMMAND: POST /session/cda6b29e510b44d9979fdab5b6517565/execute/async - {"script":"<script> [1562 bytes]","args":[{"selector":{"id":"application-manageyards-display-component---NewYard--addressDetailDetailsCity1","interaction":{"idSuffix":"inner"}},"wdio_ui5_key":"applicationmanageyards-display-component---NewYard--addressDetailDetailsCity1"}]}
COMMAND: GET /session/cda6b29e510b44d9979fdab5b6517565/screenshot - {}
RESULT: {"script":"<script> [1562 bytes]","args":[{"selector":{"id":"application-manageyards-display-component---NewYard--addressDetailDetailsCity1","interaction":{"idSuffix":"inner"}},"wdio_ui5_key":"applicationmanageyards-display-component---NewYard--addressDetailDetailsCity1"}]}
RESULT: undefined
COMMAND: POST /session/cda6b29e510b44d9979fdab5b6517565/execute/async - {"script":"<script> [776 bytes]","args":[{"enterText":"Rosario","selector":{"id":"application-manageyards-display-component---NewYard--addressDetailDetailsCity1","interaction":{"idSuffix":"inner"}},"clearTextFirst":true,"interactionType":"ENTER_TEXT"}]}
RESULT: {}
RESULT: {"script":"<script> [776 bytes]","args":[{"enterText":"Rosario","selector":{"id":"application-manageyards-display-component---NewYard--addressDetailDetailsCity1","interaction":{"idSuffix":"inner"}},"clearTextFirst":true,"interactionType":"ENTER_TEXT"}]}
COMMAND: POST /session/cda6b29e510b44d9979fdab5b6517565/execute/async - {"script":"<script> [1562 bytes]","args":[{"selector":{"id":"application-manageyards-display-component---NewYard--addressDetailDetailsCountry-arrow"},"wdio_ui5_key":"applicationmanageyards-display-component---NewYard--addressDetailDetailsCountry-arrow"}]}
RESULT: {"script":"<script> [1562 bytes]","args":[{"selector":{"id":"application-manageyards-display-component---NewYard--addressDetailDetailsCountry-arrow"},"wdio_ui5_key":"applicationmanageyards-display-component---NewYard--addressDetailDetailsCountry-arrow"}]}
RESULT: undefined
COMMAND: POST /session/cda6b29e510b44d9979fdab5b6517565/element - {"using":"xpath","value":"//*[@id=\"application-manageyards-display-component---NewYard--addressDetailDetailsCountry-arrow\"]"}
RESULT: {"using":"xpath","value":"//*[@id=\"application-manageyards-display-component---NewYard--addressDetailDetailsCountry-arrow\"]"}
COMMAND: POST /session/cda6b29e510b44d9979fdab5b6517565/element/f.5E866639E2C7498835F0FF88C67C8471.d.06ABA0792494ACC3D654439B0F52E42A.e.748/click - {}
RESULT: {}
COMMAND: POST /session/cda6b29e510b44d9979fdab5b6517565/element - {"using":"xpath","value":"//span[contains(text(), \"Argentina\")]"}
COMMAND: GET /session/cda6b29e510b44d9979fdab5b6517565/screenshot - {}
RESULT: {"using":"xpath","value":"//span[contains(text(), \"Argentina\")]"}
COMMAND: POST /session/cda6b29e510b44d9979fdab5b6517565/element/f.5E866639E2C7498835F0FF88C67C8471.d.06ABA0792494ACC3D654439B0F52E42A.e.749/click - {}
RESULT: {}
RESULT: {}
COMMAND: POST /session/cda6b29e510b44d9979fdab5b6517565/execute/async - {"script":"<script> [1562 bytes]","args":[{"selector":{"id":"application-manageyards-display-component---NewYard--addressEditDetailsCostObjectCstType-arrow"},"wdio_ui5_key":"applicationmanageyards-display-component---NewYard--addressEditDetailsCostObjectCstType-arrow"}]}
COMMAND: GET /session/cda6b29e510b44d9979fdab5b6517565/screenshot - {}
RESULT: {"script":"<script> [1562 bytes]","args":[{"selector":{"id":"application-manageyards-display-component---NewYard--addressEditDetailsCostObjectCstType-arrow"},"wdio_ui5_key":"applicationmanageyards-display-component---NewYard--addressEditDetailsCostObjectCstType-arrow"}]}
RESULT: undefined
COMMAND: POST /session/cda6b29e510b44d9979fdab5b6517565/element - {"using":"xpath","value":"//*[@id=\"application-manageyards-display-component---NewYard--addressEditDetailsCostObjectCstType-arrow\"]"}
RESULT: {}
RESULT: {"using":"xpath","value":"//*[@id=\"application-manageyards-display-component---NewYard--addressEditDetailsCostObjectCstType-arrow\"]"}
COMMAND: POST /session/cda6b29e510b44d9979fdab5b6517565/element/f.5E866639E2C7498835F0FF88C67C8471.d.06ABA0792494ACC3D654439B0F52E42A.e.751/click - {}
RESULT: {}
COMMAND: POST /session/cda6b29e510b44d9979fdab5b6517565/element - {"using":"xpath","value":"//span[contains(text(), \"Cost Center\")]"}
COMMAND: GET /session/cda6b29e510b44d9979fdab5b6517565/screenshot - {}
RESULT: {"using":"xpath","value":"//span[contains(text(), \"Cost Center\")]"}
COMMAND: POST /session/cda6b29e510b44d9979fdab5b6517565/element/f.5E866639E2C7498835F0FF88C67C8471.d.06ABA0792494ACC3D654439B0F52E42A.e.752/click - {}
RESULT: {}
RESULT: {}
COMMAND: GET /session/cda6b29e510b44d9979fdab5b6517565/screenshot - {}
RESULT: {}
COMMAND: POST /session/cda6b29e510b44d9979fdab5b6517565/element - {"using":"xpath","value":"//span[@id=\"application-manageyards-display-component---NewYard--addressNewCostObjectCstID-vhi\"]"}
RESULT: {"using":"xpath","value":"//span[@id=\"application-manageyards-display-component---NewYard--addressNewCostObjectCstID-vhi\"]"}
COMMAND: POST /session/cda6b29e510b44d9979fdab5b6517565/execute/sync - {"script":"<script> [8489 bytes]","args":[{"element-6066-11e4-a52e-4f735466cecf":"f.5E866639E2C7498835F0FF88C67C8471.d.06ABA0792494ACC3D654439B0F52E42A.e.756","ELEMENT":"f.5E866639E2C7498835F0FF88C67C8471.d.06ABA0792494ACC3D654439B0F52E42A.e.756"}]}
RESULT: {"script":"<script> [8489 bytes]","args":[{"element-6066-11e4-a52e-4f735466cecf":"f.5E866639E2C7498835F0FF88C67C8471.d.06ABA0792494ACC3D654439B0F52E42A.e.756","ELEMENT":"f.5E866639E2C7498835F0FF88C67C8471.d.06ABA0792494ACC3D654439B0F52E42A.e.756"}]}
COMMAND: POST /session/cda6b29e510b44d9979fdab5b6517565/execute/async - {"script":"<script> [1562 bytes]","args":[{"selector":{"id":"application-manageyards-display-component---NewYard--addressNewCostObjectCstID-vhi"},"wdio_ui5_key":"applicationmanageyards-display-component---NewYard--addressNewCostObjectCstID-vhi"}]}
COMMAND: GET /session/cda6b29e510b44d9979fdab5b6517565/screenshot - {}
RESULT: {"script":"<script> [1562 bytes]","args":[{"selector":{"id":"application-manageyards-display-component---NewYard--addressNewCostObjectCstID-vhi"},"wdio_ui5_key":"applicationmanageyards-display-component---NewYard--addressNewCostObjectCstID-vhi"}]}
RESULT: undefined
COMMAND: POST /session/cda6b29e510b44d9979fdab5b6517565/element - {"using":"xpath","value":"//*[@id=\"application-manageyards-display-component---NewYard--addressNewCostObjectCstID-vhi\"]"}
RESULT: {}
RESULT: {"using":"xpath","value":"//*[@id=\"application-manageyards-display-component---NewYard--addressNewCostObjectCstID-vhi\"]"}
COMMAND: POST /session/cda6b29e510b44d9979fdab5b6517565/element/f.5E866639E2C7498835F0FF88C67C8471.d.06ABA0792494ACC3D654439B0F52E42A.e.756/click - {}
RESULT: {}
COMMAND: GET /session/cda6b29e510b44d9979fdab5b6517565/screenshot - {}
RESULT: {}
COMMAND: POST /session/cda6b29e510b44d9979fdab5b6517565/execute/async - {"script":"<script> [1562 bytes]","args":[{"selector":{"controlType":"sap.m.SearchField","properties":{"placeholder":"Search"},"searchOpenDialogs":true,"interaction":{"idSuffix":"I"}},"wdio_ui5_key":"sapm.SearchField{\"placeholder\":\"Search\"}"}]}
RESULT: {"script":"<script> [1562 bytes]","args":[{"selector":{"controlType":"sap.m.SearchField","properties":{"placeholder":"Search"},"searchOpenDialogs":true,"interaction":{"idSuffix":"I"}},"wdio_ui5_key":"sapm.SearchField{\"placeholder\":\"Search\"}"}]}
RESULT: undefined
COMMAND: POST /session/cda6b29e510b44d9979fdab5b6517565/execute/async - {"script":"<script> [776 bytes]","args":[{"enterText":"bauh_b","selector":{"controlType":"sap.m.SearchField","properties":{"placeholder":"Search"},"searchOpenDialogs":true,"interaction":{"idSuffix":"I"}},"clearTextFirst":true,"interactionType":"ENTER_TEXT"}]}
RESULT: {"script":"<script> [776 bytes]","args":[{"enterText":"bauh_b","selector":{"controlType":"sap.m.SearchField","properties":{"placeholder":"Search"},"searchOpenDialogs":true,"interaction":{"idSuffix":"I"}},"clearTextFirst":true,"interactionType":"ENTER_TEXT"}]}
COMMAND: POST /session/cda6b29e510b44d9979fdab5b6517565/actions - {"actions":[{"id":"action1","type":"key","parameters":{},"actions":[{"type":"keyDown","value":"î€‡"},{"type":"pause","duration":10},{"type":"keyUp","value":"î€‡"}]}]}
RESULT: {"actions":[{"id":"action1","type":"key","parameters":{},"actions":[{"type":"keyDown","value":"î€‡"},{"type":"pause","duration":10},{"type":"keyUp","value":"î€‡"}]}]}
COMMAND: GET /session/cda6b29e510b44d9979fdab5b6517565/screenshot - {}
RESULT: {}
COMMAND: POST /session/cda6b29e510b44d9979fdab5b6517565/element - {"using":"xpath","value":"//span[contains(text(), \"Demo Yard\")]"}
RESULT: {"using":"xpath","value":"//span[contains(text(), \"Demo Yard\")]"}
COMMAND: POST /session/cda6b29e510b44d9979fdab5b6517565/element/f.5E866639E2C7498835F0FF88C67C8471.d.06ABA0792494ACC3D654439B0F52E42A.e.797/click - {}
RESULT: {}
COMMAND: GET /session/cda6b29e510b44d9979fdab5b6517565/screenshot - {}
RESULT: {}
COMMAND: POST /session/cda6b29e510b44d9979fdab5b6517565/element - {"using":"xpath","value":"//bdi[contains(text(), \"OK\")]"}
RESULT: {"using":"xpath","value":"//bdi[contains(text(), \"OK\")]"}
COMMAND: POST /session/cda6b29e510b44d9979fdab5b6517565/element/f.5E866639E2C7498835F0FF88C67C8471.d.06ABA0792494ACC3D654439B0F52E42A.e.798/click - {}
RESULT: {}
COMMAND: GET /session/cda6b29e510b44d9979fdab5b6517565/screenshot - {}
RESULT: {}
COMMAND: POST /session/cda6b29e510b44d9979fdab5b6517565/execute/async - {"script":"<script> [1562 bytes]","args":[{"selector":{"id":"application-manageyards-display-component---NewYard--addressEditDetailsCurrency-arrow"},"wdio_ui5_key":"applicationmanageyards-display-component---NewYard--addressEditDetailsCurrency-arrow"}]}
RESULT: {"script":"<script> [1562 bytes]","args":[{"selector":{"id":"application-manageyards-display-component---NewYard--addressEditDetailsCurrency-arrow"},"wdio_ui5_key":"applicationmanageyards-display-component---NewYard--addressEditDetailsCurrency-arrow"}]}
RESULT: undefined
COMMAND: POST /session/cda6b29e510b44d9979fdab5b6517565/element - {"using":"xpath","value":"//*[@id=\"application-manageyards-display-component---NewYard--addressEditDetailsCurrency-arrow\"]"}
RESULT: {"using":"xpath","value":"//*[@id=\"application-manageyards-display-component---NewYard--addressEditDetailsCurrency-arrow\"]"}
COMMAND: POST /session/cda6b29e510b44d9979fdab5b6517565/element/f.5E866639E2C7498835F0FF88C67C8471.d.06ABA0792494ACC3D654439B0F52E42A.e.801/click - {}
RESULT: {}
COMMAND: POST /session/cda6b29e510b44d9979fdab5b6517565/element - {"using":"xpath","value":"//span[contains(text(), \"Euro\")]"}
COMMAND: GET /session/cda6b29e510b44d9979fdab5b6517565/screenshot - {}
RESULT: {"using":"xpath","value":"//span[contains(text(), \"Euro\")]"}
COMMAND: POST /session/cda6b29e510b44d9979fdab5b6517565/element/f.5E866639E2C7498835F0FF88C67C8471.d.06ABA0792494ACC3D654439B0F52E42A.e.802/click - {}
RESULT: {}
RESULT: {}
COMMAND: POST /session/cda6b29e510b44d9979fdab5b6517565/execute/async - {"script":"<script> [1562 bytes]","args":[{"selector":{"controlType":"sap.m.Input","viewName":"etm.portal.ui.manageyards.view.New","viewId":"application-manageyards-display-component---NewYard","bindingPath":{"path":"","propertyPath":"/CONTROLLING_AREA","modelName":"NewYardModel"},"interaction":{"idSuffix":"inner"}},"wdio_ui5_key":"etmportal.ui.manageyards.view.Newsap.m.Input{\"path\":\"\",\"propertyPath\":\"/CONTROLLING_AREA\",\"modelName\":\"NewYardModel\"}"}]}
COMMAND: GET /session/cda6b29e510b44d9979fdab5b6517565/screenshot - {}
RESULT: {"script":"<script> [1562 bytes]","args":[{"selector":{"controlType":"sap.m.Input","viewName":"etm.portal.ui.manageyards.view.New","viewId":"application-manageyards-display-component---NewYard","bindingPath":{"path":"","propertyPath":"/CONTROLLING_AREA","modelName":"NewYardModel"},"interaction":{"idSuffix":"inner"}},"wdio_ui5_key":"etmportal.ui.manageyards.view.Newsap.m.Input{\"path\":\"\",\"propertyPath\":\"/CONTROLLING_AREA\",\"modelName\":\"NewYardModel\"}"}]}
RESULT: undefined
COMMAND: POST /session/cda6b29e510b44d9979fdab5b6517565/execute/async - {"script":"<script> [776 bytes]","args":[{"enterText":"Z001","selector":{"controlType":"sap.m.Input","viewName":"etm.portal.ui.manageyards.view.New","viewId":"application-manageyards-display-component---NewYard","bindingPath":{"path":"","propertyPath":"/CONTROLLING_AREA","modelName":"NewYardModel"},"interaction":{"idSuffix":"inner"}},"clearTextFirst":true,"interactionType":"ENTER_TEXT"}]}
RESULT: {}
RESULT: {"script":"<script> [776 bytes]","args":[{"enterText":"Z001","selector":{"controlType":"sap.m.Input","viewName":"etm.portal.ui.manageyards.view.New","viewId":"application-manageyards-display-component---NewYard","bindingPath":{"path":"","propertyPath":"/CONTROLLING_AREA","modelName":"NewYardModel"},"interaction":{"idSuffix":"inner"}},"clearTextFirst":true,"interactionType":"ENTER_TEXT"}]}
COMMAND: POST /session/cda6b29e510b44d9979fdab5b6517565/execute/async - {"script":"<script> [1562 bytes]","args":[{"selector":{"id":"application-manageyards-display-component---NewYard--companyCodeComboBox","interaction":{"idSuffix":"inner"}},"wdio_ui5_key":"applicationmanageyards-display-component---NewYard--companyCodeComboBox"}]}
RESULT: {"script":"<script> [1562 bytes]","args":[{"selector":{"id":"application-manageyards-display-component---NewYard--companyCodeComboBox","interaction":{"idSuffix":"inner"}},"wdio_ui5_key":"applicationmanageyards-display-component---NewYard--companyCodeComboBox"}]}
RESULT: undefined
COMMAND: POST /session/cda6b29e510b44d9979fdab5b6517565/execute/async - {"script":"<script> [776 bytes]","args":[{"enterText":"1000","selector":{"id":"application-manageyards-display-component---NewYard--companyCodeComboBox","interaction":{"idSuffix":"inner"}},"clearTextFirst":true,"interactionType":"ENTER_TEXT"}]}
RESULT: {"script":"<script> [776 bytes]","args":[{"enterText":"1000","selector":{"id":"application-manageyards-display-component---NewYard--companyCodeComboBox","interaction":{"idSuffix":"inner"}},"clearTextFirst":true,"interactionType":"ENTER_TEXT"}]}
COMMAND: POST /session/cda6b29e510b44d9979fdab5b6517565/execute/async - {"script":"<script> [1562 bytes]","args":[{"selector":{"controlType":"sap.m.Input","viewName":"etm.portal.ui.manageyards.view.New","viewId":"application-manageyards-display-component---NewYard","bindingPath":{"path":"","propertyPath":"/PLANT","modelName":"NewYardModel"},"interaction":{"idSuffix":"inner"}},"wdio_ui5_key":"etmportal.ui.manageyards.view.Newsap.m.Input{\"path\":\"\",\"propertyPath\":\"/PLANT\",\"modelName\":\"NewYardModel\"}"}]}
RESULT: {"script":"<script> [1562 bytes]","args":[{"selector":{"controlType":"sap.m.Input","viewName":"etm.portal.ui.manageyards.view.New","viewId":"application-manageyards-display-component---NewYard","bindingPath":{"path":"","propertyPath":"/PLANT","modelName":"NewYardModel"},"interaction":{"idSuffix":"inner"}},"wdio_ui5_key":"etmportal.ui.manageyards.view.Newsap.m.Input{\"path\":\"\",\"propertyPath\":\"/PLANT\",\"modelName\":\"NewYardModel\"}"}]}
RESULT: undefined
COMMAND: POST /session/cda6b29e510b44d9979fdab5b6517565/execute/async - {"script":"<script> [776 bytes]","args":[{"enterText":"1001","selector":{"controlType":"sap.m.Input","viewName":"etm.portal.ui.manageyards.view.New","viewId":"application-manageyards-display-component---NewYard","bindingPath":{"path":"","propertyPath":"/PLANT","modelName":"NewYardModel"},"interaction":{"idSuffix":"inner"}},"clearTextFirst":true,"interactionType":"ENTER_TEXT"}]}
RESULT: {"script":"<script> [776 bytes]","args":[{"enterText":"1001","selector":{"controlType":"sap.m.Input","viewName":"etm.portal.ui.manageyards.view.New","viewId":"application-manageyards-display-component---NewYard","bindingPath":{"path":"","propertyPath":"/PLANT","modelName":"NewYardModel"},"interaction":{"idSuffix":"inner"}},"clearTextFirst":true,"interactionType":"ENTER_TEXT"}]}
COMMAND: POST /session/cda6b29e510b44d9979fdab5b6517565/execute/async - {"script":"<script> [1562 bytes]","args":[{"selector":{"controlType":"sap.m.Input","viewName":"etm.portal.ui.manageyards.view.New","viewId":"application-manageyards-display-component---NewYard","bindingPath":{"path":"","propertyPath":"/SALES_AREA_VKORG","modelName":"NewYardModel"},"interaction":{"idSuffix":"inner"}},"wdio_ui5_key":"etmportal.ui.manageyards.view.Newsap.m.Input{\"path\":\"\",\"propertyPath\":\"/SALES_AREA_VKORG\",\"modelName\":\"NewYardModel\"}"}]}
RESULT: {"script":"<script> [1562 bytes]","args":[{"selector":{"controlType":"sap.m.Input","viewName":"etm.portal.ui.manageyards.view.New","viewId":"application-manageyards-display-component---NewYard","bindingPath":{"path":"","propertyPath":"/SALES_AREA_VKORG","modelName":"NewYardModel"},"interaction":{"idSuffix":"inner"}},"wdio_ui5_key":"etmportal.ui.manageyards.view.Newsap.m.Input{\"path\":\"\",\"propertyPath\":\"/SALES_AREA_VKORG\",\"modelName\":\"NewYardModel\"}"}]}
RESULT: undefined
COMMAND: POST /session/cda6b29e510b44d9979fdab5b6517565/execute/async - {"script":"<script> [776 bytes]","args":[{"enterText":"C002","selector":{"controlType":"sap.m.Input","viewName":"etm.portal.ui.manageyards.view.New","viewId":"application-manageyards-display-component---NewYard","bindingPath":{"path":"","propertyPath":"/SALES_AREA_VKORG","modelName":"NewYardModel"},"interaction":{"idSuffix":"inner"}},"clearTextFirst":true,"interactionType":"ENTER_TEXT"}]}
RESULT: {"script":"<script> [776 bytes]","args":[{"enterText":"C002","selector":{"controlType":"sap.m.Input","viewName":"etm.portal.ui.manageyards.view.New","viewId":"application-manageyards-display-component---NewYard","bindingPath":{"path":"","propertyPath":"/SALES_AREA_VKORG","modelName":"NewYardModel"},"interaction":{"idSuffix":"inner"}},"clearTextFirst":true,"interactionType":"ENTER_TEXT"}]}
COMMAND: POST /session/cda6b29e510b44d9979fdab5b6517565/execute/async - {"script":"<script> [1562 bytes]","args":[{"selector":{"controlType":"sap.m.Input","viewName":"etm.portal.ui.manageyards.view.New","viewId":"application-manageyards-display-component---NewYard","bindingPath":{"path":"","propertyPath":"/SALES_AREA_VTWEG","modelName":"NewYardModel"},"interaction":{"idSuffix":"inner"}},"wdio_ui5_key":"etmportal.ui.manageyards.view.Newsap.m.Input{\"path\":\"\",\"propertyPath\":\"/SALES_AREA_VTWEG\",\"modelName\":\"NewYardModel\"}"}]}
RESULT: {"script":"<script> [1562 bytes]","args":[{"selector":{"controlType":"sap.m.Input","viewName":"etm.portal.ui.manageyards.view.New","viewId":"application-manageyards-display-component---NewYard","bindingPath":{"path":"","propertyPath":"/SALES_AREA_VTWEG","modelName":"NewYardModel"},"interaction":{"idSuffix":"inner"}},"wdio_ui5_key":"etmportal.ui.manageyards.view.Newsap.m.Input{\"path\":\"\",\"propertyPath\":\"/SALES_AREA_VTWEG\",\"modelName\":\"NewYardModel\"}"}]}
RESULT: undefined
COMMAND: POST /session/cda6b29e510b44d9979fdab5b6517565/execute/async - {"script":"<script> [776 bytes]","args":[{"enterText":"C2","selector":{"controlType":"sap.m.Input","viewName":"etm.portal.ui.manageyards.view.New","viewId":"application-manageyards-display-component---NewYard","bindingPath":{"path":"","propertyPath":"/SALES_AREA_VTWEG","modelName":"NewYardModel"},"interaction":{"idSuffix":"inner"}},"clearTextFirst":true,"interactionType":"ENTER_TEXT"}]}
RESULT: {"script":"<script> [776 bytes]","args":[{"enterText":"C2","selector":{"controlType":"sap.m.Input","viewName":"etm.portal.ui.manageyards.view.New","viewId":"application-manageyards-display-component---NewYard","bindingPath":{"path":"","propertyPath":"/SALES_AREA_VTWEG","modelName":"NewYardModel"},"interaction":{"idSuffix":"inner"}},"clearTextFirst":true,"interactionType":"ENTER_TEXT"}]}
COMMAND: POST /session/cda6b29e510b44d9979fdab5b6517565/execute/async - {"script":"<script> [1562 bytes]","args":[{"selector":{"controlType":"sap.m.Input","viewName":"etm.portal.ui.manageyards.view.New","viewId":"application-manageyards-display-component---NewYard","bindingPath":{"path":"","propertyPath":"/SALES_AREA_SPART","modelName":"NewYardModel"},"interaction":{"idSuffix":"inner"}},"wdio_ui5_key":"etmportal.ui.manageyards.view.Newsap.m.Input{\"path\":\"\",\"propertyPath\":\"/SALES_AREA_SPART\",\"modelName\":\"NewYardModel\"}"}]}
RESULT: {"script":"<script> [1562 bytes]","args":[{"selector":{"controlType":"sap.m.Input","viewName":"etm.portal.ui.manageyards.view.New","viewId":"application-manageyards-display-component---NewYard","bindingPath":{"path":"","propertyPath":"/SALES_AREA_SPART","modelName":"NewYardModel"},"interaction":{"idSuffix":"inner"}},"wdio_ui5_key":"etmportal.ui.manageyards.view.Newsap.m.Input{\"path\":\"\",\"propertyPath\":\"/SALES_AREA_SPART\",\"modelName\":\"NewYardModel\"}"}]}
RESULT: undefined
COMMAND: POST /session/cda6b29e510b44d9979fdab5b6517565/execute/async - {"script":"<script> [776 bytes]","args":[{"enterText":"C2","selector":{"controlType":"sap.m.Input","viewName":"etm.portal.ui.manageyards.view.New","viewId":"application-manageyards-display-component---NewYard","bindingPath":{"path":"","propertyPath":"/SALES_AREA_SPART","modelName":"NewYardModel"},"interaction":{"idSuffix":"inner"}},"clearTextFirst":true,"interactionType":"ENTER_TEXT"}]}
RESULT: {"script":"<script> [776 bytes]","args":[{"enterText":"C2","selector":{"controlType":"sap.m.Input","viewName":"etm.portal.ui.manageyards.view.New","viewId":"application-manageyards-display-component---NewYard","bindingPath":{"path":"","propertyPath":"/SALES_AREA_SPART","modelName":"NewYardModel"},"interaction":{"idSuffix":"inner"}},"clearTextFirst":true,"interactionType":"ENTER_TEXT"}]}
COMMAND: POST /session/cda6b29e510b44d9979fdab5b6517565/execute/async - {"script":"<script> [1562 bytes]","args":[{"selector":{"controlType":"sap.m.Input","viewName":"etm.portal.ui.manageyards.view.New","viewId":"application-manageyards-display-component---NewYard","bindingPath":{"path":"","propertyPath":"/SHIP_POINT","modelName":"NewYardModel"},"interaction":{"idSuffix":"inner"}},"wdio_ui5_key":"etmportal.ui.manageyards.view.Newsap.m.Input{\"path\":\"\",\"propertyPath\":\"/SHIP_POINT\",\"modelName\":\"NewYardModel\"}"}]}
RESULT: {"script":"<script> [1562 bytes]","args":[{"selector":{"controlType":"sap.m.Input","viewName":"etm.portal.ui.manageyards.view.New","viewId":"application-manageyards-display-component---NewYard","bindingPath":{"path":"","propertyPath":"/SHIP_POINT","modelName":"NewYardModel"},"interaction":{"idSuffix":"inner"}},"wdio_ui5_key":"etmportal.ui.manageyards.view.Newsap.m.Input{\"path\":\"\",\"propertyPath\":\"/SHIP_POINT\",\"modelName\":\"NewYardModel\"}"}]}
RESULT: undefined
COMMAND: POST /session/cda6b29e510b44d9979fdab5b6517565/execute/async - {"script":"<script> [776 bytes]","args":[{"enterText":"1710","selector":{"controlType":"sap.m.Input","viewName":"etm.portal.ui.manageyards.view.New","viewId":"application-manageyards-display-component---NewYard","bindingPath":{"path":"","propertyPath":"/SHIP_POINT","modelName":"NewYardModel"},"interaction":{"idSuffix":"inner"}},"clearTextFirst":true,"interactionType":"ENTER_TEXT"}]}
RESULT: {"script":"<script> [776 bytes]","args":[{"enterText":"1710","selector":{"controlType":"sap.m.Input","viewName":"etm.portal.ui.manageyards.view.New","viewId":"application-manageyards-display-component---NewYard","bindingPath":{"path":"","propertyPath":"/SHIP_POINT","modelName":"NewYardModel"},"interaction":{"idSuffix":"inner"}},"clearTextFirst":true,"interactionType":"ENTER_TEXT"}]}
COMMAND: POST /session/cda6b29e510b44d9979fdab5b6517565/execute/async - {"script":"<script> [1562 bytes]","args":[{"selector":{"controlType":"sap.m.Input","viewName":"etm.portal.ui.manageyards.view.New","viewId":"application-manageyards-display-component---NewYard","bindingPath":{"path":"","propertyPath":"/DELIVERY_TYPE","modelName":"NewYardModel"},"interaction":{"idSuffix":"inner"}},"wdio_ui5_key":"etmportal.ui.manageyards.view.Newsap.m.Input{\"path\":\"\",\"propertyPath\":\"/DELIVERY_TYPE\",\"modelName\":\"NewYardModel\"}"}]}
RESULT: {"script":"<script> [1562 bytes]","args":[{"selector":{"controlType":"sap.m.Input","viewName":"etm.portal.ui.manageyards.view.New","viewId":"application-manageyards-display-component---NewYard","bindingPath":{"path":"","propertyPath":"/DELIVERY_TYPE","modelName":"NewYardModel"},"interaction":{"idSuffix":"inner"}},"wdio_ui5_key":"etmportal.ui.manageyards.view.Newsap.m.Input{\"path\":\"\",\"propertyPath\":\"/DELIVERY_TYPE\",\"modelName\":\"NewYardModel\"}"}]}
RESULT: undefined
COMMAND: POST /session/cda6b29e510b44d9979fdab5b6517565/execute/async - {"script":"<script> [776 bytes]","args":[{"enterText":"ZL01","selector":{"controlType":"sap.m.Input","viewName":"etm.portal.ui.manageyards.view.New","viewId":"application-manageyards-display-component---NewYard","bindingPath":{"path":"","propertyPath":"/DELIVERY_TYPE","modelName":"NewYardModel"},"interaction":{"idSuffix":"inner"}},"clearTextFirst":true,"interactionType":"ENTER_TEXT"}]}
RESULT: {"script":"<script> [776 bytes]","args":[{"enterText":"ZL01","selector":{"controlType":"sap.m.Input","viewName":"etm.portal.ui.manageyards.view.New","viewId":"application-manageyards-display-component---NewYard","bindingPath":{"path":"","propertyPath":"/DELIVERY_TYPE","modelName":"NewYardModel"},"interaction":{"idSuffix":"inner"}},"clearTextFirst":true,"interactionType":"ENTER_TEXT"}]}
COMMAND: POST /session/cda6b29e510b44d9979fdab5b6517565/execute/async - {"script":"<script> [1562 bytes]","args":[{"selector":{"controlType":"sap.m.Input","viewName":"etm.portal.ui.manageyards.view.New","viewId":"application-manageyards-display-component---NewYard","bindingPath":{"path":"","propertyPath":"/AUART","modelName":"NewYardModel"},"interaction":{"idSuffix":"inner"}},"wdio_ui5_key":"etmportal.ui.manageyards.view.Newsap.m.Input{\"path\":\"\",\"propertyPath\":\"/AUART\",\"modelName\":\"NewYardModel\"}"}]}
RESULT: {"script":"<script> [1562 bytes]","args":[{"selector":{"controlType":"sap.m.Input","viewName":"etm.portal.ui.manageyards.view.New","viewId":"application-manageyards-display-component---NewYard","bindingPath":{"path":"","propertyPath":"/AUART","modelName":"NewYardModel"},"interaction":{"idSuffix":"inner"}},"wdio_ui5_key":"etmportal.ui.manageyards.view.Newsap.m.Input{\"path\":\"\",\"propertyPath\":\"/AUART\",\"modelName\":\"NewYardModel\"}"}]}
RESULT: undefined
COMMAND: POST /session/cda6b29e510b44d9979fdab5b6517565/execute/async - {"script":"<script> [776 bytes]","args":[{"enterText":"TA","selector":{"controlType":"sap.m.Input","viewName":"etm.portal.ui.manageyards.view.New","viewId":"application-manageyards-display-component---NewYard","bindingPath":{"path":"","propertyPath":"/AUART","modelName":"NewYardModel"},"interaction":{"idSuffix":"inner"}},"clearTextFirst":true,"interactionType":"ENTER_TEXT"}]}
RESULT: {"script":"<script> [776 bytes]","args":[{"enterText":"TA","selector":{"controlType":"sap.m.Input","viewName":"etm.portal.ui.manageyards.view.New","viewId":"application-manageyards-display-component---NewYard","bindingPath":{"path":"","propertyPath":"/AUART","modelName":"NewYardModel"},"interaction":{"idSuffix":"inner"}},"clearTextFirst":true,"interactionType":"ENTER_TEXT"}]}
COMMAND: POST /session/cda6b29e510b44d9979fdab5b6517565/element - {"using":"xpath","value":"//button[@data-kt=\"newYardSaveButton\"]"}
RESULT: {"using":"xpath","value":"//button[@data-kt=\"newYardSaveButton\"]"}
COMMAND: POST /session/cda6b29e510b44d9979fdab5b6517565/element/f.5E866639E2C7498835F0FF88C67C8471.d.06ABA0792494ACC3D654439B0F52E42A.e.704/click - {}
RESULT: {}
COMMAND: GET /session/cda6b29e510b44d9979fdab5b6517565/screenshot - {}
RESULT: {}
COMMAND: POST /session/cda6b29e510b44d9979fdab5b6517565/element - {"using":"xpath","value":"//header[contains(@id, 'ObjectPageLayout-headerTitle')]/div[1]/div[2]/div[1]/span[1]"}
RESULT: {"using":"xpath","value":"//header[contains(@id, 'ObjectPageLayout-headerTitle')]/div[1]/div[2]/div[1]/span[1]"}
COMMAND: POST /session/cda6b29e510b44d9979fdab5b6517565/elements - {"using":"xpath","value":"//header[contains(@id, 'ObjectPageLayout-headerTitle')]/div[1]/div[2]/div[1]/span[1]"}
RESULT: {"using":"xpath","value":"//header[contains(@id, 'ObjectPageLayout-headerTitle')]/div[1]/div[2]/div[1]/span[1]"}
COMMAND: POST /session/cda6b29e510b44d9979fdab5b6517565/execute/sync - {"script":"<script> [56 bytes]","args":[{"element-6066-11e4-a52e-4f735466cecf":"f.5E866639E2C7498835F0FF88C67C8471.d.06ABA0792494ACC3D654439B0F52E42A.e.1027","ELEMENT":"f.5E866639E2C7498835F0FF88C67C8471.d.06ABA0792494ACC3D654439B0F52E42A.e.1027"}]}
RESULT: {"script":"<script> [56 bytes]","args":[{"element-6066-11e4-a52e-4f735466cecf":"f.5E866639E2C7498835F0FF88C67C8471.d.06ABA0792494ACC3D654439B0F52E42A.e.1027","ELEMENT":"f.5E866639E2C7498835F0FF88C67C8471.d.06ABA0792494ACC3D654439B0F52E42A.e.1027"}]}
COMMAND: GET /session/cda6b29e510b44d9979fdab5b6517565/screenshot - {}
RESULT: {}
COMMAND: POST /session/cda6b29e510b44d9979fdab5b6517565/element - {"using":"css selector","value":"#shell-header-logo"}
RESULT: {"using":"css selector","value":"#shell-header-logo"}
COMMAND: POST /session/cda6b29e510b44d9979fdab5b6517565/element/f.5E866639E2C7498835F0FF88C67C8471.d.06ABA0792494ACC3D654439B0F52E42A.e.276/click - {}
RESULT: {}
COMMAND: GET /session/cda6b29e510b44d9979fdab5b6517565/screenshot - {}
RESULT: {}
COMMAND: POST /session/cda6b29e510b44d9979fdab5b6517565/execute/sync - {"script":"<script> [299 bytes]","args":[["getModel","getResource"]]}
RESULT: {"script":"<script> [299 bytes]","args":[["getModel","getResource"]]}
COMMAND: GET /session/cda6b29e510b44d9979fdab5b6517565/screenshot - {}
]]></system-out>
    </testcase>
    <testcase classname="chrome.136_0_7103_93.windows.Billing_Transfer_-_Master_data_&amp;_Intercompany_US127250" name="Should create a new partner" time="144.725">
      <system-out><![CDATA[
COMMAND: POST /session/cda6b29e510b44d9979fdab5b6517565/window/fullscreen - {}
RESULT: {}
RESULT: {}
COMMAND: POST /session/cda6b29e510b44d9979fdab5b6517565/execute/async - {"script":"<script> [1562 bytes]","args":[{"selector":{"controlType":"sap.m.GenericTile","properties":{"header":"Manage Partners"}},"wdio_ui5_key":"sapm.GenericTile{\"header\":\"Manage Partners\"}"}]}
RESULT: {"script":"<script> [1562 bytes]","args":[{"selector":{"controlType":"sap.m.GenericTile","properties":{"header":"Manage Partners"}},"wdio_ui5_key":"sapm.GenericTile{\"header\":\"Manage Partners\"}"}]}
RESULT: undefined
COMMAND: POST /session/cda6b29e510b44d9979fdab5b6517565/element - {"using":"xpath","value":"//*[@id=\"__tile38\"]"}
RESULT: {"using":"xpath","value":"//*[@id=\"__tile38\"]"}
COMMAND: POST /session/cda6b29e510b44d9979fdab5b6517565/element/f.5E866639E2C7498835F0FF88C67C8471.d.06ABA0792494ACC3D654439B0F52E42A.e.162/click - {}
RESULT: {}
COMMAND: GET /session/cda6b29e510b44d9979fdab5b6517565/screenshot - {}
RESULT: {}
COMMAND: POST /session/cda6b29e510b44d9979fdab5b6517565/elements - {"using":"xpath","value":"//span[text()='Error']"}
RESULT: {"using":"xpath","value":"//span[text()='Error']"}
COMMAND: POST /session/cda6b29e510b44d9979fdab5b6517565/element - {"using":"xpath","value":"//button[@data-kt=\"addButton\"]"}
RESULT: {"using":"xpath","value":"//button[@data-kt=\"addButton\"]"}
COMMAND: POST /session/cda6b29e510b44d9979fdab5b6517565/elements - {"using":"xpath","value":"//button[@data-kt=\"addButton\"]"}
RESULT: {"using":"xpath","value":"//button[@data-kt=\"addButton\"]"}
COMMAND: POST /session/cda6b29e510b44d9979fdab5b6517565/execute/sync - {"script":"<script> [8489 bytes]","args":[{"element-6066-11e4-a52e-4f735466cecf":"f.5E866639E2C7498835F0FF88C67C8471.d.06ABA0792494ACC3D654439B0F52E42A.e.1064","ELEMENT":"f.5E866639E2C7498835F0FF88C67C8471.d.06ABA0792494ACC3D654439B0F52E42A.e.1064"}]}
RESULT: {"script":"<script> [8489 bytes]","args":[{"element-6066-11e4-a52e-4f735466cecf":"f.5E866639E2C7498835F0FF88C67C8471.d.06ABA0792494ACC3D654439B0F52E42A.e.1064","ELEMENT":"f.5E866639E2C7498835F0FF88C67C8471.d.06ABA0792494ACC3D654439B0F52E42A.e.1064"}]}
COMMAND: GET /session/cda6b29e510b44d9979fdab5b6517565/element/f.5E866639E2C7498835F0FF88C67C8471.d.06ABA0792494ACC3D654439B0F52E42A.e.1064/enabled - {}
COMMAND: GET /session/cda6b29e510b44d9979fdab5b6517565/screenshot - {}
RESULT: {}
COMMAND: POST /session/cda6b29e510b44d9979fdab5b6517565/execute/sync - {"script":"<script> [8489 bytes]","args":[{"element-6066-11e4-a52e-4f735466cecf":"f.5E866639E2C7498835F0FF88C67C8471.d.06ABA0792494ACC3D654439B0F52E42A.e.1064","ELEMENT":"f.5E866639E2C7498835F0FF88C67C8471.d.06ABA0792494ACC3D654439B0F52E42A.e.1064"}]}
COMMAND: GET /session/cda6b29e510b44d9979fdab5b6517565/screenshot - {}
RESULT: {}
RESULT: {"script":"<script> [8489 bytes]","args":[{"element-6066-11e4-a52e-4f735466cecf":"f.5E866639E2C7498835F0FF88C67C8471.d.06ABA0792494ACC3D654439B0F52E42A.e.1064","ELEMENT":"f.5E866639E2C7498835F0FF88C67C8471.d.06ABA0792494ACC3D654439B0F52E42A.e.1064"}]}
COMMAND: POST /session/cda6b29e510b44d9979fdab5b6517565/execute/sync - {"script":"<script> [5351 bytes]","args":[{"element-6066-11e4-a52e-4f735466cecf":"f.5E866639E2C7498835F0FF88C67C8471.d.06ABA0792494ACC3D654439B0F52E42A.e.1064","ELEMENT":"f.5E866639E2C7498835F0FF88C67C8471.d.06ABA0792494ACC3D654439B0F52E42A.e.1064"}]}
COMMAND: GET /session/cda6b29e510b44d9979fdab5b6517565/screenshot - {}
RESULT: {}
RESULT: {"script":"<script> [5351 bytes]","args":[{"element-6066-11e4-a52e-4f735466cecf":"f.5E866639E2C7498835F0FF88C67C8471.d.06ABA0792494ACC3D654439B0F52E42A.e.1064","ELEMENT":"f.5E866639E2C7498835F0FF88C67C8471.d.06ABA0792494ACC3D654439B0F52E42A.e.1064"}]}
COMMAND: POST /session/cda6b29e510b44d9979fdab5b6517565/element/f.5E866639E2C7498835F0FF88C67C8471.d.06ABA0792494ACC3D654439B0F52E42A.e.1064/click - {}
COMMAND: GET /session/cda6b29e510b44d9979fdab5b6517565/screenshot - {}
RESULT: {}
RESULT: {}
COMMAND: GET /session/cda6b29e510b44d9979fdab5b6517565/screenshot - {}
RESULT: {}
RESULT: {}
COMMAND: POST /session/cda6b29e510b44d9979fdab5b6517565/execute/async - {"script":"<script> [1562 bytes]","args":[{"selector":{"id":"application-managepartners-display-component---NewPartner--addressDetailDetailsName1","interaction":{"idSuffix":"inner"}},"wdio_ui5_key":"applicationmanagepartners-display-component---NewPartner--addressDetailDetailsName1"}]}
RESULT: {"script":"<script> [1562 bytes]","args":[{"selector":{"id":"application-managepartners-display-component---NewPartner--addressDetailDetailsName1","interaction":{"idSuffix":"inner"}},"wdio_ui5_key":"applicationmanagepartners-display-component---NewPartner--addressDetailDetailsName1"}]}
RESULT: undefined
COMMAND: POST /session/cda6b29e510b44d9979fdab5b6517565/execute/async - {"script":"<script> [776 bytes]","args":[{"enterText":"Intercompany Partner WDIO","selector":{"id":"application-managepartners-display-component---NewPartner--addressDetailDetailsName1","interaction":{"idSuffix":"inner"}},"clearTextFirst":true,"interactionType":"ENTER_TEXT"}]}
RESULT: {"script":"<script> [776 bytes]","args":[{"enterText":"Intercompany Partner WDIO","selector":{"id":"application-managepartners-display-component---NewPartner--addressDetailDetailsName1","interaction":{"idSuffix":"inner"}},"clearTextFirst":true,"interactionType":"ENTER_TEXT"}]}
COMMAND: POST /session/cda6b29e510b44d9979fdab5b6517565/execute/async - {"script":"<script> [1562 bytes]","args":[{"selector":{"id":"application-managepartners-display-component---NewPartner--addressDetailDetailsLanguage-arrow"},"wdio_ui5_key":"applicationmanagepartners-display-component---NewPartner--addressDetailDetailsLanguage-arrow"}]}
RESULT: {"script":"<script> [1562 bytes]","args":[{"selector":{"id":"application-managepartners-display-component---NewPartner--addressDetailDetailsLanguage-arrow"},"wdio_ui5_key":"applicationmanagepartners-display-component---NewPartner--addressDetailDetailsLanguage-arrow"}]}
RESULT: undefined
COMMAND: POST /session/cda6b29e510b44d9979fdab5b6517565/element - {"using":"xpath","value":"//*[@id=\"application-managepartners-display-component---NewPartner--addressDetailDetailsLanguage-arrow\"]"}
RESULT: {"using":"xpath","value":"//*[@id=\"application-managepartners-display-component---NewPartner--addressDetailDetailsLanguage-arrow\"]"}
COMMAND: POST /session/cda6b29e510b44d9979fdab5b6517565/element/f.5E866639E2C7498835F0FF88C67C8471.d.06ABA0792494ACC3D654439B0F52E42A.e.1517/click - {}
RESULT: {}
COMMAND: POST /session/cda6b29e510b44d9979fdab5b6517565/element - {"using":"xpath","value":"//span[contains(text(), \"English\")]"}
COMMAND: GET /session/cda6b29e510b44d9979fdab5b6517565/screenshot - {}
RESULT: {"using":"xpath","value":"//span[contains(text(), \"English\")]"}
COMMAND: POST /session/cda6b29e510b44d9979fdab5b6517565/element/f.5E866639E2C7498835F0FF88C67C8471.d.06ABA0792494ACC3D654439B0F52E42A.e.1518/click - {}
RESULT: {}
RESULT: {}
COMMAND: GET /session/cda6b29e510b44d9979fdab5b6517565/screenshot - {}
RESULT: {}
COMMAND: POST /session/cda6b29e510b44d9979fdab5b6517565/execute/async - {"script":"<script> [1562 bytes]","args":[{"selector":{"id":"application-managepartners-display-component---NewPartner--addressDetailDetailsCity1","interaction":{"idSuffix":"inner"}},"wdio_ui5_key":"applicationmanagepartners-display-component---NewPartner--addressDetailDetailsCity1"}]}
RESULT: {"script":"<script> [1562 bytes]","args":[{"selector":{"id":"application-managepartners-display-component---NewPartner--addressDetailDetailsCity1","interaction":{"idSuffix":"inner"}},"wdio_ui5_key":"applicationmanagepartners-display-component---NewPartner--addressDetailDetailsCity1"}]}
RESULT: undefined
COMMAND: POST /session/cda6b29e510b44d9979fdab5b6517565/execute/async - {"script":"<script> [776 bytes]","args":[{"enterText":"Rosario","selector":{"id":"application-managepartners-display-component---NewPartner--addressDetailDetailsCity1","interaction":{"idSuffix":"inner"}},"clearTextFirst":true,"interactionType":"ENTER_TEXT"}]}
RESULT: {"script":"<script> [776 bytes]","args":[{"enterText":"Rosario","selector":{"id":"application-managepartners-display-component---NewPartner--addressDetailDetailsCity1","interaction":{"idSuffix":"inner"}},"clearTextFirst":true,"interactionType":"ENTER_TEXT"}]}
COMMAND: POST /session/cda6b29e510b44d9979fdab5b6517565/execute/async - {"script":"<script> [1562 bytes]","args":[{"selector":{"id":"application-managepartners-display-component---NewPartner--addressDetailDetailsCountry-arrow"},"wdio_ui5_key":"applicationmanagepartners-display-component---NewPartner--addressDetailDetailsCountry-arrow"}]}
RESULT: {"script":"<script> [1562 bytes]","args":[{"selector":{"id":"application-managepartners-display-component---NewPartner--addressDetailDetailsCountry-arrow"},"wdio_ui5_key":"applicationmanagepartners-display-component---NewPartner--addressDetailDetailsCountry-arrow"}]}
RESULT: undefined
COMMAND: POST /session/cda6b29e510b44d9979fdab5b6517565/element - {"using":"xpath","value":"//*[@id=\"application-managepartners-display-component---NewPartner--addressDetailDetailsCountry-arrow\"]"}
RESULT: {"using":"xpath","value":"//*[@id=\"application-managepartners-display-component---NewPartner--addressDetailDetailsCountry-arrow\"]"}
COMMAND: POST /session/cda6b29e510b44d9979fdab5b6517565/element/f.5E866639E2C7498835F0FF88C67C8471.d.06ABA0792494ACC3D654439B0F52E42A.e.1504/click - {}
RESULT: {}
COMMAND: POST /session/cda6b29e510b44d9979fdab5b6517565/element - {"using":"xpath","value":"//span[contains(text(), \"Argentina\")]"}
COMMAND: GET /session/cda6b29e510b44d9979fdab5b6517565/screenshot - {}
RESULT: {"using":"xpath","value":"//span[contains(text(), \"Argentina\")]"}
COMMAND: POST /session/cda6b29e510b44d9979fdab5b6517565/element/f.5E866639E2C7498835F0FF88C67C8471.d.06ABA0792494ACC3D654439B0F52E42A.e.1520/click - {}
RESULT: {}
RESULT: {}
COMMAND: GET /session/cda6b29e510b44d9979fdab5b6517565/screenshot - {}
RESULT: {}
COMMAND: POST /session/cda6b29e510b44d9979fdab5b6517565/element - {"using":"xpath","value":"//bdi[contains(text(), \"Commercial\")]"}
RESULT: {"using":"xpath","value":"//bdi[contains(text(), \"Commercial\")]"}
COMMAND: POST /session/cda6b29e510b44d9979fdab5b6517565/element/f.5E866639E2C7498835F0FF88C67C8471.d.06ABA0792494ACC3D654439B0F52E42A.e.1521/click - {}
RESULT: {}
COMMAND: GET /session/cda6b29e510b44d9979fdab5b6517565/screenshot - {}
RESULT: {}
COMMAND: POST /session/cda6b29e510b44d9979fdab5b6517565/execute/async - {"script":"<script> [1562 bytes]","args":[{"selector":{"id":"application-managepartners-display-component---NewPartner--partnerDetailInternal-arrow"},"wdio_ui5_key":"applicationmanagepartners-display-component---NewPartner--partnerDetailInternal-arrow"}]}
RESULT: {"script":"<script> [1562 bytes]","args":[{"selector":{"id":"application-managepartners-display-component---NewPartner--partnerDetailInternal-arrow"},"wdio_ui5_key":"applicationmanagepartners-display-component---NewPartner--partnerDetailInternal-arrow"}]}
RESULT: undefined
COMMAND: POST /session/cda6b29e510b44d9979fdab5b6517565/element - {"using":"xpath","value":"//*[@id=\"application-managepartners-display-component---NewPartner--partnerDetailInternal-arrow\"]"}
RESULT: {"using":"xpath","value":"//*[@id=\"application-managepartners-display-component---NewPartner--partnerDetailInternal-arrow\"]"}
COMMAND: POST /session/cda6b29e510b44d9979fdab5b6517565/element/f.5E866639E2C7498835F0FF88C67C8471.d.06ABA0792494ACC3D654439B0F52E42A.e.1527/click - {}
RESULT: {}
COMMAND: POST /session/cda6b29e510b44d9979fdab5b6517565/element - {"using":"xpath","value":"//span[contains(text(), \"Affiliated company\")]"}
COMMAND: GET /session/cda6b29e510b44d9979fdab5b6517565/screenshot - {}
RESULT: {"using":"xpath","value":"//span[contains(text(), \"Affiliated company\")]"}
COMMAND: POST /session/cda6b29e510b44d9979fdab5b6517565/element/f.5E866639E2C7498835F0FF88C67C8471.d.06ABA0792494ACC3D654439B0F52E42A.e.1530/click - {}
RESULT: {}
RESULT: {}
COMMAND: POST /session/cda6b29e510b44d9979fdab5b6517565/execute/async - {"script":"<script> [1562 bytes]","args":[{"selector":{"id":"application-managepartners-display-component---NewPartner--partnerDetailsCurrency-arrow"},"wdio_ui5_key":"applicationmanagepartners-display-component---NewPartner--partnerDetailsCurrency-arrow"}]}
COMMAND: GET /session/cda6b29e510b44d9979fdab5b6517565/screenshot - {}
RESULT: {"script":"<script> [1562 bytes]","args":[{"selector":{"id":"application-managepartners-display-component---NewPartner--partnerDetailsCurrency-arrow"},"wdio_ui5_key":"applicationmanagepartners-display-component---NewPartner--partnerDetailsCurrency-arrow"}]}
RESULT: undefined
COMMAND: POST /session/cda6b29e510b44d9979fdab5b6517565/element - {"using":"xpath","value":"//*[@id=\"application-managepartners-display-component---NewPartner--partnerDetailsCurrency-arrow\"]"}
RESULT: {}
RESULT: {"using":"xpath","value":"//*[@id=\"application-managepartners-display-component---NewPartner--partnerDetailsCurrency-arrow\"]"}
COMMAND: POST /session/cda6b29e510b44d9979fdab5b6517565/element/f.5E866639E2C7498835F0FF88C67C8471.d.06ABA0792494ACC3D654439B0F52E42A.e.1537/click - {}
RESULT: {}
COMMAND: POST /session/cda6b29e510b44d9979fdab5b6517565/element - {"using":"xpath","value":"//span[contains(text(), \"Euro\")]"}
COMMAND: GET /session/cda6b29e510b44d9979fdab5b6517565/screenshot - {}
RESULT: {"using":"xpath","value":"//span[contains(text(), \"Euro\")]"}
COMMAND: POST /session/cda6b29e510b44d9979fdab5b6517565/element/f.5E866639E2C7498835F0FF88C67C8471.d.06ABA0792494ACC3D654439B0F52E42A.e.1538/click - {}
RESULT: {}
RESULT: {}
COMMAND: POST /session/cda6b29e510b44d9979fdab5b6517565/execute/async - {"script":"<script> [1562 bytes]","args":[{"selector":{"id":"application-managepartners-display-component---NewPartner--addressEditDetailsCostObjectCstType-arrow"},"wdio_ui5_key":"applicationmanagepartners-display-component---NewPartner--addressEditDetailsCostObjectCstType-arrow"}]}
COMMAND: GET /session/cda6b29e510b44d9979fdab5b6517565/screenshot - {}
RESULT: {"script":"<script> [1562 bytes]","args":[{"selector":{"id":"application-managepartners-display-component---NewPartner--addressEditDetailsCostObjectCstType-arrow"},"wdio_ui5_key":"applicationmanagepartners-display-component---NewPartner--addressEditDetailsCostObjectCstType-arrow"}]}
RESULT: undefined
COMMAND: POST /session/cda6b29e510b44d9979fdab5b6517565/element - {"using":"xpath","value":"//*[@id=\"application-managepartners-display-component---NewPartner--addressEditDetailsCostObjectCstType-arrow\"]"}
RESULT: {}
RESULT: {"using":"xpath","value":"//*[@id=\"application-managepartners-display-component---NewPartner--addressEditDetailsCostObjectCstType-arrow\"]"}
COMMAND: POST /session/cda6b29e510b44d9979fdab5b6517565/element/f.5E866639E2C7498835F0FF88C67C8471.d.06ABA0792494ACC3D654439B0F52E42A.e.1539/click - {}
RESULT: {}
COMMAND: POST /session/cda6b29e510b44d9979fdab5b6517565/element - {"using":"xpath","value":"//span[contains(text(), \"Cost Center\")]"}
COMMAND: GET /session/cda6b29e510b44d9979fdab5b6517565/screenshot - {}
RESULT: {"using":"xpath","value":"//span[contains(text(), \"Cost Center\")]"}
COMMAND: POST /session/cda6b29e510b44d9979fdab5b6517565/element/f.5E866639E2C7498835F0FF88C67C8471.d.06ABA0792494ACC3D654439B0F52E42A.e.1540/click - {}
RESULT: {}
RESULT: {}
COMMAND: GET /session/cda6b29e510b44d9979fdab5b6517565/screenshot - {}
RESULT: {}
COMMAND: POST /session/cda6b29e510b44d9979fdab5b6517565/element - {"using":"xpath","value":"//span[@id=\"application-managepartners-display-component---NewPartner--addressNewCostObjectCstID-vhi\"]"}
RESULT: {"using":"xpath","value":"//span[@id=\"application-managepartners-display-component---NewPartner--addressNewCostObjectCstID-vhi\"]"}
COMMAND: POST /session/cda6b29e510b44d9979fdab5b6517565/execute/sync - {"script":"<script> [8489 bytes]","args":[{"element-6066-11e4-a52e-4f735466cecf":"f.5E866639E2C7498835F0FF88C67C8471.d.06ABA0792494ACC3D654439B0F52E42A.e.1544","ELEMENT":"f.5E866639E2C7498835F0FF88C67C8471.d.06ABA0792494ACC3D654439B0F52E42A.e.1544"}]}
RESULT: {"script":"<script> [8489 bytes]","args":[{"element-6066-11e4-a52e-4f735466cecf":"f.5E866639E2C7498835F0FF88C67C8471.d.06ABA0792494ACC3D654439B0F52E42A.e.1544","ELEMENT":"f.5E866639E2C7498835F0FF88C67C8471.d.06ABA0792494ACC3D654439B0F52E42A.e.1544"}]}
COMMAND: POST /session/cda6b29e510b44d9979fdab5b6517565/execute/async - {"script":"<script> [1562 bytes]","args":[{"selector":{"id":"application-managepartners-display-component---NewPartner--addressNewCostObjectCstID-vhi"},"wdio_ui5_key":"applicationmanagepartners-display-component---NewPartner--addressNewCostObjectCstID-vhi"}]}
COMMAND: GET /session/cda6b29e510b44d9979fdab5b6517565/screenshot - {}
RESULT: {"script":"<script> [1562 bytes]","args":[{"selector":{"id":"application-managepartners-display-component---NewPartner--addressNewCostObjectCstID-vhi"},"wdio_ui5_key":"applicationmanagepartners-display-component---NewPartner--addressNewCostObjectCstID-vhi"}]}
RESULT: undefined
COMMAND: POST /session/cda6b29e510b44d9979fdab5b6517565/element - {"using":"xpath","value":"//*[@id=\"application-managepartners-display-component---NewPartner--addressNewCostObjectCstID-vhi\"]"}
RESULT: {}
RESULT: {"using":"xpath","value":"//*[@id=\"application-managepartners-display-component---NewPartner--addressNewCostObjectCstID-vhi\"]"}
COMMAND: POST /session/cda6b29e510b44d9979fdab5b6517565/element/f.5E866639E2C7498835F0FF88C67C8471.d.06ABA0792494ACC3D654439B0F52E42A.e.1544/click - {}
RESULT: {}
COMMAND: GET /session/cda6b29e510b44d9979fdab5b6517565/screenshot - {}
RESULT: {}
RESULT: undefined
COMMAND: POST /session/cda6b29e510b44d9979fdab5b6517565/execute/async - {"script":"<script> [776 bytes]","args":[{"enterText":"10001013","selector":{"controlType":"sap.m.SearchField","properties":{"placeholder":"Search"},"searchOpenDialogs":true,"interaction":{"idSuffix":"I"}},"clearTextFirst":true,"interactionType":"ENTER_TEXT"}]}
RESULT: {"script":"<script> [776 bytes]","args":[{"enterText":"10001013","selector":{"controlType":"sap.m.SearchField","properties":{"placeholder":"Search"},"searchOpenDialogs":true,"interaction":{"idSuffix":"I"}},"clearTextFirst":true,"interactionType":"ENTER_TEXT"}]}
COMMAND: POST /session/cda6b29e510b44d9979fdab5b6517565/actions - {"actions":[{"id":"action2","type":"key","parameters":{},"actions":[{"type":"keyDown","value":"î€‡"},{"type":"pause","duration":10},{"type":"keyUp","value":"î€‡"}]}]}
RESULT: {"actions":[{"id":"action2","type":"key","parameters":{},"actions":[{"type":"keyDown","value":"î€‡"},{"type":"pause","duration":10},{"type":"keyUp","value":"î€‡"}]}]}
COMMAND: GET /session/cda6b29e510b44d9979fdab5b6517565/screenshot - {}
RESULT: {}
COMMAND: POST /session/cda6b29e510b44d9979fdab5b6517565/element - {"using":"xpath","value":"//span[contains(text(), \"General Management\")]"}
RESULT: {"using":"xpath","value":"//span[contains(text(), \"General Management\")]"}
COMMAND: POST /session/cda6b29e510b44d9979fdab5b6517565/element/f.5E866639E2C7498835F0FF88C67C8471.d.06ABA0792494ACC3D654439B0F52E42A.e.1584/click - {}
RESULT: {}
COMMAND: GET /session/cda6b29e510b44d9979fdab5b6517565/screenshot - {}
RESULT: {}
COMMAND: POST /session/cda6b29e510b44d9979fdab5b6517565/element - {"using":"xpath","value":"//bdi[contains(text(), \"OK\")]"}
RESULT: {"using":"xpath","value":"//bdi[contains(text(), \"OK\")]"}
COMMAND: POST /session/cda6b29e510b44d9979fdab5b6517565/element/f.5E866639E2C7498835F0FF88C67C8471.d.06ABA0792494ACC3D654439B0F52E42A.e.1585/click - {}
RESULT: {}
COMMAND: GET /session/cda6b29e510b44d9979fdab5b6517565/screenshot - {}
RESULT: {}
COMMAND: POST /session/cda6b29e510b44d9979fdab5b6517565/element - {"using":"xpath","value":"//input[@id=\"application-managepartners-display-component---NewPartner--companyCodeComboBox-inner\"]"}
RESULT: {"using":"xpath","value":"//input[@id=\"application-managepartners-display-component---NewPartner--companyCodeComboBox-inner\"]"}
COMMAND: POST /session/cda6b29e510b44d9979fdab5b6517565/element/f.5E866639E2C7498835F0FF88C67C8471.d.06ABA0792494ACC3D654439B0F52E42A.e.1386/clear - {}
RESULT: {}
COMMAND: POST /session/cda6b29e510b44d9979fdab5b6517565/element/f.5E866639E2C7498835F0FF88C67C8471.d.06ABA0792494ACC3D654439B0F52E42A.e.1386/value - {"text":"C002"}
COMMAND: GET /session/cda6b29e510b44d9979fdab5b6517565/screenshot - {}
RESULT: {"text":"C002"}
COMMAND: GET /session/cda6b29e510b44d9979fdab5b6517565/screenshot - {}
RESULT: {}
RESULT: {}
COMMAND: POST /session/cda6b29e510b44d9979fdab5b6517565/element - {"using":"xpath","value":"//li[.//span[text()= \"C002\"]]"}
RESULT: {"using":"xpath","value":"//li[.//span[text()= \"C002\"]]"}
COMMAND: POST /session/cda6b29e510b44d9979fdab5b6517565/element/f.5E866639E2C7498835F0FF88C67C8471.d.06ABA0792494ACC3D654439B0F52E42A.e.1591/click - {}
RESULT: {}
COMMAND: GET /session/cda6b29e510b44d9979fdab5b6517565/screenshot - {}
RESULT: {}
COMMAND: POST /session/cda6b29e510b44d9979fdab5b6517565/execute/async - {"script":"<script> [1562 bytes]","args":[{"selector":{"id":"application-managepartners-display-component---NewPartner--btnAddTableRow-img"},"wdio_ui5_key":"applicationmanagepartners-display-component---NewPartner--btnAddTableRow-img"}]}
RESULT: {"script":"<script> [1562 bytes]","args":[{"selector":{"id":"application-managepartners-display-component---NewPartner--btnAddTableRow-img"},"wdio_ui5_key":"applicationmanagepartners-display-component---NewPartner--btnAddTableRow-img"}]}
RESULT: undefined
COMMAND: POST /session/cda6b29e510b44d9979fdab5b6517565/element - {"using":"xpath","value":"//*[@id=\"application-managepartners-display-component---NewPartner--btnAddTableRow-img\"]"}
RESULT: {"using":"xpath","value":"//*[@id=\"application-managepartners-display-component---NewPartner--btnAddTableRow-img\"]"}
COMMAND: POST /session/cda6b29e510b44d9979fdab5b6517565/element/f.5E866639E2C7498835F0FF88C67C8471.d.06ABA0792494ACC3D654439B0F52E42A.e.1592/click - {}
RESULT: {}
COMMAND: GET /session/cda6b29e510b44d9979fdab5b6517565/screenshot - {}
RESULT: {}
COMMAND: POST /session/cda6b29e510b44d9979fdab5b6517565/element - {"using":"xpath","value":"//input[@id=\"application-managepartners-display-component---NewPartner--assignmentYard-application-managepartners-display-component---NewPartner--assignmentsTable-0-inner\"]"}
RESULT: {"using":"xpath","value":"//input[@id=\"application-managepartners-display-component---NewPartner--assignmentYard-application-managepartners-display-component---NewPartner--assignmentsTable-0-inner\"]"}
COMMAND: POST /session/cda6b29e510b44d9979fdab5b6517565/element/f.5E866639E2C7498835F0FF88C67C8471.d.06ABA0792494ACC3D654439B0F52E42A.e.1595/clear - {}
RESULT: {}
COMMAND: POST /session/cda6b29e510b44d9979fdab5b6517565/element/f.5E866639E2C7498835F0FF88C67C8471.d.06ABA0792494ACC3D654439B0F52E42A.e.1595/value - {"text":"503"}
COMMAND: GET /session/cda6b29e510b44d9979fdab5b6517565/screenshot - {}
RESULT: {"text":"503"}
COMMAND: GET /session/cda6b29e510b44d9979fdab5b6517565/screenshot - {}
RESULT: {}
RESULT: {}
COMMAND: POST /session/cda6b29e510b44d9979fdab5b6517565/element - {"using":"xpath","value":"//li[.//span[text()='503']]"}
RESULT: {"using":"xpath","value":"//li[.//span[text()='503']]"}
COMMAND: POST /session/cda6b29e510b44d9979fdab5b6517565/element/f.5E866639E2C7498835F0FF88C67C8471.d.06ABA0792494ACC3D654439B0F52E42A.e.1604/click - {}
RESULT: {}
COMMAND: GET /session/cda6b29e510b44d9979fdab5b6517565/screenshot - {}
RESULT: {}
COMMAND: POST /session/cda6b29e510b44d9979fdab5b6517565/actions - {"actions":[{"id":"action3","type":"key","parameters":{},"actions":[{"type":"keyDown","value":"î€‡"},{"type":"pause","duration":10},{"type":"keyUp","value":"î€‡"}]}]}
RESULT: {"actions":[{"id":"action3","type":"key","parameters":{},"actions":[{"type":"keyDown","value":"î€‡"},{"type":"pause","duration":10},{"type":"keyUp","value":"î€‡"}]}]}
COMMAND: POST /session/cda6b29e510b44d9979fdab5b6517565/execute/async - {"script":"<script> [1562 bytes]","args":[{"selector":{"id":"application-managepartners-display-component---NewPartner--externalCustomerComboBox-application-managepartners-display-component---NewPartner--assignmentsTable-0-vhi"},"wdio_ui5_key":"applicationmanagepartners-display-component---NewPartner--externalCustomerComboBox-application-managepartners-display-component---NewPartner--assignmentsTable-0-vhi"}]}
COMMAND: GET /session/cda6b29e510b44d9979fdab5b6517565/screenshot - {}
RESULT: {"script":"<script> [1562 bytes]","args":[{"selector":{"id":"application-managepartners-display-component---NewPartner--externalCustomerComboBox-application-managepartners-display-component---NewPartner--assignmentsTable-0-vhi"},"wdio_ui5_key":"applicationmanagepartners-display-component---NewPartner--externalCustomerComboBox-application-managepartners-display-component---NewPartner--assignmentsTable-0-vhi"}]}
RESULT: undefined
COMMAND: POST /session/cda6b29e510b44d9979fdab5b6517565/element - {"using":"xpath","value":"//*[@id=\"application-managepartners-display-component---NewPartner--externalCustomerComboBox-application-managepartners-display-component---NewPartner--assignmentsTable-0-vhi\"]"}
RESULT: {}
RESULT: {"using":"xpath","value":"//*[@id=\"application-managepartners-display-component---NewPartner--externalCustomerComboBox-application-managepartners-display-component---NewPartner--assignmentsTable-0-vhi\"]"}
COMMAND: POST /session/cda6b29e510b44d9979fdab5b6517565/element/f.5E866639E2C7498835F0FF88C67C8471.d.06ABA0792494ACC3D654439B0F52E42A.e.1608/click - {}
RESULT: {}
RESULT: undefined
COMMAND: POST /session/cda6b29e510b44d9979fdab5b6517565/execute/async - {"script":"<script> [776 bytes]","args":[{"enterText":"300003","selector":{"controlType":"sap.m.SearchField","properties":{"placeholder":"Search"},"searchOpenDialogs":true,"interaction":{"idSuffix":"I"}},"clearTextFirst":true,"interactionType":"ENTER_TEXT"}]}
COMMAND: GET /session/cda6b29e510b44d9979fdab5b6517565/screenshot - {}
RESULT: {"script":"<script> [776 bytes]","args":[{"enterText":"300003","selector":{"controlType":"sap.m.SearchField","properties":{"placeholder":"Search"},"searchOpenDialogs":true,"interaction":{"idSuffix":"I"}},"clearTextFirst":true,"interactionType":"ENTER_TEXT"}]}
COMMAND: POST /session/cda6b29e510b44d9979fdab5b6517565/actions - {"actions":[{"id":"action4","type":"key","parameters":{},"actions":[{"type":"keyDown","value":"î€‡"},{"type":"pause","duration":10},{"type":"keyUp","value":"î€‡"}]}]}
RESULT: {}
RESULT: {"actions":[{"id":"action4","type":"key","parameters":{},"actions":[{"type":"keyDown","value":"î€‡"},{"type":"pause","duration":10},{"type":"keyUp","value":"î€‡"}]}]}
COMMAND: GET /session/cda6b29e510b44d9979fdab5b6517565/screenshot - {}
RESULT: {}
COMMAND: POST /session/cda6b29e510b44d9979fdab5b6517565/element - {"using":"xpath","value":"//span[contains(text(), \"300003\")]"}
RESULT: {"using":"xpath","value":"//span[contains(text(), \"300003\")]"}
COMMAND: POST /session/cda6b29e510b44d9979fdab5b6517565/element/f.5E866639E2C7498835F0FF88C67C8471.d.06ABA0792494ACC3D654439B0F52E42A.e.1625/click - {}
RESULT: {}
COMMAND: GET /session/cda6b29e510b44d9979fdab5b6517565/screenshot - {}
RESULT: {}
COMMAND: POST /session/cda6b29e510b44d9979fdab5b6517565/element - {"using":"xpath","value":"//bdi[contains(text(), \"OK\")]"}
RESULT: {"using":"xpath","value":"//bdi[contains(text(), \"OK\")]"}
COMMAND: POST /session/cda6b29e510b44d9979fdab5b6517565/element/f.5E866639E2C7498835F0FF88C67C8471.d.06ABA0792494ACC3D654439B0F52E42A.e.1627/click - {}
RESULT: {}
COMMAND: GET /session/cda6b29e510b44d9979fdab5b6517565/screenshot - {}
RESULT: {}
COMMAND: POST /session/cda6b29e510b44d9979fdab5b6517565/execute/async - {"script":"<script> [1562 bytes]","args":[{"selector":{"id":"application-managepartners-display-component---NewPartner--intercompVendorComboBox-application-managepartners-display-component---NewPartner--assignmentsTable-0-vhi"},"wdio_ui5_key":"applicationmanagepartners-display-component---NewPartner--intercompVendorComboBox-application-managepartners-display-component---NewPartner--assignmentsTable-0-vhi"}]}
RESULT: {"script":"<script> [1562 bytes]","args":[{"selector":{"id":"application-managepartners-display-component---NewPartner--intercompVendorComboBox-application-managepartners-display-component---NewPartner--assignmentsTable-0-vhi"},"wdio_ui5_key":"applicationmanagepartners-display-component---NewPartner--intercompVendorComboBox-application-managepartners-display-component---NewPartner--assignmentsTable-0-vhi"}]}
RESULT: undefined
COMMAND: POST /session/cda6b29e510b44d9979fdab5b6517565/element - {"using":"xpath","value":"//*[@id=\"application-managepartners-display-component---NewPartner--intercompVendorComboBox-application-managepartners-display-component---NewPartner--assignmentsTable-0-vhi\"]"}
RESULT: {"using":"xpath","value":"//*[@id=\"application-managepartners-display-component---NewPartner--intercompVendorComboBox-application-managepartners-display-component---NewPartner--assignmentsTable-0-vhi\"]"}
COMMAND: POST /session/cda6b29e510b44d9979fdab5b6517565/element/f.5E866639E2C7498835F0FF88C67C8471.d.06ABA0792494ACC3D654439B0F52E42A.e.1631/click - {}
RESULT: {}
RESULT: undefined
COMMAND: POST /session/cda6b29e510b44d9979fdab5b6517565/execute/async - {"script":"<script> [776 bytes]","args":[{"enterText":"100005","selector":{"controlType":"sap.m.SearchField","properties":{"placeholder":"Search"},"searchOpenDialogs":true,"interaction":{"idSuffix":"I"}},"clearTextFirst":true,"interactionType":"ENTER_TEXT"}]}
COMMAND: GET /session/cda6b29e510b44d9979fdab5b6517565/screenshot - {}
RESULT: {"script":"<script> [776 bytes]","args":[{"enterText":"100005","selector":{"controlType":"sap.m.SearchField","properties":{"placeholder":"Search"},"searchOpenDialogs":true,"interaction":{"idSuffix":"I"}},"clearTextFirst":true,"interactionType":"ENTER_TEXT"}]}
COMMAND: POST /session/cda6b29e510b44d9979fdab5b6517565/actions - {"actions":[{"id":"action5","type":"key","parameters":{},"actions":[{"type":"keyDown","value":"î€‡"},{"type":"pause","duration":10},{"type":"keyUp","value":"î€‡"}]}]}
RESULT: {}
RESULT: {"actions":[{"id":"action5","type":"key","parameters":{},"actions":[{"type":"keyDown","value":"î€‡"},{"type":"pause","duration":10},{"type":"keyUp","value":"î€‡"}]}]}
COMMAND: GET /session/cda6b29e510b44d9979fdab5b6517565/screenshot - {}
RESULT: {}
COMMAND: POST /session/cda6b29e510b44d9979fdab5b6517565/element - {"using":"xpath","value":"//span[contains(text(), \"Penguins - Field/12345 Berlin\")]"}
RESULT: {"using":"xpath","value":"//span[contains(text(), \"Penguins - Field/12345 Berlin\")]"}
COMMAND: POST /session/cda6b29e510b44d9979fdab5b6517565/element/f.5E866639E2C7498835F0FF88C67C8471.d.06ABA0792494ACC3D654439B0F52E42A.e.1650/click - {}
RESULT: {}
COMMAND: GET /session/cda6b29e510b44d9979fdab5b6517565/screenshot - {}
RESULT: {}
COMMAND: POST /session/cda6b29e510b44d9979fdab5b6517565/element - {"using":"xpath","value":"//bdi[contains(text(), \"OK\")]"}
RESULT: {"using":"xpath","value":"//bdi[contains(text(), \"OK\")]"}
COMMAND: POST /session/cda6b29e510b44d9979fdab5b6517565/element/f.5E866639E2C7498835F0FF88C67C8471.d.06ABA0792494ACC3D654439B0F52E42A.e.1651/click - {}
RESULT: {}
COMMAND: GET /session/cda6b29e510b44d9979fdab5b6517565/screenshot - {}
RESULT: {}
COMMAND: POST /session/cda6b29e510b44d9979fdab5b6517565/element - {"using":"xpath","value":"//button[@data-kt=\"saveButton\"]"}
RESULT: {"using":"xpath","value":"//button[@data-kt=\"saveButton\"]"}
COMMAND: POST /session/cda6b29e510b44d9979fdab5b6517565/element/f.5E866639E2C7498835F0FF88C67C8471.d.06ABA0792494ACC3D654439B0F52E42A.e.1395/click - {}
RESULT: {}
COMMAND: GET /session/cda6b29e510b44d9979fdab5b6517565/screenshot - {}
RESULT: {}
COMMAND: POST /session/cda6b29e510b44d9979fdab5b6517565/element - {"using":"xpath","value":"//header[contains(@id, 'ObjectPageLayout-headerTitle')]/div[1]/div[2]/div[2]/span[1]"}
RESULT: {"using":"xpath","value":"//header[contains(@id, 'ObjectPageLayout-headerTitle')]/div[1]/div[2]/div[2]/span[1]"}
COMMAND: POST /session/cda6b29e510b44d9979fdab5b6517565/elements - {"using":"xpath","value":"//header[contains(@id, 'ObjectPageLayout-headerTitle')]/div[1]/div[2]/div[2]/span[1]"}
RESULT: {"using":"xpath","value":"//header[contains(@id, 'ObjectPageLayout-headerTitle')]/div[1]/div[2]/div[2]/span[1]"}
COMMAND: POST /session/cda6b29e510b44d9979fdab5b6517565/execute/sync - {"script":"<script> [56 bytes]","args":[{"element-6066-11e4-a52e-4f735466cecf":"f.5E866639E2C7498835F0FF88C67C8471.d.06ABA0792494ACC3D654439B0F52E42A.e.1815","ELEMENT":"f.5E866639E2C7498835F0FF88C67C8471.d.06ABA0792494ACC3D654439B0F52E42A.e.1815"}]}
RESULT: {"script":"<script> [56 bytes]","args":[{"element-6066-11e4-a52e-4f735466cecf":"f.5E866639E2C7498835F0FF88C67C8471.d.06ABA0792494ACC3D654439B0F52E42A.e.1815","ELEMENT":"f.5E866639E2C7498835F0FF88C67C8471.d.06ABA0792494ACC3D654439B0F52E42A.e.1815"}]}
COMMAND: POST /session/cda6b29e510b44d9979fdab5b6517565/element - {"using":"css selector","value":"#shell-header-logo"}
COMMAND: GET /session/cda6b29e510b44d9979fdab5b6517565/screenshot - {}
RESULT: {"using":"css selector","value":"#shell-header-logo"}
COMMAND: POST /session/cda6b29e510b44d9979fdab5b6517565/element/f.5E866639E2C7498835F0FF88C67C8471.d.06ABA0792494ACC3D654439B0F52E42A.e.1031/click - {}
RESULT: {}
RESULT: {}
COMMAND: GET /session/cda6b29e510b44d9979fdab5b6517565/screenshot - {}
RESULT: {}
COMMAND: POST /session/cda6b29e510b44d9979fdab5b6517565/execute/sync - {"script":"<script> [299 bytes]","args":[["getModel","getResource"]]}
RESULT: {"script":"<script> [299 bytes]","args":[["getModel","getResource"]]}
COMMAND: GET /session/cda6b29e510b44d9979fdab5b6517565/screenshot - {}
]]></system-out>
    </testcase>
    <testcase classname="chrome.136_0_7103_93.windows.Billing_Transfer_-_Master_data_&amp;_Intercompany_US127250" name="Should create a new site" time="159.072">
      <system-out><![CDATA[
COMMAND: POST /session/cda6b29e510b44d9979fdab5b6517565/execute/async - {"script":"<script> [1562 bytes]","args":[{"selector":{"controlType":"sap.m.GenericTile","properties":{"header":"Manage Sites"}},"wdio_ui5_key":"sapm.GenericTile{\"header\":\"Manage Sites\"}"}]}
RESULT: {"script":"<script> [1562 bytes]","args":[{"selector":{"controlType":"sap.m.GenericTile","properties":{"header":"Manage Sites"}},"wdio_ui5_key":"sapm.GenericTile{\"header\":\"Manage Sites\"}"}]}
RESULT: undefined
COMMAND: POST /session/cda6b29e510b44d9979fdab5b6517565/element - {"using":"xpath","value":"//*[@id=\"__tile40\"]"}
RESULT: {}
RESULT: {"using":"xpath","value":"//*[@id=\"__tile40\"]"}
COMMAND: POST /session/cda6b29e510b44d9979fdab5b6517565/element/f.5E866639E2C7498835F0FF88C67C8471.d.06ABA0792494ACC3D654439B0F52E42A.e.168/click - {}
RESULT: {}
COMMAND: GET /session/cda6b29e510b44d9979fdab5b6517565/screenshot - {}
RESULT: {}
COMMAND: POST /session/cda6b29e510b44d9979fdab5b6517565/elements - {"using":"xpath","value":"//span[text()='Error']"}
RESULT: {"using":"xpath","value":"//span[text()='Error']"}
COMMAND: POST /session/cda6b29e510b44d9979fdab5b6517565/element - {"using":"xpath","value":"//button[@data-kt=\"addOverflowToolbarButton\"]"}
RESULT: {"using":"xpath","value":"//button[@data-kt=\"addOverflowToolbarButton\"]"}
COMMAND: POST /session/cda6b29e510b44d9979fdab5b6517565/elements - {"using":"xpath","value":"//button[@data-kt=\"addOverflowToolbarButton\"]"}
RESULT: {"using":"xpath","value":"//button[@data-kt=\"addOverflowToolbarButton\"]"}
COMMAND: POST /session/cda6b29e510b44d9979fdab5b6517565/execute/sync - {"script":"<script> [8489 bytes]","args":[{"element-6066-11e4-a52e-4f735466cecf":"f.5E866639E2C7498835F0FF88C67C8471.d.06ABA0792494ACC3D654439B0F52E42A.e.1863","ELEMENT":"f.5E866639E2C7498835F0FF88C67C8471.d.06ABA0792494ACC3D654439B0F52E42A.e.1863"}]}
RESULT: {"script":"<script> [8489 bytes]","args":[{"element-6066-11e4-a52e-4f735466cecf":"f.5E866639E2C7498835F0FF88C67C8471.d.06ABA0792494ACC3D654439B0F52E42A.e.1863","ELEMENT":"f.5E866639E2C7498835F0FF88C67C8471.d.06ABA0792494ACC3D654439B0F52E42A.e.1863"}]}
COMMAND: GET /session/cda6b29e510b44d9979fdab5b6517565/element/f.5E866639E2C7498835F0FF88C67C8471.d.06ABA0792494ACC3D654439B0F52E42A.e.1863/enabled - {}
COMMAND: GET /session/cda6b29e510b44d9979fdab5b6517565/screenshot - {}
RESULT: {}
COMMAND: POST /session/cda6b29e510b44d9979fdab5b6517565/execute/sync - {"script":"<script> [8489 bytes]","args":[{"element-6066-11e4-a52e-4f735466cecf":"f.5E866639E2C7498835F0FF88C67C8471.d.06ABA0792494ACC3D654439B0F52E42A.e.1863","ELEMENT":"f.5E866639E2C7498835F0FF88C67C8471.d.06ABA0792494ACC3D654439B0F52E42A.e.1863"}]}
COMMAND: GET /session/cda6b29e510b44d9979fdab5b6517565/screenshot - {}
RESULT: {}
RESULT: {"script":"<script> [8489 bytes]","args":[{"element-6066-11e4-a52e-4f735466cecf":"f.5E866639E2C7498835F0FF88C67C8471.d.06ABA0792494ACC3D654439B0F52E42A.e.1863","ELEMENT":"f.5E866639E2C7498835F0FF88C67C8471.d.06ABA0792494ACC3D654439B0F52E42A.e.1863"}]}
COMMAND: POST /session/cda6b29e510b44d9979fdab5b6517565/execute/sync - {"script":"<script> [5351 bytes]","args":[{"element-6066-11e4-a52e-4f735466cecf":"f.5E866639E2C7498835F0FF88C67C8471.d.06ABA0792494ACC3D654439B0F52E42A.e.1863","ELEMENT":"f.5E866639E2C7498835F0FF88C67C8471.d.06ABA0792494ACC3D654439B0F52E42A.e.1863"}]}
COMMAND: GET /session/cda6b29e510b44d9979fdab5b6517565/screenshot - {}
RESULT: {}
RESULT: {"script":"<script> [5351 bytes]","args":[{"element-6066-11e4-a52e-4f735466cecf":"f.5E866639E2C7498835F0FF88C67C8471.d.06ABA0792494ACC3D654439B0F52E42A.e.1863","ELEMENT":"f.5E866639E2C7498835F0FF88C67C8471.d.06ABA0792494ACC3D654439B0F52E42A.e.1863"}]}
COMMAND: POST /session/cda6b29e510b44d9979fdab5b6517565/element/f.5E866639E2C7498835F0FF88C67C8471.d.06ABA0792494ACC3D654439B0F52E42A.e.1863/click - {}
COMMAND: GET /session/cda6b29e510b44d9979fdab5b6517565/screenshot - {}
RESULT: {}
RESULT: {}
COMMAND: GET /session/cda6b29e510b44d9979fdab5b6517565/screenshot - {}
COMMAND: POST /session/cda6b29e510b44d9979fdab5b6517565/element - {"using":"xpath","value":"//input[@id=\"application-managesites-display-component---NewSite--siteId-inner\"]"}
RESULT: {}
RESULT: {}
RESULT: {"using":"xpath","value":"//input[@id=\"application-managesites-display-component---NewSite--siteId-inner\"]"}
COMMAND: POST /session/cda6b29e510b44d9979fdab5b6517565/element - {"using":"xpath","value":"//input[@id=\"application-managesites-display-component---NewSite--siteId-inner\"]"}
RESULT: {"using":"xpath","value":"//input[@id=\"application-managesites-display-component---NewSite--siteId-inner\"]"}
COMMAND: POST /session/cda6b29e510b44d9979fdab5b6517565/execute/async - {"script":"<script> [1562 bytes]","args":[{"selector":{"id":"application-managesites-display-component---NewSite--addressDetailDetailsName1","interaction":{"idSuffix":"inner"}},"wdio_ui5_key":"applicationmanagesites-display-component---NewSite--addressDetailDetailsName1"}]}
RESULT: {"script":"<script> [1562 bytes]","args":[{"selector":{"id":"application-managesites-display-component---NewSite--addressDetailDetailsName1","interaction":{"idSuffix":"inner"}},"wdio_ui5_key":"applicationmanagesites-display-component---NewSite--addressDetailDetailsName1"}]}
RESULT: undefined
COMMAND: POST /session/cda6b29e510b44d9979fdab5b6517565/execute/async - {"script":"<script> [776 bytes]","args":[{"enterText":"Intercompany Site wdIO","selector":{"id":"application-managesites-display-component---NewSite--addressDetailDetailsName1","interaction":{"idSuffix":"inner"}},"clearTextFirst":true,"interactionType":"ENTER_TEXT"}]}
RESULT: {"script":"<script> [776 bytes]","args":[{"enterText":"Intercompany Site wdIO","selector":{"id":"application-managesites-display-component---NewSite--addressDetailDetailsName1","interaction":{"idSuffix":"inner"}},"clearTextFirst":true,"interactionType":"ENTER_TEXT"}]}
COMMAND: POST /session/cda6b29e510b44d9979fdab5b6517565/execute/async - {"script":"<script> [1562 bytes]","args":[{"selector":{"id":"application-managesites-display-component---NewSite--addressDetailDetailsLanguage-arrow"},"wdio_ui5_key":"applicationmanagesites-display-component---NewSite--addressDetailDetailsLanguage-arrow"}]}
RESULT: {"script":"<script> [1562 bytes]","args":[{"selector":{"id":"application-managesites-display-component---NewSite--addressDetailDetailsLanguage-arrow"},"wdio_ui5_key":"applicationmanagesites-display-component---NewSite--addressDetailDetailsLanguage-arrow"}]}
RESULT: undefined
COMMAND: POST /session/cda6b29e510b44d9979fdab5b6517565/element - {"using":"xpath","value":"//*[@id=\"application-managesites-display-component---NewSite--addressDetailDetailsLanguage-arrow\"]"}
RESULT: {"using":"xpath","value":"//*[@id=\"application-managesites-display-component---NewSite--addressDetailDetailsLanguage-arrow\"]"}
COMMAND: POST /session/cda6b29e510b44d9979fdab5b6517565/element/f.5E866639E2C7498835F0FF88C67C8471.d.06ABA0792494ACC3D654439B0F52E42A.e.2264/click - {}
RESULT: {}
COMMAND: POST /session/cda6b29e510b44d9979fdab5b6517565/element - {"using":"xpath","value":"//span[contains(text(), \"English\")]"}
COMMAND: GET /session/cda6b29e510b44d9979fdab5b6517565/screenshot - {}
RESULT: {"using":"xpath","value":"//span[contains(text(), \"English\")]"}
COMMAND: POST /session/cda6b29e510b44d9979fdab5b6517565/element/f.5E866639E2C7498835F0FF88C67C8471.d.06ABA0792494ACC3D654439B0F52E42A.e.2265/click - {}
RESULT: {}
RESULT: {}
COMMAND: POST /session/cda6b29e510b44d9979fdab5b6517565/execute/async - {"script":"<script> [1562 bytes]","args":[{"selector":{"id":"application-managesites-display-component---NewSite--addressDetailDetailsCity1","interaction":{"idSuffix":"inner"}},"wdio_ui5_key":"applicationmanagesites-display-component---NewSite--addressDetailDetailsCity1"}]}
COMMAND: GET /session/cda6b29e510b44d9979fdab5b6517565/screenshot - {}
RESULT: {"script":"<script> [1562 bytes]","args":[{"selector":{"id":"application-managesites-display-component---NewSite--addressDetailDetailsCity1","interaction":{"idSuffix":"inner"}},"wdio_ui5_key":"applicationmanagesites-display-component---NewSite--addressDetailDetailsCity1"}]}
RESULT: undefined
COMMAND: POST /session/cda6b29e510b44d9979fdab5b6517565/execute/async - {"script":"<script> [776 bytes]","args":[{"enterText":"Rosario","selector":{"id":"application-managesites-display-component---NewSite--addressDetailDetailsCity1","interaction":{"idSuffix":"inner"}},"clearTextFirst":true,"interactionType":"ENTER_TEXT"}]}
RESULT: {}
RESULT: {"script":"<script> [776 bytes]","args":[{"enterText":"Rosario","selector":{"id":"application-managesites-display-component---NewSite--addressDetailDetailsCity1","interaction":{"idSuffix":"inner"}},"clearTextFirst":true,"interactionType":"ENTER_TEXT"}]}
COMMAND: POST /session/cda6b29e510b44d9979fdab5b6517565/execute/async - {"script":"<script> [1562 bytes]","args":[{"selector":{"id":"application-managesites-display-component---NewSite--addressDetailDetailsCountry-arrow"},"wdio_ui5_key":"applicationmanagesites-display-component---NewSite--addressDetailDetailsCountry-arrow"}]}
RESULT: {"script":"<script> [1562 bytes]","args":[{"selector":{"id":"application-managesites-display-component---NewSite--addressDetailDetailsCountry-arrow"},"wdio_ui5_key":"applicationmanagesites-display-component---NewSite--addressDetailDetailsCountry-arrow"}]}
RESULT: undefined
COMMAND: POST /session/cda6b29e510b44d9979fdab5b6517565/element - {"using":"xpath","value":"//*[@id=\"application-managesites-display-component---NewSite--addressDetailDetailsCountry-arrow\"]"}
RESULT: {"using":"xpath","value":"//*[@id=\"application-managesites-display-component---NewSite--addressDetailDetailsCountry-arrow\"]"}
COMMAND: POST /session/cda6b29e510b44d9979fdab5b6517565/element/f.5E866639E2C7498835F0FF88C67C8471.d.06ABA0792494ACC3D654439B0F52E42A.e.2267/click - {}
RESULT: {}
COMMAND: POST /session/cda6b29e510b44d9979fdab5b6517565/element - {"using":"xpath","value":"//span[contains(text(), \"Argentina\")]"}
COMMAND: GET /session/cda6b29e510b44d9979fdab5b6517565/screenshot - {}
RESULT: {"using":"xpath","value":"//span[contains(text(), \"Argentina\")]"}
COMMAND: POST /session/cda6b29e510b44d9979fdab5b6517565/element/f.5E866639E2C7498835F0FF88C67C8471.d.06ABA0792494ACC3D654439B0F52E42A.e.2268/click - {}
RESULT: {}
RESULT: {}
COMMAND: GET /session/cda6b29e510b44d9979fdab5b6517565/screenshot - {}
RESULT: {}
COMMAND: POST /session/cda6b29e510b44d9979fdab5b6517565/execute/async - {"script":"<script> [1562 bytes]","args":[{"selector":{"id":"application-managesites-display-component---NewSite--addressEditDetailsCostObjectCstType-arrow"},"wdio_ui5_key":"applicationmanagesites-display-component---NewSite--addressEditDetailsCostObjectCstType-arrow"}]}
RESULT: {"script":"<script> [1562 bytes]","args":[{"selector":{"id":"application-managesites-display-component---NewSite--addressEditDetailsCostObjectCstType-arrow"},"wdio_ui5_key":"applicationmanagesites-display-component---NewSite--addressEditDetailsCostObjectCstType-arrow"}]}
RESULT: undefined
COMMAND: POST /session/cda6b29e510b44d9979fdab5b6517565/element - {"using":"xpath","value":"//*[@id=\"application-managesites-display-component---NewSite--addressEditDetailsCostObjectCstType-arrow\"]"}
RESULT: {"using":"xpath","value":"//*[@id=\"application-managesites-display-component---NewSite--addressEditDetailsCostObjectCstType-arrow\"]"}
COMMAND: POST /session/cda6b29e510b44d9979fdab5b6517565/element/f.5E866639E2C7498835F0FF88C67C8471.d.06ABA0792494ACC3D654439B0F52E42A.e.2270/click - {}
RESULT: {}
COMMAND: POST /session/cda6b29e510b44d9979fdab5b6517565/element - {"using":"xpath","value":"//span[contains(text(), \"Cost Center\")]"}
COMMAND: GET /session/cda6b29e510b44d9979fdab5b6517565/screenshot - {}
RESULT: {"using":"xpath","value":"//span[contains(text(), \"Cost Center\")]"}
COMMAND: POST /session/cda6b29e510b44d9979fdab5b6517565/element/f.5E866639E2C7498835F0FF88C67C8471.d.06ABA0792494ACC3D654439B0F52E42A.e.2271/click - {}
RESULT: {}
RESULT: {}
COMMAND: GET /session/cda6b29e510b44d9979fdab5b6517565/screenshot - {}
RESULT: {}
COMMAND: POST /session/cda6b29e510b44d9979fdab5b6517565/element - {"using":"xpath","value":"//span[@id=\"application-managesites-display-component---NewSite--addressNewCostObjectCstID-vhi\"]"}
RESULT: {"using":"xpath","value":"//span[@id=\"application-managesites-display-component---NewSite--addressNewCostObjectCstID-vhi\"]"}
COMMAND: POST /session/cda6b29e510b44d9979fdab5b6517565/execute/sync - {"script":"<script> [8489 bytes]","args":[{"element-6066-11e4-a52e-4f735466cecf":"f.5E866639E2C7498835F0FF88C67C8471.d.06ABA0792494ACC3D654439B0F52E42A.e.2276","ELEMENT":"f.5E866639E2C7498835F0FF88C67C8471.d.06ABA0792494ACC3D654439B0F52E42A.e.2276"}]}
RESULT: {"script":"<script> [8489 bytes]","args":[{"element-6066-11e4-a52e-4f735466cecf":"f.5E866639E2C7498835F0FF88C67C8471.d.06ABA0792494ACC3D654439B0F52E42A.e.2276","ELEMENT":"f.5E866639E2C7498835F0FF88C67C8471.d.06ABA0792494ACC3D654439B0F52E42A.e.2276"}]}
COMMAND: POST /session/cda6b29e510b44d9979fdab5b6517565/execute/async - {"script":"<script> [1562 bytes]","args":[{"selector":{"id":"application-managesites-display-component---NewSite--addressNewCostObjectCstID-vhi"},"wdio_ui5_key":"applicationmanagesites-display-component---NewSite--addressNewCostObjectCstID-vhi"}]}
COMMAND: GET /session/cda6b29e510b44d9979fdab5b6517565/screenshot - {}
RESULT: {"script":"<script> [1562 bytes]","args":[{"selector":{"id":"application-managesites-display-component---NewSite--addressNewCostObjectCstID-vhi"},"wdio_ui5_key":"applicationmanagesites-display-component---NewSite--addressNewCostObjectCstID-vhi"}]}
RESULT: undefined
COMMAND: POST /session/cda6b29e510b44d9979fdab5b6517565/element - {"using":"xpath","value":"//*[@id=\"application-managesites-display-component---NewSite--addressNewCostObjectCstID-vhi\"]"}
RESULT: {}
RESULT: {"using":"xpath","value":"//*[@id=\"application-managesites-display-component---NewSite--addressNewCostObjectCstID-vhi\"]"}
COMMAND: POST /session/cda6b29e510b44d9979fdab5b6517565/element/f.5E866639E2C7498835F0FF88C67C8471.d.06ABA0792494ACC3D654439B0F52E42A.e.2276/click - {}
RESULT: {}
COMMAND: GET /session/cda6b29e510b44d9979fdab5b6517565/screenshot - {}
RESULT: {}
RESULT: undefined
COMMAND: POST /session/cda6b29e510b44d9979fdab5b6517565/execute/async - {"script":"<script> [776 bytes]","args":[{"enterText":"10001013","selector":{"controlType":"sap.m.SearchField","properties":{"placeholder":"Search"},"searchOpenDialogs":true,"interaction":{"idSuffix":"I"}},"clearTextFirst":true,"interactionType":"ENTER_TEXT"}]}
RESULT: {"script":"<script> [776 bytes]","args":[{"enterText":"10001013","selector":{"controlType":"sap.m.SearchField","properties":{"placeholder":"Search"},"searchOpenDialogs":true,"interaction":{"idSuffix":"I"}},"clearTextFirst":true,"interactionType":"ENTER_TEXT"}]}
COMMAND: POST /session/cda6b29e510b44d9979fdab5b6517565/actions - {"actions":[{"id":"action6","type":"key","parameters":{},"actions":[{"type":"keyDown","value":"î€‡"},{"type":"pause","duration":10},{"type":"keyUp","value":"î€‡"}]}]}
RESULT: {"actions":[{"id":"action6","type":"key","parameters":{},"actions":[{"type":"keyDown","value":"î€‡"},{"type":"pause","duration":10},{"type":"keyUp","value":"î€‡"}]}]}
COMMAND: GET /session/cda6b29e510b44d9979fdab5b6517565/screenshot - {}
RESULT: {}
COMMAND: POST /session/cda6b29e510b44d9979fdab5b6517565/element - {"using":"xpath","value":"//span[contains(text(), \"General Management\")]"}
RESULT: {"using":"xpath","value":"//span[contains(text(), \"General Management\")]"}
COMMAND: POST /session/cda6b29e510b44d9979fdab5b6517565/element/f.5E866639E2C7498835F0FF88C67C8471.d.06ABA0792494ACC3D654439B0F52E42A.e.2314/click - {}
RESULT: {}
COMMAND: GET /session/cda6b29e510b44d9979fdab5b6517565/screenshot - {}
RESULT: {}
COMMAND: POST /session/cda6b29e510b44d9979fdab5b6517565/element - {"using":"xpath","value":"//bdi[contains(text(), \"OK\")]"}
RESULT: {"using":"xpath","value":"//bdi[contains(text(), \"OK\")]"}
COMMAND: POST /session/cda6b29e510b44d9979fdab5b6517565/element/f.5E866639E2C7498835F0FF88C67C8471.d.06ABA0792494ACC3D654439B0F52E42A.e.2315/click - {}
RESULT: {}
COMMAND: GET /session/cda6b29e510b44d9979fdab5b6517565/screenshot - {}
RESULT: {}
COMMAND: POST /session/cda6b29e510b44d9979fdab5b6517565/element - {"using":"xpath","value":"//input[@id=\"application-managesites-display-component---NewSite--addressDetailDetailsCalendar-inner\"]"}
RESULT: {"using":"xpath","value":"//input[@id=\"application-managesites-display-component---NewSite--addressDetailDetailsCalendar-inner\"]"}
COMMAND: POST /session/cda6b29e510b44d9979fdab5b6517565/element/f.5E866639E2C7498835F0FF88C67C8471.d.06ABA0792494ACC3D654439B0F52E42A.e.2068/clear - {}
RESULT: {}
COMMAND: POST /session/cda6b29e510b44d9979fdab5b6517565/element/f.5E866639E2C7498835F0FF88C67C8471.d.06ABA0792494ACC3D654439B0F52E42A.e.2068/value - {"text":"Unit"}
COMMAND: GET /session/cda6b29e510b44d9979fdab5b6517565/screenshot - {}
RESULT: {"text":"Unit"}
COMMAND: GET /session/cda6b29e510b44d9979fdab5b6517565/screenshot - {}
RESULT: {}
RESULT: {}
COMMAND: POST /session/cda6b29e510b44d9979fdab5b6517565/actions - {"actions":[{"id":"action7","type":"key","parameters":{},"actions":[{"type":"keyDown","value":"î€‡"},{"type":"pause","duration":10},{"type":"keyUp","value":"î€‡"}]}]}
RESULT: {"actions":[{"id":"action7","type":"key","parameters":{},"actions":[{"type":"keyDown","value":"î€‡"},{"type":"pause","duration":10},{"type":"keyUp","value":"î€‡"}]}]}
COMMAND: POST /session/cda6b29e510b44d9979fdab5b6517565/element - {"using":"xpath","value":"//input[@id=\"application-managesites-display-component---NewSite--addressDetailDetailsYard-inner\"]"}
COMMAND: GET /session/cda6b29e510b44d9979fdab5b6517565/screenshot - {}
RESULT: {"using":"xpath","value":"//input[@id=\"application-managesites-display-component---NewSite--addressDetailDetailsYard-inner\"]"}
COMMAND: POST /session/cda6b29e510b44d9979fdab5b6517565/element/f.5E866639E2C7498835F0FF88C67C8471.d.06ABA0792494ACC3D654439B0F52E42A.e.2069/clear - {}
RESULT: {}
RESULT: {}
COMMAND: POST /session/cda6b29e510b44d9979fdab5b6517565/element/f.5E866639E2C7498835F0FF88C67C8471.d.06ABA0792494ACC3D654439B0F52E42A.e.2069/value - {"text":"503"}
COMMAND: GET /session/cda6b29e510b44d9979fdab5b6517565/screenshot - {}
RESULT: {"text":"503"}
COMMAND: GET /session/cda6b29e510b44d9979fdab5b6517565/screenshot - {}
RESULT: {}
RESULT: {}
COMMAND: POST /session/cda6b29e510b44d9979fdab5b6517565/element - {"using":"xpath","value":"//li[.//span[text()='503']]"}
RESULT: {"using":"xpath","value":"//li[.//span[text()='503']]"}
COMMAND: POST /session/cda6b29e510b44d9979fdab5b6517565/element/f.5E866639E2C7498835F0FF88C67C8471.d.06ABA0792494ACC3D654439B0F52E42A.e.2323/click - {}
RESULT: {}
COMMAND: GET /session/cda6b29e510b44d9979fdab5b6517565/screenshot - {}
RESULT: {}
COMMAND: POST /session/cda6b29e510b44d9979fdab5b6517565/element - {"using":"xpath","value":"//input[@id=\"application-managesites-display-component---NewSite--addressDetailDetailsPartner-inner\"]"}
RESULT: {"using":"xpath","value":"//input[@id=\"application-managesites-display-component---NewSite--addressDetailDetailsPartner-inner\"]"}
COMMAND: POST /session/cda6b29e510b44d9979fdab5b6517565/element - {"using":"xpath","value":"//input[@id=\"application-managesites-display-component---NewSite--addressDetailDetailsPartner-inner\"]"}
RESULT: {"using":"xpath","value":"//input[@id=\"application-managesites-display-component---NewSite--addressDetailDetailsPartner-inner\"]"}
COMMAND: POST /session/cda6b29e510b44d9979fdab5b6517565/element - {"using":"xpath","value":"//button[@data-kt=\"saveButton\"]"}
RESULT: {"using":"xpath","value":"//button[@data-kt=\"saveButton\"]"}
COMMAND: POST /session/cda6b29e510b44d9979fdab5b6517565/element/f.5E866639E2C7498835F0FF88C67C8471.d.06ABA0792494ACC3D654439B0F52E42A.e.2202/click - {}
RESULT: {}
COMMAND: GET /session/cda6b29e510b44d9979fdab5b6517565/screenshot - {}
RESULT: {}
COMMAND: POST /session/cda6b29e510b44d9979fdab5b6517565/element - {"using":"xpath","value":"//header[contains(@id, 'ObjectPageLayout-headerTitle')]/div[1]/div[2]/div[2]/span[1]"}
RESULT: {"using":"xpath","value":"//header[contains(@id, 'ObjectPageLayout-headerTitle')]/div[1]/div[2]/div[2]/span[1]"}
COMMAND: POST /session/cda6b29e510b44d9979fdab5b6517565/elements - {"using":"xpath","value":"//header[contains(@id, 'ObjectPageLayout-headerTitle')]/div[1]/div[2]/div[2]/span[1]"}
RESULT: {"using":"xpath","value":"//header[contains(@id, 'ObjectPageLayout-headerTitle')]/div[1]/div[2]/div[2]/span[1]"}
COMMAND: POST /session/cda6b29e510b44d9979fdab5b6517565/execute/sync - {"script":"<script> [56 bytes]","args":[{"element-6066-11e4-a52e-4f735466cecf":"f.5E866639E2C7498835F0FF88C67C8471.d.06ABA0792494ACC3D654439B0F52E42A.e.2525","ELEMENT":"f.5E866639E2C7498835F0FF88C67C8471.d.06ABA0792494ACC3D654439B0F52E42A.e.2525"}]}
RESULT: {"script":"<script> [56 bytes]","args":[{"element-6066-11e4-a52e-4f735466cecf":"f.5E866639E2C7498835F0FF88C67C8471.d.06ABA0792494ACC3D654439B0F52E42A.e.2525","ELEMENT":"f.5E866639E2C7498835F0FF88C67C8471.d.06ABA0792494ACC3D654439B0F52E42A.e.2525"}]}
COMMAND: POST /session/cda6b29e510b44d9979fdab5b6517565/element - {"using":"css selector","value":"#shell-header-logo"}
COMMAND: GET /session/cda6b29e510b44d9979fdab5b6517565/screenshot - {}
RESULT: {"using":"css selector","value":"#shell-header-logo"}
COMMAND: POST /session/cda6b29e510b44d9979fdab5b6517565/element/f.5E866639E2C7498835F0FF88C67C8471.d.06ABA0792494ACC3D654439B0F52E42A.e.1820/click - {}
RESULT: {}
RESULT: {}
COMMAND: GET /session/cda6b29e510b44d9979fdab5b6517565/screenshot - {}
RESULT: {}
COMMAND: POST /session/cda6b29e510b44d9979fdab5b6517565/execute/sync - {"script":"<script> [299 bytes]","args":[["getModel","getResource"]]}
RESULT: {"script":"<script> [299 bytes]","args":[["getModel","getResource"]]}
COMMAND: POST /session/cda6b29e510b44d9979fdab5b6517565/actions - {"actions":[{"id":"action8","type":"key","parameters":{},"actions":[{"type":"keyDown","value":"î€‡"},{"type":"pause","duration":10},{"type":"keyUp","value":"î€‡"}]}]}
COMMAND: GET /session/cda6b29e510b44d9979fdab5b6517565/screenshot - {}
RESULT: {}
RESULT: {"actions":[{"id":"action8","type":"key","parameters":{},"actions":[{"type":"keyDown","value":"î€‡"},{"type":"pause","duration":10},{"type":"keyUp","value":"î€‡"}]}]}
COMMAND: GET /session/cda6b29e510b44d9979fdab5b6517565/screenshot - {}
RESULT: {}
COMMAND: POST /session/cda6b29e510b44d9979fdab5b6517565/refresh - {}
RESULT: {}
COMMAND: GET /session/cda6b29e510b44d9979fdab5b6517565/screenshot - {}
RESULT: {}
COMMAND: POST /session/cda6b29e510b44d9979fdab5b6517565/refresh - {}
RESULT: {}
COMMAND: GET /session/cda6b29e510b44d9979fdab5b6517565/screenshot - {}
RESULT: {}
COMMAND: POST /session/cda6b29e510b44d9979fdab5b6517565/window/fullscreen - {}
RESULT: {}
COMMAND: POST /session/cda6b29e510b44d9979fdab5b6517565/execute/async - {"script":"<script> [189 bytes]","args":[]}
RESULT: {"script":"<script> [189 bytes]","args":[]}
COMMAND: POST /session/cda6b29e510b44d9979fdab5b6517565/execute/async - {"script":"<script> [123 bytes]","args":[]}
RESULT: {"script":"<script> [123 bytes]","args":[]}
COMMAND: POST /session/cda6b29e510b44d9979fdab5b6517565/timeouts - {"script":"<number>"}
RESULT: {"script":"<number>"}
COMMAND: GET /session/cda6b29e510b44d9979fdab5b6517565/timeouts - {}
RESULT: {}
RESULT: undefined
COMMAND: POST /session/cda6b29e510b44d9979fdab5b6517565/execute/async - {"script":"<script> [2676 bytes]","args":[]}
RESULT: {"script":"<script> [2676 bytes]","args":[]}
COMMAND: POST /session/cda6b29e510b44d9979fdab5b6517565/execute/async - {"script":"<script> [2342 bytes]","args":[{"protocol":"http","hostname":"0.0.0.0","path":"/","capabilities":{"browserName":"chrome","goog:chromeOptions":{"binary":"C:\\Program Files\\Google\\Chrome\\Application\\chrome.exe","args":["--start-maximized"]}},"logLevel":"warn","connectionRetryTimeout":120000,"connectionRetryCount":3,"logLevels":{},"enableDirectConnect":true,"strictSSL":true,"_":"65 more keys: [\"cacheDir\",\"port\",\"requestedCapabilities\",\"automationProtocol\",\"baseUrl\",\"waitforInterval\",\"waitforTimeout\",\"onReload\",\"beforeCommand\",\"afterCommand\",\"rootDir\",\"specs\",\"suites\",\"exclude\",\"groupLogsByTestSpec\",\"excludeDriverLogs\",\"bail\",\"framework\",\"reporters\",\"services\",\"maxInstances\",\"maxInstancesPerCapability\",\"injectGlobals\",\"filesToWatch\",\"execArgv\",\"runnerEnv\",\"runner\",\"shard\",\"specFileRetries\",\"specFileRetriesDelay\",\"specFileRetriesDeferred\",\"reporterSyncInterval\",\"reporterSyncTimeout\",\"cucumberFeaturesWithLineNumbers\",\"autoCompileOpts\",\"mochaOpts\",\"jasmineOpts\",\"cucumberOpts\",\"onPrepare\",\"onWorkerStart\",\"onWorkerEnd\",\"before\",\"beforeSession\",\"beforeSuite\",\"beforeHook\",\"beforeTest\",\"afterTest\",\"afterHook\",\"afterSuite\",\"afterSession\",\"after\",\"onComplete\",\"beforeAssertion\",\"afterAssertion\",\"beforeFeature\",\"beforeScenario\",\"beforeStep\",\"afterStep\",\"afterScenario\",\"afterFeature\",\"_\",\"suite\",\"$0\",\"ignoredWorkerServices\",\"wdi5\"]"}]}
RESULT: {"script":"<script> [2342 bytes]","args":[{"protocol":"http","hostname":"0.0.0.0","path":"/","capabilities":{"browserName":"chrome","goog:chromeOptions":{"binary":"C:\\Program Files\\Google\\Chrome\\Application\\chrome.exe","args":["--start-maximized"]}},"logLevel":"warn","connectionRetryTimeout":120000,"connectionRetryCount":3,"logLevels":{},"enableDirectConnect":true,"strictSSL":true,"_":"65 more keys: [\"cacheDir\",\"port\",\"requestedCapabilities\",\"automationProtocol\",\"baseUrl\",\"waitforInterval\",\"waitforTimeout\",\"onReload\",\"beforeCommand\",\"afterCommand\",\"rootDir\",\"specs\",\"suites\",\"exclude\",\"groupLogsByTestSpec\",\"excludeDriverLogs\",\"bail\",\"framework\",\"reporters\",\"services\",\"maxInstances\",\"maxInstancesPerCapability\",\"injectGlobals\",\"filesToWatch\",\"execArgv\",\"runnerEnv\",\"runner\",\"shard\",\"specFileRetries\",\"specFileRetriesDelay\",\"specFileRetriesDeferred\",\"reporterSyncInterval\",\"reporterSyncTimeout\",\"cucumberFeaturesWithLineNumbers\",\"autoCompileOpts\",\"mochaOpts\",\"jasmineOpts\",\"cucumberOpts\",\"onPrepare\",\"onWorkerStart\",\"onWorkerEnd\",\"before\",\"beforeSession\",\"beforeSuite\",\"beforeHook\",\"beforeTest\",\"afterTest\",\"afterHook\",\"afterSuite\",\"afterSession\",\"after\",\"onComplete\",\"beforeAssertion\",\"afterAssertion\",\"beforeFeature\",\"beforeScenario\",\"beforeStep\",\"afterStep\",\"afterScenario\",\"afterFeature\",\"_\",\"suite\",\"$0\",\"ignoredWorkerServices\",\"wdi5\"]"}]}
COMMAND: POST /session/cda6b29e510b44d9979fdab5b6517565/execute/async - {"script":"<script> [21126 bytes]","args":[35000]}
RESULT: {"script":"<script> [21126 bytes]","args":[35000]}
COMMAND: POST /session/cda6b29e510b44d9979fdab5b6517565/window/fullscreen - {}
RESULT: {}
]]></system-out>
    </testcase>
    <testcase classname="chrome.136_0_7103_93.windows.Billing_Transfer_-_Master_data_&amp;_Intercompany_US127250" name="Should create a new equipment" time="140.689">
      <system-out><![CDATA[
COMMAND: POST /session/cda6b29e510b44d9979fdab5b6517565/execute/async - {"script":"<script> [1562 bytes]","args":[{"selector":{"controlType":"sap.m.GenericTile","properties":{"header":"Manage Resources"}},"wdio_ui5_key":"sapm.GenericTile{\"header\":\"Manage Resources\"}"}]}
RESULT: {"script":"<script> [1562 bytes]","args":[{"selector":{"controlType":"sap.m.GenericTile","properties":{"header":"Manage Resources"}},"wdio_ui5_key":"sapm.GenericTile{\"header\":\"Manage Resources\"}"}]}
RESULT: undefined
COMMAND: POST /session/cda6b29e510b44d9979fdab5b6517565/element - {"using":"xpath","value":"//*[@id=\"__tile31\"]"}
RESULT: {"using":"xpath","value":"//*[@id=\"__tile31\"]"}
COMMAND: POST /session/cda6b29e510b44d9979fdab5b6517565/element/f.5E866639E2C7498835F0FF88C67C8471.d.19D38C0ED3D86D1CEF43E03D910C671D.e.2598/click - {}
RESULT: {}
COMMAND: GET /session/cda6b29e510b44d9979fdab5b6517565/screenshot - {}
RESULT: {}
COMMAND: POST /session/cda6b29e510b44d9979fdab5b6517565/elements - {"using":"xpath","value":"//span[text()='Error']"}
RESULT: {"using":"xpath","value":"//span[text()='Error']"}
COMMAND: POST /session/cda6b29e510b44d9979fdab5b6517565/element - {"using":"xpath","value":"//button[@data-kt=\"addNewRUOverflowToolbarButton\"]"}
RESULT: {"using":"xpath","value":"//button[@data-kt=\"addNewRUOverflowToolbarButton\"]"}
COMMAND: POST /session/cda6b29e510b44d9979fdab5b6517565/elements - {"using":"xpath","value":"//button[@data-kt=\"addNewRUOverflowToolbarButton\"]"}
RESULT: {"using":"xpath","value":"//button[@data-kt=\"addNewRUOverflowToolbarButton\"]"}
COMMAND: POST /session/cda6b29e510b44d9979fdab5b6517565/elements - {"using":"xpath","value":"//button[@data-kt=\"addNewRUOverflowToolbarButton\"]"}
RESULT: {"using":"xpath","value":"//button[@data-kt=\"addNewRUOverflowToolbarButton\"]"}
COMMAND: POST /session/cda6b29e510b44d9979fdab5b6517565/elements - {"using":"xpath","value":"//button[@data-kt=\"addNewRUOverflowToolbarButton\"]"}
RESULT: {"using":"xpath","value":"//button[@data-kt=\"addNewRUOverflowToolbarButton\"]"}
COMMAND: POST /session/cda6b29e510b44d9979fdab5b6517565/element - {"using":"xpath","value":"//button[@data-kt=\"addNewRUOverflowToolbarButton\"]"}
RESULT: {"using":"xpath","value":"//button[@data-kt=\"addNewRUOverflowToolbarButton\"]"}
COMMAND: POST /session/cda6b29e510b44d9979fdab5b6517565/execute/sync - {"script":"<script> [8489 bytes]","args":[{"element-6066-11e4-a52e-4f735466cecf":"f.5E866639E2C7498835F0FF88C67C8471.d.19D38C0ED3D86D1CEF43E03D910C671D.e.2708","ELEMENT":"f.5E866639E2C7498835F0FF88C67C8471.d.19D38C0ED3D86D1CEF43E03D910C671D.e.2708"}]}
RESULT: {"script":"<script> [8489 bytes]","args":[{"element-6066-11e4-a52e-4f735466cecf":"f.5E866639E2C7498835F0FF88C67C8471.d.19D38C0ED3D86D1CEF43E03D910C671D.e.2708","ELEMENT":"f.5E866639E2C7498835F0FF88C67C8471.d.19D38C0ED3D86D1CEF43E03D910C671D.e.2708"}]}
COMMAND: GET /session/cda6b29e510b44d9979fdab5b6517565/element/f.5E866639E2C7498835F0FF88C67C8471.d.19D38C0ED3D86D1CEF43E03D910C671D.e.2708/enabled - {}
COMMAND: GET /session/cda6b29e510b44d9979fdab5b6517565/screenshot - {}
RESULT: {}
COMMAND: POST /session/cda6b29e510b44d9979fdab5b6517565/execute/sync - {"script":"<script> [8489 bytes]","args":[{"element-6066-11e4-a52e-4f735466cecf":"f.5E866639E2C7498835F0FF88C67C8471.d.19D38C0ED3D86D1CEF43E03D910C671D.e.2708","ELEMENT":"f.5E866639E2C7498835F0FF88C67C8471.d.19D38C0ED3D86D1CEF43E03D910C671D.e.2708"}]}
COMMAND: GET /session/cda6b29e510b44d9979fdab5b6517565/screenshot - {}
RESULT: {}
RESULT: {"script":"<script> [8489 bytes]","args":[{"element-6066-11e4-a52e-4f735466cecf":"f.5E866639E2C7498835F0FF88C67C8471.d.19D38C0ED3D86D1CEF43E03D910C671D.e.2708","ELEMENT":"f.5E866639E2C7498835F0FF88C67C8471.d.19D38C0ED3D86D1CEF43E03D910C671D.e.2708"}]}
COMMAND: POST /session/cda6b29e510b44d9979fdab5b6517565/execute/sync - {"script":"<script> [5351 bytes]","args":[{"element-6066-11e4-a52e-4f735466cecf":"f.5E866639E2C7498835F0FF88C67C8471.d.19D38C0ED3D86D1CEF43E03D910C671D.e.2708","ELEMENT":"f.5E866639E2C7498835F0FF88C67C8471.d.19D38C0ED3D86D1CEF43E03D910C671D.e.2708"}]}
COMMAND: GET /session/cda6b29e510b44d9979fdab5b6517565/screenshot - {}
RESULT: {}
RESULT: {"script":"<script> [5351 bytes]","args":[{"element-6066-11e4-a52e-4f735466cecf":"f.5E866639E2C7498835F0FF88C67C8471.d.19D38C0ED3D86D1CEF43E03D910C671D.e.2708","ELEMENT":"f.5E866639E2C7498835F0FF88C67C8471.d.19D38C0ED3D86D1CEF43E03D910C671D.e.2708"}]}
COMMAND: POST /session/cda6b29e510b44d9979fdab5b6517565/element/f.5E866639E2C7498835F0FF88C67C8471.d.19D38C0ED3D86D1CEF43E03D910C671D.e.2708/click - {}
COMMAND: GET /session/cda6b29e510b44d9979fdab5b6517565/screenshot - {}
RESULT: {}
RESULT: {}
COMMAND: GET /session/cda6b29e510b44d9979fdab5b6517565/screenshot - {}
RESULT: {}
RESULT: {}
COMMAND: POST /session/cda6b29e510b44d9979fdab5b6517565/execute/async - {"script":"<script> [1562 bytes]","args":[{"selector":{"id":"application-manageresources-display-component---newResourceUnit--TYPE-arrow"},"wdio_ui5_key":"applicationmanageresources-display-component---newResourceUnit--TYPE-arrow"}]}
RESULT: {"script":"<script> [1562 bytes]","args":[{"selector":{"id":"application-manageresources-display-component---newResourceUnit--TYPE-arrow"},"wdio_ui5_key":"applicationmanageresources-display-component---newResourceUnit--TYPE-arrow"}]}
RESULT: undefined
COMMAND: POST /session/cda6b29e510b44d9979fdab5b6517565/element - {"using":"xpath","value":"//*[@id=\"application-manageresources-display-component---newResourceUnit--TYPE-arrow\"]"}
RESULT: {"using":"xpath","value":"//*[@id=\"application-manageresources-display-component---newResourceUnit--TYPE-arrow\"]"}
COMMAND: POST /session/cda6b29e510b44d9979fdab5b6517565/element/f.5E866639E2C7498835F0FF88C67C8471.d.19D38C0ED3D86D1CEF43E03D910C671D.e.3068/click - {}
RESULT: {}
COMMAND: POST /session/cda6b29e510b44d9979fdab5b6517565/element - {"using":"xpath","value":"//input[@id=\"application-manageresources-display-component---newResourceUnit--TYPE-inner\"]"}
COMMAND: GET /session/cda6b29e510b44d9979fdab5b6517565/screenshot - {}
RESULT: {"using":"xpath","value":"//input[@id=\"application-manageresources-display-component---newResourceUnit--TYPE-inner\"]"}
COMMAND: POST /session/cda6b29e510b44d9979fdab5b6517565/element/f.5E866639E2C7498835F0FF88C67C8471.d.19D38C0ED3D86D1CEF43E03D910C671D.e.3059/clear - {}
RESULT: {}
RESULT: {}
COMMAND: POST /session/cda6b29e510b44d9979fdab5b6517565/element/f.5E866639E2C7498835F0FF88C67C8471.d.19D38C0ED3D86D1CEF43E03D910C671D.e.3059/value - {"text":"Equipment"}
COMMAND: GET /session/cda6b29e510b44d9979fdab5b6517565/screenshot - {}
RESULT: {"text":"Equipment"}
COMMAND: GET /session/cda6b29e510b44d9979fdab5b6517565/screenshot - {}
RESULT: {}
RESULT: {}
COMMAND: POST /session/cda6b29e510b44d9979fdab5b6517565/actions - {"actions":[{"id":"action9","type":"key","parameters":{},"actions":[{"type":"keyDown","value":"î€‡"},{"type":"pause","duration":10},{"type":"keyUp","value":"î€‡"}]}]}
RESULT: {"actions":[{"id":"action9","type":"key","parameters":{},"actions":[{"type":"keyDown","value":"î€‡"},{"type":"pause","duration":10},{"type":"keyUp","value":"î€‡"}]}]}
COMMAND: POST /session/cda6b29e510b44d9979fdab5b6517565/execute/async - {"script":"<script> [1562 bytes]","args":[{"selector":{"id":"application-manageresources-display-component---newResourceUnit--resourceId","interaction":{"idSuffix":"inner"}},"wdio_ui5_key":"applicationmanageresources-display-component---newResourceUnit--resourceId"}]}
COMMAND: GET /session/cda6b29e510b44d9979fdab5b6517565/screenshot - {}
RESULT: {"script":"<script> [1562 bytes]","args":[{"selector":{"id":"application-manageresources-display-component---newResourceUnit--resourceId","interaction":{"idSuffix":"inner"}},"wdio_ui5_key":"applicationmanageresources-display-component---newResourceUnit--resourceId"}]}
RESULT: undefined
COMMAND: POST /session/cda6b29e510b44d9979fdab5b6517565/execute/async - {"script":"<script> [776 bytes]","args":[{"enterText":"dYHSe6slQK","selector":{"id":"application-manageresources-display-component---newResourceUnit--resourceId","interaction":{"idSuffix":"inner"}},"clearTextFirst":true,"interactionType":"ENTER_TEXT"}]}
RESULT: {}
RESULT: {"script":"<script> [776 bytes]","args":[{"enterText":"dYHSe6slQK","selector":{"id":"application-manageresources-display-component---newResourceUnit--resourceId","interaction":{"idSuffix":"inner"}},"clearTextFirst":true,"interactionType":"ENTER_TEXT"}]}
COMMAND: POST /session/cda6b29e510b44d9979fdab5b6517565/execute/async - {"script":"<script> [1562 bytes]","args":[{"selector":{"id":"application-manageresources-display-component---newResourceUnit--SHORT_TEXT","interaction":{"idSuffix":"inner"}},"wdio_ui5_key":"applicationmanageresources-display-component---newResourceUnit--SHORT_TEXT"}]}
RESULT: {"script":"<script> [1562 bytes]","args":[{"selector":{"id":"application-manageresources-display-component---newResourceUnit--SHORT_TEXT","interaction":{"idSuffix":"inner"}},"wdio_ui5_key":"applicationmanageresources-display-component---newResourceUnit--SHORT_TEXT"}]}
RESULT: undefined
COMMAND: POST /session/cda6b29e510b44d9979fdab5b6517565/execute/async - {"script":"<script> [776 bytes]","args":[{"enterText":"Intercompany Equipment WDIO","selector":{"id":"application-manageresources-display-component---newResourceUnit--SHORT_TEXT","interaction":{"idSuffix":"inner"}},"clearTextFirst":true,"interactionType":"ENTER_TEXT"}]}
RESULT: {"script":"<script> [776 bytes]","args":[{"enterText":"Intercompany Equipment WDIO","selector":{"id":"application-manageresources-display-component---newResourceUnit--SHORT_TEXT","interaction":{"idSuffix":"inner"}},"clearTextFirst":true,"interactionType":"ENTER_TEXT"}]}
COMMAND: POST /session/cda6b29e510b44d9979fdab5b6517565/execute/async - {"script":"<script> [1562 bytes]","args":[{"selector":{"id":"application-manageresources-display-component---newResourceUnit--BASE_UNIT_OF_MEASURE","interaction":{"idSuffix":"inner"}},"wdio_ui5_key":"applicationmanageresources-display-component---newResourceUnit--BASE_UNIT_OF_MEASURE"}]}
RESULT: {"script":"<script> [1562 bytes]","args":[{"selector":{"id":"application-manageresources-display-component---newResourceUnit--BASE_UNIT_OF_MEASURE","interaction":{"idSuffix":"inner"}},"wdio_ui5_key":"applicationmanageresources-display-component---newResourceUnit--BASE_UNIT_OF_MEASURE"}]}
RESULT: undefined
COMMAND: POST /session/cda6b29e510b44d9979fdab5b6517565/execute/async - {"script":"<script> [776 bytes]","args":[{"enterText":"Piece","selector":{"id":"application-manageresources-display-component---newResourceUnit--BASE_UNIT_OF_MEASURE","interaction":{"idSuffix":"inner"}},"clearTextFirst":true,"interactionType":"ENTER_TEXT"}]}
RESULT: {"script":"<script> [776 bytes]","args":[{"enterText":"Piece","selector":{"id":"application-manageresources-display-component---newResourceUnit--BASE_UNIT_OF_MEASURE","interaction":{"idSuffix":"inner"}},"clearTextFirst":true,"interactionType":"ENTER_TEXT"}]}
COMMAND: POST /session/cda6b29e510b44d9979fdab5b6517565/execute/async - {"script":"<script> [1562 bytes]","args":[{"selector":{"id":"application-manageresources-display-component---newResourceUnit--WEIGHT_UNIT","interaction":{"idSuffix":"inner"}},"wdio_ui5_key":"applicationmanageresources-display-component---newResourceUnit--WEIGHT_UNIT"}]}
RESULT: {"script":"<script> [1562 bytes]","args":[{"selector":{"id":"application-manageresources-display-component---newResourceUnit--WEIGHT_UNIT","interaction":{"idSuffix":"inner"}},"wdio_ui5_key":"applicationmanageresources-display-component---newResourceUnit--WEIGHT_UNIT"}]}
RESULT: undefined
COMMAND: POST /session/cda6b29e510b44d9979fdab5b6517565/execute/async - {"script":"<script> [776 bytes]","args":[{"enterText":"Gram","selector":{"id":"application-manageresources-display-component---newResourceUnit--WEIGHT_UNIT","interaction":{"idSuffix":"inner"}},"clearTextFirst":true,"interactionType":"ENTER_TEXT"}]}
RESULT: {"script":"<script> [776 bytes]","args":[{"enterText":"Gram","selector":{"id":"application-manageresources-display-component---newResourceUnit--WEIGHT_UNIT","interaction":{"idSuffix":"inner"}},"clearTextFirst":true,"interactionType":"ENTER_TEXT"}]}
COMMAND: POST /session/cda6b29e510b44d9979fdab5b6517565/execute/async - {"script":"<script> [1562 bytes]","args":[{"selector":{"id":"application-manageresources-display-component---newResourceUnit--DIMENSION_UNIT","interaction":{"idSuffix":"inner"}},"wdio_ui5_key":"applicationmanageresources-display-component---newResourceUnit--DIMENSION_UNIT"}]}
RESULT: {"script":"<script> [1562 bytes]","args":[{"selector":{"id":"application-manageresources-display-component---newResourceUnit--DIMENSION_UNIT","interaction":{"idSuffix":"inner"}},"wdio_ui5_key":"applicationmanageresources-display-component---newResourceUnit--DIMENSION_UNIT"}]}
RESULT: undefined
COMMAND: POST /session/cda6b29e510b44d9979fdab5b6517565/execute/async - {"script":"<script> [776 bytes]","args":[{"enterText":"Meter","selector":{"id":"application-manageresources-display-component---newResourceUnit--DIMENSION_UNIT","interaction":{"idSuffix":"inner"}},"clearTextFirst":true,"interactionType":"ENTER_TEXT"}]}
RESULT: {"script":"<script> [776 bytes]","args":[{"enterText":"Meter","selector":{"id":"application-manageresources-display-component---newResourceUnit--DIMENSION_UNIT","interaction":{"idSuffix":"inner"}},"clearTextFirst":true,"interactionType":"ENTER_TEXT"}]}
COMMAND: POST /session/cda6b29e510b44d9979fdab5b6517565/execute/async - {"script":"<script> [1562 bytes]","args":[{"selector":{"id":"application-manageresources-display-component---newResourceUnit--newRRUPage-anchBar-application-manageresources-display-component---newResourceUnit--control-anchor","interaction":{"idSuffix":"BDI-content"}},"wdio_ui5_key":"applicationmanageresources-display-component---newResourceUnit--newRRUPage-anchBar-application-manageresources-display-component---newResourceUnit--control-anchor"}]}
RESULT: {"script":"<script> [1562 bytes]","args":[{"selector":{"id":"application-manageresources-display-component---newResourceUnit--newRRUPage-anchBar-application-manageresources-display-component---newResourceUnit--control-anchor","interaction":{"idSuffix":"BDI-content"}},"wdio_ui5_key":"applicationmanageresources-display-component---newResourceUnit--newRRUPage-anchBar-application-manageresources-display-component---newResourceUnit--control-anchor"}]}
RESULT: undefined
COMMAND: POST /session/cda6b29e510b44d9979fdab5b6517565/element - {"using":"xpath","value":"//*[@id=\"application-manageresources-display-component---newResourceUnit--newRRUPage-anchBar-application-manageresources-display-component---newResourceUnit--control-anchor\"]"}
RESULT: {"using":"xpath","value":"//*[@id=\"application-manageresources-display-component---newResourceUnit--newRRUPage-anchBar-application-manageresources-display-component---newResourceUnit--control-anchor\"]"}
COMMAND: POST /session/cda6b29e510b44d9979fdab5b6517565/element/f.5E866639E2C7498835F0FF88C67C8471.d.19D38C0ED3D86D1CEF43E03D910C671D.e.3200/click - {}
RESULT: {}
COMMAND: POST /session/cda6b29e510b44d9979fdab5b6517565/execute/async - {"script":"<script> [1562 bytes]","args":[{"selector":{"id":"application-manageresources-display-component---newResourceUnit--PLANNING_GROUP","interaction":{"idSuffix":"inner"}},"wdio_ui5_key":"applicationmanageresources-display-component---newResourceUnit--PLANNING_GROUP"}]}
COMMAND: GET /session/cda6b29e510b44d9979fdab5b6517565/screenshot - {}
RESULT: {"script":"<script> [1562 bytes]","args":[{"selector":{"id":"application-manageresources-display-component---newResourceUnit--PLANNING_GROUP","interaction":{"idSuffix":"inner"}},"wdio_ui5_key":"applicationmanageresources-display-component---newResourceUnit--PLANNING_GROUP"}]}
RESULT: undefined
COMMAND: POST /session/cda6b29e510b44d9979fdab5b6517565/execute/async - {"script":"<script> [776 bytes]","args":[{"enterText":"Heavy Equi","selector":{"id":"application-manageresources-display-component---newResourceUnit--PLANNING_GROUP","interaction":{"idSuffix":"inner"}},"clearTextFirst":true,"interactionType":"ENTER_TEXT"}]}
RESULT: {}
RESULT: {"script":"<script> [776 bytes]","args":[{"enterText":"Heavy Equi","selector":{"id":"application-manageresources-display-component---newResourceUnit--PLANNING_GROUP","interaction":{"idSuffix":"inner"}},"clearTextFirst":true,"interactionType":"ENTER_TEXT"}]}
COMMAND: POST /session/cda6b29e510b44d9979fdab5b6517565/execute/async - {"script":"<script> [1562 bytes]","args":[{"selector":{"id":"application-manageresources-display-component---newResourceUnit--ITEM_TYPE-arrow"},"wdio_ui5_key":"applicationmanageresources-display-component---newResourceUnit--ITEM_TYPE-arrow"}]}
RESULT: {"script":"<script> [1562 bytes]","args":[{"selector":{"id":"application-manageresources-display-component---newResourceUnit--ITEM_TYPE-arrow"},"wdio_ui5_key":"applicationmanageresources-display-component---newResourceUnit--ITEM_TYPE-arrow"}]}
RESULT: undefined
COMMAND: POST /session/cda6b29e510b44d9979fdab5b6517565/element - {"using":"xpath","value":"//*[@id=\"application-manageresources-display-component---newResourceUnit--ITEM_TYPE-arrow\"]"}
RESULT: {"using":"xpath","value":"//*[@id=\"application-manageresources-display-component---newResourceUnit--ITEM_TYPE-arrow\"]"}
COMMAND: POST /session/cda6b29e510b44d9979fdab5b6517565/element/f.5E866639E2C7498835F0FF88C67C8471.d.19D38C0ED3D86D1CEF43E03D910C671D.e.3209/click - {}
RESULT: {}
COMMAND: POST /session/cda6b29e510b44d9979fdab5b6517565/element - {"using":"xpath","value":"(//span[contains(text(), \"Resource Unit\")])[2]"}
COMMAND: GET /session/cda6b29e510b44d9979fdab5b6517565/screenshot - {}
RESULT: {"using":"xpath","value":"(//span[contains(text(), \"Resource Unit\")])[2]"}
COMMAND: POST /session/cda6b29e510b44d9979fdab5b6517565/element/f.5E866639E2C7498835F0FF88C67C8471.d.19D38C0ED3D86D1CEF43E03D910C671D.e.3210/click - {}
RESULT: {}
RESULT: {}
COMMAND: GET /session/cda6b29e510b44d9979fdab5b6517565/screenshot - {}
RESULT: {}
COMMAND: POST /session/cda6b29e510b44d9979fdab5b6517565/element - {"using":"css selector","value":"#application-manageresources-display-component---newResourceUnit--btnAddTimeSegment"}
RESULT: {"using":"css selector","value":"#application-manageresources-display-component---newResourceUnit--btnAddTimeSegment"}
COMMAND: GET /session/cda6b29e510b44d9979fdab5b6517565/element/f.5E866639E2C7498835F0FF88C67C8471.d.19D38C0ED3D86D1CEF43E03D910C671D.e.3211/rect - {}
RESULT: {}
COMMAND: GET /session/cda6b29e510b44d9979fdab5b6517565/window/rect - {}
RESULT: {}
COMMAND: POST /session/cda6b29e510b44d9979fdab5b6517565/execute/sync - {"script":"<script> [92 bytes]","args":[]}
RESULT: {"script":"<script> [92 bytes]","args":[]}
COMMAND: POST /session/cda6b29e510b44d9979fdab5b6517565/actions - {"actions":[{"id":"action10","type":"wheel","parameters":{},"actions":[{"type":"scroll","x":-1888,"y":-32,"deltaX":0,"deltaY":0,"duration":0,"origin":{"element-6066-11e4-a52e-4f735466cecf":"f.5E866639E2C7498835F0FF88C67C8471.d.19D38C0ED3D86D1CEF43E03D910C671D.e.3211"}}]}]}
COMMAND: GET /session/cda6b29e510b44d9979fdab5b6517565/screenshot - {}
RESULT: {}
COMMAND: POST /session/cda6b29e510b44d9979fdab5b6517565/execute/sync - {"script":"<script> [79 bytes]","args":[{"element-6066-11e4-a52e-4f735466cecf":"f.5E866639E2C7498835F0FF88C67C8471.d.19D38C0ED3D86D1CEF43E03D910C671D.e.3211","ELEMENT":"f.5E866639E2C7498835F0FF88C67C8471.d.19D38C0ED3D86D1CEF43E03D910C671D.e.3211"},{"block":"start","inline":"nearest"}]}
RESULT: {"script":"<script> [79 bytes]","args":[{"element-6066-11e4-a52e-4f735466cecf":"f.5E866639E2C7498835F0FF88C67C8471.d.19D38C0ED3D86D1CEF43E03D910C671D.e.3211","ELEMENT":"f.5E866639E2C7498835F0FF88C67C8471.d.19D38C0ED3D86D1CEF43E03D910C671D.e.3211"},{"block":"start","inline":"nearest"}]}
COMMAND: POST /session/cda6b29e510b44d9979fdab5b6517565/execute/async - {"script":"<script> [1562 bytes]","args":[{"selector":{"id":"application-manageresources-display-component---newResourceUnit--btnAddTimeSegment","interaction":{"idSuffix":"inner"}},"wdio_ui5_key":"applicationmanageresources-display-component---newResourceUnit--btnAddTimeSegment"}]}
COMMAND: GET /session/cda6b29e510b44d9979fdab5b6517565/screenshot - {}
RESULT: {"script":"<script> [1562 bytes]","args":[{"selector":{"id":"application-manageresources-display-component---newResourceUnit--btnAddTimeSegment","interaction":{"idSuffix":"inner"}},"wdio_ui5_key":"applicationmanageresources-display-component---newResourceUnit--btnAddTimeSegment"}]}
RESULT: undefined
COMMAND: POST /session/cda6b29e510b44d9979fdab5b6517565/element - {"using":"xpath","value":"//*[@id=\"application-manageresources-display-component---newResourceUnit--btnAddTimeSegment\"]"}
RESULT: {}
RESULT: {"using":"xpath","value":"//*[@id=\"application-manageresources-display-component---newResourceUnit--btnAddTimeSegment\"]"}
COMMAND: POST /session/cda6b29e510b44d9979fdab5b6517565/element/f.5E866639E2C7498835F0FF88C67C8471.d.19D38C0ED3D86D1CEF43E03D910C671D.e.3211/click - {}
RESULT: {}
COMMAND: GET /session/cda6b29e510b44d9979fdab5b6517565/screenshot - {}
RESULT: {}
COMMAND: POST /session/cda6b29e510b44d9979fdab5b6517565/element - {"using":"xpath","value":"//input[@id=\"application-manageresources-display-component---newResourceUnit--idRuTSAdmin-application-manageresources-display-component---newResourceUnit--RUTimeSegment-0-inner\"]"}
RESULT: {"using":"xpath","value":"//input[@id=\"application-manageresources-display-component---newResourceUnit--idRuTSAdmin-application-manageresources-display-component---newResourceUnit--RUTimeSegment-0-inner\"]"}
COMMAND: POST /session/cda6b29e510b44d9979fdab5b6517565/element/f.5E866639E2C7498835F0FF88C67C8471.d.19D38C0ED3D86D1CEF43E03D910C671D.e.3217/clear - {}
RESULT: {}
COMMAND: POST /session/cda6b29e510b44d9979fdab5b6517565/element/f.5E866639E2C7498835F0FF88C67C8471.d.19D38C0ED3D86D1CEF43E03D910C671D.e.3217/value - {"text":"503"}
COMMAND: GET /session/cda6b29e510b44d9979fdab5b6517565/screenshot - {}
RESULT: {"text":"503"}
COMMAND: GET /session/cda6b29e510b44d9979fdab5b6517565/screenshot - {}
RESULT: {}
RESULT: {}
COMMAND: POST /session/cda6b29e510b44d9979fdab5b6517565/element - {"using":"xpath","value":"//li[.//span[text()='503']]"}
RESULT: {"using":"xpath","value":"//li[.//span[text()='503']]"}
COMMAND: POST /session/cda6b29e510b44d9979fdab5b6517565/element/f.5E866639E2C7498835F0FF88C67C8471.d.19D38C0ED3D86D1CEF43E03D910C671D.e.3229/click - {}
RESULT: {}
COMMAND: GET /session/cda6b29e510b44d9979fdab5b6517565/screenshot - {}
RESULT: {}
COMMAND: POST /session/cda6b29e510b44d9979fdab5b6517565/element - {"using":"xpath","value":"(//span[contains(@id, \"-application-manageresources-display-component---newResourceUnit--RUTimeSegment-0-arrow\")])[6]"}
RESULT: {"using":"xpath","value":"(//span[contains(@id, \"-application-manageresources-display-component---newResourceUnit--RUTimeSegment-0-arrow\")])[6]"}
COMMAND: POST /session/cda6b29e510b44d9979fdab5b6517565/element/f.5E866639E2C7498835F0FF88C67C8471.d.19D38C0ED3D86D1CEF43E03D910C671D.e.3230/click - {}
RESULT: {}
COMMAND: GET /session/cda6b29e510b44d9979fdab5b6517565/screenshot - {}
RESULT: {}
COMMAND: POST /session/cda6b29e510b44d9979fdab5b6517565/element - {"using":"xpath","value":"//span[contains(text(), \"PM Order\")]"}
RESULT: {"using":"xpath","value":"//span[contains(text(), \"PM Order\")]"}
COMMAND: POST /session/cda6b29e510b44d9979fdab5b6517565/element/f.5E866639E2C7498835F0FF88C67C8471.d.19D38C0ED3D86D1CEF43E03D910C671D.e.3233/click - {}
RESULT: {}
COMMAND: GET /session/cda6b29e510b44d9979fdab5b6517565/screenshot - {}
RESULT: {}
COMMAND: POST /session/cda6b29e510b44d9979fdab5b6517565/element - {"using":"xpath","value":"(//span[contains(@id ,\"manageresources-display-component---newResourceUnit--RUTimeSegment-0-vhi\")])[1]"}
RESULT: {"using":"xpath","value":"(//span[contains(@id ,\"manageresources-display-component---newResourceUnit--RUTimeSegment-0-vhi\")])[1]"}
COMMAND: GET /session/cda6b29e510b44d9979fdab5b6517565/element/f.5E866639E2C7498835F0FF88C67C8471.d.19D38C0ED3D86D1CEF43E03D910C671D.e.3237/rect - {}
RESULT: {}
COMMAND: GET /session/cda6b29e510b44d9979fdab5b6517565/window/rect - {}
RESULT: {}
COMMAND: POST /session/cda6b29e510b44d9979fdab5b6517565/execute/sync - {"script":"<script> [92 bytes]","args":[]}
RESULT: {"script":"<script> [92 bytes]","args":[]}
COMMAND: POST /session/cda6b29e510b44d9979fdab5b6517565/actions - {"actions":[{"id":"action11","type":"wheel","parameters":{},"actions":[{"type":"scroll","x":-869,"y":-24,"deltaX":0,"deltaY":0,"duration":0,"origin":{"element-6066-11e4-a52e-4f735466cecf":"f.5E866639E2C7498835F0FF88C67C8471.d.19D38C0ED3D86D1CEF43E03D910C671D.e.3237"}}]}]}
COMMAND: GET /session/cda6b29e510b44d9979fdab5b6517565/screenshot - {}
RESULT: {"actions":[{"id":"action11","type":"wheel","parameters":{},"actions":[{"type":"scroll","x":-869,"y":-24,"deltaX":0,"deltaY":0,"duration":0,"origin":{"element-6066-11e4-a52e-4f735466cecf":"f.5E866639E2C7498835F0FF88C67C8471.d.19D38C0ED3D86D1CEF43E03D910C671D.e.3237"}}]}]}
COMMAND: DELETE /session/cda6b29e510b44d9979fdab5b6517565/actions - {}
COMMAND: GET /session/cda6b29e510b44d9979fdab5b6517565/screenshot - {}
RESULT: {}
RESULT: {}
COMMAND: GET /session/cda6b29e510b44d9979fdab5b6517565/screenshot - {}
RESULT: {}
RESULT: {}
COMMAND: POST /session/cda6b29e510b44d9979fdab5b6517565/element/f.5E866639E2C7498835F0FF88C67C8471.d.19D38C0ED3D86D1CEF43E03D910C671D.e.3237/click - {}
RESULT: {}
COMMAND: GET /session/cda6b29e510b44d9979fdab5b6517565/screenshot - {}
RESULT: {}
COMMAND: POST /session/cda6b29e510b44d9979fdab5b6517565/execute/async - {"script":"<script> [1562 bytes]","args":[{"selector":{"controlType":"sap.m.SearchField","properties":{"placeholder":"Search"},"searchOpenDialogs":true,"interaction":{"idSuffix":"I"}},"wdio_ui5_key":"sapm.SearchField{\"placeholder\":\"Search\"}"}]}
RESULT: {"script":"<script> [1562 bytes]","args":[{"selector":{"controlType":"sap.m.SearchField","properties":{"placeholder":"Search"},"searchOpenDialogs":true,"interaction":{"idSuffix":"I"}},"wdio_ui5_key":"sapm.SearchField{\"placeholder\":\"Search\"}"}]}
RESULT: undefined
COMMAND: POST /session/cda6b29e510b44d9979fdab5b6517565/execute/async - {"script":"<script> [776 bytes]","args":[{"enterText":"4000360","selector":{"controlType":"sap.m.SearchField","properties":{"placeholder":"Search"},"searchOpenDialogs":true,"interaction":{"idSuffix":"I"}},"clearTextFirst":true,"interactionType":"ENTER_TEXT"}]}
RESULT: {"script":"<script> [776 bytes]","args":[{"enterText":"4000360","selector":{"controlType":"sap.m.SearchField","properties":{"placeholder":"Search"},"searchOpenDialogs":true,"interaction":{"idSuffix":"I"}},"clearTextFirst":true,"interactionType":"ENTER_TEXT"}]}
COMMAND: POST /session/cda6b29e510b44d9979fdab5b6517565/actions - {"actions":[{"id":"action12","type":"key","parameters":{},"actions":[{"type":"keyDown","value":"î€‡"},{"type":"pause","duration":10},{"type":"keyUp","value":"î€‡"}]}]}
RESULT: {"actions":[{"id":"action12","type":"key","parameters":{},"actions":[{"type":"keyDown","value":"î€‡"},{"type":"pause","duration":10},{"type":"keyUp","value":"î€‡"}]}]}
COMMAND: GET /session/cda6b29e510b44d9979fdab5b6517565/screenshot - {}
RESULT: {}
COMMAND: POST /session/cda6b29e510b44d9979fdab5b6517565/element - {"using":"xpath","value":"//td/div/span[contains(text(), \"BGL Vehicles\")]"}
RESULT: {"using":"xpath","value":"//td/div/span[contains(text(), \"BGL Vehicles\")]"}
COMMAND: POST /session/cda6b29e510b44d9979fdab5b6517565/element/f.5E866639E2C7498835F0FF88C67C8471.d.19D38C0ED3D86D1CEF43E03D910C671D.e.3259/click - {}
RESULT: {}
COMMAND: GET /session/cda6b29e510b44d9979fdab5b6517565/screenshot - {}
RESULT: {}
COMMAND: POST /session/cda6b29e510b44d9979fdab5b6517565/element - {"using":"xpath","value":"//bdi[contains(text(), \"OK\")]"}
RESULT: {"using":"xpath","value":"//bdi[contains(text(), \"OK\")]"}
COMMAND: POST /session/cda6b29e510b44d9979fdab5b6517565/element/f.5E866639E2C7498835F0FF88C67C8471.d.19D38C0ED3D86D1CEF43E03D910C671D.e.3260/click - {}
RESULT: {}
COMMAND: GET /session/cda6b29e510b44d9979fdab5b6517565/screenshot - {}
RESULT: {}
COMMAND: POST /session/cda6b29e510b44d9979fdab5b6517565/execute/async - {"script":"<script> [1562 bytes]","args":[{"selector":{"id":"application-manageresources-display-component---newResourceUnit--newRRUPage-anchBar-application-manageresources-display-component---newResourceUnit--resource-anchor","interaction":{"idSuffix":"BDI-content"}},"wdio_ui5_key":"applicationmanageresources-display-component---newResourceUnit--newRRUPage-anchBar-application-manageresources-display-component---newResourceUnit--resource-anchor"}]}
RESULT: {"script":"<script> [1562 bytes]","args":[{"selector":{"id":"application-manageresources-display-component---newResourceUnit--newRRUPage-anchBar-application-manageresources-display-component---newResourceUnit--resource-anchor","interaction":{"idSuffix":"BDI-content"}},"wdio_ui5_key":"applicationmanageresources-display-component---newResourceUnit--newRRUPage-anchBar-application-manageresources-display-component---newResourceUnit--resource-anchor"}]}
RESULT: undefined
COMMAND: POST /session/cda6b29e510b44d9979fdab5b6517565/element - {"using":"xpath","value":"//*[@id=\"application-manageresources-display-component---newResourceUnit--newRRUPage-anchBar-application-manageresources-display-component---newResourceUnit--resource-anchor\"]"}
RESULT: {"using":"xpath","value":"//*[@id=\"application-manageresources-display-component---newResourceUnit--newRRUPage-anchBar-application-manageresources-display-component---newResourceUnit--resource-anchor\"]"}
COMMAND: POST /session/cda6b29e510b44d9979fdab5b6517565/element/f.5E866639E2C7498835F0FF88C67C8471.d.19D38C0ED3D86D1CEF43E03D910C671D.e.3264/click - {}
RESULT: {}
COMMAND: POST /session/cda6b29e510b44d9979fdab5b6517565/execute/async - {"script":"<script> [1562 bytes]","args":[{"selector":{"id":"application-manageresources-display-component---newResourceUnit--PLANNED_DELIVERY_DATE","interaction":{"idSuffix":"inner"}},"wdio_ui5_key":"applicationmanageresources-display-component---newResourceUnit--PLANNED_DELIVERY_DATE"}]}
COMMAND: GET /session/cda6b29e510b44d9979fdab5b6517565/screenshot - {}
RESULT: {"script":"<script> [1562 bytes]","args":[{"selector":{"id":"application-manageresources-display-component---newResourceUnit--PLANNED_DELIVERY_DATE","interaction":{"idSuffix":"inner"}},"wdio_ui5_key":"applicationmanageresources-display-component---newResourceUnit--PLANNED_DELIVERY_DATE"}]}
RESULT: undefined
COMMAND: POST /session/cda6b29e510b44d9979fdab5b6517565/execute/async - {"script":"<script> [6424 bytes]","args":[{"element-6066-11e4-a52e-4f735466cecf":"f.5E866639E2C7498835F0FF88C67C8471.d.19D38C0ED3D86D1CEF43E03D910C671D.e.3125"},"setValue",["5/17/25"]]}
RESULT: {}
RESULT: {"script":"<script> [6424 bytes]","args":[{"element-6066-11e4-a52e-4f735466cecf":"f.5E866639E2C7498835F0FF88C67C8471.d.19D38C0ED3D86D1CEF43E03D910C671D.e.3125"},"setValue",["5/17/25"]]}
COMMAND: POST /session/cda6b29e510b44d9979fdab5b6517565/element - {"using":"xpath","value":"//label[contains(@class, 'sapMLabelRequired') and .//bdi[contains(text(), 'Planned Retirement')]]"}
RESULT: {"using":"xpath","value":"//label[contains(@class, 'sapMLabelRequired') and .//bdi[contains(text(), 'Planned Retirement')]]"}
COMMAND: POST /session/cda6b29e510b44d9979fdab5b6517565/elements - {"using":"xpath","value":"//label[contains(@class, 'sapMLabelRequired') and .//bdi[contains(text(), 'Planned Retirement')]]"}
RESULT: {"using":"xpath","value":"//label[contains(@class, 'sapMLabelRequired') and .//bdi[contains(text(), 'Planned Retirement')]]"}
COMMAND: POST /session/cda6b29e510b44d9979fdab5b6517565/element - {"using":"xpath","value":"//button[@data-kt=\"resourceUnitSaveButton\"]"}
RESULT: {"using":"xpath","value":"//button[@data-kt=\"resourceUnitSaveButton\"]"}
COMMAND: POST /session/cda6b29e510b44d9979fdab5b6517565/element/f.5E866639E2C7498835F0FF88C67C8471.d.19D38C0ED3D86D1CEF43E03D910C671D.e.3085/click - {}
RESULT: {}
COMMAND: GET /session/cda6b29e510b44d9979fdab5b6517565/screenshot - {}
RESULT: {}
COMMAND: POST /session/cda6b29e510b44d9979fdab5b6517565/element - {"using":"xpath","value":"//bdi[contains(text(), \"Close\")]"}
RESULT: {"using":"xpath","value":"//bdi[contains(text(), \"Close\")]"}
COMMAND: POST /session/cda6b29e510b44d9979fdab5b6517565/element/f.5E866639E2C7498835F0FF88C67C8471.d.19D38C0ED3D86D1CEF43E03D910C671D.e.3273/click - {}
RESULT: {}
COMMAND: GET /session/cda6b29e510b44d9979fdab5b6517565/screenshot - {}
RESULT: {}
COMMAND: POST /session/cda6b29e510b44d9979fdab5b6517565/element - {"using":"xpath","value":"(//button[contains(@id ,\"actionsToolbar-overflowButton\")])[1]"}
RESULT: {"using":"xpath","value":"(//button[contains(@id ,\"actionsToolbar-overflowButton\")])[1]"}
COMMAND: POST /session/cda6b29e510b44d9979fdab5b6517565/element/f.5E866639E2C7498835F0FF88C67C8471.d.19D38C0ED3D86D1CEF43E03D910C671D.e.3327/click - {}
RESULT: {}
COMMAND: GET /session/cda6b29e510b44d9979fdab5b6517565/screenshot - {}
RESULT: {}
COMMAND: POST /session/cda6b29e510b44d9979fdab5b6517565/element - {"using":"xpath","value":"//button[@data-kt=\"priceInfoButton\"]"}
RESULT: {"using":"xpath","value":"//button[@data-kt=\"priceInfoButton\"]"}
COMMAND: POST /session/cda6b29e510b44d9979fdab5b6517565/element/f.5E866639E2C7498835F0FF88C67C8471.d.19D38C0ED3D86D1CEF43E03D910C671D.e.3329/click - {}
RESULT: {}
COMMAND: GET /session/cda6b29e510b44d9979fdab5b6517565/screenshot - {}
RESULT: {}
]]></system-out>
    </testcase>
    <testcase classname="chrome.136_0_7103_93.windows.Billing_Transfer_-_Master_data_&amp;_Intercompany_US127250" name="Should create new pricing rule TB on the equipment TB" time="60.696">
      <system-out><![CDATA[
COMMAND: POST /session/cda6b29e510b44d9979fdab5b6517565/element - {"using":"xpath","value":"//button[@data-kt=\"addButton\"]"}
RESULT: {"using":"xpath","value":"//button[@data-kt=\"addButton\"]"}
COMMAND: POST /session/cda6b29e510b44d9979fdab5b6517565/elements - {"using":"xpath","value":"//button[@data-kt=\"addButton\"]"}
RESULT: {"using":"xpath","value":"//button[@data-kt=\"addButton\"]"}
COMMAND: POST /session/cda6b29e510b44d9979fdab5b6517565/elements - {"using":"xpath","value":"//button[@data-kt=\"addButton\"]"}
RESULT: {"using":"xpath","value":"//button[@data-kt=\"addButton\"]"}
COMMAND: POST /session/cda6b29e510b44d9979fdab5b6517565/elements - {"using":"xpath","value":"//button[@data-kt=\"addButton\"]"}
RESULT: {"using":"xpath","value":"//button[@data-kt=\"addButton\"]"}
COMMAND: POST /session/cda6b29e510b44d9979fdab5b6517565/elements - {"using":"xpath","value":"//button[@data-kt=\"addButton\"]"}
RESULT: {"using":"xpath","value":"//button[@data-kt=\"addButton\"]"}
COMMAND: POST /session/cda6b29e510b44d9979fdab5b6517565/elements - {"using":"xpath","value":"//button[@data-kt=\"addButton\"]"}
RESULT: {"using":"xpath","value":"//button[@data-kt=\"addButton\"]"}
COMMAND: POST /session/cda6b29e510b44d9979fdab5b6517565/elements - {"using":"xpath","value":"//button[@data-kt=\"addButton\"]"}
RESULT: {"using":"xpath","value":"//button[@data-kt=\"addButton\"]"}
COMMAND: POST /session/cda6b29e510b44d9979fdab5b6517565/elements - {"using":"xpath","value":"//button[@data-kt=\"addButton\"]"}
RESULT: {"using":"xpath","value":"//button[@data-kt=\"addButton\"]"}
COMMAND: POST /session/cda6b29e510b44d9979fdab5b6517565/elements - {"using":"xpath","value":"//button[@data-kt=\"addButton\"]"}
RESULT: {"using":"xpath","value":"//button[@data-kt=\"addButton\"]"}
COMMAND: POST /session/cda6b29e510b44d9979fdab5b6517565/elements - {"using":"xpath","value":"//button[@data-kt=\"addButton\"]"}
RESULT: {"using":"xpath","value":"//button[@data-kt=\"addButton\"]"}
COMMAND: POST /session/cda6b29e510b44d9979fdab5b6517565/elements - {"using":"xpath","value":"//button[@data-kt=\"addButton\"]"}
RESULT: {"using":"xpath","value":"//button[@data-kt=\"addButton\"]"}
COMMAND: POST /session/cda6b29e510b44d9979fdab5b6517565/elements - {"using":"xpath","value":"//button[@data-kt=\"addButton\"]"}
RESULT: {"using":"xpath","value":"//button[@data-kt=\"addButton\"]"}
COMMAND: POST /session/cda6b29e510b44d9979fdab5b6517565/element - {"using":"xpath","value":"//button[@data-kt=\"addButton\"]"}
RESULT: {"using":"xpath","value":"//button[@data-kt=\"addButton\"]"}
COMMAND: POST /session/cda6b29e510b44d9979fdab5b6517565/execute/sync - {"script":"<script> [8489 bytes]","args":[{"element-6066-11e4-a52e-4f735466cecf":"f.5E866639E2C7498835F0FF88C67C8471.d.19D38C0ED3D86D1CEF43E03D910C671D.e.3366","ELEMENT":"f.5E866639E2C7498835F0FF88C67C8471.d.19D38C0ED3D86D1CEF43E03D910C671D.e.3366"}]}
RESULT: {"script":"<script> [8489 bytes]","args":[{"element-6066-11e4-a52e-4f735466cecf":"f.5E866639E2C7498835F0FF88C67C8471.d.19D38C0ED3D86D1CEF43E03D910C671D.e.3366","ELEMENT":"f.5E866639E2C7498835F0FF88C67C8471.d.19D38C0ED3D86D1CEF43E03D910C671D.e.3366"}]}
COMMAND: GET /session/cda6b29e510b44d9979fdab5b6517565/element/f.5E866639E2C7498835F0FF88C67C8471.d.19D38C0ED3D86D1CEF43E03D910C671D.e.3366/enabled - {}
COMMAND: GET /session/cda6b29e510b44d9979fdab5b6517565/screenshot - {}
RESULT: {}
COMMAND: POST /session/cda6b29e510b44d9979fdab5b6517565/execute/sync - {"script":"<script> [8489 bytes]","args":[{"element-6066-11e4-a52e-4f735466cecf":"f.5E866639E2C7498835F0FF88C67C8471.d.19D38C0ED3D86D1CEF43E03D910C671D.e.3366","ELEMENT":"f.5E866639E2C7498835F0FF88C67C8471.d.19D38C0ED3D86D1CEF43E03D910C671D.e.3366"}]}
COMMAND: GET /session/cda6b29e510b44d9979fdab5b6517565/screenshot - {}
RESULT: {}
RESULT: {"script":"<script> [8489 bytes]","args":[{"element-6066-11e4-a52e-4f735466cecf":"f.5E866639E2C7498835F0FF88C67C8471.d.19D38C0ED3D86D1CEF43E03D910C671D.e.3366","ELEMENT":"f.5E866639E2C7498835F0FF88C67C8471.d.19D38C0ED3D86D1CEF43E03D910C671D.e.3366"}]}
COMMAND: POST /session/cda6b29e510b44d9979fdab5b6517565/execute/sync - {"script":"<script> [5351 bytes]","args":[{"element-6066-11e4-a52e-4f735466cecf":"f.5E866639E2C7498835F0FF88C67C8471.d.19D38C0ED3D86D1CEF43E03D910C671D.e.3366","ELEMENT":"f.5E866639E2C7498835F0FF88C67C8471.d.19D38C0ED3D86D1CEF43E03D910C671D.e.3366"}]}
COMMAND: GET /session/cda6b29e510b44d9979fdab5b6517565/screenshot - {}
RESULT: {}
RESULT: {"script":"<script> [5351 bytes]","args":[{"element-6066-11e4-a52e-4f735466cecf":"f.5E866639E2C7498835F0FF88C67C8471.d.19D38C0ED3D86D1CEF43E03D910C671D.e.3366","ELEMENT":"f.5E866639E2C7498835F0FF88C67C8471.d.19D38C0ED3D86D1CEF43E03D910C671D.e.3366"}]}
COMMAND: POST /session/cda6b29e510b44d9979fdab5b6517565/element/f.5E866639E2C7498835F0FF88C67C8471.d.19D38C0ED3D86D1CEF43E03D910C671D.e.3366/click - {}
COMMAND: GET /session/cda6b29e510b44d9979fdab5b6517565/screenshot - {}
RESULT: {}
RESULT: {}
COMMAND: GET /session/cda6b29e510b44d9979fdab5b6517565/screenshot - {}
RESULT: {}
RESULT: {}
COMMAND: POST /session/cda6b29e510b44d9979fdab5b6517565/execute/async - {"script":"<script> [1562 bytes]","args":[{"selector":{"controlType":"sap.m.Title","viewName":"etm.portal.ui.managepricingrules.view.NewItem","viewId":"application-managepricingrules-display-component---newInfoPriceItem","properties":{"text":"New Pricing Rules - Item Level"}},"wdio_ui5_key":"etmportal.ui.managepricingrules.view.NewItemsap.m.Title{\"text\":\"New Pricing Rules - Item Level\"}"}]}
RESULT: {"script":"<script> [1562 bytes]","args":[{"selector":{"controlType":"sap.m.Title","viewName":"etm.portal.ui.managepricingrules.view.NewItem","viewId":"application-managepricingrules-display-component---newInfoPriceItem","properties":{"text":"New Pricing Rules - Item Level"}},"wdio_ui5_key":"etmportal.ui.managepricingrules.view.NewItemsap.m.Title{\"text\":\"New Pricing Rules - Item Level\"}"}]}
RESULT: undefined
COMMAND: POST /session/cda6b29e510b44d9979fdab5b6517565/execute/async - {"script":"<script> [6424 bytes]","args":[{"element-6066-11e4-a52e-4f735466cecf":"f.5E866639E2C7498835F0FF88C67C8471.d.19D38C0ED3D86D1CEF43E03D910C671D.e.3545"},"getText",[]]}
RESULT: {"script":"<script> [6424 bytes]","args":[{"element-6066-11e4-a52e-4f735466cecf":"f.5E866639E2C7498835F0FF88C67C8471.d.19D38C0ED3D86D1CEF43E03D910C671D.e.3545"},"getText",[]]}
COMMAND: POST /session/cda6b29e510b44d9979fdab5b6517565/execute/async - {"script":"<script> [1562 bytes]","args":[{"selector":{"id":"application-managepricingrules-display-component---newInfoPriceItem--condValidTo","interaction":{"idSuffix":"inner"}},"wdio_ui5_key":"applicationmanagepricingrules-display-component---newInfoPriceItem--condValidTo"}]}
RESULT: {"script":"<script> [1562 bytes]","args":[{"selector":{"id":"application-managepricingrules-display-component---newInfoPriceItem--condValidTo","interaction":{"idSuffix":"inner"}},"wdio_ui5_key":"applicationmanagepricingrules-display-component---newInfoPriceItem--condValidTo"}]}
RESULT: undefined
COMMAND: POST /session/cda6b29e510b44d9979fdab5b6517565/execute/async - {"script":"<script> [776 bytes]","args":[{"enterText":"1/17/26","selector":{"id":"application-managepricingrules-display-component---newInfoPriceItem--condValidTo","interaction":{"idSuffix":"inner"}},"clearTextFirst":true,"interactionType":"ENTER_TEXT"}]}
RESULT: {"script":"<script> [776 bytes]","args":[{"enterText":"1/17/26","selector":{"id":"application-managepricingrules-display-component---newInfoPriceItem--condValidTo","interaction":{"idSuffix":"inner"}},"clearTextFirst":true,"interactionType":"ENTER_TEXT"}]}
COMMAND: POST /session/cda6b29e510b44d9979fdab5b6517565/execute/async - {"script":"<script> [1562 bytes]","args":[{"selector":{"id":"application-managepricingrules-display-component---newInfoPriceItem--billType-arrow"},"wdio_ui5_key":"applicationmanagepricingrules-display-component---newInfoPriceItem--billType-arrow"}]}
RESULT: {"script":"<script> [1562 bytes]","args":[{"selector":{"id":"application-managepricingrules-display-component---newInfoPriceItem--billType-arrow"},"wdio_ui5_key":"applicationmanagepricingrules-display-component---newInfoPriceItem--billType-arrow"}]}
RESULT: undefined
COMMAND: POST /session/cda6b29e510b44d9979fdab5b6517565/element - {"using":"xpath","value":"//*[@id=\"application-managepricingrules-display-component---newInfoPriceItem--billType-arrow\"]"}
RESULT: {"using":"xpath","value":"//*[@id=\"application-managepricingrules-display-component---newInfoPriceItem--billType-arrow\"]"}
COMMAND: POST /session/cda6b29e510b44d9979fdab5b6517565/element/f.5E866639E2C7498835F0FF88C67C8471.d.19D38C0ED3D86D1CEF43E03D910C671D.e.3505/click - {}
RESULT: {}
COMMAND: POST /session/cda6b29e510b44d9979fdab5b6517565/element - {"using":"xpath","value":"//span[contains(text(), \"TB - Time based\")]"}
COMMAND: GET /session/cda6b29e510b44d9979fdab5b6517565/screenshot - {}
RESULT: {"using":"xpath","value":"//span[contains(text(), \"TB - Time based\")]"}
COMMAND: POST /session/cda6b29e510b44d9979fdab5b6517565/element/f.5E866639E2C7498835F0FF88C67C8471.d.19D38C0ED3D86D1CEF43E03D910C671D.e.3547/click - {}
RESULT: {}
RESULT: {}
COMMAND: POST /session/cda6b29e510b44d9979fdab5b6517565/execute/async - {"script":"<script> [1562 bytes]","args":[{"selector":{"id":"application-managepricingrules-display-component---newInfoPriceItem--priceProc-arrow"},"wdio_ui5_key":"applicationmanagepricingrules-display-component---newInfoPriceItem--priceProc-arrow"}]}
COMMAND: GET /session/cda6b29e510b44d9979fdab5b6517565/screenshot - {}
RESULT: {"script":"<script> [1562 bytes]","args":[{"selector":{"id":"application-managepricingrules-display-component---newInfoPriceItem--priceProc-arrow"},"wdio_ui5_key":"applicationmanagepricingrules-display-component---newInfoPriceItem--priceProc-arrow"}]}
RESULT: undefined
COMMAND: POST /session/cda6b29e510b44d9979fdab5b6517565/element - {"using":"xpath","value":"//*[@id=\"application-managepricingrules-display-component---newInfoPriceItem--priceProc-arrow\"]"}
RESULT: {}
RESULT: {"using":"xpath","value":"//*[@id=\"application-managepricingrules-display-component---newInfoPriceItem--priceProc-arrow\"]"}
COMMAND: POST /session/cda6b29e510b44d9979fdab5b6517565/element/f.5E866639E2C7498835F0FF88C67C8471.d.19D38C0ED3D86D1CEF43E03D910C671D.e.3512/click - {}
RESULT: {}
COMMAND: POST /session/cda6b29e510b44d9979fdab5b6517565/element - {"using":"xpath","value":"//span[contains(text(), \"TBS - Time based standard\")]"}
COMMAND: GET /session/cda6b29e510b44d9979fdab5b6517565/screenshot - {}
RESULT: {"using":"xpath","value":"//span[contains(text(), \"TBS - Time based standard\")]"}
COMMAND: POST /session/cda6b29e510b44d9979fdab5b6517565/element/f.5E866639E2C7498835F0FF88C67C8471.d.19D38C0ED3D86D1CEF43E03D910C671D.e.3548/click - {}
RESULT: {}
RESULT: {}
COMMAND: POST /session/cda6b29e510b44d9979fdab5b6517565/execute/async - {"script":"<script> [1562 bytes]","args":[{"selector":{"id":"application-managepricingrules-display-component---newInfoPriceItem--calcBase-arrow"},"wdio_ui5_key":"applicationmanagepricingrules-display-component---newInfoPriceItem--calcBase-arrow"}]}
COMMAND: GET /session/cda6b29e510b44d9979fdab5b6517565/screenshot - {}
RESULT: {"script":"<script> [1562 bytes]","args":[{"selector":{"id":"application-managepricingrules-display-component---newInfoPriceItem--calcBase-arrow"},"wdio_ui5_key":"applicationmanagepricingrules-display-component---newInfoPriceItem--calcBase-arrow"}]}
RESULT: undefined
COMMAND: POST /session/cda6b29e510b44d9979fdab5b6517565/element - {"using":"xpath","value":"//*[@id=\"application-managepricingrules-display-component---newInfoPriceItem--calcBase-arrow\"]"}
RESULT: {}
RESULT: {"using":"xpath","value":"//*[@id=\"application-managepricingrules-display-component---newInfoPriceItem--calcBase-arrow\"]"}
COMMAND: POST /session/cda6b29e510b44d9979fdab5b6517565/element/f.5E866639E2C7498835F0FF88C67C8471.d.19D38C0ED3D86D1CEF43E03D910C671D.e.3519/click - {}
RESULT: {}
COMMAND: GET /session/cda6b29e510b44d9979fdab5b6517565/screenshot - {}
RESULT: {}
COMMAND: POST /session/cda6b29e510b44d9979fdab5b6517565/element - {"using":"xpath","value":"//span[contains(text(), \"0006 - TB(calendar days)\")]"}
RESULT: {"using":"xpath","value":"//span[contains(text(), \"0006 - TB(calendar days)\")]"}
COMMAND: POST /session/cda6b29e510b44d9979fdab5b6517565/element/f.5E866639E2C7498835F0FF88C67C8471.d.19D38C0ED3D86D1CEF43E03D910C671D.e.3549/click - {}
RESULT: {}
COMMAND: GET /session/cda6b29e510b44d9979fdab5b6517565/screenshot - {}
RESULT: {}
COMMAND: POST /session/cda6b29e510b44d9979fdab5b6517565/execute/async - {"script":"<script> [1562 bytes]","args":[{"selector":{"id":"application-managepricingrules-display-component---newInfoPriceItem--daysMonth","interaction":{"idSuffix":"inner"}},"wdio_ui5_key":"applicationmanagepricingrules-display-component---newInfoPriceItem--daysMonth"}]}
RESULT: {"script":"<script> [1562 bytes]","args":[{"selector":{"id":"application-managepricingrules-display-component---newInfoPriceItem--daysMonth","interaction":{"idSuffix":"inner"}},"wdio_ui5_key":"applicationmanagepricingrules-display-component---newInfoPriceItem--daysMonth"}]}
RESULT: undefined
COMMAND: POST /session/cda6b29e510b44d9979fdab5b6517565/execute/async - {"script":"<script> [776 bytes]","args":[{"enterText":"30","selector":{"id":"application-managepricingrules-display-component---newInfoPriceItem--daysMonth","interaction":{"idSuffix":"inner"}},"clearTextFirst":true,"interactionType":"ENTER_TEXT"}]}
RESULT: {"script":"<script> [776 bytes]","args":[{"enterText":"30","selector":{"id":"application-managepricingrules-display-component---newInfoPriceItem--daysMonth","interaction":{"idSuffix":"inner"}},"clearTextFirst":true,"interactionType":"ENTER_TEXT"}]}
COMMAND: POST /session/cda6b29e510b44d9979fdab5b6517565/element - {"using":"xpath","value":"//button[@data-kt=\"saveNewRuleButton\"]"}
RESULT: {"using":"xpath","value":"//button[@data-kt=\"saveNewRuleButton\"]"}
COMMAND: POST /session/cda6b29e510b44d9979fdab5b6517565/element/f.5E866639E2C7498835F0FF88C67C8471.d.19D38C0ED3D86D1CEF43E03D910C671D.e.3539/click - {}
RESULT: {}
COMMAND: GET /session/cda6b29e510b44d9979fdab5b6517565/screenshot - {}
RESULT: {}
COMMAND: POST /session/cda6b29e510b44d9979fdab5b6517565/execute/async - {"script":"<script> [1562 bytes]","args":[{"selector":{"id":"application-managepricingrules-display-component---priceInfoItem--smartFilterBar-btnBasicSearch","interaction":{"idSuffix":"I"}},"wdio_ui5_key":"applicationmanagepricingrules-display-component---priceInfoItem--smartFilterBar-btnBasicSearch"}]}
RESULT: {"script":"<script> [1562 bytes]","args":[{"selector":{"id":"application-managepricingrules-display-component---priceInfoItem--smartFilterBar-btnBasicSearch","interaction":{"idSuffix":"I"}},"wdio_ui5_key":"applicationmanagepricingrules-display-component---priceInfoItem--smartFilterBar-btnBasicSearch"}]}
RESULT: undefined
COMMAND: POST /session/cda6b29e510b44d9979fdab5b6517565/execute/async - {"script":"<script> [776 bytes]","args":[{"enterText":"dYHSe6slQK","selector":{"id":"application-managepricingrules-display-component---priceInfoItem--smartFilterBar-btnBasicSearch","interaction":{"idSuffix":"I"}},"clearTextFirst":true,"interactionType":"ENTER_TEXT"}]}
RESULT: {"script":"<script> [776 bytes]","args":[{"enterText":"dYHSe6slQK","selector":{"id":"application-managepricingrules-display-component---priceInfoItem--smartFilterBar-btnBasicSearch","interaction":{"idSuffix":"I"}},"clearTextFirst":true,"interactionType":"ENTER_TEXT"}]}
COMMAND: POST /session/cda6b29e510b44d9979fdab5b6517565/actions - {"actions":[{"id":"action13","type":"key","parameters":{},"actions":[{"type":"keyDown","value":"î€‡"},{"type":"pause","duration":10},{"type":"keyUp","value":"î€‡"}]}]}
RESULT: {"actions":[{"id":"action13","type":"key","parameters":{},"actions":[{"type":"keyDown","value":"î€‡"},{"type":"pause","duration":10},{"type":"keyUp","value":"î€‡"}]}]}
COMMAND: GET /session/cda6b29e510b44d9979fdab5b6517565/screenshot - {}
RESULT: {}
COMMAND: POST /session/cda6b29e510b44d9979fdab5b6517565/element - {"using":"xpath","value":"//span[@id=\"application-managepricingrules-display-component---priceInfoItem--smartTable-header-inner\"]"}
RESULT: {"using":"xpath","value":"//span[@id=\"application-managepricingrules-display-component---priceInfoItem--smartTable-header-inner\"]"}
COMMAND: POST /session/cda6b29e510b44d9979fdab5b6517565/elements - {"using":"xpath","value":"//span[@id=\"application-managepricingrules-display-component---priceInfoItem--smartTable-header-inner\"]"}
RESULT: {"using":"xpath","value":"//span[@id=\"application-managepricingrules-display-component---priceInfoItem--smartTable-header-inner\"]"}
COMMAND: POST /session/cda6b29e510b44d9979fdab5b6517565/execute/sync - {"script":"<script> [56 bytes]","args":[{"element-6066-11e4-a52e-4f735466cecf":"f.5E866639E2C7498835F0FF88C67C8471.d.19D38C0ED3D86D1CEF43E03D910C671D.e.3574","ELEMENT":"f.5E866639E2C7498835F0FF88C67C8471.d.19D38C0ED3D86D1CEF43E03D910C671D.e.3574"}]}
RESULT: {"script":"<script> [56 bytes]","args":[{"element-6066-11e4-a52e-4f735466cecf":"f.5E866639E2C7498835F0FF88C67C8471.d.19D38C0ED3D86D1CEF43E03D910C671D.e.3574","ELEMENT":"f.5E866639E2C7498835F0FF88C67C8471.d.19D38C0ED3D86D1CEF43E03D910C671D.e.3574"}]}
COMMAND: POST /session/cda6b29e510b44d9979fdab5b6517565/element - {"using":"css selector","value":"#shell-header-logo"}
COMMAND: GET /session/cda6b29e510b44d9979fdab5b6517565/screenshot - {}
RESULT: {"using":"css selector","value":"#shell-header-logo"}
COMMAND: POST /session/cda6b29e510b44d9979fdab5b6517565/element/f.5E866639E2C7498835F0FF88C67C8471.d.19D38C0ED3D86D1CEF43E03D910C671D.e.2677/click - {}
RESULT: {}
RESULT: {}
COMMAND: GET /session/cda6b29e510b44d9979fdab5b6517565/screenshot - {}
RESULT: {}
]]></system-out>
    </testcase>
    <testcase classname="chrome.136_0_7103_93.windows.Billing_Transfer_-_Master_data_&amp;_Intercompany_US127250" name="Should create new condition for equipment TB" time="67.057">
      <system-out><![CDATA[
COMMAND: POST /session/cda6b29e510b44d9979fdab5b6517565/execute/async - {"script":"<script> [1562 bytes]","args":[{"selector":{"controlType":"sap.m.GenericTile","properties":{"header":"Manage Conditions & Prices"}},"wdio_ui5_key":"sapm.GenericTile{\"header\":\"Manage Conditions & Prices\"}"}]}
RESULT: {"script":"<script> [1562 bytes]","args":[{"selector":{"controlType":"sap.m.GenericTile","properties":{"header":"Manage Conditions & Prices"}},"wdio_ui5_key":"sapm.GenericTile{\"header\":\"Manage Conditions & Prices\"}"}]}
RESULT: undefined
COMMAND: POST /session/cda6b29e510b44d9979fdab5b6517565/element - {"using":"xpath","value":"//*[@id=\"__tile93\"]"}
RESULT: {"using":"xpath","value":"//*[@id=\"__tile93\"]"}
COMMAND: POST /session/cda6b29e510b44d9979fdab5b6517565/element/f.5E866639E2C7498835F0FF88C67C8471.d.19D38C0ED3D86D1CEF43E03D910C671D.e.2661/click - {}
RESULT: {}
COMMAND: GET /session/cda6b29e510b44d9979fdab5b6517565/screenshot - {}
RESULT: {}
COMMAND: POST /session/cda6b29e510b44d9979fdab5b6517565/elements - {"using":"xpath","value":"//span[text()='Error']"}
RESULT: {"using":"xpath","value":"//span[text()='Error']"}
COMMAND: POST /session/cda6b29e510b44d9979fdab5b6517565/element - {"using":"xpath","value":"//button[@aria-label=\"Create\"]"}
RESULT: {"using":"xpath","value":"//button[@aria-label=\"Create\"]"}
COMMAND: POST /session/cda6b29e510b44d9979fdab5b6517565/elements - {"using":"xpath","value":"//button[@aria-label=\"Create\"]"}
RESULT: {"using":"xpath","value":"//button[@aria-label=\"Create\"]"}
COMMAND: POST /session/cda6b29e510b44d9979fdab5b6517565/execute/sync - {"script":"<script> [8489 bytes]","args":[{"element-6066-11e4-a52e-4f735466cecf":"f.5E866639E2C7498835F0FF88C67C8471.d.19D38C0ED3D86D1CEF43E03D910C671D.e.3610","ELEMENT":"f.5E866639E2C7498835F0FF88C67C8471.d.19D38C0ED3D86D1CEF43E03D910C671D.e.3610"}]}
RESULT: {"script":"<script> [8489 bytes]","args":[{"element-6066-11e4-a52e-4f735466cecf":"f.5E866639E2C7498835F0FF88C67C8471.d.19D38C0ED3D86D1CEF43E03D910C671D.e.3610","ELEMENT":"f.5E866639E2C7498835F0FF88C67C8471.d.19D38C0ED3D86D1CEF43E03D910C671D.e.3610"}]}
COMMAND: GET /session/cda6b29e510b44d9979fdab5b6517565/element/f.5E866639E2C7498835F0FF88C67C8471.d.19D38C0ED3D86D1CEF43E03D910C671D.e.3610/enabled - {}
COMMAND: GET /session/cda6b29e510b44d9979fdab5b6517565/screenshot - {}
RESULT: {}
COMMAND: POST /session/cda6b29e510b44d9979fdab5b6517565/execute/sync - {"script":"<script> [8489 bytes]","args":[{"element-6066-11e4-a52e-4f735466cecf":"f.5E866639E2C7498835F0FF88C67C8471.d.19D38C0ED3D86D1CEF43E03D910C671D.e.3610","ELEMENT":"f.5E866639E2C7498835F0FF88C67C8471.d.19D38C0ED3D86D1CEF43E03D910C671D.e.3610"}]}
COMMAND: GET /session/cda6b29e510b44d9979fdab5b6517565/screenshot - {}
RESULT: {}
RESULT: {"script":"<script> [8489 bytes]","args":[{"element-6066-11e4-a52e-4f735466cecf":"f.5E866639E2C7498835F0FF88C67C8471.d.19D38C0ED3D86D1CEF43E03D910C671D.e.3610","ELEMENT":"f.5E866639E2C7498835F0FF88C67C8471.d.19D38C0ED3D86D1CEF43E03D910C671D.e.3610"}]}
COMMAND: POST /session/cda6b29e510b44d9979fdab5b6517565/execute/sync - {"script":"<script> [5351 bytes]","args":[{"element-6066-11e4-a52e-4f735466cecf":"f.5E866639E2C7498835F0FF88C67C8471.d.19D38C0ED3D86D1CEF43E03D910C671D.e.3610","ELEMENT":"f.5E866639E2C7498835F0FF88C67C8471.d.19D38C0ED3D86D1CEF43E03D910C671D.e.3610"}]}
COMMAND: GET /session/cda6b29e510b44d9979fdab5b6517565/screenshot - {}
RESULT: {}
RESULT: {"script":"<script> [5351 bytes]","args":[{"element-6066-11e4-a52e-4f735466cecf":"f.5E866639E2C7498835F0FF88C67C8471.d.19D38C0ED3D86D1CEF43E03D910C671D.e.3610","ELEMENT":"f.5E866639E2C7498835F0FF88C67C8471.d.19D38C0ED3D86D1CEF43E03D910C671D.e.3610"}]}
COMMAND: POST /session/cda6b29e510b44d9979fdab5b6517565/element/f.5E866639E2C7498835F0FF88C67C8471.d.19D38C0ED3D86D1CEF43E03D910C671D.e.3610/click - {}
COMMAND: GET /session/cda6b29e510b44d9979fdab5b6517565/screenshot - {}
RESULT: {}
RESULT: {}
COMMAND: GET /session/cda6b29e510b44d9979fdab5b6517565/screenshot - {}
RESULT: {}
RESULT: {}
COMMAND: POST /session/cda6b29e510b44d9979fdab5b6517565/actions - {"actions":[{"id":"action14","type":"key","parameters":{},"actions":[{"type":"keyDown","value":"î€‡"},{"type":"pause","duration":10},{"type":"keyUp","value":"î€‡"}]}]}
RESULT: {"actions":[{"id":"action14","type":"key","parameters":{},"actions":[{"type":"keyDown","value":"î€‡"},{"type":"pause","duration":10},{"type":"keyUp","value":"î€‡"}]}]}
COMMAND: GET /session/cda6b29e510b44d9979fdab5b6517565/screenshot - {}
RESULT: {}
COMMAND: POST /session/cda6b29e510b44d9979fdab5b6517565/execute/async - {"script":"<script> [1562 bytes]","args":[{"selector":{"id":"application-manageconditionprice-display-component---newCondition--condBillCond-arrow"},"wdio_ui5_key":"applicationmanageconditionprice-display-component---newCondition--condBillCond-arrow"}]}
RESULT: {"script":"<script> [1562 bytes]","args":[{"selector":{"id":"application-manageconditionprice-display-component---newCondition--condBillCond-arrow"},"wdio_ui5_key":"applicationmanageconditionprice-display-component---newCondition--condBillCond-arrow"}]}
RESULT: undefined
COMMAND: POST /session/cda6b29e510b44d9979fdab5b6517565/element - {"using":"xpath","value":"//*[@id=\"application-manageconditionprice-display-component---newCondition--condBillCond-arrow\"]"}
RESULT: {"using":"xpath","value":"//*[@id=\"application-manageconditionprice-display-component---newCondition--condBillCond-arrow\"]"}
COMMAND: POST /session/cda6b29e510b44d9979fdab5b6517565/element/f.5E866639E2C7498835F0FF88C67C8471.d.19D38C0ED3D86D1CEF43E03D910C671D.e.3787/click - {}
RESULT: {}
COMMAND: GET /session/cda6b29e510b44d9979fdab5b6517565/screenshot - {}
RESULT: {}
COMMAND: POST /session/cda6b29e510b44d9979fdab5b6517565/element - {"using":"xpath","value":"//li[.//span[contains(text(), \"DISP - D&I special price\")]]"}
RESULT: {"using":"xpath","value":"//li[.//span[contains(text(), \"DISP - D&I special price\")]]"}
COMMAND: POST /session/cda6b29e510b44d9979fdab5b6517565/element/f.5E866639E2C7498835F0FF88C67C8471.d.19D38C0ED3D86D1CEF43E03D910C671D.e.3790/click - {}
RESULT: {}
COMMAND: GET /session/cda6b29e510b44d9979fdab5b6517565/screenshot - {}
RESULT: {}
COMMAND: POST /session/cda6b29e510b44d9979fdab5b6517565/execute/async - {"script":"<script> [1562 bytes]","args":[{"selector":{"id":"application-manageconditionprice-display-component---newCondition--condValidTo","interaction":{"idSuffix":"inner"}},"wdio_ui5_key":"applicationmanageconditionprice-display-component---newCondition--condValidTo"}]}
RESULT: {"script":"<script> [1562 bytes]","args":[{"selector":{"id":"application-manageconditionprice-display-component---newCondition--condValidTo","interaction":{"idSuffix":"inner"}},"wdio_ui5_key":"applicationmanageconditionprice-display-component---newCondition--condValidTo"}]}
RESULT: undefined
COMMAND: POST /session/cda6b29e510b44d9979fdab5b6517565/execute/async - {"script":"<script> [776 bytes]","args":[{"enterText":"1/17/26","selector":{"id":"application-manageconditionprice-display-component---newCondition--condValidTo","interaction":{"idSuffix":"inner"}},"clearTextFirst":true,"interactionType":"ENTER_TEXT"}]}
RESULT: {"script":"<script> [776 bytes]","args":[{"enterText":"1/17/26","selector":{"id":"application-manageconditionprice-display-component---newCondition--condValidTo","interaction":{"idSuffix":"inner"}},"clearTextFirst":true,"interactionType":"ENTER_TEXT"}]}
COMMAND: POST /session/cda6b29e510b44d9979fdab5b6517565/element - {"using":"xpath","value":"//input[@id=\"application-manageconditionprice-display-component---newCondition--condRU-inner\"]"}
RESULT: {"using":"xpath","value":"//input[@id=\"application-manageconditionprice-display-component---newCondition--condRU-inner\"]"}
COMMAND: POST /session/cda6b29e510b44d9979fdab5b6517565/element/f.5E866639E2C7498835F0FF88C67C8471.d.19D38C0ED3D86D1CEF43E03D910C671D.e.3652/clear - {}
RESULT: {}
COMMAND: POST /session/cda6b29e510b44d9979fdab5b6517565/element/f.5E866639E2C7498835F0FF88C67C8471.d.19D38C0ED3D86D1CEF43E03D910C671D.e.3652/value - {"text":"dYHSe6slQK"}
COMMAND: GET /session/cda6b29e510b44d9979fdab5b6517565/screenshot - {}
RESULT: {"text":"dYHSe6slQK"}
COMMAND: GET /session/cda6b29e510b44d9979fdab5b6517565/screenshot - {}
RESULT: {}
RESULT: {}
COMMAND: POST /session/cda6b29e510b44d9979fdab5b6517565/actions - {"actions":[{"id":"action15","type":"key","parameters":{},"actions":[{"type":"keyDown","value":"î€‡"},{"type":"pause","duration":10},{"type":"keyUp","value":"î€‡"}]}]}
RESULT: {"actions":[{"id":"action15","type":"key","parameters":{},"actions":[{"type":"keyDown","value":"î€‡"},{"type":"pause","duration":10},{"type":"keyUp","value":"î€‡"}]}]}
COMMAND: POST /session/cda6b29e510b44d9979fdab5b6517565/execute/async - {"script":"<script> [1562 bytes]","args":[{"selector":{"id":"application-manageconditionprice-display-component---newCondition--condBaseQty","interaction":{"idSuffix":"inner"}},"wdio_ui5_key":"applicationmanageconditionprice-display-component---newCondition--condBaseQty"}]}
COMMAND: GET /session/cda6b29e510b44d9979fdab5b6517565/screenshot - {}
RESULT: {"script":"<script> [1562 bytes]","args":[{"selector":{"id":"application-manageconditionprice-display-component---newCondition--condBaseQty","interaction":{"idSuffix":"inner"}},"wdio_ui5_key":"applicationmanageconditionprice-display-component---newCondition--condBaseQty"}]}
RESULT: undefined
COMMAND: POST /session/cda6b29e510b44d9979fdab5b6517565/execute/async - {"script":"<script> [776 bytes]","args":[{"enterText":"1","selector":{"id":"application-manageconditionprice-display-component---newCondition--condBaseQty","interaction":{"idSuffix":"inner"}},"clearTextFirst":true,"interactionType":"ENTER_TEXT"}]}
RESULT: {}
RESULT: {"script":"<script> [776 bytes]","args":[{"enterText":"1","selector":{"id":"application-manageconditionprice-display-component---newCondition--condBaseQty","interaction":{"idSuffix":"inner"}},"clearTextFirst":true,"interactionType":"ENTER_TEXT"}]}
COMMAND: POST /session/cda6b29e510b44d9979fdab5b6517565/execute/async - {"script":"<script> [1562 bytes]","args":[{"selector":{"id":"application-manageconditionprice-display-component---newCondition--condValue","interaction":{"idSuffix":"inner"}},"wdio_ui5_key":"applicationmanageconditionprice-display-component---newCondition--condValue"}]}
RESULT: {"script":"<script> [1562 bytes]","args":[{"selector":{"id":"application-manageconditionprice-display-component---newCondition--condValue","interaction":{"idSuffix":"inner"}},"wdio_ui5_key":"applicationmanageconditionprice-display-component---newCondition--condValue"}]}
RESULT: undefined
COMMAND: POST /session/cda6b29e510b44d9979fdab5b6517565/execute/async - {"script":"<script> [776 bytes]","args":[{"enterText":"100","selector":{"id":"application-manageconditionprice-display-component---newCondition--condValue","interaction":{"idSuffix":"inner"}},"clearTextFirst":true,"interactionType":"ENTER_TEXT"}]}
RESULT: {"script":"<script> [776 bytes]","args":[{"enterText":"100","selector":{"id":"application-manageconditionprice-display-component---newCondition--condValue","interaction":{"idSuffix":"inner"}},"clearTextFirst":true,"interactionType":"ENTER_TEXT"}]}
COMMAND: POST /session/cda6b29e510b44d9979fdab5b6517565/execute/async - {"script":"<script> [1562 bytes]","args":[{"selector":{"id":"application-manageconditionprice-display-component---newCondition--condCurr-arrow"},"wdio_ui5_key":"applicationmanageconditionprice-display-component---newCondition--condCurr-arrow"}]}
RESULT: {"script":"<script> [1562 bytes]","args":[{"selector":{"id":"application-manageconditionprice-display-component---newCondition--condCurr-arrow"},"wdio_ui5_key":"applicationmanageconditionprice-display-component---newCondition--condCurr-arrow"}]}
RESULT: undefined
COMMAND: POST /session/cda6b29e510b44d9979fdab5b6517565/element - {"using":"xpath","value":"//*[@id=\"application-manageconditionprice-display-component---newCondition--condCurr-arrow\"]"}
RESULT: {"using":"xpath","value":"//*[@id=\"application-manageconditionprice-display-component---newCondition--condCurr-arrow\"]"}
COMMAND: POST /session/cda6b29e510b44d9979fdab5b6517565/element/f.5E866639E2C7498835F0FF88C67C8471.d.19D38C0ED3D86D1CEF43E03D910C671D.e.3751/click - {}
RESULT: {}
COMMAND: POST /session/cda6b29e510b44d9979fdab5b6517565/element - {"using":"xpath","value":"//span[contains(text(), \"Euro\")]"}
COMMAND: GET /session/cda6b29e510b44d9979fdab5b6517565/screenshot - {}
RESULT: {"using":"xpath","value":"//span[contains(text(), \"Euro\")]"}
COMMAND: POST /session/cda6b29e510b44d9979fdab5b6517565/element/f.5E866639E2C7498835F0FF88C67C8471.d.19D38C0ED3D86D1CEF43E03D910C671D.e.3827/click - {}
RESULT: {}
RESULT: {}
COMMAND: POST /session/cda6b29e510b44d9979fdab5b6517565/element - {"using":"xpath","value":"//button[@data-kt=\"saveButton\"]"}
COMMAND: GET /session/cda6b29e510b44d9979fdab5b6517565/screenshot - {}
RESULT: {"using":"xpath","value":"//button[@data-kt=\"saveButton\"]"}
COMMAND: POST /session/cda6b29e510b44d9979fdab5b6517565/element/f.5E866639E2C7498835F0FF88C67C8471.d.19D38C0ED3D86D1CEF43E03D910C671D.e.3752/click - {}
RESULT: {}
RESULT: {}
COMMAND: GET /session/cda6b29e510b44d9979fdab5b6517565/screenshot - {}
RESULT: {}
COMMAND: POST /session/cda6b29e510b44d9979fdab5b6517565/execute/async - {"script":"<script> [1562 bytes]","args":[{"selector":{"id":"application-manageconditionprice-display-component---conditions--smartFilterBar-btnBasicSearch","interaction":{"idSuffix":"I"}},"wdio_ui5_key":"applicationmanageconditionprice-display-component---conditions--smartFilterBar-btnBasicSearch"}]}
RESULT: {"script":"<script> [1562 bytes]","args":[{"selector":{"id":"application-manageconditionprice-display-component---conditions--smartFilterBar-btnBasicSearch","interaction":{"idSuffix":"I"}},"wdio_ui5_key":"applicationmanageconditionprice-display-component---conditions--smartFilterBar-btnBasicSearch"}]}
RESULT: undefined
COMMAND: POST /session/cda6b29e510b44d9979fdab5b6517565/execute/async - {"script":"<script> [776 bytes]","args":[{"enterText":"dYHSe6slQK","selector":{"id":"application-manageconditionprice-display-component---conditions--smartFilterBar-btnBasicSearch","interaction":{"idSuffix":"I"}},"clearTextFirst":true,"interactionType":"ENTER_TEXT"}]}
RESULT: {"script":"<script> [776 bytes]","args":[{"enterText":"dYHSe6slQK","selector":{"id":"application-manageconditionprice-display-component---conditions--smartFilterBar-btnBasicSearch","interaction":{"idSuffix":"I"}},"clearTextFirst":true,"interactionType":"ENTER_TEXT"}]}
COMMAND: POST /session/cda6b29e510b44d9979fdab5b6517565/actions - {"actions":[{"id":"action16","type":"key","parameters":{},"actions":[{"type":"keyDown","value":"î€‡"},{"type":"pause","duration":10},{"type":"keyUp","value":"î€‡"}]}]}
RESULT: {"actions":[{"id":"action16","type":"key","parameters":{},"actions":[{"type":"keyDown","value":"î€‡"},{"type":"pause","duration":10},{"type":"keyUp","value":"î€‡"}]}]}
COMMAND: GET /session/cda6b29e510b44d9979fdab5b6517565/screenshot - {}
RESULT: {}
COMMAND: POST /session/cda6b29e510b44d9979fdab5b6517565/execute/async - {"script":"<script> [1562 bytes]","args":[{"selector":{"id":"application-manageconditionprice-display-component---conditions--smartFilterBar-filterItemControl_BASIC-BILL_TYPES-vhi"},"wdio_ui5_key":"applicationmanageconditionprice-display-component---conditions--smartFilterBar-filterItemControl_BASIC-BILL_TYPES-vhi"}]}
RESULT: {"script":"<script> [1562 bytes]","args":[{"selector":{"id":"application-manageconditionprice-display-component---conditions--smartFilterBar-filterItemControl_BASIC-BILL_TYPES-vhi"},"wdio_ui5_key":"applicationmanageconditionprice-display-component---conditions--smartFilterBar-filterItemControl_BASIC-BILL_TYPES-vhi"}]}
RESULT: undefined
COMMAND: POST /session/cda6b29e510b44d9979fdab5b6517565/element - {"using":"xpath","value":"//*[@id=\"application-manageconditionprice-display-component---conditions--smartFilterBar-filterItemControl_BASIC-BILL_TYPES-vhi\"]"}
RESULT: {"using":"xpath","value":"//*[@id=\"application-manageconditionprice-display-component---conditions--smartFilterBar-filterItemControl_BASIC-BILL_TYPES-vhi\"]"}
COMMAND: POST /session/cda6b29e510b44d9979fdab5b6517565/element/f.5E866639E2C7498835F0FF88C67C8471.d.19D38C0ED3D86D1CEF43E03D910C671D.e.3933/click - {}
RESULT: {}
COMMAND: POST /session/cda6b29e510b44d9979fdab5b6517565/execute/async - {"script":"<script> [1562 bytes]","args":[{"selector":{"id":"application-manageconditionprice-display-component---conditions--smartFilterBar-filterItemControl_BASIC-BILL_TYPES-valueHelpDialog-smartFilterBar-btnBasicSearch","searchOpenDialogs":true,"interaction":{"idSuffix":"I"}},"wdio_ui5_key":"applicationmanageconditionprice-display-component---conditions--smartFilterBar-filterItemControl_BASIC-BILL_TYPES-valueHelpDialog-smartFilterBar-btnBasicSearch"}]}
COMMAND: GET /session/cda6b29e510b44d9979fdab5b6517565/screenshot - {}
RESULT: {"script":"<script> [1562 bytes]","args":[{"selector":{"id":"application-manageconditionprice-display-component---conditions--smartFilterBar-filterItemControl_BASIC-BILL_TYPES-valueHelpDialog-smartFilterBar-btnBasicSearch","searchOpenDialogs":true,"interaction":{"idSuffix":"I"}},"wdio_ui5_key":"applicationmanageconditionprice-display-component---conditions--smartFilterBar-filterItemControl_BASIC-BILL_TYPES-valueHelpDialog-smartFilterBar-btnBasicSearch"}]}
RESULT: undefined
COMMAND: POST /session/cda6b29e510b44d9979fdab5b6517565/execute/async - {"script":"<script> [776 bytes]","args":[{"enterText":"TB","selector":{"id":"application-manageconditionprice-display-component---conditions--smartFilterBar-filterItemControl_BASIC-BILL_TYPES-valueHelpDialog-smartFilterBar-btnBasicSearch","searchOpenDialogs":true,"interaction":{"idSuffix":"I"}},"clearTextFirst":true,"interactionType":"ENTER_TEXT"}]}
RESULT: {}
RESULT: {"script":"<script> [776 bytes]","args":[{"enterText":"TB","selector":{"id":"application-manageconditionprice-display-component---conditions--smartFilterBar-filterItemControl_BASIC-BILL_TYPES-valueHelpDialog-smartFilterBar-btnBasicSearch","searchOpenDialogs":true,"interaction":{"idSuffix":"I"}},"clearTextFirst":true,"interactionType":"ENTER_TEXT"}]}
COMMAND: POST /session/cda6b29e510b44d9979fdab5b6517565/actions - {"actions":[{"id":"action17","type":"key","parameters":{},"actions":[{"type":"keyDown","value":"î€‡"},{"type":"pause","duration":10},{"type":"keyUp","value":"î€‡"}]}]}
RESULT: {"actions":[{"id":"action17","type":"key","parameters":{},"actions":[{"type":"keyDown","value":"î€‡"},{"type":"pause","duration":10},{"type":"keyUp","value":"î€‡"}]}]}
COMMAND: GET /session/cda6b29e510b44d9979fdab5b6517565/screenshot - {}
RESULT: {}
COMMAND: POST /session/cda6b29e510b44d9979fdab5b6517565/element - {"using":"xpath","value":"//div[contains(@id, 'application-manageconditionprice-display-component---conditions--smartFilterBar-filterItemControl_BASIC-BILL_TYPES-valueHelpDialog-table-rowsel0')]"}
RESULT: {"using":"xpath","value":"//div[contains(@id, 'application-manageconditionprice-display-component---conditions--smartFilterBar-filterItemControl_BASIC-BILL_TYPES-valueHelpDialog-table-rowsel0')]"}
COMMAND: POST /session/cda6b29e510b44d9979fdab5b6517565/element/f.5E866639E2C7498835F0FF88C67C8471.d.19D38C0ED3D86D1CEF43E03D910C671D.e.3942/click - {}
RESULT: {}
COMMAND: GET /session/cda6b29e510b44d9979fdab5b6517565/screenshot - {}
RESULT: {}
COMMAND: POST /session/cda6b29e510b44d9979fdab5b6517565/element - {"using":"xpath","value":"//bdi[contains(text(), \"OK\")]"}
RESULT: {"using":"xpath","value":"//bdi[contains(text(), \"OK\")]"}
COMMAND: POST /session/cda6b29e510b44d9979fdab5b6517565/element/f.5E866639E2C7498835F0FF88C67C8471.d.19D38C0ED3D86D1CEF43E03D910C671D.e.3944/click - {}
RESULT: {}
COMMAND: GET /session/cda6b29e510b44d9979fdab5b6517565/screenshot - {}
RESULT: {}
COMMAND: POST /session/cda6b29e510b44d9979fdab5b6517565/element - {"using":"xpath","value":"//span[@id=\"application-manageconditionprice-display-component---conditions--smartTable-header-inner\"]"}
RESULT: {"using":"xpath","value":"//span[@id=\"application-manageconditionprice-display-component---conditions--smartTable-header-inner\"]"}
COMMAND: POST /session/cda6b29e510b44d9979fdab5b6517565/elements - {"using":"xpath","value":"//span[@id=\"application-manageconditionprice-display-component---conditions--smartTable-header-inner\"]"}
RESULT: {"using":"xpath","value":"//span[@id=\"application-manageconditionprice-display-component---conditions--smartTable-header-inner\"]"}
COMMAND: POST /session/cda6b29e510b44d9979fdab5b6517565/execute/sync - {"script":"<script> [56 bytes]","args":[{"element-6066-11e4-a52e-4f735466cecf":"f.5E866639E2C7498835F0FF88C67C8471.d.19D38C0ED3D86D1CEF43E03D910C671D.e.3947","ELEMENT":"f.5E866639E2C7498835F0FF88C67C8471.d.19D38C0ED3D86D1CEF43E03D910C671D.e.3947"}]}
RESULT: {"script":"<script> [56 bytes]","args":[{"element-6066-11e4-a52e-4f735466cecf":"f.5E866639E2C7498835F0FF88C67C8471.d.19D38C0ED3D86D1CEF43E03D910C671D.e.3947","ELEMENT":"f.5E866639E2C7498835F0FF88C67C8471.d.19D38C0ED3D86D1CEF43E03D910C671D.e.3947"}]}
COMMAND: POST /session/cda6b29e510b44d9979fdab5b6517565/element - {"using":"css selector","value":"#shell-header-logo"}
COMMAND: GET /session/cda6b29e510b44d9979fdab5b6517565/screenshot - {}
RESULT: {"using":"css selector","value":"#shell-header-logo"}
COMMAND: POST /session/cda6b29e510b44d9979fdab5b6517565/element/f.5E866639E2C7498835F0FF88C67C8471.d.19D38C0ED3D86D1CEF43E03D910C671D.e.3578/click - {}
RESULT: {}
RESULT: {}
COMMAND: GET /session/cda6b29e510b44d9979fdab5b6517565/screenshot - {}
RESULT: {}
]]></system-out>
    </testcase>
    <testcase classname="chrome.136_0_7103_93.windows.Billing_Transfer_-_Master_data_&amp;_Intercompany_US127250" name="Should do a stock increase" time="95.539">
      <system-out><![CDATA[
COMMAND: POST /session/cda6b29e510b44d9979fdab5b6517565/execute/async - {"script":"<script> [1562 bytes]","args":[{"selector":{"controlType":"sap.m.GenericTile","properties":{"header":"Manage Handovers"}},"wdio_ui5_key":"sapm.GenericTile{\"header\":\"Manage Handovers\"}"}]}
RESULT: {"script":"<script> [1562 bytes]","args":[{"selector":{"controlType":"sap.m.GenericTile","properties":{"header":"Manage Handovers"}},"wdio_ui5_key":"sapm.GenericTile{\"header\":\"Manage Handovers\"}"}]}
RESULT: undefined
COMMAND: POST /session/cda6b29e510b44d9979fdab5b6517565/element - {"using":"xpath","value":"//*[@id=\"__tile131\"]"}
RESULT: {"using":"xpath","value":"//*[@id=\"__tile131\"]"}
COMMAND: POST /session/cda6b29e510b44d9979fdab5b6517565/element/f.5E866639E2C7498835F0FF88C67C8471.d.19D38C0ED3D86D1CEF43E03D910C671D.e.2625/click - {}
RESULT: {}
COMMAND: GET /session/cda6b29e510b44d9979fdab5b6517565/screenshot - {}
RESULT: {}
COMMAND: POST /session/cda6b29e510b44d9979fdab5b6517565/elements - {"using":"xpath","value":"//span[text()='Error']"}
RESULT: {"using":"xpath","value":"//span[text()='Error']"}
COMMAND: POST /session/cda6b29e510b44d9979fdab5b6517565/element - {"using":"xpath","value":"//button[@data-kt=\"masterHOAddButton\"]"}
RESULT: {"using":"xpath","value":"//button[@data-kt=\"masterHOAddButton\"]"}
COMMAND: POST /session/cda6b29e510b44d9979fdab5b6517565/elements - {"using":"xpath","value":"//button[@data-kt=\"masterHOAddButton\"]"}
RESULT: {"using":"xpath","value":"//button[@data-kt=\"masterHOAddButton\"]"}
COMMAND: POST /session/cda6b29e510b44d9979fdab5b6517565/execute/sync - {"script":"<script> [8489 bytes]","args":[{"element-6066-11e4-a52e-4f735466cecf":"f.5E866639E2C7498835F0FF88C67C8471.d.19D38C0ED3D86D1CEF43E03D910C671D.e.3993","ELEMENT":"f.5E866639E2C7498835F0FF88C67C8471.d.19D38C0ED3D86D1CEF43E03D910C671D.e.3993"}]}
RESULT: {"script":"<script> [8489 bytes]","args":[{"element-6066-11e4-a52e-4f735466cecf":"f.5E866639E2C7498835F0FF88C67C8471.d.19D38C0ED3D86D1CEF43E03D910C671D.e.3993","ELEMENT":"f.5E866639E2C7498835F0FF88C67C8471.d.19D38C0ED3D86D1CEF43E03D910C671D.e.3993"}]}
COMMAND: GET /session/cda6b29e510b44d9979fdab5b6517565/element/f.5E866639E2C7498835F0FF88C67C8471.d.19D38C0ED3D86D1CEF43E03D910C671D.e.3993/enabled - {}
COMMAND: GET /session/cda6b29e510b44d9979fdab5b6517565/screenshot - {}
RESULT: {}
COMMAND: POST /session/cda6b29e510b44d9979fdab5b6517565/execute/sync - {"script":"<script> [8489 bytes]","args":[{"element-6066-11e4-a52e-4f735466cecf":"f.5E866639E2C7498835F0FF88C67C8471.d.19D38C0ED3D86D1CEF43E03D910C671D.e.3993","ELEMENT":"f.5E866639E2C7498835F0FF88C67C8471.d.19D38C0ED3D86D1CEF43E03D910C671D.e.3993"}]}
COMMAND: GET /session/cda6b29e510b44d9979fdab5b6517565/screenshot - {}
RESULT: {}
RESULT: {"script":"<script> [8489 bytes]","args":[{"element-6066-11e4-a52e-4f735466cecf":"f.5E866639E2C7498835F0FF88C67C8471.d.19D38C0ED3D86D1CEF43E03D910C671D.e.3993","ELEMENT":"f.5E866639E2C7498835F0FF88C67C8471.d.19D38C0ED3D86D1CEF43E03D910C671D.e.3993"}]}
COMMAND: POST /session/cda6b29e510b44d9979fdab5b6517565/execute/sync - {"script":"<script> [5351 bytes]","args":[{"element-6066-11e4-a52e-4f735466cecf":"f.5E866639E2C7498835F0FF88C67C8471.d.19D38C0ED3D86D1CEF43E03D910C671D.e.3993","ELEMENT":"f.5E866639E2C7498835F0FF88C67C8471.d.19D38C0ED3D86D1CEF43E03D910C671D.e.3993"}]}
COMMAND: GET /session/cda6b29e510b44d9979fdab5b6517565/screenshot - {}
RESULT: {}
RESULT: {"script":"<script> [5351 bytes]","args":[{"element-6066-11e4-a52e-4f735466cecf":"f.5E866639E2C7498835F0FF88C67C8471.d.19D38C0ED3D86D1CEF43E03D910C671D.e.3993","ELEMENT":"f.5E866639E2C7498835F0FF88C67C8471.d.19D38C0ED3D86D1CEF43E03D910C671D.e.3993"}]}
COMMAND: POST /session/cda6b29e510b44d9979fdab5b6517565/element/f.5E866639E2C7498835F0FF88C67C8471.d.19D38C0ED3D86D1CEF43E03D910C671D.e.3993/click - {}
COMMAND: GET /session/cda6b29e510b44d9979fdab5b6517565/screenshot - {}
RESULT: {}
RESULT: {}
COMMAND: GET /session/cda6b29e510b44d9979fdab5b6517565/screenshot - {}
RESULT: {}
RESULT: {}
COMMAND: POST /session/cda6b29e510b44d9979fdab5b6517565/element - {"using":"xpath","value":"//span[contains(@id ,\"AddNewHO--typeSelect-arrow\")]"}
RESULT: {"using":"xpath","value":"//span[contains(@id ,\"AddNewHO--typeSelect-arrow\")]"}
COMMAND: POST /session/cda6b29e510b44d9979fdab5b6517565/element/f.5E866639E2C7498835F0FF88C67C8471.d.19D38C0ED3D86D1CEF43E03D910C671D.e.4348/click - {}
RESULT: {}
COMMAND: GET /session/cda6b29e510b44d9979fdab5b6517565/screenshot - {}
RESULT: {}
COMMAND: POST /session/cda6b29e510b44d9979fdab5b6517565/element - {"using":"xpath","value":"(//li[contains(text(), \"stock increase yard\")])[1]"}
RESULT: {"using":"xpath","value":"(//li[contains(text(), \"stock increase yard\")])[1]"}
COMMAND: POST /session/cda6b29e510b44d9979fdab5b6517565/element/f.5E866639E2C7498835F0FF88C67C8471.d.19D38C0ED3D86D1CEF43E03D910C671D.e.4349/click - {}
RESULT: {}
COMMAND: GET /session/cda6b29e510b44d9979fdab5b6517565/screenshot - {}
RESULT: {}
COMMAND: POST /session/cda6b29e510b44d9979fdab5b6517565/execute/async - {"script":"<script> [1562 bytes]","args":[{"selector":{"id":"application-managehandovers-display-component---AddNewHO--dueDate","interaction":{"idSuffix":"inner"}},"wdio_ui5_key":"applicationmanagehandovers-display-component---AddNewHO--dueDate"}]}
RESULT: {"script":"<script> [1562 bytes]","args":[{"selector":{"id":"application-managehandovers-display-component---AddNewHO--dueDate","interaction":{"idSuffix":"inner"}},"wdio_ui5_key":"applicationmanagehandovers-display-component---AddNewHO--dueDate"}]}
RESULT: undefined
COMMAND: POST /session/cda6b29e510b44d9979fdab5b6517565/execute/async - {"script":"<script> [6424 bytes]","args":[{"element-6066-11e4-a52e-4f735466cecf":"f.5E866639E2C7498835F0FF88C67C8471.d.19D38C0ED3D86D1CEF43E03D910C671D.e.4351"},"setValue",["5/17/25"]]}
RESULT: {"script":"<script> [6424 bytes]","args":[{"element-6066-11e4-a52e-4f735466cecf":"f.5E866639E2C7498835F0FF88C67C8471.d.19D38C0ED3D86D1CEF43E03D910C671D.e.4351"},"setValue",["5/17/25"]]}
COMMAND: POST /session/cda6b29e510b44d9979fdab5b6517565/element - {"using":"xpath","value":"//input[@id=\"generalSectionFrg--receiveYard-inner\"]"}
RESULT: {"using":"xpath","value":"//input[@id=\"generalSectionFrg--receiveYard-inner\"]"}
COMMAND: POST /session/cda6b29e510b44d9979fdab5b6517565/element/f.5E866639E2C7498835F0FF88C67C8471.d.19D38C0ED3D86D1CEF43E03D910C671D.e.4355/clear - {}
RESULT: {}
COMMAND: POST /session/cda6b29e510b44d9979fdab5b6517565/element/f.5E866639E2C7498835F0FF88C67C8471.d.19D38C0ED3D86D1CEF43E03D910C671D.e.4355/value - {"text":"503"}
COMMAND: GET /session/cda6b29e510b44d9979fdab5b6517565/screenshot - {}
RESULT: {"text":"503"}
COMMAND: GET /session/cda6b29e510b44d9979fdab5b6517565/screenshot - {}
RESULT: {}
RESULT: {}
COMMAND: POST /session/cda6b29e510b44d9979fdab5b6517565/element - {"using":"xpath","value":"//li[.//span[text()='503']]"}
RESULT: {"using":"xpath","value":"//li[.//span[text()='503']]"}
COMMAND: POST /session/cda6b29e510b44d9979fdab5b6517565/element/f.5E866639E2C7498835F0FF88C67C8471.d.19D38C0ED3D86D1CEF43E03D910C671D.e.4373/click - {}
RESULT: {}
COMMAND: GET /session/cda6b29e510b44d9979fdab5b6517565/screenshot - {}
RESULT: {}
COMMAND: POST /session/cda6b29e510b44d9979fdab5b6517565/execute/async - {"script":"<script> [1562 bytes]","args":[{"selector":{"id":"application-managehandovers-display-component---AddNewHO--ObjectPageLayout-anchBar-application-managehandovers-display-component---AddNewHO--section4-anchor","interaction":{"idSuffix":"BDI-content"}},"wdio_ui5_key":"applicationmanagehandovers-display-component---AddNewHO--ObjectPageLayout-anchBar-application-managehandovers-display-component---AddNewHO--section4-anchor"}]}
RESULT: {"script":"<script> [1562 bytes]","args":[{"selector":{"id":"application-managehandovers-display-component---AddNewHO--ObjectPageLayout-anchBar-application-managehandovers-display-component---AddNewHO--section4-anchor","interaction":{"idSuffix":"BDI-content"}},"wdio_ui5_key":"applicationmanagehandovers-display-component---AddNewHO--ObjectPageLayout-anchBar-application-managehandovers-display-component---AddNewHO--section4-anchor"}]}
RESULT: undefined
COMMAND: POST /session/cda6b29e510b44d9979fdab5b6517565/element - {"using":"xpath","value":"//*[@id=\"application-managehandovers-display-component---AddNewHO--ObjectPageLayout-anchBar-application-managehandovers-display-component---AddNewHO--section4-anchor\"]"}
RESULT: {"using":"xpath","value":"//*[@id=\"application-managehandovers-display-component---AddNewHO--ObjectPageLayout-anchBar-application-managehandovers-display-component---AddNewHO--section4-anchor\"]"}
COMMAND: POST /session/cda6b29e510b44d9979fdab5b6517565/element/f.5E866639E2C7498835F0FF88C67C8471.d.19D38C0ED3D86D1CEF43E03D910C671D.e.4375/click - {}
RESULT: {}
COMMAND: POST /session/cda6b29e510b44d9979fdab5b6517565/element - {"using":"xpath","value":"//button[@aria-label=\"Add\"]"}
COMMAND: GET /session/cda6b29e510b44d9979fdab5b6517565/screenshot - {}
RESULT: {"using":"xpath","value":"//button[@aria-label=\"Add\"]"}
COMMAND: POST /session/cda6b29e510b44d9979fdab5b6517565/element/f.5E866639E2C7498835F0FF88C67C8471.d.19D38C0ED3D86D1CEF43E03D910C671D.e.4377/click - {}
RESULT: {}
RESULT: {}
COMMAND: GET /session/cda6b29e510b44d9979fdab5b6517565/screenshot - {}
RESULT: {}
COMMAND: POST /session/cda6b29e510b44d9979fdab5b6517565/execute/async - {"script":"<script> [1562 bytes]","args":[{"selector":{"id":"application-managehandovers-display-component---AddNewHO--smartFilterBar-btnBasicSearch","searchOpenDialogs":true,"interaction":{"idSuffix":"I"}},"wdio_ui5_key":"applicationmanagehandovers-display-component---AddNewHO--smartFilterBar-btnBasicSearch"}]}
RESULT: {"script":"<script> [1562 bytes]","args":[{"selector":{"id":"application-managehandovers-display-component---AddNewHO--smartFilterBar-btnBasicSearch","searchOpenDialogs":true,"interaction":{"idSuffix":"I"}},"wdio_ui5_key":"applicationmanagehandovers-display-component---AddNewHO--smartFilterBar-btnBasicSearch"}]}
RESULT: undefined
COMMAND: POST /session/cda6b29e510b44d9979fdab5b6517565/execute/async - {"script":"<script> [776 bytes]","args":[{"enterText":"dYHSe6slQK","selector":{"id":"application-managehandovers-display-component---AddNewHO--smartFilterBar-btnBasicSearch","searchOpenDialogs":true,"interaction":{"idSuffix":"I"}},"clearTextFirst":true,"interactionType":"ENTER_TEXT"}]}
RESULT: {"script":"<script> [776 bytes]","args":[{"enterText":"dYHSe6slQK","selector":{"id":"application-managehandovers-display-component---AddNewHO--smartFilterBar-btnBasicSearch","searchOpenDialogs":true,"interaction":{"idSuffix":"I"}},"clearTextFirst":true,"interactionType":"ENTER_TEXT"}]}
COMMAND: POST /session/cda6b29e510b44d9979fdab5b6517565/actions - {"actions":[{"id":"action18","type":"key","parameters":{},"actions":[{"type":"keyDown","value":"î€‡"},{"type":"pause","duration":10},{"type":"keyUp","value":"î€‡"}]}]}
RESULT: {"actions":[{"id":"action18","type":"key","parameters":{},"actions":[{"type":"keyDown","value":"î€‡"},{"type":"pause","duration":10},{"type":"keyUp","value":"î€‡"}]}]}
COMMAND: GET /session/cda6b29e510b44d9979fdab5b6517565/screenshot - {}
RESULT: {}
COMMAND: POST /session/cda6b29e510b44d9979fdab5b6517565/execute/async - {"script":"<script> [1562 bytes]","args":[{"selector":{"id":"application-managehandovers-display-component---AddNewHO--popup-sa","searchOpenDialogs":true,"interaction":{"idSuffix":"CbBg"}},"wdio_ui5_key":"applicationmanagehandovers-display-component---AddNewHO--popup-sa"}]}
RESULT: {"script":"<script> [1562 bytes]","args":[{"selector":{"id":"application-managehandovers-display-component---AddNewHO--popup-sa","searchOpenDialogs":true,"interaction":{"idSuffix":"CbBg"}},"wdio_ui5_key":"applicationmanagehandovers-display-component---AddNewHO--popup-sa"}]}
RESULT: undefined
COMMAND: POST /session/cda6b29e510b44d9979fdab5b6517565/element - {"using":"xpath","value":"//*[@id=\"application-managehandovers-display-component---AddNewHO--popup-sa\"]"}
RESULT: {"using":"xpath","value":"//*[@id=\"application-managehandovers-display-component---AddNewHO--popup-sa\"]"}
COMMAND: POST /session/cda6b29e510b44d9979fdab5b6517565/element/f.5E866639E2C7498835F0FF88C67C8471.d.19D38C0ED3D86D1CEF43E03D910C671D.e.4530/click - {}
RESULT: {}
COMMAND: GET /session/cda6b29e510b44d9979fdab5b6517565/screenshot - {}
RESULT: {}
COMMAND: POST /session/cda6b29e510b44d9979fdab5b6517565/element - {"using":"xpath","value":"//bdi[contains(text(), \"Select\")]"}
RESULT: {"using":"xpath","value":"//bdi[contains(text(), \"Select\")]"}
COMMAND: POST /session/cda6b29e510b44d9979fdab5b6517565/element/f.5E866639E2C7498835F0FF88C67C8471.d.19D38C0ED3D86D1CEF43E03D910C671D.e.4531/click - {}
RESULT: {}
COMMAND: GET /session/cda6b29e510b44d9979fdab5b6517565/screenshot - {}
RESULT: {}
COMMAND: POST /session/cda6b29e510b44d9979fdab5b6517565/element - {"using":"xpath","value":"//button[@data-kt=\"AddNewHOSaveButton\"]"}
RESULT: {"using":"xpath","value":"//button[@data-kt=\"AddNewHOSaveButton\"]"}
COMMAND: POST /session/cda6b29e510b44d9979fdab5b6517565/element/f.5E866639E2C7498835F0FF88C67C8471.d.19D38C0ED3D86D1CEF43E03D910C671D.e.4535/click - {}
RESULT: {}
COMMAND: GET /session/cda6b29e510b44d9979fdab5b6517565/screenshot - {}
RESULT: {}
COMMAND: POST /session/cda6b29e510b44d9979fdab5b6517565/execute/async - {"script":"<script> [1562 bytes]","args":[{"selector":{"id":"receiptDatePicker","viewName":"etm.portal.ui.managehandovers.view.DetailExecuteHO","interaction":{"idSuffix":"inner"}},"wdio_ui5_key":"receiptDatePickeretmportal.ui.managehandovers.view.DetailExecuteHO"}]}
RESULT: {"script":"<script> [1562 bytes]","args":[{"selector":{"id":"receiptDatePicker","viewName":"etm.portal.ui.managehandovers.view.DetailExecuteHO","interaction":{"idSuffix":"inner"}},"wdio_ui5_key":"receiptDatePickeretmportal.ui.managehandovers.view.DetailExecuteHO"}]}
RESULT: undefined
COMMAND: POST /session/cda6b29e510b44d9979fdab5b6517565/execute/async - {"script":"<script> [6424 bytes]","args":[{"element-6066-11e4-a52e-4f735466cecf":"f.5E866639E2C7498835F0FF88C67C8471.d.19D38C0ED3D86D1CEF43E03D910C671D.e.4555"},"setValue",["5/17/25"]]}
RESULT: {"script":"<script> [6424 bytes]","args":[{"element-6066-11e4-a52e-4f735466cecf":"f.5E866639E2C7498835F0FF88C67C8471.d.19D38C0ED3D86D1CEF43E03D910C671D.e.4555"},"setValue",["5/17/25"]]}
COMMAND: POST /session/cda6b29e510b44d9979fdab5b6517565/element - {"using":"xpath","value":"//button[@data-kt=\"PickingTableConfirmAllButton\"]"}
RESULT: {"using":"xpath","value":"//button[@data-kt=\"PickingTableConfirmAllButton\"]"}
COMMAND: POST /session/cda6b29e510b44d9979fdab5b6517565/element/f.5E866639E2C7498835F0FF88C67C8471.d.19D38C0ED3D86D1CEF43E03D910C671D.e.4569/click - {}
RESULT: {}
COMMAND: GET /session/cda6b29e510b44d9979fdab5b6517565/screenshot - {}
RESULT: {}
COMMAND: POST /session/cda6b29e510b44d9979fdab5b6517565/element - {"using":"xpath","value":"//bdi[contains(text(), \"OK\")]"}
RESULT: {"using":"xpath","value":"//bdi[contains(text(), \"OK\")]"}
COMMAND: POST /session/cda6b29e510b44d9979fdab5b6517565/element/f.5E866639E2C7498835F0FF88C67C8471.d.19D38C0ED3D86D1CEF43E03D910C671D.e.4571/click - {}
RESULT: {}
COMMAND: GET /session/cda6b29e510b44d9979fdab5b6517565/screenshot - {}
RESULT: {}
COMMAND: POST /session/cda6b29e510b44d9979fdab5b6517565/element - {"using":"xpath","value":"(//bdi[contains(text(), \"Receive\")])[2]"}
RESULT: {"using":"xpath","value":"(//bdi[contains(text(), \"Receive\")])[2]"}
COMMAND: POST /session/cda6b29e510b44d9979fdab5b6517565/element/f.5E866639E2C7498835F0FF88C67C8471.d.19D38C0ED3D86D1CEF43E03D910C671D.e.4573/click - {}
RESULT: {}
COMMAND: GET /session/cda6b29e510b44d9979fdab5b6517565/screenshot - {}
RESULT: {}
COMMAND: POST /session/cda6b29e510b44d9979fdab5b6517565/element - {"using":"css selector","value":"#shell-header-logo"}
RESULT: {"using":"css selector","value":"#shell-header-logo"}
COMMAND: POST /session/cda6b29e510b44d9979fdab5b6517565/element/f.5E866639E2C7498835F0FF88C67C8471.d.19D38C0ED3D86D1CEF43E03D910C671D.e.3954/click - {}
RESULT: {}
COMMAND: GET /session/cda6b29e510b44d9979fdab5b6517565/screenshot - {}
RESULT: {}
]]></system-out>
    </testcase>
    <testcase classname="chrome.136_0_7103_93.windows.Billing_Transfer_-_Master_data_&amp;_Intercompany_US127250" name="Should create a new contract" time="76.181">
      <system-out><![CDATA[
COMMAND: POST /session/cda6b29e510b44d9979fdab5b6517565/execute/async - {"script":"<script> [1562 bytes]","args":[{"selector":{"controlType":"sap.m.GenericTile","properties":{"header":"Manage Contracts"}},"wdio_ui5_key":"sapm.GenericTile{\"header\":\"Manage Contracts\"}"}]}
RESULT: {"script":"<script> [1562 bytes]","args":[{"selector":{"controlType":"sap.m.GenericTile","properties":{"header":"Manage Contracts"}},"wdio_ui5_key":"sapm.GenericTile{\"header\":\"Manage Contracts\"}"}]}
RESULT: undefined
COMMAND: POST /session/cda6b29e510b44d9979fdab5b6517565/element - {"using":"xpath","value":"//*[@id=\"__tile132\"]"}
RESULT: {"using":"xpath","value":"//*[@id=\"__tile132\"]"}
COMMAND: POST /session/cda6b29e510b44d9979fdab5b6517565/element/f.5E866639E2C7498835F0FF88C67C8471.d.19D38C0ED3D86D1CEF43E03D910C671D.e.2614/click - {}
RESULT: {}
COMMAND: GET /session/cda6b29e510b44d9979fdab5b6517565/screenshot - {}
RESULT: {}
COMMAND: POST /session/cda6b29e510b44d9979fdab5b6517565/elements - {"using":"xpath","value":"//span[text()='Error']"}
RESULT: {"using":"xpath","value":"//span[text()='Error']"}
COMMAND: POST /session/cda6b29e510b44d9979fdab5b6517565/element - {"using":"xpath","value":"//button[@data-kt=\"addButton\"]"}
RESULT: {"using":"xpath","value":"//button[@data-kt=\"addButton\"]"}
COMMAND: POST /session/cda6b29e510b44d9979fdab5b6517565/elements - {"using":"xpath","value":"//button[@data-kt=\"addButton\"]"}
RESULT: {"using":"xpath","value":"//button[@data-kt=\"addButton\"]"}
COMMAND: POST /session/cda6b29e510b44d9979fdab5b6517565/execute/sync - {"script":"<script> [8489 bytes]","args":[{"element-6066-11e4-a52e-4f735466cecf":"f.5E866639E2C7498835F0FF88C67C8471.d.19D38C0ED3D86D1CEF43E03D910C671D.e.4796","ELEMENT":"f.5E866639E2C7498835F0FF88C67C8471.d.19D38C0ED3D86D1CEF43E03D910C671D.e.4796"}]}
RESULT: {"script":"<script> [8489 bytes]","args":[{"element-6066-11e4-a52e-4f735466cecf":"f.5E866639E2C7498835F0FF88C67C8471.d.19D38C0ED3D86D1CEF43E03D910C671D.e.4796","ELEMENT":"f.5E866639E2C7498835F0FF88C67C8471.d.19D38C0ED3D86D1CEF43E03D910C671D.e.4796"}]}
COMMAND: GET /session/cda6b29e510b44d9979fdab5b6517565/element/f.5E866639E2C7498835F0FF88C67C8471.d.19D38C0ED3D86D1CEF43E03D910C671D.e.4796/enabled - {}
COMMAND: GET /session/cda6b29e510b44d9979fdab5b6517565/screenshot - {}
RESULT: {}
COMMAND: POST /session/cda6b29e510b44d9979fdab5b6517565/execute/sync - {"script":"<script> [8489 bytes]","args":[{"element-6066-11e4-a52e-4f735466cecf":"f.5E866639E2C7498835F0FF88C67C8471.d.19D38C0ED3D86D1CEF43E03D910C671D.e.4796","ELEMENT":"f.5E866639E2C7498835F0FF88C67C8471.d.19D38C0ED3D86D1CEF43E03D910C671D.e.4796"}]}
COMMAND: GET /session/cda6b29e510b44d9979fdab5b6517565/screenshot - {}
RESULT: {}
RESULT: {"script":"<script> [8489 bytes]","args":[{"element-6066-11e4-a52e-4f735466cecf":"f.5E866639E2C7498835F0FF88C67C8471.d.19D38C0ED3D86D1CEF43E03D910C671D.e.4796","ELEMENT":"f.5E866639E2C7498835F0FF88C67C8471.d.19D38C0ED3D86D1CEF43E03D910C671D.e.4796"}]}
COMMAND: POST /session/cda6b29e510b44d9979fdab5b6517565/execute/sync - {"script":"<script> [5351 bytes]","args":[{"element-6066-11e4-a52e-4f735466cecf":"f.5E866639E2C7498835F0FF88C67C8471.d.19D38C0ED3D86D1CEF43E03D910C671D.e.4796","ELEMENT":"f.5E866639E2C7498835F0FF88C67C8471.d.19D38C0ED3D86D1CEF43E03D910C671D.e.4796"}]}
COMMAND: GET /session/cda6b29e510b44d9979fdab5b6517565/screenshot - {}
RESULT: {}
RESULT: {"script":"<script> [5351 bytes]","args":[{"element-6066-11e4-a52e-4f735466cecf":"f.5E866639E2C7498835F0FF88C67C8471.d.19D38C0ED3D86D1CEF43E03D910C671D.e.4796","ELEMENT":"f.5E866639E2C7498835F0FF88C67C8471.d.19D38C0ED3D86D1CEF43E03D910C671D.e.4796"}]}
COMMAND: GET /session/cda6b29e510b44d9979fdab5b6517565/screenshot - {}
RESULT: {}
RESULT: {}
COMMAND: POST /session/cda6b29e510b44d9979fdab5b6517565/element/f.5E866639E2C7498835F0FF88C67C8471.d.19D38C0ED3D86D1CEF43E03D910C671D.e.4796/click - {}
RESULT: {}
COMMAND: GET /session/cda6b29e510b44d9979fdab5b6517565/screenshot - {}
RESULT: {}
COMMAND: POST /session/cda6b29e510b44d9979fdab5b6517565/execute/async - {"script":"<script> [1562 bytes]","args":[{"selector":{"id":"application-managecontracts-display-component---AddNewContract--projectDescription","interaction":{"idSuffix":"inner"}},"wdio_ui5_key":"applicationmanagecontracts-display-component---AddNewContract--projectDescription"}]}
RESULT: {"script":"<script> [1562 bytes]","args":[{"selector":{"id":"application-managecontracts-display-component---AddNewContract--projectDescription","interaction":{"idSuffix":"inner"}},"wdio_ui5_key":"applicationmanagecontracts-display-component---AddNewContract--projectDescription"}]}
RESULT: undefined
COMMAND: POST /session/cda6b29e510b44d9979fdab5b6517565/execute/async - {"script":"<script> [776 bytes]","args":[{"enterText":"Intercompany Contract WDIO","selector":{"id":"application-managecontracts-display-component---AddNewContract--projectDescription","interaction":{"idSuffix":"inner"}},"clearTextFirst":true,"interactionType":"ENTER_TEXT"}]}
RESULT: {"script":"<script> [776 bytes]","args":[{"enterText":"Intercompany Contract WDIO","selector":{"id":"application-managecontracts-display-component---AddNewContract--projectDescription","interaction":{"idSuffix":"inner"}},"clearTextFirst":true,"interactionType":"ENTER_TEXT"}]}
COMMAND: POST /session/cda6b29e510b44d9979fdab5b6517565/element - {"using":"xpath","value":"//input[@id=\"application-managecontracts-display-component---AddNewContract--site-inner\"]"}
RESULT: {"using":"xpath","value":"//input[@id=\"application-managecontracts-display-component---AddNewContract--site-inner\"]"}
COMMAND: POST /session/cda6b29e510b44d9979fdab5b6517565/element/f.5E866639E2C7498835F0FF88C67C8471.d.19D38C0ED3D86D1CEF43E03D910C671D.e.5151/clear - {}
RESULT: {}
COMMAND: POST /session/cda6b29e510b44d9979fdab5b6517565/element/f.5E866639E2C7498835F0FF88C67C8471.d.19D38C0ED3D86D1CEF43E03D910C671D.e.5151/value - {"text":"2243"}
COMMAND: GET /session/cda6b29e510b44d9979fdab5b6517565/screenshot - {}
RESULT: {"text":"2243"}
COMMAND: GET /session/cda6b29e510b44d9979fdab5b6517565/screenshot - {}
RESULT: {}
RESULT: {}
COMMAND: POST /session/cda6b29e510b44d9979fdab5b6517565/element - {"using":"xpath","value":"//li[.//span[text()='2243']]"}
RESULT: {"using":"xpath","value":"//li[.//span[text()='2243']]"}
COMMAND: POST /session/cda6b29e510b44d9979fdab5b6517565/element/f.5E866639E2C7498835F0FF88C67C8471.d.19D38C0ED3D86D1CEF43E03D910C671D.e.5189/click - {}
RESULT: {}
COMMAND: GET /session/cda6b29e510b44d9979fdab5b6517565/screenshot - {}
RESULT: {}
COMMAND: POST /session/cda6b29e510b44d9979fdab5b6517565/element - {"using":"xpath","value":"//input[@id=\"application-managecontracts-display-component---AddNewContract--yardId-inner\"]"}
RESULT: {"using":"xpath","value":"//input[@id=\"application-managecontracts-display-component---AddNewContract--yardId-inner\"]"}
COMMAND: GET /session/cda6b29e510b44d9979fdab5b6517565/element/f.5E866639E2C7498835F0FF88C67C8471.d.19D38C0ED3D86D1CEF43E03D910C671D.e.5152/property/value - {}
RESULT: {}
COMMAND: POST /session/cda6b29e510b44d9979fdab5b6517565/element - {"using":"xpath","value":"//input[@id=\"application-managecontracts-display-component---AddNewContract--customerSelect-inner\"]"}
COMMAND: GET /session/cda6b29e510b44d9979fdab5b6517565/screenshot - {}
RESULT: {"using":"xpath","value":"//input[@id=\"application-managecontracts-display-component---AddNewContract--customerSelect-inner\"]"}
COMMAND: POST /session/cda6b29e510b44d9979fdab5b6517565/element/f.5E866639E2C7498835F0FF88C67C8471.d.19D38C0ED3D86D1CEF43E03D910C671D.e.5150/clear - {}
RESULT: {}
RESULT: {}
COMMAND: POST /session/cda6b29e510b44d9979fdab5b6517565/element/f.5E866639E2C7498835F0FF88C67C8471.d.19D38C0ED3D86D1CEF43E03D910C671D.e.5150/value - {"text":"1287"}
COMMAND: GET /session/cda6b29e510b44d9979fdab5b6517565/screenshot - {}
RESULT: {"text":"1287"}
COMMAND: GET /session/cda6b29e510b44d9979fdab5b6517565/screenshot - {}
RESULT: {}
RESULT: {}
COMMAND: POST /session/cda6b29e510b44d9979fdab5b6517565/element - {"using":"xpath","value":"//li[.//span[text()='1287']]"}
RESULT: {"using":"xpath","value":"//li[.//span[text()='1287']]"}
COMMAND: POST /session/cda6b29e510b44d9979fdab5b6517565/element/f.5E866639E2C7498835F0FF88C67C8471.d.19D38C0ED3D86D1CEF43E03D910C671D.e.5192/click - {}
RESULT: {}
COMMAND: GET /session/cda6b29e510b44d9979fdab5b6517565/screenshot - {}
RESULT: {}
COMMAND: POST /session/cda6b29e510b44d9979fdab5b6517565/element - {"using":"xpath","value":"//button[@data-kt=\"saveButton\"]"}
RESULT: {"using":"xpath","value":"//button[@data-kt=\"saveButton\"]"}
COMMAND: POST /session/cda6b29e510b44d9979fdab5b6517565/element/f.5E866639E2C7498835F0FF88C67C8471.d.19D38C0ED3D86D1CEF43E03D910C671D.e.5193/click - {}
RESULT: {}
COMMAND: GET /session/cda6b29e510b44d9979fdab5b6517565/screenshot - {}
RESULT: {}
COMMAND: POST /session/cda6b29e510b44d9979fdab5b6517565/element - {"using":"xpath","value":"//span[contains(@id ,\"contractDetailTitleNoExpanded\")]"}
RESULT: {"using":"xpath","value":"//span[contains(@id ,\"contractDetailTitleNoExpanded\")]"}
COMMAND: POST /session/cda6b29e510b44d9979fdab5b6517565/elements - {"using":"xpath","value":"//span[contains(@id ,\"contractDetailTitleNoExpanded\")]"}
RESULT: {"using":"xpath","value":"//span[contains(@id ,\"contractDetailTitleNoExpanded\")]"}
COMMAND: POST /session/cda6b29e510b44d9979fdab5b6517565/execute/sync - {"script":"<script> [56 bytes]","args":[{"element-6066-11e4-a52e-4f735466cecf":"f.5E866639E2C7498835F0FF88C67C8471.d.19D38C0ED3D86D1CEF43E03D910C671D.e.5264","ELEMENT":"f.5E866639E2C7498835F0FF88C67C8471.d.19D38C0ED3D86D1CEF43E03D910C671D.e.5264"}]}
RESULT: {"script":"<script> [56 bytes]","args":[{"element-6066-11e4-a52e-4f735466cecf":"f.5E866639E2C7498835F0FF88C67C8471.d.19D38C0ED3D86D1CEF43E03D910C671D.e.5264","ELEMENT":"f.5E866639E2C7498835F0FF88C67C8471.d.19D38C0ED3D86D1CEF43E03D910C671D.e.5264"}]}
COMMAND: GET /session/cda6b29e510b44d9979fdab5b6517565/screenshot - {}
RESULT: {}
]]></system-out>
    </testcase>
    <testcase classname="chrome.136_0_7103_93.windows.Billing_Transfer_-_Master_data_&amp;_Intercompany_US127250" name="Should add equipment to the contract" time="45.95">
      <system-out><![CDATA[
COMMAND: POST /session/cda6b29e510b44d9979fdab5b6517565/element - {"using":"xpath","value":"//button[@data-kt=\"contractDetailEditBtnButton\"]"}
RESULT: {"using":"xpath","value":"//button[@data-kt=\"contractDetailEditBtnButton\"]"}
COMMAND: POST /session/cda6b29e510b44d9979fdab5b6517565/element/f.5E866639E2C7498835F0FF88C67C8471.d.19D38C0ED3D86D1CEF43E03D910C671D.e.5266/click - {}
RESULT: {}
COMMAND: GET /session/cda6b29e510b44d9979fdab5b6517565/screenshot - {}
RESULT: {}
COMMAND: POST /session/cda6b29e510b44d9979fdab5b6517565/element - {"using":"xpath","value":"(//span[contains(text(), \"Additional Addresses\")])[2]"}
RESULT: {"using":"xpath","value":"(//span[contains(text(), \"Additional Addresses\")])[2]"}
COMMAND: POST /session/cda6b29e510b44d9979fdab5b6517565/element/f.5E866639E2C7498835F0FF88C67C8471.d.19D38C0ED3D86D1CEF43E03D910C671D.e.5321/click - {}
RESULT: {}
COMMAND: GET /session/cda6b29e510b44d9979fdab5b6517565/screenshot - {}
RESULT: {}
COMMAND: POST /session/cda6b29e510b44d9979fdab5b6517565/element - {"using":"xpath","value":"//button[@data-kt=\"btnAddTableRowOverflowToolbarButton\"]"}
RESULT: {"using":"xpath","value":"//button[@data-kt=\"btnAddTableRowOverflowToolbarButton\"]"}
COMMAND: POST /session/cda6b29e510b44d9979fdab5b6517565/element/f.5E866639E2C7498835F0FF88C67C8471.d.19D38C0ED3D86D1CEF43E03D910C671D.e.5324/click - {}
RESULT: {}
COMMAND: GET /session/cda6b29e510b44d9979fdab5b6517565/screenshot - {}
RESULT: {}
COMMAND: POST /session/cda6b29e510b44d9979fdab5b6517565/element - {"using":"xpath","value":"//div[(text() = 'Standard Entry' or . = 'Standard Entry')]"}
RESULT: {"using":"xpath","value":"//div[(text() = 'Standard Entry' or . = 'Standard Entry')]"}
COMMAND: POST /session/cda6b29e510b44d9979fdab5b6517565/element/f.5E866639E2C7498835F0FF88C67C8471.d.19D38C0ED3D86D1CEF43E03D910C671D.e.5326/click - {}
RESULT: {}
COMMAND: GET /session/cda6b29e510b44d9979fdab5b6517565/screenshot - {}
RESULT: {}
COMMAND: POST /session/cda6b29e510b44d9979fdab5b6517565/element - {"using":"xpath","value":"//td[7]/div/div/input"}
RESULT: {"using":"xpath","value":"//td[7]/div/div/input"}
COMMAND: POST /session/cda6b29e510b44d9979fdab5b6517565/element/f.5E866639E2C7498835F0FF88C67C8471.d.19D38C0ED3D86D1CEF43E03D910C671D.e.5335/clear - {}
RESULT: {}
COMMAND: POST /session/cda6b29e510b44d9979fdab5b6517565/element/f.5E866639E2C7498835F0FF88C67C8471.d.19D38C0ED3D86D1CEF43E03D910C671D.e.5335/value - {"text":"dYHSe6slQK"}
COMMAND: GET /session/cda6b29e510b44d9979fdab5b6517565/screenshot - {}
RESULT: {"text":"dYHSe6slQK"}
COMMAND: GET /session/cda6b29e510b44d9979fdab5b6517565/screenshot - {}
RESULT: {}
RESULT: {}
COMMAND: POST /session/cda6b29e510b44d9979fdab5b6517565/actions - {"actions":[{"id":"action19","type":"key","parameters":{},"actions":[{"type":"keyDown","value":"î€‡"},{"type":"pause","duration":10},{"type":"keyUp","value":"î€‡"}]}]}
RESULT: {"actions":[{"id":"action19","type":"key","parameters":{},"actions":[{"type":"keyDown","value":"î€‡"},{"type":"pause","duration":10},{"type":"keyUp","value":"î€‡"}]}]}
COMMAND: GET /session/cda6b29e510b44d9979fdab5b6517565/screenshot - {}
RESULT: {}
COMMAND: POST /session/cda6b29e510b44d9979fdab5b6517565/execute/sync - {"script":"<script> [276 bytes]","args":["No pricing information was found"]}
RESULT: {"script":"<script> [276 bytes]","args":["No pricing information was found"]}
COMMAND: POST /session/cda6b29e510b44d9979fdab5b6517565/element - {"using":"xpath","value":"(//button[@data-kt=\"saveButton\"])[2]"}
COMMAND: GET /session/cda6b29e510b44d9979fdab5b6517565/screenshot - {}
RESULT: {"using":"xpath","value":"(//button[@data-kt=\"saveButton\"])[2]"}
COMMAND: POST /session/cda6b29e510b44d9979fdab5b6517565/element/f.5E866639E2C7498835F0FF88C67C8471.d.19D38C0ED3D86D1CEF43E03D910C671D.e.5350/click - {}
RESULT: {}
RESULT: {}
COMMAND: GET /session/cda6b29e510b44d9979fdab5b6517565/screenshot - {}
RESULT: {}
COMMAND: POST /session/cda6b29e510b44d9979fdab5b6517565/execute/sync - {"script":"<script> [276 bytes]","args":["Some contract items are having rental validity exceeding header rental validity"]}
RESULT: {"script":"<script> [276 bytes]","args":["Some contract items are having rental validity exceeding header rental validity"]}
COMMAND: GET /session/cda6b29e510b44d9979fdab5b6517565/screenshot - {}
RESULT: {}
COMMAND: POST /session/cda6b29e510b44d9979fdab5b6517565/element - {"using":"xpath","value":"//span[contains(@id ,\"contractItemsSmartTable-header-inner\")]"}
RESULT: {"using":"xpath","value":"//span[contains(@id ,\"contractItemsSmartTable-header-inner\")]"}
COMMAND: POST /session/cda6b29e510b44d9979fdab5b6517565/elements - {"using":"xpath","value":"//span[contains(@id ,\"contractItemsSmartTable-header-inner\")]"}
RESULT: {"using":"xpath","value":"//span[contains(@id ,\"contractItemsSmartTable-header-inner\")]"}
COMMAND: POST /session/cda6b29e510b44d9979fdab5b6517565/execute/sync - {"script":"<script> [56 bytes]","args":[{"element-6066-11e4-a52e-4f735466cecf":"f.5E866639E2C7498835F0FF88C67C8471.d.19D38C0ED3D86D1CEF43E03D910C671D.e.5356","ELEMENT":"f.5E866639E2C7498835F0FF88C67C8471.d.19D38C0ED3D86D1CEF43E03D910C671D.e.5356"}]}
RESULT: {"script":"<script> [56 bytes]","args":[{"element-6066-11e4-a52e-4f735466cecf":"f.5E866639E2C7498835F0FF88C67C8471.d.19D38C0ED3D86D1CEF43E03D910C671D.e.5356","ELEMENT":"f.5E866639E2C7498835F0FF88C67C8471.d.19D38C0ED3D86D1CEF43E03D910C671D.e.5356"}]}
]]></system-out>
    </testcase>
    <testcase classname="chrome.136_0_7103_93.windows.Billing_Transfer_-_Master_data_&amp;_Intercompany_US127250" name="Should do a provide to site handover" time="65.96">
      <system-out><![CDATA[
COMMAND: POST /session/cda6b29e510b44d9979fdab5b6517565/element - {"using":"xpath","value":"//button[@data-kt=\"provideButton\"]"}
COMMAND: GET /session/cda6b29e510b44d9979fdab5b6517565/screenshot - {}
RESULT: {"using":"xpath","value":"//button[@data-kt=\"provideButton\"]"}
COMMAND: POST /session/cda6b29e510b44d9979fdab5b6517565/element/f.5E866639E2C7498835F0FF88C67C8471.d.19D38C0ED3D86D1CEF43E03D910C671D.e.5357/click - {}
RESULT: {}
RESULT: {}
COMMAND: GET /session/cda6b29e510b44d9979fdab5b6517565/screenshot - {}
RESULT: {}
RESULT: undefined
COMMAND: POST /session/cda6b29e510b44d9979fdab5b6517565/execute/async - {"script":"<script> [6424 bytes]","args":[{"element-6066-11e4-a52e-4f735466cecf":"f.5E866639E2C7498835F0FF88C67C8471.d.19D38C0ED3D86D1CEF43E03D910C671D.e.4351"},"setValue",["5/17/25"]]}
COMMAND: POST /session/cda6b29e510b44d9979fdab5b6517565/execute/async - {"script":"<script> [1562 bytes]","args":[{"selector":{"id":"application-managehandovers-display-component---AddNewHO--dueDate","interaction":{"idSuffix":"inner"}},"wdio_ui5_key":"applicationmanagehandovers-display-component---AddNewHO--dueDate"}]}
RESULT: {"script":"<script> [1562 bytes]","args":[{"selector":{"id":"application-managehandovers-display-component---AddNewHO--dueDate","interaction":{"idSuffix":"inner"}},"wdio_ui5_key":"applicationmanagehandovers-display-component---AddNewHO--dueDate"}]}
COMMAND: POST /session/cda6b29e510b44d9979fdab5b6517565/execute/async - {"script":"<script> [6424 bytes]","args":[{"element-6066-11e4-a52e-4f735466cecf":"f.5E866639E2C7498835F0FF88C67C8471.d.19D38C0ED3D86D1CEF43E03D910C671D.e.5414"},"setValue",["5/17/25"]]}
RESULT: {"script":"<script> [6424 bytes]","args":[{"element-6066-11e4-a52e-4f735466cecf":"f.5E866639E2C7498835F0FF88C67C8471.d.19D38C0ED3D86D1CEF43E03D910C671D.e.5414"},"setValue",["5/17/25"]]}
COMMAND: POST /session/cda6b29e510b44d9979fdab5b6517565/element - {"using":"xpath","value":"//bdi[contains(text(), \"Instructions\")]"}
RESULT: {"using":"xpath","value":"//bdi[contains(text(), \"Instructions\")]"}
COMMAND: POST /session/cda6b29e510b44d9979fdab5b6517565/element/f.5E866639E2C7498835F0FF88C67C8471.d.19D38C0ED3D86D1CEF43E03D910C671D.e.5531/click - {}
RESULT: {}
COMMAND: GET /session/cda6b29e510b44d9979fdab5b6517565/screenshot - {}
RESULT: {}
COMMAND: POST /session/cda6b29e510b44d9979fdab5b6517565/element - {"using":"xpath","value":"//button[@data-kt=\"AddNewHOProvideAddItemsButton\"]"}
RESULT: {"using":"xpath","value":"//button[@data-kt=\"AddNewHOProvideAddItemsButton\"]"}
COMMAND: POST /session/cda6b29e510b44d9979fdab5b6517565/element/f.5E866639E2C7498835F0FF88C67C8471.d.19D38C0ED3D86D1CEF43E03D910C671D.e.5535/click - {}
RESULT: {}
COMMAND: GET /session/cda6b29e510b44d9979fdab5b6517565/screenshot - {}
RESULT: {}
RESULT: undefined
COMMAND: POST /session/cda6b29e510b44d9979fdab5b6517565/element - {"using":"xpath","value":"//*[@id=\"application-managehandovers-display-component---AddNewHO--popup-sa\"]"}
RESULT: {"using":"xpath","value":"//*[@id=\"application-managehandovers-display-component---AddNewHO--popup-sa\"]"}
COMMAND: POST /session/cda6b29e510b44d9979fdab5b6517565/element/f.5E866639E2C7498835F0FF88C67C8471.d.19D38C0ED3D86D1CEF43E03D910C671D.e.5545/click - {}
RESULT: {}
COMMAND: GET /session/cda6b29e510b44d9979fdab5b6517565/screenshot - {}
RESULT: {}
COMMAND: POST /session/cda6b29e510b44d9979fdab5b6517565/element - {"using":"xpath","value":"//*[contains(@id ,\"BDI-content\")][contains(text(), \"Select\")]"}
RESULT: {"using":"xpath","value":"//*[contains(@id ,\"BDI-content\")][contains(text(), \"Select\")]"}
COMMAND: POST /session/cda6b29e510b44d9979fdab5b6517565/element/f.5E866639E2C7498835F0FF88C67C8471.d.19D38C0ED3D86D1CEF43E03D910C671D.e.5546/click - {}
RESULT: {}
COMMAND: GET /session/cda6b29e510b44d9979fdab5b6517565/screenshot - {}
RESULT: {}
COMMAND: POST /session/cda6b29e510b44d9979fdab5b6517565/execute/async - {"script":"<script> [1562 bytes]","args":[{"selector":{"id":"application-managehandovers-display-component---AddNewHO--confirmCreationButton","interaction":{"idSuffix":"BDI-content"}},"wdio_ui5_key":"applicationmanagehandovers-display-component---AddNewHO--confirmCreationButton"}]}
RESULT: {"script":"<script> [1562 bytes]","args":[{"selector":{"id":"application-managehandovers-display-component---AddNewHO--confirmCreationButton","interaction":{"idSuffix":"BDI-content"}},"wdio_ui5_key":"applicationmanagehandovers-display-component---AddNewHO--confirmCreationButton"}]}
RESULT: undefined
COMMAND: POST /session/cda6b29e510b44d9979fdab5b6517565/element - {"using":"xpath","value":"//*[@id=\"application-managehandovers-display-component---AddNewHO--confirmCreationButton\"]"}
RESULT: {"using":"xpath","value":"//*[@id=\"application-managehandovers-display-component---AddNewHO--confirmCreationButton\"]"}
COMMAND: POST /session/cda6b29e510b44d9979fdab5b6517565/element/f.5E866639E2C7498835F0FF88C67C8471.d.19D38C0ED3D86D1CEF43E03D910C671D.e.5492/click - {}
RESULT: {}
COMMAND: GET /session/cda6b29e510b44d9979fdab5b6517565/screenshot - {}
RESULT: {}
COMMAND: POST /session/cda6b29e510b44d9979fdab5b6517565/execute/async - {"script":"<script> [1562 bytes]","args":[{"selector":{"id":"issueDatePicker","viewName":"etm.portal.ui.managehandovers.view.DetailExecuteHO","interaction":{"idSuffix":"inner"}},"wdio_ui5_key":"issueDatePickeretmportal.ui.managehandovers.view.DetailExecuteHO"}]}
RESULT: {"script":"<script> [1562 bytes]","args":[{"selector":{"id":"issueDatePicker","viewName":"etm.portal.ui.managehandovers.view.DetailExecuteHO","interaction":{"idSuffix":"inner"}},"wdio_ui5_key":"issueDatePickeretmportal.ui.managehandovers.view.DetailExecuteHO"}]}
RESULT: undefined
COMMAND: POST /session/cda6b29e510b44d9979fdab5b6517565/execute/async - {"script":"<script> [776 bytes]","args":[{"enterText":"5/17/25","selector":{"id":"issueDatePicker","viewName":"etm.portal.ui.managehandovers.view.DetailExecuteHO","interaction":{"idSuffix":"inner"}},"clearTextFirst":true,"interactionType":"ENTER_TEXT"}]}
RESULT: {"script":"<script> [776 bytes]","args":[{"enterText":"5/17/25","selector":{"id":"issueDatePicker","viewName":"etm.portal.ui.managehandovers.view.DetailExecuteHO","interaction":{"idSuffix":"inner"}},"clearTextFirst":true,"interactionType":"ENTER_TEXT"}]}
COMMAND: POST /session/cda6b29e510b44d9979fdab5b6517565/element - {"using":"xpath","value":"//bdi[contains(text(), \"OK\")]"}
RESULT: {"using":"xpath","value":"//bdi[contains(text(), \"OK\")]"}
COMMAND: POST /session/cda6b29e510b44d9979fdab5b6517565/element/f.5E866639E2C7498835F0FF88C67C8471.d.19D38C0ED3D86D1CEF43E03D910C671D.e.5597/click - {}
RESULT: {}
COMMAND: GET /session/cda6b29e510b44d9979fdab5b6517565/screenshot - {}
RESULT: {}
COMMAND: POST /session/cda6b29e510b44d9979fdab5b6517565/element - {"using":"xpath","value":"//button[@data-kt=\"PickingTableConfirmAllButton\"]"}
RESULT: {"using":"xpath","value":"//button[@data-kt=\"PickingTableConfirmAllButton\"]"}
COMMAND: POST /session/cda6b29e510b44d9979fdab5b6517565/element/f.5E866639E2C7498835F0FF88C67C8471.d.19D38C0ED3D86D1CEF43E03D910C671D.e.5604/click - {}
RESULT: {}
COMMAND: GET /session/cda6b29e510b44d9979fdab5b6517565/screenshot - {}
RESULT: {}
COMMAND: POST /session/cda6b29e510b44d9979fdab5b6517565/element - {"using":"xpath","value":"//bdi[contains(text(), \"OK\")]"}
RESULT: {"using":"xpath","value":"//bdi[contains(text(), \"OK\")]"}
COMMAND: POST /session/cda6b29e510b44d9979fdab5b6517565/element/f.5E866639E2C7498835F0FF88C67C8471.d.19D38C0ED3D86D1CEF43E03D910C671D.e.5607/click - {}
RESULT: {}
COMMAND: GET /session/cda6b29e510b44d9979fdab5b6517565/screenshot - {}
RESULT: {}
COMMAND: POST /session/cda6b29e510b44d9979fdab5b6517565/element - {"using":"xpath","value":"//bdi[contains(text(), \"Issue\")]"}
RESULT: {"using":"xpath","value":"//bdi[contains(text(), \"Issue\")]"}
COMMAND: POST /session/cda6b29e510b44d9979fdab5b6517565/element/f.5E866639E2C7498835F0FF88C67C8471.d.19D38C0ED3D86D1CEF43E03D910C671D.e.5609/click - {}
RESULT: {}
COMMAND: GET /session/cda6b29e510b44d9979fdab5b6517565/screenshot - {}
RESULT: {}
COMMAND: POST /session/cda6b29e510b44d9979fdab5b6517565/element - {"using":"css selector","value":"#shell-header-logo"}
RESULT: {"using":"css selector","value":"#shell-header-logo"}
COMMAND: POST /session/cda6b29e510b44d9979fdab5b6517565/element/f.5E866639E2C7498835F0FF88C67C8471.d.19D38C0ED3D86D1CEF43E03D910C671D.e.4746/click - {}
RESULT: {}
COMMAND: GET /session/cda6b29e510b44d9979fdab5b6517565/screenshot - {}
RESULT: {}
]]></system-out>
    </testcase>
    <testcase classname="chrome.136_0_7103_93.windows.Billing_Transfer_-_Master_data_&amp;_Intercompany_US127250" name="Should go navigate to Manage Billings and trigger contract calculation check result" time="67.886">
      <system-out><![CDATA[
COMMAND: POST /session/cda6b29e510b44d9979fdab5b6517565/execute/async - {"script":"<script> [1562 bytes]","args":[{"selector":{"controlType":"sap.m.GenericTile","properties":{"header":"Manage Billings"}},"wdio_ui5_key":"sapm.GenericTile{\"header\":\"Manage Billings\"}"}]}
RESULT: {"script":"<script> [1562 bytes]","args":[{"selector":{"controlType":"sap.m.GenericTile","properties":{"header":"Manage Billings"}},"wdio_ui5_key":"sapm.GenericTile{\"header\":\"Manage Billings\"}"}]}
RESULT: undefined
COMMAND: POST /session/cda6b29e510b44d9979fdab5b6517565/element - {"using":"xpath","value":"//*[@id=\"__tile91\"]"}
RESULT: {"using":"xpath","value":"//*[@id=\"__tile91\"]"}
COMMAND: POST /session/cda6b29e510b44d9979fdab5b6517565/element/f.5E866639E2C7498835F0FF88C67C8471.d.19D38C0ED3D86D1CEF43E03D910C671D.e.2655/click - {}
RESULT: {}
COMMAND: GET /session/cda6b29e510b44d9979fdab5b6517565/screenshot - {}
RESULT: {}
COMMAND: POST /session/cda6b29e510b44d9979fdab5b6517565/elements - {"using":"xpath","value":"//span[text()='Error']"}
RESULT: {"using":"xpath","value":"//span[text()='Error']"}
COMMAND: POST /session/cda6b29e510b44d9979fdab5b6517565/execute/async - {"script":"<script> [1562 bytes]","args":[{"selector":{"id":"application-managebillings-display-component---billRunCalcResult--smartFilterBar-btnBasicSearch","interaction":{"idSuffix":"I"}},"wdio_ui5_key":"applicationmanagebillings-display-component---billRunCalcResult--smartFilterBar-btnBasicSearch"}]}
RESULT: {"script":"<script> [1562 bytes]","args":[{"selector":{"id":"application-managebillings-display-component---billRunCalcResult--smartFilterBar-btnBasicSearch","interaction":{"idSuffix":"I"}},"wdio_ui5_key":"applicationmanagebillings-display-component---billRunCalcResult--smartFilterBar-btnBasicSearch"}]}
RESULT: undefined
COMMAND: POST /session/cda6b29e510b44d9979fdab5b6517565/execute/async - {"script":"<script> [776 bytes]","args":[{"enterText":"10336","selector":{"id":"application-managebillings-display-component---billRunCalcResult--smartFilterBar-btnBasicSearch","interaction":{"idSuffix":"I"}},"clearTextFirst":true,"interactionType":"ENTER_TEXT"}]}
RESULT: {"script":"<script> [776 bytes]","args":[{"enterText":"10336","selector":{"id":"application-managebillings-display-component---billRunCalcResult--smartFilterBar-btnBasicSearch","interaction":{"idSuffix":"I"}},"clearTextFirst":true,"interactionType":"ENTER_TEXT"}]}
COMMAND: POST /session/cda6b29e510b44d9979fdab5b6517565/actions - {"actions":[{"id":"action20","type":"key","parameters":{},"actions":[{"type":"keyDown","value":"î€‡"},{"type":"pause","duration":10},{"type":"keyUp","value":"î€‡"}]}]}
RESULT: {"actions":[{"id":"action20","type":"key","parameters":{},"actions":[{"type":"keyDown","value":"î€‡"},{"type":"pause","duration":10},{"type":"keyUp","value":"î€‡"}]}]}
COMMAND: GET /session/cda6b29e510b44d9979fdab5b6517565/screenshot - {}
RESULT: {}
COMMAND: POST /session/cda6b29e510b44d9979fdab5b6517565/element - {"using":"xpath","value":"//td[@aria-colindex=\"1\"]/div/div[contains(@class, \"sapMCbBg\")]"}
RESULT: {"using":"xpath","value":"//td[@aria-colindex=\"1\"]/div/div[contains(@class, \"sapMCbBg\")]"}
COMMAND: POST /session/cda6b29e510b44d9979fdab5b6517565/element/f.5E866639E2C7498835F0FF88C67C8471.d.19D38C0ED3D86D1CEF43E03D910C671D.e.6126/click - {}
RESULT: {}
COMMAND: GET /session/cda6b29e510b44d9979fdab5b6517565/screenshot - {}
RESULT: {}
COMMAND: POST /session/cda6b29e510b44d9979fdab5b6517565/execute/async - {"script":"<script> [1562 bytes]","args":[{"selector":{"id":"application-managebillings-display-component---billRunCalcResult--contractBillRunDate","interaction":{"idSuffix":"inner"}},"wdio_ui5_key":"applicationmanagebillings-display-component---billRunCalcResult--contractBillRunDate"}]}
RESULT: {"script":"<script> [1562 bytes]","args":[{"selector":{"id":"application-managebillings-display-component---billRunCalcResult--contractBillRunDate","interaction":{"idSuffix":"inner"}},"wdio_ui5_key":"applicationmanagebillings-display-component---billRunCalcResult--contractBillRunDate"}]}
RESULT: undefined
COMMAND: POST /session/cda6b29e510b44d9979fdab5b6517565/execute/async - {"script":"<script> [776 bytes]","args":[{"enterText":"6/17/25","selector":{"id":"application-managebillings-display-component---billRunCalcResult--contractBillRunDate","interaction":{"idSuffix":"inner"}},"clearTextFirst":true,"interactionType":"ENTER_TEXT"}]}
RESULT: {"script":"<script> [776 bytes]","args":[{"enterText":"6/17/25","selector":{"id":"application-managebillings-display-component---billRunCalcResult--contractBillRunDate","interaction":{"idSuffix":"inner"}},"clearTextFirst":true,"interactionType":"ENTER_TEXT"}]}
COMMAND: POST /session/cda6b29e510b44d9979fdab5b6517565/element - {"using":"xpath","value":"//bdi[contains(text(), \"Trigger Calculation\")]"}
RESULT: {"using":"xpath","value":"//bdi[contains(text(), \"Trigger Calculation\")]"}
COMMAND: POST /session/cda6b29e510b44d9979fdab5b6517565/element/f.5E866639E2C7498835F0FF88C67C8471.d.19D38C0ED3D86D1CEF43E03D910C671D.e.6140/click - {}
RESULT: {}
COMMAND: GET /session/cda6b29e510b44d9979fdab5b6517565/screenshot - {}
RESULT: {}
COMMAND: POST /session/cda6b29e510b44d9979fdab5b6517565/element - {"using":"xpath","value":"(//span[contains(@id, \"imgNav\")])[1]"}
RESULT: {"using":"xpath","value":"(//span[contains(@id, \"imgNav\")])[1]"}
COMMAND: POST /session/cda6b29e510b44d9979fdab5b6517565/element/f.5E866639E2C7498835F0FF88C67C8471.d.19D38C0ED3D86D1CEF43E03D910C671D.e.6124/click - {}
RESULT: {}
COMMAND: GET /session/cda6b29e510b44d9979fdab5b6517565/screenshot - {}
RESULT: {}
COMMAND: POST /session/cda6b29e510b44d9979fdab5b6517565/element - {"using":"xpath","value":"//tr/td[6]/div[1]/span[1]/span[1]"}
RESULT: {"using":"xpath","value":"//tr/td[6]/div[1]/span[1]/span[1]"}
COMMAND: GET /session/cda6b29e510b44d9979fdab5b6517565/element/f.5E866639E2C7498835F0FF88C67C8471.d.19D38C0ED3D86D1CEF43E03D910C671D.e.6145/text - {}
RESULT: {}
COMMAND: POST /session/cda6b29e510b44d9979fdab5b6517565/element - {"using":"xpath","value":"(//span[contains(@id, \"imgNav\")])[2]"}
RESULT: {"using":"xpath","value":"(//span[contains(@id, \"imgNav\")])[2]"}
COMMAND: POST /session/cda6b29e510b44d9979fdab5b6517565/element/f.5E866639E2C7498835F0FF88C67C8471.d.19D38C0ED3D86D1CEF43E03D910C671D.e.6146/click - {}
RESULT: {}
COMMAND: POST /session/cda6b29e510b44d9979fdab5b6517565/element - {"using":"xpath","value":"//bdi[contains(text(), \"Business Confirm\")]"}
COMMAND: GET /session/cda6b29e510b44d9979fdab5b6517565/screenshot - {}
RESULT: {"using":"xpath","value":"//bdi[contains(text(), \"Business Confirm\")]"}
COMMAND: POST /session/cda6b29e510b44d9979fdab5b6517565/elements - {"using":"xpath","value":"//bdi[contains(text(), \"Business Confirm\")]"}
RESULT: {}
RESULT: {"using":"xpath","value":"//bdi[contains(text(), \"Business Confirm\")]"}
COMMAND: POST /session/cda6b29e510b44d9979fdab5b6517565/elements - {"using":"xpath","value":"//bdi[contains(text(), \"Business Confirm\")]"}
RESULT: {"using":"xpath","value":"//bdi[contains(text(), \"Business Confirm\")]"}
COMMAND: POST /session/cda6b29e510b44d9979fdab5b6517565/elements - {"using":"xpath","value":"//bdi[contains(text(), \"Business Confirm\")]"}
RESULT: {"using":"xpath","value":"//bdi[contains(text(), \"Business Confirm\")]"}
COMMAND: POST /session/cda6b29e510b44d9979fdab5b6517565/elements - {"using":"xpath","value":"//bdi[contains(text(), \"Business Confirm\")]"}
RESULT: {"using":"xpath","value":"//bdi[contains(text(), \"Business Confirm\")]"}
COMMAND: POST /session/cda6b29e510b44d9979fdab5b6517565/element - {"using":"xpath","value":"//bdi[contains(text(), \"Business Confirm\")]"}
RESULT: {"using":"xpath","value":"//bdi[contains(text(), \"Business Confirm\")]"}
COMMAND: POST /session/cda6b29e510b44d9979fdab5b6517565/element/f.5E866639E2C7498835F0FF88C67C8471.d.19D38C0ED3D86D1CEF43E03D910C671D.e.6149/click - {}
COMMAND: POST /session/cda6b29e510b44d9979fdab5b6517565/element - {"using":"xpath","value":"//bdi[contains(text(), \"Business Confirm\")]"}
RESULT: {"using":"xpath","value":"//bdi[contains(text(), \"Business Confirm\")]"}
COMMAND: POST /session/cda6b29e510b44d9979fdab5b6517565/element/f.5E866639E2C7498835F0FF88C67C8471.d.19D38C0ED3D86D1CEF43E03D910C671D.e.6149/click - {}
COMMAND: POST /session/cda6b29e510b44d9979fdab5b6517565/element - {"using":"xpath","value":"//bdi[contains(text(), \"Business Confirm\")]"}
RESULT: {"using":"xpath","value":"//bdi[contains(text(), \"Business Confirm\")]"}
COMMAND: POST /session/cda6b29e510b44d9979fdab5b6517565/element/f.5E866639E2C7498835F0FF88C67C8471.d.19D38C0ED3D86D1CEF43E03D910C671D.e.6197/click - {}
RESULT: {}
COMMAND: POST /session/cda6b29e510b44d9979fdab5b6517565/element - {"using":"css selector","value":"#shell-header-logo"}
COMMAND: GET /session/cda6b29e510b44d9979fdab5b6517565/screenshot - {}
RESULT: {"using":"css selector","value":"#shell-header-logo"}
COMMAND: POST /session/cda6b29e510b44d9979fdab5b6517565/element/f.5E866639E2C7498835F0FF88C67C8471.d.19D38C0ED3D86D1CEF43E03D910C671D.e.5902/click - {}
RESULT: {}
RESULT: {}
COMMAND: GET /session/cda6b29e510b44d9979fdab5b6517565/screenshot - {}
RESULT: {}
]]></system-out>
    </testcase>
    <testcase classname="chrome.136_0_7103_93.windows.Billing_Transfer_-_Master_data_&amp;_Intercompany_US127250" name="Should do Billing Transfer all the way into invoice open for intercompany case" time="75.133">
      <system-out><![CDATA[
COMMAND: POST /session/cda6b29e510b44d9979fdab5b6517565/execute/async - {"script":"<script> [1562 bytes]","args":[{"selector":{"controlType":"sap.m.GenericTile","properties":{"header":"Billing Transfer"}},"wdio_ui5_key":"sapm.GenericTile{\"header\":\"Billing Transfer\"}"}]}
RESULT: {"script":"<script> [1562 bytes]","args":[{"selector":{"controlType":"sap.m.GenericTile","properties":{"header":"Billing Transfer"}},"wdio_ui5_key":"sapm.GenericTile{\"header\":\"Billing Transfer\"}"}]}
RESULT: undefined
COMMAND: POST /session/cda6b29e510b44d9979fdab5b6517565/element - {"using":"xpath","value":"//*[@id=\"__tile90\"]"}
RESULT: {"using":"xpath","value":"//*[@id=\"__tile90\"]"}
COMMAND: POST /session/cda6b29e510b44d9979fdab5b6517565/element/f.5E866639E2C7498835F0FF88C67C8471.d.19D38C0ED3D86D1CEF43E03D910C671D.e.2652/click - {}
RESULT: {}
COMMAND: GET /session/cda6b29e510b44d9979fdab5b6517565/screenshot - {}
RESULT: {}
COMMAND: POST /session/cda6b29e510b44d9979fdab5b6517565/elements - {"using":"xpath","value":"//span[text()='Error']"}
RESULT: {"using":"xpath","value":"//span[text()='Error']"}
COMMAND: POST /session/cda6b29e510b44d9979fdab5b6517565/element - {"using":"xpath","value":"//input[contains(@id ,\"application-billingtransfer-display-component---billingWorkbench--smartFilterBar-btnBasicSearch\")]"}
RESULT: {"using":"xpath","value":"//input[contains(@id ,\"application-billingtransfer-display-component---billingWorkbench--smartFilterBar-btnBasicSearch\")]"}
COMMAND: POST /session/cda6b29e510b44d9979fdab5b6517565/elements - {"using":"xpath","value":"//input[contains(@id ,\"application-billingtransfer-display-component---billingWorkbench--smartFilterBar-btnBasicSearch\")]"}
RESULT: {"using":"xpath","value":"//input[contains(@id ,\"application-billingtransfer-display-component---billingWorkbench--smartFilterBar-btnBasicSearch\")]"}
COMMAND: POST /session/cda6b29e510b44d9979fdab5b6517565/execute/sync - {"script":"<script> [8489 bytes]","args":[{"element-6066-11e4-a52e-4f735466cecf":"f.5E866639E2C7498835F0FF88C67C8471.d.19D38C0ED3D86D1CEF43E03D910C671D.e.6228","ELEMENT":"f.5E866639E2C7498835F0FF88C67C8471.d.19D38C0ED3D86D1CEF43E03D910C671D.e.6228"}]}
RESULT: {"script":"<script> [8489 bytes]","args":[{"element-6066-11e4-a52e-4f735466cecf":"f.5E866639E2C7498835F0FF88C67C8471.d.19D38C0ED3D86D1CEF43E03D910C671D.e.6228","ELEMENT":"f.5E866639E2C7498835F0FF88C67C8471.d.19D38C0ED3D86D1CEF43E03D910C671D.e.6228"}]}
COMMAND: GET /session/cda6b29e510b44d9979fdab5b6517565/element/f.5E866639E2C7498835F0FF88C67C8471.d.19D38C0ED3D86D1CEF43E03D910C671D.e.6228/enabled - {}
COMMAND: GET /session/cda6b29e510b44d9979fdab5b6517565/screenshot - {}
RESULT: {}
COMMAND: POST /session/cda6b29e510b44d9979fdab5b6517565/element/f.5E866639E2C7498835F0FF88C67C8471.d.19D38C0ED3D86D1CEF43E03D910C671D.e.6228/click - {}
COMMAND: GET /session/cda6b29e510b44d9979fdab5b6517565/screenshot - {}
RESULT: {}
RESULT: {}
COMMAND: GET /session/cda6b29e510b44d9979fdab5b6517565/screenshot - {}
RESULT: {}
RESULT: {}
COMMAND: POST /session/cda6b29e510b44d9979fdab5b6517565/element/f.5E866639E2C7498835F0FF88C67C8471.d.19D38C0ED3D86D1CEF43E03D910C671D.e.6228/clear - {}
RESULT: {}
COMMAND: POST /session/cda6b29e510b44d9979fdab5b6517565/element/f.5E866639E2C7498835F0FF88C67C8471.d.19D38C0ED3D86D1CEF43E03D910C671D.e.6228/value - {"text":"10336"}
COMMAND: GET /session/cda6b29e510b44d9979fdab5b6517565/screenshot - {}
RESULT: {"text":"10336"}
COMMAND: POST /session/cda6b29e510b44d9979fdab5b6517565/actions - {"actions":[{"id":"action21","type":"key","parameters":{},"actions":[{"type":"keyDown","value":"î€‡"},{"type":"pause","duration":10},{"type":"keyUp","value":"î€‡"}]}]}
COMMAND: GET /session/cda6b29e510b44d9979fdab5b6517565/screenshot - {}
RESULT: {}
RESULT: {"actions":[{"id":"action21","type":"key","parameters":{},"actions":[{"type":"keyDown","value":"î€‡"},{"type":"pause","duration":10},{"type":"keyUp","value":"î€‡"}]}]}
COMMAND: GET /session/cda6b29e510b44d9979fdab5b6517565/screenshot - {}
RESULT: {}
RESULT: {}
COMMAND: POST /session/cda6b29e510b44d9979fdab5b6517565/element - {"using":"xpath","value":"//span[contains(@id ,\"application-billingtransfer-display-component---billingWorkbench--smartTableBillingRuns-header-inner\")]"}
RESULT: {"using":"xpath","value":"//span[contains(@id ,\"application-billingtransfer-display-component---billingWorkbench--smartTableBillingRuns-header-inner\")]"}
COMMAND: POST /session/cda6b29e510b44d9979fdab5b6517565/elements - {"using":"xpath","value":"//span[contains(@id ,\"application-billingtransfer-display-component---billingWorkbench--smartTableBillingRuns-header-inner\")]"}
RESULT: {"using":"xpath","value":"//span[contains(@id ,\"application-billingtransfer-display-component---billingWorkbench--smartTableBillingRuns-header-inner\")]"}
COMMAND: POST /session/cda6b29e510b44d9979fdab5b6517565/execute/sync - {"script":"<script> [56 bytes]","args":[{"element-6066-11e4-a52e-4f735466cecf":"f.5E866639E2C7498835F0FF88C67C8471.d.19D38C0ED3D86D1CEF43E03D910C671D.e.6389","ELEMENT":"f.5E866639E2C7498835F0FF88C67C8471.d.19D38C0ED3D86D1CEF43E03D910C671D.e.6389"}]}
RESULT: {"script":"<script> [56 bytes]","args":[{"element-6066-11e4-a52e-4f735466cecf":"f.5E866639E2C7498835F0FF88C67C8471.d.19D38C0ED3D86D1CEF43E03D910C671D.e.6389","ELEMENT":"f.5E866639E2C7498835F0FF88C67C8471.d.19D38C0ED3D86D1CEF43E03D910C671D.e.6389"}]}
COMMAND: POST /session/cda6b29e510b44d9979fdab5b6517565/element - {"using":"xpath","value":"//td[@aria-colindex=\"1\"]/div/div[contains(@class, \"sapMCbBg\")]"}
COMMAND: GET /session/cda6b29e510b44d9979fdab5b6517565/screenshot - {}
RESULT: {"using":"xpath","value":"//td[@aria-colindex=\"1\"]/div/div[contains(@class, \"sapMCbBg\")]"}
COMMAND: POST /session/cda6b29e510b44d9979fdab5b6517565/element/f.5E866639E2C7498835F0FF88C67C8471.d.19D38C0ED3D86D1CEF43E03D910C671D.e.6336/click - {}
RESULT: {}
RESULT: {}
COMMAND: GET /session/cda6b29e510b44d9979fdab5b6517565/screenshot - {}
RESULT: {}
COMMAND: POST /session/cda6b29e510b44d9979fdab5b6517565/element - {"using":"xpath","value":"//bdi[contains(text(), \"Check\")]"}
RESULT: {"using":"xpath","value":"//bdi[contains(text(), \"Check\")]"}
COMMAND: POST /session/cda6b29e510b44d9979fdab5b6517565/element/f.5E866639E2C7498835F0FF88C67C8471.d.19D38C0ED3D86D1CEF43E03D910C671D.e.6390/click - {}
RESULT: {}
COMMAND: GET /session/cda6b29e510b44d9979fdab5b6517565/screenshot - {}
RESULT: {}
COMMAND: POST /session/cda6b29e510b44d9979fdab5b6517565/element - {"using":"xpath","value":"//bdi[contains(text(), \"OK\")]"}
RESULT: {"using":"xpath","value":"//bdi[contains(text(), \"OK\")]"}
COMMAND: POST /session/cda6b29e510b44d9979fdab5b6517565/element/f.5E866639E2C7498835F0FF88C67C8471.d.19D38C0ED3D86D1CEF43E03D910C671D.e.6394/click - {}
RESULT: {}
COMMAND: GET /session/cda6b29e510b44d9979fdab5b6517565/screenshot - {}
RESULT: {}
COMMAND: POST /session/cda6b29e510b44d9979fdab5b6517565/element - {"using":"xpath","value":"(//span[contains(text(), \"CO/SD checked\")]/parent::div/preceding-sibling::div/span)[1]"}
RESULT: {"using":"xpath","value":"(//span[contains(text(), \"CO/SD checked\")]/parent::div/preceding-sibling::div/span)[1]"}
COMMAND: POST /session/cda6b29e510b44d9979fdab5b6517565/element/f.5E866639E2C7498835F0FF88C67C8471.d.19D38C0ED3D86D1CEF43E03D910C671D.e.6395/click - {}
RESULT: {}
COMMAND: GET /session/cda6b29e510b44d9979fdab5b6517565/screenshot - {}
RESULT: {}
COMMAND: POST /session/cda6b29e510b44d9979fdab5b6517565/element - {"using":"xpath","value":"//input[contains(@id ,\"application-billingtransfer-display-component---billingWorkbench--smartFilterBar-btnBasicSearch\")]"}
RESULT: {"using":"xpath","value":"//input[contains(@id ,\"application-billingtransfer-display-component---billingWorkbench--smartFilterBar-btnBasicSearch\")]"}
COMMAND: POST /session/cda6b29e510b44d9979fdab5b6517565/elements - {"using":"xpath","value":"//input[contains(@id ,\"application-billingtransfer-display-component---billingWorkbench--smartFilterBar-btnBasicSearch\")]"}
RESULT: {"using":"xpath","value":"//input[contains(@id ,\"application-billingtransfer-display-component---billingWorkbench--smartFilterBar-btnBasicSearch\")]"}
COMMAND: POST /session/cda6b29e510b44d9979fdab5b6517565/execute/sync - {"script":"<script> [8489 bytes]","args":[{"element-6066-11e4-a52e-4f735466cecf":"f.5E866639E2C7498835F0FF88C67C8471.d.19D38C0ED3D86D1CEF43E03D910C671D.e.6228","ELEMENT":"f.5E866639E2C7498835F0FF88C67C8471.d.19D38C0ED3D86D1CEF43E03D910C671D.e.6228"}]}
RESULT: {"script":"<script> [8489 bytes]","args":[{"element-6066-11e4-a52e-4f735466cecf":"f.5E866639E2C7498835F0FF88C67C8471.d.19D38C0ED3D86D1CEF43E03D910C671D.e.6228","ELEMENT":"f.5E866639E2C7498835F0FF88C67C8471.d.19D38C0ED3D86D1CEF43E03D910C671D.e.6228"}]}
COMMAND: GET /session/cda6b29e510b44d9979fdab5b6517565/element/f.5E866639E2C7498835F0FF88C67C8471.d.19D38C0ED3D86D1CEF43E03D910C671D.e.6228/enabled - {}
COMMAND: GET /session/cda6b29e510b44d9979fdab5b6517565/screenshot - {}
RESULT: {}
COMMAND: POST /session/cda6b29e510b44d9979fdab5b6517565/element/f.5E866639E2C7498835F0FF88C67C8471.d.19D38C0ED3D86D1CEF43E03D910C671D.e.6228/click - {}
COMMAND: GET /session/cda6b29e510b44d9979fdab5b6517565/screenshot - {}
RESULT: {}
RESULT: {}
COMMAND: GET /session/cda6b29e510b44d9979fdab5b6517565/screenshot - {}
RESULT: {}
RESULT: {}
COMMAND: POST /session/cda6b29e510b44d9979fdab5b6517565/element/f.5E866639E2C7498835F0FF88C67C8471.d.19D38C0ED3D86D1CEF43E03D910C671D.e.6228/clear - {}
RESULT: {}
COMMAND: POST /session/cda6b29e510b44d9979fdab5b6517565/element/f.5E866639E2C7498835F0FF88C67C8471.d.19D38C0ED3D86D1CEF43E03D910C671D.e.6228/value - {"text":"10336"}
COMMAND: GET /session/cda6b29e510b44d9979fdab5b6517565/screenshot - {}
RESULT: {"text":"10336"}
COMMAND: POST /session/cda6b29e510b44d9979fdab5b6517565/actions - {"actions":[{"id":"action22","type":"key","parameters":{},"actions":[{"type":"keyDown","value":"î€‡"},{"type":"pause","duration":10},{"type":"keyUp","value":"î€‡"}]}]}
COMMAND: GET /session/cda6b29e510b44d9979fdab5b6517565/screenshot - {}
RESULT: {}
RESULT: {"actions":[{"id":"action22","type":"key","parameters":{},"actions":[{"type":"keyDown","value":"î€‡"},{"type":"pause","duration":10},{"type":"keyUp","value":"î€‡"}]}]}
COMMAND: GET /session/cda6b29e510b44d9979fdab5b6517565/screenshot - {}
RESULT: {}
RESULT: {}
COMMAND: POST /session/cda6b29e510b44d9979fdab5b6517565/element - {"using":"xpath","value":"//span[contains(@id ,\"application-billingtransfer-display-component---billingWorkbench--smartTableBillingRuns-header-inner\")]"}
RESULT: {"using":"xpath","value":"//span[contains(@id ,\"application-billingtransfer-display-component---billingWorkbench--smartTableBillingRuns-header-inner\")]"}
COMMAND: POST /session/cda6b29e510b44d9979fdab5b6517565/elements - {"using":"xpath","value":"//span[contains(@id ,\"application-billingtransfer-display-component---billingWorkbench--smartTableBillingRuns-header-inner\")]"}
RESULT: {"using":"xpath","value":"//span[contains(@id ,\"application-billingtransfer-display-component---billingWorkbench--smartTableBillingRuns-header-inner\")]"}
COMMAND: POST /session/cda6b29e510b44d9979fdab5b6517565/execute/sync - {"script":"<script> [56 bytes]","args":[{"element-6066-11e4-a52e-4f735466cecf":"f.5E866639E2C7498835F0FF88C67C8471.d.19D38C0ED3D86D1CEF43E03D910C671D.e.6389","ELEMENT":"f.5E866639E2C7498835F0FF88C67C8471.d.19D38C0ED3D86D1CEF43E03D910C671D.e.6389"}]}
RESULT: {"script":"<script> [56 bytes]","args":[{"element-6066-11e4-a52e-4f735466cecf":"f.5E866639E2C7498835F0FF88C67C8471.d.19D38C0ED3D86D1CEF43E03D910C671D.e.6389","ELEMENT":"f.5E866639E2C7498835F0FF88C67C8471.d.19D38C0ED3D86D1CEF43E03D910C671D.e.6389"}]}
COMMAND: POST /session/cda6b29e510b44d9979fdab5b6517565/element - {"using":"xpath","value":"//td[@aria-colindex=\"1\"]/div/div[contains(@class, \"sapMCbBg\")]"}
COMMAND: GET /session/cda6b29e510b44d9979fdab5b6517565/screenshot - {}
RESULT: {"using":"xpath","value":"//td[@aria-colindex=\"1\"]/div/div[contains(@class, \"sapMCbBg\")]"}
COMMAND: POST /session/cda6b29e510b44d9979fdab5b6517565/element/f.5E866639E2C7498835F0FF88C67C8471.d.19D38C0ED3D86D1CEF43E03D910C671D.e.6399/click - {}
RESULT: {}
RESULT: {}
COMMAND: GET /session/cda6b29e510b44d9979fdab5b6517565/screenshot - {}
RESULT: {}
COMMAND: POST /session/cda6b29e510b44d9979fdab5b6517565/element - {"using":"xpath","value":"//bdi[text()=\"Transfer\"]"}
RESULT: {"using":"xpath","value":"//bdi[text()=\"Transfer\"]"}
COMMAND: POST /session/cda6b29e510b44d9979fdab5b6517565/element/f.5E866639E2C7498835F0FF88C67C8471.d.19D38C0ED3D86D1CEF43E03D910C671D.e.6400/click - {}
RESULT: {}
COMMAND: GET /session/cda6b29e510b44d9979fdab5b6517565/screenshot - {}
RESULT: {}
COMMAND: POST /session/cda6b29e510b44d9979fdab5b6517565/element - {"using":"xpath","value":"//bdi[contains(text(), \"OK\")]"}
RESULT: {"using":"xpath","value":"//bdi[contains(text(), \"OK\")]"}
COMMAND: POST /session/cda6b29e510b44d9979fdab5b6517565/element/f.5E866639E2C7498835F0FF88C67C8471.d.19D38C0ED3D86D1CEF43E03D910C671D.e.6403/click - {}
RESULT: {}
COMMAND: GET /session/cda6b29e510b44d9979fdab5b6517565/screenshot - {}
RESULT: {}
COMMAND: POST /session/cda6b29e510b44d9979fdab5b6517565/element - {"using":"xpath","value":"(//span[contains(text(), \"Invoice open\")]/parent::div/preceding-sibling::div/span)[1]"}
RESULT: {"using":"xpath","value":"(//span[contains(text(), \"Invoice open\")]/parent::div/preceding-sibling::div/span)[1]"}
COMMAND: POST /session/cda6b29e510b44d9979fdab5b6517565/element/f.5E866639E2C7498835F0FF88C67C8471.d.19D38C0ED3D86D1CEF43E03D910C671D.e.6412/click - {}
RESULT: {}
COMMAND: GET /session/cda6b29e510b44d9979fdab5b6517565/screenshot - {}
RESULT: {}
COMMAND: POST /session/cda6b29e510b44d9979fdab5b6517565/element - {"using":"xpath","value":"//input[contains(@id ,\"application-billingtransfer-display-component---billingWorkbench--smartFilterBar-btnBasicSearch\")]"}
RESULT: {"using":"xpath","value":"//input[contains(@id ,\"application-billingtransfer-display-component---billingWorkbench--smartFilterBar-btnBasicSearch\")]"}
COMMAND: POST /session/cda6b29e510b44d9979fdab5b6517565/elements - {"using":"xpath","value":"//input[contains(@id ,\"application-billingtransfer-display-component---billingWorkbench--smartFilterBar-btnBasicSearch\")]"}
RESULT: {"using":"xpath","value":"//input[contains(@id ,\"application-billingtransfer-display-component---billingWorkbench--smartFilterBar-btnBasicSearch\")]"}
COMMAND: POST /session/cda6b29e510b44d9979fdab5b6517565/execute/sync - {"script":"<script> [8489 bytes]","args":[{"element-6066-11e4-a52e-4f735466cecf":"f.5E866639E2C7498835F0FF88C67C8471.d.19D38C0ED3D86D1CEF43E03D910C671D.e.6228","ELEMENT":"f.5E866639E2C7498835F0FF88C67C8471.d.19D38C0ED3D86D1CEF43E03D910C671D.e.6228"}]}
RESULT: {"script":"<script> [8489 bytes]","args":[{"element-6066-11e4-a52e-4f735466cecf":"f.5E866639E2C7498835F0FF88C67C8471.d.19D38C0ED3D86D1CEF43E03D910C671D.e.6228","ELEMENT":"f.5E866639E2C7498835F0FF88C67C8471.d.19D38C0ED3D86D1CEF43E03D910C671D.e.6228"}]}
COMMAND: GET /session/cda6b29e510b44d9979fdab5b6517565/element/f.5E866639E2C7498835F0FF88C67C8471.d.19D38C0ED3D86D1CEF43E03D910C671D.e.6228/enabled - {}
COMMAND: GET /session/cda6b29e510b44d9979fdab5b6517565/screenshot - {}
RESULT: {}
COMMAND: POST /session/cda6b29e510b44d9979fdab5b6517565/element/f.5E866639E2C7498835F0FF88C67C8471.d.19D38C0ED3D86D1CEF43E03D910C671D.e.6228/click - {}
COMMAND: GET /session/cda6b29e510b44d9979fdab5b6517565/screenshot - {}
RESULT: {}
RESULT: {}
COMMAND: GET /session/cda6b29e510b44d9979fdab5b6517565/screenshot - {}
RESULT: {}
RESULT: {}
COMMAND: POST /session/cda6b29e510b44d9979fdab5b6517565/element/f.5E866639E2C7498835F0FF88C67C8471.d.19D38C0ED3D86D1CEF43E03D910C671D.e.6228/clear - {}
RESULT: {}
COMMAND: POST /session/cda6b29e510b44d9979fdab5b6517565/element/f.5E866639E2C7498835F0FF88C67C8471.d.19D38C0ED3D86D1CEF43E03D910C671D.e.6228/value - {"text":"10336"}
COMMAND: GET /session/cda6b29e510b44d9979fdab5b6517565/screenshot - {}
RESULT: {"text":"10336"}
COMMAND: POST /session/cda6b29e510b44d9979fdab5b6517565/actions - {"actions":[{"id":"action23","type":"key","parameters":{},"actions":[{"type":"keyDown","value":"î€‡"},{"type":"pause","duration":10},{"type":"keyUp","value":"î€‡"}]}]}
COMMAND: GET /session/cda6b29e510b44d9979fdab5b6517565/screenshot - {}
RESULT: {}
RESULT: {"actions":[{"id":"action23","type":"key","parameters":{},"actions":[{"type":"keyDown","value":"î€‡"},{"type":"pause","duration":10},{"type":"keyUp","value":"î€‡"}]}]}
COMMAND: GET /session/cda6b29e510b44d9979fdab5b6517565/screenshot - {}
RESULT: {}
RESULT: {}
COMMAND: POST /session/cda6b29e510b44d9979fdab5b6517565/element - {"using":"xpath","value":"//span[contains(@id ,\"application-billingtransfer-display-component---billingWorkbench--smartTableBillingRuns-header-inner\")]"}
RESULT: {"using":"xpath","value":"//span[contains(@id ,\"application-billingtransfer-display-component---billingWorkbench--smartTableBillingRuns-header-inner\")]"}
COMMAND: POST /session/cda6b29e510b44d9979fdab5b6517565/elements - {"using":"xpath","value":"//span[contains(@id ,\"application-billingtransfer-display-component---billingWorkbench--smartTableBillingRuns-header-inner\")]"}
RESULT: {"using":"xpath","value":"//span[contains(@id ,\"application-billingtransfer-display-component---billingWorkbench--smartTableBillingRuns-header-inner\")]"}
COMMAND: POST /session/cda6b29e510b44d9979fdab5b6517565/execute/sync - {"script":"<script> [56 bytes]","args":[{"element-6066-11e4-a52e-4f735466cecf":"f.5E866639E2C7498835F0FF88C67C8471.d.19D38C0ED3D86D1CEF43E03D910C671D.e.6389","ELEMENT":"f.5E866639E2C7498835F0FF88C67C8471.d.19D38C0ED3D86D1CEF43E03D910C671D.e.6389"}]}
RESULT: {"script":"<script> [56 bytes]","args":[{"element-6066-11e4-a52e-4f735466cecf":"f.5E866639E2C7498835F0FF88C67C8471.d.19D38C0ED3D86D1CEF43E03D910C671D.e.6389","ELEMENT":"f.5E866639E2C7498835F0FF88C67C8471.d.19D38C0ED3D86D1CEF43E03D910C671D.e.6389"}]}
COMMAND: POST /session/cda6b29e510b44d9979fdab5b6517565/element - {"using":"css selector","value":"#shell-header-logo"}
COMMAND: GET /session/cda6b29e510b44d9979fdab5b6517565/screenshot - {}
RESULT: {"using":"css selector","value":"#shell-header-logo"}
COMMAND: POST /session/cda6b29e510b44d9979fdab5b6517565/element/f.5E866639E2C7498835F0FF88C67C8471.d.19D38C0ED3D86D1CEF43E03D910C671D.e.6226/click - {}
RESULT: {}
RESULT: {}
COMMAND: GET /session/cda6b29e510b44d9979fdab5b6517565/screenshot - {}
RESULT: {}
COMMAND: POST /session/cda6b29e510b44d9979fdab5b6517565/element - {"using":"css selector","value":"#j_username"}
COMMAND: POST /session/cda6b29e510b44d9979fdab5b6517565/url - {"url":"https://qa-testing-00-live-etm-ui.cfapps.eu10-004.hana.ondemand.com/"}
RESULT: {"using":"css selector","value":"#j_username"}
COMMAND: POST /session/cda6b29e510b44d9979fdab5b6517565/element - {"using":"css selector","value":"#j_username"}
RESULT: {"url":"https://qa-testing-00-live-etm-ui.cfapps.eu10-004.hana.ondemand.com/"}
RESULT: undefined
COMMAND: GET /session/cda6b29e510b44d9979fdab5b6517565/screenshot - {}
RESULT: {"using":"css selector","value":"#j_username"}
COMMAND: POST /session/cda6b29e510b44d9979fdab5b6517565/element - {"using":"css selector","value":"#shell-header-logo"}
RESULT: {}
RESULT: {"using":"css selector","value":"#shell-header-logo"}
COMMAND: POST /session/cda6b29e510b44d9979fdab5b6517565/execute/sync - {"script":"<script> [8489 bytes]","args":[{"element-6066-11e4-a52e-4f735466cecf":"f.5E866639E2C7498835F0FF88C67C8471.d.72C0E65C2F6A158AB5D5911627090704.e.6428","ELEMENT":"f.5E866639E2C7498835F0FF88C67C8471.d.72C0E65C2F6A158AB5D5911627090704.e.6428"}]}
RESULT: {"script":"<script> [8489 bytes]","args":[{"element-6066-11e4-a52e-4f735466cecf":"f.5E866639E2C7498835F0FF88C67C8471.d.72C0E65C2F6A158AB5D5911627090704.e.6428","ELEMENT":"f.5E866639E2C7498835F0FF88C67C8471.d.72C0E65C2F6A158AB5D5911627090704.e.6428"}]}
COMMAND: POST /session/cda6b29e510b44d9979fdab5b6517565/element - {"using":"css selector","value":"#shell-header-logo"}
COMMAND: GET /session/cda6b29e510b44d9979fdab5b6517565/screenshot - {}
RESULT: {"using":"css selector","value":"#shell-header-logo"}
COMMAND: POST /session/cda6b29e510b44d9979fdab5b6517565/execute/sync - {"script":"<script> [8489 bytes]","args":[{"element-6066-11e4-a52e-4f735466cecf":"f.5E866639E2C7498835F0FF88C67C8471.d.72C0E65C2F6A158AB5D5911627090704.e.6428","ELEMENT":"f.5E866639E2C7498835F0FF88C67C8471.d.72C0E65C2F6A158AB5D5911627090704.e.6428"}]}
RESULT: {}
RESULT: {"script":"<script> [8489 bytes]","args":[{"element-6066-11e4-a52e-4f735466cecf":"f.5E866639E2C7498835F0FF88C67C8471.d.72C0E65C2F6A158AB5D5911627090704.e.6428","ELEMENT":"f.5E866639E2C7498835F0FF88C67C8471.d.72C0E65C2F6A158AB5D5911627090704.e.6428"}]}
COMMAND: POST /session/cda6b29e510b44d9979fdab5b6517565/execute/sync - {"script":"<script> [5351 bytes]","args":[{"element-6066-11e4-a52e-4f735466cecf":"f.5E866639E2C7498835F0FF88C67C8471.d.72C0E65C2F6A158AB5D5911627090704.e.6428","ELEMENT":"f.5E866639E2C7498835F0FF88C67C8471.d.72C0E65C2F6A158AB5D5911627090704.e.6428"}]}
COMMAND: GET /session/cda6b29e510b44d9979fdab5b6517565/screenshot - {}
RESULT: {"script":"<script> [5351 bytes]","args":[{"element-6066-11e4-a52e-4f735466cecf":"f.5E866639E2C7498835F0FF88C67C8471.d.72C0E65C2F6A158AB5D5911627090704.e.6428","ELEMENT":"f.5E866639E2C7498835F0FF88C67C8471.d.72C0E65C2F6A158AB5D5911627090704.e.6428"}]}
COMMAND: POST /session/cda6b29e510b44d9979fdab5b6517565/element - {"using":"css selector","value":"#shell-header-logo"}
COMMAND: GET /session/cda6b29e510b44d9979fdab5b6517565/screenshot - {}
RESULT: {}
RESULT: {"using":"css selector","value":"#shell-header-logo"}
COMMAND: POST /session/cda6b29e510b44d9979fdab5b6517565/element/f.5E866639E2C7498835F0FF88C67C8471.d.72C0E65C2F6A158AB5D5911627090704.e.6428/click - {}
RESULT: {}
RESULT: {}
COMMAND: GET /session/cda6b29e510b44d9979fdab5b6517565/screenshot - {}
RESULT: {}
COMMAND: POST /session/cda6b29e510b44d9979fdab5b6517565/execute/async - {"script":"<script> [189 bytes]","args":[]}
RESULT: {"script":"<script> [189 bytes]","args":[]}
COMMAND: POST /session/cda6b29e510b44d9979fdab5b6517565/execute/async - {"script":"<script> [123 bytes]","args":[]}
RESULT: {"script":"<script> [123 bytes]","args":[]}
COMMAND: POST /session/cda6b29e510b44d9979fdab5b6517565/timeouts - {"script":"<number>"}
RESULT: {"script":"<number>"}
COMMAND: GET /session/cda6b29e510b44d9979fdab5b6517565/timeouts - {}
RESULT: {}
RESULT: undefined
COMMAND: POST /session/cda6b29e510b44d9979fdab5b6517565/execute/async - {"script":"<script> [2676 bytes]","args":[]}
RESULT: {"script":"<script> [2676 bytes]","args":[]}
COMMAND: POST /session/cda6b29e510b44d9979fdab5b6517565/execute/async - {"script":"<script> [2342 bytes]","args":[{"protocol":"http","hostname":"0.0.0.0","path":"/","capabilities":{"browserName":"chrome","goog:chromeOptions":{"binary":"C:\\Program Files\\Google\\Chrome\\Application\\chrome.exe","args":["--start-maximized"]}},"logLevel":"warn","connectionRetryTimeout":120000,"connectionRetryCount":3,"logLevels":{},"enableDirectConnect":true,"strictSSL":true,"_":"65 more keys: [\"cacheDir\",\"port\",\"requestedCapabilities\",\"automationProtocol\",\"baseUrl\",\"waitforInterval\",\"waitforTimeout\",\"onReload\",\"beforeCommand\",\"afterCommand\",\"rootDir\",\"specs\",\"suites\",\"exclude\",\"groupLogsByTestSpec\",\"excludeDriverLogs\",\"bail\",\"framework\",\"reporters\",\"services\",\"maxInstances\",\"maxInstancesPerCapability\",\"injectGlobals\",\"filesToWatch\",\"execArgv\",\"runnerEnv\",\"runner\",\"shard\",\"specFileRetries\",\"specFileRetriesDelay\",\"specFileRetriesDeferred\",\"reporterSyncInterval\",\"reporterSyncTimeout\",\"cucumberFeaturesWithLineNumbers\",\"autoCompileOpts\",\"mochaOpts\",\"jasmineOpts\",\"cucumberOpts\",\"onPrepare\",\"onWorkerStart\",\"onWorkerEnd\",\"before\",\"beforeSession\",\"beforeSuite\",\"beforeHook\",\"beforeTest\",\"afterTest\",\"afterHook\",\"afterSuite\",\"afterSession\",\"after\",\"onComplete\",\"beforeAssertion\",\"afterAssertion\",\"beforeFeature\",\"beforeScenario\",\"beforeStep\",\"afterStep\",\"afterScenario\",\"afterFeature\",\"_\",\"suite\",\"$0\",\"ignoredWorkerServices\",\"wdi5\"]"}]}
RESULT: {"script":"<script> [2342 bytes]","args":[{"protocol":"http","hostname":"0.0.0.0","path":"/","capabilities":{"browserName":"chrome","goog:chromeOptions":{"binary":"C:\\Program Files\\Google\\Chrome\\Application\\chrome.exe","args":["--start-maximized"]}},"logLevel":"warn","connectionRetryTimeout":120000,"connectionRetryCount":3,"logLevels":{},"enableDirectConnect":true,"strictSSL":true,"_":"65 more keys: [\"cacheDir\",\"port\",\"requestedCapabilities\",\"automationProtocol\",\"baseUrl\",\"waitforInterval\",\"waitforTimeout\",\"onReload\",\"beforeCommand\",\"afterCommand\",\"rootDir\",\"specs\",\"suites\",\"exclude\",\"groupLogsByTestSpec\",\"excludeDriverLogs\",\"bail\",\"framework\",\"reporters\",\"services\",\"maxInstances\",\"maxInstancesPerCapability\",\"injectGlobals\",\"filesToWatch\",\"execArgv\",\"runnerEnv\",\"runner\",\"shard\",\"specFileRetries\",\"specFileRetriesDelay\",\"specFileRetriesDeferred\",\"reporterSyncInterval\",\"reporterSyncTimeout\",\"cucumberFeaturesWithLineNumbers\",\"autoCompileOpts\",\"mochaOpts\",\"jasmineOpts\",\"cucumberOpts\",\"onPrepare\",\"onWorkerStart\",\"onWorkerEnd\",\"before\",\"beforeSession\",\"beforeSuite\",\"beforeHook\",\"beforeTest\",\"afterTest\",\"afterHook\",\"afterSuite\",\"afterSession\",\"after\",\"onComplete\",\"beforeAssertion\",\"afterAssertion\",\"beforeFeature\",\"beforeScenario\",\"beforeStep\",\"afterStep\",\"afterScenario\",\"afterFeature\",\"_\",\"suite\",\"$0\",\"ignoredWorkerServices\",\"wdi5\"]"}]}
COMMAND: POST /session/cda6b29e510b44d9979fdab5b6517565/execute/async - {"script":"<script> [21126 bytes]","args":[35000]}
RESULT: {"script":"<script> [21126 bytes]","args":[35000]}
COMMAND: POST /session/cda6b29e510b44d9979fdab5b6517565/window/maximize - {}
RESULT: {}
COMMAND: POST /session/cda6b29e510b44d9979fdab5b6517565/execute/async - {"script":"<script> [1562 bytes]","args":[{"selector":{"id":"shell-header","interaction":{"idSuffix":"icon"}},"wdio_ui5_key":"shellheader"}]}
COMMAND: GET /session/cda6b29e510b44d9979fdab5b6517565/screenshot - {}
RESULT: {"script":"<script> [1562 bytes]","args":[{"selector":{"id":"shell-header","interaction":{"idSuffix":"icon"}},"wdio_ui5_key":"shellheader"}]}
RESULT: undefined
COMMAND: POST /session/cda6b29e510b44d9979fdab5b6517565/refresh - {}
RESULT: {}
RESULT: {}
COMMAND: GET /session/cda6b29e510b44d9979fdab5b6517565/screenshot - {}
RESULT: {}
COMMAND: POST /session/cda6b29e510b44d9979fdab5b6517565/refresh - {}
RESULT: {}
COMMAND: GET /session/cda6b29e510b44d9979fdab5b6517565/screenshot - {}
RESULT: {}
COMMAND: POST /session/cda6b29e510b44d9979fdab5b6517565/window/fullscreen - {}
RESULT: {}
COMMAND: POST /session/cda6b29e510b44d9979fdab5b6517565/execute/async - {"script":"<script> [189 bytes]","args":[]}
RESULT: {"script":"<script> [189 bytes]","args":[]}
COMMAND: POST /session/cda6b29e510b44d9979fdab5b6517565/execute/async - {"script":"<script> [123 bytes]","args":[]}
RESULT: {"script":"<script> [123 bytes]","args":[]}
COMMAND: POST /session/cda6b29e510b44d9979fdab5b6517565/timeouts - {"script":"<number>"}
RESULT: {"script":"<number>"}
COMMAND: GET /session/cda6b29e510b44d9979fdab5b6517565/timeouts - {}
RESULT: {}
RESULT: undefined
COMMAND: POST /session/cda6b29e510b44d9979fdab5b6517565/execute/async - {"script":"<script> [2676 bytes]","args":[]}
RESULT: {"script":"<script> [2676 bytes]","args":[]}
COMMAND: POST /session/cda6b29e510b44d9979fdab5b6517565/execute/async - {"script":"<script> [2342 bytes]","args":[{"protocol":"http","hostname":"0.0.0.0","path":"/","capabilities":{"browserName":"chrome","goog:chromeOptions":{"binary":"C:\\Program Files\\Google\\Chrome\\Application\\chrome.exe","args":["--start-maximized"]}},"logLevel":"warn","connectionRetryTimeout":120000,"connectionRetryCount":3,"logLevels":{},"enableDirectConnect":true,"strictSSL":true,"_":"65 more keys: [\"cacheDir\",\"port\",\"requestedCapabilities\",\"automationProtocol\",\"baseUrl\",\"waitforInterval\",\"waitforTimeout\",\"onReload\",\"beforeCommand\",\"afterCommand\",\"rootDir\",\"specs\",\"suites\",\"exclude\",\"groupLogsByTestSpec\",\"excludeDriverLogs\",\"bail\",\"framework\",\"reporters\",\"services\",\"maxInstances\",\"maxInstancesPerCapability\",\"injectGlobals\",\"filesToWatch\",\"execArgv\",\"runnerEnv\",\"runner\",\"shard\",\"specFileRetries\",\"specFileRetriesDelay\",\"specFileRetriesDeferred\",\"reporterSyncInterval\",\"reporterSyncTimeout\",\"cucumberFeaturesWithLineNumbers\",\"autoCompileOpts\",\"mochaOpts\",\"jasmineOpts\",\"cucumberOpts\",\"onPrepare\",\"onWorkerStart\",\"onWorkerEnd\",\"before\",\"beforeSession\",\"beforeSuite\",\"beforeHook\",\"beforeTest\",\"afterTest\",\"afterHook\",\"afterSuite\",\"afterSession\",\"after\",\"onComplete\",\"beforeAssertion\",\"afterAssertion\",\"beforeFeature\",\"beforeScenario\",\"beforeStep\",\"afterStep\",\"afterScenario\",\"afterFeature\",\"_\",\"suite\",\"$0\",\"ignoredWorkerServices\",\"wdi5\"]"}]}
RESULT: {"script":"<script> [2342 bytes]","args":[{"protocol":"http","hostname":"0.0.0.0","path":"/","capabilities":{"browserName":"chrome","goog:chromeOptions":{"binary":"C:\\Program Files\\Google\\Chrome\\Application\\chrome.exe","args":["--start-maximized"]}},"logLevel":"warn","connectionRetryTimeout":120000,"connectionRetryCount":3,"logLevels":{},"enableDirectConnect":true,"strictSSL":true,"_":"65 more keys: [\"cacheDir\",\"port\",\"requestedCapabilities\",\"automationProtocol\",\"baseUrl\",\"waitforInterval\",\"waitforTimeout\",\"onReload\",\"beforeCommand\",\"afterCommand\",\"rootDir\",\"specs\",\"suites\",\"exclude\",\"groupLogsByTestSpec\",\"excludeDriverLogs\",\"bail\",\"framework\",\"reporters\",\"services\",\"maxInstances\",\"maxInstancesPerCapability\",\"injectGlobals\",\"filesToWatch\",\"execArgv\",\"runnerEnv\",\"runner\",\"shard\",\"specFileRetries\",\"specFileRetriesDelay\",\"specFileRetriesDeferred\",\"reporterSyncInterval\",\"reporterSyncTimeout\",\"cucumberFeaturesWithLineNumbers\",\"autoCompileOpts\",\"mochaOpts\",\"jasmineOpts\",\"cucumberOpts\",\"onPrepare\",\"onWorkerStart\",\"onWorkerEnd\",\"before\",\"beforeSession\",\"beforeSuite\",\"beforeHook\",\"beforeTest\",\"afterTest\",\"afterHook\",\"afterSuite\",\"afterSession\",\"after\",\"onComplete\",\"beforeAssertion\",\"afterAssertion\",\"beforeFeature\",\"beforeScenario\",\"beforeStep\",\"afterStep\",\"afterScenario\",\"afterFeature\",\"_\",\"suite\",\"$0\",\"ignoredWorkerServices\",\"wdi5\"]"}]}
COMMAND: POST /session/cda6b29e510b44d9979fdab5b6517565/execute/async - {"script":"<script> [21126 bytes]","args":[35000]}
RESULT: {"script":"<script> [21126 bytes]","args":[35000]}
]]></system-out>
    </testcase>
  </testsuite>
  <testsuite timestamp="2025-05-17T17:37:48" time="1103.586" tests="12" failures="0" errors="0" skipped="0">
    <properties>
      <property name="specId" value="0" />
      <property name="suiteName" value="Billing Transfer - Intracompany US127249" />
      <property name="capabilities" value="chrome.136_0_7103_93.windows" />
      <property name="file" value="file:///D:/a/1/s/test/specs/BTS/billing-transfer-intracompany.spec.js" />
    </properties>
    <testcase classname="chrome.136_0_7103_93.windows.Billing_Transfer_-_Intracompany_US127249" name="Should create a new yard" time="129.55">
      <system-out><![CDATA[
COMMAND: POST /session/cda6b29e510b44d9979fdab5b6517565/window/fullscreen - {}
RESULT: {}
COMMAND: POST /session/cda6b29e510b44d9979fdab5b6517565/execute/async - {"script":"<script> [1562 bytes]","args":[{"selector":{"controlType":"sap.m.GenericTile","properties":{"header":"Manage Yards"}},"wdio_ui5_key":"sapm.GenericTile{\"header\":\"Manage Yards\"}"}]}
RESULT: {"script":"<script> [1562 bytes]","args":[{"selector":{"controlType":"sap.m.GenericTile","properties":{"header":"Manage Yards"}},"wdio_ui5_key":"sapm.GenericTile{\"header\":\"Manage Yards\"}"}]}
RESULT: undefined
COMMAND: POST /session/cda6b29e510b44d9979fdab5b6517565/element - {"using":"xpath","value":"//*[@id=\"__tile41\"]"}
RESULT: {"using":"xpath","value":"//*[@id=\"__tile41\"]"}
COMMAND: POST /session/cda6b29e510b44d9979fdab5b6517565/element/f.5E866639E2C7498835F0FF88C67C8471.d.D4A695D08C364A4D558B9C6CBF1DF80C.e.6577/click - {}
RESULT: {}
COMMAND: GET /session/cda6b29e510b44d9979fdab5b6517565/screenshot - {}
RESULT: {}
COMMAND: POST /session/cda6b29e510b44d9979fdab5b6517565/elements - {"using":"xpath","value":"//span[text()='Error']"}
RESULT: {"using":"xpath","value":"//span[text()='Error']"}
COMMAND: POST /session/cda6b29e510b44d9979fdab5b6517565/element - {"using":"xpath","value":"//button[@data-kt=\"addNewYardOverflowToolbarButton\"]"}
RESULT: {"using":"xpath","value":"//button[@data-kt=\"addNewYardOverflowToolbarButton\"]"}
COMMAND: POST /session/cda6b29e510b44d9979fdab5b6517565/elements - {"using":"xpath","value":"//button[@data-kt=\"addNewYardOverflowToolbarButton\"]"}
RESULT: {"using":"xpath","value":"//button[@data-kt=\"addNewYardOverflowToolbarButton\"]"}
COMMAND: POST /session/cda6b29e510b44d9979fdab5b6517565/execute/sync - {"script":"<script> [8489 bytes]","args":[{"element-6066-11e4-a52e-4f735466cecf":"f.5E866639E2C7498835F0FF88C67C8471.d.D4A695D08C364A4D558B9C6CBF1DF80C.e.6720","ELEMENT":"f.5E866639E2C7498835F0FF88C67C8471.d.D4A695D08C364A4D558B9C6CBF1DF80C.e.6720"}]}
RESULT: {"script":"<script> [8489 bytes]","args":[{"element-6066-11e4-a52e-4f735466cecf":"f.5E866639E2C7498835F0FF88C67C8471.d.D4A695D08C364A4D558B9C6CBF1DF80C.e.6720","ELEMENT":"f.5E866639E2C7498835F0FF88C67C8471.d.D4A695D08C364A4D558B9C6CBF1DF80C.e.6720"}]}
COMMAND: GET /session/cda6b29e510b44d9979fdab5b6517565/element/f.5E866639E2C7498835F0FF88C67C8471.d.D4A695D08C364A4D558B9C6CBF1DF80C.e.6720/enabled - {}
COMMAND: GET /session/cda6b29e510b44d9979fdab5b6517565/screenshot - {}
RESULT: {}
COMMAND: POST /session/cda6b29e510b44d9979fdab5b6517565/execute/sync - {"script":"<script> [8489 bytes]","args":[{"element-6066-11e4-a52e-4f735466cecf":"f.5E866639E2C7498835F0FF88C67C8471.d.D4A695D08C364A4D558B9C6CBF1DF80C.e.6720","ELEMENT":"f.5E866639E2C7498835F0FF88C67C8471.d.D4A695D08C364A4D558B9C6CBF1DF80C.e.6720"}]}
COMMAND: GET /session/cda6b29e510b44d9979fdab5b6517565/screenshot - {}
RESULT: {}
RESULT: {"script":"<script> [8489 bytes]","args":[{"element-6066-11e4-a52e-4f735466cecf":"f.5E866639E2C7498835F0FF88C67C8471.d.D4A695D08C364A4D558B9C6CBF1DF80C.e.6720","ELEMENT":"f.5E866639E2C7498835F0FF88C67C8471.d.D4A695D08C364A4D558B9C6CBF1DF80C.e.6720"}]}
COMMAND: POST /session/cda6b29e510b44d9979fdab5b6517565/execute/sync - {"script":"<script> [5351 bytes]","args":[{"element-6066-11e4-a52e-4f735466cecf":"f.5E866639E2C7498835F0FF88C67C8471.d.D4A695D08C364A4D558B9C6CBF1DF80C.e.6720","ELEMENT":"f.5E866639E2C7498835F0FF88C67C8471.d.D4A695D08C364A4D558B9C6CBF1DF80C.e.6720"}]}
COMMAND: GET /session/cda6b29e510b44d9979fdab5b6517565/screenshot - {}
RESULT: {}
RESULT: {"script":"<script> [5351 bytes]","args":[{"element-6066-11e4-a52e-4f735466cecf":"f.5E866639E2C7498835F0FF88C67C8471.d.D4A695D08C364A4D558B9C6CBF1DF80C.e.6720","ELEMENT":"f.5E866639E2C7498835F0FF88C67C8471.d.D4A695D08C364A4D558B9C6CBF1DF80C.e.6720"}]}
COMMAND: POST /session/cda6b29e510b44d9979fdab5b6517565/element/f.5E866639E2C7498835F0FF88C67C8471.d.D4A695D08C364A4D558B9C6CBF1DF80C.e.6720/click - {}
COMMAND: GET /session/cda6b29e510b44d9979fdab5b6517565/screenshot - {}
RESULT: {}
RESULT: {}
COMMAND: GET /session/cda6b29e510b44d9979fdab5b6517565/screenshot - {}
COMMAND: POST /session/cda6b29e510b44d9979fdab5b6517565/element - {"using":"xpath","value":"//input[@id=\"application-manageyards-display-component---NewYard--yardId-inner\"]"}
RESULT: {}
RESULT: {}
RESULT: {"using":"xpath","value":"//input[@id=\"application-manageyards-display-component---NewYard--yardId-inner\"]"}
COMMAND: POST /session/cda6b29e510b44d9979fdab5b6517565/element - {"using":"xpath","value":"//input[@id=\"application-manageyards-display-component---NewYard--yardId-inner\"]"}
RESULT: {"using":"xpath","value":"//input[@id=\"application-manageyards-display-component---NewYard--yardId-inner\"]"}
COMMAND: POST /session/cda6b29e510b44d9979fdab5b6517565/execute/async - {"script":"<script> [1562 bytes]","args":[{"selector":{"id":"application-manageyards-display-component---NewYard--addressDetailDetailsName1","interaction":{"idSuffix":"inner"}},"wdio_ui5_key":"applicationmanageyards-display-component---NewYard--addressDetailDetailsName1"}]}
RESULT: {"script":"<script> [1562 bytes]","args":[{"selector":{"id":"application-manageyards-display-component---NewYard--addressDetailDetailsName1","interaction":{"idSuffix":"inner"}},"wdio_ui5_key":"applicationmanageyards-display-component---NewYard--addressDetailDetailsName1"}]}
RESULT: undefined
COMMAND: POST /session/cda6b29e510b44d9979fdab5b6517565/execute/async - {"script":"<script> [776 bytes]","args":[{"enterText":"Intracompany Yard wdIO","selector":{"id":"application-manageyards-display-component---NewYard--addressDetailDetailsName1","interaction":{"idSuffix":"inner"}},"clearTextFirst":true,"interactionType":"ENTER_TEXT"}]}
RESULT: {"script":"<script> [776 bytes]","args":[{"enterText":"Intracompany Yard wdIO","selector":{"id":"application-manageyards-display-component---NewYard--addressDetailDetailsName1","interaction":{"idSuffix":"inner"}},"clearTextFirst":true,"interactionType":"ENTER_TEXT"}]}
COMMAND: POST /session/cda6b29e510b44d9979fdab5b6517565/execute/async - {"script":"<script> [1562 bytes]","args":[{"selector":{"id":"application-manageyards-display-component---NewYard--addressDetailDetailsLanguage-arrow"},"wdio_ui5_key":"applicationmanageyards-display-component---NewYard--addressDetailDetailsLanguage-arrow"}]}
RESULT: {"script":"<script> [1562 bytes]","args":[{"selector":{"id":"application-manageyards-display-component---NewYard--addressDetailDetailsLanguage-arrow"},"wdio_ui5_key":"applicationmanageyards-display-component---NewYard--addressDetailDetailsLanguage-arrow"}]}
RESULT: undefined
COMMAND: POST /session/cda6b29e510b44d9979fdab5b6517565/element - {"using":"xpath","value":"//*[@id=\"application-manageyards-display-component---NewYard--addressDetailDetailsLanguage-arrow\"]"}
RESULT: {"using":"xpath","value":"//*[@id=\"application-manageyards-display-component---NewYard--addressDetailDetailsLanguage-arrow\"]"}
COMMAND: POST /session/cda6b29e510b44d9979fdab5b6517565/element/f.5E866639E2C7498835F0FF88C67C8471.d.D4A695D08C364A4D558B9C6CBF1DF80C.e.7143/click - {}
RESULT: {}
COMMAND: POST /session/cda6b29e510b44d9979fdab5b6517565/element - {"using":"xpath","value":"//span[contains(text(), \"English\")]"}
COMMAND: GET /session/cda6b29e510b44d9979fdab5b6517565/screenshot - {}
RESULT: {"using":"xpath","value":"//span[contains(text(), \"English\")]"}
COMMAND: POST /session/cda6b29e510b44d9979fdab5b6517565/element/f.5E866639E2C7498835F0FF88C67C8471.d.D4A695D08C364A4D558B9C6CBF1DF80C.e.7144/click - {}
RESULT: {}
RESULT: {}
COMMAND: POST /session/cda6b29e510b44d9979fdab5b6517565/execute/async - {"script":"<script> [1562 bytes]","args":[{"selector":{"id":"application-manageyards-display-component---NewYard--addressDetailDetailsCity1","interaction":{"idSuffix":"inner"}},"wdio_ui5_key":"applicationmanageyards-display-component---NewYard--addressDetailDetailsCity1"}]}
COMMAND: GET /session/cda6b29e510b44d9979fdab5b6517565/screenshot - {}
RESULT: {"script":"<script> [1562 bytes]","args":[{"selector":{"id":"application-manageyards-display-component---NewYard--addressDetailDetailsCity1","interaction":{"idSuffix":"inner"}},"wdio_ui5_key":"applicationmanageyards-display-component---NewYard--addressDetailDetailsCity1"}]}
RESULT: undefined
COMMAND: POST /session/cda6b29e510b44d9979fdab5b6517565/execute/async - {"script":"<script> [776 bytes]","args":[{"enterText":"Rosario","selector":{"id":"application-manageyards-display-component---NewYard--addressDetailDetailsCity1","interaction":{"idSuffix":"inner"}},"clearTextFirst":true,"interactionType":"ENTER_TEXT"}]}
RESULT: {}
RESULT: {"script":"<script> [776 bytes]","args":[{"enterText":"Rosario","selector":{"id":"application-manageyards-display-component---NewYard--addressDetailDetailsCity1","interaction":{"idSuffix":"inner"}},"clearTextFirst":true,"interactionType":"ENTER_TEXT"}]}
COMMAND: POST /session/cda6b29e510b44d9979fdab5b6517565/execute/async - {"script":"<script> [1562 bytes]","args":[{"selector":{"id":"application-manageyards-display-component---NewYard--addressDetailDetailsCountry-arrow"},"wdio_ui5_key":"applicationmanageyards-display-component---NewYard--addressDetailDetailsCountry-arrow"}]}
RESULT: {"script":"<script> [1562 bytes]","args":[{"selector":{"id":"application-manageyards-display-component---NewYard--addressDetailDetailsCountry-arrow"},"wdio_ui5_key":"applicationmanageyards-display-component---NewYard--addressDetailDetailsCountry-arrow"}]}
RESULT: undefined
COMMAND: POST /session/cda6b29e510b44d9979fdab5b6517565/element - {"using":"xpath","value":"//*[@id=\"application-manageyards-display-component---NewYard--addressDetailDetailsCountry-arrow\"]"}
RESULT: {"using":"xpath","value":"//*[@id=\"application-manageyards-display-component---NewYard--addressDetailDetailsCountry-arrow\"]"}
COMMAND: POST /session/cda6b29e510b44d9979fdab5b6517565/element/f.5E866639E2C7498835F0FF88C67C8471.d.D4A695D08C364A4D558B9C6CBF1DF80C.e.7146/click - {}
RESULT: {}
COMMAND: POST /session/cda6b29e510b44d9979fdab5b6517565/element - {"using":"xpath","value":"//span[contains(text(), \"Argentina\")]"}
COMMAND: GET /session/cda6b29e510b44d9979fdab5b6517565/screenshot - {}
RESULT: {"using":"xpath","value":"//span[contains(text(), \"Argentina\")]"}
COMMAND: POST /session/cda6b29e510b44d9979fdab5b6517565/element/f.5E866639E2C7498835F0FF88C67C8471.d.D4A695D08C364A4D558B9C6CBF1DF80C.e.7147/click - {}
RESULT: {}
RESULT: {}
COMMAND: POST /session/cda6b29e510b44d9979fdab5b6517565/execute/async - {"script":"<script> [1562 bytes]","args":[{"selector":{"id":"application-manageyards-display-component---NewYard--addressEditDetailsCostObjectCstType-arrow"},"wdio_ui5_key":"applicationmanageyards-display-component---NewYard--addressEditDetailsCostObjectCstType-arrow"}]}
COMMAND: GET /session/cda6b29e510b44d9979fdab5b6517565/screenshot - {}
RESULT: {"script":"<script> [1562 bytes]","args":[{"selector":{"id":"application-manageyards-display-component---NewYard--addressEditDetailsCostObjectCstType-arrow"},"wdio_ui5_key":"applicationmanageyards-display-component---NewYard--addressEditDetailsCostObjectCstType-arrow"}]}
RESULT: undefined
COMMAND: POST /session/cda6b29e510b44d9979fdab5b6517565/element - {"using":"xpath","value":"//*[@id=\"application-manageyards-display-component---NewYard--addressEditDetailsCostObjectCstType-arrow\"]"}
RESULT: {}
RESULT: {"using":"xpath","value":"//*[@id=\"application-manageyards-display-component---NewYard--addressEditDetailsCostObjectCstType-arrow\"]"}
COMMAND: POST /session/cda6b29e510b44d9979fdab5b6517565/element/f.5E866639E2C7498835F0FF88C67C8471.d.D4A695D08C364A4D558B9C6CBF1DF80C.e.7149/click - {}
RESULT: {}
COMMAND: POST /session/cda6b29e510b44d9979fdab5b6517565/element - {"using":"xpath","value":"//span[contains(text(), \"Cost Center\")]"}
COMMAND: GET /session/cda6b29e510b44d9979fdab5b6517565/screenshot - {}
RESULT: {"using":"xpath","value":"//span[contains(text(), \"Cost Center\")]"}
COMMAND: POST /session/cda6b29e510b44d9979fdab5b6517565/element/f.5E866639E2C7498835F0FF88C67C8471.d.D4A695D08C364A4D558B9C6CBF1DF80C.e.7150/click - {}
RESULT: {}
RESULT: {}
COMMAND: GET /session/cda6b29e510b44d9979fdab5b6517565/screenshot - {}
RESULT: {}
COMMAND: POST /session/cda6b29e510b44d9979fdab5b6517565/element - {"using":"xpath","value":"//span[@id=\"application-manageyards-display-component---NewYard--addressNewCostObjectCstID-vhi\"]"}
RESULT: {"using":"xpath","value":"//span[@id=\"application-manageyards-display-component---NewYard--addressNewCostObjectCstID-vhi\"]"}
COMMAND: POST /session/cda6b29e510b44d9979fdab5b6517565/execute/sync - {"script":"<script> [8489 bytes]","args":[{"element-6066-11e4-a52e-4f735466cecf":"f.5E866639E2C7498835F0FF88C67C8471.d.D4A695D08C364A4D558B9C6CBF1DF80C.e.7154","ELEMENT":"f.5E866639E2C7498835F0FF88C67C8471.d.D4A695D08C364A4D558B9C6CBF1DF80C.e.7154"}]}
RESULT: {"script":"<script> [8489 bytes]","args":[{"element-6066-11e4-a52e-4f735466cecf":"f.5E866639E2C7498835F0FF88C67C8471.d.D4A695D08C364A4D558B9C6CBF1DF80C.e.7154","ELEMENT":"f.5E866639E2C7498835F0FF88C67C8471.d.D4A695D08C364A4D558B9C6CBF1DF80C.e.7154"}]}
COMMAND: POST /session/cda6b29e510b44d9979fdab5b6517565/execute/async - {"script":"<script> [1562 bytes]","args":[{"selector":{"id":"application-manageyards-display-component---NewYard--addressNewCostObjectCstID-vhi"},"wdio_ui5_key":"applicationmanageyards-display-component---NewYard--addressNewCostObjectCstID-vhi"}]}
COMMAND: GET /session/cda6b29e510b44d9979fdab5b6517565/screenshot - {}
RESULT: {"script":"<script> [1562 bytes]","args":[{"selector":{"id":"application-manageyards-display-component---NewYard--addressNewCostObjectCstID-vhi"},"wdio_ui5_key":"applicationmanageyards-display-component---NewYard--addressNewCostObjectCstID-vhi"}]}
RESULT: undefined
COMMAND: POST /session/cda6b29e510b44d9979fdab5b6517565/element - {"using":"xpath","value":"//*[@id=\"application-manageyards-display-component---NewYard--addressNewCostObjectCstID-vhi\"]"}
RESULT: {}
RESULT: {"using":"xpath","value":"//*[@id=\"application-manageyards-display-component---NewYard--addressNewCostObjectCstID-vhi\"]"}
COMMAND: POST /session/cda6b29e510b44d9979fdab5b6517565/element/f.5E866639E2C7498835F0FF88C67C8471.d.D4A695D08C364A4D558B9C6CBF1DF80C.e.7154/click - {}
RESULT: {}
COMMAND: GET /session/cda6b29e510b44d9979fdab5b6517565/screenshot - {}
RESULT: {}
COMMAND: POST /session/cda6b29e510b44d9979fdab5b6517565/execute/async - {"script":"<script> [1562 bytes]","args":[{"selector":{"controlType":"sap.m.SearchField","properties":{"placeholder":"Search"},"searchOpenDialogs":true,"interaction":{"idSuffix":"I"}},"wdio_ui5_key":"sapm.SearchField{\"placeholder\":\"Search\"}"}]}
RESULT: {"script":"<script> [1562 bytes]","args":[{"selector":{"controlType":"sap.m.SearchField","properties":{"placeholder":"Search"},"searchOpenDialogs":true,"interaction":{"idSuffix":"I"}},"wdio_ui5_key":"sapm.SearchField{\"placeholder\":\"Search\"}"}]}
RESULT: undefined
COMMAND: POST /session/cda6b29e510b44d9979fdab5b6517565/execute/async - {"script":"<script> [776 bytes]","args":[{"enterText":"bauh_b","selector":{"controlType":"sap.m.SearchField","properties":{"placeholder":"Search"},"searchOpenDialogs":true,"interaction":{"idSuffix":"I"}},"clearTextFirst":true,"interactionType":"ENTER_TEXT"}]}
RESULT: {"script":"<script> [776 bytes]","args":[{"enterText":"bauh_b","selector":{"controlType":"sap.m.SearchField","properties":{"placeholder":"Search"},"searchOpenDialogs":true,"interaction":{"idSuffix":"I"}},"clearTextFirst":true,"interactionType":"ENTER_TEXT"}]}
COMMAND: POST /session/cda6b29e510b44d9979fdab5b6517565/actions - {"actions":[{"id":"action24","type":"key","parameters":{},"actions":[{"type":"keyDown","value":"î€‡"},{"type":"pause","duration":10},{"type":"keyUp","value":"î€‡"}]}]}
RESULT: {"actions":[{"id":"action24","type":"key","parameters":{},"actions":[{"type":"keyDown","value":"î€‡"},{"type":"pause","duration":10},{"type":"keyUp","value":"î€‡"}]}]}
COMMAND: GET /session/cda6b29e510b44d9979fdab5b6517565/screenshot - {}
RESULT: {}
COMMAND: POST /session/cda6b29e510b44d9979fdab5b6517565/element - {"using":"xpath","value":"//span[contains(text(), \"Demo Yard\")]"}
RESULT: {"using":"xpath","value":"//span[contains(text(), \"Demo Yard\")]"}
COMMAND: POST /session/cda6b29e510b44d9979fdab5b6517565/element/f.5E866639E2C7498835F0FF88C67C8471.d.D4A695D08C364A4D558B9C6CBF1DF80C.e.7195/click - {}
RESULT: {}
COMMAND: GET /session/cda6b29e510b44d9979fdab5b6517565/screenshot - {}
RESULT: {}
COMMAND: POST /session/cda6b29e510b44d9979fdab5b6517565/element - {"using":"xpath","value":"//bdi[contains(text(), \"OK\")]"}
RESULT: {"using":"xpath","value":"//bdi[contains(text(), \"OK\")]"}
COMMAND: POST /session/cda6b29e510b44d9979fdab5b6517565/element/f.5E866639E2C7498835F0FF88C67C8471.d.D4A695D08C364A4D558B9C6CBF1DF80C.e.7196/click - {}
RESULT: {}
COMMAND: GET /session/cda6b29e510b44d9979fdab5b6517565/screenshot - {}
RESULT: {}
COMMAND: POST /session/cda6b29e510b44d9979fdab5b6517565/execute/async - {"script":"<script> [1562 bytes]","args":[{"selector":{"id":"application-manageyards-display-component---NewYard--addressEditDetailsCurrency-arrow"},"wdio_ui5_key":"applicationmanageyards-display-component---NewYard--addressEditDetailsCurrency-arrow"}]}
RESULT: {"script":"<script> [1562 bytes]","args":[{"selector":{"id":"application-manageyards-display-component---NewYard--addressEditDetailsCurrency-arrow"},"wdio_ui5_key":"applicationmanageyards-display-component---NewYard--addressEditDetailsCurrency-arrow"}]}
RESULT: undefined
COMMAND: POST /session/cda6b29e510b44d9979fdab5b6517565/element - {"using":"xpath","value":"//*[@id=\"application-manageyards-display-component---NewYard--addressEditDetailsCurrency-arrow\"]"}
RESULT: {"using":"xpath","value":"//*[@id=\"application-manageyards-display-component---NewYard--addressEditDetailsCurrency-arrow\"]"}
COMMAND: POST /session/cda6b29e510b44d9979fdab5b6517565/element/f.5E866639E2C7498835F0FF88C67C8471.d.D4A695D08C364A4D558B9C6CBF1DF80C.e.7199/click - {}
RESULT: {}
COMMAND: POST /session/cda6b29e510b44d9979fdab5b6517565/element - {"using":"xpath","value":"//span[contains(text(), \"Euro\")]"}
COMMAND: GET /session/cda6b29e510b44d9979fdab5b6517565/screenshot - {}
RESULT: {"using":"xpath","value":"//span[contains(text(), \"Euro\")]"}
COMMAND: POST /session/cda6b29e510b44d9979fdab5b6517565/element/f.5E866639E2C7498835F0FF88C67C8471.d.D4A695D08C364A4D558B9C6CBF1DF80C.e.7200/click - {}
RESULT: {}
RESULT: {}
COMMAND: POST /session/cda6b29e510b44d9979fdab5b6517565/execute/async - {"script":"<script> [1562 bytes]","args":[{"selector":{"controlType":"sap.m.Input","viewName":"etm.portal.ui.manageyards.view.New","viewId":"application-manageyards-display-component---NewYard","bindingPath":{"path":"","propertyPath":"/CONTROLLING_AREA","modelName":"NewYardModel"},"interaction":{"idSuffix":"inner"}},"wdio_ui5_key":"etmportal.ui.manageyards.view.Newsap.m.Input{\"path\":\"\",\"propertyPath\":\"/CONTROLLING_AREA\",\"modelName\":\"NewYardModel\"}"}]}
COMMAND: GET /session/cda6b29e510b44d9979fdab5b6517565/screenshot - {}
RESULT: {"script":"<script> [1562 bytes]","args":[{"selector":{"controlType":"sap.m.Input","viewName":"etm.portal.ui.manageyards.view.New","viewId":"application-manageyards-display-component---NewYard","bindingPath":{"path":"","propertyPath":"/CONTROLLING_AREA","modelName":"NewYardModel"},"interaction":{"idSuffix":"inner"}},"wdio_ui5_key":"etmportal.ui.manageyards.view.Newsap.m.Input{\"path\":\"\",\"propertyPath\":\"/CONTROLLING_AREA\",\"modelName\":\"NewYardModel\"}"}]}
RESULT: undefined
COMMAND: POST /session/cda6b29e510b44d9979fdab5b6517565/execute/async - {"script":"<script> [776 bytes]","args":[{"enterText":"Z001","selector":{"controlType":"sap.m.Input","viewName":"etm.portal.ui.manageyards.view.New","viewId":"application-manageyards-display-component---NewYard","bindingPath":{"path":"","propertyPath":"/CONTROLLING_AREA","modelName":"NewYardModel"},"interaction":{"idSuffix":"inner"}},"clearTextFirst":true,"interactionType":"ENTER_TEXT"}]}
RESULT: {}
RESULT: {"script":"<script> [776 bytes]","args":[{"enterText":"Z001","selector":{"controlType":"sap.m.Input","viewName":"etm.portal.ui.manageyards.view.New","viewId":"application-manageyards-display-component---NewYard","bindingPath":{"path":"","propertyPath":"/CONTROLLING_AREA","modelName":"NewYardModel"},"interaction":{"idSuffix":"inner"}},"clearTextFirst":true,"interactionType":"ENTER_TEXT"}]}
COMMAND: POST /session/cda6b29e510b44d9979fdab5b6517565/execute/async - {"script":"<script> [1562 bytes]","args":[{"selector":{"id":"application-manageyards-display-component---NewYard--companyCodeComboBox","interaction":{"idSuffix":"inner"}},"wdio_ui5_key":"applicationmanageyards-display-component---NewYard--companyCodeComboBox"}]}
RESULT: {"script":"<script> [1562 bytes]","args":[{"selector":{"id":"application-manageyards-display-component---NewYard--companyCodeComboBox","interaction":{"idSuffix":"inner"}},"wdio_ui5_key":"applicationmanageyards-display-component---NewYard--companyCodeComboBox"}]}
RESULT: undefined
COMMAND: POST /session/cda6b29e510b44d9979fdab5b6517565/execute/async - {"script":"<script> [776 bytes]","args":[{"enterText":"1000","selector":{"id":"application-manageyards-display-component---NewYard--companyCodeComboBox","interaction":{"idSuffix":"inner"}},"clearTextFirst":true,"interactionType":"ENTER_TEXT"}]}
RESULT: {"script":"<script> [776 bytes]","args":[{"enterText":"1000","selector":{"id":"application-manageyards-display-component---NewYard--companyCodeComboBox","interaction":{"idSuffix":"inner"}},"clearTextFirst":true,"interactionType":"ENTER_TEXT"}]}
COMMAND: POST /session/cda6b29e510b44d9979fdab5b6517565/execute/async - {"script":"<script> [1562 bytes]","args":[{"selector":{"controlType":"sap.m.Input","viewName":"etm.portal.ui.manageyards.view.New","viewId":"application-manageyards-display-component---NewYard","bindingPath":{"path":"","propertyPath":"/PLANT","modelName":"NewYardModel"},"interaction":{"idSuffix":"inner"}},"wdio_ui5_key":"etmportal.ui.manageyards.view.Newsap.m.Input{\"path\":\"\",\"propertyPath\":\"/PLANT\",\"modelName\":\"NewYardModel\"}"}]}
RESULT: {"script":"<script> [1562 bytes]","args":[{"selector":{"controlType":"sap.m.Input","viewName":"etm.portal.ui.manageyards.view.New","viewId":"application-manageyards-display-component---NewYard","bindingPath":{"path":"","propertyPath":"/PLANT","modelName":"NewYardModel"},"interaction":{"idSuffix":"inner"}},"wdio_ui5_key":"etmportal.ui.manageyards.view.Newsap.m.Input{\"path\":\"\",\"propertyPath\":\"/PLANT\",\"modelName\":\"NewYardModel\"}"}]}
RESULT: undefined
COMMAND: POST /session/cda6b29e510b44d9979fdab5b6517565/execute/async - {"script":"<script> [776 bytes]","args":[{"enterText":"1001","selector":{"controlType":"sap.m.Input","viewName":"etm.portal.ui.manageyards.view.New","viewId":"application-manageyards-display-component---NewYard","bindingPath":{"path":"","propertyPath":"/PLANT","modelName":"NewYardModel"},"interaction":{"idSuffix":"inner"}},"clearTextFirst":true,"interactionType":"ENTER_TEXT"}]}
RESULT: {"script":"<script> [776 bytes]","args":[{"enterText":"1001","selector":{"controlType":"sap.m.Input","viewName":"etm.portal.ui.manageyards.view.New","viewId":"application-manageyards-display-component---NewYard","bindingPath":{"path":"","propertyPath":"/PLANT","modelName":"NewYardModel"},"interaction":{"idSuffix":"inner"}},"clearTextFirst":true,"interactionType":"ENTER_TEXT"}]}
COMMAND: POST /session/cda6b29e510b44d9979fdab5b6517565/execute/async - {"script":"<script> [1562 bytes]","args":[{"selector":{"controlType":"sap.m.Input","viewName":"etm.portal.ui.manageyards.view.New","viewId":"application-manageyards-display-component---NewYard","bindingPath":{"path":"","propertyPath":"/SALES_AREA_VKORG","modelName":"NewYardModel"},"interaction":{"idSuffix":"inner"}},"wdio_ui5_key":"etmportal.ui.manageyards.view.Newsap.m.Input{\"path\":\"\",\"propertyPath\":\"/SALES_AREA_VKORG\",\"modelName\":\"NewYardModel\"}"}]}
RESULT: {"script":"<script> [1562 bytes]","args":[{"selector":{"controlType":"sap.m.Input","viewName":"etm.portal.ui.manageyards.view.New","viewId":"application-manageyards-display-component---NewYard","bindingPath":{"path":"","propertyPath":"/SALES_AREA_VKORG","modelName":"NewYardModel"},"interaction":{"idSuffix":"inner"}},"wdio_ui5_key":"etmportal.ui.manageyards.view.Newsap.m.Input{\"path\":\"\",\"propertyPath\":\"/SALES_AREA_VKORG\",\"modelName\":\"NewYardModel\"}"}]}
RESULT: undefined
COMMAND: POST /session/cda6b29e510b44d9979fdab5b6517565/execute/async - {"script":"<script> [776 bytes]","args":[{"enterText":"C002","selector":{"controlType":"sap.m.Input","viewName":"etm.portal.ui.manageyards.view.New","viewId":"application-manageyards-display-component---NewYard","bindingPath":{"path":"","propertyPath":"/SALES_AREA_VKORG","modelName":"NewYardModel"},"interaction":{"idSuffix":"inner"}},"clearTextFirst":true,"interactionType":"ENTER_TEXT"}]}
RESULT: {"script":"<script> [776 bytes]","args":[{"enterText":"C002","selector":{"controlType":"sap.m.Input","viewName":"etm.portal.ui.manageyards.view.New","viewId":"application-manageyards-display-component---NewYard","bindingPath":{"path":"","propertyPath":"/SALES_AREA_VKORG","modelName":"NewYardModel"},"interaction":{"idSuffix":"inner"}},"clearTextFirst":true,"interactionType":"ENTER_TEXT"}]}
COMMAND: POST /session/cda6b29e510b44d9979fdab5b6517565/execute/async - {"script":"<script> [1562 bytes]","args":[{"selector":{"controlType":"sap.m.Input","viewName":"etm.portal.ui.manageyards.view.New","viewId":"application-manageyards-display-component---NewYard","bindingPath":{"path":"","propertyPath":"/SALES_AREA_VTWEG","modelName":"NewYardModel"},"interaction":{"idSuffix":"inner"}},"wdio_ui5_key":"etmportal.ui.manageyards.view.Newsap.m.Input{\"path\":\"\",\"propertyPath\":\"/SALES_AREA_VTWEG\",\"modelName\":\"NewYardModel\"}"}]}
RESULT: {"script":"<script> [1562 bytes]","args":[{"selector":{"controlType":"sap.m.Input","viewName":"etm.portal.ui.manageyards.view.New","viewId":"application-manageyards-display-component---NewYard","bindingPath":{"path":"","propertyPath":"/SALES_AREA_VTWEG","modelName":"NewYardModel"},"interaction":{"idSuffix":"inner"}},"wdio_ui5_key":"etmportal.ui.manageyards.view.Newsap.m.Input{\"path\":\"\",\"propertyPath\":\"/SALES_AREA_VTWEG\",\"modelName\":\"NewYardModel\"}"}]}
RESULT: undefined
COMMAND: POST /session/cda6b29e510b44d9979fdab5b6517565/execute/async - {"script":"<script> [776 bytes]","args":[{"enterText":"C2","selector":{"controlType":"sap.m.Input","viewName":"etm.portal.ui.manageyards.view.New","viewId":"application-manageyards-display-component---NewYard","bindingPath":{"path":"","propertyPath":"/SALES_AREA_VTWEG","modelName":"NewYardModel"},"interaction":{"idSuffix":"inner"}},"clearTextFirst":true,"interactionType":"ENTER_TEXT"}]}
RESULT: {"script":"<script> [776 bytes]","args":[{"enterText":"C2","selector":{"controlType":"sap.m.Input","viewName":"etm.portal.ui.manageyards.view.New","viewId":"application-manageyards-display-component---NewYard","bindingPath":{"path":"","propertyPath":"/SALES_AREA_VTWEG","modelName":"NewYardModel"},"interaction":{"idSuffix":"inner"}},"clearTextFirst":true,"interactionType":"ENTER_TEXT"}]}
COMMAND: POST /session/cda6b29e510b44d9979fdab5b6517565/execute/async - {"script":"<script> [1562 bytes]","args":[{"selector":{"controlType":"sap.m.Input","viewName":"etm.portal.ui.manageyards.view.New","viewId":"application-manageyards-display-component---NewYard","bindingPath":{"path":"","propertyPath":"/SALES_AREA_SPART","modelName":"NewYardModel"},"interaction":{"idSuffix":"inner"}},"wdio_ui5_key":"etmportal.ui.manageyards.view.Newsap.m.Input{\"path\":\"\",\"propertyPath\":\"/SALES_AREA_SPART\",\"modelName\":\"NewYardModel\"}"}]}
RESULT: {"script":"<script> [1562 bytes]","args":[{"selector":{"controlType":"sap.m.Input","viewName":"etm.portal.ui.manageyards.view.New","viewId":"application-manageyards-display-component---NewYard","bindingPath":{"path":"","propertyPath":"/SALES_AREA_SPART","modelName":"NewYardModel"},"interaction":{"idSuffix":"inner"}},"wdio_ui5_key":"etmportal.ui.manageyards.view.Newsap.m.Input{\"path\":\"\",\"propertyPath\":\"/SALES_AREA_SPART\",\"modelName\":\"NewYardModel\"}"}]}
RESULT: undefined
COMMAND: POST /session/cda6b29e510b44d9979fdab5b6517565/execute/async - {"script":"<script> [776 bytes]","args":[{"enterText":"C2","selector":{"controlType":"sap.m.Input","viewName":"etm.portal.ui.manageyards.view.New","viewId":"application-manageyards-display-component---NewYard","bindingPath":{"path":"","propertyPath":"/SALES_AREA_SPART","modelName":"NewYardModel"},"interaction":{"idSuffix":"inner"}},"clearTextFirst":true,"interactionType":"ENTER_TEXT"}]}
RESULT: {"script":"<script> [776 bytes]","args":[{"enterText":"C2","selector":{"controlType":"sap.m.Input","viewName":"etm.portal.ui.manageyards.view.New","viewId":"application-manageyards-display-component---NewYard","bindingPath":{"path":"","propertyPath":"/SALES_AREA_SPART","modelName":"NewYardModel"},"interaction":{"idSuffix":"inner"}},"clearTextFirst":true,"interactionType":"ENTER_TEXT"}]}
COMMAND: POST /session/cda6b29e510b44d9979fdab5b6517565/execute/async - {"script":"<script> [1562 bytes]","args":[{"selector":{"controlType":"sap.m.Input","viewName":"etm.portal.ui.manageyards.view.New","viewId":"application-manageyards-display-component---NewYard","bindingPath":{"path":"","propertyPath":"/SHIP_POINT","modelName":"NewYardModel"},"interaction":{"idSuffix":"inner"}},"wdio_ui5_key":"etmportal.ui.manageyards.view.Newsap.m.Input{\"path\":\"\",\"propertyPath\":\"/SHIP_POINT\",\"modelName\":\"NewYardModel\"}"}]}
RESULT: {"script":"<script> [1562 bytes]","args":[{"selector":{"controlType":"sap.m.Input","viewName":"etm.portal.ui.manageyards.view.New","viewId":"application-manageyards-display-component---NewYard","bindingPath":{"path":"","propertyPath":"/SHIP_POINT","modelName":"NewYardModel"},"interaction":{"idSuffix":"inner"}},"wdio_ui5_key":"etmportal.ui.manageyards.view.Newsap.m.Input{\"path\":\"\",\"propertyPath\":\"/SHIP_POINT\",\"modelName\":\"NewYardModel\"}"}]}
RESULT: undefined
COMMAND: POST /session/cda6b29e510b44d9979fdab5b6517565/execute/async - {"script":"<script> [776 bytes]","args":[{"enterText":"1710","selector":{"controlType":"sap.m.Input","viewName":"etm.portal.ui.manageyards.view.New","viewId":"application-manageyards-display-component---NewYard","bindingPath":{"path":"","propertyPath":"/SHIP_POINT","modelName":"NewYardModel"},"interaction":{"idSuffix":"inner"}},"clearTextFirst":true,"interactionType":"ENTER_TEXT"}]}
RESULT: {"script":"<script> [776 bytes]","args":[{"enterText":"1710","selector":{"controlType":"sap.m.Input","viewName":"etm.portal.ui.manageyards.view.New","viewId":"application-manageyards-display-component---NewYard","bindingPath":{"path":"","propertyPath":"/SHIP_POINT","modelName":"NewYardModel"},"interaction":{"idSuffix":"inner"}},"clearTextFirst":true,"interactionType":"ENTER_TEXT"}]}
COMMAND: POST /session/cda6b29e510b44d9979fdab5b6517565/execute/async - {"script":"<script> [1562 bytes]","args":[{"selector":{"controlType":"sap.m.Input","viewName":"etm.portal.ui.manageyards.view.New","viewId":"application-manageyards-display-component---NewYard","bindingPath":{"path":"","propertyPath":"/DELIVERY_TYPE","modelName":"NewYardModel"},"interaction":{"idSuffix":"inner"}},"wdio_ui5_key":"etmportal.ui.manageyards.view.Newsap.m.Input{\"path\":\"\",\"propertyPath\":\"/DELIVERY_TYPE\",\"modelName\":\"NewYardModel\"}"}]}
RESULT: {"script":"<script> [1562 bytes]","args":[{"selector":{"controlType":"sap.m.Input","viewName":"etm.portal.ui.manageyards.view.New","viewId":"application-manageyards-display-component---NewYard","bindingPath":{"path":"","propertyPath":"/DELIVERY_TYPE","modelName":"NewYardModel"},"interaction":{"idSuffix":"inner"}},"wdio_ui5_key":"etmportal.ui.manageyards.view.Newsap.m.Input{\"path\":\"\",\"propertyPath\":\"/DELIVERY_TYPE\",\"modelName\":\"NewYardModel\"}"}]}
RESULT: undefined
COMMAND: POST /session/cda6b29e510b44d9979fdab5b6517565/execute/async - {"script":"<script> [776 bytes]","args":[{"enterText":"ZL01","selector":{"controlType":"sap.m.Input","viewName":"etm.portal.ui.manageyards.view.New","viewId":"application-manageyards-display-component---NewYard","bindingPath":{"path":"","propertyPath":"/DELIVERY_TYPE","modelName":"NewYardModel"},"interaction":{"idSuffix":"inner"}},"clearTextFirst":true,"interactionType":"ENTER_TEXT"}]}
RESULT: {"script":"<script> [776 bytes]","args":[{"enterText":"ZL01","selector":{"controlType":"sap.m.Input","viewName":"etm.portal.ui.manageyards.view.New","viewId":"application-manageyards-display-component---NewYard","bindingPath":{"path":"","propertyPath":"/DELIVERY_TYPE","modelName":"NewYardModel"},"interaction":{"idSuffix":"inner"}},"clearTextFirst":true,"interactionType":"ENTER_TEXT"}]}
COMMAND: POST /session/cda6b29e510b44d9979fdab5b6517565/execute/async - {"script":"<script> [1562 bytes]","args":[{"selector":{"controlType":"sap.m.Input","viewName":"etm.portal.ui.manageyards.view.New","viewId":"application-manageyards-display-component---NewYard","bindingPath":{"path":"","propertyPath":"/AUART","modelName":"NewYardModel"},"interaction":{"idSuffix":"inner"}},"wdio_ui5_key":"etmportal.ui.manageyards.view.Newsap.m.Input{\"path\":\"\",\"propertyPath\":\"/AUART\",\"modelName\":\"NewYardModel\"}"}]}
RESULT: {"script":"<script> [1562 bytes]","args":[{"selector":{"controlType":"sap.m.Input","viewName":"etm.portal.ui.manageyards.view.New","viewId":"application-manageyards-display-component---NewYard","bindingPath":{"path":"","propertyPath":"/AUART","modelName":"NewYardModel"},"interaction":{"idSuffix":"inner"}},"wdio_ui5_key":"etmportal.ui.manageyards.view.Newsap.m.Input{\"path\":\"\",\"propertyPath\":\"/AUART\",\"modelName\":\"NewYardModel\"}"}]}
RESULT: undefined
COMMAND: POST /session/cda6b29e510b44d9979fdab5b6517565/execute/async - {"script":"<script> [776 bytes]","args":[{"enterText":"TA","selector":{"controlType":"sap.m.Input","viewName":"etm.portal.ui.manageyards.view.New","viewId":"application-manageyards-display-component---NewYard","bindingPath":{"path":"","propertyPath":"/AUART","modelName":"NewYardModel"},"interaction":{"idSuffix":"inner"}},"clearTextFirst":true,"interactionType":"ENTER_TEXT"}]}
RESULT: {"script":"<script> [776 bytes]","args":[{"enterText":"TA","selector":{"controlType":"sap.m.Input","viewName":"etm.portal.ui.manageyards.view.New","viewId":"application-manageyards-display-component---NewYard","bindingPath":{"path":"","propertyPath":"/AUART","modelName":"NewYardModel"},"interaction":{"idSuffix":"inner"}},"clearTextFirst":true,"interactionType":"ENTER_TEXT"}]}
COMMAND: POST /session/cda6b29e510b44d9979fdab5b6517565/element - {"using":"xpath","value":"//button[@data-kt=\"newYardSaveButton\"]"}
RESULT: {"using":"xpath","value":"//button[@data-kt=\"newYardSaveButton\"]"}
COMMAND: POST /session/cda6b29e510b44d9979fdab5b6517565/element/f.5E866639E2C7498835F0FF88C67C8471.d.D4A695D08C364A4D558B9C6CBF1DF80C.e.7104/click - {}
RESULT: {}
COMMAND: GET /session/cda6b29e510b44d9979fdab5b6517565/screenshot - {}
RESULT: {}
COMMAND: POST /session/cda6b29e510b44d9979fdab5b6517565/element - {"using":"xpath","value":"//header[contains(@id, 'ObjectPageLayout-headerTitle')]/div[1]/div[2]/div[1]/span[1]"}
RESULT: {"using":"xpath","value":"//header[contains(@id, 'ObjectPageLayout-headerTitle')]/div[1]/div[2]/div[1]/span[1]"}
COMMAND: POST /session/cda6b29e510b44d9979fdab5b6517565/elements - {"using":"xpath","value":"//header[contains(@id, 'ObjectPageLayout-headerTitle')]/div[1]/div[2]/div[1]/span[1]"}
RESULT: {"using":"xpath","value":"//header[contains(@id, 'ObjectPageLayout-headerTitle')]/div[1]/div[2]/div[1]/span[1]"}
COMMAND: POST /session/cda6b29e510b44d9979fdab5b6517565/execute/sync - {"script":"<script> [56 bytes]","args":[{"element-6066-11e4-a52e-4f735466cecf":"f.5E866639E2C7498835F0FF88C67C8471.d.D4A695D08C364A4D558B9C6CBF1DF80C.e.7425","ELEMENT":"f.5E866639E2C7498835F0FF88C67C8471.d.D4A695D08C364A4D558B9C6CBF1DF80C.e.7425"}]}
RESULT: {"script":"<script> [56 bytes]","args":[{"element-6066-11e4-a52e-4f735466cecf":"f.5E866639E2C7498835F0FF88C67C8471.d.D4A695D08C364A4D558B9C6CBF1DF80C.e.7425","ELEMENT":"f.5E866639E2C7498835F0FF88C67C8471.d.D4A695D08C364A4D558B9C6CBF1DF80C.e.7425"}]}
COMMAND: GET /session/cda6b29e510b44d9979fdab5b6517565/screenshot - {}
RESULT: {}
COMMAND: POST /session/cda6b29e510b44d9979fdab5b6517565/element - {"using":"css selector","value":"#shell-header-logo"}
RESULT: {"using":"css selector","value":"#shell-header-logo"}
COMMAND: POST /session/cda6b29e510b44d9979fdab5b6517565/element/f.5E866639E2C7498835F0FF88C67C8471.d.D4A695D08C364A4D558B9C6CBF1DF80C.e.6677/click - {}
RESULT: {}
COMMAND: GET /session/cda6b29e510b44d9979fdab5b6517565/screenshot - {}
RESULT: {}
COMMAND: POST /session/cda6b29e510b44d9979fdab5b6517565/execute/sync - {"script":"<script> [299 bytes]","args":[["getModel","getResource"]]}
RESULT: {"script":"<script> [299 bytes]","args":[["getModel","getResource"]]}
]]></system-out>
    </testcase>
    <testcase classname="chrome.136_0_7103_93.windows.Billing_Transfer_-_Intracompany_US127249" name="Should create a new partner" time="146.055">
      <system-out><![CDATA[
COMMAND: GET /session/cda6b29e510b44d9979fdab5b6517565/screenshot - {}
COMMAND: POST /session/cda6b29e510b44d9979fdab5b6517565/window/fullscreen - {}
RESULT: {}
RESULT: {}
COMMAND: POST /session/cda6b29e510b44d9979fdab5b6517565/execute/async - {"script":"<script> [1562 bytes]","args":[{"selector":{"controlType":"sap.m.GenericTile","properties":{"header":"Manage Partners"}},"wdio_ui5_key":"sapm.GenericTile{\"header\":\"Manage Partners\"}"}]}
RESULT: {"script":"<script> [1562 bytes]","args":[{"selector":{"controlType":"sap.m.GenericTile","properties":{"header":"Manage Partners"}},"wdio_ui5_key":"sapm.GenericTile{\"header\":\"Manage Partners\"}"}]}
RESULT: undefined
COMMAND: POST /session/cda6b29e510b44d9979fdab5b6517565/element - {"using":"xpath","value":"//*[@id=\"__tile38\"]"}
RESULT: {"using":"xpath","value":"//*[@id=\"__tile38\"]"}
COMMAND: POST /session/cda6b29e510b44d9979fdab5b6517565/element/f.5E866639E2C7498835F0FF88C67C8471.d.D4A695D08C364A4D558B9C6CBF1DF80C.e.6568/click - {}
RESULT: {}
COMMAND: GET /session/cda6b29e510b44d9979fdab5b6517565/screenshot - {}
RESULT: {}
COMMAND: POST /session/cda6b29e510b44d9979fdab5b6517565/elements - {"using":"xpath","value":"//span[text()='Error']"}
RESULT: {"using":"xpath","value":"//span[text()='Error']"}
COMMAND: POST /session/cda6b29e510b44d9979fdab5b6517565/element - {"using":"xpath","value":"//button[@data-kt=\"addButton\"]"}
RESULT: {"using":"xpath","value":"//button[@data-kt=\"addButton\"]"}
COMMAND: POST /session/cda6b29e510b44d9979fdab5b6517565/elements - {"using":"xpath","value":"//button[@data-kt=\"addButton\"]"}
RESULT: {"using":"xpath","value":"//button[@data-kt=\"addButton\"]"}
COMMAND: POST /session/cda6b29e510b44d9979fdab5b6517565/execute/sync - {"script":"<script> [8489 bytes]","args":[{"element-6066-11e4-a52e-4f735466cecf":"f.5E866639E2C7498835F0FF88C67C8471.d.D4A695D08C364A4D558B9C6CBF1DF80C.e.7473","ELEMENT":"f.5E866639E2C7498835F0FF88C67C8471.d.D4A695D08C364A4D558B9C6CBF1DF80C.e.7473"}]}
RESULT: {"script":"<script> [8489 bytes]","args":[{"element-6066-11e4-a52e-4f735466cecf":"f.5E866639E2C7498835F0FF88C67C8471.d.D4A695D08C364A4D558B9C6CBF1DF80C.e.7473","ELEMENT":"f.5E866639E2C7498835F0FF88C67C8471.d.D4A695D08C364A4D558B9C6CBF1DF80C.e.7473"}]}
COMMAND: GET /session/cda6b29e510b44d9979fdab5b6517565/element/f.5E866639E2C7498835F0FF88C67C8471.d.D4A695D08C364A4D558B9C6CBF1DF80C.e.7473/enabled - {}
COMMAND: GET /session/cda6b29e510b44d9979fdab5b6517565/screenshot - {}
RESULT: {}
COMMAND: POST /session/cda6b29e510b44d9979fdab5b6517565/execute/sync - {"script":"<script> [8489 bytes]","args":[{"element-6066-11e4-a52e-4f735466cecf":"f.5E866639E2C7498835F0FF88C67C8471.d.D4A695D08C364A4D558B9C6CBF1DF80C.e.7473","ELEMENT":"f.5E866639E2C7498835F0FF88C67C8471.d.D4A695D08C364A4D558B9C6CBF1DF80C.e.7473"}]}
COMMAND: GET /session/cda6b29e510b44d9979fdab5b6517565/screenshot - {}
RESULT: {}
RESULT: {"script":"<script> [8489 bytes]","args":[{"element-6066-11e4-a52e-4f735466cecf":"f.5E866639E2C7498835F0FF88C67C8471.d.D4A695D08C364A4D558B9C6CBF1DF80C.e.7473","ELEMENT":"f.5E866639E2C7498835F0FF88C67C8471.d.D4A695D08C364A4D558B9C6CBF1DF80C.e.7473"}]}
COMMAND: POST /session/cda6b29e510b44d9979fdab5b6517565/execute/sync - {"script":"<script> [5351 bytes]","args":[{"element-6066-11e4-a52e-4f735466cecf":"f.5E866639E2C7498835F0FF88C67C8471.d.D4A695D08C364A4D558B9C6CBF1DF80C.e.7473","ELEMENT":"f.5E866639E2C7498835F0FF88C67C8471.d.D4A695D08C364A4D558B9C6CBF1DF80C.e.7473"}]}
COMMAND: GET /session/cda6b29e510b44d9979fdab5b6517565/screenshot - {}
RESULT: {}
RESULT: {"script":"<script> [5351 bytes]","args":[{"element-6066-11e4-a52e-4f735466cecf":"f.5E866639E2C7498835F0FF88C67C8471.d.D4A695D08C364A4D558B9C6CBF1DF80C.e.7473","ELEMENT":"f.5E866639E2C7498835F0FF88C67C8471.d.D4A695D08C364A4D558B9C6CBF1DF80C.e.7473"}]}
COMMAND: POST /session/cda6b29e510b44d9979fdab5b6517565/element/f.5E866639E2C7498835F0FF88C67C8471.d.D4A695D08C364A4D558B9C6CBF1DF80C.e.7473/click - {}
COMMAND: GET /session/cda6b29e510b44d9979fdab5b6517565/screenshot - {}
RESULT: {}
RESULT: {}
COMMAND: GET /session/cda6b29e510b44d9979fdab5b6517565/screenshot - {}
RESULT: {}
COMMAND: POST /session/cda6b29e510b44d9979fdab5b6517565/execute/async - {"script":"<script> [1562 bytes]","args":[{"selector":{"id":"application-managepartners-display-component---NewPartner--addressDetailDetailsName1","interaction":{"idSuffix":"inner"}},"wdio_ui5_key":"applicationmanagepartners-display-component---NewPartner--addressDetailDetailsName1"}]}
RESULT: {}
RESULT: {"script":"<script> [1562 bytes]","args":[{"selector":{"id":"application-managepartners-display-component---NewPartner--addressDetailDetailsName1","interaction":{"idSuffix":"inner"}},"wdio_ui5_key":"applicationmanagepartners-display-component---NewPartner--addressDetailDetailsName1"}]}
RESULT: undefined
COMMAND: POST /session/cda6b29e510b44d9979fdab5b6517565/execute/async - {"script":"<script> [776 bytes]","args":[{"enterText":"Intracompany Partner WDIO","selector":{"id":"application-managepartners-display-component---NewPartner--addressDetailDetailsName1","interaction":{"idSuffix":"inner"}},"clearTextFirst":true,"interactionType":"ENTER_TEXT"}]}
RESULT: {"script":"<script> [776 bytes]","args":[{"enterText":"Intracompany Partner WDIO","selector":{"id":"application-managepartners-display-component---NewPartner--addressDetailDetailsName1","interaction":{"idSuffix":"inner"}},"clearTextFirst":true,"interactionType":"ENTER_TEXT"}]}
COMMAND: POST /session/cda6b29e510b44d9979fdab5b6517565/execute/async - {"script":"<script> [1562 bytes]","args":[{"selector":{"id":"application-managepartners-display-component---NewPartner--addressDetailDetailsLanguage-arrow"},"wdio_ui5_key":"applicationmanagepartners-display-component---NewPartner--addressDetailDetailsLanguage-arrow"}]}
RESULT: {"script":"<script> [1562 bytes]","args":[{"selector":{"id":"application-managepartners-display-component---NewPartner--addressDetailDetailsLanguage-arrow"},"wdio_ui5_key":"applicationmanagepartners-display-component---NewPartner--addressDetailDetailsLanguage-arrow"}]}
RESULT: undefined
COMMAND: POST /session/cda6b29e510b44d9979fdab5b6517565/element - {"using":"xpath","value":"//*[@id=\"application-managepartners-display-component---NewPartner--addressDetailDetailsLanguage-arrow\"]"}
RESULT: {"using":"xpath","value":"//*[@id=\"application-managepartners-display-component---NewPartner--addressDetailDetailsLanguage-arrow\"]"}
COMMAND: POST /session/cda6b29e510b44d9979fdab5b6517565/element/f.5E866639E2C7498835F0FF88C67C8471.d.D4A695D08C364A4D558B9C6CBF1DF80C.e.7903/click - {}
RESULT: {}
COMMAND: POST /session/cda6b29e510b44d9979fdab5b6517565/element - {"using":"xpath","value":"//span[contains(text(), \"English\")]"}
COMMAND: GET /session/cda6b29e510b44d9979fdab5b6517565/screenshot - {}
RESULT: {"using":"xpath","value":"//span[contains(text(), \"English\")]"}
COMMAND: POST /session/cda6b29e510b44d9979fdab5b6517565/element/f.5E866639E2C7498835F0FF88C67C8471.d.D4A695D08C364A4D558B9C6CBF1DF80C.e.7904/click - {}
RESULT: {}
RESULT: {}
COMMAND: GET /session/cda6b29e510b44d9979fdab5b6517565/screenshot - {}
RESULT: {}
COMMAND: POST /session/cda6b29e510b44d9979fdab5b6517565/execute/async - {"script":"<script> [1562 bytes]","args":[{"selector":{"id":"application-managepartners-display-component---NewPartner--addressDetailDetailsCity1","interaction":{"idSuffix":"inner"}},"wdio_ui5_key":"applicationmanagepartners-display-component---NewPartner--addressDetailDetailsCity1"}]}
RESULT: {"script":"<script> [1562 bytes]","args":[{"selector":{"id":"application-managepartners-display-component---NewPartner--addressDetailDetailsCity1","interaction":{"idSuffix":"inner"}},"wdio_ui5_key":"applicationmanagepartners-display-component---NewPartner--addressDetailDetailsCity1"}]}
RESULT: undefined
COMMAND: POST /session/cda6b29e510b44d9979fdab5b6517565/execute/async - {"script":"<script> [776 bytes]","args":[{"enterText":"Rosario","selector":{"id":"application-managepartners-display-component---NewPartner--addressDetailDetailsCity1","interaction":{"idSuffix":"inner"}},"clearTextFirst":true,"interactionType":"ENTER_TEXT"}]}
RESULT: {"script":"<script> [776 bytes]","args":[{"enterText":"Rosario","selector":{"id":"application-managepartners-display-component---NewPartner--addressDetailDetailsCity1","interaction":{"idSuffix":"inner"}},"clearTextFirst":true,"interactionType":"ENTER_TEXT"}]}
COMMAND: POST /session/cda6b29e510b44d9979fdab5b6517565/execute/async - {"script":"<script> [1562 bytes]","args":[{"selector":{"id":"application-managepartners-display-component---NewPartner--addressDetailDetailsCountry-arrow"},"wdio_ui5_key":"applicationmanagepartners-display-component---NewPartner--addressDetailDetailsCountry-arrow"}]}
RESULT: {"script":"<script> [1562 bytes]","args":[{"selector":{"id":"application-managepartners-display-component---NewPartner--addressDetailDetailsCountry-arrow"},"wdio_ui5_key":"applicationmanagepartners-display-component---NewPartner--addressDetailDetailsCountry-arrow"}]}
RESULT: undefined
COMMAND: POST /session/cda6b29e510b44d9979fdab5b6517565/element - {"using":"xpath","value":"//*[@id=\"application-managepartners-display-component---NewPartner--addressDetailDetailsCountry-arrow\"]"}
RESULT: {"using":"xpath","value":"//*[@id=\"application-managepartners-display-component---NewPartner--addressDetailDetailsCountry-arrow\"]"}
COMMAND: POST /session/cda6b29e510b44d9979fdab5b6517565/element/f.5E866639E2C7498835F0FF88C67C8471.d.D4A695D08C364A4D558B9C6CBF1DF80C.e.7891/click - {}
RESULT: {}
COMMAND: POST /session/cda6b29e510b44d9979fdab5b6517565/element - {"using":"xpath","value":"//span[contains(text(), \"Argentina\")]"}
COMMAND: GET /session/cda6b29e510b44d9979fdab5b6517565/screenshot - {}
RESULT: {"using":"xpath","value":"//span[contains(text(), \"Argentina\")]"}
COMMAND: POST /session/cda6b29e510b44d9979fdab5b6517565/element/f.5E866639E2C7498835F0FF88C67C8471.d.D4A695D08C364A4D558B9C6CBF1DF80C.e.7906/click - {}
RESULT: {}
RESULT: {}
COMMAND: GET /session/cda6b29e510b44d9979fdab5b6517565/screenshot - {}
RESULT: {}
COMMAND: POST /session/cda6b29e510b44d9979fdab5b6517565/element - {"using":"xpath","value":"//bdi[contains(text(), \"Commercial\")]"}
RESULT: {"using":"xpath","value":"//bdi[contains(text(), \"Commercial\")]"}
COMMAND: POST /session/cda6b29e510b44d9979fdab5b6517565/element/f.5E866639E2C7498835F0FF88C67C8471.d.D4A695D08C364A4D558B9C6CBF1DF80C.e.7907/click - {}
RESULT: {}
COMMAND: GET /session/cda6b29e510b44d9979fdab5b6517565/screenshot - {}
RESULT: {}
COMMAND: POST /session/cda6b29e510b44d9979fdab5b6517565/execute/async - {"script":"<script> [1562 bytes]","args":[{"selector":{"id":"application-managepartners-display-component---NewPartner--partnerDetailInternal-arrow"},"wdio_ui5_key":"applicationmanagepartners-display-component---NewPartner--partnerDetailInternal-arrow"}]}
RESULT: {"script":"<script> [1562 bytes]","args":[{"selector":{"id":"application-managepartners-display-component---NewPartner--partnerDetailInternal-arrow"},"wdio_ui5_key":"applicationmanagepartners-display-component---NewPartner--partnerDetailInternal-arrow"}]}
RESULT: undefined
COMMAND: POST /session/cda6b29e510b44d9979fdab5b6517565/element - {"using":"xpath","value":"//*[@id=\"application-managepartners-display-component---NewPartner--partnerDetailInternal-arrow\"]"}
RESULT: {"using":"xpath","value":"//*[@id=\"application-managepartners-display-component---NewPartner--partnerDetailInternal-arrow\"]"}
COMMAND: POST /session/cda6b29e510b44d9979fdab5b6517565/element/f.5E866639E2C7498835F0FF88C67C8471.d.D4A695D08C364A4D558B9C6CBF1DF80C.e.7913/click - {}
RESULT: {}
COMMAND: POST /session/cda6b29e510b44d9979fdab5b6517565/element - {"using":"xpath","value":"//span[contains(text(), \"Affiliated company\")]"}
COMMAND: GET /session/cda6b29e510b44d9979fdab5b6517565/screenshot - {}
RESULT: {"using":"xpath","value":"//span[contains(text(), \"Affiliated company\")]"}
COMMAND: POST /session/cda6b29e510b44d9979fdab5b6517565/element/f.5E866639E2C7498835F0FF88C67C8471.d.D4A695D08C364A4D558B9C6CBF1DF80C.e.7914/click - {}
RESULT: {}
RESULT: {}
COMMAND: POST /session/cda6b29e510b44d9979fdab5b6517565/execute/async - {"script":"<script> [1562 bytes]","args":[{"selector":{"id":"application-managepartners-display-component---NewPartner--partnerDetailsCurrency-arrow"},"wdio_ui5_key":"applicationmanagepartners-display-component---NewPartner--partnerDetailsCurrency-arrow"}]}
COMMAND: GET /session/cda6b29e510b44d9979fdab5b6517565/screenshot - {}
RESULT: {"script":"<script> [1562 bytes]","args":[{"selector":{"id":"application-managepartners-display-component---NewPartner--partnerDetailsCurrency-arrow"},"wdio_ui5_key":"applicationmanagepartners-display-component---NewPartner--partnerDetailsCurrency-arrow"}]}
RESULT: undefined
COMMAND: POST /session/cda6b29e510b44d9979fdab5b6517565/element - {"using":"xpath","value":"//*[@id=\"application-managepartners-display-component---NewPartner--partnerDetailsCurrency-arrow\"]"}
RESULT: {}
RESULT: {"using":"xpath","value":"//*[@id=\"application-managepartners-display-component---NewPartner--partnerDetailsCurrency-arrow\"]"}
COMMAND: POST /session/cda6b29e510b44d9979fdab5b6517565/element/f.5E866639E2C7498835F0FF88C67C8471.d.D4A695D08C364A4D558B9C6CBF1DF80C.e.7921/click - {}
RESULT: {}
COMMAND: POST /session/cda6b29e510b44d9979fdab5b6517565/element - {"using":"xpath","value":"//span[contains(text(), \"Euro\")]"}
COMMAND: GET /session/cda6b29e510b44d9979fdab5b6517565/screenshot - {}
RESULT: {"using":"xpath","value":"//span[contains(text(), \"Euro\")]"}
COMMAND: POST /session/cda6b29e510b44d9979fdab5b6517565/element/f.5E866639E2C7498835F0FF88C67C8471.d.D4A695D08C364A4D558B9C6CBF1DF80C.e.7922/click - {}
RESULT: {}
RESULT: {}
COMMAND: POST /session/cda6b29e510b44d9979fdab5b6517565/execute/async - {"script":"<script> [1562 bytes]","args":[{"selector":{"id":"application-managepartners-display-component---NewPartner--addressEditDetailsCostObjectCstType-arrow"},"wdio_ui5_key":"applicationmanagepartners-display-component---NewPartner--addressEditDetailsCostObjectCstType-arrow"}]}
COMMAND: GET /session/cda6b29e510b44d9979fdab5b6517565/screenshot - {}
RESULT: {"script":"<script> [1562 bytes]","args":[{"selector":{"id":"application-managepartners-display-component---NewPartner--addressEditDetailsCostObjectCstType-arrow"},"wdio_ui5_key":"applicationmanagepartners-display-component---NewPartner--addressEditDetailsCostObjectCstType-arrow"}]}
RESULT: undefined
COMMAND: POST /session/cda6b29e510b44d9979fdab5b6517565/element - {"using":"xpath","value":"//*[@id=\"application-managepartners-display-component---NewPartner--addressEditDetailsCostObjectCstType-arrow\"]"}
RESULT: {}
RESULT: {"using":"xpath","value":"//*[@id=\"application-managepartners-display-component---NewPartner--addressEditDetailsCostObjectCstType-arrow\"]"}
COMMAND: POST /session/cda6b29e510b44d9979fdab5b6517565/element/f.5E866639E2C7498835F0FF88C67C8471.d.D4A695D08C364A4D558B9C6CBF1DF80C.e.7923/click - {}
RESULT: {}
COMMAND: POST /session/cda6b29e510b44d9979fdab5b6517565/element - {"using":"xpath","value":"//span[contains(text(), \"Cost Center\")]"}
COMMAND: GET /session/cda6b29e510b44d9979fdab5b6517565/screenshot - {}
RESULT: {"using":"xpath","value":"//span[contains(text(), \"Cost Center\")]"}
COMMAND: POST /session/cda6b29e510b44d9979fdab5b6517565/element/f.5E866639E2C7498835F0FF88C67C8471.d.D4A695D08C364A4D558B9C6CBF1DF80C.e.7924/click - {}
RESULT: {}
RESULT: {}
COMMAND: GET /session/cda6b29e510b44d9979fdab5b6517565/screenshot - {}
RESULT: {}
COMMAND: POST /session/cda6b29e510b44d9979fdab5b6517565/element - {"using":"xpath","value":"//span[@id=\"application-managepartners-display-component---NewPartner--addressNewCostObjectCstID-vhi\"]"}
RESULT: {"using":"xpath","value":"//span[@id=\"application-managepartners-display-component---NewPartner--addressNewCostObjectCstID-vhi\"]"}
COMMAND: POST /session/cda6b29e510b44d9979fdab5b6517565/execute/sync - {"script":"<script> [8489 bytes]","args":[{"element-6066-11e4-a52e-4f735466cecf":"f.5E866639E2C7498835F0FF88C67C8471.d.D4A695D08C364A4D558B9C6CBF1DF80C.e.7928","ELEMENT":"f.5E866639E2C7498835F0FF88C67C8471.d.D4A695D08C364A4D558B9C6CBF1DF80C.e.7928"}]}
RESULT: {"script":"<script> [8489 bytes]","args":[{"element-6066-11e4-a52e-4f735466cecf":"f.5E866639E2C7498835F0FF88C67C8471.d.D4A695D08C364A4D558B9C6CBF1DF80C.e.7928","ELEMENT":"f.5E866639E2C7498835F0FF88C67C8471.d.D4A695D08C364A4D558B9C6CBF1DF80C.e.7928"}]}
COMMAND: POST /session/cda6b29e510b44d9979fdab5b6517565/execute/async - {"script":"<script> [1562 bytes]","args":[{"selector":{"id":"application-managepartners-display-component---NewPartner--addressNewCostObjectCstID-vhi"},"wdio_ui5_key":"applicationmanagepartners-display-component---NewPartner--addressNewCostObjectCstID-vhi"}]}
COMMAND: GET /session/cda6b29e510b44d9979fdab5b6517565/screenshot - {}
RESULT: {"script":"<script> [1562 bytes]","args":[{"selector":{"id":"application-managepartners-display-component---NewPartner--addressNewCostObjectCstID-vhi"},"wdio_ui5_key":"applicationmanagepartners-display-component---NewPartner--addressNewCostObjectCstID-vhi"}]}
RESULT: undefined
COMMAND: POST /session/cda6b29e510b44d9979fdab5b6517565/element - {"using":"xpath","value":"//*[@id=\"application-managepartners-display-component---NewPartner--addressNewCostObjectCstID-vhi\"]"}
RESULT: {}
RESULT: {"using":"xpath","value":"//*[@id=\"application-managepartners-display-component---NewPartner--addressNewCostObjectCstID-vhi\"]"}
COMMAND: POST /session/cda6b29e510b44d9979fdab5b6517565/element/f.5E866639E2C7498835F0FF88C67C8471.d.D4A695D08C364A4D558B9C6CBF1DF80C.e.7928/click - {}
RESULT: {}
COMMAND: GET /session/cda6b29e510b44d9979fdab5b6517565/screenshot - {}
RESULT: {}
RESULT: undefined
COMMAND: POST /session/cda6b29e510b44d9979fdab5b6517565/execute/async - {"script":"<script> [776 bytes]","args":[{"enterText":"10001013","selector":{"controlType":"sap.m.SearchField","properties":{"placeholder":"Search"},"searchOpenDialogs":true,"interaction":{"idSuffix":"I"}},"clearTextFirst":true,"interactionType":"ENTER_TEXT"}]}
RESULT: {"script":"<script> [776 bytes]","args":[{"enterText":"10001013","selector":{"controlType":"sap.m.SearchField","properties":{"placeholder":"Search"},"searchOpenDialogs":true,"interaction":{"idSuffix":"I"}},"clearTextFirst":true,"interactionType":"ENTER_TEXT"}]}
COMMAND: POST /session/cda6b29e510b44d9979fdab5b6517565/actions - {"actions":[{"id":"action25","type":"key","parameters":{},"actions":[{"type":"keyDown","value":"î€‡"},{"type":"pause","duration":10},{"type":"keyUp","value":"î€‡"}]}]}
RESULT: {"actions":[{"id":"action25","type":"key","parameters":{},"actions":[{"type":"keyDown","value":"î€‡"},{"type":"pause","duration":10},{"type":"keyUp","value":"î€‡"}]}]}
COMMAND: GET /session/cda6b29e510b44d9979fdab5b6517565/screenshot - {}
RESULT: {}
COMMAND: POST /session/cda6b29e510b44d9979fdab5b6517565/element - {"using":"xpath","value":"//span[contains(text(), \"General Management\")]"}
RESULT: {"using":"xpath","value":"//span[contains(text(), \"General Management\")]"}
COMMAND: POST /session/cda6b29e510b44d9979fdab5b6517565/element/f.5E866639E2C7498835F0FF88C67C8471.d.D4A695D08C364A4D558B9C6CBF1DF80C.e.7966/click - {}
RESULT: {}
COMMAND: GET /session/cda6b29e510b44d9979fdab5b6517565/screenshot - {}
RESULT: {}
COMMAND: POST /session/cda6b29e510b44d9979fdab5b6517565/element - {"using":"xpath","value":"//bdi[contains(text(), \"OK\")]"}
RESULT: {"using":"xpath","value":"//bdi[contains(text(), \"OK\")]"}
COMMAND: POST /session/cda6b29e510b44d9979fdab5b6517565/element/f.5E866639E2C7498835F0FF88C67C8471.d.D4A695D08C364A4D558B9C6CBF1DF80C.e.7967/click - {}
RESULT: {}
COMMAND: GET /session/cda6b29e510b44d9979fdab5b6517565/screenshot - {}
RESULT: {}
COMMAND: POST /session/cda6b29e510b44d9979fdab5b6517565/element - {"using":"xpath","value":"//input[@id=\"application-managepartners-display-component---NewPartner--companyCodeComboBox-inner\"]"}
RESULT: {"using":"xpath","value":"//input[@id=\"application-managepartners-display-component---NewPartner--companyCodeComboBox-inner\"]"}
COMMAND: POST /session/cda6b29e510b44d9979fdab5b6517565/element/f.5E866639E2C7498835F0FF88C67C8471.d.D4A695D08C364A4D558B9C6CBF1DF80C.e.7784/clear - {}
RESULT: {}
COMMAND: POST /session/cda6b29e510b44d9979fdab5b6517565/element/f.5E866639E2C7498835F0FF88C67C8471.d.D4A695D08C364A4D558B9C6CBF1DF80C.e.7784/value - {"text":"1000"}
COMMAND: GET /session/cda6b29e510b44d9979fdab5b6517565/screenshot - {}
RESULT: {"text":"1000"}
COMMAND: GET /session/cda6b29e510b44d9979fdab5b6517565/screenshot - {}
RESULT: {}
RESULT: {}
COMMAND: POST /session/cda6b29e510b44d9979fdab5b6517565/element - {"using":"xpath","value":"//li[.//span[text()= \"1000\"]]"}
RESULT: {"using":"xpath","value":"//li[.//span[text()= \"1000\"]]"}
COMMAND: POST /session/cda6b29e510b44d9979fdab5b6517565/element/f.5E866639E2C7498835F0FF88C67C8471.d.D4A695D08C364A4D558B9C6CBF1DF80C.e.7973/click - {}
RESULT: {}
COMMAND: GET /session/cda6b29e510b44d9979fdab5b6517565/screenshot - {}
RESULT: {}
COMMAND: POST /session/cda6b29e510b44d9979fdab5b6517565/execute/async - {"script":"<script> [1562 bytes]","args":[{"selector":{"id":"application-managepartners-display-component---NewPartner--btnAddTableRow-img"},"wdio_ui5_key":"applicationmanagepartners-display-component---NewPartner--btnAddTableRow-img"}]}
RESULT: {"script":"<script> [1562 bytes]","args":[{"selector":{"id":"application-managepartners-display-component---NewPartner--btnAddTableRow-img"},"wdio_ui5_key":"applicationmanagepartners-display-component---NewPartner--btnAddTableRow-img"}]}
RESULT: undefined
COMMAND: POST /session/cda6b29e510b44d9979fdab5b6517565/element - {"using":"xpath","value":"//*[@id=\"application-managepartners-display-component---NewPartner--btnAddTableRow-img\"]"}
RESULT: {"using":"xpath","value":"//*[@id=\"application-managepartners-display-component---NewPartner--btnAddTableRow-img\"]"}
COMMAND: POST /session/cda6b29e510b44d9979fdab5b6517565/element/f.5E866639E2C7498835F0FF88C67C8471.d.D4A695D08C364A4D558B9C6CBF1DF80C.e.7974/click - {}
RESULT: {}
COMMAND: GET /session/cda6b29e510b44d9979fdab5b6517565/screenshot - {}
RESULT: {}
COMMAND: POST /session/cda6b29e510b44d9979fdab5b6517565/element - {"using":"xpath","value":"//input[@id=\"application-managepartners-display-component---NewPartner--assignmentYard-application-managepartners-display-component---NewPartner--assignmentsTable-0-inner\"]"}
RESULT: {"using":"xpath","value":"//input[@id=\"application-managepartners-display-component---NewPartner--assignmentYard-application-managepartners-display-component---NewPartner--assignmentsTable-0-inner\"]"}
COMMAND: POST /session/cda6b29e510b44d9979fdab5b6517565/element/f.5E866639E2C7498835F0FF88C67C8471.d.D4A695D08C364A4D558B9C6CBF1DF80C.e.7977/clear - {}
RESULT: {}
COMMAND: POST /session/cda6b29e510b44d9979fdab5b6517565/element/f.5E866639E2C7498835F0FF88C67C8471.d.D4A695D08C364A4D558B9C6CBF1DF80C.e.7977/value - {"text":"507"}
COMMAND: GET /session/cda6b29e510b44d9979fdab5b6517565/screenshot - {}
RESULT: {}
RESULT: {"text":"507"}
COMMAND: GET /session/cda6b29e510b44d9979fdab5b6517565/screenshot - {}
RESULT: {}
COMMAND: POST /session/cda6b29e510b44d9979fdab5b6517565/element - {"using":"xpath","value":"//li[.//span[text()='507']]"}
RESULT: {"using":"xpath","value":"//li[.//span[text()='507']]"}
COMMAND: POST /session/cda6b29e510b44d9979fdab5b6517565/element/f.5E866639E2C7498835F0FF88C67C8471.d.D4A695D08C364A4D558B9C6CBF1DF80C.e.7986/click - {}
RESULT: {}
COMMAND: GET /session/cda6b29e510b44d9979fdab5b6517565/screenshot - {}
RESULT: {}
COMMAND: POST /session/cda6b29e510b44d9979fdab5b6517565/actions - {"actions":[{"id":"action26","type":"key","parameters":{},"actions":[{"type":"keyDown","value":"î€‡"},{"type":"pause","duration":10},{"type":"keyUp","value":"î€‡"}]}]}
RESULT: {"actions":[{"id":"action26","type":"key","parameters":{},"actions":[{"type":"keyDown","value":"î€‡"},{"type":"pause","duration":10},{"type":"keyUp","value":"î€‡"}]}]}
COMMAND: POST /session/cda6b29e510b44d9979fdab5b6517565/execute/async - {"script":"<script> [1562 bytes]","args":[{"selector":{"id":"application-managepartners-display-component---NewPartner--externalCustomerComboBox-application-managepartners-display-component---NewPartner--assignmentsTable-0-vhi"},"wdio_ui5_key":"applicationmanagepartners-display-component---NewPartner--externalCustomerComboBox-application-managepartners-display-component---NewPartner--assignmentsTable-0-vhi"}]}
COMMAND: GET /session/cda6b29e510b44d9979fdab5b6517565/screenshot - {}
RESULT: {"script":"<script> [1562 bytes]","args":[{"selector":{"id":"application-managepartners-display-component---NewPartner--externalCustomerComboBox-application-managepartners-display-component---NewPartner--assignmentsTable-0-vhi"},"wdio_ui5_key":"applicationmanagepartners-display-component---NewPartner--externalCustomerComboBox-application-managepartners-display-component---NewPartner--assignmentsTable-0-vhi"}]}
RESULT: undefined
COMMAND: POST /session/cda6b29e510b44d9979fdab5b6517565/element - {"using":"xpath","value":"//*[@id=\"application-managepartners-display-component---NewPartner--externalCustomerComboBox-application-managepartners-display-component---NewPartner--assignmentsTable-0-vhi\"]"}
RESULT: {}
RESULT: {"using":"xpath","value":"//*[@id=\"application-managepartners-display-component---NewPartner--externalCustomerComboBox-application-managepartners-display-component---NewPartner--assignmentsTable-0-vhi\"]"}
COMMAND: POST /session/cda6b29e510b44d9979fdab5b6517565/element/f.5E866639E2C7498835F0FF88C67C8471.d.D4A695D08C364A4D558B9C6CBF1DF80C.e.7990/click - {}
RESULT: {}
RESULT: undefined
COMMAND: POST /session/cda6b29e510b44d9979fdab5b6517565/execute/async - {"script":"<script> [776 bytes]","args":[{"enterText":"300003","selector":{"controlType":"sap.m.SearchField","properties":{"placeholder":"Search"},"searchOpenDialogs":true,"interaction":{"idSuffix":"I"}},"clearTextFirst":true,"interactionType":"ENTER_TEXT"}]}
COMMAND: GET /session/cda6b29e510b44d9979fdab5b6517565/screenshot - {}
RESULT: {"script":"<script> [776 bytes]","args":[{"enterText":"300003","selector":{"controlType":"sap.m.SearchField","properties":{"placeholder":"Search"},"searchOpenDialogs":true,"interaction":{"idSuffix":"I"}},"clearTextFirst":true,"interactionType":"ENTER_TEXT"}]}
COMMAND: POST /session/cda6b29e510b44d9979fdab5b6517565/actions - {"actions":[{"id":"action27","type":"key","parameters":{},"actions":[{"type":"keyDown","value":"î€‡"},{"type":"pause","duration":10},{"type":"keyUp","value":"î€‡"}]}]}
RESULT: {}
RESULT: {"actions":[{"id":"action27","type":"key","parameters":{},"actions":[{"type":"keyDown","value":"î€‡"},{"type":"pause","duration":10},{"type":"keyUp","value":"î€‡"}]}]}
COMMAND: GET /session/cda6b29e510b44d9979fdab5b6517565/screenshot - {}
RESULT: {}
COMMAND: POST /session/cda6b29e510b44d9979fdab5b6517565/element - {"using":"xpath","value":"//span[contains(text(), \"300003\")]"}
RESULT: {"using":"xpath","value":"//span[contains(text(), \"300003\")]"}
COMMAND: POST /session/cda6b29e510b44d9979fdab5b6517565/element/f.5E866639E2C7498835F0FF88C67C8471.d.D4A695D08C364A4D558B9C6CBF1DF80C.e.8008/click - {}
RESULT: {}
COMMAND: GET /session/cda6b29e510b44d9979fdab5b6517565/screenshot - {}
RESULT: {}
COMMAND: POST /session/cda6b29e510b44d9979fdab5b6517565/element - {"using":"xpath","value":"//bdi[contains(text(), \"OK\")]"}
RESULT: {"using":"xpath","value":"//bdi[contains(text(), \"OK\")]"}
COMMAND: POST /session/cda6b29e510b44d9979fdab5b6517565/element/f.5E866639E2C7498835F0FF88C67C8471.d.D4A695D08C364A4D558B9C6CBF1DF80C.e.8010/click - {}
RESULT: {}
COMMAND: GET /session/cda6b29e510b44d9979fdab5b6517565/screenshot - {}
RESULT: {}
COMMAND: POST /session/cda6b29e510b44d9979fdab5b6517565/execute/async - {"script":"<script> [1562 bytes]","args":[{"selector":{"id":"application-managepartners-display-component---NewPartner--intercompVendorComboBox-application-managepartners-display-component---NewPartner--assignmentsTable-0-vhi"},"wdio_ui5_key":"applicationmanagepartners-display-component---NewPartner--intercompVendorComboBox-application-managepartners-display-component---NewPartner--assignmentsTable-0-vhi"}]}
RESULT: {"script":"<script> [1562 bytes]","args":[{"selector":{"id":"application-managepartners-display-component---NewPartner--intercompVendorComboBox-application-managepartners-display-component---NewPartner--assignmentsTable-0-vhi"},"wdio_ui5_key":"applicationmanagepartners-display-component---NewPartner--intercompVendorComboBox-application-managepartners-display-component---NewPartner--assignmentsTable-0-vhi"}]}
RESULT: undefined
COMMAND: POST /session/cda6b29e510b44d9979fdab5b6517565/element - {"using":"xpath","value":"//*[@id=\"application-managepartners-display-component---NewPartner--intercompVendorComboBox-application-managepartners-display-component---NewPartner--assignmentsTable-0-vhi\"]"}
RESULT: {"using":"xpath","value":"//*[@id=\"application-managepartners-display-component---NewPartner--intercompVendorComboBox-application-managepartners-display-component---NewPartner--assignmentsTable-0-vhi\"]"}
COMMAND: POST /session/cda6b29e510b44d9979fdab5b6517565/element/f.5E866639E2C7498835F0FF88C67C8471.d.D4A695D08C364A4D558B9C6CBF1DF80C.e.8013/click - {}
RESULT: {}
RESULT: undefined
COMMAND: POST /session/cda6b29e510b44d9979fdab5b6517565/execute/async - {"script":"<script> [776 bytes]","args":[{"enterText":"100005","selector":{"controlType":"sap.m.SearchField","properties":{"placeholder":"Search"},"searchOpenDialogs":true,"interaction":{"idSuffix":"I"}},"clearTextFirst":true,"interactionType":"ENTER_TEXT"}]}
COMMAND: GET /session/cda6b29e510b44d9979fdab5b6517565/screenshot - {}
RESULT: {"script":"<script> [776 bytes]","args":[{"enterText":"100005","selector":{"controlType":"sap.m.SearchField","properties":{"placeholder":"Search"},"searchOpenDialogs":true,"interaction":{"idSuffix":"I"}},"clearTextFirst":true,"interactionType":"ENTER_TEXT"}]}
COMMAND: POST /session/cda6b29e510b44d9979fdab5b6517565/actions - {"actions":[{"id":"action28","type":"key","parameters":{},"actions":[{"type":"keyDown","value":"î€‡"},{"type":"pause","duration":10},{"type":"keyUp","value":"î€‡"}]}]}
RESULT: {}
RESULT: {"actions":[{"id":"action28","type":"key","parameters":{},"actions":[{"type":"keyDown","value":"î€‡"},{"type":"pause","duration":10},{"type":"keyUp","value":"î€‡"}]}]}
COMMAND: GET /session/cda6b29e510b44d9979fdab5b6517565/screenshot - {}
RESULT: {}
COMMAND: POST /session/cda6b29e510b44d9979fdab5b6517565/element - {"using":"xpath","value":"//span[contains(text(), \"Penguins - Field/12345 Berlin\")]"}
RESULT: {"using":"xpath","value":"//span[contains(text(), \"Penguins - Field/12345 Berlin\")]"}
COMMAND: POST /session/cda6b29e510b44d9979fdab5b6517565/element/f.5E866639E2C7498835F0FF88C67C8471.d.D4A695D08C364A4D558B9C6CBF1DF80C.e.8032/click - {}
RESULT: {}
COMMAND: GET /session/cda6b29e510b44d9979fdab5b6517565/screenshot - {}
RESULT: {}
COMMAND: POST /session/cda6b29e510b44d9979fdab5b6517565/element - {"using":"xpath","value":"//bdi[contains(text(), \"OK\")]"}
RESULT: {"using":"xpath","value":"//bdi[contains(text(), \"OK\")]"}
COMMAND: POST /session/cda6b29e510b44d9979fdab5b6517565/element/f.5E866639E2C7498835F0FF88C67C8471.d.D4A695D08C364A4D558B9C6CBF1DF80C.e.8033/click - {}
RESULT: {}
COMMAND: GET /session/cda6b29e510b44d9979fdab5b6517565/screenshot - {}
RESULT: {}
COMMAND: POST /session/cda6b29e510b44d9979fdab5b6517565/element - {"using":"xpath","value":"//button[@data-kt=\"saveButton\"]"}
RESULT: {"using":"xpath","value":"//button[@data-kt=\"saveButton\"]"}
COMMAND: POST /session/cda6b29e510b44d9979fdab5b6517565/element/f.5E866639E2C7498835F0FF88C67C8471.d.D4A695D08C364A4D558B9C6CBF1DF80C.e.7793/click - {}
RESULT: {}
COMMAND: GET /session/cda6b29e510b44d9979fdab5b6517565/screenshot - {}
RESULT: {}
COMMAND: POST /session/cda6b29e510b44d9979fdab5b6517565/element - {"using":"xpath","value":"//header[contains(@id, 'ObjectPageLayout-headerTitle')]/div[1]/div[2]/div[2]/span[1]"}
RESULT: {"using":"xpath","value":"//header[contains(@id, 'ObjectPageLayout-headerTitle')]/div[1]/div[2]/div[2]/span[1]"}
COMMAND: POST /session/cda6b29e510b44d9979fdab5b6517565/elements - {"using":"xpath","value":"//header[contains(@id, 'ObjectPageLayout-headerTitle')]/div[1]/div[2]/div[2]/span[1]"}
RESULT: {"using":"xpath","value":"//header[contains(@id, 'ObjectPageLayout-headerTitle')]/div[1]/div[2]/div[2]/span[1]"}
COMMAND: POST /session/cda6b29e510b44d9979fdab5b6517565/execute/sync - {"script":"<script> [56 bytes]","args":[{"element-6066-11e4-a52e-4f735466cecf":"f.5E866639E2C7498835F0FF88C67C8471.d.D4A695D08C364A4D558B9C6CBF1DF80C.e.8197","ELEMENT":"f.5E866639E2C7498835F0FF88C67C8471.d.D4A695D08C364A4D558B9C6CBF1DF80C.e.8197"}]}
RESULT: {"script":"<script> [56 bytes]","args":[{"element-6066-11e4-a52e-4f735466cecf":"f.5E866639E2C7498835F0FF88C67C8471.d.D4A695D08C364A4D558B9C6CBF1DF80C.e.8197","ELEMENT":"f.5E866639E2C7498835F0FF88C67C8471.d.D4A695D08C364A4D558B9C6CBF1DF80C.e.8197"}]}
COMMAND: POST /session/cda6b29e510b44d9979fdab5b6517565/element - {"using":"css selector","value":"#shell-header-logo"}
COMMAND: GET /session/cda6b29e510b44d9979fdab5b6517565/screenshot - {}
RESULT: {"using":"css selector","value":"#shell-header-logo"}
COMMAND: POST /session/cda6b29e510b44d9979fdab5b6517565/element/f.5E866639E2C7498835F0FF88C67C8471.d.D4A695D08C364A4D558B9C6CBF1DF80C.e.7429/click - {}
RESULT: {}
RESULT: {}
COMMAND: GET /session/cda6b29e510b44d9979fdab5b6517565/screenshot - {}
RESULT: {}
COMMAND: POST /session/cda6b29e510b44d9979fdab5b6517565/execute/sync - {"script":"<script> [299 bytes]","args":[["getModel","getResource"]]}
RESULT: {"script":"<script> [299 bytes]","args":[["getModel","getResource"]]}
COMMAND: GET /session/cda6b29e510b44d9979fdab5b6517565/screenshot - {}
]]></system-out>
    </testcase>
    <testcase classname="chrome.136_0_7103_93.windows.Billing_Transfer_-_Intracompany_US127249" name="Should create a new site" time="96.711">
      <system-out><![CDATA[
COMMAND: POST /session/cda6b29e510b44d9979fdab5b6517565/execute/async - {"script":"<script> [1562 bytes]","args":[{"selector":{"controlType":"sap.m.GenericTile","properties":{"header":"Manage Sites"}},"wdio_ui5_key":"sapm.GenericTile{\"header\":\"Manage Sites\"}"}]}
RESULT: {}
RESULT: {"script":"<script> [1562 bytes]","args":[{"selector":{"controlType":"sap.m.GenericTile","properties":{"header":"Manage Sites"}},"wdio_ui5_key":"sapm.GenericTile{\"header\":\"Manage Sites\"}"}]}
RESULT: undefined
COMMAND: POST /session/cda6b29e510b44d9979fdab5b6517565/element - {"using":"xpath","value":"//*[@id=\"__tile40\"]"}
RESULT: {"using":"xpath","value":"//*[@id=\"__tile40\"]"}
COMMAND: POST /session/cda6b29e510b44d9979fdab5b6517565/element/f.5E866639E2C7498835F0FF88C67C8471.d.D4A695D08C364A4D558B9C6CBF1DF80C.e.6574/click - {}
RESULT: {}
COMMAND: GET /session/cda6b29e510b44d9979fdab5b6517565/screenshot - {}
RESULT: {}
COMMAND: POST /session/cda6b29e510b44d9979fdab5b6517565/elements - {"using":"xpath","value":"//span[text()='Error']"}
RESULT: {"using":"xpath","value":"//span[text()='Error']"}
COMMAND: POST /session/cda6b29e510b44d9979fdab5b6517565/element - {"using":"xpath","value":"//button[@data-kt=\"addOverflowToolbarButton\"]"}
RESULT: {"using":"xpath","value":"//button[@data-kt=\"addOverflowToolbarButton\"]"}
COMMAND: POST /session/cda6b29e510b44d9979fdab5b6517565/elements - {"using":"xpath","value":"//button[@data-kt=\"addOverflowToolbarButton\"]"}
RESULT: {"using":"xpath","value":"//button[@data-kt=\"addOverflowToolbarButton\"]"}
COMMAND: POST /session/cda6b29e510b44d9979fdab5b6517565/execute/sync - {"script":"<script> [8489 bytes]","args":[{"element-6066-11e4-a52e-4f735466cecf":"f.5E866639E2C7498835F0FF88C67C8471.d.D4A695D08C364A4D558B9C6CBF1DF80C.e.8236","ELEMENT":"f.5E866639E2C7498835F0FF88C67C8471.d.D4A695D08C364A4D558B9C6CBF1DF80C.e.8236"}]}
RESULT: {"script":"<script> [8489 bytes]","args":[{"element-6066-11e4-a52e-4f735466cecf":"f.5E866639E2C7498835F0FF88C67C8471.d.D4A695D08C364A4D558B9C6CBF1DF80C.e.8236","ELEMENT":"f.5E866639E2C7498835F0FF88C67C8471.d.D4A695D08C364A4D558B9C6CBF1DF80C.e.8236"}]}
COMMAND: GET /session/cda6b29e510b44d9979fdab5b6517565/element/f.5E866639E2C7498835F0FF88C67C8471.d.D4A695D08C364A4D558B9C6CBF1DF80C.e.8236/enabled - {}
COMMAND: GET /session/cda6b29e510b44d9979fdab5b6517565/screenshot - {}
RESULT: {}
COMMAND: POST /session/cda6b29e510b44d9979fdab5b6517565/execute/sync - {"script":"<script> [8489 bytes]","args":[{"element-6066-11e4-a52e-4f735466cecf":"f.5E866639E2C7498835F0FF88C67C8471.d.D4A695D08C364A4D558B9C6CBF1DF80C.e.8236","ELEMENT":"f.5E866639E2C7498835F0FF88C67C8471.d.D4A695D08C364A4D558B9C6CBF1DF80C.e.8236"}]}
COMMAND: GET /session/cda6b29e510b44d9979fdab5b6517565/screenshot - {}
RESULT: {}
RESULT: {"script":"<script> [8489 bytes]","args":[{"element-6066-11e4-a52e-4f735466cecf":"f.5E866639E2C7498835F0FF88C67C8471.d.D4A695D08C364A4D558B9C6CBF1DF80C.e.8236","ELEMENT":"f.5E866639E2C7498835F0FF88C67C8471.d.D4A695D08C364A4D558B9C6CBF1DF80C.e.8236"}]}
COMMAND: POST /session/cda6b29e510b44d9979fdab5b6517565/execute/sync - {"script":"<script> [5351 bytes]","args":[{"element-6066-11e4-a52e-4f735466cecf":"f.5E866639E2C7498835F0FF88C67C8471.d.D4A695D08C364A4D558B9C6CBF1DF80C.e.8236","ELEMENT":"f.5E866639E2C7498835F0FF88C67C8471.d.D4A695D08C364A4D558B9C6CBF1DF80C.e.8236"}]}
COMMAND: GET /session/cda6b29e510b44d9979fdab5b6517565/screenshot - {}
RESULT: {}
RESULT: {"script":"<script> [5351 bytes]","args":[{"element-6066-11e4-a52e-4f735466cecf":"f.5E866639E2C7498835F0FF88C67C8471.d.D4A695D08C364A4D558B9C6CBF1DF80C.e.8236","ELEMENT":"f.5E866639E2C7498835F0FF88C67C8471.d.D4A695D08C364A4D558B9C6CBF1DF80C.e.8236"}]}
COMMAND: POST /session/cda6b29e510b44d9979fdab5b6517565/element/f.5E866639E2C7498835F0FF88C67C8471.d.D4A695D08C364A4D558B9C6CBF1DF80C.e.8236/click - {}
COMMAND: GET /session/cda6b29e510b44d9979fdab5b6517565/screenshot - {}
RESULT: {}
RESULT: {}
COMMAND: GET /session/cda6b29e510b44d9979fdab5b6517565/screenshot - {}
RESULT: {}
COMMAND: POST /session/cda6b29e510b44d9979fdab5b6517565/element - {"using":"xpath","value":"//input[@id=\"application-managesites-display-component---NewSite--siteId-inner\"]"}
RESULT: {}
RESULT: {"using":"xpath","value":"//input[@id=\"application-managesites-display-component---NewSite--siteId-inner\"]"}
COMMAND: POST /session/cda6b29e510b44d9979fdab5b6517565/element - {"using":"xpath","value":"//input[@id=\"application-managesites-display-component---NewSite--siteId-inner\"]"}
RESULT: {"using":"xpath","value":"//input[@id=\"application-managesites-display-component---NewSite--siteId-inner\"]"}
COMMAND: POST /session/cda6b29e510b44d9979fdab5b6517565/execute/async - {"script":"<script> [1562 bytes]","args":[{"selector":{"id":"application-managesites-display-component---NewSite--addressDetailDetailsName1","interaction":{"idSuffix":"inner"}},"wdio_ui5_key":"applicationmanagesites-display-component---NewSite--addressDetailDetailsName1"}]}
RESULT: {"script":"<script> [1562 bytes]","args":[{"selector":{"id":"application-managesites-display-component---NewSite--addressDetailDetailsName1","interaction":{"idSuffix":"inner"}},"wdio_ui5_key":"applicationmanagesites-display-component---NewSite--addressDetailDetailsName1"}]}
RESULT: undefined
COMMAND: POST /session/cda6b29e510b44d9979fdab5b6517565/execute/async - {"script":"<script> [776 bytes]","args":[{"enterText":"Intracompany Site wdIO","selector":{"id":"application-managesites-display-component---NewSite--addressDetailDetailsName1","interaction":{"idSuffix":"inner"}},"clearTextFirst":true,"interactionType":"ENTER_TEXT"}]}
RESULT: {"script":"<script> [776 bytes]","args":[{"enterText":"Intracompany Site wdIO","selector":{"id":"application-managesites-display-component---NewSite--addressDetailDetailsName1","interaction":{"idSuffix":"inner"}},"clearTextFirst":true,"interactionType":"ENTER_TEXT"}]}
COMMAND: POST /session/cda6b29e510b44d9979fdab5b6517565/execute/async - {"script":"<script> [1562 bytes]","args":[{"selector":{"id":"application-managesites-display-component---NewSite--addressDetailDetailsLanguage-arrow"},"wdio_ui5_key":"applicationmanagesites-display-component---NewSite--addressDetailDetailsLanguage-arrow"}]}
RESULT: {"script":"<script> [1562 bytes]","args":[{"selector":{"id":"application-managesites-display-component---NewSite--addressDetailDetailsLanguage-arrow"},"wdio_ui5_key":"applicationmanagesites-display-component---NewSite--addressDetailDetailsLanguage-arrow"}]}
RESULT: undefined
COMMAND: POST /session/cda6b29e510b44d9979fdab5b6517565/element - {"using":"xpath","value":"//*[@id=\"application-managesites-display-component---NewSite--addressDetailDetailsLanguage-arrow\"]"}
RESULT: {"using":"xpath","value":"//*[@id=\"application-managesites-display-component---NewSite--addressDetailDetailsLanguage-arrow\"]"}
COMMAND: POST /session/cda6b29e510b44d9979fdab5b6517565/element/f.5E866639E2C7498835F0FF88C67C8471.d.D4A695D08C364A4D558B9C6CBF1DF80C.e.8645/click - {}
RESULT: {}
COMMAND: POST /session/cda6b29e510b44d9979fdab5b6517565/element - {"using":"xpath","value":"//span[contains(text(), \"English\")]"}
COMMAND: GET /session/cda6b29e510b44d9979fdab5b6517565/screenshot - {}
RESULT: {"using":"xpath","value":"//span[contains(text(), \"English\")]"}
COMMAND: POST /session/cda6b29e510b44d9979fdab5b6517565/element/f.5E866639E2C7498835F0FF88C67C8471.d.D4A695D08C364A4D558B9C6CBF1DF80C.e.8646/click - {}
RESULT: {}
RESULT: {}
COMMAND: POST /session/cda6b29e510b44d9979fdab5b6517565/execute/async - {"script":"<script> [1562 bytes]","args":[{"selector":{"id":"application-managesites-display-component---NewSite--addressDetailDetailsCity1","interaction":{"idSuffix":"inner"}},"wdio_ui5_key":"applicationmanagesites-display-component---NewSite--addressDetailDetailsCity1"}]}
COMMAND: GET /session/cda6b29e510b44d9979fdab5b6517565/screenshot - {}
RESULT: {"script":"<script> [1562 bytes]","args":[{"selector":{"id":"application-managesites-display-component---NewSite--addressDetailDetailsCity1","interaction":{"idSuffix":"inner"}},"wdio_ui5_key":"applicationmanagesites-display-component---NewSite--addressDetailDetailsCity1"}]}
RESULT: undefined
COMMAND: POST /session/cda6b29e510b44d9979fdab5b6517565/execute/async - {"script":"<script> [776 bytes]","args":[{"enterText":"Rosario","selector":{"id":"application-managesites-display-component---NewSite--addressDetailDetailsCity1","interaction":{"idSuffix":"inner"}},"clearTextFirst":true,"interactionType":"ENTER_TEXT"}]}
RESULT: {}
RESULT: {"script":"<script> [776 bytes]","args":[{"enterText":"Rosario","selector":{"id":"application-managesites-display-component---NewSite--addressDetailDetailsCity1","interaction":{"idSuffix":"inner"}},"clearTextFirst":true,"interactionType":"ENTER_TEXT"}]}
COMMAND: POST /session/cda6b29e510b44d9979fdab5b6517565/execute/async - {"script":"<script> [1562 bytes]","args":[{"selector":{"id":"application-managesites-display-component---NewSite--addressDetailDetailsCountry-arrow"},"wdio_ui5_key":"applicationmanagesites-display-component---NewSite--addressDetailDetailsCountry-arrow"}]}
RESULT: {"script":"<script> [1562 bytes]","args":[{"selector":{"id":"application-managesites-display-component---NewSite--addressDetailDetailsCountry-arrow"},"wdio_ui5_key":"applicationmanagesites-display-component---NewSite--addressDetailDetailsCountry-arrow"}]}
RESULT: undefined
COMMAND: POST /session/cda6b29e510b44d9979fdab5b6517565/element - {"using":"xpath","value":"//*[@id=\"application-managesites-display-component---NewSite--addressDetailDetailsCountry-arrow\"]"}
RESULT: {"using":"xpath","value":"//*[@id=\"application-managesites-display-component---NewSite--addressDetailDetailsCountry-arrow\"]"}
COMMAND: POST /session/cda6b29e510b44d9979fdab5b6517565/element/f.5E866639E2C7498835F0FF88C67C8471.d.D4A695D08C364A4D558B9C6CBF1DF80C.e.8648/click - {}
RESULT: {}
COMMAND: POST /session/cda6b29e510b44d9979fdab5b6517565/element - {"using":"xpath","value":"//span[contains(text(), \"Argentina\")]"}
COMMAND: GET /session/cda6b29e510b44d9979fdab5b6517565/screenshot - {}
RESULT: {"using":"xpath","value":"//span[contains(text(), \"Argentina\")]"}
COMMAND: POST /session/cda6b29e510b44d9979fdab5b6517565/element/f.5E866639E2C7498835F0FF88C67C8471.d.D4A695D08C364A4D558B9C6CBF1DF80C.e.8649/click - {}
RESULT: {}
RESULT: {}
COMMAND: GET /session/cda6b29e510b44d9979fdab5b6517565/screenshot - {}
RESULT: {}
COMMAND: POST /session/cda6b29e510b44d9979fdab5b6517565/execute/async - {"script":"<script> [1562 bytes]","args":[{"selector":{"id":"application-managesites-display-component---NewSite--addressEditDetailsCostObjectCstType-arrow"},"wdio_ui5_key":"applicationmanagesites-display-component---NewSite--addressEditDetailsCostObjectCstType-arrow"}]}
RESULT: {"script":"<script> [1562 bytes]","args":[{"selector":{"id":"application-managesites-display-component---NewSite--addressEditDetailsCostObjectCstType-arrow"},"wdio_ui5_key":"applicationmanagesites-display-component---NewSite--addressEditDetailsCostObjectCstType-arrow"}]}
RESULT: undefined
COMMAND: POST /session/cda6b29e510b44d9979fdab5b6517565/element - {"using":"xpath","value":"//*[@id=\"application-managesites-display-component---NewSite--addressEditDetailsCostObjectCstType-arrow\"]"}
RESULT: {"using":"xpath","value":"//*[@id=\"application-managesites-display-component---NewSite--addressEditDetailsCostObjectCstType-arrow\"]"}
COMMAND: POST /session/cda6b29e510b44d9979fdab5b6517565/element/f.5E866639E2C7498835F0FF88C67C8471.d.D4A695D08C364A4D558B9C6CBF1DF80C.e.8651/click - {}
RESULT: {}
COMMAND: POST /session/cda6b29e510b44d9979fdab5b6517565/element - {"using":"xpath","value":"//span[contains(text(), \"Cost Center\")]"}
COMMAND: GET /session/cda6b29e510b44d9979fdab5b6517565/screenshot - {}
RESULT: {"using":"xpath","value":"//span[contains(text(), \"Cost Center\")]"}
COMMAND: POST /session/cda6b29e510b44d9979fdab5b6517565/element/f.5E866639E2C7498835F0FF88C67C8471.d.D4A695D08C364A4D558B9C6CBF1DF80C.e.8652/click - {}
RESULT: {}
RESULT: {}
COMMAND: GET /session/cda6b29e510b44d9979fdab5b6517565/screenshot - {}
RESULT: {}
COMMAND: POST /session/cda6b29e510b44d9979fdab5b6517565/element - {"using":"xpath","value":"//span[@id=\"application-managesites-display-component---NewSite--addressNewCostObjectCstID-vhi\"]"}
RESULT: {"using":"xpath","value":"//span[@id=\"application-managesites-display-component---NewSite--addressNewCostObjectCstID-vhi\"]"}
COMMAND: POST /session/cda6b29e510b44d9979fdab5b6517565/execute/sync - {"script":"<script> [8489 bytes]","args":[{"element-6066-11e4-a52e-4f735466cecf":"f.5E866639E2C7498835F0FF88C67C8471.d.D4A695D08C364A4D558B9C6CBF1DF80C.e.8657","ELEMENT":"f.5E866639E2C7498835F0FF88C67C8471.d.D4A695D08C364A4D558B9C6CBF1DF80C.e.8657"}]}
RESULT: {"script":"<script> [8489 bytes]","args":[{"element-6066-11e4-a52e-4f735466cecf":"f.5E866639E2C7498835F0FF88C67C8471.d.D4A695D08C364A4D558B9C6CBF1DF80C.e.8657","ELEMENT":"f.5E866639E2C7498835F0FF88C67C8471.d.D4A695D08C364A4D558B9C6CBF1DF80C.e.8657"}]}
COMMAND: POST /session/cda6b29e510b44d9979fdab5b6517565/execute/async - {"script":"<script> [1562 bytes]","args":[{"selector":{"id":"application-managesites-display-component---NewSite--addressNewCostObjectCstID-vhi"},"wdio_ui5_key":"applicationmanagesites-display-component---NewSite--addressNewCostObjectCstID-vhi"}]}
COMMAND: GET /session/cda6b29e510b44d9979fdab5b6517565/screenshot - {}
RESULT: {"script":"<script> [1562 bytes]","args":[{"selector":{"id":"application-managesites-display-component---NewSite--addressNewCostObjectCstID-vhi"},"wdio_ui5_key":"applicationmanagesites-display-component---NewSite--addressNewCostObjectCstID-vhi"}]}
RESULT: undefined
COMMAND: POST /session/cda6b29e510b44d9979fdab5b6517565/element - {"using":"xpath","value":"//*[@id=\"application-managesites-display-component---NewSite--addressNewCostObjectCstID-vhi\"]"}
RESULT: {}
RESULT: {"using":"xpath","value":"//*[@id=\"application-managesites-display-component---NewSite--addressNewCostObjectCstID-vhi\"]"}
COMMAND: POST /session/cda6b29e510b44d9979fdab5b6517565/element/f.5E866639E2C7498835F0FF88C67C8471.d.D4A695D08C364A4D558B9C6CBF1DF80C.e.8657/click - {}
RESULT: {}
COMMAND: GET /session/cda6b29e510b44d9979fdab5b6517565/screenshot - {}
RESULT: {}
RESULT: undefined
COMMAND: POST /session/cda6b29e510b44d9979fdab5b6517565/execute/async - {"script":"<script> [776 bytes]","args":[{"enterText":"10001013","selector":{"controlType":"sap.m.SearchField","properties":{"placeholder":"Search"},"searchOpenDialogs":true,"interaction":{"idSuffix":"I"}},"clearTextFirst":true,"interactionType":"ENTER_TEXT"}]}
RESULT: {"script":"<script> [776 bytes]","args":[{"enterText":"10001013","selector":{"controlType":"sap.m.SearchField","properties":{"placeholder":"Search"},"searchOpenDialogs":true,"interaction":{"idSuffix":"I"}},"clearTextFirst":true,"interactionType":"ENTER_TEXT"}]}
COMMAND: POST /session/cda6b29e510b44d9979fdab5b6517565/actions - {"actions":[{"id":"action29","type":"key","parameters":{},"actions":[{"type":"keyDown","value":"î€‡"},{"type":"pause","duration":10},{"type":"keyUp","value":"î€‡"}]}]}
RESULT: {"actions":[{"id":"action29","type":"key","parameters":{},"actions":[{"type":"keyDown","value":"î€‡"},{"type":"pause","duration":10},{"type":"keyUp","value":"î€‡"}]}]}
COMMAND: GET /session/cda6b29e510b44d9979fdab5b6517565/screenshot - {}
RESULT: {}
COMMAND: POST /session/cda6b29e510b44d9979fdab5b6517565/element - {"using":"xpath","value":"//span[contains(text(), \"General Management\")]"}
RESULT: {"using":"xpath","value":"//span[contains(text(), \"General Management\")]"}
COMMAND: POST /session/cda6b29e510b44d9979fdab5b6517565/element/f.5E866639E2C7498835F0FF88C67C8471.d.D4A695D08C364A4D558B9C6CBF1DF80C.e.8697/click - {}
RESULT: {}
COMMAND: GET /session/cda6b29e510b44d9979fdab5b6517565/screenshot - {}
RESULT: {}
COMMAND: POST /session/cda6b29e510b44d9979fdab5b6517565/element - {"using":"xpath","value":"//bdi[contains(text(), \"OK\")]"}
RESULT: {"using":"xpath","value":"//bdi[contains(text(), \"OK\")]"}
COMMAND: POST /session/cda6b29e510b44d9979fdab5b6517565/element/f.5E866639E2C7498835F0FF88C67C8471.d.D4A695D08C364A4D558B9C6CBF1DF80C.e.8698/click - {}
RESULT: {}
COMMAND: GET /session/cda6b29e510b44d9979fdab5b6517565/screenshot - {}
RESULT: {}
COMMAND: POST /session/cda6b29e510b44d9979fdab5b6517565/element - {"using":"xpath","value":"//input[@id=\"application-managesites-display-component---NewSite--addressDetailDetailsCalendar-inner\"]"}
RESULT: {"using":"xpath","value":"//input[@id=\"application-managesites-display-component---NewSite--addressDetailDetailsCalendar-inner\"]"}
COMMAND: POST /session/cda6b29e510b44d9979fdab5b6517565/element/f.5E866639E2C7498835F0FF88C67C8471.d.D4A695D08C364A4D558B9C6CBF1DF80C.e.8450/clear - {}
RESULT: {}
COMMAND: POST /session/cda6b29e510b44d9979fdab5b6517565/element/f.5E866639E2C7498835F0FF88C67C8471.d.D4A695D08C364A4D558B9C6CBF1DF80C.e.8450/value - {"text":"Unit"}
COMMAND: GET /session/cda6b29e510b44d9979fdab5b6517565/screenshot - {}
RESULT: {"text":"Unit"}
COMMAND: GET /session/cda6b29e510b44d9979fdab5b6517565/screenshot - {}
RESULT: {}
RESULT: {}
COMMAND: POST /session/cda6b29e510b44d9979fdab5b6517565/actions - {"actions":[{"id":"action30","type":"key","parameters":{},"actions":[{"type":"keyDown","value":"î€‡"},{"type":"pause","duration":10},{"type":"keyUp","value":"î€‡"}]}]}
RESULT: {"actions":[{"id":"action30","type":"key","parameters":{},"actions":[{"type":"keyDown","value":"î€‡"},{"type":"pause","duration":10},{"type":"keyUp","value":"î€‡"}]}]}
COMMAND: POST /session/cda6b29e510b44d9979fdab5b6517565/element - {"using":"xpath","value":"//input[@id=\"application-managesites-display-component---NewSite--addressDetailDetailsYard-inner\"]"}
COMMAND: GET /session/cda6b29e510b44d9979fdab5b6517565/screenshot - {}
RESULT: {"using":"xpath","value":"//input[@id=\"application-managesites-display-component---NewSite--addressDetailDetailsYard-inner\"]"}
COMMAND: POST /session/cda6b29e510b44d9979fdab5b6517565/element/f.5E866639E2C7498835F0FF88C67C8471.d.D4A695D08C364A4D558B9C6CBF1DF80C.e.8451/clear - {}
RESULT: {}
RESULT: {}
COMMAND: POST /session/cda6b29e510b44d9979fdab5b6517565/element/f.5E866639E2C7498835F0FF88C67C8471.d.D4A695D08C364A4D558B9C6CBF1DF80C.e.8451/value - {"text":"507"}
COMMAND: GET /session/cda6b29e510b44d9979fdab5b6517565/screenshot - {}
RESULT: {"text":"507"}
COMMAND: GET /session/cda6b29e510b44d9979fdab5b6517565/screenshot - {}
RESULT: {}
RESULT: {}
COMMAND: POST /session/cda6b29e510b44d9979fdab5b6517565/element - {"using":"xpath","value":"//li[.//span[text()='507']]"}
RESULT: {"using":"xpath","value":"//li[.//span[text()='507']]"}
COMMAND: POST /session/cda6b29e510b44d9979fdab5b6517565/element/f.5E866639E2C7498835F0FF88C67C8471.d.D4A695D08C364A4D558B9C6CBF1DF80C.e.8706/click - {}
RESULT: {}
COMMAND: GET /session/cda6b29e510b44d9979fdab5b6517565/screenshot - {}
RESULT: {}
COMMAND: POST /session/cda6b29e510b44d9979fdab5b6517565/element - {"using":"xpath","value":"//input[@id=\"application-managesites-display-component---NewSite--addressDetailDetailsPartner-inner\"]"}
RESULT: {"using":"xpath","value":"//input[@id=\"application-managesites-display-component---NewSite--addressDetailDetailsPartner-inner\"]"}
COMMAND: POST /session/cda6b29e510b44d9979fdab5b6517565/element - {"using":"xpath","value":"//input[@id=\"application-managesites-display-component---NewSite--addressDetailDetailsPartner-inner\"]"}
RESULT: {"using":"xpath","value":"//input[@id=\"application-managesites-display-component---NewSite--addressDetailDetailsPartner-inner\"]"}
COMMAND: POST /session/cda6b29e510b44d9979fdab5b6517565/element - {"using":"xpath","value":"//button[@data-kt=\"saveButton\"]"}
RESULT: {"using":"xpath","value":"//button[@data-kt=\"saveButton\"]"}
COMMAND: POST /session/cda6b29e510b44d9979fdab5b6517565/element/f.5E866639E2C7498835F0FF88C67C8471.d.D4A695D08C364A4D558B9C6CBF1DF80C.e.8584/click - {}
RESULT: {}
COMMAND: GET /session/cda6b29e510b44d9979fdab5b6517565/screenshot - {}
RESULT: {}
COMMAND: POST /session/cda6b29e510b44d9979fdab5b6517565/element - {"using":"xpath","value":"//header[contains(@id, 'ObjectPageLayout-headerTitle')]/div[1]/div[2]/div[2]/span[1]"}
RESULT: {"using":"xpath","value":"//header[contains(@id, 'ObjectPageLayout-headerTitle')]/div[1]/div[2]/div[2]/span[1]"}
COMMAND: POST /session/cda6b29e510b44d9979fdab5b6517565/elements - {"using":"xpath","value":"//header[contains(@id, 'ObjectPageLayout-headerTitle')]/div[1]/div[2]/div[2]/span[1]"}
RESULT: {"using":"xpath","value":"//header[contains(@id, 'ObjectPageLayout-headerTitle')]/div[1]/div[2]/div[2]/span[1]"}
COMMAND: POST /session/cda6b29e510b44d9979fdab5b6517565/execute/sync - {"script":"<script> [56 bytes]","args":[{"element-6066-11e4-a52e-4f735466cecf":"f.5E866639E2C7498835F0FF88C67C8471.d.D4A695D08C364A4D558B9C6CBF1DF80C.e.8910","ELEMENT":"f.5E866639E2C7498835F0FF88C67C8471.d.D4A695D08C364A4D558B9C6CBF1DF80C.e.8910"}]}
RESULT: {"script":"<script> [56 bytes]","args":[{"element-6066-11e4-a52e-4f735466cecf":"f.5E866639E2C7498835F0FF88C67C8471.d.D4A695D08C364A4D558B9C6CBF1DF80C.e.8910","ELEMENT":"f.5E866639E2C7498835F0FF88C67C8471.d.D4A695D08C364A4D558B9C6CBF1DF80C.e.8910"}]}
COMMAND: POST /session/cda6b29e510b44d9979fdab5b6517565/element - {"using":"css selector","value":"#shell-header-logo"}
COMMAND: GET /session/cda6b29e510b44d9979fdab5b6517565/screenshot - {}
RESULT: {"using":"css selector","value":"#shell-header-logo"}
COMMAND: POST /session/cda6b29e510b44d9979fdab5b6517565/element/f.5E866639E2C7498835F0FF88C67C8471.d.D4A695D08C364A4D558B9C6CBF1DF80C.e.8202/click - {}
RESULT: {}
RESULT: {}
COMMAND: GET /session/cda6b29e510b44d9979fdab5b6517565/screenshot - {}
RESULT: {}
COMMAND: POST /session/cda6b29e510b44d9979fdab5b6517565/execute/sync - {"script":"<script> [299 bytes]","args":[["getModel","getResource"]]}
RESULT: {"script":"<script> [299 bytes]","args":[["getModel","getResource"]]}
]]></system-out>
    </testcase>
    <testcase classname="chrome.136_0_7103_93.windows.Billing_Transfer_-_Intracompany_US127249" name="Should create a new equipment" time="139.862">
      <system-out><![CDATA[
COMMAND: GET /session/cda6b29e510b44d9979fdab5b6517565/screenshot - {}
COMMAND: POST /session/cda6b29e510b44d9979fdab5b6517565/execute/async - {"script":"<script> [1562 bytes]","args":[{"selector":{"controlType":"sap.m.GenericTile","properties":{"header":"Manage Resources"}},"wdio_ui5_key":"sapm.GenericTile{\"header\":\"Manage Resources\"}"}]}
RESULT: {"script":"<script> [1562 bytes]","args":[{"selector":{"controlType":"sap.m.GenericTile","properties":{"header":"Manage Resources"}},"wdio_ui5_key":"sapm.GenericTile{\"header\":\"Manage Resources\"}"}]}
RESULT: undefined
COMMAND: POST /session/cda6b29e510b44d9979fdab5b6517565/element - {"using":"xpath","value":"//*[@id=\"__tile39\"]"}
RESULT: {}
RESULT: {"using":"xpath","value":"//*[@id=\"__tile39\"]"}
COMMAND: POST /session/cda6b29e510b44d9979fdab5b6517565/element/f.5E866639E2C7498835F0FF88C67C8471.d.D4A695D08C364A4D558B9C6CBF1DF80C.e.6571/click - {}
RESULT: {}
COMMAND: GET /session/cda6b29e510b44d9979fdab5b6517565/screenshot - {}
RESULT: {}
COMMAND: POST /session/cda6b29e510b44d9979fdab5b6517565/elements - {"using":"xpath","value":"//span[text()='Error']"}
RESULT: {"using":"xpath","value":"//span[text()='Error']"}
COMMAND: POST /session/cda6b29e510b44d9979fdab5b6517565/element - {"using":"xpath","value":"//button[@data-kt=\"addNewRUOverflowToolbarButton\"]"}
RESULT: {"using":"xpath","value":"//button[@data-kt=\"addNewRUOverflowToolbarButton\"]"}
COMMAND: POST /session/cda6b29e510b44d9979fdab5b6517565/elements - {"using":"xpath","value":"//button[@data-kt=\"addNewRUOverflowToolbarButton\"]"}
RESULT: {"using":"xpath","value":"//button[@data-kt=\"addNewRUOverflowToolbarButton\"]"}
COMMAND: POST /session/cda6b29e510b44d9979fdab5b6517565/execute/sync - {"script":"<script> [8489 bytes]","args":[{"element-6066-11e4-a52e-4f735466cecf":"f.5E866639E2C7498835F0FF88C67C8471.d.D4A695D08C364A4D558B9C6CBF1DF80C.e.8942","ELEMENT":"f.5E866639E2C7498835F0FF88C67C8471.d.D4A695D08C364A4D558B9C6CBF1DF80C.e.8942"}]}
RESULT: {"script":"<script> [8489 bytes]","args":[{"element-6066-11e4-a52e-4f735466cecf":"f.5E866639E2C7498835F0FF88C67C8471.d.D4A695D08C364A4D558B9C6CBF1DF80C.e.8942","ELEMENT":"f.5E866639E2C7498835F0FF88C67C8471.d.D4A695D08C364A4D558B9C6CBF1DF80C.e.8942"}]}
COMMAND: GET /session/cda6b29e510b44d9979fdab5b6517565/element/f.5E866639E2C7498835F0FF88C67C8471.d.D4A695D08C364A4D558B9C6CBF1DF80C.e.8942/enabled - {}
COMMAND: GET /session/cda6b29e510b44d9979fdab5b6517565/screenshot - {}
RESULT: {}
COMMAND: POST /session/cda6b29e510b44d9979fdab5b6517565/execute/sync - {"script":"<script> [8489 bytes]","args":[{"element-6066-11e4-a52e-4f735466cecf":"f.5E866639E2C7498835F0FF88C67C8471.d.D4A695D08C364A4D558B9C6CBF1DF80C.e.8942","ELEMENT":"f.5E866639E2C7498835F0FF88C67C8471.d.D4A695D08C364A4D558B9C6CBF1DF80C.e.8942"}]}
COMMAND: GET /session/cda6b29e510b44d9979fdab5b6517565/screenshot - {}
RESULT: {}
RESULT: {"script":"<script> [8489 bytes]","args":[{"element-6066-11e4-a52e-4f735466cecf":"f.5E866639E2C7498835F0FF88C67C8471.d.D4A695D08C364A4D558B9C6CBF1DF80C.e.8942","ELEMENT":"f.5E866639E2C7498835F0FF88C67C8471.d.D4A695D08C364A4D558B9C6CBF1DF80C.e.8942"}]}
COMMAND: POST /session/cda6b29e510b44d9979fdab5b6517565/execute/sync - {"script":"<script> [5351 bytes]","args":[{"element-6066-11e4-a52e-4f735466cecf":"f.5E866639E2C7498835F0FF88C67C8471.d.D4A695D08C364A4D558B9C6CBF1DF80C.e.8942","ELEMENT":"f.5E866639E2C7498835F0FF88C67C8471.d.D4A695D08C364A4D558B9C6CBF1DF80C.e.8942"}]}
COMMAND: GET /session/cda6b29e510b44d9979fdab5b6517565/screenshot - {}
RESULT: {}
RESULT: {"script":"<script> [5351 bytes]","args":[{"element-6066-11e4-a52e-4f735466cecf":"f.5E866639E2C7498835F0FF88C67C8471.d.D4A695D08C364A4D558B9C6CBF1DF80C.e.8942","ELEMENT":"f.5E866639E2C7498835F0FF88C67C8471.d.D4A695D08C364A4D558B9C6CBF1DF80C.e.8942"}]}
COMMAND: POST /session/cda6b29e510b44d9979fdab5b6517565/element/f.5E866639E2C7498835F0FF88C67C8471.d.D4A695D08C364A4D558B9C6CBF1DF80C.e.8942/click - {}
COMMAND: GET /session/cda6b29e510b44d9979fdab5b6517565/screenshot - {}
RESULT: {}
RESULT: {}
COMMAND: GET /session/cda6b29e510b44d9979fdab5b6517565/screenshot - {}
COMMAND: POST /session/cda6b29e510b44d9979fdab5b6517565/execute/async - {"script":"<script> [1562 bytes]","args":[{"selector":{"id":"application-manageresources-display-component---newResourceUnit--TYPE-arrow"},"wdio_ui5_key":"applicationmanageresources-display-component---newResourceUnit--TYPE-arrow"}]}
RESULT: {}
RESULT: {}
RESULT: {"script":"<script> [1562 bytes]","args":[{"selector":{"id":"application-manageresources-display-component---newResourceUnit--TYPE-arrow"},"wdio_ui5_key":"applicationmanageresources-display-component---newResourceUnit--TYPE-arrow"}]}
RESULT: undefined
COMMAND: POST /session/cda6b29e510b44d9979fdab5b6517565/element - {"using":"xpath","value":"//*[@id=\"application-manageresources-display-component---newResourceUnit--TYPE-arrow\"]"}
RESULT: {"using":"xpath","value":"//*[@id=\"application-manageresources-display-component---newResourceUnit--TYPE-arrow\"]"}
COMMAND: POST /session/cda6b29e510b44d9979fdab5b6517565/element/f.5E866639E2C7498835F0FF88C67C8471.d.D4A695D08C364A4D558B9C6CBF1DF80C.e.9157/click - {}
RESULT: {}
COMMAND: POST /session/cda6b29e510b44d9979fdab5b6517565/element - {"using":"xpath","value":"//input[@id=\"application-manageresources-display-component---newResourceUnit--TYPE-inner\"]"}
COMMAND: GET /session/cda6b29e510b44d9979fdab5b6517565/screenshot - {}
RESULT: {"using":"xpath","value":"//input[@id=\"application-manageresources-display-component---newResourceUnit--TYPE-inner\"]"}
COMMAND: POST /session/cda6b29e510b44d9979fdab5b6517565/element/f.5E866639E2C7498835F0FF88C67C8471.d.D4A695D08C364A4D558B9C6CBF1DF80C.e.9153/clear - {}
RESULT: {}
RESULT: {}
COMMAND: POST /session/cda6b29e510b44d9979fdab5b6517565/element/f.5E866639E2C7498835F0FF88C67C8471.d.D4A695D08C364A4D558B9C6CBF1DF80C.e.9153/value - {"text":"Equipment"}
COMMAND: GET /session/cda6b29e510b44d9979fdab5b6517565/screenshot - {}
RESULT: {"text":"Equipment"}
COMMAND: GET /session/cda6b29e510b44d9979fdab5b6517565/screenshot - {}
RESULT: {}
RESULT: {}
COMMAND: POST /session/cda6b29e510b44d9979fdab5b6517565/actions - {"actions":[{"id":"action31","type":"key","parameters":{},"actions":[{"type":"keyDown","value":"î€‡"},{"type":"pause","duration":10},{"type":"keyUp","value":"î€‡"}]}]}
RESULT: {"actions":[{"id":"action31","type":"key","parameters":{},"actions":[{"type":"keyDown","value":"î€‡"},{"type":"pause","duration":10},{"type":"keyUp","value":"î€‡"}]}]}
COMMAND: POST /session/cda6b29e510b44d9979fdab5b6517565/execute/async - {"script":"<script> [1562 bytes]","args":[{"selector":{"id":"application-manageresources-display-component---newResourceUnit--resourceId","interaction":{"idSuffix":"inner"}},"wdio_ui5_key":"applicationmanageresources-display-component---newResourceUnit--resourceId"}]}
COMMAND: GET /session/cda6b29e510b44d9979fdab5b6517565/screenshot - {}
RESULT: {"script":"<script> [1562 bytes]","args":[{"selector":{"id":"application-manageresources-display-component---newResourceUnit--resourceId","interaction":{"idSuffix":"inner"}},"wdio_ui5_key":"applicationmanageresources-display-component---newResourceUnit--resourceId"}]}
RESULT: undefined
COMMAND: POST /session/cda6b29e510b44d9979fdab5b6517565/execute/async - {"script":"<script> [776 bytes]","args":[{"enterText":"G9GW916bmv","selector":{"id":"application-manageresources-display-component---newResourceUnit--resourceId","interaction":{"idSuffix":"inner"}},"clearTextFirst":true,"interactionType":"ENTER_TEXT"}]}
RESULT: {}
RESULT: {"script":"<script> [776 bytes]","args":[{"enterText":"G9GW916bmv","selector":{"id":"application-manageresources-display-component---newResourceUnit--resourceId","interaction":{"idSuffix":"inner"}},"clearTextFirst":true,"interactionType":"ENTER_TEXT"}]}
COMMAND: POST /session/cda6b29e510b44d9979fdab5b6517565/execute/async - {"script":"<script> [1562 bytes]","args":[{"selector":{"id":"application-manageresources-display-component---newResourceUnit--SHORT_TEXT","interaction":{"idSuffix":"inner"}},"wdio_ui5_key":"applicationmanageresources-display-component---newResourceUnit--SHORT_TEXT"}]}
RESULT: {"script":"<script> [1562 bytes]","args":[{"selector":{"id":"application-manageresources-display-component---newResourceUnit--SHORT_TEXT","interaction":{"idSuffix":"inner"}},"wdio_ui5_key":"applicationmanageresources-display-component---newResourceUnit--SHORT_TEXT"}]}
RESULT: undefined
COMMAND: POST /session/cda6b29e510b44d9979fdab5b6517565/execute/async - {"script":"<script> [776 bytes]","args":[{"enterText":"Intercompany Equipment WDIO","selector":{"id":"application-manageresources-display-component---newResourceUnit--SHORT_TEXT","interaction":{"idSuffix":"inner"}},"clearTextFirst":true,"interactionType":"ENTER_TEXT"}]}
RESULT: {"script":"<script> [776 bytes]","args":[{"enterText":"Intercompany Equipment WDIO","selector":{"id":"application-manageresources-display-component---newResourceUnit--SHORT_TEXT","interaction":{"idSuffix":"inner"}},"clearTextFirst":true,"interactionType":"ENTER_TEXT"}]}
COMMAND: POST /session/cda6b29e510b44d9979fdab5b6517565/execute/async - {"script":"<script> [1562 bytes]","args":[{"selector":{"id":"application-manageresources-display-component---newResourceUnit--BASE_UNIT_OF_MEASURE","interaction":{"idSuffix":"inner"}},"wdio_ui5_key":"applicationmanageresources-display-component---newResourceUnit--BASE_UNIT_OF_MEASURE"}]}
RESULT: {"script":"<script> [1562 bytes]","args":[{"selector":{"id":"application-manageresources-display-component---newResourceUnit--BASE_UNIT_OF_MEASURE","interaction":{"idSuffix":"inner"}},"wdio_ui5_key":"applicationmanageresources-display-component---newResourceUnit--BASE_UNIT_OF_MEASURE"}]}
RESULT: undefined
COMMAND: POST /session/cda6b29e510b44d9979fdab5b6517565/execute/async - {"script":"<script> [776 bytes]","args":[{"enterText":"Piece","selector":{"id":"application-manageresources-display-component---newResourceUnit--BASE_UNIT_OF_MEASURE","interaction":{"idSuffix":"inner"}},"clearTextFirst":true,"interactionType":"ENTER_TEXT"}]}
RESULT: {"script":"<script> [776 bytes]","args":[{"enterText":"Piece","selector":{"id":"application-manageresources-display-component---newResourceUnit--BASE_UNIT_OF_MEASURE","interaction":{"idSuffix":"inner"}},"clearTextFirst":true,"interactionType":"ENTER_TEXT"}]}
COMMAND: POST /session/cda6b29e510b44d9979fdab5b6517565/execute/async - {"script":"<script> [1562 bytes]","args":[{"selector":{"id":"application-manageresources-display-component---newResourceUnit--WEIGHT_UNIT","interaction":{"idSuffix":"inner"}},"wdio_ui5_key":"applicationmanageresources-display-component---newResourceUnit--WEIGHT_UNIT"}]}
RESULT: {"script":"<script> [1562 bytes]","args":[{"selector":{"id":"application-manageresources-display-component---newResourceUnit--WEIGHT_UNIT","interaction":{"idSuffix":"inner"}},"wdio_ui5_key":"applicationmanageresources-display-component---newResourceUnit--WEIGHT_UNIT"}]}
RESULT: undefined
COMMAND: POST /session/cda6b29e510b44d9979fdab5b6517565/execute/async - {"script":"<script> [776 bytes]","args":[{"enterText":"Gram","selector":{"id":"application-manageresources-display-component---newResourceUnit--WEIGHT_UNIT","interaction":{"idSuffix":"inner"}},"clearTextFirst":true,"interactionType":"ENTER_TEXT"}]}
RESULT: {"script":"<script> [776 bytes]","args":[{"enterText":"Gram","selector":{"id":"application-manageresources-display-component---newResourceUnit--WEIGHT_UNIT","interaction":{"idSuffix":"inner"}},"clearTextFirst":true,"interactionType":"ENTER_TEXT"}]}
COMMAND: POST /session/cda6b29e510b44d9979fdab5b6517565/execute/async - {"script":"<script> [1562 bytes]","args":[{"selector":{"id":"application-manageresources-display-component---newResourceUnit--DIMENSION_UNIT","interaction":{"idSuffix":"inner"}},"wdio_ui5_key":"applicationmanageresources-display-component---newResourceUnit--DIMENSION_UNIT"}]}
RESULT: {"script":"<script> [1562 bytes]","args":[{"selector":{"id":"application-manageresources-display-component---newResourceUnit--DIMENSION_UNIT","interaction":{"idSuffix":"inner"}},"wdio_ui5_key":"applicationmanageresources-display-component---newResourceUnit--DIMENSION_UNIT"}]}
RESULT: undefined
COMMAND: POST /session/cda6b29e510b44d9979fdab5b6517565/execute/async - {"script":"<script> [776 bytes]","args":[{"enterText":"Meter","selector":{"id":"application-manageresources-display-component---newResourceUnit--DIMENSION_UNIT","interaction":{"idSuffix":"inner"}},"clearTextFirst":true,"interactionType":"ENTER_TEXT"}]}
RESULT: {"script":"<script> [776 bytes]","args":[{"enterText":"Meter","selector":{"id":"application-manageresources-display-component---newResourceUnit--DIMENSION_UNIT","interaction":{"idSuffix":"inner"}},"clearTextFirst":true,"interactionType":"ENTER_TEXT"}]}
COMMAND: POST /session/cda6b29e510b44d9979fdab5b6517565/execute/async - {"script":"<script> [1562 bytes]","args":[{"selector":{"id":"application-manageresources-display-component---newResourceUnit--newRRUPage-anchBar-application-manageresources-display-component---newResourceUnit--control-anchor","interaction":{"idSuffix":"BDI-content"}},"wdio_ui5_key":"applicationmanageresources-display-component---newResourceUnit--newRRUPage-anchBar-application-manageresources-display-component---newResourceUnit--control-anchor"}]}
RESULT: {"script":"<script> [1562 bytes]","args":[{"selector":{"id":"application-manageresources-display-component---newResourceUnit--newRRUPage-anchBar-application-manageresources-display-component---newResourceUnit--control-anchor","interaction":{"idSuffix":"BDI-content"}},"wdio_ui5_key":"applicationmanageresources-display-component---newResourceUnit--newRRUPage-anchBar-application-manageresources-display-component---newResourceUnit--control-anchor"}]}
RESULT: undefined
COMMAND: POST /session/cda6b29e510b44d9979fdab5b6517565/element - {"using":"xpath","value":"//*[@id=\"application-manageresources-display-component---newResourceUnit--newRRUPage-anchBar-application-manageresources-display-component---newResourceUnit--control-anchor\"]"}
RESULT: {"using":"xpath","value":"//*[@id=\"application-manageresources-display-component---newResourceUnit--newRRUPage-anchBar-application-manageresources-display-component---newResourceUnit--control-anchor\"]"}
COMMAND: POST /session/cda6b29e510b44d9979fdab5b6517565/element/f.5E866639E2C7498835F0FF88C67C8471.d.D4A695D08C364A4D558B9C6CBF1DF80C.e.9287/click - {}
RESULT: {}
COMMAND: POST /session/cda6b29e510b44d9979fdab5b6517565/execute/async - {"script":"<script> [1562 bytes]","args":[{"selector":{"id":"application-manageresources-display-component---newResourceUnit--PLANNING_GROUP","interaction":{"idSuffix":"inner"}},"wdio_ui5_key":"applicationmanageresources-display-component---newResourceUnit--PLANNING_GROUP"}]}
COMMAND: GET /session/cda6b29e510b44d9979fdab5b6517565/screenshot - {}
RESULT: {"script":"<script> [1562 bytes]","args":[{"selector":{"id":"application-manageresources-display-component---newResourceUnit--PLANNING_GROUP","interaction":{"idSuffix":"inner"}},"wdio_ui5_key":"applicationmanageresources-display-component---newResourceUnit--PLANNING_GROUP"}]}
RESULT: undefined
COMMAND: POST /session/cda6b29e510b44d9979fdab5b6517565/execute/async - {"script":"<script> [776 bytes]","args":[{"enterText":"Heavy Equi","selector":{"id":"application-manageresources-display-component---newResourceUnit--PLANNING_GROUP","interaction":{"idSuffix":"inner"}},"clearTextFirst":true,"interactionType":"ENTER_TEXT"}]}
RESULT: {}
RESULT: {"script":"<script> [776 bytes]","args":[{"enterText":"Heavy Equi","selector":{"id":"application-manageresources-display-component---newResourceUnit--PLANNING_GROUP","interaction":{"idSuffix":"inner"}},"clearTextFirst":true,"interactionType":"ENTER_TEXT"}]}
COMMAND: POST /session/cda6b29e510b44d9979fdab5b6517565/execute/async - {"script":"<script> [1562 bytes]","args":[{"selector":{"id":"application-manageresources-display-component---newResourceUnit--ITEM_TYPE-arrow"},"wdio_ui5_key":"applicationmanageresources-display-component---newResourceUnit--ITEM_TYPE-arrow"}]}
RESULT: {"script":"<script> [1562 bytes]","args":[{"selector":{"id":"application-manageresources-display-component---newResourceUnit--ITEM_TYPE-arrow"},"wdio_ui5_key":"applicationmanageresources-display-component---newResourceUnit--ITEM_TYPE-arrow"}]}
RESULT: undefined
COMMAND: POST /session/cda6b29e510b44d9979fdab5b6517565/element - {"using":"xpath","value":"//*[@id=\"application-manageresources-display-component---newResourceUnit--ITEM_TYPE-arrow\"]"}
RESULT: {"using":"xpath","value":"//*[@id=\"application-manageresources-display-component---newResourceUnit--ITEM_TYPE-arrow\"]"}
COMMAND: POST /session/cda6b29e510b44d9979fdab5b6517565/element/f.5E866639E2C7498835F0FF88C67C8471.d.D4A695D08C364A4D558B9C6CBF1DF80C.e.9296/click - {}
RESULT: {}
COMMAND: POST /session/cda6b29e510b44d9979fdab5b6517565/element - {"using":"xpath","value":"(//span[contains(text(), \"Resource Unit\")])[2]"}
COMMAND: GET /session/cda6b29e510b44d9979fdab5b6517565/screenshot - {}
RESULT: {"using":"xpath","value":"(//span[contains(text(), \"Resource Unit\")])[2]"}
COMMAND: POST /session/cda6b29e510b44d9979fdab5b6517565/element/f.5E866639E2C7498835F0FF88C67C8471.d.D4A695D08C364A4D558B9C6CBF1DF80C.e.9297/click - {}
RESULT: {}
RESULT: {}
COMMAND: GET /session/cda6b29e510b44d9979fdab5b6517565/screenshot - {}
RESULT: {}
COMMAND: POST /session/cda6b29e510b44d9979fdab5b6517565/element - {"using":"css selector","value":"#application-manageresources-display-component---newResourceUnit--btnAddTimeSegment"}
RESULT: {"using":"css selector","value":"#application-manageresources-display-component---newResourceUnit--btnAddTimeSegment"}
COMMAND: GET /session/cda6b29e510b44d9979fdab5b6517565/element/f.5E866639E2C7498835F0FF88C67C8471.d.D4A695D08C364A4D558B9C6CBF1DF80C.e.9298/rect - {}
RESULT: {}
COMMAND: GET /session/cda6b29e510b44d9979fdab5b6517565/window/rect - {}
RESULT: {}
COMMAND: POST /session/cda6b29e510b44d9979fdab5b6517565/execute/sync - {"script":"<script> [92 bytes]","args":[]}
RESULT: {"script":"<script> [92 bytes]","args":[]}
COMMAND: POST /session/cda6b29e510b44d9979fdab5b6517565/actions - {"actions":[{"id":"action32","type":"wheel","parameters":{},"actions":[{"type":"scroll","x":-1888,"y":-32,"deltaX":0,"deltaY":0,"duration":0,"origin":{"element-6066-11e4-a52e-4f735466cecf":"f.5E866639E2C7498835F0FF88C67C8471.d.D4A695D08C364A4D558B9C6CBF1DF80C.e.9298"}}]}]}
COMMAND: GET /session/cda6b29e510b44d9979fdab5b6517565/screenshot - {}
RESULT: {}
COMMAND: POST /session/cda6b29e510b44d9979fdab5b6517565/execute/sync - {"script":"<script> [79 bytes]","args":[{"element-6066-11e4-a52e-4f735466cecf":"f.5E866639E2C7498835F0FF88C67C8471.d.D4A695D08C364A4D558B9C6CBF1DF80C.e.9298","ELEMENT":"f.5E866639E2C7498835F0FF88C67C8471.d.D4A695D08C364A4D558B9C6CBF1DF80C.e.9298"},{"block":"start","inline":"nearest"}]}
RESULT: {"script":"<script> [79 bytes]","args":[{"element-6066-11e4-a52e-4f735466cecf":"f.5E866639E2C7498835F0FF88C67C8471.d.D4A695D08C364A4D558B9C6CBF1DF80C.e.9298","ELEMENT":"f.5E866639E2C7498835F0FF88C67C8471.d.D4A695D08C364A4D558B9C6CBF1DF80C.e.9298"},{"block":"start","inline":"nearest"}]}
COMMAND: POST /session/cda6b29e510b44d9979fdab5b6517565/execute/async - {"script":"<script> [1562 bytes]","args":[{"selector":{"id":"application-manageresources-display-component---newResourceUnit--btnAddTimeSegment","interaction":{"idSuffix":"inner"}},"wdio_ui5_key":"applicationmanageresources-display-component---newResourceUnit--btnAddTimeSegment"}]}
COMMAND: GET /session/cda6b29e510b44d9979fdab5b6517565/screenshot - {}
RESULT: {"script":"<script> [1562 bytes]","args":[{"selector":{"id":"application-manageresources-display-component---newResourceUnit--btnAddTimeSegment","interaction":{"idSuffix":"inner"}},"wdio_ui5_key":"applicationmanageresources-display-component---newResourceUnit--btnAddTimeSegment"}]}
RESULT: undefined
COMMAND: POST /session/cda6b29e510b44d9979fdab5b6517565/element - {"using":"xpath","value":"//*[@id=\"application-manageresources-display-component---newResourceUnit--btnAddTimeSegment\"]"}
RESULT: {}
RESULT: {"using":"xpath","value":"//*[@id=\"application-manageresources-display-component---newResourceUnit--btnAddTimeSegment\"]"}
COMMAND: POST /session/cda6b29e510b44d9979fdab5b6517565/element/f.5E866639E2C7498835F0FF88C67C8471.d.D4A695D08C364A4D558B9C6CBF1DF80C.e.9298/click - {}
RESULT: {}
COMMAND: GET /session/cda6b29e510b44d9979fdab5b6517565/screenshot - {}
RESULT: {}
COMMAND: POST /session/cda6b29e510b44d9979fdab5b6517565/element - {"using":"xpath","value":"//input[@id=\"application-manageresources-display-component---newResourceUnit--idRuTSAdmin-application-manageresources-display-component---newResourceUnit--RUTimeSegment-0-inner\"]"}
RESULT: {"using":"xpath","value":"//input[@id=\"application-manageresources-display-component---newResourceUnit--idRuTSAdmin-application-manageresources-display-component---newResourceUnit--RUTimeSegment-0-inner\"]"}
COMMAND: POST /session/cda6b29e510b44d9979fdab5b6517565/element/f.5E866639E2C7498835F0FF88C67C8471.d.D4A695D08C364A4D558B9C6CBF1DF80C.e.9304/clear - {}
RESULT: {}
COMMAND: POST /session/cda6b29e510b44d9979fdab5b6517565/element/f.5E866639E2C7498835F0FF88C67C8471.d.D4A695D08C364A4D558B9C6CBF1DF80C.e.9304/value - {"text":"507"}
COMMAND: GET /session/cda6b29e510b44d9979fdab5b6517565/screenshot - {}
RESULT: {"text":"507"}
COMMAND: GET /session/cda6b29e510b44d9979fdab5b6517565/screenshot - {}
RESULT: {}
RESULT: {}
COMMAND: POST /session/cda6b29e510b44d9979fdab5b6517565/element - {"using":"xpath","value":"//li[.//span[text()='507']]"}
RESULT: {"using":"xpath","value":"//li[.//span[text()='507']]"}
COMMAND: POST /session/cda6b29e510b44d9979fdab5b6517565/element/f.5E866639E2C7498835F0FF88C67C8471.d.D4A695D08C364A4D558B9C6CBF1DF80C.e.9317/click - {}
RESULT: {}
COMMAND: GET /session/cda6b29e510b44d9979fdab5b6517565/screenshot - {}
RESULT: {}
COMMAND: POST /session/cda6b29e510b44d9979fdab5b6517565/element - {"using":"xpath","value":"(//span[contains(@id, \"-application-manageresources-display-component---newResourceUnit--RUTimeSegment-0-arrow\")])[6]"}
RESULT: {"using":"xpath","value":"(//span[contains(@id, \"-application-manageresources-display-component---newResourceUnit--RUTimeSegment-0-arrow\")])[6]"}
COMMAND: POST /session/cda6b29e510b44d9979fdab5b6517565/element/f.5E866639E2C7498835F0FF88C67C8471.d.D4A695D08C364A4D558B9C6CBF1DF80C.e.9318/click - {}
RESULT: {}
COMMAND: GET /session/cda6b29e510b44d9979fdab5b6517565/screenshot - {}
RESULT: {}
COMMAND: POST /session/cda6b29e510b44d9979fdab5b6517565/element - {"using":"xpath","value":"//span[contains(text(), \"PM Order\")]"}
RESULT: {"using":"xpath","value":"//span[contains(text(), \"PM Order\")]"}
COMMAND: POST /session/cda6b29e510b44d9979fdab5b6517565/element/f.5E866639E2C7498835F0FF88C67C8471.d.D4A695D08C364A4D558B9C6CBF1DF80C.e.9321/click - {}
RESULT: {}
COMMAND: GET /session/cda6b29e510b44d9979fdab5b6517565/screenshot - {}
RESULT: {}
COMMAND: POST /session/cda6b29e510b44d9979fdab5b6517565/element - {"using":"xpath","value":"(//span[contains(@id ,\"manageresources-display-component---newResourceUnit--RUTimeSegment-0-vhi\")])[1]"}
RESULT: {"using":"xpath","value":"(//span[contains(@id ,\"manageresources-display-component---newResourceUnit--RUTimeSegment-0-vhi\")])[1]"}
COMMAND: GET /session/cda6b29e510b44d9979fdab5b6517565/element/f.5E866639E2C7498835F0FF88C67C8471.d.D4A695D08C364A4D558B9C6CBF1DF80C.e.9325/rect - {}
RESULT: {}
COMMAND: GET /session/cda6b29e510b44d9979fdab5b6517565/window/rect - {}
RESULT: {}
COMMAND: POST /session/cda6b29e510b44d9979fdab5b6517565/execute/sync - {"script":"<script> [92 bytes]","args":[]}
RESULT: {"script":"<script> [92 bytes]","args":[]}
COMMAND: POST /session/cda6b29e510b44d9979fdab5b6517565/actions - {"actions":[{"id":"action33","type":"wheel","parameters":{},"actions":[{"type":"scroll","x":-869,"y":-24,"deltaX":0,"deltaY":0,"duration":0,"origin":{"element-6066-11e4-a52e-4f735466cecf":"f.5E866639E2C7498835F0FF88C67C8471.d.D4A695D08C364A4D558B9C6CBF1DF80C.e.9325"}}]}]}
COMMAND: GET /session/cda6b29e510b44d9979fdab5b6517565/screenshot - {}
RESULT: {"actions":[{"id":"action33","type":"wheel","parameters":{},"actions":[{"type":"scroll","x":-869,"y":-24,"deltaX":0,"deltaY":0,"duration":0,"origin":{"element-6066-11e4-a52e-4f735466cecf":"f.5E866639E2C7498835F0FF88C67C8471.d.D4A695D08C364A4D558B9C6CBF1DF80C.e.9325"}}]}]}
COMMAND: DELETE /session/cda6b29e510b44d9979fdab5b6517565/actions - {}
COMMAND: GET /session/cda6b29e510b44d9979fdab5b6517565/screenshot - {}
RESULT: {}
RESULT: {}
COMMAND: GET /session/cda6b29e510b44d9979fdab5b6517565/screenshot - {}
RESULT: {}
RESULT: {}
COMMAND: POST /session/cda6b29e510b44d9979fdab5b6517565/element/f.5E866639E2C7498835F0FF88C67C8471.d.D4A695D08C364A4D558B9C6CBF1DF80C.e.9325/click - {}
RESULT: {}
COMMAND: GET /session/cda6b29e510b44d9979fdab5b6517565/screenshot - {}
RESULT: {}
RESULT: undefined
COMMAND: POST /session/cda6b29e510b44d9979fdab5b6517565/execute/async - {"script":"<script> [776 bytes]","args":[{"enterText":"4000360","selector":{"controlType":"sap.m.SearchField","properties":{"placeholder":"Search"},"searchOpenDialogs":true,"interaction":{"idSuffix":"I"}},"clearTextFirst":true,"interactionType":"ENTER_TEXT"}]}
RESULT: {"script":"<script> [776 bytes]","args":[{"enterText":"4000360","selector":{"controlType":"sap.m.SearchField","properties":{"placeholder":"Search"},"searchOpenDialogs":true,"interaction":{"idSuffix":"I"}},"clearTextFirst":true,"interactionType":"ENTER_TEXT"}]}
COMMAND: POST /session/cda6b29e510b44d9979fdab5b6517565/actions - {"actions":[{"id":"action34","type":"key","parameters":{},"actions":[{"type":"keyDown","value":"î€‡"},{"type":"pause","duration":10},{"type":"keyUp","value":"î€‡"}]}]}
RESULT: {"actions":[{"id":"action34","type":"key","parameters":{},"actions":[{"type":"keyDown","value":"î€‡"},{"type":"pause","duration":10},{"type":"keyUp","value":"î€‡"}]}]}
COMMAND: GET /session/cda6b29e510b44d9979fdab5b6517565/screenshot - {}
RESULT: {}
COMMAND: POST /session/cda6b29e510b44d9979fdab5b6517565/element - {"using":"xpath","value":"//td/div/span[contains(text(), \"BGL Vehicles\")]"}
RESULT: {"using":"xpath","value":"//td/div/span[contains(text(), \"BGL Vehicles\")]"}
COMMAND: POST /session/cda6b29e510b44d9979fdab5b6517565/element/f.5E866639E2C7498835F0FF88C67C8471.d.D4A695D08C364A4D558B9C6CBF1DF80C.e.9346/click - {}
RESULT: {}
COMMAND: GET /session/cda6b29e510b44d9979fdab5b6517565/screenshot - {}
RESULT: {}
COMMAND: POST /session/cda6b29e510b44d9979fdab5b6517565/element - {"using":"xpath","value":"//bdi[contains(text(), \"OK\")]"}
RESULT: {"using":"xpath","value":"//bdi[contains(text(), \"OK\")]"}
COMMAND: POST /session/cda6b29e510b44d9979fdab5b6517565/element/f.5E866639E2C7498835F0FF88C67C8471.d.D4A695D08C364A4D558B9C6CBF1DF80C.e.9347/click - {}
RESULT: {}
COMMAND: GET /session/cda6b29e510b44d9979fdab5b6517565/screenshot - {}
RESULT: {}
COMMAND: POST /session/cda6b29e510b44d9979fdab5b6517565/execute/async - {"script":"<script> [1562 bytes]","args":[{"selector":{"id":"application-manageresources-display-component---newResourceUnit--newRRUPage-anchBar-application-manageresources-display-component---newResourceUnit--resource-anchor","interaction":{"idSuffix":"BDI-content"}},"wdio_ui5_key":"applicationmanageresources-display-component---newResourceUnit--newRRUPage-anchBar-application-manageresources-display-component---newResourceUnit--resource-anchor"}]}
RESULT: {"script":"<script> [1562 bytes]","args":[{"selector":{"id":"application-manageresources-display-component---newResourceUnit--newRRUPage-anchBar-application-manageresources-display-component---newResourceUnit--resource-anchor","interaction":{"idSuffix":"BDI-content"}},"wdio_ui5_key":"applicationmanageresources-display-component---newResourceUnit--newRRUPage-anchBar-application-manageresources-display-component---newResourceUnit--resource-anchor"}]}
RESULT: undefined
COMMAND: POST /session/cda6b29e510b44d9979fdab5b6517565/element - {"using":"xpath","value":"//*[@id=\"application-manageresources-display-component---newResourceUnit--newRRUPage-anchBar-application-manageresources-display-component---newResourceUnit--resource-anchor\"]"}
RESULT: {"using":"xpath","value":"//*[@id=\"application-manageresources-display-component---newResourceUnit--newRRUPage-anchBar-application-manageresources-display-component---newResourceUnit--resource-anchor\"]"}
COMMAND: POST /session/cda6b29e510b44d9979fdab5b6517565/element/f.5E866639E2C7498835F0FF88C67C8471.d.D4A695D08C364A4D558B9C6CBF1DF80C.e.9351/click - {}
RESULT: {}
COMMAND: POST /session/cda6b29e510b44d9979fdab5b6517565/execute/async - {"script":"<script> [1562 bytes]","args":[{"selector":{"id":"application-manageresources-display-component---newResourceUnit--PLANNED_DELIVERY_DATE","interaction":{"idSuffix":"inner"}},"wdio_ui5_key":"applicationmanageresources-display-component---newResourceUnit--PLANNED_DELIVERY_DATE"}]}
COMMAND: GET /session/cda6b29e510b44d9979fdab5b6517565/screenshot - {}
RESULT: {"script":"<script> [1562 bytes]","args":[{"selector":{"id":"application-manageresources-display-component---newResourceUnit--PLANNED_DELIVERY_DATE","interaction":{"idSuffix":"inner"}},"wdio_ui5_key":"applicationmanageresources-display-component---newResourceUnit--PLANNED_DELIVERY_DATE"}]}
RESULT: undefined
COMMAND: POST /session/cda6b29e510b44d9979fdab5b6517565/execute/async - {"script":"<script> [6424 bytes]","args":[{"element-6066-11e4-a52e-4f735466cecf":"f.5E866639E2C7498835F0FF88C67C8471.d.D4A695D08C364A4D558B9C6CBF1DF80C.e.9212"},"setValue",["5/17/25"]]}
RESULT: {}
RESULT: {"script":"<script> [6424 bytes]","args":[{"element-6066-11e4-a52e-4f735466cecf":"f.5E866639E2C7498835F0FF88C67C8471.d.D4A695D08C364A4D558B9C6CBF1DF80C.e.9212"},"setValue",["5/17/25"]]}
COMMAND: POST /session/cda6b29e510b44d9979fdab5b6517565/element - {"using":"xpath","value":"//label[contains(@class, 'sapMLabelRequired') and .//bdi[contains(text(), 'Planned Retirement')]]"}
RESULT: {"using":"xpath","value":"//label[contains(@class, 'sapMLabelRequired') and .//bdi[contains(text(), 'Planned Retirement')]]"}
COMMAND: POST /session/cda6b29e510b44d9979fdab5b6517565/elements - {"using":"xpath","value":"//label[contains(@class, 'sapMLabelRequired') and .//bdi[contains(text(), 'Planned Retirement')]]"}
RESULT: {"using":"xpath","value":"//label[contains(@class, 'sapMLabelRequired') and .//bdi[contains(text(), 'Planned Retirement')]]"}
COMMAND: POST /session/cda6b29e510b44d9979fdab5b6517565/element - {"using":"xpath","value":"//button[@data-kt=\"resourceUnitSaveButton\"]"}
RESULT: {"using":"xpath","value":"//button[@data-kt=\"resourceUnitSaveButton\"]"}
COMMAND: POST /session/cda6b29e510b44d9979fdab5b6517565/element/f.5E866639E2C7498835F0FF88C67C8471.d.D4A695D08C364A4D558B9C6CBF1DF80C.e.9173/click - {}
RESULT: {}
COMMAND: GET /session/cda6b29e510b44d9979fdab5b6517565/screenshot - {}
RESULT: {}
COMMAND: POST /session/cda6b29e510b44d9979fdab5b6517565/element - {"using":"xpath","value":"//bdi[contains(text(), \"Close\")]"}
RESULT: {"using":"xpath","value":"//bdi[contains(text(), \"Close\")]"}
COMMAND: POST /session/cda6b29e510b44d9979fdab5b6517565/element/f.5E866639E2C7498835F0FF88C67C8471.d.D4A695D08C364A4D558B9C6CBF1DF80C.e.9359/click - {}
RESULT: {}
COMMAND: GET /session/cda6b29e510b44d9979fdab5b6517565/screenshot - {}
RESULT: {}
COMMAND: POST /session/cda6b29e510b44d9979fdab5b6517565/element - {"using":"xpath","value":"(//button[contains(@id ,\"actionsToolbar-overflowButton\")])[1]"}
RESULT: {"using":"xpath","value":"(//button[contains(@id ,\"actionsToolbar-overflowButton\")])[1]"}
COMMAND: POST /session/cda6b29e510b44d9979fdab5b6517565/element/f.5E866639E2C7498835F0FF88C67C8471.d.D4A695D08C364A4D558B9C6CBF1DF80C.e.9415/click - {}
RESULT: {}
COMMAND: GET /session/cda6b29e510b44d9979fdab5b6517565/screenshot - {}
RESULT: {}
COMMAND: POST /session/cda6b29e510b44d9979fdab5b6517565/element - {"using":"xpath","value":"//button[@data-kt=\"priceInfoButton\"]"}
RESULT: {"using":"xpath","value":"//button[@data-kt=\"priceInfoButton\"]"}
COMMAND: POST /session/cda6b29e510b44d9979fdab5b6517565/element/f.5E866639E2C7498835F0FF88C67C8471.d.D4A695D08C364A4D558B9C6CBF1DF80C.e.9417/click - {}
RESULT: {}
COMMAND: GET /session/cda6b29e510b44d9979fdab5b6517565/screenshot - {}
]]></system-out>
    </testcase>
    <testcase classname="chrome.136_0_7103_93.windows.Billing_Transfer_-_Intracompany_US127249" name="Should create a pricing procedure" time="52.628">
      <system-out><![CDATA[
COMMAND: POST /session/cda6b29e510b44d9979fdab5b6517565/element - {"using":"xpath","value":"//button[@data-kt=\"addButton\"]"}
RESULT: {}
RESULT: {"using":"xpath","value":"//button[@data-kt=\"addButton\"]"}
COMMAND: POST /session/cda6b29e510b44d9979fdab5b6517565/elements - {"using":"xpath","value":"//button[@data-kt=\"addButton\"]"}
RESULT: {"using":"xpath","value":"//button[@data-kt=\"addButton\"]"}
COMMAND: POST /session/cda6b29e510b44d9979fdab5b6517565/element - {"using":"xpath","value":"//button[@data-kt=\"addButton\"]"}
RESULT: {"using":"xpath","value":"//button[@data-kt=\"addButton\"]"}
COMMAND: POST /session/cda6b29e510b44d9979fdab5b6517565/execute/sync - {"script":"<script> [8489 bytes]","args":[{"element-6066-11e4-a52e-4f735466cecf":"f.5E866639E2C7498835F0FF88C67C8471.d.D4A695D08C364A4D558B9C6CBF1DF80C.e.9453","ELEMENT":"f.5E866639E2C7498835F0FF88C67C8471.d.D4A695D08C364A4D558B9C6CBF1DF80C.e.9453"}]}
RESULT: {"script":"<script> [8489 bytes]","args":[{"element-6066-11e4-a52e-4f735466cecf":"f.5E866639E2C7498835F0FF88C67C8471.d.D4A695D08C364A4D558B9C6CBF1DF80C.e.9453","ELEMENT":"f.5E866639E2C7498835F0FF88C67C8471.d.D4A695D08C364A4D558B9C6CBF1DF80C.e.9453"}]}
COMMAND: GET /session/cda6b29e510b44d9979fdab5b6517565/element/f.5E866639E2C7498835F0FF88C67C8471.d.D4A695D08C364A4D558B9C6CBF1DF80C.e.9453/enabled - {}
COMMAND: GET /session/cda6b29e510b44d9979fdab5b6517565/screenshot - {}
RESULT: {}
COMMAND: POST /session/cda6b29e510b44d9979fdab5b6517565/execute/sync - {"script":"<script> [8489 bytes]","args":[{"element-6066-11e4-a52e-4f735466cecf":"f.5E866639E2C7498835F0FF88C67C8471.d.D4A695D08C364A4D558B9C6CBF1DF80C.e.9453","ELEMENT":"f.5E866639E2C7498835F0FF88C67C8471.d.D4A695D08C364A4D558B9C6CBF1DF80C.e.9453"}]}
COMMAND: GET /session/cda6b29e510b44d9979fdab5b6517565/screenshot - {}
RESULT: {}
RESULT: {"script":"<script> [8489 bytes]","args":[{"element-6066-11e4-a52e-4f735466cecf":"f.5E866639E2C7498835F0FF88C67C8471.d.D4A695D08C364A4D558B9C6CBF1DF80C.e.9453","ELEMENT":"f.5E866639E2C7498835F0FF88C67C8471.d.D4A695D08C364A4D558B9C6CBF1DF80C.e.9453"}]}
COMMAND: POST /session/cda6b29e510b44d9979fdab5b6517565/execute/sync - {"script":"<script> [5351 bytes]","args":[{"element-6066-11e4-a52e-4f735466cecf":"f.5E866639E2C7498835F0FF88C67C8471.d.D4A695D08C364A4D558B9C6CBF1DF80C.e.9453","ELEMENT":"f.5E866639E2C7498835F0FF88C67C8471.d.D4A695D08C364A4D558B9C6CBF1DF80C.e.9453"}]}
COMMAND: GET /session/cda6b29e510b44d9979fdab5b6517565/screenshot - {}
RESULT: {}
RESULT: {"script":"<script> [5351 bytes]","args":[{"element-6066-11e4-a52e-4f735466cecf":"f.5E866639E2C7498835F0FF88C67C8471.d.D4A695D08C364A4D558B9C6CBF1DF80C.e.9453","ELEMENT":"f.5E866639E2C7498835F0FF88C67C8471.d.D4A695D08C364A4D558B9C6CBF1DF80C.e.9453"}]}
COMMAND: POST /session/cda6b29e510b44d9979fdab5b6517565/element/f.5E866639E2C7498835F0FF88C67C8471.d.D4A695D08C364A4D558B9C6CBF1DF80C.e.9453/click - {}
COMMAND: GET /session/cda6b29e510b44d9979fdab5b6517565/screenshot - {}
RESULT: {}
RESULT: {}
COMMAND: GET /session/cda6b29e510b44d9979fdab5b6517565/screenshot - {}
RESULT: {}
RESULT: {}
COMMAND: POST /session/cda6b29e510b44d9979fdab5b6517565/execute/async - {"script":"<script> [1562 bytes]","args":[{"selector":{"controlType":"sap.m.Title","viewName":"etm.portal.ui.managepricingrules.view.NewItem","viewId":"application-managepricingrules-display-component---newInfoPriceItem","properties":{"text":"New Pricing Rules - Item Level"}},"wdio_ui5_key":"etmportal.ui.managepricingrules.view.NewItemsap.m.Title{\"text\":\"New Pricing Rules - Item Level\"}"}]}
RESULT: {"script":"<script> [1562 bytes]","args":[{"selector":{"controlType":"sap.m.Title","viewName":"etm.portal.ui.managepricingrules.view.NewItem","viewId":"application-managepricingrules-display-component---newInfoPriceItem","properties":{"text":"New Pricing Rules - Item Level"}},"wdio_ui5_key":"etmportal.ui.managepricingrules.view.NewItemsap.m.Title{\"text\":\"New Pricing Rules - Item Level\"}"}]}
RESULT: undefined
COMMAND: POST /session/cda6b29e510b44d9979fdab5b6517565/execute/async - {"script":"<script> [6424 bytes]","args":[{"element-6066-11e4-a52e-4f735466cecf":"f.5E866639E2C7498835F0FF88C67C8471.d.D4A695D08C364A4D558B9C6CBF1DF80C.e.9611"},"getText",[]]}
RESULT: {"script":"<script> [6424 bytes]","args":[{"element-6066-11e4-a52e-4f735466cecf":"f.5E866639E2C7498835F0FF88C67C8471.d.D4A695D08C364A4D558B9C6CBF1DF80C.e.9611"},"getText",[]]}
COMMAND: POST /session/cda6b29e510b44d9979fdab5b6517565/execute/async - {"script":"<script> [1562 bytes]","args":[{"selector":{"id":"application-managepricingrules-display-component---newInfoPriceItem--condValidTo","interaction":{"idSuffix":"inner"}},"wdio_ui5_key":"applicationmanagepricingrules-display-component---newInfoPriceItem--condValidTo"}]}
RESULT: {"script":"<script> [1562 bytes]","args":[{"selector":{"id":"application-managepricingrules-display-component---newInfoPriceItem--condValidTo","interaction":{"idSuffix":"inner"}},"wdio_ui5_key":"applicationmanagepricingrules-display-component---newInfoPriceItem--condValidTo"}]}
RESULT: undefined
COMMAND: POST /session/cda6b29e510b44d9979fdab5b6517565/execute/async - {"script":"<script> [776 bytes]","args":[{"enterText":"1/17/26","selector":{"id":"application-managepricingrules-display-component---newInfoPriceItem--condValidTo","interaction":{"idSuffix":"inner"}},"clearTextFirst":true,"interactionType":"ENTER_TEXT"}]}
RESULT: {"script":"<script> [776 bytes]","args":[{"enterText":"1/17/26","selector":{"id":"application-managepricingrules-display-component---newInfoPriceItem--condValidTo","interaction":{"idSuffix":"inner"}},"clearTextFirst":true,"interactionType":"ENTER_TEXT"}]}
COMMAND: POST /session/cda6b29e510b44d9979fdab5b6517565/execute/async - {"script":"<script> [1562 bytes]","args":[{"selector":{"id":"application-managepricingrules-display-component---newInfoPriceItem--billType-arrow"},"wdio_ui5_key":"applicationmanagepricingrules-display-component---newInfoPriceItem--billType-arrow"}]}
RESULT: {"script":"<script> [1562 bytes]","args":[{"selector":{"id":"application-managepricingrules-display-component---newInfoPriceItem--billType-arrow"},"wdio_ui5_key":"applicationmanagepricingrules-display-component---newInfoPriceItem--billType-arrow"}]}
RESULT: undefined
COMMAND: POST /session/cda6b29e510b44d9979fdab5b6517565/element - {"using":"xpath","value":"//*[@id=\"application-managepricingrules-display-component---newInfoPriceItem--billType-arrow\"]"}
RESULT: {"using":"xpath","value":"//*[@id=\"application-managepricingrules-display-component---newInfoPriceItem--billType-arrow\"]"}
COMMAND: POST /session/cda6b29e510b44d9979fdab5b6517565/element/f.5E866639E2C7498835F0FF88C67C8471.d.D4A695D08C364A4D558B9C6CBF1DF80C.e.9613/click - {}
RESULT: {}
COMMAND: POST /session/cda6b29e510b44d9979fdab5b6517565/element - {"using":"xpath","value":"//span[contains(text(), \"TB - Time based\")]"}
COMMAND: GET /session/cda6b29e510b44d9979fdab5b6517565/screenshot - {}
RESULT: {"using":"xpath","value":"//span[contains(text(), \"TB - Time based\")]"}
COMMAND: POST /session/cda6b29e510b44d9979fdab5b6517565/element/f.5E866639E2C7498835F0FF88C67C8471.d.D4A695D08C364A4D558B9C6CBF1DF80C.e.9614/click - {}
RESULT: {}
RESULT: {}
COMMAND: POST /session/cda6b29e510b44d9979fdab5b6517565/execute/async - {"script":"<script> [1562 bytes]","args":[{"selector":{"id":"application-managepricingrules-display-component---newInfoPriceItem--priceProc-arrow"},"wdio_ui5_key":"applicationmanagepricingrules-display-component---newInfoPriceItem--priceProc-arrow"}]}
COMMAND: GET /session/cda6b29e510b44d9979fdab5b6517565/screenshot - {}
RESULT: {"script":"<script> [1562 bytes]","args":[{"selector":{"id":"application-managepricingrules-display-component---newInfoPriceItem--priceProc-arrow"},"wdio_ui5_key":"applicationmanagepricingrules-display-component---newInfoPriceItem--priceProc-arrow"}]}
RESULT: undefined
COMMAND: POST /session/cda6b29e510b44d9979fdab5b6517565/element - {"using":"xpath","value":"//*[@id=\"application-managepricingrules-display-component---newInfoPriceItem--priceProc-arrow\"]"}
RESULT: {}
RESULT: {"using":"xpath","value":"//*[@id=\"application-managepricingrules-display-component---newInfoPriceItem--priceProc-arrow\"]"}
COMMAND: POST /session/cda6b29e510b44d9979fdab5b6517565/element/f.5E866639E2C7498835F0FF88C67C8471.d.D4A695D08C364A4D558B9C6CBF1DF80C.e.9578/click - {}
RESULT: {}
COMMAND: POST /session/cda6b29e510b44d9979fdab5b6517565/element - {"using":"xpath","value":"//span[contains(text(), \"TBS - Time based standard\")]"}
COMMAND: GET /session/cda6b29e510b44d9979fdab5b6517565/screenshot - {}
RESULT: {}
RESULT: {"using":"xpath","value":"//span[contains(text(), \"TBS - Time based standard\")]"}
COMMAND: POST /session/cda6b29e510b44d9979fdab5b6517565/element/f.5E866639E2C7498835F0FF88C67C8471.d.D4A695D08C364A4D558B9C6CBF1DF80C.e.9615/click - {}
RESULT: {}
COMMAND: POST /session/cda6b29e510b44d9979fdab5b6517565/execute/async - {"script":"<script> [1562 bytes]","args":[{"selector":{"id":"application-managepricingrules-display-component---newInfoPriceItem--calcBase-arrow"},"wdio_ui5_key":"applicationmanagepricingrules-display-component---newInfoPriceItem--calcBase-arrow"}]}
COMMAND: GET /session/cda6b29e510b44d9979fdab5b6517565/screenshot - {}
RESULT: {"script":"<script> [1562 bytes]","args":[{"selector":{"id":"application-managepricingrules-display-component---newInfoPriceItem--calcBase-arrow"},"wdio_ui5_key":"applicationmanagepricingrules-display-component---newInfoPriceItem--calcBase-arrow"}]}
RESULT: undefined
COMMAND: POST /session/cda6b29e510b44d9979fdab5b6517565/element - {"using":"xpath","value":"//*[@id=\"application-managepricingrules-display-component---newInfoPriceItem--calcBase-arrow\"]"}
RESULT: {}
RESULT: {"using":"xpath","value":"//*[@id=\"application-managepricingrules-display-component---newInfoPriceItem--calcBase-arrow\"]"}
COMMAND: POST /session/cda6b29e510b44d9979fdab5b6517565/element/f.5E866639E2C7498835F0FF88C67C8471.d.D4A695D08C364A4D558B9C6CBF1DF80C.e.9585/click - {}
RESULT: {}
COMMAND: GET /session/cda6b29e510b44d9979fdab5b6517565/screenshot - {}
RESULT: {}
COMMAND: POST /session/cda6b29e510b44d9979fdab5b6517565/element - {"using":"xpath","value":"//span[contains(text(), \"0006 - TB(calendar days)\")]"}
RESULT: {"using":"xpath","value":"//span[contains(text(), \"0006 - TB(calendar days)\")]"}
COMMAND: POST /session/cda6b29e510b44d9979fdab5b6517565/element/f.5E866639E2C7498835F0FF88C67C8471.d.D4A695D08C364A4D558B9C6CBF1DF80C.e.9616/click - {}
RESULT: {}
COMMAND: GET /session/cda6b29e510b44d9979fdab5b6517565/screenshot - {}
RESULT: {}
COMMAND: POST /session/cda6b29e510b44d9979fdab5b6517565/execute/async - {"script":"<script> [1562 bytes]","args":[{"selector":{"id":"application-managepricingrules-display-component---newInfoPriceItem--daysMonth","interaction":{"idSuffix":"inner"}},"wdio_ui5_key":"applicationmanagepricingrules-display-component---newInfoPriceItem--daysMonth"}]}
RESULT: {"script":"<script> [1562 bytes]","args":[{"selector":{"id":"application-managepricingrules-display-component---newInfoPriceItem--daysMonth","interaction":{"idSuffix":"inner"}},"wdio_ui5_key":"applicationmanagepricingrules-display-component---newInfoPriceItem--daysMonth"}]}
RESULT: undefined
COMMAND: POST /session/cda6b29e510b44d9979fdab5b6517565/execute/async - {"script":"<script> [776 bytes]","args":[{"enterText":"30","selector":{"id":"application-managepricingrules-display-component---newInfoPriceItem--daysMonth","interaction":{"idSuffix":"inner"}},"clearTextFirst":true,"interactionType":"ENTER_TEXT"}]}
RESULT: {"script":"<script> [776 bytes]","args":[{"enterText":"30","selector":{"id":"application-managepricingrules-display-component---newInfoPriceItem--daysMonth","interaction":{"idSuffix":"inner"}},"clearTextFirst":true,"interactionType":"ENTER_TEXT"}]}
COMMAND: POST /session/cda6b29e510b44d9979fdab5b6517565/element - {"using":"xpath","value":"//button[@data-kt=\"saveNewRuleButton\"]"}
RESULT: {"using":"xpath","value":"//button[@data-kt=\"saveNewRuleButton\"]"}
COMMAND: POST /session/cda6b29e510b44d9979fdab5b6517565/element/f.5E866639E2C7498835F0FF88C67C8471.d.D4A695D08C364A4D558B9C6CBF1DF80C.e.9600/click - {}
RESULT: {}
COMMAND: GET /session/cda6b29e510b44d9979fdab5b6517565/screenshot - {}
RESULT: {}
COMMAND: POST /session/cda6b29e510b44d9979fdab5b6517565/execute/async - {"script":"<script> [1562 bytes]","args":[{"selector":{"id":"application-managepricingrules-display-component---priceInfoItem--smartFilterBar-btnBasicSearch","interaction":{"idSuffix":"I"}},"wdio_ui5_key":"applicationmanagepricingrules-display-component---priceInfoItem--smartFilterBar-btnBasicSearch"}]}
RESULT: {"script":"<script> [1562 bytes]","args":[{"selector":{"id":"application-managepricingrules-display-component---priceInfoItem--smartFilterBar-btnBasicSearch","interaction":{"idSuffix":"I"}},"wdio_ui5_key":"applicationmanagepricingrules-display-component---priceInfoItem--smartFilterBar-btnBasicSearch"}]}
RESULT: undefined
COMMAND: POST /session/cda6b29e510b44d9979fdab5b6517565/execute/async - {"script":"<script> [776 bytes]","args":[{"enterText":"G9GW916bmv","selector":{"id":"application-managepricingrules-display-component---priceInfoItem--smartFilterBar-btnBasicSearch","interaction":{"idSuffix":"I"}},"clearTextFirst":true,"interactionType":"ENTER_TEXT"}]}
RESULT: {"script":"<script> [776 bytes]","args":[{"enterText":"G9GW916bmv","selector":{"id":"application-managepricingrules-display-component---priceInfoItem--smartFilterBar-btnBasicSearch","interaction":{"idSuffix":"I"}},"clearTextFirst":true,"interactionType":"ENTER_TEXT"}]}
COMMAND: POST /session/cda6b29e510b44d9979fdab5b6517565/actions - {"actions":[{"id":"action35","type":"key","parameters":{},"actions":[{"type":"keyDown","value":"î€‡"},{"type":"pause","duration":10},{"type":"keyUp","value":"î€‡"}]}]}
RESULT: {"actions":[{"id":"action35","type":"key","parameters":{},"actions":[{"type":"keyDown","value":"î€‡"},{"type":"pause","duration":10},{"type":"keyUp","value":"î€‡"}]}]}
COMMAND: GET /session/cda6b29e510b44d9979fdab5b6517565/screenshot - {}
RESULT: {}
COMMAND: POST /session/cda6b29e510b44d9979fdab5b6517565/element - {"using":"xpath","value":"//span[@id=\"application-managepricingrules-display-component---priceInfoItem--smartTable-header-inner\"]"}
RESULT: {"using":"xpath","value":"//span[@id=\"application-managepricingrules-display-component---priceInfoItem--smartTable-header-inner\"]"}
COMMAND: POST /session/cda6b29e510b44d9979fdab5b6517565/elements - {"using":"xpath","value":"//span[@id=\"application-managepricingrules-display-component---priceInfoItem--smartTable-header-inner\"]"}
RESULT: {"using":"xpath","value":"//span[@id=\"application-managepricingrules-display-component---priceInfoItem--smartTable-header-inner\"]"}
COMMAND: POST /session/cda6b29e510b44d9979fdab5b6517565/execute/sync - {"script":"<script> [56 bytes]","args":[{"element-6066-11e4-a52e-4f735466cecf":"f.5E866639E2C7498835F0FF88C67C8471.d.D4A695D08C364A4D558B9C6CBF1DF80C.e.9641","ELEMENT":"f.5E866639E2C7498835F0FF88C67C8471.d.D4A695D08C364A4D558B9C6CBF1DF80C.e.9641"}]}
RESULT: {"script":"<script> [56 bytes]","args":[{"element-6066-11e4-a52e-4f735466cecf":"f.5E866639E2C7498835F0FF88C67C8471.d.D4A695D08C364A4D558B9C6CBF1DF80C.e.9641","ELEMENT":"f.5E866639E2C7498835F0FF88C67C8471.d.D4A695D08C364A4D558B9C6CBF1DF80C.e.9641"}]}
COMMAND: POST /session/cda6b29e510b44d9979fdab5b6517565/element - {"using":"css selector","value":"#shell-header-logo"}
COMMAND: GET /session/cda6b29e510b44d9979fdab5b6517565/screenshot - {}
RESULT: {"using":"css selector","value":"#shell-header-logo"}
COMMAND: POST /session/cda6b29e510b44d9979fdab5b6517565/element/f.5E866639E2C7498835F0FF88C67C8471.d.D4A695D08C364A4D558B9C6CBF1DF80C.e.8913/click - {}
RESULT: {}
RESULT: {}
COMMAND: GET /session/cda6b29e510b44d9979fdab5b6517565/screenshot - {}
RESULT: {}
]]></system-out>
    </testcase>
    <testcase classname="chrome.136_0_7103_93.windows.Billing_Transfer_-_Intracompany_US127249" name="Should manage conditions" time="66.914">
      <system-out><![CDATA[
COMMAND: POST /session/cda6b29e510b44d9979fdab5b6517565/execute/async - {"script":"<script> [1562 bytes]","args":[{"selector":{"controlType":"sap.m.GenericTile","properties":{"header":"Manage Conditions & Prices"}},"wdio_ui5_key":"sapm.GenericTile{\"header\":\"Manage Conditions & Prices\"}"}]}
RESULT: {"script":"<script> [1562 bytes]","args":[{"selector":{"controlType":"sap.m.GenericTile","properties":{"header":"Manage Conditions & Prices"}},"wdio_ui5_key":"sapm.GenericTile{\"header\":\"Manage Conditions & Prices\"}"}]}
RESULT: undefined
COMMAND: POST /session/cda6b29e510b44d9979fdab5b6517565/element - {"using":"xpath","value":"//*[@id=\"__tile53\"]"}
RESULT: {"using":"xpath","value":"//*[@id=\"__tile53\"]"}
COMMAND: POST /session/cda6b29e510b44d9979fdab5b6517565/element/f.5E866639E2C7498835F0FF88C67C8471.d.D4A695D08C364A4D558B9C6CBF1DF80C.e.6609/click - {}
RESULT: {}
COMMAND: GET /session/cda6b29e510b44d9979fdab5b6517565/screenshot - {}
RESULT: {}
COMMAND: POST /session/cda6b29e510b44d9979fdab5b6517565/elements - {"using":"xpath","value":"//span[text()='Error']"}
RESULT: {"using":"xpath","value":"//span[text()='Error']"}
COMMAND: POST /session/cda6b29e510b44d9979fdab5b6517565/element - {"using":"xpath","value":"//button[@aria-label=\"Create\"]"}
RESULT: {"using":"xpath","value":"//button[@aria-label=\"Create\"]"}
COMMAND: POST /session/cda6b29e510b44d9979fdab5b6517565/elements - {"using":"xpath","value":"//button[@aria-label=\"Create\"]"}
RESULT: {"using":"xpath","value":"//button[@aria-label=\"Create\"]"}
COMMAND: POST /session/cda6b29e510b44d9979fdab5b6517565/execute/sync - {"script":"<script> [8489 bytes]","args":[{"element-6066-11e4-a52e-4f735466cecf":"f.5E866639E2C7498835F0FF88C67C8471.d.D4A695D08C364A4D558B9C6CBF1DF80C.e.9676","ELEMENT":"f.5E866639E2C7498835F0FF88C67C8471.d.D4A695D08C364A4D558B9C6CBF1DF80C.e.9676"}]}
RESULT: {"script":"<script> [8489 bytes]","args":[{"element-6066-11e4-a52e-4f735466cecf":"f.5E866639E2C7498835F0FF88C67C8471.d.D4A695D08C364A4D558B9C6CBF1DF80C.e.9676","ELEMENT":"f.5E866639E2C7498835F0FF88C67C8471.d.D4A695D08C364A4D558B9C6CBF1DF80C.e.9676"}]}
COMMAND: GET /session/cda6b29e510b44d9979fdab5b6517565/element/f.5E866639E2C7498835F0FF88C67C8471.d.D4A695D08C364A4D558B9C6CBF1DF80C.e.9676/enabled - {}
COMMAND: GET /session/cda6b29e510b44d9979fdab5b6517565/screenshot - {}
RESULT: {}
COMMAND: POST /session/cda6b29e510b44d9979fdab5b6517565/execute/sync - {"script":"<script> [8489 bytes]","args":[{"element-6066-11e4-a52e-4f735466cecf":"f.5E866639E2C7498835F0FF88C67C8471.d.D4A695D08C364A4D558B9C6CBF1DF80C.e.9676","ELEMENT":"f.5E866639E2C7498835F0FF88C67C8471.d.D4A695D08C364A4D558B9C6CBF1DF80C.e.9676"}]}
COMMAND: GET /session/cda6b29e510b44d9979fdab5b6517565/screenshot - {}
RESULT: {}
RESULT: {"script":"<script> [8489 bytes]","args":[{"element-6066-11e4-a52e-4f735466cecf":"f.5E866639E2C7498835F0FF88C67C8471.d.D4A695D08C364A4D558B9C6CBF1DF80C.e.9676","ELEMENT":"f.5E866639E2C7498835F0FF88C67C8471.d.D4A695D08C364A4D558B9C6CBF1DF80C.e.9676"}]}
COMMAND: POST /session/cda6b29e510b44d9979fdab5b6517565/execute/sync - {"script":"<script> [5351 bytes]","args":[{"element-6066-11e4-a52e-4f735466cecf":"f.5E866639E2C7498835F0FF88C67C8471.d.D4A695D08C364A4D558B9C6CBF1DF80C.e.9676","ELEMENT":"f.5E866639E2C7498835F0FF88C67C8471.d.D4A695D08C364A4D558B9C6CBF1DF80C.e.9676"}]}
COMMAND: GET /session/cda6b29e510b44d9979fdab5b6517565/screenshot - {}
RESULT: {}
RESULT: {"script":"<script> [5351 bytes]","args":[{"element-6066-11e4-a52e-4f735466cecf":"f.5E866639E2C7498835F0FF88C67C8471.d.D4A695D08C364A4D558B9C6CBF1DF80C.e.9676","ELEMENT":"f.5E866639E2C7498835F0FF88C67C8471.d.D4A695D08C364A4D558B9C6CBF1DF80C.e.9676"}]}
COMMAND: POST /session/cda6b29e510b44d9979fdab5b6517565/element/f.5E866639E2C7498835F0FF88C67C8471.d.D4A695D08C364A4D558B9C6CBF1DF80C.e.9676/click - {}
COMMAND: GET /session/cda6b29e510b44d9979fdab5b6517565/screenshot - {}
RESULT: {}
RESULT: {}
COMMAND: GET /session/cda6b29e510b44d9979fdab5b6517565/screenshot - {}
RESULT: {}
RESULT: {}
COMMAND: POST /session/cda6b29e510b44d9979fdab5b6517565/actions - {"actions":[{"id":"action36","type":"key","parameters":{},"actions":[{"type":"keyDown","value":"î€‡"},{"type":"pause","duration":10},{"type":"keyUp","value":"î€‡"}]}]}
RESULT: {"actions":[{"id":"action36","type":"key","parameters":{},"actions":[{"type":"keyDown","value":"î€‡"},{"type":"pause","duration":10},{"type":"keyUp","value":"î€‡"}]}]}
COMMAND: GET /session/cda6b29e510b44d9979fdab5b6517565/screenshot - {}
RESULT: {}
COMMAND: POST /session/cda6b29e510b44d9979fdab5b6517565/execute/async - {"script":"<script> [1562 bytes]","args":[{"selector":{"id":"application-manageconditionprice-display-component---newCondition--condBillCond-arrow"},"wdio_ui5_key":"applicationmanageconditionprice-display-component---newCondition--condBillCond-arrow"}]}
RESULT: {"script":"<script> [1562 bytes]","args":[{"selector":{"id":"application-manageconditionprice-display-component---newCondition--condBillCond-arrow"},"wdio_ui5_key":"applicationmanageconditionprice-display-component---newCondition--condBillCond-arrow"}]}
RESULT: undefined
COMMAND: POST /session/cda6b29e510b44d9979fdab5b6517565/element - {"using":"xpath","value":"//*[@id=\"application-manageconditionprice-display-component---newCondition--condBillCond-arrow\"]"}
RESULT: {"using":"xpath","value":"//*[@id=\"application-manageconditionprice-display-component---newCondition--condBillCond-arrow\"]"}
COMMAND: POST /session/cda6b29e510b44d9979fdab5b6517565/element/f.5E866639E2C7498835F0FF88C67C8471.d.D4A695D08C364A4D558B9C6CBF1DF80C.e.9853/click - {}
RESULT: {}
COMMAND: GET /session/cda6b29e510b44d9979fdab5b6517565/screenshot - {}
RESULT: {}
COMMAND: POST /session/cda6b29e510b44d9979fdab5b6517565/element - {"using":"xpath","value":"//li[.//span[contains(text(), \"DISP - D&I special price\")]]"}
RESULT: {"using":"xpath","value":"//li[.//span[contains(text(), \"DISP - D&I special price\")]]"}
COMMAND: POST /session/cda6b29e510b44d9979fdab5b6517565/element/f.5E866639E2C7498835F0FF88C67C8471.d.D4A695D08C364A4D558B9C6CBF1DF80C.e.9856/click - {}
RESULT: {}
COMMAND: GET /session/cda6b29e510b44d9979fdab5b6517565/screenshot - {}
RESULT: {}
COMMAND: POST /session/cda6b29e510b44d9979fdab5b6517565/execute/async - {"script":"<script> [1562 bytes]","args":[{"selector":{"id":"application-manageconditionprice-display-component---newCondition--condValidTo","interaction":{"idSuffix":"inner"}},"wdio_ui5_key":"applicationmanageconditionprice-display-component---newCondition--condValidTo"}]}
RESULT: {"script":"<script> [1562 bytes]","args":[{"selector":{"id":"application-manageconditionprice-display-component---newCondition--condValidTo","interaction":{"idSuffix":"inner"}},"wdio_ui5_key":"applicationmanageconditionprice-display-component---newCondition--condValidTo"}]}
RESULT: undefined
COMMAND: POST /session/cda6b29e510b44d9979fdab5b6517565/execute/async - {"script":"<script> [776 bytes]","args":[{"enterText":"1/17/26","selector":{"id":"application-manageconditionprice-display-component---newCondition--condValidTo","interaction":{"idSuffix":"inner"}},"clearTextFirst":true,"interactionType":"ENTER_TEXT"}]}
RESULT: {"script":"<script> [776 bytes]","args":[{"enterText":"1/17/26","selector":{"id":"application-manageconditionprice-display-component---newCondition--condValidTo","interaction":{"idSuffix":"inner"}},"clearTextFirst":true,"interactionType":"ENTER_TEXT"}]}
COMMAND: POST /session/cda6b29e510b44d9979fdab5b6517565/element - {"using":"xpath","value":"//input[@id=\"application-manageconditionprice-display-component---newCondition--condRU-inner\"]"}
RESULT: {"using":"xpath","value":"//input[@id=\"application-manageconditionprice-display-component---newCondition--condRU-inner\"]"}
COMMAND: POST /session/cda6b29e510b44d9979fdab5b6517565/element/f.5E866639E2C7498835F0FF88C67C8471.d.D4A695D08C364A4D558B9C6CBF1DF80C.e.9718/clear - {}
RESULT: {}
COMMAND: POST /session/cda6b29e510b44d9979fdab5b6517565/element/f.5E866639E2C7498835F0FF88C67C8471.d.D4A695D08C364A4D558B9C6CBF1DF80C.e.9718/value - {"text":"G9GW916bmv"}
COMMAND: GET /session/cda6b29e510b44d9979fdab5b6517565/screenshot - {}
RESULT: {"text":"G9GW916bmv"}
COMMAND: GET /session/cda6b29e510b44d9979fdab5b6517565/screenshot - {}
RESULT: {}
RESULT: {}
COMMAND: POST /session/cda6b29e510b44d9979fdab5b6517565/actions - {"actions":[{"id":"action37","type":"key","parameters":{},"actions":[{"type":"keyDown","value":"î€‡"},{"type":"pause","duration":10},{"type":"keyUp","value":"î€‡"}]}]}
RESULT: {"actions":[{"id":"action37","type":"key","parameters":{},"actions":[{"type":"keyDown","value":"î€‡"},{"type":"pause","duration":10},{"type":"keyUp","value":"î€‡"}]}]}
COMMAND: POST /session/cda6b29e510b44d9979fdab5b6517565/execute/async - {"script":"<script> [1562 bytes]","args":[{"selector":{"id":"application-manageconditionprice-display-component---newCondition--condBaseQty","interaction":{"idSuffix":"inner"}},"wdio_ui5_key":"applicationmanageconditionprice-display-component---newCondition--condBaseQty"}]}
COMMAND: GET /session/cda6b29e510b44d9979fdab5b6517565/screenshot - {}
RESULT: {"script":"<script> [1562 bytes]","args":[{"selector":{"id":"application-manageconditionprice-display-component---newCondition--condBaseQty","interaction":{"idSuffix":"inner"}},"wdio_ui5_key":"applicationmanageconditionprice-display-component---newCondition--condBaseQty"}]}
RESULT: undefined
COMMAND: POST /session/cda6b29e510b44d9979fdab5b6517565/execute/async - {"script":"<script> [776 bytes]","args":[{"enterText":"1","selector":{"id":"application-manageconditionprice-display-component---newCondition--condBaseQty","interaction":{"idSuffix":"inner"}},"clearTextFirst":true,"interactionType":"ENTER_TEXT"}]}
RESULT: {}
RESULT: {"script":"<script> [776 bytes]","args":[{"enterText":"1","selector":{"id":"application-manageconditionprice-display-component---newCondition--condBaseQty","interaction":{"idSuffix":"inner"}},"clearTextFirst":true,"interactionType":"ENTER_TEXT"}]}
COMMAND: POST /session/cda6b29e510b44d9979fdab5b6517565/execute/async - {"script":"<script> [1562 bytes]","args":[{"selector":{"id":"application-manageconditionprice-display-component---newCondition--condValue","interaction":{"idSuffix":"inner"}},"wdio_ui5_key":"applicationmanageconditionprice-display-component---newCondition--condValue"}]}
RESULT: {"script":"<script> [1562 bytes]","args":[{"selector":{"id":"application-manageconditionprice-display-component---newCondition--condValue","interaction":{"idSuffix":"inner"}},"wdio_ui5_key":"applicationmanageconditionprice-display-component---newCondition--condValue"}]}
RESULT: undefined
COMMAND: POST /session/cda6b29e510b44d9979fdab5b6517565/execute/async - {"script":"<script> [776 bytes]","args":[{"enterText":"200","selector":{"id":"application-manageconditionprice-display-component---newCondition--condValue","interaction":{"idSuffix":"inner"}},"clearTextFirst":true,"interactionType":"ENTER_TEXT"}]}
RESULT: {"script":"<script> [776 bytes]","args":[{"enterText":"200","selector":{"id":"application-manageconditionprice-display-component---newCondition--condValue","interaction":{"idSuffix":"inner"}},"clearTextFirst":true,"interactionType":"ENTER_TEXT"}]}
COMMAND: POST /session/cda6b29e510b44d9979fdab5b6517565/execute/async - {"script":"<script> [1562 bytes]","args":[{"selector":{"id":"application-manageconditionprice-display-component---newCondition--condCurr-arrow"},"wdio_ui5_key":"applicationmanageconditionprice-display-component---newCondition--condCurr-arrow"}]}
RESULT: {"script":"<script> [1562 bytes]","args":[{"selector":{"id":"application-manageconditionprice-display-component---newCondition--condCurr-arrow"},"wdio_ui5_key":"applicationmanageconditionprice-display-component---newCondition--condCurr-arrow"}]}
RESULT: undefined
COMMAND: POST /session/cda6b29e510b44d9979fdab5b6517565/element - {"using":"xpath","value":"//*[@id=\"application-manageconditionprice-display-component---newCondition--condCurr-arrow\"]"}
RESULT: {"using":"xpath","value":"//*[@id=\"application-manageconditionprice-display-component---newCondition--condCurr-arrow\"]"}
COMMAND: POST /session/cda6b29e510b44d9979fdab5b6517565/element/f.5E866639E2C7498835F0FF88C67C8471.d.D4A695D08C364A4D558B9C6CBF1DF80C.e.9836/click - {}
RESULT: {}
COMMAND: POST /session/cda6b29e510b44d9979fdab5b6517565/element - {"using":"xpath","value":"//span[contains(text(), \"Euro\")]"}
COMMAND: GET /session/cda6b29e510b44d9979fdab5b6517565/screenshot - {}
RESULT: {"using":"xpath","value":"//span[contains(text(), \"Euro\")]"}
COMMAND: POST /session/cda6b29e510b44d9979fdab5b6517565/element/f.5E866639E2C7498835F0FF88C67C8471.d.D4A695D08C364A4D558B9C6CBF1DF80C.e.9894/click - {}
RESULT: {}
RESULT: {}
COMMAND: POST /session/cda6b29e510b44d9979fdab5b6517565/element - {"using":"xpath","value":"//button[@data-kt=\"saveButton\"]"}
COMMAND: GET /session/cda6b29e510b44d9979fdab5b6517565/screenshot - {}
RESULT: {"using":"xpath","value":"//button[@data-kt=\"saveButton\"]"}
COMMAND: POST /session/cda6b29e510b44d9979fdab5b6517565/element/f.5E866639E2C7498835F0FF88C67C8471.d.D4A695D08C364A4D558B9C6CBF1DF80C.e.9837/click - {}
RESULT: {}
RESULT: {}
COMMAND: GET /session/cda6b29e510b44d9979fdab5b6517565/screenshot - {}
RESULT: {}
COMMAND: POST /session/cda6b29e510b44d9979fdab5b6517565/execute/async - {"script":"<script> [1562 bytes]","args":[{"selector":{"id":"application-manageconditionprice-display-component---conditions--smartFilterBar-btnBasicSearch","interaction":{"idSuffix":"I"}},"wdio_ui5_key":"applicationmanageconditionprice-display-component---conditions--smartFilterBar-btnBasicSearch"}]}
RESULT: {"script":"<script> [1562 bytes]","args":[{"selector":{"id":"application-manageconditionprice-display-component---conditions--smartFilterBar-btnBasicSearch","interaction":{"idSuffix":"I"}},"wdio_ui5_key":"applicationmanageconditionprice-display-component---conditions--smartFilterBar-btnBasicSearch"}]}
RESULT: undefined
COMMAND: POST /session/cda6b29e510b44d9979fdab5b6517565/execute/async - {"script":"<script> [776 bytes]","args":[{"enterText":"G9GW916bmv","selector":{"id":"application-manageconditionprice-display-component---conditions--smartFilterBar-btnBasicSearch","interaction":{"idSuffix":"I"}},"clearTextFirst":true,"interactionType":"ENTER_TEXT"}]}
RESULT: {"script":"<script> [776 bytes]","args":[{"enterText":"G9GW916bmv","selector":{"id":"application-manageconditionprice-display-component---conditions--smartFilterBar-btnBasicSearch","interaction":{"idSuffix":"I"}},"clearTextFirst":true,"interactionType":"ENTER_TEXT"}]}
COMMAND: POST /session/cda6b29e510b44d9979fdab5b6517565/actions - {"actions":[{"id":"action38","type":"key","parameters":{},"actions":[{"type":"keyDown","value":"î€‡"},{"type":"pause","duration":10},{"type":"keyUp","value":"î€‡"}]}]}
RESULT: {"actions":[{"id":"action38","type":"key","parameters":{},"actions":[{"type":"keyDown","value":"î€‡"},{"type":"pause","duration":10},{"type":"keyUp","value":"î€‡"}]}]}
COMMAND: GET /session/cda6b29e510b44d9979fdab5b6517565/screenshot - {}
RESULT: {}
COMMAND: POST /session/cda6b29e510b44d9979fdab5b6517565/execute/async - {"script":"<script> [1562 bytes]","args":[{"selector":{"id":"application-manageconditionprice-display-component---conditions--smartFilterBar-filterItemControl_BASIC-BILL_TYPES-vhi"},"wdio_ui5_key":"applicationmanageconditionprice-display-component---conditions--smartFilterBar-filterItemControl_BASIC-BILL_TYPES-vhi"}]}
RESULT: {"script":"<script> [1562 bytes]","args":[{"selector":{"id":"application-manageconditionprice-display-component---conditions--smartFilterBar-filterItemControl_BASIC-BILL_TYPES-vhi"},"wdio_ui5_key":"applicationmanageconditionprice-display-component---conditions--smartFilterBar-filterItemControl_BASIC-BILL_TYPES-vhi"}]}
RESULT: undefined
COMMAND: POST /session/cda6b29e510b44d9979fdab5b6517565/element - {"using":"xpath","value":"//*[@id=\"application-manageconditionprice-display-component---conditions--smartFilterBar-filterItemControl_BASIC-BILL_TYPES-vhi\"]"}
RESULT: {"using":"xpath","value":"//*[@id=\"application-manageconditionprice-display-component---conditions--smartFilterBar-filterItemControl_BASIC-BILL_TYPES-vhi\"]"}
COMMAND: POST /session/cda6b29e510b44d9979fdab5b6517565/element/f.5E866639E2C7498835F0FF88C67C8471.d.D4A695D08C364A4D558B9C6CBF1DF80C.e.9910/click - {}
RESULT: {}
COMMAND: POST /session/cda6b29e510b44d9979fdab5b6517565/execute/async - {"script":"<script> [1562 bytes]","args":[{"selector":{"id":"application-manageconditionprice-display-component---conditions--smartFilterBar-filterItemControl_BASIC-BILL_TYPES-valueHelpDialog-smartFilterBar-btnBasicSearch","searchOpenDialogs":true,"interaction":{"idSuffix":"I"}},"wdio_ui5_key":"applicationmanageconditionprice-display-component---conditions--smartFilterBar-filterItemControl_BASIC-BILL_TYPES-valueHelpDialog-smartFilterBar-btnBasicSearch"}]}
COMMAND: GET /session/cda6b29e510b44d9979fdab5b6517565/screenshot - {}
RESULT: {"script":"<script> [1562 bytes]","args":[{"selector":{"id":"application-manageconditionprice-display-component---conditions--smartFilterBar-filterItemControl_BASIC-BILL_TYPES-valueHelpDialog-smartFilterBar-btnBasicSearch","searchOpenDialogs":true,"interaction":{"idSuffix":"I"}},"wdio_ui5_key":"applicationmanageconditionprice-display-component---conditions--smartFilterBar-filterItemControl_BASIC-BILL_TYPES-valueHelpDialog-smartFilterBar-btnBasicSearch"}]}
RESULT: undefined
COMMAND: POST /session/cda6b29e510b44d9979fdab5b6517565/execute/async - {"script":"<script> [776 bytes]","args":[{"enterText":"TB","selector":{"id":"application-manageconditionprice-display-component---conditions--smartFilterBar-filterItemControl_BASIC-BILL_TYPES-valueHelpDialog-smartFilterBar-btnBasicSearch","searchOpenDialogs":true,"interaction":{"idSuffix":"I"}},"clearTextFirst":true,"interactionType":"ENTER_TEXT"}]}
RESULT: {}
RESULT: {"script":"<script> [776 bytes]","args":[{"enterText":"TB","selector":{"id":"application-manageconditionprice-display-component---conditions--smartFilterBar-filterItemControl_BASIC-BILL_TYPES-valueHelpDialog-smartFilterBar-btnBasicSearch","searchOpenDialogs":true,"interaction":{"idSuffix":"I"}},"clearTextFirst":true,"interactionType":"ENTER_TEXT"}]}
COMMAND: POST /session/cda6b29e510b44d9979fdab5b6517565/actions - {"actions":[{"id":"action39","type":"key","parameters":{},"actions":[{"type":"keyDown","value":"î€‡"},{"type":"pause","duration":10},{"type":"keyUp","value":"î€‡"}]}]}
RESULT: {"actions":[{"id":"action39","type":"key","parameters":{},"actions":[{"type":"keyDown","value":"î€‡"},{"type":"pause","duration":10},{"type":"keyUp","value":"î€‡"}]}]}
COMMAND: GET /session/cda6b29e510b44d9979fdab5b6517565/screenshot - {}
RESULT: {}
COMMAND: POST /session/cda6b29e510b44d9979fdab5b6517565/element - {"using":"xpath","value":"//div[contains(@id, 'application-manageconditionprice-display-component---conditions--smartFilterBar-filterItemControl_BASIC-BILL_TYPES-valueHelpDialog-table-rowsel0')]"}
RESULT: {"using":"xpath","value":"//div[contains(@id, 'application-manageconditionprice-display-component---conditions--smartFilterBar-filterItemControl_BASIC-BILL_TYPES-valueHelpDialog-table-rowsel0')]"}
COMMAND: POST /session/cda6b29e510b44d9979fdab5b6517565/element/f.5E866639E2C7498835F0FF88C67C8471.d.D4A695D08C364A4D558B9C6CBF1DF80C.e.9918/click - {}
RESULT: {}
COMMAND: GET /session/cda6b29e510b44d9979fdab5b6517565/screenshot - {}
RESULT: {}
COMMAND: POST /session/cda6b29e510b44d9979fdab5b6517565/element - {"using":"xpath","value":"//bdi[contains(text(), \"OK\")]"}
RESULT: {"using":"xpath","value":"//bdi[contains(text(), \"OK\")]"}
COMMAND: POST /session/cda6b29e510b44d9979fdab5b6517565/element/f.5E866639E2C7498835F0FF88C67C8471.d.D4A695D08C364A4D558B9C6CBF1DF80C.e.9920/click - {}
RESULT: {}
COMMAND: GET /session/cda6b29e510b44d9979fdab5b6517565/screenshot - {}
RESULT: {}
COMMAND: POST /session/cda6b29e510b44d9979fdab5b6517565/element - {"using":"xpath","value":"//span[@id=\"application-manageconditionprice-display-component---conditions--smartTable-header-inner\"]"}
RESULT: {"using":"xpath","value":"//span[@id=\"application-manageconditionprice-display-component---conditions--smartTable-header-inner\"]"}
COMMAND: POST /session/cda6b29e510b44d9979fdab5b6517565/elements - {"using":"xpath","value":"//span[@id=\"application-manageconditionprice-display-component---conditions--smartTable-header-inner\"]"}
RESULT: {"using":"xpath","value":"//span[@id=\"application-manageconditionprice-display-component---conditions--smartTable-header-inner\"]"}
COMMAND: POST /session/cda6b29e510b44d9979fdab5b6517565/execute/sync - {"script":"<script> [56 bytes]","args":[{"element-6066-11e4-a52e-4f735466cecf":"f.5E866639E2C7498835F0FF88C67C8471.d.D4A695D08C364A4D558B9C6CBF1DF80C.e.9923","ELEMENT":"f.5E866639E2C7498835F0FF88C67C8471.d.D4A695D08C364A4D558B9C6CBF1DF80C.e.9923"}]}
RESULT: {"script":"<script> [56 bytes]","args":[{"element-6066-11e4-a52e-4f735466cecf":"f.5E866639E2C7498835F0FF88C67C8471.d.D4A695D08C364A4D558B9C6CBF1DF80C.e.9923","ELEMENT":"f.5E866639E2C7498835F0FF88C67C8471.d.D4A695D08C364A4D558B9C6CBF1DF80C.e.9923"}]}
COMMAND: POST /session/cda6b29e510b44d9979fdab5b6517565/element - {"using":"css selector","value":"#shell-header-logo"}
COMMAND: GET /session/cda6b29e510b44d9979fdab5b6517565/screenshot - {}
RESULT: {"using":"css selector","value":"#shell-header-logo"}
COMMAND: POST /session/cda6b29e510b44d9979fdab5b6517565/element/f.5E866639E2C7498835F0FF88C67C8471.d.D4A695D08C364A4D558B9C6CBF1DF80C.e.9644/click - {}
RESULT: {}
RESULT: {}
COMMAND: GET /session/cda6b29e510b44d9979fdab5b6517565/screenshot - {}
RESULT: {}
]]></system-out>
    </testcase>
    <testcase classname="chrome.136_0_7103_93.windows.Billing_Transfer_-_Intracompany_US127249" name="Should do a stock increase handover" time="87.216">
      <system-out><![CDATA[
COMMAND: POST /session/cda6b29e510b44d9979fdab5b6517565/execute/async - {"script":"<script> [1562 bytes]","args":[{"selector":{"controlType":"sap.m.GenericTile","properties":{"header":"Manage Handovers"}},"wdio_ui5_key":"sapm.GenericTile{\"header\":\"Manage Handovers\"}"}]}
RESULT: {"script":"<script> [1562 bytes]","args":[{"selector":{"controlType":"sap.m.GenericTile","properties":{"header":"Manage Handovers"}},"wdio_ui5_key":"sapm.GenericTile{\"header\":\"Manage Handovers\"}"}]}
RESULT: undefined
COMMAND: POST /session/cda6b29e510b44d9979fdab5b6517565/element - {"using":"xpath","value":"//*[@id=\"__tile131\"]"}
RESULT: {"using":"xpath","value":"//*[@id=\"__tile131\"]"}
COMMAND: POST /session/cda6b29e510b44d9979fdab5b6517565/element/f.5E866639E2C7498835F0FF88C67C8471.d.D4A695D08C364A4D558B9C6CBF1DF80C.e.9927/click - {}
RESULT: {}
COMMAND: GET /session/cda6b29e510b44d9979fdab5b6517565/screenshot - {}
RESULT: {}
COMMAND: POST /session/cda6b29e510b44d9979fdab5b6517565/elements - {"using":"xpath","value":"//span[text()='Error']"}
RESULT: {"using":"xpath","value":"//span[text()='Error']"}
COMMAND: POST /session/cda6b29e510b44d9979fdab5b6517565/element - {"using":"xpath","value":"//button[@data-kt=\"masterHOAddButton\"]"}
RESULT: {"using":"xpath","value":"//button[@data-kt=\"masterHOAddButton\"]"}
COMMAND: POST /session/cda6b29e510b44d9979fdab5b6517565/elements - {"using":"xpath","value":"//button[@data-kt=\"masterHOAddButton\"]"}
RESULT: {"using":"xpath","value":"//button[@data-kt=\"masterHOAddButton\"]"}
COMMAND: POST /session/cda6b29e510b44d9979fdab5b6517565/execute/sync - {"script":"<script> [8489 bytes]","args":[{"element-6066-11e4-a52e-4f735466cecf":"f.5E866639E2C7498835F0FF88C67C8471.d.D4A695D08C364A4D558B9C6CBF1DF80C.e.9967","ELEMENT":"f.5E866639E2C7498835F0FF88C67C8471.d.D4A695D08C364A4D558B9C6CBF1DF80C.e.9967"}]}
RESULT: {"script":"<script> [8489 bytes]","args":[{"element-6066-11e4-a52e-4f735466cecf":"f.5E866639E2C7498835F0FF88C67C8471.d.D4A695D08C364A4D558B9C6CBF1DF80C.e.9967","ELEMENT":"f.5E866639E2C7498835F0FF88C67C8471.d.D4A695D08C364A4D558B9C6CBF1DF80C.e.9967"}]}
COMMAND: GET /session/cda6b29e510b44d9979fdab5b6517565/element/f.5E866639E2C7498835F0FF88C67C8471.d.D4A695D08C364A4D558B9C6CBF1DF80C.e.9967/enabled - {}
COMMAND: GET /session/cda6b29e510b44d9979fdab5b6517565/screenshot - {}
RESULT: {}
COMMAND: POST /session/cda6b29e510b44d9979fdab5b6517565/execute/sync - {"script":"<script> [8489 bytes]","args":[{"element-6066-11e4-a52e-4f735466cecf":"f.5E866639E2C7498835F0FF88C67C8471.d.D4A695D08C364A4D558B9C6CBF1DF80C.e.9967","ELEMENT":"f.5E866639E2C7498835F0FF88C67C8471.d.D4A695D08C364A4D558B9C6CBF1DF80C.e.9967"}]}
COMMAND: GET /session/cda6b29e510b44d9979fdab5b6517565/screenshot - {}
RESULT: {}
RESULT: {"script":"<script> [8489 bytes]","args":[{"element-6066-11e4-a52e-4f735466cecf":"f.5E866639E2C7498835F0FF88C67C8471.d.D4A695D08C364A4D558B9C6CBF1DF80C.e.9967","ELEMENT":"f.5E866639E2C7498835F0FF88C67C8471.d.D4A695D08C364A4D558B9C6CBF1DF80C.e.9967"}]}
COMMAND: POST /session/cda6b29e510b44d9979fdab5b6517565/execute/sync - {"script":"<script> [5351 bytes]","args":[{"element-6066-11e4-a52e-4f735466cecf":"f.5E866639E2C7498835F0FF88C67C8471.d.D4A695D08C364A4D558B9C6CBF1DF80C.e.9967","ELEMENT":"f.5E866639E2C7498835F0FF88C67C8471.d.D4A695D08C364A4D558B9C6CBF1DF80C.e.9967"}]}
COMMAND: GET /session/cda6b29e510b44d9979fdab5b6517565/screenshot - {}
RESULT: {}
RESULT: {"script":"<script> [5351 bytes]","args":[{"element-6066-11e4-a52e-4f735466cecf":"f.5E866639E2C7498835F0FF88C67C8471.d.D4A695D08C364A4D558B9C6CBF1DF80C.e.9967","ELEMENT":"f.5E866639E2C7498835F0FF88C67C8471.d.D4A695D08C364A4D558B9C6CBF1DF80C.e.9967"}]}
COMMAND: POST /session/cda6b29e510b44d9979fdab5b6517565/element/f.5E866639E2C7498835F0FF88C67C8471.d.D4A695D08C364A4D558B9C6CBF1DF80C.e.9967/click - {}
COMMAND: GET /session/cda6b29e510b44d9979fdab5b6517565/screenshot - {}
RESULT: {}
RESULT: {}
COMMAND: GET /session/cda6b29e510b44d9979fdab5b6517565/screenshot - {}
RESULT: {}
COMMAND: POST /session/cda6b29e510b44d9979fdab5b6517565/element - {"using":"xpath","value":"//span[contains(@id ,\"AddNewHO--typeSelect-arrow\")]"}
RESULT: {}
RESULT: {"using":"xpath","value":"//span[contains(@id ,\"AddNewHO--typeSelect-arrow\")]"}
COMMAND: POST /session/cda6b29e510b44d9979fdab5b6517565/element/f.5E866639E2C7498835F0FF88C67C8471.d.D4A695D08C364A4D558B9C6CBF1DF80C.e.10323/click - {}
RESULT: {}
COMMAND: GET /session/cda6b29e510b44d9979fdab5b6517565/screenshot - {}
RESULT: {}
COMMAND: POST /session/cda6b29e510b44d9979fdab5b6517565/element - {"using":"xpath","value":"(//li[contains(text(), \"stock increase yard\")])[1]"}
RESULT: {"using":"xpath","value":"(//li[contains(text(), \"stock increase yard\")])[1]"}
COMMAND: POST /session/cda6b29e510b44d9979fdab5b6517565/element/f.5E866639E2C7498835F0FF88C67C8471.d.D4A695D08C364A4D558B9C6CBF1DF80C.e.10324/click - {}
RESULT: {}
COMMAND: GET /session/cda6b29e510b44d9979fdab5b6517565/screenshot - {}
RESULT: {}
COMMAND: POST /session/cda6b29e510b44d9979fdab5b6517565/execute/async - {"script":"<script> [1562 bytes]","args":[{"selector":{"id":"application-managehandovers-display-component---AddNewHO--dueDate","interaction":{"idSuffix":"inner"}},"wdio_ui5_key":"applicationmanagehandovers-display-component---AddNewHO--dueDate"}]}
RESULT: {"script":"<script> [1562 bytes]","args":[{"selector":{"id":"application-managehandovers-display-component---AddNewHO--dueDate","interaction":{"idSuffix":"inner"}},"wdio_ui5_key":"applicationmanagehandovers-display-component---AddNewHO--dueDate"}]}
RESULT: undefined
COMMAND: POST /session/cda6b29e510b44d9979fdab5b6517565/execute/async - {"script":"<script> [6424 bytes]","args":[{"element-6066-11e4-a52e-4f735466cecf":"f.5E866639E2C7498835F0FF88C67C8471.d.D4A695D08C364A4D558B9C6CBF1DF80C.e.10326"},"setValue",["5/17/25"]]}
RESULT: {"script":"<script> [6424 bytes]","args":[{"element-6066-11e4-a52e-4f735466cecf":"f.5E866639E2C7498835F0FF88C67C8471.d.D4A695D08C364A4D558B9C6CBF1DF80C.e.10326"},"setValue",["5/17/25"]]}
COMMAND: POST /session/cda6b29e510b44d9979fdab5b6517565/element - {"using":"xpath","value":"//input[@id=\"generalSectionFrg--receiveYard-inner\"]"}
RESULT: {"using":"xpath","value":"//input[@id=\"generalSectionFrg--receiveYard-inner\"]"}
COMMAND: POST /session/cda6b29e510b44d9979fdab5b6517565/element/f.5E866639E2C7498835F0FF88C67C8471.d.D4A695D08C364A4D558B9C6CBF1DF80C.e.10330/clear - {}
RESULT: {}
COMMAND: POST /session/cda6b29e510b44d9979fdab5b6517565/element/f.5E866639E2C7498835F0FF88C67C8471.d.D4A695D08C364A4D558B9C6CBF1DF80C.e.10330/value - {"text":"507"}
COMMAND: GET /session/cda6b29e510b44d9979fdab5b6517565/screenshot - {}
RESULT: {"text":"507"}
COMMAND: GET /session/cda6b29e510b44d9979fdab5b6517565/screenshot - {}
RESULT: {}
RESULT: {}
COMMAND: POST /session/cda6b29e510b44d9979fdab5b6517565/element - {"using":"xpath","value":"//li[.//span[text()='507']]"}
RESULT: {"using":"xpath","value":"//li[.//span[text()='507']]"}
COMMAND: POST /session/cda6b29e510b44d9979fdab5b6517565/element/f.5E866639E2C7498835F0FF88C67C8471.d.D4A695D08C364A4D558B9C6CBF1DF80C.e.10348/click - {}
RESULT: {}
COMMAND: GET /session/cda6b29e510b44d9979fdab5b6517565/screenshot - {}
RESULT: {}
COMMAND: POST /session/cda6b29e510b44d9979fdab5b6517565/execute/async - {"script":"<script> [1562 bytes]","args":[{"selector":{"id":"application-managehandovers-display-component---AddNewHO--ObjectPageLayout-anchBar-application-managehandovers-display-component---AddNewHO--section4-anchor","interaction":{"idSuffix":"BDI-content"}},"wdio_ui5_key":"applicationmanagehandovers-display-component---AddNewHO--ObjectPageLayout-anchBar-application-managehandovers-display-component---AddNewHO--section4-anchor"}]}
RESULT: {"script":"<script> [1562 bytes]","args":[{"selector":{"id":"application-managehandovers-display-component---AddNewHO--ObjectPageLayout-anchBar-application-managehandovers-display-component---AddNewHO--section4-anchor","interaction":{"idSuffix":"BDI-content"}},"wdio_ui5_key":"applicationmanagehandovers-display-component---AddNewHO--ObjectPageLayout-anchBar-application-managehandovers-display-component---AddNewHO--section4-anchor"}]}
RESULT: undefined
COMMAND: POST /session/cda6b29e510b44d9979fdab5b6517565/element - {"using":"xpath","value":"//*[@id=\"application-managehandovers-display-component---AddNewHO--ObjectPageLayout-anchBar-application-managehandovers-display-component---AddNewHO--section4-anchor\"]"}
RESULT: {"using":"xpath","value":"//*[@id=\"application-managehandovers-display-component---AddNewHO--ObjectPageLayout-anchBar-application-managehandovers-display-component---AddNewHO--section4-anchor\"]"}
COMMAND: POST /session/cda6b29e510b44d9979fdab5b6517565/element/f.5E866639E2C7498835F0FF88C67C8471.d.D4A695D08C364A4D558B9C6CBF1DF80C.e.10350/click - {}
RESULT: {}
COMMAND: POST /session/cda6b29e510b44d9979fdab5b6517565/element - {"using":"xpath","value":"//button[@aria-label=\"Add\"]"}
COMMAND: GET /session/cda6b29e510b44d9979fdab5b6517565/screenshot - {}
RESULT: {"using":"xpath","value":"//button[@aria-label=\"Add\"]"}
COMMAND: POST /session/cda6b29e510b44d9979fdab5b6517565/element/f.5E866639E2C7498835F0FF88C67C8471.d.D4A695D08C364A4D558B9C6CBF1DF80C.e.10352/click - {}
RESULT: {}
RESULT: {}
COMMAND: GET /session/cda6b29e510b44d9979fdab5b6517565/screenshot - {}
RESULT: {}
COMMAND: POST /session/cda6b29e510b44d9979fdab5b6517565/execute/async - {"script":"<script> [1562 bytes]","args":[{"selector":{"id":"application-managehandovers-display-component---AddNewHO--smartFilterBar-btnBasicSearch","searchOpenDialogs":true,"interaction":{"idSuffix":"I"}},"wdio_ui5_key":"applicationmanagehandovers-display-component---AddNewHO--smartFilterBar-btnBasicSearch"}]}
RESULT: {"script":"<script> [1562 bytes]","args":[{"selector":{"id":"application-managehandovers-display-component---AddNewHO--smartFilterBar-btnBasicSearch","searchOpenDialogs":true,"interaction":{"idSuffix":"I"}},"wdio_ui5_key":"applicationmanagehandovers-display-component---AddNewHO--smartFilterBar-btnBasicSearch"}]}
RESULT: undefined
COMMAND: POST /session/cda6b29e510b44d9979fdab5b6517565/execute/async - {"script":"<script> [776 bytes]","args":[{"enterText":"G9GW916bmv","selector":{"id":"application-managehandovers-display-component---AddNewHO--smartFilterBar-btnBasicSearch","searchOpenDialogs":true,"interaction":{"idSuffix":"I"}},"clearTextFirst":true,"interactionType":"ENTER_TEXT"}]}
RESULT: {"script":"<script> [776 bytes]","args":[{"enterText":"G9GW916bmv","selector":{"id":"application-managehandovers-display-component---AddNewHO--smartFilterBar-btnBasicSearch","searchOpenDialogs":true,"interaction":{"idSuffix":"I"}},"clearTextFirst":true,"interactionType":"ENTER_TEXT"}]}
COMMAND: POST /session/cda6b29e510b44d9979fdab5b6517565/actions - {"actions":[{"id":"action40","type":"key","parameters":{},"actions":[{"type":"keyDown","value":"î€‡"},{"type":"pause","duration":10},{"type":"keyUp","value":"î€‡"}]}]}
RESULT: {"actions":[{"id":"action40","type":"key","parameters":{},"actions":[{"type":"keyDown","value":"î€‡"},{"type":"pause","duration":10},{"type":"keyUp","value":"î€‡"}]}]}
COMMAND: GET /session/cda6b29e510b44d9979fdab5b6517565/screenshot - {}
RESULT: {}
COMMAND: POST /session/cda6b29e510b44d9979fdab5b6517565/execute/async - {"script":"<script> [1562 bytes]","args":[{"selector":{"id":"application-managehandovers-display-component---AddNewHO--popup-sa","searchOpenDialogs":true,"interaction":{"idSuffix":"CbBg"}},"wdio_ui5_key":"applicationmanagehandovers-display-component---AddNewHO--popup-sa"}]}
RESULT: {"script":"<script> [1562 bytes]","args":[{"selector":{"id":"application-managehandovers-display-component---AddNewHO--popup-sa","searchOpenDialogs":true,"interaction":{"idSuffix":"CbBg"}},"wdio_ui5_key":"applicationmanagehandovers-display-component---AddNewHO--popup-sa"}]}
RESULT: undefined
COMMAND: POST /session/cda6b29e510b44d9979fdab5b6517565/element - {"using":"xpath","value":"//*[@id=\"application-managehandovers-display-component---AddNewHO--popup-sa\"]"}
RESULT: {"using":"xpath","value":"//*[@id=\"application-managehandovers-display-component---AddNewHO--popup-sa\"]"}
COMMAND: POST /session/cda6b29e510b44d9979fdab5b6517565/element/f.5E866639E2C7498835F0FF88C67C8471.d.D4A695D08C364A4D558B9C6CBF1DF80C.e.10505/click - {}
RESULT: {}
COMMAND: GET /session/cda6b29e510b44d9979fdab5b6517565/screenshot - {}
RESULT: {}
COMMAND: POST /session/cda6b29e510b44d9979fdab5b6517565/element - {"using":"xpath","value":"//bdi[contains(text(), \"Select\")]"}
RESULT: {"using":"xpath","value":"//bdi[contains(text(), \"Select\")]"}
COMMAND: POST /session/cda6b29e510b44d9979fdab5b6517565/element/f.5E866639E2C7498835F0FF88C67C8471.d.D4A695D08C364A4D558B9C6CBF1DF80C.e.10506/click - {}
RESULT: {}
COMMAND: GET /session/cda6b29e510b44d9979fdab5b6517565/screenshot - {}
RESULT: {}
COMMAND: POST /session/cda6b29e510b44d9979fdab5b6517565/element - {"using":"xpath","value":"//button[@data-kt=\"AddNewHOSaveButton\"]"}
RESULT: {"using":"xpath","value":"//button[@data-kt=\"AddNewHOSaveButton\"]"}
COMMAND: POST /session/cda6b29e510b44d9979fdab5b6517565/element/f.5E866639E2C7498835F0FF88C67C8471.d.D4A695D08C364A4D558B9C6CBF1DF80C.e.10510/click - {}
RESULT: {}
COMMAND: GET /session/cda6b29e510b44d9979fdab5b6517565/screenshot - {}
RESULT: {}
COMMAND: POST /session/cda6b29e510b44d9979fdab5b6517565/execute/async - {"script":"<script> [1562 bytes]","args":[{"selector":{"id":"receiptDatePicker","viewName":"etm.portal.ui.managehandovers.view.DetailExecuteHO","interaction":{"idSuffix":"inner"}},"wdio_ui5_key":"receiptDatePickeretmportal.ui.managehandovers.view.DetailExecuteHO"}]}
RESULT: {"script":"<script> [1562 bytes]","args":[{"selector":{"id":"receiptDatePicker","viewName":"etm.portal.ui.managehandovers.view.DetailExecuteHO","interaction":{"idSuffix":"inner"}},"wdio_ui5_key":"receiptDatePickeretmportal.ui.managehandovers.view.DetailExecuteHO"}]}
RESULT: undefined
COMMAND: POST /session/cda6b29e510b44d9979fdab5b6517565/execute/async - {"script":"<script> [6424 bytes]","args":[{"element-6066-11e4-a52e-4f735466cecf":"f.5E866639E2C7498835F0FF88C67C8471.d.D4A695D08C364A4D558B9C6CBF1DF80C.e.10526"},"setValue",["5/17/25"]]}
RESULT: {"script":"<script> [6424 bytes]","args":[{"element-6066-11e4-a52e-4f735466cecf":"f.5E866639E2C7498835F0FF88C67C8471.d.D4A695D08C364A4D558B9C6CBF1DF80C.e.10526"},"setValue",["5/17/25"]]}
COMMAND: POST /session/cda6b29e510b44d9979fdab5b6517565/element - {"using":"xpath","value":"//button[@data-kt=\"PickingTableConfirmAllButton\"]"}
RESULT: {"using":"xpath","value":"//button[@data-kt=\"PickingTableConfirmAllButton\"]"}
COMMAND: POST /session/cda6b29e510b44d9979fdab5b6517565/element/f.5E866639E2C7498835F0FF88C67C8471.d.D4A695D08C364A4D558B9C6CBF1DF80C.e.10540/click - {}
RESULT: {}
COMMAND: GET /session/cda6b29e510b44d9979fdab5b6517565/screenshot - {}
RESULT: {}
COMMAND: POST /session/cda6b29e510b44d9979fdab5b6517565/element - {"using":"xpath","value":"//bdi[contains(text(), \"OK\")]"}
RESULT: {"using":"xpath","value":"//bdi[contains(text(), \"OK\")]"}
COMMAND: POST /session/cda6b29e510b44d9979fdab5b6517565/element/f.5E866639E2C7498835F0FF88C67C8471.d.D4A695D08C364A4D558B9C6CBF1DF80C.e.10542/click - {}
RESULT: {}
COMMAND: GET /session/cda6b29e510b44d9979fdab5b6517565/screenshot - {}
RESULT: {}
COMMAND: POST /session/cda6b29e510b44d9979fdab5b6517565/element - {"using":"xpath","value":"(//bdi[contains(text(), \"Receive\")])[2]"}
RESULT: {"using":"xpath","value":"(//bdi[contains(text(), \"Receive\")])[2]"}
COMMAND: POST /session/cda6b29e510b44d9979fdab5b6517565/element/f.5E866639E2C7498835F0FF88C67C8471.d.D4A695D08C364A4D558B9C6CBF1DF80C.e.10544/click - {}
RESULT: {}
COMMAND: GET /session/cda6b29e510b44d9979fdab5b6517565/screenshot - {}
RESULT: {}
COMMAND: POST /session/cda6b29e510b44d9979fdab5b6517565/element - {"using":"css selector","value":"#shell-header-logo"}
RESULT: {"using":"css selector","value":"#shell-header-logo"}
COMMAND: POST /session/cda6b29e510b44d9979fdab5b6517565/element/f.5E866639E2C7498835F0FF88C67C8471.d.D4A695D08C364A4D558B9C6CBF1DF80C.e.9930/click - {}
RESULT: {}
COMMAND: GET /session/cda6b29e510b44d9979fdab5b6517565/screenshot - {}
RESULT: {}
]]></system-out>
    </testcase>
    <testcase classname="chrome.136_0_7103_93.windows.Billing_Transfer_-_Intracompany_US127249" name="Should create a new contract" time="62.734">
      <system-out><![CDATA[
COMMAND: POST /session/cda6b29e510b44d9979fdab5b6517565/execute/async - {"script":"<script> [1562 bytes]","args":[{"selector":{"controlType":"sap.m.GenericTile","properties":{"header":"Manage Contracts"}},"wdio_ui5_key":"sapm.GenericTile{\"header\":\"Manage Contracts\"}"}]}
RESULT: {"script":"<script> [1562 bytes]","args":[{"selector":{"controlType":"sap.m.GenericTile","properties":{"header":"Manage Contracts"}},"wdio_ui5_key":"sapm.GenericTile{\"header\":\"Manage Contracts\"}"}]}
RESULT: undefined
COMMAND: POST /session/cda6b29e510b44d9979fdab5b6517565/element - {"using":"xpath","value":"//*[@id=\"__tile130\"]"}
RESULT: {"using":"xpath","value":"//*[@id=\"__tile130\"]"}
COMMAND: POST /session/cda6b29e510b44d9979fdab5b6517565/element/f.5E866639E2C7498835F0FF88C67C8471.d.D4A695D08C364A4D558B9C6CBF1DF80C.e.10835/click - {}
RESULT: {}
COMMAND: GET /session/cda6b29e510b44d9979fdab5b6517565/screenshot - {}
RESULT: {}
COMMAND: POST /session/cda6b29e510b44d9979fdab5b6517565/elements - {"using":"xpath","value":"//span[text()='Error']"}
RESULT: {"using":"xpath","value":"//span[text()='Error']"}
COMMAND: POST /session/cda6b29e510b44d9979fdab5b6517565/element - {"using":"xpath","value":"//button[@data-kt=\"addButton\"]"}
RESULT: {"using":"xpath","value":"//button[@data-kt=\"addButton\"]"}
COMMAND: POST /session/cda6b29e510b44d9979fdab5b6517565/elements - {"using":"xpath","value":"//button[@data-kt=\"addButton\"]"}
RESULT: {"using":"xpath","value":"//button[@data-kt=\"addButton\"]"}
COMMAND: POST /session/cda6b29e510b44d9979fdab5b6517565/execute/sync - {"script":"<script> [8489 bytes]","args":[{"element-6066-11e4-a52e-4f735466cecf":"f.5E866639E2C7498835F0FF88C67C8471.d.D4A695D08C364A4D558B9C6CBF1DF80C.e.10886","ELEMENT":"f.5E866639E2C7498835F0FF88C67C8471.d.D4A695D08C364A4D558B9C6CBF1DF80C.e.10886"}]}
RESULT: {"script":"<script> [8489 bytes]","args":[{"element-6066-11e4-a52e-4f735466cecf":"f.5E866639E2C7498835F0FF88C67C8471.d.D4A695D08C364A4D558B9C6CBF1DF80C.e.10886","ELEMENT":"f.5E866639E2C7498835F0FF88C67C8471.d.D4A695D08C364A4D558B9C6CBF1DF80C.e.10886"}]}
COMMAND: GET /session/cda6b29e510b44d9979fdab5b6517565/element/f.5E866639E2C7498835F0FF88C67C8471.d.D4A695D08C364A4D558B9C6CBF1DF80C.e.10886/enabled - {}
COMMAND: GET /session/cda6b29e510b44d9979fdab5b6517565/screenshot - {}
RESULT: {}
COMMAND: POST /session/cda6b29e510b44d9979fdab5b6517565/execute/sync - {"script":"<script> [8489 bytes]","args":[{"element-6066-11e4-a52e-4f735466cecf":"f.5E866639E2C7498835F0FF88C67C8471.d.D4A695D08C364A4D558B9C6CBF1DF80C.e.10886","ELEMENT":"f.5E866639E2C7498835F0FF88C67C8471.d.D4A695D08C364A4D558B9C6CBF1DF80C.e.10886"}]}
COMMAND: GET /session/cda6b29e510b44d9979fdab5b6517565/screenshot - {}
RESULT: {}
RESULT: {"script":"<script> [8489 bytes]","args":[{"element-6066-11e4-a52e-4f735466cecf":"f.5E866639E2C7498835F0FF88C67C8471.d.D4A695D08C364A4D558B9C6CBF1DF80C.e.10886","ELEMENT":"f.5E866639E2C7498835F0FF88C67C8471.d.D4A695D08C364A4D558B9C6CBF1DF80C.e.10886"}]}
COMMAND: POST /session/cda6b29e510b44d9979fdab5b6517565/execute/sync - {"script":"<script> [5351 bytes]","args":[{"element-6066-11e4-a52e-4f735466cecf":"f.5E866639E2C7498835F0FF88C67C8471.d.D4A695D08C364A4D558B9C6CBF1DF80C.e.10886","ELEMENT":"f.5E866639E2C7498835F0FF88C67C8471.d.D4A695D08C364A4D558B9C6CBF1DF80C.e.10886"}]}
COMMAND: GET /session/cda6b29e510b44d9979fdab5b6517565/screenshot - {}
RESULT: {}
RESULT: {}
RESULT: {"script":"<script> [5351 bytes]","args":[{"element-6066-11e4-a52e-4f735466cecf":"f.5E866639E2C7498835F0FF88C67C8471.d.D4A695D08C364A4D558B9C6CBF1DF80C.e.10886","ELEMENT":"f.5E866639E2C7498835F0FF88C67C8471.d.D4A695D08C364A4D558B9C6CBF1DF80C.e.10886"}]}
COMMAND: GET /session/cda6b29e510b44d9979fdab5b6517565/screenshot - {}
RESULT: {}
COMMAND: POST /session/cda6b29e510b44d9979fdab5b6517565/element/f.5E866639E2C7498835F0FF88C67C8471.d.D4A695D08C364A4D558B9C6CBF1DF80C.e.10886/click - {}
RESULT: {}
COMMAND: GET /session/cda6b29e510b44d9979fdab5b6517565/screenshot - {}
COMMAND: POST /session/cda6b29e510b44d9979fdab5b6517565/execute/async - {"script":"<script> [1562 bytes]","args":[{"selector":{"id":"application-managecontracts-display-component---AddNewContract--projectDescription","interaction":{"idSuffix":"inner"}},"wdio_ui5_key":"applicationmanagecontracts-display-component---AddNewContract--projectDescription"}]}
RESULT: {}
RESULT: {"script":"<script> [1562 bytes]","args":[{"selector":{"id":"application-managecontracts-display-component---AddNewContract--projectDescription","interaction":{"idSuffix":"inner"}},"wdio_ui5_key":"applicationmanagecontracts-display-component---AddNewContract--projectDescription"}]}
RESULT: undefined
COMMAND: POST /session/cda6b29e510b44d9979fdab5b6517565/execute/async - {"script":"<script> [776 bytes]","args":[{"enterText":"Contract WDIO","selector":{"id":"application-managecontracts-display-component---AddNewContract--projectDescription","interaction":{"idSuffix":"inner"}},"clearTextFirst":true,"interactionType":"ENTER_TEXT"}]}
RESULT: {"script":"<script> [776 bytes]","args":[{"enterText":"Contract WDIO","selector":{"id":"application-managecontracts-display-component---AddNewContract--projectDescription","interaction":{"idSuffix":"inner"}},"clearTextFirst":true,"interactionType":"ENTER_TEXT"}]}
COMMAND: POST /session/cda6b29e510b44d9979fdab5b6517565/element - {"using":"xpath","value":"//input[@id=\"application-managecontracts-display-component---AddNewContract--site-inner\"]"}
RESULT: {"using":"xpath","value":"//input[@id=\"application-managecontracts-display-component---AddNewContract--site-inner\"]"}
COMMAND: POST /session/cda6b29e510b44d9979fdab5b6517565/element/f.5E866639E2C7498835F0FF88C67C8471.d.D4A695D08C364A4D558B9C6CBF1DF80C.e.11243/clear - {}
RESULT: {}
COMMAND: POST /session/cda6b29e510b44d9979fdab5b6517565/element/f.5E866639E2C7498835F0FF88C67C8471.d.D4A695D08C364A4D558B9C6CBF1DF80C.e.11243/value - {"text":"2245"}
COMMAND: GET /session/cda6b29e510b44d9979fdab5b6517565/screenshot - {}
RESULT: {"text":"2245"}
COMMAND: GET /session/cda6b29e510b44d9979fdab5b6517565/screenshot - {}
RESULT: {}
RESULT: {}
COMMAND: POST /session/cda6b29e510b44d9979fdab5b6517565/element - {"using":"xpath","value":"//li[.//span[text()='2245']]"}
RESULT: {"using":"xpath","value":"//li[.//span[text()='2245']]"}
COMMAND: POST /session/cda6b29e510b44d9979fdab5b6517565/element/f.5E866639E2C7498835F0FF88C67C8471.d.D4A695D08C364A4D558B9C6CBF1DF80C.e.11276/click - {}
RESULT: {}
COMMAND: GET /session/cda6b29e510b44d9979fdab5b6517565/screenshot - {}
RESULT: {}
COMMAND: POST /session/cda6b29e510b44d9979fdab5b6517565/element - {"using":"xpath","value":"//input[@id=\"application-managecontracts-display-component---AddNewContract--yardId-inner\"]"}
RESULT: {"using":"xpath","value":"//input[@id=\"application-managecontracts-display-component---AddNewContract--yardId-inner\"]"}
COMMAND: GET /session/cda6b29e510b44d9979fdab5b6517565/element/f.5E866639E2C7498835F0FF88C67C8471.d.D4A695D08C364A4D558B9C6CBF1DF80C.e.11244/property/value - {}
RESULT: {}
COMMAND: POST /session/cda6b29e510b44d9979fdab5b6517565/element - {"using":"xpath","value":"//input[@id=\"application-managecontracts-display-component---AddNewContract--customerSelect-inner\"]"}
COMMAND: GET /session/cda6b29e510b44d9979fdab5b6517565/screenshot - {}
RESULT: {"using":"xpath","value":"//input[@id=\"application-managecontracts-display-component---AddNewContract--customerSelect-inner\"]"}
COMMAND: POST /session/cda6b29e510b44d9979fdab5b6517565/element/f.5E866639E2C7498835F0FF88C67C8471.d.D4A695D08C364A4D558B9C6CBF1DF80C.e.11242/clear - {}
RESULT: {}
RESULT: {}
COMMAND: POST /session/cda6b29e510b44d9979fdab5b6517565/element/f.5E866639E2C7498835F0FF88C67C8471.d.D4A695D08C364A4D558B9C6CBF1DF80C.e.11242/value - {"text":"1290"}
COMMAND: GET /session/cda6b29e510b44d9979fdab5b6517565/screenshot - {}
RESULT: {"text":"1290"}
COMMAND: GET /session/cda6b29e510b44d9979fdab5b6517565/screenshot - {}
RESULT: {}
RESULT: {}
COMMAND: POST /session/cda6b29e510b44d9979fdab5b6517565/element - {"using":"xpath","value":"//li[.//span[text()='1290']]"}
RESULT: {"using":"xpath","value":"//li[.//span[text()='1290']]"}
COMMAND: POST /session/cda6b29e510b44d9979fdab5b6517565/element/f.5E866639E2C7498835F0FF88C67C8471.d.D4A695D08C364A4D558B9C6CBF1DF80C.e.11279/click - {}
RESULT: {}
COMMAND: GET /session/cda6b29e510b44d9979fdab5b6517565/screenshot - {}
RESULT: {}
COMMAND: POST /session/cda6b29e510b44d9979fdab5b6517565/element - {"using":"xpath","value":"//button[@data-kt=\"saveButton\"]"}
RESULT: {"using":"xpath","value":"//button[@data-kt=\"saveButton\"]"}
COMMAND: POST /session/cda6b29e510b44d9979fdab5b6517565/element/f.5E866639E2C7498835F0FF88C67C8471.d.D4A695D08C364A4D558B9C6CBF1DF80C.e.11280/click - {}
RESULT: {}
COMMAND: GET /session/cda6b29e510b44d9979fdab5b6517565/screenshot - {}
RESULT: {}
COMMAND: POST /session/cda6b29e510b44d9979fdab5b6517565/element - {"using":"xpath","value":"//span[contains(@id ,\"contractDetailTitleNoExpanded\")]"}
RESULT: {"using":"xpath","value":"//span[contains(@id ,\"contractDetailTitleNoExpanded\")]"}
COMMAND: POST /session/cda6b29e510b44d9979fdab5b6517565/elements - {"using":"xpath","value":"//span[contains(@id ,\"contractDetailTitleNoExpanded\")]"}
RESULT: {"using":"xpath","value":"//span[contains(@id ,\"contractDetailTitleNoExpanded\")]"}
COMMAND: POST /session/cda6b29e510b44d9979fdab5b6517565/execute/sync - {"script":"<script> [56 bytes]","args":[{"element-6066-11e4-a52e-4f735466cecf":"f.5E866639E2C7498835F0FF88C67C8471.d.D4A695D08C364A4D558B9C6CBF1DF80C.e.11349","ELEMENT":"f.5E866639E2C7498835F0FF88C67C8471.d.D4A695D08C364A4D558B9C6CBF1DF80C.e.11349"}]}
RESULT: {"script":"<script> [56 bytes]","args":[{"element-6066-11e4-a52e-4f735466cecf":"f.5E866639E2C7498835F0FF88C67C8471.d.D4A695D08C364A4D558B9C6CBF1DF80C.e.11349","ELEMENT":"f.5E866639E2C7498835F0FF88C67C8471.d.D4A695D08C364A4D558B9C6CBF1DF80C.e.11349"}]}
COMMAND: GET /session/cda6b29e510b44d9979fdab5b6517565/screenshot - {}
RESULT: {}
]]></system-out>
    </testcase>
    <testcase classname="chrome.136_0_7103_93.windows.Billing_Transfer_-_Intracompany_US127249" name="Should add equipment to the contract" time="47.658">
      <system-out><![CDATA[
COMMAND: POST /session/cda6b29e510b44d9979fdab5b6517565/element - {"using":"xpath","value":"//button[@data-kt=\"contractDetailEditBtnButton\"]"}
RESULT: {"using":"xpath","value":"//button[@data-kt=\"contractDetailEditBtnButton\"]"}
COMMAND: POST /session/cda6b29e510b44d9979fdab5b6517565/element/f.5E866639E2C7498835F0FF88C67C8471.d.D4A695D08C364A4D558B9C6CBF1DF80C.e.11352/click - {}
RESULT: {}
COMMAND: GET /session/cda6b29e510b44d9979fdab5b6517565/screenshot - {}
RESULT: {}
COMMAND: POST /session/cda6b29e510b44d9979fdab5b6517565/element - {"using":"xpath","value":"(//span[contains(text(), \"Additional Addresses\")])[2]"}
RESULT: {"using":"xpath","value":"(//span[contains(text(), \"Additional Addresses\")])[2]"}
COMMAND: POST /session/cda6b29e510b44d9979fdab5b6517565/element/f.5E866639E2C7498835F0FF88C67C8471.d.D4A695D08C364A4D558B9C6CBF1DF80C.e.11407/click - {}
RESULT: {}
COMMAND: GET /session/cda6b29e510b44d9979fdab5b6517565/screenshot - {}
RESULT: {}
COMMAND: POST /session/cda6b29e510b44d9979fdab5b6517565/element - {"using":"xpath","value":"//button[@data-kt=\"btnAddTableRowOverflowToolbarButton\"]"}
RESULT: {"using":"xpath","value":"//button[@data-kt=\"btnAddTableRowOverflowToolbarButton\"]"}
COMMAND: POST /session/cda6b29e510b44d9979fdab5b6517565/element/f.5E866639E2C7498835F0FF88C67C8471.d.D4A695D08C364A4D558B9C6CBF1DF80C.e.11411/click - {}
RESULT: {}
COMMAND: GET /session/cda6b29e510b44d9979fdab5b6517565/screenshot - {}
RESULT: {}
COMMAND: POST /session/cda6b29e510b44d9979fdab5b6517565/element - {"using":"xpath","value":"//div[(text() = 'Standard Entry' or . = 'Standard Entry')]"}
RESULT: {"using":"xpath","value":"//div[(text() = 'Standard Entry' or . = 'Standard Entry')]"}
COMMAND: POST /session/cda6b29e510b44d9979fdab5b6517565/element/f.5E866639E2C7498835F0FF88C67C8471.d.D4A695D08C364A4D558B9C6CBF1DF80C.e.11413/click - {}
RESULT: {}
COMMAND: GET /session/cda6b29e510b44d9979fdab5b6517565/screenshot - {}
RESULT: {}
COMMAND: POST /session/cda6b29e510b44d9979fdab5b6517565/element - {"using":"xpath","value":"//td[7]/div/div/input"}
RESULT: {"using":"xpath","value":"//td[7]/div/div/input"}
COMMAND: POST /session/cda6b29e510b44d9979fdab5b6517565/element/f.5E866639E2C7498835F0FF88C67C8471.d.D4A695D08C364A4D558B9C6CBF1DF80C.e.11422/clear - {}
RESULT: {}
COMMAND: POST /session/cda6b29e510b44d9979fdab5b6517565/element/f.5E866639E2C7498835F0FF88C67C8471.d.D4A695D08C364A4D558B9C6CBF1DF80C.e.11422/value - {"text":"G9GW916bmv"}
COMMAND: GET /session/cda6b29e510b44d9979fdab5b6517565/screenshot - {}
RESULT: {"text":"G9GW916bmv"}
COMMAND: GET /session/cda6b29e510b44d9979fdab5b6517565/screenshot - {}
RESULT: {}
RESULT: {}
COMMAND: POST /session/cda6b29e510b44d9979fdab5b6517565/actions - {"actions":[{"id":"action41","type":"key","parameters":{},"actions":[{"type":"keyDown","value":"î€‡"},{"type":"pause","duration":10},{"type":"keyUp","value":"î€‡"}]}]}
RESULT: {"actions":[{"id":"action41","type":"key","parameters":{},"actions":[{"type":"keyDown","value":"î€‡"},{"type":"pause","duration":10},{"type":"keyUp","value":"î€‡"}]}]}
COMMAND: GET /session/cda6b29e510b44d9979fdab5b6517565/screenshot - {}
RESULT: {}
COMMAND: POST /session/cda6b29e510b44d9979fdab5b6517565/execute/sync - {"script":"<script> [276 bytes]","args":["No pricing information was found"]}
RESULT: {"script":"<script> [276 bytes]","args":["No pricing information was found"]}
COMMAND: POST /session/cda6b29e510b44d9979fdab5b6517565/element - {"using":"xpath","value":"(//button[@data-kt=\"saveButton\"])[2]"}
COMMAND: GET /session/cda6b29e510b44d9979fdab5b6517565/screenshot - {}
RESULT: {"using":"xpath","value":"(//button[@data-kt=\"saveButton\"])[2]"}
COMMAND: POST /session/cda6b29e510b44d9979fdab5b6517565/element/f.5E866639E2C7498835F0FF88C67C8471.d.D4A695D08C364A4D558B9C6CBF1DF80C.e.11437/click - {}
RESULT: {}
RESULT: {}
COMMAND: GET /session/cda6b29e510b44d9979fdab5b6517565/screenshot - {}
RESULT: {}
COMMAND: POST /session/cda6b29e510b44d9979fdab5b6517565/execute/sync - {"script":"<script> [276 bytes]","args":["Some contract items are having rental validity exceeding header rental validity"]}
RESULT: {"script":"<script> [276 bytes]","args":["Some contract items are having rental validity exceeding header rental validity"]}
COMMAND: GET /session/cda6b29e510b44d9979fdab5b6517565/screenshot - {}
RESULT: {}
COMMAND: POST /session/cda6b29e510b44d9979fdab5b6517565/element - {"using":"xpath","value":"//span[contains(@id ,\"contractItemsSmartTable-header-inner\")]"}
RESULT: {"using":"xpath","value":"//span[contains(@id ,\"contractItemsSmartTable-header-inner\")]"}
COMMAND: POST /session/cda6b29e510b44d9979fdab5b6517565/elements - {"using":"xpath","value":"//span[contains(@id ,\"contractItemsSmartTable-header-inner\")]"}
RESULT: {"using":"xpath","value":"//span[contains(@id ,\"contractItemsSmartTable-header-inner\")]"}
COMMAND: POST /session/cda6b29e510b44d9979fdab5b6517565/execute/sync - {"script":"<script> [56 bytes]","args":[{"element-6066-11e4-a52e-4f735466cecf":"f.5E866639E2C7498835F0FF88C67C8471.d.D4A695D08C364A4D558B9C6CBF1DF80C.e.11442","ELEMENT":"f.5E866639E2C7498835F0FF88C67C8471.d.D4A695D08C364A4D558B9C6CBF1DF80C.e.11442"}]}
RESULT: {"script":"<script> [56 bytes]","args":[{"element-6066-11e4-a52e-4f735466cecf":"f.5E866639E2C7498835F0FF88C67C8471.d.D4A695D08C364A4D558B9C6CBF1DF80C.e.11442","ELEMENT":"f.5E866639E2C7498835F0FF88C67C8471.d.D4A695D08C364A4D558B9C6CBF1DF80C.e.11442"}]}
COMMAND: GET /session/cda6b29e510b44d9979fdab5b6517565/screenshot - {}
]]></system-out>
    </testcase>
    <testcase classname="chrome.136_0_7103_93.windows.Billing_Transfer_-_Intracompany_US127249" name="Should do a provide to site handover" time="70.664">
      <system-out><![CDATA[
COMMAND: POST /session/cda6b29e510b44d9979fdab5b6517565/element - {"using":"xpath","value":"//button[@data-kt=\"provideButton\"]"}
RESULT: {}
RESULT: {"using":"xpath","value":"//button[@data-kt=\"provideButton\"]"}
COMMAND: POST /session/cda6b29e510b44d9979fdab5b6517565/element/f.5E866639E2C7498835F0FF88C67C8471.d.D4A695D08C364A4D558B9C6CBF1DF80C.e.11443/click - {}
RESULT: {}
COMMAND: GET /session/cda6b29e510b44d9979fdab5b6517565/screenshot - {}
RESULT: {}
RESULT: undefined
COMMAND: POST /session/cda6b29e510b44d9979fdab5b6517565/execute/async - {"script":"<script> [6424 bytes]","args":[{"element-6066-11e4-a52e-4f735466cecf":"f.5E866639E2C7498835F0FF88C67C8471.d.D4A695D08C364A4D558B9C6CBF1DF80C.e.10326"},"setValue",["5/17/25"]]}
COMMAND: POST /session/cda6b29e510b44d9979fdab5b6517565/execute/async - {"script":"<script> [1562 bytes]","args":[{"selector":{"id":"application-managehandovers-display-component---AddNewHO--dueDate","interaction":{"idSuffix":"inner"}},"wdio_ui5_key":"applicationmanagehandovers-display-component---AddNewHO--dueDate"}]}
RESULT: {"script":"<script> [1562 bytes]","args":[{"selector":{"id":"application-managehandovers-display-component---AddNewHO--dueDate","interaction":{"idSuffix":"inner"}},"wdio_ui5_key":"applicationmanagehandovers-display-component---AddNewHO--dueDate"}]}
COMMAND: POST /session/cda6b29e510b44d9979fdab5b6517565/execute/async - {"script":"<script> [6424 bytes]","args":[{"element-6066-11e4-a52e-4f735466cecf":"f.5E866639E2C7498835F0FF88C67C8471.d.D4A695D08C364A4D558B9C6CBF1DF80C.e.11533"},"setValue",["5/17/25"]]}
RESULT: {"script":"<script> [6424 bytes]","args":[{"element-6066-11e4-a52e-4f735466cecf":"f.5E866639E2C7498835F0FF88C67C8471.d.D4A695D08C364A4D558B9C6CBF1DF80C.e.11533"},"setValue",["5/17/25"]]}
COMMAND: POST /session/cda6b29e510b44d9979fdab5b6517565/element - {"using":"xpath","value":"//bdi[contains(text(), \"Instructions\")]"}
RESULT: {"using":"xpath","value":"//bdi[contains(text(), \"Instructions\")]"}
COMMAND: POST /session/cda6b29e510b44d9979fdab5b6517565/element/f.5E866639E2C7498835F0FF88C67C8471.d.D4A695D08C364A4D558B9C6CBF1DF80C.e.11757/click - {}
RESULT: {}
COMMAND: GET /session/cda6b29e510b44d9979fdab5b6517565/screenshot - {}
RESULT: {}
COMMAND: POST /session/cda6b29e510b44d9979fdab5b6517565/element - {"using":"xpath","value":"//button[@data-kt=\"AddNewHOProvideAddItemsButton\"]"}
RESULT: {"using":"xpath","value":"//button[@data-kt=\"AddNewHOProvideAddItemsButton\"]"}
COMMAND: POST /session/cda6b29e510b44d9979fdab5b6517565/element/f.5E866639E2C7498835F0FF88C67C8471.d.D4A695D08C364A4D558B9C6CBF1DF80C.e.11761/click - {}
RESULT: {}
COMMAND: GET /session/cda6b29e510b44d9979fdab5b6517565/screenshot - {}
RESULT: {}
RESULT: undefined
COMMAND: POST /session/cda6b29e510b44d9979fdab5b6517565/element - {"using":"xpath","value":"//*[@id=\"application-managehandovers-display-component---AddNewHO--popup-sa\"]"}
RESULT: {"using":"xpath","value":"//*[@id=\"application-managehandovers-display-component---AddNewHO--popup-sa\"]"}
COMMAND: POST /session/cda6b29e510b44d9979fdab5b6517565/element/f.5E866639E2C7498835F0FF88C67C8471.d.D4A695D08C364A4D558B9C6CBF1DF80C.e.11771/click - {}
RESULT: {}
COMMAND: GET /session/cda6b29e510b44d9979fdab5b6517565/screenshot - {}
RESULT: {}
COMMAND: POST /session/cda6b29e510b44d9979fdab5b6517565/element - {"using":"xpath","value":"//*[contains(@id ,\"BDI-content\")][contains(text(), \"Select\")]"}
RESULT: {"using":"xpath","value":"//*[contains(@id ,\"BDI-content\")][contains(text(), \"Select\")]"}
COMMAND: POST /session/cda6b29e510b44d9979fdab5b6517565/element/f.5E866639E2C7498835F0FF88C67C8471.d.D4A695D08C364A4D558B9C6CBF1DF80C.e.11772/click - {}
RESULT: {}
COMMAND: GET /session/cda6b29e510b44d9979fdab5b6517565/screenshot - {}
RESULT: {}
COMMAND: POST /session/cda6b29e510b44d9979fdab5b6517565/execute/async - {"script":"<script> [1562 bytes]","args":[{"selector":{"id":"application-managehandovers-display-component---AddNewHO--confirmCreationButton","interaction":{"idSuffix":"BDI-content"}},"wdio_ui5_key":"applicationmanagehandovers-display-component---AddNewHO--confirmCreationButton"}]}
RESULT: {"script":"<script> [1562 bytes]","args":[{"selector":{"id":"application-managehandovers-display-component---AddNewHO--confirmCreationButton","interaction":{"idSuffix":"BDI-content"}},"wdio_ui5_key":"applicationmanagehandovers-display-component---AddNewHO--confirmCreationButton"}]}
RESULT: undefined
COMMAND: POST /session/cda6b29e510b44d9979fdab5b6517565/element - {"using":"xpath","value":"//*[@id=\"application-managehandovers-display-component---AddNewHO--confirmCreationButton\"]"}
RESULT: {"using":"xpath","value":"//*[@id=\"application-managehandovers-display-component---AddNewHO--confirmCreationButton\"]"}
COMMAND: POST /session/cda6b29e510b44d9979fdab5b6517565/element/f.5E866639E2C7498835F0FF88C67C8471.d.D4A695D08C364A4D558B9C6CBF1DF80C.e.11578/click - {}
RESULT: {}
COMMAND: GET /session/cda6b29e510b44d9979fdab5b6517565/screenshot - {}
RESULT: {}
COMMAND: POST /session/cda6b29e510b44d9979fdab5b6517565/execute/async - {"script":"<script> [1562 bytes]","args":[{"selector":{"id":"issueDatePicker","viewName":"etm.portal.ui.managehandovers.view.DetailExecuteHO","interaction":{"idSuffix":"inner"}},"wdio_ui5_key":"issueDatePickeretmportal.ui.managehandovers.view.DetailExecuteHO"}]}
RESULT: {"script":"<script> [1562 bytes]","args":[{"selector":{"id":"issueDatePicker","viewName":"etm.portal.ui.managehandovers.view.DetailExecuteHO","interaction":{"idSuffix":"inner"}},"wdio_ui5_key":"issueDatePickeretmportal.ui.managehandovers.view.DetailExecuteHO"}]}
RESULT: undefined
COMMAND: POST /session/cda6b29e510b44d9979fdab5b6517565/execute/async - {"script":"<script> [776 bytes]","args":[{"enterText":"5/17/25","selector":{"id":"issueDatePicker","viewName":"etm.portal.ui.managehandovers.view.DetailExecuteHO","interaction":{"idSuffix":"inner"}},"clearTextFirst":true,"interactionType":"ENTER_TEXT"}]}
RESULT: {"script":"<script> [776 bytes]","args":[{"enterText":"5/17/25","selector":{"id":"issueDatePicker","viewName":"etm.portal.ui.managehandovers.view.DetailExecuteHO","interaction":{"idSuffix":"inner"}},"clearTextFirst":true,"interactionType":"ENTER_TEXT"}]}
COMMAND: POST /session/cda6b29e510b44d9979fdab5b6517565/element - {"using":"xpath","value":"//bdi[contains(text(), \"OK\")]"}
RESULT: {"using":"xpath","value":"//bdi[contains(text(), \"OK\")]"}
COMMAND: POST /session/cda6b29e510b44d9979fdab5b6517565/element/f.5E866639E2C7498835F0FF88C67C8471.d.D4A695D08C364A4D558B9C6CBF1DF80C.e.11820/click - {}
RESULT: {}
COMMAND: GET /session/cda6b29e510b44d9979fdab5b6517565/screenshot - {}
RESULT: {}
COMMAND: POST /session/cda6b29e510b44d9979fdab5b6517565/element - {"using":"xpath","value":"//button[@data-kt=\"PickingTableConfirmAllButton\"]"}
RESULT: {"using":"xpath","value":"//button[@data-kt=\"PickingTableConfirmAllButton\"]"}
COMMAND: POST /session/cda6b29e510b44d9979fdab5b6517565/element/f.5E866639E2C7498835F0FF88C67C8471.d.D4A695D08C364A4D558B9C6CBF1DF80C.e.11828/click - {}
RESULT: {}
COMMAND: GET /session/cda6b29e510b44d9979fdab5b6517565/screenshot - {}
RESULT: {}
COMMAND: POST /session/cda6b29e510b44d9979fdab5b6517565/element - {"using":"xpath","value":"//bdi[contains(text(), \"OK\")]"}
RESULT: {"using":"xpath","value":"//bdi[contains(text(), \"OK\")]"}
COMMAND: POST /session/cda6b29e510b44d9979fdab5b6517565/element/f.5E866639E2C7498835F0FF88C67C8471.d.D4A695D08C364A4D558B9C6CBF1DF80C.e.11831/click - {}
RESULT: {}
COMMAND: GET /session/cda6b29e510b44d9979fdab5b6517565/screenshot - {}
RESULT: {}
COMMAND: POST /session/cda6b29e510b44d9979fdab5b6517565/element - {"using":"xpath","value":"//bdi[contains(text(), \"Issue\")]"}
RESULT: {"using":"xpath","value":"//bdi[contains(text(), \"Issue\")]"}
COMMAND: POST /session/cda6b29e510b44d9979fdab5b6517565/element/f.5E866639E2C7498835F0FF88C67C8471.d.D4A695D08C364A4D558B9C6CBF1DF80C.e.11833/click - {}
RESULT: {}
COMMAND: GET /session/cda6b29e510b44d9979fdab5b6517565/screenshot - {}
RESULT: {}
COMMAND: POST /session/cda6b29e510b44d9979fdab5b6517565/element - {"using":"css selector","value":"#shell-header-logo"}
RESULT: {"using":"css selector","value":"#shell-header-logo"}
COMMAND: POST /session/cda6b29e510b44d9979fdab5b6517565/element/f.5E866639E2C7498835F0FF88C67C8471.d.D4A695D08C364A4D558B9C6CBF1DF80C.e.10837/click - {}
RESULT: {}
COMMAND: GET /session/cda6b29e510b44d9979fdab5b6517565/screenshot - {}
RESULT: {}
]]></system-out>
    </testcase>
    <testcase classname="chrome.136_0_7103_93.windows.Billing_Transfer_-_Intracompany_US127249" name="Should go navigate to Manage Billings and trigger contract calculation check result" time="65.624">
      <system-out><![CDATA[
COMMAND: POST /session/cda6b29e510b44d9979fdab5b6517565/execute/async - {"script":"<script> [1562 bytes]","args":[{"selector":{"controlType":"sap.m.GenericTile","properties":{"header":"Manage Billings"}},"wdio_ui5_key":"sapm.GenericTile{\"header\":\"Manage Billings\"}"}]}
RESULT: {"script":"<script> [1562 bytes]","args":[{"selector":{"controlType":"sap.m.GenericTile","properties":{"header":"Manage Billings"}},"wdio_ui5_key":"sapm.GenericTile{\"header\":\"Manage Billings\"}"}]}
RESULT: undefined
COMMAND: POST /session/cda6b29e510b44d9979fdab5b6517565/element - {"using":"xpath","value":"//*[@id=\"__tile51\"]"}
RESULT: {"using":"xpath","value":"//*[@id=\"__tile51\"]"}
COMMAND: POST /session/cda6b29e510b44d9979fdab5b6517565/element/f.5E866639E2C7498835F0FF88C67C8471.d.D4A695D08C364A4D558B9C6CBF1DF80C.e.6605/click - {}
RESULT: {}
COMMAND: GET /session/cda6b29e510b44d9979fdab5b6517565/screenshot - {}
COMMAND: POST /session/cda6b29e510b44d9979fdab5b6517565/elements - {"using":"xpath","value":"//span[text()='Error']"}
RESULT: {}
RESULT: {"using":"xpath","value":"//span[text()='Error']"}
COMMAND: POST /session/cda6b29e510b44d9979fdab5b6517565/execute/async - {"script":"<script> [1562 bytes]","args":[{"selector":{"id":"application-managebillings-display-component---billRunCalcResult--smartFilterBar-btnBasicSearch","interaction":{"idSuffix":"I"}},"wdio_ui5_key":"applicationmanagebillings-display-component---billRunCalcResult--smartFilterBar-btnBasicSearch"}]}
RESULT: {"script":"<script> [1562 bytes]","args":[{"selector":{"id":"application-managebillings-display-component---billRunCalcResult--smartFilterBar-btnBasicSearch","interaction":{"idSuffix":"I"}},"wdio_ui5_key":"applicationmanagebillings-display-component---billRunCalcResult--smartFilterBar-btnBasicSearch"}]}
RESULT: undefined
COMMAND: POST /session/cda6b29e510b44d9979fdab5b6517565/execute/async - {"script":"<script> [776 bytes]","args":[{"enterText":"10338","selector":{"id":"application-managebillings-display-component---billRunCalcResult--smartFilterBar-btnBasicSearch","interaction":{"idSuffix":"I"}},"clearTextFirst":true,"interactionType":"ENTER_TEXT"}]}
RESULT: {"script":"<script> [776 bytes]","args":[{"enterText":"10338","selector":{"id":"application-managebillings-display-component---billRunCalcResult--smartFilterBar-btnBasicSearch","interaction":{"idSuffix":"I"}},"clearTextFirst":true,"interactionType":"ENTER_TEXT"}]}
COMMAND: POST /session/cda6b29e510b44d9979fdab5b6517565/actions - {"actions":[{"id":"action42","type":"key","parameters":{},"actions":[{"type":"keyDown","value":"î€‡"},{"type":"pause","duration":10},{"type":"keyUp","value":"î€‡"}]}]}
RESULT: {"actions":[{"id":"action42","type":"key","parameters":{},"actions":[{"type":"keyDown","value":"î€‡"},{"type":"pause","duration":10},{"type":"keyUp","value":"î€‡"}]}]}
COMMAND: GET /session/cda6b29e510b44d9979fdab5b6517565/screenshot - {}
RESULT: {}
COMMAND: POST /session/cda6b29e510b44d9979fdab5b6517565/element - {"using":"xpath","value":"//td[@aria-colindex=\"1\"]/div/div[contains(@class, \"sapMCbBg\")]"}
RESULT: {"using":"xpath","value":"//td[@aria-colindex=\"1\"]/div/div[contains(@class, \"sapMCbBg\")]"}
COMMAND: POST /session/cda6b29e510b44d9979fdab5b6517565/element/f.5E866639E2C7498835F0FF88C67C8471.d.D4A695D08C364A4D558B9C6CBF1DF80C.e.12226/click - {}
RESULT: {}
COMMAND: GET /session/cda6b29e510b44d9979fdab5b6517565/screenshot - {}
RESULT: {}
COMMAND: POST /session/cda6b29e510b44d9979fdab5b6517565/execute/async - {"script":"<script> [1562 bytes]","args":[{"selector":{"id":"application-managebillings-display-component---billRunCalcResult--contractBillRunDate","interaction":{"idSuffix":"inner"}},"wdio_ui5_key":"applicationmanagebillings-display-component---billRunCalcResult--contractBillRunDate"}]}
RESULT: {"script":"<script> [1562 bytes]","args":[{"selector":{"id":"application-managebillings-display-component---billRunCalcResult--contractBillRunDate","interaction":{"idSuffix":"inner"}},"wdio_ui5_key":"applicationmanagebillings-display-component---billRunCalcResult--contractBillRunDate"}]}
RESULT: undefined
COMMAND: POST /session/cda6b29e510b44d9979fdab5b6517565/execute/async - {"script":"<script> [776 bytes]","args":[{"enterText":"5/17/25","selector":{"id":"application-managebillings-display-component---billRunCalcResult--contractBillRunDate","interaction":{"idSuffix":"inner"}},"clearTextFirst":true,"interactionType":"ENTER_TEXT"}]}
RESULT: {"script":"<script> [776 bytes]","args":[{"enterText":"5/17/25","selector":{"id":"application-managebillings-display-component---billRunCalcResult--contractBillRunDate","interaction":{"idSuffix":"inner"}},"clearTextFirst":true,"interactionType":"ENTER_TEXT"}]}
COMMAND: POST /session/cda6b29e510b44d9979fdab5b6517565/element - {"using":"xpath","value":"//bdi[contains(text(), \"Trigger Calculation\")]"}
RESULT: {"using":"xpath","value":"//bdi[contains(text(), \"Trigger Calculation\")]"}
COMMAND: POST /session/cda6b29e510b44d9979fdab5b6517565/element/f.5E866639E2C7498835F0FF88C67C8471.d.D4A695D08C364A4D558B9C6CBF1DF80C.e.12277/click - {}
RESULT: {}
COMMAND: GET /session/cda6b29e510b44d9979fdab5b6517565/screenshot - {}
RESULT: {}
COMMAND: POST /session/cda6b29e510b44d9979fdab5b6517565/element - {"using":"xpath","value":"(//span[contains(@id, \"imgNav\")])[1]"}
RESULT: {"using":"xpath","value":"(//span[contains(@id, \"imgNav\")])[1]"}
COMMAND: POST /session/cda6b29e510b44d9979fdab5b6517565/element/f.5E866639E2C7498835F0FF88C67C8471.d.D4A695D08C364A4D558B9C6CBF1DF80C.e.12227/click - {}
RESULT: {}
COMMAND: GET /session/cda6b29e510b44d9979fdab5b6517565/screenshot - {}
RESULT: {}
COMMAND: POST /session/cda6b29e510b44d9979fdab5b6517565/element - {"using":"xpath","value":"//tr/td[6]/div[1]/span[1]/span[1]"}
RESULT: {"using":"xpath","value":"//tr/td[6]/div[1]/span[1]/span[1]"}
COMMAND: GET /session/cda6b29e510b44d9979fdab5b6517565/element/f.5E866639E2C7498835F0FF88C67C8471.d.D4A695D08C364A4D558B9C6CBF1DF80C.e.12281/text - {}
RESULT: {}
COMMAND: POST /session/cda6b29e510b44d9979fdab5b6517565/element - {"using":"xpath","value":"(//span[contains(@id, \"imgNav\")])[2]"}
RESULT: {"using":"xpath","value":"(//span[contains(@id, \"imgNav\")])[2]"}
COMMAND: POST /session/cda6b29e510b44d9979fdab5b6517565/element/f.5E866639E2C7498835F0FF88C67C8471.d.D4A695D08C364A4D558B9C6CBF1DF80C.e.12282/click - {}
RESULT: {}
COMMAND: POST /session/cda6b29e510b44d9979fdab5b6517565/element - {"using":"xpath","value":"//bdi[contains(text(), \"Business Confirm\")]"}
COMMAND: GET /session/cda6b29e510b44d9979fdab5b6517565/screenshot - {}
RESULT: {"using":"xpath","value":"//bdi[contains(text(), \"Business Confirm\")]"}
COMMAND: POST /session/cda6b29e510b44d9979fdab5b6517565/elements - {"using":"xpath","value":"//bdi[contains(text(), \"Business Confirm\")]"}
RESULT: {}
RESULT: {"using":"xpath","value":"//bdi[contains(text(), \"Business Confirm\")]"}
COMMAND: POST /session/cda6b29e510b44d9979fdab5b6517565/elements - {"using":"xpath","value":"//bdi[contains(text(), \"Business Confirm\")]"}
RESULT: {"using":"xpath","value":"//bdi[contains(text(), \"Business Confirm\")]"}
COMMAND: POST /session/cda6b29e510b44d9979fdab5b6517565/element - {"using":"xpath","value":"//bdi[contains(text(), \"Business Confirm\")]"}
RESULT: {"using":"xpath","value":"//bdi[contains(text(), \"Business Confirm\")]"}
COMMAND: POST /session/cda6b29e510b44d9979fdab5b6517565/element/f.5E866639E2C7498835F0FF88C67C8471.d.D4A695D08C364A4D558B9C6CBF1DF80C.e.12285/click - {}
RESULT: {}
COMMAND: POST /session/cda6b29e510b44d9979fdab5b6517565/element - {"using":"css selector","value":"#shell-header-logo"}
COMMAND: GET /session/cda6b29e510b44d9979fdab5b6517565/screenshot - {}
RESULT: {"using":"css selector","value":"#shell-header-logo"}
COMMAND: POST /session/cda6b29e510b44d9979fdab5b6517565/element/f.5E866639E2C7498835F0FF88C67C8471.d.D4A695D08C364A4D558B9C6CBF1DF80C.e.12014/click - {}
RESULT: {}
RESULT: {}
COMMAND: GET /session/cda6b29e510b44d9979fdab5b6517565/screenshot - {}
RESULT: {}
]]></system-out>
    </testcase>
    <testcase classname="chrome.136_0_7103_93.windows.Billing_Transfer_-_Intracompany_US127249" name="Should navigate to billing transfer and invoice the contract" time="79.889">
      <system-out><![CDATA[
COMMAND: POST /session/cda6b29e510b44d9979fdab5b6517565/execute/async - {"script":"<script> [1562 bytes]","args":[{"selector":{"controlType":"sap.m.GenericTile","properties":{"header":"Billing Transfer"}},"wdio_ui5_key":"sapm.GenericTile{\"header\":\"Billing Transfer\"}"}]}
RESULT: {"script":"<script> [1562 bytes]","args":[{"selector":{"controlType":"sap.m.GenericTile","properties":{"header":"Billing Transfer"}},"wdio_ui5_key":"sapm.GenericTile{\"header\":\"Billing Transfer\"}"}]}
RESULT: undefined
COMMAND: POST /session/cda6b29e510b44d9979fdab5b6517565/element - {"using":"xpath","value":"//*[@id=\"__tile50\"]"}
RESULT: {"using":"xpath","value":"//*[@id=\"__tile50\"]"}
COMMAND: POST /session/cda6b29e510b44d9979fdab5b6517565/element/f.5E866639E2C7498835F0FF88C67C8471.d.D4A695D08C364A4D558B9C6CBF1DF80C.e.6603/click - {}
RESULT: {}
COMMAND: GET /session/cda6b29e510b44d9979fdab5b6517565/screenshot - {}
RESULT: {}
COMMAND: POST /session/cda6b29e510b44d9979fdab5b6517565/elements - {"using":"xpath","value":"//span[text()='Error']"}
RESULT: {"using":"xpath","value":"//span[text()='Error']"}
COMMAND: POST /session/cda6b29e510b44d9979fdab5b6517565/element - {"using":"xpath","value":"//input[contains(@id ,\"application-billingtransfer-display-component---billingWorkbench--smartFilterBar-btnBasicSearch\")]"}
RESULT: {"using":"xpath","value":"//input[contains(@id ,\"application-billingtransfer-display-component---billingWorkbench--smartFilterBar-btnBasicSearch\")]"}
COMMAND: POST /session/cda6b29e510b44d9979fdab5b6517565/elements - {"using":"xpath","value":"//input[contains(@id ,\"application-billingtransfer-display-component---billingWorkbench--smartFilterBar-btnBasicSearch\")]"}
RESULT: {"using":"xpath","value":"//input[contains(@id ,\"application-billingtransfer-display-component---billingWorkbench--smartFilterBar-btnBasicSearch\")]"}
COMMAND: POST /session/cda6b29e510b44d9979fdab5b6517565/execute/sync - {"script":"<script> [8489 bytes]","args":[{"element-6066-11e4-a52e-4f735466cecf":"f.5E866639E2C7498835F0FF88C67C8471.d.D4A695D08C364A4D558B9C6CBF1DF80C.e.12367","ELEMENT":"f.5E866639E2C7498835F0FF88C67C8471.d.D4A695D08C364A4D558B9C6CBF1DF80C.e.12367"}]}
RESULT: {"script":"<script> [8489 bytes]","args":[{"element-6066-11e4-a52e-4f735466cecf":"f.5E866639E2C7498835F0FF88C67C8471.d.D4A695D08C364A4D558B9C6CBF1DF80C.e.12367","ELEMENT":"f.5E866639E2C7498835F0FF88C67C8471.d.D4A695D08C364A4D558B9C6CBF1DF80C.e.12367"}]}
COMMAND: GET /session/cda6b29e510b44d9979fdab5b6517565/element/f.5E866639E2C7498835F0FF88C67C8471.d.D4A695D08C364A4D558B9C6CBF1DF80C.e.12367/enabled - {}
COMMAND: GET /session/cda6b29e510b44d9979fdab5b6517565/screenshot - {}
RESULT: {}
COMMAND: POST /session/cda6b29e510b44d9979fdab5b6517565/element/f.5E866639E2C7498835F0FF88C67C8471.d.D4A695D08C364A4D558B9C6CBF1DF80C.e.12367/click - {}
COMMAND: GET /session/cda6b29e510b44d9979fdab5b6517565/screenshot - {}
RESULT: {}
RESULT: {}
COMMAND: GET /session/cda6b29e510b44d9979fdab5b6517565/screenshot - {}
RESULT: {}
RESULT: {}
COMMAND: POST /session/cda6b29e510b44d9979fdab5b6517565/element/f.5E866639E2C7498835F0FF88C67C8471.d.D4A695D08C364A4D558B9C6CBF1DF80C.e.12367/clear - {}
RESULT: {}
COMMAND: POST /session/cda6b29e510b44d9979fdab5b6517565/element/f.5E866639E2C7498835F0FF88C67C8471.d.D4A695D08C364A4D558B9C6CBF1DF80C.e.12367/value - {"text":"10338"}
COMMAND: GET /session/cda6b29e510b44d9979fdab5b6517565/screenshot - {}
RESULT: {"text":"10338"}
COMMAND: POST /session/cda6b29e510b44d9979fdab5b6517565/actions - {"actions":[{"id":"action43","type":"key","parameters":{},"actions":[{"type":"keyDown","value":"î€‡"},{"type":"pause","duration":10},{"type":"keyUp","value":"î€‡"}]}]}
COMMAND: GET /session/cda6b29e510b44d9979fdab5b6517565/screenshot - {}
RESULT: {}
RESULT: {"actions":[{"id":"action43","type":"key","parameters":{},"actions":[{"type":"keyDown","value":"î€‡"},{"type":"pause","duration":10},{"type":"keyUp","value":"î€‡"}]}]}
COMMAND: GET /session/cda6b29e510b44d9979fdab5b6517565/screenshot - {}
RESULT: {}
RESULT: {}
COMMAND: POST /session/cda6b29e510b44d9979fdab5b6517565/element - {"using":"xpath","value":"//span[contains(@id ,\"application-billingtransfer-display-component---billingWorkbench--smartTableBillingRuns-header-inner\")]"}
RESULT: {"using":"xpath","value":"//span[contains(@id ,\"application-billingtransfer-display-component---billingWorkbench--smartTableBillingRuns-header-inner\")]"}
COMMAND: POST /session/cda6b29e510b44d9979fdab5b6517565/elements - {"using":"xpath","value":"//span[contains(@id ,\"application-billingtransfer-display-component---billingWorkbench--smartTableBillingRuns-header-inner\")]"}
RESULT: {"using":"xpath","value":"//span[contains(@id ,\"application-billingtransfer-display-component---billingWorkbench--smartTableBillingRuns-header-inner\")]"}
COMMAND: POST /session/cda6b29e510b44d9979fdab5b6517565/execute/sync - {"script":"<script> [56 bytes]","args":[{"element-6066-11e4-a52e-4f735466cecf":"f.5E866639E2C7498835F0FF88C67C8471.d.D4A695D08C364A4D558B9C6CBF1DF80C.e.12531","ELEMENT":"f.5E866639E2C7498835F0FF88C67C8471.d.D4A695D08C364A4D558B9C6CBF1DF80C.e.12531"}]}
RESULT: {"script":"<script> [56 bytes]","args":[{"element-6066-11e4-a52e-4f735466cecf":"f.5E866639E2C7498835F0FF88C67C8471.d.D4A695D08C364A4D558B9C6CBF1DF80C.e.12531","ELEMENT":"f.5E866639E2C7498835F0FF88C67C8471.d.D4A695D08C364A4D558B9C6CBF1DF80C.e.12531"}]}
COMMAND: POST /session/cda6b29e510b44d9979fdab5b6517565/element - {"using":"xpath","value":"//td[@aria-colindex=\"1\"]/div/div[contains(@class, \"sapMCbBg\")]"}
COMMAND: GET /session/cda6b29e510b44d9979fdab5b6517565/screenshot - {}
RESULT: {"using":"xpath","value":"//td[@aria-colindex=\"1\"]/div/div[contains(@class, \"sapMCbBg\")]"}
COMMAND: POST /session/cda6b29e510b44d9979fdab5b6517565/element/f.5E866639E2C7498835F0FF88C67C8471.d.D4A695D08C364A4D558B9C6CBF1DF80C.e.12515/click - {}
RESULT: {}
RESULT: {}
COMMAND: GET /session/cda6b29e510b44d9979fdab5b6517565/screenshot - {}
RESULT: {}
COMMAND: POST /session/cda6b29e510b44d9979fdab5b6517565/element - {"using":"xpath","value":"//bdi[contains(text(), \"Check\")]"}
RESULT: {"using":"xpath","value":"//bdi[contains(text(), \"Check\")]"}
COMMAND: POST /session/cda6b29e510b44d9979fdab5b6517565/element/f.5E866639E2C7498835F0FF88C67C8471.d.D4A695D08C364A4D558B9C6CBF1DF80C.e.12532/click - {}
RESULT: {}
COMMAND: GET /session/cda6b29e510b44d9979fdab5b6517565/screenshot - {}
RESULT: {}
COMMAND: POST /session/cda6b29e510b44d9979fdab5b6517565/element - {"using":"xpath","value":"//bdi[contains(text(), \"OK\")]"}
RESULT: {"using":"xpath","value":"//bdi[contains(text(), \"OK\")]"}
COMMAND: POST /session/cda6b29e510b44d9979fdab5b6517565/element/f.5E866639E2C7498835F0FF88C67C8471.d.D4A695D08C364A4D558B9C6CBF1DF80C.e.12535/click - {}
RESULT: {}
COMMAND: GET /session/cda6b29e510b44d9979fdab5b6517565/screenshot - {}
RESULT: {}
COMMAND: POST /session/cda6b29e510b44d9979fdab5b6517565/element - {"using":"xpath","value":"(//span[contains(text(), \"CO/SD checked\")]/parent::div/preceding-sibling::div/span)[1]"}
RESULT: {"using":"xpath","value":"(//span[contains(text(), \"CO/SD checked\")]/parent::div/preceding-sibling::div/span)[1]"}
COMMAND: POST /session/cda6b29e510b44d9979fdab5b6517565/element/f.5E866639E2C7498835F0FF88C67C8471.d.D4A695D08C364A4D558B9C6CBF1DF80C.e.12536/click - {}
RESULT: {}
COMMAND: GET /session/cda6b29e510b44d9979fdab5b6517565/screenshot - {}
RESULT: {}
COMMAND: POST /session/cda6b29e510b44d9979fdab5b6517565/element - {"using":"xpath","value":"//input[contains(@id ,\"application-billingtransfer-display-component---billingWorkbench--smartFilterBar-btnBasicSearch\")]"}
RESULT: {"using":"xpath","value":"//input[contains(@id ,\"application-billingtransfer-display-component---billingWorkbench--smartFilterBar-btnBasicSearch\")]"}
COMMAND: POST /session/cda6b29e510b44d9979fdab5b6517565/elements - {"using":"xpath","value":"//input[contains(@id ,\"application-billingtransfer-display-component---billingWorkbench--smartFilterBar-btnBasicSearch\")]"}
RESULT: {"using":"xpath","value":"//input[contains(@id ,\"application-billingtransfer-display-component---billingWorkbench--smartFilterBar-btnBasicSearch\")]"}
COMMAND: POST /session/cda6b29e510b44d9979fdab5b6517565/execute/sync - {"script":"<script> [8489 bytes]","args":[{"element-6066-11e4-a52e-4f735466cecf":"f.5E866639E2C7498835F0FF88C67C8471.d.D4A695D08C364A4D558B9C6CBF1DF80C.e.12367","ELEMENT":"f.5E866639E2C7498835F0FF88C67C8471.d.D4A695D08C364A4D558B9C6CBF1DF80C.e.12367"}]}
RESULT: {"script":"<script> [8489 bytes]","args":[{"element-6066-11e4-a52e-4f735466cecf":"f.5E866639E2C7498835F0FF88C67C8471.d.D4A695D08C364A4D558B9C6CBF1DF80C.e.12367","ELEMENT":"f.5E866639E2C7498835F0FF88C67C8471.d.D4A695D08C364A4D558B9C6CBF1DF80C.e.12367"}]}
COMMAND: GET /session/cda6b29e510b44d9979fdab5b6517565/element/f.5E866639E2C7498835F0FF88C67C8471.d.D4A695D08C364A4D558B9C6CBF1DF80C.e.12367/enabled - {}
COMMAND: GET /session/cda6b29e510b44d9979fdab5b6517565/screenshot - {}
RESULT: {}
COMMAND: POST /session/cda6b29e510b44d9979fdab5b6517565/element/f.5E866639E2C7498835F0FF88C67C8471.d.D4A695D08C364A4D558B9C6CBF1DF80C.e.12367/click - {}
COMMAND: GET /session/cda6b29e510b44d9979fdab5b6517565/screenshot - {}
RESULT: {}
RESULT: {}
COMMAND: GET /session/cda6b29e510b44d9979fdab5b6517565/screenshot - {}
RESULT: {}
RESULT: {}
COMMAND: POST /session/cda6b29e510b44d9979fdab5b6517565/element/f.5E866639E2C7498835F0FF88C67C8471.d.D4A695D08C364A4D558B9C6CBF1DF80C.e.12367/clear - {}
RESULT: {}
COMMAND: POST /session/cda6b29e510b44d9979fdab5b6517565/element/f.5E866639E2C7498835F0FF88C67C8471.d.D4A695D08C364A4D558B9C6CBF1DF80C.e.12367/value - {"text":"10338"}
COMMAND: GET /session/cda6b29e510b44d9979fdab5b6517565/screenshot - {}
RESULT: {"text":"10338"}
COMMAND: POST /session/cda6b29e510b44d9979fdab5b6517565/actions - {"actions":[{"id":"action44","type":"key","parameters":{},"actions":[{"type":"keyDown","value":"î€‡"},{"type":"pause","duration":10},{"type":"keyUp","value":"î€‡"}]}]}
COMMAND: GET /session/cda6b29e510b44d9979fdab5b6517565/screenshot - {}
RESULT: {}
RESULT: {"actions":[{"id":"action44","type":"key","parameters":{},"actions":[{"type":"keyDown","value":"î€‡"},{"type":"pause","duration":10},{"type":"keyUp","value":"î€‡"}]}]}
COMMAND: GET /session/cda6b29e510b44d9979fdab5b6517565/screenshot - {}
RESULT: {}
RESULT: {}
COMMAND: POST /session/cda6b29e510b44d9979fdab5b6517565/element - {"using":"xpath","value":"//span[contains(@id ,\"application-billingtransfer-display-component---billingWorkbench--smartTableBillingRuns-header-inner\")]"}
RESULT: {"using":"xpath","value":"//span[contains(@id ,\"application-billingtransfer-display-component---billingWorkbench--smartTableBillingRuns-header-inner\")]"}
COMMAND: POST /session/cda6b29e510b44d9979fdab5b6517565/elements - {"using":"xpath","value":"//span[contains(@id ,\"application-billingtransfer-display-component---billingWorkbench--smartTableBillingRuns-header-inner\")]"}
RESULT: {"using":"xpath","value":"//span[contains(@id ,\"application-billingtransfer-display-component---billingWorkbench--smartTableBillingRuns-header-inner\")]"}
COMMAND: POST /session/cda6b29e510b44d9979fdab5b6517565/execute/sync - {"script":"<script> [56 bytes]","args":[{"element-6066-11e4-a52e-4f735466cecf":"f.5E866639E2C7498835F0FF88C67C8471.d.D4A695D08C364A4D558B9C6CBF1DF80C.e.12531","ELEMENT":"f.5E866639E2C7498835F0FF88C67C8471.d.D4A695D08C364A4D558B9C6CBF1DF80C.e.12531"}]}
RESULT: {"script":"<script> [56 bytes]","args":[{"element-6066-11e4-a52e-4f735466cecf":"f.5E866639E2C7498835F0FF88C67C8471.d.D4A695D08C364A4D558B9C6CBF1DF80C.e.12531","ELEMENT":"f.5E866639E2C7498835F0FF88C67C8471.d.D4A695D08C364A4D558B9C6CBF1DF80C.e.12531"}]}
COMMAND: GET /session/cda6b29e510b44d9979fdab5b6517565/screenshot - {}
RESULT: {}
COMMAND: POST /session/cda6b29e510b44d9979fdab5b6517565/execute/sync - {"script":"<script> [56 bytes]","args":[{"element-6066-11e4-a52e-4f735466cecf":"f.5E866639E2C7498835F0FF88C67C8471.d.D4A695D08C364A4D558B9C6CBF1DF80C.e.12531","ELEMENT":"f.5E866639E2C7498835F0FF88C67C8471.d.D4A695D08C364A4D558B9C6CBF1DF80C.e.12531"}]}
RESULT: {"script":"<script> [56 bytes]","args":[{"element-6066-11e4-a52e-4f735466cecf":"f.5E866639E2C7498835F0FF88C67C8471.d.D4A695D08C364A4D558B9C6CBF1DF80C.e.12531","ELEMENT":"f.5E866639E2C7498835F0FF88C67C8471.d.D4A695D08C364A4D558B9C6CBF1DF80C.e.12531"}]}
COMMAND: GET /session/cda6b29e510b44d9979fdab5b6517565/screenshot - {}
RESULT: {}
COMMAND: POST /session/cda6b29e510b44d9979fdab5b6517565/execute/sync - {"script":"<script> [56 bytes]","args":[{"element-6066-11e4-a52e-4f735466cecf":"f.5E866639E2C7498835F0FF88C67C8471.d.D4A695D08C364A4D558B9C6CBF1DF80C.e.12531","ELEMENT":"f.5E866639E2C7498835F0FF88C67C8471.d.D4A695D08C364A4D558B9C6CBF1DF80C.e.12531"}]}
RESULT: {"script":"<script> [56 bytes]","args":[{"element-6066-11e4-a52e-4f735466cecf":"f.5E866639E2C7498835F0FF88C67C8471.d.D4A695D08C364A4D558B9C6CBF1DF80C.e.12531","ELEMENT":"f.5E866639E2C7498835F0FF88C67C8471.d.D4A695D08C364A4D558B9C6CBF1DF80C.e.12531"}]}
COMMAND: GET /session/cda6b29e510b44d9979fdab5b6517565/screenshot - {}
RESULT: {}
COMMAND: POST /session/cda6b29e510b44d9979fdab5b6517565/execute/sync - {"script":"<script> [56 bytes]","args":[{"element-6066-11e4-a52e-4f735466cecf":"f.5E866639E2C7498835F0FF88C67C8471.d.D4A695D08C364A4D558B9C6CBF1DF80C.e.12531","ELEMENT":"f.5E866639E2C7498835F0FF88C67C8471.d.D4A695D08C364A4D558B9C6CBF1DF80C.e.12531"}]}
RESULT: {"script":"<script> [56 bytes]","args":[{"element-6066-11e4-a52e-4f735466cecf":"f.5E866639E2C7498835F0FF88C67C8471.d.D4A695D08C364A4D558B9C6CBF1DF80C.e.12531","ELEMENT":"f.5E866639E2C7498835F0FF88C67C8471.d.D4A695D08C364A4D558B9C6CBF1DF80C.e.12531"}]}
COMMAND: GET /session/cda6b29e510b44d9979fdab5b6517565/screenshot - {}
RESULT: {}
COMMAND: POST /session/cda6b29e510b44d9979fdab5b6517565/execute/sync - {"script":"<script> [56 bytes]","args":[{"element-6066-11e4-a52e-4f735466cecf":"f.5E866639E2C7498835F0FF88C67C8471.d.D4A695D08C364A4D558B9C6CBF1DF80C.e.12531","ELEMENT":"f.5E866639E2C7498835F0FF88C67C8471.d.D4A695D08C364A4D558B9C6CBF1DF80C.e.12531"}]}
RESULT: {"script":"<script> [56 bytes]","args":[{"element-6066-11e4-a52e-4f735466cecf":"f.5E866639E2C7498835F0FF88C67C8471.d.D4A695D08C364A4D558B9C6CBF1DF80C.e.12531","ELEMENT":"f.5E866639E2C7498835F0FF88C67C8471.d.D4A695D08C364A4D558B9C6CBF1DF80C.e.12531"}]}
COMMAND: GET /session/cda6b29e510b44d9979fdab5b6517565/screenshot - {}
RESULT: {}
COMMAND: POST /session/cda6b29e510b44d9979fdab5b6517565/execute/sync - {"script":"<script> [56 bytes]","args":[{"element-6066-11e4-a52e-4f735466cecf":"f.5E866639E2C7498835F0FF88C67C8471.d.D4A695D08C364A4D558B9C6CBF1DF80C.e.12531","ELEMENT":"f.5E866639E2C7498835F0FF88C67C8471.d.D4A695D08C364A4D558B9C6CBF1DF80C.e.12531"}]}
RESULT: {"script":"<script> [56 bytes]","args":[{"element-6066-11e4-a52e-4f735466cecf":"f.5E866639E2C7498835F0FF88C67C8471.d.D4A695D08C364A4D558B9C6CBF1DF80C.e.12531","ELEMENT":"f.5E866639E2C7498835F0FF88C67C8471.d.D4A695D08C364A4D558B9C6CBF1DF80C.e.12531"}]}
COMMAND: GET /session/cda6b29e510b44d9979fdab5b6517565/screenshot - {}
RESULT: {}
COMMAND: POST /session/cda6b29e510b44d9979fdab5b6517565/execute/sync - {"script":"<script> [56 bytes]","args":[{"element-6066-11e4-a52e-4f735466cecf":"f.5E866639E2C7498835F0FF88C67C8471.d.D4A695D08C364A4D558B9C6CBF1DF80C.e.12531","ELEMENT":"f.5E866639E2C7498835F0FF88C67C8471.d.D4A695D08C364A4D558B9C6CBF1DF80C.e.12531"}]}
RESULT: {"script":"<script> [56 bytes]","args":[{"element-6066-11e4-a52e-4f735466cecf":"f.5E866639E2C7498835F0FF88C67C8471.d.D4A695D08C364A4D558B9C6CBF1DF80C.e.12531","ELEMENT":"f.5E866639E2C7498835F0FF88C67C8471.d.D4A695D08C364A4D558B9C6CBF1DF80C.e.12531"}]}
COMMAND: GET /session/cda6b29e510b44d9979fdab5b6517565/screenshot - {}
RESULT: {}
COMMAND: POST /session/cda6b29e510b44d9979fdab5b6517565/execute/sync - {"script":"<script> [56 bytes]","args":[{"element-6066-11e4-a52e-4f735466cecf":"f.5E866639E2C7498835F0FF88C67C8471.d.D4A695D08C364A4D558B9C6CBF1DF80C.e.12531","ELEMENT":"f.5E866639E2C7498835F0FF88C67C8471.d.D4A695D08C364A4D558B9C6CBF1DF80C.e.12531"}]}
RESULT: {"script":"<script> [56 bytes]","args":[{"element-6066-11e4-a52e-4f735466cecf":"f.5E866639E2C7498835F0FF88C67C8471.d.D4A695D08C364A4D558B9C6CBF1DF80C.e.12531","ELEMENT":"f.5E866639E2C7498835F0FF88C67C8471.d.D4A695D08C364A4D558B9C6CBF1DF80C.e.12531"}]}
COMMAND: GET /session/cda6b29e510b44d9979fdab5b6517565/screenshot - {}
COMMAND: POST /session/cda6b29e510b44d9979fdab5b6517565/execute/sync - {"script":"<script> [56 bytes]","args":[{"element-6066-11e4-a52e-4f735466cecf":"f.5E866639E2C7498835F0FF88C67C8471.d.D4A695D08C364A4D558B9C6CBF1DF80C.e.12531","ELEMENT":"f.5E866639E2C7498835F0FF88C67C8471.d.D4A695D08C364A4D558B9C6CBF1DF80C.e.12531"}]}
RESULT: {}
RESULT: {"script":"<script> [56 bytes]","args":[{"element-6066-11e4-a52e-4f735466cecf":"f.5E866639E2C7498835F0FF88C67C8471.d.D4A695D08C364A4D558B9C6CBF1DF80C.e.12531","ELEMENT":"f.5E866639E2C7498835F0FF88C67C8471.d.D4A695D08C364A4D558B9C6CBF1DF80C.e.12531"}]}
COMMAND: GET /session/cda6b29e510b44d9979fdab5b6517565/screenshot - {}
RESULT: {}
COMMAND: POST /session/cda6b29e510b44d9979fdab5b6517565/execute/sync - {"script":"<script> [56 bytes]","args":[{"element-6066-11e4-a52e-4f735466cecf":"f.5E866639E2C7498835F0FF88C67C8471.d.D4A695D08C364A4D558B9C6CBF1DF80C.e.12531","ELEMENT":"f.5E866639E2C7498835F0FF88C67C8471.d.D4A695D08C364A4D558B9C6CBF1DF80C.e.12531"}]}
RESULT: {"script":"<script> [56 bytes]","args":[{"element-6066-11e4-a52e-4f735466cecf":"f.5E866639E2C7498835F0FF88C67C8471.d.D4A695D08C364A4D558B9C6CBF1DF80C.e.12531","ELEMENT":"f.5E866639E2C7498835F0FF88C67C8471.d.D4A695D08C364A4D558B9C6CBF1DF80C.e.12531"}]}
COMMAND: GET /session/cda6b29e510b44d9979fdab5b6517565/screenshot - {}
RESULT: {}
COMMAND: POST /session/cda6b29e510b44d9979fdab5b6517565/execute/sync - {"script":"<script> [56 bytes]","args":[{"element-6066-11e4-a52e-4f735466cecf":"f.5E866639E2C7498835F0FF88C67C8471.d.D4A695D08C364A4D558B9C6CBF1DF80C.e.12531","ELEMENT":"f.5E866639E2C7498835F0FF88C67C8471.d.D4A695D08C364A4D558B9C6CBF1DF80C.e.12531"}]}
RESULT: {"script":"<script> [56 bytes]","args":[{"element-6066-11e4-a52e-4f735466cecf":"f.5E866639E2C7498835F0FF88C67C8471.d.D4A695D08C364A4D558B9C6CBF1DF80C.e.12531","ELEMENT":"f.5E866639E2C7498835F0FF88C67C8471.d.D4A695D08C364A4D558B9C6CBF1DF80C.e.12531"}]}
COMMAND: GET /session/cda6b29e510b44d9979fdab5b6517565/screenshot - {}
RESULT: {}
COMMAND: POST /session/cda6b29e510b44d9979fdab5b6517565/execute/sync - {"script":"<script> [56 bytes]","args":[{"element-6066-11e4-a52e-4f735466cecf":"f.5E866639E2C7498835F0FF88C67C8471.d.D4A695D08C364A4D558B9C6CBF1DF80C.e.12531","ELEMENT":"f.5E866639E2C7498835F0FF88C67C8471.d.D4A695D08C364A4D558B9C6CBF1DF80C.e.12531"}]}
RESULT: {"script":"<script> [56 bytes]","args":[{"element-6066-11e4-a52e-4f735466cecf":"f.5E866639E2C7498835F0FF88C67C8471.d.D4A695D08C364A4D558B9C6CBF1DF80C.e.12531","ELEMENT":"f.5E866639E2C7498835F0FF88C67C8471.d.D4A695D08C364A4D558B9C6CBF1DF80C.e.12531"}]}
COMMAND: GET /session/cda6b29e510b44d9979fdab5b6517565/screenshot - {}
RESULT: {}
COMMAND: POST /session/cda6b29e510b44d9979fdab5b6517565/execute/sync - {"script":"<script> [56 bytes]","args":[{"element-6066-11e4-a52e-4f735466cecf":"f.5E866639E2C7498835F0FF88C67C8471.d.D4A695D08C364A4D558B9C6CBF1DF80C.e.12531","ELEMENT":"f.5E866639E2C7498835F0FF88C67C8471.d.D4A695D08C364A4D558B9C6CBF1DF80C.e.12531"}]}
RESULT: {"script":"<script> [56 bytes]","args":[{"element-6066-11e4-a52e-4f735466cecf":"f.5E866639E2C7498835F0FF88C67C8471.d.D4A695D08C364A4D558B9C6CBF1DF80C.e.12531","ELEMENT":"f.5E866639E2C7498835F0FF88C67C8471.d.D4A695D08C364A4D558B9C6CBF1DF80C.e.12531"}]}
COMMAND: GET /session/cda6b29e510b44d9979fdab5b6517565/screenshot - {}
RESULT: {}
COMMAND: POST /session/cda6b29e510b44d9979fdab5b6517565/execute/sync - {"script":"<script> [56 bytes]","args":[{"element-6066-11e4-a52e-4f735466cecf":"f.5E866639E2C7498835F0FF88C67C8471.d.D4A695D08C364A4D558B9C6CBF1DF80C.e.12531","ELEMENT":"f.5E866639E2C7498835F0FF88C67C8471.d.D4A695D08C364A4D558B9C6CBF1DF80C.e.12531"}]}
RESULT: {"script":"<script> [56 bytes]","args":[{"element-6066-11e4-a52e-4f735466cecf":"f.5E866639E2C7498835F0FF88C67C8471.d.D4A695D08C364A4D558B9C6CBF1DF80C.e.12531","ELEMENT":"f.5E866639E2C7498835F0FF88C67C8471.d.D4A695D08C364A4D558B9C6CBF1DF80C.e.12531"}]}
COMMAND: POST /session/cda6b29e510b44d9979fdab5b6517565/element - {"using":"xpath","value":"//td[@aria-colindex=\"1\"]/div/div[contains(@class, \"sapMCbBg\")]"}
COMMAND: GET /session/cda6b29e510b44d9979fdab5b6517565/screenshot - {}
RESULT: {"using":"xpath","value":"//td[@aria-colindex=\"1\"]/div/div[contains(@class, \"sapMCbBg\")]"}
COMMAND: POST /session/cda6b29e510b44d9979fdab5b6517565/element/f.5E866639E2C7498835F0FF88C67C8471.d.D4A695D08C364A4D558B9C6CBF1DF80C.e.12540/click - {}
RESULT: {}
RESULT: {}
COMMAND: GET /session/cda6b29e510b44d9979fdab5b6517565/screenshot - {}
RESULT: {}
COMMAND: POST /session/cda6b29e510b44d9979fdab5b6517565/element - {"using":"xpath","value":"//bdi[text()=\"Transfer\"]"}
RESULT: {"using":"xpath","value":"//bdi[text()=\"Transfer\"]"}
COMMAND: POST /session/cda6b29e510b44d9979fdab5b6517565/element/f.5E866639E2C7498835F0FF88C67C8471.d.D4A695D08C364A4D558B9C6CBF1DF80C.e.12541/click - {}
RESULT: {}
COMMAND: GET /session/cda6b29e510b44d9979fdab5b6517565/screenshot - {}
RESULT: {}
COMMAND: POST /session/cda6b29e510b44d9979fdab5b6517565/element - {"using":"xpath","value":"//bdi[contains(text(), \"OK\")]"}
RESULT: {"using":"xpath","value":"//bdi[contains(text(), \"OK\")]"}
COMMAND: POST /session/cda6b29e510b44d9979fdab5b6517565/element/f.5E866639E2C7498835F0FF88C67C8471.d.D4A695D08C364A4D558B9C6CBF1DF80C.e.12544/click - {}
RESULT: {}
COMMAND: GET /session/cda6b29e510b44d9979fdab5b6517565/screenshot - {}
RESULT: {}
COMMAND: POST /session/cda6b29e510b44d9979fdab5b6517565/element - {"using":"xpath","value":"(//span[contains(text(), \"Completed\")]/parent::div/preceding-sibling::div/span)[1]"}
RESULT: {"using":"xpath","value":"(//span[contains(text(), \"Completed\")]/parent::div/preceding-sibling::div/span)[1]"}
COMMAND: POST /session/cda6b29e510b44d9979fdab5b6517565/element/f.5E866639E2C7498835F0FF88C67C8471.d.D4A695D08C364A4D558B9C6CBF1DF80C.e.12553/click - {}
RESULT: {}
COMMAND: POST /session/cda6b29e510b44d9979fdab5b6517565/element - {"using":"xpath","value":"//input[contains(@id ,\"application-billingtransfer-display-component---billingWorkbench--smartFilterBar-btnBasicSearch\")]"}
COMMAND: GET /session/cda6b29e510b44d9979fdab5b6517565/screenshot - {}
RESULT: {"using":"xpath","value":"//input[contains(@id ,\"application-billingtransfer-display-component---billingWorkbench--smartFilterBar-btnBasicSearch\")]"}
COMMAND: POST /session/cda6b29e510b44d9979fdab5b6517565/elements - {"using":"xpath","value":"//input[contains(@id ,\"application-billingtransfer-display-component---billingWorkbench--smartFilterBar-btnBasicSearch\")]"}
RESULT: {}
RESULT: {"using":"xpath","value":"//input[contains(@id ,\"application-billingtransfer-display-component---billingWorkbench--smartFilterBar-btnBasicSearch\")]"}
COMMAND: POST /session/cda6b29e510b44d9979fdab5b6517565/execute/sync - {"script":"<script> [8489 bytes]","args":[{"element-6066-11e4-a52e-4f735466cecf":"f.5E866639E2C7498835F0FF88C67C8471.d.D4A695D08C364A4D558B9C6CBF1DF80C.e.12367","ELEMENT":"f.5E866639E2C7498835F0FF88C67C8471.d.D4A695D08C364A4D558B9C6CBF1DF80C.e.12367"}]}
RESULT: {"script":"<script> [8489 bytes]","args":[{"element-6066-11e4-a52e-4f735466cecf":"f.5E866639E2C7498835F0FF88C67C8471.d.D4A695D08C364A4D558B9C6CBF1DF80C.e.12367","ELEMENT":"f.5E866639E2C7498835F0FF88C67C8471.d.D4A695D08C364A4D558B9C6CBF1DF80C.e.12367"}]}
COMMAND: GET /session/cda6b29e510b44d9979fdab5b6517565/element/f.5E866639E2C7498835F0FF88C67C8471.d.D4A695D08C364A4D558B9C6CBF1DF80C.e.12367/enabled - {}
COMMAND: GET /session/cda6b29e510b44d9979fdab5b6517565/screenshot - {}
RESULT: {}
COMMAND: POST /session/cda6b29e510b44d9979fdab5b6517565/element/f.5E866639E2C7498835F0FF88C67C8471.d.D4A695D08C364A4D558B9C6CBF1DF80C.e.12367/click - {}
COMMAND: GET /session/cda6b29e510b44d9979fdab5b6517565/screenshot - {}
RESULT: {}
RESULT: {}
COMMAND: GET /session/cda6b29e510b44d9979fdab5b6517565/screenshot - {}
RESULT: {}
RESULT: {}
COMMAND: POST /session/cda6b29e510b44d9979fdab5b6517565/element/f.5E866639E2C7498835F0FF88C67C8471.d.D4A695D08C364A4D558B9C6CBF1DF80C.e.12367/clear - {}
RESULT: {}
COMMAND: POST /session/cda6b29e510b44d9979fdab5b6517565/element/f.5E866639E2C7498835F0FF88C67C8471.d.D4A695D08C364A4D558B9C6CBF1DF80C.e.12367/value - {"text":"10338"}
COMMAND: GET /session/cda6b29e510b44d9979fdab5b6517565/screenshot - {}
RESULT: {"text":"10338"}
COMMAND: POST /session/cda6b29e510b44d9979fdab5b6517565/actions - {"actions":[{"id":"action45","type":"key","parameters":{},"actions":[{"type":"keyDown","value":"î€‡"},{"type":"pause","duration":10},{"type":"keyUp","value":"î€‡"}]}]}
COMMAND: GET /session/cda6b29e510b44d9979fdab5b6517565/screenshot - {}
RESULT: {}
RESULT: {"actions":[{"id":"action45","type":"key","parameters":{},"actions":[{"type":"keyDown","value":"î€‡"},{"type":"pause","duration":10},{"type":"keyUp","value":"î€‡"}]}]}
COMMAND: GET /session/cda6b29e510b44d9979fdab5b6517565/screenshot - {}
RESULT: {}
RESULT: {}
COMMAND: POST /session/cda6b29e510b44d9979fdab5b6517565/element - {"using":"xpath","value":"//span[contains(@id ,\"application-billingtransfer-display-component---billingWorkbench--smartTableBillingRuns-header-inner\")]"}
RESULT: {"using":"xpath","value":"//span[contains(@id ,\"application-billingtransfer-display-component---billingWorkbench--smartTableBillingRuns-header-inner\")]"}
COMMAND: POST /session/cda6b29e510b44d9979fdab5b6517565/elements - {"using":"xpath","value":"//span[contains(@id ,\"application-billingtransfer-display-component---billingWorkbench--smartTableBillingRuns-header-inner\")]"}
RESULT: {"using":"xpath","value":"//span[contains(@id ,\"application-billingtransfer-display-component---billingWorkbench--smartTableBillingRuns-header-inner\")]"}
COMMAND: POST /session/cda6b29e510b44d9979fdab5b6517565/execute/sync - {"script":"<script> [56 bytes]","args":[{"element-6066-11e4-a52e-4f735466cecf":"f.5E866639E2C7498835F0FF88C67C8471.d.D4A695D08C364A4D558B9C6CBF1DF80C.e.12531","ELEMENT":"f.5E866639E2C7498835F0FF88C67C8471.d.D4A695D08C364A4D558B9C6CBF1DF80C.e.12531"}]}
RESULT: {"script":"<script> [56 bytes]","args":[{"element-6066-11e4-a52e-4f735466cecf":"f.5E866639E2C7498835F0FF88C67C8471.d.D4A695D08C364A4D558B9C6CBF1DF80C.e.12531","ELEMENT":"f.5E866639E2C7498835F0FF88C67C8471.d.D4A695D08C364A4D558B9C6CBF1DF80C.e.12531"}]}
COMMAND: GET /session/cda6b29e510b44d9979fdab5b6517565/screenshot - {}
RESULT: {}
COMMAND: POST /session/cda6b29e510b44d9979fdab5b6517565/execute/sync - {"script":"<script> [56 bytes]","args":[{"element-6066-11e4-a52e-4f735466cecf":"f.5E866639E2C7498835F0FF88C67C8471.d.D4A695D08C364A4D558B9C6CBF1DF80C.e.12531","ELEMENT":"f.5E866639E2C7498835F0FF88C67C8471.d.D4A695D08C364A4D558B9C6CBF1DF80C.e.12531"}]}
RESULT: {"script":"<script> [56 bytes]","args":[{"element-6066-11e4-a52e-4f735466cecf":"f.5E866639E2C7498835F0FF88C67C8471.d.D4A695D08C364A4D558B9C6CBF1DF80C.e.12531","ELEMENT":"f.5E866639E2C7498835F0FF88C67C8471.d.D4A695D08C364A4D558B9C6CBF1DF80C.e.12531"}]}
COMMAND: GET /session/cda6b29e510b44d9979fdab5b6517565/screenshot - {}
RESULT: {}
COMMAND: POST /session/cda6b29e510b44d9979fdab5b6517565/execute/sync - {"script":"<script> [56 bytes]","args":[{"element-6066-11e4-a52e-4f735466cecf":"f.5E866639E2C7498835F0FF88C67C8471.d.D4A695D08C364A4D558B9C6CBF1DF80C.e.12531","ELEMENT":"f.5E866639E2C7498835F0FF88C67C8471.d.D4A695D08C364A4D558B9C6CBF1DF80C.e.12531"}]}
RESULT: {"script":"<script> [56 bytes]","args":[{"element-6066-11e4-a52e-4f735466cecf":"f.5E866639E2C7498835F0FF88C67C8471.d.D4A695D08C364A4D558B9C6CBF1DF80C.e.12531","ELEMENT":"f.5E866639E2C7498835F0FF88C67C8471.d.D4A695D08C364A4D558B9C6CBF1DF80C.e.12531"}]}
COMMAND: GET /session/cda6b29e510b44d9979fdab5b6517565/screenshot - {}
RESULT: {}
COMMAND: POST /session/cda6b29e510b44d9979fdab5b6517565/execute/sync - {"script":"<script> [56 bytes]","args":[{"element-6066-11e4-a52e-4f735466cecf":"f.5E866639E2C7498835F0FF88C67C8471.d.D4A695D08C364A4D558B9C6CBF1DF80C.e.12531","ELEMENT":"f.5E866639E2C7498835F0FF88C67C8471.d.D4A695D08C364A4D558B9C6CBF1DF80C.e.12531"}]}
RESULT: {"script":"<script> [56 bytes]","args":[{"element-6066-11e4-a52e-4f735466cecf":"f.5E866639E2C7498835F0FF88C67C8471.d.D4A695D08C364A4D558B9C6CBF1DF80C.e.12531","ELEMENT":"f.5E866639E2C7498835F0FF88C67C8471.d.D4A695D08C364A4D558B9C6CBF1DF80C.e.12531"}]}
COMMAND: GET /session/cda6b29e510b44d9979fdab5b6517565/screenshot - {}
RESULT: {}
COMMAND: POST /session/cda6b29e510b44d9979fdab5b6517565/execute/sync - {"script":"<script> [56 bytes]","args":[{"element-6066-11e4-a52e-4f735466cecf":"f.5E866639E2C7498835F0FF88C67C8471.d.D4A695D08C364A4D558B9C6CBF1DF80C.e.12531","ELEMENT":"f.5E866639E2C7498835F0FF88C67C8471.d.D4A695D08C364A4D558B9C6CBF1DF80C.e.12531"}]}
RESULT: {"script":"<script> [56 bytes]","args":[{"element-6066-11e4-a52e-4f735466cecf":"f.5E866639E2C7498835F0FF88C67C8471.d.D4A695D08C364A4D558B9C6CBF1DF80C.e.12531","ELEMENT":"f.5E866639E2C7498835F0FF88C67C8471.d.D4A695D08C364A4D558B9C6CBF1DF80C.e.12531"}]}
COMMAND: GET /session/cda6b29e510b44d9979fdab5b6517565/screenshot - {}
COMMAND: POST /session/cda6b29e510b44d9979fdab5b6517565/execute/sync - {"script":"<script> [56 bytes]","args":[{"element-6066-11e4-a52e-4f735466cecf":"f.5E866639E2C7498835F0FF88C67C8471.d.D4A695D08C364A4D558B9C6CBF1DF80C.e.12531","ELEMENT":"f.5E866639E2C7498835F0FF88C67C8471.d.D4A695D08C364A4D558B9C6CBF1DF80C.e.12531"}]}
RESULT: {}
RESULT: {"script":"<script> [56 bytes]","args":[{"element-6066-11e4-a52e-4f735466cecf":"f.5E866639E2C7498835F0FF88C67C8471.d.D4A695D08C364A4D558B9C6CBF1DF80C.e.12531","ELEMENT":"f.5E866639E2C7498835F0FF88C67C8471.d.D4A695D08C364A4D558B9C6CBF1DF80C.e.12531"}]}
COMMAND: POST /session/cda6b29e510b44d9979fdab5b6517565/element - {"using":"css selector","value":"#shell-header-logo"}
COMMAND: GET /session/cda6b29e510b44d9979fdab5b6517565/screenshot - {}
RESULT: {"using":"css selector","value":"#shell-header-logo"}
COMMAND: POST /session/cda6b29e510b44d9979fdab5b6517565/element/f.5E866639E2C7498835F0FF88C67C8471.d.D4A695D08C364A4D558B9C6CBF1DF80C.e.12365/click - {}
RESULT: {}
RESULT: {}
COMMAND: GET /session/cda6b29e510b44d9979fdab5b6517565/screenshot - {}
RESULT: {}
COMMAND: POST /session/cda6b29e510b44d9979fdab5b6517565/element - {"using":"css selector","value":"#j_username"}
COMMAND: POST /session/cda6b29e510b44d9979fdab5b6517565/url - {"url":"https://qa-testing-00-live-etm-ui.cfapps.eu10-004.hana.ondemand.com/"}
RESULT: {"using":"css selector","value":"#j_username"}
COMMAND: POST /session/cda6b29e510b44d9979fdab5b6517565/element - {"using":"css selector","value":"#j_username"}
RESULT: {"url":"https://qa-testing-00-live-etm-ui.cfapps.eu10-004.hana.ondemand.com/"}
RESULT: undefined
COMMAND: GET /session/cda6b29e510b44d9979fdab5b6517565/screenshot - {}
RESULT: {"using":"css selector","value":"#j_username"}
COMMAND: POST /session/cda6b29e510b44d9979fdab5b6517565/element - {"using":"css selector","value":"#shell-header-logo"}
RESULT: {}
RESULT: {"using":"css selector","value":"#shell-header-logo"}
COMMAND: POST /session/cda6b29e510b44d9979fdab5b6517565/execute/sync - {"script":"<script> [8489 bytes]","args":[{"element-6066-11e4-a52e-4f735466cecf":"f.5E866639E2C7498835F0FF88C67C8471.d.77EB3C8A63198E2D9C8E3A42CDAF5247.e.12571","ELEMENT":"f.5E866639E2C7498835F0FF88C67C8471.d.77EB3C8A63198E2D9C8E3A42CDAF5247.e.12571"}]}
RESULT: {"script":"<script> [8489 bytes]","args":[{"element-6066-11e4-a52e-4f735466cecf":"f.5E866639E2C7498835F0FF88C67C8471.d.77EB3C8A63198E2D9C8E3A42CDAF5247.e.12571","ELEMENT":"f.5E866639E2C7498835F0FF88C67C8471.d.77EB3C8A63198E2D9C8E3A42CDAF5247.e.12571"}]}
COMMAND: POST /session/cda6b29e510b44d9979fdab5b6517565/element - {"using":"css selector","value":"#shell-header-logo"}
COMMAND: GET /session/cda6b29e510b44d9979fdab5b6517565/screenshot - {}
RESULT: {"using":"css selector","value":"#shell-header-logo"}
COMMAND: POST /session/cda6b29e510b44d9979fdab5b6517565/execute/sync - {"script":"<script> [8489 bytes]","args":[{"element-6066-11e4-a52e-4f735466cecf":"f.5E866639E2C7498835F0FF88C67C8471.d.77EB3C8A63198E2D9C8E3A42CDAF5247.e.12571","ELEMENT":"f.5E866639E2C7498835F0FF88C67C8471.d.77EB3C8A63198E2D9C8E3A42CDAF5247.e.12571"}]}
RESULT: {}
RESULT: {"script":"<script> [8489 bytes]","args":[{"element-6066-11e4-a52e-4f735466cecf":"f.5E866639E2C7498835F0FF88C67C8471.d.77EB3C8A63198E2D9C8E3A42CDAF5247.e.12571","ELEMENT":"f.5E866639E2C7498835F0FF88C67C8471.d.77EB3C8A63198E2D9C8E3A42CDAF5247.e.12571"}]}
COMMAND: POST /session/cda6b29e510b44d9979fdab5b6517565/execute/sync - {"script":"<script> [5351 bytes]","args":[{"element-6066-11e4-a52e-4f735466cecf":"f.5E866639E2C7498835F0FF88C67C8471.d.77EB3C8A63198E2D9C8E3A42CDAF5247.e.12571","ELEMENT":"f.5E866639E2C7498835F0FF88C67C8471.d.77EB3C8A63198E2D9C8E3A42CDAF5247.e.12571"}]}
COMMAND: GET /session/cda6b29e510b44d9979fdab5b6517565/screenshot - {}
RESULT: {"script":"<script> [5351 bytes]","args":[{"element-6066-11e4-a52e-4f735466cecf":"f.5E866639E2C7498835F0FF88C67C8471.d.77EB3C8A63198E2D9C8E3A42CDAF5247.e.12571","ELEMENT":"f.5E866639E2C7498835F0FF88C67C8471.d.77EB3C8A63198E2D9C8E3A42CDAF5247.e.12571"}]}
COMMAND: POST /session/cda6b29e510b44d9979fdab5b6517565/element - {"using":"css selector","value":"#shell-header-logo"}
COMMAND: GET /session/cda6b29e510b44d9979fdab5b6517565/screenshot - {}
RESULT: {}
RESULT: {"using":"css selector","value":"#shell-header-logo"}
COMMAND: POST /session/cda6b29e510b44d9979fdab5b6517565/element/f.5E866639E2C7498835F0FF88C67C8471.d.77EB3C8A63198E2D9C8E3A42CDAF5247.e.12571/click - {}
RESULT: {}
RESULT: {}
COMMAND: GET /session/cda6b29e510b44d9979fdab5b6517565/screenshot - {}
RESULT: {}
COMMAND: POST /session/cda6b29e510b44d9979fdab5b6517565/execute/async - {"script":"<script> [189 bytes]","args":[]}
RESULT: {"script":"<script> [189 bytes]","args":[]}
COMMAND: POST /session/cda6b29e510b44d9979fdab5b6517565/execute/async - {"script":"<script> [123 bytes]","args":[]}
RESULT: {"script":"<script> [123 bytes]","args":[]}
COMMAND: POST /session/cda6b29e510b44d9979fdab5b6517565/timeouts - {"script":"<number>"}
RESULT: {"script":"<number>"}
COMMAND: GET /session/cda6b29e510b44d9979fdab5b6517565/timeouts - {}
RESULT: {}
RESULT: undefined
COMMAND: POST /session/cda6b29e510b44d9979fdab5b6517565/execute/async - {"script":"<script> [2676 bytes]","args":[]}
RESULT: {"script":"<script> [2676 bytes]","args":[]}
COMMAND: POST /session/cda6b29e510b44d9979fdab5b6517565/execute/async - {"script":"<script> [2342 bytes]","args":[{"protocol":"http","hostname":"0.0.0.0","path":"/","capabilities":{"browserName":"chrome","goog:chromeOptions":{"binary":"C:\\Program Files\\Google\\Chrome\\Application\\chrome.exe","args":["--start-maximized"]}},"logLevel":"warn","connectionRetryTimeout":120000,"connectionRetryCount":3,"logLevels":{},"enableDirectConnect":true,"strictSSL":true,"_":"65 more keys: [\"cacheDir\",\"port\",\"requestedCapabilities\",\"automationProtocol\",\"baseUrl\",\"waitforInterval\",\"waitforTimeout\",\"onReload\",\"beforeCommand\",\"afterCommand\",\"rootDir\",\"specs\",\"suites\",\"exclude\",\"groupLogsByTestSpec\",\"excludeDriverLogs\",\"bail\",\"framework\",\"reporters\",\"services\",\"maxInstances\",\"maxInstancesPerCapability\",\"injectGlobals\",\"filesToWatch\",\"execArgv\",\"runnerEnv\",\"runner\",\"shard\",\"specFileRetries\",\"specFileRetriesDelay\",\"specFileRetriesDeferred\",\"reporterSyncInterval\",\"reporterSyncTimeout\",\"cucumberFeaturesWithLineNumbers\",\"autoCompileOpts\",\"mochaOpts\",\"jasmineOpts\",\"cucumberOpts\",\"onPrepare\",\"onWorkerStart\",\"onWorkerEnd\",\"before\",\"beforeSession\",\"beforeSuite\",\"beforeHook\",\"beforeTest\",\"afterTest\",\"afterHook\",\"afterSuite\",\"afterSession\",\"after\",\"onComplete\",\"beforeAssertion\",\"afterAssertion\",\"beforeFeature\",\"beforeScenario\",\"beforeStep\",\"afterStep\",\"afterScenario\",\"afterFeature\",\"_\",\"suite\",\"$0\",\"ignoredWorkerServices\",\"wdi5\"]"}]}
RESULT: {"script":"<script> [2342 bytes]","args":[{"protocol":"http","hostname":"0.0.0.0","path":"/","capabilities":{"browserName":"chrome","goog:chromeOptions":{"binary":"C:\\Program Files\\Google\\Chrome\\Application\\chrome.exe","args":["--start-maximized"]}},"logLevel":"warn","connectionRetryTimeout":120000,"connectionRetryCount":3,"logLevels":{},"enableDirectConnect":true,"strictSSL":true,"_":"65 more keys: [\"cacheDir\",\"port\",\"requestedCapabilities\",\"automationProtocol\",\"baseUrl\",\"waitforInterval\",\"waitforTimeout\",\"onReload\",\"beforeCommand\",\"afterCommand\",\"rootDir\",\"specs\",\"suites\",\"exclude\",\"groupLogsByTestSpec\",\"excludeDriverLogs\",\"bail\",\"framework\",\"reporters\",\"services\",\"maxInstances\",\"maxInstancesPerCapability\",\"injectGlobals\",\"filesToWatch\",\"execArgv\",\"runnerEnv\",\"runner\",\"shard\",\"specFileRetries\",\"specFileRetriesDelay\",\"specFileRetriesDeferred\",\"reporterSyncInterval\",\"reporterSyncTimeout\",\"cucumberFeaturesWithLineNumbers\",\"autoCompileOpts\",\"mochaOpts\",\"jasmineOpts\",\"cucumberOpts\",\"onPrepare\",\"onWorkerStart\",\"onWorkerEnd\",\"before\",\"beforeSession\",\"beforeSuite\",\"beforeHook\",\"beforeTest\",\"afterTest\",\"afterHook\",\"afterSuite\",\"afterSession\",\"after\",\"onComplete\",\"beforeAssertion\",\"afterAssertion\",\"beforeFeature\",\"beforeScenario\",\"beforeStep\",\"afterStep\",\"afterScenario\",\"afterFeature\",\"_\",\"suite\",\"$0\",\"ignoredWorkerServices\",\"wdi5\"]"}]}
COMMAND: POST /session/cda6b29e510b44d9979fdab5b6517565/execute/async - {"script":"<script> [21126 bytes]","args":[35000]}
RESULT: {"script":"<script> [21126 bytes]","args":[35000]}
COMMAND: POST /session/cda6b29e510b44d9979fdab5b6517565/window/maximize - {}
RESULT: {}
COMMAND: POST /session/cda6b29e510b44d9979fdab5b6517565/execute/async - {"script":"<script> [1562 bytes]","args":[{"selector":{"id":"shell-header","interaction":{"idSuffix":"icon"}},"wdio_ui5_key":"shellheader"}]}
COMMAND: GET /session/cda6b29e510b44d9979fdab5b6517565/screenshot - {}
RESULT: {"script":"<script> [1562 bytes]","args":[{"selector":{"id":"shell-header","interaction":{"idSuffix":"icon"}},"wdio_ui5_key":"shellheader"}]}
RESULT: undefined
COMMAND: POST /session/cda6b29e510b44d9979fdab5b6517565/refresh - {}
RESULT: {}
RESULT: {}
COMMAND: GET /session/cda6b29e510b44d9979fdab5b6517565/screenshot - {}
RESULT: {}
COMMAND: POST /session/cda6b29e510b44d9979fdab5b6517565/refresh - {}
RESULT: {}
COMMAND: GET /session/cda6b29e510b44d9979fdab5b6517565/screenshot - {}
RESULT: {}
COMMAND: POST /session/cda6b29e510b44d9979fdab5b6517565/window/fullscreen - {}
RESULT: {}
COMMAND: POST /session/cda6b29e510b44d9979fdab5b6517565/execute/async - {"script":"<script> [189 bytes]","args":[]}
RESULT: {"script":"<script> [189 bytes]","args":[]}
COMMAND: POST /session/cda6b29e510b44d9979fdab5b6517565/execute/async - {"script":"<script> [123 bytes]","args":[]}
RESULT: {"script":"<script> [123 bytes]","args":[]}
COMMAND: POST /session/cda6b29e510b44d9979fdab5b6517565/timeouts - {"script":"<number>"}
RESULT: {"script":"<number>"}
COMMAND: GET /session/cda6b29e510b44d9979fdab5b6517565/timeouts - {}
RESULT: {}
RESULT: undefined
COMMAND: POST /session/cda6b29e510b44d9979fdab5b6517565/execute/async - {"script":"<script> [2676 bytes]","args":[]}
RESULT: {"script":"<script> [2676 bytes]","args":[]}
COMMAND: POST /session/cda6b29e510b44d9979fdab5b6517565/execute/async - {"script":"<script> [2342 bytes]","args":[{"protocol":"http","hostname":"0.0.0.0","path":"/","capabilities":{"browserName":"chrome","goog:chromeOptions":{"binary":"C:\\Program Files\\Google\\Chrome\\Application\\chrome.exe","args":["--start-maximized"]}},"logLevel":"warn","connectionRetryTimeout":120000,"connectionRetryCount":3,"logLevels":{},"enableDirectConnect":true,"strictSSL":true,"_":"65 more keys: [\"cacheDir\",\"port\",\"requestedCapabilities\",\"automationProtocol\",\"baseUrl\",\"waitforInterval\",\"waitforTimeout\",\"onReload\",\"beforeCommand\",\"afterCommand\",\"rootDir\",\"specs\",\"suites\",\"exclude\",\"groupLogsByTestSpec\",\"excludeDriverLogs\",\"bail\",\"framework\",\"reporters\",\"services\",\"maxInstances\",\"maxInstancesPerCapability\",\"injectGlobals\",\"filesToWatch\",\"execArgv\",\"runnerEnv\",\"runner\",\"shard\",\"specFileRetries\",\"specFileRetriesDelay\",\"specFileRetriesDeferred\",\"reporterSyncInterval\",\"reporterSyncTimeout\",\"cucumberFeaturesWithLineNumbers\",\"autoCompileOpts\",\"mochaOpts\",\"jasmineOpts\",\"cucumberOpts\",\"onPrepare\",\"onWorkerStart\",\"onWorkerEnd\",\"before\",\"beforeSession\",\"beforeSuite\",\"beforeHook\",\"beforeTest\",\"afterTest\",\"afterHook\",\"afterSuite\",\"afterSession\",\"after\",\"onComplete\",\"beforeAssertion\",\"afterAssertion\",\"beforeFeature\",\"beforeScenario\",\"beforeStep\",\"afterStep\",\"afterScenario\",\"afterFeature\",\"_\",\"suite\",\"$0\",\"ignoredWorkerServices\",\"wdi5\"]"}]}
RESULT: {"script":"<script> [2342 bytes]","args":[{"protocol":"http","hostname":"0.0.0.0","path":"/","capabilities":{"browserName":"chrome","goog:chromeOptions":{"binary":"C:\\Program Files\\Google\\Chrome\\Application\\chrome.exe","args":["--start-maximized"]}},"logLevel":"warn","connectionRetryTimeout":120000,"connectionRetryCount":3,"logLevels":{},"enableDirectConnect":true,"strictSSL":true,"_":"65 more keys: [\"cacheDir\",\"port\",\"requestedCapabilities\",\"automationProtocol\",\"baseUrl\",\"waitforInterval\",\"waitforTimeout\",\"onReload\",\"beforeCommand\",\"afterCommand\",\"rootDir\",\"specs\",\"suites\",\"exclude\",\"groupLogsByTestSpec\",\"excludeDriverLogs\",\"bail\",\"framework\",\"reporters\",\"services\",\"maxInstances\",\"maxInstancesPerCapability\",\"injectGlobals\",\"filesToWatch\",\"execArgv\",\"runnerEnv\",\"runner\",\"shard\",\"specFileRetries\",\"specFileRetriesDelay\",\"specFileRetriesDeferred\",\"reporterSyncInterval\",\"reporterSyncTimeout\",\"cucumberFeaturesWithLineNumbers\",\"autoCompileOpts\",\"mochaOpts\",\"jasmineOpts\",\"cucumberOpts\",\"onPrepare\",\"onWorkerStart\",\"onWorkerEnd\",\"before\",\"beforeSession\",\"beforeSuite\",\"beforeHook\",\"beforeTest\",\"afterTest\",\"afterHook\",\"afterSuite\",\"afterSession\",\"after\",\"onComplete\",\"beforeAssertion\",\"afterAssertion\",\"beforeFeature\",\"beforeScenario\",\"beforeStep\",\"afterStep\",\"afterScenario\",\"afterFeature\",\"_\",\"suite\",\"$0\",\"ignoredWorkerServices\",\"wdi5\"]"}]}
COMMAND: POST /session/cda6b29e510b44d9979fdab5b6517565/execute/async - {"script":"<script> [21126 bytes]","args":[35000]}
RESULT: {"script":"<script> [21126 bytes]","args":[35000]}
]]></system-out>
    </testcase>
  </testsuite>
  <testsuite timestamp="2025-05-17T17:56:12" time="751.243" tests="12" failures="0" errors="0" skipped="0">
    <properties>
      <property name="specId" value="0" />
      <property name="suiteName" value="Billing transfer US117289" />
      <property name="capabilities" value="chrome.136_0_7103_93.windows" />
      <property name="file" value="file:///D:/a/1/s/test/specs/BTS/billing-transfer.spec.js" />
    </properties>
    <testcase classname="chrome.136_0_7103_93.windows.Billing_transfer_US117289" name="Should create a new yard" time="0.019">
      <system-out><![CDATA[
COMMAND: POST /session/cda6b29e510b44d9979fdab5b6517565/window/fullscreen - {}
RESULT: {}
]]></system-out>
    </testcase>
    <testcase classname="chrome.136_0_7103_93.windows.Billing_transfer_US117289" name="Should create a new partner" time="0.003" />
    <testcase classname="chrome.136_0_7103_93.windows.Billing_transfer_US117289" name="Should create a new site" time="0.004" />
    <testcase classname="chrome.136_0_7103_93.windows.Billing_transfer_US117289" name="Should create a new equipment" time="138.377">
      <system-out><![CDATA[
COMMAND: POST /session/cda6b29e510b44d9979fdab5b6517565/execute/async - {"script":"<script> [1562 bytes]","args":[{"selector":{"controlType":"sap.m.GenericTile","properties":{"header":"Manage Resources"}},"wdio_ui5_key":"sapm.GenericTile{\"header\":\"Manage Resources\"}"}]}
RESULT: {"script":"<script> [1562 bytes]","args":[{"selector":{"controlType":"sap.m.GenericTile","properties":{"header":"Manage Resources"}},"wdio_ui5_key":"sapm.GenericTile{\"header\":\"Manage Resources\"}"}]}
RESULT: undefined
COMMAND: POST /session/cda6b29e510b44d9979fdab5b6517565/element - {"using":"xpath","value":"//*[@id=\"__tile39\"]"}
RESULT: {"using":"xpath","value":"//*[@id=\"__tile39\"]"}
COMMAND: POST /session/cda6b29e510b44d9979fdab5b6517565/element/f.5E866639E2C7498835F0FF88C67C8471.d.E4B60AC04C8D5C85701AD11BFD5256E9.e.12733/click - {}
RESULT: {}
COMMAND: GET /session/cda6b29e510b44d9979fdab5b6517565/screenshot - {}
RESULT: {}
COMMAND: POST /session/cda6b29e510b44d9979fdab5b6517565/elements - {"using":"xpath","value":"//span[text()='Error']"}
RESULT: {"using":"xpath","value":"//span[text()='Error']"}
COMMAND: POST /session/cda6b29e510b44d9979fdab5b6517565/element - {"using":"xpath","value":"//button[@data-kt=\"addNewRUOverflowToolbarButton\"]"}
RESULT: {"using":"xpath","value":"//button[@data-kt=\"addNewRUOverflowToolbarButton\"]"}
COMMAND: POST /session/cda6b29e510b44d9979fdab5b6517565/elements - {"using":"xpath","value":"//button[@data-kt=\"addNewRUOverflowToolbarButton\"]"}
RESULT: {"using":"xpath","value":"//button[@data-kt=\"addNewRUOverflowToolbarButton\"]"}
COMMAND: POST /session/cda6b29e510b44d9979fdab5b6517565/elements - {"using":"xpath","value":"//button[@data-kt=\"addNewRUOverflowToolbarButton\"]"}
RESULT: {"using":"xpath","value":"//button[@data-kt=\"addNewRUOverflowToolbarButton\"]"}
COMMAND: POST /session/cda6b29e510b44d9979fdab5b6517565/elements - {"using":"xpath","value":"//button[@data-kt=\"addNewRUOverflowToolbarButton\"]"}
RESULT: {"using":"xpath","value":"//button[@data-kt=\"addNewRUOverflowToolbarButton\"]"}
COMMAND: POST /session/cda6b29e510b44d9979fdab5b6517565/elements - {"using":"xpath","value":"//button[@data-kt=\"addNewRUOverflowToolbarButton\"]"}
RESULT: {"using":"xpath","value":"//button[@data-kt=\"addNewRUOverflowToolbarButton\"]"}
COMMAND: POST /session/cda6b29e510b44d9979fdab5b6517565/elements - {"using":"xpath","value":"//button[@data-kt=\"addNewRUOverflowToolbarButton\"]"}
RESULT: {"using":"xpath","value":"//button[@data-kt=\"addNewRUOverflowToolbarButton\"]"}
COMMAND: POST /session/cda6b29e510b44d9979fdab5b6517565/elements - {"using":"xpath","value":"//button[@data-kt=\"addNewRUOverflowToolbarButton\"]"}
RESULT: {"using":"xpath","value":"//button[@data-kt=\"addNewRUOverflowToolbarButton\"]"}
COMMAND: POST /session/cda6b29e510b44d9979fdab5b6517565/elements - {"using":"xpath","value":"//button[@data-kt=\"addNewRUOverflowToolbarButton\"]"}
RESULT: {"using":"xpath","value":"//button[@data-kt=\"addNewRUOverflowToolbarButton\"]"}
COMMAND: POST /session/cda6b29e510b44d9979fdab5b6517565/elements - {"using":"xpath","value":"//button[@data-kt=\"addNewRUOverflowToolbarButton\"]"}
RESULT: {"using":"xpath","value":"//button[@data-kt=\"addNewRUOverflowToolbarButton\"]"}
COMMAND: POST /session/cda6b29e510b44d9979fdab5b6517565/elements - {"using":"xpath","value":"//button[@data-kt=\"addNewRUOverflowToolbarButton\"]"}
RESULT: {"using":"xpath","value":"//button[@data-kt=\"addNewRUOverflowToolbarButton\"]"}
COMMAND: POST /session/cda6b29e510b44d9979fdab5b6517565/element - {"using":"xpath","value":"//button[@data-kt=\"addNewRUOverflowToolbarButton\"]"}
RESULT: {"using":"xpath","value":"//button[@data-kt=\"addNewRUOverflowToolbarButton\"]"}
COMMAND: POST /session/cda6b29e510b44d9979fdab5b6517565/execute/sync - {"script":"<script> [8489 bytes]","args":[{"element-6066-11e4-a52e-4f735466cecf":"f.5E866639E2C7498835F0FF88C67C8471.d.E4B60AC04C8D5C85701AD11BFD5256E9.e.12873","ELEMENT":"f.5E866639E2C7498835F0FF88C67C8471.d.E4B60AC04C8D5C85701AD11BFD5256E9.e.12873"}]}
RESULT: {"script":"<script> [8489 bytes]","args":[{"element-6066-11e4-a52e-4f735466cecf":"f.5E866639E2C7498835F0FF88C67C8471.d.E4B60AC04C8D5C85701AD11BFD5256E9.e.12873","ELEMENT":"f.5E866639E2C7498835F0FF88C67C8471.d.E4B60AC04C8D5C85701AD11BFD5256E9.e.12873"}]}
COMMAND: GET /session/cda6b29e510b44d9979fdab5b6517565/element/f.5E866639E2C7498835F0FF88C67C8471.d.E4B60AC04C8D5C85701AD11BFD5256E9.e.12873/enabled - {}
COMMAND: GET /session/cda6b29e510b44d9979fdab5b6517565/screenshot - {}
RESULT: {}
COMMAND: POST /session/cda6b29e510b44d9979fdab5b6517565/execute/sync - {"script":"<script> [8489 bytes]","args":[{"element-6066-11e4-a52e-4f735466cecf":"f.5E866639E2C7498835F0FF88C67C8471.d.E4B60AC04C8D5C85701AD11BFD5256E9.e.12873","ELEMENT":"f.5E866639E2C7498835F0FF88C67C8471.d.E4B60AC04C8D5C85701AD11BFD5256E9.e.12873"}]}
COMMAND: GET /session/cda6b29e510b44d9979fdab5b6517565/screenshot - {}
RESULT: {}
RESULT: {"script":"<script> [8489 bytes]","args":[{"element-6066-11e4-a52e-4f735466cecf":"f.5E866639E2C7498835F0FF88C67C8471.d.E4B60AC04C8D5C85701AD11BFD5256E9.e.12873","ELEMENT":"f.5E866639E2C7498835F0FF88C67C8471.d.E4B60AC04C8D5C85701AD11BFD5256E9.e.12873"}]}
COMMAND: POST /session/cda6b29e510b44d9979fdab5b6517565/execute/sync - {"script":"<script> [5351 bytes]","args":[{"element-6066-11e4-a52e-4f735466cecf":"f.5E866639E2C7498835F0FF88C67C8471.d.E4B60AC04C8D5C85701AD11BFD5256E9.e.12873","ELEMENT":"f.5E866639E2C7498835F0FF88C67C8471.d.E4B60AC04C8D5C85701AD11BFD5256E9.e.12873"}]}
COMMAND: GET /session/cda6b29e510b44d9979fdab5b6517565/screenshot - {}
RESULT: {}
RESULT: {"script":"<script> [5351 bytes]","args":[{"element-6066-11e4-a52e-4f735466cecf":"f.5E866639E2C7498835F0FF88C67C8471.d.E4B60AC04C8D5C85701AD11BFD5256E9.e.12873","ELEMENT":"f.5E866639E2C7498835F0FF88C67C8471.d.E4B60AC04C8D5C85701AD11BFD5256E9.e.12873"}]}
COMMAND: POST /session/cda6b29e510b44d9979fdab5b6517565/element/f.5E866639E2C7498835F0FF88C67C8471.d.E4B60AC04C8D5C85701AD11BFD5256E9.e.12873/click - {}
COMMAND: GET /session/cda6b29e510b44d9979fdab5b6517565/screenshot - {}
RESULT: {}
RESULT: {}
COMMAND: GET /session/cda6b29e510b44d9979fdab5b6517565/screenshot - {}
COMMAND: POST /session/cda6b29e510b44d9979fdab5b6517565/execute/async - {"script":"<script> [1562 bytes]","args":[{"selector":{"id":"application-manageresources-display-component---newResourceUnit--TYPE-arrow"},"wdio_ui5_key":"applicationmanageresources-display-component---newResourceUnit--TYPE-arrow"}]}
RESULT: {}
RESULT: {}
RESULT: {"script":"<script> [1562 bytes]","args":[{"selector":{"id":"application-manageresources-display-component---newResourceUnit--TYPE-arrow"},"wdio_ui5_key":"applicationmanageresources-display-component---newResourceUnit--TYPE-arrow"}]}
RESULT: undefined
COMMAND: POST /session/cda6b29e510b44d9979fdab5b6517565/element - {"using":"xpath","value":"//*[@id=\"application-manageresources-display-component---newResourceUnit--TYPE-arrow\"]"}
RESULT: {"using":"xpath","value":"//*[@id=\"application-manageresources-display-component---newResourceUnit--TYPE-arrow\"]"}
COMMAND: POST /session/cda6b29e510b44d9979fdab5b6517565/element/f.5E866639E2C7498835F0FF88C67C8471.d.E4B60AC04C8D5C85701AD11BFD5256E9.e.13229/click - {}
RESULT: {}
COMMAND: POST /session/cda6b29e510b44d9979fdab5b6517565/element - {"using":"xpath","value":"//input[@id=\"application-manageresources-display-component---newResourceUnit--TYPE-inner\"]"}
COMMAND: GET /session/cda6b29e510b44d9979fdab5b6517565/screenshot - {}
RESULT: {"using":"xpath","value":"//input[@id=\"application-manageresources-display-component---newResourceUnit--TYPE-inner\"]"}
COMMAND: POST /session/cda6b29e510b44d9979fdab5b6517565/element/f.5E866639E2C7498835F0FF88C67C8471.d.E4B60AC04C8D5C85701AD11BFD5256E9.e.13223/clear - {}
RESULT: {}
RESULT: {}
COMMAND: POST /session/cda6b29e510b44d9979fdab5b6517565/element/f.5E866639E2C7498835F0FF88C67C8471.d.E4B60AC04C8D5C85701AD11BFD5256E9.e.13223/value - {"text":"Equipment"}
COMMAND: GET /session/cda6b29e510b44d9979fdab5b6517565/screenshot - {}
RESULT: {"text":"Equipment"}
COMMAND: GET /session/cda6b29e510b44d9979fdab5b6517565/screenshot - {}
RESULT: {}
RESULT: {}
COMMAND: POST /session/cda6b29e510b44d9979fdab5b6517565/actions - {"actions":[{"id":"action46","type":"key","parameters":{},"actions":[{"type":"keyDown","value":"î€‡"},{"type":"pause","duration":10},{"type":"keyUp","value":"î€‡"}]}]}
RESULT: {"actions":[{"id":"action46","type":"key","parameters":{},"actions":[{"type":"keyDown","value":"î€‡"},{"type":"pause","duration":10},{"type":"keyUp","value":"î€‡"}]}]}
COMMAND: POST /session/cda6b29e510b44d9979fdab5b6517565/execute/async - {"script":"<script> [1562 bytes]","args":[{"selector":{"id":"application-manageresources-display-component---newResourceUnit--resourceId","interaction":{"idSuffix":"inner"}},"wdio_ui5_key":"applicationmanageresources-display-component---newResourceUnit--resourceId"}]}
COMMAND: GET /session/cda6b29e510b44d9979fdab5b6517565/screenshot - {}
RESULT: {"script":"<script> [1562 bytes]","args":[{"selector":{"id":"application-manageresources-display-component---newResourceUnit--resourceId","interaction":{"idSuffix":"inner"}},"wdio_ui5_key":"applicationmanageresources-display-component---newResourceUnit--resourceId"}]}
RESULT: undefined
COMMAND: POST /session/cda6b29e510b44d9979fdab5b6517565/execute/async - {"script":"<script> [776 bytes]","args":[{"enterText":"itmwrBT7WF","selector":{"id":"application-manageresources-display-component---newResourceUnit--resourceId","interaction":{"idSuffix":"inner"}},"clearTextFirst":true,"interactionType":"ENTER_TEXT"}]}
RESULT: {}
RESULT: {"script":"<script> [776 bytes]","args":[{"enterText":"itmwrBT7WF","selector":{"id":"application-manageresources-display-component---newResourceUnit--resourceId","interaction":{"idSuffix":"inner"}},"clearTextFirst":true,"interactionType":"ENTER_TEXT"}]}
COMMAND: POST /session/cda6b29e510b44d9979fdab5b6517565/execute/async - {"script":"<script> [1562 bytes]","args":[{"selector":{"id":"application-manageresources-display-component---newResourceUnit--SHORT_TEXT","interaction":{"idSuffix":"inner"}},"wdio_ui5_key":"applicationmanageresources-display-component---newResourceUnit--SHORT_TEXT"}]}
RESULT: {"script":"<script> [1562 bytes]","args":[{"selector":{"id":"application-manageresources-display-component---newResourceUnit--SHORT_TEXT","interaction":{"idSuffix":"inner"}},"wdio_ui5_key":"applicationmanageresources-display-component---newResourceUnit--SHORT_TEXT"}]}
RESULT: undefined
COMMAND: POST /session/cda6b29e510b44d9979fdab5b6517565/execute/async - {"script":"<script> [776 bytes]","args":[{"enterText":"Intercompany Equipment WDIO","selector":{"id":"application-manageresources-display-component---newResourceUnit--SHORT_TEXT","interaction":{"idSuffix":"inner"}},"clearTextFirst":true,"interactionType":"ENTER_TEXT"}]}
RESULT: {"script":"<script> [776 bytes]","args":[{"enterText":"Intercompany Equipment WDIO","selector":{"id":"application-manageresources-display-component---newResourceUnit--SHORT_TEXT","interaction":{"idSuffix":"inner"}},"clearTextFirst":true,"interactionType":"ENTER_TEXT"}]}
COMMAND: POST /session/cda6b29e510b44d9979fdab5b6517565/execute/async - {"script":"<script> [1562 bytes]","args":[{"selector":{"id":"application-manageresources-display-component---newResourceUnit--BASE_UNIT_OF_MEASURE","interaction":{"idSuffix":"inner"}},"wdio_ui5_key":"applicationmanageresources-display-component---newResourceUnit--BASE_UNIT_OF_MEASURE"}]}
RESULT: {"script":"<script> [1562 bytes]","args":[{"selector":{"id":"application-manageresources-display-component---newResourceUnit--BASE_UNIT_OF_MEASURE","interaction":{"idSuffix":"inner"}},"wdio_ui5_key":"applicationmanageresources-display-component---newResourceUnit--BASE_UNIT_OF_MEASURE"}]}
RESULT: undefined
COMMAND: POST /session/cda6b29e510b44d9979fdab5b6517565/execute/async - {"script":"<script> [776 bytes]","args":[{"enterText":"Piece","selector":{"id":"application-manageresources-display-component---newResourceUnit--BASE_UNIT_OF_MEASURE","interaction":{"idSuffix":"inner"}},"clearTextFirst":true,"interactionType":"ENTER_TEXT"}]}
RESULT: {"script":"<script> [776 bytes]","args":[{"enterText":"Piece","selector":{"id":"application-manageresources-display-component---newResourceUnit--BASE_UNIT_OF_MEASURE","interaction":{"idSuffix":"inner"}},"clearTextFirst":true,"interactionType":"ENTER_TEXT"}]}
COMMAND: POST /session/cda6b29e510b44d9979fdab5b6517565/execute/async - {"script":"<script> [1562 bytes]","args":[{"selector":{"id":"application-manageresources-display-component---newResourceUnit--WEIGHT_UNIT","interaction":{"idSuffix":"inner"}},"wdio_ui5_key":"applicationmanageresources-display-component---newResourceUnit--WEIGHT_UNIT"}]}
RESULT: {"script":"<script> [1562 bytes]","args":[{"selector":{"id":"application-manageresources-display-component---newResourceUnit--WEIGHT_UNIT","interaction":{"idSuffix":"inner"}},"wdio_ui5_key":"applicationmanageresources-display-component---newResourceUnit--WEIGHT_UNIT"}]}
RESULT: undefined
COMMAND: POST /session/cda6b29e510b44d9979fdab5b6517565/execute/async - {"script":"<script> [776 bytes]","args":[{"enterText":"Gram","selector":{"id":"application-manageresources-display-component---newResourceUnit--WEIGHT_UNIT","interaction":{"idSuffix":"inner"}},"clearTextFirst":true,"interactionType":"ENTER_TEXT"}]}
RESULT: {"script":"<script> [776 bytes]","args":[{"enterText":"Gram","selector":{"id":"application-manageresources-display-component---newResourceUnit--WEIGHT_UNIT","interaction":{"idSuffix":"inner"}},"clearTextFirst":true,"interactionType":"ENTER_TEXT"}]}
COMMAND: POST /session/cda6b29e510b44d9979fdab5b6517565/execute/async - {"script":"<script> [1562 bytes]","args":[{"selector":{"id":"application-manageresources-display-component---newResourceUnit--DIMENSION_UNIT","interaction":{"idSuffix":"inner"}},"wdio_ui5_key":"applicationmanageresources-display-component---newResourceUnit--DIMENSION_UNIT"}]}
RESULT: {"script":"<script> [1562 bytes]","args":[{"selector":{"id":"application-manageresources-display-component---newResourceUnit--DIMENSION_UNIT","interaction":{"idSuffix":"inner"}},"wdio_ui5_key":"applicationmanageresources-display-component---newResourceUnit--DIMENSION_UNIT"}]}
RESULT: undefined
COMMAND: POST /session/cda6b29e510b44d9979fdab5b6517565/execute/async - {"script":"<script> [776 bytes]","args":[{"enterText":"Meter","selector":{"id":"application-manageresources-display-component---newResourceUnit--DIMENSION_UNIT","interaction":{"idSuffix":"inner"}},"clearTextFirst":true,"interactionType":"ENTER_TEXT"}]}
RESULT: {"script":"<script> [776 bytes]","args":[{"enterText":"Meter","selector":{"id":"application-manageresources-display-component---newResourceUnit--DIMENSION_UNIT","interaction":{"idSuffix":"inner"}},"clearTextFirst":true,"interactionType":"ENTER_TEXT"}]}
COMMAND: POST /session/cda6b29e510b44d9979fdab5b6517565/execute/async - {"script":"<script> [1562 bytes]","args":[{"selector":{"id":"application-manageresources-display-component---newResourceUnit--newRRUPage-anchBar-application-manageresources-display-component---newResourceUnit--control-anchor","interaction":{"idSuffix":"BDI-content"}},"wdio_ui5_key":"applicationmanageresources-display-component---newResourceUnit--newRRUPage-anchBar-application-manageresources-display-component---newResourceUnit--control-anchor"}]}
RESULT: {"script":"<script> [1562 bytes]","args":[{"selector":{"id":"application-manageresources-display-component---newResourceUnit--newRRUPage-anchBar-application-manageresources-display-component---newResourceUnit--control-anchor","interaction":{"idSuffix":"BDI-content"}},"wdio_ui5_key":"applicationmanageresources-display-component---newResourceUnit--newRRUPage-anchBar-application-manageresources-display-component---newResourceUnit--control-anchor"}]}
RESULT: undefined
COMMAND: POST /session/cda6b29e510b44d9979fdab5b6517565/element - {"using":"xpath","value":"//*[@id=\"application-manageresources-display-component---newResourceUnit--newRRUPage-anchBar-application-manageresources-display-component---newResourceUnit--control-anchor\"]"}
RESULT: {"using":"xpath","value":"//*[@id=\"application-manageresources-display-component---newResourceUnit--newRRUPage-anchBar-application-manageresources-display-component---newResourceUnit--control-anchor\"]"}
COMMAND: POST /session/cda6b29e510b44d9979fdab5b6517565/element/f.5E866639E2C7498835F0FF88C67C8471.d.E4B60AC04C8D5C85701AD11BFD5256E9.e.13360/click - {}
RESULT: {}
COMMAND: POST /session/cda6b29e510b44d9979fdab5b6517565/execute/async - {"script":"<script> [1562 bytes]","args":[{"selector":{"id":"application-manageresources-display-component---newResourceUnit--PLANNING_GROUP","interaction":{"idSuffix":"inner"}},"wdio_ui5_key":"applicationmanageresources-display-component---newResourceUnit--PLANNING_GROUP"}]}
COMMAND: GET /session/cda6b29e510b44d9979fdab5b6517565/screenshot - {}
RESULT: {"script":"<script> [1562 bytes]","args":[{"selector":{"id":"application-manageresources-display-component---newResourceUnit--PLANNING_GROUP","interaction":{"idSuffix":"inner"}},"wdio_ui5_key":"applicationmanageresources-display-component---newResourceUnit--PLANNING_GROUP"}]}
RESULT: undefined
COMMAND: POST /session/cda6b29e510b44d9979fdab5b6517565/execute/async - {"script":"<script> [776 bytes]","args":[{"enterText":"Heavy Equi","selector":{"id":"application-manageresources-display-component---newResourceUnit--PLANNING_GROUP","interaction":{"idSuffix":"inner"}},"clearTextFirst":true,"interactionType":"ENTER_TEXT"}]}
RESULT: {}
RESULT: {"script":"<script> [776 bytes]","args":[{"enterText":"Heavy Equi","selector":{"id":"application-manageresources-display-component---newResourceUnit--PLANNING_GROUP","interaction":{"idSuffix":"inner"}},"clearTextFirst":true,"interactionType":"ENTER_TEXT"}]}
COMMAND: POST /session/cda6b29e510b44d9979fdab5b6517565/execute/async - {"script":"<script> [1562 bytes]","args":[{"selector":{"id":"application-manageresources-display-component---newResourceUnit--ITEM_TYPE-arrow"},"wdio_ui5_key":"applicationmanageresources-display-component---newResourceUnit--ITEM_TYPE-arrow"}]}
RESULT: {"script":"<script> [1562 bytes]","args":[{"selector":{"id":"application-manageresources-display-component---newResourceUnit--ITEM_TYPE-arrow"},"wdio_ui5_key":"applicationmanageresources-display-component---newResourceUnit--ITEM_TYPE-arrow"}]}
RESULT: undefined
COMMAND: POST /session/cda6b29e510b44d9979fdab5b6517565/element - {"using":"xpath","value":"//*[@id=\"application-manageresources-display-component---newResourceUnit--ITEM_TYPE-arrow\"]"}
RESULT: {"using":"xpath","value":"//*[@id=\"application-manageresources-display-component---newResourceUnit--ITEM_TYPE-arrow\"]"}
COMMAND: POST /session/cda6b29e510b44d9979fdab5b6517565/element/f.5E866639E2C7498835F0FF88C67C8471.d.E4B60AC04C8D5C85701AD11BFD5256E9.e.13369/click - {}
RESULT: {}
COMMAND: POST /session/cda6b29e510b44d9979fdab5b6517565/element - {"using":"xpath","value":"(//span[contains(text(), \"Resource Unit\")])[2]"}
COMMAND: GET /session/cda6b29e510b44d9979fdab5b6517565/screenshot - {}
RESULT: {"using":"xpath","value":"(//span[contains(text(), \"Resource Unit\")])[2]"}
COMMAND: POST /session/cda6b29e510b44d9979fdab5b6517565/element/f.5E866639E2C7498835F0FF88C67C8471.d.E4B60AC04C8D5C85701AD11BFD5256E9.e.13370/click - {}
RESULT: {}
RESULT: {}
COMMAND: GET /session/cda6b29e510b44d9979fdab5b6517565/screenshot - {}
RESULT: {}
COMMAND: POST /session/cda6b29e510b44d9979fdab5b6517565/element - {"using":"css selector","value":"#application-manageresources-display-component---newResourceUnit--btnAddTimeSegment"}
RESULT: {"using":"css selector","value":"#application-manageresources-display-component---newResourceUnit--btnAddTimeSegment"}
COMMAND: GET /session/cda6b29e510b44d9979fdab5b6517565/element/f.5E866639E2C7498835F0FF88C67C8471.d.E4B60AC04C8D5C85701AD11BFD5256E9.e.13371/rect - {}
RESULT: {}
COMMAND: GET /session/cda6b29e510b44d9979fdab5b6517565/window/rect - {}
RESULT: {}
COMMAND: POST /session/cda6b29e510b44d9979fdab5b6517565/execute/sync - {"script":"<script> [92 bytes]","args":[]}
RESULT: {"script":"<script> [92 bytes]","args":[]}
COMMAND: POST /session/cda6b29e510b44d9979fdab5b6517565/actions - {"actions":[{"id":"action47","type":"wheel","parameters":{},"actions":[{"type":"scroll","x":-1888,"y":-32,"deltaX":0,"deltaY":0,"duration":0,"origin":{"element-6066-11e4-a52e-4f735466cecf":"f.5E866639E2C7498835F0FF88C67C8471.d.E4B60AC04C8D5C85701AD11BFD5256E9.e.13371"}}]}]}
COMMAND: GET /session/cda6b29e510b44d9979fdab5b6517565/screenshot - {}
RESULT: {}
COMMAND: POST /session/cda6b29e510b44d9979fdab5b6517565/execute/sync - {"script":"<script> [79 bytes]","args":[{"element-6066-11e4-a52e-4f735466cecf":"f.5E866639E2C7498835F0FF88C67C8471.d.E4B60AC04C8D5C85701AD11BFD5256E9.e.13371","ELEMENT":"f.5E866639E2C7498835F0FF88C67C8471.d.E4B60AC04C8D5C85701AD11BFD5256E9.e.13371"},{"block":"start","inline":"nearest"}]}
RESULT: {"script":"<script> [79 bytes]","args":[{"element-6066-11e4-a52e-4f735466cecf":"f.5E866639E2C7498835F0FF88C67C8471.d.E4B60AC04C8D5C85701AD11BFD5256E9.e.13371","ELEMENT":"f.5E866639E2C7498835F0FF88C67C8471.d.E4B60AC04C8D5C85701AD11BFD5256E9.e.13371"},{"block":"start","inline":"nearest"}]}
COMMAND: POST /session/cda6b29e510b44d9979fdab5b6517565/execute/async - {"script":"<script> [1562 bytes]","args":[{"selector":{"id":"application-manageresources-display-component---newResourceUnit--btnAddTimeSegment","interaction":{"idSuffix":"inner"}},"wdio_ui5_key":"applicationmanageresources-display-component---newResourceUnit--btnAddTimeSegment"}]}
COMMAND: GET /session/cda6b29e510b44d9979fdab5b6517565/screenshot - {}
RESULT: {"script":"<script> [1562 bytes]","args":[{"selector":{"id":"application-manageresources-display-component---newResourceUnit--btnAddTimeSegment","interaction":{"idSuffix":"inner"}},"wdio_ui5_key":"applicationmanageresources-display-component---newResourceUnit--btnAddTimeSegment"}]}
RESULT: undefined
COMMAND: POST /session/cda6b29e510b44d9979fdab5b6517565/element - {"using":"xpath","value":"//*[@id=\"application-manageresources-display-component---newResourceUnit--btnAddTimeSegment\"]"}
RESULT: {}
RESULT: {"using":"xpath","value":"//*[@id=\"application-manageresources-display-component---newResourceUnit--btnAddTimeSegment\"]"}
COMMAND: POST /session/cda6b29e510b44d9979fdab5b6517565/element/f.5E866639E2C7498835F0FF88C67C8471.d.E4B60AC04C8D5C85701AD11BFD5256E9.e.13371/click - {}
RESULT: {}
COMMAND: GET /session/cda6b29e510b44d9979fdab5b6517565/screenshot - {}
RESULT: {}
COMMAND: POST /session/cda6b29e510b44d9979fdab5b6517565/element - {"using":"xpath","value":"//input[@id=\"application-manageresources-display-component---newResourceUnit--idRuTSAdmin-application-manageresources-display-component---newResourceUnit--RUTimeSegment-0-inner\"]"}
RESULT: {"using":"xpath","value":"//input[@id=\"application-manageresources-display-component---newResourceUnit--idRuTSAdmin-application-manageresources-display-component---newResourceUnit--RUTimeSegment-0-inner\"]"}
COMMAND: POST /session/cda6b29e510b44d9979fdab5b6517565/element/f.5E866639E2C7498835F0FF88C67C8471.d.E4B60AC04C8D5C85701AD11BFD5256E9.e.13377/clear - {}
RESULT: {}
COMMAND: POST /session/cda6b29e510b44d9979fdab5b6517565/element/f.5E866639E2C7498835F0FF88C67C8471.d.E4B60AC04C8D5C85701AD11BFD5256E9.e.13377/value - {"text":"507"}
COMMAND: GET /session/cda6b29e510b44d9979fdab5b6517565/screenshot - {}
RESULT: {"text":"507"}
COMMAND: GET /session/cda6b29e510b44d9979fdab5b6517565/screenshot - {}
RESULT: {}
RESULT: {}
COMMAND: POST /session/cda6b29e510b44d9979fdab5b6517565/element - {"using":"xpath","value":"//li[.//span[text()='507']]"}
RESULT: {"using":"xpath","value":"//li[.//span[text()='507']]"}
COMMAND: POST /session/cda6b29e510b44d9979fdab5b6517565/element/f.5E866639E2C7498835F0FF88C67C8471.d.E4B60AC04C8D5C85701AD11BFD5256E9.e.13389/click - {}
RESULT: {}
COMMAND: GET /session/cda6b29e510b44d9979fdab5b6517565/screenshot - {}
RESULT: {}
COMMAND: POST /session/cda6b29e510b44d9979fdab5b6517565/element - {"using":"xpath","value":"(//span[contains(@id, \"-application-manageresources-display-component---newResourceUnit--RUTimeSegment-0-arrow\")])[6]"}
RESULT: {"using":"xpath","value":"(//span[contains(@id, \"-application-manageresources-display-component---newResourceUnit--RUTimeSegment-0-arrow\")])[6]"}
COMMAND: POST /session/cda6b29e510b44d9979fdab5b6517565/element/f.5E866639E2C7498835F0FF88C67C8471.d.E4B60AC04C8D5C85701AD11BFD5256E9.e.13390/click - {}
RESULT: {}
COMMAND: GET /session/cda6b29e510b44d9979fdab5b6517565/screenshot - {}
RESULT: {}
COMMAND: POST /session/cda6b29e510b44d9979fdab5b6517565/element - {"using":"xpath","value":"//span[contains(text(), \"PM Order\")]"}
RESULT: {"using":"xpath","value":"//span[contains(text(), \"PM Order\")]"}
COMMAND: POST /session/cda6b29e510b44d9979fdab5b6517565/element/f.5E866639E2C7498835F0FF88C67C8471.d.E4B60AC04C8D5C85701AD11BFD5256E9.e.13393/click - {}
RESULT: {}
COMMAND: GET /session/cda6b29e510b44d9979fdab5b6517565/screenshot - {}
RESULT: {}
COMMAND: POST /session/cda6b29e510b44d9979fdab5b6517565/element - {"using":"xpath","value":"(//span[contains(@id ,\"manageresources-display-component---newResourceUnit--RUTimeSegment-0-vhi\")])[1]"}
RESULT: {"using":"xpath","value":"(//span[contains(@id ,\"manageresources-display-component---newResourceUnit--RUTimeSegment-0-vhi\")])[1]"}
COMMAND: GET /session/cda6b29e510b44d9979fdab5b6517565/element/f.5E866639E2C7498835F0FF88C67C8471.d.E4B60AC04C8D5C85701AD11BFD5256E9.e.13397/rect - {}
RESULT: {}
COMMAND: GET /session/cda6b29e510b44d9979fdab5b6517565/window/rect - {}
RESULT: {}
COMMAND: POST /session/cda6b29e510b44d9979fdab5b6517565/execute/sync - {"script":"<script> [92 bytes]","args":[]}
RESULT: {"script":"<script> [92 bytes]","args":[]}
COMMAND: POST /session/cda6b29e510b44d9979fdab5b6517565/actions - {"actions":[{"id":"action48","type":"wheel","parameters":{},"actions":[{"type":"scroll","x":-869,"y":-24,"deltaX":0,"deltaY":0,"duration":0,"origin":{"element-6066-11e4-a52e-4f735466cecf":"f.5E866639E2C7498835F0FF88C67C8471.d.E4B60AC04C8D5C85701AD11BFD5256E9.e.13397"}}]}]}
COMMAND: GET /session/cda6b29e510b44d9979fdab5b6517565/screenshot - {}
RESULT: {"actions":[{"id":"action48","type":"wheel","parameters":{},"actions":[{"type":"scroll","x":-869,"y":-24,"deltaX":0,"deltaY":0,"duration":0,"origin":{"element-6066-11e4-a52e-4f735466cecf":"f.5E866639E2C7498835F0FF88C67C8471.d.E4B60AC04C8D5C85701AD11BFD5256E9.e.13397"}}]}]}
COMMAND: DELETE /session/cda6b29e510b44d9979fdab5b6517565/actions - {}
COMMAND: GET /session/cda6b29e510b44d9979fdab5b6517565/screenshot - {}
RESULT: {}
RESULT: {}
COMMAND: GET /session/cda6b29e510b44d9979fdab5b6517565/screenshot - {}
RESULT: {}
RESULT: {}
COMMAND: POST /session/cda6b29e510b44d9979fdab5b6517565/element/f.5E866639E2C7498835F0FF88C67C8471.d.E4B60AC04C8D5C85701AD11BFD5256E9.e.13397/click - {}
RESULT: {}
COMMAND: GET /session/cda6b29e510b44d9979fdab5b6517565/screenshot - {}
RESULT: {}
COMMAND: POST /session/cda6b29e510b44d9979fdab5b6517565/execute/async - {"script":"<script> [1562 bytes]","args":[{"selector":{"controlType":"sap.m.SearchField","properties":{"placeholder":"Search"},"searchOpenDialogs":true,"interaction":{"idSuffix":"I"}},"wdio_ui5_key":"sapm.SearchField{\"placeholder\":\"Search\"}"}]}
RESULT: {"script":"<script> [1562 bytes]","args":[{"selector":{"controlType":"sap.m.SearchField","properties":{"placeholder":"Search"},"searchOpenDialogs":true,"interaction":{"idSuffix":"I"}},"wdio_ui5_key":"sapm.SearchField{\"placeholder\":\"Search\"}"}]}
RESULT: undefined
COMMAND: POST /session/cda6b29e510b44d9979fdab5b6517565/execute/async - {"script":"<script> [776 bytes]","args":[{"enterText":"4000360","selector":{"controlType":"sap.m.SearchField","properties":{"placeholder":"Search"},"searchOpenDialogs":true,"interaction":{"idSuffix":"I"}},"clearTextFirst":true,"interactionType":"ENTER_TEXT"}]}
RESULT: {"script":"<script> [776 bytes]","args":[{"enterText":"4000360","selector":{"controlType":"sap.m.SearchField","properties":{"placeholder":"Search"},"searchOpenDialogs":true,"interaction":{"idSuffix":"I"}},"clearTextFirst":true,"interactionType":"ENTER_TEXT"}]}
COMMAND: POST /session/cda6b29e510b44d9979fdab5b6517565/actions - {"actions":[{"id":"action49","type":"key","parameters":{},"actions":[{"type":"keyDown","value":"î€‡"},{"type":"pause","duration":10},{"type":"keyUp","value":"î€‡"}]}]}
RESULT: {"actions":[{"id":"action49","type":"key","parameters":{},"actions":[{"type":"keyDown","value":"î€‡"},{"type":"pause","duration":10},{"type":"keyUp","value":"î€‡"}]}]}
COMMAND: GET /session/cda6b29e510b44d9979fdab5b6517565/screenshot - {}
RESULT: {}
COMMAND: POST /session/cda6b29e510b44d9979fdab5b6517565/element - {"using":"xpath","value":"//td/div/span[contains(text(), \"BGL Vehicles\")]"}
RESULT: {"using":"xpath","value":"//td/div/span[contains(text(), \"BGL Vehicles\")]"}
COMMAND: POST /session/cda6b29e510b44d9979fdab5b6517565/element/f.5E866639E2C7498835F0FF88C67C8471.d.E4B60AC04C8D5C85701AD11BFD5256E9.e.13419/click - {}
RESULT: {}
COMMAND: GET /session/cda6b29e510b44d9979fdab5b6517565/screenshot - {}
RESULT: {}
COMMAND: POST /session/cda6b29e510b44d9979fdab5b6517565/element - {"using":"xpath","value":"//bdi[contains(text(), \"OK\")]"}
RESULT: {"using":"xpath","value":"//bdi[contains(text(), \"OK\")]"}
COMMAND: POST /session/cda6b29e510b44d9979fdab5b6517565/element/f.5E866639E2C7498835F0FF88C67C8471.d.E4B60AC04C8D5C85701AD11BFD5256E9.e.13420/click - {}
RESULT: {}
COMMAND: GET /session/cda6b29e510b44d9979fdab5b6517565/screenshot - {}
RESULT: {}
COMMAND: POST /session/cda6b29e510b44d9979fdab5b6517565/execute/async - {"script":"<script> [1562 bytes]","args":[{"selector":{"id":"application-manageresources-display-component---newResourceUnit--newRRUPage-anchBar-application-manageresources-display-component---newResourceUnit--resource-anchor","interaction":{"idSuffix":"BDI-content"}},"wdio_ui5_key":"applicationmanageresources-display-component---newResourceUnit--newRRUPage-anchBar-application-manageresources-display-component---newResourceUnit--resource-anchor"}]}
RESULT: {"script":"<script> [1562 bytes]","args":[{"selector":{"id":"application-manageresources-display-component---newResourceUnit--newRRUPage-anchBar-application-manageresources-display-component---newResourceUnit--resource-anchor","interaction":{"idSuffix":"BDI-content"}},"wdio_ui5_key":"applicationmanageresources-display-component---newResourceUnit--newRRUPage-anchBar-application-manageresources-display-component---newResourceUnit--resource-anchor"}]}
RESULT: undefined
COMMAND: POST /session/cda6b29e510b44d9979fdab5b6517565/element - {"using":"xpath","value":"//*[@id=\"application-manageresources-display-component---newResourceUnit--newRRUPage-anchBar-application-manageresources-display-component---newResourceUnit--resource-anchor\"]"}
RESULT: {"using":"xpath","value":"//*[@id=\"application-manageresources-display-component---newResourceUnit--newRRUPage-anchBar-application-manageresources-display-component---newResourceUnit--resource-anchor\"]"}
COMMAND: POST /session/cda6b29e510b44d9979fdab5b6517565/element/f.5E866639E2C7498835F0FF88C67C8471.d.E4B60AC04C8D5C85701AD11BFD5256E9.e.13424/click - {}
RESULT: {}
COMMAND: POST /session/cda6b29e510b44d9979fdab5b6517565/execute/async - {"script":"<script> [1562 bytes]","args":[{"selector":{"id":"application-manageresources-display-component---newResourceUnit--PLANNED_DELIVERY_DATE","interaction":{"idSuffix":"inner"}},"wdio_ui5_key":"applicationmanageresources-display-component---newResourceUnit--PLANNED_DELIVERY_DATE"}]}
COMMAND: GET /session/cda6b29e510b44d9979fdab5b6517565/screenshot - {}
RESULT: {"script":"<script> [1562 bytes]","args":[{"selector":{"id":"application-manageresources-display-component---newResourceUnit--PLANNED_DELIVERY_DATE","interaction":{"idSuffix":"inner"}},"wdio_ui5_key":"applicationmanageresources-display-component---newResourceUnit--PLANNED_DELIVERY_DATE"}]}
RESULT: undefined
COMMAND: POST /session/cda6b29e510b44d9979fdab5b6517565/execute/async - {"script":"<script> [6424 bytes]","args":[{"element-6066-11e4-a52e-4f735466cecf":"f.5E866639E2C7498835F0FF88C67C8471.d.E4B60AC04C8D5C85701AD11BFD5256E9.e.13285"},"setValue",["5/17/25"]]}
RESULT: {}
RESULT: {"script":"<script> [6424 bytes]","args":[{"element-6066-11e4-a52e-4f735466cecf":"f.5E866639E2C7498835F0FF88C67C8471.d.E4B60AC04C8D5C85701AD11BFD5256E9.e.13285"},"setValue",["5/17/25"]]}
COMMAND: POST /session/cda6b29e510b44d9979fdab5b6517565/element - {"using":"xpath","value":"//label[contains(@class, 'sapMLabelRequired') and .//bdi[contains(text(), 'Planned Retirement')]]"}
RESULT: {"using":"xpath","value":"//label[contains(@class, 'sapMLabelRequired') and .//bdi[contains(text(), 'Planned Retirement')]]"}
COMMAND: POST /session/cda6b29e510b44d9979fdab5b6517565/elements - {"using":"xpath","value":"//label[contains(@class, 'sapMLabelRequired') and .//bdi[contains(text(), 'Planned Retirement')]]"}
RESULT: {"using":"xpath","value":"//label[contains(@class, 'sapMLabelRequired') and .//bdi[contains(text(), 'Planned Retirement')]]"}
COMMAND: POST /session/cda6b29e510b44d9979fdab5b6517565/element - {"using":"xpath","value":"//button[@data-kt=\"resourceUnitSaveButton\"]"}
RESULT: {"using":"xpath","value":"//button[@data-kt=\"resourceUnitSaveButton\"]"}
COMMAND: POST /session/cda6b29e510b44d9979fdab5b6517565/element/f.5E866639E2C7498835F0FF88C67C8471.d.E4B60AC04C8D5C85701AD11BFD5256E9.e.13245/click - {}
RESULT: {}
COMMAND: GET /session/cda6b29e510b44d9979fdab5b6517565/screenshot - {}
RESULT: {}
COMMAND: POST /session/cda6b29e510b44d9979fdab5b6517565/element - {"using":"xpath","value":"//bdi[contains(text(), \"Close\")]"}
RESULT: {"using":"xpath","value":"//bdi[contains(text(), \"Close\")]"}
COMMAND: POST /session/cda6b29e510b44d9979fdab5b6517565/element/f.5E866639E2C7498835F0FF88C67C8471.d.E4B60AC04C8D5C85701AD11BFD5256E9.e.13434/click - {}
RESULT: {}
COMMAND: GET /session/cda6b29e510b44d9979fdab5b6517565/screenshot - {}
RESULT: {}
COMMAND: POST /session/cda6b29e510b44d9979fdab5b6517565/element - {"using":"xpath","value":"(//button[contains(@id ,\"actionsToolbar-overflowButton\")])[1]"}
RESULT: {"using":"xpath","value":"(//button[contains(@id ,\"actionsToolbar-overflowButton\")])[1]"}
COMMAND: POST /session/cda6b29e510b44d9979fdab5b6517565/element/f.5E866639E2C7498835F0FF88C67C8471.d.E4B60AC04C8D5C85701AD11BFD5256E9.e.13467/click - {}
RESULT: {}
COMMAND: GET /session/cda6b29e510b44d9979fdab5b6517565/screenshot - {}
RESULT: {}
COMMAND: POST /session/cda6b29e510b44d9979fdab5b6517565/element - {"using":"xpath","value":"//button[@data-kt=\"priceInfoButton\"]"}
RESULT: {"using":"xpath","value":"//button[@data-kt=\"priceInfoButton\"]"}
COMMAND: POST /session/cda6b29e510b44d9979fdab5b6517565/element/f.5E866639E2C7498835F0FF88C67C8471.d.E4B60AC04C8D5C85701AD11BFD5256E9.e.13469/click - {}
RESULT: {}
COMMAND: GET /session/cda6b29e510b44d9979fdab5b6517565/screenshot - {}
]]></system-out>
    </testcase>
    <testcase classname="chrome.136_0_7103_93.windows.Billing_transfer_US117289" name="Should create new pricing rule" time="58.713">
      <system-out><![CDATA[
COMMAND: POST /session/cda6b29e510b44d9979fdab5b6517565/element - {"using":"xpath","value":"//button[@data-kt=\"addButton\"]"}
RESULT: {}
RESULT: {"using":"xpath","value":"//button[@data-kt=\"addButton\"]"}
COMMAND: POST /session/cda6b29e510b44d9979fdab5b6517565/elements - {"using":"xpath","value":"//button[@data-kt=\"addButton\"]"}
RESULT: {"using":"xpath","value":"//button[@data-kt=\"addButton\"]"}
COMMAND: POST /session/cda6b29e510b44d9979fdab5b6517565/execute/sync - {"script":"<script> [8489 bytes]","args":[{"element-6066-11e4-a52e-4f735466cecf":"f.5E866639E2C7498835F0FF88C67C8471.d.E4B60AC04C8D5C85701AD11BFD5256E9.e.13505","ELEMENT":"f.5E866639E2C7498835F0FF88C67C8471.d.E4B60AC04C8D5C85701AD11BFD5256E9.e.13505"}]}
RESULT: {"script":"<script> [8489 bytes]","args":[{"element-6066-11e4-a52e-4f735466cecf":"f.5E866639E2C7498835F0FF88C67C8471.d.E4B60AC04C8D5C85701AD11BFD5256E9.e.13505","ELEMENT":"f.5E866639E2C7498835F0FF88C67C8471.d.E4B60AC04C8D5C85701AD11BFD5256E9.e.13505"}]}
COMMAND: GET /session/cda6b29e510b44d9979fdab5b6517565/element/f.5E866639E2C7498835F0FF88C67C8471.d.E4B60AC04C8D5C85701AD11BFD5256E9.e.13505/enabled - {}
COMMAND: GET /session/cda6b29e510b44d9979fdab5b6517565/screenshot - {}
RESULT: {}
COMMAND: POST /session/cda6b29e510b44d9979fdab5b6517565/execute/sync - {"script":"<script> [8489 bytes]","args":[{"element-6066-11e4-a52e-4f735466cecf":"f.5E866639E2C7498835F0FF88C67C8471.d.E4B60AC04C8D5C85701AD11BFD5256E9.e.13505","ELEMENT":"f.5E866639E2C7498835F0FF88C67C8471.d.E4B60AC04C8D5C85701AD11BFD5256E9.e.13505"}]}
COMMAND: GET /session/cda6b29e510b44d9979fdab5b6517565/screenshot - {}
RESULT: {}
RESULT: {"script":"<script> [8489 bytes]","args":[{"element-6066-11e4-a52e-4f735466cecf":"f.5E866639E2C7498835F0FF88C67C8471.d.E4B60AC04C8D5C85701AD11BFD5256E9.e.13505","ELEMENT":"f.5E866639E2C7498835F0FF88C67C8471.d.E4B60AC04C8D5C85701AD11BFD5256E9.e.13505"}]}
COMMAND: POST /session/cda6b29e510b44d9979fdab5b6517565/execute/sync - {"script":"<script> [5351 bytes]","args":[{"element-6066-11e4-a52e-4f735466cecf":"f.5E866639E2C7498835F0FF88C67C8471.d.E4B60AC04C8D5C85701AD11BFD5256E9.e.13505","ELEMENT":"f.5E866639E2C7498835F0FF88C67C8471.d.E4B60AC04C8D5C85701AD11BFD5256E9.e.13505"}]}
RESULT: {}
COMMAND: GET /session/cda6b29e510b44d9979fdab5b6517565/screenshot - {}
RESULT: {"script":"<script> [5351 bytes]","args":[{"element-6066-11e4-a52e-4f735466cecf":"f.5E866639E2C7498835F0FF88C67C8471.d.E4B60AC04C8D5C85701AD11BFD5256E9.e.13505","ELEMENT":"f.5E866639E2C7498835F0FF88C67C8471.d.E4B60AC04C8D5C85701AD11BFD5256E9.e.13505"}]}
COMMAND: POST /session/cda6b29e510b44d9979fdab5b6517565/element/f.5E866639E2C7498835F0FF88C67C8471.d.E4B60AC04C8D5C85701AD11BFD5256E9.e.13505/click - {}
COMMAND: GET /session/cda6b29e510b44d9979fdab5b6517565/screenshot - {}
RESULT: {}
RESULT: {}
COMMAND: GET /session/cda6b29e510b44d9979fdab5b6517565/screenshot - {}
RESULT: {}
RESULT: {}
COMMAND: POST /session/cda6b29e510b44d9979fdab5b6517565/execute/async - {"script":"<script> [1562 bytes]","args":[{"selector":{"controlType":"sap.m.Title","viewName":"etm.portal.ui.managepricingrules.view.NewItem","viewId":"application-managepricingrules-display-component---newInfoPriceItem","properties":{"text":"New Pricing Rules - Item Level"}},"wdio_ui5_key":"etmportal.ui.managepricingrules.view.NewItemsap.m.Title{\"text\":\"New Pricing Rules - Item Level\"}"}]}
RESULT: {"script":"<script> [1562 bytes]","args":[{"selector":{"controlType":"sap.m.Title","viewName":"etm.portal.ui.managepricingrules.view.NewItem","viewId":"application-managepricingrules-display-component---newInfoPriceItem","properties":{"text":"New Pricing Rules - Item Level"}},"wdio_ui5_key":"etmportal.ui.managepricingrules.view.NewItemsap.m.Title{\"text\":\"New Pricing Rules - Item Level\"}"}]}
RESULT: undefined
COMMAND: POST /session/cda6b29e510b44d9979fdab5b6517565/execute/async - {"script":"<script> [6424 bytes]","args":[{"element-6066-11e4-a52e-4f735466cecf":"f.5E866639E2C7498835F0FF88C67C8471.d.E4B60AC04C8D5C85701AD11BFD5256E9.e.13579"},"getText",[]]}
RESULT: {"script":"<script> [6424 bytes]","args":[{"element-6066-11e4-a52e-4f735466cecf":"f.5E866639E2C7498835F0FF88C67C8471.d.E4B60AC04C8D5C85701AD11BFD5256E9.e.13579"},"getText",[]]}
COMMAND: POST /session/cda6b29e510b44d9979fdab5b6517565/execute/async - {"script":"<script> [1562 bytes]","args":[{"selector":{"id":"application-managepricingrules-display-component---newInfoPriceItem--condValidTo","interaction":{"idSuffix":"inner"}},"wdio_ui5_key":"applicationmanagepricingrules-display-component---newInfoPriceItem--condValidTo"}]}
RESULT: {"script":"<script> [1562 bytes]","args":[{"selector":{"id":"application-managepricingrules-display-component---newInfoPriceItem--condValidTo","interaction":{"idSuffix":"inner"}},"wdio_ui5_key":"applicationmanagepricingrules-display-component---newInfoPriceItem--condValidTo"}]}
RESULT: undefined
COMMAND: POST /session/cda6b29e510b44d9979fdab5b6517565/execute/async - {"script":"<script> [776 bytes]","args":[{"enterText":"1/17/26","selector":{"id":"application-managepricingrules-display-component---newInfoPriceItem--condValidTo","interaction":{"idSuffix":"inner"}},"clearTextFirst":true,"interactionType":"ENTER_TEXT"}]}
RESULT: {"script":"<script> [776 bytes]","args":[{"enterText":"1/17/26","selector":{"id":"application-managepricingrules-display-component---newInfoPriceItem--condValidTo","interaction":{"idSuffix":"inner"}},"clearTextFirst":true,"interactionType":"ENTER_TEXT"}]}
COMMAND: POST /session/cda6b29e510b44d9979fdab5b6517565/execute/async - {"script":"<script> [1562 bytes]","args":[{"selector":{"id":"application-managepricingrules-display-component---newInfoPriceItem--billType-arrow"},"wdio_ui5_key":"applicationmanagepricingrules-display-component---newInfoPriceItem--billType-arrow"}]}
RESULT: {"script":"<script> [1562 bytes]","args":[{"selector":{"id":"application-managepricingrules-display-component---newInfoPriceItem--billType-arrow"},"wdio_ui5_key":"applicationmanagepricingrules-display-component---newInfoPriceItem--billType-arrow"}]}
RESULT: undefined
COMMAND: POST /session/cda6b29e510b44d9979fdab5b6517565/element - {"using":"xpath","value":"//*[@id=\"application-managepricingrules-display-component---newInfoPriceItem--billType-arrow\"]"}
RESULT: {"using":"xpath","value":"//*[@id=\"application-managepricingrules-display-component---newInfoPriceItem--billType-arrow\"]"}
COMMAND: POST /session/cda6b29e510b44d9979fdab5b6517565/element/f.5E866639E2C7498835F0FF88C67C8471.d.E4B60AC04C8D5C85701AD11BFD5256E9.e.13635/click - {}
RESULT: {}
COMMAND: POST /session/cda6b29e510b44d9979fdab5b6517565/element - {"using":"xpath","value":"//span[contains(text(), \"TB - Time based\")]"}
COMMAND: GET /session/cda6b29e510b44d9979fdab5b6517565/screenshot - {}
RESULT: {"using":"xpath","value":"//span[contains(text(), \"TB - Time based\")]"}
COMMAND: POST /session/cda6b29e510b44d9979fdab5b6517565/element/f.5E866639E2C7498835F0FF88C67C8471.d.E4B60AC04C8D5C85701AD11BFD5256E9.e.13680/click - {}
RESULT: {}
RESULT: {}
COMMAND: POST /session/cda6b29e510b44d9979fdab5b6517565/execute/async - {"script":"<script> [1562 bytes]","args":[{"selector":{"id":"application-managepricingrules-display-component---newInfoPriceItem--priceProc-arrow"},"wdio_ui5_key":"applicationmanagepricingrules-display-component---newInfoPriceItem--priceProc-arrow"}]}
COMMAND: GET /session/cda6b29e510b44d9979fdab5b6517565/screenshot - {}
RESULT: {"script":"<script> [1562 bytes]","args":[{"selector":{"id":"application-managepricingrules-display-component---newInfoPriceItem--priceProc-arrow"},"wdio_ui5_key":"applicationmanagepricingrules-display-component---newInfoPriceItem--priceProc-arrow"}]}
RESULT: undefined
COMMAND: POST /session/cda6b29e510b44d9979fdab5b6517565/element - {"using":"xpath","value":"//*[@id=\"application-managepricingrules-display-component---newInfoPriceItem--priceProc-arrow\"]"}
RESULT: {}
RESULT: {"using":"xpath","value":"//*[@id=\"application-managepricingrules-display-component---newInfoPriceItem--priceProc-arrow\"]"}
COMMAND: POST /session/cda6b29e510b44d9979fdab5b6517565/element/f.5E866639E2C7498835F0FF88C67C8471.d.E4B60AC04C8D5C85701AD11BFD5256E9.e.13642/click - {}
RESULT: {}
COMMAND: POST /session/cda6b29e510b44d9979fdab5b6517565/element - {"using":"xpath","value":"//span[contains(text(), \"TBS - Time based standard\")]"}
COMMAND: GET /session/cda6b29e510b44d9979fdab5b6517565/screenshot - {}
RESULT: {"using":"xpath","value":"//span[contains(text(), \"TBS - Time based standard\")]"}
COMMAND: POST /session/cda6b29e510b44d9979fdab5b6517565/element/f.5E866639E2C7498835F0FF88C67C8471.d.E4B60AC04C8D5C85701AD11BFD5256E9.e.13681/click - {}
RESULT: {}
RESULT: {}
COMMAND: POST /session/cda6b29e510b44d9979fdab5b6517565/execute/async - {"script":"<script> [1562 bytes]","args":[{"selector":{"id":"application-managepricingrules-display-component---newInfoPriceItem--calcBase-arrow"},"wdio_ui5_key":"applicationmanagepricingrules-display-component---newInfoPriceItem--calcBase-arrow"}]}
COMMAND: GET /session/cda6b29e510b44d9979fdab5b6517565/screenshot - {}
RESULT: {"script":"<script> [1562 bytes]","args":[{"selector":{"id":"application-managepricingrules-display-component---newInfoPriceItem--calcBase-arrow"},"wdio_ui5_key":"applicationmanagepricingrules-display-component---newInfoPriceItem--calcBase-arrow"}]}
RESULT: undefined
COMMAND: POST /session/cda6b29e510b44d9979fdab5b6517565/element - {"using":"xpath","value":"//*[@id=\"application-managepricingrules-display-component---newInfoPriceItem--calcBase-arrow\"]"}
RESULT: {}
RESULT: {"using":"xpath","value":"//*[@id=\"application-managepricingrules-display-component---newInfoPriceItem--calcBase-arrow\"]"}
COMMAND: POST /session/cda6b29e510b44d9979fdab5b6517565/element/f.5E866639E2C7498835F0FF88C67C8471.d.E4B60AC04C8D5C85701AD11BFD5256E9.e.13649/click - {}
RESULT: {}
COMMAND: GET /session/cda6b29e510b44d9979fdab5b6517565/screenshot - {}
RESULT: {}
COMMAND: POST /session/cda6b29e510b44d9979fdab5b6517565/element - {"using":"xpath","value":"//span[contains(text(), \"0006 - TB(calendar days)\")]"}
RESULT: {"using":"xpath","value":"//span[contains(text(), \"0006 - TB(calendar days)\")]"}
COMMAND: POST /session/cda6b29e510b44d9979fdab5b6517565/element/f.5E866639E2C7498835F0FF88C67C8471.d.E4B60AC04C8D5C85701AD11BFD5256E9.e.13682/click - {}
RESULT: {}
COMMAND: GET /session/cda6b29e510b44d9979fdab5b6517565/screenshot - {}
RESULT: {}
COMMAND: POST /session/cda6b29e510b44d9979fdab5b6517565/execute/async - {"script":"<script> [1562 bytes]","args":[{"selector":{"id":"application-managepricingrules-display-component---newInfoPriceItem--daysMonth","interaction":{"idSuffix":"inner"}},"wdio_ui5_key":"applicationmanagepricingrules-display-component---newInfoPriceItem--daysMonth"}]}
RESULT: {"script":"<script> [1562 bytes]","args":[{"selector":{"id":"application-managepricingrules-display-component---newInfoPriceItem--daysMonth","interaction":{"idSuffix":"inner"}},"wdio_ui5_key":"applicationmanagepricingrules-display-component---newInfoPriceItem--daysMonth"}]}
RESULT: undefined
COMMAND: POST /session/cda6b29e510b44d9979fdab5b6517565/execute/async - {"script":"<script> [776 bytes]","args":[{"enterText":"30","selector":{"id":"application-managepricingrules-display-component---newInfoPriceItem--daysMonth","interaction":{"idSuffix":"inner"}},"clearTextFirst":true,"interactionType":"ENTER_TEXT"}]}
RESULT: {"script":"<script> [776 bytes]","args":[{"enterText":"30","selector":{"id":"application-managepricingrules-display-component---newInfoPriceItem--daysMonth","interaction":{"idSuffix":"inner"}},"clearTextFirst":true,"interactionType":"ENTER_TEXT"}]}
COMMAND: POST /session/cda6b29e510b44d9979fdab5b6517565/element - {"using":"xpath","value":"//button[@data-kt=\"saveNewRuleButton\"]"}
RESULT: {"using":"xpath","value":"//button[@data-kt=\"saveNewRuleButton\"]"}
COMMAND: POST /session/cda6b29e510b44d9979fdab5b6517565/element/f.5E866639E2C7498835F0FF88C67C8471.d.E4B60AC04C8D5C85701AD11BFD5256E9.e.13670/click - {}
RESULT: {}
COMMAND: GET /session/cda6b29e510b44d9979fdab5b6517565/screenshot - {}
RESULT: {}
COMMAND: POST /session/cda6b29e510b44d9979fdab5b6517565/execute/async - {"script":"<script> [1562 bytes]","args":[{"selector":{"id":"application-managepricingrules-display-component---priceInfoItem--smartFilterBar-btnBasicSearch","interaction":{"idSuffix":"I"}},"wdio_ui5_key":"applicationmanagepricingrules-display-component---priceInfoItem--smartFilterBar-btnBasicSearch"}]}
RESULT: {"script":"<script> [1562 bytes]","args":[{"selector":{"id":"application-managepricingrules-display-component---priceInfoItem--smartFilterBar-btnBasicSearch","interaction":{"idSuffix":"I"}},"wdio_ui5_key":"applicationmanagepricingrules-display-component---priceInfoItem--smartFilterBar-btnBasicSearch"}]}
RESULT: undefined
COMMAND: POST /session/cda6b29e510b44d9979fdab5b6517565/execute/async - {"script":"<script> [776 bytes]","args":[{"enterText":"itmwrBT7WF","selector":{"id":"application-managepricingrules-display-component---priceInfoItem--smartFilterBar-btnBasicSearch","interaction":{"idSuffix":"I"}},"clearTextFirst":true,"interactionType":"ENTER_TEXT"}]}
RESULT: {"script":"<script> [776 bytes]","args":[{"enterText":"itmwrBT7WF","selector":{"id":"application-managepricingrules-display-component---priceInfoItem--smartFilterBar-btnBasicSearch","interaction":{"idSuffix":"I"}},"clearTextFirst":true,"interactionType":"ENTER_TEXT"}]}
COMMAND: POST /session/cda6b29e510b44d9979fdab5b6517565/actions - {"actions":[{"id":"action50","type":"key","parameters":{},"actions":[{"type":"keyDown","value":"î€‡"},{"type":"pause","duration":10},{"type":"keyUp","value":"î€‡"}]}]}
RESULT: {"actions":[{"id":"action50","type":"key","parameters":{},"actions":[{"type":"keyDown","value":"î€‡"},{"type":"pause","duration":10},{"type":"keyUp","value":"î€‡"}]}]}
COMMAND: GET /session/cda6b29e510b44d9979fdab5b6517565/screenshot - {}
RESULT: {}
COMMAND: POST /session/cda6b29e510b44d9979fdab5b6517565/element - {"using":"xpath","value":"//span[@id=\"application-managepricingrules-display-component---priceInfoItem--smartTable-header-inner\"]"}
RESULT: {"using":"xpath","value":"//span[@id=\"application-managepricingrules-display-component---priceInfoItem--smartTable-header-inner\"]"}
COMMAND: POST /session/cda6b29e510b44d9979fdab5b6517565/elements - {"using":"xpath","value":"//span[@id=\"application-managepricingrules-display-component---priceInfoItem--smartTable-header-inner\"]"}
RESULT: {"using":"xpath","value":"//span[@id=\"application-managepricingrules-display-component---priceInfoItem--smartTable-header-inner\"]"}
COMMAND: POST /session/cda6b29e510b44d9979fdab5b6517565/execute/sync - {"script":"<script> [56 bytes]","args":[{"element-6066-11e4-a52e-4f735466cecf":"f.5E866639E2C7498835F0FF88C67C8471.d.E4B60AC04C8D5C85701AD11BFD5256E9.e.13707","ELEMENT":"f.5E866639E2C7498835F0FF88C67C8471.d.E4B60AC04C8D5C85701AD11BFD5256E9.e.13707"}]}
RESULT: {"script":"<script> [56 bytes]","args":[{"element-6066-11e4-a52e-4f735466cecf":"f.5E866639E2C7498835F0FF88C67C8471.d.E4B60AC04C8D5C85701AD11BFD5256E9.e.13707","ELEMENT":"f.5E866639E2C7498835F0FF88C67C8471.d.E4B60AC04C8D5C85701AD11BFD5256E9.e.13707"}]}
COMMAND: POST /session/cda6b29e510b44d9979fdab5b6517565/element - {"using":"css selector","value":"#shell-header-logo"}
COMMAND: GET /session/cda6b29e510b44d9979fdab5b6517565/screenshot - {}
RESULT: {"using":"css selector","value":"#shell-header-logo"}
COMMAND: POST /session/cda6b29e510b44d9979fdab5b6517565/element/f.5E866639E2C7498835F0FF88C67C8471.d.E4B60AC04C8D5C85701AD11BFD5256E9.e.12843/click - {}
RESULT: {}
RESULT: {}
COMMAND: GET /session/cda6b29e510b44d9979fdab5b6517565/screenshot - {}
RESULT: {}
]]></system-out>
    </testcase>
    <testcase classname="chrome.136_0_7103_93.windows.Billing_transfer_US117289" name="Should create new condition for equipment" time="69.284">
      <system-out><![CDATA[
COMMAND: POST /session/cda6b29e510b44d9979fdab5b6517565/execute/async - {"script":"<script> [1562 bytes]","args":[{"selector":{"controlType":"sap.m.GenericTile","properties":{"header":"Manage Conditions & Prices"}},"wdio_ui5_key":"sapm.GenericTile{\"header\":\"Manage Conditions & Prices\"}"}]}
RESULT: {"script":"<script> [1562 bytes]","args":[{"selector":{"controlType":"sap.m.GenericTile","properties":{"header":"Manage Conditions & Prices"}},"wdio_ui5_key":"sapm.GenericTile{\"header\":\"Manage Conditions & Prices\"}"}]}
RESULT: undefined
COMMAND: POST /session/cda6b29e510b44d9979fdab5b6517565/element - {"using":"xpath","value":"//*[@id=\"__tile53\"]"}
RESULT: {"using":"xpath","value":"//*[@id=\"__tile53\"]"}
COMMAND: POST /session/cda6b29e510b44d9979fdab5b6517565/element/f.5E866639E2C7498835F0FF88C67C8471.d.E4B60AC04C8D5C85701AD11BFD5256E9.e.12779/click - {}
RESULT: {}
COMMAND: GET /session/cda6b29e510b44d9979fdab5b6517565/screenshot - {}
RESULT: {}
COMMAND: POST /session/cda6b29e510b44d9979fdab5b6517565/elements - {"using":"xpath","value":"//span[text()='Error']"}
RESULT: {"using":"xpath","value":"//span[text()='Error']"}
COMMAND: POST /session/cda6b29e510b44d9979fdab5b6517565/element - {"using":"xpath","value":"//button[@aria-label=\"Create\"]"}
RESULT: {"using":"xpath","value":"//button[@aria-label=\"Create\"]"}
COMMAND: POST /session/cda6b29e510b44d9979fdab5b6517565/elements - {"using":"xpath","value":"//button[@aria-label=\"Create\"]"}
RESULT: {"using":"xpath","value":"//button[@aria-label=\"Create\"]"}
COMMAND: POST /session/cda6b29e510b44d9979fdab5b6517565/execute/sync - {"script":"<script> [8489 bytes]","args":[{"element-6066-11e4-a52e-4f735466cecf":"f.5E866639E2C7498835F0FF88C67C8471.d.E4B60AC04C8D5C85701AD11BFD5256E9.e.13742","ELEMENT":"f.5E866639E2C7498835F0FF88C67C8471.d.E4B60AC04C8D5C85701AD11BFD5256E9.e.13742"}]}
RESULT: {"script":"<script> [8489 bytes]","args":[{"element-6066-11e4-a52e-4f735466cecf":"f.5E866639E2C7498835F0FF88C67C8471.d.E4B60AC04C8D5C85701AD11BFD5256E9.e.13742","ELEMENT":"f.5E866639E2C7498835F0FF88C67C8471.d.E4B60AC04C8D5C85701AD11BFD5256E9.e.13742"}]}
COMMAND: GET /session/cda6b29e510b44d9979fdab5b6517565/element/f.5E866639E2C7498835F0FF88C67C8471.d.E4B60AC04C8D5C85701AD11BFD5256E9.e.13742/enabled - {}
COMMAND: GET /session/cda6b29e510b44d9979fdab5b6517565/screenshot - {}
RESULT: {}
COMMAND: POST /session/cda6b29e510b44d9979fdab5b6517565/execute/sync - {"script":"<script> [8489 bytes]","args":[{"element-6066-11e4-a52e-4f735466cecf":"f.5E866639E2C7498835F0FF88C67C8471.d.E4B60AC04C8D5C85701AD11BFD5256E9.e.13742","ELEMENT":"f.5E866639E2C7498835F0FF88C67C8471.d.E4B60AC04C8D5C85701AD11BFD5256E9.e.13742"}]}
COMMAND: GET /session/cda6b29e510b44d9979fdab5b6517565/screenshot - {}
RESULT: {}
RESULT: {"script":"<script> [8489 bytes]","args":[{"element-6066-11e4-a52e-4f735466cecf":"f.5E866639E2C7498835F0FF88C67C8471.d.E4B60AC04C8D5C85701AD11BFD5256E9.e.13742","ELEMENT":"f.5E866639E2C7498835F0FF88C67C8471.d.E4B60AC04C8D5C85701AD11BFD5256E9.e.13742"}]}
COMMAND: POST /session/cda6b29e510b44d9979fdab5b6517565/execute/sync - {"script":"<script> [5351 bytes]","args":[{"element-6066-11e4-a52e-4f735466cecf":"f.5E866639E2C7498835F0FF88C67C8471.d.E4B60AC04C8D5C85701AD11BFD5256E9.e.13742","ELEMENT":"f.5E866639E2C7498835F0FF88C67C8471.d.E4B60AC04C8D5C85701AD11BFD5256E9.e.13742"}]}
COMMAND: GET /session/cda6b29e510b44d9979fdab5b6517565/screenshot - {}
RESULT: {}
RESULT: {"script":"<script> [5351 bytes]","args":[{"element-6066-11e4-a52e-4f735466cecf":"f.5E866639E2C7498835F0FF88C67C8471.d.E4B60AC04C8D5C85701AD11BFD5256E9.e.13742","ELEMENT":"f.5E866639E2C7498835F0FF88C67C8471.d.E4B60AC04C8D5C85701AD11BFD5256E9.e.13742"}]}
COMMAND: POST /session/cda6b29e510b44d9979fdab5b6517565/element/f.5E866639E2C7498835F0FF88C67C8471.d.E4B60AC04C8D5C85701AD11BFD5256E9.e.13742/click - {}
COMMAND: GET /session/cda6b29e510b44d9979fdab5b6517565/screenshot - {}
RESULT: {}
RESULT: {}
COMMAND: GET /session/cda6b29e510b44d9979fdab5b6517565/screenshot - {}
RESULT: {}
RESULT: {}
COMMAND: POST /session/cda6b29e510b44d9979fdab5b6517565/actions - {"actions":[{"id":"action51","type":"key","parameters":{},"actions":[{"type":"keyDown","value":"î€‡"},{"type":"pause","duration":10},{"type":"keyUp","value":"î€‡"}]}]}
RESULT: {"actions":[{"id":"action51","type":"key","parameters":{},"actions":[{"type":"keyDown","value":"î€‡"},{"type":"pause","duration":10},{"type":"keyUp","value":"î€‡"}]}]}
COMMAND: GET /session/cda6b29e510b44d9979fdab5b6517565/screenshot - {}
RESULT: {}
COMMAND: POST /session/cda6b29e510b44d9979fdab5b6517565/execute/async - {"script":"<script> [1562 bytes]","args":[{"selector":{"id":"application-manageconditionprice-display-component---newCondition--condBillCond-arrow"},"wdio_ui5_key":"applicationmanageconditionprice-display-component---newCondition--condBillCond-arrow"}]}
RESULT: {"script":"<script> [1562 bytes]","args":[{"selector":{"id":"application-manageconditionprice-display-component---newCondition--condBillCond-arrow"},"wdio_ui5_key":"applicationmanageconditionprice-display-component---newCondition--condBillCond-arrow"}]}
RESULT: undefined
COMMAND: POST /session/cda6b29e510b44d9979fdab5b6517565/element - {"using":"xpath","value":"//*[@id=\"application-manageconditionprice-display-component---newCondition--condBillCond-arrow\"]"}
RESULT: {"using":"xpath","value":"//*[@id=\"application-manageconditionprice-display-component---newCondition--condBillCond-arrow\"]"}
COMMAND: POST /session/cda6b29e510b44d9979fdab5b6517565/element/f.5E866639E2C7498835F0FF88C67C8471.d.E4B60AC04C8D5C85701AD11BFD5256E9.e.13921/click - {}
RESULT: {}
COMMAND: GET /session/cda6b29e510b44d9979fdab5b6517565/screenshot - {}
RESULT: {}
COMMAND: POST /session/cda6b29e510b44d9979fdab5b6517565/element - {"using":"xpath","value":"//li[.//span[contains(text(), \"DISP - D&I special price\")]]"}
RESULT: {"using":"xpath","value":"//li[.//span[contains(text(), \"DISP - D&I special price\")]]"}
COMMAND: POST /session/cda6b29e510b44d9979fdab5b6517565/element/f.5E866639E2C7498835F0FF88C67C8471.d.E4B60AC04C8D5C85701AD11BFD5256E9.e.13925/click - {}
RESULT: {}
COMMAND: GET /session/cda6b29e510b44d9979fdab5b6517565/screenshot - {}
RESULT: {}
COMMAND: POST /session/cda6b29e510b44d9979fdab5b6517565/execute/async - {"script":"<script> [1562 bytes]","args":[{"selector":{"id":"application-manageconditionprice-display-component---newCondition--condValidTo","interaction":{"idSuffix":"inner"}},"wdio_ui5_key":"applicationmanageconditionprice-display-component---newCondition--condValidTo"}]}
RESULT: {"script":"<script> [1562 bytes]","args":[{"selector":{"id":"application-manageconditionprice-display-component---newCondition--condValidTo","interaction":{"idSuffix":"inner"}},"wdio_ui5_key":"applicationmanageconditionprice-display-component---newCondition--condValidTo"}]}
RESULT: undefined
COMMAND: POST /session/cda6b29e510b44d9979fdab5b6517565/execute/async - {"script":"<script> [776 bytes]","args":[{"enterText":"1/17/26","selector":{"id":"application-manageconditionprice-display-component---newCondition--condValidTo","interaction":{"idSuffix":"inner"}},"clearTextFirst":true,"interactionType":"ENTER_TEXT"}]}
RESULT: {"script":"<script> [776 bytes]","args":[{"enterText":"1/17/26","selector":{"id":"application-manageconditionprice-display-component---newCondition--condValidTo","interaction":{"idSuffix":"inner"}},"clearTextFirst":true,"interactionType":"ENTER_TEXT"}]}
COMMAND: POST /session/cda6b29e510b44d9979fdab5b6517565/element - {"using":"xpath","value":"//input[@id=\"application-manageconditionprice-display-component---newCondition--condRU-inner\"]"}
RESULT: {"using":"xpath","value":"//input[@id=\"application-manageconditionprice-display-component---newCondition--condRU-inner\"]"}
COMMAND: POST /session/cda6b29e510b44d9979fdab5b6517565/element/f.5E866639E2C7498835F0FF88C67C8471.d.E4B60AC04C8D5C85701AD11BFD5256E9.e.13759/clear - {}
RESULT: {}
COMMAND: POST /session/cda6b29e510b44d9979fdab5b6517565/element/f.5E866639E2C7498835F0FF88C67C8471.d.E4B60AC04C8D5C85701AD11BFD5256E9.e.13759/value - {"text":"itmwrBT7WF"}
COMMAND: GET /session/cda6b29e510b44d9979fdab5b6517565/screenshot - {}
RESULT: {"text":"itmwrBT7WF"}
COMMAND: GET /session/cda6b29e510b44d9979fdab5b6517565/screenshot - {}
RESULT: {}
RESULT: {}
COMMAND: POST /session/cda6b29e510b44d9979fdab5b6517565/actions - {"actions":[{"id":"action52","type":"key","parameters":{},"actions":[{"type":"keyDown","value":"î€‡"},{"type":"pause","duration":10},{"type":"keyUp","value":"î€‡"}]}]}
RESULT: {"actions":[{"id":"action52","type":"key","parameters":{},"actions":[{"type":"keyDown","value":"î€‡"},{"type":"pause","duration":10},{"type":"keyUp","value":"î€‡"}]}]}
COMMAND: POST /session/cda6b29e510b44d9979fdab5b6517565/execute/async - {"script":"<script> [1562 bytes]","args":[{"selector":{"id":"application-manageconditionprice-display-component---newCondition--condBaseQty","interaction":{"idSuffix":"inner"}},"wdio_ui5_key":"applicationmanageconditionprice-display-component---newCondition--condBaseQty"}]}
COMMAND: GET /session/cda6b29e510b44d9979fdab5b6517565/screenshot - {}
RESULT: {}
RESULT: {"script":"<script> [1562 bytes]","args":[{"selector":{"id":"application-manageconditionprice-display-component---newCondition--condBaseQty","interaction":{"idSuffix":"inner"}},"wdio_ui5_key":"applicationmanageconditionprice-display-component---newCondition--condBaseQty"}]}
RESULT: undefined
COMMAND: POST /session/cda6b29e510b44d9979fdab5b6517565/execute/async - {"script":"<script> [776 bytes]","args":[{"enterText":"1","selector":{"id":"application-manageconditionprice-display-component---newCondition--condBaseQty","interaction":{"idSuffix":"inner"}},"clearTextFirst":true,"interactionType":"ENTER_TEXT"}]}
RESULT: {"script":"<script> [776 bytes]","args":[{"enterText":"1","selector":{"id":"application-manageconditionprice-display-component---newCondition--condBaseQty","interaction":{"idSuffix":"inner"}},"clearTextFirst":true,"interactionType":"ENTER_TEXT"}]}
COMMAND: POST /session/cda6b29e510b44d9979fdab5b6517565/execute/async - {"script":"<script> [1562 bytes]","args":[{"selector":{"id":"application-manageconditionprice-display-component---newCondition--condValue","interaction":{"idSuffix":"inner"}},"wdio_ui5_key":"applicationmanageconditionprice-display-component---newCondition--condValue"}]}
RESULT: {"script":"<script> [1562 bytes]","args":[{"selector":{"id":"application-manageconditionprice-display-component---newCondition--condValue","interaction":{"idSuffix":"inner"}},"wdio_ui5_key":"applicationmanageconditionprice-display-component---newCondition--condValue"}]}
RESULT: undefined
COMMAND: POST /session/cda6b29e510b44d9979fdab5b6517565/execute/async - {"script":"<script> [776 bytes]","args":[{"enterText":"100","selector":{"id":"application-manageconditionprice-display-component---newCondition--condValue","interaction":{"idSuffix":"inner"}},"clearTextFirst":true,"interactionType":"ENTER_TEXT"}]}
RESULT: {"script":"<script> [776 bytes]","args":[{"enterText":"100","selector":{"id":"application-manageconditionprice-display-component---newCondition--condValue","interaction":{"idSuffix":"inner"}},"clearTextFirst":true,"interactionType":"ENTER_TEXT"}]}
COMMAND: POST /session/cda6b29e510b44d9979fdab5b6517565/execute/async - {"script":"<script> [1562 bytes]","args":[{"selector":{"id":"application-manageconditionprice-display-component---newCondition--condCurr-arrow"},"wdio_ui5_key":"applicationmanageconditionprice-display-component---newCondition--condCurr-arrow"}]}
RESULT: {"script":"<script> [1562 bytes]","args":[{"selector":{"id":"application-manageconditionprice-display-component---newCondition--condCurr-arrow"},"wdio_ui5_key":"applicationmanageconditionprice-display-component---newCondition--condCurr-arrow"}]}
RESULT: undefined
COMMAND: POST /session/cda6b29e510b44d9979fdab5b6517565/element - {"using":"xpath","value":"//*[@id=\"application-manageconditionprice-display-component---newCondition--condCurr-arrow\"]"}
RESULT: {"using":"xpath","value":"//*[@id=\"application-manageconditionprice-display-component---newCondition--condCurr-arrow\"]"}
COMMAND: POST /session/cda6b29e510b44d9979fdab5b6517565/element/f.5E866639E2C7498835F0FF88C67C8471.d.E4B60AC04C8D5C85701AD11BFD5256E9.e.13902/click - {}
RESULT: {}
COMMAND: POST /session/cda6b29e510b44d9979fdab5b6517565/element - {"using":"xpath","value":"//span[contains(text(), \"Euro\")]"}
COMMAND: GET /session/cda6b29e510b44d9979fdab5b6517565/screenshot - {}
RESULT: {"using":"xpath","value":"//span[contains(text(), \"Euro\")]"}
COMMAND: POST /session/cda6b29e510b44d9979fdab5b6517565/element/f.5E866639E2C7498835F0FF88C67C8471.d.E4B60AC04C8D5C85701AD11BFD5256E9.e.13963/click - {}
RESULT: {}
RESULT: {}
COMMAND: POST /session/cda6b29e510b44d9979fdab5b6517565/element - {"using":"xpath","value":"//button[@data-kt=\"saveButton\"]"}
COMMAND: GET /session/cda6b29e510b44d9979fdab5b6517565/screenshot - {}
RESULT: {"using":"xpath","value":"//button[@data-kt=\"saveButton\"]"}
COMMAND: POST /session/cda6b29e510b44d9979fdab5b6517565/element/f.5E866639E2C7498835F0FF88C67C8471.d.E4B60AC04C8D5C85701AD11BFD5256E9.e.13903/click - {}
RESULT: {}
RESULT: {}
COMMAND: GET /session/cda6b29e510b44d9979fdab5b6517565/screenshot - {}
RESULT: {}
COMMAND: POST /session/cda6b29e510b44d9979fdab5b6517565/execute/async - {"script":"<script> [1562 bytes]","args":[{"selector":{"id":"application-manageconditionprice-display-component---conditions--smartFilterBar-btnBasicSearch","interaction":{"idSuffix":"I"}},"wdio_ui5_key":"applicationmanageconditionprice-display-component---conditions--smartFilterBar-btnBasicSearch"}]}
RESULT: {"script":"<script> [1562 bytes]","args":[{"selector":{"id":"application-manageconditionprice-display-component---conditions--smartFilterBar-btnBasicSearch","interaction":{"idSuffix":"I"}},"wdio_ui5_key":"applicationmanageconditionprice-display-component---conditions--smartFilterBar-btnBasicSearch"}]}
RESULT: undefined
COMMAND: POST /session/cda6b29e510b44d9979fdab5b6517565/execute/async - {"script":"<script> [776 bytes]","args":[{"enterText":"itmwrBT7WF","selector":{"id":"application-manageconditionprice-display-component---conditions--smartFilterBar-btnBasicSearch","interaction":{"idSuffix":"I"}},"clearTextFirst":true,"interactionType":"ENTER_TEXT"}]}
RESULT: {"script":"<script> [776 bytes]","args":[{"enterText":"itmwrBT7WF","selector":{"id":"application-manageconditionprice-display-component---conditions--smartFilterBar-btnBasicSearch","interaction":{"idSuffix":"I"}},"clearTextFirst":true,"interactionType":"ENTER_TEXT"}]}
COMMAND: POST /session/cda6b29e510b44d9979fdab5b6517565/actions - {"actions":[{"id":"action53","type":"key","parameters":{},"actions":[{"type":"keyDown","value":"î€‡"},{"type":"pause","duration":10},{"type":"keyUp","value":"î€‡"}]}]}
RESULT: {"actions":[{"id":"action53","type":"key","parameters":{},"actions":[{"type":"keyDown","value":"î€‡"},{"type":"pause","duration":10},{"type":"keyUp","value":"î€‡"}]}]}
COMMAND: GET /session/cda6b29e510b44d9979fdab5b6517565/screenshot - {}
RESULT: {}
COMMAND: POST /session/cda6b29e510b44d9979fdab5b6517565/execute/async - {"script":"<script> [1562 bytes]","args":[{"selector":{"id":"application-manageconditionprice-display-component---conditions--smartFilterBar-filterItemControl_BASIC-BILL_TYPES-vhi"},"wdio_ui5_key":"applicationmanageconditionprice-display-component---conditions--smartFilterBar-filterItemControl_BASIC-BILL_TYPES-vhi"}]}
RESULT: {"script":"<script> [1562 bytes]","args":[{"selector":{"id":"application-manageconditionprice-display-component---conditions--smartFilterBar-filterItemControl_BASIC-BILL_TYPES-vhi"},"wdio_ui5_key":"applicationmanageconditionprice-display-component---conditions--smartFilterBar-filterItemControl_BASIC-BILL_TYPES-vhi"}]}
RESULT: undefined
COMMAND: POST /session/cda6b29e510b44d9979fdab5b6517565/element - {"using":"xpath","value":"//*[@id=\"application-manageconditionprice-display-component---conditions--smartFilterBar-filterItemControl_BASIC-BILL_TYPES-vhi\"]"}
RESULT: {"using":"xpath","value":"//*[@id=\"application-manageconditionprice-display-component---conditions--smartFilterBar-filterItemControl_BASIC-BILL_TYPES-vhi\"]"}
COMMAND: POST /session/cda6b29e510b44d9979fdab5b6517565/element/f.5E866639E2C7498835F0FF88C67C8471.d.E4B60AC04C8D5C85701AD11BFD5256E9.e.14069/click - {}
RESULT: {}
COMMAND: POST /session/cda6b29e510b44d9979fdab5b6517565/execute/async - {"script":"<script> [1562 bytes]","args":[{"selector":{"id":"application-manageconditionprice-display-component---conditions--smartFilterBar-filterItemControl_BASIC-BILL_TYPES-valueHelpDialog-smartFilterBar-btnBasicSearch","searchOpenDialogs":true,"interaction":{"idSuffix":"I"}},"wdio_ui5_key":"applicationmanageconditionprice-display-component---conditions--smartFilterBar-filterItemControl_BASIC-BILL_TYPES-valueHelpDialog-smartFilterBar-btnBasicSearch"}]}
COMMAND: GET /session/cda6b29e510b44d9979fdab5b6517565/screenshot - {}
RESULT: {"script":"<script> [1562 bytes]","args":[{"selector":{"id":"application-manageconditionprice-display-component---conditions--smartFilterBar-filterItemControl_BASIC-BILL_TYPES-valueHelpDialog-smartFilterBar-btnBasicSearch","searchOpenDialogs":true,"interaction":{"idSuffix":"I"}},"wdio_ui5_key":"applicationmanageconditionprice-display-component---conditions--smartFilterBar-filterItemControl_BASIC-BILL_TYPES-valueHelpDialog-smartFilterBar-btnBasicSearch"}]}
RESULT: undefined
COMMAND: POST /session/cda6b29e510b44d9979fdab5b6517565/execute/async - {"script":"<script> [776 bytes]","args":[{"enterText":"TB","selector":{"id":"application-manageconditionprice-display-component---conditions--smartFilterBar-filterItemControl_BASIC-BILL_TYPES-valueHelpDialog-smartFilterBar-btnBasicSearch","searchOpenDialogs":true,"interaction":{"idSuffix":"I"}},"clearTextFirst":true,"interactionType":"ENTER_TEXT"}]}
RESULT: {}
RESULT: {"script":"<script> [776 bytes]","args":[{"enterText":"TB","selector":{"id":"application-manageconditionprice-display-component---conditions--smartFilterBar-filterItemControl_BASIC-BILL_TYPES-valueHelpDialog-smartFilterBar-btnBasicSearch","searchOpenDialogs":true,"interaction":{"idSuffix":"I"}},"clearTextFirst":true,"interactionType":"ENTER_TEXT"}]}
COMMAND: POST /session/cda6b29e510b44d9979fdab5b6517565/actions - {"actions":[{"id":"action54","type":"key","parameters":{},"actions":[{"type":"keyDown","value":"î€‡"},{"type":"pause","duration":10},{"type":"keyUp","value":"î€‡"}]}]}
RESULT: {"actions":[{"id":"action54","type":"key","parameters":{},"actions":[{"type":"keyDown","value":"î€‡"},{"type":"pause","duration":10},{"type":"keyUp","value":"î€‡"}]}]}
COMMAND: GET /session/cda6b29e510b44d9979fdab5b6517565/screenshot - {}
RESULT: {}
COMMAND: POST /session/cda6b29e510b44d9979fdab5b6517565/element - {"using":"xpath","value":"//div[contains(@id, 'application-manageconditionprice-display-component---conditions--smartFilterBar-filterItemControl_BASIC-BILL_TYPES-valueHelpDialog-table-rowsel0')]"}
RESULT: {"using":"xpath","value":"//div[contains(@id, 'application-manageconditionprice-display-component---conditions--smartFilterBar-filterItemControl_BASIC-BILL_TYPES-valueHelpDialog-table-rowsel0')]"}
COMMAND: POST /session/cda6b29e510b44d9979fdab5b6517565/element/f.5E866639E2C7498835F0FF88C67C8471.d.E4B60AC04C8D5C85701AD11BFD5256E9.e.14078/click - {}
RESULT: {}
COMMAND: GET /session/cda6b29e510b44d9979fdab5b6517565/screenshot - {}
RESULT: {}
COMMAND: POST /session/cda6b29e510b44d9979fdab5b6517565/element - {"using":"xpath","value":"//bdi[contains(text(), \"OK\")]"}
RESULT: {"using":"xpath","value":"//bdi[contains(text(), \"OK\")]"}
COMMAND: POST /session/cda6b29e510b44d9979fdab5b6517565/element/f.5E866639E2C7498835F0FF88C67C8471.d.E4B60AC04C8D5C85701AD11BFD5256E9.e.14080/click - {}
RESULT: {}
COMMAND: GET /session/cda6b29e510b44d9979fdab5b6517565/screenshot - {}
RESULT: {}
COMMAND: POST /session/cda6b29e510b44d9979fdab5b6517565/element - {"using":"xpath","value":"//span[@id=\"application-manageconditionprice-display-component---conditions--smartTable-header-inner\"]"}
RESULT: {"using":"xpath","value":"//span[@id=\"application-manageconditionprice-display-component---conditions--smartTable-header-inner\"]"}
COMMAND: POST /session/cda6b29e510b44d9979fdab5b6517565/elements - {"using":"xpath","value":"//span[@id=\"application-manageconditionprice-display-component---conditions--smartTable-header-inner\"]"}
RESULT: {"using":"xpath","value":"//span[@id=\"application-manageconditionprice-display-component---conditions--smartTable-header-inner\"]"}
COMMAND: POST /session/cda6b29e510b44d9979fdab5b6517565/execute/sync - {"script":"<script> [56 bytes]","args":[{"element-6066-11e4-a52e-4f735466cecf":"f.5E866639E2C7498835F0FF88C67C8471.d.E4B60AC04C8D5C85701AD11BFD5256E9.e.14083","ELEMENT":"f.5E866639E2C7498835F0FF88C67C8471.d.E4B60AC04C8D5C85701AD11BFD5256E9.e.14083"}]}
RESULT: {"script":"<script> [56 bytes]","args":[{"element-6066-11e4-a52e-4f735466cecf":"f.5E866639E2C7498835F0FF88C67C8471.d.E4B60AC04C8D5C85701AD11BFD5256E9.e.14083","ELEMENT":"f.5E866639E2C7498835F0FF88C67C8471.d.E4B60AC04C8D5C85701AD11BFD5256E9.e.14083"}]}
COMMAND: POST /session/cda6b29e510b44d9979fdab5b6517565/element - {"using":"css selector","value":"#shell-header-logo"}
COMMAND: GET /session/cda6b29e510b44d9979fdab5b6517565/screenshot - {}
RESULT: {"using":"css selector","value":"#shell-header-logo"}
COMMAND: POST /session/cda6b29e510b44d9979fdab5b6517565/element/f.5E866639E2C7498835F0FF88C67C8471.d.E4B60AC04C8D5C85701AD11BFD5256E9.e.13710/click - {}
RESULT: {}
RESULT: {}
COMMAND: GET /session/cda6b29e510b44d9979fdab5b6517565/screenshot - {}
RESULT: {}
]]></system-out>
    </testcase>
    <testcase classname="chrome.136_0_7103_93.windows.Billing_transfer_US117289" name="Should do a stock increase" time="89.387">
      <system-out><![CDATA[
COMMAND: POST /session/cda6b29e510b44d9979fdab5b6517565/execute/async - {"script":"<script> [1562 bytes]","args":[{"selector":{"controlType":"sap.m.GenericTile","properties":{"header":"Manage Handovers"}},"wdio_ui5_key":"sapm.GenericTile{\"header\":\"Manage Handovers\"}"}]}
RESULT: {"script":"<script> [1562 bytes]","args":[{"selector":{"controlType":"sap.m.GenericTile","properties":{"header":"Manage Handovers"}},"wdio_ui5_key":"sapm.GenericTile{\"header\":\"Manage Handovers\"}"}]}
RESULT: undefined
COMMAND: POST /session/cda6b29e510b44d9979fdab5b6517565/element - {"using":"xpath","value":"//*[@id=\"__tile130\"]"}
RESULT: {"using":"xpath","value":"//*[@id=\"__tile130\"]"}
COMMAND: POST /session/cda6b29e510b44d9979fdab5b6517565/element/f.5E866639E2C7498835F0FF88C67C8471.d.E4B60AC04C8D5C85701AD11BFD5256E9.e.12819/click - {}
RESULT: {}
COMMAND: GET /session/cda6b29e510b44d9979fdab5b6517565/screenshot - {}
RESULT: {}
COMMAND: POST /session/cda6b29e510b44d9979fdab5b6517565/elements - {"using":"xpath","value":"//span[text()='Error']"}
RESULT: {"using":"xpath","value":"//span[text()='Error']"}
COMMAND: POST /session/cda6b29e510b44d9979fdab5b6517565/element - {"using":"xpath","value":"//button[@data-kt=\"masterHOAddButton\"]"}
RESULT: {"using":"xpath","value":"//button[@data-kt=\"masterHOAddButton\"]"}
COMMAND: POST /session/cda6b29e510b44d9979fdab5b6517565/elements - {"using":"xpath","value":"//button[@data-kt=\"masterHOAddButton\"]"}
RESULT: {"using":"xpath","value":"//button[@data-kt=\"masterHOAddButton\"]"}
COMMAND: POST /session/cda6b29e510b44d9979fdab5b6517565/execute/sync - {"script":"<script> [8489 bytes]","args":[{"element-6066-11e4-a52e-4f735466cecf":"f.5E866639E2C7498835F0FF88C67C8471.d.E4B60AC04C8D5C85701AD11BFD5256E9.e.14129","ELEMENT":"f.5E866639E2C7498835F0FF88C67C8471.d.E4B60AC04C8D5C85701AD11BFD5256E9.e.14129"}]}
RESULT: {"script":"<script> [8489 bytes]","args":[{"element-6066-11e4-a52e-4f735466cecf":"f.5E866639E2C7498835F0FF88C67C8471.d.E4B60AC04C8D5C85701AD11BFD5256E9.e.14129","ELEMENT":"f.5E866639E2C7498835F0FF88C67C8471.d.E4B60AC04C8D5C85701AD11BFD5256E9.e.14129"}]}
COMMAND: GET /session/cda6b29e510b44d9979fdab5b6517565/element/f.5E866639E2C7498835F0FF88C67C8471.d.E4B60AC04C8D5C85701AD11BFD5256E9.e.14129/enabled - {}
COMMAND: GET /session/cda6b29e510b44d9979fdab5b6517565/screenshot - {}
RESULT: {}
COMMAND: POST /session/cda6b29e510b44d9979fdab5b6517565/execute/sync - {"script":"<script> [8489 bytes]","args":[{"element-6066-11e4-a52e-4f735466cecf":"f.5E866639E2C7498835F0FF88C67C8471.d.E4B60AC04C8D5C85701AD11BFD5256E9.e.14129","ELEMENT":"f.5E866639E2C7498835F0FF88C67C8471.d.E4B60AC04C8D5C85701AD11BFD5256E9.e.14129"}]}
COMMAND: GET /session/cda6b29e510b44d9979fdab5b6517565/screenshot - {}
RESULT: {}
RESULT: {"script":"<script> [8489 bytes]","args":[{"element-6066-11e4-a52e-4f735466cecf":"f.5E866639E2C7498835F0FF88C67C8471.d.E4B60AC04C8D5C85701AD11BFD5256E9.e.14129","ELEMENT":"f.5E866639E2C7498835F0FF88C67C8471.d.E4B60AC04C8D5C85701AD11BFD5256E9.e.14129"}]}
COMMAND: POST /session/cda6b29e510b44d9979fdab5b6517565/execute/sync - {"script":"<script> [5351 bytes]","args":[{"element-6066-11e4-a52e-4f735466cecf":"f.5E866639E2C7498835F0FF88C67C8471.d.E4B60AC04C8D5C85701AD11BFD5256E9.e.14129","ELEMENT":"f.5E866639E2C7498835F0FF88C67C8471.d.E4B60AC04C8D5C85701AD11BFD5256E9.e.14129"}]}
COMMAND: GET /session/cda6b29e510b44d9979fdab5b6517565/screenshot - {}
RESULT: {}
RESULT: {"script":"<script> [5351 bytes]","args":[{"element-6066-11e4-a52e-4f735466cecf":"f.5E866639E2C7498835F0FF88C67C8471.d.E4B60AC04C8D5C85701AD11BFD5256E9.e.14129","ELEMENT":"f.5E866639E2C7498835F0FF88C67C8471.d.E4B60AC04C8D5C85701AD11BFD5256E9.e.14129"}]}
COMMAND: POST /session/cda6b29e510b44d9979fdab5b6517565/element/f.5E866639E2C7498835F0FF88C67C8471.d.E4B60AC04C8D5C85701AD11BFD5256E9.e.14129/click - {}
COMMAND: GET /session/cda6b29e510b44d9979fdab5b6517565/screenshot - {}
RESULT: {}
RESULT: {}
COMMAND: GET /session/cda6b29e510b44d9979fdab5b6517565/screenshot - {}
RESULT: {}
COMMAND: POST /session/cda6b29e510b44d9979fdab5b6517565/element - {"using":"xpath","value":"//span[contains(@id ,\"AddNewHO--typeSelect-arrow\")]"}
RESULT: {}
RESULT: {"using":"xpath","value":"//span[contains(@id ,\"AddNewHO--typeSelect-arrow\")]"}
COMMAND: POST /session/cda6b29e510b44d9979fdab5b6517565/element/f.5E866639E2C7498835F0FF88C67C8471.d.E4B60AC04C8D5C85701AD11BFD5256E9.e.14479/click - {}
RESULT: {}
COMMAND: GET /session/cda6b29e510b44d9979fdab5b6517565/screenshot - {}
RESULT: {}
COMMAND: POST /session/cda6b29e510b44d9979fdab5b6517565/element - {"using":"xpath","value":"(//li[contains(text(), \"stock increase yard\")])[1]"}
RESULT: {"using":"xpath","value":"(//li[contains(text(), \"stock increase yard\")])[1]"}
COMMAND: POST /session/cda6b29e510b44d9979fdab5b6517565/element/f.5E866639E2C7498835F0FF88C67C8471.d.E4B60AC04C8D5C85701AD11BFD5256E9.e.14480/click - {}
RESULT: {}
COMMAND: GET /session/cda6b29e510b44d9979fdab5b6517565/screenshot - {}
RESULT: {}
COMMAND: POST /session/cda6b29e510b44d9979fdab5b6517565/execute/async - {"script":"<script> [1562 bytes]","args":[{"selector":{"id":"application-managehandovers-display-component---AddNewHO--dueDate","interaction":{"idSuffix":"inner"}},"wdio_ui5_key":"applicationmanagehandovers-display-component---AddNewHO--dueDate"}]}
RESULT: {"script":"<script> [1562 bytes]","args":[{"selector":{"id":"application-managehandovers-display-component---AddNewHO--dueDate","interaction":{"idSuffix":"inner"}},"wdio_ui5_key":"applicationmanagehandovers-display-component---AddNewHO--dueDate"}]}
RESULT: undefined
COMMAND: POST /session/cda6b29e510b44d9979fdab5b6517565/execute/async - {"script":"<script> [6424 bytes]","args":[{"element-6066-11e4-a52e-4f735466cecf":"f.5E866639E2C7498835F0FF88C67C8471.d.E4B60AC04C8D5C85701AD11BFD5256E9.e.14482"},"setValue",["5/17/25"]]}
RESULT: {"script":"<script> [6424 bytes]","args":[{"element-6066-11e4-a52e-4f735466cecf":"f.5E866639E2C7498835F0FF88C67C8471.d.E4B60AC04C8D5C85701AD11BFD5256E9.e.14482"},"setValue",["5/17/25"]]}
COMMAND: POST /session/cda6b29e510b44d9979fdab5b6517565/element - {"using":"xpath","value":"//input[@id=\"generalSectionFrg--receiveYard-inner\"]"}
RESULT: {"using":"xpath","value":"//input[@id=\"generalSectionFrg--receiveYard-inner\"]"}
COMMAND: POST /session/cda6b29e510b44d9979fdab5b6517565/element/f.5E866639E2C7498835F0FF88C67C8471.d.E4B60AC04C8D5C85701AD11BFD5256E9.e.14486/clear - {}
RESULT: {}
COMMAND: POST /session/cda6b29e510b44d9979fdab5b6517565/element/f.5E866639E2C7498835F0FF88C67C8471.d.E4B60AC04C8D5C85701AD11BFD5256E9.e.14486/value - {"text":"507"}
COMMAND: GET /session/cda6b29e510b44d9979fdab5b6517565/screenshot - {}
RESULT: {"text":"507"}
COMMAND: GET /session/cda6b29e510b44d9979fdab5b6517565/screenshot - {}
RESULT: {}
RESULT: {}
COMMAND: POST /session/cda6b29e510b44d9979fdab5b6517565/element - {"using":"xpath","value":"//li[.//span[text()='507']]"}
RESULT: {"using":"xpath","value":"//li[.//span[text()='507']]"}
COMMAND: POST /session/cda6b29e510b44d9979fdab5b6517565/element/f.5E866639E2C7498835F0FF88C67C8471.d.E4B60AC04C8D5C85701AD11BFD5256E9.e.14504/click - {}
RESULT: {}
COMMAND: GET /session/cda6b29e510b44d9979fdab5b6517565/screenshot - {}
RESULT: {}
COMMAND: POST /session/cda6b29e510b44d9979fdab5b6517565/execute/async - {"script":"<script> [1562 bytes]","args":[{"selector":{"id":"application-managehandovers-display-component---AddNewHO--ObjectPageLayout-anchBar-application-managehandovers-display-component---AddNewHO--section4-anchor","interaction":{"idSuffix":"BDI-content"}},"wdio_ui5_key":"applicationmanagehandovers-display-component---AddNewHO--ObjectPageLayout-anchBar-application-managehandovers-display-component---AddNewHO--section4-anchor"}]}
RESULT: {"script":"<script> [1562 bytes]","args":[{"selector":{"id":"application-managehandovers-display-component---AddNewHO--ObjectPageLayout-anchBar-application-managehandovers-display-component---AddNewHO--section4-anchor","interaction":{"idSuffix":"BDI-content"}},"wdio_ui5_key":"applicationmanagehandovers-display-component---AddNewHO--ObjectPageLayout-anchBar-application-managehandovers-display-component---AddNewHO--section4-anchor"}]}
RESULT: undefined
COMMAND: POST /session/cda6b29e510b44d9979fdab5b6517565/element - {"using":"xpath","value":"//*[@id=\"application-managehandovers-display-component---AddNewHO--ObjectPageLayout-anchBar-application-managehandovers-display-component---AddNewHO--section4-anchor\"]"}
RESULT: {"using":"xpath","value":"//*[@id=\"application-managehandovers-display-component---AddNewHO--ObjectPageLayout-anchBar-application-managehandovers-display-component---AddNewHO--section4-anchor\"]"}
COMMAND: POST /session/cda6b29e510b44d9979fdab5b6517565/element/f.5E866639E2C7498835F0FF88C67C8471.d.E4B60AC04C8D5C85701AD11BFD5256E9.e.14506/click - {}
RESULT: {}
COMMAND: POST /session/cda6b29e510b44d9979fdab5b6517565/element - {"using":"xpath","value":"//button[@aria-label=\"Add\"]"}
COMMAND: GET /session/cda6b29e510b44d9979fdab5b6517565/screenshot - {}
RESULT: {"using":"xpath","value":"//button[@aria-label=\"Add\"]"}
COMMAND: POST /session/cda6b29e510b44d9979fdab5b6517565/element/f.5E866639E2C7498835F0FF88C67C8471.d.E4B60AC04C8D5C85701AD11BFD5256E9.e.14508/click - {}
RESULT: {}
RESULT: {}
COMMAND: GET /session/cda6b29e510b44d9979fdab5b6517565/screenshot - {}
RESULT: {}
COMMAND: POST /session/cda6b29e510b44d9979fdab5b6517565/execute/async - {"script":"<script> [1562 bytes]","args":[{"selector":{"id":"application-managehandovers-display-component---AddNewHO--smartFilterBar-btnBasicSearch","searchOpenDialogs":true,"interaction":{"idSuffix":"I"}},"wdio_ui5_key":"applicationmanagehandovers-display-component---AddNewHO--smartFilterBar-btnBasicSearch"}]}
RESULT: {"script":"<script> [1562 bytes]","args":[{"selector":{"id":"application-managehandovers-display-component---AddNewHO--smartFilterBar-btnBasicSearch","searchOpenDialogs":true,"interaction":{"idSuffix":"I"}},"wdio_ui5_key":"applicationmanagehandovers-display-component---AddNewHO--smartFilterBar-btnBasicSearch"}]}
RESULT: undefined
COMMAND: POST /session/cda6b29e510b44d9979fdab5b6517565/execute/async - {"script":"<script> [776 bytes]","args":[{"enterText":"itmwrBT7WF","selector":{"id":"application-managehandovers-display-component---AddNewHO--smartFilterBar-btnBasicSearch","searchOpenDialogs":true,"interaction":{"idSuffix":"I"}},"clearTextFirst":true,"interactionType":"ENTER_TEXT"}]}
RESULT: {"script":"<script> [776 bytes]","args":[{"enterText":"itmwrBT7WF","selector":{"id":"application-managehandovers-display-component---AddNewHO--smartFilterBar-btnBasicSearch","searchOpenDialogs":true,"interaction":{"idSuffix":"I"}},"clearTextFirst":true,"interactionType":"ENTER_TEXT"}]}
COMMAND: POST /session/cda6b29e510b44d9979fdab5b6517565/actions - {"actions":[{"id":"action55","type":"key","parameters":{},"actions":[{"type":"keyDown","value":"î€‡"},{"type":"pause","duration":10},{"type":"keyUp","value":"î€‡"}]}]}
RESULT: {"actions":[{"id":"action55","type":"key","parameters":{},"actions":[{"type":"keyDown","value":"î€‡"},{"type":"pause","duration":10},{"type":"keyUp","value":"î€‡"}]}]}
COMMAND: GET /session/cda6b29e510b44d9979fdab5b6517565/screenshot - {}
RESULT: {}
COMMAND: POST /session/cda6b29e510b44d9979fdab5b6517565/execute/async - {"script":"<script> [1562 bytes]","args":[{"selector":{"id":"application-managehandovers-display-component---AddNewHO--popup-sa","searchOpenDialogs":true,"interaction":{"idSuffix":"CbBg"}},"wdio_ui5_key":"applicationmanagehandovers-display-component---AddNewHO--popup-sa"}]}
RESULT: {"script":"<script> [1562 bytes]","args":[{"selector":{"id":"application-managehandovers-display-component---AddNewHO--popup-sa","searchOpenDialogs":true,"interaction":{"idSuffix":"CbBg"}},"wdio_ui5_key":"applicationmanagehandovers-display-component---AddNewHO--popup-sa"}]}
RESULT: undefined
COMMAND: POST /session/cda6b29e510b44d9979fdab5b6517565/element - {"using":"xpath","value":"//*[@id=\"application-managehandovers-display-component---AddNewHO--popup-sa\"]"}
RESULT: {"using":"xpath","value":"//*[@id=\"application-managehandovers-display-component---AddNewHO--popup-sa\"]"}
COMMAND: POST /session/cda6b29e510b44d9979fdab5b6517565/element/f.5E866639E2C7498835F0FF88C67C8471.d.E4B60AC04C8D5C85701AD11BFD5256E9.e.14659/click - {}
RESULT: {}
COMMAND: GET /session/cda6b29e510b44d9979fdab5b6517565/screenshot - {}
RESULT: {}
COMMAND: POST /session/cda6b29e510b44d9979fdab5b6517565/element - {"using":"xpath","value":"//bdi[contains(text(), \"Select\")]"}
RESULT: {"using":"xpath","value":"//bdi[contains(text(), \"Select\")]"}
COMMAND: POST /session/cda6b29e510b44d9979fdab5b6517565/element/f.5E866639E2C7498835F0FF88C67C8471.d.E4B60AC04C8D5C85701AD11BFD5256E9.e.14660/click - {}
RESULT: {}
COMMAND: GET /session/cda6b29e510b44d9979fdab5b6517565/screenshot - {}
RESULT: {}
COMMAND: POST /session/cda6b29e510b44d9979fdab5b6517565/element - {"using":"xpath","value":"//button[@data-kt=\"AddNewHOSaveButton\"]"}
RESULT: {"using":"xpath","value":"//button[@data-kt=\"AddNewHOSaveButton\"]"}
COMMAND: POST /session/cda6b29e510b44d9979fdab5b6517565/element/f.5E866639E2C7498835F0FF88C67C8471.d.E4B60AC04C8D5C85701AD11BFD5256E9.e.14664/click - {}
RESULT: {}
COMMAND: GET /session/cda6b29e510b44d9979fdab5b6517565/screenshot - {}
RESULT: {}
COMMAND: POST /session/cda6b29e510b44d9979fdab5b6517565/execute/async - {"script":"<script> [1562 bytes]","args":[{"selector":{"id":"receiptDatePicker","viewName":"etm.portal.ui.managehandovers.view.DetailExecuteHO","interaction":{"idSuffix":"inner"}},"wdio_ui5_key":"receiptDatePickeretmportal.ui.managehandovers.view.DetailExecuteHO"}]}
RESULT: {"script":"<script> [1562 bytes]","args":[{"selector":{"id":"receiptDatePicker","viewName":"etm.portal.ui.managehandovers.view.DetailExecuteHO","interaction":{"idSuffix":"inner"}},"wdio_ui5_key":"receiptDatePickeretmportal.ui.managehandovers.view.DetailExecuteHO"}]}
RESULT: undefined
COMMAND: POST /session/cda6b29e510b44d9979fdab5b6517565/execute/async - {"script":"<script> [6424 bytes]","args":[{"element-6066-11e4-a52e-4f735466cecf":"f.5E866639E2C7498835F0FF88C67C8471.d.E4B60AC04C8D5C85701AD11BFD5256E9.e.14684"},"setValue",["5/17/25"]]}
RESULT: {"script":"<script> [6424 bytes]","args":[{"element-6066-11e4-a52e-4f735466cecf":"f.5E866639E2C7498835F0FF88C67C8471.d.E4B60AC04C8D5C85701AD11BFD5256E9.e.14684"},"setValue",["5/17/25"]]}
COMMAND: POST /session/cda6b29e510b44d9979fdab5b6517565/element - {"using":"xpath","value":"//button[@data-kt=\"PickingTableConfirmAllButton\"]"}
RESULT: {"using":"xpath","value":"//button[@data-kt=\"PickingTableConfirmAllButton\"]"}
COMMAND: POST /session/cda6b29e510b44d9979fdab5b6517565/element/f.5E866639E2C7498835F0FF88C67C8471.d.E4B60AC04C8D5C85701AD11BFD5256E9.e.14700/click - {}
RESULT: {}
COMMAND: GET /session/cda6b29e510b44d9979fdab5b6517565/screenshot - {}
RESULT: {}
COMMAND: POST /session/cda6b29e510b44d9979fdab5b6517565/element - {"using":"xpath","value":"//bdi[contains(text(), \"OK\")]"}
RESULT: {"using":"xpath","value":"//bdi[contains(text(), \"OK\")]"}
COMMAND: POST /session/cda6b29e510b44d9979fdab5b6517565/element/f.5E866639E2C7498835F0FF88C67C8471.d.E4B60AC04C8D5C85701AD11BFD5256E9.e.14702/click - {}
RESULT: {}
COMMAND: GET /session/cda6b29e510b44d9979fdab5b6517565/screenshot - {}
RESULT: {}
COMMAND: POST /session/cda6b29e510b44d9979fdab5b6517565/element - {"using":"xpath","value":"(//bdi[contains(text(), \"Receive\")])[2]"}
RESULT: {"using":"xpath","value":"(//bdi[contains(text(), \"Receive\")])[2]"}
COMMAND: POST /session/cda6b29e510b44d9979fdab5b6517565/element/f.5E866639E2C7498835F0FF88C67C8471.d.E4B60AC04C8D5C85701AD11BFD5256E9.e.14704/click - {}
RESULT: {}
COMMAND: GET /session/cda6b29e510b44d9979fdab5b6517565/screenshot - {}
RESULT: {}
COMMAND: POST /session/cda6b29e510b44d9979fdab5b6517565/element - {"using":"css selector","value":"#shell-header-logo"}
RESULT: {"using":"css selector","value":"#shell-header-logo"}
COMMAND: POST /session/cda6b29e510b44d9979fdab5b6517565/element/f.5E866639E2C7498835F0FF88C67C8471.d.E4B60AC04C8D5C85701AD11BFD5256E9.e.14089/click - {}
RESULT: {}
COMMAND: GET /session/cda6b29e510b44d9979fdab5b6517565/screenshot - {}
RESULT: {}
]]></system-out>
    </testcase>
    <testcase classname="chrome.136_0_7103_93.windows.Billing_transfer_US117289" name="Should create a new contract" time="65.538">
      <system-out><![CDATA[
COMMAND: POST /session/cda6b29e510b44d9979fdab5b6517565/execute/async - {"script":"<script> [1562 bytes]","args":[{"selector":{"controlType":"sap.m.GenericTile","properties":{"header":"Manage Contracts"}},"wdio_ui5_key":"sapm.GenericTile{\"header\":\"Manage Contracts\"}"}]}
RESULT: {"script":"<script> [1562 bytes]","args":[{"selector":{"controlType":"sap.m.GenericTile","properties":{"header":"Manage Contracts"}},"wdio_ui5_key":"sapm.GenericTile{\"header\":\"Manage Contracts\"}"}]}
RESULT: undefined
COMMAND: POST /session/cda6b29e510b44d9979fdab5b6517565/element - {"using":"xpath","value":"//*[@id=\"__tile132\"]"}
RESULT: {"using":"xpath","value":"//*[@id=\"__tile132\"]"}
COMMAND: POST /session/cda6b29e510b44d9979fdab5b6517565/element/f.5E866639E2C7498835F0FF88C67C8471.d.E4B60AC04C8D5C85701AD11BFD5256E9.e.12748/click - {}
RESULT: {}
COMMAND: GET /session/cda6b29e510b44d9979fdab5b6517565/screenshot - {}
RESULT: {}
COMMAND: POST /session/cda6b29e510b44d9979fdab5b6517565/elements - {"using":"xpath","value":"//span[text()='Error']"}
RESULT: {"using":"xpath","value":"//span[text()='Error']"}
COMMAND: POST /session/cda6b29e510b44d9979fdab5b6517565/element - {"using":"xpath","value":"//button[@data-kt=\"addButton\"]"}
RESULT: {"using":"xpath","value":"//button[@data-kt=\"addButton\"]"}
COMMAND: POST /session/cda6b29e510b44d9979fdab5b6517565/elements - {"using":"xpath","value":"//button[@data-kt=\"addButton\"]"}
RESULT: {"using":"xpath","value":"//button[@data-kt=\"addButton\"]"}
COMMAND: POST /session/cda6b29e510b44d9979fdab5b6517565/execute/sync - {"script":"<script> [8489 bytes]","args":[{"element-6066-11e4-a52e-4f735466cecf":"f.5E866639E2C7498835F0FF88C67C8471.d.E4B60AC04C8D5C85701AD11BFD5256E9.e.14922","ELEMENT":"f.5E866639E2C7498835F0FF88C67C8471.d.E4B60AC04C8D5C85701AD11BFD5256E9.e.14922"}]}
RESULT: {"script":"<script> [8489 bytes]","args":[{"element-6066-11e4-a52e-4f735466cecf":"f.5E866639E2C7498835F0FF88C67C8471.d.E4B60AC04C8D5C85701AD11BFD5256E9.e.14922","ELEMENT":"f.5E866639E2C7498835F0FF88C67C8471.d.E4B60AC04C8D5C85701AD11BFD5256E9.e.14922"}]}
COMMAND: GET /session/cda6b29e510b44d9979fdab5b6517565/element/f.5E866639E2C7498835F0FF88C67C8471.d.E4B60AC04C8D5C85701AD11BFD5256E9.e.14922/enabled - {}
COMMAND: GET /session/cda6b29e510b44d9979fdab5b6517565/screenshot - {}
RESULT: {}
COMMAND: POST /session/cda6b29e510b44d9979fdab5b6517565/execute/sync - {"script":"<script> [8489 bytes]","args":[{"element-6066-11e4-a52e-4f735466cecf":"f.5E866639E2C7498835F0FF88C67C8471.d.E4B60AC04C8D5C85701AD11BFD5256E9.e.14922","ELEMENT":"f.5E866639E2C7498835F0FF88C67C8471.d.E4B60AC04C8D5C85701AD11BFD5256E9.e.14922"}]}
COMMAND: GET /session/cda6b29e510b44d9979fdab5b6517565/screenshot - {}
RESULT: {}
RESULT: {"script":"<script> [8489 bytes]","args":[{"element-6066-11e4-a52e-4f735466cecf":"f.5E866639E2C7498835F0FF88C67C8471.d.E4B60AC04C8D5C85701AD11BFD5256E9.e.14922","ELEMENT":"f.5E866639E2C7498835F0FF88C67C8471.d.E4B60AC04C8D5C85701AD11BFD5256E9.e.14922"}]}
COMMAND: POST /session/cda6b29e510b44d9979fdab5b6517565/execute/sync - {"script":"<script> [5351 bytes]","args":[{"element-6066-11e4-a52e-4f735466cecf":"f.5E866639E2C7498835F0FF88C67C8471.d.E4B60AC04C8D5C85701AD11BFD5256E9.e.14922","ELEMENT":"f.5E866639E2C7498835F0FF88C67C8471.d.E4B60AC04C8D5C85701AD11BFD5256E9.e.14922"}]}
COMMAND: GET /session/cda6b29e510b44d9979fdab5b6517565/screenshot - {}
RESULT: {}
RESULT: {"script":"<script> [5351 bytes]","args":[{"element-6066-11e4-a52e-4f735466cecf":"f.5E866639E2C7498835F0FF88C67C8471.d.E4B60AC04C8D5C85701AD11BFD5256E9.e.14922","ELEMENT":"f.5E866639E2C7498835F0FF88C67C8471.d.E4B60AC04C8D5C85701AD11BFD5256E9.e.14922"}]}
COMMAND: GET /session/cda6b29e510b44d9979fdab5b6517565/screenshot - {}
RESULT: {}
RESULT: {}
COMMAND: POST /session/cda6b29e510b44d9979fdab5b6517565/element/f.5E866639E2C7498835F0FF88C67C8471.d.E4B60AC04C8D5C85701AD11BFD5256E9.e.14922/click - {}
RESULT: {}
COMMAND: GET /session/cda6b29e510b44d9979fdab5b6517565/screenshot - {}
COMMAND: POST /session/cda6b29e510b44d9979fdab5b6517565/execute/async - {"script":"<script> [1562 bytes]","args":[{"selector":{"id":"application-managecontracts-display-component---AddNewContract--projectDescription","interaction":{"idSuffix":"inner"}},"wdio_ui5_key":"applicationmanagecontracts-display-component---AddNewContract--projectDescription"}]}
RESULT: {}
RESULT: {"script":"<script> [1562 bytes]","args":[{"selector":{"id":"application-managecontracts-display-component---AddNewContract--projectDescription","interaction":{"idSuffix":"inner"}},"wdio_ui5_key":"applicationmanagecontracts-display-component---AddNewContract--projectDescription"}]}
RESULT: undefined
COMMAND: POST /session/cda6b29e510b44d9979fdab5b6517565/execute/async - {"script":"<script> [776 bytes]","args":[{"enterText":"Contract WDIO","selector":{"id":"application-managecontracts-display-component---AddNewContract--projectDescription","interaction":{"idSuffix":"inner"}},"clearTextFirst":true,"interactionType":"ENTER_TEXT"}]}
RESULT: {"script":"<script> [776 bytes]","args":[{"enterText":"Contract WDIO","selector":{"id":"application-managecontracts-display-component---AddNewContract--projectDescription","interaction":{"idSuffix":"inner"}},"clearTextFirst":true,"interactionType":"ENTER_TEXT"}]}
COMMAND: POST /session/cda6b29e510b44d9979fdab5b6517565/element - {"using":"xpath","value":"//input[@id=\"application-managecontracts-display-component---AddNewContract--site-inner\"]"}
RESULT: {"using":"xpath","value":"//input[@id=\"application-managecontracts-display-component---AddNewContract--site-inner\"]"}
COMMAND: POST /session/cda6b29e510b44d9979fdab5b6517565/element/f.5E866639E2C7498835F0FF88C67C8471.d.E4B60AC04C8D5C85701AD11BFD5256E9.e.15281/clear - {}
RESULT: {}
COMMAND: POST /session/cda6b29e510b44d9979fdab5b6517565/element/f.5E866639E2C7498835F0FF88C67C8471.d.E4B60AC04C8D5C85701AD11BFD5256E9.e.15281/value - {"text":"2245"}
COMMAND: GET /session/cda6b29e510b44d9979fdab5b6517565/screenshot - {}
RESULT: {"text":"2245"}
COMMAND: GET /session/cda6b29e510b44d9979fdab5b6517565/screenshot - {}
RESULT: {}
RESULT: {}
COMMAND: POST /session/cda6b29e510b44d9979fdab5b6517565/element - {"using":"xpath","value":"//li[.//span[text()='2245']]"}
RESULT: {"using":"xpath","value":"//li[.//span[text()='2245']]"}
COMMAND: POST /session/cda6b29e510b44d9979fdab5b6517565/element/f.5E866639E2C7498835F0FF88C67C8471.d.E4B60AC04C8D5C85701AD11BFD5256E9.e.15318/click - {}
RESULT: {}
COMMAND: GET /session/cda6b29e510b44d9979fdab5b6517565/screenshot - {}
RESULT: {}
COMMAND: POST /session/cda6b29e510b44d9979fdab5b6517565/element - {"using":"xpath","value":"//input[@id=\"application-managecontracts-display-component---AddNewContract--yardId-inner\"]"}
RESULT: {"using":"xpath","value":"//input[@id=\"application-managecontracts-display-component---AddNewContract--yardId-inner\"]"}
COMMAND: GET /session/cda6b29e510b44d9979fdab5b6517565/element/f.5E866639E2C7498835F0FF88C67C8471.d.E4B60AC04C8D5C85701AD11BFD5256E9.e.15282/property/value - {}
RESULT: {}
COMMAND: POST /session/cda6b29e510b44d9979fdab5b6517565/element - {"using":"xpath","value":"//input[@id=\"application-managecontracts-display-component---AddNewContract--customerSelect-inner\"]"}
COMMAND: GET /session/cda6b29e510b44d9979fdab5b6517565/screenshot - {}
RESULT: {"using":"xpath","value":"//input[@id=\"application-managecontracts-display-component---AddNewContract--customerSelect-inner\"]"}
COMMAND: POST /session/cda6b29e510b44d9979fdab5b6517565/element/f.5E866639E2C7498835F0FF88C67C8471.d.E4B60AC04C8D5C85701AD11BFD5256E9.e.15280/clear - {}
RESULT: {}
RESULT: {}
COMMAND: POST /session/cda6b29e510b44d9979fdab5b6517565/element/f.5E866639E2C7498835F0FF88C67C8471.d.E4B60AC04C8D5C85701AD11BFD5256E9.e.15280/value - {"text":"1290"}
COMMAND: GET /session/cda6b29e510b44d9979fdab5b6517565/screenshot - {}
RESULT: {"text":"1290"}
COMMAND: GET /session/cda6b29e510b44d9979fdab5b6517565/screenshot - {}
RESULT: {}
RESULT: {}
COMMAND: POST /session/cda6b29e510b44d9979fdab5b6517565/element - {"using":"xpath","value":"//li[.//span[text()='1290']]"}
RESULT: {"using":"xpath","value":"//li[.//span[text()='1290']]"}
COMMAND: POST /session/cda6b29e510b44d9979fdab5b6517565/element/f.5E866639E2C7498835F0FF88C67C8471.d.E4B60AC04C8D5C85701AD11BFD5256E9.e.15321/click - {}
RESULT: {}
COMMAND: GET /session/cda6b29e510b44d9979fdab5b6517565/screenshot - {}
RESULT: {}
COMMAND: POST /session/cda6b29e510b44d9979fdab5b6517565/element - {"using":"xpath","value":"//button[@data-kt=\"saveButton\"]"}
RESULT: {"using":"xpath","value":"//button[@data-kt=\"saveButton\"]"}
COMMAND: POST /session/cda6b29e510b44d9979fdab5b6517565/element/f.5E866639E2C7498835F0FF88C67C8471.d.E4B60AC04C8D5C85701AD11BFD5256E9.e.15322/click - {}
RESULT: {}
COMMAND: GET /session/cda6b29e510b44d9979fdab5b6517565/screenshot - {}
RESULT: {}
COMMAND: POST /session/cda6b29e510b44d9979fdab5b6517565/element - {"using":"xpath","value":"//span[contains(@id ,\"contractDetailTitleNoExpanded\")]"}
RESULT: {"using":"xpath","value":"//span[contains(@id ,\"contractDetailTitleNoExpanded\")]"}
COMMAND: POST /session/cda6b29e510b44d9979fdab5b6517565/elements - {"using":"xpath","value":"//span[contains(@id ,\"contractDetailTitleNoExpanded\")]"}
RESULT: {"using":"xpath","value":"//span[contains(@id ,\"contractDetailTitleNoExpanded\")]"}
COMMAND: POST /session/cda6b29e510b44d9979fdab5b6517565/execute/sync - {"script":"<script> [56 bytes]","args":[{"element-6066-11e4-a52e-4f735466cecf":"f.5E866639E2C7498835F0FF88C67C8471.d.E4B60AC04C8D5C85701AD11BFD5256E9.e.15340","ELEMENT":"f.5E866639E2C7498835F0FF88C67C8471.d.E4B60AC04C8D5C85701AD11BFD5256E9.e.15340"}]}
RESULT: {"script":"<script> [56 bytes]","args":[{"element-6066-11e4-a52e-4f735466cecf":"f.5E866639E2C7498835F0FF88C67C8471.d.E4B60AC04C8D5C85701AD11BFD5256E9.e.15340","ELEMENT":"f.5E866639E2C7498835F0FF88C67C8471.d.E4B60AC04C8D5C85701AD11BFD5256E9.e.15340"}]}
COMMAND: GET /session/cda6b29e510b44d9979fdab5b6517565/screenshot - {}
RESULT: {}
]]></system-out>
    </testcase>
    <testcase classname="chrome.136_0_7103_93.windows.Billing_transfer_US117289" name="Should add created equipment to contract" time="48.941">
      <system-out><![CDATA[
COMMAND: POST /session/cda6b29e510b44d9979fdab5b6517565/element - {"using":"xpath","value":"//button[@data-kt=\"contractDetailEditBtnButton\"]"}
RESULT: {"using":"xpath","value":"//button[@data-kt=\"contractDetailEditBtnButton\"]"}
COMMAND: POST /session/cda6b29e510b44d9979fdab5b6517565/element/f.5E866639E2C7498835F0FF88C67C8471.d.E4B60AC04C8D5C85701AD11BFD5256E9.e.15341/click - {}
RESULT: {}
COMMAND: GET /session/cda6b29e510b44d9979fdab5b6517565/screenshot - {}
RESULT: {}
COMMAND: POST /session/cda6b29e510b44d9979fdab5b6517565/element - {"using":"xpath","value":"(//span[contains(text(), \"Additional Addresses\")])[2]"}
RESULT: {"using":"xpath","value":"(//span[contains(text(), \"Additional Addresses\")])[2]"}
COMMAND: POST /session/cda6b29e510b44d9979fdab5b6517565/element/f.5E866639E2C7498835F0FF88C67C8471.d.E4B60AC04C8D5C85701AD11BFD5256E9.e.15398/click - {}
RESULT: {}
COMMAND: GET /session/cda6b29e510b44d9979fdab5b6517565/screenshot - {}
RESULT: {}
COMMAND: POST /session/cda6b29e510b44d9979fdab5b6517565/element - {"using":"xpath","value":"//button[@data-kt=\"btnAddTableRowOverflowToolbarButton\"]"}
RESULT: {"using":"xpath","value":"//button[@data-kt=\"btnAddTableRowOverflowToolbarButton\"]"}
COMMAND: POST /session/cda6b29e510b44d9979fdab5b6517565/element/f.5E866639E2C7498835F0FF88C67C8471.d.E4B60AC04C8D5C85701AD11BFD5256E9.e.15400/click - {}
RESULT: {}
COMMAND: GET /session/cda6b29e510b44d9979fdab5b6517565/screenshot - {}
RESULT: {}
COMMAND: POST /session/cda6b29e510b44d9979fdab5b6517565/element - {"using":"xpath","value":"//div[(text() = 'Standard Entry' or . = 'Standard Entry')]"}
RESULT: {"using":"xpath","value":"//div[(text() = 'Standard Entry' or . = 'Standard Entry')]"}
COMMAND: POST /session/cda6b29e510b44d9979fdab5b6517565/element/f.5E866639E2C7498835F0FF88C67C8471.d.E4B60AC04C8D5C85701AD11BFD5256E9.e.15402/click - {}
RESULT: {}
COMMAND: GET /session/cda6b29e510b44d9979fdab5b6517565/screenshot - {}
RESULT: {}
COMMAND: POST /session/cda6b29e510b44d9979fdab5b6517565/element - {"using":"xpath","value":"//td[7]/div/div/input"}
RESULT: {"using":"xpath","value":"//td[7]/div/div/input"}
COMMAND: POST /session/cda6b29e510b44d9979fdab5b6517565/element/f.5E866639E2C7498835F0FF88C67C8471.d.E4B60AC04C8D5C85701AD11BFD5256E9.e.15411/clear - {}
RESULT: {}
COMMAND: POST /session/cda6b29e510b44d9979fdab5b6517565/element/f.5E866639E2C7498835F0FF88C67C8471.d.E4B60AC04C8D5C85701AD11BFD5256E9.e.15411/value - {"text":"itmwrBT7WF"}
COMMAND: GET /session/cda6b29e510b44d9979fdab5b6517565/screenshot - {}
RESULT: {"text":"itmwrBT7WF"}
COMMAND: GET /session/cda6b29e510b44d9979fdab5b6517565/screenshot - {}
RESULT: {}
RESULT: {}
COMMAND: POST /session/cda6b29e510b44d9979fdab5b6517565/actions - {"actions":[{"id":"action56","type":"key","parameters":{},"actions":[{"type":"keyDown","value":"î€‡"},{"type":"pause","duration":10},{"type":"keyUp","value":"î€‡"}]}]}
RESULT: {"actions":[{"id":"action56","type":"key","parameters":{},"actions":[{"type":"keyDown","value":"î€‡"},{"type":"pause","duration":10},{"type":"keyUp","value":"î€‡"}]}]}
COMMAND: GET /session/cda6b29e510b44d9979fdab5b6517565/screenshot - {}
RESULT: {}
COMMAND: POST /session/cda6b29e510b44d9979fdab5b6517565/execute/sync - {"script":"<script> [276 bytes]","args":["No pricing information was found"]}
RESULT: {"script":"<script> [276 bytes]","args":["No pricing information was found"]}
COMMAND: POST /session/cda6b29e510b44d9979fdab5b6517565/element - {"using":"xpath","value":"(//button[@data-kt=\"saveButton\"])[2]"}
COMMAND: GET /session/cda6b29e510b44d9979fdab5b6517565/screenshot - {}
RESULT: {"using":"xpath","value":"(//button[@data-kt=\"saveButton\"])[2]"}
COMMAND: POST /session/cda6b29e510b44d9979fdab5b6517565/element/f.5E866639E2C7498835F0FF88C67C8471.d.E4B60AC04C8D5C85701AD11BFD5256E9.e.15426/click - {}
RESULT: {}
RESULT: {}
COMMAND: GET /session/cda6b29e510b44d9979fdab5b6517565/screenshot - {}
RESULT: {}
COMMAND: POST /session/cda6b29e510b44d9979fdab5b6517565/execute/sync - {"script":"<script> [276 bytes]","args":["Some contract items are having rental validity exceeding header rental validity"]}
RESULT: {"script":"<script> [276 bytes]","args":["Some contract items are having rental validity exceeding header rental validity"]}
COMMAND: GET /session/cda6b29e510b44d9979fdab5b6517565/screenshot - {}
RESULT: {}
COMMAND: POST /session/cda6b29e510b44d9979fdab5b6517565/element - {"using":"xpath","value":"//span[contains(@id ,\"contractItemsSmartTable-header-inner\")]"}
RESULT: {"using":"xpath","value":"//span[contains(@id ,\"contractItemsSmartTable-header-inner\")]"}
COMMAND: POST /session/cda6b29e510b44d9979fdab5b6517565/elements - {"using":"xpath","value":"//span[contains(@id ,\"contractItemsSmartTable-header-inner\")]"}
RESULT: {"using":"xpath","value":"//span[contains(@id ,\"contractItemsSmartTable-header-inner\")]"}
COMMAND: POST /session/cda6b29e510b44d9979fdab5b6517565/execute/sync - {"script":"<script> [56 bytes]","args":[{"element-6066-11e4-a52e-4f735466cecf":"f.5E866639E2C7498835F0FF88C67C8471.d.E4B60AC04C8D5C85701AD11BFD5256E9.e.15433","ELEMENT":"f.5E866639E2C7498835F0FF88C67C8471.d.E4B60AC04C8D5C85701AD11BFD5256E9.e.15433"}]}
RESULT: {"script":"<script> [56 bytes]","args":[{"element-6066-11e4-a52e-4f735466cecf":"f.5E866639E2C7498835F0FF88C67C8471.d.E4B60AC04C8D5C85701AD11BFD5256E9.e.15433","ELEMENT":"f.5E866639E2C7498835F0FF88C67C8471.d.E4B60AC04C8D5C85701AD11BFD5256E9.e.15433"}]}
]]></system-out>
    </testcase>
    <testcase classname="chrome.136_0_7103_93.windows.Billing_transfer_US117289" name="Should do a provide to site handover" time="72.147">
      <system-out><![CDATA[
COMMAND: POST /session/cda6b29e510b44d9979fdab5b6517565/element - {"using":"xpath","value":"//button[@data-kt=\"provideButton\"]"}
COMMAND: GET /session/cda6b29e510b44d9979fdab5b6517565/screenshot - {}
RESULT: {"using":"xpath","value":"//button[@data-kt=\"provideButton\"]"}
COMMAND: POST /session/cda6b29e510b44d9979fdab5b6517565/element/f.5E866639E2C7498835F0FF88C67C8471.d.E4B60AC04C8D5C85701AD11BFD5256E9.e.15434/click - {}
RESULT: {}
RESULT: {}
COMMAND: GET /session/cda6b29e510b44d9979fdab5b6517565/screenshot - {}
RESULT: {}
RESULT: undefined
COMMAND: POST /session/cda6b29e510b44d9979fdab5b6517565/execute/async - {"script":"<script> [6424 bytes]","args":[{"element-6066-11e4-a52e-4f735466cecf":"f.5E866639E2C7498835F0FF88C67C8471.d.E4B60AC04C8D5C85701AD11BFD5256E9.e.14482"},"setValue",["5/17/25"]]}
COMMAND: POST /session/cda6b29e510b44d9979fdab5b6517565/execute/async - {"script":"<script> [1562 bytes]","args":[{"selector":{"id":"application-managehandovers-display-component---AddNewHO--dueDate","interaction":{"idSuffix":"inner"}},"wdio_ui5_key":"applicationmanagehandovers-display-component---AddNewHO--dueDate"}]}
RESULT: {"script":"<script> [1562 bytes]","args":[{"selector":{"id":"application-managehandovers-display-component---AddNewHO--dueDate","interaction":{"idSuffix":"inner"}},"wdio_ui5_key":"applicationmanagehandovers-display-component---AddNewHO--dueDate"}]}
COMMAND: POST /session/cda6b29e510b44d9979fdab5b6517565/execute/async - {"script":"<script> [6424 bytes]","args":[{"element-6066-11e4-a52e-4f735466cecf":"f.5E866639E2C7498835F0FF88C67C8471.d.E4B60AC04C8D5C85701AD11BFD5256E9.e.15491"},"setValue",["5/17/25"]]}
RESULT: {"script":"<script> [6424 bytes]","args":[{"element-6066-11e4-a52e-4f735466cecf":"f.5E866639E2C7498835F0FF88C67C8471.d.E4B60AC04C8D5C85701AD11BFD5256E9.e.15491"},"setValue",["5/17/25"]]}
COMMAND: POST /session/cda6b29e510b44d9979fdab5b6517565/element - {"using":"xpath","value":"//bdi[contains(text(), \"Instructions\")]"}
RESULT: {"using":"xpath","value":"//bdi[contains(text(), \"Instructions\")]"}
COMMAND: POST /session/cda6b29e510b44d9979fdab5b6517565/element/f.5E866639E2C7498835F0FF88C67C8471.d.E4B60AC04C8D5C85701AD11BFD5256E9.e.15751/click - {}
RESULT: {}
COMMAND: GET /session/cda6b29e510b44d9979fdab5b6517565/screenshot - {}
RESULT: {}
COMMAND: POST /session/cda6b29e510b44d9979fdab5b6517565/element - {"using":"xpath","value":"//button[@data-kt=\"AddNewHOProvideAddItemsButton\"]"}
RESULT: {"using":"xpath","value":"//button[@data-kt=\"AddNewHOProvideAddItemsButton\"]"}
COMMAND: POST /session/cda6b29e510b44d9979fdab5b6517565/element/f.5E866639E2C7498835F0FF88C67C8471.d.E4B60AC04C8D5C85701AD11BFD5256E9.e.15755/click - {}
RESULT: {}
COMMAND: GET /session/cda6b29e510b44d9979fdab5b6517565/screenshot - {}
RESULT: {}
RESULT: undefined
COMMAND: POST /session/cda6b29e510b44d9979fdab5b6517565/element - {"using":"xpath","value":"//*[@id=\"application-managehandovers-display-component---AddNewHO--popup-sa\"]"}
RESULT: {"using":"xpath","value":"//*[@id=\"application-managehandovers-display-component---AddNewHO--popup-sa\"]"}
COMMAND: POST /session/cda6b29e510b44d9979fdab5b6517565/element/f.5E866639E2C7498835F0FF88C67C8471.d.E4B60AC04C8D5C85701AD11BFD5256E9.e.15765/click - {}
RESULT: {}
COMMAND: GET /session/cda6b29e510b44d9979fdab5b6517565/screenshot - {}
RESULT: {}
COMMAND: POST /session/cda6b29e510b44d9979fdab5b6517565/element - {"using":"xpath","value":"//*[contains(@id ,\"BDI-content\")][contains(text(), \"Select\")]"}
RESULT: {"using":"xpath","value":"//*[contains(@id ,\"BDI-content\")][contains(text(), \"Select\")]"}
COMMAND: POST /session/cda6b29e510b44d9979fdab5b6517565/element/f.5E866639E2C7498835F0FF88C67C8471.d.E4B60AC04C8D5C85701AD11BFD5256E9.e.15766/click - {}
RESULT: {}
COMMAND: GET /session/cda6b29e510b44d9979fdab5b6517565/screenshot - {}
RESULT: {}
COMMAND: POST /session/cda6b29e510b44d9979fdab5b6517565/execute/async - {"script":"<script> [1562 bytes]","args":[{"selector":{"id":"application-managehandovers-display-component---AddNewHO--confirmCreationButton","interaction":{"idSuffix":"BDI-content"}},"wdio_ui5_key":"applicationmanagehandovers-display-component---AddNewHO--confirmCreationButton"}]}
RESULT: {"script":"<script> [1562 bytes]","args":[{"selector":{"id":"application-managehandovers-display-component---AddNewHO--confirmCreationButton","interaction":{"idSuffix":"BDI-content"}},"wdio_ui5_key":"applicationmanagehandovers-display-component---AddNewHO--confirmCreationButton"}]}
RESULT: undefined
COMMAND: POST /session/cda6b29e510b44d9979fdab5b6517565/element - {"using":"xpath","value":"//*[@id=\"application-managehandovers-display-component---AddNewHO--confirmCreationButton\"]"}
RESULT: {"using":"xpath","value":"//*[@id=\"application-managehandovers-display-component---AddNewHO--confirmCreationButton\"]"}
COMMAND: POST /session/cda6b29e510b44d9979fdab5b6517565/element/f.5E866639E2C7498835F0FF88C67C8471.d.E4B60AC04C8D5C85701AD11BFD5256E9.e.15561/click - {}
RESULT: {}
COMMAND: GET /session/cda6b29e510b44d9979fdab5b6517565/screenshot - {}
RESULT: {}
COMMAND: POST /session/cda6b29e510b44d9979fdab5b6517565/execute/async - {"script":"<script> [1562 bytes]","args":[{"selector":{"id":"issueDatePicker","viewName":"etm.portal.ui.managehandovers.view.DetailExecuteHO","interaction":{"idSuffix":"inner"}},"wdio_ui5_key":"issueDatePickeretmportal.ui.managehandovers.view.DetailExecuteHO"}]}
RESULT: {"script":"<script> [1562 bytes]","args":[{"selector":{"id":"issueDatePicker","viewName":"etm.portal.ui.managehandovers.view.DetailExecuteHO","interaction":{"idSuffix":"inner"}},"wdio_ui5_key":"issueDatePickeretmportal.ui.managehandovers.view.DetailExecuteHO"}]}
RESULT: undefined
COMMAND: POST /session/cda6b29e510b44d9979fdab5b6517565/execute/async - {"script":"<script> [776 bytes]","args":[{"enterText":"5/17/25","selector":{"id":"issueDatePicker","viewName":"etm.portal.ui.managehandovers.view.DetailExecuteHO","interaction":{"idSuffix":"inner"}},"clearTextFirst":true,"interactionType":"ENTER_TEXT"}]}
RESULT: {"script":"<script> [776 bytes]","args":[{"enterText":"5/17/25","selector":{"id":"issueDatePicker","viewName":"etm.portal.ui.managehandovers.view.DetailExecuteHO","interaction":{"idSuffix":"inner"}},"clearTextFirst":true,"interactionType":"ENTER_TEXT"}]}
COMMAND: POST /session/cda6b29e510b44d9979fdab5b6517565/element - {"using":"xpath","value":"//bdi[contains(text(), \"OK\")]"}
RESULT: {"using":"xpath","value":"//bdi[contains(text(), \"OK\")]"}
COMMAND: POST /session/cda6b29e510b44d9979fdab5b6517565/element/f.5E866639E2C7498835F0FF88C67C8471.d.E4B60AC04C8D5C85701AD11BFD5256E9.e.15814/click - {}
RESULT: {}
COMMAND: GET /session/cda6b29e510b44d9979fdab5b6517565/screenshot - {}
RESULT: {}
COMMAND: POST /session/cda6b29e510b44d9979fdab5b6517565/element - {"using":"xpath","value":"//button[@data-kt=\"PickingTableConfirmAllButton\"]"}
RESULT: {"using":"xpath","value":"//button[@data-kt=\"PickingTableConfirmAllButton\"]"}
COMMAND: POST /session/cda6b29e510b44d9979fdab5b6517565/element/f.5E866639E2C7498835F0FF88C67C8471.d.E4B60AC04C8D5C85701AD11BFD5256E9.e.15819/click - {}
RESULT: {}
COMMAND: GET /session/cda6b29e510b44d9979fdab5b6517565/screenshot - {}
RESULT: {}
COMMAND: POST /session/cda6b29e510b44d9979fdab5b6517565/element - {"using":"xpath","value":"//bdi[contains(text(), \"OK\")]"}
RESULT: {"using":"xpath","value":"//bdi[contains(text(), \"OK\")]"}
COMMAND: POST /session/cda6b29e510b44d9979fdab5b6517565/element/f.5E866639E2C7498835F0FF88C67C8471.d.E4B60AC04C8D5C85701AD11BFD5256E9.e.15822/click - {}
RESULT: {}
COMMAND: GET /session/cda6b29e510b44d9979fdab5b6517565/screenshot - {}
RESULT: {}
COMMAND: POST /session/cda6b29e510b44d9979fdab5b6517565/element - {"using":"xpath","value":"//bdi[contains(text(), \"Issue\")]"}
RESULT: {"using":"xpath","value":"//bdi[contains(text(), \"Issue\")]"}
COMMAND: POST /session/cda6b29e510b44d9979fdab5b6517565/element/f.5E866639E2C7498835F0FF88C67C8471.d.E4B60AC04C8D5C85701AD11BFD5256E9.e.15824/click - {}
RESULT: {}
COMMAND: GET /session/cda6b29e510b44d9979fdab5b6517565/screenshot - {}
RESULT: {}
COMMAND: POST /session/cda6b29e510b44d9979fdab5b6517565/element - {"using":"css selector","value":"#shell-header-logo"}
RESULT: {"using":"css selector","value":"#shell-header-logo"}
COMMAND: POST /session/cda6b29e510b44d9979fdab5b6517565/element/f.5E866639E2C7498835F0FF88C67C8471.d.E4B60AC04C8D5C85701AD11BFD5256E9.e.14877/click - {}
RESULT: {}
COMMAND: GET /session/cda6b29e510b44d9979fdab5b6517565/screenshot - {}
RESULT: {}
]]></system-out>
    </testcase>
    <testcase classname="chrome.136_0_7103_93.windows.Billing_transfer_US117289" name="Should navigate to Manage Billings and trigger contract calculation business confirm it" time="65.106">
      <system-out><![CDATA[
COMMAND: POST /session/cda6b29e510b44d9979fdab5b6517565/execute/async - {"script":"<script> [1562 bytes]","args":[{"selector":{"controlType":"sap.m.GenericTile","properties":{"header":"Manage Billings"}},"wdio_ui5_key":"sapm.GenericTile{\"header\":\"Manage Billings\"}"}]}
RESULT: {"script":"<script> [1562 bytes]","args":[{"selector":{"controlType":"sap.m.GenericTile","properties":{"header":"Manage Billings"}},"wdio_ui5_key":"sapm.GenericTile{\"header\":\"Manage Billings\"}"}]}
RESULT: undefined
COMMAND: POST /session/cda6b29e510b44d9979fdab5b6517565/element - {"using":"xpath","value":"//*[@id=\"__tile51\"]"}
RESULT: {"using":"xpath","value":"//*[@id=\"__tile51\"]"}
COMMAND: POST /session/cda6b29e510b44d9979fdab5b6517565/element/f.5E866639E2C7498835F0FF88C67C8471.d.E4B60AC04C8D5C85701AD11BFD5256E9.e.12775/click - {}
RESULT: {}
COMMAND: GET /session/cda6b29e510b44d9979fdab5b6517565/screenshot - {}
RESULT: {}
COMMAND: POST /session/cda6b29e510b44d9979fdab5b6517565/elements - {"using":"xpath","value":"//span[text()='Error']"}
RESULT: {"using":"xpath","value":"//span[text()='Error']"}
COMMAND: POST /session/cda6b29e510b44d9979fdab5b6517565/execute/async - {"script":"<script> [1562 bytes]","args":[{"selector":{"id":"application-managebillings-display-component---billRunCalcResult--smartFilterBar-btnBasicSearch","interaction":{"idSuffix":"I"}},"wdio_ui5_key":"applicationmanagebillings-display-component---billRunCalcResult--smartFilterBar-btnBasicSearch"}]}
RESULT: {"script":"<script> [1562 bytes]","args":[{"selector":{"id":"application-managebillings-display-component---billRunCalcResult--smartFilterBar-btnBasicSearch","interaction":{"idSuffix":"I"}},"wdio_ui5_key":"applicationmanagebillings-display-component---billRunCalcResult--smartFilterBar-btnBasicSearch"}]}
RESULT: undefined
COMMAND: POST /session/cda6b29e510b44d9979fdab5b6517565/execute/async - {"script":"<script> [776 bytes]","args":[{"enterText":"10341","selector":{"id":"application-managebillings-display-component---billRunCalcResult--smartFilterBar-btnBasicSearch","interaction":{"idSuffix":"I"}},"clearTextFirst":true,"interactionType":"ENTER_TEXT"}]}
RESULT: {"script":"<script> [776 bytes]","args":[{"enterText":"10341","selector":{"id":"application-managebillings-display-component---billRunCalcResult--smartFilterBar-btnBasicSearch","interaction":{"idSuffix":"I"}},"clearTextFirst":true,"interactionType":"ENTER_TEXT"}]}
COMMAND: POST /session/cda6b29e510b44d9979fdab5b6517565/actions - {"actions":[{"id":"action57","type":"key","parameters":{},"actions":[{"type":"keyDown","value":"î€‡"},{"type":"pause","duration":10},{"type":"keyUp","value":"î€‡"}]}]}
RESULT: {"actions":[{"id":"action57","type":"key","parameters":{},"actions":[{"type":"keyDown","value":"î€‡"},{"type":"pause","duration":10},{"type":"keyUp","value":"î€‡"}]}]}
COMMAND: GET /session/cda6b29e510b44d9979fdab5b6517565/screenshot - {}
RESULT: {}
COMMAND: POST /session/cda6b29e510b44d9979fdab5b6517565/element - {"using":"xpath","value":"//td[@aria-colindex=\"1\"]/div/div[contains(@class, \"sapMCbBg\")]"}
RESULT: {"using":"xpath","value":"//td[@aria-colindex=\"1\"]/div/div[contains(@class, \"sapMCbBg\")]"}
COMMAND: POST /session/cda6b29e510b44d9979fdab5b6517565/element/f.5E866639E2C7498835F0FF88C67C8471.d.E4B60AC04C8D5C85701AD11BFD5256E9.e.16325/click - {}
RESULT: {}
COMMAND: GET /session/cda6b29e510b44d9979fdab5b6517565/screenshot - {}
RESULT: {}
COMMAND: POST /session/cda6b29e510b44d9979fdab5b6517565/execute/async - {"script":"<script> [1562 bytes]","args":[{"selector":{"id":"application-managebillings-display-component---billRunCalcResult--contractBillRunDate","interaction":{"idSuffix":"inner"}},"wdio_ui5_key":"applicationmanagebillings-display-component---billRunCalcResult--contractBillRunDate"}]}
RESULT: {"script":"<script> [1562 bytes]","args":[{"selector":{"id":"application-managebillings-display-component---billRunCalcResult--contractBillRunDate","interaction":{"idSuffix":"inner"}},"wdio_ui5_key":"applicationmanagebillings-display-component---billRunCalcResult--contractBillRunDate"}]}
RESULT: undefined
COMMAND: POST /session/cda6b29e510b44d9979fdab5b6517565/execute/async - {"script":"<script> [776 bytes]","args":[{"enterText":"6/17/25","selector":{"id":"application-managebillings-display-component---billRunCalcResult--contractBillRunDate","interaction":{"idSuffix":"inner"}},"clearTextFirst":true,"interactionType":"ENTER_TEXT"}]}
RESULT: {"script":"<script> [776 bytes]","args":[{"enterText":"6/17/25","selector":{"id":"application-managebillings-display-component---billRunCalcResult--contractBillRunDate","interaction":{"idSuffix":"inner"}},"clearTextFirst":true,"interactionType":"ENTER_TEXT"}]}
COMMAND: POST /session/cda6b29e510b44d9979fdab5b6517565/element - {"using":"xpath","value":"//bdi[contains(text(), \"Trigger Calculation\")]"}
RESULT: {"using":"xpath","value":"//bdi[contains(text(), \"Trigger Calculation\")]"}
COMMAND: POST /session/cda6b29e510b44d9979fdab5b6517565/element/f.5E866639E2C7498835F0FF88C67C8471.d.E4B60AC04C8D5C85701AD11BFD5256E9.e.16375/click - {}
RESULT: {}
COMMAND: GET /session/cda6b29e510b44d9979fdab5b6517565/screenshot - {}
RESULT: {}
COMMAND: POST /session/cda6b29e510b44d9979fdab5b6517565/element - {"using":"xpath","value":"(//span[contains(@id, \"imgNav\")])[1]"}
RESULT: {"using":"xpath","value":"(//span[contains(@id, \"imgNav\")])[1]"}
COMMAND: POST /session/cda6b29e510b44d9979fdab5b6517565/element/f.5E866639E2C7498835F0FF88C67C8471.d.E4B60AC04C8D5C85701AD11BFD5256E9.e.16326/click - {}
RESULT: {}
COMMAND: GET /session/cda6b29e510b44d9979fdab5b6517565/screenshot - {}
RESULT: {}
COMMAND: POST /session/cda6b29e510b44d9979fdab5b6517565/execute/async - {"script":"<script> [1562 bytes]","args":[{"selector":{"controlType":"sap.ui.core.Icon","viewName":"etm.portal.ui.managebillings.view.Master","viewId":"application-managebillings-display-component---billRunCalcResult","properties":{"src":{"regex":{"source":"slim\\-arrow\\-right"}}}},"wdio_ui5_key":"etmportal.ui.managebillings.view.Mastersap.ui.core.Icon{\"src\":{\"regex\":{\"source\":\"slim\\\\-arrow\\\\-right\"}}}"}]}
RESULT: {"script":"<script> [1562 bytes]","args":[{"selector":{"controlType":"sap.ui.core.Icon","viewName":"etm.portal.ui.managebillings.view.Master","viewId":"application-managebillings-display-component---billRunCalcResult","properties":{"src":{"regex":{"source":"slim\\-arrow\\-right"}}}},"wdio_ui5_key":"etmportal.ui.managebillings.view.Mastersap.ui.core.Icon{\"src\":{\"regex\":{\"source\":\"slim\\\\-arrow\\\\-right\"}}}"}]}
RESULT: undefined
COMMAND: POST /session/cda6b29e510b44d9979fdab5b6517565/element - {"using":"xpath","value":"//*[@id=\"__item1916-application-managebillings-display-component---billRunCalcResult--billingRunsTable-0-imgNav\"]"}
RESULT: {"using":"xpath","value":"//*[@id=\"__item1916-application-managebillings-display-component---billRunCalcResult--billingRunsTable-0-imgNav\"]"}
COMMAND: POST /session/cda6b29e510b44d9979fdab5b6517565/element/f.5E866639E2C7498835F0FF88C67C8471.d.E4B60AC04C8D5C85701AD11BFD5256E9.e.16380/click - {}
RESULT: {}
COMMAND: POST /session/cda6b29e510b44d9979fdab5b6517565/execute/async - {"script":"<script> [1562 bytes]","args":[{"selector":{"id":"application-managebillings-display-component---billRunCalcResult--btnConf","interaction":{"idSuffix":"BDI-content"}},"wdio_ui5_key":"applicationmanagebillings-display-component---billRunCalcResult--btnConf"}]}
COMMAND: GET /session/cda6b29e510b44d9979fdab5b6517565/screenshot - {}
RESULT: {"script":"<script> [1562 bytes]","args":[{"selector":{"id":"application-managebillings-display-component---billRunCalcResult--btnConf","interaction":{"idSuffix":"BDI-content"}},"wdio_ui5_key":"applicationmanagebillings-display-component---billRunCalcResult--btnConf"}]}
RESULT: undefined
COMMAND: POST /session/cda6b29e510b44d9979fdab5b6517565/element - {"using":"xpath","value":"//*[@id=\"application-managebillings-display-component---billRunCalcResult--btnConf\"]"}
RESULT: {}
RESULT: {"using":"xpath","value":"//*[@id=\"application-managebillings-display-component---billRunCalcResult--btnConf\"]"}
COMMAND: POST /session/cda6b29e510b44d9979fdab5b6517565/element/f.5E866639E2C7498835F0FF88C67C8471.d.E4B60AC04C8D5C85701AD11BFD5256E9.e.16444/click - {}
RESULT: {}
COMMAND: POST /session/cda6b29e510b44d9979fdab5b6517565/element - {"using":"css selector","value":"#shell-header-logo"}
COMMAND: GET /session/cda6b29e510b44d9979fdab5b6517565/screenshot - {}
RESULT: {"using":"css selector","value":"#shell-header-logo"}
COMMAND: POST /session/cda6b29e510b44d9979fdab5b6517565/element/f.5E866639E2C7498835F0FF88C67C8471.d.E4B60AC04C8D5C85701AD11BFD5256E9.e.16116/click - {}
RESULT: {}
RESULT: {}
COMMAND: GET /session/cda6b29e510b44d9979fdab5b6517565/screenshot - {}
RESULT: {}
]]></system-out>
    </testcase>
    <testcase classname="chrome.136_0_7103_93.windows.Billing_transfer_US117289" name="Should trigger Billing Transfer process all the way to completion" time="90.639">
      <system-out><![CDATA[
COMMAND: POST /session/cda6b29e510b44d9979fdab5b6517565/execute/async - {"script":"<script> [1562 bytes]","args":[{"selector":{"controlType":"sap.m.GenericTile","properties":{"header":"Billing Transfer"}},"wdio_ui5_key":"sapm.GenericTile{\"header\":\"Billing Transfer\"}"}]}
RESULT: {"script":"<script> [1562 bytes]","args":[{"selector":{"controlType":"sap.m.GenericTile","properties":{"header":"Billing Transfer"}},"wdio_ui5_key":"sapm.GenericTile{\"header\":\"Billing Transfer\"}"}]}
RESULT: undefined
COMMAND: POST /session/cda6b29e510b44d9979fdab5b6517565/element - {"using":"xpath","value":"//*[@id=\"__tile50\"]"}
RESULT: {"using":"xpath","value":"//*[@id=\"__tile50\"]"}
COMMAND: POST /session/cda6b29e510b44d9979fdab5b6517565/element/f.5E866639E2C7498835F0FF88C67C8471.d.E4B60AC04C8D5C85701AD11BFD5256E9.e.12773/click - {}
RESULT: {}
COMMAND: GET /session/cda6b29e510b44d9979fdab5b6517565/screenshot - {}
COMMAND: POST /session/cda6b29e510b44d9979fdab5b6517565/elements - {"using":"xpath","value":"//span[text()='Error']"}
RESULT: {}
RESULT: {"using":"xpath","value":"//span[text()='Error']"}
COMMAND: POST /session/cda6b29e510b44d9979fdab5b6517565/element - {"using":"xpath","value":"//input[contains(@id ,\"application-billingtransfer-display-component---billingWorkbench--smartFilterBar-btnBasicSearch\")]"}
RESULT: {"using":"xpath","value":"//input[contains(@id ,\"application-billingtransfer-display-component---billingWorkbench--smartFilterBar-btnBasicSearch\")]"}
COMMAND: POST /session/cda6b29e510b44d9979fdab5b6517565/elements - {"using":"xpath","value":"//input[contains(@id ,\"application-billingtransfer-display-component---billingWorkbench--smartFilterBar-btnBasicSearch\")]"}
RESULT: {"using":"xpath","value":"//input[contains(@id ,\"application-billingtransfer-display-component---billingWorkbench--smartFilterBar-btnBasicSearch\")]"}
COMMAND: POST /session/cda6b29e510b44d9979fdab5b6517565/execute/sync - {"script":"<script> [8489 bytes]","args":[{"element-6066-11e4-a52e-4f735466cecf":"f.5E866639E2C7498835F0FF88C67C8471.d.E4B60AC04C8D5C85701AD11BFD5256E9.e.16454","ELEMENT":"f.5E866639E2C7498835F0FF88C67C8471.d.E4B60AC04C8D5C85701AD11BFD5256E9.e.16454"}]}
RESULT: {"script":"<script> [8489 bytes]","args":[{"element-6066-11e4-a52e-4f735466cecf":"f.5E866639E2C7498835F0FF88C67C8471.d.E4B60AC04C8D5C85701AD11BFD5256E9.e.16454","ELEMENT":"f.5E866639E2C7498835F0FF88C67C8471.d.E4B60AC04C8D5C85701AD11BFD5256E9.e.16454"}]}
COMMAND: GET /session/cda6b29e510b44d9979fdab5b6517565/element/f.5E866639E2C7498835F0FF88C67C8471.d.E4B60AC04C8D5C85701AD11BFD5256E9.e.16454/enabled - {}
COMMAND: GET /session/cda6b29e510b44d9979fdab5b6517565/screenshot - {}
RESULT: {}
COMMAND: POST /session/cda6b29e510b44d9979fdab5b6517565/element/f.5E866639E2C7498835F0FF88C67C8471.d.E4B60AC04C8D5C85701AD11BFD5256E9.e.16454/click - {}
COMMAND: GET /session/cda6b29e510b44d9979fdab5b6517565/screenshot - {}
RESULT: {}
RESULT: {}
COMMAND: GET /session/cda6b29e510b44d9979fdab5b6517565/screenshot - {}
RESULT: {}
RESULT: {}
COMMAND: POST /session/cda6b29e510b44d9979fdab5b6517565/element/f.5E866639E2C7498835F0FF88C67C8471.d.E4B60AC04C8D5C85701AD11BFD5256E9.e.16454/clear - {}
RESULT: {}
COMMAND: POST /session/cda6b29e510b44d9979fdab5b6517565/element/f.5E866639E2C7498835F0FF88C67C8471.d.E4B60AC04C8D5C85701AD11BFD5256E9.e.16454/value - {"text":"10341"}
COMMAND: GET /session/cda6b29e510b44d9979fdab5b6517565/screenshot - {}
RESULT: {"text":"10341"}
COMMAND: POST /session/cda6b29e510b44d9979fdab5b6517565/actions - {"actions":[{"id":"action58","type":"key","parameters":{},"actions":[{"type":"keyDown","value":"î€‡"},{"type":"pause","duration":10},{"type":"keyUp","value":"î€‡"}]}]}
COMMAND: GET /session/cda6b29e510b44d9979fdab5b6517565/screenshot - {}
RESULT: {}
RESULT: {"actions":[{"id":"action58","type":"key","parameters":{},"actions":[{"type":"keyDown","value":"î€‡"},{"type":"pause","duration":10},{"type":"keyUp","value":"î€‡"}]}]}
COMMAND: GET /session/cda6b29e510b44d9979fdab5b6517565/screenshot - {}
RESULT: {}
RESULT: {}
COMMAND: POST /session/cda6b29e510b44d9979fdab5b6517565/element - {"using":"xpath","value":"//span[contains(@id ,\"application-billingtransfer-display-component---billingWorkbench--smartTableBillingRuns-header-inner\")]"}
RESULT: {"using":"xpath","value":"//span[contains(@id ,\"application-billingtransfer-display-component---billingWorkbench--smartTableBillingRuns-header-inner\")]"}
COMMAND: POST /session/cda6b29e510b44d9979fdab5b6517565/elements - {"using":"xpath","value":"//span[contains(@id ,\"application-billingtransfer-display-component---billingWorkbench--smartTableBillingRuns-header-inner\")]"}
RESULT: {"using":"xpath","value":"//span[contains(@id ,\"application-billingtransfer-display-component---billingWorkbench--smartTableBillingRuns-header-inner\")]"}
COMMAND: POST /session/cda6b29e510b44d9979fdab5b6517565/execute/sync - {"script":"<script> [56 bytes]","args":[{"element-6066-11e4-a52e-4f735466cecf":"f.5E866639E2C7498835F0FF88C67C8471.d.E4B60AC04C8D5C85701AD11BFD5256E9.e.16617","ELEMENT":"f.5E866639E2C7498835F0FF88C67C8471.d.E4B60AC04C8D5C85701AD11BFD5256E9.e.16617"}]}
RESULT: {"script":"<script> [56 bytes]","args":[{"element-6066-11e4-a52e-4f735466cecf":"f.5E866639E2C7498835F0FF88C67C8471.d.E4B60AC04C8D5C85701AD11BFD5256E9.e.16617","ELEMENT":"f.5E866639E2C7498835F0FF88C67C8471.d.E4B60AC04C8D5C85701AD11BFD5256E9.e.16617"}]}
COMMAND: POST /session/cda6b29e510b44d9979fdab5b6517565/element - {"using":"xpath","value":"//td[@aria-colindex=\"1\"]/div/div[contains(@class, \"sapMCbBg\")]"}
COMMAND: GET /session/cda6b29e510b44d9979fdab5b6517565/screenshot - {}
RESULT: {"using":"xpath","value":"//td[@aria-colindex=\"1\"]/div/div[contains(@class, \"sapMCbBg\")]"}
COMMAND: POST /session/cda6b29e510b44d9979fdab5b6517565/element/f.5E866639E2C7498835F0FF88C67C8471.d.E4B60AC04C8D5C85701AD11BFD5256E9.e.16549/click - {}
RESULT: {}
RESULT: {}
COMMAND: GET /session/cda6b29e510b44d9979fdab5b6517565/screenshot - {}
RESULT: {}
COMMAND: POST /session/cda6b29e510b44d9979fdab5b6517565/element - {"using":"xpath","value":"//bdi[contains(text(), \"Check\")]"}
RESULT: {"using":"xpath","value":"//bdi[contains(text(), \"Check\")]"}
COMMAND: POST /session/cda6b29e510b44d9979fdab5b6517565/element/f.5E866639E2C7498835F0FF88C67C8471.d.E4B60AC04C8D5C85701AD11BFD5256E9.e.16618/click - {}
RESULT: {}
COMMAND: GET /session/cda6b29e510b44d9979fdab5b6517565/screenshot - {}
RESULT: {}
COMMAND: POST /session/cda6b29e510b44d9979fdab5b6517565/element - {"using":"xpath","value":"//bdi[contains(text(), \"OK\")]"}
RESULT: {"using":"xpath","value":"//bdi[contains(text(), \"OK\")]"}
COMMAND: POST /session/cda6b29e510b44d9979fdab5b6517565/element/f.5E866639E2C7498835F0FF88C67C8471.d.E4B60AC04C8D5C85701AD11BFD5256E9.e.16621/click - {}
RESULT: {}
COMMAND: GET /session/cda6b29e510b44d9979fdab5b6517565/screenshot - {}
RESULT: {}
COMMAND: POST /session/cda6b29e510b44d9979fdab5b6517565/element - {"using":"xpath","value":"(//span[contains(text(), \"CO/SD checked\")]/parent::div/preceding-sibling::div/span)[1]"}
RESULT: {"using":"xpath","value":"(//span[contains(text(), \"CO/SD checked\")]/parent::div/preceding-sibling::div/span)[1]"}
COMMAND: POST /session/cda6b29e510b44d9979fdab5b6517565/element/f.5E866639E2C7498835F0FF88C67C8471.d.E4B60AC04C8D5C85701AD11BFD5256E9.e.16622/click - {}
RESULT: {}
COMMAND: GET /session/cda6b29e510b44d9979fdab5b6517565/screenshot - {}
RESULT: {}
COMMAND: POST /session/cda6b29e510b44d9979fdab5b6517565/element - {"using":"xpath","value":"//input[contains(@id ,\"application-billingtransfer-display-component---billingWorkbench--smartFilterBar-btnBasicSearch\")]"}
RESULT: {"using":"xpath","value":"//input[contains(@id ,\"application-billingtransfer-display-component---billingWorkbench--smartFilterBar-btnBasicSearch\")]"}
COMMAND: POST /session/cda6b29e510b44d9979fdab5b6517565/elements - {"using":"xpath","value":"//input[contains(@id ,\"application-billingtransfer-display-component---billingWorkbench--smartFilterBar-btnBasicSearch\")]"}
RESULT: {"using":"xpath","value":"//input[contains(@id ,\"application-billingtransfer-display-component---billingWorkbench--smartFilterBar-btnBasicSearch\")]"}
COMMAND: POST /session/cda6b29e510b44d9979fdab5b6517565/execute/sync - {"script":"<script> [8489 bytes]","args":[{"element-6066-11e4-a52e-4f735466cecf":"f.5E866639E2C7498835F0FF88C67C8471.d.E4B60AC04C8D5C85701AD11BFD5256E9.e.16454","ELEMENT":"f.5E866639E2C7498835F0FF88C67C8471.d.E4B60AC04C8D5C85701AD11BFD5256E9.e.16454"}]}
RESULT: {"script":"<script> [8489 bytes]","args":[{"element-6066-11e4-a52e-4f735466cecf":"f.5E866639E2C7498835F0FF88C67C8471.d.E4B60AC04C8D5C85701AD11BFD5256E9.e.16454","ELEMENT":"f.5E866639E2C7498835F0FF88C67C8471.d.E4B60AC04C8D5C85701AD11BFD5256E9.e.16454"}]}
COMMAND: GET /session/cda6b29e510b44d9979fdab5b6517565/element/f.5E866639E2C7498835F0FF88C67C8471.d.E4B60AC04C8D5C85701AD11BFD5256E9.e.16454/enabled - {}
COMMAND: GET /session/cda6b29e510b44d9979fdab5b6517565/screenshot - {}
RESULT: {}
COMMAND: POST /session/cda6b29e510b44d9979fdab5b6517565/element/f.5E866639E2C7498835F0FF88C67C8471.d.E4B60AC04C8D5C85701AD11BFD5256E9.e.16454/click - {}
COMMAND: GET /session/cda6b29e510b44d9979fdab5b6517565/screenshot - {}
RESULT: {}
RESULT: {}
COMMAND: GET /session/cda6b29e510b44d9979fdab5b6517565/screenshot - {}
RESULT: {}
RESULT: {}
COMMAND: POST /session/cda6b29e510b44d9979fdab5b6517565/element/f.5E866639E2C7498835F0FF88C67C8471.d.E4B60AC04C8D5C85701AD11BFD5256E9.e.16454/clear - {}
RESULT: {}
COMMAND: POST /session/cda6b29e510b44d9979fdab5b6517565/element/f.5E866639E2C7498835F0FF88C67C8471.d.E4B60AC04C8D5C85701AD11BFD5256E9.e.16454/value - {"text":"10341"}
COMMAND: GET /session/cda6b29e510b44d9979fdab5b6517565/screenshot - {}
RESULT: {"text":"10341"}
COMMAND: POST /session/cda6b29e510b44d9979fdab5b6517565/actions - {"actions":[{"id":"action59","type":"key","parameters":{},"actions":[{"type":"keyDown","value":"î€‡"},{"type":"pause","duration":10},{"type":"keyUp","value":"î€‡"}]}]}
COMMAND: GET /session/cda6b29e510b44d9979fdab5b6517565/screenshot - {}
RESULT: {}
RESULT: {"actions":[{"id":"action59","type":"key","parameters":{},"actions":[{"type":"keyDown","value":"î€‡"},{"type":"pause","duration":10},{"type":"keyUp","value":"î€‡"}]}]}
COMMAND: GET /session/cda6b29e510b44d9979fdab5b6517565/screenshot - {}
RESULT: {}
RESULT: {}
COMMAND: POST /session/cda6b29e510b44d9979fdab5b6517565/element - {"using":"xpath","value":"//span[contains(@id ,\"application-billingtransfer-display-component---billingWorkbench--smartTableBillingRuns-header-inner\")]"}
RESULT: {"using":"xpath","value":"//span[contains(@id ,\"application-billingtransfer-display-component---billingWorkbench--smartTableBillingRuns-header-inner\")]"}
COMMAND: POST /session/cda6b29e510b44d9979fdab5b6517565/elements - {"using":"xpath","value":"//span[contains(@id ,\"application-billingtransfer-display-component---billingWorkbench--smartTableBillingRuns-header-inner\")]"}
RESULT: {"using":"xpath","value":"//span[contains(@id ,\"application-billingtransfer-display-component---billingWorkbench--smartTableBillingRuns-header-inner\")]"}
COMMAND: POST /session/cda6b29e510b44d9979fdab5b6517565/execute/sync - {"script":"<script> [56 bytes]","args":[{"element-6066-11e4-a52e-4f735466cecf":"f.5E866639E2C7498835F0FF88C67C8471.d.E4B60AC04C8D5C85701AD11BFD5256E9.e.16617","ELEMENT":"f.5E866639E2C7498835F0FF88C67C8471.d.E4B60AC04C8D5C85701AD11BFD5256E9.e.16617"}]}
RESULT: {"script":"<script> [56 bytes]","args":[{"element-6066-11e4-a52e-4f735466cecf":"f.5E866639E2C7498835F0FF88C67C8471.d.E4B60AC04C8D5C85701AD11BFD5256E9.e.16617","ELEMENT":"f.5E866639E2C7498835F0FF88C67C8471.d.E4B60AC04C8D5C85701AD11BFD5256E9.e.16617"}]}
COMMAND: GET /session/cda6b29e510b44d9979fdab5b6517565/screenshot - {}
RESULT: {}
COMMAND: POST /session/cda6b29e510b44d9979fdab5b6517565/execute/sync - {"script":"<script> [56 bytes]","args":[{"element-6066-11e4-a52e-4f735466cecf":"f.5E866639E2C7498835F0FF88C67C8471.d.E4B60AC04C8D5C85701AD11BFD5256E9.e.16617","ELEMENT":"f.5E866639E2C7498835F0FF88C67C8471.d.E4B60AC04C8D5C85701AD11BFD5256E9.e.16617"}]}
RESULT: {"script":"<script> [56 bytes]","args":[{"element-6066-11e4-a52e-4f735466cecf":"f.5E866639E2C7498835F0FF88C67C8471.d.E4B60AC04C8D5C85701AD11BFD5256E9.e.16617","ELEMENT":"f.5E866639E2C7498835F0FF88C67C8471.d.E4B60AC04C8D5C85701AD11BFD5256E9.e.16617"}]}
COMMAND: GET /session/cda6b29e510b44d9979fdab5b6517565/screenshot - {}
RESULT: {}
COMMAND: POST /session/cda6b29e510b44d9979fdab5b6517565/execute/sync - {"script":"<script> [56 bytes]","args":[{"element-6066-11e4-a52e-4f735466cecf":"f.5E866639E2C7498835F0FF88C67C8471.d.E4B60AC04C8D5C85701AD11BFD5256E9.e.16617","ELEMENT":"f.5E866639E2C7498835F0FF88C67C8471.d.E4B60AC04C8D5C85701AD11BFD5256E9.e.16617"}]}
RESULT: {"script":"<script> [56 bytes]","args":[{"element-6066-11e4-a52e-4f735466cecf":"f.5E866639E2C7498835F0FF88C67C8471.d.E4B60AC04C8D5C85701AD11BFD5256E9.e.16617","ELEMENT":"f.5E866639E2C7498835F0FF88C67C8471.d.E4B60AC04C8D5C85701AD11BFD5256E9.e.16617"}]}
COMMAND: GET /session/cda6b29e510b44d9979fdab5b6517565/screenshot - {}
RESULT: {}
COMMAND: POST /session/cda6b29e510b44d9979fdab5b6517565/execute/sync - {"script":"<script> [56 bytes]","args":[{"element-6066-11e4-a52e-4f735466cecf":"f.5E866639E2C7498835F0FF88C67C8471.d.E4B60AC04C8D5C85701AD11BFD5256E9.e.16617","ELEMENT":"f.5E866639E2C7498835F0FF88C67C8471.d.E4B60AC04C8D5C85701AD11BFD5256E9.e.16617"}]}
RESULT: {"script":"<script> [56 bytes]","args":[{"element-6066-11e4-a52e-4f735466cecf":"f.5E866639E2C7498835F0FF88C67C8471.d.E4B60AC04C8D5C85701AD11BFD5256E9.e.16617","ELEMENT":"f.5E866639E2C7498835F0FF88C67C8471.d.E4B60AC04C8D5C85701AD11BFD5256E9.e.16617"}]}
COMMAND: GET /session/cda6b29e510b44d9979fdab5b6517565/screenshot - {}
COMMAND: POST /session/cda6b29e510b44d9979fdab5b6517565/execute/sync - {"script":"<script> [56 bytes]","args":[{"element-6066-11e4-a52e-4f735466cecf":"f.5E866639E2C7498835F0FF88C67C8471.d.E4B60AC04C8D5C85701AD11BFD5256E9.e.16617","ELEMENT":"f.5E866639E2C7498835F0FF88C67C8471.d.E4B60AC04C8D5C85701AD11BFD5256E9.e.16617"}]}
RESULT: {}
RESULT: {"script":"<script> [56 bytes]","args":[{"element-6066-11e4-a52e-4f735466cecf":"f.5E866639E2C7498835F0FF88C67C8471.d.E4B60AC04C8D5C85701AD11BFD5256E9.e.16617","ELEMENT":"f.5E866639E2C7498835F0FF88C67C8471.d.E4B60AC04C8D5C85701AD11BFD5256E9.e.16617"}]}
COMMAND: GET /session/cda6b29e510b44d9979fdab5b6517565/screenshot - {}
RESULT: {}
COMMAND: POST /session/cda6b29e510b44d9979fdab5b6517565/execute/sync - {"script":"<script> [56 bytes]","args":[{"element-6066-11e4-a52e-4f735466cecf":"f.5E866639E2C7498835F0FF88C67C8471.d.E4B60AC04C8D5C85701AD11BFD5256E9.e.16617","ELEMENT":"f.5E866639E2C7498835F0FF88C67C8471.d.E4B60AC04C8D5C85701AD11BFD5256E9.e.16617"}]}
RESULT: {"script":"<script> [56 bytes]","args":[{"element-6066-11e4-a52e-4f735466cecf":"f.5E866639E2C7498835F0FF88C67C8471.d.E4B60AC04C8D5C85701AD11BFD5256E9.e.16617","ELEMENT":"f.5E866639E2C7498835F0FF88C67C8471.d.E4B60AC04C8D5C85701AD11BFD5256E9.e.16617"}]}
COMMAND: GET /session/cda6b29e510b44d9979fdab5b6517565/screenshot - {}
COMMAND: POST /session/cda6b29e510b44d9979fdab5b6517565/execute/sync - {"script":"<script> [56 bytes]","args":[{"element-6066-11e4-a52e-4f735466cecf":"f.5E866639E2C7498835F0FF88C67C8471.d.E4B60AC04C8D5C85701AD11BFD5256E9.e.16617","ELEMENT":"f.5E866639E2C7498835F0FF88C67C8471.d.E4B60AC04C8D5C85701AD11BFD5256E9.e.16617"}]}
RESULT: {}
RESULT: {"script":"<script> [56 bytes]","args":[{"element-6066-11e4-a52e-4f735466cecf":"f.5E866639E2C7498835F0FF88C67C8471.d.E4B60AC04C8D5C85701AD11BFD5256E9.e.16617","ELEMENT":"f.5E866639E2C7498835F0FF88C67C8471.d.E4B60AC04C8D5C85701AD11BFD5256E9.e.16617"}]}
COMMAND: GET /session/cda6b29e510b44d9979fdab5b6517565/screenshot - {}
RESULT: {}
COMMAND: POST /session/cda6b29e510b44d9979fdab5b6517565/execute/sync - {"script":"<script> [56 bytes]","args":[{"element-6066-11e4-a52e-4f735466cecf":"f.5E866639E2C7498835F0FF88C67C8471.d.E4B60AC04C8D5C85701AD11BFD5256E9.e.16617","ELEMENT":"f.5E866639E2C7498835F0FF88C67C8471.d.E4B60AC04C8D5C85701AD11BFD5256E9.e.16617"}]}
RESULT: {"script":"<script> [56 bytes]","args":[{"element-6066-11e4-a52e-4f735466cecf":"f.5E866639E2C7498835F0FF88C67C8471.d.E4B60AC04C8D5C85701AD11BFD5256E9.e.16617","ELEMENT":"f.5E866639E2C7498835F0FF88C67C8471.d.E4B60AC04C8D5C85701AD11BFD5256E9.e.16617"}]}
COMMAND: GET /session/cda6b29e510b44d9979fdab5b6517565/screenshot - {}
RESULT: {}
COMMAND: POST /session/cda6b29e510b44d9979fdab5b6517565/execute/sync - {"script":"<script> [56 bytes]","args":[{"element-6066-11e4-a52e-4f735466cecf":"f.5E866639E2C7498835F0FF88C67C8471.d.E4B60AC04C8D5C85701AD11BFD5256E9.e.16617","ELEMENT":"f.5E866639E2C7498835F0FF88C67C8471.d.E4B60AC04C8D5C85701AD11BFD5256E9.e.16617"}]}
RESULT: {"script":"<script> [56 bytes]","args":[{"element-6066-11e4-a52e-4f735466cecf":"f.5E866639E2C7498835F0FF88C67C8471.d.E4B60AC04C8D5C85701AD11BFD5256E9.e.16617","ELEMENT":"f.5E866639E2C7498835F0FF88C67C8471.d.E4B60AC04C8D5C85701AD11BFD5256E9.e.16617"}]}
COMMAND: GET /session/cda6b29e510b44d9979fdab5b6517565/screenshot - {}
RESULT: {}
COMMAND: POST /session/cda6b29e510b44d9979fdab5b6517565/execute/sync - {"script":"<script> [56 bytes]","args":[{"element-6066-11e4-a52e-4f735466cecf":"f.5E866639E2C7498835F0FF88C67C8471.d.E4B60AC04C8D5C85701AD11BFD5256E9.e.16617","ELEMENT":"f.5E866639E2C7498835F0FF88C67C8471.d.E4B60AC04C8D5C85701AD11BFD5256E9.e.16617"}]}
RESULT: {"script":"<script> [56 bytes]","args":[{"element-6066-11e4-a52e-4f735466cecf":"f.5E866639E2C7498835F0FF88C67C8471.d.E4B60AC04C8D5C85701AD11BFD5256E9.e.16617","ELEMENT":"f.5E866639E2C7498835F0FF88C67C8471.d.E4B60AC04C8D5C85701AD11BFD5256E9.e.16617"}]}
COMMAND: GET /session/cda6b29e510b44d9979fdab5b6517565/screenshot - {}
RESULT: {}
COMMAND: POST /session/cda6b29e510b44d9979fdab5b6517565/execute/sync - {"script":"<script> [56 bytes]","args":[{"element-6066-11e4-a52e-4f735466cecf":"f.5E866639E2C7498835F0FF88C67C8471.d.E4B60AC04C8D5C85701AD11BFD5256E9.e.16617","ELEMENT":"f.5E866639E2C7498835F0FF88C67C8471.d.E4B60AC04C8D5C85701AD11BFD5256E9.e.16617"}]}
RESULT: {"script":"<script> [56 bytes]","args":[{"element-6066-11e4-a52e-4f735466cecf":"f.5E866639E2C7498835F0FF88C67C8471.d.E4B60AC04C8D5C85701AD11BFD5256E9.e.16617","ELEMENT":"f.5E866639E2C7498835F0FF88C67C8471.d.E4B60AC04C8D5C85701AD11BFD5256E9.e.16617"}]}
COMMAND: GET /session/cda6b29e510b44d9979fdab5b6517565/screenshot - {}
RESULT: {}
COMMAND: POST /session/cda6b29e510b44d9979fdab5b6517565/execute/sync - {"script":"<script> [56 bytes]","args":[{"element-6066-11e4-a52e-4f735466cecf":"f.5E866639E2C7498835F0FF88C67C8471.d.E4B60AC04C8D5C85701AD11BFD5256E9.e.16617","ELEMENT":"f.5E866639E2C7498835F0FF88C67C8471.d.E4B60AC04C8D5C85701AD11BFD5256E9.e.16617"}]}
RESULT: {"script":"<script> [56 bytes]","args":[{"element-6066-11e4-a52e-4f735466cecf":"f.5E866639E2C7498835F0FF88C67C8471.d.E4B60AC04C8D5C85701AD11BFD5256E9.e.16617","ELEMENT":"f.5E866639E2C7498835F0FF88C67C8471.d.E4B60AC04C8D5C85701AD11BFD5256E9.e.16617"}]}
COMMAND: GET /session/cda6b29e510b44d9979fdab5b6517565/screenshot - {}
COMMAND: POST /session/cda6b29e510b44d9979fdab5b6517565/execute/sync - {"script":"<script> [56 bytes]","args":[{"element-6066-11e4-a52e-4f735466cecf":"f.5E866639E2C7498835F0FF88C67C8471.d.E4B60AC04C8D5C85701AD11BFD5256E9.e.16617","ELEMENT":"f.5E866639E2C7498835F0FF88C67C8471.d.E4B60AC04C8D5C85701AD11BFD5256E9.e.16617"}]}
RESULT: {}
RESULT: {"script":"<script> [56 bytes]","args":[{"element-6066-11e4-a52e-4f735466cecf":"f.5E866639E2C7498835F0FF88C67C8471.d.E4B60AC04C8D5C85701AD11BFD5256E9.e.16617","ELEMENT":"f.5E866639E2C7498835F0FF88C67C8471.d.E4B60AC04C8D5C85701AD11BFD5256E9.e.16617"}]}
COMMAND: GET /session/cda6b29e510b44d9979fdab5b6517565/screenshot - {}
RESULT: {}
COMMAND: POST /session/cda6b29e510b44d9979fdab5b6517565/execute/sync - {"script":"<script> [56 bytes]","args":[{"element-6066-11e4-a52e-4f735466cecf":"f.5E866639E2C7498835F0FF88C67C8471.d.E4B60AC04C8D5C85701AD11BFD5256E9.e.16617","ELEMENT":"f.5E866639E2C7498835F0FF88C67C8471.d.E4B60AC04C8D5C85701AD11BFD5256E9.e.16617"}]}
RESULT: {"script":"<script> [56 bytes]","args":[{"element-6066-11e4-a52e-4f735466cecf":"f.5E866639E2C7498835F0FF88C67C8471.d.E4B60AC04C8D5C85701AD11BFD5256E9.e.16617","ELEMENT":"f.5E866639E2C7498835F0FF88C67C8471.d.E4B60AC04C8D5C85701AD11BFD5256E9.e.16617"}]}
COMMAND: GET /session/cda6b29e510b44d9979fdab5b6517565/screenshot - {}
RESULT: {}
COMMAND: POST /session/cda6b29e510b44d9979fdab5b6517565/execute/sync - {"script":"<script> [56 bytes]","args":[{"element-6066-11e4-a52e-4f735466cecf":"f.5E866639E2C7498835F0FF88C67C8471.d.E4B60AC04C8D5C85701AD11BFD5256E9.e.16617","ELEMENT":"f.5E866639E2C7498835F0FF88C67C8471.d.E4B60AC04C8D5C85701AD11BFD5256E9.e.16617"}]}
RESULT: {"script":"<script> [56 bytes]","args":[{"element-6066-11e4-a52e-4f735466cecf":"f.5E866639E2C7498835F0FF88C67C8471.d.E4B60AC04C8D5C85701AD11BFD5256E9.e.16617","ELEMENT":"f.5E866639E2C7498835F0FF88C67C8471.d.E4B60AC04C8D5C85701AD11BFD5256E9.e.16617"}]}
COMMAND: GET /session/cda6b29e510b44d9979fdab5b6517565/screenshot - {}
RESULT: {}
COMMAND: POST /session/cda6b29e510b44d9979fdab5b6517565/execute/sync - {"script":"<script> [56 bytes]","args":[{"element-6066-11e4-a52e-4f735466cecf":"f.5E866639E2C7498835F0FF88C67C8471.d.E4B60AC04C8D5C85701AD11BFD5256E9.e.16617","ELEMENT":"f.5E866639E2C7498835F0FF88C67C8471.d.E4B60AC04C8D5C85701AD11BFD5256E9.e.16617"}]}
RESULT: {"script":"<script> [56 bytes]","args":[{"element-6066-11e4-a52e-4f735466cecf":"f.5E866639E2C7498835F0FF88C67C8471.d.E4B60AC04C8D5C85701AD11BFD5256E9.e.16617","ELEMENT":"f.5E866639E2C7498835F0FF88C67C8471.d.E4B60AC04C8D5C85701AD11BFD5256E9.e.16617"}]}
COMMAND: GET /session/cda6b29e510b44d9979fdab5b6517565/screenshot - {}
RESULT: {}
COMMAND: POST /session/cda6b29e510b44d9979fdab5b6517565/execute/sync - {"script":"<script> [56 bytes]","args":[{"element-6066-11e4-a52e-4f735466cecf":"f.5E866639E2C7498835F0FF88C67C8471.d.E4B60AC04C8D5C85701AD11BFD5256E9.e.16617","ELEMENT":"f.5E866639E2C7498835F0FF88C67C8471.d.E4B60AC04C8D5C85701AD11BFD5256E9.e.16617"}]}
RESULT: {"script":"<script> [56 bytes]","args":[{"element-6066-11e4-a52e-4f735466cecf":"f.5E866639E2C7498835F0FF88C67C8471.d.E4B60AC04C8D5C85701AD11BFD5256E9.e.16617","ELEMENT":"f.5E866639E2C7498835F0FF88C67C8471.d.E4B60AC04C8D5C85701AD11BFD5256E9.e.16617"}]}
COMMAND: GET /session/cda6b29e510b44d9979fdab5b6517565/screenshot - {}
RESULT: {}
COMMAND: POST /session/cda6b29e510b44d9979fdab5b6517565/execute/sync - {"script":"<script> [56 bytes]","args":[{"element-6066-11e4-a52e-4f735466cecf":"f.5E866639E2C7498835F0FF88C67C8471.d.E4B60AC04C8D5C85701AD11BFD5256E9.e.16617","ELEMENT":"f.5E866639E2C7498835F0FF88C67C8471.d.E4B60AC04C8D5C85701AD11BFD5256E9.e.16617"}]}
RESULT: {"script":"<script> [56 bytes]","args":[{"element-6066-11e4-a52e-4f735466cecf":"f.5E866639E2C7498835F0FF88C67C8471.d.E4B60AC04C8D5C85701AD11BFD5256E9.e.16617","ELEMENT":"f.5E866639E2C7498835F0FF88C67C8471.d.E4B60AC04C8D5C85701AD11BFD5256E9.e.16617"}]}
COMMAND: GET /session/cda6b29e510b44d9979fdab5b6517565/screenshot - {}
RESULT: {}
COMMAND: POST /session/cda6b29e510b44d9979fdab5b6517565/execute/sync - {"script":"<script> [56 bytes]","args":[{"element-6066-11e4-a52e-4f735466cecf":"f.5E866639E2C7498835F0FF88C67C8471.d.E4B60AC04C8D5C85701AD11BFD5256E9.e.16617","ELEMENT":"f.5E866639E2C7498835F0FF88C67C8471.d.E4B60AC04C8D5C85701AD11BFD5256E9.e.16617"}]}
RESULT: {"script":"<script> [56 bytes]","args":[{"element-6066-11e4-a52e-4f735466cecf":"f.5E866639E2C7498835F0FF88C67C8471.d.E4B60AC04C8D5C85701AD11BFD5256E9.e.16617","ELEMENT":"f.5E866639E2C7498835F0FF88C67C8471.d.E4B60AC04C8D5C85701AD11BFD5256E9.e.16617"}]}
COMMAND: GET /session/cda6b29e510b44d9979fdab5b6517565/screenshot - {}
RESULT: {}
COMMAND: POST /session/cda6b29e510b44d9979fdab5b6517565/execute/sync - {"script":"<script> [56 bytes]","args":[{"element-6066-11e4-a52e-4f735466cecf":"f.5E866639E2C7498835F0FF88C67C8471.d.E4B60AC04C8D5C85701AD11BFD5256E9.e.16617","ELEMENT":"f.5E866639E2C7498835F0FF88C67C8471.d.E4B60AC04C8D5C85701AD11BFD5256E9.e.16617"}]}
RESULT: {"script":"<script> [56 bytes]","args":[{"element-6066-11e4-a52e-4f735466cecf":"f.5E866639E2C7498835F0FF88C67C8471.d.E4B60AC04C8D5C85701AD11BFD5256E9.e.16617","ELEMENT":"f.5E866639E2C7498835F0FF88C67C8471.d.E4B60AC04C8D5C85701AD11BFD5256E9.e.16617"}]}
COMMAND: GET /session/cda6b29e510b44d9979fdab5b6517565/screenshot - {}
RESULT: {}
COMMAND: POST /session/cda6b29e510b44d9979fdab5b6517565/execute/sync - {"script":"<script> [56 bytes]","args":[{"element-6066-11e4-a52e-4f735466cecf":"f.5E866639E2C7498835F0FF88C67C8471.d.E4B60AC04C8D5C85701AD11BFD5256E9.e.16617","ELEMENT":"f.5E866639E2C7498835F0FF88C67C8471.d.E4B60AC04C8D5C85701AD11BFD5256E9.e.16617"}]}
RESULT: {"script":"<script> [56 bytes]","args":[{"element-6066-11e4-a52e-4f735466cecf":"f.5E866639E2C7498835F0FF88C67C8471.d.E4B60AC04C8D5C85701AD11BFD5256E9.e.16617","ELEMENT":"f.5E866639E2C7498835F0FF88C67C8471.d.E4B60AC04C8D5C85701AD11BFD5256E9.e.16617"}]}
COMMAND: GET /session/cda6b29e510b44d9979fdab5b6517565/screenshot - {}
RESULT: {}
COMMAND: POST /session/cda6b29e510b44d9979fdab5b6517565/execute/sync - {"script":"<script> [56 bytes]","args":[{"element-6066-11e4-a52e-4f735466cecf":"f.5E866639E2C7498835F0FF88C67C8471.d.E4B60AC04C8D5C85701AD11BFD5256E9.e.16617","ELEMENT":"f.5E866639E2C7498835F0FF88C67C8471.d.E4B60AC04C8D5C85701AD11BFD5256E9.e.16617"}]}
RESULT: {"script":"<script> [56 bytes]","args":[{"element-6066-11e4-a52e-4f735466cecf":"f.5E866639E2C7498835F0FF88C67C8471.d.E4B60AC04C8D5C85701AD11BFD5256E9.e.16617","ELEMENT":"f.5E866639E2C7498835F0FF88C67C8471.d.E4B60AC04C8D5C85701AD11BFD5256E9.e.16617"}]}
COMMAND: GET /session/cda6b29e510b44d9979fdab5b6517565/screenshot - {}
RESULT: {}
COMMAND: POST /session/cda6b29e510b44d9979fdab5b6517565/execute/sync - {"script":"<script> [56 bytes]","args":[{"element-6066-11e4-a52e-4f735466cecf":"f.5E866639E2C7498835F0FF88C67C8471.d.E4B60AC04C8D5C85701AD11BFD5256E9.e.16617","ELEMENT":"f.5E866639E2C7498835F0FF88C67C8471.d.E4B60AC04C8D5C85701AD11BFD5256E9.e.16617"}]}
RESULT: {"script":"<script> [56 bytes]","args":[{"element-6066-11e4-a52e-4f735466cecf":"f.5E866639E2C7498835F0FF88C67C8471.d.E4B60AC04C8D5C85701AD11BFD5256E9.e.16617","ELEMENT":"f.5E866639E2C7498835F0FF88C67C8471.d.E4B60AC04C8D5C85701AD11BFD5256E9.e.16617"}]}
COMMAND: GET /session/cda6b29e510b44d9979fdab5b6517565/screenshot - {}
RESULT: {}
COMMAND: POST /session/cda6b29e510b44d9979fdab5b6517565/execute/sync - {"script":"<script> [56 bytes]","args":[{"element-6066-11e4-a52e-4f735466cecf":"f.5E866639E2C7498835F0FF88C67C8471.d.E4B60AC04C8D5C85701AD11BFD5256E9.e.16617","ELEMENT":"f.5E866639E2C7498835F0FF88C67C8471.d.E4B60AC04C8D5C85701AD11BFD5256E9.e.16617"}]}
RESULT: {"script":"<script> [56 bytes]","args":[{"element-6066-11e4-a52e-4f735466cecf":"f.5E866639E2C7498835F0FF88C67C8471.d.E4B60AC04C8D5C85701AD11BFD5256E9.e.16617","ELEMENT":"f.5E866639E2C7498835F0FF88C67C8471.d.E4B60AC04C8D5C85701AD11BFD5256E9.e.16617"}]}
COMMAND: GET /session/cda6b29e510b44d9979fdab5b6517565/screenshot - {}
RESULT: {}
COMMAND: POST /session/cda6b29e510b44d9979fdab5b6517565/execute/sync - {"script":"<script> [56 bytes]","args":[{"element-6066-11e4-a52e-4f735466cecf":"f.5E866639E2C7498835F0FF88C67C8471.d.E4B60AC04C8D5C85701AD11BFD5256E9.e.16617","ELEMENT":"f.5E866639E2C7498835F0FF88C67C8471.d.E4B60AC04C8D5C85701AD11BFD5256E9.e.16617"}]}
RESULT: {"script":"<script> [56 bytes]","args":[{"element-6066-11e4-a52e-4f735466cecf":"f.5E866639E2C7498835F0FF88C67C8471.d.E4B60AC04C8D5C85701AD11BFD5256E9.e.16617","ELEMENT":"f.5E866639E2C7498835F0FF88C67C8471.d.E4B60AC04C8D5C85701AD11BFD5256E9.e.16617"}]}
COMMAND: GET /session/cda6b29e510b44d9979fdab5b6517565/screenshot - {}
RESULT: {}
COMMAND: POST /session/cda6b29e510b44d9979fdab5b6517565/execute/sync - {"script":"<script> [56 bytes]","args":[{"element-6066-11e4-a52e-4f735466cecf":"f.5E866639E2C7498835F0FF88C67C8471.d.E4B60AC04C8D5C85701AD11BFD5256E9.e.16617","ELEMENT":"f.5E866639E2C7498835F0FF88C67C8471.d.E4B60AC04C8D5C85701AD11BFD5256E9.e.16617"}]}
RESULT: {"script":"<script> [56 bytes]","args":[{"element-6066-11e4-a52e-4f735466cecf":"f.5E866639E2C7498835F0FF88C67C8471.d.E4B60AC04C8D5C85701AD11BFD5256E9.e.16617","ELEMENT":"f.5E866639E2C7498835F0FF88C67C8471.d.E4B60AC04C8D5C85701AD11BFD5256E9.e.16617"}]}
COMMAND: GET /session/cda6b29e510b44d9979fdab5b6517565/screenshot - {}
RESULT: {}
COMMAND: POST /session/cda6b29e510b44d9979fdab5b6517565/execute/sync - {"script":"<script> [56 bytes]","args":[{"element-6066-11e4-a52e-4f735466cecf":"f.5E866639E2C7498835F0FF88C67C8471.d.E4B60AC04C8D5C85701AD11BFD5256E9.e.16617","ELEMENT":"f.5E866639E2C7498835F0FF88C67C8471.d.E4B60AC04C8D5C85701AD11BFD5256E9.e.16617"}]}
RESULT: {"script":"<script> [56 bytes]","args":[{"element-6066-11e4-a52e-4f735466cecf":"f.5E866639E2C7498835F0FF88C67C8471.d.E4B60AC04C8D5C85701AD11BFD5256E9.e.16617","ELEMENT":"f.5E866639E2C7498835F0FF88C67C8471.d.E4B60AC04C8D5C85701AD11BFD5256E9.e.16617"}]}
COMMAND: GET /session/cda6b29e510b44d9979fdab5b6517565/screenshot - {}
RESULT: {}
COMMAND: POST /session/cda6b29e510b44d9979fdab5b6517565/execute/sync - {"script":"<script> [56 bytes]","args":[{"element-6066-11e4-a52e-4f735466cecf":"f.5E866639E2C7498835F0FF88C67C8471.d.E4B60AC04C8D5C85701AD11BFD5256E9.e.16617","ELEMENT":"f.5E866639E2C7498835F0FF88C67C8471.d.E4B60AC04C8D5C85701AD11BFD5256E9.e.16617"}]}
RESULT: {"script":"<script> [56 bytes]","args":[{"element-6066-11e4-a52e-4f735466cecf":"f.5E866639E2C7498835F0FF88C67C8471.d.E4B60AC04C8D5C85701AD11BFD5256E9.e.16617","ELEMENT":"f.5E866639E2C7498835F0FF88C67C8471.d.E4B60AC04C8D5C85701AD11BFD5256E9.e.16617"}]}
COMMAND: POST /session/cda6b29e510b44d9979fdab5b6517565/element - {"using":"xpath","value":"//td[@aria-colindex=\"1\"]/div/div[contains(@class, \"sapMCbBg\")]"}
COMMAND: GET /session/cda6b29e510b44d9979fdab5b6517565/screenshot - {}
RESULT: {"using":"xpath","value":"//td[@aria-colindex=\"1\"]/div/div[contains(@class, \"sapMCbBg\")]"}
COMMAND: POST /session/cda6b29e510b44d9979fdab5b6517565/element/f.5E866639E2C7498835F0FF88C67C8471.d.E4B60AC04C8D5C85701AD11BFD5256E9.e.16626/click - {}
RESULT: {}
RESULT: {}
COMMAND: GET /session/cda6b29e510b44d9979fdab5b6517565/screenshot - {}
RESULT: {}
COMMAND: POST /session/cda6b29e510b44d9979fdab5b6517565/element - {"using":"xpath","value":"//bdi[text()=\"Transfer\"]"}
RESULT: {"using":"xpath","value":"//bdi[text()=\"Transfer\"]"}
COMMAND: POST /session/cda6b29e510b44d9979fdab5b6517565/element/f.5E866639E2C7498835F0FF88C67C8471.d.E4B60AC04C8D5C85701AD11BFD5256E9.e.16627/click - {}
RESULT: {}
COMMAND: GET /session/cda6b29e510b44d9979fdab5b6517565/screenshot - {}
RESULT: {}
COMMAND: POST /session/cda6b29e510b44d9979fdab5b6517565/element - {"using":"xpath","value":"//bdi[contains(text(), \"OK\")]"}
RESULT: {"using":"xpath","value":"//bdi[contains(text(), \"OK\")]"}
COMMAND: POST /session/cda6b29e510b44d9979fdab5b6517565/element/f.5E866639E2C7498835F0FF88C67C8471.d.E4B60AC04C8D5C85701AD11BFD5256E9.e.16630/click - {}
RESULT: {}
COMMAND: GET /session/cda6b29e510b44d9979fdab5b6517565/screenshot - {}
RESULT: {}
COMMAND: POST /session/cda6b29e510b44d9979fdab5b6517565/element - {"using":"xpath","value":"(//span[contains(text(), \"Completed\")]/parent::div/preceding-sibling::div/span)[1]"}
RESULT: {"using":"xpath","value":"(//span[contains(text(), \"Completed\")]/parent::div/preceding-sibling::div/span)[1]"}
COMMAND: POST /session/cda6b29e510b44d9979fdab5b6517565/element/f.5E866639E2C7498835F0FF88C67C8471.d.E4B60AC04C8D5C85701AD11BFD5256E9.e.16638/click - {}
RESULT: {}
COMMAND: POST /session/cda6b29e510b44d9979fdab5b6517565/element - {"using":"xpath","value":"//input[contains(@id ,\"application-billingtransfer-display-component---billingWorkbench--smartFilterBar-btnBasicSearch\")]"}
COMMAND: GET /session/cda6b29e510b44d9979fdab5b6517565/screenshot - {}
RESULT: {"using":"xpath","value":"//input[contains(@id ,\"application-billingtransfer-display-component---billingWorkbench--smartFilterBar-btnBasicSearch\")]"}
COMMAND: POST /session/cda6b29e510b44d9979fdab5b6517565/elements - {"using":"xpath","value":"//input[contains(@id ,\"application-billingtransfer-display-component---billingWorkbench--smartFilterBar-btnBasicSearch\")]"}
RESULT: {}
RESULT: {"using":"xpath","value":"//input[contains(@id ,\"application-billingtransfer-display-component---billingWorkbench--smartFilterBar-btnBasicSearch\")]"}
COMMAND: POST /session/cda6b29e510b44d9979fdab5b6517565/execute/sync - {"script":"<script> [8489 bytes]","args":[{"element-6066-11e4-a52e-4f735466cecf":"f.5E866639E2C7498835F0FF88C67C8471.d.E4B60AC04C8D5C85701AD11BFD5256E9.e.16454","ELEMENT":"f.5E866639E2C7498835F0FF88C67C8471.d.E4B60AC04C8D5C85701AD11BFD5256E9.e.16454"}]}
RESULT: {"script":"<script> [8489 bytes]","args":[{"element-6066-11e4-a52e-4f735466cecf":"f.5E866639E2C7498835F0FF88C67C8471.d.E4B60AC04C8D5C85701AD11BFD5256E9.e.16454","ELEMENT":"f.5E866639E2C7498835F0FF88C67C8471.d.E4B60AC04C8D5C85701AD11BFD5256E9.e.16454"}]}
COMMAND: GET /session/cda6b29e510b44d9979fdab5b6517565/element/f.5E866639E2C7498835F0FF88C67C8471.d.E4B60AC04C8D5C85701AD11BFD5256E9.e.16454/enabled - {}
COMMAND: GET /session/cda6b29e510b44d9979fdab5b6517565/screenshot - {}
RESULT: {}
COMMAND: POST /session/cda6b29e510b44d9979fdab5b6517565/element/f.5E866639E2C7498835F0FF88C67C8471.d.E4B60AC04C8D5C85701AD11BFD5256E9.e.16454/click - {}
COMMAND: GET /session/cda6b29e510b44d9979fdab5b6517565/screenshot - {}
RESULT: {}
RESULT: {}
COMMAND: GET /session/cda6b29e510b44d9979fdab5b6517565/screenshot - {}
RESULT: {}
RESULT: {}
COMMAND: POST /session/cda6b29e510b44d9979fdab5b6517565/element/f.5E866639E2C7498835F0FF88C67C8471.d.E4B60AC04C8D5C85701AD11BFD5256E9.e.16454/clear - {}
RESULT: {}
COMMAND: POST /session/cda6b29e510b44d9979fdab5b6517565/element/f.5E866639E2C7498835F0FF88C67C8471.d.E4B60AC04C8D5C85701AD11BFD5256E9.e.16454/value - {"text":"10341"}
COMMAND: GET /session/cda6b29e510b44d9979fdab5b6517565/screenshot - {}
RESULT: {"text":"10341"}
COMMAND: POST /session/cda6b29e510b44d9979fdab5b6517565/actions - {"actions":[{"id":"action60","type":"key","parameters":{},"actions":[{"type":"keyDown","value":"î€‡"},{"type":"pause","duration":10},{"type":"keyUp","value":"î€‡"}]}]}
COMMAND: GET /session/cda6b29e510b44d9979fdab5b6517565/screenshot - {}
RESULT: {}
RESULT: {"actions":[{"id":"action60","type":"key","parameters":{},"actions":[{"type":"keyDown","value":"î€‡"},{"type":"pause","duration":10},{"type":"keyUp","value":"î€‡"}]}]}
COMMAND: GET /session/cda6b29e510b44d9979fdab5b6517565/screenshot - {}
RESULT: {}
RESULT: {}
COMMAND: POST /session/cda6b29e510b44d9979fdab5b6517565/element - {"using":"xpath","value":"//span[contains(@id ,\"application-billingtransfer-display-component---billingWorkbench--smartTableBillingRuns-header-inner\")]"}
RESULT: {"using":"xpath","value":"//span[contains(@id ,\"application-billingtransfer-display-component---billingWorkbench--smartTableBillingRuns-header-inner\")]"}
COMMAND: POST /session/cda6b29e510b44d9979fdab5b6517565/elements - {"using":"xpath","value":"//span[contains(@id ,\"application-billingtransfer-display-component---billingWorkbench--smartTableBillingRuns-header-inner\")]"}
RESULT: {"using":"xpath","value":"//span[contains(@id ,\"application-billingtransfer-display-component---billingWorkbench--smartTableBillingRuns-header-inner\")]"}
COMMAND: POST /session/cda6b29e510b44d9979fdab5b6517565/execute/sync - {"script":"<script> [56 bytes]","args":[{"element-6066-11e4-a52e-4f735466cecf":"f.5E866639E2C7498835F0FF88C67C8471.d.E4B60AC04C8D5C85701AD11BFD5256E9.e.16617","ELEMENT":"f.5E866639E2C7498835F0FF88C67C8471.d.E4B60AC04C8D5C85701AD11BFD5256E9.e.16617"}]}
RESULT: {"script":"<script> [56 bytes]","args":[{"element-6066-11e4-a52e-4f735466cecf":"f.5E866639E2C7498835F0FF88C67C8471.d.E4B60AC04C8D5C85701AD11BFD5256E9.e.16617","ELEMENT":"f.5E866639E2C7498835F0FF88C67C8471.d.E4B60AC04C8D5C85701AD11BFD5256E9.e.16617"}]}
COMMAND: GET /session/cda6b29e510b44d9979fdab5b6517565/screenshot - {}
RESULT: {}
COMMAND: POST /session/cda6b29e510b44d9979fdab5b6517565/execute/sync - {"script":"<script> [56 bytes]","args":[{"element-6066-11e4-a52e-4f735466cecf":"f.5E866639E2C7498835F0FF88C67C8471.d.E4B60AC04C8D5C85701AD11BFD5256E9.e.16617","ELEMENT":"f.5E866639E2C7498835F0FF88C67C8471.d.E4B60AC04C8D5C85701AD11BFD5256E9.e.16617"}]}
RESULT: {"script":"<script> [56 bytes]","args":[{"element-6066-11e4-a52e-4f735466cecf":"f.5E866639E2C7498835F0FF88C67C8471.d.E4B60AC04C8D5C85701AD11BFD5256E9.e.16617","ELEMENT":"f.5E866639E2C7498835F0FF88C67C8471.d.E4B60AC04C8D5C85701AD11BFD5256E9.e.16617"}]}
COMMAND: GET /session/cda6b29e510b44d9979fdab5b6517565/screenshot - {}
RESULT: {}
COMMAND: POST /session/cda6b29e510b44d9979fdab5b6517565/execute/sync - {"script":"<script> [56 bytes]","args":[{"element-6066-11e4-a52e-4f735466cecf":"f.5E866639E2C7498835F0FF88C67C8471.d.E4B60AC04C8D5C85701AD11BFD5256E9.e.16617","ELEMENT":"f.5E866639E2C7498835F0FF88C67C8471.d.E4B60AC04C8D5C85701AD11BFD5256E9.e.16617"}]}
RESULT: {"script":"<script> [56 bytes]","args":[{"element-6066-11e4-a52e-4f735466cecf":"f.5E866639E2C7498835F0FF88C67C8471.d.E4B60AC04C8D5C85701AD11BFD5256E9.e.16617","ELEMENT":"f.5E866639E2C7498835F0FF88C67C8471.d.E4B60AC04C8D5C85701AD11BFD5256E9.e.16617"}]}
COMMAND: GET /session/cda6b29e510b44d9979fdab5b6517565/screenshot - {}
RESULT: {}
COMMAND: POST /session/cda6b29e510b44d9979fdab5b6517565/execute/sync - {"script":"<script> [56 bytes]","args":[{"element-6066-11e4-a52e-4f735466cecf":"f.5E866639E2C7498835F0FF88C67C8471.d.E4B60AC04C8D5C85701AD11BFD5256E9.e.16617","ELEMENT":"f.5E866639E2C7498835F0FF88C67C8471.d.E4B60AC04C8D5C85701AD11BFD5256E9.e.16617"}]}
RESULT: {"script":"<script> [56 bytes]","args":[{"element-6066-11e4-a52e-4f735466cecf":"f.5E866639E2C7498835F0FF88C67C8471.d.E4B60AC04C8D5C85701AD11BFD5256E9.e.16617","ELEMENT":"f.5E866639E2C7498835F0FF88C67C8471.d.E4B60AC04C8D5C85701AD11BFD5256E9.e.16617"}]}
COMMAND: GET /session/cda6b29e510b44d9979fdab5b6517565/screenshot - {}
RESULT: {}
COMMAND: POST /session/cda6b29e510b44d9979fdab5b6517565/execute/sync - {"script":"<script> [56 bytes]","args":[{"element-6066-11e4-a52e-4f735466cecf":"f.5E866639E2C7498835F0FF88C67C8471.d.E4B60AC04C8D5C85701AD11BFD5256E9.e.16617","ELEMENT":"f.5E866639E2C7498835F0FF88C67C8471.d.E4B60AC04C8D5C85701AD11BFD5256E9.e.16617"}]}
RESULT: {"script":"<script> [56 bytes]","args":[{"element-6066-11e4-a52e-4f735466cecf":"f.5E866639E2C7498835F0FF88C67C8471.d.E4B60AC04C8D5C85701AD11BFD5256E9.e.16617","ELEMENT":"f.5E866639E2C7498835F0FF88C67C8471.d.E4B60AC04C8D5C85701AD11BFD5256E9.e.16617"}]}
COMMAND: POST /session/cda6b29e510b44d9979fdab5b6517565/element - {"using":"css selector","value":"#shell-header-logo"}
COMMAND: GET /session/cda6b29e510b44d9979fdab5b6517565/screenshot - {}
RESULT: {"using":"css selector","value":"#shell-header-logo"}
COMMAND: POST /session/cda6b29e510b44d9979fdab5b6517565/element/f.5E866639E2C7498835F0FF88C67C8471.d.E4B60AC04C8D5C85701AD11BFD5256E9.e.16452/click - {}
RESULT: {}
RESULT: {}
COMMAND: GET /session/cda6b29e510b44d9979fdab5b6517565/screenshot - {}
RESULT: {}
COMMAND: POST /session/cda6b29e510b44d9979fdab5b6517565/element - {"using":"css selector","value":"#j_username"}
COMMAND: POST /session/cda6b29e510b44d9979fdab5b6517565/url - {"url":"https://qa-testing-00-live-etm-ui.cfapps.eu10-004.hana.ondemand.com/"}
RESULT: {"using":"css selector","value":"#j_username"}
COMMAND: POST /session/cda6b29e510b44d9979fdab5b6517565/element - {"using":"css selector","value":"#j_username"}
RESULT: {"url":"https://qa-testing-00-live-etm-ui.cfapps.eu10-004.hana.ondemand.com/"}
RESULT: undefined
COMMAND: GET /session/cda6b29e510b44d9979fdab5b6517565/screenshot - {}
RESULT: {"using":"css selector","value":"#j_username"}
COMMAND: POST /session/cda6b29e510b44d9979fdab5b6517565/element - {"using":"css selector","value":"#shell-header-logo"}
RESULT: {}
RESULT: {"using":"css selector","value":"#shell-header-logo"}
COMMAND: POST /session/cda6b29e510b44d9979fdab5b6517565/execute/sync - {"script":"<script> [8489 bytes]","args":[{"element-6066-11e4-a52e-4f735466cecf":"f.5E866639E2C7498835F0FF88C67C8471.d.E4A3566C89C7661FC4B254DDAF46EF32.e.16661","ELEMENT":"f.5E866639E2C7498835F0FF88C67C8471.d.E4A3566C89C7661FC4B254DDAF46EF32.e.16661"}]}
RESULT: {"script":"<script> [8489 bytes]","args":[{"element-6066-11e4-a52e-4f735466cecf":"f.5E866639E2C7498835F0FF88C67C8471.d.E4A3566C89C7661FC4B254DDAF46EF32.e.16661","ELEMENT":"f.5E866639E2C7498835F0FF88C67C8471.d.E4A3566C89C7661FC4B254DDAF46EF32.e.16661"}]}
COMMAND: POST /session/cda6b29e510b44d9979fdab5b6517565/element - {"using":"css selector","value":"#shell-header-logo"}
COMMAND: GET /session/cda6b29e510b44d9979fdab5b6517565/screenshot - {}
RESULT: {"using":"css selector","value":"#shell-header-logo"}
COMMAND: POST /session/cda6b29e510b44d9979fdab5b6517565/execute/sync - {"script":"<script> [8489 bytes]","args":[{"element-6066-11e4-a52e-4f735466cecf":"f.5E866639E2C7498835F0FF88C67C8471.d.E4A3566C89C7661FC4B254DDAF46EF32.e.16661","ELEMENT":"f.5E866639E2C7498835F0FF88C67C8471.d.E4A3566C89C7661FC4B254DDAF46EF32.e.16661"}]}
RESULT: {}
RESULT: {"script":"<script> [8489 bytes]","args":[{"element-6066-11e4-a52e-4f735466cecf":"f.5E866639E2C7498835F0FF88C67C8471.d.E4A3566C89C7661FC4B254DDAF46EF32.e.16661","ELEMENT":"f.5E866639E2C7498835F0FF88C67C8471.d.E4A3566C89C7661FC4B254DDAF46EF32.e.16661"}]}
COMMAND: POST /session/cda6b29e510b44d9979fdab5b6517565/execute/sync - {"script":"<script> [5351 bytes]","args":[{"element-6066-11e4-a52e-4f735466cecf":"f.5E866639E2C7498835F0FF88C67C8471.d.E4A3566C89C7661FC4B254DDAF46EF32.e.16661","ELEMENT":"f.5E866639E2C7498835F0FF88C67C8471.d.E4A3566C89C7661FC4B254DDAF46EF32.e.16661"}]}
COMMAND: GET /session/cda6b29e510b44d9979fdab5b6517565/screenshot - {}
RESULT: {"script":"<script> [5351 bytes]","args":[{"element-6066-11e4-a52e-4f735466cecf":"f.5E866639E2C7498835F0FF88C67C8471.d.E4A3566C89C7661FC4B254DDAF46EF32.e.16661","ELEMENT":"f.5E866639E2C7498835F0FF88C67C8471.d.E4A3566C89C7661FC4B254DDAF46EF32.e.16661"}]}
COMMAND: POST /session/cda6b29e510b44d9979fdab5b6517565/element - {"using":"css selector","value":"#shell-header-logo"}
COMMAND: GET /session/cda6b29e510b44d9979fdab5b6517565/screenshot - {}
RESULT: {}
RESULT: {"using":"css selector","value":"#shell-header-logo"}
COMMAND: POST /session/cda6b29e510b44d9979fdab5b6517565/element/f.5E866639E2C7498835F0FF88C67C8471.d.E4A3566C89C7661FC4B254DDAF46EF32.e.16661/click - {}
RESULT: {}
RESULT: {}
COMMAND: GET /session/cda6b29e510b44d9979fdab5b6517565/screenshot - {}
RESULT: {}
COMMAND: POST /session/cda6b29e510b44d9979fdab5b6517565/execute/async - {"script":"<script> [189 bytes]","args":[]}
RESULT: {"script":"<script> [189 bytes]","args":[]}
COMMAND: POST /session/cda6b29e510b44d9979fdab5b6517565/execute/async - {"script":"<script> [123 bytes]","args":[]}
RESULT: {"script":"<script> [123 bytes]","args":[]}
COMMAND: POST /session/cda6b29e510b44d9979fdab5b6517565/timeouts - {"script":"<number>"}
RESULT: {"script":"<number>"}
COMMAND: GET /session/cda6b29e510b44d9979fdab5b6517565/timeouts - {}
RESULT: {}
RESULT: undefined
COMMAND: POST /session/cda6b29e510b44d9979fdab5b6517565/execute/async - {"script":"<script> [2676 bytes]","args":[]}
RESULT: {"script":"<script> [2676 bytes]","args":[]}
COMMAND: POST /session/cda6b29e510b44d9979fdab5b6517565/execute/async - {"script":"<script> [2342 bytes]","args":[{"protocol":"http","hostname":"0.0.0.0","path":"/","capabilities":{"browserName":"chrome","goog:chromeOptions":{"binary":"C:\\Program Files\\Google\\Chrome\\Application\\chrome.exe","args":["--start-maximized"]}},"logLevel":"warn","connectionRetryTimeout":120000,"connectionRetryCount":3,"logLevels":{},"enableDirectConnect":true,"strictSSL":true,"_":"65 more keys: [\"cacheDir\",\"port\",\"requestedCapabilities\",\"automationProtocol\",\"baseUrl\",\"waitforInterval\",\"waitforTimeout\",\"onReload\",\"beforeCommand\",\"afterCommand\",\"rootDir\",\"specs\",\"suites\",\"exclude\",\"groupLogsByTestSpec\",\"excludeDriverLogs\",\"bail\",\"framework\",\"reporters\",\"services\",\"maxInstances\",\"maxInstancesPerCapability\",\"injectGlobals\",\"filesToWatch\",\"execArgv\",\"runnerEnv\",\"runner\",\"shard\",\"specFileRetries\",\"specFileRetriesDelay\",\"specFileRetriesDeferred\",\"reporterSyncInterval\",\"reporterSyncTimeout\",\"cucumberFeaturesWithLineNumbers\",\"autoCompileOpts\",\"mochaOpts\",\"jasmineOpts\",\"cucumberOpts\",\"onPrepare\",\"onWorkerStart\",\"onWorkerEnd\",\"before\",\"beforeSession\",\"beforeSuite\",\"beforeHook\",\"beforeTest\",\"afterTest\",\"afterHook\",\"afterSuite\",\"afterSession\",\"after\",\"onComplete\",\"beforeAssertion\",\"afterAssertion\",\"beforeFeature\",\"beforeScenario\",\"beforeStep\",\"afterStep\",\"afterScenario\",\"afterFeature\",\"_\",\"suite\",\"$0\",\"ignoredWorkerServices\",\"wdi5\"]"}]}
RESULT: {"script":"<script> [2342 bytes]","args":[{"protocol":"http","hostname":"0.0.0.0","path":"/","capabilities":{"browserName":"chrome","goog:chromeOptions":{"binary":"C:\\Program Files\\Google\\Chrome\\Application\\chrome.exe","args":["--start-maximized"]}},"logLevel":"warn","connectionRetryTimeout":120000,"connectionRetryCount":3,"logLevels":{},"enableDirectConnect":true,"strictSSL":true,"_":"65 more keys: [\"cacheDir\",\"port\",\"requestedCapabilities\",\"automationProtocol\",\"baseUrl\",\"waitforInterval\",\"waitforTimeout\",\"onReload\",\"beforeCommand\",\"afterCommand\",\"rootDir\",\"specs\",\"suites\",\"exclude\",\"groupLogsByTestSpec\",\"excludeDriverLogs\",\"bail\",\"framework\",\"reporters\",\"services\",\"maxInstances\",\"maxInstancesPerCapability\",\"injectGlobals\",\"filesToWatch\",\"execArgv\",\"runnerEnv\",\"runner\",\"shard\",\"specFileRetries\",\"specFileRetriesDelay\",\"specFileRetriesDeferred\",\"reporterSyncInterval\",\"reporterSyncTimeout\",\"cucumberFeaturesWithLineNumbers\",\"autoCompileOpts\",\"mochaOpts\",\"jasmineOpts\",\"cucumberOpts\",\"onPrepare\",\"onWorkerStart\",\"onWorkerEnd\",\"before\",\"beforeSession\",\"beforeSuite\",\"beforeHook\",\"beforeTest\",\"afterTest\",\"afterHook\",\"afterSuite\",\"afterSession\",\"after\",\"onComplete\",\"beforeAssertion\",\"afterAssertion\",\"beforeFeature\",\"beforeScenario\",\"beforeStep\",\"afterStep\",\"afterScenario\",\"afterFeature\",\"_\",\"suite\",\"$0\",\"ignoredWorkerServices\",\"wdi5\"]"}]}
COMMAND: POST /session/cda6b29e510b44d9979fdab5b6517565/execute/async - {"script":"<script> [21126 bytes]","args":[35000]}
RESULT: {"script":"<script> [21126 bytes]","args":[35000]}
COMMAND: POST /session/cda6b29e510b44d9979fdab5b6517565/window/maximize - {}
RESULT: {}
COMMAND: POST /session/cda6b29e510b44d9979fdab5b6517565/execute/async - {"script":"<script> [1562 bytes]","args":[{"selector":{"id":"shell-header","interaction":{"idSuffix":"icon"}},"wdio_ui5_key":"shellheader"}]}
COMMAND: GET /session/cda6b29e510b44d9979fdab5b6517565/screenshot - {}
RESULT: {"script":"<script> [1562 bytes]","args":[{"selector":{"id":"shell-header","interaction":{"idSuffix":"icon"}},"wdio_ui5_key":"shellheader"}]}
RESULT: undefined
COMMAND: POST /session/cda6b29e510b44d9979fdab5b6517565/refresh - {}
RESULT: {}
RESULT: {}
COMMAND: GET /session/cda6b29e510b44d9979fdab5b6517565/screenshot - {}
RESULT: {}
COMMAND: POST /session/cda6b29e510b44d9979fdab5b6517565/refresh - {}
RESULT: {}
COMMAND: GET /session/cda6b29e510b44d9979fdab5b6517565/screenshot - {}
RESULT: {}
COMMAND: POST /session/cda6b29e510b44d9979fdab5b6517565/window/fullscreen - {}
RESULT: {}
COMMAND: POST /session/cda6b29e510b44d9979fdab5b6517565/execute/async - {"script":"<script> [189 bytes]","args":[]}
RESULT: {"script":"<script> [189 bytes]","args":[]}
COMMAND: POST /session/cda6b29e510b44d9979fdab5b6517565/execute/async - {"script":"<script> [123 bytes]","args":[]}
RESULT: {"script":"<script> [123 bytes]","args":[]}
COMMAND: POST /session/cda6b29e510b44d9979fdab5b6517565/timeouts - {"script":"<number>"}
RESULT: {"script":"<number>"}
COMMAND: GET /session/cda6b29e510b44d9979fdab5b6517565/timeouts - {}
RESULT: {}
RESULT: undefined
COMMAND: POST /session/cda6b29e510b44d9979fdab5b6517565/execute/async - {"script":"<script> [2676 bytes]","args":[]}
RESULT: {"script":"<script> [2676 bytes]","args":[]}
COMMAND: POST /session/cda6b29e510b44d9979fdab5b6517565/execute/async - {"script":"<script> [2342 bytes]","args":[{"protocol":"http","hostname":"0.0.0.0","path":"/","capabilities":{"browserName":"chrome","goog:chromeOptions":{"binary":"C:\\Program Files\\Google\\Chrome\\Application\\chrome.exe","args":["--start-maximized"]}},"logLevel":"warn","connectionRetryTimeout":120000,"connectionRetryCount":3,"logLevels":{},"enableDirectConnect":true,"strictSSL":true,"_":"65 more keys: [\"cacheDir\",\"port\",\"requestedCapabilities\",\"automationProtocol\",\"baseUrl\",\"waitforInterval\",\"waitforTimeout\",\"onReload\",\"beforeCommand\",\"afterCommand\",\"rootDir\",\"specs\",\"suites\",\"exclude\",\"groupLogsByTestSpec\",\"excludeDriverLogs\",\"bail\",\"framework\",\"reporters\",\"services\",\"maxInstances\",\"maxInstancesPerCapability\",\"injectGlobals\",\"filesToWatch\",\"execArgv\",\"runnerEnv\",\"runner\",\"shard\",\"specFileRetries\",\"specFileRetriesDelay\",\"specFileRetriesDeferred\",\"reporterSyncInterval\",\"reporterSyncTimeout\",\"cucumberFeaturesWithLineNumbers\",\"autoCompileOpts\",\"mochaOpts\",\"jasmineOpts\",\"cucumberOpts\",\"onPrepare\",\"onWorkerStart\",\"onWorkerEnd\",\"before\",\"beforeSession\",\"beforeSuite\",\"beforeHook\",\"beforeTest\",\"afterTest\",\"afterHook\",\"afterSuite\",\"afterSession\",\"after\",\"onComplete\",\"beforeAssertion\",\"afterAssertion\",\"beforeFeature\",\"beforeScenario\",\"beforeStep\",\"afterStep\",\"afterScenario\",\"afterFeature\",\"_\",\"suite\",\"$0\",\"ignoredWorkerServices\",\"wdi5\"]"}]}
RESULT: {"script":"<script> [2342 bytes]","args":[{"protocol":"http","hostname":"0.0.0.0","path":"/","capabilities":{"browserName":"chrome","goog:chromeOptions":{"binary":"C:\\Program Files\\Google\\Chrome\\Application\\chrome.exe","args":["--start-maximized"]}},"logLevel":"warn","connectionRetryTimeout":120000,"connectionRetryCount":3,"logLevels":{},"enableDirectConnect":true,"strictSSL":true,"_":"65 more keys: [\"cacheDir\",\"port\",\"requestedCapabilities\",\"automationProtocol\",\"baseUrl\",\"waitforInterval\",\"waitforTimeout\",\"onReload\",\"beforeCommand\",\"afterCommand\",\"rootDir\",\"specs\",\"suites\",\"exclude\",\"groupLogsByTestSpec\",\"excludeDriverLogs\",\"bail\",\"framework\",\"reporters\",\"services\",\"maxInstances\",\"maxInstancesPerCapability\",\"injectGlobals\",\"filesToWatch\",\"execArgv\",\"runnerEnv\",\"runner\",\"shard\",\"specFileRetries\",\"specFileRetriesDelay\",\"specFileRetriesDeferred\",\"reporterSyncInterval\",\"reporterSyncTimeout\",\"cucumberFeaturesWithLineNumbers\",\"autoCompileOpts\",\"mochaOpts\",\"jasmineOpts\",\"cucumberOpts\",\"onPrepare\",\"onWorkerStart\",\"onWorkerEnd\",\"before\",\"beforeSession\",\"beforeSuite\",\"beforeHook\",\"beforeTest\",\"afterTest\",\"afterHook\",\"afterSuite\",\"afterSession\",\"after\",\"onComplete\",\"beforeAssertion\",\"afterAssertion\",\"beforeFeature\",\"beforeScenario\",\"beforeStep\",\"afterStep\",\"afterScenario\",\"afterFeature\",\"_\",\"suite\",\"$0\",\"ignoredWorkerServices\",\"wdi5\"]"}]}
COMMAND: POST /session/cda6b29e510b44d9979fdab5b6517565/execute/async - {"script":"<script> [21126 bytes]","args":[35000]}
RESULT: {"script":"<script> [21126 bytes]","args":[35000]}
]]></system-out>
    </testcase>
  </testsuite>
  <testsuite timestamp="2025-05-17T18:08:43" time="741.397" tests="12" failures="0" errors="0" skipped="0">
    <properties>
      <property name="specId" value="0" />
      <property name="suiteName" value="Create Reverse Billing US127248" />
      <property name="capabilities" value="chrome.136_0_7103_93.windows" />
      <property name="file" value="file:///D:/a/1/s/test/specs/BTS/reverse-billing.spec.js" />
    </properties>
    <testcase classname="chrome.136_0_7103_93.windows.Create_Reverse_Billing_US127248" name="Should create a new yard" time="6.248">
      <system-out><![CDATA[
COMMAND: POST /session/cda6b29e510b44d9979fdab5b6517565/window/fullscreen - {}
RESULT: {}
]]></system-out>
    </testcase>
    <testcase classname="chrome.136_0_7103_93.windows.Create_Reverse_Billing_US127248" name="Should create a new partner" time="0.005" />
    <testcase classname="chrome.136_0_7103_93.windows.Create_Reverse_Billing_US127248" name="Should create a new site" time="0.004" />
    <testcase classname="chrome.136_0_7103_93.windows.Create_Reverse_Billing_US127248" name="Should create a resource" time="144.639">
      <system-out><![CDATA[
COMMAND: POST /session/cda6b29e510b44d9979fdab5b6517565/execute/async - {"script":"<script> [1562 bytes]","args":[{"selector":{"controlType":"sap.m.GenericTile","properties":{"header":"Manage Resources"}},"wdio_ui5_key":"sapm.GenericTile{\"header\":\"Manage Resources\"}"}]}
RESULT: {"script":"<script> [1562 bytes]","args":[{"selector":{"controlType":"sap.m.GenericTile","properties":{"header":"Manage Resources"}},"wdio_ui5_key":"sapm.GenericTile{\"header\":\"Manage Resources\"}"}]}
RESULT: undefined
COMMAND: POST /session/cda6b29e510b44d9979fdab5b6517565/element - {"using":"xpath","value":"//*[@id=\"__tile39\"]"}
RESULT: {"using":"xpath","value":"//*[@id=\"__tile39\"]"}
COMMAND: POST /session/cda6b29e510b44d9979fdab5b6517565/element/f.5E866639E2C7498835F0FF88C67C8471.d.4D860913684CBD36ED54DBB482C41CDA.e.16808/click - {}
RESULT: {}
COMMAND: GET /session/cda6b29e510b44d9979fdab5b6517565/screenshot - {}
RESULT: {}
COMMAND: POST /session/cda6b29e510b44d9979fdab5b6517565/elements - {"using":"xpath","value":"//span[text()='Error']"}
RESULT: {"using":"xpath","value":"//span[text()='Error']"}
COMMAND: POST /session/cda6b29e510b44d9979fdab5b6517565/element - {"using":"xpath","value":"//button[@data-kt=\"addNewRUOverflowToolbarButton\"]"}
RESULT: {"using":"xpath","value":"//button[@data-kt=\"addNewRUOverflowToolbarButton\"]"}
COMMAND: POST /session/cda6b29e510b44d9979fdab5b6517565/elements - {"using":"xpath","value":"//button[@data-kt=\"addNewRUOverflowToolbarButton\"]"}
RESULT: {"using":"xpath","value":"//button[@data-kt=\"addNewRUOverflowToolbarButton\"]"}
COMMAND: POST /session/cda6b29e510b44d9979fdab5b6517565/elements - {"using":"xpath","value":"//button[@data-kt=\"addNewRUOverflowToolbarButton\"]"}
RESULT: {"using":"xpath","value":"//button[@data-kt=\"addNewRUOverflowToolbarButton\"]"}
COMMAND: POST /session/cda6b29e510b44d9979fdab5b6517565/element - {"using":"xpath","value":"//button[@data-kt=\"addNewRUOverflowToolbarButton\"]"}
RESULT: {"using":"xpath","value":"//button[@data-kt=\"addNewRUOverflowToolbarButton\"]"}
COMMAND: POST /session/cda6b29e510b44d9979fdab5b6517565/execute/sync - {"script":"<script> [8489 bytes]","args":[{"element-6066-11e4-a52e-4f735466cecf":"f.5E866639E2C7498835F0FF88C67C8471.d.4D860913684CBD36ED54DBB482C41CDA.e.16959","ELEMENT":"f.5E866639E2C7498835F0FF88C67C8471.d.4D860913684CBD36ED54DBB482C41CDA.e.16959"}]}
RESULT: {"script":"<script> [8489 bytes]","args":[{"element-6066-11e4-a52e-4f735466cecf":"f.5E866639E2C7498835F0FF88C67C8471.d.4D860913684CBD36ED54DBB482C41CDA.e.16959","ELEMENT":"f.5E866639E2C7498835F0FF88C67C8471.d.4D860913684CBD36ED54DBB482C41CDA.e.16959"}]}
COMMAND: GET /session/cda6b29e510b44d9979fdab5b6517565/element/f.5E866639E2C7498835F0FF88C67C8471.d.4D860913684CBD36ED54DBB482C41CDA.e.16959/enabled - {}
COMMAND: GET /session/cda6b29e510b44d9979fdab5b6517565/screenshot - {}
RESULT: {}
COMMAND: POST /session/cda6b29e510b44d9979fdab5b6517565/execute/sync - {"script":"<script> [8489 bytes]","args":[{"element-6066-11e4-a52e-4f735466cecf":"f.5E866639E2C7498835F0FF88C67C8471.d.4D860913684CBD36ED54DBB482C41CDA.e.16959","ELEMENT":"f.5E866639E2C7498835F0FF88C67C8471.d.4D860913684CBD36ED54DBB482C41CDA.e.16959"}]}
COMMAND: GET /session/cda6b29e510b44d9979fdab5b6517565/screenshot - {}
RESULT: {}
RESULT: {"script":"<script> [8489 bytes]","args":[{"element-6066-11e4-a52e-4f735466cecf":"f.5E866639E2C7498835F0FF88C67C8471.d.4D860913684CBD36ED54DBB482C41CDA.e.16959","ELEMENT":"f.5E866639E2C7498835F0FF88C67C8471.d.4D860913684CBD36ED54DBB482C41CDA.e.16959"}]}
COMMAND: POST /session/cda6b29e510b44d9979fdab5b6517565/execute/sync - {"script":"<script> [5351 bytes]","args":[{"element-6066-11e4-a52e-4f735466cecf":"f.5E866639E2C7498835F0FF88C67C8471.d.4D860913684CBD36ED54DBB482C41CDA.e.16959","ELEMENT":"f.5E866639E2C7498835F0FF88C67C8471.d.4D860913684CBD36ED54DBB482C41CDA.e.16959"}]}
COMMAND: GET /session/cda6b29e510b44d9979fdab5b6517565/screenshot - {}
RESULT: {}
RESULT: {"script":"<script> [5351 bytes]","args":[{"element-6066-11e4-a52e-4f735466cecf":"f.5E866639E2C7498835F0FF88C67C8471.d.4D860913684CBD36ED54DBB482C41CDA.e.16959","ELEMENT":"f.5E866639E2C7498835F0FF88C67C8471.d.4D860913684CBD36ED54DBB482C41CDA.e.16959"}]}
COMMAND: POST /session/cda6b29e510b44d9979fdab5b6517565/element/f.5E866639E2C7498835F0FF88C67C8471.d.4D860913684CBD36ED54DBB482C41CDA.e.16959/click - {}
COMMAND: GET /session/cda6b29e510b44d9979fdab5b6517565/screenshot - {}
RESULT: {}
RESULT: {}
COMMAND: GET /session/cda6b29e510b44d9979fdab5b6517565/screenshot - {}
COMMAND: POST /session/cda6b29e510b44d9979fdab5b6517565/execute/async - {"script":"<script> [1562 bytes]","args":[{"selector":{"id":"application-manageresources-display-component---newResourceUnit--TYPE-arrow"},"wdio_ui5_key":"applicationmanageresources-display-component---newResourceUnit--TYPE-arrow"}]}
RESULT: {}
RESULT: {}
RESULT: {"script":"<script> [1562 bytes]","args":[{"selector":{"id":"application-manageresources-display-component---newResourceUnit--TYPE-arrow"},"wdio_ui5_key":"applicationmanageresources-display-component---newResourceUnit--TYPE-arrow"}]}
RESULT: undefined
COMMAND: POST /session/cda6b29e510b44d9979fdab5b6517565/element - {"using":"xpath","value":"//*[@id=\"application-manageresources-display-component---newResourceUnit--TYPE-arrow\"]"}
RESULT: {"using":"xpath","value":"//*[@id=\"application-manageresources-display-component---newResourceUnit--TYPE-arrow\"]"}
COMMAND: POST /session/cda6b29e510b44d9979fdab5b6517565/element/f.5E866639E2C7498835F0FF88C67C8471.d.4D860913684CBD36ED54DBB482C41CDA.e.17306/click - {}
RESULT: {}
COMMAND: POST /session/cda6b29e510b44d9979fdab5b6517565/element - {"using":"xpath","value":"//input[@id=\"application-manageresources-display-component---newResourceUnit--TYPE-inner\"]"}
COMMAND: GET /session/cda6b29e510b44d9979fdab5b6517565/screenshot - {}
RESULT: {"using":"xpath","value":"//input[@id=\"application-manageresources-display-component---newResourceUnit--TYPE-inner\"]"}
COMMAND: POST /session/cda6b29e510b44d9979fdab5b6517565/element/f.5E866639E2C7498835F0FF88C67C8471.d.4D860913684CBD36ED54DBB482C41CDA.e.17302/clear - {}
RESULT: {}
RESULT: {}
COMMAND: POST /session/cda6b29e510b44d9979fdab5b6517565/element/f.5E866639E2C7498835F0FF88C67C8471.d.4D860913684CBD36ED54DBB482C41CDA.e.17302/value - {"text":"Equipment"}
COMMAND: GET /session/cda6b29e510b44d9979fdab5b6517565/screenshot - {}
RESULT: {"text":"Equipment"}
COMMAND: GET /session/cda6b29e510b44d9979fdab5b6517565/screenshot - {}
RESULT: {}
RESULT: {}
COMMAND: POST /session/cda6b29e510b44d9979fdab5b6517565/actions - {"actions":[{"id":"action61","type":"key","parameters":{},"actions":[{"type":"keyDown","value":"î€‡"},{"type":"pause","duration":10},{"type":"keyUp","value":"î€‡"}]}]}
RESULT: {"actions":[{"id":"action61","type":"key","parameters":{},"actions":[{"type":"keyDown","value":"î€‡"},{"type":"pause","duration":10},{"type":"keyUp","value":"î€‡"}]}]}
COMMAND: POST /session/cda6b29e510b44d9979fdab5b6517565/execute/async - {"script":"<script> [1562 bytes]","args":[{"selector":{"id":"application-manageresources-display-component---newResourceUnit--resourceId","interaction":{"idSuffix":"inner"}},"wdio_ui5_key":"applicationmanageresources-display-component---newResourceUnit--resourceId"}]}
COMMAND: GET /session/cda6b29e510b44d9979fdab5b6517565/screenshot - {}
RESULT: {"script":"<script> [1562 bytes]","args":[{"selector":{"id":"application-manageresources-display-component---newResourceUnit--resourceId","interaction":{"idSuffix":"inner"}},"wdio_ui5_key":"applicationmanageresources-display-component---newResourceUnit--resourceId"}]}
RESULT: undefined
COMMAND: POST /session/cda6b29e510b44d9979fdab5b6517565/execute/async - {"script":"<script> [776 bytes]","args":[{"enterText":"qxIEF9ENx3","selector":{"id":"application-manageresources-display-component---newResourceUnit--resourceId","interaction":{"idSuffix":"inner"}},"clearTextFirst":true,"interactionType":"ENTER_TEXT"}]}
RESULT: {}
RESULT: {"script":"<script> [776 bytes]","args":[{"enterText":"qxIEF9ENx3","selector":{"id":"application-manageresources-display-component---newResourceUnit--resourceId","interaction":{"idSuffix":"inner"}},"clearTextFirst":true,"interactionType":"ENTER_TEXT"}]}
COMMAND: POST /session/cda6b29e510b44d9979fdab5b6517565/execute/async - {"script":"<script> [1562 bytes]","args":[{"selector":{"id":"application-manageresources-display-component---newResourceUnit--SHORT_TEXT","interaction":{"idSuffix":"inner"}},"wdio_ui5_key":"applicationmanageresources-display-component---newResourceUnit--SHORT_TEXT"}]}
RESULT: {"script":"<script> [1562 bytes]","args":[{"selector":{"id":"application-manageresources-display-component---newResourceUnit--SHORT_TEXT","interaction":{"idSuffix":"inner"}},"wdio_ui5_key":"applicationmanageresources-display-component---newResourceUnit--SHORT_TEXT"}]}
RESULT: undefined
COMMAND: POST /session/cda6b29e510b44d9979fdab5b6517565/execute/async - {"script":"<script> [776 bytes]","args":[{"enterText":"Intercompany Equipment WDIO","selector":{"id":"application-manageresources-display-component---newResourceUnit--SHORT_TEXT","interaction":{"idSuffix":"inner"}},"clearTextFirst":true,"interactionType":"ENTER_TEXT"}]}
RESULT: {"script":"<script> [776 bytes]","args":[{"enterText":"Intercompany Equipment WDIO","selector":{"id":"application-manageresources-display-component---newResourceUnit--SHORT_TEXT","interaction":{"idSuffix":"inner"}},"clearTextFirst":true,"interactionType":"ENTER_TEXT"}]}
COMMAND: POST /session/cda6b29e510b44d9979fdab5b6517565/execute/async - {"script":"<script> [1562 bytes]","args":[{"selector":{"id":"application-manageresources-display-component---newResourceUnit--BASE_UNIT_OF_MEASURE","interaction":{"idSuffix":"inner"}},"wdio_ui5_key":"applicationmanageresources-display-component---newResourceUnit--BASE_UNIT_OF_MEASURE"}]}
RESULT: {"script":"<script> [1562 bytes]","args":[{"selector":{"id":"application-manageresources-display-component---newResourceUnit--BASE_UNIT_OF_MEASURE","interaction":{"idSuffix":"inner"}},"wdio_ui5_key":"applicationmanageresources-display-component---newResourceUnit--BASE_UNIT_OF_MEASURE"}]}
RESULT: undefined
COMMAND: POST /session/cda6b29e510b44d9979fdab5b6517565/execute/async - {"script":"<script> [776 bytes]","args":[{"enterText":"Piece","selector":{"id":"application-manageresources-display-component---newResourceUnit--BASE_UNIT_OF_MEASURE","interaction":{"idSuffix":"inner"}},"clearTextFirst":true,"interactionType":"ENTER_TEXT"}]}
RESULT: {"script":"<script> [776 bytes]","args":[{"enterText":"Piece","selector":{"id":"application-manageresources-display-component---newResourceUnit--BASE_UNIT_OF_MEASURE","interaction":{"idSuffix":"inner"}},"clearTextFirst":true,"interactionType":"ENTER_TEXT"}]}
COMMAND: POST /session/cda6b29e510b44d9979fdab5b6517565/execute/async - {"script":"<script> [1562 bytes]","args":[{"selector":{"id":"application-manageresources-display-component---newResourceUnit--WEIGHT_UNIT","interaction":{"idSuffix":"inner"}},"wdio_ui5_key":"applicationmanageresources-display-component---newResourceUnit--WEIGHT_UNIT"}]}
RESULT: {"script":"<script> [1562 bytes]","args":[{"selector":{"id":"application-manageresources-display-component---newResourceUnit--WEIGHT_UNIT","interaction":{"idSuffix":"inner"}},"wdio_ui5_key":"applicationmanageresources-display-component---newResourceUnit--WEIGHT_UNIT"}]}
RESULT: undefined
COMMAND: POST /session/cda6b29e510b44d9979fdab5b6517565/execute/async - {"script":"<script> [776 bytes]","args":[{"enterText":"Gram","selector":{"id":"application-manageresources-display-component---newResourceUnit--WEIGHT_UNIT","interaction":{"idSuffix":"inner"}},"clearTextFirst":true,"interactionType":"ENTER_TEXT"}]}
RESULT: {"script":"<script> [776 bytes]","args":[{"enterText":"Gram","selector":{"id":"application-manageresources-display-component---newResourceUnit--WEIGHT_UNIT","interaction":{"idSuffix":"inner"}},"clearTextFirst":true,"interactionType":"ENTER_TEXT"}]}
COMMAND: POST /session/cda6b29e510b44d9979fdab5b6517565/execute/async - {"script":"<script> [1562 bytes]","args":[{"selector":{"id":"application-manageresources-display-component---newResourceUnit--DIMENSION_UNIT","interaction":{"idSuffix":"inner"}},"wdio_ui5_key":"applicationmanageresources-display-component---newResourceUnit--DIMENSION_UNIT"}]}
RESULT: {"script":"<script> [1562 bytes]","args":[{"selector":{"id":"application-manageresources-display-component---newResourceUnit--DIMENSION_UNIT","interaction":{"idSuffix":"inner"}},"wdio_ui5_key":"applicationmanageresources-display-component---newResourceUnit--DIMENSION_UNIT"}]}
RESULT: undefined
COMMAND: POST /session/cda6b29e510b44d9979fdab5b6517565/execute/async - {"script":"<script> [776 bytes]","args":[{"enterText":"Meter","selector":{"id":"application-manageresources-display-component---newResourceUnit--DIMENSION_UNIT","interaction":{"idSuffix":"inner"}},"clearTextFirst":true,"interactionType":"ENTER_TEXT"}]}
RESULT: {"script":"<script> [776 bytes]","args":[{"enterText":"Meter","selector":{"id":"application-manageresources-display-component---newResourceUnit--DIMENSION_UNIT","interaction":{"idSuffix":"inner"}},"clearTextFirst":true,"interactionType":"ENTER_TEXT"}]}
COMMAND: POST /session/cda6b29e510b44d9979fdab5b6517565/execute/async - {"script":"<script> [1562 bytes]","args":[{"selector":{"id":"application-manageresources-display-component---newResourceUnit--newRRUPage-anchBar-application-manageresources-display-component---newResourceUnit--control-anchor","interaction":{"idSuffix":"BDI-content"}},"wdio_ui5_key":"applicationmanageresources-display-component---newResourceUnit--newRRUPage-anchBar-application-manageresources-display-component---newResourceUnit--control-anchor"}]}
RESULT: {"script":"<script> [1562 bytes]","args":[{"selector":{"id":"application-manageresources-display-component---newResourceUnit--newRRUPage-anchBar-application-manageresources-display-component---newResourceUnit--control-anchor","interaction":{"idSuffix":"BDI-content"}},"wdio_ui5_key":"applicationmanageresources-display-component---newResourceUnit--newRRUPage-anchBar-application-manageresources-display-component---newResourceUnit--control-anchor"}]}
RESULT: undefined
COMMAND: POST /session/cda6b29e510b44d9979fdab5b6517565/element - {"using":"xpath","value":"//*[@id=\"application-manageresources-display-component---newResourceUnit--newRRUPage-anchBar-application-manageresources-display-component---newResourceUnit--control-anchor\"]"}
RESULT: {"using":"xpath","value":"//*[@id=\"application-manageresources-display-component---newResourceUnit--newRRUPage-anchBar-application-manageresources-display-component---newResourceUnit--control-anchor\"]"}
COMMAND: POST /session/cda6b29e510b44d9979fdab5b6517565/element/f.5E866639E2C7498835F0FF88C67C8471.d.4D860913684CBD36ED54DBB482C41CDA.e.17438/click - {}
RESULT: {}
COMMAND: POST /session/cda6b29e510b44d9979fdab5b6517565/execute/async - {"script":"<script> [1562 bytes]","args":[{"selector":{"id":"application-manageresources-display-component---newResourceUnit--PLANNING_GROUP","interaction":{"idSuffix":"inner"}},"wdio_ui5_key":"applicationmanageresources-display-component---newResourceUnit--PLANNING_GROUP"}]}
COMMAND: GET /session/cda6b29e510b44d9979fdab5b6517565/screenshot - {}
RESULT: {"script":"<script> [1562 bytes]","args":[{"selector":{"id":"application-manageresources-display-component---newResourceUnit--PLANNING_GROUP","interaction":{"idSuffix":"inner"}},"wdio_ui5_key":"applicationmanageresources-display-component---newResourceUnit--PLANNING_GROUP"}]}
RESULT: undefined
COMMAND: POST /session/cda6b29e510b44d9979fdab5b6517565/execute/async - {"script":"<script> [776 bytes]","args":[{"enterText":"Heavy Equi","selector":{"id":"application-manageresources-display-component---newResourceUnit--PLANNING_GROUP","interaction":{"idSuffix":"inner"}},"clearTextFirst":true,"interactionType":"ENTER_TEXT"}]}
RESULT: {}
RESULT: {"script":"<script> [776 bytes]","args":[{"enterText":"Heavy Equi","selector":{"id":"application-manageresources-display-component---newResourceUnit--PLANNING_GROUP","interaction":{"idSuffix":"inner"}},"clearTextFirst":true,"interactionType":"ENTER_TEXT"}]}
COMMAND: POST /session/cda6b29e510b44d9979fdab5b6517565/execute/async - {"script":"<script> [1562 bytes]","args":[{"selector":{"id":"application-manageresources-display-component---newResourceUnit--ITEM_TYPE-arrow"},"wdio_ui5_key":"applicationmanageresources-display-component---newResourceUnit--ITEM_TYPE-arrow"}]}
RESULT: {"script":"<script> [1562 bytes]","args":[{"selector":{"id":"application-manageresources-display-component---newResourceUnit--ITEM_TYPE-arrow"},"wdio_ui5_key":"applicationmanageresources-display-component---newResourceUnit--ITEM_TYPE-arrow"}]}
RESULT: undefined
COMMAND: POST /session/cda6b29e510b44d9979fdab5b6517565/element - {"using":"xpath","value":"//*[@id=\"application-manageresources-display-component---newResourceUnit--ITEM_TYPE-arrow\"]"}
RESULT: {"using":"xpath","value":"//*[@id=\"application-manageresources-display-component---newResourceUnit--ITEM_TYPE-arrow\"]"}
COMMAND: POST /session/cda6b29e510b44d9979fdab5b6517565/element/f.5E866639E2C7498835F0FF88C67C8471.d.4D860913684CBD36ED54DBB482C41CDA.e.17445/click - {}
RESULT: {}
COMMAND: POST /session/cda6b29e510b44d9979fdab5b6517565/element - {"using":"xpath","value":"(//span[contains(text(), \"Resource Unit\")])[2]"}
COMMAND: GET /session/cda6b29e510b44d9979fdab5b6517565/screenshot - {}
RESULT: {"using":"xpath","value":"(//span[contains(text(), \"Resource Unit\")])[2]"}
COMMAND: POST /session/cda6b29e510b44d9979fdab5b6517565/element/f.5E866639E2C7498835F0FF88C67C8471.d.4D860913684CBD36ED54DBB482C41CDA.e.17446/click - {}
RESULT: {}
RESULT: {}
COMMAND: GET /session/cda6b29e510b44d9979fdab5b6517565/screenshot - {}
RESULT: {}
COMMAND: POST /session/cda6b29e510b44d9979fdab5b6517565/element - {"using":"css selector","value":"#application-manageresources-display-component---newResourceUnit--btnAddTimeSegment"}
RESULT: {"using":"css selector","value":"#application-manageresources-display-component---newResourceUnit--btnAddTimeSegment"}
COMMAND: GET /session/cda6b29e510b44d9979fdab5b6517565/element/f.5E866639E2C7498835F0FF88C67C8471.d.4D860913684CBD36ED54DBB482C41CDA.e.17447/rect - {}
RESULT: {}
COMMAND: GET /session/cda6b29e510b44d9979fdab5b6517565/window/rect - {}
RESULT: {}
COMMAND: POST /session/cda6b29e510b44d9979fdab5b6517565/execute/sync - {"script":"<script> [92 bytes]","args":[]}
RESULT: {"script":"<script> [92 bytes]","args":[]}
COMMAND: POST /session/cda6b29e510b44d9979fdab5b6517565/actions - {"actions":[{"id":"action62","type":"wheel","parameters":{},"actions":[{"type":"scroll","x":-1888,"y":-32,"deltaX":0,"deltaY":0,"duration":0,"origin":{"element-6066-11e4-a52e-4f735466cecf":"f.5E866639E2C7498835F0FF88C67C8471.d.4D860913684CBD36ED54DBB482C41CDA.e.17447"}}]}]}
COMMAND: GET /session/cda6b29e510b44d9979fdab5b6517565/screenshot - {}
RESULT: {}
COMMAND: POST /session/cda6b29e510b44d9979fdab5b6517565/execute/sync - {"script":"<script> [79 bytes]","args":[{"element-6066-11e4-a52e-4f735466cecf":"f.5E866639E2C7498835F0FF88C67C8471.d.4D860913684CBD36ED54DBB482C41CDA.e.17447","ELEMENT":"f.5E866639E2C7498835F0FF88C67C8471.d.4D860913684CBD36ED54DBB482C41CDA.e.17447"},{"block":"start","inline":"nearest"}]}
RESULT: {"script":"<script> [79 bytes]","args":[{"element-6066-11e4-a52e-4f735466cecf":"f.5E866639E2C7498835F0FF88C67C8471.d.4D860913684CBD36ED54DBB482C41CDA.e.17447","ELEMENT":"f.5E866639E2C7498835F0FF88C67C8471.d.4D860913684CBD36ED54DBB482C41CDA.e.17447"},{"block":"start","inline":"nearest"}]}
COMMAND: POST /session/cda6b29e510b44d9979fdab5b6517565/execute/async - {"script":"<script> [1562 bytes]","args":[{"selector":{"id":"application-manageresources-display-component---newResourceUnit--btnAddTimeSegment","interaction":{"idSuffix":"inner"}},"wdio_ui5_key":"applicationmanageresources-display-component---newResourceUnit--btnAddTimeSegment"}]}
COMMAND: GET /session/cda6b29e510b44d9979fdab5b6517565/screenshot - {}
RESULT: {"script":"<script> [1562 bytes]","args":[{"selector":{"id":"application-manageresources-display-component---newResourceUnit--btnAddTimeSegment","interaction":{"idSuffix":"inner"}},"wdio_ui5_key":"applicationmanageresources-display-component---newResourceUnit--btnAddTimeSegment"}]}
RESULT: undefined
COMMAND: POST /session/cda6b29e510b44d9979fdab5b6517565/element - {"using":"xpath","value":"//*[@id=\"application-manageresources-display-component---newResourceUnit--btnAddTimeSegment\"]"}
RESULT: {}
RESULT: {"using":"xpath","value":"//*[@id=\"application-manageresources-display-component---newResourceUnit--btnAddTimeSegment\"]"}
COMMAND: POST /session/cda6b29e510b44d9979fdab5b6517565/element/f.5E866639E2C7498835F0FF88C67C8471.d.4D860913684CBD36ED54DBB482C41CDA.e.17447/click - {}
RESULT: {}
COMMAND: GET /session/cda6b29e510b44d9979fdab5b6517565/screenshot - {}
RESULT: {}
COMMAND: POST /session/cda6b29e510b44d9979fdab5b6517565/element - {"using":"xpath","value":"//input[@id=\"application-manageresources-display-component---newResourceUnit--idRuTSAdmin-application-manageresources-display-component---newResourceUnit--RUTimeSegment-0-inner\"]"}
RESULT: {"using":"xpath","value":"//input[@id=\"application-manageresources-display-component---newResourceUnit--idRuTSAdmin-application-manageresources-display-component---newResourceUnit--RUTimeSegment-0-inner\"]"}
COMMAND: POST /session/cda6b29e510b44d9979fdab5b6517565/element/f.5E866639E2C7498835F0FF88C67C8471.d.4D860913684CBD36ED54DBB482C41CDA.e.17453/clear - {}
RESULT: {}
COMMAND: POST /session/cda6b29e510b44d9979fdab5b6517565/element/f.5E866639E2C7498835F0FF88C67C8471.d.4D860913684CBD36ED54DBB482C41CDA.e.17453/value - {"text":"507"}
COMMAND: GET /session/cda6b29e510b44d9979fdab5b6517565/screenshot - {}
RESULT: {"text":"507"}
COMMAND: GET /session/cda6b29e510b44d9979fdab5b6517565/screenshot - {}
RESULT: {}
RESULT: {}
COMMAND: POST /session/cda6b29e510b44d9979fdab5b6517565/element - {"using":"xpath","value":"//li[.//span[text()='507']]"}
RESULT: {"using":"xpath","value":"//li[.//span[text()='507']]"}
COMMAND: POST /session/cda6b29e510b44d9979fdab5b6517565/element/f.5E866639E2C7498835F0FF88C67C8471.d.4D860913684CBD36ED54DBB482C41CDA.e.17467/click - {}
RESULT: {}
COMMAND: GET /session/cda6b29e510b44d9979fdab5b6517565/screenshot - {}
RESULT: {}
COMMAND: POST /session/cda6b29e510b44d9979fdab5b6517565/element - {"using":"xpath","value":"(//span[contains(@id, \"-application-manageresources-display-component---newResourceUnit--RUTimeSegment-0-arrow\")])[6]"}
RESULT: {"using":"xpath","value":"(//span[contains(@id, \"-application-manageresources-display-component---newResourceUnit--RUTimeSegment-0-arrow\")])[6]"}
COMMAND: POST /session/cda6b29e510b44d9979fdab5b6517565/element/f.5E866639E2C7498835F0FF88C67C8471.d.4D860913684CBD36ED54DBB482C41CDA.e.17468/click - {}
RESULT: {}
COMMAND: GET /session/cda6b29e510b44d9979fdab5b6517565/screenshot - {}
RESULT: {}
COMMAND: POST /session/cda6b29e510b44d9979fdab5b6517565/element - {"using":"xpath","value":"//span[contains(text(), \"PM Order\")]"}
RESULT: {"using":"xpath","value":"//span[contains(text(), \"PM Order\")]"}
COMMAND: POST /session/cda6b29e510b44d9979fdab5b6517565/element/f.5E866639E2C7498835F0FF88C67C8471.d.4D860913684CBD36ED54DBB482C41CDA.e.17471/click - {}
RESULT: {}
COMMAND: GET /session/cda6b29e510b44d9979fdab5b6517565/screenshot - {}
RESULT: {}
COMMAND: POST /session/cda6b29e510b44d9979fdab5b6517565/element - {"using":"xpath","value":"(//span[contains(@id ,\"manageresources-display-component---newResourceUnit--RUTimeSegment-0-vhi\")])[1]"}
RESULT: {"using":"xpath","value":"(//span[contains(@id ,\"manageresources-display-component---newResourceUnit--RUTimeSegment-0-vhi\")])[1]"}
COMMAND: GET /session/cda6b29e510b44d9979fdab5b6517565/element/f.5E866639E2C7498835F0FF88C67C8471.d.4D860913684CBD36ED54DBB482C41CDA.e.17475/rect - {}
RESULT: {}
COMMAND: GET /session/cda6b29e510b44d9979fdab5b6517565/window/rect - {}
RESULT: {}
COMMAND: POST /session/cda6b29e510b44d9979fdab5b6517565/execute/sync - {"script":"<script> [92 bytes]","args":[]}
RESULT: {"script":"<script> [92 bytes]","args":[]}
COMMAND: POST /session/cda6b29e510b44d9979fdab5b6517565/actions - {"actions":[{"id":"action63","type":"wheel","parameters":{},"actions":[{"type":"scroll","x":-869,"y":-24,"deltaX":0,"deltaY":0,"duration":0,"origin":{"element-6066-11e4-a52e-4f735466cecf":"f.5E866639E2C7498835F0FF88C67C8471.d.4D860913684CBD36ED54DBB482C41CDA.e.17475"}}]}]}
COMMAND: GET /session/cda6b29e510b44d9979fdab5b6517565/screenshot - {}
RESULT: {"actions":[{"id":"action63","type":"wheel","parameters":{},"actions":[{"type":"scroll","x":-869,"y":-24,"deltaX":0,"deltaY":0,"duration":0,"origin":{"element-6066-11e4-a52e-4f735466cecf":"f.5E866639E2C7498835F0FF88C67C8471.d.4D860913684CBD36ED54DBB482C41CDA.e.17475"}}]}]}
COMMAND: DELETE /session/cda6b29e510b44d9979fdab5b6517565/actions - {}
COMMAND: GET /session/cda6b29e510b44d9979fdab5b6517565/screenshot - {}
RESULT: {}
RESULT: {}
COMMAND: GET /session/cda6b29e510b44d9979fdab5b6517565/screenshot - {}
RESULT: {}
RESULT: {}
COMMAND: POST /session/cda6b29e510b44d9979fdab5b6517565/element/f.5E866639E2C7498835F0FF88C67C8471.d.4D860913684CBD36ED54DBB482C41CDA.e.17475/click - {}
RESULT: {}
COMMAND: GET /session/cda6b29e510b44d9979fdab5b6517565/screenshot - {}
RESULT: {}
COMMAND: POST /session/cda6b29e510b44d9979fdab5b6517565/execute/async - {"script":"<script> [1562 bytes]","args":[{"selector":{"controlType":"sap.m.SearchField","properties":{"placeholder":"Search"},"searchOpenDialogs":true,"interaction":{"idSuffix":"I"}},"wdio_ui5_key":"sapm.SearchField{\"placeholder\":\"Search\"}"}]}
RESULT: {"script":"<script> [1562 bytes]","args":[{"selector":{"controlType":"sap.m.SearchField","properties":{"placeholder":"Search"},"searchOpenDialogs":true,"interaction":{"idSuffix":"I"}},"wdio_ui5_key":"sapm.SearchField{\"placeholder\":\"Search\"}"}]}
RESULT: undefined
COMMAND: POST /session/cda6b29e510b44d9979fdab5b6517565/execute/async - {"script":"<script> [776 bytes]","args":[{"enterText":"4000360","selector":{"controlType":"sap.m.SearchField","properties":{"placeholder":"Search"},"searchOpenDialogs":true,"interaction":{"idSuffix":"I"}},"clearTextFirst":true,"interactionType":"ENTER_TEXT"}]}
RESULT: {"script":"<script> [776 bytes]","args":[{"enterText":"4000360","selector":{"controlType":"sap.m.SearchField","properties":{"placeholder":"Search"},"searchOpenDialogs":true,"interaction":{"idSuffix":"I"}},"clearTextFirst":true,"interactionType":"ENTER_TEXT"}]}
COMMAND: POST /session/cda6b29e510b44d9979fdab5b6517565/actions - {"actions":[{"id":"action64","type":"key","parameters":{},"actions":[{"type":"keyDown","value":"î€‡"},{"type":"pause","duration":10},{"type":"keyUp","value":"î€‡"}]}]}
RESULT: {"actions":[{"id":"action64","type":"key","parameters":{},"actions":[{"type":"keyDown","value":"î€‡"},{"type":"pause","duration":10},{"type":"keyUp","value":"î€‡"}]}]}
COMMAND: GET /session/cda6b29e510b44d9979fdab5b6517565/screenshot - {}
RESULT: {}
COMMAND: POST /session/cda6b29e510b44d9979fdab5b6517565/element - {"using":"xpath","value":"//td/div/span[contains(text(), \"BGL Vehicles\")]"}
RESULT: {"using":"xpath","value":"//td/div/span[contains(text(), \"BGL Vehicles\")]"}
COMMAND: POST /session/cda6b29e510b44d9979fdab5b6517565/element/f.5E866639E2C7498835F0FF88C67C8471.d.4D860913684CBD36ED54DBB482C41CDA.e.17497/click - {}
RESULT: {}
COMMAND: GET /session/cda6b29e510b44d9979fdab5b6517565/screenshot - {}
RESULT: {}
COMMAND: POST /session/cda6b29e510b44d9979fdab5b6517565/element - {"using":"xpath","value":"//bdi[contains(text(), \"OK\")]"}
RESULT: {"using":"xpath","value":"//bdi[contains(text(), \"OK\")]"}
COMMAND: POST /session/cda6b29e510b44d9979fdab5b6517565/element/f.5E866639E2C7498835F0FF88C67C8471.d.4D860913684CBD36ED54DBB482C41CDA.e.17498/click - {}
RESULT: {}
COMMAND: GET /session/cda6b29e510b44d9979fdab5b6517565/screenshot - {}
RESULT: {}
COMMAND: POST /session/cda6b29e510b44d9979fdab5b6517565/execute/async - {"script":"<script> [1562 bytes]","args":[{"selector":{"id":"application-manageresources-display-component---newResourceUnit--newRRUPage-anchBar-application-manageresources-display-component---newResourceUnit--resource-anchor","interaction":{"idSuffix":"BDI-content"}},"wdio_ui5_key":"applicationmanageresources-display-component---newResourceUnit--newRRUPage-anchBar-application-manageresources-display-component---newResourceUnit--resource-anchor"}]}
RESULT: {"script":"<script> [1562 bytes]","args":[{"selector":{"id":"application-manageresources-display-component---newResourceUnit--newRRUPage-anchBar-application-manageresources-display-component---newResourceUnit--resource-anchor","interaction":{"idSuffix":"BDI-content"}},"wdio_ui5_key":"applicationmanageresources-display-component---newResourceUnit--newRRUPage-anchBar-application-manageresources-display-component---newResourceUnit--resource-anchor"}]}
RESULT: undefined
COMMAND: POST /session/cda6b29e510b44d9979fdab5b6517565/element - {"using":"xpath","value":"//*[@id=\"application-manageresources-display-component---newResourceUnit--newRRUPage-anchBar-application-manageresources-display-component---newResourceUnit--resource-anchor\"]"}
RESULT: {"using":"xpath","value":"//*[@id=\"application-manageresources-display-component---newResourceUnit--newRRUPage-anchBar-application-manageresources-display-component---newResourceUnit--resource-anchor\"]"}
COMMAND: POST /session/cda6b29e510b44d9979fdab5b6517565/element/f.5E866639E2C7498835F0FF88C67C8471.d.4D860913684CBD36ED54DBB482C41CDA.e.17502/click - {}
RESULT: {}
COMMAND: POST /session/cda6b29e510b44d9979fdab5b6517565/execute/async - {"script":"<script> [1562 bytes]","args":[{"selector":{"id":"application-manageresources-display-component---newResourceUnit--PLANNED_DELIVERY_DATE","interaction":{"idSuffix":"inner"}},"wdio_ui5_key":"applicationmanageresources-display-component---newResourceUnit--PLANNED_DELIVERY_DATE"}]}
COMMAND: GET /session/cda6b29e510b44d9979fdab5b6517565/screenshot - {}
RESULT: {"script":"<script> [1562 bytes]","args":[{"selector":{"id":"application-manageresources-display-component---newResourceUnit--PLANNED_DELIVERY_DATE","interaction":{"idSuffix":"inner"}},"wdio_ui5_key":"applicationmanageresources-display-component---newResourceUnit--PLANNED_DELIVERY_DATE"}]}
RESULT: undefined
COMMAND: POST /session/cda6b29e510b44d9979fdab5b6517565/execute/async - {"script":"<script> [6424 bytes]","args":[{"element-6066-11e4-a52e-4f735466cecf":"f.5E866639E2C7498835F0FF88C67C8471.d.4D860913684CBD36ED54DBB482C41CDA.e.17363"},"setValue",["5/17/25"]]}
RESULT: {}
RESULT: {"script":"<script> [6424 bytes]","args":[{"element-6066-11e4-a52e-4f735466cecf":"f.5E866639E2C7498835F0FF88C67C8471.d.4D860913684CBD36ED54DBB482C41CDA.e.17363"},"setValue",["5/17/25"]]}
COMMAND: POST /session/cda6b29e510b44d9979fdab5b6517565/element - {"using":"xpath","value":"//label[contains(@class, 'sapMLabelRequired') and .//bdi[contains(text(), 'Planned Retirement')]]"}
RESULT: {"using":"xpath","value":"//label[contains(@class, 'sapMLabelRequired') and .//bdi[contains(text(), 'Planned Retirement')]]"}
COMMAND: POST /session/cda6b29e510b44d9979fdab5b6517565/elements - {"using":"xpath","value":"//label[contains(@class, 'sapMLabelRequired') and .//bdi[contains(text(), 'Planned Retirement')]]"}
RESULT: {"using":"xpath","value":"//label[contains(@class, 'sapMLabelRequired') and .//bdi[contains(text(), 'Planned Retirement')]]"}
COMMAND: POST /session/cda6b29e510b44d9979fdab5b6517565/element - {"using":"xpath","value":"//button[@data-kt=\"resourceUnitSaveButton\"]"}
RESULT: {"using":"xpath","value":"//button[@data-kt=\"resourceUnitSaveButton\"]"}
COMMAND: POST /session/cda6b29e510b44d9979fdab5b6517565/element/f.5E866639E2C7498835F0FF88C67C8471.d.4D860913684CBD36ED54DBB482C41CDA.e.17323/click - {}
RESULT: {}
COMMAND: GET /session/cda6b29e510b44d9979fdab5b6517565/screenshot - {}
RESULT: {}
COMMAND: POST /session/cda6b29e510b44d9979fdab5b6517565/element - {"using":"xpath","value":"//bdi[contains(text(), \"Close\")]"}
RESULT: {"using":"xpath","value":"//bdi[contains(text(), \"Close\")]"}
COMMAND: POST /session/cda6b29e510b44d9979fdab5b6517565/element/f.5E866639E2C7498835F0FF88C67C8471.d.4D860913684CBD36ED54DBB482C41CDA.e.17512/click - {}
RESULT: {}
COMMAND: GET /session/cda6b29e510b44d9979fdab5b6517565/screenshot - {}
RESULT: {}
COMMAND: POST /session/cda6b29e510b44d9979fdab5b6517565/element - {"using":"xpath","value":"(//button[contains(@id ,\"actionsToolbar-overflowButton\")])[1]"}
RESULT: {"using":"xpath","value":"(//button[contains(@id ,\"actionsToolbar-overflowButton\")])[1]"}
COMMAND: POST /session/cda6b29e510b44d9979fdab5b6517565/element/f.5E866639E2C7498835F0FF88C67C8471.d.4D860913684CBD36ED54DBB482C41CDA.e.17543/click - {}
RESULT: {}
COMMAND: GET /session/cda6b29e510b44d9979fdab5b6517565/screenshot - {}
RESULT: {}
COMMAND: POST /session/cda6b29e510b44d9979fdab5b6517565/element - {"using":"xpath","value":"//button[@data-kt=\"priceInfoButton\"]"}
RESULT: {"using":"xpath","value":"//button[@data-kt=\"priceInfoButton\"]"}
COMMAND: POST /session/cda6b29e510b44d9979fdab5b6517565/element/f.5E866639E2C7498835F0FF88C67C8471.d.4D860913684CBD36ED54DBB482C41CDA.e.17545/click - {}
RESULT: {}
COMMAND: GET /session/cda6b29e510b44d9979fdab5b6517565/screenshot - {}
]]></system-out>
    </testcase>
    <testcase classname="chrome.136_0_7103_93.windows.Create_Reverse_Billing_US127248" name="Should create a pricing procedure" time="57.283">
      <system-out><![CDATA[
COMMAND: POST /session/cda6b29e510b44d9979fdab5b6517565/element - {"using":"xpath","value":"//button[@data-kt=\"addButton\"]"}
RESULT: {}
RESULT: {"using":"xpath","value":"//button[@data-kt=\"addButton\"]"}
COMMAND: POST /session/cda6b29e510b44d9979fdab5b6517565/elements - {"using":"xpath","value":"//button[@data-kt=\"addButton\"]"}
RESULT: {"using":"xpath","value":"//button[@data-kt=\"addButton\"]"}
COMMAND: POST /session/cda6b29e510b44d9979fdab5b6517565/execute/sync - {"script":"<script> [8489 bytes]","args":[{"element-6066-11e4-a52e-4f735466cecf":"f.5E866639E2C7498835F0FF88C67C8471.d.4D860913684CBD36ED54DBB482C41CDA.e.17583","ELEMENT":"f.5E866639E2C7498835F0FF88C67C8471.d.4D860913684CBD36ED54DBB482C41CDA.e.17583"}]}
RESULT: {"script":"<script> [8489 bytes]","args":[{"element-6066-11e4-a52e-4f735466cecf":"f.5E866639E2C7498835F0FF88C67C8471.d.4D860913684CBD36ED54DBB482C41CDA.e.17583","ELEMENT":"f.5E866639E2C7498835F0FF88C67C8471.d.4D860913684CBD36ED54DBB482C41CDA.e.17583"}]}
COMMAND: GET /session/cda6b29e510b44d9979fdab5b6517565/element/f.5E866639E2C7498835F0FF88C67C8471.d.4D860913684CBD36ED54DBB482C41CDA.e.17583/enabled - {}
COMMAND: GET /session/cda6b29e510b44d9979fdab5b6517565/screenshot - {}
RESULT: {}
COMMAND: POST /session/cda6b29e510b44d9979fdab5b6517565/execute/sync - {"script":"<script> [8489 bytes]","args":[{"element-6066-11e4-a52e-4f735466cecf":"f.5E866639E2C7498835F0FF88C67C8471.d.4D860913684CBD36ED54DBB482C41CDA.e.17583","ELEMENT":"f.5E866639E2C7498835F0FF88C67C8471.d.4D860913684CBD36ED54DBB482C41CDA.e.17583"}]}
COMMAND: GET /session/cda6b29e510b44d9979fdab5b6517565/screenshot - {}
RESULT: {}
RESULT: {"script":"<script> [8489 bytes]","args":[{"element-6066-11e4-a52e-4f735466cecf":"f.5E866639E2C7498835F0FF88C67C8471.d.4D860913684CBD36ED54DBB482C41CDA.e.17583","ELEMENT":"f.5E866639E2C7498835F0FF88C67C8471.d.4D860913684CBD36ED54DBB482C41CDA.e.17583"}]}
COMMAND: POST /session/cda6b29e510b44d9979fdab5b6517565/execute/sync - {"script":"<script> [5351 bytes]","args":[{"element-6066-11e4-a52e-4f735466cecf":"f.5E866639E2C7498835F0FF88C67C8471.d.4D860913684CBD36ED54DBB482C41CDA.e.17583","ELEMENT":"f.5E866639E2C7498835F0FF88C67C8471.d.4D860913684CBD36ED54DBB482C41CDA.e.17583"}]}
COMMAND: GET /session/cda6b29e510b44d9979fdab5b6517565/screenshot - {}
RESULT: {}
RESULT: {"script":"<script> [5351 bytes]","args":[{"element-6066-11e4-a52e-4f735466cecf":"f.5E866639E2C7498835F0FF88C67C8471.d.4D860913684CBD36ED54DBB482C41CDA.e.17583","ELEMENT":"f.5E866639E2C7498835F0FF88C67C8471.d.4D860913684CBD36ED54DBB482C41CDA.e.17583"}]}
COMMAND: POST /session/cda6b29e510b44d9979fdab5b6517565/element/f.5E866639E2C7498835F0FF88C67C8471.d.4D860913684CBD36ED54DBB482C41CDA.e.17583/click - {}
COMMAND: GET /session/cda6b29e510b44d9979fdab5b6517565/screenshot - {}
RESULT: {}
RESULT: {}
COMMAND: GET /session/cda6b29e510b44d9979fdab5b6517565/screenshot - {}
RESULT: {}
RESULT: {}
COMMAND: POST /session/cda6b29e510b44d9979fdab5b6517565/execute/async - {"script":"<script> [1562 bytes]","args":[{"selector":{"controlType":"sap.m.Title","viewName":"etm.portal.ui.managepricingrules.view.NewItem","viewId":"application-managepricingrules-display-component---newInfoPriceItem","properties":{"text":"New Pricing Rules - Item Level"}},"wdio_ui5_key":"etmportal.ui.managepricingrules.view.NewItemsap.m.Title{\"text\":\"New Pricing Rules - Item Level\"}"}]}
RESULT: {"script":"<script> [1562 bytes]","args":[{"selector":{"controlType":"sap.m.Title","viewName":"etm.portal.ui.managepricingrules.view.NewItem","viewId":"application-managepricingrules-display-component---newInfoPriceItem","properties":{"text":"New Pricing Rules - Item Level"}},"wdio_ui5_key":"etmportal.ui.managepricingrules.view.NewItemsap.m.Title{\"text\":\"New Pricing Rules - Item Level\"}"}]}
RESULT: undefined
COMMAND: POST /session/cda6b29e510b44d9979fdab5b6517565/execute/async - {"script":"<script> [6424 bytes]","args":[{"element-6066-11e4-a52e-4f735466cecf":"f.5E866639E2C7498835F0FF88C67C8471.d.4D860913684CBD36ED54DBB482C41CDA.e.17656"},"getText",[]]}
RESULT: {"script":"<script> [6424 bytes]","args":[{"element-6066-11e4-a52e-4f735466cecf":"f.5E866639E2C7498835F0FF88C67C8471.d.4D860913684CBD36ED54DBB482C41CDA.e.17656"},"getText",[]]}
COMMAND: POST /session/cda6b29e510b44d9979fdab5b6517565/execute/async - {"script":"<script> [1562 bytes]","args":[{"selector":{"id":"application-managepricingrules-display-component---newInfoPriceItem--condValidTo","interaction":{"idSuffix":"inner"}},"wdio_ui5_key":"applicationmanagepricingrules-display-component---newInfoPriceItem--condValidTo"}]}
RESULT: {"script":"<script> [1562 bytes]","args":[{"selector":{"id":"application-managepricingrules-display-component---newInfoPriceItem--condValidTo","interaction":{"idSuffix":"inner"}},"wdio_ui5_key":"applicationmanagepricingrules-display-component---newInfoPriceItem--condValidTo"}]}
RESULT: undefined
COMMAND: POST /session/cda6b29e510b44d9979fdab5b6517565/execute/async - {"script":"<script> [776 bytes]","args":[{"enterText":"1/17/26","selector":{"id":"application-managepricingrules-display-component---newInfoPriceItem--condValidTo","interaction":{"idSuffix":"inner"}},"clearTextFirst":true,"interactionType":"ENTER_TEXT"}]}
RESULT: {"script":"<script> [776 bytes]","args":[{"enterText":"1/17/26","selector":{"id":"application-managepricingrules-display-component---newInfoPriceItem--condValidTo","interaction":{"idSuffix":"inner"}},"clearTextFirst":true,"interactionType":"ENTER_TEXT"}]}
COMMAND: POST /session/cda6b29e510b44d9979fdab5b6517565/execute/async - {"script":"<script> [1562 bytes]","args":[{"selector":{"id":"application-managepricingrules-display-component---newInfoPriceItem--billType-arrow"},"wdio_ui5_key":"applicationmanagepricingrules-display-component---newInfoPriceItem--billType-arrow"}]}
RESULT: {"script":"<script> [1562 bytes]","args":[{"selector":{"id":"application-managepricingrules-display-component---newInfoPriceItem--billType-arrow"},"wdio_ui5_key":"applicationmanagepricingrules-display-component---newInfoPriceItem--billType-arrow"}]}
RESULT: undefined
COMMAND: POST /session/cda6b29e510b44d9979fdab5b6517565/element - {"using":"xpath","value":"//*[@id=\"application-managepricingrules-display-component---newInfoPriceItem--billType-arrow\"]"}
RESULT: {"using":"xpath","value":"//*[@id=\"application-managepricingrules-display-component---newInfoPriceItem--billType-arrow\"]"}
COMMAND: POST /session/cda6b29e510b44d9979fdab5b6517565/element/f.5E866639E2C7498835F0FF88C67C8471.d.4D860913684CBD36ED54DBB482C41CDA.e.17713/click - {}
RESULT: {}
COMMAND: POST /session/cda6b29e510b44d9979fdab5b6517565/element - {"using":"xpath","value":"//span[contains(text(), \"TB - Time based\")]"}
COMMAND: GET /session/cda6b29e510b44d9979fdab5b6517565/screenshot - {}
RESULT: {"using":"xpath","value":"//span[contains(text(), \"TB - Time based\")]"}
COMMAND: POST /session/cda6b29e510b44d9979fdab5b6517565/element/f.5E866639E2C7498835F0FF88C67C8471.d.4D860913684CBD36ED54DBB482C41CDA.e.17758/click - {}
RESULT: {}
RESULT: {}
COMMAND: POST /session/cda6b29e510b44d9979fdab5b6517565/execute/async - {"script":"<script> [1562 bytes]","args":[{"selector":{"id":"application-managepricingrules-display-component---newInfoPriceItem--priceProc-arrow"},"wdio_ui5_key":"applicationmanagepricingrules-display-component---newInfoPriceItem--priceProc-arrow"}]}
COMMAND: GET /session/cda6b29e510b44d9979fdab5b6517565/screenshot - {}
RESULT: {"script":"<script> [1562 bytes]","args":[{"selector":{"id":"application-managepricingrules-display-component---newInfoPriceItem--priceProc-arrow"},"wdio_ui5_key":"applicationmanagepricingrules-display-component---newInfoPriceItem--priceProc-arrow"}]}
RESULT: undefined
COMMAND: POST /session/cda6b29e510b44d9979fdab5b6517565/element - {"using":"xpath","value":"//*[@id=\"application-managepricingrules-display-component---newInfoPriceItem--priceProc-arrow\"]"}
RESULT: {}
RESULT: {"using":"xpath","value":"//*[@id=\"application-managepricingrules-display-component---newInfoPriceItem--priceProc-arrow\"]"}
COMMAND: POST /session/cda6b29e510b44d9979fdab5b6517565/element/f.5E866639E2C7498835F0FF88C67C8471.d.4D860913684CBD36ED54DBB482C41CDA.e.17720/click - {}
RESULT: {}
COMMAND: POST /session/cda6b29e510b44d9979fdab5b6517565/element - {"using":"xpath","value":"//span[contains(text(), \"TBS - Time based standard\")]"}
COMMAND: GET /session/cda6b29e510b44d9979fdab5b6517565/screenshot - {}
RESULT: {"using":"xpath","value":"//span[contains(text(), \"TBS - Time based standard\")]"}
COMMAND: POST /session/cda6b29e510b44d9979fdab5b6517565/element/f.5E866639E2C7498835F0FF88C67C8471.d.4D860913684CBD36ED54DBB482C41CDA.e.17759/click - {}
RESULT: {}
RESULT: {}
COMMAND: POST /session/cda6b29e510b44d9979fdab5b6517565/execute/async - {"script":"<script> [1562 bytes]","args":[{"selector":{"id":"application-managepricingrules-display-component---newInfoPriceItem--calcBase-arrow"},"wdio_ui5_key":"applicationmanagepricingrules-display-component---newInfoPriceItem--calcBase-arrow"}]}
COMMAND: GET /session/cda6b29e510b44d9979fdab5b6517565/screenshot - {}
RESULT: {"script":"<script> [1562 bytes]","args":[{"selector":{"id":"application-managepricingrules-display-component---newInfoPriceItem--calcBase-arrow"},"wdio_ui5_key":"applicationmanagepricingrules-display-component---newInfoPriceItem--calcBase-arrow"}]}
RESULT: undefined
COMMAND: POST /session/cda6b29e510b44d9979fdab5b6517565/element - {"using":"xpath","value":"//*[@id=\"application-managepricingrules-display-component---newInfoPriceItem--calcBase-arrow\"]"}
RESULT: {}
RESULT: {"using":"xpath","value":"//*[@id=\"application-managepricingrules-display-component---newInfoPriceItem--calcBase-arrow\"]"}
COMMAND: POST /session/cda6b29e510b44d9979fdab5b6517565/element/f.5E866639E2C7498835F0FF88C67C8471.d.4D860913684CBD36ED54DBB482C41CDA.e.17727/click - {}
RESULT: {}
COMMAND: GET /session/cda6b29e510b44d9979fdab5b6517565/screenshot - {}
RESULT: {}
COMMAND: POST /session/cda6b29e510b44d9979fdab5b6517565/element - {"using":"xpath","value":"//span[contains(text(), \"0006 - TB(calendar days)\")]"}
RESULT: {"using":"xpath","value":"//span[contains(text(), \"0006 - TB(calendar days)\")]"}
COMMAND: POST /session/cda6b29e510b44d9979fdab5b6517565/element/f.5E866639E2C7498835F0FF88C67C8471.d.4D860913684CBD36ED54DBB482C41CDA.e.17760/click - {}
RESULT: {}
COMMAND: GET /session/cda6b29e510b44d9979fdab5b6517565/screenshot - {}
RESULT: {}
COMMAND: POST /session/cda6b29e510b44d9979fdab5b6517565/execute/async - {"script":"<script> [1562 bytes]","args":[{"selector":{"id":"application-managepricingrules-display-component---newInfoPriceItem--daysMonth","interaction":{"idSuffix":"inner"}},"wdio_ui5_key":"applicationmanagepricingrules-display-component---newInfoPriceItem--daysMonth"}]}
RESULT: {"script":"<script> [1562 bytes]","args":[{"selector":{"id":"application-managepricingrules-display-component---newInfoPriceItem--daysMonth","interaction":{"idSuffix":"inner"}},"wdio_ui5_key":"applicationmanagepricingrules-display-component---newInfoPriceItem--daysMonth"}]}
RESULT: undefined
COMMAND: POST /session/cda6b29e510b44d9979fdab5b6517565/execute/async - {"script":"<script> [776 bytes]","args":[{"enterText":"30","selector":{"id":"application-managepricingrules-display-component---newInfoPriceItem--daysMonth","interaction":{"idSuffix":"inner"}},"clearTextFirst":true,"interactionType":"ENTER_TEXT"}]}
RESULT: {"script":"<script> [776 bytes]","args":[{"enterText":"30","selector":{"id":"application-managepricingrules-display-component---newInfoPriceItem--daysMonth","interaction":{"idSuffix":"inner"}},"clearTextFirst":true,"interactionType":"ENTER_TEXT"}]}
COMMAND: POST /session/cda6b29e510b44d9979fdab5b6517565/element - {"using":"xpath","value":"//button[@data-kt=\"saveNewRuleButton\"]"}
RESULT: {"using":"xpath","value":"//button[@data-kt=\"saveNewRuleButton\"]"}
COMMAND: POST /session/cda6b29e510b44d9979fdab5b6517565/element/f.5E866639E2C7498835F0FF88C67C8471.d.4D860913684CBD36ED54DBB482C41CDA.e.17748/click - {}
RESULT: {}
COMMAND: GET /session/cda6b29e510b44d9979fdab5b6517565/screenshot - {}
RESULT: {}
COMMAND: POST /session/cda6b29e510b44d9979fdab5b6517565/execute/async - {"script":"<script> [1562 bytes]","args":[{"selector":{"id":"application-managepricingrules-display-component---priceInfoItem--smartFilterBar-btnBasicSearch","interaction":{"idSuffix":"I"}},"wdio_ui5_key":"applicationmanagepricingrules-display-component---priceInfoItem--smartFilterBar-btnBasicSearch"}]}
RESULT: {"script":"<script> [1562 bytes]","args":[{"selector":{"id":"application-managepricingrules-display-component---priceInfoItem--smartFilterBar-btnBasicSearch","interaction":{"idSuffix":"I"}},"wdio_ui5_key":"applicationmanagepricingrules-display-component---priceInfoItem--smartFilterBar-btnBasicSearch"}]}
RESULT: undefined
COMMAND: POST /session/cda6b29e510b44d9979fdab5b6517565/execute/async - {"script":"<script> [776 bytes]","args":[{"enterText":"qxIEF9ENx3","selector":{"id":"application-managepricingrules-display-component---priceInfoItem--smartFilterBar-btnBasicSearch","interaction":{"idSuffix":"I"}},"clearTextFirst":true,"interactionType":"ENTER_TEXT"}]}
RESULT: {"script":"<script> [776 bytes]","args":[{"enterText":"qxIEF9ENx3","selector":{"id":"application-managepricingrules-display-component---priceInfoItem--smartFilterBar-btnBasicSearch","interaction":{"idSuffix":"I"}},"clearTextFirst":true,"interactionType":"ENTER_TEXT"}]}
COMMAND: POST /session/cda6b29e510b44d9979fdab5b6517565/actions - {"actions":[{"id":"action65","type":"key","parameters":{},"actions":[{"type":"keyDown","value":"î€‡"},{"type":"pause","duration":10},{"type":"keyUp","value":"î€‡"}]}]}
RESULT: {"actions":[{"id":"action65","type":"key","parameters":{},"actions":[{"type":"keyDown","value":"î€‡"},{"type":"pause","duration":10},{"type":"keyUp","value":"î€‡"}]}]}
COMMAND: GET /session/cda6b29e510b44d9979fdab5b6517565/screenshot - {}
RESULT: {}
COMMAND: POST /session/cda6b29e510b44d9979fdab5b6517565/element - {"using":"xpath","value":"//span[@id=\"application-managepricingrules-display-component---priceInfoItem--smartTable-header-inner\"]"}
RESULT: {"using":"xpath","value":"//span[@id=\"application-managepricingrules-display-component---priceInfoItem--smartTable-header-inner\"]"}
COMMAND: POST /session/cda6b29e510b44d9979fdab5b6517565/elements - {"using":"xpath","value":"//span[@id=\"application-managepricingrules-display-component---priceInfoItem--smartTable-header-inner\"]"}
RESULT: {"using":"xpath","value":"//span[@id=\"application-managepricingrules-display-component---priceInfoItem--smartTable-header-inner\"]"}
COMMAND: POST /session/cda6b29e510b44d9979fdab5b6517565/execute/sync - {"script":"<script> [56 bytes]","args":[{"element-6066-11e4-a52e-4f735466cecf":"f.5E866639E2C7498835F0FF88C67C8471.d.4D860913684CBD36ED54DBB482C41CDA.e.17786","ELEMENT":"f.5E866639E2C7498835F0FF88C67C8471.d.4D860913684CBD36ED54DBB482C41CDA.e.17786"}]}
RESULT: {"script":"<script> [56 bytes]","args":[{"element-6066-11e4-a52e-4f735466cecf":"f.5E866639E2C7498835F0FF88C67C8471.d.4D860913684CBD36ED54DBB482C41CDA.e.17786","ELEMENT":"f.5E866639E2C7498835F0FF88C67C8471.d.4D860913684CBD36ED54DBB482C41CDA.e.17786"}]}
COMMAND: POST /session/cda6b29e510b44d9979fdab5b6517565/element - {"using":"css selector","value":"#shell-header-logo"}
COMMAND: GET /session/cda6b29e510b44d9979fdab5b6517565/screenshot - {}
RESULT: {"using":"css selector","value":"#shell-header-logo"}
COMMAND: POST /session/cda6b29e510b44d9979fdab5b6517565/element/f.5E866639E2C7498835F0FF88C67C8471.d.4D860913684CBD36ED54DBB482C41CDA.e.16917/click - {}
RESULT: {}
RESULT: {}
COMMAND: GET /session/cda6b29e510b44d9979fdab5b6517565/screenshot - {}
RESULT: {}
]]></system-out>
    </testcase>
    <testcase classname="chrome.136_0_7103_93.windows.Create_Reverse_Billing_US127248" name="Should manage conditions" time="67.604">
      <system-out><![CDATA[
COMMAND: POST /session/cda6b29e510b44d9979fdab5b6517565/execute/async - {"script":"<script> [1562 bytes]","args":[{"selector":{"controlType":"sap.m.GenericTile","properties":{"header":"Manage Conditions & Prices"}},"wdio_ui5_key":"sapm.GenericTile{\"header\":\"Manage Conditions & Prices\"}"}]}
RESULT: {"script":"<script> [1562 bytes]","args":[{"selector":{"controlType":"sap.m.GenericTile","properties":{"header":"Manage Conditions & Prices"}},"wdio_ui5_key":"sapm.GenericTile{\"header\":\"Manage Conditions & Prices\"}"}]}
RESULT: undefined
COMMAND: POST /session/cda6b29e510b44d9979fdab5b6517565/element - {"using":"xpath","value":"//*[@id=\"__tile53\"]"}
RESULT: {"using":"xpath","value":"//*[@id=\"__tile53\"]"}
COMMAND: POST /session/cda6b29e510b44d9979fdab5b6517565/element/f.5E866639E2C7498835F0FF88C67C8471.d.4D860913684CBD36ED54DBB482C41CDA.e.16855/click - {}
RESULT: {}
COMMAND: GET /session/cda6b29e510b44d9979fdab5b6517565/screenshot - {}
RESULT: {}
COMMAND: POST /session/cda6b29e510b44d9979fdab5b6517565/elements - {"using":"xpath","value":"//span[text()='Error']"}
RESULT: {"using":"xpath","value":"//span[text()='Error']"}
COMMAND: POST /session/cda6b29e510b44d9979fdab5b6517565/element - {"using":"xpath","value":"//button[@aria-label=\"Create\"]"}
RESULT: {"using":"xpath","value":"//button[@aria-label=\"Create\"]"}
COMMAND: POST /session/cda6b29e510b44d9979fdab5b6517565/elements - {"using":"xpath","value":"//button[@aria-label=\"Create\"]"}
RESULT: {"using":"xpath","value":"//button[@aria-label=\"Create\"]"}
COMMAND: POST /session/cda6b29e510b44d9979fdab5b6517565/execute/sync - {"script":"<script> [8489 bytes]","args":[{"element-6066-11e4-a52e-4f735466cecf":"f.5E866639E2C7498835F0FF88C67C8471.d.4D860913684CBD36ED54DBB482C41CDA.e.17822","ELEMENT":"f.5E866639E2C7498835F0FF88C67C8471.d.4D860913684CBD36ED54DBB482C41CDA.e.17822"}]}
RESULT: {"script":"<script> [8489 bytes]","args":[{"element-6066-11e4-a52e-4f735466cecf":"f.5E866639E2C7498835F0FF88C67C8471.d.4D860913684CBD36ED54DBB482C41CDA.e.17822","ELEMENT":"f.5E866639E2C7498835F0FF88C67C8471.d.4D860913684CBD36ED54DBB482C41CDA.e.17822"}]}
COMMAND: GET /session/cda6b29e510b44d9979fdab5b6517565/element/f.5E866639E2C7498835F0FF88C67C8471.d.4D860913684CBD36ED54DBB482C41CDA.e.17822/enabled - {}
COMMAND: GET /session/cda6b29e510b44d9979fdab5b6517565/screenshot - {}
RESULT: {}
COMMAND: POST /session/cda6b29e510b44d9979fdab5b6517565/execute/sync - {"script":"<script> [8489 bytes]","args":[{"element-6066-11e4-a52e-4f735466cecf":"f.5E866639E2C7498835F0FF88C67C8471.d.4D860913684CBD36ED54DBB482C41CDA.e.17822","ELEMENT":"f.5E866639E2C7498835F0FF88C67C8471.d.4D860913684CBD36ED54DBB482C41CDA.e.17822"}]}
COMMAND: GET /session/cda6b29e510b44d9979fdab5b6517565/screenshot - {}
RESULT: {}
RESULT: {"script":"<script> [8489 bytes]","args":[{"element-6066-11e4-a52e-4f735466cecf":"f.5E866639E2C7498835F0FF88C67C8471.d.4D860913684CBD36ED54DBB482C41CDA.e.17822","ELEMENT":"f.5E866639E2C7498835F0FF88C67C8471.d.4D860913684CBD36ED54DBB482C41CDA.e.17822"}]}
COMMAND: POST /session/cda6b29e510b44d9979fdab5b6517565/execute/sync - {"script":"<script> [5351 bytes]","args":[{"element-6066-11e4-a52e-4f735466cecf":"f.5E866639E2C7498835F0FF88C67C8471.d.4D860913684CBD36ED54DBB482C41CDA.e.17822","ELEMENT":"f.5E866639E2C7498835F0FF88C67C8471.d.4D860913684CBD36ED54DBB482C41CDA.e.17822"}]}
COMMAND: GET /session/cda6b29e510b44d9979fdab5b6517565/screenshot - {}
RESULT: {}
RESULT: {"script":"<script> [5351 bytes]","args":[{"element-6066-11e4-a52e-4f735466cecf":"f.5E866639E2C7498835F0FF88C67C8471.d.4D860913684CBD36ED54DBB482C41CDA.e.17822","ELEMENT":"f.5E866639E2C7498835F0FF88C67C8471.d.4D860913684CBD36ED54DBB482C41CDA.e.17822"}]}
COMMAND: POST /session/cda6b29e510b44d9979fdab5b6517565/element/f.5E866639E2C7498835F0FF88C67C8471.d.4D860913684CBD36ED54DBB482C41CDA.e.17822/click - {}
COMMAND: GET /session/cda6b29e510b44d9979fdab5b6517565/screenshot - {}
RESULT: {}
RESULT: {}
COMMAND: GET /session/cda6b29e510b44d9979fdab5b6517565/screenshot - {}
RESULT: {}
RESULT: {}
COMMAND: POST /session/cda6b29e510b44d9979fdab5b6517565/actions - {"actions":[{"id":"action66","type":"key","parameters":{},"actions":[{"type":"keyDown","value":"î€‡"},{"type":"pause","duration":10},{"type":"keyUp","value":"î€‡"}]}]}
RESULT: {"actions":[{"id":"action66","type":"key","parameters":{},"actions":[{"type":"keyDown","value":"î€‡"},{"type":"pause","duration":10},{"type":"keyUp","value":"î€‡"}]}]}
COMMAND: GET /session/cda6b29e510b44d9979fdab5b6517565/screenshot - {}
RESULT: {}
COMMAND: POST /session/cda6b29e510b44d9979fdab5b6517565/execute/async - {"script":"<script> [1562 bytes]","args":[{"selector":{"id":"application-manageconditionprice-display-component---newCondition--condBillCond-arrow"},"wdio_ui5_key":"applicationmanageconditionprice-display-component---newCondition--condBillCond-arrow"}]}
RESULT: {"script":"<script> [1562 bytes]","args":[{"selector":{"id":"application-manageconditionprice-display-component---newCondition--condBillCond-arrow"},"wdio_ui5_key":"applicationmanageconditionprice-display-component---newCondition--condBillCond-arrow"}]}
RESULT: undefined
COMMAND: POST /session/cda6b29e510b44d9979fdab5b6517565/element - {"using":"xpath","value":"//*[@id=\"application-manageconditionprice-display-component---newCondition--condBillCond-arrow\"]"}
RESULT: {"using":"xpath","value":"//*[@id=\"application-manageconditionprice-display-component---newCondition--condBillCond-arrow\"]"}
COMMAND: POST /session/cda6b29e510b44d9979fdab5b6517565/element/f.5E866639E2C7498835F0FF88C67C8471.d.4D860913684CBD36ED54DBB482C41CDA.e.18002/click - {}
RESULT: {}
COMMAND: GET /session/cda6b29e510b44d9979fdab5b6517565/screenshot - {}
RESULT: {}
COMMAND: POST /session/cda6b29e510b44d9979fdab5b6517565/element - {"using":"xpath","value":"//li[.//span[contains(text(), \"DISP - D&I special price\")]]"}
RESULT: {"using":"xpath","value":"//li[.//span[contains(text(), \"DISP - D&I special price\")]]"}
COMMAND: POST /session/cda6b29e510b44d9979fdab5b6517565/element/f.5E866639E2C7498835F0FF88C67C8471.d.4D860913684CBD36ED54DBB482C41CDA.e.18005/click - {}
RESULT: {}
COMMAND: GET /session/cda6b29e510b44d9979fdab5b6517565/screenshot - {}
RESULT: {}
COMMAND: POST /session/cda6b29e510b44d9979fdab5b6517565/execute/async - {"script":"<script> [1562 bytes]","args":[{"selector":{"id":"application-manageconditionprice-display-component---newCondition--condValidTo","interaction":{"idSuffix":"inner"}},"wdio_ui5_key":"applicationmanageconditionprice-display-component---newCondition--condValidTo"}]}
RESULT: {"script":"<script> [1562 bytes]","args":[{"selector":{"id":"application-manageconditionprice-display-component---newCondition--condValidTo","interaction":{"idSuffix":"inner"}},"wdio_ui5_key":"applicationmanageconditionprice-display-component---newCondition--condValidTo"}]}
RESULT: undefined
COMMAND: POST /session/cda6b29e510b44d9979fdab5b6517565/execute/async - {"script":"<script> [776 bytes]","args":[{"enterText":"1/17/26","selector":{"id":"application-manageconditionprice-display-component---newCondition--condValidTo","interaction":{"idSuffix":"inner"}},"clearTextFirst":true,"interactionType":"ENTER_TEXT"}]}
RESULT: {"script":"<script> [776 bytes]","args":[{"enterText":"1/17/26","selector":{"id":"application-manageconditionprice-display-component---newCondition--condValidTo","interaction":{"idSuffix":"inner"}},"clearTextFirst":true,"interactionType":"ENTER_TEXT"}]}
COMMAND: POST /session/cda6b29e510b44d9979fdab5b6517565/element - {"using":"xpath","value":"//input[@id=\"application-manageconditionprice-display-component---newCondition--condRU-inner\"]"}
RESULT: {"using":"xpath","value":"//input[@id=\"application-manageconditionprice-display-component---newCondition--condRU-inner\"]"}
COMMAND: POST /session/cda6b29e510b44d9979fdab5b6517565/element/f.5E866639E2C7498835F0FF88C67C8471.d.4D860913684CBD36ED54DBB482C41CDA.e.17867/clear - {}
RESULT: {}
COMMAND: POST /session/cda6b29e510b44d9979fdab5b6517565/element/f.5E866639E2C7498835F0FF88C67C8471.d.4D860913684CBD36ED54DBB482C41CDA.e.17867/value - {"text":"qxIEF9ENx3"}
COMMAND: GET /session/cda6b29e510b44d9979fdab5b6517565/screenshot - {}
RESULT: {"text":"qxIEF9ENx3"}
COMMAND: GET /session/cda6b29e510b44d9979fdab5b6517565/screenshot - {}
RESULT: {}
RESULT: {}
COMMAND: POST /session/cda6b29e510b44d9979fdab5b6517565/actions - {"actions":[{"id":"action67","type":"key","parameters":{},"actions":[{"type":"keyDown","value":"î€‡"},{"type":"pause","duration":10},{"type":"keyUp","value":"î€‡"}]}]}
RESULT: {"actions":[{"id":"action67","type":"key","parameters":{},"actions":[{"type":"keyDown","value":"î€‡"},{"type":"pause","duration":10},{"type":"keyUp","value":"î€‡"}]}]}
COMMAND: POST /session/cda6b29e510b44d9979fdab5b6517565/execute/async - {"script":"<script> [1562 bytes]","args":[{"selector":{"id":"application-manageconditionprice-display-component---newCondition--condBaseQty","interaction":{"idSuffix":"inner"}},"wdio_ui5_key":"applicationmanageconditionprice-display-component---newCondition--condBaseQty"}]}
COMMAND: GET /session/cda6b29e510b44d9979fdab5b6517565/screenshot - {}
RESULT: {"script":"<script> [1562 bytes]","args":[{"selector":{"id":"application-manageconditionprice-display-component---newCondition--condBaseQty","interaction":{"idSuffix":"inner"}},"wdio_ui5_key":"applicationmanageconditionprice-display-component---newCondition--condBaseQty"}]}
RESULT: undefined
COMMAND: POST /session/cda6b29e510b44d9979fdab5b6517565/execute/async - {"script":"<script> [776 bytes]","args":[{"enterText":"1","selector":{"id":"application-manageconditionprice-display-component---newCondition--condBaseQty","interaction":{"idSuffix":"inner"}},"clearTextFirst":true,"interactionType":"ENTER_TEXT"}]}
RESULT: {}
RESULT: {"script":"<script> [776 bytes]","args":[{"enterText":"1","selector":{"id":"application-manageconditionprice-display-component---newCondition--condBaseQty","interaction":{"idSuffix":"inner"}},"clearTextFirst":true,"interactionType":"ENTER_TEXT"}]}
COMMAND: POST /session/cda6b29e510b44d9979fdab5b6517565/execute/async - {"script":"<script> [1562 bytes]","args":[{"selector":{"id":"application-manageconditionprice-display-component---newCondition--condValue","interaction":{"idSuffix":"inner"}},"wdio_ui5_key":"applicationmanageconditionprice-display-component---newCondition--condValue"}]}
RESULT: {"script":"<script> [1562 bytes]","args":[{"selector":{"id":"application-manageconditionprice-display-component---newCondition--condValue","interaction":{"idSuffix":"inner"}},"wdio_ui5_key":"applicationmanageconditionprice-display-component---newCondition--condValue"}]}
RESULT: undefined
COMMAND: POST /session/cda6b29e510b44d9979fdab5b6517565/execute/async - {"script":"<script> [776 bytes]","args":[{"enterText":"200","selector":{"id":"application-manageconditionprice-display-component---newCondition--condValue","interaction":{"idSuffix":"inner"}},"clearTextFirst":true,"interactionType":"ENTER_TEXT"}]}
RESULT: {"script":"<script> [776 bytes]","args":[{"enterText":"200","selector":{"id":"application-manageconditionprice-display-component---newCondition--condValue","interaction":{"idSuffix":"inner"}},"clearTextFirst":true,"interactionType":"ENTER_TEXT"}]}
COMMAND: POST /session/cda6b29e510b44d9979fdab5b6517565/execute/async - {"script":"<script> [1562 bytes]","args":[{"selector":{"id":"application-manageconditionprice-display-component---newCondition--condCurr-arrow"},"wdio_ui5_key":"applicationmanageconditionprice-display-component---newCondition--condCurr-arrow"}]}
RESULT: {"script":"<script> [1562 bytes]","args":[{"selector":{"id":"application-manageconditionprice-display-component---newCondition--condCurr-arrow"},"wdio_ui5_key":"applicationmanageconditionprice-display-component---newCondition--condCurr-arrow"}]}
RESULT: undefined
COMMAND: POST /session/cda6b29e510b44d9979fdab5b6517565/element - {"using":"xpath","value":"//*[@id=\"application-manageconditionprice-display-component---newCondition--condCurr-arrow\"]"}
RESULT: {"using":"xpath","value":"//*[@id=\"application-manageconditionprice-display-component---newCondition--condCurr-arrow\"]"}
COMMAND: POST /session/cda6b29e510b44d9979fdab5b6517565/element/f.5E866639E2C7498835F0FF88C67C8471.d.4D860913684CBD36ED54DBB482C41CDA.e.17967/click - {}
RESULT: {}
COMMAND: POST /session/cda6b29e510b44d9979fdab5b6517565/element - {"using":"xpath","value":"//span[contains(text(), \"Euro\")]"}
COMMAND: GET /session/cda6b29e510b44d9979fdab5b6517565/screenshot - {}
RESULT: {"using":"xpath","value":"//span[contains(text(), \"Euro\")]"}
COMMAND: POST /session/cda6b29e510b44d9979fdab5b6517565/element/f.5E866639E2C7498835F0FF88C67C8471.d.4D860913684CBD36ED54DBB482C41CDA.e.18044/click - {}
RESULT: {}
RESULT: {}
COMMAND: POST /session/cda6b29e510b44d9979fdab5b6517565/element - {"using":"xpath","value":"//button[@data-kt=\"saveButton\"]"}
COMMAND: GET /session/cda6b29e510b44d9979fdab5b6517565/screenshot - {}
RESULT: {"using":"xpath","value":"//button[@data-kt=\"saveButton\"]"}
COMMAND: POST /session/cda6b29e510b44d9979fdab5b6517565/element/f.5E866639E2C7498835F0FF88C67C8471.d.4D860913684CBD36ED54DBB482C41CDA.e.17968/click - {}
RESULT: {}
RESULT: {}
COMMAND: GET /session/cda6b29e510b44d9979fdab5b6517565/screenshot - {}
RESULT: {}
COMMAND: POST /session/cda6b29e510b44d9979fdab5b6517565/execute/async - {"script":"<script> [1562 bytes]","args":[{"selector":{"id":"application-manageconditionprice-display-component---conditions--smartFilterBar-btnBasicSearch","interaction":{"idSuffix":"I"}},"wdio_ui5_key":"applicationmanageconditionprice-display-component---conditions--smartFilterBar-btnBasicSearch"}]}
RESULT: {"script":"<script> [1562 bytes]","args":[{"selector":{"id":"application-manageconditionprice-display-component---conditions--smartFilterBar-btnBasicSearch","interaction":{"idSuffix":"I"}},"wdio_ui5_key":"applicationmanageconditionprice-display-component---conditions--smartFilterBar-btnBasicSearch"}]}
RESULT: undefined
COMMAND: POST /session/cda6b29e510b44d9979fdab5b6517565/execute/async - {"script":"<script> [776 bytes]","args":[{"enterText":"qxIEF9ENx3","selector":{"id":"application-manageconditionprice-display-component---conditions--smartFilterBar-btnBasicSearch","interaction":{"idSuffix":"I"}},"clearTextFirst":true,"interactionType":"ENTER_TEXT"}]}
RESULT: {"script":"<script> [776 bytes]","args":[{"enterText":"qxIEF9ENx3","selector":{"id":"application-manageconditionprice-display-component---conditions--smartFilterBar-btnBasicSearch","interaction":{"idSuffix":"I"}},"clearTextFirst":true,"interactionType":"ENTER_TEXT"}]}
COMMAND: POST /session/cda6b29e510b44d9979fdab5b6517565/actions - {"actions":[{"id":"action68","type":"key","parameters":{},"actions":[{"type":"keyDown","value":"î€‡"},{"type":"pause","duration":10},{"type":"keyUp","value":"î€‡"}]}]}
RESULT: {"actions":[{"id":"action68","type":"key","parameters":{},"actions":[{"type":"keyDown","value":"î€‡"},{"type":"pause","duration":10},{"type":"keyUp","value":"î€‡"}]}]}
COMMAND: GET /session/cda6b29e510b44d9979fdab5b6517565/screenshot - {}
RESULT: {}
COMMAND: POST /session/cda6b29e510b44d9979fdab5b6517565/execute/async - {"script":"<script> [1562 bytes]","args":[{"selector":{"id":"application-manageconditionprice-display-component---conditions--smartFilterBar-filterItemControl_BASIC-BILL_TYPES-vhi"},"wdio_ui5_key":"applicationmanageconditionprice-display-component---conditions--smartFilterBar-filterItemControl_BASIC-BILL_TYPES-vhi"}]}
RESULT: {"script":"<script> [1562 bytes]","args":[{"selector":{"id":"application-manageconditionprice-display-component---conditions--smartFilterBar-filterItemControl_BASIC-BILL_TYPES-vhi"},"wdio_ui5_key":"applicationmanageconditionprice-display-component---conditions--smartFilterBar-filterItemControl_BASIC-BILL_TYPES-vhi"}]}
RESULT: undefined
COMMAND: POST /session/cda6b29e510b44d9979fdab5b6517565/element - {"using":"xpath","value":"//*[@id=\"application-manageconditionprice-display-component---conditions--smartFilterBar-filterItemControl_BASIC-BILL_TYPES-vhi\"]"}
RESULT: {"using":"xpath","value":"//*[@id=\"application-manageconditionprice-display-component---conditions--smartFilterBar-filterItemControl_BASIC-BILL_TYPES-vhi\"]"}
COMMAND: POST /session/cda6b29e510b44d9979fdab5b6517565/element/f.5E866639E2C7498835F0FF88C67C8471.d.4D860913684CBD36ED54DBB482C41CDA.e.18150/click - {}
RESULT: {}
COMMAND: POST /session/cda6b29e510b44d9979fdab5b6517565/execute/async - {"script":"<script> [1562 bytes]","args":[{"selector":{"id":"application-manageconditionprice-display-component---conditions--smartFilterBar-filterItemControl_BASIC-BILL_TYPES-valueHelpDialog-smartFilterBar-btnBasicSearch","searchOpenDialogs":true,"interaction":{"idSuffix":"I"}},"wdio_ui5_key":"applicationmanageconditionprice-display-component---conditions--smartFilterBar-filterItemControl_BASIC-BILL_TYPES-valueHelpDialog-smartFilterBar-btnBasicSearch"}]}
COMMAND: GET /session/cda6b29e510b44d9979fdab5b6517565/screenshot - {}
RESULT: {"script":"<script> [1562 bytes]","args":[{"selector":{"id":"application-manageconditionprice-display-component---conditions--smartFilterBar-filterItemControl_BASIC-BILL_TYPES-valueHelpDialog-smartFilterBar-btnBasicSearch","searchOpenDialogs":true,"interaction":{"idSuffix":"I"}},"wdio_ui5_key":"applicationmanageconditionprice-display-component---conditions--smartFilterBar-filterItemControl_BASIC-BILL_TYPES-valueHelpDialog-smartFilterBar-btnBasicSearch"}]}
RESULT: undefined
COMMAND: POST /session/cda6b29e510b44d9979fdab5b6517565/execute/async - {"script":"<script> [776 bytes]","args":[{"enterText":"TB","selector":{"id":"application-manageconditionprice-display-component---conditions--smartFilterBar-filterItemControl_BASIC-BILL_TYPES-valueHelpDialog-smartFilterBar-btnBasicSearch","searchOpenDialogs":true,"interaction":{"idSuffix":"I"}},"clearTextFirst":true,"interactionType":"ENTER_TEXT"}]}
RESULT: {}
RESULT: {"script":"<script> [776 bytes]","args":[{"enterText":"TB","selector":{"id":"application-manageconditionprice-display-component---conditions--smartFilterBar-filterItemControl_BASIC-BILL_TYPES-valueHelpDialog-smartFilterBar-btnBasicSearch","searchOpenDialogs":true,"interaction":{"idSuffix":"I"}},"clearTextFirst":true,"interactionType":"ENTER_TEXT"}]}
COMMAND: POST /session/cda6b29e510b44d9979fdab5b6517565/actions - {"actions":[{"id":"action69","type":"key","parameters":{},"actions":[{"type":"keyDown","value":"î€‡"},{"type":"pause","duration":10},{"type":"keyUp","value":"î€‡"}]}]}
RESULT: {"actions":[{"id":"action69","type":"key","parameters":{},"actions":[{"type":"keyDown","value":"î€‡"},{"type":"pause","duration":10},{"type":"keyUp","value":"î€‡"}]}]}
COMMAND: GET /session/cda6b29e510b44d9979fdab5b6517565/screenshot - {}
RESULT: {}
COMMAND: POST /session/cda6b29e510b44d9979fdab5b6517565/element - {"using":"xpath","value":"//div[contains(@id, 'application-manageconditionprice-display-component---conditions--smartFilterBar-filterItemControl_BASIC-BILL_TYPES-valueHelpDialog-table-rowsel0')]"}
RESULT: {"using":"xpath","value":"//div[contains(@id, 'application-manageconditionprice-display-component---conditions--smartFilterBar-filterItemControl_BASIC-BILL_TYPES-valueHelpDialog-table-rowsel0')]"}
COMMAND: POST /session/cda6b29e510b44d9979fdab5b6517565/element/f.5E866639E2C7498835F0FF88C67C8471.d.4D860913684CBD36ED54DBB482C41CDA.e.18159/click - {}
RESULT: {}
COMMAND: GET /session/cda6b29e510b44d9979fdab5b6517565/screenshot - {}
RESULT: {}
COMMAND: POST /session/cda6b29e510b44d9979fdab5b6517565/element - {"using":"xpath","value":"//bdi[contains(text(), \"OK\")]"}
RESULT: {"using":"xpath","value":"//bdi[contains(text(), \"OK\")]"}
COMMAND: POST /session/cda6b29e510b44d9979fdab5b6517565/element/f.5E866639E2C7498835F0FF88C67C8471.d.4D860913684CBD36ED54DBB482C41CDA.e.18161/click - {}
RESULT: {}
COMMAND: GET /session/cda6b29e510b44d9979fdab5b6517565/screenshot - {}
RESULT: {}
COMMAND: POST /session/cda6b29e510b44d9979fdab5b6517565/element - {"using":"xpath","value":"//span[@id=\"application-manageconditionprice-display-component---conditions--smartTable-header-inner\"]"}
RESULT: {"using":"xpath","value":"//span[@id=\"application-manageconditionprice-display-component---conditions--smartTable-header-inner\"]"}
COMMAND: POST /session/cda6b29e510b44d9979fdab5b6517565/elements - {"using":"xpath","value":"//span[@id=\"application-manageconditionprice-display-component---conditions--smartTable-header-inner\"]"}
RESULT: {"using":"xpath","value":"//span[@id=\"application-manageconditionprice-display-component---conditions--smartTable-header-inner\"]"}
COMMAND: POST /session/cda6b29e510b44d9979fdab5b6517565/execute/sync - {"script":"<script> [56 bytes]","args":[{"element-6066-11e4-a52e-4f735466cecf":"f.5E866639E2C7498835F0FF88C67C8471.d.4D860913684CBD36ED54DBB482C41CDA.e.18164","ELEMENT":"f.5E866639E2C7498835F0FF88C67C8471.d.4D860913684CBD36ED54DBB482C41CDA.e.18164"}]}
RESULT: {"script":"<script> [56 bytes]","args":[{"element-6066-11e4-a52e-4f735466cecf":"f.5E866639E2C7498835F0FF88C67C8471.d.4D860913684CBD36ED54DBB482C41CDA.e.18164","ELEMENT":"f.5E866639E2C7498835F0FF88C67C8471.d.4D860913684CBD36ED54DBB482C41CDA.e.18164"}]}
COMMAND: POST /session/cda6b29e510b44d9979fdab5b6517565/element - {"using":"css selector","value":"#shell-header-logo"}
COMMAND: GET /session/cda6b29e510b44d9979fdab5b6517565/screenshot - {}
RESULT: {"using":"css selector","value":"#shell-header-logo"}
COMMAND: POST /session/cda6b29e510b44d9979fdab5b6517565/element/f.5E866639E2C7498835F0FF88C67C8471.d.4D860913684CBD36ED54DBB482C41CDA.e.17789/click - {}
RESULT: {}
RESULT: {}
COMMAND: GET /session/cda6b29e510b44d9979fdab5b6517565/screenshot - {}
RESULT: {}
]]></system-out>
    </testcase>
    <testcase classname="chrome.136_0_7103_93.windows.Create_Reverse_Billing_US127248" name="Should do a stock increase handover" time="106.445">
      <system-out><![CDATA[
COMMAND: POST /session/cda6b29e510b44d9979fdab5b6517565/execute/async - {"script":"<script> [1562 bytes]","args":[{"selector":{"controlType":"sap.m.GenericTile","properties":{"header":"Manage Handovers"}},"wdio_ui5_key":"sapm.GenericTile{\"header\":\"Manage Handovers\"}"}]}
RESULT: {"script":"<script> [1562 bytes]","args":[{"selector":{"controlType":"sap.m.GenericTile","properties":{"header":"Manage Handovers"}},"wdio_ui5_key":"sapm.GenericTile{\"header\":\"Manage Handovers\"}"}]}
RESULT: undefined
COMMAND: POST /session/cda6b29e510b44d9979fdab5b6517565/element - {"using":"xpath","value":"//*[@id=\"__tile132\"]"}
RESULT: {"using":"xpath","value":"//*[@id=\"__tile132\"]"}
COMMAND: POST /session/cda6b29e510b44d9979fdab5b6517565/element/f.5E866639E2C7498835F0FF88C67C8471.d.4D860913684CBD36ED54DBB482C41CDA.e.16893/click - {}
RESULT: {}
COMMAND: GET /session/cda6b29e510b44d9979fdab5b6517565/screenshot - {}
RESULT: {}
COMMAND: POST /session/cda6b29e510b44d9979fdab5b6517565/elements - {"using":"xpath","value":"//span[text()='Error']"}
RESULT: {"using":"xpath","value":"//span[text()='Error']"}
COMMAND: POST /session/cda6b29e510b44d9979fdab5b6517565/element - {"using":"xpath","value":"//button[@data-kt=\"masterHOAddButton\"]"}
RESULT: {"using":"xpath","value":"//button[@data-kt=\"masterHOAddButton\"]"}
COMMAND: POST /session/cda6b29e510b44d9979fdab5b6517565/elements - {"using":"xpath","value":"//button[@data-kt=\"masterHOAddButton\"]"}
RESULT: {"using":"xpath","value":"//button[@data-kt=\"masterHOAddButton\"]"}
COMMAND: POST /session/cda6b29e510b44d9979fdab5b6517565/execute/sync - {"script":"<script> [8489 bytes]","args":[{"element-6066-11e4-a52e-4f735466cecf":"f.5E866639E2C7498835F0FF88C67C8471.d.4D860913684CBD36ED54DBB482C41CDA.e.18198","ELEMENT":"f.5E866639E2C7498835F0FF88C67C8471.d.4D860913684CBD36ED54DBB482C41CDA.e.18198"}]}
RESULT: {"script":"<script> [8489 bytes]","args":[{"element-6066-11e4-a52e-4f735466cecf":"f.5E866639E2C7498835F0FF88C67C8471.d.4D860913684CBD36ED54DBB482C41CDA.e.18198","ELEMENT":"f.5E866639E2C7498835F0FF88C67C8471.d.4D860913684CBD36ED54DBB482C41CDA.e.18198"}]}
COMMAND: GET /session/cda6b29e510b44d9979fdab5b6517565/element/f.5E866639E2C7498835F0FF88C67C8471.d.4D860913684CBD36ED54DBB482C41CDA.e.18198/enabled - {}
COMMAND: GET /session/cda6b29e510b44d9979fdab5b6517565/screenshot - {}
RESULT: {}
COMMAND: POST /session/cda6b29e510b44d9979fdab5b6517565/execute/sync - {"script":"<script> [8489 bytes]","args":[{"element-6066-11e4-a52e-4f735466cecf":"f.5E866639E2C7498835F0FF88C67C8471.d.4D860913684CBD36ED54DBB482C41CDA.e.18198","ELEMENT":"f.5E866639E2C7498835F0FF88C67C8471.d.4D860913684CBD36ED54DBB482C41CDA.e.18198"}]}
COMMAND: GET /session/cda6b29e510b44d9979fdab5b6517565/screenshot - {}
RESULT: {}
RESULT: {"script":"<script> [8489 bytes]","args":[{"element-6066-11e4-a52e-4f735466cecf":"f.5E866639E2C7498835F0FF88C67C8471.d.4D860913684CBD36ED54DBB482C41CDA.e.18198","ELEMENT":"f.5E866639E2C7498835F0FF88C67C8471.d.4D860913684CBD36ED54DBB482C41CDA.e.18198"}]}
COMMAND: POST /session/cda6b29e510b44d9979fdab5b6517565/execute/sync - {"script":"<script> [5351 bytes]","args":[{"element-6066-11e4-a52e-4f735466cecf":"f.5E866639E2C7498835F0FF88C67C8471.d.4D860913684CBD36ED54DBB482C41CDA.e.18198","ELEMENT":"f.5E866639E2C7498835F0FF88C67C8471.d.4D860913684CBD36ED54DBB482C41CDA.e.18198"}]}
COMMAND: GET /session/cda6b29e510b44d9979fdab5b6517565/screenshot - {}
RESULT: {}
RESULT: {"script":"<script> [5351 bytes]","args":[{"element-6066-11e4-a52e-4f735466cecf":"f.5E866639E2C7498835F0FF88C67C8471.d.4D860913684CBD36ED54DBB482C41CDA.e.18198","ELEMENT":"f.5E866639E2C7498835F0FF88C67C8471.d.4D860913684CBD36ED54DBB482C41CDA.e.18198"}]}
COMMAND: POST /session/cda6b29e510b44d9979fdab5b6517565/element/f.5E866639E2C7498835F0FF88C67C8471.d.4D860913684CBD36ED54DBB482C41CDA.e.18198/click - {}
COMMAND: GET /session/cda6b29e510b44d9979fdab5b6517565/screenshot - {}
RESULT: {}
RESULT: {}
COMMAND: GET /session/cda6b29e510b44d9979fdab5b6517565/screenshot - {}
COMMAND: POST /session/cda6b29e510b44d9979fdab5b6517565/element - {"using":"xpath","value":"//span[contains(@id ,\"AddNewHO--typeSelect-arrow\")]"}
RESULT: {}
RESULT: {}
RESULT: {"using":"xpath","value":"//span[contains(@id ,\"AddNewHO--typeSelect-arrow\")]"}
COMMAND: POST /session/cda6b29e510b44d9979fdab5b6517565/element/f.5E866639E2C7498835F0FF88C67C8471.d.4D860913684CBD36ED54DBB482C41CDA.e.18559/click - {}
RESULT: {}
COMMAND: GET /session/cda6b29e510b44d9979fdab5b6517565/screenshot - {}
RESULT: {}
COMMAND: POST /session/cda6b29e510b44d9979fdab5b6517565/element - {"using":"xpath","value":"(//li[contains(text(), \"stock increase yard\")])[1]"}
RESULT: {"using":"xpath","value":"(//li[contains(text(), \"stock increase yard\")])[1]"}
COMMAND: POST /session/cda6b29e510b44d9979fdab5b6517565/element/f.5E866639E2C7498835F0FF88C67C8471.d.4D860913684CBD36ED54DBB482C41CDA.e.18560/click - {}
RESULT: {}
COMMAND: GET /session/cda6b29e510b44d9979fdab5b6517565/screenshot - {}
RESULT: {}
COMMAND: POST /session/cda6b29e510b44d9979fdab5b6517565/execute/async - {"script":"<script> [1562 bytes]","args":[{"selector":{"id":"application-managehandovers-display-component---AddNewHO--dueDate","interaction":{"idSuffix":"inner"}},"wdio_ui5_key":"applicationmanagehandovers-display-component---AddNewHO--dueDate"}]}
RESULT: {"script":"<script> [1562 bytes]","args":[{"selector":{"id":"application-managehandovers-display-component---AddNewHO--dueDate","interaction":{"idSuffix":"inner"}},"wdio_ui5_key":"applicationmanagehandovers-display-component---AddNewHO--dueDate"}]}
RESULT: undefined
COMMAND: POST /session/cda6b29e510b44d9979fdab5b6517565/execute/async - {"script":"<script> [6424 bytes]","args":[{"element-6066-11e4-a52e-4f735466cecf":"f.5E866639E2C7498835F0FF88C67C8471.d.4D860913684CBD36ED54DBB482C41CDA.e.18562"},"setValue",["5/17/25"]]}
RESULT: {"script":"<script> [6424 bytes]","args":[{"element-6066-11e4-a52e-4f735466cecf":"f.5E866639E2C7498835F0FF88C67C8471.d.4D860913684CBD36ED54DBB482C41CDA.e.18562"},"setValue",["5/17/25"]]}
COMMAND: POST /session/cda6b29e510b44d9979fdab5b6517565/element - {"using":"xpath","value":"//input[@id=\"generalSectionFrg--receiveYard-inner\"]"}
RESULT: {"using":"xpath","value":"//input[@id=\"generalSectionFrg--receiveYard-inner\"]"}
COMMAND: POST /session/cda6b29e510b44d9979fdab5b6517565/element/f.5E866639E2C7498835F0FF88C67C8471.d.4D860913684CBD36ED54DBB482C41CDA.e.18566/clear - {}
RESULT: {}
COMMAND: POST /session/cda6b29e510b44d9979fdab5b6517565/element/f.5E866639E2C7498835F0FF88C67C8471.d.4D860913684CBD36ED54DBB482C41CDA.e.18566/value - {"text":"507"}
COMMAND: GET /session/cda6b29e510b44d9979fdab5b6517565/screenshot - {}
RESULT: {"text":"507"}
COMMAND: GET /session/cda6b29e510b44d9979fdab5b6517565/screenshot - {}
RESULT: {}
RESULT: {}
COMMAND: POST /session/cda6b29e510b44d9979fdab5b6517565/element - {"using":"xpath","value":"//li[.//span[text()='507']]"}
RESULT: {"using":"xpath","value":"//li[.//span[text()='507']]"}
COMMAND: POST /session/cda6b29e510b44d9979fdab5b6517565/element/f.5E866639E2C7498835F0FF88C67C8471.d.4D860913684CBD36ED54DBB482C41CDA.e.18584/click - {}
RESULT: {}
COMMAND: GET /session/cda6b29e510b44d9979fdab5b6517565/screenshot - {}
RESULT: {}
COMMAND: POST /session/cda6b29e510b44d9979fdab5b6517565/execute/async - {"script":"<script> [1562 bytes]","args":[{"selector":{"id":"application-managehandovers-display-component---AddNewHO--ObjectPageLayout-anchBar-application-managehandovers-display-component---AddNewHO--section4-anchor","interaction":{"idSuffix":"BDI-content"}},"wdio_ui5_key":"applicationmanagehandovers-display-component---AddNewHO--ObjectPageLayout-anchBar-application-managehandovers-display-component---AddNewHO--section4-anchor"}]}
RESULT: {"script":"<script> [1562 bytes]","args":[{"selector":{"id":"application-managehandovers-display-component---AddNewHO--ObjectPageLayout-anchBar-application-managehandovers-display-component---AddNewHO--section4-anchor","interaction":{"idSuffix":"BDI-content"}},"wdio_ui5_key":"applicationmanagehandovers-display-component---AddNewHO--ObjectPageLayout-anchBar-application-managehandovers-display-component---AddNewHO--section4-anchor"}]}
RESULT: undefined
COMMAND: POST /session/cda6b29e510b44d9979fdab5b6517565/element - {"using":"xpath","value":"//*[@id=\"application-managehandovers-display-component---AddNewHO--ObjectPageLayout-anchBar-application-managehandovers-display-component---AddNewHO--section4-anchor\"]"}
RESULT: {"using":"xpath","value":"//*[@id=\"application-managehandovers-display-component---AddNewHO--ObjectPageLayout-anchBar-application-managehandovers-display-component---AddNewHO--section4-anchor\"]"}
COMMAND: POST /session/cda6b29e510b44d9979fdab5b6517565/element/f.5E866639E2C7498835F0FF88C67C8471.d.4D860913684CBD36ED54DBB482C41CDA.e.18586/click - {}
RESULT: {}
COMMAND: POST /session/cda6b29e510b44d9979fdab5b6517565/element - {"using":"xpath","value":"//button[@aria-label=\"Add\"]"}
COMMAND: GET /session/cda6b29e510b44d9979fdab5b6517565/screenshot - {}
RESULT: {"using":"xpath","value":"//button[@aria-label=\"Add\"]"}
COMMAND: POST /session/cda6b29e510b44d9979fdab5b6517565/element/f.5E866639E2C7498835F0FF88C67C8471.d.4D860913684CBD36ED54DBB482C41CDA.e.18590/click - {}
RESULT: {}
RESULT: {}
COMMAND: GET /session/cda6b29e510b44d9979fdab5b6517565/screenshot - {}
RESULT: {}
COMMAND: POST /session/cda6b29e510b44d9979fdab5b6517565/execute/async - {"script":"<script> [1562 bytes]","args":[{"selector":{"id":"application-managehandovers-display-component---AddNewHO--smartFilterBar-btnBasicSearch","searchOpenDialogs":true,"interaction":{"idSuffix":"I"}},"wdio_ui5_key":"applicationmanagehandovers-display-component---AddNewHO--smartFilterBar-btnBasicSearch"}]}
RESULT: {"script":"<script> [1562 bytes]","args":[{"selector":{"id":"application-managehandovers-display-component---AddNewHO--smartFilterBar-btnBasicSearch","searchOpenDialogs":true,"interaction":{"idSuffix":"I"}},"wdio_ui5_key":"applicationmanagehandovers-display-component---AddNewHO--smartFilterBar-btnBasicSearch"}]}
RESULT: undefined
COMMAND: POST /session/cda6b29e510b44d9979fdab5b6517565/execute/async - {"script":"<script> [776 bytes]","args":[{"enterText":"qxIEF9ENx3","selector":{"id":"application-managehandovers-display-component---AddNewHO--smartFilterBar-btnBasicSearch","searchOpenDialogs":true,"interaction":{"idSuffix":"I"}},"clearTextFirst":true,"interactionType":"ENTER_TEXT"}]}
RESULT: {"script":"<script> [776 bytes]","args":[{"enterText":"qxIEF9ENx3","selector":{"id":"application-managehandovers-display-component---AddNewHO--smartFilterBar-btnBasicSearch","searchOpenDialogs":true,"interaction":{"idSuffix":"I"}},"clearTextFirst":true,"interactionType":"ENTER_TEXT"}]}
COMMAND: POST /session/cda6b29e510b44d9979fdab5b6517565/actions - {"actions":[{"id":"action70","type":"key","parameters":{},"actions":[{"type":"keyDown","value":"î€‡"},{"type":"pause","duration":10},{"type":"keyUp","value":"î€‡"}]}]}
RESULT: {"actions":[{"id":"action70","type":"key","parameters":{},"actions":[{"type":"keyDown","value":"î€‡"},{"type":"pause","duration":10},{"type":"keyUp","value":"î€‡"}]}]}
COMMAND: GET /session/cda6b29e510b44d9979fdab5b6517565/screenshot - {}
RESULT: {}
COMMAND: POST /session/cda6b29e510b44d9979fdab5b6517565/execute/async - {"script":"<script> [1562 bytes]","args":[{"selector":{"id":"application-managehandovers-display-component---AddNewHO--popup-sa","searchOpenDialogs":true,"interaction":{"idSuffix":"CbBg"}},"wdio_ui5_key":"applicationmanagehandovers-display-component---AddNewHO--popup-sa"}]}
RESULT: {"script":"<script> [1562 bytes]","args":[{"selector":{"id":"application-managehandovers-display-component---AddNewHO--popup-sa","searchOpenDialogs":true,"interaction":{"idSuffix":"CbBg"}},"wdio_ui5_key":"applicationmanagehandovers-display-component---AddNewHO--popup-sa"}]}
RESULT: undefined
COMMAND: POST /session/cda6b29e510b44d9979fdab5b6517565/element - {"using":"xpath","value":"//*[@id=\"application-managehandovers-display-component---AddNewHO--popup-sa\"]"}
RESULT: {"using":"xpath","value":"//*[@id=\"application-managehandovers-display-component---AddNewHO--popup-sa\"]"}
COMMAND: POST /session/cda6b29e510b44d9979fdab5b6517565/element/f.5E866639E2C7498835F0FF88C67C8471.d.4D860913684CBD36ED54DBB482C41CDA.e.18743/click - {}
RESULT: {}
COMMAND: GET /session/cda6b29e510b44d9979fdab5b6517565/screenshot - {}
RESULT: {}
COMMAND: POST /session/cda6b29e510b44d9979fdab5b6517565/element - {"using":"xpath","value":"//bdi[contains(text(), \"Select\")]"}
RESULT: {"using":"xpath","value":"//bdi[contains(text(), \"Select\")]"}
COMMAND: POST /session/cda6b29e510b44d9979fdab5b6517565/element/f.5E866639E2C7498835F0FF88C67C8471.d.4D860913684CBD36ED54DBB482C41CDA.e.18744/click - {}
RESULT: {}
COMMAND: GET /session/cda6b29e510b44d9979fdab5b6517565/screenshot - {}
RESULT: {}
COMMAND: POST /session/cda6b29e510b44d9979fdab5b6517565/element - {"using":"xpath","value":"//button[@data-kt=\"AddNewHOSaveButton\"]"}
RESULT: {"using":"xpath","value":"//button[@data-kt=\"AddNewHOSaveButton\"]"}
COMMAND: POST /session/cda6b29e510b44d9979fdab5b6517565/element/f.5E866639E2C7498835F0FF88C67C8471.d.4D860913684CBD36ED54DBB482C41CDA.e.18748/click - {}
RESULT: {}
COMMAND: GET /session/cda6b29e510b44d9979fdab5b6517565/screenshot - {}
RESULT: {}
COMMAND: POST /session/cda6b29e510b44d9979fdab5b6517565/execute/async - {"script":"<script> [1562 bytes]","args":[{"selector":{"id":"receiptDatePicker","viewName":"etm.portal.ui.managehandovers.view.DetailExecuteHO","interaction":{"idSuffix":"inner"}},"wdio_ui5_key":"receiptDatePickeretmportal.ui.managehandovers.view.DetailExecuteHO"}]}
RESULT: {"script":"<script> [1562 bytes]","args":[{"selector":{"id":"receiptDatePicker","viewName":"etm.portal.ui.managehandovers.view.DetailExecuteHO","interaction":{"idSuffix":"inner"}},"wdio_ui5_key":"receiptDatePickeretmportal.ui.managehandovers.view.DetailExecuteHO"}]}
RESULT: undefined
COMMAND: POST /session/cda6b29e510b44d9979fdab5b6517565/execute/async - {"script":"<script> [6424 bytes]","args":[{"element-6066-11e4-a52e-4f735466cecf":"f.5E866639E2C7498835F0FF88C67C8471.d.4D860913684CBD36ED54DBB482C41CDA.e.18768"},"setValue",["5/17/25"]]}
RESULT: {"script":"<script> [6424 bytes]","args":[{"element-6066-11e4-a52e-4f735466cecf":"f.5E866639E2C7498835F0FF88C67C8471.d.4D860913684CBD36ED54DBB482C41CDA.e.18768"},"setValue",["5/17/25"]]}
COMMAND: POST /session/cda6b29e510b44d9979fdab5b6517565/element - {"using":"xpath","value":"//button[@data-kt=\"PickingTableConfirmAllButton\"]"}
RESULT: {"using":"xpath","value":"//button[@data-kt=\"PickingTableConfirmAllButton\"]"}
COMMAND: POST /session/cda6b29e510b44d9979fdab5b6517565/element/f.5E866639E2C7498835F0FF88C67C8471.d.4D860913684CBD36ED54DBB482C41CDA.e.18783/click - {}
RESULT: {}
COMMAND: GET /session/cda6b29e510b44d9979fdab5b6517565/screenshot - {}
RESULT: {}
COMMAND: POST /session/cda6b29e510b44d9979fdab5b6517565/element - {"using":"xpath","value":"//bdi[contains(text(), \"OK\")]"}
RESULT: {"using":"xpath","value":"//bdi[contains(text(), \"OK\")]"}
COMMAND: POST /session/cda6b29e510b44d9979fdab5b6517565/element/f.5E866639E2C7498835F0FF88C67C8471.d.4D860913684CBD36ED54DBB482C41CDA.e.18785/click - {}
RESULT: {}
COMMAND: GET /session/cda6b29e510b44d9979fdab5b6517565/screenshot - {}
RESULT: {}
COMMAND: POST /session/cda6b29e510b44d9979fdab5b6517565/element - {"using":"xpath","value":"(//bdi[contains(text(), \"Receive\")])[2]"}
RESULT: {"using":"xpath","value":"(//bdi[contains(text(), \"Receive\")])[2]"}
COMMAND: POST /session/cda6b29e510b44d9979fdab5b6517565/element/f.5E866639E2C7498835F0FF88C67C8471.d.4D860913684CBD36ED54DBB482C41CDA.e.18787/click - {}
RESULT: {}
COMMAND: GET /session/cda6b29e510b44d9979fdab5b6517565/screenshot - {}
RESULT: {}
COMMAND: POST /session/cda6b29e510b44d9979fdab5b6517565/element - {"using":"css selector","value":"#shell-header-logo"}
RESULT: {"using":"css selector","value":"#shell-header-logo"}
COMMAND: POST /session/cda6b29e510b44d9979fdab5b6517565/element/f.5E866639E2C7498835F0FF88C67C8471.d.4D860913684CBD36ED54DBB482C41CDA.e.18170/click - {}
RESULT: {}
COMMAND: GET /session/cda6b29e510b44d9979fdab5b6517565/screenshot - {}
RESULT: {}
]]></system-out>
    </testcase>
    <testcase classname="chrome.136_0_7103_93.windows.Create_Reverse_Billing_US127248" name="Should create a new contract" time="68.834">
      <system-out><![CDATA[
COMMAND: POST /session/cda6b29e510b44d9979fdab5b6517565/execute/async - {"script":"<script> [1562 bytes]","args":[{"selector":{"controlType":"sap.m.GenericTile","properties":{"header":"Manage Contracts"}},"wdio_ui5_key":"sapm.GenericTile{\"header\":\"Manage Contracts\"}"}]}
RESULT: {"script":"<script> [1562 bytes]","args":[{"selector":{"controlType":"sap.m.GenericTile","properties":{"header":"Manage Contracts"}},"wdio_ui5_key":"sapm.GenericTile{\"header\":\"Manage Contracts\"}"}]}
RESULT: undefined
COMMAND: POST /session/cda6b29e510b44d9979fdab5b6517565/element - {"using":"xpath","value":"//*[@id=\"__tile130\"]"}
RESULT: {"using":"xpath","value":"//*[@id=\"__tile130\"]"}
COMMAND: POST /session/cda6b29e510b44d9979fdab5b6517565/element/f.5E866639E2C7498835F0FF88C67C8471.d.4D860913684CBD36ED54DBB482C41CDA.e.16824/click - {}
RESULT: {}
COMMAND: GET /session/cda6b29e510b44d9979fdab5b6517565/screenshot - {}
RESULT: {}
COMMAND: POST /session/cda6b29e510b44d9979fdab5b6517565/elements - {"using":"xpath","value":"//span[text()='Error']"}
RESULT: {"using":"xpath","value":"//span[text()='Error']"}
COMMAND: POST /session/cda6b29e510b44d9979fdab5b6517565/element - {"using":"xpath","value":"//button[@data-kt=\"addButton\"]"}
RESULT: {"using":"xpath","value":"//button[@data-kt=\"addButton\"]"}
COMMAND: POST /session/cda6b29e510b44d9979fdab5b6517565/elements - {"using":"xpath","value":"//button[@data-kt=\"addButton\"]"}
RESULT: {"using":"xpath","value":"//button[@data-kt=\"addButton\"]"}
COMMAND: POST /session/cda6b29e510b44d9979fdab5b6517565/execute/sync - {"script":"<script> [8489 bytes]","args":[{"element-6066-11e4-a52e-4f735466cecf":"f.5E866639E2C7498835F0FF88C67C8471.d.4D860913684CBD36ED54DBB482C41CDA.e.19006","ELEMENT":"f.5E866639E2C7498835F0FF88C67C8471.d.4D860913684CBD36ED54DBB482C41CDA.e.19006"}]}
RESULT: {"script":"<script> [8489 bytes]","args":[{"element-6066-11e4-a52e-4f735466cecf":"f.5E866639E2C7498835F0FF88C67C8471.d.4D860913684CBD36ED54DBB482C41CDA.e.19006","ELEMENT":"f.5E866639E2C7498835F0FF88C67C8471.d.4D860913684CBD36ED54DBB482C41CDA.e.19006"}]}
COMMAND: GET /session/cda6b29e510b44d9979fdab5b6517565/element/f.5E866639E2C7498835F0FF88C67C8471.d.4D860913684CBD36ED54DBB482C41CDA.e.19006/enabled - {}
COMMAND: GET /session/cda6b29e510b44d9979fdab5b6517565/screenshot - {}
RESULT: {}
COMMAND: POST /session/cda6b29e510b44d9979fdab5b6517565/execute/sync - {"script":"<script> [8489 bytes]","args":[{"element-6066-11e4-a52e-4f735466cecf":"f.5E866639E2C7498835F0FF88C67C8471.d.4D860913684CBD36ED54DBB482C41CDA.e.19006","ELEMENT":"f.5E866639E2C7498835F0FF88C67C8471.d.4D860913684CBD36ED54DBB482C41CDA.e.19006"}]}
COMMAND: GET /session/cda6b29e510b44d9979fdab5b6517565/screenshot - {}
RESULT: {}
RESULT: {"script":"<script> [8489 bytes]","args":[{"element-6066-11e4-a52e-4f735466cecf":"f.5E866639E2C7498835F0FF88C67C8471.d.4D860913684CBD36ED54DBB482C41CDA.e.19006","ELEMENT":"f.5E866639E2C7498835F0FF88C67C8471.d.4D860913684CBD36ED54DBB482C41CDA.e.19006"}]}
COMMAND: POST /session/cda6b29e510b44d9979fdab5b6517565/execute/sync - {"script":"<script> [5351 bytes]","args":[{"element-6066-11e4-a52e-4f735466cecf":"f.5E866639E2C7498835F0FF88C67C8471.d.4D860913684CBD36ED54DBB482C41CDA.e.19006","ELEMENT":"f.5E866639E2C7498835F0FF88C67C8471.d.4D860913684CBD36ED54DBB482C41CDA.e.19006"}]}
COMMAND: GET /session/cda6b29e510b44d9979fdab5b6517565/screenshot - {}
RESULT: {}
RESULT: {"script":"<script> [5351 bytes]","args":[{"element-6066-11e4-a52e-4f735466cecf":"f.5E866639E2C7498835F0FF88C67C8471.d.4D860913684CBD36ED54DBB482C41CDA.e.19006","ELEMENT":"f.5E866639E2C7498835F0FF88C67C8471.d.4D860913684CBD36ED54DBB482C41CDA.e.19006"}]}
COMMAND: GET /session/cda6b29e510b44d9979fdab5b6517565/screenshot - {}
RESULT: {}
RESULT: {}
COMMAND: POST /session/cda6b29e510b44d9979fdab5b6517565/element/f.5E866639E2C7498835F0FF88C67C8471.d.4D860913684CBD36ED54DBB482C41CDA.e.19006/click - {}
RESULT: {}
COMMAND: GET /session/cda6b29e510b44d9979fdab5b6517565/screenshot - {}
RESULT: {}
COMMAND: POST /session/cda6b29e510b44d9979fdab5b6517565/execute/async - {"script":"<script> [1562 bytes]","args":[{"selector":{"id":"application-managecontracts-display-component---AddNewContract--projectDescription","interaction":{"idSuffix":"inner"}},"wdio_ui5_key":"applicationmanagecontracts-display-component---AddNewContract--projectDescription"}]}
RESULT: {"script":"<script> [1562 bytes]","args":[{"selector":{"id":"application-managecontracts-display-component---AddNewContract--projectDescription","interaction":{"idSuffix":"inner"}},"wdio_ui5_key":"applicationmanagecontracts-display-component---AddNewContract--projectDescription"}]}
RESULT: undefined
COMMAND: POST /session/cda6b29e510b44d9979fdab5b6517565/execute/async - {"script":"<script> [776 bytes]","args":[{"enterText":"Contract WDIO","selector":{"id":"application-managecontracts-display-component---AddNewContract--projectDescription","interaction":{"idSuffix":"inner"}},"clearTextFirst":true,"interactionType":"ENTER_TEXT"}]}
RESULT: {"script":"<script> [776 bytes]","args":[{"enterText":"Contract WDIO","selector":{"id":"application-managecontracts-display-component---AddNewContract--projectDescription","interaction":{"idSuffix":"inner"}},"clearTextFirst":true,"interactionType":"ENTER_TEXT"}]}
COMMAND: POST /session/cda6b29e510b44d9979fdab5b6517565/element - {"using":"xpath","value":"//input[@id=\"application-managecontracts-display-component---AddNewContract--site-inner\"]"}
RESULT: {"using":"xpath","value":"//input[@id=\"application-managecontracts-display-component---AddNewContract--site-inner\"]"}
COMMAND: POST /session/cda6b29e510b44d9979fdab5b6517565/element/f.5E866639E2C7498835F0FF88C67C8471.d.4D860913684CBD36ED54DBB482C41CDA.e.19362/clear - {}
RESULT: {}
COMMAND: POST /session/cda6b29e510b44d9979fdab5b6517565/element/f.5E866639E2C7498835F0FF88C67C8471.d.4D860913684CBD36ED54DBB482C41CDA.e.19362/value - {"text":"2245"}
COMMAND: GET /session/cda6b29e510b44d9979fdab5b6517565/screenshot - {}
RESULT: {"text":"2245"}
COMMAND: GET /session/cda6b29e510b44d9979fdab5b6517565/screenshot - {}
RESULT: {}
RESULT: {}
COMMAND: POST /session/cda6b29e510b44d9979fdab5b6517565/element - {"using":"xpath","value":"//li[.//span[text()='2245']]"}
RESULT: {"using":"xpath","value":"//li[.//span[text()='2245']]"}
COMMAND: POST /session/cda6b29e510b44d9979fdab5b6517565/element/f.5E866639E2C7498835F0FF88C67C8471.d.4D860913684CBD36ED54DBB482C41CDA.e.19396/click - {}
RESULT: {}
COMMAND: GET /session/cda6b29e510b44d9979fdab5b6517565/screenshot - {}
RESULT: {}
COMMAND: POST /session/cda6b29e510b44d9979fdab5b6517565/element - {"using":"xpath","value":"//input[@id=\"application-managecontracts-display-component---AddNewContract--yardId-inner\"]"}
RESULT: {"using":"xpath","value":"//input[@id=\"application-managecontracts-display-component---AddNewContract--yardId-inner\"]"}
COMMAND: GET /session/cda6b29e510b44d9979fdab5b6517565/element/f.5E866639E2C7498835F0FF88C67C8471.d.4D860913684CBD36ED54DBB482C41CDA.e.19363/property/value - {}
RESULT: {}
COMMAND: POST /session/cda6b29e510b44d9979fdab5b6517565/element - {"using":"xpath","value":"//input[@id=\"application-managecontracts-display-component---AddNewContract--customerSelect-inner\"]"}
COMMAND: GET /session/cda6b29e510b44d9979fdab5b6517565/screenshot - {}
RESULT: {"using":"xpath","value":"//input[@id=\"application-managecontracts-display-component---AddNewContract--customerSelect-inner\"]"}
COMMAND: POST /session/cda6b29e510b44d9979fdab5b6517565/element/f.5E866639E2C7498835F0FF88C67C8471.d.4D860913684CBD36ED54DBB482C41CDA.e.19361/clear - {}
RESULT: {}
RESULT: {}
COMMAND: POST /session/cda6b29e510b44d9979fdab5b6517565/element/f.5E866639E2C7498835F0FF88C67C8471.d.4D860913684CBD36ED54DBB482C41CDA.e.19361/value - {"text":"1290"}
COMMAND: GET /session/cda6b29e510b44d9979fdab5b6517565/screenshot - {}
RESULT: {"text":"1290"}
COMMAND: GET /session/cda6b29e510b44d9979fdab5b6517565/screenshot - {}
RESULT: {}
RESULT: {}
COMMAND: POST /session/cda6b29e510b44d9979fdab5b6517565/element - {"using":"xpath","value":"//li[.//span[text()='1290']]"}
RESULT: {"using":"xpath","value":"//li[.//span[text()='1290']]"}
COMMAND: POST /session/cda6b29e510b44d9979fdab5b6517565/element/f.5E866639E2C7498835F0FF88C67C8471.d.4D860913684CBD36ED54DBB482C41CDA.e.19399/click - {}
RESULT: {}
COMMAND: GET /session/cda6b29e510b44d9979fdab5b6517565/screenshot - {}
RESULT: {}
COMMAND: POST /session/cda6b29e510b44d9979fdab5b6517565/element - {"using":"xpath","value":"//button[@data-kt=\"saveButton\"]"}
RESULT: {"using":"xpath","value":"//button[@data-kt=\"saveButton\"]"}
COMMAND: POST /session/cda6b29e510b44d9979fdab5b6517565/element/f.5E866639E2C7498835F0FF88C67C8471.d.4D860913684CBD36ED54DBB482C41CDA.e.19400/click - {}
RESULT: {}
COMMAND: GET /session/cda6b29e510b44d9979fdab5b6517565/screenshot - {}
RESULT: {}
COMMAND: POST /session/cda6b29e510b44d9979fdab5b6517565/element - {"using":"xpath","value":"//span[contains(@id ,\"contractDetailTitleNoExpanded\")]"}
RESULT: {"using":"xpath","value":"//span[contains(@id ,\"contractDetailTitleNoExpanded\")]"}
COMMAND: POST /session/cda6b29e510b44d9979fdab5b6517565/elements - {"using":"xpath","value":"//span[contains(@id ,\"contractDetailTitleNoExpanded\")]"}
RESULT: {"using":"xpath","value":"//span[contains(@id ,\"contractDetailTitleNoExpanded\")]"}
COMMAND: POST /session/cda6b29e510b44d9979fdab5b6517565/execute/sync - {"script":"<script> [56 bytes]","args":[{"element-6066-11e4-a52e-4f735466cecf":"f.5E866639E2C7498835F0FF88C67C8471.d.4D860913684CBD36ED54DBB482C41CDA.e.19472","ELEMENT":"f.5E866639E2C7498835F0FF88C67C8471.d.4D860913684CBD36ED54DBB482C41CDA.e.19472"}]}
RESULT: {"script":"<script> [56 bytes]","args":[{"element-6066-11e4-a52e-4f735466cecf":"f.5E866639E2C7498835F0FF88C67C8471.d.4D860913684CBD36ED54DBB482C41CDA.e.19472","ELEMENT":"f.5E866639E2C7498835F0FF88C67C8471.d.4D860913684CBD36ED54DBB482C41CDA.e.19472"}]}
COMMAND: GET /session/cda6b29e510b44d9979fdab5b6517565/screenshot - {}
RESULT: {}
]]></system-out>
    </testcase>
    <testcase classname="chrome.136_0_7103_93.windows.Create_Reverse_Billing_US127248" name="Should add equipment to the contract" time="46.665">
      <system-out><![CDATA[
COMMAND: POST /session/cda6b29e510b44d9979fdab5b6517565/element - {"using":"xpath","value":"//button[@data-kt=\"contractDetailEditBtnButton\"]"}
RESULT: {"using":"xpath","value":"//button[@data-kt=\"contractDetailEditBtnButton\"]"}
COMMAND: POST /session/cda6b29e510b44d9979fdab5b6517565/element/f.5E866639E2C7498835F0FF88C67C8471.d.4D860913684CBD36ED54DBB482C41CDA.e.19473/click - {}
RESULT: {}
COMMAND: GET /session/cda6b29e510b44d9979fdab5b6517565/screenshot - {}
RESULT: {}
COMMAND: POST /session/cda6b29e510b44d9979fdab5b6517565/element - {"using":"xpath","value":"(//span[contains(text(), \"Additional Addresses\")])[2]"}
RESULT: {"using":"xpath","value":"(//span[contains(text(), \"Additional Addresses\")])[2]"}
COMMAND: POST /session/cda6b29e510b44d9979fdab5b6517565/element/f.5E866639E2C7498835F0FF88C67C8471.d.4D860913684CBD36ED54DBB482C41CDA.e.19531/click - {}
RESULT: {}
COMMAND: GET /session/cda6b29e510b44d9979fdab5b6517565/screenshot - {}
RESULT: {}
COMMAND: POST /session/cda6b29e510b44d9979fdab5b6517565/element - {"using":"xpath","value":"//button[@data-kt=\"btnAddTableRowOverflowToolbarButton\"]"}
RESULT: {"using":"xpath","value":"//button[@data-kt=\"btnAddTableRowOverflowToolbarButton\"]"}
COMMAND: POST /session/cda6b29e510b44d9979fdab5b6517565/element/f.5E866639E2C7498835F0FF88C67C8471.d.4D860913684CBD36ED54DBB482C41CDA.e.19533/click - {}
RESULT: {}
COMMAND: GET /session/cda6b29e510b44d9979fdab5b6517565/screenshot - {}
RESULT: {}
COMMAND: POST /session/cda6b29e510b44d9979fdab5b6517565/element - {"using":"xpath","value":"//div[(text() = 'Standard Entry' or . = 'Standard Entry')]"}
RESULT: {"using":"xpath","value":"//div[(text() = 'Standard Entry' or . = 'Standard Entry')]"}
COMMAND: POST /session/cda6b29e510b44d9979fdab5b6517565/element/f.5E866639E2C7498835F0FF88C67C8471.d.4D860913684CBD36ED54DBB482C41CDA.e.19535/click - {}
RESULT: {}
COMMAND: GET /session/cda6b29e510b44d9979fdab5b6517565/screenshot - {}
RESULT: {}
COMMAND: POST /session/cda6b29e510b44d9979fdab5b6517565/element - {"using":"xpath","value":"//td[7]/div/div/input"}
RESULT: {"using":"xpath","value":"//td[7]/div/div/input"}
COMMAND: POST /session/cda6b29e510b44d9979fdab5b6517565/element/f.5E866639E2C7498835F0FF88C67C8471.d.4D860913684CBD36ED54DBB482C41CDA.e.19544/clear - {}
RESULT: {}
COMMAND: POST /session/cda6b29e510b44d9979fdab5b6517565/element/f.5E866639E2C7498835F0FF88C67C8471.d.4D860913684CBD36ED54DBB482C41CDA.e.19544/value - {"text":"qxIEF9ENx3"}
COMMAND: GET /session/cda6b29e510b44d9979fdab5b6517565/screenshot - {}
RESULT: {"text":"qxIEF9ENx3"}
COMMAND: GET /session/cda6b29e510b44d9979fdab5b6517565/screenshot - {}
RESULT: {}
RESULT: {}
COMMAND: POST /session/cda6b29e510b44d9979fdab5b6517565/actions - {"actions":[{"id":"action71","type":"key","parameters":{},"actions":[{"type":"keyDown","value":"î€‡"},{"type":"pause","duration":10},{"type":"keyUp","value":"î€‡"}]}]}
RESULT: {"actions":[{"id":"action71","type":"key","parameters":{},"actions":[{"type":"keyDown","value":"î€‡"},{"type":"pause","duration":10},{"type":"keyUp","value":"î€‡"}]}]}
COMMAND: GET /session/cda6b29e510b44d9979fdab5b6517565/screenshot - {}
RESULT: {}
COMMAND: POST /session/cda6b29e510b44d9979fdab5b6517565/execute/sync - {"script":"<script> [276 bytes]","args":["No pricing information was found"]}
RESULT: {"script":"<script> [276 bytes]","args":["No pricing information was found"]}
COMMAND: POST /session/cda6b29e510b44d9979fdab5b6517565/element - {"using":"xpath","value":"(//button[@data-kt=\"saveButton\"])[2]"}
COMMAND: GET /session/cda6b29e510b44d9979fdab5b6517565/screenshot - {}
RESULT: {"using":"xpath","value":"(//button[@data-kt=\"saveButton\"])[2]"}
COMMAND: POST /session/cda6b29e510b44d9979fdab5b6517565/element/f.5E866639E2C7498835F0FF88C67C8471.d.4D860913684CBD36ED54DBB482C41CDA.e.19559/click - {}
RESULT: {}
RESULT: {}
COMMAND: GET /session/cda6b29e510b44d9979fdab5b6517565/screenshot - {}
RESULT: {}
COMMAND: POST /session/cda6b29e510b44d9979fdab5b6517565/execute/sync - {"script":"<script> [276 bytes]","args":["Some contract items are having rental validity exceeding header rental validity"]}
RESULT: {"script":"<script> [276 bytes]","args":["Some contract items are having rental validity exceeding header rental validity"]}
COMMAND: GET /session/cda6b29e510b44d9979fdab5b6517565/screenshot - {}
RESULT: {}
COMMAND: POST /session/cda6b29e510b44d9979fdab5b6517565/element - {"using":"xpath","value":"//span[contains(@id ,\"contractItemsSmartTable-header-inner\")]"}
RESULT: {"using":"xpath","value":"//span[contains(@id ,\"contractItemsSmartTable-header-inner\")]"}
COMMAND: POST /session/cda6b29e510b44d9979fdab5b6517565/elements - {"using":"xpath","value":"//span[contains(@id ,\"contractItemsSmartTable-header-inner\")]"}
RESULT: {"using":"xpath","value":"//span[contains(@id ,\"contractItemsSmartTable-header-inner\")]"}
COMMAND: POST /session/cda6b29e510b44d9979fdab5b6517565/execute/sync - {"script":"<script> [56 bytes]","args":[{"element-6066-11e4-a52e-4f735466cecf":"f.5E866639E2C7498835F0FF88C67C8471.d.4D860913684CBD36ED54DBB482C41CDA.e.19565","ELEMENT":"f.5E866639E2C7498835F0FF88C67C8471.d.4D860913684CBD36ED54DBB482C41CDA.e.19565"}]}
RESULT: {"script":"<script> [56 bytes]","args":[{"element-6066-11e4-a52e-4f735466cecf":"f.5E866639E2C7498835F0FF88C67C8471.d.4D860913684CBD36ED54DBB482C41CDA.e.19565","ELEMENT":"f.5E866639E2C7498835F0FF88C67C8471.d.4D860913684CBD36ED54DBB482C41CDA.e.19565"}]}
]]></system-out>
    </testcase>
    <testcase classname="chrome.136_0_7103_93.windows.Create_Reverse_Billing_US127248" name="Should do a provide to site handover" time="73.946">
      <system-out><![CDATA[
COMMAND: GET /session/cda6b29e510b44d9979fdab5b6517565/screenshot - {}
COMMAND: POST /session/cda6b29e510b44d9979fdab5b6517565/element - {"using":"xpath","value":"//button[@data-kt=\"provideButton\"]"}
RESULT: {}
RESULT: {"using":"xpath","value":"//button[@data-kt=\"provideButton\"]"}
COMMAND: POST /session/cda6b29e510b44d9979fdab5b6517565/element/f.5E866639E2C7498835F0FF88C67C8471.d.4D860913684CBD36ED54DBB482C41CDA.e.19566/click - {}
RESULT: {}
COMMAND: GET /session/cda6b29e510b44d9979fdab5b6517565/screenshot - {}
RESULT: undefined
COMMAND: POST /session/cda6b29e510b44d9979fdab5b6517565/execute/async - {"script":"<script> [6424 bytes]","args":[{"element-6066-11e4-a52e-4f735466cecf":"f.5E866639E2C7498835F0FF88C67C8471.d.4D860913684CBD36ED54DBB482C41CDA.e.18562"},"setValue",["5/17/25"]]}
RESULT: {}
COMMAND: POST /session/cda6b29e510b44d9979fdab5b6517565/execute/async - {"script":"<script> [1562 bytes]","args":[{"selector":{"id":"application-managehandovers-display-component---AddNewHO--dueDate","interaction":{"idSuffix":"inner"}},"wdio_ui5_key":"applicationmanagehandovers-display-component---AddNewHO--dueDate"}]}
RESULT: {"script":"<script> [1562 bytes]","args":[{"selector":{"id":"application-managehandovers-display-component---AddNewHO--dueDate","interaction":{"idSuffix":"inner"}},"wdio_ui5_key":"applicationmanagehandovers-display-component---AddNewHO--dueDate"}]}
COMMAND: POST /session/cda6b29e510b44d9979fdab5b6517565/execute/async - {"script":"<script> [6424 bytes]","args":[{"element-6066-11e4-a52e-4f735466cecf":"f.5E866639E2C7498835F0FF88C67C8471.d.4D860913684CBD36ED54DBB482C41CDA.e.19623"},"setValue",["5/17/25"]]}
RESULT: {"script":"<script> [6424 bytes]","args":[{"element-6066-11e4-a52e-4f735466cecf":"f.5E866639E2C7498835F0FF88C67C8471.d.4D860913684CBD36ED54DBB482C41CDA.e.19623"},"setValue",["5/17/25"]]}
COMMAND: POST /session/cda6b29e510b44d9979fdab5b6517565/element - {"using":"xpath","value":"//bdi[contains(text(), \"Instructions\")]"}
RESULT: {"using":"xpath","value":"//bdi[contains(text(), \"Instructions\")]"}
COMMAND: POST /session/cda6b29e510b44d9979fdab5b6517565/element/f.5E866639E2C7498835F0FF88C67C8471.d.4D860913684CBD36ED54DBB482C41CDA.e.19722/click - {}
RESULT: {}
COMMAND: GET /session/cda6b29e510b44d9979fdab5b6517565/screenshot - {}
RESULT: {}
COMMAND: POST /session/cda6b29e510b44d9979fdab5b6517565/element - {"using":"xpath","value":"//button[@data-kt=\"AddNewHOProvideAddItemsButton\"]"}
RESULT: {"using":"xpath","value":"//button[@data-kt=\"AddNewHOProvideAddItemsButton\"]"}
COMMAND: POST /session/cda6b29e510b44d9979fdab5b6517565/element/f.5E866639E2C7498835F0FF88C67C8471.d.4D860913684CBD36ED54DBB482C41CDA.e.19726/click - {}
RESULT: {}
COMMAND: GET /session/cda6b29e510b44d9979fdab5b6517565/screenshot - {}
RESULT: {}
RESULT: undefined
COMMAND: POST /session/cda6b29e510b44d9979fdab5b6517565/element - {"using":"xpath","value":"//*[@id=\"application-managehandovers-display-component---AddNewHO--popup-sa\"]"}
RESULT: {"using":"xpath","value":"//*[@id=\"application-managehandovers-display-component---AddNewHO--popup-sa\"]"}
COMMAND: POST /session/cda6b29e510b44d9979fdab5b6517565/element/f.5E866639E2C7498835F0FF88C67C8471.d.4D860913684CBD36ED54DBB482C41CDA.e.19735/click - {}
RESULT: {}
COMMAND: GET /session/cda6b29e510b44d9979fdab5b6517565/screenshot - {}
RESULT: {}
COMMAND: POST /session/cda6b29e510b44d9979fdab5b6517565/element - {"using":"xpath","value":"//*[contains(@id ,\"BDI-content\")][contains(text(), \"Select\")]"}
RESULT: {"using":"xpath","value":"//*[contains(@id ,\"BDI-content\")][contains(text(), \"Select\")]"}
COMMAND: POST /session/cda6b29e510b44d9979fdab5b6517565/element/f.5E866639E2C7498835F0FF88C67C8471.d.4D860913684CBD36ED54DBB482C41CDA.e.19737/click - {}
RESULT: {}
COMMAND: GET /session/cda6b29e510b44d9979fdab5b6517565/screenshot - {}
RESULT: {}
COMMAND: POST /session/cda6b29e510b44d9979fdab5b6517565/execute/async - {"script":"<script> [1562 bytes]","args":[{"selector":{"id":"application-managehandovers-display-component---AddNewHO--confirmCreationButton","interaction":{"idSuffix":"BDI-content"}},"wdio_ui5_key":"applicationmanagehandovers-display-component---AddNewHO--confirmCreationButton"}]}
RESULT: {"script":"<script> [1562 bytes]","args":[{"selector":{"id":"application-managehandovers-display-component---AddNewHO--confirmCreationButton","interaction":{"idSuffix":"BDI-content"}},"wdio_ui5_key":"applicationmanagehandovers-display-component---AddNewHO--confirmCreationButton"}]}
RESULT: undefined
COMMAND: POST /session/cda6b29e510b44d9979fdab5b6517565/element - {"using":"xpath","value":"//*[@id=\"application-managehandovers-display-component---AddNewHO--confirmCreationButton\"]"}
RESULT: {"using":"xpath","value":"//*[@id=\"application-managehandovers-display-component---AddNewHO--confirmCreationButton\"]"}
COMMAND: POST /session/cda6b29e510b44d9979fdab5b6517565/element/f.5E866639E2C7498835F0FF88C67C8471.d.4D860913684CBD36ED54DBB482C41CDA.e.19700/click - {}
RESULT: {}
COMMAND: GET /session/cda6b29e510b44d9979fdab5b6517565/screenshot - {}
RESULT: {}
COMMAND: POST /session/cda6b29e510b44d9979fdab5b6517565/execute/async - {"script":"<script> [1562 bytes]","args":[{"selector":{"id":"issueDatePicker","viewName":"etm.portal.ui.managehandovers.view.DetailExecuteHO","interaction":{"idSuffix":"inner"}},"wdio_ui5_key":"issueDatePickeretmportal.ui.managehandovers.view.DetailExecuteHO"}]}
RESULT: {"script":"<script> [1562 bytes]","args":[{"selector":{"id":"issueDatePicker","viewName":"etm.portal.ui.managehandovers.view.DetailExecuteHO","interaction":{"idSuffix":"inner"}},"wdio_ui5_key":"issueDatePickeretmportal.ui.managehandovers.view.DetailExecuteHO"}]}
RESULT: undefined
COMMAND: POST /session/cda6b29e510b44d9979fdab5b6517565/execute/async - {"script":"<script> [776 bytes]","args":[{"enterText":"5/17/25","selector":{"id":"issueDatePicker","viewName":"etm.portal.ui.managehandovers.view.DetailExecuteHO","interaction":{"idSuffix":"inner"}},"clearTextFirst":true,"interactionType":"ENTER_TEXT"}]}
RESULT: {"script":"<script> [776 bytes]","args":[{"enterText":"5/17/25","selector":{"id":"issueDatePicker","viewName":"etm.portal.ui.managehandovers.view.DetailExecuteHO","interaction":{"idSuffix":"inner"}},"clearTextFirst":true,"interactionType":"ENTER_TEXT"}]}
COMMAND: POST /session/cda6b29e510b44d9979fdab5b6517565/element - {"using":"xpath","value":"//bdi[contains(text(), \"OK\")]"}
RESULT: {"using":"xpath","value":"//bdi[contains(text(), \"OK\")]"}
COMMAND: POST /session/cda6b29e510b44d9979fdab5b6517565/element/f.5E866639E2C7498835F0FF88C67C8471.d.4D860913684CBD36ED54DBB482C41CDA.e.19783/click - {}
RESULT: {}
COMMAND: GET /session/cda6b29e510b44d9979fdab5b6517565/screenshot - {}
RESULT: {}
COMMAND: POST /session/cda6b29e510b44d9979fdab5b6517565/element - {"using":"xpath","value":"//button[@data-kt=\"PickingTableConfirmAllButton\"]"}
RESULT: {"using":"xpath","value":"//button[@data-kt=\"PickingTableConfirmAllButton\"]"}
COMMAND: POST /session/cda6b29e510b44d9979fdab5b6517565/element/f.5E866639E2C7498835F0FF88C67C8471.d.4D860913684CBD36ED54DBB482C41CDA.e.19790/click - {}
RESULT: {}
COMMAND: GET /session/cda6b29e510b44d9979fdab5b6517565/screenshot - {}
RESULT: {}
COMMAND: POST /session/cda6b29e510b44d9979fdab5b6517565/element - {"using":"xpath","value":"//bdi[contains(text(), \"OK\")]"}
RESULT: {"using":"xpath","value":"//bdi[contains(text(), \"OK\")]"}
COMMAND: POST /session/cda6b29e510b44d9979fdab5b6517565/element/f.5E866639E2C7498835F0FF88C67C8471.d.4D860913684CBD36ED54DBB482C41CDA.e.19793/click - {}
RESULT: {}
COMMAND: GET /session/cda6b29e510b44d9979fdab5b6517565/screenshot - {}
RESULT: {}
COMMAND: POST /session/cda6b29e510b44d9979fdab5b6517565/element - {"using":"xpath","value":"//bdi[contains(text(), \"Issue\")]"}
RESULT: {"using":"xpath","value":"//bdi[contains(text(), \"Issue\")]"}
COMMAND: POST /session/cda6b29e510b44d9979fdab5b6517565/element/f.5E866639E2C7498835F0FF88C67C8471.d.4D860913684CBD36ED54DBB482C41CDA.e.19795/click - {}
RESULT: {}
COMMAND: GET /session/cda6b29e510b44d9979fdab5b6517565/screenshot - {}
RESULT: {}
COMMAND: POST /session/cda6b29e510b44d9979fdab5b6517565/element - {"using":"css selector","value":"#shell-header-logo"}
RESULT: {"using":"css selector","value":"#shell-header-logo"}
COMMAND: POST /session/cda6b29e510b44d9979fdab5b6517565/element/f.5E866639E2C7498835F0FF88C67C8471.d.4D860913684CBD36ED54DBB482C41CDA.e.18959/click - {}
RESULT: {}
COMMAND: GET /session/cda6b29e510b44d9979fdab5b6517565/screenshot - {}
RESULT: {}
]]></system-out>
    </testcase>
    <testcase classname="chrome.136_0_7103_93.windows.Create_Reverse_Billing_US127248" name="Should go navigate to Manage Billings and trigger contract calculation check result" time="72.613">
      <system-out><![CDATA[
COMMAND: POST /session/cda6b29e510b44d9979fdab5b6517565/execute/async - {"script":"<script> [1562 bytes]","args":[{"selector":{"controlType":"sap.m.GenericTile","properties":{"header":"Manage Billings"}},"wdio_ui5_key":"sapm.GenericTile{\"header\":\"Manage Billings\"}"}]}
RESULT: {"script":"<script> [1562 bytes]","args":[{"selector":{"controlType":"sap.m.GenericTile","properties":{"header":"Manage Billings"}},"wdio_ui5_key":"sapm.GenericTile{\"header\":\"Manage Billings\"}"}]}
RESULT: undefined
COMMAND: POST /session/cda6b29e510b44d9979fdab5b6517565/element - {"using":"xpath","value":"//*[@id=\"__tile51\"]"}
RESULT: {"using":"xpath","value":"//*[@id=\"__tile51\"]"}
COMMAND: POST /session/cda6b29e510b44d9979fdab5b6517565/element/f.5E866639E2C7498835F0FF88C67C8471.d.4D860913684CBD36ED54DBB482C41CDA.e.16851/click - {}
RESULT: {}
COMMAND: GET /session/cda6b29e510b44d9979fdab5b6517565/screenshot - {}
RESULT: {}
COMMAND: POST /session/cda6b29e510b44d9979fdab5b6517565/elements - {"using":"xpath","value":"//span[text()='Error']"}
RESULT: {"using":"xpath","value":"//span[text()='Error']"}
COMMAND: POST /session/cda6b29e510b44d9979fdab5b6517565/execute/async - {"script":"<script> [1562 bytes]","args":[{"selector":{"id":"application-managebillings-display-component---billRunCalcResult--smartFilterBar-btnBasicSearch","interaction":{"idSuffix":"I"}},"wdio_ui5_key":"applicationmanagebillings-display-component---billRunCalcResult--smartFilterBar-btnBasicSearch"}]}
RESULT: {"script":"<script> [1562 bytes]","args":[{"selector":{"id":"application-managebillings-display-component---billRunCalcResult--smartFilterBar-btnBasicSearch","interaction":{"idSuffix":"I"}},"wdio_ui5_key":"applicationmanagebillings-display-component---billRunCalcResult--smartFilterBar-btnBasicSearch"}]}
RESULT: undefined
COMMAND: POST /session/cda6b29e510b44d9979fdab5b6517565/execute/async - {"script":"<script> [776 bytes]","args":[{"enterText":"10347","selector":{"id":"application-managebillings-display-component---billRunCalcResult--smartFilterBar-btnBasicSearch","interaction":{"idSuffix":"I"}},"clearTextFirst":true,"interactionType":"ENTER_TEXT"}]}
RESULT: {"script":"<script> [776 bytes]","args":[{"enterText":"10347","selector":{"id":"application-managebillings-display-component---billRunCalcResult--smartFilterBar-btnBasicSearch","interaction":{"idSuffix":"I"}},"clearTextFirst":true,"interactionType":"ENTER_TEXT"}]}
COMMAND: POST /session/cda6b29e510b44d9979fdab5b6517565/actions - {"actions":[{"id":"action72","type":"key","parameters":{},"actions":[{"type":"keyDown","value":"î€‡"},{"type":"pause","duration":10},{"type":"keyUp","value":"î€‡"}]}]}
RESULT: {"actions":[{"id":"action72","type":"key","parameters":{},"actions":[{"type":"keyDown","value":"î€‡"},{"type":"pause","duration":10},{"type":"keyUp","value":"î€‡"}]}]}
COMMAND: GET /session/cda6b29e510b44d9979fdab5b6517565/screenshot - {}
RESULT: {}
COMMAND: POST /session/cda6b29e510b44d9979fdab5b6517565/element - {"using":"xpath","value":"//td[@aria-colindex=\"1\"]/div/div[contains(@class, \"sapMCbBg\")]"}
RESULT: {"using":"xpath","value":"//td[@aria-colindex=\"1\"]/div/div[contains(@class, \"sapMCbBg\")]"}
COMMAND: POST /session/cda6b29e510b44d9979fdab5b6517565/element/f.5E866639E2C7498835F0FF88C67C8471.d.4D860913684CBD36ED54DBB482C41CDA.e.20311/click - {}
RESULT: {}
COMMAND: GET /session/cda6b29e510b44d9979fdab5b6517565/screenshot - {}
RESULT: {}
COMMAND: POST /session/cda6b29e510b44d9979fdab5b6517565/execute/async - {"script":"<script> [1562 bytes]","args":[{"selector":{"id":"application-managebillings-display-component---billRunCalcResult--contractBillRunDate","interaction":{"idSuffix":"inner"}},"wdio_ui5_key":"applicationmanagebillings-display-component---billRunCalcResult--contractBillRunDate"}]}
RESULT: {"script":"<script> [1562 bytes]","args":[{"selector":{"id":"application-managebillings-display-component---billRunCalcResult--contractBillRunDate","interaction":{"idSuffix":"inner"}},"wdio_ui5_key":"applicationmanagebillings-display-component---billRunCalcResult--contractBillRunDate"}]}
RESULT: undefined
COMMAND: POST /session/cda6b29e510b44d9979fdab5b6517565/execute/async - {"script":"<script> [776 bytes]","args":[{"enterText":"6/17/25","selector":{"id":"application-managebillings-display-component---billRunCalcResult--contractBillRunDate","interaction":{"idSuffix":"inner"}},"clearTextFirst":true,"interactionType":"ENTER_TEXT"}]}
RESULT: {"script":"<script> [776 bytes]","args":[{"enterText":"6/17/25","selector":{"id":"application-managebillings-display-component---billRunCalcResult--contractBillRunDate","interaction":{"idSuffix":"inner"}},"clearTextFirst":true,"interactionType":"ENTER_TEXT"}]}
COMMAND: POST /session/cda6b29e510b44d9979fdab5b6517565/element - {"using":"xpath","value":"//bdi[contains(text(), \"Trigger Calculation\")]"}
RESULT: {"using":"xpath","value":"//bdi[contains(text(), \"Trigger Calculation\")]"}
COMMAND: POST /session/cda6b29e510b44d9979fdab5b6517565/element/f.5E866639E2C7498835F0FF88C67C8471.d.4D860913684CBD36ED54DBB482C41CDA.e.20362/click - {}
RESULT: {}
COMMAND: GET /session/cda6b29e510b44d9979fdab5b6517565/screenshot - {}
RESULT: {}
COMMAND: POST /session/cda6b29e510b44d9979fdab5b6517565/element - {"using":"xpath","value":"(//span[contains(@id, \"imgNav\")])[1]"}
RESULT: {"using":"xpath","value":"(//span[contains(@id, \"imgNav\")])[1]"}
COMMAND: POST /session/cda6b29e510b44d9979fdab5b6517565/element/f.5E866639E2C7498835F0FF88C67C8471.d.4D860913684CBD36ED54DBB482C41CDA.e.20312/click - {}
RESULT: {}
COMMAND: GET /session/cda6b29e510b44d9979fdab5b6517565/screenshot - {}
RESULT: {}
COMMAND: POST /session/cda6b29e510b44d9979fdab5b6517565/element - {"using":"xpath","value":"//tr/td[6]/div[1]/span[1]/span[1]"}
RESULT: {"using":"xpath","value":"//tr/td[6]/div[1]/span[1]/span[1]"}
COMMAND: GET /session/cda6b29e510b44d9979fdab5b6517565/element/f.5E866639E2C7498835F0FF88C67C8471.d.4D860913684CBD36ED54DBB482C41CDA.e.20367/text - {}
RESULT: {}
COMMAND: POST /session/cda6b29e510b44d9979fdab5b6517565/element - {"using":"xpath","value":"(//span[contains(@id, \"imgNav\")])[2]"}
RESULT: {"using":"xpath","value":"(//span[contains(@id, \"imgNav\")])[2]"}
COMMAND: POST /session/cda6b29e510b44d9979fdab5b6517565/element/f.5E866639E2C7498835F0FF88C67C8471.d.4D860913684CBD36ED54DBB482C41CDA.e.20368/click - {}
RESULT: {}
COMMAND: POST /session/cda6b29e510b44d9979fdab5b6517565/element - {"using":"xpath","value":"//bdi[contains(text(), \"Business Confirm\")]"}
COMMAND: GET /session/cda6b29e510b44d9979fdab5b6517565/screenshot - {}
RESULT: {"using":"xpath","value":"//bdi[contains(text(), \"Business Confirm\")]"}
COMMAND: POST /session/cda6b29e510b44d9979fdab5b6517565/elements - {"using":"xpath","value":"//bdi[contains(text(), \"Business Confirm\")]"}
RESULT: {}
RESULT: {"using":"xpath","value":"//bdi[contains(text(), \"Business Confirm\")]"}
COMMAND: POST /session/cda6b29e510b44d9979fdab5b6517565/elements - {"using":"xpath","value":"//bdi[contains(text(), \"Business Confirm\")]"}
RESULT: {"using":"xpath","value":"//bdi[contains(text(), \"Business Confirm\")]"}
COMMAND: POST /session/cda6b29e510b44d9979fdab5b6517565/elements - {"using":"xpath","value":"//bdi[contains(text(), \"Business Confirm\")]"}
RESULT: {"using":"xpath","value":"//bdi[contains(text(), \"Business Confirm\")]"}
COMMAND: POST /session/cda6b29e510b44d9979fdab5b6517565/element - {"using":"xpath","value":"//bdi[contains(text(), \"Business Confirm\")]"}
RESULT: {"using":"xpath","value":"//bdi[contains(text(), \"Business Confirm\")]"}
COMMAND: POST /session/cda6b29e510b44d9979fdab5b6517565/element/f.5E866639E2C7498835F0FF88C67C8471.d.4D860913684CBD36ED54DBB482C41CDA.e.20414/click - {}
RESULT: {}
COMMAND: POST /session/cda6b29e510b44d9979fdab5b6517565/element - {"using":"css selector","value":"#shell-header-logo"}
COMMAND: GET /session/cda6b29e510b44d9979fdab5b6517565/screenshot - {}
RESULT: {"using":"css selector","value":"#shell-header-logo"}
COMMAND: POST /session/cda6b29e510b44d9979fdab5b6517565/element/f.5E866639E2C7498835F0FF88C67C8471.d.4D860913684CBD36ED54DBB482C41CDA.e.20100/click - {}
RESULT: {}
RESULT: {}
COMMAND: GET /session/cda6b29e510b44d9979fdab5b6517565/screenshot - {}
RESULT: {}
]]></system-out>
    </testcase>
    <testcase classname="chrome.136_0_7103_93.windows.Create_Reverse_Billing_US127248" name="Should go into Billing Transfer and reverse the billing" time="38.904">
      <system-out><![CDATA[
COMMAND: POST /session/cda6b29e510b44d9979fdab5b6517565/execute/async - {"script":"<script> [1562 bytes]","args":[{"selector":{"controlType":"sap.m.GenericTile","properties":{"header":"Billing Transfer"}},"wdio_ui5_key":"sapm.GenericTile{\"header\":\"Billing Transfer\"}"}]}
RESULT: {"script":"<script> [1562 bytes]","args":[{"selector":{"controlType":"sap.m.GenericTile","properties":{"header":"Billing Transfer"}},"wdio_ui5_key":"sapm.GenericTile{\"header\":\"Billing Transfer\"}"}]}
RESULT: undefined
COMMAND: POST /session/cda6b29e510b44d9979fdab5b6517565/element - {"using":"xpath","value":"//*[@id=\"__tile50\"]"}
RESULT: {"using":"xpath","value":"//*[@id=\"__tile50\"]"}
COMMAND: POST /session/cda6b29e510b44d9979fdab5b6517565/element/f.5E866639E2C7498835F0FF88C67C8471.d.4D860913684CBD36ED54DBB482C41CDA.e.16849/click - {}
RESULT: {}
COMMAND: GET /session/cda6b29e510b44d9979fdab5b6517565/screenshot - {}
RESULT: {}
COMMAND: POST /session/cda6b29e510b44d9979fdab5b6517565/elements - {"using":"xpath","value":"//span[text()='Error']"}
RESULT: {"using":"xpath","value":"//span[text()='Error']"}
COMMAND: POST /session/cda6b29e510b44d9979fdab5b6517565/element - {"using":"xpath","value":"//input[contains(@id ,\"application-billingtransfer-display-component---billingWorkbench--smartFilterBar-btnBasicSearch\")]"}
RESULT: {"using":"xpath","value":"//input[contains(@id ,\"application-billingtransfer-display-component---billingWorkbench--smartFilterBar-btnBasicSearch\")]"}
COMMAND: POST /session/cda6b29e510b44d9979fdab5b6517565/elements - {"using":"xpath","value":"//input[contains(@id ,\"application-billingtransfer-display-component---billingWorkbench--smartFilterBar-btnBasicSearch\")]"}
RESULT: {"using":"xpath","value":"//input[contains(@id ,\"application-billingtransfer-display-component---billingWorkbench--smartFilterBar-btnBasicSearch\")]"}
COMMAND: POST /session/cda6b29e510b44d9979fdab5b6517565/execute/sync - {"script":"<script> [8489 bytes]","args":[{"element-6066-11e4-a52e-4f735466cecf":"f.5E866639E2C7498835F0FF88C67C8471.d.4D860913684CBD36ED54DBB482C41CDA.e.20447","ELEMENT":"f.5E866639E2C7498835F0FF88C67C8471.d.4D860913684CBD36ED54DBB482C41CDA.e.20447"}]}
RESULT: {"script":"<script> [8489 bytes]","args":[{"element-6066-11e4-a52e-4f735466cecf":"f.5E866639E2C7498835F0FF88C67C8471.d.4D860913684CBD36ED54DBB482C41CDA.e.20447","ELEMENT":"f.5E866639E2C7498835F0FF88C67C8471.d.4D860913684CBD36ED54DBB482C41CDA.e.20447"}]}
COMMAND: GET /session/cda6b29e510b44d9979fdab5b6517565/element/f.5E866639E2C7498835F0FF88C67C8471.d.4D860913684CBD36ED54DBB482C41CDA.e.20447/enabled - {}
COMMAND: GET /session/cda6b29e510b44d9979fdab5b6517565/screenshot - {}
RESULT: {}
RESULT: {}
COMMAND: POST /session/cda6b29e510b44d9979fdab5b6517565/element/f.5E866639E2C7498835F0FF88C67C8471.d.4D860913684CBD36ED54DBB482C41CDA.e.20447/click - {}
COMMAND: GET /session/cda6b29e510b44d9979fdab5b6517565/screenshot - {}
RESULT: {}
COMMAND: GET /session/cda6b29e510b44d9979fdab5b6517565/screenshot - {}
RESULT: {}
RESULT: {}
COMMAND: POST /session/cda6b29e510b44d9979fdab5b6517565/element/f.5E866639E2C7498835F0FF88C67C8471.d.4D860913684CBD36ED54DBB482C41CDA.e.20447/clear - {}
RESULT: {}
COMMAND: POST /session/cda6b29e510b44d9979fdab5b6517565/element/f.5E866639E2C7498835F0FF88C67C8471.d.4D860913684CBD36ED54DBB482C41CDA.e.20447/value - {"text":"10347"}
COMMAND: GET /session/cda6b29e510b44d9979fdab5b6517565/screenshot - {}
RESULT: {"text":"10347"}
COMMAND: POST /session/cda6b29e510b44d9979fdab5b6517565/actions - {"actions":[{"id":"action73","type":"key","parameters":{},"actions":[{"type":"keyDown","value":"î€‡"},{"type":"pause","duration":10},{"type":"keyUp","value":"î€‡"}]}]}
COMMAND: GET /session/cda6b29e510b44d9979fdab5b6517565/screenshot - {}
RESULT: {}
RESULT: {"actions":[{"id":"action73","type":"key","parameters":{},"actions":[{"type":"keyDown","value":"î€‡"},{"type":"pause","duration":10},{"type":"keyUp","value":"î€‡"}]}]}
COMMAND: GET /session/cda6b29e510b44d9979fdab5b6517565/screenshot - {}
RESULT: {}
RESULT: {}
COMMAND: POST /session/cda6b29e510b44d9979fdab5b6517565/element - {"using":"xpath","value":"//span[contains(@id ,\"application-billingtransfer-display-component---billingWorkbench--smartTableBillingRuns-header-inner\")]"}
RESULT: {"using":"xpath","value":"//span[contains(@id ,\"application-billingtransfer-display-component---billingWorkbench--smartTableBillingRuns-header-inner\")]"}
COMMAND: POST /session/cda6b29e510b44d9979fdab5b6517565/elements - {"using":"xpath","value":"//span[contains(@id ,\"application-billingtransfer-display-component---billingWorkbench--smartTableBillingRuns-header-inner\")]"}
RESULT: {"using":"xpath","value":"//span[contains(@id ,\"application-billingtransfer-display-component---billingWorkbench--smartTableBillingRuns-header-inner\")]"}
COMMAND: POST /session/cda6b29e510b44d9979fdab5b6517565/execute/sync - {"script":"<script> [56 bytes]","args":[{"element-6066-11e4-a52e-4f735466cecf":"f.5E866639E2C7498835F0FF88C67C8471.d.4D860913684CBD36ED54DBB482C41CDA.e.20612","ELEMENT":"f.5E866639E2C7498835F0FF88C67C8471.d.4D860913684CBD36ED54DBB482C41CDA.e.20612"}]}
RESULT: {"script":"<script> [56 bytes]","args":[{"element-6066-11e4-a52e-4f735466cecf":"f.5E866639E2C7498835F0FF88C67C8471.d.4D860913684CBD36ED54DBB482C41CDA.e.20612","ELEMENT":"f.5E866639E2C7498835F0FF88C67C8471.d.4D860913684CBD36ED54DBB482C41CDA.e.20612"}]}
COMMAND: POST /session/cda6b29e510b44d9979fdab5b6517565/element - {"using":"xpath","value":"//td[@aria-colindex=\"1\"]/div/div[contains(@class, \"sapMCbBg\")]"}
COMMAND: GET /session/cda6b29e510b44d9979fdab5b6517565/screenshot - {}
RESULT: {"using":"xpath","value":"//td[@aria-colindex=\"1\"]/div/div[contains(@class, \"sapMCbBg\")]"}
COMMAND: POST /session/cda6b29e510b44d9979fdab5b6517565/element/f.5E866639E2C7498835F0FF88C67C8471.d.4D860913684CBD36ED54DBB482C41CDA.e.20578/click - {}
RESULT: {}
RESULT: {}
COMMAND: GET /session/cda6b29e510b44d9979fdab5b6517565/screenshot - {}
RESULT: {}
COMMAND: POST /session/cda6b29e510b44d9979fdab5b6517565/element - {"using":"xpath","value":"//bdi[contains(text(), \"Reverse\")]"}
RESULT: {"using":"xpath","value":"//bdi[contains(text(), \"Reverse\")]"}
COMMAND: POST /session/cda6b29e510b44d9979fdab5b6517565/element/f.5E866639E2C7498835F0FF88C67C8471.d.4D860913684CBD36ED54DBB482C41CDA.e.20613/click - {}
RESULT: {}
COMMAND: GET /session/cda6b29e510b44d9979fdab5b6517565/screenshot - {}
RESULT: {}
COMMAND: POST /session/cda6b29e510b44d9979fdab5b6517565/element - {"using":"xpath","value":"//input[contains(@id ,\"application-billingtransfer-display-component---billingWorkbench--smartFilterBar-btnBasicSearch\")]"}
RESULT: {"using":"xpath","value":"//input[contains(@id ,\"application-billingtransfer-display-component---billingWorkbench--smartFilterBar-btnBasicSearch\")]"}
COMMAND: POST /session/cda6b29e510b44d9979fdab5b6517565/elements - {"using":"xpath","value":"//input[contains(@id ,\"application-billingtransfer-display-component---billingWorkbench--smartFilterBar-btnBasicSearch\")]"}
RESULT: {"using":"xpath","value":"//input[contains(@id ,\"application-billingtransfer-display-component---billingWorkbench--smartFilterBar-btnBasicSearch\")]"}
COMMAND: POST /session/cda6b29e510b44d9979fdab5b6517565/execute/sync - {"script":"<script> [8489 bytes]","args":[{"element-6066-11e4-a52e-4f735466cecf":"f.5E866639E2C7498835F0FF88C67C8471.d.4D860913684CBD36ED54DBB482C41CDA.e.20447","ELEMENT":"f.5E866639E2C7498835F0FF88C67C8471.d.4D860913684CBD36ED54DBB482C41CDA.e.20447"}]}
RESULT: {"script":"<script> [8489 bytes]","args":[{"element-6066-11e4-a52e-4f735466cecf":"f.5E866639E2C7498835F0FF88C67C8471.d.4D860913684CBD36ED54DBB482C41CDA.e.20447","ELEMENT":"f.5E866639E2C7498835F0FF88C67C8471.d.4D860913684CBD36ED54DBB482C41CDA.e.20447"}]}
COMMAND: GET /session/cda6b29e510b44d9979fdab5b6517565/element/f.5E866639E2C7498835F0FF88C67C8471.d.4D860913684CBD36ED54DBB482C41CDA.e.20447/enabled - {}
COMMAND: GET /session/cda6b29e510b44d9979fdab5b6517565/screenshot - {}
RESULT: {}
COMMAND: POST /session/cda6b29e510b44d9979fdab5b6517565/element/f.5E866639E2C7498835F0FF88C67C8471.d.4D860913684CBD36ED54DBB482C41CDA.e.20447/click - {}
COMMAND: GET /session/cda6b29e510b44d9979fdab5b6517565/screenshot - {}
RESULT: {}
RESULT: {}
COMMAND: GET /session/cda6b29e510b44d9979fdab5b6517565/screenshot - {}
RESULT: {}
RESULT: {}
COMMAND: POST /session/cda6b29e510b44d9979fdab5b6517565/element/f.5E866639E2C7498835F0FF88C67C8471.d.4D860913684CBD36ED54DBB482C41CDA.e.20447/clear - {}
RESULT: {}
COMMAND: POST /session/cda6b29e510b44d9979fdab5b6517565/element/f.5E866639E2C7498835F0FF88C67C8471.d.4D860913684CBD36ED54DBB482C41CDA.e.20447/value - {"text":"10347"}
COMMAND: GET /session/cda6b29e510b44d9979fdab5b6517565/screenshot - {}
RESULT: {"text":"10347"}
COMMAND: POST /session/cda6b29e510b44d9979fdab5b6517565/actions - {"actions":[{"id":"action74","type":"key","parameters":{},"actions":[{"type":"keyDown","value":"î€‡"},{"type":"pause","duration":10},{"type":"keyUp","value":"î€‡"}]}]}
COMMAND: GET /session/cda6b29e510b44d9979fdab5b6517565/screenshot - {}
RESULT: {}
RESULT: {"actions":[{"id":"action74","type":"key","parameters":{},"actions":[{"type":"keyDown","value":"î€‡"},{"type":"pause","duration":10},{"type":"keyUp","value":"î€‡"}]}]}
COMMAND: GET /session/cda6b29e510b44d9979fdab5b6517565/screenshot - {}
RESULT: {}
RESULT: {}
COMMAND: POST /session/cda6b29e510b44d9979fdab5b6517565/element - {"using":"xpath","value":"//span[contains(@id ,\"application-billingtransfer-display-component---billingWorkbench--smartTableBillingRuns-header-inner\")]"}
RESULT: {"using":"xpath","value":"//span[contains(@id ,\"application-billingtransfer-display-component---billingWorkbench--smartTableBillingRuns-header-inner\")]"}
COMMAND: POST /session/cda6b29e510b44d9979fdab5b6517565/elements - {"using":"xpath","value":"//span[contains(@id ,\"application-billingtransfer-display-component---billingWorkbench--smartTableBillingRuns-header-inner\")]"}
RESULT: {"using":"xpath","value":"//span[contains(@id ,\"application-billingtransfer-display-component---billingWorkbench--smartTableBillingRuns-header-inner\")]"}
COMMAND: POST /session/cda6b29e510b44d9979fdab5b6517565/execute/sync - {"script":"<script> [56 bytes]","args":[{"element-6066-11e4-a52e-4f735466cecf":"f.5E866639E2C7498835F0FF88C67C8471.d.4D860913684CBD36ED54DBB482C41CDA.e.20612","ELEMENT":"f.5E866639E2C7498835F0FF88C67C8471.d.4D860913684CBD36ED54DBB482C41CDA.e.20612"}]}
RESULT: {"script":"<script> [56 bytes]","args":[{"element-6066-11e4-a52e-4f735466cecf":"f.5E866639E2C7498835F0FF88C67C8471.d.4D860913684CBD36ED54DBB482C41CDA.e.20612","ELEMENT":"f.5E866639E2C7498835F0FF88C67C8471.d.4D860913684CBD36ED54DBB482C41CDA.e.20612"}]}
COMMAND: POST /session/cda6b29e510b44d9979fdab5b6517565/element - {"using":"css selector","value":"#shell-header-logo"}
COMMAND: GET /session/cda6b29e510b44d9979fdab5b6517565/screenshot - {}
RESULT: {"using":"css selector","value":"#shell-header-logo"}
COMMAND: POST /session/cda6b29e510b44d9979fdab5b6517565/element/f.5E866639E2C7498835F0FF88C67C8471.d.4D860913684CBD36ED54DBB482C41CDA.e.20445/click - {}
RESULT: {}
RESULT: {}
COMMAND: GET /session/cda6b29e510b44d9979fdab5b6517565/screenshot - {}
RESULT: {}
COMMAND: DELETE /session/cda6b29e510b44d9979fdab5b6517565 - {}
RESULT: {}
]]></system-out>
    </testcase>
  </testsuite>
</testsuites>