<?xml version="1.0" encoding="UTF-8"?>
<testsuites tests="23" failures="0" errors="0" skipped="0">
  <testsuite timestamp="2025-05-21T17:47:48" time="1141.642" tests="6" failures="0" errors="0" skipped="0">
    <properties>
      <property name="specId" value="0"/>
      <property name="suiteName" value="Standard contract - add contract items by Insert Request US118222"/>
      <property name="capabilities" value="chrome.136_0_7103_93.windows"/>
      <property name="file" value="file:///D:/a/1/s/test/specs/R2C/standard-contract-add-contract-items-by-insert-request.spec.js"/>
    </properties>
    <testcase classname="chrome.136_0_7103_93.windows.Standard_contract_-_add_contract_items_by_Insert_Request_US118222" name="Should create prerequisites yard partner site material and equipment" time="305.134">
      <system-out><![CDATA[
COMMAND: POST /session/1820fae8a81a1c34ca12c99f5ca4f404/execute/async - {"script":"<script> [1562 bytes]","args":[{"selector":{"controlType":"sap.m.GenericTile","properties":{"header":"Manage Yards"}},"wdio_ui5_key":"sapm.GenericTile{\"header\":\"Manage Yards\"}"}]}
RESULT: {"script":"<script> [1562 bytes]","args":[{"selector":{"controlType":"sap.m.GenericTile","properties":{"header":"Manage Yards"}},"wdio_ui5_key":"sapm.GenericTile{\"header\":\"Manage Yards\"}"}]}
RESULT: undefined
COMMAND: POST /session/1820fae8a81a1c34ca12c99f5ca4f404/element - {"using":"xpath","value":"//*[@id=\"__tile41\"]"}
RESULT: {"using":"xpath","value":"//*[@id=\"__tile41\"]"}
COMMAND: POST /session/1820fae8a81a1c34ca12c99f5ca4f404/element/f.043615FDA099A6883ABDD55FCDA43E76.d.DCDDCBF2C0BED38CA9B0F7F7555C80FB.e.119/click - {}
RESULT: {}
COMMAND: GET /session/1820fae8a81a1c34ca12c99f5ca4f404/screenshot - {}
RESULT: {}
COMMAND: POST /session/1820fae8a81a1c34ca12c99f5ca4f404/elements - {"using":"xpath","value":"//span[text()='Error']"}
RESULT: {"using":"xpath","value":"//span[text()='Error']"}
COMMAND: POST /session/1820fae8a81a1c34ca12c99f5ca4f404/execute/async - {"script":"<script> [1562 bytes]","args":[{"selector":{"controlType":"sap.ui.core.Icon","viewName":"etm.portal.ui.manageyards.view.Master","viewId":"application-manageyards-display-component---masterYard","properties":{"src":{"regex":{"source":"add"}}}},"wdio_ui5_key":"etmportal.ui.manageyards.view.Mastersap.ui.core.Icon{\"src\":{\"regex\":{\"source\":\"add\"}}}"}]}
RESULT: {"script":"<script> [1562 bytes]","args":[{"selector":{"controlType":"sap.ui.core.Icon","viewName":"etm.portal.ui.manageyards.view.Master","viewId":"application-manageyards-display-component---masterYard","properties":{"src":{"regex":{"source":"add"}}}},"wdio_ui5_key":"etmportal.ui.manageyards.view.Mastersap.ui.core.Icon{\"src\":{\"regex\":{\"source\":\"add\"}}}"}]}
RESULT: undefined
COMMAND: POST /session/1820fae8a81a1c34ca12c99f5ca4f404/element - {"using":"xpath","value":"//*[@id=\"__button4-img\"]"}
RESULT: {"using":"xpath","value":"//*[@id=\"__button4-img\"]"}
COMMAND: POST /session/1820fae8a81a1c34ca12c99f5ca4f404/element/f.043615FDA099A6883ABDD55FCDA43E76.d.DCDDCBF2C0BED38CA9B0F7F7555C80FB.e.166/click - {}
RESULT: {}
COMMAND: GET /session/1820fae8a81a1c34ca12c99f5ca4f404/screenshot - {}
RESULT: {}
COMMAND: POST /session/1820fae8a81a1c34ca12c99f5ca4f404/execute/async - {"script":"<script> [1562 bytes]","args":[{"selector":{"id":"application-manageyards-display-component---NewYard--yardId","interaction":{"idSuffix":"inner"}},"wdio_ui5_key":"applicationmanageyards-display-component---NewYard--yardId"}]}
RESULT: {"script":"<script> [1562 bytes]","args":[{"selector":{"id":"application-manageyards-display-component---NewYard--yardId","interaction":{"idSuffix":"inner"}},"wdio_ui5_key":"applicationmanageyards-display-component---NewYard--yardId"}]}
RESULT: undefined
COMMAND: POST /session/1820fae8a81a1c34ca12c99f5ca4f404/element - {"using":"xpath","value":"//*[@id=\"application-manageyards-display-component---NewYard--addressDetailDetailsName1-inner\"]"}
RESULT: {"using":"xpath","value":"//*[@id=\"application-manageyards-display-component---NewYard--addressDetailDetailsName1-inner\"]"}
COMMAND: POST /session/1820fae8a81a1c34ca12c99f5ca4f404/element/f.043615FDA099A6883ABDD55FCDA43E76.d.DCDDCBF2C0BED38CA9B0F7F7555C80FB.e.298/clear - {}
RESULT: {}
COMMAND: POST /session/1820fae8a81a1c34ca12c99f5ca4f404/element/f.043615FDA099A6883ABDD55FCDA43E76.d.DCDDCBF2C0BED38CA9B0F7F7555C80FB.e.298/value - {"text":"WebdriverYardpv7ub"}
COMMAND: GET /session/1820fae8a81a1c34ca12c99f5ca4f404/screenshot - {}
RESULT: {"text":"WebdriverYardpv7ub"}
COMMAND: POST /session/1820fae8a81a1c34ca12c99f5ca4f404/element - {"using":"xpath","value":"//*[@id=\"application-manageyards-display-component---NewYard--addressDetailDetailsLanguage-inner\"]"}
COMMAND: GET /session/1820fae8a81a1c34ca12c99f5ca4f404/screenshot - {}
RESULT: {}
RESULT: {"using":"xpath","value":"//*[@id=\"application-manageyards-display-component---NewYard--addressDetailDetailsLanguage-inner\"]"}
COMMAND: POST /session/1820fae8a81a1c34ca12c99f5ca4f404/element/f.043615FDA099A6883ABDD55FCDA43E76.d.DCDDCBF2C0BED38CA9B0F7F7555C80FB.e.299/clear - {}
RESULT: {}
RESULT: {}
COMMAND: POST /session/1820fae8a81a1c34ca12c99f5ca4f404/element/f.043615FDA099A6883ABDD55FCDA43E76.d.DCDDCBF2C0BED38CA9B0F7F7555C80FB.e.299/value - {"text":"Romanian"}
COMMAND: GET /session/1820fae8a81a1c34ca12c99f5ca4f404/screenshot - {}
RESULT: {"text":"Romanian"}
COMMAND: POST /session/1820fae8a81a1c34ca12c99f5ca4f404/element - {"using":"xpath","value":"//input[contains(@id ,\"application-manageyards-display-component---NewYard--addressDetailDetailsName1-inner\")]"}
COMMAND: GET /session/1820fae8a81a1c34ca12c99f5ca4f404/screenshot - {}
RESULT: {}
RESULT: {"using":"xpath","value":"//input[contains(@id ,\"application-manageyards-display-component---NewYard--addressDetailDetailsName1-inner\")]"}
COMMAND: GET /session/1820fae8a81a1c34ca12c99f5ca4f404/element/f.043615FDA099A6883ABDD55FCDA43E76.d.DCDDCBF2C0BED38CA9B0F7F7555C80FB.e.298/property/value - {}
RESULT: {}
RESULT: {}
COMMAND: GET /session/1820fae8a81a1c34ca12c99f5ca4f404/screenshot - {}
RESULT: {}
COMMAND: POST /session/1820fae8a81a1c34ca12c99f5ca4f404/element - {"using":"xpath","value":"//*[@id=\"application-manageyards-display-component---NewYard--addressDetailDetailsCity1-inner\"]"}
RESULT: {"using":"xpath","value":"//*[@id=\"application-manageyards-display-component---NewYard--addressDetailDetailsCity1-inner\"]"}
COMMAND: POST /session/1820fae8a81a1c34ca12c99f5ca4f404/element/f.043615FDA099A6883ABDD55FCDA43E76.d.DCDDCBF2C0BED38CA9B0F7F7555C80FB.e.301/clear - {}
RESULT: {}
COMMAND: POST /session/1820fae8a81a1c34ca12c99f5ca4f404/element/f.043615FDA099A6883ABDD55FCDA43E76.d.DCDDCBF2C0BED38CA9B0F7F7555C80FB.e.301/value - {"text":"Bucuresti"}
COMMAND: GET /session/1820fae8a81a1c34ca12c99f5ca4f404/screenshot - {}
RESULT: {"text":"Bucuresti"}
COMMAND: GET /session/1820fae8a81a1c34ca12c99f5ca4f404/screenshot - {}
RESULT: {}
RESULT: {}
COMMAND: POST /session/1820fae8a81a1c34ca12c99f5ca4f404/element - {"using":"xpath","value":"//*[@id=\"application-manageyards-display-component---NewYard--addressDetailDetailsCountry-inner\"]"}
RESULT: {"using":"xpath","value":"//*[@id=\"application-manageyards-display-component---NewYard--addressDetailDetailsCountry-inner\"]"}
COMMAND: POST /session/1820fae8a81a1c34ca12c99f5ca4f404/element/f.043615FDA099A6883ABDD55FCDA43E76.d.DCDDCBF2C0BED38CA9B0F7F7555C80FB.e.305/clear - {}
RESULT: {}
COMMAND: POST /session/1820fae8a81a1c34ca12c99f5ca4f404/element/f.043615FDA099A6883ABDD55FCDA43E76.d.DCDDCBF2C0BED38CA9B0F7F7555C80FB.e.305/value - {"text":"Romania"}
COMMAND: GET /session/1820fae8a81a1c34ca12c99f5ca4f404/screenshot - {}
RESULT: {"text":"Romania"}
COMMAND: GET /session/1820fae8a81a1c34ca12c99f5ca4f404/screenshot - {}
RESULT: {}
RESULT: {}
COMMAND: POST /session/1820fae8a81a1c34ca12c99f5ca4f404/element - {"using":"xpath","value":"//div[contains(text(), \"Commercial\")]"}
RESULT: {"using":"xpath","value":"//div[contains(text(), \"Commercial\")]"}
COMMAND: GET /session/1820fae8a81a1c34ca12c99f5ca4f404/element/f.043615FDA099A6883ABDD55FCDA43E76.d.DCDDCBF2C0BED38CA9B0F7F7555C80FB.e.583/rect - {}
RESULT: {}
COMMAND: GET /session/1820fae8a81a1c34ca12c99f5ca4f404/window/rect - {}
RESULT: {}
COMMAND: POST /session/1820fae8a81a1c34ca12c99f5ca4f404/execute/sync - {"script":"<script> [92 bytes]","args":[]}
RESULT: {"script":"<script> [92 bytes]","args":[]}
COMMAND: POST /session/1820fae8a81a1c34ca12c99f5ca4f404/actions - {"actions":[{"id":"action1","type":"wheel","parameters":{},"actions":[{"type":"scroll","x":-1841,"y":-44,"deltaX":0,"deltaY":0,"duration":0,"origin":{"element-6066-11e4-a52e-4f735466cecf":"f.043615FDA099A6883ABDD55FCDA43E76.d.DCDDCBF2C0BED38CA9B0F7F7555C80FB.e.583"}}]}]}
COMMAND: GET /session/1820fae8a81a1c34ca12c99f5ca4f404/screenshot - {}
RESULT: {}
COMMAND: POST /session/1820fae8a81a1c34ca12c99f5ca4f404/execute/sync - {"script":"<script> [79 bytes]","args":[{"element-6066-11e4-a52e-4f735466cecf":"f.043615FDA099A6883ABDD55FCDA43E76.d.DCDDCBF2C0BED38CA9B0F7F7555C80FB.e.583","ELEMENT":"f.043615FDA099A6883ABDD55FCDA43E76.d.DCDDCBF2C0BED38CA9B0F7F7555C80FB.e.583"},{"block":"start","inline":"nearest"}]}
RESULT: {"script":"<script> [79 bytes]","args":[{"element-6066-11e4-a52e-4f735466cecf":"f.043615FDA099A6883ABDD55FCDA43E76.d.DCDDCBF2C0BED38CA9B0F7F7555C80FB.e.583","ELEMENT":"f.043615FDA099A6883ABDD55FCDA43E76.d.DCDDCBF2C0BED38CA9B0F7F7555C80FB.e.583"},{"block":"start","inline":"nearest"}]}
COMMAND: GET /session/1820fae8a81a1c34ca12c99f5ca4f404/screenshot - {}
RESULT: {}
COMMAND: POST /session/1820fae8a81a1c34ca12c99f5ca4f404/execute/async - {"script":"<script> [1562 bytes]","args":[{"selector":{"id":"application-manageyards-display-component---NewYard--addressEditDetailsCostObjectCstType-arrow"},"wdio_ui5_key":"applicationmanageyards-display-component---NewYard--addressEditDetailsCostObjectCstType-arrow"}]}
RESULT: {"script":"<script> [1562 bytes]","args":[{"selector":{"id":"application-manageyards-display-component---NewYard--addressEditDetailsCostObjectCstType-arrow"},"wdio_ui5_key":"applicationmanageyards-display-component---NewYard--addressEditDetailsCostObjectCstType-arrow"}]}
RESULT: undefined
COMMAND: POST /session/1820fae8a81a1c34ca12c99f5ca4f404/element - {"using":"xpath","value":"//*[@id=\"application-manageyards-display-component---NewYard--addressEditDetailsCostObjectCstType-arrow\"]"}
RESULT: {"using":"xpath","value":"//*[@id=\"application-manageyards-display-component---NewYard--addressEditDetailsCostObjectCstType-arrow\"]"}
COMMAND: POST /session/1820fae8a81a1c34ca12c99f5ca4f404/element/f.043615FDA099A6883ABDD55FCDA43E76.d.DCDDCBF2C0BED38CA9B0F7F7555C80FB.e.591/click - {}
RESULT: {}
COMMAND: POST /session/1820fae8a81a1c34ca12c99f5ca4f404/element - {"using":"xpath","value":"//span[contains(text(), \"Cost Center\")]"}
COMMAND: GET /session/1820fae8a81a1c34ca12c99f5ca4f404/screenshot - {}
RESULT: {"using":"xpath","value":"//span[contains(text(), \"Cost Center\")]"}
COMMAND: POST /session/1820fae8a81a1c34ca12c99f5ca4f404/element/f.043615FDA099A6883ABDD55FCDA43E76.d.DCDDCBF2C0BED38CA9B0F7F7555C80FB.e.592/click - {}
RESULT: {}
RESULT: {}
COMMAND: GET /session/1820fae8a81a1c34ca12c99f5ca4f404/screenshot - {}
RESULT: {}
COMMAND: POST /session/1820fae8a81a1c34ca12c99f5ca4f404/execute/async - {"script":"<script> [1562 bytes]","args":[{"selector":{"id":"application-manageyards-display-component---NewYard--addressNewCostObjectCstID-vhi"},"wdio_ui5_key":"applicationmanageyards-display-component---NewYard--addressNewCostObjectCstID-vhi"}]}
RESULT: {"script":"<script> [1562 bytes]","args":[{"selector":{"id":"application-manageyards-display-component---NewYard--addressNewCostObjectCstID-vhi"},"wdio_ui5_key":"applicationmanageyards-display-component---NewYard--addressNewCostObjectCstID-vhi"}]}
RESULT: undefined
COMMAND: POST /session/1820fae8a81a1c34ca12c99f5ca4f404/element - {"using":"xpath","value":"//*[@id=\"application-manageyards-display-component---NewYard--addressNewCostObjectCstID-vhi\"]"}
RESULT: {"using":"xpath","value":"//*[@id=\"application-manageyards-display-component---NewYard--addressNewCostObjectCstID-vhi\"]"}
COMMAND: POST /session/1820fae8a81a1c34ca12c99f5ca4f404/element/f.043615FDA099A6883ABDD55FCDA43E76.d.DCDDCBF2C0BED38CA9B0F7F7555C80FB.e.596/click - {}
RESULT: {}
COMMAND: GET /session/1820fae8a81a1c34ca12c99f5ca4f404/screenshot - {}
RESULT: {}
COMMAND: POST /session/1820fae8a81a1c34ca12c99f5ca4f404/execute/async - {"script":"<script> [1562 bytes]","args":[{"selector":{"controlType":"sap.m.SearchField","properties":{"placeholder":"Search"},"searchOpenDialogs":true,"interaction":{"idSuffix":"I"}},"wdio_ui5_key":"sapm.SearchField{\"placeholder\":\"Search\"}"}]}
RESULT: {"script":"<script> [1562 bytes]","args":[{"selector":{"controlType":"sap.m.SearchField","properties":{"placeholder":"Search"},"searchOpenDialogs":true,"interaction":{"idSuffix":"I"}},"wdio_ui5_key":"sapm.SearchField{\"placeholder\":\"Search\"}"}]}
RESULT: undefined
COMMAND: POST /session/1820fae8a81a1c34ca12c99f5ca4f404/execute/async - {"script":"<script> [776 bytes]","args":[{"enterText":"10001013","selector":{"controlType":"sap.m.SearchField","properties":{"placeholder":"Search"},"searchOpenDialogs":true,"interaction":{"idSuffix":"I"}},"clearTextFirst":true,"interactionType":"ENTER_TEXT"}]}
RESULT: {"script":"<script> [776 bytes]","args":[{"enterText":"10001013","selector":{"controlType":"sap.m.SearchField","properties":{"placeholder":"Search"},"searchOpenDialogs":true,"interaction":{"idSuffix":"I"}},"clearTextFirst":true,"interactionType":"ENTER_TEXT"}]}
COMMAND: POST /session/1820fae8a81a1c34ca12c99f5ca4f404/actions - {"actions":[{"id":"action2","type":"key","parameters":{},"actions":[{"type":"keyDown","value":""},{"type":"pause","duration":10},{"type":"keyUp","value":""}]}]}
RESULT: {"actions":[{"id":"action2","type":"key","parameters":{},"actions":[{"type":"keyDown","value":""},{"type":"pause","duration":10},{"type":"keyUp","value":""}]}]}
COMMAND: GET /session/1820fae8a81a1c34ca12c99f5ca4f404/screenshot - {}
RESULT: {}
COMMAND: POST /session/1820fae8a81a1c34ca12c99f5ca4f404/element - {"using":"xpath","value":"//span[contains(text(), \"General Management\")]"}
RESULT: {"using":"xpath","value":"//span[contains(text(), \"General Management\")]"}
COMMAND: POST /session/1820fae8a81a1c34ca12c99f5ca4f404/element/f.043615FDA099A6883ABDD55FCDA43E76.d.DCDDCBF2C0BED38CA9B0F7F7555C80FB.e.637/click - {}
RESULT: {}
COMMAND: GET /session/1820fae8a81a1c34ca12c99f5ca4f404/screenshot - {}
RESULT: {}
COMMAND: POST /session/1820fae8a81a1c34ca12c99f5ca4f404/element - {"using":"xpath","value":"//bdi[contains(text(), \"OK\")]"}
RESULT: {"using":"xpath","value":"//bdi[contains(text(), \"OK\")]"}
COMMAND: POST /session/1820fae8a81a1c34ca12c99f5ca4f404/element/f.043615FDA099A6883ABDD55FCDA43E76.d.DCDDCBF2C0BED38CA9B0F7F7555C80FB.e.638/click - {}
RESULT: {}
COMMAND: GET /session/1820fae8a81a1c34ca12c99f5ca4f404/screenshot - {}
RESULT: {}
COMMAND: POST /session/1820fae8a81a1c34ca12c99f5ca4f404/execute/async - {"script":"<script> [1562 bytes]","args":[{"selector":{"controlType":"sap.m.Button","viewName":"etm.portal.ui.manageyards.view.New","viewId":"application-manageyards-display-component---NewYard","i18NText":{"propertyName":"text","key":"save"},"interaction":{"idSuffix":"inner"}},"wdio_ui5_key":"etmportal.ui.manageyards.view.Newsap.m.Button{\"propertyName\":\"text\",\"key\":\"save\"}"}]}
RESULT: {"script":"<script> [1562 bytes]","args":[{"selector":{"controlType":"sap.m.Button","viewName":"etm.portal.ui.manageyards.view.New","viewId":"application-manageyards-display-component---NewYard","i18NText":{"propertyName":"text","key":"save"},"interaction":{"idSuffix":"inner"}},"wdio_ui5_key":"etmportal.ui.manageyards.view.Newsap.m.Button{\"propertyName\":\"text\",\"key\":\"save\"}"}]}
RESULT: undefined
COMMAND: POST /session/1820fae8a81a1c34ca12c99f5ca4f404/element - {"using":"xpath","value":"//*[@id=\"__button18\"]"}
RESULT: {"using":"xpath","value":"//*[@id=\"__button18\"]"}
COMMAND: POST /session/1820fae8a81a1c34ca12c99f5ca4f404/element/f.043615FDA099A6883ABDD55FCDA43E76.d.DCDDCBF2C0BED38CA9B0F7F7555C80FB.e.540/click - {}
RESULT: {}
COMMAND: GET /session/1820fae8a81a1c34ca12c99f5ca4f404/screenshot - {}
RESULT: {}
COMMAND: POST /session/1820fae8a81a1c34ca12c99f5ca4f404/element - {"using":"xpath","value":"//header/div/div[2]/div[2]/span"}
RESULT: {"using":"xpath","value":"//header/div/div[2]/div[2]/span"}
COMMAND: GET /session/1820fae8a81a1c34ca12c99f5ca4f404/element/f.043615FDA099A6883ABDD55FCDA43E76.d.DCDDCBF2C0BED38CA9B0F7F7555C80FB.e.837/text - {}
RESULT: {}
COMMAND: POST /session/1820fae8a81a1c34ca12c99f5ca4f404/execute/async - {"script":"<script> [1562 bytes]","args":[{"selector":{"controlType":"sap.m.OverflowToolbarButton","viewName":"etm.portal.ui.manageyards.view.Detail","viewId":"application-manageyards-display-component---detailYard","i18NText":{"propertyName":"tooltip","key":"closeColumn"},"interaction":{"idSuffix":"inner"}},"wdio_ui5_key":"etmportal.ui.manageyards.view.Detailsap.m.OverflowToolbarButton{\"propertyName\":\"tooltip\",\"key\":\"closeColumn\"}"}]}
RESULT: {"script":"<script> [1562 bytes]","args":[{"selector":{"controlType":"sap.m.OverflowToolbarButton","viewName":"etm.portal.ui.manageyards.view.Detail","viewId":"application-manageyards-display-component---detailYard","i18NText":{"propertyName":"tooltip","key":"closeColumn"},"interaction":{"idSuffix":"inner"}},"wdio_ui5_key":"etmportal.ui.manageyards.view.Detailsap.m.OverflowToolbarButton{\"propertyName\":\"tooltip\",\"key\":\"closeColumn\"}"}]}
RESULT: undefined
COMMAND: POST /session/1820fae8a81a1c34ca12c99f5ca4f404/element - {"using":"xpath","value":"//*[@id=\"__button40\"]"}
RESULT: {"using":"xpath","value":"//*[@id=\"__button40\"]"}
COMMAND: POST /session/1820fae8a81a1c34ca12c99f5ca4f404/element/f.043615FDA099A6883ABDD55FCDA43E76.d.DCDDCBF2C0BED38CA9B0F7F7555C80FB.e.839/click - {}
RESULT: {}
COMMAND: GET /session/1820fae8a81a1c34ca12c99f5ca4f404/screenshot - {}
RESULT: {}
COMMAND: POST /session/1820fae8a81a1c34ca12c99f5ca4f404/element - {"using":"css selector","value":"#shell-header-logo"}
RESULT: {"using":"css selector","value":"#shell-header-logo"}
COMMAND: POST /session/1820fae8a81a1c34ca12c99f5ca4f404/element/f.043615FDA099A6883ABDD55FCDA43E76.d.DCDDCBF2C0BED38CA9B0F7F7555C80FB.e.121/click - {}
RESULT: {}
COMMAND: GET /session/1820fae8a81a1c34ca12c99f5ca4f404/screenshot - {}
RESULT: {}
COMMAND: POST /session/1820fae8a81a1c34ca12c99f5ca4f404/refresh - {}
RESULT: {}
COMMAND: GET /session/1820fae8a81a1c34ca12c99f5ca4f404/screenshot - {}
RESULT: {}
COMMAND: POST /session/1820fae8a81a1c34ca12c99f5ca4f404/execute/async - {"script":"<script> [189 bytes]","args":[]}
RESULT: {"script":"<script> [189 bytes]","args":[]}
COMMAND: POST /session/1820fae8a81a1c34ca12c99f5ca4f404/execute/async - {"script":"<script> [123 bytes]","args":[]}
RESULT: {"script":"<script> [123 bytes]","args":[]}
COMMAND: POST /session/1820fae8a81a1c34ca12c99f5ca4f404/timeouts - {"script":"<number>"}
RESULT: {"script":"<number>"}
COMMAND: GET /session/1820fae8a81a1c34ca12c99f5ca4f404/timeouts - {}
RESULT: {}
RESULT: undefined
COMMAND: POST /session/1820fae8a81a1c34ca12c99f5ca4f404/execute/async - {"script":"<script> [2676 bytes]","args":[]}
RESULT: {"script":"<script> [2676 bytes]","args":[]}
COMMAND: POST /session/1820fae8a81a1c34ca12c99f5ca4f404/execute/async - {"script":"<script> [2342 bytes]","args":[{"protocol":"http","hostname":"0.0.0.0","path":"/","capabilities":{"browserName":"chrome","goog:chromeOptions":{"binary":"C:\\Program Files\\Google\\Chrome\\Application\\chrome.exe","args":["--start-maximized"]}},"logLevel":"warn","connectionRetryTimeout":120000,"connectionRetryCount":3,"logLevels":{},"enableDirectConnect":true,"strictSSL":true,"_":"65 more keys: [\"cacheDir\",\"port\",\"requestedCapabilities\",\"automationProtocol\",\"baseUrl\",\"waitforInterval\",\"waitforTimeout\",\"onReload\",\"beforeCommand\",\"afterCommand\",\"rootDir\",\"specs\",\"suites\",\"exclude\",\"groupLogsByTestSpec\",\"excludeDriverLogs\",\"bail\",\"framework\",\"reporters\",\"services\",\"maxInstances\",\"maxInstancesPerCapability\",\"injectGlobals\",\"filesToWatch\",\"execArgv\",\"runnerEnv\",\"runner\",\"shard\",\"specFileRetries\",\"specFileRetriesDelay\",\"specFileRetriesDeferred\",\"reporterSyncInterval\",\"reporterSyncTimeout\",\"cucumberFeaturesWithLineNumbers\",\"autoCompileOpts\",\"mochaOpts\",\"jasmineOpts\",\"cucumberOpts\",\"onPrepare\",\"onWorkerStart\",\"onWorkerEnd\",\"before\",\"beforeSession\",\"beforeSuite\",\"beforeHook\",\"beforeTest\",\"afterTest\",\"afterHook\",\"afterSuite\",\"afterSession\",\"after\",\"onComplete\",\"beforeAssertion\",\"afterAssertion\",\"beforeFeature\",\"beforeScenario\",\"beforeStep\",\"afterStep\",\"afterScenario\",\"afterFeature\",\"_\",\"suite\",\"$0\",\"ignoredWorkerServices\",\"wdi5\"]"}]}
RESULT: {"script":"<script> [2342 bytes]","args":[{"protocol":"http","hostname":"0.0.0.0","path":"/","capabilities":{"browserName":"chrome","goog:chromeOptions":{"binary":"C:\\Program Files\\Google\\Chrome\\Application\\chrome.exe","args":["--start-maximized"]}},"logLevel":"warn","connectionRetryTimeout":120000,"connectionRetryCount":3,"logLevels":{},"enableDirectConnect":true,"strictSSL":true,"_":"65 more keys: [\"cacheDir\",\"port\",\"requestedCapabilities\",\"automationProtocol\",\"baseUrl\",\"waitforInterval\",\"waitforTimeout\",\"onReload\",\"beforeCommand\",\"afterCommand\",\"rootDir\",\"specs\",\"suites\",\"exclude\",\"groupLogsByTestSpec\",\"excludeDriverLogs\",\"bail\",\"framework\",\"reporters\",\"services\",\"maxInstances\",\"maxInstancesPerCapability\",\"injectGlobals\",\"filesToWatch\",\"execArgv\",\"runnerEnv\",\"runner\",\"shard\",\"specFileRetries\",\"specFileRetriesDelay\",\"specFileRetriesDeferred\",\"reporterSyncInterval\",\"reporterSyncTimeout\",\"cucumberFeaturesWithLineNumbers\",\"autoCompileOpts\",\"mochaOpts\",\"jasmineOpts\",\"cucumberOpts\",\"onPrepare\",\"onWorkerStart\",\"onWorkerEnd\",\"before\",\"beforeSession\",\"beforeSuite\",\"beforeHook\",\"beforeTest\",\"afterTest\",\"afterHook\",\"afterSuite\",\"afterSession\",\"after\",\"onComplete\",\"beforeAssertion\",\"afterAssertion\",\"beforeFeature\",\"beforeScenario\",\"beforeStep\",\"afterStep\",\"afterScenario\",\"afterFeature\",\"_\",\"suite\",\"$0\",\"ignoredWorkerServices\",\"wdi5\"]"}]}
COMMAND: POST /session/1820fae8a81a1c34ca12c99f5ca4f404/execute/async - {"script":"<script> [21126 bytes]","args":[35000]}
RESULT: {"script":"<script> [21126 bytes]","args":[35000]}
COMMAND: POST /session/1820fae8a81a1c34ca12c99f5ca4f404/execute/async - {"script":"<script> [1562 bytes]","args":[{"selector":{"controlType":"sap.m.GenericTile","properties":{"header":"Manage Partners"}},"wdio_ui5_key":"sapm.GenericTile{\"header\":\"Manage Partners\"}"}]}
RESULT: {"script":"<script> [1562 bytes]","args":[{"selector":{"controlType":"sap.m.GenericTile","properties":{"header":"Manage Partners"}},"wdio_ui5_key":"sapm.GenericTile{\"header\":\"Manage Partners\"}"}]}
RESULT: undefined
COMMAND: POST /session/1820fae8a81a1c34ca12c99f5ca4f404/element - {"using":"xpath","value":"//*[@id=\"__tile38\"]"}
RESULT: {"using":"xpath","value":"//*[@id=\"__tile38\"]"}
COMMAND: POST /session/1820fae8a81a1c34ca12c99f5ca4f404/element/f.043615FDA099A6883ABDD55FCDA43E76.d.3E40A869C12CEE781E01AA5B021A9433.e.1185/click - {}
RESULT: {}
COMMAND: GET /session/1820fae8a81a1c34ca12c99f5ca4f404/screenshot - {}
RESULT: {}
COMMAND: POST /session/1820fae8a81a1c34ca12c99f5ca4f404/elements - {"using":"xpath","value":"//span[text()='Error']"}
RESULT: {"using":"xpath","value":"//span[text()='Error']"}
COMMAND: POST /session/1820fae8a81a1c34ca12c99f5ca4f404/execute/async - {"script":"<script> [1562 bytes]","args":[{"selector":{"controlType":"sap.ui.core.Icon","viewName":"etm.portal.ui.managepartners.view.Master","viewId":"application-managepartners-display-component---masterPtm","properties":{"src":{"regex":{"source":"add"}}}},"wdio_ui5_key":"etmportal.ui.managepartners.view.Mastersap.ui.core.Icon{\"src\":{\"regex\":{\"source\":\"add\"}}}"}]}
RESULT: {"script":"<script> [1562 bytes]","args":[{"selector":{"controlType":"sap.ui.core.Icon","viewName":"etm.portal.ui.managepartners.view.Master","viewId":"application-managepartners-display-component---masterPtm","properties":{"src":{"regex":{"source":"add"}}}},"wdio_ui5_key":"etmportal.ui.managepartners.view.Mastersap.ui.core.Icon{\"src\":{\"regex\":{\"source\":\"add\"}}}"}]}
RESULT: undefined
COMMAND: POST /session/1820fae8a81a1c34ca12c99f5ca4f404/element - {"using":"xpath","value":"//*[@id=\"__button4-img\"]"}
RESULT: {"using":"xpath","value":"//*[@id=\"__button4-img\"]"}
COMMAND: POST /session/1820fae8a81a1c34ca12c99f5ca4f404/element/f.043615FDA099A6883ABDD55FCDA43E76.d.3E40A869C12CEE781E01AA5B021A9433.e.1236/click - {}
RESULT: {}
COMMAND: GET /session/1820fae8a81a1c34ca12c99f5ca4f404/screenshot - {}
RESULT: {}
COMMAND: POST /session/1820fae8a81a1c34ca12c99f5ca4f404/execute/async - {"script":"<script> [1562 bytes]","args":[{"selector":{"id":"application-managepartners-display-component---NewPartner--partnerId","interaction":{"idSuffix":"inner"}},"wdio_ui5_key":"applicationmanagepartners-display-component---NewPartner--partnerId"}]}
RESULT: {"script":"<script> [1562 bytes]","args":[{"selector":{"id":"application-managepartners-display-component---NewPartner--partnerId","interaction":{"idSuffix":"inner"}},"wdio_ui5_key":"applicationmanagepartners-display-component---NewPartner--partnerId"}]}
RESULT: undefined
COMMAND: POST /session/1820fae8a81a1c34ca12c99f5ca4f404/execute/async - {"script":"<script> [1562 bytes]","args":[{"selector":{"id":"application-managepartners-display-component---NewPartner--addressDetailDetailsName1","interaction":{"idSuffix":"inner"}},"wdio_ui5_key":"applicationmanagepartners-display-component---NewPartner--addressDetailDetailsName1"}]}
RESULT: {"script":"<script> [1562 bytes]","args":[{"selector":{"id":"application-managepartners-display-component---NewPartner--addressDetailDetailsName1","interaction":{"idSuffix":"inner"}},"wdio_ui5_key":"applicationmanagepartners-display-component---NewPartner--addressDetailDetailsName1"}]}
RESULT: undefined
COMMAND: POST /session/1820fae8a81a1c34ca12c99f5ca4f404/execute/async - {"script":"<script> [776 bytes]","args":[{"enterText":"WebdriverPartnergfck1g","selector":{"id":"application-managepartners-display-component---NewPartner--addressDetailDetailsName1","interaction":{"idSuffix":"inner"}},"clearTextFirst":true,"interactionType":"ENTER_TEXT"}]}
RESULT: {"script":"<script> [776 bytes]","args":[{"enterText":"WebdriverPartnergfck1g","selector":{"id":"application-managepartners-display-component---NewPartner--addressDetailDetailsName1","interaction":{"idSuffix":"inner"}},"clearTextFirst":true,"interactionType":"ENTER_TEXT"}]}
COMMAND: POST /session/1820fae8a81a1c34ca12c99f5ca4f404/execute/async - {"script":"<script> [1562 bytes]","args":[{"selector":{"id":"application-managepartners-display-component---NewPartner--addressDetailDetailsLanguage","interaction":{"idSuffix":"inner"}},"wdio_ui5_key":"applicationmanagepartners-display-component---NewPartner--addressDetailDetailsLanguage"}]}
RESULT: {"script":"<script> [1562 bytes]","args":[{"selector":{"id":"application-managepartners-display-component---NewPartner--addressDetailDetailsLanguage","interaction":{"idSuffix":"inner"}},"wdio_ui5_key":"applicationmanagepartners-display-component---NewPartner--addressDetailDetailsLanguage"}]}
RESULT: undefined
COMMAND: POST /session/1820fae8a81a1c34ca12c99f5ca4f404/execute/async - {"script":"<script> [776 bytes]","args":[{"enterText":"Romanian","selector":{"id":"application-managepartners-display-component---NewPartner--addressDetailDetailsLanguage","interaction":{"idSuffix":"inner"}},"clearTextFirst":true,"interactionType":"ENTER_TEXT"}]}
RESULT: {"script":"<script> [776 bytes]","args":[{"enterText":"Romanian","selector":{"id":"application-managepartners-display-component---NewPartner--addressDetailDetailsLanguage","interaction":{"idSuffix":"inner"}},"clearTextFirst":true,"interactionType":"ENTER_TEXT"}]}
COMMAND: POST /session/1820fae8a81a1c34ca12c99f5ca4f404/element - {"using":"xpath","value":"//input[contains(@id ,\"application-managepartners-display-component---NewPartner--addressDetailDetailsName1-inner\")]"}
RESULT: {"using":"xpath","value":"//input[contains(@id ,\"application-managepartners-display-component---NewPartner--addressDetailDetailsName1-inner\")]"}
COMMAND: GET /session/1820fae8a81a1c34ca12c99f5ca4f404/element/f.043615FDA099A6883ABDD55FCDA43E76.d.3E40A869C12CEE781E01AA5B021A9433.e.1418/property/value - {}
RESULT: {}
COMMAND: POST /session/1820fae8a81a1c34ca12c99f5ca4f404/execute/async - {"script":"<script> [1562 bytes]","args":[{"selector":{"id":"application-managepartners-display-component---NewPartner--addressDetailDetailsCity1","interaction":{"idSuffix":"inner"}},"wdio_ui5_key":"applicationmanagepartners-display-component---NewPartner--addressDetailDetailsCity1"}]}
COMMAND: GET /session/1820fae8a81a1c34ca12c99f5ca4f404/screenshot - {}
RESULT: {"script":"<script> [1562 bytes]","args":[{"selector":{"id":"application-managepartners-display-component---NewPartner--addressDetailDetailsCity1","interaction":{"idSuffix":"inner"}},"wdio_ui5_key":"applicationmanagepartners-display-component---NewPartner--addressDetailDetailsCity1"}]}
RESULT: undefined
COMMAND: POST /session/1820fae8a81a1c34ca12c99f5ca4f404/execute/async - {"script":"<script> [776 bytes]","args":[{"enterText":"Bucharest","selector":{"id":"application-managepartners-display-component---NewPartner--addressDetailDetailsCity1","interaction":{"idSuffix":"inner"}},"clearTextFirst":true,"interactionType":"ENTER_TEXT"}]}
RESULT: {}
RESULT: {"script":"<script> [776 bytes]","args":[{"enterText":"Bucharest","selector":{"id":"application-managepartners-display-component---NewPartner--addressDetailDetailsCity1","interaction":{"idSuffix":"inner"}},"clearTextFirst":true,"interactionType":"ENTER_TEXT"}]}
COMMAND: POST /session/1820fae8a81a1c34ca12c99f5ca4f404/execute/async - {"script":"<script> [1562 bytes]","args":[{"selector":{"id":"application-managepartners-display-component---NewPartner--addressDetailDetailsCountry","interaction":{"idSuffix":"inner"}},"wdio_ui5_key":"applicationmanagepartners-display-component---NewPartner--addressDetailDetailsCountry"}]}
RESULT: {"script":"<script> [1562 bytes]","args":[{"selector":{"id":"application-managepartners-display-component---NewPartner--addressDetailDetailsCountry","interaction":{"idSuffix":"inner"}},"wdio_ui5_key":"applicationmanagepartners-display-component---NewPartner--addressDetailDetailsCountry"}]}
RESULT: undefined
COMMAND: POST /session/1820fae8a81a1c34ca12c99f5ca4f404/execute/async - {"script":"<script> [6424 bytes]","args":[{"element-6066-11e4-a52e-4f735466cecf":"f.043615FDA099A6883ABDD55FCDA43E76.d.3E40A869C12CEE781E01AA5B021A9433.e.1425"},"setValue",["Romania"]]}
RESULT: {"script":"<script> [6424 bytes]","args":[{"element-6066-11e4-a52e-4f735466cecf":"f.043615FDA099A6883ABDD55FCDA43E76.d.3E40A869C12CEE781E01AA5B021A9433.e.1425"},"setValue",["Romania"]]}
COMMAND: POST /session/1820fae8a81a1c34ca12c99f5ca4f404/execute/async - {"script":"<script> [1562 bytes]","args":[{"selector":{"id":"application-managepartners-display-component---NewPartner--partnerDetailInternal","interaction":{"idSuffix":"inner"}},"wdio_ui5_key":"applicationmanagepartners-display-component---NewPartner--partnerDetailInternal"}]}
RESULT: {"script":"<script> [1562 bytes]","args":[{"selector":{"id":"application-managepartners-display-component---NewPartner--partnerDetailInternal","interaction":{"idSuffix":"inner"}},"wdio_ui5_key":"applicationmanagepartners-display-component---NewPartner--partnerDetailInternal"}]}
RESULT: undefined
COMMAND: POST /session/1820fae8a81a1c34ca12c99f5ca4f404/execute/async - {"script":"<script> [776 bytes]","args":[{"enterText":"External partner","selector":{"id":"application-managepartners-display-component---NewPartner--partnerDetailInternal","interaction":{"idSuffix":"inner"}},"clearTextFirst":true,"interactionType":"ENTER_TEXT"}]}
RESULT: {"script":"<script> [776 bytes]","args":[{"enterText":"External partner","selector":{"id":"application-managepartners-display-component---NewPartner--partnerDetailInternal","interaction":{"idSuffix":"inner"}},"clearTextFirst":true,"interactionType":"ENTER_TEXT"}]}
COMMAND: POST /session/1820fae8a81a1c34ca12c99f5ca4f404/execute/async - {"script":"<script> [1562 bytes]","args":[{"selector":{"id":"application-managepartners-display-component---NewPartner--partnerDetailsCurrency","interaction":{"idSuffix":"inner"}},"wdio_ui5_key":"applicationmanagepartners-display-component---NewPartner--partnerDetailsCurrency"}]}
RESULT: {"script":"<script> [1562 bytes]","args":[{"selector":{"id":"application-managepartners-display-component---NewPartner--partnerDetailsCurrency","interaction":{"idSuffix":"inner"}},"wdio_ui5_key":"applicationmanagepartners-display-component---NewPartner--partnerDetailsCurrency"}]}
RESULT: undefined
COMMAND: POST /session/1820fae8a81a1c34ca12c99f5ca4f404/execute/async - {"script":"<script> [776 bytes]","args":[{"enterText":"Euro","selector":{"id":"application-managepartners-display-component---NewPartner--partnerDetailsCurrency","interaction":{"idSuffix":"inner"}},"clearTextFirst":true,"interactionType":"ENTER_TEXT"}]}
RESULT: {"script":"<script> [776 bytes]","args":[{"enterText":"Euro","selector":{"id":"application-managepartners-display-component---NewPartner--partnerDetailsCurrency","interaction":{"idSuffix":"inner"}},"clearTextFirst":true,"interactionType":"ENTER_TEXT"}]}
COMMAND: POST /session/1820fae8a81a1c34ca12c99f5ca4f404/execute/async - {"script":"<script> [1562 bytes]","args":[{"selector":{"controlType":"sap.m.Button","viewName":"etm.portal.ui.managepartners.view.NewPartner","viewId":"application-managepartners-display-component---NewPartner","properties":{"text":"Commercial"},"interaction":{"idSuffix":"BDI-content"}},"wdio_ui5_key":"etmportal.ui.managepartners.view.NewPartnersap.m.Button{\"text\":\"Commercial\"}"}]}
RESULT: {"script":"<script> [1562 bytes]","args":[{"selector":{"controlType":"sap.m.Button","viewName":"etm.portal.ui.managepartners.view.NewPartner","viewId":"application-managepartners-display-component---NewPartner","properties":{"text":"Commercial"},"interaction":{"idSuffix":"BDI-content"}},"wdio_ui5_key":"etmportal.ui.managepartners.view.NewPartnersap.m.Button{\"text\":\"Commercial\"}"}]}
RESULT: undefined
COMMAND: POST /session/1820fae8a81a1c34ca12c99f5ca4f404/element - {"using":"xpath","value":"//*[@id=\"application-managepartners-display-component---NewPartner--ObjectPageLayout-anchBar-__section5-anchor\"]"}
RESULT: {"using":"xpath","value":"//*[@id=\"application-managepartners-display-component---NewPartner--ObjectPageLayout-anchBar-__section5-anchor\"]"}
COMMAND: POST /session/1820fae8a81a1c34ca12c99f5ca4f404/element/f.043615FDA099A6883ABDD55FCDA43E76.d.3E40A869C12CEE781E01AA5B021A9433.e.1665/click - {}
RESULT: {}
COMMAND: GET /session/1820fae8a81a1c34ca12c99f5ca4f404/screenshot - {}
RESULT: {}
COMMAND: POST /session/1820fae8a81a1c34ca12c99f5ca4f404/execute/async - {"script":"<script> [1562 bytes]","args":[{"selector":{"id":"application-managepartners-display-component---NewPartner--btnAddTableRow-img"},"wdio_ui5_key":"applicationmanagepartners-display-component---NewPartner--btnAddTableRow-img"}]}
RESULT: {"script":"<script> [1562 bytes]","args":[{"selector":{"id":"application-managepartners-display-component---NewPartner--btnAddTableRow-img"},"wdio_ui5_key":"applicationmanagepartners-display-component---NewPartner--btnAddTableRow-img"}]}
RESULT: undefined
COMMAND: POST /session/1820fae8a81a1c34ca12c99f5ca4f404/element - {"using":"xpath","value":"//*[@id=\"application-managepartners-display-component---NewPartner--btnAddTableRow-img\"]"}
RESULT: {"using":"xpath","value":"//*[@id=\"application-managepartners-display-component---NewPartner--btnAddTableRow-img\"]"}
COMMAND: POST /session/1820fae8a81a1c34ca12c99f5ca4f404/element/f.043615FDA099A6883ABDD55FCDA43E76.d.3E40A869C12CEE781E01AA5B021A9433.e.1673/click - {}
RESULT: {}
COMMAND: POST /session/1820fae8a81a1c34ca12c99f5ca4f404/element - {"using":"xpath","value":"//input[contains(@id ,\"application-managepartners-display-component---NewPartner--assignmentYard-application-managepartners-display-component---NewPartner\")]"}
COMMAND: GET /session/1820fae8a81a1c34ca12c99f5ca4f404/screenshot - {}
RESULT: {"using":"xpath","value":"//input[contains(@id ,\"application-managepartners-display-component---NewPartner--assignmentYard-application-managepartners-display-component---NewPartner\")]"}
COMMAND: POST /session/1820fae8a81a1c34ca12c99f5ca4f404/element/f.043615FDA099A6883ABDD55FCDA43E76.d.3E40A869C12CEE781E01AA5B021A9433.e.1676/clear - {}
RESULT: {}
RESULT: {}
COMMAND: POST /session/1820fae8a81a1c34ca12c99f5ca4f404/element/f.043615FDA099A6883ABDD55FCDA43E76.d.3E40A869C12CEE781E01AA5B021A9433.e.1676/value - {"text":"WebdriverYardpv7ub"}
COMMAND: GET /session/1820fae8a81a1c34ca12c99f5ca4f404/screenshot - {}
RESULT: {"text":"WebdriverYardpv7ub"}
COMMAND: GET /session/1820fae8a81a1c34ca12c99f5ca4f404/screenshot - {}
RESULT: {}
RESULT: {}
COMMAND: POST /session/1820fae8a81a1c34ca12c99f5ca4f404/execute/async - {"script":"<script> [1562 bytes]","args":[{"selector":{"controlType":"sap.m.Button","viewName":"etm.portal.ui.managepartners.view.NewPartner","viewId":"application-managepartners-display-component---NewPartner","i18NText":{"propertyName":"text","key":"save"},"interaction":{"idSuffix":"BDI-content"}},"wdio_ui5_key":"etmportal.ui.managepartners.view.NewPartnersap.m.Button{\"propertyName\":\"text\",\"key\":\"save\"}"}]}
RESULT: {"script":"<script> [1562 bytes]","args":[{"selector":{"controlType":"sap.m.Button","viewName":"etm.portal.ui.managepartners.view.NewPartner","viewId":"application-managepartners-display-component---NewPartner","i18NText":{"propertyName":"text","key":"save"},"interaction":{"idSuffix":"BDI-content"}},"wdio_ui5_key":"etmportal.ui.managepartners.view.NewPartnersap.m.Button{\"propertyName\":\"text\",\"key\":\"save\"}"}]}
RESULT: undefined
COMMAND: POST /session/1820fae8a81a1c34ca12c99f5ca4f404/element - {"using":"xpath","value":"//*[@id=\"__button12\"]"}
RESULT: {"using":"xpath","value":"//*[@id=\"__button12\"]"}
COMMAND: POST /session/1820fae8a81a1c34ca12c99f5ca4f404/element/f.043615FDA099A6883ABDD55FCDA43E76.d.3E40A869C12CEE781E01AA5B021A9433.e.1577/click - {}
RESULT: {}
COMMAND: GET /session/1820fae8a81a1c34ca12c99f5ca4f404/screenshot - {}
RESULT: {}
COMMAND: POST /session/1820fae8a81a1c34ca12c99f5ca4f404/element - {"using":"xpath","value":"//header/div/div[2]/div[2]/span"}
RESULT: {"using":"xpath","value":"//header/div/div[2]/div[2]/span"}
COMMAND: GET /session/1820fae8a81a1c34ca12c99f5ca4f404/element/f.043615FDA099A6883ABDD55FCDA43E76.d.3E40A869C12CEE781E01AA5B021A9433.e.1850/text - {}
RESULT: {}
COMMAND: POST /session/1820fae8a81a1c34ca12c99f5ca4f404/element - {"using":"xpath","value":"//header/div/div/div/div/div/div[2]/div/span"}
RESULT: {"using":"xpath","value":"//header/div/div/div/div/div/div[2]/div/span"}
COMMAND: GET /session/1820fae8a81a1c34ca12c99f5ca4f404/element/f.043615FDA099A6883ABDD55FCDA43E76.d.3E40A869C12CEE781E01AA5B021A9433.e.1851/text - {}
RESULT: {}
COMMAND: POST /session/1820fae8a81a1c34ca12c99f5ca4f404/execute/async - {"script":"<script> [1562 bytes]","args":[{"selector":{"id":"application-managepartners-display-component---detailPtm--partnerType"},"wdio_ui5_key":"applicationmanagepartners-display-component---detailPtm--partnerType"}]}
RESULT: {"script":"<script> [1562 bytes]","args":[{"selector":{"id":"application-managepartners-display-component---detailPtm--partnerType"},"wdio_ui5_key":"applicationmanagepartners-display-component---detailPtm--partnerType"}]}
RESULT: undefined
COMMAND: POST /session/1820fae8a81a1c34ca12c99f5ca4f404/execute/async - {"script":"<script> [6424 bytes]","args":[{"element-6066-11e4-a52e-4f735466cecf":"f.043615FDA099A6883ABDD55FCDA43E76.d.3E40A869C12CEE781E01AA5B021A9433.e.1852"},"getText",[]]}
RESULT: {"script":"<script> [6424 bytes]","args":[{"element-6066-11e4-a52e-4f735466cecf":"f.043615FDA099A6883ABDD55FCDA43E76.d.3E40A869C12CEE781E01AA5B021A9433.e.1852"},"getText",[]]}
COMMAND: POST /session/1820fae8a81a1c34ca12c99f5ca4f404/element - {"using":"css selector","value":"#shell-header-logo"}
RESULT: {"using":"css selector","value":"#shell-header-logo"}
COMMAND: POST /session/1820fae8a81a1c34ca12c99f5ca4f404/element/f.043615FDA099A6883ABDD55FCDA43E76.d.3E40A869C12CEE781E01AA5B021A9433.e.1187/click - {}
RESULT: {}
COMMAND: GET /session/1820fae8a81a1c34ca12c99f5ca4f404/screenshot - {}
RESULT: {}
COMMAND: POST /session/1820fae8a81a1c34ca12c99f5ca4f404/execute/async - {"script":"<script> [1562 bytes]","args":[{"selector":{"controlType":"sap.m.GenericTile","properties":{"header":"Manage Sites"}},"wdio_ui5_key":"sapm.GenericTile{\"header\":\"Manage Sites\"}"}]}
RESULT: {"script":"<script> [1562 bytes]","args":[{"selector":{"controlType":"sap.m.GenericTile","properties":{"header":"Manage Sites"}},"wdio_ui5_key":"sapm.GenericTile{\"header\":\"Manage Sites\"}"}]}
RESULT: undefined
COMMAND: POST /session/1820fae8a81a1c34ca12c99f5ca4f404/element - {"using":"xpath","value":"//*[@id=\"__tile40\"]"}
RESULT: {"using":"xpath","value":"//*[@id=\"__tile40\"]"}
COMMAND: POST /session/1820fae8a81a1c34ca12c99f5ca4f404/element/f.043615FDA099A6883ABDD55FCDA43E76.d.3E40A869C12CEE781E01AA5B021A9433.e.1854/click - {}
RESULT: {}
COMMAND: GET /session/1820fae8a81a1c34ca12c99f5ca4f404/screenshot - {}
RESULT: {}
COMMAND: POST /session/1820fae8a81a1c34ca12c99f5ca4f404/elements - {"using":"xpath","value":"//span[text()='Error']"}
RESULT: {"using":"xpath","value":"//span[text()='Error']"}
COMMAND: POST /session/1820fae8a81a1c34ca12c99f5ca4f404/execute/async - {"script":"<script> [1562 bytes]","args":[{"selector":{"controlType":"sap.ui.core.Icon","viewName":"etm.portal.ui.managesites.view.Master","viewId":"application-managesites-display-component---masterSite","properties":{"src":{"regex":{"source":"add"}}}},"wdio_ui5_key":"etmportal.ui.managesites.view.Mastersap.ui.core.Icon{\"src\":{\"regex\":{\"source\":\"add\"}}}"}]}
RESULT: {"script":"<script> [1562 bytes]","args":[{"selector":{"controlType":"sap.ui.core.Icon","viewName":"etm.portal.ui.managesites.view.Master","viewId":"application-managesites-display-component---masterSite","properties":{"src":{"regex":{"source":"add"}}}},"wdio_ui5_key":"etmportal.ui.managesites.view.Mastersap.ui.core.Icon{\"src\":{\"regex\":{\"source\":\"add\"}}}"}]}
RESULT: undefined
COMMAND: POST /session/1820fae8a81a1c34ca12c99f5ca4f404/element - {"using":"xpath","value":"//*[@id=\"__button48-img\"]"}
RESULT: {"using":"xpath","value":"//*[@id=\"__button48-img\"]"}
COMMAND: POST /session/1820fae8a81a1c34ca12c99f5ca4f404/element/f.043615FDA099A6883ABDD55FCDA43E76.d.3E40A869C12CEE781E01AA5B021A9433.e.1903/click - {}
RESULT: {}
COMMAND: POST /session/1820fae8a81a1c34ca12c99f5ca4f404/execute/async - {"script":"<script> [1562 bytes]","args":[{"selector":{"id":"application-managesites-display-component---NewSite--siteId","interaction":{"idSuffix":"inner"}},"wdio_ui5_key":"applicationmanagesites-display-component---NewSite--siteId"}]}
COMMAND: GET /session/1820fae8a81a1c34ca12c99f5ca4f404/screenshot - {}
RESULT: {"script":"<script> [1562 bytes]","args":[{"selector":{"id":"application-managesites-display-component---NewSite--siteId","interaction":{"idSuffix":"inner"}},"wdio_ui5_key":"applicationmanagesites-display-component---NewSite--siteId"}]}
RESULT: undefined
COMMAND: POST /session/1820fae8a81a1c34ca12c99f5ca4f404/execute/async - {"script":"<script> [1562 bytes]","args":[{"selector":{"id":"application-managesites-display-component---NewSite--addressDetailDetailsName1","interaction":{"idSuffix":"inner"}},"wdio_ui5_key":"applicationmanagesites-display-component---NewSite--addressDetailDetailsName1"}]}
RESULT: {}
RESULT: {"script":"<script> [1562 bytes]","args":[{"selector":{"id":"application-managesites-display-component---NewSite--addressDetailDetailsName1","interaction":{"idSuffix":"inner"}},"wdio_ui5_key":"applicationmanagesites-display-component---NewSite--addressDetailDetailsName1"}]}
RESULT: undefined
COMMAND: POST /session/1820fae8a81a1c34ca12c99f5ca4f404/execute/async - {"script":"<script> [776 bytes]","args":[{"enterText":"WebdriverSite28sck","selector":{"id":"application-managesites-display-component---NewSite--addressDetailDetailsName1","interaction":{"idSuffix":"inner"}},"clearTextFirst":true,"interactionType":"ENTER_TEXT"}]}
RESULT: {"script":"<script> [776 bytes]","args":[{"enterText":"WebdriverSite28sck","selector":{"id":"application-managesites-display-component---NewSite--addressDetailDetailsName1","interaction":{"idSuffix":"inner"}},"clearTextFirst":true,"interactionType":"ENTER_TEXT"}]}
COMMAND: POST /session/1820fae8a81a1c34ca12c99f5ca4f404/execute/async - {"script":"<script> [1562 bytes]","args":[{"selector":{"id":"application-managesites-display-component---NewSite--addressDetailDetailsLanguage","interaction":{"idSuffix":"inner"}},"wdio_ui5_key":"applicationmanagesites-display-component---NewSite--addressDetailDetailsLanguage"}]}
RESULT: {"script":"<script> [1562 bytes]","args":[{"selector":{"id":"application-managesites-display-component---NewSite--addressDetailDetailsLanguage","interaction":{"idSuffix":"inner"}},"wdio_ui5_key":"applicationmanagesites-display-component---NewSite--addressDetailDetailsLanguage"}]}
RESULT: undefined
COMMAND: POST /session/1820fae8a81a1c34ca12c99f5ca4f404/execute/async - {"script":"<script> [776 bytes]","args":[{"enterText":"Romanian","selector":{"id":"application-managesites-display-component---NewSite--addressDetailDetailsLanguage","interaction":{"idSuffix":"inner"}},"clearTextFirst":true,"interactionType":"ENTER_TEXT"}]}
RESULT: {"script":"<script> [776 bytes]","args":[{"enterText":"Romanian","selector":{"id":"application-managesites-display-component---NewSite--addressDetailDetailsLanguage","interaction":{"idSuffix":"inner"}},"clearTextFirst":true,"interactionType":"ENTER_TEXT"}]}
COMMAND: POST /session/1820fae8a81a1c34ca12c99f5ca4f404/execute/async - {"script":"<script> [1562 bytes]","args":[{"selector":{"id":"application-managesites-display-component---NewSite--addressDetailDetailsCity1","interaction":{"idSuffix":"inner"}},"wdio_ui5_key":"applicationmanagesites-display-component---NewSite--addressDetailDetailsCity1"}]}
RESULT: {"script":"<script> [1562 bytes]","args":[{"selector":{"id":"application-managesites-display-component---NewSite--addressDetailDetailsCity1","interaction":{"idSuffix":"inner"}},"wdio_ui5_key":"applicationmanagesites-display-component---NewSite--addressDetailDetailsCity1"}]}
RESULT: undefined
COMMAND: POST /session/1820fae8a81a1c34ca12c99f5ca4f404/execute/async - {"script":"<script> [776 bytes]","args":[{"enterText":"Bucharest","selector":{"id":"application-managesites-display-component---NewSite--addressDetailDetailsCity1","interaction":{"idSuffix":"inner"}},"clearTextFirst":true,"interactionType":"ENTER_TEXT"}]}
RESULT: {"script":"<script> [776 bytes]","args":[{"enterText":"Bucharest","selector":{"id":"application-managesites-display-component---NewSite--addressDetailDetailsCity1","interaction":{"idSuffix":"inner"}},"clearTextFirst":true,"interactionType":"ENTER_TEXT"}]}
COMMAND: POST /session/1820fae8a81a1c34ca12c99f5ca4f404/execute/async - {"script":"<script> [1562 bytes]","args":[{"selector":{"id":"application-managesites-display-component---NewSite--addressDetailDetailsCountry","interaction":{"idSuffix":"inner"}},"wdio_ui5_key":"applicationmanagesites-display-component---NewSite--addressDetailDetailsCountry"}]}
RESULT: {"script":"<script> [1562 bytes]","args":[{"selector":{"id":"application-managesites-display-component---NewSite--addressDetailDetailsCountry","interaction":{"idSuffix":"inner"}},"wdio_ui5_key":"applicationmanagesites-display-component---NewSite--addressDetailDetailsCountry"}]}
RESULT: undefined
COMMAND: POST /session/1820fae8a81a1c34ca12c99f5ca4f404/execute/async - {"script":"<script> [776 bytes]","args":[{"enterText":"Romania","selector":{"id":"application-managesites-display-component---NewSite--addressDetailDetailsCountry","interaction":{"idSuffix":"inner"}},"clearTextFirst":true,"interactionType":"ENTER_TEXT"}]}
RESULT: {"script":"<script> [776 bytes]","args":[{"enterText":"Romania","selector":{"id":"application-managesites-display-component---NewSite--addressDetailDetailsCountry","interaction":{"idSuffix":"inner"}},"clearTextFirst":true,"interactionType":"ENTER_TEXT"}]}
COMMAND: POST /session/1820fae8a81a1c34ca12c99f5ca4f404/element - {"using":"css selector","value":"#application-managesites-display-component---NewSite--addressDetailDetailsCalendar-inner"}
RESULT: {"using":"css selector","value":"#application-managesites-display-component---NewSite--addressDetailDetailsCalendar-inner"}
COMMAND: POST /session/1820fae8a81a1c34ca12c99f5ca4f404/element/f.043615FDA099A6883ABDD55FCDA43E76.d.3E40A869C12CEE781E01AA5B021A9433.e.2295/clear - {}
RESULT: {}
COMMAND: POST /session/1820fae8a81a1c34ca12c99f5ca4f404/element/f.043615FDA099A6883ABDD55FCDA43E76.d.3E40A869C12CEE781E01AA5B021A9433.e.2295/value - {"text":"Germany"}
COMMAND: GET /session/1820fae8a81a1c34ca12c99f5ca4f404/screenshot - {}
RESULT: {"text":"Germany"}
COMMAND: POST /session/1820fae8a81a1c34ca12c99f5ca4f404/execute/async - {"script":"<script> [1562 bytes]","args":[{"selector":{"id":"application-managesites-display-component---NewSite--addressEditDetailsCostObjectCstType-arrow"},"wdio_ui5_key":"applicationmanagesites-display-component---NewSite--addressEditDetailsCostObjectCstType-arrow"}]}
COMMAND: GET /session/1820fae8a81a1c34ca12c99f5ca4f404/screenshot - {}
RESULT: {}
RESULT: {"script":"<script> [1562 bytes]","args":[{"selector":{"id":"application-managesites-display-component---NewSite--addressEditDetailsCostObjectCstType-arrow"},"wdio_ui5_key":"applicationmanagesites-display-component---NewSite--addressEditDetailsCostObjectCstType-arrow"}]}
RESULT: undefined
COMMAND: POST /session/1820fae8a81a1c34ca12c99f5ca4f404/element - {"using":"xpath","value":"//*[@id=\"application-managesites-display-component---NewSite--addressEditDetailsCostObjectCstType-arrow\"]"}
RESULT: {}
RESULT: {"using":"xpath","value":"//*[@id=\"application-managesites-display-component---NewSite--addressEditDetailsCostObjectCstType-arrow\"]"}
COMMAND: POST /session/1820fae8a81a1c34ca12c99f5ca4f404/element/f.043615FDA099A6883ABDD55FCDA43E76.d.3E40A869C12CEE781E01AA5B021A9433.e.2489/click - {}
RESULT: {}
COMMAND: POST /session/1820fae8a81a1c34ca12c99f5ca4f404/element - {"using":"xpath","value":"//span[contains(text(), \"Work Breakdown Structure\")]"}
COMMAND: GET /session/1820fae8a81a1c34ca12c99f5ca4f404/screenshot - {}
RESULT: {"using":"xpath","value":"//span[contains(text(), \"Work Breakdown Structure\")]"}
COMMAND: POST /session/1820fae8a81a1c34ca12c99f5ca4f404/element/f.043615FDA099A6883ABDD55FCDA43E76.d.3E40A869C12CEE781E01AA5B021A9433.e.2490/click - {}
RESULT: {}
RESULT: {}
COMMAND: GET /session/1820fae8a81a1c34ca12c99f5ca4f404/screenshot - {}
RESULT: {}
COMMAND: POST /session/1820fae8a81a1c34ca12c99f5ca4f404/execute/async - {"script":"<script> [1562 bytes]","args":[{"selector":{"id":"application-managesites-display-component---NewSite--addressNewCostObjectCstID-vhi"},"wdio_ui5_key":"applicationmanagesites-display-component---NewSite--addressNewCostObjectCstID-vhi"}]}
RESULT: {"script":"<script> [1562 bytes]","args":[{"selector":{"id":"application-managesites-display-component---NewSite--addressNewCostObjectCstID-vhi"},"wdio_ui5_key":"applicationmanagesites-display-component---NewSite--addressNewCostObjectCstID-vhi"}]}
RESULT: undefined
COMMAND: POST /session/1820fae8a81a1c34ca12c99f5ca4f404/element - {"using":"xpath","value":"//*[@id=\"application-managesites-display-component---NewSite--addressNewCostObjectCstID-vhi\"]"}
RESULT: {"using":"xpath","value":"//*[@id=\"application-managesites-display-component---NewSite--addressNewCostObjectCstID-vhi\"]"}
COMMAND: POST /session/1820fae8a81a1c34ca12c99f5ca4f404/element/f.043615FDA099A6883ABDD55FCDA43E76.d.3E40A869C12CEE781E01AA5B021A9433.e.2495/click - {}
RESULT: {}
COMMAND: GET /session/1820fae8a81a1c34ca12c99f5ca4f404/screenshot - {}
RESULT: {}
COMMAND: POST /session/1820fae8a81a1c34ca12c99f5ca4f404/execute/async - {"script":"<script> [1562 bytes]","args":[{"selector":{"controlType":"sap.m.SearchField","properties":{"placeholder":"Search"},"searchOpenDialogs":true,"interaction":{"idSuffix":"I"}},"wdio_ui5_key":"sapm.SearchField{\"placeholder\":\"Search\"}"}]}
RESULT: {"script":"<script> [1562 bytes]","args":[{"selector":{"controlType":"sap.m.SearchField","properties":{"placeholder":"Search"},"searchOpenDialogs":true,"interaction":{"idSuffix":"I"}},"wdio_ui5_key":"sapm.SearchField{\"placeholder\":\"Search\"}"}]}
RESULT: undefined
COMMAND: POST /session/1820fae8a81a1c34ca12c99f5ca4f404/execute/async - {"script":"<script> [776 bytes]","args":[{"enterText":"A1-000100-01","selector":{"controlType":"sap.m.SearchField","properties":{"placeholder":"Search"},"searchOpenDialogs":true,"interaction":{"idSuffix":"I"}},"clearTextFirst":true,"interactionType":"ENTER_TEXT"}]}
RESULT: {"script":"<script> [776 bytes]","args":[{"enterText":"A1-000100-01","selector":{"controlType":"sap.m.SearchField","properties":{"placeholder":"Search"},"searchOpenDialogs":true,"interaction":{"idSuffix":"I"}},"clearTextFirst":true,"interactionType":"ENTER_TEXT"}]}
COMMAND: POST /session/1820fae8a81a1c34ca12c99f5ca4f404/actions - {"actions":[{"id":"action3","type":"key","parameters":{},"actions":[{"type":"keyDown","value":""},{"type":"pause","duration":10},{"type":"keyUp","value":""}]}]}
RESULT: {"actions":[{"id":"action3","type":"key","parameters":{},"actions":[{"type":"keyDown","value":""},{"type":"pause","duration":10},{"type":"keyUp","value":""}]}]}
COMMAND: GET /session/1820fae8a81a1c34ca12c99f5ca4f404/screenshot - {}
RESULT: {}
COMMAND: POST /session/1820fae8a81a1c34ca12c99f5ca4f404/element - {"using":"xpath","value":"//span[contains(text(), \"Template for ETO-Process\")]"}
RESULT: {"using":"xpath","value":"//span[contains(text(), \"Template for ETO-Process\")]"}
COMMAND: POST /session/1820fae8a81a1c34ca12c99f5ca4f404/element/f.043615FDA099A6883ABDD55FCDA43E76.d.3E40A869C12CEE781E01AA5B021A9433.e.2515/click - {}
RESULT: {}
COMMAND: GET /session/1820fae8a81a1c34ca12c99f5ca4f404/screenshot - {}
RESULT: {}
COMMAND: POST /session/1820fae8a81a1c34ca12c99f5ca4f404/element - {"using":"xpath","value":"//bdi[contains(text(), \"OK\")]"}
RESULT: {"using":"xpath","value":"//bdi[contains(text(), \"OK\")]"}
COMMAND: POST /session/1820fae8a81a1c34ca12c99f5ca4f404/element/f.043615FDA099A6883ABDD55FCDA43E76.d.3E40A869C12CEE781E01AA5B021A9433.e.2516/click - {}
RESULT: {}
COMMAND: GET /session/1820fae8a81a1c34ca12c99f5ca4f404/screenshot - {}
RESULT: {}
COMMAND: POST /session/1820fae8a81a1c34ca12c99f5ca4f404/element - {"using":"xpath","value":"//input[@id=\"application-managesites-display-component---NewSite--addressDetailDetailsYard-inner\"]"}
RESULT: {"using":"xpath","value":"//input[@id=\"application-managesites-display-component---NewSite--addressDetailDetailsYard-inner\"]"}
COMMAND: POST /session/1820fae8a81a1c34ca12c99f5ca4f404/element/f.043615FDA099A6883ABDD55FCDA43E76.d.3E40A869C12CEE781E01AA5B021A9433.e.2296/value - {"text":"WebdriverYardpv7ub"}
RESULT: {"text":"WebdriverYardpv7ub"}
COMMAND: GET /session/1820fae8a81a1c34ca12c99f5ca4f404/screenshot - {}
RESULT: {}
COMMAND: POST /session/1820fae8a81a1c34ca12c99f5ca4f404/actions - {"actions":[{"id":"action4","type":"key","parameters":{},"actions":[{"type":"keyDown","value":""},{"type":"pause","duration":10},{"type":"keyUp","value":""}]}]}
RESULT: {"actions":[{"id":"action4","type":"key","parameters":{},"actions":[{"type":"keyDown","value":""},{"type":"pause","duration":10},{"type":"keyUp","value":""}]}]}
COMMAND: GET /session/1820fae8a81a1c34ca12c99f5ca4f404/screenshot - {}
RESULT: {}
COMMAND: POST /session/1820fae8a81a1c34ca12c99f5ca4f404/element - {"using":"xpath","value":"//input[@id=\"application-managesites-display-component---NewSite--addressDetailDetailsPartner-inner\"]"}
RESULT: {"using":"xpath","value":"//input[@id=\"application-managesites-display-component---NewSite--addressDetailDetailsPartner-inner\"]"}
COMMAND: POST /session/1820fae8a81a1c34ca12c99f5ca4f404/elements - {"using":"xpath","value":"//input[@id=\"application-managesites-display-component---NewSite--addressDetailDetailsPartner-inner\"]"}
RESULT: {"using":"xpath","value":"//input[@id=\"application-managesites-display-component---NewSite--addressDetailDetailsPartner-inner\"]"}
COMMAND: POST /session/1820fae8a81a1c34ca12c99f5ca4f404/execute/async - {"script":"<script> [1562 bytes]","args":[{"selector":{"controlType":"sap.m.Button","viewName":"etm.portal.ui.managesites.view.NewSmartSite","viewId":"application-managesites-display-component---NewSite","properties":{"text":"Commercial"},"interaction":{"idSuffix":"BDI-content"}},"wdio_ui5_key":"etmportal.ui.managesites.view.NewSmartSitesap.m.Button{\"text\":\"Commercial\"}"}]}
RESULT: {"script":"<script> [1562 bytes]","args":[{"selector":{"controlType":"sap.m.Button","viewName":"etm.portal.ui.managesites.view.NewSmartSite","viewId":"application-managesites-display-component---NewSite","properties":{"text":"Commercial"},"interaction":{"idSuffix":"BDI-content"}},"wdio_ui5_key":"etmportal.ui.managesites.view.NewSmartSitesap.m.Button{\"text\":\"Commercial\"}"}]}
RESULT: undefined
COMMAND: POST /session/1820fae8a81a1c34ca12c99f5ca4f404/element - {"using":"xpath","value":"//*[@id=\"application-managesites-display-component---NewSite--ObjectPageLayout-anchBar-__section29-anchor\"]"}
RESULT: {"using":"xpath","value":"//*[@id=\"application-managesites-display-component---NewSite--ObjectPageLayout-anchBar-__section29-anchor\"]"}
COMMAND: POST /session/1820fae8a81a1c34ca12c99f5ca4f404/element/f.043615FDA099A6883ABDD55FCDA43E76.d.3E40A869C12CEE781E01AA5B021A9433.e.2545/click - {}
RESULT: {}
COMMAND: POST /session/1820fae8a81a1c34ca12c99f5ca4f404/execute/async - {"script":"<script> [1562 bytes]","args":[{"selector":{"controlType":"sap.m.Button","viewName":"etm.portal.ui.managesites.view.NewSmartSite","viewId":"application-managesites-display-component---NewSite","i18NText":{"propertyName":"text","key":"save"},"interaction":{"idSuffix":"BDI-content"}},"wdio_ui5_key":"etmportal.ui.managesites.view.NewSmartSitesap.m.Button{\"propertyName\":\"text\",\"key\":\"save\"}"}]}
COMMAND: GET /session/1820fae8a81a1c34ca12c99f5ca4f404/screenshot - {}
RESULT: {"script":"<script> [1562 bytes]","args":[{"selector":{"controlType":"sap.m.Button","viewName":"etm.portal.ui.managesites.view.NewSmartSite","viewId":"application-managesites-display-component---NewSite","i18NText":{"propertyName":"text","key":"save"},"interaction":{"idSuffix":"BDI-content"}},"wdio_ui5_key":"etmportal.ui.managesites.view.NewSmartSitesap.m.Button{\"propertyName\":\"text\",\"key\":\"save\"}"}]}
RESULT: undefined
COMMAND: POST /session/1820fae8a81a1c34ca12c99f5ca4f404/element - {"using":"xpath","value":"//*[@id=\"__button60\"]"}
RESULT: {}
RESULT: {"using":"xpath","value":"//*[@id=\"__button60\"]"}
COMMAND: POST /session/1820fae8a81a1c34ca12c99f5ca4f404/element/f.043615FDA099A6883ABDD55FCDA43E76.d.3E40A869C12CEE781E01AA5B021A9433.e.2424/click - {}
RESULT: {}
COMMAND: GET /session/1820fae8a81a1c34ca12c99f5ca4f404/screenshot - {}
RESULT: {}
COMMAND: POST /session/1820fae8a81a1c34ca12c99f5ca4f404/execute/async - {"script":"<script> [1562 bytes]","args":[{"selector":{"id":"application-managesites-display-component---detailSite--addressDetailDetailsYardText"},"wdio_ui5_key":"applicationmanagesites-display-component---detailSite--addressDetailDetailsYardText"}]}
RESULT: {"script":"<script> [1562 bytes]","args":[{"selector":{"id":"application-managesites-display-component---detailSite--addressDetailDetailsYardText"},"wdio_ui5_key":"applicationmanagesites-display-component---detailSite--addressDetailDetailsYardText"}]}
RESULT: undefined
COMMAND: POST /session/1820fae8a81a1c34ca12c99f5ca4f404/element - {"using":"xpath","value":"//header/div/div[2]/div[2]/span"}
RESULT: {"using":"xpath","value":"//header/div/div[2]/div[2]/span"}
COMMAND: GET /session/1820fae8a81a1c34ca12c99f5ca4f404/element/f.043615FDA099A6883ABDD55FCDA43E76.d.3E40A869C12CEE781E01AA5B021A9433.e.2755/text - {}
RESULT: {}
COMMAND: POST /session/1820fae8a81a1c34ca12c99f5ca4f404/element - {"using":"xpath","value":"//header/div/div/div/div/div/div[2]/div/span"}
RESULT: {"using":"xpath","value":"//header/div/div/div/div/div/div[2]/div/span"}
COMMAND: GET /session/1820fae8a81a1c34ca12c99f5ca4f404/element/f.043615FDA099A6883ABDD55FCDA43E76.d.3E40A869C12CEE781E01AA5B021A9433.e.2756/text - {}
RESULT: {}
COMMAND: POST /session/1820fae8a81a1c34ca12c99f5ca4f404/element - {"using":"css selector","value":"#shell-header-logo"}
RESULT: {"using":"css selector","value":"#shell-header-logo"}
COMMAND: POST /session/1820fae8a81a1c34ca12c99f5ca4f404/element/f.043615FDA099A6883ABDD55FCDA43E76.d.3E40A869C12CEE781E01AA5B021A9433.e.1859/click - {}
RESULT: {}
COMMAND: GET /session/1820fae8a81a1c34ca12c99f5ca4f404/screenshot - {}
RESULT: {}
]]></system-out>
    </testcase>
    <testcase classname="chrome.136_0_7103_93.windows.Standard_contract_-_add_contract_items_by_Insert_Request_US118222" name="Should create 2 new resources and a catalog item" time="400.942">
      <system-out><![CDATA[
COMMAND: POST /session/1820fae8a81a1c34ca12c99f5ca4f404/execute/async - {"script":"<script> [1562 bytes]","args":[{"selector":{"controlType":"sap.m.GenericTile","properties":{"header":"Manage Resources"}},"wdio_ui5_key":"sapm.GenericTile{\"header\":\"Manage Resources\"}"}]}
RESULT: {"script":"<script> [1562 bytes]","args":[{"selector":{"controlType":"sap.m.GenericTile","properties":{"header":"Manage Resources"}},"wdio_ui5_key":"sapm.GenericTile{\"header\":\"Manage Resources\"}"}]}
RESULT: undefined
COMMAND: POST /session/1820fae8a81a1c34ca12c99f5ca4f404/element - {"using":"xpath","value":"//*[@id=\"__tile39\"]"}
RESULT: {"using":"xpath","value":"//*[@id=\"__tile39\"]"}
COMMAND: POST /session/1820fae8a81a1c34ca12c99f5ca4f404/element/f.043615FDA099A6883ABDD55FCDA43E76.d.3E40A869C12CEE781E01AA5B021A9433.e.2758/click - {}
RESULT: {}
COMMAND: GET /session/1820fae8a81a1c34ca12c99f5ca4f404/screenshot - {}
RESULT: {}
COMMAND: POST /session/1820fae8a81a1c34ca12c99f5ca4f404/elements - {"using":"xpath","value":"//span[text()='Error']"}
RESULT: {"using":"xpath","value":"//span[text()='Error']"}
COMMAND: POST /session/1820fae8a81a1c34ca12c99f5ca4f404/element - {"using":"xpath","value":"//button[@data-kt=\"addNewRUOverflowToolbarButton\"]"}
RESULT: {"using":"xpath","value":"//button[@data-kt=\"addNewRUOverflowToolbarButton\"]"}
COMMAND: POST /session/1820fae8a81a1c34ca12c99f5ca4f404/execute/sync - {"script":"<script> [8489 bytes]","args":[{"element-6066-11e4-a52e-4f735466cecf":"f.043615FDA099A6883ABDD55FCDA43E76.d.3E40A869C12CEE781E01AA5B021A9433.e.2801","ELEMENT":"f.043615FDA099A6883ABDD55FCDA43E76.d.3E40A869C12CEE781E01AA5B021A9433.e.2801"}]}
RESULT: {"script":"<script> [8489 bytes]","args":[{"element-6066-11e4-a52e-4f735466cecf":"f.043615FDA099A6883ABDD55FCDA43E76.d.3E40A869C12CEE781E01AA5B021A9433.e.2801","ELEMENT":"f.043615FDA099A6883ABDD55FCDA43E76.d.3E40A869C12CEE781E01AA5B021A9433.e.2801"}]}
COMMAND: POST /session/1820fae8a81a1c34ca12c99f5ca4f404/element/f.043615FDA099A6883ABDD55FCDA43E76.d.3E40A869C12CEE781E01AA5B021A9433.e.2801/click - {}
COMMAND: GET /session/1820fae8a81a1c34ca12c99f5ca4f404/screenshot - {}
RESULT: {}
COMMAND: POST /session/1820fae8a81a1c34ca12c99f5ca4f404/execute/async - {"script":"<script> [1562 bytes]","args":[{"selector":{"id":"application-manageresources-display-component---newResourceUnit--TYPE-arrow"},"wdio_ui5_key":"applicationmanageresources-display-component---newResourceUnit--TYPE-arrow"}]}
COMMAND: GET /session/1820fae8a81a1c34ca12c99f5ca4f404/screenshot - {}
RESULT: {}
RESULT: {"script":"<script> [1562 bytes]","args":[{"selector":{"id":"application-manageresources-display-component---newResourceUnit--TYPE-arrow"},"wdio_ui5_key":"applicationmanageresources-display-component---newResourceUnit--TYPE-arrow"}]}
RESULT: undefined
COMMAND: POST /session/1820fae8a81a1c34ca12c99f5ca4f404/element - {"using":"xpath","value":"//*[@id=\"application-manageresources-display-component---newResourceUnit--TYPE-arrow\"]"}
RESULT: {}
RESULT: {"using":"xpath","value":"//*[@id=\"application-manageresources-display-component---newResourceUnit--TYPE-arrow\"]"}
COMMAND: POST /session/1820fae8a81a1c34ca12c99f5ca4f404/element/f.043615FDA099A6883ABDD55FCDA43E76.d.3E40A869C12CEE781E01AA5B021A9433.e.3123/click - {}
RESULT: {}
COMMAND: POST /session/1820fae8a81a1c34ca12c99f5ca4f404/execute/async - {"script":"<script> [1562 bytes]","args":[{"selector":{"controlType":"sap.m.StandardListItem","viewName":"reusables.view.manageresources.NewResourceUnit","viewId":"application-manageresources-display-component---newResourceUnit","properties":{"title":"Material"},"searchOpenDialogs":true,"interaction":{"idSuffix":"titleText"}},"wdio_ui5_key":"reusablesview.manageresources.NewResourceUnitsap.m.StandardListItem{\"title\":\"Material\"}"}]}
COMMAND: GET /session/1820fae8a81a1c34ca12c99f5ca4f404/screenshot - {}
RESULT: {"script":"<script> [1562 bytes]","args":[{"selector":{"controlType":"sap.m.StandardListItem","viewName":"reusables.view.manageresources.NewResourceUnit","viewId":"application-manageresources-display-component---newResourceUnit","properties":{"title":"Material"},"searchOpenDialogs":true,"interaction":{"idSuffix":"titleText"}},"wdio_ui5_key":"reusablesview.manageresources.NewResourceUnitsap.m.StandardListItem{\"title\":\"Material\"}"}]}
RESULT: undefined
COMMAND: POST /session/1820fae8a81a1c34ca12c99f5ca4f404/element - {"using":"xpath","value":"//*[@id=\"__item1692\"]"}
RESULT: {}
RESULT: {"using":"xpath","value":"//*[@id=\"__item1692\"]"}
COMMAND: POST /session/1820fae8a81a1c34ca12c99f5ca4f404/element/f.043615FDA099A6883ABDD55FCDA43E76.d.3E40A869C12CEE781E01AA5B021A9433.e.3126/click - {}
RESULT: {}
COMMAND: POST /session/1820fae8a81a1c34ca12c99f5ca4f404/execute/async - {"script":"<script> [1562 bytes]","args":[{"selector":{"id":"application-manageresources-display-component---newResourceUnit--SHORT_TEXT","interaction":{"idSuffix":"inner"}},"wdio_ui5_key":"applicationmanageresources-display-component---newResourceUnit--SHORT_TEXT"}]}
COMMAND: GET /session/1820fae8a81a1c34ca12c99f5ca4f404/screenshot - {}
RESULT: {"script":"<script> [1562 bytes]","args":[{"selector":{"id":"application-manageresources-display-component---newResourceUnit--SHORT_TEXT","interaction":{"idSuffix":"inner"}},"wdio_ui5_key":"applicationmanageresources-display-component---newResourceUnit--SHORT_TEXT"}]}
RESULT: undefined
COMMAND: POST /session/1820fae8a81a1c34ca12c99f5ca4f404/execute/async - {"script":"<script> [776 bytes]","args":[{"enterText":"WebdriverRUR2Cd8eo4f","selector":{"id":"application-manageresources-display-component---newResourceUnit--SHORT_TEXT","interaction":{"idSuffix":"inner"}},"clearTextFirst":true,"interactionType":"ENTER_TEXT"}]}
RESULT: {}
RESULT: {"script":"<script> [776 bytes]","args":[{"enterText":"WebdriverRUR2Cd8eo4f","selector":{"id":"application-manageresources-display-component---newResourceUnit--SHORT_TEXT","interaction":{"idSuffix":"inner"}},"clearTextFirst":true,"interactionType":"ENTER_TEXT"}]}
COMMAND: POST /session/1820fae8a81a1c34ca12c99f5ca4f404/execute/async - {"script":"<script> [1562 bytes]","args":[{"selector":{"id":"application-manageresources-display-component---newResourceUnit--BASE_UNIT_OF_MEASURE-arrow"},"wdio_ui5_key":"applicationmanageresources-display-component---newResourceUnit--BASE_UNIT_OF_MEASURE-arrow"}]}
RESULT: {"script":"<script> [1562 bytes]","args":[{"selector":{"id":"application-manageresources-display-component---newResourceUnit--BASE_UNIT_OF_MEASURE-arrow"},"wdio_ui5_key":"applicationmanageresources-display-component---newResourceUnit--BASE_UNIT_OF_MEASURE-arrow"}]}
RESULT: undefined
COMMAND: POST /session/1820fae8a81a1c34ca12c99f5ca4f404/element - {"using":"xpath","value":"//*[@id=\"application-manageresources-display-component---newResourceUnit--BASE_UNIT_OF_MEASURE-arrow\"]"}
RESULT: {"using":"xpath","value":"//*[@id=\"application-manageresources-display-component---newResourceUnit--BASE_UNIT_OF_MEASURE-arrow\"]"}
COMMAND: POST /session/1820fae8a81a1c34ca12c99f5ca4f404/element/f.043615FDA099A6883ABDD55FCDA43E76.d.3E40A869C12CEE781E01AA5B021A9433.e.3180/click - {}
RESULT: {}
COMMAND: POST /session/1820fae8a81a1c34ca12c99f5ca4f404/execute/async - {"script":"<script> [1562 bytes]","args":[{"selector":{"controlType":"sap.m.StandardListItem","viewName":"reusables.view.manageresources.NewResourceUnit","viewId":"application-manageresources-display-component---newResourceUnit","properties":{"title":"Piece"},"searchOpenDialogs":true,"interaction":{"idSuffix":"titleText"}},"wdio_ui5_key":"reusablesview.manageresources.NewResourceUnitsap.m.StandardListItem{\"title\":\"Piece\"}"}]}
COMMAND: GET /session/1820fae8a81a1c34ca12c99f5ca4f404/screenshot - {}
RESULT: {"script":"<script> [1562 bytes]","args":[{"selector":{"controlType":"sap.m.StandardListItem","viewName":"reusables.view.manageresources.NewResourceUnit","viewId":"application-manageresources-display-component---newResourceUnit","properties":{"title":"Piece"},"searchOpenDialogs":true,"interaction":{"idSuffix":"titleText"}},"wdio_ui5_key":"reusablesview.manageresources.NewResourceUnitsap.m.StandardListItem{\"title\":\"Piece\"}"}]}
RESULT: undefined
COMMAND: POST /session/1820fae8a81a1c34ca12c99f5ca4f404/element - {"using":"xpath","value":"//*[@id=\"__item1734\"]"}
RESULT: {}
RESULT: {"using":"xpath","value":"//*[@id=\"__item1734\"]"}
COMMAND: POST /session/1820fae8a81a1c34ca12c99f5ca4f404/element/f.043615FDA099A6883ABDD55FCDA43E76.d.3E40A869C12CEE781E01AA5B021A9433.e.3182/click - {}
RESULT: {}
COMMAND: POST /session/1820fae8a81a1c34ca12c99f5ca4f404/element - {"using":"xpath","value":"//input[contains(@id ,\"application-manageresources-display-component---newResourceUnit--SHORT_TEXT-inner\")]"}
COMMAND: GET /session/1820fae8a81a1c34ca12c99f5ca4f404/screenshot - {}
RESULT: {"using":"xpath","value":"//input[contains(@id ,\"application-manageresources-display-component---newResourceUnit--SHORT_TEXT-inner\")]"}
COMMAND: GET /session/1820fae8a81a1c34ca12c99f5ca4f404/element/f.043615FDA099A6883ABDD55FCDA43E76.d.3E40A869C12CEE781E01AA5B021A9433.e.3143/property/value - {}
RESULT: {}
RESULT: {}
COMMAND: POST /session/1820fae8a81a1c34ca12c99f5ca4f404/execute/async - {"script":"<script> [1562 bytes]","args":[{"selector":{"id":"application-manageresources-display-component---newResourceUnit--WEIGHT_UNIT-arrow"},"wdio_ui5_key":"applicationmanageresources-display-component---newResourceUnit--WEIGHT_UNIT-arrow"}]}
COMMAND: GET /session/1820fae8a81a1c34ca12c99f5ca4f404/screenshot - {}
RESULT: {"script":"<script> [1562 bytes]","args":[{"selector":{"id":"application-manageresources-display-component---newResourceUnit--WEIGHT_UNIT-arrow"},"wdio_ui5_key":"applicationmanageresources-display-component---newResourceUnit--WEIGHT_UNIT-arrow"}]}
RESULT: undefined
COMMAND: POST /session/1820fae8a81a1c34ca12c99f5ca4f404/element - {"using":"xpath","value":"//*[@id=\"application-manageresources-display-component---newResourceUnit--WEIGHT_UNIT-arrow\"]"}
RESULT: {}
RESULT: {"using":"xpath","value":"//*[@id=\"application-manageresources-display-component---newResourceUnit--WEIGHT_UNIT-arrow\"]"}
COMMAND: POST /session/1820fae8a81a1c34ca12c99f5ca4f404/element/f.043615FDA099A6883ABDD55FCDA43E76.d.3E40A869C12CEE781E01AA5B021A9433.e.3183/click - {}
RESULT: {}
COMMAND: POST /session/1820fae8a81a1c34ca12c99f5ca4f404/execute/async - {"script":"<script> [1562 bytes]","args":[{"selector":{"controlType":"sap.m.StandardListItem","viewName":"reusables.view.manageresources.NewResourceUnit","viewId":"application-manageresources-display-component---newResourceUnit","properties":{"title":"Gram"},"searchOpenDialogs":true,"interaction":{"idSuffix":"content"}},"wdio_ui5_key":"reusablesview.manageresources.NewResourceUnitsap.m.StandardListItem{\"title\":\"Gram\"}"}]}
COMMAND: GET /session/1820fae8a81a1c34ca12c99f5ca4f404/screenshot - {}
RESULT: {"script":"<script> [1562 bytes]","args":[{"selector":{"controlType":"sap.m.StandardListItem","viewName":"reusables.view.manageresources.NewResourceUnit","viewId":"application-manageresources-display-component---newResourceUnit","properties":{"title":"Gram"},"searchOpenDialogs":true,"interaction":{"idSuffix":"content"}},"wdio_ui5_key":"reusablesview.manageresources.NewResourceUnitsap.m.StandardListItem{\"title\":\"Gram\"}"}]}
RESULT: undefined
COMMAND: POST /session/1820fae8a81a1c34ca12c99f5ca4f404/element - {"using":"xpath","value":"//*[@id=\"__item1799\"]"}
RESULT: {}
RESULT: {"using":"xpath","value":"//*[@id=\"__item1799\"]"}
COMMAND: POST /session/1820fae8a81a1c34ca12c99f5ca4f404/element/f.043615FDA099A6883ABDD55FCDA43E76.d.3E40A869C12CEE781E01AA5B021A9433.e.3185/click - {}
RESULT: {}
COMMAND: POST /session/1820fae8a81a1c34ca12c99f5ca4f404/execute/async - {"script":"<script> [1562 bytes]","args":[{"selector":{"id":"application-manageresources-display-component---newResourceUnit--newRRUPage-OPHeaderContent-collapseBtn-img"},"wdio_ui5_key":"applicationmanageresources-display-component---newResourceUnit--newRRUPage-OPHeaderContent-collapseBtn-img"}]}
COMMAND: GET /session/1820fae8a81a1c34ca12c99f5ca4f404/screenshot - {}
RESULT: {"script":"<script> [1562 bytes]","args":[{"selector":{"id":"application-manageresources-display-component---newResourceUnit--newRRUPage-OPHeaderContent-collapseBtn-img"},"wdio_ui5_key":"applicationmanageresources-display-component---newResourceUnit--newRRUPage-OPHeaderContent-collapseBtn-img"}]}
RESULT: undefined
COMMAND: POST /session/1820fae8a81a1c34ca12c99f5ca4f404/element - {"using":"xpath","value":"//*[@id=\"application-manageresources-display-component---newResourceUnit--newRRUPage-OPHeaderContent-collapseBtn-img\"]"}
RESULT: {}
RESULT: {"using":"xpath","value":"//*[@id=\"application-manageresources-display-component---newResourceUnit--newRRUPage-OPHeaderContent-collapseBtn-img\"]"}
COMMAND: POST /session/1820fae8a81a1c34ca12c99f5ca4f404/element/f.043615FDA099A6883ABDD55FCDA43E76.d.3E40A869C12CEE781E01AA5B021A9433.e.3133/click - {}
RESULT: {}
COMMAND: GET /session/1820fae8a81a1c34ca12c99f5ca4f404/screenshot - {}
RESULT: {}
COMMAND: POST /session/1820fae8a81a1c34ca12c99f5ca4f404/element - {"using":"xpath","value":"(//span[contains(@id ,\"application-manageresources-display-component---newResourceUnit--DIMENSION_UNIT-arrow\")])[1]"}
RESULT: {"using":"xpath","value":"(//span[contains(@id ,\"application-manageresources-display-component---newResourceUnit--DIMENSION_UNIT-arrow\")])[1]"}
COMMAND: POST /session/1820fae8a81a1c34ca12c99f5ca4f404/element/f.043615FDA099A6883ABDD55FCDA43E76.d.3E40A869C12CEE781E01AA5B021A9433.e.3191/click - {}
RESULT: {}
COMMAND: GET /session/1820fae8a81a1c34ca12c99f5ca4f404/screenshot - {}
RESULT: {}
COMMAND: POST /session/1820fae8a81a1c34ca12c99f5ca4f404/execute/async - {"script":"<script> [1562 bytes]","args":[{"selector":{"controlType":"sap.m.StandardListItem","viewName":"reusables.view.manageresources.NewResourceUnit","viewId":"application-manageresources-display-component---newResourceUnit","properties":{"title":"Centimeter"},"searchOpenDialogs":true,"interaction":{"idSuffix":"titleText"}},"wdio_ui5_key":"reusablesview.manageresources.NewResourceUnitsap.m.StandardListItem{\"title\":\"Centimeter\"}"}]}
RESULT: {"script":"<script> [1562 bytes]","args":[{"selector":{"controlType":"sap.m.StandardListItem","viewName":"reusables.view.manageresources.NewResourceUnit","viewId":"application-manageresources-display-component---newResourceUnit","properties":{"title":"Centimeter"},"searchOpenDialogs":true,"interaction":{"idSuffix":"titleText"}},"wdio_ui5_key":"reusablesview.manageresources.NewResourceUnitsap.m.StandardListItem{\"title\":\"Centimeter\"}"}]}
RESULT: undefined
COMMAND: POST /session/1820fae8a81a1c34ca12c99f5ca4f404/element - {"using":"xpath","value":"//*[@id=\"__item1802\"]"}
RESULT: {"using":"xpath","value":"//*[@id=\"__item1802\"]"}
COMMAND: POST /session/1820fae8a81a1c34ca12c99f5ca4f404/element/f.043615FDA099A6883ABDD55FCDA43E76.d.3E40A869C12CEE781E01AA5B021A9433.e.3193/click - {}
RESULT: {}
COMMAND: POST /session/1820fae8a81a1c34ca12c99f5ca4f404/execute/async - {"script":"<script> [1562 bytes]","args":[{"selector":{"id":"application-manageresources-display-component---newResourceUnit--newRRUPage-anchBar-application-manageresources-display-component---newResourceUnit--reference-anchor","interaction":{"idSuffix":"BDI-content"}},"wdio_ui5_key":"applicationmanageresources-display-component---newResourceUnit--newRRUPage-anchBar-application-manageresources-display-component---newResourceUnit--reference-anchor"}]}
COMMAND: GET /session/1820fae8a81a1c34ca12c99f5ca4f404/screenshot - {}
RESULT: {"script":"<script> [1562 bytes]","args":[{"selector":{"id":"application-manageresources-display-component---newResourceUnit--newRRUPage-anchBar-application-manageresources-display-component---newResourceUnit--reference-anchor","interaction":{"idSuffix":"BDI-content"}},"wdio_ui5_key":"applicationmanageresources-display-component---newResourceUnit--newRRUPage-anchBar-application-manageresources-display-component---newResourceUnit--reference-anchor"}]}
RESULT: undefined
COMMAND: POST /session/1820fae8a81a1c34ca12c99f5ca4f404/element - {"using":"xpath","value":"//*[@id=\"application-manageresources-display-component---newResourceUnit--newRRUPage-anchBar-application-manageresources-display-component---newResourceUnit--reference-anchor\"]"}
RESULT: {}
RESULT: {"using":"xpath","value":"//*[@id=\"application-manageresources-display-component---newResourceUnit--newRRUPage-anchBar-application-manageresources-display-component---newResourceUnit--reference-anchor\"]"}
COMMAND: POST /session/1820fae8a81a1c34ca12c99f5ca4f404/element/f.043615FDA099A6883ABDD55FCDA43E76.d.3E40A869C12CEE781E01AA5B021A9433.e.3195/click - {}
RESULT: {}
COMMAND: POST /session/1820fae8a81a1c34ca12c99f5ca4f404/execute/async - {"script":"<script> [1562 bytes]","args":[{"selector":{"id":"application-manageresources-display-component---newResourceUnit--PLANNING_GROUP-arrow"},"wdio_ui5_key":"applicationmanageresources-display-component---newResourceUnit--PLANNING_GROUP-arrow"}]}
COMMAND: GET /session/1820fae8a81a1c34ca12c99f5ca4f404/screenshot - {}
RESULT: {"script":"<script> [1562 bytes]","args":[{"selector":{"id":"application-manageresources-display-component---newResourceUnit--PLANNING_GROUP-arrow"},"wdio_ui5_key":"applicationmanageresources-display-component---newResourceUnit--PLANNING_GROUP-arrow"}]}
RESULT: undefined
COMMAND: POST /session/1820fae8a81a1c34ca12c99f5ca4f404/element - {"using":"xpath","value":"//*[@id=\"application-manageresources-display-component---newResourceUnit--PLANNING_GROUP-arrow\"]"}
RESULT: {}
RESULT: {"using":"xpath","value":"//*[@id=\"application-manageresources-display-component---newResourceUnit--PLANNING_GROUP-arrow\"]"}
COMMAND: POST /session/1820fae8a81a1c34ca12c99f5ca4f404/element/f.043615FDA099A6883ABDD55FCDA43E76.d.3E40A869C12CEE781E01AA5B021A9433.e.3199/click - {}
RESULT: {}
COMMAND: POST /session/1820fae8a81a1c34ca12c99f5ca4f404/execute/async - {"script":"<script> [1562 bytes]","args":[{"selector":{"controlType":"sap.m.StandardListItem","viewName":"reusables.view.manageresources.NewResourceUnit","viewId":"application-manageresources-display-component---newResourceUnit","properties":{"title":"Heavy Equi"},"searchOpenDialogs":true,"interaction":{"idSuffix":"content"}},"wdio_ui5_key":"reusablesview.manageresources.NewResourceUnitsap.m.StandardListItem{\"title\":\"Heavy Equi\"}"}]}
COMMAND: GET /session/1820fae8a81a1c34ca12c99f5ca4f404/screenshot - {}
RESULT: {"script":"<script> [1562 bytes]","args":[{"selector":{"controlType":"sap.m.StandardListItem","viewName":"reusables.view.manageresources.NewResourceUnit","viewId":"application-manageresources-display-component---newResourceUnit","properties":{"title":"Heavy Equi"},"searchOpenDialogs":true,"interaction":{"idSuffix":"content"}},"wdio_ui5_key":"reusablesview.manageresources.NewResourceUnitsap.m.StandardListItem{\"title\":\"Heavy Equi\"}"}]}
RESULT: undefined
COMMAND: POST /session/1820fae8a81a1c34ca12c99f5ca4f404/element - {"using":"xpath","value":"//*[@id=\"__item1810\"]"}
RESULT: {}
RESULT: {"using":"xpath","value":"//*[@id=\"__item1810\"]"}
COMMAND: POST /session/1820fae8a81a1c34ca12c99f5ca4f404/element/f.043615FDA099A6883ABDD55FCDA43E76.d.3E40A869C12CEE781E01AA5B021A9433.e.3203/click - {}
RESULT: {}
COMMAND: GET /session/1820fae8a81a1c34ca12c99f5ca4f404/screenshot - {}
RESULT: {}
COMMAND: POST /session/1820fae8a81a1c34ca12c99f5ca4f404/execute/async - {"script":"<script> [1562 bytes]","args":[{"selector":{"id":"application-manageresources-display-component---newResourceUnit--PLANNING_INDICATOR-arrow"},"wdio_ui5_key":"applicationmanageresources-display-component---newResourceUnit--PLANNING_INDICATOR-arrow"}]}
RESULT: {"script":"<script> [1562 bytes]","args":[{"selector":{"id":"application-manageresources-display-component---newResourceUnit--PLANNING_INDICATOR-arrow"},"wdio_ui5_key":"applicationmanageresources-display-component---newResourceUnit--PLANNING_INDICATOR-arrow"}]}
RESULT: undefined
COMMAND: POST /session/1820fae8a81a1c34ca12c99f5ca4f404/element - {"using":"xpath","value":"//*[@id=\"application-manageresources-display-component---newResourceUnit--PLANNING_INDICATOR-arrow\"]"}
RESULT: {"using":"xpath","value":"//*[@id=\"application-manageresources-display-component---newResourceUnit--PLANNING_INDICATOR-arrow\"]"}
COMMAND: POST /session/1820fae8a81a1c34ca12c99f5ca4f404/element/f.043615FDA099A6883ABDD55FCDA43E76.d.3E40A869C12CEE781E01AA5B021A9433.e.3204/click - {}
RESULT: {}
COMMAND: POST /session/1820fae8a81a1c34ca12c99f5ca4f404/execute/async - {"script":"<script> [1562 bytes]","args":[{"selector":{"controlType":"sap.m.StandardListItem","viewName":"reusables.view.manageresources.NewResourceUnit","viewId":"application-manageresources-display-component---newResourceUnit","properties":{"title":"10 - infinite"},"searchOpenDialogs":true,"interaction":{"idSuffix":"content"}},"wdio_ui5_key":"reusablesview.manageresources.NewResourceUnitsap.m.StandardListItem{\"title\":\"10 - infinite\"}"}]}
COMMAND: GET /session/1820fae8a81a1c34ca12c99f5ca4f404/screenshot - {}
RESULT: {"script":"<script> [1562 bytes]","args":[{"selector":{"controlType":"sap.m.StandardListItem","viewName":"reusables.view.manageresources.NewResourceUnit","viewId":"application-manageresources-display-component---newResourceUnit","properties":{"title":"10 - infinite"},"searchOpenDialogs":true,"interaction":{"idSuffix":"content"}},"wdio_ui5_key":"reusablesview.manageresources.NewResourceUnitsap.m.StandardListItem{\"title\":\"10 - infinite\"}"}]}
RESULT: undefined
COMMAND: POST /session/1820fae8a81a1c34ca12c99f5ca4f404/element - {"using":"xpath","value":"//*[@id=\"__item1820\"]"}
RESULT: {}
RESULT: {"using":"xpath","value":"//*[@id=\"__item1820\"]"}
COMMAND: POST /session/1820fae8a81a1c34ca12c99f5ca4f404/element/f.043615FDA099A6883ABDD55FCDA43E76.d.3E40A869C12CEE781E01AA5B021A9433.e.3206/click - {}
RESULT: {}
COMMAND: GET /session/1820fae8a81a1c34ca12c99f5ca4f404/screenshot - {}
RESULT: {}
COMMAND: POST /session/1820fae8a81a1c34ca12c99f5ca4f404/element - {"using":"xpath","value":"//bdi[contains(text(), \"Time Segment\")]"}
RESULT: {"using":"xpath","value":"//bdi[contains(text(), \"Time Segment\")]"}
COMMAND: GET /session/1820fae8a81a1c34ca12c99f5ca4f404/element/f.043615FDA099A6883ABDD55FCDA43E76.d.3E40A869C12CEE781E01AA5B021A9433.e.3207/rect - {}
RESULT: {}
COMMAND: GET /session/1820fae8a81a1c34ca12c99f5ca4f404/window/rect - {}
RESULT: {}
COMMAND: POST /session/1820fae8a81a1c34ca12c99f5ca4f404/execute/sync - {"script":"<script> [92 bytes]","args":[]}
RESULT: {"script":"<script> [92 bytes]","args":[]}
COMMAND: POST /session/1820fae8a81a1c34ca12c99f5ca4f404/actions - {"actions":[{"id":"action5","type":"wheel","parameters":{},"actions":[{"type":"scroll","x":-1820,"y":-21,"deltaX":0,"deltaY":0,"duration":0,"origin":{"element-6066-11e4-a52e-4f735466cecf":"f.043615FDA099A6883ABDD55FCDA43E76.d.3E40A869C12CEE781E01AA5B021A9433.e.3207"}}]}]}
COMMAND: GET /session/1820fae8a81a1c34ca12c99f5ca4f404/screenshot - {}
RESULT: {}
COMMAND: POST /session/1820fae8a81a1c34ca12c99f5ca4f404/execute/sync - {"script":"<script> [79 bytes]","args":[{"element-6066-11e4-a52e-4f735466cecf":"f.043615FDA099A6883ABDD55FCDA43E76.d.3E40A869C12CEE781E01AA5B021A9433.e.3207","ELEMENT":"f.043615FDA099A6883ABDD55FCDA43E76.d.3E40A869C12CEE781E01AA5B021A9433.e.3207"},{"block":"start","inline":"nearest"}]}
RESULT: {"script":"<script> [79 bytes]","args":[{"element-6066-11e4-a52e-4f735466cecf":"f.043615FDA099A6883ABDD55FCDA43E76.d.3E40A869C12CEE781E01AA5B021A9433.e.3207","ELEMENT":"f.043615FDA099A6883ABDD55FCDA43E76.d.3E40A869C12CEE781E01AA5B021A9433.e.3207"},{"block":"start","inline":"nearest"}]}
COMMAND: GET /session/1820fae8a81a1c34ca12c99f5ca4f404/screenshot - {}
RESULT: {}
COMMAND: POST /session/1820fae8a81a1c34ca12c99f5ca4f404/element - {"using":"xpath","value":"//span[@id=\"application-manageresources-display-component---newResourceUnit--btnAddTimeSegment-img\"]"}
RESULT: {"using":"xpath","value":"//span[@id=\"application-manageresources-display-component---newResourceUnit--btnAddTimeSegment-img\"]"}
COMMAND: POST /session/1820fae8a81a1c34ca12c99f5ca4f404/execute/sync - {"script":"<script> [8489 bytes]","args":[{"element-6066-11e4-a52e-4f735466cecf":"f.043615FDA099A6883ABDD55FCDA43E76.d.3E40A869C12CEE781E01AA5B021A9433.e.3210","ELEMENT":"f.043615FDA099A6883ABDD55FCDA43E76.d.3E40A869C12CEE781E01AA5B021A9433.e.3210"}]}
RESULT: {"script":"<script> [8489 bytes]","args":[{"element-6066-11e4-a52e-4f735466cecf":"f.043615FDA099A6883ABDD55FCDA43E76.d.3E40A869C12CEE781E01AA5B021A9433.e.3210","ELEMENT":"f.043615FDA099A6883ABDD55FCDA43E76.d.3E40A869C12CEE781E01AA5B021A9433.e.3210"}]}
COMMAND: POST /session/1820fae8a81a1c34ca12c99f5ca4f404/element/f.043615FDA099A6883ABDD55FCDA43E76.d.3E40A869C12CEE781E01AA5B021A9433.e.3210/click - {}
COMMAND: GET /session/1820fae8a81a1c34ca12c99f5ca4f404/screenshot - {}
RESULT: {}
COMMAND: GET /session/1820fae8a81a1c34ca12c99f5ca4f404/screenshot - {}
COMMAND: POST /session/1820fae8a81a1c34ca12c99f5ca4f404/element - {"using":"xpath","value":"//input[@id=\"application-manageresources-display-component---newResourceUnit--idRuTSAdmin-application-manageresources-display-component---newResourceUnit--RUTimeSegment-0-inner\"]"}
RESULT: {}
RESULT: {}
RESULT: {"using":"xpath","value":"//input[@id=\"application-manageresources-display-component---newResourceUnit--idRuTSAdmin-application-manageresources-display-component---newResourceUnit--RUTimeSegment-0-inner\"]"}
COMMAND: POST /session/1820fae8a81a1c34ca12c99f5ca4f404/element/f.043615FDA099A6883ABDD55FCDA43E76.d.3E40A869C12CEE781E01AA5B021A9433.e.3213/clear - {}
RESULT: {}
COMMAND: POST /session/1820fae8a81a1c34ca12c99f5ca4f404/element/f.043615FDA099A6883ABDD55FCDA43E76.d.3E40A869C12CEE781E01AA5B021A9433.e.3213/value - {"text":"WebdriverYardpv7ub"}
COMMAND: GET /session/1820fae8a81a1c34ca12c99f5ca4f404/screenshot - {}
RESULT: {"text":"WebdriverYardpv7ub"}
COMMAND: GET /session/1820fae8a81a1c34ca12c99f5ca4f404/screenshot - {}
RESULT: {}
RESULT: {}
COMMAND: POST /session/1820fae8a81a1c34ca12c99f5ca4f404/actions - {"actions":[{"id":"action6","type":"key","parameters":{},"actions":[{"type":"keyDown","value":""},{"type":"pause","duration":10},{"type":"keyUp","value":""}]}]}
RESULT: {"actions":[{"id":"action6","type":"key","parameters":{},"actions":[{"type":"keyDown","value":""},{"type":"pause","duration":10},{"type":"keyUp","value":""}]}]}
COMMAND: GET /session/1820fae8a81a1c34ca12c99f5ca4f404/screenshot - {}
RESULT: {}
COMMAND: POST /session/1820fae8a81a1c34ca12c99f5ca4f404/execute/async - {"script":"<script> [1562 bytes]","args":[{"selector":{"controlType":"sap.m.Button","viewName":"reusables.view.manageresources.NewResourceUnit","viewId":"application-manageresources-display-component---newResourceUnit","i18NText":{"propertyName":"tooltip","key":"save"},"interaction":{"idSuffix":"BDI-content"}},"wdio_ui5_key":"reusablesview.manageresources.NewResourceUnitsap.m.Button{\"propertyName\":\"tooltip\",\"key\":\"save\"}"}]}
RESULT: {"script":"<script> [1562 bytes]","args":[{"selector":{"controlType":"sap.m.Button","viewName":"reusables.view.manageresources.NewResourceUnit","viewId":"application-manageresources-display-component---newResourceUnit","i18NText":{"propertyName":"tooltip","key":"save"},"interaction":{"idSuffix":"BDI-content"}},"wdio_ui5_key":"reusablesview.manageresources.NewResourceUnitsap.m.Button{\"propertyName\":\"tooltip\",\"key\":\"save\"}"}]}
RESULT: undefined
COMMAND: POST /session/1820fae8a81a1c34ca12c99f5ca4f404/element - {"using":"xpath","value":"//*[@id=\"application-manageresources-display-component---newResourceUnit--createRuButton\"]"}
RESULT: {"using":"xpath","value":"//*[@id=\"application-manageresources-display-component---newResourceUnit--createRuButton\"]"}
COMMAND: POST /session/1820fae8a81a1c34ca12c99f5ca4f404/element/f.043615FDA099A6883ABDD55FCDA43E76.d.3E40A869C12CEE781E01AA5B021A9433.e.3139/click - {}
RESULT: {}
COMMAND: GET /session/1820fae8a81a1c34ca12c99f5ca4f404/screenshot - {}
RESULT: {}
COMMAND: POST /session/1820fae8a81a1c34ca12c99f5ca4f404/execute/async - {"script":"<script> [1562 bytes]","args":[{"selector":{"controlType":"sap.m.Title","properties":{"text":"Success"},"searchOpenDialogs":true},"wdio_ui5_key":"sapm.Title{\"text\":\"Success\"}"}]}
RESULT: {"script":"<script> [1562 bytes]","args":[{"selector":{"controlType":"sap.m.Title","properties":{"text":"Success"},"searchOpenDialogs":true},"wdio_ui5_key":"sapm.Title{\"text\":\"Success\"}"}]}
RESULT: undefined
COMMAND: POST /session/1820fae8a81a1c34ca12c99f5ca4f404/execute/async - {"script":"<script> [6424 bytes]","args":[{"element-6066-11e4-a52e-4f735466cecf":"f.043615FDA099A6883ABDD55FCDA43E76.d.3E40A869C12CEE781E01AA5B021A9433.e.3228"},"getText",[]]}
RESULT: {"script":"<script> [6424 bytes]","args":[{"element-6066-11e4-a52e-4f735466cecf":"f.043615FDA099A6883ABDD55FCDA43E76.d.3E40A869C12CEE781E01AA5B021A9433.e.3228"},"getText",[]]}
COMMAND: POST /session/1820fae8a81a1c34ca12c99f5ca4f404/element - {"using":"xpath","value":"//*[contains(@id, '__text') and (contains(text(), 'successfully created') or contains(., 'successfully created'))]"}
RESULT: {"using":"xpath","value":"//*[contains(@id, '__text') and (contains(text(), 'successfully created') or contains(., 'successfully created'))]"}
COMMAND: GET /session/1820fae8a81a1c34ca12c99f5ca4f404/element/f.043615FDA099A6883ABDD55FCDA43E76.d.3E40A869C12CEE781E01AA5B021A9433.e.3227/text - {}
RESULT: {}
COMMAND: POST /session/1820fae8a81a1c34ca12c99f5ca4f404/execute/async - {"script":"<script> [1562 bytes]","args":[{"selector":{"controlType":"sap.m.Button","properties":{"text":"Close"},"searchOpenDialogs":true,"interaction":{"idSuffix":"BDI-content"}},"wdio_ui5_key":"sapm.Button{\"text\":\"Close\"}"}]}
RESULT: {"script":"<script> [1562 bytes]","args":[{"selector":{"controlType":"sap.m.Button","properties":{"text":"Close"},"searchOpenDialogs":true,"interaction":{"idSuffix":"BDI-content"}},"wdio_ui5_key":"sapm.Button{\"text\":\"Close\"}"}]}
RESULT: undefined
COMMAND: POST /session/1820fae8a81a1c34ca12c99f5ca4f404/element - {"using":"xpath","value":"//*[@id=\"__mbox-btn-0\"]"}
RESULT: {"using":"xpath","value":"//*[@id=\"__mbox-btn-0\"]"}
COMMAND: POST /session/1820fae8a81a1c34ca12c99f5ca4f404/element/f.043615FDA099A6883ABDD55FCDA43E76.d.3E40A869C12CEE781E01AA5B021A9433.e.3225/click - {}
RESULT: {}
COMMAND: GET /session/1820fae8a81a1c34ca12c99f5ca4f404/screenshot - {}
RESULT: {}
COMMAND: POST /session/1820fae8a81a1c34ca12c99f5ca4f404/execute/async - {"script":"<script> [1562 bytes]","args":[{"selector":{"controlType":"sap.ui.core.Icon","viewName":"etm.portal.ui.manageresources.view.Detail","viewId":"application-manageresources-display-component---detailRU","properties":{"src":{"regex":{"source":"overflow"}}}},"wdio_ui5_key":"etmportal.ui.manageresources.view.Detailsap.ui.core.Icon{\"src\":{\"regex\":{\"source\":\"overflow\"}}}"}]}
RESULT: {"script":"<script> [1562 bytes]","args":[{"selector":{"controlType":"sap.ui.core.Icon","viewName":"etm.portal.ui.manageresources.view.Detail","viewId":"application-manageresources-display-component---detailRU","properties":{"src":{"regex":{"source":"overflow"}}}},"wdio_ui5_key":"etmportal.ui.manageresources.view.Detailsap.ui.core.Icon{\"src\":{\"regex\":{\"source\":\"overflow\"}}}"}]}
RESULT: undefined
COMMAND: POST /session/1820fae8a81a1c34ca12c99f5ca4f404/element - {"using":"xpath","value":"//*[@id=\"__title31-_actionsToolbar-overflowButton-img\"]"}
RESULT: {"using":"xpath","value":"//*[@id=\"__title31-_actionsToolbar-overflowButton-img\"]"}
COMMAND: POST /session/1820fae8a81a1c34ca12c99f5ca4f404/element/f.043615FDA099A6883ABDD55FCDA43E76.d.3E40A869C12CEE781E01AA5B021A9433.e.3262/click - {}
RESULT: {}
COMMAND: POST /session/1820fae8a81a1c34ca12c99f5ca4f404/execute/async - {"script":"<script> [1562 bytes]","args":[{"selector":{"controlType":"sap.m.Button","viewName":"etm.portal.ui.manageresources.view.Detail","viewId":"application-manageresources-display-component---detailRU","i18NText":{"propertyName":"tooltip","key":"closeColumn"},"searchOpenDialogs":true,"interaction":{"idSuffix":"inner"}},"wdio_ui5_key":"etmportal.ui.manageresources.view.Detailsap.m.Button{\"propertyName\":\"tooltip\",\"key\":\"closeColumn\"}"}]}
COMMAND: GET /session/1820fae8a81a1c34ca12c99f5ca4f404/screenshot - {}
RESULT: {"script":"<script> [1562 bytes]","args":[{"selector":{"controlType":"sap.m.Button","viewName":"etm.portal.ui.manageresources.view.Detail","viewId":"application-manageresources-display-component---detailRU","i18NText":{"propertyName":"tooltip","key":"closeColumn"},"searchOpenDialogs":true,"interaction":{"idSuffix":"inner"}},"wdio_ui5_key":"etmportal.ui.manageresources.view.Detailsap.m.Button{\"propertyName\":\"tooltip\",\"key\":\"closeColumn\"}"}]}
RESULT: undefined
COMMAND: POST /session/1820fae8a81a1c34ca12c99f5ca4f404/element - {"using":"xpath","value":"//*[@id=\"__button137\"]"}
RESULT: {}
RESULT: {"using":"xpath","value":"//*[@id=\"__button137\"]"}
COMMAND: POST /session/1820fae8a81a1c34ca12c99f5ca4f404/element/f.043615FDA099A6883ABDD55FCDA43E76.d.3E40A869C12CEE781E01AA5B021A9433.e.3266/click - {}
RESULT: {}
COMMAND: GET /session/1820fae8a81a1c34ca12c99f5ca4f404/screenshot - {}
RESULT: {}
COMMAND: POST /session/1820fae8a81a1c34ca12c99f5ca4f404/refresh - {}
RESULT: {}
COMMAND: GET /session/1820fae8a81a1c34ca12c99f5ca4f404/screenshot - {}
RESULT: {}
COMMAND: POST /session/1820fae8a81a1c34ca12c99f5ca4f404/execute/async - {"script":"<script> [189 bytes]","args":[]}
RESULT: {"script":"<script> [189 bytes]","args":[]}
COMMAND: POST /session/1820fae8a81a1c34ca12c99f5ca4f404/execute/async - {"script":"<script> [123 bytes]","args":[]}
RESULT: {"script":"<script> [123 bytes]","args":[]}
COMMAND: POST /session/1820fae8a81a1c34ca12c99f5ca4f404/timeouts - {"script":"<number>"}
RESULT: {"script":"<number>"}
COMMAND: GET /session/1820fae8a81a1c34ca12c99f5ca4f404/timeouts - {}
RESULT: {}
RESULT: undefined
COMMAND: POST /session/1820fae8a81a1c34ca12c99f5ca4f404/execute/async - {"script":"<script> [2676 bytes]","args":[]}
RESULT: {"script":"<script> [2676 bytes]","args":[]}
COMMAND: POST /session/1820fae8a81a1c34ca12c99f5ca4f404/execute/async - {"script":"<script> [2342 bytes]","args":[{"protocol":"http","hostname":"0.0.0.0","path":"/","capabilities":{"browserName":"chrome","goog:chromeOptions":{"binary":"C:\\Program Files\\Google\\Chrome\\Application\\chrome.exe","args":["--start-maximized"]}},"logLevel":"warn","connectionRetryTimeout":120000,"connectionRetryCount":3,"logLevels":{},"enableDirectConnect":true,"strictSSL":true,"_":"65 more keys: [\"cacheDir\",\"port\",\"requestedCapabilities\",\"automationProtocol\",\"baseUrl\",\"waitforInterval\",\"waitforTimeout\",\"onReload\",\"beforeCommand\",\"afterCommand\",\"rootDir\",\"specs\",\"suites\",\"exclude\",\"groupLogsByTestSpec\",\"excludeDriverLogs\",\"bail\",\"framework\",\"reporters\",\"services\",\"maxInstances\",\"maxInstancesPerCapability\",\"injectGlobals\",\"filesToWatch\",\"execArgv\",\"runnerEnv\",\"runner\",\"shard\",\"specFileRetries\",\"specFileRetriesDelay\",\"specFileRetriesDeferred\",\"reporterSyncInterval\",\"reporterSyncTimeout\",\"cucumberFeaturesWithLineNumbers\",\"autoCompileOpts\",\"mochaOpts\",\"jasmineOpts\",\"cucumberOpts\",\"onPrepare\",\"onWorkerStart\",\"onWorkerEnd\",\"before\",\"beforeSession\",\"beforeSuite\",\"beforeHook\",\"beforeTest\",\"afterTest\",\"afterHook\",\"afterSuite\",\"afterSession\",\"after\",\"onComplete\",\"beforeAssertion\",\"afterAssertion\",\"beforeFeature\",\"beforeScenario\",\"beforeStep\",\"afterStep\",\"afterScenario\",\"afterFeature\",\"_\",\"suite\",\"$0\",\"ignoredWorkerServices\",\"wdi5\"]"}]}
RESULT: {"script":"<script> [2342 bytes]","args":[{"protocol":"http","hostname":"0.0.0.0","path":"/","capabilities":{"browserName":"chrome","goog:chromeOptions":{"binary":"C:\\Program Files\\Google\\Chrome\\Application\\chrome.exe","args":["--start-maximized"]}},"logLevel":"warn","connectionRetryTimeout":120000,"connectionRetryCount":3,"logLevels":{},"enableDirectConnect":true,"strictSSL":true,"_":"65 more keys: [\"cacheDir\",\"port\",\"requestedCapabilities\",\"automationProtocol\",\"baseUrl\",\"waitforInterval\",\"waitforTimeout\",\"onReload\",\"beforeCommand\",\"afterCommand\",\"rootDir\",\"specs\",\"suites\",\"exclude\",\"groupLogsByTestSpec\",\"excludeDriverLogs\",\"bail\",\"framework\",\"reporters\",\"services\",\"maxInstances\",\"maxInstancesPerCapability\",\"injectGlobals\",\"filesToWatch\",\"execArgv\",\"runnerEnv\",\"runner\",\"shard\",\"specFileRetries\",\"specFileRetriesDelay\",\"specFileRetriesDeferred\",\"reporterSyncInterval\",\"reporterSyncTimeout\",\"cucumberFeaturesWithLineNumbers\",\"autoCompileOpts\",\"mochaOpts\",\"jasmineOpts\",\"cucumberOpts\",\"onPrepare\",\"onWorkerStart\",\"onWorkerEnd\",\"before\",\"beforeSession\",\"beforeSuite\",\"beforeHook\",\"beforeTest\",\"afterTest\",\"afterHook\",\"afterSuite\",\"afterSession\",\"after\",\"onComplete\",\"beforeAssertion\",\"afterAssertion\",\"beforeFeature\",\"beforeScenario\",\"beforeStep\",\"afterStep\",\"afterScenario\",\"afterFeature\",\"_\",\"suite\",\"$0\",\"ignoredWorkerServices\",\"wdi5\"]"}]}
COMMAND: POST /session/1820fae8a81a1c34ca12c99f5ca4f404/execute/async - {"script":"<script> [21126 bytes]","args":[35000]}
RESULT: {"script":"<script> [21126 bytes]","args":[35000]}
COMMAND: POST /session/1820fae8a81a1c34ca12c99f5ca4f404/element - {"using":"css selector","value":"#shell-header-logo"}
RESULT: {"using":"css selector","value":"#shell-header-logo"}
COMMAND: POST /session/1820fae8a81a1c34ca12c99f5ca4f404/element/f.043615FDA099A6883ABDD55FCDA43E76.d.EA2EB32627A428F68A130F1AAE2E17ED.e.3370/click - {}
RESULT: {}
COMMAND: GET /session/1820fae8a81a1c34ca12c99f5ca4f404/screenshot - {}
RESULT: {}
COMMAND: POST /session/1820fae8a81a1c34ca12c99f5ca4f404/execute/async - {"script":"<script> [1562 bytes]","args":[{"selector":{"controlType":"sap.m.GenericTile","properties":{"header":"Manage Resources"}},"wdio_ui5_key":"sapm.GenericTile{\"header\":\"Manage Resources\"}"}]}
RESULT: {"script":"<script> [1562 bytes]","args":[{"selector":{"controlType":"sap.m.GenericTile","properties":{"header":"Manage Resources"}},"wdio_ui5_key":"sapm.GenericTile{\"header\":\"Manage Resources\"}"}]}
RESULT: undefined
COMMAND: POST /session/1820fae8a81a1c34ca12c99f5ca4f404/element - {"using":"xpath","value":"//*[@id=\"__tile39\"]"}
RESULT: {"using":"xpath","value":"//*[@id=\"__tile39\"]"}
COMMAND: POST /session/1820fae8a81a1c34ca12c99f5ca4f404/element/f.043615FDA099A6883ABDD55FCDA43E76.d.EA2EB32627A428F68A130F1AAE2E17ED.e.3555/click - {}
RESULT: {}
COMMAND: GET /session/1820fae8a81a1c34ca12c99f5ca4f404/screenshot - {}
RESULT: {}
COMMAND: POST /session/1820fae8a81a1c34ca12c99f5ca4f404/elements - {"using":"xpath","value":"//span[text()='Error']"}
RESULT: {"using":"xpath","value":"//span[text()='Error']"}
COMMAND: POST /session/1820fae8a81a1c34ca12c99f5ca4f404/element - {"using":"xpath","value":"//button[@data-kt=\"addNewRUOverflowToolbarButton\"]"}
RESULT: {"using":"xpath","value":"//button[@data-kt=\"addNewRUOverflowToolbarButton\"]"}
COMMAND: POST /session/1820fae8a81a1c34ca12c99f5ca4f404/execute/sync - {"script":"<script> [8489 bytes]","args":[{"element-6066-11e4-a52e-4f735466cecf":"f.043615FDA099A6883ABDD55FCDA43E76.d.EA2EB32627A428F68A130F1AAE2E17ED.e.3595","ELEMENT":"f.043615FDA099A6883ABDD55FCDA43E76.d.EA2EB32627A428F68A130F1AAE2E17ED.e.3595"}]}
RESULT: {"script":"<script> [8489 bytes]","args":[{"element-6066-11e4-a52e-4f735466cecf":"f.043615FDA099A6883ABDD55FCDA43E76.d.EA2EB32627A428F68A130F1AAE2E17ED.e.3595","ELEMENT":"f.043615FDA099A6883ABDD55FCDA43E76.d.EA2EB32627A428F68A130F1AAE2E17ED.e.3595"}]}
COMMAND: POST /session/1820fae8a81a1c34ca12c99f5ca4f404/element/f.043615FDA099A6883ABDD55FCDA43E76.d.EA2EB32627A428F68A130F1AAE2E17ED.e.3595/click - {}
COMMAND: GET /session/1820fae8a81a1c34ca12c99f5ca4f404/screenshot - {}
RESULT: {}
COMMAND: GET /session/1820fae8a81a1c34ca12c99f5ca4f404/screenshot - {}
RESULT: {}
COMMAND: POST /session/1820fae8a81a1c34ca12c99f5ca4f404/execute/async - {"script":"<script> [1562 bytes]","args":[{"selector":{"id":"application-manageresources-display-component---newResourceUnit--TYPE-arrow"},"wdio_ui5_key":"applicationmanageresources-display-component---newResourceUnit--TYPE-arrow"}]}
RESULT: {}
RESULT: {"script":"<script> [1562 bytes]","args":[{"selector":{"id":"application-manageresources-display-component---newResourceUnit--TYPE-arrow"},"wdio_ui5_key":"applicationmanageresources-display-component---newResourceUnit--TYPE-arrow"}]}
RESULT: undefined
COMMAND: POST /session/1820fae8a81a1c34ca12c99f5ca4f404/element - {"using":"xpath","value":"//*[@id=\"application-manageresources-display-component---newResourceUnit--TYPE-arrow\"]"}
RESULT: {"using":"xpath","value":"//*[@id=\"application-manageresources-display-component---newResourceUnit--TYPE-arrow\"]"}
COMMAND: POST /session/1820fae8a81a1c34ca12c99f5ca4f404/element/f.043615FDA099A6883ABDD55FCDA43E76.d.EA2EB32627A428F68A130F1AAE2E17ED.e.3913/click - {}
RESULT: {}
COMMAND: POST /session/1820fae8a81a1c34ca12c99f5ca4f404/execute/async - {"script":"<script> [1562 bytes]","args":[{"selector":{"controlType":"sap.m.StandardListItem","viewName":"reusables.view.manageresources.NewResourceUnit","viewId":"application-manageresources-display-component---newResourceUnit","properties":{"title":"Equipment"},"searchOpenDialogs":true,"interaction":{"idSuffix":"content"}},"wdio_ui5_key":"reusablesview.manageresources.NewResourceUnitsap.m.StandardListItem{\"title\":\"Equipment\"}"}]}
COMMAND: GET /session/1820fae8a81a1c34ca12c99f5ca4f404/screenshot - {}
RESULT: {"script":"<script> [1562 bytes]","args":[{"selector":{"controlType":"sap.m.StandardListItem","viewName":"reusables.view.manageresources.NewResourceUnit","viewId":"application-manageresources-display-component---newResourceUnit","properties":{"title":"Equipment"},"searchOpenDialogs":true,"interaction":{"idSuffix":"content"}},"wdio_ui5_key":"reusablesview.manageresources.NewResourceUnitsap.m.StandardListItem{\"title\":\"Equipment\"}"}]}
RESULT: undefined
COMMAND: POST /session/1820fae8a81a1c34ca12c99f5ca4f404/element - {"using":"xpath","value":"//*[@id=\"__item180\"]"}
RESULT: {}
RESULT: {"using":"xpath","value":"//*[@id=\"__item180\"]"}
COMMAND: POST /session/1820fae8a81a1c34ca12c99f5ca4f404/element/f.043615FDA099A6883ABDD55FCDA43E76.d.EA2EB32627A428F68A130F1AAE2E17ED.e.3916/click - {}
RESULT: {}
COMMAND: POST /session/1820fae8a81a1c34ca12c99f5ca4f404/execute/async - {"script":"<script> [1562 bytes]","args":[{"selector":{"id":"application-manageresources-display-component---newResourceUnit--resourceId","interaction":{"idSuffix":"inner"}},"wdio_ui5_key":"applicationmanageresources-display-component---newResourceUnit--resourceId"}]}
COMMAND: GET /session/1820fae8a81a1c34ca12c99f5ca4f404/screenshot - {}
RESULT: {"script":"<script> [1562 bytes]","args":[{"selector":{"id":"application-manageresources-display-component---newResourceUnit--resourceId","interaction":{"idSuffix":"inner"}},"wdio_ui5_key":"applicationmanageresources-display-component---newResourceUnit--resourceId"}]}
RESULT: undefined
COMMAND: POST /session/1820fae8a81a1c34ca12c99f5ca4f404/execute/async - {"script":"<script> [776 bytes]","args":[{"enterText":"WdIOR2cEquiphk8us","selector":{"id":"application-manageresources-display-component---newResourceUnit--resourceId","interaction":{"idSuffix":"inner"}},"clearTextFirst":true,"interactionType":"ENTER_TEXT"}]}
RESULT: {}
RESULT: {"script":"<script> [776 bytes]","args":[{"enterText":"WdIOR2cEquiphk8us","selector":{"id":"application-manageresources-display-component---newResourceUnit--resourceId","interaction":{"idSuffix":"inner"}},"clearTextFirst":true,"interactionType":"ENTER_TEXT"}]}
COMMAND: POST /session/1820fae8a81a1c34ca12c99f5ca4f404/execute/async - {"script":"<script> [1562 bytes]","args":[{"selector":{"id":"application-manageresources-display-component---newResourceUnit--SHORT_TEXT","interaction":{"idSuffix":"inner"}},"wdio_ui5_key":"applicationmanageresources-display-component---newResourceUnit--SHORT_TEXT"}]}
RESULT: {"script":"<script> [1562 bytes]","args":[{"selector":{"id":"application-manageresources-display-component---newResourceUnit--SHORT_TEXT","interaction":{"idSuffix":"inner"}},"wdio_ui5_key":"applicationmanageresources-display-component---newResourceUnit--SHORT_TEXT"}]}
RESULT: undefined
COMMAND: POST /session/1820fae8a81a1c34ca12c99f5ca4f404/execute/async - {"script":"<script> [776 bytes]","args":[{"enterText":"WdIOR2cEquiphk8us","selector":{"id":"application-manageresources-display-component---newResourceUnit--SHORT_TEXT","interaction":{"idSuffix":"inner"}},"clearTextFirst":true,"interactionType":"ENTER_TEXT"}]}
RESULT: {"script":"<script> [776 bytes]","args":[{"enterText":"WdIOR2cEquiphk8us","selector":{"id":"application-manageresources-display-component---newResourceUnit--SHORT_TEXT","interaction":{"idSuffix":"inner"}},"clearTextFirst":true,"interactionType":"ENTER_TEXT"}]}
COMMAND: POST /session/1820fae8a81a1c34ca12c99f5ca4f404/execute/async - {"script":"<script> [1562 bytes]","args":[{"selector":{"id":"application-manageresources-display-component---newResourceUnit--BASE_UNIT_OF_MEASURE","interaction":{"idSuffix":"inner"}},"wdio_ui5_key":"applicationmanageresources-display-component---newResourceUnit--BASE_UNIT_OF_MEASURE"}]}
RESULT: {"script":"<script> [1562 bytes]","args":[{"selector":{"id":"application-manageresources-display-component---newResourceUnit--BASE_UNIT_OF_MEASURE","interaction":{"idSuffix":"inner"}},"wdio_ui5_key":"applicationmanageresources-display-component---newResourceUnit--BASE_UNIT_OF_MEASURE"}]}
RESULT: undefined
COMMAND: POST /session/1820fae8a81a1c34ca12c99f5ca4f404/execute/async - {"script":"<script> [776 bytes]","args":[{"enterText":"Piece","selector":{"id":"application-manageresources-display-component---newResourceUnit--BASE_UNIT_OF_MEASURE","interaction":{"idSuffix":"inner"}},"clearTextFirst":true,"interactionType":"ENTER_TEXT"}]}
RESULT: {"script":"<script> [776 bytes]","args":[{"enterText":"Piece","selector":{"id":"application-manageresources-display-component---newResourceUnit--BASE_UNIT_OF_MEASURE","interaction":{"idSuffix":"inner"}},"clearTextFirst":true,"interactionType":"ENTER_TEXT"}]}
COMMAND: POST /session/1820fae8a81a1c34ca12c99f5ca4f404/execute/async - {"script":"<script> [1562 bytes]","args":[{"selector":{"id":"application-manageresources-display-component---newResourceUnit--WEIGHT_UNIT","interaction":{"idSuffix":"inner"}},"wdio_ui5_key":"applicationmanageresources-display-component---newResourceUnit--WEIGHT_UNIT"}]}
RESULT: {"script":"<script> [1562 bytes]","args":[{"selector":{"id":"application-manageresources-display-component---newResourceUnit--WEIGHT_UNIT","interaction":{"idSuffix":"inner"}},"wdio_ui5_key":"applicationmanageresources-display-component---newResourceUnit--WEIGHT_UNIT"}]}
RESULT: undefined
COMMAND: POST /session/1820fae8a81a1c34ca12c99f5ca4f404/execute/async - {"script":"<script> [776 bytes]","args":[{"enterText":"Gram","selector":{"id":"application-manageresources-display-component---newResourceUnit--WEIGHT_UNIT","interaction":{"idSuffix":"inner"}},"clearTextFirst":true,"interactionType":"ENTER_TEXT"}]}
RESULT: {"script":"<script> [776 bytes]","args":[{"enterText":"Gram","selector":{"id":"application-manageresources-display-component---newResourceUnit--WEIGHT_UNIT","interaction":{"idSuffix":"inner"}},"clearTextFirst":true,"interactionType":"ENTER_TEXT"}]}
COMMAND: POST /session/1820fae8a81a1c34ca12c99f5ca4f404/execute/async - {"script":"<script> [1562 bytes]","args":[{"selector":{"id":"application-manageresources-display-component---newResourceUnit--newRRUPage-OPHeaderContent-collapseBtn-img"},"wdio_ui5_key":"applicationmanageresources-display-component---newResourceUnit--newRRUPage-OPHeaderContent-collapseBtn-img"}]}
RESULT: {"script":"<script> [1562 bytes]","args":[{"selector":{"id":"application-manageresources-display-component---newResourceUnit--newRRUPage-OPHeaderContent-collapseBtn-img"},"wdio_ui5_key":"applicationmanageresources-display-component---newResourceUnit--newRRUPage-OPHeaderContent-collapseBtn-img"}]}
RESULT: undefined
COMMAND: POST /session/1820fae8a81a1c34ca12c99f5ca4f404/element - {"using":"xpath","value":"//*[@id=\"application-manageresources-display-component---newResourceUnit--newRRUPage-OPHeaderContent-collapseBtn-img\"]"}
RESULT: {"using":"xpath","value":"//*[@id=\"application-manageresources-display-component---newResourceUnit--newRRUPage-OPHeaderContent-collapseBtn-img\"]"}
COMMAND: POST /session/1820fae8a81a1c34ca12c99f5ca4f404/element/f.043615FDA099A6883ABDD55FCDA43E76.d.EA2EB32627A428F68A130F1AAE2E17ED.e.3924/click - {}
RESULT: {}
COMMAND: GET /session/1820fae8a81a1c34ca12c99f5ca4f404/screenshot - {}
RESULT: {}
COMMAND: POST /session/1820fae8a81a1c34ca12c99f5ca4f404/element - {"using":"xpath","value":"(//span[contains(@id ,\"application-manageresources-display-component---newResourceUnit--DIMENSION_UNIT-arrow\")])[1]"}
RESULT: {"using":"xpath","value":"(//span[contains(@id ,\"application-manageresources-display-component---newResourceUnit--DIMENSION_UNIT-arrow\")])[1]"}
COMMAND: POST /session/1820fae8a81a1c34ca12c99f5ca4f404/element/f.043615FDA099A6883ABDD55FCDA43E76.d.EA2EB32627A428F68A130F1AAE2E17ED.e.4047/click - {}
RESULT: {}
COMMAND: GET /session/1820fae8a81a1c34ca12c99f5ca4f404/screenshot - {}
RESULT: {}
COMMAND: POST /session/1820fae8a81a1c34ca12c99f5ca4f404/execute/async - {"script":"<script> [1562 bytes]","args":[{"selector":{"controlType":"sap.m.StandardListItem","viewName":"reusables.view.manageresources.NewResourceUnit","viewId":"application-manageresources-display-component---newResourceUnit","properties":{"title":"Centimeter"},"searchOpenDialogs":true,"interaction":{"idSuffix":"titleText"}},"wdio_ui5_key":"reusablesview.manageresources.NewResourceUnitsap.m.StandardListItem{\"title\":\"Centimeter\"}"}]}
RESULT: {"script":"<script> [1562 bytes]","args":[{"selector":{"controlType":"sap.m.StandardListItem","viewName":"reusables.view.manageresources.NewResourceUnit","viewId":"application-manageresources-display-component---newResourceUnit","properties":{"title":"Centimeter"},"searchOpenDialogs":true,"interaction":{"idSuffix":"titleText"}},"wdio_ui5_key":"reusablesview.manageresources.NewResourceUnitsap.m.StandardListItem{\"title\":\"Centimeter\"}"}]}
RESULT: undefined
COMMAND: POST /session/1820fae8a81a1c34ca12c99f5ca4f404/element - {"using":"xpath","value":"//*[@id=\"__item221\"]"}
RESULT: {"using":"xpath","value":"//*[@id=\"__item221\"]"}
COMMAND: POST /session/1820fae8a81a1c34ca12c99f5ca4f404/element/f.043615FDA099A6883ABDD55FCDA43E76.d.EA2EB32627A428F68A130F1AAE2E17ED.e.4049/click - {}
RESULT: {}
COMMAND: GET /session/1820fae8a81a1c34ca12c99f5ca4f404/screenshot - {}
RESULT: {}
COMMAND: POST /session/1820fae8a81a1c34ca12c99f5ca4f404/execute/async - {"script":"<script> [1562 bytes]","args":[{"selector":{"id":"application-manageresources-display-component---newResourceUnit--newRRUPage-anchBar-application-manageresources-display-component---newResourceUnit--control-anchor","interaction":{"idSuffix":"BDI-content"}},"wdio_ui5_key":"applicationmanageresources-display-component---newResourceUnit--newRRUPage-anchBar-application-manageresources-display-component---newResourceUnit--control-anchor"}]}
RESULT: {"script":"<script> [1562 bytes]","args":[{"selector":{"id":"application-manageresources-display-component---newResourceUnit--newRRUPage-anchBar-application-manageresources-display-component---newResourceUnit--control-anchor","interaction":{"idSuffix":"BDI-content"}},"wdio_ui5_key":"applicationmanageresources-display-component---newResourceUnit--newRRUPage-anchBar-application-manageresources-display-component---newResourceUnit--control-anchor"}]}
RESULT: undefined
COMMAND: POST /session/1820fae8a81a1c34ca12c99f5ca4f404/element - {"using":"xpath","value":"//*[@id=\"application-manageresources-display-component---newResourceUnit--newRRUPage-anchBar-application-manageresources-display-component---newResourceUnit--control-anchor\"]"}
RESULT: {"using":"xpath","value":"//*[@id=\"application-manageresources-display-component---newResourceUnit--newRRUPage-anchBar-application-manageresources-display-component---newResourceUnit--control-anchor\"]"}
COMMAND: POST /session/1820fae8a81a1c34ca12c99f5ca4f404/element/f.043615FDA099A6883ABDD55FCDA43E76.d.EA2EB32627A428F68A130F1AAE2E17ED.e.4051/click - {}
RESULT: {}
COMMAND: POST /session/1820fae8a81a1c34ca12c99f5ca4f404/execute/async - {"script":"<script> [1562 bytes]","args":[{"selector":{"id":"application-manageresources-display-component---newResourceUnit--PLANNING_GROUP","interaction":{"idSuffix":"inner"}},"wdio_ui5_key":"applicationmanageresources-display-component---newResourceUnit--PLANNING_GROUP"}]}
COMMAND: GET /session/1820fae8a81a1c34ca12c99f5ca4f404/screenshot - {}
RESULT: {"script":"<script> [1562 bytes]","args":[{"selector":{"id":"application-manageresources-display-component---newResourceUnit--PLANNING_GROUP","interaction":{"idSuffix":"inner"}},"wdio_ui5_key":"applicationmanageresources-display-component---newResourceUnit--PLANNING_GROUP"}]}
RESULT: undefined
COMMAND: POST /session/1820fae8a81a1c34ca12c99f5ca4f404/execute/async - {"script":"<script> [776 bytes]","args":[{"enterText":"Heavy Equi","selector":{"id":"application-manageresources-display-component---newResourceUnit--PLANNING_GROUP","interaction":{"idSuffix":"inner"}},"clearTextFirst":true,"interactionType":"ENTER_TEXT"}]}
RESULT: {}
RESULT: {"script":"<script> [776 bytes]","args":[{"enterText":"Heavy Equi","selector":{"id":"application-manageresources-display-component---newResourceUnit--PLANNING_GROUP","interaction":{"idSuffix":"inner"}},"clearTextFirst":true,"interactionType":"ENTER_TEXT"}]}
COMMAND: POST /session/1820fae8a81a1c34ca12c99f5ca4f404/execute/async - {"script":"<script> [1562 bytes]","args":[{"selector":{"id":"application-manageresources-display-component---newResourceUnit--ITEM_TYPE-arrow"},"wdio_ui5_key":"applicationmanageresources-display-component---newResourceUnit--ITEM_TYPE-arrow"}]}
RESULT: {"script":"<script> [1562 bytes]","args":[{"selector":{"id":"application-manageresources-display-component---newResourceUnit--ITEM_TYPE-arrow"},"wdio_ui5_key":"applicationmanageresources-display-component---newResourceUnit--ITEM_TYPE-arrow"}]}
RESULT: undefined
COMMAND: POST /session/1820fae8a81a1c34ca12c99f5ca4f404/element - {"using":"xpath","value":"//*[@id=\"application-manageresources-display-component---newResourceUnit--ITEM_TYPE-arrow\"]"}
RESULT: {"using":"xpath","value":"//*[@id=\"application-manageresources-display-component---newResourceUnit--ITEM_TYPE-arrow\"]"}
COMMAND: POST /session/1820fae8a81a1c34ca12c99f5ca4f404/element/f.043615FDA099A6883ABDD55FCDA43E76.d.EA2EB32627A428F68A130F1AAE2E17ED.e.4056/click - {}
RESULT: {}
COMMAND: POST /session/1820fae8a81a1c34ca12c99f5ca4f404/execute/async - {"script":"<script> [1562 bytes]","args":[{"selector":{"controlType":"sap.m.StandardListItem","viewName":"reusables.view.manageresources.NewResourceUnit","viewId":"application-manageresources-display-component---newResourceUnit","properties":{"title":"Resource Unit"},"searchOpenDialogs":true,"interaction":{"idSuffix":"titleText"}},"wdio_ui5_key":"reusablesview.manageresources.NewResourceUnitsap.m.StandardListItem{\"title\":\"Resource Unit\"}"}]}
COMMAND: GET /session/1820fae8a81a1c34ca12c99f5ca4f404/screenshot - {}
RESULT: {}
RESULT: {"script":"<script> [1562 bytes]","args":[{"selector":{"controlType":"sap.m.StandardListItem","viewName":"reusables.view.manageresources.NewResourceUnit","viewId":"application-manageresources-display-component---newResourceUnit","properties":{"title":"Resource Unit"},"searchOpenDialogs":true,"interaction":{"idSuffix":"titleText"}},"wdio_ui5_key":"reusablesview.manageresources.NewResourceUnitsap.m.StandardListItem{\"title\":\"Resource Unit\"}"}]}
RESULT: undefined
COMMAND: POST /session/1820fae8a81a1c34ca12c99f5ca4f404/element - {"using":"xpath","value":"//*[@id=\"__item243\"]"}
RESULT: {"using":"xpath","value":"//*[@id=\"__item243\"]"}
COMMAND: POST /session/1820fae8a81a1c34ca12c99f5ca4f404/element/f.043615FDA099A6883ABDD55FCDA43E76.d.EA2EB32627A428F68A130F1AAE2E17ED.e.4058/click - {}
RESULT: {}
COMMAND: POST /session/1820fae8a81a1c34ca12c99f5ca4f404/element - {"using":"xpath","value":"//bdi[contains(text(), \"Time Segment\")]"}
COMMAND: GET /session/1820fae8a81a1c34ca12c99f5ca4f404/screenshot - {}
RESULT: {"using":"xpath","value":"//bdi[contains(text(), \"Time Segment\")]"}
COMMAND: GET /session/1820fae8a81a1c34ca12c99f5ca4f404/element/f.043615FDA099A6883ABDD55FCDA43E76.d.EA2EB32627A428F68A130F1AAE2E17ED.e.4059/rect - {}
RESULT: {}
RESULT: {}
COMMAND: GET /session/1820fae8a81a1c34ca12c99f5ca4f404/window/rect - {}
RESULT: {}
COMMAND: POST /session/1820fae8a81a1c34ca12c99f5ca4f404/execute/sync - {"script":"<script> [92 bytes]","args":[]}
RESULT: {"script":"<script> [92 bytes]","args":[]}
COMMAND: POST /session/1820fae8a81a1c34ca12c99f5ca4f404/actions - {"actions":[{"id":"action7","type":"wheel","parameters":{},"actions":[{"type":"scroll","x":-1820,"y":-21,"deltaX":0,"deltaY":0,"duration":0,"origin":{"element-6066-11e4-a52e-4f735466cecf":"f.043615FDA099A6883ABDD55FCDA43E76.d.EA2EB32627A428F68A130F1AAE2E17ED.e.4059"}}]}]}
COMMAND: GET /session/1820fae8a81a1c34ca12c99f5ca4f404/screenshot - {}
RESULT: {}
COMMAND: POST /session/1820fae8a81a1c34ca12c99f5ca4f404/execute/sync - {"script":"<script> [79 bytes]","args":[{"element-6066-11e4-a52e-4f735466cecf":"f.043615FDA099A6883ABDD55FCDA43E76.d.EA2EB32627A428F68A130F1AAE2E17ED.e.4059","ELEMENT":"f.043615FDA099A6883ABDD55FCDA43E76.d.EA2EB32627A428F68A130F1AAE2E17ED.e.4059"},{"block":"start","inline":"nearest"}]}
RESULT: {"script":"<script> [79 bytes]","args":[{"element-6066-11e4-a52e-4f735466cecf":"f.043615FDA099A6883ABDD55FCDA43E76.d.EA2EB32627A428F68A130F1AAE2E17ED.e.4059","ELEMENT":"f.043615FDA099A6883ABDD55FCDA43E76.d.EA2EB32627A428F68A130F1AAE2E17ED.e.4059"},{"block":"start","inline":"nearest"}]}
COMMAND: POST /session/1820fae8a81a1c34ca12c99f5ca4f404/execute/async - {"script":"<script> [1562 bytes]","args":[{"selector":{"id":"application-manageresources-display-component---newResourceUnit--btnAddTimeSegment-img"},"wdio_ui5_key":"applicationmanageresources-display-component---newResourceUnit--btnAddTimeSegment-img"}]}
COMMAND: GET /session/1820fae8a81a1c34ca12c99f5ca4f404/screenshot - {}
RESULT: {"script":"<script> [1562 bytes]","args":[{"selector":{"id":"application-manageresources-display-component---newResourceUnit--btnAddTimeSegment-img"},"wdio_ui5_key":"applicationmanageresources-display-component---newResourceUnit--btnAddTimeSegment-img"}]}
RESULT: undefined
COMMAND: POST /session/1820fae8a81a1c34ca12c99f5ca4f404/element - {"using":"xpath","value":"//*[@id=\"application-manageresources-display-component---newResourceUnit--btnAddTimeSegment-img\"]"}
RESULT: {}
RESULT: {"using":"xpath","value":"//*[@id=\"application-manageresources-display-component---newResourceUnit--btnAddTimeSegment-img\"]"}
COMMAND: POST /session/1820fae8a81a1c34ca12c99f5ca4f404/element/f.043615FDA099A6883ABDD55FCDA43E76.d.EA2EB32627A428F68A130F1AAE2E17ED.e.4062/click - {}
RESULT: {}
COMMAND: GET /session/1820fae8a81a1c34ca12c99f5ca4f404/screenshot - {}
RESULT: {}
COMMAND: POST /session/1820fae8a81a1c34ca12c99f5ca4f404/element - {"using":"xpath","value":"//input[@id=\"application-manageresources-display-component---newResourceUnit--idRuTSAdmin-application-manageresources-display-component---newResourceUnit--RUTimeSegment-0-inner\"]"}
RESULT: {"using":"xpath","value":"//input[@id=\"application-manageresources-display-component---newResourceUnit--idRuTSAdmin-application-manageresources-display-component---newResourceUnit--RUTimeSegment-0-inner\"]"}
COMMAND: POST /session/1820fae8a81a1c34ca12c99f5ca4f404/element/f.043615FDA099A6883ABDD55FCDA43E76.d.EA2EB32627A428F68A130F1AAE2E17ED.e.4066/clear - {}
RESULT: {}
COMMAND: POST /session/1820fae8a81a1c34ca12c99f5ca4f404/element/f.043615FDA099A6883ABDD55FCDA43E76.d.EA2EB32627A428F68A130F1AAE2E17ED.e.4066/value - {"text":"WebdriverYardpv7ub"}
COMMAND: GET /session/1820fae8a81a1c34ca12c99f5ca4f404/screenshot - {}
RESULT: {"text":"WebdriverYardpv7ub"}
COMMAND: GET /session/1820fae8a81a1c34ca12c99f5ca4f404/screenshot - {}
RESULT: {}
RESULT: {}
COMMAND: POST /session/1820fae8a81a1c34ca12c99f5ca4f404/actions - {"actions":[{"id":"action8","type":"key","parameters":{},"actions":[{"type":"keyDown","value":""},{"type":"pause","duration":10},{"type":"keyUp","value":""}]}]}
RESULT: {"actions":[{"id":"action8","type":"key","parameters":{},"actions":[{"type":"keyDown","value":""},{"type":"pause","duration":10},{"type":"keyUp","value":""}]}]}
COMMAND: POST /session/1820fae8a81a1c34ca12c99f5ca4f404/execute/async - {"script":"<script> [1562 bytes]","args":[{"selector":{"controlType":"sap.ui.core.Icon","viewName":"reusables.view.manageresources.NewResourceUnit","viewId":"application-manageresources-display-component---newResourceUnit","properties":{"src":{"regex":{"source":"slim\\-arrow\\-down"}}},"ancestor":{"controlType":"sap.m.ComboBox","viewName":"reusables.view.manageresources.NewResourceUnit","viewId":"application-manageresources-display-component---newResourceUnit","bindingPath":{"path":"/RESOURCE_UNIT_TIME_SEQUENCES/0","propertyPath":"COST_OBJECT_ADMIN_CST_TYPE","modelName":"oNewRruModel"}}},"wdio_ui5_key":"reusablesview.manageresources.NewResourceUnitsap.ui.core.Icon{\"src\":{\"regex\":{\"source\":\"slim\\\\-arrow\\\\-down\"}}}{\"controlType\":\"sap.m.ComboBox\",\"viewName\":\"reusables.view.manageresources.NewResourceUnit\",\"viewId\":\"application-manageresources-display-component---newResourceUnit\",\"bindingPath\":{\"path\":\"/RESOURCE_UNIT_TIME_SEQUENCES/0\",\"propertyPath\":\"COST_OBJECT_ADMIN_CST_TYPE\",\"modelName\":\"oNewRruModel\"}}"}]}
COMMAND: GET /session/1820fae8a81a1c34ca12c99f5ca4f404/screenshot - {}
RESULT: {"script":"<script> [1562 bytes]","args":[{"selector":{"controlType":"sap.ui.core.Icon","viewName":"reusables.view.manageresources.NewResourceUnit","viewId":"application-manageresources-display-component---newResourceUnit","properties":{"src":{"regex":{"source":"slim\\-arrow\\-down"}}},"ancestor":{"controlType":"sap.m.ComboBox","viewName":"reusables.view.manageresources.NewResourceUnit","viewId":"application-manageresources-display-component---newResourceUnit","bindingPath":{"path":"/RESOURCE_UNIT_TIME_SEQUENCES/0","propertyPath":"COST_OBJECT_ADMIN_CST_TYPE","modelName":"oNewRruModel"}}},"wdio_ui5_key":"reusablesview.manageresources.NewResourceUnitsap.ui.core.Icon{\"src\":{\"regex\":{\"source\":\"slim\\\\-arrow\\\\-down\"}}}{\"controlType\":\"sap.m.ComboBox\",\"viewName\":\"reusables.view.manageresources.NewResourceUnit\",\"viewId\":\"application-manageresources-display-component---newResourceUnit\",\"bindingPath\":{\"path\":\"/RESOURCE_UNIT_TIME_SEQUENCES/0\",\"propertyPath\":\"COST_OBJECT_ADMIN_CST_TYPE\",\"modelName\":\"oNewRruModel\"}}"}]}
RESULT: undefined
COMMAND: POST /session/1820fae8a81a1c34ca12c99f5ca4f404/element - {"using":"xpath","value":"//*[@id=\"__box7-application-manageresources-display-component---newResourceUnit--RUTimeSegment-0-arrow\"]"}
RESULT: {}
RESULT: {"using":"xpath","value":"//*[@id=\"__box7-application-manageresources-display-component---newResourceUnit--RUTimeSegment-0-arrow\"]"}
COMMAND: POST /session/1820fae8a81a1c34ca12c99f5ca4f404/element/f.043615FDA099A6883ABDD55FCDA43E76.d.EA2EB32627A428F68A130F1AAE2E17ED.e.4080/click - {}
RESULT: {}
COMMAND: POST /session/1820fae8a81a1c34ca12c99f5ca4f404/execute/async - {"script":"<script> [1562 bytes]","args":[{"selector":{"controlType":"sap.m.StandardListItem","viewName":"reusables.view.manageresources.NewResourceUnit","viewId":"application-manageresources-display-component---newResourceUnit","properties":{"title":"PM Order"},"searchOpenDialogs":true,"interaction":{"idSuffix":"titleText"}},"wdio_ui5_key":"reusablesview.manageresources.NewResourceUnitsap.m.StandardListItem{\"title\":\"PM Order\"}"}]}
COMMAND: GET /session/1820fae8a81a1c34ca12c99f5ca4f404/screenshot - {}
RESULT: {"script":"<script> [1562 bytes]","args":[{"selector":{"controlType":"sap.m.StandardListItem","viewName":"reusables.view.manageresources.NewResourceUnit","viewId":"application-manageresources-display-component---newResourceUnit","properties":{"title":"PM Order"},"searchOpenDialogs":true,"interaction":{"idSuffix":"titleText"}},"wdio_ui5_key":"reusablesview.manageresources.NewResourceUnitsap.m.StandardListItem{\"title\":\"PM Order\"}"}]}
RESULT: undefined
COMMAND: POST /session/1820fae8a81a1c34ca12c99f5ca4f404/element - {"using":"xpath","value":"//*[@id=\"__item1277\"]"}
RESULT: {}
RESULT: {"using":"xpath","value":"//*[@id=\"__item1277\"]"}
COMMAND: POST /session/1820fae8a81a1c34ca12c99f5ca4f404/element/f.043615FDA099A6883ABDD55FCDA43E76.d.EA2EB32627A428F68A130F1AAE2E17ED.e.4084/click - {}
RESULT: {}
COMMAND: GET /session/1820fae8a81a1c34ca12c99f5ca4f404/screenshot - {}
RESULT: {}
COMMAND: POST /session/1820fae8a81a1c34ca12c99f5ca4f404/element - {"using":"xpath","value":"(//input[contains(@id ,\"-application-manageresources-display-component---newResourceUnit--RUTimeSegment-0-inner\")])[8]"}
RESULT: {"using":"xpath","value":"(//input[contains(@id ,\"-application-manageresources-display-component---newResourceUnit--RUTimeSegment-0-inner\")])[8]"}
COMMAND: POST /session/1820fae8a81a1c34ca12c99f5ca4f404/element/f.043615FDA099A6883ABDD55FCDA43E76.d.EA2EB32627A428F68A130F1AAE2E17ED.e.4087/clear - {}
RESULT: {}
COMMAND: POST /session/1820fae8a81a1c34ca12c99f5ca4f404/element/f.043615FDA099A6883ABDD55FCDA43E76.d.EA2EB32627A428F68A130F1AAE2E17ED.e.4087/value - {"text":"4000360"}
COMMAND: GET /session/1820fae8a81a1c34ca12c99f5ca4f404/screenshot - {}
RESULT: {"text":"4000360"}
COMMAND: GET /session/1820fae8a81a1c34ca12c99f5ca4f404/screenshot - {}
RESULT: {}
RESULT: {}
COMMAND: POST /session/1820fae8a81a1c34ca12c99f5ca4f404/actions - {"actions":[{"id":"action9","type":"key","parameters":{},"actions":[{"type":"keyDown","value":""},{"type":"pause","duration":10},{"type":"keyUp","value":""}]}]}
RESULT: {"actions":[{"id":"action9","type":"key","parameters":{},"actions":[{"type":"keyDown","value":""},{"type":"pause","duration":10},{"type":"keyUp","value":""}]}]}
COMMAND: GET /session/1820fae8a81a1c34ca12c99f5ca4f404/screenshot - {}
RESULT: {}
COMMAND: POST /session/1820fae8a81a1c34ca12c99f5ca4f404/element - {"using":"xpath","value":"//input[contains(@id ,\"application-manageresources-display-component---newResourceUnit--newTimeSegmentFromDatePicker-application-manageresources-display-component---newResourceUnit--RUTimeSegment-0-inner\")]"}
RESULT: {"using":"xpath","value":"//input[contains(@id ,\"application-manageresources-display-component---newResourceUnit--newTimeSegmentFromDatePicker-application-manageresources-display-component---newResourceUnit--RUTimeSegment-0-inner\")]"}
COMMAND: POST /session/1820fae8a81a1c34ca12c99f5ca4f404/element/f.043615FDA099A6883ABDD55FCDA43E76.d.EA2EB32627A428F68A130F1AAE2E17ED.e.4073/clear - {}
RESULT: {}
COMMAND: POST /session/1820fae8a81a1c34ca12c99f5ca4f404/element/f.043615FDA099A6883ABDD55FCDA43E76.d.EA2EB32627A428F68A130F1AAE2E17ED.e.4073/clear - {}
COMMAND: GET /session/1820fae8a81a1c34ca12c99f5ca4f404/screenshot - {}
RESULT: {}
COMMAND: POST /session/1820fae8a81a1c34ca12c99f5ca4f404/element/f.043615FDA099A6883ABDD55FCDA43E76.d.EA2EB32627A428F68A130F1AAE2E17ED.e.4073/value - {"text":"06/21/24"}
COMMAND: GET /session/1820fae8a81a1c34ca12c99f5ca4f404/screenshot - {}
RESULT: {}
RESULT: {"text":"06/21/24"}
COMMAND: POST /session/1820fae8a81a1c34ca12c99f5ca4f404/execute/async - {"script":"<script> [1562 bytes]","args":[{"selector":{"id":"application-manageresources-display-component---newResourceUnit--newRRUPage-anchBar-application-manageresources-display-component---newResourceUnit--resource-anchor","interaction":{"idSuffix":"BDI-content"}},"wdio_ui5_key":"applicationmanageresources-display-component---newResourceUnit--newRRUPage-anchBar-application-manageresources-display-component---newResourceUnit--resource-anchor"}]}
COMMAND: GET /session/1820fae8a81a1c34ca12c99f5ca4f404/screenshot - {}
RESULT: {}
RESULT: {"script":"<script> [1562 bytes]","args":[{"selector":{"id":"application-manageresources-display-component---newResourceUnit--newRRUPage-anchBar-application-manageresources-display-component---newResourceUnit--resource-anchor","interaction":{"idSuffix":"BDI-content"}},"wdio_ui5_key":"applicationmanageresources-display-component---newResourceUnit--newRRUPage-anchBar-application-manageresources-display-component---newResourceUnit--resource-anchor"}]}
RESULT: undefined
COMMAND: POST /session/1820fae8a81a1c34ca12c99f5ca4f404/element - {"using":"xpath","value":"//*[@id=\"application-manageresources-display-component---newResourceUnit--newRRUPage-anchBar-application-manageresources-display-component---newResourceUnit--resource-anchor\"]"}
RESULT: {}
RESULT: {"using":"xpath","value":"//*[@id=\"application-manageresources-display-component---newResourceUnit--newRRUPage-anchBar-application-manageresources-display-component---newResourceUnit--resource-anchor\"]"}
COMMAND: POST /session/1820fae8a81a1c34ca12c99f5ca4f404/element/f.043615FDA099A6883ABDD55FCDA43E76.d.EA2EB32627A428F68A130F1AAE2E17ED.e.4094/click - {}
RESULT: {}
COMMAND: POST /session/1820fae8a81a1c34ca12c99f5ca4f404/execute/async - {"script":"<script> [1562 bytes]","args":[{"selector":{"id":"application-manageresources-display-component---newResourceUnit--PLANNED_DELIVERY_DATE","interaction":{"idSuffix":"inner"}},"wdio_ui5_key":"applicationmanageresources-display-component---newResourceUnit--PLANNED_DELIVERY_DATE"}]}
COMMAND: GET /session/1820fae8a81a1c34ca12c99f5ca4f404/screenshot - {}
RESULT: {"script":"<script> [1562 bytes]","args":[{"selector":{"id":"application-manageresources-display-component---newResourceUnit--PLANNED_DELIVERY_DATE","interaction":{"idSuffix":"inner"}},"wdio_ui5_key":"applicationmanageresources-display-component---newResourceUnit--PLANNED_DELIVERY_DATE"}]}
RESULT: undefined
COMMAND: POST /session/1820fae8a81a1c34ca12c99f5ca4f404/execute/async - {"script":"<script> [6424 bytes]","args":[{"element-6066-11e4-a52e-4f735466cecf":"f.043615FDA099A6883ABDD55FCDA43E76.d.EA2EB32627A428F68A130F1AAE2E17ED.e.3970"},"setValue",["06/21/24"]]}
RESULT: {}
RESULT: {"script":"<script> [6424 bytes]","args":[{"element-6066-11e4-a52e-4f735466cecf":"f.043615FDA099A6883ABDD55FCDA43E76.d.EA2EB32627A428F68A130F1AAE2E17ED.e.3970"},"setValue",["06/21/24"]]}
COMMAND: POST /session/1820fae8a81a1c34ca12c99f5ca4f404/execute/async - {"script":"<script> [1562 bytes]","args":[{"selector":{"id":"application-manageresources-display-component---newResourceUnit--RETIRE_PLANNED_DATE","interaction":{"idSuffix":"inner"}},"wdio_ui5_key":"applicationmanageresources-display-component---newResourceUnit--RETIRE_PLANNED_DATE"}]}
RESULT: {"script":"<script> [1562 bytes]","args":[{"selector":{"id":"application-manageresources-display-component---newResourceUnit--RETIRE_PLANNED_DATE","interaction":{"idSuffix":"inner"}},"wdio_ui5_key":"applicationmanageresources-display-component---newResourceUnit--RETIRE_PLANNED_DATE"}]}
RESULT: undefined
COMMAND: POST /session/1820fae8a81a1c34ca12c99f5ca4f404/execute/async - {"script":"<script> [776 bytes]","args":[{"enterText":"3/14/29","selector":{"id":"application-manageresources-display-component---newResourceUnit--RETIRE_PLANNED_DATE","interaction":{"idSuffix":"inner"}},"clearTextFirst":true,"interactionType":"ENTER_TEXT"}]}
RESULT: {"script":"<script> [776 bytes]","args":[{"enterText":"3/14/29","selector":{"id":"application-manageresources-display-component---newResourceUnit--RETIRE_PLANNED_DATE","interaction":{"idSuffix":"inner"}},"clearTextFirst":true,"interactionType":"ENTER_TEXT"}]}
COMMAND: POST /session/1820fae8a81a1c34ca12c99f5ca4f404/execute/async - {"script":"<script> [1562 bytes]","args":[{"selector":{"controlType":"sap.m.Button","viewName":"reusables.view.manageresources.NewResourceUnit","viewId":"application-manageresources-display-component---newResourceUnit","i18NText":{"propertyName":"tooltip","key":"save"},"interaction":{"idSuffix":"BDI-content"}},"wdio_ui5_key":"reusablesview.manageresources.NewResourceUnitsap.m.Button{\"propertyName\":\"tooltip\",\"key\":\"save\"}"}]}
RESULT: {"script":"<script> [1562 bytes]","args":[{"selector":{"controlType":"sap.m.Button","viewName":"reusables.view.manageresources.NewResourceUnit","viewId":"application-manageresources-display-component---newResourceUnit","i18NText":{"propertyName":"tooltip","key":"save"},"interaction":{"idSuffix":"BDI-content"}},"wdio_ui5_key":"reusablesview.manageresources.NewResourceUnitsap.m.Button{\"propertyName\":\"tooltip\",\"key\":\"save\"}"}]}
RESULT: undefined
COMMAND: POST /session/1820fae8a81a1c34ca12c99f5ca4f404/element - {"using":"xpath","value":"//*[@id=\"application-manageresources-display-component---newResourceUnit--createRuButton\"]"}
RESULT: {"using":"xpath","value":"//*[@id=\"application-manageresources-display-component---newResourceUnit--createRuButton\"]"}
COMMAND: POST /session/1820fae8a81a1c34ca12c99f5ca4f404/element/f.043615FDA099A6883ABDD55FCDA43E76.d.EA2EB32627A428F68A130F1AAE2E17ED.e.3930/click - {}
RESULT: {}
COMMAND: GET /session/1820fae8a81a1c34ca12c99f5ca4f404/screenshot - {}
RESULT: {}
COMMAND: POST /session/1820fae8a81a1c34ca12c99f5ca4f404/execute/async - {"script":"<script> [1562 bytes]","args":[{"selector":{"controlType":"sap.m.Button","properties":{"text":"Close"},"searchOpenDialogs":true,"interaction":{"idSuffix":"inner"}},"wdio_ui5_key":"sapm.Button{\"text\":\"Close\"}"}]}
RESULT: {"script":"<script> [1562 bytes]","args":[{"selector":{"controlType":"sap.m.Button","properties":{"text":"Close"},"searchOpenDialogs":true,"interaction":{"idSuffix":"inner"}},"wdio_ui5_key":"sapm.Button{\"text\":\"Close\"}"}]}
RESULT: undefined
COMMAND: POST /session/1820fae8a81a1c34ca12c99f5ca4f404/element - {"using":"xpath","value":"//*[@id=\"__mbox-btn-0\"]"}
RESULT: {"using":"xpath","value":"//*[@id=\"__mbox-btn-0\"]"}
COMMAND: POST /session/1820fae8a81a1c34ca12c99f5ca4f404/element/f.043615FDA099A6883ABDD55FCDA43E76.d.EA2EB32627A428F68A130F1AAE2E17ED.e.4101/click - {}
RESULT: {}
COMMAND: GET /session/1820fae8a81a1c34ca12c99f5ca4f404/screenshot - {}
COMMAND: POST /session/1820fae8a81a1c34ca12c99f5ca4f404/execute/async - {"script":"<script> [1562 bytes]","args":[{"selector":{"controlType":"sap.m.Text","viewName":"etm.portal.ui.manageresources.view.Detail","viewId":"application-manageresources-display-component---detailRU","bindingPath":{"propertyPath":"ID","modelName":"catalogModel"}},"wdio_ui5_key":"etmportal.ui.manageresources.view.Detailsap.m.Text{\"propertyPath\":\"ID\",\"modelName\":\"catalogModel\"}"}]}
RESULT: {}
RESULT: {"script":"<script> [1562 bytes]","args":[{"selector":{"controlType":"sap.m.Text","viewName":"etm.portal.ui.manageresources.view.Detail","viewId":"application-manageresources-display-component---detailRU","bindingPath":{"propertyPath":"ID","modelName":"catalogModel"}},"wdio_ui5_key":"etmportal.ui.manageresources.view.Detailsap.m.Text{\"propertyPath\":\"ID\",\"modelName\":\"catalogModel\"}"}]}
RESULT: undefined
COMMAND: POST /session/1820fae8a81a1c34ca12c99f5ca4f404/execute/async - {"script":"<script> [6424 bytes]","args":[{"element-6066-11e4-a52e-4f735466cecf":"f.043615FDA099A6883ABDD55FCDA43E76.d.EA2EB32627A428F68A130F1AAE2E17ED.e.4160"},"getText",[]]}
RESULT: {"script":"<script> [6424 bytes]","args":[{"element-6066-11e4-a52e-4f735466cecf":"f.043615FDA099A6883ABDD55FCDA43E76.d.EA2EB32627A428F68A130F1AAE2E17ED.e.4160"},"getText",[]]}
COMMAND: POST /session/1820fae8a81a1c34ca12c99f5ca4f404/element - {"using":"css selector","value":"#shell-header-logo"}
RESULT: {"using":"css selector","value":"#shell-header-logo"}
COMMAND: POST /session/1820fae8a81a1c34ca12c99f5ca4f404/element/f.043615FDA099A6883ABDD55FCDA43E76.d.EA2EB32627A428F68A130F1AAE2E17ED.e.3557/click - {}
RESULT: {}
COMMAND: GET /session/1820fae8a81a1c34ca12c99f5ca4f404/screenshot - {}
RESULT: {}
COMMAND: POST /session/1820fae8a81a1c34ca12c99f5ca4f404/execute/async - {"script":"<script> [1562 bytes]","args":[{"selector":{"controlType":"sap.m.GenericTile","properties":{"header":"Manage Catalogs"}},"wdio_ui5_key":"sapm.GenericTile{\"header\":\"Manage Catalogs\"}"}]}
RESULT: {"script":"<script> [1562 bytes]","args":[{"selector":{"controlType":"sap.m.GenericTile","properties":{"header":"Manage Catalogs"}},"wdio_ui5_key":"sapm.GenericTile{\"header\":\"Manage Catalogs\"}"}]}
RESULT: undefined
COMMAND: POST /session/1820fae8a81a1c34ca12c99f5ca4f404/element - {"using":"xpath","value":"//*[@id=\"__tile37\"]"}
RESULT: {"using":"xpath","value":"//*[@id=\"__tile37\"]"}
COMMAND: POST /session/1820fae8a81a1c34ca12c99f5ca4f404/element/f.043615FDA099A6883ABDD55FCDA43E76.d.EA2EB32627A428F68A130F1AAE2E17ED.e.4162/click - {}
RESULT: {}
COMMAND: GET /session/1820fae8a81a1c34ca12c99f5ca4f404/screenshot - {}
RESULT: {}
COMMAND: POST /session/1820fae8a81a1c34ca12c99f5ca4f404/elements - {"using":"xpath","value":"//span[text()='Error']"}
RESULT: {"using":"xpath","value":"//span[text()='Error']"}
COMMAND: POST /session/1820fae8a81a1c34ca12c99f5ca4f404/execute/async - {"script":"<script> [1562 bytes]","args":[{"selector":{"controlType":"sap.m.Text","viewName":"etm.portal.ui.managecatalogs.view.MasterCatalogs","viewId":"application-managecatalogs-display-component---masterCatalogs","bindingPath":{"path":"/Catalogs('0D7502D073D53A0F1700BE067B89AFF9')","propertyPath":"DESCRIPTION","modelName":"catalogModel"}},"wdio_ui5_key":"etmportal.ui.managecatalogs.view.MasterCatalogssap.m.Text{\"path\":\"/Catalogs('0D7502D073D53A0F1700BE067B89AFF9')\",\"propertyPath\":\"DESCRIPTION\",\"modelName\":\"catalogModel\"}"}]}
RESULT: {"script":"<script> [1562 bytes]","args":[{"selector":{"controlType":"sap.m.Text","viewName":"etm.portal.ui.managecatalogs.view.MasterCatalogs","viewId":"application-managecatalogs-display-component---masterCatalogs","bindingPath":{"path":"/Catalogs('0D7502D073D53A0F1700BE067B89AFF9')","propertyPath":"DESCRIPTION","modelName":"catalogModel"}},"wdio_ui5_key":"etmportal.ui.managecatalogs.view.MasterCatalogssap.m.Text{\"path\":\"/Catalogs('0D7502D073D53A0F1700BE067B89AFF9')\",\"propertyPath\":\"DESCRIPTION\",\"modelName\":\"catalogModel\"}"}]}
RESULT: undefined
COMMAND: POST /session/1820fae8a81a1c34ca12c99f5ca4f404/element - {"using":"xpath","value":"//*[@id=\"__text919-application-managecatalogs-display-component---masterCatalogs--CatalogsTable-11\"]"}
RESULT: {"using":"xpath","value":"//*[@id=\"__text919-application-managecatalogs-display-component---masterCatalogs--CatalogsTable-11\"]"}
COMMAND: POST /session/1820fae8a81a1c34ca12c99f5ca4f404/element/f.043615FDA099A6883ABDD55FCDA43E76.d.EA2EB32627A428F68A130F1AAE2E17ED.e.4231/click - {}
RESULT: {}
COMMAND: POST /session/1820fae8a81a1c34ca12c99f5ca4f404/execute/async - {"script":"<script> [1562 bytes]","args":[{"selector":{"controlType":"sap.ui.layout.HorizontalLayout","viewName":"etm.portal.ui.managecatalogs.view.MasterItems","viewId":"application-managecatalogs-display-component---masterCatalogItems","ancestor":{"id":"application-managecatalogs-display-component---masterCatalogItems--idCatalogItemsTree-rows-row0"}},"wdio_ui5_key":"etmportal.ui.managecatalogs.view.MasterItemssap.ui.layout.HorizontalLayout{\"id\":\"application-managecatalogs-display-component---masterCatalogItems--idCatalogItemsTree-rows-row0\"}"}]}
COMMAND: GET /session/1820fae8a81a1c34ca12c99f5ca4f404/screenshot - {}
RESULT: {"script":"<script> [1562 bytes]","args":[{"selector":{"controlType":"sap.ui.layout.HorizontalLayout","viewName":"etm.portal.ui.managecatalogs.view.MasterItems","viewId":"application-managecatalogs-display-component---masterCatalogItems","ancestor":{"id":"application-managecatalogs-display-component---masterCatalogItems--idCatalogItemsTree-rows-row0"}},"wdio_ui5_key":"etmportal.ui.managecatalogs.view.MasterItemssap.ui.layout.HorizontalLayout{\"id\":\"application-managecatalogs-display-component---masterCatalogItems--idCatalogItemsTree-rows-row0\"}"}]}
RESULT: undefined
COMMAND: POST /session/1820fae8a81a1c34ca12c99f5ca4f404/element - {"using":"xpath","value":"//*[@id=\"__layout279-__clone3672\"]"}
RESULT: {}
RESULT: {"using":"xpath","value":"//*[@id=\"__layout279-__clone3672\"]"}
COMMAND: POST /session/1820fae8a81a1c34ca12c99f5ca4f404/element/f.043615FDA099A6883ABDD55FCDA43E76.d.EA2EB32627A428F68A130F1AAE2E17ED.e.4266/click - {}
RESULT: {}
COMMAND: GET /session/1820fae8a81a1c34ca12c99f5ca4f404/screenshot - {}
COMMAND: POST /session/1820fae8a81a1c34ca12c99f5ca4f404/execute/async - {"script":"<script> [1562 bytes]","args":[{"selector":{"controlType":"sap.m.Button","viewName":"etm.portal.ui.managecatalogs.view.Detail","viewId":"application-managecatalogs-display-component---detailCatalog","i18NText":{"propertyName":"text","key":"edit"},"interaction":{"idSuffix":"BDI-content"}},"wdio_ui5_key":"etmportal.ui.managecatalogs.view.Detailsap.m.Button{\"propertyName\":\"text\",\"key\":\"edit\"}"}]}
RESULT: {}
RESULT: {"script":"<script> [1562 bytes]","args":[{"selector":{"controlType":"sap.m.Button","viewName":"etm.portal.ui.managecatalogs.view.Detail","viewId":"application-managecatalogs-display-component---detailCatalog","i18NText":{"propertyName":"text","key":"edit"},"interaction":{"idSuffix":"BDI-content"}},"wdio_ui5_key":"etmportal.ui.managecatalogs.view.Detailsap.m.Button{\"propertyName\":\"text\",\"key\":\"edit\"}"}]}
RESULT: undefined
COMMAND: POST /session/1820fae8a81a1c34ca12c99f5ca4f404/element - {"using":"xpath","value":"//*[@id=\"__button118\"]"}
RESULT: {"using":"xpath","value":"//*[@id=\"__button118\"]"}
COMMAND: POST /session/1820fae8a81a1c34ca12c99f5ca4f404/element/f.043615FDA099A6883ABDD55FCDA43E76.d.EA2EB32627A428F68A130F1AAE2E17ED.e.4383/click - {}
RESULT: {}
COMMAND: GET /session/1820fae8a81a1c34ca12c99f5ca4f404/screenshot - {}
RESULT: {}
COMMAND: POST /session/1820fae8a81a1c34ca12c99f5ca4f404/element - {"using":"xpath","value":"//bdi[contains(text(), \"Unlock\")]"}
RESULT: {"using":"xpath","value":"//bdi[contains(text(), \"Unlock\")]"}
COMMAND: POST /session/1820fae8a81a1c34ca12c99f5ca4f404/elements - {"using":"xpath","value":"//bdi[contains(text(), \"Unlock\")]"}
RESULT: {"using":"xpath","value":"//bdi[contains(text(), \"Unlock\")]"}
COMMAND: POST /session/1820fae8a81a1c34ca12c99f5ca4f404/execute/async - {"script":"<script> [1562 bytes]","args":[{"selector":{"controlType":"sap.ui.core.Icon","viewName":"etm.portal.ui.managecatalogs.view.Detail","viewId":"application-managecatalogs-display-component---detailCatalog","properties":{"src":{"regex":{"source":"add\\-folder"}}}},"wdio_ui5_key":"etmportal.ui.managecatalogs.view.Detailsap.ui.core.Icon{\"src\":{\"regex\":{\"source\":\"add\\\\-folder\"}}}"}]}
RESULT: {"script":"<script> [1562 bytes]","args":[{"selector":{"controlType":"sap.ui.core.Icon","viewName":"etm.portal.ui.managecatalogs.view.Detail","viewId":"application-managecatalogs-display-component---detailCatalog","properties":{"src":{"regex":{"source":"add\\-folder"}}}},"wdio_ui5_key":"etmportal.ui.managecatalogs.view.Detailsap.ui.core.Icon{\"src\":{\"regex\":{\"source\":\"add\\\\-folder\"}}}"}]}
RESULT: undefined
COMMAND: POST /session/1820fae8a81a1c34ca12c99f5ca4f404/element - {"using":"xpath","value":"//*[@id=\"__button126-img\"]"}
RESULT: {"using":"xpath","value":"//*[@id=\"__button126-img\"]"}
COMMAND: POST /session/1820fae8a81a1c34ca12c99f5ca4f404/element/f.043615FDA099A6883ABDD55FCDA43E76.d.EA2EB32627A428F68A130F1AAE2E17ED.e.4390/click - {}
RESULT: {}
COMMAND: GET /session/1820fae8a81a1c34ca12c99f5ca4f404/screenshot - {}
RESULT: {}
COMMAND: POST /session/1820fae8a81a1c34ca12c99f5ca4f404/execute/async - {"script":"<script> [1562 bytes]","args":[{"selector":{"id":"application-managecatalogs-display-component---detailCatalog--numberInput","searchOpenDialogs":true,"interaction":{"idSuffix":"inner"}},"wdio_ui5_key":"applicationmanagecatalogs-display-component---detailCatalog--numberInput"}]}
RESULT: {"script":"<script> [1562 bytes]","args":[{"selector":{"id":"application-managecatalogs-display-component---detailCatalog--numberInput","searchOpenDialogs":true,"interaction":{"idSuffix":"inner"}},"wdio_ui5_key":"applicationmanagecatalogs-display-component---detailCatalog--numberInput"}]}
RESULT: undefined
COMMAND: POST /session/1820fae8a81a1c34ca12c99f5ca4f404/execute/async - {"script":"<script> [776 bytes]","args":[{"enterText":"Sectionmu1ynk","selector":{"id":"application-managecatalogs-display-component---detailCatalog--numberInput","searchOpenDialogs":true,"interaction":{"idSuffix":"inner"}},"clearTextFirst":true,"interactionType":"ENTER_TEXT"}]}
RESULT: {"script":"<script> [776 bytes]","args":[{"enterText":"Sectionmu1ynk","selector":{"id":"application-managecatalogs-display-component---detailCatalog--numberInput","searchOpenDialogs":true,"interaction":{"idSuffix":"inner"}},"clearTextFirst":true,"interactionType":"ENTER_TEXT"}]}
COMMAND: POST /session/1820fae8a81a1c34ca12c99f5ca4f404/element - {"using":"css selector","value":"#application-managecatalogs-display-component---detailCatalog--nameInput-inner"}
RESULT: {"using":"css selector","value":"#application-managecatalogs-display-component---detailCatalog--nameInput-inner"}
COMMAND: POST /session/1820fae8a81a1c34ca12c99f5ca4f404/elements - {"using":"css selector","value":"#application-managecatalogs-display-component---detailCatalog--nameInput-inner"}
RESULT: {"using":"css selector","value":"#application-managecatalogs-display-component---detailCatalog--nameInput-inner"}
COMMAND: POST /session/1820fae8a81a1c34ca12c99f5ca4f404/element/f.043615FDA099A6883ABDD55FCDA43E76.d.EA2EB32627A428F68A130F1AAE2E17ED.e.4394/clear - {}
RESULT: {}
COMMAND: POST /session/1820fae8a81a1c34ca12c99f5ca4f404/element/f.043615FDA099A6883ABDD55FCDA43E76.d.EA2EB32627A428F68A130F1AAE2E17ED.e.4394/value - {"text":"Webdriver2zg9ai"}
COMMAND: GET /session/1820fae8a81a1c34ca12c99f5ca4f404/screenshot - {}
RESULT: {"text":"Webdriver2zg9ai"}
COMMAND: POST /session/1820fae8a81a1c34ca12c99f5ca4f404/execute/async - {"script":"<script> [1562 bytes]","args":[{"selector":{"controlType":"sap.m.Button","viewName":"etm.portal.ui.managecatalogs.view.Detail","viewId":"application-managecatalogs-display-component---detailCatalog","i18NText":{"propertyName":"text","key":"create"},"searchOpenDialogs":true,"interaction":{"idSuffix":"BDI-content"}},"wdio_ui5_key":"etmportal.ui.managecatalogs.view.Detailsap.m.Button{\"propertyName\":\"text\",\"key\":\"create\"}"}]}
COMMAND: GET /session/1820fae8a81a1c34ca12c99f5ca4f404/screenshot - {}
RESULT: {}
RESULT: {"script":"<script> [1562 bytes]","args":[{"selector":{"controlType":"sap.m.Button","viewName":"etm.portal.ui.managecatalogs.view.Detail","viewId":"application-managecatalogs-display-component---detailCatalog","i18NText":{"propertyName":"text","key":"create"},"searchOpenDialogs":true,"interaction":{"idSuffix":"BDI-content"}},"wdio_ui5_key":"etmportal.ui.managecatalogs.view.Detailsap.m.Button{\"propertyName\":\"text\",\"key\":\"create\"}"}]}
RESULT: undefined
COMMAND: POST /session/1820fae8a81a1c34ca12c99f5ca4f404/element - {"using":"xpath","value":"//*[@id=\"__button96\"]"}
RESULT: {}
RESULT: {"using":"xpath","value":"//*[@id=\"__button96\"]"}
COMMAND: POST /session/1820fae8a81a1c34ca12c99f5ca4f404/element/f.043615FDA099A6883ABDD55FCDA43E76.d.EA2EB32627A428F68A130F1AAE2E17ED.e.4399/click - {}
RESULT: {}
COMMAND: GET /session/1820fae8a81a1c34ca12c99f5ca4f404/screenshot - {}
RESULT: {}
COMMAND: POST /session/1820fae8a81a1c34ca12c99f5ca4f404/element - {"using":"xpath","value":"//button[@title=\"Save\"]"}
RESULT: {"using":"xpath","value":"//button[@title=\"Save\"]"}
COMMAND: POST /session/1820fae8a81a1c34ca12c99f5ca4f404/element/f.043615FDA099A6883ABDD55FCDA43E76.d.EA2EB32627A428F68A130F1AAE2E17ED.e.4400/click - {}
RESULT: {}
COMMAND: POST /session/1820fae8a81a1c34ca12c99f5ca4f404/execute/async - {"script":"<script> [1562 bytes]","args":[{"selector":{"controlType":"sap.ui.core.Icon","viewName":"etm.portal.ui.managecatalogs.view.Detail","viewId":"application-managecatalogs-display-component---detailCatalog","properties":{"src":{"regex":{"source":"decline"}}}},"wdio_ui5_key":"etmportal.ui.managecatalogs.view.Detailsap.ui.core.Icon{\"src\":{\"regex\":{\"source\":\"decline\"}}}"}]}
COMMAND: GET /session/1820fae8a81a1c34ca12c99f5ca4f404/screenshot - {}
RESULT: {"script":"<script> [1562 bytes]","args":[{"selector":{"controlType":"sap.ui.core.Icon","viewName":"etm.portal.ui.managecatalogs.view.Detail","viewId":"application-managecatalogs-display-component---detailCatalog","properties":{"src":{"regex":{"source":"decline"}}}},"wdio_ui5_key":"etmportal.ui.managecatalogs.view.Detailsap.ui.core.Icon{\"src\":{\"regex\":{\"source\":\"decline\"}}}"}]}
RESULT: undefined
COMMAND: POST /session/1820fae8a81a1c34ca12c99f5ca4f404/element - {"using":"xpath","value":"//*[@id=\"__button121-img\"]"}
RESULT: {}
RESULT: {"using":"xpath","value":"//*[@id=\"__button121-img\"]"}
COMMAND: POST /session/1820fae8a81a1c34ca12c99f5ca4f404/element/f.043615FDA099A6883ABDD55FCDA43E76.d.EA2EB32627A428F68A130F1AAE2E17ED.e.4405/click - {}
RESULT: {}
COMMAND: GET /session/1820fae8a81a1c34ca12c99f5ca4f404/screenshot - {}
RESULT: {}
COMMAND: POST /session/1820fae8a81a1c34ca12c99f5ca4f404/execute/async - {"script":"<script> [1562 bytes]","args":[{"selector":{"controlType":"sap.ui.core.Icon","viewName":"etm.portal.ui.managecatalogs.view.MasterItems","viewId":"application-managecatalogs-display-component---masterCatalogItems","properties":{"src":{"regex":{"source":"refresh"}}}},"wdio_ui5_key":"etmportal.ui.managecatalogs.view.MasterItemssap.ui.core.Icon{\"src\":{\"regex\":{\"source\":\"refresh\"}}}"}]}
RESULT: {"script":"<script> [1562 bytes]","args":[{"selector":{"controlType":"sap.ui.core.Icon","viewName":"etm.portal.ui.managecatalogs.view.MasterItems","viewId":"application-managecatalogs-display-component---masterCatalogItems","properties":{"src":{"regex":{"source":"refresh"}}}},"wdio_ui5_key":"etmportal.ui.managecatalogs.view.MasterItemssap.ui.core.Icon{\"src\":{\"regex\":{\"source\":\"refresh\"}}}"}]}
RESULT: undefined
COMMAND: POST /session/1820fae8a81a1c34ca12c99f5ca4f404/element - {"using":"xpath","value":"//*[@id=\"__button94-img\"]"}
RESULT: {"using":"xpath","value":"//*[@id=\"__button94-img\"]"}
COMMAND: POST /session/1820fae8a81a1c34ca12c99f5ca4f404/element/f.043615FDA099A6883ABDD55FCDA43E76.d.EA2EB32627A428F68A130F1AAE2E17ED.e.4442/click - {}
RESULT: {}
COMMAND: POST /session/1820fae8a81a1c34ca12c99f5ca4f404/execute/async - {"script":"<script> [1562 bytes]","args":[{"selector":{"id":"application-managecatalogs-display-component---masterCatalogItems--searchItemsField","interaction":{"idSuffix":"I"}},"wdio_ui5_key":"applicationmanagecatalogs-display-component---masterCatalogItems--searchItemsField"}]}
COMMAND: GET /session/1820fae8a81a1c34ca12c99f5ca4f404/screenshot - {}
RESULT: {"script":"<script> [1562 bytes]","args":[{"selector":{"id":"application-managecatalogs-display-component---masterCatalogItems--searchItemsField","interaction":{"idSuffix":"I"}},"wdio_ui5_key":"applicationmanagecatalogs-display-component---masterCatalogItems--searchItemsField"}]}
RESULT: undefined
COMMAND: POST /session/1820fae8a81a1c34ca12c99f5ca4f404/execute/async - {"script":"<script> [776 bytes]","args":[{"enterText":"Webdriver2zg9ai","selector":{"id":"application-managecatalogs-display-component---masterCatalogItems--searchItemsField","interaction":{"idSuffix":"I"}},"clearTextFirst":true,"interactionType":"ENTER_TEXT"}]}
RESULT: {}
RESULT: {"script":"<script> [776 bytes]","args":[{"enterText":"Webdriver2zg9ai","selector":{"id":"application-managecatalogs-display-component---masterCatalogItems--searchItemsField","interaction":{"idSuffix":"I"}},"clearTextFirst":true,"interactionType":"ENTER_TEXT"}]}
COMMAND: POST /session/1820fae8a81a1c34ca12c99f5ca4f404/actions - {"actions":[{"id":"action10","type":"key","parameters":{},"actions":[{"type":"keyDown","value":""},{"type":"pause","duration":10},{"type":"keyUp","value":""}]}]}
RESULT: {"actions":[{"id":"action10","type":"key","parameters":{},"actions":[{"type":"keyDown","value":""},{"type":"pause","duration":10},{"type":"keyUp","value":""}]}]}
COMMAND: POST /session/1820fae8a81a1c34ca12c99f5ca4f404/element - {"using":"xpath","value":"(//span[contains(text(), \"Webdriver2zg9ai\")])[1]"}
COMMAND: GET /session/1820fae8a81a1c34ca12c99f5ca4f404/screenshot - {}
RESULT: {"using":"xpath","value":"(//span[contains(text(), \"Webdriver2zg9ai\")])[1]"}
COMMAND: POST /session/1820fae8a81a1c34ca12c99f5ca4f404/element/f.043615FDA099A6883ABDD55FCDA43E76.d.EA2EB32627A428F68A130F1AAE2E17ED.e.4445/click - {}
RESULT: {}
RESULT: {}
COMMAND: GET /session/1820fae8a81a1c34ca12c99f5ca4f404/screenshot - {}
RESULT: {}
RESULT: undefined
COMMAND: POST /session/1820fae8a81a1c34ca12c99f5ca4f404/element - {"using":"xpath","value":"//*[@id=\"__button118\"]"}
RESULT: {"using":"xpath","value":"//*[@id=\"__button118\"]"}
COMMAND: POST /session/1820fae8a81a1c34ca12c99f5ca4f404/element/f.043615FDA099A6883ABDD55FCDA43E76.d.EA2EB32627A428F68A130F1AAE2E17ED.e.4516/click - {}
RESULT: {}
COMMAND: GET /session/1820fae8a81a1c34ca12c99f5ca4f404/screenshot - {}
RESULT: {}
RESULT: undefined
COMMAND: POST /session/1820fae8a81a1c34ca12c99f5ca4f404/element - {"using":"xpath","value":"//*[@id=\"__button126-img\"]"}
RESULT: {"using":"xpath","value":"//*[@id=\"__button126-img\"]"}
COMMAND: POST /session/1820fae8a81a1c34ca12c99f5ca4f404/element/f.043615FDA099A6883ABDD55FCDA43E76.d.EA2EB32627A428F68A130F1AAE2E17ED.e.4533/click - {}
RESULT: {}
COMMAND: GET /session/1820fae8a81a1c34ca12c99f5ca4f404/screenshot - {}
RESULT: {}
RESULT: undefined
COMMAND: POST /session/1820fae8a81a1c34ca12c99f5ca4f404/execute/async - {"script":"<script> [776 bytes]","args":[{"enterText":"SecondSectiongzlkn","selector":{"id":"application-managecatalogs-display-component---detailCatalog--numberInput","searchOpenDialogs":true,"interaction":{"idSuffix":"inner"}},"clearTextFirst":true,"interactionType":"ENTER_TEXT"}]}
RESULT: {"script":"<script> [776 bytes]","args":[{"enterText":"SecondSectiongzlkn","selector":{"id":"application-managecatalogs-display-component---detailCatalog--numberInput","searchOpenDialogs":true,"interaction":{"idSuffix":"inner"}},"clearTextFirst":true,"interactionType":"ENTER_TEXT"}]}
COMMAND: POST /session/1820fae8a81a1c34ca12c99f5ca4f404/element - {"using":"xpath","value":"//input[contains(@id ,\"application-managecatalogs-display-component---detailCatalog--nameInput-inner\")]"}
RESULT: {"using":"xpath","value":"//input[contains(@id ,\"application-managecatalogs-display-component---detailCatalog--nameInput-inner\")]"}
COMMAND: POST /session/1820fae8a81a1c34ca12c99f5ca4f404/elements - {"using":"xpath","value":"//input[contains(@id ,\"application-managecatalogs-display-component---detailCatalog--nameInput-inner\")]"}
RESULT: {"using":"xpath","value":"//input[contains(@id ,\"application-managecatalogs-display-component---detailCatalog--nameInput-inner\")]"}
COMMAND: POST /session/1820fae8a81a1c34ca12c99f5ca4f404/element/f.043615FDA099A6883ABDD55FCDA43E76.d.EA2EB32627A428F68A130F1AAE2E17ED.e.4536/clear - {}
RESULT: {}
COMMAND: POST /session/1820fae8a81a1c34ca12c99f5ca4f404/element/f.043615FDA099A6883ABDD55FCDA43E76.d.EA2EB32627A428F68A130F1AAE2E17ED.e.4536/value - {"text":"webdriversecondv8kyi"}
COMMAND: GET /session/1820fae8a81a1c34ca12c99f5ca4f404/screenshot - {}
RESULT: {"text":"webdriversecondv8kyi"}
RESULT: undefined
COMMAND: POST /session/1820fae8a81a1c34ca12c99f5ca4f404/element - {"using":"xpath","value":"//*[@id=\"__button96\"]"}
COMMAND: GET /session/1820fae8a81a1c34ca12c99f5ca4f404/screenshot - {}
RESULT: {}
RESULT: {"using":"xpath","value":"//*[@id=\"__button96\"]"}
COMMAND: POST /session/1820fae8a81a1c34ca12c99f5ca4f404/element/f.043615FDA099A6883ABDD55FCDA43E76.d.EA2EB32627A428F68A130F1AAE2E17ED.e.4540/click - {}
RESULT: {}
RESULT: {}
COMMAND: GET /session/1820fae8a81a1c34ca12c99f5ca4f404/screenshot - {}
RESULT: {}
COMMAND: POST /session/1820fae8a81a1c34ca12c99f5ca4f404/element - {"using":"xpath","value":"//button[@title=\"Save\"]"}
RESULT: {"using":"xpath","value":"//button[@title=\"Save\"]"}
COMMAND: POST /session/1820fae8a81a1c34ca12c99f5ca4f404/element/f.043615FDA099A6883ABDD55FCDA43E76.d.EA2EB32627A428F68A130F1AAE2E17ED.e.4520/click - {}
RESULT: {}
COMMAND: GET /session/1820fae8a81a1c34ca12c99f5ca4f404/screenshot - {}
RESULT: {}
RESULT: undefined
COMMAND: POST /session/1820fae8a81a1c34ca12c99f5ca4f404/element - {"using":"xpath","value":"//*[@id=\"__button121-img\"]"}
RESULT: {"using":"xpath","value":"//*[@id=\"__button121-img\"]"}
COMMAND: POST /session/1820fae8a81a1c34ca12c99f5ca4f404/element/f.043615FDA099A6883ABDD55FCDA43E76.d.EA2EB32627A428F68A130F1AAE2E17ED.e.4544/click - {}
RESULT: {}
COMMAND: GET /session/1820fae8a81a1c34ca12c99f5ca4f404/screenshot - {}
RESULT: {}
RESULT: undefined
COMMAND: POST /session/1820fae8a81a1c34ca12c99f5ca4f404/element - {"using":"xpath","value":"//*[@id=\"__button94-img\"]"}
RESULT: {"using":"xpath","value":"//*[@id=\"__button94-img\"]"}
COMMAND: POST /session/1820fae8a81a1c34ca12c99f5ca4f404/element/f.043615FDA099A6883ABDD55FCDA43E76.d.EA2EB32627A428F68A130F1AAE2E17ED.e.4578/click - {}
RESULT: {}
COMMAND: GET /session/1820fae8a81a1c34ca12c99f5ca4f404/screenshot - {}
RESULT: {}
RESULT: undefined
COMMAND: POST /session/1820fae8a81a1c34ca12c99f5ca4f404/execute/async - {"script":"<script> [776 bytes]","args":[{"enterText":"SecondSectiongzlkn","selector":{"id":"application-managecatalogs-display-component---masterCatalogItems--searchItemsField","interaction":{"idSuffix":"I"}},"clearTextFirst":true,"interactionType":"ENTER_TEXT"}]}
RESULT: {"script":"<script> [776 bytes]","args":[{"enterText":"SecondSectiongzlkn","selector":{"id":"application-managecatalogs-display-component---masterCatalogItems--searchItemsField","interaction":{"idSuffix":"I"}},"clearTextFirst":true,"interactionType":"ENTER_TEXT"}]}
COMMAND: POST /session/1820fae8a81a1c34ca12c99f5ca4f404/actions - {"actions":[{"id":"action11","type":"key","parameters":{},"actions":[{"type":"keyDown","value":""},{"type":"pause","duration":10},{"type":"keyUp","value":""}]}]}
RESULT: {"actions":[{"id":"action11","type":"key","parameters":{},"actions":[{"type":"keyDown","value":""},{"type":"pause","duration":10},{"type":"keyUp","value":""}]}]}
COMMAND: POST /session/1820fae8a81a1c34ca12c99f5ca4f404/element - {"using":"xpath","value":"(//span[contains(text(), \"SecondSectiongzlkn\")])[1]"}
COMMAND: GET /session/1820fae8a81a1c34ca12c99f5ca4f404/screenshot - {}
RESULT: {"using":"xpath","value":"(//span[contains(text(), \"SecondSectiongzlkn\")])[1]"}
COMMAND: POST /session/1820fae8a81a1c34ca12c99f5ca4f404/element/f.043615FDA099A6883ABDD55FCDA43E76.d.EA2EB32627A428F68A130F1AAE2E17ED.e.4581/click - {}
RESULT: {}
RESULT: {}
COMMAND: POST /session/1820fae8a81a1c34ca12c99f5ca4f404/element - {"using":"xpath","value":"(//span[contains(text(), \"SecondSectiongzlkn\")])[1]"}
COMMAND: GET /session/1820fae8a81a1c34ca12c99f5ca4f404/screenshot - {}
RESULT: {"using":"xpath","value":"(//span[contains(text(), \"SecondSectiongzlkn\")])[1]"}
COMMAND: GET /session/1820fae8a81a1c34ca12c99f5ca4f404/element/f.043615FDA099A6883ABDD55FCDA43E76.d.EA2EB32627A428F68A130F1AAE2E17ED.e.4581/text - {}
RESULT: {}
COMMAND: POST /session/1820fae8a81a1c34ca12c99f5ca4f404/element - {"using":"xpath","value":"(//span[contains(text(), \"SecondSectiongzlkn\")])[1]"}
RESULT: {"using":"xpath","value":"(//span[contains(text(), \"SecondSectiongzlkn\")])[1]"}
COMMAND: GET /session/1820fae8a81a1c34ca12c99f5ca4f404/element/f.043615FDA099A6883ABDD55FCDA43E76.d.EA2EB32627A428F68A130F1AAE2E17ED.e.4581/text - {}
COMMAND: POST /session/1820fae8a81a1c34ca12c99f5ca4f404/element - {"using":"xpath","value":"(//span[contains(text(), \"SecondSectiongzlkn\")])[1]"}
RESULT: {"using":"xpath","value":"(//span[contains(text(), \"SecondSectiongzlkn\")])[1]"}
COMMAND: GET /session/1820fae8a81a1c34ca12c99f5ca4f404/element/f.043615FDA099A6883ABDD55FCDA43E76.d.EA2EB32627A428F68A130F1AAE2E17ED.e.4633/text - {}
RESULT: {}
COMMAND: POST /session/1820fae8a81a1c34ca12c99f5ca4f404/refresh - {}
RESULT: {}
COMMAND: GET /session/1820fae8a81a1c34ca12c99f5ca4f404/screenshot - {}
RESULT: {}
COMMAND: POST /session/1820fae8a81a1c34ca12c99f5ca4f404/execute/async - {"script":"<script> [189 bytes]","args":[]}
RESULT: {"script":"<script> [189 bytes]","args":[]}
COMMAND: POST /session/1820fae8a81a1c34ca12c99f5ca4f404/execute/async - {"script":"<script> [123 bytes]","args":[]}
RESULT: {"script":"<script> [123 bytes]","args":[]}
COMMAND: POST /session/1820fae8a81a1c34ca12c99f5ca4f404/timeouts - {"script":"<number>"}
RESULT: {"script":"<number>"}
COMMAND: GET /session/1820fae8a81a1c34ca12c99f5ca4f404/timeouts - {}
RESULT: {}
RESULT: undefined
COMMAND: POST /session/1820fae8a81a1c34ca12c99f5ca4f404/execute/async - {"script":"<script> [2676 bytes]","args":[]}
RESULT: {"script":"<script> [2676 bytes]","args":[]}
COMMAND: POST /session/1820fae8a81a1c34ca12c99f5ca4f404/execute/async - {"script":"<script> [2342 bytes]","args":[{"protocol":"http","hostname":"0.0.0.0","path":"/","capabilities":{"browserName":"chrome","goog:chromeOptions":{"binary":"C:\\Program Files\\Google\\Chrome\\Application\\chrome.exe","args":["--start-maximized"]}},"logLevel":"warn","connectionRetryTimeout":120000,"connectionRetryCount":3,"logLevels":{},"enableDirectConnect":true,"strictSSL":true,"_":"65 more keys: [\"cacheDir\",\"port\",\"requestedCapabilities\",\"automationProtocol\",\"baseUrl\",\"waitforInterval\",\"waitforTimeout\",\"onReload\",\"beforeCommand\",\"afterCommand\",\"rootDir\",\"specs\",\"suites\",\"exclude\",\"groupLogsByTestSpec\",\"excludeDriverLogs\",\"bail\",\"framework\",\"reporters\",\"services\",\"maxInstances\",\"maxInstancesPerCapability\",\"injectGlobals\",\"filesToWatch\",\"execArgv\",\"runnerEnv\",\"runner\",\"shard\",\"specFileRetries\",\"specFileRetriesDelay\",\"specFileRetriesDeferred\",\"reporterSyncInterval\",\"reporterSyncTimeout\",\"cucumberFeaturesWithLineNumbers\",\"autoCompileOpts\",\"mochaOpts\",\"jasmineOpts\",\"cucumberOpts\",\"onPrepare\",\"onWorkerStart\",\"onWorkerEnd\",\"before\",\"beforeSession\",\"beforeSuite\",\"beforeHook\",\"beforeTest\",\"afterTest\",\"afterHook\",\"afterSuite\",\"afterSession\",\"after\",\"onComplete\",\"beforeAssertion\",\"afterAssertion\",\"beforeFeature\",\"beforeScenario\",\"beforeStep\",\"afterStep\",\"afterScenario\",\"afterFeature\",\"_\",\"suite\",\"$0\",\"ignoredWorkerServices\",\"wdi5\"]"}]}
RESULT: {"script":"<script> [2342 bytes]","args":[{"protocol":"http","hostname":"0.0.0.0","path":"/","capabilities":{"browserName":"chrome","goog:chromeOptions":{"binary":"C:\\Program Files\\Google\\Chrome\\Application\\chrome.exe","args":["--start-maximized"]}},"logLevel":"warn","connectionRetryTimeout":120000,"connectionRetryCount":3,"logLevels":{},"enableDirectConnect":true,"strictSSL":true,"_":"65 more keys: [\"cacheDir\",\"port\",\"requestedCapabilities\",\"automationProtocol\",\"baseUrl\",\"waitforInterval\",\"waitforTimeout\",\"onReload\",\"beforeCommand\",\"afterCommand\",\"rootDir\",\"specs\",\"suites\",\"exclude\",\"groupLogsByTestSpec\",\"excludeDriverLogs\",\"bail\",\"framework\",\"reporters\",\"services\",\"maxInstances\",\"maxInstancesPerCapability\",\"injectGlobals\",\"filesToWatch\",\"execArgv\",\"runnerEnv\",\"runner\",\"shard\",\"specFileRetries\",\"specFileRetriesDelay\",\"specFileRetriesDeferred\",\"reporterSyncInterval\",\"reporterSyncTimeout\",\"cucumberFeaturesWithLineNumbers\",\"autoCompileOpts\",\"mochaOpts\",\"jasmineOpts\",\"cucumberOpts\",\"onPrepare\",\"onWorkerStart\",\"onWorkerEnd\",\"before\",\"beforeSession\",\"beforeSuite\",\"beforeHook\",\"beforeTest\",\"afterTest\",\"afterHook\",\"afterSuite\",\"afterSession\",\"after\",\"onComplete\",\"beforeAssertion\",\"afterAssertion\",\"beforeFeature\",\"beforeScenario\",\"beforeStep\",\"afterStep\",\"afterScenario\",\"afterFeature\",\"_\",\"suite\",\"$0\",\"ignoredWorkerServices\",\"wdi5\"]"}]}
COMMAND: POST /session/1820fae8a81a1c34ca12c99f5ca4f404/execute/async - {"script":"<script> [21126 bytes]","args":[35000]}
RESULT: {"script":"<script> [21126 bytes]","args":[35000]}
COMMAND: POST /session/1820fae8a81a1c34ca12c99f5ca4f404/execute/async - {"script":"<script> [1562 bytes]","args":[{"selector":{"controlType":"sap.m.Button","viewName":"etm.portal.ui.managecatalogs.view.Detail","viewId":"application-managecatalogs-display-component---detailCatalog","i18NText":{"propertyName":"text","key":"edit"},"interaction":{"idSuffix":"BDI-content"}},"wdio_ui5_key":"etmportal.ui.managecatalogs.view.Detailsap.m.Button{\"propertyName\":\"text\",\"key\":\"edit\"}"}]}
RESULT: {"script":"<script> [1562 bytes]","args":[{"selector":{"controlType":"sap.m.Button","viewName":"etm.portal.ui.managecatalogs.view.Detail","viewId":"application-managecatalogs-display-component---detailCatalog","i18NText":{"propertyName":"text","key":"edit"},"interaction":{"idSuffix":"BDI-content"}},"wdio_ui5_key":"etmportal.ui.managecatalogs.view.Detailsap.m.Button{\"propertyName\":\"text\",\"key\":\"edit\"}"}]}
RESULT: undefined
COMMAND: POST /session/1820fae8a81a1c34ca12c99f5ca4f404/element - {"using":"xpath","value":"//*[@id=\"__button25\"]"}
RESULT: {"using":"xpath","value":"//*[@id=\"__button25\"]"}
COMMAND: POST /session/1820fae8a81a1c34ca12c99f5ca4f404/element/f.043615FDA099A6883ABDD55FCDA43E76.d.B1F8BAB4951B49493FF937C109CFE737.e.4691/click - {}
RESULT: {}
COMMAND: GET /session/1820fae8a81a1c34ca12c99f5ca4f404/screenshot - {}
RESULT: {}
COMMAND: POST /session/1820fae8a81a1c34ca12c99f5ca4f404/element - {"using":"xpath","value":"//button[contains(@title ,\"Create Catalog Item\")]"}
RESULT: {"using":"xpath","value":"//button[contains(@title ,\"Create Catalog Item\")]"}
COMMAND: POST /session/1820fae8a81a1c34ca12c99f5ca4f404/element/f.043615FDA099A6883ABDD55FCDA43E76.d.B1F8BAB4951B49493FF937C109CFE737.e.4696/click - {}
RESULT: {}
COMMAND: POST /session/1820fae8a81a1c34ca12c99f5ca4f404/execute/async - {"script":"<script> [1562 bytes]","args":[{"selector":{"id":"application-managecatalogs-display-component---detailCatalog--newItemNumberInput","searchOpenDialogs":true,"interaction":{"idSuffix":"inner"}},"wdio_ui5_key":"applicationmanagecatalogs-display-component---detailCatalog--newItemNumberInput"}]}
COMMAND: GET /session/1820fae8a81a1c34ca12c99f5ca4f404/screenshot - {}
RESULT: {"script":"<script> [1562 bytes]","args":[{"selector":{"id":"application-managecatalogs-display-component---detailCatalog--newItemNumberInput","searchOpenDialogs":true,"interaction":{"idSuffix":"inner"}},"wdio_ui5_key":"applicationmanagecatalogs-display-component---detailCatalog--newItemNumberInput"}]}
RESULT: undefined
COMMAND: POST /session/1820fae8a81a1c34ca12c99f5ca4f404/execute/async - {"script":"<script> [776 bytes]","args":[{"enterText":"catalogItem3auuej","selector":{"id":"application-managecatalogs-display-component---detailCatalog--newItemNumberInput","searchOpenDialogs":true,"interaction":{"idSuffix":"inner"}},"clearTextFirst":true,"interactionType":"ENTER_TEXT"}]}
RESULT: {}
RESULT: {"script":"<script> [776 bytes]","args":[{"enterText":"catalogItem3auuej","selector":{"id":"application-managecatalogs-display-component---detailCatalog--newItemNumberInput","searchOpenDialogs":true,"interaction":{"idSuffix":"inner"}},"clearTextFirst":true,"interactionType":"ENTER_TEXT"}]}
COMMAND: POST /session/1820fae8a81a1c34ca12c99f5ca4f404/execute/async - {"script":"<script> [1562 bytes]","args":[{"selector":{"controlType":"sap.m.Input","viewName":"etm.portal.ui.managecatalogs.view.Detail","viewId":"application-managecatalogs-display-component---detailCatalog","bindingPath":{"path":"","propertyPath":"/DESCRIPTION"},"searchOpenDialogs":true,"interaction":{"idSuffix":"inner"}},"wdio_ui5_key":"etmportal.ui.managecatalogs.view.Detailsap.m.Input{\"path\":\"\",\"propertyPath\":\"/DESCRIPTION\"}"}]}
RESULT: {"script":"<script> [1562 bytes]","args":[{"selector":{"controlType":"sap.m.Input","viewName":"etm.portal.ui.managecatalogs.view.Detail","viewId":"application-managecatalogs-display-component---detailCatalog","bindingPath":{"path":"","propertyPath":"/DESCRIPTION"},"searchOpenDialogs":true,"interaction":{"idSuffix":"inner"}},"wdio_ui5_key":"etmportal.ui.managecatalogs.view.Detailsap.m.Input{\"path\":\"\",\"propertyPath\":\"/DESCRIPTION\"}"}]}
RESULT: undefined
COMMAND: POST /session/1820fae8a81a1c34ca12c99f5ca4f404/execute/async - {"script":"<script> [776 bytes]","args":[{"enterText":"catalogItemNamexvudb","selector":{"controlType":"sap.m.Input","viewName":"etm.portal.ui.managecatalogs.view.Detail","viewId":"application-managecatalogs-display-component---detailCatalog","bindingPath":{"path":"","propertyPath":"/DESCRIPTION"},"searchOpenDialogs":true,"interaction":{"idSuffix":"inner"}},"clearTextFirst":true,"interactionType":"ENTER_TEXT"}]}
RESULT: {"script":"<script> [776 bytes]","args":[{"enterText":"catalogItemNamexvudb","selector":{"controlType":"sap.m.Input","viewName":"etm.portal.ui.managecatalogs.view.Detail","viewId":"application-managecatalogs-display-component---detailCatalog","bindingPath":{"path":"","propertyPath":"/DESCRIPTION"},"searchOpenDialogs":true,"interaction":{"idSuffix":"inner"}},"clearTextFirst":true,"interactionType":"ENTER_TEXT"}]}
COMMAND: POST /session/1820fae8a81a1c34ca12c99f5ca4f404/actions - {"actions":[{"id":"action12","type":"key","parameters":{},"actions":[{"type":"keyDown","value":""},{"type":"pause","duration":10},{"type":"keyUp","value":""}]}]}
RESULT: {"actions":[{"id":"action12","type":"key","parameters":{},"actions":[{"type":"keyDown","value":""},{"type":"pause","duration":10},{"type":"keyUp","value":""}]}]}
COMMAND: GET /session/1820fae8a81a1c34ca12c99f5ca4f404/screenshot - {}
RESULT: {}
COMMAND: POST /session/1820fae8a81a1c34ca12c99f5ca4f404/actions - {"actions":[{"id":"action13","type":"key","parameters":{},"actions":[{"type":"keyDown","value":""},{"type":"pause","duration":10},{"type":"keyUp","value":""}]}]}
RESULT: {"actions":[{"id":"action13","type":"key","parameters":{},"actions":[{"type":"keyDown","value":""},{"type":"pause","duration":10},{"type":"keyUp","value":""}]}]}
COMMAND: GET /session/1820fae8a81a1c34ca12c99f5ca4f404/screenshot - {}
RESULT: {}
COMMAND: POST /session/1820fae8a81a1c34ca12c99f5ca4f404/element - {"using":"xpath","value":"//button[@title=\"Save\"]"}
RESULT: {"using":"xpath","value":"//button[@title=\"Save\"]"}
COMMAND: POST /session/1820fae8a81a1c34ca12c99f5ca4f404/element/f.043615FDA099A6883ABDD55FCDA43E76.d.B1F8BAB4951B49493FF937C109CFE737.e.4705/click - {}
RESULT: {}
COMMAND: GET /session/1820fae8a81a1c34ca12c99f5ca4f404/screenshot - {}
RESULT: {}
COMMAND: POST /session/1820fae8a81a1c34ca12c99f5ca4f404/execute/async - {"script":"<script> [1562 bytes]","args":[{"selector":{"controlType":"sap.ui.core.Icon","viewName":"etm.portal.ui.managecatalogs.view.Detail","viewId":"application-managecatalogs-display-component---detailCatalog","properties":{"src":{"regex":{"source":"decline"}}}},"wdio_ui5_key":"etmportal.ui.managecatalogs.view.Detailsap.ui.core.Icon{\"src\":{\"regex\":{\"source\":\"decline\"}}}"}]}
RESULT: {"script":"<script> [1562 bytes]","args":[{"selector":{"controlType":"sap.ui.core.Icon","viewName":"etm.portal.ui.managecatalogs.view.Detail","viewId":"application-managecatalogs-display-component---detailCatalog","properties":{"src":{"regex":{"source":"decline"}}}},"wdio_ui5_key":"etmportal.ui.managecatalogs.view.Detailsap.ui.core.Icon{\"src\":{\"regex\":{\"source\":\"decline\"}}}"}]}
RESULT: undefined
COMMAND: POST /session/1820fae8a81a1c34ca12c99f5ca4f404/element - {"using":"xpath","value":"//*[@id=\"__button28-img\"]"}
RESULT: {"using":"xpath","value":"//*[@id=\"__button28-img\"]"}
COMMAND: POST /session/1820fae8a81a1c34ca12c99f5ca4f404/element/f.043615FDA099A6883ABDD55FCDA43E76.d.B1F8BAB4951B49493FF937C109CFE737.e.4710/click - {}
RESULT: {}
COMMAND: GET /session/1820fae8a81a1c34ca12c99f5ca4f404/screenshot - {}
RESULT: {}
COMMAND: POST /session/1820fae8a81a1c34ca12c99f5ca4f404/execute/async - {"script":"<script> [1562 bytes]","args":[{"selector":{"controlType":"sap.ui.core.Icon","viewName":"etm.portal.ui.managecatalogs.view.MasterItems","viewId":"application-managecatalogs-display-component---masterCatalogItems","properties":{"src":{"regex":{"source":"refresh"}}}},"wdio_ui5_key":"etmportal.ui.managecatalogs.view.MasterItemssap.ui.core.Icon{\"src\":{\"regex\":{\"source\":\"refresh\"}}}"}]}
RESULT: {"script":"<script> [1562 bytes]","args":[{"selector":{"controlType":"sap.ui.core.Icon","viewName":"etm.portal.ui.managecatalogs.view.MasterItems","viewId":"application-managecatalogs-display-component---masterCatalogItems","properties":{"src":{"regex":{"source":"refresh"}}}},"wdio_ui5_key":"etmportal.ui.managecatalogs.view.MasterItemssap.ui.core.Icon{\"src\":{\"regex\":{\"source\":\"refresh\"}}}"}]}
RESULT: undefined
COMMAND: POST /session/1820fae8a81a1c34ca12c99f5ca4f404/element - {"using":"xpath","value":"//*[@id=\"__button1-img\"]"}
RESULT: {"using":"xpath","value":"//*[@id=\"__button1-img\"]"}
COMMAND: POST /session/1820fae8a81a1c34ca12c99f5ca4f404/element/f.043615FDA099A6883ABDD55FCDA43E76.d.B1F8BAB4951B49493FF937C109CFE737.e.4718/click - {}
RESULT: {}
COMMAND: GET /session/1820fae8a81a1c34ca12c99f5ca4f404/screenshot - {}
RESULT: {}
COMMAND: POST /session/1820fae8a81a1c34ca12c99f5ca4f404/execute/async - {"script":"<script> [1562 bytes]","args":[{"selector":{"id":"application-managecatalogs-display-component---masterCatalogItems--searchItemsField","interaction":{"idSuffix":"I"}},"wdio_ui5_key":"applicationmanagecatalogs-display-component---masterCatalogItems--searchItemsField"}]}
RESULT: {"script":"<script> [1562 bytes]","args":[{"selector":{"id":"application-managecatalogs-display-component---masterCatalogItems--searchItemsField","interaction":{"idSuffix":"I"}},"wdio_ui5_key":"applicationmanagecatalogs-display-component---masterCatalogItems--searchItemsField"}]}
RESULT: undefined
COMMAND: POST /session/1820fae8a81a1c34ca12c99f5ca4f404/execute/async - {"script":"<script> [776 bytes]","args":[{"enterText":"catalogItemNamexvudb","selector":{"id":"application-managecatalogs-display-component---masterCatalogItems--searchItemsField","interaction":{"idSuffix":"I"}},"clearTextFirst":true,"interactionType":"ENTER_TEXT"}]}
RESULT: {"script":"<script> [776 bytes]","args":[{"enterText":"catalogItemNamexvudb","selector":{"id":"application-managecatalogs-display-component---masterCatalogItems--searchItemsField","interaction":{"idSuffix":"I"}},"clearTextFirst":true,"interactionType":"ENTER_TEXT"}]}
COMMAND: POST /session/1820fae8a81a1c34ca12c99f5ca4f404/actions - {"actions":[{"id":"action14","type":"key","parameters":{},"actions":[{"type":"keyDown","value":""},{"type":"pause","duration":10},{"type":"keyUp","value":""}]}]}
RESULT: {"actions":[{"id":"action14","type":"key","parameters":{},"actions":[{"type":"keyDown","value":""},{"type":"pause","duration":10},{"type":"keyUp","value":""}]}]}
COMMAND: POST /session/1820fae8a81a1c34ca12c99f5ca4f404/element - {"using":"xpath","value":"(//span[contains(text(), \"catalogItemNamexvudb\")])[1]"}
COMMAND: GET /session/1820fae8a81a1c34ca12c99f5ca4f404/screenshot - {}
RESULT: {"using":"xpath","value":"(//span[contains(text(), \"catalogItemNamexvudb\")])[1]"}
COMMAND: POST /session/1820fae8a81a1c34ca12c99f5ca4f404/element/f.043615FDA099A6883ABDD55FCDA43E76.d.B1F8BAB4951B49493FF937C109CFE737.e.4754/click - {}
RESULT: {}
RESULT: {}
COMMAND: GET /session/1820fae8a81a1c34ca12c99f5ca4f404/screenshot - {}
RESULT: {}
COMMAND: POST /session/1820fae8a81a1c34ca12c99f5ca4f404/element - {"using":"xpath","value":"//span[contains(text(), \"catalogItem3auuej\")]"}
RESULT: {"using":"xpath","value":"//span[contains(text(), \"catalogItem3auuej\")]"}
COMMAND: GET /session/1820fae8a81a1c34ca12c99f5ca4f404/element/f.043615FDA099A6883ABDD55FCDA43E76.d.B1F8BAB4951B49493FF937C109CFE737.e.4816/text - {}
RESULT: {}
]]></system-out>
    </testcase>
    <testcase classname="chrome.136_0_7103_93.windows.Standard_contract_-_add_contract_items_by_Insert_Request_US118222" name="Should assign resources to the catalog item" time="57.081">
      <system-out><![CDATA[
RESULT: undefined
COMMAND: POST /session/1820fae8a81a1c34ca12c99f5ca4f404/element - {"using":"xpath","value":"//*[@id=\"__button25\"]"}
RESULT: {"using":"xpath","value":"//*[@id=\"__button25\"]"}
COMMAND: POST /session/1820fae8a81a1c34ca12c99f5ca4f404/element/f.043615FDA099A6883ABDD55FCDA43E76.d.B1F8BAB4951B49493FF937C109CFE737.e.4817/click - {}
RESULT: {}
COMMAND: GET /session/1820fae8a81a1c34ca12c99f5ca4f404/screenshot - {}
RESULT: {}
COMMAND: POST /session/1820fae8a81a1c34ca12c99f5ca4f404/execute/async - {"script":"<script> [1562 bytes]","args":[{"selector":{"id":"application-managecatalogs-display-component---detailCatalog--BASE_UNIT_OF_MEASURE-arrow"},"wdio_ui5_key":"applicationmanagecatalogs-display-component---detailCatalog--BASE_UNIT_OF_MEASURE-arrow"}]}
RESULT: {"script":"<script> [1562 bytes]","args":[{"selector":{"id":"application-managecatalogs-display-component---detailCatalog--BASE_UNIT_OF_MEASURE-arrow"},"wdio_ui5_key":"applicationmanagecatalogs-display-component---detailCatalog--BASE_UNIT_OF_MEASURE-arrow"}]}
RESULT: undefined
COMMAND: POST /session/1820fae8a81a1c34ca12c99f5ca4f404/element - {"using":"xpath","value":"//*[@id=\"application-managecatalogs-display-component---detailCatalog--BASE_UNIT_OF_MEASURE-arrow\"]"}
RESULT: {"using":"xpath","value":"//*[@id=\"application-managecatalogs-display-component---detailCatalog--BASE_UNIT_OF_MEASURE-arrow\"]"}
COMMAND: POST /session/1820fae8a81a1c34ca12c99f5ca4f404/element/f.043615FDA099A6883ABDD55FCDA43E76.d.B1F8BAB4951B49493FF937C109CFE737.e.4844/click - {}
RESULT: {}
COMMAND: POST /session/1820fae8a81a1c34ca12c99f5ca4f404/execute/async - {"script":"<script> [1562 bytes]","args":[{"selector":{"controlType":"sap.m.StandardListItem","viewName":"etm.portal.ui.managecatalogs.view.Detail","viewId":"application-managecatalogs-display-component---detailCatalog","properties":{"title":"Piece"},"searchOpenDialogs":true,"interaction":{"idSuffix":"titleText"}},"wdio_ui5_key":"etmportal.ui.managecatalogs.view.Detailsap.m.StandardListItem{\"title\":\"Piece\"}"}]}
COMMAND: GET /session/1820fae8a81a1c34ca12c99f5ca4f404/screenshot - {}
RESULT: {"script":"<script> [1562 bytes]","args":[{"selector":{"controlType":"sap.m.StandardListItem","viewName":"etm.portal.ui.managecatalogs.view.Detail","viewId":"application-managecatalogs-display-component---detailCatalog","properties":{"title":"Piece"},"searchOpenDialogs":true,"interaction":{"idSuffix":"titleText"}},"wdio_ui5_key":"etmportal.ui.managecatalogs.view.Detailsap.m.StandardListItem{\"title\":\"Piece\"}"}]}
RESULT: undefined
COMMAND: POST /session/1820fae8a81a1c34ca12c99f5ca4f404/element - {"using":"xpath","value":"//*[@id=\"__item225\"]"}
RESULT: {}
RESULT: {"using":"xpath","value":"//*[@id=\"__item225\"]"}
COMMAND: POST /session/1820fae8a81a1c34ca12c99f5ca4f404/element/f.043615FDA099A6883ABDD55FCDA43E76.d.B1F8BAB4951B49493FF937C109CFE737.e.4848/click - {}
RESULT: {}
COMMAND: POST /session/1820fae8a81a1c34ca12c99f5ca4f404/execute/async - {"script":"<script> [1562 bytes]","args":[{"selector":{"id":"application-managecatalogs-display-component---detailCatalog--ObjectPageLayout-anchBar-application-managecatalogs-display-component---detailCatalog--sectionRUs-anchor","interaction":{"idSuffix":"BDI-content"}},"wdio_ui5_key":"applicationmanagecatalogs-display-component---detailCatalog--ObjectPageLayout-anchBar-application-managecatalogs-display-component---detailCatalog--sectionRUs-anchor"}]}
COMMAND: GET /session/1820fae8a81a1c34ca12c99f5ca4f404/screenshot - {}
RESULT: {"script":"<script> [1562 bytes]","args":[{"selector":{"id":"application-managecatalogs-display-component---detailCatalog--ObjectPageLayout-anchBar-application-managecatalogs-display-component---detailCatalog--sectionRUs-anchor","interaction":{"idSuffix":"BDI-content"}},"wdio_ui5_key":"applicationmanagecatalogs-display-component---detailCatalog--ObjectPageLayout-anchBar-application-managecatalogs-display-component---detailCatalog--sectionRUs-anchor"}]}
RESULT: undefined
COMMAND: POST /session/1820fae8a81a1c34ca12c99f5ca4f404/element - {"using":"xpath","value":"//*[@id=\"application-managecatalogs-display-component---detailCatalog--ObjectPageLayout-anchBar-application-managecatalogs-display-component---detailCatalog--sectionRUs-anchor\"]"}
RESULT: {}
RESULT: {"using":"xpath","value":"//*[@id=\"application-managecatalogs-display-component---detailCatalog--ObjectPageLayout-anchBar-application-managecatalogs-display-component---detailCatalog--sectionRUs-anchor\"]"}
COMMAND: POST /session/1820fae8a81a1c34ca12c99f5ca4f404/element/f.043615FDA099A6883ABDD55FCDA43E76.d.B1F8BAB4951B49493FF937C109CFE737.e.4850/click - {}
RESULT: {}
COMMAND: POST /session/1820fae8a81a1c34ca12c99f5ca4f404/element - {"using":"xpath","value":"//button[contains(@data-kt ,\"catalogItemAssignRuButton\")]"}
COMMAND: GET /session/1820fae8a81a1c34ca12c99f5ca4f404/screenshot - {}
RESULT: {"using":"xpath","value":"//button[contains(@data-kt ,\"catalogItemAssignRuButton\")]"}
COMMAND: POST /session/1820fae8a81a1c34ca12c99f5ca4f404/element/f.043615FDA099A6883ABDD55FCDA43E76.d.B1F8BAB4951B49493FF937C109CFE737.e.4854/click - {}
RESULT: {}
RESULT: {}
COMMAND: GET /session/1820fae8a81a1c34ca12c99f5ca4f404/screenshot - {}
RESULT: {}
COMMAND: POST /session/1820fae8a81a1c34ca12c99f5ca4f404/actions - {"actions":[{"id":"action15","type":"key","parameters":{},"actions":[{"type":"keyDown","value":""},{"type":"pause","duration":10},{"type":"keyUp","value":""}]}]}
RESULT: {"actions":[{"id":"action15","type":"key","parameters":{},"actions":[{"type":"keyDown","value":""},{"type":"pause","duration":10},{"type":"keyUp","value":""}]}]}
COMMAND: POST /session/1820fae8a81a1c34ca12c99f5ca4f404/execute/async - {"script":"<script> [1562 bytes]","args":[{"selector":{"id":"application-managecatalogs-display-component---detailCatalog--assignRUSearchField-vhi","searchOpenDialogs":true},"wdio_ui5_key":"applicationmanagecatalogs-display-component---detailCatalog--assignRUSearchField-vhi"}]}
COMMAND: GET /session/1820fae8a81a1c34ca12c99f5ca4f404/screenshot - {}
RESULT: {"script":"<script> [1562 bytes]","args":[{"selector":{"id":"application-managecatalogs-display-component---detailCatalog--assignRUSearchField-vhi","searchOpenDialogs":true},"wdio_ui5_key":"applicationmanagecatalogs-display-component---detailCatalog--assignRUSearchField-vhi"}]}
RESULT: undefined
COMMAND: POST /session/1820fae8a81a1c34ca12c99f5ca4f404/element - {"using":"xpath","value":"//*[@id=\"application-managecatalogs-display-component---detailCatalog--assignRUSearchField-vhi\"]"}
RESULT: {}
RESULT: {"using":"xpath","value":"//*[@id=\"application-managecatalogs-display-component---detailCatalog--assignRUSearchField-vhi\"]"}
COMMAND: POST /session/1820fae8a81a1c34ca12c99f5ca4f404/element/f.043615FDA099A6883ABDD55FCDA43E76.d.B1F8BAB4951B49493FF937C109CFE737.e.4875/click - {}
RESULT: {}
COMMAND: GET /session/1820fae8a81a1c34ca12c99f5ca4f404/screenshot - {}
COMMAND: POST /session/1820fae8a81a1c34ca12c99f5ca4f404/element - {"using":"xpath","value":"//input[contains(@id ,\"searchField-I\")]"}
RESULT: {}
RESULT: {"using":"xpath","value":"//input[contains(@id ,\"searchField-I\")]"}
COMMAND: POST /session/1820fae8a81a1c34ca12c99f5ca4f404/element/f.043615FDA099A6883ABDD55FCDA43E76.d.B1F8BAB4951B49493FF937C109CFE737.e.4879/clear - {}
RESULT: {}
COMMAND: POST /session/1820fae8a81a1c34ca12c99f5ca4f404/element/f.043615FDA099A6883ABDD55FCDA43E76.d.B1F8BAB4951B49493FF937C109CFE737.e.4879/value - {"text":"WdIOR2cEquiphk8us"}
COMMAND: GET /session/1820fae8a81a1c34ca12c99f5ca4f404/screenshot - {}
RESULT: {"text":"WdIOR2cEquiphk8us"}
COMMAND: GET /session/1820fae8a81a1c34ca12c99f5ca4f404/screenshot - {}
RESULT: {}
RESULT: {}
COMMAND: POST /session/1820fae8a81a1c34ca12c99f5ca4f404/actions - {"actions":[{"id":"action16","type":"key","parameters":{},"actions":[{"type":"keyDown","value":""},{"type":"pause","duration":10},{"type":"keyUp","value":""}]}]}
RESULT: {"actions":[{"id":"action16","type":"key","parameters":{},"actions":[{"type":"keyDown","value":""},{"type":"pause","duration":10},{"type":"keyUp","value":""}]}]}
COMMAND: GET /session/1820fae8a81a1c34ca12c99f5ca4f404/screenshot - {}
RESULT: {}
COMMAND: POST /session/1820fae8a81a1c34ca12c99f5ca4f404/actions - {"actions":[{"id":"action17","type":"key","parameters":{},"actions":[{"type":"keyDown","value":""},{"type":"pause","duration":10},{"type":"keyUp","value":""}]}]}
RESULT: {"actions":[{"id":"action17","type":"key","parameters":{},"actions":[{"type":"keyDown","value":""},{"type":"pause","duration":10},{"type":"keyUp","value":""}]}]}
COMMAND: GET /session/1820fae8a81a1c34ca12c99f5ca4f404/screenshot - {}
RESULT: {}
COMMAND: POST /session/1820fae8a81a1c34ca12c99f5ca4f404/actions - {"actions":[{"id":"action18","type":"key","parameters":{},"actions":[{"type":"keyDown","value":""},{"type":"pause","duration":10},{"type":"keyUp","value":""}]}]}
RESULT: {"actions":[{"id":"action18","type":"key","parameters":{},"actions":[{"type":"keyDown","value":""},{"type":"pause","duration":10},{"type":"keyUp","value":""}]}]}
COMMAND: GET /session/1820fae8a81a1c34ca12c99f5ca4f404/screenshot - {}
RESULT: {}
COMMAND: POST /session/1820fae8a81a1c34ca12c99f5ca4f404/element - {"using":"xpath","value":"//bdi[contains(@id ,\"application-managecatalogs-display-component---detailCatalog--RUAssignmentSaveButton-BDI-content\")]"}
RESULT: {"using":"xpath","value":"//bdi[contains(@id ,\"application-managecatalogs-display-component---detailCatalog--RUAssignmentSaveButton-BDI-content\")]"}
COMMAND: POST /session/1820fae8a81a1c34ca12c99f5ca4f404/element/f.043615FDA099A6883ABDD55FCDA43E76.d.B1F8BAB4951B49493FF937C109CFE737.e.4900/click - {}
RESULT: {}
COMMAND: GET /session/1820fae8a81a1c34ca12c99f5ca4f404/screenshot - {}
RESULT: {}
COMMAND: POST /session/1820fae8a81a1c34ca12c99f5ca4f404/element - {"using":"xpath","value":"//bdi[contains(@id ,\"application-managecatalogs-display-component---detailCatalog--ObjectPageLayout-anchBar-application-managecatalogs-display-component---detailCatalog--sectionRUs-anchor-BDI-content\")]"}
RESULT: {"using":"xpath","value":"//bdi[contains(@id ,\"application-managecatalogs-display-component---detailCatalog--ObjectPageLayout-anchBar-application-managecatalogs-display-component---detailCatalog--sectionRUs-anchor-BDI-content\")]"}
COMMAND: POST /session/1820fae8a81a1c34ca12c99f5ca4f404/element/f.043615FDA099A6883ABDD55FCDA43E76.d.B1F8BAB4951B49493FF937C109CFE737.e.4920/click - {}
RESULT: {}
COMMAND: GET /session/1820fae8a81a1c34ca12c99f5ca4f404/screenshot - {}
RESULT: {}
COMMAND: POST /session/1820fae8a81a1c34ca12c99f5ca4f404/element - {"using":"xpath","value":"//button[contains(@data-kt ,\"catalogItemAssignRuButton\")]"}
RESULT: {"using":"xpath","value":"//button[contains(@data-kt ,\"catalogItemAssignRuButton\")]"}
COMMAND: POST /session/1820fae8a81a1c34ca12c99f5ca4f404/element/f.043615FDA099A6883ABDD55FCDA43E76.d.B1F8BAB4951B49493FF937C109CFE737.e.4854/click - {}
RESULT: {}
COMMAND: GET /session/1820fae8a81a1c34ca12c99f5ca4f404/screenshot - {}
RESULT: {}
COMMAND: POST /session/1820fae8a81a1c34ca12c99f5ca4f404/actions - {"actions":[{"id":"action19","type":"key","parameters":{},"actions":[{"type":"keyDown","value":""},{"type":"pause","duration":10},{"type":"keyUp","value":""}]}]}
RESULT: {"actions":[{"id":"action19","type":"key","parameters":{},"actions":[{"type":"keyDown","value":""},{"type":"pause","duration":10},{"type":"keyUp","value":""}]}]}
RESULT: undefined
COMMAND: POST /session/1820fae8a81a1c34ca12c99f5ca4f404/element - {"using":"xpath","value":"//*[@id=\"application-managecatalogs-display-component---detailCatalog--assignRUSearchField-vhi\"]"}
COMMAND: GET /session/1820fae8a81a1c34ca12c99f5ca4f404/screenshot - {}
RESULT: {"using":"xpath","value":"//*[@id=\"application-managecatalogs-display-component---detailCatalog--assignRUSearchField-vhi\"]"}
COMMAND: POST /session/1820fae8a81a1c34ca12c99f5ca4f404/elements - {"using":"xpath","value":"//*[@id=\"application-managecatalogs-display-component---detailCatalog--assignRUSearchField-vhi\"]"}
RESULT: {}
RESULT: {"using":"xpath","value":"//*[@id=\"application-managecatalogs-display-component---detailCatalog--assignRUSearchField-vhi\"]"}
COMMAND: POST /session/1820fae8a81a1c34ca12c99f5ca4f404/element - {"using":"xpath","value":"//*[@id=\"application-managecatalogs-display-component---detailCatalog--assignRUSearchField-vhi\"]"}
RESULT: {"using":"xpath","value":"//*[@id=\"application-managecatalogs-display-component---detailCatalog--assignRUSearchField-vhi\"]"}
COMMAND: POST /session/1820fae8a81a1c34ca12c99f5ca4f404/element/f.043615FDA099A6883ABDD55FCDA43E76.d.B1F8BAB4951B49493FF937C109CFE737.e.4939/click - {}
RESULT: {}
COMMAND: POST /session/1820fae8a81a1c34ca12c99f5ca4f404/execute/async - {"script":"<script> [1562 bytes]","args":[{"selector":{"controlType":"sap.m.SearchField","viewName":"etm.portal.ui.managecatalogs.view.Detail","viewId":"application-managecatalogs-display-component---detailCatalog","searchOpenDialogs":true,"interaction":{"idSuffix":"I"}},"wdio_ui5_key":"etmportal.ui.managecatalogs.view.Detailsap.m.SearchField"}]}
COMMAND: GET /session/1820fae8a81a1c34ca12c99f5ca4f404/screenshot - {}
RESULT: {"script":"<script> [1562 bytes]","args":[{"selector":{"controlType":"sap.m.SearchField","viewName":"etm.portal.ui.managecatalogs.view.Detail","viewId":"application-managecatalogs-display-component---detailCatalog","searchOpenDialogs":true,"interaction":{"idSuffix":"I"}},"wdio_ui5_key":"etmportal.ui.managecatalogs.view.Detailsap.m.SearchField"}]}
RESULT: undefined
COMMAND: POST /session/1820fae8a81a1c34ca12c99f5ca4f404/execute/async - {"script":"<script> [776 bytes]","args":[{"enterText":"WebdriverRUR2Cd8eo4f","selector":{"controlType":"sap.m.SearchField","viewName":"etm.portal.ui.managecatalogs.view.Detail","viewId":"application-managecatalogs-display-component---detailCatalog","searchOpenDialogs":true,"interaction":{"idSuffix":"I"}},"clearTextFirst":true,"interactionType":"ENTER_TEXT"}]}
RESULT: {}
RESULT: {"script":"<script> [776 bytes]","args":[{"enterText":"WebdriverRUR2Cd8eo4f","selector":{"controlType":"sap.m.SearchField","viewName":"etm.portal.ui.managecatalogs.view.Detail","viewId":"application-managecatalogs-display-component---detailCatalog","searchOpenDialogs":true,"interaction":{"idSuffix":"I"}},"clearTextFirst":true,"interactionType":"ENTER_TEXT"}]}
COMMAND: POST /session/1820fae8a81a1c34ca12c99f5ca4f404/actions - {"actions":[{"id":"action20","type":"key","parameters":{},"actions":[{"type":"keyDown","value":""},{"type":"pause","duration":10},{"type":"keyUp","value":""}]}]}
RESULT: {"actions":[{"id":"action20","type":"key","parameters":{},"actions":[{"type":"keyDown","value":""},{"type":"pause","duration":10},{"type":"keyUp","value":""}]}]}
COMMAND: GET /session/1820fae8a81a1c34ca12c99f5ca4f404/screenshot - {}
RESULT: {}
COMMAND: POST /session/1820fae8a81a1c34ca12c99f5ca4f404/element - {"using":"xpath","value":"(//span[contains(text(), \"WebdriverRUR2Cd8eo4f\")])[1]"}
RESULT: {"using":"xpath","value":"(//span[contains(text(), \"WebdriverRUR2Cd8eo4f\")])[1]"}
COMMAND: POST /session/1820fae8a81a1c34ca12c99f5ca4f404/element/f.043615FDA099A6883ABDD55FCDA43E76.d.B1F8BAB4951B49493FF937C109CFE737.e.4957/click - {}
RESULT: {}
COMMAND: POST /session/1820fae8a81a1c34ca12c99f5ca4f404/execute/async - {"script":"<script> [1562 bytes]","args":[{"selector":{"id":"application-managecatalogs-display-component---detailCatalog--RUAssignmentSaveButton","searchOpenDialogs":true,"interaction":{"idSuffix":"BDI-content"}},"wdio_ui5_key":"applicationmanagecatalogs-display-component---detailCatalog--RUAssignmentSaveButton"}]}
COMMAND: GET /session/1820fae8a81a1c34ca12c99f5ca4f404/screenshot - {}
RESULT: {"script":"<script> [1562 bytes]","args":[{"selector":{"id":"application-managecatalogs-display-component---detailCatalog--RUAssignmentSaveButton","searchOpenDialogs":true,"interaction":{"idSuffix":"BDI-content"}},"wdio_ui5_key":"applicationmanagecatalogs-display-component---detailCatalog--RUAssignmentSaveButton"}]}
RESULT: undefined
COMMAND: POST /session/1820fae8a81a1c34ca12c99f5ca4f404/element - {"using":"xpath","value":"//*[@id=\"application-managecatalogs-display-component---detailCatalog--RUAssignmentSaveButton\"]"}
RESULT: {}
RESULT: {"using":"xpath","value":"//*[@id=\"application-managecatalogs-display-component---detailCatalog--RUAssignmentSaveButton\"]"}
COMMAND: POST /session/1820fae8a81a1c34ca12c99f5ca4f404/element/f.043615FDA099A6883ABDD55FCDA43E76.d.B1F8BAB4951B49493FF937C109CFE737.e.4960/click - {}
RESULT: {}
COMMAND: GET /session/1820fae8a81a1c34ca12c99f5ca4f404/screenshot - {}
RESULT: {}
COMMAND: POST /session/1820fae8a81a1c34ca12c99f5ca4f404/element - {"using":"xpath","value":"//bdi[contains(text(), \"Save\")]"}
RESULT: {"using":"xpath","value":"//bdi[contains(text(), \"Save\")]"}
COMMAND: POST /session/1820fae8a81a1c34ca12c99f5ca4f404/element/f.043615FDA099A6883ABDD55FCDA43E76.d.B1F8BAB4951B49493FF937C109CFE737.e.4983/click - {}
RESULT: {}
COMMAND: GET /session/1820fae8a81a1c34ca12c99f5ca4f404/screenshot - {}
RESULT: {}
COMMAND: POST /session/1820fae8a81a1c34ca12c99f5ca4f404/element - {"using":"css selector","value":"#shell-header-logo"}
RESULT: {"using":"css selector","value":"#shell-header-logo"}
COMMAND: POST /session/1820fae8a81a1c34ca12c99f5ca4f404/element/f.043615FDA099A6883ABDD55FCDA43E76.d.B1F8BAB4951B49493FF937C109CFE737.e.4639/click - {}
RESULT: {}
COMMAND: GET /session/1820fae8a81a1c34ca12c99f5ca4f404/screenshot - {}
RESULT: {}
]]></system-out>
    </testcase>
    <testcase classname="chrome.136_0_7103_93.windows.Standard_contract_-_add_contract_items_by_Insert_Request_US118222" name="Should create a new contract" time="94.467">
      <system-out><![CDATA[
COMMAND: POST /session/1820fae8a81a1c34ca12c99f5ca4f404/execute/async - {"script":"<script> [1562 bytes]","args":[{"selector":{"controlType":"sap.m.GenericTile","properties":{"header":"Manage Contracts"}},"wdio_ui5_key":"sapm.GenericTile{\"header\":\"Manage Contracts\"}"}]}
RESULT: {"script":"<script> [1562 bytes]","args":[{"selector":{"controlType":"sap.m.GenericTile","properties":{"header":"Manage Contracts"}},"wdio_ui5_key":"sapm.GenericTile{\"header\":\"Manage Contracts\"}"}]}
RESULT: undefined
COMMAND: POST /session/1820fae8a81a1c34ca12c99f5ca4f404/element - {"using":"xpath","value":"//*[@id=\"__tile130\"]"}
RESULT: {"using":"xpath","value":"//*[@id=\"__tile130\"]"}
COMMAND: POST /session/1820fae8a81a1c34ca12c99f5ca4f404/element/f.043615FDA099A6883ABDD55FCDA43E76.d.B1F8BAB4951B49493FF937C109CFE737.e.5015/click - {}
RESULT: {}
COMMAND: GET /session/1820fae8a81a1c34ca12c99f5ca4f404/screenshot - {}
RESULT: {}
COMMAND: POST /session/1820fae8a81a1c34ca12c99f5ca4f404/elements - {"using":"xpath","value":"//span[text()='Error']"}
RESULT: {"using":"xpath","value":"//span[text()='Error']"}
COMMAND: POST /session/1820fae8a81a1c34ca12c99f5ca4f404/element - {"using":"xpath","value":"//button[@data-kt=\"addButton\"]"}
RESULT: {"using":"xpath","value":"//button[@data-kt=\"addButton\"]"}
COMMAND: POST /session/1820fae8a81a1c34ca12c99f5ca4f404/element/f.043615FDA099A6883ABDD55FCDA43E76.d.B1F8BAB4951B49493FF937C109CFE737.e.5068/click - {}
RESULT: {}
COMMAND: GET /session/1820fae8a81a1c34ca12c99f5ca4f404/screenshot - {}
RESULT: {}
COMMAND: POST /session/1820fae8a81a1c34ca12c99f5ca4f404/execute/async - {"script":"<script> [1562 bytes]","args":[{"selector":{"id":"application-managecontracts-display-component---AddNewContract--projectDescription","interaction":{"idSuffix":"inner"}},"wdio_ui5_key":"applicationmanagecontracts-display-component---AddNewContract--projectDescription"}]}
RESULT: {"script":"<script> [1562 bytes]","args":[{"selector":{"id":"application-managecontracts-display-component---AddNewContract--projectDescription","interaction":{"idSuffix":"inner"}},"wdio_ui5_key":"applicationmanagecontracts-display-component---AddNewContract--projectDescription"}]}
RESULT: undefined
COMMAND: POST /session/1820fae8a81a1c34ca12c99f5ca4f404/execute/async - {"script":"<script> [776 bytes]","args":[{"enterText":"WdIOR2clmfikl","selector":{"id":"application-managecontracts-display-component---AddNewContract--projectDescription","interaction":{"idSuffix":"inner"}},"clearTextFirst":true,"interactionType":"ENTER_TEXT"}]}
RESULT: {"script":"<script> [776 bytes]","args":[{"enterText":"WdIOR2clmfikl","selector":{"id":"application-managecontracts-display-component---AddNewContract--projectDescription","interaction":{"idSuffix":"inner"}},"clearTextFirst":true,"interactionType":"ENTER_TEXT"}]}
COMMAND: POST /session/1820fae8a81a1c34ca12c99f5ca4f404/element - {"using":"xpath","value":"//input[@id=\"application-managecontracts-display-component---AddNewContract--yardId-inner\"]"}
RESULT: {"using":"xpath","value":"//input[@id=\"application-managecontracts-display-component---AddNewContract--yardId-inner\"]"}
COMMAND: POST /session/1820fae8a81a1c34ca12c99f5ca4f404/element/f.043615FDA099A6883ABDD55FCDA43E76.d.B1F8BAB4951B49493FF937C109CFE737.e.5365/clear - {}
RESULT: {}
COMMAND: POST /session/1820fae8a81a1c34ca12c99f5ca4f404/element/f.043615FDA099A6883ABDD55FCDA43E76.d.B1F8BAB4951B49493FF937C109CFE737.e.5365/value - {"text":"WebdriverYardpv7ub"}
COMMAND: GET /session/1820fae8a81a1c34ca12c99f5ca4f404/screenshot - {}
RESULT: {"text":"WebdriverYardpv7ub"}
COMMAND: GET /session/1820fae8a81a1c34ca12c99f5ca4f404/screenshot - {}
RESULT: {}
RESULT: {}
COMMAND: POST /session/1820fae8a81a1c34ca12c99f5ca4f404/actions - {"actions":[{"id":"action21","type":"key","parameters":{},"actions":[{"type":"keyDown","value":""},{"type":"pause","duration":10},{"type":"keyUp","value":""}]}]}
RESULT: {"actions":[{"id":"action21","type":"key","parameters":{},"actions":[{"type":"keyDown","value":""},{"type":"pause","duration":10},{"type":"keyUp","value":""}]}]}
COMMAND: GET /session/1820fae8a81a1c34ca12c99f5ca4f404/screenshot - {}
RESULT: {}
COMMAND: POST /session/1820fae8a81a1c34ca12c99f5ca4f404/element - {"using":"xpath","value":"//input[@id=\"application-managecontracts-display-component---AddNewContract--customerSelect-inner\"]"}
RESULT: {"using":"xpath","value":"//input[@id=\"application-managecontracts-display-component---AddNewContract--customerSelect-inner\"]"}
COMMAND: POST /session/1820fae8a81a1c34ca12c99f5ca4f404/element/f.043615FDA099A6883ABDD55FCDA43E76.d.B1F8BAB4951B49493FF937C109CFE737.e.5363/clear - {}
RESULT: {}
COMMAND: POST /session/1820fae8a81a1c34ca12c99f5ca4f404/element/f.043615FDA099A6883ABDD55FCDA43E76.d.B1F8BAB4951B49493FF937C109CFE737.e.5363/value - {"text":"WebdriverPartnergfck1g"}
COMMAND: GET /session/1820fae8a81a1c34ca12c99f5ca4f404/screenshot - {}
RESULT: {"text":"WebdriverPartnergfck1g"}
COMMAND: GET /session/1820fae8a81a1c34ca12c99f5ca4f404/screenshot - {}
RESULT: {}
RESULT: {}
COMMAND: POST /session/1820fae8a81a1c34ca12c99f5ca4f404/actions - {"actions":[{"id":"action22","type":"key","parameters":{},"actions":[{"type":"keyDown","value":""},{"type":"pause","duration":10},{"type":"keyUp","value":""}]}]}
RESULT: {"actions":[{"id":"action22","type":"key","parameters":{},"actions":[{"type":"keyDown","value":""},{"type":"pause","duration":10},{"type":"keyUp","value":""}]}]}
COMMAND: GET /session/1820fae8a81a1c34ca12c99f5ca4f404/screenshot - {}
RESULT: {}
COMMAND: POST /session/1820fae8a81a1c34ca12c99f5ca4f404/element - {"using":"xpath","value":"//input[@id=\"application-managecontracts-display-component---AddNewContract--site-inner\"]"}
RESULT: {"using":"xpath","value":"//input[@id=\"application-managecontracts-display-component---AddNewContract--site-inner\"]"}
COMMAND: POST /session/1820fae8a81a1c34ca12c99f5ca4f404/element/f.043615FDA099A6883ABDD55FCDA43E76.d.B1F8BAB4951B49493FF937C109CFE737.e.5364/clear - {}
RESULT: {}
COMMAND: POST /session/1820fae8a81a1c34ca12c99f5ca4f404/element/f.043615FDA099A6883ABDD55FCDA43E76.d.B1F8BAB4951B49493FF937C109CFE737.e.5364/value - {"text":"WebdriverSite28sck"}
COMMAND: GET /session/1820fae8a81a1c34ca12c99f5ca4f404/screenshot - {}
RESULT: {"text":"WebdriverSite28sck"}
COMMAND: GET /session/1820fae8a81a1c34ca12c99f5ca4f404/screenshot - {}
RESULT: {}
RESULT: {}
COMMAND: POST /session/1820fae8a81a1c34ca12c99f5ca4f404/actions - {"actions":[{"id":"action23","type":"key","parameters":{},"actions":[{"type":"keyDown","value":""},{"type":"pause","duration":10},{"type":"keyUp","value":""}]}]}
RESULT: {"actions":[{"id":"action23","type":"key","parameters":{},"actions":[{"type":"keyDown","value":""},{"type":"pause","duration":10},{"type":"keyUp","value":""}]}]}
COMMAND: GET /session/1820fae8a81a1c34ca12c99f5ca4f404/screenshot - {}
COMMAND: POST /session/1820fae8a81a1c34ca12c99f5ca4f404/element - {"using":"xpath","value":"//button[@data-kt=\"saveButton\"]"}
RESULT: {}
RESULT: {"using":"xpath","value":"//button[@data-kt=\"saveButton\"]"}
COMMAND: POST /session/1820fae8a81a1c34ca12c99f5ca4f404/element/f.043615FDA099A6883ABDD55FCDA43E76.d.B1F8BAB4951B49493FF937C109CFE737.e.5397/click - {}
RESULT: {}
COMMAND: GET /session/1820fae8a81a1c34ca12c99f5ca4f404/screenshot - {}
RESULT: {}
COMMAND: POST /session/1820fae8a81a1c34ca12c99f5ca4f404/execute/async - {"script":"<script> [1562 bytes]","args":[{"selector":{"id":"contractDetailTitleNoExpanded","viewName":"etm.portal.ui.managecontracts.view.Detail"},"wdio_ui5_key":"contractDetailTitleNoExpandedetmportal.ui.managecontracts.view.Detail"}]}
RESULT: {"script":"<script> [1562 bytes]","args":[{"selector":{"id":"contractDetailTitleNoExpanded","viewName":"etm.portal.ui.managecontracts.view.Detail"},"wdio_ui5_key":"contractDetailTitleNoExpandedetmportal.ui.managecontracts.view.Detail"}]}
RESULT: undefined
COMMAND: POST /session/1820fae8a81a1c34ca12c99f5ca4f404/execute/async - {"script":"<script> [6424 bytes]","args":[{"element-6066-11e4-a52e-4f735466cecf":"f.043615FDA099A6883ABDD55FCDA43E76.d.B1F8BAB4951B49493FF937C109CFE737.e.5405"},"getText",[]]}
RESULT: {"script":"<script> [6424 bytes]","args":[{"element-6066-11e4-a52e-4f735466cecf":"f.043615FDA099A6883ABDD55FCDA43E76.d.B1F8BAB4951B49493FF937C109CFE737.e.5405"},"getText",[]]}
]]></system-out>
    </testcase>
    <testcase classname="chrome.136_0_7103_93.windows.Standard_contract_-_add_contract_items_by_Insert_Request_US118222" name="Should create a new request and plan it" time="177.569">
      <system-out><![CDATA[
COMMAND: POST /session/1820fae8a81a1c34ca12c99f5ca4f404/element - {"using":"css selector","value":"#shell-header-logo"}
RESULT: {"using":"css selector","value":"#shell-header-logo"}
COMMAND: POST /session/1820fae8a81a1c34ca12c99f5ca4f404/element/f.043615FDA099A6883ABDD55FCDA43E76.d.B1F8BAB4951B49493FF937C109CFE737.e.5018/click - {}
RESULT: {}
COMMAND: GET /session/1820fae8a81a1c34ca12c99f5ca4f404/screenshot - {}
RESULT: {}
COMMAND: POST /session/1820fae8a81a1c34ca12c99f5ca4f404/execute/async - {"script":"<script> [1562 bytes]","args":[{"selector":{"controlType":"sap.m.GenericTile","properties":{"header":"Manage Requests"}},"wdio_ui5_key":"sapm.GenericTile{\"header\":\"Manage Requests\"}"}]}
RESULT: {"script":"<script> [1562 bytes]","args":[{"selector":{"controlType":"sap.m.GenericTile","properties":{"header":"Manage Requests"}},"wdio_ui5_key":"sapm.GenericTile{\"header\":\"Manage Requests\"}"}]}
RESULT: undefined
COMMAND: POST /session/1820fae8a81a1c34ca12c99f5ca4f404/element - {"using":"xpath","value":"//*[@id=\"__tile47\"]"}
RESULT: {"using":"xpath","value":"//*[@id=\"__tile47\"]"}
COMMAND: POST /session/1820fae8a81a1c34ca12c99f5ca4f404/element/f.043615FDA099A6883ABDD55FCDA43E76.d.B1F8BAB4951B49493FF937C109CFE737.e.5410/click - {}
RESULT: {}
COMMAND: GET /session/1820fae8a81a1c34ca12c99f5ca4f404/screenshot - {}
RESULT: {}
COMMAND: POST /session/1820fae8a81a1c34ca12c99f5ca4f404/elements - {"using":"xpath","value":"//span[text()='Error']"}
RESULT: {"using":"xpath","value":"//span[text()='Error']"}
COMMAND: POST /session/1820fae8a81a1c34ca12c99f5ca4f404/element - {"using":"xpath","value":"//button[contains(@data-kt ,\"btnCreateNewOverflowToolbarButton\")]"}
COMMAND: POST /session/1820fae8a81a1c34ca12c99f5ca4f404/element - {"using":"xpath","value":"(//span[contains(@class ,\"sapMObjStatusText\")])[1]"}
RESULT: {"using":"xpath","value":"//button[contains(@data-kt ,\"btnCreateNewOverflowToolbarButton\")]"}
COMMAND: POST /session/1820fae8a81a1c34ca12c99f5ca4f404/element/f.043615FDA099A6883ABDD55FCDA43E76.d.B1F8BAB4951B49493FF937C109CFE737.e.5450/click - {}
RESULT: {"using":"xpath","value":"(//span[contains(@class ,\"sapMObjStatusText\")])[1]"}
COMMAND: POST /session/1820fae8a81a1c34ca12c99f5ca4f404/execute/sync - {"script":"<script> [8489 bytes]","args":[{"element-6066-11e4-a52e-4f735466cecf":"f.043615FDA099A6883ABDD55FCDA43E76.d.B1F8BAB4951B49493FF937C109CFE737.e.5514","ELEMENT":"f.043615FDA099A6883ABDD55FCDA43E76.d.B1F8BAB4951B49493FF937C109CFE737.e.5514"}]}
RESULT: {}
COMMAND: GET /session/1820fae8a81a1c34ca12c99f5ca4f404/screenshot - {}
RESULT: {"script":"<script> [8489 bytes]","args":[{"element-6066-11e4-a52e-4f735466cecf":"f.043615FDA099A6883ABDD55FCDA43E76.d.B1F8BAB4951B49493FF937C109CFE737.e.5514","ELEMENT":"f.043615FDA099A6883ABDD55FCDA43E76.d.B1F8BAB4951B49493FF937C109CFE737.e.5514"}]}
COMMAND: GET /session/1820fae8a81a1c34ca12c99f5ca4f404/screenshot - {}
RESULT: {}
RESULT: {}
COMMAND: POST /session/1820fae8a81a1c34ca12c99f5ca4f404/element - {"using":"xpath","value":"//input[contains(@id ,\"yardId-inner\")]"}
RESULT: {"using":"xpath","value":"//input[contains(@id ,\"yardId-inner\")]"}
COMMAND: POST /session/1820fae8a81a1c34ca12c99f5ca4f404/execute/sync - {"script":"<script> [8489 bytes]","args":[{"element-6066-11e4-a52e-4f735466cecf":"f.043615FDA099A6883ABDD55FCDA43E76.d.B1F8BAB4951B49493FF937C109CFE737.e.5638","ELEMENT":"f.043615FDA099A6883ABDD55FCDA43E76.d.B1F8BAB4951B49493FF937C109CFE737.e.5638"}]}
RESULT: {"script":"<script> [8489 bytes]","args":[{"element-6066-11e4-a52e-4f735466cecf":"f.043615FDA099A6883ABDD55FCDA43E76.d.B1F8BAB4951B49493FF937C109CFE737.e.5638","ELEMENT":"f.043615FDA099A6883ABDD55FCDA43E76.d.B1F8BAB4951B49493FF937C109CFE737.e.5638"}]}
COMMAND: POST /session/1820fae8a81a1c34ca12c99f5ca4f404/element - {"using":"xpath","value":"//input[contains(@id ,\"requestContractNo-inner\")]"}
COMMAND: POST /session/1820fae8a81a1c34ca12c99f5ca4f404/element - {"using":"xpath","value":"//input[contains(@id ,\"requestContractNo-inner\")]"}
COMMAND: GET /session/1820fae8a81a1c34ca12c99f5ca4f404/screenshot - {}
RESULT: {"using":"xpath","value":"//input[contains(@id ,\"requestContractNo-inner\")]"}
COMMAND: POST /session/1820fae8a81a1c34ca12c99f5ca4f404/element/f.043615FDA099A6883ABDD55FCDA43E76.d.B1F8BAB4951B49493FF937C109CFE737.e.5635/value - {"text":"10487"}
RESULT: {"using":"xpath","value":"//input[contains(@id ,\"requestContractNo-inner\")]"}
COMMAND: GET /session/1820fae8a81a1c34ca12c99f5ca4f404/element/f.043615FDA099A6883ABDD55FCDA43E76.d.B1F8BAB4951B49493FF937C109CFE737.e.5635/enabled - {}
RESULT: {}
RESULT: {"text":"10487"}
RESULT: {}
COMMAND: GET /session/1820fae8a81a1c34ca12c99f5ca4f404/screenshot - {}
COMMAND: GET /session/1820fae8a81a1c34ca12c99f5ca4f404/screenshot - {}
RESULT: {}
RESULT: {}
COMMAND: POST /session/1820fae8a81a1c34ca12c99f5ca4f404/actions - {"actions":[{"id":"action24","type":"key","parameters":{},"actions":[{"type":"keyDown","value":""},{"type":"pause","duration":10},{"type":"keyUp","value":""}]}]}
RESULT: {"actions":[{"id":"action24","type":"key","parameters":{},"actions":[{"type":"keyDown","value":""},{"type":"pause","duration":10},{"type":"keyUp","value":""}]}]}
COMMAND: GET /session/1820fae8a81a1c34ca12c99f5ca4f404/screenshot - {}
RESULT: {}
COMMAND: POST /session/1820fae8a81a1c34ca12c99f5ca4f404/execute/async - {"script":"<script> [1562 bytes]","args":[{"selector":{"controlType":"sap.ui.core.Icon","viewName":"etm.portal.ui.managerequests.view.NewRequest","properties":{"src":{"regex":{"source":"add"}}}},"wdio_ui5_key":"etmportal.ui.managerequests.view.NewRequestsap.ui.core.Icon{\"src\":{\"regex\":{\"source\":\"add\"}}}"}]}
RESULT: {"script":"<script> [1562 bytes]","args":[{"selector":{"controlType":"sap.ui.core.Icon","viewName":"etm.portal.ui.managerequests.view.NewRequest","properties":{"src":{"regex":{"source":"add"}}}},"wdio_ui5_key":"etmportal.ui.managerequests.view.NewRequestsap.ui.core.Icon{\"src\":{\"regex\":{\"source\":\"add\"}}}"}]}
RESULT: undefined
COMMAND: POST /session/1820fae8a81a1c34ca12c99f5ca4f404/element - {"using":"xpath","value":"//*[@id=\"__xmlview61--btnAddTableRow-img\"]"}
RESULT: {"using":"xpath","value":"//*[@id=\"__xmlview61--btnAddTableRow-img\"]"}
COMMAND: POST /session/1820fae8a81a1c34ca12c99f5ca4f404/element/f.043615FDA099A6883ABDD55FCDA43E76.d.B1F8BAB4951B49493FF937C109CFE737.e.5782/click - {}
RESULT: {}
COMMAND: GET /session/1820fae8a81a1c34ca12c99f5ca4f404/screenshot - {}
RESULT: {}
COMMAND: POST /session/1820fae8a81a1c34ca12c99f5ca4f404/execute/async - {"script":"<script> [1562 bytes]","args":[{"selector":{"controlType":"sap.ui.unified.MenuItem","viewName":"etm.portal.ui.managerequests.view.NewRequest","i18NText":{"propertyName":"text","key":"standardEntry"},"searchOpenDialogs":true,"interaction":{"idSuffix":"txt"}},"wdio_ui5_key":"etmportal.ui.managerequests.view.NewRequestsap.ui.unified.MenuItem{\"propertyName\":\"text\",\"key\":\"standardEntry\"}"}]}
RESULT: {"script":"<script> [1562 bytes]","args":[{"selector":{"controlType":"sap.ui.unified.MenuItem","viewName":"etm.portal.ui.managerequests.view.NewRequest","i18NText":{"propertyName":"text","key":"standardEntry"},"searchOpenDialogs":true,"interaction":{"idSuffix":"txt"}},"wdio_ui5_key":"etmportal.ui.managerequests.view.NewRequestsap.ui.unified.MenuItem{\"propertyName\":\"text\",\"key\":\"standardEntry\"}"}]}
RESULT: undefined
COMMAND: POST /session/1820fae8a81a1c34ca12c99f5ca4f404/element - {"using":"xpath","value":"//*[@id=\"__item2380\"]"}
RESULT: {"using":"xpath","value":"//*[@id=\"__item2380\"]"}
COMMAND: POST /session/1820fae8a81a1c34ca12c99f5ca4f404/element/f.043615FDA099A6883ABDD55FCDA43E76.d.B1F8BAB4951B49493FF937C109CFE737.e.5786/click - {}
RESULT: {}
COMMAND: GET /session/1820fae8a81a1c34ca12c99f5ca4f404/screenshot - {}
RESULT: {}
RESULT: undefined
COMMAND: POST /session/1820fae8a81a1c34ca12c99f5ca4f404/element - {"using":"xpath","value":"//*[@id=\"__xmlview61--btnAddTableRow-img\"]"}
RESULT: {"using":"xpath","value":"//*[@id=\"__xmlview61--btnAddTableRow-img\"]"}
COMMAND: POST /session/1820fae8a81a1c34ca12c99f5ca4f404/element/f.043615FDA099A6883ABDD55FCDA43E76.d.B1F8BAB4951B49493FF937C109CFE737.e.5782/click - {}
RESULT: {}
COMMAND: GET /session/1820fae8a81a1c34ca12c99f5ca4f404/screenshot - {}
RESULT: {}
RESULT: undefined
COMMAND: POST /session/1820fae8a81a1c34ca12c99f5ca4f404/element - {"using":"xpath","value":"//*[@id=\"__item2380\"]"}
RESULT: {"using":"xpath","value":"//*[@id=\"__item2380\"]"}
COMMAND: POST /session/1820fae8a81a1c34ca12c99f5ca4f404/element/f.043615FDA099A6883ABDD55FCDA43E76.d.B1F8BAB4951B49493FF937C109CFE737.e.5798/click - {}
RESULT: {}
COMMAND: GET /session/1820fae8a81a1c34ca12c99f5ca4f404/screenshot - {}
RESULT: {}
COMMAND: POST /session/1820fae8a81a1c34ca12c99f5ca4f404/element - {"using":"xpath","value":"(//input[contains(@id ,\"requestItemsTable-0-inner\")])[1]"}
RESULT: {"using":"xpath","value":"(//input[contains(@id ,\"requestItemsTable-0-inner\")])[1]"}
COMMAND: POST /session/1820fae8a81a1c34ca12c99f5ca4f404/element/f.043615FDA099A6883ABDD55FCDA43E76.d.B1F8BAB4951B49493FF937C109CFE737.e.5788/clear - {}
RESULT: {}
COMMAND: POST /session/1820fae8a81a1c34ca12c99f5ca4f404/element/f.043615FDA099A6883ABDD55FCDA43E76.d.B1F8BAB4951B49493FF937C109CFE737.e.5788/value - {"text":"catalogItem3auuej"}
COMMAND: GET /session/1820fae8a81a1c34ca12c99f5ca4f404/screenshot - {}
RESULT: {"text":"catalogItem3auuej"}
COMMAND: GET /session/1820fae8a81a1c34ca12c99f5ca4f404/screenshot - {}
RESULT: {}
RESULT: {}
COMMAND: POST /session/1820fae8a81a1c34ca12c99f5ca4f404/actions - {"actions":[{"id":"action25","type":"key","parameters":{},"actions":[{"type":"keyDown","value":""},{"type":"pause","duration":10},{"type":"keyUp","value":""}]}]}
RESULT: {"actions":[{"id":"action25","type":"key","parameters":{},"actions":[{"type":"keyDown","value":""},{"type":"pause","duration":10},{"type":"keyUp","value":""}]}]}
COMMAND: POST /session/1820fae8a81a1c34ca12c99f5ca4f404/element - {"using":"xpath","value":"(//input[contains(@id ,\"requestItemsTable-1-inner\")])[1]"}
COMMAND: GET /session/1820fae8a81a1c34ca12c99f5ca4f404/screenshot - {}
RESULT: {"using":"xpath","value":"(//input[contains(@id ,\"requestItemsTable-1-inner\")])[1]"}
COMMAND: POST /session/1820fae8a81a1c34ca12c99f5ca4f404/element/f.043615FDA099A6883ABDD55FCDA43E76.d.B1F8BAB4951B49493FF937C109CFE737.e.5800/clear - {}
RESULT: {}
RESULT: {}
COMMAND: POST /session/1820fae8a81a1c34ca12c99f5ca4f404/element/f.043615FDA099A6883ABDD55FCDA43E76.d.B1F8BAB4951B49493FF937C109CFE737.e.5800/value - {"text":"catalogItem3auuej"}
COMMAND: GET /session/1820fae8a81a1c34ca12c99f5ca4f404/screenshot - {}
RESULT: {"text":"catalogItem3auuej"}
COMMAND: GET /session/1820fae8a81a1c34ca12c99f5ca4f404/screenshot - {}
RESULT: {}
RESULT: {}
COMMAND: POST /session/1820fae8a81a1c34ca12c99f5ca4f404/actions - {"actions":[{"id":"action26","type":"key","parameters":{},"actions":[{"type":"keyDown","value":""},{"type":"pause","duration":10},{"type":"keyUp","value":""}]}]}
RESULT: {"actions":[{"id":"action26","type":"key","parameters":{},"actions":[{"type":"keyDown","value":""},{"type":"pause","duration":10},{"type":"keyUp","value":""}]}]}
COMMAND: GET /session/1820fae8a81a1c34ca12c99f5ca4f404/screenshot - {}
RESULT: {}
COMMAND: POST /session/1820fae8a81a1c34ca12c99f5ca4f404/execute/async - {"script":"<script> [1562 bytes]","args":[{"selector":{"controlType":"sap.ui.core.Icon","viewName":"etm.portal.ui.managerequests.view.NewRequest","properties":{"src":{"regex":{"source":"slim\\-arrow\\-down"}}},"ancestor":{"controlType":"sap.m.Button","viewName":"etm.portal.ui.managerequests.view.NewRequest","properties":{"icon":"sap-icon://slim-arrow-down"}}},"wdio_ui5_key":"etmportal.ui.managerequests.view.NewRequestsap.ui.core.Icon{\"src\":{\"regex\":{\"source\":\"slim\\\\-arrow\\\\-down\"}}}{\"controlType\":\"sap.m.Button\",\"viewName\":\"etm.portal.ui.managerequests.view.NewRequest\",\"properties\":{\"icon\":\"sap-icon://slim-arrow-down\"}}"}]}
RESULT: {"script":"<script> [1562 bytes]","args":[{"selector":{"controlType":"sap.ui.core.Icon","viewName":"etm.portal.ui.managerequests.view.NewRequest","properties":{"src":{"regex":{"source":"slim\\-arrow\\-down"}}},"ancestor":{"controlType":"sap.m.Button","viewName":"etm.portal.ui.managerequests.view.NewRequest","properties":{"icon":"sap-icon://slim-arrow-down"}}},"wdio_ui5_key":"etmportal.ui.managerequests.view.NewRequestsap.ui.core.Icon{\"src\":{\"regex\":{\"source\":\"slim\\\\-arrow\\\\-down\"}}}{\"controlType\":\"sap.m.Button\",\"viewName\":\"etm.portal.ui.managerequests.view.NewRequest\",\"properties\":{\"icon\":\"sap-icon://slim-arrow-down\"}}"}]}
RESULT: undefined
COMMAND: POST /session/1820fae8a81a1c34ca12c99f5ca4f404/element - {"using":"xpath","value":"//*[@id=\"__title45-expandBtn-img\"]"}
RESULT: {"using":"xpath","value":"//*[@id=\"__title45-expandBtn-img\"]"}
COMMAND: POST /session/1820fae8a81a1c34ca12c99f5ca4f404/element/f.043615FDA099A6883ABDD55FCDA43E76.d.B1F8BAB4951B49493FF937C109CFE737.e.5820/click - {}
RESULT: {}
COMMAND: POST /session/1820fae8a81a1c34ca12c99f5ca4f404/element - {"using":"xpath","value":"//div[contains(@data-kt ,\"splitAllocationObjectStatus\")]"}
COMMAND: GET /session/1820fae8a81a1c34ca12c99f5ca4f404/screenshot - {}
RESULT: {"using":"xpath","value":"//div[contains(@data-kt ,\"splitAllocationObjectStatus\")]"}
COMMAND: POST /session/1820fae8a81a1c34ca12c99f5ca4f404/elements - {"using":"xpath","value":"//div[contains(@data-kt ,\"splitAllocationObjectStatus\")]"}
RESULT: {}
RESULT: {"using":"xpath","value":"//div[contains(@data-kt ,\"splitAllocationObjectStatus\")]"}
COMMAND: POST /session/1820fae8a81a1c34ca12c99f5ca4f404/execute/async - {"script":"<script> [1562 bytes]","args":[{"selector":{"controlType":"sap.ui.core.Icon","viewName":"etm.portal.ui.managerequests.view.NewRequest","properties":{"src":{"regex":{"source":"message\\-error"}}},"ancestor":{"controlType":"sap.m.ColumnListItem","viewName":"etm.portal.ui.managerequests.view.NewRequest","bindingPath":{"modelName":"newRequestItems","path":"/RequestItems/0"},"ancestor":{"id":"requestItemsTable","viewName":"etm.portal.ui.managerequests.view.NewRequest"}}},"wdio_ui5_key":"etmportal.ui.managerequests.view.NewRequestsap.ui.core.Icon{\"src\":{\"regex\":{\"source\":\"message\\\\-error\"}}}{\"controlType\":\"sap.m.ColumnListItem\",\"viewName\":\"etm.portal.ui.managerequests.view.NewRequest\",\"bindingPath\":{\"modelName\":\"newRequestItems\",\"path\":\"/RequestItems/0\"},\"ancestor\":{\"id\":\"requestItemsTable\",\"viewName\":\"etm.portal.ui.managerequests.view.NewRequest\"}}"}]}
RESULT: {"script":"<script> [1562 bytes]","args":[{"selector":{"controlType":"sap.ui.core.Icon","viewName":"etm.portal.ui.managerequests.view.NewRequest","properties":{"src":{"regex":{"source":"message\\-error"}}},"ancestor":{"controlType":"sap.m.ColumnListItem","viewName":"etm.portal.ui.managerequests.view.NewRequest","bindingPath":{"modelName":"newRequestItems","path":"/RequestItems/0"},"ancestor":{"id":"requestItemsTable","viewName":"etm.portal.ui.managerequests.view.NewRequest"}}},"wdio_ui5_key":"etmportal.ui.managerequests.view.NewRequestsap.ui.core.Icon{\"src\":{\"regex\":{\"source\":\"message\\\\-error\"}}}{\"controlType\":\"sap.m.ColumnListItem\",\"viewName\":\"etm.portal.ui.managerequests.view.NewRequest\",\"bindingPath\":{\"modelName\":\"newRequestItems\",\"path\":\"/RequestItems/0\"},\"ancestor\":{\"id\":\"requestItemsTable\",\"viewName\":\"etm.portal.ui.managerequests.view.NewRequest\"}}"}]}
RESULT: undefined
COMMAND: POST /session/1820fae8a81a1c34ca12c99f5ca4f404/element - {"using":"xpath","value":"//*[@id=\"__status15-__xmlview61--requestItemsTable-0-icon\"]"}
RESULT: {"using":"xpath","value":"//*[@id=\"__status15-__xmlview61--requestItemsTable-0-icon\"]"}
COMMAND: POST /session/1820fae8a81a1c34ca12c99f5ca4f404/element/f.043615FDA099A6883ABDD55FCDA43E76.d.B1F8BAB4951B49493FF937C109CFE737.e.5825/click - {}
RESULT: {}
COMMAND: GET /session/1820fae8a81a1c34ca12c99f5ca4f404/screenshot - {}
RESULT: {}
COMMAND: POST /session/1820fae8a81a1c34ca12c99f5ca4f404/execute/async - {"script":"<script> [1562 bytes]","args":[{"selector":{"id":"costObjectAdminTypeComboBox","viewName":"etm.portal.ui.managerequests.view.NewRequest","searchOpenDialogs":true,"interaction":{"idSuffix":"inner"}},"wdio_ui5_key":"costObjectAdminTypeComboBoxetmportal.ui.managerequests.view.NewRequest"}]}
RESULT: {"script":"<script> [1562 bytes]","args":[{"selector":{"id":"costObjectAdminTypeComboBox","viewName":"etm.portal.ui.managerequests.view.NewRequest","searchOpenDialogs":true,"interaction":{"idSuffix":"inner"}},"wdio_ui5_key":"costObjectAdminTypeComboBoxetmportal.ui.managerequests.view.NewRequest"}]}
RESULT: undefined
COMMAND: POST /session/1820fae8a81a1c34ca12c99f5ca4f404/execute/async - {"script":"<script> [776 bytes]","args":[{"enterText":"Cost Center","selector":{"id":"costObjectAdminTypeComboBox","viewName":"etm.portal.ui.managerequests.view.NewRequest","searchOpenDialogs":true,"interaction":{"idSuffix":"inner"}},"clearTextFirst":true,"interactionType":"ENTER_TEXT"}]}
RESULT: {"script":"<script> [776 bytes]","args":[{"enterText":"Cost Center","selector":{"id":"costObjectAdminTypeComboBox","viewName":"etm.portal.ui.managerequests.view.NewRequest","searchOpenDialogs":true,"interaction":{"idSuffix":"inner"}},"clearTextFirst":true,"interactionType":"ENTER_TEXT"}]}
COMMAND: POST /session/1820fae8a81a1c34ca12c99f5ca4f404/actions - {"actions":[{"id":"action27","type":"key","parameters":{},"actions":[{"type":"keyDown","value":""},{"type":"pause","duration":10},{"type":"keyUp","value":""}]}]}
RESULT: {"actions":[{"id":"action27","type":"key","parameters":{},"actions":[{"type":"keyDown","value":""},{"type":"pause","duration":10},{"type":"keyUp","value":""}]}]}
COMMAND: GET /session/1820fae8a81a1c34ca12c99f5ca4f404/screenshot - {}
RESULT: {}
COMMAND: POST /session/1820fae8a81a1c34ca12c99f5ca4f404/execute/async - {"script":"<script> [1562 bytes]","args":[{"selector":{"controlType":"sap.ui.core.Icon","viewName":"etm.portal.ui.managerequests.view.NewRequest","properties":{"src":{"regex":{"source":"value\\-help"}}},"searchOpenDialogs":true},"wdio_ui5_key":"etmportal.ui.managerequests.view.NewRequestsap.ui.core.Icon{\"src\":{\"regex\":{\"source\":\"value\\\\-help\"}}}"}]}
RESULT: {"script":"<script> [1562 bytes]","args":[{"selector":{"controlType":"sap.ui.core.Icon","viewName":"etm.portal.ui.managerequests.view.NewRequest","properties":{"src":{"regex":{"source":"value\\-help"}}},"searchOpenDialogs":true},"wdio_ui5_key":"etmportal.ui.managerequests.view.NewRequestsap.ui.core.Icon{\"src\":{\"regex\":{\"source\":\"value\\\\-help\"}}}"}]}
RESULT: undefined
COMMAND: POST /session/1820fae8a81a1c34ca12c99f5ca4f404/element - {"using":"xpath","value":"//*[@id=\"__xmlview61--costObjectIdComboBox-vhi\"]"}
RESULT: {"using":"xpath","value":"//*[@id=\"__xmlview61--costObjectIdComboBox-vhi\"]"}
COMMAND: POST /session/1820fae8a81a1c34ca12c99f5ca4f404/element/f.043615FDA099A6883ABDD55FCDA43E76.d.B1F8BAB4951B49493FF937C109CFE737.e.5838/click - {}
RESULT: {}
COMMAND: POST /session/1820fae8a81a1c34ca12c99f5ca4f404/execute/async - {"script":"<script> [1562 bytes]","args":[{"selector":{"controlType":"sap.m.SearchField","properties":{"placeholder":"Search"},"searchOpenDialogs":true,"interaction":{"idSuffix":"I"}},"wdio_ui5_key":"sapm.SearchField{\"placeholder\":\"Search\"}"}]}
COMMAND: GET /session/1820fae8a81a1c34ca12c99f5ca4f404/screenshot - {}
RESULT: {"script":"<script> [1562 bytes]","args":[{"selector":{"controlType":"sap.m.SearchField","properties":{"placeholder":"Search"},"searchOpenDialogs":true,"interaction":{"idSuffix":"I"}},"wdio_ui5_key":"sapm.SearchField{\"placeholder\":\"Search\"}"}]}
RESULT: undefined
COMMAND: POST /session/1820fae8a81a1c34ca12c99f5ca4f404/execute/async - {"script":"<script> [776 bytes]","args":[{"enterText":"10001013","selector":{"controlType":"sap.m.SearchField","properties":{"placeholder":"Search"},"searchOpenDialogs":true,"interaction":{"idSuffix":"I"}},"clearTextFirst":true,"interactionType":"ENTER_TEXT"}]}
RESULT: {}
RESULT: {"script":"<script> [776 bytes]","args":[{"enterText":"10001013","selector":{"controlType":"sap.m.SearchField","properties":{"placeholder":"Search"},"searchOpenDialogs":true,"interaction":{"idSuffix":"I"}},"clearTextFirst":true,"interactionType":"ENTER_TEXT"}]}
COMMAND: POST /session/1820fae8a81a1c34ca12c99f5ca4f404/actions - {"actions":[{"id":"action28","type":"key","parameters":{},"actions":[{"type":"keyDown","value":""},{"type":"pause","duration":10},{"type":"keyUp","value":""}]}]}
RESULT: {"actions":[{"id":"action28","type":"key","parameters":{},"actions":[{"type":"keyDown","value":""},{"type":"pause","duration":10},{"type":"keyUp","value":""}]}]}
COMMAND: GET /session/1820fae8a81a1c34ca12c99f5ca4f404/screenshot - {}
RESULT: {}
COMMAND: POST /session/1820fae8a81a1c34ca12c99f5ca4f404/element - {"using":"xpath","value":"//span[contains(text(), \"General Management\")]"}
RESULT: {"using":"xpath","value":"//span[contains(text(), \"General Management\")]"}
COMMAND: POST /session/1820fae8a81a1c34ca12c99f5ca4f404/element/f.043615FDA099A6883ABDD55FCDA43E76.d.B1F8BAB4951B49493FF937C109CFE737.e.5877/click - {}
RESULT: {}
COMMAND: GET /session/1820fae8a81a1c34ca12c99f5ca4f404/screenshot - {}
RESULT: {}
COMMAND: POST /session/1820fae8a81a1c34ca12c99f5ca4f404/element - {"using":"xpath","value":"//bdi[contains(text(), \"OK\")]"}
RESULT: {"using":"xpath","value":"//bdi[contains(text(), \"OK\")]"}
COMMAND: POST /session/1820fae8a81a1c34ca12c99f5ca4f404/element/f.043615FDA099A6883ABDD55FCDA43E76.d.B1F8BAB4951B49493FF937C109CFE737.e.5878/click - {}
RESULT: {}
COMMAND: GET /session/1820fae8a81a1c34ca12c99f5ca4f404/screenshot - {}
RESULT: {}
COMMAND: POST /session/1820fae8a81a1c34ca12c99f5ca4f404/element - {"using":"xpath","value":"(//bdi[contains(@id ,\"BDI-content\")][contains(text(), \"Save\")])[1]"}
RESULT: {"using":"xpath","value":"(//bdi[contains(@id ,\"BDI-content\")][contains(text(), \"Save\")])[1]"}
COMMAND: POST /session/1820fae8a81a1c34ca12c99f5ca4f404/element/f.043615FDA099A6883ABDD55FCDA43E76.d.B1F8BAB4951B49493FF937C109CFE737.e.5882/click - {}
RESULT: {}
COMMAND: GET /session/1820fae8a81a1c34ca12c99f5ca4f404/screenshot - {}
RESULT: {}
COMMAND: POST /session/1820fae8a81a1c34ca12c99f5ca4f404/execute/async - {"script":"<script> [1562 bytes]","args":[{"selector":{"controlType":"sap.ui.core.Icon","viewName":"etm.portal.ui.managerequests.view.NewRequest","properties":{"src":{"regex":{"source":"message\\-error"}}},"ancestor":{"controlType":"sap.m.ColumnListItem","viewName":"etm.portal.ui.managerequests.view.NewRequest","bindingPath":{"modelName":"newRequestItems","path":"/RequestItems/1"},"ancestor":{"id":"requestItemsTable","viewName":"etm.portal.ui.managerequests.view.NewRequest"}}},"wdio_ui5_key":"etmportal.ui.managerequests.view.NewRequestsap.ui.core.Icon{\"src\":{\"regex\":{\"source\":\"message\\\\-error\"}}}{\"controlType\":\"sap.m.ColumnListItem\",\"viewName\":\"etm.portal.ui.managerequests.view.NewRequest\",\"bindingPath\":{\"modelName\":\"newRequestItems\",\"path\":\"/RequestItems/1\"},\"ancestor\":{\"id\":\"requestItemsTable\",\"viewName\":\"etm.portal.ui.managerequests.view.NewRequest\"}}"}]}
RESULT: {"script":"<script> [1562 bytes]","args":[{"selector":{"controlType":"sap.ui.core.Icon","viewName":"etm.portal.ui.managerequests.view.NewRequest","properties":{"src":{"regex":{"source":"message\\-error"}}},"ancestor":{"controlType":"sap.m.ColumnListItem","viewName":"etm.portal.ui.managerequests.view.NewRequest","bindingPath":{"modelName":"newRequestItems","path":"/RequestItems/1"},"ancestor":{"id":"requestItemsTable","viewName":"etm.portal.ui.managerequests.view.NewRequest"}}},"wdio_ui5_key":"etmportal.ui.managerequests.view.NewRequestsap.ui.core.Icon{\"src\":{\"regex\":{\"source\":\"message\\\\-error\"}}}{\"controlType\":\"sap.m.ColumnListItem\",\"viewName\":\"etm.portal.ui.managerequests.view.NewRequest\",\"bindingPath\":{\"modelName\":\"newRequestItems\",\"path\":\"/RequestItems/1\"},\"ancestor\":{\"id\":\"requestItemsTable\",\"viewName\":\"etm.portal.ui.managerequests.view.NewRequest\"}}"}]}
RESULT: undefined
COMMAND: POST /session/1820fae8a81a1c34ca12c99f5ca4f404/element - {"using":"xpath","value":"//*[@id=\"__status15-__xmlview61--requestItemsTable-1-icon\"]"}
RESULT: {"using":"xpath","value":"//*[@id=\"__status15-__xmlview61--requestItemsTable-1-icon\"]"}
COMMAND: POST /session/1820fae8a81a1c34ca12c99f5ca4f404/element/f.043615FDA099A6883ABDD55FCDA43E76.d.B1F8BAB4951B49493FF937C109CFE737.e.5885/click - {}
RESULT: {}
COMMAND: GET /session/1820fae8a81a1c34ca12c99f5ca4f404/screenshot - {}
RESULT: {}
RESULT: undefined
COMMAND: POST /session/1820fae8a81a1c34ca12c99f5ca4f404/execute/async - {"script":"<script> [776 bytes]","args":[{"enterText":"Cost Center","selector":{"id":"costObjectAdminTypeComboBox","viewName":"etm.portal.ui.managerequests.view.NewRequest","searchOpenDialogs":true,"interaction":{"idSuffix":"inner"}},"clearTextFirst":true,"interactionType":"ENTER_TEXT"}]}
RESULT: {"script":"<script> [776 bytes]","args":[{"enterText":"Cost Center","selector":{"id":"costObjectAdminTypeComboBox","viewName":"etm.portal.ui.managerequests.view.NewRequest","searchOpenDialogs":true,"interaction":{"idSuffix":"inner"}},"clearTextFirst":true,"interactionType":"ENTER_TEXT"}]}
COMMAND: POST /session/1820fae8a81a1c34ca12c99f5ca4f404/actions - {"actions":[{"id":"action29","type":"key","parameters":{},"actions":[{"type":"keyDown","value":""},{"type":"pause","duration":10},{"type":"keyUp","value":""}]}]}
RESULT: {"actions":[{"id":"action29","type":"key","parameters":{},"actions":[{"type":"keyDown","value":""},{"type":"pause","duration":10},{"type":"keyUp","value":""}]}]}
COMMAND: GET /session/1820fae8a81a1c34ca12c99f5ca4f404/screenshot - {}
RESULT: {}
RESULT: undefined
COMMAND: POST /session/1820fae8a81a1c34ca12c99f5ca4f404/element - {"using":"xpath","value":"//*[@id=\"__xmlview61--costObjectIdComboBox-vhi\"]"}
RESULT: {"using":"xpath","value":"//*[@id=\"__xmlview61--costObjectIdComboBox-vhi\"]"}
COMMAND: POST /session/1820fae8a81a1c34ca12c99f5ca4f404/element/f.043615FDA099A6883ABDD55FCDA43E76.d.B1F8BAB4951B49493FF937C109CFE737.e.5895/click - {}
RESULT: {}
RESULT: undefined
COMMAND: POST /session/1820fae8a81a1c34ca12c99f5ca4f404/execute/async - {"script":"<script> [776 bytes]","args":[{"enterText":"10001013","selector":{"controlType":"sap.m.SearchField","properties":{"placeholder":"Search"},"searchOpenDialogs":true,"interaction":{"idSuffix":"I"}},"clearTextFirst":true,"interactionType":"ENTER_TEXT"}]}
COMMAND: GET /session/1820fae8a81a1c34ca12c99f5ca4f404/screenshot - {}
RESULT: {"script":"<script> [776 bytes]","args":[{"enterText":"10001013","selector":{"controlType":"sap.m.SearchField","properties":{"placeholder":"Search"},"searchOpenDialogs":true,"interaction":{"idSuffix":"I"}},"clearTextFirst":true,"interactionType":"ENTER_TEXT"}]}
COMMAND: POST /session/1820fae8a81a1c34ca12c99f5ca4f404/actions - {"actions":[{"id":"action30","type":"key","parameters":{},"actions":[{"type":"keyDown","value":""},{"type":"pause","duration":10},{"type":"keyUp","value":""}]}]}
RESULT: {}
RESULT: {"actions":[{"id":"action30","type":"key","parameters":{},"actions":[{"type":"keyDown","value":""},{"type":"pause","duration":10},{"type":"keyUp","value":""}]}]}
COMMAND: GET /session/1820fae8a81a1c34ca12c99f5ca4f404/screenshot - {}
RESULT: {}
COMMAND: POST /session/1820fae8a81a1c34ca12c99f5ca4f404/element - {"using":"xpath","value":"//span[contains(text(), \"General Management\")]"}
RESULT: {"using":"xpath","value":"//span[contains(text(), \"General Management\")]"}
COMMAND: POST /session/1820fae8a81a1c34ca12c99f5ca4f404/element/f.043615FDA099A6883ABDD55FCDA43E76.d.B1F8BAB4951B49493FF937C109CFE737.e.5934/click - {}
RESULT: {}
COMMAND: GET /session/1820fae8a81a1c34ca12c99f5ca4f404/screenshot - {}
RESULT: {}
COMMAND: POST /session/1820fae8a81a1c34ca12c99f5ca4f404/element - {"using":"xpath","value":"//bdi[contains(text(), \"OK\")]"}
RESULT: {"using":"xpath","value":"//bdi[contains(text(), \"OK\")]"}
COMMAND: POST /session/1820fae8a81a1c34ca12c99f5ca4f404/element/f.043615FDA099A6883ABDD55FCDA43E76.d.B1F8BAB4951B49493FF937C109CFE737.e.5935/click - {}
RESULT: {}
COMMAND: GET /session/1820fae8a81a1c34ca12c99f5ca4f404/screenshot - {}
RESULT: {}
COMMAND: POST /session/1820fae8a81a1c34ca12c99f5ca4f404/element - {"using":"xpath","value":"(//bdi[contains(@id ,\"BDI-content\")][contains(text(), \"Save\")])[1]"}
RESULT: {"using":"xpath","value":"(//bdi[contains(@id ,\"BDI-content\")][contains(text(), \"Save\")])[1]"}
COMMAND: POST /session/1820fae8a81a1c34ca12c99f5ca4f404/element/f.043615FDA099A6883ABDD55FCDA43E76.d.B1F8BAB4951B49493FF937C109CFE737.e.5939/click - {}
RESULT: {}
COMMAND: GET /session/1820fae8a81a1c34ca12c99f5ca4f404/screenshot - {}
RESULT: {}
COMMAND: POST /session/1820fae8a81a1c34ca12c99f5ca4f404/execute/async - {"script":"<script> [1562 bytes]","args":[{"selector":{"controlType":"sap.m.Button","viewName":"etm.portal.ui.managerequests.view.NewRequest","i18NText":{"propertyName":"tooltip","key":"save"},"interaction":{"idSuffix":"content"}},"wdio_ui5_key":"etmportal.ui.managerequests.view.NewRequestsap.m.Button{\"propertyName\":\"tooltip\",\"key\":\"save\"}"}]}
RESULT: {"script":"<script> [1562 bytes]","args":[{"selector":{"controlType":"sap.m.Button","viewName":"etm.portal.ui.managerequests.view.NewRequest","i18NText":{"propertyName":"tooltip","key":"save"},"interaction":{"idSuffix":"content"}},"wdio_ui5_key":"etmportal.ui.managerequests.view.NewRequestsap.m.Button{\"propertyName\":\"tooltip\",\"key\":\"save\"}"}]}
RESULT: undefined
COMMAND: POST /session/1820fae8a81a1c34ca12c99f5ca4f404/element - {"using":"xpath","value":"//*[@id=\"__button101\"]"}
RESULT: {"using":"xpath","value":"//*[@id=\"__button101\"]"}
COMMAND: POST /session/1820fae8a81a1c34ca12c99f5ca4f404/element/f.043615FDA099A6883ABDD55FCDA43E76.d.B1F8BAB4951B49493FF937C109CFE737.e.5682/click - {}
RESULT: {}
COMMAND: GET /session/1820fae8a81a1c34ca12c99f5ca4f404/screenshot - {}
RESULT: {}
COMMAND: POST /session/1820fae8a81a1c34ca12c99f5ca4f404/execute/async - {"script":"<script> [1562 bytes]","args":[{"selector":{"controlType":"sap.m.Title","properties":{"text":"Success"},"searchOpenDialogs":true},"wdio_ui5_key":"sapm.Title{\"text\":\"Success\"}"}]}
RESULT: {"script":"<script> [1562 bytes]","args":[{"selector":{"controlType":"sap.m.Title","properties":{"text":"Success"},"searchOpenDialogs":true},"wdio_ui5_key":"sapm.Title{\"text\":\"Success\"}"}]}
RESULT: undefined
COMMAND: POST /session/1820fae8a81a1c34ca12c99f5ca4f404/execute/async - {"script":"<script> [6424 bytes]","args":[{"element-6066-11e4-a52e-4f735466cecf":"f.043615FDA099A6883ABDD55FCDA43E76.d.B1F8BAB4951B49493FF937C109CFE737.e.5945"},"getText",[]]}
RESULT: {"script":"<script> [6424 bytes]","args":[{"element-6066-11e4-a52e-4f735466cecf":"f.043615FDA099A6883ABDD55FCDA43E76.d.B1F8BAB4951B49493FF937C109CFE737.e.5945"},"getText",[]]}
COMMAND: POST /session/1820fae8a81a1c34ca12c99f5ca4f404/execute/async - {"script":"<script> [1562 bytes]","args":[{"selector":{"controlType":"sap.m.Button","properties":{"text":"Close"},"searchOpenDialogs":true,"interaction":{"idSuffix":"BDI-content"}},"wdio_ui5_key":"sapm.Button{\"text\":\"Close\"}"}]}
RESULT: {"script":"<script> [1562 bytes]","args":[{"selector":{"controlType":"sap.m.Button","properties":{"text":"Close"},"searchOpenDialogs":true,"interaction":{"idSuffix":"BDI-content"}},"wdio_ui5_key":"sapm.Button{\"text\":\"Close\"}"}]}
RESULT: undefined
COMMAND: POST /session/1820fae8a81a1c34ca12c99f5ca4f404/element - {"using":"xpath","value":"//*[@id=\"__mbox-btn-4\"]"}
RESULT: {"using":"xpath","value":"//*[@id=\"__mbox-btn-4\"]"}
COMMAND: POST /session/1820fae8a81a1c34ca12c99f5ca4f404/element/f.043615FDA099A6883ABDD55FCDA43E76.d.B1F8BAB4951B49493FF937C109CFE737.e.5944/click - {}
RESULT: {}
COMMAND: GET /session/1820fae8a81a1c34ca12c99f5ca4f404/screenshot - {}
RESULT: {}
COMMAND: POST /session/1820fae8a81a1c34ca12c99f5ca4f404/execute/async - {"script":"<script> [1562 bytes]","args":[{"selector":{"controlType":"sap.m.Text","viewName":"etm.portal.ui.managerequests.view.Detail","bindingPath":{"propertyPath":"NO","modelName":"catalogModel"}},"wdio_ui5_key":"etmportal.ui.managerequests.view.Detailsap.m.Text{\"propertyPath\":\"NO\",\"modelName\":\"catalogModel\"}"}]}
RESULT: {"script":"<script> [1562 bytes]","args":[{"selector":{"controlType":"sap.m.Text","viewName":"etm.portal.ui.managerequests.view.Detail","bindingPath":{"propertyPath":"NO","modelName":"catalogModel"}},"wdio_ui5_key":"etmportal.ui.managerequests.view.Detailsap.m.Text{\"propertyPath\":\"NO\",\"modelName\":\"catalogModel\"}"}]}
RESULT: undefined
COMMAND: POST /session/1820fae8a81a1c34ca12c99f5ca4f404/execute/async - {"script":"<script> [6424 bytes]","args":[{"element-6066-11e4-a52e-4f735466cecf":"f.043615FDA099A6883ABDD55FCDA43E76.d.B1F8BAB4951B49493FF937C109CFE737.e.6074"},"getText",[]]}
RESULT: {"script":"<script> [6424 bytes]","args":[{"element-6066-11e4-a52e-4f735466cecf":"f.043615FDA099A6883ABDD55FCDA43E76.d.B1F8BAB4951B49493FF937C109CFE737.e.6074"},"getText",[]]}
COMMAND: POST /session/1820fae8a81a1c34ca12c99f5ca4f404/execute/async - {"script":"<script> [1562 bytes]","args":[{"selector":{"controlType":"sap.ui.core.Icon","viewName":"etm.portal.ui.managerequests.view.Detail","properties":{"src":{"regex":{"source":"date\\-time"}}},"ancestor":{"controlType":"sap.m.ColumnListItem","viewName":"etm.portal.ui.managerequests.view.Detail","bindingPath":{"path":"/SmartRequestItemsPlanningBoard(ITEM=10m,REQUEST='20217')"},"ancestor":{"id":"requestItemsTable","viewName":"etm.portal.ui.managerequests.view.Detail"}}},"wdio_ui5_key":"etmportal.ui.managerequests.view.Detailsap.ui.core.Icon{\"src\":{\"regex\":{\"source\":\"date\\\\-time\"}}}{\"controlType\":\"sap.m.ColumnListItem\",\"viewName\":\"etm.portal.ui.managerequests.view.Detail\",\"bindingPath\":{\"path\":\"/SmartRequestItemsPlanningBoard(ITEM=10m,REQUEST='20217')\"},\"ancestor\":{\"id\":\"requestItemsTable\",\"viewName\":\"etm.portal.ui.managerequests.view.Detail\"}}"}]}
RESULT: {"script":"<script> [1562 bytes]","args":[{"selector":{"controlType":"sap.ui.core.Icon","viewName":"etm.portal.ui.managerequests.view.Detail","properties":{"src":{"regex":{"source":"date\\-time"}}},"ancestor":{"controlType":"sap.m.ColumnListItem","viewName":"etm.portal.ui.managerequests.view.Detail","bindingPath":{"path":"/SmartRequestItemsPlanningBoard(ITEM=10m,REQUEST='20217')"},"ancestor":{"id":"requestItemsTable","viewName":"etm.portal.ui.managerequests.view.Detail"}}},"wdio_ui5_key":"etmportal.ui.managerequests.view.Detailsap.ui.core.Icon{\"src\":{\"regex\":{\"source\":\"date\\\\-time\"}}}{\"controlType\":\"sap.m.ColumnListItem\",\"viewName\":\"etm.portal.ui.managerequests.view.Detail\",\"bindingPath\":{\"path\":\"/SmartRequestItemsPlanningBoard(ITEM=10m,REQUEST='20217')\"},\"ancestor\":{\"id\":\"requestItemsTable\",\"viewName\":\"etm.portal.ui.managerequests.view.Detail\"}}"}]}
RESULT: undefined
COMMAND: POST /session/1820fae8a81a1c34ca12c99f5ca4f404/element - {"using":"xpath","value":"//*[@id=\"__button129-__clone8915-img\"]"}
RESULT: {"using":"xpath","value":"//*[@id=\"__button129-__clone8915-img\"]"}
COMMAND: POST /session/1820fae8a81a1c34ca12c99f5ca4f404/element/f.043615FDA099A6883ABDD55FCDA43E76.d.B1F8BAB4951B49493FF937C109CFE737.e.6075/click - {}
RESULT: {}
COMMAND: POST /session/1820fae8a81a1c34ca12c99f5ca4f404/execute/async - {"script":"<script> [1562 bytes]","args":[{"selector":{"controlType":"sap.m.Button","viewName":"etm.portal.ui.managerequests.view.Detail","properties":{"text":"Close"},"searchOpenDialogs":true,"interaction":{"idSuffix":"BDI-content"}},"wdio_ui5_key":"etmportal.ui.managerequests.view.Detailsap.m.Button{\"text\":\"Close\"}"}]}
COMMAND: GET /session/1820fae8a81a1c34ca12c99f5ca4f404/screenshot - {}
RESULT: {"script":"<script> [1562 bytes]","args":[{"selector":{"controlType":"sap.m.Button","viewName":"etm.portal.ui.managerequests.view.Detail","properties":{"text":"Close"},"searchOpenDialogs":true,"interaction":{"idSuffix":"BDI-content"}},"wdio_ui5_key":"etmportal.ui.managerequests.view.Detailsap.m.Button{\"text\":\"Close\"}"}]}
RESULT: undefined
COMMAND: POST /session/1820fae8a81a1c34ca12c99f5ca4f404/element - {"using":"xpath","value":"//*[@id=\"__button137\"]"}
RESULT: {}
RESULT: {"using":"xpath","value":"//*[@id=\"__button137\"]"}
COMMAND: POST /session/1820fae8a81a1c34ca12c99f5ca4f404/element/f.043615FDA099A6883ABDD55FCDA43E76.d.B1F8BAB4951B49493FF937C109CFE737.e.6078/click - {}
RESULT: {}
COMMAND: POST /session/1820fae8a81a1c34ca12c99f5ca4f404/execute/async - {"script":"<script> [1562 bytes]","args":[{"selector":{"controlType":"sap.ui.core.Icon","viewName":"etm.portal.ui.managerequests.view.Detail","properties":{"src":{"regex":{"source":"date\\-time"}}},"ancestor":{"controlType":"sap.m.ColumnListItem","viewName":"etm.portal.ui.managerequests.view.Detail","bindingPath":{"path":"/SmartRequestItemsPlanningBoard(ITEM=20m,REQUEST='20217')"},"ancestor":{"id":"requestItemsTable","viewName":"etm.portal.ui.managerequests.view.Detail"}}},"wdio_ui5_key":"etmportal.ui.managerequests.view.Detailsap.ui.core.Icon{\"src\":{\"regex\":{\"source\":\"date\\\\-time\"}}}{\"controlType\":\"sap.m.ColumnListItem\",\"viewName\":\"etm.portal.ui.managerequests.view.Detail\",\"bindingPath\":{\"path\":\"/SmartRequestItemsPlanningBoard(ITEM=20m,REQUEST='20217')\"},\"ancestor\":{\"id\":\"requestItemsTable\",\"viewName\":\"etm.portal.ui.managerequests.view.Detail\"}}"}]}
COMMAND: GET /session/1820fae8a81a1c34ca12c99f5ca4f404/screenshot - {}
RESULT: {"script":"<script> [1562 bytes]","args":[{"selector":{"controlType":"sap.ui.core.Icon","viewName":"etm.portal.ui.managerequests.view.Detail","properties":{"src":{"regex":{"source":"date\\-time"}}},"ancestor":{"controlType":"sap.m.ColumnListItem","viewName":"etm.portal.ui.managerequests.view.Detail","bindingPath":{"path":"/SmartRequestItemsPlanningBoard(ITEM=20m,REQUEST='20217')"},"ancestor":{"id":"requestItemsTable","viewName":"etm.portal.ui.managerequests.view.Detail"}}},"wdio_ui5_key":"etmportal.ui.managerequests.view.Detailsap.ui.core.Icon{\"src\":{\"regex\":{\"source\":\"date\\\\-time\"}}}{\"controlType\":\"sap.m.ColumnListItem\",\"viewName\":\"etm.portal.ui.managerequests.view.Detail\",\"bindingPath\":{\"path\":\"/SmartRequestItemsPlanningBoard(ITEM=20m,REQUEST='20217')\"},\"ancestor\":{\"id\":\"requestItemsTable\",\"viewName\":\"etm.portal.ui.managerequests.view.Detail\"}}"}]}
RESULT: undefined
COMMAND: POST /session/1820fae8a81a1c34ca12c99f5ca4f404/element - {"using":"xpath","value":"//*[@id=\"__button129-__clone8916-img\"]"}
RESULT: {}
RESULT: {"using":"xpath","value":"//*[@id=\"__button129-__clone8916-img\"]"}
COMMAND: POST /session/1820fae8a81a1c34ca12c99f5ca4f404/element/f.043615FDA099A6883ABDD55FCDA43E76.d.B1F8BAB4951B49493FF937C109CFE737.e.6085/click - {}
RESULT: {}
RESULT: undefined
COMMAND: POST /session/1820fae8a81a1c34ca12c99f5ca4f404/element - {"using":"xpath","value":"//*[@id=\"__button137\"]"}
COMMAND: GET /session/1820fae8a81a1c34ca12c99f5ca4f404/screenshot - {}
RESULT: {"using":"xpath","value":"//*[@id=\"__button137\"]"}
COMMAND: POST /session/1820fae8a81a1c34ca12c99f5ca4f404/elements - {"using":"xpath","value":"//*[@id=\"__button137\"]"}
RESULT: {}
RESULT: {"using":"xpath","value":"//*[@id=\"__button137\"]"}
COMMAND: POST /session/1820fae8a81a1c34ca12c99f5ca4f404/elements - {"using":"xpath","value":"//*[@id=\"__button137\"]"}
RESULT: {"using":"xpath","value":"//*[@id=\"__button137\"]"}
COMMAND: POST /session/1820fae8a81a1c34ca12c99f5ca4f404/element - {"using":"xpath","value":"//*[@id=\"__button137\"]"}
RESULT: {"using":"xpath","value":"//*[@id=\"__button137\"]"}
COMMAND: POST /session/1820fae8a81a1c34ca12c99f5ca4f404/element/f.043615FDA099A6883ABDD55FCDA43E76.d.B1F8BAB4951B49493FF937C109CFE737.e.6089/click - {}
RESULT: {}
COMMAND: POST /session/1820fae8a81a1c34ca12c99f5ca4f404/element - {"using":"css selector","value":"#shell-header-logo"}
COMMAND: GET /session/1820fae8a81a1c34ca12c99f5ca4f404/screenshot - {}
RESULT: {"using":"css selector","value":"#shell-header-logo"}
COMMAND: POST /session/1820fae8a81a1c34ca12c99f5ca4f404/element/f.043615FDA099A6883ABDD55FCDA43E76.d.B1F8BAB4951B49493FF937C109CFE737.e.5416/click - {}
RESULT: {}
RESULT: {}
COMMAND: GET /session/1820fae8a81a1c34ca12c99f5ca4f404/screenshot - {}
RESULT: {}
]]></system-out>
    </testcase>
    <testcase classname="chrome.136_0_7103_93.windows.Standard_contract_-_add_contract_items_by_Insert_Request_US118222" name="Should insert the request into the contract" time="69.079">
      <system-out><![CDATA[
RESULT: undefined
COMMAND: POST /session/1820fae8a81a1c34ca12c99f5ca4f404/element - {"using":"xpath","value":"//*[@id=\"__tile130\"]"}
RESULT: {"using":"xpath","value":"//*[@id=\"__tile130\"]"}
COMMAND: POST /session/1820fae8a81a1c34ca12c99f5ca4f404/element/f.043615FDA099A6883ABDD55FCDA43E76.d.B1F8BAB4951B49493FF937C109CFE737.e.5015/click - {}
RESULT: {}
COMMAND: GET /session/1820fae8a81a1c34ca12c99f5ca4f404/screenshot - {}
RESULT: {}
COMMAND: POST /session/1820fae8a81a1c34ca12c99f5ca4f404/elements - {"using":"xpath","value":"//span[text()='Error']"}
RESULT: {"using":"xpath","value":"//span[text()='Error']"}
COMMAND: POST /session/1820fae8a81a1c34ca12c99f5ca4f404/execute/async - {"script":"<script> [1562 bytes]","args":[{"selector":{"controlType":"sap.m.SearchField","viewName":"etm.portal.ui.managecontracts.view.Master","bindingPath":{"path":"","propertyPath":"/_BASIC_SEARCH_FIELD","modelName":"fi1t3rM0d31"},"interaction":{"idSuffix":"I"}},"wdio_ui5_key":"etmportal.ui.managecontracts.view.Mastersap.m.SearchField{\"path\":\"\",\"propertyPath\":\"/_BASIC_SEARCH_FIELD\",\"modelName\":\"fi1t3rM0d31\"}"}]}
RESULT: {"script":"<script> [1562 bytes]","args":[{"selector":{"controlType":"sap.m.SearchField","viewName":"etm.portal.ui.managecontracts.view.Master","bindingPath":{"path":"","propertyPath":"/_BASIC_SEARCH_FIELD","modelName":"fi1t3rM0d31"},"interaction":{"idSuffix":"I"}},"wdio_ui5_key":"etmportal.ui.managecontracts.view.Mastersap.m.SearchField{\"path\":\"\",\"propertyPath\":\"/_BASIC_SEARCH_FIELD\",\"modelName\":\"fi1t3rM0d31\"}"}]}
RESULT: undefined
COMMAND: POST /session/1820fae8a81a1c34ca12c99f5ca4f404/execute/async - {"script":"<script> [776 bytes]","args":[{"enterText":"10487","selector":{"controlType":"sap.m.SearchField","viewName":"etm.portal.ui.managecontracts.view.Master","bindingPath":{"path":"","propertyPath":"/_BASIC_SEARCH_FIELD","modelName":"fi1t3rM0d31"},"interaction":{"idSuffix":"I"}},"clearTextFirst":true,"interactionType":"ENTER_TEXT"}]}
RESULT: {"script":"<script> [776 bytes]","args":[{"enterText":"10487","selector":{"controlType":"sap.m.SearchField","viewName":"etm.portal.ui.managecontracts.view.Master","bindingPath":{"path":"","propertyPath":"/_BASIC_SEARCH_FIELD","modelName":"fi1t3rM0d31"},"interaction":{"idSuffix":"I"}},"clearTextFirst":true,"interactionType":"ENTER_TEXT"}]}
COMMAND: POST /session/1820fae8a81a1c34ca12c99f5ca4f404/actions - {"actions":[{"id":"action31","type":"key","parameters":{},"actions":[{"type":"keyDown","value":""},{"type":"pause","duration":10},{"type":"keyUp","value":""}]}]}
RESULT: {"actions":[{"id":"action31","type":"key","parameters":{},"actions":[{"type":"keyDown","value":""},{"type":"pause","duration":10},{"type":"keyUp","value":""}]}]}
COMMAND: GET /session/1820fae8a81a1c34ca12c99f5ca4f404/screenshot - {}
RESULT: {}
COMMAND: POST /session/1820fae8a81a1c34ca12c99f5ca4f404/execute/async - {"script":"<script> [1562 bytes]","args":[{"selector":{"controlType":"sap.ui.core.Icon","viewName":"etm.portal.ui.managecontracts.view.Master","properties":{"src":{"regex":{"source":"slim\\-arrow\\-right"}}}},"wdio_ui5_key":"etmportal.ui.managecontracts.view.Mastersap.ui.core.Icon{\"src\":{\"regex\":{\"source\":\"slim\\\\-arrow\\\\-right\"}}}"}]}
RESULT: {"script":"<script> [1562 bytes]","args":[{"selector":{"controlType":"sap.ui.core.Icon","viewName":"etm.portal.ui.managecontracts.view.Master","properties":{"src":{"regex":{"source":"slim\\-arrow\\-right"}}}},"wdio_ui5_key":"etmportal.ui.managecontracts.view.Mastersap.ui.core.Icon{\"src\":{\"regex\":{\"source\":\"slim\\\\-arrow\\\\-right\"}}}"}]}
RESULT: undefined
COMMAND: POST /session/1820fae8a81a1c34ca12c99f5ca4f404/element - {"using":"xpath","value":"//*[@id=\"__item2661-__clone9026-imgNav\"]"}
RESULT: {"using":"xpath","value":"//*[@id=\"__item2661-__clone9026-imgNav\"]"}
COMMAND: POST /session/1820fae8a81a1c34ca12c99f5ca4f404/element/f.043615FDA099A6883ABDD55FCDA43E76.d.B1F8BAB4951B49493FF937C109CFE737.e.6201/click - {}
RESULT: {}
COMMAND: POST /session/1820fae8a81a1c34ca12c99f5ca4f404/execute/async - {"script":"<script> [1562 bytes]","args":[{"selector":{"id":"addRequestItemBtn","viewName":"etm.portal.ui.managecontracts.view.Detail","interaction":{"idSuffix":"BDI-content"}},"wdio_ui5_key":"addRequestItemBtnetmportal.ui.managecontracts.view.Detail"}]}
COMMAND: GET /session/1820fae8a81a1c34ca12c99f5ca4f404/screenshot - {}
RESULT: {"script":"<script> [1562 bytes]","args":[{"selector":{"id":"addRequestItemBtn","viewName":"etm.portal.ui.managecontracts.view.Detail","interaction":{"idSuffix":"BDI-content"}},"wdio_ui5_key":"addRequestItemBtnetmportal.ui.managecontracts.view.Detail"}]}
RESULT: undefined
COMMAND: POST /session/1820fae8a81a1c34ca12c99f5ca4f404/element - {"using":"xpath","value":"//*[@id=\"__xmlview64--addRequestItemBtn\"]"}
RESULT: {}
RESULT: {"using":"xpath","value":"//*[@id=\"__xmlview64--addRequestItemBtn\"]"}
COMMAND: POST /session/1820fae8a81a1c34ca12c99f5ca4f404/element/f.043615FDA099A6883ABDD55FCDA43E76.d.B1F8BAB4951B49493FF937C109CFE737.e.6266/click - {}
RESULT: {}
COMMAND: GET /session/1820fae8a81a1c34ca12c99f5ca4f404/screenshot - {}
RESULT: {}
COMMAND: POST /session/1820fae8a81a1c34ca12c99f5ca4f404/element - {"using":"xpath","value":"//div[contains(@id ,\"popupRequestTable-sa-CbBg\")]"}
RESULT: {"using":"xpath","value":"//div[contains(@id ,\"popupRequestTable-sa-CbBg\")]"}
COMMAND: POST /session/1820fae8a81a1c34ca12c99f5ca4f404/element/f.043615FDA099A6883ABDD55FCDA43E76.d.B1F8BAB4951B49493FF937C109CFE737.e.6389/click - {}
RESULT: {}
COMMAND: GET /session/1820fae8a81a1c34ca12c99f5ca4f404/screenshot - {}
RESULT: {}
COMMAND: POST /session/1820fae8a81a1c34ca12c99f5ca4f404/execute/async - {"script":"<script> [1562 bytes]","args":[{"selector":{"controlType":"sap.m.Button","viewName":"etm.portal.ui.managecontracts.view.Detail","i18NText":{"propertyName":"text","key":"selectionDone"},"searchOpenDialogs":true,"interaction":{"idSuffix":"BDI-content"}},"wdio_ui5_key":"etmportal.ui.managecontracts.view.Detailsap.m.Button{\"propertyName\":\"text\",\"key\":\"selectionDone\"}"}]}
RESULT: {"script":"<script> [1562 bytes]","args":[{"selector":{"controlType":"sap.m.Button","viewName":"etm.portal.ui.managecontracts.view.Detail","i18NText":{"propertyName":"text","key":"selectionDone"},"searchOpenDialogs":true,"interaction":{"idSuffix":"BDI-content"}},"wdio_ui5_key":"etmportal.ui.managecontracts.view.Detailsap.m.Button{\"propertyName\":\"text\",\"key\":\"selectionDone\"}"}]}
RESULT: undefined
COMMAND: POST /session/1820fae8a81a1c34ca12c99f5ca4f404/element - {"using":"xpath","value":"//*[@id=\"__button148\"]"}
RESULT: {"using":"xpath","value":"//*[@id=\"__button148\"]"}
COMMAND: POST /session/1820fae8a81a1c34ca12c99f5ca4f404/element/f.043615FDA099A6883ABDD55FCDA43E76.d.B1F8BAB4951B49493FF937C109CFE737.e.6391/click - {}
RESULT: {}
COMMAND: POST /session/1820fae8a81a1c34ca12c99f5ca4f404/execute/async - {"script":"<script> [1562 bytes]","args":[{"selector":{"controlType":"sap.m.Text","properties":{"text":"Started processing request items into the contract."},"searchOpenDialogs":true},"wdio_ui5_key":"sapm.Text{\"text\":\"Started processing request items into the contract.\"}"}]}
COMMAND: GET /session/1820fae8a81a1c34ca12c99f5ca4f404/screenshot - {}
RESULT: {"script":"<script> [1562 bytes]","args":[{"selector":{"controlType":"sap.m.Text","properties":{"text":"Started processing request items into the contract."},"searchOpenDialogs":true},"wdio_ui5_key":"sapm.Text{\"text\":\"Started processing request items into the contract.\"}"}]}
RESULT: undefined
COMMAND: POST /session/1820fae8a81a1c34ca12c99f5ca4f404/execute/async - {"script":"<script> [6424 bytes]","args":[{"element-6066-11e4-a52e-4f735466cecf":"f.043615FDA099A6883ABDD55FCDA43E76.d.B1F8BAB4951B49493FF937C109CFE737.e.6394"},"getText",[]]}
RESULT: {}
RESULT: {"script":"<script> [6424 bytes]","args":[{"element-6066-11e4-a52e-4f735466cecf":"f.043615FDA099A6883ABDD55FCDA43E76.d.B1F8BAB4951B49493FF937C109CFE737.e.6394"},"getText",[]]}
COMMAND: POST /session/1820fae8a81a1c34ca12c99f5ca4f404/execute/async - {"script":"<script> [1562 bytes]","args":[{"selector":{"controlType":"sap.m.Button","properties":{"text":"OK"},"searchOpenDialogs":true,"interaction":{"idSuffix":"inner"}},"wdio_ui5_key":"sapm.Button{\"text\":\"OK\"}"}]}
RESULT: {"script":"<script> [1562 bytes]","args":[{"selector":{"controlType":"sap.m.Button","properties":{"text":"OK"},"searchOpenDialogs":true,"interaction":{"idSuffix":"inner"}},"wdio_ui5_key":"sapm.Button{\"text\":\"OK\"}"}]}
RESULT: undefined
COMMAND: POST /session/1820fae8a81a1c34ca12c99f5ca4f404/element - {"using":"xpath","value":"//*[@id=\"__mbox-btn-5\"]"}
RESULT: {"using":"xpath","value":"//*[@id=\"__mbox-btn-5\"]"}
COMMAND: POST /session/1820fae8a81a1c34ca12c99f5ca4f404/element/f.043615FDA099A6883ABDD55FCDA43E76.d.B1F8BAB4951B49493FF937C109CFE737.e.6393/click - {}
RESULT: {}
COMMAND: POST /session/1820fae8a81a1c34ca12c99f5ca4f404/execute/async - {"script":"<script> [1562 bytes]","args":[{"selector":{"id":"headerBillingItemsTabFilter","viewName":"etm.portal.ui.managecontracts.view.Detail","interaction":{"idSuffix":"text"}},"wdio_ui5_key":"headerBillingItemsTabFilteretmportal.ui.managecontracts.view.Detail"}]}
COMMAND: GET /session/1820fae8a81a1c34ca12c99f5ca4f404/screenshot - {}
RESULT: {"script":"<script> [1562 bytes]","args":[{"selector":{"id":"headerBillingItemsTabFilter","viewName":"etm.portal.ui.managecontracts.view.Detail","interaction":{"idSuffix":"text"}},"wdio_ui5_key":"headerBillingItemsTabFilteretmportal.ui.managecontracts.view.Detail"}]}
RESULT: undefined
COMMAND: POST /session/1820fae8a81a1c34ca12c99f5ca4f404/element - {"using":"xpath","value":"//*[@id=\"__xmlview64--headerBillingItemsTabFilter\"]"}
RESULT: {}
RESULT: {"using":"xpath","value":"//*[@id=\"__xmlview64--headerBillingItemsTabFilter\"]"}
COMMAND: POST /session/1820fae8a81a1c34ca12c99f5ca4f404/element/f.043615FDA099A6883ABDD55FCDA43E76.d.B1F8BAB4951B49493FF937C109CFE737.e.6404/click - {}
RESULT: {}
COMMAND: GET /session/1820fae8a81a1c34ca12c99f5ca4f404/screenshot - {}
RESULT: {}
COMMAND: POST /session/1820fae8a81a1c34ca12c99f5ca4f404/execute/async - {"script":"<script> [1562 bytes]","args":[{"selector":{"controlType":"sap.ui.core.Icon","viewName":"etm.portal.ui.managecontracts.view.Detail","properties":{"src":{"regex":{"source":"synchronize"}}}},"wdio_ui5_key":"etmportal.ui.managecontracts.view.Detailsap.ui.core.Icon{\"src\":{\"regex\":{\"source\":\"synchronize\"}}}"}]}
RESULT: {"script":"<script> [1562 bytes]","args":[{"selector":{"controlType":"sap.ui.core.Icon","viewName":"etm.portal.ui.managecontracts.view.Detail","properties":{"src":{"regex":{"source":"synchronize"}}}},"wdio_ui5_key":"etmportal.ui.managecontracts.view.Detailsap.ui.core.Icon{\"src\":{\"regex\":{\"source\":\"synchronize\"}}}"}]}
RESULT: undefined
COMMAND: POST /session/1820fae8a81a1c34ca12c99f5ca4f404/element - {"using":"xpath","value":"//*[@id=\"__xmlview64--btnToggleUpdate-img\"]"}
RESULT: {"using":"xpath","value":"//*[@id=\"__xmlview64--btnToggleUpdate-img\"]"}
COMMAND: POST /session/1820fae8a81a1c34ca12c99f5ca4f404/element/f.043615FDA099A6883ABDD55FCDA43E76.d.B1F8BAB4951B49493FF937C109CFE737.e.6265/click - {}
RESULT: {}
COMMAND: GET /session/1820fae8a81a1c34ca12c99f5ca4f404/screenshot - {}
RESULT: {}
RESULT: undefined
COMMAND: POST /session/1820fae8a81a1c34ca12c99f5ca4f404/element - {"using":"xpath","value":"//*[@id=\"__xmlview64--headerBillingItemsTabFilter\"]"}
RESULT: {"using":"xpath","value":"//*[@id=\"__xmlview64--headerBillingItemsTabFilter\"]"}
COMMAND: POST /session/1820fae8a81a1c34ca12c99f5ca4f404/element/f.043615FDA099A6883ABDD55FCDA43E76.d.B1F8BAB4951B49493FF937C109CFE737.e.6404/click - {}
RESULT: {}
COMMAND: POST /session/1820fae8a81a1c34ca12c99f5ca4f404/execute/async - {"script":"<script> [1562 bytes]","args":[{"selector":{"controlType":"sap.m.Title","viewName":"etm.portal.ui.managecontracts.view.Detail","properties":{"text":"Contract Items (2)"}},"wdio_ui5_key":"etmportal.ui.managecontracts.view.Detailsap.m.Title{\"text\":\"Contract Items (2)\"}"}]}
COMMAND: GET /session/1820fae8a81a1c34ca12c99f5ca4f404/screenshot - {}
RESULT: {"script":"<script> [1562 bytes]","args":[{"selector":{"controlType":"sap.m.Title","viewName":"etm.portal.ui.managecontracts.view.Detail","properties":{"text":"Contract Items (2)"}},"wdio_ui5_key":"etmportal.ui.managecontracts.view.Detailsap.m.Title{\"text\":\"Contract Items (2)\"}"}]}
RESULT: undefined
COMMAND: POST /session/1820fae8a81a1c34ca12c99f5ca4f404/execute/async - {"script":"<script> [6424 bytes]","args":[{"element-6066-11e4-a52e-4f735466cecf":"f.043615FDA099A6883ABDD55FCDA43E76.d.B1F8BAB4951B49493FF937C109CFE737.e.6412"},"getText",[]]}
RESULT: {}
RESULT: {"script":"<script> [6424 bytes]","args":[{"element-6066-11e4-a52e-4f735466cecf":"f.043615FDA099A6883ABDD55FCDA43E76.d.B1F8BAB4951B49493FF937C109CFE737.e.6412"},"getText",[]]}
COMMAND: POST /session/1820fae8a81a1c34ca12c99f5ca4f404/execute/async - {"script":"<script> [1562 bytes]","args":[{"selector":{"controlType":"sap.m.ObjectStatus","viewName":"etm.portal.ui.managecontracts.view.Detail","bindingPath":{"path":"/SmartContractItems(CONTRACT='10487',ITEM=10m,SUB_ITEM=0m)","propertyPath":"STATUS"}},"wdio_ui5_key":"etmportal.ui.managecontracts.view.Detailsap.m.ObjectStatus{\"path\":\"/SmartContractItems(CONTRACT='10487',ITEM=10m,SUB_ITEM=0m)\",\"propertyPath\":\"STATUS\"}"}]}
RESULT: {"script":"<script> [1562 bytes]","args":[{"selector":{"controlType":"sap.m.ObjectStatus","viewName":"etm.portal.ui.managecontracts.view.Detail","bindingPath":{"path":"/SmartContractItems(CONTRACT='10487',ITEM=10m,SUB_ITEM=0m)","propertyPath":"STATUS"}},"wdio_ui5_key":"etmportal.ui.managecontracts.view.Detailsap.m.ObjectStatus{\"path\":\"/SmartContractItems(CONTRACT='10487',ITEM=10m,SUB_ITEM=0m)\",\"propertyPath\":\"STATUS\"}"}]}
RESULT: undefined
COMMAND: POST /session/1820fae8a81a1c34ca12c99f5ca4f404/execute/async - {"script":"<script> [6424 bytes]","args":[{"element-6066-11e4-a52e-4f735466cecf":"f.043615FDA099A6883ABDD55FCDA43E76.d.B1F8BAB4951B49493FF937C109CFE737.e.6414"},"getText",[]]}
RESULT: {"script":"<script> [6424 bytes]","args":[{"element-6066-11e4-a52e-4f735466cecf":"f.043615FDA099A6883ABDD55FCDA43E76.d.B1F8BAB4951B49493FF937C109CFE737.e.6414"},"getText",[]]}
COMMAND: POST /session/1820fae8a81a1c34ca12c99f5ca4f404/execute/async - {"script":"<script> [1562 bytes]","args":[{"selector":{"controlType":"sap.m.ObjectStatus","viewName":"etm.portal.ui.managecontracts.view.Detail","bindingPath":{"path":"/SmartContractItems(CONTRACT='10487',ITEM=20m,SUB_ITEM=0m)","propertyPath":"STATUS"}},"wdio_ui5_key":"etmportal.ui.managecontracts.view.Detailsap.m.ObjectStatus{\"path\":\"/SmartContractItems(CONTRACT='10487',ITEM=20m,SUB_ITEM=0m)\",\"propertyPath\":\"STATUS\"}"}]}
RESULT: {"script":"<script> [1562 bytes]","args":[{"selector":{"controlType":"sap.m.ObjectStatus","viewName":"etm.portal.ui.managecontracts.view.Detail","bindingPath":{"path":"/SmartContractItems(CONTRACT='10487',ITEM=20m,SUB_ITEM=0m)","propertyPath":"STATUS"}},"wdio_ui5_key":"etmportal.ui.managecontracts.view.Detailsap.m.ObjectStatus{\"path\":\"/SmartContractItems(CONTRACT='10487',ITEM=20m,SUB_ITEM=0m)\",\"propertyPath\":\"STATUS\"}"}]}
RESULT: undefined
COMMAND: POST /session/1820fae8a81a1c34ca12c99f5ca4f404/execute/async - {"script":"<script> [6424 bytes]","args":[{"element-6066-11e4-a52e-4f735466cecf":"f.043615FDA099A6883ABDD55FCDA43E76.d.B1F8BAB4951B49493FF937C109CFE737.e.6415"},"getText",[]]}
RESULT: {"script":"<script> [6424 bytes]","args":[{"element-6066-11e4-a52e-4f735466cecf":"f.043615FDA099A6883ABDD55FCDA43E76.d.B1F8BAB4951B49493FF937C109CFE737.e.6415"},"getText",[]]}
]]></system-out>
    </testcase>
  </testsuite>
  <testsuite timestamp="2025-05-21T18:06:50" time="88.561" tests="1" failures="0" errors="0" skipped="0">
    <properties>
      <property name="specId" value="0"/>
      <property name="suiteName" value="Manage contracts - revert request US152962"/>
      <property name="capabilities" value="chrome.136_0_7103_93.windows"/>
      <property name="file" value="file:///D:/a/1/s/test/specs/R2C/manage-contracts-revert-request.spec.js"/>
    </properties>
    <testcase classname="chrome.136_0_7103_93.windows.Manage_contracts_-_revert_request_US152962" name="Should revert the request" time="88.559">
      <system-out><![CDATA[
COMMAND: POST /session/1820fae8a81a1c34ca12c99f5ca4f404/execute/async - {"script":"<script> [1562 bytes]","args":[{"selector":{"id":"revertPlanningBtn","viewName":"etm.portal.ui.managecontracts.view.Detail","interaction":{"idSuffix":"BDI-content"}},"wdio_ui5_key":"revertPlanningBtnetmportal.ui.managecontracts.view.Detail"}]}
RESULT: {"script":"<script> [1562 bytes]","args":[{"selector":{"id":"revertPlanningBtn","viewName":"etm.portal.ui.managecontracts.view.Detail","interaction":{"idSuffix":"BDI-content"}},"wdio_ui5_key":"revertPlanningBtnetmportal.ui.managecontracts.view.Detail"}]}
RESULT: undefined
COMMAND: POST /session/1820fae8a81a1c34ca12c99f5ca4f404/element - {"using":"xpath","value":"//*[@id=\"__xmlview64--revertPlanningBtn\"]"}
RESULT: {"using":"xpath","value":"//*[@id=\"__xmlview64--revertPlanningBtn\"]"}
COMMAND: POST /session/1820fae8a81a1c34ca12c99f5ca4f404/element/f.043615FDA099A6883ABDD55FCDA43E76.d.B1F8BAB4951B49493FF937C109CFE737.e.6269/click - {}
RESULT: {}
COMMAND: POST /session/1820fae8a81a1c34ca12c99f5ca4f404/element - {"using":"xpath","value":"(//div[contains(@id ,\"selectMulti-CbBg\")])[2]"}
COMMAND: GET /session/1820fae8a81a1c34ca12c99f5ca4f404/screenshot - {}
RESULT: {"using":"xpath","value":"(//div[contains(@id ,\"selectMulti-CbBg\")])[2]"}
COMMAND: POST /session/1820fae8a81a1c34ca12c99f5ca4f404/element/f.043615FDA099A6883ABDD55FCDA43E76.d.B1F8BAB4951B49493FF937C109CFE737.e.6461/click - {}
RESULT: {}
RESULT: {}
COMMAND: GET /session/1820fae8a81a1c34ca12c99f5ca4f404/screenshot - {}
RESULT: {}
COMMAND: POST /session/1820fae8a81a1c34ca12c99f5ca4f404/element - {"using":"xpath","value":"//span[contains(@id ,\"executeRevertPlanningBtn-content\")]"}
RESULT: {"using":"xpath","value":"//span[contains(@id ,\"executeRevertPlanningBtn-content\")]"}
COMMAND: POST /session/1820fae8a81a1c34ca12c99f5ca4f404/element/f.043615FDA099A6883ABDD55FCDA43E76.d.B1F8BAB4951B49493FF937C109CFE737.e.6463/click - {}
RESULT: {}
COMMAND: GET /session/1820fae8a81a1c34ca12c99f5ca4f404/screenshot - {}
RESULT: {}
COMMAND: POST /session/1820fae8a81a1c34ca12c99f5ca4f404/actions - {"actions":[{"id":"action32","type":"key","parameters":{},"actions":[{"type":"keyDown","value":""},{"type":"pause","duration":10},{"type":"keyUp","value":""}]}]}
RESULT: {"actions":[{"id":"action32","type":"key","parameters":{},"actions":[{"type":"keyDown","value":""},{"type":"pause","duration":10},{"type":"keyUp","value":""}]}]}
COMMAND: GET /session/1820fae8a81a1c34ca12c99f5ca4f404/screenshot - {}
RESULT: {}
COMMAND: POST /session/1820fae8a81a1c34ca12c99f5ca4f404/refresh - {}
RESULT: {}
COMMAND: GET /session/1820fae8a81a1c34ca12c99f5ca4f404/screenshot - {}
RESULT: {}
COMMAND: POST /session/1820fae8a81a1c34ca12c99f5ca4f404/execute/async - {"script":"<script> [189 bytes]","args":[]}
RESULT: {"script":"<script> [189 bytes]","args":[]}
COMMAND: POST /session/1820fae8a81a1c34ca12c99f5ca4f404/execute/async - {"script":"<script> [123 bytes]","args":[]}
RESULT: {"script":"<script> [123 bytes]","args":[]}
COMMAND: POST /session/1820fae8a81a1c34ca12c99f5ca4f404/timeouts - {"script":"<number>"}
RESULT: {"script":"<number>"}
COMMAND: GET /session/1820fae8a81a1c34ca12c99f5ca4f404/timeouts - {}
RESULT: {}
RESULT: undefined
COMMAND: POST /session/1820fae8a81a1c34ca12c99f5ca4f404/execute/async - {"script":"<script> [2676 bytes]","args":[]}
RESULT: {"script":"<script> [2676 bytes]","args":[]}
COMMAND: POST /session/1820fae8a81a1c34ca12c99f5ca4f404/execute/async - {"script":"<script> [2342 bytes]","args":[{"protocol":"http","hostname":"0.0.0.0","path":"/","capabilities":{"browserName":"chrome","goog:chromeOptions":{"binary":"C:\\Program Files\\Google\\Chrome\\Application\\chrome.exe","args":["--start-maximized"]}},"logLevel":"warn","connectionRetryTimeout":120000,"connectionRetryCount":3,"logLevels":{},"enableDirectConnect":true,"strictSSL":true,"_":"65 more keys: [\"cacheDir\",\"port\",\"requestedCapabilities\",\"automationProtocol\",\"baseUrl\",\"waitforInterval\",\"waitforTimeout\",\"onReload\",\"beforeCommand\",\"afterCommand\",\"rootDir\",\"specs\",\"suites\",\"exclude\",\"groupLogsByTestSpec\",\"excludeDriverLogs\",\"bail\",\"framework\",\"reporters\",\"services\",\"maxInstances\",\"maxInstancesPerCapability\",\"injectGlobals\",\"filesToWatch\",\"execArgv\",\"runnerEnv\",\"runner\",\"shard\",\"specFileRetries\",\"specFileRetriesDelay\",\"specFileRetriesDeferred\",\"reporterSyncInterval\",\"reporterSyncTimeout\",\"cucumberFeaturesWithLineNumbers\",\"autoCompileOpts\",\"mochaOpts\",\"jasmineOpts\",\"cucumberOpts\",\"onPrepare\",\"onWorkerStart\",\"onWorkerEnd\",\"before\",\"beforeSession\",\"beforeSuite\",\"beforeHook\",\"beforeTest\",\"afterTest\",\"afterHook\",\"afterSuite\",\"afterSession\",\"after\",\"onComplete\",\"beforeAssertion\",\"afterAssertion\",\"beforeFeature\",\"beforeScenario\",\"beforeStep\",\"afterStep\",\"afterScenario\",\"afterFeature\",\"_\",\"suite\",\"$0\",\"ignoredWorkerServices\",\"wdi5\"]"}]}
RESULT: {"script":"<script> [2342 bytes]","args":[{"protocol":"http","hostname":"0.0.0.0","path":"/","capabilities":{"browserName":"chrome","goog:chromeOptions":{"binary":"C:\\Program Files\\Google\\Chrome\\Application\\chrome.exe","args":["--start-maximized"]}},"logLevel":"warn","connectionRetryTimeout":120000,"connectionRetryCount":3,"logLevels":{},"enableDirectConnect":true,"strictSSL":true,"_":"65 more keys: [\"cacheDir\",\"port\",\"requestedCapabilities\",\"automationProtocol\",\"baseUrl\",\"waitforInterval\",\"waitforTimeout\",\"onReload\",\"beforeCommand\",\"afterCommand\",\"rootDir\",\"specs\",\"suites\",\"exclude\",\"groupLogsByTestSpec\",\"excludeDriverLogs\",\"bail\",\"framework\",\"reporters\",\"services\",\"maxInstances\",\"maxInstancesPerCapability\",\"injectGlobals\",\"filesToWatch\",\"execArgv\",\"runnerEnv\",\"runner\",\"shard\",\"specFileRetries\",\"specFileRetriesDelay\",\"specFileRetriesDeferred\",\"reporterSyncInterval\",\"reporterSyncTimeout\",\"cucumberFeaturesWithLineNumbers\",\"autoCompileOpts\",\"mochaOpts\",\"jasmineOpts\",\"cucumberOpts\",\"onPrepare\",\"onWorkerStart\",\"onWorkerEnd\",\"before\",\"beforeSession\",\"beforeSuite\",\"beforeHook\",\"beforeTest\",\"afterTest\",\"afterHook\",\"afterSuite\",\"afterSession\",\"after\",\"onComplete\",\"beforeAssertion\",\"afterAssertion\",\"beforeFeature\",\"beforeScenario\",\"beforeStep\",\"afterStep\",\"afterScenario\",\"afterFeature\",\"_\",\"suite\",\"$0\",\"ignoredWorkerServices\",\"wdi5\"]"}]}
COMMAND: POST /session/1820fae8a81a1c34ca12c99f5ca4f404/execute/async - {"script":"<script> [21126 bytes]","args":[35000]}
RESULT: {"script":"<script> [21126 bytes]","args":[35000]}
COMMAND: POST /session/1820fae8a81a1c34ca12c99f5ca4f404/execute/async - {"script":"<script> [1562 bytes]","args":[{"selector":{"controlType":"sap.m.Title","viewName":"etm.portal.ui.managecontracts.view.Detail","properties":{"text":"Contract Items (1)"}},"wdio_ui5_key":"etmportal.ui.managecontracts.view.Detailsap.m.Title{\"text\":\"Contract Items (1)\"}"}]}
RESULT: {"script":"<script> [1562 bytes]","args":[{"selector":{"controlType":"sap.m.Title","viewName":"etm.portal.ui.managecontracts.view.Detail","properties":{"text":"Contract Items (1)"}},"wdio_ui5_key":"etmportal.ui.managecontracts.view.Detailsap.m.Title{\"text\":\"Contract Items (1)\"}"}]}
RESULT: undefined
COMMAND: POST /session/1820fae8a81a1c34ca12c99f5ca4f404/execute/async - {"script":"<script> [6424 bytes]","args":[{"element-6066-11e4-a52e-4f735466cecf":"f.043615FDA099A6883ABDD55FCDA43E76.d.0B5EA2AC637C0136A3F0AC161010E9A4.e.6699"},"getText",[]]}
RESULT: {"script":"<script> [6424 bytes]","args":[{"element-6066-11e4-a52e-4f735466cecf":"f.043615FDA099A6883ABDD55FCDA43E76.d.0B5EA2AC637C0136A3F0AC161010E9A4.e.6699"},"getText",[]]}
COMMAND: POST /session/1820fae8a81a1c34ca12c99f5ca4f404/execute/async - {"script":"<script> [1562 bytes]","args":[{"selector":{"id":"contractDetailEditBtn","viewName":"etm.portal.ui.managecontracts.view.Detail","interaction":{"idSuffix":"inner"}},"wdio_ui5_key":"contractDetailEditBtnetmportal.ui.managecontracts.view.Detail"}]}
RESULT: {"script":"<script> [1562 bytes]","args":[{"selector":{"id":"contractDetailEditBtn","viewName":"etm.portal.ui.managecontracts.view.Detail","interaction":{"idSuffix":"inner"}},"wdio_ui5_key":"contractDetailEditBtnetmportal.ui.managecontracts.view.Detail"}]}
RESULT: undefined
COMMAND: POST /session/1820fae8a81a1c34ca12c99f5ca4f404/element - {"using":"xpath","value":"//*[@id=\"__xmlview1--contractDetailEditBtn\"]"}
RESULT: {"using":"xpath","value":"//*[@id=\"__xmlview1--contractDetailEditBtn\"]"}
COMMAND: POST /session/1820fae8a81a1c34ca12c99f5ca4f404/element/f.043615FDA099A6883ABDD55FCDA43E76.d.0B5EA2AC637C0136A3F0AC161010E9A4.e.6538/click - {}
RESULT: {}
COMMAND: GET /session/1820fae8a81a1c34ca12c99f5ca4f404/screenshot - {}
RESULT: {}
COMMAND: POST /session/1820fae8a81a1c34ca12c99f5ca4f404/element - {"using":"xpath","value":"(//span[contains(text(), \"Header Billing Items\")])[2]"}
RESULT: {"using":"xpath","value":"(//span[contains(text(), \"Header Billing Items\")])[2]"}
COMMAND: POST /session/1820fae8a81a1c34ca12c99f5ca4f404/element/f.043615FDA099A6883ABDD55FCDA43E76.d.0B5EA2AC637C0136A3F0AC161010E9A4.e.6762/click - {}
RESULT: {}
COMMAND: GET /session/1820fae8a81a1c34ca12c99f5ca4f404/screenshot - {}
RESULT: {}
COMMAND: POST /session/1820fae8a81a1c34ca12c99f5ca4f404/element - {"using":"xpath","value":"//div[contains(@id ,\"ProductsTable-sa-CbBg\")]"}
RESULT: {"using":"xpath","value":"//div[contains(@id ,\"ProductsTable-sa-CbBg\")]"}
COMMAND: POST /session/1820fae8a81a1c34ca12c99f5ca4f404/element/f.043615FDA099A6883ABDD55FCDA43E76.d.0B5EA2AC637C0136A3F0AC161010E9A4.e.6767/click - {}
RESULT: {}
COMMAND: GET /session/1820fae8a81a1c34ca12c99f5ca4f404/screenshot - {}
RESULT: {}
COMMAND: POST /session/1820fae8a81a1c34ca12c99f5ca4f404/execute/async - {"script":"<script> [1562 bytes]","args":[{"selector":{"id":"deleteBtn","viewName":"etm.portal.ui.managecontracts.view.EditContract","interaction":{"idSuffix":"BDI-content"}},"wdio_ui5_key":"deleteBtnetmportal.ui.managecontracts.view.EditContract"}]}
RESULT: {"script":"<script> [1562 bytes]","args":[{"selector":{"id":"deleteBtn","viewName":"etm.portal.ui.managecontracts.view.EditContract","interaction":{"idSuffix":"BDI-content"}},"wdio_ui5_key":"deleteBtnetmportal.ui.managecontracts.view.EditContract"}]}
RESULT: undefined
COMMAND: POST /session/1820fae8a81a1c34ca12c99f5ca4f404/element - {"using":"xpath","value":"//*[@id=\"__xmlview2--deleteBtn\"]"}
RESULT: {"using":"xpath","value":"//*[@id=\"__xmlview2--deleteBtn\"]"}
COMMAND: POST /session/1820fae8a81a1c34ca12c99f5ca4f404/element/f.043615FDA099A6883ABDD55FCDA43E76.d.0B5EA2AC637C0136A3F0AC161010E9A4.e.6770/click - {}
RESULT: {}
COMMAND: POST /session/1820fae8a81a1c34ca12c99f5ca4f404/element - {"using":"xpath","value":"//bdi[contains(@id ,\"BDI-content\")][contains(text(), \"OK\")]"}
COMMAND: GET /session/1820fae8a81a1c34ca12c99f5ca4f404/screenshot - {}
RESULT: {"using":"xpath","value":"//bdi[contains(@id ,\"BDI-content\")][contains(text(), \"OK\")]"}
COMMAND: POST /session/1820fae8a81a1c34ca12c99f5ca4f404/element/f.043615FDA099A6883ABDD55FCDA43E76.d.0B5EA2AC637C0136A3F0AC161010E9A4.e.6772/click - {}
RESULT: {}
RESULT: {}
COMMAND: GET /session/1820fae8a81a1c34ca12c99f5ca4f404/screenshot - {}
RESULT: {}
COMMAND: POST /session/1820fae8a81a1c34ca12c99f5ca4f404/element - {"using":"xpath","value":"//bdi[contains(@id ,\"BDI-content\")][contains(text(), \"Save\")]"}
RESULT: {"using":"xpath","value":"//bdi[contains(@id ,\"BDI-content\")][contains(text(), \"Save\")]"}
COMMAND: POST /session/1820fae8a81a1c34ca12c99f5ca4f404/element/f.043615FDA099A6883ABDD55FCDA43E76.d.0B5EA2AC637C0136A3F0AC161010E9A4.e.6774/click - {}
RESULT: {}
COMMAND: GET /session/1820fae8a81a1c34ca12c99f5ca4f404/screenshot - {}
RESULT: {}
COMMAND: POST /session/1820fae8a81a1c34ca12c99f5ca4f404/element - {"using":"xpath","value":"(//span[contains(text(), \"Header Billing Items\")])[1]"}
RESULT: {"using":"xpath","value":"(//span[contains(text(), \"Header Billing Items\")])[1]"}
COMMAND: POST /session/1820fae8a81a1c34ca12c99f5ca4f404/element/f.043615FDA099A6883ABDD55FCDA43E76.d.0B5EA2AC637C0136A3F0AC161010E9A4.e.6777/click - {}
RESULT: {}
COMMAND: GET /session/1820fae8a81a1c34ca12c99f5ca4f404/screenshot - {}
RESULT: {}
COMMAND: POST /session/1820fae8a81a1c34ca12c99f5ca4f404/execute/async - {"script":"<script> [1562 bytes]","args":[{"selector":{"controlType":"sap.m.ObjectStatus","viewName":"etm.portal.ui.managecontracts.view.Detail","bindingPath":{"path":"/SmartContractItems(CONTRACT='10487',ITEM=10m,SUB_ITEM=0m)","propertyPath":"STATUS"}},"wdio_ui5_key":"etmportal.ui.managecontracts.view.Detailsap.m.ObjectStatus{\"path\":\"/SmartContractItems(CONTRACT='10487',ITEM=10m,SUB_ITEM=0m)\",\"propertyPath\":\"STATUS\"}"}]}
RESULT: {"script":"<script> [1562 bytes]","args":[{"selector":{"controlType":"sap.m.ObjectStatus","viewName":"etm.portal.ui.managecontracts.view.Detail","bindingPath":{"path":"/SmartContractItems(CONTRACT='10487',ITEM=10m,SUB_ITEM=0m)","propertyPath":"STATUS"}},"wdio_ui5_key":"etmportal.ui.managecontracts.view.Detailsap.m.ObjectStatus{\"path\":\"/SmartContractItems(CONTRACT='10487',ITEM=10m,SUB_ITEM=0m)\",\"propertyPath\":\"STATUS\"}"}]}
RESULT: undefined
COMMAND: POST /session/1820fae8a81a1c34ca12c99f5ca4f404/execute/async - {"script":"<script> [6424 bytes]","args":[{"element-6066-11e4-a52e-4f735466cecf":"f.043615FDA099A6883ABDD55FCDA43E76.d.0B5EA2AC637C0136A3F0AC161010E9A4.e.6779"},"getText",[]]}
RESULT: {"script":"<script> [6424 bytes]","args":[{"element-6066-11e4-a52e-4f735466cecf":"f.043615FDA099A6883ABDD55FCDA43E76.d.0B5EA2AC637C0136A3F0AC161010E9A4.e.6779"},"getText",[]]}
COMMAND: POST /session/1820fae8a81a1c34ca12c99f5ca4f404/element - {"using":"css selector","value":"#shell-header-logo"}
RESULT: {"using":"css selector","value":"#shell-header-logo"}
COMMAND: POST /session/1820fae8a81a1c34ca12c99f5ca4f404/element/f.043615FDA099A6883ABDD55FCDA43E76.d.0B5EA2AC637C0136A3F0AC161010E9A4.e.6478/click - {}
RESULT: {}
COMMAND: GET /session/1820fae8a81a1c34ca12c99f5ca4f404/screenshot - {}
RESULT: {}
COMMAND: POST /session/1820fae8a81a1c34ca12c99f5ca4f404/execute/async - {"script":"<script> [1562 bytes]","args":[{"selector":{"controlType":"sap.m.GenericTile","properties":{"header":"Manage Requests"}},"wdio_ui5_key":"sapm.GenericTile{\"header\":\"Manage Requests\"}"}]}
RESULT: {"script":"<script> [1562 bytes]","args":[{"selector":{"controlType":"sap.m.GenericTile","properties":{"header":"Manage Requests"}},"wdio_ui5_key":"sapm.GenericTile{\"header\":\"Manage Requests\"}"}]}
RESULT: undefined
COMMAND: POST /session/1820fae8a81a1c34ca12c99f5ca4f404/element - {"using":"xpath","value":"//*[@id=\"__tile47\"]"}
RESULT: {"using":"xpath","value":"//*[@id=\"__tile47\"]"}
COMMAND: POST /session/1820fae8a81a1c34ca12c99f5ca4f404/element/f.043615FDA099A6883ABDD55FCDA43E76.d.0B5EA2AC637C0136A3F0AC161010E9A4.e.6799/click - {}
RESULT: {}
COMMAND: GET /session/1820fae8a81a1c34ca12c99f5ca4f404/screenshot - {}
RESULT: {}
COMMAND: POST /session/1820fae8a81a1c34ca12c99f5ca4f404/elements - {"using":"xpath","value":"//span[text()='Error']"}
RESULT: {"using":"xpath","value":"//span[text()='Error']"}
COMMAND: POST /session/1820fae8a81a1c34ca12c99f5ca4f404/execute/async - {"script":"<script> [1562 bytes]","args":[{"selector":{"controlType":"sap.m.SearchField","viewName":"etm.portal.ui.managerequests.view.Master","bindingPath":{"path":"","propertyPath":"/_BASIC_SEARCH_FIELD","modelName":"fi1t3rM0d31"},"interaction":{"idSuffix":"I"}},"wdio_ui5_key":"etmportal.ui.managerequests.view.Mastersap.m.SearchField{\"path\":\"\",\"propertyPath\":\"/_BASIC_SEARCH_FIELD\",\"modelName\":\"fi1t3rM0d31\"}"}]}
RESULT: {"script":"<script> [1562 bytes]","args":[{"selector":{"controlType":"sap.m.SearchField","viewName":"etm.portal.ui.managerequests.view.Master","bindingPath":{"path":"","propertyPath":"/_BASIC_SEARCH_FIELD","modelName":"fi1t3rM0d31"},"interaction":{"idSuffix":"I"}},"wdio_ui5_key":"etmportal.ui.managerequests.view.Mastersap.m.SearchField{\"path\":\"\",\"propertyPath\":\"/_BASIC_SEARCH_FIELD\",\"modelName\":\"fi1t3rM0d31\"}"}]}
RESULT: undefined
COMMAND: POST /session/1820fae8a81a1c34ca12c99f5ca4f404/execute/async - {"script":"<script> [776 bytes]","args":[{"enterText":"20217","selector":{"controlType":"sap.m.SearchField","viewName":"etm.portal.ui.managerequests.view.Master","bindingPath":{"path":"","propertyPath":"/_BASIC_SEARCH_FIELD","modelName":"fi1t3rM0d31"},"interaction":{"idSuffix":"I"}},"clearTextFirst":true,"interactionType":"ENTER_TEXT"}]}
RESULT: {"script":"<script> [776 bytes]","args":[{"enterText":"20217","selector":{"controlType":"sap.m.SearchField","viewName":"etm.portal.ui.managerequests.view.Master","bindingPath":{"path":"","propertyPath":"/_BASIC_SEARCH_FIELD","modelName":"fi1t3rM0d31"},"interaction":{"idSuffix":"I"}},"clearTextFirst":true,"interactionType":"ENTER_TEXT"}]}
COMMAND: POST /session/1820fae8a81a1c34ca12c99f5ca4f404/actions - {"actions":[{"id":"action33","type":"key","parameters":{},"actions":[{"type":"keyDown","value":""},{"type":"pause","duration":10},{"type":"keyUp","value":""}]}]}
RESULT: {"actions":[{"id":"action33","type":"key","parameters":{},"actions":[{"type":"keyDown","value":""},{"type":"pause","duration":10},{"type":"keyUp","value":""}]}]}
COMMAND: GET /session/1820fae8a81a1c34ca12c99f5ca4f404/screenshot - {}
RESULT: {}
COMMAND: POST /session/1820fae8a81a1c34ca12c99f5ca4f404/execute/async - {"script":"<script> [1562 bytes]","args":[{"selector":{"controlType":"sap.m.Text","viewName":"etm.portal.ui.managerequests.view.Master","bindingPath":{"path":"/SmartManageRequests('20217')","propertyPath":"NO"}},"wdio_ui5_key":"etmportal.ui.managerequests.view.Mastersap.m.Text{\"path\":\"/SmartManageRequests('20217')\",\"propertyPath\":\"NO\"}"}]}
RESULT: {"script":"<script> [1562 bytes]","args":[{"selector":{"controlType":"sap.m.Text","viewName":"etm.portal.ui.managerequests.view.Master","bindingPath":{"path":"/SmartManageRequests('20217')","propertyPath":"NO"}},"wdio_ui5_key":"etmportal.ui.managerequests.view.Mastersap.m.Text{\"path\":\"/SmartManageRequests('20217')\",\"propertyPath\":\"NO\"}"}]}
RESULT: undefined
COMMAND: POST /session/1820fae8a81a1c34ca12c99f5ca4f404/element - {"using":"xpath","value":"//*[@id=\"__text463-__clone168\"]"}
RESULT: {"using":"xpath","value":"//*[@id=\"__text463-__clone168\"]"}
COMMAND: POST /session/1820fae8a81a1c34ca12c99f5ca4f404/element/f.043615FDA099A6883ABDD55FCDA43E76.d.0B5EA2AC637C0136A3F0AC161010E9A4.e.6928/click - {}
RESULT: {}
COMMAND: GET /session/1820fae8a81a1c34ca12c99f5ca4f404/screenshot - {}
RESULT: {}
COMMAND: POST /session/1820fae8a81a1c34ca12c99f5ca4f404/execute/async - {"script":"<script> [1562 bytes]","args":[{"selector":{"controlType":"sap.ui.core.Icon","viewName":"etm.portal.ui.managerequests.view.Detail","properties":{"src":{"regex":{"source":"slim\\-arrow\\-up"}}}},"wdio_ui5_key":"etmportal.ui.managerequests.view.Detailsap.ui.core.Icon{\"src\":{\"regex\":{\"source\":\"slim\\\\-arrow\\\\-up\"}}}"}]}
RESULT: {"script":"<script> [1562 bytes]","args":[{"selector":{"controlType":"sap.ui.core.Icon","viewName":"etm.portal.ui.managerequests.view.Detail","properties":{"src":{"regex":{"source":"slim\\-arrow\\-up"}}}},"wdio_ui5_key":"etmportal.ui.managerequests.view.Detailsap.ui.core.Icon{\"src\":{\"regex\":{\"source\":\"slim\\\\-arrow\\\\-up\"}}}"}]}
RESULT: undefined
COMMAND: POST /session/1820fae8a81a1c34ca12c99f5ca4f404/element - {"using":"xpath","value":"//*[@id=\"__xmlview62--detailRequestPage-OPHeaderContent-collapseBtn-img\"]"}
RESULT: {"using":"xpath","value":"//*[@id=\"__xmlview62--detailRequestPage-OPHeaderContent-collapseBtn-img\"]"}
COMMAND: POST /session/1820fae8a81a1c34ca12c99f5ca4f404/element/f.043615FDA099A6883ABDD55FCDA43E76.d.0B5EA2AC637C0136A3F0AC161010E9A4.e.7071/click - {}
RESULT: {}
COMMAND: GET /session/1820fae8a81a1c34ca12c99f5ca4f404/screenshot - {}
RESULT: {}
COMMAND: POST /session/1820fae8a81a1c34ca12c99f5ca4f404/execute/async - {"script":"<script> [1562 bytes]","args":[{"selector":{"controlType":"sap.m.Text","viewName":"etm.portal.ui.managerequests.view.Detail","bindingPath":{"path":"/SmartRequestItemsPlanningBoard(ITEM=20m,REQUEST='20217')","propertyPath":"STATUS_DESC"}},"wdio_ui5_key":"etmportal.ui.managerequests.view.Detailsap.m.Text{\"path\":\"/SmartRequestItemsPlanningBoard(ITEM=20m,REQUEST='20217')\",\"propertyPath\":\"STATUS_DESC\"}"}]}
RESULT: {"script":"<script> [1562 bytes]","args":[{"selector":{"controlType":"sap.m.Text","viewName":"etm.portal.ui.managerequests.view.Detail","bindingPath":{"path":"/SmartRequestItemsPlanningBoard(ITEM=20m,REQUEST='20217')","propertyPath":"STATUS_DESC"}},"wdio_ui5_key":"etmportal.ui.managerequests.view.Detailsap.m.Text{\"path\":\"/SmartRequestItemsPlanningBoard(ITEM=20m,REQUEST='20217')\",\"propertyPath\":\"STATUS_DESC\"}"}]}
RESULT: undefined
COMMAND: POST /session/1820fae8a81a1c34ca12c99f5ca4f404/execute/async - {"script":"<script> [6424 bytes]","args":[{"element-6066-11e4-a52e-4f735466cecf":"f.043615FDA099A6883ABDD55FCDA43E76.d.0B5EA2AC637C0136A3F0AC161010E9A4.e.7133"},"getText",[]]}
RESULT: {"script":"<script> [6424 bytes]","args":[{"element-6066-11e4-a52e-4f735466cecf":"f.043615FDA099A6883ABDD55FCDA43E76.d.0B5EA2AC637C0136A3F0AC161010E9A4.e.7133"},"getText",[]]}
COMMAND: POST /session/1820fae8a81a1c34ca12c99f5ca4f404/element - {"using":"css selector","value":"#shell-header-logo"}
RESULT: {"using":"css selector","value":"#shell-header-logo"}
COMMAND: POST /session/1820fae8a81a1c34ca12c99f5ca4f404/element/f.043615FDA099A6883ABDD55FCDA43E76.d.0B5EA2AC637C0136A3F0AC161010E9A4.e.6803/click - {}
RESULT: {}
COMMAND: GET /session/1820fae8a81a1c34ca12c99f5ca4f404/screenshot - {}
RESULT: {}
]]></system-out>
    </testcase>
  </testsuite>
  <testsuite timestamp="2025-05-21T18:08:18" time="263.526" tests="4" failures="0" errors="0" skipped="0">
    <properties>
      <property name="specId" value="0"/>
      <property name="suiteName" value="Standard contract close-reopen US111278"/>
      <property name="capabilities" value="chrome.136_0_7103_93.windows"/>
      <property name="file" value="file:///D:/a/1/s/test/specs/R2C/standard-contract-close-reopen.spec.js"/>
    </properties>
    <testcase classname="chrome.136_0_7103_93.windows.Standard_contract_close-reopen_US111278" name="Should create a new contract and add an item" time="147.141">
      <system-out><![CDATA[
COMMAND: POST /session/1820fae8a81a1c34ca12c99f5ca4f404/execute/async - {"script":"<script> [1562 bytes]","args":[{"selector":{"controlType":"sap.m.GenericTile","properties":{"header":"Manage Contracts"}},"wdio_ui5_key":"sapm.GenericTile{\"header\":\"Manage Contracts\"}"}]}
RESULT: {"script":"<script> [1562 bytes]","args":[{"selector":{"controlType":"sap.m.GenericTile","properties":{"header":"Manage Contracts"}},"wdio_ui5_key":"sapm.GenericTile{\"header\":\"Manage Contracts\"}"}]}
RESULT: undefined
COMMAND: POST /session/1820fae8a81a1c34ca12c99f5ca4f404/element - {"using":"xpath","value":"//*[@id=\"__tile130\"]"}
RESULT: {"using":"xpath","value":"//*[@id=\"__tile130\"]"}
COMMAND: POST /session/1820fae8a81a1c34ca12c99f5ca4f404/element/f.043615FDA099A6883ABDD55FCDA43E76.d.0B5EA2AC637C0136A3F0AC161010E9A4.e.7136/click - {}
RESULT: {}
COMMAND: GET /session/1820fae8a81a1c34ca12c99f5ca4f404/screenshot - {}
RESULT: {}
COMMAND: POST /session/1820fae8a81a1c34ca12c99f5ca4f404/elements - {"using":"xpath","value":"//span[text()='Error']"}
RESULT: {"using":"xpath","value":"//span[text()='Error']"}
COMMAND: POST /session/1820fae8a81a1c34ca12c99f5ca4f404/element - {"using":"xpath","value":"//button[@data-kt=\"addButton\"]"}
RESULT: {"using":"xpath","value":"//button[@data-kt=\"addButton\"]"}
COMMAND: POST /session/1820fae8a81a1c34ca12c99f5ca4f404/element/f.043615FDA099A6883ABDD55FCDA43E76.d.0B5EA2AC637C0136A3F0AC161010E9A4.e.7165/click - {}
RESULT: {}
COMMAND: GET /session/1820fae8a81a1c34ca12c99f5ca4f404/screenshot - {}
COMMAND: POST /session/1820fae8a81a1c34ca12c99f5ca4f404/execute/async - {"script":"<script> [1562 bytes]","args":[{"selector":{"id":"application-managecontracts-display-component---AddNewContract--projectDescription","interaction":{"idSuffix":"inner"}},"wdio_ui5_key":"applicationmanagecontracts-display-component---AddNewContract--projectDescription"}]}
RESULT: {}
RESULT: {"script":"<script> [1562 bytes]","args":[{"selector":{"id":"application-managecontracts-display-component---AddNewContract--projectDescription","interaction":{"idSuffix":"inner"}},"wdio_ui5_key":"applicationmanagecontracts-display-component---AddNewContract--projectDescription"}]}
RESULT: undefined
COMMAND: POST /session/1820fae8a81a1c34ca12c99f5ca4f404/execute/async - {"script":"<script> [776 bytes]","args":[{"enterText":"WdIOR2cods8b","selector":{"id":"application-managecontracts-display-component---AddNewContract--projectDescription","interaction":{"idSuffix":"inner"}},"clearTextFirst":true,"interactionType":"ENTER_TEXT"}]}
RESULT: {"script":"<script> [776 bytes]","args":[{"enterText":"WdIOR2cods8b","selector":{"id":"application-managecontracts-display-component---AddNewContract--projectDescription","interaction":{"idSuffix":"inner"}},"clearTextFirst":true,"interactionType":"ENTER_TEXT"}]}
COMMAND: POST /session/1820fae8a81a1c34ca12c99f5ca4f404/element - {"using":"xpath","value":"//input[@id=\"application-managecontracts-display-component---AddNewContract--yardId-inner\"]"}
RESULT: {"using":"xpath","value":"//input[@id=\"application-managecontracts-display-component---AddNewContract--yardId-inner\"]"}
COMMAND: POST /session/1820fae8a81a1c34ca12c99f5ca4f404/element/f.043615FDA099A6883ABDD55FCDA43E76.d.0B5EA2AC637C0136A3F0AC161010E9A4.e.7472/clear - {}
RESULT: {}
COMMAND: POST /session/1820fae8a81a1c34ca12c99f5ca4f404/element/f.043615FDA099A6883ABDD55FCDA43E76.d.0B5EA2AC637C0136A3F0AC161010E9A4.e.7472/value - {"text":"WebdriverYardpv7ub"}
COMMAND: GET /session/1820fae8a81a1c34ca12c99f5ca4f404/screenshot - {}
RESULT: {"text":"WebdriverYardpv7ub"}
COMMAND: GET /session/1820fae8a81a1c34ca12c99f5ca4f404/screenshot - {}
RESULT: {}
RESULT: {}
COMMAND: POST /session/1820fae8a81a1c34ca12c99f5ca4f404/actions - {"actions":[{"id":"action34","type":"key","parameters":{},"actions":[{"type":"keyDown","value":""},{"type":"pause","duration":10},{"type":"keyUp","value":""}]}]}
RESULT: {"actions":[{"id":"action34","type":"key","parameters":{},"actions":[{"type":"keyDown","value":""},{"type":"pause","duration":10},{"type":"keyUp","value":""}]}]}
COMMAND: GET /session/1820fae8a81a1c34ca12c99f5ca4f404/screenshot - {}
RESULT: {}
COMMAND: POST /session/1820fae8a81a1c34ca12c99f5ca4f404/element - {"using":"xpath","value":"//input[@id=\"application-managecontracts-display-component---AddNewContract--customerSelect-inner\"]"}
RESULT: {"using":"xpath","value":"//input[@id=\"application-managecontracts-display-component---AddNewContract--customerSelect-inner\"]"}
COMMAND: POST /session/1820fae8a81a1c34ca12c99f5ca4f404/element/f.043615FDA099A6883ABDD55FCDA43E76.d.0B5EA2AC637C0136A3F0AC161010E9A4.e.7470/clear - {}
RESULT: {}
COMMAND: POST /session/1820fae8a81a1c34ca12c99f5ca4f404/element/f.043615FDA099A6883ABDD55FCDA43E76.d.0B5EA2AC637C0136A3F0AC161010E9A4.e.7470/value - {"text":"WebdriverPartnergfck1g"}
COMMAND: GET /session/1820fae8a81a1c34ca12c99f5ca4f404/screenshot - {}
RESULT: {"text":"WebdriverPartnergfck1g"}
COMMAND: GET /session/1820fae8a81a1c34ca12c99f5ca4f404/screenshot - {}
RESULT: {}
RESULT: {}
COMMAND: POST /session/1820fae8a81a1c34ca12c99f5ca4f404/actions - {"actions":[{"id":"action35","type":"key","parameters":{},"actions":[{"type":"keyDown","value":""},{"type":"pause","duration":10},{"type":"keyUp","value":""}]}]}
RESULT: {"actions":[{"id":"action35","type":"key","parameters":{},"actions":[{"type":"keyDown","value":""},{"type":"pause","duration":10},{"type":"keyUp","value":""}]}]}
COMMAND: GET /session/1820fae8a81a1c34ca12c99f5ca4f404/screenshot - {}
RESULT: {}
COMMAND: POST /session/1820fae8a81a1c34ca12c99f5ca4f404/element - {"using":"xpath","value":"//input[@id=\"application-managecontracts-display-component---AddNewContract--site-inner\"]"}
RESULT: {"using":"xpath","value":"//input[@id=\"application-managecontracts-display-component---AddNewContract--site-inner\"]"}
COMMAND: POST /session/1820fae8a81a1c34ca12c99f5ca4f404/element/f.043615FDA099A6883ABDD55FCDA43E76.d.0B5EA2AC637C0136A3F0AC161010E9A4.e.7471/clear - {}
RESULT: {}
COMMAND: POST /session/1820fae8a81a1c34ca12c99f5ca4f404/element/f.043615FDA099A6883ABDD55FCDA43E76.d.0B5EA2AC637C0136A3F0AC161010E9A4.e.7471/value - {"text":"WebdriverSite28sck"}
COMMAND: GET /session/1820fae8a81a1c34ca12c99f5ca4f404/screenshot - {}
RESULT: {"text":"WebdriverSite28sck"}
COMMAND: GET /session/1820fae8a81a1c34ca12c99f5ca4f404/screenshot - {}
RESULT: {}
RESULT: {}
COMMAND: POST /session/1820fae8a81a1c34ca12c99f5ca4f404/actions - {"actions":[{"id":"action36","type":"key","parameters":{},"actions":[{"type":"keyDown","value":""},{"type":"pause","duration":10},{"type":"keyUp","value":""}]}]}
RESULT: {"actions":[{"id":"action36","type":"key","parameters":{},"actions":[{"type":"keyDown","value":""},{"type":"pause","duration":10},{"type":"keyUp","value":""}]}]}
COMMAND: GET /session/1820fae8a81a1c34ca12c99f5ca4f404/screenshot - {}
COMMAND: POST /session/1820fae8a81a1c34ca12c99f5ca4f404/element - {"using":"xpath","value":"//button[@data-kt=\"saveButton\"]"}
RESULT: {}
RESULT: {"using":"xpath","value":"//button[@data-kt=\"saveButton\"]"}
COMMAND: POST /session/1820fae8a81a1c34ca12c99f5ca4f404/element/f.043615FDA099A6883ABDD55FCDA43E76.d.0B5EA2AC637C0136A3F0AC161010E9A4.e.7508/click - {}
RESULT: {}
COMMAND: GET /session/1820fae8a81a1c34ca12c99f5ca4f404/screenshot - {}
RESULT: {}
COMMAND: POST /session/1820fae8a81a1c34ca12c99f5ca4f404/execute/async - {"script":"<script> [1562 bytes]","args":[{"selector":{"id":"contractDetailTitleNoExpanded","viewName":"etm.portal.ui.managecontracts.view.Detail"},"wdio_ui5_key":"contractDetailTitleNoExpandedetmportal.ui.managecontracts.view.Detail"}]}
RESULT: {"script":"<script> [1562 bytes]","args":[{"selector":{"id":"contractDetailTitleNoExpanded","viewName":"etm.portal.ui.managecontracts.view.Detail"},"wdio_ui5_key":"contractDetailTitleNoExpandedetmportal.ui.managecontracts.view.Detail"}]}
RESULT: undefined
COMMAND: POST /session/1820fae8a81a1c34ca12c99f5ca4f404/execute/async - {"script":"<script> [6424 bytes]","args":[{"element-6066-11e4-a52e-4f735466cecf":"f.043615FDA099A6883ABDD55FCDA43E76.d.0B5EA2AC637C0136A3F0AC161010E9A4.e.7580"},"getText",[]]}
RESULT: {"script":"<script> [6424 bytes]","args":[{"element-6066-11e4-a52e-4f735466cecf":"f.043615FDA099A6883ABDD55FCDA43E76.d.0B5EA2AC637C0136A3F0AC161010E9A4.e.7580"},"getText",[]]}
COMMAND: POST /session/1820fae8a81a1c34ca12c99f5ca4f404/execute/async - {"script":"<script> [1562 bytes]","args":[{"selector":{"id":"closeContractBtn","viewName":"etm.portal.ui.managecontracts.view.Detail"},"wdio_ui5_key":"closeContractBtnetmportal.ui.managecontracts.view.Detail"}]}
RESULT: {"script":"<script> [1562 bytes]","args":[{"selector":{"id":"closeContractBtn","viewName":"etm.portal.ui.managecontracts.view.Detail"},"wdio_ui5_key":"closeContractBtnetmportal.ui.managecontracts.view.Detail"}]}
RESULT: undefined
COMMAND: POST /session/1820fae8a81a1c34ca12c99f5ca4f404/execute/async - {"script":"<script> [6424 bytes]","args":[{"element-6066-11e4-a52e-4f735466cecf":"f.043615FDA099A6883ABDD55FCDA43E76.d.0B5EA2AC637C0136A3F0AC161010E9A4.e.7581"},"getEnabled",[]]}
RESULT: {"script":"<script> [6424 bytes]","args":[{"element-6066-11e4-a52e-4f735466cecf":"f.043615FDA099A6883ABDD55FCDA43E76.d.0B5EA2AC637C0136A3F0AC161010E9A4.e.7581"},"getEnabled",[]]}
COMMAND: POST /session/1820fae8a81a1c34ca12c99f5ca4f404/element - {"using":"xpath","value":"//button[@data-kt=\"contractDetailEditBtnButton\"]"}
RESULT: {"using":"xpath","value":"//button[@data-kt=\"contractDetailEditBtnButton\"]"}
COMMAND: POST /session/1820fae8a81a1c34ca12c99f5ca4f404/element/f.043615FDA099A6883ABDD55FCDA43E76.d.0B5EA2AC637C0136A3F0AC161010E9A4.e.7582/click - {}
RESULT: {}
COMMAND: GET /session/1820fae8a81a1c34ca12c99f5ca4f404/screenshot - {}
RESULT: {}
COMMAND: POST /session/1820fae8a81a1c34ca12c99f5ca4f404/element - {"using":"xpath","value":"(//span[contains(text(), \"Additional Addresses\")])[2]"}
RESULT: {"using":"xpath","value":"(//span[contains(text(), \"Additional Addresses\")])[2]"}
COMMAND: POST /session/1820fae8a81a1c34ca12c99f5ca4f404/element/f.043615FDA099A6883ABDD55FCDA43E76.d.0B5EA2AC637C0136A3F0AC161010E9A4.e.7640/click - {}
RESULT: {}
COMMAND: GET /session/1820fae8a81a1c34ca12c99f5ca4f404/screenshot - {}
RESULT: {}
COMMAND: POST /session/1820fae8a81a1c34ca12c99f5ca4f404/element - {"using":"xpath","value":"//button[@data-kt=\"btnAddTableRowOverflowToolbarButton\"]"}
RESULT: {"using":"xpath","value":"//button[@data-kt=\"btnAddTableRowOverflowToolbarButton\"]"}
COMMAND: POST /session/1820fae8a81a1c34ca12c99f5ca4f404/element/f.043615FDA099A6883ABDD55FCDA43E76.d.0B5EA2AC637C0136A3F0AC161010E9A4.e.7642/click - {}
RESULT: {}
COMMAND: GET /session/1820fae8a81a1c34ca12c99f5ca4f404/screenshot - {}
RESULT: {}
COMMAND: POST /session/1820fae8a81a1c34ca12c99f5ca4f404/element - {"using":"xpath","value":"//div[(text() = 'Standard Entry' or . = 'Standard Entry')]"}
RESULT: {"using":"xpath","value":"//div[(text() = 'Standard Entry' or . = 'Standard Entry')]"}
COMMAND: POST /session/1820fae8a81a1c34ca12c99f5ca4f404/element/f.043615FDA099A6883ABDD55FCDA43E76.d.0B5EA2AC637C0136A3F0AC161010E9A4.e.7644/click - {}
RESULT: {}
COMMAND: POST /session/1820fae8a81a1c34ca12c99f5ca4f404/element - {"using":"xpath","value":"//td[6]/div/div/input[1]"}
COMMAND: GET /session/1820fae8a81a1c34ca12c99f5ca4f404/screenshot - {}
RESULT: {"using":"xpath","value":"//td[6]/div/div/input[1]"}
COMMAND: POST /session/1820fae8a81a1c34ca12c99f5ca4f404/element/f.043615FDA099A6883ABDD55FCDA43E76.d.0B5EA2AC637C0136A3F0AC161010E9A4.e.7646/click - {}
RESULT: {}
RESULT: {}
COMMAND: POST /session/1820fae8a81a1c34ca12c99f5ca4f404/actions - {"actions":[{"id":"action37","type":"key","parameters":{},"actions":[{"type":"keyDown","value":""},{"type":"pause","duration":10},{"type":"keyUp","value":""}]}]}
COMMAND: GET /session/1820fae8a81a1c34ca12c99f5ca4f404/screenshot - {}
RESULT: {"actions":[{"id":"action37","type":"key","parameters":{},"actions":[{"type":"keyDown","value":""},{"type":"pause","duration":10},{"type":"keyUp","value":""}]}]}
COMMAND: POST /session/1820fae8a81a1c34ca12c99f5ca4f404/element - {"using":"xpath","value":"//td[6]/div/div/input[1]"}
COMMAND: GET /session/1820fae8a81a1c34ca12c99f5ca4f404/screenshot - {}
RESULT: {}
RESULT: {"using":"xpath","value":"//td[6]/div/div/input[1]"}
COMMAND: POST /session/1820fae8a81a1c34ca12c99f5ca4f404/element/f.043615FDA099A6883ABDD55FCDA43E76.d.0B5EA2AC637C0136A3F0AC161010E9A4.e.7646/clear - {}
RESULT: {}
RESULT: {}
COMMAND: POST /session/1820fae8a81a1c34ca12c99f5ca4f404/element/f.043615FDA099A6883ABDD55FCDA43E76.d.0B5EA2AC637C0136A3F0AC161010E9A4.e.7646/value - {"text":"Material"}
COMMAND: GET /session/1820fae8a81a1c34ca12c99f5ca4f404/screenshot - {}
RESULT: {"text":"Material"}
COMMAND: GET /session/1820fae8a81a1c34ca12c99f5ca4f404/screenshot - {}
RESULT: {}
RESULT: {}
COMMAND: POST /session/1820fae8a81a1c34ca12c99f5ca4f404/actions - {"actions":[{"id":"action38","type":"key","parameters":{},"actions":[{"type":"keyDown","value":""},{"type":"pause","duration":10},{"type":"keyUp","value":""}]}]}
RESULT: {"actions":[{"id":"action38","type":"key","parameters":{},"actions":[{"type":"keyDown","value":""},{"type":"pause","duration":10},{"type":"keyUp","value":""}]}]}
COMMAND: GET /session/1820fae8a81a1c34ca12c99f5ca4f404/screenshot - {}
COMMAND: POST /session/1820fae8a81a1c34ca12c99f5ca4f404/actions - {"actions":[{"id":"action39","type":"key","parameters":{},"actions":[{"type":"keyDown","value":""},{"type":"pause","duration":10},{"type":"keyUp","value":""}]}]}
RESULT: {}
RESULT: {"actions":[{"id":"action39","type":"key","parameters":{},"actions":[{"type":"keyDown","value":""},{"type":"pause","duration":10},{"type":"keyUp","value":""}]}]}
COMMAND: POST /session/1820fae8a81a1c34ca12c99f5ca4f404/element - {"using":"xpath","value":"//td[7]/div/div/input"}
COMMAND: GET /session/1820fae8a81a1c34ca12c99f5ca4f404/screenshot - {}
RESULT: {"using":"xpath","value":"//td[7]/div/div/input"}
COMMAND: POST /session/1820fae8a81a1c34ca12c99f5ca4f404/element/f.043615FDA099A6883ABDD55FCDA43E76.d.0B5EA2AC637C0136A3F0AC161010E9A4.e.7659/clear - {}
RESULT: {}
RESULT: {}
COMMAND: POST /session/1820fae8a81a1c34ca12c99f5ca4f404/element/f.043615FDA099A6883ABDD55FCDA43E76.d.0B5EA2AC637C0136A3F0AC161010E9A4.e.7659/value - {"text":"WebdriverRUR2Cd8eo4f"}
COMMAND: GET /session/1820fae8a81a1c34ca12c99f5ca4f404/screenshot - {}
RESULT: {"text":"WebdriverRUR2Cd8eo4f"}
COMMAND: GET /session/1820fae8a81a1c34ca12c99f5ca4f404/screenshot - {}
RESULT: {}
RESULT: {}
COMMAND: POST /session/1820fae8a81a1c34ca12c99f5ca4f404/actions - {"actions":[{"id":"action40","type":"key","parameters":{},"actions":[{"type":"keyDown","value":""},{"type":"pause","duration":10},{"type":"keyUp","value":""}]}]}
RESULT: {"actions":[{"id":"action40","type":"key","parameters":{},"actions":[{"type":"keyDown","value":""},{"type":"pause","duration":10},{"type":"keyUp","value":""}]}]}
COMMAND: GET /session/1820fae8a81a1c34ca12c99f5ca4f404/screenshot - {}
COMMAND: POST /session/1820fae8a81a1c34ca12c99f5ca4f404/actions - {"actions":[{"id":"action41","type":"key","parameters":{},"actions":[{"type":"keyDown","value":""},{"type":"pause","duration":10},{"type":"keyUp","value":""}]}]}
RESULT: {}
RESULT: {"actions":[{"id":"action41","type":"key","parameters":{},"actions":[{"type":"keyDown","value":""},{"type":"pause","duration":10},{"type":"keyUp","value":""}]}]}
COMMAND: GET /session/1820fae8a81a1c34ca12c99f5ca4f404/screenshot - {}
RESULT: {}
COMMAND: POST /session/1820fae8a81a1c34ca12c99f5ca4f404/element - {"using":"xpath","value":"(//button[@data-kt=\"saveButton\"])[2]"}
RESULT: {"using":"xpath","value":"(//button[@data-kt=\"saveButton\"])[2]"}
COMMAND: POST /session/1820fae8a81a1c34ca12c99f5ca4f404/element/f.043615FDA099A6883ABDD55FCDA43E76.d.0B5EA2AC637C0136A3F0AC161010E9A4.e.7685/click - {}
RESULT: {}
COMMAND: GET /session/1820fae8a81a1c34ca12c99f5ca4f404/screenshot - {}
RESULT: {}
]]></system-out>
    </testcase>
    <testcase classname="chrome.136_0_7103_93.windows.Standard_contract_close-reopen_US111278" name="It should close the contract" time="22.768">
      <system-out><![CDATA[
RESULT: undefined
COMMAND: POST /session/1820fae8a81a1c34ca12c99f5ca4f404/element - {"using":"xpath","value":"//*[@id=\"__xmlview64--closeContractBtn\"]"}
RESULT: {"using":"xpath","value":"//*[@id=\"__xmlview64--closeContractBtn\"]"}
COMMAND: POST /session/1820fae8a81a1c34ca12c99f5ca4f404/element/f.043615FDA099A6883ABDD55FCDA43E76.d.0B5EA2AC637C0136A3F0AC161010E9A4.e.7581/click - {}
RESULT: {}
COMMAND: GET /session/1820fae8a81a1c34ca12c99f5ca4f404/screenshot - {}
RESULT: {}
COMMAND: POST /session/1820fae8a81a1c34ca12c99f5ca4f404/element - {"using":"xpath","value":"//span[contains(text(), \"Do you want to close the whole contract?\")]"}
RESULT: {"using":"xpath","value":"//span[contains(text(), \"Do you want to close the whole contract?\")]"}
COMMAND: POST /session/1820fae8a81a1c34ca12c99f5ca4f404/execute/sync - {"script":"<script> [8489 bytes]","args":[{"element-6066-11e4-a52e-4f735466cecf":"f.043615FDA099A6883ABDD55FCDA43E76.d.0B5EA2AC637C0136A3F0AC161010E9A4.e.7689","ELEMENT":"f.043615FDA099A6883ABDD55FCDA43E76.d.0B5EA2AC637C0136A3F0AC161010E9A4.e.7689"}]}
RESULT: {"script":"<script> [8489 bytes]","args":[{"element-6066-11e4-a52e-4f735466cecf":"f.043615FDA099A6883ABDD55FCDA43E76.d.0B5EA2AC637C0136A3F0AC161010E9A4.e.7689","ELEMENT":"f.043615FDA099A6883ABDD55FCDA43E76.d.0B5EA2AC637C0136A3F0AC161010E9A4.e.7689"}]}
COMMAND: POST /session/1820fae8a81a1c34ca12c99f5ca4f404/element - {"using":"xpath","value":"//bdi[contains(text(), \"OK\")]"}
COMMAND: GET /session/1820fae8a81a1c34ca12c99f5ca4f404/screenshot - {}
RESULT: {"using":"xpath","value":"//bdi[contains(text(), \"OK\")]"}
COMMAND: POST /session/1820fae8a81a1c34ca12c99f5ca4f404/element/f.043615FDA099A6883ABDD55FCDA43E76.d.0B5EA2AC637C0136A3F0AC161010E9A4.e.7690/click - {}
RESULT: {}
RESULT: {}
COMMAND: GET /session/1820fae8a81a1c34ca12c99f5ca4f404/screenshot - {}
RESULT: {}
COMMAND: POST /session/1820fae8a81a1c34ca12c99f5ca4f404/element - {"using":"xpath","value":"//input[contains(@id ,\"smartContractFilterBar-btnBasicSearch-I\")]"}
RESULT: {"using":"xpath","value":"//input[contains(@id ,\"smartContractFilterBar-btnBasicSearch-I\")]"}
COMMAND: POST /session/1820fae8a81a1c34ca12c99f5ca4f404/element/f.043615FDA099A6883ABDD55FCDA43E76.d.0B5EA2AC637C0136A3F0AC161010E9A4.e.7142/clear - {}
RESULT: {}
COMMAND: POST /session/1820fae8a81a1c34ca12c99f5ca4f404/element/f.043615FDA099A6883ABDD55FCDA43E76.d.0B5EA2AC637C0136A3F0AC161010E9A4.e.7142/value - {"text":"10490"}
COMMAND: GET /session/1820fae8a81a1c34ca12c99f5ca4f404/screenshot - {}
RESULT: {"text":"10490"}
COMMAND: POST /session/1820fae8a81a1c34ca12c99f5ca4f404/actions - {"actions":[{"id":"action42","type":"key","parameters":{},"actions":[{"type":"keyDown","value":""},{"type":"pause","duration":10},{"type":"keyUp","value":""}]}]}
COMMAND: GET /session/1820fae8a81a1c34ca12c99f5ca4f404/screenshot - {}
RESULT: {}
RESULT: {"actions":[{"id":"action42","type":"key","parameters":{},"actions":[{"type":"keyDown","value":""},{"type":"pause","duration":10},{"type":"keyUp","value":""}]}]}
COMMAND: GET /session/1820fae8a81a1c34ca12c99f5ca4f404/screenshot - {}
RESULT: {}
RESULT: {}
COMMAND: POST /session/1820fae8a81a1c34ca12c99f5ca4f404/execute/async - {"script":"<script> [1562 bytes]","args":[{"selector":{"controlType":"sap.ui.core.Icon","viewName":"etm.portal.ui.managecontracts.view.Master","properties":{"src":{"regex":{"source":"slim\\-arrow\\-right"}}}},"wdio_ui5_key":"etmportal.ui.managecontracts.view.Mastersap.ui.core.Icon{\"src\":{\"regex\":{\"source\":\"slim\\\\-arrow\\\\-right\"}}}"}]}
RESULT: {"script":"<script> [1562 bytes]","args":[{"selector":{"controlType":"sap.ui.core.Icon","viewName":"etm.portal.ui.managecontracts.view.Master","properties":{"src":{"regex":{"source":"slim\\-arrow\\-right"}}}},"wdio_ui5_key":"etmportal.ui.managecontracts.view.Mastersap.ui.core.Icon{\"src\":{\"regex\":{\"source\":\"slim\\\\-arrow\\\\-right\"}}}"}]}
RESULT: undefined
COMMAND: POST /session/1820fae8a81a1c34ca12c99f5ca4f404/element - {"using":"xpath","value":"//*[@id=\"__item126-__clone6713-imgNav\"]"}
RESULT: {"using":"xpath","value":"//*[@id=\"__item126-__clone6713-imgNav\"]"}
COMMAND: POST /session/1820fae8a81a1c34ca12c99f5ca4f404/element/f.043615FDA099A6883ABDD55FCDA43E76.d.0B5EA2AC637C0136A3F0AC161010E9A4.e.7860/click - {}
RESULT: {}
COMMAND: POST /session/1820fae8a81a1c34ca12c99f5ca4f404/execute/async - {"script":"<script> [1562 bytes]","args":[{"selector":{"controlType":"sap.m.ObjectStatus","viewName":"etm.portal.ui.managecontracts.view.Detail","bindingPath":{"propertyPath":"LINK_TO_LOGISTICAL_STATUS/DESCRIPTION","modelName":"catalogModel"}},"wdio_ui5_key":"etmportal.ui.managecontracts.view.Detailsap.m.ObjectStatus{\"propertyPath\":\"LINK_TO_LOGISTICAL_STATUS/DESCRIPTION\",\"modelName\":\"catalogModel\"}"}]}
COMMAND: GET /session/1820fae8a81a1c34ca12c99f5ca4f404/screenshot - {}
RESULT: {"script":"<script> [1562 bytes]","args":[{"selector":{"controlType":"sap.m.ObjectStatus","viewName":"etm.portal.ui.managecontracts.view.Detail","bindingPath":{"propertyPath":"LINK_TO_LOGISTICAL_STATUS/DESCRIPTION","modelName":"catalogModel"}},"wdio_ui5_key":"etmportal.ui.managecontracts.view.Detailsap.m.ObjectStatus{\"propertyPath\":\"LINK_TO_LOGISTICAL_STATUS/DESCRIPTION\",\"modelName\":\"catalogModel\"}"}]}
RESULT: undefined
COMMAND: POST /session/1820fae8a81a1c34ca12c99f5ca4f404/execute/async - {"script":"<script> [6424 bytes]","args":[{"element-6066-11e4-a52e-4f735466cecf":"f.043615FDA099A6883ABDD55FCDA43E76.d.0B5EA2AC637C0136A3F0AC161010E9A4.e.7898"},"getText",[]]}
RESULT: {}
RESULT: {"script":"<script> [6424 bytes]","args":[{"element-6066-11e4-a52e-4f735466cecf":"f.043615FDA099A6883ABDD55FCDA43E76.d.0B5EA2AC637C0136A3F0AC161010E9A4.e.7898"},"getText",[]]}
]]></system-out>
    </testcase>
    <testcase classname="chrome.136_0_7103_93.windows.Standard_contract_close-reopen_US111278" name="Should reopen the contract" time="10.317">
      <system-out><![CDATA[
COMMAND: POST /session/1820fae8a81a1c34ca12c99f5ca4f404/execute/async - {"script":"<script> [1562 bytes]","args":[{"selector":{"id":"openContractBtn","viewName":"etm.portal.ui.managecontracts.view.Detail"},"wdio_ui5_key":"openContractBtnetmportal.ui.managecontracts.view.Detail"}]}
RESULT: {"script":"<script> [1562 bytes]","args":[{"selector":{"id":"openContractBtn","viewName":"etm.portal.ui.managecontracts.view.Detail"},"wdio_ui5_key":"openContractBtnetmportal.ui.managecontracts.view.Detail"}]}
RESULT: undefined
COMMAND: POST /session/1820fae8a81a1c34ca12c99f5ca4f404/execute/async - {"script":"<script> [6424 bytes]","args":[{"element-6066-11e4-a52e-4f735466cecf":"f.043615FDA099A6883ABDD55FCDA43E76.d.0B5EA2AC637C0136A3F0AC161010E9A4.e.7889"},"getEnabled",[]]}
RESULT: {"script":"<script> [6424 bytes]","args":[{"element-6066-11e4-a52e-4f735466cecf":"f.043615FDA099A6883ABDD55FCDA43E76.d.0B5EA2AC637C0136A3F0AC161010E9A4.e.7889"},"getEnabled",[]]}
COMMAND: POST /session/1820fae8a81a1c34ca12c99f5ca4f404/element - {"using":"xpath","value":"//bdi[contains(text(), \"Edit\")]"}
RESULT: {"using":"xpath","value":"//bdi[contains(text(), \"Edit\")]"}
COMMAND: POST /session/1820fae8a81a1c34ca12c99f5ca4f404/element - {"using":"xpath","value":"//bdi[contains(text(), \"Edit\")]"}
RESULT: undefined
COMMAND: POST /session/1820fae8a81a1c34ca12c99f5ca4f404/element - {"using":"xpath","value":"//*[@id=\"__xmlview64--openContractBtn\"]"}
RESULT: {"using":"xpath","value":"//bdi[contains(text(), \"Edit\")]"}
RESULT: {"using":"xpath","value":"//*[@id=\"__xmlview64--openContractBtn\"]"}
COMMAND: POST /session/1820fae8a81a1c34ca12c99f5ca4f404/element/f.043615FDA099A6883ABDD55FCDA43E76.d.0B5EA2AC637C0136A3F0AC161010E9A4.e.7889/click - {}
RESULT: {}
COMMAND: POST /session/1820fae8a81a1c34ca12c99f5ca4f404/execute/async - {"script":"<script> [1562 bytes]","args":[{"selector":{"controlType":"sap.m.Text","properties":{"text":"Contract has been reopened successfully"},"searchOpenDialogs":true},"wdio_ui5_key":"sapm.Text{\"text\":\"Contract has been reopened successfully\"}"}]}
COMMAND: GET /session/1820fae8a81a1c34ca12c99f5ca4f404/screenshot - {}
RESULT: {"script":"<script> [1562 bytes]","args":[{"selector":{"controlType":"sap.m.Text","properties":{"text":"Contract has been reopened successfully"},"searchOpenDialogs":true},"wdio_ui5_key":"sapm.Text{\"text\":\"Contract has been reopened successfully\"}"}]}
RESULT: undefined
COMMAND: POST /session/1820fae8a81a1c34ca12c99f5ca4f404/execute/async - {"script":"<script> [6424 bytes]","args":[{"element-6066-11e4-a52e-4f735466cecf":"f.043615FDA099A6883ABDD55FCDA43E76.d.0B5EA2AC637C0136A3F0AC161010E9A4.e.7901"},"getText",[]]}
RESULT: {}
RESULT: {"script":"<script> [6424 bytes]","args":[{"element-6066-11e4-a52e-4f735466cecf":"f.043615FDA099A6883ABDD55FCDA43E76.d.0B5EA2AC637C0136A3F0AC161010E9A4.e.7901"},"getText",[]]}
COMMAND: POST /session/1820fae8a81a1c34ca12c99f5ca4f404/element - {"using":"xpath","value":"//bdi[contains(text(), \"OK\")]"}
RESULT: {"using":"xpath","value":"//bdi[contains(text(), \"OK\")]"}
COMMAND: POST /session/1820fae8a81a1c34ca12c99f5ca4f404/element/f.043615FDA099A6883ABDD55FCDA43E76.d.0B5EA2AC637C0136A3F0AC161010E9A4.e.7902/click - {}
RESULT: {}
COMMAND: GET /session/1820fae8a81a1c34ca12c99f5ca4f404/screenshot - {}
RESULT: {}
COMMAND: POST /session/1820fae8a81a1c34ca12c99f5ca4f404/element - {"using":"xpath","value":"//bdi[contains(text(), \"Edit\")]"}
RESULT: undefined
COMMAND: POST /session/1820fae8a81a1c34ca12c99f5ca4f404/execute/async - {"script":"<script> [6424 bytes]","args":[{"element-6066-11e4-a52e-4f735466cecf":"f.043615FDA099A6883ABDD55FCDA43E76.d.0B5EA2AC637C0136A3F0AC161010E9A4.e.7581"},"getEnabled",[]]}
RESULT: {"using":"xpath","value":"//bdi[contains(text(), \"Edit\")]"}
COMMAND: POST /session/1820fae8a81a1c34ca12c99f5ca4f404/execute/sync - {"script":"<script> [8489 bytes]","args":[{"element-6066-11e4-a52e-4f735466cecf":"f.043615FDA099A6883ABDD55FCDA43E76.d.0B5EA2AC637C0136A3F0AC161010E9A4.e.7903","ELEMENT":"f.043615FDA099A6883ABDD55FCDA43E76.d.0B5EA2AC637C0136A3F0AC161010E9A4.e.7903"}]}
COMMAND: POST /session/1820fae8a81a1c34ca12c99f5ca4f404/execute/async - {"script":"<script> [1562 bytes]","args":[{"selector":{"id":"closeContractBtn","viewName":"etm.portal.ui.managecontracts.view.Detail"},"wdio_ui5_key":"closeContractBtnetmportal.ui.managecontracts.view.Detail"}]}
RESULT: {"script":"<script> [8489 bytes]","args":[{"element-6066-11e4-a52e-4f735466cecf":"f.043615FDA099A6883ABDD55FCDA43E76.d.0B5EA2AC637C0136A3F0AC161010E9A4.e.7903","ELEMENT":"f.043615FDA099A6883ABDD55FCDA43E76.d.0B5EA2AC637C0136A3F0AC161010E9A4.e.7903"}]}
COMMAND: GET /session/1820fae8a81a1c34ca12c99f5ca4f404/screenshot - {}
RESULT: {"script":"<script> [1562 bytes]","args":[{"selector":{"id":"closeContractBtn","viewName":"etm.portal.ui.managecontracts.view.Detail"},"wdio_ui5_key":"closeContractBtnetmportal.ui.managecontracts.view.Detail"}]}
COMMAND: POST /session/1820fae8a81a1c34ca12c99f5ca4f404/execute/async - {"script":"<script> [6424 bytes]","args":[{"element-6066-11e4-a52e-4f735466cecf":"f.043615FDA099A6883ABDD55FCDA43E76.d.0B5EA2AC637C0136A3F0AC161010E9A4.e.7904"},"getEnabled",[]]}
RESULT: {}
RESULT: {"script":"<script> [6424 bytes]","args":[{"element-6066-11e4-a52e-4f735466cecf":"f.043615FDA099A6883ABDD55FCDA43E76.d.0B5EA2AC637C0136A3F0AC161010E9A4.e.7904"},"getEnabled",[]]}
]]></system-out>
    </testcase>
    <testcase classname="chrome.136_0_7103_93.windows.Standard_contract_close-reopen_US111278" name="Should verify for multiple statuses that open button is not visible" time="80.079">
      <system-out><![CDATA[
COMMAND: POST /session/1820fae8a81a1c34ca12c99f5ca4f404/execute/async - {"script":"<script> [1562 bytes]","args":[{"selector":{"controlType":"sap.ui.core.Icon","viewName":"etm.portal.ui.managecontracts.view.Detail","properties":{"src":{"regex":{"source":"decline"}}}},"wdio_ui5_key":"etmportal.ui.managecontracts.view.Detailsap.ui.core.Icon{\"src\":{\"regex\":{\"source\":\"decline\"}}}"}]}
RESULT: {"script":"<script> [1562 bytes]","args":[{"selector":{"controlType":"sap.ui.core.Icon","viewName":"etm.portal.ui.managecontracts.view.Detail","properties":{"src":{"regex":{"source":"decline"}}}},"wdio_ui5_key":"etmportal.ui.managecontracts.view.Detailsap.ui.core.Icon{\"src\":{\"regex\":{\"source\":\"decline\"}}}"}]}
RESULT: undefined
COMMAND: POST /session/1820fae8a81a1c34ca12c99f5ca4f404/element - {"using":"xpath","value":"//*[@id=\"__xmlview64--closeColumnBtn-img\"]"}
RESULT: {"using":"xpath","value":"//*[@id=\"__xmlview64--closeColumnBtn-img\"]"}
COMMAND: POST /session/1820fae8a81a1c34ca12c99f5ca4f404/element/f.043615FDA099A6883ABDD55FCDA43E76.d.0B5EA2AC637C0136A3F0AC161010E9A4.e.7882/click - {}
RESULT: {}
COMMAND: GET /session/1820fae8a81a1c34ca12c99f5ca4f404/screenshot - {}
COMMAND: POST /session/1820fae8a81a1c34ca12c99f5ca4f404/element - {"using":"xpath","value":"//div[contains(@id ,\"smartContractFilterBar-btnBasicSearch-reset\")]"}
RESULT: {}
RESULT: {"using":"xpath","value":"//div[contains(@id ,\"smartContractFilterBar-btnBasicSearch-reset\")]"}
COMMAND: POST /session/1820fae8a81a1c34ca12c99f5ca4f404/element/f.043615FDA099A6883ABDD55FCDA43E76.d.0B5EA2AC637C0136A3F0AC161010E9A4.e.7912/click - {}
RESULT: {}
COMMAND: GET /session/1820fae8a81a1c34ca12c99f5ca4f404/screenshot - {}
COMMAND: POST /session/1820fae8a81a1c34ca12c99f5ca4f404/execute/async - {"script":"<script> [1562 bytes]","args":[{"selector":{"controlType":"sap.ui.core.Icon","viewName":"etm.portal.ui.managecontracts.view.Master","properties":{"src":{"regex":{"source":"slim\\-arrow\\-down"}}},"ancestor":{"id":"smartContractStatusFilter","viewName":"etm.portal.ui.managecontracts.view.Master"}},"wdio_ui5_key":"etmportal.ui.managecontracts.view.Mastersap.ui.core.Icon{\"src\":{\"regex\":{\"source\":\"slim\\\\-arrow\\\\-down\"}}}{\"id\":\"smartContractStatusFilter\",\"viewName\":\"etm.portal.ui.managecontracts.view.Master\"}"}]}
RESULT: {}
RESULT: {"script":"<script> [1562 bytes]","args":[{"selector":{"controlType":"sap.ui.core.Icon","viewName":"etm.portal.ui.managecontracts.view.Master","properties":{"src":{"regex":{"source":"slim\\-arrow\\-down"}}},"ancestor":{"id":"smartContractStatusFilter","viewName":"etm.portal.ui.managecontracts.view.Master"}},"wdio_ui5_key":"etmportal.ui.managecontracts.view.Mastersap.ui.core.Icon{\"src\":{\"regex\":{\"source\":\"slim\\\\-arrow\\\\-down\"}}}{\"id\":\"smartContractStatusFilter\",\"viewName\":\"etm.portal.ui.managecontracts.view.Master\"}"}]}
RESULT: undefined
COMMAND: POST /session/1820fae8a81a1c34ca12c99f5ca4f404/element - {"using":"xpath","value":"//*[@id=\"__xmlview63--smartContractStatusFilter-arrow\"]"}
RESULT: {"using":"xpath","value":"//*[@id=\"__xmlview63--smartContractStatusFilter-arrow\"]"}
COMMAND: POST /session/1820fae8a81a1c34ca12c99f5ca4f404/element/f.043615FDA099A6883ABDD55FCDA43E76.d.0B5EA2AC637C0136A3F0AC161010E9A4.e.7952/click - {}
RESULT: {}
COMMAND: POST /session/1820fae8a81a1c34ca12c99f5ca4f404/execute/async - {"script":"<script> [1562 bytes]","args":[{"selector":{"controlType":"sap.m.CheckBox","viewName":"etm.portal.ui.managecontracts.view.Master","properties":{"editable":true},"searchOpenDialogs":true,"ancestor":{"controlType":"sap.m.StandardListItem","viewName":"etm.portal.ui.managecontracts.view.Master","properties":{"title":"partial provided"},"searchOpenDialogs":true},"interaction":{"idSuffix":"CbBg"}},"wdio_ui5_key":"etmportal.ui.managecontracts.view.Mastersap.m.CheckBox{\"editable\":true}{\"controlType\":\"sap.m.StandardListItem\",\"viewName\":\"etm.portal.ui.managecontracts.view.Master\",\"properties\":{\"title\":\"partial provided\"},\"searchOpenDialogs\":true}"}]}
COMMAND: GET /session/1820fae8a81a1c34ca12c99f5ca4f404/screenshot - {}
RESULT: {"script":"<script> [1562 bytes]","args":[{"selector":{"controlType":"sap.m.CheckBox","viewName":"etm.portal.ui.managecontracts.view.Master","properties":{"editable":true},"searchOpenDialogs":true,"ancestor":{"controlType":"sap.m.StandardListItem","viewName":"etm.portal.ui.managecontracts.view.Master","properties":{"title":"partial provided"},"searchOpenDialogs":true},"interaction":{"idSuffix":"CbBg"}},"wdio_ui5_key":"etmportal.ui.managecontracts.view.Mastersap.m.CheckBox{\"editable\":true}{\"controlType\":\"sap.m.StandardListItem\",\"viewName\":\"etm.portal.ui.managecontracts.view.Master\",\"properties\":{\"title\":\"partial provided\"},\"searchOpenDialogs\":true}"}]}
RESULT: undefined
COMMAND: POST /session/1820fae8a81a1c34ca12c99f5ca4f404/element - {"using":"xpath","value":"//*[@id=\"__item2205-selectMulti\"]"}
RESULT: {}
RESULT: {"using":"xpath","value":"//*[@id=\"__item2205-selectMulti\"]"}
COMMAND: POST /session/1820fae8a81a1c34ca12c99f5ca4f404/element/f.043615FDA099A6883ABDD55FCDA43E76.d.0B5EA2AC637C0136A3F0AC161010E9A4.e.7961/click - {}
RESULT: {}
COMMAND: GET /session/1820fae8a81a1c34ca12c99f5ca4f404/screenshot - {}
RESULT: {}
COMMAND: POST /session/1820fae8a81a1c34ca12c99f5ca4f404/element - {"using":"xpath","value":"(//span[contains(@title ,\"Navigation\")])[2]"}
RESULT: {"using":"xpath","value":"(//span[contains(@title ,\"Navigation\")])[2]"}
COMMAND: POST /session/1820fae8a81a1c34ca12c99f5ca4f404/element/f.043615FDA099A6883ABDD55FCDA43E76.d.0B5EA2AC637C0136A3F0AC161010E9A4.e.7991/click - {}
RESULT: {}
COMMAND: GET /session/1820fae8a81a1c34ca12c99f5ca4f404/screenshot - {}
RESULT: {}
COMMAND: POST /session/1820fae8a81a1c34ca12c99f5ca4f404/element - {"using":"xpath","value":"//bdi[contains(@id ,\"closeContractBtn-BDI-content\")]"}
RESULT: {"using":"xpath","value":"//bdi[contains(@id ,\"closeContractBtn-BDI-content\")]"}
COMMAND: POST /session/1820fae8a81a1c34ca12c99f5ca4f404/execute/sync - {"script":"<script> [8489 bytes]","args":[{"element-6066-11e4-a52e-4f735466cecf":"f.043615FDA099A6883ABDD55FCDA43E76.d.0B5EA2AC637C0136A3F0AC161010E9A4.e.8179","ELEMENT":"f.043615FDA099A6883ABDD55FCDA43E76.d.0B5EA2AC637C0136A3F0AC161010E9A4.e.8179"}]}
RESULT: undefined
COMMAND: POST /session/1820fae8a81a1c34ca12c99f5ca4f404/element - {"using":"xpath","value":"//*[@id=\"__xmlview64--closeColumnBtn-img\"]"}
RESULT: {"script":"<script> [8489 bytes]","args":[{"element-6066-11e4-a52e-4f735466cecf":"f.043615FDA099A6883ABDD55FCDA43E76.d.0B5EA2AC637C0136A3F0AC161010E9A4.e.8179","ELEMENT":"f.043615FDA099A6883ABDD55FCDA43E76.d.0B5EA2AC637C0136A3F0AC161010E9A4.e.8179"}]}
COMMAND: GET /session/1820fae8a81a1c34ca12c99f5ca4f404/screenshot - {}
RESULT: {"using":"xpath","value":"//*[@id=\"__xmlview64--closeColumnBtn-img\"]"}
COMMAND: POST /session/1820fae8a81a1c34ca12c99f5ca4f404/element/f.043615FDA099A6883ABDD55FCDA43E76.d.0B5EA2AC637C0136A3F0AC161010E9A4.e.7882/click - {}
RESULT: {}
COMMAND: POST /session/1820fae8a81a1c34ca12c99f5ca4f404/execute/sync - {"script":"<script> [8489 bytes]","args":[{"element-6066-11e4-a52e-4f735466cecf":"f.043615FDA099A6883ABDD55FCDA43E76.d.0B5EA2AC637C0136A3F0AC161010E9A4.e.8179","ELEMENT":"f.043615FDA099A6883ABDD55FCDA43E76.d.0B5EA2AC637C0136A3F0AC161010E9A4.e.8179"}]}
RESULT: {}
COMMAND: GET /session/1820fae8a81a1c34ca12c99f5ca4f404/screenshot - {}
RESULT: {"script":"<script> [8489 bytes]","args":[{"element-6066-11e4-a52e-4f735466cecf":"f.043615FDA099A6883ABDD55FCDA43E76.d.0B5EA2AC637C0136A3F0AC161010E9A4.e.8179","ELEMENT":"f.043615FDA099A6883ABDD55FCDA43E76.d.0B5EA2AC637C0136A3F0AC161010E9A4.e.8179"}]}
COMMAND: GET /session/1820fae8a81a1c34ca12c99f5ca4f404/screenshot - {}
COMMAND: POST /session/1820fae8a81a1c34ca12c99f5ca4f404/execute/sync - {"script":"<script> [8489 bytes]","args":[{"element-6066-11e4-a52e-4f735466cecf":"f.043615FDA099A6883ABDD55FCDA43E76.d.0B5EA2AC637C0136A3F0AC161010E9A4.e.8179","ELEMENT":"f.043615FDA099A6883ABDD55FCDA43E76.d.0B5EA2AC637C0136A3F0AC161010E9A4.e.8179"}]}
COMMAND: POST /session/1820fae8a81a1c34ca12c99f5ca4f404/refresh - {}
RESULT: {}
RESULT: {}
RESULT: {"script":"<script> [8489 bytes]","args":[{"element-6066-11e4-a52e-4f735466cecf":"f.043615FDA099A6883ABDD55FCDA43E76.d.0B5EA2AC637C0136A3F0AC161010E9A4.e.8179","ELEMENT":"f.043615FDA099A6883ABDD55FCDA43E76.d.0B5EA2AC637C0136A3F0AC161010E9A4.e.8179"}]}
COMMAND: GET /session/1820fae8a81a1c34ca12c99f5ca4f404/screenshot - {}
RESULT: {}
COMMAND: GET /session/1820fae8a81a1c34ca12c99f5ca4f404/screenshot - {}
RESULT: {}
RESULT: {}
COMMAND: POST /session/1820fae8a81a1c34ca12c99f5ca4f404/execute/async - {"script":"<script> [189 bytes]","args":[]}
RESULT: {"script":"<script> [189 bytes]","args":[]}
COMMAND: POST /session/1820fae8a81a1c34ca12c99f5ca4f404/execute/async - {"script":"<script> [123 bytes]","args":[]}
RESULT: {"script":"<script> [123 bytes]","args":[]}
COMMAND: POST /session/1820fae8a81a1c34ca12c99f5ca4f404/timeouts - {"script":"<number>"}
RESULT: {"script":"<number>"}
COMMAND: GET /session/1820fae8a81a1c34ca12c99f5ca4f404/timeouts - {}
RESULT: {}
RESULT: undefined
COMMAND: POST /session/1820fae8a81a1c34ca12c99f5ca4f404/execute/async - {"script":"<script> [2676 bytes]","args":[]}
RESULT: {"script":"<script> [2676 bytes]","args":[]}
COMMAND: POST /session/1820fae8a81a1c34ca12c99f5ca4f404/execute/async - {"script":"<script> [2342 bytes]","args":[{"protocol":"http","hostname":"0.0.0.0","path":"/","capabilities":{"browserName":"chrome","goog:chromeOptions":{"binary":"C:\\Program Files\\Google\\Chrome\\Application\\chrome.exe","args":["--start-maximized"]}},"logLevel":"warn","connectionRetryTimeout":120000,"connectionRetryCount":3,"logLevels":{},"enableDirectConnect":true,"strictSSL":true,"_":"65 more keys: [\"cacheDir\",\"port\",\"requestedCapabilities\",\"automationProtocol\",\"baseUrl\",\"waitforInterval\",\"waitforTimeout\",\"onReload\",\"beforeCommand\",\"afterCommand\",\"rootDir\",\"specs\",\"suites\",\"exclude\",\"groupLogsByTestSpec\",\"excludeDriverLogs\",\"bail\",\"framework\",\"reporters\",\"services\",\"maxInstances\",\"maxInstancesPerCapability\",\"injectGlobals\",\"filesToWatch\",\"execArgv\",\"runnerEnv\",\"runner\",\"shard\",\"specFileRetries\",\"specFileRetriesDelay\",\"specFileRetriesDeferred\",\"reporterSyncInterval\",\"reporterSyncTimeout\",\"cucumberFeaturesWithLineNumbers\",\"autoCompileOpts\",\"mochaOpts\",\"jasmineOpts\",\"cucumberOpts\",\"onPrepare\",\"onWorkerStart\",\"onWorkerEnd\",\"before\",\"beforeSession\",\"beforeSuite\",\"beforeHook\",\"beforeTest\",\"afterTest\",\"afterHook\",\"afterSuite\",\"afterSession\",\"after\",\"onComplete\",\"beforeAssertion\",\"afterAssertion\",\"beforeFeature\",\"beforeScenario\",\"beforeStep\",\"afterStep\",\"afterScenario\",\"afterFeature\",\"_\",\"suite\",\"$0\",\"ignoredWorkerServices\",\"wdi5\"]"}]}
RESULT: {"script":"<script> [2342 bytes]","args":[{"protocol":"http","hostname":"0.0.0.0","path":"/","capabilities":{"browserName":"chrome","goog:chromeOptions":{"binary":"C:\\Program Files\\Google\\Chrome\\Application\\chrome.exe","args":["--start-maximized"]}},"logLevel":"warn","connectionRetryTimeout":120000,"connectionRetryCount":3,"logLevels":{},"enableDirectConnect":true,"strictSSL":true,"_":"65 more keys: [\"cacheDir\",\"port\",\"requestedCapabilities\",\"automationProtocol\",\"baseUrl\",\"waitforInterval\",\"waitforTimeout\",\"onReload\",\"beforeCommand\",\"afterCommand\",\"rootDir\",\"specs\",\"suites\",\"exclude\",\"groupLogsByTestSpec\",\"excludeDriverLogs\",\"bail\",\"framework\",\"reporters\",\"services\",\"maxInstances\",\"maxInstancesPerCapability\",\"injectGlobals\",\"filesToWatch\",\"execArgv\",\"runnerEnv\",\"runner\",\"shard\",\"specFileRetries\",\"specFileRetriesDelay\",\"specFileRetriesDeferred\",\"reporterSyncInterval\",\"reporterSyncTimeout\",\"cucumberFeaturesWithLineNumbers\",\"autoCompileOpts\",\"mochaOpts\",\"jasmineOpts\",\"cucumberOpts\",\"onPrepare\",\"onWorkerStart\",\"onWorkerEnd\",\"before\",\"beforeSession\",\"beforeSuite\",\"beforeHook\",\"beforeTest\",\"afterTest\",\"afterHook\",\"afterSuite\",\"afterSession\",\"after\",\"onComplete\",\"beforeAssertion\",\"afterAssertion\",\"beforeFeature\",\"beforeScenario\",\"beforeStep\",\"afterStep\",\"afterScenario\",\"afterFeature\",\"_\",\"suite\",\"$0\",\"ignoredWorkerServices\",\"wdi5\"]"}]}
COMMAND: POST /session/1820fae8a81a1c34ca12c99f5ca4f404/execute/async - {"script":"<script> [21126 bytes]","args":[35000]}
RESULT: {"script":"<script> [21126 bytes]","args":[35000]}
COMMAND: POST /session/1820fae8a81a1c34ca12c99f5ca4f404/execute/async - {"script":"<script> [1562 bytes]","args":[{"selector":{"controlType":"sap.ui.core.Icon","viewName":"etm.portal.ui.managecontracts.view.Master","properties":{"src":{"regex":{"source":"slim\\-arrow\\-down"}}},"ancestor":{"id":"smartContractStatusFilter","viewName":"etm.portal.ui.managecontracts.view.Master"}},"wdio_ui5_key":"etmportal.ui.managecontracts.view.Mastersap.ui.core.Icon{\"src\":{\"regex\":{\"source\":\"slim\\\\-arrow\\\\-down\"}}}{\"id\":\"smartContractStatusFilter\",\"viewName\":\"etm.portal.ui.managecontracts.view.Master\"}"}]}
RESULT: {"script":"<script> [1562 bytes]","args":[{"selector":{"controlType":"sap.ui.core.Icon","viewName":"etm.portal.ui.managecontracts.view.Master","properties":{"src":{"regex":{"source":"slim\\-arrow\\-down"}}},"ancestor":{"id":"smartContractStatusFilter","viewName":"etm.portal.ui.managecontracts.view.Master"}},"wdio_ui5_key":"etmportal.ui.managecontracts.view.Mastersap.ui.core.Icon{\"src\":{\"regex\":{\"source\":\"slim\\\\-arrow\\\\-down\"}}}{\"id\":\"smartContractStatusFilter\",\"viewName\":\"etm.portal.ui.managecontracts.view.Master\"}"}]}
RESULT: undefined
COMMAND: POST /session/1820fae8a81a1c34ca12c99f5ca4f404/element - {"using":"xpath","value":"//*[@id=\"__xmlview0--smartContractStatusFilter-arrow\"]"}
RESULT: {"using":"xpath","value":"//*[@id=\"__xmlview0--smartContractStatusFilter-arrow\"]"}
COMMAND: POST /session/1820fae8a81a1c34ca12c99f5ca4f404/element/f.043615FDA099A6883ABDD55FCDA43E76.d.5C70645DAFB91A47223683F8649B289F.e.8362/click - {}
RESULT: {}
COMMAND: GET /session/1820fae8a81a1c34ca12c99f5ca4f404/screenshot - {}
RESULT: {}
COMMAND: POST /session/1820fae8a81a1c34ca12c99f5ca4f404/execute/async - {"script":"<script> [1562 bytes]","args":[{"selector":{"controlType":"sap.m.CheckBox","viewName":"etm.portal.ui.managecontracts.view.Master","properties":{"editable":true},"searchOpenDialogs":true,"ancestor":{"controlType":"sap.m.StandardListItem","viewName":"etm.portal.ui.managecontracts.view.Master","properties":{"title":"partial billed"},"searchOpenDialogs":true},"interaction":{"idSuffix":"CbBg"}},"wdio_ui5_key":"etmportal.ui.managecontracts.view.Mastersap.m.CheckBox{\"editable\":true}{\"controlType\":\"sap.m.StandardListItem\",\"viewName\":\"etm.portal.ui.managecontracts.view.Master\",\"properties\":{\"title\":\"partial billed\"},\"searchOpenDialogs\":true}"}]}
RESULT: {"script":"<script> [1562 bytes]","args":[{"selector":{"controlType":"sap.m.CheckBox","viewName":"etm.portal.ui.managecontracts.view.Master","properties":{"editable":true},"searchOpenDialogs":true,"ancestor":{"controlType":"sap.m.StandardListItem","viewName":"etm.portal.ui.managecontracts.view.Master","properties":{"title":"partial billed"},"searchOpenDialogs":true},"interaction":{"idSuffix":"CbBg"}},"wdio_ui5_key":"etmportal.ui.managecontracts.view.Mastersap.m.CheckBox{\"editable\":true}{\"controlType\":\"sap.m.StandardListItem\",\"viewName\":\"etm.portal.ui.managecontracts.view.Master\",\"properties\":{\"title\":\"partial billed\"},\"searchOpenDialogs\":true}"}]}
RESULT: undefined
COMMAND: POST /session/1820fae8a81a1c34ca12c99f5ca4f404/element - {"using":"xpath","value":"//*[@id=\"__item41-selectMulti\"]"}
RESULT: {"using":"xpath","value":"//*[@id=\"__item41-selectMulti\"]"}
COMMAND: POST /session/1820fae8a81a1c34ca12c99f5ca4f404/element/f.043615FDA099A6883ABDD55FCDA43E76.d.5C70645DAFB91A47223683F8649B289F.e.8371/click - {}
RESULT: {}
COMMAND: GET /session/1820fae8a81a1c34ca12c99f5ca4f404/screenshot - {}
RESULT: {}
COMMAND: POST /session/1820fae8a81a1c34ca12c99f5ca4f404/element - {"using":"xpath","value":"(//span[contains(@title ,\"Navigation\")])[2]"}
RESULT: {"using":"xpath","value":"(//span[contains(@title ,\"Navigation\")])[2]"}
COMMAND: POST /session/1820fae8a81a1c34ca12c99f5ca4f404/element/f.043615FDA099A6883ABDD55FCDA43E76.d.5C70645DAFB91A47223683F8649B289F.e.8408/click - {}
RESULT: {}
COMMAND: GET /session/1820fae8a81a1c34ca12c99f5ca4f404/screenshot - {}
RESULT: {}
COMMAND: POST /session/1820fae8a81a1c34ca12c99f5ca4f404/execute/sync - {"script":"<script> [8489 bytes]","args":[{"element-6066-11e4-a52e-4f735466cecf":"f.043615FDA099A6883ABDD55FCDA43E76.d.0B5EA2AC637C0136A3F0AC161010E9A4.e.8179","ELEMENT":"f.043615FDA099A6883ABDD55FCDA43E76.d.0B5EA2AC637C0136A3F0AC161010E9A4.e.8179"}]}
COMMAND: POST /session/1820fae8a81a1c34ca12c99f5ca4f404/element - {"using":"css selector","value":"#shell-header-logo"}
COMMAND: POST /session/1820fae8a81a1c34ca12c99f5ca4f404/element - {"using":"xpath","value":"//bdi[contains(@id ,\"closeContractBtn-BDI-content\")]"}
RESULT: {"using":"css selector","value":"#shell-header-logo"}
COMMAND: POST /session/1820fae8a81a1c34ca12c99f5ca4f404/element/f.043615FDA099A6883ABDD55FCDA43E76.d.5C70645DAFB91A47223683F8649B289F.e.8325/click - {}
RESULT: {"using":"xpath","value":"//bdi[contains(@id ,\"closeContractBtn-BDI-content\")]"}
COMMAND: POST /session/1820fae8a81a1c34ca12c99f5ca4f404/element - {"using":"xpath","value":"//bdi[contains(@id ,\"closeContractBtn-BDI-content\")]"}
RESULT: {"using":"xpath","value":"//bdi[contains(@id ,\"closeContractBtn-BDI-content\")]"}
RESULT: {}
COMMAND: GET /session/1820fae8a81a1c34ca12c99f5ca4f404/screenshot - {}
RESULT: {}
]]></system-out>
    </testcase>
  </testsuite>
  <testsuite timestamp="2025-05-21T18:12:42" time="61.454" tests="1" failures="0" errors="0" skipped="0">
    <properties>
      <property name="specId" value="0"/>
      <property name="suiteName" value="Standard contract decline US151279"/>
      <property name="capabilities" value="chrome.136_0_7103_93.windows"/>
      <property name="file" value="file:///D:/a/1/s/test/specs/R2C/standard-contract-decline.spec.js"/>
    </properties>
    <testcase classname="chrome.136_0_7103_93.windows.Standard_contract_decline_US151279" name="Should decline a contract" time="56.928">
      <system-out><![CDATA[
COMMAND: POST /session/1820fae8a81a1c34ca12c99f5ca4f404/execute/async - {"script":"<script> [1562 bytes]","args":[{"selector":{"controlType":"sap.m.GenericTile","properties":{"header":"Manage Contracts"}},"wdio_ui5_key":"sapm.GenericTile{\"header\":\"Manage Contracts\"}"}]}
RESULT: {"script":"<script> [1562 bytes]","args":[{"selector":{"controlType":"sap.m.GenericTile","properties":{"header":"Manage Contracts"}},"wdio_ui5_key":"sapm.GenericTile{\"header\":\"Manage Contracts\"}"}]}
RESULT: undefined
COMMAND: POST /session/1820fae8a81a1c34ca12c99f5ca4f404/element - {"using":"xpath","value":"//*[@id=\"__tile130\"]"}
RESULT: {"using":"xpath","value":"//*[@id=\"__tile130\"]"}
COMMAND: POST /session/1820fae8a81a1c34ca12c99f5ca4f404/element/f.043615FDA099A6883ABDD55FCDA43E76.d.5C70645DAFB91A47223683F8649B289F.e.8784/click - {}
COMMAND: POST /session/1820fae8a81a1c34ca12c99f5ca4f404/element - {"using":"xpath","value":"//input[contains(@id ,\"smartContractFilterBar-btnBasicSearch-I\")]"}
RESULT: {}
COMMAND: GET /session/1820fae8a81a1c34ca12c99f5ca4f404/screenshot - {}
RESULT: {"using":"xpath","value":"//input[contains(@id ,\"smartContractFilterBar-btnBasicSearch-I\")]"}
COMMAND: POST /session/1820fae8a81a1c34ca12c99f5ca4f404/elements - {"using":"xpath","value":"//input[contains(@id ,\"smartContractFilterBar-btnBasicSearch-I\")]"}
RESULT: {}
RESULT: {"using":"xpath","value":"//input[contains(@id ,\"smartContractFilterBar-btnBasicSearch-I\")]"}
COMMAND: POST /session/1820fae8a81a1c34ca12c99f5ca4f404/element - {"using":"xpath","value":"//input[contains(@id ,\"smartContractFilterBar-btnBasicSearch-I\")]"}
RESULT: {"using":"xpath","value":"//input[contains(@id ,\"smartContractFilterBar-btnBasicSearch-I\")]"}
COMMAND: POST /session/1820fae8a81a1c34ca12c99f5ca4f404/element/f.043615FDA099A6883ABDD55FCDA43E76.d.5C70645DAFB91A47223683F8649B289F.e.8795/clear - {}
RESULT: {}
COMMAND: POST /session/1820fae8a81a1c34ca12c99f5ca4f404/element/f.043615FDA099A6883ABDD55FCDA43E76.d.5C70645DAFB91A47223683F8649B289F.e.8795/value - {"text":"10490"}
COMMAND: GET /session/1820fae8a81a1c34ca12c99f5ca4f404/screenshot - {}
RESULT: {"text":"10490"}
COMMAND: POST /session/1820fae8a81a1c34ca12c99f5ca4f404/actions - {"actions":[{"id":"action43","type":"key","parameters":{},"actions":[{"type":"keyDown","value":""},{"type":"pause","duration":10},{"type":"keyUp","value":""}]}]}
COMMAND: GET /session/1820fae8a81a1c34ca12c99f5ca4f404/screenshot - {}
RESULT: {}
RESULT: {"actions":[{"id":"action43","type":"key","parameters":{},"actions":[{"type":"keyDown","value":""},{"type":"pause","duration":10},{"type":"keyUp","value":""}]}]}
COMMAND: GET /session/1820fae8a81a1c34ca12c99f5ca4f404/screenshot - {}
RESULT: {}
RESULT: {}
COMMAND: POST /session/1820fae8a81a1c34ca12c99f5ca4f404/elements - {"using":"xpath","value":"//span[text()='Error']"}
RESULT: {"using":"xpath","value":"//span[text()='Error']"}
COMMAND: POST /session/1820fae8a81a1c34ca12c99f5ca4f404/execute/async - {"script":"<script> [1562 bytes]","args":[{"selector":{"controlType":"sap.ui.core.Icon","viewName":"etm.portal.ui.managecontracts.view.Master","properties":{"src":{"regex":{"source":"slim\\-arrow\\-right"}}}},"wdio_ui5_key":"etmportal.ui.managecontracts.view.Mastersap.ui.core.Icon{\"src\":{\"regex\":{\"source\":\"slim\\\\-arrow\\\\-right\"}}}"}]}
RESULT: {"script":"<script> [1562 bytes]","args":[{"selector":{"controlType":"sap.ui.core.Icon","viewName":"etm.portal.ui.managecontracts.view.Master","properties":{"src":{"regex":{"source":"slim\\-arrow\\-right"}}}},"wdio_ui5_key":"etmportal.ui.managecontracts.view.Mastersap.ui.core.Icon{\"src\":{\"regex\":{\"source\":\"slim\\\\-arrow\\\\-right\"}}}"}]}
RESULT: undefined
COMMAND: POST /session/1820fae8a81a1c34ca12c99f5ca4f404/element - {"using":"xpath","value":"//*[@id=\"__item77-__clone228-imgNav\"]"}
RESULT: {"using":"xpath","value":"//*[@id=\"__item77-__clone228-imgNav\"]"}
COMMAND: POST /session/1820fae8a81a1c34ca12c99f5ca4f404/element/f.043615FDA099A6883ABDD55FCDA43E76.d.5C70645DAFB91A47223683F8649B289F.e.8883/click - {}
RESULT: {}
COMMAND: GET /session/1820fae8a81a1c34ca12c99f5ca4f404/screenshot - {}
RESULT: {}
COMMAND: POST /session/1820fae8a81a1c34ca12c99f5ca4f404/execute/async - {"script":"<script> [1562 bytes]","args":[{"selector":{"id":"cancelContractBtn","viewName":"etm.portal.ui.managecontracts.view.Detail","interaction":{"idSuffix":"BDI-content"}},"wdio_ui5_key":"cancelContractBtnetmportal.ui.managecontracts.view.Detail"}]}
RESULT: {"script":"<script> [1562 bytes]","args":[{"selector":{"id":"cancelContractBtn","viewName":"etm.portal.ui.managecontracts.view.Detail","interaction":{"idSuffix":"BDI-content"}},"wdio_ui5_key":"cancelContractBtnetmportal.ui.managecontracts.view.Detail"}]}
RESULT: undefined
COMMAND: POST /session/1820fae8a81a1c34ca12c99f5ca4f404/element - {"using":"xpath","value":"//*[@id=\"__xmlview61--cancelContractBtn\"]"}
RESULT: {"using":"xpath","value":"//*[@id=\"__xmlview61--cancelContractBtn\"]"}
COMMAND: POST /session/1820fae8a81a1c34ca12c99f5ca4f404/element/f.043615FDA099A6883ABDD55FCDA43E76.d.5C70645DAFB91A47223683F8649B289F.e.9005/click - {}
RESULT: {}
COMMAND: GET /session/1820fae8a81a1c34ca12c99f5ca4f404/screenshot - {}
RESULT: {}
COMMAND: POST /session/1820fae8a81a1c34ca12c99f5ca4f404/execute/async - {"script":"<script> [1562 bytes]","args":[{"selector":{"controlType":"sap.m.Text","properties":{"text":"Do you want to cancel the whole contract?"},"searchOpenDialogs":true},"wdio_ui5_key":"sapm.Text{\"text\":\"Do you want to cancel the whole contract?\"}"}]}
RESULT: {"script":"<script> [1562 bytes]","args":[{"selector":{"controlType":"sap.m.Text","properties":{"text":"Do you want to cancel the whole contract?"},"searchOpenDialogs":true},"wdio_ui5_key":"sapm.Text{\"text\":\"Do you want to cancel the whole contract?\"}"}]}
RESULT: undefined
COMMAND: POST /session/1820fae8a81a1c34ca12c99f5ca4f404/execute/async - {"script":"<script> [6424 bytes]","args":[{"element-6066-11e4-a52e-4f735466cecf":"f.043615FDA099A6883ABDD55FCDA43E76.d.5C70645DAFB91A47223683F8649B289F.e.9042"},"getText",[]]}
RESULT: {"script":"<script> [6424 bytes]","args":[{"element-6066-11e4-a52e-4f735466cecf":"f.043615FDA099A6883ABDD55FCDA43E76.d.5C70645DAFB91A47223683F8649B289F.e.9042"},"getText",[]]}
COMMAND: POST /session/1820fae8a81a1c34ca12c99f5ca4f404/element - {"using":"xpath","value":"//bdi[contains(text(), \"OK\")]"}
RESULT: {"using":"xpath","value":"//bdi[contains(text(), \"OK\")]"}
COMMAND: POST /session/1820fae8a81a1c34ca12c99f5ca4f404/element/f.043615FDA099A6883ABDD55FCDA43E76.d.5C70645DAFB91A47223683F8649B289F.e.9043/click - {}
RESULT: {}
COMMAND: GET /session/1820fae8a81a1c34ca12c99f5ca4f404/screenshot - {}
RESULT: {}
COMMAND: POST /session/1820fae8a81a1c34ca12c99f5ca4f404/element - {"using":"xpath","value":"//input[contains(@id ,\"smartContractFilterBar-btnBasicSearch-I\")]"}
RESULT: {"using":"xpath","value":"//input[contains(@id ,\"smartContractFilterBar-btnBasicSearch-I\")]"}
COMMAND: POST /session/1820fae8a81a1c34ca12c99f5ca4f404/element/f.043615FDA099A6883ABDD55FCDA43E76.d.5C70645DAFB91A47223683F8649B289F.e.8795/clear - {}
RESULT: {}
COMMAND: POST /session/1820fae8a81a1c34ca12c99f5ca4f404/element/f.043615FDA099A6883ABDD55FCDA43E76.d.5C70645DAFB91A47223683F8649B289F.e.8795/value - {"text":"10490"}
COMMAND: GET /session/1820fae8a81a1c34ca12c99f5ca4f404/screenshot - {}
RESULT: {"text":"10490"}
COMMAND: POST /session/1820fae8a81a1c34ca12c99f5ca4f404/actions - {"actions":[{"id":"action44","type":"key","parameters":{},"actions":[{"type":"keyDown","value":""},{"type":"pause","duration":10},{"type":"keyUp","value":""}]}]}
COMMAND: GET /session/1820fae8a81a1c34ca12c99f5ca4f404/screenshot - {}
RESULT: {}
RESULT: {"actions":[{"id":"action44","type":"key","parameters":{},"actions":[{"type":"keyDown","value":""},{"type":"pause","duration":10},{"type":"keyUp","value":""}]}]}
COMMAND: GET /session/1820fae8a81a1c34ca12c99f5ca4f404/screenshot - {}
RESULT: {}
RESULT: {}
COMMAND: POST /session/1820fae8a81a1c34ca12c99f5ca4f404/execute/async - {"script":"<script> [1562 bytes]","args":[{"selector":{"controlType":"sap.m.ObjectStatus","viewName":"etm.portal.ui.managecontracts.view.Master","bindingPath":{"path":"/SmartContractHeaders('10490')","propertyPath":"STATUS_DESCRIPTION"}},"wdio_ui5_key":"etmportal.ui.managecontracts.view.Mastersap.m.ObjectStatus{\"path\":\"/SmartContractHeaders('10490')\",\"propertyPath\":\"STATUS_DESCRIPTION\"}"}]}
RESULT: {"script":"<script> [1562 bytes]","args":[{"selector":{"controlType":"sap.m.ObjectStatus","viewName":"etm.portal.ui.managecontracts.view.Master","bindingPath":{"path":"/SmartContractHeaders('10490')","propertyPath":"STATUS_DESCRIPTION"}},"wdio_ui5_key":"etmportal.ui.managecontracts.view.Mastersap.m.ObjectStatus{\"path\":\"/SmartContractHeaders('10490')\",\"propertyPath\":\"STATUS_DESCRIPTION\"}"}]}
RESULT: undefined
COMMAND: POST /session/1820fae8a81a1c34ca12c99f5ca4f404/execute/async - {"script":"<script> [6424 bytes]","args":[{"element-6066-11e4-a52e-4f735466cecf":"f.043615FDA099A6883ABDD55FCDA43E76.d.5C70645DAFB91A47223683F8649B289F.e.9099"},"getText",[]]}
RESULT: {"script":"<script> [6424 bytes]","args":[{"element-6066-11e4-a52e-4f735466cecf":"f.043615FDA099A6883ABDD55FCDA43E76.d.5C70645DAFB91A47223683F8649B289F.e.9099"},"getText",[]]}
RESULT: undefined
COMMAND: POST /session/1820fae8a81a1c34ca12c99f5ca4f404/element - {"using":"xpath","value":"//*[@id=\"__item77-__clone228-imgNav\"]"}
RESULT: {"using":"xpath","value":"//*[@id=\"__item77-__clone228-imgNav\"]"}
COMMAND: POST /session/1820fae8a81a1c34ca12c99f5ca4f404/element/f.043615FDA099A6883ABDD55FCDA43E76.d.5C70645DAFB91A47223683F8649B289F.e.8883/click - {}
RESULT: {}
COMMAND: GET /session/1820fae8a81a1c34ca12c99f5ca4f404/screenshot - {}
RESULT: {}
COMMAND: POST /session/1820fae8a81a1c34ca12c99f5ca4f404/execute/async - {"script":"<script> [1562 bytes]","args":[{"selector":{"controlType":"sap.m.ObjectStatus","viewName":"etm.portal.ui.managecontracts.view.Detail","bindingPath":{"path":"/SmartContractItems(CONTRACT='10490',ITEM=10m,SUB_ITEM=0m)","propertyPath":"STATUS"}},"wdio_ui5_key":"etmportal.ui.managecontracts.view.Detailsap.m.ObjectStatus{\"path\":\"/SmartContractItems(CONTRACT='10490',ITEM=10m,SUB_ITEM=0m)\",\"propertyPath\":\"STATUS\"}"}]}
RESULT: {"script":"<script> [1562 bytes]","args":[{"selector":{"controlType":"sap.m.ObjectStatus","viewName":"etm.portal.ui.managecontracts.view.Detail","bindingPath":{"path":"/SmartContractItems(CONTRACT='10490',ITEM=10m,SUB_ITEM=0m)","propertyPath":"STATUS"}},"wdio_ui5_key":"etmportal.ui.managecontracts.view.Detailsap.m.ObjectStatus{\"path\":\"/SmartContractItems(CONTRACT='10490',ITEM=10m,SUB_ITEM=0m)\",\"propertyPath\":\"STATUS\"}"}]}
RESULT: undefined
COMMAND: POST /session/1820fae8a81a1c34ca12c99f5ca4f404/execute/async - {"script":"<script> [6424 bytes]","args":[{"element-6066-11e4-a52e-4f735466cecf":"f.043615FDA099A6883ABDD55FCDA43E76.d.5C70645DAFB91A47223683F8649B289F.e.9127"},"getText",[]]}
RESULT: {"script":"<script> [6424 bytes]","args":[{"element-6066-11e4-a52e-4f735466cecf":"f.043615FDA099A6883ABDD55FCDA43E76.d.5C70645DAFB91A47223683F8649B289F.e.9127"},"getText",[]]}
COMMAND: POST /session/1820fae8a81a1c34ca12c99f5ca4f404/element - {"using":"css selector","value":"#shell-header-logo"}
RESULT: {"using":"css selector","value":"#shell-header-logo"}
COMMAND: POST /session/1820fae8a81a1c34ca12c99f5ca4f404/element/f.043615FDA099A6883ABDD55FCDA43E76.d.5C70645DAFB91A47223683F8649B289F.e.8786/click - {}
RESULT: {}
COMMAND: GET /session/1820fae8a81a1c34ca12c99f5ca4f404/screenshot - {}
RESULT: {}
]]></system-out>
    </testcase>
  </testsuite>
  <testsuite timestamp="2025-05-21T18:13:43" time="191.468" tests="2" failures="0" errors="0" skipped="0">
    <properties>
      <property name="specId" value="0"/>
      <property name="suiteName" value="Insert service into a contract US152956"/>
      <property name="capabilities" value="chrome.136_0_7103_93.windows"/>
      <property name="file" value="file:///D:/a/1/s/test/specs/R2C/insert-service-into-a-contract.spec.js"/>
    </properties>
    <testcase classname="chrome.136_0_7103_93.windows.Insert_service_into_a_contract_US152956" name="Should create a new contract" time="103.448">
      <system-out><![CDATA[
RESULT: undefined
COMMAND: POST /session/1820fae8a81a1c34ca12c99f5ca4f404/element - {"using":"xpath","value":"//*[@id=\"__tile130\"]"}
RESULT: {"using":"xpath","value":"//*[@id=\"__tile130\"]"}
COMMAND: POST /session/1820fae8a81a1c34ca12c99f5ca4f404/element/f.043615FDA099A6883ABDD55FCDA43E76.d.5C70645DAFB91A47223683F8649B289F.e.8784/click - {}
RESULT: {}
COMMAND: GET /session/1820fae8a81a1c34ca12c99f5ca4f404/screenshot - {}
RESULT: {}
COMMAND: POST /session/1820fae8a81a1c34ca12c99f5ca4f404/elements - {"using":"xpath","value":"//span[text()='Error']"}
RESULT: {"using":"xpath","value":"//span[text()='Error']"}
COMMAND: POST /session/1820fae8a81a1c34ca12c99f5ca4f404/element - {"using":"xpath","value":"//button[@data-kt=\"addButton\"]"}
RESULT: {"using":"xpath","value":"//button[@data-kt=\"addButton\"]"}
COMMAND: POST /session/1820fae8a81a1c34ca12c99f5ca4f404/element/f.043615FDA099A6883ABDD55FCDA43E76.d.5C70645DAFB91A47223683F8649B289F.e.9181/click - {}
RESULT: {}
COMMAND: GET /session/1820fae8a81a1c34ca12c99f5ca4f404/screenshot - {}
COMMAND: POST /session/1820fae8a81a1c34ca12c99f5ca4f404/execute/async - {"script":"<script> [1562 bytes]","args":[{"selector":{"id":"application-managecontracts-display-component---AddNewContract--projectDescription","interaction":{"idSuffix":"inner"}},"wdio_ui5_key":"applicationmanagecontracts-display-component---AddNewContract--projectDescription"}]}
RESULT: {}
RESULT: {"script":"<script> [1562 bytes]","args":[{"selector":{"id":"application-managecontracts-display-component---AddNewContract--projectDescription","interaction":{"idSuffix":"inner"}},"wdio_ui5_key":"applicationmanagecontracts-display-component---AddNewContract--projectDescription"}]}
RESULT: undefined
COMMAND: POST /session/1820fae8a81a1c34ca12c99f5ca4f404/execute/async - {"script":"<script> [776 bytes]","args":[{"enterText":"WdIOR2cpy7gy","selector":{"id":"application-managecontracts-display-component---AddNewContract--projectDescription","interaction":{"idSuffix":"inner"}},"clearTextFirst":true,"interactionType":"ENTER_TEXT"}]}
RESULT: {"script":"<script> [776 bytes]","args":[{"enterText":"WdIOR2cpy7gy","selector":{"id":"application-managecontracts-display-component---AddNewContract--projectDescription","interaction":{"idSuffix":"inner"}},"clearTextFirst":true,"interactionType":"ENTER_TEXT"}]}
COMMAND: POST /session/1820fae8a81a1c34ca12c99f5ca4f404/element - {"using":"xpath","value":"//input[@id=\"application-managecontracts-display-component---AddNewContract--yardId-inner\"]"}
RESULT: {"using":"xpath","value":"//input[@id=\"application-managecontracts-display-component---AddNewContract--yardId-inner\"]"}
COMMAND: POST /session/1820fae8a81a1c34ca12c99f5ca4f404/element/f.043615FDA099A6883ABDD55FCDA43E76.d.5C70645DAFB91A47223683F8649B289F.e.9479/clear - {}
RESULT: {}
COMMAND: POST /session/1820fae8a81a1c34ca12c99f5ca4f404/element/f.043615FDA099A6883ABDD55FCDA43E76.d.5C70645DAFB91A47223683F8649B289F.e.9479/value - {"text":"WebdriverYardpv7ub"}
COMMAND: GET /session/1820fae8a81a1c34ca12c99f5ca4f404/screenshot - {}
RESULT: {"text":"WebdriverYardpv7ub"}
COMMAND: GET /session/1820fae8a81a1c34ca12c99f5ca4f404/screenshot - {}
RESULT: {}
RESULT: {}
COMMAND: POST /session/1820fae8a81a1c34ca12c99f5ca4f404/actions - {"actions":[{"id":"action45","type":"key","parameters":{},"actions":[{"type":"keyDown","value":""},{"type":"pause","duration":10},{"type":"keyUp","value":""}]}]}
RESULT: {"actions":[{"id":"action45","type":"key","parameters":{},"actions":[{"type":"keyDown","value":""},{"type":"pause","duration":10},{"type":"keyUp","value":""}]}]}
COMMAND: GET /session/1820fae8a81a1c34ca12c99f5ca4f404/screenshot - {}
RESULT: {}
COMMAND: POST /session/1820fae8a81a1c34ca12c99f5ca4f404/element - {"using":"xpath","value":"//input[@id=\"application-managecontracts-display-component---AddNewContract--customerSelect-inner\"]"}
RESULT: {"using":"xpath","value":"//input[@id=\"application-managecontracts-display-component---AddNewContract--customerSelect-inner\"]"}
COMMAND: POST /session/1820fae8a81a1c34ca12c99f5ca4f404/element/f.043615FDA099A6883ABDD55FCDA43E76.d.5C70645DAFB91A47223683F8649B289F.e.9477/clear - {}
RESULT: {}
COMMAND: POST /session/1820fae8a81a1c34ca12c99f5ca4f404/element/f.043615FDA099A6883ABDD55FCDA43E76.d.5C70645DAFB91A47223683F8649B289F.e.9477/value - {"text":"WebdriverPartnergfck1g"}
COMMAND: GET /session/1820fae8a81a1c34ca12c99f5ca4f404/screenshot - {}
RESULT: {"text":"WebdriverPartnergfck1g"}
COMMAND: GET /session/1820fae8a81a1c34ca12c99f5ca4f404/screenshot - {}
RESULT: {}
RESULT: {}
COMMAND: POST /session/1820fae8a81a1c34ca12c99f5ca4f404/actions - {"actions":[{"id":"action46","type":"key","parameters":{},"actions":[{"type":"keyDown","value":""},{"type":"pause","duration":10},{"type":"keyUp","value":""}]}]}
RESULT: {"actions":[{"id":"action46","type":"key","parameters":{},"actions":[{"type":"keyDown","value":""},{"type":"pause","duration":10},{"type":"keyUp","value":""}]}]}
COMMAND: GET /session/1820fae8a81a1c34ca12c99f5ca4f404/screenshot - {}
RESULT: {}
COMMAND: POST /session/1820fae8a81a1c34ca12c99f5ca4f404/element - {"using":"xpath","value":"//input[@id=\"application-managecontracts-display-component---AddNewContract--site-inner\"]"}
RESULT: {"using":"xpath","value":"//input[@id=\"application-managecontracts-display-component---AddNewContract--site-inner\"]"}
COMMAND: POST /session/1820fae8a81a1c34ca12c99f5ca4f404/element/f.043615FDA099A6883ABDD55FCDA43E76.d.5C70645DAFB91A47223683F8649B289F.e.9478/clear - {}
RESULT: {}
COMMAND: POST /session/1820fae8a81a1c34ca12c99f5ca4f404/element/f.043615FDA099A6883ABDD55FCDA43E76.d.5C70645DAFB91A47223683F8649B289F.e.9478/value - {"text":"WebdriverSite28sck"}
COMMAND: GET /session/1820fae8a81a1c34ca12c99f5ca4f404/screenshot - {}
RESULT: {"text":"WebdriverSite28sck"}
COMMAND: GET /session/1820fae8a81a1c34ca12c99f5ca4f404/screenshot - {}
RESULT: {}
RESULT: {}
COMMAND: POST /session/1820fae8a81a1c34ca12c99f5ca4f404/actions - {"actions":[{"id":"action47","type":"key","parameters":{},"actions":[{"type":"keyDown","value":""},{"type":"pause","duration":10},{"type":"keyUp","value":""}]}]}
RESULT: {"actions":[{"id":"action47","type":"key","parameters":{},"actions":[{"type":"keyDown","value":""},{"type":"pause","duration":10},{"type":"keyUp","value":""}]}]}
COMMAND: GET /session/1820fae8a81a1c34ca12c99f5ca4f404/screenshot - {}
COMMAND: POST /session/1820fae8a81a1c34ca12c99f5ca4f404/element - {"using":"xpath","value":"//button[@data-kt=\"saveButton\"]"}
RESULT: {}
RESULT: {"using":"xpath","value":"//button[@data-kt=\"saveButton\"]"}
COMMAND: POST /session/1820fae8a81a1c34ca12c99f5ca4f404/element/f.043615FDA099A6883ABDD55FCDA43E76.d.5C70645DAFB91A47223683F8649B289F.e.9515/click - {}
RESULT: {}
COMMAND: GET /session/1820fae8a81a1c34ca12c99f5ca4f404/screenshot - {}
RESULT: {}
COMMAND: POST /session/1820fae8a81a1c34ca12c99f5ca4f404/execute/async - {"script":"<script> [1562 bytes]","args":[{"selector":{"id":"contractDetailTitleNoExpanded","viewName":"etm.portal.ui.managecontracts.view.Detail"},"wdio_ui5_key":"contractDetailTitleNoExpandedetmportal.ui.managecontracts.view.Detail"}]}
RESULT: {"script":"<script> [1562 bytes]","args":[{"selector":{"id":"contractDetailTitleNoExpanded","viewName":"etm.portal.ui.managecontracts.view.Detail"},"wdio_ui5_key":"contractDetailTitleNoExpandedetmportal.ui.managecontracts.view.Detail"}]}
RESULT: undefined
COMMAND: POST /session/1820fae8a81a1c34ca12c99f5ca4f404/execute/async - {"script":"<script> [6424 bytes]","args":[{"element-6066-11e4-a52e-4f735466cecf":"f.043615FDA099A6883ABDD55FCDA43E76.d.5C70645DAFB91A47223683F8649B289F.e.9526"},"getText",[]]}
RESULT: {"script":"<script> [6424 bytes]","args":[{"element-6066-11e4-a52e-4f735466cecf":"f.043615FDA099A6883ABDD55FCDA43E76.d.5C70645DAFB91A47223683F8649B289F.e.9526"},"getText",[]]}
]]></system-out>
    </testcase>
    <testcase classname="chrome.136_0_7103_93.windows.Insert_service_into_a_contract_US152956" name="Should add a service unit and a service group to the contract" time="84.045">
      <system-out><![CDATA[
COMMAND: POST /session/1820fae8a81a1c34ca12c99f5ca4f404/element - {"using":"xpath","value":"//button[@data-kt=\"contractDetailEditBtnButton\"]"}
RESULT: {"using":"xpath","value":"//button[@data-kt=\"contractDetailEditBtnButton\"]"}
COMMAND: POST /session/1820fae8a81a1c34ca12c99f5ca4f404/execute/sync - {"script":"<script> [8489 bytes]","args":[{"element-6066-11e4-a52e-4f735466cecf":"f.043615FDA099A6883ABDD55FCDA43E76.d.5C70645DAFB91A47223683F8649B289F.e.9527","ELEMENT":"f.043615FDA099A6883ABDD55FCDA43E76.d.5C70645DAFB91A47223683F8649B289F.e.9527"}]}
RESULT: {"script":"<script> [8489 bytes]","args":[{"element-6066-11e4-a52e-4f735466cecf":"f.043615FDA099A6883ABDD55FCDA43E76.d.5C70645DAFB91A47223683F8649B289F.e.9527","ELEMENT":"f.043615FDA099A6883ABDD55FCDA43E76.d.5C70645DAFB91A47223683F8649B289F.e.9527"}]}
COMMAND: POST /session/1820fae8a81a1c34ca12c99f5ca4f404/execute/sync - {"script":"<script> [8489 bytes]","args":[{"element-6066-11e4-a52e-4f735466cecf":"f.043615FDA099A6883ABDD55FCDA43E76.d.5C70645DAFB91A47223683F8649B289F.e.9527","ELEMENT":"f.043615FDA099A6883ABDD55FCDA43E76.d.5C70645DAFB91A47223683F8649B289F.e.9527"}]}
COMMAND: GET /session/1820fae8a81a1c34ca12c99f5ca4f404/screenshot - {}
RESULT: {"script":"<script> [8489 bytes]","args":[{"element-6066-11e4-a52e-4f735466cecf":"f.043615FDA099A6883ABDD55FCDA43E76.d.5C70645DAFB91A47223683F8649B289F.e.9527","ELEMENT":"f.043615FDA099A6883ABDD55FCDA43E76.d.5C70645DAFB91A47223683F8649B289F.e.9527"}]}
COMMAND: POST /session/1820fae8a81a1c34ca12c99f5ca4f404/execute/sync - {"script":"<script> [5351 bytes]","args":[{"element-6066-11e4-a52e-4f735466cecf":"f.043615FDA099A6883ABDD55FCDA43E76.d.5C70645DAFB91A47223683F8649B289F.e.9527","ELEMENT":"f.043615FDA099A6883ABDD55FCDA43E76.d.5C70645DAFB91A47223683F8649B289F.e.9527"}]}
COMMAND: GET /session/1820fae8a81a1c34ca12c99f5ca4f404/screenshot - {}
RESULT: {}
RESULT: {"script":"<script> [5351 bytes]","args":[{"element-6066-11e4-a52e-4f735466cecf":"f.043615FDA099A6883ABDD55FCDA43E76.d.5C70645DAFB91A47223683F8649B289F.e.9527","ELEMENT":"f.043615FDA099A6883ABDD55FCDA43E76.d.5C70645DAFB91A47223683F8649B289F.e.9527"}]}
COMMAND: POST /session/1820fae8a81a1c34ca12c99f5ca4f404/element/f.043615FDA099A6883ABDD55FCDA43E76.d.5C70645DAFB91A47223683F8649B289F.e.9527/click - {}
COMMAND: GET /session/1820fae8a81a1c34ca12c99f5ca4f404/screenshot - {}
RESULT: {}
RESULT: {}
COMMAND: GET /session/1820fae8a81a1c34ca12c99f5ca4f404/screenshot - {}
RESULT: {}
RESULT: {}
COMMAND: POST /session/1820fae8a81a1c34ca12c99f5ca4f404/element - {"using":"xpath","value":"(//span[contains(text(), \"Additional Addresses\")])[2]"}
RESULT: {"using":"xpath","value":"(//span[contains(text(), \"Additional Addresses\")])[2]"}
COMMAND: POST /session/1820fae8a81a1c34ca12c99f5ca4f404/element/f.043615FDA099A6883ABDD55FCDA43E76.d.5C70645DAFB91A47223683F8649B289F.e.9585/click - {}
RESULT: {}
COMMAND: GET /session/1820fae8a81a1c34ca12c99f5ca4f404/screenshot - {}
RESULT: {}
COMMAND: POST /session/1820fae8a81a1c34ca12c99f5ca4f404/element - {"using":"xpath","value":"//button[@data-kt=\"btnAddTableRowOverflowToolbarButton\"]"}
RESULT: {"using":"xpath","value":"//button[@data-kt=\"btnAddTableRowOverflowToolbarButton\"]"}
COMMAND: POST /session/1820fae8a81a1c34ca12c99f5ca4f404/element/f.043615FDA099A6883ABDD55FCDA43E76.d.5C70645DAFB91A47223683F8649B289F.e.9587/click - {}
RESULT: {}
COMMAND: GET /session/1820fae8a81a1c34ca12c99f5ca4f404/screenshot - {}
RESULT: {}
COMMAND: POST /session/1820fae8a81a1c34ca12c99f5ca4f404/element - {"using":"xpath","value":"//div[(text() = 'Standard Entry' or . = 'Standard Entry')]"}
RESULT: {"using":"xpath","value":"//div[(text() = 'Standard Entry' or . = 'Standard Entry')]"}
COMMAND: POST /session/1820fae8a81a1c34ca12c99f5ca4f404/element/f.043615FDA099A6883ABDD55FCDA43E76.d.5C70645DAFB91A47223683F8649B289F.e.9589/click - {}
RESULT: {}
COMMAND: POST /session/1820fae8a81a1c34ca12c99f5ca4f404/element - {"using":"xpath","value":"//button[@data-kt=\"btnAddTableRowOverflowToolbarButton\"]"}
COMMAND: GET /session/1820fae8a81a1c34ca12c99f5ca4f404/screenshot - {}
RESULT: {"using":"xpath","value":"//button[@data-kt=\"btnAddTableRowOverflowToolbarButton\"]"}
COMMAND: POST /session/1820fae8a81a1c34ca12c99f5ca4f404/element/f.043615FDA099A6883ABDD55FCDA43E76.d.5C70645DAFB91A47223683F8649B289F.e.9587/click - {}
RESULT: {}
RESULT: {}
COMMAND: GET /session/1820fae8a81a1c34ca12c99f5ca4f404/screenshot - {}
RESULT: {}
COMMAND: POST /session/1820fae8a81a1c34ca12c99f5ca4f404/element - {"using":"xpath","value":"//div[(text() = 'Standard Entry' or . = 'Standard Entry')]"}
RESULT: {"using":"xpath","value":"//div[(text() = 'Standard Entry' or . = 'Standard Entry')]"}
COMMAND: POST /session/1820fae8a81a1c34ca12c99f5ca4f404/element/f.043615FDA099A6883ABDD55FCDA43E76.d.5C70645DAFB91A47223683F8649B289F.e.9601/click - {}
RESULT: {}
COMMAND: POST /session/1820fae8a81a1c34ca12c99f5ca4f404/element - {"using":"xpath","value":"(//td[6]/div/div/input)[1]"}
COMMAND: GET /session/1820fae8a81a1c34ca12c99f5ca4f404/screenshot - {}
RESULT: {"using":"xpath","value":"(//td[6]/div/div/input)[1]"}
COMMAND: POST /session/1820fae8a81a1c34ca12c99f5ca4f404/element/f.043615FDA099A6883ABDD55FCDA43E76.d.5C70645DAFB91A47223683F8649B289F.e.9603/click - {}
RESULT: {}
RESULT: {}
COMMAND: POST /session/1820fae8a81a1c34ca12c99f5ca4f404/actions - {"actions":[{"id":"action48","type":"key","parameters":{},"actions":[{"type":"keyDown","value":""},{"type":"pause","duration":10},{"type":"keyUp","value":""}]}]}
COMMAND: GET /session/1820fae8a81a1c34ca12c99f5ca4f404/screenshot - {}
RESULT: {"actions":[{"id":"action48","type":"key","parameters":{},"actions":[{"type":"keyDown","value":""},{"type":"pause","duration":10},{"type":"keyUp","value":""}]}]}
COMMAND: POST /session/1820fae8a81a1c34ca12c99f5ca4f404/element - {"using":"xpath","value":"(//td[6]/div/div/input)[1]"}
COMMAND: GET /session/1820fae8a81a1c34ca12c99f5ca4f404/screenshot - {}
RESULT: {}
RESULT: {}
RESULT: {"using":"xpath","value":"(//td[6]/div/div/input)[1]"}
COMMAND: POST /session/1820fae8a81a1c34ca12c99f5ca4f404/element/f.043615FDA099A6883ABDD55FCDA43E76.d.5C70645DAFB91A47223683F8649B289F.e.9603/clear - {}
RESULT: {}
COMMAND: POST /session/1820fae8a81a1c34ca12c99f5ca4f404/element/f.043615FDA099A6883ABDD55FCDA43E76.d.5C70645DAFB91A47223683F8649B289F.e.9603/value - {"text":"Service Unit"}
COMMAND: GET /session/1820fae8a81a1c34ca12c99f5ca4f404/screenshot - {}
RESULT: {"text":"Service Unit"}
COMMAND: GET /session/1820fae8a81a1c34ca12c99f5ca4f404/screenshot - {}
RESULT: {}
RESULT: {}
COMMAND: POST /session/1820fae8a81a1c34ca12c99f5ca4f404/actions - {"actions":[{"id":"action49","type":"key","parameters":{},"actions":[{"type":"keyDown","value":""},{"type":"pause","duration":10},{"type":"keyUp","value":""}]}]}
RESULT: {"actions":[{"id":"action49","type":"key","parameters":{},"actions":[{"type":"keyDown","value":""},{"type":"pause","duration":10},{"type":"keyUp","value":""}]}]}
COMMAND: GET /session/1820fae8a81a1c34ca12c99f5ca4f404/screenshot - {}
RESULT: {}
COMMAND: POST /session/1820fae8a81a1c34ca12c99f5ca4f404/actions - {"actions":[{"id":"action50","type":"key","parameters":{},"actions":[{"type":"keyDown","value":""},{"type":"pause","duration":10},{"type":"keyUp","value":""}]}]}
RESULT: {"actions":[{"id":"action50","type":"key","parameters":{},"actions":[{"type":"keyDown","value":""},{"type":"pause","duration":10},{"type":"keyUp","value":""}]}]}
COMMAND: POST /session/1820fae8a81a1c34ca12c99f5ca4f404/element - {"using":"xpath","value":"(//td[7]/div/div/input)[1]"}
COMMAND: GET /session/1820fae8a81a1c34ca12c99f5ca4f404/screenshot - {}
RESULT: {"using":"xpath","value":"(//td[7]/div/div/input)[1]"}
COMMAND: POST /session/1820fae8a81a1c34ca12c99f5ca4f404/element/f.043615FDA099A6883ABDD55FCDA43E76.d.5C70645DAFB91A47223683F8649B289F.e.9619/clear - {}
RESULT: {}
RESULT: {}
COMMAND: POST /session/1820fae8a81a1c34ca12c99f5ca4f404/element/f.043615FDA099A6883ABDD55FCDA43E76.d.5C70645DAFB91A47223683F8649B289F.e.9619/value - {"text":"1000001"}
COMMAND: GET /session/1820fae8a81a1c34ca12c99f5ca4f404/screenshot - {}
RESULT: {"text":"1000001"}
COMMAND: GET /session/1820fae8a81a1c34ca12c99f5ca4f404/screenshot - {}
RESULT: {}
RESULT: {}
COMMAND: POST /session/1820fae8a81a1c34ca12c99f5ca4f404/actions - {"actions":[{"id":"action51","type":"key","parameters":{},"actions":[{"type":"keyDown","value":""},{"type":"pause","duration":10},{"type":"keyUp","value":""}]}]}
RESULT: {"actions":[{"id":"action51","type":"key","parameters":{},"actions":[{"type":"keyDown","value":""},{"type":"pause","duration":10},{"type":"keyUp","value":""}]}]}
COMMAND: GET /session/1820fae8a81a1c34ca12c99f5ca4f404/screenshot - {}
RESULT: {}
COMMAND: POST /session/1820fae8a81a1c34ca12c99f5ca4f404/actions - {"actions":[{"id":"action52","type":"key","parameters":{},"actions":[{"type":"keyDown","value":""},{"type":"pause","duration":10},{"type":"keyUp","value":""}]}]}
RESULT: {"actions":[{"id":"action52","type":"key","parameters":{},"actions":[{"type":"keyDown","value":""},{"type":"pause","duration":10},{"type":"keyUp","value":""}]}]}
COMMAND: GET /session/1820fae8a81a1c34ca12c99f5ca4f404/screenshot - {}
RESULT: {}
COMMAND: POST /session/1820fae8a81a1c34ca12c99f5ca4f404/element - {"using":"xpath","value":"(//td[6]/div/div/input)[2]"}
RESULT: {"using":"xpath","value":"(//td[6]/div/div/input)[2]"}
COMMAND: POST /session/1820fae8a81a1c34ca12c99f5ca4f404/element/f.043615FDA099A6883ABDD55FCDA43E76.d.5C70645DAFB91A47223683F8649B289F.e.9591/click - {}
RESULT: {}
COMMAND: POST /session/1820fae8a81a1c34ca12c99f5ca4f404/actions - {"actions":[{"id":"action53","type":"key","parameters":{},"actions":[{"type":"keyDown","value":""},{"type":"pause","duration":10},{"type":"keyUp","value":""}]}]}
COMMAND: GET /session/1820fae8a81a1c34ca12c99f5ca4f404/screenshot - {}
RESULT: {"actions":[{"id":"action53","type":"key","parameters":{},"actions":[{"type":"keyDown","value":""},{"type":"pause","duration":10},{"type":"keyUp","value":""}]}]}
COMMAND: POST /session/1820fae8a81a1c34ca12c99f5ca4f404/element - {"using":"xpath","value":"(//td[6]/div/div/input)[2]"}
COMMAND: GET /session/1820fae8a81a1c34ca12c99f5ca4f404/screenshot - {}
RESULT: {}
RESULT: {"using":"xpath","value":"(//td[6]/div/div/input)[2]"}
COMMAND: POST /session/1820fae8a81a1c34ca12c99f5ca4f404/element/f.043615FDA099A6883ABDD55FCDA43E76.d.5C70645DAFB91A47223683F8649B289F.e.9591/clear - {}
RESULT: {}
RESULT: {}
COMMAND: POST /session/1820fae8a81a1c34ca12c99f5ca4f404/element/f.043615FDA099A6883ABDD55FCDA43E76.d.5C70645DAFB91A47223683F8649B289F.e.9591/value - {"text":"Service Unit Group"}
COMMAND: GET /session/1820fae8a81a1c34ca12c99f5ca4f404/screenshot - {}
RESULT: {"text":"Service Unit Group"}
COMMAND: GET /session/1820fae8a81a1c34ca12c99f5ca4f404/screenshot - {}
RESULT: {}
RESULT: {}
COMMAND: POST /session/1820fae8a81a1c34ca12c99f5ca4f404/actions - {"actions":[{"id":"action54","type":"key","parameters":{},"actions":[{"type":"keyDown","value":""},{"type":"pause","duration":10},{"type":"keyUp","value":""}]}]}
RESULT: {"actions":[{"id":"action54","type":"key","parameters":{},"actions":[{"type":"keyDown","value":""},{"type":"pause","duration":10},{"type":"keyUp","value":""}]}]}
COMMAND: GET /session/1820fae8a81a1c34ca12c99f5ca4f404/screenshot - {}
RESULT: {}
COMMAND: POST /session/1820fae8a81a1c34ca12c99f5ca4f404/actions - {"actions":[{"id":"action55","type":"key","parameters":{},"actions":[{"type":"keyDown","value":""},{"type":"pause","duration":10},{"type":"keyUp","value":""}]}]}
RESULT: {"actions":[{"id":"action55","type":"key","parameters":{},"actions":[{"type":"keyDown","value":""},{"type":"pause","duration":10},{"type":"keyUp","value":""}]}]}
COMMAND: POST /session/1820fae8a81a1c34ca12c99f5ca4f404/element - {"using":"xpath","value":"(//td[7]/div/div/input)[2]"}
COMMAND: GET /session/1820fae8a81a1c34ca12c99f5ca4f404/screenshot - {}
RESULT: {"using":"xpath","value":"(//td[7]/div/div/input)[2]"}
COMMAND: POST /session/1820fae8a81a1c34ca12c99f5ca4f404/element/f.043615FDA099A6883ABDD55FCDA43E76.d.5C70645DAFB91A47223683F8649B289F.e.9648/clear - {}
RESULT: {}
RESULT: {}
COMMAND: POST /session/1820fae8a81a1c34ca12c99f5ca4f404/element/f.043615FDA099A6883ABDD55FCDA43E76.d.5C70645DAFB91A47223683F8649B289F.e.9648/value - {"text":"1100001"}
COMMAND: GET /session/1820fae8a81a1c34ca12c99f5ca4f404/screenshot - {}
RESULT: {"text":"1100001"}
COMMAND: GET /session/1820fae8a81a1c34ca12c99f5ca4f404/screenshot - {}
RESULT: {}
RESULT: {}
COMMAND: POST /session/1820fae8a81a1c34ca12c99f5ca4f404/actions - {"actions":[{"id":"action56","type":"key","parameters":{},"actions":[{"type":"keyDown","value":""},{"type":"pause","duration":10},{"type":"keyUp","value":""}]}]}
RESULT: {"actions":[{"id":"action56","type":"key","parameters":{},"actions":[{"type":"keyDown","value":""},{"type":"pause","duration":10},{"type":"keyUp","value":""}]}]}
COMMAND: GET /session/1820fae8a81a1c34ca12c99f5ca4f404/screenshot - {}
RESULT: {}
COMMAND: POST /session/1820fae8a81a1c34ca12c99f5ca4f404/actions - {"actions":[{"id":"action57","type":"key","parameters":{},"actions":[{"type":"keyDown","value":""},{"type":"pause","duration":10},{"type":"keyUp","value":""}]}]}
RESULT: {"actions":[{"id":"action57","type":"key","parameters":{},"actions":[{"type":"keyDown","value":""},{"type":"pause","duration":10},{"type":"keyUp","value":""}]}]}
COMMAND: GET /session/1820fae8a81a1c34ca12c99f5ca4f404/screenshot - {}
RESULT: {}
COMMAND: POST /session/1820fae8a81a1c34ca12c99f5ca4f404/element - {"using":"xpath","value":"(//button[@data-kt=\"saveButton\"])[2]"}
RESULT: {"using":"xpath","value":"(//button[@data-kt=\"saveButton\"])[2]"}
COMMAND: POST /session/1820fae8a81a1c34ca12c99f5ca4f404/element/f.043615FDA099A6883ABDD55FCDA43E76.d.5C70645DAFB91A47223683F8649B289F.e.9672/click - {}
RESULT: {}
COMMAND: GET /session/1820fae8a81a1c34ca12c99f5ca4f404/screenshot - {}
RESULT: {}
COMMAND: POST /session/1820fae8a81a1c34ca12c99f5ca4f404/element - {"using":"xpath","value":"(//span[contains(text(), \"Additional Addresses\")])[1]"}
RESULT: {"using":"xpath","value":"(//span[contains(text(), \"Additional Addresses\")])[1]"}
COMMAND: POST /session/1820fae8a81a1c34ca12c99f5ca4f404/element/f.043615FDA099A6883ABDD55FCDA43E76.d.5C70645DAFB91A47223683F8649B289F.e.9676/click - {}
RESULT: {}
COMMAND: GET /session/1820fae8a81a1c34ca12c99f5ca4f404/screenshot - {}
RESULT: {}
COMMAND: POST /session/1820fae8a81a1c34ca12c99f5ca4f404/execute/async - {"script":"<script> [1562 bytes]","args":[{"selector":{"controlType":"sap.m.Title","viewName":"etm.portal.ui.managecontracts.view.Detail","properties":{"text":"Contract Items (2)"}},"wdio_ui5_key":"etmportal.ui.managecontracts.view.Detailsap.m.Title{\"text\":\"Contract Items (2)\"}"}]}
RESULT: {"script":"<script> [1562 bytes]","args":[{"selector":{"controlType":"sap.m.Title","viewName":"etm.portal.ui.managecontracts.view.Detail","properties":{"text":"Contract Items (2)"}},"wdio_ui5_key":"etmportal.ui.managecontracts.view.Detailsap.m.Title{\"text\":\"Contract Items (2)\"}"}]}
RESULT: undefined
COMMAND: POST /session/1820fae8a81a1c34ca12c99f5ca4f404/execute/async - {"script":"<script> [6424 bytes]","args":[{"element-6066-11e4-a52e-4f735466cecf":"f.043615FDA099A6883ABDD55FCDA43E76.d.5C70645DAFB91A47223683F8649B289F.e.9680"},"getText",[]]}
RESULT: {"script":"<script> [6424 bytes]","args":[{"element-6066-11e4-a52e-4f735466cecf":"f.043615FDA099A6883ABDD55FCDA43E76.d.5C70645DAFB91A47223683F8649B289F.e.9680"},"getText",[]]}
COMMAND: POST /session/1820fae8a81a1c34ca12c99f5ca4f404/element - {"using":"xpath","value":"(//span[contains(@class ,\"sapMObjStatusText\")])[1]"}
RESULT: {"using":"xpath","value":"(//span[contains(@class ,\"sapMObjStatusText\")])[1]"}
COMMAND: GET /session/1820fae8a81a1c34ca12c99f5ca4f404/element/f.043615FDA099A6883ABDD55FCDA43E76.d.5C70645DAFB91A47223683F8649B289F.e.9681/text - {}
RESULT: {}
COMMAND: POST /session/1820fae8a81a1c34ca12c99f5ca4f404/element - {"using":"xpath","value":"(//span[contains(@class ,\"sapMObjStatusText\")])[4]"}
RESULT: {"using":"xpath","value":"(//span[contains(@class ,\"sapMObjStatusText\")])[4]"}
COMMAND: GET /session/1820fae8a81a1c34ca12c99f5ca4f404/element/f.043615FDA099A6883ABDD55FCDA43E76.d.5C70645DAFB91A47223683F8649B289F.e.9682/text - {}
RESULT: {}
COMMAND: POST /session/1820fae8a81a1c34ca12c99f5ca4f404/element - {"using":"css selector","value":"#shell-header-logo"}
RESULT: {"using":"css selector","value":"#shell-header-logo"}
COMMAND: POST /session/1820fae8a81a1c34ca12c99f5ca4f404/element/f.043615FDA099A6883ABDD55FCDA43E76.d.5C70645DAFB91A47223683F8649B289F.e.9131/click - {}
RESULT: {}
COMMAND: GET /session/1820fae8a81a1c34ca12c99f5ca4f404/screenshot - {}
RESULT: {}
]]></system-out>
    </testcase>
  </testsuite>
  <testsuite timestamp="2025-05-21T18:16:55" time="189.985" tests="2" failures="0" errors="0" skipped="0">
    <properties>
      <property name="specId" value="0"/>
      <property name="suiteName" value="Reduced contract US151275"/>
      <property name="capabilities" value="chrome.136_0_7103_93.windows"/>
      <property name="file" value="file:///D:/a/1/s/test/specs/R2C/reduced-contract-creation.spec.js"/>
    </properties>
    <testcase classname="chrome.136_0_7103_93.windows.Reduced_contract_US151275" name="Should create a new reduced contract" time="135.064">
      <system-out><![CDATA[
RESULT: undefined
COMMAND: POST /session/1820fae8a81a1c34ca12c99f5ca4f404/element - {"using":"xpath","value":"//*[@id=\"__tile130\"]"}
RESULT: {"using":"xpath","value":"//*[@id=\"__tile130\"]"}
COMMAND: POST /session/1820fae8a81a1c34ca12c99f5ca4f404/element/f.043615FDA099A6883ABDD55FCDA43E76.d.5C70645DAFB91A47223683F8649B289F.e.8784/click - {}
RESULT: {}
COMMAND: GET /session/1820fae8a81a1c34ca12c99f5ca4f404/screenshot - {}
RESULT: {}
COMMAND: POST /session/1820fae8a81a1c34ca12c99f5ca4f404/element - {"using":"xpath","value":"//button[@data-kt=\"addButton\"]"}
RESULT: {"using":"xpath","value":"//button[@data-kt=\"addButton\"]"}
COMMAND: POST /session/1820fae8a81a1c34ca12c99f5ca4f404/element/f.043615FDA099A6883ABDD55FCDA43E76.d.5C70645DAFB91A47223683F8649B289F.e.9736/click - {}
RESULT: {}
COMMAND: GET /session/1820fae8a81a1c34ca12c99f5ca4f404/screenshot - {}
COMMAND: POST /session/1820fae8a81a1c34ca12c99f5ca4f404/elements - {"using":"xpath","value":"//span[text()='Error']"}
COMMAND: POST /session/1820fae8a81a1c34ca12c99f5ca4f404/refresh - {}
RESULT: {}
RESULT: {"using":"xpath","value":"//span[text()='Error']"}
RESULT: {}
COMMAND: GET /session/1820fae8a81a1c34ca12c99f5ca4f404/screenshot - {}
RESULT: {}
COMMAND: POST /session/1820fae8a81a1c34ca12c99f5ca4f404/execute/async - {"script":"<script> [189 bytes]","args":[]}
RESULT: {"script":"<script> [189 bytes]","args":[]}
COMMAND: POST /session/1820fae8a81a1c34ca12c99f5ca4f404/execute/async - {"script":"<script> [123 bytes]","args":[]}
RESULT: {"script":"<script> [123 bytes]","args":[]}
COMMAND: POST /session/1820fae8a81a1c34ca12c99f5ca4f404/timeouts - {"script":"<number>"}
RESULT: {"script":"<number>"}
COMMAND: GET /session/1820fae8a81a1c34ca12c99f5ca4f404/timeouts - {}
RESULT: {}
RESULT: undefined
COMMAND: POST /session/1820fae8a81a1c34ca12c99f5ca4f404/execute/async - {"script":"<script> [2676 bytes]","args":[]}
RESULT: {"script":"<script> [2676 bytes]","args":[]}
COMMAND: POST /session/1820fae8a81a1c34ca12c99f5ca4f404/execute/async - {"script":"<script> [2342 bytes]","args":[{"protocol":"http","hostname":"0.0.0.0","path":"/","capabilities":{"browserName":"chrome","goog:chromeOptions":{"binary":"C:\\Program Files\\Google\\Chrome\\Application\\chrome.exe","args":["--start-maximized"]}},"logLevel":"warn","connectionRetryTimeout":120000,"connectionRetryCount":3,"logLevels":{},"enableDirectConnect":true,"strictSSL":true,"_":"65 more keys: [\"cacheDir\",\"port\",\"requestedCapabilities\",\"automationProtocol\",\"baseUrl\",\"waitforInterval\",\"waitforTimeout\",\"onReload\",\"beforeCommand\",\"afterCommand\",\"rootDir\",\"specs\",\"suites\",\"exclude\",\"groupLogsByTestSpec\",\"excludeDriverLogs\",\"bail\",\"framework\",\"reporters\",\"services\",\"maxInstances\",\"maxInstancesPerCapability\",\"injectGlobals\",\"filesToWatch\",\"execArgv\",\"runnerEnv\",\"runner\",\"shard\",\"specFileRetries\",\"specFileRetriesDelay\",\"specFileRetriesDeferred\",\"reporterSyncInterval\",\"reporterSyncTimeout\",\"cucumberFeaturesWithLineNumbers\",\"autoCompileOpts\",\"mochaOpts\",\"jasmineOpts\",\"cucumberOpts\",\"onPrepare\",\"onWorkerStart\",\"onWorkerEnd\",\"before\",\"beforeSession\",\"beforeSuite\",\"beforeHook\",\"beforeTest\",\"afterTest\",\"afterHook\",\"afterSuite\",\"afterSession\",\"after\",\"onComplete\",\"beforeAssertion\",\"afterAssertion\",\"beforeFeature\",\"beforeScenario\",\"beforeStep\",\"afterStep\",\"afterScenario\",\"afterFeature\",\"_\",\"suite\",\"$0\",\"ignoredWorkerServices\",\"wdi5\"]"}]}
RESULT: {"script":"<script> [2342 bytes]","args":[{"protocol":"http","hostname":"0.0.0.0","path":"/","capabilities":{"browserName":"chrome","goog:chromeOptions":{"binary":"C:\\Program Files\\Google\\Chrome\\Application\\chrome.exe","args":["--start-maximized"]}},"logLevel":"warn","connectionRetryTimeout":120000,"connectionRetryCount":3,"logLevels":{},"enableDirectConnect":true,"strictSSL":true,"_":"65 more keys: [\"cacheDir\",\"port\",\"requestedCapabilities\",\"automationProtocol\",\"baseUrl\",\"waitforInterval\",\"waitforTimeout\",\"onReload\",\"beforeCommand\",\"afterCommand\",\"rootDir\",\"specs\",\"suites\",\"exclude\",\"groupLogsByTestSpec\",\"excludeDriverLogs\",\"bail\",\"framework\",\"reporters\",\"services\",\"maxInstances\",\"maxInstancesPerCapability\",\"injectGlobals\",\"filesToWatch\",\"execArgv\",\"runnerEnv\",\"runner\",\"shard\",\"specFileRetries\",\"specFileRetriesDelay\",\"specFileRetriesDeferred\",\"reporterSyncInterval\",\"reporterSyncTimeout\",\"cucumberFeaturesWithLineNumbers\",\"autoCompileOpts\",\"mochaOpts\",\"jasmineOpts\",\"cucumberOpts\",\"onPrepare\",\"onWorkerStart\",\"onWorkerEnd\",\"before\",\"beforeSession\",\"beforeSuite\",\"beforeHook\",\"beforeTest\",\"afterTest\",\"afterHook\",\"afterSuite\",\"afterSession\",\"after\",\"onComplete\",\"beforeAssertion\",\"afterAssertion\",\"beforeFeature\",\"beforeScenario\",\"beforeStep\",\"afterStep\",\"afterScenario\",\"afterFeature\",\"_\",\"suite\",\"$0\",\"ignoredWorkerServices\",\"wdi5\"]"}]}
COMMAND: POST /session/1820fae8a81a1c34ca12c99f5ca4f404/execute/async - {"script":"<script> [21126 bytes]","args":[35000]}
RESULT: {"script":"<script> [21126 bytes]","args":[35000]}
COMMAND: POST /session/1820fae8a81a1c34ca12c99f5ca4f404/execute/async - {"script":"<script> [1562 bytes]","args":[{"selector":{"id":"application-managecontracts-display-component---AddNewContract--contractType","interaction":{"idSuffix":"arrow"}},"wdio_ui5_key":"applicationmanagecontracts-display-component---AddNewContract--contractType"}]}
RESULT: {"script":"<script> [1562 bytes]","args":[{"selector":{"id":"application-managecontracts-display-component---AddNewContract--contractType","interaction":{"idSuffix":"arrow"}},"wdio_ui5_key":"applicationmanagecontracts-display-component---AddNewContract--contractType"}]}
RESULT: undefined
COMMAND: POST /session/1820fae8a81a1c34ca12c99f5ca4f404/element - {"using":"xpath","value":"//*[@id=\"application-managecontracts-display-component---AddNewContract--contractType\"]"}
RESULT: {"using":"xpath","value":"//*[@id=\"application-managecontracts-display-component---AddNewContract--contractType\"]"}
COMMAND: POST /session/1820fae8a81a1c34ca12c99f5ca4f404/element/f.043615FDA099A6883ABDD55FCDA43E76.d.05D40A27C3BF12D329A562D9733E8D25.e.10276/click - {}
RESULT: {}
COMMAND: GET /session/1820fae8a81a1c34ca12c99f5ca4f404/screenshot - {}
RESULT: {}
COMMAND: POST /session/1820fae8a81a1c34ca12c99f5ca4f404/execute/async - {"script":"<script> [1562 bytes]","args":[{"selector":{"controlType":"sap.ui.core.Item","viewName":"etm.portal.ui.managecontracts.view.AddNewContract","viewId":"application-managecontracts-display-component---AddNewContract","bindingPath":{"path":"/ContractTypes('02')","propertyPath":"ID","modelName":"catalogModel"},"searchOpenDialogs":true},"wdio_ui5_key":"etmportal.ui.managecontracts.view.AddNewContractsap.ui.core.Item{\"path\":\"/ContractTypes('02')\",\"propertyPath\":\"ID\",\"modelName\":\"catalogModel\"}"}]}
RESULT: {"script":"<script> [1562 bytes]","args":[{"selector":{"controlType":"sap.ui.core.Item","viewName":"etm.portal.ui.managecontracts.view.AddNewContract","viewId":"application-managecontracts-display-component---AddNewContract","bindingPath":{"path":"/ContractTypes('02')","propertyPath":"ID","modelName":"catalogModel"},"searchOpenDialogs":true},"wdio_ui5_key":"etmportal.ui.managecontracts.view.AddNewContractsap.ui.core.Item{\"path\":\"/ContractTypes('02')\",\"propertyPath\":\"ID\",\"modelName\":\"catalogModel\"}"}]}
RESULT: undefined
COMMAND: POST /session/1820fae8a81a1c34ca12c99f5ca4f404/element - {"using":"xpath","value":"//*[@id=\"__item46-application-managecontracts-display-component---AddNewContract--contractType-1\"]"}
RESULT: {"using":"xpath","value":"//*[@id=\"__item46-application-managecontracts-display-component---AddNewContract--contractType-1\"]"}
COMMAND: POST /session/1820fae8a81a1c34ca12c99f5ca4f404/element/f.043615FDA099A6883ABDD55FCDA43E76.d.05D40A27C3BF12D329A562D9733E8D25.e.10277/click - {}
RESULT: {}
COMMAND: GET /session/1820fae8a81a1c34ca12c99f5ca4f404/screenshot - {}
RESULT: {}
COMMAND: POST /session/1820fae8a81a1c34ca12c99f5ca4f404/execute/async - {"script":"<script> [1562 bytes]","args":[{"selector":{"id":"application-managecontracts-display-component---AddNewContract--projectDescription","interaction":{"idSuffix":"inner"}},"wdio_ui5_key":"applicationmanagecontracts-display-component---AddNewContract--projectDescription"}]}
RESULT: {"script":"<script> [1562 bytes]","args":[{"selector":{"id":"application-managecontracts-display-component---AddNewContract--projectDescription","interaction":{"idSuffix":"inner"}},"wdio_ui5_key":"applicationmanagecontracts-display-component---AddNewContract--projectDescription"}]}
RESULT: undefined
COMMAND: POST /session/1820fae8a81a1c34ca12c99f5ca4f404/execute/async - {"script":"<script> [776 bytes]","args":[{"enterText":"WdIOReducedd0wcj","selector":{"id":"application-managecontracts-display-component---AddNewContract--projectDescription","interaction":{"idSuffix":"inner"}},"clearTextFirst":true,"interactionType":"ENTER_TEXT"}]}
RESULT: {"script":"<script> [776 bytes]","args":[{"enterText":"WdIOReducedd0wcj","selector":{"id":"application-managecontracts-display-component---AddNewContract--projectDescription","interaction":{"idSuffix":"inner"}},"clearTextFirst":true,"interactionType":"ENTER_TEXT"}]}
COMMAND: POST /session/1820fae8a81a1c34ca12c99f5ca4f404/element - {"using":"xpath","value":"//input[@id=\"application-managecontracts-display-component---AddNewContract--yardId-inner\"]"}
RESULT: {"using":"xpath","value":"//input[@id=\"application-managecontracts-display-component---AddNewContract--yardId-inner\"]"}
COMMAND: POST /session/1820fae8a81a1c34ca12c99f5ca4f404/element/f.043615FDA099A6883ABDD55FCDA43E76.d.05D40A27C3BF12D329A562D9733E8D25.e.10189/clear - {}
RESULT: {}
COMMAND: POST /session/1820fae8a81a1c34ca12c99f5ca4f404/element/f.043615FDA099A6883ABDD55FCDA43E76.d.05D40A27C3BF12D329A562D9733E8D25.e.10189/value - {"text":"WebdriverYardpv7ub"}
COMMAND: GET /session/1820fae8a81a1c34ca12c99f5ca4f404/screenshot - {}
RESULT: {"text":"WebdriverYardpv7ub"}
COMMAND: GET /session/1820fae8a81a1c34ca12c99f5ca4f404/screenshot - {}
RESULT: {}
RESULT: {}
COMMAND: POST /session/1820fae8a81a1c34ca12c99f5ca4f404/actions - {"actions":[{"id":"action58","type":"key","parameters":{},"actions":[{"type":"keyDown","value":""},{"type":"pause","duration":10},{"type":"keyUp","value":""}]}]}
RESULT: {"actions":[{"id":"action58","type":"key","parameters":{},"actions":[{"type":"keyDown","value":""},{"type":"pause","duration":10},{"type":"keyUp","value":""}]}]}
COMMAND: GET /session/1820fae8a81a1c34ca12c99f5ca4f404/screenshot - {}
RESULT: {}
COMMAND: POST /session/1820fae8a81a1c34ca12c99f5ca4f404/element - {"using":"xpath","value":"//input[@id=\"application-managecontracts-display-component---AddNewContract--customerSelect-inner\"]"}
RESULT: {"using":"xpath","value":"//input[@id=\"application-managecontracts-display-component---AddNewContract--customerSelect-inner\"]"}
COMMAND: POST /session/1820fae8a81a1c34ca12c99f5ca4f404/element/f.043615FDA099A6883ABDD55FCDA43E76.d.05D40A27C3BF12D329A562D9733E8D25.e.10187/clear - {}
RESULT: {}
COMMAND: POST /session/1820fae8a81a1c34ca12c99f5ca4f404/element/f.043615FDA099A6883ABDD55FCDA43E76.d.05D40A27C3BF12D329A562D9733E8D25.e.10187/value - {"text":"WebdriverPartnergfck1g"}
COMMAND: GET /session/1820fae8a81a1c34ca12c99f5ca4f404/screenshot - {}
RESULT: {"text":"WebdriverPartnergfck1g"}
COMMAND: GET /session/1820fae8a81a1c34ca12c99f5ca4f404/screenshot - {}
RESULT: {}
RESULT: {}
COMMAND: POST /session/1820fae8a81a1c34ca12c99f5ca4f404/actions - {"actions":[{"id":"action59","type":"key","parameters":{},"actions":[{"type":"keyDown","value":""},{"type":"pause","duration":10},{"type":"keyUp","value":""}]}]}
RESULT: {"actions":[{"id":"action59","type":"key","parameters":{},"actions":[{"type":"keyDown","value":""},{"type":"pause","duration":10},{"type":"keyUp","value":""}]}]}
COMMAND: GET /session/1820fae8a81a1c34ca12c99f5ca4f404/screenshot - {}
RESULT: {}
COMMAND: POST /session/1820fae8a81a1c34ca12c99f5ca4f404/execute/async - {"script":"<script> [1562 bytes]","args":[{"selector":{"id":"application-managecontracts-display-component---AddNewContract--calendarInput-arrow"},"wdio_ui5_key":"applicationmanagecontracts-display-component---AddNewContract--calendarInput-arrow"}]}
RESULT: {"script":"<script> [1562 bytes]","args":[{"selector":{"id":"application-managecontracts-display-component---AddNewContract--calendarInput-arrow"},"wdio_ui5_key":"applicationmanagecontracts-display-component---AddNewContract--calendarInput-arrow"}]}
RESULT: undefined
COMMAND: POST /session/1820fae8a81a1c34ca12c99f5ca4f404/element - {"using":"xpath","value":"//*[@id=\"application-managecontracts-display-component---AddNewContract--calendarInput-arrow\"]"}
RESULT: {"using":"xpath","value":"//*[@id=\"application-managecontracts-display-component---AddNewContract--calendarInput-arrow\"]"}
COMMAND: POST /session/1820fae8a81a1c34ca12c99f5ca4f404/element/f.043615FDA099A6883ABDD55FCDA43E76.d.05D40A27C3BF12D329A562D9733E8D25.e.10159/click - {}
RESULT: {}
COMMAND: GET /session/1820fae8a81a1c34ca12c99f5ca4f404/screenshot - {}
RESULT: {}
COMMAND: POST /session/1820fae8a81a1c34ca12c99f5ca4f404/execute/async - {"script":"<script> [1562 bytes]","args":[{"selector":{"controlType":"sap.m.StandardListItem","viewName":"etm.portal.ui.managecontracts.view.AddNewContract","viewId":"application-managecontracts-display-component---AddNewContract","properties":{"title":"1 - Calendar unit test patch"},"searchOpenDialogs":true,"interaction":{"idSuffix":"titleText"}},"wdio_ui5_key":"etmportal.ui.managecontracts.view.AddNewContractsap.m.StandardListItem{\"title\":\"1 - Calendar unit test patch\"}"}]}
RESULT: {"script":"<script> [1562 bytes]","args":[{"selector":{"controlType":"sap.m.StandardListItem","viewName":"etm.portal.ui.managecontracts.view.AddNewContract","viewId":"application-managecontracts-display-component---AddNewContract","properties":{"title":"1 - Calendar unit test patch"},"searchOpenDialogs":true,"interaction":{"idSuffix":"titleText"}},"wdio_ui5_key":"etmportal.ui.managecontracts.view.AddNewContractsap.m.StandardListItem{\"title\":\"1 - Calendar unit test patch\"}"}]}
RESULT: undefined
COMMAND: POST /session/1820fae8a81a1c34ca12c99f5ca4f404/element - {"using":"xpath","value":"//*[@id=\"__item1017\"]"}
RESULT: {"using":"xpath","value":"//*[@id=\"__item1017\"]"}
COMMAND: POST /session/1820fae8a81a1c34ca12c99f5ca4f404/element/f.043615FDA099A6883ABDD55FCDA43E76.d.05D40A27C3BF12D329A562D9733E8D25.e.10284/click - {}
RESULT: {}
COMMAND: GET /session/1820fae8a81a1c34ca12c99f5ca4f404/screenshot - {}
RESULT: {}
COMMAND: POST /session/1820fae8a81a1c34ca12c99f5ca4f404/execute/async - {"script":"<script> [1562 bytes]","args":[{"selector":{"id":"application-managecontracts-display-component---AddNewContract--streetInput","interaction":{"idSuffix":"inner"}},"wdio_ui5_key":"applicationmanagecontracts-display-component---AddNewContract--streetInput"}]}
RESULT: {"script":"<script> [1562 bytes]","args":[{"selector":{"id":"application-managecontracts-display-component---AddNewContract--streetInput","interaction":{"idSuffix":"inner"}},"wdio_ui5_key":"applicationmanagecontracts-display-component---AddNewContract--streetInput"}]}
RESULT: undefined
COMMAND: POST /session/1820fae8a81a1c34ca12c99f5ca4f404/execute/async - {"script":"<script> [776 bytes]","args":[{"enterText":"StreetWdIO","selector":{"id":"application-managecontracts-display-component---AddNewContract--streetInput","interaction":{"idSuffix":"inner"}},"clearTextFirst":true,"interactionType":"ENTER_TEXT"}]}
RESULT: {"script":"<script> [776 bytes]","args":[{"enterText":"StreetWdIO","selector":{"id":"application-managecontracts-display-component---AddNewContract--streetInput","interaction":{"idSuffix":"inner"}},"clearTextFirst":true,"interactionType":"ENTER_TEXT"}]}
COMMAND: POST /session/1820fae8a81a1c34ca12c99f5ca4f404/execute/async - {"script":"<script> [1562 bytes]","args":[{"selector":{"id":"application-managecontracts-display-component---AddNewContract--numberInput","interaction":{"idSuffix":"inner"}},"wdio_ui5_key":"applicationmanagecontracts-display-component---AddNewContract--numberInput"}]}
RESULT: {"script":"<script> [1562 bytes]","args":[{"selector":{"id":"application-managecontracts-display-component---AddNewContract--numberInput","interaction":{"idSuffix":"inner"}},"wdio_ui5_key":"applicationmanagecontracts-display-component---AddNewContract--numberInput"}]}
RESULT: undefined
COMMAND: POST /session/1820fae8a81a1c34ca12c99f5ca4f404/execute/async - {"script":"<script> [776 bytes]","args":[{"enterText":"3","selector":{"id":"application-managecontracts-display-component---AddNewContract--numberInput","interaction":{"idSuffix":"inner"}},"clearTextFirst":true,"interactionType":"ENTER_TEXT"}]}
RESULT: {"script":"<script> [776 bytes]","args":[{"enterText":"3","selector":{"id":"application-managecontracts-display-component---AddNewContract--numberInput","interaction":{"idSuffix":"inner"}},"clearTextFirst":true,"interactionType":"ENTER_TEXT"}]}
COMMAND: POST /session/1820fae8a81a1c34ca12c99f5ca4f404/execute/async - {"script":"<script> [1562 bytes]","args":[{"selector":{"id":"application-managecontracts-display-component---AddNewContract--cityInput","interaction":{"idSuffix":"inner"}},"wdio_ui5_key":"applicationmanagecontracts-display-component---AddNewContract--cityInput"}]}
RESULT: {"script":"<script> [1562 bytes]","args":[{"selector":{"id":"application-managecontracts-display-component---AddNewContract--cityInput","interaction":{"idSuffix":"inner"}},"wdio_ui5_key":"applicationmanagecontracts-display-component---AddNewContract--cityInput"}]}
RESULT: undefined
COMMAND: POST /session/1820fae8a81a1c34ca12c99f5ca4f404/execute/async - {"script":"<script> [776 bytes]","args":[{"enterText":"Bucharest","selector":{"id":"application-managecontracts-display-component---AddNewContract--cityInput","interaction":{"idSuffix":"inner"}},"clearTextFirst":true,"interactionType":"ENTER_TEXT"}]}
RESULT: {"script":"<script> [776 bytes]","args":[{"enterText":"Bucharest","selector":{"id":"application-managecontracts-display-component---AddNewContract--cityInput","interaction":{"idSuffix":"inner"}},"clearTextFirst":true,"interactionType":"ENTER_TEXT"}]}
COMMAND: POST /session/1820fae8a81a1c34ca12c99f5ca4f404/execute/async - {"script":"<script> [1562 bytes]","args":[{"selector":{"id":"application-managecontracts-display-component---AddNewContract--zipInput","interaction":{"idSuffix":"inner"}},"wdio_ui5_key":"applicationmanagecontracts-display-component---AddNewContract--zipInput"}]}
RESULT: {"script":"<script> [1562 bytes]","args":[{"selector":{"id":"application-managecontracts-display-component---AddNewContract--zipInput","interaction":{"idSuffix":"inner"}},"wdio_ui5_key":"applicationmanagecontracts-display-component---AddNewContract--zipInput"}]}
RESULT: undefined
COMMAND: POST /session/1820fae8a81a1c34ca12c99f5ca4f404/execute/async - {"script":"<script> [776 bytes]","args":[{"enterText":"021210","selector":{"id":"application-managecontracts-display-component---AddNewContract--zipInput","interaction":{"idSuffix":"inner"}},"clearTextFirst":true,"interactionType":"ENTER_TEXT"}]}
RESULT: {"script":"<script> [776 bytes]","args":[{"enterText":"021210","selector":{"id":"application-managecontracts-display-component---AddNewContract--zipInput","interaction":{"idSuffix":"inner"}},"clearTextFirst":true,"interactionType":"ENTER_TEXT"}]}
COMMAND: POST /session/1820fae8a81a1c34ca12c99f5ca4f404/element - {"using":"xpath","value":"//bdi[contains(@id ,\"application-managecontracts-display-component---AddNewContract--saveBtn-BDI-content\")]"}
RESULT: {"using":"xpath","value":"//bdi[contains(@id ,\"application-managecontracts-display-component---AddNewContract--saveBtn-BDI-content\")]"}
COMMAND: POST /session/1820fae8a81a1c34ca12c99f5ca4f404/element/f.043615FDA099A6883ABDD55FCDA43E76.d.05D40A27C3BF12D329A562D9733E8D25.e.10289/click - {}
RESULT: {}
COMMAND: GET /session/1820fae8a81a1c34ca12c99f5ca4f404/screenshot - {}
RESULT: {}
COMMAND: POST /session/1820fae8a81a1c34ca12c99f5ca4f404/element - {"using":"xpath","value":"//button[contains(@data-kt ,\"contractDetailEditBtnButton\")]"}
RESULT: {"using":"xpath","value":"//button[contains(@data-kt ,\"contractDetailEditBtnButton\")]"}
COMMAND: POST /session/1820fae8a81a1c34ca12c99f5ca4f404/execute/sync - {"script":"<script> [8489 bytes]","args":[{"element-6066-11e4-a52e-4f735466cecf":"f.043615FDA099A6883ABDD55FCDA43E76.d.05D40A27C3BF12D329A562D9733E8D25.e.10345","ELEMENT":"f.043615FDA099A6883ABDD55FCDA43E76.d.05D40A27C3BF12D329A562D9733E8D25.e.10345"}]}
RESULT: {"script":"<script> [8489 bytes]","args":[{"element-6066-11e4-a52e-4f735466cecf":"f.043615FDA099A6883ABDD55FCDA43E76.d.05D40A27C3BF12D329A562D9733E8D25.e.10345","ELEMENT":"f.043615FDA099A6883ABDD55FCDA43E76.d.05D40A27C3BF12D329A562D9733E8D25.e.10345"}]}
COMMAND: POST /session/1820fae8a81a1c34ca12c99f5ca4f404/execute/sync - {"script":"<script> [8489 bytes]","args":[{"element-6066-11e4-a52e-4f735466cecf":"f.043615FDA099A6883ABDD55FCDA43E76.d.05D40A27C3BF12D329A562D9733E8D25.e.10345","ELEMENT":"f.043615FDA099A6883ABDD55FCDA43E76.d.05D40A27C3BF12D329A562D9733E8D25.e.10345"}]}
COMMAND: GET /session/1820fae8a81a1c34ca12c99f5ca4f404/screenshot - {}
RESULT: {"script":"<script> [8489 bytes]","args":[{"element-6066-11e4-a52e-4f735466cecf":"f.043615FDA099A6883ABDD55FCDA43E76.d.05D40A27C3BF12D329A562D9733E8D25.e.10345","ELEMENT":"f.043615FDA099A6883ABDD55FCDA43E76.d.05D40A27C3BF12D329A562D9733E8D25.e.10345"}]}
COMMAND: POST /session/1820fae8a81a1c34ca12c99f5ca4f404/execute/sync - {"script":"<script> [5351 bytes]","args":[{"element-6066-11e4-a52e-4f735466cecf":"f.043615FDA099A6883ABDD55FCDA43E76.d.05D40A27C3BF12D329A562D9733E8D25.e.10345","ELEMENT":"f.043615FDA099A6883ABDD55FCDA43E76.d.05D40A27C3BF12D329A562D9733E8D25.e.10345"}]}
COMMAND: GET /session/1820fae8a81a1c34ca12c99f5ca4f404/screenshot - {}
RESULT: {}
RESULT: {"script":"<script> [5351 bytes]","args":[{"element-6066-11e4-a52e-4f735466cecf":"f.043615FDA099A6883ABDD55FCDA43E76.d.05D40A27C3BF12D329A562D9733E8D25.e.10345","ELEMENT":"f.043615FDA099A6883ABDD55FCDA43E76.d.05D40A27C3BF12D329A562D9733E8D25.e.10345"}]}
COMMAND: POST /session/1820fae8a81a1c34ca12c99f5ca4f404/execute/async - {"script":"<script> [1562 bytes]","args":[{"selector":{"controlType":"sap.m.Text","viewName":"etm.portal.ui.managecontracts.view.Detail","bindingPath":{"propertyPath":"LINK_TO_C_CONTRACT_TYPES/DESCRIPTION","modelName":"catalogModel"}},"wdio_ui5_key":"etmportal.ui.managecontracts.view.Detailsap.m.Text{\"propertyPath\":\"LINK_TO_C_CONTRACT_TYPES/DESCRIPTION\",\"modelName\":\"catalogModel\"}"}]}
COMMAND: GET /session/1820fae8a81a1c34ca12c99f5ca4f404/screenshot - {}
RESULT: {}
RESULT: {"script":"<script> [1562 bytes]","args":[{"selector":{"controlType":"sap.m.Text","viewName":"etm.portal.ui.managecontracts.view.Detail","bindingPath":{"propertyPath":"LINK_TO_C_CONTRACT_TYPES/DESCRIPTION","modelName":"catalogModel"}},"wdio_ui5_key":"etmportal.ui.managecontracts.view.Detailsap.m.Text{\"propertyPath\":\"LINK_TO_C_CONTRACT_TYPES/DESCRIPTION\",\"modelName\":\"catalogModel\"}"}]}
RESULT: undefined
COMMAND: POST /session/1820fae8a81a1c34ca12c99f5ca4f404/execute/async - {"script":"<script> [6424 bytes]","args":[{"element-6066-11e4-a52e-4f735466cecf":"f.043615FDA099A6883ABDD55FCDA43E76.d.05D40A27C3BF12D329A562D9733E8D25.e.10348"},"getText",[]]}
RESULT: {}
RESULT: {"script":"<script> [6424 bytes]","args":[{"element-6066-11e4-a52e-4f735466cecf":"f.043615FDA099A6883ABDD55FCDA43E76.d.05D40A27C3BF12D329A562D9733E8D25.e.10348"},"getText",[]]}
COMMAND: POST /session/1820fae8a81a1c34ca12c99f5ca4f404/element/f.043615FDA099A6883ABDD55FCDA43E76.d.05D40A27C3BF12D329A562D9733E8D25.e.10345/click - {}
RESULT: {}
COMMAND: GET /session/1820fae8a81a1c34ca12c99f5ca4f404/screenshot - {}
RESULT: {}
]]></system-out>
    </testcase>
    <testcase classname="chrome.136_0_7103_93.windows.Reduced_contract_US151275" name="Should add a RU to the contract" time="49.303">
      <system-out><![CDATA[
COMMAND: POST /session/1820fae8a81a1c34ca12c99f5ca4f404/element - {"using":"xpath","value":"(//span[contains(text(), \"Header Billing Items\")])[2]"}
RESULT: {"using":"xpath","value":"(//span[contains(text(), \"Header Billing Items\")])[2]"}
COMMAND: POST /session/1820fae8a81a1c34ca12c99f5ca4f404/element/f.043615FDA099A6883ABDD55FCDA43E76.d.05D40A27C3BF12D329A562D9733E8D25.e.10389/click - {}
RESULT: {}
COMMAND: GET /session/1820fae8a81a1c34ca12c99f5ca4f404/screenshot - {}
RESULT: {}
COMMAND: POST /session/1820fae8a81a1c34ca12c99f5ca4f404/element - {"using":"xpath","value":"//button[@data-kt=\"btnAddTableRowOverflowToolbarButton\"]"}
RESULT: {"using":"xpath","value":"//button[@data-kt=\"btnAddTableRowOverflowToolbarButton\"]"}
COMMAND: POST /session/1820fae8a81a1c34ca12c99f5ca4f404/element/f.043615FDA099A6883ABDD55FCDA43E76.d.05D40A27C3BF12D329A562D9733E8D25.e.10394/click - {}
RESULT: {}
COMMAND: GET /session/1820fae8a81a1c34ca12c99f5ca4f404/screenshot - {}
RESULT: {}
COMMAND: POST /session/1820fae8a81a1c34ca12c99f5ca4f404/element - {"using":"xpath","value":"//div[(text() = 'Standard Entry' or . = 'Standard Entry')]"}
RESULT: {"using":"xpath","value":"//div[(text() = 'Standard Entry' or . = 'Standard Entry')]"}
COMMAND: POST /session/1820fae8a81a1c34ca12c99f5ca4f404/element/f.043615FDA099A6883ABDD55FCDA43E76.d.05D40A27C3BF12D329A562D9733E8D25.e.10396/click - {}
RESULT: {}
COMMAND: POST /session/1820fae8a81a1c34ca12c99f5ca4f404/element - {"using":"xpath","value":"//td[6]/div/div/input[1]"}
COMMAND: GET /session/1820fae8a81a1c34ca12c99f5ca4f404/screenshot - {}
RESULT: {"using":"xpath","value":"//td[6]/div/div/input[1]"}
COMMAND: POST /session/1820fae8a81a1c34ca12c99f5ca4f404/element/f.043615FDA099A6883ABDD55FCDA43E76.d.05D40A27C3BF12D329A562D9733E8D25.e.10398/click - {}
RESULT: {}
RESULT: {}
COMMAND: POST /session/1820fae8a81a1c34ca12c99f5ca4f404/actions - {"actions":[{"id":"action60","type":"key","parameters":{},"actions":[{"type":"keyDown","value":""},{"type":"pause","duration":10},{"type":"keyUp","value":""}]}]}
COMMAND: GET /session/1820fae8a81a1c34ca12c99f5ca4f404/screenshot - {}
RESULT: {"actions":[{"id":"action60","type":"key","parameters":{},"actions":[{"type":"keyDown","value":""},{"type":"pause","duration":10},{"type":"keyUp","value":""}]}]}
COMMAND: POST /session/1820fae8a81a1c34ca12c99f5ca4f404/element - {"using":"xpath","value":"//td[6]/div/div/input[1]"}
COMMAND: GET /session/1820fae8a81a1c34ca12c99f5ca4f404/screenshot - {}
RESULT: {}
RESULT: {"using":"xpath","value":"//td[6]/div/div/input[1]"}
COMMAND: POST /session/1820fae8a81a1c34ca12c99f5ca4f404/element/f.043615FDA099A6883ABDD55FCDA43E76.d.05D40A27C3BF12D329A562D9733E8D25.e.10398/clear - {}
RESULT: {}
RESULT: {}
COMMAND: POST /session/1820fae8a81a1c34ca12c99f5ca4f404/element/f.043615FDA099A6883ABDD55FCDA43E76.d.05D40A27C3BF12D329A562D9733E8D25.e.10398/value - {"text":"Material"}
COMMAND: GET /session/1820fae8a81a1c34ca12c99f5ca4f404/screenshot - {}
RESULT: {"text":"Material"}
COMMAND: GET /session/1820fae8a81a1c34ca12c99f5ca4f404/screenshot - {}
RESULT: {}
RESULT: {}
COMMAND: POST /session/1820fae8a81a1c34ca12c99f5ca4f404/actions - {"actions":[{"id":"action61","type":"key","parameters":{},"actions":[{"type":"keyDown","value":""},{"type":"pause","duration":10},{"type":"keyUp","value":""}]}]}
RESULT: {"actions":[{"id":"action61","type":"key","parameters":{},"actions":[{"type":"keyDown","value":""},{"type":"pause","duration":10},{"type":"keyUp","value":""}]}]}
COMMAND: GET /session/1820fae8a81a1c34ca12c99f5ca4f404/screenshot - {}
COMMAND: POST /session/1820fae8a81a1c34ca12c99f5ca4f404/actions - {"actions":[{"id":"action62","type":"key","parameters":{},"actions":[{"type":"keyDown","value":""},{"type":"pause","duration":10},{"type":"keyUp","value":""}]}]}
RESULT: {}
RESULT: {"actions":[{"id":"action62","type":"key","parameters":{},"actions":[{"type":"keyDown","value":""},{"type":"pause","duration":10},{"type":"keyUp","value":""}]}]}
COMMAND: POST /session/1820fae8a81a1c34ca12c99f5ca4f404/element - {"using":"xpath","value":"//td[7]/div/div/input"}
COMMAND: GET /session/1820fae8a81a1c34ca12c99f5ca4f404/screenshot - {}
RESULT: {"using":"xpath","value":"//td[7]/div/div/input"}
COMMAND: POST /session/1820fae8a81a1c34ca12c99f5ca4f404/element/f.043615FDA099A6883ABDD55FCDA43E76.d.05D40A27C3BF12D329A562D9733E8D25.e.10411/clear - {}
RESULT: {}
RESULT: {}
COMMAND: POST /session/1820fae8a81a1c34ca12c99f5ca4f404/element/f.043615FDA099A6883ABDD55FCDA43E76.d.05D40A27C3BF12D329A562D9733E8D25.e.10411/value - {"text":"WebdriverRUR2C"}
COMMAND: GET /session/1820fae8a81a1c34ca12c99f5ca4f404/screenshot - {}
RESULT: {"text":"WebdriverRUR2C"}
COMMAND: GET /session/1820fae8a81a1c34ca12c99f5ca4f404/screenshot - {}
RESULT: {}
RESULT: {}
COMMAND: POST /session/1820fae8a81a1c34ca12c99f5ca4f404/actions - {"actions":[{"id":"action63","type":"key","parameters":{},"actions":[{"type":"keyDown","value":""},{"type":"pause","duration":10},{"type":"keyUp","value":""}]}]}
RESULT: {"actions":[{"id":"action63","type":"key","parameters":{},"actions":[{"type":"keyDown","value":""},{"type":"pause","duration":10},{"type":"keyUp","value":""}]}]}
COMMAND: GET /session/1820fae8a81a1c34ca12c99f5ca4f404/screenshot - {}
RESULT: {}
COMMAND: POST /session/1820fae8a81a1c34ca12c99f5ca4f404/actions - {"actions":[{"id":"action64","type":"key","parameters":{},"actions":[{"type":"keyDown","value":""},{"type":"pause","duration":10},{"type":"keyUp","value":""}]}]}
RESULT: {"actions":[{"id":"action64","type":"key","parameters":{},"actions":[{"type":"keyDown","value":""},{"type":"pause","duration":10},{"type":"keyUp","value":""}]}]}
COMMAND: GET /session/1820fae8a81a1c34ca12c99f5ca4f404/screenshot - {}
RESULT: {}
COMMAND: POST /session/1820fae8a81a1c34ca12c99f5ca4f404/element - {"using":"xpath","value":"(//button[@data-kt=\"saveButton\"])[2]"}
RESULT: {"using":"xpath","value":"(//button[@data-kt=\"saveButton\"])[2]"}
COMMAND: POST /session/1820fae8a81a1c34ca12c99f5ca4f404/element/f.043615FDA099A6883ABDD55FCDA43E76.d.05D40A27C3BF12D329A562D9733E8D25.e.10436/click - {}
RESULT: {}
COMMAND: GET /session/1820fae8a81a1c34ca12c99f5ca4f404/screenshot - {}
RESULT: {}
COMMAND: POST /session/1820fae8a81a1c34ca12c99f5ca4f404/element - {"using":"xpath","value":"//button[contains(@data-kt ,\"contractDetailEditBtnButton\")]"}
RESULT: {"using":"xpath","value":"//button[contains(@data-kt ,\"contractDetailEditBtnButton\")]"}
COMMAND: POST /session/1820fae8a81a1c34ca12c99f5ca4f404/execute/sync - {"script":"<script> [8489 bytes]","args":[{"element-6066-11e4-a52e-4f735466cecf":"f.043615FDA099A6883ABDD55FCDA43E76.d.05D40A27C3BF12D329A562D9733E8D25.e.10345","ELEMENT":"f.043615FDA099A6883ABDD55FCDA43E76.d.05D40A27C3BF12D329A562D9733E8D25.e.10345"}]}
RESULT: {"script":"<script> [8489 bytes]","args":[{"element-6066-11e4-a52e-4f735466cecf":"f.043615FDA099A6883ABDD55FCDA43E76.d.05D40A27C3BF12D329A562D9733E8D25.e.10345","ELEMENT":"f.043615FDA099A6883ABDD55FCDA43E76.d.05D40A27C3BF12D329A562D9733E8D25.e.10345"}]}
COMMAND: POST /session/1820fae8a81a1c34ca12c99f5ca4f404/execute/sync - {"script":"<script> [8489 bytes]","args":[{"element-6066-11e4-a52e-4f735466cecf":"f.043615FDA099A6883ABDD55FCDA43E76.d.05D40A27C3BF12D329A562D9733E8D25.e.10345","ELEMENT":"f.043615FDA099A6883ABDD55FCDA43E76.d.05D40A27C3BF12D329A562D9733E8D25.e.10345"}]}
COMMAND: GET /session/1820fae8a81a1c34ca12c99f5ca4f404/screenshot - {}
RESULT: {"script":"<script> [8489 bytes]","args":[{"element-6066-11e4-a52e-4f735466cecf":"f.043615FDA099A6883ABDD55FCDA43E76.d.05D40A27C3BF12D329A562D9733E8D25.e.10345","ELEMENT":"f.043615FDA099A6883ABDD55FCDA43E76.d.05D40A27C3BF12D329A562D9733E8D25.e.10345"}]}
COMMAND: POST /session/1820fae8a81a1c34ca12c99f5ca4f404/execute/sync - {"script":"<script> [5351 bytes]","args":[{"element-6066-11e4-a52e-4f735466cecf":"f.043615FDA099A6883ABDD55FCDA43E76.d.05D40A27C3BF12D329A562D9733E8D25.e.10345","ELEMENT":"f.043615FDA099A6883ABDD55FCDA43E76.d.05D40A27C3BF12D329A562D9733E8D25.e.10345"}]}
COMMAND: GET /session/1820fae8a81a1c34ca12c99f5ca4f404/screenshot - {}
RESULT: {}
RESULT: {"script":"<script> [5351 bytes]","args":[{"element-6066-11e4-a52e-4f735466cecf":"f.043615FDA099A6883ABDD55FCDA43E76.d.05D40A27C3BF12D329A562D9733E8D25.e.10345","ELEMENT":"f.043615FDA099A6883ABDD55FCDA43E76.d.05D40A27C3BF12D329A562D9733E8D25.e.10345"}]}
COMMAND: POST /session/1820fae8a81a1c34ca12c99f5ca4f404/element - {"using":"xpath","value":"(//span[contains(text(), \"Header Billing Items\")])[1]"}
COMMAND: GET /session/1820fae8a81a1c34ca12c99f5ca4f404/screenshot - {}
RESULT: {}
RESULT: {"using":"xpath","value":"(//span[contains(text(), \"Header Billing Items\")])[1]"}
COMMAND: POST /session/1820fae8a81a1c34ca12c99f5ca4f404/element/f.043615FDA099A6883ABDD55FCDA43E76.d.05D40A27C3BF12D329A562D9733E8D25.e.10439/click - {}
RESULT: {}
RESULT: {}
COMMAND: GET /session/1820fae8a81a1c34ca12c99f5ca4f404/screenshot - {}
RESULT: {}
COMMAND: POST /session/1820fae8a81a1c34ca12c99f5ca4f404/execute/async - {"script":"<script> [1562 bytes]","args":[{"selector":{"controlType":"sap.m.Title","viewName":"etm.portal.ui.managecontracts.view.Detail","properties":{"text":"Contract Items (1)"}},"wdio_ui5_key":"etmportal.ui.managecontracts.view.Detailsap.m.Title{\"text\":\"Contract Items (1)\"}"}]}
RESULT: {"script":"<script> [1562 bytes]","args":[{"selector":{"controlType":"sap.m.Title","viewName":"etm.portal.ui.managecontracts.view.Detail","properties":{"text":"Contract Items (1)"}},"wdio_ui5_key":"etmportal.ui.managecontracts.view.Detailsap.m.Title{\"text\":\"Contract Items (1)\"}"}]}
RESULT: undefined
COMMAND: POST /session/1820fae8a81a1c34ca12c99f5ca4f404/execute/async - {"script":"<script> [6424 bytes]","args":[{"element-6066-11e4-a52e-4f735466cecf":"f.043615FDA099A6883ABDD55FCDA43E76.d.05D40A27C3BF12D329A562D9733E8D25.e.10441"},"getText",[]]}
RESULT: {"script":"<script> [6424 bytes]","args":[{"element-6066-11e4-a52e-4f735466cecf":"f.043615FDA099A6883ABDD55FCDA43E76.d.05D40A27C3BF12D329A562D9733E8D25.e.10441"},"getText",[]]}
COMMAND: POST /session/1820fae8a81a1c34ca12c99f5ca4f404/element - {"using":"xpath","value":"(//span[contains(@class ,\"sapMObjStatusText\")])[1]"}
RESULT: {"using":"xpath","value":"(//span[contains(@class ,\"sapMObjStatusText\")])[1]"}
COMMAND: GET /session/1820fae8a81a1c34ca12c99f5ca4f404/element/f.043615FDA099A6883ABDD55FCDA43E76.d.05D40A27C3BF12D329A562D9733E8D25.e.10442/text - {}
RESULT: {}
COMMAND: POST /session/1820fae8a81a1c34ca12c99f5ca4f404/refresh - {}
RESULT: {}
COMMAND: GET /session/1820fae8a81a1c34ca12c99f5ca4f404/screenshot - {}
RESULT: {}
COMMAND: POST /session/1820fae8a81a1c34ca12c99f5ca4f404/execute/async - {"script":"<script> [189 bytes]","args":[]}
RESULT: {"script":"<script> [189 bytes]","args":[]}
COMMAND: POST /session/1820fae8a81a1c34ca12c99f5ca4f404/execute/async - {"script":"<script> [123 bytes]","args":[]}
RESULT: {"script":"<script> [123 bytes]","args":[]}
COMMAND: POST /session/1820fae8a81a1c34ca12c99f5ca4f404/timeouts - {"script":"<number>"}
RESULT: {"script":"<number>"}
COMMAND: GET /session/1820fae8a81a1c34ca12c99f5ca4f404/timeouts - {}
RESULT: {}
RESULT: undefined
COMMAND: POST /session/1820fae8a81a1c34ca12c99f5ca4f404/execute/async - {"script":"<script> [2676 bytes]","args":[]}
RESULT: {"script":"<script> [2676 bytes]","args":[]}
COMMAND: POST /session/1820fae8a81a1c34ca12c99f5ca4f404/execute/async - {"script":"<script> [2342 bytes]","args":[{"protocol":"http","hostname":"0.0.0.0","path":"/","capabilities":{"browserName":"chrome","goog:chromeOptions":{"binary":"C:\\Program Files\\Google\\Chrome\\Application\\chrome.exe","args":["--start-maximized"]}},"logLevel":"warn","connectionRetryTimeout":120000,"connectionRetryCount":3,"logLevels":{},"enableDirectConnect":true,"strictSSL":true,"_":"65 more keys: [\"cacheDir\",\"port\",\"requestedCapabilities\",\"automationProtocol\",\"baseUrl\",\"waitforInterval\",\"waitforTimeout\",\"onReload\",\"beforeCommand\",\"afterCommand\",\"rootDir\",\"specs\",\"suites\",\"exclude\",\"groupLogsByTestSpec\",\"excludeDriverLogs\",\"bail\",\"framework\",\"reporters\",\"services\",\"maxInstances\",\"maxInstancesPerCapability\",\"injectGlobals\",\"filesToWatch\",\"execArgv\",\"runnerEnv\",\"runner\",\"shard\",\"specFileRetries\",\"specFileRetriesDelay\",\"specFileRetriesDeferred\",\"reporterSyncInterval\",\"reporterSyncTimeout\",\"cucumberFeaturesWithLineNumbers\",\"autoCompileOpts\",\"mochaOpts\",\"jasmineOpts\",\"cucumberOpts\",\"onPrepare\",\"onWorkerStart\",\"onWorkerEnd\",\"before\",\"beforeSession\",\"beforeSuite\",\"beforeHook\",\"beforeTest\",\"afterTest\",\"afterHook\",\"afterSuite\",\"afterSession\",\"after\",\"onComplete\",\"beforeAssertion\",\"afterAssertion\",\"beforeFeature\",\"beforeScenario\",\"beforeStep\",\"afterStep\",\"afterScenario\",\"afterFeature\",\"_\",\"suite\",\"$0\",\"ignoredWorkerServices\",\"wdi5\"]"}]}
RESULT: {"script":"<script> [2342 bytes]","args":[{"protocol":"http","hostname":"0.0.0.0","path":"/","capabilities":{"browserName":"chrome","goog:chromeOptions":{"binary":"C:\\Program Files\\Google\\Chrome\\Application\\chrome.exe","args":["--start-maximized"]}},"logLevel":"warn","connectionRetryTimeout":120000,"connectionRetryCount":3,"logLevels":{},"enableDirectConnect":true,"strictSSL":true,"_":"65 more keys: [\"cacheDir\",\"port\",\"requestedCapabilities\",\"automationProtocol\",\"baseUrl\",\"waitforInterval\",\"waitforTimeout\",\"onReload\",\"beforeCommand\",\"afterCommand\",\"rootDir\",\"specs\",\"suites\",\"exclude\",\"groupLogsByTestSpec\",\"excludeDriverLogs\",\"bail\",\"framework\",\"reporters\",\"services\",\"maxInstances\",\"maxInstancesPerCapability\",\"injectGlobals\",\"filesToWatch\",\"execArgv\",\"runnerEnv\",\"runner\",\"shard\",\"specFileRetries\",\"specFileRetriesDelay\",\"specFileRetriesDeferred\",\"reporterSyncInterval\",\"reporterSyncTimeout\",\"cucumberFeaturesWithLineNumbers\",\"autoCompileOpts\",\"mochaOpts\",\"jasmineOpts\",\"cucumberOpts\",\"onPrepare\",\"onWorkerStart\",\"onWorkerEnd\",\"before\",\"beforeSession\",\"beforeSuite\",\"beforeHook\",\"beforeTest\",\"afterTest\",\"afterHook\",\"afterSuite\",\"afterSession\",\"after\",\"onComplete\",\"beforeAssertion\",\"afterAssertion\",\"beforeFeature\",\"beforeScenario\",\"beforeStep\",\"afterStep\",\"afterScenario\",\"afterFeature\",\"_\",\"suite\",\"$0\",\"ignoredWorkerServices\",\"wdi5\"]"}]}
COMMAND: POST /session/1820fae8a81a1c34ca12c99f5ca4f404/execute/async - {"script":"<script> [21126 bytes]","args":[35000]}
RESULT: {"script":"<script> [21126 bytes]","args":[35000]}
COMMAND: POST /session/1820fae8a81a1c34ca12c99f5ca4f404/element - {"using":"css selector","value":"#shell-header-logo"}
RESULT: {"using":"css selector","value":"#shell-header-logo"}
COMMAND: POST /session/1820fae8a81a1c34ca12c99f5ca4f404/element/f.043615FDA099A6883ABDD55FCDA43E76.d.CB015FADF542B066469E83559CA38AE8.e.10449/click - {}
RESULT: {}
COMMAND: GET /session/1820fae8a81a1c34ca12c99f5ca4f404/screenshot - {}
RESULT: {}
]]></system-out>
    </testcase>
  </testsuite>
  <testsuite timestamp="2025-05-21T18:20:05" time="1451.349" tests="7" failures="0" errors="0" skipped="0">
    <properties>
      <property name="specId" value="0"/>
      <property name="suiteName" value="E2E - Logistical and commercial statuses"/>
      <property name="capabilities" value="chrome.136_0_7103_93.windows"/>
      <property name="file" value="file:///D:/a/1/s/test/specs/R2C/E2E-Logistical-and-commercial-status.spec.js"/>
    </properties>
    <testcase classname="chrome.136_0_7103_93.windows.E2E_-_Logistical_and_commercial_statuses" name="Should create prerequisites yard partner and site" time="313.017">
      <system-out><![CDATA[
COMMAND: POST /session/1820fae8a81a1c34ca12c99f5ca4f404/execute/async - {"script":"<script> [1562 bytes]","args":[{"selector":{"controlType":"sap.m.GenericTile","properties":{"header":"Manage Yards"}},"wdio_ui5_key":"sapm.GenericTile{\"header\":\"Manage Yards\"}"}]}
RESULT: {"script":"<script> [1562 bytes]","args":[{"selector":{"controlType":"sap.m.GenericTile","properties":{"header":"Manage Yards"}},"wdio_ui5_key":"sapm.GenericTile{\"header\":\"Manage Yards\"}"}]}
RESULT: undefined
COMMAND: POST /session/1820fae8a81a1c34ca12c99f5ca4f404/element - {"using":"xpath","value":"//*[@id=\"__tile41\"]"}
RESULT: {"using":"xpath","value":"//*[@id=\"__tile41\"]"}
COMMAND: POST /session/1820fae8a81a1c34ca12c99f5ca4f404/element/f.043615FDA099A6883ABDD55FCDA43E76.d.CB015FADF542B066469E83559CA38AE8.e.10640/click - {}
RESULT: {}
COMMAND: GET /session/1820fae8a81a1c34ca12c99f5ca4f404/screenshot - {}
RESULT: {}
COMMAND: POST /session/1820fae8a81a1c34ca12c99f5ca4f404/elements - {"using":"xpath","value":"//span[text()='Error']"}
RESULT: {"using":"xpath","value":"//span[text()='Error']"}
COMMAND: POST /session/1820fae8a81a1c34ca12c99f5ca4f404/execute/async - {"script":"<script> [1562 bytes]","args":[{"selector":{"controlType":"sap.ui.core.Icon","viewName":"etm.portal.ui.manageyards.view.Master","viewId":"application-manageyards-display-component---masterYard","properties":{"src":{"regex":{"source":"add"}}}},"wdio_ui5_key":"etmportal.ui.manageyards.view.Mastersap.ui.core.Icon{\"src\":{\"regex\":{\"source\":\"add\"}}}"}]}
RESULT: {"script":"<script> [1562 bytes]","args":[{"selector":{"controlType":"sap.ui.core.Icon","viewName":"etm.portal.ui.manageyards.view.Master","viewId":"application-manageyards-display-component---masterYard","properties":{"src":{"regex":{"source":"add"}}}},"wdio_ui5_key":"etmportal.ui.manageyards.view.Mastersap.ui.core.Icon{\"src\":{\"regex\":{\"source\":\"add\"}}}"}]}
RESULT: undefined
COMMAND: POST /session/1820fae8a81a1c34ca12c99f5ca4f404/element - {"using":"xpath","value":"//*[@id=\"__button14-img\"]"}
RESULT: {"using":"xpath","value":"//*[@id=\"__button14-img\"]"}
COMMAND: POST /session/1820fae8a81a1c34ca12c99f5ca4f404/element/f.043615FDA099A6883ABDD55FCDA43E76.d.CB015FADF542B066469E83559CA38AE8.e.10683/click - {}
RESULT: {}
COMMAND: GET /session/1820fae8a81a1c34ca12c99f5ca4f404/screenshot - {}
RESULT: {}
COMMAND: POST /session/1820fae8a81a1c34ca12c99f5ca4f404/execute/async - {"script":"<script> [1562 bytes]","args":[{"selector":{"id":"application-manageyards-display-component---NewYard--yardId","interaction":{"idSuffix":"inner"}},"wdio_ui5_key":"applicationmanageyards-display-component---NewYard--yardId"}]}
RESULT: {"script":"<script> [1562 bytes]","args":[{"selector":{"id":"application-manageyards-display-component---NewYard--yardId","interaction":{"idSuffix":"inner"}},"wdio_ui5_key":"applicationmanageyards-display-component---NewYard--yardId"}]}
RESULT: undefined
COMMAND: POST /session/1820fae8a81a1c34ca12c99f5ca4f404/element - {"using":"xpath","value":"//*[@id=\"application-manageyards-display-component---NewYard--addressDetailDetailsName1-inner\"]"}
RESULT: {"using":"xpath","value":"//*[@id=\"application-manageyards-display-component---NewYard--addressDetailDetailsName1-inner\"]"}
COMMAND: POST /session/1820fae8a81a1c34ca12c99f5ca4f404/element/f.043615FDA099A6883ABDD55FCDA43E76.d.CB015FADF542B066469E83559CA38AE8.e.10864/clear - {}
RESULT: {}
COMMAND: POST /session/1820fae8a81a1c34ca12c99f5ca4f404/element/f.043615FDA099A6883ABDD55FCDA43E76.d.CB015FADF542B066469E83559CA38AE8.e.10864/value - {"text":"WebdriverYardkqmun"}
COMMAND: GET /session/1820fae8a81a1c34ca12c99f5ca4f404/screenshot - {}
RESULT: {"text":"WebdriverYardkqmun"}
COMMAND: POST /session/1820fae8a81a1c34ca12c99f5ca4f404/element - {"using":"xpath","value":"//*[@id=\"application-manageyards-display-component---NewYard--addressDetailDetailsLanguage-inner\"]"}
COMMAND: GET /session/1820fae8a81a1c34ca12c99f5ca4f404/screenshot - {}
RESULT: {}
RESULT: {"using":"xpath","value":"//*[@id=\"application-manageyards-display-component---NewYard--addressDetailDetailsLanguage-inner\"]"}
COMMAND: POST /session/1820fae8a81a1c34ca12c99f5ca4f404/element/f.043615FDA099A6883ABDD55FCDA43E76.d.CB015FADF542B066469E83559CA38AE8.e.10865/clear - {}
RESULT: {}
RESULT: {}
COMMAND: POST /session/1820fae8a81a1c34ca12c99f5ca4f404/element/f.043615FDA099A6883ABDD55FCDA43E76.d.CB015FADF542B066469E83559CA38AE8.e.10865/value - {"text":"Romanian"}
COMMAND: GET /session/1820fae8a81a1c34ca12c99f5ca4f404/screenshot - {}
RESULT: {"text":"Romanian"}
COMMAND: POST /session/1820fae8a81a1c34ca12c99f5ca4f404/element - {"using":"xpath","value":"//input[contains(@id ,\"application-manageyards-display-component---NewYard--addressDetailDetailsName1-inner\")]"}
COMMAND: GET /session/1820fae8a81a1c34ca12c99f5ca4f404/screenshot - {}
RESULT: {}
RESULT: {"using":"xpath","value":"//input[contains(@id ,\"application-manageyards-display-component---NewYard--addressDetailDetailsName1-inner\")]"}
COMMAND: GET /session/1820fae8a81a1c34ca12c99f5ca4f404/element/f.043615FDA099A6883ABDD55FCDA43E76.d.CB015FADF542B066469E83559CA38AE8.e.10864/property/value - {}
RESULT: {}
RESULT: {}
COMMAND: GET /session/1820fae8a81a1c34ca12c99f5ca4f404/screenshot - {}
RESULT: {}
COMMAND: POST /session/1820fae8a81a1c34ca12c99f5ca4f404/element - {"using":"xpath","value":"//*[@id=\"application-manageyards-display-component---NewYard--addressDetailDetailsCity1-inner\"]"}
RESULT: {"using":"xpath","value":"//*[@id=\"application-manageyards-display-component---NewYard--addressDetailDetailsCity1-inner\"]"}
COMMAND: POST /session/1820fae8a81a1c34ca12c99f5ca4f404/element/f.043615FDA099A6883ABDD55FCDA43E76.d.CB015FADF542B066469E83559CA38AE8.e.10867/clear - {}
RESULT: {}
COMMAND: POST /session/1820fae8a81a1c34ca12c99f5ca4f404/element/f.043615FDA099A6883ABDD55FCDA43E76.d.CB015FADF542B066469E83559CA38AE8.e.10867/value - {"text":"Bucuresti"}
COMMAND: GET /session/1820fae8a81a1c34ca12c99f5ca4f404/screenshot - {}
RESULT: {"text":"Bucuresti"}
COMMAND: GET /session/1820fae8a81a1c34ca12c99f5ca4f404/screenshot - {}
RESULT: {}
RESULT: {}
COMMAND: POST /session/1820fae8a81a1c34ca12c99f5ca4f404/element - {"using":"xpath","value":"//*[@id=\"application-manageyards-display-component---NewYard--addressDetailDetailsCountry-inner\"]"}
RESULT: {"using":"xpath","value":"//*[@id=\"application-manageyards-display-component---NewYard--addressDetailDetailsCountry-inner\"]"}
COMMAND: POST /session/1820fae8a81a1c34ca12c99f5ca4f404/element/f.043615FDA099A6883ABDD55FCDA43E76.d.CB015FADF542B066469E83559CA38AE8.e.10871/clear - {}
RESULT: {}
COMMAND: POST /session/1820fae8a81a1c34ca12c99f5ca4f404/element/f.043615FDA099A6883ABDD55FCDA43E76.d.CB015FADF542B066469E83559CA38AE8.e.10871/value - {"text":"Romania"}
COMMAND: GET /session/1820fae8a81a1c34ca12c99f5ca4f404/screenshot - {}
RESULT: {"text":"Romania"}
COMMAND: GET /session/1820fae8a81a1c34ca12c99f5ca4f404/screenshot - {}
RESULT: {}
RESULT: {}
COMMAND: POST /session/1820fae8a81a1c34ca12c99f5ca4f404/element - {"using":"xpath","value":"//div[contains(text(), \"Commercial\")]"}
RESULT: {"using":"xpath","value":"//div[contains(text(), \"Commercial\")]"}
COMMAND: GET /session/1820fae8a81a1c34ca12c99f5ca4f404/element/f.043615FDA099A6883ABDD55FCDA43E76.d.CB015FADF542B066469E83559CA38AE8.e.11113/rect - {}
RESULT: {}
COMMAND: GET /session/1820fae8a81a1c34ca12c99f5ca4f404/window/rect - {}
RESULT: {}
COMMAND: POST /session/1820fae8a81a1c34ca12c99f5ca4f404/execute/sync - {"script":"<script> [92 bytes]","args":[]}
RESULT: {"script":"<script> [92 bytes]","args":[]}
COMMAND: POST /session/1820fae8a81a1c34ca12c99f5ca4f404/actions - {"actions":[{"id":"action65","type":"wheel","parameters":{},"actions":[{"type":"scroll","x":-1841,"y":-44,"deltaX":0,"deltaY":0,"duration":0,"origin":{"element-6066-11e4-a52e-4f735466cecf":"f.043615FDA099A6883ABDD55FCDA43E76.d.CB015FADF542B066469E83559CA38AE8.e.11113"}}]}]}
COMMAND: GET /session/1820fae8a81a1c34ca12c99f5ca4f404/screenshot - {}
RESULT: {}
COMMAND: POST /session/1820fae8a81a1c34ca12c99f5ca4f404/execute/sync - {"script":"<script> [79 bytes]","args":[{"element-6066-11e4-a52e-4f735466cecf":"f.043615FDA099A6883ABDD55FCDA43E76.d.CB015FADF542B066469E83559CA38AE8.e.11113","ELEMENT":"f.043615FDA099A6883ABDD55FCDA43E76.d.CB015FADF542B066469E83559CA38AE8.e.11113"},{"block":"start","inline":"nearest"}]}
RESULT: {"script":"<script> [79 bytes]","args":[{"element-6066-11e4-a52e-4f735466cecf":"f.043615FDA099A6883ABDD55FCDA43E76.d.CB015FADF542B066469E83559CA38AE8.e.11113","ELEMENT":"f.043615FDA099A6883ABDD55FCDA43E76.d.CB015FADF542B066469E83559CA38AE8.e.11113"},{"block":"start","inline":"nearest"}]}
COMMAND: GET /session/1820fae8a81a1c34ca12c99f5ca4f404/screenshot - {}
RESULT: {}
COMMAND: POST /session/1820fae8a81a1c34ca12c99f5ca4f404/execute/async - {"script":"<script> [1562 bytes]","args":[{"selector":{"id":"application-manageyards-display-component---NewYard--addressEditDetailsCostObjectCstType-arrow"},"wdio_ui5_key":"applicationmanageyards-display-component---NewYard--addressEditDetailsCostObjectCstType-arrow"}]}
RESULT: {"script":"<script> [1562 bytes]","args":[{"selector":{"id":"application-manageyards-display-component---NewYard--addressEditDetailsCostObjectCstType-arrow"},"wdio_ui5_key":"applicationmanageyards-display-component---NewYard--addressEditDetailsCostObjectCstType-arrow"}]}
RESULT: undefined
COMMAND: POST /session/1820fae8a81a1c34ca12c99f5ca4f404/element - {"using":"xpath","value":"//*[@id=\"application-manageyards-display-component---NewYard--addressEditDetailsCostObjectCstType-arrow\"]"}
RESULT: {"using":"xpath","value":"//*[@id=\"application-manageyards-display-component---NewYard--addressEditDetailsCostObjectCstType-arrow\"]"}
COMMAND: POST /session/1820fae8a81a1c34ca12c99f5ca4f404/element/f.043615FDA099A6883ABDD55FCDA43E76.d.CB015FADF542B066469E83559CA38AE8.e.11122/click - {}
RESULT: {}
COMMAND: POST /session/1820fae8a81a1c34ca12c99f5ca4f404/element - {"using":"xpath","value":"//span[contains(text(), \"Cost Center\")]"}
COMMAND: GET /session/1820fae8a81a1c34ca12c99f5ca4f404/screenshot - {}
RESULT: {"using":"xpath","value":"//span[contains(text(), \"Cost Center\")]"}
COMMAND: POST /session/1820fae8a81a1c34ca12c99f5ca4f404/element/f.043615FDA099A6883ABDD55FCDA43E76.d.CB015FADF542B066469E83559CA38AE8.e.11123/click - {}
RESULT: {}
RESULT: {}
COMMAND: GET /session/1820fae8a81a1c34ca12c99f5ca4f404/screenshot - {}
RESULT: {}
COMMAND: POST /session/1820fae8a81a1c34ca12c99f5ca4f404/execute/async - {"script":"<script> [1562 bytes]","args":[{"selector":{"id":"application-manageyards-display-component---NewYard--addressNewCostObjectCstID-vhi"},"wdio_ui5_key":"applicationmanageyards-display-component---NewYard--addressNewCostObjectCstID-vhi"}]}
RESULT: {"script":"<script> [1562 bytes]","args":[{"selector":{"id":"application-manageyards-display-component---NewYard--addressNewCostObjectCstID-vhi"},"wdio_ui5_key":"applicationmanageyards-display-component---NewYard--addressNewCostObjectCstID-vhi"}]}
RESULT: undefined
COMMAND: POST /session/1820fae8a81a1c34ca12c99f5ca4f404/element - {"using":"xpath","value":"//*[@id=\"application-manageyards-display-component---NewYard--addressNewCostObjectCstID-vhi\"]"}
RESULT: {"using":"xpath","value":"//*[@id=\"application-manageyards-display-component---NewYard--addressNewCostObjectCstID-vhi\"]"}
COMMAND: POST /session/1820fae8a81a1c34ca12c99f5ca4f404/element/f.043615FDA099A6883ABDD55FCDA43E76.d.CB015FADF542B066469E83559CA38AE8.e.11127/click - {}
RESULT: {}
COMMAND: GET /session/1820fae8a81a1c34ca12c99f5ca4f404/screenshot - {}
RESULT: {}
COMMAND: POST /session/1820fae8a81a1c34ca12c99f5ca4f404/execute/async - {"script":"<script> [1562 bytes]","args":[{"selector":{"controlType":"sap.m.SearchField","properties":{"placeholder":"Search"},"searchOpenDialogs":true,"interaction":{"idSuffix":"I"}},"wdio_ui5_key":"sapm.SearchField{\"placeholder\":\"Search\"}"}]}
RESULT: {"script":"<script> [1562 bytes]","args":[{"selector":{"controlType":"sap.m.SearchField","properties":{"placeholder":"Search"},"searchOpenDialogs":true,"interaction":{"idSuffix":"I"}},"wdio_ui5_key":"sapm.SearchField{\"placeholder\":\"Search\"}"}]}
RESULT: undefined
COMMAND: POST /session/1820fae8a81a1c34ca12c99f5ca4f404/execute/async - {"script":"<script> [776 bytes]","args":[{"enterText":"10001013","selector":{"controlType":"sap.m.SearchField","properties":{"placeholder":"Search"},"searchOpenDialogs":true,"interaction":{"idSuffix":"I"}},"clearTextFirst":true,"interactionType":"ENTER_TEXT"}]}
RESULT: {"script":"<script> [776 bytes]","args":[{"enterText":"10001013","selector":{"controlType":"sap.m.SearchField","properties":{"placeholder":"Search"},"searchOpenDialogs":true,"interaction":{"idSuffix":"I"}},"clearTextFirst":true,"interactionType":"ENTER_TEXT"}]}
COMMAND: POST /session/1820fae8a81a1c34ca12c99f5ca4f404/actions - {"actions":[{"id":"action66","type":"key","parameters":{},"actions":[{"type":"keyDown","value":""},{"type":"pause","duration":10},{"type":"keyUp","value":""}]}]}
RESULT: {"actions":[{"id":"action66","type":"key","parameters":{},"actions":[{"type":"keyDown","value":""},{"type":"pause","duration":10},{"type":"keyUp","value":""}]}]}
COMMAND: GET /session/1820fae8a81a1c34ca12c99f5ca4f404/screenshot - {}
RESULT: {}
COMMAND: POST /session/1820fae8a81a1c34ca12c99f5ca4f404/element - {"using":"xpath","value":"//span[contains(text(), \"General Management\")]"}
RESULT: {"using":"xpath","value":"//span[contains(text(), \"General Management\")]"}
COMMAND: POST /session/1820fae8a81a1c34ca12c99f5ca4f404/element/f.043615FDA099A6883ABDD55FCDA43E76.d.CB015FADF542B066469E83559CA38AE8.e.11168/click - {}
RESULT: {}
COMMAND: GET /session/1820fae8a81a1c34ca12c99f5ca4f404/screenshot - {}
RESULT: {}
COMMAND: POST /session/1820fae8a81a1c34ca12c99f5ca4f404/element - {"using":"xpath","value":"//bdi[contains(text(), \"OK\")]"}
RESULT: {"using":"xpath","value":"//bdi[contains(text(), \"OK\")]"}
COMMAND: POST /session/1820fae8a81a1c34ca12c99f5ca4f404/element/f.043615FDA099A6883ABDD55FCDA43E76.d.CB015FADF542B066469E83559CA38AE8.e.11169/click - {}
RESULT: {}
COMMAND: GET /session/1820fae8a81a1c34ca12c99f5ca4f404/screenshot - {}
RESULT: {}
COMMAND: POST /session/1820fae8a81a1c34ca12c99f5ca4f404/execute/async - {"script":"<script> [1562 bytes]","args":[{"selector":{"controlType":"sap.m.Button","viewName":"etm.portal.ui.manageyards.view.New","viewId":"application-manageyards-display-component---NewYard","i18NText":{"propertyName":"text","key":"save"},"interaction":{"idSuffix":"inner"}},"wdio_ui5_key":"etmportal.ui.manageyards.view.Newsap.m.Button{\"propertyName\":\"text\",\"key\":\"save\"}"}]}
RESULT: {"script":"<script> [1562 bytes]","args":[{"selector":{"controlType":"sap.m.Button","viewName":"etm.portal.ui.manageyards.view.New","viewId":"application-manageyards-display-component---NewYard","i18NText":{"propertyName":"text","key":"save"},"interaction":{"idSuffix":"inner"}},"wdio_ui5_key":"etmportal.ui.manageyards.view.Newsap.m.Button{\"propertyName\":\"text\",\"key\":\"save\"}"}]}
RESULT: undefined
COMMAND: POST /session/1820fae8a81a1c34ca12c99f5ca4f404/element - {"using":"xpath","value":"//*[@id=\"__button28\"]"}
RESULT: {"using":"xpath","value":"//*[@id=\"__button28\"]"}
COMMAND: POST /session/1820fae8a81a1c34ca12c99f5ca4f404/element/f.043615FDA099A6883ABDD55FCDA43E76.d.CB015FADF542B066469E83559CA38AE8.e.11070/click - {}
RESULT: {}
COMMAND: GET /session/1820fae8a81a1c34ca12c99f5ca4f404/screenshot - {}
RESULT: {}
COMMAND: POST /session/1820fae8a81a1c34ca12c99f5ca4f404/element - {"using":"xpath","value":"//header/div/div[2]/div[2]/span"}
RESULT: {"using":"xpath","value":"//header/div/div[2]/div[2]/span"}
COMMAND: GET /session/1820fae8a81a1c34ca12c99f5ca4f404/element/f.043615FDA099A6883ABDD55FCDA43E76.d.CB015FADF542B066469E83559CA38AE8.e.11368/text - {}
RESULT: {}
COMMAND: POST /session/1820fae8a81a1c34ca12c99f5ca4f404/execute/async - {"script":"<script> [1562 bytes]","args":[{"selector":{"controlType":"sap.m.OverflowToolbarButton","viewName":"etm.portal.ui.manageyards.view.Detail","viewId":"application-manageyards-display-component---detailYard","i18NText":{"propertyName":"tooltip","key":"closeColumn"},"interaction":{"idSuffix":"inner"}},"wdio_ui5_key":"etmportal.ui.manageyards.view.Detailsap.m.OverflowToolbarButton{\"propertyName\":\"tooltip\",\"key\":\"closeColumn\"}"}]}
RESULT: {"script":"<script> [1562 bytes]","args":[{"selector":{"controlType":"sap.m.OverflowToolbarButton","viewName":"etm.portal.ui.manageyards.view.Detail","viewId":"application-manageyards-display-component---detailYard","i18NText":{"propertyName":"tooltip","key":"closeColumn"},"interaction":{"idSuffix":"inner"}},"wdio_ui5_key":"etmportal.ui.manageyards.view.Detailsap.m.OverflowToolbarButton{\"propertyName\":\"tooltip\",\"key\":\"closeColumn\"}"}]}
RESULT: undefined
COMMAND: POST /session/1820fae8a81a1c34ca12c99f5ca4f404/element - {"using":"xpath","value":"//*[@id=\"__button50\"]"}
RESULT: {"using":"xpath","value":"//*[@id=\"__button50\"]"}
COMMAND: POST /session/1820fae8a81a1c34ca12c99f5ca4f404/element/f.043615FDA099A6883ABDD55FCDA43E76.d.CB015FADF542B066469E83559CA38AE8.e.11370/click - {}
RESULT: {}
COMMAND: GET /session/1820fae8a81a1c34ca12c99f5ca4f404/screenshot - {}
RESULT: {}
COMMAND: POST /session/1820fae8a81a1c34ca12c99f5ca4f404/element - {"using":"css selector","value":"#shell-header-logo"}
RESULT: {"using":"css selector","value":"#shell-header-logo"}
COMMAND: POST /session/1820fae8a81a1c34ca12c99f5ca4f404/element/f.043615FDA099A6883ABDD55FCDA43E76.d.CB015FADF542B066469E83559CA38AE8.e.10643/click - {}
RESULT: {}
COMMAND: GET /session/1820fae8a81a1c34ca12c99f5ca4f404/screenshot - {}
RESULT: {}
COMMAND: POST /session/1820fae8a81a1c34ca12c99f5ca4f404/refresh - {}
RESULT: {}
COMMAND: GET /session/1820fae8a81a1c34ca12c99f5ca4f404/screenshot - {}
RESULT: {}
COMMAND: POST /session/1820fae8a81a1c34ca12c99f5ca4f404/execute/async - {"script":"<script> [189 bytes]","args":[]}
RESULT: {"script":"<script> [189 bytes]","args":[]}
COMMAND: POST /session/1820fae8a81a1c34ca12c99f5ca4f404/execute/async - {"script":"<script> [123 bytes]","args":[]}
RESULT: {"script":"<script> [123 bytes]","args":[]}
COMMAND: POST /session/1820fae8a81a1c34ca12c99f5ca4f404/timeouts - {"script":"<number>"}
RESULT: {"script":"<number>"}
COMMAND: GET /session/1820fae8a81a1c34ca12c99f5ca4f404/timeouts - {}
RESULT: {}
RESULT: undefined
COMMAND: POST /session/1820fae8a81a1c34ca12c99f5ca4f404/execute/async - {"script":"<script> [2676 bytes]","args":[]}
RESULT: {"script":"<script> [2676 bytes]","args":[]}
COMMAND: POST /session/1820fae8a81a1c34ca12c99f5ca4f404/execute/async - {"script":"<script> [2342 bytes]","args":[{"protocol":"http","hostname":"0.0.0.0","path":"/","capabilities":{"browserName":"chrome","goog:chromeOptions":{"binary":"C:\\Program Files\\Google\\Chrome\\Application\\chrome.exe","args":["--start-maximized"]}},"logLevel":"warn","connectionRetryTimeout":120000,"connectionRetryCount":3,"logLevels":{},"enableDirectConnect":true,"strictSSL":true,"_":"65 more keys: [\"cacheDir\",\"port\",\"requestedCapabilities\",\"automationProtocol\",\"baseUrl\",\"waitforInterval\",\"waitforTimeout\",\"onReload\",\"beforeCommand\",\"afterCommand\",\"rootDir\",\"specs\",\"suites\",\"exclude\",\"groupLogsByTestSpec\",\"excludeDriverLogs\",\"bail\",\"framework\",\"reporters\",\"services\",\"maxInstances\",\"maxInstancesPerCapability\",\"injectGlobals\",\"filesToWatch\",\"execArgv\",\"runnerEnv\",\"runner\",\"shard\",\"specFileRetries\",\"specFileRetriesDelay\",\"specFileRetriesDeferred\",\"reporterSyncInterval\",\"reporterSyncTimeout\",\"cucumberFeaturesWithLineNumbers\",\"autoCompileOpts\",\"mochaOpts\",\"jasmineOpts\",\"cucumberOpts\",\"onPrepare\",\"onWorkerStart\",\"onWorkerEnd\",\"before\",\"beforeSession\",\"beforeSuite\",\"beforeHook\",\"beforeTest\",\"afterTest\",\"afterHook\",\"afterSuite\",\"afterSession\",\"after\",\"onComplete\",\"beforeAssertion\",\"afterAssertion\",\"beforeFeature\",\"beforeScenario\",\"beforeStep\",\"afterStep\",\"afterScenario\",\"afterFeature\",\"_\",\"suite\",\"$0\",\"ignoredWorkerServices\",\"wdi5\"]"}]}
RESULT: {"script":"<script> [2342 bytes]","args":[{"protocol":"http","hostname":"0.0.0.0","path":"/","capabilities":{"browserName":"chrome","goog:chromeOptions":{"binary":"C:\\Program Files\\Google\\Chrome\\Application\\chrome.exe","args":["--start-maximized"]}},"logLevel":"warn","connectionRetryTimeout":120000,"connectionRetryCount":3,"logLevels":{},"enableDirectConnect":true,"strictSSL":true,"_":"65 more keys: [\"cacheDir\",\"port\",\"requestedCapabilities\",\"automationProtocol\",\"baseUrl\",\"waitforInterval\",\"waitforTimeout\",\"onReload\",\"beforeCommand\",\"afterCommand\",\"rootDir\",\"specs\",\"suites\",\"exclude\",\"groupLogsByTestSpec\",\"excludeDriverLogs\",\"bail\",\"framework\",\"reporters\",\"services\",\"maxInstances\",\"maxInstancesPerCapability\",\"injectGlobals\",\"filesToWatch\",\"execArgv\",\"runnerEnv\",\"runner\",\"shard\",\"specFileRetries\",\"specFileRetriesDelay\",\"specFileRetriesDeferred\",\"reporterSyncInterval\",\"reporterSyncTimeout\",\"cucumberFeaturesWithLineNumbers\",\"autoCompileOpts\",\"mochaOpts\",\"jasmineOpts\",\"cucumberOpts\",\"onPrepare\",\"onWorkerStart\",\"onWorkerEnd\",\"before\",\"beforeSession\",\"beforeSuite\",\"beforeHook\",\"beforeTest\",\"afterTest\",\"afterHook\",\"afterSuite\",\"afterSession\",\"after\",\"onComplete\",\"beforeAssertion\",\"afterAssertion\",\"beforeFeature\",\"beforeScenario\",\"beforeStep\",\"afterStep\",\"afterScenario\",\"afterFeature\",\"_\",\"suite\",\"$0\",\"ignoredWorkerServices\",\"wdi5\"]"}]}
COMMAND: POST /session/1820fae8a81a1c34ca12c99f5ca4f404/execute/async - {"script":"<script> [21126 bytes]","args":[35000]}
RESULT: {"script":"<script> [21126 bytes]","args":[35000]}
COMMAND: POST /session/1820fae8a81a1c34ca12c99f5ca4f404/execute/async - {"script":"<script> [1562 bytes]","args":[{"selector":{"controlType":"sap.m.GenericTile","properties":{"header":"Manage Partners"}},"wdio_ui5_key":"sapm.GenericTile{\"header\":\"Manage Partners\"}"}]}
RESULT: {"script":"<script> [1562 bytes]","args":[{"selector":{"controlType":"sap.m.GenericTile","properties":{"header":"Manage Partners"}},"wdio_ui5_key":"sapm.GenericTile{\"header\":\"Manage Partners\"}"}]}
RESULT: undefined
COMMAND: POST /session/1820fae8a81a1c34ca12c99f5ca4f404/element - {"using":"xpath","value":"//*[@id=\"__tile38\"]"}
RESULT: {"using":"xpath","value":"//*[@id=\"__tile38\"]"}
COMMAND: POST /session/1820fae8a81a1c34ca12c99f5ca4f404/element/f.043615FDA099A6883ABDD55FCDA43E76.d.A45009B1758C27AB8AB9CC9B61A81B40.e.11717/click - {}
RESULT: {}
COMMAND: GET /session/1820fae8a81a1c34ca12c99f5ca4f404/screenshot - {}
RESULT: {}
COMMAND: POST /session/1820fae8a81a1c34ca12c99f5ca4f404/elements - {"using":"xpath","value":"//span[text()='Error']"}
RESULT: {"using":"xpath","value":"//span[text()='Error']"}
COMMAND: POST /session/1820fae8a81a1c34ca12c99f5ca4f404/execute/async - {"script":"<script> [1562 bytes]","args":[{"selector":{"controlType":"sap.ui.core.Icon","viewName":"etm.portal.ui.managepartners.view.Master","viewId":"application-managepartners-display-component---masterPtm","properties":{"src":{"regex":{"source":"add"}}}},"wdio_ui5_key":"etmportal.ui.managepartners.view.Mastersap.ui.core.Icon{\"src\":{\"regex\":{\"source\":\"add\"}}}"}]}
RESULT: {"script":"<script> [1562 bytes]","args":[{"selector":{"controlType":"sap.ui.core.Icon","viewName":"etm.portal.ui.managepartners.view.Master","viewId":"application-managepartners-display-component---masterPtm","properties":{"src":{"regex":{"source":"add"}}}},"wdio_ui5_key":"etmportal.ui.managepartners.view.Mastersap.ui.core.Icon{\"src\":{\"regex\":{\"source\":\"add\"}}}"}]}
RESULT: undefined
COMMAND: POST /session/1820fae8a81a1c34ca12c99f5ca4f404/element - {"using":"xpath","value":"//*[@id=\"__button4-img\"]"}
RESULT: {"using":"xpath","value":"//*[@id=\"__button4-img\"]"}
COMMAND: POST /session/1820fae8a81a1c34ca12c99f5ca4f404/element/f.043615FDA099A6883ABDD55FCDA43E76.d.A45009B1758C27AB8AB9CC9B61A81B40.e.11766/click - {}
RESULT: {}
COMMAND: GET /session/1820fae8a81a1c34ca12c99f5ca4f404/screenshot - {}
RESULT: {}
COMMAND: POST /session/1820fae8a81a1c34ca12c99f5ca4f404/execute/async - {"script":"<script> [1562 bytes]","args":[{"selector":{"id":"application-managepartners-display-component---NewPartner--partnerId","interaction":{"idSuffix":"inner"}},"wdio_ui5_key":"applicationmanagepartners-display-component---NewPartner--partnerId"}]}
RESULT: {"script":"<script> [1562 bytes]","args":[{"selector":{"id":"application-managepartners-display-component---NewPartner--partnerId","interaction":{"idSuffix":"inner"}},"wdio_ui5_key":"applicationmanagepartners-display-component---NewPartner--partnerId"}]}
RESULT: undefined
COMMAND: POST /session/1820fae8a81a1c34ca12c99f5ca4f404/execute/async - {"script":"<script> [1562 bytes]","args":[{"selector":{"id":"application-managepartners-display-component---NewPartner--addressDetailDetailsName1","interaction":{"idSuffix":"inner"}},"wdio_ui5_key":"applicationmanagepartners-display-component---NewPartner--addressDetailDetailsName1"}]}
RESULT: {"script":"<script> [1562 bytes]","args":[{"selector":{"id":"application-managepartners-display-component---NewPartner--addressDetailDetailsName1","interaction":{"idSuffix":"inner"}},"wdio_ui5_key":"applicationmanagepartners-display-component---NewPartner--addressDetailDetailsName1"}]}
RESULT: undefined
COMMAND: POST /session/1820fae8a81a1c34ca12c99f5ca4f404/execute/async - {"script":"<script> [776 bytes]","args":[{"enterText":"WebdriverPartnercplpl","selector":{"id":"application-managepartners-display-component---NewPartner--addressDetailDetailsName1","interaction":{"idSuffix":"inner"}},"clearTextFirst":true,"interactionType":"ENTER_TEXT"}]}
RESULT: {"script":"<script> [776 bytes]","args":[{"enterText":"WebdriverPartnercplpl","selector":{"id":"application-managepartners-display-component---NewPartner--addressDetailDetailsName1","interaction":{"idSuffix":"inner"}},"clearTextFirst":true,"interactionType":"ENTER_TEXT"}]}
COMMAND: POST /session/1820fae8a81a1c34ca12c99f5ca4f404/execute/async - {"script":"<script> [1562 bytes]","args":[{"selector":{"id":"application-managepartners-display-component---NewPartner--addressDetailDetailsLanguage","interaction":{"idSuffix":"inner"}},"wdio_ui5_key":"applicationmanagepartners-display-component---NewPartner--addressDetailDetailsLanguage"}]}
RESULT: {"script":"<script> [1562 bytes]","args":[{"selector":{"id":"application-managepartners-display-component---NewPartner--addressDetailDetailsLanguage","interaction":{"idSuffix":"inner"}},"wdio_ui5_key":"applicationmanagepartners-display-component---NewPartner--addressDetailDetailsLanguage"}]}
RESULT: undefined
COMMAND: POST /session/1820fae8a81a1c34ca12c99f5ca4f404/execute/async - {"script":"<script> [776 bytes]","args":[{"enterText":"Romanian","selector":{"id":"application-managepartners-display-component---NewPartner--addressDetailDetailsLanguage","interaction":{"idSuffix":"inner"}},"clearTextFirst":true,"interactionType":"ENTER_TEXT"}]}
RESULT: {"script":"<script> [776 bytes]","args":[{"enterText":"Romanian","selector":{"id":"application-managepartners-display-component---NewPartner--addressDetailDetailsLanguage","interaction":{"idSuffix":"inner"}},"clearTextFirst":true,"interactionType":"ENTER_TEXT"}]}
COMMAND: POST /session/1820fae8a81a1c34ca12c99f5ca4f404/element - {"using":"xpath","value":"//input[contains(@id ,\"application-managepartners-display-component---NewPartner--addressDetailDetailsName1-inner\")]"}
RESULT: {"using":"xpath","value":"//input[contains(@id ,\"application-managepartners-display-component---NewPartner--addressDetailDetailsName1-inner\")]"}
COMMAND: GET /session/1820fae8a81a1c34ca12c99f5ca4f404/element/f.043615FDA099A6883ABDD55FCDA43E76.d.A45009B1758C27AB8AB9CC9B61A81B40.e.11950/property/value - {}
RESULT: {}
COMMAND: POST /session/1820fae8a81a1c34ca12c99f5ca4f404/execute/async - {"script":"<script> [1562 bytes]","args":[{"selector":{"id":"application-managepartners-display-component---NewPartner--addressDetailDetailsCity1","interaction":{"idSuffix":"inner"}},"wdio_ui5_key":"applicationmanagepartners-display-component---NewPartner--addressDetailDetailsCity1"}]}
COMMAND: GET /session/1820fae8a81a1c34ca12c99f5ca4f404/screenshot - {}
RESULT: {"script":"<script> [1562 bytes]","args":[{"selector":{"id":"application-managepartners-display-component---NewPartner--addressDetailDetailsCity1","interaction":{"idSuffix":"inner"}},"wdio_ui5_key":"applicationmanagepartners-display-component---NewPartner--addressDetailDetailsCity1"}]}
RESULT: undefined
COMMAND: POST /session/1820fae8a81a1c34ca12c99f5ca4f404/execute/async - {"script":"<script> [776 bytes]","args":[{"enterText":"Bucharest","selector":{"id":"application-managepartners-display-component---NewPartner--addressDetailDetailsCity1","interaction":{"idSuffix":"inner"}},"clearTextFirst":true,"interactionType":"ENTER_TEXT"}]}
RESULT: {}
RESULT: {"script":"<script> [776 bytes]","args":[{"enterText":"Bucharest","selector":{"id":"application-managepartners-display-component---NewPartner--addressDetailDetailsCity1","interaction":{"idSuffix":"inner"}},"clearTextFirst":true,"interactionType":"ENTER_TEXT"}]}
COMMAND: POST /session/1820fae8a81a1c34ca12c99f5ca4f404/execute/async - {"script":"<script> [1562 bytes]","args":[{"selector":{"id":"application-managepartners-display-component---NewPartner--addressDetailDetailsCountry","interaction":{"idSuffix":"inner"}},"wdio_ui5_key":"applicationmanagepartners-display-component---NewPartner--addressDetailDetailsCountry"}]}
RESULT: {"script":"<script> [1562 bytes]","args":[{"selector":{"id":"application-managepartners-display-component---NewPartner--addressDetailDetailsCountry","interaction":{"idSuffix":"inner"}},"wdio_ui5_key":"applicationmanagepartners-display-component---NewPartner--addressDetailDetailsCountry"}]}
RESULT: undefined
COMMAND: POST /session/1820fae8a81a1c34ca12c99f5ca4f404/execute/async - {"script":"<script> [6424 bytes]","args":[{"element-6066-11e4-a52e-4f735466cecf":"f.043615FDA099A6883ABDD55FCDA43E76.d.A45009B1758C27AB8AB9CC9B61A81B40.e.11957"},"setValue",["Romania"]]}
RESULT: {"script":"<script> [6424 bytes]","args":[{"element-6066-11e4-a52e-4f735466cecf":"f.043615FDA099A6883ABDD55FCDA43E76.d.A45009B1758C27AB8AB9CC9B61A81B40.e.11957"},"setValue",["Romania"]]}
COMMAND: POST /session/1820fae8a81a1c34ca12c99f5ca4f404/execute/async - {"script":"<script> [1562 bytes]","args":[{"selector":{"id":"application-managepartners-display-component---NewPartner--partnerDetailInternal","interaction":{"idSuffix":"inner"}},"wdio_ui5_key":"applicationmanagepartners-display-component---NewPartner--partnerDetailInternal"}]}
RESULT: {"script":"<script> [1562 bytes]","args":[{"selector":{"id":"application-managepartners-display-component---NewPartner--partnerDetailInternal","interaction":{"idSuffix":"inner"}},"wdio_ui5_key":"applicationmanagepartners-display-component---NewPartner--partnerDetailInternal"}]}
RESULT: undefined
COMMAND: POST /session/1820fae8a81a1c34ca12c99f5ca4f404/execute/async - {"script":"<script> [776 bytes]","args":[{"enterText":"External partner","selector":{"id":"application-managepartners-display-component---NewPartner--partnerDetailInternal","interaction":{"idSuffix":"inner"}},"clearTextFirst":true,"interactionType":"ENTER_TEXT"}]}
RESULT: {"script":"<script> [776 bytes]","args":[{"enterText":"External partner","selector":{"id":"application-managepartners-display-component---NewPartner--partnerDetailInternal","interaction":{"idSuffix":"inner"}},"clearTextFirst":true,"interactionType":"ENTER_TEXT"}]}
COMMAND: POST /session/1820fae8a81a1c34ca12c99f5ca4f404/execute/async - {"script":"<script> [1562 bytes]","args":[{"selector":{"id":"application-managepartners-display-component---NewPartner--partnerDetailsCurrency","interaction":{"idSuffix":"inner"}},"wdio_ui5_key":"applicationmanagepartners-display-component---NewPartner--partnerDetailsCurrency"}]}
RESULT: {"script":"<script> [1562 bytes]","args":[{"selector":{"id":"application-managepartners-display-component---NewPartner--partnerDetailsCurrency","interaction":{"idSuffix":"inner"}},"wdio_ui5_key":"applicationmanagepartners-display-component---NewPartner--partnerDetailsCurrency"}]}
RESULT: undefined
COMMAND: POST /session/1820fae8a81a1c34ca12c99f5ca4f404/execute/async - {"script":"<script> [776 bytes]","args":[{"enterText":"Euro","selector":{"id":"application-managepartners-display-component---NewPartner--partnerDetailsCurrency","interaction":{"idSuffix":"inner"}},"clearTextFirst":true,"interactionType":"ENTER_TEXT"}]}
RESULT: {"script":"<script> [776 bytes]","args":[{"enterText":"Euro","selector":{"id":"application-managepartners-display-component---NewPartner--partnerDetailsCurrency","interaction":{"idSuffix":"inner"}},"clearTextFirst":true,"interactionType":"ENTER_TEXT"}]}
COMMAND: POST /session/1820fae8a81a1c34ca12c99f5ca4f404/execute/async - {"script":"<script> [1562 bytes]","args":[{"selector":{"controlType":"sap.m.Button","viewName":"etm.portal.ui.managepartners.view.NewPartner","viewId":"application-managepartners-display-component---NewPartner","properties":{"text":"Commercial"},"interaction":{"idSuffix":"BDI-content"}},"wdio_ui5_key":"etmportal.ui.managepartners.view.NewPartnersap.m.Button{\"text\":\"Commercial\"}"}]}
RESULT: {"script":"<script> [1562 bytes]","args":[{"selector":{"controlType":"sap.m.Button","viewName":"etm.portal.ui.managepartners.view.NewPartner","viewId":"application-managepartners-display-component---NewPartner","properties":{"text":"Commercial"},"interaction":{"idSuffix":"BDI-content"}},"wdio_ui5_key":"etmportal.ui.managepartners.view.NewPartnersap.m.Button{\"text\":\"Commercial\"}"}]}
RESULT: undefined
COMMAND: POST /session/1820fae8a81a1c34ca12c99f5ca4f404/element - {"using":"xpath","value":"//*[@id=\"application-managepartners-display-component---NewPartner--ObjectPageLayout-anchBar-__section5-anchor\"]"}
RESULT: {"using":"xpath","value":"//*[@id=\"application-managepartners-display-component---NewPartner--ObjectPageLayout-anchBar-__section5-anchor\"]"}
COMMAND: POST /session/1820fae8a81a1c34ca12c99f5ca4f404/element/f.043615FDA099A6883ABDD55FCDA43E76.d.A45009B1758C27AB8AB9CC9B61A81B40.e.12194/click - {}
RESULT: {}
COMMAND: GET /session/1820fae8a81a1c34ca12c99f5ca4f404/screenshot - {}
RESULT: {}
COMMAND: POST /session/1820fae8a81a1c34ca12c99f5ca4f404/execute/async - {"script":"<script> [1562 bytes]","args":[{"selector":{"id":"application-managepartners-display-component---NewPartner--btnAddTableRow-img"},"wdio_ui5_key":"applicationmanagepartners-display-component---NewPartner--btnAddTableRow-img"}]}
RESULT: {"script":"<script> [1562 bytes]","args":[{"selector":{"id":"application-managepartners-display-component---NewPartner--btnAddTableRow-img"},"wdio_ui5_key":"applicationmanagepartners-display-component---NewPartner--btnAddTableRow-img"}]}
RESULT: undefined
COMMAND: POST /session/1820fae8a81a1c34ca12c99f5ca4f404/element - {"using":"xpath","value":"//*[@id=\"application-managepartners-display-component---NewPartner--btnAddTableRow-img\"]"}
RESULT: {"using":"xpath","value":"//*[@id=\"application-managepartners-display-component---NewPartner--btnAddTableRow-img\"]"}
COMMAND: POST /session/1820fae8a81a1c34ca12c99f5ca4f404/element/f.043615FDA099A6883ABDD55FCDA43E76.d.A45009B1758C27AB8AB9CC9B61A81B40.e.12202/click - {}
RESULT: {}
COMMAND: POST /session/1820fae8a81a1c34ca12c99f5ca4f404/element - {"using":"xpath","value":"//input[contains(@id ,\"application-managepartners-display-component---NewPartner--assignmentYard-application-managepartners-display-component---NewPartner\")]"}
COMMAND: GET /session/1820fae8a81a1c34ca12c99f5ca4f404/screenshot - {}
RESULT: {"using":"xpath","value":"//input[contains(@id ,\"application-managepartners-display-component---NewPartner--assignmentYard-application-managepartners-display-component---NewPartner\")]"}
COMMAND: POST /session/1820fae8a81a1c34ca12c99f5ca4f404/element/f.043615FDA099A6883ABDD55FCDA43E76.d.A45009B1758C27AB8AB9CC9B61A81B40.e.12205/clear - {}
RESULT: {}
RESULT: {}
COMMAND: POST /session/1820fae8a81a1c34ca12c99f5ca4f404/element/f.043615FDA099A6883ABDD55FCDA43E76.d.A45009B1758C27AB8AB9CC9B61A81B40.e.12205/value - {"text":"WebdriverYardkqmun"}
COMMAND: GET /session/1820fae8a81a1c34ca12c99f5ca4f404/screenshot - {}
RESULT: {"text":"WebdriverYardkqmun"}
COMMAND: GET /session/1820fae8a81a1c34ca12c99f5ca4f404/screenshot - {}
RESULT: {}
RESULT: {}
COMMAND: POST /session/1820fae8a81a1c34ca12c99f5ca4f404/execute/async - {"script":"<script> [1562 bytes]","args":[{"selector":{"controlType":"sap.m.Button","viewName":"etm.portal.ui.managepartners.view.NewPartner","viewId":"application-managepartners-display-component---NewPartner","i18NText":{"propertyName":"text","key":"save"},"interaction":{"idSuffix":"BDI-content"}},"wdio_ui5_key":"etmportal.ui.managepartners.view.NewPartnersap.m.Button{\"propertyName\":\"text\",\"key\":\"save\"}"}]}
RESULT: {"script":"<script> [1562 bytes]","args":[{"selector":{"controlType":"sap.m.Button","viewName":"etm.portal.ui.managepartners.view.NewPartner","viewId":"application-managepartners-display-component---NewPartner","i18NText":{"propertyName":"text","key":"save"},"interaction":{"idSuffix":"BDI-content"}},"wdio_ui5_key":"etmportal.ui.managepartners.view.NewPartnersap.m.Button{\"propertyName\":\"text\",\"key\":\"save\"}"}]}
RESULT: undefined
COMMAND: POST /session/1820fae8a81a1c34ca12c99f5ca4f404/element - {"using":"xpath","value":"//*[@id=\"__button12\"]"}
RESULT: {"using":"xpath","value":"//*[@id=\"__button12\"]"}
COMMAND: POST /session/1820fae8a81a1c34ca12c99f5ca4f404/element/f.043615FDA099A6883ABDD55FCDA43E76.d.A45009B1758C27AB8AB9CC9B61A81B40.e.12100/click - {}
RESULT: {}
COMMAND: GET /session/1820fae8a81a1c34ca12c99f5ca4f404/screenshot - {}
RESULT: {}
COMMAND: POST /session/1820fae8a81a1c34ca12c99f5ca4f404/element - {"using":"xpath","value":"//header/div/div[2]/div[2]/span"}
RESULT: {"using":"xpath","value":"//header/div/div[2]/div[2]/span"}
COMMAND: GET /session/1820fae8a81a1c34ca12c99f5ca4f404/element/f.043615FDA099A6883ABDD55FCDA43E76.d.A45009B1758C27AB8AB9CC9B61A81B40.e.12374/text - {}
RESULT: {}
COMMAND: POST /session/1820fae8a81a1c34ca12c99f5ca4f404/element - {"using":"xpath","value":"//header/div/div/div/div/div/div[2]/div/span"}
RESULT: {"using":"xpath","value":"//header/div/div/div/div/div/div[2]/div/span"}
COMMAND: GET /session/1820fae8a81a1c34ca12c99f5ca4f404/element/f.043615FDA099A6883ABDD55FCDA43E76.d.A45009B1758C27AB8AB9CC9B61A81B40.e.12375/text - {}
RESULT: {}
COMMAND: POST /session/1820fae8a81a1c34ca12c99f5ca4f404/execute/async - {"script":"<script> [1562 bytes]","args":[{"selector":{"id":"application-managepartners-display-component---detailPtm--partnerType"},"wdio_ui5_key":"applicationmanagepartners-display-component---detailPtm--partnerType"}]}
RESULT: {"script":"<script> [1562 bytes]","args":[{"selector":{"id":"application-managepartners-display-component---detailPtm--partnerType"},"wdio_ui5_key":"applicationmanagepartners-display-component---detailPtm--partnerType"}]}
RESULT: undefined
COMMAND: POST /session/1820fae8a81a1c34ca12c99f5ca4f404/execute/async - {"script":"<script> [6424 bytes]","args":[{"element-6066-11e4-a52e-4f735466cecf":"f.043615FDA099A6883ABDD55FCDA43E76.d.A45009B1758C27AB8AB9CC9B61A81B40.e.12376"},"getText",[]]}
RESULT: {"script":"<script> [6424 bytes]","args":[{"element-6066-11e4-a52e-4f735466cecf":"f.043615FDA099A6883ABDD55FCDA43E76.d.A45009B1758C27AB8AB9CC9B61A81B40.e.12376"},"getText",[]]}
COMMAND: POST /session/1820fae8a81a1c34ca12c99f5ca4f404/element - {"using":"css selector","value":"#shell-header-logo"}
RESULT: {"using":"css selector","value":"#shell-header-logo"}
COMMAND: POST /session/1820fae8a81a1c34ca12c99f5ca4f404/element/f.043615FDA099A6883ABDD55FCDA43E76.d.A45009B1758C27AB8AB9CC9B61A81B40.e.11718/click - {}
RESULT: {}
COMMAND: GET /session/1820fae8a81a1c34ca12c99f5ca4f404/screenshot - {}
RESULT: {}
COMMAND: POST /session/1820fae8a81a1c34ca12c99f5ca4f404/execute/async - {"script":"<script> [1562 bytes]","args":[{"selector":{"controlType":"sap.m.GenericTile","properties":{"header":"Manage Sites"}},"wdio_ui5_key":"sapm.GenericTile{\"header\":\"Manage Sites\"}"}]}
RESULT: {"script":"<script> [1562 bytes]","args":[{"selector":{"controlType":"sap.m.GenericTile","properties":{"header":"Manage Sites"}},"wdio_ui5_key":"sapm.GenericTile{\"header\":\"Manage Sites\"}"}]}
RESULT: undefined
COMMAND: POST /session/1820fae8a81a1c34ca12c99f5ca4f404/element - {"using":"xpath","value":"//*[@id=\"__tile40\"]"}
RESULT: {"using":"xpath","value":"//*[@id=\"__tile40\"]"}
COMMAND: POST /session/1820fae8a81a1c34ca12c99f5ca4f404/element/f.043615FDA099A6883ABDD55FCDA43E76.d.A45009B1758C27AB8AB9CC9B61A81B40.e.12378/click - {}
RESULT: {}
COMMAND: GET /session/1820fae8a81a1c34ca12c99f5ca4f404/screenshot - {}
RESULT: {}
COMMAND: POST /session/1820fae8a81a1c34ca12c99f5ca4f404/elements - {"using":"xpath","value":"//span[text()='Error']"}
RESULT: {"using":"xpath","value":"//span[text()='Error']"}
COMMAND: POST /session/1820fae8a81a1c34ca12c99f5ca4f404/execute/async - {"script":"<script> [1562 bytes]","args":[{"selector":{"controlType":"sap.ui.core.Icon","viewName":"etm.portal.ui.managesites.view.Master","viewId":"application-managesites-display-component---masterSite","properties":{"src":{"regex":{"source":"add"}}}},"wdio_ui5_key":"etmportal.ui.managesites.view.Mastersap.ui.core.Icon{\"src\":{\"regex\":{\"source\":\"add\"}}}"}]}
RESULT: {"script":"<script> [1562 bytes]","args":[{"selector":{"controlType":"sap.ui.core.Icon","viewName":"etm.portal.ui.managesites.view.Master","viewId":"application-managesites-display-component---masterSite","properties":{"src":{"regex":{"source":"add"}}}},"wdio_ui5_key":"etmportal.ui.managesites.view.Mastersap.ui.core.Icon{\"src\":{\"regex\":{\"source\":\"add\"}}}"}]}
RESULT: undefined
COMMAND: POST /session/1820fae8a81a1c34ca12c99f5ca4f404/element - {"using":"xpath","value":"//*[@id=\"__button48-img\"]"}
RESULT: {"using":"xpath","value":"//*[@id=\"__button48-img\"]"}
COMMAND: POST /session/1820fae8a81a1c34ca12c99f5ca4f404/element/f.043615FDA099A6883ABDD55FCDA43E76.d.A45009B1758C27AB8AB9CC9B61A81B40.e.12427/click - {}
RESULT: {}
COMMAND: POST /session/1820fae8a81a1c34ca12c99f5ca4f404/execute/async - {"script":"<script> [1562 bytes]","args":[{"selector":{"id":"application-managesites-display-component---NewSite--siteId","interaction":{"idSuffix":"inner"}},"wdio_ui5_key":"applicationmanagesites-display-component---NewSite--siteId"}]}
COMMAND: GET /session/1820fae8a81a1c34ca12c99f5ca4f404/screenshot - {}
RESULT: {"script":"<script> [1562 bytes]","args":[{"selector":{"id":"application-managesites-display-component---NewSite--siteId","interaction":{"idSuffix":"inner"}},"wdio_ui5_key":"applicationmanagesites-display-component---NewSite--siteId"}]}
RESULT: undefined
COMMAND: POST /session/1820fae8a81a1c34ca12c99f5ca4f404/execute/async - {"script":"<script> [1562 bytes]","args":[{"selector":{"id":"application-managesites-display-component---NewSite--addressDetailDetailsName1","interaction":{"idSuffix":"inner"}},"wdio_ui5_key":"applicationmanagesites-display-component---NewSite--addressDetailDetailsName1"}]}
RESULT: {}
RESULT: {"script":"<script> [1562 bytes]","args":[{"selector":{"id":"application-managesites-display-component---NewSite--addressDetailDetailsName1","interaction":{"idSuffix":"inner"}},"wdio_ui5_key":"applicationmanagesites-display-component---NewSite--addressDetailDetailsName1"}]}
RESULT: undefined
COMMAND: POST /session/1820fae8a81a1c34ca12c99f5ca4f404/execute/async - {"script":"<script> [776 bytes]","args":[{"enterText":"WebdriverSitekedea","selector":{"id":"application-managesites-display-component---NewSite--addressDetailDetailsName1","interaction":{"idSuffix":"inner"}},"clearTextFirst":true,"interactionType":"ENTER_TEXT"}]}
RESULT: {"script":"<script> [776 bytes]","args":[{"enterText":"WebdriverSitekedea","selector":{"id":"application-managesites-display-component---NewSite--addressDetailDetailsName1","interaction":{"idSuffix":"inner"}},"clearTextFirst":true,"interactionType":"ENTER_TEXT"}]}
COMMAND: POST /session/1820fae8a81a1c34ca12c99f5ca4f404/execute/async - {"script":"<script> [1562 bytes]","args":[{"selector":{"id":"application-managesites-display-component---NewSite--addressDetailDetailsLanguage","interaction":{"idSuffix":"inner"}},"wdio_ui5_key":"applicationmanagesites-display-component---NewSite--addressDetailDetailsLanguage"}]}
RESULT: {"script":"<script> [1562 bytes]","args":[{"selector":{"id":"application-managesites-display-component---NewSite--addressDetailDetailsLanguage","interaction":{"idSuffix":"inner"}},"wdio_ui5_key":"applicationmanagesites-display-component---NewSite--addressDetailDetailsLanguage"}]}
RESULT: undefined
COMMAND: POST /session/1820fae8a81a1c34ca12c99f5ca4f404/execute/async - {"script":"<script> [776 bytes]","args":[{"enterText":"Romanian","selector":{"id":"application-managesites-display-component---NewSite--addressDetailDetailsLanguage","interaction":{"idSuffix":"inner"}},"clearTextFirst":true,"interactionType":"ENTER_TEXT"}]}
RESULT: {"script":"<script> [776 bytes]","args":[{"enterText":"Romanian","selector":{"id":"application-managesites-display-component---NewSite--addressDetailDetailsLanguage","interaction":{"idSuffix":"inner"}},"clearTextFirst":true,"interactionType":"ENTER_TEXT"}]}
COMMAND: POST /session/1820fae8a81a1c34ca12c99f5ca4f404/execute/async - {"script":"<script> [1562 bytes]","args":[{"selector":{"id":"application-managesites-display-component---NewSite--addressDetailDetailsCity1","interaction":{"idSuffix":"inner"}},"wdio_ui5_key":"applicationmanagesites-display-component---NewSite--addressDetailDetailsCity1"}]}
RESULT: {"script":"<script> [1562 bytes]","args":[{"selector":{"id":"application-managesites-display-component---NewSite--addressDetailDetailsCity1","interaction":{"idSuffix":"inner"}},"wdio_ui5_key":"applicationmanagesites-display-component---NewSite--addressDetailDetailsCity1"}]}
RESULT: undefined
COMMAND: POST /session/1820fae8a81a1c34ca12c99f5ca4f404/execute/async - {"script":"<script> [776 bytes]","args":[{"enterText":"Bucharest","selector":{"id":"application-managesites-display-component---NewSite--addressDetailDetailsCity1","interaction":{"idSuffix":"inner"}},"clearTextFirst":true,"interactionType":"ENTER_TEXT"}]}
RESULT: {"script":"<script> [776 bytes]","args":[{"enterText":"Bucharest","selector":{"id":"application-managesites-display-component---NewSite--addressDetailDetailsCity1","interaction":{"idSuffix":"inner"}},"clearTextFirst":true,"interactionType":"ENTER_TEXT"}]}
COMMAND: POST /session/1820fae8a81a1c34ca12c99f5ca4f404/execute/async - {"script":"<script> [1562 bytes]","args":[{"selector":{"id":"application-managesites-display-component---NewSite--addressDetailDetailsCountry","interaction":{"idSuffix":"inner"}},"wdio_ui5_key":"applicationmanagesites-display-component---NewSite--addressDetailDetailsCountry"}]}
RESULT: {"script":"<script> [1562 bytes]","args":[{"selector":{"id":"application-managesites-display-component---NewSite--addressDetailDetailsCountry","interaction":{"idSuffix":"inner"}},"wdio_ui5_key":"applicationmanagesites-display-component---NewSite--addressDetailDetailsCountry"}]}
RESULT: undefined
COMMAND: POST /session/1820fae8a81a1c34ca12c99f5ca4f404/execute/async - {"script":"<script> [776 bytes]","args":[{"enterText":"Romania","selector":{"id":"application-managesites-display-component---NewSite--addressDetailDetailsCountry","interaction":{"idSuffix":"inner"}},"clearTextFirst":true,"interactionType":"ENTER_TEXT"}]}
RESULT: {"script":"<script> [776 bytes]","args":[{"enterText":"Romania","selector":{"id":"application-managesites-display-component---NewSite--addressDetailDetailsCountry","interaction":{"idSuffix":"inner"}},"clearTextFirst":true,"interactionType":"ENTER_TEXT"}]}
COMMAND: POST /session/1820fae8a81a1c34ca12c99f5ca4f404/element - {"using":"css selector","value":"#application-managesites-display-component---NewSite--addressDetailDetailsCalendar-inner"}
RESULT: {"using":"css selector","value":"#application-managesites-display-component---NewSite--addressDetailDetailsCalendar-inner"}
COMMAND: POST /session/1820fae8a81a1c34ca12c99f5ca4f404/element/f.043615FDA099A6883ABDD55FCDA43E76.d.A45009B1758C27AB8AB9CC9B61A81B40.e.12625/clear - {}
RESULT: {}
COMMAND: POST /session/1820fae8a81a1c34ca12c99f5ca4f404/element/f.043615FDA099A6883ABDD55FCDA43E76.d.A45009B1758C27AB8AB9CC9B61A81B40.e.12625/value - {"text":"Germany"}
COMMAND: GET /session/1820fae8a81a1c34ca12c99f5ca4f404/screenshot - {}
RESULT: {"text":"Germany"}
COMMAND: POST /session/1820fae8a81a1c34ca12c99f5ca4f404/execute/async - {"script":"<script> [1562 bytes]","args":[{"selector":{"id":"application-managesites-display-component---NewSite--addressEditDetailsCostObjectCstType-arrow"},"wdio_ui5_key":"applicationmanagesites-display-component---NewSite--addressEditDetailsCostObjectCstType-arrow"}]}
COMMAND: GET /session/1820fae8a81a1c34ca12c99f5ca4f404/screenshot - {}
RESULT: {}
RESULT: {"script":"<script> [1562 bytes]","args":[{"selector":{"id":"application-managesites-display-component---NewSite--addressEditDetailsCostObjectCstType-arrow"},"wdio_ui5_key":"applicationmanagesites-display-component---NewSite--addressEditDetailsCostObjectCstType-arrow"}]}
RESULT: undefined
COMMAND: POST /session/1820fae8a81a1c34ca12c99f5ca4f404/element - {"using":"xpath","value":"//*[@id=\"application-managesites-display-component---NewSite--addressEditDetailsCostObjectCstType-arrow\"]"}
RESULT: {}
RESULT: {"using":"xpath","value":"//*[@id=\"application-managesites-display-component---NewSite--addressEditDetailsCostObjectCstType-arrow\"]"}
COMMAND: POST /session/1820fae8a81a1c34ca12c99f5ca4f404/element/f.043615FDA099A6883ABDD55FCDA43E76.d.A45009B1758C27AB8AB9CC9B61A81B40.e.12823/click - {}
RESULT: {}
COMMAND: POST /session/1820fae8a81a1c34ca12c99f5ca4f404/element - {"using":"xpath","value":"//span[contains(text(), \"Work Breakdown Structure\")]"}
COMMAND: GET /session/1820fae8a81a1c34ca12c99f5ca4f404/screenshot - {}
RESULT: {"using":"xpath","value":"//span[contains(text(), \"Work Breakdown Structure\")]"}
COMMAND: POST /session/1820fae8a81a1c34ca12c99f5ca4f404/element/f.043615FDA099A6883ABDD55FCDA43E76.d.A45009B1758C27AB8AB9CC9B61A81B40.e.12824/click - {}
RESULT: {}
RESULT: {}
COMMAND: GET /session/1820fae8a81a1c34ca12c99f5ca4f404/screenshot - {}
RESULT: {}
COMMAND: POST /session/1820fae8a81a1c34ca12c99f5ca4f404/execute/async - {"script":"<script> [1562 bytes]","args":[{"selector":{"id":"application-managesites-display-component---NewSite--addressNewCostObjectCstID-vhi"},"wdio_ui5_key":"applicationmanagesites-display-component---NewSite--addressNewCostObjectCstID-vhi"}]}
RESULT: {"script":"<script> [1562 bytes]","args":[{"selector":{"id":"application-managesites-display-component---NewSite--addressNewCostObjectCstID-vhi"},"wdio_ui5_key":"applicationmanagesites-display-component---NewSite--addressNewCostObjectCstID-vhi"}]}
RESULT: undefined
COMMAND: POST /session/1820fae8a81a1c34ca12c99f5ca4f404/element - {"using":"xpath","value":"//*[@id=\"application-managesites-display-component---NewSite--addressNewCostObjectCstID-vhi\"]"}
RESULT: {"using":"xpath","value":"//*[@id=\"application-managesites-display-component---NewSite--addressNewCostObjectCstID-vhi\"]"}
COMMAND: POST /session/1820fae8a81a1c34ca12c99f5ca4f404/element/f.043615FDA099A6883ABDD55FCDA43E76.d.A45009B1758C27AB8AB9CC9B61A81B40.e.12828/click - {}
RESULT: {}
COMMAND: GET /session/1820fae8a81a1c34ca12c99f5ca4f404/screenshot - {}
RESULT: {}
COMMAND: POST /session/1820fae8a81a1c34ca12c99f5ca4f404/execute/async - {"script":"<script> [1562 bytes]","args":[{"selector":{"controlType":"sap.m.SearchField","properties":{"placeholder":"Search"},"searchOpenDialogs":true,"interaction":{"idSuffix":"I"}},"wdio_ui5_key":"sapm.SearchField{\"placeholder\":\"Search\"}"}]}
RESULT: {"script":"<script> [1562 bytes]","args":[{"selector":{"controlType":"sap.m.SearchField","properties":{"placeholder":"Search"},"searchOpenDialogs":true,"interaction":{"idSuffix":"I"}},"wdio_ui5_key":"sapm.SearchField{\"placeholder\":\"Search\"}"}]}
RESULT: undefined
COMMAND: POST /session/1820fae8a81a1c34ca12c99f5ca4f404/execute/async - {"script":"<script> [776 bytes]","args":[{"enterText":"A1-000100-01","selector":{"controlType":"sap.m.SearchField","properties":{"placeholder":"Search"},"searchOpenDialogs":true,"interaction":{"idSuffix":"I"}},"clearTextFirst":true,"interactionType":"ENTER_TEXT"}]}
RESULT: {"script":"<script> [776 bytes]","args":[{"enterText":"A1-000100-01","selector":{"controlType":"sap.m.SearchField","properties":{"placeholder":"Search"},"searchOpenDialogs":true,"interaction":{"idSuffix":"I"}},"clearTextFirst":true,"interactionType":"ENTER_TEXT"}]}
COMMAND: POST /session/1820fae8a81a1c34ca12c99f5ca4f404/actions - {"actions":[{"id":"action67","type":"key","parameters":{},"actions":[{"type":"keyDown","value":""},{"type":"pause","duration":10},{"type":"keyUp","value":""}]}]}
RESULT: {"actions":[{"id":"action67","type":"key","parameters":{},"actions":[{"type":"keyDown","value":""},{"type":"pause","duration":10},{"type":"keyUp","value":""}]}]}
COMMAND: GET /session/1820fae8a81a1c34ca12c99f5ca4f404/screenshot - {}
RESULT: {}
COMMAND: POST /session/1820fae8a81a1c34ca12c99f5ca4f404/element - {"using":"xpath","value":"//span[contains(text(), \"Template for ETO-Process\")]"}
RESULT: {"using":"xpath","value":"//span[contains(text(), \"Template for ETO-Process\")]"}
COMMAND: POST /session/1820fae8a81a1c34ca12c99f5ca4f404/element/f.043615FDA099A6883ABDD55FCDA43E76.d.A45009B1758C27AB8AB9CC9B61A81B40.e.12848/click - {}
RESULT: {}
COMMAND: GET /session/1820fae8a81a1c34ca12c99f5ca4f404/screenshot - {}
RESULT: {}
COMMAND: POST /session/1820fae8a81a1c34ca12c99f5ca4f404/element - {"using":"xpath","value":"//bdi[contains(text(), \"OK\")]"}
RESULT: {"using":"xpath","value":"//bdi[contains(text(), \"OK\")]"}
COMMAND: POST /session/1820fae8a81a1c34ca12c99f5ca4f404/element/f.043615FDA099A6883ABDD55FCDA43E76.d.A45009B1758C27AB8AB9CC9B61A81B40.e.12849/click - {}
RESULT: {}
COMMAND: GET /session/1820fae8a81a1c34ca12c99f5ca4f404/screenshot - {}
RESULT: {}
COMMAND: POST /session/1820fae8a81a1c34ca12c99f5ca4f404/element - {"using":"xpath","value":"//input[@id=\"application-managesites-display-component---NewSite--addressDetailDetailsYard-inner\"]"}
RESULT: {"using":"xpath","value":"//input[@id=\"application-managesites-display-component---NewSite--addressDetailDetailsYard-inner\"]"}
COMMAND: POST /session/1820fae8a81a1c34ca12c99f5ca4f404/element/f.043615FDA099A6883ABDD55FCDA43E76.d.A45009B1758C27AB8AB9CC9B61A81B40.e.12626/value - {"text":"WebdriverYardkqmun"}
RESULT: {"text":"WebdriverYardkqmun"}
COMMAND: GET /session/1820fae8a81a1c34ca12c99f5ca4f404/screenshot - {}
RESULT: {}
COMMAND: POST /session/1820fae8a81a1c34ca12c99f5ca4f404/actions - {"actions":[{"id":"action68","type":"key","parameters":{},"actions":[{"type":"keyDown","value":""},{"type":"pause","duration":10},{"type":"keyUp","value":""}]}]}
RESULT: {"actions":[{"id":"action68","type":"key","parameters":{},"actions":[{"type":"keyDown","value":""},{"type":"pause","duration":10},{"type":"keyUp","value":""}]}]}
COMMAND: GET /session/1820fae8a81a1c34ca12c99f5ca4f404/screenshot - {}
RESULT: {}
COMMAND: POST /session/1820fae8a81a1c34ca12c99f5ca4f404/element - {"using":"xpath","value":"//input[@id=\"application-managesites-display-component---NewSite--addressDetailDetailsPartner-inner\"]"}
RESULT: {"using":"xpath","value":"//input[@id=\"application-managesites-display-component---NewSite--addressDetailDetailsPartner-inner\"]"}
COMMAND: POST /session/1820fae8a81a1c34ca12c99f5ca4f404/elements - {"using":"xpath","value":"//input[@id=\"application-managesites-display-component---NewSite--addressDetailDetailsPartner-inner\"]"}
RESULT: {"using":"xpath","value":"//input[@id=\"application-managesites-display-component---NewSite--addressDetailDetailsPartner-inner\"]"}
COMMAND: POST /session/1820fae8a81a1c34ca12c99f5ca4f404/execute/async - {"script":"<script> [1562 bytes]","args":[{"selector":{"controlType":"sap.m.Button","viewName":"etm.portal.ui.managesites.view.NewSmartSite","viewId":"application-managesites-display-component---NewSite","properties":{"text":"Commercial"},"interaction":{"idSuffix":"BDI-content"}},"wdio_ui5_key":"etmportal.ui.managesites.view.NewSmartSitesap.m.Button{\"text\":\"Commercial\"}"}]}
RESULT: {"script":"<script> [1562 bytes]","args":[{"selector":{"controlType":"sap.m.Button","viewName":"etm.portal.ui.managesites.view.NewSmartSite","viewId":"application-managesites-display-component---NewSite","properties":{"text":"Commercial"},"interaction":{"idSuffix":"BDI-content"}},"wdio_ui5_key":"etmportal.ui.managesites.view.NewSmartSitesap.m.Button{\"text\":\"Commercial\"}"}]}
RESULT: undefined
COMMAND: POST /session/1820fae8a81a1c34ca12c99f5ca4f404/element - {"using":"xpath","value":"//*[@id=\"application-managesites-display-component---NewSite--ObjectPageLayout-anchBar-__section29-anchor\"]"}
RESULT: {"using":"xpath","value":"//*[@id=\"application-managesites-display-component---NewSite--ObjectPageLayout-anchBar-__section29-anchor\"]"}
COMMAND: POST /session/1820fae8a81a1c34ca12c99f5ca4f404/element/f.043615FDA099A6883ABDD55FCDA43E76.d.A45009B1758C27AB8AB9CC9B61A81B40.e.12856/click - {}
RESULT: {}
COMMAND: POST /session/1820fae8a81a1c34ca12c99f5ca4f404/execute/async - {"script":"<script> [1562 bytes]","args":[{"selector":{"controlType":"sap.m.Button","viewName":"etm.portal.ui.managesites.view.NewSmartSite","viewId":"application-managesites-display-component---NewSite","i18NText":{"propertyName":"text","key":"save"},"interaction":{"idSuffix":"BDI-content"}},"wdio_ui5_key":"etmportal.ui.managesites.view.NewSmartSitesap.m.Button{\"propertyName\":\"text\",\"key\":\"save\"}"}]}
COMMAND: GET /session/1820fae8a81a1c34ca12c99f5ca4f404/screenshot - {}
RESULT: {"script":"<script> [1562 bytes]","args":[{"selector":{"controlType":"sap.m.Button","viewName":"etm.portal.ui.managesites.view.NewSmartSite","viewId":"application-managesites-display-component---NewSite","i18NText":{"propertyName":"text","key":"save"},"interaction":{"idSuffix":"BDI-content"}},"wdio_ui5_key":"etmportal.ui.managesites.view.NewSmartSitesap.m.Button{\"propertyName\":\"text\",\"key\":\"save\"}"}]}
RESULT: undefined
COMMAND: POST /session/1820fae8a81a1c34ca12c99f5ca4f404/element - {"using":"xpath","value":"//*[@id=\"__button60\"]"}
RESULT: {}
RESULT: {"using":"xpath","value":"//*[@id=\"__button60\"]"}
COMMAND: POST /session/1820fae8a81a1c34ca12c99f5ca4f404/element/f.043615FDA099A6883ABDD55FCDA43E76.d.A45009B1758C27AB8AB9CC9B61A81B40.e.12763/click - {}
RESULT: {}
COMMAND: GET /session/1820fae8a81a1c34ca12c99f5ca4f404/screenshot - {}
RESULT: {}
COMMAND: POST /session/1820fae8a81a1c34ca12c99f5ca4f404/execute/async - {"script":"<script> [1562 bytes]","args":[{"selector":{"id":"application-managesites-display-component---detailSite--addressDetailDetailsYardText"},"wdio_ui5_key":"applicationmanagesites-display-component---detailSite--addressDetailDetailsYardText"}]}
RESULT: {"script":"<script> [1562 bytes]","args":[{"selector":{"id":"application-managesites-display-component---detailSite--addressDetailDetailsYardText"},"wdio_ui5_key":"applicationmanagesites-display-component---detailSite--addressDetailDetailsYardText"}]}
RESULT: undefined
COMMAND: POST /session/1820fae8a81a1c34ca12c99f5ca4f404/element - {"using":"xpath","value":"//header/div/div[2]/div[2]/span"}
RESULT: {"using":"xpath","value":"//header/div/div[2]/div[2]/span"}
COMMAND: GET /session/1820fae8a81a1c34ca12c99f5ca4f404/element/f.043615FDA099A6883ABDD55FCDA43E76.d.A45009B1758C27AB8AB9CC9B61A81B40.e.13060/text - {}
RESULT: {}
COMMAND: POST /session/1820fae8a81a1c34ca12c99f5ca4f404/element - {"using":"xpath","value":"//header/div/div/div/div/div/div[2]/div/span"}
RESULT: {"using":"xpath","value":"//header/div/div/div/div/div/div[2]/div/span"}
COMMAND: GET /session/1820fae8a81a1c34ca12c99f5ca4f404/element/f.043615FDA099A6883ABDD55FCDA43E76.d.A45009B1758C27AB8AB9CC9B61A81B40.e.13061/text - {}
RESULT: {}
COMMAND: POST /session/1820fae8a81a1c34ca12c99f5ca4f404/element - {"using":"css selector","value":"#shell-header-logo"}
RESULT: {"using":"css selector","value":"#shell-header-logo"}
COMMAND: POST /session/1820fae8a81a1c34ca12c99f5ca4f404/element/f.043615FDA099A6883ABDD55FCDA43E76.d.A45009B1758C27AB8AB9CC9B61A81B40.e.12383/click - {}
RESULT: {}
COMMAND: GET /session/1820fae8a81a1c34ca12c99f5ca4f404/screenshot - {}
RESULT: {}
]]></system-out>
    </testcase>
    <testcase classname="chrome.136_0_7103_93.windows.E2E_-_Logistical_and_commercial_statuses" name="It should stock increase the resource" time="221.313">
      <system-out><![CDATA[
COMMAND: POST /session/1820fae8a81a1c34ca12c99f5ca4f404/execute/async - {"script":"<script> [1562 bytes]","args":[{"selector":{"controlType":"sap.m.GenericTile","properties":{"header":"Manage Resources"}},"wdio_ui5_key":"sapm.GenericTile{\"header\":\"Manage Resources\"}"}]}
RESULT: {"script":"<script> [1562 bytes]","args":[{"selector":{"controlType":"sap.m.GenericTile","properties":{"header":"Manage Resources"}},"wdio_ui5_key":"sapm.GenericTile{\"header\":\"Manage Resources\"}"}]}
RESULT: undefined
COMMAND: POST /session/1820fae8a81a1c34ca12c99f5ca4f404/element - {"using":"xpath","value":"//*[@id=\"__tile39\"]"}
RESULT: {"using":"xpath","value":"//*[@id=\"__tile39\"]"}
COMMAND: POST /session/1820fae8a81a1c34ca12c99f5ca4f404/element/f.043615FDA099A6883ABDD55FCDA43E76.d.A45009B1758C27AB8AB9CC9B61A81B40.e.13063/click - {}
RESULT: {}
COMMAND: GET /session/1820fae8a81a1c34ca12c99f5ca4f404/screenshot - {}
RESULT: {}
COMMAND: POST /session/1820fae8a81a1c34ca12c99f5ca4f404/elements - {"using":"xpath","value":"//span[text()='Error']"}
RESULT: {"using":"xpath","value":"//span[text()='Error']"}
COMMAND: POST /session/1820fae8a81a1c34ca12c99f5ca4f404/element - {"using":"xpath","value":"//button[@data-kt=\"addNewRUOverflowToolbarButton\"]"}
RESULT: {"using":"xpath","value":"//button[@data-kt=\"addNewRUOverflowToolbarButton\"]"}
COMMAND: POST /session/1820fae8a81a1c34ca12c99f5ca4f404/execute/sync - {"script":"<script> [8489 bytes]","args":[{"element-6066-11e4-a52e-4f735466cecf":"f.043615FDA099A6883ABDD55FCDA43E76.d.A45009B1758C27AB8AB9CC9B61A81B40.e.13105","ELEMENT":"f.043615FDA099A6883ABDD55FCDA43E76.d.A45009B1758C27AB8AB9CC9B61A81B40.e.13105"}]}
RESULT: {"script":"<script> [8489 bytes]","args":[{"element-6066-11e4-a52e-4f735466cecf":"f.043615FDA099A6883ABDD55FCDA43E76.d.A45009B1758C27AB8AB9CC9B61A81B40.e.13105","ELEMENT":"f.043615FDA099A6883ABDD55FCDA43E76.d.A45009B1758C27AB8AB9CC9B61A81B40.e.13105"}]}
COMMAND: POST /session/1820fae8a81a1c34ca12c99f5ca4f404/element/f.043615FDA099A6883ABDD55FCDA43E76.d.A45009B1758C27AB8AB9CC9B61A81B40.e.13105/click - {}
COMMAND: GET /session/1820fae8a81a1c34ca12c99f5ca4f404/screenshot - {}
RESULT: {}
COMMAND: POST /session/1820fae8a81a1c34ca12c99f5ca4f404/execute/async - {"script":"<script> [1562 bytes]","args":[{"selector":{"id":"application-manageresources-display-component---newResourceUnit--TYPE-arrow"},"wdio_ui5_key":"applicationmanageresources-display-component---newResourceUnit--TYPE-arrow"}]}
COMMAND: GET /session/1820fae8a81a1c34ca12c99f5ca4f404/screenshot - {}
RESULT: {}
RESULT: {"script":"<script> [1562 bytes]","args":[{"selector":{"id":"application-manageresources-display-component---newResourceUnit--TYPE-arrow"},"wdio_ui5_key":"applicationmanageresources-display-component---newResourceUnit--TYPE-arrow"}]}
RESULT: undefined
COMMAND: POST /session/1820fae8a81a1c34ca12c99f5ca4f404/element - {"using":"xpath","value":"//*[@id=\"application-manageresources-display-component---newResourceUnit--TYPE-arrow\"]"}
RESULT: {}
RESULT: {"using":"xpath","value":"//*[@id=\"application-manageresources-display-component---newResourceUnit--TYPE-arrow\"]"}
COMMAND: POST /session/1820fae8a81a1c34ca12c99f5ca4f404/element/f.043615FDA099A6883ABDD55FCDA43E76.d.A45009B1758C27AB8AB9CC9B61A81B40.e.13427/click - {}
RESULT: {}
COMMAND: POST /session/1820fae8a81a1c34ca12c99f5ca4f404/execute/async - {"script":"<script> [1562 bytes]","args":[{"selector":{"controlType":"sap.m.StandardListItem","viewName":"reusables.view.manageresources.NewResourceUnit","viewId":"application-manageresources-display-component---newResourceUnit","properties":{"title":"Material"},"searchOpenDialogs":true,"interaction":{"idSuffix":"titleText"}},"wdio_ui5_key":"reusablesview.manageresources.NewResourceUnitsap.m.StandardListItem{\"title\":\"Material\"}"}]}
COMMAND: GET /session/1820fae8a81a1c34ca12c99f5ca4f404/screenshot - {}
RESULT: {"script":"<script> [1562 bytes]","args":[{"selector":{"controlType":"sap.m.StandardListItem","viewName":"reusables.view.manageresources.NewResourceUnit","viewId":"application-manageresources-display-component---newResourceUnit","properties":{"title":"Material"},"searchOpenDialogs":true,"interaction":{"idSuffix":"titleText"}},"wdio_ui5_key":"reusablesview.manageresources.NewResourceUnitsap.m.StandardListItem{\"title\":\"Material\"}"}]}
RESULT: undefined
COMMAND: POST /session/1820fae8a81a1c34ca12c99f5ca4f404/element - {"using":"xpath","value":"//*[@id=\"__item1209\"]"}
RESULT: {}
RESULT: {"using":"xpath","value":"//*[@id=\"__item1209\"]"}
COMMAND: POST /session/1820fae8a81a1c34ca12c99f5ca4f404/element/f.043615FDA099A6883ABDD55FCDA43E76.d.A45009B1758C27AB8AB9CC9B61A81B40.e.13430/click - {}
RESULT: {}
COMMAND: POST /session/1820fae8a81a1c34ca12c99f5ca4f404/execute/async - {"script":"<script> [1562 bytes]","args":[{"selector":{"id":"application-manageresources-display-component---newResourceUnit--SHORT_TEXT","interaction":{"idSuffix":"inner"}},"wdio_ui5_key":"applicationmanageresources-display-component---newResourceUnit--SHORT_TEXT"}]}
COMMAND: GET /session/1820fae8a81a1c34ca12c99f5ca4f404/screenshot - {}
RESULT: {"script":"<script> [1562 bytes]","args":[{"selector":{"id":"application-manageresources-display-component---newResourceUnit--SHORT_TEXT","interaction":{"idSuffix":"inner"}},"wdio_ui5_key":"applicationmanageresources-display-component---newResourceUnit--SHORT_TEXT"}]}
RESULT: undefined
COMMAND: POST /session/1820fae8a81a1c34ca12c99f5ca4f404/execute/async - {"script":"<script> [776 bytes]","args":[{"enterText":"WebdriverRUR2Ct3rsw","selector":{"id":"application-manageresources-display-component---newResourceUnit--SHORT_TEXT","interaction":{"idSuffix":"inner"}},"clearTextFirst":true,"interactionType":"ENTER_TEXT"}]}
RESULT: {}
RESULT: {"script":"<script> [776 bytes]","args":[{"enterText":"WebdriverRUR2Ct3rsw","selector":{"id":"application-manageresources-display-component---newResourceUnit--SHORT_TEXT","interaction":{"idSuffix":"inner"}},"clearTextFirst":true,"interactionType":"ENTER_TEXT"}]}
COMMAND: POST /session/1820fae8a81a1c34ca12c99f5ca4f404/execute/async - {"script":"<script> [1562 bytes]","args":[{"selector":{"id":"application-manageresources-display-component---newResourceUnit--BASE_UNIT_OF_MEASURE-arrow"},"wdio_ui5_key":"applicationmanageresources-display-component---newResourceUnit--BASE_UNIT_OF_MEASURE-arrow"}]}
RESULT: {"script":"<script> [1562 bytes]","args":[{"selector":{"id":"application-manageresources-display-component---newResourceUnit--BASE_UNIT_OF_MEASURE-arrow"},"wdio_ui5_key":"applicationmanageresources-display-component---newResourceUnit--BASE_UNIT_OF_MEASURE-arrow"}]}
RESULT: undefined
COMMAND: POST /session/1820fae8a81a1c34ca12c99f5ca4f404/element - {"using":"xpath","value":"//*[@id=\"application-manageresources-display-component---newResourceUnit--BASE_UNIT_OF_MEASURE-arrow\"]"}
RESULT: {"using":"xpath","value":"//*[@id=\"application-manageresources-display-component---newResourceUnit--BASE_UNIT_OF_MEASURE-arrow\"]"}
COMMAND: POST /session/1820fae8a81a1c34ca12c99f5ca4f404/element/f.043615FDA099A6883ABDD55FCDA43E76.d.A45009B1758C27AB8AB9CC9B61A81B40.e.13484/click - {}
RESULT: {}
COMMAND: POST /session/1820fae8a81a1c34ca12c99f5ca4f404/execute/async - {"script":"<script> [1562 bytes]","args":[{"selector":{"controlType":"sap.m.StandardListItem","viewName":"reusables.view.manageresources.NewResourceUnit","viewId":"application-manageresources-display-component---newResourceUnit","properties":{"title":"Piece"},"searchOpenDialogs":true,"interaction":{"idSuffix":"titleText"}},"wdio_ui5_key":"reusablesview.manageresources.NewResourceUnitsap.m.StandardListItem{\"title\":\"Piece\"}"}]}
COMMAND: GET /session/1820fae8a81a1c34ca12c99f5ca4f404/screenshot - {}
RESULT: {"script":"<script> [1562 bytes]","args":[{"selector":{"controlType":"sap.m.StandardListItem","viewName":"reusables.view.manageresources.NewResourceUnit","viewId":"application-manageresources-display-component---newResourceUnit","properties":{"title":"Piece"},"searchOpenDialogs":true,"interaction":{"idSuffix":"titleText"}},"wdio_ui5_key":"reusablesview.manageresources.NewResourceUnitsap.m.StandardListItem{\"title\":\"Piece\"}"}]}
RESULT: undefined
COMMAND: POST /session/1820fae8a81a1c34ca12c99f5ca4f404/element - {"using":"xpath","value":"//*[@id=\"__item1251\"]"}
RESULT: {}
RESULT: {"using":"xpath","value":"//*[@id=\"__item1251\"]"}
COMMAND: POST /session/1820fae8a81a1c34ca12c99f5ca4f404/element/f.043615FDA099A6883ABDD55FCDA43E76.d.A45009B1758C27AB8AB9CC9B61A81B40.e.13486/click - {}
RESULT: {}
COMMAND: POST /session/1820fae8a81a1c34ca12c99f5ca4f404/element - {"using":"xpath","value":"//input[contains(@id ,\"application-manageresources-display-component---newResourceUnit--SHORT_TEXT-inner\")]"}
COMMAND: GET /session/1820fae8a81a1c34ca12c99f5ca4f404/screenshot - {}
RESULT: {"using":"xpath","value":"//input[contains(@id ,\"application-manageresources-display-component---newResourceUnit--SHORT_TEXT-inner\")]"}
COMMAND: GET /session/1820fae8a81a1c34ca12c99f5ca4f404/element/f.043615FDA099A6883ABDD55FCDA43E76.d.A45009B1758C27AB8AB9CC9B61A81B40.e.13447/property/value - {}
RESULT: {}
RESULT: {}
COMMAND: POST /session/1820fae8a81a1c34ca12c99f5ca4f404/execute/async - {"script":"<script> [1562 bytes]","args":[{"selector":{"id":"application-manageresources-display-component---newResourceUnit--WEIGHT_UNIT-arrow"},"wdio_ui5_key":"applicationmanageresources-display-component---newResourceUnit--WEIGHT_UNIT-arrow"}]}
COMMAND: GET /session/1820fae8a81a1c34ca12c99f5ca4f404/screenshot - {}
RESULT: {"script":"<script> [1562 bytes]","args":[{"selector":{"id":"application-manageresources-display-component---newResourceUnit--WEIGHT_UNIT-arrow"},"wdio_ui5_key":"applicationmanageresources-display-component---newResourceUnit--WEIGHT_UNIT-arrow"}]}
RESULT: undefined
COMMAND: POST /session/1820fae8a81a1c34ca12c99f5ca4f404/element - {"using":"xpath","value":"//*[@id=\"application-manageresources-display-component---newResourceUnit--WEIGHT_UNIT-arrow\"]"}
RESULT: {}
RESULT: {"using":"xpath","value":"//*[@id=\"application-manageresources-display-component---newResourceUnit--WEIGHT_UNIT-arrow\"]"}
COMMAND: POST /session/1820fae8a81a1c34ca12c99f5ca4f404/element/f.043615FDA099A6883ABDD55FCDA43E76.d.A45009B1758C27AB8AB9CC9B61A81B40.e.13487/click - {}
RESULT: {}
COMMAND: POST /session/1820fae8a81a1c34ca12c99f5ca4f404/execute/async - {"script":"<script> [1562 bytes]","args":[{"selector":{"controlType":"sap.m.StandardListItem","viewName":"reusables.view.manageresources.NewResourceUnit","viewId":"application-manageresources-display-component---newResourceUnit","properties":{"title":"Gram"},"searchOpenDialogs":true,"interaction":{"idSuffix":"content"}},"wdio_ui5_key":"reusablesview.manageresources.NewResourceUnitsap.m.StandardListItem{\"title\":\"Gram\"}"}]}
COMMAND: GET /session/1820fae8a81a1c34ca12c99f5ca4f404/screenshot - {}
RESULT: {"script":"<script> [1562 bytes]","args":[{"selector":{"controlType":"sap.m.StandardListItem","viewName":"reusables.view.manageresources.NewResourceUnit","viewId":"application-manageresources-display-component---newResourceUnit","properties":{"title":"Gram"},"searchOpenDialogs":true,"interaction":{"idSuffix":"content"}},"wdio_ui5_key":"reusablesview.manageresources.NewResourceUnitsap.m.StandardListItem{\"title\":\"Gram\"}"}]}
RESULT: undefined
COMMAND: POST /session/1820fae8a81a1c34ca12c99f5ca4f404/element - {"using":"xpath","value":"//*[@id=\"__item1316\"]"}
RESULT: {}
RESULT: {"using":"xpath","value":"//*[@id=\"__item1316\"]"}
COMMAND: POST /session/1820fae8a81a1c34ca12c99f5ca4f404/element/f.043615FDA099A6883ABDD55FCDA43E76.d.A45009B1758C27AB8AB9CC9B61A81B40.e.13489/click - {}
RESULT: {}
COMMAND: POST /session/1820fae8a81a1c34ca12c99f5ca4f404/execute/async - {"script":"<script> [1562 bytes]","args":[{"selector":{"id":"application-manageresources-display-component---newResourceUnit--newRRUPage-OPHeaderContent-collapseBtn-img"},"wdio_ui5_key":"applicationmanageresources-display-component---newResourceUnit--newRRUPage-OPHeaderContent-collapseBtn-img"}]}
COMMAND: GET /session/1820fae8a81a1c34ca12c99f5ca4f404/screenshot - {}
RESULT: {"script":"<script> [1562 bytes]","args":[{"selector":{"id":"application-manageresources-display-component---newResourceUnit--newRRUPage-OPHeaderContent-collapseBtn-img"},"wdio_ui5_key":"applicationmanageresources-display-component---newResourceUnit--newRRUPage-OPHeaderContent-collapseBtn-img"}]}
RESULT: undefined
COMMAND: POST /session/1820fae8a81a1c34ca12c99f5ca4f404/element - {"using":"xpath","value":"//*[@id=\"application-manageresources-display-component---newResourceUnit--newRRUPage-OPHeaderContent-collapseBtn-img\"]"}
RESULT: {}
RESULT: {"using":"xpath","value":"//*[@id=\"application-manageresources-display-component---newResourceUnit--newRRUPage-OPHeaderContent-collapseBtn-img\"]"}
COMMAND: POST /session/1820fae8a81a1c34ca12c99f5ca4f404/element/f.043615FDA099A6883ABDD55FCDA43E76.d.A45009B1758C27AB8AB9CC9B61A81B40.e.13437/click - {}
RESULT: {}
COMMAND: GET /session/1820fae8a81a1c34ca12c99f5ca4f404/screenshot - {}
RESULT: {}
COMMAND: POST /session/1820fae8a81a1c34ca12c99f5ca4f404/element - {"using":"xpath","value":"(//span[contains(@id ,\"application-manageresources-display-component---newResourceUnit--DIMENSION_UNIT-arrow\")])[1]"}
RESULT: {"using":"xpath","value":"(//span[contains(@id ,\"application-manageresources-display-component---newResourceUnit--DIMENSION_UNIT-arrow\")])[1]"}
COMMAND: POST /session/1820fae8a81a1c34ca12c99f5ca4f404/element/f.043615FDA099A6883ABDD55FCDA43E76.d.A45009B1758C27AB8AB9CC9B61A81B40.e.13495/click - {}
RESULT: {}
COMMAND: GET /session/1820fae8a81a1c34ca12c99f5ca4f404/screenshot - {}
RESULT: {}
COMMAND: POST /session/1820fae8a81a1c34ca12c99f5ca4f404/execute/async - {"script":"<script> [1562 bytes]","args":[{"selector":{"controlType":"sap.m.StandardListItem","viewName":"reusables.view.manageresources.NewResourceUnit","viewId":"application-manageresources-display-component---newResourceUnit","properties":{"title":"Centimeter"},"searchOpenDialogs":true,"interaction":{"idSuffix":"titleText"}},"wdio_ui5_key":"reusablesview.manageresources.NewResourceUnitsap.m.StandardListItem{\"title\":\"Centimeter\"}"}]}
RESULT: {"script":"<script> [1562 bytes]","args":[{"selector":{"controlType":"sap.m.StandardListItem","viewName":"reusables.view.manageresources.NewResourceUnit","viewId":"application-manageresources-display-component---newResourceUnit","properties":{"title":"Centimeter"},"searchOpenDialogs":true,"interaction":{"idSuffix":"titleText"}},"wdio_ui5_key":"reusablesview.manageresources.NewResourceUnitsap.m.StandardListItem{\"title\":\"Centimeter\"}"}]}
RESULT: undefined
COMMAND: POST /session/1820fae8a81a1c34ca12c99f5ca4f404/element - {"using":"xpath","value":"//*[@id=\"__item1319\"]"}
RESULT: {"using":"xpath","value":"//*[@id=\"__item1319\"]"}
COMMAND: POST /session/1820fae8a81a1c34ca12c99f5ca4f404/element/f.043615FDA099A6883ABDD55FCDA43E76.d.A45009B1758C27AB8AB9CC9B61A81B40.e.13497/click - {}
RESULT: {}
COMMAND: POST /session/1820fae8a81a1c34ca12c99f5ca4f404/execute/async - {"script":"<script> [1562 bytes]","args":[{"selector":{"id":"application-manageresources-display-component---newResourceUnit--newRRUPage-anchBar-application-manageresources-display-component---newResourceUnit--reference-anchor","interaction":{"idSuffix":"BDI-content"}},"wdio_ui5_key":"applicationmanageresources-display-component---newResourceUnit--newRRUPage-anchBar-application-manageresources-display-component---newResourceUnit--reference-anchor"}]}
COMMAND: GET /session/1820fae8a81a1c34ca12c99f5ca4f404/screenshot - {}
RESULT: {"script":"<script> [1562 bytes]","args":[{"selector":{"id":"application-manageresources-display-component---newResourceUnit--newRRUPage-anchBar-application-manageresources-display-component---newResourceUnit--reference-anchor","interaction":{"idSuffix":"BDI-content"}},"wdio_ui5_key":"applicationmanageresources-display-component---newResourceUnit--newRRUPage-anchBar-application-manageresources-display-component---newResourceUnit--reference-anchor"}]}
RESULT: undefined
COMMAND: POST /session/1820fae8a81a1c34ca12c99f5ca4f404/element - {"using":"xpath","value":"//*[@id=\"application-manageresources-display-component---newResourceUnit--newRRUPage-anchBar-application-manageresources-display-component---newResourceUnit--reference-anchor\"]"}
RESULT: {}
RESULT: {"using":"xpath","value":"//*[@id=\"application-manageresources-display-component---newResourceUnit--newRRUPage-anchBar-application-manageresources-display-component---newResourceUnit--reference-anchor\"]"}
COMMAND: POST /session/1820fae8a81a1c34ca12c99f5ca4f404/element/f.043615FDA099A6883ABDD55FCDA43E76.d.A45009B1758C27AB8AB9CC9B61A81B40.e.13499/click - {}
RESULT: {}
COMMAND: POST /session/1820fae8a81a1c34ca12c99f5ca4f404/execute/async - {"script":"<script> [1562 bytes]","args":[{"selector":{"id":"application-manageresources-display-component---newResourceUnit--PLANNING_GROUP-arrow"},"wdio_ui5_key":"applicationmanageresources-display-component---newResourceUnit--PLANNING_GROUP-arrow"}]}
COMMAND: GET /session/1820fae8a81a1c34ca12c99f5ca4f404/screenshot - {}
RESULT: {"script":"<script> [1562 bytes]","args":[{"selector":{"id":"application-manageresources-display-component---newResourceUnit--PLANNING_GROUP-arrow"},"wdio_ui5_key":"applicationmanageresources-display-component---newResourceUnit--PLANNING_GROUP-arrow"}]}
RESULT: undefined
COMMAND: POST /session/1820fae8a81a1c34ca12c99f5ca4f404/element - {"using":"xpath","value":"//*[@id=\"application-manageresources-display-component---newResourceUnit--PLANNING_GROUP-arrow\"]"}
RESULT: {}
RESULT: {"using":"xpath","value":"//*[@id=\"application-manageresources-display-component---newResourceUnit--PLANNING_GROUP-arrow\"]"}
COMMAND: POST /session/1820fae8a81a1c34ca12c99f5ca4f404/element/f.043615FDA099A6883ABDD55FCDA43E76.d.A45009B1758C27AB8AB9CC9B61A81B40.e.13503/click - {}
RESULT: {}
COMMAND: POST /session/1820fae8a81a1c34ca12c99f5ca4f404/execute/async - {"script":"<script> [1562 bytes]","args":[{"selector":{"controlType":"sap.m.StandardListItem","viewName":"reusables.view.manageresources.NewResourceUnit","viewId":"application-manageresources-display-component---newResourceUnit","properties":{"title":"Heavy Equi"},"searchOpenDialogs":true,"interaction":{"idSuffix":"content"}},"wdio_ui5_key":"reusablesview.manageresources.NewResourceUnitsap.m.StandardListItem{\"title\":\"Heavy Equi\"}"}]}
COMMAND: GET /session/1820fae8a81a1c34ca12c99f5ca4f404/screenshot - {}
RESULT: {"script":"<script> [1562 bytes]","args":[{"selector":{"controlType":"sap.m.StandardListItem","viewName":"reusables.view.manageresources.NewResourceUnit","viewId":"application-manageresources-display-component---newResourceUnit","properties":{"title":"Heavy Equi"},"searchOpenDialogs":true,"interaction":{"idSuffix":"content"}},"wdio_ui5_key":"reusablesview.manageresources.NewResourceUnitsap.m.StandardListItem{\"title\":\"Heavy Equi\"}"}]}
RESULT: undefined
COMMAND: POST /session/1820fae8a81a1c34ca12c99f5ca4f404/element - {"using":"xpath","value":"//*[@id=\"__item1327\"]"}
RESULT: {}
RESULT: {"using":"xpath","value":"//*[@id=\"__item1327\"]"}
COMMAND: POST /session/1820fae8a81a1c34ca12c99f5ca4f404/element/f.043615FDA099A6883ABDD55FCDA43E76.d.A45009B1758C27AB8AB9CC9B61A81B40.e.13507/click - {}
RESULT: {}
COMMAND: GET /session/1820fae8a81a1c34ca12c99f5ca4f404/screenshot - {}
RESULT: {}
COMMAND: POST /session/1820fae8a81a1c34ca12c99f5ca4f404/execute/async - {"script":"<script> [1562 bytes]","args":[{"selector":{"id":"application-manageresources-display-component---newResourceUnit--PLANNING_INDICATOR-arrow"},"wdio_ui5_key":"applicationmanageresources-display-component---newResourceUnit--PLANNING_INDICATOR-arrow"}]}
RESULT: {"script":"<script> [1562 bytes]","args":[{"selector":{"id":"application-manageresources-display-component---newResourceUnit--PLANNING_INDICATOR-arrow"},"wdio_ui5_key":"applicationmanageresources-display-component---newResourceUnit--PLANNING_INDICATOR-arrow"}]}
RESULT: undefined
COMMAND: POST /session/1820fae8a81a1c34ca12c99f5ca4f404/element - {"using":"xpath","value":"//*[@id=\"application-manageresources-display-component---newResourceUnit--PLANNING_INDICATOR-arrow\"]"}
RESULT: {"using":"xpath","value":"//*[@id=\"application-manageresources-display-component---newResourceUnit--PLANNING_INDICATOR-arrow\"]"}
COMMAND: POST /session/1820fae8a81a1c34ca12c99f5ca4f404/element/f.043615FDA099A6883ABDD55FCDA43E76.d.A45009B1758C27AB8AB9CC9B61A81B40.e.13508/click - {}
RESULT: {}
COMMAND: POST /session/1820fae8a81a1c34ca12c99f5ca4f404/execute/async - {"script":"<script> [1562 bytes]","args":[{"selector":{"controlType":"sap.m.StandardListItem","viewName":"reusables.view.manageresources.NewResourceUnit","viewId":"application-manageresources-display-component---newResourceUnit","properties":{"title":"10 - infinite"},"searchOpenDialogs":true,"interaction":{"idSuffix":"content"}},"wdio_ui5_key":"reusablesview.manageresources.NewResourceUnitsap.m.StandardListItem{\"title\":\"10 - infinite\"}"}]}
COMMAND: GET /session/1820fae8a81a1c34ca12c99f5ca4f404/screenshot - {}
RESULT: {"script":"<script> [1562 bytes]","args":[{"selector":{"controlType":"sap.m.StandardListItem","viewName":"reusables.view.manageresources.NewResourceUnit","viewId":"application-manageresources-display-component---newResourceUnit","properties":{"title":"10 - infinite"},"searchOpenDialogs":true,"interaction":{"idSuffix":"content"}},"wdio_ui5_key":"reusablesview.manageresources.NewResourceUnitsap.m.StandardListItem{\"title\":\"10 - infinite\"}"}]}
RESULT: undefined
COMMAND: POST /session/1820fae8a81a1c34ca12c99f5ca4f404/element - {"using":"xpath","value":"//*[@id=\"__item1337\"]"}
RESULT: {}
RESULT: {"using":"xpath","value":"//*[@id=\"__item1337\"]"}
COMMAND: POST /session/1820fae8a81a1c34ca12c99f5ca4f404/element/f.043615FDA099A6883ABDD55FCDA43E76.d.A45009B1758C27AB8AB9CC9B61A81B40.e.13510/click - {}
RESULT: {}
COMMAND: GET /session/1820fae8a81a1c34ca12c99f5ca4f404/screenshot - {}
RESULT: {}
COMMAND: POST /session/1820fae8a81a1c34ca12c99f5ca4f404/element - {"using":"xpath","value":"//bdi[contains(text(), \"Time Segment\")]"}
RESULT: {"using":"xpath","value":"//bdi[contains(text(), \"Time Segment\")]"}
COMMAND: GET /session/1820fae8a81a1c34ca12c99f5ca4f404/element/f.043615FDA099A6883ABDD55FCDA43E76.d.A45009B1758C27AB8AB9CC9B61A81B40.e.13511/rect - {}
RESULT: {}
COMMAND: GET /session/1820fae8a81a1c34ca12c99f5ca4f404/window/rect - {}
RESULT: {}
COMMAND: POST /session/1820fae8a81a1c34ca12c99f5ca4f404/execute/sync - {"script":"<script> [92 bytes]","args":[]}
RESULT: {"script":"<script> [92 bytes]","args":[]}
COMMAND: POST /session/1820fae8a81a1c34ca12c99f5ca4f404/actions - {"actions":[{"id":"action69","type":"wheel","parameters":{},"actions":[{"type":"scroll","x":-1820,"y":-21,"deltaX":0,"deltaY":0,"duration":0,"origin":{"element-6066-11e4-a52e-4f735466cecf":"f.043615FDA099A6883ABDD55FCDA43E76.d.A45009B1758C27AB8AB9CC9B61A81B40.e.13511"}}]}]}
COMMAND: GET /session/1820fae8a81a1c34ca12c99f5ca4f404/screenshot - {}
RESULT: {}
COMMAND: POST /session/1820fae8a81a1c34ca12c99f5ca4f404/execute/sync - {"script":"<script> [79 bytes]","args":[{"element-6066-11e4-a52e-4f735466cecf":"f.043615FDA099A6883ABDD55FCDA43E76.d.A45009B1758C27AB8AB9CC9B61A81B40.e.13511","ELEMENT":"f.043615FDA099A6883ABDD55FCDA43E76.d.A45009B1758C27AB8AB9CC9B61A81B40.e.13511"},{"block":"start","inline":"nearest"}]}
RESULT: {"script":"<script> [79 bytes]","args":[{"element-6066-11e4-a52e-4f735466cecf":"f.043615FDA099A6883ABDD55FCDA43E76.d.A45009B1758C27AB8AB9CC9B61A81B40.e.13511","ELEMENT":"f.043615FDA099A6883ABDD55FCDA43E76.d.A45009B1758C27AB8AB9CC9B61A81B40.e.13511"},{"block":"start","inline":"nearest"}]}
COMMAND: GET /session/1820fae8a81a1c34ca12c99f5ca4f404/screenshot - {}
RESULT: {}
COMMAND: POST /session/1820fae8a81a1c34ca12c99f5ca4f404/element - {"using":"xpath","value":"//span[@id=\"application-manageresources-display-component---newResourceUnit--btnAddTimeSegment-img\"]"}
RESULT: {"using":"xpath","value":"//span[@id=\"application-manageresources-display-component---newResourceUnit--btnAddTimeSegment-img\"]"}
COMMAND: POST /session/1820fae8a81a1c34ca12c99f5ca4f404/execute/sync - {"script":"<script> [8489 bytes]","args":[{"element-6066-11e4-a52e-4f735466cecf":"f.043615FDA099A6883ABDD55FCDA43E76.d.A45009B1758C27AB8AB9CC9B61A81B40.e.13514","ELEMENT":"f.043615FDA099A6883ABDD55FCDA43E76.d.A45009B1758C27AB8AB9CC9B61A81B40.e.13514"}]}
RESULT: {"script":"<script> [8489 bytes]","args":[{"element-6066-11e4-a52e-4f735466cecf":"f.043615FDA099A6883ABDD55FCDA43E76.d.A45009B1758C27AB8AB9CC9B61A81B40.e.13514","ELEMENT":"f.043615FDA099A6883ABDD55FCDA43E76.d.A45009B1758C27AB8AB9CC9B61A81B40.e.13514"}]}
COMMAND: POST /session/1820fae8a81a1c34ca12c99f5ca4f404/element/f.043615FDA099A6883ABDD55FCDA43E76.d.A45009B1758C27AB8AB9CC9B61A81B40.e.13514/click - {}
COMMAND: GET /session/1820fae8a81a1c34ca12c99f5ca4f404/screenshot - {}
RESULT: {}
COMMAND: GET /session/1820fae8a81a1c34ca12c99f5ca4f404/screenshot - {}
COMMAND: POST /session/1820fae8a81a1c34ca12c99f5ca4f404/element - {"using":"xpath","value":"//input[@id=\"application-manageresources-display-component---newResourceUnit--idRuTSAdmin-application-manageresources-display-component---newResourceUnit--RUTimeSegment-0-inner\"]"}
RESULT: {}
RESULT: {}
RESULT: {"using":"xpath","value":"//input[@id=\"application-manageresources-display-component---newResourceUnit--idRuTSAdmin-application-manageresources-display-component---newResourceUnit--RUTimeSegment-0-inner\"]"}
COMMAND: POST /session/1820fae8a81a1c34ca12c99f5ca4f404/element/f.043615FDA099A6883ABDD55FCDA43E76.d.A45009B1758C27AB8AB9CC9B61A81B40.e.13517/clear - {}
RESULT: {}
COMMAND: POST /session/1820fae8a81a1c34ca12c99f5ca4f404/element/f.043615FDA099A6883ABDD55FCDA43E76.d.A45009B1758C27AB8AB9CC9B61A81B40.e.13517/value - {"text":"WebdriverYardkqmun"}
COMMAND: GET /session/1820fae8a81a1c34ca12c99f5ca4f404/screenshot - {}
RESULT: {"text":"WebdriverYardkqmun"}
COMMAND: GET /session/1820fae8a81a1c34ca12c99f5ca4f404/screenshot - {}
RESULT: {}
RESULT: {}
COMMAND: POST /session/1820fae8a81a1c34ca12c99f5ca4f404/actions - {"actions":[{"id":"action70","type":"key","parameters":{},"actions":[{"type":"keyDown","value":""},{"type":"pause","duration":10},{"type":"keyUp","value":""}]}]}
RESULT: {"actions":[{"id":"action70","type":"key","parameters":{},"actions":[{"type":"keyDown","value":""},{"type":"pause","duration":10},{"type":"keyUp","value":""}]}]}
COMMAND: GET /session/1820fae8a81a1c34ca12c99f5ca4f404/screenshot - {}
RESULT: {}
COMMAND: POST /session/1820fae8a81a1c34ca12c99f5ca4f404/execute/async - {"script":"<script> [1562 bytes]","args":[{"selector":{"controlType":"sap.m.Button","viewName":"reusables.view.manageresources.NewResourceUnit","viewId":"application-manageresources-display-component---newResourceUnit","i18NText":{"propertyName":"tooltip","key":"save"},"interaction":{"idSuffix":"BDI-content"}},"wdio_ui5_key":"reusablesview.manageresources.NewResourceUnitsap.m.Button{\"propertyName\":\"tooltip\",\"key\":\"save\"}"}]}
RESULT: {"script":"<script> [1562 bytes]","args":[{"selector":{"controlType":"sap.m.Button","viewName":"reusables.view.manageresources.NewResourceUnit","viewId":"application-manageresources-display-component---newResourceUnit","i18NText":{"propertyName":"tooltip","key":"save"},"interaction":{"idSuffix":"BDI-content"}},"wdio_ui5_key":"reusablesview.manageresources.NewResourceUnitsap.m.Button{\"propertyName\":\"tooltip\",\"key\":\"save\"}"}]}
RESULT: undefined
COMMAND: POST /session/1820fae8a81a1c34ca12c99f5ca4f404/element - {"using":"xpath","value":"//*[@id=\"application-manageresources-display-component---newResourceUnit--createRuButton\"]"}
RESULT: {"using":"xpath","value":"//*[@id=\"application-manageresources-display-component---newResourceUnit--createRuButton\"]"}
COMMAND: POST /session/1820fae8a81a1c34ca12c99f5ca4f404/element/f.043615FDA099A6883ABDD55FCDA43E76.d.A45009B1758C27AB8AB9CC9B61A81B40.e.13443/click - {}
RESULT: {}
COMMAND: GET /session/1820fae8a81a1c34ca12c99f5ca4f404/screenshot - {}
RESULT: {}
COMMAND: POST /session/1820fae8a81a1c34ca12c99f5ca4f404/execute/async - {"script":"<script> [1562 bytes]","args":[{"selector":{"controlType":"sap.m.Title","properties":{"text":"Success"},"searchOpenDialogs":true},"wdio_ui5_key":"sapm.Title{\"text\":\"Success\"}"}]}
RESULT: {"script":"<script> [1562 bytes]","args":[{"selector":{"controlType":"sap.m.Title","properties":{"text":"Success"},"searchOpenDialogs":true},"wdio_ui5_key":"sapm.Title{\"text\":\"Success\"}"}]}
RESULT: undefined
COMMAND: POST /session/1820fae8a81a1c34ca12c99f5ca4f404/execute/async - {"script":"<script> [6424 bytes]","args":[{"element-6066-11e4-a52e-4f735466cecf":"f.043615FDA099A6883ABDD55FCDA43E76.d.A45009B1758C27AB8AB9CC9B61A81B40.e.13535"},"getText",[]]}
RESULT: {"script":"<script> [6424 bytes]","args":[{"element-6066-11e4-a52e-4f735466cecf":"f.043615FDA099A6883ABDD55FCDA43E76.d.A45009B1758C27AB8AB9CC9B61A81B40.e.13535"},"getText",[]]}
COMMAND: POST /session/1820fae8a81a1c34ca12c99f5ca4f404/element - {"using":"xpath","value":"//*[contains(@id, '__text') and (contains(text(), 'successfully created') or contains(., 'successfully created'))]"}
RESULT: {"using":"xpath","value":"//*[contains(@id, '__text') and (contains(text(), 'successfully created') or contains(., 'successfully created'))]"}
COMMAND: GET /session/1820fae8a81a1c34ca12c99f5ca4f404/element/f.043615FDA099A6883ABDD55FCDA43E76.d.A45009B1758C27AB8AB9CC9B61A81B40.e.13534/text - {}
RESULT: {}
COMMAND: POST /session/1820fae8a81a1c34ca12c99f5ca4f404/execute/async - {"script":"<script> [1562 bytes]","args":[{"selector":{"controlType":"sap.m.Button","properties":{"text":"Close"},"searchOpenDialogs":true,"interaction":{"idSuffix":"BDI-content"}},"wdio_ui5_key":"sapm.Button{\"text\":\"Close\"}"}]}
RESULT: {"script":"<script> [1562 bytes]","args":[{"selector":{"controlType":"sap.m.Button","properties":{"text":"Close"},"searchOpenDialogs":true,"interaction":{"idSuffix":"BDI-content"}},"wdio_ui5_key":"sapm.Button{\"text\":\"Close\"}"}]}
RESULT: undefined
COMMAND: POST /session/1820fae8a81a1c34ca12c99f5ca4f404/element - {"using":"xpath","value":"//*[@id=\"__mbox-btn-0\"]"}
RESULT: {"using":"xpath","value":"//*[@id=\"__mbox-btn-0\"]"}
COMMAND: POST /session/1820fae8a81a1c34ca12c99f5ca4f404/element/f.043615FDA099A6883ABDD55FCDA43E76.d.A45009B1758C27AB8AB9CC9B61A81B40.e.13532/click - {}
RESULT: {}
COMMAND: GET /session/1820fae8a81a1c34ca12c99f5ca4f404/screenshot - {}
RESULT: {}
COMMAND: POST /session/1820fae8a81a1c34ca12c99f5ca4f404/execute/async - {"script":"<script> [1562 bytes]","args":[{"selector":{"controlType":"sap.ui.core.Icon","viewName":"etm.portal.ui.manageresources.view.Detail","viewId":"application-manageresources-display-component---detailRU","properties":{"src":{"regex":{"source":"overflow"}}}},"wdio_ui5_key":"etmportal.ui.manageresources.view.Detailsap.ui.core.Icon{\"src\":{\"regex\":{\"source\":\"overflow\"}}}"}]}
RESULT: {"script":"<script> [1562 bytes]","args":[{"selector":{"controlType":"sap.ui.core.Icon","viewName":"etm.portal.ui.manageresources.view.Detail","viewId":"application-manageresources-display-component---detailRU","properties":{"src":{"regex":{"source":"overflow"}}}},"wdio_ui5_key":"etmportal.ui.manageresources.view.Detailsap.ui.core.Icon{\"src\":{\"regex\":{\"source\":\"overflow\"}}}"}]}
RESULT: undefined
COMMAND: POST /session/1820fae8a81a1c34ca12c99f5ca4f404/element - {"using":"xpath","value":"//*[@id=\"__title31-_actionsToolbar-overflowButton-img\"]"}
RESULT: {"using":"xpath","value":"//*[@id=\"__title31-_actionsToolbar-overflowButton-img\"]"}
COMMAND: POST /session/1820fae8a81a1c34ca12c99f5ca4f404/element/f.043615FDA099A6883ABDD55FCDA43E76.d.A45009B1758C27AB8AB9CC9B61A81B40.e.13566/click - {}
RESULT: {}
COMMAND: POST /session/1820fae8a81a1c34ca12c99f5ca4f404/execute/async - {"script":"<script> [1562 bytes]","args":[{"selector":{"controlType":"sap.m.Button","viewName":"etm.portal.ui.manageresources.view.Detail","viewId":"application-manageresources-display-component---detailRU","i18NText":{"propertyName":"tooltip","key":"closeColumn"},"searchOpenDialogs":true,"interaction":{"idSuffix":"inner"}},"wdio_ui5_key":"etmportal.ui.manageresources.view.Detailsap.m.Button{\"propertyName\":\"tooltip\",\"key\":\"closeColumn\"}"}]}
COMMAND: GET /session/1820fae8a81a1c34ca12c99f5ca4f404/screenshot - {}
RESULT: {"script":"<script> [1562 bytes]","args":[{"selector":{"controlType":"sap.m.Button","viewName":"etm.portal.ui.manageresources.view.Detail","viewId":"application-manageresources-display-component---detailRU","i18NText":{"propertyName":"tooltip","key":"closeColumn"},"searchOpenDialogs":true,"interaction":{"idSuffix":"inner"}},"wdio_ui5_key":"etmportal.ui.manageresources.view.Detailsap.m.Button{\"propertyName\":\"tooltip\",\"key\":\"closeColumn\"}"}]}
RESULT: undefined
COMMAND: POST /session/1820fae8a81a1c34ca12c99f5ca4f404/element - {"using":"xpath","value":"//*[@id=\"__button137\"]"}
RESULT: {}
RESULT: {"using":"xpath","value":"//*[@id=\"__button137\"]"}
COMMAND: POST /session/1820fae8a81a1c34ca12c99f5ca4f404/element/f.043615FDA099A6883ABDD55FCDA43E76.d.A45009B1758C27AB8AB9CC9B61A81B40.e.13568/click - {}
RESULT: {}
COMMAND: GET /session/1820fae8a81a1c34ca12c99f5ca4f404/screenshot - {}
RESULT: {}
COMMAND: POST /session/1820fae8a81a1c34ca12c99f5ca4f404/refresh - {}
RESULT: {}
COMMAND: GET /session/1820fae8a81a1c34ca12c99f5ca4f404/screenshot - {}
RESULT: {}
COMMAND: POST /session/1820fae8a81a1c34ca12c99f5ca4f404/execute/async - {"script":"<script> [189 bytes]","args":[]}
RESULT: {"script":"<script> [189 bytes]","args":[]}
COMMAND: POST /session/1820fae8a81a1c34ca12c99f5ca4f404/execute/async - {"script":"<script> [123 bytes]","args":[]}
RESULT: {"script":"<script> [123 bytes]","args":[]}
COMMAND: POST /session/1820fae8a81a1c34ca12c99f5ca4f404/timeouts - {"script":"<number>"}
RESULT: {"script":"<number>"}
COMMAND: GET /session/1820fae8a81a1c34ca12c99f5ca4f404/timeouts - {}
RESULT: {}
RESULT: undefined
COMMAND: POST /session/1820fae8a81a1c34ca12c99f5ca4f404/execute/async - {"script":"<script> [2676 bytes]","args":[]}
RESULT: {"script":"<script> [2676 bytes]","args":[]}
COMMAND: POST /session/1820fae8a81a1c34ca12c99f5ca4f404/execute/async - {"script":"<script> [2342 bytes]","args":[{"protocol":"http","hostname":"0.0.0.0","path":"/","capabilities":{"browserName":"chrome","goog:chromeOptions":{"binary":"C:\\Program Files\\Google\\Chrome\\Application\\chrome.exe","args":["--start-maximized"]}},"logLevel":"warn","connectionRetryTimeout":120000,"connectionRetryCount":3,"logLevels":{},"enableDirectConnect":true,"strictSSL":true,"_":"65 more keys: [\"cacheDir\",\"port\",\"requestedCapabilities\",\"automationProtocol\",\"baseUrl\",\"waitforInterval\",\"waitforTimeout\",\"onReload\",\"beforeCommand\",\"afterCommand\",\"rootDir\",\"specs\",\"suites\",\"exclude\",\"groupLogsByTestSpec\",\"excludeDriverLogs\",\"bail\",\"framework\",\"reporters\",\"services\",\"maxInstances\",\"maxInstancesPerCapability\",\"injectGlobals\",\"filesToWatch\",\"execArgv\",\"runnerEnv\",\"runner\",\"shard\",\"specFileRetries\",\"specFileRetriesDelay\",\"specFileRetriesDeferred\",\"reporterSyncInterval\",\"reporterSyncTimeout\",\"cucumberFeaturesWithLineNumbers\",\"autoCompileOpts\",\"mochaOpts\",\"jasmineOpts\",\"cucumberOpts\",\"onPrepare\",\"onWorkerStart\",\"onWorkerEnd\",\"before\",\"beforeSession\",\"beforeSuite\",\"beforeHook\",\"beforeTest\",\"afterTest\",\"afterHook\",\"afterSuite\",\"afterSession\",\"after\",\"onComplete\",\"beforeAssertion\",\"afterAssertion\",\"beforeFeature\",\"beforeScenario\",\"beforeStep\",\"afterStep\",\"afterScenario\",\"afterFeature\",\"_\",\"suite\",\"$0\",\"ignoredWorkerServices\",\"wdi5\"]"}]}
RESULT: {"script":"<script> [2342 bytes]","args":[{"protocol":"http","hostname":"0.0.0.0","path":"/","capabilities":{"browserName":"chrome","goog:chromeOptions":{"binary":"C:\\Program Files\\Google\\Chrome\\Application\\chrome.exe","args":["--start-maximized"]}},"logLevel":"warn","connectionRetryTimeout":120000,"connectionRetryCount":3,"logLevels":{},"enableDirectConnect":true,"strictSSL":true,"_":"65 more keys: [\"cacheDir\",\"port\",\"requestedCapabilities\",\"automationProtocol\",\"baseUrl\",\"waitforInterval\",\"waitforTimeout\",\"onReload\",\"beforeCommand\",\"afterCommand\",\"rootDir\",\"specs\",\"suites\",\"exclude\",\"groupLogsByTestSpec\",\"excludeDriverLogs\",\"bail\",\"framework\",\"reporters\",\"services\",\"maxInstances\",\"maxInstancesPerCapability\",\"injectGlobals\",\"filesToWatch\",\"execArgv\",\"runnerEnv\",\"runner\",\"shard\",\"specFileRetries\",\"specFileRetriesDelay\",\"specFileRetriesDeferred\",\"reporterSyncInterval\",\"reporterSyncTimeout\",\"cucumberFeaturesWithLineNumbers\",\"autoCompileOpts\",\"mochaOpts\",\"jasmineOpts\",\"cucumberOpts\",\"onPrepare\",\"onWorkerStart\",\"onWorkerEnd\",\"before\",\"beforeSession\",\"beforeSuite\",\"beforeHook\",\"beforeTest\",\"afterTest\",\"afterHook\",\"afterSuite\",\"afterSession\",\"after\",\"onComplete\",\"beforeAssertion\",\"afterAssertion\",\"beforeFeature\",\"beforeScenario\",\"beforeStep\",\"afterStep\",\"afterScenario\",\"afterFeature\",\"_\",\"suite\",\"$0\",\"ignoredWorkerServices\",\"wdi5\"]"}]}
COMMAND: POST /session/1820fae8a81a1c34ca12c99f5ca4f404/execute/async - {"script":"<script> [21126 bytes]","args":[35000]}
RESULT: {"script":"<script> [21126 bytes]","args":[35000]}
COMMAND: POST /session/1820fae8a81a1c34ca12c99f5ca4f404/element - {"using":"css selector","value":"#shell-header-logo"}
RESULT: {"using":"css selector","value":"#shell-header-logo"}
COMMAND: POST /session/1820fae8a81a1c34ca12c99f5ca4f404/element/f.043615FDA099A6883ABDD55FCDA43E76.d.ABF142D832D2B052975ADAA7DF6CA441.e.13653/click - {}
RESULT: {}
COMMAND: GET /session/1820fae8a81a1c34ca12c99f5ca4f404/screenshot - {}
RESULT: {}
COMMAND: POST /session/1820fae8a81a1c34ca12c99f5ca4f404/execute/async - {"script":"<script> [1562 bytes]","args":[{"selector":{"controlType":"sap.m.GenericTile","properties":{"header":"Manage Handovers"}},"wdio_ui5_key":"sapm.GenericTile{\"header\":\"Manage Handovers\"}"}]}
RESULT: {"script":"<script> [1562 bytes]","args":[{"selector":{"controlType":"sap.m.GenericTile","properties":{"header":"Manage Handovers"}},"wdio_ui5_key":"sapm.GenericTile{\"header\":\"Manage Handovers\"}"}]}
RESULT: undefined
COMMAND: POST /session/1820fae8a81a1c34ca12c99f5ca4f404/element - {"using":"xpath","value":"//*[@id=\"__tile133\"]"}
RESULT: {"using":"xpath","value":"//*[@id=\"__tile133\"]"}
COMMAND: POST /session/1820fae8a81a1c34ca12c99f5ca4f404/element/f.043615FDA099A6883ABDD55FCDA43E76.d.ABF142D832D2B052975ADAA7DF6CA441.e.13839/click - {}
RESULT: {}
COMMAND: GET /session/1820fae8a81a1c34ca12c99f5ca4f404/screenshot - {}
RESULT: {}
COMMAND: POST /session/1820fae8a81a1c34ca12c99f5ca4f404/elements - {"using":"xpath","value":"//span[text()='Error']"}
RESULT: {"using":"xpath","value":"//span[text()='Error']"}
COMMAND: POST /session/1820fae8a81a1c34ca12c99f5ca4f404/element - {"using":"xpath","value":"//button[@data-kt=\"masterHOAddButton\"]"}
RESULT: {"using":"xpath","value":"//button[@data-kt=\"masterHOAddButton\"]"}
COMMAND: POST /session/1820fae8a81a1c34ca12c99f5ca4f404/execute/sync - {"script":"<script> [8489 bytes]","args":[{"element-6066-11e4-a52e-4f735466cecf":"f.043615FDA099A6883ABDD55FCDA43E76.d.ABF142D832D2B052975ADAA7DF6CA441.e.13881","ELEMENT":"f.043615FDA099A6883ABDD55FCDA43E76.d.ABF142D832D2B052975ADAA7DF6CA441.e.13881"}]}
RESULT: {"script":"<script> [8489 bytes]","args":[{"element-6066-11e4-a52e-4f735466cecf":"f.043615FDA099A6883ABDD55FCDA43E76.d.ABF142D832D2B052975ADAA7DF6CA441.e.13881","ELEMENT":"f.043615FDA099A6883ABDD55FCDA43E76.d.ABF142D832D2B052975ADAA7DF6CA441.e.13881"}]}
COMMAND: POST /session/1820fae8a81a1c34ca12c99f5ca4f404/element/f.043615FDA099A6883ABDD55FCDA43E76.d.ABF142D832D2B052975ADAA7DF6CA441.e.13881/click - {}
COMMAND: GET /session/1820fae8a81a1c34ca12c99f5ca4f404/screenshot - {}
RESULT: {}
COMMAND: GET /session/1820fae8a81a1c34ca12c99f5ca4f404/screenshot - {}
RESULT: {}
COMMAND: POST /session/1820fae8a81a1c34ca12c99f5ca4f404/element - {"using":"xpath","value":"//span[contains(@id ,\"AddNewHO--typeSelect-arrow\")]"}
RESULT: {}
RESULT: {"using":"xpath","value":"//span[contains(@id ,\"AddNewHO--typeSelect-arrow\")]"}
COMMAND: POST /session/1820fae8a81a1c34ca12c99f5ca4f404/element/f.043615FDA099A6883ABDD55FCDA43E76.d.ABF142D832D2B052975ADAA7DF6CA441.e.14128/click - {}
RESULT: {}
COMMAND: GET /session/1820fae8a81a1c34ca12c99f5ca4f404/screenshot - {}
RESULT: {}
COMMAND: POST /session/1820fae8a81a1c34ca12c99f5ca4f404/element - {"using":"xpath","value":"(//li[contains(text(), \"stock increase yard\")])[1]"}
RESULT: {"using":"xpath","value":"(//li[contains(text(), \"stock increase yard\")])[1]"}
COMMAND: POST /session/1820fae8a81a1c34ca12c99f5ca4f404/element/f.043615FDA099A6883ABDD55FCDA43E76.d.ABF142D832D2B052975ADAA7DF6CA441.e.14129/click - {}
RESULT: {}
COMMAND: GET /session/1820fae8a81a1c34ca12c99f5ca4f404/screenshot - {}
RESULT: {}
COMMAND: POST /session/1820fae8a81a1c34ca12c99f5ca4f404/execute/async - {"script":"<script> [1562 bytes]","args":[{"selector":{"id":"application-managehandovers-display-component---AddNewHO--dueDate","interaction":{"idSuffix":"inner"}},"wdio_ui5_key":"applicationmanagehandovers-display-component---AddNewHO--dueDate"}]}
RESULT: {"script":"<script> [1562 bytes]","args":[{"selector":{"id":"application-managehandovers-display-component---AddNewHO--dueDate","interaction":{"idSuffix":"inner"}},"wdio_ui5_key":"applicationmanagehandovers-display-component---AddNewHO--dueDate"}]}
RESULT: undefined
COMMAND: POST /session/1820fae8a81a1c34ca12c99f5ca4f404/execute/async - {"script":"<script> [6424 bytes]","args":[{"element-6066-11e4-a52e-4f735466cecf":"f.043615FDA099A6883ABDD55FCDA43E76.d.ABF142D832D2B052975ADAA7DF6CA441.e.14131"},"setValue",["5/21/25"]]}
RESULT: {"script":"<script> [6424 bytes]","args":[{"element-6066-11e4-a52e-4f735466cecf":"f.043615FDA099A6883ABDD55FCDA43E76.d.ABF142D832D2B052975ADAA7DF6CA441.e.14131"},"setValue",["5/21/25"]]}
COMMAND: POST /session/1820fae8a81a1c34ca12c99f5ca4f404/element - {"using":"xpath","value":"//input[@id=\"generalSectionFrg--receiveYard-inner\"]"}
RESULT: {"using":"xpath","value":"//input[@id=\"generalSectionFrg--receiveYard-inner\"]"}
COMMAND: POST /session/1820fae8a81a1c34ca12c99f5ca4f404/element/f.043615FDA099A6883ABDD55FCDA43E76.d.ABF142D832D2B052975ADAA7DF6CA441.e.14135/clear - {}
RESULT: {}
COMMAND: POST /session/1820fae8a81a1c34ca12c99f5ca4f404/element/f.043615FDA099A6883ABDD55FCDA43E76.d.ABF142D832D2B052975ADAA7DF6CA441.e.14135/value - {"text":"WebdriverYardkqmun"}
COMMAND: GET /session/1820fae8a81a1c34ca12c99f5ca4f404/screenshot - {}
RESULT: {"text":"WebdriverYardkqmun"}
COMMAND: GET /session/1820fae8a81a1c34ca12c99f5ca4f404/screenshot - {}
RESULT: {}
RESULT: {}
COMMAND: POST /session/1820fae8a81a1c34ca12c99f5ca4f404/execute/async - {"script":"<script> [1562 bytes]","args":[{"selector":{"id":"application-managehandovers-display-component---AddNewHO--ObjectPageLayout-anchBar-application-managehandovers-display-component---AddNewHO--section4-anchor","interaction":{"idSuffix":"BDI-content"}},"wdio_ui5_key":"applicationmanagehandovers-display-component---AddNewHO--ObjectPageLayout-anchBar-application-managehandovers-display-component---AddNewHO--section4-anchor"}]}
RESULT: {"script":"<script> [1562 bytes]","args":[{"selector":{"id":"application-managehandovers-display-component---AddNewHO--ObjectPageLayout-anchBar-application-managehandovers-display-component---AddNewHO--section4-anchor","interaction":{"idSuffix":"BDI-content"}},"wdio_ui5_key":"applicationmanagehandovers-display-component---AddNewHO--ObjectPageLayout-anchBar-application-managehandovers-display-component---AddNewHO--section4-anchor"}]}
RESULT: undefined
COMMAND: POST /session/1820fae8a81a1c34ca12c99f5ca4f404/element - {"using":"xpath","value":"//*[@id=\"application-managehandovers-display-component---AddNewHO--ObjectPageLayout-anchBar-application-managehandovers-display-component---AddNewHO--section4-anchor\"]"}
RESULT: {"using":"xpath","value":"//*[@id=\"application-managehandovers-display-component---AddNewHO--ObjectPageLayout-anchBar-application-managehandovers-display-component---AddNewHO--section4-anchor\"]"}
COMMAND: POST /session/1820fae8a81a1c34ca12c99f5ca4f404/element/f.043615FDA099A6883ABDD55FCDA43E76.d.ABF142D832D2B052975ADAA7DF6CA441.e.14154/click - {}
RESULT: {}
COMMAND: GET /session/1820fae8a81a1c34ca12c99f5ca4f404/screenshot - {}
RESULT: {}
COMMAND: POST /session/1820fae8a81a1c34ca12c99f5ca4f404/element - {"using":"xpath","value":"//button[@aria-label=\"Add\"]"}
RESULT: {"using":"xpath","value":"//button[@aria-label=\"Add\"]"}
COMMAND: POST /session/1820fae8a81a1c34ca12c99f5ca4f404/element/f.043615FDA099A6883ABDD55FCDA43E76.d.ABF142D832D2B052975ADAA7DF6CA441.e.14158/click - {}
RESULT: {}
COMMAND: GET /session/1820fae8a81a1c34ca12c99f5ca4f404/screenshot - {}
RESULT: {}
COMMAND: POST /session/1820fae8a81a1c34ca12c99f5ca4f404/execute/async - {"script":"<script> [1562 bytes]","args":[{"selector":{"id":"application-managehandovers-display-component---AddNewHO--smartFilterBar-btnBasicSearch","searchOpenDialogs":true,"interaction":{"idSuffix":"I"}},"wdio_ui5_key":"applicationmanagehandovers-display-component---AddNewHO--smartFilterBar-btnBasicSearch"}]}
RESULT: {"script":"<script> [1562 bytes]","args":[{"selector":{"id":"application-managehandovers-display-component---AddNewHO--smartFilterBar-btnBasicSearch","searchOpenDialogs":true,"interaction":{"idSuffix":"I"}},"wdio_ui5_key":"applicationmanagehandovers-display-component---AddNewHO--smartFilterBar-btnBasicSearch"}]}
RESULT: undefined
COMMAND: POST /session/1820fae8a81a1c34ca12c99f5ca4f404/execute/async - {"script":"<script> [776 bytes]","args":[{"enterText":"WebdriverRUR2Ct3rsw","selector":{"id":"application-managehandovers-display-component---AddNewHO--smartFilterBar-btnBasicSearch","searchOpenDialogs":true,"interaction":{"idSuffix":"I"}},"clearTextFirst":true,"interactionType":"ENTER_TEXT"}]}
RESULT: {"script":"<script> [776 bytes]","args":[{"enterText":"WebdriverRUR2Ct3rsw","selector":{"id":"application-managehandovers-display-component---AddNewHO--smartFilterBar-btnBasicSearch","searchOpenDialogs":true,"interaction":{"idSuffix":"I"}},"clearTextFirst":true,"interactionType":"ENTER_TEXT"}]}
COMMAND: POST /session/1820fae8a81a1c34ca12c99f5ca4f404/actions - {"actions":[{"id":"action71","type":"key","parameters":{},"actions":[{"type":"keyDown","value":""},{"type":"pause","duration":10},{"type":"keyUp","value":""}]}]}
RESULT: {"actions":[{"id":"action71","type":"key","parameters":{},"actions":[{"type":"keyDown","value":""},{"type":"pause","duration":10},{"type":"keyUp","value":""}]}]}
COMMAND: POST /session/1820fae8a81a1c34ca12c99f5ca4f404/execute/async - {"script":"<script> [1562 bytes]","args":[{"selector":{"id":"application-managehandovers-display-component---AddNewHO--popup-sa","searchOpenDialogs":true,"interaction":{"idSuffix":"CbBg"}},"wdio_ui5_key":"applicationmanagehandovers-display-component---AddNewHO--popup-sa"}]}
COMMAND: GET /session/1820fae8a81a1c34ca12c99f5ca4f404/screenshot - {}
RESULT: {"script":"<script> [1562 bytes]","args":[{"selector":{"id":"application-managehandovers-display-component---AddNewHO--popup-sa","searchOpenDialogs":true,"interaction":{"idSuffix":"CbBg"}},"wdio_ui5_key":"applicationmanagehandovers-display-component---AddNewHO--popup-sa"}]}
RESULT: undefined
COMMAND: POST /session/1820fae8a81a1c34ca12c99f5ca4f404/element - {"using":"xpath","value":"//*[@id=\"application-managehandovers-display-component---AddNewHO--popup-sa\"]"}
RESULT: {}
RESULT: {"using":"xpath","value":"//*[@id=\"application-managehandovers-display-component---AddNewHO--popup-sa\"]"}
COMMAND: POST /session/1820fae8a81a1c34ca12c99f5ca4f404/element/f.043615FDA099A6883ABDD55FCDA43E76.d.ABF142D832D2B052975ADAA7DF6CA441.e.14293/click - {}
RESULT: {}
COMMAND: GET /session/1820fae8a81a1c34ca12c99f5ca4f404/screenshot - {}
RESULT: {}
COMMAND: POST /session/1820fae8a81a1c34ca12c99f5ca4f404/element - {"using":"xpath","value":"//bdi[contains(text(), \"Select\")]"}
RESULT: {"using":"xpath","value":"//bdi[contains(text(), \"Select\")]"}
COMMAND: POST /session/1820fae8a81a1c34ca12c99f5ca4f404/element/f.043615FDA099A6883ABDD55FCDA43E76.d.ABF142D832D2B052975ADAA7DF6CA441.e.14294/click - {}
RESULT: {}
COMMAND: GET /session/1820fae8a81a1c34ca12c99f5ca4f404/screenshot - {}
RESULT: {}
COMMAND: POST /session/1820fae8a81a1c34ca12c99f5ca4f404/execute/async - {"script":"<script> [1562 bytes]","args":[{"selector":{"controlType":"sap.m.Input","viewName":"etm.portal.ui.managehandovers.view.AddNewHO","viewId":"application-managehandovers-display-component---AddNewHO","bindingPath":{"path":"/items/0","propertyPath":"TYPE","modelName":"hoItemsModel"},"interaction":{"idSuffix":"inner"}},"wdio_ui5_key":"etmportal.ui.managehandovers.view.AddNewHOsap.m.Input{\"path\":\"/items/0\",\"propertyPath\":\"TYPE\",\"modelName\":\"hoItemsModel\"}"}]}
RESULT: {"script":"<script> [1562 bytes]","args":[{"selector":{"controlType":"sap.m.Input","viewName":"etm.portal.ui.managehandovers.view.AddNewHO","viewId":"application-managehandovers-display-component---AddNewHO","bindingPath":{"path":"/items/0","propertyPath":"TYPE","modelName":"hoItemsModel"},"interaction":{"idSuffix":"inner"}},"wdio_ui5_key":"etmportal.ui.managehandovers.view.AddNewHOsap.m.Input{\"path\":\"/items/0\",\"propertyPath\":\"TYPE\",\"modelName\":\"hoItemsModel\"}"}]}
RESULT: undefined
COMMAND: POST /session/1820fae8a81a1c34ca12c99f5ca4f404/execute/async - {"script":"<script> [776 bytes]","args":[{"enterText":"100","selector":{"controlType":"sap.m.Input","viewName":"etm.portal.ui.managehandovers.view.AddNewHO","viewId":"application-managehandovers-display-component---AddNewHO","bindingPath":{"path":"/items/0","propertyPath":"TYPE","modelName":"hoItemsModel"},"interaction":{"idSuffix":"inner"}},"clearTextFirst":true,"interactionType":"ENTER_TEXT"}]}
RESULT: {"script":"<script> [776 bytes]","args":[{"enterText":"100","selector":{"controlType":"sap.m.Input","viewName":"etm.portal.ui.managehandovers.view.AddNewHO","viewId":"application-managehandovers-display-component---AddNewHO","bindingPath":{"path":"/items/0","propertyPath":"TYPE","modelName":"hoItemsModel"},"interaction":{"idSuffix":"inner"}},"clearTextFirst":true,"interactionType":"ENTER_TEXT"}]}
COMMAND: POST /session/1820fae8a81a1c34ca12c99f5ca4f404/element - {"using":"xpath","value":"//button[@data-kt=\"AddNewHOSaveButton\"]"}
RESULT: {"using":"xpath","value":"//button[@data-kt=\"AddNewHOSaveButton\"]"}
COMMAND: POST /session/1820fae8a81a1c34ca12c99f5ca4f404/element/f.043615FDA099A6883ABDD55FCDA43E76.d.ABF142D832D2B052975ADAA7DF6CA441.e.14299/click - {}
RESULT: {}
COMMAND: GET /session/1820fae8a81a1c34ca12c99f5ca4f404/screenshot - {}
RESULT: {}
COMMAND: POST /session/1820fae8a81a1c34ca12c99f5ca4f404/execute/async - {"script":"<script> [1562 bytes]","args":[{"selector":{"id":"receiptDatePicker","viewName":"etm.portal.ui.managehandovers.view.DetailExecuteHO","interaction":{"idSuffix":"inner"}},"wdio_ui5_key":"receiptDatePickeretmportal.ui.managehandovers.view.DetailExecuteHO"}]}
RESULT: {"script":"<script> [1562 bytes]","args":[{"selector":{"id":"receiptDatePicker","viewName":"etm.portal.ui.managehandovers.view.DetailExecuteHO","interaction":{"idSuffix":"inner"}},"wdio_ui5_key":"receiptDatePickeretmportal.ui.managehandovers.view.DetailExecuteHO"}]}
RESULT: undefined
COMMAND: POST /session/1820fae8a81a1c34ca12c99f5ca4f404/execute/async - {"script":"<script> [6424 bytes]","args":[{"element-6066-11e4-a52e-4f735466cecf":"f.043615FDA099A6883ABDD55FCDA43E76.d.ABF142D832D2B052975ADAA7DF6CA441.e.14321"},"setValue",["5/21/25"]]}
RESULT: {"script":"<script> [6424 bytes]","args":[{"element-6066-11e4-a52e-4f735466cecf":"f.043615FDA099A6883ABDD55FCDA43E76.d.ABF142D832D2B052975ADAA7DF6CA441.e.14321"},"setValue",["5/21/25"]]}
COMMAND: POST /session/1820fae8a81a1c34ca12c99f5ca4f404/element - {"using":"xpath","value":"//button[@data-kt=\"PickingTableConfirmAllButton\"]"}
RESULT: {"using":"xpath","value":"//button[@data-kt=\"PickingTableConfirmAllButton\"]"}
COMMAND: POST /session/1820fae8a81a1c34ca12c99f5ca4f404/element/f.043615FDA099A6883ABDD55FCDA43E76.d.ABF142D832D2B052975ADAA7DF6CA441.e.14337/click - {}
RESULT: {}
COMMAND: GET /session/1820fae8a81a1c34ca12c99f5ca4f404/screenshot - {}
RESULT: {}
COMMAND: POST /session/1820fae8a81a1c34ca12c99f5ca4f404/element - {"using":"xpath","value":"//bdi[contains(text(), \"OK\")]"}
RESULT: {"using":"xpath","value":"//bdi[contains(text(), \"OK\")]"}
COMMAND: POST /session/1820fae8a81a1c34ca12c99f5ca4f404/element/f.043615FDA099A6883ABDD55FCDA43E76.d.ABF142D832D2B052975ADAA7DF6CA441.e.14339/click - {}
RESULT: {}
COMMAND: GET /session/1820fae8a81a1c34ca12c99f5ca4f404/screenshot - {}
RESULT: {}
COMMAND: POST /session/1820fae8a81a1c34ca12c99f5ca4f404/element - {"using":"xpath","value":"(//bdi[contains(text(), \"Receive\")])[2]"}
RESULT: {"using":"xpath","value":"(//bdi[contains(text(), \"Receive\")])[2]"}
COMMAND: POST /session/1820fae8a81a1c34ca12c99f5ca4f404/element/f.043615FDA099A6883ABDD55FCDA43E76.d.ABF142D832D2B052975ADAA7DF6CA441.e.14341/click - {}
RESULT: {}
COMMAND: GET /session/1820fae8a81a1c34ca12c99f5ca4f404/screenshot - {}
RESULT: {}
COMMAND: POST /session/1820fae8a81a1c34ca12c99f5ca4f404/element - {"using":"css selector","value":"#shell-header-logo"}
RESULT: {"using":"css selector","value":"#shell-header-logo"}
COMMAND: POST /session/1820fae8a81a1c34ca12c99f5ca4f404/element/f.043615FDA099A6883ABDD55FCDA43E76.d.ABF142D832D2B052975ADAA7DF6CA441.e.13842/click - {}
RESULT: {}
]]></system-out>
    </testcase>
    <testcase classname="chrome.136_0_7103_93.windows.E2E_-_Logistical_and_commercial_statuses" name="Should add a pricing rule and a condition to the RU" time="107.344">
      <system-out><![CDATA[
COMMAND: GET /session/1820fae8a81a1c34ca12c99f5ca4f404/screenshot - {}
COMMAND: POST /session/1820fae8a81a1c34ca12c99f5ca4f404/execute/async - {"script":"<script> [1562 bytes]","args":[{"selector":{"controlType":"sap.m.GenericTile","properties":{"header":"Manage Pricing Rules"}},"wdio_ui5_key":"sapm.GenericTile{\"header\":\"Manage Pricing Rules\"}"}]}
RESULT: {"script":"<script> [1562 bytes]","args":[{"selector":{"controlType":"sap.m.GenericTile","properties":{"header":"Manage Pricing Rules"}},"wdio_ui5_key":"sapm.GenericTile{\"header\":\"Manage Pricing Rules\"}"}]}
RESULT: undefined
COMMAND: POST /session/1820fae8a81a1c34ca12c99f5ca4f404/element - {"using":"xpath","value":"//*[@id=\"__tile55\"]"}
RESULT: {}
RESULT: {"using":"xpath","value":"//*[@id=\"__tile55\"]"}
COMMAND: POST /session/1820fae8a81a1c34ca12c99f5ca4f404/element/f.043615FDA099A6883ABDD55FCDA43E76.d.ABF142D832D2B052975ADAA7DF6CA441.e.14490/click - {}
RESULT: {}
COMMAND: GET /session/1820fae8a81a1c34ca12c99f5ca4f404/screenshot - {}
RESULT: {}
COMMAND: POST /session/1820fae8a81a1c34ca12c99f5ca4f404/elements - {"using":"xpath","value":"//span[text()='Error']"}
RESULT: {"using":"xpath","value":"//span[text()='Error']"}
COMMAND: POST /session/1820fae8a81a1c34ca12c99f5ca4f404/execute/async - {"script":"<script> [1562 bytes]","args":[{"selector":{"controlType":"sap.ui.core.Icon","viewName":"etm.portal.ui.managepricingrules.view.MasterHeader","viewId":"application-managepricingrules-display-component---priceInfoHeader","properties":{"src":{"regex":{"source":"activity\\-items"}}}},"wdio_ui5_key":"etmportal.ui.managepricingrules.view.MasterHeadersap.ui.core.Icon{\"src\":{\"regex\":{\"source\":\"activity\\\\-items\"}}}"}]}
RESULT: {"script":"<script> [1562 bytes]","args":[{"selector":{"controlType":"sap.ui.core.Icon","viewName":"etm.portal.ui.managepricingrules.view.MasterHeader","viewId":"application-managepricingrules-display-component---priceInfoHeader","properties":{"src":{"regex":{"source":"activity\\-items"}}}},"wdio_ui5_key":"etmportal.ui.managepricingrules.view.MasterHeadersap.ui.core.Icon{\"src\":{\"regex\":{\"source\":\"activity\\\\-items\"}}}"}]}
RESULT: undefined
COMMAND: POST /session/1820fae8a81a1c34ca12c99f5ca4f404/element - {"using":"xpath","value":"//*[@id=\"__filter22-icon\"]"}
RESULT: {"using":"xpath","value":"//*[@id=\"__filter22-icon\"]"}
COMMAND: POST /session/1820fae8a81a1c34ca12c99f5ca4f404/element/f.043615FDA099A6883ABDD55FCDA43E76.d.ABF142D832D2B052975ADAA7DF6CA441.e.14539/click - {}
RESULT: {}
COMMAND: GET /session/1820fae8a81a1c34ca12c99f5ca4f404/screenshot - {}
RESULT: {}
COMMAND: POST /session/1820fae8a81a1c34ca12c99f5ca4f404/execute/async - {"script":"<script> [1562 bytes]","args":[{"selector":{"controlType":"sap.ui.core.Icon","viewName":"etm.portal.ui.managepricingrules.view.MasterItem","viewId":"application-managepricingrules-display-component---priceInfoItem","properties":{"src":{"regex":{"source":"add"}}}},"wdio_ui5_key":"etmportal.ui.managepricingrules.view.MasterItemsap.ui.core.Icon{\"src\":{\"regex\":{\"source\":\"add\"}}}"}]}
RESULT: {"script":"<script> [1562 bytes]","args":[{"selector":{"controlType":"sap.ui.core.Icon","viewName":"etm.portal.ui.managepricingrules.view.MasterItem","viewId":"application-managepricingrules-display-component---priceInfoItem","properties":{"src":{"regex":{"source":"add"}}}},"wdio_ui5_key":"etmportal.ui.managepricingrules.view.MasterItemsap.ui.core.Icon{\"src\":{\"regex\":{\"source\":\"add\"}}}"}]}
RESULT: undefined
COMMAND: POST /session/1820fae8a81a1c34ca12c99f5ca4f404/element - {"using":"xpath","value":"//*[@id=\"__button73-img\"]"}
RESULT: {"using":"xpath","value":"//*[@id=\"__button73-img\"]"}
COMMAND: POST /session/1820fae8a81a1c34ca12c99f5ca4f404/element/f.043615FDA099A6883ABDD55FCDA43E76.d.ABF142D832D2B052975ADAA7DF6CA441.e.14586/click - {}
RESULT: {}
COMMAND: GET /session/1820fae8a81a1c34ca12c99f5ca4f404/screenshot - {}
RESULT: {}
COMMAND: POST /session/1820fae8a81a1c34ca12c99f5ca4f404/element - {"using":"xpath","value":"//input[@id=\"application-managepricingrules-display-component---newInfoPriceItem--condRU-inner\"]"}
RESULT: {"using":"xpath","value":"//input[@id=\"application-managepricingrules-display-component---newInfoPriceItem--condRU-inner\"]"}
COMMAND: POST /session/1820fae8a81a1c34ca12c99f5ca4f404/element/f.043615FDA099A6883ABDD55FCDA43E76.d.ABF142D832D2B052975ADAA7DF6CA441.e.14798/clear - {}
RESULT: {}
COMMAND: POST /session/1820fae8a81a1c34ca12c99f5ca4f404/element/f.043615FDA099A6883ABDD55FCDA43E76.d.ABF142D832D2B052975ADAA7DF6CA441.e.14798/value - {"text":"WebdriverRUR2Ct3rsw"}
COMMAND: GET /session/1820fae8a81a1c34ca12c99f5ca4f404/screenshot - {}
RESULT: {"text":"WebdriverRUR2Ct3rsw"}
COMMAND: POST /session/1820fae8a81a1c34ca12c99f5ca4f404/execute/async - {"script":"<script> [1562 bytes]","args":[{"selector":{"id":"application-managepricingrules-display-component---newInfoPriceItem--condValidTo","interaction":{"idSuffix":"inner"}},"wdio_ui5_key":"applicationmanagepricingrules-display-component---newInfoPriceItem--condValidTo"}]}
COMMAND: GET /session/1820fae8a81a1c34ca12c99f5ca4f404/screenshot - {}
RESULT: {}
RESULT: {"script":"<script> [1562 bytes]","args":[{"selector":{"id":"application-managepricingrules-display-component---newInfoPriceItem--condValidTo","interaction":{"idSuffix":"inner"}},"wdio_ui5_key":"applicationmanagepricingrules-display-component---newInfoPriceItem--condValidTo"}]}
RESULT: undefined
COMMAND: POST /session/1820fae8a81a1c34ca12c99f5ca4f404/execute/async - {"script":"<script> [776 bytes]","args":[{"enterText":"5/18/33","selector":{"id":"application-managepricingrules-display-component---newInfoPriceItem--condValidTo","interaction":{"idSuffix":"inner"}},"clearTextFirst":true,"interactionType":"ENTER_TEXT"}]}
RESULT: {}
RESULT: {"script":"<script> [776 bytes]","args":[{"enterText":"5/18/33","selector":{"id":"application-managepricingrules-display-component---newInfoPriceItem--condValidTo","interaction":{"idSuffix":"inner"}},"clearTextFirst":true,"interactionType":"ENTER_TEXT"}]}
COMMAND: POST /session/1820fae8a81a1c34ca12c99f5ca4f404/execute/async - {"script":"<script> [1562 bytes]","args":[{"selector":{"id":"application-managepricingrules-display-component---newInfoPriceItem--billType-arrow"},"wdio_ui5_key":"applicationmanagepricingrules-display-component---newInfoPriceItem--billType-arrow"}]}
RESULT: {"script":"<script> [1562 bytes]","args":[{"selector":{"id":"application-managepricingrules-display-component---newInfoPriceItem--billType-arrow"},"wdio_ui5_key":"applicationmanagepricingrules-display-component---newInfoPriceItem--billType-arrow"}]}
RESULT: undefined
COMMAND: POST /session/1820fae8a81a1c34ca12c99f5ca4f404/element - {"using":"xpath","value":"//*[@id=\"application-managepricingrules-display-component---newInfoPriceItem--billType-arrow\"]"}
RESULT: {"using":"xpath","value":"//*[@id=\"application-managepricingrules-display-component---newInfoPriceItem--billType-arrow\"]"}
COMMAND: POST /session/1820fae8a81a1c34ca12c99f5ca4f404/element/f.043615FDA099A6883ABDD55FCDA43E76.d.ABF142D832D2B052975ADAA7DF6CA441.e.14885/click - {}
RESULT: {}
COMMAND: POST /session/1820fae8a81a1c34ca12c99f5ca4f404/element - {"using":"xpath","value":"//span[contains(text(), \"TB - Time based\")]"}
COMMAND: GET /session/1820fae8a81a1c34ca12c99f5ca4f404/screenshot - {}
RESULT: {"using":"xpath","value":"//span[contains(text(), \"TB - Time based\")]"}
COMMAND: POST /session/1820fae8a81a1c34ca12c99f5ca4f404/element/f.043615FDA099A6883ABDD55FCDA43E76.d.ABF142D832D2B052975ADAA7DF6CA441.e.14937/click - {}
RESULT: {}
RESULT: {}
COMMAND: POST /session/1820fae8a81a1c34ca12c99f5ca4f404/execute/async - {"script":"<script> [1562 bytes]","args":[{"selector":{"id":"application-managepricingrules-display-component---newInfoPriceItem--priceProc-arrow"},"wdio_ui5_key":"applicationmanagepricingrules-display-component---newInfoPriceItem--priceProc-arrow"}]}
COMMAND: GET /session/1820fae8a81a1c34ca12c99f5ca4f404/screenshot - {}
RESULT: {"script":"<script> [1562 bytes]","args":[{"selector":{"id":"application-managepricingrules-display-component---newInfoPriceItem--priceProc-arrow"},"wdio_ui5_key":"applicationmanagepricingrules-display-component---newInfoPriceItem--priceProc-arrow"}]}
RESULT: undefined
COMMAND: POST /session/1820fae8a81a1c34ca12c99f5ca4f404/element - {"using":"xpath","value":"//*[@id=\"application-managepricingrules-display-component---newInfoPriceItem--priceProc-arrow\"]"}
RESULT: {}
RESULT: {"using":"xpath","value":"//*[@id=\"application-managepricingrules-display-component---newInfoPriceItem--priceProc-arrow\"]"}
COMMAND: POST /session/1820fae8a81a1c34ca12c99f5ca4f404/element/f.043615FDA099A6883ABDD55FCDA43E76.d.ABF142D832D2B052975ADAA7DF6CA441.e.14892/click - {}
RESULT: {}
COMMAND: POST /session/1820fae8a81a1c34ca12c99f5ca4f404/element - {"using":"xpath","value":"//span[contains(text(), \"TBS - Time based standard\")]"}
COMMAND: GET /session/1820fae8a81a1c34ca12c99f5ca4f404/screenshot - {}
RESULT: {"using":"xpath","value":"//span[contains(text(), \"TBS - Time based standard\")]"}
COMMAND: POST /session/1820fae8a81a1c34ca12c99f5ca4f404/element/f.043615FDA099A6883ABDD55FCDA43E76.d.ABF142D832D2B052975ADAA7DF6CA441.e.14938/click - {}
RESULT: {}
RESULT: {}
COMMAND: POST /session/1820fae8a81a1c34ca12c99f5ca4f404/execute/async - {"script":"<script> [1562 bytes]","args":[{"selector":{"id":"application-managepricingrules-display-component---newInfoPriceItem--calcBase-arrow"},"wdio_ui5_key":"applicationmanagepricingrules-display-component---newInfoPriceItem--calcBase-arrow"}]}
COMMAND: GET /session/1820fae8a81a1c34ca12c99f5ca4f404/screenshot - {}
RESULT: {"script":"<script> [1562 bytes]","args":[{"selector":{"id":"application-managepricingrules-display-component---newInfoPriceItem--calcBase-arrow"},"wdio_ui5_key":"applicationmanagepricingrules-display-component---newInfoPriceItem--calcBase-arrow"}]}
RESULT: undefined
COMMAND: POST /session/1820fae8a81a1c34ca12c99f5ca4f404/element - {"using":"xpath","value":"//*[@id=\"application-managepricingrules-display-component---newInfoPriceItem--calcBase-arrow\"]"}
RESULT: {}
RESULT: {"using":"xpath","value":"//*[@id=\"application-managepricingrules-display-component---newInfoPriceItem--calcBase-arrow\"]"}
COMMAND: POST /session/1820fae8a81a1c34ca12c99f5ca4f404/element/f.043615FDA099A6883ABDD55FCDA43E76.d.ABF142D832D2B052975ADAA7DF6CA441.e.14899/click - {}
RESULT: {}
COMMAND: GET /session/1820fae8a81a1c34ca12c99f5ca4f404/screenshot - {}
RESULT: {}
COMMAND: POST /session/1820fae8a81a1c34ca12c99f5ca4f404/element - {"using":"xpath","value":"//span[contains(text(), \"0006 - TB(calendar days)\")]"}
RESULT: {"using":"xpath","value":"//span[contains(text(), \"0006 - TB(calendar days)\")]"}
COMMAND: POST /session/1820fae8a81a1c34ca12c99f5ca4f404/element/f.043615FDA099A6883ABDD55FCDA43E76.d.ABF142D832D2B052975ADAA7DF6CA441.e.14939/click - {}
RESULT: {}
COMMAND: POST /session/1820fae8a81a1c34ca12c99f5ca4f404/execute/async - {"script":"<script> [1562 bytes]","args":[{"selector":{"id":"application-managepricingrules-display-component---newInfoPriceItem--daysMonth","interaction":{"idSuffix":"inner"}},"wdio_ui5_key":"applicationmanagepricingrules-display-component---newInfoPriceItem--daysMonth"}]}
COMMAND: GET /session/1820fae8a81a1c34ca12c99f5ca4f404/screenshot - {}
RESULT: {"script":"<script> [1562 bytes]","args":[{"selector":{"id":"application-managepricingrules-display-component---newInfoPriceItem--daysMonth","interaction":{"idSuffix":"inner"}},"wdio_ui5_key":"applicationmanagepricingrules-display-component---newInfoPriceItem--daysMonth"}]}
RESULT: undefined
COMMAND: POST /session/1820fae8a81a1c34ca12c99f5ca4f404/execute/async - {"script":"<script> [776 bytes]","args":[{"enterText":"30","selector":{"id":"application-managepricingrules-display-component---newInfoPriceItem--daysMonth","interaction":{"idSuffix":"inner"}},"clearTextFirst":true,"interactionType":"ENTER_TEXT"}]}
RESULT: {}
RESULT: {"script":"<script> [776 bytes]","args":[{"enterText":"30","selector":{"id":"application-managepricingrules-display-component---newInfoPriceItem--daysMonth","interaction":{"idSuffix":"inner"}},"clearTextFirst":true,"interactionType":"ENTER_TEXT"}]}
COMMAND: POST /session/1820fae8a81a1c34ca12c99f5ca4f404/element - {"using":"xpath","value":"//button[@data-kt=\"saveNewRuleButton\"]"}
RESULT: {"using":"xpath","value":"//button[@data-kt=\"saveNewRuleButton\"]"}
COMMAND: POST /session/1820fae8a81a1c34ca12c99f5ca4f404/element/f.043615FDA099A6883ABDD55FCDA43E76.d.ABF142D832D2B052975ADAA7DF6CA441.e.14920/click - {}
RESULT: {}
COMMAND: GET /session/1820fae8a81a1c34ca12c99f5ca4f404/screenshot - {}
RESULT: {}
COMMAND: POST /session/1820fae8a81a1c34ca12c99f5ca4f404/element - {"using":"css selector","value":"#shell-header-logo"}
RESULT: {"using":"css selector","value":"#shell-header-logo"}
COMMAND: POST /session/1820fae8a81a1c34ca12c99f5ca4f404/element/f.043615FDA099A6883ABDD55FCDA43E76.d.ABF142D832D2B052975ADAA7DF6CA441.e.14493/click - {}
RESULT: {}
COMMAND: GET /session/1820fae8a81a1c34ca12c99f5ca4f404/screenshot - {}
RESULT: {}
COMMAND: POST /session/1820fae8a81a1c34ca12c99f5ca4f404/execute/async - {"script":"<script> [1562 bytes]","args":[{"selector":{"controlType":"sap.m.Text","properties":{"text":"Manage Conditions & Prices"},"interaction":{"idSuffix":"inner"}},"wdio_ui5_key":"sapm.Text{\"text\":\"Manage Conditions & Prices\"}"}]}
RESULT: {"script":"<script> [1562 bytes]","args":[{"selector":{"controlType":"sap.m.Text","properties":{"text":"Manage Conditions & Prices"},"interaction":{"idSuffix":"inner"}},"wdio_ui5_key":"sapm.Text{\"text\":\"Manage Conditions & Prices\"}"}]}
RESULT: undefined
COMMAND: POST /session/1820fae8a81a1c34ca12c99f5ca4f404/element - {"using":"xpath","value":"//*[@id=\"__tile53-title\"]"}
RESULT: {"using":"xpath","value":"//*[@id=\"__tile53-title\"]"}
COMMAND: POST /session/1820fae8a81a1c34ca12c99f5ca4f404/element/f.043615FDA099A6883ABDD55FCDA43E76.d.ABF142D832D2B052975ADAA7DF6CA441.e.14947/click - {}
RESULT: {}
COMMAND: GET /session/1820fae8a81a1c34ca12c99f5ca4f404/screenshot - {}
RESULT: {}
COMMAND: POST /session/1820fae8a81a1c34ca12c99f5ca4f404/element - {"using":"xpath","value":"//button[@aria-label=\"Create\"]"}
RESULT: {"using":"xpath","value":"//button[@aria-label=\"Create\"]"}
COMMAND: POST /session/1820fae8a81a1c34ca12c99f5ca4f404/elements - {"using":"xpath","value":"//button[@aria-label=\"Create\"]"}
RESULT: {"using":"xpath","value":"//button[@aria-label=\"Create\"]"}
COMMAND: POST /session/1820fae8a81a1c34ca12c99f5ca4f404/elements - {"using":"xpath","value":"//button[@aria-label=\"Create\"]"}
RESULT: {"using":"xpath","value":"//button[@aria-label=\"Create\"]"}
COMMAND: POST /session/1820fae8a81a1c34ca12c99f5ca4f404/element - {"using":"xpath","value":"//button[@aria-label=\"Create\"]"}
RESULT: {"using":"xpath","value":"//button[@aria-label=\"Create\"]"}
COMMAND: POST /session/1820fae8a81a1c34ca12c99f5ca4f404/element/f.043615FDA099A6883ABDD55FCDA43E76.d.ABF142D832D2B052975ADAA7DF6CA441.e.14986/click - {}
RESULT: {}
COMMAND: POST /session/1820fae8a81a1c34ca12c99f5ca4f404/actions - {"actions":[{"id":"action72","type":"key","parameters":{},"actions":[{"type":"keyDown","value":""},{"type":"pause","duration":10},{"type":"keyUp","value":""}]}]}
COMMAND: GET /session/1820fae8a81a1c34ca12c99f5ca4f404/screenshot - {}
RESULT: {"actions":[{"id":"action72","type":"key","parameters":{},"actions":[{"type":"keyDown","value":""},{"type":"pause","duration":10},{"type":"keyUp","value":""}]}]}
COMMAND: GET /session/1820fae8a81a1c34ca12c99f5ca4f404/screenshot - {}
COMMAND: POST /session/1820fae8a81a1c34ca12c99f5ca4f404/execute/async - {"script":"<script> [1562 bytes]","args":[{"selector":{"id":"application-manageconditionprice-display-component---newCondition--condBillCond-arrow"},"wdio_ui5_key":"applicationmanageconditionprice-display-component---newCondition--condBillCond-arrow"}]}
RESULT: {}
RESULT: {}
RESULT: {"script":"<script> [1562 bytes]","args":[{"selector":{"id":"application-manageconditionprice-display-component---newCondition--condBillCond-arrow"},"wdio_ui5_key":"applicationmanageconditionprice-display-component---newCondition--condBillCond-arrow"}]}
RESULT: undefined
COMMAND: POST /session/1820fae8a81a1c34ca12c99f5ca4f404/element - {"using":"xpath","value":"//*[@id=\"application-manageconditionprice-display-component---newCondition--condBillCond-arrow\"]"}
RESULT: {"using":"xpath","value":"//*[@id=\"application-manageconditionprice-display-component---newCondition--condBillCond-arrow\"]"}
COMMAND: POST /session/1820fae8a81a1c34ca12c99f5ca4f404/element/f.043615FDA099A6883ABDD55FCDA43E76.d.ABF142D832D2B052975ADAA7DF6CA441.e.15453/click - {}
RESULT: {}
COMMAND: POST /session/1820fae8a81a1c34ca12c99f5ca4f404/element - {"using":"xpath","value":"//span[contains(text(), \"DISP - D&I special price\")]"}
COMMAND: GET /session/1820fae8a81a1c34ca12c99f5ca4f404/screenshot - {}
RESULT: {"using":"xpath","value":"//span[contains(text(), \"DISP - D&I special price\")]"}
COMMAND: POST /session/1820fae8a81a1c34ca12c99f5ca4f404/element/f.043615FDA099A6883ABDD55FCDA43E76.d.ABF142D832D2B052975ADAA7DF6CA441.e.15454/click - {}
RESULT: {}
RESULT: {}
COMMAND: POST /session/1820fae8a81a1c34ca12c99f5ca4f404/execute/async - {"script":"<script> [1562 bytes]","args":[{"selector":{"id":"application-manageconditionprice-display-component---newCondition--condValidTo","interaction":{"idSuffix":"inner"}},"wdio_ui5_key":"applicationmanageconditionprice-display-component---newCondition--condValidTo"}]}
COMMAND: GET /session/1820fae8a81a1c34ca12c99f5ca4f404/screenshot - {}
RESULT: {"script":"<script> [1562 bytes]","args":[{"selector":{"id":"application-manageconditionprice-display-component---newCondition--condValidTo","interaction":{"idSuffix":"inner"}},"wdio_ui5_key":"applicationmanageconditionprice-display-component---newCondition--condValidTo"}]}
RESULT: undefined
COMMAND: POST /session/1820fae8a81a1c34ca12c99f5ca4f404/execute/async - {"script":"<script> [776 bytes]","args":[{"enterText":"5/11/33","selector":{"id":"application-manageconditionprice-display-component---newCondition--condValidTo","interaction":{"idSuffix":"inner"}},"clearTextFirst":true,"interactionType":"ENTER_TEXT"}]}
RESULT: {}
RESULT: {"script":"<script> [776 bytes]","args":[{"enterText":"5/11/33","selector":{"id":"application-manageconditionprice-display-component---newCondition--condValidTo","interaction":{"idSuffix":"inner"}},"clearTextFirst":true,"interactionType":"ENTER_TEXT"}]}
COMMAND: POST /session/1820fae8a81a1c34ca12c99f5ca4f404/element - {"using":"xpath","value":"//input[@id=\"application-manageconditionprice-display-component---newCondition--condRU-inner\"]"}
RESULT: {"using":"xpath","value":"//input[@id=\"application-manageconditionprice-display-component---newCondition--condRU-inner\"]"}
COMMAND: POST /session/1820fae8a81a1c34ca12c99f5ca4f404/element/f.043615FDA099A6883ABDD55FCDA43E76.d.ABF142D832D2B052975ADAA7DF6CA441.e.15181/clear - {}
RESULT: {}
COMMAND: POST /session/1820fae8a81a1c34ca12c99f5ca4f404/element/f.043615FDA099A6883ABDD55FCDA43E76.d.ABF142D832D2B052975ADAA7DF6CA441.e.15181/value - {"text":"WebdriverRUR2Ct3rsw"}
COMMAND: GET /session/1820fae8a81a1c34ca12c99f5ca4f404/screenshot - {}
RESULT: {"text":"WebdriverRUR2Ct3rsw"}
COMMAND: GET /session/1820fae8a81a1c34ca12c99f5ca4f404/screenshot - {}
RESULT: {}
RESULT: {}
COMMAND: POST /session/1820fae8a81a1c34ca12c99f5ca4f404/actions - {"actions":[{"id":"action73","type":"key","parameters":{},"actions":[{"type":"keyDown","value":""},{"type":"pause","duration":10},{"type":"keyUp","value":""}]}]}
RESULT: {"actions":[{"id":"action73","type":"key","parameters":{},"actions":[{"type":"keyDown","value":""},{"type":"pause","duration":10},{"type":"keyUp","value":""}]}]}
COMMAND: POST /session/1820fae8a81a1c34ca12c99f5ca4f404/execute/async - {"script":"<script> [1562 bytes]","args":[{"selector":{"id":"application-manageconditionprice-display-component---newCondition--condBaseQty","interaction":{"idSuffix":"inner"}},"wdio_ui5_key":"applicationmanageconditionprice-display-component---newCondition--condBaseQty"}]}
COMMAND: GET /session/1820fae8a81a1c34ca12c99f5ca4f404/screenshot - {}
RESULT: {"script":"<script> [1562 bytes]","args":[{"selector":{"id":"application-manageconditionprice-display-component---newCondition--condBaseQty","interaction":{"idSuffix":"inner"}},"wdio_ui5_key":"applicationmanageconditionprice-display-component---newCondition--condBaseQty"}]}
RESULT: undefined
COMMAND: POST /session/1820fae8a81a1c34ca12c99f5ca4f404/execute/async - {"script":"<script> [776 bytes]","args":[{"enterText":"1","selector":{"id":"application-manageconditionprice-display-component---newCondition--condBaseQty","interaction":{"idSuffix":"inner"}},"clearTextFirst":true,"interactionType":"ENTER_TEXT"}]}
RESULT: {}
RESULT: {"script":"<script> [776 bytes]","args":[{"enterText":"1","selector":{"id":"application-manageconditionprice-display-component---newCondition--condBaseQty","interaction":{"idSuffix":"inner"}},"clearTextFirst":true,"interactionType":"ENTER_TEXT"}]}
COMMAND: POST /session/1820fae8a81a1c34ca12c99f5ca4f404/execute/async - {"script":"<script> [1562 bytes]","args":[{"selector":{"id":"application-manageconditionprice-display-component---newCondition--condValue","interaction":{"idSuffix":"inner"}},"wdio_ui5_key":"applicationmanageconditionprice-display-component---newCondition--condValue"}]}
RESULT: {"script":"<script> [1562 bytes]","args":[{"selector":{"id":"application-manageconditionprice-display-component---newCondition--condValue","interaction":{"idSuffix":"inner"}},"wdio_ui5_key":"applicationmanageconditionprice-display-component---newCondition--condValue"}]}
RESULT: undefined
COMMAND: POST /session/1820fae8a81a1c34ca12c99f5ca4f404/execute/async - {"script":"<script> [776 bytes]","args":[{"enterText":"100","selector":{"id":"application-manageconditionprice-display-component---newCondition--condValue","interaction":{"idSuffix":"inner"}},"clearTextFirst":true,"interactionType":"ENTER_TEXT"}]}
RESULT: {"script":"<script> [776 bytes]","args":[{"enterText":"100","selector":{"id":"application-manageconditionprice-display-component---newCondition--condValue","interaction":{"idSuffix":"inner"}},"clearTextFirst":true,"interactionType":"ENTER_TEXT"}]}
COMMAND: POST /session/1820fae8a81a1c34ca12c99f5ca4f404/execute/async - {"script":"<script> [1562 bytes]","args":[{"selector":{"id":"application-manageconditionprice-display-component---newCondition--condCurr-arrow"},"wdio_ui5_key":"applicationmanageconditionprice-display-component---newCondition--condCurr-arrow"}]}
RESULT: {"script":"<script> [1562 bytes]","args":[{"selector":{"id":"application-manageconditionprice-display-component---newCondition--condCurr-arrow"},"wdio_ui5_key":"applicationmanageconditionprice-display-component---newCondition--condCurr-arrow"}]}
RESULT: undefined
COMMAND: POST /session/1820fae8a81a1c34ca12c99f5ca4f404/element - {"using":"xpath","value":"//*[@id=\"application-manageconditionprice-display-component---newCondition--condCurr-arrow\"]"}
RESULT: {"using":"xpath","value":"//*[@id=\"application-manageconditionprice-display-component---newCondition--condCurr-arrow\"]"}
COMMAND: POST /session/1820fae8a81a1c34ca12c99f5ca4f404/element/f.043615FDA099A6883ABDD55FCDA43E76.d.ABF142D832D2B052975ADAA7DF6CA441.e.15398/click - {}
RESULT: {}
COMMAND: POST /session/1820fae8a81a1c34ca12c99f5ca4f404/element - {"using":"xpath","value":"//span[contains(text(), \"Euro\")]"}
COMMAND: GET /session/1820fae8a81a1c34ca12c99f5ca4f404/screenshot - {}
RESULT: {"using":"xpath","value":"//span[contains(text(), \"Euro\")]"}
COMMAND: POST /session/1820fae8a81a1c34ca12c99f5ca4f404/element/f.043615FDA099A6883ABDD55FCDA43E76.d.ABF142D832D2B052975ADAA7DF6CA441.e.15490/click - {}
RESULT: {}
RESULT: {}
COMMAND: POST /session/1820fae8a81a1c34ca12c99f5ca4f404/element - {"using":"xpath","value":"//button[@data-kt=\"saveButton\"]"}
COMMAND: GET /session/1820fae8a81a1c34ca12c99f5ca4f404/screenshot - {}
RESULT: {"using":"xpath","value":"//button[@data-kt=\"saveButton\"]"}
COMMAND: POST /session/1820fae8a81a1c34ca12c99f5ca4f404/element/f.043615FDA099A6883ABDD55FCDA43E76.d.ABF142D832D2B052975ADAA7DF6CA441.e.15399/click - {}
RESULT: {}
RESULT: {}
COMMAND: GET /session/1820fae8a81a1c34ca12c99f5ca4f404/screenshot - {}
RESULT: {}
COMMAND: POST /session/1820fae8a81a1c34ca12c99f5ca4f404/element - {"using":"css selector","value":"#shell-header-logo"}
RESULT: {"using":"css selector","value":"#shell-header-logo"}
COMMAND: POST /session/1820fae8a81a1c34ca12c99f5ca4f404/element/f.043615FDA099A6883ABDD55FCDA43E76.d.ABF142D832D2B052975ADAA7DF6CA441.e.14949/click - {}
RESULT: {}
COMMAND: GET /session/1820fae8a81a1c34ca12c99f5ca4f404/screenshot - {}
RESULT: {}
]]></system-out>
    </testcase>
    <testcase classname="chrome.136_0_7103_93.windows.E2E_-_Logistical_and_commercial_statuses" name="Should create a new contract" time="70.409">
      <system-out><![CDATA[
COMMAND: POST /session/1820fae8a81a1c34ca12c99f5ca4f404/execute/async - {"script":"<script> [1562 bytes]","args":[{"selector":{"controlType":"sap.m.GenericTile","properties":{"header":"Manage Contracts"}},"wdio_ui5_key":"sapm.GenericTile{\"header\":\"Manage Contracts\"}"}]}
RESULT: {"script":"<script> [1562 bytes]","args":[{"selector":{"controlType":"sap.m.GenericTile","properties":{"header":"Manage Contracts"}},"wdio_ui5_key":"sapm.GenericTile{\"header\":\"Manage Contracts\"}"}]}
RESULT: undefined
COMMAND: POST /session/1820fae8a81a1c34ca12c99f5ca4f404/element - {"using":"xpath","value":"//*[@id=\"__tile132\"]"}
RESULT: {"using":"xpath","value":"//*[@id=\"__tile132\"]"}
COMMAND: POST /session/1820fae8a81a1c34ca12c99f5ca4f404/element/f.043615FDA099A6883ABDD55FCDA43E76.d.ABF142D832D2B052975ADAA7DF6CA441.e.15493/click - {}
RESULT: {}
COMMAND: GET /session/1820fae8a81a1c34ca12c99f5ca4f404/screenshot - {}
RESULT: {}
COMMAND: POST /session/1820fae8a81a1c34ca12c99f5ca4f404/elements - {"using":"xpath","value":"//span[text()='Error']"}
RESULT: {"using":"xpath","value":"//span[text()='Error']"}
COMMAND: POST /session/1820fae8a81a1c34ca12c99f5ca4f404/element - {"using":"xpath","value":"//button[@data-kt=\"addButton\"]"}
RESULT: {"using":"xpath","value":"//button[@data-kt=\"addButton\"]"}
COMMAND: POST /session/1820fae8a81a1c34ca12c99f5ca4f404/element/f.043615FDA099A6883ABDD55FCDA43E76.d.ABF142D832D2B052975ADAA7DF6CA441.e.15543/click - {}
RESULT: {}
COMMAND: GET /session/1820fae8a81a1c34ca12c99f5ca4f404/screenshot - {}
RESULT: {}
COMMAND: POST /session/1820fae8a81a1c34ca12c99f5ca4f404/execute/async - {"script":"<script> [1562 bytes]","args":[{"selector":{"id":"application-managecontracts-display-component---AddNewContract--projectDescription","interaction":{"idSuffix":"inner"}},"wdio_ui5_key":"applicationmanagecontracts-display-component---AddNewContract--projectDescription"}]}
RESULT: {"script":"<script> [1562 bytes]","args":[{"selector":{"id":"application-managecontracts-display-component---AddNewContract--projectDescription","interaction":{"idSuffix":"inner"}},"wdio_ui5_key":"applicationmanagecontracts-display-component---AddNewContract--projectDescription"}]}
RESULT: undefined
COMMAND: POST /session/1820fae8a81a1c34ca12c99f5ca4f404/execute/async - {"script":"<script> [776 bytes]","args":[{"enterText":"WdIOR2c6rzpt","selector":{"id":"application-managecontracts-display-component---AddNewContract--projectDescription","interaction":{"idSuffix":"inner"}},"clearTextFirst":true,"interactionType":"ENTER_TEXT"}]}
RESULT: {"script":"<script> [776 bytes]","args":[{"enterText":"WdIOR2c6rzpt","selector":{"id":"application-managecontracts-display-component---AddNewContract--projectDescription","interaction":{"idSuffix":"inner"}},"clearTextFirst":true,"interactionType":"ENTER_TEXT"}]}
COMMAND: POST /session/1820fae8a81a1c34ca12c99f5ca4f404/element - {"using":"xpath","value":"//input[@id=\"application-managecontracts-display-component---AddNewContract--yardId-inner\"]"}
RESULT: {"using":"xpath","value":"//input[@id=\"application-managecontracts-display-component---AddNewContract--yardId-inner\"]"}
COMMAND: POST /session/1820fae8a81a1c34ca12c99f5ca4f404/element/f.043615FDA099A6883ABDD55FCDA43E76.d.ABF142D832D2B052975ADAA7DF6CA441.e.15847/clear - {}
RESULT: {}
COMMAND: POST /session/1820fae8a81a1c34ca12c99f5ca4f404/element/f.043615FDA099A6883ABDD55FCDA43E76.d.ABF142D832D2B052975ADAA7DF6CA441.e.15847/value - {"text":"WebdriverYardkqmun"}
COMMAND: GET /session/1820fae8a81a1c34ca12c99f5ca4f404/screenshot - {}
RESULT: {"text":"WebdriverYardkqmun"}
COMMAND: GET /session/1820fae8a81a1c34ca12c99f5ca4f404/screenshot - {}
RESULT: {}
RESULT: {}
COMMAND: POST /session/1820fae8a81a1c34ca12c99f5ca4f404/actions - {"actions":[{"id":"action74","type":"key","parameters":{},"actions":[{"type":"keyDown","value":""},{"type":"pause","duration":10},{"type":"keyUp","value":""}]}]}
RESULT: {"actions":[{"id":"action74","type":"key","parameters":{},"actions":[{"type":"keyDown","value":""},{"type":"pause","duration":10},{"type":"keyUp","value":""}]}]}
COMMAND: GET /session/1820fae8a81a1c34ca12c99f5ca4f404/screenshot - {}
RESULT: {}
COMMAND: POST /session/1820fae8a81a1c34ca12c99f5ca4f404/element - {"using":"xpath","value":"//input[@id=\"application-managecontracts-display-component---AddNewContract--customerSelect-inner\"]"}
RESULT: {"using":"xpath","value":"//input[@id=\"application-managecontracts-display-component---AddNewContract--customerSelect-inner\"]"}
COMMAND: POST /session/1820fae8a81a1c34ca12c99f5ca4f404/element/f.043615FDA099A6883ABDD55FCDA43E76.d.ABF142D832D2B052975ADAA7DF6CA441.e.15845/clear - {}
RESULT: {}
COMMAND: POST /session/1820fae8a81a1c34ca12c99f5ca4f404/element/f.043615FDA099A6883ABDD55FCDA43E76.d.ABF142D832D2B052975ADAA7DF6CA441.e.15845/value - {"text":"WebdriverPartnercplpl"}
COMMAND: GET /session/1820fae8a81a1c34ca12c99f5ca4f404/screenshot - {}
RESULT: {"text":"WebdriverPartnercplpl"}
COMMAND: GET /session/1820fae8a81a1c34ca12c99f5ca4f404/screenshot - {}
RESULT: {}
RESULT: {}
COMMAND: POST /session/1820fae8a81a1c34ca12c99f5ca4f404/actions - {"actions":[{"id":"action75","type":"key","parameters":{},"actions":[{"type":"keyDown","value":""},{"type":"pause","duration":10},{"type":"keyUp","value":""}]}]}
RESULT: {"actions":[{"id":"action75","type":"key","parameters":{},"actions":[{"type":"keyDown","value":""},{"type":"pause","duration":10},{"type":"keyUp","value":""}]}]}
COMMAND: GET /session/1820fae8a81a1c34ca12c99f5ca4f404/screenshot - {}
RESULT: {}
COMMAND: POST /session/1820fae8a81a1c34ca12c99f5ca4f404/element - {"using":"xpath","value":"//input[@id=\"application-managecontracts-display-component---AddNewContract--site-inner\"]"}
RESULT: {"using":"xpath","value":"//input[@id=\"application-managecontracts-display-component---AddNewContract--site-inner\"]"}
COMMAND: POST /session/1820fae8a81a1c34ca12c99f5ca4f404/element/f.043615FDA099A6883ABDD55FCDA43E76.d.ABF142D832D2B052975ADAA7DF6CA441.e.15846/clear - {}
RESULT: {}
COMMAND: POST /session/1820fae8a81a1c34ca12c99f5ca4f404/element/f.043615FDA099A6883ABDD55FCDA43E76.d.ABF142D832D2B052975ADAA7DF6CA441.e.15846/value - {"text":"WebdriverSitekedea"}
COMMAND: GET /session/1820fae8a81a1c34ca12c99f5ca4f404/screenshot - {}
RESULT: {"text":"WebdriverSitekedea"}
COMMAND: GET /session/1820fae8a81a1c34ca12c99f5ca4f404/screenshot - {}
RESULT: {}
RESULT: {}
COMMAND: POST /session/1820fae8a81a1c34ca12c99f5ca4f404/actions - {"actions":[{"id":"action76","type":"key","parameters":{},"actions":[{"type":"keyDown","value":""},{"type":"pause","duration":10},{"type":"keyUp","value":""}]}]}
RESULT: {"actions":[{"id":"action76","type":"key","parameters":{},"actions":[{"type":"keyDown","value":""},{"type":"pause","duration":10},{"type":"keyUp","value":""}]}]}
COMMAND: POST /session/1820fae8a81a1c34ca12c99f5ca4f404/element - {"using":"xpath","value":"//button[@data-kt=\"saveButton\"]"}
COMMAND: GET /session/1820fae8a81a1c34ca12c99f5ca4f404/screenshot - {}
RESULT: {"using":"xpath","value":"//button[@data-kt=\"saveButton\"]"}
COMMAND: POST /session/1820fae8a81a1c34ca12c99f5ca4f404/element/f.043615FDA099A6883ABDD55FCDA43E76.d.ABF142D832D2B052975ADAA7DF6CA441.e.15877/click - {}
RESULT: {}
RESULT: {}
COMMAND: GET /session/1820fae8a81a1c34ca12c99f5ca4f404/screenshot - {}
RESULT: {}
COMMAND: POST /session/1820fae8a81a1c34ca12c99f5ca4f404/execute/async - {"script":"<script> [1562 bytes]","args":[{"selector":{"id":"contractDetailTitleNoExpanded","viewName":"etm.portal.ui.managecontracts.view.Detail"},"wdio_ui5_key":"contractDetailTitleNoExpandedetmportal.ui.managecontracts.view.Detail"}]}
RESULT: {"script":"<script> [1562 bytes]","args":[{"selector":{"id":"contractDetailTitleNoExpanded","viewName":"etm.portal.ui.managecontracts.view.Detail"},"wdio_ui5_key":"contractDetailTitleNoExpandedetmportal.ui.managecontracts.view.Detail"}]}
RESULT: undefined
COMMAND: POST /session/1820fae8a81a1c34ca12c99f5ca4f404/execute/async - {"script":"<script> [6424 bytes]","args":[{"element-6066-11e4-a52e-4f735466cecf":"f.043615FDA099A6883ABDD55FCDA43E76.d.ABF142D832D2B052975ADAA7DF6CA441.e.15888"},"getText",[]]}
RESULT: {"script":"<script> [6424 bytes]","args":[{"element-6066-11e4-a52e-4f735466cecf":"f.043615FDA099A6883ABDD55FCDA43E76.d.ABF142D832D2B052975ADAA7DF6CA441.e.15888"},"getText",[]]}
]]></system-out>
    </testcase>
    <testcase classname="chrome.136_0_7103_93.windows.E2E_-_Logistical_and_commercial_statuses" name="Should add materialID to the contract" time="46.105">
      <system-out><![CDATA[
COMMAND: POST /session/1820fae8a81a1c34ca12c99f5ca4f404/element - {"using":"xpath","value":"//button[@data-kt=\"contractDetailEditBtnButton\"]"}
RESULT: {"using":"xpath","value":"//button[@data-kt=\"contractDetailEditBtnButton\"]"}
COMMAND: POST /session/1820fae8a81a1c34ca12c99f5ca4f404/element/f.043615FDA099A6883ABDD55FCDA43E76.d.ABF142D832D2B052975ADAA7DF6CA441.e.15889/click - {}
RESULT: {}
COMMAND: GET /session/1820fae8a81a1c34ca12c99f5ca4f404/screenshot - {}
RESULT: {}
COMMAND: POST /session/1820fae8a81a1c34ca12c99f5ca4f404/element - {"using":"xpath","value":"(//span[contains(text(), \"Additional Addresses\")])[2]"}
RESULT: {"using":"xpath","value":"(//span[contains(text(), \"Additional Addresses\")])[2]"}
COMMAND: POST /session/1820fae8a81a1c34ca12c99f5ca4f404/element/f.043615FDA099A6883ABDD55FCDA43E76.d.ABF142D832D2B052975ADAA7DF6CA441.e.15946/click - {}
RESULT: {}
COMMAND: GET /session/1820fae8a81a1c34ca12c99f5ca4f404/screenshot - {}
RESULT: {}
COMMAND: POST /session/1820fae8a81a1c34ca12c99f5ca4f404/element - {"using":"xpath","value":"//button[@data-kt=\"btnAddTableRowOverflowToolbarButton\"]"}
RESULT: {"using":"xpath","value":"//button[@data-kt=\"btnAddTableRowOverflowToolbarButton\"]"}
COMMAND: POST /session/1820fae8a81a1c34ca12c99f5ca4f404/element/f.043615FDA099A6883ABDD55FCDA43E76.d.ABF142D832D2B052975ADAA7DF6CA441.e.15948/click - {}
RESULT: {}
COMMAND: GET /session/1820fae8a81a1c34ca12c99f5ca4f404/screenshot - {}
RESULT: {}
COMMAND: POST /session/1820fae8a81a1c34ca12c99f5ca4f404/element - {"using":"xpath","value":"//div[(text() = 'Standard Entry' or . = 'Standard Entry')]"}
RESULT: {"using":"xpath","value":"//div[(text() = 'Standard Entry' or . = 'Standard Entry')]"}
COMMAND: POST /session/1820fae8a81a1c34ca12c99f5ca4f404/element/f.043615FDA099A6883ABDD55FCDA43E76.d.ABF142D832D2B052975ADAA7DF6CA441.e.15950/click - {}
RESULT: {}
COMMAND: POST /session/1820fae8a81a1c34ca12c99f5ca4f404/element - {"using":"xpath","value":"//td[6]/div/div/input[1]"}
COMMAND: GET /session/1820fae8a81a1c34ca12c99f5ca4f404/screenshot - {}
RESULT: {"using":"xpath","value":"//td[6]/div/div/input[1]"}
COMMAND: POST /session/1820fae8a81a1c34ca12c99f5ca4f404/element/f.043615FDA099A6883ABDD55FCDA43E76.d.ABF142D832D2B052975ADAA7DF6CA441.e.15952/click - {}
RESULT: {}
RESULT: {}
COMMAND: POST /session/1820fae8a81a1c34ca12c99f5ca4f404/actions - {"actions":[{"id":"action77","type":"key","parameters":{},"actions":[{"type":"keyDown","value":""},{"type":"pause","duration":10},{"type":"keyUp","value":""}]}]}
COMMAND: GET /session/1820fae8a81a1c34ca12c99f5ca4f404/screenshot - {}
RESULT: {"actions":[{"id":"action77","type":"key","parameters":{},"actions":[{"type":"keyDown","value":""},{"type":"pause","duration":10},{"type":"keyUp","value":""}]}]}
COMMAND: POST /session/1820fae8a81a1c34ca12c99f5ca4f404/element - {"using":"xpath","value":"//td[6]/div/div/input[1]"}
COMMAND: GET /session/1820fae8a81a1c34ca12c99f5ca4f404/screenshot - {}
RESULT: {}
RESULT: {"using":"xpath","value":"//td[6]/div/div/input[1]"}
COMMAND: POST /session/1820fae8a81a1c34ca12c99f5ca4f404/element/f.043615FDA099A6883ABDD55FCDA43E76.d.ABF142D832D2B052975ADAA7DF6CA441.e.15952/clear - {}
RESULT: {}
RESULT: {}
COMMAND: POST /session/1820fae8a81a1c34ca12c99f5ca4f404/element/f.043615FDA099A6883ABDD55FCDA43E76.d.ABF142D832D2B052975ADAA7DF6CA441.e.15952/value - {"text":"Material"}
COMMAND: GET /session/1820fae8a81a1c34ca12c99f5ca4f404/screenshot - {}
RESULT: {"text":"Material"}
COMMAND: GET /session/1820fae8a81a1c34ca12c99f5ca4f404/screenshot - {}
RESULT: {}
RESULT: {}
COMMAND: POST /session/1820fae8a81a1c34ca12c99f5ca4f404/actions - {"actions":[{"id":"action78","type":"key","parameters":{},"actions":[{"type":"keyDown","value":""},{"type":"pause","duration":10},{"type":"keyUp","value":""}]}]}
RESULT: {"actions":[{"id":"action78","type":"key","parameters":{},"actions":[{"type":"keyDown","value":""},{"type":"pause","duration":10},{"type":"keyUp","value":""}]}]}
COMMAND: GET /session/1820fae8a81a1c34ca12c99f5ca4f404/screenshot - {}
RESULT: {}
COMMAND: POST /session/1820fae8a81a1c34ca12c99f5ca4f404/actions - {"actions":[{"id":"action79","type":"key","parameters":{},"actions":[{"type":"keyDown","value":""},{"type":"pause","duration":10},{"type":"keyUp","value":""}]}]}
RESULT: {"actions":[{"id":"action79","type":"key","parameters":{},"actions":[{"type":"keyDown","value":""},{"type":"pause","duration":10},{"type":"keyUp","value":""}]}]}
COMMAND: POST /session/1820fae8a81a1c34ca12c99f5ca4f404/element - {"using":"xpath","value":"//td[7]/div/div/input"}
COMMAND: GET /session/1820fae8a81a1c34ca12c99f5ca4f404/screenshot - {}
RESULT: {"using":"xpath","value":"//td[7]/div/div/input"}
COMMAND: POST /session/1820fae8a81a1c34ca12c99f5ca4f404/element/f.043615FDA099A6883ABDD55FCDA43E76.d.ABF142D832D2B052975ADAA7DF6CA441.e.15965/clear - {}
RESULT: {}
RESULT: {}
COMMAND: POST /session/1820fae8a81a1c34ca12c99f5ca4f404/element/f.043615FDA099A6883ABDD55FCDA43E76.d.ABF142D832D2B052975ADAA7DF6CA441.e.15965/value - {"text":"WebdriverRUR2Ct3rsw"}
COMMAND: GET /session/1820fae8a81a1c34ca12c99f5ca4f404/screenshot - {}
RESULT: {"text":"WebdriverRUR2Ct3rsw"}
COMMAND: GET /session/1820fae8a81a1c34ca12c99f5ca4f404/screenshot - {}
RESULT: {}
RESULT: {}
COMMAND: POST /session/1820fae8a81a1c34ca12c99f5ca4f404/actions - {"actions":[{"id":"action80","type":"key","parameters":{},"actions":[{"type":"keyDown","value":""},{"type":"pause","duration":10},{"type":"keyUp","value":""}]}]}
RESULT: {"actions":[{"id":"action80","type":"key","parameters":{},"actions":[{"type":"keyDown","value":""},{"type":"pause","duration":10},{"type":"keyUp","value":""}]}]}
COMMAND: GET /session/1820fae8a81a1c34ca12c99f5ca4f404/screenshot - {}
RESULT: {}
COMMAND: POST /session/1820fae8a81a1c34ca12c99f5ca4f404/actions - {"actions":[{"id":"action81","type":"key","parameters":{},"actions":[{"type":"keyDown","value":""},{"type":"pause","duration":10},{"type":"keyUp","value":""}]}]}
RESULT: {"actions":[{"id":"action81","type":"key","parameters":{},"actions":[{"type":"keyDown","value":""},{"type":"pause","duration":10},{"type":"keyUp","value":""}]}]}
COMMAND: GET /session/1820fae8a81a1c34ca12c99f5ca4f404/screenshot - {}
RESULT: {}
COMMAND: POST /session/1820fae8a81a1c34ca12c99f5ca4f404/element - {"using":"xpath","value":"(//button[@data-kt=\"saveButton\"])[2]"}
RESULT: {"using":"xpath","value":"(//button[@data-kt=\"saveButton\"])[2]"}
COMMAND: POST /session/1820fae8a81a1c34ca12c99f5ca4f404/element/f.043615FDA099A6883ABDD55FCDA43E76.d.ABF142D832D2B052975ADAA7DF6CA441.e.15988/click - {}
RESULT: {}
COMMAND: GET /session/1820fae8a81a1c34ca12c99f5ca4f404/screenshot - {}
RESULT: {}
]]></system-out>
    </testcase>
    <testcase classname="chrome.136_0_7103_93.windows.E2E_-_Logistical_and_commercial_statuses" name="It should follow the handover steps to the status fully provided" time="411.175">
      <system-out><![CDATA[
COMMAND: POST /session/1820fae8a81a1c34ca12c99f5ca4f404/execute/async - {"script":"<script> [1562 bytes]","args":[{"selector":{"id":"contractDetailProvideButton","viewName":"etm.portal.ui.managecontracts.view.Detail","interaction":{"idSuffix":"BDI-content"}},"wdio_ui5_key":"contractDetailProvideButtonetmportal.ui.managecontracts.view.Detail"}]}
RESULT: {"script":"<script> [1562 bytes]","args":[{"selector":{"id":"contractDetailProvideButton","viewName":"etm.portal.ui.managecontracts.view.Detail","interaction":{"idSuffix":"BDI-content"}},"wdio_ui5_key":"contractDetailProvideButtonetmportal.ui.managecontracts.view.Detail"}]}
RESULT: undefined
COMMAND: POST /session/1820fae8a81a1c34ca12c99f5ca4f404/element - {"using":"xpath","value":"//*[@id=\"__xmlview61--contractDetailProvideButton\"]"}
RESULT: {"using":"xpath","value":"//*[@id=\"__xmlview61--contractDetailProvideButton\"]"}
COMMAND: POST /session/1820fae8a81a1c34ca12c99f5ca4f404/element/f.043615FDA099A6883ABDD55FCDA43E76.d.ABF142D832D2B052975ADAA7DF6CA441.e.15996/click - {}
RESULT: {}
COMMAND: GET /session/1820fae8a81a1c34ca12c99f5ca4f404/screenshot - {}
COMMAND: POST /session/1820fae8a81a1c34ca12c99f5ca4f404/execute/async - {"script":"<script> [1562 bytes]","args":[{"selector":{"id":"application-managehandovers-display-component---AddNewHO--oneStep","interaction":{"idSuffix":"CbBg"}},"wdio_ui5_key":"applicationmanagehandovers-display-component---AddNewHO--oneStep"}]}
RESULT: {}
RESULT: {"script":"<script> [1562 bytes]","args":[{"selector":{"id":"application-managehandovers-display-component---AddNewHO--oneStep","interaction":{"idSuffix":"CbBg"}},"wdio_ui5_key":"applicationmanagehandovers-display-component---AddNewHO--oneStep"}]}
RESULT: undefined
COMMAND: POST /session/1820fae8a81a1c34ca12c99f5ca4f404/element - {"using":"xpath","value":"//*[@id=\"application-managehandovers-display-component---AddNewHO--oneStep\"]"}
RESULT: {"using":"xpath","value":"//*[@id=\"application-managehandovers-display-component---AddNewHO--oneStep\"]"}
COMMAND: POST /session/1820fae8a81a1c34ca12c99f5ca4f404/element/f.043615FDA099A6883ABDD55FCDA43E76.d.ABF142D832D2B052975ADAA7DF6CA441.e.16156/click - {}
RESULT: {}
RESULT: undefined
COMMAND: POST /session/1820fae8a81a1c34ca12c99f5ca4f404/execute/async - {"script":"<script> [776 bytes]","args":[{"enterText":"05/21/25","selector":{"id":"application-managehandovers-display-component---AddNewHO--dueDate","interaction":{"idSuffix":"inner"}},"clearTextFirst":true,"interactionType":"ENTER_TEXT"}]}
COMMAND: GET /session/1820fae8a81a1c34ca12c99f5ca4f404/screenshot - {}
RESULT: {"script":"<script> [776 bytes]","args":[{"enterText":"05/21/25","selector":{"id":"application-managehandovers-display-component---AddNewHO--dueDate","interaction":{"idSuffix":"inner"}},"clearTextFirst":true,"interactionType":"ENTER_TEXT"}]}
RESULT: undefined
COMMAND: POST /session/1820fae8a81a1c34ca12c99f5ca4f404/element - {"using":"xpath","value":"//*[@id=\"application-managehandovers-display-component---AddNewHO--ObjectPageLayout-anchBar-application-managehandovers-display-component---AddNewHO--section4-anchor\"]"}
RESULT: {}
RESULT: {"using":"xpath","value":"//*[@id=\"application-managehandovers-display-component---AddNewHO--ObjectPageLayout-anchBar-application-managehandovers-display-component---AddNewHO--section4-anchor\"]"}
COMMAND: POST /session/1820fae8a81a1c34ca12c99f5ca4f404/element/f.043615FDA099A6883ABDD55FCDA43E76.d.ABF142D832D2B052975ADAA7DF6CA441.e.16159/click - {}
RESULT: {}
COMMAND: POST /session/1820fae8a81a1c34ca12c99f5ca4f404/execute/async - {"script":"<script> [1562 bytes]","args":[{"selector":{"controlType":"sap.ui.core.Icon","viewName":"etm.portal.ui.managehandovers.view.AddNewHO","viewId":"application-managehandovers-display-component---AddNewHO","properties":{"src":{"regex":{"source":"add"}}}},"wdio_ui5_key":"etmportal.ui.managehandovers.view.AddNewHOsap.ui.core.Icon{\"src\":{\"regex\":{\"source\":\"add\"}}}"}]}
COMMAND: GET /session/1820fae8a81a1c34ca12c99f5ca4f404/screenshot - {}
RESULT: {"script":"<script> [1562 bytes]","args":[{"selector":{"controlType":"sap.ui.core.Icon","viewName":"etm.portal.ui.managehandovers.view.AddNewHO","viewId":"application-managehandovers-display-component---AddNewHO","properties":{"src":{"regex":{"source":"add"}}}},"wdio_ui5_key":"etmportal.ui.managehandovers.view.AddNewHOsap.ui.core.Icon{\"src\":{\"regex\":{\"source\":\"add\"}}}"}]}
RESULT: undefined
COMMAND: POST /session/1820fae8a81a1c34ca12c99f5ca4f404/element - {"using":"xpath","value":"//*[@id=\"__button146-img\"]"}
RESULT: {}
RESULT: {"using":"xpath","value":"//*[@id=\"__button146-img\"]"}
COMMAND: POST /session/1820fae8a81a1c34ca12c99f5ca4f404/element/f.043615FDA099A6883ABDD55FCDA43E76.d.ABF142D832D2B052975ADAA7DF6CA441.e.16163/click - {}
RESULT: {}
COMMAND: GET /session/1820fae8a81a1c34ca12c99f5ca4f404/screenshot - {}
RESULT: {}
RESULT: undefined
COMMAND: POST /session/1820fae8a81a1c34ca12c99f5ca4f404/element - {"using":"xpath","value":"//*[@id=\"application-managehandovers-display-component---AddNewHO--popup-sa\"]"}
RESULT: {"using":"xpath","value":"//*[@id=\"application-managehandovers-display-component---AddNewHO--popup-sa\"]"}
COMMAND: POST /session/1820fae8a81a1c34ca12c99f5ca4f404/element/f.043615FDA099A6883ABDD55FCDA43E76.d.ABF142D832D2B052975ADAA7DF6CA441.e.16173/click - {}
RESULT: {}
COMMAND: POST /session/1820fae8a81a1c34ca12c99f5ca4f404/execute/async - {"script":"<script> [1562 bytes]","args":[{"selector":{"controlType":"sap.m.Button","viewName":"etm.portal.ui.managehandovers.view.AddNewHO","viewId":"application-managehandovers-display-component---AddNewHO","i18NText":{"propertyName":"text","key":"select"},"searchOpenDialogs":true,"interaction":{"idSuffix":"inner"}},"wdio_ui5_key":"etmportal.ui.managehandovers.view.AddNewHOsap.m.Button{\"propertyName\":\"text\",\"key\":\"select\"}"}]}
COMMAND: GET /session/1820fae8a81a1c34ca12c99f5ca4f404/screenshot - {}
RESULT: {"script":"<script> [1562 bytes]","args":[{"selector":{"controlType":"sap.m.Button","viewName":"etm.portal.ui.managehandovers.view.AddNewHO","viewId":"application-managehandovers-display-component---AddNewHO","i18NText":{"propertyName":"text","key":"select"},"searchOpenDialogs":true,"interaction":{"idSuffix":"inner"}},"wdio_ui5_key":"etmportal.ui.managehandovers.view.AddNewHOsap.m.Button{\"propertyName\":\"text\",\"key\":\"select\"}"}]}
RESULT: undefined
COMMAND: POST /session/1820fae8a81a1c34ca12c99f5ca4f404/element - {"using":"xpath","value":"//*[@id=\"__button149\"]"}
RESULT: {}
RESULT: {"using":"xpath","value":"//*[@id=\"__button149\"]"}
COMMAND: POST /session/1820fae8a81a1c34ca12c99f5ca4f404/element/f.043615FDA099A6883ABDD55FCDA43E76.d.ABF142D832D2B052975ADAA7DF6CA441.e.16176/click - {}
RESULT: {}
COMMAND: POST /session/1820fae8a81a1c34ca12c99f5ca4f404/execute/async - {"script":"<script> [1562 bytes]","args":[{"selector":{"id":"application-managehandovers-display-component---AddNewHO--confirmCreationButton","interaction":{"idSuffix":"BDI-content"}},"wdio_ui5_key":"applicationmanagehandovers-display-component---AddNewHO--confirmCreationButton"}]}
COMMAND: GET /session/1820fae8a81a1c34ca12c99f5ca4f404/screenshot - {}
RESULT: {"script":"<script> [1562 bytes]","args":[{"selector":{"id":"application-managehandovers-display-component---AddNewHO--confirmCreationButton","interaction":{"idSuffix":"BDI-content"}},"wdio_ui5_key":"applicationmanagehandovers-display-component---AddNewHO--confirmCreationButton"}]}
RESULT: undefined
COMMAND: POST /session/1820fae8a81a1c34ca12c99f5ca4f404/element - {"using":"xpath","value":"//*[@id=\"application-managehandovers-display-component---AddNewHO--confirmCreationButton\"]"}
RESULT: {}
RESULT: {"using":"xpath","value":"//*[@id=\"application-managehandovers-display-component---AddNewHO--confirmCreationButton\"]"}
COMMAND: POST /session/1820fae8a81a1c34ca12c99f5ca4f404/element/f.043615FDA099A6883ABDD55FCDA43E76.d.ABF142D832D2B052975ADAA7DF6CA441.e.16117/click - {}
RESULT: {}
COMMAND: GET /session/1820fae8a81a1c34ca12c99f5ca4f404/screenshot - {}
RESULT: {}
COMMAND: POST /session/1820fae8a81a1c34ca12c99f5ca4f404/element - {"using":"xpath","value":"//a[contains(@data-kt ,\"GeneralSectionReceiveContracttLink\")]"}
RESULT: {"using":"xpath","value":"//a[contains(@data-kt ,\"GeneralSectionReceiveContracttLink\")]"}
COMMAND: POST /session/1820fae8a81a1c34ca12c99f5ca4f404/element/f.043615FDA099A6883ABDD55FCDA43E76.d.ABF142D832D2B052975ADAA7DF6CA441.e.16210/click - {}
RESULT: {}
COMMAND: GET /session/1820fae8a81a1c34ca12c99f5ca4f404/screenshot - {}
COMMAND: POST /session/1820fae8a81a1c34ca12c99f5ca4f404/element - {"using":"xpath","value":"//a[contains(@data-kt ,\"ContextMenuId2Link\")]"}
RESULT: {}
RESULT: {"using":"xpath","value":"//a[contains(@data-kt ,\"ContextMenuId2Link\")]"}
COMMAND: POST /session/1820fae8a81a1c34ca12c99f5ca4f404/element/f.043615FDA099A6883ABDD55FCDA43E76.d.ABF142D832D2B052975ADAA7DF6CA441.e.16212/click - {}
RESULT: {}
COMMAND: GET /session/1820fae8a81a1c34ca12c99f5ca4f404/screenshot - {}
RESULT: {}
COMMAND: POST /session/1820fae8a81a1c34ca12c99f5ca4f404/execute/async - {"script":"<script> [1562 bytes]","args":[{"selector":{"controlType":"sap.m.ObjectStatus","viewName":"etm.portal.ui.managecontracts.view.Detail","bindingPath":{"propertyPath":"LINK_TO_LOGISTICAL_STATUS/DESCRIPTION","modelName":"catalogModel"}},"wdio_ui5_key":"etmportal.ui.managecontracts.view.Detailsap.m.ObjectStatus{\"propertyPath\":\"LINK_TO_LOGISTICAL_STATUS/DESCRIPTION\",\"modelName\":\"catalogModel\"}"}]}
RESULT: {"script":"<script> [1562 bytes]","args":[{"selector":{"controlType":"sap.m.ObjectStatus","viewName":"etm.portal.ui.managecontracts.view.Detail","bindingPath":{"propertyPath":"LINK_TO_LOGISTICAL_STATUS/DESCRIPTION","modelName":"catalogModel"}},"wdio_ui5_key":"etmportal.ui.managecontracts.view.Detailsap.m.ObjectStatus{\"propertyPath\":\"LINK_TO_LOGISTICAL_STATUS/DESCRIPTION\",\"modelName\":\"catalogModel\"}"}]}
RESULT: undefined
COMMAND: POST /session/1820fae8a81a1c34ca12c99f5ca4f404/execute/async - {"script":"<script> [6424 bytes]","args":[{"element-6066-11e4-a52e-4f735466cecf":"f.043615FDA099A6883ABDD55FCDA43E76.d.ABF142D832D2B052975ADAA7DF6CA441.e.16401"},"getText",[]]}
RESULT: {"script":"<script> [6424 bytes]","args":[{"element-6066-11e4-a52e-4f735466cecf":"f.043615FDA099A6883ABDD55FCDA43E76.d.ABF142D832D2B052975ADAA7DF6CA441.e.16401"},"getText",[]]}
COMMAND: POST /session/1820fae8a81a1c34ca12c99f5ca4f404/execute/async - {"script":"<script> [1562 bytes]","args":[{"selector":{"controlType":"sap.m.ObjectStatus","viewName":"etm.portal.ui.managecontracts.view.Detail","bindingPath":{"propertyPath":"LINK_TO_COMMERCIAL_STATUS/DESCRIPTION","modelName":"catalogModel"}},"wdio_ui5_key":"etmportal.ui.managecontracts.view.Detailsap.m.ObjectStatus{\"propertyPath\":\"LINK_TO_COMMERCIAL_STATUS/DESCRIPTION\",\"modelName\":\"catalogModel\"}"}]}
RESULT: {"script":"<script> [1562 bytes]","args":[{"selector":{"controlType":"sap.m.ObjectStatus","viewName":"etm.portal.ui.managecontracts.view.Detail","bindingPath":{"propertyPath":"LINK_TO_COMMERCIAL_STATUS/DESCRIPTION","modelName":"catalogModel"}},"wdio_ui5_key":"etmportal.ui.managecontracts.view.Detailsap.m.ObjectStatus{\"propertyPath\":\"LINK_TO_COMMERCIAL_STATUS/DESCRIPTION\",\"modelName\":\"catalogModel\"}"}]}
RESULT: undefined
COMMAND: POST /session/1820fae8a81a1c34ca12c99f5ca4f404/execute/async - {"script":"<script> [6424 bytes]","args":[{"element-6066-11e4-a52e-4f735466cecf":"f.043615FDA099A6883ABDD55FCDA43E76.d.ABF142D832D2B052975ADAA7DF6CA441.e.16402"},"getText",[]]}
RESULT: {"script":"<script> [6424 bytes]","args":[{"element-6066-11e4-a52e-4f735466cecf":"f.043615FDA099A6883ABDD55FCDA43E76.d.ABF142D832D2B052975ADAA7DF6CA441.e.16402"},"getText",[]]}
COMMAND: POST /session/1820fae8a81a1c34ca12c99f5ca4f404/execute/async - {"script":"<script> [1562 bytes]","args":[{"selector":{"id":"backBtn"},"wdio_ui5_key":"backBtn"}]}
RESULT: {"script":"<script> [1562 bytes]","args":[{"selector":{"id":"backBtn"},"wdio_ui5_key":"backBtn"}]}
RESULT: undefined
COMMAND: POST /session/1820fae8a81a1c34ca12c99f5ca4f404/element - {"using":"xpath","value":"//*[@id=\"backBtn\"]"}
RESULT: {"using":"xpath","value":"//*[@id=\"backBtn\"]"}
COMMAND: POST /session/1820fae8a81a1c34ca12c99f5ca4f404/element/f.043615FDA099A6883ABDD55FCDA43E76.d.ABF142D832D2B052975ADAA7DF6CA441.e.16403/click - {}
RESULT: {}
COMMAND: GET /session/1820fae8a81a1c34ca12c99f5ca4f404/screenshot - {}
COMMAND: POST /session/1820fae8a81a1c34ca12c99f5ca4f404/execute/async - {"script":"<script> [1562 bytes]","args":[{"selector":{"controlType":"sap.m.Text","viewName":"etm.portal.ui.managehandovers.view.DetailExecuteHO","bindingPath":{"propertyPath":"NO","modelName":"catalogModel"}},"wdio_ui5_key":"etmportal.ui.managehandovers.view.DetailExecuteHOsap.m.Text{\"propertyPath\":\"NO\",\"modelName\":\"catalogModel\"}"}]}
RESULT: {}
RESULT: {"script":"<script> [1562 bytes]","args":[{"selector":{"controlType":"sap.m.Text","viewName":"etm.portal.ui.managehandovers.view.DetailExecuteHO","bindingPath":{"propertyPath":"NO","modelName":"catalogModel"}},"wdio_ui5_key":"etmportal.ui.managehandovers.view.DetailExecuteHOsap.m.Text{\"propertyPath\":\"NO\",\"modelName\":\"catalogModel\"}"}]}
RESULT: undefined
COMMAND: POST /session/1820fae8a81a1c34ca12c99f5ca4f404/execute/async - {"script":"<script> [6424 bytes]","args":[{"element-6066-11e4-a52e-4f735466cecf":"f.043615FDA099A6883ABDD55FCDA43E76.d.ABF142D832D2B052975ADAA7DF6CA441.e.16548"},"getText",[]]}
RESULT: {"script":"<script> [6424 bytes]","args":[{"element-6066-11e4-a52e-4f735466cecf":"f.043615FDA099A6883ABDD55FCDA43E76.d.ABF142D832D2B052975ADAA7DF6CA441.e.16548"},"getText",[]]}
COMMAND: POST /session/1820fae8a81a1c34ca12c99f5ca4f404/element - {"using":"xpath","value":"//input[contains(@id ,\"issueDatePicker-inner\")]"}
RESULT: {"using":"xpath","value":"//input[contains(@id ,\"issueDatePicker-inner\")]"}
COMMAND: GET /session/1820fae8a81a1c34ca12c99f5ca4f404/element/f.043615FDA099A6883ABDD55FCDA43E76.d.ABF142D832D2B052975ADAA7DF6CA441.e.16530/property/value - {}
RESULT: {}
COMMAND: POST /session/1820fae8a81a1c34ca12c99f5ca4f404/element/f.043615FDA099A6883ABDD55FCDA43E76.d.ABF142D832D2B052975ADAA7DF6CA441.e.16530/clear - {}
COMMAND: GET /session/1820fae8a81a1c34ca12c99f5ca4f404/screenshot - {}
RESULT: {}
COMMAND: POST /session/1820fae8a81a1c34ca12c99f5ca4f404/element/f.043615FDA099A6883ABDD55FCDA43E76.d.ABF142D832D2B052975ADAA7DF6CA441.e.16530/value - {"text":"05/21/25"}
COMMAND: GET /session/1820fae8a81a1c34ca12c99f5ca4f404/screenshot - {}
RESULT: {}
RESULT: {"text":"05/21/25"}
COMMAND: GET /session/1820fae8a81a1c34ca12c99f5ca4f404/screenshot - {}
RESULT: {}
RESULT: {}
COMMAND: POST /session/1820fae8a81a1c34ca12c99f5ca4f404/execute/async - {"script":"<script> [1562 bytes]","args":[{"selector":{"controlType":"sap.m.Button","viewName":"etm.portal.ui.managehandovers.view.DetailExecuteHO","i18NText":{"propertyName":"text","key":"confirmAll"},"interaction":{"idSuffix":"inner"}},"wdio_ui5_key":"etmportal.ui.managehandovers.view.DetailExecuteHOsap.m.Button{\"propertyName\":\"text\",\"key\":\"confirmAll\"}"}]}
RESULT: {"script":"<script> [1562 bytes]","args":[{"selector":{"controlType":"sap.m.Button","viewName":"etm.portal.ui.managehandovers.view.DetailExecuteHO","i18NText":{"propertyName":"text","key":"confirmAll"},"interaction":{"idSuffix":"inner"}},"wdio_ui5_key":"etmportal.ui.managehandovers.view.DetailExecuteHOsap.m.Button{\"propertyName\":\"text\",\"key\":\"confirmAll\"}"}]}
RESULT: undefined
COMMAND: POST /session/1820fae8a81a1c34ca12c99f5ca4f404/element - {"using":"xpath","value":"//*[@id=\"__button229\"]"}
RESULT: {"using":"xpath","value":"//*[@id=\"__button229\"]"}
COMMAND: POST /session/1820fae8a81a1c34ca12c99f5ca4f404/element/f.043615FDA099A6883ABDD55FCDA43E76.d.ABF142D832D2B052975ADAA7DF6CA441.e.16554/click - {}
RESULT: {}
COMMAND: GET /session/1820fae8a81a1c34ca12c99f5ca4f404/screenshot - {}
RESULT: {}
COMMAND: POST /session/1820fae8a81a1c34ca12c99f5ca4f404/actions - {"actions":[{"id":"action82","type":"key","parameters":{},"actions":[{"type":"keyDown","value":""},{"type":"pause","duration":10},{"type":"keyUp","value":""}]}]}
RESULT: {"actions":[{"id":"action82","type":"key","parameters":{},"actions":[{"type":"keyDown","value":""},{"type":"pause","duration":10},{"type":"keyUp","value":""}]}]}
COMMAND: GET /session/1820fae8a81a1c34ca12c99f5ca4f404/screenshot - {}
RESULT: {}
RESULT: undefined
COMMAND: POST /session/1820fae8a81a1c34ca12c99f5ca4f404/element - {"using":"xpath","value":"//*[@id=\"__button229\"]"}
RESULT: {"using":"xpath","value":"//*[@id=\"__button229\"]"}
COMMAND: POST /session/1820fae8a81a1c34ca12c99f5ca4f404/element/f.043615FDA099A6883ABDD55FCDA43E76.d.ABF142D832D2B052975ADAA7DF6CA441.e.16554/click - {}
RESULT: {}
COMMAND: GET /session/1820fae8a81a1c34ca12c99f5ca4f404/screenshot - {}
RESULT: {}
COMMAND: POST /session/1820fae8a81a1c34ca12c99f5ca4f404/execute/async - {"script":"<script> [1562 bytes]","args":[{"selector":{"controlType":"sap.m.Button","properties":{"text":"OK"},"searchOpenDialogs":true,"interaction":{"idSuffix":"content"}},"wdio_ui5_key":"sapm.Button{\"text\":\"OK\"}"}]}
RESULT: {"script":"<script> [1562 bytes]","args":[{"selector":{"controlType":"sap.m.Button","properties":{"text":"OK"},"searchOpenDialogs":true,"interaction":{"idSuffix":"content"}},"wdio_ui5_key":"sapm.Button{\"text\":\"OK\"}"}]}
RESULT: undefined
COMMAND: POST /session/1820fae8a81a1c34ca12c99f5ca4f404/element - {"using":"xpath","value":"//*[@id=\"__mbox-btn-4\"]"}
RESULT: {"using":"xpath","value":"//*[@id=\"__mbox-btn-4\"]"}
COMMAND: POST /session/1820fae8a81a1c34ca12c99f5ca4f404/element/f.043615FDA099A6883ABDD55FCDA43E76.d.ABF142D832D2B052975ADAA7DF6CA441.e.16563/click - {}
RESULT: {}
COMMAND: GET /session/1820fae8a81a1c34ca12c99f5ca4f404/screenshot - {}
RESULT: {}
COMMAND: POST /session/1820fae8a81a1c34ca12c99f5ca4f404/element - {"using":"xpath","value":"//button[contains(@data-kt ,\"execHoPickFooterButton\")]"}
RESULT: {"using":"xpath","value":"//button[contains(@data-kt ,\"execHoPickFooterButton\")]"}
COMMAND: POST /session/1820fae8a81a1c34ca12c99f5ca4f404/element/f.043615FDA099A6883ABDD55FCDA43E76.d.ABF142D832D2B052975ADAA7DF6CA441.e.16567/click - {}
RESULT: {}
COMMAND: GET /session/1820fae8a81a1c34ca12c99f5ca4f404/screenshot - {}
RESULT: {}
COMMAND: POST /session/1820fae8a81a1c34ca12c99f5ca4f404/refresh - {}
RESULT: {}
COMMAND: GET /session/1820fae8a81a1c34ca12c99f5ca4f404/screenshot - {}
RESULT: {}
COMMAND: POST /session/1820fae8a81a1c34ca12c99f5ca4f404/refresh - {}
RESULT: {}
COMMAND: GET /session/1820fae8a81a1c34ca12c99f5ca4f404/screenshot - {}
RESULT: {}
COMMAND: POST /session/1820fae8a81a1c34ca12c99f5ca4f404/window/fullscreen - {}
RESULT: {}
COMMAND: POST /session/1820fae8a81a1c34ca12c99f5ca4f404/execute/async - {"script":"<script> [189 bytes]","args":[]}
RESULT: {"script":"<script> [189 bytes]","args":[]}
COMMAND: POST /session/1820fae8a81a1c34ca12c99f5ca4f404/execute/async - {"script":"<script> [123 bytes]","args":[]}
RESULT: {"script":"<script> [123 bytes]","args":[]}
COMMAND: POST /session/1820fae8a81a1c34ca12c99f5ca4f404/timeouts - {"script":"<number>"}
RESULT: {"script":"<number>"}
COMMAND: GET /session/1820fae8a81a1c34ca12c99f5ca4f404/timeouts - {}
RESULT: {}
RESULT: undefined
COMMAND: POST /session/1820fae8a81a1c34ca12c99f5ca4f404/execute/async - {"script":"<script> [2676 bytes]","args":[]}
RESULT: {"script":"<script> [2676 bytes]","args":[]}
COMMAND: POST /session/1820fae8a81a1c34ca12c99f5ca4f404/execute/async - {"script":"<script> [2342 bytes]","args":[{"protocol":"http","hostname":"0.0.0.0","path":"/","capabilities":{"browserName":"chrome","goog:chromeOptions":{"binary":"C:\\Program Files\\Google\\Chrome\\Application\\chrome.exe","args":["--start-maximized"]}},"logLevel":"warn","connectionRetryTimeout":120000,"connectionRetryCount":3,"logLevels":{},"enableDirectConnect":true,"strictSSL":true,"_":"65 more keys: [\"cacheDir\",\"port\",\"requestedCapabilities\",\"automationProtocol\",\"baseUrl\",\"waitforInterval\",\"waitforTimeout\",\"onReload\",\"beforeCommand\",\"afterCommand\",\"rootDir\",\"specs\",\"suites\",\"exclude\",\"groupLogsByTestSpec\",\"excludeDriverLogs\",\"bail\",\"framework\",\"reporters\",\"services\",\"maxInstances\",\"maxInstancesPerCapability\",\"injectGlobals\",\"filesToWatch\",\"execArgv\",\"runnerEnv\",\"runner\",\"shard\",\"specFileRetries\",\"specFileRetriesDelay\",\"specFileRetriesDeferred\",\"reporterSyncInterval\",\"reporterSyncTimeout\",\"cucumberFeaturesWithLineNumbers\",\"autoCompileOpts\",\"mochaOpts\",\"jasmineOpts\",\"cucumberOpts\",\"onPrepare\",\"onWorkerStart\",\"onWorkerEnd\",\"before\",\"beforeSession\",\"beforeSuite\",\"beforeHook\",\"beforeTest\",\"afterTest\",\"afterHook\",\"afterSuite\",\"afterSession\",\"after\",\"onComplete\",\"beforeAssertion\",\"afterAssertion\",\"beforeFeature\",\"beforeScenario\",\"beforeStep\",\"afterStep\",\"afterScenario\",\"afterFeature\",\"_\",\"suite\",\"$0\",\"ignoredWorkerServices\",\"wdi5\"]"}]}
RESULT: {"script":"<script> [2342 bytes]","args":[{"protocol":"http","hostname":"0.0.0.0","path":"/","capabilities":{"browserName":"chrome","goog:chromeOptions":{"binary":"C:\\Program Files\\Google\\Chrome\\Application\\chrome.exe","args":["--start-maximized"]}},"logLevel":"warn","connectionRetryTimeout":120000,"connectionRetryCount":3,"logLevels":{},"enableDirectConnect":true,"strictSSL":true,"_":"65 more keys: [\"cacheDir\",\"port\",\"requestedCapabilities\",\"automationProtocol\",\"baseUrl\",\"waitforInterval\",\"waitforTimeout\",\"onReload\",\"beforeCommand\",\"afterCommand\",\"rootDir\",\"specs\",\"suites\",\"exclude\",\"groupLogsByTestSpec\",\"excludeDriverLogs\",\"bail\",\"framework\",\"reporters\",\"services\",\"maxInstances\",\"maxInstancesPerCapability\",\"injectGlobals\",\"filesToWatch\",\"execArgv\",\"runnerEnv\",\"runner\",\"shard\",\"specFileRetries\",\"specFileRetriesDelay\",\"specFileRetriesDeferred\",\"reporterSyncInterval\",\"reporterSyncTimeout\",\"cucumberFeaturesWithLineNumbers\",\"autoCompileOpts\",\"mochaOpts\",\"jasmineOpts\",\"cucumberOpts\",\"onPrepare\",\"onWorkerStart\",\"onWorkerEnd\",\"before\",\"beforeSession\",\"beforeSuite\",\"beforeHook\",\"beforeTest\",\"afterTest\",\"afterHook\",\"afterSuite\",\"afterSession\",\"after\",\"onComplete\",\"beforeAssertion\",\"afterAssertion\",\"beforeFeature\",\"beforeScenario\",\"beforeStep\",\"afterStep\",\"afterScenario\",\"afterFeature\",\"_\",\"suite\",\"$0\",\"ignoredWorkerServices\",\"wdi5\"]"}]}
COMMAND: POST /session/1820fae8a81a1c34ca12c99f5ca4f404/execute/async - {"script":"<script> [21126 bytes]","args":[35000]}
RESULT: {"script":"<script> [21126 bytes]","args":[35000]}
COMMAND: POST /session/1820fae8a81a1c34ca12c99f5ca4f404/execute/async - {"script":"<script> [1562 bytes]","args":[{"selector":{"controlType":"sap.m.SearchField","viewName":"etm.portal.ui.managehandovers.view.MasterHO","bindingPath":{"path":"","propertyPath":"/_BASIC_SEARCH_FIELD","modelName":"fi1t3rM0d31"},"interaction":{"idSuffix":"I"}},"wdio_ui5_key":"etmportal.ui.managehandovers.view.MasterHOsap.m.SearchField{\"path\":\"\",\"propertyPath\":\"/_BASIC_SEARCH_FIELD\",\"modelName\":\"fi1t3rM0d31\"}"}]}
RESULT: {"script":"<script> [1562 bytes]","args":[{"selector":{"controlType":"sap.m.SearchField","viewName":"etm.portal.ui.managehandovers.view.MasterHO","bindingPath":{"path":"","propertyPath":"/_BASIC_SEARCH_FIELD","modelName":"fi1t3rM0d31"},"interaction":{"idSuffix":"I"}},"wdio_ui5_key":"etmportal.ui.managehandovers.view.MasterHOsap.m.SearchField{\"path\":\"\",\"propertyPath\":\"/_BASIC_SEARCH_FIELD\",\"modelName\":\"fi1t3rM0d31\"}"}]}
RESULT: undefined
COMMAND: POST /session/1820fae8a81a1c34ca12c99f5ca4f404/execute/async - {"script":"<script> [776 bytes]","args":[{"enterText":"30991","selector":{"controlType":"sap.m.SearchField","viewName":"etm.portal.ui.managehandovers.view.MasterHO","bindingPath":{"path":"","propertyPath":"/_BASIC_SEARCH_FIELD","modelName":"fi1t3rM0d31"},"interaction":{"idSuffix":"I"}},"clearTextFirst":true,"interactionType":"ENTER_TEXT"}]}
RESULT: {"script":"<script> [776 bytes]","args":[{"enterText":"30991","selector":{"controlType":"sap.m.SearchField","viewName":"etm.portal.ui.managehandovers.view.MasterHO","bindingPath":{"path":"","propertyPath":"/_BASIC_SEARCH_FIELD","modelName":"fi1t3rM0d31"},"interaction":{"idSuffix":"I"}},"clearTextFirst":true,"interactionType":"ENTER_TEXT"}]}
COMMAND: POST /session/1820fae8a81a1c34ca12c99f5ca4f404/actions - {"actions":[{"id":"action83","type":"key","parameters":{},"actions":[{"type":"keyDown","value":""},{"type":"pause","duration":10},{"type":"keyUp","value":""}]}]}
RESULT: {"actions":[{"id":"action83","type":"key","parameters":{},"actions":[{"type":"keyDown","value":""},{"type":"pause","duration":10},{"type":"keyUp","value":""}]}]}
COMMAND: GET /session/1820fae8a81a1c34ca12c99f5ca4f404/screenshot - {}
RESULT: {}
COMMAND: POST /session/1820fae8a81a1c34ca12c99f5ca4f404/execute/async - {"script":"<script> [1562 bytes]","args":[{"selector":{"controlType":"sap.m.Title","viewName":"etm.portal.ui.managehandovers.view.MasterHO","properties":{"text":"Records (1)"}},"wdio_ui5_key":"etmportal.ui.managehandovers.view.MasterHOsap.m.Title{\"text\":\"Records (1)\"}"}]}
RESULT: {"script":"<script> [1562 bytes]","args":[{"selector":{"controlType":"sap.m.Title","viewName":"etm.portal.ui.managehandovers.view.MasterHO","properties":{"text":"Records (1)"}},"wdio_ui5_key":"etmportal.ui.managehandovers.view.MasterHOsap.m.Title{\"text\":\"Records (1)\"}"}]}
RESULT: undefined
COMMAND: POST /session/1820fae8a81a1c34ca12c99f5ca4f404/execute/async - {"script":"<script> [6424 bytes]","args":[{"element-6066-11e4-a52e-4f735466cecf":"f.043615FDA099A6883ABDD55FCDA43E76.d.81E2AC9F4834F0BAA0C21817DBFFEE39.e.17084"},"getText",[]]}
RESULT: {"script":"<script> [6424 bytes]","args":[{"element-6066-11e4-a52e-4f735466cecf":"f.043615FDA099A6883ABDD55FCDA43E76.d.81E2AC9F4834F0BAA0C21817DBFFEE39.e.17084"},"getText",[]]}
COMMAND: POST /session/1820fae8a81a1c34ca12c99f5ca4f404/execute/async - {"script":"<script> [1562 bytes]","args":[{"selector":{"controlType":"sap.ui.core.Icon","viewName":"etm.portal.ui.managehandovers.view.MasterHO","properties":{"src":{"regex":{"source":"slim\\-arrow\\-right"}}}},"wdio_ui5_key":"etmportal.ui.managehandovers.view.MasterHOsap.ui.core.Icon{\"src\":{\"regex\":{\"source\":\"slim\\\\-arrow\\\\-right\"}}}"}]}
RESULT: {"script":"<script> [1562 bytes]","args":[{"selector":{"controlType":"sap.ui.core.Icon","viewName":"etm.portal.ui.managehandovers.view.MasterHO","properties":{"src":{"regex":{"source":"slim\\-arrow\\-right"}}}},"wdio_ui5_key":"etmportal.ui.managehandovers.view.MasterHOsap.ui.core.Icon{\"src\":{\"regex\":{\"source\":\"slim\\\\-arrow\\\\-right\"}}}"}]}
RESULT: undefined
COMMAND: POST /session/1820fae8a81a1c34ca12c99f5ca4f404/element - {"using":"xpath","value":"//*[@id=\"__item17-__clone17-imgNav\"]"}
RESULT: {"using":"xpath","value":"//*[@id=\"__item17-__clone17-imgNav\"]"}
COMMAND: POST /session/1820fae8a81a1c34ca12c99f5ca4f404/element/f.043615FDA099A6883ABDD55FCDA43E76.d.81E2AC9F4834F0BAA0C21817DBFFEE39.e.17083/click - {}
RESULT: {}
COMMAND: GET /session/1820fae8a81a1c34ca12c99f5ca4f404/screenshot - {}
RESULT: {}
COMMAND: POST /session/1820fae8a81a1c34ca12c99f5ca4f404/element - {"using":"xpath","value":"//a[contains(@data-kt ,\"GeneralSectionReceiveContracttLink\")]"}
RESULT: {"using":"xpath","value":"//a[contains(@data-kt ,\"GeneralSectionReceiveContracttLink\")]"}
COMMAND: POST /session/1820fae8a81a1c34ca12c99f5ca4f404/element/f.043615FDA099A6883ABDD55FCDA43E76.d.81E2AC9F4834F0BAA0C21817DBFFEE39.e.17167/click - {}
RESULT: {}
COMMAND: GET /session/1820fae8a81a1c34ca12c99f5ca4f404/screenshot - {}
RESULT: {}
COMMAND: POST /session/1820fae8a81a1c34ca12c99f5ca4f404/element - {"using":"xpath","value":"//a[contains(@data-kt ,\"ContextMenuId2Link\")]"}
RESULT: {"using":"xpath","value":"//a[contains(@data-kt ,\"ContextMenuId2Link\")]"}
COMMAND: POST /session/1820fae8a81a1c34ca12c99f5ca4f404/element/f.043615FDA099A6883ABDD55FCDA43E76.d.81E2AC9F4834F0BAA0C21817DBFFEE39.e.17172/click - {}
RESULT: {}
COMMAND: GET /session/1820fae8a81a1c34ca12c99f5ca4f404/screenshot - {}
RESULT: {}
COMMAND: POST /session/1820fae8a81a1c34ca12c99f5ca4f404/execute/async - {"script":"<script> [1562 bytes]","args":[{"selector":{"controlType":"sap.m.ObjectStatus","viewName":"etm.portal.ui.managecontracts.view.Detail","bindingPath":{"propertyPath":"LINK_TO_LOGISTICAL_STATUS/DESCRIPTION","modelName":"catalogModel"}},"wdio_ui5_key":"etmportal.ui.managecontracts.view.Detailsap.m.ObjectStatus{\"propertyPath\":\"LINK_TO_LOGISTICAL_STATUS/DESCRIPTION\",\"modelName\":\"catalogModel\"}"}]}
RESULT: {"script":"<script> [1562 bytes]","args":[{"selector":{"controlType":"sap.m.ObjectStatus","viewName":"etm.portal.ui.managecontracts.view.Detail","bindingPath":{"propertyPath":"LINK_TO_LOGISTICAL_STATUS/DESCRIPTION","modelName":"catalogModel"}},"wdio_ui5_key":"etmportal.ui.managecontracts.view.Detailsap.m.ObjectStatus{\"propertyPath\":\"LINK_TO_LOGISTICAL_STATUS/DESCRIPTION\",\"modelName\":\"catalogModel\"}"}]}
RESULT: undefined
COMMAND: POST /session/1820fae8a81a1c34ca12c99f5ca4f404/execute/async - {"script":"<script> [6424 bytes]","args":[{"element-6066-11e4-a52e-4f735466cecf":"f.043615FDA099A6883ABDD55FCDA43E76.d.81E2AC9F4834F0BAA0C21817DBFFEE39.e.17371"},"getText",[]]}
RESULT: {"script":"<script> [6424 bytes]","args":[{"element-6066-11e4-a52e-4f735466cecf":"f.043615FDA099A6883ABDD55FCDA43E76.d.81E2AC9F4834F0BAA0C21817DBFFEE39.e.17371"},"getText",[]]}
COMMAND: POST /session/1820fae8a81a1c34ca12c99f5ca4f404/execute/async - {"script":"<script> [1562 bytes]","args":[{"selector":{"controlType":"sap.m.ObjectStatus","viewName":"etm.portal.ui.managecontracts.view.Detail","bindingPath":{"propertyPath":"LINK_TO_COMMERCIAL_STATUS/DESCRIPTION","modelName":"catalogModel"}},"wdio_ui5_key":"etmportal.ui.managecontracts.view.Detailsap.m.ObjectStatus{\"propertyPath\":\"LINK_TO_COMMERCIAL_STATUS/DESCRIPTION\",\"modelName\":\"catalogModel\"}"}]}
RESULT: {"script":"<script> [1562 bytes]","args":[{"selector":{"controlType":"sap.m.ObjectStatus","viewName":"etm.portal.ui.managecontracts.view.Detail","bindingPath":{"propertyPath":"LINK_TO_COMMERCIAL_STATUS/DESCRIPTION","modelName":"catalogModel"}},"wdio_ui5_key":"etmportal.ui.managecontracts.view.Detailsap.m.ObjectStatus{\"propertyPath\":\"LINK_TO_COMMERCIAL_STATUS/DESCRIPTION\",\"modelName\":\"catalogModel\"}"}]}
RESULT: undefined
COMMAND: POST /session/1820fae8a81a1c34ca12c99f5ca4f404/execute/async - {"script":"<script> [6424 bytes]","args":[{"element-6066-11e4-a52e-4f735466cecf":"f.043615FDA099A6883ABDD55FCDA43E76.d.81E2AC9F4834F0BAA0C21817DBFFEE39.e.17372"},"getText",[]]}
RESULT: {"script":"<script> [6424 bytes]","args":[{"element-6066-11e4-a52e-4f735466cecf":"f.043615FDA099A6883ABDD55FCDA43E76.d.81E2AC9F4834F0BAA0C21817DBFFEE39.e.17372"},"getText",[]]}
COMMAND: POST /session/1820fae8a81a1c34ca12c99f5ca4f404/execute/async - {"script":"<script> [1562 bytes]","args":[{"selector":{"id":"backBtn"},"wdio_ui5_key":"backBtn"}]}
RESULT: {"script":"<script> [1562 bytes]","args":[{"selector":{"id":"backBtn"},"wdio_ui5_key":"backBtn"}]}
RESULT: undefined
COMMAND: POST /session/1820fae8a81a1c34ca12c99f5ca4f404/element - {"using":"xpath","value":"//*[@id=\"backBtn\"]"}
RESULT: {"using":"xpath","value":"//*[@id=\"backBtn\"]"}
COMMAND: POST /session/1820fae8a81a1c34ca12c99f5ca4f404/element/f.043615FDA099A6883ABDD55FCDA43E76.d.81E2AC9F4834F0BAA0C21817DBFFEE39.e.17375/click - {}
RESULT: {}
COMMAND: GET /session/1820fae8a81a1c34ca12c99f5ca4f404/screenshot - {}
COMMAND: POST /session/1820fae8a81a1c34ca12c99f5ca4f404/execute/async - {"script":"<script> [1562 bytes]","args":[{"selector":{"controlType":"sap.m.Button","viewName":"etm.portal.ui.managehandovers.view.DetailExecuteHO","i18NText":{"propertyName":"text","key":"confirmAll"},"interaction":{"idSuffix":"BDI-content"}},"wdio_ui5_key":"etmportal.ui.managehandovers.view.DetailExecuteHOsap.m.Button{\"propertyName\":\"text\",\"key\":\"confirmAll\"}"}]}
RESULT: {}
RESULT: {"script":"<script> [1562 bytes]","args":[{"selector":{"controlType":"sap.m.Button","viewName":"etm.portal.ui.managehandovers.view.DetailExecuteHO","i18NText":{"propertyName":"text","key":"confirmAll"},"interaction":{"idSuffix":"BDI-content"}},"wdio_ui5_key":"etmportal.ui.managehandovers.view.DetailExecuteHOsap.m.Button{\"propertyName\":\"text\",\"key\":\"confirmAll\"}"}]}
RESULT: undefined
COMMAND: POST /session/1820fae8a81a1c34ca12c99f5ca4f404/element - {"using":"xpath","value":"//*[@id=\"__button81\"]"}
RESULT: {"using":"xpath","value":"//*[@id=\"__button81\"]"}
COMMAND: POST /session/1820fae8a81a1c34ca12c99f5ca4f404/element/f.043615FDA099A6883ABDD55FCDA43E76.d.81E2AC9F4834F0BAA0C21817DBFFEE39.e.17646/click - {}
RESULT: {}
COMMAND: GET /session/1820fae8a81a1c34ca12c99f5ca4f404/screenshot - {}
RESULT: {}
COMMAND: POST /session/1820fae8a81a1c34ca12c99f5ca4f404/execute/async - {"script":"<script> [1562 bytes]","args":[{"selector":{"controlType":"sap.m.Button","properties":{"text":"OK"},"searchOpenDialogs":true,"interaction":{"idSuffix":"inner"}},"wdio_ui5_key":"sapm.Button{\"text\":\"OK\"}"}]}
RESULT: {"script":"<script> [1562 bytes]","args":[{"selector":{"controlType":"sap.m.Button","properties":{"text":"OK"},"searchOpenDialogs":true,"interaction":{"idSuffix":"inner"}},"wdio_ui5_key":"sapm.Button{\"text\":\"OK\"}"}]}
RESULT: undefined
COMMAND: POST /session/1820fae8a81a1c34ca12c99f5ca4f404/element - {"using":"xpath","value":"//*[@id=\"__mbox-btn-0\"]"}
RESULT: {"using":"xpath","value":"//*[@id=\"__mbox-btn-0\"]"}
COMMAND: POST /session/1820fae8a81a1c34ca12c99f5ca4f404/element/f.043615FDA099A6883ABDD55FCDA43E76.d.81E2AC9F4834F0BAA0C21817DBFFEE39.e.17652/click - {}
RESULT: {}
COMMAND: GET /session/1820fae8a81a1c34ca12c99f5ca4f404/screenshot - {}
RESULT: {}
COMMAND: POST /session/1820fae8a81a1c34ca12c99f5ca4f404/element - {"using":"xpath","value":"//button[contains(@data-kt ,\"execHoIssueFooterButton\")]"}
RESULT: {"using":"xpath","value":"//button[contains(@data-kt ,\"execHoIssueFooterButton\")]"}
COMMAND: POST /session/1820fae8a81a1c34ca12c99f5ca4f404/element/f.043615FDA099A6883ABDD55FCDA43E76.d.81E2AC9F4834F0BAA0C21817DBFFEE39.e.17655/click - {}
RESULT: {}
COMMAND: GET /session/1820fae8a81a1c34ca12c99f5ca4f404/screenshot - {}
RESULT: {}
COMMAND: POST /session/1820fae8a81a1c34ca12c99f5ca4f404/refresh - {}
RESULT: {}
COMMAND: GET /session/1820fae8a81a1c34ca12c99f5ca4f404/screenshot - {}
RESULT: {}
COMMAND: POST /session/1820fae8a81a1c34ca12c99f5ca4f404/refresh - {}
RESULT: {}
COMMAND: GET /session/1820fae8a81a1c34ca12c99f5ca4f404/screenshot - {}
RESULT: {}
COMMAND: POST /session/1820fae8a81a1c34ca12c99f5ca4f404/window/fullscreen - {}
RESULT: {}
COMMAND: POST /session/1820fae8a81a1c34ca12c99f5ca4f404/execute/async - {"script":"<script> [189 bytes]","args":[]}
RESULT: {"script":"<script> [189 bytes]","args":[]}
COMMAND: POST /session/1820fae8a81a1c34ca12c99f5ca4f404/execute/async - {"script":"<script> [123 bytes]","args":[]}
RESULT: {"script":"<script> [123 bytes]","args":[]}
COMMAND: POST /session/1820fae8a81a1c34ca12c99f5ca4f404/timeouts - {"script":"<number>"}
RESULT: {"script":"<number>"}
COMMAND: GET /session/1820fae8a81a1c34ca12c99f5ca4f404/timeouts - {}
RESULT: {}
RESULT: undefined
COMMAND: POST /session/1820fae8a81a1c34ca12c99f5ca4f404/execute/async - {"script":"<script> [2676 bytes]","args":[]}
RESULT: {"script":"<script> [2676 bytes]","args":[]}
COMMAND: POST /session/1820fae8a81a1c34ca12c99f5ca4f404/execute/async - {"script":"<script> [2342 bytes]","args":[{"protocol":"http","hostname":"0.0.0.0","path":"/","capabilities":{"browserName":"chrome","goog:chromeOptions":{"binary":"C:\\Program Files\\Google\\Chrome\\Application\\chrome.exe","args":["--start-maximized"]}},"logLevel":"warn","connectionRetryTimeout":120000,"connectionRetryCount":3,"logLevels":{},"enableDirectConnect":true,"strictSSL":true,"_":"65 more keys: [\"cacheDir\",\"port\",\"requestedCapabilities\",\"automationProtocol\",\"baseUrl\",\"waitforInterval\",\"waitforTimeout\",\"onReload\",\"beforeCommand\",\"afterCommand\",\"rootDir\",\"specs\",\"suites\",\"exclude\",\"groupLogsByTestSpec\",\"excludeDriverLogs\",\"bail\",\"framework\",\"reporters\",\"services\",\"maxInstances\",\"maxInstancesPerCapability\",\"injectGlobals\",\"filesToWatch\",\"execArgv\",\"runnerEnv\",\"runner\",\"shard\",\"specFileRetries\",\"specFileRetriesDelay\",\"specFileRetriesDeferred\",\"reporterSyncInterval\",\"reporterSyncTimeout\",\"cucumberFeaturesWithLineNumbers\",\"autoCompileOpts\",\"mochaOpts\",\"jasmineOpts\",\"cucumberOpts\",\"onPrepare\",\"onWorkerStart\",\"onWorkerEnd\",\"before\",\"beforeSession\",\"beforeSuite\",\"beforeHook\",\"beforeTest\",\"afterTest\",\"afterHook\",\"afterSuite\",\"afterSession\",\"after\",\"onComplete\",\"beforeAssertion\",\"afterAssertion\",\"beforeFeature\",\"beforeScenario\",\"beforeStep\",\"afterStep\",\"afterScenario\",\"afterFeature\",\"_\",\"suite\",\"$0\",\"ignoredWorkerServices\",\"wdi5\"]"}]}
RESULT: {"script":"<script> [2342 bytes]","args":[{"protocol":"http","hostname":"0.0.0.0","path":"/","capabilities":{"browserName":"chrome","goog:chromeOptions":{"binary":"C:\\Program Files\\Google\\Chrome\\Application\\chrome.exe","args":["--start-maximized"]}},"logLevel":"warn","connectionRetryTimeout":120000,"connectionRetryCount":3,"logLevels":{},"enableDirectConnect":true,"strictSSL":true,"_":"65 more keys: [\"cacheDir\",\"port\",\"requestedCapabilities\",\"automationProtocol\",\"baseUrl\",\"waitforInterval\",\"waitforTimeout\",\"onReload\",\"beforeCommand\",\"afterCommand\",\"rootDir\",\"specs\",\"suites\",\"exclude\",\"groupLogsByTestSpec\",\"excludeDriverLogs\",\"bail\",\"framework\",\"reporters\",\"services\",\"maxInstances\",\"maxInstancesPerCapability\",\"injectGlobals\",\"filesToWatch\",\"execArgv\",\"runnerEnv\",\"runner\",\"shard\",\"specFileRetries\",\"specFileRetriesDelay\",\"specFileRetriesDeferred\",\"reporterSyncInterval\",\"reporterSyncTimeout\",\"cucumberFeaturesWithLineNumbers\",\"autoCompileOpts\",\"mochaOpts\",\"jasmineOpts\",\"cucumberOpts\",\"onPrepare\",\"onWorkerStart\",\"onWorkerEnd\",\"before\",\"beforeSession\",\"beforeSuite\",\"beforeHook\",\"beforeTest\",\"afterTest\",\"afterHook\",\"afterSuite\",\"afterSession\",\"after\",\"onComplete\",\"beforeAssertion\",\"afterAssertion\",\"beforeFeature\",\"beforeScenario\",\"beforeStep\",\"afterStep\",\"afterScenario\",\"afterFeature\",\"_\",\"suite\",\"$0\",\"ignoredWorkerServices\",\"wdi5\"]"}]}
COMMAND: POST /session/1820fae8a81a1c34ca12c99f5ca4f404/execute/async - {"script":"<script> [21126 bytes]","args":[35000]}
RESULT: {"script":"<script> [21126 bytes]","args":[35000]}
COMMAND: POST /session/1820fae8a81a1c34ca12c99f5ca4f404/execute/async - {"script":"<script> [1562 bytes]","args":[{"selector":{"controlType":"sap.m.SearchField","viewName":"etm.portal.ui.managehandovers.view.MasterHO","bindingPath":{"path":"","propertyPath":"/_BASIC_SEARCH_FIELD","modelName":"fi1t3rM0d31"},"interaction":{"idSuffix":"I"}},"wdio_ui5_key":"etmportal.ui.managehandovers.view.MasterHOsap.m.SearchField{\"path\":\"\",\"propertyPath\":\"/_BASIC_SEARCH_FIELD\",\"modelName\":\"fi1t3rM0d31\"}"}]}
RESULT: {"script":"<script> [1562 bytes]","args":[{"selector":{"controlType":"sap.m.SearchField","viewName":"etm.portal.ui.managehandovers.view.MasterHO","bindingPath":{"path":"","propertyPath":"/_BASIC_SEARCH_FIELD","modelName":"fi1t3rM0d31"},"interaction":{"idSuffix":"I"}},"wdio_ui5_key":"etmportal.ui.managehandovers.view.MasterHOsap.m.SearchField{\"path\":\"\",\"propertyPath\":\"/_BASIC_SEARCH_FIELD\",\"modelName\":\"fi1t3rM0d31\"}"}]}
RESULT: undefined
COMMAND: POST /session/1820fae8a81a1c34ca12c99f5ca4f404/execute/async - {"script":"<script> [776 bytes]","args":[{"enterText":"30991","selector":{"controlType":"sap.m.SearchField","viewName":"etm.portal.ui.managehandovers.view.MasterHO","bindingPath":{"path":"","propertyPath":"/_BASIC_SEARCH_FIELD","modelName":"fi1t3rM0d31"},"interaction":{"idSuffix":"I"}},"clearTextFirst":true,"interactionType":"ENTER_TEXT"}]}
RESULT: {"script":"<script> [776 bytes]","args":[{"enterText":"30991","selector":{"controlType":"sap.m.SearchField","viewName":"etm.portal.ui.managehandovers.view.MasterHO","bindingPath":{"path":"","propertyPath":"/_BASIC_SEARCH_FIELD","modelName":"fi1t3rM0d31"},"interaction":{"idSuffix":"I"}},"clearTextFirst":true,"interactionType":"ENTER_TEXT"}]}
COMMAND: POST /session/1820fae8a81a1c34ca12c99f5ca4f404/actions - {"actions":[{"id":"action84","type":"key","parameters":{},"actions":[{"type":"keyDown","value":""},{"type":"pause","duration":10},{"type":"keyUp","value":""}]}]}
RESULT: {"actions":[{"id":"action84","type":"key","parameters":{},"actions":[{"type":"keyDown","value":""},{"type":"pause","duration":10},{"type":"keyUp","value":""}]}]}
COMMAND: GET /session/1820fae8a81a1c34ca12c99f5ca4f404/screenshot - {}
RESULT: {}
COMMAND: POST /session/1820fae8a81a1c34ca12c99f5ca4f404/execute/async - {"script":"<script> [1562 bytes]","args":[{"selector":{"controlType":"sap.m.Title","viewName":"etm.portal.ui.managehandovers.view.MasterHO","properties":{"text":"Records (1)"}},"wdio_ui5_key":"etmportal.ui.managehandovers.view.MasterHOsap.m.Title{\"text\":\"Records (1)\"}"}]}
RESULT: {"script":"<script> [1562 bytes]","args":[{"selector":{"controlType":"sap.m.Title","viewName":"etm.portal.ui.managehandovers.view.MasterHO","properties":{"text":"Records (1)"}},"wdio_ui5_key":"etmportal.ui.managehandovers.view.MasterHOsap.m.Title{\"text\":\"Records (1)\"}"}]}
RESULT: undefined
COMMAND: POST /session/1820fae8a81a1c34ca12c99f5ca4f404/execute/async - {"script":"<script> [6424 bytes]","args":[{"element-6066-11e4-a52e-4f735466cecf":"f.043615FDA099A6883ABDD55FCDA43E76.d.B8B5040851B55D73E23E43A362A91C46.e.17987"},"getText",[]]}
RESULT: {"script":"<script> [6424 bytes]","args":[{"element-6066-11e4-a52e-4f735466cecf":"f.043615FDA099A6883ABDD55FCDA43E76.d.B8B5040851B55D73E23E43A362A91C46.e.17987"},"getText",[]]}
COMMAND: POST /session/1820fae8a81a1c34ca12c99f5ca4f404/execute/async - {"script":"<script> [1562 bytes]","args":[{"selector":{"controlType":"sap.ui.core.Icon","viewName":"etm.portal.ui.managehandovers.view.MasterHO","properties":{"src":{"regex":{"source":"slim\\-arrow\\-right"}}}},"wdio_ui5_key":"etmportal.ui.managehandovers.view.MasterHOsap.ui.core.Icon{\"src\":{\"regex\":{\"source\":\"slim\\\\-arrow\\\\-right\"}}}"}]}
RESULT: {"script":"<script> [1562 bytes]","args":[{"selector":{"controlType":"sap.ui.core.Icon","viewName":"etm.portal.ui.managehandovers.view.MasterHO","properties":{"src":{"regex":{"source":"slim\\-arrow\\-right"}}}},"wdio_ui5_key":"etmportal.ui.managehandovers.view.MasterHOsap.ui.core.Icon{\"src\":{\"regex\":{\"source\":\"slim\\\\-arrow\\\\-right\"}}}"}]}
RESULT: undefined
COMMAND: POST /session/1820fae8a81a1c34ca12c99f5ca4f404/element - {"using":"xpath","value":"//*[@id=\"__item29-__clone17-imgNav\"]"}
RESULT: {"using":"xpath","value":"//*[@id=\"__item29-__clone17-imgNav\"]"}
COMMAND: POST /session/1820fae8a81a1c34ca12c99f5ca4f404/element/f.043615FDA099A6883ABDD55FCDA43E76.d.B8B5040851B55D73E23E43A362A91C46.e.17986/click - {}
RESULT: {}
COMMAND: GET /session/1820fae8a81a1c34ca12c99f5ca4f404/screenshot - {}
RESULT: {}
COMMAND: POST /session/1820fae8a81a1c34ca12c99f5ca4f404/execute/async - {"script":"<script> [1562 bytes]","args":[{"selector":{"controlType":"sap.m.ObjectStatus","viewName":"etm.portal.ui.managehandovers.view.DetailExecuteHO","labelFor":{"text":"Status"}},"wdio_ui5_key":"etmportal.ui.managehandovers.view.DetailExecuteHOsap.m.ObjectStatus{\"text\":\"Status\"}"}]}
RESULT: {"script":"<script> [1562 bytes]","args":[{"selector":{"controlType":"sap.m.ObjectStatus","viewName":"etm.portal.ui.managehandovers.view.DetailExecuteHO","labelFor":{"text":"Status"}},"wdio_ui5_key":"etmportal.ui.managehandovers.view.DetailExecuteHOsap.m.ObjectStatus{\"text\":\"Status\"}"}]}
RESULT: undefined
COMMAND: POST /session/1820fae8a81a1c34ca12c99f5ca4f404/execute/async - {"script":"<script> [6424 bytes]","args":[{"element-6066-11e4-a52e-4f735466cecf":"f.043615FDA099A6883ABDD55FCDA43E76.d.B8B5040851B55D73E23E43A362A91C46.e.18076"},"getText",[]]}
RESULT: {"script":"<script> [6424 bytes]","args":[{"element-6066-11e4-a52e-4f735466cecf":"f.043615FDA099A6883ABDD55FCDA43E76.d.B8B5040851B55D73E23E43A362A91C46.e.18076"},"getText",[]]}
COMMAND: POST /session/1820fae8a81a1c34ca12c99f5ca4f404/execute/async - {"script":"<script> [1562 bytes]","args":[{"selector":{"controlType":"sap.m.Button","viewName":"etm.portal.ui.managehandovers.view.DetailExecuteHO","i18NText":{"propertyName":"text","key":"confirmAll"},"interaction":{"idSuffix":"BDI-content"}},"wdio_ui5_key":"etmportal.ui.managehandovers.view.DetailExecuteHOsap.m.Button{\"propertyName\":\"text\",\"key\":\"confirmAll\"}"}]}
RESULT: {"script":"<script> [1562 bytes]","args":[{"selector":{"controlType":"sap.m.Button","viewName":"etm.portal.ui.managehandovers.view.DetailExecuteHO","i18NText":{"propertyName":"text","key":"confirmAll"},"interaction":{"idSuffix":"BDI-content"}},"wdio_ui5_key":"etmportal.ui.managehandovers.view.DetailExecuteHOsap.m.Button{\"propertyName\":\"text\",\"key\":\"confirmAll\"}"}]}
RESULT: undefined
COMMAND: POST /session/1820fae8a81a1c34ca12c99f5ca4f404/element - {"using":"xpath","value":"//*[@id=\"__button29\"]"}
RESULT: {"using":"xpath","value":"//*[@id=\"__button29\"]"}
COMMAND: POST /session/1820fae8a81a1c34ca12c99f5ca4f404/element/f.043615FDA099A6883ABDD55FCDA43E76.d.B8B5040851B55D73E23E43A362A91C46.e.18079/click - {}
RESULT: {}
COMMAND: GET /session/1820fae8a81a1c34ca12c99f5ca4f404/screenshot - {}
RESULT: {}
COMMAND: POST /session/1820fae8a81a1c34ca12c99f5ca4f404/execute/async - {"script":"<script> [1562 bytes]","args":[{"selector":{"controlType":"sap.m.Button","properties":{"text":"OK"},"searchOpenDialogs":true,"interaction":{"idSuffix":"BDI-content"}},"wdio_ui5_key":"sapm.Button{\"text\":\"OK\"}"}]}
RESULT: {"script":"<script> [1562 bytes]","args":[{"selector":{"controlType":"sap.m.Button","properties":{"text":"OK"},"searchOpenDialogs":true,"interaction":{"idSuffix":"BDI-content"}},"wdio_ui5_key":"sapm.Button{\"text\":\"OK\"}"}]}
RESULT: undefined
COMMAND: POST /session/1820fae8a81a1c34ca12c99f5ca4f404/element - {"using":"xpath","value":"//*[@id=\"__mbox-btn-0\"]"}
RESULT: {"using":"xpath","value":"//*[@id=\"__mbox-btn-0\"]"}
COMMAND: POST /session/1820fae8a81a1c34ca12c99f5ca4f404/element/f.043615FDA099A6883ABDD55FCDA43E76.d.B8B5040851B55D73E23E43A362A91C46.e.18080/click - {}
RESULT: {}
COMMAND: GET /session/1820fae8a81a1c34ca12c99f5ca4f404/screenshot - {}
RESULT: {}
COMMAND: POST /session/1820fae8a81a1c34ca12c99f5ca4f404/element - {"using":"xpath","value":"//button[contains(@data-kt ,\"execHoReceiveFooterButton\")]"}
RESULT: {"using":"xpath","value":"//button[contains(@data-kt ,\"execHoReceiveFooterButton\")]"}
COMMAND: POST /session/1820fae8a81a1c34ca12c99f5ca4f404/element/f.043615FDA099A6883ABDD55FCDA43E76.d.B8B5040851B55D73E23E43A362A91C46.e.18043/click - {}
RESULT: {}
COMMAND: GET /session/1820fae8a81a1c34ca12c99f5ca4f404/screenshot - {}
RESULT: {}
COMMAND: POST /session/1820fae8a81a1c34ca12c99f5ca4f404/refresh - {}
RESULT: {}
COMMAND: GET /session/1820fae8a81a1c34ca12c99f5ca4f404/screenshot - {}
RESULT: {}
COMMAND: POST /session/1820fae8a81a1c34ca12c99f5ca4f404/refresh - {}
RESULT: {}
COMMAND: GET /session/1820fae8a81a1c34ca12c99f5ca4f404/screenshot - {}
RESULT: {}
COMMAND: POST /session/1820fae8a81a1c34ca12c99f5ca4f404/window/fullscreen - {}
RESULT: {}
COMMAND: POST /session/1820fae8a81a1c34ca12c99f5ca4f404/execute/async - {"script":"<script> [189 bytes]","args":[]}
RESULT: {"script":"<script> [189 bytes]","args":[]}
COMMAND: POST /session/1820fae8a81a1c34ca12c99f5ca4f404/execute/async - {"script":"<script> [123 bytes]","args":[]}
RESULT: {"script":"<script> [123 bytes]","args":[]}
COMMAND: POST /session/1820fae8a81a1c34ca12c99f5ca4f404/timeouts - {"script":"<number>"}
RESULT: {"script":"<number>"}
COMMAND: GET /session/1820fae8a81a1c34ca12c99f5ca4f404/timeouts - {}
RESULT: {}
RESULT: undefined
COMMAND: POST /session/1820fae8a81a1c34ca12c99f5ca4f404/execute/async - {"script":"<script> [2676 bytes]","args":[]}
RESULT: {"script":"<script> [2676 bytes]","args":[]}
COMMAND: POST /session/1820fae8a81a1c34ca12c99f5ca4f404/execute/async - {"script":"<script> [2342 bytes]","args":[{"protocol":"http","hostname":"0.0.0.0","path":"/","capabilities":{"browserName":"chrome","goog:chromeOptions":{"binary":"C:\\Program Files\\Google\\Chrome\\Application\\chrome.exe","args":["--start-maximized"]}},"logLevel":"warn","connectionRetryTimeout":120000,"connectionRetryCount":3,"logLevels":{},"enableDirectConnect":true,"strictSSL":true,"_":"65 more keys: [\"cacheDir\",\"port\",\"requestedCapabilities\",\"automationProtocol\",\"baseUrl\",\"waitforInterval\",\"waitforTimeout\",\"onReload\",\"beforeCommand\",\"afterCommand\",\"rootDir\",\"specs\",\"suites\",\"exclude\",\"groupLogsByTestSpec\",\"excludeDriverLogs\",\"bail\",\"framework\",\"reporters\",\"services\",\"maxInstances\",\"maxInstancesPerCapability\",\"injectGlobals\",\"filesToWatch\",\"execArgv\",\"runnerEnv\",\"runner\",\"shard\",\"specFileRetries\",\"specFileRetriesDelay\",\"specFileRetriesDeferred\",\"reporterSyncInterval\",\"reporterSyncTimeout\",\"cucumberFeaturesWithLineNumbers\",\"autoCompileOpts\",\"mochaOpts\",\"jasmineOpts\",\"cucumberOpts\",\"onPrepare\",\"onWorkerStart\",\"onWorkerEnd\",\"before\",\"beforeSession\",\"beforeSuite\",\"beforeHook\",\"beforeTest\",\"afterTest\",\"afterHook\",\"afterSuite\",\"afterSession\",\"after\",\"onComplete\",\"beforeAssertion\",\"afterAssertion\",\"beforeFeature\",\"beforeScenario\",\"beforeStep\",\"afterStep\",\"afterScenario\",\"afterFeature\",\"_\",\"suite\",\"$0\",\"ignoredWorkerServices\",\"wdi5\"]"}]}
RESULT: {"script":"<script> [2342 bytes]","args":[{"protocol":"http","hostname":"0.0.0.0","path":"/","capabilities":{"browserName":"chrome","goog:chromeOptions":{"binary":"C:\\Program Files\\Google\\Chrome\\Application\\chrome.exe","args":["--start-maximized"]}},"logLevel":"warn","connectionRetryTimeout":120000,"connectionRetryCount":3,"logLevels":{},"enableDirectConnect":true,"strictSSL":true,"_":"65 more keys: [\"cacheDir\",\"port\",\"requestedCapabilities\",\"automationProtocol\",\"baseUrl\",\"waitforInterval\",\"waitforTimeout\",\"onReload\",\"beforeCommand\",\"afterCommand\",\"rootDir\",\"specs\",\"suites\",\"exclude\",\"groupLogsByTestSpec\",\"excludeDriverLogs\",\"bail\",\"framework\",\"reporters\",\"services\",\"maxInstances\",\"maxInstancesPerCapability\",\"injectGlobals\",\"filesToWatch\",\"execArgv\",\"runnerEnv\",\"runner\",\"shard\",\"specFileRetries\",\"specFileRetriesDelay\",\"specFileRetriesDeferred\",\"reporterSyncInterval\",\"reporterSyncTimeout\",\"cucumberFeaturesWithLineNumbers\",\"autoCompileOpts\",\"mochaOpts\",\"jasmineOpts\",\"cucumberOpts\",\"onPrepare\",\"onWorkerStart\",\"onWorkerEnd\",\"before\",\"beforeSession\",\"beforeSuite\",\"beforeHook\",\"beforeTest\",\"afterTest\",\"afterHook\",\"afterSuite\",\"afterSession\",\"after\",\"onComplete\",\"beforeAssertion\",\"afterAssertion\",\"beforeFeature\",\"beforeScenario\",\"beforeStep\",\"afterStep\",\"afterScenario\",\"afterFeature\",\"_\",\"suite\",\"$0\",\"ignoredWorkerServices\",\"wdi5\"]"}]}
COMMAND: POST /session/1820fae8a81a1c34ca12c99f5ca4f404/execute/async - {"script":"<script> [21126 bytes]","args":[35000]}
RESULT: {"script":"<script> [21126 bytes]","args":[35000]}
COMMAND: POST /session/1820fae8a81a1c34ca12c99f5ca4f404/execute/async - {"script":"<script> [1562 bytes]","args":[{"selector":{"controlType":"sap.m.SearchField","viewName":"etm.portal.ui.managehandovers.view.MasterHO","bindingPath":{"path":"","propertyPath":"/_BASIC_SEARCH_FIELD","modelName":"fi1t3rM0d31"},"interaction":{"idSuffix":"I"}},"wdio_ui5_key":"etmportal.ui.managehandovers.view.MasterHOsap.m.SearchField{\"path\":\"\",\"propertyPath\":\"/_BASIC_SEARCH_FIELD\",\"modelName\":\"fi1t3rM0d31\"}"}]}
RESULT: {"script":"<script> [1562 bytes]","args":[{"selector":{"controlType":"sap.m.SearchField","viewName":"etm.portal.ui.managehandovers.view.MasterHO","bindingPath":{"path":"","propertyPath":"/_BASIC_SEARCH_FIELD","modelName":"fi1t3rM0d31"},"interaction":{"idSuffix":"I"}},"wdio_ui5_key":"etmportal.ui.managehandovers.view.MasterHOsap.m.SearchField{\"path\":\"\",\"propertyPath\":\"/_BASIC_SEARCH_FIELD\",\"modelName\":\"fi1t3rM0d31\"}"}]}
RESULT: undefined
COMMAND: POST /session/1820fae8a81a1c34ca12c99f5ca4f404/execute/async - {"script":"<script> [776 bytes]","args":[{"enterText":"30991","selector":{"controlType":"sap.m.SearchField","viewName":"etm.portal.ui.managehandovers.view.MasterHO","bindingPath":{"path":"","propertyPath":"/_BASIC_SEARCH_FIELD","modelName":"fi1t3rM0d31"},"interaction":{"idSuffix":"I"}},"clearTextFirst":true,"interactionType":"ENTER_TEXT"}]}
RESULT: {"script":"<script> [776 bytes]","args":[{"enterText":"30991","selector":{"controlType":"sap.m.SearchField","viewName":"etm.portal.ui.managehandovers.view.MasterHO","bindingPath":{"path":"","propertyPath":"/_BASIC_SEARCH_FIELD","modelName":"fi1t3rM0d31"},"interaction":{"idSuffix":"I"}},"clearTextFirst":true,"interactionType":"ENTER_TEXT"}]}
COMMAND: POST /session/1820fae8a81a1c34ca12c99f5ca4f404/actions - {"actions":[{"id":"action85","type":"key","parameters":{},"actions":[{"type":"keyDown","value":""},{"type":"pause","duration":10},{"type":"keyUp","value":""}]}]}
RESULT: {"actions":[{"id":"action85","type":"key","parameters":{},"actions":[{"type":"keyDown","value":""},{"type":"pause","duration":10},{"type":"keyUp","value":""}]}]}
COMMAND: GET /session/1820fae8a81a1c34ca12c99f5ca4f404/screenshot - {}
RESULT: {}
COMMAND: POST /session/1820fae8a81a1c34ca12c99f5ca4f404/execute/async - {"script":"<script> [1562 bytes]","args":[{"selector":{"controlType":"sap.m.Title","viewName":"etm.portal.ui.managehandovers.view.MasterHO","properties":{"text":"Records (1)"}},"wdio_ui5_key":"etmportal.ui.managehandovers.view.MasterHOsap.m.Title{\"text\":\"Records (1)\"}"}]}
RESULT: {"script":"<script> [1562 bytes]","args":[{"selector":{"controlType":"sap.m.Title","viewName":"etm.portal.ui.managehandovers.view.MasterHO","properties":{"text":"Records (1)"}},"wdio_ui5_key":"etmportal.ui.managehandovers.view.MasterHOsap.m.Title{\"text\":\"Records (1)\"}"}]}
RESULT: undefined
COMMAND: POST /session/1820fae8a81a1c34ca12c99f5ca4f404/execute/async - {"script":"<script> [6424 bytes]","args":[{"element-6066-11e4-a52e-4f735466cecf":"f.043615FDA099A6883ABDD55FCDA43E76.d.9A6EDD8E2C977DF47EBF5F6B902A7E76.e.18258"},"getText",[]]}
RESULT: {"script":"<script> [6424 bytes]","args":[{"element-6066-11e4-a52e-4f735466cecf":"f.043615FDA099A6883ABDD55FCDA43E76.d.9A6EDD8E2C977DF47EBF5F6B902A7E76.e.18258"},"getText",[]]}
COMMAND: POST /session/1820fae8a81a1c34ca12c99f5ca4f404/execute/async - {"script":"<script> [1562 bytes]","args":[{"selector":{"controlType":"sap.ui.core.Icon","viewName":"etm.portal.ui.managehandovers.view.MasterHO","properties":{"src":{"regex":{"source":"slim\\-arrow\\-right"}}}},"wdio_ui5_key":"etmportal.ui.managehandovers.view.MasterHOsap.ui.core.Icon{\"src\":{\"regex\":{\"source\":\"slim\\\\-arrow\\\\-right\"}}}"}]}
RESULT: {"script":"<script> [1562 bytes]","args":[{"selector":{"controlType":"sap.ui.core.Icon","viewName":"etm.portal.ui.managehandovers.view.MasterHO","properties":{"src":{"regex":{"source":"slim\\-arrow\\-right"}}}},"wdio_ui5_key":"etmportal.ui.managehandovers.view.MasterHOsap.ui.core.Icon{\"src\":{\"regex\":{\"source\":\"slim\\\\-arrow\\\\-right\"}}}"}]}
RESULT: undefined
COMMAND: POST /session/1820fae8a81a1c34ca12c99f5ca4f404/element - {"using":"xpath","value":"//*[@id=\"__item29-__clone17-imgNav\"]"}
RESULT: {"using":"xpath","value":"//*[@id=\"__item29-__clone17-imgNav\"]"}
COMMAND: POST /session/1820fae8a81a1c34ca12c99f5ca4f404/element/f.043615FDA099A6883ABDD55FCDA43E76.d.9A6EDD8E2C977DF47EBF5F6B902A7E76.e.18257/click - {}
RESULT: {}
COMMAND: GET /session/1820fae8a81a1c34ca12c99f5ca4f404/screenshot - {}
RESULT: {}
COMMAND: POST /session/1820fae8a81a1c34ca12c99f5ca4f404/execute/async - {"script":"<script> [1562 bytes]","args":[{"selector":{"controlType":"sap.m.ObjectStatus","viewName":"etm.portal.ui.managehandovers.view.DetailManageHO","viewId":"application-managehandovers-display-component---detailManageHO","labelFor":{"text":"Status"}},"wdio_ui5_key":"etmportal.ui.managehandovers.view.DetailManageHOsap.m.ObjectStatus{\"text\":\"Status\"}"}]}
RESULT: {"script":"<script> [1562 bytes]","args":[{"selector":{"controlType":"sap.m.ObjectStatus","viewName":"etm.portal.ui.managehandovers.view.DetailManageHO","viewId":"application-managehandovers-display-component---detailManageHO","labelFor":{"text":"Status"}},"wdio_ui5_key":"etmportal.ui.managehandovers.view.DetailManageHOsap.m.ObjectStatus{\"text\":\"Status\"}"}]}
RESULT: undefined
COMMAND: POST /session/1820fae8a81a1c34ca12c99f5ca4f404/execute/async - {"script":"<script> [6424 bytes]","args":[{"element-6066-11e4-a52e-4f735466cecf":"f.043615FDA099A6883ABDD55FCDA43E76.d.9A6EDD8E2C977DF47EBF5F6B902A7E76.e.18344"},"getText",[]]}
RESULT: {"script":"<script> [6424 bytes]","args":[{"element-6066-11e4-a52e-4f735466cecf":"f.043615FDA099A6883ABDD55FCDA43E76.d.9A6EDD8E2C977DF47EBF5F6B902A7E76.e.18344"},"getText",[]]}
COMMAND: POST /session/1820fae8a81a1c34ca12c99f5ca4f404/element - {"using":"xpath","value":"//a[contains(@data-kt ,\"GeneralSectionReceiveContracttLink\")]"}
RESULT: {"using":"xpath","value":"//a[contains(@data-kt ,\"GeneralSectionReceiveContracttLink\")]"}
COMMAND: POST /session/1820fae8a81a1c34ca12c99f5ca4f404/element/f.043615FDA099A6883ABDD55FCDA43E76.d.9A6EDD8E2C977DF47EBF5F6B902A7E76.e.18345/click - {}
RESULT: {}
COMMAND: GET /session/1820fae8a81a1c34ca12c99f5ca4f404/screenshot - {}
RESULT: {}
COMMAND: POST /session/1820fae8a81a1c34ca12c99f5ca4f404/element - {"using":"xpath","value":"//a[contains(@data-kt ,\"ContextMenuId2Link\")]"}
RESULT: {"using":"xpath","value":"//a[contains(@data-kt ,\"ContextMenuId2Link\")]"}
COMMAND: POST /session/1820fae8a81a1c34ca12c99f5ca4f404/element/f.043615FDA099A6883ABDD55FCDA43E76.d.9A6EDD8E2C977DF47EBF5F6B902A7E76.e.18348/click - {}
RESULT: {}
COMMAND: GET /session/1820fae8a81a1c34ca12c99f5ca4f404/screenshot - {}
RESULT: {}
COMMAND: POST /session/1820fae8a81a1c34ca12c99f5ca4f404/execute/async - {"script":"<script> [1562 bytes]","args":[{"selector":{"controlType":"sap.m.ObjectStatus","viewName":"etm.portal.ui.managecontracts.view.Detail","bindingPath":{"propertyPath":"LINK_TO_LOGISTICAL_STATUS/DESCRIPTION","modelName":"catalogModel"}},"wdio_ui5_key":"etmportal.ui.managecontracts.view.Detailsap.m.ObjectStatus{\"propertyPath\":\"LINK_TO_LOGISTICAL_STATUS/DESCRIPTION\",\"modelName\":\"catalogModel\"}"}]}
RESULT: {"script":"<script> [1562 bytes]","args":[{"selector":{"controlType":"sap.m.ObjectStatus","viewName":"etm.portal.ui.managecontracts.view.Detail","bindingPath":{"propertyPath":"LINK_TO_LOGISTICAL_STATUS/DESCRIPTION","modelName":"catalogModel"}},"wdio_ui5_key":"etmportal.ui.managecontracts.view.Detailsap.m.ObjectStatus{\"propertyPath\":\"LINK_TO_LOGISTICAL_STATUS/DESCRIPTION\",\"modelName\":\"catalogModel\"}"}]}
RESULT: undefined
COMMAND: POST /session/1820fae8a81a1c34ca12c99f5ca4f404/execute/async - {"script":"<script> [6424 bytes]","args":[{"element-6066-11e4-a52e-4f735466cecf":"f.043615FDA099A6883ABDD55FCDA43E76.d.9A6EDD8E2C977DF47EBF5F6B902A7E76.e.18584"},"getText",[]]}
RESULT: {"script":"<script> [6424 bytes]","args":[{"element-6066-11e4-a52e-4f735466cecf":"f.043615FDA099A6883ABDD55FCDA43E76.d.9A6EDD8E2C977DF47EBF5F6B902A7E76.e.18584"},"getText",[]]}
COMMAND: POST /session/1820fae8a81a1c34ca12c99f5ca4f404/execute/async - {"script":"<script> [1562 bytes]","args":[{"selector":{"controlType":"sap.m.ObjectStatus","viewName":"etm.portal.ui.managecontracts.view.Detail","bindingPath":{"propertyPath":"LINK_TO_COMMERCIAL_STATUS/DESCRIPTION","modelName":"catalogModel"}},"wdio_ui5_key":"etmportal.ui.managecontracts.view.Detailsap.m.ObjectStatus{\"propertyPath\":\"LINK_TO_COMMERCIAL_STATUS/DESCRIPTION\",\"modelName\":\"catalogModel\"}"}]}
RESULT: {"script":"<script> [1562 bytes]","args":[{"selector":{"controlType":"sap.m.ObjectStatus","viewName":"etm.portal.ui.managecontracts.view.Detail","bindingPath":{"propertyPath":"LINK_TO_COMMERCIAL_STATUS/DESCRIPTION","modelName":"catalogModel"}},"wdio_ui5_key":"etmportal.ui.managecontracts.view.Detailsap.m.ObjectStatus{\"propertyPath\":\"LINK_TO_COMMERCIAL_STATUS/DESCRIPTION\",\"modelName\":\"catalogModel\"}"}]}
RESULT: undefined
COMMAND: POST /session/1820fae8a81a1c34ca12c99f5ca4f404/execute/async - {"script":"<script> [6424 bytes]","args":[{"element-6066-11e4-a52e-4f735466cecf":"f.043615FDA099A6883ABDD55FCDA43E76.d.9A6EDD8E2C977DF47EBF5F6B902A7E76.e.18585"},"getText",[]]}
RESULT: {"script":"<script> [6424 bytes]","args":[{"element-6066-11e4-a52e-4f735466cecf":"f.043615FDA099A6883ABDD55FCDA43E76.d.9A6EDD8E2C977DF47EBF5F6B902A7E76.e.18585"},"getText",[]]}
]]></system-out>
    </testcase>
    <testcase classname="chrome.136_0_7103_93.windows.E2E_-_Logistical_and_commercial_statuses" name="It should follow the handover steps to the status fully returned" time="251.839">
      <system-out><![CDATA[
COMMAND: POST /session/1820fae8a81a1c34ca12c99f5ca4f404/execute/async - {"script":"<script> [1562 bytes]","args":[{"selector":{"id":"contractDetailReturnButton","viewName":"etm.portal.ui.managecontracts.view.Detail","interaction":{"idSuffix":"BDI-content"}},"wdio_ui5_key":"contractDetailReturnButtonetmportal.ui.managecontracts.view.Detail"}]}
RESULT: {"script":"<script> [1562 bytes]","args":[{"selector":{"id":"contractDetailReturnButton","viewName":"etm.portal.ui.managecontracts.view.Detail","interaction":{"idSuffix":"BDI-content"}},"wdio_ui5_key":"contractDetailReturnButtonetmportal.ui.managecontracts.view.Detail"}]}
RESULT: undefined
COMMAND: POST /session/1820fae8a81a1c34ca12c99f5ca4f404/element - {"using":"xpath","value":"//*[@id=\"__xmlview2--contractDetailReturnButton\"]"}
RESULT: {"using":"xpath","value":"//*[@id=\"__xmlview2--contractDetailReturnButton\"]"}
COMMAND: POST /session/1820fae8a81a1c34ca12c99f5ca4f404/element/f.043615FDA099A6883ABDD55FCDA43E76.d.9A6EDD8E2C977DF47EBF5F6B902A7E76.e.18457/click - {}
RESULT: {}
COMMAND: POST /session/1820fae8a81a1c34ca12c99f5ca4f404/execute/async - {"script":"<script> [1562 bytes]","args":[{"selector":{"id":"application-managehandovers-display-component---AddNewHO--dueDate","interaction":{"idSuffix":"inner"}},"wdio_ui5_key":"applicationmanagehandovers-display-component---AddNewHO--dueDate"}]}
COMMAND: GET /session/1820fae8a81a1c34ca12c99f5ca4f404/screenshot - {}
RESULT: {"script":"<script> [1562 bytes]","args":[{"selector":{"id":"application-managehandovers-display-component---AddNewHO--dueDate","interaction":{"idSuffix":"inner"}},"wdio_ui5_key":"applicationmanagehandovers-display-component---AddNewHO--dueDate"}]}
RESULT: undefined
COMMAND: POST /session/1820fae8a81a1c34ca12c99f5ca4f404/execute/async - {"script":"<script> [776 bytes]","args":[{"enterText":"05/21/25","selector":{"id":"application-managehandovers-display-component---AddNewHO--dueDate","interaction":{"idSuffix":"inner"}},"clearTextFirst":true,"interactionType":"ENTER_TEXT"}]}
RESULT: {}
RESULT: {"script":"<script> [776 bytes]","args":[{"enterText":"05/21/25","selector":{"id":"application-managehandovers-display-component---AddNewHO--dueDate","interaction":{"idSuffix":"inner"}},"clearTextFirst":true,"interactionType":"ENTER_TEXT"}]}
COMMAND: POST /session/1820fae8a81a1c34ca12c99f5ca4f404/element - {"using":"xpath","value":"//bdi[contains(@id ,\"application-managehandovers-display-component---AddNewHO--ObjectPageLayout-anchBar-application-managehandovers-display-component---AddNewHO--section4-anchor-BDI-content\")]"}
RESULT: {"using":"xpath","value":"//bdi[contains(@id ,\"application-managehandovers-display-component---AddNewHO--ObjectPageLayout-anchBar-application-managehandovers-display-component---AddNewHO--section4-anchor-BDI-content\")]"}
COMMAND: POST /session/1820fae8a81a1c34ca12c99f5ca4f404/element/f.043615FDA099A6883ABDD55FCDA43E76.d.9A6EDD8E2C977DF47EBF5F6B902A7E76.e.18900/click - {}
RESULT: {}
COMMAND: GET /session/1820fae8a81a1c34ca12c99f5ca4f404/screenshot - {}
RESULT: {}
COMMAND: POST /session/1820fae8a81a1c34ca12c99f5ca4f404/element - {"using":"xpath","value":"//button[contains(@data-kt ,\"AddNewHOProvideAddItemsButton\")]"}
RESULT: {"using":"xpath","value":"//button[contains(@data-kt ,\"AddNewHOProvideAddItemsButton\")]"}
COMMAND: POST /session/1820fae8a81a1c34ca12c99f5ca4f404/element/f.043615FDA099A6883ABDD55FCDA43E76.d.9A6EDD8E2C977DF47EBF5F6B902A7E76.e.18903/click - {}
RESULT: {}
COMMAND: GET /session/1820fae8a81a1c34ca12c99f5ca4f404/screenshot - {}
RESULT: {}
COMMAND: POST /session/1820fae8a81a1c34ca12c99f5ca4f404/execute/async - {"script":"<script> [1562 bytes]","args":[{"selector":{"id":"application-managehandovers-display-component---AddNewHO--popup-sa","searchOpenDialogs":true,"interaction":{"idSuffix":"CbBg"}},"wdio_ui5_key":"applicationmanagehandovers-display-component---AddNewHO--popup-sa"}]}
RESULT: {"script":"<script> [1562 bytes]","args":[{"selector":{"id":"application-managehandovers-display-component---AddNewHO--popup-sa","searchOpenDialogs":true,"interaction":{"idSuffix":"CbBg"}},"wdio_ui5_key":"applicationmanagehandovers-display-component---AddNewHO--popup-sa"}]}
RESULT: undefined
COMMAND: POST /session/1820fae8a81a1c34ca12c99f5ca4f404/element - {"using":"xpath","value":"//*[@id=\"application-managehandovers-display-component---AddNewHO--popup-sa\"]"}
RESULT: {"using":"xpath","value":"//*[@id=\"application-managehandovers-display-component---AddNewHO--popup-sa\"]"}
COMMAND: POST /session/1820fae8a81a1c34ca12c99f5ca4f404/element/f.043615FDA099A6883ABDD55FCDA43E76.d.9A6EDD8E2C977DF47EBF5F6B902A7E76.e.18919/click - {}
RESULT: {}
COMMAND: POST /session/1820fae8a81a1c34ca12c99f5ca4f404/execute/async - {"script":"<script> [1562 bytes]","args":[{"selector":{"controlType":"sap.m.Button","viewName":"etm.portal.ui.managehandovers.view.AddNewHO","viewId":"application-managehandovers-display-component---AddNewHO","i18NText":{"propertyName":"text","key":"select"},"searchOpenDialogs":true,"interaction":{"idSuffix":"BDI-content"}},"wdio_ui5_key":"etmportal.ui.managehandovers.view.AddNewHOsap.m.Button{\"propertyName\":\"text\",\"key\":\"select\"}"}]}
COMMAND: GET /session/1820fae8a81a1c34ca12c99f5ca4f404/screenshot - {}
RESULT: {"script":"<script> [1562 bytes]","args":[{"selector":{"controlType":"sap.m.Button","viewName":"etm.portal.ui.managehandovers.view.AddNewHO","viewId":"application-managehandovers-display-component---AddNewHO","i18NText":{"propertyName":"text","key":"select"},"searchOpenDialogs":true,"interaction":{"idSuffix":"BDI-content"}},"wdio_ui5_key":"etmportal.ui.managehandovers.view.AddNewHOsap.m.Button{\"propertyName\":\"text\",\"key\":\"select\"}"}]}
RESULT: undefined
COMMAND: POST /session/1820fae8a81a1c34ca12c99f5ca4f404/element - {"using":"xpath","value":"//*[@id=\"__button56\"]"}
RESULT: {}
RESULT: {"using":"xpath","value":"//*[@id=\"__button56\"]"}
COMMAND: POST /session/1820fae8a81a1c34ca12c99f5ca4f404/element/f.043615FDA099A6883ABDD55FCDA43E76.d.9A6EDD8E2C977DF47EBF5F6B902A7E76.e.18922/click - {}
RESULT: {}
COMMAND: GET /session/1820fae8a81a1c34ca12c99f5ca4f404/screenshot - {}
RESULT: {}
COMMAND: POST /session/1820fae8a81a1c34ca12c99f5ca4f404/execute/async - {"script":"<script> [1562 bytes]","args":[{"selector":{"id":"application-managehandovers-display-component---AddNewHO--confirmCreationButton","interaction":{"idSuffix":"BDI-content"}},"wdio_ui5_key":"applicationmanagehandovers-display-component---AddNewHO--confirmCreationButton"}]}
RESULT: {"script":"<script> [1562 bytes]","args":[{"selector":{"id":"application-managehandovers-display-component---AddNewHO--confirmCreationButton","interaction":{"idSuffix":"BDI-content"}},"wdio_ui5_key":"applicationmanagehandovers-display-component---AddNewHO--confirmCreationButton"}]}
RESULT: undefined
COMMAND: POST /session/1820fae8a81a1c34ca12c99f5ca4f404/element - {"using":"xpath","value":"//*[@id=\"application-managehandovers-display-component---AddNewHO--confirmCreationButton\"]"}
RESULT: {"using":"xpath","value":"//*[@id=\"application-managehandovers-display-component---AddNewHO--confirmCreationButton\"]"}
COMMAND: POST /session/1820fae8a81a1c34ca12c99f5ca4f404/element/f.043615FDA099A6883ABDD55FCDA43E76.d.9A6EDD8E2C977DF47EBF5F6B902A7E76.e.18707/click - {}
RESULT: {}
COMMAND: GET /session/1820fae8a81a1c34ca12c99f5ca4f404/screenshot - {}
RESULT: {}
COMMAND: POST /session/1820fae8a81a1c34ca12c99f5ca4f404/execute/async - {"script":"<script> [1562 bytes]","args":[{"selector":{"controlType":"sap.m.Text","viewName":"etm.portal.ui.managehandovers.view.DetailExecuteHO","bindingPath":{"propertyPath":"NO","modelName":"catalogModel"}},"wdio_ui5_key":"etmportal.ui.managehandovers.view.DetailExecuteHOsap.m.Text{\"propertyPath\":\"NO\",\"modelName\":\"catalogModel\"}"}]}
RESULT: {"script":"<script> [1562 bytes]","args":[{"selector":{"controlType":"sap.m.Text","viewName":"etm.portal.ui.managehandovers.view.DetailExecuteHO","bindingPath":{"propertyPath":"NO","modelName":"catalogModel"}},"wdio_ui5_key":"etmportal.ui.managehandovers.view.DetailExecuteHOsap.m.Text{\"propertyPath\":\"NO\",\"modelName\":\"catalogModel\"}"}]}
RESULT: undefined
COMMAND: POST /session/1820fae8a81a1c34ca12c99f5ca4f404/execute/async - {"script":"<script> [6424 bytes]","args":[{"element-6066-11e4-a52e-4f735466cecf":"f.043615FDA099A6883ABDD55FCDA43E76.d.9A6EDD8E2C977DF47EBF5F6B902A7E76.e.18975"},"getText",[]]}
RESULT: {"script":"<script> [6424 bytes]","args":[{"element-6066-11e4-a52e-4f735466cecf":"f.043615FDA099A6883ABDD55FCDA43E76.d.9A6EDD8E2C977DF47EBF5F6B902A7E76.e.18975"},"getText",[]]}
COMMAND: POST /session/1820fae8a81a1c34ca12c99f5ca4f404/element - {"using":"xpath","value":"//a[contains(@data-kt ,\"GeneralSectionSendContractLink\")]"}
RESULT: {"using":"xpath","value":"//a[contains(@data-kt ,\"GeneralSectionSendContractLink\")]"}
COMMAND: POST /session/1820fae8a81a1c34ca12c99f5ca4f404/element/f.043615FDA099A6883ABDD55FCDA43E76.d.9A6EDD8E2C977DF47EBF5F6B902A7E76.e.18976/click - {}
RESULT: {}
COMMAND: GET /session/1820fae8a81a1c34ca12c99f5ca4f404/screenshot - {}
RESULT: {}
COMMAND: POST /session/1820fae8a81a1c34ca12c99f5ca4f404/element - {"using":"xpath","value":"//a[contains(@data-kt ,\"ContextMenuId2Link\")]"}
RESULT: {"using":"xpath","value":"//a[contains(@data-kt ,\"ContextMenuId2Link\")]"}
COMMAND: POST /session/1820fae8a81a1c34ca12c99f5ca4f404/elements - {"using":"xpath","value":"//a[contains(@data-kt ,\"ContextMenuId2Link\")]"}
RESULT: {"using":"xpath","value":"//a[contains(@data-kt ,\"ContextMenuId2Link\")]"}
COMMAND: POST /session/1820fae8a81a1c34ca12c99f5ca4f404/element/f.043615FDA099A6883ABDD55FCDA43E76.d.9A6EDD8E2C977DF47EBF5F6B902A7E76.e.18980/click - {}
RESULT: {}
COMMAND: GET /session/1820fae8a81a1c34ca12c99f5ca4f404/screenshot - {}
RESULT: {}
COMMAND: POST /session/1820fae8a81a1c34ca12c99f5ca4f404/execute/async - {"script":"<script> [1562 bytes]","args":[{"selector":{"controlType":"sap.m.Link","viewName":"etm.portal.ui.managehandovers.view.DetailExecuteHO","properties":{"text":"Contract Overview"},"searchOpenDialogs":true},"wdio_ui5_key":"etmportal.ui.managehandovers.view.DetailExecuteHOsap.m.Link{\"text\":\"Contract Overview\"}"}]}
RESULT: {"script":"<script> [1562 bytes]","args":[{"selector":{"controlType":"sap.m.Link","viewName":"etm.portal.ui.managehandovers.view.DetailExecuteHO","properties":{"text":"Contract Overview"},"searchOpenDialogs":true},"wdio_ui5_key":"etmportal.ui.managehandovers.view.DetailExecuteHOsap.m.Link{\"text\":\"Contract Overview\"}"}]}
RESULT: undefined
RESULT: undefined
COMMAND: POST /session/1820fae8a81a1c34ca12c99f5ca4f404/execute/async - {"script":"<script> [6424 bytes]","args":[{"element-6066-11e4-a52e-4f735466cecf":"f.043615FDA099A6883ABDD55FCDA43E76.d.9A6EDD8E2C977DF47EBF5F6B902A7E76.e.18584"},"getText",[]]}
COMMAND: POST /session/1820fae8a81a1c34ca12c99f5ca4f404/execute/async - {"script":"<script> [1562 bytes]","args":[{"selector":{"controlType":"sap.m.ObjectStatus","viewName":"etm.portal.ui.managecontracts.view.Detail","bindingPath":{"propertyPath":"LINK_TO_LOGISTICAL_STATUS/DESCRIPTION","modelName":"catalogModel"}},"wdio_ui5_key":"etmportal.ui.managecontracts.view.Detailsap.m.ObjectStatus{\"propertyPath\":\"LINK_TO_LOGISTICAL_STATUS/DESCRIPTION\",\"modelName\":\"catalogModel\"}"}]}
RESULT: {"script":"<script> [1562 bytes]","args":[{"selector":{"controlType":"sap.m.ObjectStatus","viewName":"etm.portal.ui.managecontracts.view.Detail","bindingPath":{"propertyPath":"LINK_TO_LOGISTICAL_STATUS/DESCRIPTION","modelName":"catalogModel"}},"wdio_ui5_key":"etmportal.ui.managecontracts.view.Detailsap.m.ObjectStatus{\"propertyPath\":\"LINK_TO_LOGISTICAL_STATUS/DESCRIPTION\",\"modelName\":\"catalogModel\"}"}]}
COMMAND: POST /session/1820fae8a81a1c34ca12c99f5ca4f404/execute/async - {"script":"<script> [6424 bytes]","args":[{"element-6066-11e4-a52e-4f735466cecf":"f.043615FDA099A6883ABDD55FCDA43E76.d.9A6EDD8E2C977DF47EBF5F6B902A7E76.e.19217"},"getText",[]]}
RESULT: {"script":"<script> [6424 bytes]","args":[{"element-6066-11e4-a52e-4f735466cecf":"f.043615FDA099A6883ABDD55FCDA43E76.d.9A6EDD8E2C977DF47EBF5F6B902A7E76.e.19217"},"getText",[]]}
RESULT: undefined
COMMAND: POST /session/1820fae8a81a1c34ca12c99f5ca4f404/execute/async - {"script":"<script> [6424 bytes]","args":[{"element-6066-11e4-a52e-4f735466cecf":"f.043615FDA099A6883ABDD55FCDA43E76.d.9A6EDD8E2C977DF47EBF5F6B902A7E76.e.18585"},"getText",[]]}
COMMAND: POST /session/1820fae8a81a1c34ca12c99f5ca4f404/execute/async - {"script":"<script> [1562 bytes]","args":[{"selector":{"controlType":"sap.m.ObjectStatus","viewName":"etm.portal.ui.managecontracts.view.Detail","bindingPath":{"propertyPath":"LINK_TO_COMMERCIAL_STATUS/DESCRIPTION","modelName":"catalogModel"}},"wdio_ui5_key":"etmportal.ui.managecontracts.view.Detailsap.m.ObjectStatus{\"propertyPath\":\"LINK_TO_COMMERCIAL_STATUS/DESCRIPTION\",\"modelName\":\"catalogModel\"}"}]}
RESULT: {"script":"<script> [1562 bytes]","args":[{"selector":{"controlType":"sap.m.ObjectStatus","viewName":"etm.portal.ui.managecontracts.view.Detail","bindingPath":{"propertyPath":"LINK_TO_COMMERCIAL_STATUS/DESCRIPTION","modelName":"catalogModel"}},"wdio_ui5_key":"etmportal.ui.managecontracts.view.Detailsap.m.ObjectStatus{\"propertyPath\":\"LINK_TO_COMMERCIAL_STATUS/DESCRIPTION\",\"modelName\":\"catalogModel\"}"}]}
COMMAND: POST /session/1820fae8a81a1c34ca12c99f5ca4f404/execute/async - {"script":"<script> [6424 bytes]","args":[{"element-6066-11e4-a52e-4f735466cecf":"f.043615FDA099A6883ABDD55FCDA43E76.d.9A6EDD8E2C977DF47EBF5F6B902A7E76.e.19218"},"getText",[]]}
RESULT: {"script":"<script> [6424 bytes]","args":[{"element-6066-11e4-a52e-4f735466cecf":"f.043615FDA099A6883ABDD55FCDA43E76.d.9A6EDD8E2C977DF47EBF5F6B902A7E76.e.19218"},"getText",[]]}
COMMAND: POST /session/1820fae8a81a1c34ca12c99f5ca4f404/execute/async - {"script":"<script> [1562 bytes]","args":[{"selector":{"id":"backBtn"},"wdio_ui5_key":"backBtn"}]}
RESULT: {"script":"<script> [1562 bytes]","args":[{"selector":{"id":"backBtn"},"wdio_ui5_key":"backBtn"}]}
RESULT: undefined
COMMAND: POST /session/1820fae8a81a1c34ca12c99f5ca4f404/element - {"using":"xpath","value":"//*[@id=\"backBtn\"]"}
RESULT: {"using":"xpath","value":"//*[@id=\"backBtn\"]"}
COMMAND: POST /session/1820fae8a81a1c34ca12c99f5ca4f404/element/f.043615FDA099A6883ABDD55FCDA43E76.d.9A6EDD8E2C977DF47EBF5F6B902A7E76.e.19219/click - {}
RESULT: {}
COMMAND: GET /session/1820fae8a81a1c34ca12c99f5ca4f404/screenshot - {}
RESULT: {}
COMMAND: POST /session/1820fae8a81a1c34ca12c99f5ca4f404/element - {"using":"xpath","value":"//input[contains(@id ,\"issueDatePicker-inner\")]"}
RESULT: {"using":"xpath","value":"//input[contains(@id ,\"issueDatePicker-inner\")]"}
COMMAND: GET /session/1820fae8a81a1c34ca12c99f5ca4f404/element/f.043615FDA099A6883ABDD55FCDA43E76.d.9A6EDD8E2C977DF47EBF5F6B902A7E76.e.19492/property/value - {}
RESULT: {}
COMMAND: POST /session/1820fae8a81a1c34ca12c99f5ca4f404/element/f.043615FDA099A6883ABDD55FCDA43E76.d.9A6EDD8E2C977DF47EBF5F6B902A7E76.e.19492/clear - {}
COMMAND: GET /session/1820fae8a81a1c34ca12c99f5ca4f404/screenshot - {}
RESULT: {}
COMMAND: POST /session/1820fae8a81a1c34ca12c99f5ca4f404/element/f.043615FDA099A6883ABDD55FCDA43E76.d.9A6EDD8E2C977DF47EBF5F6B902A7E76.e.19492/value - {"text":"05/21/25"}
COMMAND: GET /session/1820fae8a81a1c34ca12c99f5ca4f404/screenshot - {}
RESULT: {}
RESULT: {"text":"05/21/25"}
COMMAND: GET /session/1820fae8a81a1c34ca12c99f5ca4f404/screenshot - {}
RESULT: {}
RESULT: {}
COMMAND: POST /session/1820fae8a81a1c34ca12c99f5ca4f404/execute/async - {"script":"<script> [1562 bytes]","args":[{"selector":{"controlType":"sap.m.Button","viewName":"etm.portal.ui.managehandovers.view.DetailExecuteHO","i18NText":{"propertyName":"text","key":"confirmAll"},"interaction":{"idSuffix":"inner"}},"wdio_ui5_key":"etmportal.ui.managehandovers.view.DetailExecuteHOsap.m.Button{\"propertyName\":\"text\",\"key\":\"confirmAll\"}"}]}
RESULT: {"script":"<script> [1562 bytes]","args":[{"selector":{"controlType":"sap.m.Button","viewName":"etm.portal.ui.managehandovers.view.DetailExecuteHO","i18NText":{"propertyName":"text","key":"confirmAll"},"interaction":{"idSuffix":"inner"}},"wdio_ui5_key":"etmportal.ui.managehandovers.view.DetailExecuteHOsap.m.Button{\"propertyName\":\"text\",\"key\":\"confirmAll\"}"}]}
RESULT: undefined
COMMAND: POST /session/1820fae8a81a1c34ca12c99f5ca4f404/element - {"using":"xpath","value":"//*[@id=\"__button136\"]"}
RESULT: {"using":"xpath","value":"//*[@id=\"__button136\"]"}
COMMAND: POST /session/1820fae8a81a1c34ca12c99f5ca4f404/element/f.043615FDA099A6883ABDD55FCDA43E76.d.9A6EDD8E2C977DF47EBF5F6B902A7E76.e.19516/click - {}
RESULT: {}
COMMAND: GET /session/1820fae8a81a1c34ca12c99f5ca4f404/screenshot - {}
RESULT: {}
COMMAND: POST /session/1820fae8a81a1c34ca12c99f5ca4f404/actions - {"actions":[{"id":"action86","type":"key","parameters":{},"actions":[{"type":"keyDown","value":""},{"type":"pause","duration":10},{"type":"keyUp","value":""}]}]}
RESULT: {"actions":[{"id":"action86","type":"key","parameters":{},"actions":[{"type":"keyDown","value":""},{"type":"pause","duration":10},{"type":"keyUp","value":""}]}]}
COMMAND: GET /session/1820fae8a81a1c34ca12c99f5ca4f404/screenshot - {}
RESULT: {}
RESULT: undefined
COMMAND: POST /session/1820fae8a81a1c34ca12c99f5ca4f404/element - {"using":"xpath","value":"//*[@id=\"__button136\"]"}
RESULT: {"using":"xpath","value":"//*[@id=\"__button136\"]"}
COMMAND: POST /session/1820fae8a81a1c34ca12c99f5ca4f404/element/f.043615FDA099A6883ABDD55FCDA43E76.d.9A6EDD8E2C977DF47EBF5F6B902A7E76.e.19516/click - {}
RESULT: {}
COMMAND: GET /session/1820fae8a81a1c34ca12c99f5ca4f404/screenshot - {}
RESULT: {}
COMMAND: POST /session/1820fae8a81a1c34ca12c99f5ca4f404/execute/async - {"script":"<script> [1562 bytes]","args":[{"selector":{"controlType":"sap.m.Button","properties":{"text":"OK"},"searchOpenDialogs":true,"interaction":{"idSuffix":"content"}},"wdio_ui5_key":"sapm.Button{\"text\":\"OK\"}"}]}
RESULT: {"script":"<script> [1562 bytes]","args":[{"selector":{"controlType":"sap.m.Button","properties":{"text":"OK"},"searchOpenDialogs":true,"interaction":{"idSuffix":"content"}},"wdio_ui5_key":"sapm.Button{\"text\":\"OK\"}"}]}
RESULT: undefined
COMMAND: POST /session/1820fae8a81a1c34ca12c99f5ca4f404/element - {"using":"xpath","value":"//*[@id=\"__mbox-btn-2\"]"}
RESULT: {"using":"xpath","value":"//*[@id=\"__mbox-btn-2\"]"}
COMMAND: POST /session/1820fae8a81a1c34ca12c99f5ca4f404/element/f.043615FDA099A6883ABDD55FCDA43E76.d.9A6EDD8E2C977DF47EBF5F6B902A7E76.e.19525/click - {}
RESULT: {}
COMMAND: GET /session/1820fae8a81a1c34ca12c99f5ca4f404/screenshot - {}
RESULT: {}
COMMAND: POST /session/1820fae8a81a1c34ca12c99f5ca4f404/element - {"using":"xpath","value":"//button[contains(@data-kt ,\"execHoIssueFooterButton\")]"}
RESULT: {"using":"xpath","value":"//button[contains(@data-kt ,\"execHoIssueFooterButton\")]"}
COMMAND: POST /session/1820fae8a81a1c34ca12c99f5ca4f404/element/f.043615FDA099A6883ABDD55FCDA43E76.d.9A6EDD8E2C977DF47EBF5F6B902A7E76.e.19529/click - {}
RESULT: {}
COMMAND: GET /session/1820fae8a81a1c34ca12c99f5ca4f404/screenshot - {}
RESULT: {}
COMMAND: POST /session/1820fae8a81a1c34ca12c99f5ca4f404/refresh - {}
RESULT: {}
COMMAND: GET /session/1820fae8a81a1c34ca12c99f5ca4f404/screenshot - {}
RESULT: {}
COMMAND: POST /session/1820fae8a81a1c34ca12c99f5ca4f404/refresh - {}
RESULT: {}
COMMAND: GET /session/1820fae8a81a1c34ca12c99f5ca4f404/screenshot - {}
RESULT: {}
COMMAND: POST /session/1820fae8a81a1c34ca12c99f5ca4f404/window/fullscreen - {}
RESULT: {}
COMMAND: POST /session/1820fae8a81a1c34ca12c99f5ca4f404/execute/async - {"script":"<script> [189 bytes]","args":[]}
RESULT: {"script":"<script> [189 bytes]","args":[]}
COMMAND: POST /session/1820fae8a81a1c34ca12c99f5ca4f404/execute/async - {"script":"<script> [123 bytes]","args":[]}
RESULT: {"script":"<script> [123 bytes]","args":[]}
COMMAND: POST /session/1820fae8a81a1c34ca12c99f5ca4f404/timeouts - {"script":"<number>"}
RESULT: {"script":"<number>"}
COMMAND: GET /session/1820fae8a81a1c34ca12c99f5ca4f404/timeouts - {}
RESULT: {}
RESULT: undefined
COMMAND: POST /session/1820fae8a81a1c34ca12c99f5ca4f404/execute/async - {"script":"<script> [2676 bytes]","args":[]}
RESULT: {"script":"<script> [2676 bytes]","args":[]}
COMMAND: POST /session/1820fae8a81a1c34ca12c99f5ca4f404/execute/async - {"script":"<script> [2342 bytes]","args":[{"protocol":"http","hostname":"0.0.0.0","path":"/","capabilities":{"browserName":"chrome","goog:chromeOptions":{"binary":"C:\\Program Files\\Google\\Chrome\\Application\\chrome.exe","args":["--start-maximized"]}},"logLevel":"warn","connectionRetryTimeout":120000,"connectionRetryCount":3,"logLevels":{},"enableDirectConnect":true,"strictSSL":true,"_":"65 more keys: [\"cacheDir\",\"port\",\"requestedCapabilities\",\"automationProtocol\",\"baseUrl\",\"waitforInterval\",\"waitforTimeout\",\"onReload\",\"beforeCommand\",\"afterCommand\",\"rootDir\",\"specs\",\"suites\",\"exclude\",\"groupLogsByTestSpec\",\"excludeDriverLogs\",\"bail\",\"framework\",\"reporters\",\"services\",\"maxInstances\",\"maxInstancesPerCapability\",\"injectGlobals\",\"filesToWatch\",\"execArgv\",\"runnerEnv\",\"runner\",\"shard\",\"specFileRetries\",\"specFileRetriesDelay\",\"specFileRetriesDeferred\",\"reporterSyncInterval\",\"reporterSyncTimeout\",\"cucumberFeaturesWithLineNumbers\",\"autoCompileOpts\",\"mochaOpts\",\"jasmineOpts\",\"cucumberOpts\",\"onPrepare\",\"onWorkerStart\",\"onWorkerEnd\",\"before\",\"beforeSession\",\"beforeSuite\",\"beforeHook\",\"beforeTest\",\"afterTest\",\"afterHook\",\"afterSuite\",\"afterSession\",\"after\",\"onComplete\",\"beforeAssertion\",\"afterAssertion\",\"beforeFeature\",\"beforeScenario\",\"beforeStep\",\"afterStep\",\"afterScenario\",\"afterFeature\",\"_\",\"suite\",\"$0\",\"ignoredWorkerServices\",\"wdi5\"]"}]}
RESULT: {"script":"<script> [2342 bytes]","args":[{"protocol":"http","hostname":"0.0.0.0","path":"/","capabilities":{"browserName":"chrome","goog:chromeOptions":{"binary":"C:\\Program Files\\Google\\Chrome\\Application\\chrome.exe","args":["--start-maximized"]}},"logLevel":"warn","connectionRetryTimeout":120000,"connectionRetryCount":3,"logLevels":{},"enableDirectConnect":true,"strictSSL":true,"_":"65 more keys: [\"cacheDir\",\"port\",\"requestedCapabilities\",\"automationProtocol\",\"baseUrl\",\"waitforInterval\",\"waitforTimeout\",\"onReload\",\"beforeCommand\",\"afterCommand\",\"rootDir\",\"specs\",\"suites\",\"exclude\",\"groupLogsByTestSpec\",\"excludeDriverLogs\",\"bail\",\"framework\",\"reporters\",\"services\",\"maxInstances\",\"maxInstancesPerCapability\",\"injectGlobals\",\"filesToWatch\",\"execArgv\",\"runnerEnv\",\"runner\",\"shard\",\"specFileRetries\",\"specFileRetriesDelay\",\"specFileRetriesDeferred\",\"reporterSyncInterval\",\"reporterSyncTimeout\",\"cucumberFeaturesWithLineNumbers\",\"autoCompileOpts\",\"mochaOpts\",\"jasmineOpts\",\"cucumberOpts\",\"onPrepare\",\"onWorkerStart\",\"onWorkerEnd\",\"before\",\"beforeSession\",\"beforeSuite\",\"beforeHook\",\"beforeTest\",\"afterTest\",\"afterHook\",\"afterSuite\",\"afterSession\",\"after\",\"onComplete\",\"beforeAssertion\",\"afterAssertion\",\"beforeFeature\",\"beforeScenario\",\"beforeStep\",\"afterStep\",\"afterScenario\",\"afterFeature\",\"_\",\"suite\",\"$0\",\"ignoredWorkerServices\",\"wdi5\"]"}]}
COMMAND: POST /session/1820fae8a81a1c34ca12c99f5ca4f404/execute/async - {"script":"<script> [21126 bytes]","args":[35000]}
RESULT: {"script":"<script> [21126 bytes]","args":[35000]}
COMMAND: POST /session/1820fae8a81a1c34ca12c99f5ca4f404/execute/async - {"script":"<script> [1562 bytes]","args":[{"selector":{"controlType":"sap.m.SearchField","viewName":"etm.portal.ui.managehandovers.view.MasterHO","bindingPath":{"path":"","propertyPath":"/_BASIC_SEARCH_FIELD","modelName":"fi1t3rM0d31"},"interaction":{"idSuffix":"I"}},"wdio_ui5_key":"etmportal.ui.managehandovers.view.MasterHOsap.m.SearchField{\"path\":\"\",\"propertyPath\":\"/_BASIC_SEARCH_FIELD\",\"modelName\":\"fi1t3rM0d31\"}"}]}
RESULT: {"script":"<script> [1562 bytes]","args":[{"selector":{"controlType":"sap.m.SearchField","viewName":"etm.portal.ui.managehandovers.view.MasterHO","bindingPath":{"path":"","propertyPath":"/_BASIC_SEARCH_FIELD","modelName":"fi1t3rM0d31"},"interaction":{"idSuffix":"I"}},"wdio_ui5_key":"etmportal.ui.managehandovers.view.MasterHOsap.m.SearchField{\"path\":\"\",\"propertyPath\":\"/_BASIC_SEARCH_FIELD\",\"modelName\":\"fi1t3rM0d31\"}"}]}
RESULT: undefined
COMMAND: POST /session/1820fae8a81a1c34ca12c99f5ca4f404/execute/async - {"script":"<script> [776 bytes]","args":[{"enterText":"30992","selector":{"controlType":"sap.m.SearchField","viewName":"etm.portal.ui.managehandovers.view.MasterHO","bindingPath":{"path":"","propertyPath":"/_BASIC_SEARCH_FIELD","modelName":"fi1t3rM0d31"},"interaction":{"idSuffix":"I"}},"clearTextFirst":true,"interactionType":"ENTER_TEXT"}]}
RESULT: {"script":"<script> [776 bytes]","args":[{"enterText":"30992","selector":{"controlType":"sap.m.SearchField","viewName":"etm.portal.ui.managehandovers.view.MasterHO","bindingPath":{"path":"","propertyPath":"/_BASIC_SEARCH_FIELD","modelName":"fi1t3rM0d31"},"interaction":{"idSuffix":"I"}},"clearTextFirst":true,"interactionType":"ENTER_TEXT"}]}
COMMAND: POST /session/1820fae8a81a1c34ca12c99f5ca4f404/actions - {"actions":[{"id":"action87","type":"key","parameters":{},"actions":[{"type":"keyDown","value":""},{"type":"pause","duration":10},{"type":"keyUp","value":""}]}]}
RESULT: {"actions":[{"id":"action87","type":"key","parameters":{},"actions":[{"type":"keyDown","value":""},{"type":"pause","duration":10},{"type":"keyUp","value":""}]}]}
COMMAND: GET /session/1820fae8a81a1c34ca12c99f5ca4f404/screenshot - {}
RESULT: {}
COMMAND: POST /session/1820fae8a81a1c34ca12c99f5ca4f404/execute/async - {"script":"<script> [1562 bytes]","args":[{"selector":{"controlType":"sap.m.Title","viewName":"etm.portal.ui.managehandovers.view.MasterHO","properties":{"text":"Records (1)"}},"wdio_ui5_key":"etmportal.ui.managehandovers.view.MasterHOsap.m.Title{\"text\":\"Records (1)\"}"}]}
RESULT: {"script":"<script> [1562 bytes]","args":[{"selector":{"controlType":"sap.m.Title","viewName":"etm.portal.ui.managehandovers.view.MasterHO","properties":{"text":"Records (1)"}},"wdio_ui5_key":"etmportal.ui.managehandovers.view.MasterHOsap.m.Title{\"text\":\"Records (1)\"}"}]}
RESULT: undefined
COMMAND: POST /session/1820fae8a81a1c34ca12c99f5ca4f404/execute/async - {"script":"<script> [6424 bytes]","args":[{"element-6066-11e4-a52e-4f735466cecf":"f.043615FDA099A6883ABDD55FCDA43E76.d.E085C594855A705FD484FDB9A2B65DF6.e.19708"},"getText",[]]}
RESULT: {"script":"<script> [6424 bytes]","args":[{"element-6066-11e4-a52e-4f735466cecf":"f.043615FDA099A6883ABDD55FCDA43E76.d.E085C594855A705FD484FDB9A2B65DF6.e.19708"},"getText",[]]}
COMMAND: POST /session/1820fae8a81a1c34ca12c99f5ca4f404/execute/async - {"script":"<script> [1562 bytes]","args":[{"selector":{"controlType":"sap.ui.core.Icon","viewName":"etm.portal.ui.managehandovers.view.MasterHO","properties":{"src":{"regex":{"source":"slim\\-arrow\\-right"}}}},"wdio_ui5_key":"etmportal.ui.managehandovers.view.MasterHOsap.ui.core.Icon{\"src\":{\"regex\":{\"source\":\"slim\\\\-arrow\\\\-right\"}}}"}]}
RESULT: {"script":"<script> [1562 bytes]","args":[{"selector":{"controlType":"sap.ui.core.Icon","viewName":"etm.portal.ui.managehandovers.view.MasterHO","properties":{"src":{"regex":{"source":"slim\\-arrow\\-right"}}}},"wdio_ui5_key":"etmportal.ui.managehandovers.view.MasterHOsap.ui.core.Icon{\"src\":{\"regex\":{\"source\":\"slim\\\\-arrow\\\\-right\"}}}"}]}
RESULT: undefined
COMMAND: POST /session/1820fae8a81a1c34ca12c99f5ca4f404/element - {"using":"xpath","value":"//*[@id=\"__item29-__clone17-imgNav\"]"}
RESULT: {"using":"xpath","value":"//*[@id=\"__item29-__clone17-imgNav\"]"}
COMMAND: POST /session/1820fae8a81a1c34ca12c99f5ca4f404/element/f.043615FDA099A6883ABDD55FCDA43E76.d.E085C594855A705FD484FDB9A2B65DF6.e.19707/click - {}
RESULT: {}
COMMAND: GET /session/1820fae8a81a1c34ca12c99f5ca4f404/screenshot - {}
RESULT: {}
COMMAND: POST /session/1820fae8a81a1c34ca12c99f5ca4f404/execute/async - {"script":"<script> [1562 bytes]","args":[{"selector":{"controlType":"sap.m.ObjectStatus","viewName":"etm.portal.ui.managehandovers.view.DetailManageHO","viewId":"application-managehandovers-display-component---detailManageHO","labelFor":{"text":"Status"}},"wdio_ui5_key":"etmportal.ui.managehandovers.view.DetailManageHOsap.m.ObjectStatus{\"text\":\"Status\"}"}]}
RESULT: {"script":"<script> [1562 bytes]","args":[{"selector":{"controlType":"sap.m.ObjectStatus","viewName":"etm.portal.ui.managehandovers.view.DetailManageHO","viewId":"application-managehandovers-display-component---detailManageHO","labelFor":{"text":"Status"}},"wdio_ui5_key":"etmportal.ui.managehandovers.view.DetailManageHOsap.m.ObjectStatus{\"text\":\"Status\"}"}]}
RESULT: undefined
COMMAND: POST /session/1820fae8a81a1c34ca12c99f5ca4f404/execute/async - {"script":"<script> [6424 bytes]","args":[{"element-6066-11e4-a52e-4f735466cecf":"f.043615FDA099A6883ABDD55FCDA43E76.d.E085C594855A705FD484FDB9A2B65DF6.e.19794"},"getText",[]]}
RESULT: {"script":"<script> [6424 bytes]","args":[{"element-6066-11e4-a52e-4f735466cecf":"f.043615FDA099A6883ABDD55FCDA43E76.d.E085C594855A705FD484FDB9A2B65DF6.e.19794"},"getText",[]]}
COMMAND: POST /session/1820fae8a81a1c34ca12c99f5ca4f404/element - {"using":"xpath","value":"//a[contains(@data-kt ,\"GeneralSectionSendContractLink\")]"}
RESULT: {"using":"xpath","value":"//a[contains(@data-kt ,\"GeneralSectionSendContractLink\")]"}
COMMAND: POST /session/1820fae8a81a1c34ca12c99f5ca4f404/element/f.043615FDA099A6883ABDD55FCDA43E76.d.E085C594855A705FD484FDB9A2B65DF6.e.19795/click - {}
RESULT: {}
COMMAND: GET /session/1820fae8a81a1c34ca12c99f5ca4f404/screenshot - {}
RESULT: {}
COMMAND: POST /session/1820fae8a81a1c34ca12c99f5ca4f404/elements - {"using":"xpath","value":"//a[contains(@data-kt ,\"ContextMenuId2Link\")]"}
RESULT: {"using":"xpath","value":"//a[contains(@data-kt ,\"ContextMenuId2Link\")]"}
COMMAND: POST /session/1820fae8a81a1c34ca12c99f5ca4f404/element/f.043615FDA099A6883ABDD55FCDA43E76.d.9A6EDD8E2C977DF47EBF5F6B902A7E76.e.18980/click - {}
COMMAND: POST /session/1820fae8a81a1c34ca12c99f5ca4f404/element - {"using":"xpath","value":"//a[contains(@data-kt ,\"ContextMenuId2Link\")]"}
RESULT: {"using":"xpath","value":"//a[contains(@data-kt ,\"ContextMenuId2Link\")]"}
COMMAND: POST /session/1820fae8a81a1c34ca12c99f5ca4f404/element/f.043615FDA099A6883ABDD55FCDA43E76.d.9A6EDD8E2C977DF47EBF5F6B902A7E76.e.18980/click - {}
COMMAND: POST /session/1820fae8a81a1c34ca12c99f5ca4f404/element - {"using":"xpath","value":"//a[contains(@data-kt ,\"ContextMenuId2Link\")]"}
RESULT: {"using":"xpath","value":"//a[contains(@data-kt ,\"ContextMenuId2Link\")]"}
COMMAND: POST /session/1820fae8a81a1c34ca12c99f5ca4f404/element/f.043615FDA099A6883ABDD55FCDA43E76.d.E085C594855A705FD484FDB9A2B65DF6.e.19798/click - {}
RESULT: {}
COMMAND: GET /session/1820fae8a81a1c34ca12c99f5ca4f404/screenshot - {}
RESULT: {}
COMMAND: POST /session/1820fae8a81a1c34ca12c99f5ca4f404/execute/async - {"script":"<script> [1562 bytes]","args":[{"selector":{"controlType":"sap.m.ObjectStatus","viewName":"etm.portal.ui.managecontracts.view.Detail","bindingPath":{"propertyPath":"LINK_TO_COMMERCIAL_STATUS/DESCRIPTION","modelName":"catalogModel"}},"wdio_ui5_key":"etmportal.ui.managecontracts.view.Detailsap.m.ObjectStatus{\"propertyPath\":\"LINK_TO_COMMERCIAL_STATUS/DESCRIPTION\",\"modelName\":\"catalogModel\"}"}]}
RESULT: {"script":"<script> [1562 bytes]","args":[{"selector":{"controlType":"sap.m.ObjectStatus","viewName":"etm.portal.ui.managecontracts.view.Detail","bindingPath":{"propertyPath":"LINK_TO_COMMERCIAL_STATUS/DESCRIPTION","modelName":"catalogModel"}},"wdio_ui5_key":"etmportal.ui.managecontracts.view.Detailsap.m.ObjectStatus{\"propertyPath\":\"LINK_TO_COMMERCIAL_STATUS/DESCRIPTION\",\"modelName\":\"catalogModel\"}"}]}
RESULT: undefined
COMMAND: POST /session/1820fae8a81a1c34ca12c99f5ca4f404/execute/async - {"script":"<script> [6424 bytes]","args":[{"element-6066-11e4-a52e-4f735466cecf":"f.043615FDA099A6883ABDD55FCDA43E76.d.E085C594855A705FD484FDB9A2B65DF6.e.20037"},"getText",[]]}
RESULT: {"script":"<script> [6424 bytes]","args":[{"element-6066-11e4-a52e-4f735466cecf":"f.043615FDA099A6883ABDD55FCDA43E76.d.E085C594855A705FD484FDB9A2B65DF6.e.20037"},"getText",[]]}
COMMAND: POST /session/1820fae8a81a1c34ca12c99f5ca4f404/execute/async - {"script":"<script> [1562 bytes]","args":[{"selector":{"controlType":"sap.m.ObjectStatus","viewName":"etm.portal.ui.managecontracts.view.Detail","bindingPath":{"propertyPath":"LINK_TO_LOGISTICAL_STATUS/DESCRIPTION","modelName":"catalogModel"}},"wdio_ui5_key":"etmportal.ui.managecontracts.view.Detailsap.m.ObjectStatus{\"propertyPath\":\"LINK_TO_LOGISTICAL_STATUS/DESCRIPTION\",\"modelName\":\"catalogModel\"}"}]}
RESULT: {"script":"<script> [1562 bytes]","args":[{"selector":{"controlType":"sap.m.ObjectStatus","viewName":"etm.portal.ui.managecontracts.view.Detail","bindingPath":{"propertyPath":"LINK_TO_LOGISTICAL_STATUS/DESCRIPTION","modelName":"catalogModel"}},"wdio_ui5_key":"etmportal.ui.managecontracts.view.Detailsap.m.ObjectStatus{\"propertyPath\":\"LINK_TO_LOGISTICAL_STATUS/DESCRIPTION\",\"modelName\":\"catalogModel\"}"}]}
RESULT: undefined
COMMAND: POST /session/1820fae8a81a1c34ca12c99f5ca4f404/execute/async - {"script":"<script> [6424 bytes]","args":[{"element-6066-11e4-a52e-4f735466cecf":"f.043615FDA099A6883ABDD55FCDA43E76.d.E085C594855A705FD484FDB9A2B65DF6.e.20038"},"getText",[]]}
RESULT: {"script":"<script> [6424 bytes]","args":[{"element-6066-11e4-a52e-4f735466cecf":"f.043615FDA099A6883ABDD55FCDA43E76.d.E085C594855A705FD484FDB9A2B65DF6.e.20038"},"getText",[]]}
COMMAND: POST /session/1820fae8a81a1c34ca12c99f5ca4f404/element - {"using":"xpath","value":"//button[@data-kt=\"contractDetailEditBtnButton\"]"}
RESULT: {"using":"xpath","value":"//button[@data-kt=\"contractDetailEditBtnButton\"]"}
COMMAND: POST /session/1820fae8a81a1c34ca12c99f5ca4f404/element/f.043615FDA099A6883ABDD55FCDA43E76.d.E085C594855A705FD484FDB9A2B65DF6.e.19861/click - {}
RESULT: {}
COMMAND: GET /session/1820fae8a81a1c34ca12c99f5ca4f404/screenshot - {}
RESULT: {}
COMMAND: POST /session/1820fae8a81a1c34ca12c99f5ca4f404/element - {"using":"xpath","value":"(//span[contains(text(), \"Additional Addresses\")])[2]"}
RESULT: {"using":"xpath","value":"(//span[contains(text(), \"Additional Addresses\")])[2]"}
COMMAND: POST /session/1820fae8a81a1c34ca12c99f5ca4f404/element/f.043615FDA099A6883ABDD55FCDA43E76.d.E085C594855A705FD484FDB9A2B65DF6.e.20099/click - {}
RESULT: {}
COMMAND: GET /session/1820fae8a81a1c34ca12c99f5ca4f404/screenshot - {}
RESULT: {}
COMMAND: POST /session/1820fae8a81a1c34ca12c99f5ca4f404/element - {"using":"xpath","value":"//button[@data-kt=\"btnAddTableRowOverflowToolbarButton\"]"}
RESULT: {"using":"xpath","value":"//button[@data-kt=\"btnAddTableRowOverflowToolbarButton\"]"}
COMMAND: POST /session/1820fae8a81a1c34ca12c99f5ca4f404/element/f.043615FDA099A6883ABDD55FCDA43E76.d.E085C594855A705FD484FDB9A2B65DF6.e.20101/click - {}
RESULT: {}
COMMAND: GET /session/1820fae8a81a1c34ca12c99f5ca4f404/screenshot - {}
RESULT: {}
COMMAND: POST /session/1820fae8a81a1c34ca12c99f5ca4f404/element - {"using":"xpath","value":"//div[(text() = 'Standard Entry' or . = 'Standard Entry')]"}
RESULT: {"using":"xpath","value":"//div[(text() = 'Standard Entry' or . = 'Standard Entry')]"}
COMMAND: POST /session/1820fae8a81a1c34ca12c99f5ca4f404/element/f.043615FDA099A6883ABDD55FCDA43E76.d.E085C594855A705FD484FDB9A2B65DF6.e.20103/click - {}
RESULT: {}
COMMAND: POST /session/1820fae8a81a1c34ca12c99f5ca4f404/execute/async - {"script":"<script> [1562 bytes]","args":[{"selector":{"controlType":"sap.ui.core.Icon","viewName":"etm.portal.ui.managecontracts.view.EditContract","properties":{"src":{"regex":{"source":"slim\\-arrow\\-down"}}},"ancestor":{"controlType":"sap.m.ComboBox","viewName":"etm.portal.ui.managecontracts.view.EditContract","bindingPath":{"propertyPath":"RU_TYPE","modelName":"catalogModel"}}},"wdio_ui5_key":"etmportal.ui.managecontracts.view.EditContractsap.ui.core.Icon{\"src\":{\"regex\":{\"source\":\"slim\\\\-arrow\\\\-down\"}}}{\"controlType\":\"sap.m.ComboBox\",\"viewName\":\"etm.portal.ui.managecontracts.view.EditContract\",\"bindingPath\":{\"propertyPath\":\"RU_TYPE\",\"modelName\":\"catalogModel\"}}"}]}
COMMAND: GET /session/1820fae8a81a1c34ca12c99f5ca4f404/screenshot - {}
RESULT: {"script":"<script> [1562 bytes]","args":[{"selector":{"controlType":"sap.ui.core.Icon","viewName":"etm.portal.ui.managecontracts.view.EditContract","properties":{"src":{"regex":{"source":"slim\\-arrow\\-down"}}},"ancestor":{"controlType":"sap.m.ComboBox","viewName":"etm.portal.ui.managecontracts.view.EditContract","bindingPath":{"propertyPath":"RU_TYPE","modelName":"catalogModel"}}},"wdio_ui5_key":"etmportal.ui.managecontracts.view.EditContractsap.ui.core.Icon{\"src\":{\"regex\":{\"source\":\"slim\\\\-arrow\\\\-down\"}}}{\"controlType\":\"sap.m.ComboBox\",\"viewName\":\"etm.portal.ui.managecontracts.view.EditContract\",\"bindingPath\":{\"propertyPath\":\"RU_TYPE\",\"modelName\":\"catalogModel\"}}"}]}
RESULT: undefined
COMMAND: POST /session/1820fae8a81a1c34ca12c99f5ca4f404/element - {"using":"xpath","value":"//*[@id=\"__box20-arrow\"]"}
RESULT: {}
RESULT: {"using":"xpath","value":"//*[@id=\"__box20-arrow\"]"}
COMMAND: POST /session/1820fae8a81a1c34ca12c99f5ca4f404/element/f.043615FDA099A6883ABDD55FCDA43E76.d.E085C594855A705FD484FDB9A2B65DF6.e.20118/click - {}
RESULT: {}
COMMAND: POST /session/1820fae8a81a1c34ca12c99f5ca4f404/execute/async - {"script":"<script> [1562 bytes]","args":[{"selector":{"controlType":"sap.m.StandardListItem","viewName":"etm.portal.ui.managecontracts.view.EditContract","properties":{"title":"Material"},"searchOpenDialogs":true,"interaction":{"idSuffix":"content"}},"wdio_ui5_key":"etmportal.ui.managecontracts.view.EditContractsap.m.StandardListItem{\"title\":\"Material\"}"}]}
COMMAND: GET /session/1820fae8a81a1c34ca12c99f5ca4f404/screenshot - {}
RESULT: {"script":"<script> [1562 bytes]","args":[{"selector":{"controlType":"sap.m.StandardListItem","viewName":"etm.portal.ui.managecontracts.view.EditContract","properties":{"title":"Material"},"searchOpenDialogs":true,"interaction":{"idSuffix":"content"}},"wdio_ui5_key":"etmportal.ui.managecontracts.view.EditContractsap.m.StandardListItem{\"title\":\"Material\"}"}]}
RESULT: undefined
COMMAND: POST /session/1820fae8a81a1c34ca12c99f5ca4f404/element - {"using":"xpath","value":"//*[@id=\"__item93\"]"}
RESULT: {}
RESULT: {"using":"xpath","value":"//*[@id=\"__item93\"]"}
COMMAND: POST /session/1820fae8a81a1c34ca12c99f5ca4f404/element/f.043615FDA099A6883ABDD55FCDA43E76.d.E085C594855A705FD484FDB9A2B65DF6.e.20121/click - {}
RESULT: {}
COMMAND: POST /session/1820fae8a81a1c34ca12c99f5ca4f404/element - {"using":"xpath","value":"//td[7]/div/div/input"}
COMMAND: GET /session/1820fae8a81a1c34ca12c99f5ca4f404/screenshot - {}
RESULT: {"using":"xpath","value":"//td[7]/div/div/input"}
COMMAND: POST /session/1820fae8a81a1c34ca12c99f5ca4f404/element/f.043615FDA099A6883ABDD55FCDA43E76.d.E085C594855A705FD484FDB9A2B65DF6.e.20124/clear - {}
RESULT: {}
RESULT: {}
COMMAND: POST /session/1820fae8a81a1c34ca12c99f5ca4f404/element/f.043615FDA099A6883ABDD55FCDA43E76.d.E085C594855A705FD484FDB9A2B65DF6.e.20124/value - {"text":"WebdriverRUR2Ct3rsw"}
COMMAND: GET /session/1820fae8a81a1c34ca12c99f5ca4f404/screenshot - {}
RESULT: {"text":"WebdriverRUR2Ct3rsw"}
COMMAND: GET /session/1820fae8a81a1c34ca12c99f5ca4f404/screenshot - {}
RESULT: {}
RESULT: {}
COMMAND: POST /session/1820fae8a81a1c34ca12c99f5ca4f404/actions - {"actions":[{"id":"action88","type":"key","parameters":{},"actions":[{"type":"keyDown","value":""},{"type":"pause","duration":10},{"type":"keyUp","value":""}]}]}
RESULT: {"actions":[{"id":"action88","type":"key","parameters":{},"actions":[{"type":"keyDown","value":""},{"type":"pause","duration":10},{"type":"keyUp","value":""}]}]}
COMMAND: GET /session/1820fae8a81a1c34ca12c99f5ca4f404/screenshot - {}
RESULT: {}
COMMAND: POST /session/1820fae8a81a1c34ca12c99f5ca4f404/element - {"using":"xpath","value":"//button[@data-kt=\"saveButton\"]"}
RESULT: {"using":"xpath","value":"//button[@data-kt=\"saveButton\"]"}
COMMAND: POST /session/1820fae8a81a1c34ca12c99f5ca4f404/element/f.043615FDA099A6883ABDD55FCDA43E76.d.E085C594855A705FD484FDB9A2B65DF6.e.20147/click - {}
RESULT: {}
COMMAND: GET /session/1820fae8a81a1c34ca12c99f5ca4f404/screenshot - {}
RESULT: {}
RESULT: undefined
COMMAND: POST /session/1820fae8a81a1c34ca12c99f5ca4f404/execute/async - {"script":"<script> [6424 bytes]","args":[{"element-6066-11e4-a52e-4f735466cecf":"f.043615FDA099A6883ABDD55FCDA43E76.d.E085C594855A705FD484FDB9A2B65DF6.e.20038"},"getText",[]]}
RESULT: {"script":"<script> [6424 bytes]","args":[{"element-6066-11e4-a52e-4f735466cecf":"f.043615FDA099A6883ABDD55FCDA43E76.d.E085C594855A705FD484FDB9A2B65DF6.e.20038"},"getText",[]]}
COMMAND: DELETE /session/1820fae8a81a1c34ca12c99f5ca4f404 - {}
RESULT: {}
]]></system-out>
    </testcase>
  </testsuite>
</testsuites>