<?xml version="1.0" encoding="UTF-8"?>
<testsuites tests="23" failures="0" errors="0" skipped="0">
  <testsuite timestamp="2025-05-05T17:48:20" time="1174.344" tests="6" failures="0" errors="0" skipped="0">
    <properties>
      <property name="specId" value="0" />
      <property name="suiteName" value="Standard contract - add contract items by Insert Request US118222" />
      <property name="capabilities" value="chrome.135_0_7049_96.windows" />
      <property name="file" value="file:///D:/a/1/s/test/specs/R2C/standard-contract-add-contract-items-by-insert-request.spec.js" />
    </properties>
    <testcase classname="chrome.135_0_7049_96.windows.Standard_contract_-_add_contract_items_by_Insert_Request_US118222" name="Should create prerequisites yard partner site material and equipment" time="332.884">
      <system-out><![CDATA[
COMMAND: POST /session/5d4f89c809828bc74d2aa9c512c29ea4/execute/async - {"script":"<script> [1562 bytes]","args":[{"selector":{"controlType":"sap.m.GenericTile","properties":{"header":"Manage Yards"}},"wdio_ui5_key":"sapm.GenericTile{\"header\":\"Manage Yards\"}"}]}
RESULT: {"script":"<script> [1562 bytes]","args":[{"selector":{"controlType":"sap.m.GenericTile","properties":{"header":"Manage Yards"}},"wdio_ui5_key":"sapm.GenericTile{\"header\":\"Manage Yards\"}"}]}
RESULT: undefined
COMMAND: POST /session/5d4f89c809828bc74d2aa9c512c29ea4/element - {"using":"xpath","value":"//*[@id=\"__tile41\"]"}
RESULT: {"using":"xpath","value":"//*[@id=\"__tile41\"]"}
COMMAND: POST /session/5d4f89c809828bc74d2aa9c512c29ea4/element/f.531E98D0DADB2C7D9F82DA313210FC25.d.30334C1486945681AF0B41CE207D7A06.e.111/click - {}
RESULT: {}
COMMAND: GET /session/5d4f89c809828bc74d2aa9c512c29ea4/screenshot - {}
RESULT: {}
COMMAND: POST /session/5d4f89c809828bc74d2aa9c512c29ea4/execute/async - {"script":"<script> [1562 bytes]","args":[{"selector":{"controlType":"sap.ui.core.Icon","viewName":"etm.portal.ui.manageyards.view.Master","viewId":"application-manageyards-display-component---masterYard","properties":{"src":{"regex":{"source":"add"}}}},"wdio_ui5_key":"etmportal.ui.manageyards.view.Mastersap.ui.core.Icon{\"src\":{\"regex\":{\"source\":\"add\"}}}"}]}
RESULT: {"script":"<script> [1562 bytes]","args":[{"selector":{"controlType":"sap.ui.core.Icon","viewName":"etm.portal.ui.manageyards.view.Master","viewId":"application-manageyards-display-component---masterYard","properties":{"src":{"regex":{"source":"add"}}}},"wdio_ui5_key":"etmportal.ui.manageyards.view.Mastersap.ui.core.Icon{\"src\":{\"regex\":{\"source\":\"add\"}}}"}]}
RESULT: undefined
COMMAND: POST /session/5d4f89c809828bc74d2aa9c512c29ea4/element - {"using":"xpath","value":"//*[@id=\"__button4-img\"]"}
RESULT: {"using":"xpath","value":"//*[@id=\"__button4-img\"]"}
COMMAND: POST /session/5d4f89c809828bc74d2aa9c512c29ea4/element/f.531E98D0DADB2C7D9F82DA313210FC25.d.30334C1486945681AF0B41CE207D7A06.e.159/click - {}
RESULT: {}
COMMAND: GET /session/5d4f89c809828bc74d2aa9c512c29ea4/screenshot - {}
RESULT: {}
COMMAND: POST /session/5d4f89c809828bc74d2aa9c512c29ea4/execute/async - {"script":"<script> [1562 bytes]","args":[{"selector":{"id":"application-manageyards-display-component---NewYard--yardId","interaction":{"idSuffix":"inner"}},"wdio_ui5_key":"applicationmanageyards-display-component---NewYard--yardId"}]}
RESULT: {"script":"<script> [1562 bytes]","args":[{"selector":{"id":"application-manageyards-display-component---NewYard--yardId","interaction":{"idSuffix":"inner"}},"wdio_ui5_key":"applicationmanageyards-display-component---NewYard--yardId"}]}
RESULT: undefined
COMMAND: POST /session/5d4f89c809828bc74d2aa9c512c29ea4/element - {"using":"xpath","value":"//*[@id=\"application-manageyards-display-component---NewYard--addressDetailDetailsName1-inner\"]"}
RESULT: {"using":"xpath","value":"//*[@id=\"application-manageyards-display-component---NewYard--addressDetailDetailsName1-inner\"]"}
COMMAND: POST /session/5d4f89c809828bc74d2aa9c512c29ea4/element/f.531E98D0DADB2C7D9F82DA313210FC25.d.30334C1486945681AF0B41CE207D7A06.e.390/clear - {}
RESULT: {}
COMMAND: POST /session/5d4f89c809828bc74d2aa9c512c29ea4/element/f.531E98D0DADB2C7D9F82DA313210FC25.d.30334C1486945681AF0B41CE207D7A06.e.390/value - {"text":"WebdriverYardioj0m"}
COMMAND: GET /session/5d4f89c809828bc74d2aa9c512c29ea4/screenshot - {}
RESULT: {"text":"WebdriverYardioj0m"}
COMMAND: POST /session/5d4f89c809828bc74d2aa9c512c29ea4/element - {"using":"xpath","value":"//*[@id=\"application-manageyards-display-component---NewYard--addressDetailDetailsLanguage-inner\"]"}
COMMAND: GET /session/5d4f89c809828bc74d2aa9c512c29ea4/screenshot - {}
RESULT: {}
RESULT: {"using":"xpath","value":"//*[@id=\"application-manageyards-display-component---NewYard--addressDetailDetailsLanguage-inner\"]"}
COMMAND: POST /session/5d4f89c809828bc74d2aa9c512c29ea4/element/f.531E98D0DADB2C7D9F82DA313210FC25.d.30334C1486945681AF0B41CE207D7A06.e.391/clear - {}
RESULT: {}
RESULT: {}
COMMAND: POST /session/5d4f89c809828bc74d2aa9c512c29ea4/element/f.531E98D0DADB2C7D9F82DA313210FC25.d.30334C1486945681AF0B41CE207D7A06.e.391/value - {"text":"Romanian"}
COMMAND: GET /session/5d4f89c809828bc74d2aa9c512c29ea4/screenshot - {}
RESULT: {"text":"Romanian"}
COMMAND: POST /session/5d4f89c809828bc74d2aa9c512c29ea4/element - {"using":"xpath","value":"//input[contains(@id ,\"application-manageyards-display-component---NewYard--addressDetailDetailsName1-inner\")]"}
COMMAND: GET /session/5d4f89c809828bc74d2aa9c512c29ea4/screenshot - {}
RESULT: {}
RESULT: {"using":"xpath","value":"//input[contains(@id ,\"application-manageyards-display-component---NewYard--addressDetailDetailsName1-inner\")]"}
COMMAND: GET /session/5d4f89c809828bc74d2aa9c512c29ea4/element/f.531E98D0DADB2C7D9F82DA313210FC25.d.30334C1486945681AF0B41CE207D7A06.e.390/property/value - {}
RESULT: {}
RESULT: {}
COMMAND: GET /session/5d4f89c809828bc74d2aa9c512c29ea4/screenshot - {}
RESULT: {}
COMMAND: POST /session/5d4f89c809828bc74d2aa9c512c29ea4/element - {"using":"xpath","value":"//*[@id=\"application-manageyards-display-component---NewYard--addressDetailDetailsCity1-inner\"]"}
RESULT: {"using":"xpath","value":"//*[@id=\"application-manageyards-display-component---NewYard--addressDetailDetailsCity1-inner\"]"}
COMMAND: POST /session/5d4f89c809828bc74d2aa9c512c29ea4/element/f.531E98D0DADB2C7D9F82DA313210FC25.d.30334C1486945681AF0B41CE207D7A06.e.393/clear - {}
RESULT: {}
COMMAND: POST /session/5d4f89c809828bc74d2aa9c512c29ea4/element/f.531E98D0DADB2C7D9F82DA313210FC25.d.30334C1486945681AF0B41CE207D7A06.e.393/value - {"text":"Bucuresti"}
COMMAND: GET /session/5d4f89c809828bc74d2aa9c512c29ea4/screenshot - {}
RESULT: {"text":"Bucuresti"}
COMMAND: GET /session/5d4f89c809828bc74d2aa9c512c29ea4/screenshot - {}
RESULT: {}
RESULT: {}
COMMAND: POST /session/5d4f89c809828bc74d2aa9c512c29ea4/element - {"using":"xpath","value":"//*[@id=\"application-manageyards-display-component---NewYard--addressDetailDetailsCountry-inner\"]"}
RESULT: {"using":"xpath","value":"//*[@id=\"application-manageyards-display-component---NewYard--addressDetailDetailsCountry-inner\"]"}
COMMAND: POST /session/5d4f89c809828bc74d2aa9c512c29ea4/element/f.531E98D0DADB2C7D9F82DA313210FC25.d.30334C1486945681AF0B41CE207D7A06.e.397/clear - {}
RESULT: {}
COMMAND: POST /session/5d4f89c809828bc74d2aa9c512c29ea4/element/f.531E98D0DADB2C7D9F82DA313210FC25.d.30334C1486945681AF0B41CE207D7A06.e.397/value - {"text":"Romania"}
COMMAND: GET /session/5d4f89c809828bc74d2aa9c512c29ea4/screenshot - {}
RESULT: {"text":"Romania"}
COMMAND: GET /session/5d4f89c809828bc74d2aa9c512c29ea4/screenshot - {}
RESULT: {}
COMMAND: POST /session/5d4f89c809828bc74d2aa9c512c29ea4/element - {"using":"xpath","value":"//div[contains(text(), \"Commercial\")]"}
RESULT: {}
RESULT: {"using":"xpath","value":"//div[contains(text(), \"Commercial\")]"}
COMMAND: GET /session/5d4f89c809828bc74d2aa9c512c29ea4/element/f.531E98D0DADB2C7D9F82DA313210FC25.d.30334C1486945681AF0B41CE207D7A06.e.568/rect - {}
RESULT: {}
COMMAND: GET /session/5d4f89c809828bc74d2aa9c512c29ea4/window/rect - {}
RESULT: {}
COMMAND: POST /session/5d4f89c809828bc74d2aa9c512c29ea4/execute/sync - {"script":"<script> [92 bytes]","args":[]}
RESULT: {"script":"<script> [92 bytes]","args":[]}
COMMAND: POST /session/5d4f89c809828bc74d2aa9c512c29ea4/actions - {"actions":[{"id":"action1","type":"wheel","parameters":{},"actions":[{"type":"scroll","x":-1841,"y":-44,"deltaX":0,"deltaY":0,"duration":0,"origin":{"element-6066-11e4-a52e-4f735466cecf":"f.531E98D0DADB2C7D9F82DA313210FC25.d.30334C1486945681AF0B41CE207D7A06.e.568"}}]}]}
COMMAND: GET /session/5d4f89c809828bc74d2aa9c512c29ea4/screenshot - {}
RESULT: {}
COMMAND: POST /session/5d4f89c809828bc74d2aa9c512c29ea4/execute/sync - {"script":"<script> [79 bytes]","args":[{"element-6066-11e4-a52e-4f735466cecf":"f.531E98D0DADB2C7D9F82DA313210FC25.d.30334C1486945681AF0B41CE207D7A06.e.568","ELEMENT":"f.531E98D0DADB2C7D9F82DA313210FC25.d.30334C1486945681AF0B41CE207D7A06.e.568"},{"block":"start","inline":"nearest"}]}
RESULT: {"script":"<script> [79 bytes]","args":[{"element-6066-11e4-a52e-4f735466cecf":"f.531E98D0DADB2C7D9F82DA313210FC25.d.30334C1486945681AF0B41CE207D7A06.e.568","ELEMENT":"f.531E98D0DADB2C7D9F82DA313210FC25.d.30334C1486945681AF0B41CE207D7A06.e.568"},{"block":"start","inline":"nearest"}]}
COMMAND: GET /session/5d4f89c809828bc74d2aa9c512c29ea4/screenshot - {}
RESULT: {}
COMMAND: POST /session/5d4f89c809828bc74d2aa9c512c29ea4/execute/async - {"script":"<script> [1562 bytes]","args":[{"selector":{"id":"application-manageyards-display-component---NewYard--addressEditDetailsCostObjectCstType-arrow"},"wdio_ui5_key":"applicationmanageyards-display-component---NewYard--addressEditDetailsCostObjectCstType-arrow"}]}
RESULT: {"script":"<script> [1562 bytes]","args":[{"selector":{"id":"application-manageyards-display-component---NewYard--addressEditDetailsCostObjectCstType-arrow"},"wdio_ui5_key":"applicationmanageyards-display-component---NewYard--addressEditDetailsCostObjectCstType-arrow"}]}
RESULT: undefined
COMMAND: POST /session/5d4f89c809828bc74d2aa9c512c29ea4/element - {"using":"xpath","value":"//*[@id=\"application-manageyards-display-component---NewYard--addressEditDetailsCostObjectCstType-arrow\"]"}
RESULT: {"using":"xpath","value":"//*[@id=\"application-manageyards-display-component---NewYard--addressEditDetailsCostObjectCstType-arrow\"]"}
COMMAND: POST /session/5d4f89c809828bc74d2aa9c512c29ea4/element/f.531E98D0DADB2C7D9F82DA313210FC25.d.30334C1486945681AF0B41CE207D7A06.e.577/click - {}
RESULT: {}
COMMAND: POST /session/5d4f89c809828bc74d2aa9c512c29ea4/element - {"using":"xpath","value":"//span[contains(text(), \"Cost Center\")]"}
COMMAND: GET /session/5d4f89c809828bc74d2aa9c512c29ea4/screenshot - {}
RESULT: {"using":"xpath","value":"//span[contains(text(), \"Cost Center\")]"}
COMMAND: POST /session/5d4f89c809828bc74d2aa9c512c29ea4/element/f.531E98D0DADB2C7D9F82DA313210FC25.d.30334C1486945681AF0B41CE207D7A06.e.578/click - {}
RESULT: {}
RESULT: {}
COMMAND: GET /session/5d4f89c809828bc74d2aa9c512c29ea4/screenshot - {}
RESULT: {}
COMMAND: POST /session/5d4f89c809828bc74d2aa9c512c29ea4/execute/async - {"script":"<script> [1562 bytes]","args":[{"selector":{"id":"application-manageyards-display-component---NewYard--addressNewCostObjectCstID-vhi"},"wdio_ui5_key":"applicationmanageyards-display-component---NewYard--addressNewCostObjectCstID-vhi"}]}
RESULT: {"script":"<script> [1562 bytes]","args":[{"selector":{"id":"application-manageyards-display-component---NewYard--addressNewCostObjectCstID-vhi"},"wdio_ui5_key":"applicationmanageyards-display-component---NewYard--addressNewCostObjectCstID-vhi"}]}
RESULT: undefined
COMMAND: POST /session/5d4f89c809828bc74d2aa9c512c29ea4/element - {"using":"xpath","value":"//*[@id=\"application-manageyards-display-component---NewYard--addressNewCostObjectCstID-vhi\"]"}
RESULT: {"using":"xpath","value":"//*[@id=\"application-manageyards-display-component---NewYard--addressNewCostObjectCstID-vhi\"]"}
COMMAND: POST /session/5d4f89c809828bc74d2aa9c512c29ea4/element/f.531E98D0DADB2C7D9F82DA313210FC25.d.30334C1486945681AF0B41CE207D7A06.e.582/click - {}
RESULT: {}
COMMAND: GET /session/5d4f89c809828bc74d2aa9c512c29ea4/screenshot - {}
RESULT: {}
COMMAND: POST /session/5d4f89c809828bc74d2aa9c512c29ea4/execute/async - {"script":"<script> [1562 bytes]","args":[{"selector":{"controlType":"sap.m.SearchField","properties":{"placeholder":"Search"},"searchOpenDialogs":true,"interaction":{"idSuffix":"I"}},"wdio_ui5_key":"sapm.SearchField{\"placeholder\":\"Search\"}"}]}
RESULT: {"script":"<script> [1562 bytes]","args":[{"selector":{"controlType":"sap.m.SearchField","properties":{"placeholder":"Search"},"searchOpenDialogs":true,"interaction":{"idSuffix":"I"}},"wdio_ui5_key":"sapm.SearchField{\"placeholder\":\"Search\"}"}]}
RESULT: undefined
COMMAND: POST /session/5d4f89c809828bc74d2aa9c512c29ea4/execute/async - {"script":"<script> [776 bytes]","args":[{"enterText":"10001013","selector":{"controlType":"sap.m.SearchField","properties":{"placeholder":"Search"},"searchOpenDialogs":true,"interaction":{"idSuffix":"I"}},"clearTextFirst":true,"interactionType":"ENTER_TEXT"}]}
RESULT: {"script":"<script> [776 bytes]","args":[{"enterText":"10001013","selector":{"controlType":"sap.m.SearchField","properties":{"placeholder":"Search"},"searchOpenDialogs":true,"interaction":{"idSuffix":"I"}},"clearTextFirst":true,"interactionType":"ENTER_TEXT"}]}
COMMAND: POST /session/5d4f89c809828bc74d2aa9c512c29ea4/actions - {"actions":[{"id":"action2","type":"key","parameters":{},"actions":[{"type":"keyDown","value":"î€‡"},{"type":"pause","duration":10},{"type":"keyUp","value":"î€‡"}]}]}
RESULT: {"actions":[{"id":"action2","type":"key","parameters":{},"actions":[{"type":"keyDown","value":"î€‡"},{"type":"pause","duration":10},{"type":"keyUp","value":"î€‡"}]}]}
COMMAND: GET /session/5d4f89c809828bc74d2aa9c512c29ea4/screenshot - {}
RESULT: {}
COMMAND: POST /session/5d4f89c809828bc74d2aa9c512c29ea4/element - {"using":"xpath","value":"//span[contains(text(), \"General Management\")]"}
RESULT: {"using":"xpath","value":"//span[contains(text(), \"General Management\")]"}
COMMAND: POST /session/5d4f89c809828bc74d2aa9c512c29ea4/element/f.531E98D0DADB2C7D9F82DA313210FC25.d.30334C1486945681AF0B41CE207D7A06.e.624/click - {}
RESULT: {}
COMMAND: GET /session/5d4f89c809828bc74d2aa9c512c29ea4/screenshot - {}
RESULT: {}
COMMAND: POST /session/5d4f89c809828bc74d2aa9c512c29ea4/element - {"using":"xpath","value":"//bdi[contains(text(), \"OK\")]"}
RESULT: {"using":"xpath","value":"//bdi[contains(text(), \"OK\")]"}
COMMAND: POST /session/5d4f89c809828bc74d2aa9c512c29ea4/element/f.531E98D0DADB2C7D9F82DA313210FC25.d.30334C1486945681AF0B41CE207D7A06.e.625/click - {}
RESULT: {}
COMMAND: GET /session/5d4f89c809828bc74d2aa9c512c29ea4/screenshot - {}
RESULT: {}
COMMAND: POST /session/5d4f89c809828bc74d2aa9c512c29ea4/execute/async - {"script":"<script> [1562 bytes]","args":[{"selector":{"controlType":"sap.m.Button","viewName":"etm.portal.ui.manageyards.view.New","viewId":"application-manageyards-display-component---NewYard","i18NText":{"propertyName":"text","key":"save"},"interaction":{"idSuffix":"inner"}},"wdio_ui5_key":"etmportal.ui.manageyards.view.Newsap.m.Button{\"propertyName\":\"text\",\"key\":\"save\"}"}]}
RESULT: {"script":"<script> [1562 bytes]","args":[{"selector":{"controlType":"sap.m.Button","viewName":"etm.portal.ui.manageyards.view.New","viewId":"application-manageyards-display-component---NewYard","i18NText":{"propertyName":"text","key":"save"},"interaction":{"idSuffix":"inner"}},"wdio_ui5_key":"etmportal.ui.manageyards.view.Newsap.m.Button{\"propertyName\":\"text\",\"key\":\"save\"}"}]}
RESULT: undefined
COMMAND: POST /session/5d4f89c809828bc74d2aa9c512c29ea4/element - {"using":"xpath","value":"//*[@id=\"__button18\"]"}
RESULT: {"using":"xpath","value":"//*[@id=\"__button18\"]"}
COMMAND: POST /session/5d4f89c809828bc74d2aa9c512c29ea4/element/f.531E98D0DADB2C7D9F82DA313210FC25.d.30334C1486945681AF0B41CE207D7A06.e.548/click - {}
RESULT: {}
COMMAND: GET /session/5d4f89c809828bc74d2aa9c512c29ea4/screenshot - {}
RESULT: {}
COMMAND: POST /session/5d4f89c809828bc74d2aa9c512c29ea4/element - {"using":"xpath","value":"//header/div/div[2]/div[2]/span"}
RESULT: {"using":"xpath","value":"//header/div/div[2]/div[2]/span"}
COMMAND: GET /session/5d4f89c809828bc74d2aa9c512c29ea4/element/f.531E98D0DADB2C7D9F82DA313210FC25.d.30334C1486945681AF0B41CE207D7A06.e.824/text - {}
RESULT: {}
COMMAND: POST /session/5d4f89c809828bc74d2aa9c512c29ea4/execute/async - {"script":"<script> [1562 bytes]","args":[{"selector":{"controlType":"sap.m.OverflowToolbarButton","viewName":"etm.portal.ui.manageyards.view.Detail","viewId":"application-manageyards-display-component---detailYard","i18NText":{"propertyName":"tooltip","key":"closeColumn"},"interaction":{"idSuffix":"inner"}},"wdio_ui5_key":"etmportal.ui.manageyards.view.Detailsap.m.OverflowToolbarButton{\"propertyName\":\"tooltip\",\"key\":\"closeColumn\"}"}]}
RESULT: {"script":"<script> [1562 bytes]","args":[{"selector":{"controlType":"sap.m.OverflowToolbarButton","viewName":"etm.portal.ui.manageyards.view.Detail","viewId":"application-manageyards-display-component---detailYard","i18NText":{"propertyName":"tooltip","key":"closeColumn"},"interaction":{"idSuffix":"inner"}},"wdio_ui5_key":"etmportal.ui.manageyards.view.Detailsap.m.OverflowToolbarButton{\"propertyName\":\"tooltip\",\"key\":\"closeColumn\"}"}]}
RESULT: undefined
COMMAND: POST /session/5d4f89c809828bc74d2aa9c512c29ea4/element - {"using":"xpath","value":"//*[@id=\"__button42\"]"}
RESULT: {"using":"xpath","value":"//*[@id=\"__button42\"]"}
COMMAND: POST /session/5d4f89c809828bc74d2aa9c512c29ea4/element/f.531E98D0DADB2C7D9F82DA313210FC25.d.30334C1486945681AF0B41CE207D7A06.e.826/click - {}
RESULT: {}
COMMAND: GET /session/5d4f89c809828bc74d2aa9c512c29ea4/screenshot - {}
RESULT: {}
COMMAND: POST /session/5d4f89c809828bc74d2aa9c512c29ea4/element - {"using":"css selector","value":"#shell-header-logo"}
RESULT: {"using":"css selector","value":"#shell-header-logo"}
COMMAND: POST /session/5d4f89c809828bc74d2aa9c512c29ea4/element/f.531E98D0DADB2C7D9F82DA313210FC25.d.30334C1486945681AF0B41CE207D7A06.e.114/click - {}
RESULT: {}
COMMAND: GET /session/5d4f89c809828bc74d2aa9c512c29ea4/screenshot - {}
RESULT: {}
COMMAND: POST /session/5d4f89c809828bc74d2aa9c512c29ea4/refresh - {}
RESULT: {}
COMMAND: GET /session/5d4f89c809828bc74d2aa9c512c29ea4/screenshot - {}
RESULT: {}
COMMAND: POST /session/5d4f89c809828bc74d2aa9c512c29ea4/execute/async - {"script":"<script> [189 bytes]","args":[]}
RESULT: {"script":"<script> [189 bytes]","args":[]}
COMMAND: POST /session/5d4f89c809828bc74d2aa9c512c29ea4/execute/async - {"script":"<script> [123 bytes]","args":[]}
RESULT: {"script":"<script> [123 bytes]","args":[]}
COMMAND: POST /session/5d4f89c809828bc74d2aa9c512c29ea4/timeouts - {"script":"<number>"}
RESULT: {"script":"<number>"}
COMMAND: GET /session/5d4f89c809828bc74d2aa9c512c29ea4/timeouts - {}
RESULT: {}
RESULT: undefined
COMMAND: POST /session/5d4f89c809828bc74d2aa9c512c29ea4/execute/async - {"script":"<script> [2676 bytes]","args":[]}
RESULT: {"script":"<script> [2676 bytes]","args":[]}
COMMAND: POST /session/5d4f89c809828bc74d2aa9c512c29ea4/execute/async - {"script":"<script> [2342 bytes]","args":[{"protocol":"http","hostname":"0.0.0.0","path":"/","capabilities":{"browserName":"chrome","goog:chromeOptions":{"binary":"C:\\Program Files\\Google\\Chrome\\Application\\chrome.exe","args":["--start-maximized"]}},"logLevel":"warn","connectionRetryTimeout":120000,"connectionRetryCount":3,"logLevels":{},"enableDirectConnect":true,"strictSSL":true,"_":"65 more keys: [\"cacheDir\",\"port\",\"requestedCapabilities\",\"automationProtocol\",\"baseUrl\",\"waitforInterval\",\"waitforTimeout\",\"onReload\",\"beforeCommand\",\"afterCommand\",\"rootDir\",\"specs\",\"suites\",\"exclude\",\"groupLogsByTestSpec\",\"excludeDriverLogs\",\"bail\",\"framework\",\"reporters\",\"services\",\"maxInstances\",\"maxInstancesPerCapability\",\"injectGlobals\",\"filesToWatch\",\"execArgv\",\"runnerEnv\",\"runner\",\"shard\",\"specFileRetries\",\"specFileRetriesDelay\",\"specFileRetriesDeferred\",\"reporterSyncInterval\",\"reporterSyncTimeout\",\"cucumberFeaturesWithLineNumbers\",\"autoCompileOpts\",\"mochaOpts\",\"jasmineOpts\",\"cucumberOpts\",\"onPrepare\",\"onWorkerStart\",\"onWorkerEnd\",\"before\",\"beforeSession\",\"beforeSuite\",\"beforeHook\",\"beforeTest\",\"afterTest\",\"afterHook\",\"afterSuite\",\"afterSession\",\"after\",\"onComplete\",\"beforeAssertion\",\"afterAssertion\",\"beforeFeature\",\"beforeScenario\",\"beforeStep\",\"afterStep\",\"afterScenario\",\"afterFeature\",\"_\",\"suite\",\"$0\",\"ignoredWorkerServices\",\"wdi5\"]"}]}
RESULT: {"script":"<script> [2342 bytes]","args":[{"protocol":"http","hostname":"0.0.0.0","path":"/","capabilities":{"browserName":"chrome","goog:chromeOptions":{"binary":"C:\\Program Files\\Google\\Chrome\\Application\\chrome.exe","args":["--start-maximized"]}},"logLevel":"warn","connectionRetryTimeout":120000,"connectionRetryCount":3,"logLevels":{},"enableDirectConnect":true,"strictSSL":true,"_":"65 more keys: [\"cacheDir\",\"port\",\"requestedCapabilities\",\"automationProtocol\",\"baseUrl\",\"waitforInterval\",\"waitforTimeout\",\"onReload\",\"beforeCommand\",\"afterCommand\",\"rootDir\",\"specs\",\"suites\",\"exclude\",\"groupLogsByTestSpec\",\"excludeDriverLogs\",\"bail\",\"framework\",\"reporters\",\"services\",\"maxInstances\",\"maxInstancesPerCapability\",\"injectGlobals\",\"filesToWatch\",\"execArgv\",\"runnerEnv\",\"runner\",\"shard\",\"specFileRetries\",\"specFileRetriesDelay\",\"specFileRetriesDeferred\",\"reporterSyncInterval\",\"reporterSyncTimeout\",\"cucumberFeaturesWithLineNumbers\",\"autoCompileOpts\",\"mochaOpts\",\"jasmineOpts\",\"cucumberOpts\",\"onPrepare\",\"onWorkerStart\",\"onWorkerEnd\",\"before\",\"beforeSession\",\"beforeSuite\",\"beforeHook\",\"beforeTest\",\"afterTest\",\"afterHook\",\"afterSuite\",\"afterSession\",\"after\",\"onComplete\",\"beforeAssertion\",\"afterAssertion\",\"beforeFeature\",\"beforeScenario\",\"beforeStep\",\"afterStep\",\"afterScenario\",\"afterFeature\",\"_\",\"suite\",\"$0\",\"ignoredWorkerServices\",\"wdi5\"]"}]}
COMMAND: POST /session/5d4f89c809828bc74d2aa9c512c29ea4/execute/async - {"script":"<script> [21126 bytes]","args":[35000]}
RESULT: {"script":"<script> [21126 bytes]","args":[35000]}
COMMAND: POST /session/5d4f89c809828bc74d2aa9c512c29ea4/execute/async - {"script":"<script> [1562 bytes]","args":[{"selector":{"controlType":"sap.m.GenericTile","properties":{"header":"Manage Partners"}},"wdio_ui5_key":"sapm.GenericTile{\"header\":\"Manage Partners\"}"}]}
RESULT: {"script":"<script> [1562 bytes]","args":[{"selector":{"controlType":"sap.m.GenericTile","properties":{"header":"Manage Partners"}},"wdio_ui5_key":"sapm.GenericTile{\"header\":\"Manage Partners\"}"}]}
RESULT: undefined
COMMAND: POST /session/5d4f89c809828bc74d2aa9c512c29ea4/element - {"using":"xpath","value":"//*[@id=\"__tile38\"]"}
RESULT: {"using":"xpath","value":"//*[@id=\"__tile38\"]"}
COMMAND: POST /session/5d4f89c809828bc74d2aa9c512c29ea4/element/f.531E98D0DADB2C7D9F82DA313210FC25.d.48134009713C3C38C710BF2F60472ACA.e.1178/click - {}
RESULT: {}
COMMAND: GET /session/5d4f89c809828bc74d2aa9c512c29ea4/screenshot - {}
RESULT: {}
COMMAND: POST /session/5d4f89c809828bc74d2aa9c512c29ea4/execute/async - {"script":"<script> [1562 bytes]","args":[{"selector":{"controlType":"sap.ui.core.Icon","viewName":"etm.portal.ui.managepartners.view.Master","viewId":"application-managepartners-display-component---masterPtm","properties":{"src":{"regex":{"source":"add"}}}},"wdio_ui5_key":"etmportal.ui.managepartners.view.Mastersap.ui.core.Icon{\"src\":{\"regex\":{\"source\":\"add\"}}}"}]}
RESULT: {"script":"<script> [1562 bytes]","args":[{"selector":{"controlType":"sap.ui.core.Icon","viewName":"etm.portal.ui.managepartners.view.Master","viewId":"application-managepartners-display-component---masterPtm","properties":{"src":{"regex":{"source":"add"}}}},"wdio_ui5_key":"etmportal.ui.managepartners.view.Mastersap.ui.core.Icon{\"src\":{\"regex\":{\"source\":\"add\"}}}"}]}
RESULT: undefined
COMMAND: POST /session/5d4f89c809828bc74d2aa9c512c29ea4/element - {"using":"xpath","value":"//*[@id=\"__button4-img\"]"}
RESULT: {"using":"xpath","value":"//*[@id=\"__button4-img\"]"}
COMMAND: POST /session/5d4f89c809828bc74d2aa9c512c29ea4/element/f.531E98D0DADB2C7D9F82DA313210FC25.d.48134009713C3C38C710BF2F60472ACA.e.1229/click - {}
RESULT: {}
COMMAND: GET /session/5d4f89c809828bc74d2aa9c512c29ea4/screenshot - {}
COMMAND: POST /session/5d4f89c809828bc74d2aa9c512c29ea4/execute/async - {"script":"<script> [1562 bytes]","args":[{"selector":{"id":"application-managepartners-display-component---NewPartner--partnerId","interaction":{"idSuffix":"inner"}},"wdio_ui5_key":"applicationmanagepartners-display-component---NewPartner--partnerId"}]}
RESULT: {}
RESULT: {"script":"<script> [1562 bytes]","args":[{"selector":{"id":"application-managepartners-display-component---NewPartner--partnerId","interaction":{"idSuffix":"inner"}},"wdio_ui5_key":"applicationmanagepartners-display-component---NewPartner--partnerId"}]}
RESULT: undefined
COMMAND: POST /session/5d4f89c809828bc74d2aa9c512c29ea4/execute/async - {"script":"<script> [1562 bytes]","args":[{"selector":{"id":"application-managepartners-display-component---NewPartner--addressDetailDetailsName1","interaction":{"idSuffix":"inner"}},"wdio_ui5_key":"applicationmanagepartners-display-component---NewPartner--addressDetailDetailsName1"}]}
RESULT: {"script":"<script> [1562 bytes]","args":[{"selector":{"id":"application-managepartners-display-component---NewPartner--addressDetailDetailsName1","interaction":{"idSuffix":"inner"}},"wdio_ui5_key":"applicationmanagepartners-display-component---NewPartner--addressDetailDetailsName1"}]}
RESULT: undefined
COMMAND: POST /session/5d4f89c809828bc74d2aa9c512c29ea4/execute/async - {"script":"<script> [776 bytes]","args":[{"enterText":"WebdriverPartner4evzu","selector":{"id":"application-managepartners-display-component---NewPartner--addressDetailDetailsName1","interaction":{"idSuffix":"inner"}},"clearTextFirst":true,"interactionType":"ENTER_TEXT"}]}
RESULT: {"script":"<script> [776 bytes]","args":[{"enterText":"WebdriverPartner4evzu","selector":{"id":"application-managepartners-display-component---NewPartner--addressDetailDetailsName1","interaction":{"idSuffix":"inner"}},"clearTextFirst":true,"interactionType":"ENTER_TEXT"}]}
COMMAND: POST /session/5d4f89c809828bc74d2aa9c512c29ea4/execute/async - {"script":"<script> [1562 bytes]","args":[{"selector":{"id":"application-managepartners-display-component---NewPartner--addressDetailDetailsLanguage","interaction":{"idSuffix":"inner"}},"wdio_ui5_key":"applicationmanagepartners-display-component---NewPartner--addressDetailDetailsLanguage"}]}
RESULT: {"script":"<script> [1562 bytes]","args":[{"selector":{"id":"application-managepartners-display-component---NewPartner--addressDetailDetailsLanguage","interaction":{"idSuffix":"inner"}},"wdio_ui5_key":"applicationmanagepartners-display-component---NewPartner--addressDetailDetailsLanguage"}]}
RESULT: undefined
COMMAND: POST /session/5d4f89c809828bc74d2aa9c512c29ea4/execute/async - {"script":"<script> [776 bytes]","args":[{"enterText":"Romanian","selector":{"id":"application-managepartners-display-component---NewPartner--addressDetailDetailsLanguage","interaction":{"idSuffix":"inner"}},"clearTextFirst":true,"interactionType":"ENTER_TEXT"}]}
RESULT: {"script":"<script> [776 bytes]","args":[{"enterText":"Romanian","selector":{"id":"application-managepartners-display-component---NewPartner--addressDetailDetailsLanguage","interaction":{"idSuffix":"inner"}},"clearTextFirst":true,"interactionType":"ENTER_TEXT"}]}
COMMAND: POST /session/5d4f89c809828bc74d2aa9c512c29ea4/element - {"using":"xpath","value":"//input[contains(@id ,\"application-managepartners-display-component---NewPartner--addressDetailDetailsName1-inner\")]"}
RESULT: {"using":"xpath","value":"//input[contains(@id ,\"application-managepartners-display-component---NewPartner--addressDetailDetailsName1-inner\")]"}
COMMAND: GET /session/5d4f89c809828bc74d2aa9c512c29ea4/element/f.531E98D0DADB2C7D9F82DA313210FC25.d.48134009713C3C38C710BF2F60472ACA.e.1447/property/value - {}
RESULT: {}
COMMAND: POST /session/5d4f89c809828bc74d2aa9c512c29ea4/execute/async - {"script":"<script> [1562 bytes]","args":[{"selector":{"id":"application-managepartners-display-component---NewPartner--addressDetailDetailsCity1","interaction":{"idSuffix":"inner"}},"wdio_ui5_key":"applicationmanagepartners-display-component---NewPartner--addressDetailDetailsCity1"}]}
COMMAND: GET /session/5d4f89c809828bc74d2aa9c512c29ea4/screenshot - {}
RESULT: {"script":"<script> [1562 bytes]","args":[{"selector":{"id":"application-managepartners-display-component---NewPartner--addressDetailDetailsCity1","interaction":{"idSuffix":"inner"}},"wdio_ui5_key":"applicationmanagepartners-display-component---NewPartner--addressDetailDetailsCity1"}]}
RESULT: undefined
COMMAND: POST /session/5d4f89c809828bc74d2aa9c512c29ea4/execute/async - {"script":"<script> [776 bytes]","args":[{"enterText":"Bucharest","selector":{"id":"application-managepartners-display-component---NewPartner--addressDetailDetailsCity1","interaction":{"idSuffix":"inner"}},"clearTextFirst":true,"interactionType":"ENTER_TEXT"}]}
RESULT: {}
RESULT: {"script":"<script> [776 bytes]","args":[{"enterText":"Bucharest","selector":{"id":"application-managepartners-display-component---NewPartner--addressDetailDetailsCity1","interaction":{"idSuffix":"inner"}},"clearTextFirst":true,"interactionType":"ENTER_TEXT"}]}
COMMAND: POST /session/5d4f89c809828bc74d2aa9c512c29ea4/execute/async - {"script":"<script> [1562 bytes]","args":[{"selector":{"id":"application-managepartners-display-component---NewPartner--addressDetailDetailsCountry","interaction":{"idSuffix":"inner"}},"wdio_ui5_key":"applicationmanagepartners-display-component---NewPartner--addressDetailDetailsCountry"}]}
RESULT: {"script":"<script> [1562 bytes]","args":[{"selector":{"id":"application-managepartners-display-component---NewPartner--addressDetailDetailsCountry","interaction":{"idSuffix":"inner"}},"wdio_ui5_key":"applicationmanagepartners-display-component---NewPartner--addressDetailDetailsCountry"}]}
RESULT: undefined
COMMAND: POST /session/5d4f89c809828bc74d2aa9c512c29ea4/execute/async - {"script":"<script> [6424 bytes]","args":[{"element-6066-11e4-a52e-4f735466cecf":"f.531E98D0DADB2C7D9F82DA313210FC25.d.48134009713C3C38C710BF2F60472ACA.e.1454"},"setValue",["Romania"]]}
RESULT: {"script":"<script> [6424 bytes]","args":[{"element-6066-11e4-a52e-4f735466cecf":"f.531E98D0DADB2C7D9F82DA313210FC25.d.48134009713C3C38C710BF2F60472ACA.e.1454"},"setValue",["Romania"]]}
COMMAND: POST /session/5d4f89c809828bc74d2aa9c512c29ea4/execute/async - {"script":"<script> [1562 bytes]","args":[{"selector":{"id":"application-managepartners-display-component---NewPartner--partnerDetailInternal","interaction":{"idSuffix":"inner"}},"wdio_ui5_key":"applicationmanagepartners-display-component---NewPartner--partnerDetailInternal"}]}
RESULT: {"script":"<script> [1562 bytes]","args":[{"selector":{"id":"application-managepartners-display-component---NewPartner--partnerDetailInternal","interaction":{"idSuffix":"inner"}},"wdio_ui5_key":"applicationmanagepartners-display-component---NewPartner--partnerDetailInternal"}]}
RESULT: undefined
COMMAND: POST /session/5d4f89c809828bc74d2aa9c512c29ea4/execute/async - {"script":"<script> [776 bytes]","args":[{"enterText":"External partner","selector":{"id":"application-managepartners-display-component---NewPartner--partnerDetailInternal","interaction":{"idSuffix":"inner"}},"clearTextFirst":true,"interactionType":"ENTER_TEXT"}]}
RESULT: {"script":"<script> [776 bytes]","args":[{"enterText":"External partner","selector":{"id":"application-managepartners-display-component---NewPartner--partnerDetailInternal","interaction":{"idSuffix":"inner"}},"clearTextFirst":true,"interactionType":"ENTER_TEXT"}]}
COMMAND: POST /session/5d4f89c809828bc74d2aa9c512c29ea4/execute/async - {"script":"<script> [1562 bytes]","args":[{"selector":{"id":"application-managepartners-display-component---NewPartner--partnerDetailsCurrency","interaction":{"idSuffix":"inner"}},"wdio_ui5_key":"applicationmanagepartners-display-component---NewPartner--partnerDetailsCurrency"}]}
RESULT: {"script":"<script> [1562 bytes]","args":[{"selector":{"id":"application-managepartners-display-component---NewPartner--partnerDetailsCurrency","interaction":{"idSuffix":"inner"}},"wdio_ui5_key":"applicationmanagepartners-display-component---NewPartner--partnerDetailsCurrency"}]}
RESULT: undefined
COMMAND: POST /session/5d4f89c809828bc74d2aa9c512c29ea4/execute/async - {"script":"<script> [776 bytes]","args":[{"enterText":"Euro","selector":{"id":"application-managepartners-display-component---NewPartner--partnerDetailsCurrency","interaction":{"idSuffix":"inner"}},"clearTextFirst":true,"interactionType":"ENTER_TEXT"}]}
RESULT: {"script":"<script> [776 bytes]","args":[{"enterText":"Euro","selector":{"id":"application-managepartners-display-component---NewPartner--partnerDetailsCurrency","interaction":{"idSuffix":"inner"}},"clearTextFirst":true,"interactionType":"ENTER_TEXT"}]}
COMMAND: POST /session/5d4f89c809828bc74d2aa9c512c29ea4/execute/async - {"script":"<script> [1562 bytes]","args":[{"selector":{"controlType":"sap.m.Button","viewName":"etm.portal.ui.managepartners.view.NewPartner","viewId":"application-managepartners-display-component---NewPartner","properties":{"text":"Commercial"},"interaction":{"idSuffix":"BDI-content"}},"wdio_ui5_key":"etmportal.ui.managepartners.view.NewPartnersap.m.Button{\"text\":\"Commercial\"}"}]}
RESULT: {"script":"<script> [1562 bytes]","args":[{"selector":{"controlType":"sap.m.Button","viewName":"etm.portal.ui.managepartners.view.NewPartner","viewId":"application-managepartners-display-component---NewPartner","properties":{"text":"Commercial"},"interaction":{"idSuffix":"BDI-content"}},"wdio_ui5_key":"etmportal.ui.managepartners.view.NewPartnersap.m.Button{\"text\":\"Commercial\"}"}]}
RESULT: undefined
COMMAND: POST /session/5d4f89c809828bc74d2aa9c512c29ea4/element - {"using":"xpath","value":"//*[@id=\"application-managepartners-display-component---NewPartner--ObjectPageLayout-anchBar-__section5-anchor\"]"}
RESULT: {"using":"xpath","value":"//*[@id=\"application-managepartners-display-component---NewPartner--ObjectPageLayout-anchBar-__section5-anchor\"]"}
COMMAND: POST /session/5d4f89c809828bc74d2aa9c512c29ea4/element/f.531E98D0DADB2C7D9F82DA313210FC25.d.48134009713C3C38C710BF2F60472ACA.e.1650/click - {}
RESULT: {}
COMMAND: GET /session/5d4f89c809828bc74d2aa9c512c29ea4/screenshot - {}
RESULT: {}
COMMAND: POST /session/5d4f89c809828bc74d2aa9c512c29ea4/execute/async - {"script":"<script> [1562 bytes]","args":[{"selector":{"id":"application-managepartners-display-component---NewPartner--btnAddTableRow-img"},"wdio_ui5_key":"applicationmanagepartners-display-component---NewPartner--btnAddTableRow-img"}]}
RESULT: {"script":"<script> [1562 bytes]","args":[{"selector":{"id":"application-managepartners-display-component---NewPartner--btnAddTableRow-img"},"wdio_ui5_key":"applicationmanagepartners-display-component---NewPartner--btnAddTableRow-img"}]}
RESULT: undefined
COMMAND: POST /session/5d4f89c809828bc74d2aa9c512c29ea4/element - {"using":"xpath","value":"//*[@id=\"application-managepartners-display-component---NewPartner--btnAddTableRow-img\"]"}
RESULT: {"using":"xpath","value":"//*[@id=\"application-managepartners-display-component---NewPartner--btnAddTableRow-img\"]"}
COMMAND: POST /session/5d4f89c809828bc74d2aa9c512c29ea4/element/f.531E98D0DADB2C7D9F82DA313210FC25.d.48134009713C3C38C710BF2F60472ACA.e.1656/click - {}
RESULT: {}
COMMAND: POST /session/5d4f89c809828bc74d2aa9c512c29ea4/element - {"using":"xpath","value":"//input[contains(@id ,\"application-managepartners-display-component---NewPartner--assignmentYard-application-managepartners-display-component---NewPartner\")]"}
COMMAND: GET /session/5d4f89c809828bc74d2aa9c512c29ea4/screenshot - {}
RESULT: {"using":"xpath","value":"//input[contains(@id ,\"application-managepartners-display-component---NewPartner--assignmentYard-application-managepartners-display-component---NewPartner\")]"}
COMMAND: POST /session/5d4f89c809828bc74d2aa9c512c29ea4/element/f.531E98D0DADB2C7D9F82DA313210FC25.d.48134009713C3C38C710BF2F60472ACA.e.1659/clear - {}
RESULT: {}
RESULT: {}
COMMAND: POST /session/5d4f89c809828bc74d2aa9c512c29ea4/element/f.531E98D0DADB2C7D9F82DA313210FC25.d.48134009713C3C38C710BF2F60472ACA.e.1659/value - {"text":"602"}
COMMAND: GET /session/5d4f89c809828bc74d2aa9c512c29ea4/screenshot - {}
RESULT: {"text":"602"}
COMMAND: GET /session/5d4f89c809828bc74d2aa9c512c29ea4/screenshot - {}
RESULT: {}
RESULT: {}
COMMAND: POST /session/5d4f89c809828bc74d2aa9c512c29ea4/execute/async - {"script":"<script> [1562 bytes]","args":[{"selector":{"controlType":"sap.m.Button","viewName":"etm.portal.ui.managepartners.view.NewPartner","viewId":"application-managepartners-display-component---NewPartner","i18NText":{"propertyName":"text","key":"save"},"interaction":{"idSuffix":"BDI-content"}},"wdio_ui5_key":"etmportal.ui.managepartners.view.NewPartnersap.m.Button{\"propertyName\":\"text\",\"key\":\"save\"}"}]}
RESULT: {"script":"<script> [1562 bytes]","args":[{"selector":{"controlType":"sap.m.Button","viewName":"etm.portal.ui.managepartners.view.NewPartner","viewId":"application-managepartners-display-component---NewPartner","i18NText":{"propertyName":"text","key":"save"},"interaction":{"idSuffix":"BDI-content"}},"wdio_ui5_key":"etmportal.ui.managepartners.view.NewPartnersap.m.Button{\"propertyName\":\"text\",\"key\":\"save\"}"}]}
RESULT: undefined
COMMAND: POST /session/5d4f89c809828bc74d2aa9c512c29ea4/element - {"using":"xpath","value":"//*[@id=\"__button12\"]"}
RESULT: {"using":"xpath","value":"//*[@id=\"__button12\"]"}
COMMAND: POST /session/5d4f89c809828bc74d2aa9c512c29ea4/element/f.531E98D0DADB2C7D9F82DA313210FC25.d.48134009713C3C38C710BF2F60472ACA.e.1624/click - {}
RESULT: {}
COMMAND: GET /session/5d4f89c809828bc74d2aa9c512c29ea4/screenshot - {}
RESULT: {}
COMMAND: POST /session/5d4f89c809828bc74d2aa9c512c29ea4/element - {"using":"xpath","value":"//header/div/div[2]/div[2]/span"}
RESULT: {"using":"xpath","value":"//header/div/div[2]/div[2]/span"}
COMMAND: GET /session/5d4f89c809828bc74d2aa9c512c29ea4/element/f.531E98D0DADB2C7D9F82DA313210FC25.d.48134009713C3C38C710BF2F60472ACA.e.1827/text - {}
RESULT: {}
COMMAND: POST /session/5d4f89c809828bc74d2aa9c512c29ea4/element - {"using":"xpath","value":"//header/div/div/div/div/div/div[2]/div/span"}
RESULT: {"using":"xpath","value":"//header/div/div/div/div/div/div[2]/div/span"}
COMMAND: GET /session/5d4f89c809828bc74d2aa9c512c29ea4/element/f.531E98D0DADB2C7D9F82DA313210FC25.d.48134009713C3C38C710BF2F60472ACA.e.1828/text - {}
RESULT: {}
COMMAND: POST /session/5d4f89c809828bc74d2aa9c512c29ea4/execute/async - {"script":"<script> [1562 bytes]","args":[{"selector":{"id":"application-managepartners-display-component---detailPtm--partnerType"},"wdio_ui5_key":"applicationmanagepartners-display-component---detailPtm--partnerType"}]}
RESULT: {"script":"<script> [1562 bytes]","args":[{"selector":{"id":"application-managepartners-display-component---detailPtm--partnerType"},"wdio_ui5_key":"applicationmanagepartners-display-component---detailPtm--partnerType"}]}
RESULT: undefined
COMMAND: POST /session/5d4f89c809828bc74d2aa9c512c29ea4/execute/async - {"script":"<script> [6424 bytes]","args":[{"element-6066-11e4-a52e-4f735466cecf":"f.531E98D0DADB2C7D9F82DA313210FC25.d.48134009713C3C38C710BF2F60472ACA.e.1829"},"getText",[]]}
RESULT: {"script":"<script> [6424 bytes]","args":[{"element-6066-11e4-a52e-4f735466cecf":"f.531E98D0DADB2C7D9F82DA313210FC25.d.48134009713C3C38C710BF2F60472ACA.e.1829"},"getText",[]]}
COMMAND: POST /session/5d4f89c809828bc74d2aa9c512c29ea4/element - {"using":"css selector","value":"#shell-header-logo"}
RESULT: {"using":"css selector","value":"#shell-header-logo"}
COMMAND: POST /session/5d4f89c809828bc74d2aa9c512c29ea4/element/f.531E98D0DADB2C7D9F82DA313210FC25.d.48134009713C3C38C710BF2F60472ACA.e.1181/click - {}
RESULT: {}
COMMAND: GET /session/5d4f89c809828bc74d2aa9c512c29ea4/screenshot - {}
RESULT: {}
COMMAND: POST /session/5d4f89c809828bc74d2aa9c512c29ea4/execute/async - {"script":"<script> [1562 bytes]","args":[{"selector":{"controlType":"sap.m.GenericTile","properties":{"header":"Manage Sites"}},"wdio_ui5_key":"sapm.GenericTile{\"header\":\"Manage Sites\"}"}]}
RESULT: {"script":"<script> [1562 bytes]","args":[{"selector":{"controlType":"sap.m.GenericTile","properties":{"header":"Manage Sites"}},"wdio_ui5_key":"sapm.GenericTile{\"header\":\"Manage Sites\"}"}]}
RESULT: undefined
COMMAND: POST /session/5d4f89c809828bc74d2aa9c512c29ea4/element - {"using":"xpath","value":"//*[@id=\"__tile40\"]"}
RESULT: {"using":"xpath","value":"//*[@id=\"__tile40\"]"}
COMMAND: POST /session/5d4f89c809828bc74d2aa9c512c29ea4/element/f.531E98D0DADB2C7D9F82DA313210FC25.d.48134009713C3C38C710BF2F60472ACA.e.1831/click - {}
RESULT: {}
COMMAND: GET /session/5d4f89c809828bc74d2aa9c512c29ea4/screenshot - {}
RESULT: {}
COMMAND: POST /session/5d4f89c809828bc74d2aa9c512c29ea4/execute/async - {"script":"<script> [1562 bytes]","args":[{"selector":{"controlType":"sap.ui.core.Icon","viewName":"etm.portal.ui.managesites.view.Master","viewId":"application-managesites-display-component---masterSite","properties":{"src":{"regex":{"source":"add"}}}},"wdio_ui5_key":"etmportal.ui.managesites.view.Mastersap.ui.core.Icon{\"src\":{\"regex\":{\"source\":\"add\"}}}"}]}
RESULT: {"script":"<script> [1562 bytes]","args":[{"selector":{"controlType":"sap.ui.core.Icon","viewName":"etm.portal.ui.managesites.view.Master","viewId":"application-managesites-display-component---masterSite","properties":{"src":{"regex":{"source":"add"}}}},"wdio_ui5_key":"etmportal.ui.managesites.view.Mastersap.ui.core.Icon{\"src\":{\"regex\":{\"source\":\"add\"}}}"}]}
RESULT: undefined
COMMAND: POST /session/5d4f89c809828bc74d2aa9c512c29ea4/element - {"using":"xpath","value":"//*[@id=\"__button52-img\"]"}
RESULT: {"using":"xpath","value":"//*[@id=\"__button52-img\"]"}
COMMAND: POST /session/5d4f89c809828bc74d2aa9c512c29ea4/element/f.531E98D0DADB2C7D9F82DA313210FC25.d.48134009713C3C38C710BF2F60472ACA.e.1890/click - {}
RESULT: {}
COMMAND: POST /session/5d4f89c809828bc74d2aa9c512c29ea4/execute/async - {"script":"<script> [1562 bytes]","args":[{"selector":{"id":"application-managesites-display-component---NewSite--siteId","interaction":{"idSuffix":"inner"}},"wdio_ui5_key":"applicationmanagesites-display-component---NewSite--siteId"}]}
COMMAND: GET /session/5d4f89c809828bc74d2aa9c512c29ea4/screenshot - {}
RESULT: {"script":"<script> [1562 bytes]","args":[{"selector":{"id":"application-managesites-display-component---NewSite--siteId","interaction":{"idSuffix":"inner"}},"wdio_ui5_key":"applicationmanagesites-display-component---NewSite--siteId"}]}
RESULT: undefined
COMMAND: POST /session/5d4f89c809828bc74d2aa9c512c29ea4/execute/async - {"script":"<script> [1562 bytes]","args":[{"selector":{"id":"application-managesites-display-component---NewSite--addressDetailDetailsName1","interaction":{"idSuffix":"inner"}},"wdio_ui5_key":"applicationmanagesites-display-component---NewSite--addressDetailDetailsName1"}]}
RESULT: {}
RESULT: {"script":"<script> [1562 bytes]","args":[{"selector":{"id":"application-managesites-display-component---NewSite--addressDetailDetailsName1","interaction":{"idSuffix":"inner"}},"wdio_ui5_key":"applicationmanagesites-display-component---NewSite--addressDetailDetailsName1"}]}
RESULT: undefined
COMMAND: POST /session/5d4f89c809828bc74d2aa9c512c29ea4/execute/async - {"script":"<script> [776 bytes]","args":[{"enterText":"WebdriverSiteu6xqu","selector":{"id":"application-managesites-display-component---NewSite--addressDetailDetailsName1","interaction":{"idSuffix":"inner"}},"clearTextFirst":true,"interactionType":"ENTER_TEXT"}]}
RESULT: {"script":"<script> [776 bytes]","args":[{"enterText":"WebdriverSiteu6xqu","selector":{"id":"application-managesites-display-component---NewSite--addressDetailDetailsName1","interaction":{"idSuffix":"inner"}},"clearTextFirst":true,"interactionType":"ENTER_TEXT"}]}
COMMAND: POST /session/5d4f89c809828bc74d2aa9c512c29ea4/execute/async - {"script":"<script> [1562 bytes]","args":[{"selector":{"id":"application-managesites-display-component---NewSite--addressDetailDetailsLanguage","interaction":{"idSuffix":"inner"}},"wdio_ui5_key":"applicationmanagesites-display-component---NewSite--addressDetailDetailsLanguage"}]}
RESULT: {"script":"<script> [1562 bytes]","args":[{"selector":{"id":"application-managesites-display-component---NewSite--addressDetailDetailsLanguage","interaction":{"idSuffix":"inner"}},"wdio_ui5_key":"applicationmanagesites-display-component---NewSite--addressDetailDetailsLanguage"}]}
RESULT: undefined
COMMAND: POST /session/5d4f89c809828bc74d2aa9c512c29ea4/execute/async - {"script":"<script> [776 bytes]","args":[{"enterText":"Romanian","selector":{"id":"application-managesites-display-component---NewSite--addressDetailDetailsLanguage","interaction":{"idSuffix":"inner"}},"clearTextFirst":true,"interactionType":"ENTER_TEXT"}]}
RESULT: {"script":"<script> [776 bytes]","args":[{"enterText":"Romanian","selector":{"id":"application-managesites-display-component---NewSite--addressDetailDetailsLanguage","interaction":{"idSuffix":"inner"}},"clearTextFirst":true,"interactionType":"ENTER_TEXT"}]}
COMMAND: POST /session/5d4f89c809828bc74d2aa9c512c29ea4/execute/async - {"script":"<script> [1562 bytes]","args":[{"selector":{"id":"application-managesites-display-component---NewSite--addressDetailDetailsCity1","interaction":{"idSuffix":"inner"}},"wdio_ui5_key":"applicationmanagesites-display-component---NewSite--addressDetailDetailsCity1"}]}
RESULT: {"script":"<script> [1562 bytes]","args":[{"selector":{"id":"application-managesites-display-component---NewSite--addressDetailDetailsCity1","interaction":{"idSuffix":"inner"}},"wdio_ui5_key":"applicationmanagesites-display-component---NewSite--addressDetailDetailsCity1"}]}
RESULT: undefined
COMMAND: POST /session/5d4f89c809828bc74d2aa9c512c29ea4/execute/async - {"script":"<script> [776 bytes]","args":[{"enterText":"Bucharest","selector":{"id":"application-managesites-display-component---NewSite--addressDetailDetailsCity1","interaction":{"idSuffix":"inner"}},"clearTextFirst":true,"interactionType":"ENTER_TEXT"}]}
RESULT: {"script":"<script> [776 bytes]","args":[{"enterText":"Bucharest","selector":{"id":"application-managesites-display-component---NewSite--addressDetailDetailsCity1","interaction":{"idSuffix":"inner"}},"clearTextFirst":true,"interactionType":"ENTER_TEXT"}]}
COMMAND: POST /session/5d4f89c809828bc74d2aa9c512c29ea4/execute/async - {"script":"<script> [1562 bytes]","args":[{"selector":{"id":"application-managesites-display-component---NewSite--addressDetailDetailsCountry","interaction":{"idSuffix":"inner"}},"wdio_ui5_key":"applicationmanagesites-display-component---NewSite--addressDetailDetailsCountry"}]}
RESULT: {"script":"<script> [1562 bytes]","args":[{"selector":{"id":"application-managesites-display-component---NewSite--addressDetailDetailsCountry","interaction":{"idSuffix":"inner"}},"wdio_ui5_key":"applicationmanagesites-display-component---NewSite--addressDetailDetailsCountry"}]}
RESULT: undefined
COMMAND: POST /session/5d4f89c809828bc74d2aa9c512c29ea4/execute/async - {"script":"<script> [776 bytes]","args":[{"enterText":"Romania","selector":{"id":"application-managesites-display-component---NewSite--addressDetailDetailsCountry","interaction":{"idSuffix":"inner"}},"clearTextFirst":true,"interactionType":"ENTER_TEXT"}]}
RESULT: {"script":"<script> [776 bytes]","args":[{"enterText":"Romania","selector":{"id":"application-managesites-display-component---NewSite--addressDetailDetailsCountry","interaction":{"idSuffix":"inner"}},"clearTextFirst":true,"interactionType":"ENTER_TEXT"}]}
COMMAND: POST /session/5d4f89c809828bc74d2aa9c512c29ea4/element - {"using":"css selector","value":"#application-managesites-display-component---NewSite--addressDetailDetailsCalendar-inner"}
RESULT: {"using":"css selector","value":"#application-managesites-display-component---NewSite--addressDetailDetailsCalendar-inner"}
COMMAND: POST /session/5d4f89c809828bc74d2aa9c512c29ea4/element/f.531E98D0DADB2C7D9F82DA313210FC25.d.48134009713C3C38C710BF2F60472ACA.e.2079/clear - {}
RESULT: {}
COMMAND: POST /session/5d4f89c809828bc74d2aa9c512c29ea4/element/f.531E98D0DADB2C7D9F82DA313210FC25.d.48134009713C3C38C710BF2F60472ACA.e.2079/value - {"text":"Germany"}
COMMAND: GET /session/5d4f89c809828bc74d2aa9c512c29ea4/screenshot - {}
RESULT: {"text":"Germany"}
COMMAND: POST /session/5d4f89c809828bc74d2aa9c512c29ea4/execute/async - {"script":"<script> [1562 bytes]","args":[{"selector":{"id":"application-managesites-display-component---NewSite--addressEditDetailsCostObjectCstType-arrow"},"wdio_ui5_key":"applicationmanagesites-display-component---NewSite--addressEditDetailsCostObjectCstType-arrow"}]}
COMMAND: GET /session/5d4f89c809828bc74d2aa9c512c29ea4/screenshot - {}
RESULT: {}
RESULT: {"script":"<script> [1562 bytes]","args":[{"selector":{"id":"application-managesites-display-component---NewSite--addressEditDetailsCostObjectCstType-arrow"},"wdio_ui5_key":"applicationmanagesites-display-component---NewSite--addressEditDetailsCostObjectCstType-arrow"}]}
RESULT: undefined
COMMAND: POST /session/5d4f89c809828bc74d2aa9c512c29ea4/element - {"using":"xpath","value":"//*[@id=\"application-managesites-display-component---NewSite--addressEditDetailsCostObjectCstType-arrow\"]"}
RESULT: {}
RESULT: {"using":"xpath","value":"//*[@id=\"application-managesites-display-component---NewSite--addressEditDetailsCostObjectCstType-arrow\"]"}
COMMAND: POST /session/5d4f89c809828bc74d2aa9c512c29ea4/element/f.531E98D0DADB2C7D9F82DA313210FC25.d.48134009713C3C38C710BF2F60472ACA.e.2260/click - {}
RESULT: {}
COMMAND: POST /session/5d4f89c809828bc74d2aa9c512c29ea4/element - {"using":"xpath","value":"//span[contains(text(), \"Work Breakdown Structure\")]"}
COMMAND: GET /session/5d4f89c809828bc74d2aa9c512c29ea4/screenshot - {}
RESULT: {"using":"xpath","value":"//span[contains(text(), \"Work Breakdown Structure\")]"}
COMMAND: POST /session/5d4f89c809828bc74d2aa9c512c29ea4/element/f.531E98D0DADB2C7D9F82DA313210FC25.d.48134009713C3C38C710BF2F60472ACA.e.2261/click - {}
RESULT: {}
RESULT: {}
COMMAND: GET /session/5d4f89c809828bc74d2aa9c512c29ea4/screenshot - {}
RESULT: {}
COMMAND: POST /session/5d4f89c809828bc74d2aa9c512c29ea4/execute/async - {"script":"<script> [1562 bytes]","args":[{"selector":{"id":"application-managesites-display-component---NewSite--addressNewCostObjectCstID-vhi"},"wdio_ui5_key":"applicationmanagesites-display-component---NewSite--addressNewCostObjectCstID-vhi"}]}
RESULT: {"script":"<script> [1562 bytes]","args":[{"selector":{"id":"application-managesites-display-component---NewSite--addressNewCostObjectCstID-vhi"},"wdio_ui5_key":"applicationmanagesites-display-component---NewSite--addressNewCostObjectCstID-vhi"}]}
RESULT: undefined
COMMAND: POST /session/5d4f89c809828bc74d2aa9c512c29ea4/element - {"using":"xpath","value":"//*[@id=\"application-managesites-display-component---NewSite--addressNewCostObjectCstID-vhi\"]"}
RESULT: {"using":"xpath","value":"//*[@id=\"application-managesites-display-component---NewSite--addressNewCostObjectCstID-vhi\"]"}
COMMAND: POST /session/5d4f89c809828bc74d2aa9c512c29ea4/element/f.531E98D0DADB2C7D9F82DA313210FC25.d.48134009713C3C38C710BF2F60472ACA.e.2266/click - {}
RESULT: {}
COMMAND: GET /session/5d4f89c809828bc74d2aa9c512c29ea4/screenshot - {}
RESULT: {}
COMMAND: POST /session/5d4f89c809828bc74d2aa9c512c29ea4/execute/async - {"script":"<script> [1562 bytes]","args":[{"selector":{"controlType":"sap.m.SearchField","properties":{"placeholder":"Search"},"searchOpenDialogs":true,"interaction":{"idSuffix":"I"}},"wdio_ui5_key":"sapm.SearchField{\"placeholder\":\"Search\"}"}]}
RESULT: {"script":"<script> [1562 bytes]","args":[{"selector":{"controlType":"sap.m.SearchField","properties":{"placeholder":"Search"},"searchOpenDialogs":true,"interaction":{"idSuffix":"I"}},"wdio_ui5_key":"sapm.SearchField{\"placeholder\":\"Search\"}"}]}
RESULT: undefined
COMMAND: POST /session/5d4f89c809828bc74d2aa9c512c29ea4/execute/async - {"script":"<script> [776 bytes]","args":[{"enterText":"A1-000100-01","selector":{"controlType":"sap.m.SearchField","properties":{"placeholder":"Search"},"searchOpenDialogs":true,"interaction":{"idSuffix":"I"}},"clearTextFirst":true,"interactionType":"ENTER_TEXT"}]}
RESULT: {"script":"<script> [776 bytes]","args":[{"enterText":"A1-000100-01","selector":{"controlType":"sap.m.SearchField","properties":{"placeholder":"Search"},"searchOpenDialogs":true,"interaction":{"idSuffix":"I"}},"clearTextFirst":true,"interactionType":"ENTER_TEXT"}]}
COMMAND: POST /session/5d4f89c809828bc74d2aa9c512c29ea4/actions - {"actions":[{"id":"action3","type":"key","parameters":{},"actions":[{"type":"keyDown","value":"î€‡"},{"type":"pause","duration":10},{"type":"keyUp","value":"î€‡"}]}]}
RESULT: {"actions":[{"id":"action3","type":"key","parameters":{},"actions":[{"type":"keyDown","value":"î€‡"},{"type":"pause","duration":10},{"type":"keyUp","value":"î€‡"}]}]}
COMMAND: GET /session/5d4f89c809828bc74d2aa9c512c29ea4/screenshot - {}
RESULT: {}
COMMAND: POST /session/5d4f89c809828bc74d2aa9c512c29ea4/element - {"using":"xpath","value":"//span[contains(text(), \"Template for ETO-Process\")]"}
RESULT: {"using":"xpath","value":"//span[contains(text(), \"Template for ETO-Process\")]"}
COMMAND: POST /session/5d4f89c809828bc74d2aa9c512c29ea4/element/f.531E98D0DADB2C7D9F82DA313210FC25.d.48134009713C3C38C710BF2F60472ACA.e.2286/click - {}
RESULT: {}
COMMAND: GET /session/5d4f89c809828bc74d2aa9c512c29ea4/screenshot - {}
RESULT: {}
COMMAND: POST /session/5d4f89c809828bc74d2aa9c512c29ea4/element - {"using":"xpath","value":"//bdi[contains(text(), \"OK\")]"}
RESULT: {"using":"xpath","value":"//bdi[contains(text(), \"OK\")]"}
COMMAND: POST /session/5d4f89c809828bc74d2aa9c512c29ea4/element/f.531E98D0DADB2C7D9F82DA313210FC25.d.48134009713C3C38C710BF2F60472ACA.e.2287/click - {}
RESULT: {}
COMMAND: GET /session/5d4f89c809828bc74d2aa9c512c29ea4/screenshot - {}
RESULT: {}
COMMAND: POST /session/5d4f89c809828bc74d2aa9c512c29ea4/element - {"using":"xpath","value":"//input[@id=\"application-managesites-display-component---NewSite--addressDetailDetailsYard-inner\"]"}
RESULT: {"using":"xpath","value":"//input[@id=\"application-managesites-display-component---NewSite--addressDetailDetailsYard-inner\"]"}
COMMAND: POST /session/5d4f89c809828bc74d2aa9c512c29ea4/element/f.531E98D0DADB2C7D9F82DA313210FC25.d.48134009713C3C38C710BF2F60472ACA.e.2080/value - {"text":"602"}
RESULT: {"text":"602"}
COMMAND: GET /session/5d4f89c809828bc74d2aa9c512c29ea4/screenshot - {}
RESULT: {}
COMMAND: POST /session/5d4f89c809828bc74d2aa9c512c29ea4/actions - {"actions":[{"id":"action4","type":"key","parameters":{},"actions":[{"type":"keyDown","value":"î€‡"},{"type":"pause","duration":10},{"type":"keyUp","value":"î€‡"}]}]}
RESULT: {"actions":[{"id":"action4","type":"key","parameters":{},"actions":[{"type":"keyDown","value":"î€‡"},{"type":"pause","duration":10},{"type":"keyUp","value":"î€‡"}]}]}
COMMAND: GET /session/5d4f89c809828bc74d2aa9c512c29ea4/screenshot - {}
RESULT: {}
COMMAND: POST /session/5d4f89c809828bc74d2aa9c512c29ea4/element - {"using":"xpath","value":"//input[@id=\"application-managesites-display-component---NewSite--addressDetailDetailsPartner-inner\"]"}
RESULT: {"using":"xpath","value":"//input[@id=\"application-managesites-display-component---NewSite--addressDetailDetailsPartner-inner\"]"}
COMMAND: POST /session/5d4f89c809828bc74d2aa9c512c29ea4/elements - {"using":"xpath","value":"//input[@id=\"application-managesites-display-component---NewSite--addressDetailDetailsPartner-inner\"]"}
RESULT: {"using":"xpath","value":"//input[@id=\"application-managesites-display-component---NewSite--addressDetailDetailsPartner-inner\"]"}
COMMAND: POST /session/5d4f89c809828bc74d2aa9c512c29ea4/execute/async - {"script":"<script> [1562 bytes]","args":[{"selector":{"controlType":"sap.m.Button","viewName":"etm.portal.ui.managesites.view.NewSmartSite","viewId":"application-managesites-display-component---NewSite","properties":{"text":"Commercial"},"interaction":{"idSuffix":"BDI-content"}},"wdio_ui5_key":"etmportal.ui.managesites.view.NewSmartSitesap.m.Button{\"text\":\"Commercial\"}"}]}
RESULT: {"script":"<script> [1562 bytes]","args":[{"selector":{"controlType":"sap.m.Button","viewName":"etm.portal.ui.managesites.view.NewSmartSite","viewId":"application-managesites-display-component---NewSite","properties":{"text":"Commercial"},"interaction":{"idSuffix":"BDI-content"}},"wdio_ui5_key":"etmportal.ui.managesites.view.NewSmartSitesap.m.Button{\"text\":\"Commercial\"}"}]}
RESULT: undefined
COMMAND: POST /session/5d4f89c809828bc74d2aa9c512c29ea4/element - {"using":"xpath","value":"//*[@id=\"application-managesites-display-component---NewSite--ObjectPageLayout-anchBar-__section31-anchor\"]"}
RESULT: {"using":"xpath","value":"//*[@id=\"application-managesites-display-component---NewSite--ObjectPageLayout-anchBar-__section31-anchor\"]"}
COMMAND: POST /session/5d4f89c809828bc74d2aa9c512c29ea4/element/f.531E98D0DADB2C7D9F82DA313210FC25.d.48134009713C3C38C710BF2F60472ACA.e.2294/click - {}
RESULT: {}
COMMAND: POST /session/5d4f89c809828bc74d2aa9c512c29ea4/execute/async - {"script":"<script> [1562 bytes]","args":[{"selector":{"controlType":"sap.m.Button","viewName":"etm.portal.ui.managesites.view.NewSmartSite","viewId":"application-managesites-display-component---NewSite","i18NText":{"propertyName":"text","key":"save"},"interaction":{"idSuffix":"BDI-content"}},"wdio_ui5_key":"etmportal.ui.managesites.view.NewSmartSitesap.m.Button{\"propertyName\":\"text\",\"key\":\"save\"}"}]}
COMMAND: GET /session/5d4f89c809828bc74d2aa9c512c29ea4/screenshot - {}
RESULT: {"script":"<script> [1562 bytes]","args":[{"selector":{"controlType":"sap.m.Button","viewName":"etm.portal.ui.managesites.view.NewSmartSite","viewId":"application-managesites-display-component---NewSite","i18NText":{"propertyName":"text","key":"save"},"interaction":{"idSuffix":"BDI-content"}},"wdio_ui5_key":"etmportal.ui.managesites.view.NewSmartSitesap.m.Button{\"propertyName\":\"text\",\"key\":\"save\"}"}]}
RESULT: undefined
COMMAND: POST /session/5d4f89c809828bc74d2aa9c512c29ea4/element - {"using":"xpath","value":"//*[@id=\"__button64\"]"}
RESULT: {}
RESULT: {"using":"xpath","value":"//*[@id=\"__button64\"]"}
COMMAND: POST /session/5d4f89c809828bc74d2aa9c512c29ea4/element/f.531E98D0DADB2C7D9F82DA313210FC25.d.48134009713C3C38C710BF2F60472ACA.e.2248/click - {}
RESULT: {}
COMMAND: GET /session/5d4f89c809828bc74d2aa9c512c29ea4/screenshot - {}
RESULT: {}
COMMAND: POST /session/5d4f89c809828bc74d2aa9c512c29ea4/execute/async - {"script":"<script> [1562 bytes]","args":[{"selector":{"id":"application-managesites-display-component---detailSite--addressDetailDetailsYardText"},"wdio_ui5_key":"applicationmanagesites-display-component---detailSite--addressDetailDetailsYardText"}]}
RESULT: {"script":"<script> [1562 bytes]","args":[{"selector":{"id":"application-managesites-display-component---detailSite--addressDetailDetailsYardText"},"wdio_ui5_key":"applicationmanagesites-display-component---detailSite--addressDetailDetailsYardText"}]}
RESULT: undefined
COMMAND: POST /session/5d4f89c809828bc74d2aa9c512c29ea4/element - {"using":"xpath","value":"//header/div/div[2]/div[2]/span"}
RESULT: {"using":"xpath","value":"//header/div/div[2]/div[2]/span"}
COMMAND: GET /session/5d4f89c809828bc74d2aa9c512c29ea4/element/f.531E98D0DADB2C7D9F82DA313210FC25.d.48134009713C3C38C710BF2F60472ACA.e.2496/text - {}
RESULT: {}
COMMAND: POST /session/5d4f89c809828bc74d2aa9c512c29ea4/element - {"using":"xpath","value":"//header/div/div/div/div/div/div[2]/div/span"}
RESULT: {"using":"xpath","value":"//header/div/div/div/div/div/div[2]/div/span"}
COMMAND: GET /session/5d4f89c809828bc74d2aa9c512c29ea4/element/f.531E98D0DADB2C7D9F82DA313210FC25.d.48134009713C3C38C710BF2F60472ACA.e.2497/text - {}
RESULT: {}
COMMAND: POST /session/5d4f89c809828bc74d2aa9c512c29ea4/element - {"using":"css selector","value":"#shell-header-logo"}
RESULT: {"using":"css selector","value":"#shell-header-logo"}
COMMAND: POST /session/5d4f89c809828bc74d2aa9c512c29ea4/element/f.531E98D0DADB2C7D9F82DA313210FC25.d.48134009713C3C38C710BF2F60472ACA.e.1836/click - {}
RESULT: {}
COMMAND: GET /session/5d4f89c809828bc74d2aa9c512c29ea4/screenshot - {}
RESULT: {}
]]></system-out>
    </testcase>
    <testcase classname="chrome.135_0_7049_96.windows.Standard_contract_-_add_contract_items_by_Insert_Request_US118222" name="Should create 2 new resources and a catalog item" time="408.266">
      <system-out><![CDATA[
COMMAND: POST /session/5d4f89c809828bc74d2aa9c512c29ea4/execute/async - {"script":"<script> [1562 bytes]","args":[{"selector":{"controlType":"sap.m.GenericTile","properties":{"header":"Manage Resources"}},"wdio_ui5_key":"sapm.GenericTile{\"header\":\"Manage Resources\"}"}]}
RESULT: {"script":"<script> [1562 bytes]","args":[{"selector":{"controlType":"sap.m.GenericTile","properties":{"header":"Manage Resources"}},"wdio_ui5_key":"sapm.GenericTile{\"header\":\"Manage Resources\"}"}]}
RESULT: undefined
COMMAND: POST /session/5d4f89c809828bc74d2aa9c512c29ea4/element - {"using":"xpath","value":"//*[@id=\"__tile39\"]"}
RESULT: {"using":"xpath","value":"//*[@id=\"__tile39\"]"}
COMMAND: POST /session/5d4f89c809828bc74d2aa9c512c29ea4/element/f.531E98D0DADB2C7D9F82DA313210FC25.d.48134009713C3C38C710BF2F60472ACA.e.2499/click - {}
RESULT: {}
COMMAND: GET /session/5d4f89c809828bc74d2aa9c512c29ea4/screenshot - {}
RESULT: {}
COMMAND: POST /session/5d4f89c809828bc74d2aa9c512c29ea4/element - {"using":"xpath","value":"//button[@data-kt=\"addNewRUOverflowToolbarButton\"]"}
RESULT: {"using":"xpath","value":"//button[@data-kt=\"addNewRUOverflowToolbarButton\"]"}
COMMAND: POST /session/5d4f89c809828bc74d2aa9c512c29ea4/element - {"using":"xpath","value":"//button[@data-kt=\"addNewRUOverflowToolbarButton\"]"}
RESULT: {"using":"xpath","value":"//button[@data-kt=\"addNewRUOverflowToolbarButton\"]"}
COMMAND: POST /session/5d4f89c809828bc74d2aa9c512c29ea4/element - {"using":"xpath","value":"//button[@data-kt=\"addNewRUOverflowToolbarButton\"]"}
RESULT: {"using":"xpath","value":"//button[@data-kt=\"addNewRUOverflowToolbarButton\"]"}
COMMAND: POST /session/5d4f89c809828bc74d2aa9c512c29ea4/execute/sync - {"script":"<script> [8489 bytes]","args":[{"element-6066-11e4-a52e-4f735466cecf":"f.531E98D0DADB2C7D9F82DA313210FC25.d.48134009713C3C38C710BF2F60472ACA.e.2531","ELEMENT":"f.531E98D0DADB2C7D9F82DA313210FC25.d.48134009713C3C38C710BF2F60472ACA.e.2531"}]}
RESULT: {"script":"<script> [8489 bytes]","args":[{"element-6066-11e4-a52e-4f735466cecf":"f.531E98D0DADB2C7D9F82DA313210FC25.d.48134009713C3C38C710BF2F60472ACA.e.2531","ELEMENT":"f.531E98D0DADB2C7D9F82DA313210FC25.d.48134009713C3C38C710BF2F60472ACA.e.2531"}]}
COMMAND: POST /session/5d4f89c809828bc74d2aa9c512c29ea4/element/f.531E98D0DADB2C7D9F82DA313210FC25.d.48134009713C3C38C710BF2F60472ACA.e.2531/click - {}
COMMAND: GET /session/5d4f89c809828bc74d2aa9c512c29ea4/screenshot - {}
RESULT: {}
COMMAND: POST /session/5d4f89c809828bc74d2aa9c512c29ea4/execute/async - {"script":"<script> [1562 bytes]","args":[{"selector":{"id":"application-manageresources-display-component---newResourceUnit--TYPE-arrow"},"wdio_ui5_key":"applicationmanageresources-display-component---newResourceUnit--TYPE-arrow"}]}
COMMAND: GET /session/5d4f89c809828bc74d2aa9c512c29ea4/screenshot - {}
RESULT: {}
RESULT: {"script":"<script> [1562 bytes]","args":[{"selector":{"id":"application-manageresources-display-component---newResourceUnit--TYPE-arrow"},"wdio_ui5_key":"applicationmanageresources-display-component---newResourceUnit--TYPE-arrow"}]}
RESULT: undefined
COMMAND: POST /session/5d4f89c809828bc74d2aa9c512c29ea4/element - {"using":"xpath","value":"//*[@id=\"application-manageresources-display-component---newResourceUnit--TYPE-arrow\"]"}
RESULT: {}
RESULT: {"using":"xpath","value":"//*[@id=\"application-manageresources-display-component---newResourceUnit--TYPE-arrow\"]"}
COMMAND: POST /session/5d4f89c809828bc74d2aa9c512c29ea4/element/f.531E98D0DADB2C7D9F82DA313210FC25.d.48134009713C3C38C710BF2F60472ACA.e.2705/click - {}
RESULT: {}
COMMAND: POST /session/5d4f89c809828bc74d2aa9c512c29ea4/execute/async - {"script":"<script> [1562 bytes]","args":[{"selector":{"controlType":"sap.m.StandardListItem","viewName":"reusables.view.manageresources.NewResourceUnit","viewId":"application-manageresources-display-component---newResourceUnit","properties":{"title":"Material"},"searchOpenDialogs":true,"interaction":{"idSuffix":"titleText"}},"wdio_ui5_key":"reusablesview.manageresources.NewResourceUnitsap.m.StandardListItem{\"title\":\"Material\"}"}]}
COMMAND: GET /session/5d4f89c809828bc74d2aa9c512c29ea4/screenshot - {}
RESULT: {"script":"<script> [1562 bytes]","args":[{"selector":{"controlType":"sap.m.StandardListItem","viewName":"reusables.view.manageresources.NewResourceUnit","viewId":"application-manageresources-display-component---newResourceUnit","properties":{"title":"Material"},"searchOpenDialogs":true,"interaction":{"idSuffix":"titleText"}},"wdio_ui5_key":"reusablesview.manageresources.NewResourceUnitsap.m.StandardListItem{\"title\":\"Material\"}"}]}
RESULT: undefined
COMMAND: POST /session/5d4f89c809828bc74d2aa9c512c29ea4/element - {"using":"xpath","value":"//*[@id=\"__item1186\"]"}
RESULT: {}
RESULT: {"using":"xpath","value":"//*[@id=\"__item1186\"]"}
COMMAND: POST /session/5d4f89c809828bc74d2aa9c512c29ea4/element/f.531E98D0DADB2C7D9F82DA313210FC25.d.48134009713C3C38C710BF2F60472ACA.e.2708/click - {}
RESULT: {}
COMMAND: POST /session/5d4f89c809828bc74d2aa9c512c29ea4/execute/async - {"script":"<script> [1562 bytes]","args":[{"selector":{"id":"application-manageresources-display-component---newResourceUnit--SHORT_TEXT","interaction":{"idSuffix":"inner"}},"wdio_ui5_key":"applicationmanageresources-display-component---newResourceUnit--SHORT_TEXT"}]}
COMMAND: GET /session/5d4f89c809828bc74d2aa9c512c29ea4/screenshot - {}
RESULT: {"script":"<script> [1562 bytes]","args":[{"selector":{"id":"application-manageresources-display-component---newResourceUnit--SHORT_TEXT","interaction":{"idSuffix":"inner"}},"wdio_ui5_key":"applicationmanageresources-display-component---newResourceUnit--SHORT_TEXT"}]}
RESULT: undefined
COMMAND: POST /session/5d4f89c809828bc74d2aa9c512c29ea4/execute/async - {"script":"<script> [776 bytes]","args":[{"enterText":"WebdriverRUR2Cd0v6eh","selector":{"id":"application-manageresources-display-component---newResourceUnit--SHORT_TEXT","interaction":{"idSuffix":"inner"}},"clearTextFirst":true,"interactionType":"ENTER_TEXT"}]}
RESULT: {}
RESULT: {"script":"<script> [776 bytes]","args":[{"enterText":"WebdriverRUR2Cd0v6eh","selector":{"id":"application-manageresources-display-component---newResourceUnit--SHORT_TEXT","interaction":{"idSuffix":"inner"}},"clearTextFirst":true,"interactionType":"ENTER_TEXT"}]}
COMMAND: POST /session/5d4f89c809828bc74d2aa9c512c29ea4/execute/async - {"script":"<script> [1562 bytes]","args":[{"selector":{"id":"application-manageresources-display-component---newResourceUnit--BASE_UNIT_OF_MEASURE-arrow"},"wdio_ui5_key":"applicationmanageresources-display-component---newResourceUnit--BASE_UNIT_OF_MEASURE-arrow"}]}
RESULT: {"script":"<script> [1562 bytes]","args":[{"selector":{"id":"application-manageresources-display-component---newResourceUnit--BASE_UNIT_OF_MEASURE-arrow"},"wdio_ui5_key":"applicationmanageresources-display-component---newResourceUnit--BASE_UNIT_OF_MEASURE-arrow"}]}
RESULT: undefined
COMMAND: POST /session/5d4f89c809828bc74d2aa9c512c29ea4/element - {"using":"xpath","value":"//*[@id=\"application-manageresources-display-component---newResourceUnit--BASE_UNIT_OF_MEASURE-arrow\"]"}
RESULT: {"using":"xpath","value":"//*[@id=\"application-manageresources-display-component---newResourceUnit--BASE_UNIT_OF_MEASURE-arrow\"]"}
COMMAND: POST /session/5d4f89c809828bc74d2aa9c512c29ea4/element/f.531E98D0DADB2C7D9F82DA313210FC25.d.48134009713C3C38C710BF2F60472ACA.e.2765/click - {}
RESULT: {}
COMMAND: POST /session/5d4f89c809828bc74d2aa9c512c29ea4/execute/async - {"script":"<script> [1562 bytes]","args":[{"selector":{"controlType":"sap.m.StandardListItem","viewName":"reusables.view.manageresources.NewResourceUnit","viewId":"application-manageresources-display-component---newResourceUnit","properties":{"title":"Piece"},"searchOpenDialogs":true,"interaction":{"idSuffix":"titleText"}},"wdio_ui5_key":"reusablesview.manageresources.NewResourceUnitsap.m.StandardListItem{\"title\":\"Piece\"}"}]}
COMMAND: GET /session/5d4f89c809828bc74d2aa9c512c29ea4/screenshot - {}
RESULT: {"script":"<script> [1562 bytes]","args":[{"selector":{"controlType":"sap.m.StandardListItem","viewName":"reusables.view.manageresources.NewResourceUnit","viewId":"application-manageresources-display-component---newResourceUnit","properties":{"title":"Piece"},"searchOpenDialogs":true,"interaction":{"idSuffix":"titleText"}},"wdio_ui5_key":"reusablesview.manageresources.NewResourceUnitsap.m.StandardListItem{\"title\":\"Piece\"}"}]}
RESULT: undefined
COMMAND: POST /session/5d4f89c809828bc74d2aa9c512c29ea4/element - {"using":"xpath","value":"//*[@id=\"__item1230\"]"}
RESULT: {}
RESULT: {"using":"xpath","value":"//*[@id=\"__item1230\"]"}
COMMAND: POST /session/5d4f89c809828bc74d2aa9c512c29ea4/element/f.531E98D0DADB2C7D9F82DA313210FC25.d.48134009713C3C38C710BF2F60472ACA.e.2767/click - {}
RESULT: {}
COMMAND: POST /session/5d4f89c809828bc74d2aa9c512c29ea4/element - {"using":"xpath","value":"//input[contains(@id ,\"application-manageresources-display-component---newResourceUnit--SHORT_TEXT-inner\")]"}
COMMAND: GET /session/5d4f89c809828bc74d2aa9c512c29ea4/screenshot - {}
RESULT: {"using":"xpath","value":"//input[contains(@id ,\"application-manageresources-display-component---newResourceUnit--SHORT_TEXT-inner\")]"}
COMMAND: GET /session/5d4f89c809828bc74d2aa9c512c29ea4/element/f.531E98D0DADB2C7D9F82DA313210FC25.d.48134009713C3C38C710BF2F60472ACA.e.2726/property/value - {}
RESULT: {}
RESULT: {}
COMMAND: POST /session/5d4f89c809828bc74d2aa9c512c29ea4/execute/async - {"script":"<script> [1562 bytes]","args":[{"selector":{"id":"application-manageresources-display-component---newResourceUnit--WEIGHT_UNIT-arrow"},"wdio_ui5_key":"applicationmanageresources-display-component---newResourceUnit--WEIGHT_UNIT-arrow"}]}
COMMAND: GET /session/5d4f89c809828bc74d2aa9c512c29ea4/screenshot - {}
RESULT: {"script":"<script> [1562 bytes]","args":[{"selector":{"id":"application-manageresources-display-component---newResourceUnit--WEIGHT_UNIT-arrow"},"wdio_ui5_key":"applicationmanageresources-display-component---newResourceUnit--WEIGHT_UNIT-arrow"}]}
RESULT: undefined
COMMAND: POST /session/5d4f89c809828bc74d2aa9c512c29ea4/element - {"using":"xpath","value":"//*[@id=\"application-manageresources-display-component---newResourceUnit--WEIGHT_UNIT-arrow\"]"}
RESULT: {}
RESULT: {"using":"xpath","value":"//*[@id=\"application-manageresources-display-component---newResourceUnit--WEIGHT_UNIT-arrow\"]"}
COMMAND: POST /session/5d4f89c809828bc74d2aa9c512c29ea4/element/f.531E98D0DADB2C7D9F82DA313210FC25.d.48134009713C3C38C710BF2F60472ACA.e.2768/click - {}
RESULT: {}
COMMAND: POST /session/5d4f89c809828bc74d2aa9c512c29ea4/execute/async - {"script":"<script> [1562 bytes]","args":[{"selector":{"controlType":"sap.m.StandardListItem","viewName":"reusables.view.manageresources.NewResourceUnit","viewId":"application-manageresources-display-component---newResourceUnit","properties":{"title":"Gram"},"searchOpenDialogs":true,"interaction":{"idSuffix":"content"}},"wdio_ui5_key":"reusablesview.manageresources.NewResourceUnitsap.m.StandardListItem{\"title\":\"Gram\"}"}]}
COMMAND: GET /session/5d4f89c809828bc74d2aa9c512c29ea4/screenshot - {}
RESULT: {"script":"<script> [1562 bytes]","args":[{"selector":{"controlType":"sap.m.StandardListItem","viewName":"reusables.view.manageresources.NewResourceUnit","viewId":"application-manageresources-display-component---newResourceUnit","properties":{"title":"Gram"},"searchOpenDialogs":true,"interaction":{"idSuffix":"content"}},"wdio_ui5_key":"reusablesview.manageresources.NewResourceUnitsap.m.StandardListItem{\"title\":\"Gram\"}"}]}
RESULT: undefined
COMMAND: POST /session/5d4f89c809828bc74d2aa9c512c29ea4/element - {"using":"xpath","value":"//*[@id=\"__item1295\"]"}
RESULT: {}
RESULT: {"using":"xpath","value":"//*[@id=\"__item1295\"]"}
COMMAND: POST /session/5d4f89c809828bc74d2aa9c512c29ea4/element/f.531E98D0DADB2C7D9F82DA313210FC25.d.48134009713C3C38C710BF2F60472ACA.e.2770/click - {}
RESULT: {}
COMMAND: POST /session/5d4f89c809828bc74d2aa9c512c29ea4/execute/async - {"script":"<script> [1562 bytes]","args":[{"selector":{"id":"application-manageresources-display-component---newResourceUnit--newRRUPage-OPHeaderContent-collapseBtn-img"},"wdio_ui5_key":"applicationmanageresources-display-component---newResourceUnit--newRRUPage-OPHeaderContent-collapseBtn-img"}]}
COMMAND: GET /session/5d4f89c809828bc74d2aa9c512c29ea4/screenshot - {}
RESULT: {"script":"<script> [1562 bytes]","args":[{"selector":{"id":"application-manageresources-display-component---newResourceUnit--newRRUPage-OPHeaderContent-collapseBtn-img"},"wdio_ui5_key":"applicationmanageresources-display-component---newResourceUnit--newRRUPage-OPHeaderContent-collapseBtn-img"}]}
RESULT: undefined
COMMAND: POST /session/5d4f89c809828bc74d2aa9c512c29ea4/element - {"using":"xpath","value":"//*[@id=\"application-manageresources-display-component---newResourceUnit--newRRUPage-OPHeaderContent-collapseBtn-img\"]"}
RESULT: {}
RESULT: {"using":"xpath","value":"//*[@id=\"application-manageresources-display-component---newResourceUnit--newRRUPage-OPHeaderContent-collapseBtn-img\"]"}
COMMAND: POST /session/5d4f89c809828bc74d2aa9c512c29ea4/element/f.531E98D0DADB2C7D9F82DA313210FC25.d.48134009713C3C38C710BF2F60472ACA.e.2716/click - {}
RESULT: {}
COMMAND: GET /session/5d4f89c809828bc74d2aa9c512c29ea4/screenshot - {}
RESULT: {}
COMMAND: POST /session/5d4f89c809828bc74d2aa9c512c29ea4/element - {"using":"xpath","value":"(//span[contains(@id ,\"application-manageresources-display-component---newResourceUnit--DIMENSION_UNIT-arrow\")])[1]"}
RESULT: {"using":"xpath","value":"(//span[contains(@id ,\"application-manageresources-display-component---newResourceUnit--DIMENSION_UNIT-arrow\")])[1]"}
COMMAND: POST /session/5d4f89c809828bc74d2aa9c512c29ea4/element/f.531E98D0DADB2C7D9F82DA313210FC25.d.48134009713C3C38C710BF2F60472ACA.e.2776/click - {}
RESULT: {}
COMMAND: GET /session/5d4f89c809828bc74d2aa9c512c29ea4/screenshot - {}
RESULT: {}
COMMAND: POST /session/5d4f89c809828bc74d2aa9c512c29ea4/execute/async - {"script":"<script> [1562 bytes]","args":[{"selector":{"controlType":"sap.m.StandardListItem","viewName":"reusables.view.manageresources.NewResourceUnit","viewId":"application-manageresources-display-component---newResourceUnit","properties":{"title":"Centimeter"},"searchOpenDialogs":true,"interaction":{"idSuffix":"titleText"}},"wdio_ui5_key":"reusablesview.manageresources.NewResourceUnitsap.m.StandardListItem{\"title\":\"Centimeter\"}"}]}
RESULT: {"script":"<script> [1562 bytes]","args":[{"selector":{"controlType":"sap.m.StandardListItem","viewName":"reusables.view.manageresources.NewResourceUnit","viewId":"application-manageresources-display-component---newResourceUnit","properties":{"title":"Centimeter"},"searchOpenDialogs":true,"interaction":{"idSuffix":"titleText"}},"wdio_ui5_key":"reusablesview.manageresources.NewResourceUnitsap.m.StandardListItem{\"title\":\"Centimeter\"}"}]}
RESULT: undefined
COMMAND: POST /session/5d4f89c809828bc74d2aa9c512c29ea4/element - {"using":"xpath","value":"//*[@id=\"__item1298\"]"}
RESULT: {"using":"xpath","value":"//*[@id=\"__item1298\"]"}
COMMAND: POST /session/5d4f89c809828bc74d2aa9c512c29ea4/element/f.531E98D0DADB2C7D9F82DA313210FC25.d.48134009713C3C38C710BF2F60472ACA.e.2778/click - {}
RESULT: {}
COMMAND: POST /session/5d4f89c809828bc74d2aa9c512c29ea4/execute/async - {"script":"<script> [1562 bytes]","args":[{"selector":{"id":"application-manageresources-display-component---newResourceUnit--newRRUPage-anchBar-application-manageresources-display-component---newResourceUnit--reference-anchor","interaction":{"idSuffix":"BDI-content"}},"wdio_ui5_key":"applicationmanageresources-display-component---newResourceUnit--newRRUPage-anchBar-application-manageresources-display-component---newResourceUnit--reference-anchor"}]}
COMMAND: GET /session/5d4f89c809828bc74d2aa9c512c29ea4/screenshot - {}
RESULT: {"script":"<script> [1562 bytes]","args":[{"selector":{"id":"application-manageresources-display-component---newResourceUnit--newRRUPage-anchBar-application-manageresources-display-component---newResourceUnit--reference-anchor","interaction":{"idSuffix":"BDI-content"}},"wdio_ui5_key":"applicationmanageresources-display-component---newResourceUnit--newRRUPage-anchBar-application-manageresources-display-component---newResourceUnit--reference-anchor"}]}
RESULT: undefined
COMMAND: POST /session/5d4f89c809828bc74d2aa9c512c29ea4/element - {"using":"xpath","value":"//*[@id=\"application-manageresources-display-component---newResourceUnit--newRRUPage-anchBar-application-manageresources-display-component---newResourceUnit--reference-anchor\"]"}
RESULT: {}
RESULT: {"using":"xpath","value":"//*[@id=\"application-manageresources-display-component---newResourceUnit--newRRUPage-anchBar-application-manageresources-display-component---newResourceUnit--reference-anchor\"]"}
COMMAND: POST /session/5d4f89c809828bc74d2aa9c512c29ea4/element/f.531E98D0DADB2C7D9F82DA313210FC25.d.48134009713C3C38C710BF2F60472ACA.e.2780/click - {}
RESULT: {}
COMMAND: POST /session/5d4f89c809828bc74d2aa9c512c29ea4/execute/async - {"script":"<script> [1562 bytes]","args":[{"selector":{"id":"application-manageresources-display-component---newResourceUnit--PLANNING_GROUP-arrow"},"wdio_ui5_key":"applicationmanageresources-display-component---newResourceUnit--PLANNING_GROUP-arrow"}]}
COMMAND: GET /session/5d4f89c809828bc74d2aa9c512c29ea4/screenshot - {}
RESULT: {"script":"<script> [1562 bytes]","args":[{"selector":{"id":"application-manageresources-display-component---newResourceUnit--PLANNING_GROUP-arrow"},"wdio_ui5_key":"applicationmanageresources-display-component---newResourceUnit--PLANNING_GROUP-arrow"}]}
RESULT: undefined
COMMAND: POST /session/5d4f89c809828bc74d2aa9c512c29ea4/element - {"using":"xpath","value":"//*[@id=\"application-manageresources-display-component---newResourceUnit--PLANNING_GROUP-arrow\"]"}
RESULT: {}
RESULT: {"using":"xpath","value":"//*[@id=\"application-manageresources-display-component---newResourceUnit--PLANNING_GROUP-arrow\"]"}
COMMAND: POST /session/5d4f89c809828bc74d2aa9c512c29ea4/element/f.531E98D0DADB2C7D9F82DA313210FC25.d.48134009713C3C38C710BF2F60472ACA.e.2784/click - {}
RESULT: {}
COMMAND: POST /session/5d4f89c809828bc74d2aa9c512c29ea4/execute/async - {"script":"<script> [1562 bytes]","args":[{"selector":{"controlType":"sap.m.StandardListItem","viewName":"reusables.view.manageresources.NewResourceUnit","viewId":"application-manageresources-display-component---newResourceUnit","properties":{"title":"Heavy Equi"},"searchOpenDialogs":true,"interaction":{"idSuffix":"content"}},"wdio_ui5_key":"reusablesview.manageresources.NewResourceUnitsap.m.StandardListItem{\"title\":\"Heavy Equi\"}"}]}
COMMAND: GET /session/5d4f89c809828bc74d2aa9c512c29ea4/screenshot - {}
RESULT: {"script":"<script> [1562 bytes]","args":[{"selector":{"controlType":"sap.m.StandardListItem","viewName":"reusables.view.manageresources.NewResourceUnit","viewId":"application-manageresources-display-component---newResourceUnit","properties":{"title":"Heavy Equi"},"searchOpenDialogs":true,"interaction":{"idSuffix":"content"}},"wdio_ui5_key":"reusablesview.manageresources.NewResourceUnitsap.m.StandardListItem{\"title\":\"Heavy Equi\"}"}]}
RESULT: undefined
COMMAND: POST /session/5d4f89c809828bc74d2aa9c512c29ea4/element - {"using":"xpath","value":"//*[@id=\"__item1306\"]"}
RESULT: {}
RESULT: {"using":"xpath","value":"//*[@id=\"__item1306\"]"}
COMMAND: POST /session/5d4f89c809828bc74d2aa9c512c29ea4/element/f.531E98D0DADB2C7D9F82DA313210FC25.d.48134009713C3C38C710BF2F60472ACA.e.2788/click - {}
RESULT: {}
COMMAND: GET /session/5d4f89c809828bc74d2aa9c512c29ea4/screenshot - {}
RESULT: {}
COMMAND: POST /session/5d4f89c809828bc74d2aa9c512c29ea4/execute/async - {"script":"<script> [1562 bytes]","args":[{"selector":{"id":"application-manageresources-display-component---newResourceUnit--PLANNING_INDICATOR-arrow"},"wdio_ui5_key":"applicationmanageresources-display-component---newResourceUnit--PLANNING_INDICATOR-arrow"}]}
RESULT: {"script":"<script> [1562 bytes]","args":[{"selector":{"id":"application-manageresources-display-component---newResourceUnit--PLANNING_INDICATOR-arrow"},"wdio_ui5_key":"applicationmanageresources-display-component---newResourceUnit--PLANNING_INDICATOR-arrow"}]}
RESULT: undefined
COMMAND: POST /session/5d4f89c809828bc74d2aa9c512c29ea4/element - {"using":"xpath","value":"//*[@id=\"application-manageresources-display-component---newResourceUnit--PLANNING_INDICATOR-arrow\"]"}
RESULT: {"using":"xpath","value":"//*[@id=\"application-manageresources-display-component---newResourceUnit--PLANNING_INDICATOR-arrow\"]"}
COMMAND: POST /session/5d4f89c809828bc74d2aa9c512c29ea4/element/f.531E98D0DADB2C7D9F82DA313210FC25.d.48134009713C3C38C710BF2F60472ACA.e.2789/click - {}
RESULT: {}
COMMAND: POST /session/5d4f89c809828bc74d2aa9c512c29ea4/execute/async - {"script":"<script> [1562 bytes]","args":[{"selector":{"controlType":"sap.m.StandardListItem","viewName":"reusables.view.manageresources.NewResourceUnit","viewId":"application-manageresources-display-component---newResourceUnit","properties":{"title":"10 - infinite"},"searchOpenDialogs":true,"interaction":{"idSuffix":"content"}},"wdio_ui5_key":"reusablesview.manageresources.NewResourceUnitsap.m.StandardListItem{\"title\":\"10 - infinite\"}"}]}
COMMAND: GET /session/5d4f89c809828bc74d2aa9c512c29ea4/screenshot - {}
RESULT: {"script":"<script> [1562 bytes]","args":[{"selector":{"controlType":"sap.m.StandardListItem","viewName":"reusables.view.manageresources.NewResourceUnit","viewId":"application-manageresources-display-component---newResourceUnit","properties":{"title":"10 - infinite"},"searchOpenDialogs":true,"interaction":{"idSuffix":"content"}},"wdio_ui5_key":"reusablesview.manageresources.NewResourceUnitsap.m.StandardListItem{\"title\":\"10 - infinite\"}"}]}
RESULT: undefined
COMMAND: POST /session/5d4f89c809828bc74d2aa9c512c29ea4/element - {"using":"xpath","value":"//*[@id=\"__item1316\"]"}
RESULT: {}
RESULT: {"using":"xpath","value":"//*[@id=\"__item1316\"]"}
COMMAND: POST /session/5d4f89c809828bc74d2aa9c512c29ea4/element/f.531E98D0DADB2C7D9F82DA313210FC25.d.48134009713C3C38C710BF2F60472ACA.e.2791/click - {}
RESULT: {}
COMMAND: GET /session/5d4f89c809828bc74d2aa9c512c29ea4/screenshot - {}
RESULT: {}
COMMAND: POST /session/5d4f89c809828bc74d2aa9c512c29ea4/element - {"using":"xpath","value":"//bdi[contains(text(), \"Time Segment\")]"}
RESULT: {"using":"xpath","value":"//bdi[contains(text(), \"Time Segment\")]"}
COMMAND: GET /session/5d4f89c809828bc74d2aa9c512c29ea4/element/f.531E98D0DADB2C7D9F82DA313210FC25.d.48134009713C3C38C710BF2F60472ACA.e.2792/rect - {}
RESULT: {}
COMMAND: GET /session/5d4f89c809828bc74d2aa9c512c29ea4/window/rect - {}
RESULT: {}
COMMAND: POST /session/5d4f89c809828bc74d2aa9c512c29ea4/execute/sync - {"script":"<script> [92 bytes]","args":[]}
RESULT: {"script":"<script> [92 bytes]","args":[]}
COMMAND: POST /session/5d4f89c809828bc74d2aa9c512c29ea4/actions - {"actions":[{"id":"action5","type":"wheel","parameters":{},"actions":[{"type":"scroll","x":-1820,"y":-21,"deltaX":0,"deltaY":0,"duration":0,"origin":{"element-6066-11e4-a52e-4f735466cecf":"f.531E98D0DADB2C7D9F82DA313210FC25.d.48134009713C3C38C710BF2F60472ACA.e.2792"}}]}]}
COMMAND: GET /session/5d4f89c809828bc74d2aa9c512c29ea4/screenshot - {}
RESULT: {}
COMMAND: POST /session/5d4f89c809828bc74d2aa9c512c29ea4/execute/sync - {"script":"<script> [79 bytes]","args":[{"element-6066-11e4-a52e-4f735466cecf":"f.531E98D0DADB2C7D9F82DA313210FC25.d.48134009713C3C38C710BF2F60472ACA.e.2792","ELEMENT":"f.531E98D0DADB2C7D9F82DA313210FC25.d.48134009713C3C38C710BF2F60472ACA.e.2792"},{"block":"start","inline":"nearest"}]}
RESULT: {"script":"<script> [79 bytes]","args":[{"element-6066-11e4-a52e-4f735466cecf":"f.531E98D0DADB2C7D9F82DA313210FC25.d.48134009713C3C38C710BF2F60472ACA.e.2792","ELEMENT":"f.531E98D0DADB2C7D9F82DA313210FC25.d.48134009713C3C38C710BF2F60472ACA.e.2792"},{"block":"start","inline":"nearest"}]}
COMMAND: GET /session/5d4f89c809828bc74d2aa9c512c29ea4/screenshot - {}
RESULT: {}
COMMAND: POST /session/5d4f89c809828bc74d2aa9c512c29ea4/element - {"using":"xpath","value":"//span[@id=\"application-manageresources-display-component---newResourceUnit--btnAddTimeSegment-img\"]"}
RESULT: {"using":"xpath","value":"//span[@id=\"application-manageresources-display-component---newResourceUnit--btnAddTimeSegment-img\"]"}
COMMAND: POST /session/5d4f89c809828bc74d2aa9c512c29ea4/execute/sync - {"script":"<script> [8489 bytes]","args":[{"element-6066-11e4-a52e-4f735466cecf":"f.531E98D0DADB2C7D9F82DA313210FC25.d.48134009713C3C38C710BF2F60472ACA.e.2795","ELEMENT":"f.531E98D0DADB2C7D9F82DA313210FC25.d.48134009713C3C38C710BF2F60472ACA.e.2795"}]}
RESULT: {"script":"<script> [8489 bytes]","args":[{"element-6066-11e4-a52e-4f735466cecf":"f.531E98D0DADB2C7D9F82DA313210FC25.d.48134009713C3C38C710BF2F60472ACA.e.2795","ELEMENT":"f.531E98D0DADB2C7D9F82DA313210FC25.d.48134009713C3C38C710BF2F60472ACA.e.2795"}]}
COMMAND: POST /session/5d4f89c809828bc74d2aa9c512c29ea4/element/f.531E98D0DADB2C7D9F82DA313210FC25.d.48134009713C3C38C710BF2F60472ACA.e.2795/click - {}
COMMAND: GET /session/5d4f89c809828bc74d2aa9c512c29ea4/screenshot - {}
RESULT: {}
COMMAND: GET /session/5d4f89c809828bc74d2aa9c512c29ea4/screenshot - {}
COMMAND: POST /session/5d4f89c809828bc74d2aa9c512c29ea4/element - {"using":"xpath","value":"//input[@id=\"application-manageresources-display-component---newResourceUnit--idRuTSAdmin-application-manageresources-display-component---newResourceUnit--RUTimeSegment-0-inner\"]"}
RESULT: {}
RESULT: {}
RESULT: {"using":"xpath","value":"//input[@id=\"application-manageresources-display-component---newResourceUnit--idRuTSAdmin-application-manageresources-display-component---newResourceUnit--RUTimeSegment-0-inner\"]"}
COMMAND: POST /session/5d4f89c809828bc74d2aa9c512c29ea4/element/f.531E98D0DADB2C7D9F82DA313210FC25.d.48134009713C3C38C710BF2F60472ACA.e.2798/clear - {}
RESULT: {}
COMMAND: POST /session/5d4f89c809828bc74d2aa9c512c29ea4/element/f.531E98D0DADB2C7D9F82DA313210FC25.d.48134009713C3C38C710BF2F60472ACA.e.2798/value - {"text":"WebdriverYardioj0m"}
COMMAND: GET /session/5d4f89c809828bc74d2aa9c512c29ea4/screenshot - {}
RESULT: {"text":"WebdriverYardioj0m"}
COMMAND: GET /session/5d4f89c809828bc74d2aa9c512c29ea4/screenshot - {}
RESULT: {}
RESULT: {}
COMMAND: POST /session/5d4f89c809828bc74d2aa9c512c29ea4/actions - {"actions":[{"id":"action6","type":"key","parameters":{},"actions":[{"type":"keyDown","value":"î€‡"},{"type":"pause","duration":10},{"type":"keyUp","value":"î€‡"}]}]}
RESULT: {"actions":[{"id":"action6","type":"key","parameters":{},"actions":[{"type":"keyDown","value":"î€‡"},{"type":"pause","duration":10},{"type":"keyUp","value":"î€‡"}]}]}
COMMAND: GET /session/5d4f89c809828bc74d2aa9c512c29ea4/screenshot - {}
RESULT: {}
COMMAND: POST /session/5d4f89c809828bc74d2aa9c512c29ea4/execute/async - {"script":"<script> [1562 bytes]","args":[{"selector":{"controlType":"sap.m.Button","viewName":"reusables.view.manageresources.NewResourceUnit","viewId":"application-manageresources-display-component---newResourceUnit","i18NText":{"propertyName":"tooltip","key":"save"},"interaction":{"idSuffix":"BDI-content"}},"wdio_ui5_key":"reusablesview.manageresources.NewResourceUnitsap.m.Button{\"propertyName\":\"tooltip\",\"key\":\"save\"}"}]}
RESULT: {"script":"<script> [1562 bytes]","args":[{"selector":{"controlType":"sap.m.Button","viewName":"reusables.view.manageresources.NewResourceUnit","viewId":"application-manageresources-display-component---newResourceUnit","i18NText":{"propertyName":"tooltip","key":"save"},"interaction":{"idSuffix":"BDI-content"}},"wdio_ui5_key":"reusablesview.manageresources.NewResourceUnitsap.m.Button{\"propertyName\":\"tooltip\",\"key\":\"save\"}"}]}
RESULT: undefined
COMMAND: POST /session/5d4f89c809828bc74d2aa9c512c29ea4/element - {"using":"xpath","value":"//*[@id=\"application-manageresources-display-component---newResourceUnit--createRuButton\"]"}
RESULT: {"using":"xpath","value":"//*[@id=\"application-manageresources-display-component---newResourceUnit--createRuButton\"]"}
COMMAND: POST /session/5d4f89c809828bc74d2aa9c512c29ea4/element/f.531E98D0DADB2C7D9F82DA313210FC25.d.48134009713C3C38C710BF2F60472ACA.e.2722/click - {}
RESULT: {}
COMMAND: GET /session/5d4f89c809828bc74d2aa9c512c29ea4/screenshot - {}
RESULT: {}
COMMAND: POST /session/5d4f89c809828bc74d2aa9c512c29ea4/execute/async - {"script":"<script> [1562 bytes]","args":[{"selector":{"controlType":"sap.m.Title","properties":{"text":"Success"},"searchOpenDialogs":true},"wdio_ui5_key":"sapm.Title{\"text\":\"Success\"}"}]}
RESULT: {"script":"<script> [1562 bytes]","args":[{"selector":{"controlType":"sap.m.Title","properties":{"text":"Success"},"searchOpenDialogs":true},"wdio_ui5_key":"sapm.Title{\"text\":\"Success\"}"}]}
RESULT: undefined
COMMAND: POST /session/5d4f89c809828bc74d2aa9c512c29ea4/execute/async - {"script":"<script> [6424 bytes]","args":[{"element-6066-11e4-a52e-4f735466cecf":"f.531E98D0DADB2C7D9F82DA313210FC25.d.48134009713C3C38C710BF2F60472ACA.e.2814"},"getText",[]]}
RESULT: {"script":"<script> [6424 bytes]","args":[{"element-6066-11e4-a52e-4f735466cecf":"f.531E98D0DADB2C7D9F82DA313210FC25.d.48134009713C3C38C710BF2F60472ACA.e.2814"},"getText",[]]}
COMMAND: POST /session/5d4f89c809828bc74d2aa9c512c29ea4/element - {"using":"xpath","value":"//*[contains(@id, '__text') and (contains(text(), 'successfully created') or contains(., 'successfully created'))]"}
RESULT: {"using":"xpath","value":"//*[contains(@id, '__text') and (contains(text(), 'successfully created') or contains(., 'successfully created'))]"}
COMMAND: GET /session/5d4f89c809828bc74d2aa9c512c29ea4/element/f.531E98D0DADB2C7D9F82DA313210FC25.d.48134009713C3C38C710BF2F60472ACA.e.2812/text - {}
RESULT: {}
COMMAND: POST /session/5d4f89c809828bc74d2aa9c512c29ea4/execute/async - {"script":"<script> [1562 bytes]","args":[{"selector":{"controlType":"sap.m.Button","properties":{"text":"Close"},"searchOpenDialogs":true,"interaction":{"idSuffix":"BDI-content"}},"wdio_ui5_key":"sapm.Button{\"text\":\"Close\"}"}]}
RESULT: {"script":"<script> [1562 bytes]","args":[{"selector":{"controlType":"sap.m.Button","properties":{"text":"Close"},"searchOpenDialogs":true,"interaction":{"idSuffix":"BDI-content"}},"wdio_ui5_key":"sapm.Button{\"text\":\"Close\"}"}]}
RESULT: undefined
COMMAND: POST /session/5d4f89c809828bc74d2aa9c512c29ea4/element - {"using":"xpath","value":"//*[@id=\"__mbox-btn-0\"]"}
RESULT: {"using":"xpath","value":"//*[@id=\"__mbox-btn-0\"]"}
COMMAND: POST /session/5d4f89c809828bc74d2aa9c512c29ea4/element/f.531E98D0DADB2C7D9F82DA313210FC25.d.48134009713C3C38C710BF2F60472ACA.e.2811/click - {}
RESULT: {}
COMMAND: GET /session/5d4f89c809828bc74d2aa9c512c29ea4/screenshot - {}
RESULT: {}
COMMAND: POST /session/5d4f89c809828bc74d2aa9c512c29ea4/execute/async - {"script":"<script> [1562 bytes]","args":[{"selector":{"controlType":"sap.ui.core.Icon","viewName":"etm.portal.ui.manageresources.view.Detail","viewId":"application-manageresources-display-component---detailRU","properties":{"src":{"regex":{"source":"overflow"}}}},"wdio_ui5_key":"etmportal.ui.manageresources.view.Detailsap.ui.core.Icon{\"src\":{\"regex\":{\"source\":\"overflow\"}}}"}]}
RESULT: {"script":"<script> [1562 bytes]","args":[{"selector":{"controlType":"sap.ui.core.Icon","viewName":"etm.portal.ui.manageresources.view.Detail","viewId":"application-manageresources-display-component---detailRU","properties":{"src":{"regex":{"source":"overflow"}}}},"wdio_ui5_key":"etmportal.ui.manageresources.view.Detailsap.ui.core.Icon{\"src\":{\"regex\":{\"source\":\"overflow\"}}}"}]}
RESULT: undefined
COMMAND: POST /session/5d4f89c809828bc74d2aa9c512c29ea4/element - {"using":"xpath","value":"//*[@id=\"__title36-_actionsToolbar-overflowButton-img\"]"}
RESULT: {"using":"xpath","value":"//*[@id=\"__title36-_actionsToolbar-overflowButton-img\"]"}
COMMAND: POST /session/5d4f89c809828bc74d2aa9c512c29ea4/element/f.531E98D0DADB2C7D9F82DA313210FC25.d.48134009713C3C38C710BF2F60472ACA.e.2848/click - {}
RESULT: {}
COMMAND: POST /session/5d4f89c809828bc74d2aa9c512c29ea4/execute/async - {"script":"<script> [1562 bytes]","args":[{"selector":{"controlType":"sap.m.Button","viewName":"etm.portal.ui.manageresources.view.Detail","viewId":"application-manageresources-display-component---detailRU","i18NText":{"propertyName":"tooltip","key":"closeColumn"},"searchOpenDialogs":true,"interaction":{"idSuffix":"inner"}},"wdio_ui5_key":"etmportal.ui.manageresources.view.Detailsap.m.Button{\"propertyName\":\"tooltip\",\"key\":\"closeColumn\"}"}]}
COMMAND: GET /session/5d4f89c809828bc74d2aa9c512c29ea4/screenshot - {}
RESULT: {"script":"<script> [1562 bytes]","args":[{"selector":{"controlType":"sap.m.Button","viewName":"etm.portal.ui.manageresources.view.Detail","viewId":"application-manageresources-display-component---detailRU","i18NText":{"propertyName":"tooltip","key":"closeColumn"},"searchOpenDialogs":true,"interaction":{"idSuffix":"inner"}},"wdio_ui5_key":"etmportal.ui.manageresources.view.Detailsap.m.Button{\"propertyName\":\"tooltip\",\"key\":\"closeColumn\"}"}]}
RESULT: undefined
COMMAND: POST /session/5d4f89c809828bc74d2aa9c512c29ea4/element - {"using":"xpath","value":"//*[@id=\"__button147\"]"}
RESULT: {}
RESULT: {"using":"xpath","value":"//*[@id=\"__button147\"]"}
COMMAND: POST /session/5d4f89c809828bc74d2aa9c512c29ea4/element/f.531E98D0DADB2C7D9F82DA313210FC25.d.48134009713C3C38C710BF2F60472ACA.e.2850/click - {}
RESULT: {}
COMMAND: GET /session/5d4f89c809828bc74d2aa9c512c29ea4/screenshot - {}
RESULT: {}
COMMAND: POST /session/5d4f89c809828bc74d2aa9c512c29ea4/refresh - {}
RESULT: {}
COMMAND: GET /session/5d4f89c809828bc74d2aa9c512c29ea4/screenshot - {}
RESULT: {}
COMMAND: POST /session/5d4f89c809828bc74d2aa9c512c29ea4/execute/async - {"script":"<script> [189 bytes]","args":[]}
RESULT: {"script":"<script> [189 bytes]","args":[]}
COMMAND: POST /session/5d4f89c809828bc74d2aa9c512c29ea4/execute/async - {"script":"<script> [123 bytes]","args":[]}
RESULT: {"script":"<script> [123 bytes]","args":[]}
COMMAND: POST /session/5d4f89c809828bc74d2aa9c512c29ea4/timeouts - {"script":"<number>"}
RESULT: {"script":"<number>"}
COMMAND: GET /session/5d4f89c809828bc74d2aa9c512c29ea4/timeouts - {}
RESULT: {}
RESULT: undefined
COMMAND: POST /session/5d4f89c809828bc74d2aa9c512c29ea4/execute/async - {"script":"<script> [2676 bytes]","args":[]}
RESULT: {"script":"<script> [2676 bytes]","args":[]}
COMMAND: POST /session/5d4f89c809828bc74d2aa9c512c29ea4/execute/async - {"script":"<script> [2342 bytes]","args":[{"protocol":"http","hostname":"0.0.0.0","path":"/","capabilities":{"browserName":"chrome","goog:chromeOptions":{"binary":"C:\\Program Files\\Google\\Chrome\\Application\\chrome.exe","args":["--start-maximized"]}},"logLevel":"warn","connectionRetryTimeout":120000,"connectionRetryCount":3,"logLevels":{},"enableDirectConnect":true,"strictSSL":true,"_":"65 more keys: [\"cacheDir\",\"port\",\"requestedCapabilities\",\"automationProtocol\",\"baseUrl\",\"waitforInterval\",\"waitforTimeout\",\"onReload\",\"beforeCommand\",\"afterCommand\",\"rootDir\",\"specs\",\"suites\",\"exclude\",\"groupLogsByTestSpec\",\"excludeDriverLogs\",\"bail\",\"framework\",\"reporters\",\"services\",\"maxInstances\",\"maxInstancesPerCapability\",\"injectGlobals\",\"filesToWatch\",\"execArgv\",\"runnerEnv\",\"runner\",\"shard\",\"specFileRetries\",\"specFileRetriesDelay\",\"specFileRetriesDeferred\",\"reporterSyncInterval\",\"reporterSyncTimeout\",\"cucumberFeaturesWithLineNumbers\",\"autoCompileOpts\",\"mochaOpts\",\"jasmineOpts\",\"cucumberOpts\",\"onPrepare\",\"onWorkerStart\",\"onWorkerEnd\",\"before\",\"beforeSession\",\"beforeSuite\",\"beforeHook\",\"beforeTest\",\"afterTest\",\"afterHook\",\"afterSuite\",\"afterSession\",\"after\",\"onComplete\",\"beforeAssertion\",\"afterAssertion\",\"beforeFeature\",\"beforeScenario\",\"beforeStep\",\"afterStep\",\"afterScenario\",\"afterFeature\",\"_\",\"suite\",\"$0\",\"ignoredWorkerServices\",\"wdi5\"]"}]}
RESULT: {"script":"<script> [2342 bytes]","args":[{"protocol":"http","hostname":"0.0.0.0","path":"/","capabilities":{"browserName":"chrome","goog:chromeOptions":{"binary":"C:\\Program Files\\Google\\Chrome\\Application\\chrome.exe","args":["--start-maximized"]}},"logLevel":"warn","connectionRetryTimeout":120000,"connectionRetryCount":3,"logLevels":{},"enableDirectConnect":true,"strictSSL":true,"_":"65 more keys: [\"cacheDir\",\"port\",\"requestedCapabilities\",\"automationProtocol\",\"baseUrl\",\"waitforInterval\",\"waitforTimeout\",\"onReload\",\"beforeCommand\",\"afterCommand\",\"rootDir\",\"specs\",\"suites\",\"exclude\",\"groupLogsByTestSpec\",\"excludeDriverLogs\",\"bail\",\"framework\",\"reporters\",\"services\",\"maxInstances\",\"maxInstancesPerCapability\",\"injectGlobals\",\"filesToWatch\",\"execArgv\",\"runnerEnv\",\"runner\",\"shard\",\"specFileRetries\",\"specFileRetriesDelay\",\"specFileRetriesDeferred\",\"reporterSyncInterval\",\"reporterSyncTimeout\",\"cucumberFeaturesWithLineNumbers\",\"autoCompileOpts\",\"mochaOpts\",\"jasmineOpts\",\"cucumberOpts\",\"onPrepare\",\"onWorkerStart\",\"onWorkerEnd\",\"before\",\"beforeSession\",\"beforeSuite\",\"beforeHook\",\"beforeTest\",\"afterTest\",\"afterHook\",\"afterSuite\",\"afterSession\",\"after\",\"onComplete\",\"beforeAssertion\",\"afterAssertion\",\"beforeFeature\",\"beforeScenario\",\"beforeStep\",\"afterStep\",\"afterScenario\",\"afterFeature\",\"_\",\"suite\",\"$0\",\"ignoredWorkerServices\",\"wdi5\"]"}]}
COMMAND: POST /session/5d4f89c809828bc74d2aa9c512c29ea4/execute/async - {"script":"<script> [21126 bytes]","args":[35000]}
RESULT: {"script":"<script> [21126 bytes]","args":[35000]}
COMMAND: POST /session/5d4f89c809828bc74d2aa9c512c29ea4/element - {"using":"css selector","value":"#shell-header-logo"}
RESULT: {"using":"css selector","value":"#shell-header-logo"}
COMMAND: POST /session/5d4f89c809828bc74d2aa9c512c29ea4/element/f.531E98D0DADB2C7D9F82DA313210FC25.d.27FE232EC76B5DC3362F547597C07D1E.e.3071/click - {}
RESULT: {}
COMMAND: GET /session/5d4f89c809828bc74d2aa9c512c29ea4/screenshot - {}
RESULT: {}
COMMAND: POST /session/5d4f89c809828bc74d2aa9c512c29ea4/execute/async - {"script":"<script> [1562 bytes]","args":[{"selector":{"controlType":"sap.m.GenericTile","properties":{"header":"Manage Resources"}},"wdio_ui5_key":"sapm.GenericTile{\"header\":\"Manage Resources\"}"}]}
RESULT: {"script":"<script> [1562 bytes]","args":[{"selector":{"controlType":"sap.m.GenericTile","properties":{"header":"Manage Resources"}},"wdio_ui5_key":"sapm.GenericTile{\"header\":\"Manage Resources\"}"}]}
RESULT: undefined
COMMAND: POST /session/5d4f89c809828bc74d2aa9c512c29ea4/element - {"using":"xpath","value":"//*[@id=\"__tile39\"]"}
RESULT: {"using":"xpath","value":"//*[@id=\"__tile39\"]"}
COMMAND: POST /session/5d4f89c809828bc74d2aa9c512c29ea4/element/f.531E98D0DADB2C7D9F82DA313210FC25.d.27FE232EC76B5DC3362F547597C07D1E.e.3257/click - {}
RESULT: {}
COMMAND: GET /session/5d4f89c809828bc74d2aa9c512c29ea4/screenshot - {}
COMMAND: POST /session/5d4f89c809828bc74d2aa9c512c29ea4/element - {"using":"xpath","value":"//button[@data-kt=\"addNewRUOverflowToolbarButton\"]"}
RESULT: {}
RESULT: {"using":"xpath","value":"//button[@data-kt=\"addNewRUOverflowToolbarButton\"]"}
COMMAND: POST /session/5d4f89c809828bc74d2aa9c512c29ea4/execute/sync - {"script":"<script> [8489 bytes]","args":[{"element-6066-11e4-a52e-4f735466cecf":"f.531E98D0DADB2C7D9F82DA313210FC25.d.27FE232EC76B5DC3362F547597C07D1E.e.3305","ELEMENT":"f.531E98D0DADB2C7D9F82DA313210FC25.d.27FE232EC76B5DC3362F547597C07D1E.e.3305"}]}
RESULT: {"script":"<script> [8489 bytes]","args":[{"element-6066-11e4-a52e-4f735466cecf":"f.531E98D0DADB2C7D9F82DA313210FC25.d.27FE232EC76B5DC3362F547597C07D1E.e.3305","ELEMENT":"f.531E98D0DADB2C7D9F82DA313210FC25.d.27FE232EC76B5DC3362F547597C07D1E.e.3305"}]}
COMMAND: POST /session/5d4f89c809828bc74d2aa9c512c29ea4/element/f.531E98D0DADB2C7D9F82DA313210FC25.d.27FE232EC76B5DC3362F547597C07D1E.e.3305/click - {}
COMMAND: GET /session/5d4f89c809828bc74d2aa9c512c29ea4/screenshot - {}
RESULT: {}
COMMAND: GET /session/5d4f89c809828bc74d2aa9c512c29ea4/screenshot - {}
RESULT: {}
RESULT: {}
COMMAND: POST /session/5d4f89c809828bc74d2aa9c512c29ea4/execute/async - {"script":"<script> [1562 bytes]","args":[{"selector":{"id":"application-manageresources-display-component---newResourceUnit--TYPE-arrow"},"wdio_ui5_key":"applicationmanageresources-display-component---newResourceUnit--TYPE-arrow"}]}
RESULT: {"script":"<script> [1562 bytes]","args":[{"selector":{"id":"application-manageresources-display-component---newResourceUnit--TYPE-arrow"},"wdio_ui5_key":"applicationmanageresources-display-component---newResourceUnit--TYPE-arrow"}]}
RESULT: undefined
COMMAND: POST /session/5d4f89c809828bc74d2aa9c512c29ea4/element - {"using":"xpath","value":"//*[@id=\"application-manageresources-display-component---newResourceUnit--TYPE-arrow\"]"}
RESULT: {"using":"xpath","value":"//*[@id=\"application-manageresources-display-component---newResourceUnit--TYPE-arrow\"]"}
COMMAND: POST /session/5d4f89c809828bc74d2aa9c512c29ea4/element/f.531E98D0DADB2C7D9F82DA313210FC25.d.27FE232EC76B5DC3362F547597C07D1E.e.3647/click - {}
RESULT: {}
COMMAND: POST /session/5d4f89c809828bc74d2aa9c512c29ea4/execute/async - {"script":"<script> [1562 bytes]","args":[{"selector":{"controlType":"sap.m.StandardListItem","viewName":"reusables.view.manageresources.NewResourceUnit","viewId":"application-manageresources-display-component---newResourceUnit","properties":{"title":"Equipment"},"searchOpenDialogs":true,"interaction":{"idSuffix":"content"}},"wdio_ui5_key":"reusablesview.manageresources.NewResourceUnitsap.m.StandardListItem{\"title\":\"Equipment\"}"}]}
COMMAND: GET /session/5d4f89c809828bc74d2aa9c512c29ea4/screenshot - {}
RESULT: {"script":"<script> [1562 bytes]","args":[{"selector":{"controlType":"sap.m.StandardListItem","viewName":"reusables.view.manageresources.NewResourceUnit","viewId":"application-manageresources-display-component---newResourceUnit","properties":{"title":"Equipment"},"searchOpenDialogs":true,"interaction":{"idSuffix":"content"}},"wdio_ui5_key":"reusablesview.manageresources.NewResourceUnitsap.m.StandardListItem{\"title\":\"Equipment\"}"}]}
RESULT: undefined
COMMAND: POST /session/5d4f89c809828bc74d2aa9c512c29ea4/element - {"using":"xpath","value":"//*[@id=\"__item181\"]"}
RESULT: {}
RESULT: {"using":"xpath","value":"//*[@id=\"__item181\"]"}
COMMAND: POST /session/5d4f89c809828bc74d2aa9c512c29ea4/element/f.531E98D0DADB2C7D9F82DA313210FC25.d.27FE232EC76B5DC3362F547597C07D1E.e.3650/click - {}
RESULT: {}
COMMAND: POST /session/5d4f89c809828bc74d2aa9c512c29ea4/execute/async - {"script":"<script> [1562 bytes]","args":[{"selector":{"id":"application-manageresources-display-component---newResourceUnit--resourceId","interaction":{"idSuffix":"inner"}},"wdio_ui5_key":"applicationmanageresources-display-component---newResourceUnit--resourceId"}]}
COMMAND: GET /session/5d4f89c809828bc74d2aa9c512c29ea4/screenshot - {}
RESULT: {"script":"<script> [1562 bytes]","args":[{"selector":{"id":"application-manageresources-display-component---newResourceUnit--resourceId","interaction":{"idSuffix":"inner"}},"wdio_ui5_key":"applicationmanageresources-display-component---newResourceUnit--resourceId"}]}
RESULT: undefined
COMMAND: POST /session/5d4f89c809828bc74d2aa9c512c29ea4/execute/async - {"script":"<script> [776 bytes]","args":[{"enterText":"WdIOR2cEquipytkcoj","selector":{"id":"application-manageresources-display-component---newResourceUnit--resourceId","interaction":{"idSuffix":"inner"}},"clearTextFirst":true,"interactionType":"ENTER_TEXT"}]}
RESULT: {}
RESULT: {"script":"<script> [776 bytes]","args":[{"enterText":"WdIOR2cEquipytkcoj","selector":{"id":"application-manageresources-display-component---newResourceUnit--resourceId","interaction":{"idSuffix":"inner"}},"clearTextFirst":true,"interactionType":"ENTER_TEXT"}]}
COMMAND: POST /session/5d4f89c809828bc74d2aa9c512c29ea4/execute/async - {"script":"<script> [1562 bytes]","args":[{"selector":{"id":"application-manageresources-display-component---newResourceUnit--SHORT_TEXT","interaction":{"idSuffix":"inner"}},"wdio_ui5_key":"applicationmanageresources-display-component---newResourceUnit--SHORT_TEXT"}]}
RESULT: {"script":"<script> [1562 bytes]","args":[{"selector":{"id":"application-manageresources-display-component---newResourceUnit--SHORT_TEXT","interaction":{"idSuffix":"inner"}},"wdio_ui5_key":"applicationmanageresources-display-component---newResourceUnit--SHORT_TEXT"}]}
RESULT: undefined
COMMAND: POST /session/5d4f89c809828bc74d2aa9c512c29ea4/execute/async - {"script":"<script> [776 bytes]","args":[{"enterText":"WdIOR2cEquipytkcoj","selector":{"id":"application-manageresources-display-component---newResourceUnit--SHORT_TEXT","interaction":{"idSuffix":"inner"}},"clearTextFirst":true,"interactionType":"ENTER_TEXT"}]}
RESULT: {"script":"<script> [776 bytes]","args":[{"enterText":"WdIOR2cEquipytkcoj","selector":{"id":"application-manageresources-display-component---newResourceUnit--SHORT_TEXT","interaction":{"idSuffix":"inner"}},"clearTextFirst":true,"interactionType":"ENTER_TEXT"}]}
COMMAND: POST /session/5d4f89c809828bc74d2aa9c512c29ea4/execute/async - {"script":"<script> [1562 bytes]","args":[{"selector":{"id":"application-manageresources-display-component---newResourceUnit--BASE_UNIT_OF_MEASURE","interaction":{"idSuffix":"inner"}},"wdio_ui5_key":"applicationmanageresources-display-component---newResourceUnit--BASE_UNIT_OF_MEASURE"}]}
RESULT: {"script":"<script> [1562 bytes]","args":[{"selector":{"id":"application-manageresources-display-component---newResourceUnit--BASE_UNIT_OF_MEASURE","interaction":{"idSuffix":"inner"}},"wdio_ui5_key":"applicationmanageresources-display-component---newResourceUnit--BASE_UNIT_OF_MEASURE"}]}
RESULT: undefined
COMMAND: POST /session/5d4f89c809828bc74d2aa9c512c29ea4/execute/async - {"script":"<script> [776 bytes]","args":[{"enterText":"Piece","selector":{"id":"application-manageresources-display-component---newResourceUnit--BASE_UNIT_OF_MEASURE","interaction":{"idSuffix":"inner"}},"clearTextFirst":true,"interactionType":"ENTER_TEXT"}]}
RESULT: {"script":"<script> [776 bytes]","args":[{"enterText":"Piece","selector":{"id":"application-manageresources-display-component---newResourceUnit--BASE_UNIT_OF_MEASURE","interaction":{"idSuffix":"inner"}},"clearTextFirst":true,"interactionType":"ENTER_TEXT"}]}
COMMAND: POST /session/5d4f89c809828bc74d2aa9c512c29ea4/execute/async - {"script":"<script> [1562 bytes]","args":[{"selector":{"id":"application-manageresources-display-component---newResourceUnit--WEIGHT_UNIT","interaction":{"idSuffix":"inner"}},"wdio_ui5_key":"applicationmanageresources-display-component---newResourceUnit--WEIGHT_UNIT"}]}
RESULT: {"script":"<script> [1562 bytes]","args":[{"selector":{"id":"application-manageresources-display-component---newResourceUnit--WEIGHT_UNIT","interaction":{"idSuffix":"inner"}},"wdio_ui5_key":"applicationmanageresources-display-component---newResourceUnit--WEIGHT_UNIT"}]}
RESULT: undefined
COMMAND: POST /session/5d4f89c809828bc74d2aa9c512c29ea4/execute/async - {"script":"<script> [776 bytes]","args":[{"enterText":"Gram","selector":{"id":"application-manageresources-display-component---newResourceUnit--WEIGHT_UNIT","interaction":{"idSuffix":"inner"}},"clearTextFirst":true,"interactionType":"ENTER_TEXT"}]}
RESULT: {"script":"<script> [776 bytes]","args":[{"enterText":"Gram","selector":{"id":"application-manageresources-display-component---newResourceUnit--WEIGHT_UNIT","interaction":{"idSuffix":"inner"}},"clearTextFirst":true,"interactionType":"ENTER_TEXT"}]}
COMMAND: POST /session/5d4f89c809828bc74d2aa9c512c29ea4/execute/async - {"script":"<script> [1562 bytes]","args":[{"selector":{"id":"application-manageresources-display-component---newResourceUnit--newRRUPage-OPHeaderContent-collapseBtn-img"},"wdio_ui5_key":"applicationmanageresources-display-component---newResourceUnit--newRRUPage-OPHeaderContent-collapseBtn-img"}]}
RESULT: {"script":"<script> [1562 bytes]","args":[{"selector":{"id":"application-manageresources-display-component---newResourceUnit--newRRUPage-OPHeaderContent-collapseBtn-img"},"wdio_ui5_key":"applicationmanageresources-display-component---newResourceUnit--newRRUPage-OPHeaderContent-collapseBtn-img"}]}
RESULT: undefined
COMMAND: POST /session/5d4f89c809828bc74d2aa9c512c29ea4/element - {"using":"xpath","value":"//*[@id=\"application-manageresources-display-component---newResourceUnit--newRRUPage-OPHeaderContent-collapseBtn-img\"]"}
RESULT: {"using":"xpath","value":"//*[@id=\"application-manageresources-display-component---newResourceUnit--newRRUPage-OPHeaderContent-collapseBtn-img\"]"}
COMMAND: POST /session/5d4f89c809828bc74d2aa9c512c29ea4/element/f.531E98D0DADB2C7D9F82DA313210FC25.d.27FE232EC76B5DC3362F547597C07D1E.e.3659/click - {}
RESULT: {}
COMMAND: GET /session/5d4f89c809828bc74d2aa9c512c29ea4/screenshot - {}
RESULT: {}
COMMAND: POST /session/5d4f89c809828bc74d2aa9c512c29ea4/element - {"using":"xpath","value":"(//span[contains(@id ,\"application-manageresources-display-component---newResourceUnit--DIMENSION_UNIT-arrow\")])[1]"}
RESULT: {"using":"xpath","value":"(//span[contains(@id ,\"application-manageresources-display-component---newResourceUnit--DIMENSION_UNIT-arrow\")])[1]"}
COMMAND: POST /session/5d4f89c809828bc74d2aa9c512c29ea4/element/f.531E98D0DADB2C7D9F82DA313210FC25.d.27FE232EC76B5DC3362F547597C07D1E.e.3784/click - {}
RESULT: {}
COMMAND: GET /session/5d4f89c809828bc74d2aa9c512c29ea4/screenshot - {}
RESULT: {}
COMMAND: POST /session/5d4f89c809828bc74d2aa9c512c29ea4/execute/async - {"script":"<script> [1562 bytes]","args":[{"selector":{"controlType":"sap.m.StandardListItem","viewName":"reusables.view.manageresources.NewResourceUnit","viewId":"application-manageresources-display-component---newResourceUnit","properties":{"title":"Centimeter"},"searchOpenDialogs":true,"interaction":{"idSuffix":"titleText"}},"wdio_ui5_key":"reusablesview.manageresources.NewResourceUnitsap.m.StandardListItem{\"title\":\"Centimeter\"}"}]}
RESULT: {"script":"<script> [1562 bytes]","args":[{"selector":{"controlType":"sap.m.StandardListItem","viewName":"reusables.view.manageresources.NewResourceUnit","viewId":"application-manageresources-display-component---newResourceUnit","properties":{"title":"Centimeter"},"searchOpenDialogs":true,"interaction":{"idSuffix":"titleText"}},"wdio_ui5_key":"reusablesview.manageresources.NewResourceUnitsap.m.StandardListItem{\"title\":\"Centimeter\"}"}]}
RESULT: undefined
COMMAND: POST /session/5d4f89c809828bc74d2aa9c512c29ea4/element - {"using":"xpath","value":"//*[@id=\"__item224\"]"}
RESULT: {"using":"xpath","value":"//*[@id=\"__item224\"]"}
COMMAND: POST /session/5d4f89c809828bc74d2aa9c512c29ea4/element/f.531E98D0DADB2C7D9F82DA313210FC25.d.27FE232EC76B5DC3362F547597C07D1E.e.3786/click - {}
RESULT: {}
COMMAND: GET /session/5d4f89c809828bc74d2aa9c512c29ea4/screenshot - {}
RESULT: {}
COMMAND: POST /session/5d4f89c809828bc74d2aa9c512c29ea4/execute/async - {"script":"<script> [1562 bytes]","args":[{"selector":{"id":"application-manageresources-display-component---newResourceUnit--newRRUPage-anchBar-application-manageresources-display-component---newResourceUnit--control-anchor","interaction":{"idSuffix":"BDI-content"}},"wdio_ui5_key":"applicationmanageresources-display-component---newResourceUnit--newRRUPage-anchBar-application-manageresources-display-component---newResourceUnit--control-anchor"}]}
RESULT: {"script":"<script> [1562 bytes]","args":[{"selector":{"id":"application-manageresources-display-component---newResourceUnit--newRRUPage-anchBar-application-manageresources-display-component---newResourceUnit--control-anchor","interaction":{"idSuffix":"BDI-content"}},"wdio_ui5_key":"applicationmanageresources-display-component---newResourceUnit--newRRUPage-anchBar-application-manageresources-display-component---newResourceUnit--control-anchor"}]}
RESULT: undefined
COMMAND: POST /session/5d4f89c809828bc74d2aa9c512c29ea4/element - {"using":"xpath","value":"//*[@id=\"application-manageresources-display-component---newResourceUnit--newRRUPage-anchBar-application-manageresources-display-component---newResourceUnit--control-anchor\"]"}
RESULT: {"using":"xpath","value":"//*[@id=\"application-manageresources-display-component---newResourceUnit--newRRUPage-anchBar-application-manageresources-display-component---newResourceUnit--control-anchor\"]"}
COMMAND: POST /session/5d4f89c809828bc74d2aa9c512c29ea4/element/f.531E98D0DADB2C7D9F82DA313210FC25.d.27FE232EC76B5DC3362F547597C07D1E.e.3788/click - {}
RESULT: {}
COMMAND: POST /session/5d4f89c809828bc74d2aa9c512c29ea4/execute/async - {"script":"<script> [1562 bytes]","args":[{"selector":{"id":"application-manageresources-display-component---newResourceUnit--PLANNING_GROUP","interaction":{"idSuffix":"inner"}},"wdio_ui5_key":"applicationmanageresources-display-component---newResourceUnit--PLANNING_GROUP"}]}
COMMAND: GET /session/5d4f89c809828bc74d2aa9c512c29ea4/screenshot - {}
RESULT: {"script":"<script> [1562 bytes]","args":[{"selector":{"id":"application-manageresources-display-component---newResourceUnit--PLANNING_GROUP","interaction":{"idSuffix":"inner"}},"wdio_ui5_key":"applicationmanageresources-display-component---newResourceUnit--PLANNING_GROUP"}]}
RESULT: undefined
COMMAND: POST /session/5d4f89c809828bc74d2aa9c512c29ea4/execute/async - {"script":"<script> [776 bytes]","args":[{"enterText":"Heavy Equi","selector":{"id":"application-manageresources-display-component---newResourceUnit--PLANNING_GROUP","interaction":{"idSuffix":"inner"}},"clearTextFirst":true,"interactionType":"ENTER_TEXT"}]}
RESULT: {}
RESULT: {"script":"<script> [776 bytes]","args":[{"enterText":"Heavy Equi","selector":{"id":"application-manageresources-display-component---newResourceUnit--PLANNING_GROUP","interaction":{"idSuffix":"inner"}},"clearTextFirst":true,"interactionType":"ENTER_TEXT"}]}
COMMAND: POST /session/5d4f89c809828bc74d2aa9c512c29ea4/execute/async - {"script":"<script> [1562 bytes]","args":[{"selector":{"id":"application-manageresources-display-component---newResourceUnit--ITEM_TYPE-arrow"},"wdio_ui5_key":"applicationmanageresources-display-component---newResourceUnit--ITEM_TYPE-arrow"}]}
RESULT: {"script":"<script> [1562 bytes]","args":[{"selector":{"id":"application-manageresources-display-component---newResourceUnit--ITEM_TYPE-arrow"},"wdio_ui5_key":"applicationmanageresources-display-component---newResourceUnit--ITEM_TYPE-arrow"}]}
RESULT: undefined
COMMAND: POST /session/5d4f89c809828bc74d2aa9c512c29ea4/element - {"using":"xpath","value":"//*[@id=\"application-manageresources-display-component---newResourceUnit--ITEM_TYPE-arrow\"]"}
RESULT: {"using":"xpath","value":"//*[@id=\"application-manageresources-display-component---newResourceUnit--ITEM_TYPE-arrow\"]"}
COMMAND: POST /session/5d4f89c809828bc74d2aa9c512c29ea4/element/f.531E98D0DADB2C7D9F82DA313210FC25.d.27FE232EC76B5DC3362F547597C07D1E.e.3793/click - {}
RESULT: {}
COMMAND: POST /session/5d4f89c809828bc74d2aa9c512c29ea4/execute/async - {"script":"<script> [1562 bytes]","args":[{"selector":{"controlType":"sap.m.StandardListItem","viewName":"reusables.view.manageresources.NewResourceUnit","viewId":"application-manageresources-display-component---newResourceUnit","properties":{"title":"Resource Unit"},"searchOpenDialogs":true,"interaction":{"idSuffix":"titleText"}},"wdio_ui5_key":"reusablesview.manageresources.NewResourceUnitsap.m.StandardListItem{\"title\":\"Resource Unit\"}"}]}
COMMAND: GET /session/5d4f89c809828bc74d2aa9c512c29ea4/screenshot - {}
RESULT: {"script":"<script> [1562 bytes]","args":[{"selector":{"controlType":"sap.m.StandardListItem","viewName":"reusables.view.manageresources.NewResourceUnit","viewId":"application-manageresources-display-component---newResourceUnit","properties":{"title":"Resource Unit"},"searchOpenDialogs":true,"interaction":{"idSuffix":"titleText"}},"wdio_ui5_key":"reusablesview.manageresources.NewResourceUnitsap.m.StandardListItem{\"title\":\"Resource Unit\"}"}]}
RESULT: undefined
COMMAND: POST /session/5d4f89c809828bc74d2aa9c512c29ea4/element - {"using":"xpath","value":"//*[@id=\"__item246\"]"}
RESULT: {}
RESULT: {"using":"xpath","value":"//*[@id=\"__item246\"]"}
COMMAND: POST /session/5d4f89c809828bc74d2aa9c512c29ea4/element/f.531E98D0DADB2C7D9F82DA313210FC25.d.27FE232EC76B5DC3362F547597C07D1E.e.3795/click - {}
RESULT: {}
COMMAND: POST /session/5d4f89c809828bc74d2aa9c512c29ea4/element - {"using":"xpath","value":"//bdi[contains(text(), \"Time Segment\")]"}
COMMAND: GET /session/5d4f89c809828bc74d2aa9c512c29ea4/screenshot - {}
RESULT: {"using":"xpath","value":"//bdi[contains(text(), \"Time Segment\")]"}
COMMAND: GET /session/5d4f89c809828bc74d2aa9c512c29ea4/element/f.531E98D0DADB2C7D9F82DA313210FC25.d.27FE232EC76B5DC3362F547597C07D1E.e.3796/rect - {}
RESULT: {}
RESULT: {}
COMMAND: GET /session/5d4f89c809828bc74d2aa9c512c29ea4/window/rect - {}
RESULT: {}
COMMAND: POST /session/5d4f89c809828bc74d2aa9c512c29ea4/execute/sync - {"script":"<script> [92 bytes]","args":[]}
RESULT: {"script":"<script> [92 bytes]","args":[]}
COMMAND: POST /session/5d4f89c809828bc74d2aa9c512c29ea4/actions - {"actions":[{"id":"action7","type":"wheel","parameters":{},"actions":[{"type":"scroll","x":-1820,"y":-21,"deltaX":0,"deltaY":0,"duration":0,"origin":{"element-6066-11e4-a52e-4f735466cecf":"f.531E98D0DADB2C7D9F82DA313210FC25.d.27FE232EC76B5DC3362F547597C07D1E.e.3796"}}]}]}
COMMAND: GET /session/5d4f89c809828bc74d2aa9c512c29ea4/screenshot - {}
RESULT: {}
COMMAND: POST /session/5d4f89c809828bc74d2aa9c512c29ea4/execute/sync - {"script":"<script> [79 bytes]","args":[{"element-6066-11e4-a52e-4f735466cecf":"f.531E98D0DADB2C7D9F82DA313210FC25.d.27FE232EC76B5DC3362F547597C07D1E.e.3796","ELEMENT":"f.531E98D0DADB2C7D9F82DA313210FC25.d.27FE232EC76B5DC3362F547597C07D1E.e.3796"},{"block":"start","inline":"nearest"}]}
RESULT: {"script":"<script> [79 bytes]","args":[{"element-6066-11e4-a52e-4f735466cecf":"f.531E98D0DADB2C7D9F82DA313210FC25.d.27FE232EC76B5DC3362F547597C07D1E.e.3796","ELEMENT":"f.531E98D0DADB2C7D9F82DA313210FC25.d.27FE232EC76B5DC3362F547597C07D1E.e.3796"},{"block":"start","inline":"nearest"}]}
COMMAND: POST /session/5d4f89c809828bc74d2aa9c512c29ea4/execute/async - {"script":"<script> [1562 bytes]","args":[{"selector":{"id":"application-manageresources-display-component---newResourceUnit--btnAddTimeSegment-img"},"wdio_ui5_key":"applicationmanageresources-display-component---newResourceUnit--btnAddTimeSegment-img"}]}
COMMAND: GET /session/5d4f89c809828bc74d2aa9c512c29ea4/screenshot - {}
RESULT: {"script":"<script> [1562 bytes]","args":[{"selector":{"id":"application-manageresources-display-component---newResourceUnit--btnAddTimeSegment-img"},"wdio_ui5_key":"applicationmanageresources-display-component---newResourceUnit--btnAddTimeSegment-img"}]}
RESULT: undefined
COMMAND: POST /session/5d4f89c809828bc74d2aa9c512c29ea4/element - {"using":"xpath","value":"//*[@id=\"application-manageresources-display-component---newResourceUnit--btnAddTimeSegment-img\"]"}
RESULT: {}
RESULT: {"using":"xpath","value":"//*[@id=\"application-manageresources-display-component---newResourceUnit--btnAddTimeSegment-img\"]"}
COMMAND: POST /session/5d4f89c809828bc74d2aa9c512c29ea4/element/f.531E98D0DADB2C7D9F82DA313210FC25.d.27FE232EC76B5DC3362F547597C07D1E.e.3797/click - {}
RESULT: {}
COMMAND: GET /session/5d4f89c809828bc74d2aa9c512c29ea4/screenshot - {}
RESULT: {}
COMMAND: POST /session/5d4f89c809828bc74d2aa9c512c29ea4/element - {"using":"xpath","value":"//input[@id=\"application-manageresources-display-component---newResourceUnit--idRuTSAdmin-application-manageresources-display-component---newResourceUnit--RUTimeSegment-0-inner\"]"}
RESULT: {"using":"xpath","value":"//input[@id=\"application-manageresources-display-component---newResourceUnit--idRuTSAdmin-application-manageresources-display-component---newResourceUnit--RUTimeSegment-0-inner\"]"}
COMMAND: POST /session/5d4f89c809828bc74d2aa9c512c29ea4/element/f.531E98D0DADB2C7D9F82DA313210FC25.d.27FE232EC76B5DC3362F547597C07D1E.e.3803/clear - {}
RESULT: {}
COMMAND: POST /session/5d4f89c809828bc74d2aa9c512c29ea4/element/f.531E98D0DADB2C7D9F82DA313210FC25.d.27FE232EC76B5DC3362F547597C07D1E.e.3803/value - {"text":"WebdriverYardioj0m"}
COMMAND: GET /session/5d4f89c809828bc74d2aa9c512c29ea4/screenshot - {}
RESULT: {"text":"WebdriverYardioj0m"}
COMMAND: GET /session/5d4f89c809828bc74d2aa9c512c29ea4/screenshot - {}
RESULT: {}
RESULT: {}
COMMAND: POST /session/5d4f89c809828bc74d2aa9c512c29ea4/actions - {"actions":[{"id":"action8","type":"key","parameters":{},"actions":[{"type":"keyDown","value":"î€‡"},{"type":"pause","duration":10},{"type":"keyUp","value":"î€‡"}]}]}
RESULT: {"actions":[{"id":"action8","type":"key","parameters":{},"actions":[{"type":"keyDown","value":"î€‡"},{"type":"pause","duration":10},{"type":"keyUp","value":"î€‡"}]}]}
COMMAND: POST /session/5d4f89c809828bc74d2aa9c512c29ea4/execute/async - {"script":"<script> [1562 bytes]","args":[{"selector":{"controlType":"sap.ui.core.Icon","viewName":"reusables.view.manageresources.NewResourceUnit","viewId":"application-manageresources-display-component---newResourceUnit","properties":{"src":{"regex":{"source":"slim\\-arrow\\-down"}}},"ancestor":{"controlType":"sap.m.ComboBox","viewName":"reusables.view.manageresources.NewResourceUnit","viewId":"application-manageresources-display-component---newResourceUnit","bindingPath":{"path":"/RESOURCE_UNIT_TIME_SEQUENCES/0","propertyPath":"COST_OBJECT_ADMIN_CST_TYPE","modelName":"oNewRruModel"}}},"wdio_ui5_key":"reusablesview.manageresources.NewResourceUnitsap.ui.core.Icon{\"src\":{\"regex\":{\"source\":\"slim\\\\-arrow\\\\-down\"}}}{\"controlType\":\"sap.m.ComboBox\",\"viewName\":\"reusables.view.manageresources.NewResourceUnit\",\"viewId\":\"application-manageresources-display-component---newResourceUnit\",\"bindingPath\":{\"path\":\"/RESOURCE_UNIT_TIME_SEQUENCES/0\",\"propertyPath\":\"COST_OBJECT_ADMIN_CST_TYPE\",\"modelName\":\"oNewRruModel\"}}"}]}
COMMAND: GET /session/5d4f89c809828bc74d2aa9c512c29ea4/screenshot - {}
RESULT: {"script":"<script> [1562 bytes]","args":[{"selector":{"controlType":"sap.ui.core.Icon","viewName":"reusables.view.manageresources.NewResourceUnit","viewId":"application-manageresources-display-component---newResourceUnit","properties":{"src":{"regex":{"source":"slim\\-arrow\\-down"}}},"ancestor":{"controlType":"sap.m.ComboBox","viewName":"reusables.view.manageresources.NewResourceUnit","viewId":"application-manageresources-display-component---newResourceUnit","bindingPath":{"path":"/RESOURCE_UNIT_TIME_SEQUENCES/0","propertyPath":"COST_OBJECT_ADMIN_CST_TYPE","modelName":"oNewRruModel"}}},"wdio_ui5_key":"reusablesview.manageresources.NewResourceUnitsap.ui.core.Icon{\"src\":{\"regex\":{\"source\":\"slim\\\\-arrow\\\\-down\"}}}{\"controlType\":\"sap.m.ComboBox\",\"viewName\":\"reusables.view.manageresources.NewResourceUnit\",\"viewId\":\"application-manageresources-display-component---newResourceUnit\",\"bindingPath\":{\"path\":\"/RESOURCE_UNIT_TIME_SEQUENCES/0\",\"propertyPath\":\"COST_OBJECT_ADMIN_CST_TYPE\",\"modelName\":\"oNewRruModel\"}}"}]}
RESULT: undefined
COMMAND: POST /session/5d4f89c809828bc74d2aa9c512c29ea4/element - {"using":"xpath","value":"//*[@id=\"__box7-application-manageresources-display-component---newResourceUnit--RUTimeSegment-0-arrow\"]"}
RESULT: {}
RESULT: {"using":"xpath","value":"//*[@id=\"__box7-application-manageresources-display-component---newResourceUnit--RUTimeSegment-0-arrow\"]"}
COMMAND: POST /session/5d4f89c809828bc74d2aa9c512c29ea4/element/f.531E98D0DADB2C7D9F82DA313210FC25.d.27FE232EC76B5DC3362F547597C07D1E.e.3815/click - {}
RESULT: {}
COMMAND: POST /session/5d4f89c809828bc74d2aa9c512c29ea4/execute/async - {"script":"<script> [1562 bytes]","args":[{"selector":{"controlType":"sap.m.StandardListItem","viewName":"reusables.view.manageresources.NewResourceUnit","viewId":"application-manageresources-display-component---newResourceUnit","properties":{"title":"PM Order"},"searchOpenDialogs":true,"interaction":{"idSuffix":"titleText"}},"wdio_ui5_key":"reusablesview.manageresources.NewResourceUnitsap.m.StandardListItem{\"title\":\"PM Order\"}"}]}
COMMAND: GET /session/5d4f89c809828bc74d2aa9c512c29ea4/screenshot - {}
RESULT: {"script":"<script> [1562 bytes]","args":[{"selector":{"controlType":"sap.m.StandardListItem","viewName":"reusables.view.manageresources.NewResourceUnit","viewId":"application-manageresources-display-component---newResourceUnit","properties":{"title":"PM Order"},"searchOpenDialogs":true,"interaction":{"idSuffix":"titleText"}},"wdio_ui5_key":"reusablesview.manageresources.NewResourceUnitsap.m.StandardListItem{\"title\":\"PM Order\"}"}]}
RESULT: undefined
COMMAND: POST /session/5d4f89c809828bc74d2aa9c512c29ea4/element - {"using":"xpath","value":"//*[@id=\"__item953\"]"}
RESULT: {}
RESULT: {"using":"xpath","value":"//*[@id=\"__item953\"]"}
COMMAND: POST /session/5d4f89c809828bc74d2aa9c512c29ea4/element/f.531E98D0DADB2C7D9F82DA313210FC25.d.27FE232EC76B5DC3362F547597C07D1E.e.3819/click - {}
RESULT: {}
COMMAND: GET /session/5d4f89c809828bc74d2aa9c512c29ea4/screenshot - {}
RESULT: {}
COMMAND: POST /session/5d4f89c809828bc74d2aa9c512c29ea4/element - {"using":"xpath","value":"(//input[contains(@id ,\"-application-manageresources-display-component---newResourceUnit--RUTimeSegment-0-inner\")])[8]"}
RESULT: {"using":"xpath","value":"(//input[contains(@id ,\"-application-manageresources-display-component---newResourceUnit--RUTimeSegment-0-inner\")])[8]"}
COMMAND: POST /session/5d4f89c809828bc74d2aa9c512c29ea4/element/f.531E98D0DADB2C7D9F82DA313210FC25.d.27FE232EC76B5DC3362F547597C07D1E.e.3822/clear - {}
RESULT: {}
COMMAND: POST /session/5d4f89c809828bc74d2aa9c512c29ea4/element/f.531E98D0DADB2C7D9F82DA313210FC25.d.27FE232EC76B5DC3362F547597C07D1E.e.3822/value - {"text":"4000360"}
COMMAND: GET /session/5d4f89c809828bc74d2aa9c512c29ea4/screenshot - {}
RESULT: {"text":"4000360"}
COMMAND: GET /session/5d4f89c809828bc74d2aa9c512c29ea4/screenshot - {}
RESULT: {}
RESULT: {}
COMMAND: POST /session/5d4f89c809828bc74d2aa9c512c29ea4/actions - {"actions":[{"id":"action9","type":"key","parameters":{},"actions":[{"type":"keyDown","value":"î€‡"},{"type":"pause","duration":10},{"type":"keyUp","value":"î€‡"}]}]}
RESULT: {"actions":[{"id":"action9","type":"key","parameters":{},"actions":[{"type":"keyDown","value":"î€‡"},{"type":"pause","duration":10},{"type":"keyUp","value":"î€‡"}]}]}
COMMAND: GET /session/5d4f89c809828bc74d2aa9c512c29ea4/screenshot - {}
RESULT: {}
COMMAND: POST /session/5d4f89c809828bc74d2aa9c512c29ea4/element - {"using":"xpath","value":"//input[contains(@id ,\"application-manageresources-display-component---newResourceUnit--newTimeSegmentFromDatePicker-application-manageresources-display-component---newResourceUnit--RUTimeSegment-0-inner\")]"}
RESULT: {"using":"xpath","value":"//input[contains(@id ,\"application-manageresources-display-component---newResourceUnit--newTimeSegmentFromDatePicker-application-manageresources-display-component---newResourceUnit--RUTimeSegment-0-inner\")]"}
COMMAND: POST /session/5d4f89c809828bc74d2aa9c512c29ea4/element/f.531E98D0DADB2C7D9F82DA313210FC25.d.27FE232EC76B5DC3362F547597C07D1E.e.3810/clear - {}
RESULT: {}
COMMAND: POST /session/5d4f89c809828bc74d2aa9c512c29ea4/element/f.531E98D0DADB2C7D9F82DA313210FC25.d.27FE232EC76B5DC3362F547597C07D1E.e.3810/clear - {}
COMMAND: GET /session/5d4f89c809828bc74d2aa9c512c29ea4/screenshot - {}
RESULT: {}
COMMAND: POST /session/5d4f89c809828bc74d2aa9c512c29ea4/element/f.531E98D0DADB2C7D9F82DA313210FC25.d.27FE232EC76B5DC3362F547597C07D1E.e.3810/value - {"text":"06/05/24"}
COMMAND: GET /session/5d4f89c809828bc74d2aa9c512c29ea4/screenshot - {}
RESULT: {}
RESULT: {"text":"06/05/24"}
COMMAND: POST /session/5d4f89c809828bc74d2aa9c512c29ea4/execute/async - {"script":"<script> [1562 bytes]","args":[{"selector":{"id":"application-manageresources-display-component---newResourceUnit--newRRUPage-anchBar-application-manageresources-display-component---newResourceUnit--resource-anchor","interaction":{"idSuffix":"BDI-content"}},"wdio_ui5_key":"applicationmanageresources-display-component---newResourceUnit--newRRUPage-anchBar-application-manageresources-display-component---newResourceUnit--resource-anchor"}]}
COMMAND: GET /session/5d4f89c809828bc74d2aa9c512c29ea4/screenshot - {}
RESULT: {}
RESULT: {"script":"<script> [1562 bytes]","args":[{"selector":{"id":"application-manageresources-display-component---newResourceUnit--newRRUPage-anchBar-application-manageresources-display-component---newResourceUnit--resource-anchor","interaction":{"idSuffix":"BDI-content"}},"wdio_ui5_key":"applicationmanageresources-display-component---newResourceUnit--newRRUPage-anchBar-application-manageresources-display-component---newResourceUnit--resource-anchor"}]}
RESULT: undefined
COMMAND: POST /session/5d4f89c809828bc74d2aa9c512c29ea4/element - {"using":"xpath","value":"//*[@id=\"application-manageresources-display-component---newResourceUnit--newRRUPage-anchBar-application-manageresources-display-component---newResourceUnit--resource-anchor\"]"}
RESULT: {}
RESULT: {"using":"xpath","value":"//*[@id=\"application-manageresources-display-component---newResourceUnit--newRRUPage-anchBar-application-manageresources-display-component---newResourceUnit--resource-anchor\"]"}
COMMAND: POST /session/5d4f89c809828bc74d2aa9c512c29ea4/element/f.531E98D0DADB2C7D9F82DA313210FC25.d.27FE232EC76B5DC3362F547597C07D1E.e.3844/click - {}
RESULT: {}
COMMAND: POST /session/5d4f89c809828bc74d2aa9c512c29ea4/execute/async - {"script":"<script> [1562 bytes]","args":[{"selector":{"id":"application-manageresources-display-component---newResourceUnit--PLANNED_DELIVERY_DATE","interaction":{"idSuffix":"inner"}},"wdio_ui5_key":"applicationmanageresources-display-component---newResourceUnit--PLANNED_DELIVERY_DATE"}]}
COMMAND: GET /session/5d4f89c809828bc74d2aa9c512c29ea4/screenshot - {}
RESULT: {"script":"<script> [1562 bytes]","args":[{"selector":{"id":"application-manageresources-display-component---newResourceUnit--PLANNED_DELIVERY_DATE","interaction":{"idSuffix":"inner"}},"wdio_ui5_key":"applicationmanageresources-display-component---newResourceUnit--PLANNED_DELIVERY_DATE"}]}
RESULT: undefined
COMMAND: POST /session/5d4f89c809828bc74d2aa9c512c29ea4/execute/async - {"script":"<script> [6424 bytes]","args":[{"element-6066-11e4-a52e-4f735466cecf":"f.531E98D0DADB2C7D9F82DA313210FC25.d.27FE232EC76B5DC3362F547597C07D1E.e.3704"},"setValue",["06/05/24"]]}
RESULT: {}
RESULT: {"script":"<script> [6424 bytes]","args":[{"element-6066-11e4-a52e-4f735466cecf":"f.531E98D0DADB2C7D9F82DA313210FC25.d.27FE232EC76B5DC3362F547597C07D1E.e.3704"},"setValue",["06/05/24"]]}
COMMAND: POST /session/5d4f89c809828bc74d2aa9c512c29ea4/execute/async - {"script":"<script> [1562 bytes]","args":[{"selector":{"id":"application-manageresources-display-component---newResourceUnit--RETIRE_PLANNED_DATE","interaction":{"idSuffix":"inner"}},"wdio_ui5_key":"applicationmanageresources-display-component---newResourceUnit--RETIRE_PLANNED_DATE"}]}
RESULT: {"script":"<script> [1562 bytes]","args":[{"selector":{"id":"application-manageresources-display-component---newResourceUnit--RETIRE_PLANNED_DATE","interaction":{"idSuffix":"inner"}},"wdio_ui5_key":"applicationmanageresources-display-component---newResourceUnit--RETIRE_PLANNED_DATE"}]}
RESULT: undefined
COMMAND: POST /session/5d4f89c809828bc74d2aa9c512c29ea4/execute/async - {"script":"<script> [776 bytes]","args":[{"enterText":"3/14/29","selector":{"id":"application-manageresources-display-component---newResourceUnit--RETIRE_PLANNED_DATE","interaction":{"idSuffix":"inner"}},"clearTextFirst":true,"interactionType":"ENTER_TEXT"}]}
RESULT: {"script":"<script> [776 bytes]","args":[{"enterText":"3/14/29","selector":{"id":"application-manageresources-display-component---newResourceUnit--RETIRE_PLANNED_DATE","interaction":{"idSuffix":"inner"}},"clearTextFirst":true,"interactionType":"ENTER_TEXT"}]}
COMMAND: POST /session/5d4f89c809828bc74d2aa9c512c29ea4/execute/async - {"script":"<script> [1562 bytes]","args":[{"selector":{"controlType":"sap.m.Button","viewName":"reusables.view.manageresources.NewResourceUnit","viewId":"application-manageresources-display-component---newResourceUnit","i18NText":{"propertyName":"tooltip","key":"save"},"interaction":{"idSuffix":"BDI-content"}},"wdio_ui5_key":"reusablesview.manageresources.NewResourceUnitsap.m.Button{\"propertyName\":\"tooltip\",\"key\":\"save\"}"}]}
RESULT: {"script":"<script> [1562 bytes]","args":[{"selector":{"controlType":"sap.m.Button","viewName":"reusables.view.manageresources.NewResourceUnit","viewId":"application-manageresources-display-component---newResourceUnit","i18NText":{"propertyName":"tooltip","key":"save"},"interaction":{"idSuffix":"BDI-content"}},"wdio_ui5_key":"reusablesview.manageresources.NewResourceUnitsap.m.Button{\"propertyName\":\"tooltip\",\"key\":\"save\"}"}]}
RESULT: undefined
COMMAND: POST /session/5d4f89c809828bc74d2aa9c512c29ea4/element - {"using":"xpath","value":"//*[@id=\"application-manageresources-display-component---newResourceUnit--createRuButton\"]"}
RESULT: {"using":"xpath","value":"//*[@id=\"application-manageresources-display-component---newResourceUnit--createRuButton\"]"}
COMMAND: POST /session/5d4f89c809828bc74d2aa9c512c29ea4/element/f.531E98D0DADB2C7D9F82DA313210FC25.d.27FE232EC76B5DC3362F547597C07D1E.e.3665/click - {}
RESULT: {}
COMMAND: GET /session/5d4f89c809828bc74d2aa9c512c29ea4/screenshot - {}
RESULT: {}
COMMAND: POST /session/5d4f89c809828bc74d2aa9c512c29ea4/execute/async - {"script":"<script> [1562 bytes]","args":[{"selector":{"controlType":"sap.m.Button","properties":{"text":"Close"},"searchOpenDialogs":true,"interaction":{"idSuffix":"inner"}},"wdio_ui5_key":"sapm.Button{\"text\":\"Close\"}"}]}
RESULT: {"script":"<script> [1562 bytes]","args":[{"selector":{"controlType":"sap.m.Button","properties":{"text":"Close"},"searchOpenDialogs":true,"interaction":{"idSuffix":"inner"}},"wdio_ui5_key":"sapm.Button{\"text\":\"Close\"}"}]}
RESULT: undefined
COMMAND: POST /session/5d4f89c809828bc74d2aa9c512c29ea4/element - {"using":"xpath","value":"//*[@id=\"__mbox-btn-0\"]"}
RESULT: {"using":"xpath","value":"//*[@id=\"__mbox-btn-0\"]"}
COMMAND: POST /session/5d4f89c809828bc74d2aa9c512c29ea4/element/f.531E98D0DADB2C7D9F82DA313210FC25.d.27FE232EC76B5DC3362F547597C07D1E.e.3852/click - {}
RESULT: {}
COMMAND: GET /session/5d4f89c809828bc74d2aa9c512c29ea4/screenshot - {}
COMMAND: POST /session/5d4f89c809828bc74d2aa9c512c29ea4/execute/async - {"script":"<script> [1562 bytes]","args":[{"selector":{"controlType":"sap.m.Text","viewName":"etm.portal.ui.manageresources.view.Detail","viewId":"application-manageresources-display-component---detailRU","bindingPath":{"propertyPath":"ID","modelName":"catalogModel"}},"wdio_ui5_key":"etmportal.ui.manageresources.view.Detailsap.m.Text{\"propertyPath\":\"ID\",\"modelName\":\"catalogModel\"}"}]}
RESULT: {}
RESULT: {"script":"<script> [1562 bytes]","args":[{"selector":{"controlType":"sap.m.Text","viewName":"etm.portal.ui.manageresources.view.Detail","viewId":"application-manageresources-display-component---detailRU","bindingPath":{"propertyPath":"ID","modelName":"catalogModel"}},"wdio_ui5_key":"etmportal.ui.manageresources.view.Detailsap.m.Text{\"propertyPath\":\"ID\",\"modelName\":\"catalogModel\"}"}]}
RESULT: undefined
COMMAND: POST /session/5d4f89c809828bc74d2aa9c512c29ea4/execute/async - {"script":"<script> [6424 bytes]","args":[{"element-6066-11e4-a52e-4f735466cecf":"f.531E98D0DADB2C7D9F82DA313210FC25.d.27FE232EC76B5DC3362F547597C07D1E.e.3909"},"getText",[]]}
RESULT: {"script":"<script> [6424 bytes]","args":[{"element-6066-11e4-a52e-4f735466cecf":"f.531E98D0DADB2C7D9F82DA313210FC25.d.27FE232EC76B5DC3362F547597C07D1E.e.3909"},"getText",[]]}
COMMAND: POST /session/5d4f89c809828bc74d2aa9c512c29ea4/element - {"using":"css selector","value":"#shell-header-logo"}
RESULT: {"using":"css selector","value":"#shell-header-logo"}
COMMAND: POST /session/5d4f89c809828bc74d2aa9c512c29ea4/element/f.531E98D0DADB2C7D9F82DA313210FC25.d.27FE232EC76B5DC3362F547597C07D1E.e.3260/click - {}
RESULT: {}
COMMAND: GET /session/5d4f89c809828bc74d2aa9c512c29ea4/screenshot - {}
RESULT: {}
COMMAND: POST /session/5d4f89c809828bc74d2aa9c512c29ea4/execute/async - {"script":"<script> [1562 bytes]","args":[{"selector":{"controlType":"sap.m.GenericTile","properties":{"header":"Manage Catalogs"}},"wdio_ui5_key":"sapm.GenericTile{\"header\":\"Manage Catalogs\"}"}]}
RESULT: {"script":"<script> [1562 bytes]","args":[{"selector":{"controlType":"sap.m.GenericTile","properties":{"header":"Manage Catalogs"}},"wdio_ui5_key":"sapm.GenericTile{\"header\":\"Manage Catalogs\"}"}]}
RESULT: undefined
COMMAND: POST /session/5d4f89c809828bc74d2aa9c512c29ea4/element - {"using":"xpath","value":"//*[@id=\"__tile37\"]"}
RESULT: {"using":"xpath","value":"//*[@id=\"__tile37\"]"}
COMMAND: POST /session/5d4f89c809828bc74d2aa9c512c29ea4/element/f.531E98D0DADB2C7D9F82DA313210FC25.d.27FE232EC76B5DC3362F547597C07D1E.e.3911/click - {}
RESULT: {}
COMMAND: GET /session/5d4f89c809828bc74d2aa9c512c29ea4/screenshot - {}
RESULT: {}
COMMAND: POST /session/5d4f89c809828bc74d2aa9c512c29ea4/execute/async - {"script":"<script> [1562 bytes]","args":[{"selector":{"controlType":"sap.m.Text","viewName":"etm.portal.ui.managecatalogs.view.MasterCatalogs","viewId":"application-managecatalogs-display-component---masterCatalogs","bindingPath":{"path":"/Catalogs('0D7502D073D53A0F1700BE067B89AFF9')","propertyPath":"DESCRIPTION","modelName":"catalogModel"}},"wdio_ui5_key":"etmportal.ui.managecatalogs.view.MasterCatalogssap.m.Text{\"path\":\"/Catalogs('0D7502D073D53A0F1700BE067B89AFF9')\",\"propertyPath\":\"DESCRIPTION\",\"modelName\":\"catalogModel\"}"}]}
RESULT: {"script":"<script> [1562 bytes]","args":[{"selector":{"controlType":"sap.m.Text","viewName":"etm.portal.ui.managecatalogs.view.MasterCatalogs","viewId":"application-managecatalogs-display-component---masterCatalogs","bindingPath":{"path":"/Catalogs('0D7502D073D53A0F1700BE067B89AFF9')","propertyPath":"DESCRIPTION","modelName":"catalogModel"}},"wdio_ui5_key":"etmportal.ui.managecatalogs.view.MasterCatalogssap.m.Text{\"path\":\"/Catalogs('0D7502D073D53A0F1700BE067B89AFF9')\",\"propertyPath\":\"DESCRIPTION\",\"modelName\":\"catalogModel\"}"}]}
RESULT: undefined
COMMAND: POST /session/5d4f89c809828bc74d2aa9c512c29ea4/element - {"using":"xpath","value":"//*[@id=\"__text939-application-managecatalogs-display-component---masterCatalogs--CatalogsTable-11\"]"}
RESULT: {"using":"xpath","value":"//*[@id=\"__text939-application-managecatalogs-display-component---masterCatalogs--CatalogsTable-11\"]"}
COMMAND: POST /session/5d4f89c809828bc74d2aa9c512c29ea4/element/f.531E98D0DADB2C7D9F82DA313210FC25.d.27FE232EC76B5DC3362F547597C07D1E.e.3982/click - {}
RESULT: {}
COMMAND: POST /session/5d4f89c809828bc74d2aa9c512c29ea4/execute/async - {"script":"<script> [1562 bytes]","args":[{"selector":{"controlType":"sap.ui.layout.HorizontalLayout","viewName":"etm.portal.ui.managecatalogs.view.MasterItems","viewId":"application-managecatalogs-display-component---masterCatalogItems","ancestor":{"id":"application-managecatalogs-display-component---masterCatalogItems--idCatalogItemsTree-rows-row0"}},"wdio_ui5_key":"etmportal.ui.managecatalogs.view.MasterItemssap.ui.layout.HorizontalLayout{\"id\":\"application-managecatalogs-display-component---masterCatalogItems--idCatalogItemsTree-rows-row0\"}"}]}
COMMAND: GET /session/5d4f89c809828bc74d2aa9c512c29ea4/screenshot - {}
RESULT: {"script":"<script> [1562 bytes]","args":[{"selector":{"controlType":"sap.ui.layout.HorizontalLayout","viewName":"etm.portal.ui.managecatalogs.view.MasterItems","viewId":"application-managecatalogs-display-component---masterCatalogItems","ancestor":{"id":"application-managecatalogs-display-component---masterCatalogItems--idCatalogItemsTree-rows-row0"}},"wdio_ui5_key":"etmportal.ui.managecatalogs.view.MasterItemssap.ui.layout.HorizontalLayout{\"id\":\"application-managecatalogs-display-component---masterCatalogItems--idCatalogItemsTree-rows-row0\"}"}]}
RESULT: undefined
COMMAND: POST /session/5d4f89c809828bc74d2aa9c512c29ea4/element - {"using":"xpath","value":"//*[@id=\"__layout280-__clone2761\"]"}
RESULT: {}
RESULT: {"using":"xpath","value":"//*[@id=\"__layout280-__clone2761\"]"}
COMMAND: POST /session/5d4f89c809828bc74d2aa9c512c29ea4/element/f.531E98D0DADB2C7D9F82DA313210FC25.d.27FE232EC76B5DC3362F547597C07D1E.e.4016/click - {}
RESULT: {}
COMMAND: GET /session/5d4f89c809828bc74d2aa9c512c29ea4/screenshot - {}
COMMAND: POST /session/5d4f89c809828bc74d2aa9c512c29ea4/execute/async - {"script":"<script> [1562 bytes]","args":[{"selector":{"controlType":"sap.m.Button","viewName":"etm.portal.ui.managecatalogs.view.Detail","viewId":"application-managecatalogs-display-component---detailCatalog","i18NText":{"propertyName":"text","key":"edit"},"interaction":{"idSuffix":"BDI-content"}},"wdio_ui5_key":"etmportal.ui.managecatalogs.view.Detailsap.m.Button{\"propertyName\":\"text\",\"key\":\"edit\"}"}]}
RESULT: {}
RESULT: {"script":"<script> [1562 bytes]","args":[{"selector":{"controlType":"sap.m.Button","viewName":"etm.portal.ui.managecatalogs.view.Detail","viewId":"application-managecatalogs-display-component---detailCatalog","i18NText":{"propertyName":"text","key":"edit"},"interaction":{"idSuffix":"BDI-content"}},"wdio_ui5_key":"etmportal.ui.managecatalogs.view.Detailsap.m.Button{\"propertyName\":\"text\",\"key\":\"edit\"}"}]}
RESULT: undefined
COMMAND: POST /session/5d4f89c809828bc74d2aa9c512c29ea4/element - {"using":"xpath","value":"//*[@id=\"__button122\"]"}
RESULT: {"using":"xpath","value":"//*[@id=\"__button122\"]"}
COMMAND: POST /session/5d4f89c809828bc74d2aa9c512c29ea4/element/f.531E98D0DADB2C7D9F82DA313210FC25.d.27FE232EC76B5DC3362F547597C07D1E.e.4110/click - {}
RESULT: {}
COMMAND: GET /session/5d4f89c809828bc74d2aa9c512c29ea4/screenshot - {}
RESULT: {}
COMMAND: POST /session/5d4f89c809828bc74d2aa9c512c29ea4/element - {"using":"xpath","value":"//bdi[contains(text(), \"Unlock\")]"}
RESULT: {"using":"xpath","value":"//bdi[contains(text(), \"Unlock\")]"}
COMMAND: POST /session/5d4f89c809828bc74d2aa9c512c29ea4/elements - {"using":"xpath","value":"//bdi[contains(text(), \"Unlock\")]"}
RESULT: {"using":"xpath","value":"//bdi[contains(text(), \"Unlock\")]"}
COMMAND: POST /session/5d4f89c809828bc74d2aa9c512c29ea4/execute/async - {"script":"<script> [1562 bytes]","args":[{"selector":{"controlType":"sap.ui.core.Icon","viewName":"etm.portal.ui.managecatalogs.view.Detail","viewId":"application-managecatalogs-display-component---detailCatalog","properties":{"src":{"regex":{"source":"add\\-folder"}}}},"wdio_ui5_key":"etmportal.ui.managecatalogs.view.Detailsap.ui.core.Icon{\"src\":{\"regex\":{\"source\":\"add\\\\-folder\"}}}"}]}
RESULT: {"script":"<script> [1562 bytes]","args":[{"selector":{"controlType":"sap.ui.core.Icon","viewName":"etm.portal.ui.managecatalogs.view.Detail","viewId":"application-managecatalogs-display-component---detailCatalog","properties":{"src":{"regex":{"source":"add\\-folder"}}}},"wdio_ui5_key":"etmportal.ui.managecatalogs.view.Detailsap.ui.core.Icon{\"src\":{\"regex\":{\"source\":\"add\\\\-folder\"}}}"}]}
RESULT: undefined
COMMAND: POST /session/5d4f89c809828bc74d2aa9c512c29ea4/element - {"using":"xpath","value":"//*[@id=\"__button130-img\"]"}
RESULT: {"using":"xpath","value":"//*[@id=\"__button130-img\"]"}
COMMAND: POST /session/5d4f89c809828bc74d2aa9c512c29ea4/element/f.531E98D0DADB2C7D9F82DA313210FC25.d.27FE232EC76B5DC3362F547597C07D1E.e.4118/click - {}
RESULT: {}
COMMAND: GET /session/5d4f89c809828bc74d2aa9c512c29ea4/screenshot - {}
RESULT: {}
COMMAND: POST /session/5d4f89c809828bc74d2aa9c512c29ea4/execute/async - {"script":"<script> [1562 bytes]","args":[{"selector":{"id":"application-managecatalogs-display-component---detailCatalog--numberInput","searchOpenDialogs":true,"interaction":{"idSuffix":"inner"}},"wdio_ui5_key":"applicationmanagecatalogs-display-component---detailCatalog--numberInput"}]}
RESULT: {"script":"<script> [1562 bytes]","args":[{"selector":{"id":"application-managecatalogs-display-component---detailCatalog--numberInput","searchOpenDialogs":true,"interaction":{"idSuffix":"inner"}},"wdio_ui5_key":"applicationmanagecatalogs-display-component---detailCatalog--numberInput"}]}
RESULT: undefined
COMMAND: POST /session/5d4f89c809828bc74d2aa9c512c29ea4/execute/async - {"script":"<script> [776 bytes]","args":[{"enterText":"Sectionvlva6l","selector":{"id":"application-managecatalogs-display-component---detailCatalog--numberInput","searchOpenDialogs":true,"interaction":{"idSuffix":"inner"}},"clearTextFirst":true,"interactionType":"ENTER_TEXT"}]}
RESULT: {"script":"<script> [776 bytes]","args":[{"enterText":"Sectionvlva6l","selector":{"id":"application-managecatalogs-display-component---detailCatalog--numberInput","searchOpenDialogs":true,"interaction":{"idSuffix":"inner"}},"clearTextFirst":true,"interactionType":"ENTER_TEXT"}]}
COMMAND: POST /session/5d4f89c809828bc74d2aa9c512c29ea4/element - {"using":"css selector","value":"#application-managecatalogs-display-component---detailCatalog--nameInput-inner"}
RESULT: {"using":"css selector","value":"#application-managecatalogs-display-component---detailCatalog--nameInput-inner"}
COMMAND: POST /session/5d4f89c809828bc74d2aa9c512c29ea4/elements - {"using":"css selector","value":"#application-managecatalogs-display-component---detailCatalog--nameInput-inner"}
RESULT: {"using":"css selector","value":"#application-managecatalogs-display-component---detailCatalog--nameInput-inner"}
COMMAND: POST /session/5d4f89c809828bc74d2aa9c512c29ea4/element/f.531E98D0DADB2C7D9F82DA313210FC25.d.27FE232EC76B5DC3362F547597C07D1E.e.4122/clear - {}
RESULT: {}
COMMAND: POST /session/5d4f89c809828bc74d2aa9c512c29ea4/element/f.531E98D0DADB2C7D9F82DA313210FC25.d.27FE232EC76B5DC3362F547597C07D1E.e.4122/value - {"text":"Webdriverr86ww"}
COMMAND: GET /session/5d4f89c809828bc74d2aa9c512c29ea4/screenshot - {}
RESULT: {"text":"Webdriverr86ww"}
COMMAND: POST /session/5d4f89c809828bc74d2aa9c512c29ea4/execute/async - {"script":"<script> [1562 bytes]","args":[{"selector":{"controlType":"sap.m.Button","viewName":"etm.portal.ui.managecatalogs.view.Detail","viewId":"application-managecatalogs-display-component---detailCatalog","i18NText":{"propertyName":"text","key":"create"},"searchOpenDialogs":true,"interaction":{"idSuffix":"BDI-content"}},"wdio_ui5_key":"etmportal.ui.managecatalogs.view.Detailsap.m.Button{\"propertyName\":\"text\",\"key\":\"create\"}"}]}
COMMAND: GET /session/5d4f89c809828bc74d2aa9c512c29ea4/screenshot - {}
RESULT: {}
RESULT: {"script":"<script> [1562 bytes]","args":[{"selector":{"controlType":"sap.m.Button","viewName":"etm.portal.ui.managecatalogs.view.Detail","viewId":"application-managecatalogs-display-component---detailCatalog","i18NText":{"propertyName":"text","key":"create"},"searchOpenDialogs":true,"interaction":{"idSuffix":"BDI-content"}},"wdio_ui5_key":"etmportal.ui.managecatalogs.view.Detailsap.m.Button{\"propertyName\":\"text\",\"key\":\"create\"}"}]}
RESULT: undefined
COMMAND: POST /session/5d4f89c809828bc74d2aa9c512c29ea4/element - {"using":"xpath","value":"//*[@id=\"__button100\"]"}
RESULT: {}
RESULT: {"using":"xpath","value":"//*[@id=\"__button100\"]"}
COMMAND: POST /session/5d4f89c809828bc74d2aa9c512c29ea4/element/f.531E98D0DADB2C7D9F82DA313210FC25.d.27FE232EC76B5DC3362F547597C07D1E.e.4127/click - {}
RESULT: {}
COMMAND: GET /session/5d4f89c809828bc74d2aa9c512c29ea4/screenshot - {}
RESULT: {}
COMMAND: POST /session/5d4f89c809828bc74d2aa9c512c29ea4/element - {"using":"xpath","value":"//button[@title=\"Save\"]"}
RESULT: {"using":"xpath","value":"//button[@title=\"Save\"]"}
COMMAND: POST /session/5d4f89c809828bc74d2aa9c512c29ea4/element/f.531E98D0DADB2C7D9F82DA313210FC25.d.27FE232EC76B5DC3362F547597C07D1E.e.4128/click - {}
RESULT: {}
COMMAND: POST /session/5d4f89c809828bc74d2aa9c512c29ea4/execute/async - {"script":"<script> [1562 bytes]","args":[{"selector":{"controlType":"sap.ui.core.Icon","viewName":"etm.portal.ui.managecatalogs.view.Detail","viewId":"application-managecatalogs-display-component---detailCatalog","properties":{"src":{"regex":{"source":"decline"}}}},"wdio_ui5_key":"etmportal.ui.managecatalogs.view.Detailsap.ui.core.Icon{\"src\":{\"regex\":{\"source\":\"decline\"}}}"}]}
COMMAND: GET /session/5d4f89c809828bc74d2aa9c512c29ea4/screenshot - {}
RESULT: {"script":"<script> [1562 bytes]","args":[{"selector":{"controlType":"sap.ui.core.Icon","viewName":"etm.portal.ui.managecatalogs.view.Detail","viewId":"application-managecatalogs-display-component---detailCatalog","properties":{"src":{"regex":{"source":"decline"}}}},"wdio_ui5_key":"etmportal.ui.managecatalogs.view.Detailsap.ui.core.Icon{\"src\":{\"regex\":{\"source\":\"decline\"}}}"}]}
RESULT: undefined
COMMAND: POST /session/5d4f89c809828bc74d2aa9c512c29ea4/element - {"using":"xpath","value":"//*[@id=\"__button125-img\"]"}
RESULT: {}
RESULT: {"using":"xpath","value":"//*[@id=\"__button125-img\"]"}
COMMAND: POST /session/5d4f89c809828bc74d2aa9c512c29ea4/element/f.531E98D0DADB2C7D9F82DA313210FC25.d.27FE232EC76B5DC3362F547597C07D1E.e.4134/click - {}
RESULT: {}
COMMAND: GET /session/5d4f89c809828bc74d2aa9c512c29ea4/screenshot - {}
RESULT: {}
COMMAND: POST /session/5d4f89c809828bc74d2aa9c512c29ea4/execute/async - {"script":"<script> [1562 bytes]","args":[{"selector":{"controlType":"sap.ui.core.Icon","viewName":"etm.portal.ui.managecatalogs.view.MasterItems","viewId":"application-managecatalogs-display-component---masterCatalogItems","properties":{"src":{"regex":{"source":"refresh"}}}},"wdio_ui5_key":"etmportal.ui.managecatalogs.view.MasterItemssap.ui.core.Icon{\"src\":{\"regex\":{\"source\":\"refresh\"}}}"}]}
RESULT: {"script":"<script> [1562 bytes]","args":[{"selector":{"controlType":"sap.ui.core.Icon","viewName":"etm.portal.ui.managecatalogs.view.MasterItems","viewId":"application-managecatalogs-display-component---masterCatalogItems","properties":{"src":{"regex":{"source":"refresh"}}}},"wdio_ui5_key":"etmportal.ui.managecatalogs.view.MasterItemssap.ui.core.Icon{\"src\":{\"regex\":{\"source\":\"refresh\"}}}"}]}
RESULT: undefined
COMMAND: POST /session/5d4f89c809828bc74d2aa9c512c29ea4/element - {"using":"xpath","value":"//*[@id=\"__button98-img\"]"}
RESULT: {"using":"xpath","value":"//*[@id=\"__button98-img\"]"}
COMMAND: POST /session/5d4f89c809828bc74d2aa9c512c29ea4/element/f.531E98D0DADB2C7D9F82DA313210FC25.d.27FE232EC76B5DC3362F547597C07D1E.e.4170/click - {}
RESULT: {}
COMMAND: POST /session/5d4f89c809828bc74d2aa9c512c29ea4/execute/async - {"script":"<script> [1562 bytes]","args":[{"selector":{"id":"application-managecatalogs-display-component---masterCatalogItems--searchItemsField","interaction":{"idSuffix":"I"}},"wdio_ui5_key":"applicationmanagecatalogs-display-component---masterCatalogItems--searchItemsField"}]}
COMMAND: GET /session/5d4f89c809828bc74d2aa9c512c29ea4/screenshot - {}
RESULT: {"script":"<script> [1562 bytes]","args":[{"selector":{"id":"application-managecatalogs-display-component---masterCatalogItems--searchItemsField","interaction":{"idSuffix":"I"}},"wdio_ui5_key":"applicationmanagecatalogs-display-component---masterCatalogItems--searchItemsField"}]}
RESULT: undefined
COMMAND: POST /session/5d4f89c809828bc74d2aa9c512c29ea4/execute/async - {"script":"<script> [776 bytes]","args":[{"enterText":"Webdriverr86ww","selector":{"id":"application-managecatalogs-display-component---masterCatalogItems--searchItemsField","interaction":{"idSuffix":"I"}},"clearTextFirst":true,"interactionType":"ENTER_TEXT"}]}
RESULT: {}
RESULT: {"script":"<script> [776 bytes]","args":[{"enterText":"Webdriverr86ww","selector":{"id":"application-managecatalogs-display-component---masterCatalogItems--searchItemsField","interaction":{"idSuffix":"I"}},"clearTextFirst":true,"interactionType":"ENTER_TEXT"}]}
COMMAND: POST /session/5d4f89c809828bc74d2aa9c512c29ea4/actions - {"actions":[{"id":"action10","type":"key","parameters":{},"actions":[{"type":"keyDown","value":"î€‡"},{"type":"pause","duration":10},{"type":"keyUp","value":"î€‡"}]}]}
RESULT: {"actions":[{"id":"action10","type":"key","parameters":{},"actions":[{"type":"keyDown","value":"î€‡"},{"type":"pause","duration":10},{"type":"keyUp","value":"î€‡"}]}]}
COMMAND: POST /session/5d4f89c809828bc74d2aa9c512c29ea4/element - {"using":"xpath","value":"(//span[contains(text(), \"Webdriverr86ww\")])[1]"}
COMMAND: GET /session/5d4f89c809828bc74d2aa9c512c29ea4/screenshot - {}
RESULT: {"using":"xpath","value":"(//span[contains(text(), \"Webdriverr86ww\")])[1]"}
COMMAND: POST /session/5d4f89c809828bc74d2aa9c512c29ea4/element/f.531E98D0DADB2C7D9F82DA313210FC25.d.27FE232EC76B5DC3362F547597C07D1E.e.4173/click - {}
RESULT: {}
RESULT: {}
COMMAND: GET /session/5d4f89c809828bc74d2aa9c512c29ea4/screenshot - {}
RESULT: undefined
COMMAND: POST /session/5d4f89c809828bc74d2aa9c512c29ea4/element - {"using":"xpath","value":"//*[@id=\"__button122\"]"}
RESULT: {}
RESULT: {"using":"xpath","value":"//*[@id=\"__button122\"]"}
COMMAND: POST /session/5d4f89c809828bc74d2aa9c512c29ea4/element/f.531E98D0DADB2C7D9F82DA313210FC25.d.27FE232EC76B5DC3362F547597C07D1E.e.4206/click - {}
RESULT: {}
COMMAND: GET /session/5d4f89c809828bc74d2aa9c512c29ea4/screenshot - {}
RESULT: {}
RESULT: undefined
COMMAND: POST /session/5d4f89c809828bc74d2aa9c512c29ea4/element - {"using":"xpath","value":"//*[@id=\"__button130-img\"]"}
RESULT: {"using":"xpath","value":"//*[@id=\"__button130-img\"]"}
COMMAND: POST /session/5d4f89c809828bc74d2aa9c512c29ea4/element/f.531E98D0DADB2C7D9F82DA313210FC25.d.27FE232EC76B5DC3362F547597C07D1E.e.4258/click - {}
RESULT: {}
COMMAND: GET /session/5d4f89c809828bc74d2aa9c512c29ea4/screenshot - {}
RESULT: {}
RESULT: undefined
COMMAND: POST /session/5d4f89c809828bc74d2aa9c512c29ea4/execute/async - {"script":"<script> [776 bytes]","args":[{"enterText":"SecondSection4lphy","selector":{"id":"application-managecatalogs-display-component---detailCatalog--numberInput","searchOpenDialogs":true,"interaction":{"idSuffix":"inner"}},"clearTextFirst":true,"interactionType":"ENTER_TEXT"}]}
RESULT: {"script":"<script> [776 bytes]","args":[{"enterText":"SecondSection4lphy","selector":{"id":"application-managecatalogs-display-component---detailCatalog--numberInput","searchOpenDialogs":true,"interaction":{"idSuffix":"inner"}},"clearTextFirst":true,"interactionType":"ENTER_TEXT"}]}
COMMAND: POST /session/5d4f89c809828bc74d2aa9c512c29ea4/element - {"using":"xpath","value":"//input[contains(@id ,\"application-managecatalogs-display-component---detailCatalog--nameInput-inner\")]"}
RESULT: {"using":"xpath","value":"//input[contains(@id ,\"application-managecatalogs-display-component---detailCatalog--nameInput-inner\")]"}
COMMAND: POST /session/5d4f89c809828bc74d2aa9c512c29ea4/elements - {"using":"xpath","value":"//input[contains(@id ,\"application-managecatalogs-display-component---detailCatalog--nameInput-inner\")]"}
RESULT: {"using":"xpath","value":"//input[contains(@id ,\"application-managecatalogs-display-component---detailCatalog--nameInput-inner\")]"}
COMMAND: POST /session/5d4f89c809828bc74d2aa9c512c29ea4/element/f.531E98D0DADB2C7D9F82DA313210FC25.d.27FE232EC76B5DC3362F547597C07D1E.e.4263/clear - {}
RESULT: {}
COMMAND: POST /session/5d4f89c809828bc74d2aa9c512c29ea4/element/f.531E98D0DADB2C7D9F82DA313210FC25.d.27FE232EC76B5DC3362F547597C07D1E.e.4263/value - {"text":"webdriversecondkxvsv"}
COMMAND: GET /session/5d4f89c809828bc74d2aa9c512c29ea4/screenshot - {}
RESULT: {"text":"webdriversecondkxvsv"}
RESULT: undefined
COMMAND: POST /session/5d4f89c809828bc74d2aa9c512c29ea4/element - {"using":"xpath","value":"//*[@id=\"__button100\"]"}
COMMAND: GET /session/5d4f89c809828bc74d2aa9c512c29ea4/screenshot - {}
RESULT: {}
RESULT: {"using":"xpath","value":"//*[@id=\"__button100\"]"}
COMMAND: POST /session/5d4f89c809828bc74d2aa9c512c29ea4/element/f.531E98D0DADB2C7D9F82DA313210FC25.d.27FE232EC76B5DC3362F547597C07D1E.e.4267/click - {}
RESULT: {}
RESULT: {}
COMMAND: GET /session/5d4f89c809828bc74d2aa9c512c29ea4/screenshot - {}
RESULT: {}
COMMAND: POST /session/5d4f89c809828bc74d2aa9c512c29ea4/element - {"using":"xpath","value":"//button[@title=\"Save\"]"}
RESULT: {"using":"xpath","value":"//button[@title=\"Save\"]"}
COMMAND: POST /session/5d4f89c809828bc74d2aa9c512c29ea4/element/f.531E98D0DADB2C7D9F82DA313210FC25.d.27FE232EC76B5DC3362F547597C07D1E.e.4242/click - {}
RESULT: {}
COMMAND: GET /session/5d4f89c809828bc74d2aa9c512c29ea4/screenshot - {}
RESULT: {}
RESULT: undefined
COMMAND: POST /session/5d4f89c809828bc74d2aa9c512c29ea4/element - {"using":"xpath","value":"//*[@id=\"__button125-img\"]"}
RESULT: {"using":"xpath","value":"//*[@id=\"__button125-img\"]"}
COMMAND: POST /session/5d4f89c809828bc74d2aa9c512c29ea4/element/f.531E98D0DADB2C7D9F82DA313210FC25.d.27FE232EC76B5DC3362F547597C07D1E.e.4213/click - {}
RESULT: {}
COMMAND: GET /session/5d4f89c809828bc74d2aa9c512c29ea4/screenshot - {}
RESULT: {}
RESULT: undefined
COMMAND: POST /session/5d4f89c809828bc74d2aa9c512c29ea4/element - {"using":"xpath","value":"//*[@id=\"__button98-img\"]"}
RESULT: {"using":"xpath","value":"//*[@id=\"__button98-img\"]"}
COMMAND: POST /session/5d4f89c809828bc74d2aa9c512c29ea4/element/f.531E98D0DADB2C7D9F82DA313210FC25.d.27FE232EC76B5DC3362F547597C07D1E.e.4307/click - {}
RESULT: {}
COMMAND: GET /session/5d4f89c809828bc74d2aa9c512c29ea4/screenshot - {}
RESULT: {}
RESULT: undefined
COMMAND: POST /session/5d4f89c809828bc74d2aa9c512c29ea4/execute/async - {"script":"<script> [776 bytes]","args":[{"enterText":"SecondSection4lphy","selector":{"id":"application-managecatalogs-display-component---masterCatalogItems--searchItemsField","interaction":{"idSuffix":"I"}},"clearTextFirst":true,"interactionType":"ENTER_TEXT"}]}
RESULT: {"script":"<script> [776 bytes]","args":[{"enterText":"SecondSection4lphy","selector":{"id":"application-managecatalogs-display-component---masterCatalogItems--searchItemsField","interaction":{"idSuffix":"I"}},"clearTextFirst":true,"interactionType":"ENTER_TEXT"}]}
COMMAND: POST /session/5d4f89c809828bc74d2aa9c512c29ea4/actions - {"actions":[{"id":"action11","type":"key","parameters":{},"actions":[{"type":"keyDown","value":"î€‡"},{"type":"pause","duration":10},{"type":"keyUp","value":"î€‡"}]}]}
RESULT: {"actions":[{"id":"action11","type":"key","parameters":{},"actions":[{"type":"keyDown","value":"î€‡"},{"type":"pause","duration":10},{"type":"keyUp","value":"î€‡"}]}]}
COMMAND: POST /session/5d4f89c809828bc74d2aa9c512c29ea4/element - {"using":"xpath","value":"(//span[contains(text(), \"SecondSection4lphy\")])[1]"}
COMMAND: GET /session/5d4f89c809828bc74d2aa9c512c29ea4/screenshot - {}
RESULT: {"using":"xpath","value":"(//span[contains(text(), \"SecondSection4lphy\")])[1]"}
COMMAND: POST /session/5d4f89c809828bc74d2aa9c512c29ea4/element/f.531E98D0DADB2C7D9F82DA313210FC25.d.27FE232EC76B5DC3362F547597C07D1E.e.4310/click - {}
RESULT: {}
RESULT: {}
COMMAND: POST /session/5d4f89c809828bc74d2aa9c512c29ea4/element - {"using":"xpath","value":"(//span[contains(text(), \"SecondSection4lphy\")])[1]"}
COMMAND: GET /session/5d4f89c809828bc74d2aa9c512c29ea4/screenshot - {}
RESULT: {"using":"xpath","value":"(//span[contains(text(), \"SecondSection4lphy\")])[1]"}
COMMAND: GET /session/5d4f89c809828bc74d2aa9c512c29ea4/element/f.531E98D0DADB2C7D9F82DA313210FC25.d.27FE232EC76B5DC3362F547597C07D1E.e.4310/text - {}
RESULT: {}
COMMAND: POST /session/5d4f89c809828bc74d2aa9c512c29ea4/element - {"using":"xpath","value":"(//span[contains(text(), \"SecondSection4lphy\")])[1]"}
RESULT: {"using":"xpath","value":"(//span[contains(text(), \"SecondSection4lphy\")])[1]"}
COMMAND: GET /session/5d4f89c809828bc74d2aa9c512c29ea4/element/f.531E98D0DADB2C7D9F82DA313210FC25.d.27FE232EC76B5DC3362F547597C07D1E.e.4310/text - {}
COMMAND: POST /session/5d4f89c809828bc74d2aa9c512c29ea4/element - {"using":"xpath","value":"(//span[contains(text(), \"SecondSection4lphy\")])[1]"}
RESULT: {"using":"xpath","value":"(//span[contains(text(), \"SecondSection4lphy\")])[1]"}
COMMAND: GET /session/5d4f89c809828bc74d2aa9c512c29ea4/element/f.531E98D0DADB2C7D9F82DA313210FC25.d.27FE232EC76B5DC3362F547597C07D1E.e.4363/text - {}
RESULT: {}
COMMAND: POST /session/5d4f89c809828bc74d2aa9c512c29ea4/refresh - {}
RESULT: {}
COMMAND: GET /session/5d4f89c809828bc74d2aa9c512c29ea4/screenshot - {}
RESULT: {}
COMMAND: POST /session/5d4f89c809828bc74d2aa9c512c29ea4/execute/async - {"script":"<script> [189 bytes]","args":[]}
RESULT: {"script":"<script> [189 bytes]","args":[]}
COMMAND: POST /session/5d4f89c809828bc74d2aa9c512c29ea4/execute/async - {"script":"<script> [123 bytes]","args":[]}
RESULT: {"script":"<script> [123 bytes]","args":[]}
COMMAND: POST /session/5d4f89c809828bc74d2aa9c512c29ea4/timeouts - {"script":"<number>"}
RESULT: {"script":"<number>"}
COMMAND: GET /session/5d4f89c809828bc74d2aa9c512c29ea4/timeouts - {}
RESULT: {}
RESULT: undefined
COMMAND: POST /session/5d4f89c809828bc74d2aa9c512c29ea4/execute/async - {"script":"<script> [2676 bytes]","args":[]}
RESULT: {"script":"<script> [2676 bytes]","args":[]}
COMMAND: POST /session/5d4f89c809828bc74d2aa9c512c29ea4/execute/async - {"script":"<script> [2342 bytes]","args":[{"protocol":"http","hostname":"0.0.0.0","path":"/","capabilities":{"browserName":"chrome","goog:chromeOptions":{"binary":"C:\\Program Files\\Google\\Chrome\\Application\\chrome.exe","args":["--start-maximized"]}},"logLevel":"warn","connectionRetryTimeout":120000,"connectionRetryCount":3,"logLevels":{},"enableDirectConnect":true,"strictSSL":true,"_":"65 more keys: [\"cacheDir\",\"port\",\"requestedCapabilities\",\"automationProtocol\",\"baseUrl\",\"waitforInterval\",\"waitforTimeout\",\"onReload\",\"beforeCommand\",\"afterCommand\",\"rootDir\",\"specs\",\"suites\",\"exclude\",\"groupLogsByTestSpec\",\"excludeDriverLogs\",\"bail\",\"framework\",\"reporters\",\"services\",\"maxInstances\",\"maxInstancesPerCapability\",\"injectGlobals\",\"filesToWatch\",\"execArgv\",\"runnerEnv\",\"runner\",\"shard\",\"specFileRetries\",\"specFileRetriesDelay\",\"specFileRetriesDeferred\",\"reporterSyncInterval\",\"reporterSyncTimeout\",\"cucumberFeaturesWithLineNumbers\",\"autoCompileOpts\",\"mochaOpts\",\"jasmineOpts\",\"cucumberOpts\",\"onPrepare\",\"onWorkerStart\",\"onWorkerEnd\",\"before\",\"beforeSession\",\"beforeSuite\",\"beforeHook\",\"beforeTest\",\"afterTest\",\"afterHook\",\"afterSuite\",\"afterSession\",\"after\",\"onComplete\",\"beforeAssertion\",\"afterAssertion\",\"beforeFeature\",\"beforeScenario\",\"beforeStep\",\"afterStep\",\"afterScenario\",\"afterFeature\",\"_\",\"suite\",\"$0\",\"ignoredWorkerServices\",\"wdi5\"]"}]}
RESULT: {"script":"<script> [2342 bytes]","args":[{"protocol":"http","hostname":"0.0.0.0","path":"/","capabilities":{"browserName":"chrome","goog:chromeOptions":{"binary":"C:\\Program Files\\Google\\Chrome\\Application\\chrome.exe","args":["--start-maximized"]}},"logLevel":"warn","connectionRetryTimeout":120000,"connectionRetryCount":3,"logLevels":{},"enableDirectConnect":true,"strictSSL":true,"_":"65 more keys: [\"cacheDir\",\"port\",\"requestedCapabilities\",\"automationProtocol\",\"baseUrl\",\"waitforInterval\",\"waitforTimeout\",\"onReload\",\"beforeCommand\",\"afterCommand\",\"rootDir\",\"specs\",\"suites\",\"exclude\",\"groupLogsByTestSpec\",\"excludeDriverLogs\",\"bail\",\"framework\",\"reporters\",\"services\",\"maxInstances\",\"maxInstancesPerCapability\",\"injectGlobals\",\"filesToWatch\",\"execArgv\",\"runnerEnv\",\"runner\",\"shard\",\"specFileRetries\",\"specFileRetriesDelay\",\"specFileRetriesDeferred\",\"reporterSyncInterval\",\"reporterSyncTimeout\",\"cucumberFeaturesWithLineNumbers\",\"autoCompileOpts\",\"mochaOpts\",\"jasmineOpts\",\"cucumberOpts\",\"onPrepare\",\"onWorkerStart\",\"onWorkerEnd\",\"before\",\"beforeSession\",\"beforeSuite\",\"beforeHook\",\"beforeTest\",\"afterTest\",\"afterHook\",\"afterSuite\",\"afterSession\",\"after\",\"onComplete\",\"beforeAssertion\",\"afterAssertion\",\"beforeFeature\",\"beforeScenario\",\"beforeStep\",\"afterStep\",\"afterScenario\",\"afterFeature\",\"_\",\"suite\",\"$0\",\"ignoredWorkerServices\",\"wdi5\"]"}]}
COMMAND: POST /session/5d4f89c809828bc74d2aa9c512c29ea4/execute/async - {"script":"<script> [21126 bytes]","args":[35000]}
RESULT: {"script":"<script> [21126 bytes]","args":[35000]}
COMMAND: POST /session/5d4f89c809828bc74d2aa9c512c29ea4/execute/async - {"script":"<script> [1562 bytes]","args":[{"selector":{"controlType":"sap.m.Button","viewName":"etm.portal.ui.managecatalogs.view.Detail","viewId":"application-managecatalogs-display-component---detailCatalog","i18NText":{"propertyName":"text","key":"edit"},"interaction":{"idSuffix":"BDI-content"}},"wdio_ui5_key":"etmportal.ui.managecatalogs.view.Detailsap.m.Button{\"propertyName\":\"text\",\"key\":\"edit\"}"}]}
RESULT: {"script":"<script> [1562 bytes]","args":[{"selector":{"controlType":"sap.m.Button","viewName":"etm.portal.ui.managecatalogs.view.Detail","viewId":"application-managecatalogs-display-component---detailCatalog","i18NText":{"propertyName":"text","key":"edit"},"interaction":{"idSuffix":"BDI-content"}},"wdio_ui5_key":"etmportal.ui.managecatalogs.view.Detailsap.m.Button{\"propertyName\":\"text\",\"key\":\"edit\"}"}]}
RESULT: undefined
COMMAND: POST /session/5d4f89c809828bc74d2aa9c512c29ea4/element - {"using":"xpath","value":"//*[@id=\"__button25\"]"}
RESULT: {"using":"xpath","value":"//*[@id=\"__button25\"]"}
COMMAND: POST /session/5d4f89c809828bc74d2aa9c512c29ea4/element/f.531E98D0DADB2C7D9F82DA313210FC25.d.65D4CAF5FA0C35DDC88307D3A1DD2CA0.e.4419/click - {}
RESULT: {}
COMMAND: GET /session/5d4f89c809828bc74d2aa9c512c29ea4/screenshot - {}
RESULT: {}
COMMAND: POST /session/5d4f89c809828bc74d2aa9c512c29ea4/element - {"using":"xpath","value":"//button[contains(@title ,\"Create Catalog Item\")]"}
RESULT: {"using":"xpath","value":"//button[contains(@title ,\"Create Catalog Item\")]"}
COMMAND: POST /session/5d4f89c809828bc74d2aa9c512c29ea4/element/f.531E98D0DADB2C7D9F82DA313210FC25.d.65D4CAF5FA0C35DDC88307D3A1DD2CA0.e.4425/click - {}
RESULT: {}
COMMAND: POST /session/5d4f89c809828bc74d2aa9c512c29ea4/execute/async - {"script":"<script> [1562 bytes]","args":[{"selector":{"id":"application-managecatalogs-display-component---detailCatalog--newItemNumberInput","searchOpenDialogs":true,"interaction":{"idSuffix":"inner"}},"wdio_ui5_key":"applicationmanagecatalogs-display-component---detailCatalog--newItemNumberInput"}]}
COMMAND: GET /session/5d4f89c809828bc74d2aa9c512c29ea4/screenshot - {}
RESULT: {"script":"<script> [1562 bytes]","args":[{"selector":{"id":"application-managecatalogs-display-component---detailCatalog--newItemNumberInput","searchOpenDialogs":true,"interaction":{"idSuffix":"inner"}},"wdio_ui5_key":"applicationmanagecatalogs-display-component---detailCatalog--newItemNumberInput"}]}
RESULT: undefined
COMMAND: POST /session/5d4f89c809828bc74d2aa9c512c29ea4/execute/async - {"script":"<script> [776 bytes]","args":[{"enterText":"catalogItemutpzb","selector":{"id":"application-managecatalogs-display-component---detailCatalog--newItemNumberInput","searchOpenDialogs":true,"interaction":{"idSuffix":"inner"}},"clearTextFirst":true,"interactionType":"ENTER_TEXT"}]}
RESULT: {}
RESULT: {"script":"<script> [776 bytes]","args":[{"enterText":"catalogItemutpzb","selector":{"id":"application-managecatalogs-display-component---detailCatalog--newItemNumberInput","searchOpenDialogs":true,"interaction":{"idSuffix":"inner"}},"clearTextFirst":true,"interactionType":"ENTER_TEXT"}]}
COMMAND: POST /session/5d4f89c809828bc74d2aa9c512c29ea4/execute/async - {"script":"<script> [1562 bytes]","args":[{"selector":{"controlType":"sap.m.Input","viewName":"etm.portal.ui.managecatalogs.view.Detail","viewId":"application-managecatalogs-display-component---detailCatalog","bindingPath":{"path":"","propertyPath":"/DESCRIPTION"},"searchOpenDialogs":true,"interaction":{"idSuffix":"inner"}},"wdio_ui5_key":"etmportal.ui.managecatalogs.view.Detailsap.m.Input{\"path\":\"\",\"propertyPath\":\"/DESCRIPTION\"}"}]}
RESULT: {"script":"<script> [1562 bytes]","args":[{"selector":{"controlType":"sap.m.Input","viewName":"etm.portal.ui.managecatalogs.view.Detail","viewId":"application-managecatalogs-display-component---detailCatalog","bindingPath":{"path":"","propertyPath":"/DESCRIPTION"},"searchOpenDialogs":true,"interaction":{"idSuffix":"inner"}},"wdio_ui5_key":"etmportal.ui.managecatalogs.view.Detailsap.m.Input{\"path\":\"\",\"propertyPath\":\"/DESCRIPTION\"}"}]}
RESULT: undefined
COMMAND: POST /session/5d4f89c809828bc74d2aa9c512c29ea4/execute/async - {"script":"<script> [776 bytes]","args":[{"enterText":"catalogItemName4blao","selector":{"controlType":"sap.m.Input","viewName":"etm.portal.ui.managecatalogs.view.Detail","viewId":"application-managecatalogs-display-component---detailCatalog","bindingPath":{"path":"","propertyPath":"/DESCRIPTION"},"searchOpenDialogs":true,"interaction":{"idSuffix":"inner"}},"clearTextFirst":true,"interactionType":"ENTER_TEXT"}]}
RESULT: {"script":"<script> [776 bytes]","args":[{"enterText":"catalogItemName4blao","selector":{"controlType":"sap.m.Input","viewName":"etm.portal.ui.managecatalogs.view.Detail","viewId":"application-managecatalogs-display-component---detailCatalog","bindingPath":{"path":"","propertyPath":"/DESCRIPTION"},"searchOpenDialogs":true,"interaction":{"idSuffix":"inner"}},"clearTextFirst":true,"interactionType":"ENTER_TEXT"}]}
COMMAND: POST /session/5d4f89c809828bc74d2aa9c512c29ea4/actions - {"actions":[{"id":"action12","type":"key","parameters":{},"actions":[{"type":"keyDown","value":"î€„"},{"type":"pause","duration":10},{"type":"keyUp","value":"î€„"}]}]}
RESULT: {"actions":[{"id":"action12","type":"key","parameters":{},"actions":[{"type":"keyDown","value":"î€„"},{"type":"pause","duration":10},{"type":"keyUp","value":"î€„"}]}]}
COMMAND: GET /session/5d4f89c809828bc74d2aa9c512c29ea4/screenshot - {}
RESULT: {}
COMMAND: POST /session/5d4f89c809828bc74d2aa9c512c29ea4/actions - {"actions":[{"id":"action13","type":"key","parameters":{},"actions":[{"type":"keyDown","value":"î€‡"},{"type":"pause","duration":10},{"type":"keyUp","value":"î€‡"}]}]}
RESULT: {"actions":[{"id":"action13","type":"key","parameters":{},"actions":[{"type":"keyDown","value":"î€‡"},{"type":"pause","duration":10},{"type":"keyUp","value":"î€‡"}]}]}
COMMAND: GET /session/5d4f89c809828bc74d2aa9c512c29ea4/screenshot - {}
RESULT: {}
COMMAND: POST /session/5d4f89c809828bc74d2aa9c512c29ea4/element - {"using":"xpath","value":"//button[@title=\"Save\"]"}
RESULT: {"using":"xpath","value":"//button[@title=\"Save\"]"}
COMMAND: POST /session/5d4f89c809828bc74d2aa9c512c29ea4/element/f.531E98D0DADB2C7D9F82DA313210FC25.d.65D4CAF5FA0C35DDC88307D3A1DD2CA0.e.4434/click - {}
RESULT: {}
COMMAND: GET /session/5d4f89c809828bc74d2aa9c512c29ea4/screenshot - {}
RESULT: {}
COMMAND: POST /session/5d4f89c809828bc74d2aa9c512c29ea4/execute/async - {"script":"<script> [1562 bytes]","args":[{"selector":{"controlType":"sap.ui.core.Icon","viewName":"etm.portal.ui.managecatalogs.view.Detail","viewId":"application-managecatalogs-display-component---detailCatalog","properties":{"src":{"regex":{"source":"decline"}}}},"wdio_ui5_key":"etmportal.ui.managecatalogs.view.Detailsap.ui.core.Icon{\"src\":{\"regex\":{\"source\":\"decline\"}}}"}]}
RESULT: {"script":"<script> [1562 bytes]","args":[{"selector":{"controlType":"sap.ui.core.Icon","viewName":"etm.portal.ui.managecatalogs.view.Detail","viewId":"application-managecatalogs-display-component---detailCatalog","properties":{"src":{"regex":{"source":"decline"}}}},"wdio_ui5_key":"etmportal.ui.managecatalogs.view.Detailsap.ui.core.Icon{\"src\":{\"regex\":{\"source\":\"decline\"}}}"}]}
RESULT: undefined
COMMAND: POST /session/5d4f89c809828bc74d2aa9c512c29ea4/element - {"using":"xpath","value":"//*[@id=\"__button28-img\"]"}
RESULT: {"using":"xpath","value":"//*[@id=\"__button28-img\"]"}
COMMAND: POST /session/5d4f89c809828bc74d2aa9c512c29ea4/element/f.531E98D0DADB2C7D9F82DA313210FC25.d.65D4CAF5FA0C35DDC88307D3A1DD2CA0.e.4440/click - {}
RESULT: {}
COMMAND: GET /session/5d4f89c809828bc74d2aa9c512c29ea4/screenshot - {}
RESULT: {}
COMMAND: POST /session/5d4f89c809828bc74d2aa9c512c29ea4/execute/async - {"script":"<script> [1562 bytes]","args":[{"selector":{"controlType":"sap.ui.core.Icon","viewName":"etm.portal.ui.managecatalogs.view.MasterItems","viewId":"application-managecatalogs-display-component---masterCatalogItems","properties":{"src":{"regex":{"source":"refresh"}}}},"wdio_ui5_key":"etmportal.ui.managecatalogs.view.MasterItemssap.ui.core.Icon{\"src\":{\"regex\":{\"source\":\"refresh\"}}}"}]}
RESULT: {"script":"<script> [1562 bytes]","args":[{"selector":{"controlType":"sap.ui.core.Icon","viewName":"etm.portal.ui.managecatalogs.view.MasterItems","viewId":"application-managecatalogs-display-component---masterCatalogItems","properties":{"src":{"regex":{"source":"refresh"}}}},"wdio_ui5_key":"etmportal.ui.managecatalogs.view.MasterItemssap.ui.core.Icon{\"src\":{\"regex\":{\"source\":\"refresh\"}}}"}]}
RESULT: undefined
COMMAND: POST /session/5d4f89c809828bc74d2aa9c512c29ea4/element - {"using":"xpath","value":"//*[@id=\"__button1-img\"]"}
RESULT: {"using":"xpath","value":"//*[@id=\"__button1-img\"]"}
COMMAND: POST /session/5d4f89c809828bc74d2aa9c512c29ea4/element/f.531E98D0DADB2C7D9F82DA313210FC25.d.65D4CAF5FA0C35DDC88307D3A1DD2CA0.e.4448/click - {}
RESULT: {}
COMMAND: GET /session/5d4f89c809828bc74d2aa9c512c29ea4/screenshot - {}
RESULT: {}
COMMAND: POST /session/5d4f89c809828bc74d2aa9c512c29ea4/execute/async - {"script":"<script> [1562 bytes]","args":[{"selector":{"id":"application-managecatalogs-display-component---masterCatalogItems--searchItemsField","interaction":{"idSuffix":"I"}},"wdio_ui5_key":"applicationmanagecatalogs-display-component---masterCatalogItems--searchItemsField"}]}
RESULT: {"script":"<script> [1562 bytes]","args":[{"selector":{"id":"application-managecatalogs-display-component---masterCatalogItems--searchItemsField","interaction":{"idSuffix":"I"}},"wdio_ui5_key":"applicationmanagecatalogs-display-component---masterCatalogItems--searchItemsField"}]}
RESULT: undefined
COMMAND: POST /session/5d4f89c809828bc74d2aa9c512c29ea4/execute/async - {"script":"<script> [776 bytes]","args":[{"enterText":"catalogItemName4blao","selector":{"id":"application-managecatalogs-display-component---masterCatalogItems--searchItemsField","interaction":{"idSuffix":"I"}},"clearTextFirst":true,"interactionType":"ENTER_TEXT"}]}
RESULT: {"script":"<script> [776 bytes]","args":[{"enterText":"catalogItemName4blao","selector":{"id":"application-managecatalogs-display-component---masterCatalogItems--searchItemsField","interaction":{"idSuffix":"I"}},"clearTextFirst":true,"interactionType":"ENTER_TEXT"}]}
COMMAND: POST /session/5d4f89c809828bc74d2aa9c512c29ea4/actions - {"actions":[{"id":"action14","type":"key","parameters":{},"actions":[{"type":"keyDown","value":"î€‡"},{"type":"pause","duration":10},{"type":"keyUp","value":"î€‡"}]}]}
RESULT: {"actions":[{"id":"action14","type":"key","parameters":{},"actions":[{"type":"keyDown","value":"î€‡"},{"type":"pause","duration":10},{"type":"keyUp","value":"î€‡"}]}]}
COMMAND: POST /session/5d4f89c809828bc74d2aa9c512c29ea4/element - {"using":"xpath","value":"(//span[contains(text(), \"catalogItemName4blao\")])[1]"}
COMMAND: GET /session/5d4f89c809828bc74d2aa9c512c29ea4/screenshot - {}
RESULT: {"using":"xpath","value":"(//span[contains(text(), \"catalogItemName4blao\")])[1]"}
COMMAND: POST /session/5d4f89c809828bc74d2aa9c512c29ea4/element/f.531E98D0DADB2C7D9F82DA313210FC25.d.65D4CAF5FA0C35DDC88307D3A1DD2CA0.e.4485/click - {}
RESULT: {}
RESULT: {}
COMMAND: GET /session/5d4f89c809828bc74d2aa9c512c29ea4/screenshot - {}
RESULT: {}
COMMAND: POST /session/5d4f89c809828bc74d2aa9c512c29ea4/element - {"using":"xpath","value":"//span[contains(text(), \"catalogItemutpzb\")]"}
RESULT: {"using":"xpath","value":"//span[contains(text(), \"catalogItemutpzb\")]"}
COMMAND: GET /session/5d4f89c809828bc74d2aa9c512c29ea4/element/f.531E98D0DADB2C7D9F82DA313210FC25.d.65D4CAF5FA0C35DDC88307D3A1DD2CA0.e.4546/text - {}
RESULT: {}
]]></system-out>
    </testcase>
    <testcase classname="chrome.135_0_7049_96.windows.Standard_contract_-_add_contract_items_by_Insert_Request_US118222" name="Should assign resources to the catalog item" time="61.474">
      <system-out><![CDATA[
RESULT: undefined
COMMAND: POST /session/5d4f89c809828bc74d2aa9c512c29ea4/element - {"using":"xpath","value":"//*[@id=\"__button25\"]"}
RESULT: {"using":"xpath","value":"//*[@id=\"__button25\"]"}
COMMAND: POST /session/5d4f89c809828bc74d2aa9c512c29ea4/element/f.531E98D0DADB2C7D9F82DA313210FC25.d.65D4CAF5FA0C35DDC88307D3A1DD2CA0.e.4547/click - {}
RESULT: {}
COMMAND: GET /session/5d4f89c809828bc74d2aa9c512c29ea4/screenshot - {}
RESULT: {}
COMMAND: POST /session/5d4f89c809828bc74d2aa9c512c29ea4/execute/async - {"script":"<script> [1562 bytes]","args":[{"selector":{"id":"application-managecatalogs-display-component---detailCatalog--BASE_UNIT_OF_MEASURE-arrow"},"wdio_ui5_key":"applicationmanagecatalogs-display-component---detailCatalog--BASE_UNIT_OF_MEASURE-arrow"}]}
RESULT: {"script":"<script> [1562 bytes]","args":[{"selector":{"id":"application-managecatalogs-display-component---detailCatalog--BASE_UNIT_OF_MEASURE-arrow"},"wdio_ui5_key":"applicationmanagecatalogs-display-component---detailCatalog--BASE_UNIT_OF_MEASURE-arrow"}]}
RESULT: undefined
COMMAND: POST /session/5d4f89c809828bc74d2aa9c512c29ea4/element - {"using":"xpath","value":"//*[@id=\"application-managecatalogs-display-component---detailCatalog--BASE_UNIT_OF_MEASURE-arrow\"]"}
RESULT: {"using":"xpath","value":"//*[@id=\"application-managecatalogs-display-component---detailCatalog--BASE_UNIT_OF_MEASURE-arrow\"]"}
COMMAND: POST /session/5d4f89c809828bc74d2aa9c512c29ea4/element/f.531E98D0DADB2C7D9F82DA313210FC25.d.65D4CAF5FA0C35DDC88307D3A1DD2CA0.e.4577/click - {}
RESULT: {}
COMMAND: POST /session/5d4f89c809828bc74d2aa9c512c29ea4/execute/async - {"script":"<script> [1562 bytes]","args":[{"selector":{"controlType":"sap.m.StandardListItem","viewName":"etm.portal.ui.managecatalogs.view.Detail","viewId":"application-managecatalogs-display-component---detailCatalog","properties":{"title":"Piece"},"searchOpenDialogs":true,"interaction":{"idSuffix":"titleText"}},"wdio_ui5_key":"etmportal.ui.managecatalogs.view.Detailsap.m.StandardListItem{\"title\":\"Piece\"}"}]}
COMMAND: GET /session/5d4f89c809828bc74d2aa9c512c29ea4/screenshot - {}
RESULT: {"script":"<script> [1562 bytes]","args":[{"selector":{"controlType":"sap.m.StandardListItem","viewName":"etm.portal.ui.managecatalogs.view.Detail","viewId":"application-managecatalogs-display-component---detailCatalog","properties":{"title":"Piece"},"searchOpenDialogs":true,"interaction":{"idSuffix":"titleText"}},"wdio_ui5_key":"etmportal.ui.managecatalogs.view.Detailsap.m.StandardListItem{\"title\":\"Piece\"}"}]}
RESULT: undefined
COMMAND: POST /session/5d4f89c809828bc74d2aa9c512c29ea4/element - {"using":"xpath","value":"//*[@id=\"__item224\"]"}
RESULT: {}
RESULT: {"using":"xpath","value":"//*[@id=\"__item224\"]"}
COMMAND: POST /session/5d4f89c809828bc74d2aa9c512c29ea4/element/f.531E98D0DADB2C7D9F82DA313210FC25.d.65D4CAF5FA0C35DDC88307D3A1DD2CA0.e.4581/click - {}
RESULT: {}
COMMAND: POST /session/5d4f89c809828bc74d2aa9c512c29ea4/execute/async - {"script":"<script> [1562 bytes]","args":[{"selector":{"id":"application-managecatalogs-display-component---detailCatalog--ObjectPageLayout-anchBar-application-managecatalogs-display-component---detailCatalog--sectionRUs-anchor","interaction":{"idSuffix":"BDI-content"}},"wdio_ui5_key":"applicationmanagecatalogs-display-component---detailCatalog--ObjectPageLayout-anchBar-application-managecatalogs-display-component---detailCatalog--sectionRUs-anchor"}]}
COMMAND: GET /session/5d4f89c809828bc74d2aa9c512c29ea4/screenshot - {}
RESULT: {"script":"<script> [1562 bytes]","args":[{"selector":{"id":"application-managecatalogs-display-component---detailCatalog--ObjectPageLayout-anchBar-application-managecatalogs-display-component---detailCatalog--sectionRUs-anchor","interaction":{"idSuffix":"BDI-content"}},"wdio_ui5_key":"applicationmanagecatalogs-display-component---detailCatalog--ObjectPageLayout-anchBar-application-managecatalogs-display-component---detailCatalog--sectionRUs-anchor"}]}
RESULT: undefined
COMMAND: POST /session/5d4f89c809828bc74d2aa9c512c29ea4/element - {"using":"xpath","value":"//*[@id=\"application-managecatalogs-display-component---detailCatalog--ObjectPageLayout-anchBar-application-managecatalogs-display-component---detailCatalog--sectionRUs-anchor\"]"}
RESULT: {}
RESULT: {"using":"xpath","value":"//*[@id=\"application-managecatalogs-display-component---detailCatalog--ObjectPageLayout-anchBar-application-managecatalogs-display-component---detailCatalog--sectionRUs-anchor\"]"}
COMMAND: POST /session/5d4f89c809828bc74d2aa9c512c29ea4/element/f.531E98D0DADB2C7D9F82DA313210FC25.d.65D4CAF5FA0C35DDC88307D3A1DD2CA0.e.4583/click - {}
RESULT: {}
COMMAND: POST /session/5d4f89c809828bc74d2aa9c512c29ea4/element - {"using":"xpath","value":"//button[contains(@data-kt ,\"catalogItemAssignRuButton\")]"}
COMMAND: GET /session/5d4f89c809828bc74d2aa9c512c29ea4/screenshot - {}
RESULT: {"using":"xpath","value":"//button[contains(@data-kt ,\"catalogItemAssignRuButton\")]"}
COMMAND: POST /session/5d4f89c809828bc74d2aa9c512c29ea4/element/f.531E98D0DADB2C7D9F82DA313210FC25.d.65D4CAF5FA0C35DDC88307D3A1DD2CA0.e.4589/click - {}
RESULT: {}
RESULT: {}
COMMAND: GET /session/5d4f89c809828bc74d2aa9c512c29ea4/screenshot - {}
RESULT: {}
COMMAND: POST /session/5d4f89c809828bc74d2aa9c512c29ea4/actions - {"actions":[{"id":"action15","type":"key","parameters":{},"actions":[{"type":"keyDown","value":"î€‡"},{"type":"pause","duration":10},{"type":"keyUp","value":"î€‡"}]}]}
RESULT: {"actions":[{"id":"action15","type":"key","parameters":{},"actions":[{"type":"keyDown","value":"î€‡"},{"type":"pause","duration":10},{"type":"keyUp","value":"î€‡"}]}]}
COMMAND: POST /session/5d4f89c809828bc74d2aa9c512c29ea4/execute/async - {"script":"<script> [1562 bytes]","args":[{"selector":{"id":"application-managecatalogs-display-component---detailCatalog--assignRUSearchField-vhi","searchOpenDialogs":true},"wdio_ui5_key":"applicationmanagecatalogs-display-component---detailCatalog--assignRUSearchField-vhi"}]}
COMMAND: GET /session/5d4f89c809828bc74d2aa9c512c29ea4/screenshot - {}
RESULT: {"script":"<script> [1562 bytes]","args":[{"selector":{"id":"application-managecatalogs-display-component---detailCatalog--assignRUSearchField-vhi","searchOpenDialogs":true},"wdio_ui5_key":"applicationmanagecatalogs-display-component---detailCatalog--assignRUSearchField-vhi"}]}
RESULT: undefined
COMMAND: POST /session/5d4f89c809828bc74d2aa9c512c29ea4/element - {"using":"xpath","value":"//*[@id=\"application-managecatalogs-display-component---detailCatalog--assignRUSearchField-vhi\"]"}
RESULT: {}
RESULT: {"using":"xpath","value":"//*[@id=\"application-managecatalogs-display-component---detailCatalog--assignRUSearchField-vhi\"]"}
COMMAND: POST /session/5d4f89c809828bc74d2aa9c512c29ea4/element/f.531E98D0DADB2C7D9F82DA313210FC25.d.65D4CAF5FA0C35DDC88307D3A1DD2CA0.e.4610/click - {}
RESULT: {}
COMMAND: GET /session/5d4f89c809828bc74d2aa9c512c29ea4/screenshot - {}
RESULT: {}
COMMAND: POST /session/5d4f89c809828bc74d2aa9c512c29ea4/element - {"using":"xpath","value":"//input[contains(@id ,\"searchField-I\")]"}
RESULT: {"using":"xpath","value":"//input[contains(@id ,\"searchField-I\")]"}
COMMAND: POST /session/5d4f89c809828bc74d2aa9c512c29ea4/element/f.531E98D0DADB2C7D9F82DA313210FC25.d.65D4CAF5FA0C35DDC88307D3A1DD2CA0.e.4612/clear - {}
RESULT: {}
COMMAND: POST /session/5d4f89c809828bc74d2aa9c512c29ea4/element/f.531E98D0DADB2C7D9F82DA313210FC25.d.65D4CAF5FA0C35DDC88307D3A1DD2CA0.e.4612/value - {"text":"WdIOR2cEquipytkcoj"}
COMMAND: GET /session/5d4f89c809828bc74d2aa9c512c29ea4/screenshot - {}
RESULT: {"text":"WdIOR2cEquipytkcoj"}
COMMAND: GET /session/5d4f89c809828bc74d2aa9c512c29ea4/screenshot - {}
RESULT: {}
RESULT: {}
COMMAND: POST /session/5d4f89c809828bc74d2aa9c512c29ea4/actions - {"actions":[{"id":"action16","type":"key","parameters":{},"actions":[{"type":"keyDown","value":"î€‡"},{"type":"pause","duration":10},{"type":"keyUp","value":"î€‡"}]}]}
RESULT: {"actions":[{"id":"action16","type":"key","parameters":{},"actions":[{"type":"keyDown","value":"î€‡"},{"type":"pause","duration":10},{"type":"keyUp","value":"î€‡"}]}]}
COMMAND: GET /session/5d4f89c809828bc74d2aa9c512c29ea4/screenshot - {}
RESULT: {}
COMMAND: POST /session/5d4f89c809828bc74d2aa9c512c29ea4/actions - {"actions":[{"id":"action17","type":"key","parameters":{},"actions":[{"type":"keyDown","value":"î€„"},{"type":"pause","duration":10},{"type":"keyUp","value":"î€„"}]}]}
RESULT: {"actions":[{"id":"action17","type":"key","parameters":{},"actions":[{"type":"keyDown","value":"î€„"},{"type":"pause","duration":10},{"type":"keyUp","value":"î€„"}]}]}
COMMAND: GET /session/5d4f89c809828bc74d2aa9c512c29ea4/screenshot - {}
RESULT: {}
COMMAND: POST /session/5d4f89c809828bc74d2aa9c512c29ea4/actions - {"actions":[{"id":"action18","type":"key","parameters":{},"actions":[{"type":"keyDown","value":"î€‡"},{"type":"pause","duration":10},{"type":"keyUp","value":"î€‡"}]}]}
RESULT: {"actions":[{"id":"action18","type":"key","parameters":{},"actions":[{"type":"keyDown","value":"î€‡"},{"type":"pause","duration":10},{"type":"keyUp","value":"î€‡"}]}]}
COMMAND: GET /session/5d4f89c809828bc74d2aa9c512c29ea4/screenshot - {}
RESULT: {}
COMMAND: POST /session/5d4f89c809828bc74d2aa9c512c29ea4/element - {"using":"xpath","value":"//bdi[contains(@id ,\"application-managecatalogs-display-component---detailCatalog--RUAssignmentSaveButton-BDI-content\")]"}
RESULT: {"using":"xpath","value":"//bdi[contains(@id ,\"application-managecatalogs-display-component---detailCatalog--RUAssignmentSaveButton-BDI-content\")]"}
COMMAND: POST /session/5d4f89c809828bc74d2aa9c512c29ea4/element/f.531E98D0DADB2C7D9F82DA313210FC25.d.65D4CAF5FA0C35DDC88307D3A1DD2CA0.e.4631/click - {}
RESULT: {}
COMMAND: GET /session/5d4f89c809828bc74d2aa9c512c29ea4/screenshot - {}
RESULT: {}
COMMAND: POST /session/5d4f89c809828bc74d2aa9c512c29ea4/element - {"using":"xpath","value":"//bdi[contains(@id ,\"application-managecatalogs-display-component---detailCatalog--ObjectPageLayout-anchBar-application-managecatalogs-display-component---detailCatalog--sectionRUs-anchor-BDI-content\")]"}
RESULT: {"using":"xpath","value":"//bdi[contains(@id ,\"application-managecatalogs-display-component---detailCatalog--ObjectPageLayout-anchBar-application-managecatalogs-display-component---detailCatalog--sectionRUs-anchor-BDI-content\")]"}
COMMAND: POST /session/5d4f89c809828bc74d2aa9c512c29ea4/element/f.531E98D0DADB2C7D9F82DA313210FC25.d.65D4CAF5FA0C35DDC88307D3A1DD2CA0.e.4646/click - {}
RESULT: {}
COMMAND: GET /session/5d4f89c809828bc74d2aa9c512c29ea4/screenshot - {}
RESULT: {}
COMMAND: POST /session/5d4f89c809828bc74d2aa9c512c29ea4/element - {"using":"xpath","value":"//button[contains(@data-kt ,\"catalogItemAssignRuButton\")]"}
RESULT: {"using":"xpath","value":"//button[contains(@data-kt ,\"catalogItemAssignRuButton\")]"}
COMMAND: POST /session/5d4f89c809828bc74d2aa9c512c29ea4/element/f.531E98D0DADB2C7D9F82DA313210FC25.d.65D4CAF5FA0C35DDC88307D3A1DD2CA0.e.4589/click - {}
RESULT: {}
COMMAND: GET /session/5d4f89c809828bc74d2aa9c512c29ea4/screenshot - {}
RESULT: {}
COMMAND: POST /session/5d4f89c809828bc74d2aa9c512c29ea4/actions - {"actions":[{"id":"action19","type":"key","parameters":{},"actions":[{"type":"keyDown","value":"î€‡"},{"type":"pause","duration":10},{"type":"keyUp","value":"î€‡"}]}]}
RESULT: {"actions":[{"id":"action19","type":"key","parameters":{},"actions":[{"type":"keyDown","value":"î€‡"},{"type":"pause","duration":10},{"type":"keyUp","value":"î€‡"}]}]}
RESULT: undefined
COMMAND: POST /session/5d4f89c809828bc74d2aa9c512c29ea4/element - {"using":"xpath","value":"//*[@id=\"application-managecatalogs-display-component---detailCatalog--assignRUSearchField-vhi\"]"}
COMMAND: GET /session/5d4f89c809828bc74d2aa9c512c29ea4/screenshot - {}
RESULT: {"using":"xpath","value":"//*[@id=\"application-managecatalogs-display-component---detailCatalog--assignRUSearchField-vhi\"]"}
COMMAND: POST /session/5d4f89c809828bc74d2aa9c512c29ea4/elements - {"using":"xpath","value":"//*[@id=\"application-managecatalogs-display-component---detailCatalog--assignRUSearchField-vhi\"]"}
RESULT: {}
RESULT: {"using":"xpath","value":"//*[@id=\"application-managecatalogs-display-component---detailCatalog--assignRUSearchField-vhi\"]"}
COMMAND: POST /session/5d4f89c809828bc74d2aa9c512c29ea4/element - {"using":"xpath","value":"//*[@id=\"application-managecatalogs-display-component---detailCatalog--assignRUSearchField-vhi\"]"}
RESULT: {"using":"xpath","value":"//*[@id=\"application-managecatalogs-display-component---detailCatalog--assignRUSearchField-vhi\"]"}
COMMAND: POST /session/5d4f89c809828bc74d2aa9c512c29ea4/element/f.531E98D0DADB2C7D9F82DA313210FC25.d.65D4CAF5FA0C35DDC88307D3A1DD2CA0.e.4667/click - {}
RESULT: {}
COMMAND: POST /session/5d4f89c809828bc74d2aa9c512c29ea4/execute/async - {"script":"<script> [1562 bytes]","args":[{"selector":{"controlType":"sap.m.SearchField","viewName":"etm.portal.ui.managecatalogs.view.Detail","viewId":"application-managecatalogs-display-component---detailCatalog","searchOpenDialogs":true,"interaction":{"idSuffix":"I"}},"wdio_ui5_key":"etmportal.ui.managecatalogs.view.Detailsap.m.SearchField"}]}
COMMAND: GET /session/5d4f89c809828bc74d2aa9c512c29ea4/screenshot - {}
RESULT: {"script":"<script> [1562 bytes]","args":[{"selector":{"controlType":"sap.m.SearchField","viewName":"etm.portal.ui.managecatalogs.view.Detail","viewId":"application-managecatalogs-display-component---detailCatalog","searchOpenDialogs":true,"interaction":{"idSuffix":"I"}},"wdio_ui5_key":"etmportal.ui.managecatalogs.view.Detailsap.m.SearchField"}]}
RESULT: undefined
COMMAND: POST /session/5d4f89c809828bc74d2aa9c512c29ea4/execute/async - {"script":"<script> [776 bytes]","args":[{"enterText":"WebdriverRUR2Cd0v6eh","selector":{"controlType":"sap.m.SearchField","viewName":"etm.portal.ui.managecatalogs.view.Detail","viewId":"application-managecatalogs-display-component---detailCatalog","searchOpenDialogs":true,"interaction":{"idSuffix":"I"}},"clearTextFirst":true,"interactionType":"ENTER_TEXT"}]}
RESULT: {}
RESULT: {"script":"<script> [776 bytes]","args":[{"enterText":"WebdriverRUR2Cd0v6eh","selector":{"controlType":"sap.m.SearchField","viewName":"etm.portal.ui.managecatalogs.view.Detail","viewId":"application-managecatalogs-display-component---detailCatalog","searchOpenDialogs":true,"interaction":{"idSuffix":"I"}},"clearTextFirst":true,"interactionType":"ENTER_TEXT"}]}
COMMAND: POST /session/5d4f89c809828bc74d2aa9c512c29ea4/actions - {"actions":[{"id":"action20","type":"key","parameters":{},"actions":[{"type":"keyDown","value":"î€‡"},{"type":"pause","duration":10},{"type":"keyUp","value":"î€‡"}]}]}
RESULT: {"actions":[{"id":"action20","type":"key","parameters":{},"actions":[{"type":"keyDown","value":"î€‡"},{"type":"pause","duration":10},{"type":"keyUp","value":"î€‡"}]}]}
COMMAND: GET /session/5d4f89c809828bc74d2aa9c512c29ea4/screenshot - {}
RESULT: {}
COMMAND: POST /session/5d4f89c809828bc74d2aa9c512c29ea4/element - {"using":"xpath","value":"(//span[contains(text(), \"WebdriverRUR2Cd0v6eh\")])[1]"}
RESULT: {"using":"xpath","value":"(//span[contains(text(), \"WebdriverRUR2Cd0v6eh\")])[1]"}
COMMAND: POST /session/5d4f89c809828bc74d2aa9c512c29ea4/element/f.531E98D0DADB2C7D9F82DA313210FC25.d.65D4CAF5FA0C35DDC88307D3A1DD2CA0.e.4685/click - {}
RESULT: {}
COMMAND: POST /session/5d4f89c809828bc74d2aa9c512c29ea4/execute/async - {"script":"<script> [1562 bytes]","args":[{"selector":{"id":"application-managecatalogs-display-component---detailCatalog--RUAssignmentSaveButton","searchOpenDialogs":true,"interaction":{"idSuffix":"BDI-content"}},"wdio_ui5_key":"applicationmanagecatalogs-display-component---detailCatalog--RUAssignmentSaveButton"}]}
COMMAND: GET /session/5d4f89c809828bc74d2aa9c512c29ea4/screenshot - {}
RESULT: {"script":"<script> [1562 bytes]","args":[{"selector":{"id":"application-managecatalogs-display-component---detailCatalog--RUAssignmentSaveButton","searchOpenDialogs":true,"interaction":{"idSuffix":"BDI-content"}},"wdio_ui5_key":"applicationmanagecatalogs-display-component---detailCatalog--RUAssignmentSaveButton"}]}
RESULT: undefined
COMMAND: POST /session/5d4f89c809828bc74d2aa9c512c29ea4/element - {"using":"xpath","value":"//*[@id=\"application-managecatalogs-display-component---detailCatalog--RUAssignmentSaveButton\"]"}
RESULT: {}
RESULT: {"using":"xpath","value":"//*[@id=\"application-managecatalogs-display-component---detailCatalog--RUAssignmentSaveButton\"]"}
COMMAND: POST /session/5d4f89c809828bc74d2aa9c512c29ea4/element/f.531E98D0DADB2C7D9F82DA313210FC25.d.65D4CAF5FA0C35DDC88307D3A1DD2CA0.e.4688/click - {}
RESULT: {}
COMMAND: GET /session/5d4f89c809828bc74d2aa9c512c29ea4/screenshot - {}
RESULT: {}
COMMAND: POST /session/5d4f89c809828bc74d2aa9c512c29ea4/element - {"using":"xpath","value":"//bdi[contains(text(), \"Save\")]"}
RESULT: {"using":"xpath","value":"//bdi[contains(text(), \"Save\")]"}
COMMAND: POST /session/5d4f89c809828bc74d2aa9c512c29ea4/element/f.531E98D0DADB2C7D9F82DA313210FC25.d.65D4CAF5FA0C35DDC88307D3A1DD2CA0.e.4711/click - {}
RESULT: {}
COMMAND: GET /session/5d4f89c809828bc74d2aa9c512c29ea4/screenshot - {}
RESULT: {}
COMMAND: POST /session/5d4f89c809828bc74d2aa9c512c29ea4/element - {"using":"css selector","value":"#shell-header-logo"}
RESULT: {"using":"css selector","value":"#shell-header-logo"}
COMMAND: POST /session/5d4f89c809828bc74d2aa9c512c29ea4/element/f.531E98D0DADB2C7D9F82DA313210FC25.d.65D4CAF5FA0C35DDC88307D3A1DD2CA0.e.4385/click - {}
RESULT: {}
COMMAND: GET /session/5d4f89c809828bc74d2aa9c512c29ea4/screenshot - {}
RESULT: {}
]]></system-out>
    </testcase>
    <testcase classname="chrome.135_0_7049_96.windows.Standard_contract_-_add_contract_items_by_Insert_Request_US118222" name="Should create a new contract" time="99.333">
      <system-out><![CDATA[
COMMAND: POST /session/5d4f89c809828bc74d2aa9c512c29ea4/execute/async - {"script":"<script> [1562 bytes]","args":[{"selector":{"controlType":"sap.m.Text","viewName":"etm.portal.ui.managecontractstile.view.Master","properties":{"text":"Manage Contracts"},"interaction":{"idSuffix":"inner"}},"wdio_ui5_key":"etmportal.ui.managecontractstile.view.Mastersap.m.Text{\"text\":\"Manage Contracts\"}"}]}
RESULT: {"script":"<script> [1562 bytes]","args":[{"selector":{"controlType":"sap.m.Text","viewName":"etm.portal.ui.managecontractstile.view.Master","properties":{"text":"Manage Contracts"},"interaction":{"idSuffix":"inner"}},"wdio_ui5_key":"etmportal.ui.managecontractstile.view.Mastersap.m.Text{\"text\":\"Manage Contracts\"}"}]}
RESULT: undefined
COMMAND: POST /session/5d4f89c809828bc74d2aa9c512c29ea4/element - {"using":"xpath","value":"//*[@id=\"__tile130-title\"]"}
RESULT: {"using":"xpath","value":"//*[@id=\"__tile130-title\"]"}
COMMAND: POST /session/5d4f89c809828bc74d2aa9c512c29ea4/element/f.531E98D0DADB2C7D9F82DA313210FC25.d.65D4CAF5FA0C35DDC88307D3A1DD2CA0.e.4746/click - {}
RESULT: {}
COMMAND: GET /session/5d4f89c809828bc74d2aa9c512c29ea4/screenshot - {}
RESULT: {}
COMMAND: POST /session/5d4f89c809828bc74d2aa9c512c29ea4/element - {"using":"xpath","value":"//button[@data-kt=\"addButton\"]"}
RESULT: {"using":"xpath","value":"//button[@data-kt=\"addButton\"]"}
COMMAND: POST /session/5d4f89c809828bc74d2aa9c512c29ea4/element/f.531E98D0DADB2C7D9F82DA313210FC25.d.65D4CAF5FA0C35DDC88307D3A1DD2CA0.e.4795/click - {}
RESULT: {}
COMMAND: GET /session/5d4f89c809828bc74d2aa9c512c29ea4/screenshot - {}
COMMAND: POST /session/5d4f89c809828bc74d2aa9c512c29ea4/execute/async - {"script":"<script> [1562 bytes]","args":[{"selector":{"id":"application-managecontracts-display-component---AddNewContract--projectDescription","interaction":{"idSuffix":"inner"}},"wdio_ui5_key":"applicationmanagecontracts-display-component---AddNewContract--projectDescription"}]}
RESULT: {}
RESULT: {"script":"<script> [1562 bytes]","args":[{"selector":{"id":"application-managecontracts-display-component---AddNewContract--projectDescription","interaction":{"idSuffix":"inner"}},"wdio_ui5_key":"applicationmanagecontracts-display-component---AddNewContract--projectDescription"}]}
RESULT: undefined
COMMAND: POST /session/5d4f89c809828bc74d2aa9c512c29ea4/execute/async - {"script":"<script> [776 bytes]","args":[{"enterText":"WdIOR2cfxinyg","selector":{"id":"application-managecontracts-display-component---AddNewContract--projectDescription","interaction":{"idSuffix":"inner"}},"clearTextFirst":true,"interactionType":"ENTER_TEXT"}]}
RESULT: {"script":"<script> [776 bytes]","args":[{"enterText":"WdIOR2cfxinyg","selector":{"id":"application-managecontracts-display-component---AddNewContract--projectDescription","interaction":{"idSuffix":"inner"}},"clearTextFirst":true,"interactionType":"ENTER_TEXT"}]}
COMMAND: POST /session/5d4f89c809828bc74d2aa9c512c29ea4/element - {"using":"xpath","value":"//input[@id=\"application-managecontracts-display-component---AddNewContract--yardId-inner\"]"}
RESULT: {"using":"xpath","value":"//input[@id=\"application-managecontracts-display-component---AddNewContract--yardId-inner\"]"}
COMMAND: POST /session/5d4f89c809828bc74d2aa9c512c29ea4/element/f.531E98D0DADB2C7D9F82DA313210FC25.d.65D4CAF5FA0C35DDC88307D3A1DD2CA0.e.5081/clear - {}
RESULT: {}
COMMAND: POST /session/5d4f89c809828bc74d2aa9c512c29ea4/element/f.531E98D0DADB2C7D9F82DA313210FC25.d.65D4CAF5FA0C35DDC88307D3A1DD2CA0.e.5081/value - {"text":"WebdriverYardioj0m"}
COMMAND: GET /session/5d4f89c809828bc74d2aa9c512c29ea4/screenshot - {}
RESULT: {"text":"WebdriverYardioj0m"}
COMMAND: GET /session/5d4f89c809828bc74d2aa9c512c29ea4/screenshot - {}
RESULT: {}
RESULT: {}
COMMAND: POST /session/5d4f89c809828bc74d2aa9c512c29ea4/actions - {"actions":[{"id":"action21","type":"key","parameters":{},"actions":[{"type":"keyDown","value":"î€‡"},{"type":"pause","duration":10},{"type":"keyUp","value":"î€‡"}]}]}
RESULT: {"actions":[{"id":"action21","type":"key","parameters":{},"actions":[{"type":"keyDown","value":"î€‡"},{"type":"pause","duration":10},{"type":"keyUp","value":"î€‡"}]}]}
COMMAND: GET /session/5d4f89c809828bc74d2aa9c512c29ea4/screenshot - {}
RESULT: {}
COMMAND: POST /session/5d4f89c809828bc74d2aa9c512c29ea4/element - {"using":"xpath","value":"//input[@id=\"application-managecontracts-display-component---AddNewContract--customerSelect-inner\"]"}
RESULT: {"using":"xpath","value":"//input[@id=\"application-managecontracts-display-component---AddNewContract--customerSelect-inner\"]"}
COMMAND: POST /session/5d4f89c809828bc74d2aa9c512c29ea4/element/f.531E98D0DADB2C7D9F82DA313210FC25.d.65D4CAF5FA0C35DDC88307D3A1DD2CA0.e.5079/clear - {}
RESULT: {}
COMMAND: POST /session/5d4f89c809828bc74d2aa9c512c29ea4/element/f.531E98D0DADB2C7D9F82DA313210FC25.d.65D4CAF5FA0C35DDC88307D3A1DD2CA0.e.5079/value - {"text":"WebdriverPartner4evzu"}
COMMAND: GET /session/5d4f89c809828bc74d2aa9c512c29ea4/screenshot - {}
RESULT: {"text":"WebdriverPartner4evzu"}
COMMAND: GET /session/5d4f89c809828bc74d2aa9c512c29ea4/screenshot - {}
RESULT: {}
RESULT: {}
COMMAND: POST /session/5d4f89c809828bc74d2aa9c512c29ea4/actions - {"actions":[{"id":"action22","type":"key","parameters":{},"actions":[{"type":"keyDown","value":"î€‡"},{"type":"pause","duration":10},{"type":"keyUp","value":"î€‡"}]}]}
RESULT: {"actions":[{"id":"action22","type":"key","parameters":{},"actions":[{"type":"keyDown","value":"î€‡"},{"type":"pause","duration":10},{"type":"keyUp","value":"î€‡"}]}]}
COMMAND: GET /session/5d4f89c809828bc74d2aa9c512c29ea4/screenshot - {}
RESULT: {}
COMMAND: POST /session/5d4f89c809828bc74d2aa9c512c29ea4/element - {"using":"xpath","value":"//input[@id=\"application-managecontracts-display-component---AddNewContract--site-inner\"]"}
RESULT: {"using":"xpath","value":"//input[@id=\"application-managecontracts-display-component---AddNewContract--site-inner\"]"}
COMMAND: POST /session/5d4f89c809828bc74d2aa9c512c29ea4/element/f.531E98D0DADB2C7D9F82DA313210FC25.d.65D4CAF5FA0C35DDC88307D3A1DD2CA0.e.5080/clear - {}
RESULT: {}
COMMAND: POST /session/5d4f89c809828bc74d2aa9c512c29ea4/element/f.531E98D0DADB2C7D9F82DA313210FC25.d.65D4CAF5FA0C35DDC88307D3A1DD2CA0.e.5080/value - {"text":"WebdriverSiteu6xqu"}
COMMAND: GET /session/5d4f89c809828bc74d2aa9c512c29ea4/screenshot - {}
RESULT: {"text":"WebdriverSiteu6xqu"}
COMMAND: GET /session/5d4f89c809828bc74d2aa9c512c29ea4/screenshot - {}
RESULT: {}
RESULT: {}
COMMAND: POST /session/5d4f89c809828bc74d2aa9c512c29ea4/actions - {"actions":[{"id":"action23","type":"key","parameters":{},"actions":[{"type":"keyDown","value":"î€‡"},{"type":"pause","duration":10},{"type":"keyUp","value":"î€‡"}]}]}
RESULT: {"actions":[{"id":"action23","type":"key","parameters":{},"actions":[{"type":"keyDown","value":"î€‡"},{"type":"pause","duration":10},{"type":"keyUp","value":"î€‡"}]}]}
COMMAND: GET /session/5d4f89c809828bc74d2aa9c512c29ea4/screenshot - {}
COMMAND: POST /session/5d4f89c809828bc74d2aa9c512c29ea4/element - {"using":"xpath","value":"//button[@data-kt=\"saveButton\"]"}
RESULT: {}
RESULT: {"using":"xpath","value":"//button[@data-kt=\"saveButton\"]"}
COMMAND: POST /session/5d4f89c809828bc74d2aa9c512c29ea4/element/f.531E98D0DADB2C7D9F82DA313210FC25.d.65D4CAF5FA0C35DDC88307D3A1DD2CA0.e.5097/click - {}
RESULT: {}
COMMAND: GET /session/5d4f89c809828bc74d2aa9c512c29ea4/screenshot - {}
RESULT: {}
COMMAND: POST /session/5d4f89c809828bc74d2aa9c512c29ea4/execute/async - {"script":"<script> [1562 bytes]","args":[{"selector":{"id":"contractDetailTitleNoExpanded","viewName":"etm.portal.ui.managecontracts.view.Detail"},"wdio_ui5_key":"contractDetailTitleNoExpandedetmportal.ui.managecontracts.view.Detail"}]}
RESULT: {"script":"<script> [1562 bytes]","args":[{"selector":{"id":"contractDetailTitleNoExpanded","viewName":"etm.portal.ui.managecontracts.view.Detail"},"wdio_ui5_key":"contractDetailTitleNoExpandedetmportal.ui.managecontracts.view.Detail"}]}
RESULT: undefined
COMMAND: POST /session/5d4f89c809828bc74d2aa9c512c29ea4/execute/async - {"script":"<script> [6424 bytes]","args":[{"element-6066-11e4-a52e-4f735466cecf":"f.531E98D0DADB2C7D9F82DA313210FC25.d.65D4CAF5FA0C35DDC88307D3A1DD2CA0.e.5121"},"getText",[]]}
RESULT: {"script":"<script> [6424 bytes]","args":[{"element-6066-11e4-a52e-4f735466cecf":"f.531E98D0DADB2C7D9F82DA313210FC25.d.65D4CAF5FA0C35DDC88307D3A1DD2CA0.e.5121"},"getText",[]]}
]]></system-out>
    </testcase>
    <testcase classname="chrome.135_0_7049_96.windows.Standard_contract_-_add_contract_items_by_Insert_Request_US118222" name="Should create a new request and plan it" time="173.019">
      <system-out><![CDATA[
COMMAND: POST /session/5d4f89c809828bc74d2aa9c512c29ea4/element - {"using":"css selector","value":"#shell-header-logo"}
RESULT: {"using":"css selector","value":"#shell-header-logo"}
COMMAND: POST /session/5d4f89c809828bc74d2aa9c512c29ea4/element/f.531E98D0DADB2C7D9F82DA313210FC25.d.65D4CAF5FA0C35DDC88307D3A1DD2CA0.e.4748/click - {}
RESULT: {}
COMMAND: GET /session/5d4f89c809828bc74d2aa9c512c29ea4/screenshot - {}
RESULT: {}
COMMAND: POST /session/5d4f89c809828bc74d2aa9c512c29ea4/execute/async - {"script":"<script> [1562 bytes]","args":[{"selector":{"controlType":"sap.m.GenericTile","properties":{"header":"Manage Requests"}},"wdio_ui5_key":"sapm.GenericTile{\"header\":\"Manage Requests\"}"}]}
RESULT: {"script":"<script> [1562 bytes]","args":[{"selector":{"controlType":"sap.m.GenericTile","properties":{"header":"Manage Requests"}},"wdio_ui5_key":"sapm.GenericTile{\"header\":\"Manage Requests\"}"}]}
RESULT: undefined
COMMAND: POST /session/5d4f89c809828bc74d2aa9c512c29ea4/element - {"using":"xpath","value":"//*[@id=\"__tile47\"]"}
RESULT: {"using":"xpath","value":"//*[@id=\"__tile47\"]"}
COMMAND: POST /session/5d4f89c809828bc74d2aa9c512c29ea4/element/f.531E98D0DADB2C7D9F82DA313210FC25.d.65D4CAF5FA0C35DDC88307D3A1DD2CA0.e.5124/click - {}
RESULT: {}
COMMAND: GET /session/5d4f89c809828bc74d2aa9c512c29ea4/screenshot - {}
RESULT: {}
COMMAND: POST /session/5d4f89c809828bc74d2aa9c512c29ea4/element - {"using":"xpath","value":"//button[contains(@data-kt ,\"btnCreateNewOverflowToolbarButton\")]"}
COMMAND: POST /session/5d4f89c809828bc74d2aa9c512c29ea4/element - {"using":"xpath","value":"(//span[contains(@class ,\"sapMObjStatusText\")])[1]"}
RESULT: {"using":"xpath","value":"//button[contains(@data-kt ,\"btnCreateNewOverflowToolbarButton\")]"}
COMMAND: POST /session/5d4f89c809828bc74d2aa9c512c29ea4/element/f.531E98D0DADB2C7D9F82DA313210FC25.d.65D4CAF5FA0C35DDC88307D3A1DD2CA0.e.5162/click - {}
RESULT: {"using":"xpath","value":"(//span[contains(@class ,\"sapMObjStatusText\")])[1]"}
COMMAND: POST /session/5d4f89c809828bc74d2aa9c512c29ea4/execute/sync - {"script":"<script> [8489 bytes]","args":[{"element-6066-11e4-a52e-4f735466cecf":"f.531E98D0DADB2C7D9F82DA313210FC25.d.65D4CAF5FA0C35DDC88307D3A1DD2CA0.e.5228","ELEMENT":"f.531E98D0DADB2C7D9F82DA313210FC25.d.65D4CAF5FA0C35DDC88307D3A1DD2CA0.e.5228"}]}
RESULT: {}
COMMAND: GET /session/5d4f89c809828bc74d2aa9c512c29ea4/screenshot - {}
RESULT: {"script":"<script> [8489 bytes]","args":[{"element-6066-11e4-a52e-4f735466cecf":"f.531E98D0DADB2C7D9F82DA313210FC25.d.65D4CAF5FA0C35DDC88307D3A1DD2CA0.e.5228","ELEMENT":"f.531E98D0DADB2C7D9F82DA313210FC25.d.65D4CAF5FA0C35DDC88307D3A1DD2CA0.e.5228"}]}
COMMAND: GET /session/5d4f89c809828bc74d2aa9c512c29ea4/screenshot - {}
RESULT: {}
RESULT: {}
COMMAND: POST /session/5d4f89c809828bc74d2aa9c512c29ea4/element - {"using":"xpath","value":"//input[contains(@id ,\"yardId-inner\")]"}
RESULT: {"using":"xpath","value":"//input[contains(@id ,\"yardId-inner\")]"}
COMMAND: POST /session/5d4f89c809828bc74d2aa9c512c29ea4/execute/sync - {"script":"<script> [8489 bytes]","args":[{"element-6066-11e4-a52e-4f735466cecf":"f.531E98D0DADB2C7D9F82DA313210FC25.d.65D4CAF5FA0C35DDC88307D3A1DD2CA0.e.5434","ELEMENT":"f.531E98D0DADB2C7D9F82DA313210FC25.d.65D4CAF5FA0C35DDC88307D3A1DD2CA0.e.5434"}]}
RESULT: {"script":"<script> [8489 bytes]","args":[{"element-6066-11e4-a52e-4f735466cecf":"f.531E98D0DADB2C7D9F82DA313210FC25.d.65D4CAF5FA0C35DDC88307D3A1DD2CA0.e.5434","ELEMENT":"f.531E98D0DADB2C7D9F82DA313210FC25.d.65D4CAF5FA0C35DDC88307D3A1DD2CA0.e.5434"}]}
COMMAND: POST /session/5d4f89c809828bc74d2aa9c512c29ea4/element - {"using":"xpath","value":"//input[contains(@id ,\"requestContractNo-inner\")]"}
COMMAND: POST /session/5d4f89c809828bc74d2aa9c512c29ea4/element - {"using":"xpath","value":"//input[contains(@id ,\"requestContractNo-inner\")]"}
COMMAND: GET /session/5d4f89c809828bc74d2aa9c512c29ea4/screenshot - {}
RESULT: {"using":"xpath","value":"//input[contains(@id ,\"requestContractNo-inner\")]"}
COMMAND: GET /session/5d4f89c809828bc74d2aa9c512c29ea4/element/f.531E98D0DADB2C7D9F82DA313210FC25.d.65D4CAF5FA0C35DDC88307D3A1DD2CA0.e.5429/enabled - {}
RESULT: {"using":"xpath","value":"//input[contains(@id ,\"requestContractNo-inner\")]"}
COMMAND: POST /session/5d4f89c809828bc74d2aa9c512c29ea4/element/f.531E98D0DADB2C7D9F82DA313210FC25.d.65D4CAF5FA0C35DDC88307D3A1DD2CA0.e.5429/value - {"text":"10550"}
RESULT: {}
RESULT: {}
COMMAND: GET /session/5d4f89c809828bc74d2aa9c512c29ea4/screenshot - {}
RESULT: {"text":"10550"}
COMMAND: GET /session/5d4f89c809828bc74d2aa9c512c29ea4/screenshot - {}
RESULT: {}
RESULT: {}
COMMAND: POST /session/5d4f89c809828bc74d2aa9c512c29ea4/actions - {"actions":[{"id":"action24","type":"key","parameters":{},"actions":[{"type":"keyDown","value":"î€‡"},{"type":"pause","duration":10},{"type":"keyUp","value":"î€‡"}]}]}
RESULT: {"actions":[{"id":"action24","type":"key","parameters":{},"actions":[{"type":"keyDown","value":"î€‡"},{"type":"pause","duration":10},{"type":"keyUp","value":"î€‡"}]}]}
COMMAND: GET /session/5d4f89c809828bc74d2aa9c512c29ea4/screenshot - {}
RESULT: {}
COMMAND: POST /session/5d4f89c809828bc74d2aa9c512c29ea4/execute/async - {"script":"<script> [1562 bytes]","args":[{"selector":{"controlType":"sap.ui.core.Icon","viewName":"etm.portal.ui.managerequests.view.NewRequest","properties":{"src":{"regex":{"source":"add"}}}},"wdio_ui5_key":"etmportal.ui.managerequests.view.NewRequestsap.ui.core.Icon{\"src\":{\"regex\":{\"source\":\"add\"}}}"}]}
RESULT: {"script":"<script> [1562 bytes]","args":[{"selector":{"controlType":"sap.ui.core.Icon","viewName":"etm.portal.ui.managerequests.view.NewRequest","properties":{"src":{"regex":{"source":"add"}}}},"wdio_ui5_key":"etmportal.ui.managerequests.view.NewRequestsap.ui.core.Icon{\"src\":{\"regex\":{\"source\":\"add\"}}}"}]}
RESULT: undefined
COMMAND: POST /session/5d4f89c809828bc74d2aa9c512c29ea4/element - {"using":"xpath","value":"//*[@id=\"__xmlview61--btnAddTableRow-img\"]"}
RESULT: {"using":"xpath","value":"//*[@id=\"__xmlview61--btnAddTableRow-img\"]"}
COMMAND: POST /session/5d4f89c809828bc74d2aa9c512c29ea4/element/f.531E98D0DADB2C7D9F82DA313210FC25.d.65D4CAF5FA0C35DDC88307D3A1DD2CA0.e.5408/click - {}
RESULT: {}
COMMAND: GET /session/5d4f89c809828bc74d2aa9c512c29ea4/screenshot - {}
RESULT: {}
COMMAND: POST /session/5d4f89c809828bc74d2aa9c512c29ea4/execute/async - {"script":"<script> [1562 bytes]","args":[{"selector":{"controlType":"sap.ui.unified.MenuItem","viewName":"etm.portal.ui.managerequests.view.NewRequest","i18NText":{"propertyName":"text","key":"standardEntry"},"searchOpenDialogs":true,"interaction":{"idSuffix":"txt"}},"wdio_ui5_key":"etmportal.ui.managerequests.view.NewRequestsap.ui.unified.MenuItem{\"propertyName\":\"text\",\"key\":\"standardEntry\"}"}]}
RESULT: {"script":"<script> [1562 bytes]","args":[{"selector":{"controlType":"sap.ui.unified.MenuItem","viewName":"etm.portal.ui.managerequests.view.NewRequest","i18NText":{"propertyName":"text","key":"standardEntry"},"searchOpenDialogs":true,"interaction":{"idSuffix":"txt"}},"wdio_ui5_key":"etmportal.ui.managerequests.view.NewRequestsap.ui.unified.MenuItem{\"propertyName\":\"text\",\"key\":\"standardEntry\"}"}]}
RESULT: undefined
COMMAND: POST /session/5d4f89c809828bc74d2aa9c512c29ea4/element - {"using":"xpath","value":"//*[@id=\"__item2448\"]"}
RESULT: {"using":"xpath","value":"//*[@id=\"__item2448\"]"}
COMMAND: POST /session/5d4f89c809828bc74d2aa9c512c29ea4/element/f.531E98D0DADB2C7D9F82DA313210FC25.d.65D4CAF5FA0C35DDC88307D3A1DD2CA0.e.5583/click - {}
RESULT: {}
COMMAND: GET /session/5d4f89c809828bc74d2aa9c512c29ea4/screenshot - {}
RESULT: {}
RESULT: undefined
COMMAND: POST /session/5d4f89c809828bc74d2aa9c512c29ea4/element - {"using":"xpath","value":"//*[@id=\"__xmlview61--btnAddTableRow-img\"]"}
RESULT: {"using":"xpath","value":"//*[@id=\"__xmlview61--btnAddTableRow-img\"]"}
COMMAND: POST /session/5d4f89c809828bc74d2aa9c512c29ea4/element/f.531E98D0DADB2C7D9F82DA313210FC25.d.65D4CAF5FA0C35DDC88307D3A1DD2CA0.e.5408/click - {}
RESULT: {}
COMMAND: GET /session/5d4f89c809828bc74d2aa9c512c29ea4/screenshot - {}
RESULT: {}
RESULT: undefined
COMMAND: POST /session/5d4f89c809828bc74d2aa9c512c29ea4/element - {"using":"xpath","value":"//*[@id=\"__item2448\"]"}
RESULT: {"using":"xpath","value":"//*[@id=\"__item2448\"]"}
COMMAND: POST /session/5d4f89c809828bc74d2aa9c512c29ea4/element/f.531E98D0DADB2C7D9F82DA313210FC25.d.65D4CAF5FA0C35DDC88307D3A1DD2CA0.e.5595/click - {}
RESULT: {}
COMMAND: GET /session/5d4f89c809828bc74d2aa9c512c29ea4/screenshot - {}
RESULT: {}
COMMAND: POST /session/5d4f89c809828bc74d2aa9c512c29ea4/element - {"using":"xpath","value":"(//input[contains(@id ,\"requestItemsTable-0-inner\")])[1]"}
RESULT: {"using":"xpath","value":"(//input[contains(@id ,\"requestItemsTable-0-inner\")])[1]"}
COMMAND: POST /session/5d4f89c809828bc74d2aa9c512c29ea4/element/f.531E98D0DADB2C7D9F82DA313210FC25.d.65D4CAF5FA0C35DDC88307D3A1DD2CA0.e.5585/clear - {}
RESULT: {}
COMMAND: POST /session/5d4f89c809828bc74d2aa9c512c29ea4/element/f.531E98D0DADB2C7D9F82DA313210FC25.d.65D4CAF5FA0C35DDC88307D3A1DD2CA0.e.5585/value - {"text":"catalogItemutpzb"}
COMMAND: GET /session/5d4f89c809828bc74d2aa9c512c29ea4/screenshot - {}
RESULT: {"text":"catalogItemutpzb"}
COMMAND: GET /session/5d4f89c809828bc74d2aa9c512c29ea4/screenshot - {}
RESULT: {}
RESULT: {}
COMMAND: POST /session/5d4f89c809828bc74d2aa9c512c29ea4/actions - {"actions":[{"id":"action25","type":"key","parameters":{},"actions":[{"type":"keyDown","value":"î€‡"},{"type":"pause","duration":10},{"type":"keyUp","value":"î€‡"}]}]}
RESULT: {"actions":[{"id":"action25","type":"key","parameters":{},"actions":[{"type":"keyDown","value":"î€‡"},{"type":"pause","duration":10},{"type":"keyUp","value":"î€‡"}]}]}
COMMAND: POST /session/5d4f89c809828bc74d2aa9c512c29ea4/element - {"using":"xpath","value":"(//input[contains(@id ,\"requestItemsTable-1-inner\")])[1]"}
COMMAND: GET /session/5d4f89c809828bc74d2aa9c512c29ea4/screenshot - {}
RESULT: {"using":"xpath","value":"(//input[contains(@id ,\"requestItemsTable-1-inner\")])[1]"}
COMMAND: POST /session/5d4f89c809828bc74d2aa9c512c29ea4/element/f.531E98D0DADB2C7D9F82DA313210FC25.d.65D4CAF5FA0C35DDC88307D3A1DD2CA0.e.5597/clear - {}
RESULT: {}
RESULT: {}
COMMAND: POST /session/5d4f89c809828bc74d2aa9c512c29ea4/element/f.531E98D0DADB2C7D9F82DA313210FC25.d.65D4CAF5FA0C35DDC88307D3A1DD2CA0.e.5597/value - {"text":"catalogItemutpzb"}
COMMAND: GET /session/5d4f89c809828bc74d2aa9c512c29ea4/screenshot - {}
RESULT: {"text":"catalogItemutpzb"}
COMMAND: GET /session/5d4f89c809828bc74d2aa9c512c29ea4/screenshot - {}
RESULT: {}
RESULT: {}
COMMAND: POST /session/5d4f89c809828bc74d2aa9c512c29ea4/actions - {"actions":[{"id":"action26","type":"key","parameters":{},"actions":[{"type":"keyDown","value":"î€‡"},{"type":"pause","duration":10},{"type":"keyUp","value":"î€‡"}]}]}
RESULT: {"actions":[{"id":"action26","type":"key","parameters":{},"actions":[{"type":"keyDown","value":"î€‡"},{"type":"pause","duration":10},{"type":"keyUp","value":"î€‡"}]}]}
COMMAND: GET /session/5d4f89c809828bc74d2aa9c512c29ea4/screenshot - {}
RESULT: {}
COMMAND: POST /session/5d4f89c809828bc74d2aa9c512c29ea4/execute/async - {"script":"<script> [1562 bytes]","args":[{"selector":{"controlType":"sap.ui.core.Icon","viewName":"etm.portal.ui.managerequests.view.NewRequest","properties":{"src":{"regex":{"source":"slim\\-arrow\\-down"}}},"ancestor":{"controlType":"sap.m.Button","viewName":"etm.portal.ui.managerequests.view.NewRequest","properties":{"icon":"sap-icon://slim-arrow-down"}}},"wdio_ui5_key":"etmportal.ui.managerequests.view.NewRequestsap.ui.core.Icon{\"src\":{\"regex\":{\"source\":\"slim\\\\-arrow\\\\-down\"}}}{\"controlType\":\"sap.m.Button\",\"viewName\":\"etm.portal.ui.managerequests.view.NewRequest\",\"properties\":{\"icon\":\"sap-icon://slim-arrow-down\"}}"}]}
RESULT: {"script":"<script> [1562 bytes]","args":[{"selector":{"controlType":"sap.ui.core.Icon","viewName":"etm.portal.ui.managerequests.view.NewRequest","properties":{"src":{"regex":{"source":"slim\\-arrow\\-down"}}},"ancestor":{"controlType":"sap.m.Button","viewName":"etm.portal.ui.managerequests.view.NewRequest","properties":{"icon":"sap-icon://slim-arrow-down"}}},"wdio_ui5_key":"etmportal.ui.managerequests.view.NewRequestsap.ui.core.Icon{\"src\":{\"regex\":{\"source\":\"slim\\\\-arrow\\\\-down\"}}}{\"controlType\":\"sap.m.Button\",\"viewName\":\"etm.portal.ui.managerequests.view.NewRequest\",\"properties\":{\"icon\":\"sap-icon://slim-arrow-down\"}}"}]}
RESULT: undefined
COMMAND: POST /session/5d4f89c809828bc74d2aa9c512c29ea4/element - {"using":"xpath","value":"//*[@id=\"__title48-expandBtn-img\"]"}
RESULT: {"using":"xpath","value":"//*[@id=\"__title48-expandBtn-img\"]"}
COMMAND: POST /session/5d4f89c809828bc74d2aa9c512c29ea4/element/f.531E98D0DADB2C7D9F82DA313210FC25.d.65D4CAF5FA0C35DDC88307D3A1DD2CA0.e.5618/click - {}
RESULT: {}
COMMAND: POST /session/5d4f89c809828bc74d2aa9c512c29ea4/element - {"using":"xpath","value":"//div[contains(@data-kt ,\"splitAllocationObjectStatus\")]"}
COMMAND: GET /session/5d4f89c809828bc74d2aa9c512c29ea4/screenshot - {}
RESULT: {"using":"xpath","value":"//div[contains(@data-kt ,\"splitAllocationObjectStatus\")]"}
COMMAND: POST /session/5d4f89c809828bc74d2aa9c512c29ea4/elements - {"using":"xpath","value":"//div[contains(@data-kt ,\"splitAllocationObjectStatus\")]"}
RESULT: {}
RESULT: {"using":"xpath","value":"//div[contains(@data-kt ,\"splitAllocationObjectStatus\")]"}
COMMAND: POST /session/5d4f89c809828bc74d2aa9c512c29ea4/execute/async - {"script":"<script> [1562 bytes]","args":[{"selector":{"controlType":"sap.ui.core.Icon","viewName":"etm.portal.ui.managerequests.view.NewRequest","properties":{"src":{"regex":{"source":"message\\-error"}}},"ancestor":{"controlType":"sap.m.ColumnListItem","viewName":"etm.portal.ui.managerequests.view.NewRequest","bindingPath":{"modelName":"newRequestItems","path":"/RequestItems/0"},"ancestor":{"id":"requestItemsTable","viewName":"etm.portal.ui.managerequests.view.NewRequest"}}},"wdio_ui5_key":"etmportal.ui.managerequests.view.NewRequestsap.ui.core.Icon{\"src\":{\"regex\":{\"source\":\"message\\\\-error\"}}}{\"controlType\":\"sap.m.ColumnListItem\",\"viewName\":\"etm.portal.ui.managerequests.view.NewRequest\",\"bindingPath\":{\"modelName\":\"newRequestItems\",\"path\":\"/RequestItems/0\"},\"ancestor\":{\"id\":\"requestItemsTable\",\"viewName\":\"etm.portal.ui.managerequests.view.NewRequest\"}}"}]}
RESULT: {"script":"<script> [1562 bytes]","args":[{"selector":{"controlType":"sap.ui.core.Icon","viewName":"etm.portal.ui.managerequests.view.NewRequest","properties":{"src":{"regex":{"source":"message\\-error"}}},"ancestor":{"controlType":"sap.m.ColumnListItem","viewName":"etm.portal.ui.managerequests.view.NewRequest","bindingPath":{"modelName":"newRequestItems","path":"/RequestItems/0"},"ancestor":{"id":"requestItemsTable","viewName":"etm.portal.ui.managerequests.view.NewRequest"}}},"wdio_ui5_key":"etmportal.ui.managerequests.view.NewRequestsap.ui.core.Icon{\"src\":{\"regex\":{\"source\":\"message\\\\-error\"}}}{\"controlType\":\"sap.m.ColumnListItem\",\"viewName\":\"etm.portal.ui.managerequests.view.NewRequest\",\"bindingPath\":{\"modelName\":\"newRequestItems\",\"path\":\"/RequestItems/0\"},\"ancestor\":{\"id\":\"requestItemsTable\",\"viewName\":\"etm.portal.ui.managerequests.view.NewRequest\"}}"}]}
RESULT: undefined
COMMAND: POST /session/5d4f89c809828bc74d2aa9c512c29ea4/element - {"using":"xpath","value":"//*[@id=\"__status15-__xmlview61--requestItemsTable-0-icon\"]"}
RESULT: {"using":"xpath","value":"//*[@id=\"__status15-__xmlview61--requestItemsTable-0-icon\"]"}
COMMAND: POST /session/5d4f89c809828bc74d2aa9c512c29ea4/element/f.531E98D0DADB2C7D9F82DA313210FC25.d.65D4CAF5FA0C35DDC88307D3A1DD2CA0.e.5625/click - {}
RESULT: {}
COMMAND: GET /session/5d4f89c809828bc74d2aa9c512c29ea4/screenshot - {}
RESULT: {}
COMMAND: POST /session/5d4f89c809828bc74d2aa9c512c29ea4/execute/async - {"script":"<script> [1562 bytes]","args":[{"selector":{"id":"costObjectAdminTypeComboBox","viewName":"etm.portal.ui.managerequests.view.NewRequest","searchOpenDialogs":true,"interaction":{"idSuffix":"inner"}},"wdio_ui5_key":"costObjectAdminTypeComboBoxetmportal.ui.managerequests.view.NewRequest"}]}
RESULT: {"script":"<script> [1562 bytes]","args":[{"selector":{"id":"costObjectAdminTypeComboBox","viewName":"etm.portal.ui.managerequests.view.NewRequest","searchOpenDialogs":true,"interaction":{"idSuffix":"inner"}},"wdio_ui5_key":"costObjectAdminTypeComboBoxetmportal.ui.managerequests.view.NewRequest"}]}
RESULT: undefined
COMMAND: POST /session/5d4f89c809828bc74d2aa9c512c29ea4/execute/async - {"script":"<script> [776 bytes]","args":[{"enterText":"Cost Center","selector":{"id":"costObjectAdminTypeComboBox","viewName":"etm.portal.ui.managerequests.view.NewRequest","searchOpenDialogs":true,"interaction":{"idSuffix":"inner"}},"clearTextFirst":true,"interactionType":"ENTER_TEXT"}]}
RESULT: {"script":"<script> [776 bytes]","args":[{"enterText":"Cost Center","selector":{"id":"costObjectAdminTypeComboBox","viewName":"etm.portal.ui.managerequests.view.NewRequest","searchOpenDialogs":true,"interaction":{"idSuffix":"inner"}},"clearTextFirst":true,"interactionType":"ENTER_TEXT"}]}
COMMAND: POST /session/5d4f89c809828bc74d2aa9c512c29ea4/actions - {"actions":[{"id":"action27","type":"key","parameters":{},"actions":[{"type":"keyDown","value":"î€‡"},{"type":"pause","duration":10},{"type":"keyUp","value":"î€‡"}]}]}
RESULT: {"actions":[{"id":"action27","type":"key","parameters":{},"actions":[{"type":"keyDown","value":"î€‡"},{"type":"pause","duration":10},{"type":"keyUp","value":"î€‡"}]}]}
COMMAND: GET /session/5d4f89c809828bc74d2aa9c512c29ea4/screenshot - {}
RESULT: {}
COMMAND: POST /session/5d4f89c809828bc74d2aa9c512c29ea4/execute/async - {"script":"<script> [1562 bytes]","args":[{"selector":{"controlType":"sap.ui.core.Icon","viewName":"etm.portal.ui.managerequests.view.NewRequest","properties":{"src":{"regex":{"source":"value\\-help"}}},"searchOpenDialogs":true},"wdio_ui5_key":"etmportal.ui.managerequests.view.NewRequestsap.ui.core.Icon{\"src\":{\"regex\":{\"source\":\"value\\\\-help\"}}}"}]}
RESULT: {"script":"<script> [1562 bytes]","args":[{"selector":{"controlType":"sap.ui.core.Icon","viewName":"etm.portal.ui.managerequests.view.NewRequest","properties":{"src":{"regex":{"source":"value\\-help"}}},"searchOpenDialogs":true},"wdio_ui5_key":"etmportal.ui.managerequests.view.NewRequestsap.ui.core.Icon{\"src\":{\"regex\":{\"source\":\"value\\\\-help\"}}}"}]}
RESULT: undefined
COMMAND: POST /session/5d4f89c809828bc74d2aa9c512c29ea4/element - {"using":"xpath","value":"//*[@id=\"__xmlview61--costObjectIdComboBox-vhi\"]"}
RESULT: {"using":"xpath","value":"//*[@id=\"__xmlview61--costObjectIdComboBox-vhi\"]"}
COMMAND: POST /session/5d4f89c809828bc74d2aa9c512c29ea4/element/f.531E98D0DADB2C7D9F82DA313210FC25.d.65D4CAF5FA0C35DDC88307D3A1DD2CA0.e.5637/click - {}
RESULT: {}
COMMAND: POST /session/5d4f89c809828bc74d2aa9c512c29ea4/execute/async - {"script":"<script> [1562 bytes]","args":[{"selector":{"controlType":"sap.m.SearchField","properties":{"placeholder":"Search"},"searchOpenDialogs":true,"interaction":{"idSuffix":"I"}},"wdio_ui5_key":"sapm.SearchField{\"placeholder\":\"Search\"}"}]}
COMMAND: GET /session/5d4f89c809828bc74d2aa9c512c29ea4/screenshot - {}
RESULT: {"script":"<script> [1562 bytes]","args":[{"selector":{"controlType":"sap.m.SearchField","properties":{"placeholder":"Search"},"searchOpenDialogs":true,"interaction":{"idSuffix":"I"}},"wdio_ui5_key":"sapm.SearchField{\"placeholder\":\"Search\"}"}]}
RESULT: undefined
COMMAND: POST /session/5d4f89c809828bc74d2aa9c512c29ea4/execute/async - {"script":"<script> [776 bytes]","args":[{"enterText":"10001013","selector":{"controlType":"sap.m.SearchField","properties":{"placeholder":"Search"},"searchOpenDialogs":true,"interaction":{"idSuffix":"I"}},"clearTextFirst":true,"interactionType":"ENTER_TEXT"}]}
RESULT: {}
RESULT: {"script":"<script> [776 bytes]","args":[{"enterText":"10001013","selector":{"controlType":"sap.m.SearchField","properties":{"placeholder":"Search"},"searchOpenDialogs":true,"interaction":{"idSuffix":"I"}},"clearTextFirst":true,"interactionType":"ENTER_TEXT"}]}
COMMAND: POST /session/5d4f89c809828bc74d2aa9c512c29ea4/actions - {"actions":[{"id":"action28","type":"key","parameters":{},"actions":[{"type":"keyDown","value":"î€‡"},{"type":"pause","duration":10},{"type":"keyUp","value":"î€‡"}]}]}
RESULT: {"actions":[{"id":"action28","type":"key","parameters":{},"actions":[{"type":"keyDown","value":"î€‡"},{"type":"pause","duration":10},{"type":"keyUp","value":"î€‡"}]}]}
COMMAND: GET /session/5d4f89c809828bc74d2aa9c512c29ea4/screenshot - {}
RESULT: {}
COMMAND: POST /session/5d4f89c809828bc74d2aa9c512c29ea4/element - {"using":"xpath","value":"//span[contains(text(), \"General Management\")]"}
RESULT: {"using":"xpath","value":"//span[contains(text(), \"General Management\")]"}
COMMAND: POST /session/5d4f89c809828bc74d2aa9c512c29ea4/element/f.531E98D0DADB2C7D9F82DA313210FC25.d.65D4CAF5FA0C35DDC88307D3A1DD2CA0.e.5677/click - {}
RESULT: {}
COMMAND: GET /session/5d4f89c809828bc74d2aa9c512c29ea4/screenshot - {}
RESULT: {}
COMMAND: POST /session/5d4f89c809828bc74d2aa9c512c29ea4/element - {"using":"xpath","value":"//bdi[contains(text(), \"OK\")]"}
RESULT: {"using":"xpath","value":"//bdi[contains(text(), \"OK\")]"}
COMMAND: POST /session/5d4f89c809828bc74d2aa9c512c29ea4/element/f.531E98D0DADB2C7D9F82DA313210FC25.d.65D4CAF5FA0C35DDC88307D3A1DD2CA0.e.5678/click - {}
RESULT: {}
COMMAND: GET /session/5d4f89c809828bc74d2aa9c512c29ea4/screenshot - {}
RESULT: {}
COMMAND: POST /session/5d4f89c809828bc74d2aa9c512c29ea4/element - {"using":"xpath","value":"(//bdi[contains(@id ,\"BDI-content\")][contains(text(), \"Save\")])[1]"}
RESULT: {"using":"xpath","value":"(//bdi[contains(@id ,\"BDI-content\")][contains(text(), \"Save\")])[1]"}
COMMAND: POST /session/5d4f89c809828bc74d2aa9c512c29ea4/element/f.531E98D0DADB2C7D9F82DA313210FC25.d.65D4CAF5FA0C35DDC88307D3A1DD2CA0.e.5682/click - {}
RESULT: {}
COMMAND: GET /session/5d4f89c809828bc74d2aa9c512c29ea4/screenshot - {}
RESULT: {}
COMMAND: POST /session/5d4f89c809828bc74d2aa9c512c29ea4/execute/async - {"script":"<script> [1562 bytes]","args":[{"selector":{"controlType":"sap.ui.core.Icon","viewName":"etm.portal.ui.managerequests.view.NewRequest","properties":{"src":{"regex":{"source":"message\\-error"}}},"ancestor":{"controlType":"sap.m.ColumnListItem","viewName":"etm.portal.ui.managerequests.view.NewRequest","bindingPath":{"modelName":"newRequestItems","path":"/RequestItems/1"},"ancestor":{"id":"requestItemsTable","viewName":"etm.portal.ui.managerequests.view.NewRequest"}}},"wdio_ui5_key":"etmportal.ui.managerequests.view.NewRequestsap.ui.core.Icon{\"src\":{\"regex\":{\"source\":\"message\\\\-error\"}}}{\"controlType\":\"sap.m.ColumnListItem\",\"viewName\":\"etm.portal.ui.managerequests.view.NewRequest\",\"bindingPath\":{\"modelName\":\"newRequestItems\",\"path\":\"/RequestItems/1\"},\"ancestor\":{\"id\":\"requestItemsTable\",\"viewName\":\"etm.portal.ui.managerequests.view.NewRequest\"}}"}]}
RESULT: {"script":"<script> [1562 bytes]","args":[{"selector":{"controlType":"sap.ui.core.Icon","viewName":"etm.portal.ui.managerequests.view.NewRequest","properties":{"src":{"regex":{"source":"message\\-error"}}},"ancestor":{"controlType":"sap.m.ColumnListItem","viewName":"etm.portal.ui.managerequests.view.NewRequest","bindingPath":{"modelName":"newRequestItems","path":"/RequestItems/1"},"ancestor":{"id":"requestItemsTable","viewName":"etm.portal.ui.managerequests.view.NewRequest"}}},"wdio_ui5_key":"etmportal.ui.managerequests.view.NewRequestsap.ui.core.Icon{\"src\":{\"regex\":{\"source\":\"message\\\\-error\"}}}{\"controlType\":\"sap.m.ColumnListItem\",\"viewName\":\"etm.portal.ui.managerequests.view.NewRequest\",\"bindingPath\":{\"modelName\":\"newRequestItems\",\"path\":\"/RequestItems/1\"},\"ancestor\":{\"id\":\"requestItemsTable\",\"viewName\":\"etm.portal.ui.managerequests.view.NewRequest\"}}"}]}
RESULT: undefined
COMMAND: POST /session/5d4f89c809828bc74d2aa9c512c29ea4/element - {"using":"xpath","value":"//*[@id=\"__status15-__xmlview61--requestItemsTable-1-icon\"]"}
RESULT: {"using":"xpath","value":"//*[@id=\"__status15-__xmlview61--requestItemsTable-1-icon\"]"}
COMMAND: POST /session/5d4f89c809828bc74d2aa9c512c29ea4/element/f.531E98D0DADB2C7D9F82DA313210FC25.d.65D4CAF5FA0C35DDC88307D3A1DD2CA0.e.5685/click - {}
RESULT: {}
COMMAND: GET /session/5d4f89c809828bc74d2aa9c512c29ea4/screenshot - {}
RESULT: {}
RESULT: undefined
COMMAND: POST /session/5d4f89c809828bc74d2aa9c512c29ea4/execute/async - {"script":"<script> [776 bytes]","args":[{"enterText":"Cost Center","selector":{"id":"costObjectAdminTypeComboBox","viewName":"etm.portal.ui.managerequests.view.NewRequest","searchOpenDialogs":true,"interaction":{"idSuffix":"inner"}},"clearTextFirst":true,"interactionType":"ENTER_TEXT"}]}
RESULT: {"script":"<script> [776 bytes]","args":[{"enterText":"Cost Center","selector":{"id":"costObjectAdminTypeComboBox","viewName":"etm.portal.ui.managerequests.view.NewRequest","searchOpenDialogs":true,"interaction":{"idSuffix":"inner"}},"clearTextFirst":true,"interactionType":"ENTER_TEXT"}]}
COMMAND: POST /session/5d4f89c809828bc74d2aa9c512c29ea4/actions - {"actions":[{"id":"action29","type":"key","parameters":{},"actions":[{"type":"keyDown","value":"î€‡"},{"type":"pause","duration":10},{"type":"keyUp","value":"î€‡"}]}]}
RESULT: {"actions":[{"id":"action29","type":"key","parameters":{},"actions":[{"type":"keyDown","value":"î€‡"},{"type":"pause","duration":10},{"type":"keyUp","value":"î€‡"}]}]}
COMMAND: GET /session/5d4f89c809828bc74d2aa9c512c29ea4/screenshot - {}
RESULT: {}
RESULT: undefined
COMMAND: POST /session/5d4f89c809828bc74d2aa9c512c29ea4/element - {"using":"xpath","value":"//*[@id=\"__xmlview61--costObjectIdComboBox-vhi\"]"}
RESULT: {"using":"xpath","value":"//*[@id=\"__xmlview61--costObjectIdComboBox-vhi\"]"}
COMMAND: POST /session/5d4f89c809828bc74d2aa9c512c29ea4/element/f.531E98D0DADB2C7D9F82DA313210FC25.d.65D4CAF5FA0C35DDC88307D3A1DD2CA0.e.5695/click - {}
RESULT: {}
RESULT: undefined
COMMAND: POST /session/5d4f89c809828bc74d2aa9c512c29ea4/execute/async - {"script":"<script> [776 bytes]","args":[{"enterText":"10001013","selector":{"controlType":"sap.m.SearchField","properties":{"placeholder":"Search"},"searchOpenDialogs":true,"interaction":{"idSuffix":"I"}},"clearTextFirst":true,"interactionType":"ENTER_TEXT"}]}
COMMAND: GET /session/5d4f89c809828bc74d2aa9c512c29ea4/screenshot - {}
RESULT: {"script":"<script> [776 bytes]","args":[{"enterText":"10001013","selector":{"controlType":"sap.m.SearchField","properties":{"placeholder":"Search"},"searchOpenDialogs":true,"interaction":{"idSuffix":"I"}},"clearTextFirst":true,"interactionType":"ENTER_TEXT"}]}
COMMAND: POST /session/5d4f89c809828bc74d2aa9c512c29ea4/actions - {"actions":[{"id":"action30","type":"key","parameters":{},"actions":[{"type":"keyDown","value":"î€‡"},{"type":"pause","duration":10},{"type":"keyUp","value":"î€‡"}]}]}
RESULT: {}
RESULT: {"actions":[{"id":"action30","type":"key","parameters":{},"actions":[{"type":"keyDown","value":"î€‡"},{"type":"pause","duration":10},{"type":"keyUp","value":"î€‡"}]}]}
COMMAND: GET /session/5d4f89c809828bc74d2aa9c512c29ea4/screenshot - {}
RESULT: {}
COMMAND: POST /session/5d4f89c809828bc74d2aa9c512c29ea4/element - {"using":"xpath","value":"//span[contains(text(), \"General Management\")]"}
RESULT: {"using":"xpath","value":"//span[contains(text(), \"General Management\")]"}
COMMAND: POST /session/5d4f89c809828bc74d2aa9c512c29ea4/element/f.531E98D0DADB2C7D9F82DA313210FC25.d.65D4CAF5FA0C35DDC88307D3A1DD2CA0.e.5733/click - {}
RESULT: {}
COMMAND: GET /session/5d4f89c809828bc74d2aa9c512c29ea4/screenshot - {}
RESULT: {}
COMMAND: POST /session/5d4f89c809828bc74d2aa9c512c29ea4/element - {"using":"xpath","value":"//bdi[contains(text(), \"OK\")]"}
RESULT: {"using":"xpath","value":"//bdi[contains(text(), \"OK\")]"}
COMMAND: POST /session/5d4f89c809828bc74d2aa9c512c29ea4/element/f.531E98D0DADB2C7D9F82DA313210FC25.d.65D4CAF5FA0C35DDC88307D3A1DD2CA0.e.5734/click - {}
RESULT: {}
COMMAND: GET /session/5d4f89c809828bc74d2aa9c512c29ea4/screenshot - {}
RESULT: {}
COMMAND: POST /session/5d4f89c809828bc74d2aa9c512c29ea4/element - {"using":"xpath","value":"(//bdi[contains(@id ,\"BDI-content\")][contains(text(), \"Save\")])[1]"}
RESULT: {"using":"xpath","value":"(//bdi[contains(@id ,\"BDI-content\")][contains(text(), \"Save\")])[1]"}
COMMAND: POST /session/5d4f89c809828bc74d2aa9c512c29ea4/element/f.531E98D0DADB2C7D9F82DA313210FC25.d.65D4CAF5FA0C35DDC88307D3A1DD2CA0.e.5738/click - {}
RESULT: {}
COMMAND: GET /session/5d4f89c809828bc74d2aa9c512c29ea4/screenshot - {}
RESULT: {}
COMMAND: POST /session/5d4f89c809828bc74d2aa9c512c29ea4/execute/async - {"script":"<script> [1562 bytes]","args":[{"selector":{"controlType":"sap.m.Button","viewName":"etm.portal.ui.managerequests.view.NewRequest","i18NText":{"propertyName":"tooltip","key":"save"},"interaction":{"idSuffix":"content"}},"wdio_ui5_key":"etmportal.ui.managerequests.view.NewRequestsap.m.Button{\"propertyName\":\"tooltip\",\"key\":\"save\"}"}]}
RESULT: {"script":"<script> [1562 bytes]","args":[{"selector":{"controlType":"sap.m.Button","viewName":"etm.portal.ui.managerequests.view.NewRequest","i18NText":{"propertyName":"tooltip","key":"save"},"interaction":{"idSuffix":"content"}},"wdio_ui5_key":"etmportal.ui.managerequests.view.NewRequestsap.m.Button{\"propertyName\":\"tooltip\",\"key\":\"save\"}"}]}
RESULT: undefined
COMMAND: POST /session/5d4f89c809828bc74d2aa9c512c29ea4/element - {"using":"xpath","value":"//*[@id=\"__button105\"]"}
RESULT: {"using":"xpath","value":"//*[@id=\"__button105\"]"}
COMMAND: POST /session/5d4f89c809828bc74d2aa9c512c29ea4/element/f.531E98D0DADB2C7D9F82DA313210FC25.d.65D4CAF5FA0C35DDC88307D3A1DD2CA0.e.5504/click - {}
RESULT: {}
COMMAND: GET /session/5d4f89c809828bc74d2aa9c512c29ea4/screenshot - {}
RESULT: {}
COMMAND: POST /session/5d4f89c809828bc74d2aa9c512c29ea4/execute/async - {"script":"<script> [1562 bytes]","args":[{"selector":{"controlType":"sap.m.Title","properties":{"text":"Success"},"searchOpenDialogs":true},"wdio_ui5_key":"sapm.Title{\"text\":\"Success\"}"}]}
RESULT: {"script":"<script> [1562 bytes]","args":[{"selector":{"controlType":"sap.m.Title","properties":{"text":"Success"},"searchOpenDialogs":true},"wdio_ui5_key":"sapm.Title{\"text\":\"Success\"}"}]}
RESULT: undefined
COMMAND: POST /session/5d4f89c809828bc74d2aa9c512c29ea4/execute/async - {"script":"<script> [6424 bytes]","args":[{"element-6066-11e4-a52e-4f735466cecf":"f.531E98D0DADB2C7D9F82DA313210FC25.d.65D4CAF5FA0C35DDC88307D3A1DD2CA0.e.5744"},"getText",[]]}
RESULT: {"script":"<script> [6424 bytes]","args":[{"element-6066-11e4-a52e-4f735466cecf":"f.531E98D0DADB2C7D9F82DA313210FC25.d.65D4CAF5FA0C35DDC88307D3A1DD2CA0.e.5744"},"getText",[]]}
COMMAND: POST /session/5d4f89c809828bc74d2aa9c512c29ea4/execute/async - {"script":"<script> [1562 bytes]","args":[{"selector":{"controlType":"sap.m.Button","properties":{"text":"Close"},"searchOpenDialogs":true,"interaction":{"idSuffix":"BDI-content"}},"wdio_ui5_key":"sapm.Button{\"text\":\"Close\"}"}]}
RESULT: {"script":"<script> [1562 bytes]","args":[{"selector":{"controlType":"sap.m.Button","properties":{"text":"Close"},"searchOpenDialogs":true,"interaction":{"idSuffix":"BDI-content"}},"wdio_ui5_key":"sapm.Button{\"text\":\"Close\"}"}]}
RESULT: undefined
COMMAND: POST /session/5d4f89c809828bc74d2aa9c512c29ea4/element - {"using":"xpath","value":"//*[@id=\"__mbox-btn-4\"]"}
RESULT: {"using":"xpath","value":"//*[@id=\"__mbox-btn-4\"]"}
COMMAND: POST /session/5d4f89c809828bc74d2aa9c512c29ea4/element/f.531E98D0DADB2C7D9F82DA313210FC25.d.65D4CAF5FA0C35DDC88307D3A1DD2CA0.e.5743/click - {}
RESULT: {}
COMMAND: GET /session/5d4f89c809828bc74d2aa9c512c29ea4/screenshot - {}
RESULT: {}
COMMAND: POST /session/5d4f89c809828bc74d2aa9c512c29ea4/execute/async - {"script":"<script> [1562 bytes]","args":[{"selector":{"controlType":"sap.m.Text","viewName":"etm.portal.ui.managerequests.view.Detail","bindingPath":{"propertyPath":"NO","modelName":"catalogModel"}},"wdio_ui5_key":"etmportal.ui.managerequests.view.Detailsap.m.Text{\"propertyPath\":\"NO\",\"modelName\":\"catalogModel\"}"}]}
RESULT: {"script":"<script> [1562 bytes]","args":[{"selector":{"controlType":"sap.m.Text","viewName":"etm.portal.ui.managerequests.view.Detail","bindingPath":{"propertyPath":"NO","modelName":"catalogModel"}},"wdio_ui5_key":"etmportal.ui.managerequests.view.Detailsap.m.Text{\"propertyPath\":\"NO\",\"modelName\":\"catalogModel\"}"}]}
RESULT: undefined
COMMAND: POST /session/5d4f89c809828bc74d2aa9c512c29ea4/execute/async - {"script":"<script> [6424 bytes]","args":[{"element-6066-11e4-a52e-4f735466cecf":"f.531E98D0DADB2C7D9F82DA313210FC25.d.65D4CAF5FA0C35DDC88307D3A1DD2CA0.e.5873"},"getText",[]]}
RESULT: {"script":"<script> [6424 bytes]","args":[{"element-6066-11e4-a52e-4f735466cecf":"f.531E98D0DADB2C7D9F82DA313210FC25.d.65D4CAF5FA0C35DDC88307D3A1DD2CA0.e.5873"},"getText",[]]}
COMMAND: POST /session/5d4f89c809828bc74d2aa9c512c29ea4/execute/async - {"script":"<script> [1562 bytes]","args":[{"selector":{"controlType":"sap.ui.core.Icon","viewName":"etm.portal.ui.managerequests.view.Detail","properties":{"src":{"regex":{"source":"date\\-time"}}},"ancestor":{"controlType":"sap.m.ColumnListItem","viewName":"etm.portal.ui.managerequests.view.Detail","bindingPath":{"path":"/SmartRequestItemsPlanningBoard(ITEM=10m,REQUEST='20369')"},"ancestor":{"id":"requestItemsTable","viewName":"etm.portal.ui.managerequests.view.Detail"}}},"wdio_ui5_key":"etmportal.ui.managerequests.view.Detailsap.ui.core.Icon{\"src\":{\"regex\":{\"source\":\"date\\\\-time\"}}}{\"controlType\":\"sap.m.ColumnListItem\",\"viewName\":\"etm.portal.ui.managerequests.view.Detail\",\"bindingPath\":{\"path\":\"/SmartRequestItemsPlanningBoard(ITEM=10m,REQUEST='20369')\"},\"ancestor\":{\"id\":\"requestItemsTable\",\"viewName\":\"etm.portal.ui.managerequests.view.Detail\"}}"}]}
RESULT: {"script":"<script> [1562 bytes]","args":[{"selector":{"controlType":"sap.ui.core.Icon","viewName":"etm.portal.ui.managerequests.view.Detail","properties":{"src":{"regex":{"source":"date\\-time"}}},"ancestor":{"controlType":"sap.m.ColumnListItem","viewName":"etm.portal.ui.managerequests.view.Detail","bindingPath":{"path":"/SmartRequestItemsPlanningBoard(ITEM=10m,REQUEST='20369')"},"ancestor":{"id":"requestItemsTable","viewName":"etm.portal.ui.managerequests.view.Detail"}}},"wdio_ui5_key":"etmportal.ui.managerequests.view.Detailsap.ui.core.Icon{\"src\":{\"regex\":{\"source\":\"date\\\\-time\"}}}{\"controlType\":\"sap.m.ColumnListItem\",\"viewName\":\"etm.portal.ui.managerequests.view.Detail\",\"bindingPath\":{\"path\":\"/SmartRequestItemsPlanningBoard(ITEM=10m,REQUEST='20369')\"},\"ancestor\":{\"id\":\"requestItemsTable\",\"viewName\":\"etm.portal.ui.managerequests.view.Detail\"}}"}]}
RESULT: undefined
COMMAND: POST /session/5d4f89c809828bc74d2aa9c512c29ea4/element - {"using":"xpath","value":"//*[@id=\"__button135-__clone8651-img\"]"}
RESULT: {"using":"xpath","value":"//*[@id=\"__button135-__clone8651-img\"]"}
COMMAND: POST /session/5d4f89c809828bc74d2aa9c512c29ea4/element/f.531E98D0DADB2C7D9F82DA313210FC25.d.65D4CAF5FA0C35DDC88307D3A1DD2CA0.e.5874/click - {}
RESULT: {}
COMMAND: POST /session/5d4f89c809828bc74d2aa9c512c29ea4/execute/async - {"script":"<script> [1562 bytes]","args":[{"selector":{"controlType":"sap.m.Button","viewName":"etm.portal.ui.managerequests.view.Detail","properties":{"text":"Close"},"searchOpenDialogs":true,"interaction":{"idSuffix":"BDI-content"}},"wdio_ui5_key":"etmportal.ui.managerequests.view.Detailsap.m.Button{\"text\":\"Close\"}"}]}
COMMAND: GET /session/5d4f89c809828bc74d2aa9c512c29ea4/screenshot - {}
RESULT: {"script":"<script> [1562 bytes]","args":[{"selector":{"controlType":"sap.m.Button","viewName":"etm.portal.ui.managerequests.view.Detail","properties":{"text":"Close"},"searchOpenDialogs":true,"interaction":{"idSuffix":"BDI-content"}},"wdio_ui5_key":"etmportal.ui.managerequests.view.Detailsap.m.Button{\"text\":\"Close\"}"}]}
RESULT: undefined
COMMAND: POST /session/5d4f89c809828bc74d2aa9c512c29ea4/element - {"using":"xpath","value":"//*[@id=\"__button145\"]"}
RESULT: {}
RESULT: {"using":"xpath","value":"//*[@id=\"__button145\"]"}
COMMAND: POST /session/5d4f89c809828bc74d2aa9c512c29ea4/element/f.531E98D0DADB2C7D9F82DA313210FC25.d.65D4CAF5FA0C35DDC88307D3A1DD2CA0.e.5877/click - {}
RESULT: {}
COMMAND: POST /session/5d4f89c809828bc74d2aa9c512c29ea4/execute/async - {"script":"<script> [1562 bytes]","args":[{"selector":{"controlType":"sap.ui.core.Icon","viewName":"etm.portal.ui.managerequests.view.Detail","properties":{"src":{"regex":{"source":"date\\-time"}}},"ancestor":{"controlType":"sap.m.ColumnListItem","viewName":"etm.portal.ui.managerequests.view.Detail","bindingPath":{"path":"/SmartRequestItemsPlanningBoard(ITEM=20m,REQUEST='20369')"},"ancestor":{"id":"requestItemsTable","viewName":"etm.portal.ui.managerequests.view.Detail"}}},"wdio_ui5_key":"etmportal.ui.managerequests.view.Detailsap.ui.core.Icon{\"src\":{\"regex\":{\"source\":\"date\\\\-time\"}}}{\"controlType\":\"sap.m.ColumnListItem\",\"viewName\":\"etm.portal.ui.managerequests.view.Detail\",\"bindingPath\":{\"path\":\"/SmartRequestItemsPlanningBoard(ITEM=20m,REQUEST='20369')\"},\"ancestor\":{\"id\":\"requestItemsTable\",\"viewName\":\"etm.portal.ui.managerequests.view.Detail\"}}"}]}
COMMAND: GET /session/5d4f89c809828bc74d2aa9c512c29ea4/screenshot - {}
RESULT: {"script":"<script> [1562 bytes]","args":[{"selector":{"controlType":"sap.ui.core.Icon","viewName":"etm.portal.ui.managerequests.view.Detail","properties":{"src":{"regex":{"source":"date\\-time"}}},"ancestor":{"controlType":"sap.m.ColumnListItem","viewName":"etm.portal.ui.managerequests.view.Detail","bindingPath":{"path":"/SmartRequestItemsPlanningBoard(ITEM=20m,REQUEST='20369')"},"ancestor":{"id":"requestItemsTable","viewName":"etm.portal.ui.managerequests.view.Detail"}}},"wdio_ui5_key":"etmportal.ui.managerequests.view.Detailsap.ui.core.Icon{\"src\":{\"regex\":{\"source\":\"date\\\\-time\"}}}{\"controlType\":\"sap.m.ColumnListItem\",\"viewName\":\"etm.portal.ui.managerequests.view.Detail\",\"bindingPath\":{\"path\":\"/SmartRequestItemsPlanningBoard(ITEM=20m,REQUEST='20369')\"},\"ancestor\":{\"id\":\"requestItemsTable\",\"viewName\":\"etm.portal.ui.managerequests.view.Detail\"}}"}]}
RESULT: undefined
COMMAND: POST /session/5d4f89c809828bc74d2aa9c512c29ea4/element - {"using":"xpath","value":"//*[@id=\"__button135-__clone8652-img\"]"}
RESULT: {}
RESULT: {"using":"xpath","value":"//*[@id=\"__button135-__clone8652-img\"]"}
COMMAND: POST /session/5d4f89c809828bc74d2aa9c512c29ea4/element/f.531E98D0DADB2C7D9F82DA313210FC25.d.65D4CAF5FA0C35DDC88307D3A1DD2CA0.e.5884/click - {}
RESULT: {}
RESULT: undefined
COMMAND: POST /session/5d4f89c809828bc74d2aa9c512c29ea4/element - {"using":"xpath","value":"//*[@id=\"__button145\"]"}
COMMAND: GET /session/5d4f89c809828bc74d2aa9c512c29ea4/screenshot - {}
RESULT: {}
RESULT: {"using":"xpath","value":"//*[@id=\"__button145\"]"}
COMMAND: POST /session/5d4f89c809828bc74d2aa9c512c29ea4/element/f.531E98D0DADB2C7D9F82DA313210FC25.d.65D4CAF5FA0C35DDC88307D3A1DD2CA0.e.5888/click - {}
RESULT: {}
COMMAND: POST /session/5d4f89c809828bc74d2aa9c512c29ea4/element - {"using":"css selector","value":"#shell-header-logo"}
COMMAND: GET /session/5d4f89c809828bc74d2aa9c512c29ea4/screenshot - {}
RESULT: {"using":"css selector","value":"#shell-header-logo"}
COMMAND: POST /session/5d4f89c809828bc74d2aa9c512c29ea4/element/f.531E98D0DADB2C7D9F82DA313210FC25.d.65D4CAF5FA0C35DDC88307D3A1DD2CA0.e.5129/click - {}
RESULT: {}
RESULT: {}
COMMAND: GET /session/5d4f89c809828bc74d2aa9c512c29ea4/screenshot - {}
RESULT: {}
]]></system-out>
    </testcase>
    <testcase classname="chrome.135_0_7049_96.windows.Standard_contract_-_add_contract_items_by_Insert_Request_US118222" name="Should insert the request into the contract" time="57.169">
      <system-out><![CDATA[
COMMAND: POST /session/5d4f89c809828bc74d2aa9c512c29ea4/execute/async - {"script":"<script> [1562 bytes]","args":[{"selector":{"controlType":"sap.m.GenericTile","properties":{"header":"Manage Contracts"}},"wdio_ui5_key":"sapm.GenericTile{\"header\":\"Manage Contracts\"}"}]}
RESULT: {"script":"<script> [1562 bytes]","args":[{"selector":{"controlType":"sap.m.GenericTile","properties":{"header":"Manage Contracts"}},"wdio_ui5_key":"sapm.GenericTile{\"header\":\"Manage Contracts\"}"}]}
RESULT: undefined
COMMAND: POST /session/5d4f89c809828bc74d2aa9c512c29ea4/element - {"using":"xpath","value":"//*[@id=\"__tile130\"]"}
RESULT: {"using":"xpath","value":"//*[@id=\"__tile130\"]"}
COMMAND: POST /session/5d4f89c809828bc74d2aa9c512c29ea4/element/f.531E98D0DADB2C7D9F82DA313210FC25.d.65D4CAF5FA0C35DDC88307D3A1DD2CA0.e.5902/click - {}
RESULT: {}
COMMAND: GET /session/5d4f89c809828bc74d2aa9c512c29ea4/screenshot - {}
RESULT: {}
COMMAND: POST /session/5d4f89c809828bc74d2aa9c512c29ea4/execute/async - {"script":"<script> [1562 bytes]","args":[{"selector":{"controlType":"sap.m.SearchField","viewName":"etm.portal.ui.managecontracts.view.Master","bindingPath":{"path":"","propertyPath":"/_BASIC_SEARCH_FIELD","modelName":"fi1t3rM0d31"},"interaction":{"idSuffix":"I"}},"wdio_ui5_key":"etmportal.ui.managecontracts.view.Mastersap.m.SearchField{\"path\":\"\",\"propertyPath\":\"/_BASIC_SEARCH_FIELD\",\"modelName\":\"fi1t3rM0d31\"}"}]}
RESULT: {"script":"<script> [1562 bytes]","args":[{"selector":{"controlType":"sap.m.SearchField","viewName":"etm.portal.ui.managecontracts.view.Master","bindingPath":{"path":"","propertyPath":"/_BASIC_SEARCH_FIELD","modelName":"fi1t3rM0d31"},"interaction":{"idSuffix":"I"}},"wdio_ui5_key":"etmportal.ui.managecontracts.view.Mastersap.m.SearchField{\"path\":\"\",\"propertyPath\":\"/_BASIC_SEARCH_FIELD\",\"modelName\":\"fi1t3rM0d31\"}"}]}
RESULT: undefined
COMMAND: POST /session/5d4f89c809828bc74d2aa9c512c29ea4/execute/async - {"script":"<script> [776 bytes]","args":[{"enterText":"10550","selector":{"controlType":"sap.m.SearchField","viewName":"etm.portal.ui.managecontracts.view.Master","bindingPath":{"path":"","propertyPath":"/_BASIC_SEARCH_FIELD","modelName":"fi1t3rM0d31"},"interaction":{"idSuffix":"I"}},"clearTextFirst":true,"interactionType":"ENTER_TEXT"}]}
RESULT: {"script":"<script> [776 bytes]","args":[{"enterText":"10550","selector":{"controlType":"sap.m.SearchField","viewName":"etm.portal.ui.managecontracts.view.Master","bindingPath":{"path":"","propertyPath":"/_BASIC_SEARCH_FIELD","modelName":"fi1t3rM0d31"},"interaction":{"idSuffix":"I"}},"clearTextFirst":true,"interactionType":"ENTER_TEXT"}]}
COMMAND: POST /session/5d4f89c809828bc74d2aa9c512c29ea4/actions - {"actions":[{"id":"action31","type":"key","parameters":{},"actions":[{"type":"keyDown","value":"î€‡"},{"type":"pause","duration":10},{"type":"keyUp","value":"î€‡"}]}]}
RESULT: {"actions":[{"id":"action31","type":"key","parameters":{},"actions":[{"type":"keyDown","value":"î€‡"},{"type":"pause","duration":10},{"type":"keyUp","value":"î€‡"}]}]}
COMMAND: GET /session/5d4f89c809828bc74d2aa9c512c29ea4/screenshot - {}
RESULT: {}
COMMAND: POST /session/5d4f89c809828bc74d2aa9c512c29ea4/execute/async - {"script":"<script> [1562 bytes]","args":[{"selector":{"controlType":"sap.ui.core.Icon","viewName":"etm.portal.ui.managecontracts.view.Master","properties":{"src":{"regex":{"source":"slim\\-arrow\\-right"}}}},"wdio_ui5_key":"etmportal.ui.managecontracts.view.Mastersap.ui.core.Icon{\"src\":{\"regex\":{\"source\":\"slim\\\\-arrow\\\\-right\"}}}"}]}
RESULT: {"script":"<script> [1562 bytes]","args":[{"selector":{"controlType":"sap.ui.core.Icon","viewName":"etm.portal.ui.managecontracts.view.Master","properties":{"src":{"regex":{"source":"slim\\-arrow\\-right"}}}},"wdio_ui5_key":"etmportal.ui.managecontracts.view.Mastersap.ui.core.Icon{\"src\":{\"regex\":{\"source\":\"slim\\\\-arrow\\\\-right\"}}}"}]}
RESULT: undefined
COMMAND: POST /session/5d4f89c809828bc74d2aa9c512c29ea4/element - {"using":"xpath","value":"//*[@id=\"__item2838-__clone8760-imgNav\"]"}
RESULT: {"using":"xpath","value":"//*[@id=\"__item2838-__clone8760-imgNav\"]"}
COMMAND: POST /session/5d4f89c809828bc74d2aa9c512c29ea4/element/f.531E98D0DADB2C7D9F82DA313210FC25.d.65D4CAF5FA0C35DDC88307D3A1DD2CA0.e.6023/click - {}
RESULT: {}
COMMAND: POST /session/5d4f89c809828bc74d2aa9c512c29ea4/execute/async - {"script":"<script> [1562 bytes]","args":[{"selector":{"id":"addRequestItemBtn","viewName":"etm.portal.ui.managecontracts.view.Detail","interaction":{"idSuffix":"BDI-content"}},"wdio_ui5_key":"addRequestItemBtnetmportal.ui.managecontracts.view.Detail"}]}
COMMAND: GET /session/5d4f89c809828bc74d2aa9c512c29ea4/screenshot - {}
RESULT: {"script":"<script> [1562 bytes]","args":[{"selector":{"id":"addRequestItemBtn","viewName":"etm.portal.ui.managecontracts.view.Detail","interaction":{"idSuffix":"BDI-content"}},"wdio_ui5_key":"addRequestItemBtnetmportal.ui.managecontracts.view.Detail"}]}
RESULT: undefined
COMMAND: POST /session/5d4f89c809828bc74d2aa9c512c29ea4/element - {"using":"xpath","value":"//*[@id=\"__xmlview64--addRequestItemBtn\"]"}
RESULT: {}
RESULT: {"using":"xpath","value":"//*[@id=\"__xmlview64--addRequestItemBtn\"]"}
COMMAND: POST /session/5d4f89c809828bc74d2aa9c512c29ea4/element/f.531E98D0DADB2C7D9F82DA313210FC25.d.65D4CAF5FA0C35DDC88307D3A1DD2CA0.e.6088/click - {}
RESULT: {}
COMMAND: GET /session/5d4f89c809828bc74d2aa9c512c29ea4/screenshot - {}
RESULT: {}
COMMAND: POST /session/5d4f89c809828bc74d2aa9c512c29ea4/element - {"using":"xpath","value":"//div[contains(@id ,\"popupRequestTable-sa-CbBg\")]"}
RESULT: {"using":"xpath","value":"//div[contains(@id ,\"popupRequestTable-sa-CbBg\")]"}
COMMAND: POST /session/5d4f89c809828bc74d2aa9c512c29ea4/element/f.531E98D0DADB2C7D9F82DA313210FC25.d.65D4CAF5FA0C35DDC88307D3A1DD2CA0.e.6183/click - {}
RESULT: {}
COMMAND: GET /session/5d4f89c809828bc74d2aa9c512c29ea4/screenshot - {}
RESULT: {}
COMMAND: POST /session/5d4f89c809828bc74d2aa9c512c29ea4/execute/async - {"script":"<script> [1562 bytes]","args":[{"selector":{"controlType":"sap.m.Button","viewName":"etm.portal.ui.managecontracts.view.Detail","i18NText":{"propertyName":"text","key":"selectionDone"},"searchOpenDialogs":true,"interaction":{"idSuffix":"BDI-content"}},"wdio_ui5_key":"etmportal.ui.managecontracts.view.Detailsap.m.Button{\"propertyName\":\"text\",\"key\":\"selectionDone\"}"}]}
RESULT: {"script":"<script> [1562 bytes]","args":[{"selector":{"controlType":"sap.m.Button","viewName":"etm.portal.ui.managecontracts.view.Detail","i18NText":{"propertyName":"text","key":"selectionDone"},"searchOpenDialogs":true,"interaction":{"idSuffix":"BDI-content"}},"wdio_ui5_key":"etmportal.ui.managecontracts.view.Detailsap.m.Button{\"propertyName\":\"text\",\"key\":\"selectionDone\"}"}]}
RESULT: undefined
COMMAND: POST /session/5d4f89c809828bc74d2aa9c512c29ea4/element - {"using":"xpath","value":"//*[@id=\"__button157\"]"}
RESULT: {"using":"xpath","value":"//*[@id=\"__button157\"]"}
COMMAND: POST /session/5d4f89c809828bc74d2aa9c512c29ea4/element/f.531E98D0DADB2C7D9F82DA313210FC25.d.65D4CAF5FA0C35DDC88307D3A1DD2CA0.e.6186/click - {}
RESULT: {}
COMMAND: POST /session/5d4f89c809828bc74d2aa9c512c29ea4/execute/async - {"script":"<script> [1562 bytes]","args":[{"selector":{"controlType":"sap.m.Text","properties":{"text":"Started processing request items into the contract."},"searchOpenDialogs":true},"wdio_ui5_key":"sapm.Text{\"text\":\"Started processing request items into the contract.\"}"}]}
COMMAND: GET /session/5d4f89c809828bc74d2aa9c512c29ea4/screenshot - {}
RESULT: {"script":"<script> [1562 bytes]","args":[{"selector":{"controlType":"sap.m.Text","properties":{"text":"Started processing request items into the contract."},"searchOpenDialogs":true},"wdio_ui5_key":"sapm.Text{\"text\":\"Started processing request items into the contract.\"}"}]}
RESULT: undefined
COMMAND: POST /session/5d4f89c809828bc74d2aa9c512c29ea4/execute/async - {"script":"<script> [6424 bytes]","args":[{"element-6066-11e4-a52e-4f735466cecf":"f.531E98D0DADB2C7D9F82DA313210FC25.d.65D4CAF5FA0C35DDC88307D3A1DD2CA0.e.6188"},"getText",[]]}
RESULT: {}
RESULT: {"script":"<script> [6424 bytes]","args":[{"element-6066-11e4-a52e-4f735466cecf":"f.531E98D0DADB2C7D9F82DA313210FC25.d.65D4CAF5FA0C35DDC88307D3A1DD2CA0.e.6188"},"getText",[]]}
COMMAND: POST /session/5d4f89c809828bc74d2aa9c512c29ea4/execute/async - {"script":"<script> [1562 bytes]","args":[{"selector":{"controlType":"sap.m.Button","properties":{"text":"OK"},"searchOpenDialogs":true,"interaction":{"idSuffix":"inner"}},"wdio_ui5_key":"sapm.Button{\"text\":\"OK\"}"}]}
RESULT: {"script":"<script> [1562 bytes]","args":[{"selector":{"controlType":"sap.m.Button","properties":{"text":"OK"},"searchOpenDialogs":true,"interaction":{"idSuffix":"inner"}},"wdio_ui5_key":"sapm.Button{\"text\":\"OK\"}"}]}
RESULT: undefined
COMMAND: POST /session/5d4f89c809828bc74d2aa9c512c29ea4/element - {"using":"xpath","value":"//*[@id=\"__mbox-btn-5\"]"}
RESULT: {"using":"xpath","value":"//*[@id=\"__mbox-btn-5\"]"}
COMMAND: POST /session/5d4f89c809828bc74d2aa9c512c29ea4/element/f.531E98D0DADB2C7D9F82DA313210FC25.d.65D4CAF5FA0C35DDC88307D3A1DD2CA0.e.6187/click - {}
RESULT: {}
COMMAND: POST /session/5d4f89c809828bc74d2aa9c512c29ea4/execute/async - {"script":"<script> [1562 bytes]","args":[{"selector":{"id":"headerBillingItemsTabFilter","viewName":"etm.portal.ui.managecontracts.view.Detail","interaction":{"idSuffix":"text"}},"wdio_ui5_key":"headerBillingItemsTabFilteretmportal.ui.managecontracts.view.Detail"}]}
COMMAND: GET /session/5d4f89c809828bc74d2aa9c512c29ea4/screenshot - {}
RESULT: {"script":"<script> [1562 bytes]","args":[{"selector":{"id":"headerBillingItemsTabFilter","viewName":"etm.portal.ui.managecontracts.view.Detail","interaction":{"idSuffix":"text"}},"wdio_ui5_key":"headerBillingItemsTabFilteretmportal.ui.managecontracts.view.Detail"}]}
RESULT: undefined
COMMAND: POST /session/5d4f89c809828bc74d2aa9c512c29ea4/element - {"using":"xpath","value":"//*[@id=\"__xmlview64--headerBillingItemsTabFilter\"]"}
RESULT: {}
RESULT: {"using":"xpath","value":"//*[@id=\"__xmlview64--headerBillingItemsTabFilter\"]"}
COMMAND: POST /session/5d4f89c809828bc74d2aa9c512c29ea4/element/f.531E98D0DADB2C7D9F82DA313210FC25.d.65D4CAF5FA0C35DDC88307D3A1DD2CA0.e.6198/click - {}
RESULT: {}
COMMAND: GET /session/5d4f89c809828bc74d2aa9c512c29ea4/screenshot - {}
RESULT: {}
COMMAND: POST /session/5d4f89c809828bc74d2aa9c512c29ea4/execute/async - {"script":"<script> [1562 bytes]","args":[{"selector":{"controlType":"sap.ui.core.Icon","viewName":"etm.portal.ui.managecontracts.view.Detail","properties":{"src":{"regex":{"source":"synchronize"}}}},"wdio_ui5_key":"etmportal.ui.managecontracts.view.Detailsap.ui.core.Icon{\"src\":{\"regex\":{\"source\":\"synchronize\"}}}"}]}
RESULT: {"script":"<script> [1562 bytes]","args":[{"selector":{"controlType":"sap.ui.core.Icon","viewName":"etm.portal.ui.managecontracts.view.Detail","properties":{"src":{"regex":{"source":"synchronize"}}}},"wdio_ui5_key":"etmportal.ui.managecontracts.view.Detailsap.ui.core.Icon{\"src\":{\"regex\":{\"source\":\"synchronize\"}}}"}]}
RESULT: undefined
COMMAND: POST /session/5d4f89c809828bc74d2aa9c512c29ea4/element - {"using":"xpath","value":"//*[@id=\"__xmlview64--btnToggleUpdate-img\"]"}
RESULT: {"using":"xpath","value":"//*[@id=\"__xmlview64--btnToggleUpdate-img\"]"}
COMMAND: POST /session/5d4f89c809828bc74d2aa9c512c29ea4/element/f.531E98D0DADB2C7D9F82DA313210FC25.d.65D4CAF5FA0C35DDC88307D3A1DD2CA0.e.6087/click - {}
RESULT: {}
COMMAND: GET /session/5d4f89c809828bc74d2aa9c512c29ea4/screenshot - {}
RESULT: {}
RESULT: undefined
COMMAND: POST /session/5d4f89c809828bc74d2aa9c512c29ea4/element - {"using":"xpath","value":"//*[@id=\"__xmlview64--headerBillingItemsTabFilter\"]"}
RESULT: {"using":"xpath","value":"//*[@id=\"__xmlview64--headerBillingItemsTabFilter\"]"}
COMMAND: POST /session/5d4f89c809828bc74d2aa9c512c29ea4/element/f.531E98D0DADB2C7D9F82DA313210FC25.d.65D4CAF5FA0C35DDC88307D3A1DD2CA0.e.6198/click - {}
RESULT: {}
COMMAND: POST /session/5d4f89c809828bc74d2aa9c512c29ea4/execute/async - {"script":"<script> [1562 bytes]","args":[{"selector":{"controlType":"sap.m.Title","viewName":"etm.portal.ui.managecontracts.view.Detail","properties":{"text":"Contract Items (2)"}},"wdio_ui5_key":"etmportal.ui.managecontracts.view.Detailsap.m.Title{\"text\":\"Contract Items (2)\"}"}]}
COMMAND: GET /session/5d4f89c809828bc74d2aa9c512c29ea4/screenshot - {}
RESULT: {"script":"<script> [1562 bytes]","args":[{"selector":{"controlType":"sap.m.Title","viewName":"etm.portal.ui.managecontracts.view.Detail","properties":{"text":"Contract Items (2)"}},"wdio_ui5_key":"etmportal.ui.managecontracts.view.Detailsap.m.Title{\"text\":\"Contract Items (2)\"}"}]}
RESULT: undefined
COMMAND: POST /session/5d4f89c809828bc74d2aa9c512c29ea4/execute/async - {"script":"<script> [6424 bytes]","args":[{"element-6066-11e4-a52e-4f735466cecf":"f.531E98D0DADB2C7D9F82DA313210FC25.d.65D4CAF5FA0C35DDC88307D3A1DD2CA0.e.6206"},"getText",[]]}
RESULT: {}
RESULT: {"script":"<script> [6424 bytes]","args":[{"element-6066-11e4-a52e-4f735466cecf":"f.531E98D0DADB2C7D9F82DA313210FC25.d.65D4CAF5FA0C35DDC88307D3A1DD2CA0.e.6206"},"getText",[]]}
COMMAND: POST /session/5d4f89c809828bc74d2aa9c512c29ea4/execute/async - {"script":"<script> [1562 bytes]","args":[{"selector":{"controlType":"sap.m.ObjectStatus","viewName":"etm.portal.ui.managecontracts.view.Detail","bindingPath":{"path":"/SmartContractItems(CONTRACT='10550',ITEM=10m,SUB_ITEM=0m)","propertyPath":"STATUS"}},"wdio_ui5_key":"etmportal.ui.managecontracts.view.Detailsap.m.ObjectStatus{\"path\":\"/SmartContractItems(CONTRACT='10550',ITEM=10m,SUB_ITEM=0m)\",\"propertyPath\":\"STATUS\"}"}]}
RESULT: {"script":"<script> [1562 bytes]","args":[{"selector":{"controlType":"sap.m.ObjectStatus","viewName":"etm.portal.ui.managecontracts.view.Detail","bindingPath":{"path":"/SmartContractItems(CONTRACT='10550',ITEM=10m,SUB_ITEM=0m)","propertyPath":"STATUS"}},"wdio_ui5_key":"etmportal.ui.managecontracts.view.Detailsap.m.ObjectStatus{\"path\":\"/SmartContractItems(CONTRACT='10550',ITEM=10m,SUB_ITEM=0m)\",\"propertyPath\":\"STATUS\"}"}]}
RESULT: undefined
COMMAND: POST /session/5d4f89c809828bc74d2aa9c512c29ea4/execute/async - {"script":"<script> [6424 bytes]","args":[{"element-6066-11e4-a52e-4f735466cecf":"f.531E98D0DADB2C7D9F82DA313210FC25.d.65D4CAF5FA0C35DDC88307D3A1DD2CA0.e.6208"},"getText",[]]}
RESULT: {"script":"<script> [6424 bytes]","args":[{"element-6066-11e4-a52e-4f735466cecf":"f.531E98D0DADB2C7D9F82DA313210FC25.d.65D4CAF5FA0C35DDC88307D3A1DD2CA0.e.6208"},"getText",[]]}
COMMAND: POST /session/5d4f89c809828bc74d2aa9c512c29ea4/execute/async - {"script":"<script> [1562 bytes]","args":[{"selector":{"controlType":"sap.m.ObjectStatus","viewName":"etm.portal.ui.managecontracts.view.Detail","bindingPath":{"path":"/SmartContractItems(CONTRACT='10550',ITEM=20m,SUB_ITEM=0m)","propertyPath":"STATUS"}},"wdio_ui5_key":"etmportal.ui.managecontracts.view.Detailsap.m.ObjectStatus{\"path\":\"/SmartContractItems(CONTRACT='10550',ITEM=20m,SUB_ITEM=0m)\",\"propertyPath\":\"STATUS\"}"}]}
RESULT: {"script":"<script> [1562 bytes]","args":[{"selector":{"controlType":"sap.m.ObjectStatus","viewName":"etm.portal.ui.managecontracts.view.Detail","bindingPath":{"path":"/SmartContractItems(CONTRACT='10550',ITEM=20m,SUB_ITEM=0m)","propertyPath":"STATUS"}},"wdio_ui5_key":"etmportal.ui.managecontracts.view.Detailsap.m.ObjectStatus{\"path\":\"/SmartContractItems(CONTRACT='10550',ITEM=20m,SUB_ITEM=0m)\",\"propertyPath\":\"STATUS\"}"}]}
RESULT: undefined
COMMAND: POST /session/5d4f89c809828bc74d2aa9c512c29ea4/execute/async - {"script":"<script> [6424 bytes]","args":[{"element-6066-11e4-a52e-4f735466cecf":"f.531E98D0DADB2C7D9F82DA313210FC25.d.65D4CAF5FA0C35DDC88307D3A1DD2CA0.e.6209"},"getText",[]]}
RESULT: {"script":"<script> [6424 bytes]","args":[{"element-6066-11e4-a52e-4f735466cecf":"f.531E98D0DADB2C7D9F82DA313210FC25.d.65D4CAF5FA0C35DDC88307D3A1DD2CA0.e.6209"},"getText",[]]}
]]></system-out>
    </testcase>
  </testsuite>
  <testsuite timestamp="2025-05-05T18:07:55" time="95.951" tests="1" failures="0" errors="0" skipped="0">
    <properties>
      <property name="specId" value="0" />
      <property name="suiteName" value="Manage contracts - revert request US152962" />
      <property name="capabilities" value="chrome.135_0_7049_96.windows" />
      <property name="file" value="file:///D:/a/1/s/test/specs/R2C/manage-contracts-revert-request.spec.js" />
    </properties>
    <testcase classname="chrome.135_0_7049_96.windows.Manage_contracts_-_revert_request_US152962" name="Should revert the request" time="95.949">
      <system-out><![CDATA[
COMMAND: POST /session/5d4f89c809828bc74d2aa9c512c29ea4/execute/async - {"script":"<script> [1562 bytes]","args":[{"selector":{"id":"revertPlanningBtn","viewName":"etm.portal.ui.managecontracts.view.Detail","interaction":{"idSuffix":"BDI-content"}},"wdio_ui5_key":"revertPlanningBtnetmportal.ui.managecontracts.view.Detail"}]}
RESULT: {"script":"<script> [1562 bytes]","args":[{"selector":{"id":"revertPlanningBtn","viewName":"etm.portal.ui.managecontracts.view.Detail","interaction":{"idSuffix":"BDI-content"}},"wdio_ui5_key":"revertPlanningBtnetmportal.ui.managecontracts.view.Detail"}]}
RESULT: undefined
COMMAND: POST /session/5d4f89c809828bc74d2aa9c512c29ea4/element - {"using":"xpath","value":"//*[@id=\"__xmlview64--revertPlanningBtn\"]"}
RESULT: {"using":"xpath","value":"//*[@id=\"__xmlview64--revertPlanningBtn\"]"}
COMMAND: POST /session/5d4f89c809828bc74d2aa9c512c29ea4/element/f.531E98D0DADB2C7D9F82DA313210FC25.d.65D4CAF5FA0C35DDC88307D3A1DD2CA0.e.6091/click - {}
RESULT: {}
COMMAND: POST /session/5d4f89c809828bc74d2aa9c512c29ea4/element - {"using":"xpath","value":"(//div[contains(@id ,\"selectMulti-CbBg\")])[2]"}
COMMAND: GET /session/5d4f89c809828bc74d2aa9c512c29ea4/screenshot - {}
RESULT: {"using":"xpath","value":"(//div[contains(@id ,\"selectMulti-CbBg\")])[2]"}
COMMAND: POST /session/5d4f89c809828bc74d2aa9c512c29ea4/element/f.531E98D0DADB2C7D9F82DA313210FC25.d.65D4CAF5FA0C35DDC88307D3A1DD2CA0.e.6255/click - {}
RESULT: {}
RESULT: {}
COMMAND: GET /session/5d4f89c809828bc74d2aa9c512c29ea4/screenshot - {}
RESULT: {}
COMMAND: POST /session/5d4f89c809828bc74d2aa9c512c29ea4/element - {"using":"xpath","value":"//span[contains(@id ,\"executeRevertPlanningBtn-content\")]"}
RESULT: {"using":"xpath","value":"//span[contains(@id ,\"executeRevertPlanningBtn-content\")]"}
COMMAND: POST /session/5d4f89c809828bc74d2aa9c512c29ea4/element/f.531E98D0DADB2C7D9F82DA313210FC25.d.65D4CAF5FA0C35DDC88307D3A1DD2CA0.e.6257/click - {}
RESULT: {}
COMMAND: GET /session/5d4f89c809828bc74d2aa9c512c29ea4/screenshot - {}
RESULT: {}
COMMAND: POST /session/5d4f89c809828bc74d2aa9c512c29ea4/actions - {"actions":[{"id":"action32","type":"key","parameters":{},"actions":[{"type":"keyDown","value":"î€‡"},{"type":"pause","duration":10},{"type":"keyUp","value":"î€‡"}]}]}
RESULT: {"actions":[{"id":"action32","type":"key","parameters":{},"actions":[{"type":"keyDown","value":"î€‡"},{"type":"pause","duration":10},{"type":"keyUp","value":"î€‡"}]}]}
COMMAND: GET /session/5d4f89c809828bc74d2aa9c512c29ea4/screenshot - {}
RESULT: {}
COMMAND: POST /session/5d4f89c809828bc74d2aa9c512c29ea4/refresh - {}
RESULT: {}
COMMAND: GET /session/5d4f89c809828bc74d2aa9c512c29ea4/screenshot - {}
RESULT: {}
COMMAND: POST /session/5d4f89c809828bc74d2aa9c512c29ea4/execute/async - {"script":"<script> [189 bytes]","args":[]}
RESULT: {"script":"<script> [189 bytes]","args":[]}
COMMAND: POST /session/5d4f89c809828bc74d2aa9c512c29ea4/execute/async - {"script":"<script> [123 bytes]","args":[]}
RESULT: {"script":"<script> [123 bytes]","args":[]}
COMMAND: POST /session/5d4f89c809828bc74d2aa9c512c29ea4/timeouts - {"script":"<number>"}
RESULT: {"script":"<number>"}
COMMAND: GET /session/5d4f89c809828bc74d2aa9c512c29ea4/timeouts - {}
RESULT: {}
RESULT: undefined
COMMAND: POST /session/5d4f89c809828bc74d2aa9c512c29ea4/execute/async - {"script":"<script> [2676 bytes]","args":[]}
RESULT: {"script":"<script> [2676 bytes]","args":[]}
COMMAND: POST /session/5d4f89c809828bc74d2aa9c512c29ea4/execute/async - {"script":"<script> [2342 bytes]","args":[{"protocol":"http","hostname":"0.0.0.0","path":"/","capabilities":{"browserName":"chrome","goog:chromeOptions":{"binary":"C:\\Program Files\\Google\\Chrome\\Application\\chrome.exe","args":["--start-maximized"]}},"logLevel":"warn","connectionRetryTimeout":120000,"connectionRetryCount":3,"logLevels":{},"enableDirectConnect":true,"strictSSL":true,"_":"65 more keys: [\"cacheDir\",\"port\",\"requestedCapabilities\",\"automationProtocol\",\"baseUrl\",\"waitforInterval\",\"waitforTimeout\",\"onReload\",\"beforeCommand\",\"afterCommand\",\"rootDir\",\"specs\",\"suites\",\"exclude\",\"groupLogsByTestSpec\",\"excludeDriverLogs\",\"bail\",\"framework\",\"reporters\",\"services\",\"maxInstances\",\"maxInstancesPerCapability\",\"injectGlobals\",\"filesToWatch\",\"execArgv\",\"runnerEnv\",\"runner\",\"shard\",\"specFileRetries\",\"specFileRetriesDelay\",\"specFileRetriesDeferred\",\"reporterSyncInterval\",\"reporterSyncTimeout\",\"cucumberFeaturesWithLineNumbers\",\"autoCompileOpts\",\"mochaOpts\",\"jasmineOpts\",\"cucumberOpts\",\"onPrepare\",\"onWorkerStart\",\"onWorkerEnd\",\"before\",\"beforeSession\",\"beforeSuite\",\"beforeHook\",\"beforeTest\",\"afterTest\",\"afterHook\",\"afterSuite\",\"afterSession\",\"after\",\"onComplete\",\"beforeAssertion\",\"afterAssertion\",\"beforeFeature\",\"beforeScenario\",\"beforeStep\",\"afterStep\",\"afterScenario\",\"afterFeature\",\"_\",\"suite\",\"$0\",\"ignoredWorkerServices\",\"wdi5\"]"}]}
RESULT: {"script":"<script> [2342 bytes]","args":[{"protocol":"http","hostname":"0.0.0.0","path":"/","capabilities":{"browserName":"chrome","goog:chromeOptions":{"binary":"C:\\Program Files\\Google\\Chrome\\Application\\chrome.exe","args":["--start-maximized"]}},"logLevel":"warn","connectionRetryTimeout":120000,"connectionRetryCount":3,"logLevels":{},"enableDirectConnect":true,"strictSSL":true,"_":"65 more keys: [\"cacheDir\",\"port\",\"requestedCapabilities\",\"automationProtocol\",\"baseUrl\",\"waitforInterval\",\"waitforTimeout\",\"onReload\",\"beforeCommand\",\"afterCommand\",\"rootDir\",\"specs\",\"suites\",\"exclude\",\"groupLogsByTestSpec\",\"excludeDriverLogs\",\"bail\",\"framework\",\"reporters\",\"services\",\"maxInstances\",\"maxInstancesPerCapability\",\"injectGlobals\",\"filesToWatch\",\"execArgv\",\"runnerEnv\",\"runner\",\"shard\",\"specFileRetries\",\"specFileRetriesDelay\",\"specFileRetriesDeferred\",\"reporterSyncInterval\",\"reporterSyncTimeout\",\"cucumberFeaturesWithLineNumbers\",\"autoCompileOpts\",\"mochaOpts\",\"jasmineOpts\",\"cucumberOpts\",\"onPrepare\",\"onWorkerStart\",\"onWorkerEnd\",\"before\",\"beforeSession\",\"beforeSuite\",\"beforeHook\",\"beforeTest\",\"afterTest\",\"afterHook\",\"afterSuite\",\"afterSession\",\"after\",\"onComplete\",\"beforeAssertion\",\"afterAssertion\",\"beforeFeature\",\"beforeScenario\",\"beforeStep\",\"afterStep\",\"afterScenario\",\"afterFeature\",\"_\",\"suite\",\"$0\",\"ignoredWorkerServices\",\"wdi5\"]"}]}
COMMAND: POST /session/5d4f89c809828bc74d2aa9c512c29ea4/execute/async - {"script":"<script> [21126 bytes]","args":[35000]}
RESULT: {"script":"<script> [21126 bytes]","args":[35000]}
COMMAND: POST /session/5d4f89c809828bc74d2aa9c512c29ea4/execute/async - {"script":"<script> [1562 bytes]","args":[{"selector":{"controlType":"sap.m.Title","viewName":"etm.portal.ui.managecontracts.view.Detail","properties":{"text":"Contract Items (1)"}},"wdio_ui5_key":"etmportal.ui.managecontracts.view.Detailsap.m.Title{\"text\":\"Contract Items (1)\"}"}]}
RESULT: {"script":"<script> [1562 bytes]","args":[{"selector":{"controlType":"sap.m.Title","viewName":"etm.portal.ui.managecontracts.view.Detail","properties":{"text":"Contract Items (1)"}},"wdio_ui5_key":"etmportal.ui.managecontracts.view.Detailsap.m.Title{\"text\":\"Contract Items (1)\"}"}]}
RESULT: undefined
COMMAND: POST /session/5d4f89c809828bc74d2aa9c512c29ea4/execute/async - {"script":"<script> [6424 bytes]","args":[{"element-6066-11e4-a52e-4f735466cecf":"f.531E98D0DADB2C7D9F82DA313210FC25.d.34957387440A0ADD709AAB3DF80A553E.e.6495"},"getText",[]]}
RESULT: {"script":"<script> [6424 bytes]","args":[{"element-6066-11e4-a52e-4f735466cecf":"f.531E98D0DADB2C7D9F82DA313210FC25.d.34957387440A0ADD709AAB3DF80A553E.e.6495"},"getText",[]]}
COMMAND: POST /session/5d4f89c809828bc74d2aa9c512c29ea4/execute/async - {"script":"<script> [1562 bytes]","args":[{"selector":{"id":"contractDetailEditBtn","viewName":"etm.portal.ui.managecontracts.view.Detail","interaction":{"idSuffix":"inner"}},"wdio_ui5_key":"contractDetailEditBtnetmportal.ui.managecontracts.view.Detail"}]}
RESULT: {"script":"<script> [1562 bytes]","args":[{"selector":{"id":"contractDetailEditBtn","viewName":"etm.portal.ui.managecontracts.view.Detail","interaction":{"idSuffix":"inner"}},"wdio_ui5_key":"contractDetailEditBtnetmportal.ui.managecontracts.view.Detail"}]}
RESULT: undefined
COMMAND: POST /session/5d4f89c809828bc74d2aa9c512c29ea4/element - {"using":"xpath","value":"//*[@id=\"__xmlview1--contractDetailEditBtn\"]"}
RESULT: {"using":"xpath","value":"//*[@id=\"__xmlview1--contractDetailEditBtn\"]"}
COMMAND: POST /session/5d4f89c809828bc74d2aa9c512c29ea4/element/f.531E98D0DADB2C7D9F82DA313210FC25.d.34957387440A0ADD709AAB3DF80A553E.e.6497/click - {}
RESULT: {}
COMMAND: GET /session/5d4f89c809828bc74d2aa9c512c29ea4/screenshot - {}
RESULT: {}
COMMAND: POST /session/5d4f89c809828bc74d2aa9c512c29ea4/element - {"using":"xpath","value":"(//span[contains(text(), \"Header Billing Items\")])[2]"}
RESULT: {"using":"xpath","value":"(//span[contains(text(), \"Header Billing Items\")])[2]"}
COMMAND: POST /session/5d4f89c809828bc74d2aa9c512c29ea4/element/f.531E98D0DADB2C7D9F82DA313210FC25.d.34957387440A0ADD709AAB3DF80A553E.e.6553/click - {}
RESULT: {}
COMMAND: GET /session/5d4f89c809828bc74d2aa9c512c29ea4/screenshot - {}
RESULT: {}
COMMAND: POST /session/5d4f89c809828bc74d2aa9c512c29ea4/element - {"using":"xpath","value":"//div[contains(@id ,\"ProductsTable-sa-CbBg\")]"}
RESULT: {"using":"xpath","value":"//div[contains(@id ,\"ProductsTable-sa-CbBg\")]"}
COMMAND: POST /session/5d4f89c809828bc74d2aa9c512c29ea4/element/f.531E98D0DADB2C7D9F82DA313210FC25.d.34957387440A0ADD709AAB3DF80A553E.e.6566/click - {}
RESULT: {}
COMMAND: GET /session/5d4f89c809828bc74d2aa9c512c29ea4/screenshot - {}
RESULT: {}
COMMAND: POST /session/5d4f89c809828bc74d2aa9c512c29ea4/execute/async - {"script":"<script> [1562 bytes]","args":[{"selector":{"id":"deleteBtn","viewName":"etm.portal.ui.managecontracts.view.EditContract","interaction":{"idSuffix":"BDI-content"}},"wdio_ui5_key":"deleteBtnetmportal.ui.managecontracts.view.EditContract"}]}
RESULT: {"script":"<script> [1562 bytes]","args":[{"selector":{"id":"deleteBtn","viewName":"etm.portal.ui.managecontracts.view.EditContract","interaction":{"idSuffix":"BDI-content"}},"wdio_ui5_key":"deleteBtnetmportal.ui.managecontracts.view.EditContract"}]}
RESULT: undefined
COMMAND: POST /session/5d4f89c809828bc74d2aa9c512c29ea4/element - {"using":"xpath","value":"//*[@id=\"__xmlview2--deleteBtn\"]"}
RESULT: {"using":"xpath","value":"//*[@id=\"__xmlview2--deleteBtn\"]"}
COMMAND: POST /session/5d4f89c809828bc74d2aa9c512c29ea4/element/f.531E98D0DADB2C7D9F82DA313210FC25.d.34957387440A0ADD709AAB3DF80A553E.e.6568/click - {}
RESULT: {}
COMMAND: POST /session/5d4f89c809828bc74d2aa9c512c29ea4/element - {"using":"xpath","value":"//bdi[contains(@id ,\"BDI-content\")][contains(text(), \"OK\")]"}
COMMAND: GET /session/5d4f89c809828bc74d2aa9c512c29ea4/screenshot - {}
RESULT: {"using":"xpath","value":"//bdi[contains(@id ,\"BDI-content\")][contains(text(), \"OK\")]"}
COMMAND: POST /session/5d4f89c809828bc74d2aa9c512c29ea4/element/f.531E98D0DADB2C7D9F82DA313210FC25.d.34957387440A0ADD709AAB3DF80A553E.e.6571/click - {}
RESULT: {}
RESULT: {}
COMMAND: GET /session/5d4f89c809828bc74d2aa9c512c29ea4/screenshot - {}
RESULT: {}
COMMAND: POST /session/5d4f89c809828bc74d2aa9c512c29ea4/element - {"using":"xpath","value":"//bdi[contains(@id ,\"BDI-content\")][contains(text(), \"Save\")]"}
RESULT: {"using":"xpath","value":"//bdi[contains(@id ,\"BDI-content\")][contains(text(), \"Save\")]"}
COMMAND: POST /session/5d4f89c809828bc74d2aa9c512c29ea4/element/f.531E98D0DADB2C7D9F82DA313210FC25.d.34957387440A0ADD709AAB3DF80A553E.e.6572/click - {}
RESULT: {}
COMMAND: GET /session/5d4f89c809828bc74d2aa9c512c29ea4/screenshot - {}
RESULT: {}
COMMAND: POST /session/5d4f89c809828bc74d2aa9c512c29ea4/element - {"using":"xpath","value":"(//span[contains(text(), \"Header Billing Items\")])[1]"}
RESULT: {"using":"xpath","value":"(//span[contains(text(), \"Header Billing Items\")])[1]"}
COMMAND: POST /session/5d4f89c809828bc74d2aa9c512c29ea4/element/f.531E98D0DADB2C7D9F82DA313210FC25.d.34957387440A0ADD709AAB3DF80A553E.e.6575/click - {}
RESULT: {}
COMMAND: GET /session/5d4f89c809828bc74d2aa9c512c29ea4/screenshot - {}
RESULT: {}
COMMAND: POST /session/5d4f89c809828bc74d2aa9c512c29ea4/execute/async - {"script":"<script> [1562 bytes]","args":[{"selector":{"controlType":"sap.m.ObjectStatus","viewName":"etm.portal.ui.managecontracts.view.Detail","bindingPath":{"path":"/SmartContractItems(CONTRACT='10550',ITEM=10m,SUB_ITEM=0m)","propertyPath":"STATUS"}},"wdio_ui5_key":"etmportal.ui.managecontracts.view.Detailsap.m.ObjectStatus{\"path\":\"/SmartContractItems(CONTRACT='10550',ITEM=10m,SUB_ITEM=0m)\",\"propertyPath\":\"STATUS\"}"}]}
RESULT: {"script":"<script> [1562 bytes]","args":[{"selector":{"controlType":"sap.m.ObjectStatus","viewName":"etm.portal.ui.managecontracts.view.Detail","bindingPath":{"path":"/SmartContractItems(CONTRACT='10550',ITEM=10m,SUB_ITEM=0m)","propertyPath":"STATUS"}},"wdio_ui5_key":"etmportal.ui.managecontracts.view.Detailsap.m.ObjectStatus{\"path\":\"/SmartContractItems(CONTRACT='10550',ITEM=10m,SUB_ITEM=0m)\",\"propertyPath\":\"STATUS\"}"}]}
RESULT: undefined
COMMAND: POST /session/5d4f89c809828bc74d2aa9c512c29ea4/execute/async - {"script":"<script> [6424 bytes]","args":[{"element-6066-11e4-a52e-4f735466cecf":"f.531E98D0DADB2C7D9F82DA313210FC25.d.34957387440A0ADD709AAB3DF80A553E.e.6579"},"getText",[]]}
RESULT: {"script":"<script> [6424 bytes]","args":[{"element-6066-11e4-a52e-4f735466cecf":"f.531E98D0DADB2C7D9F82DA313210FC25.d.34957387440A0ADD709AAB3DF80A553E.e.6579"},"getText",[]]}
COMMAND: POST /session/5d4f89c809828bc74d2aa9c512c29ea4/element - {"using":"css selector","value":"#shell-header-logo"}
RESULT: {"using":"css selector","value":"#shell-header-logo"}
COMMAND: POST /session/5d4f89c809828bc74d2aa9c512c29ea4/element/f.531E98D0DADB2C7D9F82DA313210FC25.d.34957387440A0ADD709AAB3DF80A553E.e.6270/click - {}
RESULT: {}
COMMAND: GET /session/5d4f89c809828bc74d2aa9c512c29ea4/screenshot - {}
RESULT: {}
COMMAND: POST /session/5d4f89c809828bc74d2aa9c512c29ea4/execute/async - {"script":"<script> [1562 bytes]","args":[{"selector":{"controlType":"sap.m.GenericTile","properties":{"header":"Manage Requests"}},"wdio_ui5_key":"sapm.GenericTile{\"header\":\"Manage Requests\"}"}]}
RESULT: {"script":"<script> [1562 bytes]","args":[{"selector":{"controlType":"sap.m.GenericTile","properties":{"header":"Manage Requests"}},"wdio_ui5_key":"sapm.GenericTile{\"header\":\"Manage Requests\"}"}]}
RESULT: undefined
COMMAND: POST /session/5d4f89c809828bc74d2aa9c512c29ea4/element - {"using":"xpath","value":"//*[@id=\"__tile47\"]"}
RESULT: {"using":"xpath","value":"//*[@id=\"__tile47\"]"}
COMMAND: POST /session/5d4f89c809828bc74d2aa9c512c29ea4/element/f.531E98D0DADB2C7D9F82DA313210FC25.d.34957387440A0ADD709AAB3DF80A553E.e.6596/click - {}
RESULT: {}
COMMAND: GET /session/5d4f89c809828bc74d2aa9c512c29ea4/screenshot - {}
RESULT: {}
COMMAND: POST /session/5d4f89c809828bc74d2aa9c512c29ea4/execute/async - {"script":"<script> [1562 bytes]","args":[{"selector":{"controlType":"sap.m.SearchField","viewName":"etm.portal.ui.managerequests.view.Master","bindingPath":{"path":"","propertyPath":"/_BASIC_SEARCH_FIELD","modelName":"fi1t3rM0d31"},"interaction":{"idSuffix":"I"}},"wdio_ui5_key":"etmportal.ui.managerequests.view.Mastersap.m.SearchField{\"path\":\"\",\"propertyPath\":\"/_BASIC_SEARCH_FIELD\",\"modelName\":\"fi1t3rM0d31\"}"}]}
RESULT: {"script":"<script> [1562 bytes]","args":[{"selector":{"controlType":"sap.m.SearchField","viewName":"etm.portal.ui.managerequests.view.Master","bindingPath":{"path":"","propertyPath":"/_BASIC_SEARCH_FIELD","modelName":"fi1t3rM0d31"},"interaction":{"idSuffix":"I"}},"wdio_ui5_key":"etmportal.ui.managerequests.view.Mastersap.m.SearchField{\"path\":\"\",\"propertyPath\":\"/_BASIC_SEARCH_FIELD\",\"modelName\":\"fi1t3rM0d31\"}"}]}
RESULT: undefined
COMMAND: POST /session/5d4f89c809828bc74d2aa9c512c29ea4/execute/async - {"script":"<script> [776 bytes]","args":[{"enterText":"20369","selector":{"controlType":"sap.m.SearchField","viewName":"etm.portal.ui.managerequests.view.Master","bindingPath":{"path":"","propertyPath":"/_BASIC_SEARCH_FIELD","modelName":"fi1t3rM0d31"},"interaction":{"idSuffix":"I"}},"clearTextFirst":true,"interactionType":"ENTER_TEXT"}]}
RESULT: {"script":"<script> [776 bytes]","args":[{"enterText":"20369","selector":{"controlType":"sap.m.SearchField","viewName":"etm.portal.ui.managerequests.view.Master","bindingPath":{"path":"","propertyPath":"/_BASIC_SEARCH_FIELD","modelName":"fi1t3rM0d31"},"interaction":{"idSuffix":"I"}},"clearTextFirst":true,"interactionType":"ENTER_TEXT"}]}
COMMAND: POST /session/5d4f89c809828bc74d2aa9c512c29ea4/actions - {"actions":[{"id":"action33","type":"key","parameters":{},"actions":[{"type":"keyDown","value":"î€‡"},{"type":"pause","duration":10},{"type":"keyUp","value":"î€‡"}]}]}
RESULT: {"actions":[{"id":"action33","type":"key","parameters":{},"actions":[{"type":"keyDown","value":"î€‡"},{"type":"pause","duration":10},{"type":"keyUp","value":"î€‡"}]}]}
COMMAND: GET /session/5d4f89c809828bc74d2aa9c512c29ea4/screenshot - {}
RESULT: {}
COMMAND: POST /session/5d4f89c809828bc74d2aa9c512c29ea4/execute/async - {"script":"<script> [1562 bytes]","args":[{"selector":{"controlType":"sap.m.Text","viewName":"etm.portal.ui.managerequests.view.Master","bindingPath":{"path":"/SmartManageRequests('20369')","propertyPath":"NO"}},"wdio_ui5_key":"etmportal.ui.managerequests.view.Mastersap.m.Text{\"path\":\"/SmartManageRequests('20369')\",\"propertyPath\":\"NO\"}"}]}
RESULT: {"script":"<script> [1562 bytes]","args":[{"selector":{"controlType":"sap.m.Text","viewName":"etm.portal.ui.managerequests.view.Master","bindingPath":{"path":"/SmartManageRequests('20369')","propertyPath":"NO"}},"wdio_ui5_key":"etmportal.ui.managerequests.view.Mastersap.m.Text{\"path\":\"/SmartManageRequests('20369')\",\"propertyPath\":\"NO\"}"}]}
RESULT: undefined
COMMAND: POST /session/5d4f89c809828bc74d2aa9c512c29ea4/element - {"using":"xpath","value":"//*[@id=\"__text463-__clone172\"]"}
RESULT: {"using":"xpath","value":"//*[@id=\"__text463-__clone172\"]"}
COMMAND: POST /session/5d4f89c809828bc74d2aa9c512c29ea4/element/f.531E98D0DADB2C7D9F82DA313210FC25.d.34957387440A0ADD709AAB3DF80A553E.e.6712/click - {}
RESULT: {}
COMMAND: GET /session/5d4f89c809828bc74d2aa9c512c29ea4/screenshot - {}
RESULT: {}
COMMAND: POST /session/5d4f89c809828bc74d2aa9c512c29ea4/execute/async - {"script":"<script> [1562 bytes]","args":[{"selector":{"controlType":"sap.ui.core.Icon","viewName":"etm.portal.ui.managerequests.view.Detail","properties":{"src":{"regex":{"source":"slim\\-arrow\\-up"}}}},"wdio_ui5_key":"etmportal.ui.managerequests.view.Detailsap.ui.core.Icon{\"src\":{\"regex\":{\"source\":\"slim\\\\-arrow\\\\-up\"}}}"}]}
RESULT: {"script":"<script> [1562 bytes]","args":[{"selector":{"controlType":"sap.ui.core.Icon","viewName":"etm.portal.ui.managerequests.view.Detail","properties":{"src":{"regex":{"source":"slim\\-arrow\\-up"}}}},"wdio_ui5_key":"etmportal.ui.managerequests.view.Detailsap.ui.core.Icon{\"src\":{\"regex\":{\"source\":\"slim\\\\-arrow\\\\-up\"}}}"}]}
RESULT: undefined
COMMAND: POST /session/5d4f89c809828bc74d2aa9c512c29ea4/element - {"using":"xpath","value":"//*[@id=\"__xmlview62--detailRequestPage-OPHeaderContent-collapseBtn-img\"]"}
RESULT: {"using":"xpath","value":"//*[@id=\"__xmlview62--detailRequestPage-OPHeaderContent-collapseBtn-img\"]"}
COMMAND: POST /session/5d4f89c809828bc74d2aa9c512c29ea4/element/f.531E98D0DADB2C7D9F82DA313210FC25.d.34957387440A0ADD709AAB3DF80A553E.e.6834/click - {}
RESULT: {}
COMMAND: GET /session/5d4f89c809828bc74d2aa9c512c29ea4/screenshot - {}
RESULT: {}
COMMAND: POST /session/5d4f89c809828bc74d2aa9c512c29ea4/execute/async - {"script":"<script> [1562 bytes]","args":[{"selector":{"controlType":"sap.m.Text","viewName":"etm.portal.ui.managerequests.view.Detail","bindingPath":{"path":"/SmartRequestItemsPlanningBoard(ITEM=20m,REQUEST='20369')","propertyPath":"STATUS_DESC"}},"wdio_ui5_key":"etmportal.ui.managerequests.view.Detailsap.m.Text{\"path\":\"/SmartRequestItemsPlanningBoard(ITEM=20m,REQUEST='20369')\",\"propertyPath\":\"STATUS_DESC\"}"}]}
RESULT: {"script":"<script> [1562 bytes]","args":[{"selector":{"controlType":"sap.m.Text","viewName":"etm.portal.ui.managerequests.view.Detail","bindingPath":{"path":"/SmartRequestItemsPlanningBoard(ITEM=20m,REQUEST='20369')","propertyPath":"STATUS_DESC"}},"wdio_ui5_key":"etmportal.ui.managerequests.view.Detailsap.m.Text{\"path\":\"/SmartRequestItemsPlanningBoard(ITEM=20m,REQUEST='20369')\",\"propertyPath\":\"STATUS_DESC\"}"}]}
RESULT: undefined
COMMAND: POST /session/5d4f89c809828bc74d2aa9c512c29ea4/execute/async - {"script":"<script> [6424 bytes]","args":[{"element-6066-11e4-a52e-4f735466cecf":"f.531E98D0DADB2C7D9F82DA313210FC25.d.34957387440A0ADD709AAB3DF80A553E.e.6907"},"getText",[]]}
RESULT: {"script":"<script> [6424 bytes]","args":[{"element-6066-11e4-a52e-4f735466cecf":"f.531E98D0DADB2C7D9F82DA313210FC25.d.34957387440A0ADD709AAB3DF80A553E.e.6907"},"getText",[]]}
COMMAND: POST /session/5d4f89c809828bc74d2aa9c512c29ea4/element - {"using":"css selector","value":"#shell-header-logo"}
RESULT: {"using":"css selector","value":"#shell-header-logo"}
COMMAND: POST /session/5d4f89c809828bc74d2aa9c512c29ea4/element/f.531E98D0DADB2C7D9F82DA313210FC25.d.34957387440A0ADD709AAB3DF80A553E.e.6600/click - {}
RESULT: {}
COMMAND: GET /session/5d4f89c809828bc74d2aa9c512c29ea4/screenshot - {}
RESULT: {}
]]></system-out>
    </testcase>
  </testsuite>
  <testsuite timestamp="2025-05-05T18:09:31" time="305.068" tests="4" failures="0" errors="0" skipped="0">
    <properties>
      <property name="specId" value="0" />
      <property name="suiteName" value="Standard contract close-reopen US111278" />
      <property name="capabilities" value="chrome.135_0_7049_96.windows" />
      <property name="file" value="file:///D:/a/1/s/test/specs/R2C/standard-contract-close-reopen.spec.js" />
    </properties>
    <testcase classname="chrome.135_0_7049_96.windows.Standard_contract_close-reopen_US111278" name="Should create a new contract and add an item" time="169.642">
      <system-out><![CDATA[
COMMAND: POST /session/5d4f89c809828bc74d2aa9c512c29ea4/execute/async - {"script":"<script> [1562 bytes]","args":[{"selector":{"controlType":"sap.m.Text","viewName":"etm.portal.ui.managecontractstile.view.Master","properties":{"text":"Manage Contracts"},"interaction":{"idSuffix":"inner"}},"wdio_ui5_key":"etmportal.ui.managecontractstile.view.Mastersap.m.Text{\"text\":\"Manage Contracts\"}"}]}
RESULT: {"script":"<script> [1562 bytes]","args":[{"selector":{"controlType":"sap.m.Text","viewName":"etm.portal.ui.managecontractstile.view.Master","properties":{"text":"Manage Contracts"},"interaction":{"idSuffix":"inner"}},"wdio_ui5_key":"etmportal.ui.managecontractstile.view.Mastersap.m.Text{\"text\":\"Manage Contracts\"}"}]}
RESULT: undefined
COMMAND: POST /session/5d4f89c809828bc74d2aa9c512c29ea4/element - {"using":"xpath","value":"//*[@id=\"__tile130-title\"]"}
RESULT: {"using":"xpath","value":"//*[@id=\"__tile130-title\"]"}
COMMAND: POST /session/5d4f89c809828bc74d2aa9c512c29ea4/element/f.531E98D0DADB2C7D9F82DA313210FC25.d.34957387440A0ADD709AAB3DF80A553E.e.6911/click - {}
RESULT: {}
COMMAND: GET /session/5d4f89c809828bc74d2aa9c512c29ea4/screenshot - {}
RESULT: {}
COMMAND: POST /session/5d4f89c809828bc74d2aa9c512c29ea4/element - {"using":"xpath","value":"//button[@data-kt=\"addButton\"]"}
RESULT: {"using":"xpath","value":"//button[@data-kt=\"addButton\"]"}
COMMAND: POST /session/5d4f89c809828bc74d2aa9c512c29ea4/element/f.531E98D0DADB2C7D9F82DA313210FC25.d.34957387440A0ADD709AAB3DF80A553E.e.7263/click - {}
RESULT: {}
COMMAND: GET /session/5d4f89c809828bc74d2aa9c512c29ea4/screenshot - {}
COMMAND: POST /session/5d4f89c809828bc74d2aa9c512c29ea4/execute/async - {"script":"<script> [1562 bytes]","args":[{"selector":{"id":"application-managecontracts-display-component---AddNewContract--projectDescription","interaction":{"idSuffix":"inner"}},"wdio_ui5_key":"applicationmanagecontracts-display-component---AddNewContract--projectDescription"}]}
RESULT: {}
RESULT: {"script":"<script> [1562 bytes]","args":[{"selector":{"id":"application-managecontracts-display-component---AddNewContract--projectDescription","interaction":{"idSuffix":"inner"}},"wdio_ui5_key":"applicationmanagecontracts-display-component---AddNewContract--projectDescription"}]}
RESULT: undefined
COMMAND: POST /session/5d4f89c809828bc74d2aa9c512c29ea4/execute/async - {"script":"<script> [776 bytes]","args":[{"enterText":"WdIOR2czixon","selector":{"id":"application-managecontracts-display-component---AddNewContract--projectDescription","interaction":{"idSuffix":"inner"}},"clearTextFirst":true,"interactionType":"ENTER_TEXT"}]}
RESULT: {"script":"<script> [776 bytes]","args":[{"enterText":"WdIOR2czixon","selector":{"id":"application-managecontracts-display-component---AddNewContract--projectDescription","interaction":{"idSuffix":"inner"}},"clearTextFirst":true,"interactionType":"ENTER_TEXT"}]}
COMMAND: POST /session/5d4f89c809828bc74d2aa9c512c29ea4/element - {"using":"xpath","value":"//input[@id=\"application-managecontracts-display-component---AddNewContract--yardId-inner\"]"}
RESULT: {"using":"xpath","value":"//input[@id=\"application-managecontracts-display-component---AddNewContract--yardId-inner\"]"}
COMMAND: POST /session/5d4f89c809828bc74d2aa9c512c29ea4/element/f.531E98D0DADB2C7D9F82DA313210FC25.d.34957387440A0ADD709AAB3DF80A553E.e.7352/clear - {}
RESULT: {}
COMMAND: POST /session/5d4f89c809828bc74d2aa9c512c29ea4/element/f.531E98D0DADB2C7D9F82DA313210FC25.d.34957387440A0ADD709AAB3DF80A553E.e.7352/value - {"text":"WebdriverYardioj0m"}
COMMAND: GET /session/5d4f89c809828bc74d2aa9c512c29ea4/screenshot - {}
RESULT: {"text":"WebdriverYardioj0m"}
COMMAND: GET /session/5d4f89c809828bc74d2aa9c512c29ea4/screenshot - {}
RESULT: {}
RESULT: {}
COMMAND: POST /session/5d4f89c809828bc74d2aa9c512c29ea4/actions - {"actions":[{"id":"action34","type":"key","parameters":{},"actions":[{"type":"keyDown","value":"î€‡"},{"type":"pause","duration":10},{"type":"keyUp","value":"î€‡"}]}]}
RESULT: {"actions":[{"id":"action34","type":"key","parameters":{},"actions":[{"type":"keyDown","value":"î€‡"},{"type":"pause","duration":10},{"type":"keyUp","value":"î€‡"}]}]}
COMMAND: GET /session/5d4f89c809828bc74d2aa9c512c29ea4/screenshot - {}
RESULT: {}
COMMAND: POST /session/5d4f89c809828bc74d2aa9c512c29ea4/element - {"using":"xpath","value":"//input[@id=\"application-managecontracts-display-component---AddNewContract--customerSelect-inner\"]"}
RESULT: {"using":"xpath","value":"//input[@id=\"application-managecontracts-display-component---AddNewContract--customerSelect-inner\"]"}
COMMAND: POST /session/5d4f89c809828bc74d2aa9c512c29ea4/element/f.531E98D0DADB2C7D9F82DA313210FC25.d.34957387440A0ADD709AAB3DF80A553E.e.7350/clear - {}
RESULT: {}
COMMAND: POST /session/5d4f89c809828bc74d2aa9c512c29ea4/element/f.531E98D0DADB2C7D9F82DA313210FC25.d.34957387440A0ADD709AAB3DF80A553E.e.7350/value - {"text":"WebdriverPartner4evzu"}
COMMAND: GET /session/5d4f89c809828bc74d2aa9c512c29ea4/screenshot - {}
RESULT: {"text":"WebdriverPartner4evzu"}
COMMAND: GET /session/5d4f89c809828bc74d2aa9c512c29ea4/screenshot - {}
RESULT: {}
RESULT: {}
COMMAND: POST /session/5d4f89c809828bc74d2aa9c512c29ea4/actions - {"actions":[{"id":"action35","type":"key","parameters":{},"actions":[{"type":"keyDown","value":"î€‡"},{"type":"pause","duration":10},{"type":"keyUp","value":"î€‡"}]}]}
RESULT: {"actions":[{"id":"action35","type":"key","parameters":{},"actions":[{"type":"keyDown","value":"î€‡"},{"type":"pause","duration":10},{"type":"keyUp","value":"î€‡"}]}]}
COMMAND: GET /session/5d4f89c809828bc74d2aa9c512c29ea4/screenshot - {}
RESULT: {}
COMMAND: POST /session/5d4f89c809828bc74d2aa9c512c29ea4/element - {"using":"xpath","value":"//input[@id=\"application-managecontracts-display-component---AddNewContract--site-inner\"]"}
RESULT: {"using":"xpath","value":"//input[@id=\"application-managecontracts-display-component---AddNewContract--site-inner\"]"}
COMMAND: POST /session/5d4f89c809828bc74d2aa9c512c29ea4/element/f.531E98D0DADB2C7D9F82DA313210FC25.d.34957387440A0ADD709AAB3DF80A553E.e.7351/clear - {}
RESULT: {}
COMMAND: POST /session/5d4f89c809828bc74d2aa9c512c29ea4/element/f.531E98D0DADB2C7D9F82DA313210FC25.d.34957387440A0ADD709AAB3DF80A553E.e.7351/value - {"text":"WebdriverSiteu6xqu"}
COMMAND: GET /session/5d4f89c809828bc74d2aa9c512c29ea4/screenshot - {}
RESULT: {"text":"WebdriverSiteu6xqu"}
COMMAND: GET /session/5d4f89c809828bc74d2aa9c512c29ea4/screenshot - {}
RESULT: {}
RESULT: {}
COMMAND: POST /session/5d4f89c809828bc74d2aa9c512c29ea4/actions - {"actions":[{"id":"action36","type":"key","parameters":{},"actions":[{"type":"keyDown","value":"î€‡"},{"type":"pause","duration":10},{"type":"keyUp","value":"î€‡"}]}]}
RESULT: {"actions":[{"id":"action36","type":"key","parameters":{},"actions":[{"type":"keyDown","value":"î€‡"},{"type":"pause","duration":10},{"type":"keyUp","value":"î€‡"}]}]}
COMMAND: GET /session/5d4f89c809828bc74d2aa9c512c29ea4/screenshot - {}
COMMAND: POST /session/5d4f89c809828bc74d2aa9c512c29ea4/element - {"using":"xpath","value":"//button[@data-kt=\"saveButton\"]"}
RESULT: {}
RESULT: {"using":"xpath","value":"//button[@data-kt=\"saveButton\"]"}
COMMAND: POST /session/5d4f89c809828bc74d2aa9c512c29ea4/element/f.531E98D0DADB2C7D9F82DA313210FC25.d.34957387440A0ADD709AAB3DF80A553E.e.7368/click - {}
RESULT: {}
COMMAND: GET /session/5d4f89c809828bc74d2aa9c512c29ea4/screenshot - {}
RESULT: {}
COMMAND: POST /session/5d4f89c809828bc74d2aa9c512c29ea4/execute/async - {"script":"<script> [1562 bytes]","args":[{"selector":{"id":"contractDetailTitleNoExpanded","viewName":"etm.portal.ui.managecontracts.view.Detail"},"wdio_ui5_key":"contractDetailTitleNoExpandedetmportal.ui.managecontracts.view.Detail"}]}
RESULT: {"script":"<script> [1562 bytes]","args":[{"selector":{"id":"contractDetailTitleNoExpanded","viewName":"etm.portal.ui.managecontracts.view.Detail"},"wdio_ui5_key":"contractDetailTitleNoExpandedetmportal.ui.managecontracts.view.Detail"}]}
RESULT: undefined
COMMAND: POST /session/5d4f89c809828bc74d2aa9c512c29ea4/execute/async - {"script":"<script> [6424 bytes]","args":[{"element-6066-11e4-a52e-4f735466cecf":"f.531E98D0DADB2C7D9F82DA313210FC25.d.34957387440A0ADD709AAB3DF80A553E.e.7388"},"getText",[]]}
RESULT: {"script":"<script> [6424 bytes]","args":[{"element-6066-11e4-a52e-4f735466cecf":"f.531E98D0DADB2C7D9F82DA313210FC25.d.34957387440A0ADD709AAB3DF80A553E.e.7388"},"getText",[]]}
COMMAND: POST /session/5d4f89c809828bc74d2aa9c512c29ea4/execute/async - {"script":"<script> [1562 bytes]","args":[{"selector":{"id":"closeContractBtn","viewName":"etm.portal.ui.managecontracts.view.Detail"},"wdio_ui5_key":"closeContractBtnetmportal.ui.managecontracts.view.Detail"}]}
RESULT: {"script":"<script> [1562 bytes]","args":[{"selector":{"id":"closeContractBtn","viewName":"etm.portal.ui.managecontracts.view.Detail"},"wdio_ui5_key":"closeContractBtnetmportal.ui.managecontracts.view.Detail"}]}
RESULT: undefined
COMMAND: POST /session/5d4f89c809828bc74d2aa9c512c29ea4/execute/async - {"script":"<script> [6424 bytes]","args":[{"element-6066-11e4-a52e-4f735466cecf":"f.531E98D0DADB2C7D9F82DA313210FC25.d.34957387440A0ADD709AAB3DF80A553E.e.7389"},"getEnabled",[]]}
RESULT: {"script":"<script> [6424 bytes]","args":[{"element-6066-11e4-a52e-4f735466cecf":"f.531E98D0DADB2C7D9F82DA313210FC25.d.34957387440A0ADD709AAB3DF80A553E.e.7389"},"getEnabled",[]]}
COMMAND: POST /session/5d4f89c809828bc74d2aa9c512c29ea4/element - {"using":"xpath","value":"//button[@data-kt=\"contractDetailEditBtnButton\"]"}
RESULT: {"using":"xpath","value":"//button[@data-kt=\"contractDetailEditBtnButton\"]"}
COMMAND: POST /session/5d4f89c809828bc74d2aa9c512c29ea4/element/f.531E98D0DADB2C7D9F82DA313210FC25.d.34957387440A0ADD709AAB3DF80A553E.e.7390/click - {}
RESULT: {}
COMMAND: GET /session/5d4f89c809828bc74d2aa9c512c29ea4/screenshot - {}
RESULT: {}
COMMAND: POST /session/5d4f89c809828bc74d2aa9c512c29ea4/element - {"using":"xpath","value":"(//span[contains(text(), \"Additional Addresses\")])[2]"}
RESULT: {"using":"xpath","value":"(//span[contains(text(), \"Additional Addresses\")])[2]"}
COMMAND: POST /session/5d4f89c809828bc74d2aa9c512c29ea4/element/f.531E98D0DADB2C7D9F82DA313210FC25.d.34957387440A0ADD709AAB3DF80A553E.e.7446/click - {}
RESULT: {}
COMMAND: GET /session/5d4f89c809828bc74d2aa9c512c29ea4/screenshot - {}
RESULT: {}
COMMAND: POST /session/5d4f89c809828bc74d2aa9c512c29ea4/element - {"using":"xpath","value":"//button[@data-kt=\"btnAddTableRowOverflowToolbarButton\"]"}
RESULT: {"using":"xpath","value":"//button[@data-kt=\"btnAddTableRowOverflowToolbarButton\"]"}
COMMAND: POST /session/5d4f89c809828bc74d2aa9c512c29ea4/element/f.531E98D0DADB2C7D9F82DA313210FC25.d.34957387440A0ADD709AAB3DF80A553E.e.7450/click - {}
RESULT: {}
COMMAND: GET /session/5d4f89c809828bc74d2aa9c512c29ea4/screenshot - {}
RESULT: {}
COMMAND: POST /session/5d4f89c809828bc74d2aa9c512c29ea4/element - {"using":"xpath","value":"//div[(text() = 'Standard Entry' or . = 'Standard Entry')]"}
RESULT: {"using":"xpath","value":"//div[(text() = 'Standard Entry' or . = 'Standard Entry')]"}
COMMAND: POST /session/5d4f89c809828bc74d2aa9c512c29ea4/element/f.531E98D0DADB2C7D9F82DA313210FC25.d.34957387440A0ADD709AAB3DF80A553E.e.7452/click - {}
RESULT: {}
COMMAND: POST /session/5d4f89c809828bc74d2aa9c512c29ea4/element - {"using":"xpath","value":"//td[6]/div/div/input[1]"}
COMMAND: GET /session/5d4f89c809828bc74d2aa9c512c29ea4/screenshot - {}
RESULT: {"using":"xpath","value":"//td[6]/div/div/input[1]"}
COMMAND: POST /session/5d4f89c809828bc74d2aa9c512c29ea4/element/f.531E98D0DADB2C7D9F82DA313210FC25.d.34957387440A0ADD709AAB3DF80A553E.e.7454/click - {}
RESULT: {}
RESULT: {}
COMMAND: POST /session/5d4f89c809828bc74d2aa9c512c29ea4/actions - {"actions":[{"id":"action37","type":"key","parameters":{},"actions":[{"type":"keyDown","value":"î€ƒ"},{"type":"pause","duration":10},{"type":"keyUp","value":"î€ƒ"}]}]}
COMMAND: GET /session/5d4f89c809828bc74d2aa9c512c29ea4/screenshot - {}
RESULT: {}
RESULT: {"actions":[{"id":"action37","type":"key","parameters":{},"actions":[{"type":"keyDown","value":"î€ƒ"},{"type":"pause","duration":10},{"type":"keyUp","value":"î€ƒ"}]}]}
COMMAND: POST /session/5d4f89c809828bc74d2aa9c512c29ea4/element - {"using":"xpath","value":"//td[6]/div/div/input[1]"}
COMMAND: GET /session/5d4f89c809828bc74d2aa9c512c29ea4/screenshot - {}
RESULT: {"using":"xpath","value":"//td[6]/div/div/input[1]"}
COMMAND: POST /session/5d4f89c809828bc74d2aa9c512c29ea4/element/f.531E98D0DADB2C7D9F82DA313210FC25.d.34957387440A0ADD709AAB3DF80A553E.e.7454/clear - {}
RESULT: {}
RESULT: {}
COMMAND: POST /session/5d4f89c809828bc74d2aa9c512c29ea4/element/f.531E98D0DADB2C7D9F82DA313210FC25.d.34957387440A0ADD709AAB3DF80A553E.e.7454/value - {"text":"Material"}
COMMAND: GET /session/5d4f89c809828bc74d2aa9c512c29ea4/screenshot - {}
RESULT: {"text":"Material"}
COMMAND: GET /session/5d4f89c809828bc74d2aa9c512c29ea4/screenshot - {}
RESULT: {}
RESULT: {}
COMMAND: POST /session/5d4f89c809828bc74d2aa9c512c29ea4/actions - {"actions":[{"id":"action38","type":"key","parameters":{},"actions":[{"type":"keyDown","value":"î€‡"},{"type":"pause","duration":10},{"type":"keyUp","value":"î€‡"}]}]}
RESULT: {"actions":[{"id":"action38","type":"key","parameters":{},"actions":[{"type":"keyDown","value":"î€‡"},{"type":"pause","duration":10},{"type":"keyUp","value":"î€‡"}]}]}
COMMAND: GET /session/5d4f89c809828bc74d2aa9c512c29ea4/screenshot - {}
RESULT: {}
COMMAND: POST /session/5d4f89c809828bc74d2aa9c512c29ea4/actions - {"actions":[{"id":"action39","type":"key","parameters":{},"actions":[{"type":"keyDown","value":"î€‡"},{"type":"pause","duration":10},{"type":"keyUp","value":"î€‡"}]}]}
RESULT: {"actions":[{"id":"action39","type":"key","parameters":{},"actions":[{"type":"keyDown","value":"î€‡"},{"type":"pause","duration":10},{"type":"keyUp","value":"î€‡"}]}]}
COMMAND: POST /session/5d4f89c809828bc74d2aa9c512c29ea4/element - {"using":"xpath","value":"//td[7]/div/div/input"}
COMMAND: GET /session/5d4f89c809828bc74d2aa9c512c29ea4/screenshot - {}
RESULT: {"using":"xpath","value":"//td[7]/div/div/input"}
COMMAND: POST /session/5d4f89c809828bc74d2aa9c512c29ea4/element/f.531E98D0DADB2C7D9F82DA313210FC25.d.34957387440A0ADD709AAB3DF80A553E.e.7467/clear - {}
RESULT: {}
RESULT: {}
COMMAND: POST /session/5d4f89c809828bc74d2aa9c512c29ea4/element/f.531E98D0DADB2C7D9F82DA313210FC25.d.34957387440A0ADD709AAB3DF80A553E.e.7467/value - {"text":"WebdriverRUR2Cd0v6eh"}
COMMAND: GET /session/5d4f89c809828bc74d2aa9c512c29ea4/screenshot - {}
RESULT: {"text":"WebdriverRUR2Cd0v6eh"}
COMMAND: GET /session/5d4f89c809828bc74d2aa9c512c29ea4/screenshot - {}
RESULT: {}
RESULT: {}
COMMAND: POST /session/5d4f89c809828bc74d2aa9c512c29ea4/actions - {"actions":[{"id":"action40","type":"key","parameters":{},"actions":[{"type":"keyDown","value":"î€‡"},{"type":"pause","duration":10},{"type":"keyUp","value":"î€‡"}]}]}
RESULT: {"actions":[{"id":"action40","type":"key","parameters":{},"actions":[{"type":"keyDown","value":"î€‡"},{"type":"pause","duration":10},{"type":"keyUp","value":"î€‡"}]}]}
COMMAND: GET /session/5d4f89c809828bc74d2aa9c512c29ea4/screenshot - {}
RESULT: {}
COMMAND: POST /session/5d4f89c809828bc74d2aa9c512c29ea4/actions - {"actions":[{"id":"action41","type":"key","parameters":{},"actions":[{"type":"keyDown","value":"î€‡"},{"type":"pause","duration":10},{"type":"keyUp","value":"î€‡"}]}]}
RESULT: {"actions":[{"id":"action41","type":"key","parameters":{},"actions":[{"type":"keyDown","value":"î€‡"},{"type":"pause","duration":10},{"type":"keyUp","value":"î€‡"}]}]}
COMMAND: GET /session/5d4f89c809828bc74d2aa9c512c29ea4/screenshot - {}
RESULT: {}
COMMAND: POST /session/5d4f89c809828bc74d2aa9c512c29ea4/element - {"using":"xpath","value":"(//button[@data-kt=\"saveButton\"])[2]"}
RESULT: {"using":"xpath","value":"(//button[@data-kt=\"saveButton\"])[2]"}
COMMAND: POST /session/5d4f89c809828bc74d2aa9c512c29ea4/element/f.531E98D0DADB2C7D9F82DA313210FC25.d.34957387440A0ADD709AAB3DF80A553E.e.7493/click - {}
RESULT: {}
COMMAND: GET /session/5d4f89c809828bc74d2aa9c512c29ea4/screenshot - {}
RESULT: {}
]]></system-out>
    </testcase>
    <testcase classname="chrome.135_0_7049_96.windows.Standard_contract_close-reopen_US111278" name="It should close the contract" time="24.631">
      <system-out><![CDATA[
RESULT: undefined
COMMAND: POST /session/5d4f89c809828bc74d2aa9c512c29ea4/element - {"using":"xpath","value":"//*[@id=\"__xmlview64--closeContractBtn\"]"}
RESULT: {"using":"xpath","value":"//*[@id=\"__xmlview64--closeContractBtn\"]"}
COMMAND: POST /session/5d4f89c809828bc74d2aa9c512c29ea4/element/f.531E98D0DADB2C7D9F82DA313210FC25.d.34957387440A0ADD709AAB3DF80A553E.e.7389/click - {}
RESULT: {}
COMMAND: GET /session/5d4f89c809828bc74d2aa9c512c29ea4/screenshot - {}
RESULT: {}
COMMAND: POST /session/5d4f89c809828bc74d2aa9c512c29ea4/element - {"using":"xpath","value":"//span[contains(text(), \"Do you want to close the whole contract?\")]"}
RESULT: {"using":"xpath","value":"//span[contains(text(), \"Do you want to close the whole contract?\")]"}
COMMAND: POST /session/5d4f89c809828bc74d2aa9c512c29ea4/execute/sync - {"script":"<script> [8489 bytes]","args":[{"element-6066-11e4-a52e-4f735466cecf":"f.531E98D0DADB2C7D9F82DA313210FC25.d.34957387440A0ADD709AAB3DF80A553E.e.7497","ELEMENT":"f.531E98D0DADB2C7D9F82DA313210FC25.d.34957387440A0ADD709AAB3DF80A553E.e.7497"}]}
RESULT: {"script":"<script> [8489 bytes]","args":[{"element-6066-11e4-a52e-4f735466cecf":"f.531E98D0DADB2C7D9F82DA313210FC25.d.34957387440A0ADD709AAB3DF80A553E.e.7497","ELEMENT":"f.531E98D0DADB2C7D9F82DA313210FC25.d.34957387440A0ADD709AAB3DF80A553E.e.7497"}]}
COMMAND: POST /session/5d4f89c809828bc74d2aa9c512c29ea4/element - {"using":"xpath","value":"//bdi[contains(text(), \"OK\")]"}
COMMAND: GET /session/5d4f89c809828bc74d2aa9c512c29ea4/screenshot - {}
RESULT: {"using":"xpath","value":"//bdi[contains(text(), \"OK\")]"}
COMMAND: POST /session/5d4f89c809828bc74d2aa9c512c29ea4/element/f.531E98D0DADB2C7D9F82DA313210FC25.d.34957387440A0ADD709AAB3DF80A553E.e.7498/click - {}
RESULT: {}
RESULT: {}
COMMAND: GET /session/5d4f89c809828bc74d2aa9c512c29ea4/screenshot - {}
RESULT: {}
COMMAND: POST /session/5d4f89c809828bc74d2aa9c512c29ea4/element - {"using":"xpath","value":"//input[contains(@id ,\"smartContractFilterBar-btnBasicSearch-I\")]"}
RESULT: {"using":"xpath","value":"//input[contains(@id ,\"smartContractFilterBar-btnBasicSearch-I\")]"}
COMMAND: POST /session/5d4f89c809828bc74d2aa9c512c29ea4/element/f.531E98D0DADB2C7D9F82DA313210FC25.d.34957387440A0ADD709AAB3DF80A553E.e.6915/clear - {}
RESULT: {}
COMMAND: POST /session/5d4f89c809828bc74d2aa9c512c29ea4/element/f.531E98D0DADB2C7D9F82DA313210FC25.d.34957387440A0ADD709AAB3DF80A553E.e.6915/value - {"text":"10551"}
COMMAND: GET /session/5d4f89c809828bc74d2aa9c512c29ea4/screenshot - {}
RESULT: {"text":"10551"}
COMMAND: POST /session/5d4f89c809828bc74d2aa9c512c29ea4/actions - {"actions":[{"id":"action42","type":"key","parameters":{},"actions":[{"type":"keyDown","value":"î€‡"},{"type":"pause","duration":10},{"type":"keyUp","value":"î€‡"}]}]}
COMMAND: GET /session/5d4f89c809828bc74d2aa9c512c29ea4/screenshot - {}
RESULT: {}
RESULT: {"actions":[{"id":"action42","type":"key","parameters":{},"actions":[{"type":"keyDown","value":"î€‡"},{"type":"pause","duration":10},{"type":"keyUp","value":"î€‡"}]}]}
COMMAND: GET /session/5d4f89c809828bc74d2aa9c512c29ea4/screenshot - {}
RESULT: {}
RESULT: {}
COMMAND: POST /session/5d4f89c809828bc74d2aa9c512c29ea4/execute/async - {"script":"<script> [1562 bytes]","args":[{"selector":{"controlType":"sap.ui.core.Icon","viewName":"etm.portal.ui.managecontracts.view.Master","properties":{"src":{"regex":{"source":"slim\\-arrow\\-right"}}}},"wdio_ui5_key":"etmportal.ui.managecontracts.view.Mastersap.ui.core.Icon{\"src\":{\"regex\":{\"source\":\"slim\\\\-arrow\\\\-right\"}}}"}]}
RESULT: {"script":"<script> [1562 bytes]","args":[{"selector":{"controlType":"sap.ui.core.Icon","viewName":"etm.portal.ui.managecontracts.view.Master","properties":{"src":{"regex":{"source":"slim\\-arrow\\-right"}}}},"wdio_ui5_key":"etmportal.ui.managecontracts.view.Mastersap.ui.core.Icon{\"src\":{\"regex\":{\"source\":\"slim\\\\-arrow\\\\-right\"}}}"}]}
RESULT: undefined
COMMAND: POST /session/5d4f89c809828bc74d2aa9c512c29ea4/element - {"using":"xpath","value":"//*[@id=\"__item129-__clone11473-imgNav\"]"}
RESULT: {"using":"xpath","value":"//*[@id=\"__item129-__clone11473-imgNav\"]"}
COMMAND: POST /session/5d4f89c809828bc74d2aa9c512c29ea4/element/f.531E98D0DADB2C7D9F82DA313210FC25.d.34957387440A0ADD709AAB3DF80A553E.e.7703/click - {}
RESULT: {}
COMMAND: POST /session/5d4f89c809828bc74d2aa9c512c29ea4/execute/async - {"script":"<script> [1562 bytes]","args":[{"selector":{"controlType":"sap.m.ObjectStatus","viewName":"etm.portal.ui.managecontracts.view.Detail","bindingPath":{"propertyPath":"LINK_TO_LOGISTICAL_STATUS/DESCRIPTION","modelName":"catalogModel"}},"wdio_ui5_key":"etmportal.ui.managecontracts.view.Detailsap.m.ObjectStatus{\"propertyPath\":\"LINK_TO_LOGISTICAL_STATUS/DESCRIPTION\",\"modelName\":\"catalogModel\"}"}]}
COMMAND: GET /session/5d4f89c809828bc74d2aa9c512c29ea4/screenshot - {}
RESULT: {"script":"<script> [1562 bytes]","args":[{"selector":{"controlType":"sap.m.ObjectStatus","viewName":"etm.portal.ui.managecontracts.view.Detail","bindingPath":{"propertyPath":"LINK_TO_LOGISTICAL_STATUS/DESCRIPTION","modelName":"catalogModel"}},"wdio_ui5_key":"etmportal.ui.managecontracts.view.Detailsap.m.ObjectStatus{\"propertyPath\":\"LINK_TO_LOGISTICAL_STATUS/DESCRIPTION\",\"modelName\":\"catalogModel\"}"}]}
RESULT: undefined
COMMAND: POST /session/5d4f89c809828bc74d2aa9c512c29ea4/execute/async - {"script":"<script> [6424 bytes]","args":[{"element-6066-11e4-a52e-4f735466cecf":"f.531E98D0DADB2C7D9F82DA313210FC25.d.34957387440A0ADD709AAB3DF80A553E.e.7747"},"getText",[]]}
RESULT: {}
RESULT: {"script":"<script> [6424 bytes]","args":[{"element-6066-11e4-a52e-4f735466cecf":"f.531E98D0DADB2C7D9F82DA313210FC25.d.34957387440A0ADD709AAB3DF80A553E.e.7747"},"getText",[]]}
]]></system-out>
    </testcase>
    <testcase classname="chrome.135_0_7049_96.windows.Standard_contract_close-reopen_US111278" name="Should reopen the contract" time="10.737">
      <system-out><![CDATA[
COMMAND: POST /session/5d4f89c809828bc74d2aa9c512c29ea4/execute/async - {"script":"<script> [1562 bytes]","args":[{"selector":{"id":"openContractBtn","viewName":"etm.portal.ui.managecontracts.view.Detail"},"wdio_ui5_key":"openContractBtnetmportal.ui.managecontracts.view.Detail"}]}
RESULT: {"script":"<script> [1562 bytes]","args":[{"selector":{"id":"openContractBtn","viewName":"etm.portal.ui.managecontracts.view.Detail"},"wdio_ui5_key":"openContractBtnetmportal.ui.managecontracts.view.Detail"}]}
RESULT: undefined
COMMAND: POST /session/5d4f89c809828bc74d2aa9c512c29ea4/execute/async - {"script":"<script> [6424 bytes]","args":[{"element-6066-11e4-a52e-4f735466cecf":"f.531E98D0DADB2C7D9F82DA313210FC25.d.34957387440A0ADD709AAB3DF80A553E.e.7726"},"getEnabled",[]]}
RESULT: {"script":"<script> [6424 bytes]","args":[{"element-6066-11e4-a52e-4f735466cecf":"f.531E98D0DADB2C7D9F82DA313210FC25.d.34957387440A0ADD709AAB3DF80A553E.e.7726"},"getEnabled",[]]}
COMMAND: POST /session/5d4f89c809828bc74d2aa9c512c29ea4/element - {"using":"xpath","value":"//bdi[contains(text(), \"Edit\")]"}
RESULT: {"using":"xpath","value":"//bdi[contains(text(), \"Edit\")]"}
COMMAND: POST /session/5d4f89c809828bc74d2aa9c512c29ea4/element - {"using":"xpath","value":"//bdi[contains(text(), \"Edit\")]"}
RESULT: undefined
COMMAND: POST /session/5d4f89c809828bc74d2aa9c512c29ea4/element - {"using":"xpath","value":"//*[@id=\"__xmlview64--openContractBtn\"]"}
RESULT: {"using":"xpath","value":"//bdi[contains(text(), \"Edit\")]"}
RESULT: {"using":"xpath","value":"//*[@id=\"__xmlview64--openContractBtn\"]"}
COMMAND: POST /session/5d4f89c809828bc74d2aa9c512c29ea4/element/f.531E98D0DADB2C7D9F82DA313210FC25.d.34957387440A0ADD709AAB3DF80A553E.e.7726/click - {}
RESULT: {}
COMMAND: POST /session/5d4f89c809828bc74d2aa9c512c29ea4/execute/async - {"script":"<script> [1562 bytes]","args":[{"selector":{"controlType":"sap.m.Text","properties":{"text":"Contract has been reopened successfully"},"searchOpenDialogs":true},"wdio_ui5_key":"sapm.Text{\"text\":\"Contract has been reopened successfully\"}"}]}
COMMAND: GET /session/5d4f89c809828bc74d2aa9c512c29ea4/screenshot - {}
RESULT: {"script":"<script> [1562 bytes]","args":[{"selector":{"controlType":"sap.m.Text","properties":{"text":"Contract has been reopened successfully"},"searchOpenDialogs":true},"wdio_ui5_key":"sapm.Text{\"text\":\"Contract has been reopened successfully\"}"}]}
RESULT: undefined
COMMAND: POST /session/5d4f89c809828bc74d2aa9c512c29ea4/execute/async - {"script":"<script> [6424 bytes]","args":[{"element-6066-11e4-a52e-4f735466cecf":"f.531E98D0DADB2C7D9F82DA313210FC25.d.34957387440A0ADD709AAB3DF80A553E.e.7750"},"getText",[]]}
RESULT: {}
RESULT: {"script":"<script> [6424 bytes]","args":[{"element-6066-11e4-a52e-4f735466cecf":"f.531E98D0DADB2C7D9F82DA313210FC25.d.34957387440A0ADD709AAB3DF80A553E.e.7750"},"getText",[]]}
COMMAND: POST /session/5d4f89c809828bc74d2aa9c512c29ea4/element - {"using":"xpath","value":"//bdi[contains(text(), \"OK\")]"}
RESULT: {"using":"xpath","value":"//bdi[contains(text(), \"OK\")]"}
COMMAND: POST /session/5d4f89c809828bc74d2aa9c512c29ea4/element/f.531E98D0DADB2C7D9F82DA313210FC25.d.34957387440A0ADD709AAB3DF80A553E.e.7751/click - {}
RESULT: {}
COMMAND: GET /session/5d4f89c809828bc74d2aa9c512c29ea4/screenshot - {}
RESULT: {}
COMMAND: POST /session/5d4f89c809828bc74d2aa9c512c29ea4/element - {"using":"xpath","value":"//bdi[contains(text(), \"Edit\")]"}
RESULT: undefined
COMMAND: POST /session/5d4f89c809828bc74d2aa9c512c29ea4/execute/async - {"script":"<script> [6424 bytes]","args":[{"element-6066-11e4-a52e-4f735466cecf":"f.531E98D0DADB2C7D9F82DA313210FC25.d.34957387440A0ADD709AAB3DF80A553E.e.7389"},"getEnabled",[]]}
RESULT: {"using":"xpath","value":"//bdi[contains(text(), \"Edit\")]"}
COMMAND: POST /session/5d4f89c809828bc74d2aa9c512c29ea4/execute/sync - {"script":"<script> [8489 bytes]","args":[{"element-6066-11e4-a52e-4f735466cecf":"f.531E98D0DADB2C7D9F82DA313210FC25.d.34957387440A0ADD709AAB3DF80A553E.e.7752","ELEMENT":"f.531E98D0DADB2C7D9F82DA313210FC25.d.34957387440A0ADD709AAB3DF80A553E.e.7752"}]}
COMMAND: POST /session/5d4f89c809828bc74d2aa9c512c29ea4/execute/async - {"script":"<script> [1562 bytes]","args":[{"selector":{"id":"closeContractBtn","viewName":"etm.portal.ui.managecontracts.view.Detail"},"wdio_ui5_key":"closeContractBtnetmportal.ui.managecontracts.view.Detail"}]}
RESULT: {"script":"<script> [8489 bytes]","args":[{"element-6066-11e4-a52e-4f735466cecf":"f.531E98D0DADB2C7D9F82DA313210FC25.d.34957387440A0ADD709AAB3DF80A553E.e.7752","ELEMENT":"f.531E98D0DADB2C7D9F82DA313210FC25.d.34957387440A0ADD709AAB3DF80A553E.e.7752"}]}
COMMAND: GET /session/5d4f89c809828bc74d2aa9c512c29ea4/screenshot - {}
RESULT: {"script":"<script> [1562 bytes]","args":[{"selector":{"id":"closeContractBtn","viewName":"etm.portal.ui.managecontracts.view.Detail"},"wdio_ui5_key":"closeContractBtnetmportal.ui.managecontracts.view.Detail"}]}
COMMAND: POST /session/5d4f89c809828bc74d2aa9c512c29ea4/execute/async - {"script":"<script> [6424 bytes]","args":[{"element-6066-11e4-a52e-4f735466cecf":"f.531E98D0DADB2C7D9F82DA313210FC25.d.34957387440A0ADD709AAB3DF80A553E.e.7753"},"getEnabled",[]]}
RESULT: {}
RESULT: {"script":"<script> [6424 bytes]","args":[{"element-6066-11e4-a52e-4f735466cecf":"f.531E98D0DADB2C7D9F82DA313210FC25.d.34957387440A0ADD709AAB3DF80A553E.e.7753"},"getEnabled",[]]}
]]></system-out>
    </testcase>
    <testcase classname="chrome.135_0_7049_96.windows.Standard_contract_close-reopen_US111278" name="Should verify for multiple statuses that open button is not visible" time="95.52">
      <system-out><![CDATA[
COMMAND: POST /session/5d4f89c809828bc74d2aa9c512c29ea4/execute/async - {"script":"<script> [1562 bytes]","args":[{"selector":{"controlType":"sap.ui.core.Icon","viewName":"etm.portal.ui.managecontracts.view.Detail","properties":{"src":{"regex":{"source":"decline"}}}},"wdio_ui5_key":"etmportal.ui.managecontracts.view.Detailsap.ui.core.Icon{\"src\":{\"regex\":{\"source\":\"decline\"}}}"}]}
RESULT: {"script":"<script> [1562 bytes]","args":[{"selector":{"controlType":"sap.ui.core.Icon","viewName":"etm.portal.ui.managecontracts.view.Detail","properties":{"src":{"regex":{"source":"decline"}}}},"wdio_ui5_key":"etmportal.ui.managecontracts.view.Detailsap.ui.core.Icon{\"src\":{\"regex\":{\"source\":\"decline\"}}}"}]}
RESULT: undefined
COMMAND: POST /session/5d4f89c809828bc74d2aa9c512c29ea4/element - {"using":"xpath","value":"//*[@id=\"__xmlview64--closeColumnBtn-img\"]"}
RESULT: {"using":"xpath","value":"//*[@id=\"__xmlview64--closeColumnBtn-img\"]"}
COMMAND: POST /session/5d4f89c809828bc74d2aa9c512c29ea4/element/f.531E98D0DADB2C7D9F82DA313210FC25.d.34957387440A0ADD709AAB3DF80A553E.e.7723/click - {}
RESULT: {}
COMMAND: GET /session/5d4f89c809828bc74d2aa9c512c29ea4/screenshot - {}
COMMAND: POST /session/5d4f89c809828bc74d2aa9c512c29ea4/element - {"using":"xpath","value":"//div[contains(@id ,\"smartContractFilterBar-btnBasicSearch-reset\")]"}
RESULT: {}
RESULT: {"using":"xpath","value":"//div[contains(@id ,\"smartContractFilterBar-btnBasicSearch-reset\")]"}
COMMAND: POST /session/5d4f89c809828bc74d2aa9c512c29ea4/element/f.531E98D0DADB2C7D9F82DA313210FC25.d.34957387440A0ADD709AAB3DF80A553E.e.7725/click - {}
RESULT: {}
COMMAND: GET /session/5d4f89c809828bc74d2aa9c512c29ea4/screenshot - {}
COMMAND: POST /session/5d4f89c809828bc74d2aa9c512c29ea4/execute/async - {"script":"<script> [1562 bytes]","args":[{"selector":{"controlType":"sap.ui.core.Icon","viewName":"etm.portal.ui.managecontracts.view.Master","properties":{"src":{"regex":{"source":"slim\\-arrow\\-down"}}},"ancestor":{"id":"smartContractStatusFilter","viewName":"etm.portal.ui.managecontracts.view.Master"}},"wdio_ui5_key":"etmportal.ui.managecontracts.view.Mastersap.ui.core.Icon{\"src\":{\"regex\":{\"source\":\"slim\\\\-arrow\\\\-down\"}}}{\"id\":\"smartContractStatusFilter\",\"viewName\":\"etm.portal.ui.managecontracts.view.Master\"}"}]}
RESULT: {}
RESULT: {"script":"<script> [1562 bytes]","args":[{"selector":{"controlType":"sap.ui.core.Icon","viewName":"etm.portal.ui.managecontracts.view.Master","properties":{"src":{"regex":{"source":"slim\\-arrow\\-down"}}},"ancestor":{"id":"smartContractStatusFilter","viewName":"etm.portal.ui.managecontracts.view.Master"}},"wdio_ui5_key":"etmportal.ui.managecontracts.view.Mastersap.ui.core.Icon{\"src\":{\"regex\":{\"source\":\"slim\\\\-arrow\\\\-down\"}}}{\"id\":\"smartContractStatusFilter\",\"viewName\":\"etm.portal.ui.managecontracts.view.Master\"}"}]}
RESULT: undefined
COMMAND: POST /session/5d4f89c809828bc74d2aa9c512c29ea4/element - {"using":"xpath","value":"//*[@id=\"__xmlview63--smartContractStatusFilter-arrow\"]"}
RESULT: {"using":"xpath","value":"//*[@id=\"__xmlview63--smartContractStatusFilter-arrow\"]"}
COMMAND: POST /session/5d4f89c809828bc74d2aa9c512c29ea4/element/f.531E98D0DADB2C7D9F82DA313210FC25.d.34957387440A0ADD709AAB3DF80A553E.e.7799/click - {}
RESULT: {}
COMMAND: POST /session/5d4f89c809828bc74d2aa9c512c29ea4/execute/async - {"script":"<script> [1562 bytes]","args":[{"selector":{"controlType":"sap.m.CheckBox","viewName":"etm.portal.ui.managecontracts.view.Master","properties":{"editable":true},"searchOpenDialogs":true,"ancestor":{"controlType":"sap.m.StandardListItem","viewName":"etm.portal.ui.managecontracts.view.Master","properties":{"title":"partial provided"},"searchOpenDialogs":true},"interaction":{"idSuffix":"CbBg"}},"wdio_ui5_key":"etmportal.ui.managecontracts.view.Mastersap.m.CheckBox{\"editable\":true}{\"controlType\":\"sap.m.StandardListItem\",\"viewName\":\"etm.portal.ui.managecontracts.view.Master\",\"properties\":{\"title\":\"partial provided\"},\"searchOpenDialogs\":true}"}]}
COMMAND: GET /session/5d4f89c809828bc74d2aa9c512c29ea4/screenshot - {}
RESULT: {"script":"<script> [1562 bytes]","args":[{"selector":{"controlType":"sap.m.CheckBox","viewName":"etm.portal.ui.managecontracts.view.Master","properties":{"editable":true},"searchOpenDialogs":true,"ancestor":{"controlType":"sap.m.StandardListItem","viewName":"etm.portal.ui.managecontracts.view.Master","properties":{"title":"partial provided"},"searchOpenDialogs":true},"interaction":{"idSuffix":"CbBg"}},"wdio_ui5_key":"etmportal.ui.managecontracts.view.Mastersap.m.CheckBox{\"editable\":true}{\"controlType\":\"sap.m.StandardListItem\",\"viewName\":\"etm.portal.ui.managecontracts.view.Master\",\"properties\":{\"title\":\"partial provided\"},\"searchOpenDialogs\":true}"}]}
RESULT: undefined
COMMAND: POST /session/5d4f89c809828bc74d2aa9c512c29ea4/element - {"using":"xpath","value":"//*[@id=\"__item3211-selectMulti\"]"}
RESULT: {}
RESULT: {"using":"xpath","value":"//*[@id=\"__item3211-selectMulti\"]"}
COMMAND: POST /session/5d4f89c809828bc74d2aa9c512c29ea4/element/f.531E98D0DADB2C7D9F82DA313210FC25.d.34957387440A0ADD709AAB3DF80A553E.e.7809/click - {}
RESULT: {}
COMMAND: GET /session/5d4f89c809828bc74d2aa9c512c29ea4/screenshot - {}
RESULT: {}
COMMAND: POST /session/5d4f89c809828bc74d2aa9c512c29ea4/element - {"using":"xpath","value":"(//span[contains(@title ,\"Navigation\")])[2]"}
RESULT: {"using":"xpath","value":"(//span[contains(@title ,\"Navigation\")])[2]"}
COMMAND: POST /session/5d4f89c809828bc74d2aa9c512c29ea4/element/f.531E98D0DADB2C7D9F82DA313210FC25.d.34957387440A0ADD709AAB3DF80A553E.e.7827/click - {}
RESULT: {}
COMMAND: GET /session/5d4f89c809828bc74d2aa9c512c29ea4/screenshot - {}
COMMAND: POST /session/5d4f89c809828bc74d2aa9c512c29ea4/element - {"using":"xpath","value":"//bdi[contains(@id ,\"closeContractBtn-BDI-content\")]"}
RESULT: {}
RESULT: {"using":"xpath","value":"//bdi[contains(@id ,\"closeContractBtn-BDI-content\")]"}
COMMAND: POST /session/5d4f89c809828bc74d2aa9c512c29ea4/element - {"using":"xpath","value":"//bdi[contains(@id ,\"closeContractBtn-BDI-content\")]"}
RESULT: undefined
COMMAND: POST /session/5d4f89c809828bc74d2aa9c512c29ea4/element - {"using":"xpath","value":"//*[@id=\"__xmlview64--closeColumnBtn-img\"]"}
RESULT: {"using":"xpath","value":"//bdi[contains(@id ,\"closeContractBtn-BDI-content\")]"}
RESULT: {"using":"xpath","value":"//*[@id=\"__xmlview64--closeColumnBtn-img\"]"}
COMMAND: POST /session/5d4f89c809828bc74d2aa9c512c29ea4/element/f.531E98D0DADB2C7D9F82DA313210FC25.d.34957387440A0ADD709AAB3DF80A553E.e.7723/click - {}
RESULT: {}
COMMAND: GET /session/5d4f89c809828bc74d2aa9c512c29ea4/screenshot - {}
COMMAND: POST /session/5d4f89c809828bc74d2aa9c512c29ea4/refresh - {}
RESULT: {}
RESULT: {}
COMMAND: GET /session/5d4f89c809828bc74d2aa9c512c29ea4/screenshot - {}
RESULT: {}
COMMAND: POST /session/5d4f89c809828bc74d2aa9c512c29ea4/execute/async - {"script":"<script> [189 bytes]","args":[]}
RESULT: {"script":"<script> [189 bytes]","args":[]}
COMMAND: POST /session/5d4f89c809828bc74d2aa9c512c29ea4/execute/async - {"script":"<script> [123 bytes]","args":[]}
RESULT: {"script":"<script> [123 bytes]","args":[]}
COMMAND: POST /session/5d4f89c809828bc74d2aa9c512c29ea4/timeouts - {"script":"<number>"}
RESULT: {"script":"<number>"}
COMMAND: GET /session/5d4f89c809828bc74d2aa9c512c29ea4/timeouts - {}
RESULT: {}
RESULT: undefined
COMMAND: POST /session/5d4f89c809828bc74d2aa9c512c29ea4/execute/async - {"script":"<script> [2676 bytes]","args":[]}
RESULT: {"script":"<script> [2676 bytes]","args":[]}
COMMAND: POST /session/5d4f89c809828bc74d2aa9c512c29ea4/execute/async - {"script":"<script> [2342 bytes]","args":[{"protocol":"http","hostname":"0.0.0.0","path":"/","capabilities":{"browserName":"chrome","goog:chromeOptions":{"binary":"C:\\Program Files\\Google\\Chrome\\Application\\chrome.exe","args":["--start-maximized"]}},"logLevel":"warn","connectionRetryTimeout":120000,"connectionRetryCount":3,"logLevels":{},"enableDirectConnect":true,"strictSSL":true,"_":"65 more keys: [\"cacheDir\",\"port\",\"requestedCapabilities\",\"automationProtocol\",\"baseUrl\",\"waitforInterval\",\"waitforTimeout\",\"onReload\",\"beforeCommand\",\"afterCommand\",\"rootDir\",\"specs\",\"suites\",\"exclude\",\"groupLogsByTestSpec\",\"excludeDriverLogs\",\"bail\",\"framework\",\"reporters\",\"services\",\"maxInstances\",\"maxInstancesPerCapability\",\"injectGlobals\",\"filesToWatch\",\"execArgv\",\"runnerEnv\",\"runner\",\"shard\",\"specFileRetries\",\"specFileRetriesDelay\",\"specFileRetriesDeferred\",\"reporterSyncInterval\",\"reporterSyncTimeout\",\"cucumberFeaturesWithLineNumbers\",\"autoCompileOpts\",\"mochaOpts\",\"jasmineOpts\",\"cucumberOpts\",\"onPrepare\",\"onWorkerStart\",\"onWorkerEnd\",\"before\",\"beforeSession\",\"beforeSuite\",\"beforeHook\",\"beforeTest\",\"afterTest\",\"afterHook\",\"afterSuite\",\"afterSession\",\"after\",\"onComplete\",\"beforeAssertion\",\"afterAssertion\",\"beforeFeature\",\"beforeScenario\",\"beforeStep\",\"afterStep\",\"afterScenario\",\"afterFeature\",\"_\",\"suite\",\"$0\",\"ignoredWorkerServices\",\"wdi5\"]"}]}
RESULT: {"script":"<script> [2342 bytes]","args":[{"protocol":"http","hostname":"0.0.0.0","path":"/","capabilities":{"browserName":"chrome","goog:chromeOptions":{"binary":"C:\\Program Files\\Google\\Chrome\\Application\\chrome.exe","args":["--start-maximized"]}},"logLevel":"warn","connectionRetryTimeout":120000,"connectionRetryCount":3,"logLevels":{},"enableDirectConnect":true,"strictSSL":true,"_":"65 more keys: [\"cacheDir\",\"port\",\"requestedCapabilities\",\"automationProtocol\",\"baseUrl\",\"waitforInterval\",\"waitforTimeout\",\"onReload\",\"beforeCommand\",\"afterCommand\",\"rootDir\",\"specs\",\"suites\",\"exclude\",\"groupLogsByTestSpec\",\"excludeDriverLogs\",\"bail\",\"framework\",\"reporters\",\"services\",\"maxInstances\",\"maxInstancesPerCapability\",\"injectGlobals\",\"filesToWatch\",\"execArgv\",\"runnerEnv\",\"runner\",\"shard\",\"specFileRetries\",\"specFileRetriesDelay\",\"specFileRetriesDeferred\",\"reporterSyncInterval\",\"reporterSyncTimeout\",\"cucumberFeaturesWithLineNumbers\",\"autoCompileOpts\",\"mochaOpts\",\"jasmineOpts\",\"cucumberOpts\",\"onPrepare\",\"onWorkerStart\",\"onWorkerEnd\",\"before\",\"beforeSession\",\"beforeSuite\",\"beforeHook\",\"beforeTest\",\"afterTest\",\"afterHook\",\"afterSuite\",\"afterSession\",\"after\",\"onComplete\",\"beforeAssertion\",\"afterAssertion\",\"beforeFeature\",\"beforeScenario\",\"beforeStep\",\"afterStep\",\"afterScenario\",\"afterFeature\",\"_\",\"suite\",\"$0\",\"ignoredWorkerServices\",\"wdi5\"]"}]}
COMMAND: POST /session/5d4f89c809828bc74d2aa9c512c29ea4/execute/async - {"script":"<script> [21126 bytes]","args":[35000]}
RESULT: {"script":"<script> [21126 bytes]","args":[35000]}
COMMAND: POST /session/5d4f89c809828bc74d2aa9c512c29ea4/execute/async - {"script":"<script> [1562 bytes]","args":[{"selector":{"controlType":"sap.ui.core.Icon","viewName":"etm.portal.ui.managecontracts.view.Master","properties":{"src":{"regex":{"source":"slim\\-arrow\\-down"}}},"ancestor":{"id":"smartContractStatusFilter","viewName":"etm.portal.ui.managecontracts.view.Master"}},"wdio_ui5_key":"etmportal.ui.managecontracts.view.Mastersap.ui.core.Icon{\"src\":{\"regex\":{\"source\":\"slim\\\\-arrow\\\\-down\"}}}{\"id\":\"smartContractStatusFilter\",\"viewName\":\"etm.portal.ui.managecontracts.view.Master\"}"}]}
RESULT: {"script":"<script> [1562 bytes]","args":[{"selector":{"controlType":"sap.ui.core.Icon","viewName":"etm.portal.ui.managecontracts.view.Master","properties":{"src":{"regex":{"source":"slim\\-arrow\\-down"}}},"ancestor":{"id":"smartContractStatusFilter","viewName":"etm.portal.ui.managecontracts.view.Master"}},"wdio_ui5_key":"etmportal.ui.managecontracts.view.Mastersap.ui.core.Icon{\"src\":{\"regex\":{\"source\":\"slim\\\\-arrow\\\\-down\"}}}{\"id\":\"smartContractStatusFilter\",\"viewName\":\"etm.portal.ui.managecontracts.view.Master\"}"}]}
RESULT: undefined
COMMAND: POST /session/5d4f89c809828bc74d2aa9c512c29ea4/element - {"using":"xpath","value":"//*[@id=\"__xmlview0--smartContractStatusFilter-arrow\"]"}
RESULT: {"using":"xpath","value":"//*[@id=\"__xmlview0--smartContractStatusFilter-arrow\"]"}
COMMAND: POST /session/5d4f89c809828bc74d2aa9c512c29ea4/element/f.531E98D0DADB2C7D9F82DA313210FC25.d.108603C91DD102D7A51F5430FD308923.e.8221/click - {}
RESULT: {}
COMMAND: GET /session/5d4f89c809828bc74d2aa9c512c29ea4/screenshot - {}
RESULT: {}
COMMAND: POST /session/5d4f89c809828bc74d2aa9c512c29ea4/execute/async - {"script":"<script> [1562 bytes]","args":[{"selector":{"controlType":"sap.m.CheckBox","viewName":"etm.portal.ui.managecontracts.view.Master","properties":{"editable":true},"searchOpenDialogs":true,"ancestor":{"controlType":"sap.m.StandardListItem","viewName":"etm.portal.ui.managecontracts.view.Master","properties":{"title":"partial billed"},"searchOpenDialogs":true},"interaction":{"idSuffix":"CbBg"}},"wdio_ui5_key":"etmportal.ui.managecontracts.view.Mastersap.m.CheckBox{\"editable\":true}{\"controlType\":\"sap.m.StandardListItem\",\"viewName\":\"etm.portal.ui.managecontracts.view.Master\",\"properties\":{\"title\":\"partial billed\"},\"searchOpenDialogs\":true}"}]}
RESULT: {"script":"<script> [1562 bytes]","args":[{"selector":{"controlType":"sap.m.CheckBox","viewName":"etm.portal.ui.managecontracts.view.Master","properties":{"editable":true},"searchOpenDialogs":true,"ancestor":{"controlType":"sap.m.StandardListItem","viewName":"etm.portal.ui.managecontracts.view.Master","properties":{"title":"partial billed"},"searchOpenDialogs":true},"interaction":{"idSuffix":"CbBg"}},"wdio_ui5_key":"etmportal.ui.managecontracts.view.Mastersap.m.CheckBox{\"editable\":true}{\"controlType\":\"sap.m.StandardListItem\",\"viewName\":\"etm.portal.ui.managecontracts.view.Master\",\"properties\":{\"title\":\"partial billed\"},\"searchOpenDialogs\":true}"}]}
RESULT: undefined
COMMAND: POST /session/5d4f89c809828bc74d2aa9c512c29ea4/element - {"using":"xpath","value":"//*[@id=\"__item41-selectMulti\"]"}
RESULT: {"using":"xpath","value":"//*[@id=\"__item41-selectMulti\"]"}
COMMAND: POST /session/5d4f89c809828bc74d2aa9c512c29ea4/element/f.531E98D0DADB2C7D9F82DA313210FC25.d.108603C91DD102D7A51F5430FD308923.e.8230/click - {}
RESULT: {}
COMMAND: GET /session/5d4f89c809828bc74d2aa9c512c29ea4/screenshot - {}
RESULT: {}
COMMAND: POST /session/5d4f89c809828bc74d2aa9c512c29ea4/element - {"using":"xpath","value":"(//span[contains(@title ,\"Navigation\")])[2]"}
RESULT: {"using":"xpath","value":"(//span[contains(@title ,\"Navigation\")])[2]"}
COMMAND: POST /session/5d4f89c809828bc74d2aa9c512c29ea4/element/f.531E98D0DADB2C7D9F82DA313210FC25.d.108603C91DD102D7A51F5430FD308923.e.8266/click - {}
RESULT: {}
COMMAND: GET /session/5d4f89c809828bc74d2aa9c512c29ea4/screenshot - {}
RESULT: {}
COMMAND: POST /session/5d4f89c809828bc74d2aa9c512c29ea4/element - {"using":"xpath","value":"//bdi[contains(@id ,\"closeContractBtn-BDI-content\")]"}
RESULT: {"using":"xpath","value":"//bdi[contains(@id ,\"closeContractBtn-BDI-content\")]"}
COMMAND: POST /session/5d4f89c809828bc74d2aa9c512c29ea4/element - {"using":"css selector","value":"#shell-header-logo"}
RESULT: {"using":"css selector","value":"#shell-header-logo"}
COMMAND: POST /session/5d4f89c809828bc74d2aa9c512c29ea4/element/f.531E98D0DADB2C7D9F82DA313210FC25.d.108603C91DD102D7A51F5430FD308923.e.8201/click - {}
RESULT: {}
COMMAND: GET /session/5d4f89c809828bc74d2aa9c512c29ea4/screenshot - {}
RESULT: {}
]]></system-out>
    </testcase>
  </testsuite>
  <testsuite timestamp="2025-05-05T18:14:36" time="64.019" tests="1" failures="0" errors="0" skipped="0">
    <properties>
      <property name="specId" value="0" />
      <property name="suiteName" value="Standard contract decline US151279" />
      <property name="capabilities" value="chrome.135_0_7049_96.windows" />
      <property name="file" value="file:///D:/a/1/s/test/specs/R2C/standard-contract-decline.spec.js" />
    </properties>
    <testcase classname="chrome.135_0_7049_96.windows.Standard_contract_decline_US151279" name="Should decline a contract" time="57.634">
      <system-out><![CDATA[
COMMAND: POST /session/5d4f89c809828bc74d2aa9c512c29ea4/execute/async - {"script":"<script> [1562 bytes]","args":[{"selector":{"controlType":"sap.m.GenericTile","properties":{"header":"Manage Contracts"}},"wdio_ui5_key":"sapm.GenericTile{\"header\":\"Manage Contracts\"}"}]}
RESULT: {"script":"<script> [1562 bytes]","args":[{"selector":{"controlType":"sap.m.GenericTile","properties":{"header":"Manage Contracts"}},"wdio_ui5_key":"sapm.GenericTile{\"header\":\"Manage Contracts\"}"}]}
RESULT: undefined
COMMAND: POST /session/5d4f89c809828bc74d2aa9c512c29ea4/element - {"using":"xpath","value":"//*[@id=\"__tile130\"]"}
RESULT: {"using":"xpath","value":"//*[@id=\"__tile130\"]"}
COMMAND: POST /session/5d4f89c809828bc74d2aa9c512c29ea4/element/f.531E98D0DADB2C7D9F82DA313210FC25.d.108603C91DD102D7A51F5430FD308923.e.8645/click - {}
RESULT: {}
COMMAND: GET /session/5d4f89c809828bc74d2aa9c512c29ea4/screenshot - {}
RESULT: {}
COMMAND: POST /session/5d4f89c809828bc74d2aa9c512c29ea4/element - {"using":"xpath","value":"//input[contains(@id ,\"smartContractFilterBar-btnBasicSearch-I\")]"}
RESULT: {"using":"xpath","value":"//input[contains(@id ,\"smartContractFilterBar-btnBasicSearch-I\")]"}
COMMAND: POST /session/5d4f89c809828bc74d2aa9c512c29ea4/element/f.531E98D0DADB2C7D9F82DA313210FC25.d.108603C91DD102D7A51F5430FD308923.e.8650/clear - {}
RESULT: {}
COMMAND: POST /session/5d4f89c809828bc74d2aa9c512c29ea4/element/f.531E98D0DADB2C7D9F82DA313210FC25.d.108603C91DD102D7A51F5430FD308923.e.8650/value - {"text":"10551"}
COMMAND: GET /session/5d4f89c809828bc74d2aa9c512c29ea4/screenshot - {}
RESULT: {"text":"10551"}
COMMAND: POST /session/5d4f89c809828bc74d2aa9c512c29ea4/actions - {"actions":[{"id":"action43","type":"key","parameters":{},"actions":[{"type":"keyDown","value":"î€‡"},{"type":"pause","duration":10},{"type":"keyUp","value":"î€‡"}]}]}
RESULT: {}
RESULT: {"actions":[{"id":"action43","type":"key","parameters":{},"actions":[{"type":"keyDown","value":"î€‡"},{"type":"pause","duration":10},{"type":"keyUp","value":"î€‡"}]}]}
COMMAND: GET /session/5d4f89c809828bc74d2aa9c512c29ea4/screenshot - {}
COMMAND: GET /session/5d4f89c809828bc74d2aa9c512c29ea4/screenshot - {}
RESULT: {}
RESULT: {}
COMMAND: POST /session/5d4f89c809828bc74d2aa9c512c29ea4/execute/async - {"script":"<script> [1562 bytes]","args":[{"selector":{"controlType":"sap.ui.core.Icon","viewName":"etm.portal.ui.managecontracts.view.Master","properties":{"src":{"regex":{"source":"slim\\-arrow\\-right"}}}},"wdio_ui5_key":"etmportal.ui.managecontracts.view.Mastersap.ui.core.Icon{\"src\":{\"regex\":{\"source\":\"slim\\\\-arrow\\\\-right\"}}}"}]}
RESULT: {"script":"<script> [1562 bytes]","args":[{"selector":{"controlType":"sap.ui.core.Icon","viewName":"etm.portal.ui.managecontracts.view.Master","properties":{"src":{"regex":{"source":"slim\\-arrow\\-right"}}}},"wdio_ui5_key":"etmportal.ui.managecontracts.view.Mastersap.ui.core.Icon{\"src\":{\"regex\":{\"source\":\"slim\\\\-arrow\\\\-right\"}}}"}]}
RESULT: undefined
COMMAND: POST /session/5d4f89c809828bc74d2aa9c512c29ea4/element - {"using":"xpath","value":"//*[@id=\"__item77-__clone227-imgNav\"]"}
RESULT: {"using":"xpath","value":"//*[@id=\"__item77-__clone227-imgNav\"]"}
COMMAND: POST /session/5d4f89c809828bc74d2aa9c512c29ea4/element/f.531E98D0DADB2C7D9F82DA313210FC25.d.108603C91DD102D7A51F5430FD308923.e.8765/click - {}
RESULT: {}
COMMAND: GET /session/5d4f89c809828bc74d2aa9c512c29ea4/screenshot - {}
RESULT: {}
COMMAND: POST /session/5d4f89c809828bc74d2aa9c512c29ea4/execute/async - {"script":"<script> [1562 bytes]","args":[{"selector":{"id":"cancelContractBtn","viewName":"etm.portal.ui.managecontracts.view.Detail","interaction":{"idSuffix":"BDI-content"}},"wdio_ui5_key":"cancelContractBtnetmportal.ui.managecontracts.view.Detail"}]}
RESULT: {"script":"<script> [1562 bytes]","args":[{"selector":{"id":"cancelContractBtn","viewName":"etm.portal.ui.managecontracts.view.Detail","interaction":{"idSuffix":"BDI-content"}},"wdio_ui5_key":"cancelContractBtnetmportal.ui.managecontracts.view.Detail"}]}
RESULT: undefined
COMMAND: POST /session/5d4f89c809828bc74d2aa9c512c29ea4/element - {"using":"xpath","value":"//*[@id=\"__xmlview61--cancelContractBtn\"]"}
RESULT: {"using":"xpath","value":"//*[@id=\"__xmlview61--cancelContractBtn\"]"}
COMMAND: POST /session/5d4f89c809828bc74d2aa9c512c29ea4/element/f.531E98D0DADB2C7D9F82DA313210FC25.d.108603C91DD102D7A51F5430FD308923.e.8823/click - {}
RESULT: {}
COMMAND: GET /session/5d4f89c809828bc74d2aa9c512c29ea4/screenshot - {}
RESULT: {}
COMMAND: POST /session/5d4f89c809828bc74d2aa9c512c29ea4/execute/async - {"script":"<script> [1562 bytes]","args":[{"selector":{"controlType":"sap.m.Text","properties":{"text":"Do you want to cancel the whole contract?"},"searchOpenDialogs":true},"wdio_ui5_key":"sapm.Text{\"text\":\"Do you want to cancel the whole contract?\"}"}]}
RESULT: {"script":"<script> [1562 bytes]","args":[{"selector":{"controlType":"sap.m.Text","properties":{"text":"Do you want to cancel the whole contract?"},"searchOpenDialogs":true},"wdio_ui5_key":"sapm.Text{\"text\":\"Do you want to cancel the whole contract?\"}"}]}
RESULT: undefined
COMMAND: POST /session/5d4f89c809828bc74d2aa9c512c29ea4/execute/async - {"script":"<script> [6424 bytes]","args":[{"element-6066-11e4-a52e-4f735466cecf":"f.531E98D0DADB2C7D9F82DA313210FC25.d.108603C91DD102D7A51F5430FD308923.e.8879"},"getText",[]]}
RESULT: {"script":"<script> [6424 bytes]","args":[{"element-6066-11e4-a52e-4f735466cecf":"f.531E98D0DADB2C7D9F82DA313210FC25.d.108603C91DD102D7A51F5430FD308923.e.8879"},"getText",[]]}
COMMAND: POST /session/5d4f89c809828bc74d2aa9c512c29ea4/element - {"using":"xpath","value":"//bdi[contains(text(), \"OK\")]"}
RESULT: {"using":"xpath","value":"//bdi[contains(text(), \"OK\")]"}
COMMAND: POST /session/5d4f89c809828bc74d2aa9c512c29ea4/element/f.531E98D0DADB2C7D9F82DA313210FC25.d.108603C91DD102D7A51F5430FD308923.e.8880/click - {}
RESULT: {}
COMMAND: GET /session/5d4f89c809828bc74d2aa9c512c29ea4/screenshot - {}
RESULT: {}
COMMAND: POST /session/5d4f89c809828bc74d2aa9c512c29ea4/element - {"using":"xpath","value":"//input[contains(@id ,\"smartContractFilterBar-btnBasicSearch-I\")]"}
RESULT: {"using":"xpath","value":"//input[contains(@id ,\"smartContractFilterBar-btnBasicSearch-I\")]"}
COMMAND: POST /session/5d4f89c809828bc74d2aa9c512c29ea4/element/f.531E98D0DADB2C7D9F82DA313210FC25.d.108603C91DD102D7A51F5430FD308923.e.8650/clear - {}
RESULT: {}
COMMAND: POST /session/5d4f89c809828bc74d2aa9c512c29ea4/element/f.531E98D0DADB2C7D9F82DA313210FC25.d.108603C91DD102D7A51F5430FD308923.e.8650/value - {"text":"10551"}
COMMAND: GET /session/5d4f89c809828bc74d2aa9c512c29ea4/screenshot - {}
RESULT: {"text":"10551"}
COMMAND: POST /session/5d4f89c809828bc74d2aa9c512c29ea4/actions - {"actions":[{"id":"action44","type":"key","parameters":{},"actions":[{"type":"keyDown","value":"î€‡"},{"type":"pause","duration":10},{"type":"keyUp","value":"î€‡"}]}]}
COMMAND: GET /session/5d4f89c809828bc74d2aa9c512c29ea4/screenshot - {}
RESULT: {}
RESULT: {"actions":[{"id":"action44","type":"key","parameters":{},"actions":[{"type":"keyDown","value":"î€‡"},{"type":"pause","duration":10},{"type":"keyUp","value":"î€‡"}]}]}
COMMAND: GET /session/5d4f89c809828bc74d2aa9c512c29ea4/screenshot - {}
RESULT: {}
RESULT: {}
COMMAND: POST /session/5d4f89c809828bc74d2aa9c512c29ea4/execute/async - {"script":"<script> [1562 bytes]","args":[{"selector":{"controlType":"sap.m.ObjectStatus","viewName":"etm.portal.ui.managecontracts.view.Master","bindingPath":{"path":"/SmartContractHeaders('10551')","propertyPath":"STATUS_DESCRIPTION"}},"wdio_ui5_key":"etmportal.ui.managecontracts.view.Mastersap.m.ObjectStatus{\"path\":\"/SmartContractHeaders('10551')\",\"propertyPath\":\"STATUS_DESCRIPTION\"}"}]}
RESULT: {"script":"<script> [1562 bytes]","args":[{"selector":{"controlType":"sap.m.ObjectStatus","viewName":"etm.portal.ui.managecontracts.view.Master","bindingPath":{"path":"/SmartContractHeaders('10551')","propertyPath":"STATUS_DESCRIPTION"}},"wdio_ui5_key":"etmportal.ui.managecontracts.view.Mastersap.m.ObjectStatus{\"path\":\"/SmartContractHeaders('10551')\",\"propertyPath\":\"STATUS_DESCRIPTION\"}"}]}
RESULT: undefined
COMMAND: POST /session/5d4f89c809828bc74d2aa9c512c29ea4/execute/async - {"script":"<script> [6424 bytes]","args":[{"element-6066-11e4-a52e-4f735466cecf":"f.531E98D0DADB2C7D9F82DA313210FC25.d.108603C91DD102D7A51F5430FD308923.e.8930"},"getText",[]]}
RESULT: {"script":"<script> [6424 bytes]","args":[{"element-6066-11e4-a52e-4f735466cecf":"f.531E98D0DADB2C7D9F82DA313210FC25.d.108603C91DD102D7A51F5430FD308923.e.8930"},"getText",[]]}
RESULT: undefined
COMMAND: POST /session/5d4f89c809828bc74d2aa9c512c29ea4/element - {"using":"xpath","value":"//*[@id=\"__item77-__clone227-imgNav\"]"}
RESULT: {"using":"xpath","value":"//*[@id=\"__item77-__clone227-imgNav\"]"}
COMMAND: POST /session/5d4f89c809828bc74d2aa9c512c29ea4/element/f.531E98D0DADB2C7D9F82DA313210FC25.d.108603C91DD102D7A51F5430FD308923.e.8765/click - {}
RESULT: {}
COMMAND: GET /session/5d4f89c809828bc74d2aa9c512c29ea4/screenshot - {}
RESULT: {}
COMMAND: POST /session/5d4f89c809828bc74d2aa9c512c29ea4/execute/async - {"script":"<script> [1562 bytes]","args":[{"selector":{"controlType":"sap.m.ObjectStatus","viewName":"etm.portal.ui.managecontracts.view.Detail","bindingPath":{"path":"/SmartContractItems(CONTRACT='10551',ITEM=10m,SUB_ITEM=0m)","propertyPath":"STATUS"}},"wdio_ui5_key":"etmportal.ui.managecontracts.view.Detailsap.m.ObjectStatus{\"path\":\"/SmartContractItems(CONTRACT='10551',ITEM=10m,SUB_ITEM=0m)\",\"propertyPath\":\"STATUS\"}"}]}
RESULT: {"script":"<script> [1562 bytes]","args":[{"selector":{"controlType":"sap.m.ObjectStatus","viewName":"etm.portal.ui.managecontracts.view.Detail","bindingPath":{"path":"/SmartContractItems(CONTRACT='10551',ITEM=10m,SUB_ITEM=0m)","propertyPath":"STATUS"}},"wdio_ui5_key":"etmportal.ui.managecontracts.view.Detailsap.m.ObjectStatus{\"path\":\"/SmartContractItems(CONTRACT='10551',ITEM=10m,SUB_ITEM=0m)\",\"propertyPath\":\"STATUS\"}"}]}
RESULT: undefined
COMMAND: POST /session/5d4f89c809828bc74d2aa9c512c29ea4/execute/async - {"script":"<script> [6424 bytes]","args":[{"element-6066-11e4-a52e-4f735466cecf":"f.531E98D0DADB2C7D9F82DA313210FC25.d.108603C91DD102D7A51F5430FD308923.e.8958"},"getText",[]]}
RESULT: {"script":"<script> [6424 bytes]","args":[{"element-6066-11e4-a52e-4f735466cecf":"f.531E98D0DADB2C7D9F82DA313210FC25.d.108603C91DD102D7A51F5430FD308923.e.8958"},"getText",[]]}
COMMAND: POST /session/5d4f89c809828bc74d2aa9c512c29ea4/element - {"using":"css selector","value":"#shell-header-logo"}
RESULT: {"using":"css selector","value":"#shell-header-logo"}
COMMAND: POST /session/5d4f89c809828bc74d2aa9c512c29ea4/element/f.531E98D0DADB2C7D9F82DA313210FC25.d.108603C91DD102D7A51F5430FD308923.e.8648/click - {}
RESULT: {}
COMMAND: GET /session/5d4f89c809828bc74d2aa9c512c29ea4/screenshot - {}
RESULT: {}
]]></system-out>
    </testcase>
  </testsuite>
  <testsuite timestamp="2025-05-05T18:15:40" time="192.264" tests="2" failures="0" errors="0" skipped="0">
    <properties>
      <property name="specId" value="0" />
      <property name="suiteName" value="Insert service into a contract US152956" />
      <property name="capabilities" value="chrome.135_0_7049_96.windows" />
      <property name="file" value="file:///D:/a/1/s/test/specs/R2C/insert-service-into-a-contract.spec.js" />
    </properties>
    <testcase classname="chrome.135_0_7049_96.windows.Insert_service_into_a_contract_US152956" name="Should create a new contract" time="98.934">
      <system-out><![CDATA[
COMMAND: POST /session/5d4f89c809828bc74d2aa9c512c29ea4/execute/async - {"script":"<script> [1562 bytes]","args":[{"selector":{"controlType":"sap.m.Text","viewName":"etm.portal.ui.managecontractstile.view.Master","properties":{"text":"Manage Contracts"},"interaction":{"idSuffix":"inner"}},"wdio_ui5_key":"etmportal.ui.managecontractstile.view.Mastersap.m.Text{\"text\":\"Manage Contracts\"}"}]}
RESULT: {"script":"<script> [1562 bytes]","args":[{"selector":{"controlType":"sap.m.Text","viewName":"etm.portal.ui.managecontractstile.view.Master","properties":{"text":"Manage Contracts"},"interaction":{"idSuffix":"inner"}},"wdio_ui5_key":"etmportal.ui.managecontractstile.view.Mastersap.m.Text{\"text\":\"Manage Contracts\"}"}]}
RESULT: undefined
COMMAND: POST /session/5d4f89c809828bc74d2aa9c512c29ea4/element - {"using":"xpath","value":"//*[@id=\"__tile130-title\"]"}
RESULT: {"using":"xpath","value":"//*[@id=\"__tile130-title\"]"}
COMMAND: POST /session/5d4f89c809828bc74d2aa9c512c29ea4/element/f.531E98D0DADB2C7D9F82DA313210FC25.d.108603C91DD102D7A51F5430FD308923.e.8962/click - {}
RESULT: {}
COMMAND: GET /session/5d4f89c809828bc74d2aa9c512c29ea4/screenshot - {}
RESULT: {}
COMMAND: POST /session/5d4f89c809828bc74d2aa9c512c29ea4/element - {"using":"xpath","value":"//button[@data-kt=\"addButton\"]"}
RESULT: {"using":"xpath","value":"//button[@data-kt=\"addButton\"]"}
COMMAND: POST /session/5d4f89c809828bc74d2aa9c512c29ea4/element/f.531E98D0DADB2C7D9F82DA313210FC25.d.108603C91DD102D7A51F5430FD308923.e.9035/click - {}
RESULT: {}
COMMAND: GET /session/5d4f89c809828bc74d2aa9c512c29ea4/screenshot - {}
RESULT: {}
COMMAND: POST /session/5d4f89c809828bc74d2aa9c512c29ea4/execute/async - {"script":"<script> [1562 bytes]","args":[{"selector":{"id":"application-managecontracts-display-component---AddNewContract--projectDescription","interaction":{"idSuffix":"inner"}},"wdio_ui5_key":"applicationmanagecontracts-display-component---AddNewContract--projectDescription"}]}
RESULT: {"script":"<script> [1562 bytes]","args":[{"selector":{"id":"application-managecontracts-display-component---AddNewContract--projectDescription","interaction":{"idSuffix":"inner"}},"wdio_ui5_key":"applicationmanagecontracts-display-component---AddNewContract--projectDescription"}]}
RESULT: undefined
COMMAND: POST /session/5d4f89c809828bc74d2aa9c512c29ea4/execute/async - {"script":"<script> [776 bytes]","args":[{"enterText":"WdIOR2c1de1f","selector":{"id":"application-managecontracts-display-component---AddNewContract--projectDescription","interaction":{"idSuffix":"inner"}},"clearTextFirst":true,"interactionType":"ENTER_TEXT"}]}
RESULT: {"script":"<script> [776 bytes]","args":[{"enterText":"WdIOR2c1de1f","selector":{"id":"application-managecontracts-display-component---AddNewContract--projectDescription","interaction":{"idSuffix":"inner"}},"clearTextFirst":true,"interactionType":"ENTER_TEXT"}]}
COMMAND: POST /session/5d4f89c809828bc74d2aa9c512c29ea4/element - {"using":"xpath","value":"//input[@id=\"application-managecontracts-display-component---AddNewContract--yardId-inner\"]"}
RESULT: {"using":"xpath","value":"//input[@id=\"application-managecontracts-display-component---AddNewContract--yardId-inner\"]"}
COMMAND: POST /session/5d4f89c809828bc74d2aa9c512c29ea4/element/f.531E98D0DADB2C7D9F82DA313210FC25.d.108603C91DD102D7A51F5430FD308923.e.9284/clear - {}
RESULT: {}
COMMAND: POST /session/5d4f89c809828bc74d2aa9c512c29ea4/element/f.531E98D0DADB2C7D9F82DA313210FC25.d.108603C91DD102D7A51F5430FD308923.e.9284/value - {"text":"WebdriverYardioj0m"}
COMMAND: GET /session/5d4f89c809828bc74d2aa9c512c29ea4/screenshot - {}
RESULT: {"text":"WebdriverYardioj0m"}
COMMAND: GET /session/5d4f89c809828bc74d2aa9c512c29ea4/screenshot - {}
RESULT: {}
RESULT: {}
COMMAND: POST /session/5d4f89c809828bc74d2aa9c512c29ea4/actions - {"actions":[{"id":"action45","type":"key","parameters":{},"actions":[{"type":"keyDown","value":"î€‡"},{"type":"pause","duration":10},{"type":"keyUp","value":"î€‡"}]}]}
RESULT: {"actions":[{"id":"action45","type":"key","parameters":{},"actions":[{"type":"keyDown","value":"î€‡"},{"type":"pause","duration":10},{"type":"keyUp","value":"î€‡"}]}]}
COMMAND: GET /session/5d4f89c809828bc74d2aa9c512c29ea4/screenshot - {}
RESULT: {}
COMMAND: POST /session/5d4f89c809828bc74d2aa9c512c29ea4/element - {"using":"xpath","value":"//input[@id=\"application-managecontracts-display-component---AddNewContract--customerSelect-inner\"]"}
RESULT: {"using":"xpath","value":"//input[@id=\"application-managecontracts-display-component---AddNewContract--customerSelect-inner\"]"}
COMMAND: POST /session/5d4f89c809828bc74d2aa9c512c29ea4/element/f.531E98D0DADB2C7D9F82DA313210FC25.d.108603C91DD102D7A51F5430FD308923.e.9282/clear - {}
RESULT: {}
COMMAND: POST /session/5d4f89c809828bc74d2aa9c512c29ea4/element/f.531E98D0DADB2C7D9F82DA313210FC25.d.108603C91DD102D7A51F5430FD308923.e.9282/value - {"text":"WebdriverPartner4evzu"}
COMMAND: GET /session/5d4f89c809828bc74d2aa9c512c29ea4/screenshot - {}
RESULT: {"text":"WebdriverPartner4evzu"}
COMMAND: GET /session/5d4f89c809828bc74d2aa9c512c29ea4/screenshot - {}
RESULT: {}
RESULT: {}
COMMAND: POST /session/5d4f89c809828bc74d2aa9c512c29ea4/actions - {"actions":[{"id":"action46","type":"key","parameters":{},"actions":[{"type":"keyDown","value":"î€‡"},{"type":"pause","duration":10},{"type":"keyUp","value":"î€‡"}]}]}
RESULT: {"actions":[{"id":"action46","type":"key","parameters":{},"actions":[{"type":"keyDown","value":"î€‡"},{"type":"pause","duration":10},{"type":"keyUp","value":"î€‡"}]}]}
COMMAND: GET /session/5d4f89c809828bc74d2aa9c512c29ea4/screenshot - {}
RESULT: {}
COMMAND: POST /session/5d4f89c809828bc74d2aa9c512c29ea4/element - {"using":"xpath","value":"//input[@id=\"application-managecontracts-display-component---AddNewContract--site-inner\"]"}
RESULT: {"using":"xpath","value":"//input[@id=\"application-managecontracts-display-component---AddNewContract--site-inner\"]"}
COMMAND: POST /session/5d4f89c809828bc74d2aa9c512c29ea4/element/f.531E98D0DADB2C7D9F82DA313210FC25.d.108603C91DD102D7A51F5430FD308923.e.9283/clear - {}
RESULT: {}
COMMAND: POST /session/5d4f89c809828bc74d2aa9c512c29ea4/element/f.531E98D0DADB2C7D9F82DA313210FC25.d.108603C91DD102D7A51F5430FD308923.e.9283/value - {"text":"WebdriverSiteu6xqu"}
COMMAND: GET /session/5d4f89c809828bc74d2aa9c512c29ea4/screenshot - {}
RESULT: {"text":"WebdriverSiteu6xqu"}
COMMAND: GET /session/5d4f89c809828bc74d2aa9c512c29ea4/screenshot - {}
RESULT: {}
RESULT: {}
COMMAND: POST /session/5d4f89c809828bc74d2aa9c512c29ea4/actions - {"actions":[{"id":"action47","type":"key","parameters":{},"actions":[{"type":"keyDown","value":"î€‡"},{"type":"pause","duration":10},{"type":"keyUp","value":"î€‡"}]}]}
RESULT: {"actions":[{"id":"action47","type":"key","parameters":{},"actions":[{"type":"keyDown","value":"î€‡"},{"type":"pause","duration":10},{"type":"keyUp","value":"î€‡"}]}]}
COMMAND: GET /session/5d4f89c809828bc74d2aa9c512c29ea4/screenshot - {}
COMMAND: POST /session/5d4f89c809828bc74d2aa9c512c29ea4/element - {"using":"xpath","value":"//button[@data-kt=\"saveButton\"]"}
RESULT: {}
RESULT: {"using":"xpath","value":"//button[@data-kt=\"saveButton\"]"}
COMMAND: POST /session/5d4f89c809828bc74d2aa9c512c29ea4/element/f.531E98D0DADB2C7D9F82DA313210FC25.d.108603C91DD102D7A51F5430FD308923.e.9298/click - {}
RESULT: {}
COMMAND: GET /session/5d4f89c809828bc74d2aa9c512c29ea4/screenshot - {}
RESULT: {}
COMMAND: POST /session/5d4f89c809828bc74d2aa9c512c29ea4/execute/async - {"script":"<script> [1562 bytes]","args":[{"selector":{"id":"contractDetailTitleNoExpanded","viewName":"etm.portal.ui.managecontracts.view.Detail"},"wdio_ui5_key":"contractDetailTitleNoExpandedetmportal.ui.managecontracts.view.Detail"}]}
RESULT: {"script":"<script> [1562 bytes]","args":[{"selector":{"id":"contractDetailTitleNoExpanded","viewName":"etm.portal.ui.managecontracts.view.Detail"},"wdio_ui5_key":"contractDetailTitleNoExpandedetmportal.ui.managecontracts.view.Detail"}]}
RESULT: undefined
COMMAND: POST /session/5d4f89c809828bc74d2aa9c512c29ea4/execute/async - {"script":"<script> [6424 bytes]","args":[{"element-6066-11e4-a52e-4f735466cecf":"f.531E98D0DADB2C7D9F82DA313210FC25.d.108603C91DD102D7A51F5430FD308923.e.9381"},"getText",[]]}
RESULT: {"script":"<script> [6424 bytes]","args":[{"element-6066-11e4-a52e-4f735466cecf":"f.531E98D0DADB2C7D9F82DA313210FC25.d.108603C91DD102D7A51F5430FD308923.e.9381"},"getText",[]]}
]]></system-out>
    </testcase>
    <testcase classname="chrome.135_0_7049_96.windows.Insert_service_into_a_contract_US152956" name="Should add a service unit and a service group to the contract" time="88.367">
      <system-out><![CDATA[
COMMAND: POST /session/5d4f89c809828bc74d2aa9c512c29ea4/element - {"using":"xpath","value":"//button[@data-kt=\"contractDetailEditBtnButton\"]"}
RESULT: {"using":"xpath","value":"//button[@data-kt=\"contractDetailEditBtnButton\"]"}
COMMAND: POST /session/5d4f89c809828bc74d2aa9c512c29ea4/execute/sync - {"script":"<script> [8489 bytes]","args":[{"element-6066-11e4-a52e-4f735466cecf":"f.531E98D0DADB2C7D9F82DA313210FC25.d.108603C91DD102D7A51F5430FD308923.e.9382","ELEMENT":"f.531E98D0DADB2C7D9F82DA313210FC25.d.108603C91DD102D7A51F5430FD308923.e.9382"}]}
RESULT: {"script":"<script> [8489 bytes]","args":[{"element-6066-11e4-a52e-4f735466cecf":"f.531E98D0DADB2C7D9F82DA313210FC25.d.108603C91DD102D7A51F5430FD308923.e.9382","ELEMENT":"f.531E98D0DADB2C7D9F82DA313210FC25.d.108603C91DD102D7A51F5430FD308923.e.9382"}]}
COMMAND: POST /session/5d4f89c809828bc74d2aa9c512c29ea4/execute/sync - {"script":"<script> [8489 bytes]","args":[{"element-6066-11e4-a52e-4f735466cecf":"f.531E98D0DADB2C7D9F82DA313210FC25.d.108603C91DD102D7A51F5430FD308923.e.9382","ELEMENT":"f.531E98D0DADB2C7D9F82DA313210FC25.d.108603C91DD102D7A51F5430FD308923.e.9382"}]}
COMMAND: GET /session/5d4f89c809828bc74d2aa9c512c29ea4/screenshot - {}
RESULT: {"script":"<script> [8489 bytes]","args":[{"element-6066-11e4-a52e-4f735466cecf":"f.531E98D0DADB2C7D9F82DA313210FC25.d.108603C91DD102D7A51F5430FD308923.e.9382","ELEMENT":"f.531E98D0DADB2C7D9F82DA313210FC25.d.108603C91DD102D7A51F5430FD308923.e.9382"}]}
COMMAND: POST /session/5d4f89c809828bc74d2aa9c512c29ea4/execute/sync - {"script":"<script> [5351 bytes]","args":[{"element-6066-11e4-a52e-4f735466cecf":"f.531E98D0DADB2C7D9F82DA313210FC25.d.108603C91DD102D7A51F5430FD308923.e.9382","ELEMENT":"f.531E98D0DADB2C7D9F82DA313210FC25.d.108603C91DD102D7A51F5430FD308923.e.9382"}]}
COMMAND: GET /session/5d4f89c809828bc74d2aa9c512c29ea4/screenshot - {}
RESULT: {}
RESULT: {"script":"<script> [5351 bytes]","args":[{"element-6066-11e4-a52e-4f735466cecf":"f.531E98D0DADB2C7D9F82DA313210FC25.d.108603C91DD102D7A51F5430FD308923.e.9382","ELEMENT":"f.531E98D0DADB2C7D9F82DA313210FC25.d.108603C91DD102D7A51F5430FD308923.e.9382"}]}
COMMAND: POST /session/5d4f89c809828bc74d2aa9c512c29ea4/element/f.531E98D0DADB2C7D9F82DA313210FC25.d.108603C91DD102D7A51F5430FD308923.e.9382/click - {}
COMMAND: GET /session/5d4f89c809828bc74d2aa9c512c29ea4/screenshot - {}
RESULT: {}
RESULT: {}
COMMAND: GET /session/5d4f89c809828bc74d2aa9c512c29ea4/screenshot - {}
RESULT: {}
RESULT: {}
COMMAND: POST /session/5d4f89c809828bc74d2aa9c512c29ea4/element - {"using":"xpath","value":"(//span[contains(text(), \"Additional Addresses\")])[2]"}
RESULT: {"using":"xpath","value":"(//span[contains(text(), \"Additional Addresses\")])[2]"}
COMMAND: POST /session/5d4f89c809828bc74d2aa9c512c29ea4/element/f.531E98D0DADB2C7D9F82DA313210FC25.d.108603C91DD102D7A51F5430FD308923.e.9438/click - {}
RESULT: {}
COMMAND: GET /session/5d4f89c809828bc74d2aa9c512c29ea4/screenshot - {}
RESULT: {}
COMMAND: POST /session/5d4f89c809828bc74d2aa9c512c29ea4/element - {"using":"xpath","value":"//button[@data-kt=\"btnAddTableRowOverflowToolbarButton\"]"}
RESULT: {"using":"xpath","value":"//button[@data-kt=\"btnAddTableRowOverflowToolbarButton\"]"}
COMMAND: POST /session/5d4f89c809828bc74d2aa9c512c29ea4/element/f.531E98D0DADB2C7D9F82DA313210FC25.d.108603C91DD102D7A51F5430FD308923.e.9442/click - {}
RESULT: {}
COMMAND: GET /session/5d4f89c809828bc74d2aa9c512c29ea4/screenshot - {}
RESULT: {}
COMMAND: POST /session/5d4f89c809828bc74d2aa9c512c29ea4/element - {"using":"xpath","value":"//div[(text() = 'Standard Entry' or . = 'Standard Entry')]"}
RESULT: {"using":"xpath","value":"//div[(text() = 'Standard Entry' or . = 'Standard Entry')]"}
COMMAND: POST /session/5d4f89c809828bc74d2aa9c512c29ea4/element/f.531E98D0DADB2C7D9F82DA313210FC25.d.108603C91DD102D7A51F5430FD308923.e.9444/click - {}
RESULT: {}
COMMAND: POST /session/5d4f89c809828bc74d2aa9c512c29ea4/element - {"using":"xpath","value":"//button[@data-kt=\"btnAddTableRowOverflowToolbarButton\"]"}
COMMAND: GET /session/5d4f89c809828bc74d2aa9c512c29ea4/screenshot - {}
RESULT: {"using":"xpath","value":"//button[@data-kt=\"btnAddTableRowOverflowToolbarButton\"]"}
COMMAND: POST /session/5d4f89c809828bc74d2aa9c512c29ea4/element/f.531E98D0DADB2C7D9F82DA313210FC25.d.108603C91DD102D7A51F5430FD308923.e.9442/click - {}
RESULT: {}
RESULT: {}
COMMAND: GET /session/5d4f89c809828bc74d2aa9c512c29ea4/screenshot - {}
RESULT: {}
COMMAND: POST /session/5d4f89c809828bc74d2aa9c512c29ea4/element - {"using":"xpath","value":"//div[(text() = 'Standard Entry' or . = 'Standard Entry')]"}
RESULT: {"using":"xpath","value":"//div[(text() = 'Standard Entry' or . = 'Standard Entry')]"}
COMMAND: POST /session/5d4f89c809828bc74d2aa9c512c29ea4/element/f.531E98D0DADB2C7D9F82DA313210FC25.d.108603C91DD102D7A51F5430FD308923.e.9456/click - {}
RESULT: {}
COMMAND: POST /session/5d4f89c809828bc74d2aa9c512c29ea4/element - {"using":"xpath","value":"(//td[6]/div/div/input)[1]"}
COMMAND: GET /session/5d4f89c809828bc74d2aa9c512c29ea4/screenshot - {}
RESULT: {"using":"xpath","value":"(//td[6]/div/div/input)[1]"}
COMMAND: POST /session/5d4f89c809828bc74d2aa9c512c29ea4/element/f.531E98D0DADB2C7D9F82DA313210FC25.d.108603C91DD102D7A51F5430FD308923.e.9458/click - {}
RESULT: {}
RESULT: {}
COMMAND: POST /session/5d4f89c809828bc74d2aa9c512c29ea4/actions - {"actions":[{"id":"action48","type":"key","parameters":{},"actions":[{"type":"keyDown","value":"î€ƒ"},{"type":"pause","duration":10},{"type":"keyUp","value":"î€ƒ"}]}]}
COMMAND: GET /session/5d4f89c809828bc74d2aa9c512c29ea4/screenshot - {}
RESULT: {"actions":[{"id":"action48","type":"key","parameters":{},"actions":[{"type":"keyDown","value":"î€ƒ"},{"type":"pause","duration":10},{"type":"keyUp","value":"î€ƒ"}]}]}
COMMAND: POST /session/5d4f89c809828bc74d2aa9c512c29ea4/element - {"using":"xpath","value":"(//td[6]/div/div/input)[1]"}
COMMAND: GET /session/5d4f89c809828bc74d2aa9c512c29ea4/screenshot - {}
RESULT: {}
RESULT: {"using":"xpath","value":"(//td[6]/div/div/input)[1]"}
COMMAND: POST /session/5d4f89c809828bc74d2aa9c512c29ea4/element/f.531E98D0DADB2C7D9F82DA313210FC25.d.108603C91DD102D7A51F5430FD308923.e.9458/clear - {}
RESULT: {}
RESULT: {}
COMMAND: POST /session/5d4f89c809828bc74d2aa9c512c29ea4/element/f.531E98D0DADB2C7D9F82DA313210FC25.d.108603C91DD102D7A51F5430FD308923.e.9458/value - {"text":"Service Unit"}
COMMAND: GET /session/5d4f89c809828bc74d2aa9c512c29ea4/screenshot - {}
RESULT: {"text":"Service Unit"}
COMMAND: GET /session/5d4f89c809828bc74d2aa9c512c29ea4/screenshot - {}
RESULT: {}
RESULT: {}
COMMAND: POST /session/5d4f89c809828bc74d2aa9c512c29ea4/actions - {"actions":[{"id":"action49","type":"key","parameters":{},"actions":[{"type":"keyDown","value":"î€‡"},{"type":"pause","duration":10},{"type":"keyUp","value":"î€‡"}]}]}
RESULT: {"actions":[{"id":"action49","type":"key","parameters":{},"actions":[{"type":"keyDown","value":"î€‡"},{"type":"pause","duration":10},{"type":"keyUp","value":"î€‡"}]}]}
COMMAND: GET /session/5d4f89c809828bc74d2aa9c512c29ea4/screenshot - {}
RESULT: {}
COMMAND: POST /session/5d4f89c809828bc74d2aa9c512c29ea4/actions - {"actions":[{"id":"action50","type":"key","parameters":{},"actions":[{"type":"keyDown","value":"î€‡"},{"type":"pause","duration":10},{"type":"keyUp","value":"î€‡"}]}]}
RESULT: {"actions":[{"id":"action50","type":"key","parameters":{},"actions":[{"type":"keyDown","value":"î€‡"},{"type":"pause","duration":10},{"type":"keyUp","value":"î€‡"}]}]}
COMMAND: POST /session/5d4f89c809828bc74d2aa9c512c29ea4/element - {"using":"xpath","value":"(//td[7]/div/div/input)[1]"}
COMMAND: GET /session/5d4f89c809828bc74d2aa9c512c29ea4/screenshot - {}
RESULT: {"using":"xpath","value":"(//td[7]/div/div/input)[1]"}
COMMAND: POST /session/5d4f89c809828bc74d2aa9c512c29ea4/element/f.531E98D0DADB2C7D9F82DA313210FC25.d.108603C91DD102D7A51F5430FD308923.e.9474/clear - {}
RESULT: {}
RESULT: {}
COMMAND: POST /session/5d4f89c809828bc74d2aa9c512c29ea4/element/f.531E98D0DADB2C7D9F82DA313210FC25.d.108603C91DD102D7A51F5430FD308923.e.9474/value - {"text":"1000001"}
COMMAND: GET /session/5d4f89c809828bc74d2aa9c512c29ea4/screenshot - {}
RESULT: {"text":"1000001"}
COMMAND: GET /session/5d4f89c809828bc74d2aa9c512c29ea4/screenshot - {}
RESULT: {}
RESULT: {}
COMMAND: POST /session/5d4f89c809828bc74d2aa9c512c29ea4/actions - {"actions":[{"id":"action51","type":"key","parameters":{},"actions":[{"type":"keyDown","value":"î€‡"},{"type":"pause","duration":10},{"type":"keyUp","value":"î€‡"}]}]}
RESULT: {"actions":[{"id":"action51","type":"key","parameters":{},"actions":[{"type":"keyDown","value":"î€‡"},{"type":"pause","duration":10},{"type":"keyUp","value":"î€‡"}]}]}
COMMAND: GET /session/5d4f89c809828bc74d2aa9c512c29ea4/screenshot - {}
RESULT: {}
COMMAND: POST /session/5d4f89c809828bc74d2aa9c512c29ea4/actions - {"actions":[{"id":"action52","type":"key","parameters":{},"actions":[{"type":"keyDown","value":"î€‡"},{"type":"pause","duration":10},{"type":"keyUp","value":"î€‡"}]}]}
RESULT: {"actions":[{"id":"action52","type":"key","parameters":{},"actions":[{"type":"keyDown","value":"î€‡"},{"type":"pause","duration":10},{"type":"keyUp","value":"î€‡"}]}]}
COMMAND: GET /session/5d4f89c809828bc74d2aa9c512c29ea4/screenshot - {}
RESULT: {}
COMMAND: POST /session/5d4f89c809828bc74d2aa9c512c29ea4/element - {"using":"xpath","value":"(//td[6]/div/div/input)[2]"}
RESULT: {"using":"xpath","value":"(//td[6]/div/div/input)[2]"}
COMMAND: POST /session/5d4f89c809828bc74d2aa9c512c29ea4/element/f.531E98D0DADB2C7D9F82DA313210FC25.d.108603C91DD102D7A51F5430FD308923.e.9446/click - {}
RESULT: {}
COMMAND: POST /session/5d4f89c809828bc74d2aa9c512c29ea4/actions - {"actions":[{"id":"action53","type":"key","parameters":{},"actions":[{"type":"keyDown","value":"î€ƒ"},{"type":"pause","duration":10},{"type":"keyUp","value":"î€ƒ"}]}]}
COMMAND: GET /session/5d4f89c809828bc74d2aa9c512c29ea4/screenshot - {}
RESULT: {}
RESULT: {"actions":[{"id":"action53","type":"key","parameters":{},"actions":[{"type":"keyDown","value":"î€ƒ"},{"type":"pause","duration":10},{"type":"keyUp","value":"î€ƒ"}]}]}
COMMAND: POST /session/5d4f89c809828bc74d2aa9c512c29ea4/element - {"using":"xpath","value":"(//td[6]/div/div/input)[2]"}
COMMAND: GET /session/5d4f89c809828bc74d2aa9c512c29ea4/screenshot - {}
RESULT: {"using":"xpath","value":"(//td[6]/div/div/input)[2]"}
COMMAND: POST /session/5d4f89c809828bc74d2aa9c512c29ea4/element/f.531E98D0DADB2C7D9F82DA313210FC25.d.108603C91DD102D7A51F5430FD308923.e.9446/clear - {}
RESULT: {}
RESULT: {}
COMMAND: POST /session/5d4f89c809828bc74d2aa9c512c29ea4/element/f.531E98D0DADB2C7D9F82DA313210FC25.d.108603C91DD102D7A51F5430FD308923.e.9446/value - {"text":"Service Unit Group"}
COMMAND: GET /session/5d4f89c809828bc74d2aa9c512c29ea4/screenshot - {}
RESULT: {"text":"Service Unit Group"}
COMMAND: GET /session/5d4f89c809828bc74d2aa9c512c29ea4/screenshot - {}
RESULT: {}
RESULT: {}
COMMAND: POST /session/5d4f89c809828bc74d2aa9c512c29ea4/actions - {"actions":[{"id":"action54","type":"key","parameters":{},"actions":[{"type":"keyDown","value":"î€‡"},{"type":"pause","duration":10},{"type":"keyUp","value":"î€‡"}]}]}
RESULT: {"actions":[{"id":"action54","type":"key","parameters":{},"actions":[{"type":"keyDown","value":"î€‡"},{"type":"pause","duration":10},{"type":"keyUp","value":"î€‡"}]}]}
COMMAND: GET /session/5d4f89c809828bc74d2aa9c512c29ea4/screenshot - {}
RESULT: {}
COMMAND: POST /session/5d4f89c809828bc74d2aa9c512c29ea4/actions - {"actions":[{"id":"action55","type":"key","parameters":{},"actions":[{"type":"keyDown","value":"î€‡"},{"type":"pause","duration":10},{"type":"keyUp","value":"î€‡"}]}]}
RESULT: {"actions":[{"id":"action55","type":"key","parameters":{},"actions":[{"type":"keyDown","value":"î€‡"},{"type":"pause","duration":10},{"type":"keyUp","value":"î€‡"}]}]}
COMMAND: POST /session/5d4f89c809828bc74d2aa9c512c29ea4/element - {"using":"xpath","value":"(//td[7]/div/div/input)[2]"}
COMMAND: GET /session/5d4f89c809828bc74d2aa9c512c29ea4/screenshot - {}
RESULT: {"using":"xpath","value":"(//td[7]/div/div/input)[2]"}
COMMAND: POST /session/5d4f89c809828bc74d2aa9c512c29ea4/element/f.531E98D0DADB2C7D9F82DA313210FC25.d.108603C91DD102D7A51F5430FD308923.e.9503/clear - {}
RESULT: {}
RESULT: {}
COMMAND: POST /session/5d4f89c809828bc74d2aa9c512c29ea4/element/f.531E98D0DADB2C7D9F82DA313210FC25.d.108603C91DD102D7A51F5430FD308923.e.9503/value - {"text":"1100001"}
COMMAND: GET /session/5d4f89c809828bc74d2aa9c512c29ea4/screenshot - {}
RESULT: {"text":"1100001"}
COMMAND: GET /session/5d4f89c809828bc74d2aa9c512c29ea4/screenshot - {}
RESULT: {}
RESULT: {}
COMMAND: POST /session/5d4f89c809828bc74d2aa9c512c29ea4/actions - {"actions":[{"id":"action56","type":"key","parameters":{},"actions":[{"type":"keyDown","value":"î€‡"},{"type":"pause","duration":10},{"type":"keyUp","value":"î€‡"}]}]}
RESULT: {"actions":[{"id":"action56","type":"key","parameters":{},"actions":[{"type":"keyDown","value":"î€‡"},{"type":"pause","duration":10},{"type":"keyUp","value":"î€‡"}]}]}
COMMAND: GET /session/5d4f89c809828bc74d2aa9c512c29ea4/screenshot - {}
RESULT: {}
COMMAND: POST /session/5d4f89c809828bc74d2aa9c512c29ea4/actions - {"actions":[{"id":"action57","type":"key","parameters":{},"actions":[{"type":"keyDown","value":"î€‡"},{"type":"pause","duration":10},{"type":"keyUp","value":"î€‡"}]}]}
RESULT: {"actions":[{"id":"action57","type":"key","parameters":{},"actions":[{"type":"keyDown","value":"î€‡"},{"type":"pause","duration":10},{"type":"keyUp","value":"î€‡"}]}]}
COMMAND: GET /session/5d4f89c809828bc74d2aa9c512c29ea4/screenshot - {}
RESULT: {}
COMMAND: POST /session/5d4f89c809828bc74d2aa9c512c29ea4/element - {"using":"xpath","value":"(//button[@data-kt=\"saveButton\"])[2]"}
RESULT: {"using":"xpath","value":"(//button[@data-kt=\"saveButton\"])[2]"}
COMMAND: POST /session/5d4f89c809828bc74d2aa9c512c29ea4/element/f.531E98D0DADB2C7D9F82DA313210FC25.d.108603C91DD102D7A51F5430FD308923.e.9527/click - {}
RESULT: {}
COMMAND: GET /session/5d4f89c809828bc74d2aa9c512c29ea4/screenshot - {}
RESULT: {}
COMMAND: POST /session/5d4f89c809828bc74d2aa9c512c29ea4/element - {"using":"xpath","value":"(//span[contains(text(), \"Additional Addresses\")])[1]"}
RESULT: {"using":"xpath","value":"(//span[contains(text(), \"Additional Addresses\")])[1]"}
COMMAND: POST /session/5d4f89c809828bc74d2aa9c512c29ea4/element/f.531E98D0DADB2C7D9F82DA313210FC25.d.108603C91DD102D7A51F5430FD308923.e.9530/click - {}
RESULT: {}
COMMAND: GET /session/5d4f89c809828bc74d2aa9c512c29ea4/screenshot - {}
RESULT: {}
COMMAND: POST /session/5d4f89c809828bc74d2aa9c512c29ea4/execute/async - {"script":"<script> [1562 bytes]","args":[{"selector":{"controlType":"sap.m.Title","viewName":"etm.portal.ui.managecontracts.view.Detail","properties":{"text":"Contract Items (2)"}},"wdio_ui5_key":"etmportal.ui.managecontracts.view.Detailsap.m.Title{\"text\":\"Contract Items (2)\"}"}]}
RESULT: {"script":"<script> [1562 bytes]","args":[{"selector":{"controlType":"sap.m.Title","viewName":"etm.portal.ui.managecontracts.view.Detail","properties":{"text":"Contract Items (2)"}},"wdio_ui5_key":"etmportal.ui.managecontracts.view.Detailsap.m.Title{\"text\":\"Contract Items (2)\"}"}]}
RESULT: undefined
COMMAND: POST /session/5d4f89c809828bc74d2aa9c512c29ea4/execute/async - {"script":"<script> [6424 bytes]","args":[{"element-6066-11e4-a52e-4f735466cecf":"f.531E98D0DADB2C7D9F82DA313210FC25.d.108603C91DD102D7A51F5430FD308923.e.9532"},"getText",[]]}
RESULT: {"script":"<script> [6424 bytes]","args":[{"element-6066-11e4-a52e-4f735466cecf":"f.531E98D0DADB2C7D9F82DA313210FC25.d.108603C91DD102D7A51F5430FD308923.e.9532"},"getText",[]]}
COMMAND: POST /session/5d4f89c809828bc74d2aa9c512c29ea4/element - {"using":"xpath","value":"(//span[contains(@class ,\"sapMObjStatusText\")])[1]"}
RESULT: {"using":"xpath","value":"(//span[contains(@class ,\"sapMObjStatusText\")])[1]"}
COMMAND: GET /session/5d4f89c809828bc74d2aa9c512c29ea4/element/f.531E98D0DADB2C7D9F82DA313210FC25.d.108603C91DD102D7A51F5430FD308923.e.9533/text - {}
RESULT: {}
COMMAND: POST /session/5d4f89c809828bc74d2aa9c512c29ea4/element - {"using":"xpath","value":"(//span[contains(@class ,\"sapMObjStatusText\")])[4]"}
RESULT: {"using":"xpath","value":"(//span[contains(@class ,\"sapMObjStatusText\")])[4]"}
COMMAND: GET /session/5d4f89c809828bc74d2aa9c512c29ea4/element/f.531E98D0DADB2C7D9F82DA313210FC25.d.108603C91DD102D7A51F5430FD308923.e.9534/text - {}
RESULT: {}
COMMAND: POST /session/5d4f89c809828bc74d2aa9c512c29ea4/element - {"using":"css selector","value":"#shell-header-logo"}
RESULT: {"using":"css selector","value":"#shell-header-logo"}
COMMAND: POST /session/5d4f89c809828bc74d2aa9c512c29ea4/element/f.531E98D0DADB2C7D9F82DA313210FC25.d.108603C91DD102D7A51F5430FD308923.e.8965/click - {}
RESULT: {}
COMMAND: GET /session/5d4f89c809828bc74d2aa9c512c29ea4/screenshot - {}
RESULT: {}
]]></system-out>
    </testcase>
  </testsuite>
  <testsuite timestamp="2025-05-05T18:18:52" time="204.393" tests="2" failures="0" errors="0" skipped="0">
    <properties>
      <property name="specId" value="0" />
      <property name="suiteName" value="Reduced contract US151275" />
      <property name="capabilities" value="chrome.135_0_7049_96.windows" />
      <property name="file" value="file:///D:/a/1/s/test/specs/R2C/reduced-contract-creation.spec.js" />
    </properties>
    <testcase classname="chrome.135_0_7049_96.windows.Reduced_contract_US151275" name="Should create a new reduced contract" time="144.22">
      <system-out><![CDATA[
RESULT: undefined
COMMAND: POST /session/5d4f89c809828bc74d2aa9c512c29ea4/element - {"using":"xpath","value":"//*[@id=\"__tile130\"]"}
RESULT: {"using":"xpath","value":"//*[@id=\"__tile130\"]"}
COMMAND: POST /session/5d4f89c809828bc74d2aa9c512c29ea4/element/f.531E98D0DADB2C7D9F82DA313210FC25.d.108603C91DD102D7A51F5430FD308923.e.8645/click - {}
RESULT: {}
COMMAND: GET /session/5d4f89c809828bc74d2aa9c512c29ea4/screenshot - {}
RESULT: {}
COMMAND: POST /session/5d4f89c809828bc74d2aa9c512c29ea4/element - {"using":"xpath","value":"//button[@data-kt=\"addButton\"]"}
RESULT: {"using":"xpath","value":"//button[@data-kt=\"addButton\"]"}
COMMAND: POST /session/5d4f89c809828bc74d2aa9c512c29ea4/element/f.531E98D0DADB2C7D9F82DA313210FC25.d.108603C91DD102D7A51F5430FD308923.e.9610/click - {}
RESULT: {}
COMMAND: GET /session/5d4f89c809828bc74d2aa9c512c29ea4/screenshot - {}
RESULT: {}
COMMAND: POST /session/5d4f89c809828bc74d2aa9c512c29ea4/refresh - {}
RESULT: {}
COMMAND: GET /session/5d4f89c809828bc74d2aa9c512c29ea4/screenshot - {}
RESULT: {}
COMMAND: POST /session/5d4f89c809828bc74d2aa9c512c29ea4/execute/async - {"script":"<script> [189 bytes]","args":[]}
RESULT: {"script":"<script> [189 bytes]","args":[]}
COMMAND: POST /session/5d4f89c809828bc74d2aa9c512c29ea4/execute/async - {"script":"<script> [123 bytes]","args":[]}
RESULT: {"script":"<script> [123 bytes]","args":[]}
COMMAND: POST /session/5d4f89c809828bc74d2aa9c512c29ea4/timeouts - {"script":"<number>"}
RESULT: {"script":"<number>"}
COMMAND: GET /session/5d4f89c809828bc74d2aa9c512c29ea4/timeouts - {}
RESULT: {}
RESULT: undefined
COMMAND: POST /session/5d4f89c809828bc74d2aa9c512c29ea4/execute/async - {"script":"<script> [2676 bytes]","args":[]}
RESULT: {"script":"<script> [2676 bytes]","args":[]}
COMMAND: POST /session/5d4f89c809828bc74d2aa9c512c29ea4/execute/async - {"script":"<script> [2342 bytes]","args":[{"protocol":"http","hostname":"0.0.0.0","path":"/","capabilities":{"browserName":"chrome","goog:chromeOptions":{"binary":"C:\\Program Files\\Google\\Chrome\\Application\\chrome.exe","args":["--start-maximized"]}},"logLevel":"warn","connectionRetryTimeout":120000,"connectionRetryCount":3,"logLevels":{},"enableDirectConnect":true,"strictSSL":true,"_":"65 more keys: [\"cacheDir\",\"port\",\"requestedCapabilities\",\"automationProtocol\",\"baseUrl\",\"waitforInterval\",\"waitforTimeout\",\"onReload\",\"beforeCommand\",\"afterCommand\",\"rootDir\",\"specs\",\"suites\",\"exclude\",\"groupLogsByTestSpec\",\"excludeDriverLogs\",\"bail\",\"framework\",\"reporters\",\"services\",\"maxInstances\",\"maxInstancesPerCapability\",\"injectGlobals\",\"filesToWatch\",\"execArgv\",\"runnerEnv\",\"runner\",\"shard\",\"specFileRetries\",\"specFileRetriesDelay\",\"specFileRetriesDeferred\",\"reporterSyncInterval\",\"reporterSyncTimeout\",\"cucumberFeaturesWithLineNumbers\",\"autoCompileOpts\",\"mochaOpts\",\"jasmineOpts\",\"cucumberOpts\",\"onPrepare\",\"onWorkerStart\",\"onWorkerEnd\",\"before\",\"beforeSession\",\"beforeSuite\",\"beforeHook\",\"beforeTest\",\"afterTest\",\"afterHook\",\"afterSuite\",\"afterSession\",\"after\",\"onComplete\",\"beforeAssertion\",\"afterAssertion\",\"beforeFeature\",\"beforeScenario\",\"beforeStep\",\"afterStep\",\"afterScenario\",\"afterFeature\",\"_\",\"suite\",\"$0\",\"ignoredWorkerServices\",\"wdi5\"]"}]}
RESULT: {"script":"<script> [2342 bytes]","args":[{"protocol":"http","hostname":"0.0.0.0","path":"/","capabilities":{"browserName":"chrome","goog:chromeOptions":{"binary":"C:\\Program Files\\Google\\Chrome\\Application\\chrome.exe","args":["--start-maximized"]}},"logLevel":"warn","connectionRetryTimeout":120000,"connectionRetryCount":3,"logLevels":{},"enableDirectConnect":true,"strictSSL":true,"_":"65 more keys: [\"cacheDir\",\"port\",\"requestedCapabilities\",\"automationProtocol\",\"baseUrl\",\"waitforInterval\",\"waitforTimeout\",\"onReload\",\"beforeCommand\",\"afterCommand\",\"rootDir\",\"specs\",\"suites\",\"exclude\",\"groupLogsByTestSpec\",\"excludeDriverLogs\",\"bail\",\"framework\",\"reporters\",\"services\",\"maxInstances\",\"maxInstancesPerCapability\",\"injectGlobals\",\"filesToWatch\",\"execArgv\",\"runnerEnv\",\"runner\",\"shard\",\"specFileRetries\",\"specFileRetriesDelay\",\"specFileRetriesDeferred\",\"reporterSyncInterval\",\"reporterSyncTimeout\",\"cucumberFeaturesWithLineNumbers\",\"autoCompileOpts\",\"mochaOpts\",\"jasmineOpts\",\"cucumberOpts\",\"onPrepare\",\"onWorkerStart\",\"onWorkerEnd\",\"before\",\"beforeSession\",\"beforeSuite\",\"beforeHook\",\"beforeTest\",\"afterTest\",\"afterHook\",\"afterSuite\",\"afterSession\",\"after\",\"onComplete\",\"beforeAssertion\",\"afterAssertion\",\"beforeFeature\",\"beforeScenario\",\"beforeStep\",\"afterStep\",\"afterScenario\",\"afterFeature\",\"_\",\"suite\",\"$0\",\"ignoredWorkerServices\",\"wdi5\"]"}]}
COMMAND: POST /session/5d4f89c809828bc74d2aa9c512c29ea4/execute/async - {"script":"<script> [21126 bytes]","args":[35000]}
RESULT: {"script":"<script> [21126 bytes]","args":[35000]}
COMMAND: POST /session/5d4f89c809828bc74d2aa9c512c29ea4/execute/async - {"script":"<script> [1562 bytes]","args":[{"selector":{"id":"application-managecontracts-display-component---AddNewContract--contractType","interaction":{"idSuffix":"arrow"}},"wdio_ui5_key":"applicationmanagecontracts-display-component---AddNewContract--contractType"}]}
RESULT: {"script":"<script> [1562 bytes]","args":[{"selector":{"id":"application-managecontracts-display-component---AddNewContract--contractType","interaction":{"idSuffix":"arrow"}},"wdio_ui5_key":"applicationmanagecontracts-display-component---AddNewContract--contractType"}]}
RESULT: undefined
COMMAND: POST /session/5d4f89c809828bc74d2aa9c512c29ea4/element - {"using":"xpath","value":"//*[@id=\"application-managecontracts-display-component---AddNewContract--contractType\"]"}
RESULT: {"using":"xpath","value":"//*[@id=\"application-managecontracts-display-component---AddNewContract--contractType\"]"}
COMMAND: POST /session/5d4f89c809828bc74d2aa9c512c29ea4/element/f.531E98D0DADB2C7D9F82DA313210FC25.d.521CF6F2E75718D647F588B960EAA6D8.e.10049/click - {}
RESULT: {}
COMMAND: GET /session/5d4f89c809828bc74d2aa9c512c29ea4/screenshot - {}
RESULT: {}
COMMAND: POST /session/5d4f89c809828bc74d2aa9c512c29ea4/execute/async - {"script":"<script> [1562 bytes]","args":[{"selector":{"controlType":"sap.ui.core.Item","viewName":"etm.portal.ui.managecontracts.view.AddNewContract","viewId":"application-managecontracts-display-component---AddNewContract","bindingPath":{"path":"/ContractTypes('02')","propertyPath":"ID","modelName":"catalogModel"},"searchOpenDialogs":true},"wdio_ui5_key":"etmportal.ui.managecontracts.view.AddNewContractsap.ui.core.Item{\"path\":\"/ContractTypes('02')\",\"propertyPath\":\"ID\",\"modelName\":\"catalogModel\"}"}]}
RESULT: {"script":"<script> [1562 bytes]","args":[{"selector":{"controlType":"sap.ui.core.Item","viewName":"etm.portal.ui.managecontracts.view.AddNewContract","viewId":"application-managecontracts-display-component---AddNewContract","bindingPath":{"path":"/ContractTypes('02')","propertyPath":"ID","modelName":"catalogModel"},"searchOpenDialogs":true},"wdio_ui5_key":"etmportal.ui.managecontracts.view.AddNewContractsap.ui.core.Item{\"path\":\"/ContractTypes('02')\",\"propertyPath\":\"ID\",\"modelName\":\"catalogModel\"}"}]}
RESULT: undefined
COMMAND: POST /session/5d4f89c809828bc74d2aa9c512c29ea4/element - {"using":"xpath","value":"//*[@id=\"__item44-application-managecontracts-display-component---AddNewContract--contractType-1\"]"}
RESULT: {"using":"xpath","value":"//*[@id=\"__item44-application-managecontracts-display-component---AddNewContract--contractType-1\"]"}
COMMAND: POST /session/5d4f89c809828bc74d2aa9c512c29ea4/element/f.531E98D0DADB2C7D9F82DA313210FC25.d.521CF6F2E75718D647F588B960EAA6D8.e.10050/click - {}
RESULT: {}
COMMAND: GET /session/5d4f89c809828bc74d2aa9c512c29ea4/screenshot - {}
RESULT: {}
COMMAND: POST /session/5d4f89c809828bc74d2aa9c512c29ea4/execute/async - {"script":"<script> [1562 bytes]","args":[{"selector":{"id":"application-managecontracts-display-component---AddNewContract--projectDescription","interaction":{"idSuffix":"inner"}},"wdio_ui5_key":"applicationmanagecontracts-display-component---AddNewContract--projectDescription"}]}
RESULT: {"script":"<script> [1562 bytes]","args":[{"selector":{"id":"application-managecontracts-display-component---AddNewContract--projectDescription","interaction":{"idSuffix":"inner"}},"wdio_ui5_key":"applicationmanagecontracts-display-component---AddNewContract--projectDescription"}]}
RESULT: undefined
COMMAND: POST /session/5d4f89c809828bc74d2aa9c512c29ea4/execute/async - {"script":"<script> [776 bytes]","args":[{"enterText":"WdIOReducedwm9um","selector":{"id":"application-managecontracts-display-component---AddNewContract--projectDescription","interaction":{"idSuffix":"inner"}},"clearTextFirst":true,"interactionType":"ENTER_TEXT"}]}
RESULT: {"script":"<script> [776 bytes]","args":[{"enterText":"WdIOReducedwm9um","selector":{"id":"application-managecontracts-display-component---AddNewContract--projectDescription","interaction":{"idSuffix":"inner"}},"clearTextFirst":true,"interactionType":"ENTER_TEXT"}]}
COMMAND: POST /session/5d4f89c809828bc74d2aa9c512c29ea4/element - {"using":"xpath","value":"//input[@id=\"application-managecontracts-display-component---AddNewContract--yardId-inner\"]"}
RESULT: {"using":"xpath","value":"//input[@id=\"application-managecontracts-display-component---AddNewContract--yardId-inner\"]"}
COMMAND: POST /session/5d4f89c809828bc74d2aa9c512c29ea4/element/f.531E98D0DADB2C7D9F82DA313210FC25.d.521CF6F2E75718D647F588B960EAA6D8.e.9972/clear - {}
RESULT: {}
COMMAND: POST /session/5d4f89c809828bc74d2aa9c512c29ea4/element/f.531E98D0DADB2C7D9F82DA313210FC25.d.521CF6F2E75718D647F588B960EAA6D8.e.9972/value - {"text":"WebdriverYardioj0m"}
COMMAND: GET /session/5d4f89c809828bc74d2aa9c512c29ea4/screenshot - {}
RESULT: {"text":"WebdriverYardioj0m"}
COMMAND: GET /session/5d4f89c809828bc74d2aa9c512c29ea4/screenshot - {}
RESULT: {}
RESULT: {}
COMMAND: POST /session/5d4f89c809828bc74d2aa9c512c29ea4/actions - {"actions":[{"id":"action58","type":"key","parameters":{},"actions":[{"type":"keyDown","value":"î€‡"},{"type":"pause","duration":10},{"type":"keyUp","value":"î€‡"}]}]}
RESULT: {"actions":[{"id":"action58","type":"key","parameters":{},"actions":[{"type":"keyDown","value":"î€‡"},{"type":"pause","duration":10},{"type":"keyUp","value":"î€‡"}]}]}
COMMAND: GET /session/5d4f89c809828bc74d2aa9c512c29ea4/screenshot - {}
RESULT: {}
COMMAND: POST /session/5d4f89c809828bc74d2aa9c512c29ea4/element - {"using":"xpath","value":"//input[@id=\"application-managecontracts-display-component---AddNewContract--customerSelect-inner\"]"}
RESULT: {"using":"xpath","value":"//input[@id=\"application-managecontracts-display-component---AddNewContract--customerSelect-inner\"]"}
COMMAND: POST /session/5d4f89c809828bc74d2aa9c512c29ea4/element/f.531E98D0DADB2C7D9F82DA313210FC25.d.521CF6F2E75718D647F588B960EAA6D8.e.9970/clear - {}
RESULT: {}
COMMAND: POST /session/5d4f89c809828bc74d2aa9c512c29ea4/element/f.531E98D0DADB2C7D9F82DA313210FC25.d.521CF6F2E75718D647F588B960EAA6D8.e.9970/value - {"text":"WebdriverPartner4evzu"}
COMMAND: GET /session/5d4f89c809828bc74d2aa9c512c29ea4/screenshot - {}
RESULT: {"text":"WebdriverPartner4evzu"}
COMMAND: GET /session/5d4f89c809828bc74d2aa9c512c29ea4/screenshot - {}
RESULT: {}
RESULT: {}
COMMAND: POST /session/5d4f89c809828bc74d2aa9c512c29ea4/actions - {"actions":[{"id":"action59","type":"key","parameters":{},"actions":[{"type":"keyDown","value":"î€‡"},{"type":"pause","duration":10},{"type":"keyUp","value":"î€‡"}]}]}
RESULT: {"actions":[{"id":"action59","type":"key","parameters":{},"actions":[{"type":"keyDown","value":"î€‡"},{"type":"pause","duration":10},{"type":"keyUp","value":"î€‡"}]}]}
COMMAND: GET /session/5d4f89c809828bc74d2aa9c512c29ea4/screenshot - {}
RESULT: {}
COMMAND: POST /session/5d4f89c809828bc74d2aa9c512c29ea4/execute/async - {"script":"<script> [1562 bytes]","args":[{"selector":{"id":"application-managecontracts-display-component---AddNewContract--calendarInput-arrow"},"wdio_ui5_key":"applicationmanagecontracts-display-component---AddNewContract--calendarInput-arrow"}]}
RESULT: {"script":"<script> [1562 bytes]","args":[{"selector":{"id":"application-managecontracts-display-component---AddNewContract--calendarInput-arrow"},"wdio_ui5_key":"applicationmanagecontracts-display-component---AddNewContract--calendarInput-arrow"}]}
RESULT: undefined
COMMAND: POST /session/5d4f89c809828bc74d2aa9c512c29ea4/element - {"using":"xpath","value":"//*[@id=\"application-managecontracts-display-component---AddNewContract--calendarInput-arrow\"]"}
RESULT: {"using":"xpath","value":"//*[@id=\"application-managecontracts-display-component---AddNewContract--calendarInput-arrow\"]"}
COMMAND: POST /session/5d4f89c809828bc74d2aa9c512c29ea4/element/f.531E98D0DADB2C7D9F82DA313210FC25.d.521CF6F2E75718D647F588B960EAA6D8.e.10054/click - {}
RESULT: {}
COMMAND: GET /session/5d4f89c809828bc74d2aa9c512c29ea4/screenshot - {}
RESULT: {}
COMMAND: POST /session/5d4f89c809828bc74d2aa9c512c29ea4/execute/async - {"script":"<script> [1562 bytes]","args":[{"selector":{"controlType":"sap.m.StandardListItem","viewName":"etm.portal.ui.managecontracts.view.AddNewContract","viewId":"application-managecontracts-display-component---AddNewContract","properties":{"title":"1 - Calendar unit test patch"},"searchOpenDialogs":true,"interaction":{"idSuffix":"titleText"}},"wdio_ui5_key":"etmportal.ui.managecontracts.view.AddNewContractsap.m.StandardListItem{\"title\":\"1 - Calendar unit test patch\"}"}]}
RESULT: {"script":"<script> [1562 bytes]","args":[{"selector":{"controlType":"sap.m.StandardListItem","viewName":"etm.portal.ui.managecontracts.view.AddNewContract","viewId":"application-managecontracts-display-component---AddNewContract","properties":{"title":"1 - Calendar unit test patch"},"searchOpenDialogs":true,"interaction":{"idSuffix":"titleText"}},"wdio_ui5_key":"etmportal.ui.managecontracts.view.AddNewContractsap.m.StandardListItem{\"title\":\"1 - Calendar unit test patch\"}"}]}
RESULT: undefined
COMMAND: POST /session/5d4f89c809828bc74d2aa9c512c29ea4/element - {"using":"xpath","value":"//*[@id=\"__item1031\"]"}
RESULT: {"using":"xpath","value":"//*[@id=\"__item1031\"]"}
COMMAND: POST /session/5d4f89c809828bc74d2aa9c512c29ea4/element/f.531E98D0DADB2C7D9F82DA313210FC25.d.521CF6F2E75718D647F588B960EAA6D8.e.10056/click - {}
RESULT: {}
COMMAND: GET /session/5d4f89c809828bc74d2aa9c512c29ea4/screenshot - {}
RESULT: {}
COMMAND: POST /session/5d4f89c809828bc74d2aa9c512c29ea4/execute/async - {"script":"<script> [1562 bytes]","args":[{"selector":{"id":"application-managecontracts-display-component---AddNewContract--streetInput","interaction":{"idSuffix":"inner"}},"wdio_ui5_key":"applicationmanagecontracts-display-component---AddNewContract--streetInput"}]}
RESULT: {"script":"<script> [1562 bytes]","args":[{"selector":{"id":"application-managecontracts-display-component---AddNewContract--streetInput","interaction":{"idSuffix":"inner"}},"wdio_ui5_key":"applicationmanagecontracts-display-component---AddNewContract--streetInput"}]}
RESULT: undefined
COMMAND: POST /session/5d4f89c809828bc74d2aa9c512c29ea4/execute/async - {"script":"<script> [776 bytes]","args":[{"enterText":"StreetWdIO","selector":{"id":"application-managecontracts-display-component---AddNewContract--streetInput","interaction":{"idSuffix":"inner"}},"clearTextFirst":true,"interactionType":"ENTER_TEXT"}]}
RESULT: {"script":"<script> [776 bytes]","args":[{"enterText":"StreetWdIO","selector":{"id":"application-managecontracts-display-component---AddNewContract--streetInput","interaction":{"idSuffix":"inner"}},"clearTextFirst":true,"interactionType":"ENTER_TEXT"}]}
COMMAND: POST /session/5d4f89c809828bc74d2aa9c512c29ea4/execute/async - {"script":"<script> [1562 bytes]","args":[{"selector":{"id":"application-managecontracts-display-component---AddNewContract--numberInput","interaction":{"idSuffix":"inner"}},"wdio_ui5_key":"applicationmanagecontracts-display-component---AddNewContract--numberInput"}]}
RESULT: {"script":"<script> [1562 bytes]","args":[{"selector":{"id":"application-managecontracts-display-component---AddNewContract--numberInput","interaction":{"idSuffix":"inner"}},"wdio_ui5_key":"applicationmanagecontracts-display-component---AddNewContract--numberInput"}]}
RESULT: undefined
COMMAND: POST /session/5d4f89c809828bc74d2aa9c512c29ea4/execute/async - {"script":"<script> [776 bytes]","args":[{"enterText":"3","selector":{"id":"application-managecontracts-display-component---AddNewContract--numberInput","interaction":{"idSuffix":"inner"}},"clearTextFirst":true,"interactionType":"ENTER_TEXT"}]}
RESULT: {"script":"<script> [776 bytes]","args":[{"enterText":"3","selector":{"id":"application-managecontracts-display-component---AddNewContract--numberInput","interaction":{"idSuffix":"inner"}},"clearTextFirst":true,"interactionType":"ENTER_TEXT"}]}
COMMAND: POST /session/5d4f89c809828bc74d2aa9c512c29ea4/execute/async - {"script":"<script> [1562 bytes]","args":[{"selector":{"id":"application-managecontracts-display-component---AddNewContract--cityInput","interaction":{"idSuffix":"inner"}},"wdio_ui5_key":"applicationmanagecontracts-display-component---AddNewContract--cityInput"}]}
RESULT: {"script":"<script> [1562 bytes]","args":[{"selector":{"id":"application-managecontracts-display-component---AddNewContract--cityInput","interaction":{"idSuffix":"inner"}},"wdio_ui5_key":"applicationmanagecontracts-display-component---AddNewContract--cityInput"}]}
RESULT: undefined
COMMAND: POST /session/5d4f89c809828bc74d2aa9c512c29ea4/execute/async - {"script":"<script> [776 bytes]","args":[{"enterText":"Bucharest","selector":{"id":"application-managecontracts-display-component---AddNewContract--cityInput","interaction":{"idSuffix":"inner"}},"clearTextFirst":true,"interactionType":"ENTER_TEXT"}]}
RESULT: {"script":"<script> [776 bytes]","args":[{"enterText":"Bucharest","selector":{"id":"application-managecontracts-display-component---AddNewContract--cityInput","interaction":{"idSuffix":"inner"}},"clearTextFirst":true,"interactionType":"ENTER_TEXT"}]}
COMMAND: POST /session/5d4f89c809828bc74d2aa9c512c29ea4/execute/async - {"script":"<script> [1562 bytes]","args":[{"selector":{"id":"application-managecontracts-display-component---AddNewContract--zipInput","interaction":{"idSuffix":"inner"}},"wdio_ui5_key":"applicationmanagecontracts-display-component---AddNewContract--zipInput"}]}
RESULT: {"script":"<script> [1562 bytes]","args":[{"selector":{"id":"application-managecontracts-display-component---AddNewContract--zipInput","interaction":{"idSuffix":"inner"}},"wdio_ui5_key":"applicationmanagecontracts-display-component---AddNewContract--zipInput"}]}
RESULT: undefined
COMMAND: POST /session/5d4f89c809828bc74d2aa9c512c29ea4/execute/async - {"script":"<script> [776 bytes]","args":[{"enterText":"021210","selector":{"id":"application-managecontracts-display-component---AddNewContract--zipInput","interaction":{"idSuffix":"inner"}},"clearTextFirst":true,"interactionType":"ENTER_TEXT"}]}
RESULT: {"script":"<script> [776 bytes]","args":[{"enterText":"021210","selector":{"id":"application-managecontracts-display-component---AddNewContract--zipInput","interaction":{"idSuffix":"inner"}},"clearTextFirst":true,"interactionType":"ENTER_TEXT"}]}
COMMAND: POST /session/5d4f89c809828bc74d2aa9c512c29ea4/element - {"using":"xpath","value":"//bdi[contains(@id ,\"application-managecontracts-display-component---AddNewContract--saveBtn-BDI-content\")]"}
RESULT: {"using":"xpath","value":"//bdi[contains(@id ,\"application-managecontracts-display-component---AddNewContract--saveBtn-BDI-content\")]"}
COMMAND: POST /session/5d4f89c809828bc74d2aa9c512c29ea4/element/f.531E98D0DADB2C7D9F82DA313210FC25.d.521CF6F2E75718D647F588B960EAA6D8.e.10061/click - {}
RESULT: {}
COMMAND: GET /session/5d4f89c809828bc74d2aa9c512c29ea4/screenshot - {}
RESULT: {}
COMMAND: POST /session/5d4f89c809828bc74d2aa9c512c29ea4/element - {"using":"xpath","value":"//button[contains(@data-kt ,\"contractDetailEditBtnButton\")]"}
RESULT: {"using":"xpath","value":"//button[contains(@data-kt ,\"contractDetailEditBtnButton\")]"}
COMMAND: POST /session/5d4f89c809828bc74d2aa9c512c29ea4/execute/sync - {"script":"<script> [8489 bytes]","args":[{"element-6066-11e4-a52e-4f735466cecf":"f.531E98D0DADB2C7D9F82DA313210FC25.d.521CF6F2E75718D647F588B960EAA6D8.e.10131","ELEMENT":"f.531E98D0DADB2C7D9F82DA313210FC25.d.521CF6F2E75718D647F588B960EAA6D8.e.10131"}]}
RESULT: {"script":"<script> [8489 bytes]","args":[{"element-6066-11e4-a52e-4f735466cecf":"f.531E98D0DADB2C7D9F82DA313210FC25.d.521CF6F2E75718D647F588B960EAA6D8.e.10131","ELEMENT":"f.531E98D0DADB2C7D9F82DA313210FC25.d.521CF6F2E75718D647F588B960EAA6D8.e.10131"}]}
COMMAND: POST /session/5d4f89c809828bc74d2aa9c512c29ea4/execute/sync - {"script":"<script> [8489 bytes]","args":[{"element-6066-11e4-a52e-4f735466cecf":"f.531E98D0DADB2C7D9F82DA313210FC25.d.521CF6F2E75718D647F588B960EAA6D8.e.10131","ELEMENT":"f.531E98D0DADB2C7D9F82DA313210FC25.d.521CF6F2E75718D647F588B960EAA6D8.e.10131"}]}
COMMAND: GET /session/5d4f89c809828bc74d2aa9c512c29ea4/screenshot - {}
RESULT: {"script":"<script> [8489 bytes]","args":[{"element-6066-11e4-a52e-4f735466cecf":"f.531E98D0DADB2C7D9F82DA313210FC25.d.521CF6F2E75718D647F588B960EAA6D8.e.10131","ELEMENT":"f.531E98D0DADB2C7D9F82DA313210FC25.d.521CF6F2E75718D647F588B960EAA6D8.e.10131"}]}
COMMAND: POST /session/5d4f89c809828bc74d2aa9c512c29ea4/execute/sync - {"script":"<script> [5351 bytes]","args":[{"element-6066-11e4-a52e-4f735466cecf":"f.531E98D0DADB2C7D9F82DA313210FC25.d.521CF6F2E75718D647F588B960EAA6D8.e.10131","ELEMENT":"f.531E98D0DADB2C7D9F82DA313210FC25.d.521CF6F2E75718D647F588B960EAA6D8.e.10131"}]}
COMMAND: GET /session/5d4f89c809828bc74d2aa9c512c29ea4/screenshot - {}
RESULT: {}
RESULT: {"script":"<script> [5351 bytes]","args":[{"element-6066-11e4-a52e-4f735466cecf":"f.531E98D0DADB2C7D9F82DA313210FC25.d.521CF6F2E75718D647F588B960EAA6D8.e.10131","ELEMENT":"f.531E98D0DADB2C7D9F82DA313210FC25.d.521CF6F2E75718D647F588B960EAA6D8.e.10131"}]}
COMMAND: POST /session/5d4f89c809828bc74d2aa9c512c29ea4/execute/async - {"script":"<script> [1562 bytes]","args":[{"selector":{"controlType":"sap.m.Text","viewName":"etm.portal.ui.managecontracts.view.Detail","bindingPath":{"propertyPath":"LINK_TO_C_CONTRACT_TYPES/DESCRIPTION","modelName":"catalogModel"}},"wdio_ui5_key":"etmportal.ui.managecontracts.view.Detailsap.m.Text{\"propertyPath\":\"LINK_TO_C_CONTRACT_TYPES/DESCRIPTION\",\"modelName\":\"catalogModel\"}"}]}
COMMAND: GET /session/5d4f89c809828bc74d2aa9c512c29ea4/screenshot - {}
RESULT: {}
RESULT: {"script":"<script> [1562 bytes]","args":[{"selector":{"controlType":"sap.m.Text","viewName":"etm.portal.ui.managecontracts.view.Detail","bindingPath":{"propertyPath":"LINK_TO_C_CONTRACT_TYPES/DESCRIPTION","modelName":"catalogModel"}},"wdio_ui5_key":"etmportal.ui.managecontracts.view.Detailsap.m.Text{\"propertyPath\":\"LINK_TO_C_CONTRACT_TYPES/DESCRIPTION\",\"modelName\":\"catalogModel\"}"}]}
RESULT: undefined
COMMAND: POST /session/5d4f89c809828bc74d2aa9c512c29ea4/execute/async - {"script":"<script> [6424 bytes]","args":[{"element-6066-11e4-a52e-4f735466cecf":"f.531E98D0DADB2C7D9F82DA313210FC25.d.521CF6F2E75718D647F588B960EAA6D8.e.10133"},"getText",[]]}
RESULT: {}
RESULT: {"script":"<script> [6424 bytes]","args":[{"element-6066-11e4-a52e-4f735466cecf":"f.531E98D0DADB2C7D9F82DA313210FC25.d.521CF6F2E75718D647F588B960EAA6D8.e.10133"},"getText",[]]}
COMMAND: POST /session/5d4f89c809828bc74d2aa9c512c29ea4/element/f.531E98D0DADB2C7D9F82DA313210FC25.d.521CF6F2E75718D647F588B960EAA6D8.e.10131/click - {}
RESULT: {}
COMMAND: GET /session/5d4f89c809828bc74d2aa9c512c29ea4/screenshot - {}
RESULT: {}
]]></system-out>
    </testcase>
    <testcase classname="chrome.135_0_7049_96.windows.Reduced_contract_US151275" name="Should add a RU to the contract" time="53.484">
      <system-out><![CDATA[
COMMAND: POST /session/5d4f89c809828bc74d2aa9c512c29ea4/element - {"using":"xpath","value":"(//span[contains(text(), \"Header Billing Items\")])[2]"}
RESULT: {"using":"xpath","value":"(//span[contains(text(), \"Header Billing Items\")])[2]"}
COMMAND: POST /session/5d4f89c809828bc74d2aa9c512c29ea4/element/f.531E98D0DADB2C7D9F82DA313210FC25.d.521CF6F2E75718D647F588B960EAA6D8.e.10187/click - {}
RESULT: {}
COMMAND: GET /session/5d4f89c809828bc74d2aa9c512c29ea4/screenshot - {}
RESULT: {}
COMMAND: POST /session/5d4f89c809828bc74d2aa9c512c29ea4/element - {"using":"xpath","value":"//button[@data-kt=\"btnAddTableRowOverflowToolbarButton\"]"}
RESULT: {"using":"xpath","value":"//button[@data-kt=\"btnAddTableRowOverflowToolbarButton\"]"}
COMMAND: POST /session/5d4f89c809828bc74d2aa9c512c29ea4/element/f.531E98D0DADB2C7D9F82DA313210FC25.d.521CF6F2E75718D647F588B960EAA6D8.e.10190/click - {}
RESULT: {}
COMMAND: GET /session/5d4f89c809828bc74d2aa9c512c29ea4/screenshot - {}
RESULT: {}
COMMAND: POST /session/5d4f89c809828bc74d2aa9c512c29ea4/element - {"using":"xpath","value":"//div[(text() = 'Standard Entry' or . = 'Standard Entry')]"}
RESULT: {"using":"xpath","value":"//div[(text() = 'Standard Entry' or . = 'Standard Entry')]"}
COMMAND: POST /session/5d4f89c809828bc74d2aa9c512c29ea4/element/f.531E98D0DADB2C7D9F82DA313210FC25.d.521CF6F2E75718D647F588B960EAA6D8.e.10192/click - {}
RESULT: {}
COMMAND: POST /session/5d4f89c809828bc74d2aa9c512c29ea4/element - {"using":"xpath","value":"//td[6]/div/div/input[1]"}
COMMAND: GET /session/5d4f89c809828bc74d2aa9c512c29ea4/screenshot - {}
RESULT: {"using":"xpath","value":"//td[6]/div/div/input[1]"}
COMMAND: POST /session/5d4f89c809828bc74d2aa9c512c29ea4/element/f.531E98D0DADB2C7D9F82DA313210FC25.d.521CF6F2E75718D647F588B960EAA6D8.e.10194/click - {}
RESULT: {}
RESULT: {}
COMMAND: POST /session/5d4f89c809828bc74d2aa9c512c29ea4/actions - {"actions":[{"id":"action60","type":"key","parameters":{},"actions":[{"type":"keyDown","value":"î€ƒ"},{"type":"pause","duration":10},{"type":"keyUp","value":"î€ƒ"}]}]}
COMMAND: GET /session/5d4f89c809828bc74d2aa9c512c29ea4/screenshot - {}
RESULT: {"actions":[{"id":"action60","type":"key","parameters":{},"actions":[{"type":"keyDown","value":"î€ƒ"},{"type":"pause","duration":10},{"type":"keyUp","value":"î€ƒ"}]}]}
COMMAND: POST /session/5d4f89c809828bc74d2aa9c512c29ea4/element - {"using":"xpath","value":"//td[6]/div/div/input[1]"}
COMMAND: GET /session/5d4f89c809828bc74d2aa9c512c29ea4/screenshot - {}
RESULT: {}
RESULT: {"using":"xpath","value":"//td[6]/div/div/input[1]"}
COMMAND: POST /session/5d4f89c809828bc74d2aa9c512c29ea4/element/f.531E98D0DADB2C7D9F82DA313210FC25.d.521CF6F2E75718D647F588B960EAA6D8.e.10194/clear - {}
RESULT: {}
RESULT: {}
COMMAND: POST /session/5d4f89c809828bc74d2aa9c512c29ea4/element/f.531E98D0DADB2C7D9F82DA313210FC25.d.521CF6F2E75718D647F588B960EAA6D8.e.10194/value - {"text":"Material"}
COMMAND: GET /session/5d4f89c809828bc74d2aa9c512c29ea4/screenshot - {}
RESULT: {"text":"Material"}
COMMAND: GET /session/5d4f89c809828bc74d2aa9c512c29ea4/screenshot - {}
RESULT: {}
RESULT: {}
COMMAND: POST /session/5d4f89c809828bc74d2aa9c512c29ea4/actions - {"actions":[{"id":"action61","type":"key","parameters":{},"actions":[{"type":"keyDown","value":"î€‡"},{"type":"pause","duration":10},{"type":"keyUp","value":"î€‡"}]}]}
RESULT: {"actions":[{"id":"action61","type":"key","parameters":{},"actions":[{"type":"keyDown","value":"î€‡"},{"type":"pause","duration":10},{"type":"keyUp","value":"î€‡"}]}]}
COMMAND: GET /session/5d4f89c809828bc74d2aa9c512c29ea4/screenshot - {}
RESULT: {}
COMMAND: POST /session/5d4f89c809828bc74d2aa9c512c29ea4/actions - {"actions":[{"id":"action62","type":"key","parameters":{},"actions":[{"type":"keyDown","value":"î€‡"},{"type":"pause","duration":10},{"type":"keyUp","value":"î€‡"}]}]}
RESULT: {"actions":[{"id":"action62","type":"key","parameters":{},"actions":[{"type":"keyDown","value":"î€‡"},{"type":"pause","duration":10},{"type":"keyUp","value":"î€‡"}]}]}
COMMAND: POST /session/5d4f89c809828bc74d2aa9c512c29ea4/element - {"using":"xpath","value":"//td[7]/div/div/input"}
COMMAND: GET /session/5d4f89c809828bc74d2aa9c512c29ea4/screenshot - {}
RESULT: {"using":"xpath","value":"//td[7]/div/div/input"}
COMMAND: POST /session/5d4f89c809828bc74d2aa9c512c29ea4/element/f.531E98D0DADB2C7D9F82DA313210FC25.d.521CF6F2E75718D647F588B960EAA6D8.e.10207/clear - {}
RESULT: {}
RESULT: {}
COMMAND: POST /session/5d4f89c809828bc74d2aa9c512c29ea4/element/f.531E98D0DADB2C7D9F82DA313210FC25.d.521CF6F2E75718D647F588B960EAA6D8.e.10207/value - {"text":"WebdriverRUR2C"}
COMMAND: GET /session/5d4f89c809828bc74d2aa9c512c29ea4/screenshot - {}
RESULT: {"text":"WebdriverRUR2C"}
COMMAND: GET /session/5d4f89c809828bc74d2aa9c512c29ea4/screenshot - {}
RESULT: {}
RESULT: {}
COMMAND: POST /session/5d4f89c809828bc74d2aa9c512c29ea4/actions - {"actions":[{"id":"action63","type":"key","parameters":{},"actions":[{"type":"keyDown","value":"î€‡"},{"type":"pause","duration":10},{"type":"keyUp","value":"î€‡"}]}]}
RESULT: {"actions":[{"id":"action63","type":"key","parameters":{},"actions":[{"type":"keyDown","value":"î€‡"},{"type":"pause","duration":10},{"type":"keyUp","value":"î€‡"}]}]}
COMMAND: GET /session/5d4f89c809828bc74d2aa9c512c29ea4/screenshot - {}
RESULT: {}
COMMAND: POST /session/5d4f89c809828bc74d2aa9c512c29ea4/actions - {"actions":[{"id":"action64","type":"key","parameters":{},"actions":[{"type":"keyDown","value":"î€‡"},{"type":"pause","duration":10},{"type":"keyUp","value":"î€‡"}]}]}
RESULT: {"actions":[{"id":"action64","type":"key","parameters":{},"actions":[{"type":"keyDown","value":"î€‡"},{"type":"pause","duration":10},{"type":"keyUp","value":"î€‡"}]}]}
COMMAND: GET /session/5d4f89c809828bc74d2aa9c512c29ea4/screenshot - {}
RESULT: {}
COMMAND: POST /session/5d4f89c809828bc74d2aa9c512c29ea4/element - {"using":"xpath","value":"(//button[@data-kt=\"saveButton\"])[2]"}
RESULT: {"using":"xpath","value":"(//button[@data-kt=\"saveButton\"])[2]"}
COMMAND: POST /session/5d4f89c809828bc74d2aa9c512c29ea4/element/f.531E98D0DADB2C7D9F82DA313210FC25.d.521CF6F2E75718D647F588B960EAA6D8.e.10232/click - {}
RESULT: {}
COMMAND: GET /session/5d4f89c809828bc74d2aa9c512c29ea4/screenshot - {}
RESULT: {}
COMMAND: POST /session/5d4f89c809828bc74d2aa9c512c29ea4/element - {"using":"xpath","value":"//button[contains(@data-kt ,\"contractDetailEditBtnButton\")]"}
RESULT: {"using":"xpath","value":"//button[contains(@data-kt ,\"contractDetailEditBtnButton\")]"}
COMMAND: POST /session/5d4f89c809828bc74d2aa9c512c29ea4/execute/sync - {"script":"<script> [8489 bytes]","args":[{"element-6066-11e4-a52e-4f735466cecf":"f.531E98D0DADB2C7D9F82DA313210FC25.d.521CF6F2E75718D647F588B960EAA6D8.e.10131","ELEMENT":"f.531E98D0DADB2C7D9F82DA313210FC25.d.521CF6F2E75718D647F588B960EAA6D8.e.10131"}]}
RESULT: {"script":"<script> [8489 bytes]","args":[{"element-6066-11e4-a52e-4f735466cecf":"f.531E98D0DADB2C7D9F82DA313210FC25.d.521CF6F2E75718D647F588B960EAA6D8.e.10131","ELEMENT":"f.531E98D0DADB2C7D9F82DA313210FC25.d.521CF6F2E75718D647F588B960EAA6D8.e.10131"}]}
COMMAND: POST /session/5d4f89c809828bc74d2aa9c512c29ea4/execute/sync - {"script":"<script> [8489 bytes]","args":[{"element-6066-11e4-a52e-4f735466cecf":"f.531E98D0DADB2C7D9F82DA313210FC25.d.521CF6F2E75718D647F588B960EAA6D8.e.10131","ELEMENT":"f.531E98D0DADB2C7D9F82DA313210FC25.d.521CF6F2E75718D647F588B960EAA6D8.e.10131"}]}
COMMAND: GET /session/5d4f89c809828bc74d2aa9c512c29ea4/screenshot - {}
RESULT: {}
RESULT: {"script":"<script> [8489 bytes]","args":[{"element-6066-11e4-a52e-4f735466cecf":"f.531E98D0DADB2C7D9F82DA313210FC25.d.521CF6F2E75718D647F588B960EAA6D8.e.10131","ELEMENT":"f.531E98D0DADB2C7D9F82DA313210FC25.d.521CF6F2E75718D647F588B960EAA6D8.e.10131"}]}
COMMAND: POST /session/5d4f89c809828bc74d2aa9c512c29ea4/execute/sync - {"script":"<script> [5351 bytes]","args":[{"element-6066-11e4-a52e-4f735466cecf":"f.531E98D0DADB2C7D9F82DA313210FC25.d.521CF6F2E75718D647F588B960EAA6D8.e.10131","ELEMENT":"f.531E98D0DADB2C7D9F82DA313210FC25.d.521CF6F2E75718D647F588B960EAA6D8.e.10131"}]}
COMMAND: GET /session/5d4f89c809828bc74d2aa9c512c29ea4/screenshot - {}
RESULT: {"script":"<script> [5351 bytes]","args":[{"element-6066-11e4-a52e-4f735466cecf":"f.531E98D0DADB2C7D9F82DA313210FC25.d.521CF6F2E75718D647F588B960EAA6D8.e.10131","ELEMENT":"f.531E98D0DADB2C7D9F82DA313210FC25.d.521CF6F2E75718D647F588B960EAA6D8.e.10131"}]}
COMMAND: POST /session/5d4f89c809828bc74d2aa9c512c29ea4/element - {"using":"xpath","value":"(//span[contains(text(), \"Header Billing Items\")])[1]"}
COMMAND: GET /session/5d4f89c809828bc74d2aa9c512c29ea4/screenshot - {}
RESULT: {}
RESULT: {"using":"xpath","value":"(//span[contains(text(), \"Header Billing Items\")])[1]"}
COMMAND: POST /session/5d4f89c809828bc74d2aa9c512c29ea4/element/f.531E98D0DADB2C7D9F82DA313210FC25.d.521CF6F2E75718D647F588B960EAA6D8.e.10235/click - {}
RESULT: {}
RESULT: {}
COMMAND: GET /session/5d4f89c809828bc74d2aa9c512c29ea4/screenshot - {}
RESULT: {}
COMMAND: POST /session/5d4f89c809828bc74d2aa9c512c29ea4/execute/async - {"script":"<script> [1562 bytes]","args":[{"selector":{"controlType":"sap.m.Title","viewName":"etm.portal.ui.managecontracts.view.Detail","properties":{"text":"Contract Items (1)"}},"wdio_ui5_key":"etmportal.ui.managecontracts.view.Detailsap.m.Title{\"text\":\"Contract Items (1)\"}"}]}
RESULT: {"script":"<script> [1562 bytes]","args":[{"selector":{"controlType":"sap.m.Title","viewName":"etm.portal.ui.managecontracts.view.Detail","properties":{"text":"Contract Items (1)"}},"wdio_ui5_key":"etmportal.ui.managecontracts.view.Detailsap.m.Title{\"text\":\"Contract Items (1)\"}"}]}
RESULT: undefined
COMMAND: POST /session/5d4f89c809828bc74d2aa9c512c29ea4/execute/async - {"script":"<script> [6424 bytes]","args":[{"element-6066-11e4-a52e-4f735466cecf":"f.531E98D0DADB2C7D9F82DA313210FC25.d.521CF6F2E75718D647F588B960EAA6D8.e.10237"},"getText",[]]}
RESULT: {"script":"<script> [6424 bytes]","args":[{"element-6066-11e4-a52e-4f735466cecf":"f.531E98D0DADB2C7D9F82DA313210FC25.d.521CF6F2E75718D647F588B960EAA6D8.e.10237"},"getText",[]]}
COMMAND: POST /session/5d4f89c809828bc74d2aa9c512c29ea4/element - {"using":"xpath","value":"(//span[contains(@class ,\"sapMObjStatusText\")])[1]"}
RESULT: {"using":"xpath","value":"(//span[contains(@class ,\"sapMObjStatusText\")])[1]"}
COMMAND: GET /session/5d4f89c809828bc74d2aa9c512c29ea4/element/f.531E98D0DADB2C7D9F82DA313210FC25.d.521CF6F2E75718D647F588B960EAA6D8.e.10238/text - {}
RESULT: {}
COMMAND: POST /session/5d4f89c809828bc74d2aa9c512c29ea4/refresh - {}
RESULT: {}
COMMAND: GET /session/5d4f89c809828bc74d2aa9c512c29ea4/screenshot - {}
RESULT: {}
COMMAND: POST /session/5d4f89c809828bc74d2aa9c512c29ea4/execute/async - {"script":"<script> [189 bytes]","args":[]}
RESULT: {"script":"<script> [189 bytes]","args":[]}
COMMAND: POST /session/5d4f89c809828bc74d2aa9c512c29ea4/execute/async - {"script":"<script> [123 bytes]","args":[]}
RESULT: {"script":"<script> [123 bytes]","args":[]}
COMMAND: POST /session/5d4f89c809828bc74d2aa9c512c29ea4/timeouts - {"script":"<number>"}
RESULT: {"script":"<number>"}
COMMAND: GET /session/5d4f89c809828bc74d2aa9c512c29ea4/timeouts - {}
RESULT: {}
RESULT: undefined
COMMAND: POST /session/5d4f89c809828bc74d2aa9c512c29ea4/execute/async - {"script":"<script> [2676 bytes]","args":[]}
RESULT: {"script":"<script> [2676 bytes]","args":[]}
COMMAND: POST /session/5d4f89c809828bc74d2aa9c512c29ea4/execute/async - {"script":"<script> [2342 bytes]","args":[{"protocol":"http","hostname":"0.0.0.0","path":"/","capabilities":{"browserName":"chrome","goog:chromeOptions":{"binary":"C:\\Program Files\\Google\\Chrome\\Application\\chrome.exe","args":["--start-maximized"]}},"logLevel":"warn","connectionRetryTimeout":120000,"connectionRetryCount":3,"logLevels":{},"enableDirectConnect":true,"strictSSL":true,"_":"65 more keys: [\"cacheDir\",\"port\",\"requestedCapabilities\",\"automationProtocol\",\"baseUrl\",\"waitforInterval\",\"waitforTimeout\",\"onReload\",\"beforeCommand\",\"afterCommand\",\"rootDir\",\"specs\",\"suites\",\"exclude\",\"groupLogsByTestSpec\",\"excludeDriverLogs\",\"bail\",\"framework\",\"reporters\",\"services\",\"maxInstances\",\"maxInstancesPerCapability\",\"injectGlobals\",\"filesToWatch\",\"execArgv\",\"runnerEnv\",\"runner\",\"shard\",\"specFileRetries\",\"specFileRetriesDelay\",\"specFileRetriesDeferred\",\"reporterSyncInterval\",\"reporterSyncTimeout\",\"cucumberFeaturesWithLineNumbers\",\"autoCompileOpts\",\"mochaOpts\",\"jasmineOpts\",\"cucumberOpts\",\"onPrepare\",\"onWorkerStart\",\"onWorkerEnd\",\"before\",\"beforeSession\",\"beforeSuite\",\"beforeHook\",\"beforeTest\",\"afterTest\",\"afterHook\",\"afterSuite\",\"afterSession\",\"after\",\"onComplete\",\"beforeAssertion\",\"afterAssertion\",\"beforeFeature\",\"beforeScenario\",\"beforeStep\",\"afterStep\",\"afterScenario\",\"afterFeature\",\"_\",\"suite\",\"$0\",\"ignoredWorkerServices\",\"wdi5\"]"}]}
RESULT: {"script":"<script> [2342 bytes]","args":[{"protocol":"http","hostname":"0.0.0.0","path":"/","capabilities":{"browserName":"chrome","goog:chromeOptions":{"binary":"C:\\Program Files\\Google\\Chrome\\Application\\chrome.exe","args":["--start-maximized"]}},"logLevel":"warn","connectionRetryTimeout":120000,"connectionRetryCount":3,"logLevels":{},"enableDirectConnect":true,"strictSSL":true,"_":"65 more keys: [\"cacheDir\",\"port\",\"requestedCapabilities\",\"automationProtocol\",\"baseUrl\",\"waitforInterval\",\"waitforTimeout\",\"onReload\",\"beforeCommand\",\"afterCommand\",\"rootDir\",\"specs\",\"suites\",\"exclude\",\"groupLogsByTestSpec\",\"excludeDriverLogs\",\"bail\",\"framework\",\"reporters\",\"services\",\"maxInstances\",\"maxInstancesPerCapability\",\"injectGlobals\",\"filesToWatch\",\"execArgv\",\"runnerEnv\",\"runner\",\"shard\",\"specFileRetries\",\"specFileRetriesDelay\",\"specFileRetriesDeferred\",\"reporterSyncInterval\",\"reporterSyncTimeout\",\"cucumberFeaturesWithLineNumbers\",\"autoCompileOpts\",\"mochaOpts\",\"jasmineOpts\",\"cucumberOpts\",\"onPrepare\",\"onWorkerStart\",\"onWorkerEnd\",\"before\",\"beforeSession\",\"beforeSuite\",\"beforeHook\",\"beforeTest\",\"afterTest\",\"afterHook\",\"afterSuite\",\"afterSession\",\"after\",\"onComplete\",\"beforeAssertion\",\"afterAssertion\",\"beforeFeature\",\"beforeScenario\",\"beforeStep\",\"afterStep\",\"afterScenario\",\"afterFeature\",\"_\",\"suite\",\"$0\",\"ignoredWorkerServices\",\"wdi5\"]"}]}
COMMAND: POST /session/5d4f89c809828bc74d2aa9c512c29ea4/execute/async - {"script":"<script> [21126 bytes]","args":[35000]}
RESULT: {"script":"<script> [21126 bytes]","args":[35000]}
COMMAND: POST /session/5d4f89c809828bc74d2aa9c512c29ea4/element - {"using":"css selector","value":"#shell-header-logo"}
RESULT: {"using":"css selector","value":"#shell-header-logo"}
COMMAND: POST /session/5d4f89c809828bc74d2aa9c512c29ea4/element/f.531E98D0DADB2C7D9F82DA313210FC25.d.BBA7E788A7248DBBE72CAAEFA4110CEE.e.10245/click - {}
RESULT: {}
COMMAND: GET /session/5d4f89c809828bc74d2aa9c512c29ea4/screenshot - {}
RESULT: {}
]]></system-out>
    </testcase>
  </testsuite>
  <testsuite timestamp="2025-05-05T18:22:16" time="1463.147" tests="7" failures="0" errors="0" skipped="0">
    <properties>
      <property name="specId" value="0" />
      <property name="suiteName" value="E2E - Logistical and commercial statuses" />
      <property name="capabilities" value="chrome.135_0_7049_96.windows" />
      <property name="file" value="file:///D:/a/1/s/test/specs/R2C/E2E-Logistical-and-commercial-status.spec.js" />
    </properties>
    <testcase classname="chrome.135_0_7049_96.windows.E2E_-_Logistical_and_commercial_statuses" name="Should create prerequisites yard partner and site" time="297.498">
      <system-out><![CDATA[
COMMAND: POST /session/5d4f89c809828bc74d2aa9c512c29ea4/execute/async - {"script":"<script> [1562 bytes]","args":[{"selector":{"controlType":"sap.m.GenericTile","properties":{"header":"Manage Yards"}},"wdio_ui5_key":"sapm.GenericTile{\"header\":\"Manage Yards\"}"}]}
RESULT: {"script":"<script> [1562 bytes]","args":[{"selector":{"controlType":"sap.m.GenericTile","properties":{"header":"Manage Yards"}},"wdio_ui5_key":"sapm.GenericTile{\"header\":\"Manage Yards\"}"}]}
RESULT: undefined
COMMAND: POST /session/5d4f89c809828bc74d2aa9c512c29ea4/element - {"using":"xpath","value":"//*[@id=\"__tile41\"]"}
RESULT: {"using":"xpath","value":"//*[@id=\"__tile41\"]"}
COMMAND: POST /session/5d4f89c809828bc74d2aa9c512c29ea4/element/f.531E98D0DADB2C7D9F82DA313210FC25.d.BBA7E788A7248DBBE72CAAEFA4110CEE.e.10474/click - {}
RESULT: {}
COMMAND: GET /session/5d4f89c809828bc74d2aa9c512c29ea4/screenshot - {}
RESULT: {}
COMMAND: POST /session/5d4f89c809828bc74d2aa9c512c29ea4/execute/async - {"script":"<script> [1562 bytes]","args":[{"selector":{"controlType":"sap.ui.core.Icon","viewName":"etm.portal.ui.manageyards.view.Master","viewId":"application-manageyards-display-component---masterYard","properties":{"src":{"regex":{"source":"add"}}}},"wdio_ui5_key":"etmportal.ui.manageyards.view.Mastersap.ui.core.Icon{\"src\":{\"regex\":{\"source\":\"add\"}}}"}]}
RESULT: {"script":"<script> [1562 bytes]","args":[{"selector":{"controlType":"sap.ui.core.Icon","viewName":"etm.portal.ui.manageyards.view.Master","viewId":"application-manageyards-display-component---masterYard","properties":{"src":{"regex":{"source":"add"}}}},"wdio_ui5_key":"etmportal.ui.manageyards.view.Mastersap.ui.core.Icon{\"src\":{\"regex\":{\"source\":\"add\"}}}"}]}
RESULT: undefined
COMMAND: POST /session/5d4f89c809828bc74d2aa9c512c29ea4/element - {"using":"xpath","value":"//*[@id=\"__button15-img\"]"}
RESULT: {"using":"xpath","value":"//*[@id=\"__button15-img\"]"}
COMMAND: POST /session/5d4f89c809828bc74d2aa9c512c29ea4/element/f.531E98D0DADB2C7D9F82DA313210FC25.d.BBA7E788A7248DBBE72CAAEFA4110CEE.e.10513/click - {}
RESULT: {}
COMMAND: GET /session/5d4f89c809828bc74d2aa9c512c29ea4/screenshot - {}
RESULT: {}
COMMAND: POST /session/5d4f89c809828bc74d2aa9c512c29ea4/execute/async - {"script":"<script> [1562 bytes]","args":[{"selector":{"id":"application-manageyards-display-component---NewYard--yardId","interaction":{"idSuffix":"inner"}},"wdio_ui5_key":"applicationmanageyards-display-component---NewYard--yardId"}]}
RESULT: {"script":"<script> [1562 bytes]","args":[{"selector":{"id":"application-manageyards-display-component---NewYard--yardId","interaction":{"idSuffix":"inner"}},"wdio_ui5_key":"applicationmanageyards-display-component---NewYard--yardId"}]}
RESULT: undefined
COMMAND: POST /session/5d4f89c809828bc74d2aa9c512c29ea4/element - {"using":"xpath","value":"//*[@id=\"application-manageyards-display-component---NewYard--addressDetailDetailsName1-inner\"]"}
RESULT: {"using":"xpath","value":"//*[@id=\"application-manageyards-display-component---NewYard--addressDetailDetailsName1-inner\"]"}
COMMAND: POST /session/5d4f89c809828bc74d2aa9c512c29ea4/element/f.531E98D0DADB2C7D9F82DA313210FC25.d.BBA7E788A7248DBBE72CAAEFA4110CEE.e.10769/clear - {}
RESULT: {}
COMMAND: POST /session/5d4f89c809828bc74d2aa9c512c29ea4/element/f.531E98D0DADB2C7D9F82DA313210FC25.d.BBA7E788A7248DBBE72CAAEFA4110CEE.e.10769/value - {"text":"WebdriverYardh42t4"}
COMMAND: GET /session/5d4f89c809828bc74d2aa9c512c29ea4/screenshot - {}
RESULT: {"text":"WebdriverYardh42t4"}
COMMAND: POST /session/5d4f89c809828bc74d2aa9c512c29ea4/element - {"using":"xpath","value":"//*[@id=\"application-manageyards-display-component---NewYard--addressDetailDetailsLanguage-inner\"]"}
COMMAND: GET /session/5d4f89c809828bc74d2aa9c512c29ea4/screenshot - {}
RESULT: {}
RESULT: {"using":"xpath","value":"//*[@id=\"application-manageyards-display-component---NewYard--addressDetailDetailsLanguage-inner\"]"}
COMMAND: POST /session/5d4f89c809828bc74d2aa9c512c29ea4/element/f.531E98D0DADB2C7D9F82DA313210FC25.d.BBA7E788A7248DBBE72CAAEFA4110CEE.e.10770/clear - {}
RESULT: {}
RESULT: {}
COMMAND: POST /session/5d4f89c809828bc74d2aa9c512c29ea4/element/f.531E98D0DADB2C7D9F82DA313210FC25.d.BBA7E788A7248DBBE72CAAEFA4110CEE.e.10770/value - {"text":"Romanian"}
COMMAND: GET /session/5d4f89c809828bc74d2aa9c512c29ea4/screenshot - {}
RESULT: {"text":"Romanian"}
COMMAND: POST /session/5d4f89c809828bc74d2aa9c512c29ea4/element - {"using":"xpath","value":"//input[contains(@id ,\"application-manageyards-display-component---NewYard--addressDetailDetailsName1-inner\")]"}
COMMAND: GET /session/5d4f89c809828bc74d2aa9c512c29ea4/screenshot - {}
RESULT: {}
RESULT: {"using":"xpath","value":"//input[contains(@id ,\"application-manageyards-display-component---NewYard--addressDetailDetailsName1-inner\")]"}
COMMAND: GET /session/5d4f89c809828bc74d2aa9c512c29ea4/element/f.531E98D0DADB2C7D9F82DA313210FC25.d.BBA7E788A7248DBBE72CAAEFA4110CEE.e.10769/property/value - {}
RESULT: {}
RESULT: {}
COMMAND: GET /session/5d4f89c809828bc74d2aa9c512c29ea4/screenshot - {}
RESULT: {}
COMMAND: POST /session/5d4f89c809828bc74d2aa9c512c29ea4/element - {"using":"xpath","value":"//*[@id=\"application-manageyards-display-component---NewYard--addressDetailDetailsCity1-inner\"]"}
RESULT: {"using":"xpath","value":"//*[@id=\"application-manageyards-display-component---NewYard--addressDetailDetailsCity1-inner\"]"}
COMMAND: POST /session/5d4f89c809828bc74d2aa9c512c29ea4/element/f.531E98D0DADB2C7D9F82DA313210FC25.d.BBA7E788A7248DBBE72CAAEFA4110CEE.e.10772/clear - {}
RESULT: {}
COMMAND: POST /session/5d4f89c809828bc74d2aa9c512c29ea4/element/f.531E98D0DADB2C7D9F82DA313210FC25.d.BBA7E788A7248DBBE72CAAEFA4110CEE.e.10772/value - {"text":"Bucuresti"}
COMMAND: GET /session/5d4f89c809828bc74d2aa9c512c29ea4/screenshot - {}
RESULT: {"text":"Bucuresti"}
COMMAND: GET /session/5d4f89c809828bc74d2aa9c512c29ea4/screenshot - {}
RESULT: {}
COMMAND: POST /session/5d4f89c809828bc74d2aa9c512c29ea4/element - {"using":"xpath","value":"//*[@id=\"application-manageyards-display-component---NewYard--addressDetailDetailsCountry-inner\"]"}
RESULT: {}
RESULT: {"using":"xpath","value":"//*[@id=\"application-manageyards-display-component---NewYard--addressDetailDetailsCountry-inner\"]"}
COMMAND: POST /session/5d4f89c809828bc74d2aa9c512c29ea4/element/f.531E98D0DADB2C7D9F82DA313210FC25.d.BBA7E788A7248DBBE72CAAEFA4110CEE.e.10776/clear - {}
RESULT: {}
COMMAND: POST /session/5d4f89c809828bc74d2aa9c512c29ea4/element/f.531E98D0DADB2C7D9F82DA313210FC25.d.BBA7E788A7248DBBE72CAAEFA4110CEE.e.10776/value - {"text":"Romania"}
COMMAND: GET /session/5d4f89c809828bc74d2aa9c512c29ea4/screenshot - {}
RESULT: {"text":"Romania"}
COMMAND: GET /session/5d4f89c809828bc74d2aa9c512c29ea4/screenshot - {}
RESULT: {}
RESULT: {}
COMMAND: POST /session/5d4f89c809828bc74d2aa9c512c29ea4/element - {"using":"xpath","value":"//div[contains(text(), \"Commercial\")]"}
RESULT: {"using":"xpath","value":"//div[contains(text(), \"Commercial\")]"}
COMMAND: GET /session/5d4f89c809828bc74d2aa9c512c29ea4/element/f.531E98D0DADB2C7D9F82DA313210FC25.d.BBA7E788A7248DBBE72CAAEFA4110CEE.e.10944/rect - {}
RESULT: {}
COMMAND: GET /session/5d4f89c809828bc74d2aa9c512c29ea4/window/rect - {}
RESULT: {}
COMMAND: POST /session/5d4f89c809828bc74d2aa9c512c29ea4/execute/sync - {"script":"<script> [92 bytes]","args":[]}
RESULT: {"script":"<script> [92 bytes]","args":[]}
COMMAND: POST /session/5d4f89c809828bc74d2aa9c512c29ea4/actions - {"actions":[{"id":"action65","type":"wheel","parameters":{},"actions":[{"type":"scroll","x":-1841,"y":-44,"deltaX":0,"deltaY":0,"duration":0,"origin":{"element-6066-11e4-a52e-4f735466cecf":"f.531E98D0DADB2C7D9F82DA313210FC25.d.BBA7E788A7248DBBE72CAAEFA4110CEE.e.10944"}}]}]}
COMMAND: GET /session/5d4f89c809828bc74d2aa9c512c29ea4/screenshot - {}
RESULT: {}
COMMAND: POST /session/5d4f89c809828bc74d2aa9c512c29ea4/execute/sync - {"script":"<script> [79 bytes]","args":[{"element-6066-11e4-a52e-4f735466cecf":"f.531E98D0DADB2C7D9F82DA313210FC25.d.BBA7E788A7248DBBE72CAAEFA4110CEE.e.10944","ELEMENT":"f.531E98D0DADB2C7D9F82DA313210FC25.d.BBA7E788A7248DBBE72CAAEFA4110CEE.e.10944"},{"block":"start","inline":"nearest"}]}
RESULT: {"script":"<script> [79 bytes]","args":[{"element-6066-11e4-a52e-4f735466cecf":"f.531E98D0DADB2C7D9F82DA313210FC25.d.BBA7E788A7248DBBE72CAAEFA4110CEE.e.10944","ELEMENT":"f.531E98D0DADB2C7D9F82DA313210FC25.d.BBA7E788A7248DBBE72CAAEFA4110CEE.e.10944"},{"block":"start","inline":"nearest"}]}
COMMAND: GET /session/5d4f89c809828bc74d2aa9c512c29ea4/screenshot - {}
RESULT: {}
COMMAND: POST /session/5d4f89c809828bc74d2aa9c512c29ea4/execute/async - {"script":"<script> [1562 bytes]","args":[{"selector":{"id":"application-manageyards-display-component---NewYard--addressEditDetailsCostObjectCstType-arrow"},"wdio_ui5_key":"applicationmanageyards-display-component---NewYard--addressEditDetailsCostObjectCstType-arrow"}]}
RESULT: {"script":"<script> [1562 bytes]","args":[{"selector":{"id":"application-manageyards-display-component---NewYard--addressEditDetailsCostObjectCstType-arrow"},"wdio_ui5_key":"applicationmanageyards-display-component---NewYard--addressEditDetailsCostObjectCstType-arrow"}]}
RESULT: undefined
COMMAND: POST /session/5d4f89c809828bc74d2aa9c512c29ea4/element - {"using":"xpath","value":"//*[@id=\"application-manageyards-display-component---NewYard--addressEditDetailsCostObjectCstType-arrow\"]"}
RESULT: {"using":"xpath","value":"//*[@id=\"application-manageyards-display-component---NewYard--addressEditDetailsCostObjectCstType-arrow\"]"}
COMMAND: POST /session/5d4f89c809828bc74d2aa9c512c29ea4/element/f.531E98D0DADB2C7D9F82DA313210FC25.d.BBA7E788A7248DBBE72CAAEFA4110CEE.e.10953/click - {}
RESULT: {}
COMMAND: POST /session/5d4f89c809828bc74d2aa9c512c29ea4/element - {"using":"xpath","value":"//span[contains(text(), \"Cost Center\")]"}
COMMAND: GET /session/5d4f89c809828bc74d2aa9c512c29ea4/screenshot - {}
RESULT: {"using":"xpath","value":"//span[contains(text(), \"Cost Center\")]"}
COMMAND: POST /session/5d4f89c809828bc74d2aa9c512c29ea4/element/f.531E98D0DADB2C7D9F82DA313210FC25.d.BBA7E788A7248DBBE72CAAEFA4110CEE.e.10954/click - {}
RESULT: {}
RESULT: {}
COMMAND: GET /session/5d4f89c809828bc74d2aa9c512c29ea4/screenshot - {}
RESULT: {}
COMMAND: POST /session/5d4f89c809828bc74d2aa9c512c29ea4/execute/async - {"script":"<script> [1562 bytes]","args":[{"selector":{"id":"application-manageyards-display-component---NewYard--addressNewCostObjectCstID-vhi"},"wdio_ui5_key":"applicationmanageyards-display-component---NewYard--addressNewCostObjectCstID-vhi"}]}
RESULT: {"script":"<script> [1562 bytes]","args":[{"selector":{"id":"application-manageyards-display-component---NewYard--addressNewCostObjectCstID-vhi"},"wdio_ui5_key":"applicationmanageyards-display-component---NewYard--addressNewCostObjectCstID-vhi"}]}
RESULT: undefined
COMMAND: POST /session/5d4f89c809828bc74d2aa9c512c29ea4/element - {"using":"xpath","value":"//*[@id=\"application-manageyards-display-component---NewYard--addressNewCostObjectCstID-vhi\"]"}
RESULT: {"using":"xpath","value":"//*[@id=\"application-manageyards-display-component---NewYard--addressNewCostObjectCstID-vhi\"]"}
COMMAND: POST /session/5d4f89c809828bc74d2aa9c512c29ea4/element/f.531E98D0DADB2C7D9F82DA313210FC25.d.BBA7E788A7248DBBE72CAAEFA4110CEE.e.10958/click - {}
RESULT: {}
COMMAND: GET /session/5d4f89c809828bc74d2aa9c512c29ea4/screenshot - {}
RESULT: {}
COMMAND: POST /session/5d4f89c809828bc74d2aa9c512c29ea4/execute/async - {"script":"<script> [1562 bytes]","args":[{"selector":{"controlType":"sap.m.SearchField","properties":{"placeholder":"Search"},"searchOpenDialogs":true,"interaction":{"idSuffix":"I"}},"wdio_ui5_key":"sapm.SearchField{\"placeholder\":\"Search\"}"}]}
RESULT: {"script":"<script> [1562 bytes]","args":[{"selector":{"controlType":"sap.m.SearchField","properties":{"placeholder":"Search"},"searchOpenDialogs":true,"interaction":{"idSuffix":"I"}},"wdio_ui5_key":"sapm.SearchField{\"placeholder\":\"Search\"}"}]}
RESULT: undefined
COMMAND: POST /session/5d4f89c809828bc74d2aa9c512c29ea4/execute/async - {"script":"<script> [776 bytes]","args":[{"enterText":"10001013","selector":{"controlType":"sap.m.SearchField","properties":{"placeholder":"Search"},"searchOpenDialogs":true,"interaction":{"idSuffix":"I"}},"clearTextFirst":true,"interactionType":"ENTER_TEXT"}]}
RESULT: {"script":"<script> [776 bytes]","args":[{"enterText":"10001013","selector":{"controlType":"sap.m.SearchField","properties":{"placeholder":"Search"},"searchOpenDialogs":true,"interaction":{"idSuffix":"I"}},"clearTextFirst":true,"interactionType":"ENTER_TEXT"}]}
COMMAND: POST /session/5d4f89c809828bc74d2aa9c512c29ea4/actions - {"actions":[{"id":"action66","type":"key","parameters":{},"actions":[{"type":"keyDown","value":"î€‡"},{"type":"pause","duration":10},{"type":"keyUp","value":"î€‡"}]}]}
RESULT: {"actions":[{"id":"action66","type":"key","parameters":{},"actions":[{"type":"keyDown","value":"î€‡"},{"type":"pause","duration":10},{"type":"keyUp","value":"î€‡"}]}]}
COMMAND: GET /session/5d4f89c809828bc74d2aa9c512c29ea4/screenshot - {}
RESULT: {}
COMMAND: POST /session/5d4f89c809828bc74d2aa9c512c29ea4/element - {"using":"xpath","value":"//span[contains(text(), \"General Management\")]"}
RESULT: {"using":"xpath","value":"//span[contains(text(), \"General Management\")]"}
COMMAND: POST /session/5d4f89c809828bc74d2aa9c512c29ea4/element/f.531E98D0DADB2C7D9F82DA313210FC25.d.BBA7E788A7248DBBE72CAAEFA4110CEE.e.10999/click - {}
RESULT: {}
COMMAND: GET /session/5d4f89c809828bc74d2aa9c512c29ea4/screenshot - {}
RESULT: {}
COMMAND: POST /session/5d4f89c809828bc74d2aa9c512c29ea4/element - {"using":"xpath","value":"//bdi[contains(text(), \"OK\")]"}
RESULT: {"using":"xpath","value":"//bdi[contains(text(), \"OK\")]"}
COMMAND: POST /session/5d4f89c809828bc74d2aa9c512c29ea4/element/f.531E98D0DADB2C7D9F82DA313210FC25.d.BBA7E788A7248DBBE72CAAEFA4110CEE.e.11000/click - {}
RESULT: {}
COMMAND: GET /session/5d4f89c809828bc74d2aa9c512c29ea4/screenshot - {}
RESULT: {}
COMMAND: POST /session/5d4f89c809828bc74d2aa9c512c29ea4/execute/async - {"script":"<script> [1562 bytes]","args":[{"selector":{"controlType":"sap.m.Button","viewName":"etm.portal.ui.manageyards.view.New","viewId":"application-manageyards-display-component---NewYard","i18NText":{"propertyName":"text","key":"save"},"interaction":{"idSuffix":"inner"}},"wdio_ui5_key":"etmportal.ui.manageyards.view.Newsap.m.Button{\"propertyName\":\"text\",\"key\":\"save\"}"}]}
RESULT: {"script":"<script> [1562 bytes]","args":[{"selector":{"controlType":"sap.m.Button","viewName":"etm.portal.ui.manageyards.view.New","viewId":"application-manageyards-display-component---NewYard","i18NText":{"propertyName":"text","key":"save"},"interaction":{"idSuffix":"inner"}},"wdio_ui5_key":"etmportal.ui.manageyards.view.Newsap.m.Button{\"propertyName\":\"text\",\"key\":\"save\"}"}]}
RESULT: undefined
COMMAND: POST /session/5d4f89c809828bc74d2aa9c512c29ea4/element - {"using":"xpath","value":"//*[@id=\"__button29\"]"}
RESULT: {"using":"xpath","value":"//*[@id=\"__button29\"]"}
COMMAND: POST /session/5d4f89c809828bc74d2aa9c512c29ea4/element/f.531E98D0DADB2C7D9F82DA313210FC25.d.BBA7E788A7248DBBE72CAAEFA4110CEE.e.10925/click - {}
RESULT: {}
COMMAND: GET /session/5d4f89c809828bc74d2aa9c512c29ea4/screenshot - {}
RESULT: {}
COMMAND: POST /session/5d4f89c809828bc74d2aa9c512c29ea4/element - {"using":"xpath","value":"//header/div/div[2]/div[2]/span"}
RESULT: {"using":"xpath","value":"//header/div/div[2]/div[2]/span"}
COMMAND: GET /session/5d4f89c809828bc74d2aa9c512c29ea4/element/f.531E98D0DADB2C7D9F82DA313210FC25.d.BBA7E788A7248DBBE72CAAEFA4110CEE.e.11199/text - {}
RESULT: {}
COMMAND: POST /session/5d4f89c809828bc74d2aa9c512c29ea4/execute/async - {"script":"<script> [1562 bytes]","args":[{"selector":{"controlType":"sap.m.OverflowToolbarButton","viewName":"etm.portal.ui.manageyards.view.Detail","viewId":"application-manageyards-display-component---detailYard","i18NText":{"propertyName":"tooltip","key":"closeColumn"},"interaction":{"idSuffix":"inner"}},"wdio_ui5_key":"etmportal.ui.manageyards.view.Detailsap.m.OverflowToolbarButton{\"propertyName\":\"tooltip\",\"key\":\"closeColumn\"}"}]}
RESULT: {"script":"<script> [1562 bytes]","args":[{"selector":{"controlType":"sap.m.OverflowToolbarButton","viewName":"etm.portal.ui.manageyards.view.Detail","viewId":"application-manageyards-display-component---detailYard","i18NText":{"propertyName":"tooltip","key":"closeColumn"},"interaction":{"idSuffix":"inner"}},"wdio_ui5_key":"etmportal.ui.manageyards.view.Detailsap.m.OverflowToolbarButton{\"propertyName\":\"tooltip\",\"key\":\"closeColumn\"}"}]}
RESULT: undefined
COMMAND: POST /session/5d4f89c809828bc74d2aa9c512c29ea4/element - {"using":"xpath","value":"//*[@id=\"__button53\"]"}
RESULT: {"using":"xpath","value":"//*[@id=\"__button53\"]"}
COMMAND: POST /session/5d4f89c809828bc74d2aa9c512c29ea4/element/f.531E98D0DADB2C7D9F82DA313210FC25.d.BBA7E788A7248DBBE72CAAEFA4110CEE.e.11201/click - {}
RESULT: {}
COMMAND: GET /session/5d4f89c809828bc74d2aa9c512c29ea4/screenshot - {}
RESULT: {}
COMMAND: POST /session/5d4f89c809828bc74d2aa9c512c29ea4/element - {"using":"css selector","value":"#shell-header-logo"}
RESULT: {"using":"css selector","value":"#shell-header-logo"}
COMMAND: POST /session/5d4f89c809828bc74d2aa9c512c29ea4/element/f.531E98D0DADB2C7D9F82DA313210FC25.d.BBA7E788A7248DBBE72CAAEFA4110CEE.e.10478/click - {}
RESULT: {}
COMMAND: GET /session/5d4f89c809828bc74d2aa9c512c29ea4/screenshot - {}
RESULT: {}
COMMAND: POST /session/5d4f89c809828bc74d2aa9c512c29ea4/refresh - {}
RESULT: {}
COMMAND: GET /session/5d4f89c809828bc74d2aa9c512c29ea4/screenshot - {}
RESULT: {}
COMMAND: POST /session/5d4f89c809828bc74d2aa9c512c29ea4/execute/async - {"script":"<script> [189 bytes]","args":[]}
RESULT: {"script":"<script> [189 bytes]","args":[]}
COMMAND: POST /session/5d4f89c809828bc74d2aa9c512c29ea4/execute/async - {"script":"<script> [123 bytes]","args":[]}
RESULT: {"script":"<script> [123 bytes]","args":[]}
COMMAND: POST /session/5d4f89c809828bc74d2aa9c512c29ea4/timeouts - {"script":"<number>"}
RESULT: {"script":"<number>"}
COMMAND: GET /session/5d4f89c809828bc74d2aa9c512c29ea4/timeouts - {}
RESULT: {}
RESULT: undefined
COMMAND: POST /session/5d4f89c809828bc74d2aa9c512c29ea4/execute/async - {"script":"<script> [2676 bytes]","args":[]}
RESULT: {"script":"<script> [2676 bytes]","args":[]}
COMMAND: POST /session/5d4f89c809828bc74d2aa9c512c29ea4/execute/async - {"script":"<script> [2342 bytes]","args":[{"protocol":"http","hostname":"0.0.0.0","path":"/","capabilities":{"browserName":"chrome","goog:chromeOptions":{"binary":"C:\\Program Files\\Google\\Chrome\\Application\\chrome.exe","args":["--start-maximized"]}},"logLevel":"warn","connectionRetryTimeout":120000,"connectionRetryCount":3,"logLevels":{},"enableDirectConnect":true,"strictSSL":true,"_":"65 more keys: [\"cacheDir\",\"port\",\"requestedCapabilities\",\"automationProtocol\",\"baseUrl\",\"waitforInterval\",\"waitforTimeout\",\"onReload\",\"beforeCommand\",\"afterCommand\",\"rootDir\",\"specs\",\"suites\",\"exclude\",\"groupLogsByTestSpec\",\"excludeDriverLogs\",\"bail\",\"framework\",\"reporters\",\"services\",\"maxInstances\",\"maxInstancesPerCapability\",\"injectGlobals\",\"filesToWatch\",\"execArgv\",\"runnerEnv\",\"runner\",\"shard\",\"specFileRetries\",\"specFileRetriesDelay\",\"specFileRetriesDeferred\",\"reporterSyncInterval\",\"reporterSyncTimeout\",\"cucumberFeaturesWithLineNumbers\",\"autoCompileOpts\",\"mochaOpts\",\"jasmineOpts\",\"cucumberOpts\",\"onPrepare\",\"onWorkerStart\",\"onWorkerEnd\",\"before\",\"beforeSession\",\"beforeSuite\",\"beforeHook\",\"beforeTest\",\"afterTest\",\"afterHook\",\"afterSuite\",\"afterSession\",\"after\",\"onComplete\",\"beforeAssertion\",\"afterAssertion\",\"beforeFeature\",\"beforeScenario\",\"beforeStep\",\"afterStep\",\"afterScenario\",\"afterFeature\",\"_\",\"suite\",\"$0\",\"ignoredWorkerServices\",\"wdi5\"]"}]}
RESULT: {"script":"<script> [2342 bytes]","args":[{"protocol":"http","hostname":"0.0.0.0","path":"/","capabilities":{"browserName":"chrome","goog:chromeOptions":{"binary":"C:\\Program Files\\Google\\Chrome\\Application\\chrome.exe","args":["--start-maximized"]}},"logLevel":"warn","connectionRetryTimeout":120000,"connectionRetryCount":3,"logLevels":{},"enableDirectConnect":true,"strictSSL":true,"_":"65 more keys: [\"cacheDir\",\"port\",\"requestedCapabilities\",\"automationProtocol\",\"baseUrl\",\"waitforInterval\",\"waitforTimeout\",\"onReload\",\"beforeCommand\",\"afterCommand\",\"rootDir\",\"specs\",\"suites\",\"exclude\",\"groupLogsByTestSpec\",\"excludeDriverLogs\",\"bail\",\"framework\",\"reporters\",\"services\",\"maxInstances\",\"maxInstancesPerCapability\",\"injectGlobals\",\"filesToWatch\",\"execArgv\",\"runnerEnv\",\"runner\",\"shard\",\"specFileRetries\",\"specFileRetriesDelay\",\"specFileRetriesDeferred\",\"reporterSyncInterval\",\"reporterSyncTimeout\",\"cucumberFeaturesWithLineNumbers\",\"autoCompileOpts\",\"mochaOpts\",\"jasmineOpts\",\"cucumberOpts\",\"onPrepare\",\"onWorkerStart\",\"onWorkerEnd\",\"before\",\"beforeSession\",\"beforeSuite\",\"beforeHook\",\"beforeTest\",\"afterTest\",\"afterHook\",\"afterSuite\",\"afterSession\",\"after\",\"onComplete\",\"beforeAssertion\",\"afterAssertion\",\"beforeFeature\",\"beforeScenario\",\"beforeStep\",\"afterStep\",\"afterScenario\",\"afterFeature\",\"_\",\"suite\",\"$0\",\"ignoredWorkerServices\",\"wdi5\"]"}]}
COMMAND: POST /session/5d4f89c809828bc74d2aa9c512c29ea4/execute/async - {"script":"<script> [21126 bytes]","args":[35000]}
RESULT: {"script":"<script> [21126 bytes]","args":[35000]}
COMMAND: POST /session/5d4f89c809828bc74d2aa9c512c29ea4/execute/async - {"script":"<script> [1562 bytes]","args":[{"selector":{"controlType":"sap.m.GenericTile","properties":{"header":"Manage Partners"}},"wdio_ui5_key":"sapm.GenericTile{\"header\":\"Manage Partners\"}"}]}
RESULT: {"script":"<script> [1562 bytes]","args":[{"selector":{"controlType":"sap.m.GenericTile","properties":{"header":"Manage Partners"}},"wdio_ui5_key":"sapm.GenericTile{\"header\":\"Manage Partners\"}"}]}
RESULT: undefined
COMMAND: POST /session/5d4f89c809828bc74d2aa9c512c29ea4/element - {"using":"xpath","value":"//*[@id=\"__tile38\"]"}
RESULT: {"using":"xpath","value":"//*[@id=\"__tile38\"]"}
COMMAND: POST /session/5d4f89c809828bc74d2aa9c512c29ea4/element/f.531E98D0DADB2C7D9F82DA313210FC25.d.B5FF4B19CB780BAA13D0E333AB4ACC56.e.11546/click - {}
RESULT: {}
COMMAND: GET /session/5d4f89c809828bc74d2aa9c512c29ea4/screenshot - {}
RESULT: {}
COMMAND: POST /session/5d4f89c809828bc74d2aa9c512c29ea4/execute/async - {"script":"<script> [1562 bytes]","args":[{"selector":{"controlType":"sap.ui.core.Icon","viewName":"etm.portal.ui.managepartners.view.Master","viewId":"application-managepartners-display-component---masterPtm","properties":{"src":{"regex":{"source":"add"}}}},"wdio_ui5_key":"etmportal.ui.managepartners.view.Mastersap.ui.core.Icon{\"src\":{\"regex\":{\"source\":\"add\"}}}"}]}
RESULT: {"script":"<script> [1562 bytes]","args":[{"selector":{"controlType":"sap.ui.core.Icon","viewName":"etm.portal.ui.managepartners.view.Master","viewId":"application-managepartners-display-component---masterPtm","properties":{"src":{"regex":{"source":"add"}}}},"wdio_ui5_key":"etmportal.ui.managepartners.view.Mastersap.ui.core.Icon{\"src\":{\"regex\":{\"source\":\"add\"}}}"}]}
RESULT: undefined
COMMAND: POST /session/5d4f89c809828bc74d2aa9c512c29ea4/element - {"using":"xpath","value":"//*[@id=\"__button4-img\"]"}
RESULT: {"using":"xpath","value":"//*[@id=\"__button4-img\"]"}
COMMAND: POST /session/5d4f89c809828bc74d2aa9c512c29ea4/element/f.531E98D0DADB2C7D9F82DA313210FC25.d.B5FF4B19CB780BAA13D0E333AB4ACC56.e.11596/click - {}
RESULT: {}
COMMAND: GET /session/5d4f89c809828bc74d2aa9c512c29ea4/screenshot - {}
RESULT: {}
COMMAND: POST /session/5d4f89c809828bc74d2aa9c512c29ea4/execute/async - {"script":"<script> [1562 bytes]","args":[{"selector":{"id":"application-managepartners-display-component---NewPartner--partnerId","interaction":{"idSuffix":"inner"}},"wdio_ui5_key":"applicationmanagepartners-display-component---NewPartner--partnerId"}]}
RESULT: {"script":"<script> [1562 bytes]","args":[{"selector":{"id":"application-managepartners-display-component---NewPartner--partnerId","interaction":{"idSuffix":"inner"}},"wdio_ui5_key":"applicationmanagepartners-display-component---NewPartner--partnerId"}]}
RESULT: undefined
COMMAND: POST /session/5d4f89c809828bc74d2aa9c512c29ea4/execute/async - {"script":"<script> [1562 bytes]","args":[{"selector":{"id":"application-managepartners-display-component---NewPartner--addressDetailDetailsName1","interaction":{"idSuffix":"inner"}},"wdio_ui5_key":"applicationmanagepartners-display-component---NewPartner--addressDetailDetailsName1"}]}
RESULT: {"script":"<script> [1562 bytes]","args":[{"selector":{"id":"application-managepartners-display-component---NewPartner--addressDetailDetailsName1","interaction":{"idSuffix":"inner"}},"wdio_ui5_key":"applicationmanagepartners-display-component---NewPartner--addressDetailDetailsName1"}]}
RESULT: undefined
COMMAND: POST /session/5d4f89c809828bc74d2aa9c512c29ea4/execute/async - {"script":"<script> [776 bytes]","args":[{"enterText":"WebdriverPartneroff5dl","selector":{"id":"application-managepartners-display-component---NewPartner--addressDetailDetailsName1","interaction":{"idSuffix":"inner"}},"clearTextFirst":true,"interactionType":"ENTER_TEXT"}]}
RESULT: {"script":"<script> [776 bytes]","args":[{"enterText":"WebdriverPartneroff5dl","selector":{"id":"application-managepartners-display-component---NewPartner--addressDetailDetailsName1","interaction":{"idSuffix":"inner"}},"clearTextFirst":true,"interactionType":"ENTER_TEXT"}]}
COMMAND: POST /session/5d4f89c809828bc74d2aa9c512c29ea4/execute/async - {"script":"<script> [1562 bytes]","args":[{"selector":{"id":"application-managepartners-display-component---NewPartner--addressDetailDetailsLanguage","interaction":{"idSuffix":"inner"}},"wdio_ui5_key":"applicationmanagepartners-display-component---NewPartner--addressDetailDetailsLanguage"}]}
RESULT: {"script":"<script> [1562 bytes]","args":[{"selector":{"id":"application-managepartners-display-component---NewPartner--addressDetailDetailsLanguage","interaction":{"idSuffix":"inner"}},"wdio_ui5_key":"applicationmanagepartners-display-component---NewPartner--addressDetailDetailsLanguage"}]}
RESULT: undefined
COMMAND: POST /session/5d4f89c809828bc74d2aa9c512c29ea4/execute/async - {"script":"<script> [776 bytes]","args":[{"enterText":"Romanian","selector":{"id":"application-managepartners-display-component---NewPartner--addressDetailDetailsLanguage","interaction":{"idSuffix":"inner"}},"clearTextFirst":true,"interactionType":"ENTER_TEXT"}]}
RESULT: {"script":"<script> [776 bytes]","args":[{"enterText":"Romanian","selector":{"id":"application-managepartners-display-component---NewPartner--addressDetailDetailsLanguage","interaction":{"idSuffix":"inner"}},"clearTextFirst":true,"interactionType":"ENTER_TEXT"}]}
COMMAND: POST /session/5d4f89c809828bc74d2aa9c512c29ea4/element - {"using":"xpath","value":"//input[contains(@id ,\"application-managepartners-display-component---NewPartner--addressDetailDetailsName1-inner\")]"}
RESULT: {"using":"xpath","value":"//input[contains(@id ,\"application-managepartners-display-component---NewPartner--addressDetailDetailsName1-inner\")]"}
COMMAND: GET /session/5d4f89c809828bc74d2aa9c512c29ea4/element/f.531E98D0DADB2C7D9F82DA313210FC25.d.B5FF4B19CB780BAA13D0E333AB4ACC56.e.11856/property/value - {}
RESULT: {}
COMMAND: POST /session/5d4f89c809828bc74d2aa9c512c29ea4/execute/async - {"script":"<script> [1562 bytes]","args":[{"selector":{"id":"application-managepartners-display-component---NewPartner--addressDetailDetailsCity1","interaction":{"idSuffix":"inner"}},"wdio_ui5_key":"applicationmanagepartners-display-component---NewPartner--addressDetailDetailsCity1"}]}
COMMAND: GET /session/5d4f89c809828bc74d2aa9c512c29ea4/screenshot - {}
RESULT: {"script":"<script> [1562 bytes]","args":[{"selector":{"id":"application-managepartners-display-component---NewPartner--addressDetailDetailsCity1","interaction":{"idSuffix":"inner"}},"wdio_ui5_key":"applicationmanagepartners-display-component---NewPartner--addressDetailDetailsCity1"}]}
RESULT: undefined
COMMAND: POST /session/5d4f89c809828bc74d2aa9c512c29ea4/execute/async - {"script":"<script> [776 bytes]","args":[{"enterText":"Bucharest","selector":{"id":"application-managepartners-display-component---NewPartner--addressDetailDetailsCity1","interaction":{"idSuffix":"inner"}},"clearTextFirst":true,"interactionType":"ENTER_TEXT"}]}
RESULT: {}
RESULT: {"script":"<script> [776 bytes]","args":[{"enterText":"Bucharest","selector":{"id":"application-managepartners-display-component---NewPartner--addressDetailDetailsCity1","interaction":{"idSuffix":"inner"}},"clearTextFirst":true,"interactionType":"ENTER_TEXT"}]}
COMMAND: POST /session/5d4f89c809828bc74d2aa9c512c29ea4/execute/async - {"script":"<script> [1562 bytes]","args":[{"selector":{"id":"application-managepartners-display-component---NewPartner--addressDetailDetailsCountry","interaction":{"idSuffix":"inner"}},"wdio_ui5_key":"applicationmanagepartners-display-component---NewPartner--addressDetailDetailsCountry"}]}
RESULT: {"script":"<script> [1562 bytes]","args":[{"selector":{"id":"application-managepartners-display-component---NewPartner--addressDetailDetailsCountry","interaction":{"idSuffix":"inner"}},"wdio_ui5_key":"applicationmanagepartners-display-component---NewPartner--addressDetailDetailsCountry"}]}
RESULT: undefined
COMMAND: POST /session/5d4f89c809828bc74d2aa9c512c29ea4/execute/async - {"script":"<script> [6424 bytes]","args":[{"element-6066-11e4-a52e-4f735466cecf":"f.531E98D0DADB2C7D9F82DA313210FC25.d.B5FF4B19CB780BAA13D0E333AB4ACC56.e.11863"},"setValue",["Romania"]]}
RESULT: {"script":"<script> [6424 bytes]","args":[{"element-6066-11e4-a52e-4f735466cecf":"f.531E98D0DADB2C7D9F82DA313210FC25.d.B5FF4B19CB780BAA13D0E333AB4ACC56.e.11863"},"setValue",["Romania"]]}
COMMAND: POST /session/5d4f89c809828bc74d2aa9c512c29ea4/execute/async - {"script":"<script> [1562 bytes]","args":[{"selector":{"id":"application-managepartners-display-component---NewPartner--partnerDetailInternal","interaction":{"idSuffix":"inner"}},"wdio_ui5_key":"applicationmanagepartners-display-component---NewPartner--partnerDetailInternal"}]}
RESULT: {"script":"<script> [1562 bytes]","args":[{"selector":{"id":"application-managepartners-display-component---NewPartner--partnerDetailInternal","interaction":{"idSuffix":"inner"}},"wdio_ui5_key":"applicationmanagepartners-display-component---NewPartner--partnerDetailInternal"}]}
RESULT: undefined
COMMAND: POST /session/5d4f89c809828bc74d2aa9c512c29ea4/execute/async - {"script":"<script> [776 bytes]","args":[{"enterText":"External partner","selector":{"id":"application-managepartners-display-component---NewPartner--partnerDetailInternal","interaction":{"idSuffix":"inner"}},"clearTextFirst":true,"interactionType":"ENTER_TEXT"}]}
RESULT: {"script":"<script> [776 bytes]","args":[{"enterText":"External partner","selector":{"id":"application-managepartners-display-component---NewPartner--partnerDetailInternal","interaction":{"idSuffix":"inner"}},"clearTextFirst":true,"interactionType":"ENTER_TEXT"}]}
COMMAND: POST /session/5d4f89c809828bc74d2aa9c512c29ea4/execute/async - {"script":"<script> [1562 bytes]","args":[{"selector":{"id":"application-managepartners-display-component---NewPartner--partnerDetailsCurrency","interaction":{"idSuffix":"inner"}},"wdio_ui5_key":"applicationmanagepartners-display-component---NewPartner--partnerDetailsCurrency"}]}
RESULT: {"script":"<script> [1562 bytes]","args":[{"selector":{"id":"application-managepartners-display-component---NewPartner--partnerDetailsCurrency","interaction":{"idSuffix":"inner"}},"wdio_ui5_key":"applicationmanagepartners-display-component---NewPartner--partnerDetailsCurrency"}]}
RESULT: undefined
COMMAND: POST /session/5d4f89c809828bc74d2aa9c512c29ea4/execute/async - {"script":"<script> [776 bytes]","args":[{"enterText":"Euro","selector":{"id":"application-managepartners-display-component---NewPartner--partnerDetailsCurrency","interaction":{"idSuffix":"inner"}},"clearTextFirst":true,"interactionType":"ENTER_TEXT"}]}
RESULT: {"script":"<script> [776 bytes]","args":[{"enterText":"Euro","selector":{"id":"application-managepartners-display-component---NewPartner--partnerDetailsCurrency","interaction":{"idSuffix":"inner"}},"clearTextFirst":true,"interactionType":"ENTER_TEXT"}]}
COMMAND: POST /session/5d4f89c809828bc74d2aa9c512c29ea4/execute/async - {"script":"<script> [1562 bytes]","args":[{"selector":{"controlType":"sap.m.Button","viewName":"etm.portal.ui.managepartners.view.NewPartner","viewId":"application-managepartners-display-component---NewPartner","properties":{"text":"Commercial"},"interaction":{"idSuffix":"BDI-content"}},"wdio_ui5_key":"etmportal.ui.managepartners.view.NewPartnersap.m.Button{\"text\":\"Commercial\"}"}]}
RESULT: {"script":"<script> [1562 bytes]","args":[{"selector":{"controlType":"sap.m.Button","viewName":"etm.portal.ui.managepartners.view.NewPartner","viewId":"application-managepartners-display-component---NewPartner","properties":{"text":"Commercial"},"interaction":{"idSuffix":"BDI-content"}},"wdio_ui5_key":"etmportal.ui.managepartners.view.NewPartnersap.m.Button{\"text\":\"Commercial\"}"}]}
RESULT: undefined
COMMAND: POST /session/5d4f89c809828bc74d2aa9c512c29ea4/element - {"using":"xpath","value":"//*[@id=\"application-managepartners-display-component---NewPartner--ObjectPageLayout-anchBar-__section5-anchor\"]"}
RESULT: {"using":"xpath","value":"//*[@id=\"application-managepartners-display-component---NewPartner--ObjectPageLayout-anchBar-__section5-anchor\"]"}
COMMAND: POST /session/5d4f89c809828bc74d2aa9c512c29ea4/element/f.531E98D0DADB2C7D9F82DA313210FC25.d.B5FF4B19CB780BAA13D0E333AB4ACC56.e.12022/click - {}
RESULT: {}
COMMAND: GET /session/5d4f89c809828bc74d2aa9c512c29ea4/screenshot - {}
RESULT: {}
COMMAND: POST /session/5d4f89c809828bc74d2aa9c512c29ea4/execute/async - {"script":"<script> [1562 bytes]","args":[{"selector":{"id":"application-managepartners-display-component---NewPartner--btnAddTableRow-img"},"wdio_ui5_key":"applicationmanagepartners-display-component---NewPartner--btnAddTableRow-img"}]}
RESULT: {"script":"<script> [1562 bytes]","args":[{"selector":{"id":"application-managepartners-display-component---NewPartner--btnAddTableRow-img"},"wdio_ui5_key":"applicationmanagepartners-display-component---NewPartner--btnAddTableRow-img"}]}
RESULT: undefined
COMMAND: POST /session/5d4f89c809828bc74d2aa9c512c29ea4/element - {"using":"xpath","value":"//*[@id=\"application-managepartners-display-component---NewPartner--btnAddTableRow-img\"]"}
RESULT: {"using":"xpath","value":"//*[@id=\"application-managepartners-display-component---NewPartner--btnAddTableRow-img\"]"}
COMMAND: POST /session/5d4f89c809828bc74d2aa9c512c29ea4/element/f.531E98D0DADB2C7D9F82DA313210FC25.d.B5FF4B19CB780BAA13D0E333AB4ACC56.e.12028/click - {}
RESULT: {}
COMMAND: POST /session/5d4f89c809828bc74d2aa9c512c29ea4/element - {"using":"xpath","value":"//input[contains(@id ,\"application-managepartners-display-component---NewPartner--assignmentYard-application-managepartners-display-component---NewPartner\")]"}
COMMAND: GET /session/5d4f89c809828bc74d2aa9c512c29ea4/screenshot - {}
RESULT: {"using":"xpath","value":"//input[contains(@id ,\"application-managepartners-display-component---NewPartner--assignmentYard-application-managepartners-display-component---NewPartner\")]"}
COMMAND: POST /session/5d4f89c809828bc74d2aa9c512c29ea4/element/f.531E98D0DADB2C7D9F82DA313210FC25.d.B5FF4B19CB780BAA13D0E333AB4ACC56.e.12031/clear - {}
RESULT: {}
RESULT: {}
COMMAND: POST /session/5d4f89c809828bc74d2aa9c512c29ea4/element/f.531E98D0DADB2C7D9F82DA313210FC25.d.B5FF4B19CB780BAA13D0E333AB4ACC56.e.12031/value - {"text":"604"}
COMMAND: GET /session/5d4f89c809828bc74d2aa9c512c29ea4/screenshot - {}
RESULT: {"text":"604"}
COMMAND: GET /session/5d4f89c809828bc74d2aa9c512c29ea4/screenshot - {}
RESULT: {}
RESULT: {}
COMMAND: POST /session/5d4f89c809828bc74d2aa9c512c29ea4/execute/async - {"script":"<script> [1562 bytes]","args":[{"selector":{"controlType":"sap.m.Button","viewName":"etm.portal.ui.managepartners.view.NewPartner","viewId":"application-managepartners-display-component---NewPartner","i18NText":{"propertyName":"text","key":"save"},"interaction":{"idSuffix":"BDI-content"}},"wdio_ui5_key":"etmportal.ui.managepartners.view.NewPartnersap.m.Button{\"propertyName\":\"text\",\"key\":\"save\"}"}]}
RESULT: {"script":"<script> [1562 bytes]","args":[{"selector":{"controlType":"sap.m.Button","viewName":"etm.portal.ui.managepartners.view.NewPartner","viewId":"application-managepartners-display-component---NewPartner","i18NText":{"propertyName":"text","key":"save"},"interaction":{"idSuffix":"BDI-content"}},"wdio_ui5_key":"etmportal.ui.managepartners.view.NewPartnersap.m.Button{\"propertyName\":\"text\",\"key\":\"save\"}"}]}
RESULT: undefined
COMMAND: POST /session/5d4f89c809828bc74d2aa9c512c29ea4/element - {"using":"xpath","value":"//*[@id=\"__button12\"]"}
RESULT: {"using":"xpath","value":"//*[@id=\"__button12\"]"}
COMMAND: POST /session/5d4f89c809828bc74d2aa9c512c29ea4/element/f.531E98D0DADB2C7D9F82DA313210FC25.d.B5FF4B19CB780BAA13D0E333AB4ACC56.e.12001/click - {}
RESULT: {}
COMMAND: GET /session/5d4f89c809828bc74d2aa9c512c29ea4/screenshot - {}
RESULT: {}
COMMAND: POST /session/5d4f89c809828bc74d2aa9c512c29ea4/element - {"using":"xpath","value":"//header/div/div[2]/div[2]/span"}
RESULT: {"using":"xpath","value":"//header/div/div[2]/div[2]/span"}
COMMAND: GET /session/5d4f89c809828bc74d2aa9c512c29ea4/element/f.531E98D0DADB2C7D9F82DA313210FC25.d.B5FF4B19CB780BAA13D0E333AB4ACC56.e.12199/text - {}
RESULT: {}
COMMAND: POST /session/5d4f89c809828bc74d2aa9c512c29ea4/element - {"using":"xpath","value":"//header/div/div/div/div/div/div[2]/div/span"}
RESULT: {"using":"xpath","value":"//header/div/div/div/div/div/div[2]/div/span"}
COMMAND: GET /session/5d4f89c809828bc74d2aa9c512c29ea4/element/f.531E98D0DADB2C7D9F82DA313210FC25.d.B5FF4B19CB780BAA13D0E333AB4ACC56.e.12200/text - {}
RESULT: {}
COMMAND: POST /session/5d4f89c809828bc74d2aa9c512c29ea4/execute/async - {"script":"<script> [1562 bytes]","args":[{"selector":{"id":"application-managepartners-display-component---detailPtm--partnerType"},"wdio_ui5_key":"applicationmanagepartners-display-component---detailPtm--partnerType"}]}
RESULT: {"script":"<script> [1562 bytes]","args":[{"selector":{"id":"application-managepartners-display-component---detailPtm--partnerType"},"wdio_ui5_key":"applicationmanagepartners-display-component---detailPtm--partnerType"}]}
RESULT: undefined
COMMAND: POST /session/5d4f89c809828bc74d2aa9c512c29ea4/execute/async - {"script":"<script> [6424 bytes]","args":[{"element-6066-11e4-a52e-4f735466cecf":"f.531E98D0DADB2C7D9F82DA313210FC25.d.B5FF4B19CB780BAA13D0E333AB4ACC56.e.12201"},"getText",[]]}
RESULT: {"script":"<script> [6424 bytes]","args":[{"element-6066-11e4-a52e-4f735466cecf":"f.531E98D0DADB2C7D9F82DA313210FC25.d.B5FF4B19CB780BAA13D0E333AB4ACC56.e.12201"},"getText",[]]}
COMMAND: POST /session/5d4f89c809828bc74d2aa9c512c29ea4/element - {"using":"css selector","value":"#shell-header-logo"}
RESULT: {"using":"css selector","value":"#shell-header-logo"}
COMMAND: POST /session/5d4f89c809828bc74d2aa9c512c29ea4/element/f.531E98D0DADB2C7D9F82DA313210FC25.d.B5FF4B19CB780BAA13D0E333AB4ACC56.e.11547/click - {}
RESULT: {}
COMMAND: GET /session/5d4f89c809828bc74d2aa9c512c29ea4/screenshot - {}
RESULT: {}
COMMAND: POST /session/5d4f89c809828bc74d2aa9c512c29ea4/execute/async - {"script":"<script> [1562 bytes]","args":[{"selector":{"controlType":"sap.m.GenericTile","properties":{"header":"Manage Sites"}},"wdio_ui5_key":"sapm.GenericTile{\"header\":\"Manage Sites\"}"}]}
RESULT: {"script":"<script> [1562 bytes]","args":[{"selector":{"controlType":"sap.m.GenericTile","properties":{"header":"Manage Sites"}},"wdio_ui5_key":"sapm.GenericTile{\"header\":\"Manage Sites\"}"}]}
RESULT: undefined
COMMAND: POST /session/5d4f89c809828bc74d2aa9c512c29ea4/element - {"using":"xpath","value":"//*[@id=\"__tile40\"]"}
RESULT: {"using":"xpath","value":"//*[@id=\"__tile40\"]"}
COMMAND: POST /session/5d4f89c809828bc74d2aa9c512c29ea4/element/f.531E98D0DADB2C7D9F82DA313210FC25.d.B5FF4B19CB780BAA13D0E333AB4ACC56.e.12203/click - {}
RESULT: {}
COMMAND: GET /session/5d4f89c809828bc74d2aa9c512c29ea4/screenshot - {}
RESULT: {}
COMMAND: POST /session/5d4f89c809828bc74d2aa9c512c29ea4/execute/async - {"script":"<script> [1562 bytes]","args":[{"selector":{"controlType":"sap.ui.core.Icon","viewName":"etm.portal.ui.managesites.view.Master","viewId":"application-managesites-display-component---masterSite","properties":{"src":{"regex":{"source":"add"}}}},"wdio_ui5_key":"etmportal.ui.managesites.view.Mastersap.ui.core.Icon{\"src\":{\"regex\":{\"source\":\"add\"}}}"}]}
RESULT: {"script":"<script> [1562 bytes]","args":[{"selector":{"controlType":"sap.ui.core.Icon","viewName":"etm.portal.ui.managesites.view.Master","viewId":"application-managesites-display-component---masterSite","properties":{"src":{"regex":{"source":"add"}}}},"wdio_ui5_key":"etmportal.ui.managesites.view.Mastersap.ui.core.Icon{\"src\":{\"regex\":{\"source\":\"add\"}}}"}]}
RESULT: undefined
COMMAND: POST /session/5d4f89c809828bc74d2aa9c512c29ea4/element - {"using":"xpath","value":"//*[@id=\"__button52-img\"]"}
RESULT: {"using":"xpath","value":"//*[@id=\"__button52-img\"]"}
COMMAND: POST /session/5d4f89c809828bc74d2aa9c512c29ea4/element/f.531E98D0DADB2C7D9F82DA313210FC25.d.B5FF4B19CB780BAA13D0E333AB4ACC56.e.12253/click - {}
RESULT: {}
COMMAND: POST /session/5d4f89c809828bc74d2aa9c512c29ea4/execute/async - {"script":"<script> [1562 bytes]","args":[{"selector":{"id":"application-managesites-display-component---NewSite--siteId","interaction":{"idSuffix":"inner"}},"wdio_ui5_key":"applicationmanagesites-display-component---NewSite--siteId"}]}
COMMAND: GET /session/5d4f89c809828bc74d2aa9c512c29ea4/screenshot - {}
RESULT: {"script":"<script> [1562 bytes]","args":[{"selector":{"id":"application-managesites-display-component---NewSite--siteId","interaction":{"idSuffix":"inner"}},"wdio_ui5_key":"applicationmanagesites-display-component---NewSite--siteId"}]}
RESULT: undefined
COMMAND: POST /session/5d4f89c809828bc74d2aa9c512c29ea4/execute/async - {"script":"<script> [1562 bytes]","args":[{"selector":{"id":"application-managesites-display-component---NewSite--addressDetailDetailsName1","interaction":{"idSuffix":"inner"}},"wdio_ui5_key":"applicationmanagesites-display-component---NewSite--addressDetailDetailsName1"}]}
RESULT: {}
RESULT: {"script":"<script> [1562 bytes]","args":[{"selector":{"id":"application-managesites-display-component---NewSite--addressDetailDetailsName1","interaction":{"idSuffix":"inner"}},"wdio_ui5_key":"applicationmanagesites-display-component---NewSite--addressDetailDetailsName1"}]}
RESULT: undefined
COMMAND: POST /session/5d4f89c809828bc74d2aa9c512c29ea4/execute/async - {"script":"<script> [776 bytes]","args":[{"enterText":"WebdriverSite2eal","selector":{"id":"application-managesites-display-component---NewSite--addressDetailDetailsName1","interaction":{"idSuffix":"inner"}},"clearTextFirst":true,"interactionType":"ENTER_TEXT"}]}
RESULT: {"script":"<script> [776 bytes]","args":[{"enterText":"WebdriverSite2eal","selector":{"id":"application-managesites-display-component---NewSite--addressDetailDetailsName1","interaction":{"idSuffix":"inner"}},"clearTextFirst":true,"interactionType":"ENTER_TEXT"}]}
COMMAND: POST /session/5d4f89c809828bc74d2aa9c512c29ea4/execute/async - {"script":"<script> [1562 bytes]","args":[{"selector":{"id":"application-managesites-display-component---NewSite--addressDetailDetailsLanguage","interaction":{"idSuffix":"inner"}},"wdio_ui5_key":"applicationmanagesites-display-component---NewSite--addressDetailDetailsLanguage"}]}
RESULT: {"script":"<script> [1562 bytes]","args":[{"selector":{"id":"application-managesites-display-component---NewSite--addressDetailDetailsLanguage","interaction":{"idSuffix":"inner"}},"wdio_ui5_key":"applicationmanagesites-display-component---NewSite--addressDetailDetailsLanguage"}]}
RESULT: undefined
COMMAND: POST /session/5d4f89c809828bc74d2aa9c512c29ea4/execute/async - {"script":"<script> [776 bytes]","args":[{"enterText":"Romanian","selector":{"id":"application-managesites-display-component---NewSite--addressDetailDetailsLanguage","interaction":{"idSuffix":"inner"}},"clearTextFirst":true,"interactionType":"ENTER_TEXT"}]}
RESULT: {"script":"<script> [776 bytes]","args":[{"enterText":"Romanian","selector":{"id":"application-managesites-display-component---NewSite--addressDetailDetailsLanguage","interaction":{"idSuffix":"inner"}},"clearTextFirst":true,"interactionType":"ENTER_TEXT"}]}
COMMAND: POST /session/5d4f89c809828bc74d2aa9c512c29ea4/execute/async - {"script":"<script> [1562 bytes]","args":[{"selector":{"id":"application-managesites-display-component---NewSite--addressDetailDetailsCity1","interaction":{"idSuffix":"inner"}},"wdio_ui5_key":"applicationmanagesites-display-component---NewSite--addressDetailDetailsCity1"}]}
RESULT: {"script":"<script> [1562 bytes]","args":[{"selector":{"id":"application-managesites-display-component---NewSite--addressDetailDetailsCity1","interaction":{"idSuffix":"inner"}},"wdio_ui5_key":"applicationmanagesites-display-component---NewSite--addressDetailDetailsCity1"}]}
RESULT: undefined
COMMAND: POST /session/5d4f89c809828bc74d2aa9c512c29ea4/execute/async - {"script":"<script> [776 bytes]","args":[{"enterText":"Bucharest","selector":{"id":"application-managesites-display-component---NewSite--addressDetailDetailsCity1","interaction":{"idSuffix":"inner"}},"clearTextFirst":true,"interactionType":"ENTER_TEXT"}]}
RESULT: {"script":"<script> [776 bytes]","args":[{"enterText":"Bucharest","selector":{"id":"application-managesites-display-component---NewSite--addressDetailDetailsCity1","interaction":{"idSuffix":"inner"}},"clearTextFirst":true,"interactionType":"ENTER_TEXT"}]}
COMMAND: POST /session/5d4f89c809828bc74d2aa9c512c29ea4/execute/async - {"script":"<script> [1562 bytes]","args":[{"selector":{"id":"application-managesites-display-component---NewSite--addressDetailDetailsCountry","interaction":{"idSuffix":"inner"}},"wdio_ui5_key":"applicationmanagesites-display-component---NewSite--addressDetailDetailsCountry"}]}
RESULT: {"script":"<script> [1562 bytes]","args":[{"selector":{"id":"application-managesites-display-component---NewSite--addressDetailDetailsCountry","interaction":{"idSuffix":"inner"}},"wdio_ui5_key":"applicationmanagesites-display-component---NewSite--addressDetailDetailsCountry"}]}
RESULT: undefined
COMMAND: POST /session/5d4f89c809828bc74d2aa9c512c29ea4/execute/async - {"script":"<script> [776 bytes]","args":[{"enterText":"Romania","selector":{"id":"application-managesites-display-component---NewSite--addressDetailDetailsCountry","interaction":{"idSuffix":"inner"}},"clearTextFirst":true,"interactionType":"ENTER_TEXT"}]}
RESULT: {"script":"<script> [776 bytes]","args":[{"enterText":"Romania","selector":{"id":"application-managesites-display-component---NewSite--addressDetailDetailsCountry","interaction":{"idSuffix":"inner"}},"clearTextFirst":true,"interactionType":"ENTER_TEXT"}]}
COMMAND: POST /session/5d4f89c809828bc74d2aa9c512c29ea4/element - {"using":"css selector","value":"#application-managesites-display-component---NewSite--addressDetailDetailsCalendar-inner"}
RESULT: {"using":"css selector","value":"#application-managesites-display-component---NewSite--addressDetailDetailsCalendar-inner"}
COMMAND: POST /session/5d4f89c809828bc74d2aa9c512c29ea4/element/f.531E98D0DADB2C7D9F82DA313210FC25.d.B5FF4B19CB780BAA13D0E333AB4ACC56.e.12448/clear - {}
RESULT: {}
COMMAND: POST /session/5d4f89c809828bc74d2aa9c512c29ea4/element/f.531E98D0DADB2C7D9F82DA313210FC25.d.B5FF4B19CB780BAA13D0E333AB4ACC56.e.12448/value - {"text":"Germany"}
COMMAND: GET /session/5d4f89c809828bc74d2aa9c512c29ea4/screenshot - {}
RESULT: {"text":"Germany"}
COMMAND: POST /session/5d4f89c809828bc74d2aa9c512c29ea4/execute/async - {"script":"<script> [1562 bytes]","args":[{"selector":{"id":"application-managesites-display-component---NewSite--addressEditDetailsCostObjectCstType-arrow"},"wdio_ui5_key":"applicationmanagesites-display-component---NewSite--addressEditDetailsCostObjectCstType-arrow"}]}
COMMAND: GET /session/5d4f89c809828bc74d2aa9c512c29ea4/screenshot - {}
RESULT: {}
RESULT: {"script":"<script> [1562 bytes]","args":[{"selector":{"id":"application-managesites-display-component---NewSite--addressEditDetailsCostObjectCstType-arrow"},"wdio_ui5_key":"applicationmanagesites-display-component---NewSite--addressEditDetailsCostObjectCstType-arrow"}]}
RESULT: undefined
COMMAND: POST /session/5d4f89c809828bc74d2aa9c512c29ea4/element - {"using":"xpath","value":"//*[@id=\"application-managesites-display-component---NewSite--addressEditDetailsCostObjectCstType-arrow\"]"}
RESULT: {}
RESULT: {"using":"xpath","value":"//*[@id=\"application-managesites-display-component---NewSite--addressEditDetailsCostObjectCstType-arrow\"]"}
COMMAND: POST /session/5d4f89c809828bc74d2aa9c512c29ea4/element/f.531E98D0DADB2C7D9F82DA313210FC25.d.B5FF4B19CB780BAA13D0E333AB4ACC56.e.12644/click - {}
RESULT: {}
COMMAND: POST /session/5d4f89c809828bc74d2aa9c512c29ea4/element - {"using":"xpath","value":"//span[contains(text(), \"Work Breakdown Structure\")]"}
COMMAND: GET /session/5d4f89c809828bc74d2aa9c512c29ea4/screenshot - {}
RESULT: {"using":"xpath","value":"//span[contains(text(), \"Work Breakdown Structure\")]"}
COMMAND: POST /session/5d4f89c809828bc74d2aa9c512c29ea4/element/f.531E98D0DADB2C7D9F82DA313210FC25.d.B5FF4B19CB780BAA13D0E333AB4ACC56.e.12645/click - {}
RESULT: {}
RESULT: {}
COMMAND: GET /session/5d4f89c809828bc74d2aa9c512c29ea4/screenshot - {}
RESULT: {}
COMMAND: POST /session/5d4f89c809828bc74d2aa9c512c29ea4/execute/async - {"script":"<script> [1562 bytes]","args":[{"selector":{"id":"application-managesites-display-component---NewSite--addressNewCostObjectCstID-vhi"},"wdio_ui5_key":"applicationmanagesites-display-component---NewSite--addressNewCostObjectCstID-vhi"}]}
RESULT: {"script":"<script> [1562 bytes]","args":[{"selector":{"id":"application-managesites-display-component---NewSite--addressNewCostObjectCstID-vhi"},"wdio_ui5_key":"applicationmanagesites-display-component---NewSite--addressNewCostObjectCstID-vhi"}]}
RESULT: undefined
COMMAND: POST /session/5d4f89c809828bc74d2aa9c512c29ea4/element - {"using":"xpath","value":"//*[@id=\"application-managesites-display-component---NewSite--addressNewCostObjectCstID-vhi\"]"}
RESULT: {"using":"xpath","value":"//*[@id=\"application-managesites-display-component---NewSite--addressNewCostObjectCstID-vhi\"]"}
COMMAND: POST /session/5d4f89c809828bc74d2aa9c512c29ea4/element/f.531E98D0DADB2C7D9F82DA313210FC25.d.B5FF4B19CB780BAA13D0E333AB4ACC56.e.12650/click - {}
RESULT: {}
COMMAND: GET /session/5d4f89c809828bc74d2aa9c512c29ea4/screenshot - {}
RESULT: {}
COMMAND: POST /session/5d4f89c809828bc74d2aa9c512c29ea4/execute/async - {"script":"<script> [1562 bytes]","args":[{"selector":{"controlType":"sap.m.SearchField","properties":{"placeholder":"Search"},"searchOpenDialogs":true,"interaction":{"idSuffix":"I"}},"wdio_ui5_key":"sapm.SearchField{\"placeholder\":\"Search\"}"}]}
RESULT: {"script":"<script> [1562 bytes]","args":[{"selector":{"controlType":"sap.m.SearchField","properties":{"placeholder":"Search"},"searchOpenDialogs":true,"interaction":{"idSuffix":"I"}},"wdio_ui5_key":"sapm.SearchField{\"placeholder\":\"Search\"}"}]}
RESULT: undefined
COMMAND: POST /session/5d4f89c809828bc74d2aa9c512c29ea4/execute/async - {"script":"<script> [776 bytes]","args":[{"enterText":"A1-000100-01","selector":{"controlType":"sap.m.SearchField","properties":{"placeholder":"Search"},"searchOpenDialogs":true,"interaction":{"idSuffix":"I"}},"clearTextFirst":true,"interactionType":"ENTER_TEXT"}]}
RESULT: {"script":"<script> [776 bytes]","args":[{"enterText":"A1-000100-01","selector":{"controlType":"sap.m.SearchField","properties":{"placeholder":"Search"},"searchOpenDialogs":true,"interaction":{"idSuffix":"I"}},"clearTextFirst":true,"interactionType":"ENTER_TEXT"}]}
COMMAND: POST /session/5d4f89c809828bc74d2aa9c512c29ea4/actions - {"actions":[{"id":"action67","type":"key","parameters":{},"actions":[{"type":"keyDown","value":"î€‡"},{"type":"pause","duration":10},{"type":"keyUp","value":"î€‡"}]}]}
RESULT: {"actions":[{"id":"action67","type":"key","parameters":{},"actions":[{"type":"keyDown","value":"î€‡"},{"type":"pause","duration":10},{"type":"keyUp","value":"î€‡"}]}]}
COMMAND: GET /session/5d4f89c809828bc74d2aa9c512c29ea4/screenshot - {}
RESULT: {}
COMMAND: POST /session/5d4f89c809828bc74d2aa9c512c29ea4/element - {"using":"xpath","value":"//span[contains(text(), \"Template for ETO-Process\")]"}
RESULT: {"using":"xpath","value":"//span[contains(text(), \"Template for ETO-Process\")]"}
COMMAND: POST /session/5d4f89c809828bc74d2aa9c512c29ea4/element/f.531E98D0DADB2C7D9F82DA313210FC25.d.B5FF4B19CB780BAA13D0E333AB4ACC56.e.12669/click - {}
RESULT: {}
COMMAND: GET /session/5d4f89c809828bc74d2aa9c512c29ea4/screenshot - {}
RESULT: {}
COMMAND: POST /session/5d4f89c809828bc74d2aa9c512c29ea4/element - {"using":"xpath","value":"//bdi[contains(text(), \"OK\")]"}
RESULT: {"using":"xpath","value":"//bdi[contains(text(), \"OK\")]"}
COMMAND: POST /session/5d4f89c809828bc74d2aa9c512c29ea4/element/f.531E98D0DADB2C7D9F82DA313210FC25.d.B5FF4B19CB780BAA13D0E333AB4ACC56.e.12670/click - {}
RESULT: {}
COMMAND: GET /session/5d4f89c809828bc74d2aa9c512c29ea4/screenshot - {}
RESULT: {}
COMMAND: POST /session/5d4f89c809828bc74d2aa9c512c29ea4/element - {"using":"xpath","value":"//input[@id=\"application-managesites-display-component---NewSite--addressDetailDetailsYard-inner\"]"}
RESULT: {"using":"xpath","value":"//input[@id=\"application-managesites-display-component---NewSite--addressDetailDetailsYard-inner\"]"}
COMMAND: POST /session/5d4f89c809828bc74d2aa9c512c29ea4/element/f.531E98D0DADB2C7D9F82DA313210FC25.d.B5FF4B19CB780BAA13D0E333AB4ACC56.e.12449/value - {"text":"604"}
RESULT: {"text":"604"}
COMMAND: GET /session/5d4f89c809828bc74d2aa9c512c29ea4/screenshot - {}
RESULT: {}
COMMAND: POST /session/5d4f89c809828bc74d2aa9c512c29ea4/actions - {"actions":[{"id":"action68","type":"key","parameters":{},"actions":[{"type":"keyDown","value":"î€‡"},{"type":"pause","duration":10},{"type":"keyUp","value":"î€‡"}]}]}
RESULT: {"actions":[{"id":"action68","type":"key","parameters":{},"actions":[{"type":"keyDown","value":"î€‡"},{"type":"pause","duration":10},{"type":"keyUp","value":"î€‡"}]}]}
COMMAND: GET /session/5d4f89c809828bc74d2aa9c512c29ea4/screenshot - {}
RESULT: {}
COMMAND: POST /session/5d4f89c809828bc74d2aa9c512c29ea4/element - {"using":"xpath","value":"//input[@id=\"application-managesites-display-component---NewSite--addressDetailDetailsPartner-inner\"]"}
RESULT: {"using":"xpath","value":"//input[@id=\"application-managesites-display-component---NewSite--addressDetailDetailsPartner-inner\"]"}
COMMAND: POST /session/5d4f89c809828bc74d2aa9c512c29ea4/elements - {"using":"xpath","value":"//input[@id=\"application-managesites-display-component---NewSite--addressDetailDetailsPartner-inner\"]"}
RESULT: {"using":"xpath","value":"//input[@id=\"application-managesites-display-component---NewSite--addressDetailDetailsPartner-inner\"]"}
COMMAND: POST /session/5d4f89c809828bc74d2aa9c512c29ea4/execute/async - {"script":"<script> [1562 bytes]","args":[{"selector":{"controlType":"sap.m.Button","viewName":"etm.portal.ui.managesites.view.NewSmartSite","viewId":"application-managesites-display-component---NewSite","properties":{"text":"Commercial"},"interaction":{"idSuffix":"BDI-content"}},"wdio_ui5_key":"etmportal.ui.managesites.view.NewSmartSitesap.m.Button{\"text\":\"Commercial\"}"}]}
RESULT: {"script":"<script> [1562 bytes]","args":[{"selector":{"controlType":"sap.m.Button","viewName":"etm.portal.ui.managesites.view.NewSmartSite","viewId":"application-managesites-display-component---NewSite","properties":{"text":"Commercial"},"interaction":{"idSuffix":"BDI-content"}},"wdio_ui5_key":"etmportal.ui.managesites.view.NewSmartSitesap.m.Button{\"text\":\"Commercial\"}"}]}
RESULT: undefined
COMMAND: POST /session/5d4f89c809828bc74d2aa9c512c29ea4/element - {"using":"xpath","value":"//*[@id=\"application-managesites-display-component---NewSite--ObjectPageLayout-anchBar-__section31-anchor\"]"}
RESULT: {"using":"xpath","value":"//*[@id=\"application-managesites-display-component---NewSite--ObjectPageLayout-anchBar-__section31-anchor\"]"}
COMMAND: POST /session/5d4f89c809828bc74d2aa9c512c29ea4/element/f.531E98D0DADB2C7D9F82DA313210FC25.d.B5FF4B19CB780BAA13D0E333AB4ACC56.e.12677/click - {}
RESULT: {}
COMMAND: POST /session/5d4f89c809828bc74d2aa9c512c29ea4/execute/async - {"script":"<script> [1562 bytes]","args":[{"selector":{"controlType":"sap.m.Button","viewName":"etm.portal.ui.managesites.view.NewSmartSite","viewId":"application-managesites-display-component---NewSite","i18NText":{"propertyName":"text","key":"save"},"interaction":{"idSuffix":"BDI-content"}},"wdio_ui5_key":"etmportal.ui.managesites.view.NewSmartSitesap.m.Button{\"propertyName\":\"text\",\"key\":\"save\"}"}]}
COMMAND: GET /session/5d4f89c809828bc74d2aa9c512c29ea4/screenshot - {}
RESULT: {"script":"<script> [1562 bytes]","args":[{"selector":{"controlType":"sap.m.Button","viewName":"etm.portal.ui.managesites.view.NewSmartSite","viewId":"application-managesites-display-component---NewSite","i18NText":{"propertyName":"text","key":"save"},"interaction":{"idSuffix":"BDI-content"}},"wdio_ui5_key":"etmportal.ui.managesites.view.NewSmartSitesap.m.Button{\"propertyName\":\"text\",\"key\":\"save\"}"}]}
RESULT: undefined
COMMAND: POST /session/5d4f89c809828bc74d2aa9c512c29ea4/element - {"using":"xpath","value":"//*[@id=\"__button64\"]"}
RESULT: {}
RESULT: {"using":"xpath","value":"//*[@id=\"__button64\"]"}
COMMAND: POST /session/5d4f89c809828bc74d2aa9c512c29ea4/element/f.531E98D0DADB2C7D9F82DA313210FC25.d.B5FF4B19CB780BAA13D0E333AB4ACC56.e.12624/click - {}
RESULT: {}
COMMAND: GET /session/5d4f89c809828bc74d2aa9c512c29ea4/screenshot - {}
RESULT: {}
COMMAND: POST /session/5d4f89c809828bc74d2aa9c512c29ea4/execute/async - {"script":"<script> [1562 bytes]","args":[{"selector":{"id":"application-managesites-display-component---detailSite--addressDetailDetailsYardText"},"wdio_ui5_key":"applicationmanagesites-display-component---detailSite--addressDetailDetailsYardText"}]}
RESULT: {"script":"<script> [1562 bytes]","args":[{"selector":{"id":"application-managesites-display-component---detailSite--addressDetailDetailsYardText"},"wdio_ui5_key":"applicationmanagesites-display-component---detailSite--addressDetailDetailsYardText"}]}
RESULT: undefined
COMMAND: POST /session/5d4f89c809828bc74d2aa9c512c29ea4/element - {"using":"xpath","value":"//header/div/div[2]/div[2]/span"}
RESULT: {"using":"xpath","value":"//header/div/div[2]/div[2]/span"}
COMMAND: GET /session/5d4f89c809828bc74d2aa9c512c29ea4/element/f.531E98D0DADB2C7D9F82DA313210FC25.d.B5FF4B19CB780BAA13D0E333AB4ACC56.e.12881/text - {}
RESULT: {}
COMMAND: POST /session/5d4f89c809828bc74d2aa9c512c29ea4/element - {"using":"xpath","value":"//header/div/div/div/div/div/div[2]/div/span"}
RESULT: {"using":"xpath","value":"//header/div/div/div/div/div/div[2]/div/span"}
COMMAND: GET /session/5d4f89c809828bc74d2aa9c512c29ea4/element/f.531E98D0DADB2C7D9F82DA313210FC25.d.B5FF4B19CB780BAA13D0E333AB4ACC56.e.12882/text - {}
RESULT: {}
COMMAND: POST /session/5d4f89c809828bc74d2aa9c512c29ea4/element - {"using":"css selector","value":"#shell-header-logo"}
RESULT: {"using":"css selector","value":"#shell-header-logo"}
COMMAND: POST /session/5d4f89c809828bc74d2aa9c512c29ea4/element/f.531E98D0DADB2C7D9F82DA313210FC25.d.B5FF4B19CB780BAA13D0E333AB4ACC56.e.12206/click - {}
RESULT: {}
COMMAND: GET /session/5d4f89c809828bc74d2aa9c512c29ea4/screenshot - {}
RESULT: {}
]]></system-out>
    </testcase>
    <testcase classname="chrome.135_0_7049_96.windows.E2E_-_Logistical_and_commercial_statuses" name="It should stock increase the resource" time="222.202">
      <system-out><![CDATA[
COMMAND: POST /session/5d4f89c809828bc74d2aa9c512c29ea4/execute/async - {"script":"<script> [1562 bytes]","args":[{"selector":{"controlType":"sap.m.GenericTile","properties":{"header":"Manage Resources"}},"wdio_ui5_key":"sapm.GenericTile{\"header\":\"Manage Resources\"}"}]}
RESULT: {"script":"<script> [1562 bytes]","args":[{"selector":{"controlType":"sap.m.GenericTile","properties":{"header":"Manage Resources"}},"wdio_ui5_key":"sapm.GenericTile{\"header\":\"Manage Resources\"}"}]}
RESULT: undefined
COMMAND: POST /session/5d4f89c809828bc74d2aa9c512c29ea4/element - {"using":"xpath","value":"//*[@id=\"__tile39\"]"}
RESULT: {"using":"xpath","value":"//*[@id=\"__tile39\"]"}
COMMAND: POST /session/5d4f89c809828bc74d2aa9c512c29ea4/element/f.531E98D0DADB2C7D9F82DA313210FC25.d.B5FF4B19CB780BAA13D0E333AB4ACC56.e.12884/click - {}
RESULT: {}
COMMAND: GET /session/5d4f89c809828bc74d2aa9c512c29ea4/screenshot - {}
RESULT: {}
COMMAND: POST /session/5d4f89c809828bc74d2aa9c512c29ea4/element - {"using":"xpath","value":"//button[@data-kt=\"addNewRUOverflowToolbarButton\"]"}
RESULT: {"using":"xpath","value":"//button[@data-kt=\"addNewRUOverflowToolbarButton\"]"}
COMMAND: POST /session/5d4f89c809828bc74d2aa9c512c29ea4/execute/sync - {"script":"<script> [8489 bytes]","args":[{"element-6066-11e4-a52e-4f735466cecf":"f.531E98D0DADB2C7D9F82DA313210FC25.d.B5FF4B19CB780BAA13D0E333AB4ACC56.e.12926","ELEMENT":"f.531E98D0DADB2C7D9F82DA313210FC25.d.B5FF4B19CB780BAA13D0E333AB4ACC56.e.12926"}]}
RESULT: {"script":"<script> [8489 bytes]","args":[{"element-6066-11e4-a52e-4f735466cecf":"f.531E98D0DADB2C7D9F82DA313210FC25.d.B5FF4B19CB780BAA13D0E333AB4ACC56.e.12926","ELEMENT":"f.531E98D0DADB2C7D9F82DA313210FC25.d.B5FF4B19CB780BAA13D0E333AB4ACC56.e.12926"}]}
COMMAND: POST /session/5d4f89c809828bc74d2aa9c512c29ea4/element/f.531E98D0DADB2C7D9F82DA313210FC25.d.B5FF4B19CB780BAA13D0E333AB4ACC56.e.12926/click - {}
COMMAND: GET /session/5d4f89c809828bc74d2aa9c512c29ea4/screenshot - {}
RESULT: {}
COMMAND: POST /session/5d4f89c809828bc74d2aa9c512c29ea4/execute/async - {"script":"<script> [1562 bytes]","args":[{"selector":{"id":"application-manageresources-display-component---newResourceUnit--TYPE-arrow"},"wdio_ui5_key":"applicationmanageresources-display-component---newResourceUnit--TYPE-arrow"}]}
COMMAND: GET /session/5d4f89c809828bc74d2aa9c512c29ea4/screenshot - {}
RESULT: {}
RESULT: {"script":"<script> [1562 bytes]","args":[{"selector":{"id":"application-manageresources-display-component---newResourceUnit--TYPE-arrow"},"wdio_ui5_key":"applicationmanageresources-display-component---newResourceUnit--TYPE-arrow"}]}
RESULT: undefined
COMMAND: POST /session/5d4f89c809828bc74d2aa9c512c29ea4/element - {"using":"xpath","value":"//*[@id=\"application-manageresources-display-component---newResourceUnit--TYPE-arrow\"]"}
RESULT: {}
RESULT: {"using":"xpath","value":"//*[@id=\"application-manageresources-display-component---newResourceUnit--TYPE-arrow\"]"}
COMMAND: POST /session/5d4f89c809828bc74d2aa9c512c29ea4/element/f.531E98D0DADB2C7D9F82DA313210FC25.d.B5FF4B19CB780BAA13D0E333AB4ACC56.e.13239/click - {}
RESULT: {}
COMMAND: POST /session/5d4f89c809828bc74d2aa9c512c29ea4/execute/async - {"script":"<script> [1562 bytes]","args":[{"selector":{"controlType":"sap.m.StandardListItem","viewName":"reusables.view.manageresources.NewResourceUnit","viewId":"application-manageresources-display-component---newResourceUnit","properties":{"title":"Material"},"searchOpenDialogs":true,"interaction":{"idSuffix":"titleText"}},"wdio_ui5_key":"reusablesview.manageresources.NewResourceUnitsap.m.StandardListItem{\"title\":\"Material\"}"}]}
COMMAND: GET /session/5d4f89c809828bc74d2aa9c512c29ea4/screenshot - {}
RESULT: {"script":"<script> [1562 bytes]","args":[{"selector":{"controlType":"sap.m.StandardListItem","viewName":"reusables.view.manageresources.NewResourceUnit","viewId":"application-manageresources-display-component---newResourceUnit","properties":{"title":"Material"},"searchOpenDialogs":true,"interaction":{"idSuffix":"titleText"}},"wdio_ui5_key":"reusablesview.manageresources.NewResourceUnitsap.m.StandardListItem{\"title\":\"Material\"}"}]}
RESULT: undefined
COMMAND: POST /session/5d4f89c809828bc74d2aa9c512c29ea4/element - {"using":"xpath","value":"//*[@id=\"__item1188\"]"}
RESULT: {}
RESULT: {"using":"xpath","value":"//*[@id=\"__item1188\"]"}
COMMAND: POST /session/5d4f89c809828bc74d2aa9c512c29ea4/element/f.531E98D0DADB2C7D9F82DA313210FC25.d.B5FF4B19CB780BAA13D0E333AB4ACC56.e.13242/click - {}
RESULT: {}
COMMAND: POST /session/5d4f89c809828bc74d2aa9c512c29ea4/execute/async - {"script":"<script> [1562 bytes]","args":[{"selector":{"id":"application-manageresources-display-component---newResourceUnit--SHORT_TEXT","interaction":{"idSuffix":"inner"}},"wdio_ui5_key":"applicationmanageresources-display-component---newResourceUnit--SHORT_TEXT"}]}
COMMAND: GET /session/5d4f89c809828bc74d2aa9c512c29ea4/screenshot - {}
RESULT: {"script":"<script> [1562 bytes]","args":[{"selector":{"id":"application-manageresources-display-component---newResourceUnit--SHORT_TEXT","interaction":{"idSuffix":"inner"}},"wdio_ui5_key":"applicationmanageresources-display-component---newResourceUnit--SHORT_TEXT"}]}
RESULT: undefined
COMMAND: POST /session/5d4f89c809828bc74d2aa9c512c29ea4/execute/async - {"script":"<script> [776 bytes]","args":[{"enterText":"WebdriverRUR2Cgs1wdi","selector":{"id":"application-manageresources-display-component---newResourceUnit--SHORT_TEXT","interaction":{"idSuffix":"inner"}},"clearTextFirst":true,"interactionType":"ENTER_TEXT"}]}
RESULT: {}
RESULT: {"script":"<script> [776 bytes]","args":[{"enterText":"WebdriverRUR2Cgs1wdi","selector":{"id":"application-manageresources-display-component---newResourceUnit--SHORT_TEXT","interaction":{"idSuffix":"inner"}},"clearTextFirst":true,"interactionType":"ENTER_TEXT"}]}
COMMAND: POST /session/5d4f89c809828bc74d2aa9c512c29ea4/execute/async - {"script":"<script> [1562 bytes]","args":[{"selector":{"id":"application-manageresources-display-component---newResourceUnit--BASE_UNIT_OF_MEASURE-arrow"},"wdio_ui5_key":"applicationmanageresources-display-component---newResourceUnit--BASE_UNIT_OF_MEASURE-arrow"}]}
RESULT: {"script":"<script> [1562 bytes]","args":[{"selector":{"id":"application-manageresources-display-component---newResourceUnit--BASE_UNIT_OF_MEASURE-arrow"},"wdio_ui5_key":"applicationmanageresources-display-component---newResourceUnit--BASE_UNIT_OF_MEASURE-arrow"}]}
RESULT: undefined
COMMAND: POST /session/5d4f89c809828bc74d2aa9c512c29ea4/element - {"using":"xpath","value":"//*[@id=\"application-manageresources-display-component---newResourceUnit--BASE_UNIT_OF_MEASURE-arrow\"]"}
RESULT: {"using":"xpath","value":"//*[@id=\"application-manageresources-display-component---newResourceUnit--BASE_UNIT_OF_MEASURE-arrow\"]"}
COMMAND: POST /session/5d4f89c809828bc74d2aa9c512c29ea4/element/f.531E98D0DADB2C7D9F82DA313210FC25.d.B5FF4B19CB780BAA13D0E333AB4ACC56.e.13298/click - {}
RESULT: {}
COMMAND: POST /session/5d4f89c809828bc74d2aa9c512c29ea4/execute/async - {"script":"<script> [1562 bytes]","args":[{"selector":{"controlType":"sap.m.StandardListItem","viewName":"reusables.view.manageresources.NewResourceUnit","viewId":"application-manageresources-display-component---newResourceUnit","properties":{"title":"Piece"},"searchOpenDialogs":true,"interaction":{"idSuffix":"titleText"}},"wdio_ui5_key":"reusablesview.manageresources.NewResourceUnitsap.m.StandardListItem{\"title\":\"Piece\"}"}]}
COMMAND: GET /session/5d4f89c809828bc74d2aa9c512c29ea4/screenshot - {}
RESULT: {"script":"<script> [1562 bytes]","args":[{"selector":{"controlType":"sap.m.StandardListItem","viewName":"reusables.view.manageresources.NewResourceUnit","viewId":"application-manageresources-display-component---newResourceUnit","properties":{"title":"Piece"},"searchOpenDialogs":true,"interaction":{"idSuffix":"titleText"}},"wdio_ui5_key":"reusablesview.manageresources.NewResourceUnitsap.m.StandardListItem{\"title\":\"Piece\"}"}]}
RESULT: undefined
COMMAND: POST /session/5d4f89c809828bc74d2aa9c512c29ea4/element - {"using":"xpath","value":"//*[@id=\"__item1232\"]"}
RESULT: {}
RESULT: {"using":"xpath","value":"//*[@id=\"__item1232\"]"}
COMMAND: POST /session/5d4f89c809828bc74d2aa9c512c29ea4/element/f.531E98D0DADB2C7D9F82DA313210FC25.d.B5FF4B19CB780BAA13D0E333AB4ACC56.e.13300/click - {}
RESULT: {}
COMMAND: POST /session/5d4f89c809828bc74d2aa9c512c29ea4/element - {"using":"xpath","value":"//input[contains(@id ,\"application-manageresources-display-component---newResourceUnit--SHORT_TEXT-inner\")]"}
COMMAND: GET /session/5d4f89c809828bc74d2aa9c512c29ea4/screenshot - {}
RESULT: {"using":"xpath","value":"//input[contains(@id ,\"application-manageresources-display-component---newResourceUnit--SHORT_TEXT-inner\")]"}
COMMAND: GET /session/5d4f89c809828bc74d2aa9c512c29ea4/element/f.531E98D0DADB2C7D9F82DA313210FC25.d.B5FF4B19CB780BAA13D0E333AB4ACC56.e.13259/property/value - {}
RESULT: {}
RESULT: {}
COMMAND: POST /session/5d4f89c809828bc74d2aa9c512c29ea4/execute/async - {"script":"<script> [1562 bytes]","args":[{"selector":{"id":"application-manageresources-display-component---newResourceUnit--WEIGHT_UNIT-arrow"},"wdio_ui5_key":"applicationmanageresources-display-component---newResourceUnit--WEIGHT_UNIT-arrow"}]}
COMMAND: GET /session/5d4f89c809828bc74d2aa9c512c29ea4/screenshot - {}
RESULT: {"script":"<script> [1562 bytes]","args":[{"selector":{"id":"application-manageresources-display-component---newResourceUnit--WEIGHT_UNIT-arrow"},"wdio_ui5_key":"applicationmanageresources-display-component---newResourceUnit--WEIGHT_UNIT-arrow"}]}
RESULT: undefined
COMMAND: POST /session/5d4f89c809828bc74d2aa9c512c29ea4/element - {"using":"xpath","value":"//*[@id=\"application-manageresources-display-component---newResourceUnit--WEIGHT_UNIT-arrow\"]"}
RESULT: {}
RESULT: {"using":"xpath","value":"//*[@id=\"application-manageresources-display-component---newResourceUnit--WEIGHT_UNIT-arrow\"]"}
COMMAND: POST /session/5d4f89c809828bc74d2aa9c512c29ea4/element/f.531E98D0DADB2C7D9F82DA313210FC25.d.B5FF4B19CB780BAA13D0E333AB4ACC56.e.13301/click - {}
RESULT: {}
COMMAND: POST /session/5d4f89c809828bc74d2aa9c512c29ea4/execute/async - {"script":"<script> [1562 bytes]","args":[{"selector":{"controlType":"sap.m.StandardListItem","viewName":"reusables.view.manageresources.NewResourceUnit","viewId":"application-manageresources-display-component---newResourceUnit","properties":{"title":"Gram"},"searchOpenDialogs":true,"interaction":{"idSuffix":"content"}},"wdio_ui5_key":"reusablesview.manageresources.NewResourceUnitsap.m.StandardListItem{\"title\":\"Gram\"}"}]}
COMMAND: GET /session/5d4f89c809828bc74d2aa9c512c29ea4/screenshot - {}
RESULT: {"script":"<script> [1562 bytes]","args":[{"selector":{"controlType":"sap.m.StandardListItem","viewName":"reusables.view.manageresources.NewResourceUnit","viewId":"application-manageresources-display-component---newResourceUnit","properties":{"title":"Gram"},"searchOpenDialogs":true,"interaction":{"idSuffix":"content"}},"wdio_ui5_key":"reusablesview.manageresources.NewResourceUnitsap.m.StandardListItem{\"title\":\"Gram\"}"}]}
RESULT: undefined
COMMAND: POST /session/5d4f89c809828bc74d2aa9c512c29ea4/element - {"using":"xpath","value":"//*[@id=\"__item1297\"]"}
RESULT: {}
RESULT: {"using":"xpath","value":"//*[@id=\"__item1297\"]"}
COMMAND: POST /session/5d4f89c809828bc74d2aa9c512c29ea4/element/f.531E98D0DADB2C7D9F82DA313210FC25.d.B5FF4B19CB780BAA13D0E333AB4ACC56.e.13303/click - {}
RESULT: {}
COMMAND: POST /session/5d4f89c809828bc74d2aa9c512c29ea4/execute/async - {"script":"<script> [1562 bytes]","args":[{"selector":{"id":"application-manageresources-display-component---newResourceUnit--newRRUPage-OPHeaderContent-collapseBtn-img"},"wdio_ui5_key":"applicationmanageresources-display-component---newResourceUnit--newRRUPage-OPHeaderContent-collapseBtn-img"}]}
COMMAND: GET /session/5d4f89c809828bc74d2aa9c512c29ea4/screenshot - {}
RESULT: {"script":"<script> [1562 bytes]","args":[{"selector":{"id":"application-manageresources-display-component---newResourceUnit--newRRUPage-OPHeaderContent-collapseBtn-img"},"wdio_ui5_key":"applicationmanageresources-display-component---newResourceUnit--newRRUPage-OPHeaderContent-collapseBtn-img"}]}
RESULT: undefined
COMMAND: POST /session/5d4f89c809828bc74d2aa9c512c29ea4/element - {"using":"xpath","value":"//*[@id=\"application-manageresources-display-component---newResourceUnit--newRRUPage-OPHeaderContent-collapseBtn-img\"]"}
RESULT: {}
RESULT: {"using":"xpath","value":"//*[@id=\"application-manageresources-display-component---newResourceUnit--newRRUPage-OPHeaderContent-collapseBtn-img\"]"}
COMMAND: POST /session/5d4f89c809828bc74d2aa9c512c29ea4/element/f.531E98D0DADB2C7D9F82DA313210FC25.d.B5FF4B19CB780BAA13D0E333AB4ACC56.e.13249/click - {}
RESULT: {}
COMMAND: GET /session/5d4f89c809828bc74d2aa9c512c29ea4/screenshot - {}
RESULT: {}
COMMAND: POST /session/5d4f89c809828bc74d2aa9c512c29ea4/element - {"using":"xpath","value":"(//span[contains(@id ,\"application-manageresources-display-component---newResourceUnit--DIMENSION_UNIT-arrow\")])[1]"}
RESULT: {"using":"xpath","value":"(//span[contains(@id ,\"application-manageresources-display-component---newResourceUnit--DIMENSION_UNIT-arrow\")])[1]"}
COMMAND: POST /session/5d4f89c809828bc74d2aa9c512c29ea4/element/f.531E98D0DADB2C7D9F82DA313210FC25.d.B5FF4B19CB780BAA13D0E333AB4ACC56.e.13309/click - {}
RESULT: {}
COMMAND: GET /session/5d4f89c809828bc74d2aa9c512c29ea4/screenshot - {}
RESULT: {}
COMMAND: POST /session/5d4f89c809828bc74d2aa9c512c29ea4/execute/async - {"script":"<script> [1562 bytes]","args":[{"selector":{"controlType":"sap.m.StandardListItem","viewName":"reusables.view.manageresources.NewResourceUnit","viewId":"application-manageresources-display-component---newResourceUnit","properties":{"title":"Centimeter"},"searchOpenDialogs":true,"interaction":{"idSuffix":"titleText"}},"wdio_ui5_key":"reusablesview.manageresources.NewResourceUnitsap.m.StandardListItem{\"title\":\"Centimeter\"}"}]}
RESULT: {"script":"<script> [1562 bytes]","args":[{"selector":{"controlType":"sap.m.StandardListItem","viewName":"reusables.view.manageresources.NewResourceUnit","viewId":"application-manageresources-display-component---newResourceUnit","properties":{"title":"Centimeter"},"searchOpenDialogs":true,"interaction":{"idSuffix":"titleText"}},"wdio_ui5_key":"reusablesview.manageresources.NewResourceUnitsap.m.StandardListItem{\"title\":\"Centimeter\"}"}]}
RESULT: undefined
COMMAND: POST /session/5d4f89c809828bc74d2aa9c512c29ea4/element - {"using":"xpath","value":"//*[@id=\"__item1300\"]"}
RESULT: {"using":"xpath","value":"//*[@id=\"__item1300\"]"}
COMMAND: POST /session/5d4f89c809828bc74d2aa9c512c29ea4/element/f.531E98D0DADB2C7D9F82DA313210FC25.d.B5FF4B19CB780BAA13D0E333AB4ACC56.e.13311/click - {}
RESULT: {}
COMMAND: POST /session/5d4f89c809828bc74d2aa9c512c29ea4/execute/async - {"script":"<script> [1562 bytes]","args":[{"selector":{"id":"application-manageresources-display-component---newResourceUnit--newRRUPage-anchBar-application-manageresources-display-component---newResourceUnit--reference-anchor","interaction":{"idSuffix":"BDI-content"}},"wdio_ui5_key":"applicationmanageresources-display-component---newResourceUnit--newRRUPage-anchBar-application-manageresources-display-component---newResourceUnit--reference-anchor"}]}
COMMAND: GET /session/5d4f89c809828bc74d2aa9c512c29ea4/screenshot - {}
RESULT: {"script":"<script> [1562 bytes]","args":[{"selector":{"id":"application-manageresources-display-component---newResourceUnit--newRRUPage-anchBar-application-manageresources-display-component---newResourceUnit--reference-anchor","interaction":{"idSuffix":"BDI-content"}},"wdio_ui5_key":"applicationmanageresources-display-component---newResourceUnit--newRRUPage-anchBar-application-manageresources-display-component---newResourceUnit--reference-anchor"}]}
RESULT: undefined
COMMAND: POST /session/5d4f89c809828bc74d2aa9c512c29ea4/element - {"using":"xpath","value":"//*[@id=\"application-manageresources-display-component---newResourceUnit--newRRUPage-anchBar-application-manageresources-display-component---newResourceUnit--reference-anchor\"]"}
RESULT: {}
RESULT: {"using":"xpath","value":"//*[@id=\"application-manageresources-display-component---newResourceUnit--newRRUPage-anchBar-application-manageresources-display-component---newResourceUnit--reference-anchor\"]"}
COMMAND: POST /session/5d4f89c809828bc74d2aa9c512c29ea4/element/f.531E98D0DADB2C7D9F82DA313210FC25.d.B5FF4B19CB780BAA13D0E333AB4ACC56.e.13313/click - {}
RESULT: {}
COMMAND: POST /session/5d4f89c809828bc74d2aa9c512c29ea4/execute/async - {"script":"<script> [1562 bytes]","args":[{"selector":{"id":"application-manageresources-display-component---newResourceUnit--PLANNING_GROUP-arrow"},"wdio_ui5_key":"applicationmanageresources-display-component---newResourceUnit--PLANNING_GROUP-arrow"}]}
COMMAND: GET /session/5d4f89c809828bc74d2aa9c512c29ea4/screenshot - {}
RESULT: {"script":"<script> [1562 bytes]","args":[{"selector":{"id":"application-manageresources-display-component---newResourceUnit--PLANNING_GROUP-arrow"},"wdio_ui5_key":"applicationmanageresources-display-component---newResourceUnit--PLANNING_GROUP-arrow"}]}
RESULT: undefined
COMMAND: POST /session/5d4f89c809828bc74d2aa9c512c29ea4/element - {"using":"xpath","value":"//*[@id=\"application-manageresources-display-component---newResourceUnit--PLANNING_GROUP-arrow\"]"}
RESULT: {}
RESULT: {"using":"xpath","value":"//*[@id=\"application-manageresources-display-component---newResourceUnit--PLANNING_GROUP-arrow\"]"}
COMMAND: POST /session/5d4f89c809828bc74d2aa9c512c29ea4/element/f.531E98D0DADB2C7D9F82DA313210FC25.d.B5FF4B19CB780BAA13D0E333AB4ACC56.e.13319/click - {}
RESULT: {}
COMMAND: POST /session/5d4f89c809828bc74d2aa9c512c29ea4/execute/async - {"script":"<script> [1562 bytes]","args":[{"selector":{"controlType":"sap.m.StandardListItem","viewName":"reusables.view.manageresources.NewResourceUnit","viewId":"application-manageresources-display-component---newResourceUnit","properties":{"title":"Heavy Equi"},"searchOpenDialogs":true,"interaction":{"idSuffix":"content"}},"wdio_ui5_key":"reusablesview.manageresources.NewResourceUnitsap.m.StandardListItem{\"title\":\"Heavy Equi\"}"}]}
COMMAND: GET /session/5d4f89c809828bc74d2aa9c512c29ea4/screenshot - {}
RESULT: {"script":"<script> [1562 bytes]","args":[{"selector":{"controlType":"sap.m.StandardListItem","viewName":"reusables.view.manageresources.NewResourceUnit","viewId":"application-manageresources-display-component---newResourceUnit","properties":{"title":"Heavy Equi"},"searchOpenDialogs":true,"interaction":{"idSuffix":"content"}},"wdio_ui5_key":"reusablesview.manageresources.NewResourceUnitsap.m.StandardListItem{\"title\":\"Heavy Equi\"}"}]}
RESULT: undefined
COMMAND: POST /session/5d4f89c809828bc74d2aa9c512c29ea4/element - {"using":"xpath","value":"//*[@id=\"__item1308\"]"}
RESULT: {}
RESULT: {"using":"xpath","value":"//*[@id=\"__item1308\"]"}
COMMAND: POST /session/5d4f89c809828bc74d2aa9c512c29ea4/element/f.531E98D0DADB2C7D9F82DA313210FC25.d.B5FF4B19CB780BAA13D0E333AB4ACC56.e.13321/click - {}
RESULT: {}
COMMAND: GET /session/5d4f89c809828bc74d2aa9c512c29ea4/screenshot - {}
RESULT: {}
COMMAND: POST /session/5d4f89c809828bc74d2aa9c512c29ea4/execute/async - {"script":"<script> [1562 bytes]","args":[{"selector":{"id":"application-manageresources-display-component---newResourceUnit--PLANNING_INDICATOR-arrow"},"wdio_ui5_key":"applicationmanageresources-display-component---newResourceUnit--PLANNING_INDICATOR-arrow"}]}
RESULT: {"script":"<script> [1562 bytes]","args":[{"selector":{"id":"application-manageresources-display-component---newResourceUnit--PLANNING_INDICATOR-arrow"},"wdio_ui5_key":"applicationmanageresources-display-component---newResourceUnit--PLANNING_INDICATOR-arrow"}]}
RESULT: undefined
COMMAND: POST /session/5d4f89c809828bc74d2aa9c512c29ea4/element - {"using":"xpath","value":"//*[@id=\"application-manageresources-display-component---newResourceUnit--PLANNING_INDICATOR-arrow\"]"}
RESULT: {"using":"xpath","value":"//*[@id=\"application-manageresources-display-component---newResourceUnit--PLANNING_INDICATOR-arrow\"]"}
COMMAND: POST /session/5d4f89c809828bc74d2aa9c512c29ea4/element/f.531E98D0DADB2C7D9F82DA313210FC25.d.B5FF4B19CB780BAA13D0E333AB4ACC56.e.13322/click - {}
RESULT: {}
COMMAND: POST /session/5d4f89c809828bc74d2aa9c512c29ea4/execute/async - {"script":"<script> [1562 bytes]","args":[{"selector":{"controlType":"sap.m.StandardListItem","viewName":"reusables.view.manageresources.NewResourceUnit","viewId":"application-manageresources-display-component---newResourceUnit","properties":{"title":"10 - infinite"},"searchOpenDialogs":true,"interaction":{"idSuffix":"content"}},"wdio_ui5_key":"reusablesview.manageresources.NewResourceUnitsap.m.StandardListItem{\"title\":\"10 - infinite\"}"}]}
COMMAND: GET /session/5d4f89c809828bc74d2aa9c512c29ea4/screenshot - {}
RESULT: {"script":"<script> [1562 bytes]","args":[{"selector":{"controlType":"sap.m.StandardListItem","viewName":"reusables.view.manageresources.NewResourceUnit","viewId":"application-manageresources-display-component---newResourceUnit","properties":{"title":"10 - infinite"},"searchOpenDialogs":true,"interaction":{"idSuffix":"content"}},"wdio_ui5_key":"reusablesview.manageresources.NewResourceUnitsap.m.StandardListItem{\"title\":\"10 - infinite\"}"}]}
RESULT: undefined
COMMAND: POST /session/5d4f89c809828bc74d2aa9c512c29ea4/element - {"using":"xpath","value":"//*[@id=\"__item1318\"]"}
RESULT: {}
RESULT: {"using":"xpath","value":"//*[@id=\"__item1318\"]"}
COMMAND: POST /session/5d4f89c809828bc74d2aa9c512c29ea4/element/f.531E98D0DADB2C7D9F82DA313210FC25.d.B5FF4B19CB780BAA13D0E333AB4ACC56.e.13324/click - {}
RESULT: {}
COMMAND: GET /session/5d4f89c809828bc74d2aa9c512c29ea4/screenshot - {}
RESULT: {}
COMMAND: POST /session/5d4f89c809828bc74d2aa9c512c29ea4/element - {"using":"xpath","value":"//bdi[contains(text(), \"Time Segment\")]"}
RESULT: {"using":"xpath","value":"//bdi[contains(text(), \"Time Segment\")]"}
COMMAND: GET /session/5d4f89c809828bc74d2aa9c512c29ea4/element/f.531E98D0DADB2C7D9F82DA313210FC25.d.B5FF4B19CB780BAA13D0E333AB4ACC56.e.13325/rect - {}
RESULT: {}
COMMAND: GET /session/5d4f89c809828bc74d2aa9c512c29ea4/window/rect - {}
RESULT: {}
COMMAND: POST /session/5d4f89c809828bc74d2aa9c512c29ea4/execute/sync - {"script":"<script> [92 bytes]","args":[]}
RESULT: {"script":"<script> [92 bytes]","args":[]}
COMMAND: POST /session/5d4f89c809828bc74d2aa9c512c29ea4/actions - {"actions":[{"id":"action69","type":"wheel","parameters":{},"actions":[{"type":"scroll","x":-1820,"y":-21,"deltaX":0,"deltaY":0,"duration":0,"origin":{"element-6066-11e4-a52e-4f735466cecf":"f.531E98D0DADB2C7D9F82DA313210FC25.d.B5FF4B19CB780BAA13D0E333AB4ACC56.e.13325"}}]}]}
COMMAND: GET /session/5d4f89c809828bc74d2aa9c512c29ea4/screenshot - {}
RESULT: {}
COMMAND: POST /session/5d4f89c809828bc74d2aa9c512c29ea4/execute/sync - {"script":"<script> [79 bytes]","args":[{"element-6066-11e4-a52e-4f735466cecf":"f.531E98D0DADB2C7D9F82DA313210FC25.d.B5FF4B19CB780BAA13D0E333AB4ACC56.e.13325","ELEMENT":"f.531E98D0DADB2C7D9F82DA313210FC25.d.B5FF4B19CB780BAA13D0E333AB4ACC56.e.13325"},{"block":"start","inline":"nearest"}]}
RESULT: {"script":"<script> [79 bytes]","args":[{"element-6066-11e4-a52e-4f735466cecf":"f.531E98D0DADB2C7D9F82DA313210FC25.d.B5FF4B19CB780BAA13D0E333AB4ACC56.e.13325","ELEMENT":"f.531E98D0DADB2C7D9F82DA313210FC25.d.B5FF4B19CB780BAA13D0E333AB4ACC56.e.13325"},{"block":"start","inline":"nearest"}]}
COMMAND: GET /session/5d4f89c809828bc74d2aa9c512c29ea4/screenshot - {}
RESULT: {}
COMMAND: POST /session/5d4f89c809828bc74d2aa9c512c29ea4/element - {"using":"xpath","value":"//span[@id=\"application-manageresources-display-component---newResourceUnit--btnAddTimeSegment-img\"]"}
RESULT: {"using":"xpath","value":"//span[@id=\"application-manageresources-display-component---newResourceUnit--btnAddTimeSegment-img\"]"}
COMMAND: POST /session/5d4f89c809828bc74d2aa9c512c29ea4/execute/sync - {"script":"<script> [8489 bytes]","args":[{"element-6066-11e4-a52e-4f735466cecf":"f.531E98D0DADB2C7D9F82DA313210FC25.d.B5FF4B19CB780BAA13D0E333AB4ACC56.e.13328","ELEMENT":"f.531E98D0DADB2C7D9F82DA313210FC25.d.B5FF4B19CB780BAA13D0E333AB4ACC56.e.13328"}]}
RESULT: {"script":"<script> [8489 bytes]","args":[{"element-6066-11e4-a52e-4f735466cecf":"f.531E98D0DADB2C7D9F82DA313210FC25.d.B5FF4B19CB780BAA13D0E333AB4ACC56.e.13328","ELEMENT":"f.531E98D0DADB2C7D9F82DA313210FC25.d.B5FF4B19CB780BAA13D0E333AB4ACC56.e.13328"}]}
COMMAND: POST /session/5d4f89c809828bc74d2aa9c512c29ea4/element/f.531E98D0DADB2C7D9F82DA313210FC25.d.B5FF4B19CB780BAA13D0E333AB4ACC56.e.13328/click - {}
COMMAND: GET /session/5d4f89c809828bc74d2aa9c512c29ea4/screenshot - {}
RESULT: {}
COMMAND: GET /session/5d4f89c809828bc74d2aa9c512c29ea4/screenshot - {}
COMMAND: POST /session/5d4f89c809828bc74d2aa9c512c29ea4/element - {"using":"xpath","value":"//input[@id=\"application-manageresources-display-component---newResourceUnit--idRuTSAdmin-application-manageresources-display-component---newResourceUnit--RUTimeSegment-0-inner\"]"}
RESULT: {}
RESULT: {}
RESULT: {"using":"xpath","value":"//input[@id=\"application-manageresources-display-component---newResourceUnit--idRuTSAdmin-application-manageresources-display-component---newResourceUnit--RUTimeSegment-0-inner\"]"}
COMMAND: POST /session/5d4f89c809828bc74d2aa9c512c29ea4/element/f.531E98D0DADB2C7D9F82DA313210FC25.d.B5FF4B19CB780BAA13D0E333AB4ACC56.e.13331/clear - {}
RESULT: {}
COMMAND: POST /session/5d4f89c809828bc74d2aa9c512c29ea4/element/f.531E98D0DADB2C7D9F82DA313210FC25.d.B5FF4B19CB780BAA13D0E333AB4ACC56.e.13331/value - {"text":"WebdriverYardh42t4"}
COMMAND: GET /session/5d4f89c809828bc74d2aa9c512c29ea4/screenshot - {}
RESULT: {"text":"WebdriverYardh42t4"}
COMMAND: GET /session/5d4f89c809828bc74d2aa9c512c29ea4/screenshot - {}
RESULT: {}
RESULT: {}
COMMAND: POST /session/5d4f89c809828bc74d2aa9c512c29ea4/actions - {"actions":[{"id":"action70","type":"key","parameters":{},"actions":[{"type":"keyDown","value":"î€‡"},{"type":"pause","duration":10},{"type":"keyUp","value":"î€‡"}]}]}
RESULT: {"actions":[{"id":"action70","type":"key","parameters":{},"actions":[{"type":"keyDown","value":"î€‡"},{"type":"pause","duration":10},{"type":"keyUp","value":"î€‡"}]}]}
COMMAND: GET /session/5d4f89c809828bc74d2aa9c512c29ea4/screenshot - {}
RESULT: {}
COMMAND: POST /session/5d4f89c809828bc74d2aa9c512c29ea4/execute/async - {"script":"<script> [1562 bytes]","args":[{"selector":{"controlType":"sap.m.Button","viewName":"reusables.view.manageresources.NewResourceUnit","viewId":"application-manageresources-display-component---newResourceUnit","i18NText":{"propertyName":"tooltip","key":"save"},"interaction":{"idSuffix":"BDI-content"}},"wdio_ui5_key":"reusablesview.manageresources.NewResourceUnitsap.m.Button{\"propertyName\":\"tooltip\",\"key\":\"save\"}"}]}
RESULT: {"script":"<script> [1562 bytes]","args":[{"selector":{"controlType":"sap.m.Button","viewName":"reusables.view.manageresources.NewResourceUnit","viewId":"application-manageresources-display-component---newResourceUnit","i18NText":{"propertyName":"tooltip","key":"save"},"interaction":{"idSuffix":"BDI-content"}},"wdio_ui5_key":"reusablesview.manageresources.NewResourceUnitsap.m.Button{\"propertyName\":\"tooltip\",\"key\":\"save\"}"}]}
RESULT: undefined
COMMAND: POST /session/5d4f89c809828bc74d2aa9c512c29ea4/element - {"using":"xpath","value":"//*[@id=\"application-manageresources-display-component---newResourceUnit--createRuButton\"]"}
RESULT: {"using":"xpath","value":"//*[@id=\"application-manageresources-display-component---newResourceUnit--createRuButton\"]"}
COMMAND: POST /session/5d4f89c809828bc74d2aa9c512c29ea4/element/f.531E98D0DADB2C7D9F82DA313210FC25.d.B5FF4B19CB780BAA13D0E333AB4ACC56.e.13255/click - {}
RESULT: {}
COMMAND: GET /session/5d4f89c809828bc74d2aa9c512c29ea4/screenshot - {}
RESULT: {}
COMMAND: POST /session/5d4f89c809828bc74d2aa9c512c29ea4/execute/async - {"script":"<script> [1562 bytes]","args":[{"selector":{"controlType":"sap.m.Title","properties":{"text":"Success"},"searchOpenDialogs":true},"wdio_ui5_key":"sapm.Title{\"text\":\"Success\"}"}]}
RESULT: {"script":"<script> [1562 bytes]","args":[{"selector":{"controlType":"sap.m.Title","properties":{"text":"Success"},"searchOpenDialogs":true},"wdio_ui5_key":"sapm.Title{\"text\":\"Success\"}"}]}
RESULT: undefined
COMMAND: POST /session/5d4f89c809828bc74d2aa9c512c29ea4/execute/async - {"script":"<script> [6424 bytes]","args":[{"element-6066-11e4-a52e-4f735466cecf":"f.531E98D0DADB2C7D9F82DA313210FC25.d.B5FF4B19CB780BAA13D0E333AB4ACC56.e.13346"},"getText",[]]}
RESULT: {"script":"<script> [6424 bytes]","args":[{"element-6066-11e4-a52e-4f735466cecf":"f.531E98D0DADB2C7D9F82DA313210FC25.d.B5FF4B19CB780BAA13D0E333AB4ACC56.e.13346"},"getText",[]]}
COMMAND: POST /session/5d4f89c809828bc74d2aa9c512c29ea4/element - {"using":"xpath","value":"//*[contains(@id, '__text') and (contains(text(), 'successfully created') or contains(., 'successfully created'))]"}
RESULT: {"using":"xpath","value":"//*[contains(@id, '__text') and (contains(text(), 'successfully created') or contains(., 'successfully created'))]"}
COMMAND: GET /session/5d4f89c809828bc74d2aa9c512c29ea4/element/f.531E98D0DADB2C7D9F82DA313210FC25.d.B5FF4B19CB780BAA13D0E333AB4ACC56.e.13344/text - {}
RESULT: {}
COMMAND: POST /session/5d4f89c809828bc74d2aa9c512c29ea4/execute/async - {"script":"<script> [1562 bytes]","args":[{"selector":{"controlType":"sap.m.Button","properties":{"text":"Close"},"searchOpenDialogs":true,"interaction":{"idSuffix":"BDI-content"}},"wdio_ui5_key":"sapm.Button{\"text\":\"Close\"}"}]}
RESULT: {"script":"<script> [1562 bytes]","args":[{"selector":{"controlType":"sap.m.Button","properties":{"text":"Close"},"searchOpenDialogs":true,"interaction":{"idSuffix":"BDI-content"}},"wdio_ui5_key":"sapm.Button{\"text\":\"Close\"}"}]}
RESULT: undefined
COMMAND: POST /session/5d4f89c809828bc74d2aa9c512c29ea4/element - {"using":"xpath","value":"//*[@id=\"__mbox-btn-0\"]"}
RESULT: {"using":"xpath","value":"//*[@id=\"__mbox-btn-0\"]"}
COMMAND: POST /session/5d4f89c809828bc74d2aa9c512c29ea4/element/f.531E98D0DADB2C7D9F82DA313210FC25.d.B5FF4B19CB780BAA13D0E333AB4ACC56.e.13343/click - {}
RESULT: {}
COMMAND: GET /session/5d4f89c809828bc74d2aa9c512c29ea4/screenshot - {}
RESULT: {}
COMMAND: POST /session/5d4f89c809828bc74d2aa9c512c29ea4/execute/async - {"script":"<script> [1562 bytes]","args":[{"selector":{"controlType":"sap.ui.core.Icon","viewName":"etm.portal.ui.manageresources.view.Detail","viewId":"application-manageresources-display-component---detailRU","properties":{"src":{"regex":{"source":"overflow"}}}},"wdio_ui5_key":"etmportal.ui.manageresources.view.Detailsap.ui.core.Icon{\"src\":{\"regex\":{\"source\":\"overflow\"}}}"}]}
RESULT: {"script":"<script> [1562 bytes]","args":[{"selector":{"controlType":"sap.ui.core.Icon","viewName":"etm.portal.ui.manageresources.view.Detail","viewId":"application-manageresources-display-component---detailRU","properties":{"src":{"regex":{"source":"overflow"}}}},"wdio_ui5_key":"etmportal.ui.manageresources.view.Detailsap.ui.core.Icon{\"src\":{\"regex\":{\"source\":\"overflow\"}}}"}]}
RESULT: undefined
COMMAND: POST /session/5d4f89c809828bc74d2aa9c512c29ea4/element - {"using":"xpath","value":"//*[@id=\"__title36-_actionsToolbar-overflowButton-img\"]"}
RESULT: {"using":"xpath","value":"//*[@id=\"__title36-_actionsToolbar-overflowButton-img\"]"}
COMMAND: POST /session/5d4f89c809828bc74d2aa9c512c29ea4/element/f.531E98D0DADB2C7D9F82DA313210FC25.d.B5FF4B19CB780BAA13D0E333AB4ACC56.e.13375/click - {}
RESULT: {}
COMMAND: POST /session/5d4f89c809828bc74d2aa9c512c29ea4/execute/async - {"script":"<script> [1562 bytes]","args":[{"selector":{"controlType":"sap.m.Button","viewName":"etm.portal.ui.manageresources.view.Detail","viewId":"application-manageresources-display-component---detailRU","i18NText":{"propertyName":"tooltip","key":"closeColumn"},"searchOpenDialogs":true,"interaction":{"idSuffix":"inner"}},"wdio_ui5_key":"etmportal.ui.manageresources.view.Detailsap.m.Button{\"propertyName\":\"tooltip\",\"key\":\"closeColumn\"}"}]}
COMMAND: GET /session/5d4f89c809828bc74d2aa9c512c29ea4/screenshot - {}
RESULT: {"script":"<script> [1562 bytes]","args":[{"selector":{"controlType":"sap.m.Button","viewName":"etm.portal.ui.manageresources.view.Detail","viewId":"application-manageresources-display-component---detailRU","i18NText":{"propertyName":"tooltip","key":"closeColumn"},"searchOpenDialogs":true,"interaction":{"idSuffix":"inner"}},"wdio_ui5_key":"etmportal.ui.manageresources.view.Detailsap.m.Button{\"propertyName\":\"tooltip\",\"key\":\"closeColumn\"}"}]}
RESULT: undefined
COMMAND: POST /session/5d4f89c809828bc74d2aa9c512c29ea4/element - {"using":"xpath","value":"//*[@id=\"__button147\"]"}
RESULT: {}
RESULT: {"using":"xpath","value":"//*[@id=\"__button147\"]"}
COMMAND: POST /session/5d4f89c809828bc74d2aa9c512c29ea4/element/f.531E98D0DADB2C7D9F82DA313210FC25.d.B5FF4B19CB780BAA13D0E333AB4ACC56.e.13379/click - {}
RESULT: {}
COMMAND: GET /session/5d4f89c809828bc74d2aa9c512c29ea4/screenshot - {}
RESULT: {}
COMMAND: POST /session/5d4f89c809828bc74d2aa9c512c29ea4/refresh - {}
RESULT: {}
COMMAND: GET /session/5d4f89c809828bc74d2aa9c512c29ea4/screenshot - {}
RESULT: {}
COMMAND: POST /session/5d4f89c809828bc74d2aa9c512c29ea4/execute/async - {"script":"<script> [189 bytes]","args":[]}
RESULT: {"script":"<script> [189 bytes]","args":[]}
COMMAND: POST /session/5d4f89c809828bc74d2aa9c512c29ea4/execute/async - {"script":"<script> [123 bytes]","args":[]}
RESULT: {"script":"<script> [123 bytes]","args":[]}
COMMAND: POST /session/5d4f89c809828bc74d2aa9c512c29ea4/timeouts - {"script":"<number>"}
RESULT: {"script":"<number>"}
COMMAND: GET /session/5d4f89c809828bc74d2aa9c512c29ea4/timeouts - {}
RESULT: {}
RESULT: undefined
COMMAND: POST /session/5d4f89c809828bc74d2aa9c512c29ea4/execute/async - {"script":"<script> [2676 bytes]","args":[]}
RESULT: {"script":"<script> [2676 bytes]","args":[]}
COMMAND: POST /session/5d4f89c809828bc74d2aa9c512c29ea4/execute/async - {"script":"<script> [2342 bytes]","args":[{"protocol":"http","hostname":"0.0.0.0","path":"/","capabilities":{"browserName":"chrome","goog:chromeOptions":{"binary":"C:\\Program Files\\Google\\Chrome\\Application\\chrome.exe","args":["--start-maximized"]}},"logLevel":"warn","connectionRetryTimeout":120000,"connectionRetryCount":3,"logLevels":{},"enableDirectConnect":true,"strictSSL":true,"_":"65 more keys: [\"cacheDir\",\"port\",\"requestedCapabilities\",\"automationProtocol\",\"baseUrl\",\"waitforInterval\",\"waitforTimeout\",\"onReload\",\"beforeCommand\",\"afterCommand\",\"rootDir\",\"specs\",\"suites\",\"exclude\",\"groupLogsByTestSpec\",\"excludeDriverLogs\",\"bail\",\"framework\",\"reporters\",\"services\",\"maxInstances\",\"maxInstancesPerCapability\",\"injectGlobals\",\"filesToWatch\",\"execArgv\",\"runnerEnv\",\"runner\",\"shard\",\"specFileRetries\",\"specFileRetriesDelay\",\"specFileRetriesDeferred\",\"reporterSyncInterval\",\"reporterSyncTimeout\",\"cucumberFeaturesWithLineNumbers\",\"autoCompileOpts\",\"mochaOpts\",\"jasmineOpts\",\"cucumberOpts\",\"onPrepare\",\"onWorkerStart\",\"onWorkerEnd\",\"before\",\"beforeSession\",\"beforeSuite\",\"beforeHook\",\"beforeTest\",\"afterTest\",\"afterHook\",\"afterSuite\",\"afterSession\",\"after\",\"onComplete\",\"beforeAssertion\",\"afterAssertion\",\"beforeFeature\",\"beforeScenario\",\"beforeStep\",\"afterStep\",\"afterScenario\",\"afterFeature\",\"_\",\"suite\",\"$0\",\"ignoredWorkerServices\",\"wdi5\"]"}]}
RESULT: {"script":"<script> [2342 bytes]","args":[{"protocol":"http","hostname":"0.0.0.0","path":"/","capabilities":{"browserName":"chrome","goog:chromeOptions":{"binary":"C:\\Program Files\\Google\\Chrome\\Application\\chrome.exe","args":["--start-maximized"]}},"logLevel":"warn","connectionRetryTimeout":120000,"connectionRetryCount":3,"logLevels":{},"enableDirectConnect":true,"strictSSL":true,"_":"65 more keys: [\"cacheDir\",\"port\",\"requestedCapabilities\",\"automationProtocol\",\"baseUrl\",\"waitforInterval\",\"waitforTimeout\",\"onReload\",\"beforeCommand\",\"afterCommand\",\"rootDir\",\"specs\",\"suites\",\"exclude\",\"groupLogsByTestSpec\",\"excludeDriverLogs\",\"bail\",\"framework\",\"reporters\",\"services\",\"maxInstances\",\"maxInstancesPerCapability\",\"injectGlobals\",\"filesToWatch\",\"execArgv\",\"runnerEnv\",\"runner\",\"shard\",\"specFileRetries\",\"specFileRetriesDelay\",\"specFileRetriesDeferred\",\"reporterSyncInterval\",\"reporterSyncTimeout\",\"cucumberFeaturesWithLineNumbers\",\"autoCompileOpts\",\"mochaOpts\",\"jasmineOpts\",\"cucumberOpts\",\"onPrepare\",\"onWorkerStart\",\"onWorkerEnd\",\"before\",\"beforeSession\",\"beforeSuite\",\"beforeHook\",\"beforeTest\",\"afterTest\",\"afterHook\",\"afterSuite\",\"afterSession\",\"after\",\"onComplete\",\"beforeAssertion\",\"afterAssertion\",\"beforeFeature\",\"beforeScenario\",\"beforeStep\",\"afterStep\",\"afterScenario\",\"afterFeature\",\"_\",\"suite\",\"$0\",\"ignoredWorkerServices\",\"wdi5\"]"}]}
COMMAND: POST /session/5d4f89c809828bc74d2aa9c512c29ea4/execute/async - {"script":"<script> [21126 bytes]","args":[35000]}
RESULT: {"script":"<script> [21126 bytes]","args":[35000]}
COMMAND: POST /session/5d4f89c809828bc74d2aa9c512c29ea4/element - {"using":"css selector","value":"#shell-header-logo"}
RESULT: {"using":"css selector","value":"#shell-header-logo"}
COMMAND: POST /session/5d4f89c809828bc74d2aa9c512c29ea4/element/f.531E98D0DADB2C7D9F82DA313210FC25.d.E1178BFD928F4EEFADCE87FDB60F3D98.e.13466/click - {}
RESULT: {}
COMMAND: GET /session/5d4f89c809828bc74d2aa9c512c29ea4/screenshot - {}
RESULT: {}
COMMAND: POST /session/5d4f89c809828bc74d2aa9c512c29ea4/execute/async - {"script":"<script> [1562 bytes]","args":[{"selector":{"controlType":"sap.m.Text","viewName":"etm.portal.ui.managehandoverstile.view.Master","properties":{"text":"Manage Handovers"},"interaction":{"idSuffix":"inner"}},"wdio_ui5_key":"etmportal.ui.managehandoverstile.view.Mastersap.m.Text{\"text\":\"Manage Handovers\"}"}]}
RESULT: {"script":"<script> [1562 bytes]","args":[{"selector":{"controlType":"sap.m.Text","viewName":"etm.portal.ui.managehandoverstile.view.Master","properties":{"text":"Manage Handovers"},"interaction":{"idSuffix":"inner"}},"wdio_ui5_key":"etmportal.ui.managehandoverstile.view.Mastersap.m.Text{\"text\":\"Manage Handovers\"}"}]}
RESULT: undefined
COMMAND: POST /session/5d4f89c809828bc74d2aa9c512c29ea4/element - {"using":"xpath","value":"//*[@id=\"__tile132-title\"]"}
RESULT: {"using":"xpath","value":"//*[@id=\"__tile132-title\"]"}
COMMAND: POST /session/5d4f89c809828bc74d2aa9c512c29ea4/element/f.531E98D0DADB2C7D9F82DA313210FC25.d.E1178BFD928F4EEFADCE87FDB60F3D98.e.13655/click - {}
RESULT: {}
COMMAND: GET /session/5d4f89c809828bc74d2aa9c512c29ea4/screenshot - {}
RESULT: {}
COMMAND: POST /session/5d4f89c809828bc74d2aa9c512c29ea4/element - {"using":"xpath","value":"//button[@data-kt=\"masterHOAddButton\"]"}
RESULT: {"using":"xpath","value":"//button[@data-kt=\"masterHOAddButton\"]"}
COMMAND: POST /session/5d4f89c809828bc74d2aa9c512c29ea4/element - {"using":"xpath","value":"//button[@data-kt=\"masterHOAddButton\"]"}
RESULT: {"using":"xpath","value":"//button[@data-kt=\"masterHOAddButton\"]"}
COMMAND: POST /session/5d4f89c809828bc74d2aa9c512c29ea4/element - {"using":"xpath","value":"//button[@data-kt=\"masterHOAddButton\"]"}
RESULT: {"using":"xpath","value":"//button[@data-kt=\"masterHOAddButton\"]"}
COMMAND: POST /session/5d4f89c809828bc74d2aa9c512c29ea4/execute/sync - {"script":"<script> [8489 bytes]","args":[{"element-6066-11e4-a52e-4f735466cecf":"f.531E98D0DADB2C7D9F82DA313210FC25.d.E1178BFD928F4EEFADCE87FDB60F3D98.e.13689","ELEMENT":"f.531E98D0DADB2C7D9F82DA313210FC25.d.E1178BFD928F4EEFADCE87FDB60F3D98.e.13689"}]}
RESULT: {"script":"<script> [8489 bytes]","args":[{"element-6066-11e4-a52e-4f735466cecf":"f.531E98D0DADB2C7D9F82DA313210FC25.d.E1178BFD928F4EEFADCE87FDB60F3D98.e.13689","ELEMENT":"f.531E98D0DADB2C7D9F82DA313210FC25.d.E1178BFD928F4EEFADCE87FDB60F3D98.e.13689"}]}
COMMAND: POST /session/5d4f89c809828bc74d2aa9c512c29ea4/element/f.531E98D0DADB2C7D9F82DA313210FC25.d.E1178BFD928F4EEFADCE87FDB60F3D98.e.13689/click - {}
COMMAND: GET /session/5d4f89c809828bc74d2aa9c512c29ea4/screenshot - {}
RESULT: {}
COMMAND: GET /session/5d4f89c809828bc74d2aa9c512c29ea4/screenshot - {}
RESULT: {}
COMMAND: POST /session/5d4f89c809828bc74d2aa9c512c29ea4/element - {"using":"xpath","value":"//span[contains(@id ,\"AddNewHO--typeSelect-arrow\")]"}
RESULT: {}
RESULT: {"using":"xpath","value":"//span[contains(@id ,\"AddNewHO--typeSelect-arrow\")]"}
COMMAND: POST /session/5d4f89c809828bc74d2aa9c512c29ea4/element/f.531E98D0DADB2C7D9F82DA313210FC25.d.E1178BFD928F4EEFADCE87FDB60F3D98.e.13997/click - {}
RESULT: {}
COMMAND: GET /session/5d4f89c809828bc74d2aa9c512c29ea4/screenshot - {}
RESULT: {}
COMMAND: POST /session/5d4f89c809828bc74d2aa9c512c29ea4/element - {"using":"xpath","value":"(//li[contains(text(), \"stock increase yard\")])[1]"}
RESULT: {"using":"xpath","value":"(//li[contains(text(), \"stock increase yard\")])[1]"}
COMMAND: POST /session/5d4f89c809828bc74d2aa9c512c29ea4/element/f.531E98D0DADB2C7D9F82DA313210FC25.d.E1178BFD928F4EEFADCE87FDB60F3D98.e.13998/click - {}
RESULT: {}
COMMAND: GET /session/5d4f89c809828bc74d2aa9c512c29ea4/screenshot - {}
RESULT: {}
COMMAND: POST /session/5d4f89c809828bc74d2aa9c512c29ea4/execute/async - {"script":"<script> [1562 bytes]","args":[{"selector":{"id":"application-managehandovers-display-component---AddNewHO--dueDate","interaction":{"idSuffix":"inner"}},"wdio_ui5_key":"applicationmanagehandovers-display-component---AddNewHO--dueDate"}]}
RESULT: {"script":"<script> [1562 bytes]","args":[{"selector":{"id":"application-managehandovers-display-component---AddNewHO--dueDate","interaction":{"idSuffix":"inner"}},"wdio_ui5_key":"applicationmanagehandovers-display-component---AddNewHO--dueDate"}]}
RESULT: undefined
COMMAND: POST /session/5d4f89c809828bc74d2aa9c512c29ea4/execute/async - {"script":"<script> [6424 bytes]","args":[{"element-6066-11e4-a52e-4f735466cecf":"f.531E98D0DADB2C7D9F82DA313210FC25.d.E1178BFD928F4EEFADCE87FDB60F3D98.e.14002"},"setValue",["05/05/2025"]]}
RESULT: {"script":"<script> [6424 bytes]","args":[{"element-6066-11e4-a52e-4f735466cecf":"f.531E98D0DADB2C7D9F82DA313210FC25.d.E1178BFD928F4EEFADCE87FDB60F3D98.e.14002"},"setValue",["05/05/2025"]]}
COMMAND: POST /session/5d4f89c809828bc74d2aa9c512c29ea4/element - {"using":"xpath","value":"//input[@id=\"generalSectionFrg--receiveYard-inner\"]"}
RESULT: {"using":"xpath","value":"//input[@id=\"generalSectionFrg--receiveYard-inner\"]"}
COMMAND: POST /session/5d4f89c809828bc74d2aa9c512c29ea4/element/f.531E98D0DADB2C7D9F82DA313210FC25.d.E1178BFD928F4EEFADCE87FDB60F3D98.e.14008/clear - {}
RESULT: {}
COMMAND: POST /session/5d4f89c809828bc74d2aa9c512c29ea4/element/f.531E98D0DADB2C7D9F82DA313210FC25.d.E1178BFD928F4EEFADCE87FDB60F3D98.e.14008/value - {"text":"WebdriverYardh42t4"}
COMMAND: GET /session/5d4f89c809828bc74d2aa9c512c29ea4/screenshot - {}
RESULT: {"text":"WebdriverYardh42t4"}
COMMAND: GET /session/5d4f89c809828bc74d2aa9c512c29ea4/screenshot - {}
RESULT: {}
RESULT: {}
COMMAND: POST /session/5d4f89c809828bc74d2aa9c512c29ea4/execute/async - {"script":"<script> [1562 bytes]","args":[{"selector":{"id":"application-managehandovers-display-component---AddNewHO--ObjectPageLayout-anchBar-application-managehandovers-display-component---AddNewHO--section4-anchor","interaction":{"idSuffix":"BDI-content"}},"wdio_ui5_key":"applicationmanagehandovers-display-component---AddNewHO--ObjectPageLayout-anchBar-application-managehandovers-display-component---AddNewHO--section4-anchor"}]}
RESULT: {"script":"<script> [1562 bytes]","args":[{"selector":{"id":"application-managehandovers-display-component---AddNewHO--ObjectPageLayout-anchBar-application-managehandovers-display-component---AddNewHO--section4-anchor","interaction":{"idSuffix":"BDI-content"}},"wdio_ui5_key":"applicationmanagehandovers-display-component---AddNewHO--ObjectPageLayout-anchBar-application-managehandovers-display-component---AddNewHO--section4-anchor"}]}
RESULT: undefined
COMMAND: POST /session/5d4f89c809828bc74d2aa9c512c29ea4/element - {"using":"xpath","value":"//*[@id=\"application-managehandovers-display-component---AddNewHO--ObjectPageLayout-anchBar-application-managehandovers-display-component---AddNewHO--section4-anchor\"]"}
RESULT: {"using":"xpath","value":"//*[@id=\"application-managehandovers-display-component---AddNewHO--ObjectPageLayout-anchBar-application-managehandovers-display-component---AddNewHO--section4-anchor\"]"}
COMMAND: POST /session/5d4f89c809828bc74d2aa9c512c29ea4/element/f.531E98D0DADB2C7D9F82DA313210FC25.d.E1178BFD928F4EEFADCE87FDB60F3D98.e.14026/click - {}
RESULT: {}
COMMAND: GET /session/5d4f89c809828bc74d2aa9c512c29ea4/screenshot - {}
RESULT: {}
COMMAND: POST /session/5d4f89c809828bc74d2aa9c512c29ea4/element - {"using":"xpath","value":"//button[@aria-label=\"Add\"]"}
RESULT: {"using":"xpath","value":"//button[@aria-label=\"Add\"]"}
COMMAND: POST /session/5d4f89c809828bc74d2aa9c512c29ea4/element/f.531E98D0DADB2C7D9F82DA313210FC25.d.E1178BFD928F4EEFADCE87FDB60F3D98.e.14030/click - {}
RESULT: {}
COMMAND: GET /session/5d4f89c809828bc74d2aa9c512c29ea4/screenshot - {}
RESULT: {}
COMMAND: POST /session/5d4f89c809828bc74d2aa9c512c29ea4/execute/async - {"script":"<script> [1562 bytes]","args":[{"selector":{"id":"application-managehandovers-display-component---AddNewHO--smartFilterBar-btnBasicSearch","searchOpenDialogs":true,"interaction":{"idSuffix":"I"}},"wdio_ui5_key":"applicationmanagehandovers-display-component---AddNewHO--smartFilterBar-btnBasicSearch"}]}
RESULT: {"script":"<script> [1562 bytes]","args":[{"selector":{"id":"application-managehandovers-display-component---AddNewHO--smartFilterBar-btnBasicSearch","searchOpenDialogs":true,"interaction":{"idSuffix":"I"}},"wdio_ui5_key":"applicationmanagehandovers-display-component---AddNewHO--smartFilterBar-btnBasicSearch"}]}
RESULT: undefined
COMMAND: POST /session/5d4f89c809828bc74d2aa9c512c29ea4/execute/async - {"script":"<script> [776 bytes]","args":[{"enterText":"WebdriverRUR2Cgs1wdi","selector":{"id":"application-managehandovers-display-component---AddNewHO--smartFilterBar-btnBasicSearch","searchOpenDialogs":true,"interaction":{"idSuffix":"I"}},"clearTextFirst":true,"interactionType":"ENTER_TEXT"}]}
RESULT: {"script":"<script> [776 bytes]","args":[{"enterText":"WebdriverRUR2Cgs1wdi","selector":{"id":"application-managehandovers-display-component---AddNewHO--smartFilterBar-btnBasicSearch","searchOpenDialogs":true,"interaction":{"idSuffix":"I"}},"clearTextFirst":true,"interactionType":"ENTER_TEXT"}]}
COMMAND: POST /session/5d4f89c809828bc74d2aa9c512c29ea4/actions - {"actions":[{"id":"action71","type":"key","parameters":{},"actions":[{"type":"keyDown","value":"î€‡"},{"type":"pause","duration":10},{"type":"keyUp","value":"î€‡"}]}]}
RESULT: {"actions":[{"id":"action71","type":"key","parameters":{},"actions":[{"type":"keyDown","value":"î€‡"},{"type":"pause","duration":10},{"type":"keyUp","value":"î€‡"}]}]}
COMMAND: POST /session/5d4f89c809828bc74d2aa9c512c29ea4/execute/async - {"script":"<script> [1562 bytes]","args":[{"selector":{"id":"application-managehandovers-display-component---AddNewHO--popup-sa","searchOpenDialogs":true,"interaction":{"idSuffix":"CbBg"}},"wdio_ui5_key":"applicationmanagehandovers-display-component---AddNewHO--popup-sa"}]}
COMMAND: GET /session/5d4f89c809828bc74d2aa9c512c29ea4/screenshot - {}
RESULT: {"script":"<script> [1562 bytes]","args":[{"selector":{"id":"application-managehandovers-display-component---AddNewHO--popup-sa","searchOpenDialogs":true,"interaction":{"idSuffix":"CbBg"}},"wdio_ui5_key":"applicationmanagehandovers-display-component---AddNewHO--popup-sa"}]}
RESULT: undefined
COMMAND: POST /session/5d4f89c809828bc74d2aa9c512c29ea4/element - {"using":"xpath","value":"//*[@id=\"application-managehandovers-display-component---AddNewHO--popup-sa\"]"}
RESULT: {}
RESULT: {"using":"xpath","value":"//*[@id=\"application-managehandovers-display-component---AddNewHO--popup-sa\"]"}
COMMAND: POST /session/5d4f89c809828bc74d2aa9c512c29ea4/element/f.531E98D0DADB2C7D9F82DA313210FC25.d.E1178BFD928F4EEFADCE87FDB60F3D98.e.14183/click - {}
RESULT: {}
COMMAND: GET /session/5d4f89c809828bc74d2aa9c512c29ea4/screenshot - {}
RESULT: {}
COMMAND: POST /session/5d4f89c809828bc74d2aa9c512c29ea4/element - {"using":"xpath","value":"//bdi[contains(text(), \"Select\")]"}
RESULT: {"using":"xpath","value":"//bdi[contains(text(), \"Select\")]"}
COMMAND: POST /session/5d4f89c809828bc74d2aa9c512c29ea4/element/f.531E98D0DADB2C7D9F82DA313210FC25.d.E1178BFD928F4EEFADCE87FDB60F3D98.e.14184/click - {}
RESULT: {}
COMMAND: GET /session/5d4f89c809828bc74d2aa9c512c29ea4/screenshot - {}
RESULT: {}
COMMAND: POST /session/5d4f89c809828bc74d2aa9c512c29ea4/execute/async - {"script":"<script> [1562 bytes]","args":[{"selector":{"controlType":"sap.m.Input","viewName":"etm.portal.ui.managehandovers.view.AddNewHO","viewId":"application-managehandovers-display-component---AddNewHO","bindingPath":{"path":"/items/0","propertyPath":"TYPE","modelName":"hoItemsModel"},"interaction":{"idSuffix":"inner"}},"wdio_ui5_key":"etmportal.ui.managehandovers.view.AddNewHOsap.m.Input{\"path\":\"/items/0\",\"propertyPath\":\"TYPE\",\"modelName\":\"hoItemsModel\"}"}]}
RESULT: {"script":"<script> [1562 bytes]","args":[{"selector":{"controlType":"sap.m.Input","viewName":"etm.portal.ui.managehandovers.view.AddNewHO","viewId":"application-managehandovers-display-component---AddNewHO","bindingPath":{"path":"/items/0","propertyPath":"TYPE","modelName":"hoItemsModel"},"interaction":{"idSuffix":"inner"}},"wdio_ui5_key":"etmportal.ui.managehandovers.view.AddNewHOsap.m.Input{\"path\":\"/items/0\",\"propertyPath\":\"TYPE\",\"modelName\":\"hoItemsModel\"}"}]}
RESULT: undefined
COMMAND: POST /session/5d4f89c809828bc74d2aa9c512c29ea4/execute/async - {"script":"<script> [776 bytes]","args":[{"enterText":"100","selector":{"controlType":"sap.m.Input","viewName":"etm.portal.ui.managehandovers.view.AddNewHO","viewId":"application-managehandovers-display-component---AddNewHO","bindingPath":{"path":"/items/0","propertyPath":"TYPE","modelName":"hoItemsModel"},"interaction":{"idSuffix":"inner"}},"clearTextFirst":true,"interactionType":"ENTER_TEXT"}]}
RESULT: {"script":"<script> [776 bytes]","args":[{"enterText":"100","selector":{"controlType":"sap.m.Input","viewName":"etm.portal.ui.managehandovers.view.AddNewHO","viewId":"application-managehandovers-display-component---AddNewHO","bindingPath":{"path":"/items/0","propertyPath":"TYPE","modelName":"hoItemsModel"},"interaction":{"idSuffix":"inner"}},"clearTextFirst":true,"interactionType":"ENTER_TEXT"}]}
COMMAND: POST /session/5d4f89c809828bc74d2aa9c512c29ea4/element - {"using":"xpath","value":"//button[@data-kt=\"AddNewHOSaveButton\"]"}
RESULT: {"using":"xpath","value":"//button[@data-kt=\"AddNewHOSaveButton\"]"}
COMMAND: POST /session/5d4f89c809828bc74d2aa9c512c29ea4/element/f.531E98D0DADB2C7D9F82DA313210FC25.d.E1178BFD928F4EEFADCE87FDB60F3D98.e.14189/click - {}
RESULT: {}
COMMAND: GET /session/5d4f89c809828bc74d2aa9c512c29ea4/screenshot - {}
COMMAND: POST /session/5d4f89c809828bc74d2aa9c512c29ea4/execute/async - {"script":"<script> [1562 bytes]","args":[{"selector":{"id":"receiptDatePicker","viewName":"etm.portal.ui.managehandovers.view.DetailExecuteHO","interaction":{"idSuffix":"inner"}},"wdio_ui5_key":"receiptDatePickeretmportal.ui.managehandovers.view.DetailExecuteHO"}]}
RESULT: {}
RESULT: {"script":"<script> [1562 bytes]","args":[{"selector":{"id":"receiptDatePicker","viewName":"etm.portal.ui.managehandovers.view.DetailExecuteHO","interaction":{"idSuffix":"inner"}},"wdio_ui5_key":"receiptDatePickeretmportal.ui.managehandovers.view.DetailExecuteHO"}]}
RESULT: undefined
COMMAND: POST /session/5d4f89c809828bc74d2aa9c512c29ea4/execute/async - {"script":"<script> [6424 bytes]","args":[{"element-6066-11e4-a52e-4f735466cecf":"f.531E98D0DADB2C7D9F82DA313210FC25.d.E1178BFD928F4EEFADCE87FDB60F3D98.e.14219"},"setValue",["05/05/2025"]]}
RESULT: {"script":"<script> [6424 bytes]","args":[{"element-6066-11e4-a52e-4f735466cecf":"f.531E98D0DADB2C7D9F82DA313210FC25.d.E1178BFD928F4EEFADCE87FDB60F3D98.e.14219"},"setValue",["05/05/2025"]]}
COMMAND: POST /session/5d4f89c809828bc74d2aa9c512c29ea4/element - {"using":"xpath","value":"//button[@data-kt=\"PickingTableConfirmAllButton\"]"}
RESULT: {"using":"xpath","value":"//button[@data-kt=\"PickingTableConfirmAllButton\"]"}
COMMAND: POST /session/5d4f89c809828bc74d2aa9c512c29ea4/element/f.531E98D0DADB2C7D9F82DA313210FC25.d.E1178BFD928F4EEFADCE87FDB60F3D98.e.14234/click - {}
RESULT: {}
COMMAND: GET /session/5d4f89c809828bc74d2aa9c512c29ea4/screenshot - {}
RESULT: {}
COMMAND: POST /session/5d4f89c809828bc74d2aa9c512c29ea4/element - {"using":"xpath","value":"//bdi[contains(text(), \"OK\")]"}
RESULT: {"using":"xpath","value":"//bdi[contains(text(), \"OK\")]"}
COMMAND: POST /session/5d4f89c809828bc74d2aa9c512c29ea4/element/f.531E98D0DADB2C7D9F82DA313210FC25.d.E1178BFD928F4EEFADCE87FDB60F3D98.e.14236/click - {}
RESULT: {}
COMMAND: GET /session/5d4f89c809828bc74d2aa9c512c29ea4/screenshot - {}
RESULT: {}
COMMAND: POST /session/5d4f89c809828bc74d2aa9c512c29ea4/element - {"using":"xpath","value":"(//bdi[contains(text(), \"Receive\")])[2]"}
RESULT: {"using":"xpath","value":"(//bdi[contains(text(), \"Receive\")])[2]"}
COMMAND: POST /session/5d4f89c809828bc74d2aa9c512c29ea4/element/f.531E98D0DADB2C7D9F82DA313210FC25.d.E1178BFD928F4EEFADCE87FDB60F3D98.e.14238/click - {}
RESULT: {}
COMMAND: GET /session/5d4f89c809828bc74d2aa9c512c29ea4/screenshot - {}
RESULT: {}
COMMAND: POST /session/5d4f89c809828bc74d2aa9c512c29ea4/element - {"using":"css selector","value":"#shell-header-logo"}
RESULT: {"using":"css selector","value":"#shell-header-logo"}
COMMAND: POST /session/5d4f89c809828bc74d2aa9c512c29ea4/element/f.531E98D0DADB2C7D9F82DA313210FC25.d.E1178BFD928F4EEFADCE87FDB60F3D98.e.13658/click - {}
RESULT: {}
]]></system-out>
    </testcase>
    <testcase classname="chrome.135_0_7049_96.windows.E2E_-_Logistical_and_commercial_statuses" name="Should add a pricing rule and a condition to the RU" time="100.285">
      <system-out><![CDATA[
COMMAND: POST /session/5d4f89c809828bc74d2aa9c512c29ea4/execute/async - {"script":"<script> [1562 bytes]","args":[{"selector":{"controlType":"sap.m.GenericTile","properties":{"header":"Manage Pricing Rules"}},"wdio_ui5_key":"sapm.GenericTile{\"header\":\"Manage Pricing Rules\"}"}]}
COMMAND: GET /session/5d4f89c809828bc74d2aa9c512c29ea4/screenshot - {}
RESULT: {"script":"<script> [1562 bytes]","args":[{"selector":{"controlType":"sap.m.GenericTile","properties":{"header":"Manage Pricing Rules"}},"wdio_ui5_key":"sapm.GenericTile{\"header\":\"Manage Pricing Rules\"}"}]}
RESULT: undefined
COMMAND: POST /session/5d4f89c809828bc74d2aa9c512c29ea4/element - {"using":"xpath","value":"//*[@id=\"__tile55\"]"}
RESULT: {}
RESULT: {"using":"xpath","value":"//*[@id=\"__tile55\"]"}
COMMAND: POST /session/5d4f89c809828bc74d2aa9c512c29ea4/element/f.531E98D0DADB2C7D9F82DA313210FC25.d.E1178BFD928F4EEFADCE87FDB60F3D98.e.14392/click - {}
RESULT: {}
COMMAND: GET /session/5d4f89c809828bc74d2aa9c512c29ea4/screenshot - {}
RESULT: {}
COMMAND: POST /session/5d4f89c809828bc74d2aa9c512c29ea4/execute/async - {"script":"<script> [1562 bytes]","args":[{"selector":{"controlType":"sap.ui.core.Icon","viewName":"etm.portal.ui.managepricingrules.view.MasterHeader","viewId":"application-managepricingrules-display-component---priceInfoHeader","properties":{"src":{"regex":{"source":"activity\\-items"}}}},"wdio_ui5_key":"etmportal.ui.managepricingrules.view.MasterHeadersap.ui.core.Icon{\"src\":{\"regex\":{\"source\":\"activity\\\\-items\"}}}"}]}
RESULT: {"script":"<script> [1562 bytes]","args":[{"selector":{"controlType":"sap.ui.core.Icon","viewName":"etm.portal.ui.managepricingrules.view.MasterHeader","viewId":"application-managepricingrules-display-component---priceInfoHeader","properties":{"src":{"regex":{"source":"activity\\-items"}}}},"wdio_ui5_key":"etmportal.ui.managepricingrules.view.MasterHeadersap.ui.core.Icon{\"src\":{\"regex\":{\"source\":\"activity\\\\-items\"}}}"}]}
RESULT: undefined
COMMAND: POST /session/5d4f89c809828bc74d2aa9c512c29ea4/element - {"using":"xpath","value":"//*[@id=\"__filter22-icon\"]"}
RESULT: {"using":"xpath","value":"//*[@id=\"__filter22-icon\"]"}
COMMAND: POST /session/5d4f89c809828bc74d2aa9c512c29ea4/element/f.531E98D0DADB2C7D9F82DA313210FC25.d.E1178BFD928F4EEFADCE87FDB60F3D98.e.14476/click - {}
RESULT: {}
COMMAND: GET /session/5d4f89c809828bc74d2aa9c512c29ea4/screenshot - {}
RESULT: {}
COMMAND: POST /session/5d4f89c809828bc74d2aa9c512c29ea4/execute/async - {"script":"<script> [1562 bytes]","args":[{"selector":{"controlType":"sap.ui.core.Icon","viewName":"etm.portal.ui.managepricingrules.view.MasterItem","viewId":"application-managepricingrules-display-component---priceInfoItem","properties":{"src":{"regex":{"source":"add"}}}},"wdio_ui5_key":"etmportal.ui.managepricingrules.view.MasterItemsap.ui.core.Icon{\"src\":{\"regex\":{\"source\":\"add\"}}}"}]}
RESULT: {"script":"<script> [1562 bytes]","args":[{"selector":{"controlType":"sap.ui.core.Icon","viewName":"etm.portal.ui.managepricingrules.view.MasterItem","viewId":"application-managepricingrules-display-component---priceInfoItem","properties":{"src":{"regex":{"source":"add"}}}},"wdio_ui5_key":"etmportal.ui.managepricingrules.view.MasterItemsap.ui.core.Icon{\"src\":{\"regex\":{\"source\":\"add\"}}}"}]}
RESULT: undefined
COMMAND: POST /session/5d4f89c809828bc74d2aa9c512c29ea4/element - {"using":"xpath","value":"//*[@id=\"__button76-img\"]"}
RESULT: {"using":"xpath","value":"//*[@id=\"__button76-img\"]"}
COMMAND: POST /session/5d4f89c809828bc74d2aa9c512c29ea4/element/f.531E98D0DADB2C7D9F82DA313210FC25.d.E1178BFD928F4EEFADCE87FDB60F3D98.e.14524/click - {}
RESULT: {}
COMMAND: GET /session/5d4f89c809828bc74d2aa9c512c29ea4/screenshot - {}
RESULT: {}
COMMAND: POST /session/5d4f89c809828bc74d2aa9c512c29ea4/element - {"using":"xpath","value":"//input[@id=\"application-managepricingrules-display-component---newInfoPriceItem--condRU-inner\"]"}
RESULT: {"using":"xpath","value":"//input[@id=\"application-managepricingrules-display-component---newInfoPriceItem--condRU-inner\"]"}
COMMAND: POST /session/5d4f89c809828bc74d2aa9c512c29ea4/element/f.531E98D0DADB2C7D9F82DA313210FC25.d.E1178BFD928F4EEFADCE87FDB60F3D98.e.14738/clear - {}
RESULT: {}
COMMAND: POST /session/5d4f89c809828bc74d2aa9c512c29ea4/element/f.531E98D0DADB2C7D9F82DA313210FC25.d.E1178BFD928F4EEFADCE87FDB60F3D98.e.14738/value - {"text":"WebdriverRUR2Cgs1wdi"}
COMMAND: GET /session/5d4f89c809828bc74d2aa9c512c29ea4/screenshot - {}
RESULT: {"text":"WebdriverRUR2Cgs1wdi"}
COMMAND: POST /session/5d4f89c809828bc74d2aa9c512c29ea4/execute/async - {"script":"<script> [1562 bytes]","args":[{"selector":{"id":"application-managepricingrules-display-component---newInfoPriceItem--condValidTo","interaction":{"idSuffix":"inner"}},"wdio_ui5_key":"applicationmanagepricingrules-display-component---newInfoPriceItem--condValidTo"}]}
COMMAND: GET /session/5d4f89c809828bc74d2aa9c512c29ea4/screenshot - {}
RESULT: {}
RESULT: {"script":"<script> [1562 bytes]","args":[{"selector":{"id":"application-managepricingrules-display-component---newInfoPriceItem--condValidTo","interaction":{"idSuffix":"inner"}},"wdio_ui5_key":"applicationmanagepricingrules-display-component---newInfoPriceItem--condValidTo"}]}
RESULT: undefined
COMMAND: POST /session/5d4f89c809828bc74d2aa9c512c29ea4/execute/async - {"script":"<script> [776 bytes]","args":[{"enterText":"5/18/33","selector":{"id":"application-managepricingrules-display-component---newInfoPriceItem--condValidTo","interaction":{"idSuffix":"inner"}},"clearTextFirst":true,"interactionType":"ENTER_TEXT"}]}
RESULT: {}
RESULT: {"script":"<script> [776 bytes]","args":[{"enterText":"5/18/33","selector":{"id":"application-managepricingrules-display-component---newInfoPriceItem--condValidTo","interaction":{"idSuffix":"inner"}},"clearTextFirst":true,"interactionType":"ENTER_TEXT"}]}
COMMAND: POST /session/5d4f89c809828bc74d2aa9c512c29ea4/execute/async - {"script":"<script> [1562 bytes]","args":[{"selector":{"id":"application-managepricingrules-display-component---newInfoPriceItem--billType-arrow"},"wdio_ui5_key":"applicationmanagepricingrules-display-component---newInfoPriceItem--billType-arrow"}]}
RESULT: {"script":"<script> [1562 bytes]","args":[{"selector":{"id":"application-managepricingrules-display-component---newInfoPriceItem--billType-arrow"},"wdio_ui5_key":"applicationmanagepricingrules-display-component---newInfoPriceItem--billType-arrow"}]}
RESULT: undefined
COMMAND: POST /session/5d4f89c809828bc74d2aa9c512c29ea4/element - {"using":"xpath","value":"//*[@id=\"application-managepricingrules-display-component---newInfoPriceItem--billType-arrow\"]"}
RESULT: {"using":"xpath","value":"//*[@id=\"application-managepricingrules-display-component---newInfoPriceItem--billType-arrow\"]"}
COMMAND: POST /session/5d4f89c809828bc74d2aa9c512c29ea4/element/f.531E98D0DADB2C7D9F82DA313210FC25.d.E1178BFD928F4EEFADCE87FDB60F3D98.e.14826/click - {}
RESULT: {}
COMMAND: POST /session/5d4f89c809828bc74d2aa9c512c29ea4/element - {"using":"xpath","value":"//span[contains(text(), \"TB - Time based\")]"}
COMMAND: GET /session/5d4f89c809828bc74d2aa9c512c29ea4/screenshot - {}
RESULT: {"using":"xpath","value":"//span[contains(text(), \"TB - Time based\")]"}
COMMAND: POST /session/5d4f89c809828bc74d2aa9c512c29ea4/element/f.531E98D0DADB2C7D9F82DA313210FC25.d.E1178BFD928F4EEFADCE87FDB60F3D98.e.14876/click - {}
RESULT: {}
RESULT: {}
COMMAND: POST /session/5d4f89c809828bc74d2aa9c512c29ea4/execute/async - {"script":"<script> [1562 bytes]","args":[{"selector":{"id":"application-managepricingrules-display-component---newInfoPriceItem--priceProc-arrow"},"wdio_ui5_key":"applicationmanagepricingrules-display-component---newInfoPriceItem--priceProc-arrow"}]}
COMMAND: GET /session/5d4f89c809828bc74d2aa9c512c29ea4/screenshot - {}
RESULT: {"script":"<script> [1562 bytes]","args":[{"selector":{"id":"application-managepricingrules-display-component---newInfoPriceItem--priceProc-arrow"},"wdio_ui5_key":"applicationmanagepricingrules-display-component---newInfoPriceItem--priceProc-arrow"}]}
RESULT: undefined
COMMAND: POST /session/5d4f89c809828bc74d2aa9c512c29ea4/element - {"using":"xpath","value":"//*[@id=\"application-managepricingrules-display-component---newInfoPriceItem--priceProc-arrow\"]"}
RESULT: {}
RESULT: {"using":"xpath","value":"//*[@id=\"application-managepricingrules-display-component---newInfoPriceItem--priceProc-arrow\"]"}
COMMAND: POST /session/5d4f89c809828bc74d2aa9c512c29ea4/element/f.531E98D0DADB2C7D9F82DA313210FC25.d.E1178BFD928F4EEFADCE87FDB60F3D98.e.14833/click - {}
RESULT: {}
COMMAND: POST /session/5d4f89c809828bc74d2aa9c512c29ea4/element - {"using":"xpath","value":"//span[contains(text(), \"TBS - Time based standard\")]"}
COMMAND: GET /session/5d4f89c809828bc74d2aa9c512c29ea4/screenshot - {}
RESULT: {"using":"xpath","value":"//span[contains(text(), \"TBS - Time based standard\")]"}
COMMAND: POST /session/5d4f89c809828bc74d2aa9c512c29ea4/element/f.531E98D0DADB2C7D9F82DA313210FC25.d.E1178BFD928F4EEFADCE87FDB60F3D98.e.14877/click - {}
RESULT: {}
RESULT: {}
COMMAND: POST /session/5d4f89c809828bc74d2aa9c512c29ea4/execute/async - {"script":"<script> [1562 bytes]","args":[{"selector":{"id":"application-managepricingrules-display-component---newInfoPriceItem--calcBase-arrow"},"wdio_ui5_key":"applicationmanagepricingrules-display-component---newInfoPriceItem--calcBase-arrow"}]}
COMMAND: GET /session/5d4f89c809828bc74d2aa9c512c29ea4/screenshot - {}
RESULT: {"script":"<script> [1562 bytes]","args":[{"selector":{"id":"application-managepricingrules-display-component---newInfoPriceItem--calcBase-arrow"},"wdio_ui5_key":"applicationmanagepricingrules-display-component---newInfoPriceItem--calcBase-arrow"}]}
RESULT: undefined
COMMAND: POST /session/5d4f89c809828bc74d2aa9c512c29ea4/element - {"using":"xpath","value":"//*[@id=\"application-managepricingrules-display-component---newInfoPriceItem--calcBase-arrow\"]"}
RESULT: {}
RESULT: {"using":"xpath","value":"//*[@id=\"application-managepricingrules-display-component---newInfoPriceItem--calcBase-arrow\"]"}
COMMAND: POST /session/5d4f89c809828bc74d2aa9c512c29ea4/element/f.531E98D0DADB2C7D9F82DA313210FC25.d.E1178BFD928F4EEFADCE87FDB60F3D98.e.14840/click - {}
RESULT: {}
COMMAND: GET /session/5d4f89c809828bc74d2aa9c512c29ea4/screenshot - {}
RESULT: {}
COMMAND: POST /session/5d4f89c809828bc74d2aa9c512c29ea4/element - {"using":"xpath","value":"//span[contains(text(), \"0006 - TB(calendar days)\")]"}
RESULT: {"using":"xpath","value":"//span[contains(text(), \"0006 - TB(calendar days)\")]"}
COMMAND: POST /session/5d4f89c809828bc74d2aa9c512c29ea4/element/f.531E98D0DADB2C7D9F82DA313210FC25.d.E1178BFD928F4EEFADCE87FDB60F3D98.e.14878/click - {}
RESULT: {}
COMMAND: POST /session/5d4f89c809828bc74d2aa9c512c29ea4/execute/async - {"script":"<script> [1562 bytes]","args":[{"selector":{"id":"application-managepricingrules-display-component---newInfoPriceItem--daysMonth","interaction":{"idSuffix":"inner"}},"wdio_ui5_key":"applicationmanagepricingrules-display-component---newInfoPriceItem--daysMonth"}]}
COMMAND: GET /session/5d4f89c809828bc74d2aa9c512c29ea4/screenshot - {}
RESULT: {"script":"<script> [1562 bytes]","args":[{"selector":{"id":"application-managepricingrules-display-component---newInfoPriceItem--daysMonth","interaction":{"idSuffix":"inner"}},"wdio_ui5_key":"applicationmanagepricingrules-display-component---newInfoPriceItem--daysMonth"}]}
RESULT: undefined
COMMAND: POST /session/5d4f89c809828bc74d2aa9c512c29ea4/execute/async - {"script":"<script> [776 bytes]","args":[{"enterText":"30","selector":{"id":"application-managepricingrules-display-component---newInfoPriceItem--daysMonth","interaction":{"idSuffix":"inner"}},"clearTextFirst":true,"interactionType":"ENTER_TEXT"}]}
RESULT: {}
RESULT: {"script":"<script> [776 bytes]","args":[{"enterText":"30","selector":{"id":"application-managepricingrules-display-component---newInfoPriceItem--daysMonth","interaction":{"idSuffix":"inner"}},"clearTextFirst":true,"interactionType":"ENTER_TEXT"}]}
COMMAND: POST /session/5d4f89c809828bc74d2aa9c512c29ea4/element - {"using":"xpath","value":"//button[@data-kt=\"saveNewRuleButton\"]"}
RESULT: {"using":"xpath","value":"//button[@data-kt=\"saveNewRuleButton\"]"}
COMMAND: POST /session/5d4f89c809828bc74d2aa9c512c29ea4/element/f.531E98D0DADB2C7D9F82DA313210FC25.d.E1178BFD928F4EEFADCE87FDB60F3D98.e.14861/click - {}
RESULT: {}
COMMAND: GET /session/5d4f89c809828bc74d2aa9c512c29ea4/screenshot - {}
RESULT: {}
COMMAND: POST /session/5d4f89c809828bc74d2aa9c512c29ea4/element - {"using":"css selector","value":"#shell-header-logo"}
RESULT: {"using":"css selector","value":"#shell-header-logo"}
COMMAND: POST /session/5d4f89c809828bc74d2aa9c512c29ea4/element/f.531E98D0DADB2C7D9F82DA313210FC25.d.E1178BFD928F4EEFADCE87FDB60F3D98.e.14395/click - {}
RESULT: {}
COMMAND: GET /session/5d4f89c809828bc74d2aa9c512c29ea4/screenshot - {}
RESULT: {}
COMMAND: POST /session/5d4f89c809828bc74d2aa9c512c29ea4/execute/async - {"script":"<script> [1562 bytes]","args":[{"selector":{"controlType":"sap.m.Text","properties":{"text":"Manage Conditions & Prices"},"interaction":{"idSuffix":"inner"}},"wdio_ui5_key":"sapm.Text{\"text\":\"Manage Conditions & Prices\"}"}]}
RESULT: {"script":"<script> [1562 bytes]","args":[{"selector":{"controlType":"sap.m.Text","properties":{"text":"Manage Conditions & Prices"},"interaction":{"idSuffix":"inner"}},"wdio_ui5_key":"sapm.Text{\"text\":\"Manage Conditions & Prices\"}"}]}
RESULT: undefined
COMMAND: POST /session/5d4f89c809828bc74d2aa9c512c29ea4/element - {"using":"xpath","value":"//*[@id=\"__tile53-title\"]"}
RESULT: {"using":"xpath","value":"//*[@id=\"__tile53-title\"]"}
COMMAND: POST /session/5d4f89c809828bc74d2aa9c512c29ea4/element/f.531E98D0DADB2C7D9F82DA313210FC25.d.E1178BFD928F4EEFADCE87FDB60F3D98.e.14896/click - {}
RESULT: {}
COMMAND: GET /session/5d4f89c809828bc74d2aa9c512c29ea4/screenshot - {}
RESULT: {}
COMMAND: POST /session/5d4f89c809828bc74d2aa9c512c29ea4/element - {"using":"xpath","value":"//button[@aria-label=\"Create\"]"}
RESULT: {"using":"xpath","value":"//button[@aria-label=\"Create\"]"}
COMMAND: POST /session/5d4f89c809828bc74d2aa9c512c29ea4/elements - {"using":"xpath","value":"//button[@aria-label=\"Create\"]"}
RESULT: {"using":"xpath","value":"//button[@aria-label=\"Create\"]"}
COMMAND: POST /session/5d4f89c809828bc74d2aa9c512c29ea4/elements - {"using":"xpath","value":"//button[@aria-label=\"Create\"]"}
RESULT: {"using":"xpath","value":"//button[@aria-label=\"Create\"]"}
COMMAND: POST /session/5d4f89c809828bc74d2aa9c512c29ea4/elements - {"using":"xpath","value":"//button[@aria-label=\"Create\"]"}
RESULT: {"using":"xpath","value":"//button[@aria-label=\"Create\"]"}
COMMAND: POST /session/5d4f89c809828bc74d2aa9c512c29ea4/elements - {"using":"xpath","value":"//button[@aria-label=\"Create\"]"}
RESULT: {"using":"xpath","value":"//button[@aria-label=\"Create\"]"}
COMMAND: POST /session/5d4f89c809828bc74d2aa9c512c29ea4/element - {"using":"xpath","value":"//button[@aria-label=\"Create\"]"}
RESULT: {"using":"xpath","value":"//button[@aria-label=\"Create\"]"}
COMMAND: POST /session/5d4f89c809828bc74d2aa9c512c29ea4/element/f.531E98D0DADB2C7D9F82DA313210FC25.d.E1178BFD928F4EEFADCE87FDB60F3D98.e.14928/click - {}
RESULT: {}
COMMAND: POST /session/5d4f89c809828bc74d2aa9c512c29ea4/actions - {"actions":[{"id":"action72","type":"key","parameters":{},"actions":[{"type":"keyDown","value":"î€‡"},{"type":"pause","duration":10},{"type":"keyUp","value":"î€‡"}]}]}
COMMAND: GET /session/5d4f89c809828bc74d2aa9c512c29ea4/screenshot - {}
RESULT: {"actions":[{"id":"action72","type":"key","parameters":{},"actions":[{"type":"keyDown","value":"î€‡"},{"type":"pause","duration":10},{"type":"keyUp","value":"î€‡"}]}]}
COMMAND: GET /session/5d4f89c809828bc74d2aa9c512c29ea4/screenshot - {}
RESULT: {}
RESULT: {}
COMMAND: POST /session/5d4f89c809828bc74d2aa9c512c29ea4/execute/async - {"script":"<script> [1562 bytes]","args":[{"selector":{"id":"application-manageconditionprice-display-component---newCondition--condBillCond-arrow"},"wdio_ui5_key":"applicationmanageconditionprice-display-component---newCondition--condBillCond-arrow"}]}
RESULT: {"script":"<script> [1562 bytes]","args":[{"selector":{"id":"application-manageconditionprice-display-component---newCondition--condBillCond-arrow"},"wdio_ui5_key":"applicationmanageconditionprice-display-component---newCondition--condBillCond-arrow"}]}
RESULT: undefined
COMMAND: POST /session/5d4f89c809828bc74d2aa9c512c29ea4/element - {"using":"xpath","value":"//*[@id=\"application-manageconditionprice-display-component---newCondition--condBillCond-arrow\"]"}
RESULT: {"using":"xpath","value":"//*[@id=\"application-manageconditionprice-display-component---newCondition--condBillCond-arrow\"]"}
COMMAND: POST /session/5d4f89c809828bc74d2aa9c512c29ea4/element/f.531E98D0DADB2C7D9F82DA313210FC25.d.E1178BFD928F4EEFADCE87FDB60F3D98.e.15271/click - {}
RESULT: {}
COMMAND: POST /session/5d4f89c809828bc74d2aa9c512c29ea4/element - {"using":"xpath","value":"//span[contains(text(), \"DISP - D&I special price\")]"}
COMMAND: GET /session/5d4f89c809828bc74d2aa9c512c29ea4/screenshot - {}
RESULT: {"using":"xpath","value":"//span[contains(text(), \"DISP - D&I special price\")]"}
COMMAND: POST /session/5d4f89c809828bc74d2aa9c512c29ea4/element/f.531E98D0DADB2C7D9F82DA313210FC25.d.E1178BFD928F4EEFADCE87FDB60F3D98.e.15273/click - {}
RESULT: {}
RESULT: {}
COMMAND: POST /session/5d4f89c809828bc74d2aa9c512c29ea4/execute/async - {"script":"<script> [1562 bytes]","args":[{"selector":{"id":"application-manageconditionprice-display-component---newCondition--condValidTo","interaction":{"idSuffix":"inner"}},"wdio_ui5_key":"applicationmanageconditionprice-display-component---newCondition--condValidTo"}]}
COMMAND: GET /session/5d4f89c809828bc74d2aa9c512c29ea4/screenshot - {}
RESULT: {"script":"<script> [1562 bytes]","args":[{"selector":{"id":"application-manageconditionprice-display-component---newCondition--condValidTo","interaction":{"idSuffix":"inner"}},"wdio_ui5_key":"applicationmanageconditionprice-display-component---newCondition--condValidTo"}]}
RESULT: undefined
COMMAND: POST /session/5d4f89c809828bc74d2aa9c512c29ea4/execute/async - {"script":"<script> [776 bytes]","args":[{"enterText":"5/11/33","selector":{"id":"application-manageconditionprice-display-component---newCondition--condValidTo","interaction":{"idSuffix":"inner"}},"clearTextFirst":true,"interactionType":"ENTER_TEXT"}]}
RESULT: {}
RESULT: {"script":"<script> [776 bytes]","args":[{"enterText":"5/11/33","selector":{"id":"application-manageconditionprice-display-component---newCondition--condValidTo","interaction":{"idSuffix":"inner"}},"clearTextFirst":true,"interactionType":"ENTER_TEXT"}]}
COMMAND: POST /session/5d4f89c809828bc74d2aa9c512c29ea4/element - {"using":"xpath","value":"//input[@id=\"application-manageconditionprice-display-component---newCondition--condRU-inner\"]"}
RESULT: {"using":"xpath","value":"//input[@id=\"application-manageconditionprice-display-component---newCondition--condRU-inner\"]"}
COMMAND: POST /session/5d4f89c809828bc74d2aa9c512c29ea4/element/f.531E98D0DADB2C7D9F82DA313210FC25.d.E1178BFD928F4EEFADCE87FDB60F3D98.e.15025/clear - {}
RESULT: {}
COMMAND: POST /session/5d4f89c809828bc74d2aa9c512c29ea4/element/f.531E98D0DADB2C7D9F82DA313210FC25.d.E1178BFD928F4EEFADCE87FDB60F3D98.e.15025/value - {"text":"WebdriverRUR2Cgs1wdi"}
COMMAND: GET /session/5d4f89c809828bc74d2aa9c512c29ea4/screenshot - {}
RESULT: {"text":"WebdriverRUR2Cgs1wdi"}
COMMAND: GET /session/5d4f89c809828bc74d2aa9c512c29ea4/screenshot - {}
RESULT: {}
RESULT: {}
COMMAND: POST /session/5d4f89c809828bc74d2aa9c512c29ea4/actions - {"actions":[{"id":"action73","type":"key","parameters":{},"actions":[{"type":"keyDown","value":"î€‡"},{"type":"pause","duration":10},{"type":"keyUp","value":"î€‡"}]}]}
RESULT: {"actions":[{"id":"action73","type":"key","parameters":{},"actions":[{"type":"keyDown","value":"î€‡"},{"type":"pause","duration":10},{"type":"keyUp","value":"î€‡"}]}]}
COMMAND: POST /session/5d4f89c809828bc74d2aa9c512c29ea4/execute/async - {"script":"<script> [1562 bytes]","args":[{"selector":{"id":"application-manageconditionprice-display-component---newCondition--condBaseQty","interaction":{"idSuffix":"inner"}},"wdio_ui5_key":"applicationmanageconditionprice-display-component---newCondition--condBaseQty"}]}
COMMAND: GET /session/5d4f89c809828bc74d2aa9c512c29ea4/screenshot - {}
RESULT: {"script":"<script> [1562 bytes]","args":[{"selector":{"id":"application-manageconditionprice-display-component---newCondition--condBaseQty","interaction":{"idSuffix":"inner"}},"wdio_ui5_key":"applicationmanageconditionprice-display-component---newCondition--condBaseQty"}]}
RESULT: undefined
COMMAND: POST /session/5d4f89c809828bc74d2aa9c512c29ea4/execute/async - {"script":"<script> [776 bytes]","args":[{"enterText":"1","selector":{"id":"application-manageconditionprice-display-component---newCondition--condBaseQty","interaction":{"idSuffix":"inner"}},"clearTextFirst":true,"interactionType":"ENTER_TEXT"}]}
RESULT: {}
RESULT: {"script":"<script> [776 bytes]","args":[{"enterText":"1","selector":{"id":"application-manageconditionprice-display-component---newCondition--condBaseQty","interaction":{"idSuffix":"inner"}},"clearTextFirst":true,"interactionType":"ENTER_TEXT"}]}
COMMAND: POST /session/5d4f89c809828bc74d2aa9c512c29ea4/execute/async - {"script":"<script> [1562 bytes]","args":[{"selector":{"id":"application-manageconditionprice-display-component---newCondition--condValue","interaction":{"idSuffix":"inner"}},"wdio_ui5_key":"applicationmanageconditionprice-display-component---newCondition--condValue"}]}
RESULT: {"script":"<script> [1562 bytes]","args":[{"selector":{"id":"application-manageconditionprice-display-component---newCondition--condValue","interaction":{"idSuffix":"inner"}},"wdio_ui5_key":"applicationmanageconditionprice-display-component---newCondition--condValue"}]}
RESULT: undefined
COMMAND: POST /session/5d4f89c809828bc74d2aa9c512c29ea4/execute/async - {"script":"<script> [776 bytes]","args":[{"enterText":"100","selector":{"id":"application-manageconditionprice-display-component---newCondition--condValue","interaction":{"idSuffix":"inner"}},"clearTextFirst":true,"interactionType":"ENTER_TEXT"}]}
RESULT: {"script":"<script> [776 bytes]","args":[{"enterText":"100","selector":{"id":"application-manageconditionprice-display-component---newCondition--condValue","interaction":{"idSuffix":"inner"}},"clearTextFirst":true,"interactionType":"ENTER_TEXT"}]}
COMMAND: POST /session/5d4f89c809828bc74d2aa9c512c29ea4/execute/async - {"script":"<script> [1562 bytes]","args":[{"selector":{"id":"application-manageconditionprice-display-component---newCondition--condCurr-arrow"},"wdio_ui5_key":"applicationmanageconditionprice-display-component---newCondition--condCurr-arrow"}]}
RESULT: {"script":"<script> [1562 bytes]","args":[{"selector":{"id":"application-manageconditionprice-display-component---newCondition--condCurr-arrow"},"wdio_ui5_key":"applicationmanageconditionprice-display-component---newCondition--condCurr-arrow"}]}
RESULT: undefined
COMMAND: POST /session/5d4f89c809828bc74d2aa9c512c29ea4/element - {"using":"xpath","value":"//*[@id=\"application-manageconditionprice-display-component---newCondition--condCurr-arrow\"]"}
RESULT: {"using":"xpath","value":"//*[@id=\"application-manageconditionprice-display-component---newCondition--condCurr-arrow\"]"}
COMMAND: POST /session/5d4f89c809828bc74d2aa9c512c29ea4/element/f.531E98D0DADB2C7D9F82DA313210FC25.d.E1178BFD928F4EEFADCE87FDB60F3D98.e.15249/click - {}
RESULT: {}
COMMAND: POST /session/5d4f89c809828bc74d2aa9c512c29ea4/element - {"using":"xpath","value":"//span[contains(text(), \"Euro\")]"}
COMMAND: GET /session/5d4f89c809828bc74d2aa9c512c29ea4/screenshot - {}
RESULT: {"using":"xpath","value":"//span[contains(text(), \"Euro\")]"}
COMMAND: POST /session/5d4f89c809828bc74d2aa9c512c29ea4/element/f.531E98D0DADB2C7D9F82DA313210FC25.d.E1178BFD928F4EEFADCE87FDB60F3D98.e.15309/click - {}
RESULT: {}
RESULT: {}
COMMAND: POST /session/5d4f89c809828bc74d2aa9c512c29ea4/element - {"using":"xpath","value":"//button[@data-kt=\"saveButton\"]"}
COMMAND: GET /session/5d4f89c809828bc74d2aa9c512c29ea4/screenshot - {}
RESULT: {"using":"xpath","value":"//button[@data-kt=\"saveButton\"]"}
COMMAND: POST /session/5d4f89c809828bc74d2aa9c512c29ea4/element/f.531E98D0DADB2C7D9F82DA313210FC25.d.E1178BFD928F4EEFADCE87FDB60F3D98.e.15250/click - {}
RESULT: {}
RESULT: {}
COMMAND: GET /session/5d4f89c809828bc74d2aa9c512c29ea4/screenshot - {}
RESULT: {}
COMMAND: POST /session/5d4f89c809828bc74d2aa9c512c29ea4/element - {"using":"css selector","value":"#shell-header-logo"}
RESULT: {"using":"css selector","value":"#shell-header-logo"}
COMMAND: POST /session/5d4f89c809828bc74d2aa9c512c29ea4/element/f.531E98D0DADB2C7D9F82DA313210FC25.d.E1178BFD928F4EEFADCE87FDB60F3D98.e.14898/click - {}
RESULT: {}
COMMAND: GET /session/5d4f89c809828bc74d2aa9c512c29ea4/screenshot - {}
RESULT: {}
]]></system-out>
    </testcase>
    <testcase classname="chrome.135_0_7049_96.windows.E2E_-_Logistical_and_commercial_statuses" name="Should create a new contract" time="92.411">
      <system-out><![CDATA[
COMMAND: POST /session/5d4f89c809828bc74d2aa9c512c29ea4/execute/async - {"script":"<script> [1562 bytes]","args":[{"selector":{"controlType":"sap.m.GenericTile","viewName":"etm.portal.ui.managecontractstile.view.Master","i18NText":{"propertyName":"header","key":"manageContractsTileTitle"}},"wdio_ui5_key":"etmportal.ui.managecontractstile.view.Mastersap.m.GenericTile{\"propertyName\":\"header\",\"key\":\"manageContractsTileTitle\"}"}]}
RESULT: {"script":"<script> [1562 bytes]","args":[{"selector":{"controlType":"sap.m.GenericTile","viewName":"etm.portal.ui.managecontractstile.view.Master","i18NText":{"propertyName":"header","key":"manageContractsTileTitle"}},"wdio_ui5_key":"etmportal.ui.managecontractstile.view.Mastersap.m.GenericTile{\"propertyName\":\"header\",\"key\":\"manageContractsTileTitle\"}"}]}
RESULT: undefined
COMMAND: POST /session/5d4f89c809828bc74d2aa9c512c29ea4/element - {"using":"xpath","value":"//*[@id=\"__tile133\"]"}
RESULT: {"using":"xpath","value":"//*[@id=\"__tile133\"]"}
COMMAND: POST /session/5d4f89c809828bc74d2aa9c512c29ea4/element/f.531E98D0DADB2C7D9F82DA313210FC25.d.E1178BFD928F4EEFADCE87FDB60F3D98.e.15457/click - {}
RESULT: {}
COMMAND: GET /session/5d4f89c809828bc74d2aa9c512c29ea4/screenshot - {}
RESULT: {}
COMMAND: POST /session/5d4f89c809828bc74d2aa9c512c29ea4/element - {"using":"xpath","value":"//button[@data-kt=\"addButton\"]"}
RESULT: {"using":"xpath","value":"//button[@data-kt=\"addButton\"]"}
COMMAND: POST /session/5d4f89c809828bc74d2aa9c512c29ea4/element/f.531E98D0DADB2C7D9F82DA313210FC25.d.E1178BFD928F4EEFADCE87FDB60F3D98.e.15531/click - {}
RESULT: {}
COMMAND: GET /session/5d4f89c809828bc74d2aa9c512c29ea4/screenshot - {}
COMMAND: POST /session/5d4f89c809828bc74d2aa9c512c29ea4/execute/async - {"script":"<script> [1562 bytes]","args":[{"selector":{"id":"application-managecontracts-display-component---AddNewContract--projectDescription","interaction":{"idSuffix":"inner"}},"wdio_ui5_key":"applicationmanagecontracts-display-component---AddNewContract--projectDescription"}]}
RESULT: {}
RESULT: {"script":"<script> [1562 bytes]","args":[{"selector":{"id":"application-managecontracts-display-component---AddNewContract--projectDescription","interaction":{"idSuffix":"inner"}},"wdio_ui5_key":"applicationmanagecontracts-display-component---AddNewContract--projectDescription"}]}
RESULT: undefined
COMMAND: POST /session/5d4f89c809828bc74d2aa9c512c29ea4/execute/async - {"script":"<script> [776 bytes]","args":[{"enterText":"WdIOR2ccn6qn","selector":{"id":"application-managecontracts-display-component---AddNewContract--projectDescription","interaction":{"idSuffix":"inner"}},"clearTextFirst":true,"interactionType":"ENTER_TEXT"}]}
RESULT: {"script":"<script> [776 bytes]","args":[{"enterText":"WdIOR2ccn6qn","selector":{"id":"application-managecontracts-display-component---AddNewContract--projectDescription","interaction":{"idSuffix":"inner"}},"clearTextFirst":true,"interactionType":"ENTER_TEXT"}]}
COMMAND: POST /session/5d4f89c809828bc74d2aa9c512c29ea4/element - {"using":"xpath","value":"//input[@id=\"application-managecontracts-display-component---AddNewContract--yardId-inner\"]"}
RESULT: {"using":"xpath","value":"//input[@id=\"application-managecontracts-display-component---AddNewContract--yardId-inner\"]"}
COMMAND: POST /session/5d4f89c809828bc74d2aa9c512c29ea4/element/f.531E98D0DADB2C7D9F82DA313210FC25.d.E1178BFD928F4EEFADCE87FDB60F3D98.e.15784/clear - {}
RESULT: {}
COMMAND: POST /session/5d4f89c809828bc74d2aa9c512c29ea4/element/f.531E98D0DADB2C7D9F82DA313210FC25.d.E1178BFD928F4EEFADCE87FDB60F3D98.e.15784/value - {"text":"WebdriverYardh42t4"}
COMMAND: GET /session/5d4f89c809828bc74d2aa9c512c29ea4/screenshot - {}
RESULT: {"text":"WebdriverYardh42t4"}
COMMAND: GET /session/5d4f89c809828bc74d2aa9c512c29ea4/screenshot - {}
RESULT: {}
RESULT: {}
COMMAND: POST /session/5d4f89c809828bc74d2aa9c512c29ea4/actions - {"actions":[{"id":"action74","type":"key","parameters":{},"actions":[{"type":"keyDown","value":"î€‡"},{"type":"pause","duration":10},{"type":"keyUp","value":"î€‡"}]}]}
RESULT: {"actions":[{"id":"action74","type":"key","parameters":{},"actions":[{"type":"keyDown","value":"î€‡"},{"type":"pause","duration":10},{"type":"keyUp","value":"î€‡"}]}]}
COMMAND: GET /session/5d4f89c809828bc74d2aa9c512c29ea4/screenshot - {}
RESULT: {}
COMMAND: POST /session/5d4f89c809828bc74d2aa9c512c29ea4/element - {"using":"xpath","value":"//input[@id=\"application-managecontracts-display-component---AddNewContract--customerSelect-inner\"]"}
RESULT: {"using":"xpath","value":"//input[@id=\"application-managecontracts-display-component---AddNewContract--customerSelect-inner\"]"}
COMMAND: POST /session/5d4f89c809828bc74d2aa9c512c29ea4/element/f.531E98D0DADB2C7D9F82DA313210FC25.d.E1178BFD928F4EEFADCE87FDB60F3D98.e.15782/clear - {}
RESULT: {}
COMMAND: POST /session/5d4f89c809828bc74d2aa9c512c29ea4/element/f.531E98D0DADB2C7D9F82DA313210FC25.d.E1178BFD928F4EEFADCE87FDB60F3D98.e.15782/value - {"text":"WebdriverPartneroff5dl"}
COMMAND: GET /session/5d4f89c809828bc74d2aa9c512c29ea4/screenshot - {}
RESULT: {"text":"WebdriverPartneroff5dl"}
COMMAND: GET /session/5d4f89c809828bc74d2aa9c512c29ea4/screenshot - {}
RESULT: {}
RESULT: {}
COMMAND: POST /session/5d4f89c809828bc74d2aa9c512c29ea4/actions - {"actions":[{"id":"action75","type":"key","parameters":{},"actions":[{"type":"keyDown","value":"î€‡"},{"type":"pause","duration":10},{"type":"keyUp","value":"î€‡"}]}]}
RESULT: {"actions":[{"id":"action75","type":"key","parameters":{},"actions":[{"type":"keyDown","value":"î€‡"},{"type":"pause","duration":10},{"type":"keyUp","value":"î€‡"}]}]}
COMMAND: GET /session/5d4f89c809828bc74d2aa9c512c29ea4/screenshot - {}
RESULT: {}
COMMAND: POST /session/5d4f89c809828bc74d2aa9c512c29ea4/element - {"using":"xpath","value":"//input[@id=\"application-managecontracts-display-component---AddNewContract--site-inner\"]"}
RESULT: {"using":"xpath","value":"//input[@id=\"application-managecontracts-display-component---AddNewContract--site-inner\"]"}
COMMAND: POST /session/5d4f89c809828bc74d2aa9c512c29ea4/element/f.531E98D0DADB2C7D9F82DA313210FC25.d.E1178BFD928F4EEFADCE87FDB60F3D98.e.15783/clear - {}
RESULT: {}
COMMAND: POST /session/5d4f89c809828bc74d2aa9c512c29ea4/element/f.531E98D0DADB2C7D9F82DA313210FC25.d.E1178BFD928F4EEFADCE87FDB60F3D98.e.15783/value - {"text":"WebdriverSite2eal"}
COMMAND: GET /session/5d4f89c809828bc74d2aa9c512c29ea4/screenshot - {}
RESULT: {"text":"WebdriverSite2eal"}
COMMAND: GET /session/5d4f89c809828bc74d2aa9c512c29ea4/screenshot - {}
RESULT: {}
RESULT: {}
COMMAND: POST /session/5d4f89c809828bc74d2aa9c512c29ea4/actions - {"actions":[{"id":"action76","type":"key","parameters":{},"actions":[{"type":"keyDown","value":"î€‡"},{"type":"pause","duration":10},{"type":"keyUp","value":"î€‡"}]}]}
RESULT: {"actions":[{"id":"action76","type":"key","parameters":{},"actions":[{"type":"keyDown","value":"î€‡"},{"type":"pause","duration":10},{"type":"keyUp","value":"î€‡"}]}]}
COMMAND: POST /session/5d4f89c809828bc74d2aa9c512c29ea4/element - {"using":"xpath","value":"//button[@data-kt=\"saveButton\"]"}
COMMAND: GET /session/5d4f89c809828bc74d2aa9c512c29ea4/screenshot - {}
RESULT: {"using":"xpath","value":"//button[@data-kt=\"saveButton\"]"}
COMMAND: POST /session/5d4f89c809828bc74d2aa9c512c29ea4/element/f.531E98D0DADB2C7D9F82DA313210FC25.d.E1178BFD928F4EEFADCE87FDB60F3D98.e.15798/click - {}
RESULT: {}
RESULT: {}
COMMAND: GET /session/5d4f89c809828bc74d2aa9c512c29ea4/screenshot - {}
RESULT: {}
COMMAND: POST /session/5d4f89c809828bc74d2aa9c512c29ea4/execute/async - {"script":"<script> [1562 bytes]","args":[{"selector":{"id":"contractDetailTitleNoExpanded","viewName":"etm.portal.ui.managecontracts.view.Detail"},"wdio_ui5_key":"contractDetailTitleNoExpandedetmportal.ui.managecontracts.view.Detail"}]}
RESULT: {"script":"<script> [1562 bytes]","args":[{"selector":{"id":"contractDetailTitleNoExpanded","viewName":"etm.portal.ui.managecontracts.view.Detail"},"wdio_ui5_key":"contractDetailTitleNoExpandedetmportal.ui.managecontracts.view.Detail"}]}
RESULT: undefined
COMMAND: POST /session/5d4f89c809828bc74d2aa9c512c29ea4/execute/async - {"script":"<script> [6424 bytes]","args":[{"element-6066-11e4-a52e-4f735466cecf":"f.531E98D0DADB2C7D9F82DA313210FC25.d.E1178BFD928F4EEFADCE87FDB60F3D98.e.15820"},"getText",[]]}
RESULT: {"script":"<script> [6424 bytes]","args":[{"element-6066-11e4-a52e-4f735466cecf":"f.531E98D0DADB2C7D9F82DA313210FC25.d.E1178BFD928F4EEFADCE87FDB60F3D98.e.15820"},"getText",[]]}
]]></system-out>
    </testcase>
    <testcase classname="chrome.135_0_7049_96.windows.E2E_-_Logistical_and_commercial_statuses" name="Should add materialID to the contract" time="46.297">
      <system-out><![CDATA[
COMMAND: POST /session/5d4f89c809828bc74d2aa9c512c29ea4/element - {"using":"xpath","value":"//button[@data-kt=\"contractDetailEditBtnButton\"]"}
RESULT: {"using":"xpath","value":"//button[@data-kt=\"contractDetailEditBtnButton\"]"}
COMMAND: POST /session/5d4f89c809828bc74d2aa9c512c29ea4/element/f.531E98D0DADB2C7D9F82DA313210FC25.d.E1178BFD928F4EEFADCE87FDB60F3D98.e.15821/click - {}
RESULT: {}
COMMAND: GET /session/5d4f89c809828bc74d2aa9c512c29ea4/screenshot - {}
RESULT: {}
COMMAND: POST /session/5d4f89c809828bc74d2aa9c512c29ea4/element - {"using":"xpath","value":"(//span[contains(text(), \"Additional Addresses\")])[2]"}
RESULT: {"using":"xpath","value":"(//span[contains(text(), \"Additional Addresses\")])[2]"}
COMMAND: POST /session/5d4f89c809828bc74d2aa9c512c29ea4/element/f.531E98D0DADB2C7D9F82DA313210FC25.d.E1178BFD928F4EEFADCE87FDB60F3D98.e.15880/click - {}
RESULT: {}
COMMAND: GET /session/5d4f89c809828bc74d2aa9c512c29ea4/screenshot - {}
RESULT: {}
COMMAND: POST /session/5d4f89c809828bc74d2aa9c512c29ea4/element - {"using":"xpath","value":"//button[@data-kt=\"btnAddTableRowOverflowToolbarButton\"]"}
RESULT: {"using":"xpath","value":"//button[@data-kt=\"btnAddTableRowOverflowToolbarButton\"]"}
COMMAND: POST /session/5d4f89c809828bc74d2aa9c512c29ea4/element/f.531E98D0DADB2C7D9F82DA313210FC25.d.E1178BFD928F4EEFADCE87FDB60F3D98.e.15882/click - {}
RESULT: {}
COMMAND: GET /session/5d4f89c809828bc74d2aa9c512c29ea4/screenshot - {}
RESULT: {}
COMMAND: POST /session/5d4f89c809828bc74d2aa9c512c29ea4/element - {"using":"xpath","value":"//div[(text() = 'Standard Entry' or . = 'Standard Entry')]"}
RESULT: {"using":"xpath","value":"//div[(text() = 'Standard Entry' or . = 'Standard Entry')]"}
COMMAND: POST /session/5d4f89c809828bc74d2aa9c512c29ea4/element/f.531E98D0DADB2C7D9F82DA313210FC25.d.E1178BFD928F4EEFADCE87FDB60F3D98.e.15884/click - {}
RESULT: {}
COMMAND: POST /session/5d4f89c809828bc74d2aa9c512c29ea4/element - {"using":"xpath","value":"//td[6]/div/div/input[1]"}
COMMAND: GET /session/5d4f89c809828bc74d2aa9c512c29ea4/screenshot - {}
RESULT: {"using":"xpath","value":"//td[6]/div/div/input[1]"}
COMMAND: POST /session/5d4f89c809828bc74d2aa9c512c29ea4/element/f.531E98D0DADB2C7D9F82DA313210FC25.d.E1178BFD928F4EEFADCE87FDB60F3D98.e.15886/click - {}
RESULT: {}
RESULT: {}
COMMAND: POST /session/5d4f89c809828bc74d2aa9c512c29ea4/actions - {"actions":[{"id":"action77","type":"key","parameters":{},"actions":[{"type":"keyDown","value":"î€ƒ"},{"type":"pause","duration":10},{"type":"keyUp","value":"î€ƒ"}]}]}
COMMAND: GET /session/5d4f89c809828bc74d2aa9c512c29ea4/screenshot - {}
RESULT: {"actions":[{"id":"action77","type":"key","parameters":{},"actions":[{"type":"keyDown","value":"î€ƒ"},{"type":"pause","duration":10},{"type":"keyUp","value":"î€ƒ"}]}]}
COMMAND: POST /session/5d4f89c809828bc74d2aa9c512c29ea4/element - {"using":"xpath","value":"//td[6]/div/div/input[1]"}
COMMAND: GET /session/5d4f89c809828bc74d2aa9c512c29ea4/screenshot - {}
RESULT: {}
RESULT: {"using":"xpath","value":"//td[6]/div/div/input[1]"}
COMMAND: POST /session/5d4f89c809828bc74d2aa9c512c29ea4/element/f.531E98D0DADB2C7D9F82DA313210FC25.d.E1178BFD928F4EEFADCE87FDB60F3D98.e.15886/clear - {}
RESULT: {}
RESULT: {}
COMMAND: POST /session/5d4f89c809828bc74d2aa9c512c29ea4/element/f.531E98D0DADB2C7D9F82DA313210FC25.d.E1178BFD928F4EEFADCE87FDB60F3D98.e.15886/value - {"text":"Material"}
COMMAND: GET /session/5d4f89c809828bc74d2aa9c512c29ea4/screenshot - {}
RESULT: {"text":"Material"}
COMMAND: GET /session/5d4f89c809828bc74d2aa9c512c29ea4/screenshot - {}
RESULT: {}
RESULT: {}
COMMAND: POST /session/5d4f89c809828bc74d2aa9c512c29ea4/actions - {"actions":[{"id":"action78","type":"key","parameters":{},"actions":[{"type":"keyDown","value":"î€‡"},{"type":"pause","duration":10},{"type":"keyUp","value":"î€‡"}]}]}
RESULT: {"actions":[{"id":"action78","type":"key","parameters":{},"actions":[{"type":"keyDown","value":"î€‡"},{"type":"pause","duration":10},{"type":"keyUp","value":"î€‡"}]}]}
COMMAND: GET /session/5d4f89c809828bc74d2aa9c512c29ea4/screenshot - {}
COMMAND: POST /session/5d4f89c809828bc74d2aa9c512c29ea4/actions - {"actions":[{"id":"action79","type":"key","parameters":{},"actions":[{"type":"keyDown","value":"î€‡"},{"type":"pause","duration":10},{"type":"keyUp","value":"î€‡"}]}]}
RESULT: {}
RESULT: {"actions":[{"id":"action79","type":"key","parameters":{},"actions":[{"type":"keyDown","value":"î€‡"},{"type":"pause","duration":10},{"type":"keyUp","value":"î€‡"}]}]}
COMMAND: POST /session/5d4f89c809828bc74d2aa9c512c29ea4/element - {"using":"xpath","value":"//td[7]/div/div/input"}
COMMAND: GET /session/5d4f89c809828bc74d2aa9c512c29ea4/screenshot - {}
RESULT: {"using":"xpath","value":"//td[7]/div/div/input"}
COMMAND: POST /session/5d4f89c809828bc74d2aa9c512c29ea4/element/f.531E98D0DADB2C7D9F82DA313210FC25.d.E1178BFD928F4EEFADCE87FDB60F3D98.e.15899/clear - {}
RESULT: {}
RESULT: {}
COMMAND: POST /session/5d4f89c809828bc74d2aa9c512c29ea4/element/f.531E98D0DADB2C7D9F82DA313210FC25.d.E1178BFD928F4EEFADCE87FDB60F3D98.e.15899/value - {"text":"WebdriverRUR2Cgs1wdi"}
COMMAND: GET /session/5d4f89c809828bc74d2aa9c512c29ea4/screenshot - {}
RESULT: {"text":"WebdriverRUR2Cgs1wdi"}
COMMAND: GET /session/5d4f89c809828bc74d2aa9c512c29ea4/screenshot - {}
RESULT: {}
RESULT: {}
COMMAND: POST /session/5d4f89c809828bc74d2aa9c512c29ea4/actions - {"actions":[{"id":"action80","type":"key","parameters":{},"actions":[{"type":"keyDown","value":"î€‡"},{"type":"pause","duration":10},{"type":"keyUp","value":"î€‡"}]}]}
RESULT: {"actions":[{"id":"action80","type":"key","parameters":{},"actions":[{"type":"keyDown","value":"î€‡"},{"type":"pause","duration":10},{"type":"keyUp","value":"î€‡"}]}]}
COMMAND: GET /session/5d4f89c809828bc74d2aa9c512c29ea4/screenshot - {}
COMMAND: POST /session/5d4f89c809828bc74d2aa9c512c29ea4/actions - {"actions":[{"id":"action81","type":"key","parameters":{},"actions":[{"type":"keyDown","value":"î€‡"},{"type":"pause","duration":10},{"type":"keyUp","value":"î€‡"}]}]}
RESULT: {}
RESULT: {"actions":[{"id":"action81","type":"key","parameters":{},"actions":[{"type":"keyDown","value":"î€‡"},{"type":"pause","duration":10},{"type":"keyUp","value":"î€‡"}]}]}
COMMAND: GET /session/5d4f89c809828bc74d2aa9c512c29ea4/screenshot - {}
RESULT: {}
COMMAND: POST /session/5d4f89c809828bc74d2aa9c512c29ea4/element - {"using":"xpath","value":"(//button[@data-kt=\"saveButton\"])[2]"}
RESULT: {"using":"xpath","value":"(//button[@data-kt=\"saveButton\"])[2]"}
COMMAND: POST /session/5d4f89c809828bc74d2aa9c512c29ea4/element/f.531E98D0DADB2C7D9F82DA313210FC25.d.E1178BFD928F4EEFADCE87FDB60F3D98.e.15922/click - {}
RESULT: {}
COMMAND: GET /session/5d4f89c809828bc74d2aa9c512c29ea4/screenshot - {}
RESULT: {}
]]></system-out>
    </testcase>
    <testcase classname="chrome.135_0_7049_96.windows.E2E_-_Logistical_and_commercial_statuses" name="It should follow the handover steps to the status fully provided" time="425.473">
      <system-out><![CDATA[
COMMAND: POST /session/5d4f89c809828bc74d2aa9c512c29ea4/execute/async - {"script":"<script> [1562 bytes]","args":[{"selector":{"id":"contractDetailProvideButton","viewName":"etm.portal.ui.managecontracts.view.Detail","interaction":{"idSuffix":"BDI-content"}},"wdio_ui5_key":"contractDetailProvideButtonetmportal.ui.managecontracts.view.Detail"}]}
RESULT: {"script":"<script> [1562 bytes]","args":[{"selector":{"id":"contractDetailProvideButton","viewName":"etm.portal.ui.managecontracts.view.Detail","interaction":{"idSuffix":"BDI-content"}},"wdio_ui5_key":"contractDetailProvideButtonetmportal.ui.managecontracts.view.Detail"}]}
RESULT: undefined
COMMAND: POST /session/5d4f89c809828bc74d2aa9c512c29ea4/element - {"using":"xpath","value":"//*[@id=\"__xmlview61--contractDetailProvideButton\"]"}
RESULT: {"using":"xpath","value":"//*[@id=\"__xmlview61--contractDetailProvideButton\"]"}
COMMAND: POST /session/5d4f89c809828bc74d2aa9c512c29ea4/element/f.531E98D0DADB2C7D9F82DA313210FC25.d.E1178BFD928F4EEFADCE87FDB60F3D98.e.15928/click - {}
RESULT: {}
COMMAND: GET /session/5d4f89c809828bc74d2aa9c512c29ea4/screenshot - {}
COMMAND: POST /session/5d4f89c809828bc74d2aa9c512c29ea4/execute/async - {"script":"<script> [1562 bytes]","args":[{"selector":{"id":"application-managehandovers-display-component---AddNewHO--oneStep","interaction":{"idSuffix":"CbBg"}},"wdio_ui5_key":"applicationmanagehandovers-display-component---AddNewHO--oneStep"}]}
RESULT: {}
RESULT: {"script":"<script> [1562 bytes]","args":[{"selector":{"id":"application-managehandovers-display-component---AddNewHO--oneStep","interaction":{"idSuffix":"CbBg"}},"wdio_ui5_key":"applicationmanagehandovers-display-component---AddNewHO--oneStep"}]}
RESULT: undefined
COMMAND: POST /session/5d4f89c809828bc74d2aa9c512c29ea4/element - {"using":"xpath","value":"//*[@id=\"application-managehandovers-display-component---AddNewHO--oneStep\"]"}
RESULT: {"using":"xpath","value":"//*[@id=\"application-managehandovers-display-component---AddNewHO--oneStep\"]"}
COMMAND: POST /session/5d4f89c809828bc74d2aa9c512c29ea4/element/f.531E98D0DADB2C7D9F82DA313210FC25.d.E1178BFD928F4EEFADCE87FDB60F3D98.e.16091/click - {}
RESULT: {}
RESULT: undefined
COMMAND: POST /session/5d4f89c809828bc74d2aa9c512c29ea4/execute/async - {"script":"<script> [776 bytes]","args":[{"enterText":"05/05/25","selector":{"id":"application-managehandovers-display-component---AddNewHO--dueDate","interaction":{"idSuffix":"inner"}},"clearTextFirst":true,"interactionType":"ENTER_TEXT"}]}
COMMAND: GET /session/5d4f89c809828bc74d2aa9c512c29ea4/screenshot - {}
RESULT: {"script":"<script> [776 bytes]","args":[{"enterText":"05/05/25","selector":{"id":"application-managehandovers-display-component---AddNewHO--dueDate","interaction":{"idSuffix":"inner"}},"clearTextFirst":true,"interactionType":"ENTER_TEXT"}]}
RESULT: undefined
COMMAND: POST /session/5d4f89c809828bc74d2aa9c512c29ea4/element - {"using":"xpath","value":"//*[@id=\"application-managehandovers-display-component---AddNewHO--ObjectPageLayout-anchBar-application-managehandovers-display-component---AddNewHO--section4-anchor\"]"}
RESULT: {}
RESULT: {"using":"xpath","value":"//*[@id=\"application-managehandovers-display-component---AddNewHO--ObjectPageLayout-anchBar-application-managehandovers-display-component---AddNewHO--section4-anchor\"]"}
COMMAND: POST /session/5d4f89c809828bc74d2aa9c512c29ea4/element/f.531E98D0DADB2C7D9F82DA313210FC25.d.E1178BFD928F4EEFADCE87FDB60F3D98.e.16094/click - {}
RESULT: {}
COMMAND: POST /session/5d4f89c809828bc74d2aa9c512c29ea4/execute/async - {"script":"<script> [1562 bytes]","args":[{"selector":{"controlType":"sap.ui.core.Icon","viewName":"etm.portal.ui.managehandovers.view.AddNewHO","viewId":"application-managehandovers-display-component---AddNewHO","properties":{"src":{"regex":{"source":"add"}}}},"wdio_ui5_key":"etmportal.ui.managehandovers.view.AddNewHOsap.ui.core.Icon{\"src\":{\"regex\":{\"source\":\"add\"}}}"}]}
COMMAND: GET /session/5d4f89c809828bc74d2aa9c512c29ea4/screenshot - {}
RESULT: {"script":"<script> [1562 bytes]","args":[{"selector":{"controlType":"sap.ui.core.Icon","viewName":"etm.portal.ui.managehandovers.view.AddNewHO","viewId":"application-managehandovers-display-component---AddNewHO","properties":{"src":{"regex":{"source":"add"}}}},"wdio_ui5_key":"etmportal.ui.managehandovers.view.AddNewHOsap.ui.core.Icon{\"src\":{\"regex\":{\"source\":\"add\"}}}"}]}
RESULT: undefined
COMMAND: POST /session/5d4f89c809828bc74d2aa9c512c29ea4/element - {"using":"xpath","value":"//*[@id=\"__button172-img\"]"}
RESULT: {}
RESULT: {"using":"xpath","value":"//*[@id=\"__button172-img\"]"}
COMMAND: POST /session/5d4f89c809828bc74d2aa9c512c29ea4/element/f.531E98D0DADB2C7D9F82DA313210FC25.d.E1178BFD928F4EEFADCE87FDB60F3D98.e.16098/click - {}
RESULT: {}
COMMAND: GET /session/5d4f89c809828bc74d2aa9c512c29ea4/screenshot - {}
RESULT: {}
RESULT: undefined
COMMAND: POST /session/5d4f89c809828bc74d2aa9c512c29ea4/element - {"using":"xpath","value":"//*[@id=\"application-managehandovers-display-component---AddNewHO--popup-sa\"]"}
RESULT: {"using":"xpath","value":"//*[@id=\"application-managehandovers-display-component---AddNewHO--popup-sa\"]"}
COMMAND: POST /session/5d4f89c809828bc74d2aa9c512c29ea4/element/f.531E98D0DADB2C7D9F82DA313210FC25.d.E1178BFD928F4EEFADCE87FDB60F3D98.e.16109/click - {}
RESULT: {}
COMMAND: POST /session/5d4f89c809828bc74d2aa9c512c29ea4/execute/async - {"script":"<script> [1562 bytes]","args":[{"selector":{"controlType":"sap.m.Button","viewName":"etm.portal.ui.managehandovers.view.AddNewHO","viewId":"application-managehandovers-display-component---AddNewHO","i18NText":{"propertyName":"text","key":"select"},"searchOpenDialogs":true,"interaction":{"idSuffix":"inner"}},"wdio_ui5_key":"etmportal.ui.managehandovers.view.AddNewHOsap.m.Button{\"propertyName\":\"text\",\"key\":\"select\"}"}]}
COMMAND: GET /session/5d4f89c809828bc74d2aa9c512c29ea4/screenshot - {}
RESULT: {"script":"<script> [1562 bytes]","args":[{"selector":{"controlType":"sap.m.Button","viewName":"etm.portal.ui.managehandovers.view.AddNewHO","viewId":"application-managehandovers-display-component---AddNewHO","i18NText":{"propertyName":"text","key":"select"},"searchOpenDialogs":true,"interaction":{"idSuffix":"inner"}},"wdio_ui5_key":"etmportal.ui.managehandovers.view.AddNewHOsap.m.Button{\"propertyName\":\"text\",\"key\":\"select\"}"}]}
RESULT: undefined
COMMAND: POST /session/5d4f89c809828bc74d2aa9c512c29ea4/element - {"using":"xpath","value":"//*[@id=\"__button176\"]"}
RESULT: {}
RESULT: {"using":"xpath","value":"//*[@id=\"__button176\"]"}
COMMAND: POST /session/5d4f89c809828bc74d2aa9c512c29ea4/element/f.531E98D0DADB2C7D9F82DA313210FC25.d.E1178BFD928F4EEFADCE87FDB60F3D98.e.16112/click - {}
RESULT: {}
COMMAND: POST /session/5d4f89c809828bc74d2aa9c512c29ea4/execute/async - {"script":"<script> [1562 bytes]","args":[{"selector":{"id":"application-managehandovers-display-component---AddNewHO--confirmCreationButton","interaction":{"idSuffix":"BDI-content"}},"wdio_ui5_key":"applicationmanagehandovers-display-component---AddNewHO--confirmCreationButton"}]}
COMMAND: GET /session/5d4f89c809828bc74d2aa9c512c29ea4/screenshot - {}
RESULT: {"script":"<script> [1562 bytes]","args":[{"selector":{"id":"application-managehandovers-display-component---AddNewHO--confirmCreationButton","interaction":{"idSuffix":"BDI-content"}},"wdio_ui5_key":"applicationmanagehandovers-display-component---AddNewHO--confirmCreationButton"}]}
RESULT: undefined
COMMAND: POST /session/5d4f89c809828bc74d2aa9c512c29ea4/element - {"using":"xpath","value":"//*[@id=\"application-managehandovers-display-component---AddNewHO--confirmCreationButton\"]"}
RESULT: {}
RESULT: {"using":"xpath","value":"//*[@id=\"application-managehandovers-display-component---AddNewHO--confirmCreationButton\"]"}
COMMAND: POST /session/5d4f89c809828bc74d2aa9c512c29ea4/element/f.531E98D0DADB2C7D9F82DA313210FC25.d.E1178BFD928F4EEFADCE87FDB60F3D98.e.16051/click - {}
RESULT: {}
COMMAND: GET /session/5d4f89c809828bc74d2aa9c512c29ea4/screenshot - {}
RESULT: {}
COMMAND: POST /session/5d4f89c809828bc74d2aa9c512c29ea4/element - {"using":"xpath","value":"//a[contains(@data-kt ,\"GeneralSectionReceiveContracttLink\")]"}
RESULT: {"using":"xpath","value":"//a[contains(@data-kt ,\"GeneralSectionReceiveContracttLink\")]"}
COMMAND: POST /session/5d4f89c809828bc74d2aa9c512c29ea4/element/f.531E98D0DADB2C7D9F82DA313210FC25.d.E1178BFD928F4EEFADCE87FDB60F3D98.e.16147/click - {}
RESULT: {}
COMMAND: GET /session/5d4f89c809828bc74d2aa9c512c29ea4/screenshot - {}
RESULT: {}
COMMAND: POST /session/5d4f89c809828bc74d2aa9c512c29ea4/element - {"using":"xpath","value":"//a[contains(@data-kt ,\"ContextMenuId2Link\")]"}
RESULT: {"using":"xpath","value":"//a[contains(@data-kt ,\"ContextMenuId2Link\")]"}
COMMAND: POST /session/5d4f89c809828bc74d2aa9c512c29ea4/element/f.531E98D0DADB2C7D9F82DA313210FC25.d.E1178BFD928F4EEFADCE87FDB60F3D98.e.16168/click - {}
RESULT: {}
COMMAND: GET /session/5d4f89c809828bc74d2aa9c512c29ea4/screenshot - {}
RESULT: {}
COMMAND: POST /session/5d4f89c809828bc74d2aa9c512c29ea4/execute/async - {"script":"<script> [1562 bytes]","args":[{"selector":{"controlType":"sap.m.ObjectStatus","viewName":"etm.portal.ui.managecontracts.view.Detail","bindingPath":{"propertyPath":"LINK_TO_LOGISTICAL_STATUS/DESCRIPTION","modelName":"catalogModel"}},"wdio_ui5_key":"etmportal.ui.managecontracts.view.Detailsap.m.ObjectStatus{\"propertyPath\":\"LINK_TO_LOGISTICAL_STATUS/DESCRIPTION\",\"modelName\":\"catalogModel\"}"}]}
RESULT: {"script":"<script> [1562 bytes]","args":[{"selector":{"controlType":"sap.m.ObjectStatus","viewName":"etm.portal.ui.managecontracts.view.Detail","bindingPath":{"propertyPath":"LINK_TO_LOGISTICAL_STATUS/DESCRIPTION","modelName":"catalogModel"}},"wdio_ui5_key":"etmportal.ui.managecontracts.view.Detailsap.m.ObjectStatus{\"propertyPath\":\"LINK_TO_LOGISTICAL_STATUS/DESCRIPTION\",\"modelName\":\"catalogModel\"}"}]}
RESULT: undefined
COMMAND: POST /session/5d4f89c809828bc74d2aa9c512c29ea4/execute/async - {"script":"<script> [6424 bytes]","args":[{"element-6066-11e4-a52e-4f735466cecf":"f.531E98D0DADB2C7D9F82DA313210FC25.d.E1178BFD928F4EEFADCE87FDB60F3D98.e.16388"},"getText",[]]}
RESULT: {"script":"<script> [6424 bytes]","args":[{"element-6066-11e4-a52e-4f735466cecf":"f.531E98D0DADB2C7D9F82DA313210FC25.d.E1178BFD928F4EEFADCE87FDB60F3D98.e.16388"},"getText",[]]}
COMMAND: POST /session/5d4f89c809828bc74d2aa9c512c29ea4/execute/async - {"script":"<script> [1562 bytes]","args":[{"selector":{"controlType":"sap.m.ObjectStatus","viewName":"etm.portal.ui.managecontracts.view.Detail","bindingPath":{"propertyPath":"LINK_TO_COMMERCIAL_STATUS/DESCRIPTION","modelName":"catalogModel"}},"wdio_ui5_key":"etmportal.ui.managecontracts.view.Detailsap.m.ObjectStatus{\"propertyPath\":\"LINK_TO_COMMERCIAL_STATUS/DESCRIPTION\",\"modelName\":\"catalogModel\"}"}]}
RESULT: {"script":"<script> [1562 bytes]","args":[{"selector":{"controlType":"sap.m.ObjectStatus","viewName":"etm.portal.ui.managecontracts.view.Detail","bindingPath":{"propertyPath":"LINK_TO_COMMERCIAL_STATUS/DESCRIPTION","modelName":"catalogModel"}},"wdio_ui5_key":"etmportal.ui.managecontracts.view.Detailsap.m.ObjectStatus{\"propertyPath\":\"LINK_TO_COMMERCIAL_STATUS/DESCRIPTION\",\"modelName\":\"catalogModel\"}"}]}
RESULT: undefined
COMMAND: POST /session/5d4f89c809828bc74d2aa9c512c29ea4/execute/async - {"script":"<script> [6424 bytes]","args":[{"element-6066-11e4-a52e-4f735466cecf":"f.531E98D0DADB2C7D9F82DA313210FC25.d.E1178BFD928F4EEFADCE87FDB60F3D98.e.16389"},"getText",[]]}
RESULT: {"script":"<script> [6424 bytes]","args":[{"element-6066-11e4-a52e-4f735466cecf":"f.531E98D0DADB2C7D9F82DA313210FC25.d.E1178BFD928F4EEFADCE87FDB60F3D98.e.16389"},"getText",[]]}
COMMAND: POST /session/5d4f89c809828bc74d2aa9c512c29ea4/execute/async - {"script":"<script> [1562 bytes]","args":[{"selector":{"id":"backBtn"},"wdio_ui5_key":"backBtn"}]}
RESULT: {"script":"<script> [1562 bytes]","args":[{"selector":{"id":"backBtn"},"wdio_ui5_key":"backBtn"}]}
RESULT: undefined
COMMAND: POST /session/5d4f89c809828bc74d2aa9c512c29ea4/element - {"using":"xpath","value":"//*[@id=\"backBtn\"]"}
RESULT: {"using":"xpath","value":"//*[@id=\"backBtn\"]"}
COMMAND: POST /session/5d4f89c809828bc74d2aa9c512c29ea4/element/f.531E98D0DADB2C7D9F82DA313210FC25.d.E1178BFD928F4EEFADCE87FDB60F3D98.e.16390/click - {}
RESULT: {}
COMMAND: GET /session/5d4f89c809828bc74d2aa9c512c29ea4/screenshot - {}
RESULT: {}
COMMAND: POST /session/5d4f89c809828bc74d2aa9c512c29ea4/execute/async - {"script":"<script> [1562 bytes]","args":[{"selector":{"controlType":"sap.m.Text","viewName":"etm.portal.ui.managehandovers.view.DetailExecuteHO","bindingPath":{"propertyPath":"NO","modelName":"catalogModel"}},"wdio_ui5_key":"etmportal.ui.managehandovers.view.DetailExecuteHOsap.m.Text{\"propertyPath\":\"NO\",\"modelName\":\"catalogModel\"}"}]}
RESULT: {"script":"<script> [1562 bytes]","args":[{"selector":{"controlType":"sap.m.Text","viewName":"etm.portal.ui.managehandovers.view.DetailExecuteHO","bindingPath":{"propertyPath":"NO","modelName":"catalogModel"}},"wdio_ui5_key":"etmportal.ui.managehandovers.view.DetailExecuteHOsap.m.Text{\"propertyPath\":\"NO\",\"modelName\":\"catalogModel\"}"}]}
RESULT: undefined
COMMAND: POST /session/5d4f89c809828bc74d2aa9c512c29ea4/execute/async - {"script":"<script> [6424 bytes]","args":[{"element-6066-11e4-a52e-4f735466cecf":"f.531E98D0DADB2C7D9F82DA313210FC25.d.E1178BFD928F4EEFADCE87FDB60F3D98.e.16527"},"getText",[]]}
RESULT: {"script":"<script> [6424 bytes]","args":[{"element-6066-11e4-a52e-4f735466cecf":"f.531E98D0DADB2C7D9F82DA313210FC25.d.E1178BFD928F4EEFADCE87FDB60F3D98.e.16527"},"getText",[]]}
COMMAND: POST /session/5d4f89c809828bc74d2aa9c512c29ea4/execute/async - {"script":"<script> [1562 bytes]","args":[{"selector":{"controlType":"sap.m.Button","viewName":"etm.portal.ui.managehandovers.view.DetailExecuteHO","i18NText":{"propertyName":"text","key":"confirmAll"},"interaction":{"idSuffix":"inner"}},"wdio_ui5_key":"etmportal.ui.managehandovers.view.DetailExecuteHOsap.m.Button{\"propertyName\":\"text\",\"key\":\"confirmAll\"}"}]}
RESULT: {"script":"<script> [1562 bytes]","args":[{"selector":{"controlType":"sap.m.Button","viewName":"etm.portal.ui.managehandovers.view.DetailExecuteHO","i18NText":{"propertyName":"text","key":"confirmAll"},"interaction":{"idSuffix":"inner"}},"wdio_ui5_key":"etmportal.ui.managehandovers.view.DetailExecuteHOsap.m.Button{\"propertyName\":\"text\",\"key\":\"confirmAll\"}"}]}
RESULT: undefined
COMMAND: POST /session/5d4f89c809828bc74d2aa9c512c29ea4/element - {"using":"xpath","value":"//*[@id=\"__button259\"]"}
RESULT: {"using":"xpath","value":"//*[@id=\"__button259\"]"}
COMMAND: POST /session/5d4f89c809828bc74d2aa9c512c29ea4/element/f.531E98D0DADB2C7D9F82DA313210FC25.d.E1178BFD928F4EEFADCE87FDB60F3D98.e.16529/click - {}
RESULT: {}
COMMAND: GET /session/5d4f89c809828bc74d2aa9c512c29ea4/screenshot - {}
RESULT: {}
COMMAND: POST /session/5d4f89c809828bc74d2aa9c512c29ea4/execute/async - {"script":"<script> [1562 bytes]","args":[{"selector":{"controlType":"sap.m.Button","properties":{"text":"OK"},"searchOpenDialogs":true,"interaction":{"idSuffix":"content"}},"wdio_ui5_key":"sapm.Button{\"text\":\"OK\"}"}]}
RESULT: {"script":"<script> [1562 bytes]","args":[{"selector":{"controlType":"sap.m.Button","properties":{"text":"OK"},"searchOpenDialogs":true,"interaction":{"idSuffix":"content"}},"wdio_ui5_key":"sapm.Button{\"text\":\"OK\"}"}]}
RESULT: undefined
COMMAND: POST /session/5d4f89c809828bc74d2aa9c512c29ea4/element - {"using":"xpath","value":"//*[@id=\"__mbox-btn-2\"]"}
RESULT: {"using":"xpath","value":"//*[@id=\"__mbox-btn-2\"]"}
COMMAND: POST /session/5d4f89c809828bc74d2aa9c512c29ea4/element/f.531E98D0DADB2C7D9F82DA313210FC25.d.E1178BFD928F4EEFADCE87FDB60F3D98.e.16532/click - {}
RESULT: {}
COMMAND: GET /session/5d4f89c809828bc74d2aa9c512c29ea4/screenshot - {}
RESULT: {}
COMMAND: POST /session/5d4f89c809828bc74d2aa9c512c29ea4/element - {"using":"xpath","value":"//button[contains(@data-kt ,\"execHoPickFooterButton\")]"}
RESULT: {"using":"xpath","value":"//button[contains(@data-kt ,\"execHoPickFooterButton\")]"}
COMMAND: POST /session/5d4f89c809828bc74d2aa9c512c29ea4/element/f.531E98D0DADB2C7D9F82DA313210FC25.d.E1178BFD928F4EEFADCE87FDB60F3D98.e.16535/click - {}
RESULT: {}
COMMAND: GET /session/5d4f89c809828bc74d2aa9c512c29ea4/screenshot - {}
RESULT: {}
COMMAND: POST /session/5d4f89c809828bc74d2aa9c512c29ea4/refresh - {}
RESULT: {}
COMMAND: GET /session/5d4f89c809828bc74d2aa9c512c29ea4/screenshot - {}
RESULT: {}
COMMAND: POST /session/5d4f89c809828bc74d2aa9c512c29ea4/refresh - {}
RESULT: {}
COMMAND: GET /session/5d4f89c809828bc74d2aa9c512c29ea4/screenshot - {}
RESULT: {}
COMMAND: POST /session/5d4f89c809828bc74d2aa9c512c29ea4/window/fullscreen - {}
RESULT: {}
COMMAND: POST /session/5d4f89c809828bc74d2aa9c512c29ea4/execute/async - {"script":"<script> [189 bytes]","args":[]}
RESULT: {"script":"<script> [189 bytes]","args":[]}
COMMAND: POST /session/5d4f89c809828bc74d2aa9c512c29ea4/execute/async - {"script":"<script> [123 bytes]","args":[]}
RESULT: {"script":"<script> [123 bytes]","args":[]}
COMMAND: POST /session/5d4f89c809828bc74d2aa9c512c29ea4/timeouts - {"script":"<number>"}
RESULT: {"script":"<number>"}
COMMAND: GET /session/5d4f89c809828bc74d2aa9c512c29ea4/timeouts - {}
RESULT: {}
RESULT: undefined
COMMAND: POST /session/5d4f89c809828bc74d2aa9c512c29ea4/execute/async - {"script":"<script> [2676 bytes]","args":[]}
RESULT: {"script":"<script> [2676 bytes]","args":[]}
COMMAND: POST /session/5d4f89c809828bc74d2aa9c512c29ea4/execute/async - {"script":"<script> [2342 bytes]","args":[{"protocol":"http","hostname":"0.0.0.0","path":"/","capabilities":{"browserName":"chrome","goog:chromeOptions":{"binary":"C:\\Program Files\\Google\\Chrome\\Application\\chrome.exe","args":["--start-maximized"]}},"logLevel":"warn","connectionRetryTimeout":120000,"connectionRetryCount":3,"logLevels":{},"enableDirectConnect":true,"strictSSL":true,"_":"65 more keys: [\"cacheDir\",\"port\",\"requestedCapabilities\",\"automationProtocol\",\"baseUrl\",\"waitforInterval\",\"waitforTimeout\",\"onReload\",\"beforeCommand\",\"afterCommand\",\"rootDir\",\"specs\",\"suites\",\"exclude\",\"groupLogsByTestSpec\",\"excludeDriverLogs\",\"bail\",\"framework\",\"reporters\",\"services\",\"maxInstances\",\"maxInstancesPerCapability\",\"injectGlobals\",\"filesToWatch\",\"execArgv\",\"runnerEnv\",\"runner\",\"shard\",\"specFileRetries\",\"specFileRetriesDelay\",\"specFileRetriesDeferred\",\"reporterSyncInterval\",\"reporterSyncTimeout\",\"cucumberFeaturesWithLineNumbers\",\"autoCompileOpts\",\"mochaOpts\",\"jasmineOpts\",\"cucumberOpts\",\"onPrepare\",\"onWorkerStart\",\"onWorkerEnd\",\"before\",\"beforeSession\",\"beforeSuite\",\"beforeHook\",\"beforeTest\",\"afterTest\",\"afterHook\",\"afterSuite\",\"afterSession\",\"after\",\"onComplete\",\"beforeAssertion\",\"afterAssertion\",\"beforeFeature\",\"beforeScenario\",\"beforeStep\",\"afterStep\",\"afterScenario\",\"afterFeature\",\"_\",\"suite\",\"$0\",\"ignoredWorkerServices\",\"wdi5\"]"}]}
RESULT: {"script":"<script> [2342 bytes]","args":[{"protocol":"http","hostname":"0.0.0.0","path":"/","capabilities":{"browserName":"chrome","goog:chromeOptions":{"binary":"C:\\Program Files\\Google\\Chrome\\Application\\chrome.exe","args":["--start-maximized"]}},"logLevel":"warn","connectionRetryTimeout":120000,"connectionRetryCount":3,"logLevels":{},"enableDirectConnect":true,"strictSSL":true,"_":"65 more keys: [\"cacheDir\",\"port\",\"requestedCapabilities\",\"automationProtocol\",\"baseUrl\",\"waitforInterval\",\"waitforTimeout\",\"onReload\",\"beforeCommand\",\"afterCommand\",\"rootDir\",\"specs\",\"suites\",\"exclude\",\"groupLogsByTestSpec\",\"excludeDriverLogs\",\"bail\",\"framework\",\"reporters\",\"services\",\"maxInstances\",\"maxInstancesPerCapability\",\"injectGlobals\",\"filesToWatch\",\"execArgv\",\"runnerEnv\",\"runner\",\"shard\",\"specFileRetries\",\"specFileRetriesDelay\",\"specFileRetriesDeferred\",\"reporterSyncInterval\",\"reporterSyncTimeout\",\"cucumberFeaturesWithLineNumbers\",\"autoCompileOpts\",\"mochaOpts\",\"jasmineOpts\",\"cucumberOpts\",\"onPrepare\",\"onWorkerStart\",\"onWorkerEnd\",\"before\",\"beforeSession\",\"beforeSuite\",\"beforeHook\",\"beforeTest\",\"afterTest\",\"afterHook\",\"afterSuite\",\"afterSession\",\"after\",\"onComplete\",\"beforeAssertion\",\"afterAssertion\",\"beforeFeature\",\"beforeScenario\",\"beforeStep\",\"afterStep\",\"afterScenario\",\"afterFeature\",\"_\",\"suite\",\"$0\",\"ignoredWorkerServices\",\"wdi5\"]"}]}
COMMAND: POST /session/5d4f89c809828bc74d2aa9c512c29ea4/execute/async - {"script":"<script> [21126 bytes]","args":[35000]}
RESULT: {"script":"<script> [21126 bytes]","args":[35000]}
COMMAND: POST /session/5d4f89c809828bc74d2aa9c512c29ea4/execute/async - {"script":"<script> [1562 bytes]","args":[{"selector":{"controlType":"sap.m.SearchField","viewName":"etm.portal.ui.managehandovers.view.MasterHO","bindingPath":{"path":"","propertyPath":"/_BASIC_SEARCH_FIELD","modelName":"fi1t3rM0d31"},"interaction":{"idSuffix":"I"}},"wdio_ui5_key":"etmportal.ui.managehandovers.view.MasterHOsap.m.SearchField{\"path\":\"\",\"propertyPath\":\"/_BASIC_SEARCH_FIELD\",\"modelName\":\"fi1t3rM0d31\"}"}]}
RESULT: {"script":"<script> [1562 bytes]","args":[{"selector":{"controlType":"sap.m.SearchField","viewName":"etm.portal.ui.managehandovers.view.MasterHO","bindingPath":{"path":"","propertyPath":"/_BASIC_SEARCH_FIELD","modelName":"fi1t3rM0d31"},"interaction":{"idSuffix":"I"}},"wdio_ui5_key":"etmportal.ui.managehandovers.view.MasterHOsap.m.SearchField{\"path\":\"\",\"propertyPath\":\"/_BASIC_SEARCH_FIELD\",\"modelName\":\"fi1t3rM0d31\"}"}]}
RESULT: undefined
COMMAND: POST /session/5d4f89c809828bc74d2aa9c512c29ea4/execute/async - {"script":"<script> [776 bytes]","args":[{"enterText":"30829","selector":{"controlType":"sap.m.SearchField","viewName":"etm.portal.ui.managehandovers.view.MasterHO","bindingPath":{"path":"","propertyPath":"/_BASIC_SEARCH_FIELD","modelName":"fi1t3rM0d31"},"interaction":{"idSuffix":"I"}},"clearTextFirst":true,"interactionType":"ENTER_TEXT"}]}
RESULT: {"script":"<script> [776 bytes]","args":[{"enterText":"30829","selector":{"controlType":"sap.m.SearchField","viewName":"etm.portal.ui.managehandovers.view.MasterHO","bindingPath":{"path":"","propertyPath":"/_BASIC_SEARCH_FIELD","modelName":"fi1t3rM0d31"},"interaction":{"idSuffix":"I"}},"clearTextFirst":true,"interactionType":"ENTER_TEXT"}]}
COMMAND: POST /session/5d4f89c809828bc74d2aa9c512c29ea4/actions - {"actions":[{"id":"action82","type":"key","parameters":{},"actions":[{"type":"keyDown","value":"î€‡"},{"type":"pause","duration":10},{"type":"keyUp","value":"î€‡"}]}]}
RESULT: {"actions":[{"id":"action82","type":"key","parameters":{},"actions":[{"type":"keyDown","value":"î€‡"},{"type":"pause","duration":10},{"type":"keyUp","value":"î€‡"}]}]}
COMMAND: GET /session/5d4f89c809828bc74d2aa9c512c29ea4/screenshot - {}
RESULT: {}
COMMAND: POST /session/5d4f89c809828bc74d2aa9c512c29ea4/execute/async - {"script":"<script> [1562 bytes]","args":[{"selector":{"controlType":"sap.m.Title","viewName":"etm.portal.ui.managehandovers.view.MasterHO","properties":{"text":"Records (1)"}},"wdio_ui5_key":"etmportal.ui.managehandovers.view.MasterHOsap.m.Title{\"text\":\"Records (1)\"}"}]}
RESULT: {"script":"<script> [1562 bytes]","args":[{"selector":{"controlType":"sap.m.Title","viewName":"etm.portal.ui.managehandovers.view.MasterHO","properties":{"text":"Records (1)"}},"wdio_ui5_key":"etmportal.ui.managehandovers.view.MasterHOsap.m.Title{\"text\":\"Records (1)\"}"}]}
RESULT: undefined
COMMAND: POST /session/5d4f89c809828bc74d2aa9c512c29ea4/execute/async - {"script":"<script> [6424 bytes]","args":[{"element-6066-11e4-a52e-4f735466cecf":"f.531E98D0DADB2C7D9F82DA313210FC25.d.F4E367F0445091ABEEC635C4887093DE.e.16895"},"getText",[]]}
RESULT: {"script":"<script> [6424 bytes]","args":[{"element-6066-11e4-a52e-4f735466cecf":"f.531E98D0DADB2C7D9F82DA313210FC25.d.F4E367F0445091ABEEC635C4887093DE.e.16895"},"getText",[]]}
COMMAND: POST /session/5d4f89c809828bc74d2aa9c512c29ea4/execute/async - {"script":"<script> [1562 bytes]","args":[{"selector":{"controlType":"sap.ui.core.Icon","viewName":"etm.portal.ui.managehandovers.view.MasterHO","properties":{"src":{"regex":{"source":"slim\\-arrow\\-right"}}}},"wdio_ui5_key":"etmportal.ui.managehandovers.view.MasterHOsap.ui.core.Icon{\"src\":{\"regex\":{\"source\":\"slim\\\\-arrow\\\\-right\"}}}"}]}
RESULT: {"script":"<script> [1562 bytes]","args":[{"selector":{"controlType":"sap.ui.core.Icon","viewName":"etm.portal.ui.managehandovers.view.MasterHO","properties":{"src":{"regex":{"source":"slim\\-arrow\\-right"}}}},"wdio_ui5_key":"etmportal.ui.managehandovers.view.MasterHOsap.ui.core.Icon{\"src\":{\"regex\":{\"source\":\"slim\\\\-arrow\\\\-right\"}}}"}]}
RESULT: undefined
COMMAND: POST /session/5d4f89c809828bc74d2aa9c512c29ea4/element - {"using":"xpath","value":"//*[@id=\"__item30-__clone16-imgNav\"]"}
RESULT: {"using":"xpath","value":"//*[@id=\"__item30-__clone16-imgNav\"]"}
COMMAND: POST /session/5d4f89c809828bc74d2aa9c512c29ea4/element/f.531E98D0DADB2C7D9F82DA313210FC25.d.F4E367F0445091ABEEC635C4887093DE.e.16894/click - {}
RESULT: {}
COMMAND: GET /session/5d4f89c809828bc74d2aa9c512c29ea4/screenshot - {}
RESULT: {}
COMMAND: POST /session/5d4f89c809828bc74d2aa9c512c29ea4/element - {"using":"xpath","value":"//a[contains(@data-kt ,\"GeneralSectionReceiveContracttLink\")]"}
RESULT: {"using":"xpath","value":"//a[contains(@data-kt ,\"GeneralSectionReceiveContracttLink\")]"}
COMMAND: POST /session/5d4f89c809828bc74d2aa9c512c29ea4/element/f.531E98D0DADB2C7D9F82DA313210FC25.d.F4E367F0445091ABEEC635C4887093DE.e.16997/click - {}
RESULT: {}
COMMAND: GET /session/5d4f89c809828bc74d2aa9c512c29ea4/screenshot - {}
RESULT: {}
COMMAND: POST /session/5d4f89c809828bc74d2aa9c512c29ea4/element - {"using":"xpath","value":"//a[contains(@data-kt ,\"ContextMenuId2Link\")]"}
RESULT: {"using":"xpath","value":"//a[contains(@data-kt ,\"ContextMenuId2Link\")]"}
COMMAND: POST /session/5d4f89c809828bc74d2aa9c512c29ea4/element/f.531E98D0DADB2C7D9F82DA313210FC25.d.F4E367F0445091ABEEC635C4887093DE.e.17000/click - {}
RESULT: {}
COMMAND: GET /session/5d4f89c809828bc74d2aa9c512c29ea4/screenshot - {}
RESULT: {}
COMMAND: POST /session/5d4f89c809828bc74d2aa9c512c29ea4/execute/async - {"script":"<script> [1562 bytes]","args":[{"selector":{"controlType":"sap.m.ObjectStatus","viewName":"etm.portal.ui.managecontracts.view.Detail","bindingPath":{"propertyPath":"LINK_TO_LOGISTICAL_STATUS/DESCRIPTION","modelName":"catalogModel"}},"wdio_ui5_key":"etmportal.ui.managecontracts.view.Detailsap.m.ObjectStatus{\"propertyPath\":\"LINK_TO_LOGISTICAL_STATUS/DESCRIPTION\",\"modelName\":\"catalogModel\"}"}]}
RESULT: {"script":"<script> [1562 bytes]","args":[{"selector":{"controlType":"sap.m.ObjectStatus","viewName":"etm.portal.ui.managecontracts.view.Detail","bindingPath":{"propertyPath":"LINK_TO_LOGISTICAL_STATUS/DESCRIPTION","modelName":"catalogModel"}},"wdio_ui5_key":"etmportal.ui.managecontracts.view.Detailsap.m.ObjectStatus{\"propertyPath\":\"LINK_TO_LOGISTICAL_STATUS/DESCRIPTION\",\"modelName\":\"catalogModel\"}"}]}
RESULT: undefined
COMMAND: POST /session/5d4f89c809828bc74d2aa9c512c29ea4/execute/async - {"script":"<script> [6424 bytes]","args":[{"element-6066-11e4-a52e-4f735466cecf":"f.531E98D0DADB2C7D9F82DA313210FC25.d.F4E367F0445091ABEEC635C4887093DE.e.17226"},"getText",[]]}
RESULT: {"script":"<script> [6424 bytes]","args":[{"element-6066-11e4-a52e-4f735466cecf":"f.531E98D0DADB2C7D9F82DA313210FC25.d.F4E367F0445091ABEEC635C4887093DE.e.17226"},"getText",[]]}
COMMAND: POST /session/5d4f89c809828bc74d2aa9c512c29ea4/execute/async - {"script":"<script> [1562 bytes]","args":[{"selector":{"controlType":"sap.m.ObjectStatus","viewName":"etm.portal.ui.managecontracts.view.Detail","bindingPath":{"propertyPath":"LINK_TO_COMMERCIAL_STATUS/DESCRIPTION","modelName":"catalogModel"}},"wdio_ui5_key":"etmportal.ui.managecontracts.view.Detailsap.m.ObjectStatus{\"propertyPath\":\"LINK_TO_COMMERCIAL_STATUS/DESCRIPTION\",\"modelName\":\"catalogModel\"}"}]}
RESULT: {"script":"<script> [1562 bytes]","args":[{"selector":{"controlType":"sap.m.ObjectStatus","viewName":"etm.portal.ui.managecontracts.view.Detail","bindingPath":{"propertyPath":"LINK_TO_COMMERCIAL_STATUS/DESCRIPTION","modelName":"catalogModel"}},"wdio_ui5_key":"etmportal.ui.managecontracts.view.Detailsap.m.ObjectStatus{\"propertyPath\":\"LINK_TO_COMMERCIAL_STATUS/DESCRIPTION\",\"modelName\":\"catalogModel\"}"}]}
RESULT: undefined
COMMAND: POST /session/5d4f89c809828bc74d2aa9c512c29ea4/execute/async - {"script":"<script> [6424 bytes]","args":[{"element-6066-11e4-a52e-4f735466cecf":"f.531E98D0DADB2C7D9F82DA313210FC25.d.F4E367F0445091ABEEC635C4887093DE.e.17227"},"getText",[]]}
RESULT: {"script":"<script> [6424 bytes]","args":[{"element-6066-11e4-a52e-4f735466cecf":"f.531E98D0DADB2C7D9F82DA313210FC25.d.F4E367F0445091ABEEC635C4887093DE.e.17227"},"getText",[]]}
COMMAND: POST /session/5d4f89c809828bc74d2aa9c512c29ea4/execute/async - {"script":"<script> [1562 bytes]","args":[{"selector":{"id":"backBtn"},"wdio_ui5_key":"backBtn"}]}
RESULT: {"script":"<script> [1562 bytes]","args":[{"selector":{"id":"backBtn"},"wdio_ui5_key":"backBtn"}]}
RESULT: undefined
COMMAND: POST /session/5d4f89c809828bc74d2aa9c512c29ea4/element - {"using":"xpath","value":"//*[@id=\"backBtn\"]"}
RESULT: {"using":"xpath","value":"//*[@id=\"backBtn\"]"}
COMMAND: POST /session/5d4f89c809828bc74d2aa9c512c29ea4/element/f.531E98D0DADB2C7D9F82DA313210FC25.d.F4E367F0445091ABEEC635C4887093DE.e.17230/click - {}
RESULT: {}
COMMAND: GET /session/5d4f89c809828bc74d2aa9c512c29ea4/screenshot - {}
COMMAND: POST /session/5d4f89c809828bc74d2aa9c512c29ea4/execute/async - {"script":"<script> [1562 bytes]","args":[{"selector":{"controlType":"sap.m.Button","viewName":"etm.portal.ui.managehandovers.view.DetailExecuteHO","i18NText":{"propertyName":"text","key":"confirmAll"},"interaction":{"idSuffix":"BDI-content"}},"wdio_ui5_key":"etmportal.ui.managehandovers.view.DetailExecuteHOsap.m.Button{\"propertyName\":\"text\",\"key\":\"confirmAll\"}"}]}
RESULT: {}
RESULT: {"script":"<script> [1562 bytes]","args":[{"selector":{"controlType":"sap.m.Button","viewName":"etm.portal.ui.managehandovers.view.DetailExecuteHO","i18NText":{"propertyName":"text","key":"confirmAll"},"interaction":{"idSuffix":"BDI-content"}},"wdio_ui5_key":"etmportal.ui.managehandovers.view.DetailExecuteHOsap.m.Button{\"propertyName\":\"text\",\"key\":\"confirmAll\"}"}]}
RESULT: undefined
COMMAND: POST /session/5d4f89c809828bc74d2aa9c512c29ea4/element - {"using":"xpath","value":"//*[@id=\"__button84\"]"}
RESULT: {"using":"xpath","value":"//*[@id=\"__button84\"]"}
COMMAND: POST /session/5d4f89c809828bc74d2aa9c512c29ea4/element/f.531E98D0DADB2C7D9F82DA313210FC25.d.F4E367F0445091ABEEC635C4887093DE.e.17533/click - {}
RESULT: {}
COMMAND: GET /session/5d4f89c809828bc74d2aa9c512c29ea4/screenshot - {}
RESULT: {}
COMMAND: POST /session/5d4f89c809828bc74d2aa9c512c29ea4/execute/async - {"script":"<script> [1562 bytes]","args":[{"selector":{"controlType":"sap.m.Button","properties":{"text":"OK"},"searchOpenDialogs":true,"interaction":{"idSuffix":"inner"}},"wdio_ui5_key":"sapm.Button{\"text\":\"OK\"}"}]}
RESULT: {"script":"<script> [1562 bytes]","args":[{"selector":{"controlType":"sap.m.Button","properties":{"text":"OK"},"searchOpenDialogs":true,"interaction":{"idSuffix":"inner"}},"wdio_ui5_key":"sapm.Button{\"text\":\"OK\"}"}]}
RESULT: undefined
COMMAND: POST /session/5d4f89c809828bc74d2aa9c512c29ea4/element - {"using":"xpath","value":"//*[@id=\"__mbox-btn-0\"]"}
RESULT: {"using":"xpath","value":"//*[@id=\"__mbox-btn-0\"]"}
COMMAND: POST /session/5d4f89c809828bc74d2aa9c512c29ea4/element/f.531E98D0DADB2C7D9F82DA313210FC25.d.F4E367F0445091ABEEC635C4887093DE.e.17537/click - {}
RESULT: {}
COMMAND: GET /session/5d4f89c809828bc74d2aa9c512c29ea4/screenshot - {}
RESULT: {}
COMMAND: POST /session/5d4f89c809828bc74d2aa9c512c29ea4/element - {"using":"xpath","value":"//button[contains(@data-kt ,\"execHoIssueFooterButton\")]"}
RESULT: {"using":"xpath","value":"//button[contains(@data-kt ,\"execHoIssueFooterButton\")]"}
COMMAND: POST /session/5d4f89c809828bc74d2aa9c512c29ea4/element/f.531E98D0DADB2C7D9F82DA313210FC25.d.F4E367F0445091ABEEC635C4887093DE.e.17540/click - {}
RESULT: {}
COMMAND: GET /session/5d4f89c809828bc74d2aa9c512c29ea4/screenshot - {}
RESULT: {}
COMMAND: POST /session/5d4f89c809828bc74d2aa9c512c29ea4/refresh - {}
RESULT: {}
COMMAND: GET /session/5d4f89c809828bc74d2aa9c512c29ea4/screenshot - {}
RESULT: {}
COMMAND: POST /session/5d4f89c809828bc74d2aa9c512c29ea4/refresh - {}
RESULT: {}
COMMAND: GET /session/5d4f89c809828bc74d2aa9c512c29ea4/screenshot - {}
RESULT: {}
COMMAND: POST /session/5d4f89c809828bc74d2aa9c512c29ea4/window/fullscreen - {}
RESULT: {}
COMMAND: POST /session/5d4f89c809828bc74d2aa9c512c29ea4/execute/async - {"script":"<script> [189 bytes]","args":[]}
RESULT: {"script":"<script> [189 bytes]","args":[]}
COMMAND: POST /session/5d4f89c809828bc74d2aa9c512c29ea4/execute/async - {"script":"<script> [123 bytes]","args":[]}
RESULT: {"script":"<script> [123 bytes]","args":[]}
COMMAND: POST /session/5d4f89c809828bc74d2aa9c512c29ea4/timeouts - {"script":"<number>"}
RESULT: {"script":"<number>"}
COMMAND: GET /session/5d4f89c809828bc74d2aa9c512c29ea4/timeouts - {}
RESULT: {}
RESULT: undefined
COMMAND: POST /session/5d4f89c809828bc74d2aa9c512c29ea4/execute/async - {"script":"<script> [2676 bytes]","args":[]}
RESULT: {"script":"<script> [2676 bytes]","args":[]}
COMMAND: POST /session/5d4f89c809828bc74d2aa9c512c29ea4/execute/async - {"script":"<script> [2342 bytes]","args":[{"protocol":"http","hostname":"0.0.0.0","path":"/","capabilities":{"browserName":"chrome","goog:chromeOptions":{"binary":"C:\\Program Files\\Google\\Chrome\\Application\\chrome.exe","args":["--start-maximized"]}},"logLevel":"warn","connectionRetryTimeout":120000,"connectionRetryCount":3,"logLevels":{},"enableDirectConnect":true,"strictSSL":true,"_":"65 more keys: [\"cacheDir\",\"port\",\"requestedCapabilities\",\"automationProtocol\",\"baseUrl\",\"waitforInterval\",\"waitforTimeout\",\"onReload\",\"beforeCommand\",\"afterCommand\",\"rootDir\",\"specs\",\"suites\",\"exclude\",\"groupLogsByTestSpec\",\"excludeDriverLogs\",\"bail\",\"framework\",\"reporters\",\"services\",\"maxInstances\",\"maxInstancesPerCapability\",\"injectGlobals\",\"filesToWatch\",\"execArgv\",\"runnerEnv\",\"runner\",\"shard\",\"specFileRetries\",\"specFileRetriesDelay\",\"specFileRetriesDeferred\",\"reporterSyncInterval\",\"reporterSyncTimeout\",\"cucumberFeaturesWithLineNumbers\",\"autoCompileOpts\",\"mochaOpts\",\"jasmineOpts\",\"cucumberOpts\",\"onPrepare\",\"onWorkerStart\",\"onWorkerEnd\",\"before\",\"beforeSession\",\"beforeSuite\",\"beforeHook\",\"beforeTest\",\"afterTest\",\"afterHook\",\"afterSuite\",\"afterSession\",\"after\",\"onComplete\",\"beforeAssertion\",\"afterAssertion\",\"beforeFeature\",\"beforeScenario\",\"beforeStep\",\"afterStep\",\"afterScenario\",\"afterFeature\",\"_\",\"suite\",\"$0\",\"ignoredWorkerServices\",\"wdi5\"]"}]}
RESULT: {"script":"<script> [2342 bytes]","args":[{"protocol":"http","hostname":"0.0.0.0","path":"/","capabilities":{"browserName":"chrome","goog:chromeOptions":{"binary":"C:\\Program Files\\Google\\Chrome\\Application\\chrome.exe","args":["--start-maximized"]}},"logLevel":"warn","connectionRetryTimeout":120000,"connectionRetryCount":3,"logLevels":{},"enableDirectConnect":true,"strictSSL":true,"_":"65 more keys: [\"cacheDir\",\"port\",\"requestedCapabilities\",\"automationProtocol\",\"baseUrl\",\"waitforInterval\",\"waitforTimeout\",\"onReload\",\"beforeCommand\",\"afterCommand\",\"rootDir\",\"specs\",\"suites\",\"exclude\",\"groupLogsByTestSpec\",\"excludeDriverLogs\",\"bail\",\"framework\",\"reporters\",\"services\",\"maxInstances\",\"maxInstancesPerCapability\",\"injectGlobals\",\"filesToWatch\",\"execArgv\",\"runnerEnv\",\"runner\",\"shard\",\"specFileRetries\",\"specFileRetriesDelay\",\"specFileRetriesDeferred\",\"reporterSyncInterval\",\"reporterSyncTimeout\",\"cucumberFeaturesWithLineNumbers\",\"autoCompileOpts\",\"mochaOpts\",\"jasmineOpts\",\"cucumberOpts\",\"onPrepare\",\"onWorkerStart\",\"onWorkerEnd\",\"before\",\"beforeSession\",\"beforeSuite\",\"beforeHook\",\"beforeTest\",\"afterTest\",\"afterHook\",\"afterSuite\",\"afterSession\",\"after\",\"onComplete\",\"beforeAssertion\",\"afterAssertion\",\"beforeFeature\",\"beforeScenario\",\"beforeStep\",\"afterStep\",\"afterScenario\",\"afterFeature\",\"_\",\"suite\",\"$0\",\"ignoredWorkerServices\",\"wdi5\"]"}]}
COMMAND: POST /session/5d4f89c809828bc74d2aa9c512c29ea4/execute/async - {"script":"<script> [21126 bytes]","args":[35000]}
RESULT: {"script":"<script> [21126 bytes]","args":[35000]}
COMMAND: POST /session/5d4f89c809828bc74d2aa9c512c29ea4/execute/async - {"script":"<script> [1562 bytes]","args":[{"selector":{"controlType":"sap.m.SearchField","viewName":"etm.portal.ui.managehandovers.view.MasterHO","bindingPath":{"path":"","propertyPath":"/_BASIC_SEARCH_FIELD","modelName":"fi1t3rM0d31"},"interaction":{"idSuffix":"I"}},"wdio_ui5_key":"etmportal.ui.managehandovers.view.MasterHOsap.m.SearchField{\"path\":\"\",\"propertyPath\":\"/_BASIC_SEARCH_FIELD\",\"modelName\":\"fi1t3rM0d31\"}"}]}
RESULT: {"script":"<script> [1562 bytes]","args":[{"selector":{"controlType":"sap.m.SearchField","viewName":"etm.portal.ui.managehandovers.view.MasterHO","bindingPath":{"path":"","propertyPath":"/_BASIC_SEARCH_FIELD","modelName":"fi1t3rM0d31"},"interaction":{"idSuffix":"I"}},"wdio_ui5_key":"etmportal.ui.managehandovers.view.MasterHOsap.m.SearchField{\"path\":\"\",\"propertyPath\":\"/_BASIC_SEARCH_FIELD\",\"modelName\":\"fi1t3rM0d31\"}"}]}
RESULT: undefined
COMMAND: POST /session/5d4f89c809828bc74d2aa9c512c29ea4/execute/async - {"script":"<script> [776 bytes]","args":[{"enterText":"30829","selector":{"controlType":"sap.m.SearchField","viewName":"etm.portal.ui.managehandovers.view.MasterHO","bindingPath":{"path":"","propertyPath":"/_BASIC_SEARCH_FIELD","modelName":"fi1t3rM0d31"},"interaction":{"idSuffix":"I"}},"clearTextFirst":true,"interactionType":"ENTER_TEXT"}]}
RESULT: {"script":"<script> [776 bytes]","args":[{"enterText":"30829","selector":{"controlType":"sap.m.SearchField","viewName":"etm.portal.ui.managehandovers.view.MasterHO","bindingPath":{"path":"","propertyPath":"/_BASIC_SEARCH_FIELD","modelName":"fi1t3rM0d31"},"interaction":{"idSuffix":"I"}},"clearTextFirst":true,"interactionType":"ENTER_TEXT"}]}
COMMAND: POST /session/5d4f89c809828bc74d2aa9c512c29ea4/actions - {"actions":[{"id":"action83","type":"key","parameters":{},"actions":[{"type":"keyDown","value":"î€‡"},{"type":"pause","duration":10},{"type":"keyUp","value":"î€‡"}]}]}
RESULT: {"actions":[{"id":"action83","type":"key","parameters":{},"actions":[{"type":"keyDown","value":"î€‡"},{"type":"pause","duration":10},{"type":"keyUp","value":"î€‡"}]}]}
COMMAND: GET /session/5d4f89c809828bc74d2aa9c512c29ea4/screenshot - {}
RESULT: {}
COMMAND: POST /session/5d4f89c809828bc74d2aa9c512c29ea4/execute/async - {"script":"<script> [1562 bytes]","args":[{"selector":{"controlType":"sap.m.Title","viewName":"etm.portal.ui.managehandovers.view.MasterHO","properties":{"text":"Records (1)"}},"wdio_ui5_key":"etmportal.ui.managehandovers.view.MasterHOsap.m.Title{\"text\":\"Records (1)\"}"}]}
RESULT: {"script":"<script> [1562 bytes]","args":[{"selector":{"controlType":"sap.m.Title","viewName":"etm.portal.ui.managehandovers.view.MasterHO","properties":{"text":"Records (1)"}},"wdio_ui5_key":"etmportal.ui.managehandovers.view.MasterHOsap.m.Title{\"text\":\"Records (1)\"}"}]}
RESULT: undefined
COMMAND: POST /session/5d4f89c809828bc74d2aa9c512c29ea4/execute/async - {"script":"<script> [6424 bytes]","args":[{"element-6066-11e4-a52e-4f735466cecf":"f.531E98D0DADB2C7D9F82DA313210FC25.d.F9C281EA78F2A679011D2B4F6A6C371F.e.17831"},"getText",[]]}
RESULT: {"script":"<script> [6424 bytes]","args":[{"element-6066-11e4-a52e-4f735466cecf":"f.531E98D0DADB2C7D9F82DA313210FC25.d.F9C281EA78F2A679011D2B4F6A6C371F.e.17831"},"getText",[]]}
COMMAND: POST /session/5d4f89c809828bc74d2aa9c512c29ea4/execute/async - {"script":"<script> [1562 bytes]","args":[{"selector":{"controlType":"sap.ui.core.Icon","viewName":"etm.portal.ui.managehandovers.view.MasterHO","properties":{"src":{"regex":{"source":"slim\\-arrow\\-right"}}}},"wdio_ui5_key":"etmportal.ui.managehandovers.view.MasterHOsap.ui.core.Icon{\"src\":{\"regex\":{\"source\":\"slim\\\\-arrow\\\\-right\"}}}"}]}
RESULT: {"script":"<script> [1562 bytes]","args":[{"selector":{"controlType":"sap.ui.core.Icon","viewName":"etm.portal.ui.managehandovers.view.MasterHO","properties":{"src":{"regex":{"source":"slim\\-arrow\\-right"}}}},"wdio_ui5_key":"etmportal.ui.managehandovers.view.MasterHOsap.ui.core.Icon{\"src\":{\"regex\":{\"source\":\"slim\\\\-arrow\\\\-right\"}}}"}]}
RESULT: undefined
COMMAND: POST /session/5d4f89c809828bc74d2aa9c512c29ea4/element - {"using":"xpath","value":"//*[@id=\"__item30-__clone16-imgNav\"]"}
RESULT: {"using":"xpath","value":"//*[@id=\"__item30-__clone16-imgNav\"]"}
COMMAND: POST /session/5d4f89c809828bc74d2aa9c512c29ea4/element/f.531E98D0DADB2C7D9F82DA313210FC25.d.F9C281EA78F2A679011D2B4F6A6C371F.e.17830/click - {}
RESULT: {}
COMMAND: GET /session/5d4f89c809828bc74d2aa9c512c29ea4/screenshot - {}
RESULT: {}
COMMAND: POST /session/5d4f89c809828bc74d2aa9c512c29ea4/execute/async - {"script":"<script> [1562 bytes]","args":[{"selector":{"controlType":"sap.m.ObjectStatus","viewName":"etm.portal.ui.managehandovers.view.DetailExecuteHO","labelFor":{"text":"Status"}},"wdio_ui5_key":"etmportal.ui.managehandovers.view.DetailExecuteHOsap.m.ObjectStatus{\"text\":\"Status\"}"}]}
RESULT: {"script":"<script> [1562 bytes]","args":[{"selector":{"controlType":"sap.m.ObjectStatus","viewName":"etm.portal.ui.managehandovers.view.DetailExecuteHO","labelFor":{"text":"Status"}},"wdio_ui5_key":"etmportal.ui.managehandovers.view.DetailExecuteHOsap.m.ObjectStatus{\"text\":\"Status\"}"}]}
RESULT: undefined
COMMAND: POST /session/5d4f89c809828bc74d2aa9c512c29ea4/execute/async - {"script":"<script> [6424 bytes]","args":[{"element-6066-11e4-a52e-4f735466cecf":"f.531E98D0DADB2C7D9F82DA313210FC25.d.F9C281EA78F2A679011D2B4F6A6C371F.e.17933"},"getText",[]]}
RESULT: {"script":"<script> [6424 bytes]","args":[{"element-6066-11e4-a52e-4f735466cecf":"f.531E98D0DADB2C7D9F82DA313210FC25.d.F9C281EA78F2A679011D2B4F6A6C371F.e.17933"},"getText",[]]}
COMMAND: POST /session/5d4f89c809828bc74d2aa9c512c29ea4/execute/async - {"script":"<script> [1562 bytes]","args":[{"selector":{"controlType":"sap.m.Button","viewName":"etm.portal.ui.managehandovers.view.DetailExecuteHO","i18NText":{"propertyName":"text","key":"confirmAll"},"interaction":{"idSuffix":"BDI-content"}},"wdio_ui5_key":"etmportal.ui.managehandovers.view.DetailExecuteHOsap.m.Button{\"propertyName\":\"text\",\"key\":\"confirmAll\"}"}]}
RESULT: {"script":"<script> [1562 bytes]","args":[{"selector":{"controlType":"sap.m.Button","viewName":"etm.portal.ui.managehandovers.view.DetailExecuteHO","i18NText":{"propertyName":"text","key":"confirmAll"},"interaction":{"idSuffix":"BDI-content"}},"wdio_ui5_key":"etmportal.ui.managehandovers.view.DetailExecuteHOsap.m.Button{\"propertyName\":\"text\",\"key\":\"confirmAll\"}"}]}
RESULT: undefined
COMMAND: POST /session/5d4f89c809828bc74d2aa9c512c29ea4/element - {"using":"xpath","value":"//*[@id=\"__button30\"]"}
RESULT: {"using":"xpath","value":"//*[@id=\"__button30\"]"}
COMMAND: POST /session/5d4f89c809828bc74d2aa9c512c29ea4/element/f.531E98D0DADB2C7D9F82DA313210FC25.d.F9C281EA78F2A679011D2B4F6A6C371F.e.17935/click - {}
RESULT: {}
COMMAND: GET /session/5d4f89c809828bc74d2aa9c512c29ea4/screenshot - {}
RESULT: {}
COMMAND: POST /session/5d4f89c809828bc74d2aa9c512c29ea4/execute/async - {"script":"<script> [1562 bytes]","args":[{"selector":{"controlType":"sap.m.Button","properties":{"text":"OK"},"searchOpenDialogs":true,"interaction":{"idSuffix":"BDI-content"}},"wdio_ui5_key":"sapm.Button{\"text\":\"OK\"}"}]}
RESULT: {"script":"<script> [1562 bytes]","args":[{"selector":{"controlType":"sap.m.Button","properties":{"text":"OK"},"searchOpenDialogs":true,"interaction":{"idSuffix":"BDI-content"}},"wdio_ui5_key":"sapm.Button{\"text\":\"OK\"}"}]}
RESULT: undefined
COMMAND: POST /session/5d4f89c809828bc74d2aa9c512c29ea4/element - {"using":"xpath","value":"//*[@id=\"__mbox-btn-0\"]"}
RESULT: {"using":"xpath","value":"//*[@id=\"__mbox-btn-0\"]"}
COMMAND: POST /session/5d4f89c809828bc74d2aa9c512c29ea4/element/f.531E98D0DADB2C7D9F82DA313210FC25.d.F9C281EA78F2A679011D2B4F6A6C371F.e.17936/click - {}
RESULT: {}
COMMAND: GET /session/5d4f89c809828bc74d2aa9c512c29ea4/screenshot - {}
RESULT: {}
COMMAND: POST /session/5d4f89c809828bc74d2aa9c512c29ea4/element - {"using":"xpath","value":"//button[contains(@data-kt ,\"execHoReceiveFooterButton\")]"}
RESULT: {"using":"xpath","value":"//button[contains(@data-kt ,\"execHoReceiveFooterButton\")]"}
COMMAND: POST /session/5d4f89c809828bc74d2aa9c512c29ea4/element/f.531E98D0DADB2C7D9F82DA313210FC25.d.F9C281EA78F2A679011D2B4F6A6C371F.e.17886/click - {}
RESULT: {}
COMMAND: GET /session/5d4f89c809828bc74d2aa9c512c29ea4/screenshot - {}
RESULT: {}
COMMAND: POST /session/5d4f89c809828bc74d2aa9c512c29ea4/refresh - {}
RESULT: {}
COMMAND: GET /session/5d4f89c809828bc74d2aa9c512c29ea4/screenshot - {}
RESULT: {}
COMMAND: POST /session/5d4f89c809828bc74d2aa9c512c29ea4/refresh - {}
RESULT: {}
COMMAND: GET /session/5d4f89c809828bc74d2aa9c512c29ea4/screenshot - {}
RESULT: {}
COMMAND: POST /session/5d4f89c809828bc74d2aa9c512c29ea4/window/fullscreen - {}
RESULT: {}
COMMAND: POST /session/5d4f89c809828bc74d2aa9c512c29ea4/execute/async - {"script":"<script> [189 bytes]","args":[]}
RESULT: {"script":"<script> [189 bytes]","args":[]}
COMMAND: POST /session/5d4f89c809828bc74d2aa9c512c29ea4/execute/async - {"script":"<script> [123 bytes]","args":[]}
RESULT: {"script":"<script> [123 bytes]","args":[]}
COMMAND: POST /session/5d4f89c809828bc74d2aa9c512c29ea4/timeouts - {"script":"<number>"}
RESULT: {"script":"<number>"}
COMMAND: GET /session/5d4f89c809828bc74d2aa9c512c29ea4/timeouts - {}
RESULT: {}
RESULT: undefined
COMMAND: POST /session/5d4f89c809828bc74d2aa9c512c29ea4/execute/async - {"script":"<script> [2676 bytes]","args":[]}
RESULT: {"script":"<script> [2676 bytes]","args":[]}
COMMAND: POST /session/5d4f89c809828bc74d2aa9c512c29ea4/execute/async - {"script":"<script> [2342 bytes]","args":[{"protocol":"http","hostname":"0.0.0.0","path":"/","capabilities":{"browserName":"chrome","goog:chromeOptions":{"binary":"C:\\Program Files\\Google\\Chrome\\Application\\chrome.exe","args":["--start-maximized"]}},"logLevel":"warn","connectionRetryTimeout":120000,"connectionRetryCount":3,"logLevels":{},"enableDirectConnect":true,"strictSSL":true,"_":"65 more keys: [\"cacheDir\",\"port\",\"requestedCapabilities\",\"automationProtocol\",\"baseUrl\",\"waitforInterval\",\"waitforTimeout\",\"onReload\",\"beforeCommand\",\"afterCommand\",\"rootDir\",\"specs\",\"suites\",\"exclude\",\"groupLogsByTestSpec\",\"excludeDriverLogs\",\"bail\",\"framework\",\"reporters\",\"services\",\"maxInstances\",\"maxInstancesPerCapability\",\"injectGlobals\",\"filesToWatch\",\"execArgv\",\"runnerEnv\",\"runner\",\"shard\",\"specFileRetries\",\"specFileRetriesDelay\",\"specFileRetriesDeferred\",\"reporterSyncInterval\",\"reporterSyncTimeout\",\"cucumberFeaturesWithLineNumbers\",\"autoCompileOpts\",\"mochaOpts\",\"jasmineOpts\",\"cucumberOpts\",\"onPrepare\",\"onWorkerStart\",\"onWorkerEnd\",\"before\",\"beforeSession\",\"beforeSuite\",\"beforeHook\",\"beforeTest\",\"afterTest\",\"afterHook\",\"afterSuite\",\"afterSession\",\"after\",\"onComplete\",\"beforeAssertion\",\"afterAssertion\",\"beforeFeature\",\"beforeScenario\",\"beforeStep\",\"afterStep\",\"afterScenario\",\"afterFeature\",\"_\",\"suite\",\"$0\",\"ignoredWorkerServices\",\"wdi5\"]"}]}
RESULT: {"script":"<script> [2342 bytes]","args":[{"protocol":"http","hostname":"0.0.0.0","path":"/","capabilities":{"browserName":"chrome","goog:chromeOptions":{"binary":"C:\\Program Files\\Google\\Chrome\\Application\\chrome.exe","args":["--start-maximized"]}},"logLevel":"warn","connectionRetryTimeout":120000,"connectionRetryCount":3,"logLevels":{},"enableDirectConnect":true,"strictSSL":true,"_":"65 more keys: [\"cacheDir\",\"port\",\"requestedCapabilities\",\"automationProtocol\",\"baseUrl\",\"waitforInterval\",\"waitforTimeout\",\"onReload\",\"beforeCommand\",\"afterCommand\",\"rootDir\",\"specs\",\"suites\",\"exclude\",\"groupLogsByTestSpec\",\"excludeDriverLogs\",\"bail\",\"framework\",\"reporters\",\"services\",\"maxInstances\",\"maxInstancesPerCapability\",\"injectGlobals\",\"filesToWatch\",\"execArgv\",\"runnerEnv\",\"runner\",\"shard\",\"specFileRetries\",\"specFileRetriesDelay\",\"specFileRetriesDeferred\",\"reporterSyncInterval\",\"reporterSyncTimeout\",\"cucumberFeaturesWithLineNumbers\",\"autoCompileOpts\",\"mochaOpts\",\"jasmineOpts\",\"cucumberOpts\",\"onPrepare\",\"onWorkerStart\",\"onWorkerEnd\",\"before\",\"beforeSession\",\"beforeSuite\",\"beforeHook\",\"beforeTest\",\"afterTest\",\"afterHook\",\"afterSuite\",\"afterSession\",\"after\",\"onComplete\",\"beforeAssertion\",\"afterAssertion\",\"beforeFeature\",\"beforeScenario\",\"beforeStep\",\"afterStep\",\"afterScenario\",\"afterFeature\",\"_\",\"suite\",\"$0\",\"ignoredWorkerServices\",\"wdi5\"]"}]}
COMMAND: POST /session/5d4f89c809828bc74d2aa9c512c29ea4/execute/async - {"script":"<script> [21126 bytes]","args":[35000]}
RESULT: {"script":"<script> [21126 bytes]","args":[35000]}
COMMAND: POST /session/5d4f89c809828bc74d2aa9c512c29ea4/execute/async - {"script":"<script> [1562 bytes]","args":[{"selector":{"controlType":"sap.m.SearchField","viewName":"etm.portal.ui.managehandovers.view.MasterHO","bindingPath":{"path":"","propertyPath":"/_BASIC_SEARCH_FIELD","modelName":"fi1t3rM0d31"},"interaction":{"idSuffix":"I"}},"wdio_ui5_key":"etmportal.ui.managehandovers.view.MasterHOsap.m.SearchField{\"path\":\"\",\"propertyPath\":\"/_BASIC_SEARCH_FIELD\",\"modelName\":\"fi1t3rM0d31\"}"}]}
RESULT: {"script":"<script> [1562 bytes]","args":[{"selector":{"controlType":"sap.m.SearchField","viewName":"etm.portal.ui.managehandovers.view.MasterHO","bindingPath":{"path":"","propertyPath":"/_BASIC_SEARCH_FIELD","modelName":"fi1t3rM0d31"},"interaction":{"idSuffix":"I"}},"wdio_ui5_key":"etmportal.ui.managehandovers.view.MasterHOsap.m.SearchField{\"path\":\"\",\"propertyPath\":\"/_BASIC_SEARCH_FIELD\",\"modelName\":\"fi1t3rM0d31\"}"}]}
RESULT: undefined
COMMAND: POST /session/5d4f89c809828bc74d2aa9c512c29ea4/execute/async - {"script":"<script> [776 bytes]","args":[{"enterText":"30829","selector":{"controlType":"sap.m.SearchField","viewName":"etm.portal.ui.managehandovers.view.MasterHO","bindingPath":{"path":"","propertyPath":"/_BASIC_SEARCH_FIELD","modelName":"fi1t3rM0d31"},"interaction":{"idSuffix":"I"}},"clearTextFirst":true,"interactionType":"ENTER_TEXT"}]}
RESULT: {"script":"<script> [776 bytes]","args":[{"enterText":"30829","selector":{"controlType":"sap.m.SearchField","viewName":"etm.portal.ui.managehandovers.view.MasterHO","bindingPath":{"path":"","propertyPath":"/_BASIC_SEARCH_FIELD","modelName":"fi1t3rM0d31"},"interaction":{"idSuffix":"I"}},"clearTextFirst":true,"interactionType":"ENTER_TEXT"}]}
COMMAND: POST /session/5d4f89c809828bc74d2aa9c512c29ea4/actions - {"actions":[{"id":"action84","type":"key","parameters":{},"actions":[{"type":"keyDown","value":"î€‡"},{"type":"pause","duration":10},{"type":"keyUp","value":"î€‡"}]}]}
RESULT: {"actions":[{"id":"action84","type":"key","parameters":{},"actions":[{"type":"keyDown","value":"î€‡"},{"type":"pause","duration":10},{"type":"keyUp","value":"î€‡"}]}]}
COMMAND: GET /session/5d4f89c809828bc74d2aa9c512c29ea4/screenshot - {}
RESULT: {}
COMMAND: POST /session/5d4f89c809828bc74d2aa9c512c29ea4/execute/async - {"script":"<script> [1562 bytes]","args":[{"selector":{"controlType":"sap.m.Title","viewName":"etm.portal.ui.managehandovers.view.MasterHO","properties":{"text":"Records (1)"}},"wdio_ui5_key":"etmportal.ui.managehandovers.view.MasterHOsap.m.Title{\"text\":\"Records (1)\"}"}]}
RESULT: {"script":"<script> [1562 bytes]","args":[{"selector":{"controlType":"sap.m.Title","viewName":"etm.portal.ui.managehandovers.view.MasterHO","properties":{"text":"Records (1)"}},"wdio_ui5_key":"etmportal.ui.managehandovers.view.MasterHOsap.m.Title{\"text\":\"Records (1)\"}"}]}
RESULT: undefined
COMMAND: POST /session/5d4f89c809828bc74d2aa9c512c29ea4/execute/async - {"script":"<script> [6424 bytes]","args":[{"element-6066-11e4-a52e-4f735466cecf":"f.531E98D0DADB2C7D9F82DA313210FC25.d.3D9D8F5B4AA011EB4BEE01E1A10182C8.e.18103"},"getText",[]]}
RESULT: {"script":"<script> [6424 bytes]","args":[{"element-6066-11e4-a52e-4f735466cecf":"f.531E98D0DADB2C7D9F82DA313210FC25.d.3D9D8F5B4AA011EB4BEE01E1A10182C8.e.18103"},"getText",[]]}
COMMAND: POST /session/5d4f89c809828bc74d2aa9c512c29ea4/execute/async - {"script":"<script> [1562 bytes]","args":[{"selector":{"controlType":"sap.ui.core.Icon","viewName":"etm.portal.ui.managehandovers.view.MasterHO","properties":{"src":{"regex":{"source":"slim\\-arrow\\-right"}}}},"wdio_ui5_key":"etmportal.ui.managehandovers.view.MasterHOsap.ui.core.Icon{\"src\":{\"regex\":{\"source\":\"slim\\\\-arrow\\\\-right\"}}}"}]}
RESULT: {"script":"<script> [1562 bytes]","args":[{"selector":{"controlType":"sap.ui.core.Icon","viewName":"etm.portal.ui.managehandovers.view.MasterHO","properties":{"src":{"regex":{"source":"slim\\-arrow\\-right"}}}},"wdio_ui5_key":"etmportal.ui.managehandovers.view.MasterHOsap.ui.core.Icon{\"src\":{\"regex\":{\"source\":\"slim\\\\-arrow\\\\-right\"}}}"}]}
RESULT: undefined
COMMAND: POST /session/5d4f89c809828bc74d2aa9c512c29ea4/element - {"using":"xpath","value":"//*[@id=\"__item30-__clone16-imgNav\"]"}
RESULT: {"using":"xpath","value":"//*[@id=\"__item30-__clone16-imgNav\"]"}
COMMAND: POST /session/5d4f89c809828bc74d2aa9c512c29ea4/element/f.531E98D0DADB2C7D9F82DA313210FC25.d.3D9D8F5B4AA011EB4BEE01E1A10182C8.e.18102/click - {}
RESULT: {}
COMMAND: GET /session/5d4f89c809828bc74d2aa9c512c29ea4/screenshot - {}
RESULT: {}
COMMAND: POST /session/5d4f89c809828bc74d2aa9c512c29ea4/execute/async - {"script":"<script> [1562 bytes]","args":[{"selector":{"controlType":"sap.m.ObjectStatus","viewName":"etm.portal.ui.managehandovers.view.DetailManageHO","viewId":"application-managehandovers-display-component---detailManageHO","labelFor":{"text":"Status"}},"wdio_ui5_key":"etmportal.ui.managehandovers.view.DetailManageHOsap.m.ObjectStatus{\"text\":\"Status\"}"}]}
RESULT: {"script":"<script> [1562 bytes]","args":[{"selector":{"controlType":"sap.m.ObjectStatus","viewName":"etm.portal.ui.managehandovers.view.DetailManageHO","viewId":"application-managehandovers-display-component---detailManageHO","labelFor":{"text":"Status"}},"wdio_ui5_key":"etmportal.ui.managehandovers.view.DetailManageHOsap.m.ObjectStatus{\"text\":\"Status\"}"}]}
RESULT: undefined
COMMAND: POST /session/5d4f89c809828bc74d2aa9c512c29ea4/execute/async - {"script":"<script> [6424 bytes]","args":[{"element-6066-11e4-a52e-4f735466cecf":"f.531E98D0DADB2C7D9F82DA313210FC25.d.3D9D8F5B4AA011EB4BEE01E1A10182C8.e.18194"},"getText",[]]}
RESULT: {"script":"<script> [6424 bytes]","args":[{"element-6066-11e4-a52e-4f735466cecf":"f.531E98D0DADB2C7D9F82DA313210FC25.d.3D9D8F5B4AA011EB4BEE01E1A10182C8.e.18194"},"getText",[]]}
COMMAND: POST /session/5d4f89c809828bc74d2aa9c512c29ea4/element - {"using":"xpath","value":"//a[contains(@data-kt ,\"GeneralSectionReceiveContracttLink\")]"}
RESULT: {"using":"xpath","value":"//a[contains(@data-kt ,\"GeneralSectionReceiveContracttLink\")]"}
COMMAND: POST /session/5d4f89c809828bc74d2aa9c512c29ea4/element/f.531E98D0DADB2C7D9F82DA313210FC25.d.3D9D8F5B4AA011EB4BEE01E1A10182C8.e.18195/click - {}
RESULT: {}
COMMAND: GET /session/5d4f89c809828bc74d2aa9c512c29ea4/screenshot - {}
RESULT: {}
COMMAND: POST /session/5d4f89c809828bc74d2aa9c512c29ea4/element - {"using":"xpath","value":"//a[contains(@data-kt ,\"ContextMenuId2Link\")]"}
RESULT: {"using":"xpath","value":"//a[contains(@data-kt ,\"ContextMenuId2Link\")]"}
COMMAND: POST /session/5d4f89c809828bc74d2aa9c512c29ea4/element/f.531E98D0DADB2C7D9F82DA313210FC25.d.3D9D8F5B4AA011EB4BEE01E1A10182C8.e.18198/click - {}
RESULT: {}
COMMAND: GET /session/5d4f89c809828bc74d2aa9c512c29ea4/screenshot - {}
RESULT: {}
COMMAND: POST /session/5d4f89c809828bc74d2aa9c512c29ea4/execute/async - {"script":"<script> [1562 bytes]","args":[{"selector":{"controlType":"sap.m.ObjectStatus","viewName":"etm.portal.ui.managecontracts.view.Detail","bindingPath":{"propertyPath":"LINK_TO_LOGISTICAL_STATUS/DESCRIPTION","modelName":"catalogModel"}},"wdio_ui5_key":"etmportal.ui.managecontracts.view.Detailsap.m.ObjectStatus{\"propertyPath\":\"LINK_TO_LOGISTICAL_STATUS/DESCRIPTION\",\"modelName\":\"catalogModel\"}"}]}
RESULT: {"script":"<script> [1562 bytes]","args":[{"selector":{"controlType":"sap.m.ObjectStatus","viewName":"etm.portal.ui.managecontracts.view.Detail","bindingPath":{"propertyPath":"LINK_TO_LOGISTICAL_STATUS/DESCRIPTION","modelName":"catalogModel"}},"wdio_ui5_key":"etmportal.ui.managecontracts.view.Detailsap.m.ObjectStatus{\"propertyPath\":\"LINK_TO_LOGISTICAL_STATUS/DESCRIPTION\",\"modelName\":\"catalogModel\"}"}]}
RESULT: undefined
COMMAND: POST /session/5d4f89c809828bc74d2aa9c512c29ea4/execute/async - {"script":"<script> [6424 bytes]","args":[{"element-6066-11e4-a52e-4f735466cecf":"f.531E98D0DADB2C7D9F82DA313210FC25.d.3D9D8F5B4AA011EB4BEE01E1A10182C8.e.18437"},"getText",[]]}
RESULT: {"script":"<script> [6424 bytes]","args":[{"element-6066-11e4-a52e-4f735466cecf":"f.531E98D0DADB2C7D9F82DA313210FC25.d.3D9D8F5B4AA011EB4BEE01E1A10182C8.e.18437"},"getText",[]]}
COMMAND: POST /session/5d4f89c809828bc74d2aa9c512c29ea4/execute/async - {"script":"<script> [1562 bytes]","args":[{"selector":{"controlType":"sap.m.ObjectStatus","viewName":"etm.portal.ui.managecontracts.view.Detail","bindingPath":{"propertyPath":"LINK_TO_COMMERCIAL_STATUS/DESCRIPTION","modelName":"catalogModel"}},"wdio_ui5_key":"etmportal.ui.managecontracts.view.Detailsap.m.ObjectStatus{\"propertyPath\":\"LINK_TO_COMMERCIAL_STATUS/DESCRIPTION\",\"modelName\":\"catalogModel\"}"}]}
RESULT: {"script":"<script> [1562 bytes]","args":[{"selector":{"controlType":"sap.m.ObjectStatus","viewName":"etm.portal.ui.managecontracts.view.Detail","bindingPath":{"propertyPath":"LINK_TO_COMMERCIAL_STATUS/DESCRIPTION","modelName":"catalogModel"}},"wdio_ui5_key":"etmportal.ui.managecontracts.view.Detailsap.m.ObjectStatus{\"propertyPath\":\"LINK_TO_COMMERCIAL_STATUS/DESCRIPTION\",\"modelName\":\"catalogModel\"}"}]}
RESULT: undefined
COMMAND: POST /session/5d4f89c809828bc74d2aa9c512c29ea4/execute/async - {"script":"<script> [6424 bytes]","args":[{"element-6066-11e4-a52e-4f735466cecf":"f.531E98D0DADB2C7D9F82DA313210FC25.d.3D9D8F5B4AA011EB4BEE01E1A10182C8.e.18438"},"getText",[]]}
RESULT: {"script":"<script> [6424 bytes]","args":[{"element-6066-11e4-a52e-4f735466cecf":"f.531E98D0DADB2C7D9F82DA313210FC25.d.3D9D8F5B4AA011EB4BEE01E1A10182C8.e.18438"},"getText",[]]}
]]></system-out>
    </testcase>
    <testcase classname="chrome.135_0_7049_96.windows.E2E_-_Logistical_and_commercial_statuses" name="It should follow the handover steps to the status fully returned" time="233.816">
      <system-out><![CDATA[
COMMAND: POST /session/5d4f89c809828bc74d2aa9c512c29ea4/execute/async - {"script":"<script> [1562 bytes]","args":[{"selector":{"id":"contractDetailReturnButton","viewName":"etm.portal.ui.managecontracts.view.Detail","interaction":{"idSuffix":"BDI-content"}},"wdio_ui5_key":"contractDetailReturnButtonetmportal.ui.managecontracts.view.Detail"}]}
RESULT: {"script":"<script> [1562 bytes]","args":[{"selector":{"id":"contractDetailReturnButton","viewName":"etm.portal.ui.managecontracts.view.Detail","interaction":{"idSuffix":"BDI-content"}},"wdio_ui5_key":"contractDetailReturnButtonetmportal.ui.managecontracts.view.Detail"}]}
RESULT: undefined
COMMAND: POST /session/5d4f89c809828bc74d2aa9c512c29ea4/element - {"using":"xpath","value":"//*[@id=\"__xmlview2--contractDetailReturnButton\"]"}
RESULT: {"using":"xpath","value":"//*[@id=\"__xmlview2--contractDetailReturnButton\"]"}
COMMAND: POST /session/5d4f89c809828bc74d2aa9c512c29ea4/element/f.531E98D0DADB2C7D9F82DA313210FC25.d.3D9D8F5B4AA011EB4BEE01E1A10182C8.e.18300/click - {}
RESULT: {}
COMMAND: POST /session/5d4f89c809828bc74d2aa9c512c29ea4/execute/async - {"script":"<script> [1562 bytes]","args":[{"selector":{"id":"application-managehandovers-display-component---AddNewHO--dueDate","interaction":{"idSuffix":"inner"}},"wdio_ui5_key":"applicationmanagehandovers-display-component---AddNewHO--dueDate"}]}
COMMAND: GET /session/5d4f89c809828bc74d2aa9c512c29ea4/screenshot - {}
RESULT: {"script":"<script> [1562 bytes]","args":[{"selector":{"id":"application-managehandovers-display-component---AddNewHO--dueDate","interaction":{"idSuffix":"inner"}},"wdio_ui5_key":"applicationmanagehandovers-display-component---AddNewHO--dueDate"}]}
RESULT: undefined
COMMAND: POST /session/5d4f89c809828bc74d2aa9c512c29ea4/execute/async - {"script":"<script> [776 bytes]","args":[{"enterText":"05/05/25","selector":{"id":"application-managehandovers-display-component---AddNewHO--dueDate","interaction":{"idSuffix":"inner"}},"clearTextFirst":true,"interactionType":"ENTER_TEXT"}]}
RESULT: {}
RESULT: {"script":"<script> [776 bytes]","args":[{"enterText":"05/05/25","selector":{"id":"application-managehandovers-display-component---AddNewHO--dueDate","interaction":{"idSuffix":"inner"}},"clearTextFirst":true,"interactionType":"ENTER_TEXT"}]}
COMMAND: POST /session/5d4f89c809828bc74d2aa9c512c29ea4/element - {"using":"xpath","value":"//bdi[contains(@id ,\"application-managehandovers-display-component---AddNewHO--ObjectPageLayout-anchBar-application-managehandovers-display-component---AddNewHO--section4-anchor-BDI-content\")]"}
RESULT: {"using":"xpath","value":"//bdi[contains(@id ,\"application-managehandovers-display-component---AddNewHO--ObjectPageLayout-anchBar-application-managehandovers-display-component---AddNewHO--section4-anchor-BDI-content\")]"}
COMMAND: POST /session/5d4f89c809828bc74d2aa9c512c29ea4/element/f.531E98D0DADB2C7D9F82DA313210FC25.d.3D9D8F5B4AA011EB4BEE01E1A10182C8.e.18755/click - {}
RESULT: {}
COMMAND: GET /session/5d4f89c809828bc74d2aa9c512c29ea4/screenshot - {}
RESULT: {}
COMMAND: POST /session/5d4f89c809828bc74d2aa9c512c29ea4/element - {"using":"xpath","value":"//button[contains(@data-kt ,\"AddNewHOProvideAddItemsButton\")]"}
RESULT: {"using":"xpath","value":"//button[contains(@data-kt ,\"AddNewHOProvideAddItemsButton\")]"}
COMMAND: POST /session/5d4f89c809828bc74d2aa9c512c29ea4/element/f.531E98D0DADB2C7D9F82DA313210FC25.d.3D9D8F5B4AA011EB4BEE01E1A10182C8.e.18554/click - {}
RESULT: {}
COMMAND: GET /session/5d4f89c809828bc74d2aa9c512c29ea4/screenshot - {}
RESULT: {}
COMMAND: POST /session/5d4f89c809828bc74d2aa9c512c29ea4/execute/async - {"script":"<script> [1562 bytes]","args":[{"selector":{"id":"application-managehandovers-display-component---AddNewHO--popup-sa","searchOpenDialogs":true,"interaction":{"idSuffix":"CbBg"}},"wdio_ui5_key":"applicationmanagehandovers-display-component---AddNewHO--popup-sa"}]}
RESULT: {"script":"<script> [1562 bytes]","args":[{"selector":{"id":"application-managehandovers-display-component---AddNewHO--popup-sa","searchOpenDialogs":true,"interaction":{"idSuffix":"CbBg"}},"wdio_ui5_key":"applicationmanagehandovers-display-component---AddNewHO--popup-sa"}]}
RESULT: undefined
COMMAND: POST /session/5d4f89c809828bc74d2aa9c512c29ea4/element - {"using":"xpath","value":"//*[@id=\"application-managehandovers-display-component---AddNewHO--popup-sa\"]"}
RESULT: {"using":"xpath","value":"//*[@id=\"application-managehandovers-display-component---AddNewHO--popup-sa\"]"}
COMMAND: POST /session/5d4f89c809828bc74d2aa9c512c29ea4/element/f.531E98D0DADB2C7D9F82DA313210FC25.d.3D9D8F5B4AA011EB4BEE01E1A10182C8.e.18774/click - {}
RESULT: {}
COMMAND: POST /session/5d4f89c809828bc74d2aa9c512c29ea4/execute/async - {"script":"<script> [1562 bytes]","args":[{"selector":{"controlType":"sap.m.Button","viewName":"etm.portal.ui.managehandovers.view.AddNewHO","viewId":"application-managehandovers-display-component---AddNewHO","i18NText":{"propertyName":"text","key":"select"},"searchOpenDialogs":true,"interaction":{"idSuffix":"BDI-content"}},"wdio_ui5_key":"etmportal.ui.managehandovers.view.AddNewHOsap.m.Button{\"propertyName\":\"text\",\"key\":\"select\"}"}]}
COMMAND: GET /session/5d4f89c809828bc74d2aa9c512c29ea4/screenshot - {}
RESULT: {"script":"<script> [1562 bytes]","args":[{"selector":{"controlType":"sap.m.Button","viewName":"etm.portal.ui.managehandovers.view.AddNewHO","viewId":"application-managehandovers-display-component---AddNewHO","i18NText":{"propertyName":"text","key":"select"},"searchOpenDialogs":true,"interaction":{"idSuffix":"BDI-content"}},"wdio_ui5_key":"etmportal.ui.managehandovers.view.AddNewHOsap.m.Button{\"propertyName\":\"text\",\"key\":\"select\"}"}]}
RESULT: undefined
COMMAND: POST /session/5d4f89c809828bc74d2aa9c512c29ea4/element - {"using":"xpath","value":"//*[@id=\"__button60\"]"}
RESULT: {}
RESULT: {"using":"xpath","value":"//*[@id=\"__button60\"]"}
COMMAND: POST /session/5d4f89c809828bc74d2aa9c512c29ea4/element/f.531E98D0DADB2C7D9F82DA313210FC25.d.3D9D8F5B4AA011EB4BEE01E1A10182C8.e.18777/click - {}
RESULT: {}
COMMAND: GET /session/5d4f89c809828bc74d2aa9c512c29ea4/screenshot - {}
RESULT: {}
COMMAND: POST /session/5d4f89c809828bc74d2aa9c512c29ea4/execute/async - {"script":"<script> [1562 bytes]","args":[{"selector":{"id":"application-managehandovers-display-component---AddNewHO--confirmCreationButton","interaction":{"idSuffix":"BDI-content"}},"wdio_ui5_key":"applicationmanagehandovers-display-component---AddNewHO--confirmCreationButton"}]}
RESULT: {"script":"<script> [1562 bytes]","args":[{"selector":{"id":"application-managehandovers-display-component---AddNewHO--confirmCreationButton","interaction":{"idSuffix":"BDI-content"}},"wdio_ui5_key":"applicationmanagehandovers-display-component---AddNewHO--confirmCreationButton"}]}
RESULT: undefined
COMMAND: POST /session/5d4f89c809828bc74d2aa9c512c29ea4/element - {"using":"xpath","value":"//*[@id=\"application-managehandovers-display-component---AddNewHO--confirmCreationButton\"]"}
RESULT: {"using":"xpath","value":"//*[@id=\"application-managehandovers-display-component---AddNewHO--confirmCreationButton\"]"}
COMMAND: POST /session/5d4f89c809828bc74d2aa9c512c29ea4/element/f.531E98D0DADB2C7D9F82DA313210FC25.d.3D9D8F5B4AA011EB4BEE01E1A10182C8.e.18561/click - {}
RESULT: {}
COMMAND: GET /session/5d4f89c809828bc74d2aa9c512c29ea4/screenshot - {}
RESULT: {}
COMMAND: POST /session/5d4f89c809828bc74d2aa9c512c29ea4/execute/async - {"script":"<script> [1562 bytes]","args":[{"selector":{"controlType":"sap.m.Text","viewName":"etm.portal.ui.managehandovers.view.DetailExecuteHO","bindingPath":{"propertyPath":"NO","modelName":"catalogModel"}},"wdio_ui5_key":"etmportal.ui.managehandovers.view.DetailExecuteHOsap.m.Text{\"propertyPath\":\"NO\",\"modelName\":\"catalogModel\"}"}]}
RESULT: {"script":"<script> [1562 bytes]","args":[{"selector":{"controlType":"sap.m.Text","viewName":"etm.portal.ui.managehandovers.view.DetailExecuteHO","bindingPath":{"propertyPath":"NO","modelName":"catalogModel"}},"wdio_ui5_key":"etmportal.ui.managehandovers.view.DetailExecuteHOsap.m.Text{\"propertyPath\":\"NO\",\"modelName\":\"catalogModel\"}"}]}
RESULT: undefined
COMMAND: POST /session/5d4f89c809828bc74d2aa9c512c29ea4/execute/async - {"script":"<script> [6424 bytes]","args":[{"element-6066-11e4-a52e-4f735466cecf":"f.531E98D0DADB2C7D9F82DA313210FC25.d.3D9D8F5B4AA011EB4BEE01E1A10182C8.e.18835"},"getText",[]]}
RESULT: {"script":"<script> [6424 bytes]","args":[{"element-6066-11e4-a52e-4f735466cecf":"f.531E98D0DADB2C7D9F82DA313210FC25.d.3D9D8F5B4AA011EB4BEE01E1A10182C8.e.18835"},"getText",[]]}
COMMAND: POST /session/5d4f89c809828bc74d2aa9c512c29ea4/element - {"using":"xpath","value":"//a[contains(@data-kt ,\"GeneralSectionSendContractLink\")]"}
RESULT: {"using":"xpath","value":"//a[contains(@data-kt ,\"GeneralSectionSendContractLink\")]"}
COMMAND: POST /session/5d4f89c809828bc74d2aa9c512c29ea4/element/f.531E98D0DADB2C7D9F82DA313210FC25.d.3D9D8F5B4AA011EB4BEE01E1A10182C8.e.18836/click - {}
RESULT: {}
COMMAND: GET /session/5d4f89c809828bc74d2aa9c512c29ea4/screenshot - {}
RESULT: {}
COMMAND: POST /session/5d4f89c809828bc74d2aa9c512c29ea4/element - {"using":"xpath","value":"//a[contains(@data-kt ,\"ContextMenuId2Link\")]"}
RESULT: {"using":"xpath","value":"//a[contains(@data-kt ,\"ContextMenuId2Link\")]"}
COMMAND: POST /session/5d4f89c809828bc74d2aa9c512c29ea4/elements - {"using":"xpath","value":"//a[contains(@data-kt ,\"ContextMenuId2Link\")]"}
RESULT: {"using":"xpath","value":"//a[contains(@data-kt ,\"ContextMenuId2Link\")]"}
COMMAND: POST /session/5d4f89c809828bc74d2aa9c512c29ea4/element/f.531E98D0DADB2C7D9F82DA313210FC25.d.3D9D8F5B4AA011EB4BEE01E1A10182C8.e.18840/click - {}
RESULT: {}
COMMAND: GET /session/5d4f89c809828bc74d2aa9c512c29ea4/screenshot - {}
RESULT: {}
COMMAND: POST /session/5d4f89c809828bc74d2aa9c512c29ea4/execute/async - {"script":"<script> [1562 bytes]","args":[{"selector":{"controlType":"sap.m.Link","viewName":"etm.portal.ui.managehandovers.view.DetailExecuteHO","properties":{"text":"Contract Overview"},"searchOpenDialogs":true},"wdio_ui5_key":"etmportal.ui.managehandovers.view.DetailExecuteHOsap.m.Link{\"text\":\"Contract Overview\"}"}]}
RESULT: {"script":"<script> [1562 bytes]","args":[{"selector":{"controlType":"sap.m.Link","viewName":"etm.portal.ui.managehandovers.view.DetailExecuteHO","properties":{"text":"Contract Overview"},"searchOpenDialogs":true},"wdio_ui5_key":"etmportal.ui.managehandovers.view.DetailExecuteHOsap.m.Link{\"text\":\"Contract Overview\"}"}]}
RESULT: undefined
RESULT: undefined
COMMAND: POST /session/5d4f89c809828bc74d2aa9c512c29ea4/execute/async - {"script":"<script> [6424 bytes]","args":[{"element-6066-11e4-a52e-4f735466cecf":"f.531E98D0DADB2C7D9F82DA313210FC25.d.3D9D8F5B4AA011EB4BEE01E1A10182C8.e.18437"},"getText",[]]}
COMMAND: POST /session/5d4f89c809828bc74d2aa9c512c29ea4/execute/async - {"script":"<script> [1562 bytes]","args":[{"selector":{"controlType":"sap.m.ObjectStatus","viewName":"etm.portal.ui.managecontracts.view.Detail","bindingPath":{"propertyPath":"LINK_TO_LOGISTICAL_STATUS/DESCRIPTION","modelName":"catalogModel"}},"wdio_ui5_key":"etmportal.ui.managecontracts.view.Detailsap.m.ObjectStatus{\"propertyPath\":\"LINK_TO_LOGISTICAL_STATUS/DESCRIPTION\",\"modelName\":\"catalogModel\"}"}]}
RESULT: {"script":"<script> [1562 bytes]","args":[{"selector":{"controlType":"sap.m.ObjectStatus","viewName":"etm.portal.ui.managecontracts.view.Detail","bindingPath":{"propertyPath":"LINK_TO_LOGISTICAL_STATUS/DESCRIPTION","modelName":"catalogModel"}},"wdio_ui5_key":"etmportal.ui.managecontracts.view.Detailsap.m.ObjectStatus{\"propertyPath\":\"LINK_TO_LOGISTICAL_STATUS/DESCRIPTION\",\"modelName\":\"catalogModel\"}"}]}
COMMAND: POST /session/5d4f89c809828bc74d2aa9c512c29ea4/execute/async - {"script":"<script> [6424 bytes]","args":[{"element-6066-11e4-a52e-4f735466cecf":"f.531E98D0DADB2C7D9F82DA313210FC25.d.3D9D8F5B4AA011EB4BEE01E1A10182C8.e.19063"},"getText",[]]}
RESULT: {"script":"<script> [6424 bytes]","args":[{"element-6066-11e4-a52e-4f735466cecf":"f.531E98D0DADB2C7D9F82DA313210FC25.d.3D9D8F5B4AA011EB4BEE01E1A10182C8.e.19063"},"getText",[]]}
RESULT: undefined
COMMAND: POST /session/5d4f89c809828bc74d2aa9c512c29ea4/execute/async - {"script":"<script> [6424 bytes]","args":[{"element-6066-11e4-a52e-4f735466cecf":"f.531E98D0DADB2C7D9F82DA313210FC25.d.3D9D8F5B4AA011EB4BEE01E1A10182C8.e.18438"},"getText",[]]}
COMMAND: POST /session/5d4f89c809828bc74d2aa9c512c29ea4/execute/async - {"script":"<script> [1562 bytes]","args":[{"selector":{"controlType":"sap.m.ObjectStatus","viewName":"etm.portal.ui.managecontracts.view.Detail","bindingPath":{"propertyPath":"LINK_TO_COMMERCIAL_STATUS/DESCRIPTION","modelName":"catalogModel"}},"wdio_ui5_key":"etmportal.ui.managecontracts.view.Detailsap.m.ObjectStatus{\"propertyPath\":\"LINK_TO_COMMERCIAL_STATUS/DESCRIPTION\",\"modelName\":\"catalogModel\"}"}]}
RESULT: {"script":"<script> [1562 bytes]","args":[{"selector":{"controlType":"sap.m.ObjectStatus","viewName":"etm.portal.ui.managecontracts.view.Detail","bindingPath":{"propertyPath":"LINK_TO_COMMERCIAL_STATUS/DESCRIPTION","modelName":"catalogModel"}},"wdio_ui5_key":"etmportal.ui.managecontracts.view.Detailsap.m.ObjectStatus{\"propertyPath\":\"LINK_TO_COMMERCIAL_STATUS/DESCRIPTION\",\"modelName\":\"catalogModel\"}"}]}
COMMAND: POST /session/5d4f89c809828bc74d2aa9c512c29ea4/execute/async - {"script":"<script> [6424 bytes]","args":[{"element-6066-11e4-a52e-4f735466cecf":"f.531E98D0DADB2C7D9F82DA313210FC25.d.3D9D8F5B4AA011EB4BEE01E1A10182C8.e.19064"},"getText",[]]}
RESULT: {"script":"<script> [6424 bytes]","args":[{"element-6066-11e4-a52e-4f735466cecf":"f.531E98D0DADB2C7D9F82DA313210FC25.d.3D9D8F5B4AA011EB4BEE01E1A10182C8.e.19064"},"getText",[]]}
COMMAND: POST /session/5d4f89c809828bc74d2aa9c512c29ea4/execute/async - {"script":"<script> [1562 bytes]","args":[{"selector":{"id":"backBtn"},"wdio_ui5_key":"backBtn"}]}
RESULT: {"script":"<script> [1562 bytes]","args":[{"selector":{"id":"backBtn"},"wdio_ui5_key":"backBtn"}]}
RESULT: undefined
COMMAND: POST /session/5d4f89c809828bc74d2aa9c512c29ea4/element - {"using":"xpath","value":"//*[@id=\"backBtn\"]"}
RESULT: {"using":"xpath","value":"//*[@id=\"backBtn\"]"}
COMMAND: POST /session/5d4f89c809828bc74d2aa9c512c29ea4/element/f.531E98D0DADB2C7D9F82DA313210FC25.d.3D9D8F5B4AA011EB4BEE01E1A10182C8.e.19065/click - {}
RESULT: {}
COMMAND: GET /session/5d4f89c809828bc74d2aa9c512c29ea4/screenshot - {}
RESULT: {}
COMMAND: POST /session/5d4f89c809828bc74d2aa9c512c29ea4/execute/async - {"script":"<script> [1562 bytes]","args":[{"selector":{"controlType":"sap.m.Button","viewName":"etm.portal.ui.managehandovers.view.DetailExecuteHO","i18NText":{"propertyName":"text","key":"confirmAll"},"interaction":{"idSuffix":"BDI-content"}},"wdio_ui5_key":"etmportal.ui.managehandovers.view.DetailExecuteHOsap.m.Button{\"propertyName\":\"text\",\"key\":\"confirmAll\"}"}]}
RESULT: {"script":"<script> [1562 bytes]","args":[{"selector":{"controlType":"sap.m.Button","viewName":"etm.portal.ui.managehandovers.view.DetailExecuteHO","i18NText":{"propertyName":"text","key":"confirmAll"},"interaction":{"idSuffix":"BDI-content"}},"wdio_ui5_key":"etmportal.ui.managehandovers.view.DetailExecuteHOsap.m.Button{\"propertyName\":\"text\",\"key\":\"confirmAll\"}"}]}
RESULT: undefined
COMMAND: POST /session/5d4f89c809828bc74d2aa9c512c29ea4/element - {"using":"xpath","value":"//*[@id=\"__button143\"]"}
RESULT: {"using":"xpath","value":"//*[@id=\"__button143\"]"}
COMMAND: POST /session/5d4f89c809828bc74d2aa9c512c29ea4/element/f.531E98D0DADB2C7D9F82DA313210FC25.d.3D9D8F5B4AA011EB4BEE01E1A10182C8.e.19368/click - {}
RESULT: {}
COMMAND: POST /session/5d4f89c809828bc74d2aa9c512c29ea4/execute/async - {"script":"<script> [1562 bytes]","args":[{"selector":{"controlType":"sap.m.Button","properties":{"text":"OK"},"searchOpenDialogs":true,"interaction":{"idSuffix":"BDI-content"}},"wdio_ui5_key":"sapm.Button{\"text\":\"OK\"}"}]}
COMMAND: GET /session/5d4f89c809828bc74d2aa9c512c29ea4/screenshot - {}
RESULT: {"script":"<script> [1562 bytes]","args":[{"selector":{"controlType":"sap.m.Button","properties":{"text":"OK"},"searchOpenDialogs":true,"interaction":{"idSuffix":"BDI-content"}},"wdio_ui5_key":"sapm.Button{\"text\":\"OK\"}"}]}
RESULT: undefined
COMMAND: POST /session/5d4f89c809828bc74d2aa9c512c29ea4/element - {"using":"xpath","value":"//*[@id=\"__mbox-btn-0\"]"}
RESULT: {}
RESULT: {"using":"xpath","value":"//*[@id=\"__mbox-btn-0\"]"}
COMMAND: POST /session/5d4f89c809828bc74d2aa9c512c29ea4/element/f.531E98D0DADB2C7D9F82DA313210FC25.d.3D9D8F5B4AA011EB4BEE01E1A10182C8.e.19369/click - {}
RESULT: {}
COMMAND: GET /session/5d4f89c809828bc74d2aa9c512c29ea4/screenshot - {}
RESULT: {}
COMMAND: POST /session/5d4f89c809828bc74d2aa9c512c29ea4/element - {"using":"xpath","value":"//button[contains(@data-kt ,\"execHoIssueFooterButton\")]"}
RESULT: {"using":"xpath","value":"//button[contains(@data-kt ,\"execHoIssueFooterButton\")]"}
COMMAND: POST /session/5d4f89c809828bc74d2aa9c512c29ea4/element/f.531E98D0DADB2C7D9F82DA313210FC25.d.3D9D8F5B4AA011EB4BEE01E1A10182C8.e.19373/click - {}
RESULT: {}
COMMAND: GET /session/5d4f89c809828bc74d2aa9c512c29ea4/screenshot - {}
RESULT: {}
COMMAND: POST /session/5d4f89c809828bc74d2aa9c512c29ea4/refresh - {}
RESULT: {}
COMMAND: GET /session/5d4f89c809828bc74d2aa9c512c29ea4/screenshot - {}
RESULT: {}
COMMAND: POST /session/5d4f89c809828bc74d2aa9c512c29ea4/refresh - {}
RESULT: {}
COMMAND: GET /session/5d4f89c809828bc74d2aa9c512c29ea4/screenshot - {}
RESULT: {}
COMMAND: POST /session/5d4f89c809828bc74d2aa9c512c29ea4/window/fullscreen - {}
RESULT: {}
COMMAND: POST /session/5d4f89c809828bc74d2aa9c512c29ea4/execute/async - {"script":"<script> [189 bytes]","args":[]}
RESULT: {"script":"<script> [189 bytes]","args":[]}
COMMAND: POST /session/5d4f89c809828bc74d2aa9c512c29ea4/execute/async - {"script":"<script> [123 bytes]","args":[]}
RESULT: {"script":"<script> [123 bytes]","args":[]}
COMMAND: POST /session/5d4f89c809828bc74d2aa9c512c29ea4/timeouts - {"script":"<number>"}
RESULT: {"script":"<number>"}
COMMAND: GET /session/5d4f89c809828bc74d2aa9c512c29ea4/timeouts - {}
RESULT: {}
RESULT: undefined
COMMAND: POST /session/5d4f89c809828bc74d2aa9c512c29ea4/execute/async - {"script":"<script> [2676 bytes]","args":[]}
RESULT: {"script":"<script> [2676 bytes]","args":[]}
COMMAND: POST /session/5d4f89c809828bc74d2aa9c512c29ea4/execute/async - {"script":"<script> [2342 bytes]","args":[{"protocol":"http","hostname":"0.0.0.0","path":"/","capabilities":{"browserName":"chrome","goog:chromeOptions":{"binary":"C:\\Program Files\\Google\\Chrome\\Application\\chrome.exe","args":["--start-maximized"]}},"logLevel":"warn","connectionRetryTimeout":120000,"connectionRetryCount":3,"logLevels":{},"enableDirectConnect":true,"strictSSL":true,"_":"65 more keys: [\"cacheDir\",\"port\",\"requestedCapabilities\",\"automationProtocol\",\"baseUrl\",\"waitforInterval\",\"waitforTimeout\",\"onReload\",\"beforeCommand\",\"afterCommand\",\"rootDir\",\"specs\",\"suites\",\"exclude\",\"groupLogsByTestSpec\",\"excludeDriverLogs\",\"bail\",\"framework\",\"reporters\",\"services\",\"maxInstances\",\"maxInstancesPerCapability\",\"injectGlobals\",\"filesToWatch\",\"execArgv\",\"runnerEnv\",\"runner\",\"shard\",\"specFileRetries\",\"specFileRetriesDelay\",\"specFileRetriesDeferred\",\"reporterSyncInterval\",\"reporterSyncTimeout\",\"cucumberFeaturesWithLineNumbers\",\"autoCompileOpts\",\"mochaOpts\",\"jasmineOpts\",\"cucumberOpts\",\"onPrepare\",\"onWorkerStart\",\"onWorkerEnd\",\"before\",\"beforeSession\",\"beforeSuite\",\"beforeHook\",\"beforeTest\",\"afterTest\",\"afterHook\",\"afterSuite\",\"afterSession\",\"after\",\"onComplete\",\"beforeAssertion\",\"afterAssertion\",\"beforeFeature\",\"beforeScenario\",\"beforeStep\",\"afterStep\",\"afterScenario\",\"afterFeature\",\"_\",\"suite\",\"$0\",\"ignoredWorkerServices\",\"wdi5\"]"}]}
RESULT: {"script":"<script> [2342 bytes]","args":[{"protocol":"http","hostname":"0.0.0.0","path":"/","capabilities":{"browserName":"chrome","goog:chromeOptions":{"binary":"C:\\Program Files\\Google\\Chrome\\Application\\chrome.exe","args":["--start-maximized"]}},"logLevel":"warn","connectionRetryTimeout":120000,"connectionRetryCount":3,"logLevels":{},"enableDirectConnect":true,"strictSSL":true,"_":"65 more keys: [\"cacheDir\",\"port\",\"requestedCapabilities\",\"automationProtocol\",\"baseUrl\",\"waitforInterval\",\"waitforTimeout\",\"onReload\",\"beforeCommand\",\"afterCommand\",\"rootDir\",\"specs\",\"suites\",\"exclude\",\"groupLogsByTestSpec\",\"excludeDriverLogs\",\"bail\",\"framework\",\"reporters\",\"services\",\"maxInstances\",\"maxInstancesPerCapability\",\"injectGlobals\",\"filesToWatch\",\"execArgv\",\"runnerEnv\",\"runner\",\"shard\",\"specFileRetries\",\"specFileRetriesDelay\",\"specFileRetriesDeferred\",\"reporterSyncInterval\",\"reporterSyncTimeout\",\"cucumberFeaturesWithLineNumbers\",\"autoCompileOpts\",\"mochaOpts\",\"jasmineOpts\",\"cucumberOpts\",\"onPrepare\",\"onWorkerStart\",\"onWorkerEnd\",\"before\",\"beforeSession\",\"beforeSuite\",\"beforeHook\",\"beforeTest\",\"afterTest\",\"afterHook\",\"afterSuite\",\"afterSession\",\"after\",\"onComplete\",\"beforeAssertion\",\"afterAssertion\",\"beforeFeature\",\"beforeScenario\",\"beforeStep\",\"afterStep\",\"afterScenario\",\"afterFeature\",\"_\",\"suite\",\"$0\",\"ignoredWorkerServices\",\"wdi5\"]"}]}
COMMAND: POST /session/5d4f89c809828bc74d2aa9c512c29ea4/execute/async - {"script":"<script> [21126 bytes]","args":[35000]}
RESULT: {"script":"<script> [21126 bytes]","args":[35000]}
COMMAND: POST /session/5d4f89c809828bc74d2aa9c512c29ea4/execute/async - {"script":"<script> [1562 bytes]","args":[{"selector":{"controlType":"sap.m.SearchField","viewName":"etm.portal.ui.managehandovers.view.MasterHO","bindingPath":{"path":"","propertyPath":"/_BASIC_SEARCH_FIELD","modelName":"fi1t3rM0d31"},"interaction":{"idSuffix":"I"}},"wdio_ui5_key":"etmportal.ui.managehandovers.view.MasterHOsap.m.SearchField{\"path\":\"\",\"propertyPath\":\"/_BASIC_SEARCH_FIELD\",\"modelName\":\"fi1t3rM0d31\"}"}]}
RESULT: {"script":"<script> [1562 bytes]","args":[{"selector":{"controlType":"sap.m.SearchField","viewName":"etm.portal.ui.managehandovers.view.MasterHO","bindingPath":{"path":"","propertyPath":"/_BASIC_SEARCH_FIELD","modelName":"fi1t3rM0d31"},"interaction":{"idSuffix":"I"}},"wdio_ui5_key":"etmportal.ui.managehandovers.view.MasterHOsap.m.SearchField{\"path\":\"\",\"propertyPath\":\"/_BASIC_SEARCH_FIELD\",\"modelName\":\"fi1t3rM0d31\"}"}]}
RESULT: undefined
COMMAND: POST /session/5d4f89c809828bc74d2aa9c512c29ea4/execute/async - {"script":"<script> [776 bytes]","args":[{"enterText":"30830","selector":{"controlType":"sap.m.SearchField","viewName":"etm.portal.ui.managehandovers.view.MasterHO","bindingPath":{"path":"","propertyPath":"/_BASIC_SEARCH_FIELD","modelName":"fi1t3rM0d31"},"interaction":{"idSuffix":"I"}},"clearTextFirst":true,"interactionType":"ENTER_TEXT"}]}
RESULT: {"script":"<script> [776 bytes]","args":[{"enterText":"30830","selector":{"controlType":"sap.m.SearchField","viewName":"etm.portal.ui.managehandovers.view.MasterHO","bindingPath":{"path":"","propertyPath":"/_BASIC_SEARCH_FIELD","modelName":"fi1t3rM0d31"},"interaction":{"idSuffix":"I"}},"clearTextFirst":true,"interactionType":"ENTER_TEXT"}]}
COMMAND: POST /session/5d4f89c809828bc74d2aa9c512c29ea4/actions - {"actions":[{"id":"action85","type":"key","parameters":{},"actions":[{"type":"keyDown","value":"î€‡"},{"type":"pause","duration":10},{"type":"keyUp","value":"î€‡"}]}]}
RESULT: {"actions":[{"id":"action85","type":"key","parameters":{},"actions":[{"type":"keyDown","value":"î€‡"},{"type":"pause","duration":10},{"type":"keyUp","value":"î€‡"}]}]}
COMMAND: GET /session/5d4f89c809828bc74d2aa9c512c29ea4/screenshot - {}
RESULT: {}
COMMAND: POST /session/5d4f89c809828bc74d2aa9c512c29ea4/execute/async - {"script":"<script> [1562 bytes]","args":[{"selector":{"controlType":"sap.m.Title","viewName":"etm.portal.ui.managehandovers.view.MasterHO","properties":{"text":"Records (1)"}},"wdio_ui5_key":"etmportal.ui.managehandovers.view.MasterHOsap.m.Title{\"text\":\"Records (1)\"}"}]}
RESULT: {"script":"<script> [1562 bytes]","args":[{"selector":{"controlType":"sap.m.Title","viewName":"etm.portal.ui.managehandovers.view.MasterHO","properties":{"text":"Records (1)"}},"wdio_ui5_key":"etmportal.ui.managehandovers.view.MasterHOsap.m.Title{\"text\":\"Records (1)\"}"}]}
RESULT: undefined
COMMAND: POST /session/5d4f89c809828bc74d2aa9c512c29ea4/execute/async - {"script":"<script> [6424 bytes]","args":[{"element-6066-11e4-a52e-4f735466cecf":"f.531E98D0DADB2C7D9F82DA313210FC25.d.8674923F03C59D031C2FDC6CFE760356.e.19668"},"getText",[]]}
RESULT: {"script":"<script> [6424 bytes]","args":[{"element-6066-11e4-a52e-4f735466cecf":"f.531E98D0DADB2C7D9F82DA313210FC25.d.8674923F03C59D031C2FDC6CFE760356.e.19668"},"getText",[]]}
COMMAND: POST /session/5d4f89c809828bc74d2aa9c512c29ea4/execute/async - {"script":"<script> [1562 bytes]","args":[{"selector":{"controlType":"sap.ui.core.Icon","viewName":"etm.portal.ui.managehandovers.view.MasterHO","properties":{"src":{"regex":{"source":"slim\\-arrow\\-right"}}}},"wdio_ui5_key":"etmportal.ui.managehandovers.view.MasterHOsap.ui.core.Icon{\"src\":{\"regex\":{\"source\":\"slim\\\\-arrow\\\\-right\"}}}"}]}
RESULT: {"script":"<script> [1562 bytes]","args":[{"selector":{"controlType":"sap.ui.core.Icon","viewName":"etm.portal.ui.managehandovers.view.MasterHO","properties":{"src":{"regex":{"source":"slim\\-arrow\\-right"}}}},"wdio_ui5_key":"etmportal.ui.managehandovers.view.MasterHOsap.ui.core.Icon{\"src\":{\"regex\":{\"source\":\"slim\\\\-arrow\\\\-right\"}}}"}]}
RESULT: undefined
COMMAND: POST /session/5d4f89c809828bc74d2aa9c512c29ea4/element - {"using":"xpath","value":"//*[@id=\"__item30-__clone16-imgNav\"]"}
RESULT: {"using":"xpath","value":"//*[@id=\"__item30-__clone16-imgNav\"]"}
COMMAND: POST /session/5d4f89c809828bc74d2aa9c512c29ea4/element/f.531E98D0DADB2C7D9F82DA313210FC25.d.8674923F03C59D031C2FDC6CFE760356.e.19667/click - {}
RESULT: {}
COMMAND: GET /session/5d4f89c809828bc74d2aa9c512c29ea4/screenshot - {}
RESULT: {}
COMMAND: POST /session/5d4f89c809828bc74d2aa9c512c29ea4/execute/async - {"script":"<script> [1562 bytes]","args":[{"selector":{"controlType":"sap.m.ObjectStatus","viewName":"etm.portal.ui.managehandovers.view.DetailManageHO","viewId":"application-managehandovers-display-component---detailManageHO","labelFor":{"text":"Status"}},"wdio_ui5_key":"etmportal.ui.managehandovers.view.DetailManageHOsap.m.ObjectStatus{\"text\":\"Status\"}"}]}
RESULT: {"script":"<script> [1562 bytes]","args":[{"selector":{"controlType":"sap.m.ObjectStatus","viewName":"etm.portal.ui.managehandovers.view.DetailManageHO","viewId":"application-managehandovers-display-component---detailManageHO","labelFor":{"text":"Status"}},"wdio_ui5_key":"etmportal.ui.managehandovers.view.DetailManageHOsap.m.ObjectStatus{\"text\":\"Status\"}"}]}
RESULT: undefined
COMMAND: POST /session/5d4f89c809828bc74d2aa9c512c29ea4/execute/async - {"script":"<script> [6424 bytes]","args":[{"element-6066-11e4-a52e-4f735466cecf":"f.531E98D0DADB2C7D9F82DA313210FC25.d.8674923F03C59D031C2FDC6CFE760356.e.19756"},"getText",[]]}
RESULT: {"script":"<script> [6424 bytes]","args":[{"element-6066-11e4-a52e-4f735466cecf":"f.531E98D0DADB2C7D9F82DA313210FC25.d.8674923F03C59D031C2FDC6CFE760356.e.19756"},"getText",[]]}
COMMAND: POST /session/5d4f89c809828bc74d2aa9c512c29ea4/element - {"using":"xpath","value":"//a[contains(@data-kt ,\"GeneralSectionSendContractLink\")]"}
RESULT: {"using":"xpath","value":"//a[contains(@data-kt ,\"GeneralSectionSendContractLink\")]"}
COMMAND: POST /session/5d4f89c809828bc74d2aa9c512c29ea4/element/f.531E98D0DADB2C7D9F82DA313210FC25.d.8674923F03C59D031C2FDC6CFE760356.e.19757/click - {}
RESULT: {}
COMMAND: GET /session/5d4f89c809828bc74d2aa9c512c29ea4/screenshot - {}
RESULT: {}
COMMAND: POST /session/5d4f89c809828bc74d2aa9c512c29ea4/elements - {"using":"xpath","value":"//a[contains(@data-kt ,\"ContextMenuId2Link\")]"}
RESULT: {"using":"xpath","value":"//a[contains(@data-kt ,\"ContextMenuId2Link\")]"}
COMMAND: POST /session/5d4f89c809828bc74d2aa9c512c29ea4/element/f.531E98D0DADB2C7D9F82DA313210FC25.d.3D9D8F5B4AA011EB4BEE01E1A10182C8.e.18840/click - {}
COMMAND: POST /session/5d4f89c809828bc74d2aa9c512c29ea4/element - {"using":"xpath","value":"//a[contains(@data-kt ,\"ContextMenuId2Link\")]"}
RESULT: {"using":"xpath","value":"//a[contains(@data-kt ,\"ContextMenuId2Link\")]"}
COMMAND: POST /session/5d4f89c809828bc74d2aa9c512c29ea4/element/f.531E98D0DADB2C7D9F82DA313210FC25.d.3D9D8F5B4AA011EB4BEE01E1A10182C8.e.18840/click - {}
COMMAND: POST /session/5d4f89c809828bc74d2aa9c512c29ea4/element - {"using":"xpath","value":"//a[contains(@data-kt ,\"ContextMenuId2Link\")]"}
RESULT: {"using":"xpath","value":"//a[contains(@data-kt ,\"ContextMenuId2Link\")]"}
COMMAND: POST /session/5d4f89c809828bc74d2aa9c512c29ea4/element/f.531E98D0DADB2C7D9F82DA313210FC25.d.8674923F03C59D031C2FDC6CFE760356.e.19760/click - {}
RESULT: {}
COMMAND: GET /session/5d4f89c809828bc74d2aa9c512c29ea4/screenshot - {}
RESULT: {}
COMMAND: POST /session/5d4f89c809828bc74d2aa9c512c29ea4/execute/async - {"script":"<script> [1562 bytes]","args":[{"selector":{"controlType":"sap.m.ObjectStatus","viewName":"etm.portal.ui.managecontracts.view.Detail","bindingPath":{"propertyPath":"LINK_TO_COMMERCIAL_STATUS/DESCRIPTION","modelName":"catalogModel"}},"wdio_ui5_key":"etmportal.ui.managecontracts.view.Detailsap.m.ObjectStatus{\"propertyPath\":\"LINK_TO_COMMERCIAL_STATUS/DESCRIPTION\",\"modelName\":\"catalogModel\"}"}]}
RESULT: {"script":"<script> [1562 bytes]","args":[{"selector":{"controlType":"sap.m.ObjectStatus","viewName":"etm.portal.ui.managecontracts.view.Detail","bindingPath":{"propertyPath":"LINK_TO_COMMERCIAL_STATUS/DESCRIPTION","modelName":"catalogModel"}},"wdio_ui5_key":"etmportal.ui.managecontracts.view.Detailsap.m.ObjectStatus{\"propertyPath\":\"LINK_TO_COMMERCIAL_STATUS/DESCRIPTION\",\"modelName\":\"catalogModel\"}"}]}
RESULT: undefined
COMMAND: POST /session/5d4f89c809828bc74d2aa9c512c29ea4/execute/async - {"script":"<script> [6424 bytes]","args":[{"element-6066-11e4-a52e-4f735466cecf":"f.531E98D0DADB2C7D9F82DA313210FC25.d.8674923F03C59D031C2FDC6CFE760356.e.19994"},"getText",[]]}
RESULT: {"script":"<script> [6424 bytes]","args":[{"element-6066-11e4-a52e-4f735466cecf":"f.531E98D0DADB2C7D9F82DA313210FC25.d.8674923F03C59D031C2FDC6CFE760356.e.19994"},"getText",[]]}
COMMAND: POST /session/5d4f89c809828bc74d2aa9c512c29ea4/execute/async - {"script":"<script> [1562 bytes]","args":[{"selector":{"controlType":"sap.m.ObjectStatus","viewName":"etm.portal.ui.managecontracts.view.Detail","bindingPath":{"propertyPath":"LINK_TO_LOGISTICAL_STATUS/DESCRIPTION","modelName":"catalogModel"}},"wdio_ui5_key":"etmportal.ui.managecontracts.view.Detailsap.m.ObjectStatus{\"propertyPath\":\"LINK_TO_LOGISTICAL_STATUS/DESCRIPTION\",\"modelName\":\"catalogModel\"}"}]}
RESULT: {"script":"<script> [1562 bytes]","args":[{"selector":{"controlType":"sap.m.ObjectStatus","viewName":"etm.portal.ui.managecontracts.view.Detail","bindingPath":{"propertyPath":"LINK_TO_LOGISTICAL_STATUS/DESCRIPTION","modelName":"catalogModel"}},"wdio_ui5_key":"etmportal.ui.managecontracts.view.Detailsap.m.ObjectStatus{\"propertyPath\":\"LINK_TO_LOGISTICAL_STATUS/DESCRIPTION\",\"modelName\":\"catalogModel\"}"}]}
RESULT: undefined
COMMAND: POST /session/5d4f89c809828bc74d2aa9c512c29ea4/execute/async - {"script":"<script> [6424 bytes]","args":[{"element-6066-11e4-a52e-4f735466cecf":"f.531E98D0DADB2C7D9F82DA313210FC25.d.8674923F03C59D031C2FDC6CFE760356.e.19995"},"getText",[]]}
RESULT: {"script":"<script> [6424 bytes]","args":[{"element-6066-11e4-a52e-4f735466cecf":"f.531E98D0DADB2C7D9F82DA313210FC25.d.8674923F03C59D031C2FDC6CFE760356.e.19995"},"getText",[]]}
COMMAND: POST /session/5d4f89c809828bc74d2aa9c512c29ea4/element - {"using":"xpath","value":"//button[@data-kt=\"contractDetailEditBtnButton\"]"}
RESULT: {"using":"xpath","value":"//button[@data-kt=\"contractDetailEditBtnButton\"]"}
COMMAND: POST /session/5d4f89c809828bc74d2aa9c512c29ea4/element/f.531E98D0DADB2C7D9F82DA313210FC25.d.8674923F03C59D031C2FDC6CFE760356.e.19800/click - {}
RESULT: {}
COMMAND: GET /session/5d4f89c809828bc74d2aa9c512c29ea4/screenshot - {}
RESULT: {}
COMMAND: POST /session/5d4f89c809828bc74d2aa9c512c29ea4/element - {"using":"xpath","value":"(//span[contains(text(), \"Additional Addresses\")])[2]"}
RESULT: {"using":"xpath","value":"(//span[contains(text(), \"Additional Addresses\")])[2]"}
COMMAND: POST /session/5d4f89c809828bc74d2aa9c512c29ea4/element/f.531E98D0DADB2C7D9F82DA313210FC25.d.8674923F03C59D031C2FDC6CFE760356.e.20057/click - {}
RESULT: {}
COMMAND: GET /session/5d4f89c809828bc74d2aa9c512c29ea4/screenshot - {}
RESULT: {}
COMMAND: POST /session/5d4f89c809828bc74d2aa9c512c29ea4/element - {"using":"xpath","value":"//button[@data-kt=\"btnAddTableRowOverflowToolbarButton\"]"}
RESULT: {"using":"xpath","value":"//button[@data-kt=\"btnAddTableRowOverflowToolbarButton\"]"}
COMMAND: POST /session/5d4f89c809828bc74d2aa9c512c29ea4/element/f.531E98D0DADB2C7D9F82DA313210FC25.d.8674923F03C59D031C2FDC6CFE760356.e.20059/click - {}
RESULT: {}
COMMAND: GET /session/5d4f89c809828bc74d2aa9c512c29ea4/screenshot - {}
RESULT: {}
COMMAND: POST /session/5d4f89c809828bc74d2aa9c512c29ea4/element - {"using":"xpath","value":"//div[(text() = 'Standard Entry' or . = 'Standard Entry')]"}
RESULT: {"using":"xpath","value":"//div[(text() = 'Standard Entry' or . = 'Standard Entry')]"}
COMMAND: POST /session/5d4f89c809828bc74d2aa9c512c29ea4/element/f.531E98D0DADB2C7D9F82DA313210FC25.d.8674923F03C59D031C2FDC6CFE760356.e.20061/click - {}
RESULT: {}
COMMAND: POST /session/5d4f89c809828bc74d2aa9c512c29ea4/execute/async - {"script":"<script> [1562 bytes]","args":[{"selector":{"controlType":"sap.ui.core.Icon","viewName":"etm.portal.ui.managecontracts.view.EditContract","properties":{"src":{"regex":{"source":"slim\\-arrow\\-down"}}},"ancestor":{"controlType":"sap.m.ComboBox","viewName":"etm.portal.ui.managecontracts.view.EditContract","bindingPath":{"propertyPath":"RU_TYPE","modelName":"catalogModel"}}},"wdio_ui5_key":"etmportal.ui.managecontracts.view.EditContractsap.ui.core.Icon{\"src\":{\"regex\":{\"source\":\"slim\\\\-arrow\\\\-down\"}}}{\"controlType\":\"sap.m.ComboBox\",\"viewName\":\"etm.portal.ui.managecontracts.view.EditContract\",\"bindingPath\":{\"propertyPath\":\"RU_TYPE\",\"modelName\":\"catalogModel\"}}"}]}
COMMAND: GET /session/5d4f89c809828bc74d2aa9c512c29ea4/screenshot - {}
RESULT: {"script":"<script> [1562 bytes]","args":[{"selector":{"controlType":"sap.ui.core.Icon","viewName":"etm.portal.ui.managecontracts.view.EditContract","properties":{"src":{"regex":{"source":"slim\\-arrow\\-down"}}},"ancestor":{"controlType":"sap.m.ComboBox","viewName":"etm.portal.ui.managecontracts.view.EditContract","bindingPath":{"propertyPath":"RU_TYPE","modelName":"catalogModel"}}},"wdio_ui5_key":"etmportal.ui.managecontracts.view.EditContractsap.ui.core.Icon{\"src\":{\"regex\":{\"source\":\"slim\\\\-arrow\\\\-down\"}}}{\"controlType\":\"sap.m.ComboBox\",\"viewName\":\"etm.portal.ui.managecontracts.view.EditContract\",\"bindingPath\":{\"propertyPath\":\"RU_TYPE\",\"modelName\":\"catalogModel\"}}"}]}
RESULT: undefined
COMMAND: POST /session/5d4f89c809828bc74d2aa9c512c29ea4/element - {"using":"xpath","value":"//*[@id=\"__box20-arrow\"]"}
RESULT: {}
RESULT: {"using":"xpath","value":"//*[@id=\"__box20-arrow\"]"}
COMMAND: POST /session/5d4f89c809828bc74d2aa9c512c29ea4/element/f.531E98D0DADB2C7D9F82DA313210FC25.d.8674923F03C59D031C2FDC6CFE760356.e.20076/click - {}
RESULT: {}
COMMAND: POST /session/5d4f89c809828bc74d2aa9c512c29ea4/execute/async - {"script":"<script> [1562 bytes]","args":[{"selector":{"controlType":"sap.m.StandardListItem","viewName":"etm.portal.ui.managecontracts.view.EditContract","properties":{"title":"Material"},"searchOpenDialogs":true,"interaction":{"idSuffix":"content"}},"wdio_ui5_key":"etmportal.ui.managecontracts.view.EditContractsap.m.StandardListItem{\"title\":\"Material\"}"}]}
COMMAND: GET /session/5d4f89c809828bc74d2aa9c512c29ea4/screenshot - {}
RESULT: {"script":"<script> [1562 bytes]","args":[{"selector":{"controlType":"sap.m.StandardListItem","viewName":"etm.portal.ui.managecontracts.view.EditContract","properties":{"title":"Material"},"searchOpenDialogs":true,"interaction":{"idSuffix":"content"}},"wdio_ui5_key":"etmportal.ui.managecontracts.view.EditContractsap.m.StandardListItem{\"title\":\"Material\"}"}]}
RESULT: undefined
COMMAND: POST /session/5d4f89c809828bc74d2aa9c512c29ea4/element - {"using":"xpath","value":"//*[@id=\"__item96\"]"}
RESULT: {}
RESULT: {"using":"xpath","value":"//*[@id=\"__item96\"]"}
COMMAND: POST /session/5d4f89c809828bc74d2aa9c512c29ea4/element/f.531E98D0DADB2C7D9F82DA313210FC25.d.8674923F03C59D031C2FDC6CFE760356.e.20079/click - {}
RESULT: {}
COMMAND: POST /session/5d4f89c809828bc74d2aa9c512c29ea4/element - {"using":"xpath","value":"//td[7]/div/div/input"}
COMMAND: GET /session/5d4f89c809828bc74d2aa9c512c29ea4/screenshot - {}
RESULT: {"using":"xpath","value":"//td[7]/div/div/input"}
COMMAND: POST /session/5d4f89c809828bc74d2aa9c512c29ea4/element/f.531E98D0DADB2C7D9F82DA313210FC25.d.8674923F03C59D031C2FDC6CFE760356.e.20082/clear - {}
RESULT: {}
RESULT: {}
COMMAND: POST /session/5d4f89c809828bc74d2aa9c512c29ea4/element/f.531E98D0DADB2C7D9F82DA313210FC25.d.8674923F03C59D031C2FDC6CFE760356.e.20082/value - {"text":"WebdriverRUR2Cgs1wdi"}
COMMAND: GET /session/5d4f89c809828bc74d2aa9c512c29ea4/screenshot - {}
RESULT: {"text":"WebdriverRUR2Cgs1wdi"}
COMMAND: GET /session/5d4f89c809828bc74d2aa9c512c29ea4/screenshot - {}
RESULT: {}
RESULT: {}
COMMAND: POST /session/5d4f89c809828bc74d2aa9c512c29ea4/actions - {"actions":[{"id":"action86","type":"key","parameters":{},"actions":[{"type":"keyDown","value":"î€‡"},{"type":"pause","duration":10},{"type":"keyUp","value":"î€‡"}]}]}
RESULT: {"actions":[{"id":"action86","type":"key","parameters":{},"actions":[{"type":"keyDown","value":"î€‡"},{"type":"pause","duration":10},{"type":"keyUp","value":"î€‡"}]}]}
COMMAND: GET /session/5d4f89c809828bc74d2aa9c512c29ea4/screenshot - {}
RESULT: {}
COMMAND: POST /session/5d4f89c809828bc74d2aa9c512c29ea4/element - {"using":"xpath","value":"//button[@data-kt=\"saveButton\"]"}
RESULT: {"using":"xpath","value":"//button[@data-kt=\"saveButton\"]"}
COMMAND: POST /session/5d4f89c809828bc74d2aa9c512c29ea4/element/f.531E98D0DADB2C7D9F82DA313210FC25.d.8674923F03C59D031C2FDC6CFE760356.e.20105/click - {}
RESULT: {}
COMMAND: GET /session/5d4f89c809828bc74d2aa9c512c29ea4/screenshot - {}
RESULT: {}
RESULT: undefined
COMMAND: POST /session/5d4f89c809828bc74d2aa9c512c29ea4/execute/async - {"script":"<script> [6424 bytes]","args":[{"element-6066-11e4-a52e-4f735466cecf":"f.531E98D0DADB2C7D9F82DA313210FC25.d.8674923F03C59D031C2FDC6CFE760356.e.19995"},"getText",[]]}
RESULT: {"script":"<script> [6424 bytes]","args":[{"element-6066-11e4-a52e-4f735466cecf":"f.531E98D0DADB2C7D9F82DA313210FC25.d.8674923F03C59D031C2FDC6CFE760356.e.19995"},"getText",[]]}
COMMAND: DELETE /session/5d4f89c809828bc74d2aa9c512c29ea4 - {}
RESULT: {}
]]></system-out>
    </testcase>
  </testsuite>
</testsuites>