<?xml version="1.0" encoding="UTF-8"?>
<testsuites tests="9" failures="0" errors="0" skipped="0">
  <testsuite timestamp="2025-06-01T16:07:59" time="956.223" tests="4" failures="0" errors="0" skipped="0">
    <properties>
      <property name="specId" value="0"/>
      <property name="suiteName" value="Webshop - Hyperlinks visible and working properly  US139085"/>
      <property name="capabilities" value="chrome.136_0_7103_93.windows"/>
      <property name="file" value="file:///D:/a/1/s/test/specs/R2C/webshop-hyperlinks-yard-site.spec.js"/>
    </properties>
    <testcase classname="chrome.136_0_7103_93.windows.Webshop_-_Hyperlinks_visible_and_working_properly__US139085" name="Should create prerequisites for webshop suite" time="331.868">
      <system-out><![CDATA[
COMMAND: POST /session/29f4302be0dc04edb0851c5907fd2353/execute/async - {"script":"<script> [1562 bytes]","args":[{"selector":{"controlType":"sap.m.GenericTile","properties":{"header":"Manage Yards"}},"wdio_ui5_key":"sapm.GenericTile{\"header\":\"Manage Yards\"}"}]}
RESULT: {"script":"<script> [1562 bytes]","args":[{"selector":{"controlType":"sap.m.GenericTile","properties":{"header":"Manage Yards"}},"wdio_ui5_key":"sapm.GenericTile{\"header\":\"Manage Yards\"}"}]}
RESULT: undefined
COMMAND: POST /session/29f4302be0dc04edb0851c5907fd2353/element - {"using":"xpath","value":"//*[@id=\"__tile41\"]"}
RESULT: {"using":"xpath","value":"//*[@id=\"__tile41\"]"}
COMMAND: POST /session/29f4302be0dc04edb0851c5907fd2353/element/f.131A3F10D0424D71AAC18CBC21A849DC.d.21BAC23DFF5347B3FB16897630A48ACA.e.109/click - {}
RESULT: {}
COMMAND: GET /session/29f4302be0dc04edb0851c5907fd2353/screenshot - {}
RESULT: {}
COMMAND: POST /session/29f4302be0dc04edb0851c5907fd2353/elements - {"using":"xpath","value":"//span[text()='Error']"}
RESULT: {"using":"xpath","value":"//span[text()='Error']"}
COMMAND: POST /session/29f4302be0dc04edb0851c5907fd2353/execute/async - {"script":"<script> [1562 bytes]","args":[{"selector":{"controlType":"sap.ui.core.Icon","viewName":"etm.portal.ui.manageyards.view.Master","viewId":"application-manageyards-display-component---masterYard","properties":{"src":{"regex":{"source":"add"}}}},"wdio_ui5_key":"etmportal.ui.manageyards.view.Mastersap.ui.core.Icon{\"src\":{\"regex\":{\"source\":\"add\"}}}"}]}
RESULT: {"script":"<script> [1562 bytes]","args":[{"selector":{"controlType":"sap.ui.core.Icon","viewName":"etm.portal.ui.manageyards.view.Master","viewId":"application-manageyards-display-component---masterYard","properties":{"src":{"regex":{"source":"add"}}}},"wdio_ui5_key":"etmportal.ui.manageyards.view.Mastersap.ui.core.Icon{\"src\":{\"regex\":{\"source\":\"add\"}}}"}]}
RESULT: undefined
COMMAND: POST /session/29f4302be0dc04edb0851c5907fd2353/element - {"using":"xpath","value":"//*[@id=\"__button4-img\"]"}
RESULT: {"using":"xpath","value":"//*[@id=\"__button4-img\"]"}
COMMAND: POST /session/29f4302be0dc04edb0851c5907fd2353/element/f.131A3F10D0424D71AAC18CBC21A849DC.d.21BAC23DFF5347B3FB16897630A48ACA.e.156/click - {}
RESULT: {}
COMMAND: GET /session/29f4302be0dc04edb0851c5907fd2353/screenshot - {}
RESULT: {}
COMMAND: POST /session/29f4302be0dc04edb0851c5907fd2353/execute/async - {"script":"<script> [1562 bytes]","args":[{"selector":{"id":"application-manageyards-display-component---NewYard--yardId","interaction":{"idSuffix":"inner"}},"wdio_ui5_key":"applicationmanageyards-display-component---NewYard--yardId"}]}
RESULT: {"script":"<script> [1562 bytes]","args":[{"selector":{"id":"application-manageyards-display-component---NewYard--yardId","interaction":{"idSuffix":"inner"}},"wdio_ui5_key":"applicationmanageyards-display-component---NewYard--yardId"}]}
RESULT: undefined
COMMAND: POST /session/29f4302be0dc04edb0851c5907fd2353/element - {"using":"xpath","value":"//*[@id=\"application-manageyards-display-component---NewYard--addressDetailDetailsName1-inner\"]"}
RESULT: {"using":"xpath","value":"//*[@id=\"application-manageyards-display-component---NewYard--addressDetailDetailsName1-inner\"]"}
COMMAND: POST /session/29f4302be0dc04edb0851c5907fd2353/element/f.131A3F10D0424D71AAC18CBC21A849DC.d.21BAC23DFF5347B3FB16897630A48ACA.e.370/clear - {}
RESULT: {}
COMMAND: POST /session/29f4302be0dc04edb0851c5907fd2353/element/f.131A3F10D0424D71AAC18CBC21A849DC.d.21BAC23DFF5347B3FB16897630A48ACA.e.370/value - {"text":"WebdriverYardc9ik"}
COMMAND: GET /session/29f4302be0dc04edb0851c5907fd2353/screenshot - {}
RESULT: {"text":"WebdriverYardc9ik"}
COMMAND: POST /session/29f4302be0dc04edb0851c5907fd2353/element - {"using":"xpath","value":"//*[@id=\"application-manageyards-display-component---NewYard--addressDetailDetailsLanguage-inner\"]"}
COMMAND: GET /session/29f4302be0dc04edb0851c5907fd2353/screenshot - {}
RESULT: {}
RESULT: {"using":"xpath","value":"//*[@id=\"application-manageyards-display-component---NewYard--addressDetailDetailsLanguage-inner\"]"}
COMMAND: POST /session/29f4302be0dc04edb0851c5907fd2353/element/f.131A3F10D0424D71AAC18CBC21A849DC.d.21BAC23DFF5347B3FB16897630A48ACA.e.371/clear - {}
RESULT: {}
RESULT: {}
COMMAND: POST /session/29f4302be0dc04edb0851c5907fd2353/element/f.131A3F10D0424D71AAC18CBC21A849DC.d.21BAC23DFF5347B3FB16897630A48ACA.e.371/value - {"text":"Romanian"}
COMMAND: GET /session/29f4302be0dc04edb0851c5907fd2353/screenshot - {}
RESULT: {"text":"Romanian"}
COMMAND: POST /session/29f4302be0dc04edb0851c5907fd2353/element - {"using":"xpath","value":"//input[contains(@id ,\"application-manageyards-display-component---NewYard--addressDetailDetailsName1-inner\")]"}
COMMAND: GET /session/29f4302be0dc04edb0851c5907fd2353/screenshot - {}
RESULT: {}
RESULT: {"using":"xpath","value":"//input[contains(@id ,\"application-manageyards-display-component---NewYard--addressDetailDetailsName1-inner\")]"}
COMMAND: GET /session/29f4302be0dc04edb0851c5907fd2353/element/f.131A3F10D0424D71AAC18CBC21A849DC.d.21BAC23DFF5347B3FB16897630A48ACA.e.370/property/value - {}
RESULT: {}
RESULT: {}
COMMAND: GET /session/29f4302be0dc04edb0851c5907fd2353/screenshot - {}
RESULT: {}
COMMAND: POST /session/29f4302be0dc04edb0851c5907fd2353/element - {"using":"xpath","value":"//*[@id=\"application-manageyards-display-component---NewYard--addressDetailDetailsCity1-inner\"]"}
RESULT: {"using":"xpath","value":"//*[@id=\"application-manageyards-display-component---NewYard--addressDetailDetailsCity1-inner\"]"}
COMMAND: POST /session/29f4302be0dc04edb0851c5907fd2353/element/f.131A3F10D0424D71AAC18CBC21A849DC.d.21BAC23DFF5347B3FB16897630A48ACA.e.373/clear - {}
RESULT: {}
COMMAND: POST /session/29f4302be0dc04edb0851c5907fd2353/element/f.131A3F10D0424D71AAC18CBC21A849DC.d.21BAC23DFF5347B3FB16897630A48ACA.e.373/value - {"text":"Bucuresti"}
COMMAND: GET /session/29f4302be0dc04edb0851c5907fd2353/screenshot - {}
RESULT: {"text":"Bucuresti"}
COMMAND: GET /session/29f4302be0dc04edb0851c5907fd2353/screenshot - {}
RESULT: {}
RESULT: {}
COMMAND: POST /session/29f4302be0dc04edb0851c5907fd2353/element - {"using":"xpath","value":"//*[@id=\"application-manageyards-display-component---NewYard--addressDetailDetailsCountry-inner\"]"}
RESULT: {"using":"xpath","value":"//*[@id=\"application-manageyards-display-component---NewYard--addressDetailDetailsCountry-inner\"]"}
COMMAND: POST /session/29f4302be0dc04edb0851c5907fd2353/element/f.131A3F10D0424D71AAC18CBC21A849DC.d.21BAC23DFF5347B3FB16897630A48ACA.e.377/clear - {}
RESULT: {}
COMMAND: POST /session/29f4302be0dc04edb0851c5907fd2353/element/f.131A3F10D0424D71AAC18CBC21A849DC.d.21BAC23DFF5347B3FB16897630A48ACA.e.377/value - {"text":"Romania"}
COMMAND: GET /session/29f4302be0dc04edb0851c5907fd2353/screenshot - {}
RESULT: {"text":"Romania"}
COMMAND: GET /session/29f4302be0dc04edb0851c5907fd2353/screenshot - {}
RESULT: {}
RESULT: {}
COMMAND: POST /session/29f4302be0dc04edb0851c5907fd2353/element - {"using":"xpath","value":"//div[contains(text(), \"Commercial\")]"}
RESULT: {"using":"xpath","value":"//div[contains(text(), \"Commercial\")]"}
COMMAND: GET /session/29f4302be0dc04edb0851c5907fd2353/element/f.131A3F10D0424D71AAC18CBC21A849DC.d.21BAC23DFF5347B3FB16897630A48ACA.e.566/rect - {}
RESULT: {}
COMMAND: GET /session/29f4302be0dc04edb0851c5907fd2353/window/rect - {}
RESULT: {}
COMMAND: POST /session/29f4302be0dc04edb0851c5907fd2353/execute/sync - {"script":"<script> [92 bytes]","args":[]}
RESULT: {"script":"<script> [92 bytes]","args":[]}
COMMAND: POST /session/29f4302be0dc04edb0851c5907fd2353/actions - {"actions":[{"id":"action1","type":"wheel","parameters":{},"actions":[{"type":"scroll","x":-1841,"y":-44,"deltaX":0,"deltaY":0,"duration":0,"origin":{"element-6066-11e4-a52e-4f735466cecf":"f.131A3F10D0424D71AAC18CBC21A849DC.d.21BAC23DFF5347B3FB16897630A48ACA.e.566"}}]}]}
COMMAND: GET /session/29f4302be0dc04edb0851c5907fd2353/screenshot - {}
RESULT: {}
COMMAND: POST /session/29f4302be0dc04edb0851c5907fd2353/execute/sync - {"script":"<script> [79 bytes]","args":[{"element-6066-11e4-a52e-4f735466cecf":"f.131A3F10D0424D71AAC18CBC21A849DC.d.21BAC23DFF5347B3FB16897630A48ACA.e.566","ELEMENT":"f.131A3F10D0424D71AAC18CBC21A849DC.d.21BAC23DFF5347B3FB16897630A48ACA.e.566"},{"block":"start","inline":"nearest"}]}
RESULT: {"script":"<script> [79 bytes]","args":[{"element-6066-11e4-a52e-4f735466cecf":"f.131A3F10D0424D71AAC18CBC21A849DC.d.21BAC23DFF5347B3FB16897630A48ACA.e.566","ELEMENT":"f.131A3F10D0424D71AAC18CBC21A849DC.d.21BAC23DFF5347B3FB16897630A48ACA.e.566"},{"block":"start","inline":"nearest"}]}
COMMAND: GET /session/29f4302be0dc04edb0851c5907fd2353/screenshot - {}
RESULT: {}
COMMAND: POST /session/29f4302be0dc04edb0851c5907fd2353/execute/async - {"script":"<script> [1562 bytes]","args":[{"selector":{"id":"application-manageyards-display-component---NewYard--addressEditDetailsCostObjectCstType-arrow"},"wdio_ui5_key":"applicationmanageyards-display-component---NewYard--addressEditDetailsCostObjectCstType-arrow"}]}
RESULT: {"script":"<script> [1562 bytes]","args":[{"selector":{"id":"application-manageyards-display-component---NewYard--addressEditDetailsCostObjectCstType-arrow"},"wdio_ui5_key":"applicationmanageyards-display-component---NewYard--addressEditDetailsCostObjectCstType-arrow"}]}
RESULT: undefined
COMMAND: POST /session/29f4302be0dc04edb0851c5907fd2353/element - {"using":"xpath","value":"//*[@id=\"application-manageyards-display-component---NewYard--addressEditDetailsCostObjectCstType-arrow\"]"}
RESULT: {"using":"xpath","value":"//*[@id=\"application-manageyards-display-component---NewYard--addressEditDetailsCostObjectCstType-arrow\"]"}
COMMAND: POST /session/29f4302be0dc04edb0851c5907fd2353/element/f.131A3F10D0424D71AAC18CBC21A849DC.d.21BAC23DFF5347B3FB16897630A48ACA.e.574/click - {}
RESULT: {}
COMMAND: POST /session/29f4302be0dc04edb0851c5907fd2353/element - {"using":"xpath","value":"//span[contains(text(), \"Cost Center\")]"}
COMMAND: GET /session/29f4302be0dc04edb0851c5907fd2353/screenshot - {}
RESULT: {"using":"xpath","value":"//span[contains(text(), \"Cost Center\")]"}
COMMAND: POST /session/29f4302be0dc04edb0851c5907fd2353/element/f.131A3F10D0424D71AAC18CBC21A849DC.d.21BAC23DFF5347B3FB16897630A48ACA.e.575/click - {}
RESULT: {}
RESULT: {}
COMMAND: GET /session/29f4302be0dc04edb0851c5907fd2353/screenshot - {}
RESULT: {}
COMMAND: POST /session/29f4302be0dc04edb0851c5907fd2353/execute/async - {"script":"<script> [1562 bytes]","args":[{"selector":{"id":"application-manageyards-display-component---NewYard--addressNewCostObjectCstID-vhi"},"wdio_ui5_key":"applicationmanageyards-display-component---NewYard--addressNewCostObjectCstID-vhi"}]}
RESULT: {"script":"<script> [1562 bytes]","args":[{"selector":{"id":"application-manageyards-display-component---NewYard--addressNewCostObjectCstID-vhi"},"wdio_ui5_key":"applicationmanageyards-display-component---NewYard--addressNewCostObjectCstID-vhi"}]}
RESULT: undefined
COMMAND: POST /session/29f4302be0dc04edb0851c5907fd2353/element - {"using":"xpath","value":"//*[@id=\"application-manageyards-display-component---NewYard--addressNewCostObjectCstID-vhi\"]"}
RESULT: {"using":"xpath","value":"//*[@id=\"application-manageyards-display-component---NewYard--addressNewCostObjectCstID-vhi\"]"}
COMMAND: POST /session/29f4302be0dc04edb0851c5907fd2353/element/f.131A3F10D0424D71AAC18CBC21A849DC.d.21BAC23DFF5347B3FB16897630A48ACA.e.579/click - {}
RESULT: {}
COMMAND: GET /session/29f4302be0dc04edb0851c5907fd2353/screenshot - {}
RESULT: {}
COMMAND: POST /session/29f4302be0dc04edb0851c5907fd2353/execute/async - {"script":"<script> [1562 bytes]","args":[{"selector":{"controlType":"sap.m.SearchField","properties":{"placeholder":"Search"},"searchOpenDialogs":true,"interaction":{"idSuffix":"I"}},"wdio_ui5_key":"sapm.SearchField{\"placeholder\":\"Search\"}"}]}
RESULT: {"script":"<script> [1562 bytes]","args":[{"selector":{"controlType":"sap.m.SearchField","properties":{"placeholder":"Search"},"searchOpenDialogs":true,"interaction":{"idSuffix":"I"}},"wdio_ui5_key":"sapm.SearchField{\"placeholder\":\"Search\"}"}]}
RESULT: undefined
COMMAND: POST /session/29f4302be0dc04edb0851c5907fd2353/execute/async - {"script":"<script> [776 bytes]","args":[{"enterText":"10001013","selector":{"controlType":"sap.m.SearchField","properties":{"placeholder":"Search"},"searchOpenDialogs":true,"interaction":{"idSuffix":"I"}},"clearTextFirst":true,"interactionType":"ENTER_TEXT"}]}
RESULT: {"script":"<script> [776 bytes]","args":[{"enterText":"10001013","selector":{"controlType":"sap.m.SearchField","properties":{"placeholder":"Search"},"searchOpenDialogs":true,"interaction":{"idSuffix":"I"}},"clearTextFirst":true,"interactionType":"ENTER_TEXT"}]}
COMMAND: POST /session/29f4302be0dc04edb0851c5907fd2353/actions - {"actions":[{"id":"action2","type":"key","parameters":{},"actions":[{"type":"keyDown","value":""},{"type":"pause","duration":10},{"type":"keyUp","value":""}]}]}
RESULT: {"actions":[{"id":"action2","type":"key","parameters":{},"actions":[{"type":"keyDown","value":""},{"type":"pause","duration":10},{"type":"keyUp","value":""}]}]}
COMMAND: GET /session/29f4302be0dc04edb0851c5907fd2353/screenshot - {}
RESULT: {}
COMMAND: POST /session/29f4302be0dc04edb0851c5907fd2353/element - {"using":"xpath","value":"//span[contains(text(), \"General Management\")]"}
RESULT: {"using":"xpath","value":"//span[contains(text(), \"General Management\")]"}
COMMAND: POST /session/29f4302be0dc04edb0851c5907fd2353/element/f.131A3F10D0424D71AAC18CBC21A849DC.d.21BAC23DFF5347B3FB16897630A48ACA.e.621/click - {}
RESULT: {}
COMMAND: GET /session/29f4302be0dc04edb0851c5907fd2353/screenshot - {}
RESULT: {}
COMMAND: POST /session/29f4302be0dc04edb0851c5907fd2353/element - {"using":"xpath","value":"//bdi[contains(text(), \"OK\")]"}
RESULT: {"using":"xpath","value":"//bdi[contains(text(), \"OK\")]"}
COMMAND: POST /session/29f4302be0dc04edb0851c5907fd2353/element/f.131A3F10D0424D71AAC18CBC21A849DC.d.21BAC23DFF5347B3FB16897630A48ACA.e.622/click - {}
RESULT: {}
COMMAND: GET /session/29f4302be0dc04edb0851c5907fd2353/screenshot - {}
RESULT: {}
COMMAND: POST /session/29f4302be0dc04edb0851c5907fd2353/execute/async - {"script":"<script> [1562 bytes]","args":[{"selector":{"controlType":"sap.m.Button","viewName":"etm.portal.ui.manageyards.view.New","viewId":"application-manageyards-display-component---NewYard","i18NText":{"propertyName":"text","key":"save"},"interaction":{"idSuffix":"inner"}},"wdio_ui5_key":"etmportal.ui.manageyards.view.Newsap.m.Button{\"propertyName\":\"text\",\"key\":\"save\"}"}]}
RESULT: {"script":"<script> [1562 bytes]","args":[{"selector":{"controlType":"sap.m.Button","viewName":"etm.portal.ui.manageyards.view.New","viewId":"application-manageyards-display-component---NewYard","i18NText":{"propertyName":"text","key":"save"},"interaction":{"idSuffix":"inner"}},"wdio_ui5_key":"etmportal.ui.manageyards.view.Newsap.m.Button{\"propertyName\":\"text\",\"key\":\"save\"}"}]}
RESULT: undefined
COMMAND: POST /session/29f4302be0dc04edb0851c5907fd2353/element - {"using":"xpath","value":"//*[@id=\"__button18\"]"}
RESULT: {"using":"xpath","value":"//*[@id=\"__button18\"]"}
COMMAND: POST /session/29f4302be0dc04edb0851c5907fd2353/element/f.131A3F10D0424D71AAC18CBC21A849DC.d.21BAC23DFF5347B3FB16897630A48ACA.e.544/click - {}
RESULT: {}
COMMAND: GET /session/29f4302be0dc04edb0851c5907fd2353/screenshot - {}
RESULT: {}
COMMAND: POST /session/29f4302be0dc04edb0851c5907fd2353/element - {"using":"xpath","value":"//header/div/div[2]/div[2]/span"}
RESULT: {"using":"xpath","value":"//header/div/div[2]/div[2]/span"}
COMMAND: GET /session/29f4302be0dc04edb0851c5907fd2353/element/f.131A3F10D0424D71AAC18CBC21A849DC.d.21BAC23DFF5347B3FB16897630A48ACA.e.817/text - {}
RESULT: {}
COMMAND: POST /session/29f4302be0dc04edb0851c5907fd2353/execute/async - {"script":"<script> [1562 bytes]","args":[{"selector":{"controlType":"sap.m.OverflowToolbarButton","viewName":"etm.portal.ui.manageyards.view.Detail","viewId":"application-manageyards-display-component---detailYard","i18NText":{"propertyName":"tooltip","key":"closeColumn"},"interaction":{"idSuffix":"inner"}},"wdio_ui5_key":"etmportal.ui.manageyards.view.Detailsap.m.OverflowToolbarButton{\"propertyName\":\"tooltip\",\"key\":\"closeColumn\"}"}]}
RESULT: {"script":"<script> [1562 bytes]","args":[{"selector":{"controlType":"sap.m.OverflowToolbarButton","viewName":"etm.portal.ui.manageyards.view.Detail","viewId":"application-manageyards-display-component---detailYard","i18NText":{"propertyName":"tooltip","key":"closeColumn"},"interaction":{"idSuffix":"inner"}},"wdio_ui5_key":"etmportal.ui.manageyards.view.Detailsap.m.OverflowToolbarButton{\"propertyName\":\"tooltip\",\"key\":\"closeColumn\"}"}]}
RESULT: undefined
COMMAND: POST /session/29f4302be0dc04edb0851c5907fd2353/element - {"using":"xpath","value":"//*[@id=\"__button42\"]"}
RESULT: {"using":"xpath","value":"//*[@id=\"__button42\"]"}
COMMAND: POST /session/29f4302be0dc04edb0851c5907fd2353/element/f.131A3F10D0424D71AAC18CBC21A849DC.d.21BAC23DFF5347B3FB16897630A48ACA.e.819/click - {}
RESULT: {}
COMMAND: GET /session/29f4302be0dc04edb0851c5907fd2353/screenshot - {}
RESULT: {}
COMMAND: POST /session/29f4302be0dc04edb0851c5907fd2353/element - {"using":"css selector","value":"#shell-header-logo"}
RESULT: {"using":"css selector","value":"#shell-header-logo"}
COMMAND: POST /session/29f4302be0dc04edb0851c5907fd2353/element/f.131A3F10D0424D71AAC18CBC21A849DC.d.21BAC23DFF5347B3FB16897630A48ACA.e.112/click - {}
RESULT: {}
COMMAND: GET /session/29f4302be0dc04edb0851c5907fd2353/screenshot - {}
RESULT: {}
COMMAND: POST /session/29f4302be0dc04edb0851c5907fd2353/refresh - {}
RESULT: {}
COMMAND: GET /session/29f4302be0dc04edb0851c5907fd2353/screenshot - {}
RESULT: {}
COMMAND: POST /session/29f4302be0dc04edb0851c5907fd2353/execute/async - {"script":"<script> [189 bytes]","args":[]}
RESULT: {"script":"<script> [189 bytes]","args":[]}
COMMAND: POST /session/29f4302be0dc04edb0851c5907fd2353/execute/async - {"script":"<script> [123 bytes]","args":[]}
RESULT: {"script":"<script> [123 bytes]","args":[]}
COMMAND: POST /session/29f4302be0dc04edb0851c5907fd2353/timeouts - {"script":"<number>"}
RESULT: {"script":"<number>"}
COMMAND: GET /session/29f4302be0dc04edb0851c5907fd2353/timeouts - {}
RESULT: {}
RESULT: undefined
COMMAND: POST /session/29f4302be0dc04edb0851c5907fd2353/execute/async - {"script":"<script> [2676 bytes]","args":[]}
RESULT: {"script":"<script> [2676 bytes]","args":[]}
COMMAND: POST /session/29f4302be0dc04edb0851c5907fd2353/execute/async - {"script":"<script> [2342 bytes]","args":[{"protocol":"http","hostname":"0.0.0.0","path":"/","capabilities":{"browserName":"chrome","goog:chromeOptions":{"binary":"C:\\Program Files\\Google\\Chrome\\Application\\chrome.exe","args":["--start-maximized"]}},"logLevel":"warn","connectionRetryTimeout":120000,"connectionRetryCount":3,"logLevels":{},"enableDirectConnect":true,"strictSSL":true,"_":"65 more keys: [\"cacheDir\",\"port\",\"requestedCapabilities\",\"automationProtocol\",\"baseUrl\",\"waitforInterval\",\"waitforTimeout\",\"onReload\",\"beforeCommand\",\"afterCommand\",\"rootDir\",\"specs\",\"suites\",\"exclude\",\"groupLogsByTestSpec\",\"excludeDriverLogs\",\"bail\",\"framework\",\"reporters\",\"services\",\"maxInstances\",\"maxInstancesPerCapability\",\"injectGlobals\",\"filesToWatch\",\"execArgv\",\"runnerEnv\",\"runner\",\"shard\",\"specFileRetries\",\"specFileRetriesDelay\",\"specFileRetriesDeferred\",\"reporterSyncInterval\",\"reporterSyncTimeout\",\"cucumberFeaturesWithLineNumbers\",\"autoCompileOpts\",\"mochaOpts\",\"jasmineOpts\",\"cucumberOpts\",\"onPrepare\",\"onWorkerStart\",\"onWorkerEnd\",\"before\",\"beforeSession\",\"beforeSuite\",\"beforeHook\",\"beforeTest\",\"afterTest\",\"afterHook\",\"afterSuite\",\"afterSession\",\"after\",\"onComplete\",\"beforeAssertion\",\"afterAssertion\",\"beforeFeature\",\"beforeScenario\",\"beforeStep\",\"afterStep\",\"afterScenario\",\"afterFeature\",\"_\",\"suite\",\"$0\",\"ignoredWorkerServices\",\"wdi5\"]"}]}
RESULT: {"script":"<script> [2342 bytes]","args":[{"protocol":"http","hostname":"0.0.0.0","path":"/","capabilities":{"browserName":"chrome","goog:chromeOptions":{"binary":"C:\\Program Files\\Google\\Chrome\\Application\\chrome.exe","args":["--start-maximized"]}},"logLevel":"warn","connectionRetryTimeout":120000,"connectionRetryCount":3,"logLevels":{},"enableDirectConnect":true,"strictSSL":true,"_":"65 more keys: [\"cacheDir\",\"port\",\"requestedCapabilities\",\"automationProtocol\",\"baseUrl\",\"waitforInterval\",\"waitforTimeout\",\"onReload\",\"beforeCommand\",\"afterCommand\",\"rootDir\",\"specs\",\"suites\",\"exclude\",\"groupLogsByTestSpec\",\"excludeDriverLogs\",\"bail\",\"framework\",\"reporters\",\"services\",\"maxInstances\",\"maxInstancesPerCapability\",\"injectGlobals\",\"filesToWatch\",\"execArgv\",\"runnerEnv\",\"runner\",\"shard\",\"specFileRetries\",\"specFileRetriesDelay\",\"specFileRetriesDeferred\",\"reporterSyncInterval\",\"reporterSyncTimeout\",\"cucumberFeaturesWithLineNumbers\",\"autoCompileOpts\",\"mochaOpts\",\"jasmineOpts\",\"cucumberOpts\",\"onPrepare\",\"onWorkerStart\",\"onWorkerEnd\",\"before\",\"beforeSession\",\"beforeSuite\",\"beforeHook\",\"beforeTest\",\"afterTest\",\"afterHook\",\"afterSuite\",\"afterSession\",\"after\",\"onComplete\",\"beforeAssertion\",\"afterAssertion\",\"beforeFeature\",\"beforeScenario\",\"beforeStep\",\"afterStep\",\"afterScenario\",\"afterFeature\",\"_\",\"suite\",\"$0\",\"ignoredWorkerServices\",\"wdi5\"]"}]}
COMMAND: POST /session/29f4302be0dc04edb0851c5907fd2353/execute/async - {"script":"<script> [21126 bytes]","args":[35000]}
RESULT: {"script":"<script> [21126 bytes]","args":[35000]}
COMMAND: POST /session/29f4302be0dc04edb0851c5907fd2353/execute/async - {"script":"<script> [1562 bytes]","args":[{"selector":{"controlType":"sap.m.GenericTile","properties":{"header":"Manage Sites"}},"wdio_ui5_key":"sapm.GenericTile{\"header\":\"Manage Sites\"}"}]}
RESULT: {"script":"<script> [1562 bytes]","args":[{"selector":{"controlType":"sap.m.GenericTile","properties":{"header":"Manage Sites"}},"wdio_ui5_key":"sapm.GenericTile{\"header\":\"Manage Sites\"}"}]}
RESULT: undefined
COMMAND: POST /session/29f4302be0dc04edb0851c5907fd2353/element - {"using":"xpath","value":"//*[@id=\"__tile40\"]"}
RESULT: {"using":"xpath","value":"//*[@id=\"__tile40\"]"}
COMMAND: POST /session/29f4302be0dc04edb0851c5907fd2353/element/f.131A3F10D0424D71AAC18CBC21A849DC.d.1E6DE0762138773944EC569BB9479FAE.e.1174/click - {}
RESULT: {}
COMMAND: GET /session/29f4302be0dc04edb0851c5907fd2353/screenshot - {}
RESULT: {}
COMMAND: POST /session/29f4302be0dc04edb0851c5907fd2353/elements - {"using":"xpath","value":"//span[text()='Error']"}
RESULT: {"using":"xpath","value":"//span[text()='Error']"}
COMMAND: POST /session/29f4302be0dc04edb0851c5907fd2353/execute/async - {"script":"<script> [1562 bytes]","args":[{"selector":{"controlType":"sap.ui.core.Icon","viewName":"etm.portal.ui.managesites.view.Master","viewId":"application-managesites-display-component---masterSite","properties":{"src":{"regex":{"source":"add"}}}},"wdio_ui5_key":"etmportal.ui.managesites.view.Mastersap.ui.core.Icon{\"src\":{\"regex\":{\"source\":\"add\"}}}"}]}
RESULT: {"script":"<script> [1562 bytes]","args":[{"selector":{"controlType":"sap.ui.core.Icon","viewName":"etm.portal.ui.managesites.view.Master","viewId":"application-managesites-display-component---masterSite","properties":{"src":{"regex":{"source":"add"}}}},"wdio_ui5_key":"etmportal.ui.managesites.view.Mastersap.ui.core.Icon{\"src\":{\"regex\":{\"source\":\"add\"}}}"}]}
RESULT: undefined
COMMAND: POST /session/29f4302be0dc04edb0851c5907fd2353/element - {"using":"xpath","value":"//*[@id=\"__button4-img\"]"}
RESULT: {"using":"xpath","value":"//*[@id=\"__button4-img\"]"}
COMMAND: POST /session/29f4302be0dc04edb0851c5907fd2353/element/f.131A3F10D0424D71AAC18CBC21A849DC.d.1E6DE0762138773944EC569BB9479FAE.e.1223/click - {}
RESULT: {}
COMMAND: POST /session/29f4302be0dc04edb0851c5907fd2353/execute/async - {"script":"<script> [1562 bytes]","args":[{"selector":{"id":"application-managesites-display-component---NewSite--siteId","interaction":{"idSuffix":"inner"}},"wdio_ui5_key":"applicationmanagesites-display-component---NewSite--siteId"}]}
COMMAND: GET /session/29f4302be0dc04edb0851c5907fd2353/screenshot - {}
RESULT: {"script":"<script> [1562 bytes]","args":[{"selector":{"id":"application-managesites-display-component---NewSite--siteId","interaction":{"idSuffix":"inner"}},"wdio_ui5_key":"applicationmanagesites-display-component---NewSite--siteId"}]}
RESULT: undefined
COMMAND: POST /session/29f4302be0dc04edb0851c5907fd2353/execute/async - {"script":"<script> [1562 bytes]","args":[{"selector":{"id":"application-managesites-display-component---NewSite--addressDetailDetailsName1","interaction":{"idSuffix":"inner"}},"wdio_ui5_key":"applicationmanagesites-display-component---NewSite--addressDetailDetailsName1"}]}
RESULT: {}
RESULT: {"script":"<script> [1562 bytes]","args":[{"selector":{"id":"application-managesites-display-component---NewSite--addressDetailDetailsName1","interaction":{"idSuffix":"inner"}},"wdio_ui5_key":"applicationmanagesites-display-component---NewSite--addressDetailDetailsName1"}]}
RESULT: undefined
COMMAND: POST /session/29f4302be0dc04edb0851c5907fd2353/execute/async - {"script":"<script> [776 bytes]","args":[{"enterText":"WebdriverSitet8dwz","selector":{"id":"application-managesites-display-component---NewSite--addressDetailDetailsName1","interaction":{"idSuffix":"inner"}},"clearTextFirst":true,"interactionType":"ENTER_TEXT"}]}
RESULT: {"script":"<script> [776 bytes]","args":[{"enterText":"WebdriverSitet8dwz","selector":{"id":"application-managesites-display-component---NewSite--addressDetailDetailsName1","interaction":{"idSuffix":"inner"}},"clearTextFirst":true,"interactionType":"ENTER_TEXT"}]}
COMMAND: POST /session/29f4302be0dc04edb0851c5907fd2353/execute/async - {"script":"<script> [1562 bytes]","args":[{"selector":{"id":"application-managesites-display-component---NewSite--addressDetailDetailsLanguage","interaction":{"idSuffix":"inner"}},"wdio_ui5_key":"applicationmanagesites-display-component---NewSite--addressDetailDetailsLanguage"}]}
RESULT: {"script":"<script> [1562 bytes]","args":[{"selector":{"id":"application-managesites-display-component---NewSite--addressDetailDetailsLanguage","interaction":{"idSuffix":"inner"}},"wdio_ui5_key":"applicationmanagesites-display-component---NewSite--addressDetailDetailsLanguage"}]}
RESULT: undefined
COMMAND: POST /session/29f4302be0dc04edb0851c5907fd2353/execute/async - {"script":"<script> [776 bytes]","args":[{"enterText":"Romanian","selector":{"id":"application-managesites-display-component---NewSite--addressDetailDetailsLanguage","interaction":{"idSuffix":"inner"}},"clearTextFirst":true,"interactionType":"ENTER_TEXT"}]}
RESULT: {"script":"<script> [776 bytes]","args":[{"enterText":"Romanian","selector":{"id":"application-managesites-display-component---NewSite--addressDetailDetailsLanguage","interaction":{"idSuffix":"inner"}},"clearTextFirst":true,"interactionType":"ENTER_TEXT"}]}
COMMAND: POST /session/29f4302be0dc04edb0851c5907fd2353/execute/async - {"script":"<script> [1562 bytes]","args":[{"selector":{"id":"application-managesites-display-component---NewSite--addressDetailDetailsCity1","interaction":{"idSuffix":"inner"}},"wdio_ui5_key":"applicationmanagesites-display-component---NewSite--addressDetailDetailsCity1"}]}
RESULT: {"script":"<script> [1562 bytes]","args":[{"selector":{"id":"application-managesites-display-component---NewSite--addressDetailDetailsCity1","interaction":{"idSuffix":"inner"}},"wdio_ui5_key":"applicationmanagesites-display-component---NewSite--addressDetailDetailsCity1"}]}
RESULT: undefined
COMMAND: POST /session/29f4302be0dc04edb0851c5907fd2353/execute/async - {"script":"<script> [776 bytes]","args":[{"enterText":"Bucharest","selector":{"id":"application-managesites-display-component---NewSite--addressDetailDetailsCity1","interaction":{"idSuffix":"inner"}},"clearTextFirst":true,"interactionType":"ENTER_TEXT"}]}
RESULT: {"script":"<script> [776 bytes]","args":[{"enterText":"Bucharest","selector":{"id":"application-managesites-display-component---NewSite--addressDetailDetailsCity1","interaction":{"idSuffix":"inner"}},"clearTextFirst":true,"interactionType":"ENTER_TEXT"}]}
COMMAND: POST /session/29f4302be0dc04edb0851c5907fd2353/execute/async - {"script":"<script> [1562 bytes]","args":[{"selector":{"id":"application-managesites-display-component---NewSite--addressDetailDetailsCountry","interaction":{"idSuffix":"inner"}},"wdio_ui5_key":"applicationmanagesites-display-component---NewSite--addressDetailDetailsCountry"}]}
RESULT: {"script":"<script> [1562 bytes]","args":[{"selector":{"id":"application-managesites-display-component---NewSite--addressDetailDetailsCountry","interaction":{"idSuffix":"inner"}},"wdio_ui5_key":"applicationmanagesites-display-component---NewSite--addressDetailDetailsCountry"}]}
RESULT: undefined
COMMAND: POST /session/29f4302be0dc04edb0851c5907fd2353/execute/async - {"script":"<script> [776 bytes]","args":[{"enterText":"Romania","selector":{"id":"application-managesites-display-component---NewSite--addressDetailDetailsCountry","interaction":{"idSuffix":"inner"}},"clearTextFirst":true,"interactionType":"ENTER_TEXT"}]}
RESULT: {"script":"<script> [776 bytes]","args":[{"enterText":"Romania","selector":{"id":"application-managesites-display-component---NewSite--addressDetailDetailsCountry","interaction":{"idSuffix":"inner"}},"clearTextFirst":true,"interactionType":"ENTER_TEXT"}]}
COMMAND: POST /session/29f4302be0dc04edb0851c5907fd2353/element - {"using":"css selector","value":"#application-managesites-display-component---NewSite--addressDetailDetailsCalendar-inner"}
RESULT: {"using":"css selector","value":"#application-managesites-display-component---NewSite--addressDetailDetailsCalendar-inner"}
COMMAND: POST /session/29f4302be0dc04edb0851c5907fd2353/element/f.131A3F10D0424D71AAC18CBC21A849DC.d.1E6DE0762138773944EC569BB9479FAE.e.1441/clear - {}
RESULT: {}
COMMAND: POST /session/29f4302be0dc04edb0851c5907fd2353/element/f.131A3F10D0424D71AAC18CBC21A849DC.d.1E6DE0762138773944EC569BB9479FAE.e.1441/value - {"text":"Germany"}
COMMAND: GET /session/29f4302be0dc04edb0851c5907fd2353/screenshot - {}
RESULT: {"text":"Germany"}
COMMAND: POST /session/29f4302be0dc04edb0851c5907fd2353/execute/async - {"script":"<script> [1562 bytes]","args":[{"selector":{"id":"application-managesites-display-component---NewSite--addressEditDetailsCostObjectCstType-arrow"},"wdio_ui5_key":"applicationmanagesites-display-component---NewSite--addressEditDetailsCostObjectCstType-arrow"}]}
COMMAND: GET /session/29f4302be0dc04edb0851c5907fd2353/screenshot - {}
RESULT: {}
RESULT: {"script":"<script> [1562 bytes]","args":[{"selector":{"id":"application-managesites-display-component---NewSite--addressEditDetailsCostObjectCstType-arrow"},"wdio_ui5_key":"applicationmanagesites-display-component---NewSite--addressEditDetailsCostObjectCstType-arrow"}]}
RESULT: undefined
COMMAND: POST /session/29f4302be0dc04edb0851c5907fd2353/element - {"using":"xpath","value":"//*[@id=\"application-managesites-display-component---NewSite--addressEditDetailsCostObjectCstType-arrow\"]"}
RESULT: {}
RESULT: {"using":"xpath","value":"//*[@id=\"application-managesites-display-component---NewSite--addressEditDetailsCostObjectCstType-arrow\"]"}
COMMAND: POST /session/29f4302be0dc04edb0851c5907fd2353/element/f.131A3F10D0424D71AAC18CBC21A849DC.d.1E6DE0762138773944EC569BB9479FAE.e.1616/click - {}
RESULT: {}
COMMAND: POST /session/29f4302be0dc04edb0851c5907fd2353/element - {"using":"xpath","value":"//span[contains(text(), \"Work Breakdown Structure\")]"}
COMMAND: GET /session/29f4302be0dc04edb0851c5907fd2353/screenshot - {}
RESULT: {"using":"xpath","value":"//span[contains(text(), \"Work Breakdown Structure\")]"}
COMMAND: POST /session/29f4302be0dc04edb0851c5907fd2353/element/f.131A3F10D0424D71AAC18CBC21A849DC.d.1E6DE0762138773944EC569BB9479FAE.e.1617/click - {}
RESULT: {}
RESULT: {}
COMMAND: GET /session/29f4302be0dc04edb0851c5907fd2353/screenshot - {}
RESULT: {}
COMMAND: POST /session/29f4302be0dc04edb0851c5907fd2353/execute/async - {"script":"<script> [1562 bytes]","args":[{"selector":{"id":"application-managesites-display-component---NewSite--addressNewCostObjectCstID-vhi"},"wdio_ui5_key":"applicationmanagesites-display-component---NewSite--addressNewCostObjectCstID-vhi"}]}
RESULT: {"script":"<script> [1562 bytes]","args":[{"selector":{"id":"application-managesites-display-component---NewSite--addressNewCostObjectCstID-vhi"},"wdio_ui5_key":"applicationmanagesites-display-component---NewSite--addressNewCostObjectCstID-vhi"}]}
RESULT: undefined
COMMAND: POST /session/29f4302be0dc04edb0851c5907fd2353/element - {"using":"xpath","value":"//*[@id=\"application-managesites-display-component---NewSite--addressNewCostObjectCstID-vhi\"]"}
RESULT: {"using":"xpath","value":"//*[@id=\"application-managesites-display-component---NewSite--addressNewCostObjectCstID-vhi\"]"}
COMMAND: POST /session/29f4302be0dc04edb0851c5907fd2353/element/f.131A3F10D0424D71AAC18CBC21A849DC.d.1E6DE0762138773944EC569BB9479FAE.e.1621/click - {}
RESULT: {}
COMMAND: GET /session/29f4302be0dc04edb0851c5907fd2353/screenshot - {}
RESULT: {}
COMMAND: POST /session/29f4302be0dc04edb0851c5907fd2353/execute/async - {"script":"<script> [1562 bytes]","args":[{"selector":{"controlType":"sap.m.SearchField","properties":{"placeholder":"Search"},"searchOpenDialogs":true,"interaction":{"idSuffix":"I"}},"wdio_ui5_key":"sapm.SearchField{\"placeholder\":\"Search\"}"}]}
RESULT: {"script":"<script> [1562 bytes]","args":[{"selector":{"controlType":"sap.m.SearchField","properties":{"placeholder":"Search"},"searchOpenDialogs":true,"interaction":{"idSuffix":"I"}},"wdio_ui5_key":"sapm.SearchField{\"placeholder\":\"Search\"}"}]}
RESULT: undefined
COMMAND: POST /session/29f4302be0dc04edb0851c5907fd2353/execute/async - {"script":"<script> [776 bytes]","args":[{"enterText":"A1-000100-01","selector":{"controlType":"sap.m.SearchField","properties":{"placeholder":"Search"},"searchOpenDialogs":true,"interaction":{"idSuffix":"I"}},"clearTextFirst":true,"interactionType":"ENTER_TEXT"}]}
RESULT: {"script":"<script> [776 bytes]","args":[{"enterText":"A1-000100-01","selector":{"controlType":"sap.m.SearchField","properties":{"placeholder":"Search"},"searchOpenDialogs":true,"interaction":{"idSuffix":"I"}},"clearTextFirst":true,"interactionType":"ENTER_TEXT"}]}
COMMAND: POST /session/29f4302be0dc04edb0851c5907fd2353/actions - {"actions":[{"id":"action3","type":"key","parameters":{},"actions":[{"type":"keyDown","value":""},{"type":"pause","duration":10},{"type":"keyUp","value":""}]}]}
RESULT: {"actions":[{"id":"action3","type":"key","parameters":{},"actions":[{"type":"keyDown","value":""},{"type":"pause","duration":10},{"type":"keyUp","value":""}]}]}
COMMAND: GET /session/29f4302be0dc04edb0851c5907fd2353/screenshot - {}
RESULT: {}
COMMAND: POST /session/29f4302be0dc04edb0851c5907fd2353/element - {"using":"xpath","value":"//span[contains(text(), \"Template for ETO-Process\")]"}
RESULT: {"using":"xpath","value":"//span[contains(text(), \"Template for ETO-Process\")]"}
COMMAND: POST /session/29f4302be0dc04edb0851c5907fd2353/element/f.131A3F10D0424D71AAC18CBC21A849DC.d.1E6DE0762138773944EC569BB9479FAE.e.1641/click - {}
RESULT: {}
COMMAND: GET /session/29f4302be0dc04edb0851c5907fd2353/screenshot - {}
RESULT: {}
COMMAND: POST /session/29f4302be0dc04edb0851c5907fd2353/element - {"using":"xpath","value":"//bdi[contains(text(), \"OK\")]"}
RESULT: {"using":"xpath","value":"//bdi[contains(text(), \"OK\")]"}
COMMAND: POST /session/29f4302be0dc04edb0851c5907fd2353/element/f.131A3F10D0424D71AAC18CBC21A849DC.d.1E6DE0762138773944EC569BB9479FAE.e.1642/click - {}
RESULT: {}
COMMAND: GET /session/29f4302be0dc04edb0851c5907fd2353/screenshot - {}
RESULT: {}
COMMAND: POST /session/29f4302be0dc04edb0851c5907fd2353/element - {"using":"xpath","value":"//input[@id=\"application-managesites-display-component---NewSite--addressDetailDetailsYard-inner\"]"}
RESULT: {"using":"xpath","value":"//input[@id=\"application-managesites-display-component---NewSite--addressDetailDetailsYard-inner\"]"}
COMMAND: POST /session/29f4302be0dc04edb0851c5907fd2353/element/f.131A3F10D0424D71AAC18CBC21A849DC.d.1E6DE0762138773944EC569BB9479FAE.e.1442/value - {"text":"WebdriverYardc9ik"}
RESULT: {"text":"WebdriverYardc9ik"}
COMMAND: GET /session/29f4302be0dc04edb0851c5907fd2353/screenshot - {}
RESULT: {}
COMMAND: POST /session/29f4302be0dc04edb0851c5907fd2353/actions - {"actions":[{"id":"action4","type":"key","parameters":{},"actions":[{"type":"keyDown","value":""},{"type":"pause","duration":10},{"type":"keyUp","value":""}]}]}
RESULT: {"actions":[{"id":"action4","type":"key","parameters":{},"actions":[{"type":"keyDown","value":""},{"type":"pause","duration":10},{"type":"keyUp","value":""}]}]}
COMMAND: GET /session/29f4302be0dc04edb0851c5907fd2353/screenshot - {}
RESULT: {}
COMMAND: POST /session/29f4302be0dc04edb0851c5907fd2353/element - {"using":"xpath","value":"//input[@id=\"application-managesites-display-component---NewSite--addressDetailDetailsPartner-inner\"]"}
RESULT: {"using":"xpath","value":"//input[@id=\"application-managesites-display-component---NewSite--addressDetailDetailsPartner-inner\"]"}
COMMAND: POST /session/29f4302be0dc04edb0851c5907fd2353/elements - {"using":"xpath","value":"//input[@id=\"application-managesites-display-component---NewSite--addressDetailDetailsPartner-inner\"]"}
RESULT: {"using":"xpath","value":"//input[@id=\"application-managesites-display-component---NewSite--addressDetailDetailsPartner-inner\"]"}
COMMAND: POST /session/29f4302be0dc04edb0851c5907fd2353/execute/async - {"script":"<script> [1562 bytes]","args":[{"selector":{"controlType":"sap.m.Button","viewName":"etm.portal.ui.managesites.view.NewSmartSite","viewId":"application-managesites-display-component---NewSite","properties":{"text":"Commercial"},"interaction":{"idSuffix":"BDI-content"}},"wdio_ui5_key":"etmportal.ui.managesites.view.NewSmartSitesap.m.Button{\"text\":\"Commercial\"}"}]}
RESULT: {"script":"<script> [1562 bytes]","args":[{"selector":{"controlType":"sap.m.Button","viewName":"etm.portal.ui.managesites.view.NewSmartSite","viewId":"application-managesites-display-component---NewSite","properties":{"text":"Commercial"},"interaction":{"idSuffix":"BDI-content"}},"wdio_ui5_key":"etmportal.ui.managesites.view.NewSmartSitesap.m.Button{\"text\":\"Commercial\"}"}]}
RESULT: undefined
COMMAND: POST /session/29f4302be0dc04edb0851c5907fd2353/element - {"using":"xpath","value":"//*[@id=\"application-managesites-display-component---NewSite--ObjectPageLayout-anchBar-__section5-anchor\"]"}
RESULT: {"using":"xpath","value":"//*[@id=\"application-managesites-display-component---NewSite--ObjectPageLayout-anchBar-__section5-anchor\"]"}
COMMAND: POST /session/29f4302be0dc04edb0851c5907fd2353/element/f.131A3F10D0424D71AAC18CBC21A849DC.d.1E6DE0762138773944EC569BB9479FAE.e.1649/click - {}
RESULT: {}
COMMAND: POST /session/29f4302be0dc04edb0851c5907fd2353/execute/async - {"script":"<script> [1562 bytes]","args":[{"selector":{"controlType":"sap.m.Button","viewName":"etm.portal.ui.managesites.view.NewSmartSite","viewId":"application-managesites-display-component---NewSite","i18NText":{"propertyName":"text","key":"save"},"interaction":{"idSuffix":"BDI-content"}},"wdio_ui5_key":"etmportal.ui.managesites.view.NewSmartSitesap.m.Button{\"propertyName\":\"text\",\"key\":\"save\"}"}]}
COMMAND: GET /session/29f4302be0dc04edb0851c5907fd2353/screenshot - {}
RESULT: {"script":"<script> [1562 bytes]","args":[{"selector":{"controlType":"sap.m.Button","viewName":"etm.portal.ui.managesites.view.NewSmartSite","viewId":"application-managesites-display-component---NewSite","i18NText":{"propertyName":"text","key":"save"},"interaction":{"idSuffix":"BDI-content"}},"wdio_ui5_key":"etmportal.ui.managesites.view.NewSmartSitesap.m.Button{\"propertyName\":\"text\",\"key\":\"save\"}"}]}
RESULT: undefined
COMMAND: POST /session/29f4302be0dc04edb0851c5907fd2353/element - {"using":"xpath","value":"//*[@id=\"__button16\"]"}
RESULT: {}
RESULT: {"using":"xpath","value":"//*[@id=\"__button16\"]"}
COMMAND: POST /session/29f4302be0dc04edb0851c5907fd2353/element/f.131A3F10D0424D71AAC18CBC21A849DC.d.1E6DE0762138773944EC569BB9479FAE.e.1591/click - {}
RESULT: {}
COMMAND: GET /session/29f4302be0dc04edb0851c5907fd2353/screenshot - {}
RESULT: {}
COMMAND: POST /session/29f4302be0dc04edb0851c5907fd2353/execute/async - {"script":"<script> [1562 bytes]","args":[{"selector":{"id":"application-managesites-display-component---detailSite--addressDetailDetailsYardText"},"wdio_ui5_key":"applicationmanagesites-display-component---detailSite--addressDetailDetailsYardText"}]}
RESULT: {"script":"<script> [1562 bytes]","args":[{"selector":{"id":"application-managesites-display-component---detailSite--addressDetailDetailsYardText"},"wdio_ui5_key":"applicationmanagesites-display-component---detailSite--addressDetailDetailsYardText"}]}
RESULT: undefined
COMMAND: POST /session/29f4302be0dc04edb0851c5907fd2353/element - {"using":"xpath","value":"//header/div/div[2]/div[2]/span"}
RESULT: {"using":"xpath","value":"//header/div/div[2]/div[2]/span"}
COMMAND: GET /session/29f4302be0dc04edb0851c5907fd2353/element/f.131A3F10D0424D71AAC18CBC21A849DC.d.1E6DE0762138773944EC569BB9479FAE.e.1852/text - {}
RESULT: {}
COMMAND: POST /session/29f4302be0dc04edb0851c5907fd2353/element - {"using":"xpath","value":"//header/div/div/div/div/div/div[2]/div/span"}
RESULT: {"using":"xpath","value":"//header/div/div/div/div/div/div[2]/div/span"}
COMMAND: GET /session/29f4302be0dc04edb0851c5907fd2353/element/f.131A3F10D0424D71AAC18CBC21A849DC.d.1E6DE0762138773944EC569BB9479FAE.e.1853/text - {}
RESULT: {}
COMMAND: POST /session/29f4302be0dc04edb0851c5907fd2353/element - {"using":"css selector","value":"#shell-header-logo"}
RESULT: {"using":"css selector","value":"#shell-header-logo"}
COMMAND: POST /session/29f4302be0dc04edb0851c5907fd2353/element/f.131A3F10D0424D71AAC18CBC21A849DC.d.1E6DE0762138773944EC569BB9479FAE.e.1177/click - {}
RESULT: {}
COMMAND: GET /session/29f4302be0dc04edb0851c5907fd2353/screenshot - {}
RESULT: {}
COMMAND: POST /session/29f4302be0dc04edb0851c5907fd2353/execute/async - {"script":"<script> [1562 bytes]","args":[{"selector":{"controlType":"sap.m.GenericTile","properties":{"header":"Manage Partners"}},"wdio_ui5_key":"sapm.GenericTile{\"header\":\"Manage Partners\"}"}]}
RESULT: {"script":"<script> [1562 bytes]","args":[{"selector":{"controlType":"sap.m.GenericTile","properties":{"header":"Manage Partners"}},"wdio_ui5_key":"sapm.GenericTile{\"header\":\"Manage Partners\"}"}]}
RESULT: undefined
COMMAND: POST /session/29f4302be0dc04edb0851c5907fd2353/element - {"using":"xpath","value":"//*[@id=\"__tile38\"]"}
RESULT: {"using":"xpath","value":"//*[@id=\"__tile38\"]"}
COMMAND: POST /session/29f4302be0dc04edb0851c5907fd2353/element/f.131A3F10D0424D71AAC18CBC21A849DC.d.1E6DE0762138773944EC569BB9479FAE.e.1855/click - {}
RESULT: {}
COMMAND: GET /session/29f4302be0dc04edb0851c5907fd2353/screenshot - {}
RESULT: {}
COMMAND: POST /session/29f4302be0dc04edb0851c5907fd2353/elements - {"using":"xpath","value":"//span[text()='Error']"}
RESULT: {"using":"xpath","value":"//span[text()='Error']"}
COMMAND: POST /session/29f4302be0dc04edb0851c5907fd2353/execute/async - {"script":"<script> [1562 bytes]","args":[{"selector":{"controlType":"sap.ui.core.Icon","viewName":"etm.portal.ui.managepartners.view.Master","viewId":"application-managepartners-display-component---masterPtm","properties":{"src":{"regex":{"source":"add"}}}},"wdio_ui5_key":"etmportal.ui.managepartners.view.Mastersap.ui.core.Icon{\"src\":{\"regex\":{\"source\":\"add\"}}}"}]}
RESULT: {"script":"<script> [1562 bytes]","args":[{"selector":{"controlType":"sap.ui.core.Icon","viewName":"etm.portal.ui.managepartners.view.Master","viewId":"application-managepartners-display-component---masterPtm","properties":{"src":{"regex":{"source":"add"}}}},"wdio_ui5_key":"etmportal.ui.managepartners.view.Mastersap.ui.core.Icon{\"src\":{\"regex\":{\"source\":\"add\"}}}"}]}
RESULT: undefined
COMMAND: POST /session/29f4302be0dc04edb0851c5907fd2353/element - {"using":"xpath","value":"//*[@id=\"__button60-img\"]"}
RESULT: {"using":"xpath","value":"//*[@id=\"__button60-img\"]"}
COMMAND: POST /session/29f4302be0dc04edb0851c5907fd2353/element/f.131A3F10D0424D71AAC18CBC21A849DC.d.1E6DE0762138773944EC569BB9479FAE.e.1903/click - {}
RESULT: {}
COMMAND: GET /session/29f4302be0dc04edb0851c5907fd2353/screenshot - {}
RESULT: {}
COMMAND: POST /session/29f4302be0dc04edb0851c5907fd2353/execute/async - {"script":"<script> [1562 bytes]","args":[{"selector":{"id":"application-managepartners-display-component---NewPartner--partnerId","interaction":{"idSuffix":"inner"}},"wdio_ui5_key":"applicationmanagepartners-display-component---NewPartner--partnerId"}]}
RESULT: {"script":"<script> [1562 bytes]","args":[{"selector":{"id":"application-managepartners-display-component---NewPartner--partnerId","interaction":{"idSuffix":"inner"}},"wdio_ui5_key":"applicationmanagepartners-display-component---NewPartner--partnerId"}]}
RESULT: undefined
COMMAND: POST /session/29f4302be0dc04edb0851c5907fd2353/execute/async - {"script":"<script> [1562 bytes]","args":[{"selector":{"id":"application-managepartners-display-component---NewPartner--addressDetailDetailsName1","interaction":{"idSuffix":"inner"}},"wdio_ui5_key":"applicationmanagepartners-display-component---NewPartner--addressDetailDetailsName1"}]}
RESULT: {"script":"<script> [1562 bytes]","args":[{"selector":{"id":"application-managepartners-display-component---NewPartner--addressDetailDetailsName1","interaction":{"idSuffix":"inner"}},"wdio_ui5_key":"applicationmanagepartners-display-component---NewPartner--addressDetailDetailsName1"}]}
RESULT: undefined
COMMAND: POST /session/29f4302be0dc04edb0851c5907fd2353/execute/async - {"script":"<script> [776 bytes]","args":[{"enterText":"WebdriverPartner978m1","selector":{"id":"application-managepartners-display-component---NewPartner--addressDetailDetailsName1","interaction":{"idSuffix":"inner"}},"clearTextFirst":true,"interactionType":"ENTER_TEXT"}]}
RESULT: {"script":"<script> [776 bytes]","args":[{"enterText":"WebdriverPartner978m1","selector":{"id":"application-managepartners-display-component---NewPartner--addressDetailDetailsName1","interaction":{"idSuffix":"inner"}},"clearTextFirst":true,"interactionType":"ENTER_TEXT"}]}
COMMAND: POST /session/29f4302be0dc04edb0851c5907fd2353/execute/async - {"script":"<script> [1562 bytes]","args":[{"selector":{"id":"application-managepartners-display-component---NewPartner--addressDetailDetailsLanguage","interaction":{"idSuffix":"inner"}},"wdio_ui5_key":"applicationmanagepartners-display-component---NewPartner--addressDetailDetailsLanguage"}]}
RESULT: {"script":"<script> [1562 bytes]","args":[{"selector":{"id":"application-managepartners-display-component---NewPartner--addressDetailDetailsLanguage","interaction":{"idSuffix":"inner"}},"wdio_ui5_key":"applicationmanagepartners-display-component---NewPartner--addressDetailDetailsLanguage"}]}
RESULT: undefined
COMMAND: POST /session/29f4302be0dc04edb0851c5907fd2353/execute/async - {"script":"<script> [776 bytes]","args":[{"enterText":"Romanian","selector":{"id":"application-managepartners-display-component---NewPartner--addressDetailDetailsLanguage","interaction":{"idSuffix":"inner"}},"clearTextFirst":true,"interactionType":"ENTER_TEXT"}]}
RESULT: {"script":"<script> [776 bytes]","args":[{"enterText":"Romanian","selector":{"id":"application-managepartners-display-component---NewPartner--addressDetailDetailsLanguage","interaction":{"idSuffix":"inner"}},"clearTextFirst":true,"interactionType":"ENTER_TEXT"}]}
COMMAND: POST /session/29f4302be0dc04edb0851c5907fd2353/element - {"using":"xpath","value":"//input[contains(@id ,\"application-managepartners-display-component---NewPartner--addressDetailDetailsName1-inner\")]"}
RESULT: {"using":"xpath","value":"//input[contains(@id ,\"application-managepartners-display-component---NewPartner--addressDetailDetailsName1-inner\")]"}
COMMAND: GET /session/29f4302be0dc04edb0851c5907fd2353/element/f.131A3F10D0424D71AAC18CBC21A849DC.d.1E6DE0762138773944EC569BB9479FAE.e.2114/property/value - {}
RESULT: {}
COMMAND: POST /session/29f4302be0dc04edb0851c5907fd2353/execute/async - {"script":"<script> [1562 bytes]","args":[{"selector":{"id":"application-managepartners-display-component---NewPartner--addressDetailDetailsCity1","interaction":{"idSuffix":"inner"}},"wdio_ui5_key":"applicationmanagepartners-display-component---NewPartner--addressDetailDetailsCity1"}]}
COMMAND: GET /session/29f4302be0dc04edb0851c5907fd2353/screenshot - {}
RESULT: {"script":"<script> [1562 bytes]","args":[{"selector":{"id":"application-managepartners-display-component---NewPartner--addressDetailDetailsCity1","interaction":{"idSuffix":"inner"}},"wdio_ui5_key":"applicationmanagepartners-display-component---NewPartner--addressDetailDetailsCity1"}]}
RESULT: undefined
COMMAND: POST /session/29f4302be0dc04edb0851c5907fd2353/execute/async - {"script":"<script> [776 bytes]","args":[{"enterText":"Bucharest","selector":{"id":"application-managepartners-display-component---NewPartner--addressDetailDetailsCity1","interaction":{"idSuffix":"inner"}},"clearTextFirst":true,"interactionType":"ENTER_TEXT"}]}
RESULT: {}
RESULT: {"script":"<script> [776 bytes]","args":[{"enterText":"Bucharest","selector":{"id":"application-managepartners-display-component---NewPartner--addressDetailDetailsCity1","interaction":{"idSuffix":"inner"}},"clearTextFirst":true,"interactionType":"ENTER_TEXT"}]}
COMMAND: POST /session/29f4302be0dc04edb0851c5907fd2353/execute/async - {"script":"<script> [1562 bytes]","args":[{"selector":{"id":"application-managepartners-display-component---NewPartner--addressDetailDetailsCountry","interaction":{"idSuffix":"inner"}},"wdio_ui5_key":"applicationmanagepartners-display-component---NewPartner--addressDetailDetailsCountry"}]}
RESULT: {"script":"<script> [1562 bytes]","args":[{"selector":{"id":"application-managepartners-display-component---NewPartner--addressDetailDetailsCountry","interaction":{"idSuffix":"inner"}},"wdio_ui5_key":"applicationmanagepartners-display-component---NewPartner--addressDetailDetailsCountry"}]}
RESULT: undefined
COMMAND: POST /session/29f4302be0dc04edb0851c5907fd2353/execute/async - {"script":"<script> [6424 bytes]","args":[{"element-6066-11e4-a52e-4f735466cecf":"f.131A3F10D0424D71AAC18CBC21A849DC.d.1E6DE0762138773944EC569BB9479FAE.e.2121"},"setValue",["Romania"]]}
RESULT: {"script":"<script> [6424 bytes]","args":[{"element-6066-11e4-a52e-4f735466cecf":"f.131A3F10D0424D71AAC18CBC21A849DC.d.1E6DE0762138773944EC569BB9479FAE.e.2121"},"setValue",["Romania"]]}
COMMAND: POST /session/29f4302be0dc04edb0851c5907fd2353/execute/async - {"script":"<script> [1562 bytes]","args":[{"selector":{"id":"application-managepartners-display-component---NewPartner--partnerDetailInternal","interaction":{"idSuffix":"inner"}},"wdio_ui5_key":"applicationmanagepartners-display-component---NewPartner--partnerDetailInternal"}]}
RESULT: {"script":"<script> [1562 bytes]","args":[{"selector":{"id":"application-managepartners-display-component---NewPartner--partnerDetailInternal","interaction":{"idSuffix":"inner"}},"wdio_ui5_key":"applicationmanagepartners-display-component---NewPartner--partnerDetailInternal"}]}
RESULT: undefined
COMMAND: POST /session/29f4302be0dc04edb0851c5907fd2353/execute/async - {"script":"<script> [776 bytes]","args":[{"enterText":"External partner","selector":{"id":"application-managepartners-display-component---NewPartner--partnerDetailInternal","interaction":{"idSuffix":"inner"}},"clearTextFirst":true,"interactionType":"ENTER_TEXT"}]}
RESULT: {"script":"<script> [776 bytes]","args":[{"enterText":"External partner","selector":{"id":"application-managepartners-display-component---NewPartner--partnerDetailInternal","interaction":{"idSuffix":"inner"}},"clearTextFirst":true,"interactionType":"ENTER_TEXT"}]}
COMMAND: POST /session/29f4302be0dc04edb0851c5907fd2353/execute/async - {"script":"<script> [1562 bytes]","args":[{"selector":{"id":"application-managepartners-display-component---NewPartner--partnerDetailsCurrency","interaction":{"idSuffix":"inner"}},"wdio_ui5_key":"applicationmanagepartners-display-component---NewPartner--partnerDetailsCurrency"}]}
RESULT: {"script":"<script> [1562 bytes]","args":[{"selector":{"id":"application-managepartners-display-component---NewPartner--partnerDetailsCurrency","interaction":{"idSuffix":"inner"}},"wdio_ui5_key":"applicationmanagepartners-display-component---NewPartner--partnerDetailsCurrency"}]}
RESULT: undefined
COMMAND: POST /session/29f4302be0dc04edb0851c5907fd2353/execute/async - {"script":"<script> [776 bytes]","args":[{"enterText":"Euro","selector":{"id":"application-managepartners-display-component---NewPartner--partnerDetailsCurrency","interaction":{"idSuffix":"inner"}},"clearTextFirst":true,"interactionType":"ENTER_TEXT"}]}
RESULT: {"script":"<script> [776 bytes]","args":[{"enterText":"Euro","selector":{"id":"application-managepartners-display-component---NewPartner--partnerDetailsCurrency","interaction":{"idSuffix":"inner"}},"clearTextFirst":true,"interactionType":"ENTER_TEXT"}]}
COMMAND: POST /session/29f4302be0dc04edb0851c5907fd2353/execute/async - {"script":"<script> [1562 bytes]","args":[{"selector":{"controlType":"sap.m.Button","viewName":"etm.portal.ui.managepartners.view.NewPartner","viewId":"application-managepartners-display-component---NewPartner","properties":{"text":"Commercial"},"interaction":{"idSuffix":"BDI-content"}},"wdio_ui5_key":"etmportal.ui.managepartners.view.NewPartnersap.m.Button{\"text\":\"Commercial\"}"}]}
RESULT: {"script":"<script> [1562 bytes]","args":[{"selector":{"controlType":"sap.m.Button","viewName":"etm.portal.ui.managepartners.view.NewPartner","viewId":"application-managepartners-display-component---NewPartner","properties":{"text":"Commercial"},"interaction":{"idSuffix":"BDI-content"}},"wdio_ui5_key":"etmportal.ui.managepartners.view.NewPartnersap.m.Button{\"text\":\"Commercial\"}"}]}
RESULT: undefined
COMMAND: POST /session/29f4302be0dc04edb0851c5907fd2353/element - {"using":"xpath","value":"//*[@id=\"application-managepartners-display-component---NewPartner--ObjectPageLayout-anchBar-__section29-anchor\"]"}
RESULT: {"using":"xpath","value":"//*[@id=\"application-managepartners-display-component---NewPartner--ObjectPageLayout-anchBar-__section29-anchor\"]"}
COMMAND: POST /session/29f4302be0dc04edb0851c5907fd2353/element/f.131A3F10D0424D71AAC18CBC21A849DC.d.1E6DE0762138773944EC569BB9479FAE.e.2325/click - {}
RESULT: {}
COMMAND: GET /session/29f4302be0dc04edb0851c5907fd2353/screenshot - {}
RESULT: {}
COMMAND: POST /session/29f4302be0dc04edb0851c5907fd2353/execute/async - {"script":"<script> [1562 bytes]","args":[{"selector":{"id":"application-managepartners-display-component---NewPartner--btnAddTableRow-img"},"wdio_ui5_key":"applicationmanagepartners-display-component---NewPartner--btnAddTableRow-img"}]}
RESULT: {"script":"<script> [1562 bytes]","args":[{"selector":{"id":"application-managepartners-display-component---NewPartner--btnAddTableRow-img"},"wdio_ui5_key":"applicationmanagepartners-display-component---NewPartner--btnAddTableRow-img"}]}
RESULT: undefined
COMMAND: POST /session/29f4302be0dc04edb0851c5907fd2353/element - {"using":"xpath","value":"//*[@id=\"application-managepartners-display-component---NewPartner--btnAddTableRow-img\"]"}
RESULT: {"using":"xpath","value":"//*[@id=\"application-managepartners-display-component---NewPartner--btnAddTableRow-img\"]"}
COMMAND: POST /session/29f4302be0dc04edb0851c5907fd2353/element/f.131A3F10D0424D71AAC18CBC21A849DC.d.1E6DE0762138773944EC569BB9479FAE.e.2331/click - {}
RESULT: {}
COMMAND: POST /session/29f4302be0dc04edb0851c5907fd2353/element - {"using":"xpath","value":"//input[contains(@id ,\"application-managepartners-display-component---NewPartner--assignmentYard-application-managepartners-display-component---NewPartner\")]"}
COMMAND: GET /session/29f4302be0dc04edb0851c5907fd2353/screenshot - {}
RESULT: {"using":"xpath","value":"//input[contains(@id ,\"application-managepartners-display-component---NewPartner--assignmentYard-application-managepartners-display-component---NewPartner\")]"}
COMMAND: POST /session/29f4302be0dc04edb0851c5907fd2353/element/f.131A3F10D0424D71AAC18CBC21A849DC.d.1E6DE0762138773944EC569BB9479FAE.e.2336/clear - {}
RESULT: {}
RESULT: {}
COMMAND: POST /session/29f4302be0dc04edb0851c5907fd2353/element/f.131A3F10D0424D71AAC18CBC21A849DC.d.1E6DE0762138773944EC569BB9479FAE.e.2336/value - {"text":"WebdriverYardc9ik"}
COMMAND: GET /session/29f4302be0dc04edb0851c5907fd2353/screenshot - {}
RESULT: {"text":"WebdriverYardc9ik"}
COMMAND: GET /session/29f4302be0dc04edb0851c5907fd2353/screenshot - {}
RESULT: {}
RESULT: {}
COMMAND: POST /session/29f4302be0dc04edb0851c5907fd2353/execute/async - {"script":"<script> [1562 bytes]","args":[{"selector":{"controlType":"sap.m.Button","viewName":"etm.portal.ui.managepartners.view.NewPartner","viewId":"application-managepartners-display-component---NewPartner","i18NText":{"propertyName":"text","key":"save"},"interaction":{"idSuffix":"BDI-content"}},"wdio_ui5_key":"etmportal.ui.managepartners.view.NewPartnersap.m.Button{\"propertyName\":\"text\",\"key\":\"save\"}"}]}
RESULT: {"script":"<script> [1562 bytes]","args":[{"selector":{"controlType":"sap.m.Button","viewName":"etm.portal.ui.managepartners.view.NewPartner","viewId":"application-managepartners-display-component---NewPartner","i18NText":{"propertyName":"text","key":"save"},"interaction":{"idSuffix":"BDI-content"}},"wdio_ui5_key":"etmportal.ui.managepartners.view.NewPartnersap.m.Button{\"propertyName\":\"text\",\"key\":\"save\"}"}]}
RESULT: undefined
COMMAND: POST /session/29f4302be0dc04edb0851c5907fd2353/element - {"using":"xpath","value":"//*[@id=\"__button68\"]"}
RESULT: {"using":"xpath","value":"//*[@id=\"__button68\"]"}
COMMAND: POST /session/29f4302be0dc04edb0851c5907fd2353/element/f.131A3F10D0424D71AAC18CBC21A849DC.d.1E6DE0762138773944EC569BB9479FAE.e.2304/click - {}
RESULT: {}
COMMAND: GET /session/29f4302be0dc04edb0851c5907fd2353/screenshot - {}
RESULT: {}
COMMAND: POST /session/29f4302be0dc04edb0851c5907fd2353/element - {"using":"xpath","value":"//header/div/div[2]/div[2]/span"}
RESULT: {"using":"xpath","value":"//header/div/div[2]/div[2]/span"}
COMMAND: GET /session/29f4302be0dc04edb0851c5907fd2353/element/f.131A3F10D0424D71AAC18CBC21A849DC.d.1E6DE0762138773944EC569BB9479FAE.e.2507/text - {}
RESULT: {}
COMMAND: POST /session/29f4302be0dc04edb0851c5907fd2353/element - {"using":"xpath","value":"//header/div/div/div/div/div/div[2]/div/span"}
RESULT: {"using":"xpath","value":"//header/div/div/div/div/div/div[2]/div/span"}
COMMAND: GET /session/29f4302be0dc04edb0851c5907fd2353/element/f.131A3F10D0424D71AAC18CBC21A849DC.d.1E6DE0762138773944EC569BB9479FAE.e.2508/text - {}
RESULT: {}
COMMAND: POST /session/29f4302be0dc04edb0851c5907fd2353/execute/async - {"script":"<script> [1562 bytes]","args":[{"selector":{"id":"application-managepartners-display-component---detailPtm--partnerType"},"wdio_ui5_key":"applicationmanagepartners-display-component---detailPtm--partnerType"}]}
RESULT: {"script":"<script> [1562 bytes]","args":[{"selector":{"id":"application-managepartners-display-component---detailPtm--partnerType"},"wdio_ui5_key":"applicationmanagepartners-display-component---detailPtm--partnerType"}]}
RESULT: undefined
COMMAND: POST /session/29f4302be0dc04edb0851c5907fd2353/execute/async - {"script":"<script> [6424 bytes]","args":[{"element-6066-11e4-a52e-4f735466cecf":"f.131A3F10D0424D71AAC18CBC21A849DC.d.1E6DE0762138773944EC569BB9479FAE.e.2509"},"getText",[]]}
RESULT: {"script":"<script> [6424 bytes]","args":[{"element-6066-11e4-a52e-4f735466cecf":"f.131A3F10D0424D71AAC18CBC21A849DC.d.1E6DE0762138773944EC569BB9479FAE.e.2509"},"getText",[]]}
COMMAND: POST /session/29f4302be0dc04edb0851c5907fd2353/element - {"using":"css selector","value":"#shell-header-logo"}
RESULT: {"using":"css selector","value":"#shell-header-logo"}
COMMAND: POST /session/29f4302be0dc04edb0851c5907fd2353/element/f.131A3F10D0424D71AAC18CBC21A849DC.d.1E6DE0762138773944EC569BB9479FAE.e.1857/click - {}
RESULT: {}
COMMAND: GET /session/29f4302be0dc04edb0851c5907fd2353/screenshot - {}
RESULT: {}
]]></system-out>
    </testcase>
    <testcase classname="chrome.136_0_7103_93.windows.Webshop_-_Hyperlinks_visible_and_working_properly__US139085" name="Should create a new contract" time="106.485">
      <system-out><![CDATA[
COMMAND: POST /session/29f4302be0dc04edb0851c5907fd2353/execute/async - {"script":"<script> [1562 bytes]","args":[{"selector":{"controlType":"sap.m.GenericTile","properties":{"header":"Manage Contracts"}},"wdio_ui5_key":"sapm.GenericTile{\"header\":\"Manage Contracts\"}"}]}
RESULT: {"script":"<script> [1562 bytes]","args":[{"selector":{"controlType":"sap.m.GenericTile","properties":{"header":"Manage Contracts"}},"wdio_ui5_key":"sapm.GenericTile{\"header\":\"Manage Contracts\"}"}]}
RESULT: undefined
COMMAND: POST /session/29f4302be0dc04edb0851c5907fd2353/element - {"using":"xpath","value":"//*[@id=\"__tile130\"]"}
RESULT: {"using":"xpath","value":"//*[@id=\"__tile130\"]"}
COMMAND: POST /session/29f4302be0dc04edb0851c5907fd2353/element/f.131A3F10D0424D71AAC18CBC21A849DC.d.1E6DE0762138773944EC569BB9479FAE.e.2511/click - {}
RESULT: {}
COMMAND: GET /session/29f4302be0dc04edb0851c5907fd2353/screenshot - {}
RESULT: {}
COMMAND: POST /session/29f4302be0dc04edb0851c5907fd2353/elements - {"using":"xpath","value":"//span[text()='Error']"}
RESULT: {"using":"xpath","value":"//span[text()='Error']"}
COMMAND: POST /session/29f4302be0dc04edb0851c5907fd2353/element - {"using":"xpath","value":"//button[@data-kt=\"addButton\"]"}
RESULT: {"using":"xpath","value":"//button[@data-kt=\"addButton\"]"}
COMMAND: POST /session/29f4302be0dc04edb0851c5907fd2353/element/f.131A3F10D0424D71AAC18CBC21A849DC.d.1E6DE0762138773944EC569BB9479FAE.e.2563/click - {}
RESULT: {}
COMMAND: GET /session/29f4302be0dc04edb0851c5907fd2353/screenshot - {}
RESULT: {}
COMMAND: POST /session/29f4302be0dc04edb0851c5907fd2353/execute/async - {"script":"<script> [1562 bytes]","args":[{"selector":{"id":"application-managecontracts-display-component---AddNewContract--projectDescription","interaction":{"idSuffix":"inner"}},"wdio_ui5_key":"applicationmanagecontracts-display-component---AddNewContract--projectDescription"}]}
RESULT: {"script":"<script> [1562 bytes]","args":[{"selector":{"id":"application-managecontracts-display-component---AddNewContract--projectDescription","interaction":{"idSuffix":"inner"}},"wdio_ui5_key":"applicationmanagecontracts-display-component---AddNewContract--projectDescription"}]}
RESULT: undefined
COMMAND: POST /session/29f4302be0dc04edb0851c5907fd2353/execute/async - {"script":"<script> [776 bytes]","args":[{"enterText":"WdIOTestaowmu","selector":{"id":"application-managecontracts-display-component---AddNewContract--projectDescription","interaction":{"idSuffix":"inner"}},"clearTextFirst":true,"interactionType":"ENTER_TEXT"}]}
RESULT: {"script":"<script> [776 bytes]","args":[{"enterText":"WdIOTestaowmu","selector":{"id":"application-managecontracts-display-component---AddNewContract--projectDescription","interaction":{"idSuffix":"inner"}},"clearTextFirst":true,"interactionType":"ENTER_TEXT"}]}
COMMAND: POST /session/29f4302be0dc04edb0851c5907fd2353/element - {"using":"xpath","value":"//input[@id=\"application-managecontracts-display-component---AddNewContract--yardId-inner\"]"}
RESULT: {"using":"xpath","value":"//input[@id=\"application-managecontracts-display-component---AddNewContract--yardId-inner\"]"}
COMMAND: POST /session/29f4302be0dc04edb0851c5907fd2353/element/f.131A3F10D0424D71AAC18CBC21A849DC.d.1E6DE0762138773944EC569BB9479FAE.e.2823/clear - {}
RESULT: {}
COMMAND: POST /session/29f4302be0dc04edb0851c5907fd2353/element/f.131A3F10D0424D71AAC18CBC21A849DC.d.1E6DE0762138773944EC569BB9479FAE.e.2823/value - {"text":"WebdriverYardc9ik"}
COMMAND: GET /session/29f4302be0dc04edb0851c5907fd2353/screenshot - {}
RESULT: {"text":"WebdriverYardc9ik"}
COMMAND: GET /session/29f4302be0dc04edb0851c5907fd2353/screenshot - {}
RESULT: {}
RESULT: {}
COMMAND: POST /session/29f4302be0dc04edb0851c5907fd2353/actions - {"actions":[{"id":"action5","type":"key","parameters":{},"actions":[{"type":"keyDown","value":""},{"type":"pause","duration":10},{"type":"keyUp","value":""}]}]}
RESULT: {"actions":[{"id":"action5","type":"key","parameters":{},"actions":[{"type":"keyDown","value":""},{"type":"pause","duration":10},{"type":"keyUp","value":""}]}]}
COMMAND: GET /session/29f4302be0dc04edb0851c5907fd2353/screenshot - {}
RESULT: {}
COMMAND: POST /session/29f4302be0dc04edb0851c5907fd2353/element - {"using":"xpath","value":"//input[@id=\"application-managecontracts-display-component---AddNewContract--customerSelect-inner\"]"}
RESULT: {"using":"xpath","value":"//input[@id=\"application-managecontracts-display-component---AddNewContract--customerSelect-inner\"]"}
COMMAND: POST /session/29f4302be0dc04edb0851c5907fd2353/element/f.131A3F10D0424D71AAC18CBC21A849DC.d.1E6DE0762138773944EC569BB9479FAE.e.2821/clear - {}
RESULT: {}
COMMAND: POST /session/29f4302be0dc04edb0851c5907fd2353/element/f.131A3F10D0424D71AAC18CBC21A849DC.d.1E6DE0762138773944EC569BB9479FAE.e.2821/value - {"text":"WebdriverPartner978m1"}
COMMAND: GET /session/29f4302be0dc04edb0851c5907fd2353/screenshot - {}
RESULT: {"text":"WebdriverPartner978m1"}
COMMAND: GET /session/29f4302be0dc04edb0851c5907fd2353/screenshot - {}
RESULT: {}
RESULT: {}
COMMAND: POST /session/29f4302be0dc04edb0851c5907fd2353/actions - {"actions":[{"id":"action6","type":"key","parameters":{},"actions":[{"type":"keyDown","value":""},{"type":"pause","duration":10},{"type":"keyUp","value":""}]}]}
RESULT: {"actions":[{"id":"action6","type":"key","parameters":{},"actions":[{"type":"keyDown","value":""},{"type":"pause","duration":10},{"type":"keyUp","value":""}]}]}
COMMAND: GET /session/29f4302be0dc04edb0851c5907fd2353/screenshot - {}
RESULT: {}
COMMAND: POST /session/29f4302be0dc04edb0851c5907fd2353/element - {"using":"xpath","value":"//input[@id=\"application-managecontracts-display-component---AddNewContract--site-inner\"]"}
RESULT: {"using":"xpath","value":"//input[@id=\"application-managecontracts-display-component---AddNewContract--site-inner\"]"}
COMMAND: POST /session/29f4302be0dc04edb0851c5907fd2353/element/f.131A3F10D0424D71AAC18CBC21A849DC.d.1E6DE0762138773944EC569BB9479FAE.e.2822/clear - {}
RESULT: {}
COMMAND: POST /session/29f4302be0dc04edb0851c5907fd2353/element/f.131A3F10D0424D71AAC18CBC21A849DC.d.1E6DE0762138773944EC569BB9479FAE.e.2822/value - {"text":"WebdriverSitet8dwz"}
COMMAND: GET /session/29f4302be0dc04edb0851c5907fd2353/screenshot - {}
RESULT: {"text":"WebdriverSitet8dwz"}
COMMAND: GET /session/29f4302be0dc04edb0851c5907fd2353/screenshot - {}
RESULT: {}
RESULT: {}
COMMAND: POST /session/29f4302be0dc04edb0851c5907fd2353/actions - {"actions":[{"id":"action7","type":"key","parameters":{},"actions":[{"type":"keyDown","value":""},{"type":"pause","duration":10},{"type":"keyUp","value":""}]}]}
RESULT: {"actions":[{"id":"action7","type":"key","parameters":{},"actions":[{"type":"keyDown","value":""},{"type":"pause","duration":10},{"type":"keyUp","value":""}]}]}
COMMAND: GET /session/29f4302be0dc04edb0851c5907fd2353/screenshot - {}
COMMAND: POST /session/29f4302be0dc04edb0851c5907fd2353/element - {"using":"xpath","value":"//button[@data-kt=\"saveButton\"]"}
RESULT: {}
RESULT: {"using":"xpath","value":"//button[@data-kt=\"saveButton\"]"}
COMMAND: POST /session/29f4302be0dc04edb0851c5907fd2353/element/f.131A3F10D0424D71AAC18CBC21A849DC.d.1E6DE0762138773944EC569BB9479FAE.e.2895/click - {}
RESULT: {}
COMMAND: GET /session/29f4302be0dc04edb0851c5907fd2353/screenshot - {}
RESULT: {}
COMMAND: POST /session/29f4302be0dc04edb0851c5907fd2353/execute/async - {"script":"<script> [1562 bytes]","args":[{"selector":{"id":"contractDetailTitleNoExpanded","viewName":"etm.portal.ui.managecontracts.view.Detail"},"wdio_ui5_key":"contractDetailTitleNoExpandedetmportal.ui.managecontracts.view.Detail"}]}
RESULT: {"script":"<script> [1562 bytes]","args":[{"selector":{"id":"contractDetailTitleNoExpanded","viewName":"etm.portal.ui.managecontracts.view.Detail"},"wdio_ui5_key":"contractDetailTitleNoExpandedetmportal.ui.managecontracts.view.Detail"}]}
RESULT: undefined
COMMAND: POST /session/29f4302be0dc04edb0851c5907fd2353/execute/async - {"script":"<script> [6424 bytes]","args":[{"element-6066-11e4-a52e-4f735466cecf":"f.131A3F10D0424D71AAC18CBC21A849DC.d.1E6DE0762138773944EC569BB9479FAE.e.2980"},"getText",[]]}
RESULT: {"script":"<script> [6424 bytes]","args":[{"element-6066-11e4-a52e-4f735466cecf":"f.131A3F10D0424D71AAC18CBC21A849DC.d.1E6DE0762138773944EC569BB9479FAE.e.2980"},"getText",[]]}
COMMAND: POST /session/29f4302be0dc04edb0851c5907fd2353/element - {"using":"css selector","value":"#shell-header-logo"}
RESULT: {"using":"css selector","value":"#shell-header-logo"}
COMMAND: POST /session/29f4302be0dc04edb0851c5907fd2353/element/f.131A3F10D0424D71AAC18CBC21A849DC.d.1E6DE0762138773944EC569BB9479FAE.e.2514/click - {}
RESULT: {}
COMMAND: GET /session/29f4302be0dc04edb0851c5907fd2353/screenshot - {}
RESULT: {}
]]></system-out>
    </testcase>
    <testcase classname="chrome.136_0_7103_93.windows.Webshop_-_Hyperlinks_visible_and_working_properly__US139085" name="Should create a new webshop request and verify yard hyperlinks" time="232.059">
      <system-out><![CDATA[
COMMAND: POST /session/29f4302be0dc04edb0851c5907fd2353/execute/async - {"script":"<script> [1562 bytes]","args":[{"selector":{"controlType":"sap.m.GenericTile","properties":{"header":"Webshop"}},"wdio_ui5_key":"sapm.GenericTile{\"header\":\"Webshop\"}"}]}
RESULT: {"script":"<script> [1562 bytes]","args":[{"selector":{"controlType":"sap.m.GenericTile","properties":{"header":"Webshop"}},"wdio_ui5_key":"sapm.GenericTile{\"header\":\"Webshop\"}"}]}
RESULT: undefined
COMMAND: POST /session/29f4302be0dc04edb0851c5907fd2353/element - {"using":"xpath","value":"//*[@id=\"__tile49\"]"}
RESULT: {"using":"xpath","value":"//*[@id=\"__tile49\"]"}
COMMAND: POST /session/29f4302be0dc04edb0851c5907fd2353/element/f.131A3F10D0424D71AAC18CBC21A849DC.d.1E6DE0762138773944EC569BB9479FAE.e.2983/click - {}
RESULT: {}
COMMAND: GET /session/29f4302be0dc04edb0851c5907fd2353/screenshot - {}
RESULT: {}
COMMAND: POST /session/29f4302be0dc04edb0851c5907fd2353/elements - {"using":"xpath","value":"//span[text()='Error']"}
RESULT: {"using":"xpath","value":"//span[text()='Error']"}
COMMAND: POST /session/29f4302be0dc04edb0851c5907fd2353/element - {"using":"css selector","value":"#requestCreationDialog--createRequestPopUp-title-inner"}
RESULT: {"using":"css selector","value":"#requestCreationDialog--createRequestPopUp-title-inner"}
COMMAND: POST /session/29f4302be0dc04edb0851c5907fd2353/execute/sync - {"script":"<script> [8489 bytes]","args":[{"element-6066-11e4-a52e-4f735466cecf":"f.131A3F10D0424D71AAC18CBC21A849DC.d.1E6DE0762138773944EC569BB9479FAE.e.3011","ELEMENT":"f.131A3F10D0424D71AAC18CBC21A849DC.d.1E6DE0762138773944EC569BB9479FAE.e.3011"}]}
RESULT: {"script":"<script> [8489 bytes]","args":[{"element-6066-11e4-a52e-4f735466cecf":"f.131A3F10D0424D71AAC18CBC21A849DC.d.1E6DE0762138773944EC569BB9479FAE.e.3011","ELEMENT":"f.131A3F10D0424D71AAC18CBC21A849DC.d.1E6DE0762138773944EC569BB9479FAE.e.3011"}]}
COMMAND: GET /session/29f4302be0dc04edb0851c5907fd2353/element/f.131A3F10D0424D71AAC18CBC21A849DC.d.1E6DE0762138773944EC569BB9479FAE.e.3011/enabled - {}
COMMAND: GET /session/29f4302be0dc04edb0851c5907fd2353/screenshot - {}
RESULT: {}
COMMAND: POST /session/29f4302be0dc04edb0851c5907fd2353/execute/async - {"script":"<script> [1562 bytes]","args":[{"selector":{"id":"requestCreationDialog--requestName","searchOpenDialogs":true,"interaction":{"idSuffix":"inner"}},"wdio_ui5_key":"requestCreationDialogrequestName"}]}
COMMAND: GET /session/29f4302be0dc04edb0851c5907fd2353/screenshot - {}
RESULT: {}
RESULT: {"script":"<script> [1562 bytes]","args":[{"selector":{"id":"requestCreationDialog--requestName","searchOpenDialogs":true,"interaction":{"idSuffix":"inner"}},"wdio_ui5_key":"requestCreationDialogrequestName"}]}
RESULT: undefined
COMMAND: POST /session/29f4302be0dc04edb0851c5907fd2353/execute/async - {"script":"<script> [776 bytes]","args":[{"enterText":"WebdriverTest","selector":{"id":"requestCreationDialog--requestName","searchOpenDialogs":true,"interaction":{"idSuffix":"inner"}},"clearTextFirst":true,"interactionType":"ENTER_TEXT"}]}
RESULT: {}
RESULT: {"script":"<script> [776 bytes]","args":[{"enterText":"WebdriverTest","selector":{"id":"requestCreationDialog--requestName","searchOpenDialogs":true,"interaction":{"idSuffix":"inner"}},"clearTextFirst":true,"interactionType":"ENTER_TEXT"}]}
COMMAND: POST /session/29f4302be0dc04edb0851c5907fd2353/element - {"using":"xpath","value":"//input[contains(@id ,\"requestCreationDialog--contract-inner\")]"}
RESULT: {"using":"xpath","value":"//input[contains(@id ,\"requestCreationDialog--contract-inner\")]"}
COMMAND: POST /session/29f4302be0dc04edb0851c5907fd2353/element/f.131A3F10D0424D71AAC18CBC21A849DC.d.1E6DE0762138773944EC569BB9479FAE.e.2996/clear - {}
RESULT: {}
COMMAND: POST /session/29f4302be0dc04edb0851c5907fd2353/element/f.131A3F10D0424D71AAC18CBC21A849DC.d.1E6DE0762138773944EC569BB9479FAE.e.2996/value - {"text":"10420"}
COMMAND: GET /session/29f4302be0dc04edb0851c5907fd2353/screenshot - {}
RESULT: {"text":"10420"}
COMMAND: GET /session/29f4302be0dc04edb0851c5907fd2353/screenshot - {}
RESULT: {}
RESULT: {}
COMMAND: POST /session/29f4302be0dc04edb0851c5907fd2353/actions - {"actions":[{"id":"action8","type":"key","parameters":{},"actions":[{"type":"keyDown","value":""},{"type":"pause","duration":10},{"type":"keyUp","value":""}]}]}
RESULT: {"actions":[{"id":"action8","type":"key","parameters":{},"actions":[{"type":"keyDown","value":""},{"type":"pause","duration":10},{"type":"keyUp","value":""}]}]}
COMMAND: GET /session/29f4302be0dc04edb0851c5907fd2353/screenshot - {}
RESULT: {}
COMMAND: POST /session/29f4302be0dc04edb0851c5907fd2353/element - {"using":"xpath","value":"//input[contains(@id ,\"requestCreationDialog--contract-inner\")]"}
RESULT: {"using":"xpath","value":"//input[contains(@id ,\"requestCreationDialog--contract-inner\")]"}
COMMAND: GET /session/29f4302be0dc04edb0851c5907fd2353/element/f.131A3F10D0424D71AAC18CBC21A849DC.d.1E6DE0762138773944EC569BB9479FAE.e.2996/property/value - {}
RESULT: {}
COMMAND: POST /session/29f4302be0dc04edb0851c5907fd2353/element - {"using":"xpath","value":"//input[contains(@id ,\"requestCreationDialog--contract-inner\")]"}
COMMAND: GET /session/29f4302be0dc04edb0851c5907fd2353/screenshot - {}
RESULT: {"using":"xpath","value":"//input[contains(@id ,\"requestCreationDialog--contract-inner\")]"}
COMMAND: POST /session/29f4302be0dc04edb0851c5907fd2353/execute/async - {"script":"<script> [1562 bytes]","args":[{"selector":{"id":"requestCreationDialog--okButton","searchOpenDialogs":true,"interaction":{"idSuffix":"BDI-content"}},"wdio_ui5_key":"requestCreationDialogokButton"}]}
RESULT: {}
RESULT: {"script":"<script> [1562 bytes]","args":[{"selector":{"id":"requestCreationDialog--okButton","searchOpenDialogs":true,"interaction":{"idSuffix":"BDI-content"}},"wdio_ui5_key":"requestCreationDialogokButton"}]}
RESULT: undefined
COMMAND: POST /session/29f4302be0dc04edb0851c5907fd2353/element - {"using":"xpath","value":"//*[@id=\"requestCreationDialog--okButton\"]"}
RESULT: {"using":"xpath","value":"//*[@id=\"requestCreationDialog--okButton\"]"}
COMMAND: POST /session/29f4302be0dc04edb0851c5907fd2353/element/f.131A3F10D0424D71AAC18CBC21A849DC.d.1E6DE0762138773944EC569BB9479FAE.e.3019/click - {}
RESULT: {}
COMMAND: GET /session/29f4302be0dc04edb0851c5907fd2353/screenshot - {}
RESULT: {}
COMMAND: POST /session/29f4302be0dc04edb0851c5907fd2353/element - {"using":"xpath","value":"//input[contains(@id ,\"searchFiledId-I\")]"}
RESULT: {"using":"xpath","value":"//input[contains(@id ,\"searchFiledId-I\")]"}
COMMAND: POST /session/29f4302be0dc04edb0851c5907fd2353/element/f.131A3F10D0424D71AAC18CBC21A849DC.d.1E6DE0762138773944EC569BB9479FAE.e.2988/value - {"text":"Dri-Prime CD150M Diesel Pump"}
RESULT: {"text":"Dri-Prime CD150M Diesel Pump"}
COMMAND: POST /session/29f4302be0dc04edb0851c5907fd2353/actions - {"actions":[{"id":"action9","type":"key","parameters":{},"actions":[{"type":"keyDown","value":""},{"type":"pause","duration":10},{"type":"keyUp","value":""}]}]}
COMMAND: GET /session/29f4302be0dc04edb0851c5907fd2353/screenshot - {}
RESULT: {"actions":[{"id":"action9","type":"key","parameters":{},"actions":[{"type":"keyDown","value":""},{"type":"pause","duration":10},{"type":"keyUp","value":""}]}]}
COMMAND: GET /session/29f4302be0dc04edb0851c5907fd2353/screenshot - {}
RESULT: {}
RESULT: {}
COMMAND: POST /session/29f4302be0dc04edb0851c5907fd2353/element - {"using":"xpath","value":"//span[contains(@id ,\"subTitle\")][contains(text(), \"Dri-Prime CD150M Diesel Pump\")]"}
RESULT: {"using":"xpath","value":"//span[contains(@id ,\"subTitle\")][contains(text(), \"Dri-Prime CD150M Diesel Pump\")]"}
COMMAND: POST /session/29f4302be0dc04edb0851c5907fd2353/element/f.131A3F10D0424D71AAC18CBC21A849DC.d.1E6DE0762138773944EC569BB9479FAE.e.3027/click - {}
RESULT: {}
COMMAND: GET /session/29f4302be0dc04edb0851c5907fd2353/screenshot - {}
RESULT: {}
COMMAND: POST /session/29f4302be0dc04edb0851c5907fd2353/execute/async - {"script":"<script> [1562 bytes]","args":[{"selector":{"controlType":"sap.m.Button","viewName":"etm.portal.ui.webshop.view.Homepage","i18NText":{"propertyName":"text","key":"addToRequest"},"interaction":{"idSuffix":"BDI-content"}},"wdio_ui5_key":"etmportal.ui.webshop.view.Homepagesap.m.Button{\"propertyName\":\"text\",\"key\":\"addToRequest\"}"}]}
RESULT: {"script":"<script> [1562 bytes]","args":[{"selector":{"controlType":"sap.m.Button","viewName":"etm.portal.ui.webshop.view.Homepage","i18NText":{"propertyName":"text","key":"addToRequest"},"interaction":{"idSuffix":"BDI-content"}},"wdio_ui5_key":"etmportal.ui.webshop.view.Homepagesap.m.Button{\"propertyName\":\"text\",\"key\":\"addToRequest\"}"}]}
RESULT: undefined
COMMAND: POST /session/29f4302be0dc04edb0851c5907fd2353/element - {"using":"xpath","value":"//*[@id=\"__button134\"]"}
RESULT: {"using":"xpath","value":"//*[@id=\"__button134\"]"}
COMMAND: POST /session/29f4302be0dc04edb0851c5907fd2353/element/f.131A3F10D0424D71AAC18CBC21A849DC.d.1E6DE0762138773944EC569BB9479FAE.e.3042/click - {}
RESULT: {}
COMMAND: GET /session/29f4302be0dc04edb0851c5907fd2353/screenshot - {}
RESULT: {}
COMMAND: POST /session/29f4302be0dc04edb0851c5907fd2353/element - {"using":"xpath","value":"//*[contains(@id ,\"activeCartId-BDI-content\")]"}
RESULT: {"using":"xpath","value":"//*[contains(@id ,\"activeCartId-BDI-content\")]"}
COMMAND: POST /session/29f4302be0dc04edb0851c5907fd2353/element/f.131A3F10D0424D71AAC18CBC21A849DC.d.1E6DE0762138773944EC569BB9479FAE.e.3048/click - {}
RESULT: {}
COMMAND: GET /session/29f4302be0dc04edb0851c5907fd2353/screenshot - {}
RESULT: {}
COMMAND: POST /session/29f4302be0dc04edb0851c5907fd2353/element - {"using":"xpath","value":"//bdi[contains(text(), \"Check out my request\")]"}
RESULT: {"using":"xpath","value":"//bdi[contains(text(), \"Check out my request\")]"}
COMMAND: POST /session/29f4302be0dc04edb0851c5907fd2353/element/f.131A3F10D0424D71AAC18CBC21A849DC.d.1E6DE0762138773944EC569BB9479FAE.e.3050/click - {}
RESULT: {}
COMMAND: GET /session/29f4302be0dc04edb0851c5907fd2353/screenshot - {}
RESULT: {}
COMMAND: POST /session/29f4302be0dc04edb0851c5907fd2353/element - {"using":"xpath","value":"//*[contains(@data-kt ,\"webshopDetailYardLink\")]"}
RESULT: {"using":"xpath","value":"//*[contains(@data-kt ,\"webshopDetailYardLink\")]"}
COMMAND: POST /session/29f4302be0dc04edb0851c5907fd2353/element/f.131A3F10D0424D71AAC18CBC21A849DC.d.1E6DE0762138773944EC569BB9479FAE.e.3103/click - {}
RESULT: {}
COMMAND: POST /session/29f4302be0dc04edb0851c5907fd2353/element - {"using":"xpath","value":"//*[contains(@data-kt ,\"ContextMenuId2Link\")][contains(text(), \"Yard Overview\")]"}
COMMAND: GET /session/29f4302be0dc04edb0851c5907fd2353/screenshot - {}
RESULT: {"using":"xpath","value":"//*[contains(@data-kt ,\"ContextMenuId2Link\")][contains(text(), \"Yard Overview\")]"}
COMMAND: POST /session/29f4302be0dc04edb0851c5907fd2353/execute/sync - {"script":"<script> [8489 bytes]","args":[{"element-6066-11e4-a52e-4f735466cecf":"f.131A3F10D0424D71AAC18CBC21A849DC.d.1E6DE0762138773944EC569BB9479FAE.e.3106","ELEMENT":"f.131A3F10D0424D71AAC18CBC21A849DC.d.1E6DE0762138773944EC569BB9479FAE.e.3106"}]}
COMMAND: POST /session/29f4302be0dc04edb0851c5907fd2353/element - {"using":"xpath","value":"//*[contains(@data-kt ,\"ContextMenuId3Link\")][contains(text(), \"Yard Main Address\")]"}
RESULT: {}
RESULT: {"script":"<script> [8489 bytes]","args":[{"element-6066-11e4-a52e-4f735466cecf":"f.131A3F10D0424D71AAC18CBC21A849DC.d.1E6DE0762138773944EC569BB9479FAE.e.3106","ELEMENT":"f.131A3F10D0424D71AAC18CBC21A849DC.d.1E6DE0762138773944EC569BB9479FAE.e.3106"}]}
COMMAND: GET /session/29f4302be0dc04edb0851c5907fd2353/screenshot - {}
RESULT: {"using":"xpath","value":"//*[contains(@data-kt ,\"ContextMenuId3Link\")][contains(text(), \"Yard Main Address\")]"}
COMMAND: POST /session/29f4302be0dc04edb0851c5907fd2353/execute/sync - {"script":"<script> [8489 bytes]","args":[{"element-6066-11e4-a52e-4f735466cecf":"f.131A3F10D0424D71AAC18CBC21A849DC.d.1E6DE0762138773944EC569BB9479FAE.e.3107","ELEMENT":"f.131A3F10D0424D71AAC18CBC21A849DC.d.1E6DE0762138773944EC569BB9479FAE.e.3107"}]}
COMMAND: POST /session/29f4302be0dc04edb0851c5907fd2353/element - {"using":"xpath","value":"//*[contains(@data-kt ,\"ContextMenuId2Link\")][contains(text(), \"Yard Overview\")]"}
RESULT: {}
RESULT: {"script":"<script> [8489 bytes]","args":[{"element-6066-11e4-a52e-4f735466cecf":"f.131A3F10D0424D71AAC18CBC21A849DC.d.1E6DE0762138773944EC569BB9479FAE.e.3107","ELEMENT":"f.131A3F10D0424D71AAC18CBC21A849DC.d.1E6DE0762138773944EC569BB9479FAE.e.3107"}]}
COMMAND: GET /session/29f4302be0dc04edb0851c5907fd2353/screenshot - {}
RESULT: {"using":"xpath","value":"//*[contains(@data-kt ,\"ContextMenuId2Link\")][contains(text(), \"Yard Overview\")]"}
COMMAND: POST /session/29f4302be0dc04edb0851c5907fd2353/element/f.131A3F10D0424D71AAC18CBC21A849DC.d.1E6DE0762138773944EC569BB9479FAE.e.3106/click - {}
RESULT: {}
RESULT: {}
COMMAND: GET /session/29f4302be0dc04edb0851c5907fd2353/screenshot - {}
RESULT: {}
COMMAND: POST /session/29f4302be0dc04edb0851c5907fd2353/execute/async - {"script":"<script> [1562 bytes]","args":[{"selector":{"id":"shellAppTitle"},"wdio_ui5_key":"shellAppTitle"}]}
RESULT: {"script":"<script> [1562 bytes]","args":[{"selector":{"id":"shellAppTitle"},"wdio_ui5_key":"shellAppTitle"}]}
RESULT: undefined
COMMAND: POST /session/29f4302be0dc04edb0851c5907fd2353/execute/async - {"script":"<script> [6424 bytes]","args":[{"element-6066-11e4-a52e-4f735466cecf":"f.131A3F10D0424D71AAC18CBC21A849DC.d.1E6DE0762138773944EC569BB9479FAE.e.3235"},"getTitle",[]]}
RESULT: {"script":"<script> [6424 bytes]","args":[{"element-6066-11e4-a52e-4f735466cecf":"f.131A3F10D0424D71AAC18CBC21A849DC.d.1E6DE0762138773944EC569BB9479FAE.e.3235"},"getTitle",[]]}
COMMAND: POST /session/29f4302be0dc04edb0851c5907fd2353/element - {"using":"xpath","value":"//span[contains(@id ,\"title\")][contains(text(), \"WebdriverYardc9ik\")]"}
RESULT: {"using":"xpath","value":"//span[contains(@id ,\"title\")][contains(text(), \"WebdriverYardc9ik\")]"}
COMMAND: POST /session/29f4302be0dc04edb0851c5907fd2353/execute/sync - {"script":"<script> [8489 bytes]","args":[{"element-6066-11e4-a52e-4f735466cecf":"f.131A3F10D0424D71AAC18CBC21A849DC.d.1E6DE0762138773944EC569BB9479FAE.e.3236","ELEMENT":"f.131A3F10D0424D71AAC18CBC21A849DC.d.1E6DE0762138773944EC569BB9479FAE.e.3236"}]}
COMMAND: POST /session/29f4302be0dc04edb0851c5907fd2353/execute/async - {"script":"<script> [1562 bytes]","args":[{"selector":{"id":"backBtn"},"wdio_ui5_key":"backBtn"}]}
RESULT: {"script":"<script> [1562 bytes]","args":[{"selector":{"id":"backBtn"},"wdio_ui5_key":"backBtn"}]}
RESULT: undefined
COMMAND: POST /session/29f4302be0dc04edb0851c5907fd2353/element - {"using":"xpath","value":"//*[@id=\"backBtn\"]"}
RESULT: {"script":"<script> [8489 bytes]","args":[{"element-6066-11e4-a52e-4f735466cecf":"f.131A3F10D0424D71AAC18CBC21A849DC.d.1E6DE0762138773944EC569BB9479FAE.e.3236","ELEMENT":"f.131A3F10D0424D71AAC18CBC21A849DC.d.1E6DE0762138773944EC569BB9479FAE.e.3236"}]}
COMMAND: GET /session/29f4302be0dc04edb0851c5907fd2353/screenshot - {}
RESULT: {"using":"xpath","value":"//*[@id=\"backBtn\"]"}
COMMAND: POST /session/29f4302be0dc04edb0851c5907fd2353/element/f.131A3F10D0424D71AAC18CBC21A849DC.d.1E6DE0762138773944EC569BB9479FAE.e.3237/click - {}
RESULT: {}
RESULT: {}
COMMAND: POST /session/29f4302be0dc04edb0851c5907fd2353/execute/sync - {"script":"<script> [8489 bytes]","args":[{"element-6066-11e4-a52e-4f735466cecf":"f.131A3F10D0424D71AAC18CBC21A849DC.d.1E6DE0762138773944EC569BB9479FAE.e.3236","ELEMENT":"f.131A3F10D0424D71AAC18CBC21A849DC.d.1E6DE0762138773944EC569BB9479FAE.e.3236"}]}
COMMAND: GET /session/29f4302be0dc04edb0851c5907fd2353/screenshot - {}
COMMAND: POST /session/29f4302be0dc04edb0851c5907fd2353/element - {"using":"xpath","value":"//span[contains(@id ,\"title\")][contains(text(), \"WebdriverYardc9ik\")]"}
RESULT: {}
RESULT: {"using":"xpath","value":"//span[contains(@id ,\"title\")][contains(text(), \"WebdriverYardc9ik\")]"}
COMMAND: POST /session/29f4302be0dc04edb0851c5907fd2353/element - {"using":"xpath","value":"//span[contains(@id ,\"title\")][contains(text(), \"WebdriverYardc9ik\")]"}
RESULT: {"using":"xpath","value":"//span[contains(@id ,\"title\")][contains(text(), \"WebdriverYardc9ik\")]"}
COMMAND: POST /session/29f4302be0dc04edb0851c5907fd2353/element - {"using":"xpath","value":"//span[contains(@id ,\"title\")][contains(text(), \"WebdriverYardc9ik\")]"}
RESULT: {"using":"xpath","value":"//span[contains(@id ,\"title\")][contains(text(), \"WebdriverYardc9ik\")]"}
COMMAND: POST /session/29f4302be0dc04edb0851c5907fd2353/element - {"using":"xpath","value":"//span[contains(@id ,\"title\")][contains(text(), \"WebdriverYardc9ik\")]"}
RESULT: {"using":"xpath","value":"//span[contains(@id ,\"title\")][contains(text(), \"WebdriverYardc9ik\")]"}
COMMAND: POST /session/29f4302be0dc04edb0851c5907fd2353/element - {"using":"xpath","value":"//span[contains(@id ,\"title\")][contains(text(), \"WebdriverYardc9ik\")]"}
RESULT: {"using":"xpath","value":"//span[contains(@id ,\"title\")][contains(text(), \"WebdriverYardc9ik\")]"}
COMMAND: POST /session/29f4302be0dc04edb0851c5907fd2353/element - {"using":"xpath","value":"//span[contains(@id ,\"title\")][contains(text(), \"WebdriverYardc9ik\")]"}
RESULT: {"using":"xpath","value":"//span[contains(@id ,\"title\")][contains(text(), \"WebdriverYardc9ik\")]"}
COMMAND: POST /session/29f4302be0dc04edb0851c5907fd2353/element - {"using":"xpath","value":"//*[contains(@data-kt ,\"webshopDetailYardLink\")]"}
RESULT: {"using":"xpath","value":"//*[contains(@data-kt ,\"webshopDetailYardLink\")]"}
COMMAND: POST /session/29f4302be0dc04edb0851c5907fd2353/execute/sync - {"script":"<script> [8489 bytes]","args":[{"element-6066-11e4-a52e-4f735466cecf":"f.131A3F10D0424D71AAC18CBC21A849DC.d.1E6DE0762138773944EC569BB9479FAE.e.3406","ELEMENT":"f.131A3F10D0424D71AAC18CBC21A849DC.d.1E6DE0762138773944EC569BB9479FAE.e.3406"}]}
RESULT: {"script":"<script> [8489 bytes]","args":[{"element-6066-11e4-a52e-4f735466cecf":"f.131A3F10D0424D71AAC18CBC21A849DC.d.1E6DE0762138773944EC569BB9479FAE.e.3406","ELEMENT":"f.131A3F10D0424D71AAC18CBC21A849DC.d.1E6DE0762138773944EC569BB9479FAE.e.3406"}]}
COMMAND: POST /session/29f4302be0dc04edb0851c5907fd2353/execute/sync - {"script":"<script> [5351 bytes]","args":[{"element-6066-11e4-a52e-4f735466cecf":"f.131A3F10D0424D71AAC18CBC21A849DC.d.1E6DE0762138773944EC569BB9479FAE.e.3406","ELEMENT":"f.131A3F10D0424D71AAC18CBC21A849DC.d.1E6DE0762138773944EC569BB9479FAE.e.3406"}]}
COMMAND: GET /session/29f4302be0dc04edb0851c5907fd2353/screenshot - {}
RESULT: {"script":"<script> [5351 bytes]","args":[{"element-6066-11e4-a52e-4f735466cecf":"f.131A3F10D0424D71AAC18CBC21A849DC.d.1E6DE0762138773944EC569BB9479FAE.e.3406","ELEMENT":"f.131A3F10D0424D71AAC18CBC21A849DC.d.1E6DE0762138773944EC569BB9479FAE.e.3406"}]}
COMMAND: POST /session/29f4302be0dc04edb0851c5907fd2353/element - {"using":"xpath","value":"//*[contains(@data-kt ,\"webshopDetailYardLink\")]"}
COMMAND: GET /session/29f4302be0dc04edb0851c5907fd2353/screenshot - {}
RESULT: {}
COMMAND: POST /session/29f4302be0dc04edb0851c5907fd2353/element - {"using":"xpath","value":"//span[contains(@id ,\"title\")][contains(text(), \"WebdriverYardc9ik\")]"}
RESULT: {"using":"xpath","value":"//*[contains(@data-kt ,\"webshopDetailYardLink\")]"}
COMMAND: POST /session/29f4302be0dc04edb0851c5907fd2353/element/f.131A3F10D0424D71AAC18CBC21A849DC.d.1E6DE0762138773944EC569BB9479FAE.e.3406/click - {}
RESULT: {}
RESULT: {"using":"xpath","value":"//span[contains(@id ,\"title\")][contains(text(), \"WebdriverYardc9ik\")]"}
RESULT: {}
COMMAND: GET /session/29f4302be0dc04edb0851c5907fd2353/screenshot - {}
COMMAND: POST /session/29f4302be0dc04edb0851c5907fd2353/element - {"using":"xpath","value":"//span[contains(@id ,\"title\")][contains(text(), \"WebdriverYardc9ik\")]"}
RESULT: {}
RESULT: {"using":"xpath","value":"//span[contains(@id ,\"title\")][contains(text(), \"WebdriverYardc9ik\")]"}
COMMAND: POST /session/29f4302be0dc04edb0851c5907fd2353/execute/sync - {"script":"<script> [8489 bytes]","args":[{"element-6066-11e4-a52e-4f735466cecf":"f.131A3F10D0424D71AAC18CBC21A849DC.d.1E6DE0762138773944EC569BB9479FAE.e.3408","ELEMENT":"f.131A3F10D0424D71AAC18CBC21A849DC.d.1E6DE0762138773944EC569BB9479FAE.e.3408"}]}
RESULT: {"script":"<script> [8489 bytes]","args":[{"element-6066-11e4-a52e-4f735466cecf":"f.131A3F10D0424D71AAC18CBC21A849DC.d.1E6DE0762138773944EC569BB9479FAE.e.3408","ELEMENT":"f.131A3F10D0424D71AAC18CBC21A849DC.d.1E6DE0762138773944EC569BB9479FAE.e.3408"}]}
COMMAND: GET /session/29f4302be0dc04edb0851c5907fd2353/screenshot - {}
RESULT: {}
COMMAND: POST /session/29f4302be0dc04edb0851c5907fd2353/element - {"using":"xpath","value":"//*[contains(@data-kt ,\"ContextMenuId3Link\")][contains(text(), \"Yard Main Address\")]"}
RESULT: {"using":"xpath","value":"//*[contains(@data-kt ,\"ContextMenuId3Link\")][contains(text(), \"Yard Main Address\")]"}
COMMAND: POST /session/29f4302be0dc04edb0851c5907fd2353/element/f.131A3F10D0424D71AAC18CBC21A849DC.d.1E6DE0762138773944EC569BB9479FAE.e.3409/click - {}
RESULT: {}
COMMAND: GET /session/29f4302be0dc04edb0851c5907fd2353/screenshot - {}
RESULT: {}
COMMAND: POST /session/29f4302be0dc04edb0851c5907fd2353/execute/async - {"script":"<script> [1562 bytes]","args":[{"selector":{"id":"application-addressmanagement-display-component---masterAdm--title1"},"wdio_ui5_key":"applicationaddressmanagement-display-component---masterAdm--title1"}]}
RESULT: {"script":"<script> [1562 bytes]","args":[{"selector":{"id":"application-addressmanagement-display-component---masterAdm--title1"},"wdio_ui5_key":"applicationaddressmanagement-display-component---masterAdm--title1"}]}
RESULT: undefined
COMMAND: POST /session/29f4302be0dc04edb0851c5907fd2353/execute/async - {"script":"<script> [6424 bytes]","args":[{"element-6066-11e4-a52e-4f735466cecf":"f.131A3F10D0424D71AAC18CBC21A849DC.d.1E6DE0762138773944EC569BB9479FAE.e.3676"},"getText",[]]}
RESULT: {"script":"<script> [6424 bytes]","args":[{"element-6066-11e4-a52e-4f735466cecf":"f.131A3F10D0424D71AAC18CBC21A849DC.d.1E6DE0762138773944EC569BB9479FAE.e.3676"},"getText",[]]}
COMMAND: POST /session/29f4302be0dc04edb0851c5907fd2353/element - {"using":"xpath","value":"//span[contains(text(), \"WebdriverYardjjtihg\")][contains(@id ,\"application-addressmanagement-display-component---detailAdm--addressDetailDetailsName1\")]"}
RESULT: {"using":"xpath","value":"//span[contains(text(), \"WebdriverYardjjtihg\")][contains(@id ,\"application-addressmanagement-display-component---detailAdm--addressDetailDetailsName1\")]"}
COMMAND: POST /session/29f4302be0dc04edb0851c5907fd2353/element - {"using":"xpath","value":"//span[contains(text(), \"WebdriverYardjjtihg\")][contains(@id ,\"application-addressmanagement-display-component---detailAdm--addressDetailDetailsName1\")]"}
RESULT: undefined
COMMAND: POST /session/29f4302be0dc04edb0851c5907fd2353/element - {"using":"xpath","value":"//*[@id=\"backBtn\"]"}
RESULT: {"using":"xpath","value":"//span[contains(text(), \"WebdriverYardjjtihg\")][contains(@id ,\"application-addressmanagement-display-component---detailAdm--addressDetailDetailsName1\")]"}
RESULT: {"using":"xpath","value":"//*[@id=\"backBtn\"]"}
COMMAND: POST /session/29f4302be0dc04edb0851c5907fd2353/element/f.131A3F10D0424D71AAC18CBC21A849DC.d.1E6DE0762138773944EC569BB9479FAE.e.3237/click - {}
COMMAND: POST /session/29f4302be0dc04edb0851c5907fd2353/element - {"using":"xpath","value":"//span[contains(text(), \"WebdriverYardjjtihg\")][contains(@id ,\"application-addressmanagement-display-component---detailAdm--addressDetailDetailsName1\")]"}
RESULT: {}
COMMAND: GET /session/29f4302be0dc04edb0851c5907fd2353/screenshot - {}
RESULT: {"using":"xpath","value":"//span[contains(text(), \"WebdriverYardjjtihg\")][contains(@id ,\"application-addressmanagement-display-component---detailAdm--addressDetailDetailsName1\")]"}
COMMAND: POST /session/29f4302be0dc04edb0851c5907fd2353/element - {"using":"xpath","value":"//span[contains(text(), \"WebdriverYardjjtihg\")][contains(@id ,\"application-addressmanagement-display-component---detailAdm--addressDetailDetailsName1\")]"}
RESULT: {}
RESULT: {"using":"xpath","value":"//span[contains(text(), \"WebdriverYardjjtihg\")][contains(@id ,\"application-addressmanagement-display-component---detailAdm--addressDetailDetailsName1\")]"}
COMMAND: POST /session/29f4302be0dc04edb0851c5907fd2353/element - {"using":"xpath","value":"//span[contains(text(), \"WebdriverYardjjtihg\")][contains(@id ,\"application-addressmanagement-display-component---detailAdm--addressDetailDetailsName1\")]"}
RESULT: {"using":"xpath","value":"//span[contains(text(), \"WebdriverYardjjtihg\")][contains(@id ,\"application-addressmanagement-display-component---detailAdm--addressDetailDetailsName1\")]"}
COMMAND: POST /session/29f4302be0dc04edb0851c5907fd2353/element - {"using":"xpath","value":"//span[contains(text(), \"WebdriverYardjjtihg\")][contains(@id ,\"application-addressmanagement-display-component---detailAdm--addressDetailDetailsName1\")]"}
RESULT: {"using":"xpath","value":"//span[contains(text(), \"WebdriverYardjjtihg\")][contains(@id ,\"application-addressmanagement-display-component---detailAdm--addressDetailDetailsName1\")]"}
COMMAND: POST /session/29f4302be0dc04edb0851c5907fd2353/element - {"using":"xpath","value":"//span[contains(text(), \"WebdriverYardjjtihg\")][contains(@id ,\"application-addressmanagement-display-component---detailAdm--addressDetailDetailsName1\")]"}
RESULT: {"using":"xpath","value":"//span[contains(text(), \"WebdriverYardjjtihg\")][contains(@id ,\"application-addressmanagement-display-component---detailAdm--addressDetailDetailsName1\")]"}
COMMAND: POST /session/29f4302be0dc04edb0851c5907fd2353/element - {"using":"xpath","value":"//span[contains(text(), \"WebdriverYardjjtihg\")][contains(@id ,\"application-addressmanagement-display-component---detailAdm--addressDetailDetailsName1\")]"}
RESULT: {"using":"xpath","value":"//span[contains(text(), \"WebdriverYardjjtihg\")][contains(@id ,\"application-addressmanagement-display-component---detailAdm--addressDetailDetailsName1\")]"}
COMMAND: POST /session/29f4302be0dc04edb0851c5907fd2353/element - {"using":"xpath","value":"//span[contains(text(), \"WebdriverYardjjtihg\")][contains(@id ,\"application-addressmanagement-display-component---detailAdm--addressDetailDetailsName1\")]"}
RESULT: {"using":"xpath","value":"//span[contains(text(), \"WebdriverYardjjtihg\")][contains(@id ,\"application-addressmanagement-display-component---detailAdm--addressDetailDetailsName1\")]"}
COMMAND: POST /session/29f4302be0dc04edb0851c5907fd2353/execute/sync - {"script":"<script> [8489 bytes]","args":[{"element-6066-11e4-a52e-4f735466cecf":"f.131A3F10D0424D71AAC18CBC21A849DC.d.1E6DE0762138773944EC569BB9479FAE.e.3406","ELEMENT":"f.131A3F10D0424D71AAC18CBC21A849DC.d.1E6DE0762138773944EC569BB9479FAE.e.3406"}]}
COMMAND: POST /session/29f4302be0dc04edb0851c5907fd2353/element - {"using":"xpath","value":"//*[contains(@data-kt ,\"webshopDetailYardLink\")]"}
COMMAND: POST /session/29f4302be0dc04edb0851c5907fd2353/element - {"using":"xpath","value":"//span[contains(text(), \"WebdriverYardjjtihg\")][contains(@id ,\"application-addressmanagement-display-component---detailAdm--addressDetailDetailsName1\")]"}
RESULT: {"using":"xpath","value":"//*[contains(@data-kt ,\"webshopDetailYardLink\")]"}
COMMAND: POST /session/29f4302be0dc04edb0851c5907fd2353/execute/sync - {"script":"<script> [8489 bytes]","args":[{"element-6066-11e4-a52e-4f735466cecf":"f.131A3F10D0424D71AAC18CBC21A849DC.d.1E6DE0762138773944EC569BB9479FAE.e.3820","ELEMENT":"f.131A3F10D0424D71AAC18CBC21A849DC.d.1E6DE0762138773944EC569BB9479FAE.e.3820"}]}
RESULT: {"using":"xpath","value":"//span[contains(text(), \"WebdriverYardjjtihg\")][contains(@id ,\"application-addressmanagement-display-component---detailAdm--addressDetailDetailsName1\")]"}
RESULT: {"script":"<script> [8489 bytes]","args":[{"element-6066-11e4-a52e-4f735466cecf":"f.131A3F10D0424D71AAC18CBC21A849DC.d.1E6DE0762138773944EC569BB9479FAE.e.3820","ELEMENT":"f.131A3F10D0424D71AAC18CBC21A849DC.d.1E6DE0762138773944EC569BB9479FAE.e.3820"}]}
COMMAND: POST /session/29f4302be0dc04edb0851c5907fd2353/execute/sync - {"script":"<script> [5351 bytes]","args":[{"element-6066-11e4-a52e-4f735466cecf":"f.131A3F10D0424D71AAC18CBC21A849DC.d.1E6DE0762138773944EC569BB9479FAE.e.3820","ELEMENT":"f.131A3F10D0424D71AAC18CBC21A849DC.d.1E6DE0762138773944EC569BB9479FAE.e.3820"}]}
COMMAND: GET /session/29f4302be0dc04edb0851c5907fd2353/screenshot - {}
RESULT: {"script":"<script> [5351 bytes]","args":[{"element-6066-11e4-a52e-4f735466cecf":"f.131A3F10D0424D71AAC18CBC21A849DC.d.1E6DE0762138773944EC569BB9479FAE.e.3820","ELEMENT":"f.131A3F10D0424D71AAC18CBC21A849DC.d.1E6DE0762138773944EC569BB9479FAE.e.3820"}]}
COMMAND: POST /session/29f4302be0dc04edb0851c5907fd2353/element - {"using":"xpath","value":"//*[contains(@data-kt ,\"webshopDetailYardLink\")]"}
COMMAND: GET /session/29f4302be0dc04edb0851c5907fd2353/screenshot - {}
RESULT: {}
RESULT: {"using":"xpath","value":"//*[contains(@data-kt ,\"webshopDetailYardLink\")]"}
COMMAND: POST /session/29f4302be0dc04edb0851c5907fd2353/element/f.131A3F10D0424D71AAC18CBC21A849DC.d.1E6DE0762138773944EC569BB9479FAE.e.3820/click - {}
COMMAND: POST /session/29f4302be0dc04edb0851c5907fd2353/element - {"using":"xpath","value":"//span[contains(text(), \"WebdriverYardjjtihg\")][contains(@id ,\"application-addressmanagement-display-component---detailAdm--addressDetailDetailsName1\")]"}
RESULT: {}
RESULT: {}
RESULT: {"using":"xpath","value":"//span[contains(text(), \"WebdriverYardjjtihg\")][contains(@id ,\"application-addressmanagement-display-component---detailAdm--addressDetailDetailsName1\")]"}
COMMAND: GET /session/29f4302be0dc04edb0851c5907fd2353/screenshot - {}
RESULT: {}
COMMAND: POST /session/29f4302be0dc04edb0851c5907fd2353/element - {"using":"xpath","value":"//span[contains(text(), \"WebdriverYardjjtihg\")][contains(@id ,\"application-addressmanagement-display-component---detailAdm--addressDetailDetailsName1\")]"}
RESULT: {"using":"xpath","value":"//span[contains(text(), \"WebdriverYardjjtihg\")][contains(@id ,\"application-addressmanagement-display-component---detailAdm--addressDetailDetailsName1\")]"}
COMMAND: POST /session/29f4302be0dc04edb0851c5907fd2353/element - {"using":"xpath","value":"//span[contains(text(), \"WebdriverYardjjtihg\")][contains(@id ,\"application-addressmanagement-display-component---detailAdm--addressDetailDetailsName1\")]"}
RESULT: {"using":"xpath","value":"//span[contains(text(), \"WebdriverYardjjtihg\")][contains(@id ,\"application-addressmanagement-display-component---detailAdm--addressDetailDetailsName1\")]"}
COMMAND: POST /session/29f4302be0dc04edb0851c5907fd2353/element - {"using":"xpath","value":"//span[contains(text(), \"WebdriverYardjjtihg\")][contains(@id ,\"application-addressmanagement-display-component---detailAdm--addressDetailDetailsName1\")]"}
RESULT: {"using":"xpath","value":"//span[contains(text(), \"WebdriverYardjjtihg\")][contains(@id ,\"application-addressmanagement-display-component---detailAdm--addressDetailDetailsName1\")]"}
COMMAND: POST /session/29f4302be0dc04edb0851c5907fd2353/element - {"using":"xpath","value":"//button[contains(@data-kt ,\"ContextMenuExternalId2Link\")]"}
RESULT: {"using":"xpath","value":"//button[contains(@data-kt ,\"ContextMenuExternalId2Link\")]"}
COMMAND: POST /session/29f4302be0dc04edb0851c5907fd2353/element/f.131A3F10D0424D71AAC18CBC21A849DC.d.1E6DE0762138773944EC569BB9479FAE.e.3821/click - {}
COMMAND: POST /session/29f4302be0dc04edb0851c5907fd2353/element - {"using":"xpath","value":"//span[contains(text(), \"WebdriverYardjjtihg\")][contains(@id ,\"application-addressmanagement-display-component---detailAdm--addressDetailDetailsName1\")]"}
RESULT: {}
COMMAND: GET /session/29f4302be0dc04edb0851c5907fd2353/screenshot - {}
RESULT: {"using":"xpath","value":"//span[contains(text(), \"WebdriverYardjjtihg\")][contains(@id ,\"application-addressmanagement-display-component---detailAdm--addressDetailDetailsName1\")]"}
COMMAND: POST /session/29f4302be0dc04edb0851c5907fd2353/element - {"using":"xpath","value":"//span[contains(text(), \"WebdriverYardjjtihg\")][contains(@id ,\"application-addressmanagement-display-component---detailAdm--addressDetailDetailsName1\")]"}
RESULT: {}
RESULT: {"using":"xpath","value":"//span[contains(text(), \"WebdriverYardjjtihg\")][contains(@id ,\"application-addressmanagement-display-component---detailAdm--addressDetailDetailsName1\")]"}
COMMAND: POST /session/29f4302be0dc04edb0851c5907fd2353/element - {"using":"xpath","value":"//span[contains(text(), \"WebdriverYardjjtihg\")][contains(@id ,\"application-addressmanagement-display-component---detailAdm--addressDetailDetailsName1\")]"}
RESULT: {"using":"xpath","value":"//span[contains(text(), \"WebdriverYardjjtihg\")][contains(@id ,\"application-addressmanagement-display-component---detailAdm--addressDetailDetailsName1\")]"}
COMMAND: POST /session/29f4302be0dc04edb0851c5907fd2353/element - {"using":"xpath","value":"//span[contains(text(), \"WebdriverYardjjtihg\")][contains(@id ,\"application-addressmanagement-display-component---detailAdm--addressDetailDetailsName1\")]"}
RESULT: {"using":"xpath","value":"//span[contains(text(), \"WebdriverYardjjtihg\")][contains(@id ,\"application-addressmanagement-display-component---detailAdm--addressDetailDetailsName1\")]"}
COMMAND: POST /session/29f4302be0dc04edb0851c5907fd2353/element - {"using":"xpath","value":"//span[contains(text(), \"WebdriverYardjjtihg\")][contains(@id ,\"application-addressmanagement-display-component---detailAdm--addressDetailDetailsName1\")]"}
RESULT: {"using":"xpath","value":"//span[contains(text(), \"WebdriverYardjjtihg\")][contains(@id ,\"application-addressmanagement-display-component---detailAdm--addressDetailDetailsName1\")]"}
COMMAND: POST /session/29f4302be0dc04edb0851c5907fd2353/element - {"using":"xpath","value":"//span[contains(text(), \"WebdriverYardjjtihg\")][contains(@id ,\"application-addressmanagement-display-component---detailAdm--addressDetailDetailsName1\")]"}
RESULT: {"using":"xpath","value":"//span[contains(text(), \"WebdriverYardjjtihg\")][contains(@id ,\"application-addressmanagement-display-component---detailAdm--addressDetailDetailsName1\")]"}
COMMAND: POST /session/29f4302be0dc04edb0851c5907fd2353/element - {"using":"xpath","value":"//span[contains(text(), \"WebdriverYardjjtihg\")][contains(@id ,\"application-addressmanagement-display-component---detailAdm--addressDetailDetailsName1\")]"}
RESULT: {"using":"xpath","value":"//span[contains(text(), \"WebdriverYardjjtihg\")][contains(@id ,\"application-addressmanagement-display-component---detailAdm--addressDetailDetailsName1\")]"}
COMMAND: POST /session/29f4302be0dc04edb0851c5907fd2353/element - {"using":"xpath","value":"//span[contains(text(), \"WebdriverYardjjtihg\")][contains(@id ,\"application-addressmanagement-display-component---detailAdm--addressDetailDetailsName1\")]"}
COMMAND: GET /session/29f4302be0dc04edb0851c5907fd2353/window/handles - {}
RESULT: {"using":"xpath","value":"//span[contains(text(), \"WebdriverYardjjtihg\")][contains(@id ,\"application-addressmanagement-display-component---detailAdm--addressDetailDetailsName1\")]"}
RESULT: {}
COMMAND: POST /session/29f4302be0dc04edb0851c5907fd2353/window - {"handle":"1E5FEDC3649FB954F28F10EF75D1CBC4"}
RESULT: {"handle":"1E5FEDC3649FB954F28F10EF75D1CBC4"}
COMMAND: GET /session/29f4302be0dc04edb0851c5907fd2353/url - {}
RESULT: {}
COMMAND: GET /session/29f4302be0dc04edb0851c5907fd2353/screenshot - {}
COMMAND: POST /session/29f4302be0dc04edb0851c5907fd2353/element - {"using":"xpath","value":"//span[contains(text(), \"WebdriverYardjjtihg\")][contains(@id ,\"application-addressmanagement-display-component---detailAdm--addressDetailDetailsName1\")]"}
RESULT: {}
RESULT: {"using":"xpath","value":"//span[contains(text(), \"WebdriverYardjjtihg\")][contains(@id ,\"application-addressmanagement-display-component---detailAdm--addressDetailDetailsName1\")]"}
COMMAND: POST /session/29f4302be0dc04edb0851c5907fd2353/element - {"using":"xpath","value":"//span[contains(text(), \"WebdriverYardjjtihg\")][contains(@id ,\"application-addressmanagement-display-component---detailAdm--addressDetailDetailsName1\")]"}
RESULT: {"using":"xpath","value":"//span[contains(text(), \"WebdriverYardjjtihg\")][contains(@id ,\"application-addressmanagement-display-component---detailAdm--addressDetailDetailsName1\")]"}
COMMAND: POST /session/29f4302be0dc04edb0851c5907fd2353/element - {"using":"xpath","value":"//span[contains(text(), \"WebdriverYardjjtihg\")][contains(@id ,\"application-addressmanagement-display-component---detailAdm--addressDetailDetailsName1\")]"}
RESULT: {"using":"xpath","value":"//span[contains(text(), \"WebdriverYardjjtihg\")][contains(@id ,\"application-addressmanagement-display-component---detailAdm--addressDetailDetailsName1\")]"}
COMMAND: POST /session/29f4302be0dc04edb0851c5907fd2353/element - {"using":"xpath","value":"//span[contains(text(), \"WebdriverYardjjtihg\")][contains(@id ,\"application-addressmanagement-display-component---detailAdm--addressDetailDetailsName1\")]"}
RESULT: {"using":"xpath","value":"//span[contains(text(), \"WebdriverYardjjtihg\")][contains(@id ,\"application-addressmanagement-display-component---detailAdm--addressDetailDetailsName1\")]"}
COMMAND: POST /session/29f4302be0dc04edb0851c5907fd2353/element - {"using":"xpath","value":"//span[contains(text(), \"WebdriverYardjjtihg\")][contains(@id ,\"application-addressmanagement-display-component---detailAdm--addressDetailDetailsName1\")]"}
RESULT: {"using":"xpath","value":"//span[contains(text(), \"WebdriverYardjjtihg\")][contains(@id ,\"application-addressmanagement-display-component---detailAdm--addressDetailDetailsName1\")]"}
COMMAND: POST /session/29f4302be0dc04edb0851c5907fd2353/element - {"using":"xpath","value":"//span[contains(text(), \"WebdriverYardjjtihg\")][contains(@id ,\"application-addressmanagement-display-component---detailAdm--addressDetailDetailsName1\")]"}
RESULT: {"using":"xpath","value":"//span[contains(text(), \"WebdriverYardjjtihg\")][contains(@id ,\"application-addressmanagement-display-component---detailAdm--addressDetailDetailsName1\")]"}
COMMAND: POST /session/29f4302be0dc04edb0851c5907fd2353/element - {"using":"xpath","value":"//span[contains(text(), \"WebdriverYardjjtihg\")][contains(@id ,\"application-addressmanagement-display-component---detailAdm--addressDetailDetailsName1\")]"}
RESULT: {"using":"xpath","value":"//span[contains(text(), \"WebdriverYardjjtihg\")][contains(@id ,\"application-addressmanagement-display-component---detailAdm--addressDetailDetailsName1\")]"}
COMMAND: POST /session/29f4302be0dc04edb0851c5907fd2353/element - {"using":"xpath","value":"//span[contains(text(), \"WebdriverYardjjtihg\")][contains(@id ,\"application-addressmanagement-display-component---detailAdm--addressDetailDetailsName1\")]"}
RESULT: {"using":"xpath","value":"//span[contains(text(), \"WebdriverYardjjtihg\")][contains(@id ,\"application-addressmanagement-display-component---detailAdm--addressDetailDetailsName1\")]"}
COMMAND: POST /session/29f4302be0dc04edb0851c5907fd2353/element - {"using":"xpath","value":"//span[contains(text(), \"WebdriverYardjjtihg\")][contains(@id ,\"application-addressmanagement-display-component---detailAdm--addressDetailDetailsName1\")]"}
RESULT: {"using":"xpath","value":"//span[contains(text(), \"WebdriverYardjjtihg\")][contains(@id ,\"application-addressmanagement-display-component---detailAdm--addressDetailDetailsName1\")]"}
COMMAND: POST /session/29f4302be0dc04edb0851c5907fd2353/element - {"using":"xpath","value":"//span[contains(text(), \"WebdriverYardjjtihg\")][contains(@id ,\"application-addressmanagement-display-component---detailAdm--addressDetailDetailsName1\")]"}
RESULT: {"using":"xpath","value":"//span[contains(text(), \"WebdriverYardjjtihg\")][contains(@id ,\"application-addressmanagement-display-component---detailAdm--addressDetailDetailsName1\")]"}
COMMAND: POST /session/29f4302be0dc04edb0851c5907fd2353/element - {"using":"xpath","value":"//span[contains(text(), \"WebdriverYardjjtihg\")][contains(@id ,\"application-addressmanagement-display-component---detailAdm--addressDetailDetailsName1\")]"}
RESULT: {"using":"xpath","value":"//span[contains(text(), \"WebdriverYardjjtihg\")][contains(@id ,\"application-addressmanagement-display-component---detailAdm--addressDetailDetailsName1\")]"}
COMMAND: POST /session/29f4302be0dc04edb0851c5907fd2353/element - {"using":"xpath","value":"//span[contains(text(), \"WebdriverYardjjtihg\")][contains(@id ,\"application-addressmanagement-display-component---detailAdm--addressDetailDetailsName1\")]"}
RESULT: {"using":"xpath","value":"//span[contains(text(), \"WebdriverYardjjtihg\")][contains(@id ,\"application-addressmanagement-display-component---detailAdm--addressDetailDetailsName1\")]"}
COMMAND: POST /session/29f4302be0dc04edb0851c5907fd2353/execute/sync - {"script":"<script> [8489 bytes]","args":[{"element-6066-11e4-a52e-4f735466cecf":"f.131A3F10D0424D71AAC18CBC21A849DC.d.1E6DE0762138773944EC569BB9479FAE.e.3408","ELEMENT":"f.131A3F10D0424D71AAC18CBC21A849DC.d.1E6DE0762138773944EC569BB9479FAE.e.3408"}]}
COMMAND: DELETE /session/29f4302be0dc04edb0851c5907fd2353/window - {}
RESULT: {}
COMMAND: POST /session/29f4302be0dc04edb0851c5907fd2353/window - {"handle":"131A3F10D0424D71AAC18CBC21A849DC"}
RESULT: {"handle":"131A3F10D0424D71AAC18CBC21A849DC"}
COMMAND: GET /session/29f4302be0dc04edb0851c5907fd2353/url - {}
COMMAND: POST /session/29f4302be0dc04edb0851c5907fd2353/element - {"using":"xpath","value":"//span[contains(@id ,\"title\")][contains(text(), \"WebdriverYardc9ik\")]"}
RESULT: {}
COMMAND: POST /session/29f4302be0dc04edb0851c5907fd2353/element - {"using":"xpath","value":"//span[contains(text(), \"WebdriverYardjjtihg\")][contains(@id ,\"application-addressmanagement-display-component---detailAdm--addressDetailDetailsName1\")]"}
COMMAND: GET /session/29f4302be0dc04edb0851c5907fd2353/screenshot - {}
RESULT: {"using":"xpath","value":"//span[contains(@id ,\"title\")][contains(text(), \"WebdriverYardc9ik\")]"}
COMMAND: POST /session/29f4302be0dc04edb0851c5907fd2353/execute/sync - {"script":"<script> [8489 bytes]","args":[{"element-6066-11e4-a52e-4f735466cecf":"f.131A3F10D0424D71AAC18CBC21A849DC.d.1E6DE0762138773944EC569BB9479FAE.e.3852","ELEMENT":"f.131A3F10D0424D71AAC18CBC21A849DC.d.1E6DE0762138773944EC569BB9479FAE.e.3852"}]}
RESULT: {"using":"xpath","value":"//span[contains(text(), \"WebdriverYardjjtihg\")][contains(@id ,\"application-addressmanagement-display-component---detailAdm--addressDetailDetailsName1\")]"}
RESULT: {}
RESULT: {"script":"<script> [8489 bytes]","args":[{"element-6066-11e4-a52e-4f735466cecf":"f.131A3F10D0424D71AAC18CBC21A849DC.d.1E6DE0762138773944EC569BB9479FAE.e.3852","ELEMENT":"f.131A3F10D0424D71AAC18CBC21A849DC.d.1E6DE0762138773944EC569BB9479FAE.e.3852"}]}
COMMAND: GET /session/29f4302be0dc04edb0851c5907fd2353/screenshot - {}
COMMAND: POST /session/29f4302be0dc04edb0851c5907fd2353/element - {"using":"xpath","value":"//span[contains(text(), \"WebdriverYardjjtihg\")][contains(@id ,\"application-addressmanagement-display-component---detailAdm--addressDetailDetailsName1\")]"}
RESULT: {}
RESULT: {"using":"xpath","value":"//span[contains(text(), \"WebdriverYardjjtihg\")][contains(@id ,\"application-addressmanagement-display-component---detailAdm--addressDetailDetailsName1\")]"}
COMMAND: POST /session/29f4302be0dc04edb0851c5907fd2353/element - {"using":"xpath","value":"//span[contains(text(), \"WebdriverYardjjtihg\")][contains(@id ,\"application-addressmanagement-display-component---detailAdm--addressDetailDetailsName1\")]"}
RESULT: {"using":"xpath","value":"//span[contains(text(), \"WebdriverYardjjtihg\")][contains(@id ,\"application-addressmanagement-display-component---detailAdm--addressDetailDetailsName1\")]"}
COMMAND: POST /session/29f4302be0dc04edb0851c5907fd2353/element - {"using":"xpath","value":"//span[contains(text(), \"WebdriverYardjjtihg\")][contains(@id ,\"application-addressmanagement-display-component---detailAdm--addressDetailDetailsName1\")]"}
RESULT: {"using":"xpath","value":"//span[contains(text(), \"WebdriverYardjjtihg\")][contains(@id ,\"application-addressmanagement-display-component---detailAdm--addressDetailDetailsName1\")]"}
COMMAND: POST /session/29f4302be0dc04edb0851c5907fd2353/element - {"using":"xpath","value":"//span[contains(text(), \"WebdriverYardjjtihg\")][contains(@id ,\"application-addressmanagement-display-component---detailAdm--addressDetailDetailsName1\")]"}
RESULT: {"using":"xpath","value":"//span[contains(text(), \"WebdriverYardjjtihg\")][contains(@id ,\"application-addressmanagement-display-component---detailAdm--addressDetailDetailsName1\")]"}
COMMAND: POST /session/29f4302be0dc04edb0851c5907fd2353/element - {"using":"xpath","value":"//span[contains(text(), \"WebdriverYardjjtihg\")][contains(@id ,\"application-addressmanagement-display-component---detailAdm--addressDetailDetailsName1\")]"}
RESULT: {"using":"xpath","value":"//span[contains(text(), \"WebdriverYardjjtihg\")][contains(@id ,\"application-addressmanagement-display-component---detailAdm--addressDetailDetailsName1\")]"}
COMMAND: POST /session/29f4302be0dc04edb0851c5907fd2353/element - {"using":"xpath","value":"//span[contains(text(), \"WebdriverYardjjtihg\")][contains(@id ,\"application-addressmanagement-display-component---detailAdm--addressDetailDetailsName1\")]"}
RESULT: {"using":"xpath","value":"//span[contains(text(), \"WebdriverYardjjtihg\")][contains(@id ,\"application-addressmanagement-display-component---detailAdm--addressDetailDetailsName1\")]"}
COMMAND: POST /session/29f4302be0dc04edb0851c5907fd2353/element - {"using":"xpath","value":"//span[contains(text(), \"WebdriverYardjjtihg\")][contains(@id ,\"application-addressmanagement-display-component---detailAdm--addressDetailDetailsName1\")]"}
RESULT: {"using":"xpath","value":"//span[contains(text(), \"WebdriverYardjjtihg\")][contains(@id ,\"application-addressmanagement-display-component---detailAdm--addressDetailDetailsName1\")]"}
COMMAND: POST /session/29f4302be0dc04edb0851c5907fd2353/element - {"using":"xpath","value":"//span[contains(text(), \"WebdriverYardjjtihg\")][contains(@id ,\"application-addressmanagement-display-component---detailAdm--addressDetailDetailsName1\")]"}
RESULT: {"using":"xpath","value":"//span[contains(text(), \"WebdriverYardjjtihg\")][contains(@id ,\"application-addressmanagement-display-component---detailAdm--addressDetailDetailsName1\")]"}
COMMAND: POST /session/29f4302be0dc04edb0851c5907fd2353/element - {"using":"xpath","value":"//span[contains(text(), \"WebdriverYardjjtihg\")][contains(@id ,\"application-addressmanagement-display-component---detailAdm--addressDetailDetailsName1\")]"}
COMMAND: POST /session/29f4302be0dc04edb0851c5907fd2353/element - {"using":"xpath","value":"//button[contains(@data-kt ,\"ContextMenuExternalId3Link\")]"}
RESULT: {"using":"xpath","value":"//span[contains(text(), \"WebdriverYardjjtihg\")][contains(@id ,\"application-addressmanagement-display-component---detailAdm--addressDetailDetailsName1\")]"}
RESULT: {"using":"xpath","value":"//button[contains(@data-kt ,\"ContextMenuExternalId3Link\")]"}
COMMAND: POST /session/29f4302be0dc04edb0851c5907fd2353/element/f.131A3F10D0424D71AAC18CBC21A849DC.d.1E6DE0762138773944EC569BB9479FAE.e.3853/click - {}
RESULT: {}
COMMAND: GET /session/29f4302be0dc04edb0851c5907fd2353/screenshot - {}
COMMAND: POST /session/29f4302be0dc04edb0851c5907fd2353/element - {"using":"xpath","value":"//span[contains(text(), \"WebdriverYardjjtihg\")][contains(@id ,\"application-addressmanagement-display-component---detailAdm--addressDetailDetailsName1\")]"}
RESULT: {}
RESULT: {"using":"xpath","value":"//span[contains(text(), \"WebdriverYardjjtihg\")][contains(@id ,\"application-addressmanagement-display-component---detailAdm--addressDetailDetailsName1\")]"}
COMMAND: POST /session/29f4302be0dc04edb0851c5907fd2353/element - {"using":"xpath","value":"//span[contains(text(), \"WebdriverYardjjtihg\")][contains(@id ,\"application-addressmanagement-display-component---detailAdm--addressDetailDetailsName1\")]"}
RESULT: {"using":"xpath","value":"//span[contains(text(), \"WebdriverYardjjtihg\")][contains(@id ,\"application-addressmanagement-display-component---detailAdm--addressDetailDetailsName1\")]"}
COMMAND: POST /session/29f4302be0dc04edb0851c5907fd2353/element - {"using":"xpath","value":"//span[contains(text(), \"WebdriverYardjjtihg\")][contains(@id ,\"application-addressmanagement-display-component---detailAdm--addressDetailDetailsName1\")]"}
RESULT: {"using":"xpath","value":"//span[contains(text(), \"WebdriverYardjjtihg\")][contains(@id ,\"application-addressmanagement-display-component---detailAdm--addressDetailDetailsName1\")]"}
COMMAND: POST /session/29f4302be0dc04edb0851c5907fd2353/element - {"using":"xpath","value":"//span[contains(text(), \"WebdriverYardjjtihg\")][contains(@id ,\"application-addressmanagement-display-component---detailAdm--addressDetailDetailsName1\")]"}
RESULT: {"using":"xpath","value":"//span[contains(text(), \"WebdriverYardjjtihg\")][contains(@id ,\"application-addressmanagement-display-component---detailAdm--addressDetailDetailsName1\")]"}
COMMAND: POST /session/29f4302be0dc04edb0851c5907fd2353/element - {"using":"xpath","value":"//span[contains(text(), \"WebdriverYardjjtihg\")][contains(@id ,\"application-addressmanagement-display-component---detailAdm--addressDetailDetailsName1\")]"}
RESULT: {"using":"xpath","value":"//span[contains(text(), \"WebdriverYardjjtihg\")][contains(@id ,\"application-addressmanagement-display-component---detailAdm--addressDetailDetailsName1\")]"}
COMMAND: GET /session/29f4302be0dc04edb0851c5907fd2353/window/handles - {}
RESULT: {}
COMMAND: POST /session/29f4302be0dc04edb0851c5907fd2353/window - {"handle":"E077D3DB01A05F8CB5E92A71ABD3E5D5"}
RESULT: {"handle":"E077D3DB01A05F8CB5E92A71ABD3E5D5"}
COMMAND: GET /session/29f4302be0dc04edb0851c5907fd2353/url - {}
RESULT: {}
COMMAND: GET /session/29f4302be0dc04edb0851c5907fd2353/screenshot - {}
RESULT: {}
COMMAND: POST /session/29f4302be0dc04edb0851c5907fd2353/element - {"using":"xpath","value":"//span[contains(text(), \"WebdriverYardjjtihg\")][contains(@id ,\"application-addressmanagement-display-component---detailAdm--addressDetailDetailsName1\")]"}
COMMAND: DELETE /session/29f4302be0dc04edb0851c5907fd2353/window - {}
RESULT: {}
COMMAND: POST /session/29f4302be0dc04edb0851c5907fd2353/window - {"handle":"131A3F10D0424D71AAC18CBC21A849DC"}
RESULT: {"handle":"131A3F10D0424D71AAC18CBC21A849DC"}
COMMAND: GET /session/29f4302be0dc04edb0851c5907fd2353/url - {}
RESULT: {"using":"xpath","value":"//span[contains(text(), \"WebdriverYardjjtihg\")][contains(@id ,\"application-addressmanagement-display-component---detailAdm--addressDetailDetailsName1\")]"}
RESULT: {}
COMMAND: GET /session/29f4302be0dc04edb0851c5907fd2353/screenshot - {}
RESULT: {}
COMMAND: POST /session/29f4302be0dc04edb0851c5907fd2353/element - {"using":"xpath","value":"//span[contains(text(), \"WebdriverYardjjtihg\")][contains(@id ,\"application-addressmanagement-display-component---detailAdm--addressDetailDetailsName1\")]"}
RESULT: {"using":"xpath","value":"//span[contains(text(), \"WebdriverYardjjtihg\")][contains(@id ,\"application-addressmanagement-display-component---detailAdm--addressDetailDetailsName1\")]"}
COMMAND: POST /session/29f4302be0dc04edb0851c5907fd2353/element - {"using":"xpath","value":"//span[contains(text(), \"WebdriverYardjjtihg\")][contains(@id ,\"application-addressmanagement-display-component---detailAdm--addressDetailDetailsName1\")]"}
RESULT: {"using":"xpath","value":"//span[contains(text(), \"WebdriverYardjjtihg\")][contains(@id ,\"application-addressmanagement-display-component---detailAdm--addressDetailDetailsName1\")]"}
COMMAND: POST /session/29f4302be0dc04edb0851c5907fd2353/element - {"using":"xpath","value":"//span[contains(text(), \"WebdriverYardjjtihg\")][contains(@id ,\"application-addressmanagement-display-component---detailAdm--addressDetailDetailsName1\")]"}
RESULT: {"using":"xpath","value":"//span[contains(text(), \"WebdriverYardjjtihg\")][contains(@id ,\"application-addressmanagement-display-component---detailAdm--addressDetailDetailsName1\")]"}
COMMAND: POST /session/29f4302be0dc04edb0851c5907fd2353/element - {"using":"xpath","value":"//span[contains(text(), \"WebdriverYardjjtihg\")][contains(@id ,\"application-addressmanagement-display-component---detailAdm--addressDetailDetailsName1\")]"}
RESULT: {"using":"xpath","value":"//span[contains(text(), \"WebdriverYardjjtihg\")][contains(@id ,\"application-addressmanagement-display-component---detailAdm--addressDetailDetailsName1\")]"}
COMMAND: POST /session/29f4302be0dc04edb0851c5907fd2353/element - {"using":"xpath","value":"//span[contains(text(), \"WebdriverYardjjtihg\")][contains(@id ,\"application-addressmanagement-display-component---detailAdm--addressDetailDetailsName1\")]"}
RESULT: {"using":"xpath","value":"//span[contains(text(), \"WebdriverYardjjtihg\")][contains(@id ,\"application-addressmanagement-display-component---detailAdm--addressDetailDetailsName1\")]"}
COMMAND: POST /session/29f4302be0dc04edb0851c5907fd2353/element - {"using":"xpath","value":"//span[contains(text(), \"WebdriverYardjjtihg\")][contains(@id ,\"application-addressmanagement-display-component---detailAdm--addressDetailDetailsName1\")]"}
RESULT: {"using":"xpath","value":"//span[contains(text(), \"WebdriverYardjjtihg\")][contains(@id ,\"application-addressmanagement-display-component---detailAdm--addressDetailDetailsName1\")]"}
COMMAND: POST /session/29f4302be0dc04edb0851c5907fd2353/element - {"using":"xpath","value":"//span[contains(text(), \"WebdriverYardjjtihg\")][contains(@id ,\"application-addressmanagement-display-component---detailAdm--addressDetailDetailsName1\")]"}
RESULT: {"using":"xpath","value":"//span[contains(text(), \"WebdriverYardjjtihg\")][contains(@id ,\"application-addressmanagement-display-component---detailAdm--addressDetailDetailsName1\")]"}
COMMAND: POST /session/29f4302be0dc04edb0851c5907fd2353/element - {"using":"xpath","value":"//span[contains(text(), \"WebdriverYardjjtihg\")][contains(@id ,\"application-addressmanagement-display-component---detailAdm--addressDetailDetailsName1\")]"}
RESULT: {"using":"xpath","value":"//span[contains(text(), \"WebdriverYardjjtihg\")][contains(@id ,\"application-addressmanagement-display-component---detailAdm--addressDetailDetailsName1\")]"}
COMMAND: POST /session/29f4302be0dc04edb0851c5907fd2353/element - {"using":"xpath","value":"//span[contains(text(), \"WebdriverYardjjtihg\")][contains(@id ,\"application-addressmanagement-display-component---detailAdm--addressDetailDetailsName1\")]"}
RESULT: {"using":"xpath","value":"//span[contains(text(), \"WebdriverYardjjtihg\")][contains(@id ,\"application-addressmanagement-display-component---detailAdm--addressDetailDetailsName1\")]"}
COMMAND: POST /session/29f4302be0dc04edb0851c5907fd2353/element - {"using":"xpath","value":"//span[contains(text(), \"WebdriverYardjjtihg\")][contains(@id ,\"application-addressmanagement-display-component---detailAdm--addressDetailDetailsName1\")]"}
RESULT: {"using":"xpath","value":"//span[contains(text(), \"WebdriverYardjjtihg\")][contains(@id ,\"application-addressmanagement-display-component---detailAdm--addressDetailDetailsName1\")]"}
]]></system-out>
    </testcase>
    <testcase classname="chrome.136_0_7103_93.windows.Webshop_-_Hyperlinks_visible_and_working_properly__US139085" name="Shpuld verify site hyperlinks" time="255.925">
      <system-out><![CDATA[
COMMAND: POST /session/29f4302be0dc04edb0851c5907fd2353/element - {"using":"xpath","value":"//*[contains(@data-kt ,\"webshopDetailSiteLink\")]"}
RESULT: {"using":"xpath","value":"//*[contains(@data-kt ,\"webshopDetailSiteLink\")]"}
COMMAND: POST /session/29f4302be0dc04edb0851c5907fd2353/execute/sync - {"script":"<script> [8489 bytes]","args":[{"element-6066-11e4-a52e-4f735466cecf":"f.131A3F10D0424D71AAC18CBC21A849DC.d.1E6DE0762138773944EC569BB9479FAE.e.4059","ELEMENT":"f.131A3F10D0424D71AAC18CBC21A849DC.d.1E6DE0762138773944EC569BB9479FAE.e.4059"}]}
RESULT: {"script":"<script> [8489 bytes]","args":[{"element-6066-11e4-a52e-4f735466cecf":"f.131A3F10D0424D71AAC18CBC21A849DC.d.1E6DE0762138773944EC569BB9479FAE.e.4059","ELEMENT":"f.131A3F10D0424D71AAC18CBC21A849DC.d.1E6DE0762138773944EC569BB9479FAE.e.4059"}]}
COMMAND: POST /session/29f4302be0dc04edb0851c5907fd2353/execute/sync - {"script":"<script> [5351 bytes]","args":[{"element-6066-11e4-a52e-4f735466cecf":"f.131A3F10D0424D71AAC18CBC21A849DC.d.1E6DE0762138773944EC569BB9479FAE.e.4059","ELEMENT":"f.131A3F10D0424D71AAC18CBC21A849DC.d.1E6DE0762138773944EC569BB9479FAE.e.4059"}]}
COMMAND: GET /session/29f4302be0dc04edb0851c5907fd2353/screenshot - {}
RESULT: {"script":"<script> [5351 bytes]","args":[{"element-6066-11e4-a52e-4f735466cecf":"f.131A3F10D0424D71AAC18CBC21A849DC.d.1E6DE0762138773944EC569BB9479FAE.e.4059","ELEMENT":"f.131A3F10D0424D71AAC18CBC21A849DC.d.1E6DE0762138773944EC569BB9479FAE.e.4059"}]}
COMMAND: POST /session/29f4302be0dc04edb0851c5907fd2353/element - {"using":"xpath","value":"//*[contains(@data-kt ,\"webshopDetailSiteLink\")]"}
COMMAND: GET /session/29f4302be0dc04edb0851c5907fd2353/screenshot - {}
COMMAND: POST /session/29f4302be0dc04edb0851c5907fd2353/element - {"using":"xpath","value":"//span[contains(text(), \"WebdriverYardjjtihg\")][contains(@id ,\"application-addressmanagement-display-component---detailAdm--addressDetailDetailsName1\")]"}
RESULT: {}
RESULT: {"using":"xpath","value":"//*[contains(@data-kt ,\"webshopDetailSiteLink\")]"}
COMMAND: POST /session/29f4302be0dc04edb0851c5907fd2353/element/f.131A3F10D0424D71AAC18CBC21A849DC.d.1E6DE0762138773944EC569BB9479FAE.e.4059/click - {}
RESULT: {}
RESULT: {"using":"xpath","value":"//span[contains(text(), \"WebdriverYardjjtihg\")][contains(@id ,\"application-addressmanagement-display-component---detailAdm--addressDetailDetailsName1\")]"}
RESULT: {}
COMMAND: GET /session/29f4302be0dc04edb0851c5907fd2353/screenshot - {}
RESULT: {}
COMMAND: POST /session/29f4302be0dc04edb0851c5907fd2353/element - {"using":"xpath","value":"//span[contains(text(), \"WebdriverYardjjtihg\")][contains(@id ,\"application-addressmanagement-display-component---detailAdm--addressDetailDetailsName1\")]"}
RESULT: {"using":"xpath","value":"//span[contains(text(), \"WebdriverYardjjtihg\")][contains(@id ,\"application-addressmanagement-display-component---detailAdm--addressDetailDetailsName1\")]"}
COMMAND: POST /session/29f4302be0dc04edb0851c5907fd2353/element - {"using":"xpath","value":"//span[contains(text(), \"WebdriverYardjjtihg\")][contains(@id ,\"application-addressmanagement-display-component---detailAdm--addressDetailDetailsName1\")]"}
RESULT: {"using":"xpath","value":"//span[contains(text(), \"WebdriverYardjjtihg\")][contains(@id ,\"application-addressmanagement-display-component---detailAdm--addressDetailDetailsName1\")]"}
COMMAND: POST /session/29f4302be0dc04edb0851c5907fd2353/element - {"using":"xpath","value":"//span[contains(text(), \"WebdriverYardjjtihg\")][contains(@id ,\"application-addressmanagement-display-component---detailAdm--addressDetailDetailsName1\")]"}
RESULT: {"using":"xpath","value":"//span[contains(text(), \"WebdriverYardjjtihg\")][contains(@id ,\"application-addressmanagement-display-component---detailAdm--addressDetailDetailsName1\")]"}
COMMAND: POST /session/29f4302be0dc04edb0851c5907fd2353/element - {"using":"xpath","value":"//span[contains(text(), \"WebdriverYardjjtihg\")][contains(@id ,\"application-addressmanagement-display-component---detailAdm--addressDetailDetailsName1\")]"}
RESULT: {"using":"xpath","value":"//span[contains(text(), \"WebdriverYardjjtihg\")][contains(@id ,\"application-addressmanagement-display-component---detailAdm--addressDetailDetailsName1\")]"}
COMMAND: POST /session/29f4302be0dc04edb0851c5907fd2353/element - {"using":"xpath","value":"//*[contains(@data-kt ,\"ContextMenuIdLink\")][contains(text(), \"Manage Site\")]"}
RESULT: {"using":"xpath","value":"//*[contains(@data-kt ,\"ContextMenuIdLink\")][contains(text(), \"Manage Site\")]"}
COMMAND: POST /session/29f4302be0dc04edb0851c5907fd2353/execute/sync - {"script":"<script> [8489 bytes]","args":[{"element-6066-11e4-a52e-4f735466cecf":"f.131A3F10D0424D71AAC18CBC21A849DC.d.1E6DE0762138773944EC569BB9479FAE.e.4061","ELEMENT":"f.131A3F10D0424D71AAC18CBC21A849DC.d.1E6DE0762138773944EC569BB9479FAE.e.4061"}]}
COMMAND: POST /session/29f4302be0dc04edb0851c5907fd2353/element - {"using":"xpath","value":"//*[contains(@data-kt ,\"ContextMenuId2Link\")][contains(text(), \"Site Overview\")]"}
RESULT: {"script":"<script> [8489 bytes]","args":[{"element-6066-11e4-a52e-4f735466cecf":"f.131A3F10D0424D71AAC18CBC21A849DC.d.1E6DE0762138773944EC569BB9479FAE.e.4061","ELEMENT":"f.131A3F10D0424D71AAC18CBC21A849DC.d.1E6DE0762138773944EC569BB9479FAE.e.4061"}]}
COMMAND: GET /session/29f4302be0dc04edb0851c5907fd2353/screenshot - {}
RESULT: {"using":"xpath","value":"//*[contains(@data-kt ,\"ContextMenuId2Link\")][contains(text(), \"Site Overview\")]"}
COMMAND: POST /session/29f4302be0dc04edb0851c5907fd2353/execute/sync - {"script":"<script> [8489 bytes]","args":[{"element-6066-11e4-a52e-4f735466cecf":"f.131A3F10D0424D71AAC18CBC21A849DC.d.1E6DE0762138773944EC569BB9479FAE.e.4062","ELEMENT":"f.131A3F10D0424D71AAC18CBC21A849DC.d.1E6DE0762138773944EC569BB9479FAE.e.4062"}]}
COMMAND: POST /session/29f4302be0dc04edb0851c5907fd2353/element - {"using":"xpath","value":"//*[contains(@data-kt ,\"ContextMenuId3Link\")][contains(text(), \"Site Main Address\")]"}
RESULT: {}
RESULT: {"using":"xpath","value":"//*[contains(@data-kt ,\"ContextMenuId3Link\")][contains(text(), \"Site Main Address\")]"}
COMMAND: POST /session/29f4302be0dc04edb0851c5907fd2353/execute/sync - {"script":"<script> [8489 bytes]","args":[{"element-6066-11e4-a52e-4f735466cecf":"f.131A3F10D0424D71AAC18CBC21A849DC.d.1E6DE0762138773944EC569BB9479FAE.e.4063","ELEMENT":"f.131A3F10D0424D71AAC18CBC21A849DC.d.1E6DE0762138773944EC569BB9479FAE.e.4063"}]}
COMMAND: POST /session/29f4302be0dc04edb0851c5907fd2353/element/f.131A3F10D0424D71AAC18CBC21A849DC.d.1E6DE0762138773944EC569BB9479FAE.e.4061/click - {}
RESULT: {"script":"<script> [8489 bytes]","args":[{"element-6066-11e4-a52e-4f735466cecf":"f.131A3F10D0424D71AAC18CBC21A849DC.d.1E6DE0762138773944EC569BB9479FAE.e.4062","ELEMENT":"f.131A3F10D0424D71AAC18CBC21A849DC.d.1E6DE0762138773944EC569BB9479FAE.e.4062"}]}
COMMAND: GET /session/29f4302be0dc04edb0851c5907fd2353/screenshot - {}
RESULT: {"script":"<script> [8489 bytes]","args":[{"element-6066-11e4-a52e-4f735466cecf":"f.131A3F10D0424D71AAC18CBC21A849DC.d.1E6DE0762138773944EC569BB9479FAE.e.4063","ELEMENT":"f.131A3F10D0424D71AAC18CBC21A849DC.d.1E6DE0762138773944EC569BB9479FAE.e.4063"}]}
COMMAND: GET /session/29f4302be0dc04edb0851c5907fd2353/screenshot - {}
COMMAND: POST /session/29f4302be0dc04edb0851c5907fd2353/element - {"using":"xpath","value":"//span[contains(text(), \"WebdriverYardjjtihg\")][contains(@id ,\"application-addressmanagement-display-component---detailAdm--addressDetailDetailsName1\")]"}
RESULT: {}
COMMAND: GET /session/29f4302be0dc04edb0851c5907fd2353/screenshot - {}
RESULT: {}
RESULT: {}
RESULT: {"using":"xpath","value":"//span[contains(text(), \"WebdriverYardjjtihg\")][contains(@id ,\"application-addressmanagement-display-component---detailAdm--addressDetailDetailsName1\")]"}
RESULT: {}
COMMAND: POST /session/29f4302be0dc04edb0851c5907fd2353/element - {"using":"xpath","value":"//span[contains(text(), \"WebdriverYardjjtihg\")][contains(@id ,\"application-addressmanagement-display-component---detailAdm--addressDetailDetailsName1\")]"}
RESULT: {"using":"xpath","value":"//span[contains(text(), \"WebdriverYardjjtihg\")][contains(@id ,\"application-addressmanagement-display-component---detailAdm--addressDetailDetailsName1\")]"}
COMMAND: POST /session/29f4302be0dc04edb0851c5907fd2353/element - {"using":"xpath","value":"//span[contains(text(), \"WebdriverYardjjtihg\")][contains(@id ,\"application-addressmanagement-display-component---detailAdm--addressDetailDetailsName1\")]"}
RESULT: {"using":"xpath","value":"//span[contains(text(), \"WebdriverYardjjtihg\")][contains(@id ,\"application-addressmanagement-display-component---detailAdm--addressDetailDetailsName1\")]"}
COMMAND: POST /session/29f4302be0dc04edb0851c5907fd2353/element - {"using":"xpath","value":"//span[contains(text(), \"WebdriverYardjjtihg\")][contains(@id ,\"application-addressmanagement-display-component---detailAdm--addressDetailDetailsName1\")]"}
RESULT: {"using":"xpath","value":"//span[contains(text(), \"WebdriverYardjjtihg\")][contains(@id ,\"application-addressmanagement-display-component---detailAdm--addressDetailDetailsName1\")]"}
COMMAND: POST /session/29f4302be0dc04edb0851c5907fd2353/element - {"using":"xpath","value":"//span[contains(text(), \"WebdriverYardjjtihg\")][contains(@id ,\"application-addressmanagement-display-component---detailAdm--addressDetailDetailsName1\")]"}
RESULT: {"using":"xpath","value":"//span[contains(text(), \"WebdriverYardjjtihg\")][contains(@id ,\"application-addressmanagement-display-component---detailAdm--addressDetailDetailsName1\")]"}
COMMAND: POST /session/29f4302be0dc04edb0851c5907fd2353/element - {"using":"xpath","value":"//span[contains(text(), \"WebdriverYardjjtihg\")][contains(@id ,\"application-addressmanagement-display-component---detailAdm--addressDetailDetailsName1\")]"}
RESULT: {"using":"xpath","value":"//span[contains(text(), \"WebdriverYardjjtihg\")][contains(@id ,\"application-addressmanagement-display-component---detailAdm--addressDetailDetailsName1\")]"}
COMMAND: POST /session/29f4302be0dc04edb0851c5907fd2353/element - {"using":"xpath","value":"//span[contains(text(), \"WebdriverYardjjtihg\")][contains(@id ,\"application-addressmanagement-display-component---detailAdm--addressDetailDetailsName1\")]"}
RESULT: {"using":"xpath","value":"//span[contains(text(), \"WebdriverYardjjtihg\")][contains(@id ,\"application-addressmanagement-display-component---detailAdm--addressDetailDetailsName1\")]"}
COMMAND: POST /session/29f4302be0dc04edb0851c5907fd2353/element - {"using":"xpath","value":"//span[contains(text(), \"WebdriverYardjjtihg\")][contains(@id ,\"application-addressmanagement-display-component---detailAdm--addressDetailDetailsName1\")]"}
RESULT: {"using":"xpath","value":"//span[contains(text(), \"WebdriverYardjjtihg\")][contains(@id ,\"application-addressmanagement-display-component---detailAdm--addressDetailDetailsName1\")]"}
COMMAND: POST /session/29f4302be0dc04edb0851c5907fd2353/element - {"using":"xpath","value":"//span[contains(text(), \"WebdriverYardjjtihg\")][contains(@id ,\"application-addressmanagement-display-component---detailAdm--addressDetailDetailsName1\")]"}
RESULT: {"using":"xpath","value":"//span[contains(text(), \"WebdriverYardjjtihg\")][contains(@id ,\"application-addressmanagement-display-component---detailAdm--addressDetailDetailsName1\")]"}
COMMAND: POST /session/29f4302be0dc04edb0851c5907fd2353/element - {"using":"xpath","value":"//span[contains(text(), \"WebdriverYardjjtihg\")][contains(@id ,\"application-addressmanagement-display-component---detailAdm--addressDetailDetailsName1\")]"}
RESULT: {"using":"xpath","value":"//span[contains(text(), \"WebdriverYardjjtihg\")][contains(@id ,\"application-addressmanagement-display-component---detailAdm--addressDetailDetailsName1\")]"}
COMMAND: POST /session/29f4302be0dc04edb0851c5907fd2353/element - {"using":"xpath","value":"//span[contains(text(), \"WebdriverYardjjtihg\")][contains(@id ,\"application-addressmanagement-display-component---detailAdm--addressDetailDetailsName1\")]"}
RESULT: {"using":"xpath","value":"//span[contains(text(), \"WebdriverYardjjtihg\")][contains(@id ,\"application-addressmanagement-display-component---detailAdm--addressDetailDetailsName1\")]"}
COMMAND: POST /session/29f4302be0dc04edb0851c5907fd2353/element - {"using":"xpath","value":"//span[contains(text(), \"WebdriverYardjjtihg\")][contains(@id ,\"application-addressmanagement-display-component---detailAdm--addressDetailDetailsName1\")]"}
RESULT: {"using":"xpath","value":"//span[contains(text(), \"WebdriverYardjjtihg\")][contains(@id ,\"application-addressmanagement-display-component---detailAdm--addressDetailDetailsName1\")]"}
COMMAND: POST /session/29f4302be0dc04edb0851c5907fd2353/element - {"using":"xpath","value":"//span[contains(text(), \"WebdriverYardjjtihg\")][contains(@id ,\"application-addressmanagement-display-component---detailAdm--addressDetailDetailsName1\")]"}
RESULT: {"using":"xpath","value":"//span[contains(text(), \"WebdriverYardjjtihg\")][contains(@id ,\"application-addressmanagement-display-component---detailAdm--addressDetailDetailsName1\")]"}
COMMAND: POST /session/29f4302be0dc04edb0851c5907fd2353/element - {"using":"xpath","value":"//span[contains(text(), \"WebdriverYardjjtihg\")][contains(@id ,\"application-addressmanagement-display-component---detailAdm--addressDetailDetailsName1\")]"}
RESULT: {"using":"xpath","value":"//span[contains(text(), \"WebdriverYardjjtihg\")][contains(@id ,\"application-addressmanagement-display-component---detailAdm--addressDetailDetailsName1\")]"}
COMMAND: POST /session/29f4302be0dc04edb0851c5907fd2353/element - {"using":"xpath","value":"//span[contains(text(), \"WebdriverYardjjtihg\")][contains(@id ,\"application-addressmanagement-display-component---detailAdm--addressDetailDetailsName1\")]"}
RESULT: {"using":"xpath","value":"//span[contains(text(), \"WebdriverYardjjtihg\")][contains(@id ,\"application-addressmanagement-display-component---detailAdm--addressDetailDetailsName1\")]"}
COMMAND: POST /session/29f4302be0dc04edb0851c5907fd2353/element - {"using":"xpath","value":"//span[contains(text(), \"WebdriverYardjjtihg\")][contains(@id ,\"application-addressmanagement-display-component---detailAdm--addressDetailDetailsName1\")]"}
RESULT: {"using":"xpath","value":"//span[contains(text(), \"WebdriverYardjjtihg\")][contains(@id ,\"application-addressmanagement-display-component---detailAdm--addressDetailDetailsName1\")]"}
COMMAND: POST /session/29f4302be0dc04edb0851c5907fd2353/element - {"using":"xpath","value":"//span[contains(text(), \"WebdriverYardjjtihg\")][contains(@id ,\"application-addressmanagement-display-component---detailAdm--addressDetailDetailsName1\")]"}
RESULT: {"using":"xpath","value":"//span[contains(text(), \"WebdriverYardjjtihg\")][contains(@id ,\"application-addressmanagement-display-component---detailAdm--addressDetailDetailsName1\")]"}
COMMAND: POST /session/29f4302be0dc04edb0851c5907fd2353/element - {"using":"xpath","value":"//span[contains(text(), \"WebdriverYardjjtihg\")][contains(@id ,\"application-addressmanagement-display-component---detailAdm--addressDetailDetailsName1\")]"}
RESULT: {"using":"xpath","value":"//span[contains(text(), \"WebdriverYardjjtihg\")][contains(@id ,\"application-addressmanagement-display-component---detailAdm--addressDetailDetailsName1\")]"}
COMMAND: POST /session/29f4302be0dc04edb0851c5907fd2353/element - {"using":"xpath","value":"//span[contains(text(), \"WebdriverYardjjtihg\")][contains(@id ,\"application-addressmanagement-display-component---detailAdm--addressDetailDetailsName1\")]"}
RESULT: {"using":"xpath","value":"//span[contains(text(), \"WebdriverYardjjtihg\")][contains(@id ,\"application-addressmanagement-display-component---detailAdm--addressDetailDetailsName1\")]"}
COMMAND: POST /session/29f4302be0dc04edb0851c5907fd2353/element - {"using":"xpath","value":"//span[contains(text(), \"WebdriverYardjjtihg\")][contains(@id ,\"application-addressmanagement-display-component---detailAdm--addressDetailDetailsName1\")]"}
RESULT: {"using":"xpath","value":"//span[contains(text(), \"WebdriverYardjjtihg\")][contains(@id ,\"application-addressmanagement-display-component---detailAdm--addressDetailDetailsName1\")]"}
COMMAND: POST /session/29f4302be0dc04edb0851c5907fd2353/element - {"using":"xpath","value":"//span[contains(text(), \"WebdriverYardjjtihg\")][contains(@id ,\"application-addressmanagement-display-component---detailAdm--addressDetailDetailsName1\")]"}
RESULT: {"using":"xpath","value":"//span[contains(text(), \"WebdriverYardjjtihg\")][contains(@id ,\"application-addressmanagement-display-component---detailAdm--addressDetailDetailsName1\")]"}
COMMAND: POST /session/29f4302be0dc04edb0851c5907fd2353/element - {"using":"xpath","value":"//span[contains(text(), \"WebdriverYardjjtihg\")][contains(@id ,\"application-addressmanagement-display-component---detailAdm--addressDetailDetailsName1\")]"}
RESULT: {"using":"xpath","value":"//span[contains(text(), \"WebdriverYardjjtihg\")][contains(@id ,\"application-addressmanagement-display-component---detailAdm--addressDetailDetailsName1\")]"}
COMMAND: POST /session/29f4302be0dc04edb0851c5907fd2353/element - {"using":"xpath","value":"//span[contains(text(), \"WebdriverYardjjtihg\")][contains(@id ,\"application-addressmanagement-display-component---detailAdm--addressDetailDetailsName1\")]"}
RESULT: {"using":"xpath","value":"//span[contains(text(), \"WebdriverYardjjtihg\")][contains(@id ,\"application-addressmanagement-display-component---detailAdm--addressDetailDetailsName1\")]"}
COMMAND: POST /session/29f4302be0dc04edb0851c5907fd2353/execute/async - {"script":"<script> [1562 bytes]","args":[{"selector":{"controlType":"sap.m.Title","viewName":"etm.portal.ui.managesites.view.Master","viewId":"application-managesites-display-component---masterSite","i18NText":{"propertyName":"text","key":"sites"}},"wdio_ui5_key":"etmportal.ui.managesites.view.Mastersap.m.Title{\"propertyName\":\"text\",\"key\":\"sites\"}"}]}
COMMAND: POST /session/29f4302be0dc04edb0851c5907fd2353/element - {"using":"xpath","value":"//span[contains(text(), \"WebdriverYardjjtihg\")][contains(@id ,\"application-addressmanagement-display-component---detailAdm--addressDetailDetailsName1\")]"}
RESULT: {"script":"<script> [1562 bytes]","args":[{"selector":{"controlType":"sap.m.Title","viewName":"etm.portal.ui.managesites.view.Master","viewId":"application-managesites-display-component---masterSite","i18NText":{"propertyName":"text","key":"sites"}},"wdio_ui5_key":"etmportal.ui.managesites.view.Mastersap.m.Title{\"propertyName\":\"text\",\"key\":\"sites\"}"}]}
RESULT: undefined
COMMAND: POST /session/29f4302be0dc04edb0851c5907fd2353/execute/async - {"script":"<script> [6424 bytes]","args":[{"element-6066-11e4-a52e-4f735466cecf":"f.131A3F10D0424D71AAC18CBC21A849DC.d.1E6DE0762138773944EC569BB9479FAE.e.4274"},"getText",[]]}
RESULT: {"using":"xpath","value":"//span[contains(text(), \"WebdriverYardjjtihg\")][contains(@id ,\"application-addressmanagement-display-component---detailAdm--addressDetailDetailsName1\")]"}
RESULT: {"script":"<script> [6424 bytes]","args":[{"element-6066-11e4-a52e-4f735466cecf":"f.131A3F10D0424D71AAC18CBC21A849DC.d.1E6DE0762138773944EC569BB9479FAE.e.4274"},"getText",[]]}
COMMAND: POST /session/29f4302be0dc04edb0851c5907fd2353/execute/async - {"script":"<script> [1562 bytes]","args":[{"selector":{"id":"application-managesites-display-component---detailSite--addressDetailDetailsName1"},"wdio_ui5_key":"applicationmanagesites-display-component---detailSite--addressDetailDetailsName1"}]}
COMMAND: POST /session/29f4302be0dc04edb0851c5907fd2353/element - {"using":"xpath","value":"//span[contains(text(), \"WebdriverYardjjtihg\")][contains(@id ,\"application-addressmanagement-display-component---detailAdm--addressDetailDetailsName1\")]"}
RESULT: {"script":"<script> [1562 bytes]","args":[{"selector":{"id":"application-managesites-display-component---detailSite--addressDetailDetailsName1"},"wdio_ui5_key":"applicationmanagesites-display-component---detailSite--addressDetailDetailsName1"}]}
RESULT: undefined
COMMAND: POST /session/29f4302be0dc04edb0851c5907fd2353/execute/async - {"script":"<script> [6424 bytes]","args":[{"element-6066-11e4-a52e-4f735466cecf":"f.131A3F10D0424D71AAC18CBC21A849DC.d.1E6DE0762138773944EC569BB9479FAE.e.4127"},"getValue",[]]}
RESULT: {"using":"xpath","value":"//span[contains(text(), \"WebdriverYardjjtihg\")][contains(@id ,\"application-addressmanagement-display-component---detailAdm--addressDetailDetailsName1\")]"}
RESULT: {"script":"<script> [6424 bytes]","args":[{"element-6066-11e4-a52e-4f735466cecf":"f.131A3F10D0424D71AAC18CBC21A849DC.d.1E6DE0762138773944EC569BB9479FAE.e.4127"},"getValue",[]]}
RESULT: undefined
COMMAND: POST /session/29f4302be0dc04edb0851c5907fd2353/element - {"using":"xpath","value":"//*[@id=\"backBtn\"]"}
RESULT: {"using":"xpath","value":"//*[@id=\"backBtn\"]"}
COMMAND: POST /session/29f4302be0dc04edb0851c5907fd2353/element/f.131A3F10D0424D71AAC18CBC21A849DC.d.1E6DE0762138773944EC569BB9479FAE.e.3237/click - {}
COMMAND: POST /session/29f4302be0dc04edb0851c5907fd2353/element - {"using":"xpath","value":"//span[contains(text(), \"WebdriverYardjjtihg\")][contains(@id ,\"application-addressmanagement-display-component---detailAdm--addressDetailDetailsName1\")]"}
RESULT: {}
COMMAND: GET /session/29f4302be0dc04edb0851c5907fd2353/screenshot - {}
RESULT: {"using":"xpath","value":"//span[contains(text(), \"WebdriverYardjjtihg\")][contains(@id ,\"application-addressmanagement-display-component---detailAdm--addressDetailDetailsName1\")]"}
COMMAND: POST /session/29f4302be0dc04edb0851c5907fd2353/element - {"using":"xpath","value":"//span[contains(text(), \"WebdriverYardjjtihg\")][contains(@id ,\"application-addressmanagement-display-component---detailAdm--addressDetailDetailsName1\")]"}
RESULT: {}
RESULT: {"using":"xpath","value":"//span[contains(text(), \"WebdriverYardjjtihg\")][contains(@id ,\"application-addressmanagement-display-component---detailAdm--addressDetailDetailsName1\")]"}
COMMAND: POST /session/29f4302be0dc04edb0851c5907fd2353/element - {"using":"xpath","value":"//span[contains(text(), \"WebdriverYardjjtihg\")][contains(@id ,\"application-addressmanagement-display-component---detailAdm--addressDetailDetailsName1\")]"}
RESULT: {"using":"xpath","value":"//span[contains(text(), \"WebdriverYardjjtihg\")][contains(@id ,\"application-addressmanagement-display-component---detailAdm--addressDetailDetailsName1\")]"}
COMMAND: POST /session/29f4302be0dc04edb0851c5907fd2353/element - {"using":"xpath","value":"//span[contains(text(), \"WebdriverYardjjtihg\")][contains(@id ,\"application-addressmanagement-display-component---detailAdm--addressDetailDetailsName1\")]"}
RESULT: {"using":"xpath","value":"//span[contains(text(), \"WebdriverYardjjtihg\")][contains(@id ,\"application-addressmanagement-display-component---detailAdm--addressDetailDetailsName1\")]"}
COMMAND: POST /session/29f4302be0dc04edb0851c5907fd2353/element - {"using":"xpath","value":"//span[contains(text(), \"WebdriverYardjjtihg\")][contains(@id ,\"application-addressmanagement-display-component---detailAdm--addressDetailDetailsName1\")]"}
RESULT: {"using":"xpath","value":"//span[contains(text(), \"WebdriverYardjjtihg\")][contains(@id ,\"application-addressmanagement-display-component---detailAdm--addressDetailDetailsName1\")]"}
COMMAND: POST /session/29f4302be0dc04edb0851c5907fd2353/element - {"using":"xpath","value":"//span[contains(text(), \"WebdriverYardjjtihg\")][contains(@id ,\"application-addressmanagement-display-component---detailAdm--addressDetailDetailsName1\")]"}
RESULT: {"using":"xpath","value":"//span[contains(text(), \"WebdriverYardjjtihg\")][contains(@id ,\"application-addressmanagement-display-component---detailAdm--addressDetailDetailsName1\")]"}
COMMAND: POST /session/29f4302be0dc04edb0851c5907fd2353/element - {"using":"xpath","value":"//span[contains(text(), \"WebdriverYardjjtihg\")][contains(@id ,\"application-addressmanagement-display-component---detailAdm--addressDetailDetailsName1\")]"}
RESULT: {"using":"xpath","value":"//span[contains(text(), \"WebdriverYardjjtihg\")][contains(@id ,\"application-addressmanagement-display-component---detailAdm--addressDetailDetailsName1\")]"}
COMMAND: POST /session/29f4302be0dc04edb0851c5907fd2353/element - {"using":"xpath","value":"//span[contains(text(), \"WebdriverYardjjtihg\")][contains(@id ,\"application-addressmanagement-display-component---detailAdm--addressDetailDetailsName1\")]"}
RESULT: {"using":"xpath","value":"//span[contains(text(), \"WebdriverYardjjtihg\")][contains(@id ,\"application-addressmanagement-display-component---detailAdm--addressDetailDetailsName1\")]"}
COMMAND: POST /session/29f4302be0dc04edb0851c5907fd2353/element - {"using":"xpath","value":"//span[contains(text(), \"WebdriverYardjjtihg\")][contains(@id ,\"application-addressmanagement-display-component---detailAdm--addressDetailDetailsName1\")]"}
RESULT: {"using":"xpath","value":"//span[contains(text(), \"WebdriverYardjjtihg\")][contains(@id ,\"application-addressmanagement-display-component---detailAdm--addressDetailDetailsName1\")]"}
COMMAND: POST /session/29f4302be0dc04edb0851c5907fd2353/element - {"using":"xpath","value":"//span[contains(text(), \"WebdriverYardjjtihg\")][contains(@id ,\"application-addressmanagement-display-component---detailAdm--addressDetailDetailsName1\")]"}
RESULT: {"using":"xpath","value":"//span[contains(text(), \"WebdriverYardjjtihg\")][contains(@id ,\"application-addressmanagement-display-component---detailAdm--addressDetailDetailsName1\")]"}
COMMAND: POST /session/29f4302be0dc04edb0851c5907fd2353/element - {"using":"xpath","value":"//span[contains(text(), \"WebdriverYardjjtihg\")][contains(@id ,\"application-addressmanagement-display-component---detailAdm--addressDetailDetailsName1\")]"}
RESULT: {"using":"xpath","value":"//span[contains(text(), \"WebdriverYardjjtihg\")][contains(@id ,\"application-addressmanagement-display-component---detailAdm--addressDetailDetailsName1\")]"}
COMMAND: POST /session/29f4302be0dc04edb0851c5907fd2353/element - {"using":"xpath","value":"//span[contains(text(), \"WebdriverYardjjtihg\")][contains(@id ,\"application-addressmanagement-display-component---detailAdm--addressDetailDetailsName1\")]"}
RESULT: {"using":"xpath","value":"//span[contains(text(), \"WebdriverYardjjtihg\")][contains(@id ,\"application-addressmanagement-display-component---detailAdm--addressDetailDetailsName1\")]"}
COMMAND: POST /session/29f4302be0dc04edb0851c5907fd2353/element - {"using":"xpath","value":"//span[contains(text(), \"WebdriverYardjjtihg\")][contains(@id ,\"application-addressmanagement-display-component---detailAdm--addressDetailDetailsName1\")]"}
RESULT: {"using":"xpath","value":"//span[contains(text(), \"WebdriverYardjjtihg\")][contains(@id ,\"application-addressmanagement-display-component---detailAdm--addressDetailDetailsName1\")]"}
COMMAND: POST /session/29f4302be0dc04edb0851c5907fd2353/element - {"using":"xpath","value":"//span[contains(text(), \"WebdriverYardjjtihg\")][contains(@id ,\"application-addressmanagement-display-component---detailAdm--addressDetailDetailsName1\")]"}
RESULT: {"using":"xpath","value":"//span[contains(text(), \"WebdriverYardjjtihg\")][contains(@id ,\"application-addressmanagement-display-component---detailAdm--addressDetailDetailsName1\")]"}
COMMAND: POST /session/29f4302be0dc04edb0851c5907fd2353/element - {"using":"xpath","value":"//span[contains(text(), \"WebdriverYardjjtihg\")][contains(@id ,\"application-addressmanagement-display-component---detailAdm--addressDetailDetailsName1\")]"}
RESULT: {"using":"xpath","value":"//span[contains(text(), \"WebdriverYardjjtihg\")][contains(@id ,\"application-addressmanagement-display-component---detailAdm--addressDetailDetailsName1\")]"}
COMMAND: POST /session/29f4302be0dc04edb0851c5907fd2353/element - {"using":"xpath","value":"//span[contains(text(), \"WebdriverYardjjtihg\")][contains(@id ,\"application-addressmanagement-display-component---detailAdm--addressDetailDetailsName1\")]"}
RESULT: {"using":"xpath","value":"//span[contains(text(), \"WebdriverYardjjtihg\")][contains(@id ,\"application-addressmanagement-display-component---detailAdm--addressDetailDetailsName1\")]"}
COMMAND: POST /session/29f4302be0dc04edb0851c5907fd2353/element - {"using":"xpath","value":"//span[contains(text(), \"WebdriverYardjjtihg\")][contains(@id ,\"application-addressmanagement-display-component---detailAdm--addressDetailDetailsName1\")]"}
RESULT: {"using":"xpath","value":"//span[contains(text(), \"WebdriverYardjjtihg\")][contains(@id ,\"application-addressmanagement-display-component---detailAdm--addressDetailDetailsName1\")]"}
COMMAND: POST /session/29f4302be0dc04edb0851c5907fd2353/element - {"using":"xpath","value":"//span[contains(text(), \"WebdriverYardjjtihg\")][contains(@id ,\"application-addressmanagement-display-component---detailAdm--addressDetailDetailsName1\")]"}
RESULT: {"using":"xpath","value":"//span[contains(text(), \"WebdriverYardjjtihg\")][contains(@id ,\"application-addressmanagement-display-component---detailAdm--addressDetailDetailsName1\")]"}
COMMAND: POST /session/29f4302be0dc04edb0851c5907fd2353/execute/sync - {"script":"<script> [8489 bytes]","args":[{"element-6066-11e4-a52e-4f735466cecf":"f.131A3F10D0424D71AAC18CBC21A849DC.d.1E6DE0762138773944EC569BB9479FAE.e.4059","ELEMENT":"f.131A3F10D0424D71AAC18CBC21A849DC.d.1E6DE0762138773944EC569BB9479FAE.e.4059"}]}
COMMAND: POST /session/29f4302be0dc04edb0851c5907fd2353/element - {"using":"xpath","value":"//*[contains(@data-kt ,\"webshopDetailSiteLink\")]"}
RESULT: {"using":"xpath","value":"//*[contains(@data-kt ,\"webshopDetailSiteLink\")]"}
COMMAND: POST /session/29f4302be0dc04edb0851c5907fd2353/execute/sync - {"script":"<script> [8489 bytes]","args":[{"element-6066-11e4-a52e-4f735466cecf":"f.131A3F10D0424D71AAC18CBC21A849DC.d.1E6DE0762138773944EC569BB9479FAE.e.4406","ELEMENT":"f.131A3F10D0424D71AAC18CBC21A849DC.d.1E6DE0762138773944EC569BB9479FAE.e.4406"}]}
RESULT: {"script":"<script> [8489 bytes]","args":[{"element-6066-11e4-a52e-4f735466cecf":"f.131A3F10D0424D71AAC18CBC21A849DC.d.1E6DE0762138773944EC569BB9479FAE.e.4406","ELEMENT":"f.131A3F10D0424D71AAC18CBC21A849DC.d.1E6DE0762138773944EC569BB9479FAE.e.4406"}]}
COMMAND: POST /session/29f4302be0dc04edb0851c5907fd2353/execute/sync - {"script":"<script> [5351 bytes]","args":[{"element-6066-11e4-a52e-4f735466cecf":"f.131A3F10D0424D71AAC18CBC21A849DC.d.1E6DE0762138773944EC569BB9479FAE.e.4406","ELEMENT":"f.131A3F10D0424D71AAC18CBC21A849DC.d.1E6DE0762138773944EC569BB9479FAE.e.4406"}]}
COMMAND: GET /session/29f4302be0dc04edb0851c5907fd2353/screenshot - {}
RESULT: {"script":"<script> [5351 bytes]","args":[{"element-6066-11e4-a52e-4f735466cecf":"f.131A3F10D0424D71AAC18CBC21A849DC.d.1E6DE0762138773944EC569BB9479FAE.e.4406","ELEMENT":"f.131A3F10D0424D71AAC18CBC21A849DC.d.1E6DE0762138773944EC569BB9479FAE.e.4406"}]}
COMMAND: POST /session/29f4302be0dc04edb0851c5907fd2353/element - {"using":"xpath","value":"//*[contains(@data-kt ,\"webshopDetailSiteLink\")]"}
COMMAND: GET /session/29f4302be0dc04edb0851c5907fd2353/screenshot - {}
RESULT: {}
RESULT: {"using":"xpath","value":"//*[contains(@data-kt ,\"webshopDetailSiteLink\")]"}
COMMAND: POST /session/29f4302be0dc04edb0851c5907fd2353/element/f.131A3F10D0424D71AAC18CBC21A849DC.d.1E6DE0762138773944EC569BB9479FAE.e.4406/click - {}
RESULT: {}
RESULT: {}
COMMAND: GET /session/29f4302be0dc04edb0851c5907fd2353/screenshot - {}
RESULT: {}
COMMAND: POST /session/29f4302be0dc04edb0851c5907fd2353/element/f.131A3F10D0424D71AAC18CBC21A849DC.d.1E6DE0762138773944EC569BB9479FAE.e.4062/click - {}
COMMAND: POST /session/29f4302be0dc04edb0851c5907fd2353/element - {"using":"xpath","value":"//*[contains(@data-kt ,\"ContextMenuId2Link\")][contains(text(), \"Site Overview\")]"}
RESULT: {"using":"xpath","value":"//*[contains(@data-kt ,\"ContextMenuId2Link\")][contains(text(), \"Site Overview\")]"}
COMMAND: POST /session/29f4302be0dc04edb0851c5907fd2353/element/f.131A3F10D0424D71AAC18CBC21A849DC.d.1E6DE0762138773944EC569BB9479FAE.e.4062/click - {}
COMMAND: POST /session/29f4302be0dc04edb0851c5907fd2353/element - {"using":"xpath","value":"//*[contains(@data-kt ,\"ContextMenuId2Link\")][contains(text(), \"Site Overview\")]"}
RESULT: {"using":"xpath","value":"//*[contains(@data-kt ,\"ContextMenuId2Link\")][contains(text(), \"Site Overview\")]"}
COMMAND: POST /session/29f4302be0dc04edb0851c5907fd2353/element/f.131A3F10D0424D71AAC18CBC21A849DC.d.1E6DE0762138773944EC569BB9479FAE.e.4408/click - {}
RESULT: {}
COMMAND: GET /session/29f4302be0dc04edb0851c5907fd2353/screenshot - {}
RESULT: {}
RESULT: undefined
COMMAND: POST /session/29f4302be0dc04edb0851c5907fd2353/execute/async - {"script":"<script> [6424 bytes]","args":[{"element-6066-11e4-a52e-4f735466cecf":"f.131A3F10D0424D71AAC18CBC21A849DC.d.1E6DE0762138773944EC569BB9479FAE.e.3235"},"getTitle",[]]}
COMMAND: POST /session/29f4302be0dc04edb0851c5907fd2353/execute/async - {"script":"<script> [1562 bytes]","args":[{"selector":{"id":"shellAppTitle"},"wdio_ui5_key":"shellAppTitle"}]}
RESULT: {"script":"<script> [1562 bytes]","args":[{"selector":{"id":"shellAppTitle"},"wdio_ui5_key":"shellAppTitle"}]}
COMMAND: POST /session/29f4302be0dc04edb0851c5907fd2353/execute/async - {"script":"<script> [6424 bytes]","args":[{"element-6066-11e4-a52e-4f735466cecf":"f.131A3F10D0424D71AAC18CBC21A849DC.d.1E6DE0762138773944EC569BB9479FAE.e.4487"},"getTitle",[]]}
RESULT: {"script":"<script> [6424 bytes]","args":[{"element-6066-11e4-a52e-4f735466cecf":"f.131A3F10D0424D71AAC18CBC21A849DC.d.1E6DE0762138773944EC569BB9479FAE.e.4487"},"getTitle",[]]}
COMMAND: POST /session/29f4302be0dc04edb0851c5907fd2353/element - {"using":"xpath","value":"(//span[contains(text(), \"WebdriverSitet8dwz\")])[2]"}
RESULT: {"using":"xpath","value":"(//span[contains(text(), \"WebdriverSitet8dwz\")])[2]"}
COMMAND: POST /session/29f4302be0dc04edb0851c5907fd2353/execute/sync - {"script":"<script> [8489 bytes]","args":[{"element-6066-11e4-a52e-4f735466cecf":"f.131A3F10D0424D71AAC18CBC21A849DC.d.1E6DE0762138773944EC569BB9479FAE.e.4488","ELEMENT":"f.131A3F10D0424D71AAC18CBC21A849DC.d.1E6DE0762138773944EC569BB9479FAE.e.4488"}]}
RESULT: undefined
COMMAND: POST /session/29f4302be0dc04edb0851c5907fd2353/element - {"using":"xpath","value":"//*[@id=\"backBtn\"]"}
RESULT: {"script":"<script> [8489 bytes]","args":[{"element-6066-11e4-a52e-4f735466cecf":"f.131A3F10D0424D71AAC18CBC21A849DC.d.1E6DE0762138773944EC569BB9479FAE.e.4488","ELEMENT":"f.131A3F10D0424D71AAC18CBC21A849DC.d.1E6DE0762138773944EC569BB9479FAE.e.4488"}]}
COMMAND: GET /session/29f4302be0dc04edb0851c5907fd2353/screenshot - {}
RESULT: {"using":"xpath","value":"//*[@id=\"backBtn\"]"}
COMMAND: POST /session/29f4302be0dc04edb0851c5907fd2353/element/f.131A3F10D0424D71AAC18CBC21A849DC.d.1E6DE0762138773944EC569BB9479FAE.e.3237/click - {}
RESULT: {}
RESULT: {}
COMMAND: GET /session/29f4302be0dc04edb0851c5907fd2353/screenshot - {}
RESULT: {}
COMMAND: POST /session/29f4302be0dc04edb0851c5907fd2353/execute/sync - {"script":"<script> [8489 bytes]","args":[{"element-6066-11e4-a52e-4f735466cecf":"f.131A3F10D0424D71AAC18CBC21A849DC.d.1E6DE0762138773944EC569BB9479FAE.e.4406","ELEMENT":"f.131A3F10D0424D71AAC18CBC21A849DC.d.1E6DE0762138773944EC569BB9479FAE.e.4406"}]}
COMMAND: POST /session/29f4302be0dc04edb0851c5907fd2353/element - {"using":"xpath","value":"//*[contains(@data-kt ,\"webshopDetailSiteLink\")]"}
RESULT: {"using":"xpath","value":"//*[contains(@data-kt ,\"webshopDetailSiteLink\")]"}
COMMAND: POST /session/29f4302be0dc04edb0851c5907fd2353/execute/sync - {"script":"<script> [8489 bytes]","args":[{"element-6066-11e4-a52e-4f735466cecf":"f.131A3F10D0424D71AAC18CBC21A849DC.d.1E6DE0762138773944EC569BB9479FAE.e.4645","ELEMENT":"f.131A3F10D0424D71AAC18CBC21A849DC.d.1E6DE0762138773944EC569BB9479FAE.e.4645"}]}
RESULT: {"script":"<script> [8489 bytes]","args":[{"element-6066-11e4-a52e-4f735466cecf":"f.131A3F10D0424D71AAC18CBC21A849DC.d.1E6DE0762138773944EC569BB9479FAE.e.4645","ELEMENT":"f.131A3F10D0424D71AAC18CBC21A849DC.d.1E6DE0762138773944EC569BB9479FAE.e.4645"}]}
COMMAND: POST /session/29f4302be0dc04edb0851c5907fd2353/execute/sync - {"script":"<script> [5351 bytes]","args":[{"element-6066-11e4-a52e-4f735466cecf":"f.131A3F10D0424D71AAC18CBC21A849DC.d.1E6DE0762138773944EC569BB9479FAE.e.4645","ELEMENT":"f.131A3F10D0424D71AAC18CBC21A849DC.d.1E6DE0762138773944EC569BB9479FAE.e.4645"}]}
COMMAND: GET /session/29f4302be0dc04edb0851c5907fd2353/screenshot - {}
RESULT: {"script":"<script> [5351 bytes]","args":[{"element-6066-11e4-a52e-4f735466cecf":"f.131A3F10D0424D71AAC18CBC21A849DC.d.1E6DE0762138773944EC569BB9479FAE.e.4645","ELEMENT":"f.131A3F10D0424D71AAC18CBC21A849DC.d.1E6DE0762138773944EC569BB9479FAE.e.4645"}]}
COMMAND: POST /session/29f4302be0dc04edb0851c5907fd2353/element - {"using":"xpath","value":"//*[contains(@data-kt ,\"webshopDetailSiteLink\")]"}
COMMAND: GET /session/29f4302be0dc04edb0851c5907fd2353/screenshot - {}
RESULT: {}
RESULT: {"using":"xpath","value":"//*[contains(@data-kt ,\"webshopDetailSiteLink\")]"}
COMMAND: POST /session/29f4302be0dc04edb0851c5907fd2353/element/f.131A3F10D0424D71AAC18CBC21A849DC.d.1E6DE0762138773944EC569BB9479FAE.e.4645/click - {}
RESULT: {}
RESULT: {}
COMMAND: GET /session/29f4302be0dc04edb0851c5907fd2353/screenshot - {}
RESULT: {}
COMMAND: POST /session/29f4302be0dc04edb0851c5907fd2353/element/f.131A3F10D0424D71AAC18CBC21A849DC.d.1E6DE0762138773944EC569BB9479FAE.e.4063/click - {}
COMMAND: POST /session/29f4302be0dc04edb0851c5907fd2353/element - {"using":"xpath","value":"//*[contains(@data-kt ,\"ContextMenuId3Link\")][contains(text(), \"Site Main Address\")]"}
RESULT: {"using":"xpath","value":"//*[contains(@data-kt ,\"ContextMenuId3Link\")][contains(text(), \"Site Main Address\")]"}
COMMAND: POST /session/29f4302be0dc04edb0851c5907fd2353/element/f.131A3F10D0424D71AAC18CBC21A849DC.d.1E6DE0762138773944EC569BB9479FAE.e.4063/click - {}
COMMAND: POST /session/29f4302be0dc04edb0851c5907fd2353/element - {"using":"xpath","value":"//*[contains(@data-kt ,\"ContextMenuId3Link\")][contains(text(), \"Site Main Address\")]"}
RESULT: {"using":"xpath","value":"//*[contains(@data-kt ,\"ContextMenuId3Link\")][contains(text(), \"Site Main Address\")]"}
COMMAND: POST /session/29f4302be0dc04edb0851c5907fd2353/element/f.131A3F10D0424D71AAC18CBC21A849DC.d.1E6DE0762138773944EC569BB9479FAE.e.4648/click - {}
RESULT: {}
COMMAND: GET /session/29f4302be0dc04edb0851c5907fd2353/screenshot - {}
RESULT: {}
COMMAND: POST /session/29f4302be0dc04edb0851c5907fd2353/element - {"using":"xpath","value":"//span[contains(@id ,\"application-addressmanagement-display-component---masterAdm--title1-inner\")]"}
RESULT: {"using":"xpath","value":"//span[contains(@id ,\"application-addressmanagement-display-component---masterAdm--title1-inner\")]"}
COMMAND: GET /session/29f4302be0dc04edb0851c5907fd2353/element/f.131A3F10D0424D71AAC18CBC21A849DC.d.1E6DE0762138773944EC569BB9479FAE.e.4905/text - {}
RESULT: {}
COMMAND: POST /session/29f4302be0dc04edb0851c5907fd2353/element - {"using":"xpath","value":"//span[contains(@id ,\"application-addressmanagement-display-component---detailAdm--addressDetailDetailsName1\")][contains(text(), \"WebdriverSitet8dwz\")]"}
RESULT: {"using":"xpath","value":"//span[contains(@id ,\"application-addressmanagement-display-component---detailAdm--addressDetailDetailsName1\")][contains(text(), \"WebdriverSitet8dwz\")]"}
COMMAND: POST /session/29f4302be0dc04edb0851c5907fd2353/execute/sync - {"script":"<script> [8489 bytes]","args":[{"element-6066-11e4-a52e-4f735466cecf":"f.131A3F10D0424D71AAC18CBC21A849DC.d.1E6DE0762138773944EC569BB9479FAE.e.4906","ELEMENT":"f.131A3F10D0424D71AAC18CBC21A849DC.d.1E6DE0762138773944EC569BB9479FAE.e.4906"}]}
RESULT: undefined
COMMAND: POST /session/29f4302be0dc04edb0851c5907fd2353/element - {"using":"xpath","value":"//*[@id=\"backBtn\"]"}
RESULT: {"script":"<script> [8489 bytes]","args":[{"element-6066-11e4-a52e-4f735466cecf":"f.131A3F10D0424D71AAC18CBC21A849DC.d.1E6DE0762138773944EC569BB9479FAE.e.4906","ELEMENT":"f.131A3F10D0424D71AAC18CBC21A849DC.d.1E6DE0762138773944EC569BB9479FAE.e.4906"}]}
COMMAND: GET /session/29f4302be0dc04edb0851c5907fd2353/screenshot - {}
RESULT: {"using":"xpath","value":"//*[@id=\"backBtn\"]"}
COMMAND: POST /session/29f4302be0dc04edb0851c5907fd2353/element/f.131A3F10D0424D71AAC18CBC21A849DC.d.1E6DE0762138773944EC569BB9479FAE.e.3237/click - {}
RESULT: {}
RESULT: {}
COMMAND: GET /session/29f4302be0dc04edb0851c5907fd2353/screenshot - {}
RESULT: {}
COMMAND: POST /session/29f4302be0dc04edb0851c5907fd2353/execute/sync - {"script":"<script> [8489 bytes]","args":[{"element-6066-11e4-a52e-4f735466cecf":"f.131A3F10D0424D71AAC18CBC21A849DC.d.1E6DE0762138773944EC569BB9479FAE.e.4645","ELEMENT":"f.131A3F10D0424D71AAC18CBC21A849DC.d.1E6DE0762138773944EC569BB9479FAE.e.4645"}]}
COMMAND: POST /session/29f4302be0dc04edb0851c5907fd2353/element - {"using":"xpath","value":"//*[contains(@data-kt ,\"webshopDetailSiteLink\")]"}
RESULT: {"using":"xpath","value":"//*[contains(@data-kt ,\"webshopDetailSiteLink\")]"}
COMMAND: POST /session/29f4302be0dc04edb0851c5907fd2353/execute/sync - {"script":"<script> [8489 bytes]","args":[{"element-6066-11e4-a52e-4f735466cecf":"f.131A3F10D0424D71AAC18CBC21A849DC.d.1E6DE0762138773944EC569BB9479FAE.e.5077","ELEMENT":"f.131A3F10D0424D71AAC18CBC21A849DC.d.1E6DE0762138773944EC569BB9479FAE.e.5077"}]}
RESULT: {"script":"<script> [8489 bytes]","args":[{"element-6066-11e4-a52e-4f735466cecf":"f.131A3F10D0424D71AAC18CBC21A849DC.d.1E6DE0762138773944EC569BB9479FAE.e.5077","ELEMENT":"f.131A3F10D0424D71AAC18CBC21A849DC.d.1E6DE0762138773944EC569BB9479FAE.e.5077"}]}
COMMAND: POST /session/29f4302be0dc04edb0851c5907fd2353/execute/sync - {"script":"<script> [5351 bytes]","args":[{"element-6066-11e4-a52e-4f735466cecf":"f.131A3F10D0424D71AAC18CBC21A849DC.d.1E6DE0762138773944EC569BB9479FAE.e.5077","ELEMENT":"f.131A3F10D0424D71AAC18CBC21A849DC.d.1E6DE0762138773944EC569BB9479FAE.e.5077"}]}
COMMAND: GET /session/29f4302be0dc04edb0851c5907fd2353/screenshot - {}
RESULT: {"script":"<script> [5351 bytes]","args":[{"element-6066-11e4-a52e-4f735466cecf":"f.131A3F10D0424D71AAC18CBC21A849DC.d.1E6DE0762138773944EC569BB9479FAE.e.5077","ELEMENT":"f.131A3F10D0424D71AAC18CBC21A849DC.d.1E6DE0762138773944EC569BB9479FAE.e.5077"}]}
COMMAND: POST /session/29f4302be0dc04edb0851c5907fd2353/element - {"using":"xpath","value":"//*[contains(@data-kt ,\"webshopDetailSiteLink\")]"}
COMMAND: GET /session/29f4302be0dc04edb0851c5907fd2353/screenshot - {}
RESULT: {}
RESULT: {"using":"xpath","value":"//*[contains(@data-kt ,\"webshopDetailSiteLink\")]"}
COMMAND: POST /session/29f4302be0dc04edb0851c5907fd2353/element/f.131A3F10D0424D71AAC18CBC21A849DC.d.1E6DE0762138773944EC569BB9479FAE.e.5077/click - {}
RESULT: {}
RESULT: {}
COMMAND: GET /session/29f4302be0dc04edb0851c5907fd2353/screenshot - {}
RESULT: {}
COMMAND: POST /session/29f4302be0dc04edb0851c5907fd2353/element - {"using":"xpath","value":"//button[contains(@data-kt ,\"ContextMenuIdExternalLink\")]"}
RESULT: {"using":"xpath","value":"//button[contains(@data-kt ,\"ContextMenuIdExternalLink\")]"}
COMMAND: POST /session/29f4302be0dc04edb0851c5907fd2353/element/f.131A3F10D0424D71AAC18CBC21A849DC.d.1E6DE0762138773944EC569BB9479FAE.e.5078/click - {}
RESULT: {}
COMMAND: GET /session/29f4302be0dc04edb0851c5907fd2353/screenshot - {}
RESULT: {}
COMMAND: GET /session/29f4302be0dc04edb0851c5907fd2353/window/handles - {}
RESULT: {}
COMMAND: POST /session/29f4302be0dc04edb0851c5907fd2353/window - {"handle":"2CAD47577CC26776D6CDF47ED33F2A32"}
RESULT: {"handle":"2CAD47577CC26776D6CDF47ED33F2A32"}
COMMAND: GET /session/29f4302be0dc04edb0851c5907fd2353/url - {}
RESULT: {}
COMMAND: GET /session/29f4302be0dc04edb0851c5907fd2353/screenshot - {}
COMMAND: DELETE /session/29f4302be0dc04edb0851c5907fd2353/window - {}
RESULT: {}
RESULT: {}
COMMAND: POST /session/29f4302be0dc04edb0851c5907fd2353/window - {"handle":"131A3F10D0424D71AAC18CBC21A849DC"}
RESULT: {"handle":"131A3F10D0424D71AAC18CBC21A849DC"}
COMMAND: GET /session/29f4302be0dc04edb0851c5907fd2353/url - {}
RESULT: {}
COMMAND: GET /session/29f4302be0dc04edb0851c5907fd2353/screenshot - {}
RESULT: {}
COMMAND: POST /session/29f4302be0dc04edb0851c5907fd2353/element - {"using":"xpath","value":"//button[contains(@data-kt ,\"ContextMenuExternalId2Link\")]"}
RESULT: {"using":"xpath","value":"//button[contains(@data-kt ,\"ContextMenuExternalId2Link\")]"}
COMMAND: POST /session/29f4302be0dc04edb0851c5907fd2353/element/f.131A3F10D0424D71AAC18CBC21A849DC.d.1E6DE0762138773944EC569BB9479FAE.e.5333/click - {}
RESULT: {}
COMMAND: GET /session/29f4302be0dc04edb0851c5907fd2353/screenshot - {}
RESULT: {}
COMMAND: GET /session/29f4302be0dc04edb0851c5907fd2353/window/handles - {}
RESULT: {}
COMMAND: POST /session/29f4302be0dc04edb0851c5907fd2353/window - {"handle":"DA58B4C66FA63C9D8999636BF924BEC1"}
RESULT: {"handle":"DA58B4C66FA63C9D8999636BF924BEC1"}
COMMAND: GET /session/29f4302be0dc04edb0851c5907fd2353/url - {}
RESULT: {}
COMMAND: GET /session/29f4302be0dc04edb0851c5907fd2353/screenshot - {}
RESULT: {}
COMMAND: POST /session/29f4302be0dc04edb0851c5907fd2353/execute/sync - {"script":"<script> [8489 bytes]","args":[{"element-6066-11e4-a52e-4f735466cecf":"f.131A3F10D0424D71AAC18CBC21A849DC.d.1E6DE0762138773944EC569BB9479FAE.e.4488","ELEMENT":"f.131A3F10D0424D71AAC18CBC21A849DC.d.1E6DE0762138773944EC569BB9479FAE.e.4488"}]}
COMMAND: DELETE /session/29f4302be0dc04edb0851c5907fd2353/window - {}
RESULT: {}
COMMAND: POST /session/29f4302be0dc04edb0851c5907fd2353/window - {"handle":"131A3F10D0424D71AAC18CBC21A849DC"}
RESULT: {"handle":"131A3F10D0424D71AAC18CBC21A849DC"}
COMMAND: GET /session/29f4302be0dc04edb0851c5907fd2353/url - {}
COMMAND: POST /session/29f4302be0dc04edb0851c5907fd2353/element - {"using":"xpath","value":"(//span[contains(text(), \"WebdriverSitet8dwz\")])[2]"}
RESULT: {}
RESULT: {"using":"xpath","value":"(//span[contains(text(), \"WebdriverSitet8dwz\")])[2]"}
COMMAND: POST /session/29f4302be0dc04edb0851c5907fd2353/element - {"using":"xpath","value":"(//span[contains(text(), \"WebdriverSitet8dwz\")])[2]"}
COMMAND: GET /session/29f4302be0dc04edb0851c5907fd2353/screenshot - {}
RESULT: {"using":"xpath","value":"(//span[contains(text(), \"WebdriverSitet8dwz\")])[2]"}
COMMAND: POST /session/29f4302be0dc04edb0851c5907fd2353/element - {"using":"xpath","value":"(//span[contains(text(), \"WebdriverSitet8dwz\")])[2]"}
RESULT: {}
RESULT: {"using":"xpath","value":"(//span[contains(text(), \"WebdriverSitet8dwz\")])[2]"}
COMMAND: POST /session/29f4302be0dc04edb0851c5907fd2353/element - {"using":"xpath","value":"(//span[contains(text(), \"WebdriverSitet8dwz\")])[2]"}
RESULT: {"using":"xpath","value":"(//span[contains(text(), \"WebdriverSitet8dwz\")])[2]"}
COMMAND: POST /session/29f4302be0dc04edb0851c5907fd2353/element - {"using":"xpath","value":"(//span[contains(text(), \"WebdriverSitet8dwz\")])[2]"}
RESULT: {"using":"xpath","value":"(//span[contains(text(), \"WebdriverSitet8dwz\")])[2]"}
COMMAND: POST /session/29f4302be0dc04edb0851c5907fd2353/element - {"using":"xpath","value":"(//span[contains(text(), \"WebdriverSitet8dwz\")])[2]"}
RESULT: {"using":"xpath","value":"(//span[contains(text(), \"WebdriverSitet8dwz\")])[2]"}
COMMAND: POST /session/29f4302be0dc04edb0851c5907fd2353/element - {"using":"xpath","value":"(//span[contains(text(), \"WebdriverSitet8dwz\")])[2]"}
RESULT: {"using":"xpath","value":"(//span[contains(text(), \"WebdriverSitet8dwz\")])[2]"}
COMMAND: POST /session/29f4302be0dc04edb0851c5907fd2353/element - {"using":"xpath","value":"(//span[contains(text(), \"WebdriverSitet8dwz\")])[2]"}
RESULT: {"using":"xpath","value":"(//span[contains(text(), \"WebdriverSitet8dwz\")])[2]"}
COMMAND: POST /session/29f4302be0dc04edb0851c5907fd2353/element - {"using":"xpath","value":"(//span[contains(text(), \"WebdriverSitet8dwz\")])[2]"}
RESULT: {"using":"xpath","value":"(//span[contains(text(), \"WebdriverSitet8dwz\")])[2]"}
COMMAND: POST /session/29f4302be0dc04edb0851c5907fd2353/execute/sync - {"script":"<script> [8489 bytes]","args":[{"element-6066-11e4-a52e-4f735466cecf":"f.131A3F10D0424D71AAC18CBC21A849DC.d.1E6DE0762138773944EC569BB9479FAE.e.5077","ELEMENT":"f.131A3F10D0424D71AAC18CBC21A849DC.d.1E6DE0762138773944EC569BB9479FAE.e.5077"}]}
COMMAND: POST /session/29f4302be0dc04edb0851c5907fd2353/element - {"using":"xpath","value":"(//span[contains(text(), \"WebdriverSitet8dwz\")])[2]"}
RESULT: {"script":"<script> [8489 bytes]","args":[{"element-6066-11e4-a52e-4f735466cecf":"f.131A3F10D0424D71AAC18CBC21A849DC.d.1E6DE0762138773944EC569BB9479FAE.e.5077","ELEMENT":"f.131A3F10D0424D71AAC18CBC21A849DC.d.1E6DE0762138773944EC569BB9479FAE.e.5077"}]}
COMMAND: POST /session/29f4302be0dc04edb0851c5907fd2353/execute/sync - {"script":"<script> [5351 bytes]","args":[{"element-6066-11e4-a52e-4f735466cecf":"f.131A3F10D0424D71AAC18CBC21A849DC.d.1E6DE0762138773944EC569BB9479FAE.e.5077","ELEMENT":"f.131A3F10D0424D71AAC18CBC21A849DC.d.1E6DE0762138773944EC569BB9479FAE.e.5077"}]}
RESULT: {"using":"xpath","value":"(//span[contains(text(), \"WebdriverSitet8dwz\")])[2]"}
RESULT: {"script":"<script> [5351 bytes]","args":[{"element-6066-11e4-a52e-4f735466cecf":"f.131A3F10D0424D71AAC18CBC21A849DC.d.1E6DE0762138773944EC569BB9479FAE.e.5077","ELEMENT":"f.131A3F10D0424D71AAC18CBC21A849DC.d.1E6DE0762138773944EC569BB9479FAE.e.5077"}]}
COMMAND: POST /session/29f4302be0dc04edb0851c5907fd2353/element - {"using":"xpath","value":"//*[contains(@data-kt ,\"webshopDetailSiteLink\")]"}
RESULT: {"using":"xpath","value":"//*[contains(@data-kt ,\"webshopDetailSiteLink\")]"}
COMMAND: POST /session/29f4302be0dc04edb0851c5907fd2353/element/f.131A3F10D0424D71AAC18CBC21A849DC.d.1E6DE0762138773944EC569BB9479FAE.e.5077/click - {}
COMMAND: GET /session/29f4302be0dc04edb0851c5907fd2353/screenshot - {}
COMMAND: GET /session/29f4302be0dc04edb0851c5907fd2353/screenshot - {}
COMMAND: POST /session/29f4302be0dc04edb0851c5907fd2353/element - {"using":"xpath","value":"(//span[contains(text(), \"WebdriverSitet8dwz\")])[2]"}
RESULT: {}
RESULT: {}
COMMAND: GET /session/29f4302be0dc04edb0851c5907fd2353/screenshot - {}
RESULT: {}
RESULT: {"using":"xpath","value":"(//span[contains(text(), \"WebdriverSitet8dwz\")])[2]"}
COMMAND: POST /session/29f4302be0dc04edb0851c5907fd2353/execute/sync - {"script":"<script> [8489 bytes]","args":[{"element-6066-11e4-a52e-4f735466cecf":"f.131A3F10D0424D71AAC18CBC21A849DC.d.1E6DE0762138773944EC569BB9479FAE.e.5360","ELEMENT":"f.131A3F10D0424D71AAC18CBC21A849DC.d.1E6DE0762138773944EC569BB9479FAE.e.5360"}]}
RESULT: {}
RESULT: {"script":"<script> [8489 bytes]","args":[{"element-6066-11e4-a52e-4f735466cecf":"f.131A3F10D0424D71AAC18CBC21A849DC.d.1E6DE0762138773944EC569BB9479FAE.e.5360","ELEMENT":"f.131A3F10D0424D71AAC18CBC21A849DC.d.1E6DE0762138773944EC569BB9479FAE.e.5360"}]}
COMMAND: GET /session/29f4302be0dc04edb0851c5907fd2353/screenshot - {}
RESULT: {}
COMMAND: POST /session/29f4302be0dc04edb0851c5907fd2353/element - {"using":"xpath","value":"(//button[contains(@data-kt ,\"ContextMenuExternalId3Link\")])[2]"}
RESULT: {"using":"xpath","value":"(//button[contains(@data-kt ,\"ContextMenuExternalId3Link\")])[2]"}
COMMAND: POST /session/29f4302be0dc04edb0851c5907fd2353/element/f.131A3F10D0424D71AAC18CBC21A849DC.d.1E6DE0762138773944EC569BB9479FAE.e.5361/click - {}
RESULT: {}
COMMAND: GET /session/29f4302be0dc04edb0851c5907fd2353/screenshot - {}
RESULT: {}
COMMAND: GET /session/29f4302be0dc04edb0851c5907fd2353/window/handles - {}
RESULT: {}
COMMAND: POST /session/29f4302be0dc04edb0851c5907fd2353/window - {"handle":"D9FF91DC4FFB8F7F33733609E05331E9"}
RESULT: {"handle":"D9FF91DC4FFB8F7F33733609E05331E9"}
COMMAND: GET /session/29f4302be0dc04edb0851c5907fd2353/url - {}
RESULT: {}
COMMAND: GET /session/29f4302be0dc04edb0851c5907fd2353/screenshot - {}
RESULT: {}
COMMAND: POST /session/29f4302be0dc04edb0851c5907fd2353/execute/sync - {"script":"<script> [8489 bytes]","args":[{"element-6066-11e4-a52e-4f735466cecf":"f.131A3F10D0424D71AAC18CBC21A849DC.d.1E6DE0762138773944EC569BB9479FAE.e.4906","ELEMENT":"f.131A3F10D0424D71AAC18CBC21A849DC.d.1E6DE0762138773944EC569BB9479FAE.e.4906"}]}
RESULT: {"script":"<script> [8489 bytes]","args":[{"element-6066-11e4-a52e-4f735466cecf":"f.131A3F10D0424D71AAC18CBC21A849DC.d.1E6DE0762138773944EC569BB9479FAE.e.4906","ELEMENT":"f.131A3F10D0424D71AAC18CBC21A849DC.d.1E6DE0762138773944EC569BB9479FAE.e.4906"}]}
COMMAND: GET /session/29f4302be0dc04edb0851c5907fd2353/screenshot - {}
RESULT: {}
COMMAND: POST /session/29f4302be0dc04edb0851c5907fd2353/execute/sync - {"script":"<script> [8489 bytes]","args":[{"element-6066-11e4-a52e-4f735466cecf":"f.131A3F10D0424D71AAC18CBC21A849DC.d.1E6DE0762138773944EC569BB9479FAE.e.4906","ELEMENT":"f.131A3F10D0424D71AAC18CBC21A849DC.d.1E6DE0762138773944EC569BB9479FAE.e.4906"}]}
RESULT: {"script":"<script> [8489 bytes]","args":[{"element-6066-11e4-a52e-4f735466cecf":"f.131A3F10D0424D71AAC18CBC21A849DC.d.1E6DE0762138773944EC569BB9479FAE.e.4906","ELEMENT":"f.131A3F10D0424D71AAC18CBC21A849DC.d.1E6DE0762138773944EC569BB9479FAE.e.4906"}]}
COMMAND: GET /session/29f4302be0dc04edb0851c5907fd2353/screenshot - {}
RESULT: {}
COMMAND: POST /session/29f4302be0dc04edb0851c5907fd2353/execute/sync - {"script":"<script> [8489 bytes]","args":[{"element-6066-11e4-a52e-4f735466cecf":"f.131A3F10D0424D71AAC18CBC21A849DC.d.1E6DE0762138773944EC569BB9479FAE.e.4906","ELEMENT":"f.131A3F10D0424D71AAC18CBC21A849DC.d.1E6DE0762138773944EC569BB9479FAE.e.4906"}]}
RESULT: {"script":"<script> [8489 bytes]","args":[{"element-6066-11e4-a52e-4f735466cecf":"f.131A3F10D0424D71AAC18CBC21A849DC.d.1E6DE0762138773944EC569BB9479FAE.e.4906","ELEMENT":"f.131A3F10D0424D71AAC18CBC21A849DC.d.1E6DE0762138773944EC569BB9479FAE.e.4906"}]}
COMMAND: GET /session/29f4302be0dc04edb0851c5907fd2353/screenshot - {}
RESULT: {}
COMMAND: POST /session/29f4302be0dc04edb0851c5907fd2353/execute/sync - {"script":"<script> [8489 bytes]","args":[{"element-6066-11e4-a52e-4f735466cecf":"f.131A3F10D0424D71AAC18CBC21A849DC.d.1E6DE0762138773944EC569BB9479FAE.e.4906","ELEMENT":"f.131A3F10D0424D71AAC18CBC21A849DC.d.1E6DE0762138773944EC569BB9479FAE.e.4906"}]}
RESULT: {"script":"<script> [8489 bytes]","args":[{"element-6066-11e4-a52e-4f735466cecf":"f.131A3F10D0424D71AAC18CBC21A849DC.d.1E6DE0762138773944EC569BB9479FAE.e.4906","ELEMENT":"f.131A3F10D0424D71AAC18CBC21A849DC.d.1E6DE0762138773944EC569BB9479FAE.e.4906"}]}
COMMAND: GET /session/29f4302be0dc04edb0851c5907fd2353/screenshot - {}
RESULT: {}
COMMAND: POST /session/29f4302be0dc04edb0851c5907fd2353/execute/sync - {"script":"<script> [8489 bytes]","args":[{"element-6066-11e4-a52e-4f735466cecf":"f.131A3F10D0424D71AAC18CBC21A849DC.d.1E6DE0762138773944EC569BB9479FAE.e.4906","ELEMENT":"f.131A3F10D0424D71AAC18CBC21A849DC.d.1E6DE0762138773944EC569BB9479FAE.e.4906"}]}
RESULT: {"script":"<script> [8489 bytes]","args":[{"element-6066-11e4-a52e-4f735466cecf":"f.131A3F10D0424D71AAC18CBC21A849DC.d.1E6DE0762138773944EC569BB9479FAE.e.4906","ELEMENT":"f.131A3F10D0424D71AAC18CBC21A849DC.d.1E6DE0762138773944EC569BB9479FAE.e.4906"}]}
COMMAND: GET /session/29f4302be0dc04edb0851c5907fd2353/screenshot - {}
RESULT: {}
COMMAND: POST /session/29f4302be0dc04edb0851c5907fd2353/execute/sync - {"script":"<script> [8489 bytes]","args":[{"element-6066-11e4-a52e-4f735466cecf":"f.131A3F10D0424D71AAC18CBC21A849DC.d.1E6DE0762138773944EC569BB9479FAE.e.4906","ELEMENT":"f.131A3F10D0424D71AAC18CBC21A849DC.d.1E6DE0762138773944EC569BB9479FAE.e.4906"}]}
RESULT: {"script":"<script> [8489 bytes]","args":[{"element-6066-11e4-a52e-4f735466cecf":"f.131A3F10D0424D71AAC18CBC21A849DC.d.1E6DE0762138773944EC569BB9479FAE.e.4906","ELEMENT":"f.131A3F10D0424D71AAC18CBC21A849DC.d.1E6DE0762138773944EC569BB9479FAE.e.4906"}]}
COMMAND: GET /session/29f4302be0dc04edb0851c5907fd2353/screenshot - {}
RESULT: {}
COMMAND: POST /session/29f4302be0dc04edb0851c5907fd2353/execute/sync - {"script":"<script> [8489 bytes]","args":[{"element-6066-11e4-a52e-4f735466cecf":"f.131A3F10D0424D71AAC18CBC21A849DC.d.1E6DE0762138773944EC569BB9479FAE.e.4906","ELEMENT":"f.131A3F10D0424D71AAC18CBC21A849DC.d.1E6DE0762138773944EC569BB9479FAE.e.4906"}]}
RESULT: {"script":"<script> [8489 bytes]","args":[{"element-6066-11e4-a52e-4f735466cecf":"f.131A3F10D0424D71AAC18CBC21A849DC.d.1E6DE0762138773944EC569BB9479FAE.e.4906","ELEMENT":"f.131A3F10D0424D71AAC18CBC21A849DC.d.1E6DE0762138773944EC569BB9479FAE.e.4906"}]}
COMMAND: GET /session/29f4302be0dc04edb0851c5907fd2353/screenshot - {}
RESULT: {}
COMMAND: POST /session/29f4302be0dc04edb0851c5907fd2353/execute/sync - {"script":"<script> [8489 bytes]","args":[{"element-6066-11e4-a52e-4f735466cecf":"f.131A3F10D0424D71AAC18CBC21A849DC.d.1E6DE0762138773944EC569BB9479FAE.e.4906","ELEMENT":"f.131A3F10D0424D71AAC18CBC21A849DC.d.1E6DE0762138773944EC569BB9479FAE.e.4906"}]}
RESULT: {"script":"<script> [8489 bytes]","args":[{"element-6066-11e4-a52e-4f735466cecf":"f.131A3F10D0424D71AAC18CBC21A849DC.d.1E6DE0762138773944EC569BB9479FAE.e.4906","ELEMENT":"f.131A3F10D0424D71AAC18CBC21A849DC.d.1E6DE0762138773944EC569BB9479FAE.e.4906"}]}
COMMAND: GET /session/29f4302be0dc04edb0851c5907fd2353/screenshot - {}
RESULT: {}
COMMAND: POST /session/29f4302be0dc04edb0851c5907fd2353/execute/sync - {"script":"<script> [8489 bytes]","args":[{"element-6066-11e4-a52e-4f735466cecf":"f.131A3F10D0424D71AAC18CBC21A849DC.d.1E6DE0762138773944EC569BB9479FAE.e.4906","ELEMENT":"f.131A3F10D0424D71AAC18CBC21A849DC.d.1E6DE0762138773944EC569BB9479FAE.e.4906"}]}
RESULT: {"script":"<script> [8489 bytes]","args":[{"element-6066-11e4-a52e-4f735466cecf":"f.131A3F10D0424D71AAC18CBC21A849DC.d.1E6DE0762138773944EC569BB9479FAE.e.4906","ELEMENT":"f.131A3F10D0424D71AAC18CBC21A849DC.d.1E6DE0762138773944EC569BB9479FAE.e.4906"}]}
COMMAND: GET /session/29f4302be0dc04edb0851c5907fd2353/screenshot - {}
RESULT: {}
COMMAND: POST /session/29f4302be0dc04edb0851c5907fd2353/execute/sync - {"script":"<script> [8489 bytes]","args":[{"element-6066-11e4-a52e-4f735466cecf":"f.131A3F10D0424D71AAC18CBC21A849DC.d.1E6DE0762138773944EC569BB9479FAE.e.4906","ELEMENT":"f.131A3F10D0424D71AAC18CBC21A849DC.d.1E6DE0762138773944EC569BB9479FAE.e.4906"}]}
COMMAND: DELETE /session/29f4302be0dc04edb0851c5907fd2353/window - {}
RESULT: {"script":"<script> [8489 bytes]","args":[{"element-6066-11e4-a52e-4f735466cecf":"f.131A3F10D0424D71AAC18CBC21A849DC.d.1E6DE0762138773944EC569BB9479FAE.e.4906","ELEMENT":"f.131A3F10D0424D71AAC18CBC21A849DC.d.1E6DE0762138773944EC569BB9479FAE.e.4906"}]}
COMMAND: GET /session/29f4302be0dc04edb0851c5907fd2353/screenshot - {}
RESULT: {}
COMMAND: POST /session/29f4302be0dc04edb0851c5907fd2353/window - {"handle":"131A3F10D0424D71AAC18CBC21A849DC"}
RESULT: {"handle":"131A3F10D0424D71AAC18CBC21A849DC"}
COMMAND: GET /session/29f4302be0dc04edb0851c5907fd2353/url - {}
COMMAND: POST /session/29f4302be0dc04edb0851c5907fd2353/execute/sync - {"script":"<script> [8489 bytes]","args":[{"element-6066-11e4-a52e-4f735466cecf":"f.131A3F10D0424D71AAC18CBC21A849DC.d.1E6DE0762138773944EC569BB9479FAE.e.4906","ELEMENT":"f.131A3F10D0424D71AAC18CBC21A849DC.d.1E6DE0762138773944EC569BB9479FAE.e.4906"}]}
RESULT: {}
RESULT: {}
COMMAND: GET /session/29f4302be0dc04edb0851c5907fd2353/screenshot - {}
COMMAND: POST /session/29f4302be0dc04edb0851c5907fd2353/element - {"using":"xpath","value":"//span[contains(@id ,\"application-addressmanagement-display-component---detailAdm--addressDetailDetailsName1\")][contains(text(), \"WebdriverSitet8dwz\")]"}
RESULT: {}
RESULT: {"using":"xpath","value":"//span[contains(@id ,\"application-addressmanagement-display-component---detailAdm--addressDetailDetailsName1\")][contains(text(), \"WebdriverSitet8dwz\")]"}
COMMAND: POST /session/29f4302be0dc04edb0851c5907fd2353/element - {"using":"xpath","value":"//span[contains(@id ,\"application-addressmanagement-display-component---detailAdm--addressDetailDetailsName1\")][contains(text(), \"WebdriverSitet8dwz\")]"}
RESULT: {"using":"xpath","value":"//span[contains(@id ,\"application-addressmanagement-display-component---detailAdm--addressDetailDetailsName1\")][contains(text(), \"WebdriverSitet8dwz\")]"}
COMMAND: POST /session/29f4302be0dc04edb0851c5907fd2353/element - {"using":"xpath","value":"//span[contains(@id ,\"application-addressmanagement-display-component---detailAdm--addressDetailDetailsName1\")][contains(text(), \"WebdriverSitet8dwz\")]"}
RESULT: {"using":"xpath","value":"//span[contains(@id ,\"application-addressmanagement-display-component---detailAdm--addressDetailDetailsName1\")][contains(text(), \"WebdriverSitet8dwz\")]"}
COMMAND: POST /session/29f4302be0dc04edb0851c5907fd2353/element - {"using":"xpath","value":"//span[contains(@id ,\"application-addressmanagement-display-component---detailAdm--addressDetailDetailsName1\")][contains(text(), \"WebdriverSitet8dwz\")]"}
RESULT: {"using":"xpath","value":"//span[contains(@id ,\"application-addressmanagement-display-component---detailAdm--addressDetailDetailsName1\")][contains(text(), \"WebdriverSitet8dwz\")]"}
COMMAND: POST /session/29f4302be0dc04edb0851c5907fd2353/element - {"using":"xpath","value":"//span[contains(@id ,\"application-addressmanagement-display-component---detailAdm--addressDetailDetailsName1\")][contains(text(), \"WebdriverSitet8dwz\")]"}
RESULT: {"using":"xpath","value":"//span[contains(@id ,\"application-addressmanagement-display-component---detailAdm--addressDetailDetailsName1\")][contains(text(), \"WebdriverSitet8dwz\")]"}
COMMAND: POST /session/29f4302be0dc04edb0851c5907fd2353/element - {"using":"xpath","value":"//span[contains(@id ,\"application-addressmanagement-display-component---detailAdm--addressDetailDetailsName1\")][contains(text(), \"WebdriverSitet8dwz\")]"}
RESULT: {"using":"xpath","value":"//span[contains(@id ,\"application-addressmanagement-display-component---detailAdm--addressDetailDetailsName1\")][contains(text(), \"WebdriverSitet8dwz\")]"}
COMMAND: POST /session/29f4302be0dc04edb0851c5907fd2353/element - {"using":"xpath","value":"//span[contains(@id ,\"application-addressmanagement-display-component---detailAdm--addressDetailDetailsName1\")][contains(text(), \"WebdriverSitet8dwz\")]"}
RESULT: {"using":"xpath","value":"//span[contains(@id ,\"application-addressmanagement-display-component---detailAdm--addressDetailDetailsName1\")][contains(text(), \"WebdriverSitet8dwz\")]"}
COMMAND: POST /session/29f4302be0dc04edb0851c5907fd2353/element - {"using":"xpath","value":"//span[contains(@id ,\"application-addressmanagement-display-component---detailAdm--addressDetailDetailsName1\")][contains(text(), \"WebdriverSitet8dwz\")]"}
RESULT: {"using":"xpath","value":"//span[contains(@id ,\"application-addressmanagement-display-component---detailAdm--addressDetailDetailsName1\")][contains(text(), \"WebdriverSitet8dwz\")]"}
COMMAND: POST /session/29f4302be0dc04edb0851c5907fd2353/element - {"using":"xpath","value":"//span[contains(@id ,\"application-addressmanagement-display-component---detailAdm--addressDetailDetailsName1\")][contains(text(), \"WebdriverSitet8dwz\")]"}
RESULT: {"using":"xpath","value":"//span[contains(@id ,\"application-addressmanagement-display-component---detailAdm--addressDetailDetailsName1\")][contains(text(), \"WebdriverSitet8dwz\")]"}
COMMAND: POST /session/29f4302be0dc04edb0851c5907fd2353/element - {"using":"xpath","value":"//span[contains(@id ,\"application-addressmanagement-display-component---detailAdm--addressDetailDetailsName1\")][contains(text(), \"WebdriverSitet8dwz\")]"}
RESULT: {"using":"xpath","value":"//span[contains(@id ,\"application-addressmanagement-display-component---detailAdm--addressDetailDetailsName1\")][contains(text(), \"WebdriverSitet8dwz\")]"}
]]></system-out>
    </testcase>
  </testsuite>
  <testsuite timestamp="2025-06-01T16:23:55" time="244.989" tests="2" failures="0" errors="0" skipped="0">
    <properties>
      <property name="specId" value="0"/>
      <property name="suiteName" value="Webshop - Hyperlinks visible and working properly  US139085"/>
      <property name="capabilities" value="chrome.136_0_7103_93.windows"/>
      <property name="file" value="file:///D:/a/1/s/test/specs/R2C/webshop-hyperlinks-partner-address-contract-item.spec.js"/>
    </properties>
    <testcase classname="chrome.136_0_7103_93.windows.Webshop_-_Hyperlinks_visible_and_working_properly__US139085" name="Should verify the customer and address hyperlinks" time="147.796">
      <system-out><![CDATA[
COMMAND: POST /session/29f4302be0dc04edb0851c5907fd2353/element - {"using":"xpath","value":"//*[contains(@data-kt ,\"webshopDetailAddressLink\")]"}
RESULT: {"using":"xpath","value":"//*[contains(@data-kt ,\"webshopDetailAddressLink\")]"}
COMMAND: POST /session/29f4302be0dc04edb0851c5907fd2353/execute/sync - {"script":"<script> [8489 bytes]","args":[{"element-6066-11e4-a52e-4f735466cecf":"f.131A3F10D0424D71AAC18CBC21A849DC.d.1E6DE0762138773944EC569BB9479FAE.e.5569","ELEMENT":"f.131A3F10D0424D71AAC18CBC21A849DC.d.1E6DE0762138773944EC569BB9479FAE.e.5569"}]}
RESULT: {"script":"<script> [8489 bytes]","args":[{"element-6066-11e4-a52e-4f735466cecf":"f.131A3F10D0424D71AAC18CBC21A849DC.d.1E6DE0762138773944EC569BB9479FAE.e.5569","ELEMENT":"f.131A3F10D0424D71AAC18CBC21A849DC.d.1E6DE0762138773944EC569BB9479FAE.e.5569"}]}
COMMAND: POST /session/29f4302be0dc04edb0851c5907fd2353/execute/sync - {"script":"<script> [5351 bytes]","args":[{"element-6066-11e4-a52e-4f735466cecf":"f.131A3F10D0424D71AAC18CBC21A849DC.d.1E6DE0762138773944EC569BB9479FAE.e.5569","ELEMENT":"f.131A3F10D0424D71AAC18CBC21A849DC.d.1E6DE0762138773944EC569BB9479FAE.e.5569"}]}
RESULT: {"script":"<script> [5351 bytes]","args":[{"element-6066-11e4-a52e-4f735466cecf":"f.131A3F10D0424D71AAC18CBC21A849DC.d.1E6DE0762138773944EC569BB9479FAE.e.5569","ELEMENT":"f.131A3F10D0424D71AAC18CBC21A849DC.d.1E6DE0762138773944EC569BB9479FAE.e.5569"}]}
COMMAND: GET /session/29f4302be0dc04edb0851c5907fd2353/screenshot - {}
COMMAND: GET /session/29f4302be0dc04edb0851c5907fd2353/screenshot - {}
COMMAND: POST /session/29f4302be0dc04edb0851c5907fd2353/element - {"using":"xpath","value":"//span[contains(@id ,\"application-addressmanagement-display-component---detailAdm--addressDetailDetailsName1\")][contains(text(), \"WebdriverSitet8dwz\")]"}
RESULT: {}
RESULT: {}
RESULT: {"using":"xpath","value":"//span[contains(@id ,\"application-addressmanagement-display-component---detailAdm--addressDetailDetailsName1\")][contains(text(), \"WebdriverSitet8dwz\")]"}
COMMAND: POST /session/29f4302be0dc04edb0851c5907fd2353/element - {"using":"xpath","value":"//span[contains(@id ,\"application-addressmanagement-display-component---detailAdm--addressDetailDetailsName1\")][contains(text(), \"WebdriverSitet8dwz\")]"}
RESULT: {"using":"xpath","value":"//span[contains(@id ,\"application-addressmanagement-display-component---detailAdm--addressDetailDetailsName1\")][contains(text(), \"WebdriverSitet8dwz\")]"}
COMMAND: POST /session/29f4302be0dc04edb0851c5907fd2353/element - {"using":"xpath","value":"//span[contains(@id ,\"application-addressmanagement-display-component---detailAdm--addressDetailDetailsName1\")][contains(text(), \"WebdriverSitet8dwz\")]"}
RESULT: {"using":"xpath","value":"//span[contains(@id ,\"application-addressmanagement-display-component---detailAdm--addressDetailDetailsName1\")][contains(text(), \"WebdriverSitet8dwz\")]"}
COMMAND: POST /session/29f4302be0dc04edb0851c5907fd2353/element - {"using":"xpath","value":"//span[contains(@id ,\"application-addressmanagement-display-component---detailAdm--addressDetailDetailsName1\")][contains(text(), \"WebdriverSitet8dwz\")]"}
RESULT: {"using":"xpath","value":"//span[contains(@id ,\"application-addressmanagement-display-component---detailAdm--addressDetailDetailsName1\")][contains(text(), \"WebdriverSitet8dwz\")]"}
COMMAND: POST /session/29f4302be0dc04edb0851c5907fd2353/element - {"using":"xpath","value":"//span[contains(@id ,\"application-addressmanagement-display-component---detailAdm--addressDetailDetailsName1\")][contains(text(), \"WebdriverSitet8dwz\")]"}
RESULT: {"using":"xpath","value":"//span[contains(@id ,\"application-addressmanagement-display-component---detailAdm--addressDetailDetailsName1\")][contains(text(), \"WebdriverSitet8dwz\")]"}
COMMAND: POST /session/29f4302be0dc04edb0851c5907fd2353/element - {"using":"xpath","value":"//span[contains(@id ,\"application-addressmanagement-display-component---detailAdm--addressDetailDetailsName1\")][contains(text(), \"WebdriverSitet8dwz\")]"}
RESULT: {"using":"xpath","value":"//span[contains(@id ,\"application-addressmanagement-display-component---detailAdm--addressDetailDetailsName1\")][contains(text(), \"WebdriverSitet8dwz\")]"}
COMMAND: POST /session/29f4302be0dc04edb0851c5907fd2353/element - {"using":"xpath","value":"//span[contains(@id ,\"application-addressmanagement-display-component---detailAdm--addressDetailDetailsName1\")][contains(text(), \"WebdriverSitet8dwz\")]"}
RESULT: {"using":"xpath","value":"//span[contains(@id ,\"application-addressmanagement-display-component---detailAdm--addressDetailDetailsName1\")][contains(text(), \"WebdriverSitet8dwz\")]"}
COMMAND: POST /session/29f4302be0dc04edb0851c5907fd2353/element - {"using":"xpath","value":"//span[contains(@id ,\"application-addressmanagement-display-component---detailAdm--addressDetailDetailsName1\")][contains(text(), \"WebdriverSitet8dwz\")]"}
RESULT: {"using":"xpath","value":"//span[contains(@id ,\"application-addressmanagement-display-component---detailAdm--addressDetailDetailsName1\")][contains(text(), \"WebdriverSitet8dwz\")]"}
COMMAND: POST /session/29f4302be0dc04edb0851c5907fd2353/element - {"using":"xpath","value":"//span[contains(@id ,\"application-addressmanagement-display-component---detailAdm--addressDetailDetailsName1\")][contains(text(), \"WebdriverSitet8dwz\")]"}
RESULT: {"using":"xpath","value":"//span[contains(@id ,\"application-addressmanagement-display-component---detailAdm--addressDetailDetailsName1\")][contains(text(), \"WebdriverSitet8dwz\")]"}
COMMAND: POST /session/29f4302be0dc04edb0851c5907fd2353/element - {"using":"xpath","value":"//*[contains(@data-kt ,\"webshopDetailAddressLink\")]"}
RESULT: {"using":"xpath","value":"//*[contains(@data-kt ,\"webshopDetailAddressLink\")]"}
COMMAND: POST /session/29f4302be0dc04edb0851c5907fd2353/element/f.131A3F10D0424D71AAC18CBC21A849DC.d.1E6DE0762138773944EC569BB9479FAE.e.5569/click - {}
COMMAND: POST /session/29f4302be0dc04edb0851c5907fd2353/element - {"using":"xpath","value":"//span[contains(@id ,\"application-addressmanagement-display-component---detailAdm--addressDetailDetailsName1\")][contains(text(), \"WebdriverSitet8dwz\")]"}
RESULT: {}
COMMAND: GET /session/29f4302be0dc04edb0851c5907fd2353/screenshot - {}
RESULT: {"using":"xpath","value":"//span[contains(@id ,\"application-addressmanagement-display-component---detailAdm--addressDetailDetailsName1\")][contains(text(), \"WebdriverSitet8dwz\")]"}
RESULT: {}
COMMAND: POST /session/29f4302be0dc04edb0851c5907fd2353/element - {"using":"xpath","value":"//span[contains(@id ,\"application-addressmanagement-display-component---detailAdm--addressDetailDetailsName1\")][contains(text(), \"WebdriverSitet8dwz\")]"}
RESULT: {"using":"xpath","value":"//span[contains(@id ,\"application-addressmanagement-display-component---detailAdm--addressDetailDetailsName1\")][contains(text(), \"WebdriverSitet8dwz\")]"}
COMMAND: POST /session/29f4302be0dc04edb0851c5907fd2353/element - {"using":"xpath","value":"//span[contains(@id ,\"application-addressmanagement-display-component---detailAdm--addressDetailDetailsName1\")][contains(text(), \"WebdriverSitet8dwz\")]"}
RESULT: {"using":"xpath","value":"//span[contains(@id ,\"application-addressmanagement-display-component---detailAdm--addressDetailDetailsName1\")][contains(text(), \"WebdriverSitet8dwz\")]"}
COMMAND: POST /session/29f4302be0dc04edb0851c5907fd2353/element - {"using":"xpath","value":"//*[contains(@data-kt ,\"ContextMenuId2Link\")][contains(text(), \"Address Overview\")]"}
RESULT: {"using":"xpath","value":"//*[contains(@data-kt ,\"ContextMenuId2Link\")][contains(text(), \"Address Overview\")]"}
COMMAND: POST /session/29f4302be0dc04edb0851c5907fd2353/execute/sync - {"script":"<script> [8489 bytes]","args":[{"element-6066-11e4-a52e-4f735466cecf":"f.131A3F10D0424D71AAC18CBC21A849DC.d.1E6DE0762138773944EC569BB9479FAE.e.5571","ELEMENT":"f.131A3F10D0424D71AAC18CBC21A849DC.d.1E6DE0762138773944EC569BB9479FAE.e.5571"}]}
COMMAND: POST /session/29f4302be0dc04edb0851c5907fd2353/element - {"using":"xpath","value":"//*[contains(@data-kt ,\"ContextMenuId2Link\")][contains(text(), \"Address Overview\")]"}
RESULT: {"script":"<script> [8489 bytes]","args":[{"element-6066-11e4-a52e-4f735466cecf":"f.131A3F10D0424D71AAC18CBC21A849DC.d.1E6DE0762138773944EC569BB9479FAE.e.5571","ELEMENT":"f.131A3F10D0424D71AAC18CBC21A849DC.d.1E6DE0762138773944EC569BB9479FAE.e.5571"}]}
COMMAND: GET /session/29f4302be0dc04edb0851c5907fd2353/screenshot - {}
COMMAND: POST /session/29f4302be0dc04edb0851c5907fd2353/element - {"using":"xpath","value":"//span[contains(@id ,\"application-addressmanagement-display-component---detailAdm--addressDetailDetailsName1\")][contains(text(), \"WebdriverSitet8dwz\")]"}
RESULT: {"using":"xpath","value":"//*[contains(@data-kt ,\"ContextMenuId2Link\")][contains(text(), \"Address Overview\")]"}
COMMAND: POST /session/29f4302be0dc04edb0851c5907fd2353/element/f.131A3F10D0424D71AAC18CBC21A849DC.d.1E6DE0762138773944EC569BB9479FAE.e.5571/click - {}
RESULT: {}
RESULT: {"using":"xpath","value":"//span[contains(@id ,\"application-addressmanagement-display-component---detailAdm--addressDetailDetailsName1\")][contains(text(), \"WebdriverSitet8dwz\")]"}
RESULT: {}
COMMAND: GET /session/29f4302be0dc04edb0851c5907fd2353/screenshot - {}
COMMAND: POST /session/29f4302be0dc04edb0851c5907fd2353/element - {"using":"xpath","value":"//span[contains(@id ,\"application-addressmanagement-display-component---detailAdm--addressDetailDetailsName1\")][contains(text(), \"WebdriverSitet8dwz\")]"}
RESULT: {}
RESULT: {"using":"xpath","value":"//span[contains(@id ,\"application-addressmanagement-display-component---detailAdm--addressDetailDetailsName1\")][contains(text(), \"WebdriverSitet8dwz\")]"}
COMMAND: POST /session/29f4302be0dc04edb0851c5907fd2353/element - {"using":"xpath","value":"//span[contains(@id ,\"application-addressmanagement-display-component---detailAdm--addressDetailDetailsName1\")][contains(text(), \"WebdriverSitet8dwz\")]"}
RESULT: {"using":"xpath","value":"//span[contains(@id ,\"application-addressmanagement-display-component---detailAdm--addressDetailDetailsName1\")][contains(text(), \"WebdriverSitet8dwz\")]"}
COMMAND: POST /session/29f4302be0dc04edb0851c5907fd2353/element - {"using":"xpath","value":"//span[contains(@id ,\"application-addressmanagement-display-component---detailAdm--addressDetailDetailsName1\")][contains(text(), \"WebdriverSitet8dwz\")]"}
RESULT: {"using":"xpath","value":"//span[contains(@id ,\"application-addressmanagement-display-component---detailAdm--addressDetailDetailsName1\")][contains(text(), \"WebdriverSitet8dwz\")]"}
COMMAND: POST /session/29f4302be0dc04edb0851c5907fd2353/execute/sync - {"script":"<script> [8489 bytes]","args":[{"element-6066-11e4-a52e-4f735466cecf":"f.131A3F10D0424D71AAC18CBC21A849DC.d.1E6DE0762138773944EC569BB9479FAE.e.5846","ELEMENT":"f.131A3F10D0424D71AAC18CBC21A849DC.d.1E6DE0762138773944EC569BB9479FAE.e.5846"}]}
RESULT: {"script":"<script> [8489 bytes]","args":[{"element-6066-11e4-a52e-4f735466cecf":"f.131A3F10D0424D71AAC18CBC21A849DC.d.1E6DE0762138773944EC569BB9479FAE.e.5846","ELEMENT":"f.131A3F10D0424D71AAC18CBC21A849DC.d.1E6DE0762138773944EC569BB9479FAE.e.5846"}]}
COMMAND: GET /session/29f4302be0dc04edb0851c5907fd2353/screenshot - {}
RESULT: {}
RESULT: undefined
COMMAND: POST /session/29f4302be0dc04edb0851c5907fd2353/execute/async - {"script":"<script> [6424 bytes]","args":[{"element-6066-11e4-a52e-4f735466cecf":"f.131A3F10D0424D71AAC18CBC21A849DC.d.1E6DE0762138773944EC569BB9479FAE.e.3235"},"getTitle",[]]}
COMMAND: POST /session/29f4302be0dc04edb0851c5907fd2353/execute/async - {"script":"<script> [1562 bytes]","args":[{"selector":{"id":"shellAppTitle"},"wdio_ui5_key":"shellAppTitle"}]}
RESULT: {"script":"<script> [1562 bytes]","args":[{"selector":{"id":"shellAppTitle"},"wdio_ui5_key":"shellAppTitle"}]}
COMMAND: POST /session/29f4302be0dc04edb0851c5907fd2353/execute/async - {"script":"<script> [6424 bytes]","args":[{"element-6066-11e4-a52e-4f735466cecf":"f.131A3F10D0424D71AAC18CBC21A849DC.d.1E6DE0762138773944EC569BB9479FAE.e.5847"},"getTitle",[]]}
RESULT: {"script":"<script> [6424 bytes]","args":[{"element-6066-11e4-a52e-4f735466cecf":"f.131A3F10D0424D71AAC18CBC21A849DC.d.1E6DE0762138773944EC569BB9479FAE.e.5847"},"getTitle",[]]}
COMMAND: POST /session/29f4302be0dc04edb0851c5907fd2353/element - {"using":"xpath","value":"//span[contains(@id ,\"application-addressmanagement-display-component---detailAdm--addressDetailDetailsName1\")][contains(text(), \"WebdriverSitet8dwz\")]"}
RESULT: {"using":"xpath","value":"//span[contains(@id ,\"application-addressmanagement-display-component---detailAdm--addressDetailDetailsName1\")][contains(text(), \"WebdriverSitet8dwz\")]"}
COMMAND: POST /session/29f4302be0dc04edb0851c5907fd2353/execute/sync - {"script":"<script> [8489 bytes]","args":[{"element-6066-11e4-a52e-4f735466cecf":"f.131A3F10D0424D71AAC18CBC21A849DC.d.1E6DE0762138773944EC569BB9479FAE.e.5846","ELEMENT":"f.131A3F10D0424D71AAC18CBC21A849DC.d.1E6DE0762138773944EC569BB9479FAE.e.5846"}]}
RESULT: undefined
COMMAND: POST /session/29f4302be0dc04edb0851c5907fd2353/element - {"using":"xpath","value":"//*[@id=\"backBtn\"]"}
RESULT: {"using":"xpath","value":"//*[@id=\"backBtn\"]"}
COMMAND: POST /session/29f4302be0dc04edb0851c5907fd2353/element/f.131A3F10D0424D71AAC18CBC21A849DC.d.1E6DE0762138773944EC569BB9479FAE.e.3237/click - {}
RESULT: {"script":"<script> [8489 bytes]","args":[{"element-6066-11e4-a52e-4f735466cecf":"f.131A3F10D0424D71AAC18CBC21A849DC.d.1E6DE0762138773944EC569BB9479FAE.e.5846","ELEMENT":"f.131A3F10D0424D71AAC18CBC21A849DC.d.1E6DE0762138773944EC569BB9479FAE.e.5846"}]}
COMMAND: GET /session/29f4302be0dc04edb0851c5907fd2353/screenshot - {}
RESULT: {}
COMMAND: GET /session/29f4302be0dc04edb0851c5907fd2353/screenshot - {}
RESULT: {}
RESULT: {}
COMMAND: POST /session/29f4302be0dc04edb0851c5907fd2353/execute/sync - {"script":"<script> [8489 bytes]","args":[{"element-6066-11e4-a52e-4f735466cecf":"f.131A3F10D0424D71AAC18CBC21A849DC.d.1E6DE0762138773944EC569BB9479FAE.e.5569","ELEMENT":"f.131A3F10D0424D71AAC18CBC21A849DC.d.1E6DE0762138773944EC569BB9479FAE.e.5569"}]}
COMMAND: POST /session/29f4302be0dc04edb0851c5907fd2353/element - {"using":"xpath","value":"//*[contains(@data-kt ,\"webshopDetailAddressLink\")]"}
RESULT: {"using":"xpath","value":"//*[contains(@data-kt ,\"webshopDetailAddressLink\")]"}
COMMAND: POST /session/29f4302be0dc04edb0851c5907fd2353/execute/sync - {"script":"<script> [8489 bytes]","args":[{"element-6066-11e4-a52e-4f735466cecf":"f.131A3F10D0424D71AAC18CBC21A849DC.d.1E6DE0762138773944EC569BB9479FAE.e.5979","ELEMENT":"f.131A3F10D0424D71AAC18CBC21A849DC.d.1E6DE0762138773944EC569BB9479FAE.e.5979"}]}
RESULT: {"script":"<script> [8489 bytes]","args":[{"element-6066-11e4-a52e-4f735466cecf":"f.131A3F10D0424D71AAC18CBC21A849DC.d.1E6DE0762138773944EC569BB9479FAE.e.5979","ELEMENT":"f.131A3F10D0424D71AAC18CBC21A849DC.d.1E6DE0762138773944EC569BB9479FAE.e.5979"}]}
COMMAND: POST /session/29f4302be0dc04edb0851c5907fd2353/execute/sync - {"script":"<script> [5351 bytes]","args":[{"element-6066-11e4-a52e-4f735466cecf":"f.131A3F10D0424D71AAC18CBC21A849DC.d.1E6DE0762138773944EC569BB9479FAE.e.5979","ELEMENT":"f.131A3F10D0424D71AAC18CBC21A849DC.d.1E6DE0762138773944EC569BB9479FAE.e.5979"}]}
COMMAND: GET /session/29f4302be0dc04edb0851c5907fd2353/screenshot - {}
RESULT: {"script":"<script> [5351 bytes]","args":[{"element-6066-11e4-a52e-4f735466cecf":"f.131A3F10D0424D71AAC18CBC21A849DC.d.1E6DE0762138773944EC569BB9479FAE.e.5979","ELEMENT":"f.131A3F10D0424D71AAC18CBC21A849DC.d.1E6DE0762138773944EC569BB9479FAE.e.5979"}]}
COMMAND: POST /session/29f4302be0dc04edb0851c5907fd2353/element - {"using":"xpath","value":"//*[contains(@data-kt ,\"webshopDetailAddressLink\")]"}
COMMAND: GET /session/29f4302be0dc04edb0851c5907fd2353/screenshot - {}
RESULT: {}
RESULT: {"using":"xpath","value":"//*[contains(@data-kt ,\"webshopDetailAddressLink\")]"}
COMMAND: POST /session/29f4302be0dc04edb0851c5907fd2353/element/f.131A3F10D0424D71AAC18CBC21A849DC.d.1E6DE0762138773944EC569BB9479FAE.e.5979/click - {}
RESULT: {}
RESULT: {}
COMMAND: GET /session/29f4302be0dc04edb0851c5907fd2353/screenshot - {}
RESULT: {}
COMMAND: POST /session/29f4302be0dc04edb0851c5907fd2353/element - {"using":"xpath","value":"//button[contains(@data-kt ,\"ContextMenuExternalId2Link\")]"}
RESULT: {"using":"xpath","value":"//button[contains(@data-kt ,\"ContextMenuExternalId2Link\")]"}
COMMAND: POST /session/29f4302be0dc04edb0851c5907fd2353/element/f.131A3F10D0424D71AAC18CBC21A849DC.d.1E6DE0762138773944EC569BB9479FAE.e.5980/click - {}
RESULT: {}
COMMAND: GET /session/29f4302be0dc04edb0851c5907fd2353/screenshot - {}
RESULT: {}
COMMAND: GET /session/29f4302be0dc04edb0851c5907fd2353/window/handles - {}
RESULT: {}
COMMAND: POST /session/29f4302be0dc04edb0851c5907fd2353/window - {"handle":"7C10AF58D89CD202804BBB1519C8AC9E"}
RESULT: {"handle":"7C10AF58D89CD202804BBB1519C8AC9E"}
COMMAND: GET /session/29f4302be0dc04edb0851c5907fd2353/url - {}
RESULT: {}
COMMAND: GET /session/29f4302be0dc04edb0851c5907fd2353/screenshot - {}
RESULT: {}
COMMAND: POST /session/29f4302be0dc04edb0851c5907fd2353/execute/sync - {"script":"<script> [8489 bytes]","args":[{"element-6066-11e4-a52e-4f735466cecf":"f.131A3F10D0424D71AAC18CBC21A849DC.d.1E6DE0762138773944EC569BB9479FAE.e.5846","ELEMENT":"f.131A3F10D0424D71AAC18CBC21A849DC.d.1E6DE0762138773944EC569BB9479FAE.e.5846"}]}
COMMAND: DELETE /session/29f4302be0dc04edb0851c5907fd2353/window - {}
RESULT: {}
COMMAND: POST /session/29f4302be0dc04edb0851c5907fd2353/window - {"handle":"131A3F10D0424D71AAC18CBC21A849DC"}
RESULT: {"handle":"131A3F10D0424D71AAC18CBC21A849DC"}
COMMAND: GET /session/29f4302be0dc04edb0851c5907fd2353/url - {}
COMMAND: POST /session/29f4302be0dc04edb0851c5907fd2353/element - {"using":"xpath","value":"//span[contains(@id ,\"application-addressmanagement-display-component---detailAdm--addressDetailDetailsName1\")][contains(text(), \"WebdriverSitet8dwz\")]"}
RESULT: {}
COMMAND: GET /session/29f4302be0dc04edb0851c5907fd2353/screenshot - {}
RESULT: {"using":"xpath","value":"//span[contains(@id ,\"application-addressmanagement-display-component---detailAdm--addressDetailDetailsName1\")][contains(text(), \"WebdriverSitet8dwz\")]"}
COMMAND: POST /session/29f4302be0dc04edb0851c5907fd2353/element - {"using":"xpath","value":"//span[contains(@id ,\"application-addressmanagement-display-component---detailAdm--addressDetailDetailsName1\")][contains(text(), \"WebdriverSitet8dwz\")]"}
RESULT: {}
RESULT: {"using":"xpath","value":"//span[contains(@id ,\"application-addressmanagement-display-component---detailAdm--addressDetailDetailsName1\")][contains(text(), \"WebdriverSitet8dwz\")]"}
COMMAND: POST /session/29f4302be0dc04edb0851c5907fd2353/element - {"using":"xpath","value":"//span[contains(@id ,\"application-addressmanagement-display-component---detailAdm--addressDetailDetailsName1\")][contains(text(), \"WebdriverSitet8dwz\")]"}
RESULT: {"using":"xpath","value":"//span[contains(@id ,\"application-addressmanagement-display-component---detailAdm--addressDetailDetailsName1\")][contains(text(), \"WebdriverSitet8dwz\")]"}
COMMAND: POST /session/29f4302be0dc04edb0851c5907fd2353/element - {"using":"xpath","value":"//span[contains(@id ,\"application-addressmanagement-display-component---detailAdm--addressDetailDetailsName1\")][contains(text(), \"WebdriverSitet8dwz\")]"}
RESULT: {"using":"xpath","value":"//span[contains(@id ,\"application-addressmanagement-display-component---detailAdm--addressDetailDetailsName1\")][contains(text(), \"WebdriverSitet8dwz\")]"}
COMMAND: POST /session/29f4302be0dc04edb0851c5907fd2353/element - {"using":"xpath","value":"//span[contains(@id ,\"application-addressmanagement-display-component---detailAdm--addressDetailDetailsName1\")][contains(text(), \"WebdriverSitet8dwz\")]"}
RESULT: {"using":"xpath","value":"//span[contains(@id ,\"application-addressmanagement-display-component---detailAdm--addressDetailDetailsName1\")][contains(text(), \"WebdriverSitet8dwz\")]"}
COMMAND: POST /session/29f4302be0dc04edb0851c5907fd2353/element - {"using":"xpath","value":"//span[contains(@id ,\"application-addressmanagement-display-component---detailAdm--addressDetailDetailsName1\")][contains(text(), \"WebdriverSitet8dwz\")]"}
RESULT: {"using":"xpath","value":"//span[contains(@id ,\"application-addressmanagement-display-component---detailAdm--addressDetailDetailsName1\")][contains(text(), \"WebdriverSitet8dwz\")]"}
COMMAND: POST /session/29f4302be0dc04edb0851c5907fd2353/element - {"using":"xpath","value":"//*[contains(@data-kt ,\"webshopDetailCustomerLink\")]"}
RESULT: {"using":"xpath","value":"//*[contains(@data-kt ,\"webshopDetailCustomerLink\")]"}
COMMAND: POST /session/29f4302be0dc04edb0851c5907fd2353/execute/sync - {"script":"<script> [8489 bytes]","args":[{"element-6066-11e4-a52e-4f735466cecf":"f.131A3F10D0424D71AAC18CBC21A849DC.d.1E6DE0762138773944EC569BB9479FAE.e.6182","ELEMENT":"f.131A3F10D0424D71AAC18CBC21A849DC.d.1E6DE0762138773944EC569BB9479FAE.e.6182"}]}
RESULT: {"script":"<script> [8489 bytes]","args":[{"element-6066-11e4-a52e-4f735466cecf":"f.131A3F10D0424D71AAC18CBC21A849DC.d.1E6DE0762138773944EC569BB9479FAE.e.6182","ELEMENT":"f.131A3F10D0424D71AAC18CBC21A849DC.d.1E6DE0762138773944EC569BB9479FAE.e.6182"}]}
COMMAND: POST /session/29f4302be0dc04edb0851c5907fd2353/execute/sync - {"script":"<script> [5351 bytes]","args":[{"element-6066-11e4-a52e-4f735466cecf":"f.131A3F10D0424D71AAC18CBC21A849DC.d.1E6DE0762138773944EC569BB9479FAE.e.6182","ELEMENT":"f.131A3F10D0424D71AAC18CBC21A849DC.d.1E6DE0762138773944EC569BB9479FAE.e.6182"}]}
COMMAND: GET /session/29f4302be0dc04edb0851c5907fd2353/screenshot - {}
RESULT: {"script":"<script> [5351 bytes]","args":[{"element-6066-11e4-a52e-4f735466cecf":"f.131A3F10D0424D71AAC18CBC21A849DC.d.1E6DE0762138773944EC569BB9479FAE.e.6182","ELEMENT":"f.131A3F10D0424D71AAC18CBC21A849DC.d.1E6DE0762138773944EC569BB9479FAE.e.6182"}]}
COMMAND: POST /session/29f4302be0dc04edb0851c5907fd2353/element - {"using":"xpath","value":"//*[contains(@data-kt ,\"webshopDetailCustomerLink\")]"}
COMMAND: GET /session/29f4302be0dc04edb0851c5907fd2353/screenshot - {}
COMMAND: POST /session/29f4302be0dc04edb0851c5907fd2353/element - {"using":"xpath","value":"//span[contains(@id ,\"application-addressmanagement-display-component---detailAdm--addressDetailDetailsName1\")][contains(text(), \"WebdriverSitet8dwz\")]"}
RESULT: {}
RESULT: {"using":"xpath","value":"//*[contains(@data-kt ,\"webshopDetailCustomerLink\")]"}
COMMAND: POST /session/29f4302be0dc04edb0851c5907fd2353/element/f.131A3F10D0424D71AAC18CBC21A849DC.d.1E6DE0762138773944EC569BB9479FAE.e.6182/click - {}
RESULT: {}
RESULT: {"using":"xpath","value":"//span[contains(@id ,\"application-addressmanagement-display-component---detailAdm--addressDetailDetailsName1\")][contains(text(), \"WebdriverSitet8dwz\")]"}
RESULT: {}
COMMAND: GET /session/29f4302be0dc04edb0851c5907fd2353/screenshot - {}
RESULT: {}
COMMAND: POST /session/29f4302be0dc04edb0851c5907fd2353/element - {"using":"xpath","value":"//span[contains(@id ,\"application-addressmanagement-display-component---detailAdm--addressDetailDetailsName1\")][contains(text(), \"WebdriverSitet8dwz\")]"}
RESULT: {"using":"xpath","value":"//span[contains(@id ,\"application-addressmanagement-display-component---detailAdm--addressDetailDetailsName1\")][contains(text(), \"WebdriverSitet8dwz\")]"}
COMMAND: POST /session/29f4302be0dc04edb0851c5907fd2353/element - {"using":"xpath","value":"//span[contains(@id ,\"application-addressmanagement-display-component---detailAdm--addressDetailDetailsName1\")][contains(text(), \"WebdriverSitet8dwz\")]"}
RESULT: {"using":"xpath","value":"//span[contains(@id ,\"application-addressmanagement-display-component---detailAdm--addressDetailDetailsName1\")][contains(text(), \"WebdriverSitet8dwz\")]"}
COMMAND: POST /session/29f4302be0dc04edb0851c5907fd2353/element - {"using":"xpath","value":"//span[contains(@id ,\"application-addressmanagement-display-component---detailAdm--addressDetailDetailsName1\")][contains(text(), \"WebdriverSitet8dwz\")]"}
RESULT: {"using":"xpath","value":"//span[contains(@id ,\"application-addressmanagement-display-component---detailAdm--addressDetailDetailsName1\")][contains(text(), \"WebdriverSitet8dwz\")]"}
COMMAND: POST /session/29f4302be0dc04edb0851c5907fd2353/element - {"using":"xpath","value":"//span[contains(@id ,\"application-addressmanagement-display-component---detailAdm--addressDetailDetailsName1\")][contains(text(), \"WebdriverSitet8dwz\")]"}
RESULT: {"using":"xpath","value":"//span[contains(@id ,\"application-addressmanagement-display-component---detailAdm--addressDetailDetailsName1\")][contains(text(), \"WebdriverSitet8dwz\")]"}
COMMAND: POST /session/29f4302be0dc04edb0851c5907fd2353/element - {"using":"xpath","value":"//*[contains(@data-kt ,\"ContextMenuId2Link\")][contains(text(), \"Partner Overview\")]"}
RESULT: {"using":"xpath","value":"//*[contains(@data-kt ,\"ContextMenuId2Link\")][contains(text(), \"Partner Overview\")]"}
COMMAND: POST /session/29f4302be0dc04edb0851c5907fd2353/execute/sync - {"script":"<script> [8489 bytes]","args":[{"element-6066-11e4-a52e-4f735466cecf":"f.131A3F10D0424D71AAC18CBC21A849DC.d.1E6DE0762138773944EC569BB9479FAE.e.6184","ELEMENT":"f.131A3F10D0424D71AAC18CBC21A849DC.d.1E6DE0762138773944EC569BB9479FAE.e.6184"}]}
COMMAND: POST /session/29f4302be0dc04edb0851c5907fd2353/element - {"using":"xpath","value":"//*[contains(@data-kt ,\"ContextMenuId2Link\")][contains(text(), \"Partner Overview\")]"}
RESULT: {"script":"<script> [8489 bytes]","args":[{"element-6066-11e4-a52e-4f735466cecf":"f.131A3F10D0424D71AAC18CBC21A849DC.d.1E6DE0762138773944EC569BB9479FAE.e.6184","ELEMENT":"f.131A3F10D0424D71AAC18CBC21A849DC.d.1E6DE0762138773944EC569BB9479FAE.e.6184"}]}
COMMAND: GET /session/29f4302be0dc04edb0851c5907fd2353/screenshot - {}
RESULT: {"using":"xpath","value":"//*[contains(@data-kt ,\"ContextMenuId2Link\")][contains(text(), \"Partner Overview\")]"}
COMMAND: POST /session/29f4302be0dc04edb0851c5907fd2353/element/f.131A3F10D0424D71AAC18CBC21A849DC.d.1E6DE0762138773944EC569BB9479FAE.e.6184/click - {}
RESULT: {}
COMMAND: POST /session/29f4302be0dc04edb0851c5907fd2353/element - {"using":"xpath","value":"//span[contains(@id ,\"application-addressmanagement-display-component---detailAdm--addressDetailDetailsName1\")][contains(text(), \"WebdriverSitet8dwz\")]"}
RESULT: {}
COMMAND: GET /session/29f4302be0dc04edb0851c5907fd2353/screenshot - {}
RESULT: {"using":"xpath","value":"//span[contains(@id ,\"application-addressmanagement-display-component---detailAdm--addressDetailDetailsName1\")][contains(text(), \"WebdriverSitet8dwz\")]"}
COMMAND: POST /session/29f4302be0dc04edb0851c5907fd2353/element - {"using":"xpath","value":"//span[contains(@id ,\"application-addressmanagement-display-component---detailAdm--addressDetailDetailsName1\")][contains(text(), \"WebdriverSitet8dwz\")]"}
RESULT: {}
RESULT: {"using":"xpath","value":"//span[contains(@id ,\"application-addressmanagement-display-component---detailAdm--addressDetailDetailsName1\")][contains(text(), \"WebdriverSitet8dwz\")]"}
COMMAND: POST /session/29f4302be0dc04edb0851c5907fd2353/element - {"using":"xpath","value":"//span[contains(@id ,\"application-addressmanagement-display-component---detailAdm--addressDetailDetailsName1\")][contains(text(), \"WebdriverSitet8dwz\")]"}
RESULT: {"using":"xpath","value":"//span[contains(@id ,\"application-addressmanagement-display-component---detailAdm--addressDetailDetailsName1\")][contains(text(), \"WebdriverSitet8dwz\")]"}
COMMAND: POST /session/29f4302be0dc04edb0851c5907fd2353/element - {"using":"xpath","value":"//span[contains(@id ,\"application-addressmanagement-display-component---detailAdm--addressDetailDetailsName1\")][contains(text(), \"WebdriverSitet8dwz\")]"}
RESULT: {"using":"xpath","value":"//span[contains(@id ,\"application-addressmanagement-display-component---detailAdm--addressDetailDetailsName1\")][contains(text(), \"WebdriverSitet8dwz\")]"}
COMMAND: POST /session/29f4302be0dc04edb0851c5907fd2353/element - {"using":"xpath","value":"//span[contains(@id ,\"application-addressmanagement-display-component---detailAdm--addressDetailDetailsName1\")][contains(text(), \"WebdriverSitet8dwz\")]"}
RESULT: {"using":"xpath","value":"//span[contains(@id ,\"application-addressmanagement-display-component---detailAdm--addressDetailDetailsName1\")][contains(text(), \"WebdriverSitet8dwz\")]"}
COMMAND: POST /session/29f4302be0dc04edb0851c5907fd2353/element - {"using":"xpath","value":"//span[contains(@id ,\"application-addressmanagement-display-component---detailAdm--addressDetailDetailsName1\")][contains(text(), \"WebdriverSitet8dwz\")]"}
RESULT: {"using":"xpath","value":"//span[contains(@id ,\"application-addressmanagement-display-component---detailAdm--addressDetailDetailsName1\")][contains(text(), \"WebdriverSitet8dwz\")]"}
COMMAND: POST /session/29f4302be0dc04edb0851c5907fd2353/element - {"using":"xpath","value":"//span[contains(@id ,\"application-addressmanagement-display-component---detailAdm--addressDetailDetailsName1\")][contains(text(), \"WebdriverSitet8dwz\")]"}
RESULT: {"using":"xpath","value":"//span[contains(@id ,\"application-addressmanagement-display-component---detailAdm--addressDetailDetailsName1\")][contains(text(), \"WebdriverSitet8dwz\")]"}
COMMAND: POST /session/29f4302be0dc04edb0851c5907fd2353/element - {"using":"xpath","value":"//span[contains(@id ,\"application-addressmanagement-display-component---detailAdm--addressDetailDetailsName1\")][contains(text(), \"WebdriverSitet8dwz\")]"}
RESULT: {"using":"xpath","value":"//span[contains(@id ,\"application-addressmanagement-display-component---detailAdm--addressDetailDetailsName1\")][contains(text(), \"WebdriverSitet8dwz\")]"}
COMMAND: POST /session/29f4302be0dc04edb0851c5907fd2353/element - {"using":"xpath","value":"//span[contains(@id ,\"application-addressmanagement-display-component---detailAdm--addressDetailDetailsName1\")][contains(text(), \"WebdriverSitet8dwz\")]"}
RESULT: {"using":"xpath","value":"//span[contains(@id ,\"application-addressmanagement-display-component---detailAdm--addressDetailDetailsName1\")][contains(text(), \"WebdriverSitet8dwz\")]"}
COMMAND: POST /session/29f4302be0dc04edb0851c5907fd2353/element - {"using":"xpath","value":"//span[contains(@id ,\"application-addressmanagement-display-component---detailAdm--addressDetailDetailsName1\")][contains(text(), \"WebdriverSitet8dwz\")]"}
RESULT: {"using":"xpath","value":"//span[contains(@id ,\"application-addressmanagement-display-component---detailAdm--addressDetailDetailsName1\")][contains(text(), \"WebdriverSitet8dwz\")]"}
COMMAND: POST /session/29f4302be0dc04edb0851c5907fd2353/element - {"using":"xpath","value":"//span[contains(@id ,\"application-addressmanagement-display-component---detailAdm--addressDetailDetailsName1\")][contains(text(), \"WebdriverSitet8dwz\")]"}
RESULT: {"using":"xpath","value":"//span[contains(@id ,\"application-addressmanagement-display-component---detailAdm--addressDetailDetailsName1\")][contains(text(), \"WebdriverSitet8dwz\")]"}
COMMAND: POST /session/29f4302be0dc04edb0851c5907fd2353/element - {"using":"xpath","value":"//span[contains(@id ,\"application-addressmanagement-display-component---detailAdm--addressDetailDetailsName1\")][contains(text(), \"WebdriverSitet8dwz\")]"}
RESULT: {"using":"xpath","value":"//span[contains(@id ,\"application-addressmanagement-display-component---detailAdm--addressDetailDetailsName1\")][contains(text(), \"WebdriverSitet8dwz\")]"}
RESULT: undefined
COMMAND: POST /session/29f4302be0dc04edb0851c5907fd2353/execute/async - {"script":"<script> [6424 bytes]","args":[{"element-6066-11e4-a52e-4f735466cecf":"f.131A3F10D0424D71AAC18CBC21A849DC.d.1E6DE0762138773944EC569BB9479FAE.e.3235"},"getTitle",[]]}
COMMAND: POST /session/29f4302be0dc04edb0851c5907fd2353/execute/async - {"script":"<script> [1562 bytes]","args":[{"selector":{"id":"shellAppTitle"},"wdio_ui5_key":"shellAppTitle"}]}
COMMAND: POST /session/29f4302be0dc04edb0851c5907fd2353/element - {"using":"xpath","value":"//span[contains(@id ,\"application-addressmanagement-display-component---detailAdm--addressDetailDetailsName1\")][contains(text(), \"WebdriverSitet8dwz\")]"}
RESULT: {"script":"<script> [1562 bytes]","args":[{"selector":{"id":"shellAppTitle"},"wdio_ui5_key":"shellAppTitle"}]}
COMMAND: POST /session/29f4302be0dc04edb0851c5907fd2353/execute/async - {"script":"<script> [6424 bytes]","args":[{"element-6066-11e4-a52e-4f735466cecf":"f.131A3F10D0424D71AAC18CBC21A849DC.d.1E6DE0762138773944EC569BB9479FAE.e.6428"},"getTitle",[]]}
RESULT: {"using":"xpath","value":"//span[contains(@id ,\"application-addressmanagement-display-component---detailAdm--addressDetailDetailsName1\")][contains(text(), \"WebdriverSitet8dwz\")]"}
RESULT: {"script":"<script> [6424 bytes]","args":[{"element-6066-11e4-a52e-4f735466cecf":"f.131A3F10D0424D71AAC18CBC21A849DC.d.1E6DE0762138773944EC569BB9479FAE.e.6428"},"getTitle",[]]}
COMMAND: POST /session/29f4302be0dc04edb0851c5907fd2353/element - {"using":"xpath","value":"//span[contains(@id ,\"title\")][contains(text(), \"WebdriverPartner978m1\")]"}
COMMAND: POST /session/29f4302be0dc04edb0851c5907fd2353/element - {"using":"xpath","value":"//span[contains(@id ,\"application-addressmanagement-display-component---detailAdm--addressDetailDetailsName1\")][contains(text(), \"WebdriverSitet8dwz\")]"}
RESULT: {"using":"xpath","value":"//span[contains(@id ,\"title\")][contains(text(), \"WebdriverPartner978m1\")]"}
COMMAND: POST /session/29f4302be0dc04edb0851c5907fd2353/execute/sync - {"script":"<script> [8489 bytes]","args":[{"element-6066-11e4-a52e-4f735466cecf":"f.131A3F10D0424D71AAC18CBC21A849DC.d.1E6DE0762138773944EC569BB9479FAE.e.6429","ELEMENT":"f.131A3F10D0424D71AAC18CBC21A849DC.d.1E6DE0762138773944EC569BB9479FAE.e.6429"}]}
RESULT: undefined
COMMAND: POST /session/29f4302be0dc04edb0851c5907fd2353/element - {"using":"xpath","value":"//*[@id=\"backBtn\"]"}
RESULT: {"using":"xpath","value":"//span[contains(@id ,\"application-addressmanagement-display-component---detailAdm--addressDetailDetailsName1\")][contains(text(), \"WebdriverSitet8dwz\")]"}
RESULT: {"script":"<script> [8489 bytes]","args":[{"element-6066-11e4-a52e-4f735466cecf":"f.131A3F10D0424D71AAC18CBC21A849DC.d.1E6DE0762138773944EC569BB9479FAE.e.6429","ELEMENT":"f.131A3F10D0424D71AAC18CBC21A849DC.d.1E6DE0762138773944EC569BB9479FAE.e.6429"}]}
COMMAND: GET /session/29f4302be0dc04edb0851c5907fd2353/screenshot - {}
RESULT: {"using":"xpath","value":"//*[@id=\"backBtn\"]"}
COMMAND: POST /session/29f4302be0dc04edb0851c5907fd2353/element/f.131A3F10D0424D71AAC18CBC21A849DC.d.1E6DE0762138773944EC569BB9479FAE.e.3237/click - {}
RESULT: {}
COMMAND: POST /session/29f4302be0dc04edb0851c5907fd2353/element - {"using":"xpath","value":"//span[contains(@id ,\"application-addressmanagement-display-component---detailAdm--addressDetailDetailsName1\")][contains(text(), \"WebdriverSitet8dwz\")]"}
COMMAND: POST /session/29f4302be0dc04edb0851c5907fd2353/execute/sync - {"script":"<script> [8489 bytes]","args":[{"element-6066-11e4-a52e-4f735466cecf":"f.131A3F10D0424D71AAC18CBC21A849DC.d.1E6DE0762138773944EC569BB9479FAE.e.6429","ELEMENT":"f.131A3F10D0424D71AAC18CBC21A849DC.d.1E6DE0762138773944EC569BB9479FAE.e.6429"}]}
RESULT: {}
COMMAND: GET /session/29f4302be0dc04edb0851c5907fd2353/screenshot - {}
RESULT: {"using":"xpath","value":"//span[contains(@id ,\"application-addressmanagement-display-component---detailAdm--addressDetailDetailsName1\")][contains(text(), \"WebdriverSitet8dwz\")]"}
COMMAND: POST /session/29f4302be0dc04edb0851c5907fd2353/element - {"using":"xpath","value":"//span[contains(@id ,\"title\")][contains(text(), \"WebdriverPartner978m1\")]"}
COMMAND: POST /session/29f4302be0dc04edb0851c5907fd2353/element - {"using":"xpath","value":"//span[contains(@id ,\"application-addressmanagement-display-component---detailAdm--addressDetailDetailsName1\")][contains(text(), \"WebdriverSitet8dwz\")]"}
RESULT: {}
COMMAND: POST /session/29f4302be0dc04edb0851c5907fd2353/execute/sync - {"script":"<script> [8489 bytes]","args":[{"element-6066-11e4-a52e-4f735466cecf":"f.131A3F10D0424D71AAC18CBC21A849DC.d.1E6DE0762138773944EC569BB9479FAE.e.6182","ELEMENT":"f.131A3F10D0424D71AAC18CBC21A849DC.d.1E6DE0762138773944EC569BB9479FAE.e.6182"}]}
RESULT: {"using":"xpath","value":"//span[contains(@id ,\"title\")][contains(text(), \"WebdriverPartner978m1\")]"}
COMMAND: POST /session/29f4302be0dc04edb0851c5907fd2353/element - {"using":"xpath","value":"//span[contains(@id ,\"title\")][contains(text(), \"WebdriverPartner978m1\")]"}
RESULT: {"using":"xpath","value":"//span[contains(@id ,\"application-addressmanagement-display-component---detailAdm--addressDetailDetailsName1\")][contains(text(), \"WebdriverSitet8dwz\")]"}
COMMAND: POST /session/29f4302be0dc04edb0851c5907fd2353/element - {"using":"xpath","value":"//*[contains(@data-kt ,\"webshopDetailCustomerLink\")]"}
COMMAND: POST /session/29f4302be0dc04edb0851c5907fd2353/element - {"using":"xpath","value":"//span[contains(@id ,\"application-addressmanagement-display-component---detailAdm--addressDetailDetailsName1\")][contains(text(), \"WebdriverSitet8dwz\")]"}
RESULT: {"using":"xpath","value":"//span[contains(@id ,\"title\")][contains(text(), \"WebdriverPartner978m1\")]"}
RESULT: {"using":"xpath","value":"//*[contains(@data-kt ,\"webshopDetailCustomerLink\")]"}
COMMAND: POST /session/29f4302be0dc04edb0851c5907fd2353/execute/sync - {"script":"<script> [8489 bytes]","args":[{"element-6066-11e4-a52e-4f735466cecf":"f.131A3F10D0424D71AAC18CBC21A849DC.d.1E6DE0762138773944EC569BB9479FAE.e.6558","ELEMENT":"f.131A3F10D0424D71AAC18CBC21A849DC.d.1E6DE0762138773944EC569BB9479FAE.e.6558"}]}
RESULT: {"using":"xpath","value":"//span[contains(@id ,\"application-addressmanagement-display-component---detailAdm--addressDetailDetailsName1\")][contains(text(), \"WebdriverSitet8dwz\")]"}
COMMAND: POST /session/29f4302be0dc04edb0851c5907fd2353/element - {"using":"xpath","value":"//span[contains(@id ,\"title\")][contains(text(), \"WebdriverPartner978m1\")]"}
COMMAND: POST /session/29f4302be0dc04edb0851c5907fd2353/element - {"using":"xpath","value":"//span[contains(@id ,\"application-addressmanagement-display-component---detailAdm--addressDetailDetailsName1\")][contains(text(), \"WebdriverSitet8dwz\")]"}
RESULT: {"script":"<script> [8489 bytes]","args":[{"element-6066-11e4-a52e-4f735466cecf":"f.131A3F10D0424D71AAC18CBC21A849DC.d.1E6DE0762138773944EC569BB9479FAE.e.6558","ELEMENT":"f.131A3F10D0424D71AAC18CBC21A849DC.d.1E6DE0762138773944EC569BB9479FAE.e.6558"}]}
COMMAND: POST /session/29f4302be0dc04edb0851c5907fd2353/execute/sync - {"script":"<script> [5351 bytes]","args":[{"element-6066-11e4-a52e-4f735466cecf":"f.131A3F10D0424D71AAC18CBC21A849DC.d.1E6DE0762138773944EC569BB9479FAE.e.6558","ELEMENT":"f.131A3F10D0424D71AAC18CBC21A849DC.d.1E6DE0762138773944EC569BB9479FAE.e.6558"}]}
COMMAND: GET /session/29f4302be0dc04edb0851c5907fd2353/screenshot - {}
RESULT: {"using":"xpath","value":"//span[contains(@id ,\"title\")][contains(text(), \"WebdriverPartner978m1\")]"}
RESULT: {"using":"xpath","value":"//span[contains(@id ,\"application-addressmanagement-display-component---detailAdm--addressDetailDetailsName1\")][contains(text(), \"WebdriverSitet8dwz\")]"}
RESULT: {"script":"<script> [5351 bytes]","args":[{"element-6066-11e4-a52e-4f735466cecf":"f.131A3F10D0424D71AAC18CBC21A849DC.d.1E6DE0762138773944EC569BB9479FAE.e.6558","ELEMENT":"f.131A3F10D0424D71AAC18CBC21A849DC.d.1E6DE0762138773944EC569BB9479FAE.e.6558"}]}
COMMAND: POST /session/29f4302be0dc04edb0851c5907fd2353/element - {"using":"xpath","value":"//*[contains(@data-kt ,\"webshopDetailCustomerLink\")]"}
COMMAND: GET /session/29f4302be0dc04edb0851c5907fd2353/screenshot - {}
RESULT: {}
RESULT: {"using":"xpath","value":"//*[contains(@data-kt ,\"webshopDetailCustomerLink\")]"}
COMMAND: POST /session/29f4302be0dc04edb0851c5907fd2353/element/f.131A3F10D0424D71AAC18CBC21A849DC.d.1E6DE0762138773944EC569BB9479FAE.e.6558/click - {}
COMMAND: POST /session/29f4302be0dc04edb0851c5907fd2353/element - {"using":"xpath","value":"//span[contains(@id ,\"title\")][contains(text(), \"WebdriverPartner978m1\")]"}
COMMAND: POST /session/29f4302be0dc04edb0851c5907fd2353/element - {"using":"xpath","value":"//span[contains(@id ,\"application-addressmanagement-display-component---detailAdm--addressDetailDetailsName1\")][contains(text(), \"WebdriverSitet8dwz\")]"}
RESULT: {}
RESULT: {}
RESULT: {"using":"xpath","value":"//span[contains(@id ,\"title\")][contains(text(), \"WebdriverPartner978m1\")]"}
COMMAND: POST /session/29f4302be0dc04edb0851c5907fd2353/execute/sync - {"script":"<script> [8489 bytes]","args":[{"element-6066-11e4-a52e-4f735466cecf":"f.131A3F10D0424D71AAC18CBC21A849DC.d.1E6DE0762138773944EC569BB9479FAE.e.6562","ELEMENT":"f.131A3F10D0424D71AAC18CBC21A849DC.d.1E6DE0762138773944EC569BB9479FAE.e.6562"}]}
COMMAND: GET /session/29f4302be0dc04edb0851c5907fd2353/screenshot - {}
RESULT: {"using":"xpath","value":"//span[contains(@id ,\"application-addressmanagement-display-component---detailAdm--addressDetailDetailsName1\")][contains(text(), \"WebdriverSitet8dwz\")]"}
RESULT: {"script":"<script> [8489 bytes]","args":[{"element-6066-11e4-a52e-4f735466cecf":"f.131A3F10D0424D71AAC18CBC21A849DC.d.1E6DE0762138773944EC569BB9479FAE.e.6562","ELEMENT":"f.131A3F10D0424D71AAC18CBC21A849DC.d.1E6DE0762138773944EC569BB9479FAE.e.6562"}]}
RESULT: {}
COMMAND: GET /session/29f4302be0dc04edb0851c5907fd2353/screenshot - {}
RESULT: {}
COMMAND: POST /session/29f4302be0dc04edb0851c5907fd2353/element - {"using":"xpath","value":"//span[contains(@id ,\"application-addressmanagement-display-component---detailAdm--addressDetailDetailsName1\")][contains(text(), \"WebdriverSitet8dwz\")]"}
RESULT: {"using":"xpath","value":"//span[contains(@id ,\"application-addressmanagement-display-component---detailAdm--addressDetailDetailsName1\")][contains(text(), \"WebdriverSitet8dwz\")]"}
COMMAND: POST /session/29f4302be0dc04edb0851c5907fd2353/element - {"using":"xpath","value":"//span[contains(@id ,\"application-addressmanagement-display-component---detailAdm--addressDetailDetailsName1\")][contains(text(), \"WebdriverSitet8dwz\")]"}
RESULT: {"using":"xpath","value":"//span[contains(@id ,\"application-addressmanagement-display-component---detailAdm--addressDetailDetailsName1\")][contains(text(), \"WebdriverSitet8dwz\")]"}
COMMAND: POST /session/29f4302be0dc04edb0851c5907fd2353/element - {"using":"xpath","value":"//span[contains(@id ,\"application-addressmanagement-display-component---detailAdm--addressDetailDetailsName1\")][contains(text(), \"WebdriverSitet8dwz\")]"}
RESULT: {"using":"xpath","value":"//span[contains(@id ,\"application-addressmanagement-display-component---detailAdm--addressDetailDetailsName1\")][contains(text(), \"WebdriverSitet8dwz\")]"}
COMMAND: POST /session/29f4302be0dc04edb0851c5907fd2353/element - {"using":"xpath","value":"//button[contains(@data-kt ,\"ContextMenuExternalId2Link\")]"}
RESULT: {"using":"xpath","value":"//button[contains(@data-kt ,\"ContextMenuExternalId2Link\")]"}
COMMAND: POST /session/29f4302be0dc04edb0851c5907fd2353/element/f.131A3F10D0424D71AAC18CBC21A849DC.d.1E6DE0762138773944EC569BB9479FAE.e.6561/click - {}
COMMAND: POST /session/29f4302be0dc04edb0851c5907fd2353/element - {"using":"xpath","value":"//span[contains(@id ,\"application-addressmanagement-display-component---detailAdm--addressDetailDetailsName1\")][contains(text(), \"WebdriverSitet8dwz\")]"}
RESULT: {}
COMMAND: GET /session/29f4302be0dc04edb0851c5907fd2353/screenshot - {}
RESULT: {"using":"xpath","value":"//span[contains(@id ,\"application-addressmanagement-display-component---detailAdm--addressDetailDetailsName1\")][contains(text(), \"WebdriverSitet8dwz\")]"}
COMMAND: POST /session/29f4302be0dc04edb0851c5907fd2353/element - {"using":"xpath","value":"//span[contains(@id ,\"application-addressmanagement-display-component---detailAdm--addressDetailDetailsName1\")][contains(text(), \"WebdriverSitet8dwz\")]"}
RESULT: {}
RESULT: {"using":"xpath","value":"//span[contains(@id ,\"application-addressmanagement-display-component---detailAdm--addressDetailDetailsName1\")][contains(text(), \"WebdriverSitet8dwz\")]"}
COMMAND: POST /session/29f4302be0dc04edb0851c5907fd2353/element - {"using":"xpath","value":"//span[contains(@id ,\"application-addressmanagement-display-component---detailAdm--addressDetailDetailsName1\")][contains(text(), \"WebdriverSitet8dwz\")]"}
RESULT: {"using":"xpath","value":"//span[contains(@id ,\"application-addressmanagement-display-component---detailAdm--addressDetailDetailsName1\")][contains(text(), \"WebdriverSitet8dwz\")]"}
COMMAND: POST /session/29f4302be0dc04edb0851c5907fd2353/element - {"using":"xpath","value":"//span[contains(@id ,\"application-addressmanagement-display-component---detailAdm--addressDetailDetailsName1\")][contains(text(), \"WebdriverSitet8dwz\")]"}
RESULT: {"using":"xpath","value":"//span[contains(@id ,\"application-addressmanagement-display-component---detailAdm--addressDetailDetailsName1\")][contains(text(), \"WebdriverSitet8dwz\")]"}
COMMAND: POST /session/29f4302be0dc04edb0851c5907fd2353/element - {"using":"xpath","value":"//span[contains(@id ,\"application-addressmanagement-display-component---detailAdm--addressDetailDetailsName1\")][contains(text(), \"WebdriverSitet8dwz\")]"}
RESULT: {"using":"xpath","value":"//span[contains(@id ,\"application-addressmanagement-display-component---detailAdm--addressDetailDetailsName1\")][contains(text(), \"WebdriverSitet8dwz\")]"}
COMMAND: POST /session/29f4302be0dc04edb0851c5907fd2353/element - {"using":"xpath","value":"//span[contains(@id ,\"application-addressmanagement-display-component---detailAdm--addressDetailDetailsName1\")][contains(text(), \"WebdriverSitet8dwz\")]"}
RESULT: {"using":"xpath","value":"//span[contains(@id ,\"application-addressmanagement-display-component---detailAdm--addressDetailDetailsName1\")][contains(text(), \"WebdriverSitet8dwz\")]"}
COMMAND: POST /session/29f4302be0dc04edb0851c5907fd2353/element - {"using":"xpath","value":"//span[contains(@id ,\"application-addressmanagement-display-component---detailAdm--addressDetailDetailsName1\")][contains(text(), \"WebdriverSitet8dwz\")]"}
RESULT: {"using":"xpath","value":"//span[contains(@id ,\"application-addressmanagement-display-component---detailAdm--addressDetailDetailsName1\")][contains(text(), \"WebdriverSitet8dwz\")]"}
COMMAND: POST /session/29f4302be0dc04edb0851c5907fd2353/element - {"using":"xpath","value":"//span[contains(@id ,\"application-addressmanagement-display-component---detailAdm--addressDetailDetailsName1\")][contains(text(), \"WebdriverSitet8dwz\")]"}
RESULT: {"using":"xpath","value":"//span[contains(@id ,\"application-addressmanagement-display-component---detailAdm--addressDetailDetailsName1\")][contains(text(), \"WebdriverSitet8dwz\")]"}
COMMAND: POST /session/29f4302be0dc04edb0851c5907fd2353/element - {"using":"xpath","value":"//span[contains(@id ,\"application-addressmanagement-display-component---detailAdm--addressDetailDetailsName1\")][contains(text(), \"WebdriverSitet8dwz\")]"}
RESULT: {"using":"xpath","value":"//span[contains(@id ,\"application-addressmanagement-display-component---detailAdm--addressDetailDetailsName1\")][contains(text(), \"WebdriverSitet8dwz\")]"}
COMMAND: GET /session/29f4302be0dc04edb0851c5907fd2353/window/handles - {}
RESULT: {}
COMMAND: POST /session/29f4302be0dc04edb0851c5907fd2353/window - {"handle":"18E3882A1FE7D60EFA4AA55825B51173"}
RESULT: {"handle":"18E3882A1FE7D60EFA4AA55825B51173"}
COMMAND: GET /session/29f4302be0dc04edb0851c5907fd2353/url - {}
RESULT: {}
COMMAND: GET /session/29f4302be0dc04edb0851c5907fd2353/screenshot - {}
RESULT: {}
COMMAND: POST /session/29f4302be0dc04edb0851c5907fd2353/execute/sync - {"script":"<script> [8489 bytes]","args":[{"element-6066-11e4-a52e-4f735466cecf":"f.131A3F10D0424D71AAC18CBC21A849DC.d.1E6DE0762138773944EC569BB9479FAE.e.6562","ELEMENT":"f.131A3F10D0424D71AAC18CBC21A849DC.d.1E6DE0762138773944EC569BB9479FAE.e.6562"}]}
COMMAND: DELETE /session/29f4302be0dc04edb0851c5907fd2353/window - {}
RESULT: {}
COMMAND: POST /session/29f4302be0dc04edb0851c5907fd2353/window - {"handle":"131A3F10D0424D71AAC18CBC21A849DC"}
RESULT: {"handle":"131A3F10D0424D71AAC18CBC21A849DC"}
COMMAND: GET /session/29f4302be0dc04edb0851c5907fd2353/url - {}
RESULT: {"script":"<script> [8489 bytes]","args":[{"element-6066-11e4-a52e-4f735466cecf":"f.131A3F10D0424D71AAC18CBC21A849DC.d.1E6DE0762138773944EC569BB9479FAE.e.6562","ELEMENT":"f.131A3F10D0424D71AAC18CBC21A849DC.d.1E6DE0762138773944EC569BB9479FAE.e.6562"}]}
COMMAND: GET /session/29f4302be0dc04edb0851c5907fd2353/screenshot - {}
RESULT: {}
COMMAND: GET /session/29f4302be0dc04edb0851c5907fd2353/screenshot - {}
RESULT: {}
RESULT: {}
]]></system-out>
    </testcase>
    <testcase classname="chrome.136_0_7103_93.windows.Webshop_-_Hyperlinks_visible_and_working_properly__US139085" name="Should verify the contract and catalog item hyperlinks" time="97.189">
      <system-out><![CDATA[
COMMAND: POST /session/29f4302be0dc04edb0851c5907fd2353/element - {"using":"xpath","value":"//*[contains(@data-kt ,\"webshopDetailContractLink\")]"}
RESULT: {"using":"xpath","value":"//*[contains(@data-kt ,\"webshopDetailContractLink\")]"}
COMMAND: POST /session/29f4302be0dc04edb0851c5907fd2353/execute/sync - {"script":"<script> [8489 bytes]","args":[{"element-6066-11e4-a52e-4f735466cecf":"f.131A3F10D0424D71AAC18CBC21A849DC.d.1E6DE0762138773944EC569BB9479FAE.e.6568","ELEMENT":"f.131A3F10D0424D71AAC18CBC21A849DC.d.1E6DE0762138773944EC569BB9479FAE.e.6568"}]}
RESULT: {"script":"<script> [8489 bytes]","args":[{"element-6066-11e4-a52e-4f735466cecf":"f.131A3F10D0424D71AAC18CBC21A849DC.d.1E6DE0762138773944EC569BB9479FAE.e.6568","ELEMENT":"f.131A3F10D0424D71AAC18CBC21A849DC.d.1E6DE0762138773944EC569BB9479FAE.e.6568"}]}
COMMAND: POST /session/29f4302be0dc04edb0851c5907fd2353/execute/sync - {"script":"<script> [5351 bytes]","args":[{"element-6066-11e4-a52e-4f735466cecf":"f.131A3F10D0424D71AAC18CBC21A849DC.d.1E6DE0762138773944EC569BB9479FAE.e.6568","ELEMENT":"f.131A3F10D0424D71AAC18CBC21A849DC.d.1E6DE0762138773944EC569BB9479FAE.e.6568"}]}
RESULT: {"script":"<script> [5351 bytes]","args":[{"element-6066-11e4-a52e-4f735466cecf":"f.131A3F10D0424D71AAC18CBC21A849DC.d.1E6DE0762138773944EC569BB9479FAE.e.6568","ELEMENT":"f.131A3F10D0424D71AAC18CBC21A849DC.d.1E6DE0762138773944EC569BB9479FAE.e.6568"}]}
COMMAND: POST /session/29f4302be0dc04edb0851c5907fd2353/element - {"using":"xpath","value":"//*[contains(@data-kt ,\"webshopDetailContractLink\")]"}
RESULT: {"using":"xpath","value":"//*[contains(@data-kt ,\"webshopDetailContractLink\")]"}
COMMAND: POST /session/29f4302be0dc04edb0851c5907fd2353/element/f.131A3F10D0424D71AAC18CBC21A849DC.d.1E6DE0762138773944EC569BB9479FAE.e.6568/click - {}
COMMAND: GET /session/29f4302be0dc04edb0851c5907fd2353/screenshot - {}
COMMAND: GET /session/29f4302be0dc04edb0851c5907fd2353/screenshot - {}
RESULT: {}
COMMAND: GET /session/29f4302be0dc04edb0851c5907fd2353/screenshot - {}
RESULT: {}
RESULT: {}
RESULT: {}
COMMAND: POST /session/29f4302be0dc04edb0851c5907fd2353/element - {"using":"xpath","value":"//*[contains(@data-kt ,\"ContextMenuId2Link\")][contains(text(), \"Contract Overview\")]"}
RESULT: {"using":"xpath","value":"//*[contains(@data-kt ,\"ContextMenuId2Link\")][contains(text(), \"Contract Overview\")]"}
COMMAND: POST /session/29f4302be0dc04edb0851c5907fd2353/execute/sync - {"script":"<script> [8489 bytes]","args":[{"element-6066-11e4-a52e-4f735466cecf":"f.131A3F10D0424D71AAC18CBC21A849DC.d.1E6DE0762138773944EC569BB9479FAE.e.6570","ELEMENT":"f.131A3F10D0424D71AAC18CBC21A849DC.d.1E6DE0762138773944EC569BB9479FAE.e.6570"}]}
COMMAND: POST /session/29f4302be0dc04edb0851c5907fd2353/element - {"using":"xpath","value":"//*[contains(@data-kt ,\"ContextMenuId2Link\")][contains(text(), \"Contract Overview\")]"}
RESULT: {"script":"<script> [8489 bytes]","args":[{"element-6066-11e4-a52e-4f735466cecf":"f.131A3F10D0424D71AAC18CBC21A849DC.d.1E6DE0762138773944EC569BB9479FAE.e.6570","ELEMENT":"f.131A3F10D0424D71AAC18CBC21A849DC.d.1E6DE0762138773944EC569BB9479FAE.e.6570"}]}
COMMAND: GET /session/29f4302be0dc04edb0851c5907fd2353/screenshot - {}
RESULT: {"using":"xpath","value":"//*[contains(@data-kt ,\"ContextMenuId2Link\")][contains(text(), \"Contract Overview\")]"}
COMMAND: POST /session/29f4302be0dc04edb0851c5907fd2353/element/f.131A3F10D0424D71AAC18CBC21A849DC.d.1E6DE0762138773944EC569BB9479FAE.e.6570/click - {}
RESULT: {}
RESULT: {}
COMMAND: GET /session/29f4302be0dc04edb0851c5907fd2353/screenshot - {}
RESULT: {}
RESULT: undefined
COMMAND: POST /session/29f4302be0dc04edb0851c5907fd2353/execute/async - {"script":"<script> [6424 bytes]","args":[{"element-6066-11e4-a52e-4f735466cecf":"f.131A3F10D0424D71AAC18CBC21A849DC.d.1E6DE0762138773944EC569BB9479FAE.e.3235"},"getTitle",[]]}
COMMAND: POST /session/29f4302be0dc04edb0851c5907fd2353/execute/async - {"script":"<script> [1562 bytes]","args":[{"selector":{"id":"shellAppTitle"},"wdio_ui5_key":"shellAppTitle"}]}
RESULT: {"script":"<script> [1562 bytes]","args":[{"selector":{"id":"shellAppTitle"},"wdio_ui5_key":"shellAppTitle"}]}
COMMAND: POST /session/29f4302be0dc04edb0851c5907fd2353/execute/async - {"script":"<script> [6424 bytes]","args":[{"element-6066-11e4-a52e-4f735466cecf":"f.131A3F10D0424D71AAC18CBC21A849DC.d.1E6DE0762138773944EC569BB9479FAE.e.6800"},"getTitle",[]]}
RESULT: {"script":"<script> [6424 bytes]","args":[{"element-6066-11e4-a52e-4f735466cecf":"f.131A3F10D0424D71AAC18CBC21A849DC.d.1E6DE0762138773944EC569BB9479FAE.e.6800"},"getTitle",[]]}
COMMAND: POST /session/29f4302be0dc04edb0851c5907fd2353/element - {"using":"xpath","value":"//span[contains(@id ,\"contractDetailTitleNoExpanded\")][contains(text(), \"10420\")]"}
RESULT: {"using":"xpath","value":"//span[contains(@id ,\"contractDetailTitleNoExpanded\")][contains(text(), \"10420\")]"}
COMMAND: POST /session/29f4302be0dc04edb0851c5907fd2353/execute/sync - {"script":"<script> [8489 bytes]","args":[{"element-6066-11e4-a52e-4f735466cecf":"f.131A3F10D0424D71AAC18CBC21A849DC.d.1E6DE0762138773944EC569BB9479FAE.e.6801","ELEMENT":"f.131A3F10D0424D71AAC18CBC21A849DC.d.1E6DE0762138773944EC569BB9479FAE.e.6801"}]}
RESULT: undefined
COMMAND: POST /session/29f4302be0dc04edb0851c5907fd2353/element - {"using":"xpath","value":"//*[@id=\"backBtn\"]"}
RESULT: {"using":"xpath","value":"//*[@id=\"backBtn\"]"}
COMMAND: POST /session/29f4302be0dc04edb0851c5907fd2353/element/f.131A3F10D0424D71AAC18CBC21A849DC.d.1E6DE0762138773944EC569BB9479FAE.e.3237/click - {}
RESULT: {"script":"<script> [8489 bytes]","args":[{"element-6066-11e4-a52e-4f735466cecf":"f.131A3F10D0424D71AAC18CBC21A849DC.d.1E6DE0762138773944EC569BB9479FAE.e.6801","ELEMENT":"f.131A3F10D0424D71AAC18CBC21A849DC.d.1E6DE0762138773944EC569BB9479FAE.e.6801"}]}
COMMAND: GET /session/29f4302be0dc04edb0851c5907fd2353/screenshot - {}
RESULT: {}
COMMAND: GET /session/29f4302be0dc04edb0851c5907fd2353/screenshot - {}
RESULT: {}
RESULT: {}
COMMAND: POST /session/29f4302be0dc04edb0851c5907fd2353/execute/sync - {"script":"<script> [8489 bytes]","args":[{"element-6066-11e4-a52e-4f735466cecf":"f.131A3F10D0424D71AAC18CBC21A849DC.d.1E6DE0762138773944EC569BB9479FAE.e.6568","ELEMENT":"f.131A3F10D0424D71AAC18CBC21A849DC.d.1E6DE0762138773944EC569BB9479FAE.e.6568"}]}
COMMAND: POST /session/29f4302be0dc04edb0851c5907fd2353/element - {"using":"xpath","value":"//*[contains(@data-kt ,\"webshopDetailContractLink\")]"}
RESULT: {"using":"xpath","value":"//*[contains(@data-kt ,\"webshopDetailContractLink\")]"}
COMMAND: POST /session/29f4302be0dc04edb0851c5907fd2353/execute/sync - {"script":"<script> [8489 bytes]","args":[{"element-6066-11e4-a52e-4f735466cecf":"f.131A3F10D0424D71AAC18CBC21A849DC.d.1E6DE0762138773944EC569BB9479FAE.e.6936","ELEMENT":"f.131A3F10D0424D71AAC18CBC21A849DC.d.1E6DE0762138773944EC569BB9479FAE.e.6936"}]}
RESULT: {"script":"<script> [8489 bytes]","args":[{"element-6066-11e4-a52e-4f735466cecf":"f.131A3F10D0424D71AAC18CBC21A849DC.d.1E6DE0762138773944EC569BB9479FAE.e.6936","ELEMENT":"f.131A3F10D0424D71AAC18CBC21A849DC.d.1E6DE0762138773944EC569BB9479FAE.e.6936"}]}
COMMAND: POST /session/29f4302be0dc04edb0851c5907fd2353/execute/sync - {"script":"<script> [5351 bytes]","args":[{"element-6066-11e4-a52e-4f735466cecf":"f.131A3F10D0424D71AAC18CBC21A849DC.d.1E6DE0762138773944EC569BB9479FAE.e.6936","ELEMENT":"f.131A3F10D0424D71AAC18CBC21A849DC.d.1E6DE0762138773944EC569BB9479FAE.e.6936"}]}
COMMAND: GET /session/29f4302be0dc04edb0851c5907fd2353/screenshot - {}
RESULT: {"script":"<script> [5351 bytes]","args":[{"element-6066-11e4-a52e-4f735466cecf":"f.131A3F10D0424D71AAC18CBC21A849DC.d.1E6DE0762138773944EC569BB9479FAE.e.6936","ELEMENT":"f.131A3F10D0424D71AAC18CBC21A849DC.d.1E6DE0762138773944EC569BB9479FAE.e.6936"}]}
COMMAND: POST /session/29f4302be0dc04edb0851c5907fd2353/element - {"using":"xpath","value":"//*[contains(@data-kt ,\"webshopDetailContractLink\")]"}
COMMAND: GET /session/29f4302be0dc04edb0851c5907fd2353/screenshot - {}
RESULT: {}
RESULT: {"using":"xpath","value":"//*[contains(@data-kt ,\"webshopDetailContractLink\")]"}
COMMAND: POST /session/29f4302be0dc04edb0851c5907fd2353/element/f.131A3F10D0424D71AAC18CBC21A849DC.d.1E6DE0762138773944EC569BB9479FAE.e.6936/click - {}
RESULT: {}
RESULT: {}
COMMAND: GET /session/29f4302be0dc04edb0851c5907fd2353/screenshot - {}
RESULT: {}
COMMAND: POST /session/29f4302be0dc04edb0851c5907fd2353/element - {"using":"xpath","value":"//button[contains(@data-kt ,\"ContextMenuExternalId2Link\")]"}
RESULT: {"using":"xpath","value":"//button[contains(@data-kt ,\"ContextMenuExternalId2Link\")]"}
COMMAND: POST /session/29f4302be0dc04edb0851c5907fd2353/element/f.131A3F10D0424D71AAC18CBC21A849DC.d.1E6DE0762138773944EC569BB9479FAE.e.6937/click - {}
RESULT: {}
COMMAND: GET /session/29f4302be0dc04edb0851c5907fd2353/screenshot - {}
RESULT: {}
COMMAND: GET /session/29f4302be0dc04edb0851c5907fd2353/window/handles - {}
RESULT: {}
COMMAND: POST /session/29f4302be0dc04edb0851c5907fd2353/window - {"handle":"64E4F2DDF4CAF515D3AF7B2A8F3D46C5"}
RESULT: {"handle":"64E4F2DDF4CAF515D3AF7B2A8F3D46C5"}
COMMAND: GET /session/29f4302be0dc04edb0851c5907fd2353/url - {}
RESULT: {}
COMMAND: GET /session/29f4302be0dc04edb0851c5907fd2353/screenshot - {}
RESULT: {}
COMMAND: POST /session/29f4302be0dc04edb0851c5907fd2353/execute/sync - {"script":"<script> [8489 bytes]","args":[{"element-6066-11e4-a52e-4f735466cecf":"f.131A3F10D0424D71AAC18CBC21A849DC.d.1E6DE0762138773944EC569BB9479FAE.e.6801","ELEMENT":"f.131A3F10D0424D71AAC18CBC21A849DC.d.1E6DE0762138773944EC569BB9479FAE.e.6801"}]}
COMMAND: DELETE /session/29f4302be0dc04edb0851c5907fd2353/window - {}
RESULT: {}
COMMAND: POST /session/29f4302be0dc04edb0851c5907fd2353/window - {"handle":"131A3F10D0424D71AAC18CBC21A849DC"}
RESULT: {"handle":"131A3F10D0424D71AAC18CBC21A849DC"}
COMMAND: GET /session/29f4302be0dc04edb0851c5907fd2353/url - {}
COMMAND: POST /session/29f4302be0dc04edb0851c5907fd2353/element - {"using":"xpath","value":"//span[contains(@id ,\"contractDetailTitleNoExpanded\")][contains(text(), \"10420\")]"}
RESULT: {}
COMMAND: GET /session/29f4302be0dc04edb0851c5907fd2353/screenshot - {}
RESULT: {"using":"xpath","value":"//span[contains(@id ,\"contractDetailTitleNoExpanded\")][contains(text(), \"10420\")]"}
COMMAND: POST /session/29f4302be0dc04edb0851c5907fd2353/element - {"using":"xpath","value":"//span[contains(@id ,\"contractDetailTitleNoExpanded\")][contains(text(), \"10420\")]"}
COMMAND: POST /session/29f4302be0dc04edb0851c5907fd2353/element - {"using":"xpath","value":"//*[contains(@data-kt ,\"webshopDetailCatalogItemLink\")]"}
RESULT: {}
RESULT: {"using":"xpath","value":"//span[contains(@id ,\"contractDetailTitleNoExpanded\")][contains(text(), \"10420\")]"}
RESULT: {"using":"xpath","value":"//*[contains(@data-kt ,\"webshopDetailCatalogItemLink\")]"}
COMMAND: POST /session/29f4302be0dc04edb0851c5907fd2353/execute/sync - {"script":"<script> [8489 bytes]","args":[{"element-6066-11e4-a52e-4f735466cecf":"f.131A3F10D0424D71AAC18CBC21A849DC.d.1E6DE0762138773944EC569BB9479FAE.e.7087","ELEMENT":"f.131A3F10D0424D71AAC18CBC21A849DC.d.1E6DE0762138773944EC569BB9479FAE.e.7087"}]}
RESULT: {"script":"<script> [8489 bytes]","args":[{"element-6066-11e4-a52e-4f735466cecf":"f.131A3F10D0424D71AAC18CBC21A849DC.d.1E6DE0762138773944EC569BB9479FAE.e.7087","ELEMENT":"f.131A3F10D0424D71AAC18CBC21A849DC.d.1E6DE0762138773944EC569BB9479FAE.e.7087"}]}
COMMAND: POST /session/29f4302be0dc04edb0851c5907fd2353/execute/sync - {"script":"<script> [5351 bytes]","args":[{"element-6066-11e4-a52e-4f735466cecf":"f.131A3F10D0424D71AAC18CBC21A849DC.d.1E6DE0762138773944EC569BB9479FAE.e.7087","ELEMENT":"f.131A3F10D0424D71AAC18CBC21A849DC.d.1E6DE0762138773944EC569BB9479FAE.e.7087"}]}
RESULT: {"script":"<script> [5351 bytes]","args":[{"element-6066-11e4-a52e-4f735466cecf":"f.131A3F10D0424D71AAC18CBC21A849DC.d.1E6DE0762138773944EC569BB9479FAE.e.7087","ELEMENT":"f.131A3F10D0424D71AAC18CBC21A849DC.d.1E6DE0762138773944EC569BB9479FAE.e.7087"}]}
COMMAND: POST /session/29f4302be0dc04edb0851c5907fd2353/element - {"using":"xpath","value":"//*[contains(@data-kt ,\"webshopDetailCatalogItemLink\")]"}
RESULT: {"using":"xpath","value":"//*[contains(@data-kt ,\"webshopDetailCatalogItemLink\")]"}
COMMAND: POST /session/29f4302be0dc04edb0851c5907fd2353/element/f.131A3F10D0424D71AAC18CBC21A849DC.d.1E6DE0762138773944EC569BB9479FAE.e.7087/click - {}
COMMAND: GET /session/29f4302be0dc04edb0851c5907fd2353/screenshot - {}
COMMAND: GET /session/29f4302be0dc04edb0851c5907fd2353/screenshot - {}
COMMAND: POST /session/29f4302be0dc04edb0851c5907fd2353/element - {"using":"xpath","value":"//span[contains(@id ,\"contractDetailTitleNoExpanded\")][contains(text(), \"10420\")]"}
RESULT: {}
COMMAND: GET /session/29f4302be0dc04edb0851c5907fd2353/screenshot - {}
RESULT: {}
RESULT: {}
RESULT: {"using":"xpath","value":"//span[contains(@id ,\"contractDetailTitleNoExpanded\")][contains(text(), \"10420\")]"}
RESULT: {}
COMMAND: POST /session/29f4302be0dc04edb0851c5907fd2353/element - {"using":"xpath","value":"//span[contains(@id ,\"contractDetailTitleNoExpanded\")][contains(text(), \"10420\")]"}
RESULT: {"using":"xpath","value":"//span[contains(@id ,\"contractDetailTitleNoExpanded\")][contains(text(), \"10420\")]"}
COMMAND: POST /session/29f4302be0dc04edb0851c5907fd2353/element - {"using":"xpath","value":"//span[contains(@id ,\"contractDetailTitleNoExpanded\")][contains(text(), \"10420\")]"}
RESULT: {"using":"xpath","value":"//span[contains(@id ,\"contractDetailTitleNoExpanded\")][contains(text(), \"10420\")]"}
COMMAND: POST /session/29f4302be0dc04edb0851c5907fd2353/element - {"using":"xpath","value":"//span[contains(@id ,\"contractDetailTitleNoExpanded\")][contains(text(), \"10420\")]"}
RESULT: {"using":"xpath","value":"//span[contains(@id ,\"contractDetailTitleNoExpanded\")][contains(text(), \"10420\")]"}
COMMAND: POST /session/29f4302be0dc04edb0851c5907fd2353/element - {"using":"xpath","value":"//span[contains(@id ,\"contractDetailTitleNoExpanded\")][contains(text(), \"10420\")]"}
RESULT: {"using":"xpath","value":"//span[contains(@id ,\"contractDetailTitleNoExpanded\")][contains(text(), \"10420\")]"}
COMMAND: POST /session/29f4302be0dc04edb0851c5907fd2353/element - {"using":"xpath","value":"//span[contains(@id ,\"contractDetailTitleNoExpanded\")][contains(text(), \"10420\")]"}
RESULT: {"using":"xpath","value":"//span[contains(@id ,\"contractDetailTitleNoExpanded\")][contains(text(), \"10420\")]"}
COMMAND: POST /session/29f4302be0dc04edb0851c5907fd2353/element - {"using":"xpath","value":"//span[contains(@id ,\"contractDetailTitleNoExpanded\")][contains(text(), \"10420\")]"}
RESULT: {"using":"xpath","value":"//span[contains(@id ,\"contractDetailTitleNoExpanded\")][contains(text(), \"10420\")]"}
COMMAND: POST /session/29f4302be0dc04edb0851c5907fd2353/element - {"using":"xpath","value":"//span[contains(@id ,\"contractDetailTitleNoExpanded\")][contains(text(), \"10420\")]"}
RESULT: {"using":"xpath","value":"//span[contains(@id ,\"contractDetailTitleNoExpanded\")][contains(text(), \"10420\")]"}
COMMAND: POST /session/29f4302be0dc04edb0851c5907fd2353/element - {"using":"xpath","value":"(//span[contains(text(), \"Dri-Prime CD150M Diesel Pump\")])[2]"}
RESULT: {"using":"xpath","value":"(//span[contains(text(), \"Dri-Prime CD150M Diesel Pump\")])[2]"}
COMMAND: POST /session/29f4302be0dc04edb0851c5907fd2353/execute/sync - {"script":"<script> [8489 bytes]","args":[{"element-6066-11e4-a52e-4f735466cecf":"f.131A3F10D0424D71AAC18CBC21A849DC.d.1E6DE0762138773944EC569BB9479FAE.e.7093","ELEMENT":"f.131A3F10D0424D71AAC18CBC21A849DC.d.1E6DE0762138773944EC569BB9479FAE.e.7093"}]}
COMMAND: POST /session/29f4302be0dc04edb0851c5907fd2353/element - {"using":"xpath","value":"(//span[contains(text(), \"Description\")])[1]"}
RESULT: {"using":"xpath","value":"(//span[contains(text(), \"Description\")])[1]"}
COMMAND: GET /session/29f4302be0dc04edb0851c5907fd2353/element/f.131A3F10D0424D71AAC18CBC21A849DC.d.1E6DE0762138773944EC569BB9479FAE.e.7094/rect - {}
RESULT: {"script":"<script> [8489 bytes]","args":[{"element-6066-11e4-a52e-4f735466cecf":"f.131A3F10D0424D71AAC18CBC21A849DC.d.1E6DE0762138773944EC569BB9479FAE.e.7093","ELEMENT":"f.131A3F10D0424D71AAC18CBC21A849DC.d.1E6DE0762138773944EC569BB9479FAE.e.7093"}]}
COMMAND: GET /session/29f4302be0dc04edb0851c5907fd2353/screenshot - {}
COMMAND: POST /session/29f4302be0dc04edb0851c5907fd2353/element - {"using":"xpath","value":"//span[contains(@id ,\"contractDetailTitleNoExpanded\")][contains(text(), \"10420\")]"}
RESULT: {}
COMMAND: GET /session/29f4302be0dc04edb0851c5907fd2353/window/rect - {}
RESULT: {}
RESULT: {"using":"xpath","value":"//span[contains(@id ,\"contractDetailTitleNoExpanded\")][contains(text(), \"10420\")]"}
RESULT: {}
COMMAND: POST /session/29f4302be0dc04edb0851c5907fd2353/execute/sync - {"script":"<script> [92 bytes]","args":[]}
RESULT: {"script":"<script> [92 bytes]","args":[]}
COMMAND: POST /session/29f4302be0dc04edb0851c5907fd2353/actions - {"actions":[{"id":"action10","type":"wheel","parameters":{},"actions":[{"type":"scroll","x":-1833,"y":-23,"deltaX":0,"deltaY":0,"duration":0,"origin":{"element-6066-11e4-a52e-4f735466cecf":"f.131A3F10D0424D71AAC18CBC21A849DC.d.1E6DE0762138773944EC569BB9479FAE.e.7094"}}]}]}
COMMAND: GET /session/29f4302be0dc04edb0851c5907fd2353/screenshot - {}
RESULT: {}
COMMAND: POST /session/29f4302be0dc04edb0851c5907fd2353/execute/sync - {"script":"<script> [79 bytes]","args":[{"element-6066-11e4-a52e-4f735466cecf":"f.131A3F10D0424D71AAC18CBC21A849DC.d.1E6DE0762138773944EC569BB9479FAE.e.7094","ELEMENT":"f.131A3F10D0424D71AAC18CBC21A849DC.d.1E6DE0762138773944EC569BB9479FAE.e.7094"},{"block":"start","inline":"nearest"}]}
RESULT: {"script":"<script> [79 bytes]","args":[{"element-6066-11e4-a52e-4f735466cecf":"f.131A3F10D0424D71AAC18CBC21A849DC.d.1E6DE0762138773944EC569BB9479FAE.e.7094","ELEMENT":"f.131A3F10D0424D71AAC18CBC21A849DC.d.1E6DE0762138773944EC569BB9479FAE.e.7094"},{"block":"start","inline":"nearest"}]}
COMMAND: GET /session/29f4302be0dc04edb0851c5907fd2353/screenshot - {}
COMMAND: POST /session/29f4302be0dc04edb0851c5907fd2353/element - {"using":"xpath","value":"//span[contains(@id ,\"contractDetailTitleNoExpanded\")][contains(text(), \"10420\")]"}
RESULT: {}
RESULT: {"using":"xpath","value":"//span[contains(@id ,\"contractDetailTitleNoExpanded\")][contains(text(), \"10420\")]"}
COMMAND: POST /session/29f4302be0dc04edb0851c5907fd2353/element - {"using":"xpath","value":"//span[contains(@id ,\"contractDetailTitleNoExpanded\")][contains(text(), \"10420\")]"}
RESULT: {"using":"xpath","value":"//span[contains(@id ,\"contractDetailTitleNoExpanded\")][contains(text(), \"10420\")]"}
COMMAND: POST /session/29f4302be0dc04edb0851c5907fd2353/element - {"using":"xpath","value":"//span[contains(@id ,\"contractDetailTitleNoExpanded\")][contains(text(), \"10420\")]"}
RESULT: {"using":"xpath","value":"//span[contains(@id ,\"contractDetailTitleNoExpanded\")][contains(text(), \"10420\")]"}
COMMAND: POST /session/29f4302be0dc04edb0851c5907fd2353/element - {"using":"xpath","value":"//span[contains(@id ,\"contractDetailTitleNoExpanded\")][contains(text(), \"10420\")]"}
RESULT: {"using":"xpath","value":"//span[contains(@id ,\"contractDetailTitleNoExpanded\")][contains(text(), \"10420\")]"}
COMMAND: POST /session/29f4302be0dc04edb0851c5907fd2353/element - {"using":"xpath","value":"//span[contains(@id ,\"contractDetailTitleNoExpanded\")][contains(text(), \"10420\")]"}
RESULT: {"using":"xpath","value":"//span[contains(@id ,\"contractDetailTitleNoExpanded\")][contains(text(), \"10420\")]"}
COMMAND: POST /session/29f4302be0dc04edb0851c5907fd2353/element - {"using":"xpath","value":"//span[contains(@id ,\"contractDetailTitleNoExpanded\")][contains(text(), \"10420\")]"}
RESULT: {"using":"xpath","value":"//span[contains(@id ,\"contractDetailTitleNoExpanded\")][contains(text(), \"10420\")]"}
COMMAND: POST /session/29f4302be0dc04edb0851c5907fd2353/element - {"using":"xpath","value":"(//textarea[@rows=\"15\"])[1]"}
RESULT: {"using":"xpath","value":"(//textarea[@rows=\"15\"])[1]"}
COMMAND: POST /session/29f4302be0dc04edb0851c5907fd2353/execute/sync - {"script":"<script> [8489 bytes]","args":[{"element-6066-11e4-a52e-4f735466cecf":"f.131A3F10D0424D71AAC18CBC21A849DC.d.1E6DE0762138773944EC569BB9479FAE.e.7092","ELEMENT":"f.131A3F10D0424D71AAC18CBC21A849DC.d.1E6DE0762138773944EC569BB9479FAE.e.7092"}]}
RESULT: {"script":"<script> [8489 bytes]","args":[{"element-6066-11e4-a52e-4f735466cecf":"f.131A3F10D0424D71AAC18CBC21A849DC.d.1E6DE0762138773944EC569BB9479FAE.e.7092","ELEMENT":"f.131A3F10D0424D71AAC18CBC21A849DC.d.1E6DE0762138773944EC569BB9479FAE.e.7092"}]}
COMMAND: GET /session/29f4302be0dc04edb0851c5907fd2353/screenshot - {}
RESULT: {}
COMMAND: POST /session/29f4302be0dc04edb0851c5907fd2353/element - {"using":"xpath","value":"//span[contains(@id ,\"contractDetailTitleNoExpanded\")][contains(text(), \"10420\")]"}
RESULT: {"using":"xpath","value":"//span[contains(@id ,\"contractDetailTitleNoExpanded\")][contains(text(), \"10420\")]"}
COMMAND: POST /session/29f4302be0dc04edb0851c5907fd2353/element - {"using":"xpath","value":"//span[contains(@id ,\"contractDetailTitleNoExpanded\")][contains(text(), \"10420\")]"}
RESULT: {"using":"xpath","value":"//span[contains(@id ,\"contractDetailTitleNoExpanded\")][contains(text(), \"10420\")]"}
COMMAND: POST /session/29f4302be0dc04edb0851c5907fd2353/element - {"using":"xpath","value":"//span[contains(@id ,\"contractDetailTitleNoExpanded\")][contains(text(), \"10420\")]"}
RESULT: {"using":"xpath","value":"//span[contains(@id ,\"contractDetailTitleNoExpanded\")][contains(text(), \"10420\")]"}
COMMAND: POST /session/29f4302be0dc04edb0851c5907fd2353/element - {"using":"xpath","value":"//span[contains(@id ,\"contractDetailTitleNoExpanded\")][contains(text(), \"10420\")]"}
RESULT: {"using":"xpath","value":"//span[contains(@id ,\"contractDetailTitleNoExpanded\")][contains(text(), \"10420\")]"}
COMMAND: POST /session/29f4302be0dc04edb0851c5907fd2353/element - {"using":"xpath","value":"//span[contains(@id ,\"contractDetailTitleNoExpanded\")][contains(text(), \"10420\")]"}
RESULT: {"using":"xpath","value":"//span[contains(@id ,\"contractDetailTitleNoExpanded\")][contains(text(), \"10420\")]"}
COMMAND: POST /session/29f4302be0dc04edb0851c5907fd2353/element - {"using":"xpath","value":"//span[contains(@id ,\"contractDetailTitleNoExpanded\")][contains(text(), \"10420\")]"}
RESULT: {"using":"xpath","value":"//span[contains(@id ,\"contractDetailTitleNoExpanded\")][contains(text(), \"10420\")]"}
COMMAND: POST /session/29f4302be0dc04edb0851c5907fd2353/element - {"using":"xpath","value":"//span[contains(@id ,\"contractDetailTitleNoExpanded\")][contains(text(), \"10420\")]"}
RESULT: {"using":"xpath","value":"//span[contains(@id ,\"contractDetailTitleNoExpanded\")][contains(text(), \"10420\")]"}
COMMAND: POST /session/29f4302be0dc04edb0851c5907fd2353/element - {"using":"xpath","value":"//span[contains(@id ,\"contractDetailTitleNoExpanded\")][contains(text(), \"10420\")]"}
RESULT: {"using":"xpath","value":"//span[contains(@id ,\"contractDetailTitleNoExpanded\")][contains(text(), \"10420\")]"}
COMMAND: POST /session/29f4302be0dc04edb0851c5907fd2353/element - {"using":"xpath","value":"//span[contains(@id ,\"contractDetailTitleNoExpanded\")][contains(text(), \"10420\")]"}
COMMAND: POST /session/29f4302be0dc04edb0851c5907fd2353/execute/async - {"script":"<script> [1562 bytes]","args":[{"selector":{"controlType":"sap.tnt.NavigationListItem","viewName":"etm.portal.ui.webshop.view.RequestDetail","i18NText":{"propertyName":"text","key":"exit"},"interaction":{"idSuffix":"a"}},"wdio_ui5_key":"etmportal.ui.webshop.view.RequestDetailsap.tnt.NavigationListItem{\"propertyName\":\"text\",\"key\":\"exit\"}"}]}
RESULT: {"using":"xpath","value":"//span[contains(@id ,\"contractDetailTitleNoExpanded\")][contains(text(), \"10420\")]"}
COMMAND: POST /session/29f4302be0dc04edb0851c5907fd2353/element - {"using":"xpath","value":"//span[contains(@id ,\"contractDetailTitleNoExpanded\")][contains(text(), \"10420\")]"}
RESULT: {"script":"<script> [1562 bytes]","args":[{"selector":{"controlType":"sap.tnt.NavigationListItem","viewName":"etm.portal.ui.webshop.view.RequestDetail","i18NText":{"propertyName":"text","key":"exit"},"interaction":{"idSuffix":"a"}},"wdio_ui5_key":"etmportal.ui.webshop.view.RequestDetailsap.tnt.NavigationListItem{\"propertyName\":\"text\",\"key\":\"exit\"}"}]}
RESULT: undefined
COMMAND: POST /session/29f4302be0dc04edb0851c5907fd2353/element - {"using":"xpath","value":"//*[@id=\"__item3989\"]"}
RESULT: {"using":"xpath","value":"//span[contains(@id ,\"contractDetailTitleNoExpanded\")][contains(text(), \"10420\")]"}
RESULT: {"using":"xpath","value":"//*[@id=\"__item3989\"]"}
COMMAND: POST /session/29f4302be0dc04edb0851c5907fd2353/element/f.131A3F10D0424D71AAC18CBC21A849DC.d.1E6DE0762138773944EC569BB9479FAE.e.7100/click - {}
COMMAND: POST /session/29f4302be0dc04edb0851c5907fd2353/element - {"using":"xpath","value":"//span[contains(@id ,\"contractDetailTitleNoExpanded\")][contains(text(), \"10420\")]"}
RESULT: {}
RESULT: {"using":"xpath","value":"//span[contains(@id ,\"contractDetailTitleNoExpanded\")][contains(text(), \"10420\")]"}
COMMAND: GET /session/29f4302be0dc04edb0851c5907fd2353/screenshot - {}
RESULT: {}
COMMAND: POST /session/29f4302be0dc04edb0851c5907fd2353/element - {"using":"xpath","value":"//span[contains(@id ,\"contractDetailTitleNoExpanded\")][contains(text(), \"10420\")]"}
RESULT: {"using":"xpath","value":"//span[contains(@id ,\"contractDetailTitleNoExpanded\")][contains(text(), \"10420\")]"}
COMMAND: POST /session/29f4302be0dc04edb0851c5907fd2353/element - {"using":"xpath","value":"//span[contains(@id ,\"contractDetailTitleNoExpanded\")][contains(text(), \"10420\")]"}
RESULT: {"using":"xpath","value":"//span[contains(@id ,\"contractDetailTitleNoExpanded\")][contains(text(), \"10420\")]"}
COMMAND: POST /session/29f4302be0dc04edb0851c5907fd2353/element - {"using":"xpath","value":"//span[contains(@id ,\"contractDetailTitleNoExpanded\")][contains(text(), \"10420\")]"}
RESULT: {"using":"xpath","value":"//span[contains(@id ,\"contractDetailTitleNoExpanded\")][contains(text(), \"10420\")]"}
COMMAND: POST /session/29f4302be0dc04edb0851c5907fd2353/element - {"using":"xpath","value":"//span[contains(@id ,\"contractDetailTitleNoExpanded\")][contains(text(), \"10420\")]"}
RESULT: {"using":"xpath","value":"//span[contains(@id ,\"contractDetailTitleNoExpanded\")][contains(text(), \"10420\")]"}
COMMAND: POST /session/29f4302be0dc04edb0851c5907fd2353/element - {"using":"xpath","value":"//span[contains(@id ,\"contractDetailTitleNoExpanded\")][contains(text(), \"10420\")]"}
RESULT: {"using":"xpath","value":"//span[contains(@id ,\"contractDetailTitleNoExpanded\")][contains(text(), \"10420\")]"}
COMMAND: POST /session/29f4302be0dc04edb0851c5907fd2353/element - {"using":"xpath","value":"//span[contains(@id ,\"contractDetailTitleNoExpanded\")][contains(text(), \"10420\")]"}
RESULT: {"using":"xpath","value":"//span[contains(@id ,\"contractDetailTitleNoExpanded\")][contains(text(), \"10420\")]"}
COMMAND: POST /session/29f4302be0dc04edb0851c5907fd2353/element - {"using":"xpath","value":"//span[contains(@id ,\"contractDetailTitleNoExpanded\")][contains(text(), \"10420\")]"}
RESULT: {"using":"xpath","value":"//span[contains(@id ,\"contractDetailTitleNoExpanded\")][contains(text(), \"10420\")]"}
COMMAND: POST /session/29f4302be0dc04edb0851c5907fd2353/element - {"using":"css selector","value":"#shell-header-logo"}
RESULT: {"using":"css selector","value":"#shell-header-logo"}
COMMAND: POST /session/29f4302be0dc04edb0851c5907fd2353/element/f.131A3F10D0424D71AAC18CBC21A849DC.d.1E6DE0762138773944EC569BB9479FAE.e.3237/click - {}
COMMAND: POST /session/29f4302be0dc04edb0851c5907fd2353/element - {"using":"xpath","value":"//span[contains(@id ,\"contractDetailTitleNoExpanded\")][contains(text(), \"10420\")]"}
RESULT: {}
COMMAND: GET /session/29f4302be0dc04edb0851c5907fd2353/screenshot - {}
RESULT: {"using":"xpath","value":"//span[contains(@id ,\"contractDetailTitleNoExpanded\")][contains(text(), \"10420\")]"}
RESULT: {}
COMMAND: POST /session/29f4302be0dc04edb0851c5907fd2353/element - {"using":"xpath","value":"//span[contains(@id ,\"contractDetailTitleNoExpanded\")][contains(text(), \"10420\")]"}
RESULT: {"using":"xpath","value":"//span[contains(@id ,\"contractDetailTitleNoExpanded\")][contains(text(), \"10420\")]"}
COMMAND: POST /session/29f4302be0dc04edb0851c5907fd2353/element - {"using":"xpath","value":"//span[contains(@id ,\"contractDetailTitleNoExpanded\")][contains(text(), \"10420\")]"}
RESULT: {"using":"xpath","value":"//span[contains(@id ,\"contractDetailTitleNoExpanded\")][contains(text(), \"10420\")]"}
COMMAND: POST /session/29f4302be0dc04edb0851c5907fd2353/element - {"using":"xpath","value":"//span[contains(@id ,\"contractDetailTitleNoExpanded\")][contains(text(), \"10420\")]"}
RESULT: {"using":"xpath","value":"//span[contains(@id ,\"contractDetailTitleNoExpanded\")][contains(text(), \"10420\")]"}
COMMAND: POST /session/29f4302be0dc04edb0851c5907fd2353/element - {"using":"xpath","value":"//span[contains(@id ,\"contractDetailTitleNoExpanded\")][contains(text(), \"10420\")]"}
RESULT: {"using":"xpath","value":"//span[contains(@id ,\"contractDetailTitleNoExpanded\")][contains(text(), \"10420\")]"}
]]></system-out>
    </testcase>
  </testsuite>
  <testsuite timestamp="2025-06-01T16:28:00" time="67.16" tests="1" failures="0" errors="0" skipped="0">
    <properties>
      <property name="specId" value="0"/>
      <property name="suiteName" value="Add items into the basket without creating a request US151315"/>
      <property name="capabilities" value="chrome.136_0_7103_93.windows"/>
      <property name="file" value="file:///D:/a/1/s/test/specs/R2C/add-items-into-basket-wo-creating-a-request.spec.js"/>
    </properties>
    <testcase classname="chrome.136_0_7103_93.windows.Add_items_into_the_basket_without_creating_a_request_US151315" name="Should verify if a catalog item can be added without creating a request" time="63.953">
      <system-out><![CDATA[
RESULT: undefined
COMMAND: POST /session/29f4302be0dc04edb0851c5907fd2353/element - {"using":"xpath","value":"//*[@id=\"__tile49\"]"}
RESULT: {"using":"xpath","value":"//*[@id=\"__tile49\"]"}
COMMAND: POST /session/29f4302be0dc04edb0851c5907fd2353/element/f.131A3F10D0424D71AAC18CBC21A849DC.d.1E6DE0762138773944EC569BB9479FAE.e.2983/click - {}
COMMAND: POST /session/29f4302be0dc04edb0851c5907fd2353/element - {"using":"xpath","value":"//span[contains(@id ,\"contractDetailTitleNoExpanded\")][contains(text(), \"10420\")]"}
RESULT: {}
COMMAND: GET /session/29f4302be0dc04edb0851c5907fd2353/screenshot - {}
RESULT: {"using":"xpath","value":"//span[contains(@id ,\"contractDetailTitleNoExpanded\")][contains(text(), \"10420\")]"}
COMMAND: POST /session/29f4302be0dc04edb0851c5907fd2353/element - {"using":"xpath","value":"//span[contains(@id ,\"contractDetailTitleNoExpanded\")][contains(text(), \"10420\")]"}
RESULT: {}
RESULT: {"using":"xpath","value":"//span[contains(@id ,\"contractDetailTitleNoExpanded\")][contains(text(), \"10420\")]"}
COMMAND: POST /session/29f4302be0dc04edb0851c5907fd2353/elements - {"using":"xpath","value":"//span[text()='Error']"}
COMMAND: POST /session/29f4302be0dc04edb0851c5907fd2353/element - {"using":"xpath","value":"//span[contains(@id ,\"contractDetailTitleNoExpanded\")][contains(text(), \"10420\")]"}
RESULT: {"using":"xpath","value":"//span[text()='Error']"}
RESULT: {"using":"xpath","value":"//span[contains(@id ,\"contractDetailTitleNoExpanded\")][contains(text(), \"10420\")]"}
COMMAND: POST /session/29f4302be0dc04edb0851c5907fd2353/element - {"using":"xpath","value":"//span[contains(@id ,\"contractDetailTitleNoExpanded\")][contains(text(), \"10420\")]"}
RESULT: {"using":"xpath","value":"//span[contains(@id ,\"contractDetailTitleNoExpanded\")][contains(text(), \"10420\")]"}
COMMAND: POST /session/29f4302be0dc04edb0851c5907fd2353/element - {"using":"xpath","value":"//span[contains(@id ,\"contractDetailTitleNoExpanded\")][contains(text(), \"10420\")]"}
RESULT: {"using":"xpath","value":"//span[contains(@id ,\"contractDetailTitleNoExpanded\")][contains(text(), \"10420\")]"}
COMMAND: POST /session/29f4302be0dc04edb0851c5907fd2353/element - {"using":"css selector","value":"#requestCreationDialog--createRequestPopUp-title-inner"}
RESULT: {"using":"css selector","value":"#requestCreationDialog--createRequestPopUp-title-inner"}
COMMAND: POST /session/29f4302be0dc04edb0851c5907fd2353/execute/sync - {"script":"<script> [8489 bytes]","args":[{"element-6066-11e4-a52e-4f735466cecf":"f.131A3F10D0424D71AAC18CBC21A849DC.d.1E6DE0762138773944EC569BB9479FAE.e.7180","ELEMENT":"f.131A3F10D0424D71AAC18CBC21A849DC.d.1E6DE0762138773944EC569BB9479FAE.e.7180"}]}
RESULT: {"script":"<script> [8489 bytes]","args":[{"element-6066-11e4-a52e-4f735466cecf":"f.131A3F10D0424D71AAC18CBC21A849DC.d.1E6DE0762138773944EC569BB9479FAE.e.7180","ELEMENT":"f.131A3F10D0424D71AAC18CBC21A849DC.d.1E6DE0762138773944EC569BB9479FAE.e.7180"}]}
COMMAND: GET /session/29f4302be0dc04edb0851c5907fd2353/element/f.131A3F10D0424D71AAC18CBC21A849DC.d.1E6DE0762138773944EC569BB9479FAE.e.7180/enabled - {}
COMMAND: GET /session/29f4302be0dc04edb0851c5907fd2353/screenshot - {}
RESULT: {}
COMMAND: POST /session/29f4302be0dc04edb0851c5907fd2353/element - {"using":"xpath","value":"//span[contains(@id ,\"requestCreationDialog--cancelButton-content\")]"}
COMMAND: GET /session/29f4302be0dc04edb0851c5907fd2353/screenshot - {}
RESULT: {}
RESULT: {"using":"xpath","value":"//span[contains(@id ,\"requestCreationDialog--cancelButton-content\")]"}
COMMAND: POST /session/29f4302be0dc04edb0851c5907fd2353/element/f.131A3F10D0424D71AAC18CBC21A849DC.d.1E6DE0762138773944EC569BB9479FAE.e.7181/click - {}
RESULT: {}
RESULT: {}
COMMAND: GET /session/29f4302be0dc04edb0851c5907fd2353/screenshot - {}
RESULT: {}
COMMAND: POST /session/29f4302be0dc04edb0851c5907fd2353/element - {"using":"xpath","value":"//input[contains(@id ,\"searchFiledId-I\")]"}
RESULT: {"using":"xpath","value":"//input[contains(@id ,\"searchFiledId-I\")]"}
COMMAND: POST /session/29f4302be0dc04edb0851c5907fd2353/element/f.131A3F10D0424D71AAC18CBC21A849DC.d.1E6DE0762138773944EC569BB9479FAE.e.7103/value - {"text":"Dri-Prime CD150M Diesel Pump"}
RESULT: {"text":"Dri-Prime CD150M Diesel Pump"}
COMMAND: POST /session/29f4302be0dc04edb0851c5907fd2353/actions - {"actions":[{"id":"action11","type":"key","parameters":{},"actions":[{"type":"keyDown","value":""},{"type":"pause","duration":10},{"type":"keyUp","value":""}]}]}
COMMAND: GET /session/29f4302be0dc04edb0851c5907fd2353/screenshot - {}
RESULT: {"actions":[{"id":"action11","type":"key","parameters":{},"actions":[{"type":"keyDown","value":""},{"type":"pause","duration":10},{"type":"keyUp","value":""}]}]}
COMMAND: GET /session/29f4302be0dc04edb0851c5907fd2353/screenshot - {}
RESULT: {}
RESULT: {}
COMMAND: POST /session/29f4302be0dc04edb0851c5907fd2353/element - {"using":"xpath","value":"//span[contains(@id ,\"subTitle\")][contains(text(), \"Dri-Prime CD150M Diesel Pump\")]"}
RESULT: {"using":"xpath","value":"//span[contains(@id ,\"subTitle\")][contains(text(), \"Dri-Prime CD150M Diesel Pump\")]"}
COMMAND: POST /session/29f4302be0dc04edb0851c5907fd2353/element/f.131A3F10D0424D71AAC18CBC21A849DC.d.1E6DE0762138773944EC569BB9479FAE.e.7188/click - {}
RESULT: {}
COMMAND: GET /session/29f4302be0dc04edb0851c5907fd2353/screenshot - {}
RESULT: {}
COMMAND: POST /session/29f4302be0dc04edb0851c5907fd2353/element - {"using":"xpath","value":"//bdi[contains(text(), \"Add to Request\")]"}
RESULT: {"using":"xpath","value":"//bdi[contains(text(), \"Add to Request\")]"}
COMMAND: POST /session/29f4302be0dc04edb0851c5907fd2353/element/f.131A3F10D0424D71AAC18CBC21A849DC.d.1E6DE0762138773944EC569BB9479FAE.e.7200/click - {}
RESULT: {}
COMMAND: POST /session/29f4302be0dc04edb0851c5907fd2353/element - {"using":"xpath","value":"//div[contains(@class ,\"sapMMessageToast sapUiSelectable sapContrast sapContrastPlus sapUiUserSelectable\")]"}
COMMAND: GET /session/29f4302be0dc04edb0851c5907fd2353/screenshot - {}
RESULT: {"using":"xpath","value":"//div[contains(@class ,\"sapMMessageToast sapUiSelectable sapContrast sapContrastPlus sapUiUserSelectable\")]"}
COMMAND: POST /session/29f4302be0dc04edb0851c5907fd2353/execute/sync - {"script":"<script> [8489 bytes]","args":[{"element-6066-11e4-a52e-4f735466cecf":"f.131A3F10D0424D71AAC18CBC21A849DC.d.1E6DE0762138773944EC569BB9479FAE.e.7204","ELEMENT":"f.131A3F10D0424D71AAC18CBC21A849DC.d.1E6DE0762138773944EC569BB9479FAE.e.7204"}]}
RESULT: {}
RESULT: {"script":"<script> [8489 bytes]","args":[{"element-6066-11e4-a52e-4f735466cecf":"f.131A3F10D0424D71AAC18CBC21A849DC.d.1E6DE0762138773944EC569BB9479FAE.e.7204","ELEMENT":"f.131A3F10D0424D71AAC18CBC21A849DC.d.1E6DE0762138773944EC569BB9479FAE.e.7204"}]}
COMMAND: GET /session/29f4302be0dc04edb0851c5907fd2353/element/f.131A3F10D0424D71AAC18CBC21A849DC.d.1E6DE0762138773944EC569BB9479FAE.e.7204/text - {}
COMMAND: GET /session/29f4302be0dc04edb0851c5907fd2353/screenshot - {}
RESULT: {}
RESULT: {}
COMMAND: POST /session/29f4302be0dc04edb0851c5907fd2353/element - {"using":"xpath","value":"//bdi[contains(@id ,\"activeCartId-BDI-content\")]"}
RESULT: {"using":"xpath","value":"//bdi[contains(@id ,\"activeCartId-BDI-content\")]"}
COMMAND: GET /session/29f4302be0dc04edb0851c5907fd2353/element/f.131A3F10D0424D71AAC18CBC21A849DC.d.1E6DE0762138773944EC569BB9479FAE.e.7205/text - {}
RESULT: {}
COMMAND: POST /session/29f4302be0dc04edb0851c5907fd2353/element - {"using":"xpath","value":"//li[@title=\"Exit\"]"}
RESULT: {"using":"xpath","value":"//li[@title=\"Exit\"]"}
COMMAND: POST /session/29f4302be0dc04edb0851c5907fd2353/element/f.131A3F10D0424D71AAC18CBC21A849DC.d.1E6DE0762138773944EC569BB9479FAE.e.7160/click - {}
RESULT: {}
COMMAND: GET /session/29f4302be0dc04edb0851c5907fd2353/screenshot - {}
RESULT: {}
COMMAND: POST /session/29f4302be0dc04edb0851c5907fd2353/element - {"using":"css selector","value":"#shell-header-logo"}
RESULT: {"using":"css selector","value":"#shell-header-logo"}
COMMAND: POST /session/29f4302be0dc04edb0851c5907fd2353/element/f.131A3F10D0424D71AAC18CBC21A849DC.d.1E6DE0762138773944EC569BB9479FAE.e.7209/click - {}
RESULT: {}
COMMAND: GET /session/29f4302be0dc04edb0851c5907fd2353/screenshot - {}
RESULT: {}
]]></system-out>
    </testcase>
  </testsuite>
  <testsuite timestamp="2025-06-01T16:29:07" time="162.871" tests="1" failures="0" errors="0" skipped="0">
    <properties>
      <property name="specId" value="0"/>
      <property name="suiteName" value=" Webshop - Request management - Verifying the Master List - Filtering /Sorting - Deleting - Creating US151314"/>
      <property name="capabilities" value="chrome.136_0_7103_93.windows"/>
      <property name="file" value="file:///D:/a/1/s/test/specs/R2C/webshop-request-management-verify-master-list.spec.js"/>
    </properties>
    <testcase classname="chrome.136_0_7103_93.windows._Webshop_-_Request_management_-_Verifying_the_Master_List_-_Filtering_/Sorting_-_Deleting_-_Creating_US151314" name="Should navigate to request management in webshop and verify the filters" time="159.69">
      <system-out><![CDATA[
RESULT: undefined
COMMAND: POST /session/29f4302be0dc04edb0851c5907fd2353/element - {"using":"xpath","value":"//*[@id=\"__tile49\"]"}
RESULT: {"using":"xpath","value":"//*[@id=\"__tile49\"]"}
COMMAND: POST /session/29f4302be0dc04edb0851c5907fd2353/element/f.131A3F10D0424D71AAC18CBC21A849DC.d.1E6DE0762138773944EC569BB9479FAE.e.2983/click - {}
RESULT: {}
COMMAND: GET /session/29f4302be0dc04edb0851c5907fd2353/screenshot - {}
RESULT: {}
COMMAND: POST /session/29f4302be0dc04edb0851c5907fd2353/elements - {"using":"xpath","value":"//span[text()='Error']"}
RESULT: {"using":"xpath","value":"//span[text()='Error']"}
COMMAND: POST /session/29f4302be0dc04edb0851c5907fd2353/execute/async - {"script":"<script> [1562 bytes]","args":[{"selector":{"id":"requestCreationDialog--cancelButton","searchOpenDialogs":true,"interaction":{"idSuffix":"BDI-content"}},"wdio_ui5_key":"requestCreationDialogcancelButton"}]}
RESULT: {"script":"<script> [1562 bytes]","args":[{"selector":{"id":"requestCreationDialog--cancelButton","searchOpenDialogs":true,"interaction":{"idSuffix":"BDI-content"}},"wdio_ui5_key":"requestCreationDialogcancelButton"}]}
RESULT: undefined
COMMAND: POST /session/29f4302be0dc04edb0851c5907fd2353/element - {"using":"xpath","value":"//*[@id=\"requestCreationDialog--cancelButton\"]"}
RESULT: {"using":"xpath","value":"//*[@id=\"requestCreationDialog--cancelButton\"]"}
COMMAND: POST /session/29f4302be0dc04edb0851c5907fd2353/element/f.131A3F10D0424D71AAC18CBC21A849DC.d.1E6DE0762138773944EC569BB9479FAE.e.7262/click - {}
RESULT: {}
COMMAND: GET /session/29f4302be0dc04edb0851c5907fd2353/screenshot - {}
RESULT: {}
COMMAND: POST /session/29f4302be0dc04edb0851c5907fd2353/execute/async - {"script":"<script> [1562 bytes]","args":[{"selector":{"controlType":"sap.tnt.NavigationListItem","viewName":"etm.portal.ui.webshop.view.Homepage","i18NText":{"propertyName":"text","key":"requestsManagement"},"interaction":{"idSuffix":"a"}},"wdio_ui5_key":"etmportal.ui.webshop.view.Homepagesap.tnt.NavigationListItem{\"propertyName\":\"text\",\"key\":\"requestsManagement\"}"}]}
RESULT: {"script":"<script> [1562 bytes]","args":[{"selector":{"controlType":"sap.tnt.NavigationListItem","viewName":"etm.portal.ui.webshop.view.Homepage","i18NText":{"propertyName":"text","key":"requestsManagement"},"interaction":{"idSuffix":"a"}},"wdio_ui5_key":"etmportal.ui.webshop.view.Homepagesap.tnt.NavigationListItem{\"propertyName\":\"text\",\"key\":\"requestsManagement\"}"}]}
RESULT: undefined
COMMAND: POST /session/29f4302be0dc04edb0851c5907fd2353/element - {"using":"xpath","value":"//*[@id=\"__item4061\"]"}
RESULT: {"using":"xpath","value":"//*[@id=\"__item4061\"]"}
COMMAND: POST /session/29f4302be0dc04edb0851c5907fd2353/element/f.131A3F10D0424D71AAC18CBC21A849DC.d.1E6DE0762138773944EC569BB9479FAE.e.7264/click - {}
RESULT: {}
COMMAND: GET /session/29f4302be0dc04edb0851c5907fd2353/screenshot - {}
RESULT: {}
COMMAND: POST /session/29f4302be0dc04edb0851c5907fd2353/element - {"using":"xpath","value":"//input[contains(@id ,\"smartFilterBar-btnBasicSearch-I\")]"}
RESULT: {"using":"xpath","value":"//input[contains(@id ,\"smartFilterBar-btnBasicSearch-I\")]"}
COMMAND: POST /session/29f4302be0dc04edb0851c5907fd2353/element/f.131A3F10D0424D71AAC18CBC21A849DC.d.1E6DE0762138773944EC569BB9479FAE.e.7269/clear - {}
RESULT: {}
COMMAND: POST /session/29f4302be0dc04edb0851c5907fd2353/element/f.131A3F10D0424D71AAC18CBC21A849DC.d.1E6DE0762138773944EC569BB9479FAE.e.7269/value - {"text":"20001"}
COMMAND: GET /session/29f4302be0dc04edb0851c5907fd2353/screenshot - {}
RESULT: {"text":"20001"}
COMMAND: GET /session/29f4302be0dc04edb0851c5907fd2353/screenshot - {}
RESULT: {}
RESULT: {}
COMMAND: POST /session/29f4302be0dc04edb0851c5907fd2353/actions - {"actions":[{"id":"action12","type":"key","parameters":{},"actions":[{"type":"keyDown","value":""},{"type":"pause","duration":10},{"type":"keyUp","value":""}]}]}
RESULT: {"actions":[{"id":"action12","type":"key","parameters":{},"actions":[{"type":"keyDown","value":""},{"type":"pause","duration":10},{"type":"keyUp","value":""}]}]}
COMMAND: GET /session/29f4302be0dc04edb0851c5907fd2353/screenshot - {}
RESULT: {}
COMMAND: POST /session/29f4302be0dc04edb0851c5907fd2353/execute/async - {"script":"<script> [1562 bytes]","args":[{"selector":{"controlType":"sap.m.Title","viewName":"etm.portal.ui.webshop.view.RequestMaster","properties":{"text":"Records (1)"}},"wdio_ui5_key":"etmportal.ui.webshop.view.RequestMastersap.m.Title{\"text\":\"Records (1)\"}"}]}
RESULT: {"script":"<script> [1562 bytes]","args":[{"selector":{"controlType":"sap.m.Title","viewName":"etm.portal.ui.webshop.view.RequestMaster","properties":{"text":"Records (1)"}},"wdio_ui5_key":"etmportal.ui.webshop.view.RequestMastersap.m.Title{\"text\":\"Records (1)\"}"}]}
RESULT: undefined
COMMAND: POST /session/29f4302be0dc04edb0851c5907fd2353/execute/async - {"script":"<script> [6424 bytes]","args":[{"element-6066-11e4-a52e-4f735466cecf":"f.131A3F10D0424D71AAC18CBC21A849DC.d.1E6DE0762138773944EC569BB9479FAE.e.7359"},"getText",[]]}
RESULT: {"script":"<script> [6424 bytes]","args":[{"element-6066-11e4-a52e-4f735466cecf":"f.131A3F10D0424D71AAC18CBC21A849DC.d.1E6DE0762138773944EC569BB9479FAE.e.7359"},"getText",[]]}
COMMAND: POST /session/29f4302be0dc04edb0851c5907fd2353/element - {"using":"xpath","value":"//div[contains(@id ,\"smartFilterBar-btnBasicSearch-reset\")]"}
RESULT: {"using":"xpath","value":"//div[contains(@id ,\"smartFilterBar-btnBasicSearch-reset\")]"}
COMMAND: POST /session/29f4302be0dc04edb0851c5907fd2353/element/f.131A3F10D0424D71AAC18CBC21A849DC.d.1E6DE0762138773944EC569BB9479FAE.e.7360/click - {}
RESULT: {}
COMMAND: GET /session/29f4302be0dc04edb0851c5907fd2353/screenshot - {}
RESULT: {}
COMMAND: POST /session/29f4302be0dc04edb0851c5907fd2353/element - {"using":"xpath","value":"//input[contains(@id ,\"smartStatusFilter-inner\")]"}
RESULT: {"using":"xpath","value":"//input[contains(@id ,\"smartStatusFilter-inner\")]"}
COMMAND: POST /session/29f4302be0dc04edb0851c5907fd2353/element/f.131A3F10D0424D71AAC18CBC21A849DC.d.1E6DE0762138773944EC569BB9479FAE.e.7274/clear - {}
RESULT: {}
COMMAND: POST /session/29f4302be0dc04edb0851c5907fd2353/element/f.131A3F10D0424D71AAC18CBC21A849DC.d.1E6DE0762138773944EC569BB9479FAE.e.7274/value - {"text":"draft"}
COMMAND: GET /session/29f4302be0dc04edb0851c5907fd2353/screenshot - {}
RESULT: {"text":"draft"}
COMMAND: GET /session/29f4302be0dc04edb0851c5907fd2353/screenshot - {}
RESULT: {}
RESULT: {}
COMMAND: POST /session/29f4302be0dc04edb0851c5907fd2353/actions - {"actions":[{"id":"action13","type":"key","parameters":{},"actions":[{"type":"keyDown","value":""},{"type":"pause","duration":10},{"type":"keyUp","value":""}]}]}
RESULT: {"actions":[{"id":"action13","type":"key","parameters":{},"actions":[{"type":"keyDown","value":""},{"type":"pause","duration":10},{"type":"keyUp","value":""}]}]}
COMMAND: GET /session/29f4302be0dc04edb0851c5907fd2353/screenshot - {}
RESULT: {}
COMMAND: POST /session/29f4302be0dc04edb0851c5907fd2353/execute/async - {"script":"<script> [1562 bytes]","args":[{"selector":{"controlType":"sap.m.ObjectStatus","viewName":"etm.portal.ui.webshop.view.RequestMaster","bindingPath":{"propertyPath":"STATUS_DESCRIPTION"}},"wdio_ui5_key":"etmportal.ui.webshop.view.RequestMastersap.m.ObjectStatus{\"propertyPath\":\"STATUS_DESCRIPTION\"}"}]}
RESULT: {"script":"<script> [1562 bytes]","args":[{"selector":{"controlType":"sap.m.ObjectStatus","viewName":"etm.portal.ui.webshop.view.RequestMaster","bindingPath":{"propertyPath":"STATUS_DESCRIPTION"}},"wdio_ui5_key":"etmportal.ui.webshop.view.RequestMastersap.m.ObjectStatus{\"propertyPath\":\"STATUS_DESCRIPTION\"}"}]}
RESULT: undefined
COMMAND: POST /session/29f4302be0dc04edb0851c5907fd2353/execute/async - {"script":"<script> [6424 bytes]","args":[{"element-6066-11e4-a52e-4f735466cecf":"f.131A3F10D0424D71AAC18CBC21A849DC.d.1E6DE0762138773944EC569BB9479FAE.e.7407"},"getText",[]]}
RESULT: {"script":"<script> [6424 bytes]","args":[{"element-6066-11e4-a52e-4f735466cecf":"f.131A3F10D0424D71AAC18CBC21A849DC.d.1E6DE0762138773944EC569BB9479FAE.e.7407"},"getText",[]]}
COMMAND: POST /session/29f4302be0dc04edb0851c5907fd2353/element - {"using":"xpath","value":"//span[contains(@title ,\"Remove\")]"}
RESULT: {"using":"xpath","value":"//span[contains(@title ,\"Remove\")]"}
COMMAND: POST /session/29f4302be0dc04edb0851c5907fd2353/element/f.131A3F10D0424D71AAC18CBC21A849DC.d.1E6DE0762138773944EC569BB9479FAE.e.7408/click - {}
RESULT: {}
COMMAND: GET /session/29f4302be0dc04edb0851c5907fd2353/screenshot - {}
COMMAND: POST /session/29f4302be0dc04edb0851c5907fd2353/element - {"using":"xpath","value":"//input[contains(@id ,\"smartStatusFilter-inner\")]"}
RESULT: {}
RESULT: {"using":"xpath","value":"//input[contains(@id ,\"smartStatusFilter-inner\")]"}
COMMAND: POST /session/29f4302be0dc04edb0851c5907fd2353/element/f.131A3F10D0424D71AAC18CBC21A849DC.d.1E6DE0762138773944EC569BB9479FAE.e.7274/clear - {}
RESULT: {}
COMMAND: POST /session/29f4302be0dc04edb0851c5907fd2353/element/f.131A3F10D0424D71AAC18CBC21A849DC.d.1E6DE0762138773944EC569BB9479FAE.e.7274/value - {"text":"created"}
COMMAND: GET /session/29f4302be0dc04edb0851c5907fd2353/screenshot - {}
RESULT: {"text":"created"}
COMMAND: GET /session/29f4302be0dc04edb0851c5907fd2353/screenshot - {}
RESULT: {}
RESULT: {}
COMMAND: POST /session/29f4302be0dc04edb0851c5907fd2353/actions - {"actions":[{"id":"action14","type":"key","parameters":{},"actions":[{"type":"keyDown","value":""},{"type":"pause","duration":10},{"type":"keyUp","value":""}]}]}
RESULT: {"actions":[{"id":"action14","type":"key","parameters":{},"actions":[{"type":"keyDown","value":""},{"type":"pause","duration":10},{"type":"keyUp","value":""}]}]}
COMMAND: GET /session/29f4302be0dc04edb0851c5907fd2353/screenshot - {}
RESULT: {}
RESULT: undefined
COMMAND: POST /session/29f4302be0dc04edb0851c5907fd2353/execute/async - {"script":"<script> [6424 bytes]","args":[{"element-6066-11e4-a52e-4f735466cecf":"f.131A3F10D0424D71AAC18CBC21A849DC.d.1E6DE0762138773944EC569BB9479FAE.e.7407"},"getText",[]]}
COMMAND: POST /session/29f4302be0dc04edb0851c5907fd2353/execute/async - {"script":"<script> [1562 bytes]","args":[{"selector":{"controlType":"sap.m.ObjectStatus","viewName":"etm.portal.ui.webshop.view.RequestMaster","bindingPath":{"propertyPath":"STATUS_DESCRIPTION"}},"wdio_ui5_key":"etmportal.ui.webshop.view.RequestMastersap.m.ObjectStatus{\"propertyPath\":\"STATUS_DESCRIPTION\"}"}]}
RESULT: {"script":"<script> [1562 bytes]","args":[{"selector":{"controlType":"sap.m.ObjectStatus","viewName":"etm.portal.ui.webshop.view.RequestMaster","bindingPath":{"propertyPath":"STATUS_DESCRIPTION"}},"wdio_ui5_key":"etmportal.ui.webshop.view.RequestMastersap.m.ObjectStatus{\"propertyPath\":\"STATUS_DESCRIPTION\"}"}]}
COMMAND: POST /session/29f4302be0dc04edb0851c5907fd2353/execute/async - {"script":"<script> [6424 bytes]","args":[{"element-6066-11e4-a52e-4f735466cecf":"f.131A3F10D0424D71AAC18CBC21A849DC.d.1E6DE0762138773944EC569BB9479FAE.e.7470"},"getText",[]]}
RESULT: {"script":"<script> [6424 bytes]","args":[{"element-6066-11e4-a52e-4f735466cecf":"f.131A3F10D0424D71AAC18CBC21A849DC.d.1E6DE0762138773944EC569BB9479FAE.e.7470"},"getText",[]]}
COMMAND: POST /session/29f4302be0dc04edb0851c5907fd2353/element - {"using":"xpath","value":"//span[contains(@title ,\"Remove\")]"}
RESULT: {"using":"xpath","value":"//span[contains(@title ,\"Remove\")]"}
COMMAND: POST /session/29f4302be0dc04edb0851c5907fd2353/element/f.131A3F10D0424D71AAC18CBC21A849DC.d.1E6DE0762138773944EC569BB9479FAE.e.7471/click - {}
RESULT: {}
COMMAND: GET /session/29f4302be0dc04edb0851c5907fd2353/screenshot - {}
COMMAND: POST /session/29f4302be0dc04edb0851c5907fd2353/execute/async - {"script":"<script> [1562 bytes]","args":[{"selector":{"controlType":"sap.m.Button","viewName":"etm.portal.ui.webshop.view.RequestMaster","properties":{"text":"Filters (1)"},"interaction":{"idSuffix":"BDI-content"}},"wdio_ui5_key":"etmportal.ui.webshop.view.RequestMastersap.m.Button{\"text\":\"Filters (1)\"}"}]}
RESULT: {}
RESULT: {"script":"<script> [1562 bytes]","args":[{"selector":{"controlType":"sap.m.Button","viewName":"etm.portal.ui.webshop.view.RequestMaster","properties":{"text":"Filters (1)"},"interaction":{"idSuffix":"BDI-content"}},"wdio_ui5_key":"etmportal.ui.webshop.view.RequestMastersap.m.Button{\"text\":\"Filters (1)\"}"}]}
RESULT: undefined
COMMAND: POST /session/29f4302be0dc04edb0851c5907fd2353/element - {"using":"xpath","value":"//*[@id=\"__xmlview74--smartFilterBar-btnFilters\"]"}
RESULT: {"using":"xpath","value":"//*[@id=\"__xmlview74--smartFilterBar-btnFilters\"]"}
COMMAND: POST /session/29f4302be0dc04edb0851c5907fd2353/element/f.131A3F10D0424D71AAC18CBC21A849DC.d.1E6DE0762138773944EC569BB9479FAE.e.7295/click - {}
RESULT: {}
COMMAND: GET /session/29f4302be0dc04edb0851c5907fd2353/screenshot - {}
RESULT: {}
COMMAND: POST /session/29f4302be0dc04edb0851c5907fd2353/element - {"using":"xpath","value":"//input[contains(@id ,\"searchField-I\")]"}
RESULT: {"using":"xpath","value":"//input[contains(@id ,\"searchField-I\")]"}
COMMAND: POST /session/29f4302be0dc04edb0851c5907fd2353/element/f.131A3F10D0424D71AAC18CBC21A849DC.d.1E6DE0762138773944EC569BB9479FAE.e.7521/clear - {}
RESULT: {}
COMMAND: POST /session/29f4302be0dc04edb0851c5907fd2353/element/f.131A3F10D0424D71AAC18CBC21A849DC.d.1E6DE0762138773944EC569BB9479FAE.e.7521/value - {"text":"tags"}
COMMAND: GET /session/29f4302be0dc04edb0851c5907fd2353/screenshot - {}
RESULT: {"text":"tags"}
COMMAND: GET /session/29f4302be0dc04edb0851c5907fd2353/screenshot - {}
RESULT: {}
RESULT: {}
COMMAND: POST /session/29f4302be0dc04edb0851c5907fd2353/element - {"using":"xpath","value":"(//div[contains(@id ,\"selectMulti\")][@role=\"checkbox\"])[8]"}
RESULT: {"using":"xpath","value":"(//div[contains(@id ,\"selectMulti\")][@role=\"checkbox\"])[8]"}
COMMAND: POST /session/29f4302be0dc04edb0851c5907fd2353/element/f.131A3F10D0424D71AAC18CBC21A849DC.d.1E6DE0762138773944EC569BB9479FAE.e.7547/click - {}
RESULT: {}
COMMAND: GET /session/29f4302be0dc04edb0851c5907fd2353/screenshot - {}
RESULT: {}
COMMAND: POST /session/29f4302be0dc04edb0851c5907fd2353/execute/async - {"script":"<script> [1562 bytes]","args":[{"selector":{"controlType":"sap.m.Button","viewName":"etm.portal.ui.webshop.view.RequestMaster","properties":{"text":"OK"},"searchOpenDialogs":true,"interaction":{"idSuffix":"BDI-content"}},"wdio_ui5_key":"etmportal.ui.webshop.view.RequestMastersap.m.Button{\"text\":\"OK\"}"}]}
RESULT: {"script":"<script> [1562 bytes]","args":[{"selector":{"controlType":"sap.m.Button","viewName":"etm.portal.ui.webshop.view.RequestMaster","properties":{"text":"OK"},"searchOpenDialogs":true,"interaction":{"idSuffix":"BDI-content"}},"wdio_ui5_key":"etmportal.ui.webshop.view.RequestMastersap.m.Button{\"text\":\"OK\"}"}]}
RESULT: undefined
COMMAND: POST /session/29f4302be0dc04edb0851c5907fd2353/element - {"using":"xpath","value":"//*[@id=\"__xmlview74--smartFilterBar-adapt-filters-dialog-confirmBtn\"]"}
RESULT: {"using":"xpath","value":"//*[@id=\"__xmlview74--smartFilterBar-adapt-filters-dialog-confirmBtn\"]"}
COMMAND: POST /session/29f4302be0dc04edb0851c5907fd2353/element/f.131A3F10D0424D71AAC18CBC21A849DC.d.1E6DE0762138773944EC569BB9479FAE.e.7551/click - {}
RESULT: {}
COMMAND: GET /session/29f4302be0dc04edb0851c5907fd2353/screenshot - {}
RESULT: {}
COMMAND: POST /session/29f4302be0dc04edb0851c5907fd2353/element - {"using":"xpath","value":"//input[contains(@id ,\"smartFilterBar-filterItemControlA_-ALL_TAGS-inner\")]"}
RESULT: {"using":"xpath","value":"//input[contains(@id ,\"smartFilterBar-filterItemControlA_-ALL_TAGS-inner\")]"}
COMMAND: POST /session/29f4302be0dc04edb0851c5907fd2353/element/f.131A3F10D0424D71AAC18CBC21A849DC.d.1E6DE0762138773944EC569BB9479FAE.e.7559/clear - {}
RESULT: {}
COMMAND: POST /session/29f4302be0dc04edb0851c5907fd2353/element/f.131A3F10D0424D71AAC18CBC21A849DC.d.1E6DE0762138773944EC569BB9479FAE.e.7559/value - {"text":"tag1"}
COMMAND: GET /session/29f4302be0dc04edb0851c5907fd2353/screenshot - {}
RESULT: {"text":"tag1"}
COMMAND: GET /session/29f4302be0dc04edb0851c5907fd2353/screenshot - {}
RESULT: {}
RESULT: {}
COMMAND: POST /session/29f4302be0dc04edb0851c5907fd2353/actions - {"actions":[{"id":"action15","type":"key","parameters":{},"actions":[{"type":"keyDown","value":""},{"type":"pause","duration":10},{"type":"keyUp","value":""}]}]}
RESULT: {"actions":[{"id":"action15","type":"key","parameters":{},"actions":[{"type":"keyDown","value":""},{"type":"pause","duration":10},{"type":"keyUp","value":""}]}]}
COMMAND: GET /session/29f4302be0dc04edb0851c5907fd2353/screenshot - {}
RESULT: {}
RESULT: undefined
COMMAND: POST /session/29f4302be0dc04edb0851c5907fd2353/execute/async - {"script":"<script> [6424 bytes]","args":[{"element-6066-11e4-a52e-4f735466cecf":"f.131A3F10D0424D71AAC18CBC21A849DC.d.1E6DE0762138773944EC569BB9479FAE.e.7359"},"getText",[]]}
RESULT: {"script":"<script> [6424 bytes]","args":[{"element-6066-11e4-a52e-4f735466cecf":"f.131A3F10D0424D71AAC18CBC21A849DC.d.1E6DE0762138773944EC569BB9479FAE.e.7359"},"getText",[]]}
COMMAND: POST /session/29f4302be0dc04edb0851c5907fd2353/execute/async - {"script":"<script> [1562 bytes]","args":[{"selector":{"controlType":"sap.ui.core.Icon","viewName":"etm.portal.ui.webshop.view.RequestMaster","properties":{"src":{"regex":{"source":"action\\-settings"}}}},"wdio_ui5_key":"etmportal.ui.webshop.view.RequestMastersap.ui.core.Icon{\"src\":{\"regex\":{\"source\":\"action\\\\-settings\"}}}"}]}
RESULT: {"script":"<script> [1562 bytes]","args":[{"selector":{"controlType":"sap.ui.core.Icon","viewName":"etm.portal.ui.webshop.view.RequestMaster","properties":{"src":{"regex":{"source":"action\\-settings"}}}},"wdio_ui5_key":"etmportal.ui.webshop.view.RequestMastersap.ui.core.Icon{\"src\":{\"regex\":{\"source\":\"action\\\\-settings\"}}}"}]}
RESULT: undefined
COMMAND: POST /session/29f4302be0dc04edb0851c5907fd2353/element - {"using":"xpath","value":"//*[@id=\"__xmlview74--smartTable-btnPersonalisation-img\"]"}
RESULT: {"using":"xpath","value":"//*[@id=\"__xmlview74--smartTable-btnPersonalisation-img\"]"}
COMMAND: POST /session/29f4302be0dc04edb0851c5907fd2353/element/f.131A3F10D0424D71AAC18CBC21A849DC.d.1E6DE0762138773944EC569BB9479FAE.e.7320/click - {}
RESULT: {}
COMMAND: GET /session/29f4302be0dc04edb0851c5907fd2353/screenshot - {}
RESULT: {}
COMMAND: POST /session/29f4302be0dc04edb0851c5907fd2353/element - {"using":"xpath","value":"//input[contains(@id ,\"searchField-I\")]"}
RESULT: {"using":"xpath","value":"//input[contains(@id ,\"searchField-I\")]"}
COMMAND: POST /session/29f4302be0dc04edb0851c5907fd2353/element/f.131A3F10D0424D71AAC18CBC21A849DC.d.1E6DE0762138773944EC569BB9479FAE.e.7588/clear - {}
RESULT: {}
COMMAND: POST /session/29f4302be0dc04edb0851c5907fd2353/element/f.131A3F10D0424D71AAC18CBC21A849DC.d.1E6DE0762138773944EC569BB9479FAE.e.7588/value - {"text":"tags"}
COMMAND: GET /session/29f4302be0dc04edb0851c5907fd2353/screenshot - {}
RESULT: {"text":"tags"}
COMMAND: GET /session/29f4302be0dc04edb0851c5907fd2353/screenshot - {}
RESULT: {}
RESULT: {}
COMMAND: POST /session/29f4302be0dc04edb0851c5907fd2353/element - {"using":"xpath","value":"(//div[contains(@id ,\"selectMulti\")][@role=\"checkbox\"])[8]"}
RESULT: {"using":"xpath","value":"(//div[contains(@id ,\"selectMulti\")][@role=\"checkbox\"])[8]"}
COMMAND: POST /session/29f4302be0dc04edb0851c5907fd2353/element/f.131A3F10D0424D71AAC18CBC21A849DC.d.1E6DE0762138773944EC569BB9479FAE.e.7656/click - {}
RESULT: {}
COMMAND: GET /session/29f4302be0dc04edb0851c5907fd2353/screenshot - {}
RESULT: {}
COMMAND: POST /session/29f4302be0dc04edb0851c5907fd2353/element - {"using":"xpath","value":"//div[contains(@id ,\"searchField-reset\")]"}
RESULT: {"using":"xpath","value":"//div[contains(@id ,\"searchField-reset\")]"}
COMMAND: POST /session/29f4302be0dc04edb0851c5907fd2353/element - {"using":"xpath","value":"//input[contains(@id ,\"searchField-I\")]"}
RESULT: {"using":"xpath","value":"//input[contains(@id ,\"searchField-I\")]"}
COMMAND: POST /session/29f4302be0dc04edb0851c5907fd2353/element/f.131A3F10D0424D71AAC18CBC21A849DC.d.1E6DE0762138773944EC569BB9479FAE.e.7588/clear - {}
RESULT: {}
COMMAND: POST /session/29f4302be0dc04edb0851c5907fd2353/element/f.131A3F10D0424D71AAC18CBC21A849DC.d.1E6DE0762138773944EC569BB9479FAE.e.7588/value - {"text":"status"}
COMMAND: GET /session/29f4302be0dc04edb0851c5907fd2353/screenshot - {}
RESULT: {"text":"status"}
COMMAND: GET /session/29f4302be0dc04edb0851c5907fd2353/screenshot - {}
RESULT: {}
RESULT: {}
COMMAND: POST /session/29f4302be0dc04edb0851c5907fd2353/element - {"using":"xpath","value":"(//div[contains(@id ,\"selectMulti\")][@role=\"checkbox\"])[8]"}
RESULT: {"using":"xpath","value":"(//div[contains(@id ,\"selectMulti\")][@role=\"checkbox\"])[8]"}
COMMAND: POST /session/29f4302be0dc04edb0851c5907fd2353/element/f.131A3F10D0424D71AAC18CBC21A849DC.d.1E6DE0762138773944EC569BB9479FAE.e.7656/click - {}
RESULT: {}
COMMAND: GET /session/29f4302be0dc04edb0851c5907fd2353/screenshot - {}
RESULT: {}
COMMAND: POST /session/29f4302be0dc04edb0851c5907fd2353/element - {"using":"xpath","value":"//bdi[contains(@id ,\"confirmBtn-BDI-content\")]"}
RESULT: {"using":"xpath","value":"//bdi[contains(@id ,\"confirmBtn-BDI-content\")]"}
COMMAND: POST /session/29f4302be0dc04edb0851c5907fd2353/element/f.131A3F10D0424D71AAC18CBC21A849DC.d.1E6DE0762138773944EC569BB9479FAE.e.7678/click - {}
RESULT: {}
COMMAND: GET /session/29f4302be0dc04edb0851c5907fd2353/screenshot - {}
RESULT: {}
COMMAND: POST /session/29f4302be0dc04edb0851c5907fd2353/element - {"using":"xpath","value":"(//span[contains(text(), \"Status\")])[2]"}
RESULT: {"using":"xpath","value":"(//span[contains(text(), \"Status\")])[2]"}
COMMAND: POST /session/29f4302be0dc04edb0851c5907fd2353/element - {"using":"xpath","value":"(//span[contains(text(), \"Status\")])[2]"}
RESULT: {"using":"xpath","value":"(//span[contains(text(), \"Status\")])[2]"}
COMMAND: POST /session/29f4302be0dc04edb0851c5907fd2353/element - {"using":"xpath","value":"(//bdi[contains(text(), \"Tags\")])[2]"}
RESULT: {"using":"xpath","value":"(//bdi[contains(text(), \"Tags\")])[2]"}
COMMAND: POST /session/29f4302be0dc04edb0851c5907fd2353/execute/sync - {"script":"<script> [8489 bytes]","args":[{"element-6066-11e4-a52e-4f735466cecf":"f.131A3F10D0424D71AAC18CBC21A849DC.d.1E6DE0762138773944EC569BB9479FAE.e.7685","ELEMENT":"f.131A3F10D0424D71AAC18CBC21A849DC.d.1E6DE0762138773944EC569BB9479FAE.e.7685"}]}
RESULT: {"script":"<script> [8489 bytes]","args":[{"element-6066-11e4-a52e-4f735466cecf":"f.131A3F10D0424D71AAC18CBC21A849DC.d.1E6DE0762138773944EC569BB9479FAE.e.7685","ELEMENT":"f.131A3F10D0424D71AAC18CBC21A849DC.d.1E6DE0762138773944EC569BB9479FAE.e.7685"}]}
COMMAND: POST /session/29f4302be0dc04edb0851c5907fd2353/element - {"using":"xpath","value":"//span[contains(@title ,\"Remove\")]"}
COMMAND: GET /session/29f4302be0dc04edb0851c5907fd2353/screenshot - {}
RESULT: {"using":"xpath","value":"//span[contains(@title ,\"Remove\")]"}
COMMAND: POST /session/29f4302be0dc04edb0851c5907fd2353/element/f.131A3F10D0424D71AAC18CBC21A849DC.d.1E6DE0762138773944EC569BB9479FAE.e.7686/click - {}
RESULT: {}
RESULT: {}
COMMAND: GET /session/29f4302be0dc04edb0851c5907fd2353/screenshot - {}
RESULT: {}
COMMAND: POST /session/29f4302be0dc04edb0851c5907fd2353/element - {"using":"xpath","value":"//button[contains(@id ,\"btnDeleteRequest\")]"}
RESULT: {"using":"xpath","value":"//button[contains(@id ,\"btnDeleteRequest\")]"}
COMMAND: POST /session/29f4302be0dc04edb0851c5907fd2353/element - {"using":"xpath","value":"//button[contains(@id ,\"btnDeleteRequest\")]"}
RESULT: {"using":"xpath","value":"//button[contains(@id ,\"btnDeleteRequest\")]"}
COMMAND: POST /session/29f4302be0dc04edb0851c5907fd2353/element - {"using":"xpath","value":"(//span[contains(text(), \"Draft\")])[1]"}
RESULT: {"using":"xpath","value":"(//span[contains(text(), \"Draft\")])[1]"}
COMMAND: POST /session/29f4302be0dc04edb0851c5907fd2353/element/f.131A3F10D0424D71AAC18CBC21A849DC.d.1E6DE0762138773944EC569BB9479FAE.e.7709/click - {}
RESULT: {}
COMMAND: GET /session/29f4302be0dc04edb0851c5907fd2353/screenshot - {}
RESULT: {}
COMMAND: POST /session/29f4302be0dc04edb0851c5907fd2353/element - {"using":"xpath","value":"//button[contains(@id ,\"btnDeleteRequest\")]"}
RESULT: {"using":"xpath","value":"//button[contains(@id ,\"btnDeleteRequest\")]"}
COMMAND: POST /session/29f4302be0dc04edb0851c5907fd2353/execute/sync - {"script":"<script> [8489 bytes]","args":[{"element-6066-11e4-a52e-4f735466cecf":"f.131A3F10D0424D71AAC18CBC21A849DC.d.1E6DE0762138773944EC569BB9479FAE.e.7740","ELEMENT":"f.131A3F10D0424D71AAC18CBC21A849DC.d.1E6DE0762138773944EC569BB9479FAE.e.7740"}]}
RESULT: {"script":"<script> [8489 bytes]","args":[{"element-6066-11e4-a52e-4f735466cecf":"f.131A3F10D0424D71AAC18CBC21A849DC.d.1E6DE0762138773944EC569BB9479FAE.e.7740","ELEMENT":"f.131A3F10D0424D71AAC18CBC21A849DC.d.1E6DE0762138773944EC569BB9479FAE.e.7740"}]}
COMMAND: POST /session/29f4302be0dc04edb0851c5907fd2353/element - {"using":"xpath","value":"(//span[contains(text(), \"Proposal\")])[1]"}
COMMAND: GET /session/29f4302be0dc04edb0851c5907fd2353/screenshot - {}
RESULT: {"using":"xpath","value":"(//span[contains(text(), \"Proposal\")])[1]"}
COMMAND: POST /session/29f4302be0dc04edb0851c5907fd2353/element/f.131A3F10D0424D71AAC18CBC21A849DC.d.1E6DE0762138773944EC569BB9479FAE.e.7790/click - {}
RESULT: {}
RESULT: {}
COMMAND: GET /session/29f4302be0dc04edb0851c5907fd2353/screenshot - {}
RESULT: {}
COMMAND: POST /session/29f4302be0dc04edb0851c5907fd2353/execute/sync - {"script":"<script> [8489 bytes]","args":[{"element-6066-11e4-a52e-4f735466cecf":"f.131A3F10D0424D71AAC18CBC21A849DC.d.1E6DE0762138773944EC569BB9479FAE.e.7740","ELEMENT":"f.131A3F10D0424D71AAC18CBC21A849DC.d.1E6DE0762138773944EC569BB9479FAE.e.7740"}]}
RESULT: {"script":"<script> [8489 bytes]","args":[{"element-6066-11e4-a52e-4f735466cecf":"f.131A3F10D0424D71AAC18CBC21A849DC.d.1E6DE0762138773944EC569BB9479FAE.e.7740","ELEMENT":"f.131A3F10D0424D71AAC18CBC21A849DC.d.1E6DE0762138773944EC569BB9479FAE.e.7740"}]}
COMMAND: POST /session/29f4302be0dc04edb0851c5907fd2353/element - {"using":"xpath","value":"//li[contains(@data-kt ,\"exitWebshopNavigationListItem\")]"}
COMMAND: GET /session/29f4302be0dc04edb0851c5907fd2353/screenshot - {}
RESULT: {"using":"xpath","value":"//li[contains(@data-kt ,\"exitWebshopNavigationListItem\")]"}
COMMAND: POST /session/29f4302be0dc04edb0851c5907fd2353/element/f.131A3F10D0424D71AAC18CBC21A849DC.d.1E6DE0762138773944EC569BB9479FAE.e.7865/click - {}
RESULT: {}
RESULT: {}
COMMAND: GET /session/29f4302be0dc04edb0851c5907fd2353/screenshot - {}
RESULT: {}
]]></system-out>
    </testcase>
  </testsuite>
  <testsuite timestamp="2025-06-01T16:31:50" time="302.67" tests="1" failures="0" errors="0" skipped="0">
    <properties>
      <property name="specId" value="0"/>
      <property name="suiteName" value="Webshop edit draft change dates pickup and delete items  US151281"/>
      <property name="capabilities" value="chrome.136_0_7103_93.windows"/>
      <property name="file" value="file:///D:/a/1/s/test/specs/R2C/webshop-edit-draft-dates-pickup-delete-items.spec.js"/>
    </properties>
    <testcase classname="chrome.136_0_7103_93.windows.Webshop_edit_draft_change_dates_pickup_and_delete_items__US151281" name="Should create a new draft and add the catalog items" time="302.666">
      <system-out><![CDATA[
RESULT: undefined
COMMAND: POST /session/29f4302be0dc04edb0851c5907fd2353/element - {"using":"xpath","value":"//*[@id=\"__tile49\"]"}
RESULT: {"using":"xpath","value":"//*[@id=\"__tile49\"]"}
COMMAND: POST /session/29f4302be0dc04edb0851c5907fd2353/element/f.131A3F10D0424D71AAC18CBC21A849DC.d.1E6DE0762138773944EC569BB9479FAE.e.2983/click - {}
RESULT: {}
COMMAND: GET /session/29f4302be0dc04edb0851c5907fd2353/screenshot - {}
RESULT: {}
COMMAND: POST /session/29f4302be0dc04edb0851c5907fd2353/elements - {"using":"xpath","value":"//span[text()='Error']"}
RESULT: {"using":"xpath","value":"//span[text()='Error']"}
COMMAND: POST /session/29f4302be0dc04edb0851c5907fd2353/element - {"using":"css selector","value":"#requestCreationDialog--createRequestPopUp-title-inner"}
RESULT: {"using":"css selector","value":"#requestCreationDialog--createRequestPopUp-title-inner"}
COMMAND: POST /session/29f4302be0dc04edb0851c5907fd2353/execute/sync - {"script":"<script> [8489 bytes]","args":[{"element-6066-11e4-a52e-4f735466cecf":"f.131A3F10D0424D71AAC18CBC21A849DC.d.1E6DE0762138773944EC569BB9479FAE.e.7920","ELEMENT":"f.131A3F10D0424D71AAC18CBC21A849DC.d.1E6DE0762138773944EC569BB9479FAE.e.7920"}]}
RESULT: {"script":"<script> [8489 bytes]","args":[{"element-6066-11e4-a52e-4f735466cecf":"f.131A3F10D0424D71AAC18CBC21A849DC.d.1E6DE0762138773944EC569BB9479FAE.e.7920","ELEMENT":"f.131A3F10D0424D71AAC18CBC21A849DC.d.1E6DE0762138773944EC569BB9479FAE.e.7920"}]}
COMMAND: GET /session/29f4302be0dc04edb0851c5907fd2353/element/f.131A3F10D0424D71AAC18CBC21A849DC.d.1E6DE0762138773944EC569BB9479FAE.e.7920/enabled - {}
COMMAND: GET /session/29f4302be0dc04edb0851c5907fd2353/screenshot - {}
RESULT: {}
RESULT: undefined
COMMAND: POST /session/29f4302be0dc04edb0851c5907fd2353/execute/async - {"script":"<script> [776 bytes]","args":[{"enterText":"WebdriverTest","selector":{"id":"requestCreationDialog--requestName","searchOpenDialogs":true,"interaction":{"idSuffix":"inner"}},"clearTextFirst":true,"interactionType":"ENTER_TEXT"}]}
COMMAND: GET /session/29f4302be0dc04edb0851c5907fd2353/screenshot - {}
RESULT: {}
RESULT: {"script":"<script> [776 bytes]","args":[{"enterText":"WebdriverTest","selector":{"id":"requestCreationDialog--requestName","searchOpenDialogs":true,"interaction":{"idSuffix":"inner"}},"clearTextFirst":true,"interactionType":"ENTER_TEXT"}]}
COMMAND: POST /session/29f4302be0dc04edb0851c5907fd2353/element - {"using":"xpath","value":"//input[contains(@id ,\"requestCreationDialog--contract-inner\")]"}
RESULT: {}
RESULT: {"using":"xpath","value":"//input[contains(@id ,\"requestCreationDialog--contract-inner\")]"}
COMMAND: POST /session/29f4302be0dc04edb0851c5907fd2353/element/f.131A3F10D0424D71AAC18CBC21A849DC.d.1E6DE0762138773944EC569BB9479FAE.e.7905/clear - {}
RESULT: {}
COMMAND: POST /session/29f4302be0dc04edb0851c5907fd2353/element/f.131A3F10D0424D71AAC18CBC21A849DC.d.1E6DE0762138773944EC569BB9479FAE.e.7905/value - {"text":"10420"}
COMMAND: GET /session/29f4302be0dc04edb0851c5907fd2353/screenshot - {}
RESULT: {"text":"10420"}
COMMAND: GET /session/29f4302be0dc04edb0851c5907fd2353/screenshot - {}
RESULT: {}
RESULT: {}
COMMAND: POST /session/29f4302be0dc04edb0851c5907fd2353/actions - {"actions":[{"id":"action16","type":"key","parameters":{},"actions":[{"type":"keyDown","value":""},{"type":"pause","duration":10},{"type":"keyUp","value":""}]}]}
RESULT: {"actions":[{"id":"action16","type":"key","parameters":{},"actions":[{"type":"keyDown","value":""},{"type":"pause","duration":10},{"type":"keyUp","value":""}]}]}
COMMAND: GET /session/29f4302be0dc04edb0851c5907fd2353/screenshot - {}
RESULT: {}
COMMAND: POST /session/29f4302be0dc04edb0851c5907fd2353/element - {"using":"xpath","value":"//input[contains(@id ,\"requestCreationDialog--contract-inner\")]"}
RESULT: {"using":"xpath","value":"//input[contains(@id ,\"requestCreationDialog--contract-inner\")]"}
COMMAND: GET /session/29f4302be0dc04edb0851c5907fd2353/element/f.131A3F10D0424D71AAC18CBC21A849DC.d.1E6DE0762138773944EC569BB9479FAE.e.7905/property/value - {}
RESULT: {}
COMMAND: POST /session/29f4302be0dc04edb0851c5907fd2353/element - {"using":"xpath","value":"//input[contains(@id ,\"requestCreationDialog--contract-inner\")]"}
COMMAND: GET /session/29f4302be0dc04edb0851c5907fd2353/screenshot - {}
RESULT: {"using":"xpath","value":"//input[contains(@id ,\"requestCreationDialog--contract-inner\")]"}
RESULT: undefined
COMMAND: POST /session/29f4302be0dc04edb0851c5907fd2353/element - {"using":"xpath","value":"//*[@id=\"requestCreationDialog--okButton\"]"}
RESULT: {}
RESULT: {"using":"xpath","value":"//*[@id=\"requestCreationDialog--okButton\"]"}
COMMAND: POST /session/29f4302be0dc04edb0851c5907fd2353/element/f.131A3F10D0424D71AAC18CBC21A849DC.d.1E6DE0762138773944EC569BB9479FAE.e.7929/click - {}
RESULT: {}
COMMAND: GET /session/29f4302be0dc04edb0851c5907fd2353/screenshot - {}
RESULT: {}
COMMAND: POST /session/29f4302be0dc04edb0851c5907fd2353/element - {"using":"xpath","value":"//input[contains(@id ,\"searchFiledId-I\")]"}
RESULT: {"using":"xpath","value":"//input[contains(@id ,\"searchFiledId-I\")]"}
COMMAND: POST /session/29f4302be0dc04edb0851c5907fd2353/element/f.131A3F10D0424D71AAC18CBC21A849DC.d.1E6DE0762138773944EC569BB9479FAE.e.7875/value - {"text":"Dri-Prime CD150M Diesel Pump"}
RESULT: {"text":"Dri-Prime CD150M Diesel Pump"}
COMMAND: POST /session/29f4302be0dc04edb0851c5907fd2353/actions - {"actions":[{"id":"action17","type":"key","parameters":{},"actions":[{"type":"keyDown","value":""},{"type":"pause","duration":10},{"type":"keyUp","value":""}]}]}
RESULT: {"actions":[{"id":"action17","type":"key","parameters":{},"actions":[{"type":"keyDown","value":""},{"type":"pause","duration":10},{"type":"keyUp","value":""}]}]}
COMMAND: GET /session/29f4302be0dc04edb0851c5907fd2353/screenshot - {}
COMMAND: GET /session/29f4302be0dc04edb0851c5907fd2353/screenshot - {}
RESULT: {}
RESULT: {}
COMMAND: POST /session/29f4302be0dc04edb0851c5907fd2353/element - {"using":"xpath","value":"//span[contains(@id ,\"subTitle\")][contains(text(), \"Dri-Prime CD150M Diesel Pump\")]"}
RESULT: {"using":"xpath","value":"//span[contains(@id ,\"subTitle\")][contains(text(), \"Dri-Prime CD150M Diesel Pump\")]"}
COMMAND: POST /session/29f4302be0dc04edb0851c5907fd2353/element/f.131A3F10D0424D71AAC18CBC21A849DC.d.1E6DE0762138773944EC569BB9479FAE.e.7935/click - {}
RESULT: {}
COMMAND: GET /session/29f4302be0dc04edb0851c5907fd2353/screenshot - {}
RESULT: {}
COMMAND: POST /session/29f4302be0dc04edb0851c5907fd2353/element - {"using":"xpath","value":"//bdi[contains(text(), \"Add to Request\")]"}
RESULT: {"using":"xpath","value":"//bdi[contains(text(), \"Add to Request\")]"}
COMMAND: POST /session/29f4302be0dc04edb0851c5907fd2353/element/f.131A3F10D0424D71AAC18CBC21A849DC.d.1E6DE0762138773944EC569BB9479FAE.e.7947/click - {}
RESULT: {}
COMMAND: GET /session/29f4302be0dc04edb0851c5907fd2353/screenshot - {}
RESULT: {}
COMMAND: POST /session/29f4302be0dc04edb0851c5907fd2353/element/f.131A3F10D0424D71AAC18CBC21A849DC.d.1E6DE0762138773944EC569BB9479FAE.e.7947/click - {}
RESULT: {}
COMMAND: GET /session/29f4302be0dc04edb0851c5907fd2353/screenshot - {}
RESULT: {}
COMMAND: POST /session/29f4302be0dc04edb0851c5907fd2353/element - {"using":"xpath","value":"//*[contains(@id ,\"activeCartId-BDI-content\")]"}
RESULT: {"using":"xpath","value":"//*[contains(@id ,\"activeCartId-BDI-content\")]"}
COMMAND: POST /session/29f4302be0dc04edb0851c5907fd2353/element/f.131A3F10D0424D71AAC18CBC21A849DC.d.1E6DE0762138773944EC569BB9479FAE.e.7957/click - {}
RESULT: {}
COMMAND: GET /session/29f4302be0dc04edb0851c5907fd2353/screenshot - {}
RESULT: {}
COMMAND: POST /session/29f4302be0dc04edb0851c5907fd2353/element - {"using":"xpath","value":"//bdi[contains(text(), \"Check out my request\")]"}
RESULT: {"using":"xpath","value":"//bdi[contains(text(), \"Check out my request\")]"}
COMMAND: POST /session/29f4302be0dc04edb0851c5907fd2353/element/f.131A3F10D0424D71AAC18CBC21A849DC.d.1E6DE0762138773944EC569BB9479FAE.e.7959/click - {}
RESULT: {}
COMMAND: GET /session/29f4302be0dc04edb0851c5907fd2353/screenshot - {}
RESULT: {}
COMMAND: POST /session/29f4302be0dc04edb0851c5907fd2353/element - {"using":"xpath","value":"//div[contains(@data-kt ,\"characteristicsObjectStatus\")]"}
RESULT: {"using":"xpath","value":"//div[contains(@data-kt ,\"characteristicsObjectStatus\")]"}
COMMAND: POST /session/29f4302be0dc04edb0851c5907fd2353/element/f.131A3F10D0424D71AAC18CBC21A849DC.d.1E6DE0762138773944EC569BB9479FAE.e.8014/click - {}
RESULT: {}
COMMAND: GET /session/29f4302be0dc04edb0851c5907fd2353/screenshot - {}
RESULT: {}
COMMAND: POST /session/29f4302be0dc04edb0851c5907fd2353/element - {"using":"xpath","value":"//input[contains(@id ,\"costObjectAdminTypeComboBox-inner\")]"}
RESULT: {"using":"xpath","value":"//input[contains(@id ,\"costObjectAdminTypeComboBox-inner\")]"}
COMMAND: POST /session/29f4302be0dc04edb0851c5907fd2353/element/f.131A3F10D0424D71AAC18CBC21A849DC.d.1E6DE0762138773944EC569BB9479FAE.e.8015/clear - {}
RESULT: {}
COMMAND: POST /session/29f4302be0dc04edb0851c5907fd2353/element/f.131A3F10D0424D71AAC18CBC21A849DC.d.1E6DE0762138773944EC569BB9479FAE.e.8015/value - {"text":"Cost Center"}
COMMAND: GET /session/29f4302be0dc04edb0851c5907fd2353/screenshot - {}
RESULT: {"text":"Cost Center"}
COMMAND: GET /session/29f4302be0dc04edb0851c5907fd2353/screenshot - {}
RESULT: {}
RESULT: {}
COMMAND: POST /session/29f4302be0dc04edb0851c5907fd2353/actions - {"actions":[{"id":"action18","type":"key","parameters":{},"actions":[{"type":"keyDown","value":""},{"type":"pause","duration":10},{"type":"keyUp","value":""}]}]}
RESULT: {"actions":[{"id":"action18","type":"key","parameters":{},"actions":[{"type":"keyDown","value":""},{"type":"pause","duration":10},{"type":"keyUp","value":""}]}]}
COMMAND: GET /session/29f4302be0dc04edb0851c5907fd2353/screenshot - {}
RESULT: {}
COMMAND: POST /session/29f4302be0dc04edb0851c5907fd2353/element - {"using":"xpath","value":"//input[contains(@id ,\"costObjectIdComboBox-inner\")]"}
RESULT: {"using":"xpath","value":"//input[contains(@id ,\"costObjectIdComboBox-inner\")]"}
COMMAND: POST /session/29f4302be0dc04edb0851c5907fd2353/element/f.131A3F10D0424D71AAC18CBC21A849DC.d.1E6DE0762138773944EC569BB9479FAE.e.8026/clear - {}
RESULT: {}
COMMAND: POST /session/29f4302be0dc04edb0851c5907fd2353/element/f.131A3F10D0424D71AAC18CBC21A849DC.d.1E6DE0762138773944EC569BB9479FAE.e.8026/value - {"text":"Vigra"}
COMMAND: GET /session/29f4302be0dc04edb0851c5907fd2353/screenshot - {}
RESULT: {"text":"Vigra"}
COMMAND: GET /session/29f4302be0dc04edb0851c5907fd2353/screenshot - {}
RESULT: {}
RESULT: {}
COMMAND: POST /session/29f4302be0dc04edb0851c5907fd2353/actions - {"actions":[{"id":"action19","type":"key","parameters":{},"actions":[{"type":"keyDown","value":""},{"type":"pause","duration":10},{"type":"keyUp","value":""}]}]}
RESULT: {"actions":[{"id":"action19","type":"key","parameters":{},"actions":[{"type":"keyDown","value":""},{"type":"pause","duration":10},{"type":"keyUp","value":""}]}]}
COMMAND: GET /session/29f4302be0dc04edb0851c5907fd2353/screenshot - {}
RESULT: {}
COMMAND: POST /session/29f4302be0dc04edb0851c5907fd2353/element - {"using":"xpath","value":"//bdi[contains(text(), \"Save\")]"}
RESULT: {"using":"xpath","value":"//bdi[contains(text(), \"Save\")]"}
COMMAND: POST /session/29f4302be0dc04edb0851c5907fd2353/element/f.131A3F10D0424D71AAC18CBC21A849DC.d.1E6DE0762138773944EC569BB9479FAE.e.8031/click - {}
RESULT: {}
COMMAND: GET /session/29f4302be0dc04edb0851c5907fd2353/screenshot - {}
RESULT: {}
COMMAND: POST /session/29f4302be0dc04edb0851c5907fd2353/element - {"using":"xpath","value":"(//div[contains(@data-kt ,\"characteristicsObjectStatus\")])[2]"}
RESULT: {"using":"xpath","value":"(//div[contains(@data-kt ,\"characteristicsObjectStatus\")])[2]"}
COMMAND: POST /session/29f4302be0dc04edb0851c5907fd2353/element/f.131A3F10D0424D71AAC18CBC21A849DC.d.1E6DE0762138773944EC569BB9479FAE.e.8035/click - {}
RESULT: {}
COMMAND: GET /session/29f4302be0dc04edb0851c5907fd2353/screenshot - {}
RESULT: {}
COMMAND: POST /session/29f4302be0dc04edb0851c5907fd2353/element - {"using":"xpath","value":"//input[contains(@id ,\"costObjectAdminTypeComboBox-inner\")]"}
RESULT: {"using":"xpath","value":"//input[contains(@id ,\"costObjectAdminTypeComboBox-inner\")]"}
COMMAND: POST /session/29f4302be0dc04edb0851c5907fd2353/element/f.131A3F10D0424D71AAC18CBC21A849DC.d.1E6DE0762138773944EC569BB9479FAE.e.8052/clear - {}
RESULT: {}
COMMAND: POST /session/29f4302be0dc04edb0851c5907fd2353/element/f.131A3F10D0424D71AAC18CBC21A849DC.d.1E6DE0762138773944EC569BB9479FAE.e.8052/value - {"text":"Cost Center"}
COMMAND: GET /session/29f4302be0dc04edb0851c5907fd2353/screenshot - {}
RESULT: {"text":"Cost Center"}
COMMAND: GET /session/29f4302be0dc04edb0851c5907fd2353/screenshot - {}
RESULT: {}
RESULT: {}
COMMAND: POST /session/29f4302be0dc04edb0851c5907fd2353/actions - {"actions":[{"id":"action20","type":"key","parameters":{},"actions":[{"type":"keyDown","value":""},{"type":"pause","duration":10},{"type":"keyUp","value":""}]}]}
RESULT: {"actions":[{"id":"action20","type":"key","parameters":{},"actions":[{"type":"keyDown","value":""},{"type":"pause","duration":10},{"type":"keyUp","value":""}]}]}
COMMAND: GET /session/29f4302be0dc04edb0851c5907fd2353/screenshot - {}
RESULT: {}
COMMAND: POST /session/29f4302be0dc04edb0851c5907fd2353/element - {"using":"xpath","value":"//input[contains(@id ,\"costObjectIdComboBox-inner\")]"}
RESULT: {"using":"xpath","value":"//input[contains(@id ,\"costObjectIdComboBox-inner\")]"}
COMMAND: POST /session/29f4302be0dc04edb0851c5907fd2353/element/f.131A3F10D0424D71AAC18CBC21A849DC.d.1E6DE0762138773944EC569BB9479FAE.e.8062/clear - {}
RESULT: {}
COMMAND: POST /session/29f4302be0dc04edb0851c5907fd2353/element/f.131A3F10D0424D71AAC18CBC21A849DC.d.1E6DE0762138773944EC569BB9479FAE.e.8062/value - {"text":"Vigra"}
COMMAND: GET /session/29f4302be0dc04edb0851c5907fd2353/screenshot - {}
RESULT: {"text":"Vigra"}
COMMAND: GET /session/29f4302be0dc04edb0851c5907fd2353/screenshot - {}
RESULT: {}
RESULT: {}
COMMAND: POST /session/29f4302be0dc04edb0851c5907fd2353/actions - {"actions":[{"id":"action21","type":"key","parameters":{},"actions":[{"type":"keyDown","value":""},{"type":"pause","duration":10},{"type":"keyUp","value":""}]}]}
RESULT: {"actions":[{"id":"action21","type":"key","parameters":{},"actions":[{"type":"keyDown","value":""},{"type":"pause","duration":10},{"type":"keyUp","value":""}]}]}
COMMAND: GET /session/29f4302be0dc04edb0851c5907fd2353/screenshot - {}
RESULT: {}
COMMAND: POST /session/29f4302be0dc04edb0851c5907fd2353/element - {"using":"xpath","value":"//bdi[contains(text(), \"Save\")]"}
RESULT: {"using":"xpath","value":"//bdi[contains(text(), \"Save\")]"}
COMMAND: POST /session/29f4302be0dc04edb0851c5907fd2353/element/f.131A3F10D0424D71AAC18CBC21A849DC.d.1E6DE0762138773944EC569BB9479FAE.e.8067/click - {}
RESULT: {}
COMMAND: GET /session/29f4302be0dc04edb0851c5907fd2353/screenshot - {}
RESULT: {}
COMMAND: POST /session/29f4302be0dc04edb0851c5907fd2353/element - {"using":"xpath","value":"(//header/div[1]/div[3]/div/span)[1]"}
RESULT: {"using":"xpath","value":"(//header/div[1]/div[3]/div/span)[1]"}
COMMAND: POST /session/29f4302be0dc04edb0851c5907fd2353/execute/sync - {"script":"<script> [149 bytes]","args":[{"element-6066-11e4-a52e-4f735466cecf":"f.131A3F10D0424D71AAC18CBC21A849DC.d.1E6DE0762138773944EC569BB9479FAE.e.8087","ELEMENT":"f.131A3F10D0424D71AAC18CBC21A849DC.d.1E6DE0762138773944EC569BB9479FAE.e.8087"},false]}
RESULT: {"script":"<script> [149 bytes]","args":[{"element-6066-11e4-a52e-4f735466cecf":"f.131A3F10D0424D71AAC18CBC21A849DC.d.1E6DE0762138773944EC569BB9479FAE.e.8087","ELEMENT":"f.131A3F10D0424D71AAC18CBC21A849DC.d.1E6DE0762138773944EC569BB9479FAE.e.8087"},false]}
COMMAND: POST /session/29f4302be0dc04edb0851c5907fd2353/execute/async - {"script":"<script> [1562 bytes]","args":[{"selector":{"id":"pickUpSwitchHeader","viewName":"etm.portal.ui.webshop.view.RequestDetail","interaction":{"idSuffix":"textoff"}},"wdio_ui5_key":"pickUpSwitchHeaderetmportal.ui.webshop.view.RequestDetail"}]}
COMMAND: GET /session/29f4302be0dc04edb0851c5907fd2353/screenshot - {}
RESULT: {"script":"<script> [1562 bytes]","args":[{"selector":{"id":"pickUpSwitchHeader","viewName":"etm.portal.ui.webshop.view.RequestDetail","interaction":{"idSuffix":"textoff"}},"wdio_ui5_key":"pickUpSwitchHeaderetmportal.ui.webshop.view.RequestDetail"}]}
RESULT: undefined
COMMAND: POST /session/29f4302be0dc04edb0851c5907fd2353/element - {"using":"xpath","value":"//*[@id=\"__xmlview76--pickUpSwitchHeader\"]"}
RESULT: {}
RESULT: {"using":"xpath","value":"//*[@id=\"__xmlview76--pickUpSwitchHeader\"]"}
COMMAND: POST /session/29f4302be0dc04edb0851c5907fd2353/element/f.131A3F10D0424D71AAC18CBC21A849DC.d.1E6DE0762138773944EC569BB9479FAE.e.8089/click - {}
RESULT: {}
COMMAND: GET /session/29f4302be0dc04edb0851c5907fd2353/screenshot - {}
RESULT: {}
COMMAND: POST /session/29f4302be0dc04edb0851c5907fd2353/execute/async - {"script":"<script> [1562 bytes]","args":[{"selector":{"controlType":"sap.m.Button","viewName":"etm.portal.ui.webshop.view.RequestDetail","bindingPath":{"path":"/RequestItems(REQUEST='20203',ITEM=10m)","propertyPath":"STATUS"}},"wdio_ui5_key":"etmportal.ui.webshop.view.RequestDetailsap.m.Button{\"path\":\"/RequestItems(REQUEST='20203',ITEM=10m)\",\"propertyPath\":\"STATUS\"}"}]}
RESULT: {"script":"<script> [1562 bytes]","args":[{"selector":{"controlType":"sap.m.Button","viewName":"etm.portal.ui.webshop.view.RequestDetail","bindingPath":{"path":"/RequestItems(REQUEST='20203',ITEM=10m)","propertyPath":"STATUS"}},"wdio_ui5_key":"etmportal.ui.webshop.view.RequestDetailsap.m.Button{\"path\":\"/RequestItems(REQUEST='20203',ITEM=10m)\",\"propertyPath\":\"STATUS\"}"}]}
RESULT: undefined
COMMAND: POST /session/29f4302be0dc04edb0851c5907fd2353/execute/async - {"script":"<script> [6424 bytes]","args":[{"element-6066-11e4-a52e-4f735466cecf":"f.131A3F10D0424D71AAC18CBC21A849DC.d.1E6DE0762138773944EC569BB9479FAE.e.8093"},"getType",[]]}
RESULT: {"script":"<script> [6424 bytes]","args":[{"element-6066-11e4-a52e-4f735466cecf":"f.131A3F10D0424D71AAC18CBC21A849DC.d.1E6DE0762138773944EC569BB9479FAE.e.8093"},"getType",[]]}
COMMAND: POST /session/29f4302be0dc04edb0851c5907fd2353/execute/async - {"script":"<script> [1562 bytes]","args":[{"selector":{"controlType":"sap.m.Button","viewName":"etm.portal.ui.webshop.view.RequestDetail","bindingPath":{"path":"/RequestItems(REQUEST='20203',ITEM=20m)","propertyPath":"STATUS"}},"wdio_ui5_key":"etmportal.ui.webshop.view.RequestDetailsap.m.Button{\"path\":\"/RequestItems(REQUEST='20203',ITEM=20m)\",\"propertyPath\":\"STATUS\"}"}]}
RESULT: {"script":"<script> [1562 bytes]","args":[{"selector":{"controlType":"sap.m.Button","viewName":"etm.portal.ui.webshop.view.RequestDetail","bindingPath":{"path":"/RequestItems(REQUEST='20203',ITEM=20m)","propertyPath":"STATUS"}},"wdio_ui5_key":"etmportal.ui.webshop.view.RequestDetailsap.m.Button{\"path\":\"/RequestItems(REQUEST='20203',ITEM=20m)\",\"propertyPath\":\"STATUS\"}"}]}
RESULT: undefined
COMMAND: POST /session/29f4302be0dc04edb0851c5907fd2353/execute/async - {"script":"<script> [6424 bytes]","args":[{"element-6066-11e4-a52e-4f735466cecf":"f.131A3F10D0424D71AAC18CBC21A849DC.d.1E6DE0762138773944EC569BB9479FAE.e.8094"},"getType",[]]}
RESULT: {"script":"<script> [6424 bytes]","args":[{"element-6066-11e4-a52e-4f735466cecf":"f.131A3F10D0424D71AAC18CBC21A849DC.d.1E6DE0762138773944EC569BB9479FAE.e.8094"},"getType",[]]}
RESULT: undefined
COMMAND: POST /session/29f4302be0dc04edb0851c5907fd2353/element - {"using":"xpath","value":"//*[@id=\"__xmlview76--pickUpItemButton-__clone35734\"]"}
RESULT: {"using":"xpath","value":"//*[@id=\"__xmlview76--pickUpItemButton-__clone35734\"]"}
COMMAND: POST /session/29f4302be0dc04edb0851c5907fd2353/element/f.131A3F10D0424D71AAC18CBC21A849DC.d.1E6DE0762138773944EC569BB9479FAE.e.8093/click - {}
RESULT: {}
COMMAND: GET /session/29f4302be0dc04edb0851c5907fd2353/screenshot - {}
RESULT: {}
COMMAND: POST /session/29f4302be0dc04edb0851c5907fd2353/element - {"using":"xpath","value":"//span[contains(@class ,\"sapMBtnInner sapMBtnHoverable sapMFocusable sapMBtnText sapMBtnDefault\")][contains(@id ,\"pickUpItemButton\")]"}
RESULT: {"using":"xpath","value":"//span[contains(@class ,\"sapMBtnInner sapMBtnHoverable sapMFocusable sapMBtnText sapMBtnDefault\")][contains(@id ,\"pickUpItemButton\")]"}
COMMAND: POST /session/29f4302be0dc04edb0851c5907fd2353/execute/sync - {"script":"<script> [8489 bytes]","args":[{"element-6066-11e4-a52e-4f735466cecf":"f.131A3F10D0424D71AAC18CBC21A849DC.d.1E6DE0762138773944EC569BB9479FAE.e.8095","ELEMENT":"f.131A3F10D0424D71AAC18CBC21A849DC.d.1E6DE0762138773944EC569BB9479FAE.e.8095"}]}
RESULT: undefined
COMMAND: POST /session/29f4302be0dc04edb0851c5907fd2353/execute/async - {"script":"<script> [6424 bytes]","args":[{"element-6066-11e4-a52e-4f735466cecf":"f.131A3F10D0424D71AAC18CBC21A849DC.d.1E6DE0762138773944EC569BB9479FAE.e.8088"},"getState",[]]}
RESULT: {"script":"<script> [8489 bytes]","args":[{"element-6066-11e4-a52e-4f735466cecf":"f.131A3F10D0424D71AAC18CBC21A849DC.d.1E6DE0762138773944EC569BB9479FAE.e.8095","ELEMENT":"f.131A3F10D0424D71AAC18CBC21A849DC.d.1E6DE0762138773944EC569BB9479FAE.e.8095"}]}
COMMAND: GET /session/29f4302be0dc04edb0851c5907fd2353/screenshot - {}
RESULT: {"script":"<script> [6424 bytes]","args":[{"element-6066-11e4-a52e-4f735466cecf":"f.131A3F10D0424D71AAC18CBC21A849DC.d.1E6DE0762138773944EC569BB9479FAE.e.8088"},"getState",[]]}
COMMAND: POST /session/29f4302be0dc04edb0851c5907fd2353/execute/async - {"script":"<script> [1562 bytes]","args":[{"selector":{"id":"editRequest","viewName":"etm.portal.ui.webshop.view.RequestDetail","interaction":{"idSuffix":"BDI-content"}},"wdio_ui5_key":"editRequestetmportal.ui.webshop.view.RequestDetail"}]}
COMMAND: POST /session/29f4302be0dc04edb0851c5907fd2353/execute/sync - {"script":"<script> [8489 bytes]","args":[{"element-6066-11e4-a52e-4f735466cecf":"f.131A3F10D0424D71AAC18CBC21A849DC.d.1E6DE0762138773944EC569BB9479FAE.e.8095","ELEMENT":"f.131A3F10D0424D71AAC18CBC21A849DC.d.1E6DE0762138773944EC569BB9479FAE.e.8095"}]}
RESULT: {}
RESULT: {"script":"<script> [1562 bytes]","args":[{"selector":{"id":"editRequest","viewName":"etm.portal.ui.webshop.view.RequestDetail","interaction":{"idSuffix":"BDI-content"}},"wdio_ui5_key":"editRequestetmportal.ui.webshop.view.RequestDetail"}]}
RESULT: undefined
COMMAND: POST /session/29f4302be0dc04edb0851c5907fd2353/element - {"using":"xpath","value":"//*[@id=\"__xmlview76--editRequest\"]"}
RESULT: {"script":"<script> [8489 bytes]","args":[{"element-6066-11e4-a52e-4f735466cecf":"f.131A3F10D0424D71AAC18CBC21A849DC.d.1E6DE0762138773944EC569BB9479FAE.e.8095","ELEMENT":"f.131A3F10D0424D71AAC18CBC21A849DC.d.1E6DE0762138773944EC569BB9479FAE.e.8095"}]}
COMMAND: GET /session/29f4302be0dc04edb0851c5907fd2353/screenshot - {}
RESULT: {"using":"xpath","value":"//*[@id=\"__xmlview76--editRequest\"]"}
COMMAND: POST /session/29f4302be0dc04edb0851c5907fd2353/element/f.131A3F10D0424D71AAC18CBC21A849DC.d.1E6DE0762138773944EC569BB9479FAE.e.8097/click - {}
RESULT: {}
COMMAND: POST /session/29f4302be0dc04edb0851c5907fd2353/execute/sync - {"script":"<script> [8489 bytes]","args":[{"element-6066-11e4-a52e-4f735466cecf":"f.131A3F10D0424D71AAC18CBC21A849DC.d.1E6DE0762138773944EC569BB9479FAE.e.8095","ELEMENT":"f.131A3F10D0424D71AAC18CBC21A849DC.d.1E6DE0762138773944EC569BB9479FAE.e.8095"}]}
RESULT: {}
COMMAND: GET /session/29f4302be0dc04edb0851c5907fd2353/screenshot - {}
RESULT: {"script":"<script> [8489 bytes]","args":[{"element-6066-11e4-a52e-4f735466cecf":"f.131A3F10D0424D71AAC18CBC21A849DC.d.1E6DE0762138773944EC569BB9479FAE.e.8095","ELEMENT":"f.131A3F10D0424D71AAC18CBC21A849DC.d.1E6DE0762138773944EC569BB9479FAE.e.8095"}]}
COMMAND: GET /session/29f4302be0dc04edb0851c5907fd2353/screenshot - {}
COMMAND: POST /session/29f4302be0dc04edb0851c5907fd2353/execute/sync - {"script":"<script> [8489 bytes]","args":[{"element-6066-11e4-a52e-4f735466cecf":"f.131A3F10D0424D71AAC18CBC21A849DC.d.1E6DE0762138773944EC569BB9479FAE.e.8095","ELEMENT":"f.131A3F10D0424D71AAC18CBC21A849DC.d.1E6DE0762138773944EC569BB9479FAE.e.8095"}]}
RESULT: {}
RESULT: {}
RESULT: {"script":"<script> [8489 bytes]","args":[{"element-6066-11e4-a52e-4f735466cecf":"f.131A3F10D0424D71AAC18CBC21A849DC.d.1E6DE0762138773944EC569BB9479FAE.e.8095","ELEMENT":"f.131A3F10D0424D71AAC18CBC21A849DC.d.1E6DE0762138773944EC569BB9479FAE.e.8095"}]}
COMMAND: GET /session/29f4302be0dc04edb0851c5907fd2353/screenshot - {}
RESULT: {}
COMMAND: POST /session/29f4302be0dc04edb0851c5907fd2353/execute/sync - {"script":"<script> [8489 bytes]","args":[{"element-6066-11e4-a52e-4f735466cecf":"f.131A3F10D0424D71AAC18CBC21A849DC.d.1E6DE0762138773944EC569BB9479FAE.e.8095","ELEMENT":"f.131A3F10D0424D71AAC18CBC21A849DC.d.1E6DE0762138773944EC569BB9479FAE.e.8095"}]}
RESULT: {"script":"<script> [8489 bytes]","args":[{"element-6066-11e4-a52e-4f735466cecf":"f.131A3F10D0424D71AAC18CBC21A849DC.d.1E6DE0762138773944EC569BB9479FAE.e.8095","ELEMENT":"f.131A3F10D0424D71AAC18CBC21A849DC.d.1E6DE0762138773944EC569BB9479FAE.e.8095"}]}
COMMAND: GET /session/29f4302be0dc04edb0851c5907fd2353/screenshot - {}
RESULT: {}
COMMAND: POST /session/29f4302be0dc04edb0851c5907fd2353/element - {"using":"xpath","value":"//input[contains(@id ,\"startDate\")]"}
RESULT: {"using":"xpath","value":"//input[contains(@id ,\"startDate\")]"}
COMMAND: POST /session/29f4302be0dc04edb0851c5907fd2353/element/f.131A3F10D0424D71AAC18CBC21A849DC.d.1E6DE0762138773944EC569BB9479FAE.e.8111/click - {}
RESULT: {}
COMMAND: POST /session/29f4302be0dc04edb0851c5907fd2353/actions - {"actions":[{"id":"action22","type":"key","parameters":{},"actions":[{"type":"keyDown","value":""},{"type":"keyDown","value":"a"},{"type":"pause","duration":10},{"type":"keyUp","value":""},{"type":"keyUp","value":"a"}]}]}
COMMAND: GET /session/29f4302be0dc04edb0851c5907fd2353/screenshot - {}
RESULT: {"actions":[{"id":"action22","type":"key","parameters":{},"actions":[{"type":"keyDown","value":""},{"type":"keyDown","value":"a"},{"type":"pause","duration":10},{"type":"keyUp","value":""},{"type":"keyUp","value":"a"}]}]}
COMMAND: POST /session/29f4302be0dc04edb0851c5907fd2353/actions - {"actions":[{"id":"action23","type":"key","parameters":{},"actions":[{"type":"keyDown","value":""},{"type":"pause","duration":10},{"type":"keyUp","value":""}]}]}
COMMAND: GET /session/29f4302be0dc04edb0851c5907fd2353/screenshot - {}
RESULT: {}
RESULT: {"actions":[{"id":"action23","type":"key","parameters":{},"actions":[{"type":"keyDown","value":""},{"type":"pause","duration":10},{"type":"keyUp","value":""}]}]}
COMMAND: GET /session/29f4302be0dc04edb0851c5907fd2353/screenshot - {}
RESULT: {}
RESULT: {}
COMMAND: POST /session/29f4302be0dc04edb0851c5907fd2353/element/f.131A3F10D0424D71AAC18CBC21A849DC.d.1E6DE0762138773944EC569BB9479FAE.e.8111/clear - {}
RESULT: {}
COMMAND: POST /session/29f4302be0dc04edb0851c5907fd2353/element/f.131A3F10D0424D71AAC18CBC21A849DC.d.1E6DE0762138773944EC569BB9479FAE.e.8111/value - {"text":"6/8/25"}
COMMAND: GET /session/29f4302be0dc04edb0851c5907fd2353/screenshot - {}
RESULT: {"text":"6/8/25"}
COMMAND: POST /session/29f4302be0dc04edb0851c5907fd2353/actions - {"actions":[{"id":"action24","type":"key","parameters":{},"actions":[{"type":"keyDown","value":""},{"type":"pause","duration":10},{"type":"keyUp","value":""}]}]}
COMMAND: GET /session/29f4302be0dc04edb0851c5907fd2353/screenshot - {}
RESULT: {}
RESULT: {"actions":[{"id":"action24","type":"key","parameters":{},"actions":[{"type":"keyDown","value":""},{"type":"pause","duration":10},{"type":"keyUp","value":""}]}]}
COMMAND: GET /session/29f4302be0dc04edb0851c5907fd2353/screenshot - {}
RESULT: {}
RESULT: {}
COMMAND: POST /session/29f4302be0dc04edb0851c5907fd2353/element - {"using":"xpath","value":"//input[contains(@id ,\"endDate\")]"}
RESULT: {"using":"xpath","value":"//input[contains(@id ,\"endDate\")]"}
COMMAND: GET /session/29f4302be0dc04edb0851c5907fd2353/element/f.131A3F10D0424D71AAC18CBC21A849DC.d.1E6DE0762138773944EC569BB9479FAE.e.8114/property/value - {}
RESULT: {}
COMMAND: POST /session/29f4302be0dc04edb0851c5907fd2353/execute/async - {"script":"<script> [1562 bytes]","args":[{"selector":{"controlType":"sap.ui.core.Icon","viewName":"etm.portal.ui.webshop.view.RequestEdit","properties":{"src":{"regex":{"source":"action\\-settings"}}}},"wdio_ui5_key":"etmportal.ui.webshop.view.RequestEditsap.ui.core.Icon{\"src\":{\"regex\":{\"source\":\"action\\\\-settings\"}}}"}]}
COMMAND: GET /session/29f4302be0dc04edb0851c5907fd2353/screenshot - {}
RESULT: {"script":"<script> [1562 bytes]","args":[{"selector":{"controlType":"sap.ui.core.Icon","viewName":"etm.portal.ui.webshop.view.RequestEdit","properties":{"src":{"regex":{"source":"action\\-settings"}}}},"wdio_ui5_key":"etmportal.ui.webshop.view.RequestEditsap.ui.core.Icon{\"src\":{\"regex\":{\"source\":\"action\\\\-settings\"}}}"}]}
RESULT: undefined
COMMAND: POST /session/29f4302be0dc04edb0851c5907fd2353/element - {"using":"xpath","value":"//*[@id=\"__xmlview77--smartTable-btnPersonalisation-img\"]"}
RESULT: {}
RESULT: {"using":"xpath","value":"//*[@id=\"__xmlview77--smartTable-btnPersonalisation-img\"]"}
COMMAND: POST /session/29f4302be0dc04edb0851c5907fd2353/element/f.131A3F10D0424D71AAC18CBC21A849DC.d.1E6DE0762138773944EC569BB9479FAE.e.8144/click - {}
RESULT: {}
COMMAND: POST /session/29f4302be0dc04edb0851c5907fd2353/element - {"using":"xpath","value":"//input[contains(@id ,\"searchField-I\")]"}
COMMAND: GET /session/29f4302be0dc04edb0851c5907fd2353/screenshot - {}
RESULT: {"using":"xpath","value":"//input[contains(@id ,\"searchField-I\")]"}
COMMAND: POST /session/29f4302be0dc04edb0851c5907fd2353/element/f.131A3F10D0424D71AAC18CBC21A849DC.d.1E6DE0762138773944EC569BB9479FAE.e.8148/clear - {}
RESULT: {}
RESULT: {}
COMMAND: POST /session/29f4302be0dc04edb0851c5907fd2353/element/f.131A3F10D0424D71AAC18CBC21A849DC.d.1E6DE0762138773944EC569BB9479FAE.e.8148/value - {"text":"time"}
COMMAND: GET /session/29f4302be0dc04edb0851c5907fd2353/screenshot - {}
RESULT: {"text":"time"}
COMMAND: GET /session/29f4302be0dc04edb0851c5907fd2353/screenshot - {}
RESULT: {}
RESULT: {}
COMMAND: POST /session/29f4302be0dc04edb0851c5907fd2353/element - {"using":"xpath","value":"//div[contains(@id ,\"innerSelectionPanelTable-sa-CbBg\")]"}
RESULT: {"using":"xpath","value":"//div[contains(@id ,\"innerSelectionPanelTable-sa-CbBg\")]"}
COMMAND: POST /session/29f4302be0dc04edb0851c5907fd2353/element/f.131A3F10D0424D71AAC18CBC21A849DC.d.1E6DE0762138773944EC569BB9479FAE.e.8172/click - {}
RESULT: {}
COMMAND: POST /session/29f4302be0dc04edb0851c5907fd2353/element - {"using":"xpath","value":"//bdi[contains(text(), \"OK\")]"}
COMMAND: GET /session/29f4302be0dc04edb0851c5907fd2353/screenshot - {}
RESULT: {"using":"xpath","value":"//bdi[contains(text(), \"OK\")]"}
COMMAND: POST /session/29f4302be0dc04edb0851c5907fd2353/element/f.131A3F10D0424D71AAC18CBC21A849DC.d.1E6DE0762138773944EC569BB9479FAE.e.8173/click - {}
RESULT: {}
RESULT: {}
COMMAND: GET /session/29f4302be0dc04edb0851c5907fd2353/screenshot - {}
RESULT: {}
COMMAND: POST /session/29f4302be0dc04edb0851c5907fd2353/execute/async - {"script":"<script> [1562 bytes]","args":[{"selector":{"controlType":"sap.m.CheckBox","viewName":"etm.portal.ui.webshop.view.RequestEdit","properties":{"editable":true},"ancestor":{"controlType":"sap.m.ColumnListItem","viewName":"etm.portal.ui.webshop.view.RequestEdit","bindingPath":{"path":"/RequestItems(REQUEST='20203',ITEM=10m)"},"ancestor":{"id":"customTable","viewName":"etm.portal.ui.webshop.view.RequestEdit"}},"interaction":{"idSuffix":"CbBg"}},"wdio_ui5_key":"etmportal.ui.webshop.view.RequestEditsap.m.CheckBox{\"editable\":true}{\"controlType\":\"sap.m.ColumnListItem\",\"viewName\":\"etm.portal.ui.webshop.view.RequestEdit\",\"bindingPath\":{\"path\":\"/RequestItems(REQUEST='20203',ITEM=10m)\"},\"ancestor\":{\"id\":\"customTable\",\"viewName\":\"etm.portal.ui.webshop.view.RequestEdit\"}}"}]}
RESULT: {"script":"<script> [1562 bytes]","args":[{"selector":{"controlType":"sap.m.CheckBox","viewName":"etm.portal.ui.webshop.view.RequestEdit","properties":{"editable":true},"ancestor":{"controlType":"sap.m.ColumnListItem","viewName":"etm.portal.ui.webshop.view.RequestEdit","bindingPath":{"path":"/RequestItems(REQUEST='20203',ITEM=10m)"},"ancestor":{"id":"customTable","viewName":"etm.portal.ui.webshop.view.RequestEdit"}},"interaction":{"idSuffix":"CbBg"}},"wdio_ui5_key":"etmportal.ui.webshop.view.RequestEditsap.m.CheckBox{\"editable\":true}{\"controlType\":\"sap.m.ColumnListItem\",\"viewName\":\"etm.portal.ui.webshop.view.RequestEdit\",\"bindingPath\":{\"path\":\"/RequestItems(REQUEST='20203',ITEM=10m)\"},\"ancestor\":{\"id\":\"customTable\",\"viewName\":\"etm.portal.ui.webshop.view.RequestEdit\"}}"}]}
RESULT: undefined
COMMAND: POST /session/29f4302be0dc04edb0851c5907fd2353/element - {"using":"xpath","value":"//*[@id=\"__item5404-__clone36145-selectMulti\"]"}
RESULT: {"using":"xpath","value":"//*[@id=\"__item5404-__clone36145-selectMulti\"]"}
COMMAND: POST /session/29f4302be0dc04edb0851c5907fd2353/element/f.131A3F10D0424D71AAC18CBC21A849DC.d.1E6DE0762138773944EC569BB9479FAE.e.8208/click - {}
RESULT: {}
COMMAND: POST /session/29f4302be0dc04edb0851c5907fd2353/execute/async - {"script":"<script> [1562 bytes]","args":[{"selector":{"controlType":"sap.m.Button","viewName":"etm.portal.ui.webshop.view.RequestEdit","i18NText":{"propertyName":"text","key":"update"},"interaction":{"idSuffix":"BDI-content"}},"wdio_ui5_key":"etmportal.ui.webshop.view.RequestEditsap.m.Button{\"propertyName\":\"text\",\"key\":\"update\"}"}]}
COMMAND: GET /session/29f4302be0dc04edb0851c5907fd2353/screenshot - {}
RESULT: {"script":"<script> [1562 bytes]","args":[{"selector":{"controlType":"sap.m.Button","viewName":"etm.portal.ui.webshop.view.RequestEdit","i18NText":{"propertyName":"text","key":"update"},"interaction":{"idSuffix":"BDI-content"}},"wdio_ui5_key":"etmportal.ui.webshop.view.RequestEditsap.m.Button{\"propertyName\":\"text\",\"key\":\"update\"}"}]}
RESULT: undefined
COMMAND: POST /session/29f4302be0dc04edb0851c5907fd2353/element - {"using":"xpath","value":"//*[@id=\"__button480\"]"}
RESULT: {}
RESULT: {"using":"xpath","value":"//*[@id=\"__button480\"]"}
COMMAND: POST /session/29f4302be0dc04edb0851c5907fd2353/element/f.131A3F10D0424D71AAC18CBC21A849DC.d.1E6DE0762138773944EC569BB9479FAE.e.8210/click - {}
RESULT: {}
COMMAND: POST /session/29f4302be0dc04edb0851c5907fd2353/element - {"using":"xpath","value":"(//input[contains(@id ,\"startDateRI\")])[1]"}
COMMAND: GET /session/29f4302be0dc04edb0851c5907fd2353/screenshot - {}
RESULT: {"using":"xpath","value":"(//input[contains(@id ,\"startDateRI\")])[1]"}
COMMAND: GET /session/29f4302be0dc04edb0851c5907fd2353/element/f.131A3F10D0424D71AAC18CBC21A849DC.d.1E6DE0762138773944EC569BB9479FAE.e.8197/property/value - {}
RESULT: {}
RESULT: {}
RESULT: undefined
COMMAND: POST /session/29f4302be0dc04edb0851c5907fd2353/element - {"using":"xpath","value":"//*[@id=\"__item5404-__clone36145-selectMulti\"]"}
COMMAND: GET /session/29f4302be0dc04edb0851c5907fd2353/screenshot - {}
RESULT: {"using":"xpath","value":"//*[@id=\"__item5404-__clone36145-selectMulti\"]"}
COMMAND: POST /session/29f4302be0dc04edb0851c5907fd2353/element/f.131A3F10D0424D71AAC18CBC21A849DC.d.1E6DE0762138773944EC569BB9479FAE.e.8208/click - {}
RESULT: {}
RESULT: {}
COMMAND: POST /session/29f4302be0dc04edb0851c5907fd2353/execute/async - {"script":"<script> [1562 bytes]","args":[{"selector":{"controlType":"sap.m.CheckBox","viewName":"etm.portal.ui.webshop.view.RequestEdit","properties":{"editable":true},"ancestor":{"controlType":"sap.m.ColumnListItem","viewName":"etm.portal.ui.webshop.view.RequestEdit","bindingPath":{"path":"/RequestItems(REQUEST='20203',ITEM=20m)"},"ancestor":{"id":"customTable","viewName":"etm.portal.ui.webshop.view.RequestEdit"}},"interaction":{"idSuffix":"CbBg"}},"wdio_ui5_key":"etmportal.ui.webshop.view.RequestEditsap.m.CheckBox{\"editable\":true}{\"controlType\":\"sap.m.ColumnListItem\",\"viewName\":\"etm.portal.ui.webshop.view.RequestEdit\",\"bindingPath\":{\"path\":\"/RequestItems(REQUEST='20203',ITEM=20m)\"},\"ancestor\":{\"id\":\"customTable\",\"viewName\":\"etm.portal.ui.webshop.view.RequestEdit\"}}"}]}
COMMAND: GET /session/29f4302be0dc04edb0851c5907fd2353/screenshot - {}
RESULT: {"script":"<script> [1562 bytes]","args":[{"selector":{"controlType":"sap.m.CheckBox","viewName":"etm.portal.ui.webshop.view.RequestEdit","properties":{"editable":true},"ancestor":{"controlType":"sap.m.ColumnListItem","viewName":"etm.portal.ui.webshop.view.RequestEdit","bindingPath":{"path":"/RequestItems(REQUEST='20203',ITEM=20m)"},"ancestor":{"id":"customTable","viewName":"etm.portal.ui.webshop.view.RequestEdit"}},"interaction":{"idSuffix":"CbBg"}},"wdio_ui5_key":"etmportal.ui.webshop.view.RequestEditsap.m.CheckBox{\"editable\":true}{\"controlType\":\"sap.m.ColumnListItem\",\"viewName\":\"etm.portal.ui.webshop.view.RequestEdit\",\"bindingPath\":{\"path\":\"/RequestItems(REQUEST='20203',ITEM=20m)\"},\"ancestor\":{\"id\":\"customTable\",\"viewName\":\"etm.portal.ui.webshop.view.RequestEdit\"}}"}]}
RESULT: undefined
COMMAND: POST /session/29f4302be0dc04edb0851c5907fd2353/element - {"using":"xpath","value":"//*[@id=\"__item5404-__clone36146-selectMulti\"]"}
RESULT: {}
RESULT: {"using":"xpath","value":"//*[@id=\"__item5404-__clone36146-selectMulti\"]"}
COMMAND: POST /session/29f4302be0dc04edb0851c5907fd2353/element/f.131A3F10D0424D71AAC18CBC21A849DC.d.1E6DE0762138773944EC569BB9479FAE.e.8213/click - {}
RESULT: {}
COMMAND: POST /session/29f4302be0dc04edb0851c5907fd2353/execute/async - {"script":"<script> [1562 bytes]","args":[{"selector":{"controlType":"sap.ui.core.Icon","viewName":"etm.portal.ui.webshop.view.RequestEdit","properties":{"src":{"regex":{"source":"delete"}}}},"wdio_ui5_key":"etmportal.ui.webshop.view.RequestEditsap.ui.core.Icon{\"src\":{\"regex\":{\"source\":\"delete\"}}}"}]}
COMMAND: GET /session/29f4302be0dc04edb0851c5907fd2353/screenshot - {}
RESULT: {"script":"<script> [1562 bytes]","args":[{"selector":{"controlType":"sap.ui.core.Icon","viewName":"etm.portal.ui.webshop.view.RequestEdit","properties":{"src":{"regex":{"source":"delete"}}}},"wdio_ui5_key":"etmportal.ui.webshop.view.RequestEditsap.ui.core.Icon{\"src\":{\"regex\":{\"source\":\"delete\"}}}"}]}
RESULT: undefined
COMMAND: POST /session/29f4302be0dc04edb0851c5907fd2353/element - {"using":"xpath","value":"//*[@id=\"__xmlview77--deleteItem-img\"]"}
RESULT: {}
RESULT: {"using":"xpath","value":"//*[@id=\"__xmlview77--deleteItem-img\"]"}
COMMAND: POST /session/29f4302be0dc04edb0851c5907fd2353/element/f.131A3F10D0424D71AAC18CBC21A849DC.d.1E6DE0762138773944EC569BB9479FAE.e.8214/click - {}
RESULT: {}
COMMAND: GET /session/29f4302be0dc04edb0851c5907fd2353/screenshot - {}
RESULT: {}
COMMAND: POST /session/29f4302be0dc04edb0851c5907fd2353/execute/async - {"script":"<script> [1562 bytes]","args":[{"selector":{"controlType":"sap.m.Button","properties":{"text":"OK"},"searchOpenDialogs":true,"interaction":{"idSuffix":"BDI-content"}},"wdio_ui5_key":"sapm.Button{\"text\":\"OK\"}"}]}
RESULT: {"script":"<script> [1562 bytes]","args":[{"selector":{"controlType":"sap.m.Button","properties":{"text":"OK"},"searchOpenDialogs":true,"interaction":{"idSuffix":"BDI-content"}},"wdio_ui5_key":"sapm.Button{\"text\":\"OK\"}"}]}
RESULT: undefined
COMMAND: POST /session/29f4302be0dc04edb0851c5907fd2353/element - {"using":"xpath","value":"//*[@id=\"__mbox-btn-0\"]"}
RESULT: {"using":"xpath","value":"//*[@id=\"__mbox-btn-0\"]"}
COMMAND: POST /session/29f4302be0dc04edb0851c5907fd2353/element/f.131A3F10D0424D71AAC18CBC21A849DC.d.1E6DE0762138773944EC569BB9479FAE.e.8216/click - {}
RESULT: {}
COMMAND: GET /session/29f4302be0dc04edb0851c5907fd2353/screenshot - {}
RESULT: {}
COMMAND: POST /session/29f4302be0dc04edb0851c5907fd2353/execute/async - {"script":"<script> [1562 bytes]","args":[{"selector":{"id":"saveButtonId","viewName":"etm.portal.ui.webshop.view.RequestEdit","interaction":{"idSuffix":"BDI-content"}},"wdio_ui5_key":"saveButtonIdetmportal.ui.webshop.view.RequestEdit"}]}
RESULT: {"script":"<script> [1562 bytes]","args":[{"selector":{"id":"saveButtonId","viewName":"etm.portal.ui.webshop.view.RequestEdit","interaction":{"idSuffix":"BDI-content"}},"wdio_ui5_key":"saveButtonIdetmportal.ui.webshop.view.RequestEdit"}]}
RESULT: undefined
COMMAND: POST /session/29f4302be0dc04edb0851c5907fd2353/element - {"using":"xpath","value":"//*[@id=\"__xmlview77--saveButtonId\"]"}
RESULT: {"using":"xpath","value":"//*[@id=\"__xmlview77--saveButtonId\"]"}
COMMAND: POST /session/29f4302be0dc04edb0851c5907fd2353/element/f.131A3F10D0424D71AAC18CBC21A849DC.d.1E6DE0762138773944EC569BB9479FAE.e.8224/click - {}
RESULT: {}
COMMAND: GET /session/29f4302be0dc04edb0851c5907fd2353/screenshot - {}
RESULT: {}
COMMAND: POST /session/29f4302be0dc04edb0851c5907fd2353/execute/async - {"script":"<script> [1562 bytes]","args":[{"selector":{"controlType":"sap.m.Title","viewName":"etm.portal.ui.webshop.view.RequestDetail","properties":{"text":"Items (1)"}},"wdio_ui5_key":"etmportal.ui.webshop.view.RequestDetailsap.m.Title{\"text\":\"Items (1)\"}"}]}
RESULT: {"script":"<script> [1562 bytes]","args":[{"selector":{"controlType":"sap.m.Title","viewName":"etm.portal.ui.webshop.view.RequestDetail","properties":{"text":"Items (1)"}},"wdio_ui5_key":"etmportal.ui.webshop.view.RequestDetailsap.m.Title{\"text\":\"Items (1)\"}"}]}
RESULT: undefined
COMMAND: POST /session/29f4302be0dc04edb0851c5907fd2353/execute/async - {"script":"<script> [6424 bytes]","args":[{"element-6066-11e4-a52e-4f735466cecf":"f.131A3F10D0424D71AAC18CBC21A849DC.d.1E6DE0762138773944EC569BB9479FAE.e.8232"},"getText",[]]}
RESULT: {"script":"<script> [6424 bytes]","args":[{"element-6066-11e4-a52e-4f735466cecf":"f.131A3F10D0424D71AAC18CBC21A849DC.d.1E6DE0762138773944EC569BB9479FAE.e.8232"},"getText",[]]}
COMMAND: POST /session/29f4302be0dc04edb0851c5907fd2353/execute/async - {"script":"<script> [1562 bytes]","args":[{"selector":{"controlType":"sap.m.Text","viewName":"etm.portal.ui.webshop.view.RequestDetail","bindingPath":{"path":"/RequestHeaders(NO='20203')","propertyPath":"END_DATE","modelName":"catalogModel"}},"wdio_ui5_key":"etmportal.ui.webshop.view.RequestDetailsap.m.Text{\"path\":\"/RequestHeaders(NO='20203')\",\"propertyPath\":\"END_DATE\",\"modelName\":\"catalogModel\"}"}]}
RESULT: {"script":"<script> [1562 bytes]","args":[{"selector":{"controlType":"sap.m.Text","viewName":"etm.portal.ui.webshop.view.RequestDetail","bindingPath":{"path":"/RequestHeaders(NO='20203')","propertyPath":"END_DATE","modelName":"catalogModel"}},"wdio_ui5_key":"etmportal.ui.webshop.view.RequestDetailsap.m.Text{\"path\":\"/RequestHeaders(NO='20203')\",\"propertyPath\":\"END_DATE\",\"modelName\":\"catalogModel\"}"}]}
RESULT: undefined
COMMAND: POST /session/29f4302be0dc04edb0851c5907fd2353/execute/async - {"script":"<script> [1562 bytes]","args":[{"selector":{"controlType":"sap.m.Text","viewName":"etm.portal.ui.webshop.view.RequestDetail","bindingPath":{"path":"/RequestHeaders(NO='20203')","propertyPath":"START_DATE","modelName":"catalogModel"}},"wdio_ui5_key":"etmportal.ui.webshop.view.RequestDetailsap.m.Text{\"path\":\"/RequestHeaders(NO='20203')\",\"propertyPath\":\"START_DATE\",\"modelName\":\"catalogModel\"}"}]}
RESULT: {"script":"<script> [1562 bytes]","args":[{"selector":{"controlType":"sap.m.Text","viewName":"etm.portal.ui.webshop.view.RequestDetail","bindingPath":{"path":"/RequestHeaders(NO='20203')","propertyPath":"START_DATE","modelName":"catalogModel"}},"wdio_ui5_key":"etmportal.ui.webshop.view.RequestDetailsap.m.Text{\"path\":\"/RequestHeaders(NO='20203')\",\"propertyPath\":\"START_DATE\",\"modelName\":\"catalogModel\"}"}]}
RESULT: undefined
COMMAND: POST /session/29f4302be0dc04edb0851c5907fd2353/execute/async - {"script":"<script> [6424 bytes]","args":[{"element-6066-11e4-a52e-4f735466cecf":"f.131A3F10D0424D71AAC18CBC21A849DC.d.1E6DE0762138773944EC569BB9479FAE.e.8234"},"getText",[]]}
RESULT: {"script":"<script> [6424 bytes]","args":[{"element-6066-11e4-a52e-4f735466cecf":"f.131A3F10D0424D71AAC18CBC21A849DC.d.1E6DE0762138773944EC569BB9479FAE.e.8234"},"getText",[]]}
RESULT: undefined
COMMAND: POST /session/29f4302be0dc04edb0851c5907fd2353/execute/async - {"script":"<script> [6424 bytes]","args":[{"element-6066-11e4-a52e-4f735466cecf":"f.131A3F10D0424D71AAC18CBC21A849DC.d.1E6DE0762138773944EC569BB9479FAE.e.8233"},"getText",[]]}
RESULT: {"script":"<script> [6424 bytes]","args":[{"element-6066-11e4-a52e-4f735466cecf":"f.131A3F10D0424D71AAC18CBC21A849DC.d.1E6DE0762138773944EC569BB9479FAE.e.8233"},"getText",[]]}
COMMAND: POST /session/29f4302be0dc04edb0851c5907fd2353/refresh - {}
RESULT: {}
COMMAND: GET /session/29f4302be0dc04edb0851c5907fd2353/screenshot - {}
RESULT: {}
COMMAND: POST /session/29f4302be0dc04edb0851c5907fd2353/execute/async - {"script":"<script> [189 bytes]","args":[]}
RESULT: {"script":"<script> [189 bytes]","args":[]}
COMMAND: POST /session/29f4302be0dc04edb0851c5907fd2353/execute/async - {"script":"<script> [123 bytes]","args":[]}
RESULT: {"script":"<script> [123 bytes]","args":[]}
COMMAND: POST /session/29f4302be0dc04edb0851c5907fd2353/timeouts - {"script":"<number>"}
RESULT: {"script":"<number>"}
COMMAND: GET /session/29f4302be0dc04edb0851c5907fd2353/timeouts - {}
RESULT: {}
RESULT: undefined
COMMAND: POST /session/29f4302be0dc04edb0851c5907fd2353/execute/async - {"script":"<script> [2676 bytes]","args":[]}
RESULT: {"script":"<script> [2676 bytes]","args":[]}
COMMAND: POST /session/29f4302be0dc04edb0851c5907fd2353/execute/async - {"script":"<script> [2342 bytes]","args":[{"protocol":"http","hostname":"0.0.0.0","path":"/","capabilities":{"browserName":"chrome","goog:chromeOptions":{"binary":"C:\\Program Files\\Google\\Chrome\\Application\\chrome.exe","args":["--start-maximized"]}},"logLevel":"warn","connectionRetryTimeout":120000,"connectionRetryCount":3,"logLevels":{},"enableDirectConnect":true,"strictSSL":true,"_":"65 more keys: [\"cacheDir\",\"port\",\"requestedCapabilities\",\"automationProtocol\",\"baseUrl\",\"waitforInterval\",\"waitforTimeout\",\"onReload\",\"beforeCommand\",\"afterCommand\",\"rootDir\",\"specs\",\"suites\",\"exclude\",\"groupLogsByTestSpec\",\"excludeDriverLogs\",\"bail\",\"framework\",\"reporters\",\"services\",\"maxInstances\",\"maxInstancesPerCapability\",\"injectGlobals\",\"filesToWatch\",\"execArgv\",\"runnerEnv\",\"runner\",\"shard\",\"specFileRetries\",\"specFileRetriesDelay\",\"specFileRetriesDeferred\",\"reporterSyncInterval\",\"reporterSyncTimeout\",\"cucumberFeaturesWithLineNumbers\",\"autoCompileOpts\",\"mochaOpts\",\"jasmineOpts\",\"cucumberOpts\",\"onPrepare\",\"onWorkerStart\",\"onWorkerEnd\",\"before\",\"beforeSession\",\"beforeSuite\",\"beforeHook\",\"beforeTest\",\"afterTest\",\"afterHook\",\"afterSuite\",\"afterSession\",\"after\",\"onComplete\",\"beforeAssertion\",\"afterAssertion\",\"beforeFeature\",\"beforeScenario\",\"beforeStep\",\"afterStep\",\"afterScenario\",\"afterFeature\",\"_\",\"suite\",\"$0\",\"ignoredWorkerServices\",\"wdi5\"]"}]}
RESULT: {"script":"<script> [2342 bytes]","args":[{"protocol":"http","hostname":"0.0.0.0","path":"/","capabilities":{"browserName":"chrome","goog:chromeOptions":{"binary":"C:\\Program Files\\Google\\Chrome\\Application\\chrome.exe","args":["--start-maximized"]}},"logLevel":"warn","connectionRetryTimeout":120000,"connectionRetryCount":3,"logLevels":{},"enableDirectConnect":true,"strictSSL":true,"_":"65 more keys: [\"cacheDir\",\"port\",\"requestedCapabilities\",\"automationProtocol\",\"baseUrl\",\"waitforInterval\",\"waitforTimeout\",\"onReload\",\"beforeCommand\",\"afterCommand\",\"rootDir\",\"specs\",\"suites\",\"exclude\",\"groupLogsByTestSpec\",\"excludeDriverLogs\",\"bail\",\"framework\",\"reporters\",\"services\",\"maxInstances\",\"maxInstancesPerCapability\",\"injectGlobals\",\"filesToWatch\",\"execArgv\",\"runnerEnv\",\"runner\",\"shard\",\"specFileRetries\",\"specFileRetriesDelay\",\"specFileRetriesDeferred\",\"reporterSyncInterval\",\"reporterSyncTimeout\",\"cucumberFeaturesWithLineNumbers\",\"autoCompileOpts\",\"mochaOpts\",\"jasmineOpts\",\"cucumberOpts\",\"onPrepare\",\"onWorkerStart\",\"onWorkerEnd\",\"before\",\"beforeSession\",\"beforeSuite\",\"beforeHook\",\"beforeTest\",\"afterTest\",\"afterHook\",\"afterSuite\",\"afterSession\",\"after\",\"onComplete\",\"beforeAssertion\",\"afterAssertion\",\"beforeFeature\",\"beforeScenario\",\"beforeStep\",\"afterStep\",\"afterScenario\",\"afterFeature\",\"_\",\"suite\",\"$0\",\"ignoredWorkerServices\",\"wdi5\"]"}]}
COMMAND: POST /session/29f4302be0dc04edb0851c5907fd2353/execute/async - {"script":"<script> [21126 bytes]","args":[35000]}
RESULT: {"script":"<script> [21126 bytes]","args":[35000]}
COMMAND: POST /session/29f4302be0dc04edb0851c5907fd2353/element - {"using":"xpath","value":"//li[contains(@title ,\"Exit\")]"}
RESULT: {"using":"xpath","value":"//li[contains(@title ,\"Exit\")]"}
COMMAND: POST /session/29f4302be0dc04edb0851c5907fd2353/element/f.131A3F10D0424D71AAC18CBC21A849DC.d.166853C36DB74DE2D688E0E16E73E66A.e.8336/click - {}
RESULT: {}
COMMAND: GET /session/29f4302be0dc04edb0851c5907fd2353/screenshot - {}
RESULT: {}
COMMAND: DELETE /session/29f4302be0dc04edb0851c5907fd2353 - {}
RESULT: {}
]]></system-out>
    </testcase>
  </testsuite>
</testsuites>