<?xml version="1.0" encoding="UTF-8"?>
<testsuites tests="6" failures="3" errors="3" skipped="0">
  <testsuite timestamp="2025-04-28T06:14:54" time="109.48" tests="1" failures="0" errors="0" skipped="0">
    <properties>
      <property name="specId" value="0" />
      <property name="suiteName" value="Create a new catalogs section" />
      <property name="capabilities" value="chrome.135_0_7049_96.windows" />
      <property name="file" value="file:///D:/a/1/s/test/specs/R2C/create-new-webshop-catalog-section.spec.js" />
    </properties>
    <testcase classname="chrome.135_0_7049_96.windows.Create_a_new_catalogs_section" name="Should navigate to manage catalogs and add a new section on webshop catalog" time="84.043">
      <system-out><![CDATA[
COMMAND: POST /session/b508c578d2d4f2aa69380ea181ab6887/element - {"using":"xpath","value":"//*[contains(@href, 'etm.portal.ui.managecatalogs')]"}
RESULT: {"using":"xpath","value":"//*[contains(@href, 'etm.portal.ui.managecatalogs')]"}
COMMAND: POST /session/b508c578d2d4f2aa69380ea181ab6887/element/f.E0786FEE4A1502535E7864DDD2989284.d.57DE5DD61E0FBE2EC23DD68C5610C49B.e.112/click - {}
RESULT: {}
COMMAND: GET /session/b508c578d2d4f2aa69380ea181ab6887/screenshot - {}
RESULT: {}
COMMAND: POST /session/b508c578d2d4f2aa69380ea181ab6887/execute/async - {"script":"<script> [1562 bytes]","args":[{"selector":{"controlType":"sap.m.Text","viewName":"etm.portal.ui.managecatalogs.view.MasterCatalogs","viewId":"application-managecatalogs-display-component---masterCatalogs","bindingPath":{"path":"/Catalogs('0D7502D073D53A0F1700BE067B89AFF9')","propertyPath":"DESCRIPTION","modelName":"catalogModel"}},"wdio_ui5_key":"etmportal.ui.managecatalogs.view.MasterCatalogssap.m.Text{\"path\":\"/Catalogs('0D7502D073D53A0F1700BE067B89AFF9')\",\"propertyPath\":\"DESCRIPTION\",\"modelName\":\"catalogModel\"}"}]}
RESULT: {"script":"<script> [1562 bytes]","args":[{"selector":{"controlType":"sap.m.Text","viewName":"etm.portal.ui.managecatalogs.view.MasterCatalogs","viewId":"application-managecatalogs-display-component---masterCatalogs","bindingPath":{"path":"/Catalogs('0D7502D073D53A0F1700BE067B89AFF9')","propertyPath":"DESCRIPTION","modelName":"catalogModel"}},"wdio_ui5_key":"etmportal.ui.managecatalogs.view.MasterCatalogssap.m.Text{\"path\":\"/Catalogs('0D7502D073D53A0F1700BE067B89AFF9')\",\"propertyPath\":\"DESCRIPTION\",\"modelName\":\"catalogModel\"}"}]}
RESULT: undefined
COMMAND: POST /session/b508c578d2d4f2aa69380ea181ab6887/element - {"using":"xpath","value":"//*[@id=\"__text39-application-managecatalogs-display-component---masterCatalogs--CatalogsTable-11\"]"}
RESULT: {"using":"xpath","value":"//*[@id=\"__text39-application-managecatalogs-display-component---masterCatalogs--CatalogsTable-11\"]"}
COMMAND: POST /session/b508c578d2d4f2aa69380ea181ab6887/element/f.E0786FEE4A1502535E7864DDD2989284.d.57DE5DD61E0FBE2EC23DD68C5610C49B.e.140/click - {}
RESULT: {}
COMMAND: POST /session/b508c578d2d4f2aa69380ea181ab6887/execute/async - {"script":"<script> [1562 bytes]","args":[{"selector":{"controlType":"sap.ui.layout.HorizontalLayout","viewName":"etm.portal.ui.managecatalogs.view.MasterItems","viewId":"application-managecatalogs-display-component---masterCatalogItems","ancestor":{"id":"application-managecatalogs-display-component---masterCatalogItems--idCatalogItemsTree-rows-row0"}},"wdio_ui5_key":"etmportal.ui.managecatalogs.view.MasterItemssap.ui.layout.HorizontalLayout{\"id\":\"application-managecatalogs-display-component---masterCatalogItems--idCatalogItemsTree-rows-row0\"}"}]}
COMMAND: GET /session/b508c578d2d4f2aa69380ea181ab6887/screenshot - {}
RESULT: {"script":"<script> [1562 bytes]","args":[{"selector":{"controlType":"sap.ui.layout.HorizontalLayout","viewName":"etm.portal.ui.managecatalogs.view.MasterItems","viewId":"application-managecatalogs-display-component---masterCatalogItems","ancestor":{"id":"application-managecatalogs-display-component---masterCatalogItems--idCatalogItemsTree-rows-row0"}},"wdio_ui5_key":"etmportal.ui.managecatalogs.view.MasterItemssap.ui.layout.HorizontalLayout{\"id\":\"application-managecatalogs-display-component---masterCatalogItems--idCatalogItemsTree-rows-row0\"}"}]}
RESULT: undefined
COMMAND: POST /session/b508c578d2d4f2aa69380ea181ab6887/element - {"using":"xpath","value":"//*[@id=\"__layout3-__clone11\"]"}
RESULT: {}
RESULT: {"using":"xpath","value":"//*[@id=\"__layout3-__clone11\"]"}
COMMAND: POST /session/b508c578d2d4f2aa69380ea181ab6887/element/f.E0786FEE4A1502535E7864DDD2989284.d.57DE5DD61E0FBE2EC23DD68C5610C49B.e.177/click - {}
RESULT: {}
COMMAND: GET /session/b508c578d2d4f2aa69380ea181ab6887/screenshot - {}
RESULT: {}
COMMAND: POST /session/b508c578d2d4f2aa69380ea181ab6887/execute/async - {"script":"<script> [1562 bytes]","args":[{"selector":{"controlType":"sap.m.Button","viewName":"etm.portal.ui.managecatalogs.view.Detail","viewId":"application-managecatalogs-display-component---detailCatalog","i18NText":{"propertyName":"text","key":"edit"},"interaction":{"idSuffix":"BDI-content"}},"wdio_ui5_key":"etmportal.ui.managecatalogs.view.Detailsap.m.Button{\"propertyName\":\"text\",\"key\":\"edit\"}"}]}
RESULT: {"script":"<script> [1562 bytes]","args":[{"selector":{"controlType":"sap.m.Button","viewName":"etm.portal.ui.managecatalogs.view.Detail","viewId":"application-managecatalogs-display-component---detailCatalog","i18NText":{"propertyName":"text","key":"edit"},"interaction":{"idSuffix":"BDI-content"}},"wdio_ui5_key":"etmportal.ui.managecatalogs.view.Detailsap.m.Button{\"propertyName\":\"text\",\"key\":\"edit\"}"}]}
RESULT: undefined
COMMAND: POST /session/b508c578d2d4f2aa69380ea181ab6887/element - {"using":"xpath","value":"//*[@id=\"__button35\"]"}
RESULT: {"using":"xpath","value":"//*[@id=\"__button35\"]"}
COMMAND: POST /session/b508c578d2d4f2aa69380ea181ab6887/element/f.E0786FEE4A1502535E7864DDD2989284.d.57DE5DD61E0FBE2EC23DD68C5610C49B.e.289/click - {}
RESULT: {}
COMMAND: GET /session/b508c578d2d4f2aa69380ea181ab6887/screenshot - {}
RESULT: {}
COMMAND: POST /session/b508c578d2d4f2aa69380ea181ab6887/element - {"using":"xpath","value":"//bdi[contains(text(), \"Unlock\")]"}
RESULT: {"using":"xpath","value":"//bdi[contains(text(), \"Unlock\")]"}
COMMAND: POST /session/b508c578d2d4f2aa69380ea181ab6887/elements - {"using":"xpath","value":"//bdi[contains(text(), \"Unlock\")]"}
RESULT: {"using":"xpath","value":"//bdi[contains(text(), \"Unlock\")]"}
COMMAND: POST /session/b508c578d2d4f2aa69380ea181ab6887/execute/async - {"script":"<script> [1562 bytes]","args":[{"selector":{"controlType":"sap.ui.core.Icon","viewName":"etm.portal.ui.managecatalogs.view.Detail","viewId":"application-managecatalogs-display-component---detailCatalog","properties":{"src":{"regex":{"source":"add\\-folder"}}}},"wdio_ui5_key":"etmportal.ui.managecatalogs.view.Detailsap.ui.core.Icon{\"src\":{\"regex\":{\"source\":\"add\\\\-folder\"}}}"}]}
RESULT: {"script":"<script> [1562 bytes]","args":[{"selector":{"controlType":"sap.ui.core.Icon","viewName":"etm.portal.ui.managecatalogs.view.Detail","viewId":"application-managecatalogs-display-component---detailCatalog","properties":{"src":{"regex":{"source":"add\\-folder"}}}},"wdio_ui5_key":"etmportal.ui.managecatalogs.view.Detailsap.ui.core.Icon{\"src\":{\"regex\":{\"source\":\"add\\\\-folder\"}}}"}]}
RESULT: undefined
COMMAND: POST /session/b508c578d2d4f2aa69380ea181ab6887/element - {"using":"xpath","value":"//*[@id=\"__button43-img\"]"}
RESULT: {"using":"xpath","value":"//*[@id=\"__button43-img\"]"}
COMMAND: POST /session/b508c578d2d4f2aa69380ea181ab6887/element/f.E0786FEE4A1502535E7864DDD2989284.d.57DE5DD61E0FBE2EC23DD68C5610C49B.e.297/click - {}
RESULT: {}
COMMAND: GET /session/b508c578d2d4f2aa69380ea181ab6887/screenshot - {}
RESULT: {}
COMMAND: POST /session/b508c578d2d4f2aa69380ea181ab6887/execute/async - {"script":"<script> [1562 bytes]","args":[{"selector":{"id":"application-managecatalogs-display-component---detailCatalog--numberInput","searchOpenDialogs":true,"interaction":{"idSuffix":"inner"}},"wdio_ui5_key":"applicationmanagecatalogs-display-component---detailCatalog--numberInput"}]}
RESULT: {"script":"<script> [1562 bytes]","args":[{"selector":{"id":"application-managecatalogs-display-component---detailCatalog--numberInput","searchOpenDialogs":true,"interaction":{"idSuffix":"inner"}},"wdio_ui5_key":"applicationmanagecatalogs-display-component---detailCatalog--numberInput"}]}
RESULT: undefined
COMMAND: POST /session/b508c578d2d4f2aa69380ea181ab6887/execute/async - {"script":"<script> [776 bytes]","args":[{"enterText":"Sectionq0v8b","selector":{"id":"application-managecatalogs-display-component---detailCatalog--numberInput","searchOpenDialogs":true,"interaction":{"idSuffix":"inner"}},"clearTextFirst":true,"interactionType":"ENTER_TEXT"}]}
RESULT: {"script":"<script> [776 bytes]","args":[{"enterText":"Sectionq0v8b","selector":{"id":"application-managecatalogs-display-component---detailCatalog--numberInput","searchOpenDialogs":true,"interaction":{"idSuffix":"inner"}},"clearTextFirst":true,"interactionType":"ENTER_TEXT"}]}
COMMAND: POST /session/b508c578d2d4f2aa69380ea181ab6887/element - {"using":"css selector","value":"#application-managecatalogs-display-component---detailCatalog--nameInput-inner"}
RESULT: {"using":"css selector","value":"#application-managecatalogs-display-component---detailCatalog--nameInput-inner"}
COMMAND: POST /session/b508c578d2d4f2aa69380ea181ab6887/elements - {"using":"css selector","value":"#application-managecatalogs-display-component---detailCatalog--nameInput-inner"}
RESULT: {"using":"css selector","value":"#application-managecatalogs-display-component---detailCatalog--nameInput-inner"}
COMMAND: POST /session/b508c578d2d4f2aa69380ea181ab6887/element/f.E0786FEE4A1502535E7864DDD2989284.d.57DE5DD61E0FBE2EC23DD68C5610C49B.e.301/clear - {}
RESULT: {}
COMMAND: POST /session/b508c578d2d4f2aa69380ea181ab6887/element/f.E0786FEE4A1502535E7864DDD2989284.d.57DE5DD61E0FBE2EC23DD68C5610C49B.e.301/value - {"text":"Webdrivery8fzx"}
COMMAND: GET /session/b508c578d2d4f2aa69380ea181ab6887/screenshot - {}
RESULT: {"text":"Webdrivery8fzx"}
COMMAND: POST /session/b508c578d2d4f2aa69380ea181ab6887/execute/async - {"script":"<script> [1562 bytes]","args":[{"selector":{"controlType":"sap.m.Button","viewName":"etm.portal.ui.managecatalogs.view.Detail","viewId":"application-managecatalogs-display-component---detailCatalog","i18NText":{"propertyName":"text","key":"create"},"searchOpenDialogs":true,"interaction":{"idSuffix":"BDI-content"}},"wdio_ui5_key":"etmportal.ui.managecatalogs.view.Detailsap.m.Button{\"propertyName\":\"text\",\"key\":\"create\"}"}]}
COMMAND: GET /session/b508c578d2d4f2aa69380ea181ab6887/screenshot - {}
RESULT: {}
RESULT: {"script":"<script> [1562 bytes]","args":[{"selector":{"controlType":"sap.m.Button","viewName":"etm.portal.ui.managecatalogs.view.Detail","viewId":"application-managecatalogs-display-component---detailCatalog","i18NText":{"propertyName":"text","key":"create"},"searchOpenDialogs":true,"interaction":{"idSuffix":"BDI-content"}},"wdio_ui5_key":"etmportal.ui.managecatalogs.view.Detailsap.m.Button{\"propertyName\":\"text\",\"key\":\"create\"}"}]}
RESULT: undefined
COMMAND: POST /session/b508c578d2d4f2aa69380ea181ab6887/element - {"using":"xpath","value":"//*[@id=\"__button13\"]"}
RESULT: {}
RESULT: {"using":"xpath","value":"//*[@id=\"__button13\"]"}
COMMAND: POST /session/b508c578d2d4f2aa69380ea181ab6887/element/f.E0786FEE4A1502535E7864DDD2989284.d.57DE5DD61E0FBE2EC23DD68C5610C49B.e.307/click - {}
RESULT: {}
COMMAND: GET /session/b508c578d2d4f2aa69380ea181ab6887/screenshot - {}
RESULT: {}
COMMAND: POST /session/b508c578d2d4f2aa69380ea181ab6887/element - {"using":"xpath","value":"//button[@title=\"Save\"]"}
RESULT: {"using":"xpath","value":"//button[@title=\"Save\"]"}
COMMAND: POST /session/b508c578d2d4f2aa69380ea181ab6887/element/f.E0786FEE4A1502535E7864DDD2989284.d.57DE5DD61E0FBE2EC23DD68C5610C49B.e.308/click - {}
RESULT: {}
COMMAND: POST /session/b508c578d2d4f2aa69380ea181ab6887/execute/async - {"script":"<script> [1562 bytes]","args":[{"selector":{"controlType":"sap.ui.core.Icon","viewName":"etm.portal.ui.managecatalogs.view.Detail","viewId":"application-managecatalogs-display-component---detailCatalog","properties":{"src":{"regex":{"source":"decline"}}}},"wdio_ui5_key":"etmportal.ui.managecatalogs.view.Detailsap.ui.core.Icon{\"src\":{\"regex\":{\"source\":\"decline\"}}}"}]}
COMMAND: GET /session/b508c578d2d4f2aa69380ea181ab6887/screenshot - {}
RESULT: {"script":"<script> [1562 bytes]","args":[{"selector":{"controlType":"sap.ui.core.Icon","viewName":"etm.portal.ui.managecatalogs.view.Detail","viewId":"application-managecatalogs-display-component---detailCatalog","properties":{"src":{"regex":{"source":"decline"}}}},"wdio_ui5_key":"etmportal.ui.managecatalogs.view.Detailsap.ui.core.Icon{\"src\":{\"regex\":{\"source\":\"decline\"}}}"}]}
RESULT: undefined
COMMAND: POST /session/b508c578d2d4f2aa69380ea181ab6887/element - {"using":"xpath","value":"//*[@id=\"__button38-img\"]"}
RESULT: {}
RESULT: {"using":"xpath","value":"//*[@id=\"__button38-img\"]"}
COMMAND: POST /session/b508c578d2d4f2aa69380ea181ab6887/element/f.E0786FEE4A1502535E7864DDD2989284.d.57DE5DD61E0FBE2EC23DD68C5610C49B.e.314/click - {}
RESULT: {}
COMMAND: GET /session/b508c578d2d4f2aa69380ea181ab6887/screenshot - {}
RESULT: {}
COMMAND: POST /session/b508c578d2d4f2aa69380ea181ab6887/execute/async - {"script":"<script> [1562 bytes]","args":[{"selector":{"controlType":"sap.ui.core.Icon","viewName":"etm.portal.ui.managecatalogs.view.MasterItems","viewId":"application-managecatalogs-display-component---masterCatalogItems","properties":{"src":{"regex":{"source":"refresh"}}}},"wdio_ui5_key":"etmportal.ui.managecatalogs.view.MasterItemssap.ui.core.Icon{\"src\":{\"regex\":{\"source\":\"refresh\"}}}"}]}
RESULT: {"script":"<script> [1562 bytes]","args":[{"selector":{"controlType":"sap.ui.core.Icon","viewName":"etm.portal.ui.managecatalogs.view.MasterItems","viewId":"application-managecatalogs-display-component---masterCatalogItems","properties":{"src":{"regex":{"source":"refresh"}}}},"wdio_ui5_key":"etmportal.ui.managecatalogs.view.MasterItemssap.ui.core.Icon{\"src\":{\"regex\":{\"source\":\"refresh\"}}}"}]}
RESULT: undefined
COMMAND: POST /session/b508c578d2d4f2aa69380ea181ab6887/element - {"using":"xpath","value":"//*[@id=\"__button11-img\"]"}
RESULT: {"using":"xpath","value":"//*[@id=\"__button11-img\"]"}
COMMAND: POST /session/b508c578d2d4f2aa69380ea181ab6887/element/f.E0786FEE4A1502535E7864DDD2989284.d.57DE5DD61E0FBE2EC23DD68C5610C49B.e.350/click - {}
RESULT: {}
COMMAND: POST /session/b508c578d2d4f2aa69380ea181ab6887/execute/async - {"script":"<script> [1562 bytes]","args":[{"selector":{"id":"application-managecatalogs-display-component---masterCatalogItems--searchItemsField","interaction":{"idSuffix":"I"}},"wdio_ui5_key":"applicationmanagecatalogs-display-component---masterCatalogItems--searchItemsField"}]}
COMMAND: GET /session/b508c578d2d4f2aa69380ea181ab6887/screenshot - {}
RESULT: {"script":"<script> [1562 bytes]","args":[{"selector":{"id":"application-managecatalogs-display-component---masterCatalogItems--searchItemsField","interaction":{"idSuffix":"I"}},"wdio_ui5_key":"applicationmanagecatalogs-display-component---masterCatalogItems--searchItemsField"}]}
RESULT: undefined
COMMAND: POST /session/b508c578d2d4f2aa69380ea181ab6887/execute/async - {"script":"<script> [776 bytes]","args":[{"enterText":"Webdrivery8fzx","selector":{"id":"application-managecatalogs-display-component---masterCatalogItems--searchItemsField","interaction":{"idSuffix":"I"}},"clearTextFirst":true,"interactionType":"ENTER_TEXT"}]}
RESULT: {}
RESULT: {"script":"<script> [776 bytes]","args":[{"enterText":"Webdrivery8fzx","selector":{"id":"application-managecatalogs-display-component---masterCatalogItems--searchItemsField","interaction":{"idSuffix":"I"}},"clearTextFirst":true,"interactionType":"ENTER_TEXT"}]}
COMMAND: POST /session/b508c578d2d4f2aa69380ea181ab6887/actions - {"actions":[{"id":"action1","type":"key","parameters":{},"actions":[{"type":"keyDown","value":"î€‡"},{"type":"pause","duration":10},{"type":"keyUp","value":"î€‡"}]}]}
RESULT: {"actions":[{"id":"action1","type":"key","parameters":{},"actions":[{"type":"keyDown","value":"î€‡"},{"type":"pause","duration":10},{"type":"keyUp","value":"î€‡"}]}]}
COMMAND: POST /session/b508c578d2d4f2aa69380ea181ab6887/element - {"using":"xpath","value":"(//span[contains(text(), \"Webdrivery8fzx\")])[1]"}
COMMAND: GET /session/b508c578d2d4f2aa69380ea181ab6887/screenshot - {}
RESULT: {"using":"xpath","value":"(//span[contains(text(), \"Webdrivery8fzx\")])[1]"}
COMMAND: POST /session/b508c578d2d4f2aa69380ea181ab6887/element/f.E0786FEE4A1502535E7864DDD2989284.d.57DE5DD61E0FBE2EC23DD68C5610C49B.e.353/click - {}
RESULT: {}
RESULT: {}
COMMAND: GET /session/b508c578d2d4f2aa69380ea181ab6887/screenshot - {}
RESULT: {}
RESULT: undefined
COMMAND: POST /session/b508c578d2d4f2aa69380ea181ab6887/element - {"using":"xpath","value":"//*[@id=\"__button35\"]"}
RESULT: {"using":"xpath","value":"//*[@id=\"__button35\"]"}
COMMAND: POST /session/b508c578d2d4f2aa69380ea181ab6887/element/f.E0786FEE4A1502535E7864DDD2989284.d.57DE5DD61E0FBE2EC23DD68C5610C49B.e.390/click - {}
RESULT: {}
COMMAND: GET /session/b508c578d2d4f2aa69380ea181ab6887/screenshot - {}
RESULT: {}
RESULT: undefined
COMMAND: POST /session/b508c578d2d4f2aa69380ea181ab6887/element - {"using":"xpath","value":"//*[@id=\"__button43-img\"]"}
RESULT: {"using":"xpath","value":"//*[@id=\"__button43-img\"]"}
COMMAND: POST /session/b508c578d2d4f2aa69380ea181ab6887/element/f.E0786FEE4A1502535E7864DDD2989284.d.57DE5DD61E0FBE2EC23DD68C5610C49B.e.439/click - {}
RESULT: {}
COMMAND: GET /session/b508c578d2d4f2aa69380ea181ab6887/screenshot - {}
RESULT: {}
RESULT: undefined
COMMAND: POST /session/b508c578d2d4f2aa69380ea181ab6887/execute/async - {"script":"<script> [776 bytes]","args":[{"enterText":"SecondSectionanel7","selector":{"id":"application-managecatalogs-display-component---detailCatalog--numberInput","searchOpenDialogs":true,"interaction":{"idSuffix":"inner"}},"clearTextFirst":true,"interactionType":"ENTER_TEXT"}]}
RESULT: {"script":"<script> [776 bytes]","args":[{"enterText":"SecondSectionanel7","selector":{"id":"application-managecatalogs-display-component---detailCatalog--numberInput","searchOpenDialogs":true,"interaction":{"idSuffix":"inner"}},"clearTextFirst":true,"interactionType":"ENTER_TEXT"}]}
COMMAND: POST /session/b508c578d2d4f2aa69380ea181ab6887/element - {"using":"xpath","value":"//input[contains(@id ,\"application-managecatalogs-display-component---detailCatalog--nameInput-inner\")]"}
RESULT: {"using":"xpath","value":"//input[contains(@id ,\"application-managecatalogs-display-component---detailCatalog--nameInput-inner\")]"}
COMMAND: POST /session/b508c578d2d4f2aa69380ea181ab6887/elements - {"using":"xpath","value":"//input[contains(@id ,\"application-managecatalogs-display-component---detailCatalog--nameInput-inner\")]"}
RESULT: {"using":"xpath","value":"//input[contains(@id ,\"application-managecatalogs-display-component---detailCatalog--nameInput-inner\")]"}
COMMAND: POST /session/b508c578d2d4f2aa69380ea181ab6887/element/f.E0786FEE4A1502535E7864DDD2989284.d.57DE5DD61E0FBE2EC23DD68C5610C49B.e.442/clear - {}
RESULT: {}
COMMAND: POST /session/b508c578d2d4f2aa69380ea181ab6887/element/f.E0786FEE4A1502535E7864DDD2989284.d.57DE5DD61E0FBE2EC23DD68C5610C49B.e.442/value - {"text":"webdriversecondl21pd"}
COMMAND: GET /session/b508c578d2d4f2aa69380ea181ab6887/screenshot - {}
RESULT: {"text":"webdriversecondl21pd"}
COMMAND: POST /session/b508c578d2d4f2aa69380ea181ab6887/execute/async - {"script":"<script> [1562 bytes]","args":[{"selector":{"id":"application-managecatalogs-display-component---detailCatalog--nameInput","searchOpenDialogs":true,"interaction":{"idSuffix":"inner"}},"wdio_ui5_key":"applicationmanagecatalogs-display-component---detailCatalog--nameInput"}]}
COMMAND: GET /session/b508c578d2d4f2aa69380ea181ab6887/screenshot - {}
RESULT: {}
RESULT: {"script":"<script> [1562 bytes]","args":[{"selector":{"id":"application-managecatalogs-display-component---detailCatalog--nameInput","searchOpenDialogs":true,"interaction":{"idSuffix":"inner"}},"wdio_ui5_key":"applicationmanagecatalogs-display-component---detailCatalog--nameInput"}]}
RESULT: undefined
COMMAND: POST /session/b508c578d2d4f2aa69380ea181ab6887/execute/async - {"script":"<script> [776 bytes]","args":[{"enterText":"webdriversecondl21pd","selector":{"id":"application-managecatalogs-display-component---detailCatalog--nameInput","searchOpenDialogs":true,"interaction":{"idSuffix":"inner"}},"clearTextFirst":true,"interactionType":"ENTER_TEXT"}]}
RESULT: {}
RESULT: {"script":"<script> [776 bytes]","args":[{"enterText":"webdriversecondl21pd","selector":{"id":"application-managecatalogs-display-component---detailCatalog--nameInput","searchOpenDialogs":true,"interaction":{"idSuffix":"inner"}},"clearTextFirst":true,"interactionType":"ENTER_TEXT"}]}
RESULT: undefined
COMMAND: POST /session/b508c578d2d4f2aa69380ea181ab6887/element - {"using":"xpath","value":"//*[@id=\"__button13\"]"}
RESULT: {"using":"xpath","value":"//*[@id=\"__button13\"]"}
COMMAND: POST /session/b508c578d2d4f2aa69380ea181ab6887/element/f.E0786FEE4A1502535E7864DDD2989284.d.57DE5DD61E0FBE2EC23DD68C5610C49B.e.446/click - {}
RESULT: {}
COMMAND: GET /session/b508c578d2d4f2aa69380ea181ab6887/screenshot - {}
RESULT: {}
COMMAND: POST /session/b508c578d2d4f2aa69380ea181ab6887/element - {"using":"xpath","value":"//button[@title=\"Save\"]"}
RESULT: {"using":"xpath","value":"//button[@title=\"Save\"]"}
COMMAND: POST /session/b508c578d2d4f2aa69380ea181ab6887/element/f.E0786FEE4A1502535E7864DDD2989284.d.57DE5DD61E0FBE2EC23DD68C5610C49B.e.424/click - {}
RESULT: {}
COMMAND: GET /session/b508c578d2d4f2aa69380ea181ab6887/screenshot - {}
RESULT: {}
RESULT: undefined
COMMAND: POST /session/b508c578d2d4f2aa69380ea181ab6887/element - {"using":"xpath","value":"//*[@id=\"__button38-img\"]"}
RESULT: {"using":"xpath","value":"//*[@id=\"__button38-img\"]"}
COMMAND: POST /session/b508c578d2d4f2aa69380ea181ab6887/element/f.E0786FEE4A1502535E7864DDD2989284.d.57DE5DD61E0FBE2EC23DD68C5610C49B.e.397/click - {}
RESULT: {}
COMMAND: GET /session/b508c578d2d4f2aa69380ea181ab6887/screenshot - {}
RESULT: {}
RESULT: undefined
COMMAND: POST /session/b508c578d2d4f2aa69380ea181ab6887/element - {"using":"xpath","value":"//*[@id=\"__button11-img\"]"}
RESULT: {"using":"xpath","value":"//*[@id=\"__button11-img\"]"}
COMMAND: POST /session/b508c578d2d4f2aa69380ea181ab6887/element/f.E0786FEE4A1502535E7864DDD2989284.d.57DE5DD61E0FBE2EC23DD68C5610C49B.e.486/click - {}
RESULT: {}
COMMAND: GET /session/b508c578d2d4f2aa69380ea181ab6887/screenshot - {}
RESULT: {}
RESULT: undefined
COMMAND: POST /session/b508c578d2d4f2aa69380ea181ab6887/execute/async - {"script":"<script> [776 bytes]","args":[{"enterText":"SecondSectionanel7","selector":{"id":"application-managecatalogs-display-component---masterCatalogItems--searchItemsField","interaction":{"idSuffix":"I"}},"clearTextFirst":true,"interactionType":"ENTER_TEXT"}]}
RESULT: {"script":"<script> [776 bytes]","args":[{"enterText":"SecondSectionanel7","selector":{"id":"application-managecatalogs-display-component---masterCatalogItems--searchItemsField","interaction":{"idSuffix":"I"}},"clearTextFirst":true,"interactionType":"ENTER_TEXT"}]}
COMMAND: POST /session/b508c578d2d4f2aa69380ea181ab6887/actions - {"actions":[{"id":"action2","type":"key","parameters":{},"actions":[{"type":"keyDown","value":"î€‡"},{"type":"pause","duration":10},{"type":"keyUp","value":"î€‡"}]}]}
RESULT: {"actions":[{"id":"action2","type":"key","parameters":{},"actions":[{"type":"keyDown","value":"î€‡"},{"type":"pause","duration":10},{"type":"keyUp","value":"î€‡"}]}]}
COMMAND: POST /session/b508c578d2d4f2aa69380ea181ab6887/element - {"using":"xpath","value":"(//span[contains(text(), \"SecondSectionanel7\")])[1]"}
COMMAND: GET /session/b508c578d2d4f2aa69380ea181ab6887/screenshot - {}
RESULT: {"using":"xpath","value":"(//span[contains(text(), \"SecondSectionanel7\")])[1]"}
COMMAND: POST /session/b508c578d2d4f2aa69380ea181ab6887/element/f.E0786FEE4A1502535E7864DDD2989284.d.57DE5DD61E0FBE2EC23DD68C5610C49B.e.489/click - {}
RESULT: {}
RESULT: {}
COMMAND: POST /session/b508c578d2d4f2aa69380ea181ab6887/element - {"using":"xpath","value":"(//span[contains(text(), \"SecondSectionanel7\")])[1]"}
COMMAND: GET /session/b508c578d2d4f2aa69380ea181ab6887/screenshot - {}
RESULT: {"using":"xpath","value":"(//span[contains(text(), \"SecondSectionanel7\")])[1]"}
COMMAND: GET /session/b508c578d2d4f2aa69380ea181ab6887/element/f.E0786FEE4A1502535E7864DDD2989284.d.57DE5DD61E0FBE2EC23DD68C5610C49B.e.489/text - {}
RESULT: {}
COMMAND: POST /session/b508c578d2d4f2aa69380ea181ab6887/element - {"using":"xpath","value":"(//span[contains(text(), \"SecondSectionanel7\")])[1]"}
RESULT: {"using":"xpath","value":"(//span[contains(text(), \"SecondSectionanel7\")])[1]"}
COMMAND: GET /session/b508c578d2d4f2aa69380ea181ab6887/element/f.E0786FEE4A1502535E7864DDD2989284.d.57DE5DD61E0FBE2EC23DD68C5610C49B.e.489/text - {}
COMMAND: POST /session/b508c578d2d4f2aa69380ea181ab6887/element - {"using":"xpath","value":"(//span[contains(text(), \"SecondSectionanel7\")])[1]"}
RESULT: {"using":"xpath","value":"(//span[contains(text(), \"SecondSectionanel7\")])[1]"}
COMMAND: GET /session/b508c578d2d4f2aa69380ea181ab6887/element/f.E0786FEE4A1502535E7864DDD2989284.d.57DE5DD61E0FBE2EC23DD68C5610C49B.e.541/text - {}
RESULT: {}
COMMAND: POST /session/b508c578d2d4f2aa69380ea181ab6887/element - {"using":"css selector","value":"#shell-header-logo"}
RESULT: {"using":"css selector","value":"#shell-header-logo"}
COMMAND: POST /session/b508c578d2d4f2aa69380ea181ab6887/element/f.E0786FEE4A1502535E7864DDD2989284.d.57DE5DD61E0FBE2EC23DD68C5610C49B.e.115/click - {}
RESULT: {}
COMMAND: GET /session/b508c578d2d4f2aa69380ea181ab6887/screenshot - {}
RESULT: {}
COMMAND: POST /session/b508c578d2d4f2aa69380ea181ab6887/execute/async - {"script":"<script> [1562 bytes]","args":[{"selector":{"controlType":"sap.m.GenericTile","properties":{"header":"Manage Classifications"}},"wdio_ui5_key":"sapm.GenericTile{\"header\":\"Manage Classifications\"}"}]}
RESULT: {"script":"<script> [1562 bytes]","args":[{"selector":{"controlType":"sap.m.GenericTile","properties":{"header":"Manage Classifications"}},"wdio_ui5_key":"sapm.GenericTile{\"header\":\"Manage Classifications\"}"}]}
RESULT: undefined
COMMAND: POST /session/b508c578d2d4f2aa69380ea181ab6887/element - {"using":"xpath","value":"//*[@id=\"__tile115\"]"}
RESULT: {"using":"xpath","value":"//*[@id=\"__tile115\"]"}
COMMAND: POST /session/b508c578d2d4f2aa69380ea181ab6887/element/f.E0786FEE4A1502535E7864DDD2989284.d.57DE5DD61E0FBE2EC23DD68C5610C49B.e.546/click - {}
RESULT: {}
COMMAND: GET /session/b508c578d2d4f2aa69380ea181ab6887/screenshot - {}
RESULT: {}
]]></system-out>
    </testcase>
  </testsuite>
  <testsuite timestamp="2025-04-28T06:16:43" time="241.425" tests="3" failures="2" errors="2" skipped="0">
    <properties>
      <property name="specId" value="0" />
      <property name="suiteName" value="Manage catalogs - yard assignment classification US138930" />
      <property name="capabilities" value="chrome.135_0_7049_96.windows" />
      <property name="file" value="file:///D:/a/1/s/test/specs/R2C/manage-catalogs-yard-assignment-classification.spec.js" />
    </properties>
    <testcase classname="chrome.135_0_7049_96.windows.Manage_catalogs_-_yard_assignment_classification_US138930" name="Should create a new classification of type yard assignment" time="34.384">
      <system-out><![CDATA[
COMMAND: POST /session/b508c578d2d4f2aa69380ea181ab6887/execute/async - {"script":"<script> [1562 bytes]","args":[{"selector":{"controlType":"sap.ui.core.Icon","viewName":"etm.portal.ui.manageclassifications.view.Master","viewId":"application-manageclassifications-display-component---classificationMaster","properties":{"src":{"regex":{"source":"add"}}}},"wdio_ui5_key":"etmportal.ui.manageclassifications.view.Mastersap.ui.core.Icon{\"src\":{\"regex\":{\"source\":\"add\"}}}"}]}
RESULT: {"script":"<script> [1562 bytes]","args":[{"selector":{"controlType":"sap.ui.core.Icon","viewName":"etm.portal.ui.manageclassifications.view.Master","viewId":"application-manageclassifications-display-component---classificationMaster","properties":{"src":{"regex":{"source":"add"}}}},"wdio_ui5_key":"etmportal.ui.manageclassifications.view.Mastersap.ui.core.Icon{\"src\":{\"regex\":{\"source\":\"add\"}}}"}]}
RESULT: undefined
COMMAND: POST /session/b508c578d2d4f2aa69380ea181ab6887/element - {"using":"xpath","value":"//*[@id=\"__button77-img\"]"}
RESULT: {"using":"xpath","value":"//*[@id=\"__button77-img\"]"}
COMMAND: POST /session/b508c578d2d4f2aa69380ea181ab6887/element/f.E0786FEE4A1502535E7864DDD2989284.d.57DE5DD61E0FBE2EC23DD68C5610C49B.e.585/click - {}
RESULT: {}
COMMAND: POST /session/b508c578d2d4f2aa69380ea181ab6887/execute/async - {"script":"<script> [1562 bytes]","args":[{"selector":{"id":"application-manageclassifications-display-component---classificationCreate--classHeaderName","interaction":{"idSuffix":"inner"}},"wdio_ui5_key":"applicationmanageclassifications-display-component---classificationCreate--classHeaderName"}]}
COMMAND: GET /session/b508c578d2d4f2aa69380ea181ab6887/screenshot - {}
RESULT: {"script":"<script> [1562 bytes]","args":[{"selector":{"id":"application-manageclassifications-display-component---classificationCreate--classHeaderName","interaction":{"idSuffix":"inner"}},"wdio_ui5_key":"applicationmanageclassifications-display-component---classificationCreate--classHeaderName"}]}
RESULT: undefined
COMMAND: POST /session/b508c578d2d4f2aa69380ea181ab6887/execute/async - {"script":"<script> [776 bytes]","args":[{"enterText":"WebdriverYardClasswm42o","selector":{"id":"application-manageclassifications-display-component---classificationCreate--classHeaderName","interaction":{"idSuffix":"inner"}},"clearTextFirst":true,"interactionType":"ENTER_TEXT"}]}
RESULT: {}
RESULT: {"script":"<script> [776 bytes]","args":[{"enterText":"WebdriverYardClasswm42o","selector":{"id":"application-manageclassifications-display-component---classificationCreate--classHeaderName","interaction":{"idSuffix":"inner"}},"clearTextFirst":true,"interactionType":"ENTER_TEXT"}]}
COMMAND: POST /session/b508c578d2d4f2aa69380ea181ab6887/execute/async - {"script":"<script> [1562 bytes]","args":[{"selector":{"controlType":"sap.ui.core.Icon","viewName":"etm.portal.ui.manageclassifications.view.Create","viewId":"application-manageclassifications-display-component---classificationCreate","properties":{"src":{"regex":{"source":"slim\\-arrow\\-down"}}}},"wdio_ui5_key":"etmportal.ui.manageclassifications.view.Createsap.ui.core.Icon{\"src\":{\"regex\":{\"source\":\"slim\\\\-arrow\\\\-down\"}}}"}]}
RESULT: {"script":"<script> [1562 bytes]","args":[{"selector":{"controlType":"sap.ui.core.Icon","viewName":"etm.portal.ui.manageclassifications.view.Create","viewId":"application-manageclassifications-display-component---classificationCreate","properties":{"src":{"regex":{"source":"slim\\-arrow\\-down"}}}},"wdio_ui5_key":"etmportal.ui.manageclassifications.view.Createsap.ui.core.Icon{\"src\":{\"regex\":{\"source\":\"slim\\\\-arrow\\\\-down\"}}}"}]}
RESULT: undefined
COMMAND: POST /session/b508c578d2d4f2aa69380ea181ab6887/element - {"using":"xpath","value":"//*[@id=\"__box48-arrow\"]"}
RESULT: {"using":"xpath","value":"//*[@id=\"__box48-arrow\"]"}
COMMAND: POST /session/b508c578d2d4f2aa69380ea181ab6887/element/f.E0786FEE4A1502535E7864DDD2989284.d.57DE5DD61E0FBE2EC23DD68C5610C49B.e.894/click - {}
RESULT: {}
COMMAND: POST /session/b508c578d2d4f2aa69380ea181ab6887/execute/async - {"script":"<script> [1562 bytes]","args":[{"selector":{"controlType":"sap.m.StandardListItem","viewName":"etm.portal.ui.manageclassifications.view.Create","viewId":"application-manageclassifications-display-component---classificationCreate","properties":{"title":"Yard assignment"},"searchOpenDialogs":true,"interaction":{"idSuffix":"titleText"}},"wdio_ui5_key":"etmportal.ui.manageclassifications.view.Createsap.m.StandardListItem{\"title\":\"Yard assignment\"}"}]}
COMMAND: GET /session/b508c578d2d4f2aa69380ea181ab6887/screenshot - {}
RESULT: {"script":"<script> [1562 bytes]","args":[{"selector":{"controlType":"sap.m.StandardListItem","viewName":"etm.portal.ui.manageclassifications.view.Create","viewId":"application-manageclassifications-display-component---classificationCreate","properties":{"title":"Yard assignment"},"searchOpenDialogs":true,"interaction":{"idSuffix":"titleText"}},"wdio_ui5_key":"etmportal.ui.manageclassifications.view.Createsap.m.StandardListItem{\"title\":\"Yard assignment\"}"}]}
RESULT: undefined
COMMAND: POST /session/b508c578d2d4f2aa69380ea181ab6887/element - {"using":"xpath","value":"//*[@id=\"__item288\"]"}
RESULT: {}
RESULT: {"using":"xpath","value":"//*[@id=\"__item288\"]"}
COMMAND: POST /session/b508c578d2d4f2aa69380ea181ab6887/element/f.E0786FEE4A1502535E7864DDD2989284.d.57DE5DD61E0FBE2EC23DD68C5610C49B.e.934/click - {}
RESULT: {}
COMMAND: POST /session/b508c578d2d4f2aa69380ea181ab6887/execute/async - {"script":"<script> [1562 bytes]","args":[{"selector":{"controlType":"sap.ui.core.Icon","viewName":"etm.portal.ui.manageclassifications.view.Create","viewId":"application-manageclassifications-display-component---classificationCreate","properties":{"src":{"regex":{"source":"add"}}}},"wdio_ui5_key":"etmportal.ui.manageclassifications.view.Createsap.ui.core.Icon{\"src\":{\"regex\":{\"source\":\"add\"}}}"}]}
COMMAND: GET /session/b508c578d2d4f2aa69380ea181ab6887/screenshot - {}
RESULT: {"script":"<script> [1562 bytes]","args":[{"selector":{"controlType":"sap.ui.core.Icon","viewName":"etm.portal.ui.manageclassifications.view.Create","viewId":"application-manageclassifications-display-component---classificationCreate","properties":{"src":{"regex":{"source":"add"}}}},"wdio_ui5_key":"etmportal.ui.manageclassifications.view.Createsap.ui.core.Icon{\"src\":{\"regex\":{\"source\":\"add\"}}}"}]}
RESULT: undefined
COMMAND: POST /session/b508c578d2d4f2aa69380ea181ab6887/element - {"using":"xpath","value":"//*[@id=\"__button82-img\"]"}
RESULT: {}
RESULT: {"using":"xpath","value":"//*[@id=\"__button82-img\"]"}
COMMAND: POST /session/b508c578d2d4f2aa69380ea181ab6887/element/f.E0786FEE4A1502535E7864DDD2989284.d.57DE5DD61E0FBE2EC23DD68C5610C49B.e.897/click - {}
RESULT: {}
COMMAND: POST /session/b508c578d2d4f2aa69380ea181ab6887/execute/async - {"script":"<script> [1562 bytes]","args":[{"selector":{"controlType":"sap.m.Input","viewName":"etm.portal.ui.manageclassifications.view.Create","viewId":"application-manageclassifications-display-component---classificationCreate","bindingPath":{"path":"/0","propertyPath":"PROPERTY","modelName":"newConfigModel"},"interaction":{"idSuffix":"inner"}},"wdio_ui5_key":"etmportal.ui.manageclassifications.view.Createsap.m.Input{\"path\":\"/0\",\"propertyPath\":\"PROPERTY\",\"modelName\":\"newConfigModel\"}"}]}
COMMAND: GET /session/b508c578d2d4f2aa69380ea181ab6887/screenshot - {}
RESULT: {"script":"<script> [1562 bytes]","args":[{"selector":{"controlType":"sap.m.Input","viewName":"etm.portal.ui.manageclassifications.view.Create","viewId":"application-manageclassifications-display-component---classificationCreate","bindingPath":{"path":"/0","propertyPath":"PROPERTY","modelName":"newConfigModel"},"interaction":{"idSuffix":"inner"}},"wdio_ui5_key":"etmportal.ui.manageclassifications.view.Createsap.m.Input{\"path\":\"/0\",\"propertyPath\":\"PROPERTY\",\"modelName\":\"newConfigModel\"}"}]}
RESULT: undefined
COMMAND: POST /session/b508c578d2d4f2aa69380ea181ab6887/execute/async - {"script":"<script> [776 bytes]","args":[{"enterText":"101","selector":{"controlType":"sap.m.Input","viewName":"etm.portal.ui.manageclassifications.view.Create","viewId":"application-manageclassifications-display-component---classificationCreate","bindingPath":{"path":"/0","propertyPath":"PROPERTY","modelName":"newConfigModel"},"interaction":{"idSuffix":"inner"}},"clearTextFirst":true,"interactionType":"ENTER_TEXT"}]}
RESULT: {}
RESULT: {"script":"<script> [776 bytes]","args":[{"enterText":"101","selector":{"controlType":"sap.m.Input","viewName":"etm.portal.ui.manageclassifications.view.Create","viewId":"application-manageclassifications-display-component---classificationCreate","bindingPath":{"path":"/0","propertyPath":"PROPERTY","modelName":"newConfigModel"},"interaction":{"idSuffix":"inner"}},"clearTextFirst":true,"interactionType":"ENTER_TEXT"}]}
COMMAND: POST /session/b508c578d2d4f2aa69380ea181ab6887/execute/async - {"script":"<script> [1562 bytes]","args":[{"selector":{"controlType":"sap.m.Input","viewName":"etm.portal.ui.manageclassifications.view.Create","viewId":"application-manageclassifications-display-component---classificationCreate","bindingPath":{"path":"/0","propertyPath":"DESCRIPTION","modelName":"newConfigModel"},"interaction":{"idSuffix":"inner"}},"wdio_ui5_key":"etmportal.ui.manageclassifications.view.Createsap.m.Input{\"path\":\"/0\",\"propertyPath\":\"DESCRIPTION\",\"modelName\":\"newConfigModel\"}"}]}
RESULT: {"script":"<script> [1562 bytes]","args":[{"selector":{"controlType":"sap.m.Input","viewName":"etm.portal.ui.manageclassifications.view.Create","viewId":"application-manageclassifications-display-component---classificationCreate","bindingPath":{"path":"/0","propertyPath":"DESCRIPTION","modelName":"newConfigModel"},"interaction":{"idSuffix":"inner"}},"wdio_ui5_key":"etmportal.ui.manageclassifications.view.Createsap.m.Input{\"path\":\"/0\",\"propertyPath\":\"DESCRIPTION\",\"modelName\":\"newConfigModel\"}"}]}
RESULT: undefined
COMMAND: POST /session/b508c578d2d4f2aa69380ea181ab6887/execute/async - {"script":"<script> [776 bytes]","args":[{"enterText":"yard1","selector":{"controlType":"sap.m.Input","viewName":"etm.portal.ui.manageclassifications.view.Create","viewId":"application-manageclassifications-display-component---classificationCreate","bindingPath":{"path":"/0","propertyPath":"DESCRIPTION","modelName":"newConfigModel"},"interaction":{"idSuffix":"inner"}},"clearTextFirst":true,"interactionType":"ENTER_TEXT"}]}
RESULT: {"script":"<script> [776 bytes]","args":[{"enterText":"yard1","selector":{"controlType":"sap.m.Input","viewName":"etm.portal.ui.manageclassifications.view.Create","viewId":"application-manageclassifications-display-component---classificationCreate","bindingPath":{"path":"/0","propertyPath":"DESCRIPTION","modelName":"newConfigModel"},"interaction":{"idSuffix":"inner"}},"clearTextFirst":true,"interactionType":"ENTER_TEXT"}]}
COMMAND: POST /session/b508c578d2d4f2aa69380ea181ab6887/execute/async - {"script":"<script> [1562 bytes]","args":[{"selector":{"controlType":"sap.ui.core.Icon","viewName":"etm.portal.ui.manageclassifications.view.Create","viewId":"application-manageclassifications-display-component---classificationCreate","properties":{"src":{"regex":{"source":"slim\\-arrow\\-down"}}},"ancestor":{"controlType":"sap.m.ComboBox","viewName":"etm.portal.ui.manageclassifications.view.Create","viewId":"application-manageclassifications-display-component---classificationCreate","bindingPath":{"path":"/0","propertyPath":"VALUE_TYPE","modelName":"newConfigModel"}}},"wdio_ui5_key":"etmportal.ui.manageclassifications.view.Createsap.ui.core.Icon{\"src\":{\"regex\":{\"source\":\"slim\\\\-arrow\\\\-down\"}}}{\"controlType\":\"sap.m.ComboBox\",\"viewName\":\"etm.portal.ui.manageclassifications.view.Create\",\"viewId\":\"application-manageclassifications-display-component---classificationCreate\",\"bindingPath\":{\"path\":\"/0\",\"propertyPath\":\"VALUE_TYPE\",\"modelName\":\"newConfigModel\"}}"}]}
RESULT: {"script":"<script> [1562 bytes]","args":[{"selector":{"controlType":"sap.ui.core.Icon","viewName":"etm.portal.ui.manageclassifications.view.Create","viewId":"application-manageclassifications-display-component---classificationCreate","properties":{"src":{"regex":{"source":"slim\\-arrow\\-down"}}},"ancestor":{"controlType":"sap.m.ComboBox","viewName":"etm.portal.ui.manageclassifications.view.Create","viewId":"application-manageclassifications-display-component---classificationCreate","bindingPath":{"path":"/0","propertyPath":"VALUE_TYPE","modelName":"newConfigModel"}}},"wdio_ui5_key":"etmportal.ui.manageclassifications.view.Createsap.ui.core.Icon{\"src\":{\"regex\":{\"source\":\"slim\\\\-arrow\\\\-down\"}}}{\"controlType\":\"sap.m.ComboBox\",\"viewName\":\"etm.portal.ui.manageclassifications.view.Create\",\"viewId\":\"application-manageclassifications-display-component---classificationCreate\",\"bindingPath\":{\"path\":\"/0\",\"propertyPath\":\"VALUE_TYPE\",\"modelName\":\"newConfigModel\"}}"}]}
RESULT: undefined
COMMAND: POST /session/b508c578d2d4f2aa69380ea181ab6887/element - {"using":"xpath","value":"//*[@id=\"__box49-application-manageclassifications-display-component---classificationCreate--configurationList-0-arrow\"]"}
RESULT: {"using":"xpath","value":"//*[@id=\"__box49-application-manageclassifications-display-component---classificationCreate--configurationList-0-arrow\"]"}
COMMAND: POST /session/b508c578d2d4f2aa69380ea181ab6887/element/f.E0786FEE4A1502535E7864DDD2989284.d.57DE5DD61E0FBE2EC23DD68C5610C49B.e.943/click - {}
RESULT: {}
COMMAND: POST /session/b508c578d2d4f2aa69380ea181ab6887/execute/async - {"script":"<script> [1562 bytes]","args":[{"selector":{"controlType":"sap.m.StandardListItem","viewName":"etm.portal.ui.manageclassifications.view.Create","viewId":"application-manageclassifications-display-component---classificationCreate","properties":{"title":"Boolean"},"searchOpenDialogs":true,"interaction":{"idSuffix":"content"}},"wdio_ui5_key":"etmportal.ui.manageclassifications.view.Createsap.m.StandardListItem{\"title\":\"Boolean\"}"}]}
COMMAND: GET /session/b508c578d2d4f2aa69380ea181ab6887/screenshot - {}
RESULT: {"script":"<script> [1562 bytes]","args":[{"selector":{"controlType":"sap.m.StandardListItem","viewName":"etm.portal.ui.manageclassifications.view.Create","viewId":"application-manageclassifications-display-component---classificationCreate","properties":{"title":"Boolean"},"searchOpenDialogs":true,"interaction":{"idSuffix":"content"}},"wdio_ui5_key":"etmportal.ui.manageclassifications.view.Createsap.m.StandardListItem{\"title\":\"Boolean\"}"}]}
RESULT: undefined
COMMAND: POST /session/b508c578d2d4f2aa69380ea181ab6887/element - {"using":"xpath","value":"//*[@id=\"__item291\"]"}
RESULT: {}
RESULT: {"using":"xpath","value":"//*[@id=\"__item291\"]"}
COMMAND: POST /session/b508c578d2d4f2aa69380ea181ab6887/element/f.E0786FEE4A1502535E7864DDD2989284.d.57DE5DD61E0FBE2EC23DD68C5610C49B.e.945/click - {}
RESULT: {}
COMMAND: POST /session/b508c578d2d4f2aa69380ea181ab6887/element - {"using":"xpath","value":"//input[contains(@id ,\"application-manageclassifications-display-component---classificationCreate--classHeaderName-inner\")]"}
COMMAND: GET /session/b508c578d2d4f2aa69380ea181ab6887/screenshot - {}
RESULT: {"using":"xpath","value":"//input[contains(@id ,\"application-manageclassifications-display-component---classificationCreate--classHeaderName-inner\")]"}
COMMAND: GET /session/b508c578d2d4f2aa69380ea181ab6887/element/f.E0786FEE4A1502535E7864DDD2989284.d.57DE5DD61E0FBE2EC23DD68C5610C49B.e.845/property/value - {}
RESULT: {}
RESULT: {}
COMMAND: GET /session/b508c578d2d4f2aa69380ea181ab6887/screenshot - {}
RESULT: {}
COMMAND: POST /session/b508c578d2d4f2aa69380ea181ab6887/element - {"using":"xpath","value":"//button[@title=\"Save\"]"}
RESULT: {"using":"xpath","value":"//button[@title=\"Save\"]"}
COMMAND: POST /session/b508c578d2d4f2aa69380ea181ab6887/element/f.E0786FEE4A1502535E7864DDD2989284.d.57DE5DD61E0FBE2EC23DD68C5610C49B.e.904/click - {}
RESULT: {}
COMMAND: GET /session/b508c578d2d4f2aa69380ea181ab6887/screenshot - {}
RESULT: {}
COMMAND: POST /session/b508c578d2d4f2aa69380ea181ab6887/execute/async - {"script":"<script> [1562 bytes]","args":[{"selector":{"id":"application-manageclassifications-display-component---classificationMaster--smartFilterBar-btnBasicSearch","interaction":{"idSuffix":"I"}},"wdio_ui5_key":"applicationmanageclassifications-display-component---classificationMaster--smartFilterBar-btnBasicSearch"}]}
RESULT: {"script":"<script> [1562 bytes]","args":[{"selector":{"id":"application-manageclassifications-display-component---classificationMaster--smartFilterBar-btnBasicSearch","interaction":{"idSuffix":"I"}},"wdio_ui5_key":"applicationmanageclassifications-display-component---classificationMaster--smartFilterBar-btnBasicSearch"}]}
RESULT: undefined
COMMAND: POST /session/b508c578d2d4f2aa69380ea181ab6887/execute/async - {"script":"<script> [776 bytes]","args":[{"enterText":"WebdriverYardClasswm42o","selector":{"id":"application-manageclassifications-display-component---classificationMaster--smartFilterBar-btnBasicSearch","interaction":{"idSuffix":"I"}},"clearTextFirst":true,"interactionType":"ENTER_TEXT"}]}
RESULT: {"script":"<script> [776 bytes]","args":[{"enterText":"WebdriverYardClasswm42o","selector":{"id":"application-manageclassifications-display-component---classificationMaster--smartFilterBar-btnBasicSearch","interaction":{"idSuffix":"I"}},"clearTextFirst":true,"interactionType":"ENTER_TEXT"}]}
COMMAND: POST /session/b508c578d2d4f2aa69380ea181ab6887/actions - {"actions":[{"id":"action3","type":"key","parameters":{},"actions":[{"type":"keyDown","value":"î€‡"},{"type":"pause","duration":10},{"type":"keyUp","value":"î€‡"}]}]}
RESULT: {"actions":[{"id":"action3","type":"key","parameters":{},"actions":[{"type":"keyDown","value":"î€‡"},{"type":"pause","duration":10},{"type":"keyUp","value":"î€‡"}]}]}
COMMAND: POST /session/b508c578d2d4f2aa69380ea181ab6887/execute/async - {"script":"<script> [1562 bytes]","args":[{"selector":{"id":"application-manageclassifications-display-component---classificationMaster--smartTable-header"},"wdio_ui5_key":"applicationmanageclassifications-display-component---classificationMaster--smartTable-header"}]}
COMMAND: GET /session/b508c578d2d4f2aa69380ea181ab6887/screenshot - {}
RESULT: {"script":"<script> [1562 bytes]","args":[{"selector":{"id":"application-manageclassifications-display-component---classificationMaster--smartTable-header"},"wdio_ui5_key":"applicationmanageclassifications-display-component---classificationMaster--smartTable-header"}]}
RESULT: undefined
COMMAND: POST /session/b508c578d2d4f2aa69380ea181ab6887/execute/async - {"script":"<script> [6424 bytes]","args":[{"element-6066-11e4-a52e-4f735466cecf":"f.E0786FEE4A1502535E7864DDD2989284.d.57DE5DD61E0FBE2EC23DD68C5610C49B.e.1129"},"getText",[]]}
RESULT: {}
RESULT: {"script":"<script> [6424 bytes]","args":[{"element-6066-11e4-a52e-4f735466cecf":"f.E0786FEE4A1502535E7864DDD2989284.d.57DE5DD61E0FBE2EC23DD68C5610C49B.e.1129"},"getText",[]]}
COMMAND: POST /session/b508c578d2d4f2aa69380ea181ab6887/element - {"using":"css selector","value":"#shell-header-logo"}
RESULT: {"using":"css selector","value":"#shell-header-logo"}
COMMAND: POST /session/b508c578d2d4f2aa69380ea181ab6887/element/f.E0786FEE4A1502535E7864DDD2989284.d.57DE5DD61E0FBE2EC23DD68C5610C49B.e.550/click - {}
RESULT: {}
COMMAND: GET /session/b508c578d2d4f2aa69380ea181ab6887/screenshot - {}
RESULT: {}
]]></system-out>
    </testcase>
  </testsuite>
  <testsuite timestamp="2025-04-28T06:20:45" time="10.667" tests="1" failures="0" errors="0" skipped="0">
    <properties>
      <property name="specId" value="0" />
      <property name="suiteName" value="Catalogs section" />
      <property name="capabilities" value="chrome.135_0_7049_96.windows" />
      <property name="file" value="file:///D:/a/1/s/test/specs/R2C/manage-catalogs-values-section.spec.js" />
    </properties>
    <testcase classname="chrome.135_0_7049_96.windows.Catalogs_section" name="Should add values to a catalog item" time="10.665">
      <system-out><![CDATA[
COMMAND: GET /session/b508c578d2d4f2aa69380ea181ab6887/screenshot - {}
COMMAND: GET /session/b508c578d2d4f2aa69380ea181ab6887/screenshot - {}
COMMAND: POST /session/b508c578d2d4f2aa69380ea181ab6887/element - {"using":"xpath","value":"//li[contains(@data-kt ,\"exitNavigationListItem\")]"}
RESULT: {}
RESULT: {}
RESULT: {"using":"xpath","value":"//li[contains(@data-kt ,\"exitNavigationListItem\")]"}
COMMAND: POST /session/b508c578d2d4f2aa69380ea181ab6887/element - {"using":"xpath","value":"//li[contains(@data-kt ,\"exitNavigationListItem\")]"}
RESULT: {"using":"xpath","value":"//li[contains(@data-kt ,\"exitNavigationListItem\")]"}
COMMAND: POST /session/b508c578d2d4f2aa69380ea181ab6887/element - {"using":"xpath","value":"//span[contains(@id ,\"requestCreationDialog--createRequestPopUp-title-inner\")]"}
RESULT: {"using":"xpath","value":"//span[contains(@id ,\"requestCreationDialog--createRequestPopUp-title-inner\")]"}
COMMAND: POST /session/b508c578d2d4f2aa69380ea181ab6887/elements - {"using":"xpath","value":"//span[contains(@id ,\"requestCreationDialog--createRequestPopUp-title-inner\")]"}
RESULT: {"using":"xpath","value":"//span[contains(@id ,\"requestCreationDialog--createRequestPopUp-title-inner\")]"}
COMMAND: POST /session/b508c578d2d4f2aa69380ea181ab6887/element - {"using":"css selector","value":"#shell-header-logo"}
RESULT: {"using":"css selector","value":"#shell-header-logo"}
COMMAND: POST /session/b508c578d2d4f2aa69380ea181ab6887/element/f.E0786FEE4A1502535E7864DDD2989284.d.412F8F591240648F5749E643C20B6071.e.1231/click - {}
COMMAND: DELETE /session/b508c578d2d4f2aa69380ea181ab6887 - {}
RESULT: {}
]]></system-out>
    </testcase>
  </testsuite>
  <testsuite timestamp="2025-04-28T06:20:55" time="4.521" tests="1" failures="1" errors="1" skipped="0">
    <properties>
      <property name="specId" value="0" />
      <property name="suiteName" value="Verify RU inventory split cost information US139363" />
      <property name="capabilities" value="chrome.135_0_7049_96.windows" />
      <property name="file" value="file:///D:/a/1/s/test/specs/R2C/verify-ru-inventory-split-cost-information.spec.js" />
    </properties>
  </testsuite>
</testsuites>