<?xml version="1.0" encoding="UTF-8"?>
<testsuites tests="4" failures="0" errors="0" skipped="0">
  <testsuite timestamp="2025-05-05T16:08:07" time="851.967" tests="3" failures="0" errors="0" skipped="0">
    <properties>
      <property name="specId" value="0" />
      <property name="suiteName" value="Webshop - Hyperlinks visible and working properly  US139085" />
      <property name="capabilities" value="chrome.135_0_7049_96.windows" />
      <property name="file" value="file:///D:/a/1/s/test/specs/R2C/webshop-hyperlinks-yard-site.spec.js" />
    </properties>
    <testcase classname="chrome.135_0_7049_96.windows.Webshop_-_Hyperlinks_visible_and_working_properly__US139085" name="Should create prerequisites for webshop suite" time="276.126">
      <system-out><![CDATA[
COMMAND: POST /session/e536ec110769180b9f0ebcb5eee5f0b5/execute/async - {"script":"<script> [1562 bytes]","args":[{"selector":{"controlType":"sap.m.GenericTile","properties":{"header":"Manage Yards"}},"wdio_ui5_key":"sapm.GenericTile{\"header\":\"Manage Yards\"}"}]}
RESULT: {"script":"<script> [1562 bytes]","args":[{"selector":{"controlType":"sap.m.GenericTile","properties":{"header":"Manage Yards"}},"wdio_ui5_key":"sapm.GenericTile{\"header\":\"Manage Yards\"}"}]}
RESULT: undefined
COMMAND: POST /session/e536ec110769180b9f0ebcb5eee5f0b5/element - {"using":"xpath","value":"//*[@id=\"__tile41\"]"}
RESULT: {"using":"xpath","value":"//*[@id=\"__tile41\"]"}
COMMAND: POST /session/e536ec110769180b9f0ebcb5eee5f0b5/element/f.408B1570E8A847D965033B29CBA075ED.d.D7B94BF7A047E3974C9077A90C3C2BB1.e.110/click - {}
RESULT: {}
COMMAND: GET /session/e536ec110769180b9f0ebcb5eee5f0b5/screenshot - {}
RESULT: {}
COMMAND: POST /session/e536ec110769180b9f0ebcb5eee5f0b5/execute/async - {"script":"<script> [1562 bytes]","args":[{"selector":{"controlType":"sap.ui.core.Icon","viewName":"etm.portal.ui.manageyards.view.Master","viewId":"application-manageyards-display-component---masterYard","properties":{"src":{"regex":{"source":"add"}}}},"wdio_ui5_key":"etmportal.ui.manageyards.view.Mastersap.ui.core.Icon{\"src\":{\"regex\":{\"source\":\"add\"}}}"}]}
RESULT: {"script":"<script> [1562 bytes]","args":[{"selector":{"controlType":"sap.ui.core.Icon","viewName":"etm.portal.ui.manageyards.view.Master","viewId":"application-manageyards-display-component---masterYard","properties":{"src":{"regex":{"source":"add"}}}},"wdio_ui5_key":"etmportal.ui.manageyards.view.Mastersap.ui.core.Icon{\"src\":{\"regex\":{\"source\":\"add\"}}}"}]}
RESULT: undefined
COMMAND: POST /session/e536ec110769180b9f0ebcb5eee5f0b5/element - {"using":"xpath","value":"//*[@id=\"__button4-img\"]"}
RESULT: {"using":"xpath","value":"//*[@id=\"__button4-img\"]"}
COMMAND: POST /session/e536ec110769180b9f0ebcb5eee5f0b5/element/f.408B1570E8A847D965033B29CBA075ED.d.D7B94BF7A047E3974C9077A90C3C2BB1.e.158/click - {}
RESULT: {}
COMMAND: GET /session/e536ec110769180b9f0ebcb5eee5f0b5/screenshot - {}
RESULT: {}
COMMAND: POST /session/e536ec110769180b9f0ebcb5eee5f0b5/execute/async - {"script":"<script> [1562 bytes]","args":[{"selector":{"id":"application-manageyards-display-component---NewYard--yardId","interaction":{"idSuffix":"inner"}},"wdio_ui5_key":"applicationmanageyards-display-component---NewYard--yardId"}]}
RESULT: {"script":"<script> [1562 bytes]","args":[{"selector":{"id":"application-manageyards-display-component---NewYard--yardId","interaction":{"idSuffix":"inner"}},"wdio_ui5_key":"applicationmanageyards-display-component---NewYard--yardId"}]}
RESULT: undefined
COMMAND: POST /session/e536ec110769180b9f0ebcb5eee5f0b5/element - {"using":"xpath","value":"//*[@id=\"application-manageyards-display-component---NewYard--addressDetailDetailsName1-inner\"]"}
RESULT: {"using":"xpath","value":"//*[@id=\"application-manageyards-display-component---NewYard--addressDetailDetailsName1-inner\"]"}
COMMAND: POST /session/e536ec110769180b9f0ebcb5eee5f0b5/element/f.408B1570E8A847D965033B29CBA075ED.d.D7B94BF7A047E3974C9077A90C3C2BB1.e.370/clear - {}
RESULT: {}
COMMAND: POST /session/e536ec110769180b9f0ebcb5eee5f0b5/element/f.408B1570E8A847D965033B29CBA075ED.d.D7B94BF7A047E3974C9077A90C3C2BB1.e.370/value - {"text":"WebdriverYard0su75"}
COMMAND: GET /session/e536ec110769180b9f0ebcb5eee5f0b5/screenshot - {}
RESULT: {"text":"WebdriverYard0su75"}
COMMAND: POST /session/e536ec110769180b9f0ebcb5eee5f0b5/element - {"using":"xpath","value":"//*[@id=\"application-manageyards-display-component---NewYard--addressDetailDetailsLanguage-inner\"]"}
COMMAND: GET /session/e536ec110769180b9f0ebcb5eee5f0b5/screenshot - {}
RESULT: {}
RESULT: {"using":"xpath","value":"//*[@id=\"application-manageyards-display-component---NewYard--addressDetailDetailsLanguage-inner\"]"}
COMMAND: POST /session/e536ec110769180b9f0ebcb5eee5f0b5/element/f.408B1570E8A847D965033B29CBA075ED.d.D7B94BF7A047E3974C9077A90C3C2BB1.e.371/clear - {}
RESULT: {}
RESULT: {}
COMMAND: POST /session/e536ec110769180b9f0ebcb5eee5f0b5/element/f.408B1570E8A847D965033B29CBA075ED.d.D7B94BF7A047E3974C9077A90C3C2BB1.e.371/value - {"text":"Romanian"}
COMMAND: GET /session/e536ec110769180b9f0ebcb5eee5f0b5/screenshot - {}
RESULT: {"text":"Romanian"}
COMMAND: POST /session/e536ec110769180b9f0ebcb5eee5f0b5/element - {"using":"xpath","value":"//input[contains(@id ,\"application-manageyards-display-component---NewYard--addressDetailDetailsName1-inner\")]"}
COMMAND: GET /session/e536ec110769180b9f0ebcb5eee5f0b5/screenshot - {}
RESULT: {}
RESULT: {"using":"xpath","value":"//input[contains(@id ,\"application-manageyards-display-component---NewYard--addressDetailDetailsName1-inner\")]"}
COMMAND: GET /session/e536ec110769180b9f0ebcb5eee5f0b5/element/f.408B1570E8A847D965033B29CBA075ED.d.D7B94BF7A047E3974C9077A90C3C2BB1.e.370/property/value - {}
RESULT: {}
RESULT: {}
COMMAND: GET /session/e536ec110769180b9f0ebcb5eee5f0b5/screenshot - {}
RESULT: {}
COMMAND: POST /session/e536ec110769180b9f0ebcb5eee5f0b5/element - {"using":"xpath","value":"//*[@id=\"application-manageyards-display-component---NewYard--addressDetailDetailsCity1-inner\"]"}
RESULT: {"using":"xpath","value":"//*[@id=\"application-manageyards-display-component---NewYard--addressDetailDetailsCity1-inner\"]"}
COMMAND: POST /session/e536ec110769180b9f0ebcb5eee5f0b5/element/f.408B1570E8A847D965033B29CBA075ED.d.D7B94BF7A047E3974C9077A90C3C2BB1.e.373/clear - {}
RESULT: {}
COMMAND: POST /session/e536ec110769180b9f0ebcb5eee5f0b5/element/f.408B1570E8A847D965033B29CBA075ED.d.D7B94BF7A047E3974C9077A90C3C2BB1.e.373/value - {"text":"Bucuresti"}
COMMAND: GET /session/e536ec110769180b9f0ebcb5eee5f0b5/screenshot - {}
RESULT: {"text":"Bucuresti"}
COMMAND: GET /session/e536ec110769180b9f0ebcb5eee5f0b5/screenshot - {}
RESULT: {}
RESULT: {}
COMMAND: POST /session/e536ec110769180b9f0ebcb5eee5f0b5/element - {"using":"xpath","value":"//*[@id=\"application-manageyards-display-component---NewYard--addressDetailDetailsCountry-inner\"]"}
RESULT: {"using":"xpath","value":"//*[@id=\"application-manageyards-display-component---NewYard--addressDetailDetailsCountry-inner\"]"}
COMMAND: POST /session/e536ec110769180b9f0ebcb5eee5f0b5/element/f.408B1570E8A847D965033B29CBA075ED.d.D7B94BF7A047E3974C9077A90C3C2BB1.e.377/clear - {}
RESULT: {}
COMMAND: POST /session/e536ec110769180b9f0ebcb5eee5f0b5/element/f.408B1570E8A847D965033B29CBA075ED.d.D7B94BF7A047E3974C9077A90C3C2BB1.e.377/value - {"text":"Romania"}
COMMAND: GET /session/e536ec110769180b9f0ebcb5eee5f0b5/screenshot - {}
RESULT: {"text":"Romania"}
COMMAND: GET /session/e536ec110769180b9f0ebcb5eee5f0b5/screenshot - {}
RESULT: {}
RESULT: {}
COMMAND: POST /session/e536ec110769180b9f0ebcb5eee5f0b5/element - {"using":"xpath","value":"//div[contains(text(), \"Commercial\")]"}
RESULT: {"using":"xpath","value":"//div[contains(text(), \"Commercial\")]"}
COMMAND: GET /session/e536ec110769180b9f0ebcb5eee5f0b5/element/f.408B1570E8A847D965033B29CBA075ED.d.D7B94BF7A047E3974C9077A90C3C2BB1.e.573/rect - {}
RESULT: {}
COMMAND: GET /session/e536ec110769180b9f0ebcb5eee5f0b5/window/rect - {}
RESULT: {}
COMMAND: POST /session/e536ec110769180b9f0ebcb5eee5f0b5/execute/sync - {"script":"<script> [92 bytes]","args":[]}
RESULT: {"script":"<script> [92 bytes]","args":[]}
COMMAND: POST /session/e536ec110769180b9f0ebcb5eee5f0b5/actions - {"actions":[{"id":"action1","type":"wheel","parameters":{},"actions":[{"type":"scroll","x":-1841,"y":-44,"deltaX":0,"deltaY":0,"duration":0,"origin":{"element-6066-11e4-a52e-4f735466cecf":"f.408B1570E8A847D965033B29CBA075ED.d.D7B94BF7A047E3974C9077A90C3C2BB1.e.573"}}]}]}
COMMAND: GET /session/e536ec110769180b9f0ebcb5eee5f0b5/screenshot - {}
RESULT: {}
COMMAND: POST /session/e536ec110769180b9f0ebcb5eee5f0b5/execute/sync - {"script":"<script> [79 bytes]","args":[{"element-6066-11e4-a52e-4f735466cecf":"f.408B1570E8A847D965033B29CBA075ED.d.D7B94BF7A047E3974C9077A90C3C2BB1.e.573","ELEMENT":"f.408B1570E8A847D965033B29CBA075ED.d.D7B94BF7A047E3974C9077A90C3C2BB1.e.573"},{"block":"start","inline":"nearest"}]}
RESULT: {"script":"<script> [79 bytes]","args":[{"element-6066-11e4-a52e-4f735466cecf":"f.408B1570E8A847D965033B29CBA075ED.d.D7B94BF7A047E3974C9077A90C3C2BB1.e.573","ELEMENT":"f.408B1570E8A847D965033B29CBA075ED.d.D7B94BF7A047E3974C9077A90C3C2BB1.e.573"},{"block":"start","inline":"nearest"}]}
COMMAND: GET /session/e536ec110769180b9f0ebcb5eee5f0b5/screenshot - {}
RESULT: {}
COMMAND: POST /session/e536ec110769180b9f0ebcb5eee5f0b5/execute/async - {"script":"<script> [1562 bytes]","args":[{"selector":{"id":"application-manageyards-display-component---NewYard--addressEditDetailsCostObjectCstType-arrow"},"wdio_ui5_key":"applicationmanageyards-display-component---NewYard--addressEditDetailsCostObjectCstType-arrow"}]}
RESULT: {"script":"<script> [1562 bytes]","args":[{"selector":{"id":"application-manageyards-display-component---NewYard--addressEditDetailsCostObjectCstType-arrow"},"wdio_ui5_key":"applicationmanageyards-display-component---NewYard--addressEditDetailsCostObjectCstType-arrow"}]}
RESULT: undefined
COMMAND: POST /session/e536ec110769180b9f0ebcb5eee5f0b5/element - {"using":"xpath","value":"//*[@id=\"application-manageyards-display-component---NewYard--addressEditDetailsCostObjectCstType-arrow\"]"}
RESULT: {"using":"xpath","value":"//*[@id=\"application-manageyards-display-component---NewYard--addressEditDetailsCostObjectCstType-arrow\"]"}
COMMAND: POST /session/e536ec110769180b9f0ebcb5eee5f0b5/element/f.408B1570E8A847D965033B29CBA075ED.d.D7B94BF7A047E3974C9077A90C3C2BB1.e.582/click - {}
RESULT: {}
COMMAND: POST /session/e536ec110769180b9f0ebcb5eee5f0b5/element - {"using":"xpath","value":"//span[contains(text(), \"Cost Center\")]"}
COMMAND: GET /session/e536ec110769180b9f0ebcb5eee5f0b5/screenshot - {}
RESULT: {"using":"xpath","value":"//span[contains(text(), \"Cost Center\")]"}
COMMAND: POST /session/e536ec110769180b9f0ebcb5eee5f0b5/element/f.408B1570E8A847D965033B29CBA075ED.d.D7B94BF7A047E3974C9077A90C3C2BB1.e.583/click - {}
RESULT: {}
RESULT: {}
COMMAND: GET /session/e536ec110769180b9f0ebcb5eee5f0b5/screenshot - {}
RESULT: {}
COMMAND: POST /session/e536ec110769180b9f0ebcb5eee5f0b5/execute/async - {"script":"<script> [1562 bytes]","args":[{"selector":{"id":"application-manageyards-display-component---NewYard--addressNewCostObjectCstID-vhi"},"wdio_ui5_key":"applicationmanageyards-display-component---NewYard--addressNewCostObjectCstID-vhi"}]}
RESULT: {"script":"<script> [1562 bytes]","args":[{"selector":{"id":"application-manageyards-display-component---NewYard--addressNewCostObjectCstID-vhi"},"wdio_ui5_key":"applicationmanageyards-display-component---NewYard--addressNewCostObjectCstID-vhi"}]}
RESULT: undefined
COMMAND: POST /session/e536ec110769180b9f0ebcb5eee5f0b5/element - {"using":"xpath","value":"//*[@id=\"application-manageyards-display-component---NewYard--addressNewCostObjectCstID-vhi\"]"}
RESULT: {"using":"xpath","value":"//*[@id=\"application-manageyards-display-component---NewYard--addressNewCostObjectCstID-vhi\"]"}
COMMAND: POST /session/e536ec110769180b9f0ebcb5eee5f0b5/element/f.408B1570E8A847D965033B29CBA075ED.d.D7B94BF7A047E3974C9077A90C3C2BB1.e.598/click - {}
RESULT: {}
COMMAND: GET /session/e536ec110769180b9f0ebcb5eee5f0b5/screenshot - {}
RESULT: {}
COMMAND: POST /session/e536ec110769180b9f0ebcb5eee5f0b5/execute/async - {"script":"<script> [1562 bytes]","args":[{"selector":{"controlType":"sap.m.SearchField","properties":{"placeholder":"Search"},"searchOpenDialogs":true,"interaction":{"idSuffix":"I"}},"wdio_ui5_key":"sapm.SearchField{\"placeholder\":\"Search\"}"}]}
RESULT: {"script":"<script> [1562 bytes]","args":[{"selector":{"controlType":"sap.m.SearchField","properties":{"placeholder":"Search"},"searchOpenDialogs":true,"interaction":{"idSuffix":"I"}},"wdio_ui5_key":"sapm.SearchField{\"placeholder\":\"Search\"}"}]}
RESULT: undefined
COMMAND: POST /session/e536ec110769180b9f0ebcb5eee5f0b5/execute/async - {"script":"<script> [776 bytes]","args":[{"enterText":"10001013","selector":{"controlType":"sap.m.SearchField","properties":{"placeholder":"Search"},"searchOpenDialogs":true,"interaction":{"idSuffix":"I"}},"clearTextFirst":true,"interactionType":"ENTER_TEXT"}]}
RESULT: {"script":"<script> [776 bytes]","args":[{"enterText":"10001013","selector":{"controlType":"sap.m.SearchField","properties":{"placeholder":"Search"},"searchOpenDialogs":true,"interaction":{"idSuffix":"I"}},"clearTextFirst":true,"interactionType":"ENTER_TEXT"}]}
COMMAND: POST /session/e536ec110769180b9f0ebcb5eee5f0b5/actions - {"actions":[{"id":"action2","type":"key","parameters":{},"actions":[{"type":"keyDown","value":"î€‡"},{"type":"pause","duration":10},{"type":"keyUp","value":"î€‡"}]}]}
RESULT: {"actions":[{"id":"action2","type":"key","parameters":{},"actions":[{"type":"keyDown","value":"î€‡"},{"type":"pause","duration":10},{"type":"keyUp","value":"î€‡"}]}]}
COMMAND: GET /session/e536ec110769180b9f0ebcb5eee5f0b5/screenshot - {}
RESULT: {}
COMMAND: POST /session/e536ec110769180b9f0ebcb5eee5f0b5/element - {"using":"xpath","value":"//span[contains(text(), \"General Management\")]"}
RESULT: {"using":"xpath","value":"//span[contains(text(), \"General Management\")]"}
COMMAND: POST /session/e536ec110769180b9f0ebcb5eee5f0b5/element/f.408B1570E8A847D965033B29CBA075ED.d.D7B94BF7A047E3974C9077A90C3C2BB1.e.638/click - {}
RESULT: {}
COMMAND: GET /session/e536ec110769180b9f0ebcb5eee5f0b5/screenshot - {}
RESULT: {}
COMMAND: POST /session/e536ec110769180b9f0ebcb5eee5f0b5/element - {"using":"xpath","value":"//bdi[contains(text(), \"OK\")]"}
RESULT: {"using":"xpath","value":"//bdi[contains(text(), \"OK\")]"}
COMMAND: POST /session/e536ec110769180b9f0ebcb5eee5f0b5/element/f.408B1570E8A847D965033B29CBA075ED.d.D7B94BF7A047E3974C9077A90C3C2BB1.e.639/click - {}
RESULT: {}
COMMAND: GET /session/e536ec110769180b9f0ebcb5eee5f0b5/screenshot - {}
RESULT: {}
COMMAND: POST /session/e536ec110769180b9f0ebcb5eee5f0b5/execute/async - {"script":"<script> [1562 bytes]","args":[{"selector":{"controlType":"sap.m.Button","viewName":"etm.portal.ui.manageyards.view.New","viewId":"application-manageyards-display-component---NewYard","i18NText":{"propertyName":"text","key":"save"},"interaction":{"idSuffix":"inner"}},"wdio_ui5_key":"etmportal.ui.manageyards.view.Newsap.m.Button{\"propertyName\":\"text\",\"key\":\"save\"}"}]}
RESULT: {"script":"<script> [1562 bytes]","args":[{"selector":{"controlType":"sap.m.Button","viewName":"etm.portal.ui.manageyards.view.New","viewId":"application-manageyards-display-component---NewYard","i18NText":{"propertyName":"text","key":"save"},"interaction":{"idSuffix":"inner"}},"wdio_ui5_key":"etmportal.ui.manageyards.view.Newsap.m.Button{\"propertyName\":\"text\",\"key\":\"save\"}"}]}
RESULT: undefined
COMMAND: POST /session/e536ec110769180b9f0ebcb5eee5f0b5/element - {"using":"xpath","value":"//*[@id=\"__button18\"]"}
RESULT: {"using":"xpath","value":"//*[@id=\"__button18\"]"}
COMMAND: POST /session/e536ec110769180b9f0ebcb5eee5f0b5/element/f.408B1570E8A847D965033B29CBA075ED.d.D7B94BF7A047E3974C9077A90C3C2BB1.e.549/click - {}
RESULT: {}
COMMAND: GET /session/e536ec110769180b9f0ebcb5eee5f0b5/screenshot - {}
RESULT: {}
COMMAND: POST /session/e536ec110769180b9f0ebcb5eee5f0b5/element - {"using":"xpath","value":"//header/div/div[2]/div[2]/span"}
RESULT: {"using":"xpath","value":"//header/div/div[2]/div[2]/span"}
COMMAND: GET /session/e536ec110769180b9f0ebcb5eee5f0b5/element/f.408B1570E8A847D965033B29CBA075ED.d.D7B94BF7A047E3974C9077A90C3C2BB1.e.837/text - {}
RESULT: {}
COMMAND: POST /session/e536ec110769180b9f0ebcb5eee5f0b5/execute/async - {"script":"<script> [1562 bytes]","args":[{"selector":{"controlType":"sap.m.OverflowToolbarButton","viewName":"etm.portal.ui.manageyards.view.Detail","viewId":"application-manageyards-display-component---detailYard","i18NText":{"propertyName":"tooltip","key":"closeColumn"},"interaction":{"idSuffix":"inner"}},"wdio_ui5_key":"etmportal.ui.manageyards.view.Detailsap.m.OverflowToolbarButton{\"propertyName\":\"tooltip\",\"key\":\"closeColumn\"}"}]}
RESULT: {"script":"<script> [1562 bytes]","args":[{"selector":{"controlType":"sap.m.OverflowToolbarButton","viewName":"etm.portal.ui.manageyards.view.Detail","viewId":"application-manageyards-display-component---detailYard","i18NText":{"propertyName":"tooltip","key":"closeColumn"},"interaction":{"idSuffix":"inner"}},"wdio_ui5_key":"etmportal.ui.manageyards.view.Detailsap.m.OverflowToolbarButton{\"propertyName\":\"tooltip\",\"key\":\"closeColumn\"}"}]}
RESULT: undefined
COMMAND: POST /session/e536ec110769180b9f0ebcb5eee5f0b5/element - {"using":"xpath","value":"//*[@id=\"__button42\"]"}
RESULT: {"using":"xpath","value":"//*[@id=\"__button42\"]"}
COMMAND: POST /session/e536ec110769180b9f0ebcb5eee5f0b5/element/f.408B1570E8A847D965033B29CBA075ED.d.D7B94BF7A047E3974C9077A90C3C2BB1.e.839/click - {}
RESULT: {}
COMMAND: GET /session/e536ec110769180b9f0ebcb5eee5f0b5/screenshot - {}
RESULT: {}
COMMAND: POST /session/e536ec110769180b9f0ebcb5eee5f0b5/element - {"using":"css selector","value":"#shell-header-logo"}
RESULT: {"using":"css selector","value":"#shell-header-logo"}
COMMAND: POST /session/e536ec110769180b9f0ebcb5eee5f0b5/element/f.408B1570E8A847D965033B29CBA075ED.d.D7B94BF7A047E3974C9077A90C3C2BB1.e.113/click - {}
RESULT: {}
COMMAND: GET /session/e536ec110769180b9f0ebcb5eee5f0b5/screenshot - {}
RESULT: {}
COMMAND: POST /session/e536ec110769180b9f0ebcb5eee5f0b5/refresh - {}
RESULT: {}
COMMAND: GET /session/e536ec110769180b9f0ebcb5eee5f0b5/screenshot - {}
RESULT: {}
COMMAND: POST /session/e536ec110769180b9f0ebcb5eee5f0b5/execute/async - {"script":"<script> [189 bytes]","args":[]}
RESULT: {"script":"<script> [189 bytes]","args":[]}
COMMAND: POST /session/e536ec110769180b9f0ebcb5eee5f0b5/execute/async - {"script":"<script> [123 bytes]","args":[]}
RESULT: {"script":"<script> [123 bytes]","args":[]}
COMMAND: POST /session/e536ec110769180b9f0ebcb5eee5f0b5/timeouts - {"script":"<number>"}
RESULT: {"script":"<number>"}
COMMAND: GET /session/e536ec110769180b9f0ebcb5eee5f0b5/timeouts - {}
RESULT: {}
RESULT: undefined
COMMAND: POST /session/e536ec110769180b9f0ebcb5eee5f0b5/execute/async - {"script":"<script> [2676 bytes]","args":[]}
RESULT: {"script":"<script> [2676 bytes]","args":[]}
COMMAND: POST /session/e536ec110769180b9f0ebcb5eee5f0b5/execute/async - {"script":"<script> [2342 bytes]","args":[{"protocol":"http","hostname":"0.0.0.0","path":"/","capabilities":{"browserName":"chrome","goog:chromeOptions":{"binary":"C:\\Program Files\\Google\\Chrome\\Application\\chrome.exe","args":["--start-maximized"]}},"logLevel":"warn","connectionRetryTimeout":120000,"connectionRetryCount":3,"logLevels":{},"enableDirectConnect":true,"strictSSL":true,"_":"65 more keys: [\"cacheDir\",\"port\",\"requestedCapabilities\",\"automationProtocol\",\"baseUrl\",\"waitforInterval\",\"waitforTimeout\",\"onReload\",\"beforeCommand\",\"afterCommand\",\"rootDir\",\"specs\",\"suites\",\"exclude\",\"groupLogsByTestSpec\",\"excludeDriverLogs\",\"bail\",\"framework\",\"reporters\",\"services\",\"maxInstances\",\"maxInstancesPerCapability\",\"injectGlobals\",\"filesToWatch\",\"execArgv\",\"runnerEnv\",\"runner\",\"shard\",\"specFileRetries\",\"specFileRetriesDelay\",\"specFileRetriesDeferred\",\"reporterSyncInterval\",\"reporterSyncTimeout\",\"cucumberFeaturesWithLineNumbers\",\"autoCompileOpts\",\"mochaOpts\",\"jasmineOpts\",\"cucumberOpts\",\"onPrepare\",\"onWorkerStart\",\"onWorkerEnd\",\"before\",\"beforeSession\",\"beforeSuite\",\"beforeHook\",\"beforeTest\",\"afterTest\",\"afterHook\",\"afterSuite\",\"afterSession\",\"after\",\"onComplete\",\"beforeAssertion\",\"afterAssertion\",\"beforeFeature\",\"beforeScenario\",\"beforeStep\",\"afterStep\",\"afterScenario\",\"afterFeature\",\"_\",\"suite\",\"$0\",\"ignoredWorkerServices\",\"wdi5\"]"}]}
RESULT: {"script":"<script> [2342 bytes]","args":[{"protocol":"http","hostname":"0.0.0.0","path":"/","capabilities":{"browserName":"chrome","goog:chromeOptions":{"binary":"C:\\Program Files\\Google\\Chrome\\Application\\chrome.exe","args":["--start-maximized"]}},"logLevel":"warn","connectionRetryTimeout":120000,"connectionRetryCount":3,"logLevels":{},"enableDirectConnect":true,"strictSSL":true,"_":"65 more keys: [\"cacheDir\",\"port\",\"requestedCapabilities\",\"automationProtocol\",\"baseUrl\",\"waitforInterval\",\"waitforTimeout\",\"onReload\",\"beforeCommand\",\"afterCommand\",\"rootDir\",\"specs\",\"suites\",\"exclude\",\"groupLogsByTestSpec\",\"excludeDriverLogs\",\"bail\",\"framework\",\"reporters\",\"services\",\"maxInstances\",\"maxInstancesPerCapability\",\"injectGlobals\",\"filesToWatch\",\"execArgv\",\"runnerEnv\",\"runner\",\"shard\",\"specFileRetries\",\"specFileRetriesDelay\",\"specFileRetriesDeferred\",\"reporterSyncInterval\",\"reporterSyncTimeout\",\"cucumberFeaturesWithLineNumbers\",\"autoCompileOpts\",\"mochaOpts\",\"jasmineOpts\",\"cucumberOpts\",\"onPrepare\",\"onWorkerStart\",\"onWorkerEnd\",\"before\",\"beforeSession\",\"beforeSuite\",\"beforeHook\",\"beforeTest\",\"afterTest\",\"afterHook\",\"afterSuite\",\"afterSession\",\"after\",\"onComplete\",\"beforeAssertion\",\"afterAssertion\",\"beforeFeature\",\"beforeScenario\",\"beforeStep\",\"afterStep\",\"afterScenario\",\"afterFeature\",\"_\",\"suite\",\"$0\",\"ignoredWorkerServices\",\"wdi5\"]"}]}
COMMAND: POST /session/e536ec110769180b9f0ebcb5eee5f0b5/execute/async - {"script":"<script> [21126 bytes]","args":[35000]}
RESULT: {"script":"<script> [21126 bytes]","args":[35000]}
COMMAND: POST /session/e536ec110769180b9f0ebcb5eee5f0b5/execute/async - {"script":"<script> [1562 bytes]","args":[{"selector":{"controlType":"sap.m.GenericTile","properties":{"header":"Manage Sites"}},"wdio_ui5_key":"sapm.GenericTile{\"header\":\"Manage Sites\"}"}]}
RESULT: {"script":"<script> [1562 bytes]","args":[{"selector":{"controlType":"sap.m.GenericTile","properties":{"header":"Manage Sites"}},"wdio_ui5_key":"sapm.GenericTile{\"header\":\"Manage Sites\"}"}]}
RESULT: undefined
COMMAND: POST /session/e536ec110769180b9f0ebcb5eee5f0b5/element - {"using":"xpath","value":"//*[@id=\"__tile40\"]"}
RESULT: {"using":"xpath","value":"//*[@id=\"__tile40\"]"}
COMMAND: POST /session/e536ec110769180b9f0ebcb5eee5f0b5/element/f.408B1570E8A847D965033B29CBA075ED.d.36745B921BD60379B637BA44379F37ED.e.1189/click - {}
RESULT: {}
COMMAND: GET /session/e536ec110769180b9f0ebcb5eee5f0b5/screenshot - {}
RESULT: {}
COMMAND: POST /session/e536ec110769180b9f0ebcb5eee5f0b5/execute/async - {"script":"<script> [1562 bytes]","args":[{"selector":{"controlType":"sap.ui.core.Icon","viewName":"etm.portal.ui.managesites.view.Master","viewId":"application-managesites-display-component---masterSite","properties":{"src":{"regex":{"source":"add"}}}},"wdio_ui5_key":"etmportal.ui.managesites.view.Mastersap.ui.core.Icon{\"src\":{\"regex\":{\"source\":\"add\"}}}"}]}
RESULT: {"script":"<script> [1562 bytes]","args":[{"selector":{"controlType":"sap.ui.core.Icon","viewName":"etm.portal.ui.managesites.view.Master","viewId":"application-managesites-display-component---masterSite","properties":{"src":{"regex":{"source":"add"}}}},"wdio_ui5_key":"etmportal.ui.managesites.view.Mastersap.ui.core.Icon{\"src\":{\"regex\":{\"source\":\"add\"}}}"}]}
RESULT: undefined
COMMAND: POST /session/e536ec110769180b9f0ebcb5eee5f0b5/element - {"using":"xpath","value":"//*[@id=\"__button4-img\"]"}
RESULT: {"using":"xpath","value":"//*[@id=\"__button4-img\"]"}
COMMAND: POST /session/e536ec110769180b9f0ebcb5eee5f0b5/element/f.408B1570E8A847D965033B29CBA075ED.d.36745B921BD60379B637BA44379F37ED.e.1239/click - {}
RESULT: {}
COMMAND: POST /session/e536ec110769180b9f0ebcb5eee5f0b5/execute/async - {"script":"<script> [1562 bytes]","args":[{"selector":{"id":"application-managesites-display-component---NewSite--siteId","interaction":{"idSuffix":"inner"}},"wdio_ui5_key":"applicationmanagesites-display-component---NewSite--siteId"}]}
COMMAND: GET /session/e536ec110769180b9f0ebcb5eee5f0b5/screenshot - {}
RESULT: {"script":"<script> [1562 bytes]","args":[{"selector":{"id":"application-managesites-display-component---NewSite--siteId","interaction":{"idSuffix":"inner"}},"wdio_ui5_key":"applicationmanagesites-display-component---NewSite--siteId"}]}
RESULT: undefined
COMMAND: POST /session/e536ec110769180b9f0ebcb5eee5f0b5/execute/async - {"script":"<script> [1562 bytes]","args":[{"selector":{"id":"application-managesites-display-component---NewSite--addressDetailDetailsName1","interaction":{"idSuffix":"inner"}},"wdio_ui5_key":"applicationmanagesites-display-component---NewSite--addressDetailDetailsName1"}]}
RESULT: {}
RESULT: {"script":"<script> [1562 bytes]","args":[{"selector":{"id":"application-managesites-display-component---NewSite--addressDetailDetailsName1","interaction":{"idSuffix":"inner"}},"wdio_ui5_key":"applicationmanagesites-display-component---NewSite--addressDetailDetailsName1"}]}
RESULT: undefined
COMMAND: POST /session/e536ec110769180b9f0ebcb5eee5f0b5/execute/async - {"script":"<script> [776 bytes]","args":[{"enterText":"WebdriverSitepkbto","selector":{"id":"application-managesites-display-component---NewSite--addressDetailDetailsName1","interaction":{"idSuffix":"inner"}},"clearTextFirst":true,"interactionType":"ENTER_TEXT"}]}
RESULT: {"script":"<script> [776 bytes]","args":[{"enterText":"WebdriverSitepkbto","selector":{"id":"application-managesites-display-component---NewSite--addressDetailDetailsName1","interaction":{"idSuffix":"inner"}},"clearTextFirst":true,"interactionType":"ENTER_TEXT"}]}
COMMAND: POST /session/e536ec110769180b9f0ebcb5eee5f0b5/execute/async - {"script":"<script> [1562 bytes]","args":[{"selector":{"id":"application-managesites-display-component---NewSite--addressDetailDetailsLanguage","interaction":{"idSuffix":"inner"}},"wdio_ui5_key":"applicationmanagesites-display-component---NewSite--addressDetailDetailsLanguage"}]}
RESULT: {"script":"<script> [1562 bytes]","args":[{"selector":{"id":"application-managesites-display-component---NewSite--addressDetailDetailsLanguage","interaction":{"idSuffix":"inner"}},"wdio_ui5_key":"applicationmanagesites-display-component---NewSite--addressDetailDetailsLanguage"}]}
RESULT: undefined
COMMAND: POST /session/e536ec110769180b9f0ebcb5eee5f0b5/execute/async - {"script":"<script> [776 bytes]","args":[{"enterText":"Romanian","selector":{"id":"application-managesites-display-component---NewSite--addressDetailDetailsLanguage","interaction":{"idSuffix":"inner"}},"clearTextFirst":true,"interactionType":"ENTER_TEXT"}]}
RESULT: {"script":"<script> [776 bytes]","args":[{"enterText":"Romanian","selector":{"id":"application-managesites-display-component---NewSite--addressDetailDetailsLanguage","interaction":{"idSuffix":"inner"}},"clearTextFirst":true,"interactionType":"ENTER_TEXT"}]}
COMMAND: POST /session/e536ec110769180b9f0ebcb5eee5f0b5/execute/async - {"script":"<script> [1562 bytes]","args":[{"selector":{"id":"application-managesites-display-component---NewSite--addressDetailDetailsCity1","interaction":{"idSuffix":"inner"}},"wdio_ui5_key":"applicationmanagesites-display-component---NewSite--addressDetailDetailsCity1"}]}
RESULT: {"script":"<script> [1562 bytes]","args":[{"selector":{"id":"application-managesites-display-component---NewSite--addressDetailDetailsCity1","interaction":{"idSuffix":"inner"}},"wdio_ui5_key":"applicationmanagesites-display-component---NewSite--addressDetailDetailsCity1"}]}
RESULT: undefined
COMMAND: POST /session/e536ec110769180b9f0ebcb5eee5f0b5/execute/async - {"script":"<script> [776 bytes]","args":[{"enterText":"Bucharest","selector":{"id":"application-managesites-display-component---NewSite--addressDetailDetailsCity1","interaction":{"idSuffix":"inner"}},"clearTextFirst":true,"interactionType":"ENTER_TEXT"}]}
RESULT: {"script":"<script> [776 bytes]","args":[{"enterText":"Bucharest","selector":{"id":"application-managesites-display-component---NewSite--addressDetailDetailsCity1","interaction":{"idSuffix":"inner"}},"clearTextFirst":true,"interactionType":"ENTER_TEXT"}]}
COMMAND: POST /session/e536ec110769180b9f0ebcb5eee5f0b5/execute/async - {"script":"<script> [1562 bytes]","args":[{"selector":{"id":"application-managesites-display-component---NewSite--addressDetailDetailsCountry","interaction":{"idSuffix":"inner"}},"wdio_ui5_key":"applicationmanagesites-display-component---NewSite--addressDetailDetailsCountry"}]}
RESULT: {"script":"<script> [1562 bytes]","args":[{"selector":{"id":"application-managesites-display-component---NewSite--addressDetailDetailsCountry","interaction":{"idSuffix":"inner"}},"wdio_ui5_key":"applicationmanagesites-display-component---NewSite--addressDetailDetailsCountry"}]}
RESULT: undefined
COMMAND: POST /session/e536ec110769180b9f0ebcb5eee5f0b5/execute/async - {"script":"<script> [776 bytes]","args":[{"enterText":"Romania","selector":{"id":"application-managesites-display-component---NewSite--addressDetailDetailsCountry","interaction":{"idSuffix":"inner"}},"clearTextFirst":true,"interactionType":"ENTER_TEXT"}]}
RESULT: {"script":"<script> [776 bytes]","args":[{"enterText":"Romania","selector":{"id":"application-managesites-display-component---NewSite--addressDetailDetailsCountry","interaction":{"idSuffix":"inner"}},"clearTextFirst":true,"interactionType":"ENTER_TEXT"}]}
COMMAND: POST /session/e536ec110769180b9f0ebcb5eee5f0b5/element - {"using":"css selector","value":"#application-managesites-display-component---NewSite--addressDetailDetailsCalendar-inner"}
RESULT: {"using":"css selector","value":"#application-managesites-display-component---NewSite--addressDetailDetailsCalendar-inner"}
COMMAND: POST /session/e536ec110769180b9f0ebcb5eee5f0b5/element/f.408B1570E8A847D965033B29CBA075ED.d.36745B921BD60379B637BA44379F37ED.e.1424/clear - {}
RESULT: {}
COMMAND: POST /session/e536ec110769180b9f0ebcb5eee5f0b5/element/f.408B1570E8A847D965033B29CBA075ED.d.36745B921BD60379B637BA44379F37ED.e.1424/value - {"text":"Germany"}
COMMAND: GET /session/e536ec110769180b9f0ebcb5eee5f0b5/screenshot - {}
RESULT: {"text":"Germany"}
COMMAND: POST /session/e536ec110769180b9f0ebcb5eee5f0b5/execute/async - {"script":"<script> [1562 bytes]","args":[{"selector":{"id":"application-managesites-display-component---NewSite--addressEditDetailsCostObjectCstType-arrow"},"wdio_ui5_key":"applicationmanagesites-display-component---NewSite--addressEditDetailsCostObjectCstType-arrow"}]}
COMMAND: GET /session/e536ec110769180b9f0ebcb5eee5f0b5/screenshot - {}
RESULT: {}
RESULT: {"script":"<script> [1562 bytes]","args":[{"selector":{"id":"application-managesites-display-component---NewSite--addressEditDetailsCostObjectCstType-arrow"},"wdio_ui5_key":"applicationmanagesites-display-component---NewSite--addressEditDetailsCostObjectCstType-arrow"}]}
RESULT: undefined
COMMAND: POST /session/e536ec110769180b9f0ebcb5eee5f0b5/element - {"using":"xpath","value":"//*[@id=\"application-managesites-display-component---NewSite--addressEditDetailsCostObjectCstType-arrow\"]"}
RESULT: {}
RESULT: {"using":"xpath","value":"//*[@id=\"application-managesites-display-component---NewSite--addressEditDetailsCostObjectCstType-arrow\"]"}
COMMAND: POST /session/e536ec110769180b9f0ebcb5eee5f0b5/element/f.408B1570E8A847D965033B29CBA075ED.d.36745B921BD60379B637BA44379F37ED.e.1622/click - {}
RESULT: {}
COMMAND: POST /session/e536ec110769180b9f0ebcb5eee5f0b5/element - {"using":"xpath","value":"//span[contains(text(), \"Work Breakdown Structure\")]"}
COMMAND: GET /session/e536ec110769180b9f0ebcb5eee5f0b5/screenshot - {}
RESULT: {"using":"xpath","value":"//span[contains(text(), \"Work Breakdown Structure\")]"}
COMMAND: POST /session/e536ec110769180b9f0ebcb5eee5f0b5/element/f.408B1570E8A847D965033B29CBA075ED.d.36745B921BD60379B637BA44379F37ED.e.1623/click - {}
RESULT: {}
RESULT: {}
COMMAND: GET /session/e536ec110769180b9f0ebcb5eee5f0b5/screenshot - {}
RESULT: {}
COMMAND: POST /session/e536ec110769180b9f0ebcb5eee5f0b5/execute/async - {"script":"<script> [1562 bytes]","args":[{"selector":{"id":"application-managesites-display-component---NewSite--addressNewCostObjectCstID-vhi"},"wdio_ui5_key":"applicationmanagesites-display-component---NewSite--addressNewCostObjectCstID-vhi"}]}
RESULT: {"script":"<script> [1562 bytes]","args":[{"selector":{"id":"application-managesites-display-component---NewSite--addressNewCostObjectCstID-vhi"},"wdio_ui5_key":"applicationmanagesites-display-component---NewSite--addressNewCostObjectCstID-vhi"}]}
RESULT: undefined
COMMAND: POST /session/e536ec110769180b9f0ebcb5eee5f0b5/element - {"using":"xpath","value":"//*[@id=\"application-managesites-display-component---NewSite--addressNewCostObjectCstID-vhi\"]"}
RESULT: {"using":"xpath","value":"//*[@id=\"application-managesites-display-component---NewSite--addressNewCostObjectCstID-vhi\"]"}
COMMAND: POST /session/e536ec110769180b9f0ebcb5eee5f0b5/element/f.408B1570E8A847D965033B29CBA075ED.d.36745B921BD60379B637BA44379F37ED.e.1627/click - {}
RESULT: {}
COMMAND: GET /session/e536ec110769180b9f0ebcb5eee5f0b5/screenshot - {}
RESULT: {}
COMMAND: POST /session/e536ec110769180b9f0ebcb5eee5f0b5/execute/async - {"script":"<script> [1562 bytes]","args":[{"selector":{"controlType":"sap.m.SearchField","properties":{"placeholder":"Search"},"searchOpenDialogs":true,"interaction":{"idSuffix":"I"}},"wdio_ui5_key":"sapm.SearchField{\"placeholder\":\"Search\"}"}]}
RESULT: {"script":"<script> [1562 bytes]","args":[{"selector":{"controlType":"sap.m.SearchField","properties":{"placeholder":"Search"},"searchOpenDialogs":true,"interaction":{"idSuffix":"I"}},"wdio_ui5_key":"sapm.SearchField{\"placeholder\":\"Search\"}"}]}
RESULT: undefined
COMMAND: POST /session/e536ec110769180b9f0ebcb5eee5f0b5/execute/async - {"script":"<script> [776 bytes]","args":[{"enterText":"A1-000100-01","selector":{"controlType":"sap.m.SearchField","properties":{"placeholder":"Search"},"searchOpenDialogs":true,"interaction":{"idSuffix":"I"}},"clearTextFirst":true,"interactionType":"ENTER_TEXT"}]}
RESULT: {"script":"<script> [776 bytes]","args":[{"enterText":"A1-000100-01","selector":{"controlType":"sap.m.SearchField","properties":{"placeholder":"Search"},"searchOpenDialogs":true,"interaction":{"idSuffix":"I"}},"clearTextFirst":true,"interactionType":"ENTER_TEXT"}]}
COMMAND: POST /session/e536ec110769180b9f0ebcb5eee5f0b5/actions - {"actions":[{"id":"action3","type":"key","parameters":{},"actions":[{"type":"keyDown","value":"î€‡"},{"type":"pause","duration":10},{"type":"keyUp","value":"î€‡"}]}]}
RESULT: {"actions":[{"id":"action3","type":"key","parameters":{},"actions":[{"type":"keyDown","value":"î€‡"},{"type":"pause","duration":10},{"type":"keyUp","value":"î€‡"}]}]}
COMMAND: GET /session/e536ec110769180b9f0ebcb5eee5f0b5/screenshot - {}
RESULT: {}
COMMAND: POST /session/e536ec110769180b9f0ebcb5eee5f0b5/element - {"using":"xpath","value":"//span[contains(text(), \"Template for ETO-Process\")]"}
RESULT: {"using":"xpath","value":"//span[contains(text(), \"Template for ETO-Process\")]"}
COMMAND: POST /session/e536ec110769180b9f0ebcb5eee5f0b5/element/f.408B1570E8A847D965033B29CBA075ED.d.36745B921BD60379B637BA44379F37ED.e.1647/click - {}
RESULT: {}
COMMAND: GET /session/e536ec110769180b9f0ebcb5eee5f0b5/screenshot - {}
RESULT: {}
COMMAND: POST /session/e536ec110769180b9f0ebcb5eee5f0b5/element - {"using":"xpath","value":"//bdi[contains(text(), \"OK\")]"}
RESULT: {"using":"xpath","value":"//bdi[contains(text(), \"OK\")]"}
COMMAND: POST /session/e536ec110769180b9f0ebcb5eee5f0b5/element/f.408B1570E8A847D965033B29CBA075ED.d.36745B921BD60379B637BA44379F37ED.e.1648/click - {}
RESULT: {}
COMMAND: GET /session/e536ec110769180b9f0ebcb5eee5f0b5/screenshot - {}
RESULT: {}
COMMAND: POST /session/e536ec110769180b9f0ebcb5eee5f0b5/element - {"using":"xpath","value":"//input[@id=\"application-managesites-display-component---NewSite--addressDetailDetailsYard-inner\"]"}
RESULT: {"using":"xpath","value":"//input[@id=\"application-managesites-display-component---NewSite--addressDetailDetailsYard-inner\"]"}
COMMAND: POST /session/e536ec110769180b9f0ebcb5eee5f0b5/element/f.408B1570E8A847D965033B29CBA075ED.d.36745B921BD60379B637BA44379F37ED.e.1425/value - {"text":"588"}
RESULT: {"text":"588"}
COMMAND: GET /session/e536ec110769180b9f0ebcb5eee5f0b5/screenshot - {}
RESULT: {}
COMMAND: POST /session/e536ec110769180b9f0ebcb5eee5f0b5/actions - {"actions":[{"id":"action4","type":"key","parameters":{},"actions":[{"type":"keyDown","value":"î€‡"},{"type":"pause","duration":10},{"type":"keyUp","value":"î€‡"}]}]}
RESULT: {"actions":[{"id":"action4","type":"key","parameters":{},"actions":[{"type":"keyDown","value":"î€‡"},{"type":"pause","duration":10},{"type":"keyUp","value":"î€‡"}]}]}
COMMAND: GET /session/e536ec110769180b9f0ebcb5eee5f0b5/screenshot - {}
RESULT: {}
COMMAND: POST /session/e536ec110769180b9f0ebcb5eee5f0b5/element - {"using":"xpath","value":"//input[@id=\"application-managesites-display-component---NewSite--addressDetailDetailsPartner-inner\"]"}
RESULT: {"using":"xpath","value":"//input[@id=\"application-managesites-display-component---NewSite--addressDetailDetailsPartner-inner\"]"}
COMMAND: POST /session/e536ec110769180b9f0ebcb5eee5f0b5/elements - {"using":"xpath","value":"//input[@id=\"application-managesites-display-component---NewSite--addressDetailDetailsPartner-inner\"]"}
RESULT: {"using":"xpath","value":"//input[@id=\"application-managesites-display-component---NewSite--addressDetailDetailsPartner-inner\"]"}
COMMAND: POST /session/e536ec110769180b9f0ebcb5eee5f0b5/execute/async - {"script":"<script> [1562 bytes]","args":[{"selector":{"controlType":"sap.m.Button","viewName":"etm.portal.ui.managesites.view.NewSmartSite","viewId":"application-managesites-display-component---NewSite","properties":{"text":"Commercial"},"interaction":{"idSuffix":"BDI-content"}},"wdio_ui5_key":"etmportal.ui.managesites.view.NewSmartSitesap.m.Button{\"text\":\"Commercial\"}"}]}
RESULT: {"script":"<script> [1562 bytes]","args":[{"selector":{"controlType":"sap.m.Button","viewName":"etm.portal.ui.managesites.view.NewSmartSite","viewId":"application-managesites-display-component---NewSite","properties":{"text":"Commercial"},"interaction":{"idSuffix":"BDI-content"}},"wdio_ui5_key":"etmportal.ui.managesites.view.NewSmartSitesap.m.Button{\"text\":\"Commercial\"}"}]}
RESULT: undefined
COMMAND: POST /session/e536ec110769180b9f0ebcb5eee5f0b5/element - {"using":"xpath","value":"//*[@id=\"application-managesites-display-component---NewSite--ObjectPageLayout-anchBar-__section5-anchor\"]"}
RESULT: {"using":"xpath","value":"//*[@id=\"application-managesites-display-component---NewSite--ObjectPageLayout-anchBar-__section5-anchor\"]"}
COMMAND: POST /session/e536ec110769180b9f0ebcb5eee5f0b5/element/f.408B1570E8A847D965033B29CBA075ED.d.36745B921BD60379B637BA44379F37ED.e.1655/click - {}
RESULT: {}
COMMAND: POST /session/e536ec110769180b9f0ebcb5eee5f0b5/execute/async - {"script":"<script> [1562 bytes]","args":[{"selector":{"controlType":"sap.m.Button","viewName":"etm.portal.ui.managesites.view.NewSmartSite","viewId":"application-managesites-display-component---NewSite","i18NText":{"propertyName":"text","key":"save"},"interaction":{"idSuffix":"BDI-content"}},"wdio_ui5_key":"etmportal.ui.managesites.view.NewSmartSitesap.m.Button{\"propertyName\":\"text\",\"key\":\"save\"}"}]}
COMMAND: GET /session/e536ec110769180b9f0ebcb5eee5f0b5/screenshot - {}
RESULT: {"script":"<script> [1562 bytes]","args":[{"selector":{"controlType":"sap.m.Button","viewName":"etm.portal.ui.managesites.view.NewSmartSite","viewId":"application-managesites-display-component---NewSite","i18NText":{"propertyName":"text","key":"save"},"interaction":{"idSuffix":"BDI-content"}},"wdio_ui5_key":"etmportal.ui.managesites.view.NewSmartSitesap.m.Button{\"propertyName\":\"text\",\"key\":\"save\"}"}]}
RESULT: undefined
COMMAND: POST /session/e536ec110769180b9f0ebcb5eee5f0b5/element - {"using":"xpath","value":"//*[@id=\"__button16\"]"}
RESULT: {}
RESULT: {"using":"xpath","value":"//*[@id=\"__button16\"]"}
COMMAND: POST /session/e536ec110769180b9f0ebcb5eee5f0b5/element/f.408B1570E8A847D965033B29CBA075ED.d.36745B921BD60379B637BA44379F37ED.e.1599/click - {}
RESULT: {}
COMMAND: GET /session/e536ec110769180b9f0ebcb5eee5f0b5/screenshot - {}
RESULT: {}
COMMAND: POST /session/e536ec110769180b9f0ebcb5eee5f0b5/execute/async - {"script":"<script> [1562 bytes]","args":[{"selector":{"id":"application-managesites-display-component---detailSite--addressDetailDetailsYardText"},"wdio_ui5_key":"applicationmanagesites-display-component---detailSite--addressDetailDetailsYardText"}]}
RESULT: {"script":"<script> [1562 bytes]","args":[{"selector":{"id":"application-managesites-display-component---detailSite--addressDetailDetailsYardText"},"wdio_ui5_key":"applicationmanagesites-display-component---detailSite--addressDetailDetailsYardText"}]}
RESULT: undefined
COMMAND: POST /session/e536ec110769180b9f0ebcb5eee5f0b5/element - {"using":"xpath","value":"//header/div/div[2]/div[2]/span"}
RESULT: {"using":"xpath","value":"//header/div/div[2]/div[2]/span"}
COMMAND: GET /session/e536ec110769180b9f0ebcb5eee5f0b5/element/f.408B1570E8A847D965033B29CBA075ED.d.36745B921BD60379B637BA44379F37ED.e.1873/text - {}
RESULT: {}
COMMAND: POST /session/e536ec110769180b9f0ebcb5eee5f0b5/element - {"using":"xpath","value":"//header/div/div/div/div/div/div[2]/div/span"}
RESULT: {"using":"xpath","value":"//header/div/div/div/div/div/div[2]/div/span"}
COMMAND: GET /session/e536ec110769180b9f0ebcb5eee5f0b5/element/f.408B1570E8A847D965033B29CBA075ED.d.36745B921BD60379B637BA44379F37ED.e.1874/text - {}
RESULT: {}
COMMAND: POST /session/e536ec110769180b9f0ebcb5eee5f0b5/element - {"using":"css selector","value":"#shell-header-logo"}
RESULT: {"using":"css selector","value":"#shell-header-logo"}
COMMAND: POST /session/e536ec110769180b9f0ebcb5eee5f0b5/element/f.408B1570E8A847D965033B29CBA075ED.d.36745B921BD60379B637BA44379F37ED.e.1192/click - {}
RESULT: {}
COMMAND: GET /session/e536ec110769180b9f0ebcb5eee5f0b5/screenshot - {}
RESULT: {}
COMMAND: POST /session/e536ec110769180b9f0ebcb5eee5f0b5/execute/async - {"script":"<script> [1562 bytes]","args":[{"selector":{"controlType":"sap.m.GenericTile","properties":{"header":"Manage Partners"}},"wdio_ui5_key":"sapm.GenericTile{\"header\":\"Manage Partners\"}"}]}
RESULT: {"script":"<script> [1562 bytes]","args":[{"selector":{"controlType":"sap.m.GenericTile","properties":{"header":"Manage Partners"}},"wdio_ui5_key":"sapm.GenericTile{\"header\":\"Manage Partners\"}"}]}
RESULT: undefined
COMMAND: POST /session/e536ec110769180b9f0ebcb5eee5f0b5/element - {"using":"xpath","value":"//*[@id=\"__tile38\"]"}
RESULT: {"using":"xpath","value":"//*[@id=\"__tile38\"]"}
COMMAND: POST /session/e536ec110769180b9f0ebcb5eee5f0b5/element/f.408B1570E8A847D965033B29CBA075ED.d.36745B921BD60379B637BA44379F37ED.e.1876/click - {}
RESULT: {}
COMMAND: GET /session/e536ec110769180b9f0ebcb5eee5f0b5/screenshot - {}
RESULT: {}
COMMAND: POST /session/e536ec110769180b9f0ebcb5eee5f0b5/execute/async - {"script":"<script> [1562 bytes]","args":[{"selector":{"controlType":"sap.ui.core.Icon","viewName":"etm.portal.ui.managepartners.view.Master","viewId":"application-managepartners-display-component---masterPtm","properties":{"src":{"regex":{"source":"add"}}}},"wdio_ui5_key":"etmportal.ui.managepartners.view.Mastersap.ui.core.Icon{\"src\":{\"regex\":{\"source\":\"add\"}}}"}]}
RESULT: {"script":"<script> [1562 bytes]","args":[{"selector":{"controlType":"sap.ui.core.Icon","viewName":"etm.portal.ui.managepartners.view.Master","viewId":"application-managepartners-display-component---masterPtm","properties":{"src":{"regex":{"source":"add"}}}},"wdio_ui5_key":"etmportal.ui.managepartners.view.Mastersap.ui.core.Icon{\"src\":{\"regex\":{\"source\":\"add\"}}}"}]}
RESULT: undefined
COMMAND: POST /session/e536ec110769180b9f0ebcb5eee5f0b5/element - {"using":"xpath","value":"//*[@id=\"__button60-img\"]"}
RESULT: {"using":"xpath","value":"//*[@id=\"__button60-img\"]"}
COMMAND: POST /session/e536ec110769180b9f0ebcb5eee5f0b5/element/f.408B1570E8A847D965033B29CBA075ED.d.36745B921BD60379B637BA44379F37ED.e.1926/click - {}
RESULT: {}
COMMAND: GET /session/e536ec110769180b9f0ebcb5eee5f0b5/screenshot - {}
RESULT: {}
COMMAND: POST /session/e536ec110769180b9f0ebcb5eee5f0b5/execute/async - {"script":"<script> [1562 bytes]","args":[{"selector":{"id":"application-managepartners-display-component---NewPartner--partnerId","interaction":{"idSuffix":"inner"}},"wdio_ui5_key":"applicationmanagepartners-display-component---NewPartner--partnerId"}]}
RESULT: {"script":"<script> [1562 bytes]","args":[{"selector":{"id":"application-managepartners-display-component---NewPartner--partnerId","interaction":{"idSuffix":"inner"}},"wdio_ui5_key":"applicationmanagepartners-display-component---NewPartner--partnerId"}]}
RESULT: undefined
COMMAND: POST /session/e536ec110769180b9f0ebcb5eee5f0b5/execute/async - {"script":"<script> [1562 bytes]","args":[{"selector":{"id":"application-managepartners-display-component---NewPartner--addressDetailDetailsName1","interaction":{"idSuffix":"inner"}},"wdio_ui5_key":"applicationmanagepartners-display-component---NewPartner--addressDetailDetailsName1"}]}
RESULT: {"script":"<script> [1562 bytes]","args":[{"selector":{"id":"application-managepartners-display-component---NewPartner--addressDetailDetailsName1","interaction":{"idSuffix":"inner"}},"wdio_ui5_key":"applicationmanagepartners-display-component---NewPartner--addressDetailDetailsName1"}]}
RESULT: undefined
COMMAND: POST /session/e536ec110769180b9f0ebcb5eee5f0b5/execute/async - {"script":"<script> [776 bytes]","args":[{"enterText":"WebdriverPartneraumt2","selector":{"id":"application-managepartners-display-component---NewPartner--addressDetailDetailsName1","interaction":{"idSuffix":"inner"}},"clearTextFirst":true,"interactionType":"ENTER_TEXT"}]}
RESULT: {"script":"<script> [776 bytes]","args":[{"enterText":"WebdriverPartneraumt2","selector":{"id":"application-managepartners-display-component---NewPartner--addressDetailDetailsName1","interaction":{"idSuffix":"inner"}},"clearTextFirst":true,"interactionType":"ENTER_TEXT"}]}
COMMAND: POST /session/e536ec110769180b9f0ebcb5eee5f0b5/execute/async - {"script":"<script> [1562 bytes]","args":[{"selector":{"id":"application-managepartners-display-component---NewPartner--addressDetailDetailsLanguage","interaction":{"idSuffix":"inner"}},"wdio_ui5_key":"applicationmanagepartners-display-component---NewPartner--addressDetailDetailsLanguage"}]}
RESULT: {"script":"<script> [1562 bytes]","args":[{"selector":{"id":"application-managepartners-display-component---NewPartner--addressDetailDetailsLanguage","interaction":{"idSuffix":"inner"}},"wdio_ui5_key":"applicationmanagepartners-display-component---NewPartner--addressDetailDetailsLanguage"}]}
RESULT: undefined
COMMAND: POST /session/e536ec110769180b9f0ebcb5eee5f0b5/execute/async - {"script":"<script> [776 bytes]","args":[{"enterText":"Romanian","selector":{"id":"application-managepartners-display-component---NewPartner--addressDetailDetailsLanguage","interaction":{"idSuffix":"inner"}},"clearTextFirst":true,"interactionType":"ENTER_TEXT"}]}
RESULT: {"script":"<script> [776 bytes]","args":[{"enterText":"Romanian","selector":{"id":"application-managepartners-display-component---NewPartner--addressDetailDetailsLanguage","interaction":{"idSuffix":"inner"}},"clearTextFirst":true,"interactionType":"ENTER_TEXT"}]}
COMMAND: POST /session/e536ec110769180b9f0ebcb5eee5f0b5/element - {"using":"xpath","value":"//input[contains(@id ,\"application-managepartners-display-component---NewPartner--addressDetailDetailsName1-inner\")]"}
RESULT: {"using":"xpath","value":"//input[contains(@id ,\"application-managepartners-display-component---NewPartner--addressDetailDetailsName1-inner\")]"}
COMMAND: GET /session/e536ec110769180b9f0ebcb5eee5f0b5/element/f.408B1570E8A847D965033B29CBA075ED.d.36745B921BD60379B637BA44379F37ED.e.2100/property/value - {}
RESULT: {}
COMMAND: POST /session/e536ec110769180b9f0ebcb5eee5f0b5/execute/async - {"script":"<script> [1562 bytes]","args":[{"selector":{"id":"application-managepartners-display-component---NewPartner--addressDetailDetailsCity1","interaction":{"idSuffix":"inner"}},"wdio_ui5_key":"applicationmanagepartners-display-component---NewPartner--addressDetailDetailsCity1"}]}
COMMAND: GET /session/e536ec110769180b9f0ebcb5eee5f0b5/screenshot - {}
RESULT: {"script":"<script> [1562 bytes]","args":[{"selector":{"id":"application-managepartners-display-component---NewPartner--addressDetailDetailsCity1","interaction":{"idSuffix":"inner"}},"wdio_ui5_key":"applicationmanagepartners-display-component---NewPartner--addressDetailDetailsCity1"}]}
RESULT: undefined
COMMAND: POST /session/e536ec110769180b9f0ebcb5eee5f0b5/execute/async - {"script":"<script> [776 bytes]","args":[{"enterText":"Bucharest","selector":{"id":"application-managepartners-display-component---NewPartner--addressDetailDetailsCity1","interaction":{"idSuffix":"inner"}},"clearTextFirst":true,"interactionType":"ENTER_TEXT"}]}
RESULT: {}
RESULT: {"script":"<script> [776 bytes]","args":[{"enterText":"Bucharest","selector":{"id":"application-managepartners-display-component---NewPartner--addressDetailDetailsCity1","interaction":{"idSuffix":"inner"}},"clearTextFirst":true,"interactionType":"ENTER_TEXT"}]}
COMMAND: POST /session/e536ec110769180b9f0ebcb5eee5f0b5/execute/async - {"script":"<script> [1562 bytes]","args":[{"selector":{"id":"application-managepartners-display-component---NewPartner--addressDetailDetailsCountry","interaction":{"idSuffix":"inner"}},"wdio_ui5_key":"applicationmanagepartners-display-component---NewPartner--addressDetailDetailsCountry"}]}
RESULT: {"script":"<script> [1562 bytes]","args":[{"selector":{"id":"application-managepartners-display-component---NewPartner--addressDetailDetailsCountry","interaction":{"idSuffix":"inner"}},"wdio_ui5_key":"applicationmanagepartners-display-component---NewPartner--addressDetailDetailsCountry"}]}
RESULT: undefined
COMMAND: POST /session/e536ec110769180b9f0ebcb5eee5f0b5/execute/async - {"script":"<script> [6424 bytes]","args":[{"element-6066-11e4-a52e-4f735466cecf":"f.408B1570E8A847D965033B29CBA075ED.d.36745B921BD60379B637BA44379F37ED.e.2107"},"setValue",["Romania"]]}
RESULT: {"script":"<script> [6424 bytes]","args":[{"element-6066-11e4-a52e-4f735466cecf":"f.408B1570E8A847D965033B29CBA075ED.d.36745B921BD60379B637BA44379F37ED.e.2107"},"setValue",["Romania"]]}
COMMAND: POST /session/e536ec110769180b9f0ebcb5eee5f0b5/execute/async - {"script":"<script> [1562 bytes]","args":[{"selector":{"id":"application-managepartners-display-component---NewPartner--partnerDetailInternal","interaction":{"idSuffix":"inner"}},"wdio_ui5_key":"applicationmanagepartners-display-component---NewPartner--partnerDetailInternal"}]}
RESULT: {"script":"<script> [1562 bytes]","args":[{"selector":{"id":"application-managepartners-display-component---NewPartner--partnerDetailInternal","interaction":{"idSuffix":"inner"}},"wdio_ui5_key":"applicationmanagepartners-display-component---NewPartner--partnerDetailInternal"}]}
RESULT: undefined
COMMAND: POST /session/e536ec110769180b9f0ebcb5eee5f0b5/execute/async - {"script":"<script> [776 bytes]","args":[{"enterText":"External partner","selector":{"id":"application-managepartners-display-component---NewPartner--partnerDetailInternal","interaction":{"idSuffix":"inner"}},"clearTextFirst":true,"interactionType":"ENTER_TEXT"}]}
RESULT: {"script":"<script> [776 bytes]","args":[{"enterText":"External partner","selector":{"id":"application-managepartners-display-component---NewPartner--partnerDetailInternal","interaction":{"idSuffix":"inner"}},"clearTextFirst":true,"interactionType":"ENTER_TEXT"}]}
COMMAND: POST /session/e536ec110769180b9f0ebcb5eee5f0b5/execute/async - {"script":"<script> [1562 bytes]","args":[{"selector":{"id":"application-managepartners-display-component---NewPartner--partnerDetailsCurrency","interaction":{"idSuffix":"inner"}},"wdio_ui5_key":"applicationmanagepartners-display-component---NewPartner--partnerDetailsCurrency"}]}
RESULT: {"script":"<script> [1562 bytes]","args":[{"selector":{"id":"application-managepartners-display-component---NewPartner--partnerDetailsCurrency","interaction":{"idSuffix":"inner"}},"wdio_ui5_key":"applicationmanagepartners-display-component---NewPartner--partnerDetailsCurrency"}]}
RESULT: undefined
COMMAND: POST /session/e536ec110769180b9f0ebcb5eee5f0b5/execute/async - {"script":"<script> [776 bytes]","args":[{"enterText":"Euro","selector":{"id":"application-managepartners-display-component---NewPartner--partnerDetailsCurrency","interaction":{"idSuffix":"inner"}},"clearTextFirst":true,"interactionType":"ENTER_TEXT"}]}
RESULT: {"script":"<script> [776 bytes]","args":[{"enterText":"Euro","selector":{"id":"application-managepartners-display-component---NewPartner--partnerDetailsCurrency","interaction":{"idSuffix":"inner"}},"clearTextFirst":true,"interactionType":"ENTER_TEXT"}]}
COMMAND: POST /session/e536ec110769180b9f0ebcb5eee5f0b5/execute/async - {"script":"<script> [1562 bytes]","args":[{"selector":{"controlType":"sap.m.Button","viewName":"etm.portal.ui.managepartners.view.NewPartner","viewId":"application-managepartners-display-component---NewPartner","properties":{"text":"Commercial"},"interaction":{"idSuffix":"BDI-content"}},"wdio_ui5_key":"etmportal.ui.managepartners.view.NewPartnersap.m.Button{\"text\":\"Commercial\"}"}]}
RESULT: {"script":"<script> [1562 bytes]","args":[{"selector":{"controlType":"sap.m.Button","viewName":"etm.portal.ui.managepartners.view.NewPartner","viewId":"application-managepartners-display-component---NewPartner","properties":{"text":"Commercial"},"interaction":{"idSuffix":"BDI-content"}},"wdio_ui5_key":"etmportal.ui.managepartners.view.NewPartnersap.m.Button{\"text\":\"Commercial\"}"}]}
RESULT: undefined
COMMAND: POST /session/e536ec110769180b9f0ebcb5eee5f0b5/element - {"using":"xpath","value":"//*[@id=\"application-managepartners-display-component---NewPartner--ObjectPageLayout-anchBar-__section29-anchor\"]"}
RESULT: {"using":"xpath","value":"//*[@id=\"application-managepartners-display-component---NewPartner--ObjectPageLayout-anchBar-__section29-anchor\"]"}
COMMAND: POST /session/e536ec110769180b9f0ebcb5eee5f0b5/element/f.408B1570E8A847D965033B29CBA075ED.d.36745B921BD60379B637BA44379F37ED.e.2356/click - {}
RESULT: {}
COMMAND: GET /session/e536ec110769180b9f0ebcb5eee5f0b5/screenshot - {}
RESULT: {}
COMMAND: POST /session/e536ec110769180b9f0ebcb5eee5f0b5/execute/async - {"script":"<script> [1562 bytes]","args":[{"selector":{"id":"application-managepartners-display-component---NewPartner--btnAddTableRow-img"},"wdio_ui5_key":"applicationmanagepartners-display-component---NewPartner--btnAddTableRow-img"}]}
RESULT: {"script":"<script> [1562 bytes]","args":[{"selector":{"id":"application-managepartners-display-component---NewPartner--btnAddTableRow-img"},"wdio_ui5_key":"applicationmanagepartners-display-component---NewPartner--btnAddTableRow-img"}]}
RESULT: undefined
COMMAND: POST /session/e536ec110769180b9f0ebcb5eee5f0b5/element - {"using":"xpath","value":"//*[@id=\"application-managepartners-display-component---NewPartner--btnAddTableRow-img\"]"}
RESULT: {"using":"xpath","value":"//*[@id=\"application-managepartners-display-component---NewPartner--btnAddTableRow-img\"]"}
COMMAND: POST /session/e536ec110769180b9f0ebcb5eee5f0b5/element/f.408B1570E8A847D965033B29CBA075ED.d.36745B921BD60379B637BA44379F37ED.e.2362/click - {}
RESULT: {}
COMMAND: POST /session/e536ec110769180b9f0ebcb5eee5f0b5/element - {"using":"xpath","value":"//input[contains(@id ,\"application-managepartners-display-component---NewPartner--assignmentYard-application-managepartners-display-component---NewPartner\")]"}
COMMAND: GET /session/e536ec110769180b9f0ebcb5eee5f0b5/screenshot - {}
RESULT: {"using":"xpath","value":"//input[contains(@id ,\"application-managepartners-display-component---NewPartner--assignmentYard-application-managepartners-display-component---NewPartner\")]"}
COMMAND: POST /session/e536ec110769180b9f0ebcb5eee5f0b5/element/f.408B1570E8A847D965033B29CBA075ED.d.36745B921BD60379B637BA44379F37ED.e.2365/clear - {}
RESULT: {}
RESULT: {}
COMMAND: POST /session/e536ec110769180b9f0ebcb5eee5f0b5/element/f.408B1570E8A847D965033B29CBA075ED.d.36745B921BD60379B637BA44379F37ED.e.2365/value - {"text":"588"}
COMMAND: GET /session/e536ec110769180b9f0ebcb5eee5f0b5/screenshot - {}
RESULT: {"text":"588"}
COMMAND: GET /session/e536ec110769180b9f0ebcb5eee5f0b5/screenshot - {}
RESULT: {}
RESULT: {}
COMMAND: POST /session/e536ec110769180b9f0ebcb5eee5f0b5/execute/async - {"script":"<script> [1562 bytes]","args":[{"selector":{"controlType":"sap.m.Button","viewName":"etm.portal.ui.managepartners.view.NewPartner","viewId":"application-managepartners-display-component---NewPartner","i18NText":{"propertyName":"text","key":"save"},"interaction":{"idSuffix":"BDI-content"}},"wdio_ui5_key":"etmportal.ui.managepartners.view.NewPartnersap.m.Button{\"propertyName\":\"text\",\"key\":\"save\"}"}]}
RESULT: {"script":"<script> [1562 bytes]","args":[{"selector":{"controlType":"sap.m.Button","viewName":"etm.portal.ui.managepartners.view.NewPartner","viewId":"application-managepartners-display-component---NewPartner","i18NText":{"propertyName":"text","key":"save"},"interaction":{"idSuffix":"BDI-content"}},"wdio_ui5_key":"etmportal.ui.managepartners.view.NewPartnersap.m.Button{\"propertyName\":\"text\",\"key\":\"save\"}"}]}
RESULT: undefined
COMMAND: POST /session/e536ec110769180b9f0ebcb5eee5f0b5/element - {"using":"xpath","value":"//*[@id=\"__button68\"]"}
RESULT: {"using":"xpath","value":"//*[@id=\"__button68\"]"}
COMMAND: POST /session/e536ec110769180b9f0ebcb5eee5f0b5/element/f.408B1570E8A847D965033B29CBA075ED.d.36745B921BD60379B637BA44379F37ED.e.2296/click - {}
RESULT: {}
COMMAND: GET /session/e536ec110769180b9f0ebcb5eee5f0b5/screenshot - {}
RESULT: {}
COMMAND: POST /session/e536ec110769180b9f0ebcb5eee5f0b5/element - {"using":"xpath","value":"//header/div/div[2]/div[2]/span"}
RESULT: {"using":"xpath","value":"//header/div/div[2]/div[2]/span"}
COMMAND: GET /session/e536ec110769180b9f0ebcb5eee5f0b5/element/f.408B1570E8A847D965033B29CBA075ED.d.36745B921BD60379B637BA44379F37ED.e.2539/text - {}
RESULT: {}
COMMAND: POST /session/e536ec110769180b9f0ebcb5eee5f0b5/element - {"using":"xpath","value":"//header/div/div/div/div/div/div[2]/div/span"}
RESULT: {"using":"xpath","value":"//header/div/div/div/div/div/div[2]/div/span"}
COMMAND: GET /session/e536ec110769180b9f0ebcb5eee5f0b5/element/f.408B1570E8A847D965033B29CBA075ED.d.36745B921BD60379B637BA44379F37ED.e.2540/text - {}
RESULT: {}
COMMAND: POST /session/e536ec110769180b9f0ebcb5eee5f0b5/execute/async - {"script":"<script> [1562 bytes]","args":[{"selector":{"id":"application-managepartners-display-component---detailPtm--partnerType"},"wdio_ui5_key":"applicationmanagepartners-display-component---detailPtm--partnerType"}]}
RESULT: {"script":"<script> [1562 bytes]","args":[{"selector":{"id":"application-managepartners-display-component---detailPtm--partnerType"},"wdio_ui5_key":"applicationmanagepartners-display-component---detailPtm--partnerType"}]}
RESULT: undefined
COMMAND: POST /session/e536ec110769180b9f0ebcb5eee5f0b5/execute/async - {"script":"<script> [6424 bytes]","args":[{"element-6066-11e4-a52e-4f735466cecf":"f.408B1570E8A847D965033B29CBA075ED.d.36745B921BD60379B637BA44379F37ED.e.2541"},"getText",[]]}
RESULT: {"script":"<script> [6424 bytes]","args":[{"element-6066-11e4-a52e-4f735466cecf":"f.408B1570E8A847D965033B29CBA075ED.d.36745B921BD60379B637BA44379F37ED.e.2541"},"getText",[]]}
COMMAND: POST /session/e536ec110769180b9f0ebcb5eee5f0b5/element - {"using":"css selector","value":"#shell-header-logo"}
RESULT: {"using":"css selector","value":"#shell-header-logo"}
COMMAND: POST /session/e536ec110769180b9f0ebcb5eee5f0b5/element/f.408B1570E8A847D965033B29CBA075ED.d.36745B921BD60379B637BA44379F37ED.e.1879/click - {}
RESULT: {}
COMMAND: GET /session/e536ec110769180b9f0ebcb5eee5f0b5/screenshot - {}
RESULT: {}
]]></system-out>
    </testcase>
    <testcase classname="chrome.135_0_7049_96.windows.Webshop_-_Hyperlinks_visible_and_working_properly__US139085" name="Should create a new contract" time="91.628">
      <system-out><![CDATA[
COMMAND: POST /session/e536ec110769180b9f0ebcb5eee5f0b5/execute/async - {"script":"<script> [1562 bytes]","args":[{"selector":{"controlType":"sap.m.Text","viewName":"etm.portal.ui.managecontractstile.view.Master","properties":{"text":"Manage Contracts"},"interaction":{"idSuffix":"inner"}},"wdio_ui5_key":"etmportal.ui.managecontractstile.view.Mastersap.m.Text{\"text\":\"Manage Contracts\"}"}]}
RESULT: {"script":"<script> [1562 bytes]","args":[{"selector":{"controlType":"sap.m.Text","viewName":"etm.portal.ui.managecontractstile.view.Master","properties":{"text":"Manage Contracts"},"interaction":{"idSuffix":"inner"}},"wdio_ui5_key":"etmportal.ui.managecontractstile.view.Mastersap.m.Text{\"text\":\"Manage Contracts\"}"}]}
RESULT: undefined
COMMAND: POST /session/e536ec110769180b9f0ebcb5eee5f0b5/element - {"using":"xpath","value":"//*[@id=\"__tile130-title\"]"}
RESULT: {"using":"xpath","value":"//*[@id=\"__tile130-title\"]"}
COMMAND: POST /session/e536ec110769180b9f0ebcb5eee5f0b5/element/f.408B1570E8A847D965033B29CBA075ED.d.36745B921BD60379B637BA44379F37ED.e.2544/click - {}
RESULT: {}
COMMAND: GET /session/e536ec110769180b9f0ebcb5eee5f0b5/screenshot - {}
RESULT: {}
COMMAND: POST /session/e536ec110769180b9f0ebcb5eee5f0b5/element - {"using":"xpath","value":"//button[@data-kt=\"addButton\"]"}
RESULT: {"using":"xpath","value":"//button[@data-kt=\"addButton\"]"}
COMMAND: POST /session/e536ec110769180b9f0ebcb5eee5f0b5/element/f.408B1570E8A847D965033B29CBA075ED.d.36745B921BD60379B637BA44379F37ED.e.2594/click - {}
RESULT: {}
COMMAND: GET /session/e536ec110769180b9f0ebcb5eee5f0b5/screenshot - {}
RESULT: {}
COMMAND: POST /session/e536ec110769180b9f0ebcb5eee5f0b5/execute/async - {"script":"<script> [1562 bytes]","args":[{"selector":{"id":"application-managecontracts-display-component---AddNewContract--projectDescription","interaction":{"idSuffix":"inner"}},"wdio_ui5_key":"applicationmanagecontracts-display-component---AddNewContract--projectDescription"}]}
RESULT: {"script":"<script> [1562 bytes]","args":[{"selector":{"id":"application-managecontracts-display-component---AddNewContract--projectDescription","interaction":{"idSuffix":"inner"}},"wdio_ui5_key":"applicationmanagecontracts-display-component---AddNewContract--projectDescription"}]}
RESULT: undefined
COMMAND: POST /session/e536ec110769180b9f0ebcb5eee5f0b5/execute/async - {"script":"<script> [776 bytes]","args":[{"enterText":"WdIOR2ckkhjc","selector":{"id":"application-managecontracts-display-component---AddNewContract--projectDescription","interaction":{"idSuffix":"inner"}},"clearTextFirst":true,"interactionType":"ENTER_TEXT"}]}
RESULT: {"script":"<script> [776 bytes]","args":[{"enterText":"WdIOR2ckkhjc","selector":{"id":"application-managecontracts-display-component---AddNewContract--projectDescription","interaction":{"idSuffix":"inner"}},"clearTextFirst":true,"interactionType":"ENTER_TEXT"}]}
COMMAND: POST /session/e536ec110769180b9f0ebcb5eee5f0b5/element - {"using":"xpath","value":"//input[@id=\"application-managecontracts-display-component---AddNewContract--yardId-inner\"]"}
RESULT: {"using":"xpath","value":"//input[@id=\"application-managecontracts-display-component---AddNewContract--yardId-inner\"]"}
COMMAND: POST /session/e536ec110769180b9f0ebcb5eee5f0b5/element/f.408B1570E8A847D965033B29CBA075ED.d.36745B921BD60379B637BA44379F37ED.e.2877/clear - {}
RESULT: {}
COMMAND: POST /session/e536ec110769180b9f0ebcb5eee5f0b5/element/f.408B1570E8A847D965033B29CBA075ED.d.36745B921BD60379B637BA44379F37ED.e.2877/value - {"text":"WebdriverYard0su75"}
COMMAND: GET /session/e536ec110769180b9f0ebcb5eee5f0b5/screenshot - {}
RESULT: {"text":"WebdriverYard0su75"}
COMMAND: GET /session/e536ec110769180b9f0ebcb5eee5f0b5/screenshot - {}
RESULT: {}
RESULT: {}
COMMAND: POST /session/e536ec110769180b9f0ebcb5eee5f0b5/actions - {"actions":[{"id":"action5","type":"key","parameters":{},"actions":[{"type":"keyDown","value":"î€‡"},{"type":"pause","duration":10},{"type":"keyUp","value":"î€‡"}]}]}
RESULT: {"actions":[{"id":"action5","type":"key","parameters":{},"actions":[{"type":"keyDown","value":"î€‡"},{"type":"pause","duration":10},{"type":"keyUp","value":"î€‡"}]}]}
COMMAND: GET /session/e536ec110769180b9f0ebcb5eee5f0b5/screenshot - {}
RESULT: {}
COMMAND: POST /session/e536ec110769180b9f0ebcb5eee5f0b5/element - {"using":"xpath","value":"//input[@id=\"application-managecontracts-display-component---AddNewContract--customerSelect-inner\"]"}
RESULT: {"using":"xpath","value":"//input[@id=\"application-managecontracts-display-component---AddNewContract--customerSelect-inner\"]"}
COMMAND: POST /session/e536ec110769180b9f0ebcb5eee5f0b5/element/f.408B1570E8A847D965033B29CBA075ED.d.36745B921BD60379B637BA44379F37ED.e.2875/clear - {}
RESULT: {}
COMMAND: POST /session/e536ec110769180b9f0ebcb5eee5f0b5/element/f.408B1570E8A847D965033B29CBA075ED.d.36745B921BD60379B637BA44379F37ED.e.2875/value - {"text":"WebdriverPartneraumt2"}
COMMAND: GET /session/e536ec110769180b9f0ebcb5eee5f0b5/screenshot - {}
RESULT: {"text":"WebdriverPartneraumt2"}
COMMAND: GET /session/e536ec110769180b9f0ebcb5eee5f0b5/screenshot - {}
RESULT: {}
RESULT: {}
COMMAND: POST /session/e536ec110769180b9f0ebcb5eee5f0b5/actions - {"actions":[{"id":"action6","type":"key","parameters":{},"actions":[{"type":"keyDown","value":"î€‡"},{"type":"pause","duration":10},{"type":"keyUp","value":"î€‡"}]}]}
RESULT: {"actions":[{"id":"action6","type":"key","parameters":{},"actions":[{"type":"keyDown","value":"î€‡"},{"type":"pause","duration":10},{"type":"keyUp","value":"î€‡"}]}]}
COMMAND: GET /session/e536ec110769180b9f0ebcb5eee5f0b5/screenshot - {}
RESULT: {}
COMMAND: POST /session/e536ec110769180b9f0ebcb5eee5f0b5/element - {"using":"xpath","value":"//input[@id=\"application-managecontracts-display-component---AddNewContract--site-inner\"]"}
RESULT: {"using":"xpath","value":"//input[@id=\"application-managecontracts-display-component---AddNewContract--site-inner\"]"}
COMMAND: POST /session/e536ec110769180b9f0ebcb5eee5f0b5/element/f.408B1570E8A847D965033B29CBA075ED.d.36745B921BD60379B637BA44379F37ED.e.2876/clear - {}
RESULT: {}
COMMAND: POST /session/e536ec110769180b9f0ebcb5eee5f0b5/element/f.408B1570E8A847D965033B29CBA075ED.d.36745B921BD60379B637BA44379F37ED.e.2876/value - {"text":"WebdriverSitepkbto"}
COMMAND: GET /session/e536ec110769180b9f0ebcb5eee5f0b5/screenshot - {}
RESULT: {"text":"WebdriverSitepkbto"}
COMMAND: GET /session/e536ec110769180b9f0ebcb5eee5f0b5/screenshot - {}
RESULT: {}
RESULT: {}
COMMAND: POST /session/e536ec110769180b9f0ebcb5eee5f0b5/actions - {"actions":[{"id":"action7","type":"key","parameters":{},"actions":[{"type":"keyDown","value":"î€‡"},{"type":"pause","duration":10},{"type":"keyUp","value":"î€‡"}]}]}
RESULT: {"actions":[{"id":"action7","type":"key","parameters":{},"actions":[{"type":"keyDown","value":"î€‡"},{"type":"pause","duration":10},{"type":"keyUp","value":"î€‡"}]}]}
COMMAND: GET /session/e536ec110769180b9f0ebcb5eee5f0b5/screenshot - {}
COMMAND: POST /session/e536ec110769180b9f0ebcb5eee5f0b5/element - {"using":"xpath","value":"//button[@data-kt=\"saveButton\"]"}
RESULT: {}
RESULT: {"using":"xpath","value":"//button[@data-kt=\"saveButton\"]"}
COMMAND: POST /session/e536ec110769180b9f0ebcb5eee5f0b5/element/f.408B1570E8A847D965033B29CBA075ED.d.36745B921BD60379B637BA44379F37ED.e.2902/click - {}
RESULT: {}
COMMAND: GET /session/e536ec110769180b9f0ebcb5eee5f0b5/screenshot - {}
RESULT: {}
COMMAND: POST /session/e536ec110769180b9f0ebcb5eee5f0b5/execute/async - {"script":"<script> [1562 bytes]","args":[{"selector":{"id":"contractDetailTitleNoExpanded","viewName":"etm.portal.ui.managecontracts.view.Detail"},"wdio_ui5_key":"contractDetailTitleNoExpandedetmportal.ui.managecontracts.view.Detail"}]}
RESULT: {"script":"<script> [1562 bytes]","args":[{"selector":{"id":"contractDetailTitleNoExpanded","viewName":"etm.portal.ui.managecontracts.view.Detail"},"wdio_ui5_key":"contractDetailTitleNoExpandedetmportal.ui.managecontracts.view.Detail"}]}
RESULT: undefined
COMMAND: POST /session/e536ec110769180b9f0ebcb5eee5f0b5/execute/async - {"script":"<script> [6424 bytes]","args":[{"element-6066-11e4-a52e-4f735466cecf":"f.408B1570E8A847D965033B29CBA075ED.d.36745B921BD60379B637BA44379F37ED.e.2982"},"getText",[]]}
RESULT: {"script":"<script> [6424 bytes]","args":[{"element-6066-11e4-a52e-4f735466cecf":"f.408B1570E8A847D965033B29CBA075ED.d.36745B921BD60379B637BA44379F37ED.e.2982"},"getText",[]]}
COMMAND: POST /session/e536ec110769180b9f0ebcb5eee5f0b5/element - {"using":"css selector","value":"#shell-header-logo"}
RESULT: {"using":"css selector","value":"#shell-header-logo"}
COMMAND: POST /session/e536ec110769180b9f0ebcb5eee5f0b5/element/f.408B1570E8A847D965033B29CBA075ED.d.36745B921BD60379B637BA44379F37ED.e.2547/click - {}
RESULT: {}
COMMAND: GET /session/e536ec110769180b9f0ebcb5eee5f0b5/screenshot - {}
RESULT: {}
]]></system-out>
    </testcase>
    <testcase classname="chrome.135_0_7049_96.windows.Webshop_-_Hyperlinks_visible_and_working_properly__US139085" name="Should create a new webshop request and verify the site and yard hyperlinks" time="452.658">
      <system-out><![CDATA[
COMMAND: POST /session/e536ec110769180b9f0ebcb5eee5f0b5/execute/async - {"script":"<script> [1562 bytes]","args":[{"selector":{"controlType":"sap.m.GenericTile","properties":{"header":"Webshop"}},"wdio_ui5_key":"sapm.GenericTile{\"header\":\"Webshop\"}"}]}
RESULT: {"script":"<script> [1562 bytes]","args":[{"selector":{"controlType":"sap.m.GenericTile","properties":{"header":"Webshop"}},"wdio_ui5_key":"sapm.GenericTile{\"header\":\"Webshop\"}"}]}
RESULT: undefined
COMMAND: POST /session/e536ec110769180b9f0ebcb5eee5f0b5/element - {"using":"xpath","value":"//*[@id=\"__tile49\"]"}
RESULT: {"using":"xpath","value":"//*[@id=\"__tile49\"]"}
COMMAND: POST /session/e536ec110769180b9f0ebcb5eee5f0b5/element/f.408B1570E8A847D965033B29CBA075ED.d.36745B921BD60379B637BA44379F37ED.e.2985/click - {}
RESULT: {}
COMMAND: GET /session/e536ec110769180b9f0ebcb5eee5f0b5/screenshot - {}
RESULT: {}
COMMAND: POST /session/e536ec110769180b9f0ebcb5eee5f0b5/element - {"using":"css selector","value":"#requestCreationDialog--createRequestPopUp-title-inner"}
RESULT: {"using":"css selector","value":"#requestCreationDialog--createRequestPopUp-title-inner"}
COMMAND: POST /session/e536ec110769180b9f0ebcb5eee5f0b5/execute/sync - {"script":"<script> [8489 bytes]","args":[{"element-6066-11e4-a52e-4f735466cecf":"f.408B1570E8A847D965033B29CBA075ED.d.36745B921BD60379B637BA44379F37ED.e.3088","ELEMENT":"f.408B1570E8A847D965033B29CBA075ED.d.36745B921BD60379B637BA44379F37ED.e.3088"}]}
RESULT: {"script":"<script> [8489 bytes]","args":[{"element-6066-11e4-a52e-4f735466cecf":"f.408B1570E8A847D965033B29CBA075ED.d.36745B921BD60379B637BA44379F37ED.e.3088","ELEMENT":"f.408B1570E8A847D965033B29CBA075ED.d.36745B921BD60379B637BA44379F37ED.e.3088"}]}
COMMAND: GET /session/e536ec110769180b9f0ebcb5eee5f0b5/element/f.408B1570E8A847D965033B29CBA075ED.d.36745B921BD60379B637BA44379F37ED.e.3088/enabled - {}
COMMAND: GET /session/e536ec110769180b9f0ebcb5eee5f0b5/screenshot - {}
RESULT: {}
COMMAND: POST /session/e536ec110769180b9f0ebcb5eee5f0b5/execute/async - {"script":"<script> [1562 bytes]","args":[{"selector":{"id":"requestCreationDialog--requestName","searchOpenDialogs":true,"interaction":{"idSuffix":"inner"}},"wdio_ui5_key":"requestCreationDialogrequestName"}]}
COMMAND: GET /session/e536ec110769180b9f0ebcb5eee5f0b5/screenshot - {}
RESULT: {}
RESULT: {"script":"<script> [1562 bytes]","args":[{"selector":{"id":"requestCreationDialog--requestName","searchOpenDialogs":true,"interaction":{"idSuffix":"inner"}},"wdio_ui5_key":"requestCreationDialogrequestName"}]}
RESULT: undefined
COMMAND: POST /session/e536ec110769180b9f0ebcb5eee5f0b5/execute/async - {"script":"<script> [776 bytes]","args":[{"enterText":"WebdriverTest","selector":{"id":"requestCreationDialog--requestName","searchOpenDialogs":true,"interaction":{"idSuffix":"inner"}},"clearTextFirst":true,"interactionType":"ENTER_TEXT"}]}
RESULT: {}
RESULT: {"script":"<script> [776 bytes]","args":[{"enterText":"WebdriverTest","selector":{"id":"requestCreationDialog--requestName","searchOpenDialogs":true,"interaction":{"idSuffix":"inner"}},"clearTextFirst":true,"interactionType":"ENTER_TEXT"}]}
COMMAND: POST /session/e536ec110769180b9f0ebcb5eee5f0b5/element - {"using":"xpath","value":"//input[contains(@id ,\"requestCreationDialog--contract-inner\")]"}
RESULT: {"using":"xpath","value":"//input[contains(@id ,\"requestCreationDialog--contract-inner\")]"}
COMMAND: POST /session/e536ec110769180b9f0ebcb5eee5f0b5/element/f.408B1570E8A847D965033B29CBA075ED.d.36745B921BD60379B637BA44379F37ED.e.3000/clear - {}
RESULT: {}
COMMAND: POST /session/e536ec110769180b9f0ebcb5eee5f0b5/element/f.408B1570E8A847D965033B29CBA075ED.d.36745B921BD60379B637BA44379F37ED.e.3000/value - {"text":"10539"}
COMMAND: GET /session/e536ec110769180b9f0ebcb5eee5f0b5/screenshot - {}
RESULT: {"text":"10539"}
COMMAND: GET /session/e536ec110769180b9f0ebcb5eee5f0b5/screenshot - {}
RESULT: {}
RESULT: {}
COMMAND: POST /session/e536ec110769180b9f0ebcb5eee5f0b5/actions - {"actions":[{"id":"action8","type":"key","parameters":{},"actions":[{"type":"keyDown","value":"î€‡"},{"type":"pause","duration":10},{"type":"keyUp","value":"î€‡"}]}]}
RESULT: {"actions":[{"id":"action8","type":"key","parameters":{},"actions":[{"type":"keyDown","value":"î€‡"},{"type":"pause","duration":10},{"type":"keyUp","value":"î€‡"}]}]}
COMMAND: GET /session/e536ec110769180b9f0ebcb5eee5f0b5/screenshot - {}
RESULT: {}
COMMAND: POST /session/e536ec110769180b9f0ebcb5eee5f0b5/element - {"using":"xpath","value":"//input[contains(@id ,\"requestCreationDialog--contract-inner\")]"}
RESULT: {"using":"xpath","value":"//input[contains(@id ,\"requestCreationDialog--contract-inner\")]"}
COMMAND: GET /session/e536ec110769180b9f0ebcb5eee5f0b5/element/f.408B1570E8A847D965033B29CBA075ED.d.36745B921BD60379B637BA44379F37ED.e.3000/property/value - {}
RESULT: {}
COMMAND: POST /session/e536ec110769180b9f0ebcb5eee5f0b5/element - {"using":"xpath","value":"//input[contains(@id ,\"requestCreationDialog--contract-inner\")]"}
COMMAND: GET /session/e536ec110769180b9f0ebcb5eee5f0b5/screenshot - {}
RESULT: {"using":"xpath","value":"//input[contains(@id ,\"requestCreationDialog--contract-inner\")]"}
COMMAND: POST /session/e536ec110769180b9f0ebcb5eee5f0b5/execute/async - {"script":"<script> [1562 bytes]","args":[{"selector":{"id":"requestCreationDialog--okButton","searchOpenDialogs":true,"interaction":{"idSuffix":"BDI-content"}},"wdio_ui5_key":"requestCreationDialogokButton"}]}
RESULT: {}
RESULT: {"script":"<script> [1562 bytes]","args":[{"selector":{"id":"requestCreationDialog--okButton","searchOpenDialogs":true,"interaction":{"idSuffix":"BDI-content"}},"wdio_ui5_key":"requestCreationDialogokButton"}]}
RESULT: undefined
COMMAND: POST /session/e536ec110769180b9f0ebcb5eee5f0b5/element - {"using":"xpath","value":"//*[@id=\"requestCreationDialog--okButton\"]"}
RESULT: {"using":"xpath","value":"//*[@id=\"requestCreationDialog--okButton\"]"}
COMMAND: POST /session/e536ec110769180b9f0ebcb5eee5f0b5/element/f.408B1570E8A847D965033B29CBA075ED.d.36745B921BD60379B637BA44379F37ED.e.3097/click - {}
RESULT: {}
COMMAND: GET /session/e536ec110769180b9f0ebcb5eee5f0b5/screenshot - {}
RESULT: {}
COMMAND: POST /session/e536ec110769180b9f0ebcb5eee5f0b5/element - {"using":"xpath","value":"//input[contains(@id ,\"searchFiledId-I\")]"}
RESULT: {"using":"xpath","value":"//input[contains(@id ,\"searchFiledId-I\")]"}
COMMAND: POST /session/e536ec110769180b9f0ebcb5eee5f0b5/element/f.408B1570E8A847D965033B29CBA075ED.d.36745B921BD60379B637BA44379F37ED.e.2991/value - {"text":"Dri-Prime CD150M Diesel Pump"}
RESULT: {"text":"Dri-Prime CD150M Diesel Pump"}
COMMAND: POST /session/e536ec110769180b9f0ebcb5eee5f0b5/actions - {"actions":[{"id":"action9","type":"key","parameters":{},"actions":[{"type":"keyDown","value":"î€‡"},{"type":"pause","duration":10},{"type":"keyUp","value":"î€‡"}]}]}
COMMAND: GET /session/e536ec110769180b9f0ebcb5eee5f0b5/screenshot - {}
RESULT: {"actions":[{"id":"action9","type":"key","parameters":{},"actions":[{"type":"keyDown","value":"î€‡"},{"type":"pause","duration":10},{"type":"keyUp","value":"î€‡"}]}]}
COMMAND: GET /session/e536ec110769180b9f0ebcb5eee5f0b5/screenshot - {}
RESULT: {}
RESULT: {}
COMMAND: POST /session/e536ec110769180b9f0ebcb5eee5f0b5/element - {"using":"xpath","value":"//span[contains(@id ,\"subTitle\")][contains(text(), \"Dri-Prime CD150M Diesel Pump\")]"}
RESULT: {"using":"xpath","value":"//span[contains(@id ,\"subTitle\")][contains(text(), \"Dri-Prime CD150M Diesel Pump\")]"}
COMMAND: POST /session/e536ec110769180b9f0ebcb5eee5f0b5/element/f.408B1570E8A847D965033B29CBA075ED.d.36745B921BD60379B637BA44379F37ED.e.3104/click - {}
RESULT: {}
COMMAND: GET /session/e536ec110769180b9f0ebcb5eee5f0b5/screenshot - {}
RESULT: {}
COMMAND: POST /session/e536ec110769180b9f0ebcb5eee5f0b5/execute/async - {"script":"<script> [1562 bytes]","args":[{"selector":{"controlType":"sap.m.Button","viewName":"etm.portal.ui.webshop.view.Homepage","i18NText":{"propertyName":"text","key":"addToRequest"},"interaction":{"idSuffix":"BDI-content"}},"wdio_ui5_key":"etmportal.ui.webshop.view.Homepagesap.m.Button{\"propertyName\":\"text\",\"key\":\"addToRequest\"}"}]}
RESULT: {"script":"<script> [1562 bytes]","args":[{"selector":{"controlType":"sap.m.Button","viewName":"etm.portal.ui.webshop.view.Homepage","i18NText":{"propertyName":"text","key":"addToRequest"},"interaction":{"idSuffix":"BDI-content"}},"wdio_ui5_key":"etmportal.ui.webshop.view.Homepagesap.m.Button{\"propertyName\":\"text\",\"key\":\"addToRequest\"}"}]}
RESULT: undefined
COMMAND: POST /session/e536ec110769180b9f0ebcb5eee5f0b5/element - {"using":"xpath","value":"//*[@id=\"__button132\"]"}
RESULT: {"using":"xpath","value":"//*[@id=\"__button132\"]"}
COMMAND: POST /session/e536ec110769180b9f0ebcb5eee5f0b5/element/f.408B1570E8A847D965033B29CBA075ED.d.36745B921BD60379B637BA44379F37ED.e.3116/click - {}
RESULT: {}
COMMAND: GET /session/e536ec110769180b9f0ebcb5eee5f0b5/screenshot - {}
RESULT: {}
COMMAND: POST /session/e536ec110769180b9f0ebcb5eee5f0b5/element - {"using":"xpath","value":"//*[contains(@id ,\"activeCartId-BDI-content\")]"}
RESULT: {"using":"xpath","value":"//*[contains(@id ,\"activeCartId-BDI-content\")]"}
COMMAND: POST /session/e536ec110769180b9f0ebcb5eee5f0b5/element/f.408B1570E8A847D965033B29CBA075ED.d.36745B921BD60379B637BA44379F37ED.e.3120/click - {}
RESULT: {}
COMMAND: GET /session/e536ec110769180b9f0ebcb5eee5f0b5/screenshot - {}
RESULT: {}
COMMAND: POST /session/e536ec110769180b9f0ebcb5eee5f0b5/element - {"using":"xpath","value":"//bdi[contains(text(), \"Check out my request\")]"}
RESULT: {"using":"xpath","value":"//bdi[contains(text(), \"Check out my request\")]"}
COMMAND: POST /session/e536ec110769180b9f0ebcb5eee5f0b5/element/f.408B1570E8A847D965033B29CBA075ED.d.36745B921BD60379B637BA44379F37ED.e.3122/click - {}
RESULT: {}
COMMAND: GET /session/e536ec110769180b9f0ebcb5eee5f0b5/screenshot - {}
RESULT: {}
COMMAND: POST /session/e536ec110769180b9f0ebcb5eee5f0b5/element - {"using":"xpath","value":"//*[contains(@data-kt ,\"webshopDetailYardLink\")]"}
RESULT: {"using":"xpath","value":"//*[contains(@data-kt ,\"webshopDetailYardLink\")]"}
COMMAND: POST /session/e536ec110769180b9f0ebcb5eee5f0b5/element/f.408B1570E8A847D965033B29CBA075ED.d.36745B921BD60379B637BA44379F37ED.e.3160/click - {}
RESULT: {}
COMMAND: POST /session/e536ec110769180b9f0ebcb5eee5f0b5/element - {"using":"xpath","value":"//*[contains(@data-kt ,\"ContextMenuId2Link\")][contains(text(), \"Yard Overview\")]"}
COMMAND: GET /session/e536ec110769180b9f0ebcb5eee5f0b5/screenshot - {}
RESULT: {"using":"xpath","value":"//*[contains(@data-kt ,\"ContextMenuId2Link\")][contains(text(), \"Yard Overview\")]"}
COMMAND: POST /session/e536ec110769180b9f0ebcb5eee5f0b5/execute/sync - {"script":"<script> [8489 bytes]","args":[{"element-6066-11e4-a52e-4f735466cecf":"f.408B1570E8A847D965033B29CBA075ED.d.36745B921BD60379B637BA44379F37ED.e.3163","ELEMENT":"f.408B1570E8A847D965033B29CBA075ED.d.36745B921BD60379B637BA44379F37ED.e.3163"}]}
COMMAND: POST /session/e536ec110769180b9f0ebcb5eee5f0b5/element - {"using":"xpath","value":"//*[contains(@data-kt ,\"ContextMenuId3Link\")][contains(text(), \"Yard Main Address\")]"}
RESULT: {}
RESULT: {"using":"xpath","value":"//*[contains(@data-kt ,\"ContextMenuId3Link\")][contains(text(), \"Yard Main Address\")]"}
COMMAND: POST /session/e536ec110769180b9f0ebcb5eee5f0b5/execute/sync - {"script":"<script> [8489 bytes]","args":[{"element-6066-11e4-a52e-4f735466cecf":"f.408B1570E8A847D965033B29CBA075ED.d.36745B921BD60379B637BA44379F37ED.e.3164","ELEMENT":"f.408B1570E8A847D965033B29CBA075ED.d.36745B921BD60379B637BA44379F37ED.e.3164"}]}
COMMAND: POST /session/e536ec110769180b9f0ebcb5eee5f0b5/element - {"using":"xpath","value":"//*[contains(@data-kt ,\"ContextMenuId2Link\")][contains(text(), \"Yard Overview\")]"}
RESULT: {"script":"<script> [8489 bytes]","args":[{"element-6066-11e4-a52e-4f735466cecf":"f.408B1570E8A847D965033B29CBA075ED.d.36745B921BD60379B637BA44379F37ED.e.3163","ELEMENT":"f.408B1570E8A847D965033B29CBA075ED.d.36745B921BD60379B637BA44379F37ED.e.3163"}]}
COMMAND: GET /session/e536ec110769180b9f0ebcb5eee5f0b5/screenshot - {}
RESULT: {"script":"<script> [8489 bytes]","args":[{"element-6066-11e4-a52e-4f735466cecf":"f.408B1570E8A847D965033B29CBA075ED.d.36745B921BD60379B637BA44379F37ED.e.3164","ELEMENT":"f.408B1570E8A847D965033B29CBA075ED.d.36745B921BD60379B637BA44379F37ED.e.3164"}]}
COMMAND: GET /session/e536ec110769180b9f0ebcb5eee5f0b5/screenshot - {}
RESULT: {"using":"xpath","value":"//*[contains(@data-kt ,\"ContextMenuId2Link\")][contains(text(), \"Yard Overview\")]"}
COMMAND: POST /session/e536ec110769180b9f0ebcb5eee5f0b5/element/f.408B1570E8A847D965033B29CBA075ED.d.36745B921BD60379B637BA44379F37ED.e.3163/click - {}
RESULT: {}
RESULT: {}
RESULT: {}
COMMAND: GET /session/e536ec110769180b9f0ebcb5eee5f0b5/screenshot - {}
RESULT: {}
COMMAND: POST /session/e536ec110769180b9f0ebcb5eee5f0b5/execute/async - {"script":"<script> [1562 bytes]","args":[{"selector":{"id":"shellAppTitle"},"wdio_ui5_key":"shellAppTitle"}]}
RESULT: {"script":"<script> [1562 bytes]","args":[{"selector":{"id":"shellAppTitle"},"wdio_ui5_key":"shellAppTitle"}]}
RESULT: undefined
COMMAND: POST /session/e536ec110769180b9f0ebcb5eee5f0b5/execute/async - {"script":"<script> [6424 bytes]","args":[{"element-6066-11e4-a52e-4f735466cecf":"f.408B1570E8A847D965033B29CBA075ED.d.36745B921BD60379B637BA44379F37ED.e.3209"},"getTitle",[]]}
RESULT: {"script":"<script> [6424 bytes]","args":[{"element-6066-11e4-a52e-4f735466cecf":"f.408B1570E8A847D965033B29CBA075ED.d.36745B921BD60379B637BA44379F37ED.e.3209"},"getTitle",[]]}
COMMAND: POST /session/e536ec110769180b9f0ebcb5eee5f0b5/element - {"using":"xpath","value":"//span[contains(@id ,\"title\")][contains(text(), \"WebdriverYard0su75\")]"}
RESULT: {"using":"xpath","value":"//span[contains(@id ,\"title\")][contains(text(), \"WebdriverYard0su75\")]"}
COMMAND: POST /session/e536ec110769180b9f0ebcb5eee5f0b5/execute/sync - {"script":"<script> [8489 bytes]","args":[{"element-6066-11e4-a52e-4f735466cecf":"f.408B1570E8A847D965033B29CBA075ED.d.36745B921BD60379B637BA44379F37ED.e.3210","ELEMENT":"f.408B1570E8A847D965033B29CBA075ED.d.36745B921BD60379B637BA44379F37ED.e.3210"}]}
COMMAND: POST /session/e536ec110769180b9f0ebcb5eee5f0b5/execute/async - {"script":"<script> [1562 bytes]","args":[{"selector":{"id":"backBtn"},"wdio_ui5_key":"backBtn"}]}
RESULT: {"script":"<script> [8489 bytes]","args":[{"element-6066-11e4-a52e-4f735466cecf":"f.408B1570E8A847D965033B29CBA075ED.d.36745B921BD60379B637BA44379F37ED.e.3210","ELEMENT":"f.408B1570E8A847D965033B29CBA075ED.d.36745B921BD60379B637BA44379F37ED.e.3210"}]}
COMMAND: GET /session/e536ec110769180b9f0ebcb5eee5f0b5/screenshot - {}
RESULT: {"script":"<script> [1562 bytes]","args":[{"selector":{"id":"backBtn"},"wdio_ui5_key":"backBtn"}]}
RESULT: undefined
COMMAND: POST /session/e536ec110769180b9f0ebcb5eee5f0b5/element - {"using":"xpath","value":"//*[@id=\"backBtn\"]"}
COMMAND: POST /session/e536ec110769180b9f0ebcb5eee5f0b5/execute/sync - {"script":"<script> [8489 bytes]","args":[{"element-6066-11e4-a52e-4f735466cecf":"f.408B1570E8A847D965033B29CBA075ED.d.36745B921BD60379B637BA44379F37ED.e.3210","ELEMENT":"f.408B1570E8A847D965033B29CBA075ED.d.36745B921BD60379B637BA44379F37ED.e.3210"}]}
RESULT: {}
RESULT: {"using":"xpath","value":"//*[@id=\"backBtn\"]"}
COMMAND: POST /session/e536ec110769180b9f0ebcb5eee5f0b5/element/f.408B1570E8A847D965033B29CBA075ED.d.36745B921BD60379B637BA44379F37ED.e.3211/click - {}
RESULT: {"script":"<script> [8489 bytes]","args":[{"element-6066-11e4-a52e-4f735466cecf":"f.408B1570E8A847D965033B29CBA075ED.d.36745B921BD60379B637BA44379F37ED.e.3210","ELEMENT":"f.408B1570E8A847D965033B29CBA075ED.d.36745B921BD60379B637BA44379F37ED.e.3210"}]}
COMMAND: GET /session/e536ec110769180b9f0ebcb5eee5f0b5/screenshot - {}
COMMAND: POST /session/e536ec110769180b9f0ebcb5eee5f0b5/execute/sync - {"script":"<script> [8489 bytes]","args":[{"element-6066-11e4-a52e-4f735466cecf":"f.408B1570E8A847D965033B29CBA075ED.d.36745B921BD60379B637BA44379F37ED.e.3210","ELEMENT":"f.408B1570E8A847D965033B29CBA075ED.d.36745B921BD60379B637BA44379F37ED.e.3210"}]}
RESULT: {}
COMMAND: GET /session/e536ec110769180b9f0ebcb5eee5f0b5/screenshot - {}
RESULT: {}
COMMAND: POST /session/e536ec110769180b9f0ebcb5eee5f0b5/element - {"using":"xpath","value":"//span[contains(@id ,\"title\")][contains(text(), \"WebdriverYard0su75\")]"}
RESULT: {}
RESULT: {"using":"xpath","value":"//span[contains(@id ,\"title\")][contains(text(), \"WebdriverYard0su75\")]"}
COMMAND: POST /session/e536ec110769180b9f0ebcb5eee5f0b5/element - {"using":"xpath","value":"//span[contains(@id ,\"title\")][contains(text(), \"WebdriverYard0su75\")]"}
RESULT: {"using":"xpath","value":"//span[contains(@id ,\"title\")][contains(text(), \"WebdriverYard0su75\")]"}
COMMAND: POST /session/e536ec110769180b9f0ebcb5eee5f0b5/element - {"using":"xpath","value":"//span[contains(@id ,\"title\")][contains(text(), \"WebdriverYard0su75\")]"}
RESULT: {"using":"xpath","value":"//span[contains(@id ,\"title\")][contains(text(), \"WebdriverYard0su75\")]"}
COMMAND: POST /session/e536ec110769180b9f0ebcb5eee5f0b5/element - {"using":"xpath","value":"//span[contains(@id ,\"title\")][contains(text(), \"WebdriverYard0su75\")]"}
RESULT: {"using":"xpath","value":"//span[contains(@id ,\"title\")][contains(text(), \"WebdriverYard0su75\")]"}
COMMAND: POST /session/e536ec110769180b9f0ebcb5eee5f0b5/element - {"using":"xpath","value":"//span[contains(@id ,\"title\")][contains(text(), \"WebdriverYard0su75\")]"}
RESULT: {"using":"xpath","value":"//span[contains(@id ,\"title\")][contains(text(), \"WebdriverYard0su75\")]"}
COMMAND: POST /session/e536ec110769180b9f0ebcb5eee5f0b5/element - {"using":"xpath","value":"//span[contains(@id ,\"title\")][contains(text(), \"WebdriverYard0su75\")]"}
RESULT: {"using":"xpath","value":"//span[contains(@id ,\"title\")][contains(text(), \"WebdriverYard0su75\")]"}
COMMAND: POST /session/e536ec110769180b9f0ebcb5eee5f0b5/element - {"using":"xpath","value":"//span[contains(@id ,\"title\")][contains(text(), \"WebdriverYard0su75\")]"}
RESULT: {"using":"xpath","value":"//span[contains(@id ,\"title\")][contains(text(), \"WebdriverYard0su75\")]"}
COMMAND: POST /session/e536ec110769180b9f0ebcb5eee5f0b5/element - {"using":"xpath","value":"//span[contains(@id ,\"title\")][contains(text(), \"WebdriverYard0su75\")]"}
RESULT: {"using":"xpath","value":"//span[contains(@id ,\"title\")][contains(text(), \"WebdriverYard0su75\")]"}
COMMAND: POST /session/e536ec110769180b9f0ebcb5eee5f0b5/element - {"using":"xpath","value":"//span[contains(@id ,\"title\")][contains(text(), \"WebdriverYard0su75\")]"}
RESULT: {"using":"xpath","value":"//span[contains(@id ,\"title\")][contains(text(), \"WebdriverYard0su75\")]"}
COMMAND: POST /session/e536ec110769180b9f0ebcb5eee5f0b5/element - {"using":"xpath","value":"//span[contains(@id ,\"title\")][contains(text(), \"WebdriverYard0su75\")]"}
RESULT: {"using":"xpath","value":"//span[contains(@id ,\"title\")][contains(text(), \"WebdriverYard0su75\")]"}
COMMAND: POST /session/e536ec110769180b9f0ebcb5eee5f0b5/element - {"using":"xpath","value":"//span[contains(@id ,\"title\")][contains(text(), \"WebdriverYard0su75\")]"}
RESULT: {"using":"xpath","value":"//span[contains(@id ,\"title\")][contains(text(), \"WebdriverYard0su75\")]"}
COMMAND: POST /session/e536ec110769180b9f0ebcb5eee5f0b5/element - {"using":"xpath","value":"//span[contains(@id ,\"title\")][contains(text(), \"WebdriverYard0su75\")]"}
RESULT: {"using":"xpath","value":"//span[contains(@id ,\"title\")][contains(text(), \"WebdriverYard0su75\")]"}
COMMAND: POST /session/e536ec110769180b9f0ebcb5eee5f0b5/element - {"using":"xpath","value":"//span[contains(@id ,\"title\")][contains(text(), \"WebdriverYard0su75\")]"}
RESULT: {"using":"xpath","value":"//span[contains(@id ,\"title\")][contains(text(), \"WebdriverYard0su75\")]"}
COMMAND: POST /session/e536ec110769180b9f0ebcb5eee5f0b5/element - {"using":"xpath","value":"//span[contains(@id ,\"title\")][contains(text(), \"WebdriverYard0su75\")]"}
RESULT: {"using":"xpath","value":"//span[contains(@id ,\"title\")][contains(text(), \"WebdriverYard0su75\")]"}
COMMAND: POST /session/e536ec110769180b9f0ebcb5eee5f0b5/element - {"using":"xpath","value":"//span[contains(@id ,\"title\")][contains(text(), \"WebdriverYard0su75\")]"}
RESULT: {"using":"xpath","value":"//span[contains(@id ,\"title\")][contains(text(), \"WebdriverYard0su75\")]"}
COMMAND: POST /session/e536ec110769180b9f0ebcb5eee5f0b5/element - {"using":"xpath","value":"//span[contains(@id ,\"title\")][contains(text(), \"WebdriverYard0su75\")]"}
RESULT: {"using":"xpath","value":"//span[contains(@id ,\"title\")][contains(text(), \"WebdriverYard0su75\")]"}
COMMAND: POST /session/e536ec110769180b9f0ebcb5eee5f0b5/element - {"using":"xpath","value":"//span[contains(@id ,\"title\")][contains(text(), \"WebdriverYard0su75\")]"}
RESULT: {"using":"xpath","value":"//span[contains(@id ,\"title\")][contains(text(), \"WebdriverYard0su75\")]"}
COMMAND: POST /session/e536ec110769180b9f0ebcb5eee5f0b5/element - {"using":"xpath","value":"//span[contains(@id ,\"title\")][contains(text(), \"WebdriverYard0su75\")]"}
RESULT: {"using":"xpath","value":"//span[contains(@id ,\"title\")][contains(text(), \"WebdriverYard0su75\")]"}
COMMAND: POST /session/e536ec110769180b9f0ebcb5eee5f0b5/element - {"using":"xpath","value":"//span[contains(@id ,\"title\")][contains(text(), \"WebdriverYard0su75\")]"}
RESULT: {"using":"xpath","value":"//span[contains(@id ,\"title\")][contains(text(), \"WebdriverYard0su75\")]"}
COMMAND: POST /session/e536ec110769180b9f0ebcb5eee5f0b5/element - {"using":"xpath","value":"//span[contains(@id ,\"title\")][contains(text(), \"WebdriverYard0su75\")]"}
RESULT: {"using":"xpath","value":"//span[contains(@id ,\"title\")][contains(text(), \"WebdriverYard0su75\")]"}
COMMAND: POST /session/e536ec110769180b9f0ebcb5eee5f0b5/element - {"using":"xpath","value":"//span[contains(@id ,\"title\")][contains(text(), \"WebdriverYard0su75\")]"}
RESULT: {"using":"xpath","value":"//span[contains(@id ,\"title\")][contains(text(), \"WebdriverYard0su75\")]"}
COMMAND: POST /session/e536ec110769180b9f0ebcb5eee5f0b5/element - {"using":"xpath","value":"//span[contains(@id ,\"title\")][contains(text(), \"WebdriverYard0su75\")]"}
RESULT: {"using":"xpath","value":"//span[contains(@id ,\"title\")][contains(text(), \"WebdriverYard0su75\")]"}
COMMAND: POST /session/e536ec110769180b9f0ebcb5eee5f0b5/element - {"using":"xpath","value":"//span[contains(@id ,\"title\")][contains(text(), \"WebdriverYard0su75\")]"}
RESULT: {"using":"xpath","value":"//span[contains(@id ,\"title\")][contains(text(), \"WebdriverYard0su75\")]"}
COMMAND: POST /session/e536ec110769180b9f0ebcb5eee5f0b5/element - {"using":"xpath","value":"//span[contains(@id ,\"title\")][contains(text(), \"WebdriverYard0su75\")]"}
RESULT: {"using":"xpath","value":"//span[contains(@id ,\"title\")][contains(text(), \"WebdriverYard0su75\")]"}
COMMAND: POST /session/e536ec110769180b9f0ebcb5eee5f0b5/element - {"using":"xpath","value":"//span[contains(@id ,\"title\")][contains(text(), \"WebdriverYard0su75\")]"}
RESULT: {"using":"xpath","value":"//span[contains(@id ,\"title\")][contains(text(), \"WebdriverYard0su75\")]"}
COMMAND: POST /session/e536ec110769180b9f0ebcb5eee5f0b5/element - {"using":"xpath","value":"//*[contains(@data-kt ,\"webshopDetailYardLink\")]"}
RESULT: {"using":"xpath","value":"//*[contains(@data-kt ,\"webshopDetailYardLink\")]"}
COMMAND: POST /session/e536ec110769180b9f0ebcb5eee5f0b5/execute/sync - {"script":"<script> [8489 bytes]","args":[{"element-6066-11e4-a52e-4f735466cecf":"f.408B1570E8A847D965033B29CBA075ED.d.36745B921BD60379B637BA44379F37ED.e.3377","ELEMENT":"f.408B1570E8A847D965033B29CBA075ED.d.36745B921BD60379B637BA44379F37ED.e.3377"}]}
RESULT: {"script":"<script> [8489 bytes]","args":[{"element-6066-11e4-a52e-4f735466cecf":"f.408B1570E8A847D965033B29CBA075ED.d.36745B921BD60379B637BA44379F37ED.e.3377","ELEMENT":"f.408B1570E8A847D965033B29CBA075ED.d.36745B921BD60379B637BA44379F37ED.e.3377"}]}
COMMAND: POST /session/e536ec110769180b9f0ebcb5eee5f0b5/execute/sync - {"script":"<script> [5351 bytes]","args":[{"element-6066-11e4-a52e-4f735466cecf":"f.408B1570E8A847D965033B29CBA075ED.d.36745B921BD60379B637BA44379F37ED.e.3377","ELEMENT":"f.408B1570E8A847D965033B29CBA075ED.d.36745B921BD60379B637BA44379F37ED.e.3377"}]}
COMMAND: GET /session/e536ec110769180b9f0ebcb5eee5f0b5/screenshot - {}
COMMAND: POST /session/e536ec110769180b9f0ebcb5eee5f0b5/element - {"using":"xpath","value":"//span[contains(@id ,\"title\")][contains(text(), \"WebdriverYard0su75\")]"}
RESULT: {"script":"<script> [5351 bytes]","args":[{"element-6066-11e4-a52e-4f735466cecf":"f.408B1570E8A847D965033B29CBA075ED.d.36745B921BD60379B637BA44379F37ED.e.3377","ELEMENT":"f.408B1570E8A847D965033B29CBA075ED.d.36745B921BD60379B637BA44379F37ED.e.3377"}]}
COMMAND: POST /session/e536ec110769180b9f0ebcb5eee5f0b5/element - {"using":"xpath","value":"//*[contains(@data-kt ,\"webshopDetailYardLink\")]"}
COMMAND: GET /session/e536ec110769180b9f0ebcb5eee5f0b5/screenshot - {}
RESULT: {}
RESULT: {"using":"xpath","value":"//span[contains(@id ,\"title\")][contains(text(), \"WebdriverYard0su75\")]"}
RESULT: {"using":"xpath","value":"//*[contains(@data-kt ,\"webshopDetailYardLink\")]"}
COMMAND: POST /session/e536ec110769180b9f0ebcb5eee5f0b5/element/f.408B1570E8A847D965033B29CBA075ED.d.36745B921BD60379B637BA44379F37ED.e.3377/click - {}
RESULT: {}
RESULT: {}
COMMAND: GET /session/e536ec110769180b9f0ebcb5eee5f0b5/screenshot - {}
COMMAND: POST /session/e536ec110769180b9f0ebcb5eee5f0b5/element - {"using":"xpath","value":"//span[contains(@id ,\"title\")][contains(text(), \"WebdriverYard0su75\")]"}
RESULT: {}
RESULT: {"using":"xpath","value":"//span[contains(@id ,\"title\")][contains(text(), \"WebdriverYard0su75\")]"}
COMMAND: POST /session/e536ec110769180b9f0ebcb5eee5f0b5/execute/sync - {"script":"<script> [8489 bytes]","args":[{"element-6066-11e4-a52e-4f735466cecf":"f.408B1570E8A847D965033B29CBA075ED.d.36745B921BD60379B637BA44379F37ED.e.3379","ELEMENT":"f.408B1570E8A847D965033B29CBA075ED.d.36745B921BD60379B637BA44379F37ED.e.3379"}]}
RESULT: {"script":"<script> [8489 bytes]","args":[{"element-6066-11e4-a52e-4f735466cecf":"f.408B1570E8A847D965033B29CBA075ED.d.36745B921BD60379B637BA44379F37ED.e.3379","ELEMENT":"f.408B1570E8A847D965033B29CBA075ED.d.36745B921BD60379B637BA44379F37ED.e.3379"}]}
COMMAND: GET /session/e536ec110769180b9f0ebcb5eee5f0b5/screenshot - {}
RESULT: {}
COMMAND: POST /session/e536ec110769180b9f0ebcb5eee5f0b5/element - {"using":"xpath","value":"//*[contains(@data-kt ,\"ContextMenuId3Link\")][contains(text(), \"Yard Main Address\")]"}
RESULT: {"using":"xpath","value":"//*[contains(@data-kt ,\"ContextMenuId3Link\")][contains(text(), \"Yard Main Address\")]"}
COMMAND: POST /session/e536ec110769180b9f0ebcb5eee5f0b5/element/f.408B1570E8A847D965033B29CBA075ED.d.36745B921BD60379B637BA44379F37ED.e.3380/click - {}
RESULT: {}
COMMAND: GET /session/e536ec110769180b9f0ebcb5eee5f0b5/screenshot - {}
RESULT: {}
COMMAND: POST /session/e536ec110769180b9f0ebcb5eee5f0b5/execute/async - {"script":"<script> [1562 bytes]","args":[{"selector":{"id":"application-addressmanagement-display-component---masterAdm--title1"},"wdio_ui5_key":"applicationaddressmanagement-display-component---masterAdm--title1"}]}
RESULT: {"script":"<script> [1562 bytes]","args":[{"selector":{"id":"application-addressmanagement-display-component---masterAdm--title1"},"wdio_ui5_key":"applicationaddressmanagement-display-component---masterAdm--title1"}]}
RESULT: undefined
COMMAND: POST /session/e536ec110769180b9f0ebcb5eee5f0b5/execute/async - {"script":"<script> [6424 bytes]","args":[{"element-6066-11e4-a52e-4f735466cecf":"f.408B1570E8A847D965033B29CBA075ED.d.36745B921BD60379B637BA44379F37ED.e.3570"},"getText",[]]}
RESULT: {"script":"<script> [6424 bytes]","args":[{"element-6066-11e4-a52e-4f735466cecf":"f.408B1570E8A847D965033B29CBA075ED.d.36745B921BD60379B637BA44379F37ED.e.3570"},"getText",[]]}
COMMAND: POST /session/e536ec110769180b9f0ebcb5eee5f0b5/element - {"using":"xpath","value":"//span[contains(text(), \"WebdriverYardjjtihg\")][contains(@id ,\"application-addressmanagement-display-component---detailAdm--addressDetailDetailsName1\")]"}
RESULT: {"using":"xpath","value":"//span[contains(text(), \"WebdriverYardjjtihg\")][contains(@id ,\"application-addressmanagement-display-component---detailAdm--addressDetailDetailsName1\")]"}
COMMAND: POST /session/e536ec110769180b9f0ebcb5eee5f0b5/element - {"using":"xpath","value":"//span[contains(text(), \"WebdriverYardjjtihg\")][contains(@id ,\"application-addressmanagement-display-component---detailAdm--addressDetailDetailsName1\")]"}
RESULT: undefined
COMMAND: POST /session/e536ec110769180b9f0ebcb5eee5f0b5/element - {"using":"xpath","value":"//*[@id=\"backBtn\"]"}
RESULT: {"using":"xpath","value":"//span[contains(text(), \"WebdriverYardjjtihg\")][contains(@id ,\"application-addressmanagement-display-component---detailAdm--addressDetailDetailsName1\")]"}
RESULT: {"using":"xpath","value":"//*[@id=\"backBtn\"]"}
COMMAND: POST /session/e536ec110769180b9f0ebcb5eee5f0b5/element/f.408B1570E8A847D965033B29CBA075ED.d.36745B921BD60379B637BA44379F37ED.e.3211/click - {}
RESULT: {}
COMMAND: GET /session/e536ec110769180b9f0ebcb5eee5f0b5/screenshot - {}
COMMAND: POST /session/e536ec110769180b9f0ebcb5eee5f0b5/element - {"using":"xpath","value":"//span[contains(text(), \"WebdriverYardjjtihg\")][contains(@id ,\"application-addressmanagement-display-component---detailAdm--addressDetailDetailsName1\")]"}
RESULT: {}
RESULT: {"using":"xpath","value":"//span[contains(text(), \"WebdriverYardjjtihg\")][contains(@id ,\"application-addressmanagement-display-component---detailAdm--addressDetailDetailsName1\")]"}
COMMAND: POST /session/e536ec110769180b9f0ebcb5eee5f0b5/element - {"using":"xpath","value":"//span[contains(text(), \"WebdriverYardjjtihg\")][contains(@id ,\"application-addressmanagement-display-component---detailAdm--addressDetailDetailsName1\")]"}
RESULT: {"using":"xpath","value":"//span[contains(text(), \"WebdriverYardjjtihg\")][contains(@id ,\"application-addressmanagement-display-component---detailAdm--addressDetailDetailsName1\")]"}
COMMAND: POST /session/e536ec110769180b9f0ebcb5eee5f0b5/element - {"using":"xpath","value":"//span[contains(text(), \"WebdriverYardjjtihg\")][contains(@id ,\"application-addressmanagement-display-component---detailAdm--addressDetailDetailsName1\")]"}
RESULT: {"using":"xpath","value":"//span[contains(text(), \"WebdriverYardjjtihg\")][contains(@id ,\"application-addressmanagement-display-component---detailAdm--addressDetailDetailsName1\")]"}
COMMAND: POST /session/e536ec110769180b9f0ebcb5eee5f0b5/element - {"using":"xpath","value":"//span[contains(text(), \"WebdriverYardjjtihg\")][contains(@id ,\"application-addressmanagement-display-component---detailAdm--addressDetailDetailsName1\")]"}
RESULT: {"using":"xpath","value":"//span[contains(text(), \"WebdriverYardjjtihg\")][contains(@id ,\"application-addressmanagement-display-component---detailAdm--addressDetailDetailsName1\")]"}
COMMAND: POST /session/e536ec110769180b9f0ebcb5eee5f0b5/element - {"using":"xpath","value":"//span[contains(text(), \"WebdriverYardjjtihg\")][contains(@id ,\"application-addressmanagement-display-component---detailAdm--addressDetailDetailsName1\")]"}
RESULT: {"using":"xpath","value":"//span[contains(text(), \"WebdriverYardjjtihg\")][contains(@id ,\"application-addressmanagement-display-component---detailAdm--addressDetailDetailsName1\")]"}
COMMAND: POST /session/e536ec110769180b9f0ebcb5eee5f0b5/element - {"using":"xpath","value":"//span[contains(text(), \"WebdriverYardjjtihg\")][contains(@id ,\"application-addressmanagement-display-component---detailAdm--addressDetailDetailsName1\")]"}
RESULT: {"using":"xpath","value":"//span[contains(text(), \"WebdriverYardjjtihg\")][contains(@id ,\"application-addressmanagement-display-component---detailAdm--addressDetailDetailsName1\")]"}
COMMAND: POST /session/e536ec110769180b9f0ebcb5eee5f0b5/element - {"using":"xpath","value":"//span[contains(text(), \"WebdriverYardjjtihg\")][contains(@id ,\"application-addressmanagement-display-component---detailAdm--addressDetailDetailsName1\")]"}
RESULT: {"using":"xpath","value":"//span[contains(text(), \"WebdriverYardjjtihg\")][contains(@id ,\"application-addressmanagement-display-component---detailAdm--addressDetailDetailsName1\")]"}
COMMAND: POST /session/e536ec110769180b9f0ebcb5eee5f0b5/element - {"using":"xpath","value":"//span[contains(text(), \"WebdriverYardjjtihg\")][contains(@id ,\"application-addressmanagement-display-component---detailAdm--addressDetailDetailsName1\")]"}
RESULT: {"using":"xpath","value":"//span[contains(text(), \"WebdriverYardjjtihg\")][contains(@id ,\"application-addressmanagement-display-component---detailAdm--addressDetailDetailsName1\")]"}
COMMAND: POST /session/e536ec110769180b9f0ebcb5eee5f0b5/element - {"using":"xpath","value":"//span[contains(text(), \"WebdriverYardjjtihg\")][contains(@id ,\"application-addressmanagement-display-component---detailAdm--addressDetailDetailsName1\")]"}
RESULT: {"using":"xpath","value":"//span[contains(text(), \"WebdriverYardjjtihg\")][contains(@id ,\"application-addressmanagement-display-component---detailAdm--addressDetailDetailsName1\")]"}
COMMAND: POST /session/e536ec110769180b9f0ebcb5eee5f0b5/element - {"using":"xpath","value":"//span[contains(text(), \"WebdriverYardjjtihg\")][contains(@id ,\"application-addressmanagement-display-component---detailAdm--addressDetailDetailsName1\")]"}
RESULT: {"using":"xpath","value":"//span[contains(text(), \"WebdriverYardjjtihg\")][contains(@id ,\"application-addressmanagement-display-component---detailAdm--addressDetailDetailsName1\")]"}
COMMAND: POST /session/e536ec110769180b9f0ebcb5eee5f0b5/element - {"using":"xpath","value":"//span[contains(text(), \"WebdriverYardjjtihg\")][contains(@id ,\"application-addressmanagement-display-component---detailAdm--addressDetailDetailsName1\")]"}
RESULT: {"using":"xpath","value":"//span[contains(text(), \"WebdriverYardjjtihg\")][contains(@id ,\"application-addressmanagement-display-component---detailAdm--addressDetailDetailsName1\")]"}
COMMAND: POST /session/e536ec110769180b9f0ebcb5eee5f0b5/element - {"using":"xpath","value":"//span[contains(text(), \"WebdriverYardjjtihg\")][contains(@id ,\"application-addressmanagement-display-component---detailAdm--addressDetailDetailsName1\")]"}
RESULT: {"using":"xpath","value":"//span[contains(text(), \"WebdriverYardjjtihg\")][contains(@id ,\"application-addressmanagement-display-component---detailAdm--addressDetailDetailsName1\")]"}
COMMAND: POST /session/e536ec110769180b9f0ebcb5eee5f0b5/element - {"using":"xpath","value":"//span[contains(text(), \"WebdriverYardjjtihg\")][contains(@id ,\"application-addressmanagement-display-component---detailAdm--addressDetailDetailsName1\")]"}
RESULT: {"using":"xpath","value":"//span[contains(text(), \"WebdriverYardjjtihg\")][contains(@id ,\"application-addressmanagement-display-component---detailAdm--addressDetailDetailsName1\")]"}
COMMAND: POST /session/e536ec110769180b9f0ebcb5eee5f0b5/element - {"using":"xpath","value":"//span[contains(text(), \"WebdriverYardjjtihg\")][contains(@id ,\"application-addressmanagement-display-component---detailAdm--addressDetailDetailsName1\")]"}
RESULT: {"using":"xpath","value":"//span[contains(text(), \"WebdriverYardjjtihg\")][contains(@id ,\"application-addressmanagement-display-component---detailAdm--addressDetailDetailsName1\")]"}
COMMAND: POST /session/e536ec110769180b9f0ebcb5eee5f0b5/element - {"using":"xpath","value":"//span[contains(text(), \"WebdriverYardjjtihg\")][contains(@id ,\"application-addressmanagement-display-component---detailAdm--addressDetailDetailsName1\")]"}
RESULT: {"using":"xpath","value":"//span[contains(text(), \"WebdriverYardjjtihg\")][contains(@id ,\"application-addressmanagement-display-component---detailAdm--addressDetailDetailsName1\")]"}
COMMAND: POST /session/e536ec110769180b9f0ebcb5eee5f0b5/element - {"using":"xpath","value":"//span[contains(text(), \"WebdriverYardjjtihg\")][contains(@id ,\"application-addressmanagement-display-component---detailAdm--addressDetailDetailsName1\")]"}
RESULT: {"using":"xpath","value":"//span[contains(text(), \"WebdriverYardjjtihg\")][contains(@id ,\"application-addressmanagement-display-component---detailAdm--addressDetailDetailsName1\")]"}
COMMAND: POST /session/e536ec110769180b9f0ebcb5eee5f0b5/element - {"using":"xpath","value":"//span[contains(text(), \"WebdriverYardjjtihg\")][contains(@id ,\"application-addressmanagement-display-component---detailAdm--addressDetailDetailsName1\")]"}
RESULT: {"using":"xpath","value":"//span[contains(text(), \"WebdriverYardjjtihg\")][contains(@id ,\"application-addressmanagement-display-component---detailAdm--addressDetailDetailsName1\")]"}
COMMAND: POST /session/e536ec110769180b9f0ebcb5eee5f0b5/element - {"using":"xpath","value":"//span[contains(text(), \"WebdriverYardjjtihg\")][contains(@id ,\"application-addressmanagement-display-component---detailAdm--addressDetailDetailsName1\")]"}
RESULT: {"using":"xpath","value":"//span[contains(text(), \"WebdriverYardjjtihg\")][contains(@id ,\"application-addressmanagement-display-component---detailAdm--addressDetailDetailsName1\")]"}
COMMAND: POST /session/e536ec110769180b9f0ebcb5eee5f0b5/element - {"using":"xpath","value":"//span[contains(text(), \"WebdriverYardjjtihg\")][contains(@id ,\"application-addressmanagement-display-component---detailAdm--addressDetailDetailsName1\")]"}
RESULT: {"using":"xpath","value":"//span[contains(text(), \"WebdriverYardjjtihg\")][contains(@id ,\"application-addressmanagement-display-component---detailAdm--addressDetailDetailsName1\")]"}
COMMAND: POST /session/e536ec110769180b9f0ebcb5eee5f0b5/element - {"using":"xpath","value":"//span[contains(text(), \"WebdriverYardjjtihg\")][contains(@id ,\"application-addressmanagement-display-component---detailAdm--addressDetailDetailsName1\")]"}
RESULT: {"using":"xpath","value":"//span[contains(text(), \"WebdriverYardjjtihg\")][contains(@id ,\"application-addressmanagement-display-component---detailAdm--addressDetailDetailsName1\")]"}
COMMAND: POST /session/e536ec110769180b9f0ebcb5eee5f0b5/element - {"using":"xpath","value":"//span[contains(text(), \"WebdriverYardjjtihg\")][contains(@id ,\"application-addressmanagement-display-component---detailAdm--addressDetailDetailsName1\")]"}
RESULT: {"using":"xpath","value":"//span[contains(text(), \"WebdriverYardjjtihg\")][contains(@id ,\"application-addressmanagement-display-component---detailAdm--addressDetailDetailsName1\")]"}
COMMAND: POST /session/e536ec110769180b9f0ebcb5eee5f0b5/element - {"using":"xpath","value":"//span[contains(text(), \"WebdriverYardjjtihg\")][contains(@id ,\"application-addressmanagement-display-component---detailAdm--addressDetailDetailsName1\")]"}
RESULT: {"using":"xpath","value":"//span[contains(text(), \"WebdriverYardjjtihg\")][contains(@id ,\"application-addressmanagement-display-component---detailAdm--addressDetailDetailsName1\")]"}
COMMAND: POST /session/e536ec110769180b9f0ebcb5eee5f0b5/element - {"using":"xpath","value":"//span[contains(text(), \"WebdriverYardjjtihg\")][contains(@id ,\"application-addressmanagement-display-component---detailAdm--addressDetailDetailsName1\")]"}
RESULT: {"using":"xpath","value":"//span[contains(text(), \"WebdriverYardjjtihg\")][contains(@id ,\"application-addressmanagement-display-component---detailAdm--addressDetailDetailsName1\")]"}
COMMAND: POST /session/e536ec110769180b9f0ebcb5eee5f0b5/execute/sync - {"script":"<script> [8489 bytes]","args":[{"element-6066-11e4-a52e-4f735466cecf":"f.408B1570E8A847D965033B29CBA075ED.d.36745B921BD60379B637BA44379F37ED.e.3377","ELEMENT":"f.408B1570E8A847D965033B29CBA075ED.d.36745B921BD60379B637BA44379F37ED.e.3377"}]}
COMMAND: POST /session/e536ec110769180b9f0ebcb5eee5f0b5/element - {"using":"xpath","value":"//span[contains(text(), \"WebdriverYardjjtihg\")][contains(@id ,\"application-addressmanagement-display-component---detailAdm--addressDetailDetailsName1\")]"}
COMMAND: POST /session/e536ec110769180b9f0ebcb5eee5f0b5/element - {"using":"xpath","value":"//*[contains(@data-kt ,\"webshopDetailYardLink\")]"}
RESULT: {"using":"xpath","value":"//span[contains(text(), \"WebdriverYardjjtihg\")][contains(@id ,\"application-addressmanagement-display-component---detailAdm--addressDetailDetailsName1\")]"}
RESULT: {"using":"xpath","value":"//*[contains(@data-kt ,\"webshopDetailYardLink\")]"}
COMMAND: POST /session/e536ec110769180b9f0ebcb5eee5f0b5/execute/sync - {"script":"<script> [8489 bytes]","args":[{"element-6066-11e4-a52e-4f735466cecf":"f.408B1570E8A847D965033B29CBA075ED.d.36745B921BD60379B637BA44379F37ED.e.3729","ELEMENT":"f.408B1570E8A847D965033B29CBA075ED.d.36745B921BD60379B637BA44379F37ED.e.3729"}]}
RESULT: {"script":"<script> [8489 bytes]","args":[{"element-6066-11e4-a52e-4f735466cecf":"f.408B1570E8A847D965033B29CBA075ED.d.36745B921BD60379B637BA44379F37ED.e.3729","ELEMENT":"f.408B1570E8A847D965033B29CBA075ED.d.36745B921BD60379B637BA44379F37ED.e.3729"}]}
COMMAND: POST /session/e536ec110769180b9f0ebcb5eee5f0b5/execute/sync - {"script":"<script> [5351 bytes]","args":[{"element-6066-11e4-a52e-4f735466cecf":"f.408B1570E8A847D965033B29CBA075ED.d.36745B921BD60379B637BA44379F37ED.e.3729","ELEMENT":"f.408B1570E8A847D965033B29CBA075ED.d.36745B921BD60379B637BA44379F37ED.e.3729"}]}
COMMAND: GET /session/e536ec110769180b9f0ebcb5eee5f0b5/screenshot - {}
RESULT: {"script":"<script> [5351 bytes]","args":[{"element-6066-11e4-a52e-4f735466cecf":"f.408B1570E8A847D965033B29CBA075ED.d.36745B921BD60379B637BA44379F37ED.e.3729","ELEMENT":"f.408B1570E8A847D965033B29CBA075ED.d.36745B921BD60379B637BA44379F37ED.e.3729"}]}
COMMAND: POST /session/e536ec110769180b9f0ebcb5eee5f0b5/element - {"using":"xpath","value":"//*[contains(@data-kt ,\"webshopDetailYardLink\")]"}
COMMAND: GET /session/e536ec110769180b9f0ebcb5eee5f0b5/screenshot - {}
RESULT: {}
RESULT: {"using":"xpath","value":"//*[contains(@data-kt ,\"webshopDetailYardLink\")]"}
COMMAND: POST /session/e536ec110769180b9f0ebcb5eee5f0b5/element/f.408B1570E8A847D965033B29CBA075ED.d.36745B921BD60379B637BA44379F37ED.e.3729/click - {}
RESULT: {}
COMMAND: POST /session/e536ec110769180b9f0ebcb5eee5f0b5/element - {"using":"xpath","value":"//span[contains(text(), \"WebdriverYardjjtihg\")][contains(@id ,\"application-addressmanagement-display-component---detailAdm--addressDetailDetailsName1\")]"}
RESULT: {}
COMMAND: GET /session/e536ec110769180b9f0ebcb5eee5f0b5/screenshot - {}
RESULT: {"using":"xpath","value":"//span[contains(text(), \"WebdriverYardjjtihg\")][contains(@id ,\"application-addressmanagement-display-component---detailAdm--addressDetailDetailsName1\")]"}
RESULT: {}
COMMAND: POST /session/e536ec110769180b9f0ebcb5eee5f0b5/element - {"using":"xpath","value":"//span[contains(text(), \"WebdriverYardjjtihg\")][contains(@id ,\"application-addressmanagement-display-component---detailAdm--addressDetailDetailsName1\")]"}
RESULT: {"using":"xpath","value":"//span[contains(text(), \"WebdriverYardjjtihg\")][contains(@id ,\"application-addressmanagement-display-component---detailAdm--addressDetailDetailsName1\")]"}
COMMAND: POST /session/e536ec110769180b9f0ebcb5eee5f0b5/element - {"using":"xpath","value":"//span[contains(text(), \"WebdriverYardjjtihg\")][contains(@id ,\"application-addressmanagement-display-component---detailAdm--addressDetailDetailsName1\")]"}
RESULT: {"using":"xpath","value":"//span[contains(text(), \"WebdriverYardjjtihg\")][contains(@id ,\"application-addressmanagement-display-component---detailAdm--addressDetailDetailsName1\")]"}
COMMAND: POST /session/e536ec110769180b9f0ebcb5eee5f0b5/element - {"using":"xpath","value":"//span[contains(text(), \"WebdriverYardjjtihg\")][contains(@id ,\"application-addressmanagement-display-component---detailAdm--addressDetailDetailsName1\")]"}
COMMAND: POST /session/e536ec110769180b9f0ebcb5eee5f0b5/element - {"using":"xpath","value":"//button[contains(@data-kt ,\"ContextMenuExternalId2Link\")]"}
RESULT: {"using":"xpath","value":"//span[contains(text(), \"WebdriverYardjjtihg\")][contains(@id ,\"application-addressmanagement-display-component---detailAdm--addressDetailDetailsName1\")]"}
RESULT: {"using":"xpath","value":"//button[contains(@data-kt ,\"ContextMenuExternalId2Link\")]"}
COMMAND: POST /session/e536ec110769180b9f0ebcb5eee5f0b5/element/f.408B1570E8A847D965033B29CBA075ED.d.36745B921BD60379B637BA44379F37ED.e.3730/click - {}
RESULT: {}
COMMAND: GET /session/e536ec110769180b9f0ebcb5eee5f0b5/screenshot - {}
COMMAND: POST /session/e536ec110769180b9f0ebcb5eee5f0b5/element - {"using":"xpath","value":"//span[contains(text(), \"WebdriverYardjjtihg\")][contains(@id ,\"application-addressmanagement-display-component---detailAdm--addressDetailDetailsName1\")]"}
RESULT: {}
RESULT: {"using":"xpath","value":"//span[contains(text(), \"WebdriverYardjjtihg\")][contains(@id ,\"application-addressmanagement-display-component---detailAdm--addressDetailDetailsName1\")]"}
COMMAND: POST /session/e536ec110769180b9f0ebcb5eee5f0b5/element - {"using":"xpath","value":"//span[contains(text(), \"WebdriverYardjjtihg\")][contains(@id ,\"application-addressmanagement-display-component---detailAdm--addressDetailDetailsName1\")]"}
RESULT: {"using":"xpath","value":"//span[contains(text(), \"WebdriverYardjjtihg\")][contains(@id ,\"application-addressmanagement-display-component---detailAdm--addressDetailDetailsName1\")]"}
COMMAND: POST /session/e536ec110769180b9f0ebcb5eee5f0b5/element - {"using":"xpath","value":"//span[contains(text(), \"WebdriverYardjjtihg\")][contains(@id ,\"application-addressmanagement-display-component---detailAdm--addressDetailDetailsName1\")]"}
RESULT: {"using":"xpath","value":"//span[contains(text(), \"WebdriverYardjjtihg\")][contains(@id ,\"application-addressmanagement-display-component---detailAdm--addressDetailDetailsName1\")]"}
COMMAND: POST /session/e536ec110769180b9f0ebcb5eee5f0b5/element - {"using":"xpath","value":"//span[contains(text(), \"WebdriverYardjjtihg\")][contains(@id ,\"application-addressmanagement-display-component---detailAdm--addressDetailDetailsName1\")]"}
RESULT: {"using":"xpath","value":"//span[contains(text(), \"WebdriverYardjjtihg\")][contains(@id ,\"application-addressmanagement-display-component---detailAdm--addressDetailDetailsName1\")]"}
COMMAND: POST /session/e536ec110769180b9f0ebcb5eee5f0b5/element - {"using":"xpath","value":"//span[contains(text(), \"WebdriverYardjjtihg\")][contains(@id ,\"application-addressmanagement-display-component---detailAdm--addressDetailDetailsName1\")]"}
RESULT: {"using":"xpath","value":"//span[contains(text(), \"WebdriverYardjjtihg\")][contains(@id ,\"application-addressmanagement-display-component---detailAdm--addressDetailDetailsName1\")]"}
COMMAND: POST /session/e536ec110769180b9f0ebcb5eee5f0b5/element - {"using":"xpath","value":"//span[contains(text(), \"WebdriverYardjjtihg\")][contains(@id ,\"application-addressmanagement-display-component---detailAdm--addressDetailDetailsName1\")]"}
RESULT: {"using":"xpath","value":"//span[contains(text(), \"WebdriverYardjjtihg\")][contains(@id ,\"application-addressmanagement-display-component---detailAdm--addressDetailDetailsName1\")]"}
COMMAND: POST /session/e536ec110769180b9f0ebcb5eee5f0b5/element - {"using":"xpath","value":"//span[contains(text(), \"WebdriverYardjjtihg\")][contains(@id ,\"application-addressmanagement-display-component---detailAdm--addressDetailDetailsName1\")]"}
RESULT: {"using":"xpath","value":"//span[contains(text(), \"WebdriverYardjjtihg\")][contains(@id ,\"application-addressmanagement-display-component---detailAdm--addressDetailDetailsName1\")]"}
COMMAND: POST /session/e536ec110769180b9f0ebcb5eee5f0b5/element - {"using":"xpath","value":"//span[contains(text(), \"WebdriverYardjjtihg\")][contains(@id ,\"application-addressmanagement-display-component---detailAdm--addressDetailDetailsName1\")]"}
RESULT: {"using":"xpath","value":"//span[contains(text(), \"WebdriverYardjjtihg\")][contains(@id ,\"application-addressmanagement-display-component---detailAdm--addressDetailDetailsName1\")]"}
COMMAND: POST /session/e536ec110769180b9f0ebcb5eee5f0b5/element - {"using":"xpath","value":"//span[contains(text(), \"WebdriverYardjjtihg\")][contains(@id ,\"application-addressmanagement-display-component---detailAdm--addressDetailDetailsName1\")]"}
RESULT: {"using":"xpath","value":"//span[contains(text(), \"WebdriverYardjjtihg\")][contains(@id ,\"application-addressmanagement-display-component---detailAdm--addressDetailDetailsName1\")]"}
COMMAND: POST /session/e536ec110769180b9f0ebcb5eee5f0b5/element - {"using":"xpath","value":"//span[contains(text(), \"WebdriverYardjjtihg\")][contains(@id ,\"application-addressmanagement-display-component---detailAdm--addressDetailDetailsName1\")]"}
RESULT: {"using":"xpath","value":"//span[contains(text(), \"WebdriverYardjjtihg\")][contains(@id ,\"application-addressmanagement-display-component---detailAdm--addressDetailDetailsName1\")]"}
COMMAND: POST /session/e536ec110769180b9f0ebcb5eee5f0b5/element - {"using":"xpath","value":"//span[contains(text(), \"WebdriverYardjjtihg\")][contains(@id ,\"application-addressmanagement-display-component---detailAdm--addressDetailDetailsName1\")]"}
RESULT: {"using":"xpath","value":"//span[contains(text(), \"WebdriverYardjjtihg\")][contains(@id ,\"application-addressmanagement-display-component---detailAdm--addressDetailDetailsName1\")]"}
COMMAND: POST /session/e536ec110769180b9f0ebcb5eee5f0b5/element - {"using":"xpath","value":"//span[contains(text(), \"WebdriverYardjjtihg\")][contains(@id ,\"application-addressmanagement-display-component---detailAdm--addressDetailDetailsName1\")]"}
RESULT: {"using":"xpath","value":"//span[contains(text(), \"WebdriverYardjjtihg\")][contains(@id ,\"application-addressmanagement-display-component---detailAdm--addressDetailDetailsName1\")]"}
COMMAND: POST /session/e536ec110769180b9f0ebcb5eee5f0b5/element - {"using":"xpath","value":"//span[contains(text(), \"WebdriverYardjjtihg\")][contains(@id ,\"application-addressmanagement-display-component---detailAdm--addressDetailDetailsName1\")]"}
RESULT: {"using":"xpath","value":"//span[contains(text(), \"WebdriverYardjjtihg\")][contains(@id ,\"application-addressmanagement-display-component---detailAdm--addressDetailDetailsName1\")]"}
COMMAND: GET /session/e536ec110769180b9f0ebcb5eee5f0b5/window/handles - {}
RESULT: {}
COMMAND: POST /session/e536ec110769180b9f0ebcb5eee5f0b5/window - {"handle":"060623E07F4256C32AA722B333CB2643"}
RESULT: {"handle":"060623E07F4256C32AA722B333CB2643"}
COMMAND: GET /session/e536ec110769180b9f0ebcb5eee5f0b5/url - {}
COMMAND: POST /session/e536ec110769180b9f0ebcb5eee5f0b5/element - {"using":"xpath","value":"//span[contains(text(), \"WebdriverYardjjtihg\")][contains(@id ,\"application-addressmanagement-display-component---detailAdm--addressDetailDetailsName1\")]"}
RESULT: {}
COMMAND: GET /session/e536ec110769180b9f0ebcb5eee5f0b5/screenshot - {}
RESULT: {"using":"xpath","value":"//span[contains(text(), \"WebdriverYardjjtihg\")][contains(@id ,\"application-addressmanagement-display-component---detailAdm--addressDetailDetailsName1\")]"}
RESULT: {}
COMMAND: POST /session/e536ec110769180b9f0ebcb5eee5f0b5/element - {"using":"xpath","value":"//span[contains(text(), \"WebdriverYardjjtihg\")][contains(@id ,\"application-addressmanagement-display-component---detailAdm--addressDetailDetailsName1\")]"}
RESULT: {"using":"xpath","value":"//span[contains(text(), \"WebdriverYardjjtihg\")][contains(@id ,\"application-addressmanagement-display-component---detailAdm--addressDetailDetailsName1\")]"}
COMMAND: POST /session/e536ec110769180b9f0ebcb5eee5f0b5/element - {"using":"xpath","value":"//span[contains(text(), \"WebdriverYardjjtihg\")][contains(@id ,\"application-addressmanagement-display-component---detailAdm--addressDetailDetailsName1\")]"}
RESULT: {"using":"xpath","value":"//span[contains(text(), \"WebdriverYardjjtihg\")][contains(@id ,\"application-addressmanagement-display-component---detailAdm--addressDetailDetailsName1\")]"}
COMMAND: POST /session/e536ec110769180b9f0ebcb5eee5f0b5/element - {"using":"xpath","value":"//span[contains(text(), \"WebdriverYardjjtihg\")][contains(@id ,\"application-addressmanagement-display-component---detailAdm--addressDetailDetailsName1\")]"}
RESULT: {"using":"xpath","value":"//span[contains(text(), \"WebdriverYardjjtihg\")][contains(@id ,\"application-addressmanagement-display-component---detailAdm--addressDetailDetailsName1\")]"}
COMMAND: POST /session/e536ec110769180b9f0ebcb5eee5f0b5/element - {"using":"xpath","value":"//span[contains(text(), \"WebdriverYardjjtihg\")][contains(@id ,\"application-addressmanagement-display-component---detailAdm--addressDetailDetailsName1\")]"}
RESULT: {"using":"xpath","value":"//span[contains(text(), \"WebdriverYardjjtihg\")][contains(@id ,\"application-addressmanagement-display-component---detailAdm--addressDetailDetailsName1\")]"}
COMMAND: POST /session/e536ec110769180b9f0ebcb5eee5f0b5/element - {"using":"xpath","value":"//span[contains(text(), \"WebdriverYardjjtihg\")][contains(@id ,\"application-addressmanagement-display-component---detailAdm--addressDetailDetailsName1\")]"}
RESULT: {"using":"xpath","value":"//span[contains(text(), \"WebdriverYardjjtihg\")][contains(@id ,\"application-addressmanagement-display-component---detailAdm--addressDetailDetailsName1\")]"}
COMMAND: POST /session/e536ec110769180b9f0ebcb5eee5f0b5/element - {"using":"xpath","value":"//span[contains(text(), \"WebdriverYardjjtihg\")][contains(@id ,\"application-addressmanagement-display-component---detailAdm--addressDetailDetailsName1\")]"}
RESULT: {"using":"xpath","value":"//span[contains(text(), \"WebdriverYardjjtihg\")][contains(@id ,\"application-addressmanagement-display-component---detailAdm--addressDetailDetailsName1\")]"}
COMMAND: POST /session/e536ec110769180b9f0ebcb5eee5f0b5/element - {"using":"xpath","value":"//span[contains(text(), \"WebdriverYardjjtihg\")][contains(@id ,\"application-addressmanagement-display-component---detailAdm--addressDetailDetailsName1\")]"}
RESULT: {"using":"xpath","value":"//span[contains(text(), \"WebdriverYardjjtihg\")][contains(@id ,\"application-addressmanagement-display-component---detailAdm--addressDetailDetailsName1\")]"}
COMMAND: POST /session/e536ec110769180b9f0ebcb5eee5f0b5/element - {"using":"xpath","value":"//span[contains(text(), \"WebdriverYardjjtihg\")][contains(@id ,\"application-addressmanagement-display-component---detailAdm--addressDetailDetailsName1\")]"}
RESULT: {"using":"xpath","value":"//span[contains(text(), \"WebdriverYardjjtihg\")][contains(@id ,\"application-addressmanagement-display-component---detailAdm--addressDetailDetailsName1\")]"}
COMMAND: POST /session/e536ec110769180b9f0ebcb5eee5f0b5/element - {"using":"xpath","value":"//span[contains(text(), \"WebdriverYardjjtihg\")][contains(@id ,\"application-addressmanagement-display-component---detailAdm--addressDetailDetailsName1\")]"}
RESULT: {"using":"xpath","value":"//span[contains(text(), \"WebdriverYardjjtihg\")][contains(@id ,\"application-addressmanagement-display-component---detailAdm--addressDetailDetailsName1\")]"}
COMMAND: POST /session/e536ec110769180b9f0ebcb5eee5f0b5/element - {"using":"xpath","value":"//span[contains(text(), \"WebdriverYardjjtihg\")][contains(@id ,\"application-addressmanagement-display-component---detailAdm--addressDetailDetailsName1\")]"}
RESULT: {"using":"xpath","value":"//span[contains(text(), \"WebdriverYardjjtihg\")][contains(@id ,\"application-addressmanagement-display-component---detailAdm--addressDetailDetailsName1\")]"}
COMMAND: POST /session/e536ec110769180b9f0ebcb5eee5f0b5/element - {"using":"xpath","value":"//span[contains(text(), \"WebdriverYardjjtihg\")][contains(@id ,\"application-addressmanagement-display-component---detailAdm--addressDetailDetailsName1\")]"}
RESULT: {"using":"xpath","value":"//span[contains(text(), \"WebdriverYardjjtihg\")][contains(@id ,\"application-addressmanagement-display-component---detailAdm--addressDetailDetailsName1\")]"}
COMMAND: POST /session/e536ec110769180b9f0ebcb5eee5f0b5/element - {"using":"xpath","value":"//span[contains(text(), \"WebdriverYardjjtihg\")][contains(@id ,\"application-addressmanagement-display-component---detailAdm--addressDetailDetailsName1\")]"}
RESULT: {"using":"xpath","value":"//span[contains(text(), \"WebdriverYardjjtihg\")][contains(@id ,\"application-addressmanagement-display-component---detailAdm--addressDetailDetailsName1\")]"}
COMMAND: POST /session/e536ec110769180b9f0ebcb5eee5f0b5/element - {"using":"xpath","value":"//span[contains(text(), \"WebdriverYardjjtihg\")][contains(@id ,\"application-addressmanagement-display-component---detailAdm--addressDetailDetailsName1\")]"}
RESULT: {"using":"xpath","value":"//span[contains(text(), \"WebdriverYardjjtihg\")][contains(@id ,\"application-addressmanagement-display-component---detailAdm--addressDetailDetailsName1\")]"}
COMMAND: POST /session/e536ec110769180b9f0ebcb5eee5f0b5/execute/sync - {"script":"<script> [8489 bytes]","args":[{"element-6066-11e4-a52e-4f735466cecf":"f.408B1570E8A847D965033B29CBA075ED.d.36745B921BD60379B637BA44379F37ED.e.3379","ELEMENT":"f.408B1570E8A847D965033B29CBA075ED.d.36745B921BD60379B637BA44379F37ED.e.3379"}]}
COMMAND: DELETE /session/e536ec110769180b9f0ebcb5eee5f0b5/window - {}
RESULT: {}
COMMAND: POST /session/e536ec110769180b9f0ebcb5eee5f0b5/window - {"handle":"408B1570E8A847D965033B29CBA075ED"}
RESULT: {"handle":"408B1570E8A847D965033B29CBA075ED"}
COMMAND: GET /session/e536ec110769180b9f0ebcb5eee5f0b5/url - {}
COMMAND: POST /session/e536ec110769180b9f0ebcb5eee5f0b5/element - {"using":"xpath","value":"//span[contains(@id ,\"title\")][contains(text(), \"WebdriverYard0su75\")]"}
RESULT: {}
COMMAND: GET /session/e536ec110769180b9f0ebcb5eee5f0b5/screenshot - {}
COMMAND: POST /session/e536ec110769180b9f0ebcb5eee5f0b5/element - {"using":"xpath","value":"//span[contains(text(), \"WebdriverYardjjtihg\")][contains(@id ,\"application-addressmanagement-display-component---detailAdm--addressDetailDetailsName1\")]"}
RESULT: {"using":"xpath","value":"//span[contains(@id ,\"title\")][contains(text(), \"WebdriverYard0su75\")]"}
COMMAND: POST /session/e536ec110769180b9f0ebcb5eee5f0b5/execute/sync - {"script":"<script> [8489 bytes]","args":[{"element-6066-11e4-a52e-4f735466cecf":"f.408B1570E8A847D965033B29CBA075ED.d.36745B921BD60379B637BA44379F37ED.e.3760","ELEMENT":"f.408B1570E8A847D965033B29CBA075ED.d.36745B921BD60379B637BA44379F37ED.e.3760"}]}
RESULT: {}
RESULT: {"using":"xpath","value":"//span[contains(text(), \"WebdriverYardjjtihg\")][contains(@id ,\"application-addressmanagement-display-component---detailAdm--addressDetailDetailsName1\")]"}
RESULT: {"script":"<script> [8489 bytes]","args":[{"element-6066-11e4-a52e-4f735466cecf":"f.408B1570E8A847D965033B29CBA075ED.d.36745B921BD60379B637BA44379F37ED.e.3760","ELEMENT":"f.408B1570E8A847D965033B29CBA075ED.d.36745B921BD60379B637BA44379F37ED.e.3760"}]}
COMMAND: GET /session/e536ec110769180b9f0ebcb5eee5f0b5/screenshot - {}
RESULT: {}
COMMAND: POST /session/e536ec110769180b9f0ebcb5eee5f0b5/element - {"using":"xpath","value":"//span[contains(text(), \"WebdriverYardjjtihg\")][contains(@id ,\"application-addressmanagement-display-component---detailAdm--addressDetailDetailsName1\")]"}
RESULT: {"using":"xpath","value":"//span[contains(text(), \"WebdriverYardjjtihg\")][contains(@id ,\"application-addressmanagement-display-component---detailAdm--addressDetailDetailsName1\")]"}
COMMAND: POST /session/e536ec110769180b9f0ebcb5eee5f0b5/element - {"using":"xpath","value":"//span[contains(text(), \"WebdriverYardjjtihg\")][contains(@id ,\"application-addressmanagement-display-component---detailAdm--addressDetailDetailsName1\")]"}
RESULT: {"using":"xpath","value":"//span[contains(text(), \"WebdriverYardjjtihg\")][contains(@id ,\"application-addressmanagement-display-component---detailAdm--addressDetailDetailsName1\")]"}
COMMAND: POST /session/e536ec110769180b9f0ebcb5eee5f0b5/element - {"using":"xpath","value":"//span[contains(text(), \"WebdriverYardjjtihg\")][contains(@id ,\"application-addressmanagement-display-component---detailAdm--addressDetailDetailsName1\")]"}
RESULT: {"using":"xpath","value":"//span[contains(text(), \"WebdriverYardjjtihg\")][contains(@id ,\"application-addressmanagement-display-component---detailAdm--addressDetailDetailsName1\")]"}
COMMAND: POST /session/e536ec110769180b9f0ebcb5eee5f0b5/element - {"using":"xpath","value":"//span[contains(text(), \"WebdriverYardjjtihg\")][contains(@id ,\"application-addressmanagement-display-component---detailAdm--addressDetailDetailsName1\")]"}
RESULT: {"using":"xpath","value":"//span[contains(text(), \"WebdriverYardjjtihg\")][contains(@id ,\"application-addressmanagement-display-component---detailAdm--addressDetailDetailsName1\")]"}
COMMAND: POST /session/e536ec110769180b9f0ebcb5eee5f0b5/element - {"using":"xpath","value":"//span[contains(text(), \"WebdriverYardjjtihg\")][contains(@id ,\"application-addressmanagement-display-component---detailAdm--addressDetailDetailsName1\")]"}
RESULT: {"using":"xpath","value":"//span[contains(text(), \"WebdriverYardjjtihg\")][contains(@id ,\"application-addressmanagement-display-component---detailAdm--addressDetailDetailsName1\")]"}
COMMAND: POST /session/e536ec110769180b9f0ebcb5eee5f0b5/element - {"using":"xpath","value":"//span[contains(text(), \"WebdriverYardjjtihg\")][contains(@id ,\"application-addressmanagement-display-component---detailAdm--addressDetailDetailsName1\")]"}
RESULT: {"using":"xpath","value":"//span[contains(text(), \"WebdriverYardjjtihg\")][contains(@id ,\"application-addressmanagement-display-component---detailAdm--addressDetailDetailsName1\")]"}
COMMAND: POST /session/e536ec110769180b9f0ebcb5eee5f0b5/element - {"using":"xpath","value":"//span[contains(text(), \"WebdriverYardjjtihg\")][contains(@id ,\"application-addressmanagement-display-component---detailAdm--addressDetailDetailsName1\")]"}
RESULT: {"using":"xpath","value":"//span[contains(text(), \"WebdriverYardjjtihg\")][contains(@id ,\"application-addressmanagement-display-component---detailAdm--addressDetailDetailsName1\")]"}
COMMAND: POST /session/e536ec110769180b9f0ebcb5eee5f0b5/element - {"using":"xpath","value":"//span[contains(text(), \"WebdriverYardjjtihg\")][contains(@id ,\"application-addressmanagement-display-component---detailAdm--addressDetailDetailsName1\")]"}
RESULT: {"using":"xpath","value":"//span[contains(text(), \"WebdriverYardjjtihg\")][contains(@id ,\"application-addressmanagement-display-component---detailAdm--addressDetailDetailsName1\")]"}
COMMAND: POST /session/e536ec110769180b9f0ebcb5eee5f0b5/element - {"using":"xpath","value":"//button[contains(@data-kt ,\"ContextMenuExternalId3Link\")]"}
RESULT: {"using":"xpath","value":"//button[contains(@data-kt ,\"ContextMenuExternalId3Link\")]"}
COMMAND: POST /session/e536ec110769180b9f0ebcb5eee5f0b5/element/f.408B1570E8A847D965033B29CBA075ED.d.36745B921BD60379B637BA44379F37ED.e.3761/click - {}
COMMAND: POST /session/e536ec110769180b9f0ebcb5eee5f0b5/element - {"using":"xpath","value":"//span[contains(text(), \"WebdriverYardjjtihg\")][contains(@id ,\"application-addressmanagement-display-component---detailAdm--addressDetailDetailsName1\")]"}
RESULT: {}
COMMAND: GET /session/e536ec110769180b9f0ebcb5eee5f0b5/screenshot - {}
RESULT: {"using":"xpath","value":"//span[contains(text(), \"WebdriverYardjjtihg\")][contains(@id ,\"application-addressmanagement-display-component---detailAdm--addressDetailDetailsName1\")]"}
COMMAND: POST /session/e536ec110769180b9f0ebcb5eee5f0b5/element - {"using":"xpath","value":"//span[contains(text(), \"WebdriverYardjjtihg\")][contains(@id ,\"application-addressmanagement-display-component---detailAdm--addressDetailDetailsName1\")]"}
RESULT: {}
RESULT: {"using":"xpath","value":"//span[contains(text(), \"WebdriverYardjjtihg\")][contains(@id ,\"application-addressmanagement-display-component---detailAdm--addressDetailDetailsName1\")]"}
COMMAND: POST /session/e536ec110769180b9f0ebcb5eee5f0b5/element - {"using":"xpath","value":"//span[contains(text(), \"WebdriverYardjjtihg\")][contains(@id ,\"application-addressmanagement-display-component---detailAdm--addressDetailDetailsName1\")]"}
RESULT: {"using":"xpath","value":"//span[contains(text(), \"WebdriverYardjjtihg\")][contains(@id ,\"application-addressmanagement-display-component---detailAdm--addressDetailDetailsName1\")]"}
COMMAND: POST /session/e536ec110769180b9f0ebcb5eee5f0b5/element - {"using":"xpath","value":"//span[contains(text(), \"WebdriverYardjjtihg\")][contains(@id ,\"application-addressmanagement-display-component---detailAdm--addressDetailDetailsName1\")]"}
RESULT: {"using":"xpath","value":"//span[contains(text(), \"WebdriverYardjjtihg\")][contains(@id ,\"application-addressmanagement-display-component---detailAdm--addressDetailDetailsName1\")]"}
COMMAND: GET /session/e536ec110769180b9f0ebcb5eee5f0b5/window/handles - {}
RESULT: {}
COMMAND: POST /session/e536ec110769180b9f0ebcb5eee5f0b5/window - {"handle":"E77887363B33D21F846F5EE88EF9ED44"}
RESULT: {"handle":"E77887363B33D21F846F5EE88EF9ED44"}
COMMAND: GET /session/e536ec110769180b9f0ebcb5eee5f0b5/url - {}
RESULT: {}
COMMAND: GET /session/e536ec110769180b9f0ebcb5eee5f0b5/screenshot - {}
RESULT: {}
COMMAND: POST /session/e536ec110769180b9f0ebcb5eee5f0b5/element - {"using":"xpath","value":"//span[contains(text(), \"WebdriverYardjjtihg\")][contains(@id ,\"application-addressmanagement-display-component---detailAdm--addressDetailDetailsName1\")]"}
COMMAND: DELETE /session/e536ec110769180b9f0ebcb5eee5f0b5/window - {}
RESULT: {}
COMMAND: POST /session/e536ec110769180b9f0ebcb5eee5f0b5/window - {"handle":"408B1570E8A847D965033B29CBA075ED"}
RESULT: {"handle":"408B1570E8A847D965033B29CBA075ED"}
COMMAND: GET /session/e536ec110769180b9f0ebcb5eee5f0b5/url - {}
RESULT: {"using":"xpath","value":"//span[contains(text(), \"WebdriverYardjjtihg\")][contains(@id ,\"application-addressmanagement-display-component---detailAdm--addressDetailDetailsName1\")]"}
RESULT: {}
COMMAND: GET /session/e536ec110769180b9f0ebcb5eee5f0b5/screenshot - {}
RESULT: {}
COMMAND: POST /session/e536ec110769180b9f0ebcb5eee5f0b5/element - {"using":"xpath","value":"//span[contains(text(), \"WebdriverYardjjtihg\")][contains(@id ,\"application-addressmanagement-display-component---detailAdm--addressDetailDetailsName1\")]"}
RESULT: {"using":"xpath","value":"//span[contains(text(), \"WebdriverYardjjtihg\")][contains(@id ,\"application-addressmanagement-display-component---detailAdm--addressDetailDetailsName1\")]"}
COMMAND: POST /session/e536ec110769180b9f0ebcb5eee5f0b5/element - {"using":"xpath","value":"//span[contains(text(), \"WebdriverYardjjtihg\")][contains(@id ,\"application-addressmanagement-display-component---detailAdm--addressDetailDetailsName1\")]"}
RESULT: {"using":"xpath","value":"//span[contains(text(), \"WebdriverYardjjtihg\")][contains(@id ,\"application-addressmanagement-display-component---detailAdm--addressDetailDetailsName1\")]"}
COMMAND: POST /session/e536ec110769180b9f0ebcb5eee5f0b5/element - {"using":"xpath","value":"//span[contains(text(), \"WebdriverYardjjtihg\")][contains(@id ,\"application-addressmanagement-display-component---detailAdm--addressDetailDetailsName1\")]"}
RESULT: {"using":"xpath","value":"//span[contains(text(), \"WebdriverYardjjtihg\")][contains(@id ,\"application-addressmanagement-display-component---detailAdm--addressDetailDetailsName1\")]"}
COMMAND: POST /session/e536ec110769180b9f0ebcb5eee5f0b5/element - {"using":"xpath","value":"//span[contains(text(), \"WebdriverYardjjtihg\")][contains(@id ,\"application-addressmanagement-display-component---detailAdm--addressDetailDetailsName1\")]"}
RESULT: {"using":"xpath","value":"//span[contains(text(), \"WebdriverYardjjtihg\")][contains(@id ,\"application-addressmanagement-display-component---detailAdm--addressDetailDetailsName1\")]"}
COMMAND: POST /session/e536ec110769180b9f0ebcb5eee5f0b5/element - {"using":"xpath","value":"//span[contains(text(), \"WebdriverYardjjtihg\")][contains(@id ,\"application-addressmanagement-display-component---detailAdm--addressDetailDetailsName1\")]"}
RESULT: {"using":"xpath","value":"//span[contains(text(), \"WebdriverYardjjtihg\")][contains(@id ,\"application-addressmanagement-display-component---detailAdm--addressDetailDetailsName1\")]"}
COMMAND: POST /session/e536ec110769180b9f0ebcb5eee5f0b5/element - {"using":"xpath","value":"//span[contains(text(), \"WebdriverYardjjtihg\")][contains(@id ,\"application-addressmanagement-display-component---detailAdm--addressDetailDetailsName1\")]"}
RESULT: {"using":"xpath","value":"//span[contains(text(), \"WebdriverYardjjtihg\")][contains(@id ,\"application-addressmanagement-display-component---detailAdm--addressDetailDetailsName1\")]"}
COMMAND: POST /session/e536ec110769180b9f0ebcb5eee5f0b5/element - {"using":"xpath","value":"//span[contains(text(), \"WebdriverYardjjtihg\")][contains(@id ,\"application-addressmanagement-display-component---detailAdm--addressDetailDetailsName1\")]"}
RESULT: {"using":"xpath","value":"//span[contains(text(), \"WebdriverYardjjtihg\")][contains(@id ,\"application-addressmanagement-display-component---detailAdm--addressDetailDetailsName1\")]"}
COMMAND: POST /session/e536ec110769180b9f0ebcb5eee5f0b5/element - {"using":"xpath","value":"//span[contains(text(), \"WebdriverYardjjtihg\")][contains(@id ,\"application-addressmanagement-display-component---detailAdm--addressDetailDetailsName1\")]"}
RESULT: {"using":"xpath","value":"//span[contains(text(), \"WebdriverYardjjtihg\")][contains(@id ,\"application-addressmanagement-display-component---detailAdm--addressDetailDetailsName1\")]"}
COMMAND: POST /session/e536ec110769180b9f0ebcb5eee5f0b5/element - {"using":"xpath","value":"//*[contains(@data-kt ,\"webshopDetailSiteLink\")]"}
RESULT: {"using":"xpath","value":"//*[contains(@data-kt ,\"webshopDetailSiteLink\")]"}
COMMAND: POST /session/e536ec110769180b9f0ebcb5eee5f0b5/execute/sync - {"script":"<script> [8489 bytes]","args":[{"element-6066-11e4-a52e-4f735466cecf":"f.408B1570E8A847D965033B29CBA075ED.d.36745B921BD60379B637BA44379F37ED.e.3911","ELEMENT":"f.408B1570E8A847D965033B29CBA075ED.d.36745B921BD60379B637BA44379F37ED.e.3911"}]}
RESULT: {"script":"<script> [8489 bytes]","args":[{"element-6066-11e4-a52e-4f735466cecf":"f.408B1570E8A847D965033B29CBA075ED.d.36745B921BD60379B637BA44379F37ED.e.3911","ELEMENT":"f.408B1570E8A847D965033B29CBA075ED.d.36745B921BD60379B637BA44379F37ED.e.3911"}]}
COMMAND: POST /session/e536ec110769180b9f0ebcb5eee5f0b5/execute/sync - {"script":"<script> [5351 bytes]","args":[{"element-6066-11e4-a52e-4f735466cecf":"f.408B1570E8A847D965033B29CBA075ED.d.36745B921BD60379B637BA44379F37ED.e.3911","ELEMENT":"f.408B1570E8A847D965033B29CBA075ED.d.36745B921BD60379B637BA44379F37ED.e.3911"}]}
COMMAND: GET /session/e536ec110769180b9f0ebcb5eee5f0b5/screenshot - {}
COMMAND: POST /session/e536ec110769180b9f0ebcb5eee5f0b5/element - {"using":"xpath","value":"//span[contains(text(), \"WebdriverYardjjtihg\")][contains(@id ,\"application-addressmanagement-display-component---detailAdm--addressDetailDetailsName1\")]"}
RESULT: {"script":"<script> [5351 bytes]","args":[{"element-6066-11e4-a52e-4f735466cecf":"f.408B1570E8A847D965033B29CBA075ED.d.36745B921BD60379B637BA44379F37ED.e.3911","ELEMENT":"f.408B1570E8A847D965033B29CBA075ED.d.36745B921BD60379B637BA44379F37ED.e.3911"}]}
COMMAND: POST /session/e536ec110769180b9f0ebcb5eee5f0b5/element - {"using":"xpath","value":"//*[contains(@data-kt ,\"webshopDetailSiteLink\")]"}
COMMAND: GET /session/e536ec110769180b9f0ebcb5eee5f0b5/screenshot - {}
RESULT: {}
RESULT: {"using":"xpath","value":"//span[contains(text(), \"WebdriverYardjjtihg\")][contains(@id ,\"application-addressmanagement-display-component---detailAdm--addressDetailDetailsName1\")]"}
RESULT: {"using":"xpath","value":"//*[contains(@data-kt ,\"webshopDetailSiteLink\")]"}
COMMAND: POST /session/e536ec110769180b9f0ebcb5eee5f0b5/element/f.408B1570E8A847D965033B29CBA075ED.d.36745B921BD60379B637BA44379F37ED.e.3911/click - {}
RESULT: {}
RESULT: {}
COMMAND: GET /session/e536ec110769180b9f0ebcb5eee5f0b5/screenshot - {}
COMMAND: POST /session/e536ec110769180b9f0ebcb5eee5f0b5/element - {"using":"xpath","value":"//span[contains(text(), \"WebdriverYardjjtihg\")][contains(@id ,\"application-addressmanagement-display-component---detailAdm--addressDetailDetailsName1\")]"}
RESULT: {}
RESULT: {"using":"xpath","value":"//span[contains(text(), \"WebdriverYardjjtihg\")][contains(@id ,\"application-addressmanagement-display-component---detailAdm--addressDetailDetailsName1\")]"}
COMMAND: POST /session/e536ec110769180b9f0ebcb5eee5f0b5/element - {"using":"xpath","value":"//span[contains(text(), \"WebdriverYardjjtihg\")][contains(@id ,\"application-addressmanagement-display-component---detailAdm--addressDetailDetailsName1\")]"}
RESULT: {"using":"xpath","value":"//span[contains(text(), \"WebdriverYardjjtihg\")][contains(@id ,\"application-addressmanagement-display-component---detailAdm--addressDetailDetailsName1\")]"}
COMMAND: POST /session/e536ec110769180b9f0ebcb5eee5f0b5/element - {"using":"xpath","value":"//span[contains(text(), \"WebdriverYardjjtihg\")][contains(@id ,\"application-addressmanagement-display-component---detailAdm--addressDetailDetailsName1\")]"}
RESULT: {"using":"xpath","value":"//span[contains(text(), \"WebdriverYardjjtihg\")][contains(@id ,\"application-addressmanagement-display-component---detailAdm--addressDetailDetailsName1\")]"}
COMMAND: POST /session/e536ec110769180b9f0ebcb5eee5f0b5/element - {"using":"xpath","value":"//span[contains(text(), \"WebdriverYardjjtihg\")][contains(@id ,\"application-addressmanagement-display-component---detailAdm--addressDetailDetailsName1\")]"}
RESULT: {"using":"xpath","value":"//span[contains(text(), \"WebdriverYardjjtihg\")][contains(@id ,\"application-addressmanagement-display-component---detailAdm--addressDetailDetailsName1\")]"}
COMMAND: POST /session/e536ec110769180b9f0ebcb5eee5f0b5/element - {"using":"xpath","value":"//*[contains(@data-kt ,\"ContextMenuIdLink\")][contains(text(), \"Manage Site\")]"}
RESULT: {"using":"xpath","value":"//*[contains(@data-kt ,\"ContextMenuIdLink\")][contains(text(), \"Manage Site\")]"}
COMMAND: POST /session/e536ec110769180b9f0ebcb5eee5f0b5/execute/sync - {"script":"<script> [8489 bytes]","args":[{"element-6066-11e4-a52e-4f735466cecf":"f.408B1570E8A847D965033B29CBA075ED.d.36745B921BD60379B637BA44379F37ED.e.3913","ELEMENT":"f.408B1570E8A847D965033B29CBA075ED.d.36745B921BD60379B637BA44379F37ED.e.3913"}]}
COMMAND: POST /session/e536ec110769180b9f0ebcb5eee5f0b5/element - {"using":"xpath","value":"//*[contains(@data-kt ,\"ContextMenuId2Link\")][contains(text(), \"Site Overview\")]"}
RESULT: {"using":"xpath","value":"//*[contains(@data-kt ,\"ContextMenuId2Link\")][contains(text(), \"Site Overview\")]"}
COMMAND: POST /session/e536ec110769180b9f0ebcb5eee5f0b5/execute/sync - {"script":"<script> [8489 bytes]","args":[{"element-6066-11e4-a52e-4f735466cecf":"f.408B1570E8A847D965033B29CBA075ED.d.36745B921BD60379B637BA44379F37ED.e.3914","ELEMENT":"f.408B1570E8A847D965033B29CBA075ED.d.36745B921BD60379B637BA44379F37ED.e.3914"}]}
COMMAND: POST /session/e536ec110769180b9f0ebcb5eee5f0b5/element - {"using":"xpath","value":"//*[contains(@data-kt ,\"ContextMenuId3Link\")][contains(text(), \"Site Main Address\")]"}
RESULT: {"script":"<script> [8489 bytes]","args":[{"element-6066-11e4-a52e-4f735466cecf":"f.408B1570E8A847D965033B29CBA075ED.d.36745B921BD60379B637BA44379F37ED.e.3913","ELEMENT":"f.408B1570E8A847D965033B29CBA075ED.d.36745B921BD60379B637BA44379F37ED.e.3913"}]}
COMMAND: GET /session/e536ec110769180b9f0ebcb5eee5f0b5/screenshot - {}
RESULT: {"using":"xpath","value":"//*[contains(@data-kt ,\"ContextMenuId3Link\")][contains(text(), \"Site Main Address\")]"}
COMMAND: POST /session/e536ec110769180b9f0ebcb5eee5f0b5/execute/sync - {"script":"<script> [8489 bytes]","args":[{"element-6066-11e4-a52e-4f735466cecf":"f.408B1570E8A847D965033B29CBA075ED.d.36745B921BD60379B637BA44379F37ED.e.3915","ELEMENT":"f.408B1570E8A847D965033B29CBA075ED.d.36745B921BD60379B637BA44379F37ED.e.3915"}]}
COMMAND: POST /session/e536ec110769180b9f0ebcb5eee5f0b5/element/f.408B1570E8A847D965033B29CBA075ED.d.36745B921BD60379B637BA44379F37ED.e.3913/click - {}
RESULT: {"script":"<script> [8489 bytes]","args":[{"element-6066-11e4-a52e-4f735466cecf":"f.408B1570E8A847D965033B29CBA075ED.d.36745B921BD60379B637BA44379F37ED.e.3914","ELEMENT":"f.408B1570E8A847D965033B29CBA075ED.d.36745B921BD60379B637BA44379F37ED.e.3914"}]}
COMMAND: GET /session/e536ec110769180b9f0ebcb5eee5f0b5/screenshot - {}
COMMAND: POST /session/e536ec110769180b9f0ebcb5eee5f0b5/element - {"using":"xpath","value":"//span[contains(text(), \"WebdriverYardjjtihg\")][contains(@id ,\"application-addressmanagement-display-component---detailAdm--addressDetailDetailsName1\")]"}
RESULT: {}
RESULT: {"script":"<script> [8489 bytes]","args":[{"element-6066-11e4-a52e-4f735466cecf":"f.408B1570E8A847D965033B29CBA075ED.d.36745B921BD60379B637BA44379F37ED.e.3915","ELEMENT":"f.408B1570E8A847D965033B29CBA075ED.d.36745B921BD60379B637BA44379F37ED.e.3915"}]}
COMMAND: GET /session/e536ec110769180b9f0ebcb5eee5f0b5/screenshot - {}
RESULT: {}
COMMAND: GET /session/e536ec110769180b9f0ebcb5eee5f0b5/screenshot - {}
RESULT: {}
RESULT: {"using":"xpath","value":"//span[contains(text(), \"WebdriverYardjjtihg\")][contains(@id ,\"application-addressmanagement-display-component---detailAdm--addressDetailDetailsName1\")]"}
RESULT: {}
RESULT: {}
COMMAND: POST /session/e536ec110769180b9f0ebcb5eee5f0b5/element - {"using":"xpath","value":"//span[contains(text(), \"WebdriverYardjjtihg\")][contains(@id ,\"application-addressmanagement-display-component---detailAdm--addressDetailDetailsName1\")]"}
RESULT: {"using":"xpath","value":"//span[contains(text(), \"WebdriverYardjjtihg\")][contains(@id ,\"application-addressmanagement-display-component---detailAdm--addressDetailDetailsName1\")]"}
COMMAND: POST /session/e536ec110769180b9f0ebcb5eee5f0b5/element - {"using":"xpath","value":"//span[contains(text(), \"WebdriverYardjjtihg\")][contains(@id ,\"application-addressmanagement-display-component---detailAdm--addressDetailDetailsName1\")]"}
RESULT: {"using":"xpath","value":"//span[contains(text(), \"WebdriverYardjjtihg\")][contains(@id ,\"application-addressmanagement-display-component---detailAdm--addressDetailDetailsName1\")]"}
COMMAND: POST /session/e536ec110769180b9f0ebcb5eee5f0b5/element - {"using":"xpath","value":"//span[contains(text(), \"WebdriverYardjjtihg\")][contains(@id ,\"application-addressmanagement-display-component---detailAdm--addressDetailDetailsName1\")]"}
RESULT: {"using":"xpath","value":"//span[contains(text(), \"WebdriverYardjjtihg\")][contains(@id ,\"application-addressmanagement-display-component---detailAdm--addressDetailDetailsName1\")]"}
COMMAND: POST /session/e536ec110769180b9f0ebcb5eee5f0b5/element - {"using":"xpath","value":"//span[contains(text(), \"WebdriverYardjjtihg\")][contains(@id ,\"application-addressmanagement-display-component---detailAdm--addressDetailDetailsName1\")]"}
RESULT: {"using":"xpath","value":"//span[contains(text(), \"WebdriverYardjjtihg\")][contains(@id ,\"application-addressmanagement-display-component---detailAdm--addressDetailDetailsName1\")]"}
COMMAND: POST /session/e536ec110769180b9f0ebcb5eee5f0b5/element - {"using":"xpath","value":"//span[contains(text(), \"WebdriverYardjjtihg\")][contains(@id ,\"application-addressmanagement-display-component---detailAdm--addressDetailDetailsName1\")]"}
RESULT: {"using":"xpath","value":"//span[contains(text(), \"WebdriverYardjjtihg\")][contains(@id ,\"application-addressmanagement-display-component---detailAdm--addressDetailDetailsName1\")]"}
COMMAND: POST /session/e536ec110769180b9f0ebcb5eee5f0b5/element - {"using":"xpath","value":"//span[contains(text(), \"WebdriverYardjjtihg\")][contains(@id ,\"application-addressmanagement-display-component---detailAdm--addressDetailDetailsName1\")]"}
RESULT: {"using":"xpath","value":"//span[contains(text(), \"WebdriverYardjjtihg\")][contains(@id ,\"application-addressmanagement-display-component---detailAdm--addressDetailDetailsName1\")]"}
COMMAND: POST /session/e536ec110769180b9f0ebcb5eee5f0b5/element - {"using":"xpath","value":"//span[contains(text(), \"WebdriverYardjjtihg\")][contains(@id ,\"application-addressmanagement-display-component---detailAdm--addressDetailDetailsName1\")]"}
RESULT: {"using":"xpath","value":"//span[contains(text(), \"WebdriverYardjjtihg\")][contains(@id ,\"application-addressmanagement-display-component---detailAdm--addressDetailDetailsName1\")]"}
COMMAND: POST /session/e536ec110769180b9f0ebcb5eee5f0b5/element - {"using":"xpath","value":"//span[contains(text(), \"WebdriverYardjjtihg\")][contains(@id ,\"application-addressmanagement-display-component---detailAdm--addressDetailDetailsName1\")]"}
RESULT: {"using":"xpath","value":"//span[contains(text(), \"WebdriverYardjjtihg\")][contains(@id ,\"application-addressmanagement-display-component---detailAdm--addressDetailDetailsName1\")]"}
COMMAND: POST /session/e536ec110769180b9f0ebcb5eee5f0b5/element - {"using":"xpath","value":"//span[contains(text(), \"WebdriverYardjjtihg\")][contains(@id ,\"application-addressmanagement-display-component---detailAdm--addressDetailDetailsName1\")]"}
RESULT: {"using":"xpath","value":"//span[contains(text(), \"WebdriverYardjjtihg\")][contains(@id ,\"application-addressmanagement-display-component---detailAdm--addressDetailDetailsName1\")]"}
COMMAND: POST /session/e536ec110769180b9f0ebcb5eee5f0b5/element - {"using":"xpath","value":"//span[contains(text(), \"WebdriverYardjjtihg\")][contains(@id ,\"application-addressmanagement-display-component---detailAdm--addressDetailDetailsName1\")]"}
RESULT: {"using":"xpath","value":"//span[contains(text(), \"WebdriverYardjjtihg\")][contains(@id ,\"application-addressmanagement-display-component---detailAdm--addressDetailDetailsName1\")]"}
COMMAND: POST /session/e536ec110769180b9f0ebcb5eee5f0b5/element - {"using":"xpath","value":"//span[contains(text(), \"WebdriverYardjjtihg\")][contains(@id ,\"application-addressmanagement-display-component---detailAdm--addressDetailDetailsName1\")]"}
RESULT: {"using":"xpath","value":"//span[contains(text(), \"WebdriverYardjjtihg\")][contains(@id ,\"application-addressmanagement-display-component---detailAdm--addressDetailDetailsName1\")]"}
COMMAND: POST /session/e536ec110769180b9f0ebcb5eee5f0b5/element - {"using":"xpath","value":"//span[contains(text(), \"WebdriverYardjjtihg\")][contains(@id ,\"application-addressmanagement-display-component---detailAdm--addressDetailDetailsName1\")]"}
RESULT: {"using":"xpath","value":"//span[contains(text(), \"WebdriverYardjjtihg\")][contains(@id ,\"application-addressmanagement-display-component---detailAdm--addressDetailDetailsName1\")]"}
COMMAND: POST /session/e536ec110769180b9f0ebcb5eee5f0b5/element - {"using":"xpath","value":"//span[contains(text(), \"WebdriverYardjjtihg\")][contains(@id ,\"application-addressmanagement-display-component---detailAdm--addressDetailDetailsName1\")]"}
RESULT: {"using":"xpath","value":"//span[contains(text(), \"WebdriverYardjjtihg\")][contains(@id ,\"application-addressmanagement-display-component---detailAdm--addressDetailDetailsName1\")]"}
COMMAND: POST /session/e536ec110769180b9f0ebcb5eee5f0b5/element - {"using":"xpath","value":"//span[contains(text(), \"WebdriverYardjjtihg\")][contains(@id ,\"application-addressmanagement-display-component---detailAdm--addressDetailDetailsName1\")]"}
RESULT: {"using":"xpath","value":"//span[contains(text(), \"WebdriverYardjjtihg\")][contains(@id ,\"application-addressmanagement-display-component---detailAdm--addressDetailDetailsName1\")]"}
COMMAND: POST /session/e536ec110769180b9f0ebcb5eee5f0b5/element - {"using":"xpath","value":"//span[contains(text(), \"WebdriverYardjjtihg\")][contains(@id ,\"application-addressmanagement-display-component---detailAdm--addressDetailDetailsName1\")]"}
RESULT: {"using":"xpath","value":"//span[contains(text(), \"WebdriverYardjjtihg\")][contains(@id ,\"application-addressmanagement-display-component---detailAdm--addressDetailDetailsName1\")]"}
COMMAND: POST /session/e536ec110769180b9f0ebcb5eee5f0b5/element - {"using":"xpath","value":"//span[contains(text(), \"WebdriverYardjjtihg\")][contains(@id ,\"application-addressmanagement-display-component---detailAdm--addressDetailDetailsName1\")]"}
RESULT: {"using":"xpath","value":"//span[contains(text(), \"WebdriverYardjjtihg\")][contains(@id ,\"application-addressmanagement-display-component---detailAdm--addressDetailDetailsName1\")]"}
COMMAND: POST /session/e536ec110769180b9f0ebcb5eee5f0b5/element - {"using":"xpath","value":"//span[contains(text(), \"WebdriverYardjjtihg\")][contains(@id ,\"application-addressmanagement-display-component---detailAdm--addressDetailDetailsName1\")]"}
RESULT: {"using":"xpath","value":"//span[contains(text(), \"WebdriverYardjjtihg\")][contains(@id ,\"application-addressmanagement-display-component---detailAdm--addressDetailDetailsName1\")]"}
COMMAND: POST /session/e536ec110769180b9f0ebcb5eee5f0b5/element - {"using":"xpath","value":"//span[contains(text(), \"WebdriverYardjjtihg\")][contains(@id ,\"application-addressmanagement-display-component---detailAdm--addressDetailDetailsName1\")]"}
RESULT: {"using":"xpath","value":"//span[contains(text(), \"WebdriverYardjjtihg\")][contains(@id ,\"application-addressmanagement-display-component---detailAdm--addressDetailDetailsName1\")]"}
COMMAND: POST /session/e536ec110769180b9f0ebcb5eee5f0b5/element - {"using":"xpath","value":"//span[contains(text(), \"WebdriverYardjjtihg\")][contains(@id ,\"application-addressmanagement-display-component---detailAdm--addressDetailDetailsName1\")]"}
RESULT: {"using":"xpath","value":"//span[contains(text(), \"WebdriverYardjjtihg\")][contains(@id ,\"application-addressmanagement-display-component---detailAdm--addressDetailDetailsName1\")]"}
COMMAND: POST /session/e536ec110769180b9f0ebcb5eee5f0b5/element - {"using":"xpath","value":"//span[contains(text(), \"WebdriverYardjjtihg\")][contains(@id ,\"application-addressmanagement-display-component---detailAdm--addressDetailDetailsName1\")]"}
COMMAND: POST /session/e536ec110769180b9f0ebcb5eee5f0b5/execute/async - {"script":"<script> [1562 bytes]","args":[{"selector":{"controlType":"sap.m.Title","viewName":"etm.portal.ui.managesites.view.Master","viewId":"application-managesites-display-component---masterSite","i18NText":{"propertyName":"text","key":"sites"}},"wdio_ui5_key":"etmportal.ui.managesites.view.Mastersap.m.Title{\"propertyName\":\"text\",\"key\":\"sites\"}"}]}
RESULT: {"using":"xpath","value":"//span[contains(text(), \"WebdriverYardjjtihg\")][contains(@id ,\"application-addressmanagement-display-component---detailAdm--addressDetailDetailsName1\")]"}
RESULT: {"script":"<script> [1562 bytes]","args":[{"selector":{"controlType":"sap.m.Title","viewName":"etm.portal.ui.managesites.view.Master","viewId":"application-managesites-display-component---masterSite","i18NText":{"propertyName":"text","key":"sites"}},"wdio_ui5_key":"etmportal.ui.managesites.view.Mastersap.m.Title{\"propertyName\":\"text\",\"key\":\"sites\"}"}]}
RESULT: undefined
COMMAND: POST /session/e536ec110769180b9f0ebcb5eee5f0b5/execute/async - {"script":"<script> [6424 bytes]","args":[{"element-6066-11e4-a52e-4f735466cecf":"f.408B1570E8A847D965033B29CBA075ED.d.36745B921BD60379B637BA44379F37ED.e.4125"},"getText",[]]}
COMMAND: POST /session/e536ec110769180b9f0ebcb5eee5f0b5/element - {"using":"xpath","value":"//span[contains(text(), \"WebdriverYardjjtihg\")][contains(@id ,\"application-addressmanagement-display-component---detailAdm--addressDetailDetailsName1\")]"}
RESULT: {"script":"<script> [6424 bytes]","args":[{"element-6066-11e4-a52e-4f735466cecf":"f.408B1570E8A847D965033B29CBA075ED.d.36745B921BD60379B637BA44379F37ED.e.4125"},"getText",[]]}
COMMAND: POST /session/e536ec110769180b9f0ebcb5eee5f0b5/execute/async - {"script":"<script> [1562 bytes]","args":[{"selector":{"id":"application-managesites-display-component---detailSite--addressDetailDetailsName1"},"wdio_ui5_key":"applicationmanagesites-display-component---detailSite--addressDetailDetailsName1"}]}
RESULT: {"using":"xpath","value":"//span[contains(text(), \"WebdriverYardjjtihg\")][contains(@id ,\"application-addressmanagement-display-component---detailAdm--addressDetailDetailsName1\")]"}
RESULT: {"script":"<script> [1562 bytes]","args":[{"selector":{"id":"application-managesites-display-component---detailSite--addressDetailDetailsName1"},"wdio_ui5_key":"applicationmanagesites-display-component---detailSite--addressDetailDetailsName1"}]}
RESULT: undefined
COMMAND: POST /session/e536ec110769180b9f0ebcb5eee5f0b5/execute/async - {"script":"<script> [6424 bytes]","args":[{"element-6066-11e4-a52e-4f735466cecf":"f.408B1570E8A847D965033B29CBA075ED.d.36745B921BD60379B637BA44379F37ED.e.3979"},"getValue",[]]}
COMMAND: POST /session/e536ec110769180b9f0ebcb5eee5f0b5/element - {"using":"xpath","value":"//span[contains(text(), \"WebdriverYardjjtihg\")][contains(@id ,\"application-addressmanagement-display-component---detailAdm--addressDetailDetailsName1\")]"}
RESULT: {"script":"<script> [6424 bytes]","args":[{"element-6066-11e4-a52e-4f735466cecf":"f.408B1570E8A847D965033B29CBA075ED.d.36745B921BD60379B637BA44379F37ED.e.3979"},"getValue",[]]}
RESULT: undefined
COMMAND: POST /session/e536ec110769180b9f0ebcb5eee5f0b5/element - {"using":"xpath","value":"//*[@id=\"backBtn\"]"}
RESULT: {"using":"xpath","value":"//span[contains(text(), \"WebdriverYardjjtihg\")][contains(@id ,\"application-addressmanagement-display-component---detailAdm--addressDetailDetailsName1\")]"}
RESULT: {"using":"xpath","value":"//*[@id=\"backBtn\"]"}
COMMAND: POST /session/e536ec110769180b9f0ebcb5eee5f0b5/element/f.408B1570E8A847D965033B29CBA075ED.d.36745B921BD60379B637BA44379F37ED.e.3211/click - {}
RESULT: {}
COMMAND: GET /session/e536ec110769180b9f0ebcb5eee5f0b5/screenshot - {}
COMMAND: POST /session/e536ec110769180b9f0ebcb5eee5f0b5/element - {"using":"xpath","value":"//span[contains(text(), \"WebdriverYardjjtihg\")][contains(@id ,\"application-addressmanagement-display-component---detailAdm--addressDetailDetailsName1\")]"}
RESULT: {}
RESULT: {"using":"xpath","value":"//span[contains(text(), \"WebdriverYardjjtihg\")][contains(@id ,\"application-addressmanagement-display-component---detailAdm--addressDetailDetailsName1\")]"}
COMMAND: POST /session/e536ec110769180b9f0ebcb5eee5f0b5/element - {"using":"xpath","value":"//span[contains(text(), \"WebdriverYardjjtihg\")][contains(@id ,\"application-addressmanagement-display-component---detailAdm--addressDetailDetailsName1\")]"}
RESULT: {"using":"xpath","value":"//span[contains(text(), \"WebdriverYardjjtihg\")][contains(@id ,\"application-addressmanagement-display-component---detailAdm--addressDetailDetailsName1\")]"}
COMMAND: POST /session/e536ec110769180b9f0ebcb5eee5f0b5/element - {"using":"xpath","value":"//span[contains(text(), \"WebdriverYardjjtihg\")][contains(@id ,\"application-addressmanagement-display-component---detailAdm--addressDetailDetailsName1\")]"}
RESULT: {"using":"xpath","value":"//span[contains(text(), \"WebdriverYardjjtihg\")][contains(@id ,\"application-addressmanagement-display-component---detailAdm--addressDetailDetailsName1\")]"}
COMMAND: POST /session/e536ec110769180b9f0ebcb5eee5f0b5/element - {"using":"xpath","value":"//span[contains(text(), \"WebdriverYardjjtihg\")][contains(@id ,\"application-addressmanagement-display-component---detailAdm--addressDetailDetailsName1\")]"}
RESULT: {"using":"xpath","value":"//span[contains(text(), \"WebdriverYardjjtihg\")][contains(@id ,\"application-addressmanagement-display-component---detailAdm--addressDetailDetailsName1\")]"}
COMMAND: POST /session/e536ec110769180b9f0ebcb5eee5f0b5/element - {"using":"xpath","value":"//span[contains(text(), \"WebdriverYardjjtihg\")][contains(@id ,\"application-addressmanagement-display-component---detailAdm--addressDetailDetailsName1\")]"}
RESULT: {"using":"xpath","value":"//span[contains(text(), \"WebdriverYardjjtihg\")][contains(@id ,\"application-addressmanagement-display-component---detailAdm--addressDetailDetailsName1\")]"}
COMMAND: POST /session/e536ec110769180b9f0ebcb5eee5f0b5/element - {"using":"xpath","value":"//span[contains(text(), \"WebdriverYardjjtihg\")][contains(@id ,\"application-addressmanagement-display-component---detailAdm--addressDetailDetailsName1\")]"}
RESULT: {"using":"xpath","value":"//span[contains(text(), \"WebdriverYardjjtihg\")][contains(@id ,\"application-addressmanagement-display-component---detailAdm--addressDetailDetailsName1\")]"}
COMMAND: POST /session/e536ec110769180b9f0ebcb5eee5f0b5/element - {"using":"xpath","value":"//span[contains(text(), \"WebdriverYardjjtihg\")][contains(@id ,\"application-addressmanagement-display-component---detailAdm--addressDetailDetailsName1\")]"}
RESULT: {"using":"xpath","value":"//span[contains(text(), \"WebdriverYardjjtihg\")][contains(@id ,\"application-addressmanagement-display-component---detailAdm--addressDetailDetailsName1\")]"}
COMMAND: POST /session/e536ec110769180b9f0ebcb5eee5f0b5/element - {"using":"xpath","value":"//span[contains(text(), \"WebdriverYardjjtihg\")][contains(@id ,\"application-addressmanagement-display-component---detailAdm--addressDetailDetailsName1\")]"}
RESULT: {"using":"xpath","value":"//span[contains(text(), \"WebdriverYardjjtihg\")][contains(@id ,\"application-addressmanagement-display-component---detailAdm--addressDetailDetailsName1\")]"}
COMMAND: POST /session/e536ec110769180b9f0ebcb5eee5f0b5/execute/sync - {"script":"<script> [8489 bytes]","args":[{"element-6066-11e4-a52e-4f735466cecf":"f.408B1570E8A847D965033B29CBA075ED.d.36745B921BD60379B637BA44379F37ED.e.3911","ELEMENT":"f.408B1570E8A847D965033B29CBA075ED.d.36745B921BD60379B637BA44379F37ED.e.3911"}]}
COMMAND: POST /session/e536ec110769180b9f0ebcb5eee5f0b5/element - {"using":"xpath","value":"//*[contains(@data-kt ,\"webshopDetailSiteLink\")]"}
RESULT: {"using":"xpath","value":"//*[contains(@data-kt ,\"webshopDetailSiteLink\")]"}
COMMAND: POST /session/e536ec110769180b9f0ebcb5eee5f0b5/execute/sync - {"script":"<script> [8489 bytes]","args":[{"element-6066-11e4-a52e-4f735466cecf":"f.408B1570E8A847D965033B29CBA075ED.d.36745B921BD60379B637BA44379F37ED.e.4257","ELEMENT":"f.408B1570E8A847D965033B29CBA075ED.d.36745B921BD60379B637BA44379F37ED.e.4257"}]}
RESULT: {"script":"<script> [8489 bytes]","args":[{"element-6066-11e4-a52e-4f735466cecf":"f.408B1570E8A847D965033B29CBA075ED.d.36745B921BD60379B637BA44379F37ED.e.4257","ELEMENT":"f.408B1570E8A847D965033B29CBA075ED.d.36745B921BD60379B637BA44379F37ED.e.4257"}]}
COMMAND: POST /session/e536ec110769180b9f0ebcb5eee5f0b5/execute/sync - {"script":"<script> [5351 bytes]","args":[{"element-6066-11e4-a52e-4f735466cecf":"f.408B1570E8A847D965033B29CBA075ED.d.36745B921BD60379B637BA44379F37ED.e.4257","ELEMENT":"f.408B1570E8A847D965033B29CBA075ED.d.36745B921BD60379B637BA44379F37ED.e.4257"}]}
COMMAND: GET /session/e536ec110769180b9f0ebcb5eee5f0b5/screenshot - {}
RESULT: {"script":"<script> [5351 bytes]","args":[{"element-6066-11e4-a52e-4f735466cecf":"f.408B1570E8A847D965033B29CBA075ED.d.36745B921BD60379B637BA44379F37ED.e.4257","ELEMENT":"f.408B1570E8A847D965033B29CBA075ED.d.36745B921BD60379B637BA44379F37ED.e.4257"}]}
COMMAND: POST /session/e536ec110769180b9f0ebcb5eee5f0b5/element - {"using":"xpath","value":"//*[contains(@data-kt ,\"webshopDetailSiteLink\")]"}
COMMAND: GET /session/e536ec110769180b9f0ebcb5eee5f0b5/screenshot - {}
RESULT: {}
RESULT: {"using":"xpath","value":"//*[contains(@data-kt ,\"webshopDetailSiteLink\")]"}
COMMAND: POST /session/e536ec110769180b9f0ebcb5eee5f0b5/element/f.408B1570E8A847D965033B29CBA075ED.d.36745B921BD60379B637BA44379F37ED.e.4257/click - {}
RESULT: {}
RESULT: {}
COMMAND: GET /session/e536ec110769180b9f0ebcb5eee5f0b5/screenshot - {}
RESULT: {}
COMMAND: POST /session/e536ec110769180b9f0ebcb5eee5f0b5/element/f.408B1570E8A847D965033B29CBA075ED.d.36745B921BD60379B637BA44379F37ED.e.3914/click - {}
COMMAND: POST /session/e536ec110769180b9f0ebcb5eee5f0b5/element - {"using":"xpath","value":"//*[contains(@data-kt ,\"ContextMenuId2Link\")][contains(text(), \"Site Overview\")]"}
RESULT: {"using":"xpath","value":"//*[contains(@data-kt ,\"ContextMenuId2Link\")][contains(text(), \"Site Overview\")]"}
COMMAND: POST /session/e536ec110769180b9f0ebcb5eee5f0b5/element/f.408B1570E8A847D965033B29CBA075ED.d.36745B921BD60379B637BA44379F37ED.e.3914/click - {}
COMMAND: POST /session/e536ec110769180b9f0ebcb5eee5f0b5/element - {"using":"xpath","value":"//*[contains(@data-kt ,\"ContextMenuId2Link\")][contains(text(), \"Site Overview\")]"}
RESULT: {"using":"xpath","value":"//*[contains(@data-kt ,\"ContextMenuId2Link\")][contains(text(), \"Site Overview\")]"}
COMMAND: POST /session/e536ec110769180b9f0ebcb5eee5f0b5/element/f.408B1570E8A847D965033B29CBA075ED.d.36745B921BD60379B637BA44379F37ED.e.4259/click - {}
RESULT: {}
COMMAND: GET /session/e536ec110769180b9f0ebcb5eee5f0b5/screenshot - {}
RESULT: {}
RESULT: undefined
COMMAND: POST /session/e536ec110769180b9f0ebcb5eee5f0b5/execute/async - {"script":"<script> [6424 bytes]","args":[{"element-6066-11e4-a52e-4f735466cecf":"f.408B1570E8A847D965033B29CBA075ED.d.36745B921BD60379B637BA44379F37ED.e.3209"},"getTitle",[]]}
COMMAND: POST /session/e536ec110769180b9f0ebcb5eee5f0b5/execute/async - {"script":"<script> [1562 bytes]","args":[{"selector":{"id":"shellAppTitle"},"wdio_ui5_key":"shellAppTitle"}]}
RESULT: {"script":"<script> [1562 bytes]","args":[{"selector":{"id":"shellAppTitle"},"wdio_ui5_key":"shellAppTitle"}]}
COMMAND: POST /session/e536ec110769180b9f0ebcb5eee5f0b5/execute/async - {"script":"<script> [6424 bytes]","args":[{"element-6066-11e4-a52e-4f735466cecf":"f.408B1570E8A847D965033B29CBA075ED.d.36745B921BD60379B637BA44379F37ED.e.4340"},"getTitle",[]]}
RESULT: {"script":"<script> [6424 bytes]","args":[{"element-6066-11e4-a52e-4f735466cecf":"f.408B1570E8A847D965033B29CBA075ED.d.36745B921BD60379B637BA44379F37ED.e.4340"},"getTitle",[]]}
COMMAND: POST /session/e536ec110769180b9f0ebcb5eee5f0b5/element - {"using":"xpath","value":"(//span[contains(text(), \"WebdriverSitepkbto\")])[2]"}
RESULT: {"using":"xpath","value":"(//span[contains(text(), \"WebdriverSitepkbto\")])[2]"}
COMMAND: POST /session/e536ec110769180b9f0ebcb5eee5f0b5/execute/sync - {"script":"<script> [8489 bytes]","args":[{"element-6066-11e4-a52e-4f735466cecf":"f.408B1570E8A847D965033B29CBA075ED.d.36745B921BD60379B637BA44379F37ED.e.4341","ELEMENT":"f.408B1570E8A847D965033B29CBA075ED.d.36745B921BD60379B637BA44379F37ED.e.4341"}]}
RESULT: undefined
COMMAND: POST /session/e536ec110769180b9f0ebcb5eee5f0b5/element - {"using":"xpath","value":"//*[@id=\"backBtn\"]"}
RESULT: {"script":"<script> [8489 bytes]","args":[{"element-6066-11e4-a52e-4f735466cecf":"f.408B1570E8A847D965033B29CBA075ED.d.36745B921BD60379B637BA44379F37ED.e.4341","ELEMENT":"f.408B1570E8A847D965033B29CBA075ED.d.36745B921BD60379B637BA44379F37ED.e.4341"}]}
COMMAND: GET /session/e536ec110769180b9f0ebcb5eee5f0b5/screenshot - {}
RESULT: {"using":"xpath","value":"//*[@id=\"backBtn\"]"}
COMMAND: POST /session/e536ec110769180b9f0ebcb5eee5f0b5/element/f.408B1570E8A847D965033B29CBA075ED.d.36745B921BD60379B637BA44379F37ED.e.3211/click - {}
RESULT: {}
RESULT: {}
COMMAND: GET /session/e536ec110769180b9f0ebcb5eee5f0b5/screenshot - {}
RESULT: {}
COMMAND: POST /session/e536ec110769180b9f0ebcb5eee5f0b5/execute/sync - {"script":"<script> [8489 bytes]","args":[{"element-6066-11e4-a52e-4f735466cecf":"f.408B1570E8A847D965033B29CBA075ED.d.36745B921BD60379B637BA44379F37ED.e.4257","ELEMENT":"f.408B1570E8A847D965033B29CBA075ED.d.36745B921BD60379B637BA44379F37ED.e.4257"}]}
COMMAND: POST /session/e536ec110769180b9f0ebcb5eee5f0b5/element - {"using":"xpath","value":"//*[contains(@data-kt ,\"webshopDetailSiteLink\")]"}
RESULT: {"using":"xpath","value":"//*[contains(@data-kt ,\"webshopDetailSiteLink\")]"}
COMMAND: POST /session/e536ec110769180b9f0ebcb5eee5f0b5/execute/sync - {"script":"<script> [8489 bytes]","args":[{"element-6066-11e4-a52e-4f735466cecf":"f.408B1570E8A847D965033B29CBA075ED.d.36745B921BD60379B637BA44379F37ED.e.4496","ELEMENT":"f.408B1570E8A847D965033B29CBA075ED.d.36745B921BD60379B637BA44379F37ED.e.4496"}]}
RESULT: {"script":"<script> [8489 bytes]","args":[{"element-6066-11e4-a52e-4f735466cecf":"f.408B1570E8A847D965033B29CBA075ED.d.36745B921BD60379B637BA44379F37ED.e.4496","ELEMENT":"f.408B1570E8A847D965033B29CBA075ED.d.36745B921BD60379B637BA44379F37ED.e.4496"}]}
COMMAND: POST /session/e536ec110769180b9f0ebcb5eee5f0b5/execute/sync - {"script":"<script> [5351 bytes]","args":[{"element-6066-11e4-a52e-4f735466cecf":"f.408B1570E8A847D965033B29CBA075ED.d.36745B921BD60379B637BA44379F37ED.e.4496","ELEMENT":"f.408B1570E8A847D965033B29CBA075ED.d.36745B921BD60379B637BA44379F37ED.e.4496"}]}
COMMAND: GET /session/e536ec110769180b9f0ebcb5eee5f0b5/screenshot - {}
RESULT: {"script":"<script> [5351 bytes]","args":[{"element-6066-11e4-a52e-4f735466cecf":"f.408B1570E8A847D965033B29CBA075ED.d.36745B921BD60379B637BA44379F37ED.e.4496","ELEMENT":"f.408B1570E8A847D965033B29CBA075ED.d.36745B921BD60379B637BA44379F37ED.e.4496"}]}
COMMAND: POST /session/e536ec110769180b9f0ebcb5eee5f0b5/element - {"using":"xpath","value":"//*[contains(@data-kt ,\"webshopDetailSiteLink\")]"}
COMMAND: GET /session/e536ec110769180b9f0ebcb5eee5f0b5/screenshot - {}
RESULT: {}
RESULT: {"using":"xpath","value":"//*[contains(@data-kt ,\"webshopDetailSiteLink\")]"}
COMMAND: POST /session/e536ec110769180b9f0ebcb5eee5f0b5/element/f.408B1570E8A847D965033B29CBA075ED.d.36745B921BD60379B637BA44379F37ED.e.4496/click - {}
RESULT: {}
RESULT: {}
COMMAND: GET /session/e536ec110769180b9f0ebcb5eee5f0b5/screenshot - {}
RESULT: {}
COMMAND: POST /session/e536ec110769180b9f0ebcb5eee5f0b5/element/f.408B1570E8A847D965033B29CBA075ED.d.36745B921BD60379B637BA44379F37ED.e.3915/click - {}
COMMAND: POST /session/e536ec110769180b9f0ebcb5eee5f0b5/element - {"using":"xpath","value":"//*[contains(@data-kt ,\"ContextMenuId3Link\")][contains(text(), \"Site Main Address\")]"}
RESULT: {"using":"xpath","value":"//*[contains(@data-kt ,\"ContextMenuId3Link\")][contains(text(), \"Site Main Address\")]"}
COMMAND: POST /session/e536ec110769180b9f0ebcb5eee5f0b5/element/f.408B1570E8A847D965033B29CBA075ED.d.36745B921BD60379B637BA44379F37ED.e.3915/click - {}
COMMAND: POST /session/e536ec110769180b9f0ebcb5eee5f0b5/element - {"using":"xpath","value":"//*[contains(@data-kt ,\"ContextMenuId3Link\")][contains(text(), \"Site Main Address\")]"}
RESULT: {"using":"xpath","value":"//*[contains(@data-kt ,\"ContextMenuId3Link\")][contains(text(), \"Site Main Address\")]"}
COMMAND: POST /session/e536ec110769180b9f0ebcb5eee5f0b5/element/f.408B1570E8A847D965033B29CBA075ED.d.36745B921BD60379B637BA44379F37ED.e.4498/click - {}
RESULT: {}
COMMAND: GET /session/e536ec110769180b9f0ebcb5eee5f0b5/screenshot - {}
RESULT: {}
COMMAND: POST /session/e536ec110769180b9f0ebcb5eee5f0b5/element - {"using":"xpath","value":"//span[contains(@id ,\"application-addressmanagement-display-component---masterAdm--title1-inner\")]"}
RESULT: {"using":"xpath","value":"//span[contains(@id ,\"application-addressmanagement-display-component---masterAdm--title1-inner\")]"}
COMMAND: GET /session/e536ec110769180b9f0ebcb5eee5f0b5/element/f.408B1570E8A847D965033B29CBA075ED.d.36745B921BD60379B637BA44379F37ED.e.4690/text - {}
RESULT: {}
COMMAND: POST /session/e536ec110769180b9f0ebcb5eee5f0b5/element - {"using":"xpath","value":"//span[contains(@id ,\"application-addressmanagement-display-component---detailAdm--addressDetailDetailsName1\")][contains(text(), \"WebdriverSitepkbto\")]"}
RESULT: {"using":"xpath","value":"//span[contains(@id ,\"application-addressmanagement-display-component---detailAdm--addressDetailDetailsName1\")][contains(text(), \"WebdriverSitepkbto\")]"}
COMMAND: POST /session/e536ec110769180b9f0ebcb5eee5f0b5/execute/sync - {"script":"<script> [8489 bytes]","args":[{"element-6066-11e4-a52e-4f735466cecf":"f.408B1570E8A847D965033B29CBA075ED.d.36745B921BD60379B637BA44379F37ED.e.4691","ELEMENT":"f.408B1570E8A847D965033B29CBA075ED.d.36745B921BD60379B637BA44379F37ED.e.4691"}]}
RESULT: undefined
COMMAND: POST /session/e536ec110769180b9f0ebcb5eee5f0b5/element - {"using":"xpath","value":"//*[@id=\"backBtn\"]"}
RESULT: {"using":"xpath","value":"//*[@id=\"backBtn\"]"}
COMMAND: POST /session/e536ec110769180b9f0ebcb5eee5f0b5/element/f.408B1570E8A847D965033B29CBA075ED.d.36745B921BD60379B637BA44379F37ED.e.3211/click - {}
RESULT: {"script":"<script> [8489 bytes]","args":[{"element-6066-11e4-a52e-4f735466cecf":"f.408B1570E8A847D965033B29CBA075ED.d.36745B921BD60379B637BA44379F37ED.e.4691","ELEMENT":"f.408B1570E8A847D965033B29CBA075ED.d.36745B921BD60379B637BA44379F37ED.e.4691"}]}
COMMAND: GET /session/e536ec110769180b9f0ebcb5eee5f0b5/screenshot - {}
RESULT: {}
COMMAND: GET /session/e536ec110769180b9f0ebcb5eee5f0b5/screenshot - {}
RESULT: {}
RESULT: {}
COMMAND: POST /session/e536ec110769180b9f0ebcb5eee5f0b5/execute/sync - {"script":"<script> [8489 bytes]","args":[{"element-6066-11e4-a52e-4f735466cecf":"f.408B1570E8A847D965033B29CBA075ED.d.36745B921BD60379B637BA44379F37ED.e.4496","ELEMENT":"f.408B1570E8A847D965033B29CBA075ED.d.36745B921BD60379B637BA44379F37ED.e.4496"}]}
COMMAND: POST /session/e536ec110769180b9f0ebcb5eee5f0b5/element - {"using":"xpath","value":"//*[contains(@data-kt ,\"webshopDetailSiteLink\")]"}
RESULT: {"using":"xpath","value":"//*[contains(@data-kt ,\"webshopDetailSiteLink\")]"}
COMMAND: POST /session/e536ec110769180b9f0ebcb5eee5f0b5/execute/sync - {"script":"<script> [8489 bytes]","args":[{"element-6066-11e4-a52e-4f735466cecf":"f.408B1570E8A847D965033B29CBA075ED.d.36745B921BD60379B637BA44379F37ED.e.4849","ELEMENT":"f.408B1570E8A847D965033B29CBA075ED.d.36745B921BD60379B637BA44379F37ED.e.4849"}]}
RESULT: {"script":"<script> [8489 bytes]","args":[{"element-6066-11e4-a52e-4f735466cecf":"f.408B1570E8A847D965033B29CBA075ED.d.36745B921BD60379B637BA44379F37ED.e.4849","ELEMENT":"f.408B1570E8A847D965033B29CBA075ED.d.36745B921BD60379B637BA44379F37ED.e.4849"}]}
COMMAND: POST /session/e536ec110769180b9f0ebcb5eee5f0b5/execute/sync - {"script":"<script> [5351 bytes]","args":[{"element-6066-11e4-a52e-4f735466cecf":"f.408B1570E8A847D965033B29CBA075ED.d.36745B921BD60379B637BA44379F37ED.e.4849","ELEMENT":"f.408B1570E8A847D965033B29CBA075ED.d.36745B921BD60379B637BA44379F37ED.e.4849"}]}
COMMAND: GET /session/e536ec110769180b9f0ebcb5eee5f0b5/screenshot - {}
RESULT: {"script":"<script> [5351 bytes]","args":[{"element-6066-11e4-a52e-4f735466cecf":"f.408B1570E8A847D965033B29CBA075ED.d.36745B921BD60379B637BA44379F37ED.e.4849","ELEMENT":"f.408B1570E8A847D965033B29CBA075ED.d.36745B921BD60379B637BA44379F37ED.e.4849"}]}
COMMAND: POST /session/e536ec110769180b9f0ebcb5eee5f0b5/element - {"using":"xpath","value":"//*[contains(@data-kt ,\"webshopDetailSiteLink\")]"}
COMMAND: GET /session/e536ec110769180b9f0ebcb5eee5f0b5/screenshot - {}
RESULT: {}
RESULT: {"using":"xpath","value":"//*[contains(@data-kt ,\"webshopDetailSiteLink\")]"}
COMMAND: POST /session/e536ec110769180b9f0ebcb5eee5f0b5/element/f.408B1570E8A847D965033B29CBA075ED.d.36745B921BD60379B637BA44379F37ED.e.4849/click - {}
RESULT: {}
RESULT: {}
COMMAND: GET /session/e536ec110769180b9f0ebcb5eee5f0b5/screenshot - {}
RESULT: {}
COMMAND: POST /session/e536ec110769180b9f0ebcb5eee5f0b5/element - {"using":"xpath","value":"//button[contains(@data-kt ,\"ContextMenuIdExternalLink\")]"}
RESULT: {"using":"xpath","value":"//button[contains(@data-kt ,\"ContextMenuIdExternalLink\")]"}
COMMAND: POST /session/e536ec110769180b9f0ebcb5eee5f0b5/element/f.408B1570E8A847D965033B29CBA075ED.d.36745B921BD60379B637BA44379F37ED.e.4850/click - {}
RESULT: {}
COMMAND: GET /session/e536ec110769180b9f0ebcb5eee5f0b5/screenshot - {}
RESULT: {}
COMMAND: GET /session/e536ec110769180b9f0ebcb5eee5f0b5/window/handles - {}
RESULT: {}
COMMAND: POST /session/e536ec110769180b9f0ebcb5eee5f0b5/window - {"handle":"1024344F5D8A4773F2C7978CE5E27A9F"}
RESULT: {"handle":"1024344F5D8A4773F2C7978CE5E27A9F"}
COMMAND: GET /session/e536ec110769180b9f0ebcb5eee5f0b5/url - {}
RESULT: {}
COMMAND: DELETE /session/e536ec110769180b9f0ebcb5eee5f0b5/window - {}
COMMAND: GET /session/e536ec110769180b9f0ebcb5eee5f0b5/screenshot - {}
RESULT: {}
COMMAND: POST /session/e536ec110769180b9f0ebcb5eee5f0b5/window - {"handle":"408B1570E8A847D965033B29CBA075ED"}
RESULT: {"handle":"408B1570E8A847D965033B29CBA075ED"}
COMMAND: GET /session/e536ec110769180b9f0ebcb5eee5f0b5/url - {}
RESULT: {}
RESULT: {}
COMMAND: GET /session/e536ec110769180b9f0ebcb5eee5f0b5/screenshot - {}
RESULT: {}
COMMAND: POST /session/e536ec110769180b9f0ebcb5eee5f0b5/element - {"using":"xpath","value":"//button[contains(@data-kt ,\"ContextMenuExternalId2Link\")]"}
RESULT: {"using":"xpath","value":"//button[contains(@data-kt ,\"ContextMenuExternalId2Link\")]"}
COMMAND: POST /session/e536ec110769180b9f0ebcb5eee5f0b5/element/f.408B1570E8A847D965033B29CBA075ED.d.36745B921BD60379B637BA44379F37ED.e.5110/click - {}
RESULT: {}
COMMAND: GET /session/e536ec110769180b9f0ebcb5eee5f0b5/screenshot - {}
RESULT: {}
COMMAND: GET /session/e536ec110769180b9f0ebcb5eee5f0b5/window/handles - {}
RESULT: {}
COMMAND: POST /session/e536ec110769180b9f0ebcb5eee5f0b5/window - {"handle":"521A812F06549AC7EAA52606D535750E"}
RESULT: {"handle":"521A812F06549AC7EAA52606D535750E"}
COMMAND: GET /session/e536ec110769180b9f0ebcb5eee5f0b5/url - {}
RESULT: {}
COMMAND: GET /session/e536ec110769180b9f0ebcb5eee5f0b5/screenshot - {}
RESULT: {}
COMMAND: POST /session/e536ec110769180b9f0ebcb5eee5f0b5/execute/sync - {"script":"<script> [8489 bytes]","args":[{"element-6066-11e4-a52e-4f735466cecf":"f.408B1570E8A847D965033B29CBA075ED.d.36745B921BD60379B637BA44379F37ED.e.4341","ELEMENT":"f.408B1570E8A847D965033B29CBA075ED.d.36745B921BD60379B637BA44379F37ED.e.4341"}]}
COMMAND: DELETE /session/e536ec110769180b9f0ebcb5eee5f0b5/window - {}
RESULT: {"script":"<script> [8489 bytes]","args":[{"element-6066-11e4-a52e-4f735466cecf":"f.408B1570E8A847D965033B29CBA075ED.d.36745B921BD60379B637BA44379F37ED.e.4341","ELEMENT":"f.408B1570E8A847D965033B29CBA075ED.d.36745B921BD60379B637BA44379F37ED.e.4341"}]}
COMMAND: GET /session/e536ec110769180b9f0ebcb5eee5f0b5/screenshot - {}
COMMAND: POST /session/e536ec110769180b9f0ebcb5eee5f0b5/execute/sync - {"script":"<script> [8489 bytes]","args":[{"element-6066-11e4-a52e-4f735466cecf":"f.408B1570E8A847D965033B29CBA075ED.d.36745B921BD60379B637BA44379F37ED.e.4341","ELEMENT":"f.408B1570E8A847D965033B29CBA075ED.d.36745B921BD60379B637BA44379F37ED.e.4341"}]}
RESULT: {}
COMMAND: POST /session/e536ec110769180b9f0ebcb5eee5f0b5/window - {"handle":"408B1570E8A847D965033B29CBA075ED"}
RESULT: {"handle":"408B1570E8A847D965033B29CBA075ED"}
COMMAND: GET /session/e536ec110769180b9f0ebcb5eee5f0b5/url - {}
RESULT: {}
COMMAND: POST /session/e536ec110769180b9f0ebcb5eee5f0b5/element - {"using":"xpath","value":"(//span[contains(text(), \"WebdriverSitepkbto\")])[2]"}
RESULT: {}
COMMAND: GET /session/e536ec110769180b9f0ebcb5eee5f0b5/screenshot - {}
RESULT: {"using":"xpath","value":"(//span[contains(text(), \"WebdriverSitepkbto\")])[2]"}
COMMAND: POST /session/e536ec110769180b9f0ebcb5eee5f0b5/element - {"using":"xpath","value":"(//span[contains(text(), \"WebdriverSitepkbto\")])[2]"}
RESULT: {}
RESULT: {"using":"xpath","value":"(//span[contains(text(), \"WebdriverSitepkbto\")])[2]"}
COMMAND: POST /session/e536ec110769180b9f0ebcb5eee5f0b5/element - {"using":"xpath","value":"(//span[contains(text(), \"WebdriverSitepkbto\")])[2]"}
RESULT: {"using":"xpath","value":"(//span[contains(text(), \"WebdriverSitepkbto\")])[2]"}
COMMAND: POST /session/e536ec110769180b9f0ebcb5eee5f0b5/element - {"using":"xpath","value":"(//span[contains(text(), \"WebdriverSitepkbto\")])[2]"}
RESULT: {"using":"xpath","value":"(//span[contains(text(), \"WebdriverSitepkbto\")])[2]"}
COMMAND: POST /session/e536ec110769180b9f0ebcb5eee5f0b5/element - {"using":"xpath","value":"(//span[contains(text(), \"WebdriverSitepkbto\")])[2]"}
RESULT: {"using":"xpath","value":"(//span[contains(text(), \"WebdriverSitepkbto\")])[2]"}
COMMAND: POST /session/e536ec110769180b9f0ebcb5eee5f0b5/element - {"using":"xpath","value":"(//span[contains(text(), \"WebdriverSitepkbto\")])[2]"}
RESULT: {"using":"xpath","value":"(//span[contains(text(), \"WebdriverSitepkbto\")])[2]"}
COMMAND: POST /session/e536ec110769180b9f0ebcb5eee5f0b5/element - {"using":"xpath","value":"(//span[contains(text(), \"WebdriverSitepkbto\")])[2]"}
RESULT: {"using":"xpath","value":"(//span[contains(text(), \"WebdriverSitepkbto\")])[2]"}
COMMAND: POST /session/e536ec110769180b9f0ebcb5eee5f0b5/element - {"using":"xpath","value":"(//span[contains(text(), \"WebdriverSitepkbto\")])[2]"}
RESULT: {"using":"xpath","value":"(//span[contains(text(), \"WebdriverSitepkbto\")])[2]"}
COMMAND: POST /session/e536ec110769180b9f0ebcb5eee5f0b5/element - {"using":"xpath","value":"(//span[contains(text(), \"WebdriverSitepkbto\")])[2]"}
RESULT: {"using":"xpath","value":"(//span[contains(text(), \"WebdriverSitepkbto\")])[2]"}
COMMAND: POST /session/e536ec110769180b9f0ebcb5eee5f0b5/execute/sync - {"script":"<script> [8489 bytes]","args":[{"element-6066-11e4-a52e-4f735466cecf":"f.408B1570E8A847D965033B29CBA075ED.d.36745B921BD60379B637BA44379F37ED.e.4849","ELEMENT":"f.408B1570E8A847D965033B29CBA075ED.d.36745B921BD60379B637BA44379F37ED.e.4849"}]}
RESULT: {"script":"<script> [8489 bytes]","args":[{"element-6066-11e4-a52e-4f735466cecf":"f.408B1570E8A847D965033B29CBA075ED.d.36745B921BD60379B637BA44379F37ED.e.4849","ELEMENT":"f.408B1570E8A847D965033B29CBA075ED.d.36745B921BD60379B637BA44379F37ED.e.4849"}]}
COMMAND: POST /session/e536ec110769180b9f0ebcb5eee5f0b5/execute/sync - {"script":"<script> [5351 bytes]","args":[{"element-6066-11e4-a52e-4f735466cecf":"f.408B1570E8A847D965033B29CBA075ED.d.36745B921BD60379B637BA44379F37ED.e.4849","ELEMENT":"f.408B1570E8A847D965033B29CBA075ED.d.36745B921BD60379B637BA44379F37ED.e.4849"}]}
COMMAND: GET /session/e536ec110769180b9f0ebcb5eee5f0b5/screenshot - {}
RESULT: {"script":"<script> [5351 bytes]","args":[{"element-6066-11e4-a52e-4f735466cecf":"f.408B1570E8A847D965033B29CBA075ED.d.36745B921BD60379B637BA44379F37ED.e.4849","ELEMENT":"f.408B1570E8A847D965033B29CBA075ED.d.36745B921BD60379B637BA44379F37ED.e.4849"}]}
COMMAND: POST /session/e536ec110769180b9f0ebcb5eee5f0b5/element - {"using":"xpath","value":"//*[contains(@data-kt ,\"webshopDetailSiteLink\")]"}
COMMAND: GET /session/e536ec110769180b9f0ebcb5eee5f0b5/screenshot - {}
RESULT: {}
RESULT: {"using":"xpath","value":"//*[contains(@data-kt ,\"webshopDetailSiteLink\")]"}
COMMAND: POST /session/e536ec110769180b9f0ebcb5eee5f0b5/element/f.408B1570E8A847D965033B29CBA075ED.d.36745B921BD60379B637BA44379F37ED.e.4849/click - {}
COMMAND: POST /session/e536ec110769180b9f0ebcb5eee5f0b5/element - {"using":"xpath","value":"(//span[contains(text(), \"WebdriverSitepkbto\")])[2]"}
RESULT: {}
RESULT: {}
COMMAND: GET /session/e536ec110769180b9f0ebcb5eee5f0b5/screenshot - {}
RESULT: {"using":"xpath","value":"(//span[contains(text(), \"WebdriverSitepkbto\")])[2]"}
COMMAND: POST /session/e536ec110769180b9f0ebcb5eee5f0b5/execute/sync - {"script":"<script> [8489 bytes]","args":[{"element-6066-11e4-a52e-4f735466cecf":"f.408B1570E8A847D965033B29CBA075ED.d.36745B921BD60379B637BA44379F37ED.e.5226","ELEMENT":"f.408B1570E8A847D965033B29CBA075ED.d.36745B921BD60379B637BA44379F37ED.e.5226"}]}
RESULT: {}
RESULT: {"script":"<script> [8489 bytes]","args":[{"element-6066-11e4-a52e-4f735466cecf":"f.408B1570E8A847D965033B29CBA075ED.d.36745B921BD60379B637BA44379F37ED.e.5226","ELEMENT":"f.408B1570E8A847D965033B29CBA075ED.d.36745B921BD60379B637BA44379F37ED.e.5226"}]}
COMMAND: GET /session/e536ec110769180b9f0ebcb5eee5f0b5/screenshot - {}
RESULT: {}
COMMAND: POST /session/e536ec110769180b9f0ebcb5eee5f0b5/element - {"using":"xpath","value":"(//button[contains(@data-kt ,\"ContextMenuExternalId3Link\")])[2]"}
RESULT: {"using":"xpath","value":"(//button[contains(@data-kt ,\"ContextMenuExternalId3Link\")])[2]"}
COMMAND: POST /session/e536ec110769180b9f0ebcb5eee5f0b5/element/f.408B1570E8A847D965033B29CBA075ED.d.36745B921BD60379B637BA44379F37ED.e.5227/click - {}
RESULT: {}
COMMAND: GET /session/e536ec110769180b9f0ebcb5eee5f0b5/screenshot - {}
RESULT: {}
COMMAND: GET /session/e536ec110769180b9f0ebcb5eee5f0b5/window/handles - {}
RESULT: {}
COMMAND: POST /session/e536ec110769180b9f0ebcb5eee5f0b5/window - {"handle":"7AAFEC2862758C2C87CE2B51BE49DE0E"}
RESULT: {"handle":"7AAFEC2862758C2C87CE2B51BE49DE0E"}
COMMAND: GET /session/e536ec110769180b9f0ebcb5eee5f0b5/url - {}
RESULT: {}
COMMAND: GET /session/e536ec110769180b9f0ebcb5eee5f0b5/screenshot - {}
COMMAND: POST /session/e536ec110769180b9f0ebcb5eee5f0b5/execute/sync - {"script":"<script> [8489 bytes]","args":[{"element-6066-11e4-a52e-4f735466cecf":"f.408B1570E8A847D965033B29CBA075ED.d.36745B921BD60379B637BA44379F37ED.e.4691","ELEMENT":"f.408B1570E8A847D965033B29CBA075ED.d.36745B921BD60379B637BA44379F37ED.e.4691"}]}
RESULT: {}
RESULT: {"script":"<script> [8489 bytes]","args":[{"element-6066-11e4-a52e-4f735466cecf":"f.408B1570E8A847D965033B29CBA075ED.d.36745B921BD60379B637BA44379F37ED.e.4691","ELEMENT":"f.408B1570E8A847D965033B29CBA075ED.d.36745B921BD60379B637BA44379F37ED.e.4691"}]}
COMMAND: GET /session/e536ec110769180b9f0ebcb5eee5f0b5/screenshot - {}
COMMAND: POST /session/e536ec110769180b9f0ebcb5eee5f0b5/execute/sync - {"script":"<script> [8489 bytes]","args":[{"element-6066-11e4-a52e-4f735466cecf":"f.408B1570E8A847D965033B29CBA075ED.d.36745B921BD60379B637BA44379F37ED.e.4691","ELEMENT":"f.408B1570E8A847D965033B29CBA075ED.d.36745B921BD60379B637BA44379F37ED.e.4691"}]}
RESULT: {}
RESULT: {"script":"<script> [8489 bytes]","args":[{"element-6066-11e4-a52e-4f735466cecf":"f.408B1570E8A847D965033B29CBA075ED.d.36745B921BD60379B637BA44379F37ED.e.4691","ELEMENT":"f.408B1570E8A847D965033B29CBA075ED.d.36745B921BD60379B637BA44379F37ED.e.4691"}]}
COMMAND: GET /session/e536ec110769180b9f0ebcb5eee5f0b5/screenshot - {}
RESULT: {}
COMMAND: POST /session/e536ec110769180b9f0ebcb5eee5f0b5/execute/sync - {"script":"<script> [8489 bytes]","args":[{"element-6066-11e4-a52e-4f735466cecf":"f.408B1570E8A847D965033B29CBA075ED.d.36745B921BD60379B637BA44379F37ED.e.4691","ELEMENT":"f.408B1570E8A847D965033B29CBA075ED.d.36745B921BD60379B637BA44379F37ED.e.4691"}]}
RESULT: {"script":"<script> [8489 bytes]","args":[{"element-6066-11e4-a52e-4f735466cecf":"f.408B1570E8A847D965033B29CBA075ED.d.36745B921BD60379B637BA44379F37ED.e.4691","ELEMENT":"f.408B1570E8A847D965033B29CBA075ED.d.36745B921BD60379B637BA44379F37ED.e.4691"}]}
COMMAND: GET /session/e536ec110769180b9f0ebcb5eee5f0b5/screenshot - {}
RESULT: {}
COMMAND: POST /session/e536ec110769180b9f0ebcb5eee5f0b5/execute/sync - {"script":"<script> [8489 bytes]","args":[{"element-6066-11e4-a52e-4f735466cecf":"f.408B1570E8A847D965033B29CBA075ED.d.36745B921BD60379B637BA44379F37ED.e.4691","ELEMENT":"f.408B1570E8A847D965033B29CBA075ED.d.36745B921BD60379B637BA44379F37ED.e.4691"}]}
RESULT: {"script":"<script> [8489 bytes]","args":[{"element-6066-11e4-a52e-4f735466cecf":"f.408B1570E8A847D965033B29CBA075ED.d.36745B921BD60379B637BA44379F37ED.e.4691","ELEMENT":"f.408B1570E8A847D965033B29CBA075ED.d.36745B921BD60379B637BA44379F37ED.e.4691"}]}
COMMAND: GET /session/e536ec110769180b9f0ebcb5eee5f0b5/screenshot - {}
RESULT: {}
COMMAND: POST /session/e536ec110769180b9f0ebcb5eee5f0b5/execute/sync - {"script":"<script> [8489 bytes]","args":[{"element-6066-11e4-a52e-4f735466cecf":"f.408B1570E8A847D965033B29CBA075ED.d.36745B921BD60379B637BA44379F37ED.e.4691","ELEMENT":"f.408B1570E8A847D965033B29CBA075ED.d.36745B921BD60379B637BA44379F37ED.e.4691"}]}
RESULT: {"script":"<script> [8489 bytes]","args":[{"element-6066-11e4-a52e-4f735466cecf":"f.408B1570E8A847D965033B29CBA075ED.d.36745B921BD60379B637BA44379F37ED.e.4691","ELEMENT":"f.408B1570E8A847D965033B29CBA075ED.d.36745B921BD60379B637BA44379F37ED.e.4691"}]}
COMMAND: GET /session/e536ec110769180b9f0ebcb5eee5f0b5/screenshot - {}
RESULT: {}
COMMAND: POST /session/e536ec110769180b9f0ebcb5eee5f0b5/execute/sync - {"script":"<script> [8489 bytes]","args":[{"element-6066-11e4-a52e-4f735466cecf":"f.408B1570E8A847D965033B29CBA075ED.d.36745B921BD60379B637BA44379F37ED.e.4691","ELEMENT":"f.408B1570E8A847D965033B29CBA075ED.d.36745B921BD60379B637BA44379F37ED.e.4691"}]}
RESULT: {"script":"<script> [8489 bytes]","args":[{"element-6066-11e4-a52e-4f735466cecf":"f.408B1570E8A847D965033B29CBA075ED.d.36745B921BD60379B637BA44379F37ED.e.4691","ELEMENT":"f.408B1570E8A847D965033B29CBA075ED.d.36745B921BD60379B637BA44379F37ED.e.4691"}]}
COMMAND: GET /session/e536ec110769180b9f0ebcb5eee5f0b5/screenshot - {}
RESULT: {}
COMMAND: POST /session/e536ec110769180b9f0ebcb5eee5f0b5/execute/sync - {"script":"<script> [8489 bytes]","args":[{"element-6066-11e4-a52e-4f735466cecf":"f.408B1570E8A847D965033B29CBA075ED.d.36745B921BD60379B637BA44379F37ED.e.4691","ELEMENT":"f.408B1570E8A847D965033B29CBA075ED.d.36745B921BD60379B637BA44379F37ED.e.4691"}]}
RESULT: {"script":"<script> [8489 bytes]","args":[{"element-6066-11e4-a52e-4f735466cecf":"f.408B1570E8A847D965033B29CBA075ED.d.36745B921BD60379B637BA44379F37ED.e.4691","ELEMENT":"f.408B1570E8A847D965033B29CBA075ED.d.36745B921BD60379B637BA44379F37ED.e.4691"}]}
COMMAND: GET /session/e536ec110769180b9f0ebcb5eee5f0b5/screenshot - {}
RESULT: {}
COMMAND: POST /session/e536ec110769180b9f0ebcb5eee5f0b5/execute/sync - {"script":"<script> [8489 bytes]","args":[{"element-6066-11e4-a52e-4f735466cecf":"f.408B1570E8A847D965033B29CBA075ED.d.36745B921BD60379B637BA44379F37ED.e.4691","ELEMENT":"f.408B1570E8A847D965033B29CBA075ED.d.36745B921BD60379B637BA44379F37ED.e.4691"}]}
RESULT: {"script":"<script> [8489 bytes]","args":[{"element-6066-11e4-a52e-4f735466cecf":"f.408B1570E8A847D965033B29CBA075ED.d.36745B921BD60379B637BA44379F37ED.e.4691","ELEMENT":"f.408B1570E8A847D965033B29CBA075ED.d.36745B921BD60379B637BA44379F37ED.e.4691"}]}
COMMAND: GET /session/e536ec110769180b9f0ebcb5eee5f0b5/screenshot - {}
RESULT: {}
COMMAND: POST /session/e536ec110769180b9f0ebcb5eee5f0b5/execute/sync - {"script":"<script> [8489 bytes]","args":[{"element-6066-11e4-a52e-4f735466cecf":"f.408B1570E8A847D965033B29CBA075ED.d.36745B921BD60379B637BA44379F37ED.e.4691","ELEMENT":"f.408B1570E8A847D965033B29CBA075ED.d.36745B921BD60379B637BA44379F37ED.e.4691"}]}
RESULT: {"script":"<script> [8489 bytes]","args":[{"element-6066-11e4-a52e-4f735466cecf":"f.408B1570E8A847D965033B29CBA075ED.d.36745B921BD60379B637BA44379F37ED.e.4691","ELEMENT":"f.408B1570E8A847D965033B29CBA075ED.d.36745B921BD60379B637BA44379F37ED.e.4691"}]}
COMMAND: GET /session/e536ec110769180b9f0ebcb5eee5f0b5/screenshot - {}
COMMAND: DELETE /session/e536ec110769180b9f0ebcb5eee5f0b5/window - {}
RESULT: {}
COMMAND: POST /session/e536ec110769180b9f0ebcb5eee5f0b5/execute/sync - {"script":"<script> [8489 bytes]","args":[{"element-6066-11e4-a52e-4f735466cecf":"f.408B1570E8A847D965033B29CBA075ED.d.36745B921BD60379B637BA44379F37ED.e.4691","ELEMENT":"f.408B1570E8A847D965033B29CBA075ED.d.36745B921BD60379B637BA44379F37ED.e.4691"}]}
RESULT: {}
COMMAND: POST /session/e536ec110769180b9f0ebcb5eee5f0b5/window - {"handle":"408B1570E8A847D965033B29CBA075ED"}
RESULT: {"handle":"408B1570E8A847D965033B29CBA075ED"}
COMMAND: GET /session/e536ec110769180b9f0ebcb5eee5f0b5/url - {}
COMMAND: POST /session/e536ec110769180b9f0ebcb5eee5f0b5/element - {"using":"xpath","value":"//span[contains(@id ,\"application-addressmanagement-display-component---detailAdm--addressDetailDetailsName1\")][contains(text(), \"WebdriverSitepkbto\")]"}
RESULT: {}
COMMAND: GET /session/e536ec110769180b9f0ebcb5eee5f0b5/screenshot - {}
RESULT: {"using":"xpath","value":"//span[contains(@id ,\"application-addressmanagement-display-component---detailAdm--addressDetailDetailsName1\")][contains(text(), \"WebdriverSitepkbto\")]"}
COMMAND: POST /session/e536ec110769180b9f0ebcb5eee5f0b5/element - {"using":"xpath","value":"//span[contains(@id ,\"application-addressmanagement-display-component---detailAdm--addressDetailDetailsName1\")][contains(text(), \"WebdriverSitepkbto\")]"}
RESULT: {}
RESULT: {"using":"xpath","value":"//span[contains(@id ,\"application-addressmanagement-display-component---detailAdm--addressDetailDetailsName1\")][contains(text(), \"WebdriverSitepkbto\")]"}
COMMAND: POST /session/e536ec110769180b9f0ebcb5eee5f0b5/element - {"using":"xpath","value":"//span[contains(@id ,\"application-addressmanagement-display-component---detailAdm--addressDetailDetailsName1\")][contains(text(), \"WebdriverSitepkbto\")]"}
RESULT: {"using":"xpath","value":"//span[contains(@id ,\"application-addressmanagement-display-component---detailAdm--addressDetailDetailsName1\")][contains(text(), \"WebdriverSitepkbto\")]"}
COMMAND: POST /session/e536ec110769180b9f0ebcb5eee5f0b5/element - {"using":"xpath","value":"//span[contains(@id ,\"application-addressmanagement-display-component---detailAdm--addressDetailDetailsName1\")][contains(text(), \"WebdriverSitepkbto\")]"}
RESULT: {"using":"xpath","value":"//span[contains(@id ,\"application-addressmanagement-display-component---detailAdm--addressDetailDetailsName1\")][contains(text(), \"WebdriverSitepkbto\")]"}
COMMAND: POST /session/e536ec110769180b9f0ebcb5eee5f0b5/element - {"using":"xpath","value":"//span[contains(@id ,\"application-addressmanagement-display-component---detailAdm--addressDetailDetailsName1\")][contains(text(), \"WebdriverSitepkbto\")]"}
RESULT: {"using":"xpath","value":"//span[contains(@id ,\"application-addressmanagement-display-component---detailAdm--addressDetailDetailsName1\")][contains(text(), \"WebdriverSitepkbto\")]"}
COMMAND: POST /session/e536ec110769180b9f0ebcb5eee5f0b5/element - {"using":"xpath","value":"//span[contains(@id ,\"application-addressmanagement-display-component---detailAdm--addressDetailDetailsName1\")][contains(text(), \"WebdriverSitepkbto\")]"}
RESULT: {"using":"xpath","value":"//span[contains(@id ,\"application-addressmanagement-display-component---detailAdm--addressDetailDetailsName1\")][contains(text(), \"WebdriverSitepkbto\")]"}
COMMAND: POST /session/e536ec110769180b9f0ebcb5eee5f0b5/element - {"using":"xpath","value":"//span[contains(@id ,\"application-addressmanagement-display-component---detailAdm--addressDetailDetailsName1\")][contains(text(), \"WebdriverSitepkbto\")]"}
RESULT: {"using":"xpath","value":"//span[contains(@id ,\"application-addressmanagement-display-component---detailAdm--addressDetailDetailsName1\")][contains(text(), \"WebdriverSitepkbto\")]"}
COMMAND: POST /session/e536ec110769180b9f0ebcb5eee5f0b5/element - {"using":"xpath","value":"//span[contains(@id ,\"application-addressmanagement-display-component---detailAdm--addressDetailDetailsName1\")][contains(text(), \"WebdriverSitepkbto\")]"}
RESULT: {"using":"xpath","value":"//span[contains(@id ,\"application-addressmanagement-display-component---detailAdm--addressDetailDetailsName1\")][contains(text(), \"WebdriverSitepkbto\")]"}
COMMAND: POST /session/e536ec110769180b9f0ebcb5eee5f0b5/element - {"using":"xpath","value":"//span[contains(@id ,\"application-addressmanagement-display-component---detailAdm--addressDetailDetailsName1\")][contains(text(), \"WebdriverSitepkbto\")]"}
RESULT: {"using":"xpath","value":"//span[contains(@id ,\"application-addressmanagement-display-component---detailAdm--addressDetailDetailsName1\")][contains(text(), \"WebdriverSitepkbto\")]"}
COMMAND: POST /session/e536ec110769180b9f0ebcb5eee5f0b5/element - {"using":"xpath","value":"//span[contains(@id ,\"application-addressmanagement-display-component---detailAdm--addressDetailDetailsName1\")][contains(text(), \"WebdriverSitepkbto\")]"}
RESULT: {"using":"xpath","value":"//span[contains(@id ,\"application-addressmanagement-display-component---detailAdm--addressDetailDetailsName1\")][contains(text(), \"WebdriverSitepkbto\")]"}
COMMAND: POST /session/e536ec110769180b9f0ebcb5eee5f0b5/element - {"using":"xpath","value":"//span[contains(@id ,\"application-addressmanagement-display-component---detailAdm--addressDetailDetailsName1\")][contains(text(), \"WebdriverSitepkbto\")]"}
]]></system-out>
    </testcase>
  </testsuite>
  <testsuite timestamp="2025-05-05T16:22:19" time="285.979" tests="1" failures="0" errors="0" skipped="0">
    <properties>
      <property name="specId" value="0" />
      <property name="suiteName" value="Webshop - Hyperlinks visible and working properly  US139085" />
      <property name="capabilities" value="chrome.135_0_7049_96.windows" />
      <property name="file" value="file:///D:/a/1/s/test/specs/R2C/webshop-hyperlinks-partner-address-contract-item.spec.js" />
    </properties>
    <testcase classname="chrome.135_0_7049_96.windows.Webshop_-_Hyperlinks_visible_and_working_properly__US139085" name="Should verify the customer address contract and catalog item hyperlinks" time="285.974">
      <system-out><![CDATA[
COMMAND: POST /session/e536ec110769180b9f0ebcb5eee5f0b5/element - {"using":"xpath","value":"//*[contains(@data-kt ,\"webshopDetailAddressLink\")]"}
RESULT: {"using":"xpath","value":"//span[contains(@id ,\"application-addressmanagement-display-component---detailAdm--addressDetailDetailsName1\")][contains(text(), \"WebdriverSitepkbto\")]"}
RESULT: {"using":"xpath","value":"//*[contains(@data-kt ,\"webshopDetailAddressLink\")]"}
COMMAND: POST /session/e536ec110769180b9f0ebcb5eee5f0b5/execute/sync - {"script":"<script> [8489 bytes]","args":[{"element-6066-11e4-a52e-4f735466cecf":"f.408B1570E8A847D965033B29CBA075ED.d.36745B921BD60379B637BA44379F37ED.e.5365","ELEMENT":"f.408B1570E8A847D965033B29CBA075ED.d.36745B921BD60379B637BA44379F37ED.e.5365"}]}
RESULT: {"script":"<script> [8489 bytes]","args":[{"element-6066-11e4-a52e-4f735466cecf":"f.408B1570E8A847D965033B29CBA075ED.d.36745B921BD60379B637BA44379F37ED.e.5365","ELEMENT":"f.408B1570E8A847D965033B29CBA075ED.d.36745B921BD60379B637BA44379F37ED.e.5365"}]}
COMMAND: POST /session/e536ec110769180b9f0ebcb5eee5f0b5/execute/sync - {"script":"<script> [5351 bytes]","args":[{"element-6066-11e4-a52e-4f735466cecf":"f.408B1570E8A847D965033B29CBA075ED.d.36745B921BD60379B637BA44379F37ED.e.5365","ELEMENT":"f.408B1570E8A847D965033B29CBA075ED.d.36745B921BD60379B637BA44379F37ED.e.5365"}]}
COMMAND: GET /session/e536ec110769180b9f0ebcb5eee5f0b5/screenshot - {}
RESULT: {"script":"<script> [5351 bytes]","args":[{"element-6066-11e4-a52e-4f735466cecf":"f.408B1570E8A847D965033B29CBA075ED.d.36745B921BD60379B637BA44379F37ED.e.5365","ELEMENT":"f.408B1570E8A847D965033B29CBA075ED.d.36745B921BD60379B637BA44379F37ED.e.5365"}]}
COMMAND: GET /session/e536ec110769180b9f0ebcb5eee5f0b5/screenshot - {}
RESULT: {}
COMMAND: POST /session/e536ec110769180b9f0ebcb5eee5f0b5/element - {"using":"xpath","value":"//span[contains(@id ,\"application-addressmanagement-display-component---detailAdm--addressDetailDetailsName1\")][contains(text(), \"WebdriverSitepkbto\")]"}
RESULT: {}
RESULT: {"using":"xpath","value":"//span[contains(@id ,\"application-addressmanagement-display-component---detailAdm--addressDetailDetailsName1\")][contains(text(), \"WebdriverSitepkbto\")]"}
COMMAND: POST /session/e536ec110769180b9f0ebcb5eee5f0b5/element - {"using":"xpath","value":"//span[contains(@id ,\"application-addressmanagement-display-component---detailAdm--addressDetailDetailsName1\")][contains(text(), \"WebdriverSitepkbto\")]"}
RESULT: {"using":"xpath","value":"//span[contains(@id ,\"application-addressmanagement-display-component---detailAdm--addressDetailDetailsName1\")][contains(text(), \"WebdriverSitepkbto\")]"}
COMMAND: POST /session/e536ec110769180b9f0ebcb5eee5f0b5/element - {"using":"xpath","value":"//span[contains(@id ,\"application-addressmanagement-display-component---detailAdm--addressDetailDetailsName1\")][contains(text(), \"WebdriverSitepkbto\")]"}
RESULT: {"using":"xpath","value":"//span[contains(@id ,\"application-addressmanagement-display-component---detailAdm--addressDetailDetailsName1\")][contains(text(), \"WebdriverSitepkbto\")]"}
COMMAND: POST /session/e536ec110769180b9f0ebcb5eee5f0b5/element - {"using":"xpath","value":"//span[contains(@id ,\"application-addressmanagement-display-component---detailAdm--addressDetailDetailsName1\")][contains(text(), \"WebdriverSitepkbto\")]"}
RESULT: {"using":"xpath","value":"//span[contains(@id ,\"application-addressmanagement-display-component---detailAdm--addressDetailDetailsName1\")][contains(text(), \"WebdriverSitepkbto\")]"}
COMMAND: POST /session/e536ec110769180b9f0ebcb5eee5f0b5/element - {"using":"xpath","value":"//span[contains(@id ,\"application-addressmanagement-display-component---detailAdm--addressDetailDetailsName1\")][contains(text(), \"WebdriverSitepkbto\")]"}
RESULT: {"using":"xpath","value":"//span[contains(@id ,\"application-addressmanagement-display-component---detailAdm--addressDetailDetailsName1\")][contains(text(), \"WebdriverSitepkbto\")]"}
COMMAND: POST /session/e536ec110769180b9f0ebcb5eee5f0b5/element - {"using":"xpath","value":"//span[contains(@id ,\"application-addressmanagement-display-component---detailAdm--addressDetailDetailsName1\")][contains(text(), \"WebdriverSitepkbto\")]"}
RESULT: {"using":"xpath","value":"//span[contains(@id ,\"application-addressmanagement-display-component---detailAdm--addressDetailDetailsName1\")][contains(text(), \"WebdriverSitepkbto\")]"}
COMMAND: POST /session/e536ec110769180b9f0ebcb5eee5f0b5/element - {"using":"xpath","value":"//span[contains(@id ,\"application-addressmanagement-display-component---detailAdm--addressDetailDetailsName1\")][contains(text(), \"WebdriverSitepkbto\")]"}
RESULT: {"using":"xpath","value":"//span[contains(@id ,\"application-addressmanagement-display-component---detailAdm--addressDetailDetailsName1\")][contains(text(), \"WebdriverSitepkbto\")]"}
COMMAND: POST /session/e536ec110769180b9f0ebcb5eee5f0b5/element - {"using":"xpath","value":"//*[contains(@data-kt ,\"webshopDetailAddressLink\")]"}
RESULT: {"using":"xpath","value":"//*[contains(@data-kt ,\"webshopDetailAddressLink\")]"}
COMMAND: POST /session/e536ec110769180b9f0ebcb5eee5f0b5/element/f.408B1570E8A847D965033B29CBA075ED.d.36745B921BD60379B637BA44379F37ED.e.5365/click - {}
RESULT: {}
COMMAND: GET /session/e536ec110769180b9f0ebcb5eee5f0b5/screenshot - {}
RESULT: {}
COMMAND: POST /session/e536ec110769180b9f0ebcb5eee5f0b5/element - {"using":"xpath","value":"//span[contains(@id ,\"application-addressmanagement-display-component---detailAdm--addressDetailDetailsName1\")][contains(text(), \"WebdriverSitepkbto\")]"}
RESULT: {"using":"xpath","value":"//span[contains(@id ,\"application-addressmanagement-display-component---detailAdm--addressDetailDetailsName1\")][contains(text(), \"WebdriverSitepkbto\")]"}
COMMAND: POST /session/e536ec110769180b9f0ebcb5eee5f0b5/element - {"using":"xpath","value":"//span[contains(@id ,\"application-addressmanagement-display-component---detailAdm--addressDetailDetailsName1\")][contains(text(), \"WebdriverSitepkbto\")]"}
RESULT: {"using":"xpath","value":"//span[contains(@id ,\"application-addressmanagement-display-component---detailAdm--addressDetailDetailsName1\")][contains(text(), \"WebdriverSitepkbto\")]"}
COMMAND: POST /session/e536ec110769180b9f0ebcb5eee5f0b5/element - {"using":"xpath","value":"//span[contains(@id ,\"application-addressmanagement-display-component---detailAdm--addressDetailDetailsName1\")][contains(text(), \"WebdriverSitepkbto\")]"}
RESULT: {"using":"xpath","value":"//span[contains(@id ,\"application-addressmanagement-display-component---detailAdm--addressDetailDetailsName1\")][contains(text(), \"WebdriverSitepkbto\")]"}
COMMAND: POST /session/e536ec110769180b9f0ebcb5eee5f0b5/element - {"using":"xpath","value":"//span[contains(@id ,\"application-addressmanagement-display-component---detailAdm--addressDetailDetailsName1\")][contains(text(), \"WebdriverSitepkbto\")]"}
RESULT: {"using":"xpath","value":"//span[contains(@id ,\"application-addressmanagement-display-component---detailAdm--addressDetailDetailsName1\")][contains(text(), \"WebdriverSitepkbto\")]"}
COMMAND: POST /session/e536ec110769180b9f0ebcb5eee5f0b5/element - {"using":"xpath","value":"//*[contains(@data-kt ,\"ContextMenuId2Link\")][contains(text(), \"Address Overview\")]"}
RESULT: {"using":"xpath","value":"//*[contains(@data-kt ,\"ContextMenuId2Link\")][contains(text(), \"Address Overview\")]"}
COMMAND: POST /session/e536ec110769180b9f0ebcb5eee5f0b5/execute/sync - {"script":"<script> [8489 bytes]","args":[{"element-6066-11e4-a52e-4f735466cecf":"f.408B1570E8A847D965033B29CBA075ED.d.36745B921BD60379B637BA44379F37ED.e.5367","ELEMENT":"f.408B1570E8A847D965033B29CBA075ED.d.36745B921BD60379B637BA44379F37ED.e.5367"}]}
COMMAND: POST /session/e536ec110769180b9f0ebcb5eee5f0b5/element - {"using":"xpath","value":"//*[contains(@data-kt ,\"ContextMenuId2Link\")][contains(text(), \"Address Overview\")]"}
RESULT: {"script":"<script> [8489 bytes]","args":[{"element-6066-11e4-a52e-4f735466cecf":"f.408B1570E8A847D965033B29CBA075ED.d.36745B921BD60379B637BA44379F37ED.e.5367","ELEMENT":"f.408B1570E8A847D965033B29CBA075ED.d.36745B921BD60379B637BA44379F37ED.e.5367"}]}
COMMAND: GET /session/e536ec110769180b9f0ebcb5eee5f0b5/screenshot - {}
RESULT: {"using":"xpath","value":"//*[contains(@data-kt ,\"ContextMenuId2Link\")][contains(text(), \"Address Overview\")]"}
COMMAND: POST /session/e536ec110769180b9f0ebcb5eee5f0b5/element/f.408B1570E8A847D965033B29CBA075ED.d.36745B921BD60379B637BA44379F37ED.e.5367/click - {}
RESULT: {}
COMMAND: POST /session/e536ec110769180b9f0ebcb5eee5f0b5/element - {"using":"xpath","value":"//span[contains(@id ,\"application-addressmanagement-display-component---detailAdm--addressDetailDetailsName1\")][contains(text(), \"WebdriverSitepkbto\")]"}
RESULT: {}
COMMAND: GET /session/e536ec110769180b9f0ebcb5eee5f0b5/screenshot - {}
RESULT: {"using":"xpath","value":"//span[contains(@id ,\"application-addressmanagement-display-component---detailAdm--addressDetailDetailsName1\")][contains(text(), \"WebdriverSitepkbto\")]"}
COMMAND: POST /session/e536ec110769180b9f0ebcb5eee5f0b5/element - {"using":"xpath","value":"//span[contains(@id ,\"application-addressmanagement-display-component---detailAdm--addressDetailDetailsName1\")][contains(text(), \"WebdriverSitepkbto\")]"}
RESULT: {}
RESULT: {"using":"xpath","value":"//span[contains(@id ,\"application-addressmanagement-display-component---detailAdm--addressDetailDetailsName1\")][contains(text(), \"WebdriverSitepkbto\")]"}
COMMAND: POST /session/e536ec110769180b9f0ebcb5eee5f0b5/execute/sync - {"script":"<script> [8489 bytes]","args":[{"element-6066-11e4-a52e-4f735466cecf":"f.408B1570E8A847D965033B29CBA075ED.d.36745B921BD60379B637BA44379F37ED.e.5559","ELEMENT":"f.408B1570E8A847D965033B29CBA075ED.d.36745B921BD60379B637BA44379F37ED.e.5559"}]}
RESULT: {"script":"<script> [8489 bytes]","args":[{"element-6066-11e4-a52e-4f735466cecf":"f.408B1570E8A847D965033B29CBA075ED.d.36745B921BD60379B637BA44379F37ED.e.5559","ELEMENT":"f.408B1570E8A847D965033B29CBA075ED.d.36745B921BD60379B637BA44379F37ED.e.5559"}]}
COMMAND: GET /session/e536ec110769180b9f0ebcb5eee5f0b5/screenshot - {}
RESULT: {}
RESULT: undefined
COMMAND: POST /session/e536ec110769180b9f0ebcb5eee5f0b5/execute/async - {"script":"<script> [6424 bytes]","args":[{"element-6066-11e4-a52e-4f735466cecf":"f.408B1570E8A847D965033B29CBA075ED.d.36745B921BD60379B637BA44379F37ED.e.3209"},"getTitle",[]]}
COMMAND: POST /session/e536ec110769180b9f0ebcb5eee5f0b5/execute/async - {"script":"<script> [1562 bytes]","args":[{"selector":{"id":"shellAppTitle"},"wdio_ui5_key":"shellAppTitle"}]}
RESULT: {"script":"<script> [1562 bytes]","args":[{"selector":{"id":"shellAppTitle"},"wdio_ui5_key":"shellAppTitle"}]}
COMMAND: POST /session/e536ec110769180b9f0ebcb5eee5f0b5/execute/async - {"script":"<script> [6424 bytes]","args":[{"element-6066-11e4-a52e-4f735466cecf":"f.408B1570E8A847D965033B29CBA075ED.d.36745B921BD60379B637BA44379F37ED.e.5560"},"getTitle",[]]}
RESULT: {"script":"<script> [6424 bytes]","args":[{"element-6066-11e4-a52e-4f735466cecf":"f.408B1570E8A847D965033B29CBA075ED.d.36745B921BD60379B637BA44379F37ED.e.5560"},"getTitle",[]]}
COMMAND: POST /session/e536ec110769180b9f0ebcb5eee5f0b5/element - {"using":"xpath","value":"//span[contains(@id ,\"application-addressmanagement-display-component---detailAdm--addressDetailDetailsName1\")][contains(text(), \"WebdriverSitepkbto\")]"}
RESULT: {"using":"xpath","value":"//span[contains(@id ,\"application-addressmanagement-display-component---detailAdm--addressDetailDetailsName1\")][contains(text(), \"WebdriverSitepkbto\")]"}
COMMAND: POST /session/e536ec110769180b9f0ebcb5eee5f0b5/execute/sync - {"script":"<script> [8489 bytes]","args":[{"element-6066-11e4-a52e-4f735466cecf":"f.408B1570E8A847D965033B29CBA075ED.d.36745B921BD60379B637BA44379F37ED.e.5559","ELEMENT":"f.408B1570E8A847D965033B29CBA075ED.d.36745B921BD60379B637BA44379F37ED.e.5559"}]}
RESULT: undefined
COMMAND: POST /session/e536ec110769180b9f0ebcb5eee5f0b5/element - {"using":"xpath","value":"//*[@id=\"backBtn\"]"}
RESULT: {"script":"<script> [8489 bytes]","args":[{"element-6066-11e4-a52e-4f735466cecf":"f.408B1570E8A847D965033B29CBA075ED.d.36745B921BD60379B637BA44379F37ED.e.5559","ELEMENT":"f.408B1570E8A847D965033B29CBA075ED.d.36745B921BD60379B637BA44379F37ED.e.5559"}]}
COMMAND: GET /session/e536ec110769180b9f0ebcb5eee5f0b5/screenshot - {}
RESULT: {"using":"xpath","value":"//*[@id=\"backBtn\"]"}
COMMAND: POST /session/e536ec110769180b9f0ebcb5eee5f0b5/element/f.408B1570E8A847D965033B29CBA075ED.d.36745B921BD60379B637BA44379F37ED.e.3211/click - {}
RESULT: {}
RESULT: {}
COMMAND: GET /session/e536ec110769180b9f0ebcb5eee5f0b5/screenshot - {}
RESULT: {}
COMMAND: POST /session/e536ec110769180b9f0ebcb5eee5f0b5/execute/sync - {"script":"<script> [8489 bytes]","args":[{"element-6066-11e4-a52e-4f735466cecf":"f.408B1570E8A847D965033B29CBA075ED.d.36745B921BD60379B637BA44379F37ED.e.5365","ELEMENT":"f.408B1570E8A847D965033B29CBA075ED.d.36745B921BD60379B637BA44379F37ED.e.5365"}]}
COMMAND: POST /session/e536ec110769180b9f0ebcb5eee5f0b5/element - {"using":"xpath","value":"//*[contains(@data-kt ,\"webshopDetailAddressLink\")]"}
RESULT: {"using":"xpath","value":"//*[contains(@data-kt ,\"webshopDetailAddressLink\")]"}
COMMAND: POST /session/e536ec110769180b9f0ebcb5eee5f0b5/execute/sync - {"script":"<script> [8489 bytes]","args":[{"element-6066-11e4-a52e-4f735466cecf":"f.408B1570E8A847D965033B29CBA075ED.d.36745B921BD60379B637BA44379F37ED.e.5691","ELEMENT":"f.408B1570E8A847D965033B29CBA075ED.d.36745B921BD60379B637BA44379F37ED.e.5691"}]}
RESULT: {"script":"<script> [8489 bytes]","args":[{"element-6066-11e4-a52e-4f735466cecf":"f.408B1570E8A847D965033B29CBA075ED.d.36745B921BD60379B637BA44379F37ED.e.5691","ELEMENT":"f.408B1570E8A847D965033B29CBA075ED.d.36745B921BD60379B637BA44379F37ED.e.5691"}]}
COMMAND: POST /session/e536ec110769180b9f0ebcb5eee5f0b5/execute/sync - {"script":"<script> [5351 bytes]","args":[{"element-6066-11e4-a52e-4f735466cecf":"f.408B1570E8A847D965033B29CBA075ED.d.36745B921BD60379B637BA44379F37ED.e.5691","ELEMENT":"f.408B1570E8A847D965033B29CBA075ED.d.36745B921BD60379B637BA44379F37ED.e.5691"}]}
COMMAND: GET /session/e536ec110769180b9f0ebcb5eee5f0b5/screenshot - {}
RESULT: {"script":"<script> [5351 bytes]","args":[{"element-6066-11e4-a52e-4f735466cecf":"f.408B1570E8A847D965033B29CBA075ED.d.36745B921BD60379B637BA44379F37ED.e.5691","ELEMENT":"f.408B1570E8A847D965033B29CBA075ED.d.36745B921BD60379B637BA44379F37ED.e.5691"}]}
COMMAND: POST /session/e536ec110769180b9f0ebcb5eee5f0b5/element - {"using":"xpath","value":"//*[contains(@data-kt ,\"webshopDetailAddressLink\")]"}
COMMAND: GET /session/e536ec110769180b9f0ebcb5eee5f0b5/screenshot - {}
RESULT: {}
RESULT: {"using":"xpath","value":"//*[contains(@data-kt ,\"webshopDetailAddressLink\")]"}
COMMAND: POST /session/e536ec110769180b9f0ebcb5eee5f0b5/element/f.408B1570E8A847D965033B29CBA075ED.d.36745B921BD60379B637BA44379F37ED.e.5691/click - {}
RESULT: {}
RESULT: {}
COMMAND: GET /session/e536ec110769180b9f0ebcb5eee5f0b5/screenshot - {}
RESULT: {}
COMMAND: POST /session/e536ec110769180b9f0ebcb5eee5f0b5/element - {"using":"xpath","value":"//button[contains(@data-kt ,\"ContextMenuExternalId2Link\")]"}
RESULT: {"using":"xpath","value":"//button[contains(@data-kt ,\"ContextMenuExternalId2Link\")]"}
COMMAND: POST /session/e536ec110769180b9f0ebcb5eee5f0b5/element/f.408B1570E8A847D965033B29CBA075ED.d.36745B921BD60379B637BA44379F37ED.e.5692/click - {}
RESULT: {}
COMMAND: GET /session/e536ec110769180b9f0ebcb5eee5f0b5/screenshot - {}
RESULT: {}
COMMAND: GET /session/e536ec110769180b9f0ebcb5eee5f0b5/window/handles - {}
RESULT: {}
COMMAND: POST /session/e536ec110769180b9f0ebcb5eee5f0b5/window - {"handle":"AC083F9283470372D382DBB484F21EFE"}
RESULT: {"handle":"AC083F9283470372D382DBB484F21EFE"}
COMMAND: GET /session/e536ec110769180b9f0ebcb5eee5f0b5/url - {}
RESULT: {}
COMMAND: GET /session/e536ec110769180b9f0ebcb5eee5f0b5/screenshot - {}
RESULT: {}
COMMAND: POST /session/e536ec110769180b9f0ebcb5eee5f0b5/execute/sync - {"script":"<script> [8489 bytes]","args":[{"element-6066-11e4-a52e-4f735466cecf":"f.408B1570E8A847D965033B29CBA075ED.d.36745B921BD60379B637BA44379F37ED.e.5559","ELEMENT":"f.408B1570E8A847D965033B29CBA075ED.d.36745B921BD60379B637BA44379F37ED.e.5559"}]}
COMMAND: DELETE /session/e536ec110769180b9f0ebcb5eee5f0b5/window - {}
RESULT: {}
COMMAND: POST /session/e536ec110769180b9f0ebcb5eee5f0b5/window - {"handle":"408B1570E8A847D965033B29CBA075ED"}
RESULT: {"handle":"408B1570E8A847D965033B29CBA075ED"}
COMMAND: GET /session/e536ec110769180b9f0ebcb5eee5f0b5/url - {}
COMMAND: POST /session/e536ec110769180b9f0ebcb5eee5f0b5/element - {"using":"xpath","value":"//span[contains(@id ,\"application-addressmanagement-display-component---detailAdm--addressDetailDetailsName1\")][contains(text(), \"WebdriverSitepkbto\")]"}
RESULT: {}
COMMAND: GET /session/e536ec110769180b9f0ebcb5eee5f0b5/screenshot - {}
RESULT: {"using":"xpath","value":"//span[contains(@id ,\"application-addressmanagement-display-component---detailAdm--addressDetailDetailsName1\")][contains(text(), \"WebdriverSitepkbto\")]"}
COMMAND: POST /session/e536ec110769180b9f0ebcb5eee5f0b5/element - {"using":"xpath","value":"//span[contains(@id ,\"application-addressmanagement-display-component---detailAdm--addressDetailDetailsName1\")][contains(text(), \"WebdriverSitepkbto\")]"}
RESULT: {}
RESULT: {"using":"xpath","value":"//span[contains(@id ,\"application-addressmanagement-display-component---detailAdm--addressDetailDetailsName1\")][contains(text(), \"WebdriverSitepkbto\")]"}
COMMAND: POST /session/e536ec110769180b9f0ebcb5eee5f0b5/element - {"using":"xpath","value":"//span[contains(@id ,\"application-addressmanagement-display-component---detailAdm--addressDetailDetailsName1\")][contains(text(), \"WebdriverSitepkbto\")]"}
RESULT: {"using":"xpath","value":"//span[contains(@id ,\"application-addressmanagement-display-component---detailAdm--addressDetailDetailsName1\")][contains(text(), \"WebdriverSitepkbto\")]"}
COMMAND: POST /session/e536ec110769180b9f0ebcb5eee5f0b5/element - {"using":"xpath","value":"//span[contains(@id ,\"application-addressmanagement-display-component---detailAdm--addressDetailDetailsName1\")][contains(text(), \"WebdriverSitepkbto\")]"}
RESULT: {"using":"xpath","value":"//span[contains(@id ,\"application-addressmanagement-display-component---detailAdm--addressDetailDetailsName1\")][contains(text(), \"WebdriverSitepkbto\")]"}
COMMAND: POST /session/e536ec110769180b9f0ebcb5eee5f0b5/element - {"using":"xpath","value":"//span[contains(@id ,\"application-addressmanagement-display-component---detailAdm--addressDetailDetailsName1\")][contains(text(), \"WebdriverSitepkbto\")]"}
RESULT: {"using":"xpath","value":"//span[contains(@id ,\"application-addressmanagement-display-component---detailAdm--addressDetailDetailsName1\")][contains(text(), \"WebdriverSitepkbto\")]"}
COMMAND: POST /session/e536ec110769180b9f0ebcb5eee5f0b5/element - {"using":"xpath","value":"//span[contains(@id ,\"application-addressmanagement-display-component---detailAdm--addressDetailDetailsName1\")][contains(text(), \"WebdriverSitepkbto\")]"}
RESULT: {"using":"xpath","value":"//span[contains(@id ,\"application-addressmanagement-display-component---detailAdm--addressDetailDetailsName1\")][contains(text(), \"WebdriverSitepkbto\")]"}
COMMAND: POST /session/e536ec110769180b9f0ebcb5eee5f0b5/element - {"using":"xpath","value":"//*[contains(@data-kt ,\"webshopDetailCustomerLink\")]"}
RESULT: {"using":"xpath","value":"//*[contains(@data-kt ,\"webshopDetailCustomerLink\")]"}
COMMAND: POST /session/e536ec110769180b9f0ebcb5eee5f0b5/execute/sync - {"script":"<script> [8489 bytes]","args":[{"element-6066-11e4-a52e-4f735466cecf":"f.408B1570E8A847D965033B29CBA075ED.d.36745B921BD60379B637BA44379F37ED.e.5900","ELEMENT":"f.408B1570E8A847D965033B29CBA075ED.d.36745B921BD60379B637BA44379F37ED.e.5900"}]}
RESULT: {"script":"<script> [8489 bytes]","args":[{"element-6066-11e4-a52e-4f735466cecf":"f.408B1570E8A847D965033B29CBA075ED.d.36745B921BD60379B637BA44379F37ED.e.5900","ELEMENT":"f.408B1570E8A847D965033B29CBA075ED.d.36745B921BD60379B637BA44379F37ED.e.5900"}]}
COMMAND: POST /session/e536ec110769180b9f0ebcb5eee5f0b5/execute/sync - {"script":"<script> [5351 bytes]","args":[{"element-6066-11e4-a52e-4f735466cecf":"f.408B1570E8A847D965033B29CBA075ED.d.36745B921BD60379B637BA44379F37ED.e.5900","ELEMENT":"f.408B1570E8A847D965033B29CBA075ED.d.36745B921BD60379B637BA44379F37ED.e.5900"}]}
COMMAND: GET /session/e536ec110769180b9f0ebcb5eee5f0b5/screenshot - {}
RESULT: {"script":"<script> [5351 bytes]","args":[{"element-6066-11e4-a52e-4f735466cecf":"f.408B1570E8A847D965033B29CBA075ED.d.36745B921BD60379B637BA44379F37ED.e.5900","ELEMENT":"f.408B1570E8A847D965033B29CBA075ED.d.36745B921BD60379B637BA44379F37ED.e.5900"}]}
COMMAND: POST /session/e536ec110769180b9f0ebcb5eee5f0b5/element - {"using":"xpath","value":"//*[contains(@data-kt ,\"webshopDetailCustomerLink\")]"}
COMMAND: GET /session/e536ec110769180b9f0ebcb5eee5f0b5/screenshot - {}
COMMAND: POST /session/e536ec110769180b9f0ebcb5eee5f0b5/element - {"using":"xpath","value":"//span[contains(@id ,\"application-addressmanagement-display-component---detailAdm--addressDetailDetailsName1\")][contains(text(), \"WebdriverSitepkbto\")]"}
RESULT: {}
RESULT: {"using":"xpath","value":"//*[contains(@data-kt ,\"webshopDetailCustomerLink\")]"}
COMMAND: POST /session/e536ec110769180b9f0ebcb5eee5f0b5/element/f.408B1570E8A847D965033B29CBA075ED.d.36745B921BD60379B637BA44379F37ED.e.5900/click - {}
RESULT: {}
RESULT: {"using":"xpath","value":"//span[contains(@id ,\"application-addressmanagement-display-component---detailAdm--addressDetailDetailsName1\")][contains(text(), \"WebdriverSitepkbto\")]"}
RESULT: {}
COMMAND: GET /session/e536ec110769180b9f0ebcb5eee5f0b5/screenshot - {}
RESULT: {}
COMMAND: POST /session/e536ec110769180b9f0ebcb5eee5f0b5/element - {"using":"xpath","value":"//span[contains(@id ,\"application-addressmanagement-display-component---detailAdm--addressDetailDetailsName1\")][contains(text(), \"WebdriverSitepkbto\")]"}
RESULT: {"using":"xpath","value":"//span[contains(@id ,\"application-addressmanagement-display-component---detailAdm--addressDetailDetailsName1\")][contains(text(), \"WebdriverSitepkbto\")]"}
COMMAND: POST /session/e536ec110769180b9f0ebcb5eee5f0b5/element - {"using":"xpath","value":"//span[contains(@id ,\"application-addressmanagement-display-component---detailAdm--addressDetailDetailsName1\")][contains(text(), \"WebdriverSitepkbto\")]"}
RESULT: {"using":"xpath","value":"//span[contains(@id ,\"application-addressmanagement-display-component---detailAdm--addressDetailDetailsName1\")][contains(text(), \"WebdriverSitepkbto\")]"}
COMMAND: POST /session/e536ec110769180b9f0ebcb5eee5f0b5/element - {"using":"xpath","value":"//span[contains(@id ,\"application-addressmanagement-display-component---detailAdm--addressDetailDetailsName1\")][contains(text(), \"WebdriverSitepkbto\")]"}
RESULT: {"using":"xpath","value":"//span[contains(@id ,\"application-addressmanagement-display-component---detailAdm--addressDetailDetailsName1\")][contains(text(), \"WebdriverSitepkbto\")]"}
COMMAND: POST /session/e536ec110769180b9f0ebcb5eee5f0b5/element - {"using":"xpath","value":"//span[contains(@id ,\"application-addressmanagement-display-component---detailAdm--addressDetailDetailsName1\")][contains(text(), \"WebdriverSitepkbto\")]"}
RESULT: {"using":"xpath","value":"//span[contains(@id ,\"application-addressmanagement-display-component---detailAdm--addressDetailDetailsName1\")][contains(text(), \"WebdriverSitepkbto\")]"}
COMMAND: POST /session/e536ec110769180b9f0ebcb5eee5f0b5/element - {"using":"xpath","value":"//*[contains(@data-kt ,\"ContextMenuId2Link\")][contains(text(), \"Partner Overview\")]"}
RESULT: {"using":"xpath","value":"//*[contains(@data-kt ,\"ContextMenuId2Link\")][contains(text(), \"Partner Overview\")]"}
COMMAND: POST /session/e536ec110769180b9f0ebcb5eee5f0b5/execute/sync - {"script":"<script> [8489 bytes]","args":[{"element-6066-11e4-a52e-4f735466cecf":"f.408B1570E8A847D965033B29CBA075ED.d.36745B921BD60379B637BA44379F37ED.e.5902","ELEMENT":"f.408B1570E8A847D965033B29CBA075ED.d.36745B921BD60379B637BA44379F37ED.e.5902"}]}
COMMAND: POST /session/e536ec110769180b9f0ebcb5eee5f0b5/element - {"using":"xpath","value":"//*[contains(@data-kt ,\"ContextMenuId2Link\")][contains(text(), \"Partner Overview\")]"}
RESULT: {"script":"<script> [8489 bytes]","args":[{"element-6066-11e4-a52e-4f735466cecf":"f.408B1570E8A847D965033B29CBA075ED.d.36745B921BD60379B637BA44379F37ED.e.5902","ELEMENT":"f.408B1570E8A847D965033B29CBA075ED.d.36745B921BD60379B637BA44379F37ED.e.5902"}]}
COMMAND: GET /session/e536ec110769180b9f0ebcb5eee5f0b5/screenshot - {}
RESULT: {"using":"xpath","value":"//*[contains(@data-kt ,\"ContextMenuId2Link\")][contains(text(), \"Partner Overview\")]"}
COMMAND: POST /session/e536ec110769180b9f0ebcb5eee5f0b5/element/f.408B1570E8A847D965033B29CBA075ED.d.36745B921BD60379B637BA44379F37ED.e.5902/click - {}
RESULT: {}
COMMAND: POST /session/e536ec110769180b9f0ebcb5eee5f0b5/element - {"using":"xpath","value":"//span[contains(@id ,\"application-addressmanagement-display-component---detailAdm--addressDetailDetailsName1\")][contains(text(), \"WebdriverSitepkbto\")]"}
RESULT: {}
COMMAND: GET /session/e536ec110769180b9f0ebcb5eee5f0b5/screenshot - {}
RESULT: {"using":"xpath","value":"//span[contains(@id ,\"application-addressmanagement-display-component---detailAdm--addressDetailDetailsName1\")][contains(text(), \"WebdriverSitepkbto\")]"}
COMMAND: POST /session/e536ec110769180b9f0ebcb5eee5f0b5/element - {"using":"xpath","value":"//span[contains(@id ,\"application-addressmanagement-display-component---detailAdm--addressDetailDetailsName1\")][contains(text(), \"WebdriverSitepkbto\")]"}
RESULT: {}
RESULT: {"using":"xpath","value":"//span[contains(@id ,\"application-addressmanagement-display-component---detailAdm--addressDetailDetailsName1\")][contains(text(), \"WebdriverSitepkbto\")]"}
COMMAND: POST /session/e536ec110769180b9f0ebcb5eee5f0b5/element - {"using":"xpath","value":"//span[contains(@id ,\"application-addressmanagement-display-component---detailAdm--addressDetailDetailsName1\")][contains(text(), \"WebdriverSitepkbto\")]"}
RESULT: {"using":"xpath","value":"//span[contains(@id ,\"application-addressmanagement-display-component---detailAdm--addressDetailDetailsName1\")][contains(text(), \"WebdriverSitepkbto\")]"}
COMMAND: POST /session/e536ec110769180b9f0ebcb5eee5f0b5/element - {"using":"xpath","value":"//span[contains(@id ,\"application-addressmanagement-display-component---detailAdm--addressDetailDetailsName1\")][contains(text(), \"WebdriverSitepkbto\")]"}
RESULT: {"using":"xpath","value":"//span[contains(@id ,\"application-addressmanagement-display-component---detailAdm--addressDetailDetailsName1\")][contains(text(), \"WebdriverSitepkbto\")]"}
COMMAND: POST /session/e536ec110769180b9f0ebcb5eee5f0b5/element - {"using":"xpath","value":"//span[contains(@id ,\"application-addressmanagement-display-component---detailAdm--addressDetailDetailsName1\")][contains(text(), \"WebdriverSitepkbto\")]"}
RESULT: {"using":"xpath","value":"//span[contains(@id ,\"application-addressmanagement-display-component---detailAdm--addressDetailDetailsName1\")][contains(text(), \"WebdriverSitepkbto\")]"}
COMMAND: POST /session/e536ec110769180b9f0ebcb5eee5f0b5/element - {"using":"xpath","value":"//span[contains(@id ,\"application-addressmanagement-display-component---detailAdm--addressDetailDetailsName1\")][contains(text(), \"WebdriverSitepkbto\")]"}
RESULT: {"using":"xpath","value":"//span[contains(@id ,\"application-addressmanagement-display-component---detailAdm--addressDetailDetailsName1\")][contains(text(), \"WebdriverSitepkbto\")]"}
COMMAND: POST /session/e536ec110769180b9f0ebcb5eee5f0b5/element - {"using":"xpath","value":"//span[contains(@id ,\"application-addressmanagement-display-component---detailAdm--addressDetailDetailsName1\")][contains(text(), \"WebdriverSitepkbto\")]"}
RESULT: {"using":"xpath","value":"//span[contains(@id ,\"application-addressmanagement-display-component---detailAdm--addressDetailDetailsName1\")][contains(text(), \"WebdriverSitepkbto\")]"}
COMMAND: POST /session/e536ec110769180b9f0ebcb5eee5f0b5/element - {"using":"xpath","value":"//span[contains(@id ,\"application-addressmanagement-display-component---detailAdm--addressDetailDetailsName1\")][contains(text(), \"WebdriverSitepkbto\")]"}
RESULT: {"using":"xpath","value":"//span[contains(@id ,\"application-addressmanagement-display-component---detailAdm--addressDetailDetailsName1\")][contains(text(), \"WebdriverSitepkbto\")]"}
COMMAND: POST /session/e536ec110769180b9f0ebcb5eee5f0b5/element - {"using":"xpath","value":"//span[contains(@id ,\"application-addressmanagement-display-component---detailAdm--addressDetailDetailsName1\")][contains(text(), \"WebdriverSitepkbto\")]"}
RESULT: {"using":"xpath","value":"//span[contains(@id ,\"application-addressmanagement-display-component---detailAdm--addressDetailDetailsName1\")][contains(text(), \"WebdriverSitepkbto\")]"}
COMMAND: POST /session/e536ec110769180b9f0ebcb5eee5f0b5/element - {"using":"xpath","value":"//span[contains(@id ,\"application-addressmanagement-display-component---detailAdm--addressDetailDetailsName1\")][contains(text(), \"WebdriverSitepkbto\")]"}
RESULT: {"using":"xpath","value":"//span[contains(@id ,\"application-addressmanagement-display-component---detailAdm--addressDetailDetailsName1\")][contains(text(), \"WebdriverSitepkbto\")]"}
COMMAND: POST /session/e536ec110769180b9f0ebcb5eee5f0b5/element - {"using":"xpath","value":"//span[contains(@id ,\"application-addressmanagement-display-component---detailAdm--addressDetailDetailsName1\")][contains(text(), \"WebdriverSitepkbto\")]"}
RESULT: {"using":"xpath","value":"//span[contains(@id ,\"application-addressmanagement-display-component---detailAdm--addressDetailDetailsName1\")][contains(text(), \"WebdriverSitepkbto\")]"}
COMMAND: POST /session/e536ec110769180b9f0ebcb5eee5f0b5/element - {"using":"xpath","value":"//span[contains(@id ,\"application-addressmanagement-display-component---detailAdm--addressDetailDetailsName1\")][contains(text(), \"WebdriverSitepkbto\")]"}
RESULT: {"using":"xpath","value":"//span[contains(@id ,\"application-addressmanagement-display-component---detailAdm--addressDetailDetailsName1\")][contains(text(), \"WebdriverSitepkbto\")]"}
COMMAND: POST /session/e536ec110769180b9f0ebcb5eee5f0b5/element - {"using":"xpath","value":"//span[contains(@id ,\"application-addressmanagement-display-component---detailAdm--addressDetailDetailsName1\")][contains(text(), \"WebdriverSitepkbto\")]"}
RESULT: {"using":"xpath","value":"//span[contains(@id ,\"application-addressmanagement-display-component---detailAdm--addressDetailDetailsName1\")][contains(text(), \"WebdriverSitepkbto\")]"}
COMMAND: POST /session/e536ec110769180b9f0ebcb5eee5f0b5/element - {"using":"xpath","value":"//span[contains(@id ,\"application-addressmanagement-display-component---detailAdm--addressDetailDetailsName1\")][contains(text(), \"WebdriverSitepkbto\")]"}
RESULT: {"using":"xpath","value":"//span[contains(@id ,\"application-addressmanagement-display-component---detailAdm--addressDetailDetailsName1\")][contains(text(), \"WebdriverSitepkbto\")]"}
COMMAND: POST /session/e536ec110769180b9f0ebcb5eee5f0b5/element - {"using":"xpath","value":"//span[contains(@id ,\"application-addressmanagement-display-component---detailAdm--addressDetailDetailsName1\")][contains(text(), \"WebdriverSitepkbto\")]"}
RESULT: {"using":"xpath","value":"//span[contains(@id ,\"application-addressmanagement-display-component---detailAdm--addressDetailDetailsName1\")][contains(text(), \"WebdriverSitepkbto\")]"}
COMMAND: POST /session/e536ec110769180b9f0ebcb5eee5f0b5/element - {"using":"xpath","value":"//span[contains(@id ,\"application-addressmanagement-display-component---detailAdm--addressDetailDetailsName1\")][contains(text(), \"WebdriverSitepkbto\")]"}
RESULT: {"using":"xpath","value":"//span[contains(@id ,\"application-addressmanagement-display-component---detailAdm--addressDetailDetailsName1\")][contains(text(), \"WebdriverSitepkbto\")]"}
RESULT: undefined
COMMAND: POST /session/e536ec110769180b9f0ebcb5eee5f0b5/execute/async - {"script":"<script> [6424 bytes]","args":[{"element-6066-11e4-a52e-4f735466cecf":"f.408B1570E8A847D965033B29CBA075ED.d.36745B921BD60379B637BA44379F37ED.e.3209"},"getTitle",[]]}
COMMAND: POST /session/e536ec110769180b9f0ebcb5eee5f0b5/execute/async - {"script":"<script> [1562 bytes]","args":[{"selector":{"id":"shellAppTitle"},"wdio_ui5_key":"shellAppTitle"}]}
COMMAND: POST /session/e536ec110769180b9f0ebcb5eee5f0b5/element - {"using":"xpath","value":"//span[contains(@id ,\"application-addressmanagement-display-component---detailAdm--addressDetailDetailsName1\")][contains(text(), \"WebdriverSitepkbto\")]"}
RESULT: {"script":"<script> [1562 bytes]","args":[{"selector":{"id":"shellAppTitle"},"wdio_ui5_key":"shellAppTitle"}]}
COMMAND: POST /session/e536ec110769180b9f0ebcb5eee5f0b5/execute/async - {"script":"<script> [6424 bytes]","args":[{"element-6066-11e4-a52e-4f735466cecf":"f.408B1570E8A847D965033B29CBA075ED.d.36745B921BD60379B637BA44379F37ED.e.6133"},"getTitle",[]]}
RESULT: {"using":"xpath","value":"//span[contains(@id ,\"application-addressmanagement-display-component---detailAdm--addressDetailDetailsName1\")][contains(text(), \"WebdriverSitepkbto\")]"}
RESULT: {"script":"<script> [6424 bytes]","args":[{"element-6066-11e4-a52e-4f735466cecf":"f.408B1570E8A847D965033B29CBA075ED.d.36745B921BD60379B637BA44379F37ED.e.6133"},"getTitle",[]]}
COMMAND: POST /session/e536ec110769180b9f0ebcb5eee5f0b5/element - {"using":"xpath","value":"//span[contains(@id ,\"title\")][contains(text(), \"WebdriverPartneraumt2\")]"}
RESULT: {"using":"xpath","value":"//span[contains(@id ,\"title\")][contains(text(), \"WebdriverPartneraumt2\")]"}
COMMAND: POST /session/e536ec110769180b9f0ebcb5eee5f0b5/execute/sync - {"script":"<script> [8489 bytes]","args":[{"element-6066-11e4-a52e-4f735466cecf":"f.408B1570E8A847D965033B29CBA075ED.d.36745B921BD60379B637BA44379F37ED.e.6134","ELEMENT":"f.408B1570E8A847D965033B29CBA075ED.d.36745B921BD60379B637BA44379F37ED.e.6134"}]}
RESULT: undefined
COMMAND: POST /session/e536ec110769180b9f0ebcb5eee5f0b5/element - {"using":"xpath","value":"//*[@id=\"backBtn\"]"}
RESULT: {"using":"xpath","value":"//*[@id=\"backBtn\"]"}
COMMAND: POST /session/e536ec110769180b9f0ebcb5eee5f0b5/element/f.408B1570E8A847D965033B29CBA075ED.d.36745B921BD60379B637BA44379F37ED.e.3211/click - {}
RESULT: {"script":"<script> [8489 bytes]","args":[{"element-6066-11e4-a52e-4f735466cecf":"f.408B1570E8A847D965033B29CBA075ED.d.36745B921BD60379B637BA44379F37ED.e.6134","ELEMENT":"f.408B1570E8A847D965033B29CBA075ED.d.36745B921BD60379B637BA44379F37ED.e.6134"}]}
COMMAND: POST /session/e536ec110769180b9f0ebcb5eee5f0b5/element - {"using":"xpath","value":"//span[contains(@id ,\"application-addressmanagement-display-component---detailAdm--addressDetailDetailsName1\")][contains(text(), \"WebdriverSitepkbto\")]"}
COMMAND: GET /session/e536ec110769180b9f0ebcb5eee5f0b5/screenshot - {}
RESULT: {}
COMMAND: GET /session/e536ec110769180b9f0ebcb5eee5f0b5/screenshot - {}
RESULT: {"using":"xpath","value":"//span[contains(@id ,\"application-addressmanagement-display-component---detailAdm--addressDetailDetailsName1\")][contains(text(), \"WebdriverSitepkbto\")]"}
COMMAND: POST /session/e536ec110769180b9f0ebcb5eee5f0b5/execute/sync - {"script":"<script> [8489 bytes]","args":[{"element-6066-11e4-a52e-4f735466cecf":"f.408B1570E8A847D965033B29CBA075ED.d.36745B921BD60379B637BA44379F37ED.e.6134","ELEMENT":"f.408B1570E8A847D965033B29CBA075ED.d.36745B921BD60379B637BA44379F37ED.e.6134"}]}
COMMAND: POST /session/e536ec110769180b9f0ebcb5eee5f0b5/element - {"using":"xpath","value":"//span[contains(@id ,\"application-addressmanagement-display-component---detailAdm--addressDetailDetailsName1\")][contains(text(), \"WebdriverSitepkbto\")]"}
RESULT: {}
RESULT: {}
COMMAND: POST /session/e536ec110769180b9f0ebcb5eee5f0b5/element - {"using":"xpath","value":"//span[contains(@id ,\"title\")][contains(text(), \"WebdriverPartneraumt2\")]"}
RESULT: {"using":"xpath","value":"//span[contains(@id ,\"application-addressmanagement-display-component---detailAdm--addressDetailDetailsName1\")][contains(text(), \"WebdriverSitepkbto\")]"}
RESULT: {"using":"xpath","value":"//span[contains(@id ,\"title\")][contains(text(), \"WebdriverPartneraumt2\")]"}
COMMAND: POST /session/e536ec110769180b9f0ebcb5eee5f0b5/element - {"using":"xpath","value":"//span[contains(@id ,\"title\")][contains(text(), \"WebdriverPartneraumt2\")]"}
RESULT: {"using":"xpath","value":"//span[contains(@id ,\"title\")][contains(text(), \"WebdriverPartneraumt2\")]"}
COMMAND: POST /session/e536ec110769180b9f0ebcb5eee5f0b5/element - {"using":"xpath","value":"//span[contains(@id ,\"application-addressmanagement-display-component---detailAdm--addressDetailDetailsName1\")][contains(text(), \"WebdriverSitepkbto\")]"}
COMMAND: POST /session/e536ec110769180b9f0ebcb5eee5f0b5/element - {"using":"xpath","value":"//span[contains(@id ,\"title\")][contains(text(), \"WebdriverPartneraumt2\")]"}
RESULT: {"using":"xpath","value":"//span[contains(@id ,\"application-addressmanagement-display-component---detailAdm--addressDetailDetailsName1\")][contains(text(), \"WebdriverSitepkbto\")]"}
RESULT: {"using":"xpath","value":"//span[contains(@id ,\"title\")][contains(text(), \"WebdriverPartneraumt2\")]"}
COMMAND: POST /session/e536ec110769180b9f0ebcb5eee5f0b5/element - {"using":"xpath","value":"//span[contains(@id ,\"application-addressmanagement-display-component---detailAdm--addressDetailDetailsName1\")][contains(text(), \"WebdriverSitepkbto\")]"}
COMMAND: POST /session/e536ec110769180b9f0ebcb5eee5f0b5/element - {"using":"xpath","value":"//span[contains(@id ,\"title\")][contains(text(), \"WebdriverPartneraumt2\")]"}
RESULT: {"using":"xpath","value":"//span[contains(@id ,\"application-addressmanagement-display-component---detailAdm--addressDetailDetailsName1\")][contains(text(), \"WebdriverSitepkbto\")]"}
RESULT: {"using":"xpath","value":"//span[contains(@id ,\"title\")][contains(text(), \"WebdriverPartneraumt2\")]"}
COMMAND: POST /session/e536ec110769180b9f0ebcb5eee5f0b5/element - {"using":"xpath","value":"//span[contains(@id ,\"application-addressmanagement-display-component---detailAdm--addressDetailDetailsName1\")][contains(text(), \"WebdriverSitepkbto\")]"}
RESULT: {"using":"xpath","value":"//span[contains(@id ,\"application-addressmanagement-display-component---detailAdm--addressDetailDetailsName1\")][contains(text(), \"WebdriverSitepkbto\")]"}
COMMAND: POST /session/e536ec110769180b9f0ebcb5eee5f0b5/element - {"using":"xpath","value":"//span[contains(@id ,\"title\")][contains(text(), \"WebdriverPartneraumt2\")]"}
RESULT: {"using":"xpath","value":"//span[contains(@id ,\"title\")][contains(text(), \"WebdriverPartneraumt2\")]"}
COMMAND: POST /session/e536ec110769180b9f0ebcb5eee5f0b5/element - {"using":"xpath","value":"//span[contains(@id ,\"application-addressmanagement-display-component---detailAdm--addressDetailDetailsName1\")][contains(text(), \"WebdriverSitepkbto\")]"}
RESULT: {"using":"xpath","value":"//span[contains(@id ,\"application-addressmanagement-display-component---detailAdm--addressDetailDetailsName1\")][contains(text(), \"WebdriverSitepkbto\")]"}
COMMAND: POST /session/e536ec110769180b9f0ebcb5eee5f0b5/element - {"using":"xpath","value":"//span[contains(@id ,\"title\")][contains(text(), \"WebdriverPartneraumt2\")]"}
RESULT: {"using":"xpath","value":"//span[contains(@id ,\"title\")][contains(text(), \"WebdriverPartneraumt2\")]"}
COMMAND: POST /session/e536ec110769180b9f0ebcb5eee5f0b5/element - {"using":"xpath","value":"//span[contains(@id ,\"application-addressmanagement-display-component---detailAdm--addressDetailDetailsName1\")][contains(text(), \"WebdriverSitepkbto\")]"}
RESULT: {"using":"xpath","value":"//span[contains(@id ,\"application-addressmanagement-display-component---detailAdm--addressDetailDetailsName1\")][contains(text(), \"WebdriverSitepkbto\")]"}
COMMAND: POST /session/e536ec110769180b9f0ebcb5eee5f0b5/element - {"using":"xpath","value":"//span[contains(@id ,\"title\")][contains(text(), \"WebdriverPartneraumt2\")]"}
RESULT: {"using":"xpath","value":"//span[contains(@id ,\"title\")][contains(text(), \"WebdriverPartneraumt2\")]"}
COMMAND: POST /session/e536ec110769180b9f0ebcb5eee5f0b5/element - {"using":"xpath","value":"//span[contains(@id ,\"application-addressmanagement-display-component---detailAdm--addressDetailDetailsName1\")][contains(text(), \"WebdriverSitepkbto\")]"}
RESULT: {"using":"xpath","value":"//span[contains(@id ,\"application-addressmanagement-display-component---detailAdm--addressDetailDetailsName1\")][contains(text(), \"WebdriverSitepkbto\")]"}
COMMAND: POST /session/e536ec110769180b9f0ebcb5eee5f0b5/element - {"using":"xpath","value":"//span[contains(@id ,\"title\")][contains(text(), \"WebdriverPartneraumt2\")]"}
RESULT: {"using":"xpath","value":"//span[contains(@id ,\"title\")][contains(text(), \"WebdriverPartneraumt2\")]"}
COMMAND: POST /session/e536ec110769180b9f0ebcb5eee5f0b5/element - {"using":"xpath","value":"//span[contains(@id ,\"application-addressmanagement-display-component---detailAdm--addressDetailDetailsName1\")][contains(text(), \"WebdriverSitepkbto\")]"}
COMMAND: POST /session/e536ec110769180b9f0ebcb5eee5f0b5/element - {"using":"xpath","value":"//span[contains(@id ,\"title\")][contains(text(), \"WebdriverPartneraumt2\")]"}
RESULT: {"using":"xpath","value":"//span[contains(@id ,\"application-addressmanagement-display-component---detailAdm--addressDetailDetailsName1\")][contains(text(), \"WebdriverSitepkbto\")]"}
RESULT: {"using":"xpath","value":"//span[contains(@id ,\"title\")][contains(text(), \"WebdriverPartneraumt2\")]"}
COMMAND: POST /session/e536ec110769180b9f0ebcb5eee5f0b5/element - {"using":"xpath","value":"//span[contains(@id ,\"application-addressmanagement-display-component---detailAdm--addressDetailDetailsName1\")][contains(text(), \"WebdriverSitepkbto\")]"}
COMMAND: POST /session/e536ec110769180b9f0ebcb5eee5f0b5/element - {"using":"xpath","value":"//span[contains(@id ,\"title\")][contains(text(), \"WebdriverPartneraumt2\")]"}
RESULT: {"using":"xpath","value":"//span[contains(@id ,\"application-addressmanagement-display-component---detailAdm--addressDetailDetailsName1\")][contains(text(), \"WebdriverSitepkbto\")]"}
RESULT: {"using":"xpath","value":"//span[contains(@id ,\"title\")][contains(text(), \"WebdriverPartneraumt2\")]"}
COMMAND: POST /session/e536ec110769180b9f0ebcb5eee5f0b5/element - {"using":"xpath","value":"//span[contains(@id ,\"application-addressmanagement-display-component---detailAdm--addressDetailDetailsName1\")][contains(text(), \"WebdriverSitepkbto\")]"}
RESULT: {"using":"xpath","value":"//span[contains(@id ,\"application-addressmanagement-display-component---detailAdm--addressDetailDetailsName1\")][contains(text(), \"WebdriverSitepkbto\")]"}
COMMAND: POST /session/e536ec110769180b9f0ebcb5eee5f0b5/element - {"using":"xpath","value":"//span[contains(@id ,\"title\")][contains(text(), \"WebdriverPartneraumt2\")]"}
RESULT: {"using":"xpath","value":"//span[contains(@id ,\"title\")][contains(text(), \"WebdriverPartneraumt2\")]"}
COMMAND: POST /session/e536ec110769180b9f0ebcb5eee5f0b5/element - {"using":"xpath","value":"//span[contains(@id ,\"application-addressmanagement-display-component---detailAdm--addressDetailDetailsName1\")][contains(text(), \"WebdriverSitepkbto\")]"}
RESULT: {"using":"xpath","value":"//span[contains(@id ,\"application-addressmanagement-display-component---detailAdm--addressDetailDetailsName1\")][contains(text(), \"WebdriverSitepkbto\")]"}
COMMAND: POST /session/e536ec110769180b9f0ebcb5eee5f0b5/element - {"using":"xpath","value":"//span[contains(@id ,\"title\")][contains(text(), \"WebdriverPartneraumt2\")]"}
RESULT: {"using":"xpath","value":"//span[contains(@id ,\"title\")][contains(text(), \"WebdriverPartneraumt2\")]"}
COMMAND: POST /session/e536ec110769180b9f0ebcb5eee5f0b5/element - {"using":"xpath","value":"//span[contains(@id ,\"application-addressmanagement-display-component---detailAdm--addressDetailDetailsName1\")][contains(text(), \"WebdriverSitepkbto\")]"}
RESULT: {"using":"xpath","value":"//span[contains(@id ,\"application-addressmanagement-display-component---detailAdm--addressDetailDetailsName1\")][contains(text(), \"WebdriverSitepkbto\")]"}
COMMAND: POST /session/e536ec110769180b9f0ebcb5eee5f0b5/element - {"using":"xpath","value":"//span[contains(@id ,\"title\")][contains(text(), \"WebdriverPartneraumt2\")]"}
RESULT: {"using":"xpath","value":"//span[contains(@id ,\"title\")][contains(text(), \"WebdriverPartneraumt2\")]"}
COMMAND: POST /session/e536ec110769180b9f0ebcb5eee5f0b5/element - {"using":"xpath","value":"//span[contains(@id ,\"application-addressmanagement-display-component---detailAdm--addressDetailDetailsName1\")][contains(text(), \"WebdriverSitepkbto\")]"}
RESULT: {"using":"xpath","value":"//span[contains(@id ,\"application-addressmanagement-display-component---detailAdm--addressDetailDetailsName1\")][contains(text(), \"WebdriverSitepkbto\")]"}
COMMAND: POST /session/e536ec110769180b9f0ebcb5eee5f0b5/element - {"using":"xpath","value":"//span[contains(@id ,\"title\")][contains(text(), \"WebdriverPartneraumt2\")]"}
RESULT: {"using":"xpath","value":"//span[contains(@id ,\"title\")][contains(text(), \"WebdriverPartneraumt2\")]"}
COMMAND: POST /session/e536ec110769180b9f0ebcb5eee5f0b5/element - {"using":"xpath","value":"//span[contains(@id ,\"application-addressmanagement-display-component---detailAdm--addressDetailDetailsName1\")][contains(text(), \"WebdriverSitepkbto\")]"}
RESULT: {"using":"xpath","value":"//span[contains(@id ,\"application-addressmanagement-display-component---detailAdm--addressDetailDetailsName1\")][contains(text(), \"WebdriverSitepkbto\")]"}
COMMAND: POST /session/e536ec110769180b9f0ebcb5eee5f0b5/element - {"using":"xpath","value":"//span[contains(@id ,\"title\")][contains(text(), \"WebdriverPartneraumt2\")]"}
RESULT: {"using":"xpath","value":"//span[contains(@id ,\"title\")][contains(text(), \"WebdriverPartneraumt2\")]"}
COMMAND: POST /session/e536ec110769180b9f0ebcb5eee5f0b5/element - {"using":"xpath","value":"//span[contains(@id ,\"application-addressmanagement-display-component---detailAdm--addressDetailDetailsName1\")][contains(text(), \"WebdriverSitepkbto\")]"}
RESULT: {"using":"xpath","value":"//span[contains(@id ,\"application-addressmanagement-display-component---detailAdm--addressDetailDetailsName1\")][contains(text(), \"WebdriverSitepkbto\")]"}
COMMAND: POST /session/e536ec110769180b9f0ebcb5eee5f0b5/element - {"using":"xpath","value":"//span[contains(@id ,\"title\")][contains(text(), \"WebdriverPartneraumt2\")]"}
RESULT: {"using":"xpath","value":"//span[contains(@id ,\"title\")][contains(text(), \"WebdriverPartneraumt2\")]"}
COMMAND: POST /session/e536ec110769180b9f0ebcb5eee5f0b5/execute/sync - {"script":"<script> [8489 bytes]","args":[{"element-6066-11e4-a52e-4f735466cecf":"f.408B1570E8A847D965033B29CBA075ED.d.36745B921BD60379B637BA44379F37ED.e.5900","ELEMENT":"f.408B1570E8A847D965033B29CBA075ED.d.36745B921BD60379B637BA44379F37ED.e.5900"}]}
COMMAND: POST /session/e536ec110769180b9f0ebcb5eee5f0b5/element - {"using":"xpath","value":"//*[contains(@data-kt ,\"webshopDetailCustomerLink\")]"}
RESULT: {"using":"xpath","value":"//*[contains(@data-kt ,\"webshopDetailCustomerLink\")]"}
COMMAND: POST /session/e536ec110769180b9f0ebcb5eee5f0b5/execute/sync - {"script":"<script> [8489 bytes]","args":[{"element-6066-11e4-a52e-4f735466cecf":"f.408B1570E8A847D965033B29CBA075ED.d.36745B921BD60379B637BA44379F37ED.e.6312","ELEMENT":"f.408B1570E8A847D965033B29CBA075ED.d.36745B921BD60379B637BA44379F37ED.e.6312"}]}
RESULT: {"script":"<script> [8489 bytes]","args":[{"element-6066-11e4-a52e-4f735466cecf":"f.408B1570E8A847D965033B29CBA075ED.d.36745B921BD60379B637BA44379F37ED.e.6312","ELEMENT":"f.408B1570E8A847D965033B29CBA075ED.d.36745B921BD60379B637BA44379F37ED.e.6312"}]}
COMMAND: POST /session/e536ec110769180b9f0ebcb5eee5f0b5/execute/sync - {"script":"<script> [5351 bytes]","args":[{"element-6066-11e4-a52e-4f735466cecf":"f.408B1570E8A847D965033B29CBA075ED.d.36745B921BD60379B637BA44379F37ED.e.6312","ELEMENT":"f.408B1570E8A847D965033B29CBA075ED.d.36745B921BD60379B637BA44379F37ED.e.6312"}]}
COMMAND: GET /session/e536ec110769180b9f0ebcb5eee5f0b5/screenshot - {}
RESULT: {"script":"<script> [5351 bytes]","args":[{"element-6066-11e4-a52e-4f735466cecf":"f.408B1570E8A847D965033B29CBA075ED.d.36745B921BD60379B637BA44379F37ED.e.6312","ELEMENT":"f.408B1570E8A847D965033B29CBA075ED.d.36745B921BD60379B637BA44379F37ED.e.6312"}]}
COMMAND: POST /session/e536ec110769180b9f0ebcb5eee5f0b5/element - {"using":"xpath","value":"//*[contains(@data-kt ,\"webshopDetailCustomerLink\")]"}
COMMAND: GET /session/e536ec110769180b9f0ebcb5eee5f0b5/screenshot - {}
RESULT: {}
RESULT: {"using":"xpath","value":"//*[contains(@data-kt ,\"webshopDetailCustomerLink\")]"}
COMMAND: POST /session/e536ec110769180b9f0ebcb5eee5f0b5/element/f.408B1570E8A847D965033B29CBA075ED.d.36745B921BD60379B637BA44379F37ED.e.6312/click - {}
COMMAND: POST /session/e536ec110769180b9f0ebcb5eee5f0b5/element - {"using":"xpath","value":"//span[contains(@id ,\"application-addressmanagement-display-component---detailAdm--addressDetailDetailsName1\")][contains(text(), \"WebdriverSitepkbto\")]"}
COMMAND: POST /session/e536ec110769180b9f0ebcb5eee5f0b5/element - {"using":"xpath","value":"//span[contains(@id ,\"title\")][contains(text(), \"WebdriverPartneraumt2\")]"}
RESULT: {}
RESULT: {}
COMMAND: GET /session/e536ec110769180b9f0ebcb5eee5f0b5/screenshot - {}
RESULT: {"using":"xpath","value":"//span[contains(@id ,\"application-addressmanagement-display-component---detailAdm--addressDetailDetailsName1\")][contains(text(), \"WebdriverSitepkbto\")]"}
RESULT: {"using":"xpath","value":"//span[contains(@id ,\"title\")][contains(text(), \"WebdriverPartneraumt2\")]"}
COMMAND: POST /session/e536ec110769180b9f0ebcb5eee5f0b5/execute/sync - {"script":"<script> [8489 bytes]","args":[{"element-6066-11e4-a52e-4f735466cecf":"f.408B1570E8A847D965033B29CBA075ED.d.36745B921BD60379B637BA44379F37ED.e.6315","ELEMENT":"f.408B1570E8A847D965033B29CBA075ED.d.36745B921BD60379B637BA44379F37ED.e.6315"}]}
RESULT: {}
RESULT: {"script":"<script> [8489 bytes]","args":[{"element-6066-11e4-a52e-4f735466cecf":"f.408B1570E8A847D965033B29CBA075ED.d.36745B921BD60379B637BA44379F37ED.e.6315","ELEMENT":"f.408B1570E8A847D965033B29CBA075ED.d.36745B921BD60379B637BA44379F37ED.e.6315"}]}
COMMAND: GET /session/e536ec110769180b9f0ebcb5eee5f0b5/screenshot - {}
RESULT: {}
COMMAND: POST /session/e536ec110769180b9f0ebcb5eee5f0b5/element - {"using":"xpath","value":"//span[contains(@id ,\"application-addressmanagement-display-component---detailAdm--addressDetailDetailsName1\")][contains(text(), \"WebdriverSitepkbto\")]"}
RESULT: {"using":"xpath","value":"//span[contains(@id ,\"application-addressmanagement-display-component---detailAdm--addressDetailDetailsName1\")][contains(text(), \"WebdriverSitepkbto\")]"}
COMMAND: POST /session/e536ec110769180b9f0ebcb5eee5f0b5/element - {"using":"xpath","value":"//span[contains(@id ,\"application-addressmanagement-display-component---detailAdm--addressDetailDetailsName1\")][contains(text(), \"WebdriverSitepkbto\")]"}
RESULT: {"using":"xpath","value":"//span[contains(@id ,\"application-addressmanagement-display-component---detailAdm--addressDetailDetailsName1\")][contains(text(), \"WebdriverSitepkbto\")]"}
COMMAND: POST /session/e536ec110769180b9f0ebcb5eee5f0b5/element - {"using":"xpath","value":"//span[contains(@id ,\"application-addressmanagement-display-component---detailAdm--addressDetailDetailsName1\")][contains(text(), \"WebdriverSitepkbto\")]"}
RESULT: {"using":"xpath","value":"//span[contains(@id ,\"application-addressmanagement-display-component---detailAdm--addressDetailDetailsName1\")][contains(text(), \"WebdriverSitepkbto\")]"}
COMMAND: POST /session/e536ec110769180b9f0ebcb5eee5f0b5/element - {"using":"xpath","value":"//button[contains(@data-kt ,\"ContextMenuExternalId2Link\")]"}
RESULT: {"using":"xpath","value":"//button[contains(@data-kt ,\"ContextMenuExternalId2Link\")]"}
COMMAND: POST /session/e536ec110769180b9f0ebcb5eee5f0b5/element/f.408B1570E8A847D965033B29CBA075ED.d.36745B921BD60379B637BA44379F37ED.e.6314/click - {}
COMMAND: POST /session/e536ec110769180b9f0ebcb5eee5f0b5/element - {"using":"xpath","value":"//span[contains(@id ,\"application-addressmanagement-display-component---detailAdm--addressDetailDetailsName1\")][contains(text(), \"WebdriverSitepkbto\")]"}
RESULT: {}
COMMAND: GET /session/e536ec110769180b9f0ebcb5eee5f0b5/screenshot - {}
RESULT: {"using":"xpath","value":"//span[contains(@id ,\"application-addressmanagement-display-component---detailAdm--addressDetailDetailsName1\")][contains(text(), \"WebdriverSitepkbto\")]"}
RESULT: {}
COMMAND: POST /session/e536ec110769180b9f0ebcb5eee5f0b5/element - {"using":"xpath","value":"//span[contains(@id ,\"application-addressmanagement-display-component---detailAdm--addressDetailDetailsName1\")][contains(text(), \"WebdriverSitepkbto\")]"}
RESULT: {"using":"xpath","value":"//span[contains(@id ,\"application-addressmanagement-display-component---detailAdm--addressDetailDetailsName1\")][contains(text(), \"WebdriverSitepkbto\")]"}
COMMAND: POST /session/e536ec110769180b9f0ebcb5eee5f0b5/element - {"using":"xpath","value":"//span[contains(@id ,\"application-addressmanagement-display-component---detailAdm--addressDetailDetailsName1\")][contains(text(), \"WebdriverSitepkbto\")]"}
RESULT: {"using":"xpath","value":"//span[contains(@id ,\"application-addressmanagement-display-component---detailAdm--addressDetailDetailsName1\")][contains(text(), \"WebdriverSitepkbto\")]"}
COMMAND: POST /session/e536ec110769180b9f0ebcb5eee5f0b5/element - {"using":"xpath","value":"//span[contains(@id ,\"application-addressmanagement-display-component---detailAdm--addressDetailDetailsName1\")][contains(text(), \"WebdriverSitepkbto\")]"}
RESULT: {"using":"xpath","value":"//span[contains(@id ,\"application-addressmanagement-display-component---detailAdm--addressDetailDetailsName1\")][contains(text(), \"WebdriverSitepkbto\")]"}
COMMAND: POST /session/e536ec110769180b9f0ebcb5eee5f0b5/element - {"using":"xpath","value":"//span[contains(@id ,\"application-addressmanagement-display-component---detailAdm--addressDetailDetailsName1\")][contains(text(), \"WebdriverSitepkbto\")]"}
RESULT: {"using":"xpath","value":"//span[contains(@id ,\"application-addressmanagement-display-component---detailAdm--addressDetailDetailsName1\")][contains(text(), \"WebdriverSitepkbto\")]"}
COMMAND: GET /session/e536ec110769180b9f0ebcb5eee5f0b5/window/handles - {}
RESULT: {}
COMMAND: POST /session/e536ec110769180b9f0ebcb5eee5f0b5/window - {"handle":"A42DA63AB1F20244971A60DD26D12FB8"}
RESULT: {"handle":"A42DA63AB1F20244971A60DD26D12FB8"}
COMMAND: GET /session/e536ec110769180b9f0ebcb5eee5f0b5/url - {}
RESULT: {}
COMMAND: GET /session/e536ec110769180b9f0ebcb5eee5f0b5/screenshot - {}
RESULT: {}
COMMAND: POST /session/e536ec110769180b9f0ebcb5eee5f0b5/execute/sync - {"script":"<script> [8489 bytes]","args":[{"element-6066-11e4-a52e-4f735466cecf":"f.408B1570E8A847D965033B29CBA075ED.d.36745B921BD60379B637BA44379F37ED.e.6315","ELEMENT":"f.408B1570E8A847D965033B29CBA075ED.d.36745B921BD60379B637BA44379F37ED.e.6315"}]}
COMMAND: DELETE /session/e536ec110769180b9f0ebcb5eee5f0b5/window - {}
RESULT: {}
COMMAND: POST /session/e536ec110769180b9f0ebcb5eee5f0b5/window - {"handle":"408B1570E8A847D965033B29CBA075ED"}
RESULT: {"handle":"408B1570E8A847D965033B29CBA075ED"}
COMMAND: GET /session/e536ec110769180b9f0ebcb5eee5f0b5/url - {}
RESULT: {"script":"<script> [8489 bytes]","args":[{"element-6066-11e4-a52e-4f735466cecf":"f.408B1570E8A847D965033B29CBA075ED.d.36745B921BD60379B637BA44379F37ED.e.6315","ELEMENT":"f.408B1570E8A847D965033B29CBA075ED.d.36745B921BD60379B637BA44379F37ED.e.6315"}]}
COMMAND: GET /session/e536ec110769180b9f0ebcb5eee5f0b5/screenshot - {}
RESULT: {}
COMMAND: GET /session/e536ec110769180b9f0ebcb5eee5f0b5/screenshot - {}
RESULT: {}
RESULT: {}
COMMAND: POST /session/e536ec110769180b9f0ebcb5eee5f0b5/element - {"using":"xpath","value":"//*[contains(@data-kt ,\"webshopDetailContractLink\")]"}
RESULT: {"using":"xpath","value":"//*[contains(@data-kt ,\"webshopDetailContractLink\")]"}
COMMAND: POST /session/e536ec110769180b9f0ebcb5eee5f0b5/execute/sync - {"script":"<script> [8489 bytes]","args":[{"element-6066-11e4-a52e-4f735466cecf":"f.408B1570E8A847D965033B29CBA075ED.d.36745B921BD60379B637BA44379F37ED.e.6566","ELEMENT":"f.408B1570E8A847D965033B29CBA075ED.d.36745B921BD60379B637BA44379F37ED.e.6566"}]}
RESULT: {"script":"<script> [8489 bytes]","args":[{"element-6066-11e4-a52e-4f735466cecf":"f.408B1570E8A847D965033B29CBA075ED.d.36745B921BD60379B637BA44379F37ED.e.6566","ELEMENT":"f.408B1570E8A847D965033B29CBA075ED.d.36745B921BD60379B637BA44379F37ED.e.6566"}]}
COMMAND: POST /session/e536ec110769180b9f0ebcb5eee5f0b5/execute/sync - {"script":"<script> [5351 bytes]","args":[{"element-6066-11e4-a52e-4f735466cecf":"f.408B1570E8A847D965033B29CBA075ED.d.36745B921BD60379B637BA44379F37ED.e.6566","ELEMENT":"f.408B1570E8A847D965033B29CBA075ED.d.36745B921BD60379B637BA44379F37ED.e.6566"}]}
COMMAND: GET /session/e536ec110769180b9f0ebcb5eee5f0b5/screenshot - {}
RESULT: {"script":"<script> [5351 bytes]","args":[{"element-6066-11e4-a52e-4f735466cecf":"f.408B1570E8A847D965033B29CBA075ED.d.36745B921BD60379B637BA44379F37ED.e.6566","ELEMENT":"f.408B1570E8A847D965033B29CBA075ED.d.36745B921BD60379B637BA44379F37ED.e.6566"}]}
COMMAND: POST /session/e536ec110769180b9f0ebcb5eee5f0b5/element - {"using":"xpath","value":"//*[contains(@data-kt ,\"webshopDetailContractLink\")]"}
COMMAND: GET /session/e536ec110769180b9f0ebcb5eee5f0b5/screenshot - {}
RESULT: {}
RESULT: {"using":"xpath","value":"//*[contains(@data-kt ,\"webshopDetailContractLink\")]"}
COMMAND: POST /session/e536ec110769180b9f0ebcb5eee5f0b5/element/f.408B1570E8A847D965033B29CBA075ED.d.36745B921BD60379B637BA44379F37ED.e.6566/click - {}
RESULT: {}
RESULT: {}
COMMAND: GET /session/e536ec110769180b9f0ebcb5eee5f0b5/screenshot - {}
RESULT: {}
COMMAND: POST /session/e536ec110769180b9f0ebcb5eee5f0b5/element - {"using":"xpath","value":"//*[contains(@data-kt ,\"ContextMenuId2Link\")][contains(text(), \"Contract Overview\")]"}
RESULT: {"using":"xpath","value":"//*[contains(@data-kt ,\"ContextMenuId2Link\")][contains(text(), \"Contract Overview\")]"}
COMMAND: POST /session/e536ec110769180b9f0ebcb5eee5f0b5/execute/sync - {"script":"<script> [8489 bytes]","args":[{"element-6066-11e4-a52e-4f735466cecf":"f.408B1570E8A847D965033B29CBA075ED.d.36745B921BD60379B637BA44379F37ED.e.6568","ELEMENT":"f.408B1570E8A847D965033B29CBA075ED.d.36745B921BD60379B637BA44379F37ED.e.6568"}]}
COMMAND: POST /session/e536ec110769180b9f0ebcb5eee5f0b5/element - {"using":"xpath","value":"//*[contains(@data-kt ,\"ContextMenuId2Link\")][contains(text(), \"Contract Overview\")]"}
RESULT: {"script":"<script> [8489 bytes]","args":[{"element-6066-11e4-a52e-4f735466cecf":"f.408B1570E8A847D965033B29CBA075ED.d.36745B921BD60379B637BA44379F37ED.e.6568","ELEMENT":"f.408B1570E8A847D965033B29CBA075ED.d.36745B921BD60379B637BA44379F37ED.e.6568"}]}
COMMAND: GET /session/e536ec110769180b9f0ebcb5eee5f0b5/screenshot - {}
RESULT: {"using":"xpath","value":"//*[contains(@data-kt ,\"ContextMenuId2Link\")][contains(text(), \"Contract Overview\")]"}
COMMAND: POST /session/e536ec110769180b9f0ebcb5eee5f0b5/element/f.408B1570E8A847D965033B29CBA075ED.d.36745B921BD60379B637BA44379F37ED.e.6568/click - {}
RESULT: {}
RESULT: {}
COMMAND: GET /session/e536ec110769180b9f0ebcb5eee5f0b5/screenshot - {}
RESULT: {}
RESULT: undefined
COMMAND: POST /session/e536ec110769180b9f0ebcb5eee5f0b5/execute/async - {"script":"<script> [6424 bytes]","args":[{"element-6066-11e4-a52e-4f735466cecf":"f.408B1570E8A847D965033B29CBA075ED.d.36745B921BD60379B637BA44379F37ED.e.3209"},"getTitle",[]]}
COMMAND: POST /session/e536ec110769180b9f0ebcb5eee5f0b5/execute/async - {"script":"<script> [1562 bytes]","args":[{"selector":{"id":"shellAppTitle"},"wdio_ui5_key":"shellAppTitle"}]}
RESULT: {"script":"<script> [1562 bytes]","args":[{"selector":{"id":"shellAppTitle"},"wdio_ui5_key":"shellAppTitle"}]}
COMMAND: POST /session/e536ec110769180b9f0ebcb5eee5f0b5/execute/async - {"script":"<script> [6424 bytes]","args":[{"element-6066-11e4-a52e-4f735466cecf":"f.408B1570E8A847D965033B29CBA075ED.d.36745B921BD60379B637BA44379F37ED.e.6811"},"getTitle",[]]}
RESULT: {"script":"<script> [6424 bytes]","args":[{"element-6066-11e4-a52e-4f735466cecf":"f.408B1570E8A847D965033B29CBA075ED.d.36745B921BD60379B637BA44379F37ED.e.6811"},"getTitle",[]]}
COMMAND: POST /session/e536ec110769180b9f0ebcb5eee5f0b5/element - {"using":"xpath","value":"//span[contains(@id ,\"contractDetailTitleNoExpanded\")][contains(text(), \"10539\")]"}
RESULT: {"using":"xpath","value":"//span[contains(@id ,\"contractDetailTitleNoExpanded\")][contains(text(), \"10539\")]"}
COMMAND: POST /session/e536ec110769180b9f0ebcb5eee5f0b5/execute/sync - {"script":"<script> [8489 bytes]","args":[{"element-6066-11e4-a52e-4f735466cecf":"f.408B1570E8A847D965033B29CBA075ED.d.36745B921BD60379B637BA44379F37ED.e.6812","ELEMENT":"f.408B1570E8A847D965033B29CBA075ED.d.36745B921BD60379B637BA44379F37ED.e.6812"}]}
RESULT: undefined
COMMAND: POST /session/e536ec110769180b9f0ebcb5eee5f0b5/element - {"using":"xpath","value":"//*[@id=\"backBtn\"]"}
RESULT: {"script":"<script> [8489 bytes]","args":[{"element-6066-11e4-a52e-4f735466cecf":"f.408B1570E8A847D965033B29CBA075ED.d.36745B921BD60379B637BA44379F37ED.e.6812","ELEMENT":"f.408B1570E8A847D965033B29CBA075ED.d.36745B921BD60379B637BA44379F37ED.e.6812"}]}
COMMAND: GET /session/e536ec110769180b9f0ebcb5eee5f0b5/screenshot - {}
RESULT: {"using":"xpath","value":"//*[@id=\"backBtn\"]"}
COMMAND: POST /session/e536ec110769180b9f0ebcb5eee5f0b5/element/f.408B1570E8A847D965033B29CBA075ED.d.36745B921BD60379B637BA44379F37ED.e.3211/click - {}
RESULT: {}
RESULT: {}
COMMAND: GET /session/e536ec110769180b9f0ebcb5eee5f0b5/screenshot - {}
RESULT: {}
COMMAND: POST /session/e536ec110769180b9f0ebcb5eee5f0b5/execute/sync - {"script":"<script> [8489 bytes]","args":[{"element-6066-11e4-a52e-4f735466cecf":"f.408B1570E8A847D965033B29CBA075ED.d.36745B921BD60379B637BA44379F37ED.e.6566","ELEMENT":"f.408B1570E8A847D965033B29CBA075ED.d.36745B921BD60379B637BA44379F37ED.e.6566"}]}
COMMAND: POST /session/e536ec110769180b9f0ebcb5eee5f0b5/element - {"using":"xpath","value":"//*[contains(@data-kt ,\"webshopDetailContractLink\")]"}
RESULT: {"using":"xpath","value":"//*[contains(@data-kt ,\"webshopDetailContractLink\")]"}
COMMAND: POST /session/e536ec110769180b9f0ebcb5eee5f0b5/execute/sync - {"script":"<script> [8489 bytes]","args":[{"element-6066-11e4-a52e-4f735466cecf":"f.408B1570E8A847D965033B29CBA075ED.d.36745B921BD60379B637BA44379F37ED.e.6990","ELEMENT":"f.408B1570E8A847D965033B29CBA075ED.d.36745B921BD60379B637BA44379F37ED.e.6990"}]}
RESULT: {"script":"<script> [8489 bytes]","args":[{"element-6066-11e4-a52e-4f735466cecf":"f.408B1570E8A847D965033B29CBA075ED.d.36745B921BD60379B637BA44379F37ED.e.6990","ELEMENT":"f.408B1570E8A847D965033B29CBA075ED.d.36745B921BD60379B637BA44379F37ED.e.6990"}]}
COMMAND: POST /session/e536ec110769180b9f0ebcb5eee5f0b5/execute/sync - {"script":"<script> [5351 bytes]","args":[{"element-6066-11e4-a52e-4f735466cecf":"f.408B1570E8A847D965033B29CBA075ED.d.36745B921BD60379B637BA44379F37ED.e.6990","ELEMENT":"f.408B1570E8A847D965033B29CBA075ED.d.36745B921BD60379B637BA44379F37ED.e.6990"}]}
COMMAND: GET /session/e536ec110769180b9f0ebcb5eee5f0b5/screenshot - {}
RESULT: {"script":"<script> [5351 bytes]","args":[{"element-6066-11e4-a52e-4f735466cecf":"f.408B1570E8A847D965033B29CBA075ED.d.36745B921BD60379B637BA44379F37ED.e.6990","ELEMENT":"f.408B1570E8A847D965033B29CBA075ED.d.36745B921BD60379B637BA44379F37ED.e.6990"}]}
COMMAND: POST /session/e536ec110769180b9f0ebcb5eee5f0b5/element - {"using":"xpath","value":"//*[contains(@data-kt ,\"webshopDetailContractLink\")]"}
COMMAND: GET /session/e536ec110769180b9f0ebcb5eee5f0b5/screenshot - {}
RESULT: {}
RESULT: {"using":"xpath","value":"//*[contains(@data-kt ,\"webshopDetailContractLink\")]"}
COMMAND: POST /session/e536ec110769180b9f0ebcb5eee5f0b5/element/f.408B1570E8A847D965033B29CBA075ED.d.36745B921BD60379B637BA44379F37ED.e.6990/click - {}
RESULT: {}
RESULT: {}
COMMAND: GET /session/e536ec110769180b9f0ebcb5eee5f0b5/screenshot - {}
RESULT: {}
COMMAND: POST /session/e536ec110769180b9f0ebcb5eee5f0b5/element - {"using":"xpath","value":"//button[contains(@data-kt ,\"ContextMenuExternalId2Link\")]"}
RESULT: {"using":"xpath","value":"//button[contains(@data-kt ,\"ContextMenuExternalId2Link\")]"}
COMMAND: POST /session/e536ec110769180b9f0ebcb5eee5f0b5/element/f.408B1570E8A847D965033B29CBA075ED.d.36745B921BD60379B637BA44379F37ED.e.6992/click - {}
RESULT: {}
COMMAND: GET /session/e536ec110769180b9f0ebcb5eee5f0b5/screenshot - {}
RESULT: {}
COMMAND: GET /session/e536ec110769180b9f0ebcb5eee5f0b5/window/handles - {}
RESULT: {}
COMMAND: POST /session/e536ec110769180b9f0ebcb5eee5f0b5/window - {"handle":"0DBE4F6D889E48415EBE74E98A270347"}
RESULT: {"handle":"0DBE4F6D889E48415EBE74E98A270347"}
COMMAND: GET /session/e536ec110769180b9f0ebcb5eee5f0b5/url - {}
RESULT: {}
COMMAND: GET /session/e536ec110769180b9f0ebcb5eee5f0b5/screenshot - {}
RESULT: {}
COMMAND: POST /session/e536ec110769180b9f0ebcb5eee5f0b5/execute/sync - {"script":"<script> [8489 bytes]","args":[{"element-6066-11e4-a52e-4f735466cecf":"f.408B1570E8A847D965033B29CBA075ED.d.36745B921BD60379B637BA44379F37ED.e.6812","ELEMENT":"f.408B1570E8A847D965033B29CBA075ED.d.36745B921BD60379B637BA44379F37ED.e.6812"}]}
COMMAND: DELETE /session/e536ec110769180b9f0ebcb5eee5f0b5/window - {}
RESULT: {}
COMMAND: POST /session/e536ec110769180b9f0ebcb5eee5f0b5/window - {"handle":"408B1570E8A847D965033B29CBA075ED"}
RESULT: {"handle":"408B1570E8A847D965033B29CBA075ED"}
COMMAND: GET /session/e536ec110769180b9f0ebcb5eee5f0b5/url - {}
COMMAND: POST /session/e536ec110769180b9f0ebcb5eee5f0b5/element - {"using":"xpath","value":"//span[contains(@id ,\"contractDetailTitleNoExpanded\")][contains(text(), \"10539\")]"}
RESULT: {}
COMMAND: GET /session/e536ec110769180b9f0ebcb5eee5f0b5/screenshot - {}
RESULT: {"using":"xpath","value":"//span[contains(@id ,\"contractDetailTitleNoExpanded\")][contains(text(), \"10539\")]"}
COMMAND: POST /session/e536ec110769180b9f0ebcb5eee5f0b5/element - {"using":"xpath","value":"//span[contains(@id ,\"contractDetailTitleNoExpanded\")][contains(text(), \"10539\")]"}
RESULT: {}
RESULT: {"using":"xpath","value":"//span[contains(@id ,\"contractDetailTitleNoExpanded\")][contains(text(), \"10539\")]"}
COMMAND: POST /session/e536ec110769180b9f0ebcb5eee5f0b5/element - {"using":"xpath","value":"//span[contains(@id ,\"contractDetailTitleNoExpanded\")][contains(text(), \"10539\")]"}
RESULT: {"using":"xpath","value":"//span[contains(@id ,\"contractDetailTitleNoExpanded\")][contains(text(), \"10539\")]"}
COMMAND: POST /session/e536ec110769180b9f0ebcb5eee5f0b5/element - {"using":"xpath","value":"//span[contains(@id ,\"contractDetailTitleNoExpanded\")][contains(text(), \"10539\")]"}
RESULT: {"using":"xpath","value":"//span[contains(@id ,\"contractDetailTitleNoExpanded\")][contains(text(), \"10539\")]"}
COMMAND: POST /session/e536ec110769180b9f0ebcb5eee5f0b5/element - {"using":"xpath","value":"//span[contains(@id ,\"contractDetailTitleNoExpanded\")][contains(text(), \"10539\")]"}
RESULT: {"using":"xpath","value":"//span[contains(@id ,\"contractDetailTitleNoExpanded\")][contains(text(), \"10539\")]"}
COMMAND: POST /session/e536ec110769180b9f0ebcb5eee5f0b5/element - {"using":"xpath","value":"//span[contains(@id ,\"contractDetailTitleNoExpanded\")][contains(text(), \"10539\")]"}
RESULT: {"using":"xpath","value":"//span[contains(@id ,\"contractDetailTitleNoExpanded\")][contains(text(), \"10539\")]"}
COMMAND: POST /session/e536ec110769180b9f0ebcb5eee5f0b5/element - {"using":"xpath","value":"//span[contains(@id ,\"contractDetailTitleNoExpanded\")][contains(text(), \"10539\")]"}
RESULT: {"using":"xpath","value":"//span[contains(@id ,\"contractDetailTitleNoExpanded\")][contains(text(), \"10539\")]"}
COMMAND: POST /session/e536ec110769180b9f0ebcb5eee5f0b5/element - {"using":"xpath","value":"//span[contains(@id ,\"contractDetailTitleNoExpanded\")][contains(text(), \"10539\")]"}
RESULT: {"using":"xpath","value":"//span[contains(@id ,\"contractDetailTitleNoExpanded\")][contains(text(), \"10539\")]"}
COMMAND: POST /session/e536ec110769180b9f0ebcb5eee5f0b5/element - {"using":"xpath","value":"//span[contains(@id ,\"contractDetailTitleNoExpanded\")][contains(text(), \"10539\")]"}
RESULT: {"using":"xpath","value":"//span[contains(@id ,\"contractDetailTitleNoExpanded\")][contains(text(), \"10539\")]"}
COMMAND: POST /session/e536ec110769180b9f0ebcb5eee5f0b5/element - {"using":"xpath","value":"//span[contains(@id ,\"contractDetailTitleNoExpanded\")][contains(text(), \"10539\")]"}
RESULT: {"using":"xpath","value":"//span[contains(@id ,\"contractDetailTitleNoExpanded\")][contains(text(), \"10539\")]"}
COMMAND: POST /session/e536ec110769180b9f0ebcb5eee5f0b5/element - {"using":"xpath","value":"//*[contains(@data-kt ,\"webshopDetailCatalogItemLink\")]"}
RESULT: {"using":"xpath","value":"//*[contains(@data-kt ,\"webshopDetailCatalogItemLink\")]"}
COMMAND: POST /session/e536ec110769180b9f0ebcb5eee5f0b5/execute/sync - {"script":"<script> [8489 bytes]","args":[{"element-6066-11e4-a52e-4f735466cecf":"f.408B1570E8A847D965033B29CBA075ED.d.36745B921BD60379B637BA44379F37ED.e.6956","ELEMENT":"f.408B1570E8A847D965033B29CBA075ED.d.36745B921BD60379B637BA44379F37ED.e.6956"}]}
RESULT: {"script":"<script> [8489 bytes]","args":[{"element-6066-11e4-a52e-4f735466cecf":"f.408B1570E8A847D965033B29CBA075ED.d.36745B921BD60379B637BA44379F37ED.e.6956","ELEMENT":"f.408B1570E8A847D965033B29CBA075ED.d.36745B921BD60379B637BA44379F37ED.e.6956"}]}
COMMAND: POST /session/e536ec110769180b9f0ebcb5eee5f0b5/execute/sync - {"script":"<script> [5351 bytes]","args":[{"element-6066-11e4-a52e-4f735466cecf":"f.408B1570E8A847D965033B29CBA075ED.d.36745B921BD60379B637BA44379F37ED.e.6956","ELEMENT":"f.408B1570E8A847D965033B29CBA075ED.d.36745B921BD60379B637BA44379F37ED.e.6956"}]}
RESULT: {"script":"<script> [5351 bytes]","args":[{"element-6066-11e4-a52e-4f735466cecf":"f.408B1570E8A847D965033B29CBA075ED.d.36745B921BD60379B637BA44379F37ED.e.6956","ELEMENT":"f.408B1570E8A847D965033B29CBA075ED.d.36745B921BD60379B637BA44379F37ED.e.6956"}]}
COMMAND: POST /session/e536ec110769180b9f0ebcb5eee5f0b5/element - {"using":"xpath","value":"//*[contains(@data-kt ,\"webshopDetailCatalogItemLink\")]"}
RESULT: {"using":"xpath","value":"//*[contains(@data-kt ,\"webshopDetailCatalogItemLink\")]"}
COMMAND: POST /session/e536ec110769180b9f0ebcb5eee5f0b5/element/f.408B1570E8A847D965033B29CBA075ED.d.36745B921BD60379B637BA44379F37ED.e.6956/click - {}
COMMAND: GET /session/e536ec110769180b9f0ebcb5eee5f0b5/screenshot - {}
COMMAND: GET /session/e536ec110769180b9f0ebcb5eee5f0b5/screenshot - {}
COMMAND: POST /session/e536ec110769180b9f0ebcb5eee5f0b5/element - {"using":"xpath","value":"//span[contains(@id ,\"contractDetailTitleNoExpanded\")][contains(text(), \"10539\")]"}
RESULT: {}
COMMAND: GET /session/e536ec110769180b9f0ebcb5eee5f0b5/screenshot - {}
RESULT: {}
RESULT: {}
RESULT: {"using":"xpath","value":"//span[contains(@id ,\"contractDetailTitleNoExpanded\")][contains(text(), \"10539\")]"}
RESULT: {}
COMMAND: POST /session/e536ec110769180b9f0ebcb5eee5f0b5/element - {"using":"xpath","value":"//span[contains(@id ,\"contractDetailTitleNoExpanded\")][contains(text(), \"10539\")]"}
RESULT: {"using":"xpath","value":"//span[contains(@id ,\"contractDetailTitleNoExpanded\")][contains(text(), \"10539\")]"}
COMMAND: POST /session/e536ec110769180b9f0ebcb5eee5f0b5/element - {"using":"xpath","value":"//span[contains(@id ,\"contractDetailTitleNoExpanded\")][contains(text(), \"10539\")]"}
RESULT: {"using":"xpath","value":"//span[contains(@id ,\"contractDetailTitleNoExpanded\")][contains(text(), \"10539\")]"}
COMMAND: POST /session/e536ec110769180b9f0ebcb5eee5f0b5/element - {"using":"xpath","value":"//span[contains(@id ,\"contractDetailTitleNoExpanded\")][contains(text(), \"10539\")]"}
RESULT: {"using":"xpath","value":"//span[contains(@id ,\"contractDetailTitleNoExpanded\")][contains(text(), \"10539\")]"}
COMMAND: POST /session/e536ec110769180b9f0ebcb5eee5f0b5/element - {"using":"xpath","value":"//span[contains(@id ,\"contractDetailTitleNoExpanded\")][contains(text(), \"10539\")]"}
RESULT: {"using":"xpath","value":"//span[contains(@id ,\"contractDetailTitleNoExpanded\")][contains(text(), \"10539\")]"}
COMMAND: POST /session/e536ec110769180b9f0ebcb5eee5f0b5/element - {"using":"xpath","value":"//span[contains(@id ,\"contractDetailTitleNoExpanded\")][contains(text(), \"10539\")]"}
RESULT: {"using":"xpath","value":"//span[contains(@id ,\"contractDetailTitleNoExpanded\")][contains(text(), \"10539\")]"}
COMMAND: POST /session/e536ec110769180b9f0ebcb5eee5f0b5/element - {"using":"xpath","value":"//span[contains(@id ,\"contractDetailTitleNoExpanded\")][contains(text(), \"10539\")]"}
RESULT: {"using":"xpath","value":"//span[contains(@id ,\"contractDetailTitleNoExpanded\")][contains(text(), \"10539\")]"}
COMMAND: POST /session/e536ec110769180b9f0ebcb5eee5f0b5/element - {"using":"xpath","value":"(//span[contains(text(), \"Dri-Prime CD150M Diesel Pump\")])[2]"}
COMMAND: POST /session/e536ec110769180b9f0ebcb5eee5f0b5/element - {"using":"xpath","value":"//span[contains(@id ,\"contractDetailTitleNoExpanded\")][contains(text(), \"10539\")]"}
RESULT: {"using":"xpath","value":"(//span[contains(text(), \"Dri-Prime CD150M Diesel Pump\")])[2]"}
COMMAND: POST /session/e536ec110769180b9f0ebcb5eee5f0b5/execute/sync - {"script":"<script> [8489 bytes]","args":[{"element-6066-11e4-a52e-4f735466cecf":"f.408B1570E8A847D965033B29CBA075ED.d.36745B921BD60379B637BA44379F37ED.e.7153","ELEMENT":"f.408B1570E8A847D965033B29CBA075ED.d.36745B921BD60379B637BA44379F37ED.e.7153"}]}
COMMAND: POST /session/e536ec110769180b9f0ebcb5eee5f0b5/element - {"using":"xpath","value":"(//span[contains(text(), \"Description\")])[1]"}
RESULT: {"using":"xpath","value":"//span[contains(@id ,\"contractDetailTitleNoExpanded\")][contains(text(), \"10539\")]"}
RESULT: {"script":"<script> [8489 bytes]","args":[{"element-6066-11e4-a52e-4f735466cecf":"f.408B1570E8A847D965033B29CBA075ED.d.36745B921BD60379B637BA44379F37ED.e.7153","ELEMENT":"f.408B1570E8A847D965033B29CBA075ED.d.36745B921BD60379B637BA44379F37ED.e.7153"}]}
COMMAND: GET /session/e536ec110769180b9f0ebcb5eee5f0b5/screenshot - {}
RESULT: {"using":"xpath","value":"(//span[contains(text(), \"Description\")])[1]"}
COMMAND: GET /session/e536ec110769180b9f0ebcb5eee5f0b5/element/f.408B1570E8A847D965033B29CBA075ED.d.36745B921BD60379B637BA44379F37ED.e.7154/rect - {}
RESULT: {}
RESULT: {}
COMMAND: GET /session/e536ec110769180b9f0ebcb5eee5f0b5/window/rect - {}
RESULT: {}
COMMAND: POST /session/e536ec110769180b9f0ebcb5eee5f0b5/execute/sync - {"script":"<script> [92 bytes]","args":[]}
RESULT: {"script":"<script> [92 bytes]","args":[]}
COMMAND: POST /session/e536ec110769180b9f0ebcb5eee5f0b5/actions - {"actions":[{"id":"action10","type":"wheel","parameters":{},"actions":[{"type":"scroll","x":-1833,"y":-23,"deltaX":0,"deltaY":0,"duration":0,"origin":{"element-6066-11e4-a52e-4f735466cecf":"f.408B1570E8A847D965033B29CBA075ED.d.36745B921BD60379B637BA44379F37ED.e.7154"}}]}]}
COMMAND: GET /session/e536ec110769180b9f0ebcb5eee5f0b5/screenshot - {}
RESULT: {}
COMMAND: POST /session/e536ec110769180b9f0ebcb5eee5f0b5/execute/sync - {"script":"<script> [79 bytes]","args":[{"element-6066-11e4-a52e-4f735466cecf":"f.408B1570E8A847D965033B29CBA075ED.d.36745B921BD60379B637BA44379F37ED.e.7154","ELEMENT":"f.408B1570E8A847D965033B29CBA075ED.d.36745B921BD60379B637BA44379F37ED.e.7154"},{"block":"start","inline":"nearest"}]}
COMMAND: POST /session/e536ec110769180b9f0ebcb5eee5f0b5/element - {"using":"xpath","value":"//span[contains(@id ,\"contractDetailTitleNoExpanded\")][contains(text(), \"10539\")]"}
RESULT: {"script":"<script> [79 bytes]","args":[{"element-6066-11e4-a52e-4f735466cecf":"f.408B1570E8A847D965033B29CBA075ED.d.36745B921BD60379B637BA44379F37ED.e.7154","ELEMENT":"f.408B1570E8A847D965033B29CBA075ED.d.36745B921BD60379B637BA44379F37ED.e.7154"},{"block":"start","inline":"nearest"}]}
COMMAND: GET /session/e536ec110769180b9f0ebcb5eee5f0b5/screenshot - {}
RESULT: {"using":"xpath","value":"//span[contains(@id ,\"contractDetailTitleNoExpanded\")][contains(text(), \"10539\")]"}
RESULT: {}
COMMAND: POST /session/e536ec110769180b9f0ebcb5eee5f0b5/element - {"using":"xpath","value":"//span[contains(@id ,\"contractDetailTitleNoExpanded\")][contains(text(), \"10539\")]"}
RESULT: {"using":"xpath","value":"//span[contains(@id ,\"contractDetailTitleNoExpanded\")][contains(text(), \"10539\")]"}
COMMAND: POST /session/e536ec110769180b9f0ebcb5eee5f0b5/element - {"using":"xpath","value":"//span[contains(@id ,\"contractDetailTitleNoExpanded\")][contains(text(), \"10539\")]"}
RESULT: {"using":"xpath","value":"//span[contains(@id ,\"contractDetailTitleNoExpanded\")][contains(text(), \"10539\")]"}
COMMAND: POST /session/e536ec110769180b9f0ebcb5eee5f0b5/element - {"using":"xpath","value":"//span[contains(@id ,\"contractDetailTitleNoExpanded\")][contains(text(), \"10539\")]"}
RESULT: {"using":"xpath","value":"//span[contains(@id ,\"contractDetailTitleNoExpanded\")][contains(text(), \"10539\")]"}
COMMAND: POST /session/e536ec110769180b9f0ebcb5eee5f0b5/element - {"using":"xpath","value":"//span[contains(@id ,\"contractDetailTitleNoExpanded\")][contains(text(), \"10539\")]"}
RESULT: {"using":"xpath","value":"//span[contains(@id ,\"contractDetailTitleNoExpanded\")][contains(text(), \"10539\")]"}
COMMAND: POST /session/e536ec110769180b9f0ebcb5eee5f0b5/element - {"using":"xpath","value":"//span[contains(@id ,\"contractDetailTitleNoExpanded\")][contains(text(), \"10539\")]"}
RESULT: {"using":"xpath","value":"//span[contains(@id ,\"contractDetailTitleNoExpanded\")][contains(text(), \"10539\")]"}
COMMAND: POST /session/e536ec110769180b9f0ebcb5eee5f0b5/element - {"using":"xpath","value":"(//textarea[@rows=\"15\"])[1]"}
RESULT: {"using":"xpath","value":"(//textarea[@rows=\"15\"])[1]"}
COMMAND: POST /session/e536ec110769180b9f0ebcb5eee5f0b5/execute/sync - {"script":"<script> [8489 bytes]","args":[{"element-6066-11e4-a52e-4f735466cecf":"f.408B1570E8A847D965033B29CBA075ED.d.36745B921BD60379B637BA44379F37ED.e.7152","ELEMENT":"f.408B1570E8A847D965033B29CBA075ED.d.36745B921BD60379B637BA44379F37ED.e.7152"}]}
RESULT: {"script":"<script> [8489 bytes]","args":[{"element-6066-11e4-a52e-4f735466cecf":"f.408B1570E8A847D965033B29CBA075ED.d.36745B921BD60379B637BA44379F37ED.e.7152","ELEMENT":"f.408B1570E8A847D965033B29CBA075ED.d.36745B921BD60379B637BA44379F37ED.e.7152"}]}
COMMAND: GET /session/e536ec110769180b9f0ebcb5eee5f0b5/screenshot - {}
COMMAND: POST /session/e536ec110769180b9f0ebcb5eee5f0b5/element - {"using":"xpath","value":"//span[contains(@id ,\"contractDetailTitleNoExpanded\")][contains(text(), \"10539\")]"}
RESULT: {}
RESULT: {"using":"xpath","value":"//span[contains(@id ,\"contractDetailTitleNoExpanded\")][contains(text(), \"10539\")]"}
COMMAND: POST /session/e536ec110769180b9f0ebcb5eee5f0b5/element - {"using":"xpath","value":"//span[contains(@id ,\"contractDetailTitleNoExpanded\")][contains(text(), \"10539\")]"}
RESULT: {"using":"xpath","value":"//span[contains(@id ,\"contractDetailTitleNoExpanded\")][contains(text(), \"10539\")]"}
COMMAND: POST /session/e536ec110769180b9f0ebcb5eee5f0b5/element - {"using":"xpath","value":"//span[contains(@id ,\"contractDetailTitleNoExpanded\")][contains(text(), \"10539\")]"}
RESULT: {"using":"xpath","value":"//span[contains(@id ,\"contractDetailTitleNoExpanded\")][contains(text(), \"10539\")]"}
COMMAND: POST /session/e536ec110769180b9f0ebcb5eee5f0b5/element - {"using":"xpath","value":"//span[contains(@id ,\"contractDetailTitleNoExpanded\")][contains(text(), \"10539\")]"}
RESULT: {"using":"xpath","value":"//span[contains(@id ,\"contractDetailTitleNoExpanded\")][contains(text(), \"10539\")]"}
COMMAND: POST /session/e536ec110769180b9f0ebcb5eee5f0b5/element - {"using":"xpath","value":"//span[contains(@id ,\"contractDetailTitleNoExpanded\")][contains(text(), \"10539\")]"}
RESULT: {"using":"xpath","value":"//span[contains(@id ,\"contractDetailTitleNoExpanded\")][contains(text(), \"10539\")]"}
COMMAND: POST /session/e536ec110769180b9f0ebcb5eee5f0b5/element - {"using":"xpath","value":"//span[contains(@id ,\"contractDetailTitleNoExpanded\")][contains(text(), \"10539\")]"}
RESULT: {"using":"xpath","value":"//span[contains(@id ,\"contractDetailTitleNoExpanded\")][contains(text(), \"10539\")]"}
COMMAND: POST /session/e536ec110769180b9f0ebcb5eee5f0b5/execute/async - {"script":"<script> [1562 bytes]","args":[{"selector":{"controlType":"sap.tnt.NavigationListItem","viewName":"etm.portal.ui.webshop.view.RequestDetail","i18NText":{"propertyName":"text","key":"exit"},"interaction":{"idSuffix":"a"}},"wdio_ui5_key":"etmportal.ui.webshop.view.RequestDetailsap.tnt.NavigationListItem{\"propertyName\":\"text\",\"key\":\"exit\"}"}]}
COMMAND: POST /session/e536ec110769180b9f0ebcb5eee5f0b5/element - {"using":"xpath","value":"//span[contains(@id ,\"contractDetailTitleNoExpanded\")][contains(text(), \"10539\")]"}
RESULT: {"script":"<script> [1562 bytes]","args":[{"selector":{"controlType":"sap.tnt.NavigationListItem","viewName":"etm.portal.ui.webshop.view.RequestDetail","i18NText":{"propertyName":"text","key":"exit"},"interaction":{"idSuffix":"a"}},"wdio_ui5_key":"etmportal.ui.webshop.view.RequestDetailsap.tnt.NavigationListItem{\"propertyName\":\"text\",\"key\":\"exit\"}"}]}
RESULT: undefined
COMMAND: POST /session/e536ec110769180b9f0ebcb5eee5f0b5/element - {"using":"xpath","value":"//*[@id=\"__item4115\"]"}
RESULT: {"using":"xpath","value":"//span[contains(@id ,\"contractDetailTitleNoExpanded\")][contains(text(), \"10539\")]"}
RESULT: {"using":"xpath","value":"//*[@id=\"__item4115\"]"}
COMMAND: POST /session/e536ec110769180b9f0ebcb5eee5f0b5/element/f.408B1570E8A847D965033B29CBA075ED.d.36745B921BD60379B637BA44379F37ED.e.7160/click - {}
RESULT: {}
COMMAND: GET /session/e536ec110769180b9f0ebcb5eee5f0b5/screenshot - {}
COMMAND: POST /session/e536ec110769180b9f0ebcb5eee5f0b5/element - {"using":"xpath","value":"//span[contains(@id ,\"contractDetailTitleNoExpanded\")][contains(text(), \"10539\")]"}
RESULT: {}
RESULT: {"using":"xpath","value":"//span[contains(@id ,\"contractDetailTitleNoExpanded\")][contains(text(), \"10539\")]"}
COMMAND: POST /session/e536ec110769180b9f0ebcb5eee5f0b5/element - {"using":"xpath","value":"//span[contains(@id ,\"contractDetailTitleNoExpanded\")][contains(text(), \"10539\")]"}
RESULT: {"using":"xpath","value":"//span[contains(@id ,\"contractDetailTitleNoExpanded\")][contains(text(), \"10539\")]"}
COMMAND: POST /session/e536ec110769180b9f0ebcb5eee5f0b5/element - {"using":"xpath","value":"//span[contains(@id ,\"contractDetailTitleNoExpanded\")][contains(text(), \"10539\")]"}
RESULT: {"using":"xpath","value":"//span[contains(@id ,\"contractDetailTitleNoExpanded\")][contains(text(), \"10539\")]"}
COMMAND: POST /session/e536ec110769180b9f0ebcb5eee5f0b5/element - {"using":"xpath","value":"//span[contains(@id ,\"contractDetailTitleNoExpanded\")][contains(text(), \"10539\")]"}
RESULT: {"using":"xpath","value":"//span[contains(@id ,\"contractDetailTitleNoExpanded\")][contains(text(), \"10539\")]"}
COMMAND: POST /session/e536ec110769180b9f0ebcb5eee5f0b5/element - {"using":"xpath","value":"//span[contains(@id ,\"contractDetailTitleNoExpanded\")][contains(text(), \"10539\")]"}
RESULT: {"using":"xpath","value":"//span[contains(@id ,\"contractDetailTitleNoExpanded\")][contains(text(), \"10539\")]"}
COMMAND: POST /session/e536ec110769180b9f0ebcb5eee5f0b5/element - {"using":"xpath","value":"//span[contains(@id ,\"contractDetailTitleNoExpanded\")][contains(text(), \"10539\")]"}
RESULT: {"using":"xpath","value":"//span[contains(@id ,\"contractDetailTitleNoExpanded\")][contains(text(), \"10539\")]"}
COMMAND: POST /session/e536ec110769180b9f0ebcb5eee5f0b5/element - {"using":"xpath","value":"//span[contains(@id ,\"contractDetailTitleNoExpanded\")][contains(text(), \"10539\")]"}
RESULT: {"using":"xpath","value":"//span[contains(@id ,\"contractDetailTitleNoExpanded\")][contains(text(), \"10539\")]"}
COMMAND: POST /session/e536ec110769180b9f0ebcb5eee5f0b5/element - {"using":"xpath","value":"//span[contains(@id ,\"contractDetailTitleNoExpanded\")][contains(text(), \"10539\")]"}
RESULT: {"using":"xpath","value":"//span[contains(@id ,\"contractDetailTitleNoExpanded\")][contains(text(), \"10539\")]"}
COMMAND: POST /session/e536ec110769180b9f0ebcb5eee5f0b5/element - {"using":"xpath","value":"//span[contains(@id ,\"contractDetailTitleNoExpanded\")][contains(text(), \"10539\")]"}
RESULT: {"using":"xpath","value":"//span[contains(@id ,\"contractDetailTitleNoExpanded\")][contains(text(), \"10539\")]"}
COMMAND: POST /session/e536ec110769180b9f0ebcb5eee5f0b5/element - {"using":"xpath","value":"//span[contains(@id ,\"contractDetailTitleNoExpanded\")][contains(text(), \"10539\")]"}
RESULT: {"using":"xpath","value":"//span[contains(@id ,\"contractDetailTitleNoExpanded\")][contains(text(), \"10539\")]"}
COMMAND: POST /session/e536ec110769180b9f0ebcb5eee5f0b5/element - {"using":"xpath","value":"//span[contains(@id ,\"contractDetailTitleNoExpanded\")][contains(text(), \"10539\")]"}
RESULT: {"using":"xpath","value":"//span[contains(@id ,\"contractDetailTitleNoExpanded\")][contains(text(), \"10539\")]"}
COMMAND: POST /session/e536ec110769180b9f0ebcb5eee5f0b5/element - {"using":"xpath","value":"//span[contains(@id ,\"contractDetailTitleNoExpanded\")][contains(text(), \"10539\")]"}
RESULT: {"using":"xpath","value":"//span[contains(@id ,\"contractDetailTitleNoExpanded\")][contains(text(), \"10539\")]"}
COMMAND: POST /session/e536ec110769180b9f0ebcb5eee5f0b5/element - {"using":"xpath","value":"//span[contains(@id ,\"contractDetailTitleNoExpanded\")][contains(text(), \"10539\")]"}
RESULT: {"using":"xpath","value":"//span[contains(@id ,\"contractDetailTitleNoExpanded\")][contains(text(), \"10539\")]"}
COMMAND: POST /session/e536ec110769180b9f0ebcb5eee5f0b5/element - {"using":"xpath","value":"//span[contains(@id ,\"contractDetailTitleNoExpanded\")][contains(text(), \"10539\")]"}
RESULT: {"using":"xpath","value":"//span[contains(@id ,\"contractDetailTitleNoExpanded\")][contains(text(), \"10539\")]"}
COMMAND: POST /session/e536ec110769180b9f0ebcb5eee5f0b5/element - {"using":"xpath","value":"//span[contains(@id ,\"contractDetailTitleNoExpanded\")][contains(text(), \"10539\")]"}
RESULT: {"using":"xpath","value":"//span[contains(@id ,\"contractDetailTitleNoExpanded\")][contains(text(), \"10539\")]"}
COMMAND: POST /session/e536ec110769180b9f0ebcb5eee5f0b5/element - {"using":"xpath","value":"//span[contains(@id ,\"contractDetailTitleNoExpanded\")][contains(text(), \"10539\")]"}
RESULT: {"using":"xpath","value":"//span[contains(@id ,\"contractDetailTitleNoExpanded\")][contains(text(), \"10539\")]"}
COMMAND: POST /session/e536ec110769180b9f0ebcb5eee5f0b5/element - {"using":"xpath","value":"//span[contains(@id ,\"contractDetailTitleNoExpanded\")][contains(text(), \"10539\")]"}
RESULT: {"using":"xpath","value":"//span[contains(@id ,\"contractDetailTitleNoExpanded\")][contains(text(), \"10539\")]"}
COMMAND: POST /session/e536ec110769180b9f0ebcb5eee5f0b5/element - {"using":"xpath","value":"//span[contains(@id ,\"contractDetailTitleNoExpanded\")][contains(text(), \"10539\")]"}
RESULT: {"using":"xpath","value":"//span[contains(@id ,\"contractDetailTitleNoExpanded\")][contains(text(), \"10539\")]"}
COMMAND: POST /session/e536ec110769180b9f0ebcb5eee5f0b5/element - {"using":"xpath","value":"//span[contains(@id ,\"contractDetailTitleNoExpanded\")][contains(text(), \"10539\")]"}
RESULT: {"using":"xpath","value":"//span[contains(@id ,\"contractDetailTitleNoExpanded\")][contains(text(), \"10539\")]"}
COMMAND: POST /session/e536ec110769180b9f0ebcb5eee5f0b5/element - {"using":"xpath","value":"//span[contains(@id ,\"contractDetailTitleNoExpanded\")][contains(text(), \"10539\")]"}
RESULT: {"using":"xpath","value":"//span[contains(@id ,\"contractDetailTitleNoExpanded\")][contains(text(), \"10539\")]"}
COMMAND: POST /session/e536ec110769180b9f0ebcb5eee5f0b5/element - {"using":"xpath","value":"//span[contains(@id ,\"contractDetailTitleNoExpanded\")][contains(text(), \"10539\")]"}
RESULT: {"using":"xpath","value":"//span[contains(@id ,\"contractDetailTitleNoExpanded\")][contains(text(), \"10539\")]"}
COMMAND: POST /session/e536ec110769180b9f0ebcb5eee5f0b5/element - {"using":"xpath","value":"//span[contains(@id ,\"contractDetailTitleNoExpanded\")][contains(text(), \"10539\")]"}
RESULT: {"using":"xpath","value":"//span[contains(@id ,\"contractDetailTitleNoExpanded\")][contains(text(), \"10539\")]"}
COMMAND: POST /session/e536ec110769180b9f0ebcb5eee5f0b5/element - {"using":"xpath","value":"//span[contains(@id ,\"contractDetailTitleNoExpanded\")][contains(text(), \"10539\")]"}
RESULT: {"using":"xpath","value":"//span[contains(@id ,\"contractDetailTitleNoExpanded\")][contains(text(), \"10539\")]"}
COMMAND: POST /session/e536ec110769180b9f0ebcb5eee5f0b5/element - {"using":"xpath","value":"//span[contains(@id ,\"contractDetailTitleNoExpanded\")][contains(text(), \"10539\")]"}
RESULT: {"using":"xpath","value":"//span[contains(@id ,\"contractDetailTitleNoExpanded\")][contains(text(), \"10539\")]"}
COMMAND: POST /session/e536ec110769180b9f0ebcb5eee5f0b5/element - {"using":"xpath","value":"//span[contains(@id ,\"contractDetailTitleNoExpanded\")][contains(text(), \"10539\")]"}
RESULT: {"using":"xpath","value":"//span[contains(@id ,\"contractDetailTitleNoExpanded\")][contains(text(), \"10539\")]"}
COMMAND: POST /session/e536ec110769180b9f0ebcb5eee5f0b5/element - {"using":"xpath","value":"//span[contains(@id ,\"contractDetailTitleNoExpanded\")][contains(text(), \"10539\")]"}
RESULT: {"using":"xpath","value":"//span[contains(@id ,\"contractDetailTitleNoExpanded\")][contains(text(), \"10539\")]"}
COMMAND: DELETE /session/e536ec110769180b9f0ebcb5eee5f0b5 - {}
RESULT: {}
]]></system-out>
    </testcase>
  </testsuite>
</testsuites>