<?xml version="1.0" encoding="UTF-8"?>
<testsuites tests="15" failures="0" errors="0" skipped="0">
  <testsuite timestamp="2025-05-16T16:34:20" time="902.361" tests="9" failures="0" errors="0" skipped="0">
    <properties>
      <property name="specId" value="0" />
      <property name="suiteName" value="Prerequisites &amp; test for yard mass return on Yard Overview US131057" />
      <property name="capabilities" value="chrome.136_0_7103_93.windows" />
      <property name="file" value="file:///D:/a/1/s/test/specs/HTR/yard-mass-return.spec.js" />
    </properties>
    <testcase classname="chrome.136_0_7103_93.windows.Prerequisites_&amp;_test_for_yard_mass_return_on_Yard_Overview_US131057" name="Prereq Should create a new yard used for all following tests" time="146.786">
      <system-out><![CDATA[
COMMAND: POST /session/14ef05402572205b9e8ee1d133b15894/window/fullscreen - {}
RESULT: {}
COMMAND: POST /session/14ef05402572205b9e8ee1d133b15894/execute/async - {"script":"<script> [1562 bytes]","args":[{"selector":{"controlType":"sap.m.GenericTile","properties":{"header":"Manage Yards"}},"wdio_ui5_key":"sapm.GenericTile{\"header\":\"Manage Yards\"}"}]}
RESULT: {"script":"<script> [1562 bytes]","args":[{"selector":{"controlType":"sap.m.GenericTile","properties":{"header":"Manage Yards"}},"wdio_ui5_key":"sapm.GenericTile{\"header\":\"Manage Yards\"}"}]}
RESULT: undefined
COMMAND: POST /session/14ef05402572205b9e8ee1d133b15894/element - {"using":"xpath","value":"//*[@id=\"__tile41\"]"}
RESULT: {"using":"xpath","value":"//*[@id=\"__tile41\"]"}
COMMAND: POST /session/14ef05402572205b9e8ee1d133b15894/element/f.0EDEC609E967CA8F2B39E7D9D31DFB69.d.ABB5D04CBA517BE12B016CB025293856.e.166/click - {}
RESULT: {}
COMMAND: GET /session/14ef05402572205b9e8ee1d133b15894/screenshot - {}
RESULT: {}
COMMAND: POST /session/14ef05402572205b9e8ee1d133b15894/elements - {"using":"xpath","value":"//span[text()='Error']"}
RESULT: {"using":"xpath","value":"//span[text()='Error']"}
COMMAND: POST /session/14ef05402572205b9e8ee1d133b15894/element - {"using":"xpath","value":"//button[@data-kt=\"addNewYardOverflowToolbarButton\"]"}
RESULT: {"using":"xpath","value":"//button[@data-kt=\"addNewYardOverflowToolbarButton\"]"}
COMMAND: POST /session/14ef05402572205b9e8ee1d133b15894/elements - {"using":"xpath","value":"//button[@data-kt=\"addNewYardOverflowToolbarButton\"]"}
RESULT: {"using":"xpath","value":"//button[@data-kt=\"addNewYardOverflowToolbarButton\"]"}
COMMAND: POST /session/14ef05402572205b9e8ee1d133b15894/elements - {"using":"xpath","value":"//button[@data-kt=\"addNewYardOverflowToolbarButton\"]"}
RESULT: {"using":"xpath","value":"//button[@data-kt=\"addNewYardOverflowToolbarButton\"]"}
COMMAND: POST /session/14ef05402572205b9e8ee1d133b15894/elements - {"using":"xpath","value":"//button[@data-kt=\"addNewYardOverflowToolbarButton\"]"}
RESULT: {"using":"xpath","value":"//button[@data-kt=\"addNewYardOverflowToolbarButton\"]"}
COMMAND: POST /session/14ef05402572205b9e8ee1d133b15894/elements - {"using":"xpath","value":"//button[@data-kt=\"addNewYardOverflowToolbarButton\"]"}
RESULT: {"using":"xpath","value":"//button[@data-kt=\"addNewYardOverflowToolbarButton\"]"}
COMMAND: POST /session/14ef05402572205b9e8ee1d133b15894/elements - {"using":"xpath","value":"//button[@data-kt=\"addNewYardOverflowToolbarButton\"]"}
RESULT: {"using":"xpath","value":"//button[@data-kt=\"addNewYardOverflowToolbarButton\"]"}
COMMAND: POST /session/14ef05402572205b9e8ee1d133b15894/elements - {"using":"xpath","value":"//button[@data-kt=\"addNewYardOverflowToolbarButton\"]"}
RESULT: {"using":"xpath","value":"//button[@data-kt=\"addNewYardOverflowToolbarButton\"]"}
COMMAND: POST /session/14ef05402572205b9e8ee1d133b15894/elements - {"using":"xpath","value":"//button[@data-kt=\"addNewYardOverflowToolbarButton\"]"}
RESULT: {"using":"xpath","value":"//button[@data-kt=\"addNewYardOverflowToolbarButton\"]"}
COMMAND: POST /session/14ef05402572205b9e8ee1d133b15894/element - {"using":"xpath","value":"//button[@data-kt=\"addNewYardOverflowToolbarButton\"]"}
RESULT: {"using":"xpath","value":"//button[@data-kt=\"addNewYardOverflowToolbarButton\"]"}
COMMAND: POST /session/14ef05402572205b9e8ee1d133b15894/execute/sync - {"script":"<script> [8489 bytes]","args":[{"element-6066-11e4-a52e-4f735466cecf":"f.0EDEC609E967CA8F2B39E7D9D31DFB69.d.ABB5D04CBA517BE12B016CB025293856.e.299","ELEMENT":"f.0EDEC609E967CA8F2B39E7D9D31DFB69.d.ABB5D04CBA517BE12B016CB025293856.e.299"}]}
RESULT: {"script":"<script> [8489 bytes]","args":[{"element-6066-11e4-a52e-4f735466cecf":"f.0EDEC609E967CA8F2B39E7D9D31DFB69.d.ABB5D04CBA517BE12B016CB025293856.e.299","ELEMENT":"f.0EDEC609E967CA8F2B39E7D9D31DFB69.d.ABB5D04CBA517BE12B016CB025293856.e.299"}]}
COMMAND: GET /session/14ef05402572205b9e8ee1d133b15894/element/f.0EDEC609E967CA8F2B39E7D9D31DFB69.d.ABB5D04CBA517BE12B016CB025293856.e.299/enabled - {}
COMMAND: GET /session/14ef05402572205b9e8ee1d133b15894/screenshot - {}
RESULT: {}
COMMAND: POST /session/14ef05402572205b9e8ee1d133b15894/execute/sync - {"script":"<script> [8489 bytes]","args":[{"element-6066-11e4-a52e-4f735466cecf":"f.0EDEC609E967CA8F2B39E7D9D31DFB69.d.ABB5D04CBA517BE12B016CB025293856.e.299","ELEMENT":"f.0EDEC609E967CA8F2B39E7D9D31DFB69.d.ABB5D04CBA517BE12B016CB025293856.e.299"}]}
COMMAND: GET /session/14ef05402572205b9e8ee1d133b15894/screenshot - {}
RESULT: {}
RESULT: {"script":"<script> [8489 bytes]","args":[{"element-6066-11e4-a52e-4f735466cecf":"f.0EDEC609E967CA8F2B39E7D9D31DFB69.d.ABB5D04CBA517BE12B016CB025293856.e.299","ELEMENT":"f.0EDEC609E967CA8F2B39E7D9D31DFB69.d.ABB5D04CBA517BE12B016CB025293856.e.299"}]}
COMMAND: POST /session/14ef05402572205b9e8ee1d133b15894/execute/sync - {"script":"<script> [5351 bytes]","args":[{"element-6066-11e4-a52e-4f735466cecf":"f.0EDEC609E967CA8F2B39E7D9D31DFB69.d.ABB5D04CBA517BE12B016CB025293856.e.299","ELEMENT":"f.0EDEC609E967CA8F2B39E7D9D31DFB69.d.ABB5D04CBA517BE12B016CB025293856.e.299"}]}
COMMAND: GET /session/14ef05402572205b9e8ee1d133b15894/screenshot - {}
RESULT: {}
RESULT: {"script":"<script> [5351 bytes]","args":[{"element-6066-11e4-a52e-4f735466cecf":"f.0EDEC609E967CA8F2B39E7D9D31DFB69.d.ABB5D04CBA517BE12B016CB025293856.e.299","ELEMENT":"f.0EDEC609E967CA8F2B39E7D9D31DFB69.d.ABB5D04CBA517BE12B016CB025293856.e.299"}]}
COMMAND: POST /session/14ef05402572205b9e8ee1d133b15894/element/f.0EDEC609E967CA8F2B39E7D9D31DFB69.d.ABB5D04CBA517BE12B016CB025293856.e.299/click - {}
COMMAND: GET /session/14ef05402572205b9e8ee1d133b15894/screenshot - {}
RESULT: {}
RESULT: {}
COMMAND: GET /session/14ef05402572205b9e8ee1d133b15894/screenshot - {}
COMMAND: POST /session/14ef05402572205b9e8ee1d133b15894/element - {"using":"xpath","value":"//input[@id=\"application-manageyards-display-component---NewYard--yardId-inner\"]"}
RESULT: {}
RESULT: {}
RESULT: {"using":"xpath","value":"//input[@id=\"application-manageyards-display-component---NewYard--yardId-inner\"]"}
COMMAND: POST /session/14ef05402572205b9e8ee1d133b15894/element - {"using":"xpath","value":"//input[@id=\"application-manageyards-display-component---NewYard--yardId-inner\"]"}
RESULT: {"using":"xpath","value":"//input[@id=\"application-manageyards-display-component---NewYard--yardId-inner\"]"}
COMMAND: POST /session/14ef05402572205b9e8ee1d133b15894/execute/async - {"script":"<script> [1562 bytes]","args":[{"selector":{"id":"application-manageyards-display-component---NewYard--addressDetailDetailsName1","interaction":{"idSuffix":"inner"}},"wdio_ui5_key":"applicationmanageyards-display-component---NewYard--addressDetailDetailsName1"}]}
RESULT: {"script":"<script> [1562 bytes]","args":[{"selector":{"id":"application-manageyards-display-component---NewYard--addressDetailDetailsName1","interaction":{"idSuffix":"inner"}},"wdio_ui5_key":"applicationmanageyards-display-component---NewYard--addressDetailDetailsName1"}]}
RESULT: undefined
COMMAND: POST /session/14ef05402572205b9e8ee1d133b15894/execute/async - {"script":"<script> [776 bytes]","args":[{"enterText":"Other Yard WDIO","selector":{"id":"application-manageyards-display-component---NewYard--addressDetailDetailsName1","interaction":{"idSuffix":"inner"}},"clearTextFirst":true,"interactionType":"ENTER_TEXT"}]}
RESULT: {"script":"<script> [776 bytes]","args":[{"enterText":"Other Yard WDIO","selector":{"id":"application-manageyards-display-component---NewYard--addressDetailDetailsName1","interaction":{"idSuffix":"inner"}},"clearTextFirst":true,"interactionType":"ENTER_TEXT"}]}
COMMAND: POST /session/14ef05402572205b9e8ee1d133b15894/execute/async - {"script":"<script> [1562 bytes]","args":[{"selector":{"id":"application-manageyards-display-component---NewYard--addressDetailDetailsLanguage-arrow"},"wdio_ui5_key":"applicationmanageyards-display-component---NewYard--addressDetailDetailsLanguage-arrow"}]}
RESULT: {"script":"<script> [1562 bytes]","args":[{"selector":{"id":"application-manageyards-display-component---NewYard--addressDetailDetailsLanguage-arrow"},"wdio_ui5_key":"applicationmanageyards-display-component---NewYard--addressDetailDetailsLanguage-arrow"}]}
RESULT: undefined
COMMAND: POST /session/14ef05402572205b9e8ee1d133b15894/element - {"using":"xpath","value":"//*[@id=\"application-manageyards-display-component---NewYard--addressDetailDetailsLanguage-arrow\"]"}
RESULT: {"using":"xpath","value":"//*[@id=\"application-manageyards-display-component---NewYard--addressDetailDetailsLanguage-arrow\"]"}
COMMAND: POST /session/14ef05402572205b9e8ee1d133b15894/element/f.0EDEC609E967CA8F2B39E7D9D31DFB69.d.ABB5D04CBA517BE12B016CB025293856.e.732/click - {}
RESULT: {}
COMMAND: POST /session/14ef05402572205b9e8ee1d133b15894/element - {"using":"xpath","value":"//span[contains(text(), \"English\")]"}
COMMAND: GET /session/14ef05402572205b9e8ee1d133b15894/screenshot - {}
RESULT: {"using":"xpath","value":"//span[contains(text(), \"English\")]"}
COMMAND: POST /session/14ef05402572205b9e8ee1d133b15894/element/f.0EDEC609E967CA8F2B39E7D9D31DFB69.d.ABB5D04CBA517BE12B016CB025293856.e.733/click - {}
RESULT: {}
RESULT: {}
COMMAND: POST /session/14ef05402572205b9e8ee1d133b15894/execute/async - {"script":"<script> [1562 bytes]","args":[{"selector":{"id":"application-manageyards-display-component---NewYard--addressDetailDetailsCity1","interaction":{"idSuffix":"inner"}},"wdio_ui5_key":"applicationmanageyards-display-component---NewYard--addressDetailDetailsCity1"}]}
COMMAND: GET /session/14ef05402572205b9e8ee1d133b15894/screenshot - {}
RESULT: {"script":"<script> [1562 bytes]","args":[{"selector":{"id":"application-manageyards-display-component---NewYard--addressDetailDetailsCity1","interaction":{"idSuffix":"inner"}},"wdio_ui5_key":"applicationmanageyards-display-component---NewYard--addressDetailDetailsCity1"}]}
RESULT: undefined
COMMAND: POST /session/14ef05402572205b9e8ee1d133b15894/execute/async - {"script":"<script> [776 bytes]","args":[{"enterText":"Rosario","selector":{"id":"application-manageyards-display-component---NewYard--addressDetailDetailsCity1","interaction":{"idSuffix":"inner"}},"clearTextFirst":true,"interactionType":"ENTER_TEXT"}]}
RESULT: {}
RESULT: {"script":"<script> [776 bytes]","args":[{"enterText":"Rosario","selector":{"id":"application-manageyards-display-component---NewYard--addressDetailDetailsCity1","interaction":{"idSuffix":"inner"}},"clearTextFirst":true,"interactionType":"ENTER_TEXT"}]}
COMMAND: POST /session/14ef05402572205b9e8ee1d133b15894/execute/async - {"script":"<script> [1562 bytes]","args":[{"selector":{"id":"application-manageyards-display-component---NewYard--addressDetailDetailsCountry-arrow"},"wdio_ui5_key":"applicationmanageyards-display-component---NewYard--addressDetailDetailsCountry-arrow"}]}
RESULT: {"script":"<script> [1562 bytes]","args":[{"selector":{"id":"application-manageyards-display-component---NewYard--addressDetailDetailsCountry-arrow"},"wdio_ui5_key":"applicationmanageyards-display-component---NewYard--addressDetailDetailsCountry-arrow"}]}
RESULT: undefined
COMMAND: POST /session/14ef05402572205b9e8ee1d133b15894/element - {"using":"xpath","value":"//*[@id=\"application-manageyards-display-component---NewYard--addressDetailDetailsCountry-arrow\"]"}
RESULT: {"using":"xpath","value":"//*[@id=\"application-manageyards-display-component---NewYard--addressDetailDetailsCountry-arrow\"]"}
COMMAND: POST /session/14ef05402572205b9e8ee1d133b15894/element/f.0EDEC609E967CA8F2B39E7D9D31DFB69.d.ABB5D04CBA517BE12B016CB025293856.e.735/click - {}
RESULT: {}
COMMAND: POST /session/14ef05402572205b9e8ee1d133b15894/element - {"using":"xpath","value":"//span[contains(text(), \"Argentina\")]"}
COMMAND: GET /session/14ef05402572205b9e8ee1d133b15894/screenshot - {}
RESULT: {"using":"xpath","value":"//span[contains(text(), \"Argentina\")]"}
COMMAND: POST /session/14ef05402572205b9e8ee1d133b15894/element/f.0EDEC609E967CA8F2B39E7D9D31DFB69.d.ABB5D04CBA517BE12B016CB025293856.e.736/click - {}
RESULT: {}
RESULT: {}
COMMAND: POST /session/14ef05402572205b9e8ee1d133b15894/execute/async - {"script":"<script> [1562 bytes]","args":[{"selector":{"id":"application-manageyards-display-component---NewYard--addressEditDetailsCostObjectCstType-arrow"},"wdio_ui5_key":"applicationmanageyards-display-component---NewYard--addressEditDetailsCostObjectCstType-arrow"}]}
COMMAND: GET /session/14ef05402572205b9e8ee1d133b15894/screenshot - {}
RESULT: {"script":"<script> [1562 bytes]","args":[{"selector":{"id":"application-manageyards-display-component---NewYard--addressEditDetailsCostObjectCstType-arrow"},"wdio_ui5_key":"applicationmanageyards-display-component---NewYard--addressEditDetailsCostObjectCstType-arrow"}]}
RESULT: undefined
COMMAND: POST /session/14ef05402572205b9e8ee1d133b15894/element - {"using":"xpath","value":"//*[@id=\"application-manageyards-display-component---NewYard--addressEditDetailsCostObjectCstType-arrow\"]"}
RESULT: {}
RESULT: {"using":"xpath","value":"//*[@id=\"application-manageyards-display-component---NewYard--addressEditDetailsCostObjectCstType-arrow\"]"}
COMMAND: POST /session/14ef05402572205b9e8ee1d133b15894/element/f.0EDEC609E967CA8F2B39E7D9D31DFB69.d.ABB5D04CBA517BE12B016CB025293856.e.738/click - {}
RESULT: {}
COMMAND: POST /session/14ef05402572205b9e8ee1d133b15894/element - {"using":"xpath","value":"//span[contains(text(), \"Cost Center\")]"}
COMMAND: GET /session/14ef05402572205b9e8ee1d133b15894/screenshot - {}
RESULT: {"using":"xpath","value":"//span[contains(text(), \"Cost Center\")]"}
COMMAND: POST /session/14ef05402572205b9e8ee1d133b15894/element/f.0EDEC609E967CA8F2B39E7D9D31DFB69.d.ABB5D04CBA517BE12B016CB025293856.e.739/click - {}
RESULT: {}
RESULT: {}
COMMAND: GET /session/14ef05402572205b9e8ee1d133b15894/screenshot - {}
RESULT: {}
COMMAND: POST /session/14ef05402572205b9e8ee1d133b15894/element - {"using":"xpath","value":"//span[@id=\"application-manageyards-display-component---NewYard--addressNewCostObjectCstID-vhi\"]"}
RESULT: {"using":"xpath","value":"//span[@id=\"application-manageyards-display-component---NewYard--addressNewCostObjectCstID-vhi\"]"}
COMMAND: POST /session/14ef05402572205b9e8ee1d133b15894/execute/sync - {"script":"<script> [8489 bytes]","args":[{"element-6066-11e4-a52e-4f735466cecf":"f.0EDEC609E967CA8F2B39E7D9D31DFB69.d.ABB5D04CBA517BE12B016CB025293856.e.743","ELEMENT":"f.0EDEC609E967CA8F2B39E7D9D31DFB69.d.ABB5D04CBA517BE12B016CB025293856.e.743"}]}
RESULT: {"script":"<script> [8489 bytes]","args":[{"element-6066-11e4-a52e-4f735466cecf":"f.0EDEC609E967CA8F2B39E7D9D31DFB69.d.ABB5D04CBA517BE12B016CB025293856.e.743","ELEMENT":"f.0EDEC609E967CA8F2B39E7D9D31DFB69.d.ABB5D04CBA517BE12B016CB025293856.e.743"}]}
COMMAND: POST /session/14ef05402572205b9e8ee1d133b15894/execute/async - {"script":"<script> [1562 bytes]","args":[{"selector":{"id":"application-manageyards-display-component---NewYard--addressNewCostObjectCstID-vhi"},"wdio_ui5_key":"applicationmanageyards-display-component---NewYard--addressNewCostObjectCstID-vhi"}]}
COMMAND: GET /session/14ef05402572205b9e8ee1d133b15894/screenshot - {}
RESULT: {"script":"<script> [1562 bytes]","args":[{"selector":{"id":"application-manageyards-display-component---NewYard--addressNewCostObjectCstID-vhi"},"wdio_ui5_key":"applicationmanageyards-display-component---NewYard--addressNewCostObjectCstID-vhi"}]}
RESULT: undefined
COMMAND: POST /session/14ef05402572205b9e8ee1d133b15894/element - {"using":"xpath","value":"//*[@id=\"application-manageyards-display-component---NewYard--addressNewCostObjectCstID-vhi\"]"}
RESULT: {}
RESULT: {"using":"xpath","value":"//*[@id=\"application-manageyards-display-component---NewYard--addressNewCostObjectCstID-vhi\"]"}
COMMAND: POST /session/14ef05402572205b9e8ee1d133b15894/element/f.0EDEC609E967CA8F2B39E7D9D31DFB69.d.ABB5D04CBA517BE12B016CB025293856.e.743/click - {}
RESULT: {}
COMMAND: GET /session/14ef05402572205b9e8ee1d133b15894/screenshot - {}
RESULT: {}
COMMAND: POST /session/14ef05402572205b9e8ee1d133b15894/execute/async - {"script":"<script> [1562 bytes]","args":[{"selector":{"controlType":"sap.m.SearchField","properties":{"placeholder":"Search"},"searchOpenDialogs":true,"interaction":{"idSuffix":"I"}},"wdio_ui5_key":"sapm.SearchField{\"placeholder\":\"Search\"}"}]}
RESULT: {"script":"<script> [1562 bytes]","args":[{"selector":{"controlType":"sap.m.SearchField","properties":{"placeholder":"Search"},"searchOpenDialogs":true,"interaction":{"idSuffix":"I"}},"wdio_ui5_key":"sapm.SearchField{\"placeholder\":\"Search\"}"}]}
RESULT: undefined
COMMAND: POST /session/14ef05402572205b9e8ee1d133b15894/execute/async - {"script":"<script> [776 bytes]","args":[{"enterText":"bauh_b","selector":{"controlType":"sap.m.SearchField","properties":{"placeholder":"Search"},"searchOpenDialogs":true,"interaction":{"idSuffix":"I"}},"clearTextFirst":true,"interactionType":"ENTER_TEXT"}]}
RESULT: {"script":"<script> [776 bytes]","args":[{"enterText":"bauh_b","selector":{"controlType":"sap.m.SearchField","properties":{"placeholder":"Search"},"searchOpenDialogs":true,"interaction":{"idSuffix":"I"}},"clearTextFirst":true,"interactionType":"ENTER_TEXT"}]}
COMMAND: POST /session/14ef05402572205b9e8ee1d133b15894/actions - {"actions":[{"id":"action1","type":"key","parameters":{},"actions":[{"type":"keyDown","value":"î€‡"},{"type":"pause","duration":10},{"type":"keyUp","value":"î€‡"}]}]}
RESULT: {"actions":[{"id":"action1","type":"key","parameters":{},"actions":[{"type":"keyDown","value":"î€‡"},{"type":"pause","duration":10},{"type":"keyUp","value":"î€‡"}]}]}
COMMAND: GET /session/14ef05402572205b9e8ee1d133b15894/screenshot - {}
RESULT: {}
COMMAND: POST /session/14ef05402572205b9e8ee1d133b15894/element - {"using":"xpath","value":"//span[contains(text(), \"Demo Yard\")]"}
RESULT: {"using":"xpath","value":"//span[contains(text(), \"Demo Yard\")]"}
COMMAND: POST /session/14ef05402572205b9e8ee1d133b15894/element/f.0EDEC609E967CA8F2B39E7D9D31DFB69.d.ABB5D04CBA517BE12B016CB025293856.e.786/click - {}
RESULT: {}
COMMAND: GET /session/14ef05402572205b9e8ee1d133b15894/screenshot - {}
RESULT: {}
COMMAND: POST /session/14ef05402572205b9e8ee1d133b15894/element - {"using":"xpath","value":"//bdi[contains(text(), \"OK\")]"}
RESULT: {"using":"xpath","value":"//bdi[contains(text(), \"OK\")]"}
COMMAND: POST /session/14ef05402572205b9e8ee1d133b15894/element/f.0EDEC609E967CA8F2B39E7D9D31DFB69.d.ABB5D04CBA517BE12B016CB025293856.e.787/click - {}
RESULT: {}
COMMAND: GET /session/14ef05402572205b9e8ee1d133b15894/screenshot - {}
RESULT: {}
COMMAND: POST /session/14ef05402572205b9e8ee1d133b15894/execute/async - {"script":"<script> [1562 bytes]","args":[{"selector":{"id":"application-manageyards-display-component---NewYard--addressEditDetailsCurrency-arrow"},"wdio_ui5_key":"applicationmanageyards-display-component---NewYard--addressEditDetailsCurrency-arrow"}]}
RESULT: {"script":"<script> [1562 bytes]","args":[{"selector":{"id":"application-manageyards-display-component---NewYard--addressEditDetailsCurrency-arrow"},"wdio_ui5_key":"applicationmanageyards-display-component---NewYard--addressEditDetailsCurrency-arrow"}]}
RESULT: undefined
COMMAND: POST /session/14ef05402572205b9e8ee1d133b15894/element - {"using":"xpath","value":"//*[@id=\"application-manageyards-display-component---NewYard--addressEditDetailsCurrency-arrow\"]"}
RESULT: {"using":"xpath","value":"//*[@id=\"application-manageyards-display-component---NewYard--addressEditDetailsCurrency-arrow\"]"}
COMMAND: POST /session/14ef05402572205b9e8ee1d133b15894/element/f.0EDEC609E967CA8F2B39E7D9D31DFB69.d.ABB5D04CBA517BE12B016CB025293856.e.790/click - {}
RESULT: {}
COMMAND: POST /session/14ef05402572205b9e8ee1d133b15894/element - {"using":"xpath","value":"//span[contains(text(), \"Euro\")]"}
COMMAND: GET /session/14ef05402572205b9e8ee1d133b15894/screenshot - {}
RESULT: {"using":"xpath","value":"//span[contains(text(), \"Euro\")]"}
COMMAND: POST /session/14ef05402572205b9e8ee1d133b15894/element/f.0EDEC609E967CA8F2B39E7D9D31DFB69.d.ABB5D04CBA517BE12B016CB025293856.e.791/click - {}
RESULT: {}
RESULT: {}
COMMAND: POST /session/14ef05402572205b9e8ee1d133b15894/execute/async - {"script":"<script> [1562 bytes]","args":[{"selector":{"controlType":"sap.m.Input","viewName":"etm.portal.ui.manageyards.view.New","viewId":"application-manageyards-display-component---NewYard","bindingPath":{"path":"","propertyPath":"/CONTROLLING_AREA","modelName":"NewYardModel"},"interaction":{"idSuffix":"inner"}},"wdio_ui5_key":"etmportal.ui.manageyards.view.Newsap.m.Input{\"path\":\"\",\"propertyPath\":\"/CONTROLLING_AREA\",\"modelName\":\"NewYardModel\"}"}]}
COMMAND: GET /session/14ef05402572205b9e8ee1d133b15894/screenshot - {}
RESULT: {"script":"<script> [1562 bytes]","args":[{"selector":{"controlType":"sap.m.Input","viewName":"etm.portal.ui.manageyards.view.New","viewId":"application-manageyards-display-component---NewYard","bindingPath":{"path":"","propertyPath":"/CONTROLLING_AREA","modelName":"NewYardModel"},"interaction":{"idSuffix":"inner"}},"wdio_ui5_key":"etmportal.ui.manageyards.view.Newsap.m.Input{\"path\":\"\",\"propertyPath\":\"/CONTROLLING_AREA\",\"modelName\":\"NewYardModel\"}"}]}
RESULT: undefined
COMMAND: POST /session/14ef05402572205b9e8ee1d133b15894/execute/async - {"script":"<script> [776 bytes]","args":[{"enterText":"Z001","selector":{"controlType":"sap.m.Input","viewName":"etm.portal.ui.manageyards.view.New","viewId":"application-manageyards-display-component---NewYard","bindingPath":{"path":"","propertyPath":"/CONTROLLING_AREA","modelName":"NewYardModel"},"interaction":{"idSuffix":"inner"}},"clearTextFirst":true,"interactionType":"ENTER_TEXT"}]}
RESULT: {}
RESULT: {"script":"<script> [776 bytes]","args":[{"enterText":"Z001","selector":{"controlType":"sap.m.Input","viewName":"etm.portal.ui.manageyards.view.New","viewId":"application-manageyards-display-component---NewYard","bindingPath":{"path":"","propertyPath":"/CONTROLLING_AREA","modelName":"NewYardModel"},"interaction":{"idSuffix":"inner"}},"clearTextFirst":true,"interactionType":"ENTER_TEXT"}]}
COMMAND: POST /session/14ef05402572205b9e8ee1d133b15894/execute/async - {"script":"<script> [1562 bytes]","args":[{"selector":{"id":"application-manageyards-display-component---NewYard--companyCodeComboBox","interaction":{"idSuffix":"inner"}},"wdio_ui5_key":"applicationmanageyards-display-component---NewYard--companyCodeComboBox"}]}
RESULT: {"script":"<script> [1562 bytes]","args":[{"selector":{"id":"application-manageyards-display-component---NewYard--companyCodeComboBox","interaction":{"idSuffix":"inner"}},"wdio_ui5_key":"applicationmanageyards-display-component---NewYard--companyCodeComboBox"}]}
RESULT: undefined
COMMAND: POST /session/14ef05402572205b9e8ee1d133b15894/execute/async - {"script":"<script> [776 bytes]","args":[{"enterText":"1000","selector":{"id":"application-manageyards-display-component---NewYard--companyCodeComboBox","interaction":{"idSuffix":"inner"}},"clearTextFirst":true,"interactionType":"ENTER_TEXT"}]}
RESULT: {"script":"<script> [776 bytes]","args":[{"enterText":"1000","selector":{"id":"application-manageyards-display-component---NewYard--companyCodeComboBox","interaction":{"idSuffix":"inner"}},"clearTextFirst":true,"interactionType":"ENTER_TEXT"}]}
COMMAND: POST /session/14ef05402572205b9e8ee1d133b15894/execute/async - {"script":"<script> [1562 bytes]","args":[{"selector":{"controlType":"sap.m.Input","viewName":"etm.portal.ui.manageyards.view.New","viewId":"application-manageyards-display-component---NewYard","bindingPath":{"path":"","propertyPath":"/PLANT","modelName":"NewYardModel"},"interaction":{"idSuffix":"inner"}},"wdio_ui5_key":"etmportal.ui.manageyards.view.Newsap.m.Input{\"path\":\"\",\"propertyPath\":\"/PLANT\",\"modelName\":\"NewYardModel\"}"}]}
RESULT: {"script":"<script> [1562 bytes]","args":[{"selector":{"controlType":"sap.m.Input","viewName":"etm.portal.ui.manageyards.view.New","viewId":"application-manageyards-display-component---NewYard","bindingPath":{"path":"","propertyPath":"/PLANT","modelName":"NewYardModel"},"interaction":{"idSuffix":"inner"}},"wdio_ui5_key":"etmportal.ui.manageyards.view.Newsap.m.Input{\"path\":\"\",\"propertyPath\":\"/PLANT\",\"modelName\":\"NewYardModel\"}"}]}
RESULT: undefined
COMMAND: POST /session/14ef05402572205b9e8ee1d133b15894/execute/async - {"script":"<script> [776 bytes]","args":[{"enterText":"1001","selector":{"controlType":"sap.m.Input","viewName":"etm.portal.ui.manageyards.view.New","viewId":"application-manageyards-display-component---NewYard","bindingPath":{"path":"","propertyPath":"/PLANT","modelName":"NewYardModel"},"interaction":{"idSuffix":"inner"}},"clearTextFirst":true,"interactionType":"ENTER_TEXT"}]}
RESULT: {"script":"<script> [776 bytes]","args":[{"enterText":"1001","selector":{"controlType":"sap.m.Input","viewName":"etm.portal.ui.manageyards.view.New","viewId":"application-manageyards-display-component---NewYard","bindingPath":{"path":"","propertyPath":"/PLANT","modelName":"NewYardModel"},"interaction":{"idSuffix":"inner"}},"clearTextFirst":true,"interactionType":"ENTER_TEXT"}]}
COMMAND: POST /session/14ef05402572205b9e8ee1d133b15894/execute/async - {"script":"<script> [1562 bytes]","args":[{"selector":{"controlType":"sap.m.Input","viewName":"etm.portal.ui.manageyards.view.New","viewId":"application-manageyards-display-component---NewYard","bindingPath":{"path":"","propertyPath":"/SALES_AREA_VKORG","modelName":"NewYardModel"},"interaction":{"idSuffix":"inner"}},"wdio_ui5_key":"etmportal.ui.manageyards.view.Newsap.m.Input{\"path\":\"\",\"propertyPath\":\"/SALES_AREA_VKORG\",\"modelName\":\"NewYardModel\"}"}]}
RESULT: {"script":"<script> [1562 bytes]","args":[{"selector":{"controlType":"sap.m.Input","viewName":"etm.portal.ui.manageyards.view.New","viewId":"application-manageyards-display-component---NewYard","bindingPath":{"path":"","propertyPath":"/SALES_AREA_VKORG","modelName":"NewYardModel"},"interaction":{"idSuffix":"inner"}},"wdio_ui5_key":"etmportal.ui.manageyards.view.Newsap.m.Input{\"path\":\"\",\"propertyPath\":\"/SALES_AREA_VKORG\",\"modelName\":\"NewYardModel\"}"}]}
RESULT: undefined
COMMAND: POST /session/14ef05402572205b9e8ee1d133b15894/execute/async - {"script":"<script> [776 bytes]","args":[{"enterText":"C002","selector":{"controlType":"sap.m.Input","viewName":"etm.portal.ui.manageyards.view.New","viewId":"application-manageyards-display-component---NewYard","bindingPath":{"path":"","propertyPath":"/SALES_AREA_VKORG","modelName":"NewYardModel"},"interaction":{"idSuffix":"inner"}},"clearTextFirst":true,"interactionType":"ENTER_TEXT"}]}
RESULT: {"script":"<script> [776 bytes]","args":[{"enterText":"C002","selector":{"controlType":"sap.m.Input","viewName":"etm.portal.ui.manageyards.view.New","viewId":"application-manageyards-display-component---NewYard","bindingPath":{"path":"","propertyPath":"/SALES_AREA_VKORG","modelName":"NewYardModel"},"interaction":{"idSuffix":"inner"}},"clearTextFirst":true,"interactionType":"ENTER_TEXT"}]}
COMMAND: POST /session/14ef05402572205b9e8ee1d133b15894/execute/async - {"script":"<script> [1562 bytes]","args":[{"selector":{"controlType":"sap.m.Input","viewName":"etm.portal.ui.manageyards.view.New","viewId":"application-manageyards-display-component---NewYard","bindingPath":{"path":"","propertyPath":"/SALES_AREA_VTWEG","modelName":"NewYardModel"},"interaction":{"idSuffix":"inner"}},"wdio_ui5_key":"etmportal.ui.manageyards.view.Newsap.m.Input{\"path\":\"\",\"propertyPath\":\"/SALES_AREA_VTWEG\",\"modelName\":\"NewYardModel\"}"}]}
RESULT: {"script":"<script> [1562 bytes]","args":[{"selector":{"controlType":"sap.m.Input","viewName":"etm.portal.ui.manageyards.view.New","viewId":"application-manageyards-display-component---NewYard","bindingPath":{"path":"","propertyPath":"/SALES_AREA_VTWEG","modelName":"NewYardModel"},"interaction":{"idSuffix":"inner"}},"wdio_ui5_key":"etmportal.ui.manageyards.view.Newsap.m.Input{\"path\":\"\",\"propertyPath\":\"/SALES_AREA_VTWEG\",\"modelName\":\"NewYardModel\"}"}]}
RESULT: undefined
COMMAND: POST /session/14ef05402572205b9e8ee1d133b15894/execute/async - {"script":"<script> [776 bytes]","args":[{"enterText":"C2","selector":{"controlType":"sap.m.Input","viewName":"etm.portal.ui.manageyards.view.New","viewId":"application-manageyards-display-component---NewYard","bindingPath":{"path":"","propertyPath":"/SALES_AREA_VTWEG","modelName":"NewYardModel"},"interaction":{"idSuffix":"inner"}},"clearTextFirst":true,"interactionType":"ENTER_TEXT"}]}
RESULT: {"script":"<script> [776 bytes]","args":[{"enterText":"C2","selector":{"controlType":"sap.m.Input","viewName":"etm.portal.ui.manageyards.view.New","viewId":"application-manageyards-display-component---NewYard","bindingPath":{"path":"","propertyPath":"/SALES_AREA_VTWEG","modelName":"NewYardModel"},"interaction":{"idSuffix":"inner"}},"clearTextFirst":true,"interactionType":"ENTER_TEXT"}]}
COMMAND: POST /session/14ef05402572205b9e8ee1d133b15894/execute/async - {"script":"<script> [1562 bytes]","args":[{"selector":{"controlType":"sap.m.Input","viewName":"etm.portal.ui.manageyards.view.New","viewId":"application-manageyards-display-component---NewYard","bindingPath":{"path":"","propertyPath":"/SALES_AREA_SPART","modelName":"NewYardModel"},"interaction":{"idSuffix":"inner"}},"wdio_ui5_key":"etmportal.ui.manageyards.view.Newsap.m.Input{\"path\":\"\",\"propertyPath\":\"/SALES_AREA_SPART\",\"modelName\":\"NewYardModel\"}"}]}
RESULT: {"script":"<script> [1562 bytes]","args":[{"selector":{"controlType":"sap.m.Input","viewName":"etm.portal.ui.manageyards.view.New","viewId":"application-manageyards-display-component---NewYard","bindingPath":{"path":"","propertyPath":"/SALES_AREA_SPART","modelName":"NewYardModel"},"interaction":{"idSuffix":"inner"}},"wdio_ui5_key":"etmportal.ui.manageyards.view.Newsap.m.Input{\"path\":\"\",\"propertyPath\":\"/SALES_AREA_SPART\",\"modelName\":\"NewYardModel\"}"}]}
RESULT: undefined
COMMAND: POST /session/14ef05402572205b9e8ee1d133b15894/execute/async - {"script":"<script> [776 bytes]","args":[{"enterText":"C2","selector":{"controlType":"sap.m.Input","viewName":"etm.portal.ui.manageyards.view.New","viewId":"application-manageyards-display-component---NewYard","bindingPath":{"path":"","propertyPath":"/SALES_AREA_SPART","modelName":"NewYardModel"},"interaction":{"idSuffix":"inner"}},"clearTextFirst":true,"interactionType":"ENTER_TEXT"}]}
RESULT: {"script":"<script> [776 bytes]","args":[{"enterText":"C2","selector":{"controlType":"sap.m.Input","viewName":"etm.portal.ui.manageyards.view.New","viewId":"application-manageyards-display-component---NewYard","bindingPath":{"path":"","propertyPath":"/SALES_AREA_SPART","modelName":"NewYardModel"},"interaction":{"idSuffix":"inner"}},"clearTextFirst":true,"interactionType":"ENTER_TEXT"}]}
COMMAND: POST /session/14ef05402572205b9e8ee1d133b15894/execute/async - {"script":"<script> [1562 bytes]","args":[{"selector":{"controlType":"sap.m.Input","viewName":"etm.portal.ui.manageyards.view.New","viewId":"application-manageyards-display-component---NewYard","bindingPath":{"path":"","propertyPath":"/SHIP_POINT","modelName":"NewYardModel"},"interaction":{"idSuffix":"inner"}},"wdio_ui5_key":"etmportal.ui.manageyards.view.Newsap.m.Input{\"path\":\"\",\"propertyPath\":\"/SHIP_POINT\",\"modelName\":\"NewYardModel\"}"}]}
RESULT: {"script":"<script> [1562 bytes]","args":[{"selector":{"controlType":"sap.m.Input","viewName":"etm.portal.ui.manageyards.view.New","viewId":"application-manageyards-display-component---NewYard","bindingPath":{"path":"","propertyPath":"/SHIP_POINT","modelName":"NewYardModel"},"interaction":{"idSuffix":"inner"}},"wdio_ui5_key":"etmportal.ui.manageyards.view.Newsap.m.Input{\"path\":\"\",\"propertyPath\":\"/SHIP_POINT\",\"modelName\":\"NewYardModel\"}"}]}
RESULT: undefined
COMMAND: POST /session/14ef05402572205b9e8ee1d133b15894/execute/async - {"script":"<script> [776 bytes]","args":[{"enterText":"1710","selector":{"controlType":"sap.m.Input","viewName":"etm.portal.ui.manageyards.view.New","viewId":"application-manageyards-display-component---NewYard","bindingPath":{"path":"","propertyPath":"/SHIP_POINT","modelName":"NewYardModel"},"interaction":{"idSuffix":"inner"}},"clearTextFirst":true,"interactionType":"ENTER_TEXT"}]}
RESULT: {"script":"<script> [776 bytes]","args":[{"enterText":"1710","selector":{"controlType":"sap.m.Input","viewName":"etm.portal.ui.manageyards.view.New","viewId":"application-manageyards-display-component---NewYard","bindingPath":{"path":"","propertyPath":"/SHIP_POINT","modelName":"NewYardModel"},"interaction":{"idSuffix":"inner"}},"clearTextFirst":true,"interactionType":"ENTER_TEXT"}]}
COMMAND: POST /session/14ef05402572205b9e8ee1d133b15894/execute/async - {"script":"<script> [1562 bytes]","args":[{"selector":{"controlType":"sap.m.Input","viewName":"etm.portal.ui.manageyards.view.New","viewId":"application-manageyards-display-component---NewYard","bindingPath":{"path":"","propertyPath":"/DELIVERY_TYPE","modelName":"NewYardModel"},"interaction":{"idSuffix":"inner"}},"wdio_ui5_key":"etmportal.ui.manageyards.view.Newsap.m.Input{\"path\":\"\",\"propertyPath\":\"/DELIVERY_TYPE\",\"modelName\":\"NewYardModel\"}"}]}
RESULT: {"script":"<script> [1562 bytes]","args":[{"selector":{"controlType":"sap.m.Input","viewName":"etm.portal.ui.manageyards.view.New","viewId":"application-manageyards-display-component---NewYard","bindingPath":{"path":"","propertyPath":"/DELIVERY_TYPE","modelName":"NewYardModel"},"interaction":{"idSuffix":"inner"}},"wdio_ui5_key":"etmportal.ui.manageyards.view.Newsap.m.Input{\"path\":\"\",\"propertyPath\":\"/DELIVERY_TYPE\",\"modelName\":\"NewYardModel\"}"}]}
RESULT: undefined
COMMAND: POST /session/14ef05402572205b9e8ee1d133b15894/execute/async - {"script":"<script> [776 bytes]","args":[{"enterText":"ZL01","selector":{"controlType":"sap.m.Input","viewName":"etm.portal.ui.manageyards.view.New","viewId":"application-manageyards-display-component---NewYard","bindingPath":{"path":"","propertyPath":"/DELIVERY_TYPE","modelName":"NewYardModel"},"interaction":{"idSuffix":"inner"}},"clearTextFirst":true,"interactionType":"ENTER_TEXT"}]}
RESULT: {"script":"<script> [776 bytes]","args":[{"enterText":"ZL01","selector":{"controlType":"sap.m.Input","viewName":"etm.portal.ui.manageyards.view.New","viewId":"application-manageyards-display-component---NewYard","bindingPath":{"path":"","propertyPath":"/DELIVERY_TYPE","modelName":"NewYardModel"},"interaction":{"idSuffix":"inner"}},"clearTextFirst":true,"interactionType":"ENTER_TEXT"}]}
COMMAND: POST /session/14ef05402572205b9e8ee1d133b15894/execute/async - {"script":"<script> [1562 bytes]","args":[{"selector":{"controlType":"sap.m.Input","viewName":"etm.portal.ui.manageyards.view.New","viewId":"application-manageyards-display-component---NewYard","bindingPath":{"path":"","propertyPath":"/AUART","modelName":"NewYardModel"},"interaction":{"idSuffix":"inner"}},"wdio_ui5_key":"etmportal.ui.manageyards.view.Newsap.m.Input{\"path\":\"\",\"propertyPath\":\"/AUART\",\"modelName\":\"NewYardModel\"}"}]}
RESULT: {"script":"<script> [1562 bytes]","args":[{"selector":{"controlType":"sap.m.Input","viewName":"etm.portal.ui.manageyards.view.New","viewId":"application-manageyards-display-component---NewYard","bindingPath":{"path":"","propertyPath":"/AUART","modelName":"NewYardModel"},"interaction":{"idSuffix":"inner"}},"wdio_ui5_key":"etmportal.ui.manageyards.view.Newsap.m.Input{\"path\":\"\",\"propertyPath\":\"/AUART\",\"modelName\":\"NewYardModel\"}"}]}
RESULT: undefined
COMMAND: POST /session/14ef05402572205b9e8ee1d133b15894/execute/async - {"script":"<script> [776 bytes]","args":[{"enterText":"TA","selector":{"controlType":"sap.m.Input","viewName":"etm.portal.ui.manageyards.view.New","viewId":"application-manageyards-display-component---NewYard","bindingPath":{"path":"","propertyPath":"/AUART","modelName":"NewYardModel"},"interaction":{"idSuffix":"inner"}},"clearTextFirst":true,"interactionType":"ENTER_TEXT"}]}
RESULT: {"script":"<script> [776 bytes]","args":[{"enterText":"TA","selector":{"controlType":"sap.m.Input","viewName":"etm.portal.ui.manageyards.view.New","viewId":"application-manageyards-display-component---NewYard","bindingPath":{"path":"","propertyPath":"/AUART","modelName":"NewYardModel"},"interaction":{"idSuffix":"inner"}},"clearTextFirst":true,"interactionType":"ENTER_TEXT"}]}
COMMAND: POST /session/14ef05402572205b9e8ee1d133b15894/element - {"using":"xpath","value":"//button[@data-kt=\"newYardSaveButton\"]"}
RESULT: {"using":"xpath","value":"//button[@data-kt=\"newYardSaveButton\"]"}
COMMAND: POST /session/14ef05402572205b9e8ee1d133b15894/element/f.0EDEC609E967CA8F2B39E7D9D31DFB69.d.ABB5D04CBA517BE12B016CB025293856.e.694/click - {}
RESULT: {}
COMMAND: GET /session/14ef05402572205b9e8ee1d133b15894/screenshot - {}
RESULT: {}
COMMAND: POST /session/14ef05402572205b9e8ee1d133b15894/element - {"using":"xpath","value":"//header[contains(@id, 'ObjectPageLayout-headerTitle')]/div[1]/div[2]/div[1]/span[1]"}
RESULT: {"using":"xpath","value":"//header[contains(@id, 'ObjectPageLayout-headerTitle')]/div[1]/div[2]/div[1]/span[1]"}
COMMAND: POST /session/14ef05402572205b9e8ee1d133b15894/elements - {"using":"xpath","value":"//header[contains(@id, 'ObjectPageLayout-headerTitle')]/div[1]/div[2]/div[1]/span[1]"}
RESULT: {"using":"xpath","value":"//header[contains(@id, 'ObjectPageLayout-headerTitle')]/div[1]/div[2]/div[1]/span[1]"}
COMMAND: POST /session/14ef05402572205b9e8ee1d133b15894/execute/sync - {"script":"<script> [56 bytes]","args":[{"element-6066-11e4-a52e-4f735466cecf":"f.0EDEC609E967CA8F2B39E7D9D31DFB69.d.ABB5D04CBA517BE12B016CB025293856.e.1017","ELEMENT":"f.0EDEC609E967CA8F2B39E7D9D31DFB69.d.ABB5D04CBA517BE12B016CB025293856.e.1017"}]}
RESULT: {"script":"<script> [56 bytes]","args":[{"element-6066-11e4-a52e-4f735466cecf":"f.0EDEC609E967CA8F2B39E7D9D31DFB69.d.ABB5D04CBA517BE12B016CB025293856.e.1017","ELEMENT":"f.0EDEC609E967CA8F2B39E7D9D31DFB69.d.ABB5D04CBA517BE12B016CB025293856.e.1017"}]}
COMMAND: GET /session/14ef05402572205b9e8ee1d133b15894/screenshot - {}
RESULT: {}
COMMAND: POST /session/14ef05402572205b9e8ee1d133b15894/element - {"using":"css selector","value":"#shell-header-logo"}
RESULT: {"using":"css selector","value":"#shell-header-logo"}
COMMAND: POST /session/14ef05402572205b9e8ee1d133b15894/element/f.0EDEC609E967CA8F2B39E7D9D31DFB69.d.ABB5D04CBA517BE12B016CB025293856.e.268/click - {}
RESULT: {}
COMMAND: GET /session/14ef05402572205b9e8ee1d133b15894/screenshot - {}
RESULT: {}
COMMAND: POST /session/14ef05402572205b9e8ee1d133b15894/execute/sync - {"script":"<script> [299 bytes]","args":[["getModel","getResource"]]}
RESULT: {"script":"<script> [299 bytes]","args":[["getModel","getResource"]]}
COMMAND: GET /session/14ef05402572205b9e8ee1d133b15894/screenshot - {}
]]></system-out>
    </testcase>
    <testcase classname="chrome.136_0_7103_93.windows.Prerequisites_&amp;_test_for_yard_mass_return_on_Yard_Overview_US131057" name="Prereq Should create a new partner" time="141.516">
      <system-out><![CDATA[
COMMAND: POST /session/14ef05402572205b9e8ee1d133b15894/window/fullscreen - {}
RESULT: {}
RESULT: {}
COMMAND: POST /session/14ef05402572205b9e8ee1d133b15894/execute/async - {"script":"<script> [1562 bytes]","args":[{"selector":{"controlType":"sap.m.GenericTile","properties":{"header":"Manage Partners"}},"wdio_ui5_key":"sapm.GenericTile{\"header\":\"Manage Partners\"}"}]}
RESULT: {"script":"<script> [1562 bytes]","args":[{"selector":{"controlType":"sap.m.GenericTile","properties":{"header":"Manage Partners"}},"wdio_ui5_key":"sapm.GenericTile{\"header\":\"Manage Partners\"}"}]}
RESULT: undefined
COMMAND: POST /session/14ef05402572205b9e8ee1d133b15894/element - {"using":"xpath","value":"//*[@id=\"__tile38\"]"}
RESULT: {"using":"xpath","value":"//*[@id=\"__tile38\"]"}
COMMAND: POST /session/14ef05402572205b9e8ee1d133b15894/element/f.0EDEC609E967CA8F2B39E7D9D31DFB69.d.ABB5D04CBA517BE12B016CB025293856.e.157/click - {}
RESULT: {}
COMMAND: GET /session/14ef05402572205b9e8ee1d133b15894/screenshot - {}
RESULT: {}
COMMAND: POST /session/14ef05402572205b9e8ee1d133b15894/elements - {"using":"xpath","value":"//span[text()='Error']"}
RESULT: {"using":"xpath","value":"//span[text()='Error']"}
COMMAND: POST /session/14ef05402572205b9e8ee1d133b15894/element - {"using":"xpath","value":"//button[@data-kt=\"addButton\"]"}
RESULT: {"using":"xpath","value":"//button[@data-kt=\"addButton\"]"}
COMMAND: POST /session/14ef05402572205b9e8ee1d133b15894/elements - {"using":"xpath","value":"//button[@data-kt=\"addButton\"]"}
RESULT: {"using":"xpath","value":"//button[@data-kt=\"addButton\"]"}
COMMAND: POST /session/14ef05402572205b9e8ee1d133b15894/execute/sync - {"script":"<script> [8489 bytes]","args":[{"element-6066-11e4-a52e-4f735466cecf":"f.0EDEC609E967CA8F2B39E7D9D31DFB69.d.ABB5D04CBA517BE12B016CB025293856.e.1066","ELEMENT":"f.0EDEC609E967CA8F2B39E7D9D31DFB69.d.ABB5D04CBA517BE12B016CB025293856.e.1066"}]}
RESULT: {"script":"<script> [8489 bytes]","args":[{"element-6066-11e4-a52e-4f735466cecf":"f.0EDEC609E967CA8F2B39E7D9D31DFB69.d.ABB5D04CBA517BE12B016CB025293856.e.1066","ELEMENT":"f.0EDEC609E967CA8F2B39E7D9D31DFB69.d.ABB5D04CBA517BE12B016CB025293856.e.1066"}]}
COMMAND: GET /session/14ef05402572205b9e8ee1d133b15894/element/f.0EDEC609E967CA8F2B39E7D9D31DFB69.d.ABB5D04CBA517BE12B016CB025293856.e.1066/enabled - {}
COMMAND: GET /session/14ef05402572205b9e8ee1d133b15894/screenshot - {}
RESULT: {}
COMMAND: POST /session/14ef05402572205b9e8ee1d133b15894/execute/sync - {"script":"<script> [8489 bytes]","args":[{"element-6066-11e4-a52e-4f735466cecf":"f.0EDEC609E967CA8F2B39E7D9D31DFB69.d.ABB5D04CBA517BE12B016CB025293856.e.1066","ELEMENT":"f.0EDEC609E967CA8F2B39E7D9D31DFB69.d.ABB5D04CBA517BE12B016CB025293856.e.1066"}]}
COMMAND: GET /session/14ef05402572205b9e8ee1d133b15894/screenshot - {}
RESULT: {}
RESULT: {"script":"<script> [8489 bytes]","args":[{"element-6066-11e4-a52e-4f735466cecf":"f.0EDEC609E967CA8F2B39E7D9D31DFB69.d.ABB5D04CBA517BE12B016CB025293856.e.1066","ELEMENT":"f.0EDEC609E967CA8F2B39E7D9D31DFB69.d.ABB5D04CBA517BE12B016CB025293856.e.1066"}]}
COMMAND: POST /session/14ef05402572205b9e8ee1d133b15894/execute/sync - {"script":"<script> [5351 bytes]","args":[{"element-6066-11e4-a52e-4f735466cecf":"f.0EDEC609E967CA8F2B39E7D9D31DFB69.d.ABB5D04CBA517BE12B016CB025293856.e.1066","ELEMENT":"f.0EDEC609E967CA8F2B39E7D9D31DFB69.d.ABB5D04CBA517BE12B016CB025293856.e.1066"}]}
COMMAND: GET /session/14ef05402572205b9e8ee1d133b15894/screenshot - {}
RESULT: {}
RESULT: {"script":"<script> [5351 bytes]","args":[{"element-6066-11e4-a52e-4f735466cecf":"f.0EDEC609E967CA8F2B39E7D9D31DFB69.d.ABB5D04CBA517BE12B016CB025293856.e.1066","ELEMENT":"f.0EDEC609E967CA8F2B39E7D9D31DFB69.d.ABB5D04CBA517BE12B016CB025293856.e.1066"}]}
COMMAND: POST /session/14ef05402572205b9e8ee1d133b15894/element/f.0EDEC609E967CA8F2B39E7D9D31DFB69.d.ABB5D04CBA517BE12B016CB025293856.e.1066/click - {}
COMMAND: GET /session/14ef05402572205b9e8ee1d133b15894/screenshot - {}
RESULT: {}
RESULT: {}
COMMAND: GET /session/14ef05402572205b9e8ee1d133b15894/screenshot - {}
COMMAND: POST /session/14ef05402572205b9e8ee1d133b15894/execute/async - {"script":"<script> [1562 bytes]","args":[{"selector":{"id":"application-managepartners-display-component---NewPartner--addressDetailDetailsName1","interaction":{"idSuffix":"inner"}},"wdio_ui5_key":"applicationmanagepartners-display-component---NewPartner--addressDetailDetailsName1"}]}
RESULT: {}
RESULT: {}
RESULT: {"script":"<script> [1562 bytes]","args":[{"selector":{"id":"application-managepartners-display-component---NewPartner--addressDetailDetailsName1","interaction":{"idSuffix":"inner"}},"wdio_ui5_key":"applicationmanagepartners-display-component---NewPartner--addressDetailDetailsName1"}]}
RESULT: undefined
COMMAND: POST /session/14ef05402572205b9e8ee1d133b15894/execute/async - {"script":"<script> [776 bytes]","args":[{"enterText":"Intracompany Partner WDIO","selector":{"id":"application-managepartners-display-component---NewPartner--addressDetailDetailsName1","interaction":{"idSuffix":"inner"}},"clearTextFirst":true,"interactionType":"ENTER_TEXT"}]}
RESULT: {"script":"<script> [776 bytes]","args":[{"enterText":"Intracompany Partner WDIO","selector":{"id":"application-managepartners-display-component---NewPartner--addressDetailDetailsName1","interaction":{"idSuffix":"inner"}},"clearTextFirst":true,"interactionType":"ENTER_TEXT"}]}
COMMAND: POST /session/14ef05402572205b9e8ee1d133b15894/execute/async - {"script":"<script> [1562 bytes]","args":[{"selector":{"id":"application-managepartners-display-component---NewPartner--addressDetailDetailsLanguage-arrow"},"wdio_ui5_key":"applicationmanagepartners-display-component---NewPartner--addressDetailDetailsLanguage-arrow"}]}
RESULT: {"script":"<script> [1562 bytes]","args":[{"selector":{"id":"application-managepartners-display-component---NewPartner--addressDetailDetailsLanguage-arrow"},"wdio_ui5_key":"applicationmanagepartners-display-component---NewPartner--addressDetailDetailsLanguage-arrow"}]}
RESULT: undefined
COMMAND: POST /session/14ef05402572205b9e8ee1d133b15894/element - {"using":"xpath","value":"//*[@id=\"application-managepartners-display-component---NewPartner--addressDetailDetailsLanguage-arrow\"]"}
RESULT: {"using":"xpath","value":"//*[@id=\"application-managepartners-display-component---NewPartner--addressDetailDetailsLanguage-arrow\"]"}
COMMAND: POST /session/14ef05402572205b9e8ee1d133b15894/element/f.0EDEC609E967CA8F2B39E7D9D31DFB69.d.ABB5D04CBA517BE12B016CB025293856.e.1506/click - {}
RESULT: {}
COMMAND: POST /session/14ef05402572205b9e8ee1d133b15894/element - {"using":"xpath","value":"//span[contains(text(), \"English\")]"}
COMMAND: GET /session/14ef05402572205b9e8ee1d133b15894/screenshot - {}
RESULT: {"using":"xpath","value":"//span[contains(text(), \"English\")]"}
COMMAND: POST /session/14ef05402572205b9e8ee1d133b15894/element/f.0EDEC609E967CA8F2B39E7D9D31DFB69.d.ABB5D04CBA517BE12B016CB025293856.e.1507/click - {}
RESULT: {}
RESULT: {}
COMMAND: GET /session/14ef05402572205b9e8ee1d133b15894/screenshot - {}
RESULT: {}
COMMAND: POST /session/14ef05402572205b9e8ee1d133b15894/execute/async - {"script":"<script> [1562 bytes]","args":[{"selector":{"id":"application-managepartners-display-component---NewPartner--addressDetailDetailsCity1","interaction":{"idSuffix":"inner"}},"wdio_ui5_key":"applicationmanagepartners-display-component---NewPartner--addressDetailDetailsCity1"}]}
RESULT: {"script":"<script> [1562 bytes]","args":[{"selector":{"id":"application-managepartners-display-component---NewPartner--addressDetailDetailsCity1","interaction":{"idSuffix":"inner"}},"wdio_ui5_key":"applicationmanagepartners-display-component---NewPartner--addressDetailDetailsCity1"}]}
RESULT: undefined
COMMAND: POST /session/14ef05402572205b9e8ee1d133b15894/execute/async - {"script":"<script> [776 bytes]","args":[{"enterText":"Rosario","selector":{"id":"application-managepartners-display-component---NewPartner--addressDetailDetailsCity1","interaction":{"idSuffix":"inner"}},"clearTextFirst":true,"interactionType":"ENTER_TEXT"}]}
RESULT: {"script":"<script> [776 bytes]","args":[{"enterText":"Rosario","selector":{"id":"application-managepartners-display-component---NewPartner--addressDetailDetailsCity1","interaction":{"idSuffix":"inner"}},"clearTextFirst":true,"interactionType":"ENTER_TEXT"}]}
COMMAND: POST /session/14ef05402572205b9e8ee1d133b15894/execute/async - {"script":"<script> [1562 bytes]","args":[{"selector":{"id":"application-managepartners-display-component---NewPartner--addressDetailDetailsCountry-arrow"},"wdio_ui5_key":"applicationmanagepartners-display-component---NewPartner--addressDetailDetailsCountry-arrow"}]}
RESULT: {"script":"<script> [1562 bytes]","args":[{"selector":{"id":"application-managepartners-display-component---NewPartner--addressDetailDetailsCountry-arrow"},"wdio_ui5_key":"applicationmanagepartners-display-component---NewPartner--addressDetailDetailsCountry-arrow"}]}
RESULT: undefined
COMMAND: POST /session/14ef05402572205b9e8ee1d133b15894/element - {"using":"xpath","value":"//*[@id=\"application-managepartners-display-component---NewPartner--addressDetailDetailsCountry-arrow\"]"}
RESULT: {"using":"xpath","value":"//*[@id=\"application-managepartners-display-component---NewPartner--addressDetailDetailsCountry-arrow\"]"}
COMMAND: POST /session/14ef05402572205b9e8ee1d133b15894/element/f.0EDEC609E967CA8F2B39E7D9D31DFB69.d.ABB5D04CBA517BE12B016CB025293856.e.1493/click - {}
RESULT: {}
COMMAND: POST /session/14ef05402572205b9e8ee1d133b15894/element - {"using":"xpath","value":"//span[contains(text(), \"Argentina\")]"}
COMMAND: GET /session/14ef05402572205b9e8ee1d133b15894/screenshot - {}
RESULT: {"using":"xpath","value":"//span[contains(text(), \"Argentina\")]"}
COMMAND: POST /session/14ef05402572205b9e8ee1d133b15894/element/f.0EDEC609E967CA8F2B39E7D9D31DFB69.d.ABB5D04CBA517BE12B016CB025293856.e.1509/click - {}
RESULT: {}
RESULT: {}
COMMAND: GET /session/14ef05402572205b9e8ee1d133b15894/screenshot - {}
RESULT: {}
COMMAND: POST /session/14ef05402572205b9e8ee1d133b15894/element - {"using":"xpath","value":"//bdi[contains(text(), \"Commercial\")]"}
RESULT: {"using":"xpath","value":"//bdi[contains(text(), \"Commercial\")]"}
COMMAND: POST /session/14ef05402572205b9e8ee1d133b15894/element/f.0EDEC609E967CA8F2B39E7D9D31DFB69.d.ABB5D04CBA517BE12B016CB025293856.e.1510/click - {}
RESULT: {}
COMMAND: GET /session/14ef05402572205b9e8ee1d133b15894/screenshot - {}
RESULT: {}
COMMAND: POST /session/14ef05402572205b9e8ee1d133b15894/execute/async - {"script":"<script> [1562 bytes]","args":[{"selector":{"id":"application-managepartners-display-component---NewPartner--partnerDetailInternal-arrow"},"wdio_ui5_key":"applicationmanagepartners-display-component---NewPartner--partnerDetailInternal-arrow"}]}
RESULT: {"script":"<script> [1562 bytes]","args":[{"selector":{"id":"application-managepartners-display-component---NewPartner--partnerDetailInternal-arrow"},"wdio_ui5_key":"applicationmanagepartners-display-component---NewPartner--partnerDetailInternal-arrow"}]}
RESULT: undefined
COMMAND: POST /session/14ef05402572205b9e8ee1d133b15894/element - {"using":"xpath","value":"//*[@id=\"application-managepartners-display-component---NewPartner--partnerDetailInternal-arrow\"]"}
RESULT: {"using":"xpath","value":"//*[@id=\"application-managepartners-display-component---NewPartner--partnerDetailInternal-arrow\"]"}
COMMAND: POST /session/14ef05402572205b9e8ee1d133b15894/element/f.0EDEC609E967CA8F2B39E7D9D31DFB69.d.ABB5D04CBA517BE12B016CB025293856.e.1516/click - {}
RESULT: {}
COMMAND: POST /session/14ef05402572205b9e8ee1d133b15894/element - {"using":"xpath","value":"//span[contains(text(), \"Affiliated company\")]"}
COMMAND: GET /session/14ef05402572205b9e8ee1d133b15894/screenshot - {}
RESULT: {"using":"xpath","value":"//span[contains(text(), \"Affiliated company\")]"}
COMMAND: POST /session/14ef05402572205b9e8ee1d133b15894/element/f.0EDEC609E967CA8F2B39E7D9D31DFB69.d.ABB5D04CBA517BE12B016CB025293856.e.1519/click - {}
RESULT: {}
RESULT: {}
COMMAND: POST /session/14ef05402572205b9e8ee1d133b15894/execute/async - {"script":"<script> [1562 bytes]","args":[{"selector":{"id":"application-managepartners-display-component---NewPartner--partnerDetailsCurrency-arrow"},"wdio_ui5_key":"applicationmanagepartners-display-component---NewPartner--partnerDetailsCurrency-arrow"}]}
COMMAND: GET /session/14ef05402572205b9e8ee1d133b15894/screenshot - {}
RESULT: {"script":"<script> [1562 bytes]","args":[{"selector":{"id":"application-managepartners-display-component---NewPartner--partnerDetailsCurrency-arrow"},"wdio_ui5_key":"applicationmanagepartners-display-component---NewPartner--partnerDetailsCurrency-arrow"}]}
RESULT: undefined
COMMAND: POST /session/14ef05402572205b9e8ee1d133b15894/element - {"using":"xpath","value":"//*[@id=\"application-managepartners-display-component---NewPartner--partnerDetailsCurrency-arrow\"]"}
RESULT: {}
RESULT: {"using":"xpath","value":"//*[@id=\"application-managepartners-display-component---NewPartner--partnerDetailsCurrency-arrow\"]"}
COMMAND: POST /session/14ef05402572205b9e8ee1d133b15894/element/f.0EDEC609E967CA8F2B39E7D9D31DFB69.d.ABB5D04CBA517BE12B016CB025293856.e.1526/click - {}
RESULT: {}
COMMAND: POST /session/14ef05402572205b9e8ee1d133b15894/element - {"using":"xpath","value":"//span[contains(text(), \"Euro\")]"}
COMMAND: GET /session/14ef05402572205b9e8ee1d133b15894/screenshot - {}
RESULT: {"using":"xpath","value":"//span[contains(text(), \"Euro\")]"}
COMMAND: POST /session/14ef05402572205b9e8ee1d133b15894/element/f.0EDEC609E967CA8F2B39E7D9D31DFB69.d.ABB5D04CBA517BE12B016CB025293856.e.1527/click - {}
RESULT: {}
RESULT: {}
COMMAND: POST /session/14ef05402572205b9e8ee1d133b15894/execute/async - {"script":"<script> [1562 bytes]","args":[{"selector":{"id":"application-managepartners-display-component---NewPartner--addressEditDetailsCostObjectCstType-arrow"},"wdio_ui5_key":"applicationmanagepartners-display-component---NewPartner--addressEditDetailsCostObjectCstType-arrow"}]}
COMMAND: GET /session/14ef05402572205b9e8ee1d133b15894/screenshot - {}
RESULT: {"script":"<script> [1562 bytes]","args":[{"selector":{"id":"application-managepartners-display-component---NewPartner--addressEditDetailsCostObjectCstType-arrow"},"wdio_ui5_key":"applicationmanagepartners-display-component---NewPartner--addressEditDetailsCostObjectCstType-arrow"}]}
RESULT: undefined
COMMAND: POST /session/14ef05402572205b9e8ee1d133b15894/element - {"using":"xpath","value":"//*[@id=\"application-managepartners-display-component---NewPartner--addressEditDetailsCostObjectCstType-arrow\"]"}
RESULT: {}
RESULT: {"using":"xpath","value":"//*[@id=\"application-managepartners-display-component---NewPartner--addressEditDetailsCostObjectCstType-arrow\"]"}
COMMAND: POST /session/14ef05402572205b9e8ee1d133b15894/element/f.0EDEC609E967CA8F2B39E7D9D31DFB69.d.ABB5D04CBA517BE12B016CB025293856.e.1528/click - {}
RESULT: {}
COMMAND: POST /session/14ef05402572205b9e8ee1d133b15894/element - {"using":"xpath","value":"//span[contains(text(), \"Cost Center\")]"}
COMMAND: GET /session/14ef05402572205b9e8ee1d133b15894/screenshot - {}
RESULT: {"using":"xpath","value":"//span[contains(text(), \"Cost Center\")]"}
COMMAND: POST /session/14ef05402572205b9e8ee1d133b15894/element/f.0EDEC609E967CA8F2B39E7D9D31DFB69.d.ABB5D04CBA517BE12B016CB025293856.e.1529/click - {}
RESULT: {}
RESULT: {}
COMMAND: GET /session/14ef05402572205b9e8ee1d133b15894/screenshot - {}
RESULT: {}
COMMAND: POST /session/14ef05402572205b9e8ee1d133b15894/element - {"using":"xpath","value":"//span[@id=\"application-managepartners-display-component---NewPartner--addressNewCostObjectCstID-vhi\"]"}
RESULT: {"using":"xpath","value":"//span[@id=\"application-managepartners-display-component---NewPartner--addressNewCostObjectCstID-vhi\"]"}
COMMAND: POST /session/14ef05402572205b9e8ee1d133b15894/execute/sync - {"script":"<script> [8489 bytes]","args":[{"element-6066-11e4-a52e-4f735466cecf":"f.0EDEC609E967CA8F2B39E7D9D31DFB69.d.ABB5D04CBA517BE12B016CB025293856.e.1533","ELEMENT":"f.0EDEC609E967CA8F2B39E7D9D31DFB69.d.ABB5D04CBA517BE12B016CB025293856.e.1533"}]}
RESULT: {"script":"<script> [8489 bytes]","args":[{"element-6066-11e4-a52e-4f735466cecf":"f.0EDEC609E967CA8F2B39E7D9D31DFB69.d.ABB5D04CBA517BE12B016CB025293856.e.1533","ELEMENT":"f.0EDEC609E967CA8F2B39E7D9D31DFB69.d.ABB5D04CBA517BE12B016CB025293856.e.1533"}]}
COMMAND: POST /session/14ef05402572205b9e8ee1d133b15894/execute/async - {"script":"<script> [1562 bytes]","args":[{"selector":{"id":"application-managepartners-display-component---NewPartner--addressNewCostObjectCstID-vhi"},"wdio_ui5_key":"applicationmanagepartners-display-component---NewPartner--addressNewCostObjectCstID-vhi"}]}
COMMAND: GET /session/14ef05402572205b9e8ee1d133b15894/screenshot - {}
RESULT: {"script":"<script> [1562 bytes]","args":[{"selector":{"id":"application-managepartners-display-component---NewPartner--addressNewCostObjectCstID-vhi"},"wdio_ui5_key":"applicationmanagepartners-display-component---NewPartner--addressNewCostObjectCstID-vhi"}]}
RESULT: undefined
COMMAND: POST /session/14ef05402572205b9e8ee1d133b15894/element - {"using":"xpath","value":"//*[@id=\"application-managepartners-display-component---NewPartner--addressNewCostObjectCstID-vhi\"]"}
RESULT: {}
RESULT: {"using":"xpath","value":"//*[@id=\"application-managepartners-display-component---NewPartner--addressNewCostObjectCstID-vhi\"]"}
COMMAND: POST /session/14ef05402572205b9e8ee1d133b15894/element/f.0EDEC609E967CA8F2B39E7D9D31DFB69.d.ABB5D04CBA517BE12B016CB025293856.e.1533/click - {}
RESULT: {}
COMMAND: GET /session/14ef05402572205b9e8ee1d133b15894/screenshot - {}
RESULT: {}
RESULT: undefined
COMMAND: POST /session/14ef05402572205b9e8ee1d133b15894/execute/async - {"script":"<script> [776 bytes]","args":[{"enterText":"10001013","selector":{"controlType":"sap.m.SearchField","properties":{"placeholder":"Search"},"searchOpenDialogs":true,"interaction":{"idSuffix":"I"}},"clearTextFirst":true,"interactionType":"ENTER_TEXT"}]}
RESULT: {"script":"<script> [776 bytes]","args":[{"enterText":"10001013","selector":{"controlType":"sap.m.SearchField","properties":{"placeholder":"Search"},"searchOpenDialogs":true,"interaction":{"idSuffix":"I"}},"clearTextFirst":true,"interactionType":"ENTER_TEXT"}]}
COMMAND: POST /session/14ef05402572205b9e8ee1d133b15894/actions - {"actions":[{"id":"action2","type":"key","parameters":{},"actions":[{"type":"keyDown","value":"î€‡"},{"type":"pause","duration":10},{"type":"keyUp","value":"î€‡"}]}]}
RESULT: {"actions":[{"id":"action2","type":"key","parameters":{},"actions":[{"type":"keyDown","value":"î€‡"},{"type":"pause","duration":10},{"type":"keyUp","value":"î€‡"}]}]}
COMMAND: GET /session/14ef05402572205b9e8ee1d133b15894/screenshot - {}
RESULT: {}
COMMAND: POST /session/14ef05402572205b9e8ee1d133b15894/element - {"using":"xpath","value":"//span[contains(text(), \"General Management\")]"}
RESULT: {"using":"xpath","value":"//span[contains(text(), \"General Management\")]"}
COMMAND: POST /session/14ef05402572205b9e8ee1d133b15894/element/f.0EDEC609E967CA8F2B39E7D9D31DFB69.d.ABB5D04CBA517BE12B016CB025293856.e.1572/click - {}
RESULT: {}
COMMAND: GET /session/14ef05402572205b9e8ee1d133b15894/screenshot - {}
RESULT: {}
COMMAND: POST /session/14ef05402572205b9e8ee1d133b15894/element - {"using":"xpath","value":"//bdi[contains(text(), \"OK\")]"}
RESULT: {"using":"xpath","value":"//bdi[contains(text(), \"OK\")]"}
COMMAND: POST /session/14ef05402572205b9e8ee1d133b15894/element/f.0EDEC609E967CA8F2B39E7D9D31DFB69.d.ABB5D04CBA517BE12B016CB025293856.e.1573/click - {}
RESULT: {}
COMMAND: GET /session/14ef05402572205b9e8ee1d133b15894/screenshot - {}
RESULT: {}
COMMAND: POST /session/14ef05402572205b9e8ee1d133b15894/element - {"using":"xpath","value":"//input[@id=\"application-managepartners-display-component---NewPartner--companyCodeComboBox-inner\"]"}
RESULT: {"using":"xpath","value":"//input[@id=\"application-managepartners-display-component---NewPartner--companyCodeComboBox-inner\"]"}
COMMAND: POST /session/14ef05402572205b9e8ee1d133b15894/element/f.0EDEC609E967CA8F2B39E7D9D31DFB69.d.ABB5D04CBA517BE12B016CB025293856.e.1384/clear - {}
RESULT: {}
COMMAND: POST /session/14ef05402572205b9e8ee1d133b15894/element/f.0EDEC609E967CA8F2B39E7D9D31DFB69.d.ABB5D04CBA517BE12B016CB025293856.e.1384/value - {"text":"1000"}
COMMAND: GET /session/14ef05402572205b9e8ee1d133b15894/screenshot - {}
RESULT: {"text":"1000"}
COMMAND: GET /session/14ef05402572205b9e8ee1d133b15894/screenshot - {}
RESULT: {}
COMMAND: POST /session/14ef05402572205b9e8ee1d133b15894/element - {"using":"xpath","value":"//li[.//span[text()= \"1000\"]]"}
RESULT: {}
RESULT: {"using":"xpath","value":"//li[.//span[text()= \"1000\"]]"}
COMMAND: POST /session/14ef05402572205b9e8ee1d133b15894/element/f.0EDEC609E967CA8F2B39E7D9D31DFB69.d.ABB5D04CBA517BE12B016CB025293856.e.1579/click - {}
RESULT: {}
COMMAND: GET /session/14ef05402572205b9e8ee1d133b15894/screenshot - {}
RESULT: {}
COMMAND: POST /session/14ef05402572205b9e8ee1d133b15894/execute/async - {"script":"<script> [1562 bytes]","args":[{"selector":{"id":"application-managepartners-display-component---NewPartner--btnAddTableRow-img"},"wdio_ui5_key":"applicationmanagepartners-display-component---NewPartner--btnAddTableRow-img"}]}
RESULT: {"script":"<script> [1562 bytes]","args":[{"selector":{"id":"application-managepartners-display-component---NewPartner--btnAddTableRow-img"},"wdio_ui5_key":"applicationmanagepartners-display-component---NewPartner--btnAddTableRow-img"}]}
RESULT: undefined
COMMAND: POST /session/14ef05402572205b9e8ee1d133b15894/element - {"using":"xpath","value":"//*[@id=\"application-managepartners-display-component---NewPartner--btnAddTableRow-img\"]"}
RESULT: {"using":"xpath","value":"//*[@id=\"application-managepartners-display-component---NewPartner--btnAddTableRow-img\"]"}
COMMAND: POST /session/14ef05402572205b9e8ee1d133b15894/element/f.0EDEC609E967CA8F2B39E7D9D31DFB69.d.ABB5D04CBA517BE12B016CB025293856.e.1580/click - {}
RESULT: {}
COMMAND: GET /session/14ef05402572205b9e8ee1d133b15894/screenshot - {}
RESULT: {}
COMMAND: POST /session/14ef05402572205b9e8ee1d133b15894/element - {"using":"xpath","value":"//input[@id=\"application-managepartners-display-component---NewPartner--assignmentYard-application-managepartners-display-component---NewPartner--assignmentsTable-0-inner\"]"}
RESULT: {"using":"xpath","value":"//input[@id=\"application-managepartners-display-component---NewPartner--assignmentYard-application-managepartners-display-component---NewPartner--assignmentsTable-0-inner\"]"}
COMMAND: POST /session/14ef05402572205b9e8ee1d133b15894/element/f.0EDEC609E967CA8F2B39E7D9D31DFB69.d.ABB5D04CBA517BE12B016CB025293856.e.1583/clear - {}
RESULT: {}
COMMAND: POST /session/14ef05402572205b9e8ee1d133b15894/element/f.0EDEC609E967CA8F2B39E7D9D31DFB69.d.ABB5D04CBA517BE12B016CB025293856.e.1583/value - {"text":"473"}
COMMAND: GET /session/14ef05402572205b9e8ee1d133b15894/screenshot - {}
RESULT: {}
RESULT: {"text":"473"}
COMMAND: GET /session/14ef05402572205b9e8ee1d133b15894/screenshot - {}
RESULT: {}
COMMAND: POST /session/14ef05402572205b9e8ee1d133b15894/element - {"using":"xpath","value":"//li[.//span[text()='473']]"}
RESULT: {"using":"xpath","value":"//li[.//span[text()='473']]"}
COMMAND: POST /session/14ef05402572205b9e8ee1d133b15894/element/f.0EDEC609E967CA8F2B39E7D9D31DFB69.d.ABB5D04CBA517BE12B016CB025293856.e.1592/click - {}
RESULT: {}
COMMAND: GET /session/14ef05402572205b9e8ee1d133b15894/screenshot - {}
RESULT: {}
COMMAND: POST /session/14ef05402572205b9e8ee1d133b15894/actions - {"actions":[{"id":"action3","type":"key","parameters":{},"actions":[{"type":"keyDown","value":"î€‡"},{"type":"pause","duration":10},{"type":"keyUp","value":"î€‡"}]}]}
RESULT: {"actions":[{"id":"action3","type":"key","parameters":{},"actions":[{"type":"keyDown","value":"î€‡"},{"type":"pause","duration":10},{"type":"keyUp","value":"î€‡"}]}]}
COMMAND: POST /session/14ef05402572205b9e8ee1d133b15894/execute/async - {"script":"<script> [1562 bytes]","args":[{"selector":{"id":"application-managepartners-display-component---NewPartner--externalCustomerComboBox-application-managepartners-display-component---NewPartner--assignmentsTable-0-vhi"},"wdio_ui5_key":"applicationmanagepartners-display-component---NewPartner--externalCustomerComboBox-application-managepartners-display-component---NewPartner--assignmentsTable-0-vhi"}]}
COMMAND: GET /session/14ef05402572205b9e8ee1d133b15894/screenshot - {}
RESULT: {"script":"<script> [1562 bytes]","args":[{"selector":{"id":"application-managepartners-display-component---NewPartner--externalCustomerComboBox-application-managepartners-display-component---NewPartner--assignmentsTable-0-vhi"},"wdio_ui5_key":"applicationmanagepartners-display-component---NewPartner--externalCustomerComboBox-application-managepartners-display-component---NewPartner--assignmentsTable-0-vhi"}]}
RESULT: undefined
COMMAND: POST /session/14ef05402572205b9e8ee1d133b15894/element - {"using":"xpath","value":"//*[@id=\"application-managepartners-display-component---NewPartner--externalCustomerComboBox-application-managepartners-display-component---NewPartner--assignmentsTable-0-vhi\"]"}
RESULT: {}
RESULT: {"using":"xpath","value":"//*[@id=\"application-managepartners-display-component---NewPartner--externalCustomerComboBox-application-managepartners-display-component---NewPartner--assignmentsTable-0-vhi\"]"}
COMMAND: POST /session/14ef05402572205b9e8ee1d133b15894/element/f.0EDEC609E967CA8F2B39E7D9D31DFB69.d.ABB5D04CBA517BE12B016CB025293856.e.1596/click - {}
RESULT: {}
RESULT: undefined
COMMAND: POST /session/14ef05402572205b9e8ee1d133b15894/execute/async - {"script":"<script> [776 bytes]","args":[{"enterText":"300003","selector":{"controlType":"sap.m.SearchField","properties":{"placeholder":"Search"},"searchOpenDialogs":true,"interaction":{"idSuffix":"I"}},"clearTextFirst":true,"interactionType":"ENTER_TEXT"}]}
COMMAND: GET /session/14ef05402572205b9e8ee1d133b15894/screenshot - {}
RESULT: {"script":"<script> [776 bytes]","args":[{"enterText":"300003","selector":{"controlType":"sap.m.SearchField","properties":{"placeholder":"Search"},"searchOpenDialogs":true,"interaction":{"idSuffix":"I"}},"clearTextFirst":true,"interactionType":"ENTER_TEXT"}]}
COMMAND: POST /session/14ef05402572205b9e8ee1d133b15894/actions - {"actions":[{"id":"action4","type":"key","parameters":{},"actions":[{"type":"keyDown","value":"î€‡"},{"type":"pause","duration":10},{"type":"keyUp","value":"î€‡"}]}]}
RESULT: {}
RESULT: {"actions":[{"id":"action4","type":"key","parameters":{},"actions":[{"type":"keyDown","value":"î€‡"},{"type":"pause","duration":10},{"type":"keyUp","value":"î€‡"}]}]}
COMMAND: GET /session/14ef05402572205b9e8ee1d133b15894/screenshot - {}
RESULT: {}
COMMAND: POST /session/14ef05402572205b9e8ee1d133b15894/element - {"using":"xpath","value":"//span[contains(text(), \"300003\")]"}
RESULT: {"using":"xpath","value":"//span[contains(text(), \"300003\")]"}
COMMAND: POST /session/14ef05402572205b9e8ee1d133b15894/element/f.0EDEC609E967CA8F2B39E7D9D31DFB69.d.ABB5D04CBA517BE12B016CB025293856.e.1615/click - {}
RESULT: {}
COMMAND: GET /session/14ef05402572205b9e8ee1d133b15894/screenshot - {}
RESULT: {}
COMMAND: POST /session/14ef05402572205b9e8ee1d133b15894/element - {"using":"xpath","value":"//bdi[contains(text(), \"OK\")]"}
RESULT: {"using":"xpath","value":"//bdi[contains(text(), \"OK\")]"}
COMMAND: POST /session/14ef05402572205b9e8ee1d133b15894/element/f.0EDEC609E967CA8F2B39E7D9D31DFB69.d.ABB5D04CBA517BE12B016CB025293856.e.1617/click - {}
RESULT: {}
COMMAND: GET /session/14ef05402572205b9e8ee1d133b15894/screenshot - {}
RESULT: {}
COMMAND: POST /session/14ef05402572205b9e8ee1d133b15894/execute/async - {"script":"<script> [1562 bytes]","args":[{"selector":{"id":"application-managepartners-display-component---NewPartner--intercompVendorComboBox-application-managepartners-display-component---NewPartner--assignmentsTable-0-vhi"},"wdio_ui5_key":"applicationmanagepartners-display-component---NewPartner--intercompVendorComboBox-application-managepartners-display-component---NewPartner--assignmentsTable-0-vhi"}]}
RESULT: {"script":"<script> [1562 bytes]","args":[{"selector":{"id":"application-managepartners-display-component---NewPartner--intercompVendorComboBox-application-managepartners-display-component---NewPartner--assignmentsTable-0-vhi"},"wdio_ui5_key":"applicationmanagepartners-display-component---NewPartner--intercompVendorComboBox-application-managepartners-display-component---NewPartner--assignmentsTable-0-vhi"}]}
RESULT: undefined
COMMAND: POST /session/14ef05402572205b9e8ee1d133b15894/element - {"using":"xpath","value":"//*[@id=\"application-managepartners-display-component---NewPartner--intercompVendorComboBox-application-managepartners-display-component---NewPartner--assignmentsTable-0-vhi\"]"}
RESULT: {"using":"xpath","value":"//*[@id=\"application-managepartners-display-component---NewPartner--intercompVendorComboBox-application-managepartners-display-component---NewPartner--assignmentsTable-0-vhi\"]"}
COMMAND: POST /session/14ef05402572205b9e8ee1d133b15894/element/f.0EDEC609E967CA8F2B39E7D9D31DFB69.d.ABB5D04CBA517BE12B016CB025293856.e.1620/click - {}
RESULT: {}
RESULT: undefined
COMMAND: POST /session/14ef05402572205b9e8ee1d133b15894/execute/async - {"script":"<script> [776 bytes]","args":[{"enterText":"100005","selector":{"controlType":"sap.m.SearchField","properties":{"placeholder":"Search"},"searchOpenDialogs":true,"interaction":{"idSuffix":"I"}},"clearTextFirst":true,"interactionType":"ENTER_TEXT"}]}
COMMAND: GET /session/14ef05402572205b9e8ee1d133b15894/screenshot - {}
RESULT: {"script":"<script> [776 bytes]","args":[{"enterText":"100005","selector":{"controlType":"sap.m.SearchField","properties":{"placeholder":"Search"},"searchOpenDialogs":true,"interaction":{"idSuffix":"I"}},"clearTextFirst":true,"interactionType":"ENTER_TEXT"}]}
COMMAND: POST /session/14ef05402572205b9e8ee1d133b15894/actions - {"actions":[{"id":"action5","type":"key","parameters":{},"actions":[{"type":"keyDown","value":"î€‡"},{"type":"pause","duration":10},{"type":"keyUp","value":"î€‡"}]}]}
RESULT: {}
RESULT: {"actions":[{"id":"action5","type":"key","parameters":{},"actions":[{"type":"keyDown","value":"î€‡"},{"type":"pause","duration":10},{"type":"keyUp","value":"î€‡"}]}]}
COMMAND: GET /session/14ef05402572205b9e8ee1d133b15894/screenshot - {}
RESULT: {}
COMMAND: POST /session/14ef05402572205b9e8ee1d133b15894/element - {"using":"xpath","value":"//span[contains(text(), \"Penguins - Field/12345 Berlin\")]"}
RESULT: {"using":"xpath","value":"//span[contains(text(), \"Penguins - Field/12345 Berlin\")]"}
COMMAND: POST /session/14ef05402572205b9e8ee1d133b15894/element/f.0EDEC609E967CA8F2B39E7D9D31DFB69.d.ABB5D04CBA517BE12B016CB025293856.e.1637/click - {}
RESULT: {}
COMMAND: GET /session/14ef05402572205b9e8ee1d133b15894/screenshot - {}
RESULT: {}
COMMAND: POST /session/14ef05402572205b9e8ee1d133b15894/element - {"using":"xpath","value":"//bdi[contains(text(), \"OK\")]"}
RESULT: {"using":"xpath","value":"//bdi[contains(text(), \"OK\")]"}
COMMAND: POST /session/14ef05402572205b9e8ee1d133b15894/element/f.0EDEC609E967CA8F2B39E7D9D31DFB69.d.ABB5D04CBA517BE12B016CB025293856.e.1638/click - {}
RESULT: {}
COMMAND: GET /session/14ef05402572205b9e8ee1d133b15894/screenshot - {}
RESULT: {}
COMMAND: POST /session/14ef05402572205b9e8ee1d133b15894/element - {"using":"xpath","value":"//button[@data-kt=\"saveButton\"]"}
RESULT: {"using":"xpath","value":"//button[@data-kt=\"saveButton\"]"}
COMMAND: POST /session/14ef05402572205b9e8ee1d133b15894/element/f.0EDEC609E967CA8F2B39E7D9D31DFB69.d.ABB5D04CBA517BE12B016CB025293856.e.1417/click - {}
RESULT: {}
COMMAND: GET /session/14ef05402572205b9e8ee1d133b15894/screenshot - {}
RESULT: {}
COMMAND: POST /session/14ef05402572205b9e8ee1d133b15894/element - {"using":"xpath","value":"//header[contains(@id, 'ObjectPageLayout-headerTitle')]/div[1]/div[2]/div[2]/span[1]"}
RESULT: {"using":"xpath","value":"//header[contains(@id, 'ObjectPageLayout-headerTitle')]/div[1]/div[2]/div[2]/span[1]"}
COMMAND: POST /session/14ef05402572205b9e8ee1d133b15894/elements - {"using":"xpath","value":"//header[contains(@id, 'ObjectPageLayout-headerTitle')]/div[1]/div[2]/div[2]/span[1]"}
RESULT: {"using":"xpath","value":"//header[contains(@id, 'ObjectPageLayout-headerTitle')]/div[1]/div[2]/div[2]/span[1]"}
COMMAND: POST /session/14ef05402572205b9e8ee1d133b15894/execute/sync - {"script":"<script> [56 bytes]","args":[{"element-6066-11e4-a52e-4f735466cecf":"f.0EDEC609E967CA8F2B39E7D9D31DFB69.d.ABB5D04CBA517BE12B016CB025293856.e.1804","ELEMENT":"f.0EDEC609E967CA8F2B39E7D9D31DFB69.d.ABB5D04CBA517BE12B016CB025293856.e.1804"}]}
RESULT: {"script":"<script> [56 bytes]","args":[{"element-6066-11e4-a52e-4f735466cecf":"f.0EDEC609E967CA8F2B39E7D9D31DFB69.d.ABB5D04CBA517BE12B016CB025293856.e.1804","ELEMENT":"f.0EDEC609E967CA8F2B39E7D9D31DFB69.d.ABB5D04CBA517BE12B016CB025293856.e.1804"}]}
COMMAND: POST /session/14ef05402572205b9e8ee1d133b15894/element - {"using":"css selector","value":"#shell-header-logo"}
COMMAND: GET /session/14ef05402572205b9e8ee1d133b15894/screenshot - {}
RESULT: {"using":"css selector","value":"#shell-header-logo"}
COMMAND: POST /session/14ef05402572205b9e8ee1d133b15894/element/f.0EDEC609E967CA8F2B39E7D9D31DFB69.d.ABB5D04CBA517BE12B016CB025293856.e.1022/click - {}
RESULT: {}
RESULT: {}
COMMAND: GET /session/14ef05402572205b9e8ee1d133b15894/screenshot - {}
RESULT: {}
COMMAND: POST /session/14ef05402572205b9e8ee1d133b15894/execute/sync - {"script":"<script> [299 bytes]","args":[["getModel","getResource"]]}
RESULT: {"script":"<script> [299 bytes]","args":[["getModel","getResource"]]}
COMMAND: GET /session/14ef05402572205b9e8ee1d133b15894/screenshot - {}
]]></system-out>
    </testcase>
    <testcase classname="chrome.136_0_7103_93.windows.Prerequisites_&amp;_test_for_yard_mass_return_on_Yard_Overview_US131057" name="Prereq Should create a new site" time="90.79">
      <system-out><![CDATA[
COMMAND: POST /session/14ef05402572205b9e8ee1d133b15894/execute/async - {"script":"<script> [1562 bytes]","args":[{"selector":{"controlType":"sap.m.GenericTile","properties":{"header":"Manage Sites"}},"wdio_ui5_key":"sapm.GenericTile{\"header\":\"Manage Sites\"}"}]}
RESULT: {"script":"<script> [1562 bytes]","args":[{"selector":{"controlType":"sap.m.GenericTile","properties":{"header":"Manage Sites"}},"wdio_ui5_key":"sapm.GenericTile{\"header\":\"Manage Sites\"}"}]}
RESULT: undefined
COMMAND: POST /session/14ef05402572205b9e8ee1d133b15894/element - {"using":"xpath","value":"//*[@id=\"__tile40\"]"}
RESULT: {}
RESULT: {"using":"xpath","value":"//*[@id=\"__tile40\"]"}
COMMAND: POST /session/14ef05402572205b9e8ee1d133b15894/element/f.0EDEC609E967CA8F2B39E7D9D31DFB69.d.ABB5D04CBA517BE12B016CB025293856.e.163/click - {}
RESULT: {}
COMMAND: GET /session/14ef05402572205b9e8ee1d133b15894/screenshot - {}
RESULT: {}
COMMAND: POST /session/14ef05402572205b9e8ee1d133b15894/elements - {"using":"xpath","value":"//span[text()='Error']"}
RESULT: {"using":"xpath","value":"//span[text()='Error']"}
COMMAND: POST /session/14ef05402572205b9e8ee1d133b15894/element - {"using":"xpath","value":"//button[@data-kt=\"addOverflowToolbarButton\"]"}
RESULT: {"using":"xpath","value":"//button[@data-kt=\"addOverflowToolbarButton\"]"}
COMMAND: POST /session/14ef05402572205b9e8ee1d133b15894/elements - {"using":"xpath","value":"//button[@data-kt=\"addOverflowToolbarButton\"]"}
RESULT: {"using":"xpath","value":"//button[@data-kt=\"addOverflowToolbarButton\"]"}
COMMAND: POST /session/14ef05402572205b9e8ee1d133b15894/execute/sync - {"script":"<script> [8489 bytes]","args":[{"element-6066-11e4-a52e-4f735466cecf":"f.0EDEC609E967CA8F2B39E7D9D31DFB69.d.ABB5D04CBA517BE12B016CB025293856.e.1851","ELEMENT":"f.0EDEC609E967CA8F2B39E7D9D31DFB69.d.ABB5D04CBA517BE12B016CB025293856.e.1851"}]}
RESULT: {"script":"<script> [8489 bytes]","args":[{"element-6066-11e4-a52e-4f735466cecf":"f.0EDEC609E967CA8F2B39E7D9D31DFB69.d.ABB5D04CBA517BE12B016CB025293856.e.1851","ELEMENT":"f.0EDEC609E967CA8F2B39E7D9D31DFB69.d.ABB5D04CBA517BE12B016CB025293856.e.1851"}]}
COMMAND: GET /session/14ef05402572205b9e8ee1d133b15894/element/f.0EDEC609E967CA8F2B39E7D9D31DFB69.d.ABB5D04CBA517BE12B016CB025293856.e.1851/enabled - {}
COMMAND: GET /session/14ef05402572205b9e8ee1d133b15894/screenshot - {}
RESULT: {}
COMMAND: POST /session/14ef05402572205b9e8ee1d133b15894/execute/sync - {"script":"<script> [8489 bytes]","args":[{"element-6066-11e4-a52e-4f735466cecf":"f.0EDEC609E967CA8F2B39E7D9D31DFB69.d.ABB5D04CBA517BE12B016CB025293856.e.1851","ELEMENT":"f.0EDEC609E967CA8F2B39E7D9D31DFB69.d.ABB5D04CBA517BE12B016CB025293856.e.1851"}]}
COMMAND: GET /session/14ef05402572205b9e8ee1d133b15894/screenshot - {}
RESULT: {}
RESULT: {"script":"<script> [8489 bytes]","args":[{"element-6066-11e4-a52e-4f735466cecf":"f.0EDEC609E967CA8F2B39E7D9D31DFB69.d.ABB5D04CBA517BE12B016CB025293856.e.1851","ELEMENT":"f.0EDEC609E967CA8F2B39E7D9D31DFB69.d.ABB5D04CBA517BE12B016CB025293856.e.1851"}]}
COMMAND: POST /session/14ef05402572205b9e8ee1d133b15894/execute/sync - {"script":"<script> [5351 bytes]","args":[{"element-6066-11e4-a52e-4f735466cecf":"f.0EDEC609E967CA8F2B39E7D9D31DFB69.d.ABB5D04CBA517BE12B016CB025293856.e.1851","ELEMENT":"f.0EDEC609E967CA8F2B39E7D9D31DFB69.d.ABB5D04CBA517BE12B016CB025293856.e.1851"}]}
COMMAND: GET /session/14ef05402572205b9e8ee1d133b15894/screenshot - {}
RESULT: {}
RESULT: {"script":"<script> [5351 bytes]","args":[{"element-6066-11e4-a52e-4f735466cecf":"f.0EDEC609E967CA8F2B39E7D9D31DFB69.d.ABB5D04CBA517BE12B016CB025293856.e.1851","ELEMENT":"f.0EDEC609E967CA8F2B39E7D9D31DFB69.d.ABB5D04CBA517BE12B016CB025293856.e.1851"}]}
COMMAND: POST /session/14ef05402572205b9e8ee1d133b15894/element/f.0EDEC609E967CA8F2B39E7D9D31DFB69.d.ABB5D04CBA517BE12B016CB025293856.e.1851/click - {}
COMMAND: GET /session/14ef05402572205b9e8ee1d133b15894/screenshot - {}
RESULT: {}
RESULT: {}
COMMAND: GET /session/14ef05402572205b9e8ee1d133b15894/screenshot - {}
COMMAND: POST /session/14ef05402572205b9e8ee1d133b15894/element - {"using":"xpath","value":"//input[@id=\"application-managesites-display-component---NewSite--siteId-inner\"]"}
RESULT: {}
RESULT: {}
RESULT: {"using":"xpath","value":"//input[@id=\"application-managesites-display-component---NewSite--siteId-inner\"]"}
COMMAND: POST /session/14ef05402572205b9e8ee1d133b15894/element - {"using":"xpath","value":"//input[@id=\"application-managesites-display-component---NewSite--siteId-inner\"]"}
RESULT: {"using":"xpath","value":"//input[@id=\"application-managesites-display-component---NewSite--siteId-inner\"]"}
COMMAND: POST /session/14ef05402572205b9e8ee1d133b15894/execute/async - {"script":"<script> [1562 bytes]","args":[{"selector":{"id":"application-managesites-display-component---NewSite--addressDetailDetailsName1","interaction":{"idSuffix":"inner"}},"wdio_ui5_key":"applicationmanagesites-display-component---NewSite--addressDetailDetailsName1"}]}
RESULT: {"script":"<script> [1562 bytes]","args":[{"selector":{"id":"application-managesites-display-component---NewSite--addressDetailDetailsName1","interaction":{"idSuffix":"inner"}},"wdio_ui5_key":"applicationmanagesites-display-component---NewSite--addressDetailDetailsName1"}]}
RESULT: undefined
COMMAND: POST /session/14ef05402572205b9e8ee1d133b15894/execute/async - {"script":"<script> [776 bytes]","args":[{"enterText":"Intracompany Site wdIO","selector":{"id":"application-managesites-display-component---NewSite--addressDetailDetailsName1","interaction":{"idSuffix":"inner"}},"clearTextFirst":true,"interactionType":"ENTER_TEXT"}]}
RESULT: {"script":"<script> [776 bytes]","args":[{"enterText":"Intracompany Site wdIO","selector":{"id":"application-managesites-display-component---NewSite--addressDetailDetailsName1","interaction":{"idSuffix":"inner"}},"clearTextFirst":true,"interactionType":"ENTER_TEXT"}]}
COMMAND: POST /session/14ef05402572205b9e8ee1d133b15894/execute/async - {"script":"<script> [1562 bytes]","args":[{"selector":{"id":"application-managesites-display-component---NewSite--addressDetailDetailsLanguage-arrow"},"wdio_ui5_key":"applicationmanagesites-display-component---NewSite--addressDetailDetailsLanguage-arrow"}]}
RESULT: {"script":"<script> [1562 bytes]","args":[{"selector":{"id":"application-managesites-display-component---NewSite--addressDetailDetailsLanguage-arrow"},"wdio_ui5_key":"applicationmanagesites-display-component---NewSite--addressDetailDetailsLanguage-arrow"}]}
RESULT: undefined
COMMAND: POST /session/14ef05402572205b9e8ee1d133b15894/element - {"using":"xpath","value":"//*[@id=\"application-managesites-display-component---NewSite--addressDetailDetailsLanguage-arrow\"]"}
RESULT: {"using":"xpath","value":"//*[@id=\"application-managesites-display-component---NewSite--addressDetailDetailsLanguage-arrow\"]"}
COMMAND: POST /session/14ef05402572205b9e8ee1d133b15894/element/f.0EDEC609E967CA8F2B39E7D9D31DFB69.d.ABB5D04CBA517BE12B016CB025293856.e.2259/click - {}
RESULT: {}
COMMAND: POST /session/14ef05402572205b9e8ee1d133b15894/element - {"using":"xpath","value":"//span[contains(text(), \"English\")]"}
COMMAND: GET /session/14ef05402572205b9e8ee1d133b15894/screenshot - {}
RESULT: {"using":"xpath","value":"//span[contains(text(), \"English\")]"}
COMMAND: POST /session/14ef05402572205b9e8ee1d133b15894/element/f.0EDEC609E967CA8F2B39E7D9D31DFB69.d.ABB5D04CBA517BE12B016CB025293856.e.2260/click - {}
RESULT: {}
RESULT: {}
COMMAND: POST /session/14ef05402572205b9e8ee1d133b15894/execute/async - {"script":"<script> [1562 bytes]","args":[{"selector":{"id":"application-managesites-display-component---NewSite--addressDetailDetailsCity1","interaction":{"idSuffix":"inner"}},"wdio_ui5_key":"applicationmanagesites-display-component---NewSite--addressDetailDetailsCity1"}]}
COMMAND: GET /session/14ef05402572205b9e8ee1d133b15894/screenshot - {}
RESULT: {"script":"<script> [1562 bytes]","args":[{"selector":{"id":"application-managesites-display-component---NewSite--addressDetailDetailsCity1","interaction":{"idSuffix":"inner"}},"wdio_ui5_key":"applicationmanagesites-display-component---NewSite--addressDetailDetailsCity1"}]}
RESULT: undefined
COMMAND: POST /session/14ef05402572205b9e8ee1d133b15894/execute/async - {"script":"<script> [776 bytes]","args":[{"enterText":"Rosario","selector":{"id":"application-managesites-display-component---NewSite--addressDetailDetailsCity1","interaction":{"idSuffix":"inner"}},"clearTextFirst":true,"interactionType":"ENTER_TEXT"}]}
RESULT: {}
RESULT: {"script":"<script> [776 bytes]","args":[{"enterText":"Rosario","selector":{"id":"application-managesites-display-component---NewSite--addressDetailDetailsCity1","interaction":{"idSuffix":"inner"}},"clearTextFirst":true,"interactionType":"ENTER_TEXT"}]}
COMMAND: POST /session/14ef05402572205b9e8ee1d133b15894/execute/async - {"script":"<script> [1562 bytes]","args":[{"selector":{"id":"application-managesites-display-component---NewSite--addressDetailDetailsCountry-arrow"},"wdio_ui5_key":"applicationmanagesites-display-component---NewSite--addressDetailDetailsCountry-arrow"}]}
RESULT: {"script":"<script> [1562 bytes]","args":[{"selector":{"id":"application-managesites-display-component---NewSite--addressDetailDetailsCountry-arrow"},"wdio_ui5_key":"applicationmanagesites-display-component---NewSite--addressDetailDetailsCountry-arrow"}]}
RESULT: undefined
COMMAND: POST /session/14ef05402572205b9e8ee1d133b15894/element - {"using":"xpath","value":"//*[@id=\"application-managesites-display-component---NewSite--addressDetailDetailsCountry-arrow\"]"}
RESULT: {"using":"xpath","value":"//*[@id=\"application-managesites-display-component---NewSite--addressDetailDetailsCountry-arrow\"]"}
COMMAND: POST /session/14ef05402572205b9e8ee1d133b15894/element/f.0EDEC609E967CA8F2B39E7D9D31DFB69.d.ABB5D04CBA517BE12B016CB025293856.e.2262/click - {}
RESULT: {}
COMMAND: POST /session/14ef05402572205b9e8ee1d133b15894/element - {"using":"xpath","value":"//span[contains(text(), \"Argentina\")]"}
COMMAND: GET /session/14ef05402572205b9e8ee1d133b15894/screenshot - {}
RESULT: {"using":"xpath","value":"//span[contains(text(), \"Argentina\")]"}
COMMAND: POST /session/14ef05402572205b9e8ee1d133b15894/element/f.0EDEC609E967CA8F2B39E7D9D31DFB69.d.ABB5D04CBA517BE12B016CB025293856.e.2263/click - {}
RESULT: {}
RESULT: {}
COMMAND: GET /session/14ef05402572205b9e8ee1d133b15894/screenshot - {}
RESULT: {}
COMMAND: POST /session/14ef05402572205b9e8ee1d133b15894/execute/async - {"script":"<script> [1562 bytes]","args":[{"selector":{"id":"application-managesites-display-component---NewSite--addressEditDetailsCostObjectCstType-arrow"},"wdio_ui5_key":"applicationmanagesites-display-component---NewSite--addressEditDetailsCostObjectCstType-arrow"}]}
RESULT: {"script":"<script> [1562 bytes]","args":[{"selector":{"id":"application-managesites-display-component---NewSite--addressEditDetailsCostObjectCstType-arrow"},"wdio_ui5_key":"applicationmanagesites-display-component---NewSite--addressEditDetailsCostObjectCstType-arrow"}]}
RESULT: undefined
COMMAND: POST /session/14ef05402572205b9e8ee1d133b15894/element - {"using":"xpath","value":"//*[@id=\"application-managesites-display-component---NewSite--addressEditDetailsCostObjectCstType-arrow\"]"}
RESULT: {"using":"xpath","value":"//*[@id=\"application-managesites-display-component---NewSite--addressEditDetailsCostObjectCstType-arrow\"]"}
COMMAND: POST /session/14ef05402572205b9e8ee1d133b15894/element/f.0EDEC609E967CA8F2B39E7D9D31DFB69.d.ABB5D04CBA517BE12B016CB025293856.e.2265/click - {}
RESULT: {}
COMMAND: POST /session/14ef05402572205b9e8ee1d133b15894/element - {"using":"xpath","value":"//span[contains(text(), \"Cost Center\")]"}
COMMAND: GET /session/14ef05402572205b9e8ee1d133b15894/screenshot - {}
RESULT: {"using":"xpath","value":"//span[contains(text(), \"Cost Center\")]"}
COMMAND: POST /session/14ef05402572205b9e8ee1d133b15894/element/f.0EDEC609E967CA8F2B39E7D9D31DFB69.d.ABB5D04CBA517BE12B016CB025293856.e.2267/click - {}
RESULT: {}
RESULT: {}
COMMAND: GET /session/14ef05402572205b9e8ee1d133b15894/screenshot - {}
COMMAND: POST /session/14ef05402572205b9e8ee1d133b15894/element - {"using":"xpath","value":"//span[@id=\"application-managesites-display-component---NewSite--addressNewCostObjectCstID-vhi\"]"}
RESULT: {}
RESULT: {"using":"xpath","value":"//span[@id=\"application-managesites-display-component---NewSite--addressNewCostObjectCstID-vhi\"]"}
COMMAND: POST /session/14ef05402572205b9e8ee1d133b15894/element - {"using":"xpath","value":"//span[@id=\"application-managesites-display-component---NewSite--addressNewCostObjectCstID-vhi\"]"}
RESULT: {"using":"xpath","value":"//span[@id=\"application-managesites-display-component---NewSite--addressNewCostObjectCstID-vhi\"]"}
COMMAND: POST /session/14ef05402572205b9e8ee1d133b15894/element - {"using":"xpath","value":"//input[@id=\"application-managesites-display-component---NewSite--addressNewCostObjectCstID-inner\"]"}
RESULT: {"using":"xpath","value":"//input[@id=\"application-managesites-display-component---NewSite--addressNewCostObjectCstID-inner\"]"}
COMMAND: POST /session/14ef05402572205b9e8ee1d133b15894/execute/sync - {"script":"<script> [8489 bytes]","args":[{"element-6066-11e4-a52e-4f735466cecf":"f.0EDEC609E967CA8F2B39E7D9D31DFB69.d.ABB5D04CBA517BE12B016CB025293856.e.2270","ELEMENT":"f.0EDEC609E967CA8F2B39E7D9D31DFB69.d.ABB5D04CBA517BE12B016CB025293856.e.2270"}]}
RESULT: {"script":"<script> [8489 bytes]","args":[{"element-6066-11e4-a52e-4f735466cecf":"f.0EDEC609E967CA8F2B39E7D9D31DFB69.d.ABB5D04CBA517BE12B016CB025293856.e.2270","ELEMENT":"f.0EDEC609E967CA8F2B39E7D9D31DFB69.d.ABB5D04CBA517BE12B016CB025293856.e.2270"}]}
COMMAND: POST /session/14ef05402572205b9e8ee1d133b15894/element/f.0EDEC609E967CA8F2B39E7D9D31DFB69.d.ABB5D04CBA517BE12B016CB025293856.e.2270/clear - {}
COMMAND: GET /session/14ef05402572205b9e8ee1d133b15894/screenshot - {}
RESULT: {}
COMMAND: POST /session/14ef05402572205b9e8ee1d133b15894/element/f.0EDEC609E967CA8F2B39E7D9D31DFB69.d.ABB5D04CBA517BE12B016CB025293856.e.2270/value - {"text":"10001013"}
COMMAND: GET /session/14ef05402572205b9e8ee1d133b15894/screenshot - {}
RESULT: {}
RESULT: {"text":"10001013"}
COMMAND: GET /session/14ef05402572205b9e8ee1d133b15894/screenshot - {}
RESULT: {}
RESULT: {}
COMMAND: POST /session/14ef05402572205b9e8ee1d133b15894/element - {"using":"xpath","value":"//input[@id=\"application-managesites-display-component---NewSite--addressDetailDetailsCalendar-inner\"]"}
RESULT: {"using":"xpath","value":"//input[@id=\"application-managesites-display-component---NewSite--addressDetailDetailsCalendar-inner\"]"}
COMMAND: POST /session/14ef05402572205b9e8ee1d133b15894/element/f.0EDEC609E967CA8F2B39E7D9D31DFB69.d.ABB5D04CBA517BE12B016CB025293856.e.2064/clear - {}
RESULT: {}
COMMAND: POST /session/14ef05402572205b9e8ee1d133b15894/element/f.0EDEC609E967CA8F2B39E7D9D31DFB69.d.ABB5D04CBA517BE12B016CB025293856.e.2064/value - {"text":"Unit"}
COMMAND: GET /session/14ef05402572205b9e8ee1d133b15894/screenshot - {}
RESULT: {}
RESULT: {"text":"Unit"}
COMMAND: GET /session/14ef05402572205b9e8ee1d133b15894/screenshot - {}
RESULT: {}
COMMAND: POST /session/14ef05402572205b9e8ee1d133b15894/actions - {"actions":[{"id":"action6","type":"key","parameters":{},"actions":[{"type":"keyDown","value":"î€‡"},{"type":"pause","duration":10},{"type":"keyUp","value":"î€‡"}]}]}
RESULT: {"actions":[{"id":"action6","type":"key","parameters":{},"actions":[{"type":"keyDown","value":"î€‡"},{"type":"pause","duration":10},{"type":"keyUp","value":"î€‡"}]}]}
COMMAND: POST /session/14ef05402572205b9e8ee1d133b15894/element - {"using":"xpath","value":"//input[@id=\"application-managesites-display-component---NewSite--addressDetailDetailsYard-inner\"]"}
COMMAND: GET /session/14ef05402572205b9e8ee1d133b15894/screenshot - {}
RESULT: {"using":"xpath","value":"//input[@id=\"application-managesites-display-component---NewSite--addressDetailDetailsYard-inner\"]"}
COMMAND: POST /session/14ef05402572205b9e8ee1d133b15894/element/f.0EDEC609E967CA8F2B39E7D9D31DFB69.d.ABB5D04CBA517BE12B016CB025293856.e.2065/clear - {}
RESULT: {}
RESULT: {}
COMMAND: POST /session/14ef05402572205b9e8ee1d133b15894/element/f.0EDEC609E967CA8F2B39E7D9D31DFB69.d.ABB5D04CBA517BE12B016CB025293856.e.2065/value - {"text":"473"}
COMMAND: GET /session/14ef05402572205b9e8ee1d133b15894/screenshot - {}
RESULT: {"text":"473"}
COMMAND: GET /session/14ef05402572205b9e8ee1d133b15894/screenshot - {}
RESULT: {}
RESULT: {}
COMMAND: POST /session/14ef05402572205b9e8ee1d133b15894/element - {"using":"xpath","value":"//li[.//span[text()='473']]"}
RESULT: {"using":"xpath","value":"//li[.//span[text()='473']]"}
COMMAND: POST /session/14ef05402572205b9e8ee1d133b15894/element/f.0EDEC609E967CA8F2B39E7D9D31DFB69.d.ABB5D04CBA517BE12B016CB025293856.e.2279/click - {}
RESULT: {}
COMMAND: GET /session/14ef05402572205b9e8ee1d133b15894/screenshot - {}
RESULT: {}
COMMAND: POST /session/14ef05402572205b9e8ee1d133b15894/element - {"using":"xpath","value":"//input[@id=\"application-managesites-display-component---NewSite--addressDetailDetailsPartner-inner\"]"}
RESULT: {"using":"xpath","value":"//input[@id=\"application-managesites-display-component---NewSite--addressDetailDetailsPartner-inner\"]"}
COMMAND: POST /session/14ef05402572205b9e8ee1d133b15894/element - {"using":"xpath","value":"//input[@id=\"application-managesites-display-component---NewSite--addressDetailDetailsPartner-inner\"]"}
RESULT: {"using":"xpath","value":"//input[@id=\"application-managesites-display-component---NewSite--addressDetailDetailsPartner-inner\"]"}
COMMAND: POST /session/14ef05402572205b9e8ee1d133b15894/element - {"using":"xpath","value":"//button[@data-kt=\"saveButton\"]"}
RESULT: {"using":"xpath","value":"//button[@data-kt=\"saveButton\"]"}
COMMAND: POST /session/14ef05402572205b9e8ee1d133b15894/element/f.0EDEC609E967CA8F2B39E7D9D31DFB69.d.ABB5D04CBA517BE12B016CB025293856.e.2195/click - {}
RESULT: {}
COMMAND: GET /session/14ef05402572205b9e8ee1d133b15894/screenshot - {}
RESULT: {}
COMMAND: POST /session/14ef05402572205b9e8ee1d133b15894/element - {"using":"xpath","value":"//header[contains(@id, 'ObjectPageLayout-headerTitle')]/div[1]/div[2]/div[2]/span[1]"}
RESULT: {"using":"xpath","value":"//header[contains(@id, 'ObjectPageLayout-headerTitle')]/div[1]/div[2]/div[2]/span[1]"}
COMMAND: POST /session/14ef05402572205b9e8ee1d133b15894/elements - {"using":"xpath","value":"//header[contains(@id, 'ObjectPageLayout-headerTitle')]/div[1]/div[2]/div[2]/span[1]"}
RESULT: {"using":"xpath","value":"//header[contains(@id, 'ObjectPageLayout-headerTitle')]/div[1]/div[2]/div[2]/span[1]"}
COMMAND: POST /session/14ef05402572205b9e8ee1d133b15894/execute/sync - {"script":"<script> [56 bytes]","args":[{"element-6066-11e4-a52e-4f735466cecf":"f.0EDEC609E967CA8F2B39E7D9D31DFB69.d.ABB5D04CBA517BE12B016CB025293856.e.2484","ELEMENT":"f.0EDEC609E967CA8F2B39E7D9D31DFB69.d.ABB5D04CBA517BE12B016CB025293856.e.2484"}]}
RESULT: {"script":"<script> [56 bytes]","args":[{"element-6066-11e4-a52e-4f735466cecf":"f.0EDEC609E967CA8F2B39E7D9D31DFB69.d.ABB5D04CBA517BE12B016CB025293856.e.2484","ELEMENT":"f.0EDEC609E967CA8F2B39E7D9D31DFB69.d.ABB5D04CBA517BE12B016CB025293856.e.2484"}]}
COMMAND: POST /session/14ef05402572205b9e8ee1d133b15894/element - {"using":"css selector","value":"#shell-header-logo"}
COMMAND: GET /session/14ef05402572205b9e8ee1d133b15894/screenshot - {}
RESULT: {"using":"css selector","value":"#shell-header-logo"}
COMMAND: POST /session/14ef05402572205b9e8ee1d133b15894/element/f.0EDEC609E967CA8F2B39E7D9D31DFB69.d.ABB5D04CBA517BE12B016CB025293856.e.1809/click - {}
RESULT: {}
RESULT: {}
COMMAND: GET /session/14ef05402572205b9e8ee1d133b15894/screenshot - {}
RESULT: {}
COMMAND: POST /session/14ef05402572205b9e8ee1d133b15894/execute/sync - {"script":"<script> [299 bytes]","args":[["getModel","getResource"]]}
RESULT: {"script":"<script> [299 bytes]","args":[["getModel","getResource"]]}
]]></system-out>
    </testcase>
    <testcase classname="chrome.136_0_7103_93.windows.Prerequisites_&amp;_test_for_yard_mass_return_on_Yard_Overview_US131057" name="Prereq Should create a new material" time="113.757">
      <system-out><![CDATA[
COMMAND: GET /session/14ef05402572205b9e8ee1d133b15894/screenshot - {}
COMMAND: POST /session/14ef05402572205b9e8ee1d133b15894/execute/async - {"script":"<script> [1562 bytes]","args":[{"selector":{"controlType":"sap.m.GenericTile","properties":{"header":"Manage Resources"}},"wdio_ui5_key":"sapm.GenericTile{\"header\":\"Manage Resources\"}"}]}
RESULT: {}
RESULT: {"script":"<script> [1562 bytes]","args":[{"selector":{"controlType":"sap.m.GenericTile","properties":{"header":"Manage Resources"}},"wdio_ui5_key":"sapm.GenericTile{\"header\":\"Manage Resources\"}"}]}
RESULT: undefined
COMMAND: POST /session/14ef05402572205b9e8ee1d133b15894/element - {"using":"xpath","value":"//*[@id=\"__tile39\"]"}
RESULT: {"using":"xpath","value":"//*[@id=\"__tile39\"]"}
COMMAND: POST /session/14ef05402572205b9e8ee1d133b15894/element/f.0EDEC609E967CA8F2B39E7D9D31DFB69.d.ABB5D04CBA517BE12B016CB025293856.e.160/click - {}
RESULT: {}
COMMAND: GET /session/14ef05402572205b9e8ee1d133b15894/screenshot - {}
RESULT: {}
COMMAND: POST /session/14ef05402572205b9e8ee1d133b15894/elements - {"using":"xpath","value":"//span[text()='Error']"}
RESULT: {"using":"xpath","value":"//span[text()='Error']"}
COMMAND: POST /session/14ef05402572205b9e8ee1d133b15894/element - {"using":"xpath","value":"//button[@data-kt=\"addNewRUOverflowToolbarButton\"]"}
RESULT: {"using":"xpath","value":"//button[@data-kt=\"addNewRUOverflowToolbarButton\"]"}
COMMAND: POST /session/14ef05402572205b9e8ee1d133b15894/elements - {"using":"xpath","value":"//button[@data-kt=\"addNewRUOverflowToolbarButton\"]"}
RESULT: {"using":"xpath","value":"//button[@data-kt=\"addNewRUOverflowToolbarButton\"]"}
COMMAND: POST /session/14ef05402572205b9e8ee1d133b15894/execute/sync - {"script":"<script> [8489 bytes]","args":[{"element-6066-11e4-a52e-4f735466cecf":"f.0EDEC609E967CA8F2B39E7D9D31DFB69.d.ABB5D04CBA517BE12B016CB025293856.e.2526","ELEMENT":"f.0EDEC609E967CA8F2B39E7D9D31DFB69.d.ABB5D04CBA517BE12B016CB025293856.e.2526"}]}
RESULT: {"script":"<script> [8489 bytes]","args":[{"element-6066-11e4-a52e-4f735466cecf":"f.0EDEC609E967CA8F2B39E7D9D31DFB69.d.ABB5D04CBA517BE12B016CB025293856.e.2526","ELEMENT":"f.0EDEC609E967CA8F2B39E7D9D31DFB69.d.ABB5D04CBA517BE12B016CB025293856.e.2526"}]}
COMMAND: GET /session/14ef05402572205b9e8ee1d133b15894/element/f.0EDEC609E967CA8F2B39E7D9D31DFB69.d.ABB5D04CBA517BE12B016CB025293856.e.2526/enabled - {}
COMMAND: GET /session/14ef05402572205b9e8ee1d133b15894/screenshot - {}
RESULT: {}
COMMAND: POST /session/14ef05402572205b9e8ee1d133b15894/execute/sync - {"script":"<script> [8489 bytes]","args":[{"element-6066-11e4-a52e-4f735466cecf":"f.0EDEC609E967CA8F2B39E7D9D31DFB69.d.ABB5D04CBA517BE12B016CB025293856.e.2526","ELEMENT":"f.0EDEC609E967CA8F2B39E7D9D31DFB69.d.ABB5D04CBA517BE12B016CB025293856.e.2526"}]}
COMMAND: GET /session/14ef05402572205b9e8ee1d133b15894/screenshot - {}
RESULT: {}
RESULT: {}
RESULT: {"script":"<script> [8489 bytes]","args":[{"element-6066-11e4-a52e-4f735466cecf":"f.0EDEC609E967CA8F2B39E7D9D31DFB69.d.ABB5D04CBA517BE12B016CB025293856.e.2526","ELEMENT":"f.0EDEC609E967CA8F2B39E7D9D31DFB69.d.ABB5D04CBA517BE12B016CB025293856.e.2526"}]}
COMMAND: POST /session/14ef05402572205b9e8ee1d133b15894/execute/sync - {"script":"<script> [5351 bytes]","args":[{"element-6066-11e4-a52e-4f735466cecf":"f.0EDEC609E967CA8F2B39E7D9D31DFB69.d.ABB5D04CBA517BE12B016CB025293856.e.2526","ELEMENT":"f.0EDEC609E967CA8F2B39E7D9D31DFB69.d.ABB5D04CBA517BE12B016CB025293856.e.2526"}]}
COMMAND: GET /session/14ef05402572205b9e8ee1d133b15894/screenshot - {}
RESULT: {"script":"<script> [5351 bytes]","args":[{"element-6066-11e4-a52e-4f735466cecf":"f.0EDEC609E967CA8F2B39E7D9D31DFB69.d.ABB5D04CBA517BE12B016CB025293856.e.2526","ELEMENT":"f.0EDEC609E967CA8F2B39E7D9D31DFB69.d.ABB5D04CBA517BE12B016CB025293856.e.2526"}]}
COMMAND: POST /session/14ef05402572205b9e8ee1d133b15894/element/f.0EDEC609E967CA8F2B39E7D9D31DFB69.d.ABB5D04CBA517BE12B016CB025293856.e.2526/click - {}
COMMAND: GET /session/14ef05402572205b9e8ee1d133b15894/screenshot - {}
RESULT: {}
RESULT: {}
COMMAND: GET /session/14ef05402572205b9e8ee1d133b15894/screenshot - {}
RESULT: {}
RESULT: {}
COMMAND: POST /session/14ef05402572205b9e8ee1d133b15894/execute/async - {"script":"<script> [1562 bytes]","args":[{"selector":{"id":"application-manageresources-display-component---newResourceUnit--TYPE-arrow"},"wdio_ui5_key":"applicationmanageresources-display-component---newResourceUnit--TYPE-arrow"}]}
RESULT: {"script":"<script> [1562 bytes]","args":[{"selector":{"id":"application-manageresources-display-component---newResourceUnit--TYPE-arrow"},"wdio_ui5_key":"applicationmanageresources-display-component---newResourceUnit--TYPE-arrow"}]}
RESULT: undefined
COMMAND: POST /session/14ef05402572205b9e8ee1d133b15894/element - {"using":"xpath","value":"//*[@id=\"application-manageresources-display-component---newResourceUnit--TYPE-arrow\"]"}
RESULT: {"using":"xpath","value":"//*[@id=\"application-manageresources-display-component---newResourceUnit--TYPE-arrow\"]"}
COMMAND: POST /session/14ef05402572205b9e8ee1d133b15894/element/f.0EDEC609E967CA8F2B39E7D9D31DFB69.d.ABB5D04CBA517BE12B016CB025293856.e.2874/click - {}
RESULT: {}
COMMAND: POST /session/14ef05402572205b9e8ee1d133b15894/element - {"using":"xpath","value":"//input[@id=\"application-manageresources-display-component---newResourceUnit--TYPE-inner\"]"}
COMMAND: GET /session/14ef05402572205b9e8ee1d133b15894/screenshot - {}
RESULT: {"using":"xpath","value":"//input[@id=\"application-manageresources-display-component---newResourceUnit--TYPE-inner\"]"}
COMMAND: POST /session/14ef05402572205b9e8ee1d133b15894/element/f.0EDEC609E967CA8F2B39E7D9D31DFB69.d.ABB5D04CBA517BE12B016CB025293856.e.2868/clear - {}
RESULT: {}
RESULT: {}
COMMAND: POST /session/14ef05402572205b9e8ee1d133b15894/element/f.0EDEC609E967CA8F2B39E7D9D31DFB69.d.ABB5D04CBA517BE12B016CB025293856.e.2868/value - {"text":"Material"}
COMMAND: GET /session/14ef05402572205b9e8ee1d133b15894/screenshot - {}
RESULT: {"text":"Material"}
COMMAND: GET /session/14ef05402572205b9e8ee1d133b15894/screenshot - {}
RESULT: {}
RESULT: {}
COMMAND: POST /session/14ef05402572205b9e8ee1d133b15894/actions - {"actions":[{"id":"action7","type":"key","parameters":{},"actions":[{"type":"keyDown","value":"î€‡"},{"type":"pause","duration":10},{"type":"keyUp","value":"î€‡"}]}]}
RESULT: {"actions":[{"id":"action7","type":"key","parameters":{},"actions":[{"type":"keyDown","value":"î€‡"},{"type":"pause","duration":10},{"type":"keyUp","value":"î€‡"}]}]}
COMMAND: POST /session/14ef05402572205b9e8ee1d133b15894/execute/async - {"script":"<script> [1562 bytes]","args":[{"selector":{"id":"application-manageresources-display-component---newResourceUnit--SHORT_TEXT","interaction":{"idSuffix":"inner"}},"wdio_ui5_key":"applicationmanageresources-display-component---newResourceUnit--SHORT_TEXT"}]}
COMMAND: GET /session/14ef05402572205b9e8ee1d133b15894/screenshot - {}
RESULT: {"script":"<script> [1562 bytes]","args":[{"selector":{"id":"application-manageresources-display-component---newResourceUnit--SHORT_TEXT","interaction":{"idSuffix":"inner"}},"wdio_ui5_key":"applicationmanageresources-display-component---newResourceUnit--SHORT_TEXT"}]}
RESULT: undefined
COMMAND: POST /session/14ef05402572205b9e8ee1d133b15894/execute/async - {"script":"<script> [776 bytes]","args":[{"enterText":"Cement WDIO","selector":{"id":"application-manageresources-display-component---newResourceUnit--SHORT_TEXT","interaction":{"idSuffix":"inner"}},"clearTextFirst":true,"interactionType":"ENTER_TEXT"}]}
RESULT: {}
RESULT: {"script":"<script> [776 bytes]","args":[{"enterText":"Cement WDIO","selector":{"id":"application-manageresources-display-component---newResourceUnit--SHORT_TEXT","interaction":{"idSuffix":"inner"}},"clearTextFirst":true,"interactionType":"ENTER_TEXT"}]}
COMMAND: POST /session/14ef05402572205b9e8ee1d133b15894/execute/async - {"script":"<script> [1562 bytes]","args":[{"selector":{"id":"application-manageresources-display-component---newResourceUnit--BASE_UNIT_OF_MEASURE","interaction":{"idSuffix":"inner"}},"wdio_ui5_key":"applicationmanageresources-display-component---newResourceUnit--BASE_UNIT_OF_MEASURE"}]}
RESULT: {"script":"<script> [1562 bytes]","args":[{"selector":{"id":"application-manageresources-display-component---newResourceUnit--BASE_UNIT_OF_MEASURE","interaction":{"idSuffix":"inner"}},"wdio_ui5_key":"applicationmanageresources-display-component---newResourceUnit--BASE_UNIT_OF_MEASURE"}]}
RESULT: undefined
COMMAND: POST /session/14ef05402572205b9e8ee1d133b15894/execute/async - {"script":"<script> [776 bytes]","args":[{"enterText":"Piece","selector":{"id":"application-manageresources-display-component---newResourceUnit--BASE_UNIT_OF_MEASURE","interaction":{"idSuffix":"inner"}},"clearTextFirst":true,"interactionType":"ENTER_TEXT"}]}
RESULT: {"script":"<script> [776 bytes]","args":[{"enterText":"Piece","selector":{"id":"application-manageresources-display-component---newResourceUnit--BASE_UNIT_OF_MEASURE","interaction":{"idSuffix":"inner"}},"clearTextFirst":true,"interactionType":"ENTER_TEXT"}]}
COMMAND: POST /session/14ef05402572205b9e8ee1d133b15894/execute/async - {"script":"<script> [1562 bytes]","args":[{"selector":{"id":"application-manageresources-display-component---newResourceUnit--WEIGHT_UNIT","interaction":{"idSuffix":"inner"}},"wdio_ui5_key":"applicationmanageresources-display-component---newResourceUnit--WEIGHT_UNIT"}]}
RESULT: {"script":"<script> [1562 bytes]","args":[{"selector":{"id":"application-manageresources-display-component---newResourceUnit--WEIGHT_UNIT","interaction":{"idSuffix":"inner"}},"wdio_ui5_key":"applicationmanageresources-display-component---newResourceUnit--WEIGHT_UNIT"}]}
RESULT: undefined
COMMAND: POST /session/14ef05402572205b9e8ee1d133b15894/execute/async - {"script":"<script> [776 bytes]","args":[{"enterText":"Gram","selector":{"id":"application-manageresources-display-component---newResourceUnit--WEIGHT_UNIT","interaction":{"idSuffix":"inner"}},"clearTextFirst":true,"interactionType":"ENTER_TEXT"}]}
RESULT: {"script":"<script> [776 bytes]","args":[{"enterText":"Gram","selector":{"id":"application-manageresources-display-component---newResourceUnit--WEIGHT_UNIT","interaction":{"idSuffix":"inner"}},"clearTextFirst":true,"interactionType":"ENTER_TEXT"}]}
COMMAND: POST /session/14ef05402572205b9e8ee1d133b15894/execute/async - {"script":"<script> [1562 bytes]","args":[{"selector":{"id":"application-manageresources-display-component---newResourceUnit--DIMENSION_UNIT","interaction":{"idSuffix":"inner"}},"wdio_ui5_key":"applicationmanageresources-display-component---newResourceUnit--DIMENSION_UNIT"}]}
RESULT: {"script":"<script> [1562 bytes]","args":[{"selector":{"id":"application-manageresources-display-component---newResourceUnit--DIMENSION_UNIT","interaction":{"idSuffix":"inner"}},"wdio_ui5_key":"applicationmanageresources-display-component---newResourceUnit--DIMENSION_UNIT"}]}
RESULT: undefined
COMMAND: POST /session/14ef05402572205b9e8ee1d133b15894/execute/async - {"script":"<script> [776 bytes]","args":[{"enterText":"Meter","selector":{"id":"application-manageresources-display-component---newResourceUnit--DIMENSION_UNIT","interaction":{"idSuffix":"inner"}},"clearTextFirst":true,"interactionType":"ENTER_TEXT"}]}
RESULT: {"script":"<script> [776 bytes]","args":[{"enterText":"Meter","selector":{"id":"application-manageresources-display-component---newResourceUnit--DIMENSION_UNIT","interaction":{"idSuffix":"inner"}},"clearTextFirst":true,"interactionType":"ENTER_TEXT"}]}
COMMAND: POST /session/14ef05402572205b9e8ee1d133b15894/execute/async - {"script":"<script> [1562 bytes]","args":[{"selector":{"id":"application-manageresources-display-component---newResourceUnit--newRRUPage-anchBar-application-manageresources-display-component---newResourceUnit--control-anchor","interaction":{"idSuffix":"BDI-content"}},"wdio_ui5_key":"applicationmanageresources-display-component---newResourceUnit--newRRUPage-anchBar-application-manageresources-display-component---newResourceUnit--control-anchor"}]}
RESULT: {"script":"<script> [1562 bytes]","args":[{"selector":{"id":"application-manageresources-display-component---newResourceUnit--newRRUPage-anchBar-application-manageresources-display-component---newResourceUnit--control-anchor","interaction":{"idSuffix":"BDI-content"}},"wdio_ui5_key":"applicationmanageresources-display-component---newResourceUnit--newRRUPage-anchBar-application-manageresources-display-component---newResourceUnit--control-anchor"}]}
RESULT: undefined
COMMAND: POST /session/14ef05402572205b9e8ee1d133b15894/element - {"using":"xpath","value":"//*[@id=\"application-manageresources-display-component---newResourceUnit--newRRUPage-anchBar-application-manageresources-display-component---newResourceUnit--control-anchor\"]"}
RESULT: {"using":"xpath","value":"//*[@id=\"application-manageresources-display-component---newResourceUnit--newRRUPage-anchBar-application-manageresources-display-component---newResourceUnit--control-anchor\"]"}
COMMAND: POST /session/14ef05402572205b9e8ee1d133b15894/element/f.0EDEC609E967CA8F2B39E7D9D31DFB69.d.ABB5D04CBA517BE12B016CB025293856.e.2937/click - {}
RESULT: {}
COMMAND: POST /session/14ef05402572205b9e8ee1d133b15894/execute/async - {"script":"<script> [1562 bytes]","args":[{"selector":{"id":"application-manageresources-display-component---newResourceUnit--PLANNING_GROUP","interaction":{"idSuffix":"inner"}},"wdio_ui5_key":"applicationmanageresources-display-component---newResourceUnit--PLANNING_GROUP"}]}
COMMAND: GET /session/14ef05402572205b9e8ee1d133b15894/screenshot - {}
RESULT: {"script":"<script> [1562 bytes]","args":[{"selector":{"id":"application-manageresources-display-component---newResourceUnit--PLANNING_GROUP","interaction":{"idSuffix":"inner"}},"wdio_ui5_key":"applicationmanageresources-display-component---newResourceUnit--PLANNING_GROUP"}]}
RESULT: undefined
COMMAND: POST /session/14ef05402572205b9e8ee1d133b15894/execute/async - {"script":"<script> [776 bytes]","args":[{"enterText":"Material","selector":{"id":"application-manageresources-display-component---newResourceUnit--PLANNING_GROUP","interaction":{"idSuffix":"inner"}},"clearTextFirst":true,"interactionType":"ENTER_TEXT"}]}
RESULT: {}
RESULT: {"script":"<script> [776 bytes]","args":[{"enterText":"Material","selector":{"id":"application-manageresources-display-component---newResourceUnit--PLANNING_GROUP","interaction":{"idSuffix":"inner"}},"clearTextFirst":true,"interactionType":"ENTER_TEXT"}]}
COMMAND: POST /session/14ef05402572205b9e8ee1d133b15894/execute/async - {"script":"<script> [1562 bytes]","args":[{"selector":{"id":"application-manageresources-display-component---newResourceUnit--PLANNING_INDICATOR","interaction":{"idSuffix":"inner"}},"wdio_ui5_key":"applicationmanageresources-display-component---newResourceUnit--PLANNING_INDICATOR"}]}
RESULT: {"script":"<script> [1562 bytes]","args":[{"selector":{"id":"application-manageresources-display-component---newResourceUnit--PLANNING_INDICATOR","interaction":{"idSuffix":"inner"}},"wdio_ui5_key":"applicationmanageresources-display-component---newResourceUnit--PLANNING_INDICATOR"}]}
RESULT: undefined
COMMAND: POST /session/14ef05402572205b9e8ee1d133b15894/execute/async - {"script":"<script> [776 bytes]","args":[{"enterText":"10 - infinite","selector":{"id":"application-manageresources-display-component---newResourceUnit--PLANNING_INDICATOR","interaction":{"idSuffix":"inner"}},"clearTextFirst":true,"interactionType":"ENTER_TEXT"}]}
RESULT: {"script":"<script> [776 bytes]","args":[{"enterText":"10 - infinite","selector":{"id":"application-manageresources-display-component---newResourceUnit--PLANNING_INDICATOR","interaction":{"idSuffix":"inner"}},"clearTextFirst":true,"interactionType":"ENTER_TEXT"}]}
COMMAND: POST /session/14ef05402572205b9e8ee1d133b15894/element - {"using":"css selector","value":"#application-manageresources-display-component---newResourceUnit--btnAddTimeSegment"}
RESULT: {"using":"css selector","value":"#application-manageresources-display-component---newResourceUnit--btnAddTimeSegment"}
COMMAND: GET /session/14ef05402572205b9e8ee1d133b15894/element/f.0EDEC609E967CA8F2B39E7D9D31DFB69.d.ABB5D04CBA517BE12B016CB025293856.e.2947/rect - {}
RESULT: {}
COMMAND: GET /session/14ef05402572205b9e8ee1d133b15894/window/rect - {}
RESULT: {}
COMMAND: POST /session/14ef05402572205b9e8ee1d133b15894/execute/sync - {"script":"<script> [92 bytes]","args":[]}
RESULT: {"script":"<script> [92 bytes]","args":[]}
COMMAND: POST /session/14ef05402572205b9e8ee1d133b15894/actions - {"actions":[{"id":"action8","type":"wheel","parameters":{},"actions":[{"type":"scroll","x":-1888,"y":-32,"deltaX":0,"deltaY":0,"duration":0,"origin":{"element-6066-11e4-a52e-4f735466cecf":"f.0EDEC609E967CA8F2B39E7D9D31DFB69.d.ABB5D04CBA517BE12B016CB025293856.e.2947"}}]}]}
COMMAND: GET /session/14ef05402572205b9e8ee1d133b15894/screenshot - {}
RESULT: {}
COMMAND: POST /session/14ef05402572205b9e8ee1d133b15894/execute/sync - {"script":"<script> [79 bytes]","args":[{"element-6066-11e4-a52e-4f735466cecf":"f.0EDEC609E967CA8F2B39E7D9D31DFB69.d.ABB5D04CBA517BE12B016CB025293856.e.2947","ELEMENT":"f.0EDEC609E967CA8F2B39E7D9D31DFB69.d.ABB5D04CBA517BE12B016CB025293856.e.2947"},{"block":"start","inline":"nearest"}]}
RESULT: {"script":"<script> [79 bytes]","args":[{"element-6066-11e4-a52e-4f735466cecf":"f.0EDEC609E967CA8F2B39E7D9D31DFB69.d.ABB5D04CBA517BE12B016CB025293856.e.2947","ELEMENT":"f.0EDEC609E967CA8F2B39E7D9D31DFB69.d.ABB5D04CBA517BE12B016CB025293856.e.2947"},{"block":"start","inline":"nearest"}]}
COMMAND: POST /session/14ef05402572205b9e8ee1d133b15894/execute/async - {"script":"<script> [1562 bytes]","args":[{"selector":{"id":"application-manageresources-display-component---newResourceUnit--btnAddTimeSegment","interaction":{"idSuffix":"inner"}},"wdio_ui5_key":"applicationmanageresources-display-component---newResourceUnit--btnAddTimeSegment"}]}
COMMAND: GET /session/14ef05402572205b9e8ee1d133b15894/screenshot - {}
RESULT: {"script":"<script> [1562 bytes]","args":[{"selector":{"id":"application-manageresources-display-component---newResourceUnit--btnAddTimeSegment","interaction":{"idSuffix":"inner"}},"wdio_ui5_key":"applicationmanageresources-display-component---newResourceUnit--btnAddTimeSegment"}]}
RESULT: undefined
COMMAND: POST /session/14ef05402572205b9e8ee1d133b15894/element - {"using":"xpath","value":"//*[@id=\"application-manageresources-display-component---newResourceUnit--btnAddTimeSegment\"]"}
RESULT: {}
RESULT: {"using":"xpath","value":"//*[@id=\"application-manageresources-display-component---newResourceUnit--btnAddTimeSegment\"]"}
COMMAND: POST /session/14ef05402572205b9e8ee1d133b15894/element/f.0EDEC609E967CA8F2B39E7D9D31DFB69.d.ABB5D04CBA517BE12B016CB025293856.e.2947/click - {}
RESULT: {}
COMMAND: GET /session/14ef05402572205b9e8ee1d133b15894/screenshot - {}
RESULT: {}
COMMAND: POST /session/14ef05402572205b9e8ee1d133b15894/element - {"using":"xpath","value":"//input[@id=\"application-manageresources-display-component---newResourceUnit--idRuTSAdmin-application-manageresources-display-component---newResourceUnit--RUTimeSegment-0-inner\"]"}
RESULT: {"using":"xpath","value":"//input[@id=\"application-manageresources-display-component---newResourceUnit--idRuTSAdmin-application-manageresources-display-component---newResourceUnit--RUTimeSegment-0-inner\"]"}
COMMAND: POST /session/14ef05402572205b9e8ee1d133b15894/element/f.0EDEC609E967CA8F2B39E7D9D31DFB69.d.ABB5D04CBA517BE12B016CB025293856.e.2952/clear - {}
RESULT: {}
COMMAND: POST /session/14ef05402572205b9e8ee1d133b15894/element/f.0EDEC609E967CA8F2B39E7D9D31DFB69.d.ABB5D04CBA517BE12B016CB025293856.e.2952/value - {"text":"473"}
COMMAND: GET /session/14ef05402572205b9e8ee1d133b15894/screenshot - {}
RESULT: {"text":"473"}
COMMAND: GET /session/14ef05402572205b9e8ee1d133b15894/screenshot - {}
RESULT: {}
RESULT: {}
COMMAND: POST /session/14ef05402572205b9e8ee1d133b15894/element - {"using":"xpath","value":"//li[.//span[text()='473']]"}
RESULT: {"using":"xpath","value":"//li[.//span[text()='473']]"}
COMMAND: POST /session/14ef05402572205b9e8ee1d133b15894/element/f.0EDEC609E967CA8F2B39E7D9D31DFB69.d.ABB5D04CBA517BE12B016CB025293856.e.2961/click - {}
RESULT: {}
COMMAND: GET /session/14ef05402572205b9e8ee1d133b15894/screenshot - {}
RESULT: {}
COMMAND: POST /session/14ef05402572205b9e8ee1d133b15894/element - {"using":"xpath","value":"(//span[contains(@id, \"-application-manageresources-display-component---newResourceUnit--RUTimeSegment-0-arrow\")])[2]"}
RESULT: {"using":"xpath","value":"(//span[contains(@id, \"-application-manageresources-display-component---newResourceUnit--RUTimeSegment-0-arrow\")])[2]"}
COMMAND: POST /session/14ef05402572205b9e8ee1d133b15894/element/f.0EDEC609E967CA8F2B39E7D9D31DFB69.d.ABB5D04CBA517BE12B016CB025293856.e.2962/click - {}
RESULT: {}
COMMAND: POST /session/14ef05402572205b9e8ee1d133b15894/element - {"using":"xpath","value":"//span[contains(text(), \"PM Order\")]"}
COMMAND: GET /session/14ef05402572205b9e8ee1d133b15894/screenshot - {}
RESULT: {"using":"xpath","value":"//span[contains(text(), \"PM Order\")]"}
COMMAND: POST /session/14ef05402572205b9e8ee1d133b15894/element/f.0EDEC609E967CA8F2B39E7D9D31DFB69.d.ABB5D04CBA517BE12B016CB025293856.e.2963/click - {}
RESULT: {}
RESULT: {}
COMMAND: GET /session/14ef05402572205b9e8ee1d133b15894/screenshot - {}
RESULT: {}
COMMAND: POST /session/14ef05402572205b9e8ee1d133b15894/element - {"using":"xpath","value":"//td/div/div/div/span[contains(@id, \"newResourceUnit--RUTimeSegment-0-vhi\")][1]"}
RESULT: {"using":"xpath","value":"//td/div/div/div/span[contains(@id, \"newResourceUnit--RUTimeSegment-0-vhi\")][1]"}
COMMAND: GET /session/14ef05402572205b9e8ee1d133b15894/element/f.0EDEC609E967CA8F2B39E7D9D31DFB69.d.ABB5D04CBA517BE12B016CB025293856.e.2967/rect - {}
RESULT: {}
COMMAND: GET /session/14ef05402572205b9e8ee1d133b15894/window/rect - {}
RESULT: {}
COMMAND: POST /session/14ef05402572205b9e8ee1d133b15894/execute/sync - {"script":"<script> [92 bytes]","args":[]}
RESULT: {"script":"<script> [92 bytes]","args":[]}
COMMAND: POST /session/14ef05402572205b9e8ee1d133b15894/actions - {"actions":[{"id":"action9","type":"wheel","parameters":{},"actions":[{"type":"scroll","x":-1888,"y":-24,"deltaX":0,"deltaY":0,"duration":0,"origin":{"element-6066-11e4-a52e-4f735466cecf":"f.0EDEC609E967CA8F2B39E7D9D31DFB69.d.ABB5D04CBA517BE12B016CB025293856.e.2967"}}]}]}
COMMAND: GET /session/14ef05402572205b9e8ee1d133b15894/screenshot - {}
RESULT: {}
COMMAND: POST /session/14ef05402572205b9e8ee1d133b15894/execute/sync - {"script":"<script> [79 bytes]","args":[{"element-6066-11e4-a52e-4f735466cecf":"f.0EDEC609E967CA8F2B39E7D9D31DFB69.d.ABB5D04CBA517BE12B016CB025293856.e.2967","ELEMENT":"f.0EDEC609E967CA8F2B39E7D9D31DFB69.d.ABB5D04CBA517BE12B016CB025293856.e.2967"},{"block":"start","inline":"nearest"}]}
RESULT: {"script":"<script> [79 bytes]","args":[{"element-6066-11e4-a52e-4f735466cecf":"f.0EDEC609E967CA8F2B39E7D9D31DFB69.d.ABB5D04CBA517BE12B016CB025293856.e.2967","ELEMENT":"f.0EDEC609E967CA8F2B39E7D9D31DFB69.d.ABB5D04CBA517BE12B016CB025293856.e.2967"},{"block":"start","inline":"nearest"}]}
COMMAND: GET /session/14ef05402572205b9e8ee1d133b15894/screenshot - {}
RESULT: {}
COMMAND: POST /session/14ef05402572205b9e8ee1d133b15894/element/f.0EDEC609E967CA8F2B39E7D9D31DFB69.d.ABB5D04CBA517BE12B016CB025293856.e.2967/click - {}
RESULT: {}
COMMAND: GET /session/14ef05402572205b9e8ee1d133b15894/screenshot - {}
RESULT: {}
RESULT: undefined
COMMAND: POST /session/14ef05402572205b9e8ee1d133b15894/execute/async - {"script":"<script> [776 bytes]","args":[{"enterText":"4000360","selector":{"controlType":"sap.m.SearchField","properties":{"placeholder":"Search"},"searchOpenDialogs":true,"interaction":{"idSuffix":"I"}},"clearTextFirst":true,"interactionType":"ENTER_TEXT"}]}
RESULT: {"script":"<script> [776 bytes]","args":[{"enterText":"4000360","selector":{"controlType":"sap.m.SearchField","properties":{"placeholder":"Search"},"searchOpenDialogs":true,"interaction":{"idSuffix":"I"}},"clearTextFirst":true,"interactionType":"ENTER_TEXT"}]}
COMMAND: POST /session/14ef05402572205b9e8ee1d133b15894/actions - {"actions":[{"id":"action10","type":"key","parameters":{},"actions":[{"type":"keyDown","value":"î€‡"},{"type":"pause","duration":10},{"type":"keyUp","value":"î€‡"}]}]}
RESULT: {"actions":[{"id":"action10","type":"key","parameters":{},"actions":[{"type":"keyDown","value":"î€‡"},{"type":"pause","duration":10},{"type":"keyUp","value":"î€‡"}]}]}
COMMAND: GET /session/14ef05402572205b9e8ee1d133b15894/screenshot - {}
RESULT: {}
COMMAND: POST /session/14ef05402572205b9e8ee1d133b15894/element - {"using":"xpath","value":"//td/div/span[contains(text(), \"BGL Vehicles\")]"}
RESULT: {"using":"xpath","value":"//td/div/span[contains(text(), \"BGL Vehicles\")]"}
COMMAND: POST /session/14ef05402572205b9e8ee1d133b15894/element/f.0EDEC609E967CA8F2B39E7D9D31DFB69.d.ABB5D04CBA517BE12B016CB025293856.e.2987/click - {}
RESULT: {}
COMMAND: GET /session/14ef05402572205b9e8ee1d133b15894/screenshot - {}
RESULT: {}
COMMAND: POST /session/14ef05402572205b9e8ee1d133b15894/element - {"using":"xpath","value":"//bdi[contains(text(), \"OK\")]"}
RESULT: {"using":"xpath","value":"//bdi[contains(text(), \"OK\")]"}
COMMAND: POST /session/14ef05402572205b9e8ee1d133b15894/element/f.0EDEC609E967CA8F2B39E7D9D31DFB69.d.ABB5D04CBA517BE12B016CB025293856.e.2988/click - {}
RESULT: {}
COMMAND: GET /session/14ef05402572205b9e8ee1d133b15894/screenshot - {}
RESULT: {}
COMMAND: POST /session/14ef05402572205b9e8ee1d133b15894/element - {"using":"xpath","value":"//label[contains(@class, 'sapMLabelRequired') and .//bdi[contains(text(), 'Planned Retirement')]]"}
RESULT: {"using":"xpath","value":"//label[contains(@class, 'sapMLabelRequired') and .//bdi[contains(text(), 'Planned Retirement')]]"}
COMMAND: POST /session/14ef05402572205b9e8ee1d133b15894/elements - {"using":"xpath","value":"//label[contains(@class, 'sapMLabelRequired') and .//bdi[contains(text(), 'Planned Retirement')]]"}
RESULT: {"using":"xpath","value":"//label[contains(@class, 'sapMLabelRequired') and .//bdi[contains(text(), 'Planned Retirement')]]"}
COMMAND: POST /session/14ef05402572205b9e8ee1d133b15894/element - {"using":"xpath","value":"//button[@data-kt=\"resourceUnitSaveButton\"]"}
RESULT: {"using":"xpath","value":"//button[@data-kt=\"resourceUnitSaveButton\"]"}
COMMAND: POST /session/14ef05402572205b9e8ee1d133b15894/element/f.0EDEC609E967CA8F2B39E7D9D31DFB69.d.ABB5D04CBA517BE12B016CB025293856.e.2890/click - {}
RESULT: {}
COMMAND: GET /session/14ef05402572205b9e8ee1d133b15894/screenshot - {}
RESULT: {}
COMMAND: POST /session/14ef05402572205b9e8ee1d133b15894/element - {"using":"xpath","value":"//bdi[contains(text(), \"Close\")]"}
RESULT: {"using":"xpath","value":"//bdi[contains(text(), \"Close\")]"}
COMMAND: POST /session/14ef05402572205b9e8ee1d133b15894/element/f.0EDEC609E967CA8F2B39E7D9D31DFB69.d.ABB5D04CBA517BE12B016CB025293856.e.2994/click - {}
RESULT: {}
COMMAND: GET /session/14ef05402572205b9e8ee1d133b15894/screenshot - {}
RESULT: {}
COMMAND: POST /session/14ef05402572205b9e8ee1d133b15894/element - {"using":"xpath","value":"//header[contains(@id, 'detailRruPage-headerTitle')]/div[1]/div[2]/div[2]/span[1]"}
RESULT: {"using":"xpath","value":"//header[contains(@id, 'detailRruPage-headerTitle')]/div[1]/div[2]/div[2]/span[1]"}
COMMAND: POST /session/14ef05402572205b9e8ee1d133b15894/elements - {"using":"xpath","value":"//header[contains(@id, 'detailRruPage-headerTitle')]/div[1]/div[2]/div[2]/span[1]"}
RESULT: {"using":"xpath","value":"//header[contains(@id, 'detailRruPage-headerTitle')]/div[1]/div[2]/div[2]/span[1]"}
COMMAND: POST /session/14ef05402572205b9e8ee1d133b15894/execute/sync - {"script":"<script> [56 bytes]","args":[{"element-6066-11e4-a52e-4f735466cecf":"f.0EDEC609E967CA8F2B39E7D9D31DFB69.d.ABB5D04CBA517BE12B016CB025293856.e.3028","ELEMENT":"f.0EDEC609E967CA8F2B39E7D9D31DFB69.d.ABB5D04CBA517BE12B016CB025293856.e.3028"}]}
RESULT: {"script":"<script> [56 bytes]","args":[{"element-6066-11e4-a52e-4f735466cecf":"f.0EDEC609E967CA8F2B39E7D9D31DFB69.d.ABB5D04CBA517BE12B016CB025293856.e.3028","ELEMENT":"f.0EDEC609E967CA8F2B39E7D9D31DFB69.d.ABB5D04CBA517BE12B016CB025293856.e.3028"}]}
COMMAND: POST /session/14ef05402572205b9e8ee1d133b15894/element - {"using":"css selector","value":"#shell-header-logo"}
COMMAND: GET /session/14ef05402572205b9e8ee1d133b15894/screenshot - {}
RESULT: {"using":"css selector","value":"#shell-header-logo"}
COMMAND: POST /session/14ef05402572205b9e8ee1d133b15894/element/f.0EDEC609E967CA8F2B39E7D9D31DFB69.d.ABB5D04CBA517BE12B016CB025293856.e.2488/click - {}
RESULT: {}
RESULT: {}
COMMAND: GET /session/14ef05402572205b9e8ee1d133b15894/screenshot - {}
RESULT: {}
]]></system-out>
    </testcase>
    <testcase classname="chrome.136_0_7103_93.windows.Prerequisites_&amp;_test_for_yard_mass_return_on_Yard_Overview_US131057" name="Prereq Should do stock increase" time="94.419">
      <system-out><![CDATA[
COMMAND: POST /session/14ef05402572205b9e8ee1d133b15894/execute/async - {"script":"<script> [1562 bytes]","args":[{"selector":{"controlType":"sap.m.GenericTile","properties":{"header":"Manage Handovers"}},"wdio_ui5_key":"sapm.GenericTile{\"header\":\"Manage Handovers\"}"}]}
RESULT: {"script":"<script> [1562 bytes]","args":[{"selector":{"controlType":"sap.m.GenericTile","properties":{"header":"Manage Handovers"}},"wdio_ui5_key":"sapm.GenericTile{\"header\":\"Manage Handovers\"}"}]}
RESULT: undefined
COMMAND: POST /session/14ef05402572205b9e8ee1d133b15894/element - {"using":"xpath","value":"//*[@id=\"__tile132\"]"}
RESULT: {"using":"xpath","value":"//*[@id=\"__tile132\"]"}
COMMAND: POST /session/14ef05402572205b9e8ee1d133b15894/element/f.0EDEC609E967CA8F2B39E7D9D31DFB69.d.ABB5D04CBA517BE12B016CB025293856.e.243/click - {}
RESULT: {}
COMMAND: GET /session/14ef05402572205b9e8ee1d133b15894/screenshot - {}
RESULT: {}
COMMAND: POST /session/14ef05402572205b9e8ee1d133b15894/elements - {"using":"xpath","value":"//span[text()='Error']"}
RESULT: {"using":"xpath","value":"//span[text()='Error']"}
COMMAND: POST /session/14ef05402572205b9e8ee1d133b15894/element - {"using":"xpath","value":"//button[@data-kt=\"masterHOAddButton\"]"}
RESULT: {"using":"xpath","value":"//button[@data-kt=\"masterHOAddButton\"]"}
COMMAND: POST /session/14ef05402572205b9e8ee1d133b15894/elements - {"using":"xpath","value":"//button[@data-kt=\"masterHOAddButton\"]"}
RESULT: {"using":"xpath","value":"//button[@data-kt=\"masterHOAddButton\"]"}
COMMAND: POST /session/14ef05402572205b9e8ee1d133b15894/execute/sync - {"script":"<script> [8489 bytes]","args":[{"element-6066-11e4-a52e-4f735466cecf":"f.0EDEC609E967CA8F2B39E7D9D31DFB69.d.ABB5D04CBA517BE12B016CB025293856.e.3060","ELEMENT":"f.0EDEC609E967CA8F2B39E7D9D31DFB69.d.ABB5D04CBA517BE12B016CB025293856.e.3060"}]}
RESULT: {"script":"<script> [8489 bytes]","args":[{"element-6066-11e4-a52e-4f735466cecf":"f.0EDEC609E967CA8F2B39E7D9D31DFB69.d.ABB5D04CBA517BE12B016CB025293856.e.3060","ELEMENT":"f.0EDEC609E967CA8F2B39E7D9D31DFB69.d.ABB5D04CBA517BE12B016CB025293856.e.3060"}]}
COMMAND: GET /session/14ef05402572205b9e8ee1d133b15894/element/f.0EDEC609E967CA8F2B39E7D9D31DFB69.d.ABB5D04CBA517BE12B016CB025293856.e.3060/enabled - {}
COMMAND: GET /session/14ef05402572205b9e8ee1d133b15894/screenshot - {}
RESULT: {}
COMMAND: POST /session/14ef05402572205b9e8ee1d133b15894/execute/sync - {"script":"<script> [8489 bytes]","args":[{"element-6066-11e4-a52e-4f735466cecf":"f.0EDEC609E967CA8F2B39E7D9D31DFB69.d.ABB5D04CBA517BE12B016CB025293856.e.3060","ELEMENT":"f.0EDEC609E967CA8F2B39E7D9D31DFB69.d.ABB5D04CBA517BE12B016CB025293856.e.3060"}]}
COMMAND: GET /session/14ef05402572205b9e8ee1d133b15894/screenshot - {}
RESULT: {}
RESULT: {"script":"<script> [8489 bytes]","args":[{"element-6066-11e4-a52e-4f735466cecf":"f.0EDEC609E967CA8F2B39E7D9D31DFB69.d.ABB5D04CBA517BE12B016CB025293856.e.3060","ELEMENT":"f.0EDEC609E967CA8F2B39E7D9D31DFB69.d.ABB5D04CBA517BE12B016CB025293856.e.3060"}]}
COMMAND: POST /session/14ef05402572205b9e8ee1d133b15894/execute/sync - {"script":"<script> [5351 bytes]","args":[{"element-6066-11e4-a52e-4f735466cecf":"f.0EDEC609E967CA8F2B39E7D9D31DFB69.d.ABB5D04CBA517BE12B016CB025293856.e.3060","ELEMENT":"f.0EDEC609E967CA8F2B39E7D9D31DFB69.d.ABB5D04CBA517BE12B016CB025293856.e.3060"}]}
COMMAND: GET /session/14ef05402572205b9e8ee1d133b15894/screenshot - {}
RESULT: {}
RESULT: {"script":"<script> [5351 bytes]","args":[{"element-6066-11e4-a52e-4f735466cecf":"f.0EDEC609E967CA8F2B39E7D9D31DFB69.d.ABB5D04CBA517BE12B016CB025293856.e.3060","ELEMENT":"f.0EDEC609E967CA8F2B39E7D9D31DFB69.d.ABB5D04CBA517BE12B016CB025293856.e.3060"}]}
COMMAND: POST /session/14ef05402572205b9e8ee1d133b15894/element/f.0EDEC609E967CA8F2B39E7D9D31DFB69.d.ABB5D04CBA517BE12B016CB025293856.e.3060/click - {}
COMMAND: GET /session/14ef05402572205b9e8ee1d133b15894/screenshot - {}
RESULT: {}
RESULT: {}
COMMAND: GET /session/14ef05402572205b9e8ee1d133b15894/screenshot - {}
RESULT: {}
COMMAND: POST /session/14ef05402572205b9e8ee1d133b15894/element - {"using":"xpath","value":"//span[contains(@id ,\"AddNewHO--typeSelect-arrow\")]"}
RESULT: {}
RESULT: {"using":"xpath","value":"//span[contains(@id ,\"AddNewHO--typeSelect-arrow\")]"}
COMMAND: POST /session/14ef05402572205b9e8ee1d133b15894/element/f.0EDEC609E967CA8F2B39E7D9D31DFB69.d.ABB5D04CBA517BE12B016CB025293856.e.3420/click - {}
RESULT: {}
COMMAND: GET /session/14ef05402572205b9e8ee1d133b15894/screenshot - {}
RESULT: {}
COMMAND: POST /session/14ef05402572205b9e8ee1d133b15894/element - {"using":"xpath","value":"(//li[contains(text(), \"stock increase yard\")])[1]"}
RESULT: {"using":"xpath","value":"(//li[contains(text(), \"stock increase yard\")])[1]"}
COMMAND: POST /session/14ef05402572205b9e8ee1d133b15894/element/f.0EDEC609E967CA8F2B39E7D9D31DFB69.d.ABB5D04CBA517BE12B016CB025293856.e.3421/click - {}
RESULT: {}
COMMAND: GET /session/14ef05402572205b9e8ee1d133b15894/screenshot - {}
RESULT: {}
COMMAND: POST /session/14ef05402572205b9e8ee1d133b15894/execute/async - {"script":"<script> [1562 bytes]","args":[{"selector":{"id":"application-managehandovers-display-component---AddNewHO--dueDate","interaction":{"idSuffix":"inner"}},"wdio_ui5_key":"applicationmanagehandovers-display-component---AddNewHO--dueDate"}]}
RESULT: {"script":"<script> [1562 bytes]","args":[{"selector":{"id":"application-managehandovers-display-component---AddNewHO--dueDate","interaction":{"idSuffix":"inner"}},"wdio_ui5_key":"applicationmanagehandovers-display-component---AddNewHO--dueDate"}]}
RESULT: undefined
COMMAND: POST /session/14ef05402572205b9e8ee1d133b15894/execute/async - {"script":"<script> [6424 bytes]","args":[{"element-6066-11e4-a52e-4f735466cecf":"f.0EDEC609E967CA8F2B39E7D9D31DFB69.d.ABB5D04CBA517BE12B016CB025293856.e.3423"},"setValue",["5/16/25"]]}
RESULT: {"script":"<script> [6424 bytes]","args":[{"element-6066-11e4-a52e-4f735466cecf":"f.0EDEC609E967CA8F2B39E7D9D31DFB69.d.ABB5D04CBA517BE12B016CB025293856.e.3423"},"setValue",["5/16/25"]]}
COMMAND: POST /session/14ef05402572205b9e8ee1d133b15894/element - {"using":"xpath","value":"//input[@id=\"generalSectionFrg--receiveYard-inner\"]"}
RESULT: {"using":"xpath","value":"//input[@id=\"generalSectionFrg--receiveYard-inner\"]"}
COMMAND: POST /session/14ef05402572205b9e8ee1d133b15894/element/f.0EDEC609E967CA8F2B39E7D9D31DFB69.d.ABB5D04CBA517BE12B016CB025293856.e.3427/clear - {}
RESULT: {}
COMMAND: POST /session/14ef05402572205b9e8ee1d133b15894/element/f.0EDEC609E967CA8F2B39E7D9D31DFB69.d.ABB5D04CBA517BE12B016CB025293856.e.3427/value - {"text":"473"}
COMMAND: GET /session/14ef05402572205b9e8ee1d133b15894/screenshot - {}
RESULT: {"text":"473"}
COMMAND: GET /session/14ef05402572205b9e8ee1d133b15894/screenshot - {}
RESULT: {}
RESULT: {}
COMMAND: POST /session/14ef05402572205b9e8ee1d133b15894/element - {"using":"xpath","value":"//li[.//span[text()='473']]"}
RESULT: {"using":"xpath","value":"//li[.//span[text()='473']]"}
COMMAND: POST /session/14ef05402572205b9e8ee1d133b15894/element/f.0EDEC609E967CA8F2B39E7D9D31DFB69.d.ABB5D04CBA517BE12B016CB025293856.e.3443/click - {}
RESULT: {}
COMMAND: GET /session/14ef05402572205b9e8ee1d133b15894/screenshot - {}
RESULT: {}
COMMAND: POST /session/14ef05402572205b9e8ee1d133b15894/execute/async - {"script":"<script> [1562 bytes]","args":[{"selector":{"id":"application-managehandovers-display-component---AddNewHO--ObjectPageLayout-anchBar-application-managehandovers-display-component---AddNewHO--section4-anchor","interaction":{"idSuffix":"BDI-content"}},"wdio_ui5_key":"applicationmanagehandovers-display-component---AddNewHO--ObjectPageLayout-anchBar-application-managehandovers-display-component---AddNewHO--section4-anchor"}]}
RESULT: {"script":"<script> [1562 bytes]","args":[{"selector":{"id":"application-managehandovers-display-component---AddNewHO--ObjectPageLayout-anchBar-application-managehandovers-display-component---AddNewHO--section4-anchor","interaction":{"idSuffix":"BDI-content"}},"wdio_ui5_key":"applicationmanagehandovers-display-component---AddNewHO--ObjectPageLayout-anchBar-application-managehandovers-display-component---AddNewHO--section4-anchor"}]}
RESULT: undefined
COMMAND: POST /session/14ef05402572205b9e8ee1d133b15894/element - {"using":"xpath","value":"//*[@id=\"application-managehandovers-display-component---AddNewHO--ObjectPageLayout-anchBar-application-managehandovers-display-component---AddNewHO--section4-anchor\"]"}
RESULT: {"using":"xpath","value":"//*[@id=\"application-managehandovers-display-component---AddNewHO--ObjectPageLayout-anchBar-application-managehandovers-display-component---AddNewHO--section4-anchor\"]"}
COMMAND: POST /session/14ef05402572205b9e8ee1d133b15894/element/f.0EDEC609E967CA8F2B39E7D9D31DFB69.d.ABB5D04CBA517BE12B016CB025293856.e.3445/click - {}
RESULT: {}
COMMAND: POST /session/14ef05402572205b9e8ee1d133b15894/element - {"using":"xpath","value":"//button[@aria-label=\"Add\"]"}
COMMAND: GET /session/14ef05402572205b9e8ee1d133b15894/screenshot - {}
RESULT: {"using":"xpath","value":"//button[@aria-label=\"Add\"]"}
COMMAND: POST /session/14ef05402572205b9e8ee1d133b15894/element/f.0EDEC609E967CA8F2B39E7D9D31DFB69.d.ABB5D04CBA517BE12B016CB025293856.e.3447/click - {}
RESULT: {}
RESULT: {}
COMMAND: GET /session/14ef05402572205b9e8ee1d133b15894/screenshot - {}
RESULT: {}
COMMAND: POST /session/14ef05402572205b9e8ee1d133b15894/execute/async - {"script":"<script> [1562 bytes]","args":[{"selector":{"id":"application-managehandovers-display-component---AddNewHO--smartFilterBar-btnBasicSearch","searchOpenDialogs":true,"interaction":{"idSuffix":"I"}},"wdio_ui5_key":"applicationmanagehandovers-display-component---AddNewHO--smartFilterBar-btnBasicSearch"}]}
RESULT: {"script":"<script> [1562 bytes]","args":[{"selector":{"id":"application-managehandovers-display-component---AddNewHO--smartFilterBar-btnBasicSearch","searchOpenDialogs":true,"interaction":{"idSuffix":"I"}},"wdio_ui5_key":"applicationmanagehandovers-display-component---AddNewHO--smartFilterBar-btnBasicSearch"}]}
RESULT: undefined
COMMAND: POST /session/14ef05402572205b9e8ee1d133b15894/execute/async - {"script":"<script> [776 bytes]","args":[{"enterText":"200234","selector":{"id":"application-managehandovers-display-component---AddNewHO--smartFilterBar-btnBasicSearch","searchOpenDialogs":true,"interaction":{"idSuffix":"I"}},"clearTextFirst":true,"interactionType":"ENTER_TEXT"}]}
RESULT: {"script":"<script> [776 bytes]","args":[{"enterText":"200234","selector":{"id":"application-managehandovers-display-component---AddNewHO--smartFilterBar-btnBasicSearch","searchOpenDialogs":true,"interaction":{"idSuffix":"I"}},"clearTextFirst":true,"interactionType":"ENTER_TEXT"}]}
COMMAND: POST /session/14ef05402572205b9e8ee1d133b15894/actions - {"actions":[{"id":"action11","type":"key","parameters":{},"actions":[{"type":"keyDown","value":"î€‡"},{"type":"pause","duration":10},{"type":"keyUp","value":"î€‡"}]}]}
RESULT: {"actions":[{"id":"action11","type":"key","parameters":{},"actions":[{"type":"keyDown","value":"î€‡"},{"type":"pause","duration":10},{"type":"keyUp","value":"î€‡"}]}]}
COMMAND: GET /session/14ef05402572205b9e8ee1d133b15894/screenshot - {}
RESULT: {}
COMMAND: POST /session/14ef05402572205b9e8ee1d133b15894/execute/async - {"script":"<script> [1562 bytes]","args":[{"selector":{"id":"application-managehandovers-display-component---AddNewHO--popup-sa","searchOpenDialogs":true,"interaction":{"idSuffix":"CbBg"}},"wdio_ui5_key":"applicationmanagehandovers-display-component---AddNewHO--popup-sa"}]}
RESULT: {"script":"<script> [1562 bytes]","args":[{"selector":{"id":"application-managehandovers-display-component---AddNewHO--popup-sa","searchOpenDialogs":true,"interaction":{"idSuffix":"CbBg"}},"wdio_ui5_key":"applicationmanagehandovers-display-component---AddNewHO--popup-sa"}]}
RESULT: undefined
COMMAND: POST /session/14ef05402572205b9e8ee1d133b15894/element - {"using":"xpath","value":"//*[@id=\"application-managehandovers-display-component---AddNewHO--popup-sa\"]"}
RESULT: {"using":"xpath","value":"//*[@id=\"application-managehandovers-display-component---AddNewHO--popup-sa\"]"}
COMMAND: POST /session/14ef05402572205b9e8ee1d133b15894/element/f.0EDEC609E967CA8F2B39E7D9D31DFB69.d.ABB5D04CBA517BE12B016CB025293856.e.3601/click - {}
RESULT: {}
COMMAND: GET /session/14ef05402572205b9e8ee1d133b15894/screenshot - {}
RESULT: {}
COMMAND: POST /session/14ef05402572205b9e8ee1d133b15894/element - {"using":"xpath","value":"//bdi[contains(text(), \"Select\")]"}
RESULT: {"using":"xpath","value":"//bdi[contains(text(), \"Select\")]"}
COMMAND: POST /session/14ef05402572205b9e8ee1d133b15894/element/f.0EDEC609E967CA8F2B39E7D9D31DFB69.d.ABB5D04CBA517BE12B016CB025293856.e.3602/click - {}
RESULT: {}
COMMAND: GET /session/14ef05402572205b9e8ee1d133b15894/screenshot - {}
RESULT: {}
COMMAND: POST /session/14ef05402572205b9e8ee1d133b15894/element - {"using":"xpath","value":"//button[@data-kt=\"AddNewHOSaveButton\"]"}
RESULT: {"using":"xpath","value":"//button[@data-kt=\"AddNewHOSaveButton\"]"}
COMMAND: POST /session/14ef05402572205b9e8ee1d133b15894/element/f.0EDEC609E967CA8F2B39E7D9D31DFB69.d.ABB5D04CBA517BE12B016CB025293856.e.3606/click - {}
RESULT: {}
COMMAND: GET /session/14ef05402572205b9e8ee1d133b15894/screenshot - {}
COMMAND: POST /session/14ef05402572205b9e8ee1d133b15894/execute/async - {"script":"<script> [1562 bytes]","args":[{"selector":{"id":"receiptDatePicker","viewName":"etm.portal.ui.managehandovers.view.DetailExecuteHO","interaction":{"idSuffix":"inner"}},"wdio_ui5_key":"receiptDatePickeretmportal.ui.managehandovers.view.DetailExecuteHO"}]}
RESULT: {}
RESULT: {"script":"<script> [1562 bytes]","args":[{"selector":{"id":"receiptDatePicker","viewName":"etm.portal.ui.managehandovers.view.DetailExecuteHO","interaction":{"idSuffix":"inner"}},"wdio_ui5_key":"receiptDatePickeretmportal.ui.managehandovers.view.DetailExecuteHO"}]}
RESULT: undefined
COMMAND: POST /session/14ef05402572205b9e8ee1d133b15894/execute/async - {"script":"<script> [6424 bytes]","args":[{"element-6066-11e4-a52e-4f735466cecf":"f.0EDEC609E967CA8F2B39E7D9D31DFB69.d.ABB5D04CBA517BE12B016CB025293856.e.3612"},"setValue",["5/16/25"]]}
RESULT: {"script":"<script> [6424 bytes]","args":[{"element-6066-11e4-a52e-4f735466cecf":"f.0EDEC609E967CA8F2B39E7D9D31DFB69.d.ABB5D04CBA517BE12B016CB025293856.e.3612"},"setValue",["5/16/25"]]}
COMMAND: POST /session/14ef05402572205b9e8ee1d133b15894/element - {"using":"xpath","value":"//button[@data-kt=\"PickingTableConfirmAllButton\"]"}
RESULT: {"using":"xpath","value":"//button[@data-kt=\"PickingTableConfirmAllButton\"]"}
COMMAND: POST /session/14ef05402572205b9e8ee1d133b15894/element/f.0EDEC609E967CA8F2B39E7D9D31DFB69.d.ABB5D04CBA517BE12B016CB025293856.e.3652/click - {}
RESULT: {}
COMMAND: GET /session/14ef05402572205b9e8ee1d133b15894/screenshot - {}
RESULT: {}
COMMAND: POST /session/14ef05402572205b9e8ee1d133b15894/element - {"using":"xpath","value":"//bdi[contains(text(), \"OK\")]"}
RESULT: {"using":"xpath","value":"//bdi[contains(text(), \"OK\")]"}
COMMAND: POST /session/14ef05402572205b9e8ee1d133b15894/element/f.0EDEC609E967CA8F2B39E7D9D31DFB69.d.ABB5D04CBA517BE12B016CB025293856.e.3654/click - {}
RESULT: {}
COMMAND: GET /session/14ef05402572205b9e8ee1d133b15894/screenshot - {}
RESULT: {}
COMMAND: POST /session/14ef05402572205b9e8ee1d133b15894/element - {"using":"xpath","value":"(//bdi[contains(text(), \"Receive\")])[2]"}
RESULT: {"using":"xpath","value":"(//bdi[contains(text(), \"Receive\")])[2]"}
COMMAND: POST /session/14ef05402572205b9e8ee1d133b15894/element/f.0EDEC609E967CA8F2B39E7D9D31DFB69.d.ABB5D04CBA517BE12B016CB025293856.e.3656/click - {}
RESULT: {}
COMMAND: GET /session/14ef05402572205b9e8ee1d133b15894/screenshot - {}
RESULT: {}
COMMAND: POST /session/14ef05402572205b9e8ee1d133b15894/element - {"using":"css selector","value":"#shell-header-logo"}
RESULT: {"using":"css selector","value":"#shell-header-logo"}
COMMAND: POST /session/14ef05402572205b9e8ee1d133b15894/element/f.0EDEC609E967CA8F2B39E7D9D31DFB69.d.ABB5D04CBA517BE12B016CB025293856.e.3032/click - {}
RESULT: {}
COMMAND: GET /session/14ef05402572205b9e8ee1d133b15894/screenshot - {}
RESULT: {}
]]></system-out>
    </testcase>
    <testcase classname="chrome.136_0_7103_93.windows.Prerequisites_&amp;_test_for_yard_mass_return_on_Yard_Overview_US131057" name="Prereq Should create a new contract" time="62.575">
      <system-out><![CDATA[
COMMAND: POST /session/14ef05402572205b9e8ee1d133b15894/execute/async - {"script":"<script> [1562 bytes]","args":[{"selector":{"controlType":"sap.m.GenericTile","properties":{"header":"Manage Contracts"}},"wdio_ui5_key":"sapm.GenericTile{\"header\":\"Manage Contracts\"}"}]}
RESULT: {"script":"<script> [1562 bytes]","args":[{"selector":{"controlType":"sap.m.GenericTile","properties":{"header":"Manage Contracts"}},"wdio_ui5_key":"sapm.GenericTile{\"header\":\"Manage Contracts\"}"}]}
RESULT: undefined
COMMAND: POST /session/14ef05402572205b9e8ee1d133b15894/element - {"using":"xpath","value":"//*[@id=\"__tile130\"]"}
RESULT: {"using":"xpath","value":"//*[@id=\"__tile130\"]"}
COMMAND: POST /session/14ef05402572205b9e8ee1d133b15894/element/f.0EDEC609E967CA8F2B39E7D9D31DFB69.d.ABB5D04CBA517BE12B016CB025293856.e.176/click - {}
RESULT: {}
COMMAND: GET /session/14ef05402572205b9e8ee1d133b15894/screenshot - {}
RESULT: {}
COMMAND: POST /session/14ef05402572205b9e8ee1d133b15894/elements - {"using":"xpath","value":"//span[text()='Error']"}
RESULT: {"using":"xpath","value":"//span[text()='Error']"}
COMMAND: POST /session/14ef05402572205b9e8ee1d133b15894/element - {"using":"xpath","value":"//button[@data-kt=\"addButton\"]"}
RESULT: {"using":"xpath","value":"//button[@data-kt=\"addButton\"]"}
COMMAND: POST /session/14ef05402572205b9e8ee1d133b15894/elements - {"using":"xpath","value":"//button[@data-kt=\"addButton\"]"}
RESULT: {"using":"xpath","value":"//button[@data-kt=\"addButton\"]"}
COMMAND: POST /session/14ef05402572205b9e8ee1d133b15894/execute/sync - {"script":"<script> [8489 bytes]","args":[{"element-6066-11e4-a52e-4f735466cecf":"f.0EDEC609E967CA8F2B39E7D9D31DFB69.d.ABB5D04CBA517BE12B016CB025293856.e.3985","ELEMENT":"f.0EDEC609E967CA8F2B39E7D9D31DFB69.d.ABB5D04CBA517BE12B016CB025293856.e.3985"}]}
RESULT: {"script":"<script> [8489 bytes]","args":[{"element-6066-11e4-a52e-4f735466cecf":"f.0EDEC609E967CA8F2B39E7D9D31DFB69.d.ABB5D04CBA517BE12B016CB025293856.e.3985","ELEMENT":"f.0EDEC609E967CA8F2B39E7D9D31DFB69.d.ABB5D04CBA517BE12B016CB025293856.e.3985"}]}
COMMAND: GET /session/14ef05402572205b9e8ee1d133b15894/element/f.0EDEC609E967CA8F2B39E7D9D31DFB69.d.ABB5D04CBA517BE12B016CB025293856.e.3985/enabled - {}
COMMAND: GET /session/14ef05402572205b9e8ee1d133b15894/screenshot - {}
RESULT: {}
COMMAND: POST /session/14ef05402572205b9e8ee1d133b15894/execute/sync - {"script":"<script> [8489 bytes]","args":[{"element-6066-11e4-a52e-4f735466cecf":"f.0EDEC609E967CA8F2B39E7D9D31DFB69.d.ABB5D04CBA517BE12B016CB025293856.e.3985","ELEMENT":"f.0EDEC609E967CA8F2B39E7D9D31DFB69.d.ABB5D04CBA517BE12B016CB025293856.e.3985"}]}
COMMAND: GET /session/14ef05402572205b9e8ee1d133b15894/screenshot - {}
RESULT: {}
RESULT: {"script":"<script> [8489 bytes]","args":[{"element-6066-11e4-a52e-4f735466cecf":"f.0EDEC609E967CA8F2B39E7D9D31DFB69.d.ABB5D04CBA517BE12B016CB025293856.e.3985","ELEMENT":"f.0EDEC609E967CA8F2B39E7D9D31DFB69.d.ABB5D04CBA517BE12B016CB025293856.e.3985"}]}
COMMAND: POST /session/14ef05402572205b9e8ee1d133b15894/execute/sync - {"script":"<script> [5351 bytes]","args":[{"element-6066-11e4-a52e-4f735466cecf":"f.0EDEC609E967CA8F2B39E7D9D31DFB69.d.ABB5D04CBA517BE12B016CB025293856.e.3985","ELEMENT":"f.0EDEC609E967CA8F2B39E7D9D31DFB69.d.ABB5D04CBA517BE12B016CB025293856.e.3985"}]}
COMMAND: GET /session/14ef05402572205b9e8ee1d133b15894/screenshot - {}
RESULT: {}
RESULT: {"script":"<script> [5351 bytes]","args":[{"element-6066-11e4-a52e-4f735466cecf":"f.0EDEC609E967CA8F2B39E7D9D31DFB69.d.ABB5D04CBA517BE12B016CB025293856.e.3985","ELEMENT":"f.0EDEC609E967CA8F2B39E7D9D31DFB69.d.ABB5D04CBA517BE12B016CB025293856.e.3985"}]}
COMMAND: GET /session/14ef05402572205b9e8ee1d133b15894/screenshot - {}
RESULT: {}
RESULT: {}
COMMAND: POST /session/14ef05402572205b9e8ee1d133b15894/element/f.0EDEC609E967CA8F2B39E7D9D31DFB69.d.ABB5D04CBA517BE12B016CB025293856.e.3985/click - {}
RESULT: {}
COMMAND: GET /session/14ef05402572205b9e8ee1d133b15894/screenshot - {}
RESULT: {}
COMMAND: POST /session/14ef05402572205b9e8ee1d133b15894/execute/async - {"script":"<script> [1562 bytes]","args":[{"selector":{"id":"application-managecontracts-display-component---AddNewContract--projectDescription","interaction":{"idSuffix":"inner"}},"wdio_ui5_key":"applicationmanagecontracts-display-component---AddNewContract--projectDescription"}]}
RESULT: {"script":"<script> [1562 bytes]","args":[{"selector":{"id":"application-managecontracts-display-component---AddNewContract--projectDescription","interaction":{"idSuffix":"inner"}},"wdio_ui5_key":"applicationmanagecontracts-display-component---AddNewContract--projectDescription"}]}
RESULT: undefined
COMMAND: POST /session/14ef05402572205b9e8ee1d133b15894/execute/async - {"script":"<script> [776 bytes]","args":[{"enterText":"Contract WDIO","selector":{"id":"application-managecontracts-display-component---AddNewContract--projectDescription","interaction":{"idSuffix":"inner"}},"clearTextFirst":true,"interactionType":"ENTER_TEXT"}]}
RESULT: {"script":"<script> [776 bytes]","args":[{"enterText":"Contract WDIO","selector":{"id":"application-managecontracts-display-component---AddNewContract--projectDescription","interaction":{"idSuffix":"inner"}},"clearTextFirst":true,"interactionType":"ENTER_TEXT"}]}
COMMAND: POST /session/14ef05402572205b9e8ee1d133b15894/element - {"using":"xpath","value":"//input[@id=\"application-managecontracts-display-component---AddNewContract--site-inner\"]"}
RESULT: {"using":"xpath","value":"//input[@id=\"application-managecontracts-display-component---AddNewContract--site-inner\"]"}
COMMAND: POST /session/14ef05402572205b9e8ee1d133b15894/element/f.0EDEC609E967CA8F2B39E7D9D31DFB69.d.ABB5D04CBA517BE12B016CB025293856.e.4344/clear - {}
RESULT: {}
COMMAND: POST /session/14ef05402572205b9e8ee1d133b15894/element/f.0EDEC609E967CA8F2B39E7D9D31DFB69.d.ABB5D04CBA517BE12B016CB025293856.e.4344/value - {"text":"2221"}
COMMAND: GET /session/14ef05402572205b9e8ee1d133b15894/screenshot - {}
RESULT: {"text":"2221"}
COMMAND: GET /session/14ef05402572205b9e8ee1d133b15894/screenshot - {}
RESULT: {}
RESULT: {}
COMMAND: POST /session/14ef05402572205b9e8ee1d133b15894/element - {"using":"xpath","value":"//li[.//span[text()='2221']]"}
RESULT: {"using":"xpath","value":"//li[.//span[text()='2221']]"}
COMMAND: POST /session/14ef05402572205b9e8ee1d133b15894/element/f.0EDEC609E967CA8F2B39E7D9D31DFB69.d.ABB5D04CBA517BE12B016CB025293856.e.4381/click - {}
RESULT: {}
COMMAND: GET /session/14ef05402572205b9e8ee1d133b15894/screenshot - {}
RESULT: {}
COMMAND: POST /session/14ef05402572205b9e8ee1d133b15894/element - {"using":"xpath","value":"//input[@id=\"application-managecontracts-display-component---AddNewContract--yardId-inner\"]"}
RESULT: {"using":"xpath","value":"//input[@id=\"application-managecontracts-display-component---AddNewContract--yardId-inner\"]"}
COMMAND: GET /session/14ef05402572205b9e8ee1d133b15894/element/f.0EDEC609E967CA8F2B39E7D9D31DFB69.d.ABB5D04CBA517BE12B016CB025293856.e.4345/property/value - {}
RESULT: {}
COMMAND: POST /session/14ef05402572205b9e8ee1d133b15894/element - {"using":"xpath","value":"//input[@id=\"application-managecontracts-display-component---AddNewContract--customerSelect-inner\"]"}
COMMAND: GET /session/14ef05402572205b9e8ee1d133b15894/screenshot - {}
RESULT: {"using":"xpath","value":"//input[@id=\"application-managecontracts-display-component---AddNewContract--customerSelect-inner\"]"}
COMMAND: POST /session/14ef05402572205b9e8ee1d133b15894/element/f.0EDEC609E967CA8F2B39E7D9D31DFB69.d.ABB5D04CBA517BE12B016CB025293856.e.4343/clear - {}
RESULT: {}
RESULT: {}
COMMAND: POST /session/14ef05402572205b9e8ee1d133b15894/element/f.0EDEC609E967CA8F2B39E7D9D31DFB69.d.ABB5D04CBA517BE12B016CB025293856.e.4343/value - {"text":"1261"}
COMMAND: GET /session/14ef05402572205b9e8ee1d133b15894/screenshot - {}
RESULT: {"text":"1261"}
COMMAND: GET /session/14ef05402572205b9e8ee1d133b15894/screenshot - {}
RESULT: {}
RESULT: {}
COMMAND: POST /session/14ef05402572205b9e8ee1d133b15894/element - {"using":"xpath","value":"//li[.//span[text()='1261']]"}
RESULT: {"using":"xpath","value":"//li[.//span[text()='1261']]"}
COMMAND: POST /session/14ef05402572205b9e8ee1d133b15894/element/f.0EDEC609E967CA8F2B39E7D9D31DFB69.d.ABB5D04CBA517BE12B016CB025293856.e.4384/click - {}
RESULT: {}
COMMAND: GET /session/14ef05402572205b9e8ee1d133b15894/screenshot - {}
RESULT: {}
COMMAND: POST /session/14ef05402572205b9e8ee1d133b15894/element - {"using":"xpath","value":"//button[@data-kt=\"saveButton\"]"}
RESULT: {"using":"xpath","value":"//button[@data-kt=\"saveButton\"]"}
COMMAND: POST /session/14ef05402572205b9e8ee1d133b15894/element/f.0EDEC609E967CA8F2B39E7D9D31DFB69.d.ABB5D04CBA517BE12B016CB025293856.e.4385/click - {}
RESULT: {}
COMMAND: GET /session/14ef05402572205b9e8ee1d133b15894/screenshot - {}
RESULT: {}
COMMAND: POST /session/14ef05402572205b9e8ee1d133b15894/element - {"using":"xpath","value":"//span[contains(@id ,\"contractDetailTitleNoExpanded\")]"}
RESULT: {"using":"xpath","value":"//span[contains(@id ,\"contractDetailTitleNoExpanded\")]"}
COMMAND: POST /session/14ef05402572205b9e8ee1d133b15894/elements - {"using":"xpath","value":"//span[contains(@id ,\"contractDetailTitleNoExpanded\")]"}
RESULT: {"using":"xpath","value":"//span[contains(@id ,\"contractDetailTitleNoExpanded\")]"}
COMMAND: POST /session/14ef05402572205b9e8ee1d133b15894/execute/sync - {"script":"<script> [56 bytes]","args":[{"element-6066-11e4-a52e-4f735466cecf":"f.0EDEC609E967CA8F2B39E7D9D31DFB69.d.ABB5D04CBA517BE12B016CB025293856.e.4458","ELEMENT":"f.0EDEC609E967CA8F2B39E7D9D31DFB69.d.ABB5D04CBA517BE12B016CB025293856.e.4458"}]}
RESULT: {"script":"<script> [56 bytes]","args":[{"element-6066-11e4-a52e-4f735466cecf":"f.0EDEC609E967CA8F2B39E7D9D31DFB69.d.ABB5D04CBA517BE12B016CB025293856.e.4458","ELEMENT":"f.0EDEC609E967CA8F2B39E7D9D31DFB69.d.ABB5D04CBA517BE12B016CB025293856.e.4458"}]}
COMMAND: GET /session/14ef05402572205b9e8ee1d133b15894/screenshot - {}
RESULT: {}
]]></system-out>
    </testcase>
    <testcase classname="chrome.136_0_7103_93.windows.Prerequisites_&amp;_test_for_yard_mass_return_on_Yard_Overview_US131057" name="Prereq Should add created material to contract" time="61.562">
      <system-out><![CDATA[
COMMAND: POST /session/14ef05402572205b9e8ee1d133b15894/element - {"using":"xpath","value":"//button[@data-kt=\"contractDetailEditBtnButton\"]"}
RESULT: {"using":"xpath","value":"//button[@data-kt=\"contractDetailEditBtnButton\"]"}
COMMAND: POST /session/14ef05402572205b9e8ee1d133b15894/element/f.0EDEC609E967CA8F2B39E7D9D31DFB69.d.ABB5D04CBA517BE12B016CB025293856.e.4459/click - {}
RESULT: {}
COMMAND: GET /session/14ef05402572205b9e8ee1d133b15894/screenshot - {}
RESULT: {}
COMMAND: POST /session/14ef05402572205b9e8ee1d133b15894/element - {"using":"xpath","value":"(//span[contains(text(), \"Additional Addresses\")])[2]"}
RESULT: {"using":"xpath","value":"(//span[contains(text(), \"Additional Addresses\")])[2]"}
COMMAND: POST /session/14ef05402572205b9e8ee1d133b15894/element/f.0EDEC609E967CA8F2B39E7D9D31DFB69.d.ABB5D04CBA517BE12B016CB025293856.e.4514/click - {}
RESULT: {}
COMMAND: GET /session/14ef05402572205b9e8ee1d133b15894/screenshot - {}
RESULT: {}
COMMAND: POST /session/14ef05402572205b9e8ee1d133b15894/element - {"using":"xpath","value":"//button[@data-kt=\"btnAddTableRowOverflowToolbarButton\"]"}
RESULT: {"using":"xpath","value":"//button[@data-kt=\"btnAddTableRowOverflowToolbarButton\"]"}
COMMAND: POST /session/14ef05402572205b9e8ee1d133b15894/element/f.0EDEC609E967CA8F2B39E7D9D31DFB69.d.ABB5D04CBA517BE12B016CB025293856.e.4517/click - {}
RESULT: {}
COMMAND: GET /session/14ef05402572205b9e8ee1d133b15894/screenshot - {}
RESULT: {}
COMMAND: POST /session/14ef05402572205b9e8ee1d133b15894/element - {"using":"xpath","value":"//div[(text() = 'Standard Entry' or . = 'Standard Entry')]"}
RESULT: {"using":"xpath","value":"//div[(text() = 'Standard Entry' or . = 'Standard Entry')]"}
COMMAND: POST /session/14ef05402572205b9e8ee1d133b15894/element/f.0EDEC609E967CA8F2B39E7D9D31DFB69.d.ABB5D04CBA517BE12B016CB025293856.e.4519/click - {}
RESULT: {}
COMMAND: GET /session/14ef05402572205b9e8ee1d133b15894/screenshot - {}
RESULT: {}
COMMAND: POST /session/14ef05402572205b9e8ee1d133b15894/element - {"using":"xpath","value":"//td[6]/div/div/div/span"}
RESULT: {"using":"xpath","value":"//td[6]/div/div/div/span"}
COMMAND: POST /session/14ef05402572205b9e8ee1d133b15894/element/f.0EDEC609E967CA8F2B39E7D9D31DFB69.d.ABB5D04CBA517BE12B016CB025293856.e.4531/click - {}
RESULT: {}
COMMAND: GET /session/14ef05402572205b9e8ee1d133b15894/screenshot - {}
RESULT: {}
COMMAND: POST /session/14ef05402572205b9e8ee1d133b15894/element - {"using":"xpath","value":"(//span[contains(text(), \"Material\")])"}
RESULT: {"using":"xpath","value":"(//span[contains(text(), \"Material\")])"}
COMMAND: POST /session/14ef05402572205b9e8ee1d133b15894/element/f.0EDEC609E967CA8F2B39E7D9D31DFB69.d.ABB5D04CBA517BE12B016CB025293856.e.4532/click - {}
RESULT: {}
COMMAND: GET /session/14ef05402572205b9e8ee1d133b15894/screenshot - {}
RESULT: {}
COMMAND: POST /session/14ef05402572205b9e8ee1d133b15894/element - {"using":"xpath","value":"//td[7]/div/div/input"}
RESULT: {"using":"xpath","value":"//td[7]/div/div/input"}
COMMAND: POST /session/14ef05402572205b9e8ee1d133b15894/element/f.0EDEC609E967CA8F2B39E7D9D31DFB69.d.ABB5D04CBA517BE12B016CB025293856.e.4536/clear - {}
RESULT: {}
COMMAND: POST /session/14ef05402572205b9e8ee1d133b15894/element/f.0EDEC609E967CA8F2B39E7D9D31DFB69.d.ABB5D04CBA517BE12B016CB025293856.e.4536/value - {"text":"200234"}
COMMAND: GET /session/14ef05402572205b9e8ee1d133b15894/screenshot - {}
RESULT: {"text":"200234"}
COMMAND: GET /session/14ef05402572205b9e8ee1d133b15894/screenshot - {}
RESULT: {}
RESULT: {}
COMMAND: POST /session/14ef05402572205b9e8ee1d133b15894/actions - {"actions":[{"id":"action12","type":"key","parameters":{},"actions":[{"type":"keyDown","value":"î€‡"},{"type":"pause","duration":10},{"type":"keyUp","value":"î€‡"}]}]}
RESULT: {"actions":[{"id":"action12","type":"key","parameters":{},"actions":[{"type":"keyDown","value":"î€‡"},{"type":"pause","duration":10},{"type":"keyUp","value":"î€‡"}]}]}
COMMAND: GET /session/14ef05402572205b9e8ee1d133b15894/screenshot - {}
RESULT: {}
COMMAND: POST /session/14ef05402572205b9e8ee1d133b15894/execute/sync - {"script":"<script> [276 bytes]","args":["No pricing information was found"]}
RESULT: {"script":"<script> [276 bytes]","args":["No pricing information was found"]}
COMMAND: POST /session/14ef05402572205b9e8ee1d133b15894/element - {"using":"xpath","value":"//bdi[contains(text(), \"OK\")]"}
COMMAND: GET /session/14ef05402572205b9e8ee1d133b15894/screenshot - {}
RESULT: {"using":"xpath","value":"//bdi[contains(text(), \"OK\")]"}
COMMAND: POST /session/14ef05402572205b9e8ee1d133b15894/element/f.0EDEC609E967CA8F2B39E7D9D31DFB69.d.ABB5D04CBA517BE12B016CB025293856.e.4562/click - {}
RESULT: {}
RESULT: {}
COMMAND: GET /session/14ef05402572205b9e8ee1d133b15894/screenshot - {}
RESULT: {}
COMMAND: POST /session/14ef05402572205b9e8ee1d133b15894/element - {"using":"xpath","value":"(//button[@data-kt=\"saveButton\"])[2]"}
RESULT: {"using":"xpath","value":"(//button[@data-kt=\"saveButton\"])[2]"}
COMMAND: POST /session/14ef05402572205b9e8ee1d133b15894/element/f.0EDEC609E967CA8F2B39E7D9D31DFB69.d.ABB5D04CBA517BE12B016CB025293856.e.4563/click - {}
RESULT: {}
COMMAND: GET /session/14ef05402572205b9e8ee1d133b15894/screenshot - {}
RESULT: {}
COMMAND: POST /session/14ef05402572205b9e8ee1d133b15894/execute/sync - {"script":"<script> [276 bytes]","args":["Some contract items are having rental validity exceeding header rental validity"]}
RESULT: {"script":"<script> [276 bytes]","args":["Some contract items are having rental validity exceeding header rental validity"]}
COMMAND: GET /session/14ef05402572205b9e8ee1d133b15894/screenshot - {}
RESULT: {}
COMMAND: POST /session/14ef05402572205b9e8ee1d133b15894/element - {"using":"xpath","value":"//span[contains(@id ,\"contractItemsSmartTable-header-inner\")]"}
RESULT: {"using":"xpath","value":"//span[contains(@id ,\"contractItemsSmartTable-header-inner\")]"}
COMMAND: POST /session/14ef05402572205b9e8ee1d133b15894/elements - {"using":"xpath","value":"//span[contains(@id ,\"contractItemsSmartTable-header-inner\")]"}
RESULT: {"using":"xpath","value":"//span[contains(@id ,\"contractItemsSmartTable-header-inner\")]"}
COMMAND: POST /session/14ef05402572205b9e8ee1d133b15894/execute/sync - {"script":"<script> [56 bytes]","args":[{"element-6066-11e4-a52e-4f735466cecf":"f.0EDEC609E967CA8F2B39E7D9D31DFB69.d.ABB5D04CBA517BE12B016CB025293856.e.4567","ELEMENT":"f.0EDEC609E967CA8F2B39E7D9D31DFB69.d.ABB5D04CBA517BE12B016CB025293856.e.4567"}]}
RESULT: {"script":"<script> [56 bytes]","args":[{"element-6066-11e4-a52e-4f735466cecf":"f.0EDEC609E967CA8F2B39E7D9D31DFB69.d.ABB5D04CBA517BE12B016CB025293856.e.4567","ELEMENT":"f.0EDEC609E967CA8F2B39E7D9D31DFB69.d.ABB5D04CBA517BE12B016CB025293856.e.4567"}]}
COMMAND: GET /session/14ef05402572205b9e8ee1d133b15894/screenshot - {}
]]></system-out>
    </testcase>
    <testcase classname="chrome.136_0_7103_93.windows.Prerequisites_&amp;_test_for_yard_mass_return_on_Yard_Overview_US131057" name="Prerq Should do a provide to site handover" time="67.17">
      <system-out><![CDATA[
COMMAND: POST /session/14ef05402572205b9e8ee1d133b15894/element - {"using":"xpath","value":"//button[@data-kt=\"provideButton\"]"}
RESULT: {}
RESULT: {"using":"xpath","value":"//button[@data-kt=\"provideButton\"]"}
COMMAND: POST /session/14ef05402572205b9e8ee1d133b15894/element/f.0EDEC609E967CA8F2B39E7D9D31DFB69.d.ABB5D04CBA517BE12B016CB025293856.e.4568/click - {}
RESULT: {}
COMMAND: GET /session/14ef05402572205b9e8ee1d133b15894/screenshot - {}
RESULT: {}
RESULT: undefined
COMMAND: POST /session/14ef05402572205b9e8ee1d133b15894/execute/async - {"script":"<script> [6424 bytes]","args":[{"element-6066-11e4-a52e-4f735466cecf":"f.0EDEC609E967CA8F2B39E7D9D31DFB69.d.ABB5D04CBA517BE12B016CB025293856.e.3423"},"setValue",["5/16/25"]]}
COMMAND: POST /session/14ef05402572205b9e8ee1d133b15894/execute/async - {"script":"<script> [1562 bytes]","args":[{"selector":{"id":"application-managehandovers-display-component---AddNewHO--dueDate","interaction":{"idSuffix":"inner"}},"wdio_ui5_key":"applicationmanagehandovers-display-component---AddNewHO--dueDate"}]}
RESULT: {"script":"<script> [1562 bytes]","args":[{"selector":{"id":"application-managehandovers-display-component---AddNewHO--dueDate","interaction":{"idSuffix":"inner"}},"wdio_ui5_key":"applicationmanagehandovers-display-component---AddNewHO--dueDate"}]}
COMMAND: POST /session/14ef05402572205b9e8ee1d133b15894/execute/async - {"script":"<script> [6424 bytes]","args":[{"element-6066-11e4-a52e-4f735466cecf":"f.0EDEC609E967CA8F2B39E7D9D31DFB69.d.ABB5D04CBA517BE12B016CB025293856.e.4644"},"setValue",["5/16/25"]]}
RESULT: {"script":"<script> [6424 bytes]","args":[{"element-6066-11e4-a52e-4f735466cecf":"f.0EDEC609E967CA8F2B39E7D9D31DFB69.d.ABB5D04CBA517BE12B016CB025293856.e.4644"},"setValue",["5/16/25"]]}
COMMAND: POST /session/14ef05402572205b9e8ee1d133b15894/element - {"using":"xpath","value":"//bdi[contains(text(), \"Instructions\")]"}
RESULT: {"using":"xpath","value":"//bdi[contains(text(), \"Instructions\")]"}
COMMAND: POST /session/14ef05402572205b9e8ee1d133b15894/element/f.0EDEC609E967CA8F2B39E7D9D31DFB69.d.ABB5D04CBA517BE12B016CB025293856.e.4727/click - {}
RESULT: {}
COMMAND: GET /session/14ef05402572205b9e8ee1d133b15894/screenshot - {}
RESULT: {}
COMMAND: POST /session/14ef05402572205b9e8ee1d133b15894/element - {"using":"xpath","value":"//button[@data-kt=\"AddNewHOProvideAddItemsButton\"]"}
RESULT: {"using":"xpath","value":"//button[@data-kt=\"AddNewHOProvideAddItemsButton\"]"}
COMMAND: POST /session/14ef05402572205b9e8ee1d133b15894/element/f.0EDEC609E967CA8F2B39E7D9D31DFB69.d.ABB5D04CBA517BE12B016CB025293856.e.4731/click - {}
RESULT: {}
COMMAND: GET /session/14ef05402572205b9e8ee1d133b15894/screenshot - {}
RESULT: {}
RESULT: undefined
COMMAND: POST /session/14ef05402572205b9e8ee1d133b15894/element - {"using":"xpath","value":"//*[@id=\"application-managehandovers-display-component---AddNewHO--popup-sa\"]"}
RESULT: {"using":"xpath","value":"//*[@id=\"application-managehandovers-display-component---AddNewHO--popup-sa\"]"}
COMMAND: POST /session/14ef05402572205b9e8ee1d133b15894/element/f.0EDEC609E967CA8F2B39E7D9D31DFB69.d.ABB5D04CBA517BE12B016CB025293856.e.4741/click - {}
RESULT: {}
COMMAND: GET /session/14ef05402572205b9e8ee1d133b15894/screenshot - {}
RESULT: {}
COMMAND: POST /session/14ef05402572205b9e8ee1d133b15894/element - {"using":"xpath","value":"//*[contains(@id ,\"BDI-content\")][contains(text(), \"Select\")]"}
RESULT: {"using":"xpath","value":"//*[contains(@id ,\"BDI-content\")][contains(text(), \"Select\")]"}
COMMAND: POST /session/14ef05402572205b9e8ee1d133b15894/element/f.0EDEC609E967CA8F2B39E7D9D31DFB69.d.ABB5D04CBA517BE12B016CB025293856.e.4743/click - {}
RESULT: {}
COMMAND: GET /session/14ef05402572205b9e8ee1d133b15894/screenshot - {}
RESULT: {}
COMMAND: POST /session/14ef05402572205b9e8ee1d133b15894/execute/async - {"script":"<script> [1562 bytes]","args":[{"selector":{"id":"application-managehandovers-display-component---AddNewHO--confirmCreationButton","interaction":{"idSuffix":"BDI-content"}},"wdio_ui5_key":"applicationmanagehandovers-display-component---AddNewHO--confirmCreationButton"}]}
RESULT: {"script":"<script> [1562 bytes]","args":[{"selector":{"id":"application-managehandovers-display-component---AddNewHO--confirmCreationButton","interaction":{"idSuffix":"BDI-content"}},"wdio_ui5_key":"applicationmanagehandovers-display-component---AddNewHO--confirmCreationButton"}]}
RESULT: undefined
COMMAND: POST /session/14ef05402572205b9e8ee1d133b15894/element - {"using":"xpath","value":"//*[@id=\"application-managehandovers-display-component---AddNewHO--confirmCreationButton\"]"}
RESULT: {"using":"xpath","value":"//*[@id=\"application-managehandovers-display-component---AddNewHO--confirmCreationButton\"]"}
COMMAND: POST /session/14ef05402572205b9e8ee1d133b15894/element/f.0EDEC609E967CA8F2B39E7D9D31DFB69.d.ABB5D04CBA517BE12B016CB025293856.e.4689/click - {}
RESULT: {}
COMMAND: GET /session/14ef05402572205b9e8ee1d133b15894/screenshot - {}
RESULT: {}
COMMAND: POST /session/14ef05402572205b9e8ee1d133b15894/execute/async - {"script":"<script> [1562 bytes]","args":[{"selector":{"id":"issueDatePicker","viewName":"etm.portal.ui.managehandovers.view.DetailExecuteHO","interaction":{"idSuffix":"inner"}},"wdio_ui5_key":"issueDatePickeretmportal.ui.managehandovers.view.DetailExecuteHO"}]}
RESULT: {"script":"<script> [1562 bytes]","args":[{"selector":{"id":"issueDatePicker","viewName":"etm.portal.ui.managehandovers.view.DetailExecuteHO","interaction":{"idSuffix":"inner"}},"wdio_ui5_key":"issueDatePickeretmportal.ui.managehandovers.view.DetailExecuteHO"}]}
RESULT: undefined
COMMAND: POST /session/14ef05402572205b9e8ee1d133b15894/execute/async - {"script":"<script> [776 bytes]","args":[{"enterText":"5/16/25","selector":{"id":"issueDatePicker","viewName":"etm.portal.ui.managehandovers.view.DetailExecuteHO","interaction":{"idSuffix":"inner"}},"clearTextFirst":true,"interactionType":"ENTER_TEXT"}]}
RESULT: {"script":"<script> [776 bytes]","args":[{"enterText":"5/16/25","selector":{"id":"issueDatePicker","viewName":"etm.portal.ui.managehandovers.view.DetailExecuteHO","interaction":{"idSuffix":"inner"}},"clearTextFirst":true,"interactionType":"ENTER_TEXT"}]}
COMMAND: POST /session/14ef05402572205b9e8ee1d133b15894/element - {"using":"xpath","value":"//bdi[contains(text(), \"OK\")]"}
RESULT: {"using":"xpath","value":"//bdi[contains(text(), \"OK\")]"}
COMMAND: POST /session/14ef05402572205b9e8ee1d133b15894/element/f.0EDEC609E967CA8F2B39E7D9D31DFB69.d.ABB5D04CBA517BE12B016CB025293856.e.4780/click - {}
RESULT: {}
COMMAND: GET /session/14ef05402572205b9e8ee1d133b15894/screenshot - {}
RESULT: {}
COMMAND: POST /session/14ef05402572205b9e8ee1d133b15894/element - {"using":"xpath","value":"//button[@data-kt=\"PickingTableConfirmAllButton\"]"}
RESULT: {"using":"xpath","value":"//button[@data-kt=\"PickingTableConfirmAllButton\"]"}
COMMAND: POST /session/14ef05402572205b9e8ee1d133b15894/element/f.0EDEC609E967CA8F2B39E7D9D31DFB69.d.ABB5D04CBA517BE12B016CB025293856.e.4787/click - {}
RESULT: {}
COMMAND: GET /session/14ef05402572205b9e8ee1d133b15894/screenshot - {}
RESULT: {}
COMMAND: POST /session/14ef05402572205b9e8ee1d133b15894/element - {"using":"xpath","value":"//bdi[contains(text(), \"OK\")]"}
RESULT: {"using":"xpath","value":"//bdi[contains(text(), \"OK\")]"}
COMMAND: POST /session/14ef05402572205b9e8ee1d133b15894/element/f.0EDEC609E967CA8F2B39E7D9D31DFB69.d.ABB5D04CBA517BE12B016CB025293856.e.4791/click - {}
RESULT: {}
COMMAND: GET /session/14ef05402572205b9e8ee1d133b15894/screenshot - {}
RESULT: {}
COMMAND: POST /session/14ef05402572205b9e8ee1d133b15894/element - {"using":"xpath","value":"//bdi[contains(text(), \"Issue\")]"}
RESULT: {"using":"xpath","value":"//bdi[contains(text(), \"Issue\")]"}
COMMAND: POST /session/14ef05402572205b9e8ee1d133b15894/element/f.0EDEC609E967CA8F2B39E7D9D31DFB69.d.ABB5D04CBA517BE12B016CB025293856.e.4792/click - {}
RESULT: {}
COMMAND: GET /session/14ef05402572205b9e8ee1d133b15894/screenshot - {}
RESULT: {}
COMMAND: POST /session/14ef05402572205b9e8ee1d133b15894/element - {"using":"css selector","value":"#shell-header-logo"}
RESULT: {"using":"css selector","value":"#shell-header-logo"}
COMMAND: POST /session/14ef05402572205b9e8ee1d133b15894/element/f.0EDEC609E967CA8F2B39E7D9D31DFB69.d.ABB5D04CBA517BE12B016CB025293856.e.3938/click - {}
RESULT: {}
COMMAND: GET /session/14ef05402572205b9e8ee1d133b15894/screenshot - {}
RESULT: {}
]]></system-out>
    </testcase>
    <testcase classname="chrome.136_0_7103_93.windows.Prerequisites_&amp;_test_for_yard_mass_return_on_Yard_Overview_US131057" name="Should do mass return on Yard Overview US131057" time="61.952">
      <system-out><![CDATA[
COMMAND: POST /session/14ef05402572205b9e8ee1d133b15894/execute/async - {"script":"<script> [1562 bytes]","args":[{"selector":{"controlType":"sap.m.GenericTile","properties":{"header":"Yard Overview"}},"wdio_ui5_key":"sapm.GenericTile{\"header\":\"Yard Overview\"}"}]}
RESULT: {"script":"<script> [1562 bytes]","args":[{"selector":{"controlType":"sap.m.GenericTile","properties":{"header":"Yard Overview"}},"wdio_ui5_key":"sapm.GenericTile{\"header\":\"Yard Overview\"}"}]}
RESULT: undefined
COMMAND: POST /session/14ef05402572205b9e8ee1d133b15894/element - {"using":"xpath","value":"//*[@id=\"__tile102\"]"}
RESULT: {"using":"xpath","value":"//*[@id=\"__tile102\"]"}
COMMAND: POST /session/14ef05402572205b9e8ee1d133b15894/element/f.0EDEC609E967CA8F2B39E7D9D31DFB69.d.ABB5D04CBA517BE12B016CB025293856.e.4989/click - {}
RESULT: {}
COMMAND: GET /session/14ef05402572205b9e8ee1d133b15894/screenshot - {}
RESULT: {}
COMMAND: POST /session/14ef05402572205b9e8ee1d133b15894/elements - {"using":"xpath","value":"//span[text()='Error']"}
RESULT: {"using":"xpath","value":"//span[text()='Error']"}
COMMAND: POST /session/14ef05402572205b9e8ee1d133b15894/element - {"using":"xpath","value":"//input[contains(@id,\"application-yardoverview-display-component---masterYardInventory--smartFilterBar-btnBasicSearch-I\")]"}
RESULT: {"using":"xpath","value":"//input[contains(@id,\"application-yardoverview-display-component---masterYardInventory--smartFilterBar-btnBasicSearch-I\")]"}
COMMAND: POST /session/14ef05402572205b9e8ee1d133b15894/elements - {"using":"xpath","value":"//input[contains(@id,\"application-yardoverview-display-component---masterYardInventory--smartFilterBar-btnBasicSearch-I\")]"}
RESULT: {"using":"xpath","value":"//input[contains(@id,\"application-yardoverview-display-component---masterYardInventory--smartFilterBar-btnBasicSearch-I\")]"}
COMMAND: POST /session/14ef05402572205b9e8ee1d133b15894/execute/sync - {"script":"<script> [8489 bytes]","args":[{"element-6066-11e4-a52e-4f735466cecf":"f.0EDEC609E967CA8F2B39E7D9D31DFB69.d.ABB5D04CBA517BE12B016CB025293856.e.5010","ELEMENT":"f.0EDEC609E967CA8F2B39E7D9D31DFB69.d.ABB5D04CBA517BE12B016CB025293856.e.5010"}]}
RESULT: {"script":"<script> [8489 bytes]","args":[{"element-6066-11e4-a52e-4f735466cecf":"f.0EDEC609E967CA8F2B39E7D9D31DFB69.d.ABB5D04CBA517BE12B016CB025293856.e.5010","ELEMENT":"f.0EDEC609E967CA8F2B39E7D9D31DFB69.d.ABB5D04CBA517BE12B016CB025293856.e.5010"}]}
COMMAND: GET /session/14ef05402572205b9e8ee1d133b15894/element/f.0EDEC609E967CA8F2B39E7D9D31DFB69.d.ABB5D04CBA517BE12B016CB025293856.e.5010/enabled - {}
COMMAND: GET /session/14ef05402572205b9e8ee1d133b15894/screenshot - {}
RESULT: {}
COMMAND: POST /session/14ef05402572205b9e8ee1d133b15894/execute/sync - {"script":"<script> [8489 bytes]","args":[{"element-6066-11e4-a52e-4f735466cecf":"f.0EDEC609E967CA8F2B39E7D9D31DFB69.d.ABB5D04CBA517BE12B016CB025293856.e.5010","ELEMENT":"f.0EDEC609E967CA8F2B39E7D9D31DFB69.d.ABB5D04CBA517BE12B016CB025293856.e.5010"}]}
COMMAND: GET /session/14ef05402572205b9e8ee1d133b15894/screenshot - {}
RESULT: {}
RESULT: {"script":"<script> [8489 bytes]","args":[{"element-6066-11e4-a52e-4f735466cecf":"f.0EDEC609E967CA8F2B39E7D9D31DFB69.d.ABB5D04CBA517BE12B016CB025293856.e.5010","ELEMENT":"f.0EDEC609E967CA8F2B39E7D9D31DFB69.d.ABB5D04CBA517BE12B016CB025293856.e.5010"}]}
COMMAND: POST /session/14ef05402572205b9e8ee1d133b15894/execute/sync - {"script":"<script> [5351 bytes]","args":[{"element-6066-11e4-a52e-4f735466cecf":"f.0EDEC609E967CA8F2B39E7D9D31DFB69.d.ABB5D04CBA517BE12B016CB025293856.e.5010","ELEMENT":"f.0EDEC609E967CA8F2B39E7D9D31DFB69.d.ABB5D04CBA517BE12B016CB025293856.e.5010"}]}
COMMAND: GET /session/14ef05402572205b9e8ee1d133b15894/screenshot - {}
RESULT: {}
RESULT: {"script":"<script> [5351 bytes]","args":[{"element-6066-11e4-a52e-4f735466cecf":"f.0EDEC609E967CA8F2B39E7D9D31DFB69.d.ABB5D04CBA517BE12B016CB025293856.e.5010","ELEMENT":"f.0EDEC609E967CA8F2B39E7D9D31DFB69.d.ABB5D04CBA517BE12B016CB025293856.e.5010"}]}
COMMAND: GET /session/14ef05402572205b9e8ee1d133b15894/screenshot - {}
RESULT: {}
RESULT: {}
COMMAND: POST /session/14ef05402572205b9e8ee1d133b15894/execute/async - {"script":"<script> [1562 bytes]","args":[{"selector":{"id":"application-yardoverview-display-component---masterYardInventory--smartFilterBar-btnBasicSearch","interaction":{"idSuffix":"I"}},"wdio_ui5_key":"applicationyardoverview-display-component---masterYardInventory--smartFilterBar-btnBasicSearch"}]}
RESULT: {"script":"<script> [1562 bytes]","args":[{"selector":{"id":"application-yardoverview-display-component---masterYardInventory--smartFilterBar-btnBasicSearch","interaction":{"idSuffix":"I"}},"wdio_ui5_key":"applicationyardoverview-display-component---masterYardInventory--smartFilterBar-btnBasicSearch"}]}
RESULT: undefined
COMMAND: POST /session/14ef05402572205b9e8ee1d133b15894/execute/async - {"script":"<script> [776 bytes]","args":[{"enterText":"473","selector":{"id":"application-yardoverview-display-component---masterYardInventory--smartFilterBar-btnBasicSearch","interaction":{"idSuffix":"I"}},"clearTextFirst":true,"interactionType":"ENTER_TEXT"}]}
RESULT: {"script":"<script> [776 bytes]","args":[{"enterText":"473","selector":{"id":"application-yardoverview-display-component---masterYardInventory--smartFilterBar-btnBasicSearch","interaction":{"idSuffix":"I"}},"clearTextFirst":true,"interactionType":"ENTER_TEXT"}]}
COMMAND: POST /session/14ef05402572205b9e8ee1d133b15894/actions - {"actions":[{"id":"action13","type":"key","parameters":{},"actions":[{"type":"keyDown","value":"î€‡"},{"type":"pause","duration":10},{"type":"keyUp","value":"î€‡"}]}]}
RESULT: {"actions":[{"id":"action13","type":"key","parameters":{},"actions":[{"type":"keyDown","value":"î€‡"},{"type":"pause","duration":10},{"type":"keyUp","value":"î€‡"}]}]}
COMMAND: GET /session/14ef05402572205b9e8ee1d133b15894/screenshot - {}
RESULT: {}
COMMAND: POST /session/14ef05402572205b9e8ee1d133b15894/element - {"using":"xpath","value":"(//span[contains(@id, \"imgNav\")])[1]"}
RESULT: {"using":"xpath","value":"(//span[contains(@id, \"imgNav\")])[1]"}
COMMAND: POST /session/14ef05402572205b9e8ee1d133b15894/element/f.0EDEC609E967CA8F2B39E7D9D31DFB69.d.ABB5D04CBA517BE12B016CB025293856.e.5060/click - {}
RESULT: {}
COMMAND: GET /session/14ef05402572205b9e8ee1d133b15894/screenshot - {}
RESULT: {}
COMMAND: POST /session/14ef05402572205b9e8ee1d133b15894/execute/async - {"script":"<script> [1562 bytes]","args":[{"selector":{"id":"application-yardoverview-display-component---detailYardInventory--ObjectPageLayout-anchBar-application-yardoverview-display-component---detailYardInventory--openReturnsSection-anchor","interaction":{"idSuffix":"BDI-content"}},"wdio_ui5_key":"applicationyardoverview-display-component---detailYardInventory--ObjectPageLayout-anchBar-application-yardoverview-display-component---detailYardInventory--openReturnsSection-anchor"}]}
RESULT: {"script":"<script> [1562 bytes]","args":[{"selector":{"id":"application-yardoverview-display-component---detailYardInventory--ObjectPageLayout-anchBar-application-yardoverview-display-component---detailYardInventory--openReturnsSection-anchor","interaction":{"idSuffix":"BDI-content"}},"wdio_ui5_key":"applicationyardoverview-display-component---detailYardInventory--ObjectPageLayout-anchBar-application-yardoverview-display-component---detailYardInventory--openReturnsSection-anchor"}]}
RESULT: undefined
COMMAND: POST /session/14ef05402572205b9e8ee1d133b15894/element - {"using":"xpath","value":"//*[@id=\"application-yardoverview-display-component---detailYardInventory--ObjectPageLayout-anchBar-application-yardoverview-display-component---detailYardInventory--openReturnsSection-anchor\"]"}
RESULT: {"using":"xpath","value":"//*[@id=\"application-yardoverview-display-component---detailYardInventory--ObjectPageLayout-anchBar-application-yardoverview-display-component---detailYardInventory--openReturnsSection-anchor\"]"}
COMMAND: POST /session/14ef05402572205b9e8ee1d133b15894/element/f.0EDEC609E967CA8F2B39E7D9D31DFB69.d.ABB5D04CBA517BE12B016CB025293856.e.5148/click - {}
RESULT: {}
COMMAND: GET /session/14ef05402572205b9e8ee1d133b15894/screenshot - {}
RESULT: {}
COMMAND: POST /session/14ef05402572205b9e8ee1d133b15894/execute/async - {"script":"<script> [1562 bytes]","args":[{"selector":{"id":"application-yardoverview-display-component---detailYardInventory--openReturns-triggerAction-returnBtn","interaction":{"idSuffix":"BDI-content"}},"wdio_ui5_key":"applicationyardoverview-display-component---detailYardInventory--openReturns-triggerAction-returnBtn"}]}
RESULT: {"script":"<script> [1562 bytes]","args":[{"selector":{"id":"application-yardoverview-display-component---detailYardInventory--openReturns-triggerAction-returnBtn","interaction":{"idSuffix":"BDI-content"}},"wdio_ui5_key":"applicationyardoverview-display-component---detailYardInventory--openReturns-triggerAction-returnBtn"}]}
RESULT: undefined
COMMAND: POST /session/14ef05402572205b9e8ee1d133b15894/element - {"using":"xpath","value":"//*[@id=\"application-yardoverview-display-component---detailYardInventory--openReturns-triggerAction-returnBtn\"]"}
RESULT: {"using":"xpath","value":"//*[@id=\"application-yardoverview-display-component---detailYardInventory--openReturns-triggerAction-returnBtn\"]"}
COMMAND: POST /session/14ef05402572205b9e8ee1d133b15894/element/f.0EDEC609E967CA8F2B39E7D9D31DFB69.d.ABB5D04CBA517BE12B016CB025293856.e.5171/click - {}
RESULT: {}
COMMAND: GET /session/14ef05402572205b9e8ee1d133b15894/screenshot - {}
RESULT: {}
COMMAND: POST /session/14ef05402572205b9e8ee1d133b15894/element - {"using":"xpath","value":"//div[@id=\"application-yardoverview-display-component---detailYardInventory--customReturnsTable-sa-CbBg\"]"}
RESULT: {"using":"xpath","value":"//div[@id=\"application-yardoverview-display-component---detailYardInventory--customReturnsTable-sa-CbBg\"]"}
COMMAND: POST /session/14ef05402572205b9e8ee1d133b15894/execute/sync - {"script":"<script> [8489 bytes]","args":[{"element-6066-11e4-a52e-4f735466cecf":"f.0EDEC609E967CA8F2B39E7D9D31DFB69.d.ABB5D04CBA517BE12B016CB025293856.e.5189","ELEMENT":"f.0EDEC609E967CA8F2B39E7D9D31DFB69.d.ABB5D04CBA517BE12B016CB025293856.e.5189"}]}
RESULT: {"script":"<script> [8489 bytes]","args":[{"element-6066-11e4-a52e-4f735466cecf":"f.0EDEC609E967CA8F2B39E7D9D31DFB69.d.ABB5D04CBA517BE12B016CB025293856.e.5189","ELEMENT":"f.0EDEC609E967CA8F2B39E7D9D31DFB69.d.ABB5D04CBA517BE12B016CB025293856.e.5189"}]}
COMMAND: POST /session/14ef05402572205b9e8ee1d133b15894/execute/sync - {"script":"<script> [5351 bytes]","args":[{"element-6066-11e4-a52e-4f735466cecf":"f.0EDEC609E967CA8F2B39E7D9D31DFB69.d.ABB5D04CBA517BE12B016CB025293856.e.5189","ELEMENT":"f.0EDEC609E967CA8F2B39E7D9D31DFB69.d.ABB5D04CBA517BE12B016CB025293856.e.5189"}]}
COMMAND: GET /session/14ef05402572205b9e8ee1d133b15894/screenshot - {}
RESULT: {"script":"<script> [5351 bytes]","args":[{"element-6066-11e4-a52e-4f735466cecf":"f.0EDEC609E967CA8F2B39E7D9D31DFB69.d.ABB5D04CBA517BE12B016CB025293856.e.5189","ELEMENT":"f.0EDEC609E967CA8F2B39E7D9D31DFB69.d.ABB5D04CBA517BE12B016CB025293856.e.5189"}]}
COMMAND: POST /session/14ef05402572205b9e8ee1d133b15894/element/f.0EDEC609E967CA8F2B39E7D9D31DFB69.d.ABB5D04CBA517BE12B016CB025293856.e.5189/click - {}
COMMAND: GET /session/14ef05402572205b9e8ee1d133b15894/screenshot - {}
RESULT: {}
RESULT: {}
COMMAND: GET /session/14ef05402572205b9e8ee1d133b15894/screenshot - {}
RESULT: {}
RESULT: {}
COMMAND: POST /session/14ef05402572205b9e8ee1d133b15894/actions - {"actions":[{"id":"action14","type":"key","parameters":{},"actions":[{"type":"keyDown","value":"î€‡"},{"type":"pause","duration":10},{"type":"keyUp","value":"î€‡"}]}]}
RESULT: {"actions":[{"id":"action14","type":"key","parameters":{},"actions":[{"type":"keyDown","value":"î€‡"},{"type":"pause","duration":10},{"type":"keyUp","value":"î€‡"}]}]}
COMMAND: POST /session/14ef05402572205b9e8ee1d133b15894/element - {"using":"xpath","value":"//bdi[text()=\"Return\"]"}
RESULT: {"using":"xpath","value":"//bdi[text()=\"Return\"]"}
COMMAND: POST /session/14ef05402572205b9e8ee1d133b15894/execute/sync - {"script":"<script> [8489 bytes]","args":[{"element-6066-11e4-a52e-4f735466cecf":"f.0EDEC609E967CA8F2B39E7D9D31DFB69.d.ABB5D04CBA517BE12B016CB025293856.e.5170","ELEMENT":"f.0EDEC609E967CA8F2B39E7D9D31DFB69.d.ABB5D04CBA517BE12B016CB025293856.e.5170"}]}
RESULT: {"script":"<script> [8489 bytes]","args":[{"element-6066-11e4-a52e-4f735466cecf":"f.0EDEC609E967CA8F2B39E7D9D31DFB69.d.ABB5D04CBA517BE12B016CB025293856.e.5170","ELEMENT":"f.0EDEC609E967CA8F2B39E7D9D31DFB69.d.ABB5D04CBA517BE12B016CB025293856.e.5170"}]}
COMMAND: POST /session/14ef05402572205b9e8ee1d133b15894/execute/sync - {"script":"<script> [5351 bytes]","args":[{"element-6066-11e4-a52e-4f735466cecf":"f.0EDEC609E967CA8F2B39E7D9D31DFB69.d.ABB5D04CBA517BE12B016CB025293856.e.5170","ELEMENT":"f.0EDEC609E967CA8F2B39E7D9D31DFB69.d.ABB5D04CBA517BE12B016CB025293856.e.5170"}]}
RESULT: {"script":"<script> [5351 bytes]","args":[{"element-6066-11e4-a52e-4f735466cecf":"f.0EDEC609E967CA8F2B39E7D9D31DFB69.d.ABB5D04CBA517BE12B016CB025293856.e.5170","ELEMENT":"f.0EDEC609E967CA8F2B39E7D9D31DFB69.d.ABB5D04CBA517BE12B016CB025293856.e.5170"}]}
COMMAND: POST /session/14ef05402572205b9e8ee1d133b15894/element/f.0EDEC609E967CA8F2B39E7D9D31DFB69.d.ABB5D04CBA517BE12B016CB025293856.e.5170/click - {}
COMMAND: GET /session/14ef05402572205b9e8ee1d133b15894/screenshot - {}
COMMAND: GET /session/14ef05402572205b9e8ee1d133b15894/screenshot - {}
COMMAND: GET /session/14ef05402572205b9e8ee1d133b15894/screenshot - {}
RESULT: {}
COMMAND: POST /session/14ef05402572205b9e8ee1d133b15894/execute/async - {"script":"<script> [1562 bytes]","args":[{"selector":{"controlType":"sap.m.Text","properties":{"text":"Mass Create Handovers process was executed with success!"},"searchOpenDialogs":true},"wdio_ui5_key":"sapm.Text{\"text\":\"Mass Create Handovers process was executed with success!\"}"}]}
COMMAND: GET /session/14ef05402572205b9e8ee1d133b15894/screenshot - {}
RESULT: {}
RESULT: {}
RESULT: {}
RESULT: {"script":"<script> [1562 bytes]","args":[{"selector":{"controlType":"sap.m.Text","properties":{"text":"Mass Create Handovers process was executed with success!"},"searchOpenDialogs":true},"wdio_ui5_key":"sapm.Text{\"text\":\"Mass Create Handovers process was executed with success!\"}"}]}
RESULT: undefined
COMMAND: POST /session/14ef05402572205b9e8ee1d133b15894/execute/async - {"script":"<script> [6424 bytes]","args":[{"element-6066-11e4-a52e-4f735466cecf":"f.0EDEC609E967CA8F2B39E7D9D31DFB69.d.ABB5D04CBA517BE12B016CB025293856.e.5192"},"getText",[]]}
RESULT: {}
RESULT: {"script":"<script> [6424 bytes]","args":[{"element-6066-11e4-a52e-4f735466cecf":"f.0EDEC609E967CA8F2B39E7D9D31DFB69.d.ABB5D04CBA517BE12B016CB025293856.e.5192"},"getText",[]]}
COMMAND: POST /session/14ef05402572205b9e8ee1d133b15894/execute/async - {"script":"<script> [1562 bytes]","args":[{"selector":{"controlType":"sap.m.Button","properties":{"text":"OK"},"searchOpenDialogs":true,"interaction":{"idSuffix":"BDI-content"}},"wdio_ui5_key":"sapm.Button{\"text\":\"OK\"}"}]}
RESULT: {"script":"<script> [1562 bytes]","args":[{"selector":{"controlType":"sap.m.Button","properties":{"text":"OK"},"searchOpenDialogs":true,"interaction":{"idSuffix":"BDI-content"}},"wdio_ui5_key":"sapm.Button{\"text\":\"OK\"}"}]}
RESULT: undefined
COMMAND: POST /session/14ef05402572205b9e8ee1d133b15894/element - {"using":"xpath","value":"//*[@id=\"__mbox-btn-8\"]"}
RESULT: {"using":"xpath","value":"//*[@id=\"__mbox-btn-8\"]"}
COMMAND: POST /session/14ef05402572205b9e8ee1d133b15894/element/f.0EDEC609E967CA8F2B39E7D9D31DFB69.d.ABB5D04CBA517BE12B016CB025293856.e.5191/click - {}
RESULT: {}
COMMAND: GET /session/14ef05402572205b9e8ee1d133b15894/screenshot - {}
RESULT: {}
COMMAND: POST /session/14ef05402572205b9e8ee1d133b15894/execute/async - {"script":"<script> [1562 bytes]","args":[{"selector":{"controlType":"sap.m.Text","viewName":"etm.portal.ui.yardoverview.view.Detail","viewId":"application-yardoverview-display-component---detailYardInventory","bindingPath":{"path":"","propertyPath":"STATUS_DESC"}},"wdio_ui5_key":"etmportal.ui.yardoverview.view.Detailsap.m.Text{\"path\":\"\",\"propertyPath\":\"STATUS_DESC\"}"}]}
RESULT: {"script":"<script> [1562 bytes]","args":[{"selector":{"controlType":"sap.m.Text","viewName":"etm.portal.ui.yardoverview.view.Detail","viewId":"application-yardoverview-display-component---detailYardInventory","bindingPath":{"path":"","propertyPath":"STATUS_DESC"}},"wdio_ui5_key":"etmportal.ui.yardoverview.view.Detailsap.m.Text{\"path\":\"\",\"propertyPath\":\"STATUS_DESC\"}"}]}
RESULT: undefined
COMMAND: POST /session/14ef05402572205b9e8ee1d133b15894/execute/async - {"script":"<script> [6424 bytes]","args":[{"element-6066-11e4-a52e-4f735466cecf":"f.0EDEC609E967CA8F2B39E7D9D31DFB69.d.ABB5D04CBA517BE12B016CB025293856.e.5194"},"getText",[]]}
RESULT: {"script":"<script> [6424 bytes]","args":[{"element-6066-11e4-a52e-4f735466cecf":"f.0EDEC609E967CA8F2B39E7D9D31DFB69.d.ABB5D04CBA517BE12B016CB025293856.e.5194"},"getText",[]]}
COMMAND: POST /session/14ef05402572205b9e8ee1d133b15894/element - {"using":"css selector","value":"#shell-header-logo"}
RESULT: {"using":"css selector","value":"#shell-header-logo"}
COMMAND: POST /session/14ef05402572205b9e8ee1d133b15894/element/f.0EDEC609E967CA8F2B39E7D9D31DFB69.d.ABB5D04CBA517BE12B016CB025293856.e.4992/click - {}
RESULT: {}
COMMAND: GET /session/14ef05402572205b9e8ee1d133b15894/screenshot - {}
RESULT: {}
COMMAND: POST /session/14ef05402572205b9e8ee1d133b15894/element - {"using":"css selector","value":"#j_username"}
COMMAND: POST /session/14ef05402572205b9e8ee1d133b15894/url - {"url":"https://qa-testing-00-live-etm-ui.cfapps.eu10-004.hana.ondemand.com/"}
RESULT: {"using":"css selector","value":"#j_username"}
COMMAND: POST /session/14ef05402572205b9e8ee1d133b15894/element - {"using":"css selector","value":"#j_username"}
RESULT: {"url":"https://qa-testing-00-live-etm-ui.cfapps.eu10-004.hana.ondemand.com/"}
RESULT: undefined
COMMAND: GET /session/14ef05402572205b9e8ee1d133b15894/screenshot - {}
RESULT: {"using":"css selector","value":"#j_username"}
COMMAND: POST /session/14ef05402572205b9e8ee1d133b15894/element - {"using":"css selector","value":"#shell-header-logo"}
RESULT: {}
RESULT: {"using":"css selector","value":"#shell-header-logo"}
COMMAND: POST /session/14ef05402572205b9e8ee1d133b15894/execute/sync - {"script":"<script> [8489 bytes]","args":[{"element-6066-11e4-a52e-4f735466cecf":"f.0EDEC609E967CA8F2B39E7D9D31DFB69.d.15919BF28E29D7ED2469D697F699D24D.e.5294","ELEMENT":"f.0EDEC609E967CA8F2B39E7D9D31DFB69.d.15919BF28E29D7ED2469D697F699D24D.e.5294"}]}
RESULT: {"script":"<script> [8489 bytes]","args":[{"element-6066-11e4-a52e-4f735466cecf":"f.0EDEC609E967CA8F2B39E7D9D31DFB69.d.15919BF28E29D7ED2469D697F699D24D.e.5294","ELEMENT":"f.0EDEC609E967CA8F2B39E7D9D31DFB69.d.15919BF28E29D7ED2469D697F699D24D.e.5294"}]}
COMMAND: POST /session/14ef05402572205b9e8ee1d133b15894/element - {"using":"css selector","value":"#shell-header-logo"}
COMMAND: GET /session/14ef05402572205b9e8ee1d133b15894/screenshot - {}
RESULT: {"using":"css selector","value":"#shell-header-logo"}
COMMAND: POST /session/14ef05402572205b9e8ee1d133b15894/execute/sync - {"script":"<script> [8489 bytes]","args":[{"element-6066-11e4-a52e-4f735466cecf":"f.0EDEC609E967CA8F2B39E7D9D31DFB69.d.15919BF28E29D7ED2469D697F699D24D.e.5294","ELEMENT":"f.0EDEC609E967CA8F2B39E7D9D31DFB69.d.15919BF28E29D7ED2469D697F699D24D.e.5294"}]}
RESULT: {}
RESULT: {"script":"<script> [8489 bytes]","args":[{"element-6066-11e4-a52e-4f735466cecf":"f.0EDEC609E967CA8F2B39E7D9D31DFB69.d.15919BF28E29D7ED2469D697F699D24D.e.5294","ELEMENT":"f.0EDEC609E967CA8F2B39E7D9D31DFB69.d.15919BF28E29D7ED2469D697F699D24D.e.5294"}]}
COMMAND: POST /session/14ef05402572205b9e8ee1d133b15894/execute/sync - {"script":"<script> [5351 bytes]","args":[{"element-6066-11e4-a52e-4f735466cecf":"f.0EDEC609E967CA8F2B39E7D9D31DFB69.d.15919BF28E29D7ED2469D697F699D24D.e.5294","ELEMENT":"f.0EDEC609E967CA8F2B39E7D9D31DFB69.d.15919BF28E29D7ED2469D697F699D24D.e.5294"}]}
COMMAND: GET /session/14ef05402572205b9e8ee1d133b15894/screenshot - {}
RESULT: {"script":"<script> [5351 bytes]","args":[{"element-6066-11e4-a52e-4f735466cecf":"f.0EDEC609E967CA8F2B39E7D9D31DFB69.d.15919BF28E29D7ED2469D697F699D24D.e.5294","ELEMENT":"f.0EDEC609E967CA8F2B39E7D9D31DFB69.d.15919BF28E29D7ED2469D697F699D24D.e.5294"}]}
COMMAND: POST /session/14ef05402572205b9e8ee1d133b15894/element - {"using":"css selector","value":"#shell-header-logo"}
COMMAND: GET /session/14ef05402572205b9e8ee1d133b15894/screenshot - {}
RESULT: {}
RESULT: {"using":"css selector","value":"#shell-header-logo"}
COMMAND: POST /session/14ef05402572205b9e8ee1d133b15894/element/f.0EDEC609E967CA8F2B39E7D9D31DFB69.d.15919BF28E29D7ED2469D697F699D24D.e.5294/click - {}
RESULT: {}
RESULT: {}
COMMAND: GET /session/14ef05402572205b9e8ee1d133b15894/screenshot - {}
RESULT: {}
COMMAND: POST /session/14ef05402572205b9e8ee1d133b15894/execute/async - {"script":"<script> [189 bytes]","args":[]}
RESULT: {"script":"<script> [189 bytes]","args":[]}
COMMAND: POST /session/14ef05402572205b9e8ee1d133b15894/execute/async - {"script":"<script> [123 bytes]","args":[]}
RESULT: {"script":"<script> [123 bytes]","args":[]}
COMMAND: POST /session/14ef05402572205b9e8ee1d133b15894/timeouts - {"script":"<number>"}
RESULT: {"script":"<number>"}
COMMAND: GET /session/14ef05402572205b9e8ee1d133b15894/timeouts - {}
RESULT: {}
RESULT: undefined
COMMAND: POST /session/14ef05402572205b9e8ee1d133b15894/execute/async - {"script":"<script> [2676 bytes]","args":[]}
RESULT: {"script":"<script> [2676 bytes]","args":[]}
COMMAND: POST /session/14ef05402572205b9e8ee1d133b15894/execute/async - {"script":"<script> [2342 bytes]","args":[{"protocol":"http","hostname":"0.0.0.0","path":"/","capabilities":{"browserName":"chrome","goog:chromeOptions":{"binary":"C:\\Program Files\\Google\\Chrome\\Application\\chrome.exe","args":["--start-maximized"]}},"logLevel":"warn","connectionRetryTimeout":120000,"connectionRetryCount":3,"logLevels":{},"enableDirectConnect":true,"strictSSL":true,"_":"65 more keys: [\"cacheDir\",\"port\",\"requestedCapabilities\",\"automationProtocol\",\"baseUrl\",\"waitforInterval\",\"waitforTimeout\",\"onReload\",\"beforeCommand\",\"afterCommand\",\"rootDir\",\"specs\",\"suites\",\"exclude\",\"groupLogsByTestSpec\",\"excludeDriverLogs\",\"bail\",\"framework\",\"reporters\",\"services\",\"maxInstances\",\"maxInstancesPerCapability\",\"injectGlobals\",\"filesToWatch\",\"execArgv\",\"runnerEnv\",\"runner\",\"shard\",\"specFileRetries\",\"specFileRetriesDelay\",\"specFileRetriesDeferred\",\"reporterSyncInterval\",\"reporterSyncTimeout\",\"cucumberFeaturesWithLineNumbers\",\"autoCompileOpts\",\"mochaOpts\",\"jasmineOpts\",\"cucumberOpts\",\"onPrepare\",\"onWorkerStart\",\"onWorkerEnd\",\"before\",\"beforeSession\",\"beforeSuite\",\"beforeHook\",\"beforeTest\",\"afterTest\",\"afterHook\",\"afterSuite\",\"afterSession\",\"after\",\"onComplete\",\"beforeAssertion\",\"afterAssertion\",\"beforeFeature\",\"beforeScenario\",\"beforeStep\",\"afterStep\",\"afterScenario\",\"afterFeature\",\"_\",\"suite\",\"$0\",\"ignoredWorkerServices\",\"wdi5\"]"}]}
RESULT: {"script":"<script> [2342 bytes]","args":[{"protocol":"http","hostname":"0.0.0.0","path":"/","capabilities":{"browserName":"chrome","goog:chromeOptions":{"binary":"C:\\Program Files\\Google\\Chrome\\Application\\chrome.exe","args":["--start-maximized"]}},"logLevel":"warn","connectionRetryTimeout":120000,"connectionRetryCount":3,"logLevels":{},"enableDirectConnect":true,"strictSSL":true,"_":"65 more keys: [\"cacheDir\",\"port\",\"requestedCapabilities\",\"automationProtocol\",\"baseUrl\",\"waitforInterval\",\"waitforTimeout\",\"onReload\",\"beforeCommand\",\"afterCommand\",\"rootDir\",\"specs\",\"suites\",\"exclude\",\"groupLogsByTestSpec\",\"excludeDriverLogs\",\"bail\",\"framework\",\"reporters\",\"services\",\"maxInstances\",\"maxInstancesPerCapability\",\"injectGlobals\",\"filesToWatch\",\"execArgv\",\"runnerEnv\",\"runner\",\"shard\",\"specFileRetries\",\"specFileRetriesDelay\",\"specFileRetriesDeferred\",\"reporterSyncInterval\",\"reporterSyncTimeout\",\"cucumberFeaturesWithLineNumbers\",\"autoCompileOpts\",\"mochaOpts\",\"jasmineOpts\",\"cucumberOpts\",\"onPrepare\",\"onWorkerStart\",\"onWorkerEnd\",\"before\",\"beforeSession\",\"beforeSuite\",\"beforeHook\",\"beforeTest\",\"afterTest\",\"afterHook\",\"afterSuite\",\"afterSession\",\"after\",\"onComplete\",\"beforeAssertion\",\"afterAssertion\",\"beforeFeature\",\"beforeScenario\",\"beforeStep\",\"afterStep\",\"afterScenario\",\"afterFeature\",\"_\",\"suite\",\"$0\",\"ignoredWorkerServices\",\"wdi5\"]"}]}
COMMAND: POST /session/14ef05402572205b9e8ee1d133b15894/execute/async - {"script":"<script> [21126 bytes]","args":[35000]}
RESULT: {"script":"<script> [21126 bytes]","args":[35000]}
COMMAND: POST /session/14ef05402572205b9e8ee1d133b15894/window/maximize - {}
RESULT: {}
COMMAND: POST /session/14ef05402572205b9e8ee1d133b15894/execute/async - {"script":"<script> [1562 bytes]","args":[{"selector":{"id":"shell-header","interaction":{"idSuffix":"icon"}},"wdio_ui5_key":"shellheader"}]}
COMMAND: GET /session/14ef05402572205b9e8ee1d133b15894/screenshot - {}
RESULT: {"script":"<script> [1562 bytes]","args":[{"selector":{"id":"shell-header","interaction":{"idSuffix":"icon"}},"wdio_ui5_key":"shellheader"}]}
RESULT: undefined
COMMAND: POST /session/14ef05402572205b9e8ee1d133b15894/refresh - {}
RESULT: {}
RESULT: {}
COMMAND: GET /session/14ef05402572205b9e8ee1d133b15894/screenshot - {}
RESULT: {}
COMMAND: POST /session/14ef05402572205b9e8ee1d133b15894/refresh - {}
RESULT: {}
COMMAND: GET /session/14ef05402572205b9e8ee1d133b15894/screenshot - {}
RESULT: {}
COMMAND: POST /session/14ef05402572205b9e8ee1d133b15894/window/fullscreen - {}
RESULT: {}
COMMAND: POST /session/14ef05402572205b9e8ee1d133b15894/execute/async - {"script":"<script> [189 bytes]","args":[]}
RESULT: {"script":"<script> [189 bytes]","args":[]}
COMMAND: POST /session/14ef05402572205b9e8ee1d133b15894/execute/async - {"script":"<script> [123 bytes]","args":[]}
RESULT: {"script":"<script> [123 bytes]","args":[]}
COMMAND: POST /session/14ef05402572205b9e8ee1d133b15894/timeouts - {"script":"<number>"}
RESULT: {"script":"<number>"}
COMMAND: GET /session/14ef05402572205b9e8ee1d133b15894/timeouts - {}
RESULT: {}
RESULT: undefined
COMMAND: POST /session/14ef05402572205b9e8ee1d133b15894/execute/async - {"script":"<script> [2676 bytes]","args":[]}
RESULT: {"script":"<script> [2676 bytes]","args":[]}
COMMAND: POST /session/14ef05402572205b9e8ee1d133b15894/execute/async - {"script":"<script> [2342 bytes]","args":[{"protocol":"http","hostname":"0.0.0.0","path":"/","capabilities":{"browserName":"chrome","goog:chromeOptions":{"binary":"C:\\Program Files\\Google\\Chrome\\Application\\chrome.exe","args":["--start-maximized"]}},"logLevel":"warn","connectionRetryTimeout":120000,"connectionRetryCount":3,"logLevels":{},"enableDirectConnect":true,"strictSSL":true,"_":"65 more keys: [\"cacheDir\",\"port\",\"requestedCapabilities\",\"automationProtocol\",\"baseUrl\",\"waitforInterval\",\"waitforTimeout\",\"onReload\",\"beforeCommand\",\"afterCommand\",\"rootDir\",\"specs\",\"suites\",\"exclude\",\"groupLogsByTestSpec\",\"excludeDriverLogs\",\"bail\",\"framework\",\"reporters\",\"services\",\"maxInstances\",\"maxInstancesPerCapability\",\"injectGlobals\",\"filesToWatch\",\"execArgv\",\"runnerEnv\",\"runner\",\"shard\",\"specFileRetries\",\"specFileRetriesDelay\",\"specFileRetriesDeferred\",\"reporterSyncInterval\",\"reporterSyncTimeout\",\"cucumberFeaturesWithLineNumbers\",\"autoCompileOpts\",\"mochaOpts\",\"jasmineOpts\",\"cucumberOpts\",\"onPrepare\",\"onWorkerStart\",\"onWorkerEnd\",\"before\",\"beforeSession\",\"beforeSuite\",\"beforeHook\",\"beforeTest\",\"afterTest\",\"afterHook\",\"afterSuite\",\"afterSession\",\"after\",\"onComplete\",\"beforeAssertion\",\"afterAssertion\",\"beforeFeature\",\"beforeScenario\",\"beforeStep\",\"afterStep\",\"afterScenario\",\"afterFeature\",\"_\",\"suite\",\"$0\",\"ignoredWorkerServices\",\"wdi5\"]"}]}
RESULT: {"script":"<script> [2342 bytes]","args":[{"protocol":"http","hostname":"0.0.0.0","path":"/","capabilities":{"browserName":"chrome","goog:chromeOptions":{"binary":"C:\\Program Files\\Google\\Chrome\\Application\\chrome.exe","args":["--start-maximized"]}},"logLevel":"warn","connectionRetryTimeout":120000,"connectionRetryCount":3,"logLevels":{},"enableDirectConnect":true,"strictSSL":true,"_":"65 more keys: [\"cacheDir\",\"port\",\"requestedCapabilities\",\"automationProtocol\",\"baseUrl\",\"waitforInterval\",\"waitforTimeout\",\"onReload\",\"beforeCommand\",\"afterCommand\",\"rootDir\",\"specs\",\"suites\",\"exclude\",\"groupLogsByTestSpec\",\"excludeDriverLogs\",\"bail\",\"framework\",\"reporters\",\"services\",\"maxInstances\",\"maxInstancesPerCapability\",\"injectGlobals\",\"filesToWatch\",\"execArgv\",\"runnerEnv\",\"runner\",\"shard\",\"specFileRetries\",\"specFileRetriesDelay\",\"specFileRetriesDeferred\",\"reporterSyncInterval\",\"reporterSyncTimeout\",\"cucumberFeaturesWithLineNumbers\",\"autoCompileOpts\",\"mochaOpts\",\"jasmineOpts\",\"cucumberOpts\",\"onPrepare\",\"onWorkerStart\",\"onWorkerEnd\",\"before\",\"beforeSession\",\"beforeSuite\",\"beforeHook\",\"beforeTest\",\"afterTest\",\"afterHook\",\"afterSuite\",\"afterSession\",\"after\",\"onComplete\",\"beforeAssertion\",\"afterAssertion\",\"beforeFeature\",\"beforeScenario\",\"beforeStep\",\"afterStep\",\"afterScenario\",\"afterFeature\",\"_\",\"suite\",\"$0\",\"ignoredWorkerServices\",\"wdi5\"]"}]}
COMMAND: POST /session/14ef05402572205b9e8ee1d133b15894/execute/async - {"script":"<script> [21126 bytes]","args":[35000]}
RESULT: {"script":"<script> [21126 bytes]","args":[35000]}
COMMAND: POST /session/14ef05402572205b9e8ee1d133b15894/window/fullscreen - {}
RESULT: {}
]]></system-out>
    </testcase>
  </testsuite>
  <testsuite timestamp="2025-05-16T16:49:22" time="406.566" tests="6" failures="0" errors="0" skipped="0">
    <properties>
      <property name="specId" value="0" />
      <property name="suiteName" value="Yard Overview Autoplanning US130989" />
      <property name="capabilities" value="chrome.136_0_7103_93.windows" />
      <property name="file" value="file:///D:/a/1/s/test/specs/HTR/yard-overview-autoplanning.spec.js" />
    </properties>
    <testcase classname="chrome.136_0_7103_93.windows.Yard_Overview_Autoplanning_US130989" name="Prereq Should create a new yard used for all following tests" time="0.013">
      <system-out><![CDATA[
COMMAND: POST /session/14ef05402572205b9e8ee1d133b15894/window/fullscreen - {}
RESULT: {}
]]></system-out>
    </testcase>
    <testcase classname="chrome.136_0_7103_93.windows.Yard_Overview_Autoplanning_US130989" name="Prereq Should create a new partner" time="0.004" />
    <testcase classname="chrome.136_0_7103_93.windows.Yard_Overview_Autoplanning_US130989" name="Prereq Should create a new site" time="0.003" />
    <testcase classname="chrome.136_0_7103_93.windows.Yard_Overview_Autoplanning_US130989" name="Prereq Should create a new material with catalog selection" time="122.035">
      <system-out><![CDATA[
COMMAND: POST /session/14ef05402572205b9e8ee1d133b15894/execute/async - {"script":"<script> [1562 bytes]","args":[{"selector":{"controlType":"sap.m.GenericTile","properties":{"header":"Manage Resources"}},"wdio_ui5_key":"sapm.GenericTile{\"header\":\"Manage Resources\"}"}]}
RESULT: {"script":"<script> [1562 bytes]","args":[{"selector":{"controlType":"sap.m.GenericTile","properties":{"header":"Manage Resources"}},"wdio_ui5_key":"sapm.GenericTile{\"header\":\"Manage Resources\"}"}]}
RESULT: undefined
COMMAND: POST /session/14ef05402572205b9e8ee1d133b15894/element - {"using":"xpath","value":"//*[@id=\"__tile39\"]"}
RESULT: {"using":"xpath","value":"//*[@id=\"__tile39\"]"}
COMMAND: POST /session/14ef05402572205b9e8ee1d133b15894/element/f.0EDEC609E967CA8F2B39E7D9D31DFB69.d.0323E41E2B6265B015DB346692D780B7.e.5408/click - {}
RESULT: {}
COMMAND: GET /session/14ef05402572205b9e8ee1d133b15894/screenshot - {}
RESULT: {}
COMMAND: POST /session/14ef05402572205b9e8ee1d133b15894/elements - {"using":"xpath","value":"//span[text()='Error']"}
RESULT: {"using":"xpath","value":"//span[text()='Error']"}
COMMAND: POST /session/14ef05402572205b9e8ee1d133b15894/element - {"using":"xpath","value":"//button[@data-kt=\"addNewRUOverflowToolbarButton\"]"}
RESULT: {"using":"xpath","value":"//button[@data-kt=\"addNewRUOverflowToolbarButton\"]"}
COMMAND: POST /session/14ef05402572205b9e8ee1d133b15894/elements - {"using":"xpath","value":"//button[@data-kt=\"addNewRUOverflowToolbarButton\"]"}
RESULT: {"using":"xpath","value":"//button[@data-kt=\"addNewRUOverflowToolbarButton\"]"}
COMMAND: POST /session/14ef05402572205b9e8ee1d133b15894/elements - {"using":"xpath","value":"//button[@data-kt=\"addNewRUOverflowToolbarButton\"]"}
RESULT: {"using":"xpath","value":"//button[@data-kt=\"addNewRUOverflowToolbarButton\"]"}
COMMAND: POST /session/14ef05402572205b9e8ee1d133b15894/elements - {"using":"xpath","value":"//button[@data-kt=\"addNewRUOverflowToolbarButton\"]"}
RESULT: {"using":"xpath","value":"//button[@data-kt=\"addNewRUOverflowToolbarButton\"]"}
COMMAND: POST /session/14ef05402572205b9e8ee1d133b15894/elements - {"using":"xpath","value":"//button[@data-kt=\"addNewRUOverflowToolbarButton\"]"}
RESULT: {"using":"xpath","value":"//button[@data-kt=\"addNewRUOverflowToolbarButton\"]"}
COMMAND: POST /session/14ef05402572205b9e8ee1d133b15894/elements - {"using":"xpath","value":"//button[@data-kt=\"addNewRUOverflowToolbarButton\"]"}
RESULT: {"using":"xpath","value":"//button[@data-kt=\"addNewRUOverflowToolbarButton\"]"}
COMMAND: POST /session/14ef05402572205b9e8ee1d133b15894/elements - {"using":"xpath","value":"//button[@data-kt=\"addNewRUOverflowToolbarButton\"]"}
RESULT: {"using":"xpath","value":"//button[@data-kt=\"addNewRUOverflowToolbarButton\"]"}
COMMAND: POST /session/14ef05402572205b9e8ee1d133b15894/elements - {"using":"xpath","value":"//button[@data-kt=\"addNewRUOverflowToolbarButton\"]"}
RESULT: {"using":"xpath","value":"//button[@data-kt=\"addNewRUOverflowToolbarButton\"]"}
COMMAND: POST /session/14ef05402572205b9e8ee1d133b15894/elements - {"using":"xpath","value":"//button[@data-kt=\"addNewRUOverflowToolbarButton\"]"}
RESULT: {"using":"xpath","value":"//button[@data-kt=\"addNewRUOverflowToolbarButton\"]"}
COMMAND: POST /session/14ef05402572205b9e8ee1d133b15894/elements - {"using":"xpath","value":"//button[@data-kt=\"addNewRUOverflowToolbarButton\"]"}
RESULT: {"using":"xpath","value":"//button[@data-kt=\"addNewRUOverflowToolbarButton\"]"}
COMMAND: POST /session/14ef05402572205b9e8ee1d133b15894/element - {"using":"xpath","value":"//button[@data-kt=\"addNewRUOverflowToolbarButton\"]"}
RESULT: {"using":"xpath","value":"//button[@data-kt=\"addNewRUOverflowToolbarButton\"]"}
COMMAND: POST /session/14ef05402572205b9e8ee1d133b15894/execute/sync - {"script":"<script> [8489 bytes]","args":[{"element-6066-11e4-a52e-4f735466cecf":"f.0EDEC609E967CA8F2B39E7D9D31DFB69.d.0323E41E2B6265B015DB346692D780B7.e.5551","ELEMENT":"f.0EDEC609E967CA8F2B39E7D9D31DFB69.d.0323E41E2B6265B015DB346692D780B7.e.5551"}]}
RESULT: {"script":"<script> [8489 bytes]","args":[{"element-6066-11e4-a52e-4f735466cecf":"f.0EDEC609E967CA8F2B39E7D9D31DFB69.d.0323E41E2B6265B015DB346692D780B7.e.5551","ELEMENT":"f.0EDEC609E967CA8F2B39E7D9D31DFB69.d.0323E41E2B6265B015DB346692D780B7.e.5551"}]}
COMMAND: GET /session/14ef05402572205b9e8ee1d133b15894/element/f.0EDEC609E967CA8F2B39E7D9D31DFB69.d.0323E41E2B6265B015DB346692D780B7.e.5551/enabled - {}
COMMAND: GET /session/14ef05402572205b9e8ee1d133b15894/screenshot - {}
RESULT: {}
COMMAND: POST /session/14ef05402572205b9e8ee1d133b15894/execute/sync - {"script":"<script> [8489 bytes]","args":[{"element-6066-11e4-a52e-4f735466cecf":"f.0EDEC609E967CA8F2B39E7D9D31DFB69.d.0323E41E2B6265B015DB346692D780B7.e.5551","ELEMENT":"f.0EDEC609E967CA8F2B39E7D9D31DFB69.d.0323E41E2B6265B015DB346692D780B7.e.5551"}]}
COMMAND: GET /session/14ef05402572205b9e8ee1d133b15894/screenshot - {}
RESULT: {}
RESULT: {"script":"<script> [8489 bytes]","args":[{"element-6066-11e4-a52e-4f735466cecf":"f.0EDEC609E967CA8F2B39E7D9D31DFB69.d.0323E41E2B6265B015DB346692D780B7.e.5551","ELEMENT":"f.0EDEC609E967CA8F2B39E7D9D31DFB69.d.0323E41E2B6265B015DB346692D780B7.e.5551"}]}
COMMAND: POST /session/14ef05402572205b9e8ee1d133b15894/execute/sync - {"script":"<script> [5351 bytes]","args":[{"element-6066-11e4-a52e-4f735466cecf":"f.0EDEC609E967CA8F2B39E7D9D31DFB69.d.0323E41E2B6265B015DB346692D780B7.e.5551","ELEMENT":"f.0EDEC609E967CA8F2B39E7D9D31DFB69.d.0323E41E2B6265B015DB346692D780B7.e.5551"}]}
COMMAND: GET /session/14ef05402572205b9e8ee1d133b15894/screenshot - {}
RESULT: {}
RESULT: {"script":"<script> [5351 bytes]","args":[{"element-6066-11e4-a52e-4f735466cecf":"f.0EDEC609E967CA8F2B39E7D9D31DFB69.d.0323E41E2B6265B015DB346692D780B7.e.5551","ELEMENT":"f.0EDEC609E967CA8F2B39E7D9D31DFB69.d.0323E41E2B6265B015DB346692D780B7.e.5551"}]}
COMMAND: POST /session/14ef05402572205b9e8ee1d133b15894/element/f.0EDEC609E967CA8F2B39E7D9D31DFB69.d.0323E41E2B6265B015DB346692D780B7.e.5551/click - {}
COMMAND: GET /session/14ef05402572205b9e8ee1d133b15894/screenshot - {}
RESULT: {}
RESULT: {}
COMMAND: GET /session/14ef05402572205b9e8ee1d133b15894/screenshot - {}
COMMAND: POST /session/14ef05402572205b9e8ee1d133b15894/execute/async - {"script":"<script> [1562 bytes]","args":[{"selector":{"id":"application-manageresources-display-component---newResourceUnit--TYPE-arrow"},"wdio_ui5_key":"applicationmanageresources-display-component---newResourceUnit--TYPE-arrow"}]}
RESULT: {}
RESULT: {}
RESULT: {"script":"<script> [1562 bytes]","args":[{"selector":{"id":"application-manageresources-display-component---newResourceUnit--TYPE-arrow"},"wdio_ui5_key":"applicationmanageresources-display-component---newResourceUnit--TYPE-arrow"}]}
RESULT: undefined
COMMAND: POST /session/14ef05402572205b9e8ee1d133b15894/element - {"using":"xpath","value":"//*[@id=\"application-manageresources-display-component---newResourceUnit--TYPE-arrow\"]"}
RESULT: {"using":"xpath","value":"//*[@id=\"application-manageresources-display-component---newResourceUnit--TYPE-arrow\"]"}
COMMAND: POST /session/14ef05402572205b9e8ee1d133b15894/element/f.0EDEC609E967CA8F2B39E7D9D31DFB69.d.0323E41E2B6265B015DB346692D780B7.e.5898/click - {}
RESULT: {}
COMMAND: POST /session/14ef05402572205b9e8ee1d133b15894/element - {"using":"xpath","value":"//input[@id=\"application-manageresources-display-component---newResourceUnit--TYPE-inner\"]"}
COMMAND: GET /session/14ef05402572205b9e8ee1d133b15894/screenshot - {}
RESULT: {"using":"xpath","value":"//input[@id=\"application-manageresources-display-component---newResourceUnit--TYPE-inner\"]"}
COMMAND: POST /session/14ef05402572205b9e8ee1d133b15894/element/f.0EDEC609E967CA8F2B39E7D9D31DFB69.d.0323E41E2B6265B015DB346692D780B7.e.5892/clear - {}
RESULT: {}
RESULT: {}
COMMAND: POST /session/14ef05402572205b9e8ee1d133b15894/element/f.0EDEC609E967CA8F2B39E7D9D31DFB69.d.0323E41E2B6265B015DB346692D780B7.e.5892/value - {"text":"Material"}
COMMAND: GET /session/14ef05402572205b9e8ee1d133b15894/screenshot - {}
RESULT: {"text":"Material"}
COMMAND: GET /session/14ef05402572205b9e8ee1d133b15894/screenshot - {}
RESULT: {}
RESULT: {}
COMMAND: POST /session/14ef05402572205b9e8ee1d133b15894/actions - {"actions":[{"id":"action15","type":"key","parameters":{},"actions":[{"type":"keyDown","value":"î€‡"},{"type":"pause","duration":10},{"type":"keyUp","value":"î€‡"}]}]}
RESULT: {"actions":[{"id":"action15","type":"key","parameters":{},"actions":[{"type":"keyDown","value":"î€‡"},{"type":"pause","duration":10},{"type":"keyUp","value":"î€‡"}]}]}
COMMAND: POST /session/14ef05402572205b9e8ee1d133b15894/execute/async - {"script":"<script> [1562 bytes]","args":[{"selector":{"id":"application-manageresources-display-component---newResourceUnit--SHORT_TEXT","interaction":{"idSuffix":"inner"}},"wdio_ui5_key":"applicationmanageresources-display-component---newResourceUnit--SHORT_TEXT"}]}
COMMAND: GET /session/14ef05402572205b9e8ee1d133b15894/screenshot - {}
RESULT: {"script":"<script> [1562 bytes]","args":[{"selector":{"id":"application-manageresources-display-component---newResourceUnit--SHORT_TEXT","interaction":{"idSuffix":"inner"}},"wdio_ui5_key":"applicationmanageresources-display-component---newResourceUnit--SHORT_TEXT"}]}
RESULT: undefined
COMMAND: POST /session/14ef05402572205b9e8ee1d133b15894/execute/async - {"script":"<script> [776 bytes]","args":[{"enterText":"Cement WDIO","selector":{"id":"application-manageresources-display-component---newResourceUnit--SHORT_TEXT","interaction":{"idSuffix":"inner"}},"clearTextFirst":true,"interactionType":"ENTER_TEXT"}]}
RESULT: {}
RESULT: {"script":"<script> [776 bytes]","args":[{"enterText":"Cement WDIO","selector":{"id":"application-manageresources-display-component---newResourceUnit--SHORT_TEXT","interaction":{"idSuffix":"inner"}},"clearTextFirst":true,"interactionType":"ENTER_TEXT"}]}
COMMAND: POST /session/14ef05402572205b9e8ee1d133b15894/execute/async - {"script":"<script> [1562 bytes]","args":[{"selector":{"id":"application-manageresources-display-component---newResourceUnit--BASE_UNIT_OF_MEASURE","interaction":{"idSuffix":"inner"}},"wdio_ui5_key":"applicationmanageresources-display-component---newResourceUnit--BASE_UNIT_OF_MEASURE"}]}
RESULT: {"script":"<script> [1562 bytes]","args":[{"selector":{"id":"application-manageresources-display-component---newResourceUnit--BASE_UNIT_OF_MEASURE","interaction":{"idSuffix":"inner"}},"wdio_ui5_key":"applicationmanageresources-display-component---newResourceUnit--BASE_UNIT_OF_MEASURE"}]}
RESULT: undefined
COMMAND: POST /session/14ef05402572205b9e8ee1d133b15894/execute/async - {"script":"<script> [776 bytes]","args":[{"enterText":"Piece","selector":{"id":"application-manageresources-display-component---newResourceUnit--BASE_UNIT_OF_MEASURE","interaction":{"idSuffix":"inner"}},"clearTextFirst":true,"interactionType":"ENTER_TEXT"}]}
RESULT: {"script":"<script> [776 bytes]","args":[{"enterText":"Piece","selector":{"id":"application-manageresources-display-component---newResourceUnit--BASE_UNIT_OF_MEASURE","interaction":{"idSuffix":"inner"}},"clearTextFirst":true,"interactionType":"ENTER_TEXT"}]}
COMMAND: POST /session/14ef05402572205b9e8ee1d133b15894/execute/async - {"script":"<script> [1562 bytes]","args":[{"selector":{"id":"application-manageresources-display-component---newResourceUnit--WEIGHT_UNIT","interaction":{"idSuffix":"inner"}},"wdio_ui5_key":"applicationmanageresources-display-component---newResourceUnit--WEIGHT_UNIT"}]}
RESULT: {"script":"<script> [1562 bytes]","args":[{"selector":{"id":"application-manageresources-display-component---newResourceUnit--WEIGHT_UNIT","interaction":{"idSuffix":"inner"}},"wdio_ui5_key":"applicationmanageresources-display-component---newResourceUnit--WEIGHT_UNIT"}]}
RESULT: undefined
COMMAND: POST /session/14ef05402572205b9e8ee1d133b15894/execute/async - {"script":"<script> [776 bytes]","args":[{"enterText":"Gram","selector":{"id":"application-manageresources-display-component---newResourceUnit--WEIGHT_UNIT","interaction":{"idSuffix":"inner"}},"clearTextFirst":true,"interactionType":"ENTER_TEXT"}]}
RESULT: {"script":"<script> [776 bytes]","args":[{"enterText":"Gram","selector":{"id":"application-manageresources-display-component---newResourceUnit--WEIGHT_UNIT","interaction":{"idSuffix":"inner"}},"clearTextFirst":true,"interactionType":"ENTER_TEXT"}]}
COMMAND: POST /session/14ef05402572205b9e8ee1d133b15894/execute/async - {"script":"<script> [1562 bytes]","args":[{"selector":{"id":"application-manageresources-display-component---newResourceUnit--DIMENSION_UNIT","interaction":{"idSuffix":"inner"}},"wdio_ui5_key":"applicationmanageresources-display-component---newResourceUnit--DIMENSION_UNIT"}]}
RESULT: {"script":"<script> [1562 bytes]","args":[{"selector":{"id":"application-manageresources-display-component---newResourceUnit--DIMENSION_UNIT","interaction":{"idSuffix":"inner"}},"wdio_ui5_key":"applicationmanageresources-display-component---newResourceUnit--DIMENSION_UNIT"}]}
RESULT: undefined
COMMAND: POST /session/14ef05402572205b9e8ee1d133b15894/execute/async - {"script":"<script> [776 bytes]","args":[{"enterText":"Meter","selector":{"id":"application-manageresources-display-component---newResourceUnit--DIMENSION_UNIT","interaction":{"idSuffix":"inner"}},"clearTextFirst":true,"interactionType":"ENTER_TEXT"}]}
RESULT: {"script":"<script> [776 bytes]","args":[{"enterText":"Meter","selector":{"id":"application-manageresources-display-component---newResourceUnit--DIMENSION_UNIT","interaction":{"idSuffix":"inner"}},"clearTextFirst":true,"interactionType":"ENTER_TEXT"}]}
COMMAND: POST /session/14ef05402572205b9e8ee1d133b15894/execute/async - {"script":"<script> [1562 bytes]","args":[{"selector":{"id":"application-manageresources-display-component---newResourceUnit--newRRUPage-anchBar-application-manageresources-display-component---newResourceUnit--control-anchor","interaction":{"idSuffix":"BDI-content"}},"wdio_ui5_key":"applicationmanageresources-display-component---newResourceUnit--newRRUPage-anchBar-application-manageresources-display-component---newResourceUnit--control-anchor"}]}
RESULT: {"script":"<script> [1562 bytes]","args":[{"selector":{"id":"application-manageresources-display-component---newResourceUnit--newRRUPage-anchBar-application-manageresources-display-component---newResourceUnit--control-anchor","interaction":{"idSuffix":"BDI-content"}},"wdio_ui5_key":"applicationmanageresources-display-component---newResourceUnit--newRRUPage-anchBar-application-manageresources-display-component---newResourceUnit--control-anchor"}]}
RESULT: undefined
COMMAND: POST /session/14ef05402572205b9e8ee1d133b15894/element - {"using":"xpath","value":"//*[@id=\"application-manageresources-display-component---newResourceUnit--newRRUPage-anchBar-application-manageresources-display-component---newResourceUnit--control-anchor\"]"}
RESULT: {"using":"xpath","value":"//*[@id=\"application-manageresources-display-component---newResourceUnit--newRRUPage-anchBar-application-manageresources-display-component---newResourceUnit--control-anchor\"]"}
COMMAND: POST /session/14ef05402572205b9e8ee1d133b15894/element/f.0EDEC609E967CA8F2B39E7D9D31DFB69.d.0323E41E2B6265B015DB346692D780B7.e.5964/click - {}
RESULT: {}
COMMAND: POST /session/14ef05402572205b9e8ee1d133b15894/execute/async - {"script":"<script> [1562 bytes]","args":[{"selector":{"id":"application-manageresources-display-component---newResourceUnit--PLANNING_GROUP","interaction":{"idSuffix":"inner"}},"wdio_ui5_key":"applicationmanageresources-display-component---newResourceUnit--PLANNING_GROUP"}]}
COMMAND: GET /session/14ef05402572205b9e8ee1d133b15894/screenshot - {}
RESULT: {"script":"<script> [1562 bytes]","args":[{"selector":{"id":"application-manageresources-display-component---newResourceUnit--PLANNING_GROUP","interaction":{"idSuffix":"inner"}},"wdio_ui5_key":"applicationmanageresources-display-component---newResourceUnit--PLANNING_GROUP"}]}
RESULT: undefined
COMMAND: POST /session/14ef05402572205b9e8ee1d133b15894/execute/async - {"script":"<script> [776 bytes]","args":[{"enterText":"Material","selector":{"id":"application-manageresources-display-component---newResourceUnit--PLANNING_GROUP","interaction":{"idSuffix":"inner"}},"clearTextFirst":true,"interactionType":"ENTER_TEXT"}]}
RESULT: {}
RESULT: {"script":"<script> [776 bytes]","args":[{"enterText":"Material","selector":{"id":"application-manageresources-display-component---newResourceUnit--PLANNING_GROUP","interaction":{"idSuffix":"inner"}},"clearTextFirst":true,"interactionType":"ENTER_TEXT"}]}
COMMAND: POST /session/14ef05402572205b9e8ee1d133b15894/execute/async - {"script":"<script> [1562 bytes]","args":[{"selector":{"id":"application-manageresources-display-component---newResourceUnit--PLANNING_INDICATOR","interaction":{"idSuffix":"inner"}},"wdio_ui5_key":"applicationmanageresources-display-component---newResourceUnit--PLANNING_INDICATOR"}]}
RESULT: {"script":"<script> [1562 bytes]","args":[{"selector":{"id":"application-manageresources-display-component---newResourceUnit--PLANNING_INDICATOR","interaction":{"idSuffix":"inner"}},"wdio_ui5_key":"applicationmanageresources-display-component---newResourceUnit--PLANNING_INDICATOR"}]}
RESULT: undefined
COMMAND: POST /session/14ef05402572205b9e8ee1d133b15894/execute/async - {"script":"<script> [776 bytes]","args":[{"enterText":"10 - infinite","selector":{"id":"application-manageresources-display-component---newResourceUnit--PLANNING_INDICATOR","interaction":{"idSuffix":"inner"}},"clearTextFirst":true,"interactionType":"ENTER_TEXT"}]}
RESULT: {"script":"<script> [776 bytes]","args":[{"enterText":"10 - infinite","selector":{"id":"application-manageresources-display-component---newResourceUnit--PLANNING_INDICATOR","interaction":{"idSuffix":"inner"}},"clearTextFirst":true,"interactionType":"ENTER_TEXT"}]}
COMMAND: POST /session/14ef05402572205b9e8ee1d133b15894/element - {"using":"css selector","value":"#application-manageresources-display-component---newResourceUnit--btnAddTimeSegment"}
RESULT: {"using":"css selector","value":"#application-manageresources-display-component---newResourceUnit--btnAddTimeSegment"}
COMMAND: GET /session/14ef05402572205b9e8ee1d133b15894/element/f.0EDEC609E967CA8F2B39E7D9D31DFB69.d.0323E41E2B6265B015DB346692D780B7.e.5972/rect - {}
RESULT: {}
COMMAND: GET /session/14ef05402572205b9e8ee1d133b15894/window/rect - {}
RESULT: {}
COMMAND: POST /session/14ef05402572205b9e8ee1d133b15894/execute/sync - {"script":"<script> [92 bytes]","args":[]}
RESULT: {"script":"<script> [92 bytes]","args":[]}
COMMAND: POST /session/14ef05402572205b9e8ee1d133b15894/actions - {"actions":[{"id":"action16","type":"wheel","parameters":{},"actions":[{"type":"scroll","x":-1888,"y":-32,"deltaX":0,"deltaY":0,"duration":0,"origin":{"element-6066-11e4-a52e-4f735466cecf":"f.0EDEC609E967CA8F2B39E7D9D31DFB69.d.0323E41E2B6265B015DB346692D780B7.e.5972"}}]}]}
COMMAND: GET /session/14ef05402572205b9e8ee1d133b15894/screenshot - {}
RESULT: {}
COMMAND: POST /session/14ef05402572205b9e8ee1d133b15894/execute/sync - {"script":"<script> [79 bytes]","args":[{"element-6066-11e4-a52e-4f735466cecf":"f.0EDEC609E967CA8F2B39E7D9D31DFB69.d.0323E41E2B6265B015DB346692D780B7.e.5972","ELEMENT":"f.0EDEC609E967CA8F2B39E7D9D31DFB69.d.0323E41E2B6265B015DB346692D780B7.e.5972"},{"block":"start","inline":"nearest"}]}
RESULT: {"script":"<script> [79 bytes]","args":[{"element-6066-11e4-a52e-4f735466cecf":"f.0EDEC609E967CA8F2B39E7D9D31DFB69.d.0323E41E2B6265B015DB346692D780B7.e.5972","ELEMENT":"f.0EDEC609E967CA8F2B39E7D9D31DFB69.d.0323E41E2B6265B015DB346692D780B7.e.5972"},{"block":"start","inline":"nearest"}]}
COMMAND: POST /session/14ef05402572205b9e8ee1d133b15894/execute/async - {"script":"<script> [1562 bytes]","args":[{"selector":{"id":"application-manageresources-display-component---newResourceUnit--btnAddTimeSegment","interaction":{"idSuffix":"inner"}},"wdio_ui5_key":"applicationmanageresources-display-component---newResourceUnit--btnAddTimeSegment"}]}
COMMAND: GET /session/14ef05402572205b9e8ee1d133b15894/screenshot - {}
RESULT: {"script":"<script> [1562 bytes]","args":[{"selector":{"id":"application-manageresources-display-component---newResourceUnit--btnAddTimeSegment","interaction":{"idSuffix":"inner"}},"wdio_ui5_key":"applicationmanageresources-display-component---newResourceUnit--btnAddTimeSegment"}]}
RESULT: undefined
COMMAND: POST /session/14ef05402572205b9e8ee1d133b15894/element - {"using":"xpath","value":"//*[@id=\"application-manageresources-display-component---newResourceUnit--btnAddTimeSegment\"]"}
RESULT: {}
RESULT: {"using":"xpath","value":"//*[@id=\"application-manageresources-display-component---newResourceUnit--btnAddTimeSegment\"]"}
COMMAND: POST /session/14ef05402572205b9e8ee1d133b15894/element/f.0EDEC609E967CA8F2B39E7D9D31DFB69.d.0323E41E2B6265B015DB346692D780B7.e.5972/click - {}
RESULT: {}
COMMAND: GET /session/14ef05402572205b9e8ee1d133b15894/screenshot - {}
RESULT: {}
COMMAND: POST /session/14ef05402572205b9e8ee1d133b15894/element - {"using":"xpath","value":"//input[@id=\"application-manageresources-display-component---newResourceUnit--idRuTSAdmin-application-manageresources-display-component---newResourceUnit--RUTimeSegment-0-inner\"]"}
RESULT: {"using":"xpath","value":"//input[@id=\"application-manageresources-display-component---newResourceUnit--idRuTSAdmin-application-manageresources-display-component---newResourceUnit--RUTimeSegment-0-inner\"]"}
COMMAND: POST /session/14ef05402572205b9e8ee1d133b15894/element/f.0EDEC609E967CA8F2B39E7D9D31DFB69.d.0323E41E2B6265B015DB346692D780B7.e.5977/clear - {}
RESULT: {}
COMMAND: POST /session/14ef05402572205b9e8ee1d133b15894/element/f.0EDEC609E967CA8F2B39E7D9D31DFB69.d.0323E41E2B6265B015DB346692D780B7.e.5977/value - {"text":"473"}
COMMAND: GET /session/14ef05402572205b9e8ee1d133b15894/screenshot - {}
RESULT: {"text":"473"}
COMMAND: GET /session/14ef05402572205b9e8ee1d133b15894/screenshot - {}
RESULT: {}
RESULT: {}
COMMAND: POST /session/14ef05402572205b9e8ee1d133b15894/element - {"using":"xpath","value":"//li[.//span[text()='473']]"}
RESULT: {"using":"xpath","value":"//li[.//span[text()='473']]"}
COMMAND: POST /session/14ef05402572205b9e8ee1d133b15894/element/f.0EDEC609E967CA8F2B39E7D9D31DFB69.d.0323E41E2B6265B015DB346692D780B7.e.5989/click - {}
RESULT: {}
COMMAND: GET /session/14ef05402572205b9e8ee1d133b15894/screenshot - {}
RESULT: {}
COMMAND: POST /session/14ef05402572205b9e8ee1d133b15894/element - {"using":"xpath","value":"//*[contains(text(), \"Catalogs\")][contains(@id ,\"application-manageresources-display-component---newResourceUnit--newRRUPage-anchBar\")]"}
RESULT: {"using":"xpath","value":"//*[contains(text(), \"Catalogs\")][contains(@id ,\"application-manageresources-display-component---newResourceUnit--newRRUPage-anchBar\")]"}
COMMAND: POST /session/14ef05402572205b9e8ee1d133b15894/element/f.0EDEC609E967CA8F2B39E7D9D31DFB69.d.0323E41E2B6265B015DB346692D780B7.e.5990/click - {}
RESULT: {}
COMMAND: GET /session/14ef05402572205b9e8ee1d133b15894/screenshot - {}
RESULT: {}
COMMAND: POST /session/14ef05402572205b9e8ee1d133b15894/element - {"using":"xpath","value":"//*[contains(text(), \"Assign\")][contains(@id ,\"button\")]"}
RESULT: {"using":"xpath","value":"//*[contains(text(), \"Assign\")][contains(@id ,\"button\")]"}
COMMAND: POST /session/14ef05402572205b9e8ee1d133b15894/element/f.0EDEC609E967CA8F2B39E7D9D31DFB69.d.0323E41E2B6265B015DB346692D780B7.e.5993/click - {}
RESULT: {}
COMMAND: GET /session/14ef05402572205b9e8ee1d133b15894/screenshot - {}
RESULT: {}
COMMAND: POST /session/14ef05402572205b9e8ee1d133b15894/element - {"using":"xpath","value":"//span[@id = \"application-manageresources-display-component---newResourceUnit--catalogSelect-arrow\"]"}
RESULT: {"using":"xpath","value":"//span[@id = \"application-manageresources-display-component---newResourceUnit--catalogSelect-arrow\"]"}
COMMAND: POST /session/14ef05402572205b9e8ee1d133b15894/element/f.0EDEC609E967CA8F2B39E7D9D31DFB69.d.0323E41E2B6265B015DB346692D780B7.e.6001/click - {}
RESULT: {}
COMMAND: GET /session/14ef05402572205b9e8ee1d133b15894/screenshot - {}
RESULT: {}
COMMAND: POST /session/14ef05402572205b9e8ee1d133b15894/element - {"using":"xpath","value":"//li[.//span[text()=\"Webshop Catalog\"]]"}
RESULT: {"using":"xpath","value":"//li[.//span[text()=\"Webshop Catalog\"]]"}
COMMAND: POST /session/14ef05402572205b9e8ee1d133b15894/element/f.0EDEC609E967CA8F2B39E7D9D31DFB69.d.0323E41E2B6265B015DB346692D780B7.e.6002/click - {}
RESULT: {}
COMMAND: GET /session/14ef05402572205b9e8ee1d133b15894/screenshot - {}
RESULT: {}
COMMAND: POST /session/14ef05402572205b9e8ee1d133b15894/element - {"using":"xpath","value":"//span[@id = \"application-manageresources-display-component---newResourceUnit--catalogItemSelect-arrow\"]"}
RESULT: {"using":"xpath","value":"//span[@id = \"application-manageresources-display-component---newResourceUnit--catalogItemSelect-arrow\"]"}
COMMAND: POST /session/14ef05402572205b9e8ee1d133b15894/element/f.0EDEC609E967CA8F2B39E7D9D31DFB69.d.0323E41E2B6265B015DB346692D780B7.e.6003/click - {}
RESULT: {}
COMMAND: GET /session/14ef05402572205b9e8ee1d133b15894/screenshot - {}
RESULT: {}
COMMAND: POST /session/14ef05402572205b9e8ee1d133b15894/element - {"using":"xpath","value":"//li[.//span[text()=\"Concert - Concert \"]]"}
RESULT: {"using":"xpath","value":"//li[.//span[text()=\"Concert - Concert \"]]"}
COMMAND: POST /session/14ef05402572205b9e8ee1d133b15894/element/f.0EDEC609E967CA8F2B39E7D9D31DFB69.d.0323E41E2B6265B015DB346692D780B7.e.6004/click - {}
RESULT: {}
COMMAND: GET /session/14ef05402572205b9e8ee1d133b15894/screenshot - {}
RESULT: {}
COMMAND: POST /session/14ef05402572205b9e8ee1d133b15894/execute/async - {"script":"<script> [1562 bytes]","args":[{"selector":{"id":"application-manageresources-display-component---newResourceUnit--RUAssignmentSaveButton","searchOpenDialogs":true,"interaction":{"idSuffix":"BDI-content"}},"wdio_ui5_key":"applicationmanageresources-display-component---newResourceUnit--RUAssignmentSaveButton"}]}
RESULT: {"script":"<script> [1562 bytes]","args":[{"selector":{"id":"application-manageresources-display-component---newResourceUnit--RUAssignmentSaveButton","searchOpenDialogs":true,"interaction":{"idSuffix":"BDI-content"}},"wdio_ui5_key":"applicationmanageresources-display-component---newResourceUnit--RUAssignmentSaveButton"}]}
RESULT: undefined
COMMAND: POST /session/14ef05402572205b9e8ee1d133b15894/element - {"using":"xpath","value":"//*[@id=\"application-manageresources-display-component---newResourceUnit--RUAssignmentSaveButton\"]"}
RESULT: {"using":"xpath","value":"//*[@id=\"application-manageresources-display-component---newResourceUnit--RUAssignmentSaveButton\"]"}
COMMAND: POST /session/14ef05402572205b9e8ee1d133b15894/element/f.0EDEC609E967CA8F2B39E7D9D31DFB69.d.0323E41E2B6265B015DB346692D780B7.e.6020/click - {}
RESULT: {}
COMMAND: GET /session/14ef05402572205b9e8ee1d133b15894/screenshot - {}
RESULT: {}
COMMAND: POST /session/14ef05402572205b9e8ee1d133b15894/element - {"using":"xpath","value":"//button[@data-kt=\"resourceUnitSaveButton\"]"}
RESULT: {"using":"xpath","value":"//button[@data-kt=\"resourceUnitSaveButton\"]"}
COMMAND: POST /session/14ef05402572205b9e8ee1d133b15894/element/f.0EDEC609E967CA8F2B39E7D9D31DFB69.d.0323E41E2B6265B015DB346692D780B7.e.5916/click - {}
RESULT: {}
COMMAND: GET /session/14ef05402572205b9e8ee1d133b15894/screenshot - {}
RESULT: {}
COMMAND: POST /session/14ef05402572205b9e8ee1d133b15894/element - {"using":"xpath","value":"//bdi[contains(text(), \"Close\")]"}
RESULT: {"using":"xpath","value":"//bdi[contains(text(), \"Close\")]"}
COMMAND: POST /session/14ef05402572205b9e8ee1d133b15894/element/f.0EDEC609E967CA8F2B39E7D9D31DFB69.d.0323E41E2B6265B015DB346692D780B7.e.6024/click - {}
RESULT: {}
COMMAND: GET /session/14ef05402572205b9e8ee1d133b15894/screenshot - {}
RESULT: {}
COMMAND: POST /session/14ef05402572205b9e8ee1d133b15894/element - {"using":"xpath","value":"//header[contains(@id, 'detailRruPage-headerTitle')]/div[1]/div[2]/div[2]/span[1]"}
RESULT: {"using":"xpath","value":"//header[contains(@id, 'detailRruPage-headerTitle')]/div[1]/div[2]/div[2]/span[1]"}
COMMAND: POST /session/14ef05402572205b9e8ee1d133b15894/elements - {"using":"xpath","value":"//header[contains(@id, 'detailRruPage-headerTitle')]/div[1]/div[2]/div[2]/span[1]"}
RESULT: {"using":"xpath","value":"//header[contains(@id, 'detailRruPage-headerTitle')]/div[1]/div[2]/div[2]/span[1]"}
COMMAND: POST /session/14ef05402572205b9e8ee1d133b15894/execute/sync - {"script":"<script> [56 bytes]","args":[{"element-6066-11e4-a52e-4f735466cecf":"f.0EDEC609E967CA8F2B39E7D9D31DFB69.d.0323E41E2B6265B015DB346692D780B7.e.6056","ELEMENT":"f.0EDEC609E967CA8F2B39E7D9D31DFB69.d.0323E41E2B6265B015DB346692D780B7.e.6056"}]}
RESULT: {"script":"<script> [56 bytes]","args":[{"element-6066-11e4-a52e-4f735466cecf":"f.0EDEC609E967CA8F2B39E7D9D31DFB69.d.0323E41E2B6265B015DB346692D780B7.e.6056","ELEMENT":"f.0EDEC609E967CA8F2B39E7D9D31DFB69.d.0323E41E2B6265B015DB346692D780B7.e.6056"}]}
COMMAND: POST /session/14ef05402572205b9e8ee1d133b15894/element - {"using":"css selector","value":"#shell-header-logo"}
COMMAND: GET /session/14ef05402572205b9e8ee1d133b15894/screenshot - {}
RESULT: {"using":"css selector","value":"#shell-header-logo"}
COMMAND: POST /session/14ef05402572205b9e8ee1d133b15894/element/f.0EDEC609E967CA8F2B39E7D9D31DFB69.d.0323E41E2B6265B015DB346692D780B7.e.5392/click - {}
RESULT: {}
RESULT: {}
COMMAND: GET /session/14ef05402572205b9e8ee1d133b15894/screenshot - {}
RESULT: {}
]]></system-out>
    </testcase>
    <testcase classname="chrome.136_0_7103_93.windows.Yard_Overview_Autoplanning_US130989" name="Should create a new request and add the material" time="94.138">
      <system-out><![CDATA[
COMMAND: POST /session/14ef05402572205b9e8ee1d133b15894/execute/async - {"script":"<script> [1562 bytes]","args":[{"selector":{"controlType":"sap.m.GenericTile","properties":{"header":"Manage Requests"}},"wdio_ui5_key":"sapm.GenericTile{\"header\":\"Manage Requests\"}"}]}
RESULT: {"script":"<script> [1562 bytes]","args":[{"selector":{"controlType":"sap.m.GenericTile","properties":{"header":"Manage Requests"}},"wdio_ui5_key":"sapm.GenericTile{\"header\":\"Manage Requests\"}"}]}
RESULT: undefined
COMMAND: POST /session/14ef05402572205b9e8ee1d133b15894/element - {"using":"xpath","value":"//*[@id=\"__tile47\"]"}
RESULT: {"using":"xpath","value":"//*[@id=\"__tile47\"]"}
COMMAND: POST /session/14ef05402572205b9e8ee1d133b15894/element/f.0EDEC609E967CA8F2B39E7D9D31DFB69.d.0323E41E2B6265B015DB346692D780B7.e.5495/click - {}
RESULT: {}
COMMAND: GET /session/14ef05402572205b9e8ee1d133b15894/screenshot - {}
RESULT: {}
COMMAND: POST /session/14ef05402572205b9e8ee1d133b15894/elements - {"using":"xpath","value":"//span[text()='Error']"}
RESULT: {"using":"xpath","value":"//span[text()='Error']"}
COMMAND: POST /session/14ef05402572205b9e8ee1d133b15894/execute/async - {"script":"<script> [1562 bytes]","args":[{"selector":{"id":"btnCreateNew","viewName":"etm.portal.ui.managerequests.view.Master","interaction":{"idSuffix":"inner"}},"wdio_ui5_key":"btnCreateNewetmportal.ui.managerequests.view.Master"}]}
RESULT: {"script":"<script> [1562 bytes]","args":[{"selector":{"id":"btnCreateNew","viewName":"etm.portal.ui.managerequests.view.Master","interaction":{"idSuffix":"inner"}},"wdio_ui5_key":"btnCreateNewetmportal.ui.managerequests.view.Master"}]}
RESULT: undefined
COMMAND: POST /session/14ef05402572205b9e8ee1d133b15894/element - {"using":"xpath","value":"//*[@id=\"__xmlview58--btnCreateNew\"]"}
RESULT: {"using":"xpath","value":"//*[@id=\"__xmlview58--btnCreateNew\"]"}
COMMAND: POST /session/14ef05402572205b9e8ee1d133b15894/element/f.0EDEC609E967CA8F2B39E7D9D31DFB69.d.0323E41E2B6265B015DB346692D780B7.e.6112/click - {}
RESULT: {}
COMMAND: GET /session/14ef05402572205b9e8ee1d133b15894/screenshot - {}
RESULT: {}
COMMAND: POST /session/14ef05402572205b9e8ee1d133b15894/execute/async - {"script":"<script> [1562 bytes]","args":[{"selector":{"controlType":"sap.ui.core.Icon","viewName":"etm.portal.ui.managerequests.view.NewRequest","properties":{"src":{"regex":{"source":"full\\-screen"}}}},"wdio_ui5_key":"etmportal.ui.managerequests.view.NewRequestsap.ui.core.Icon{\"src\":{\"regex\":{\"source\":\"full\\\\-screen\"}}}"}]}
RESULT: {"script":"<script> [1562 bytes]","args":[{"selector":{"controlType":"sap.ui.core.Icon","viewName":"etm.portal.ui.managerequests.view.NewRequest","properties":{"src":{"regex":{"source":"full\\-screen"}}}},"wdio_ui5_key":"etmportal.ui.managerequests.view.NewRequestsap.ui.core.Icon{\"src\":{\"regex\":{\"source\":\"full\\\\-screen\"}}}"}]}
RESULT: undefined
COMMAND: POST /session/14ef05402572205b9e8ee1d133b15894/element - {"using":"xpath","value":"//*[@id=\"__button71-img\"]"}
RESULT: {"using":"xpath","value":"//*[@id=\"__button71-img\"]"}
COMMAND: POST /session/14ef05402572205b9e8ee1d133b15894/element/f.0EDEC609E967CA8F2B39E7D9D31DFB69.d.0323E41E2B6265B015DB346692D780B7.e.6221/click - {}
RESULT: {}
COMMAND: GET /session/14ef05402572205b9e8ee1d133b15894/screenshot - {}
RESULT: {}
COMMAND: POST /session/14ef05402572205b9e8ee1d133b15894/element - {"using":"xpath","value":"//input[contains(@id ,\"yardId-inner\")]"}
RESULT: {"using":"xpath","value":"//input[contains(@id ,\"yardId-inner\")]"}
COMMAND: POST /session/14ef05402572205b9e8ee1d133b15894/element/f.0EDEC609E967CA8F2B39E7D9D31DFB69.d.0323E41E2B6265B015DB346692D780B7.e.6245/value - {"text":"473"}
RESULT: {"text":"473"}
COMMAND: GET /session/14ef05402572205b9e8ee1d133b15894/screenshot - {}
RESULT: {}
COMMAND: POST /session/14ef05402572205b9e8ee1d133b15894/element - {"using":"xpath","value":"//li[.//span[text()='473']]"}
RESULT: {"using":"xpath","value":"//li[.//span[text()='473']]"}
COMMAND: POST /session/14ef05402572205b9e8ee1d133b15894/element/f.0EDEC609E967CA8F2B39E7D9D31DFB69.d.0323E41E2B6265B015DB346692D780B7.e.6578/click - {}
RESULT: {}
COMMAND: GET /session/14ef05402572205b9e8ee1d133b15894/screenshot - {}
RESULT: {}
COMMAND: POST /session/14ef05402572205b9e8ee1d133b15894/element - {"using":"xpath","value":"//input[contains(@id ,\"customerNumber-inner\")]"}
RESULT: {"using":"xpath","value":"//input[contains(@id ,\"customerNumber-inner\")]"}
COMMAND: POST /session/14ef05402572205b9e8ee1d133b15894/element/f.0EDEC609E967CA8F2B39E7D9D31DFB69.d.0323E41E2B6265B015DB346692D780B7.e.6241/clear - {}
RESULT: {}
COMMAND: POST /session/14ef05402572205b9e8ee1d133b15894/element/f.0EDEC609E967CA8F2B39E7D9D31DFB69.d.0323E41E2B6265B015DB346692D780B7.e.6241/value - {"text":"1261"}
COMMAND: GET /session/14ef05402572205b9e8ee1d133b15894/screenshot - {}
RESULT: {"text":"1261"}
COMMAND: GET /session/14ef05402572205b9e8ee1d133b15894/screenshot - {}
RESULT: {}
RESULT: {}
COMMAND: POST /session/14ef05402572205b9e8ee1d133b15894/element - {"using":"xpath","value":"//li[.//span[text()='1261']]"}
RESULT: {"using":"xpath","value":"//li[.//span[text()='1261']]"}
COMMAND: POST /session/14ef05402572205b9e8ee1d133b15894/element/f.0EDEC609E967CA8F2B39E7D9D31DFB69.d.0323E41E2B6265B015DB346692D780B7.e.6580/click - {}
RESULT: {}
COMMAND: GET /session/14ef05402572205b9e8ee1d133b15894/screenshot - {}
RESULT: {}
COMMAND: POST /session/14ef05402572205b9e8ee1d133b15894/element - {"using":"xpath","value":"//button[contains(@id ,\"btnAddTableRow\")]"}
RESULT: {"using":"xpath","value":"//button[contains(@id ,\"btnAddTableRow\")]"}
COMMAND: POST /session/14ef05402572205b9e8ee1d133b15894/element/f.0EDEC609E967CA8F2B39E7D9D31DFB69.d.0323E41E2B6265B015DB346692D780B7.e.6459/click - {}
RESULT: {}
COMMAND: GET /session/14ef05402572205b9e8ee1d133b15894/screenshot - {}
RESULT: {}
COMMAND: POST /session/14ef05402572205b9e8ee1d133b15894/actions - {"actions":[{"id":"action17","type":"key","parameters":{},"actions":[{"type":"keyDown","value":"î€•"},{"type":"pause","duration":10},{"type":"keyUp","value":"î€•"}]}]}
RESULT: {"actions":[{"id":"action17","type":"key","parameters":{},"actions":[{"type":"keyDown","value":"î€•"},{"type":"pause","duration":10},{"type":"keyUp","value":"î€•"}]}]}
COMMAND: POST /session/14ef05402572205b9e8ee1d133b15894/actions - {"actions":[{"id":"action18","type":"key","parameters":{},"actions":[{"type":"keyDown","value":"î€‡"},{"type":"pause","duration":10},{"type":"keyUp","value":"î€‡"}]}]}
COMMAND: GET /session/14ef05402572205b9e8ee1d133b15894/screenshot - {}
RESULT: {"actions":[{"id":"action18","type":"key","parameters":{},"actions":[{"type":"keyDown","value":"î€‡"},{"type":"pause","duration":10},{"type":"keyUp","value":"î€‡"}]}]}
COMMAND: GET /session/14ef05402572205b9e8ee1d133b15894/screenshot - {}
RESULT: {}
RESULT: {}
COMMAND: POST /session/14ef05402572205b9e8ee1d133b15894/element - {"using":"xpath","value":"//table[contains(@id, \"requestItemsTable-listUl\")]//tbody/tr[1]/td[3]/div/div/input"}
RESULT: {"using":"xpath","value":"//table[contains(@id, \"requestItemsTable-listUl\")]//tbody/tr[1]/td[3]/div/div/input"}
COMMAND: POST /session/14ef05402572205b9e8ee1d133b15894/element/f.0EDEC609E967CA8F2B39E7D9D31DFB69.d.0323E41E2B6265B015DB346692D780B7.e.6584/clear - {}
RESULT: {}
COMMAND: POST /session/14ef05402572205b9e8ee1d133b15894/element/f.0EDEC609E967CA8F2B39E7D9D31DFB69.d.0323E41E2B6265B015DB346692D780B7.e.6584/value - {"text":"Concert"}
COMMAND: GET /session/14ef05402572205b9e8ee1d133b15894/screenshot - {}
RESULT: {"text":"Concert"}
COMMAND: GET /session/14ef05402572205b9e8ee1d133b15894/screenshot - {}
RESULT: {}
RESULT: {}
COMMAND: POST /session/14ef05402572205b9e8ee1d133b15894/element - {"using":"xpath","value":"//li[.//span[contains(text(), \"Concert\")]]"}
RESULT: {"using":"xpath","value":"//li[.//span[contains(text(), \"Concert\")]]"}
COMMAND: POST /session/14ef05402572205b9e8ee1d133b15894/element/f.0EDEC609E967CA8F2B39E7D9D31DFB69.d.0323E41E2B6265B015DB346692D780B7.e.6595/click - {}
RESULT: {}
COMMAND: GET /session/14ef05402572205b9e8ee1d133b15894/screenshot - {}
RESULT: {}
COMMAND: POST /session/14ef05402572205b9e8ee1d133b15894/execute/async - {"script":"<script> [1562 bytes]","args":[{"selector":{"controlType":"sap.ui.core.Icon","viewName":"etm.portal.ui.managerequests.view.NewRequest","properties":{"src":{"regex":{"source":"message\\-error"}}},"ancestor":{"controlType":"sap.m.ColumnListItem","viewName":"etm.portal.ui.managerequests.view.NewRequest","bindingPath":{"modelName":"newRequestItems","path":"/RequestItems/0"},"ancestor":{"id":"requestItemsTable","viewName":"etm.portal.ui.managerequests.view.NewRequest"}}},"wdio_ui5_key":"etmportal.ui.managerequests.view.NewRequestsap.ui.core.Icon{\"src\":{\"regex\":{\"source\":\"message\\\\-error\"}}}{\"controlType\":\"sap.m.ColumnListItem\",\"viewName\":\"etm.portal.ui.managerequests.view.NewRequest\",\"bindingPath\":{\"modelName\":\"newRequestItems\",\"path\":\"/RequestItems/0\"},\"ancestor\":{\"id\":\"requestItemsTable\",\"viewName\":\"etm.portal.ui.managerequests.view.NewRequest\"}}"}]}
RESULT: {"script":"<script> [1562 bytes]","args":[{"selector":{"controlType":"sap.ui.core.Icon","viewName":"etm.portal.ui.managerequests.view.NewRequest","properties":{"src":{"regex":{"source":"message\\-error"}}},"ancestor":{"controlType":"sap.m.ColumnListItem","viewName":"etm.portal.ui.managerequests.view.NewRequest","bindingPath":{"modelName":"newRequestItems","path":"/RequestItems/0"},"ancestor":{"id":"requestItemsTable","viewName":"etm.portal.ui.managerequests.view.NewRequest"}}},"wdio_ui5_key":"etmportal.ui.managerequests.view.NewRequestsap.ui.core.Icon{\"src\":{\"regex\":{\"source\":\"message\\\\-error\"}}}{\"controlType\":\"sap.m.ColumnListItem\",\"viewName\":\"etm.portal.ui.managerequests.view.NewRequest\",\"bindingPath\":{\"modelName\":\"newRequestItems\",\"path\":\"/RequestItems/0\"},\"ancestor\":{\"id\":\"requestItemsTable\",\"viewName\":\"etm.portal.ui.managerequests.view.NewRequest\"}}"}]}
RESULT: undefined
COMMAND: POST /session/14ef05402572205b9e8ee1d133b15894/element - {"using":"xpath","value":"//*[@id=\"__status10-__xmlview59--requestItemsTable-0-icon\"]"}
RESULT: {"using":"xpath","value":"//*[@id=\"__status10-__xmlview59--requestItemsTable-0-icon\"]"}
COMMAND: POST /session/14ef05402572205b9e8ee1d133b15894/element/f.0EDEC609E967CA8F2B39E7D9D31DFB69.d.0323E41E2B6265B015DB346692D780B7.e.6596/click - {}
RESULT: {}
COMMAND: POST /session/14ef05402572205b9e8ee1d133b15894/execute/async - {"script":"<script> [1562 bytes]","args":[{"selector":{"controlType":"sap.ui.core.Icon","viewName":"etm.portal.ui.managerequests.view.NewRequest","properties":{"src":{"regex":{"source":"slim\\-arrow\\-down"}}},"searchOpenDialogs":true,"ancestor":{"id":"costObjectAdminTypeComboBox","viewName":"etm.portal.ui.managerequests.view.NewRequest","searchOpenDialogs":true}},"wdio_ui5_key":"etmportal.ui.managerequests.view.NewRequestsap.ui.core.Icon{\"src\":{\"regex\":{\"source\":\"slim\\\\-arrow\\\\-down\"}}}{\"id\":\"costObjectAdminTypeComboBox\",\"viewName\":\"etm.portal.ui.managerequests.view.NewRequest\",\"searchOpenDialogs\":true}"}]}
COMMAND: GET /session/14ef05402572205b9e8ee1d133b15894/screenshot - {}
RESULT: {"script":"<script> [1562 bytes]","args":[{"selector":{"controlType":"sap.ui.core.Icon","viewName":"etm.portal.ui.managerequests.view.NewRequest","properties":{"src":{"regex":{"source":"slim\\-arrow\\-down"}}},"searchOpenDialogs":true,"ancestor":{"id":"costObjectAdminTypeComboBox","viewName":"etm.portal.ui.managerequests.view.NewRequest","searchOpenDialogs":true}},"wdio_ui5_key":"etmportal.ui.managerequests.view.NewRequestsap.ui.core.Icon{\"src\":{\"regex\":{\"source\":\"slim\\\\-arrow\\\\-down\"}}}{\"id\":\"costObjectAdminTypeComboBox\",\"viewName\":\"etm.portal.ui.managerequests.view.NewRequest\",\"searchOpenDialogs\":true}"}]}
RESULT: undefined
COMMAND: POST /session/14ef05402572205b9e8ee1d133b15894/element - {"using":"xpath","value":"//*[@id=\"__xmlview59--costObjectAdminTypeComboBox-arrow\"]"}
RESULT: {}
RESULT: {"using":"xpath","value":"//*[@id=\"__xmlview59--costObjectAdminTypeComboBox-arrow\"]"}
COMMAND: POST /session/14ef05402572205b9e8ee1d133b15894/element/f.0EDEC609E967CA8F2B39E7D9D31DFB69.d.0323E41E2B6265B015DB346692D780B7.e.6600/click - {}
RESULT: {}
COMMAND: GET /session/14ef05402572205b9e8ee1d133b15894/screenshot - {}
RESULT: {}
COMMAND: POST /session/14ef05402572205b9e8ee1d133b15894/execute/async - {"script":"<script> [1562 bytes]","args":[{"selector":{"controlType":"sap.m.StandardListItem","viewName":"etm.portal.ui.managerequests.view.NewRequest","properties":{"title":"Cost Center"},"searchOpenDialogs":true,"interaction":{"idSuffix":"content"}},"wdio_ui5_key":"etmportal.ui.managerequests.view.NewRequestsap.m.StandardListItem{\"title\":\"Cost Center\"}"}]}
RESULT: {"script":"<script> [1562 bytes]","args":[{"selector":{"controlType":"sap.m.StandardListItem","viewName":"etm.portal.ui.managerequests.view.NewRequest","properties":{"title":"Cost Center"},"searchOpenDialogs":true,"interaction":{"idSuffix":"content"}},"wdio_ui5_key":"etmportal.ui.managerequests.view.NewRequestsap.m.StandardListItem{\"title\":\"Cost Center\"}"}]}
RESULT: undefined
COMMAND: POST /session/14ef05402572205b9e8ee1d133b15894/element - {"using":"xpath","value":"//*[@id=\"__item1558\"]"}
RESULT: {"using":"xpath","value":"//*[@id=\"__item1558\"]"}
COMMAND: POST /session/14ef05402572205b9e8ee1d133b15894/element/f.0EDEC609E967CA8F2B39E7D9D31DFB69.d.0323E41E2B6265B015DB346692D780B7.e.6604/click - {}
RESULT: {}
COMMAND: GET /session/14ef05402572205b9e8ee1d133b15894/screenshot - {}
RESULT: {}
COMMAND: POST /session/14ef05402572205b9e8ee1d133b15894/execute/async - {"script":"<script> [1562 bytes]","args":[{"selector":{"controlType":"sap.m.Button","viewName":"etm.portal.ui.managerequests.view.NewRequest","i18NText":{"propertyName":"text","key":"save"},"searchOpenDialogs":true,"interaction":{"idSuffix":"inner"}},"wdio_ui5_key":"etmportal.ui.managerequests.view.NewRequestsap.m.Button{\"propertyName\":\"text\",\"key\":\"save\"}"}]}
RESULT: {"script":"<script> [1562 bytes]","args":[{"selector":{"controlType":"sap.m.Button","viewName":"etm.portal.ui.managerequests.view.NewRequest","i18NText":{"propertyName":"text","key":"save"},"searchOpenDialogs":true,"interaction":{"idSuffix":"inner"}},"wdio_ui5_key":"etmportal.ui.managerequests.view.NewRequestsap.m.Button{\"propertyName\":\"text\",\"key\":\"save\"}"}]}
RESULT: undefined
COMMAND: POST /session/14ef05402572205b9e8ee1d133b15894/element - {"using":"xpath","value":"//*[@id=\"__button87\"]"}
RESULT: {"using":"xpath","value":"//*[@id=\"__button87\"]"}
COMMAND: POST /session/14ef05402572205b9e8ee1d133b15894/element/f.0EDEC609E967CA8F2B39E7D9D31DFB69.d.0323E41E2B6265B015DB346692D780B7.e.6612/click - {}
RESULT: {}
COMMAND: GET /session/14ef05402572205b9e8ee1d133b15894/screenshot - {}
RESULT: {}
COMMAND: POST /session/14ef05402572205b9e8ee1d133b15894/execute/async - {"script":"<script> [1562 bytes]","args":[{"selector":{"controlType":"sap.m.Button","viewName":"etm.portal.ui.managerequests.view.NewRequest","i18NText":{"propertyName":"tooltip","key":"save"},"interaction":{"idSuffix":"BDI-content"}},"wdio_ui5_key":"etmportal.ui.managerequests.view.NewRequestsap.m.Button{\"propertyName\":\"tooltip\",\"key\":\"save\"}"}]}
RESULT: {"script":"<script> [1562 bytes]","args":[{"selector":{"controlType":"sap.m.Button","viewName":"etm.portal.ui.managerequests.view.NewRequest","i18NText":{"propertyName":"tooltip","key":"save"},"interaction":{"idSuffix":"BDI-content"}},"wdio_ui5_key":"etmportal.ui.managerequests.view.NewRequestsap.m.Button{\"propertyName\":\"tooltip\",\"key\":\"save\"}"}]}
RESULT: undefined
COMMAND: POST /session/14ef05402572205b9e8ee1d133b15894/element - {"using":"xpath","value":"//*[@id=\"__button78\"]"}
RESULT: {"using":"xpath","value":"//*[@id=\"__button78\"]"}
COMMAND: POST /session/14ef05402572205b9e8ee1d133b15894/element/f.0EDEC609E967CA8F2B39E7D9D31DFB69.d.0323E41E2B6265B015DB346692D780B7.e.6465/click - {}
RESULT: {}
COMMAND: POST /session/14ef05402572205b9e8ee1d133b15894/execute/async - {"script":"<script> [1562 bytes]","args":[{"selector":{"controlType":"sap.m.Button","properties":{"text":"Close"},"searchOpenDialogs":true,"interaction":{"idSuffix":"inner"}},"wdio_ui5_key":"sapm.Button{\"text\":\"Close\"}"}]}
COMMAND: GET /session/14ef05402572205b9e8ee1d133b15894/screenshot - {}
RESULT: {"script":"<script> [1562 bytes]","args":[{"selector":{"controlType":"sap.m.Button","properties":{"text":"Close"},"searchOpenDialogs":true,"interaction":{"idSuffix":"inner"}},"wdio_ui5_key":"sapm.Button{\"text\":\"Close\"}"}]}
RESULT: undefined
COMMAND: POST /session/14ef05402572205b9e8ee1d133b15894/element - {"using":"xpath","value":"//*[@id=\"__mbox-btn-1\"]"}
RESULT: {}
RESULT: {"using":"xpath","value":"//*[@id=\"__mbox-btn-1\"]"}
COMMAND: POST /session/14ef05402572205b9e8ee1d133b15894/element/f.0EDEC609E967CA8F2B39E7D9D31DFB69.d.0323E41E2B6265B015DB346692D780B7.e.6615/click - {}
RESULT: {}
COMMAND: GET /session/14ef05402572205b9e8ee1d133b15894/screenshot - {}
RESULT: {}
COMMAND: POST /session/14ef05402572205b9e8ee1d133b15894/execute/async - {"script":"<script> [1562 bytes]","args":[{"selector":{"controlType":"sap.m.Text","viewName":"etm.portal.ui.managerequests.view.Detail","bindingPath":{"propertyPath":"NO","modelName":"catalogModel"}},"wdio_ui5_key":"etmportal.ui.managerequests.view.Detailsap.m.Text{\"propertyPath\":\"NO\",\"modelName\":\"catalogModel\"}"}]}
RESULT: {"script":"<script> [1562 bytes]","args":[{"selector":{"controlType":"sap.m.Text","viewName":"etm.portal.ui.managerequests.view.Detail","bindingPath":{"propertyPath":"NO","modelName":"catalogModel"}},"wdio_ui5_key":"etmportal.ui.managerequests.view.Detailsap.m.Text{\"propertyPath\":\"NO\",\"modelName\":\"catalogModel\"}"}]}
RESULT: undefined
COMMAND: POST /session/14ef05402572205b9e8ee1d133b15894/execute/async - {"script":"<script> [6424 bytes]","args":[{"element-6066-11e4-a52e-4f735466cecf":"f.0EDEC609E967CA8F2B39E7D9D31DFB69.d.0323E41E2B6265B015DB346692D780B7.e.6900"},"getText",[]]}
RESULT: {"script":"<script> [6424 bytes]","args":[{"element-6066-11e4-a52e-4f735466cecf":"f.0EDEC609E967CA8F2B39E7D9D31DFB69.d.0323E41E2B6265B015DB346692D780B7.e.6900"},"getText",[]]}
COMMAND: POST /session/14ef05402572205b9e8ee1d133b15894/element - {"using":"css selector","value":"#shell-header-logo"}
RESULT: {"using":"css selector","value":"#shell-header-logo"}
COMMAND: POST /session/14ef05402572205b9e8ee1d133b15894/element/f.0EDEC609E967CA8F2B39E7D9D31DFB69.d.0323E41E2B6265B015DB346692D780B7.e.6059/click - {}
RESULT: {}
COMMAND: GET /session/14ef05402572205b9e8ee1d133b15894/screenshot - {}
RESULT: {}
]]></system-out>
    </testcase>
    <testcase classname="chrome.136_0_7103_93.windows.Yard_Overview_Autoplanning_US130989" name="Should navigate to Yard overview and plan the request" time="141.769">
      <system-out><![CDATA[
COMMAND: POST /session/14ef05402572205b9e8ee1d133b15894/execute/async - {"script":"<script> [1562 bytes]","args":[{"selector":{"controlType":"sap.m.GenericTile","properties":{"header":"Yard Overview"}},"wdio_ui5_key":"sapm.GenericTile{\"header\":\"Yard Overview\"}"}]}
RESULT: {"script":"<script> [1562 bytes]","args":[{"selector":{"controlType":"sap.m.GenericTile","properties":{"header":"Yard Overview"}},"wdio_ui5_key":"sapm.GenericTile{\"header\":\"Yard Overview\"}"}]}
RESULT: undefined
COMMAND: POST /session/14ef05402572205b9e8ee1d133b15894/element - {"using":"xpath","value":"//*[@id=\"__tile102\"]"}
RESULT: {"using":"xpath","value":"//*[@id=\"__tile102\"]"}
COMMAND: POST /session/14ef05402572205b9e8ee1d133b15894/element/f.0EDEC609E967CA8F2B39E7D9D31DFB69.d.0323E41E2B6265B015DB346692D780B7.e.6905/click - {}
RESULT: {}
COMMAND: GET /session/14ef05402572205b9e8ee1d133b15894/screenshot - {}
RESULT: {}
COMMAND: POST /session/14ef05402572205b9e8ee1d133b15894/elements - {"using":"xpath","value":"//span[text()='Error']"}
RESULT: {"using":"xpath","value":"//span[text()='Error']"}
COMMAND: POST /session/14ef05402572205b9e8ee1d133b15894/execute/async - {"script":"<script> [1562 bytes]","args":[{"selector":{"id":"application-yardoverview-display-component---masterYardInventory--smartFilterBar-btnBasicSearch","interaction":{"idSuffix":"I"}},"wdio_ui5_key":"applicationyardoverview-display-component---masterYardInventory--smartFilterBar-btnBasicSearch"}]}
RESULT: {"script":"<script> [1562 bytes]","args":[{"selector":{"id":"application-yardoverview-display-component---masterYardInventory--smartFilterBar-btnBasicSearch","interaction":{"idSuffix":"I"}},"wdio_ui5_key":"applicationyardoverview-display-component---masterYardInventory--smartFilterBar-btnBasicSearch"}]}
RESULT: undefined
COMMAND: POST /session/14ef05402572205b9e8ee1d133b15894/execute/async - {"script":"<script> [776 bytes]","args":[{"enterText":"473","selector":{"id":"application-yardoverview-display-component---masterYardInventory--smartFilterBar-btnBasicSearch","interaction":{"idSuffix":"I"}},"clearTextFirst":true,"interactionType":"ENTER_TEXT"}]}
RESULT: {"script":"<script> [776 bytes]","args":[{"enterText":"473","selector":{"id":"application-yardoverview-display-component---masterYardInventory--smartFilterBar-btnBasicSearch","interaction":{"idSuffix":"I"}},"clearTextFirst":true,"interactionType":"ENTER_TEXT"}]}
COMMAND: POST /session/14ef05402572205b9e8ee1d133b15894/actions - {"actions":[{"id":"action19","type":"key","parameters":{},"actions":[{"type":"keyDown","value":"î€‡"},{"type":"pause","duration":10},{"type":"keyUp","value":"î€‡"}]}]}
RESULT: {"actions":[{"id":"action19","type":"key","parameters":{},"actions":[{"type":"keyDown","value":"î€‡"},{"type":"pause","duration":10},{"type":"keyUp","value":"î€‡"}]}]}
COMMAND: GET /session/14ef05402572205b9e8ee1d133b15894/screenshot - {}
RESULT: {}
COMMAND: POST /session/14ef05402572205b9e8ee1d133b15894/execute/async - {"script":"<script> [1562 bytes]","args":[{"selector":{"controlType":"sap.m.Text","viewName":"etm.portal.ui.yardoverview.view.Master","viewId":"application-yardoverview-display-component---masterYardInventory","bindingPath":{"propertyPath":"ID"}},"wdio_ui5_key":"etmportal.ui.yardoverview.view.Mastersap.m.Text{\"propertyPath\":\"ID\"}"}]}
RESULT: {"script":"<script> [1562 bytes]","args":[{"selector":{"controlType":"sap.m.Text","viewName":"etm.portal.ui.yardoverview.view.Master","viewId":"application-yardoverview-display-component---masterYardInventory","bindingPath":{"propertyPath":"ID"}},"wdio_ui5_key":"etmportal.ui.yardoverview.view.Mastersap.m.Text{\"propertyPath\":\"ID\"}"}]}
RESULT: undefined
COMMAND: POST /session/14ef05402572205b9e8ee1d133b15894/element - {"using":"xpath","value":"//*[@id=\"__text882-__clone2964\"]"}
RESULT: {"using":"xpath","value":"//*[@id=\"__text882-__clone2964\"]"}
COMMAND: POST /session/14ef05402572205b9e8ee1d133b15894/element/f.0EDEC609E967CA8F2B39E7D9D31DFB69.d.0323E41E2B6265B015DB346692D780B7.e.6976/click - {}
RESULT: {}
COMMAND: GET /session/14ef05402572205b9e8ee1d133b15894/screenshot - {}
RESULT: {}
COMMAND: POST /session/14ef05402572205b9e8ee1d133b15894/execute/async - {"script":"<script> [1562 bytes]","args":[{"selector":{"id":"application-yardoverview-display-component---detailYardInventory--ObjectPageLayout-anchBar-application-yardoverview-display-component---detailYardInventory--openRequestsSection-anchor","interaction":{"idSuffix":"BDI-content"}},"wdio_ui5_key":"applicationyardoverview-display-component---detailYardInventory--ObjectPageLayout-anchBar-application-yardoverview-display-component---detailYardInventory--openRequestsSection-anchor"}]}
RESULT: {"script":"<script> [1562 bytes]","args":[{"selector":{"id":"application-yardoverview-display-component---detailYardInventory--ObjectPageLayout-anchBar-application-yardoverview-display-component---detailYardInventory--openRequestsSection-anchor","interaction":{"idSuffix":"BDI-content"}},"wdio_ui5_key":"applicationyardoverview-display-component---detailYardInventory--ObjectPageLayout-anchBar-application-yardoverview-display-component---detailYardInventory--openRequestsSection-anchor"}]}
RESULT: undefined
COMMAND: POST /session/14ef05402572205b9e8ee1d133b15894/element - {"using":"xpath","value":"//*[@id=\"application-yardoverview-display-component---detailYardInventory--ObjectPageLayout-anchBar-application-yardoverview-display-component---detailYardInventory--openRequestsSection-anchor\"]"}
RESULT: {"using":"xpath","value":"//*[@id=\"application-yardoverview-display-component---detailYardInventory--ObjectPageLayout-anchBar-application-yardoverview-display-component---detailYardInventory--openRequestsSection-anchor\"]"}
COMMAND: POST /session/14ef05402572205b9e8ee1d133b15894/element/f.0EDEC609E967CA8F2B39E7D9D31DFB69.d.0323E41E2B6265B015DB346692D780B7.e.7066/click - {}
RESULT: {}
COMMAND: GET /session/14ef05402572205b9e8ee1d133b15894/screenshot - {}
RESULT: {}
COMMAND: POST /session/14ef05402572205b9e8ee1d133b15894/element - {"using":"xpath","value":"//input[contains(@aria-labelledby ,\"INTERNAL_GROUP-request\")]"}
RESULT: {"using":"xpath","value":"//input[contains(@aria-labelledby ,\"INTERNAL_GROUP-request\")]"}
COMMAND: POST /session/14ef05402572205b9e8ee1d133b15894/element/f.0EDEC609E967CA8F2B39E7D9D31DFB69.d.0323E41E2B6265B015DB346692D780B7.e.7077/clear - {}
RESULT: {}
COMMAND: POST /session/14ef05402572205b9e8ee1d133b15894/element/f.0EDEC609E967CA8F2B39E7D9D31DFB69.d.0323E41E2B6265B015DB346692D780B7.e.7077/value - {"text":"20136"}
COMMAND: GET /session/14ef05402572205b9e8ee1d133b15894/screenshot - {}
RESULT: {"text":"20136"}
COMMAND: GET /session/14ef05402572205b9e8ee1d133b15894/screenshot - {}
RESULT: {}
RESULT: {}
COMMAND: POST /session/14ef05402572205b9e8ee1d133b15894/actions - {"actions":[{"id":"action20","type":"key","parameters":{},"actions":[{"type":"keyDown","value":"î€‡"},{"type":"pause","duration":10},{"type":"keyUp","value":"î€‡"}]}]}
RESULT: {"actions":[{"id":"action20","type":"key","parameters":{},"actions":[{"type":"keyDown","value":"î€‡"},{"type":"pause","duration":10},{"type":"keyUp","value":"î€‡"}]}]}
COMMAND: POST /session/14ef05402572205b9e8ee1d133b15894/element - {"using":"xpath","value":"//button[contains(@id,\"openRequests-triggerAction-autoplanBtn\")]"}
COMMAND: GET /session/14ef05402572205b9e8ee1d133b15894/screenshot - {}
RESULT: {"using":"xpath","value":"//button[contains(@id,\"openRequests-triggerAction-autoplanBtn\")]"}
COMMAND: POST /session/14ef05402572205b9e8ee1d133b15894/element/f.0EDEC609E967CA8F2B39E7D9D31DFB69.d.0323E41E2B6265B015DB346692D780B7.e.7098/click - {}
RESULT: {}
RESULT: {}
COMMAND: GET /session/14ef05402572205b9e8ee1d133b15894/screenshot - {}
RESULT: {}
COMMAND: POST /session/14ef05402572205b9e8ee1d133b15894/execute/async - {"script":"<script> [1562 bytes]","args":[{"selector":{"id":"application-yardoverview-display-component---detailYardInventory--customRequestsTable-sa","interaction":{"idSuffix":"CbBg"}},"wdio_ui5_key":"applicationyardoverview-display-component---detailYardInventory--customRequestsTable-sa"}]}
RESULT: {"script":"<script> [1562 bytes]","args":[{"selector":{"id":"application-yardoverview-display-component---detailYardInventory--customRequestsTable-sa","interaction":{"idSuffix":"CbBg"}},"wdio_ui5_key":"applicationyardoverview-display-component---detailYardInventory--customRequestsTable-sa"}]}
RESULT: undefined
COMMAND: POST /session/14ef05402572205b9e8ee1d133b15894/element - {"using":"xpath","value":"//*[@id=\"application-yardoverview-display-component---detailYardInventory--customRequestsTable-sa\"]"}
RESULT: {"using":"xpath","value":"//*[@id=\"application-yardoverview-display-component---detailYardInventory--customRequestsTable-sa\"]"}
COMMAND: POST /session/14ef05402572205b9e8ee1d133b15894/element/f.0EDEC609E967CA8F2B39E7D9D31DFB69.d.0323E41E2B6265B015DB346692D780B7.e.7121/click - {}
RESULT: {}
COMMAND: GET /session/14ef05402572205b9e8ee1d133b15894/screenshot - {}
RESULT: {}
COMMAND: POST /session/14ef05402572205b9e8ee1d133b15894/element - {"using":"xpath","value":"//button[contains(@id,\"openRequests-triggerAction-autoplanBtn\")]"}
RESULT: {"using":"xpath","value":"//button[contains(@id,\"openRequests-triggerAction-autoplanBtn\")]"}
COMMAND: POST /session/14ef05402572205b9e8ee1d133b15894/element/f.0EDEC609E967CA8F2B39E7D9D31DFB69.d.0323E41E2B6265B015DB346692D780B7.e.7098/click - {}
RESULT: {}
COMMAND: GET /session/14ef05402572205b9e8ee1d133b15894/screenshot - {}
RESULT: {}
COMMAND: POST /session/14ef05402572205b9e8ee1d133b15894/element - {"using":"xpath","value":"//button[.//bdi[contains(text(),\"OK\")]]"}
RESULT: {"using":"xpath","value":"//button[.//bdi[contains(text(),\"OK\")]]"}
COMMAND: POST /session/14ef05402572205b9e8ee1d133b15894/element/f.0EDEC609E967CA8F2B39E7D9D31DFB69.d.0323E41E2B6265B015DB346692D780B7.e.7122/click - {}
RESULT: {}
COMMAND: GET /session/14ef05402572205b9e8ee1d133b15894/screenshot - {}
RESULT: {}
COMMAND: POST /session/14ef05402572205b9e8ee1d133b15894/execute/async - {"script":"<script> [1562 bytes]","args":[{"selector":{"id":"application-yardoverview-display-component---detailYardInventory--refreshOpenRequests-img"},"wdio_ui5_key":"applicationyardoverview-display-component---detailYardInventory--refreshOpenRequests-img"}]}
RESULT: {"script":"<script> [1562 bytes]","args":[{"selector":{"id":"application-yardoverview-display-component---detailYardInventory--refreshOpenRequests-img"},"wdio_ui5_key":"applicationyardoverview-display-component---detailYardInventory--refreshOpenRequests-img"}]}
RESULT: undefined
COMMAND: POST /session/14ef05402572205b9e8ee1d133b15894/element - {"using":"xpath","value":"//*[@id=\"application-yardoverview-display-component---detailYardInventory--refreshOpenRequests-img\"]"}
RESULT: {"using":"xpath","value":"//*[@id=\"application-yardoverview-display-component---detailYardInventory--refreshOpenRequests-img\"]"}
COMMAND: POST /session/14ef05402572205b9e8ee1d133b15894/element/f.0EDEC609E967CA8F2B39E7D9D31DFB69.d.0323E41E2B6265B015DB346692D780B7.e.7124/click - {}
RESULT: {}
COMMAND: GET /session/14ef05402572205b9e8ee1d133b15894/screenshot - {}
RESULT: {}
COMMAND: POST /session/14ef05402572205b9e8ee1d133b15894/execute/async - {"script":"<script> [1562 bytes]","args":[{"selector":{"id":"application-yardoverview-display-component---detailYardInventory--ObjectPageLayout-anchBar-application-yardoverview-display-component---detailYardInventory--openProvidesSection-anchor","interaction":{"idSuffix":"BDI-content"}},"wdio_ui5_key":"applicationyardoverview-display-component---detailYardInventory--ObjectPageLayout-anchBar-application-yardoverview-display-component---detailYardInventory--openProvidesSection-anchor"}]}
RESULT: {"script":"<script> [1562 bytes]","args":[{"selector":{"id":"application-yardoverview-display-component---detailYardInventory--ObjectPageLayout-anchBar-application-yardoverview-display-component---detailYardInventory--openProvidesSection-anchor","interaction":{"idSuffix":"BDI-content"}},"wdio_ui5_key":"applicationyardoverview-display-component---detailYardInventory--ObjectPageLayout-anchBar-application-yardoverview-display-component---detailYardInventory--openProvidesSection-anchor"}]}
RESULT: undefined
COMMAND: POST /session/14ef05402572205b9e8ee1d133b15894/element - {"using":"xpath","value":"//*[@id=\"application-yardoverview-display-component---detailYardInventory--ObjectPageLayout-anchBar-application-yardoverview-display-component---detailYardInventory--openProvidesSection-anchor\"]"}
RESULT: {"using":"xpath","value":"//*[@id=\"application-yardoverview-display-component---detailYardInventory--ObjectPageLayout-anchBar-application-yardoverview-display-component---detailYardInventory--openProvidesSection-anchor\"]"}
COMMAND: POST /session/14ef05402572205b9e8ee1d133b15894/element/f.0EDEC609E967CA8F2B39E7D9D31DFB69.d.0323E41E2B6265B015DB346692D780B7.e.7128/click - {}
RESULT: {}
COMMAND: GET /session/14ef05402572205b9e8ee1d133b15894/screenshot - {}
RESULT: {}
COMMAND: POST /session/14ef05402572205b9e8ee1d133b15894/element - {"using":"css selector","value":"#shell-header-logo"}
RESULT: {"using":"css selector","value":"#shell-header-logo"}
COMMAND: POST /session/14ef05402572205b9e8ee1d133b15894/element/f.0EDEC609E967CA8F2B39E7D9D31DFB69.d.0323E41E2B6265B015DB346692D780B7.e.6907/click - {}
RESULT: {}
COMMAND: GET /session/14ef05402572205b9e8ee1d133b15894/screenshot - {}
RESULT: {}
RESULT: undefined
COMMAND: POST /session/14ef05402572205b9e8ee1d133b15894/element - {"using":"xpath","value":"//*[@id=\"__tile47\"]"}
RESULT: {"using":"xpath","value":"//*[@id=\"__tile47\"]"}
COMMAND: POST /session/14ef05402572205b9e8ee1d133b15894/element/f.0EDEC609E967CA8F2B39E7D9D31DFB69.d.0323E41E2B6265B015DB346692D780B7.e.5495/click - {}
RESULT: {}
COMMAND: GET /session/14ef05402572205b9e8ee1d133b15894/screenshot - {}
RESULT: {}
COMMAND: POST /session/14ef05402572205b9e8ee1d133b15894/elements - {"using":"xpath","value":"//span[text()='Error']"}
RESULT: {"using":"xpath","value":"//span[text()='Error']"}
COMMAND: POST /session/14ef05402572205b9e8ee1d133b15894/execute/async - {"script":"<script> [1562 bytes]","args":[{"selector":{"controlType":"sap.m.SearchField","viewName":"etm.portal.ui.managerequests.view.Master","bindingPath":{"path":"","propertyPath":"/_BASIC_SEARCH_FIELD","modelName":"fi1t3rM0d31"},"interaction":{"idSuffix":"I"}},"wdio_ui5_key":"etmportal.ui.managerequests.view.Mastersap.m.SearchField{\"path\":\"\",\"propertyPath\":\"/_BASIC_SEARCH_FIELD\",\"modelName\":\"fi1t3rM0d31\"}"}]}
RESULT: {"script":"<script> [1562 bytes]","args":[{"selector":{"controlType":"sap.m.SearchField","viewName":"etm.portal.ui.managerequests.view.Master","bindingPath":{"path":"","propertyPath":"/_BASIC_SEARCH_FIELD","modelName":"fi1t3rM0d31"},"interaction":{"idSuffix":"I"}},"wdio_ui5_key":"etmportal.ui.managerequests.view.Mastersap.m.SearchField{\"path\":\"\",\"propertyPath\":\"/_BASIC_SEARCH_FIELD\",\"modelName\":\"fi1t3rM0d31\"}"}]}
RESULT: undefined
COMMAND: POST /session/14ef05402572205b9e8ee1d133b15894/execute/async - {"script":"<script> [776 bytes]","args":[{"enterText":"20136","selector":{"controlType":"sap.m.SearchField","viewName":"etm.portal.ui.managerequests.view.Master","bindingPath":{"path":"","propertyPath":"/_BASIC_SEARCH_FIELD","modelName":"fi1t3rM0d31"},"interaction":{"idSuffix":"I"}},"clearTextFirst":true,"interactionType":"ENTER_TEXT"}]}
RESULT: {"script":"<script> [776 bytes]","args":[{"enterText":"20136","selector":{"controlType":"sap.m.SearchField","viewName":"etm.portal.ui.managerequests.view.Master","bindingPath":{"path":"","propertyPath":"/_BASIC_SEARCH_FIELD","modelName":"fi1t3rM0d31"},"interaction":{"idSuffix":"I"}},"clearTextFirst":true,"interactionType":"ENTER_TEXT"}]}
COMMAND: POST /session/14ef05402572205b9e8ee1d133b15894/actions - {"actions":[{"id":"action21","type":"key","parameters":{},"actions":[{"type":"keyDown","value":"î€‡"},{"type":"pause","duration":10},{"type":"keyUp","value":"î€‡"}]}]}
RESULT: {"actions":[{"id":"action21","type":"key","parameters":{},"actions":[{"type":"keyDown","value":"î€‡"},{"type":"pause","duration":10},{"type":"keyUp","value":"î€‡"}]}]}
COMMAND: GET /session/14ef05402572205b9e8ee1d133b15894/screenshot - {}
RESULT: {}
COMMAND: POST /session/14ef05402572205b9e8ee1d133b15894/execute/async - {"script":"<script> [1562 bytes]","args":[{"selector":{"controlType":"sap.m.ObjectNumber","viewName":"etm.portal.ui.managerequests.view.Master","bindingPath":{"propertyPath":"IN_USE_FOR"},"interaction":{"idSuffix":"number"}},"wdio_ui5_key":"etmportal.ui.managerequests.view.Mastersap.m.ObjectNumber{\"propertyPath\":\"IN_USE_FOR\"}"}]}
RESULT: {"script":"<script> [1562 bytes]","args":[{"selector":{"controlType":"sap.m.ObjectNumber","viewName":"etm.portal.ui.managerequests.view.Master","bindingPath":{"propertyPath":"IN_USE_FOR"},"interaction":{"idSuffix":"number"}},"wdio_ui5_key":"etmportal.ui.managerequests.view.Mastersap.m.ObjectNumber{\"propertyPath\":\"IN_USE_FOR\"}"}]}
RESULT: undefined
COMMAND: POST /session/14ef05402572205b9e8ee1d133b15894/element - {"using":"xpath","value":"//*[@id=\"__number8-__clone3105\"]"}
RESULT: {"using":"xpath","value":"//*[@id=\"__number8-__clone3105\"]"}
COMMAND: POST /session/14ef05402572205b9e8ee1d133b15894/element/f.0EDEC609E967CA8F2B39E7D9D31DFB69.d.0323E41E2B6265B015DB346692D780B7.e.7261/click - {}
RESULT: {}
COMMAND: POST /session/14ef05402572205b9e8ee1d133b15894/execute/async - {"script":"<script> [1562 bytes]","args":[{"selector":{"controlType":"sap.m.ObjectStatus","viewName":"etm.portal.ui.managerequests.view.Detail","bindingPath":{"propertyPath":"LINK_TO_STATUS/DESCRIPTION","modelName":"catalogModel"}},"wdio_ui5_key":"etmportal.ui.managerequests.view.Detailsap.m.ObjectStatus{\"propertyPath\":\"LINK_TO_STATUS/DESCRIPTION\",\"modelName\":\"catalogModel\"}"}]}
COMMAND: GET /session/14ef05402572205b9e8ee1d133b15894/screenshot - {}
RESULT: {"script":"<script> [1562 bytes]","args":[{"selector":{"controlType":"sap.m.ObjectStatus","viewName":"etm.portal.ui.managerequests.view.Detail","bindingPath":{"propertyPath":"LINK_TO_STATUS/DESCRIPTION","modelName":"catalogModel"}},"wdio_ui5_key":"etmportal.ui.managerequests.view.Detailsap.m.ObjectStatus{\"propertyPath\":\"LINK_TO_STATUS/DESCRIPTION\",\"modelName\":\"catalogModel\"}"}]}
RESULT: undefined
COMMAND: POST /session/14ef05402572205b9e8ee1d133b15894/execute/async - {"script":"<script> [6424 bytes]","args":[{"element-6066-11e4-a52e-4f735466cecf":"f.0EDEC609E967CA8F2B39E7D9D31DFB69.d.0323E41E2B6265B015DB346692D780B7.e.7489"},"getText",[]]}
RESULT: {}
RESULT: {"script":"<script> [6424 bytes]","args":[{"element-6066-11e4-a52e-4f735466cecf":"f.0EDEC609E967CA8F2B39E7D9D31DFB69.d.0323E41E2B6265B015DB346692D780B7.e.7489"},"getText",[]]}
COMMAND: POST /session/14ef05402572205b9e8ee1d133b15894/element - {"using":"css selector","value":"#shell-header-logo"}
RESULT: {"using":"css selector","value":"#shell-header-logo"}
COMMAND: POST /session/14ef05402572205b9e8ee1d133b15894/element/f.0EDEC609E967CA8F2B39E7D9D31DFB69.d.0323E41E2B6265B015DB346692D780B7.e.7146/click - {}
RESULT: {}
COMMAND: GET /session/14ef05402572205b9e8ee1d133b15894/screenshot - {}
RESULT: {}
COMMAND: DELETE /session/14ef05402572205b9e8ee1d133b15894 - {}
RESULT: {}
]]></system-out>
    </testcase>
  </testsuite>
</testsuites>