<?xml version="1.0" encoding="UTF-8"?>
<testsuites tests="49" failures="0" errors="0" skipped="0">
  <testsuite timestamp="2025-06-04T05:04:54" time="1862.686" tests="49" failures="0" errors="0" skipped="0">
    <properties>
      <property name="specId" value="0" />
      <property name="suiteName" value="Sanity Tests US104253" />
      <property name="capabilities" value="chrome.136_0_7103_93.windows" />
      <property name="file" value="file:///D:/a/1/s/test/specs/General/sanity.spec.js" />
    </properties>
    <testcase classname="chrome.136_0_7103_93.windows.Sanity_Tests_US104253" name="Should open Manage Partners page" time="37.209">
      <system-out><![CDATA[
COMMAND: POST /session/84d2e465ad1a756c73cdcf8ee9105872/execute/async - {"script":"<script> [1562 bytes]","args":[{"selector":{"controlType":"sap.m.GenericTile","properties":{"header":"Manage Partners"}},"wdio_ui5_key":"sapm.GenericTile{\"header\":\"Manage Partners\"}"}]}
RESULT: {"script":"<script> [1562 bytes]","args":[{"selector":{"controlType":"sap.m.GenericTile","properties":{"header":"Manage Partners"}},"wdio_ui5_key":"sapm.GenericTile{\"header\":\"Manage Partners\"}"}]}
RESULT: undefined
COMMAND: POST /session/84d2e465ad1a756c73cdcf8ee9105872/element - {"using":"xpath","value":"//*[@id=\"__tile38\"]"}
RESULT: {"using":"xpath","value":"//*[@id=\"__tile38\"]"}
COMMAND: POST /session/84d2e465ad1a756c73cdcf8ee9105872/element/f.14F0DAFB548778C01F0F0F35C125AEB5.d.55B6BD48D7565107E1B4F23FF7CCF5D6.e.113/click - {}
RESULT: {}
COMMAND: GET /session/84d2e465ad1a756c73cdcf8ee9105872/screenshot - {}
RESULT: {}
COMMAND: POST /session/84d2e465ad1a756c73cdcf8ee9105872/elements - {"using":"xpath","value":"//span[text()='Error']"}
RESULT: {"using":"xpath","value":"//span[text()='Error']"}
RESULT: undefined
COMMAND: POST /session/84d2e465ad1a756c73cdcf8ee9105872/element - {"using":"xpath","value":"//*[@id=\"__tile38\"]"}
RESULT: {"using":"xpath","value":"//*[@id=\"__tile38\"]"}
COMMAND: POST /session/84d2e465ad1a756c73cdcf8ee9105872/element/f.14F0DAFB548778C01F0F0F35C125AEB5.d.55B6BD48D7565107E1B4F23FF7CCF5D6.e.113/click - {}
RESULT: undefined
COMMAND: POST /session/84d2e465ad1a756c73cdcf8ee9105872/element - {"using":"xpath","value":"//*[@id=\"__tile38\"]"}
RESULT: {"using":"xpath","value":"//*[@id=\"__tile38\"]"}
COMMAND: POST /session/84d2e465ad1a756c73cdcf8ee9105872/element/f.14F0DAFB548778C01F0F0F35C125AEB5.d.55B6BD48D7565107E1B4F23FF7CCF5D6.e.113/click - {}
COMMAND: POST /session/84d2e465ad1a756c73cdcf8ee9105872/execute/async - {"script":"<script> [1562 bytes]","args":[{"selector":{"id":"shellAppTitle"},"wdio_ui5_key":"shellAppTitle"}]}
RESULT: {"script":"<script> [1562 bytes]","args":[{"selector":{"id":"shellAppTitle"},"wdio_ui5_key":"shellAppTitle"}]}
RESULT: undefined
COMMAND: POST /session/84d2e465ad1a756c73cdcf8ee9105872/execute/async - {"script":"<script> [6424 bytes]","args":[{"element-6066-11e4-a52e-4f735466cecf":"f.14F0DAFB548778C01F0F0F35C125AEB5.d.55B6BD48D7565107E1B4F23FF7CCF5D6.e.287"},"getTitle",[]]}
RESULT: {"script":"<script> [6424 bytes]","args":[{"element-6066-11e4-a52e-4f735466cecf":"f.14F0DAFB548778C01F0F0F35C125AEB5.d.55B6BD48D7565107E1B4F23FF7CCF5D6.e.287"},"getTitle",[]]}
COMMAND: POST /session/84d2e465ad1a756c73cdcf8ee9105872/execute/async - {"script":"<script> [1562 bytes]","args":[{"selector":{"id":"backBtn"},"wdio_ui5_key":"backBtn"}]}
RESULT: {"script":"<script> [1562 bytes]","args":[{"selector":{"id":"backBtn"},"wdio_ui5_key":"backBtn"}]}
RESULT: undefined
COMMAND: POST /session/84d2e465ad1a756c73cdcf8ee9105872/element - {"using":"xpath","value":"//*[@id=\"backBtn\"]"}
RESULT: {"using":"xpath","value":"//*[@id=\"backBtn\"]"}
COMMAND: POST /session/84d2e465ad1a756c73cdcf8ee9105872/element/f.14F0DAFB548778C01F0F0F35C125AEB5.d.55B6BD48D7565107E1B4F23FF7CCF5D6.e.288/click - {}
RESULT: {}
COMMAND: GET /session/84d2e465ad1a756c73cdcf8ee9105872/screenshot - {}
RESULT: {}
]]></system-out>
    </testcase>
    <testcase classname="chrome.136_0_7103_93.windows.Sanity_Tests_US104253" name="Should open Manage Sites page" time="36.042">
      <system-out><![CDATA[
COMMAND: POST /session/84d2e465ad1a756c73cdcf8ee9105872/execute/async - {"script":"<script> [1562 bytes]","args":[{"selector":{"controlType":"sap.m.GenericTile","properties":{"header":"Manage Sites"}},"wdio_ui5_key":"sapm.GenericTile{\"header\":\"Manage Sites\"}"}]}
RESULT: {"script":"<script> [1562 bytes]","args":[{"selector":{"controlType":"sap.m.GenericTile","properties":{"header":"Manage Sites"}},"wdio_ui5_key":"sapm.GenericTile{\"header\":\"Manage Sites\"}"}]}
RESULT: undefined
COMMAND: POST /session/84d2e465ad1a756c73cdcf8ee9105872/element - {"using":"xpath","value":"//*[@id=\"__tile40\"]"}
RESULT: {"using":"xpath","value":"//*[@id=\"__tile40\"]"}
COMMAND: POST /session/84d2e465ad1a756c73cdcf8ee9105872/element/f.14F0DAFB548778C01F0F0F35C125AEB5.d.55B6BD48D7565107E1B4F23FF7CCF5D6.e.290/click - {}
RESULT: {}
COMMAND: GET /session/84d2e465ad1a756c73cdcf8ee9105872/screenshot - {}
RESULT: {}
COMMAND: POST /session/84d2e465ad1a756c73cdcf8ee9105872/elements - {"using":"xpath","value":"//span[text()='Error']"}
RESULT: {"using":"xpath","value":"//span[text()='Error']"}
RESULT: undefined
COMMAND: POST /session/84d2e465ad1a756c73cdcf8ee9105872/element - {"using":"xpath","value":"//*[@id=\"__tile40\"]"}
RESULT: {"using":"xpath","value":"//*[@id=\"__tile40\"]"}
COMMAND: POST /session/84d2e465ad1a756c73cdcf8ee9105872/element/f.14F0DAFB548778C01F0F0F35C125AEB5.d.55B6BD48D7565107E1B4F23FF7CCF5D6.e.290/click - {}
RESULT: undefined
COMMAND: POST /session/84d2e465ad1a756c73cdcf8ee9105872/element - {"using":"xpath","value":"//*[@id=\"__tile40\"]"}
RESULT: {"using":"xpath","value":"//*[@id=\"__tile40\"]"}
COMMAND: POST /session/84d2e465ad1a756c73cdcf8ee9105872/element/f.14F0DAFB548778C01F0F0F35C125AEB5.d.55B6BD48D7565107E1B4F23FF7CCF5D6.e.290/click - {}
RESULT: undefined
COMMAND: POST /session/84d2e465ad1a756c73cdcf8ee9105872/execute/async - {"script":"<script> [6424 bytes]","args":[{"element-6066-11e4-a52e-4f735466cecf":"f.14F0DAFB548778C01F0F0F35C125AEB5.d.55B6BD48D7565107E1B4F23FF7CCF5D6.e.287"},"getTitle",[]]}
COMMAND: POST /session/84d2e465ad1a756c73cdcf8ee9105872/execute/async - {"script":"<script> [1562 bytes]","args":[{"selector":{"id":"shellAppTitle"},"wdio_ui5_key":"shellAppTitle"}]}
RESULT: {"script":"<script> [1562 bytes]","args":[{"selector":{"id":"shellAppTitle"},"wdio_ui5_key":"shellAppTitle"}]}
COMMAND: POST /session/84d2e465ad1a756c73cdcf8ee9105872/execute/async - {"script":"<script> [6424 bytes]","args":[{"element-6066-11e4-a52e-4f735466cecf":"f.14F0DAFB548778C01F0F0F35C125AEB5.d.55B6BD48D7565107E1B4F23FF7CCF5D6.e.666"},"getTitle",[]]}
RESULT: {"script":"<script> [6424 bytes]","args":[{"element-6066-11e4-a52e-4f735466cecf":"f.14F0DAFB548778C01F0F0F35C125AEB5.d.55B6BD48D7565107E1B4F23FF7CCF5D6.e.666"},"getTitle",[]]}
RESULT: undefined
COMMAND: POST /session/84d2e465ad1a756c73cdcf8ee9105872/element/f.14F0DAFB548778C01F0F0F35C125AEB5.d.55B6BD48D7565107E1B4F23FF7CCF5D6.e.288/click - {}
RESULT: {}
COMMAND: GET /session/84d2e465ad1a756c73cdcf8ee9105872/screenshot - {}
RESULT: {}
]]></system-out>
    </testcase>
    <testcase classname="chrome.136_0_7103_93.windows.Sanity_Tests_US104253" name="Should open Manage Resources page" time="35.857">
      <system-out><![CDATA[
COMMAND: POST /session/84d2e465ad1a756c73cdcf8ee9105872/execute/async - {"script":"<script> [1562 bytes]","args":[{"selector":{"controlType":"sap.m.GenericTile","properties":{"header":"Manage Resources"}},"wdio_ui5_key":"sapm.GenericTile{\"header\":\"Manage Resources\"}"}]}
RESULT: {"script":"<script> [1562 bytes]","args":[{"selector":{"controlType":"sap.m.GenericTile","properties":{"header":"Manage Resources"}},"wdio_ui5_key":"sapm.GenericTile{\"header\":\"Manage Resources\"}"}]}
RESULT: undefined
COMMAND: POST /session/84d2e465ad1a756c73cdcf8ee9105872/element - {"using":"xpath","value":"//*[@id=\"__tile39\"]"}
RESULT: {"using":"xpath","value":"//*[@id=\"__tile39\"]"}
COMMAND: POST /session/84d2e465ad1a756c73cdcf8ee9105872/element/f.14F0DAFB548778C01F0F0F35C125AEB5.d.55B6BD48D7565107E1B4F23FF7CCF5D6.e.668/click - {}
RESULT: {}
COMMAND: GET /session/84d2e465ad1a756c73cdcf8ee9105872/screenshot - {}
RESULT: {}
COMMAND: POST /session/84d2e465ad1a756c73cdcf8ee9105872/elements - {"using":"xpath","value":"//span[text()='Error']"}
RESULT: {"using":"xpath","value":"//span[text()='Error']"}
RESULT: undefined
COMMAND: POST /session/84d2e465ad1a756c73cdcf8ee9105872/element - {"using":"xpath","value":"//*[@id=\"__tile39\"]"}
RESULT: {"using":"xpath","value":"//*[@id=\"__tile39\"]"}
COMMAND: POST /session/84d2e465ad1a756c73cdcf8ee9105872/element/f.14F0DAFB548778C01F0F0F35C125AEB5.d.55B6BD48D7565107E1B4F23FF7CCF5D6.e.668/click - {}
RESULT: undefined
COMMAND: POST /session/84d2e465ad1a756c73cdcf8ee9105872/element - {"using":"xpath","value":"//*[@id=\"__tile39\"]"}
RESULT: {"using":"xpath","value":"//*[@id=\"__tile39\"]"}
COMMAND: POST /session/84d2e465ad1a756c73cdcf8ee9105872/element/f.14F0DAFB548778C01F0F0F35C125AEB5.d.55B6BD48D7565107E1B4F23FF7CCF5D6.e.668/click - {}
RESULT: undefined
COMMAND: POST /session/84d2e465ad1a756c73cdcf8ee9105872/execute/async - {"script":"<script> [6424 bytes]","args":[{"element-6066-11e4-a52e-4f735466cecf":"f.14F0DAFB548778C01F0F0F35C125AEB5.d.55B6BD48D7565107E1B4F23FF7CCF5D6.e.287"},"getTitle",[]]}
COMMAND: POST /session/84d2e465ad1a756c73cdcf8ee9105872/execute/async - {"script":"<script> [1562 bytes]","args":[{"selector":{"id":"shellAppTitle"},"wdio_ui5_key":"shellAppTitle"}]}
RESULT: {"script":"<script> [1562 bytes]","args":[{"selector":{"id":"shellAppTitle"},"wdio_ui5_key":"shellAppTitle"}]}
COMMAND: POST /session/84d2e465ad1a756c73cdcf8ee9105872/execute/async - {"script":"<script> [6424 bytes]","args":[{"element-6066-11e4-a52e-4f735466cecf":"f.14F0DAFB548778C01F0F0F35C125AEB5.d.55B6BD48D7565107E1B4F23FF7CCF5D6.e.843"},"getTitle",[]]}
RESULT: {"script":"<script> [6424 bytes]","args":[{"element-6066-11e4-a52e-4f735466cecf":"f.14F0DAFB548778C01F0F0F35C125AEB5.d.55B6BD48D7565107E1B4F23FF7CCF5D6.e.843"},"getTitle",[]]}
RESULT: undefined
COMMAND: POST /session/84d2e465ad1a756c73cdcf8ee9105872/element/f.14F0DAFB548778C01F0F0F35C125AEB5.d.55B6BD48D7565107E1B4F23FF7CCF5D6.e.288/click - {}
COMMAND: POST /session/84d2e465ad1a756c73cdcf8ee9105872/element - {"using":"xpath","value":"//*[@id=\"backBtn\"]"}
RESULT: {"using":"xpath","value":"//*[@id=\"backBtn\"]"}
COMMAND: POST /session/84d2e465ad1a756c73cdcf8ee9105872/element/f.14F0DAFB548778C01F0F0F35C125AEB5.d.55B6BD48D7565107E1B4F23FF7CCF5D6.e.288/click - {}
COMMAND: POST /session/84d2e465ad1a756c73cdcf8ee9105872/element - {"using":"xpath","value":"//*[@id=\"backBtn\"]"}
RESULT: {"using":"xpath","value":"//*[@id=\"backBtn\"]"}
COMMAND: POST /session/84d2e465ad1a756c73cdcf8ee9105872/element/f.14F0DAFB548778C01F0F0F35C125AEB5.d.55B6BD48D7565107E1B4F23FF7CCF5D6.e.844/click - {}
RESULT: {}
COMMAND: GET /session/84d2e465ad1a756c73cdcf8ee9105872/screenshot - {}
RESULT: {}
]]></system-out>
    </testcase>
    <testcase classname="chrome.136_0_7103_93.windows.Sanity_Tests_US104253" name="Should open Manage Catalogs page" time="36.227">
      <system-out><![CDATA[
COMMAND: POST /session/84d2e465ad1a756c73cdcf8ee9105872/execute/async - {"script":"<script> [1562 bytes]","args":[{"selector":{"controlType":"sap.m.GenericTile","properties":{"header":"Manage Catalogs"}},"wdio_ui5_key":"sapm.GenericTile{\"header\":\"Manage Catalogs\"}"}]}
RESULT: {"script":"<script> [1562 bytes]","args":[{"selector":{"controlType":"sap.m.GenericTile","properties":{"header":"Manage Catalogs"}},"wdio_ui5_key":"sapm.GenericTile{\"header\":\"Manage Catalogs\"}"}]}
RESULT: undefined
COMMAND: POST /session/84d2e465ad1a756c73cdcf8ee9105872/element - {"using":"xpath","value":"//*[@id=\"__tile37\"]"}
RESULT: {"using":"xpath","value":"//*[@id=\"__tile37\"]"}
COMMAND: POST /session/84d2e465ad1a756c73cdcf8ee9105872/element/f.14F0DAFB548778C01F0F0F35C125AEB5.d.55B6BD48D7565107E1B4F23FF7CCF5D6.e.846/click - {}
RESULT: {}
COMMAND: GET /session/84d2e465ad1a756c73cdcf8ee9105872/screenshot - {}
RESULT: {}
COMMAND: POST /session/84d2e465ad1a756c73cdcf8ee9105872/elements - {"using":"xpath","value":"//span[text()='Error']"}
RESULT: {"using":"xpath","value":"//span[text()='Error']"}
RESULT: undefined
COMMAND: POST /session/84d2e465ad1a756c73cdcf8ee9105872/element - {"using":"xpath","value":"//*[@id=\"__tile37\"]"}
RESULT: {"using":"xpath","value":"//*[@id=\"__tile37\"]"}
COMMAND: POST /session/84d2e465ad1a756c73cdcf8ee9105872/element/f.14F0DAFB548778C01F0F0F35C125AEB5.d.55B6BD48D7565107E1B4F23FF7CCF5D6.e.846/click - {}
RESULT: undefined
COMMAND: POST /session/84d2e465ad1a756c73cdcf8ee9105872/element - {"using":"xpath","value":"//*[@id=\"__tile37\"]"}
RESULT: {"using":"xpath","value":"//*[@id=\"__tile37\"]"}
COMMAND: POST /session/84d2e465ad1a756c73cdcf8ee9105872/element/f.14F0DAFB548778C01F0F0F35C125AEB5.d.55B6BD48D7565107E1B4F23FF7CCF5D6.e.846/click - {}
RESULT: undefined
COMMAND: POST /session/84d2e465ad1a756c73cdcf8ee9105872/execute/async - {"script":"<script> [6424 bytes]","args":[{"element-6066-11e4-a52e-4f735466cecf":"f.14F0DAFB548778C01F0F0F35C125AEB5.d.55B6BD48D7565107E1B4F23FF7CCF5D6.e.287"},"getTitle",[]]}
COMMAND: POST /session/84d2e465ad1a756c73cdcf8ee9105872/execute/async - {"script":"<script> [1562 bytes]","args":[{"selector":{"id":"shellAppTitle"},"wdio_ui5_key":"shellAppTitle"}]}
RESULT: {"script":"<script> [1562 bytes]","args":[{"selector":{"id":"shellAppTitle"},"wdio_ui5_key":"shellAppTitle"}]}
COMMAND: POST /session/84d2e465ad1a756c73cdcf8ee9105872/execute/async - {"script":"<script> [6424 bytes]","args":[{"element-6066-11e4-a52e-4f735466cecf":"f.14F0DAFB548778C01F0F0F35C125AEB5.d.55B6BD48D7565107E1B4F23FF7CCF5D6.e.917"},"getTitle",[]]}
RESULT: {"script":"<script> [6424 bytes]","args":[{"element-6066-11e4-a52e-4f735466cecf":"f.14F0DAFB548778C01F0F0F35C125AEB5.d.55B6BD48D7565107E1B4F23FF7CCF5D6.e.917"},"getTitle",[]]}
RESULT: undefined
COMMAND: POST /session/84d2e465ad1a756c73cdcf8ee9105872/element/f.14F0DAFB548778C01F0F0F35C125AEB5.d.55B6BD48D7565107E1B4F23FF7CCF5D6.e.844/click - {}
RESULT: {}
COMMAND: GET /session/84d2e465ad1a756c73cdcf8ee9105872/screenshot - {}
RESULT: {}
]]></system-out>
    </testcase>
    <testcase classname="chrome.136_0_7103_93.windows.Sanity_Tests_US104253" name="Should open Manage Calendars page" time="35.854">
      <system-out><![CDATA[
COMMAND: POST /session/84d2e465ad1a756c73cdcf8ee9105872/execute/async - {"script":"<script> [1562 bytes]","args":[{"selector":{"controlType":"sap.m.GenericTile","properties":{"header":"Manage Calendars"}},"wdio_ui5_key":"sapm.GenericTile{\"header\":\"Manage Calendars\"}"}]}
RESULT: {"script":"<script> [1562 bytes]","args":[{"selector":{"controlType":"sap.m.GenericTile","properties":{"header":"Manage Calendars"}},"wdio_ui5_key":"sapm.GenericTile{\"header\":\"Manage Calendars\"}"}]}
RESULT: undefined
COMMAND: POST /session/84d2e465ad1a756c73cdcf8ee9105872/element - {"using":"xpath","value":"//*[@id=\"__tile36\"]"}
RESULT: {"using":"xpath","value":"//*[@id=\"__tile36\"]"}
COMMAND: POST /session/84d2e465ad1a756c73cdcf8ee9105872/element/f.14F0DAFB548778C01F0F0F35C125AEB5.d.55B6BD48D7565107E1B4F23FF7CCF5D6.e.919/click - {}
RESULT: {}
COMMAND: GET /session/84d2e465ad1a756c73cdcf8ee9105872/screenshot - {}
RESULT: {}
COMMAND: POST /session/84d2e465ad1a756c73cdcf8ee9105872/elements - {"using":"xpath","value":"//span[text()='Error']"}
RESULT: {"using":"xpath","value":"//span[text()='Error']"}
RESULT: undefined
COMMAND: POST /session/84d2e465ad1a756c73cdcf8ee9105872/element - {"using":"xpath","value":"//*[@id=\"__tile36\"]"}
RESULT: {"using":"xpath","value":"//*[@id=\"__tile36\"]"}
COMMAND: POST /session/84d2e465ad1a756c73cdcf8ee9105872/element/f.14F0DAFB548778C01F0F0F35C125AEB5.d.55B6BD48D7565107E1B4F23FF7CCF5D6.e.919/click - {}
RESULT: undefined
COMMAND: POST /session/84d2e465ad1a756c73cdcf8ee9105872/element - {"using":"xpath","value":"//*[@id=\"__tile36\"]"}
RESULT: {"using":"xpath","value":"//*[@id=\"__tile36\"]"}
COMMAND: POST /session/84d2e465ad1a756c73cdcf8ee9105872/element/f.14F0DAFB548778C01F0F0F35C125AEB5.d.55B6BD48D7565107E1B4F23FF7CCF5D6.e.919/click - {}
RESULT: undefined
COMMAND: POST /session/84d2e465ad1a756c73cdcf8ee9105872/execute/async - {"script":"<script> [6424 bytes]","args":[{"element-6066-11e4-a52e-4f735466cecf":"f.14F0DAFB548778C01F0F0F35C125AEB5.d.55B6BD48D7565107E1B4F23FF7CCF5D6.e.287"},"getTitle",[]]}
COMMAND: POST /session/84d2e465ad1a756c73cdcf8ee9105872/execute/async - {"script":"<script> [1562 bytes]","args":[{"selector":{"id":"shellAppTitle"},"wdio_ui5_key":"shellAppTitle"}]}
RESULT: {"script":"<script> [1562 bytes]","args":[{"selector":{"id":"shellAppTitle"},"wdio_ui5_key":"shellAppTitle"}]}
COMMAND: POST /session/84d2e465ad1a756c73cdcf8ee9105872/execute/async - {"script":"<script> [6424 bytes]","args":[{"element-6066-11e4-a52e-4f735466cecf":"f.14F0DAFB548778C01F0F0F35C125AEB5.d.55B6BD48D7565107E1B4F23FF7CCF5D6.e.987"},"getTitle",[]]}
RESULT: {"script":"<script> [6424 bytes]","args":[{"element-6066-11e4-a52e-4f735466cecf":"f.14F0DAFB548778C01F0F0F35C125AEB5.d.55B6BD48D7565107E1B4F23FF7CCF5D6.e.987"},"getTitle",[]]}
RESULT: undefined
COMMAND: POST /session/84d2e465ad1a756c73cdcf8ee9105872/element/f.14F0DAFB548778C01F0F0F35C125AEB5.d.55B6BD48D7565107E1B4F23FF7CCF5D6.e.844/click - {}
COMMAND: POST /session/84d2e465ad1a756c73cdcf8ee9105872/element - {"using":"xpath","value":"//*[@id=\"backBtn\"]"}
RESULT: {"using":"xpath","value":"//*[@id=\"backBtn\"]"}
COMMAND: POST /session/84d2e465ad1a756c73cdcf8ee9105872/element/f.14F0DAFB548778C01F0F0F35C125AEB5.d.55B6BD48D7565107E1B4F23FF7CCF5D6.e.844/click - {}
COMMAND: POST /session/84d2e465ad1a756c73cdcf8ee9105872/element - {"using":"xpath","value":"//*[@id=\"backBtn\"]"}
RESULT: {"using":"xpath","value":"//*[@id=\"backBtn\"]"}
COMMAND: POST /session/84d2e465ad1a756c73cdcf8ee9105872/element/f.14F0DAFB548778C01F0F0F35C125AEB5.d.55B6BD48D7565107E1B4F23FF7CCF5D6.e.988/click - {}
RESULT: {}
COMMAND: GET /session/84d2e465ad1a756c73cdcf8ee9105872/screenshot - {}
RESULT: {}
]]></system-out>
    </testcase>
    <testcase classname="chrome.136_0_7103_93.windows.Sanity_Tests_US104253" name="Should open Address Management page" time="35.885">
      <system-out><![CDATA[
COMMAND: POST /session/84d2e465ad1a756c73cdcf8ee9105872/execute/async - {"script":"<script> [1562 bytes]","args":[{"selector":{"controlType":"sap.m.GenericTile","properties":{"header":"Address Management"}},"wdio_ui5_key":"sapm.GenericTile{\"header\":\"Address Management\"}"}]}
RESULT: {"script":"<script> [1562 bytes]","args":[{"selector":{"controlType":"sap.m.GenericTile","properties":{"header":"Address Management"}},"wdio_ui5_key":"sapm.GenericTile{\"header\":\"Address Management\"}"}]}
RESULT: undefined
COMMAND: POST /session/84d2e465ad1a756c73cdcf8ee9105872/element - {"using":"xpath","value":"//*[@id=\"__tile33\"]"}
RESULT: {"using":"xpath","value":"//*[@id=\"__tile33\"]"}
COMMAND: POST /session/84d2e465ad1a756c73cdcf8ee9105872/element/f.14F0DAFB548778C01F0F0F35C125AEB5.d.55B6BD48D7565107E1B4F23FF7CCF5D6.e.990/click - {}
RESULT: {}
COMMAND: GET /session/84d2e465ad1a756c73cdcf8ee9105872/screenshot - {}
RESULT: {}
COMMAND: POST /session/84d2e465ad1a756c73cdcf8ee9105872/elements - {"using":"xpath","value":"//span[text()='Error']"}
RESULT: {"using":"xpath","value":"//span[text()='Error']"}
RESULT: undefined
COMMAND: POST /session/84d2e465ad1a756c73cdcf8ee9105872/element - {"using":"xpath","value":"//*[@id=\"__tile33\"]"}
RESULT: {"using":"xpath","value":"//*[@id=\"__tile33\"]"}
COMMAND: POST /session/84d2e465ad1a756c73cdcf8ee9105872/element/f.14F0DAFB548778C01F0F0F35C125AEB5.d.55B6BD48D7565107E1B4F23FF7CCF5D6.e.990/click - {}
RESULT: undefined
COMMAND: POST /session/84d2e465ad1a756c73cdcf8ee9105872/element - {"using":"xpath","value":"//*[@id=\"__tile33\"]"}
RESULT: {"using":"xpath","value":"//*[@id=\"__tile33\"]"}
COMMAND: POST /session/84d2e465ad1a756c73cdcf8ee9105872/element/f.14F0DAFB548778C01F0F0F35C125AEB5.d.55B6BD48D7565107E1B4F23FF7CCF5D6.e.990/click - {}
RESULT: undefined
COMMAND: POST /session/84d2e465ad1a756c73cdcf8ee9105872/execute/async - {"script":"<script> [6424 bytes]","args":[{"element-6066-11e4-a52e-4f735466cecf":"f.14F0DAFB548778C01F0F0F35C125AEB5.d.55B6BD48D7565107E1B4F23FF7CCF5D6.e.287"},"getTitle",[]]}
COMMAND: POST /session/84d2e465ad1a756c73cdcf8ee9105872/execute/async - {"script":"<script> [1562 bytes]","args":[{"selector":{"id":"shellAppTitle"},"wdio_ui5_key":"shellAppTitle"}]}
RESULT: {"script":"<script> [1562 bytes]","args":[{"selector":{"id":"shellAppTitle"},"wdio_ui5_key":"shellAppTitle"}]}
COMMAND: POST /session/84d2e465ad1a756c73cdcf8ee9105872/execute/async - {"script":"<script> [6424 bytes]","args":[{"element-6066-11e4-a52e-4f735466cecf":"f.14F0DAFB548778C01F0F0F35C125AEB5.d.55B6BD48D7565107E1B4F23FF7CCF5D6.e.1187"},"getTitle",[]]}
RESULT: {"script":"<script> [6424 bytes]","args":[{"element-6066-11e4-a52e-4f735466cecf":"f.14F0DAFB548778C01F0F0F35C125AEB5.d.55B6BD48D7565107E1B4F23FF7CCF5D6.e.1187"},"getTitle",[]]}
RESULT: undefined
COMMAND: POST /session/84d2e465ad1a756c73cdcf8ee9105872/element/f.14F0DAFB548778C01F0F0F35C125AEB5.d.55B6BD48D7565107E1B4F23FF7CCF5D6.e.988/click - {}
RESULT: {}
COMMAND: GET /session/84d2e465ad1a756c73cdcf8ee9105872/screenshot - {}
RESULT: {}
]]></system-out>
    </testcase>
    <testcase classname="chrome.136_0_7103_93.windows.Sanity_Tests_US104253" name="Should open Bill Of Resources page" time="36.001">
      <system-out><![CDATA[
COMMAND: POST /session/84d2e465ad1a756c73cdcf8ee9105872/execute/async - {"script":"<script> [1562 bytes]","args":[{"selector":{"controlType":"sap.m.GenericTile","properties":{"header":"Bill Of Resources"}},"wdio_ui5_key":"sapm.GenericTile{\"header\":\"Bill Of Resources\"}"}]}
RESULT: {"script":"<script> [1562 bytes]","args":[{"selector":{"controlType":"sap.m.GenericTile","properties":{"header":"Bill Of Resources"}},"wdio_ui5_key":"sapm.GenericTile{\"header\":\"Bill Of Resources\"}"}]}
RESULT: undefined
COMMAND: POST /session/84d2e465ad1a756c73cdcf8ee9105872/element - {"using":"xpath","value":"//*[@id=\"__tile34\"]"}
RESULT: {"using":"xpath","value":"//*[@id=\"__tile34\"]"}
COMMAND: POST /session/84d2e465ad1a756c73cdcf8ee9105872/element/f.14F0DAFB548778C01F0F0F35C125AEB5.d.55B6BD48D7565107E1B4F23FF7CCF5D6.e.1189/click - {}
RESULT: {}
COMMAND: GET /session/84d2e465ad1a756c73cdcf8ee9105872/screenshot - {}
RESULT: {}
COMMAND: POST /session/84d2e465ad1a756c73cdcf8ee9105872/elements - {"using":"xpath","value":"//span[text()='Error']"}
RESULT: {"using":"xpath","value":"//span[text()='Error']"}
RESULT: undefined
COMMAND: POST /session/84d2e465ad1a756c73cdcf8ee9105872/element - {"using":"xpath","value":"//*[@id=\"__tile34\"]"}
RESULT: {"using":"xpath","value":"//*[@id=\"__tile34\"]"}
COMMAND: POST /session/84d2e465ad1a756c73cdcf8ee9105872/element/f.14F0DAFB548778C01F0F0F35C125AEB5.d.55B6BD48D7565107E1B4F23FF7CCF5D6.e.1189/click - {}
RESULT: undefined
COMMAND: POST /session/84d2e465ad1a756c73cdcf8ee9105872/element - {"using":"xpath","value":"//*[@id=\"__tile34\"]"}
RESULT: {"using":"xpath","value":"//*[@id=\"__tile34\"]"}
COMMAND: POST /session/84d2e465ad1a756c73cdcf8ee9105872/element/f.14F0DAFB548778C01F0F0F35C125AEB5.d.55B6BD48D7565107E1B4F23FF7CCF5D6.e.1189/click - {}
RESULT: undefined
COMMAND: POST /session/84d2e465ad1a756c73cdcf8ee9105872/execute/async - {"script":"<script> [6424 bytes]","args":[{"element-6066-11e4-a52e-4f735466cecf":"f.14F0DAFB548778C01F0F0F35C125AEB5.d.55B6BD48D7565107E1B4F23FF7CCF5D6.e.287"},"getTitle",[]]}
COMMAND: POST /session/84d2e465ad1a756c73cdcf8ee9105872/execute/async - {"script":"<script> [1562 bytes]","args":[{"selector":{"id":"shellAppTitle"},"wdio_ui5_key":"shellAppTitle"}]}
RESULT: {"script":"<script> [1562 bytes]","args":[{"selector":{"id":"shellAppTitle"},"wdio_ui5_key":"shellAppTitle"}]}
COMMAND: POST /session/84d2e465ad1a756c73cdcf8ee9105872/execute/async - {"script":"<script> [6424 bytes]","args":[{"element-6066-11e4-a52e-4f735466cecf":"f.14F0DAFB548778C01F0F0F35C125AEB5.d.55B6BD48D7565107E1B4F23FF7CCF5D6.e.1514"},"getTitle",[]]}
RESULT: {"script":"<script> [6424 bytes]","args":[{"element-6066-11e4-a52e-4f735466cecf":"f.14F0DAFB548778C01F0F0F35C125AEB5.d.55B6BD48D7565107E1B4F23FF7CCF5D6.e.1514"},"getTitle",[]]}
RESULT: undefined
COMMAND: POST /session/84d2e465ad1a756c73cdcf8ee9105872/element/f.14F0DAFB548778C01F0F0F35C125AEB5.d.55B6BD48D7565107E1B4F23FF7CCF5D6.e.988/click - {}
COMMAND: POST /session/84d2e465ad1a756c73cdcf8ee9105872/element - {"using":"xpath","value":"//*[@id=\"backBtn\"]"}
RESULT: {"using":"xpath","value":"//*[@id=\"backBtn\"]"}
COMMAND: POST /session/84d2e465ad1a756c73cdcf8ee9105872/element/f.14F0DAFB548778C01F0F0F35C125AEB5.d.55B6BD48D7565107E1B4F23FF7CCF5D6.e.988/click - {}
COMMAND: POST /session/84d2e465ad1a756c73cdcf8ee9105872/element - {"using":"xpath","value":"//*[@id=\"backBtn\"]"}
RESULT: {"using":"xpath","value":"//*[@id=\"backBtn\"]"}
COMMAND: POST /session/84d2e465ad1a756c73cdcf8ee9105872/element/f.14F0DAFB548778C01F0F0F35C125AEB5.d.55B6BD48D7565107E1B4F23FF7CCF5D6.e.1515/click - {}
RESULT: {}
COMMAND: GET /session/84d2e465ad1a756c73cdcf8ee9105872/screenshot - {}
RESULT: {}
]]></system-out>
    </testcase>
    <testcase classname="chrome.136_0_7103_93.windows.Sanity_Tests_US104253" name="Should open Manage Yards page" time="36.173">
      <system-out><![CDATA[
COMMAND: POST /session/84d2e465ad1a756c73cdcf8ee9105872/execute/async - {"script":"<script> [1562 bytes]","args":[{"selector":{"controlType":"sap.m.GenericTile","properties":{"header":"Manage Yards"}},"wdio_ui5_key":"sapm.GenericTile{\"header\":\"Manage Yards\"}"}]}
RESULT: {"script":"<script> [1562 bytes]","args":[{"selector":{"controlType":"sap.m.GenericTile","properties":{"header":"Manage Yards"}},"wdio_ui5_key":"sapm.GenericTile{\"header\":\"Manage Yards\"}"}]}
RESULT: undefined
COMMAND: POST /session/84d2e465ad1a756c73cdcf8ee9105872/element - {"using":"xpath","value":"//*[@id=\"__tile41\"]"}
RESULT: {"using":"xpath","value":"//*[@id=\"__tile41\"]"}
COMMAND: POST /session/84d2e465ad1a756c73cdcf8ee9105872/element/f.14F0DAFB548778C01F0F0F35C125AEB5.d.55B6BD48D7565107E1B4F23FF7CCF5D6.e.1517/click - {}
RESULT: {}
COMMAND: GET /session/84d2e465ad1a756c73cdcf8ee9105872/screenshot - {}
RESULT: {}
COMMAND: POST /session/84d2e465ad1a756c73cdcf8ee9105872/elements - {"using":"xpath","value":"//span[text()='Error']"}
RESULT: {"using":"xpath","value":"//span[text()='Error']"}
RESULT: undefined
COMMAND: POST /session/84d2e465ad1a756c73cdcf8ee9105872/element - {"using":"xpath","value":"//*[@id=\"__tile41\"]"}
RESULT: {"using":"xpath","value":"//*[@id=\"__tile41\"]"}
COMMAND: POST /session/84d2e465ad1a756c73cdcf8ee9105872/element/f.14F0DAFB548778C01F0F0F35C125AEB5.d.55B6BD48D7565107E1B4F23FF7CCF5D6.e.1517/click - {}
RESULT: undefined
COMMAND: POST /session/84d2e465ad1a756c73cdcf8ee9105872/element - {"using":"xpath","value":"//*[@id=\"__tile41\"]"}
RESULT: {"using":"xpath","value":"//*[@id=\"__tile41\"]"}
COMMAND: POST /session/84d2e465ad1a756c73cdcf8ee9105872/element/f.14F0DAFB548778C01F0F0F35C125AEB5.d.55B6BD48D7565107E1B4F23FF7CCF5D6.e.1517/click - {}
RESULT: undefined
COMMAND: POST /session/84d2e465ad1a756c73cdcf8ee9105872/execute/async - {"script":"<script> [6424 bytes]","args":[{"element-6066-11e4-a52e-4f735466cecf":"f.14F0DAFB548778C01F0F0F35C125AEB5.d.55B6BD48D7565107E1B4F23FF7CCF5D6.e.287"},"getTitle",[]]}
COMMAND: POST /session/84d2e465ad1a756c73cdcf8ee9105872/execute/async - {"script":"<script> [1562 bytes]","args":[{"selector":{"id":"shellAppTitle"},"wdio_ui5_key":"shellAppTitle"}]}
RESULT: {"script":"<script> [1562 bytes]","args":[{"selector":{"id":"shellAppTitle"},"wdio_ui5_key":"shellAppTitle"}]}
COMMAND: POST /session/84d2e465ad1a756c73cdcf8ee9105872/execute/async - {"script":"<script> [6424 bytes]","args":[{"element-6066-11e4-a52e-4f735466cecf":"f.14F0DAFB548778C01F0F0F35C125AEB5.d.55B6BD48D7565107E1B4F23FF7CCF5D6.e.1697"},"getTitle",[]]}
RESULT: {"script":"<script> [6424 bytes]","args":[{"element-6066-11e4-a52e-4f735466cecf":"f.14F0DAFB548778C01F0F0F35C125AEB5.d.55B6BD48D7565107E1B4F23FF7CCF5D6.e.1697"},"getTitle",[]]}
RESULT: undefined
COMMAND: POST /session/84d2e465ad1a756c73cdcf8ee9105872/element/f.14F0DAFB548778C01F0F0F35C125AEB5.d.55B6BD48D7565107E1B4F23FF7CCF5D6.e.1515/click - {}
RESULT: {}
COMMAND: GET /session/84d2e465ad1a756c73cdcf8ee9105872/screenshot - {}
RESULT: {}
]]></system-out>
    </testcase>
    <testcase classname="chrome.136_0_7103_93.windows.Sanity_Tests_US104253" name="Should open Manage Requests page" time="37.601">
      <system-out><![CDATA[
COMMAND: POST /session/84d2e465ad1a756c73cdcf8ee9105872/execute/async - {"script":"<script> [1562 bytes]","args":[{"selector":{"controlType":"sap.m.GenericTile","properties":{"header":"Manage Requests"}},"wdio_ui5_key":"sapm.GenericTile{\"header\":\"Manage Requests\"}"}]}
RESULT: {"script":"<script> [1562 bytes]","args":[{"selector":{"controlType":"sap.m.GenericTile","properties":{"header":"Manage Requests"}},"wdio_ui5_key":"sapm.GenericTile{\"header\":\"Manage Requests\"}"}]}
RESULT: undefined
COMMAND: POST /session/84d2e465ad1a756c73cdcf8ee9105872/element - {"using":"xpath","value":"//*[@id=\"__tile47\"]"}
RESULT: {"using":"xpath","value":"//*[@id=\"__tile47\"]"}
COMMAND: POST /session/84d2e465ad1a756c73cdcf8ee9105872/element/f.14F0DAFB548778C01F0F0F35C125AEB5.d.55B6BD48D7565107E1B4F23FF7CCF5D6.e.1699/click - {}
RESULT: {}
COMMAND: GET /session/84d2e465ad1a756c73cdcf8ee9105872/screenshot - {}
RESULT: {}
COMMAND: POST /session/84d2e465ad1a756c73cdcf8ee9105872/elements - {"using":"xpath","value":"//span[text()='Error']"}
RESULT: {"using":"xpath","value":"//span[text()='Error']"}
RESULT: undefined
COMMAND: POST /session/84d2e465ad1a756c73cdcf8ee9105872/element - {"using":"xpath","value":"//*[@id=\"__tile47\"]"}
RESULT: {"using":"xpath","value":"//*[@id=\"__tile47\"]"}
COMMAND: POST /session/84d2e465ad1a756c73cdcf8ee9105872/element/f.14F0DAFB548778C01F0F0F35C125AEB5.d.55B6BD48D7565107E1B4F23FF7CCF5D6.e.1699/click - {}
RESULT: undefined
COMMAND: POST /session/84d2e465ad1a756c73cdcf8ee9105872/element - {"using":"xpath","value":"//*[@id=\"__tile47\"]"}
RESULT: {"using":"xpath","value":"//*[@id=\"__tile47\"]"}
COMMAND: POST /session/84d2e465ad1a756c73cdcf8ee9105872/element/f.14F0DAFB548778C01F0F0F35C125AEB5.d.55B6BD48D7565107E1B4F23FF7CCF5D6.e.1699/click - {}
RESULT: undefined
COMMAND: POST /session/84d2e465ad1a756c73cdcf8ee9105872/execute/async - {"script":"<script> [6424 bytes]","args":[{"element-6066-11e4-a52e-4f735466cecf":"f.14F0DAFB548778C01F0F0F35C125AEB5.d.55B6BD48D7565107E1B4F23FF7CCF5D6.e.287"},"getTitle",[]]}
COMMAND: POST /session/84d2e465ad1a756c73cdcf8ee9105872/execute/async - {"script":"<script> [1562 bytes]","args":[{"selector":{"id":"shellAppTitle"},"wdio_ui5_key":"shellAppTitle"}]}
RESULT: {"script":"<script> [1562 bytes]","args":[{"selector":{"id":"shellAppTitle"},"wdio_ui5_key":"shellAppTitle"}]}
COMMAND: POST /session/84d2e465ad1a756c73cdcf8ee9105872/execute/async - {"script":"<script> [6424 bytes]","args":[{"element-6066-11e4-a52e-4f735466cecf":"f.14F0DAFB548778C01F0F0F35C125AEB5.d.55B6BD48D7565107E1B4F23FF7CCF5D6.e.1803"},"getTitle",[]]}
RESULT: {"script":"<script> [6424 bytes]","args":[{"element-6066-11e4-a52e-4f735466cecf":"f.14F0DAFB548778C01F0F0F35C125AEB5.d.55B6BD48D7565107E1B4F23FF7CCF5D6.e.1803"},"getTitle",[]]}
RESULT: undefined
COMMAND: POST /session/84d2e465ad1a756c73cdcf8ee9105872/element/f.14F0DAFB548778C01F0F0F35C125AEB5.d.55B6BD48D7565107E1B4F23FF7CCF5D6.e.1515/click - {}
COMMAND: POST /session/84d2e465ad1a756c73cdcf8ee9105872/element - {"using":"xpath","value":"//*[@id=\"backBtn\"]"}
RESULT: {"using":"xpath","value":"//*[@id=\"backBtn\"]"}
COMMAND: POST /session/84d2e465ad1a756c73cdcf8ee9105872/element/f.14F0DAFB548778C01F0F0F35C125AEB5.d.55B6BD48D7565107E1B4F23FF7CCF5D6.e.1515/click - {}
COMMAND: POST /session/84d2e465ad1a756c73cdcf8ee9105872/element - {"using":"xpath","value":"//*[@id=\"backBtn\"]"}
RESULT: {"using":"xpath","value":"//*[@id=\"backBtn\"]"}
COMMAND: POST /session/84d2e465ad1a756c73cdcf8ee9105872/element/f.14F0DAFB548778C01F0F0F35C125AEB5.d.55B6BD48D7565107E1B4F23FF7CCF5D6.e.1804/click - {}
RESULT: {}
COMMAND: GET /session/84d2e465ad1a756c73cdcf8ee9105872/screenshot - {}
RESULT: {}
]]></system-out>
    </testcase>
    <testcase classname="chrome.136_0_7103_93.windows.Sanity_Tests_US104253" name="Should open Manage Purchasing page" time="41.899">
      <system-out><![CDATA[
COMMAND: POST /session/84d2e465ad1a756c73cdcf8ee9105872/execute/async - {"script":"<script> [1562 bytes]","args":[{"selector":{"controlType":"sap.m.GenericTile","properties":{"header":"Manage Purchasing"}},"wdio_ui5_key":"sapm.GenericTile{\"header\":\"Manage Purchasing\"}"}]}
RESULT: {"script":"<script> [1562 bytes]","args":[{"selector":{"controlType":"sap.m.GenericTile","properties":{"header":"Manage Purchasing"}},"wdio_ui5_key":"sapm.GenericTile{\"header\":\"Manage Purchasing\"}"}]}
RESULT: undefined
COMMAND: POST /session/84d2e465ad1a756c73cdcf8ee9105872/element - {"using":"xpath","value":"//*[@id=\"__tile46\"]"}
RESULT: {"using":"xpath","value":"//*[@id=\"__tile46\"]"}
COMMAND: POST /session/84d2e465ad1a756c73cdcf8ee9105872/element/f.14F0DAFB548778C01F0F0F35C125AEB5.d.55B6BD48D7565107E1B4F23FF7CCF5D6.e.1807/click - {}
RESULT: {}
COMMAND: GET /session/84d2e465ad1a756c73cdcf8ee9105872/screenshot - {}
RESULT: {}
COMMAND: POST /session/84d2e465ad1a756c73cdcf8ee9105872/elements - {"using":"xpath","value":"//span[text()='Error']"}
RESULT: {"using":"xpath","value":"//span[text()='Error']"}
RESULT: undefined
COMMAND: POST /session/84d2e465ad1a756c73cdcf8ee9105872/element - {"using":"xpath","value":"//*[@id=\"__tile46\"]"}
RESULT: {"using":"xpath","value":"//*[@id=\"__tile46\"]"}
COMMAND: POST /session/84d2e465ad1a756c73cdcf8ee9105872/element/f.14F0DAFB548778C01F0F0F35C125AEB5.d.55B6BD48D7565107E1B4F23FF7CCF5D6.e.1807/click - {}
RESULT: undefined
COMMAND: POST /session/84d2e465ad1a756c73cdcf8ee9105872/element - {"using":"xpath","value":"//*[@id=\"__tile46\"]"}
RESULT: {"using":"xpath","value":"//*[@id=\"__tile46\"]"}
COMMAND: POST /session/84d2e465ad1a756c73cdcf8ee9105872/element/f.14F0DAFB548778C01F0F0F35C125AEB5.d.55B6BD48D7565107E1B4F23FF7CCF5D6.e.1807/click - {}
RESULT: undefined
COMMAND: POST /session/84d2e465ad1a756c73cdcf8ee9105872/execute/async - {"script":"<script> [6424 bytes]","args":[{"element-6066-11e4-a52e-4f735466cecf":"f.14F0DAFB548778C01F0F0F35C125AEB5.d.55B6BD48D7565107E1B4F23FF7CCF5D6.e.287"},"getTitle",[]]}
COMMAND: POST /session/84d2e465ad1a756c73cdcf8ee9105872/execute/async - {"script":"<script> [1562 bytes]","args":[{"selector":{"id":"shellAppTitle"},"wdio_ui5_key":"shellAppTitle"}]}
RESULT: {"script":"<script> [1562 bytes]","args":[{"selector":{"id":"shellAppTitle"},"wdio_ui5_key":"shellAppTitle"}]}
COMMAND: POST /session/84d2e465ad1a756c73cdcf8ee9105872/execute/async - {"script":"<script> [6424 bytes]","args":[{"element-6066-11e4-a52e-4f735466cecf":"f.14F0DAFB548778C01F0F0F35C125AEB5.d.55B6BD48D7565107E1B4F23FF7CCF5D6.e.1889"},"getTitle",[]]}
RESULT: {"script":"<script> [6424 bytes]","args":[{"element-6066-11e4-a52e-4f735466cecf":"f.14F0DAFB548778C01F0F0F35C125AEB5.d.55B6BD48D7565107E1B4F23FF7CCF5D6.e.1889"},"getTitle",[]]}
RESULT: undefined
COMMAND: POST /session/84d2e465ad1a756c73cdcf8ee9105872/element/f.14F0DAFB548778C01F0F0F35C125AEB5.d.55B6BD48D7565107E1B4F23FF7CCF5D6.e.1804/click - {}
RESULT: {}
COMMAND: GET /session/84d2e465ad1a756c73cdcf8ee9105872/screenshot - {}
RESULT: {}
]]></system-out>
    </testcase>
    <testcase classname="chrome.136_0_7103_93.windows.Sanity_Tests_US104253" name="Should open Planning Board page" time="36.771">
      <system-out><![CDATA[
COMMAND: POST /session/84d2e465ad1a756c73cdcf8ee9105872/execute/async - {"script":"<script> [1562 bytes]","args":[{"selector":{"controlType":"sap.m.GenericTile","properties":{"header":"Planning Board"}},"wdio_ui5_key":"sapm.GenericTile{\"header\":\"Planning Board\"}"}]}
RESULT: {"script":"<script> [1562 bytes]","args":[{"selector":{"controlType":"sap.m.GenericTile","properties":{"header":"Planning Board"}},"wdio_ui5_key":"sapm.GenericTile{\"header\":\"Planning Board\"}"}]}
RESULT: undefined
COMMAND: POST /session/84d2e465ad1a756c73cdcf8ee9105872/element - {"using":"xpath","value":"//*[@id=\"__tile132\"]"}
RESULT: {"using":"xpath","value":"//*[@id=\"__tile132\"]"}
COMMAND: POST /session/84d2e465ad1a756c73cdcf8ee9105872/element/f.14F0DAFB548778C01F0F0F35C125AEB5.d.55B6BD48D7565107E1B4F23FF7CCF5D6.e.1891/click - {}
RESULT: {}
COMMAND: GET /session/84d2e465ad1a756c73cdcf8ee9105872/screenshot - {}
RESULT: {}
COMMAND: POST /session/84d2e465ad1a756c73cdcf8ee9105872/elements - {"using":"xpath","value":"//span[text()='Error']"}
RESULT: {"using":"xpath","value":"//span[text()='Error']"}
RESULT: undefined
COMMAND: POST /session/84d2e465ad1a756c73cdcf8ee9105872/element - {"using":"xpath","value":"//*[@id=\"__tile132\"]"}
RESULT: {"using":"xpath","value":"//*[@id=\"__tile132\"]"}
COMMAND: POST /session/84d2e465ad1a756c73cdcf8ee9105872/element/f.14F0DAFB548778C01F0F0F35C125AEB5.d.55B6BD48D7565107E1B4F23FF7CCF5D6.e.1891/click - {}
RESULT: undefined
COMMAND: POST /session/84d2e465ad1a756c73cdcf8ee9105872/element - {"using":"xpath","value":"//*[@id=\"__tile132\"]"}
RESULT: {"using":"xpath","value":"//*[@id=\"__tile132\"]"}
COMMAND: POST /session/84d2e465ad1a756c73cdcf8ee9105872/element/f.14F0DAFB548778C01F0F0F35C125AEB5.d.55B6BD48D7565107E1B4F23FF7CCF5D6.e.1891/click - {}
RESULT: undefined
COMMAND: POST /session/84d2e465ad1a756c73cdcf8ee9105872/execute/async - {"script":"<script> [6424 bytes]","args":[{"element-6066-11e4-a52e-4f735466cecf":"f.14F0DAFB548778C01F0F0F35C125AEB5.d.55B6BD48D7565107E1B4F23FF7CCF5D6.e.287"},"getTitle",[]]}
COMMAND: POST /session/84d2e465ad1a756c73cdcf8ee9105872/execute/async - {"script":"<script> [1562 bytes]","args":[{"selector":{"id":"shellAppTitle"},"wdio_ui5_key":"shellAppTitle"}]}
RESULT: {"script":"<script> [1562 bytes]","args":[{"selector":{"id":"shellAppTitle"},"wdio_ui5_key":"shellAppTitle"}]}
COMMAND: POST /session/84d2e465ad1a756c73cdcf8ee9105872/execute/async - {"script":"<script> [6424 bytes]","args":[{"element-6066-11e4-a52e-4f735466cecf":"f.14F0DAFB548778C01F0F0F35C125AEB5.d.55B6BD48D7565107E1B4F23FF7CCF5D6.e.1942"},"getTitle",[]]}
RESULT: {"script":"<script> [6424 bytes]","args":[{"element-6066-11e4-a52e-4f735466cecf":"f.14F0DAFB548778C01F0F0F35C125AEB5.d.55B6BD48D7565107E1B4F23FF7CCF5D6.e.1942"},"getTitle",[]]}
RESULT: undefined
COMMAND: POST /session/84d2e465ad1a756c73cdcf8ee9105872/element/f.14F0DAFB548778C01F0F0F35C125AEB5.d.55B6BD48D7565107E1B4F23FF7CCF5D6.e.1804/click - {}
COMMAND: POST /session/84d2e465ad1a756c73cdcf8ee9105872/element/f.14F0DAFB548778C01F0F0F35C125AEB5.d.55B6BD48D7565107E1B4F23FF7CCF5D6.e.1804/click - {}
COMMAND: POST /session/84d2e465ad1a756c73cdcf8ee9105872/element - {"using":"xpath","value":"//*[@id=\"backBtn\"]"}
COMMAND: POST /session/84d2e465ad1a756c73cdcf8ee9105872/element - {"using":"xpath","value":"//*[@id=\"backBtn\"]"}
RESULT: {"using":"xpath","value":"//*[@id=\"backBtn\"]"}
COMMAND: POST /session/84d2e465ad1a756c73cdcf8ee9105872/element/f.14F0DAFB548778C01F0F0F35C125AEB5.d.55B6BD48D7565107E1B4F23FF7CCF5D6.e.1804/click - {}
RESULT: {"using":"xpath","value":"//*[@id=\"backBtn\"]"}
COMMAND: POST /session/84d2e465ad1a756c73cdcf8ee9105872/element/f.14F0DAFB548778C01F0F0F35C125AEB5.d.55B6BD48D7565107E1B4F23FF7CCF5D6.e.1804/click - {}
COMMAND: POST /session/84d2e465ad1a756c73cdcf8ee9105872/element - {"using":"xpath","value":"//*[@id=\"backBtn\"]"}
COMMAND: POST /session/84d2e465ad1a756c73cdcf8ee9105872/element - {"using":"xpath","value":"//*[@id=\"backBtn\"]"}
RESULT: {"using":"xpath","value":"//*[@id=\"backBtn\"]"}
COMMAND: POST /session/84d2e465ad1a756c73cdcf8ee9105872/element/f.14F0DAFB548778C01F0F0F35C125AEB5.d.55B6BD48D7565107E1B4F23FF7CCF5D6.e.1943/click - {}
RESULT: {"using":"xpath","value":"//*[@id=\"backBtn\"]"}
COMMAND: POST /session/84d2e465ad1a756c73cdcf8ee9105872/element/f.14F0DAFB548778C01F0F0F35C125AEB5.d.55B6BD48D7565107E1B4F23FF7CCF5D6.e.1943/click - {}
RESULT: {}
COMMAND: GET /session/84d2e465ad1a756c73cdcf8ee9105872/screenshot - {}
RESULT: {}
COMMAND: GET /session/84d2e465ad1a756c73cdcf8ee9105872/screenshot - {}
RESULT: {}
RESULT: {}
]]></system-out>
    </testcase>
    <testcase classname="chrome.136_0_7103_93.windows.Sanity_Tests_US104253" name="Should open Manage Contracts page" time="36.707">
      <system-out><![CDATA[
COMMAND: POST /session/84d2e465ad1a756c73cdcf8ee9105872/execute/async - {"script":"<script> [1562 bytes]","args":[{"selector":{"controlType":"sap.m.GenericTile","properties":{"header":"Manage Contracts"}},"wdio_ui5_key":"sapm.GenericTile{\"header\":\"Manage Contracts\"}"}]}
RESULT: {"script":"<script> [1562 bytes]","args":[{"selector":{"controlType":"sap.m.GenericTile","properties":{"header":"Manage Contracts"}},"wdio_ui5_key":"sapm.GenericTile{\"header\":\"Manage Contracts\"}"}]}
RESULT: undefined
COMMAND: POST /session/84d2e465ad1a756c73cdcf8ee9105872/element - {"using":"xpath","value":"//*[@id=\"__tile131\"]"}
RESULT: {"using":"xpath","value":"//*[@id=\"__tile131\"]"}
COMMAND: POST /session/84d2e465ad1a756c73cdcf8ee9105872/element/f.14F0DAFB548778C01F0F0F35C125AEB5.d.55B6BD48D7565107E1B4F23FF7CCF5D6.e.1945/click - {}
RESULT: {}
COMMAND: GET /session/84d2e465ad1a756c73cdcf8ee9105872/screenshot - {}
RESULT: {}
COMMAND: POST /session/84d2e465ad1a756c73cdcf8ee9105872/elements - {"using":"xpath","value":"//span[text()='Error']"}
RESULT: {"using":"xpath","value":"//span[text()='Error']"}
RESULT: undefined
COMMAND: POST /session/84d2e465ad1a756c73cdcf8ee9105872/element - {"using":"xpath","value":"//*[@id=\"__tile131\"]"}
RESULT: {"using":"xpath","value":"//*[@id=\"__tile131\"]"}
COMMAND: POST /session/84d2e465ad1a756c73cdcf8ee9105872/element/f.14F0DAFB548778C01F0F0F35C125AEB5.d.55B6BD48D7565107E1B4F23FF7CCF5D6.e.1945/click - {}
RESULT: undefined
COMMAND: POST /session/84d2e465ad1a756c73cdcf8ee9105872/element - {"using":"xpath","value":"//*[@id=\"__tile131\"]"}
RESULT: {"using":"xpath","value":"//*[@id=\"__tile131\"]"}
COMMAND: POST /session/84d2e465ad1a756c73cdcf8ee9105872/element/f.14F0DAFB548778C01F0F0F35C125AEB5.d.55B6BD48D7565107E1B4F23FF7CCF5D6.e.1945/click - {}
RESULT: undefined
COMMAND: POST /session/84d2e465ad1a756c73cdcf8ee9105872/execute/async - {"script":"<script> [6424 bytes]","args":[{"element-6066-11e4-a52e-4f735466cecf":"f.14F0DAFB548778C01F0F0F35C125AEB5.d.55B6BD48D7565107E1B4F23FF7CCF5D6.e.287"},"getTitle",[]]}
COMMAND: POST /session/84d2e465ad1a756c73cdcf8ee9105872/execute/async - {"script":"<script> [1562 bytes]","args":[{"selector":{"id":"shellAppTitle"},"wdio_ui5_key":"shellAppTitle"}]}
RESULT: {"script":"<script> [1562 bytes]","args":[{"selector":{"id":"shellAppTitle"},"wdio_ui5_key":"shellAppTitle"}]}
COMMAND: POST /session/84d2e465ad1a756c73cdcf8ee9105872/execute/async - {"script":"<script> [6424 bytes]","args":[{"element-6066-11e4-a52e-4f735466cecf":"f.14F0DAFB548778C01F0F0F35C125AEB5.d.55B6BD48D7565107E1B4F23FF7CCF5D6.e.2006"},"getTitle",[]]}
RESULT: {"script":"<script> [6424 bytes]","args":[{"element-6066-11e4-a52e-4f735466cecf":"f.14F0DAFB548778C01F0F0F35C125AEB5.d.55B6BD48D7565107E1B4F23FF7CCF5D6.e.2006"},"getTitle",[]]}
RESULT: undefined
COMMAND: POST /session/84d2e465ad1a756c73cdcf8ee9105872/element/f.14F0DAFB548778C01F0F0F35C125AEB5.d.55B6BD48D7565107E1B4F23FF7CCF5D6.e.1943/click - {}
RESULT: {}
COMMAND: GET /session/84d2e465ad1a756c73cdcf8ee9105872/screenshot - {}
RESULT: {}
]]></system-out>
    </testcase>
    <testcase classname="chrome.136_0_7103_93.windows.Sanity_Tests_US104253" name="Should open Manage Quotations page" time="35.906">
      <system-out><![CDATA[
COMMAND: POST /session/84d2e465ad1a756c73cdcf8ee9105872/execute/async - {"script":"<script> [1562 bytes]","args":[{"selector":{"controlType":"sap.m.GenericTile","properties":{"header":"Manage Quotations"}},"wdio_ui5_key":"sapm.GenericTile{\"header\":\"Manage Quotations\"}"}]}
RESULT: {"script":"<script> [1562 bytes]","args":[{"selector":{"controlType":"sap.m.GenericTile","properties":{"header":"Manage Quotations"}},"wdio_ui5_key":"sapm.GenericTile{\"header\":\"Manage Quotations\"}"}]}
RESULT: undefined
COMMAND: POST /session/84d2e465ad1a756c73cdcf8ee9105872/element - {"using":"xpath","value":"//*[@id=\"__tile133\"]"}
RESULT: {"using":"xpath","value":"//*[@id=\"__tile133\"]"}
COMMAND: POST /session/84d2e465ad1a756c73cdcf8ee9105872/element/f.14F0DAFB548778C01F0F0F35C125AEB5.d.55B6BD48D7565107E1B4F23FF7CCF5D6.e.2008/click - {}
RESULT: {}
COMMAND: GET /session/84d2e465ad1a756c73cdcf8ee9105872/screenshot - {}
RESULT: {}
COMMAND: POST /session/84d2e465ad1a756c73cdcf8ee9105872/elements - {"using":"xpath","value":"//span[text()='Error']"}
RESULT: {"using":"xpath","value":"//span[text()='Error']"}
RESULT: undefined
COMMAND: POST /session/84d2e465ad1a756c73cdcf8ee9105872/element - {"using":"xpath","value":"//*[@id=\"__tile133\"]"}
RESULT: {"using":"xpath","value":"//*[@id=\"__tile133\"]"}
COMMAND: POST /session/84d2e465ad1a756c73cdcf8ee9105872/element/f.14F0DAFB548778C01F0F0F35C125AEB5.d.55B6BD48D7565107E1B4F23FF7CCF5D6.e.2008/click - {}
RESULT: undefined
COMMAND: POST /session/84d2e465ad1a756c73cdcf8ee9105872/element - {"using":"xpath","value":"//*[@id=\"__tile133\"]"}
RESULT: {"using":"xpath","value":"//*[@id=\"__tile133\"]"}
COMMAND: POST /session/84d2e465ad1a756c73cdcf8ee9105872/element/f.14F0DAFB548778C01F0F0F35C125AEB5.d.55B6BD48D7565107E1B4F23FF7CCF5D6.e.2008/click - {}
RESULT: undefined
COMMAND: POST /session/84d2e465ad1a756c73cdcf8ee9105872/execute/async - {"script":"<script> [6424 bytes]","args":[{"element-6066-11e4-a52e-4f735466cecf":"f.14F0DAFB548778C01F0F0F35C125AEB5.d.55B6BD48D7565107E1B4F23FF7CCF5D6.e.287"},"getTitle",[]]}
COMMAND: POST /session/84d2e465ad1a756c73cdcf8ee9105872/execute/async - {"script":"<script> [1562 bytes]","args":[{"selector":{"id":"shellAppTitle"},"wdio_ui5_key":"shellAppTitle"}]}
RESULT: {"script":"<script> [1562 bytes]","args":[{"selector":{"id":"shellAppTitle"},"wdio_ui5_key":"shellAppTitle"}]}
COMMAND: POST /session/84d2e465ad1a756c73cdcf8ee9105872/execute/async - {"script":"<script> [6424 bytes]","args":[{"element-6066-11e4-a52e-4f735466cecf":"f.14F0DAFB548778C01F0F0F35C125AEB5.d.55B6BD48D7565107E1B4F23FF7CCF5D6.e.2081"},"getTitle",[]]}
RESULT: {"script":"<script> [6424 bytes]","args":[{"element-6066-11e4-a52e-4f735466cecf":"f.14F0DAFB548778C01F0F0F35C125AEB5.d.55B6BD48D7565107E1B4F23FF7CCF5D6.e.2081"},"getTitle",[]]}
RESULT: undefined
COMMAND: POST /session/84d2e465ad1a756c73cdcf8ee9105872/element/f.14F0DAFB548778C01F0F0F35C125AEB5.d.55B6BD48D7565107E1B4F23FF7CCF5D6.e.1943/click - {}
COMMAND: POST /session/84d2e465ad1a756c73cdcf8ee9105872/element - {"using":"xpath","value":"//*[@id=\"backBtn\"]"}
RESULT: {"using":"xpath","value":"//*[@id=\"backBtn\"]"}
COMMAND: POST /session/84d2e465ad1a756c73cdcf8ee9105872/element/f.14F0DAFB548778C01F0F0F35C125AEB5.d.55B6BD48D7565107E1B4F23FF7CCF5D6.e.1943/click - {}
COMMAND: POST /session/84d2e465ad1a756c73cdcf8ee9105872/element - {"using":"xpath","value":"//*[@id=\"backBtn\"]"}
RESULT: {"using":"xpath","value":"//*[@id=\"backBtn\"]"}
COMMAND: POST /session/84d2e465ad1a756c73cdcf8ee9105872/element/f.14F0DAFB548778C01F0F0F35C125AEB5.d.55B6BD48D7565107E1B4F23FF7CCF5D6.e.2082/click - {}
RESULT: {}
COMMAND: GET /session/84d2e465ad1a756c73cdcf8ee9105872/screenshot - {}
RESULT: {}
]]></system-out>
    </testcase>
    <testcase classname="chrome.136_0_7103_93.windows.Sanity_Tests_US104253" name="Should open Manage Handovers page" time="35.935">
      <system-out><![CDATA[
COMMAND: POST /session/84d2e465ad1a756c73cdcf8ee9105872/execute/async - {"script":"<script> [1562 bytes]","args":[{"selector":{"controlType":"sap.m.GenericTile","properties":{"header":"Manage Handovers"}},"wdio_ui5_key":"sapm.GenericTile{\"header\":\"Manage Handovers\"}"}]}
RESULT: {"script":"<script> [1562 bytes]","args":[{"selector":{"controlType":"sap.m.GenericTile","properties":{"header":"Manage Handovers"}},"wdio_ui5_key":"sapm.GenericTile{\"header\":\"Manage Handovers\"}"}]}
RESULT: undefined
COMMAND: POST /session/84d2e465ad1a756c73cdcf8ee9105872/element - {"using":"xpath","value":"//*[@id=\"__tile130\"]"}
RESULT: {"using":"xpath","value":"//*[@id=\"__tile130\"]"}
COMMAND: POST /session/84d2e465ad1a756c73cdcf8ee9105872/element/f.14F0DAFB548778C01F0F0F35C125AEB5.d.55B6BD48D7565107E1B4F23FF7CCF5D6.e.2084/click - {}
RESULT: {}
COMMAND: GET /session/84d2e465ad1a756c73cdcf8ee9105872/screenshot - {}
RESULT: {}
COMMAND: POST /session/84d2e465ad1a756c73cdcf8ee9105872/elements - {"using":"xpath","value":"//span[text()='Error']"}
RESULT: {"using":"xpath","value":"//span[text()='Error']"}
RESULT: undefined
COMMAND: POST /session/84d2e465ad1a756c73cdcf8ee9105872/element - {"using":"xpath","value":"//*[@id=\"__tile130\"]"}
RESULT: {"using":"xpath","value":"//*[@id=\"__tile130\"]"}
COMMAND: POST /session/84d2e465ad1a756c73cdcf8ee9105872/element/f.14F0DAFB548778C01F0F0F35C125AEB5.d.55B6BD48D7565107E1B4F23FF7CCF5D6.e.2084/click - {}
RESULT: undefined
COMMAND: POST /session/84d2e465ad1a756c73cdcf8ee9105872/element - {"using":"xpath","value":"//*[@id=\"__tile130\"]"}
RESULT: {"using":"xpath","value":"//*[@id=\"__tile130\"]"}
COMMAND: POST /session/84d2e465ad1a756c73cdcf8ee9105872/element/f.14F0DAFB548778C01F0F0F35C125AEB5.d.55B6BD48D7565107E1B4F23FF7CCF5D6.e.2084/click - {}
RESULT: undefined
COMMAND: POST /session/84d2e465ad1a756c73cdcf8ee9105872/execute/async - {"script":"<script> [6424 bytes]","args":[{"element-6066-11e4-a52e-4f735466cecf":"f.14F0DAFB548778C01F0F0F35C125AEB5.d.55B6BD48D7565107E1B4F23FF7CCF5D6.e.287"},"getTitle",[]]}
COMMAND: POST /session/84d2e465ad1a756c73cdcf8ee9105872/execute/async - {"script":"<script> [1562 bytes]","args":[{"selector":{"id":"shellAppTitle"},"wdio_ui5_key":"shellAppTitle"}]}
RESULT: {"script":"<script> [1562 bytes]","args":[{"selector":{"id":"shellAppTitle"},"wdio_ui5_key":"shellAppTitle"}]}
COMMAND: POST /session/84d2e465ad1a756c73cdcf8ee9105872/execute/async - {"script":"<script> [6424 bytes]","args":[{"element-6066-11e4-a52e-4f735466cecf":"f.14F0DAFB548778C01F0F0F35C125AEB5.d.55B6BD48D7565107E1B4F23FF7CCF5D6.e.2299"},"getTitle",[]]}
RESULT: {"script":"<script> [6424 bytes]","args":[{"element-6066-11e4-a52e-4f735466cecf":"f.14F0DAFB548778C01F0F0F35C125AEB5.d.55B6BD48D7565107E1B4F23FF7CCF5D6.e.2299"},"getTitle",[]]}
RESULT: undefined
COMMAND: POST /session/84d2e465ad1a756c73cdcf8ee9105872/element/f.14F0DAFB548778C01F0F0F35C125AEB5.d.55B6BD48D7565107E1B4F23FF7CCF5D6.e.2082/click - {}
RESULT: {}
COMMAND: GET /session/84d2e465ad1a756c73cdcf8ee9105872/screenshot - {}
RESULT: {}
]]></system-out>
    </testcase>
    <testcase classname="chrome.136_0_7103_93.windows.Sanity_Tests_US104253" name="Should open Delivery Monitor page" time="36.661">
      <system-out><![CDATA[
COMMAND: POST /session/84d2e465ad1a756c73cdcf8ee9105872/execute/async - {"script":"<script> [1562 bytes]","args":[{"selector":{"controlType":"sap.m.GenericTile","properties":{"header":"Delivery Monitor"}},"wdio_ui5_key":"sapm.GenericTile{\"header\":\"Delivery Monitor\"}"}]}
RESULT: {"script":"<script> [1562 bytes]","args":[{"selector":{"controlType":"sap.m.GenericTile","properties":{"header":"Delivery Monitor"}},"wdio_ui5_key":"sapm.GenericTile{\"header\":\"Delivery Monitor\"}"}]}
RESULT: undefined
COMMAND: POST /session/84d2e465ad1a756c73cdcf8ee9105872/element - {"using":"xpath","value":"//*[@id=\"__tile43\"]"}
RESULT: {"using":"xpath","value":"//*[@id=\"__tile43\"]"}
COMMAND: POST /session/84d2e465ad1a756c73cdcf8ee9105872/element/f.14F0DAFB548778C01F0F0F35C125AEB5.d.55B6BD48D7565107E1B4F23FF7CCF5D6.e.2301/click - {}
RESULT: {}
COMMAND: GET /session/84d2e465ad1a756c73cdcf8ee9105872/screenshot - {}
RESULT: {}
COMMAND: POST /session/84d2e465ad1a756c73cdcf8ee9105872/elements - {"using":"xpath","value":"//span[text()='Error']"}
RESULT: {"using":"xpath","value":"//span[text()='Error']"}
RESULT: undefined
COMMAND: POST /session/84d2e465ad1a756c73cdcf8ee9105872/element - {"using":"xpath","value":"//*[@id=\"__tile43\"]"}
RESULT: {"using":"xpath","value":"//*[@id=\"__tile43\"]"}
COMMAND: POST /session/84d2e465ad1a756c73cdcf8ee9105872/element/f.14F0DAFB548778C01F0F0F35C125AEB5.d.55B6BD48D7565107E1B4F23FF7CCF5D6.e.2301/click - {}
RESULT: undefined
COMMAND: POST /session/84d2e465ad1a756c73cdcf8ee9105872/element - {"using":"xpath","value":"//*[@id=\"__tile43\"]"}
RESULT: {"using":"xpath","value":"//*[@id=\"__tile43\"]"}
COMMAND: POST /session/84d2e465ad1a756c73cdcf8ee9105872/element/f.14F0DAFB548778C01F0F0F35C125AEB5.d.55B6BD48D7565107E1B4F23FF7CCF5D6.e.2301/click - {}
RESULT: undefined
COMMAND: POST /session/84d2e465ad1a756c73cdcf8ee9105872/execute/async - {"script":"<script> [6424 bytes]","args":[{"element-6066-11e4-a52e-4f735466cecf":"f.14F0DAFB548778C01F0F0F35C125AEB5.d.55B6BD48D7565107E1B4F23FF7CCF5D6.e.287"},"getTitle",[]]}
COMMAND: POST /session/84d2e465ad1a756c73cdcf8ee9105872/execute/async - {"script":"<script> [1562 bytes]","args":[{"selector":{"id":"shellAppTitle"},"wdio_ui5_key":"shellAppTitle"}]}
RESULT: {"script":"<script> [1562 bytes]","args":[{"selector":{"id":"shellAppTitle"},"wdio_ui5_key":"shellAppTitle"}]}
COMMAND: POST /session/84d2e465ad1a756c73cdcf8ee9105872/execute/async - {"script":"<script> [6424 bytes]","args":[{"element-6066-11e4-a52e-4f735466cecf":"f.14F0DAFB548778C01F0F0F35C125AEB5.d.55B6BD48D7565107E1B4F23FF7CCF5D6.e.2488"},"getTitle",[]]}
RESULT: {"script":"<script> [6424 bytes]","args":[{"element-6066-11e4-a52e-4f735466cecf":"f.14F0DAFB548778C01F0F0F35C125AEB5.d.55B6BD48D7565107E1B4F23FF7CCF5D6.e.2488"},"getTitle",[]]}
RESULT: undefined
COMMAND: POST /session/84d2e465ad1a756c73cdcf8ee9105872/element/f.14F0DAFB548778C01F0F0F35C125AEB5.d.55B6BD48D7565107E1B4F23FF7CCF5D6.e.2082/click - {}
COMMAND: POST /session/84d2e465ad1a756c73cdcf8ee9105872/element - {"using":"xpath","value":"//*[@id=\"backBtn\"]"}
RESULT: {"using":"xpath","value":"//*[@id=\"backBtn\"]"}
COMMAND: POST /session/84d2e465ad1a756c73cdcf8ee9105872/element/f.14F0DAFB548778C01F0F0F35C125AEB5.d.55B6BD48D7565107E1B4F23FF7CCF5D6.e.2082/click - {}
COMMAND: POST /session/84d2e465ad1a756c73cdcf8ee9105872/element - {"using":"xpath","value":"//*[@id=\"backBtn\"]"}
RESULT: {"using":"xpath","value":"//*[@id=\"backBtn\"]"}
COMMAND: POST /session/84d2e465ad1a756c73cdcf8ee9105872/element/f.14F0DAFB548778C01F0F0F35C125AEB5.d.55B6BD48D7565107E1B4F23FF7CCF5D6.e.2489/click - {}
RESULT: {}
COMMAND: GET /session/84d2e465ad1a756c73cdcf8ee9105872/screenshot - {}
RESULT: {}
]]></system-out>
    </testcase>
    <testcase classname="chrome.136_0_7103_93.windows.Sanity_Tests_US104253" name="Should open Manage Calendar Exceptions page" time="35.884">
      <system-out><![CDATA[
COMMAND: POST /session/84d2e465ad1a756c73cdcf8ee9105872/execute/async - {"script":"<script> [1562 bytes]","args":[{"selector":{"controlType":"sap.m.GenericTile","properties":{"header":"Manage Calendar Exceptions"}},"wdio_ui5_key":"sapm.GenericTile{\"header\":\"Manage Calendar Exceptions\"}"}]}
RESULT: {"script":"<script> [1562 bytes]","args":[{"selector":{"controlType":"sap.m.GenericTile","properties":{"header":"Manage Calendar Exceptions"}},"wdio_ui5_key":"sapm.GenericTile{\"header\":\"Manage Calendar Exceptions\"}"}]}
RESULT: undefined
COMMAND: POST /session/84d2e465ad1a756c73cdcf8ee9105872/element - {"using":"xpath","value":"//*[@id=\"__tile52\"]"}
RESULT: {"using":"xpath","value":"//*[@id=\"__tile52\"]"}
COMMAND: POST /session/84d2e465ad1a756c73cdcf8ee9105872/element/f.14F0DAFB548778C01F0F0F35C125AEB5.d.55B6BD48D7565107E1B4F23FF7CCF5D6.e.2491/click - {}
RESULT: {}
COMMAND: GET /session/84d2e465ad1a756c73cdcf8ee9105872/screenshot - {}
RESULT: {}
COMMAND: POST /session/84d2e465ad1a756c73cdcf8ee9105872/elements - {"using":"xpath","value":"//span[text()='Error']"}
RESULT: {"using":"xpath","value":"//span[text()='Error']"}
RESULT: undefined
COMMAND: POST /session/84d2e465ad1a756c73cdcf8ee9105872/element - {"using":"xpath","value":"//*[@id=\"__tile52\"]"}
RESULT: {"using":"xpath","value":"//*[@id=\"__tile52\"]"}
COMMAND: POST /session/84d2e465ad1a756c73cdcf8ee9105872/element/f.14F0DAFB548778C01F0F0F35C125AEB5.d.55B6BD48D7565107E1B4F23FF7CCF5D6.e.2491/click - {}
RESULT: undefined
COMMAND: POST /session/84d2e465ad1a756c73cdcf8ee9105872/element - {"using":"xpath","value":"//*[@id=\"__tile52\"]"}
RESULT: {"using":"xpath","value":"//*[@id=\"__tile52\"]"}
COMMAND: POST /session/84d2e465ad1a756c73cdcf8ee9105872/element/f.14F0DAFB548778C01F0F0F35C125AEB5.d.55B6BD48D7565107E1B4F23FF7CCF5D6.e.2491/click - {}
RESULT: undefined
COMMAND: POST /session/84d2e465ad1a756c73cdcf8ee9105872/execute/async - {"script":"<script> [6424 bytes]","args":[{"element-6066-11e4-a52e-4f735466cecf":"f.14F0DAFB548778C01F0F0F35C125AEB5.d.55B6BD48D7565107E1B4F23FF7CCF5D6.e.287"},"getTitle",[]]}
COMMAND: POST /session/84d2e465ad1a756c73cdcf8ee9105872/execute/async - {"script":"<script> [1562 bytes]","args":[{"selector":{"id":"shellAppTitle"},"wdio_ui5_key":"shellAppTitle"}]}
RESULT: {"script":"<script> [1562 bytes]","args":[{"selector":{"id":"shellAppTitle"},"wdio_ui5_key":"shellAppTitle"}]}
COMMAND: POST /session/84d2e465ad1a756c73cdcf8ee9105872/execute/async - {"script":"<script> [6424 bytes]","args":[{"element-6066-11e4-a52e-4f735466cecf":"f.14F0DAFB548778C01F0F0F35C125AEB5.d.55B6BD48D7565107E1B4F23FF7CCF5D6.e.2568"},"getTitle",[]]}
RESULT: {"script":"<script> [6424 bytes]","args":[{"element-6066-11e4-a52e-4f735466cecf":"f.14F0DAFB548778C01F0F0F35C125AEB5.d.55B6BD48D7565107E1B4F23FF7CCF5D6.e.2568"},"getTitle",[]]}
RESULT: undefined
COMMAND: POST /session/84d2e465ad1a756c73cdcf8ee9105872/element/f.14F0DAFB548778C01F0F0F35C125AEB5.d.55B6BD48D7565107E1B4F23FF7CCF5D6.e.2489/click - {}
RESULT: {}
COMMAND: GET /session/84d2e465ad1a756c73cdcf8ee9105872/screenshot - {}
RESULT: {}
]]></system-out>
    </testcase>
    <testcase classname="chrome.136_0_7103_93.windows.Sanity_Tests_US104253" name="Should open Manage States Performance page" time="36.04">
      <system-out><![CDATA[
COMMAND: POST /session/84d2e465ad1a756c73cdcf8ee9105872/execute/async - {"script":"<script> [1562 bytes]","args":[{"selector":{"controlType":"sap.m.GenericTile","properties":{"header":"Manage States & Performance"}},"wdio_ui5_key":"sapm.GenericTile{\"header\":\"Manage States & Performance\"}"}]}
RESULT: {"script":"<script> [1562 bytes]","args":[{"selector":{"controlType":"sap.m.GenericTile","properties":{"header":"Manage States & Performance"}},"wdio_ui5_key":"sapm.GenericTile{\"header\":\"Manage States & Performance\"}"}]}
RESULT: undefined
COMMAND: POST /session/84d2e465ad1a756c73cdcf8ee9105872/element - {"using":"xpath","value":"//*[@id=\"__tile56\"]"}
RESULT: {"using":"xpath","value":"//*[@id=\"__tile56\"]"}
COMMAND: POST /session/84d2e465ad1a756c73cdcf8ee9105872/element/f.14F0DAFB548778C01F0F0F35C125AEB5.d.55B6BD48D7565107E1B4F23FF7CCF5D6.e.2572/click - {}
RESULT: {}
COMMAND: GET /session/84d2e465ad1a756c73cdcf8ee9105872/screenshot - {}
RESULT: {}
COMMAND: POST /session/84d2e465ad1a756c73cdcf8ee9105872/elements - {"using":"xpath","value":"//span[text()='Error']"}
RESULT: {"using":"xpath","value":"//span[text()='Error']"}
RESULT: undefined
COMMAND: POST /session/84d2e465ad1a756c73cdcf8ee9105872/element - {"using":"xpath","value":"//*[@id=\"__tile56\"]"}
RESULT: {"using":"xpath","value":"//*[@id=\"__tile56\"]"}
COMMAND: POST /session/84d2e465ad1a756c73cdcf8ee9105872/element/f.14F0DAFB548778C01F0F0F35C125AEB5.d.55B6BD48D7565107E1B4F23FF7CCF5D6.e.2572/click - {}
RESULT: undefined
COMMAND: POST /session/84d2e465ad1a756c73cdcf8ee9105872/element - {"using":"xpath","value":"//*[@id=\"__tile56\"]"}
RESULT: {"using":"xpath","value":"//*[@id=\"__tile56\"]"}
COMMAND: POST /session/84d2e465ad1a756c73cdcf8ee9105872/element/f.14F0DAFB548778C01F0F0F35C125AEB5.d.55B6BD48D7565107E1B4F23FF7CCF5D6.e.2572/click - {}
RESULT: undefined
COMMAND: POST /session/84d2e465ad1a756c73cdcf8ee9105872/execute/async - {"script":"<script> [6424 bytes]","args":[{"element-6066-11e4-a52e-4f735466cecf":"f.14F0DAFB548778C01F0F0F35C125AEB5.d.55B6BD48D7565107E1B4F23FF7CCF5D6.e.287"},"getTitle",[]]}
COMMAND: POST /session/84d2e465ad1a756c73cdcf8ee9105872/execute/async - {"script":"<script> [1562 bytes]","args":[{"selector":{"id":"shellAppTitle"},"wdio_ui5_key":"shellAppTitle"}]}
RESULT: {"script":"<script> [1562 bytes]","args":[{"selector":{"id":"shellAppTitle"},"wdio_ui5_key":"shellAppTitle"}]}
COMMAND: POST /session/84d2e465ad1a756c73cdcf8ee9105872/execute/async - {"script":"<script> [6424 bytes]","args":[{"element-6066-11e4-a52e-4f735466cecf":"f.14F0DAFB548778C01F0F0F35C125AEB5.d.55B6BD48D7565107E1B4F23FF7CCF5D6.e.2663"},"getTitle",[]]}
RESULT: {"script":"<script> [6424 bytes]","args":[{"element-6066-11e4-a52e-4f735466cecf":"f.14F0DAFB548778C01F0F0F35C125AEB5.d.55B6BD48D7565107E1B4F23FF7CCF5D6.e.2663"},"getTitle",[]]}
RESULT: undefined
COMMAND: POST /session/84d2e465ad1a756c73cdcf8ee9105872/element/f.14F0DAFB548778C01F0F0F35C125AEB5.d.55B6BD48D7565107E1B4F23FF7CCF5D6.e.2489/click - {}
COMMAND: POST /session/84d2e465ad1a756c73cdcf8ee9105872/element - {"using":"xpath","value":"//*[@id=\"backBtn\"]"}
RESULT: {"using":"xpath","value":"//*[@id=\"backBtn\"]"}
COMMAND: POST /session/84d2e465ad1a756c73cdcf8ee9105872/element/f.14F0DAFB548778C01F0F0F35C125AEB5.d.55B6BD48D7565107E1B4F23FF7CCF5D6.e.2489/click - {}
COMMAND: POST /session/84d2e465ad1a756c73cdcf8ee9105872/element - {"using":"xpath","value":"//*[@id=\"backBtn\"]"}
RESULT: {"using":"xpath","value":"//*[@id=\"backBtn\"]"}
COMMAND: POST /session/84d2e465ad1a756c73cdcf8ee9105872/element/f.14F0DAFB548778C01F0F0F35C125AEB5.d.55B6BD48D7565107E1B4F23FF7CCF5D6.e.2664/click - {}
RESULT: {}
COMMAND: GET /session/84d2e465ad1a756c73cdcf8ee9105872/screenshot - {}
RESULT: {}
]]></system-out>
    </testcase>
    <testcase classname="chrome.136_0_7103_93.windows.Sanity_Tests_US104253" name="Should open Manage Billings page" time="38.863">
      <system-out><![CDATA[
COMMAND: POST /session/84d2e465ad1a756c73cdcf8ee9105872/execute/async - {"script":"<script> [1562 bytes]","args":[{"selector":{"controlType":"sap.m.GenericTile","properties":{"header":"Manage Billings"}},"wdio_ui5_key":"sapm.GenericTile{\"header\":\"Manage Billings\"}"}]}
RESULT: {"script":"<script> [1562 bytes]","args":[{"selector":{"controlType":"sap.m.GenericTile","properties":{"header":"Manage Billings"}},"wdio_ui5_key":"sapm.GenericTile{\"header\":\"Manage Billings\"}"}]}
RESULT: undefined
COMMAND: POST /session/84d2e465ad1a756c73cdcf8ee9105872/element - {"using":"xpath","value":"//*[@id=\"__tile51\"]"}
RESULT: {"using":"xpath","value":"//*[@id=\"__tile51\"]"}
COMMAND: POST /session/84d2e465ad1a756c73cdcf8ee9105872/element/f.14F0DAFB548778C01F0F0F35C125AEB5.d.55B6BD48D7565107E1B4F23FF7CCF5D6.e.2666/click - {}
RESULT: {}
COMMAND: GET /session/84d2e465ad1a756c73cdcf8ee9105872/screenshot - {}
RESULT: {}
COMMAND: POST /session/84d2e465ad1a756c73cdcf8ee9105872/elements - {"using":"xpath","value":"//span[text()='Error']"}
RESULT: {"using":"xpath","value":"//span[text()='Error']"}
RESULT: undefined
COMMAND: POST /session/84d2e465ad1a756c73cdcf8ee9105872/element - {"using":"xpath","value":"//*[@id=\"__tile51\"]"}
RESULT: {"using":"xpath","value":"//*[@id=\"__tile51\"]"}
COMMAND: POST /session/84d2e465ad1a756c73cdcf8ee9105872/element/f.14F0DAFB548778C01F0F0F35C125AEB5.d.55B6BD48D7565107E1B4F23FF7CCF5D6.e.2666/click - {}
RESULT: undefined
COMMAND: POST /session/84d2e465ad1a756c73cdcf8ee9105872/element - {"using":"xpath","value":"//*[@id=\"__tile51\"]"}
RESULT: {"using":"xpath","value":"//*[@id=\"__tile51\"]"}
COMMAND: POST /session/84d2e465ad1a756c73cdcf8ee9105872/element/f.14F0DAFB548778C01F0F0F35C125AEB5.d.55B6BD48D7565107E1B4F23FF7CCF5D6.e.2666/click - {}
RESULT: undefined
COMMAND: POST /session/84d2e465ad1a756c73cdcf8ee9105872/execute/async - {"script":"<script> [6424 bytes]","args":[{"element-6066-11e4-a52e-4f735466cecf":"f.14F0DAFB548778C01F0F0F35C125AEB5.d.55B6BD48D7565107E1B4F23FF7CCF5D6.e.287"},"getTitle",[]]}
COMMAND: POST /session/84d2e465ad1a756c73cdcf8ee9105872/execute/async - {"script":"<script> [1562 bytes]","args":[{"selector":{"id":"shellAppTitle"},"wdio_ui5_key":"shellAppTitle"}]}
RESULT: {"script":"<script> [1562 bytes]","args":[{"selector":{"id":"shellAppTitle"},"wdio_ui5_key":"shellAppTitle"}]}
COMMAND: POST /session/84d2e465ad1a756c73cdcf8ee9105872/execute/async - {"script":"<script> [6424 bytes]","args":[{"element-6066-11e4-a52e-4f735466cecf":"f.14F0DAFB548778C01F0F0F35C125AEB5.d.55B6BD48D7565107E1B4F23FF7CCF5D6.e.2904"},"getTitle",[]]}
RESULT: {"script":"<script> [6424 bytes]","args":[{"element-6066-11e4-a52e-4f735466cecf":"f.14F0DAFB548778C01F0F0F35C125AEB5.d.55B6BD48D7565107E1B4F23FF7CCF5D6.e.2904"},"getTitle",[]]}
RESULT: undefined
COMMAND: POST /session/84d2e465ad1a756c73cdcf8ee9105872/element/f.14F0DAFB548778C01F0F0F35C125AEB5.d.55B6BD48D7565107E1B4F23FF7CCF5D6.e.2664/click - {}
COMMAND: POST /session/84d2e465ad1a756c73cdcf8ee9105872/element/f.14F0DAFB548778C01F0F0F35C125AEB5.d.55B6BD48D7565107E1B4F23FF7CCF5D6.e.2664/click - {}
RESULT: {}
COMMAND: GET /session/84d2e465ad1a756c73cdcf8ee9105872/screenshot - {}
COMMAND: POST /session/84d2e465ad1a756c73cdcf8ee9105872/element - {"using":"xpath","value":"//*[@id=\"backBtn\"]"}
RESULT: {}
RESULT: {"using":"xpath","value":"//*[@id=\"backBtn\"]"}
COMMAND: POST /session/84d2e465ad1a756c73cdcf8ee9105872/elements - {"using":"xpath","value":"//*[@id=\"backBtn\"]"}
RESULT: {"using":"xpath","value":"//*[@id=\"backBtn\"]"}
COMMAND: POST /session/84d2e465ad1a756c73cdcf8ee9105872/elements - {"using":"xpath","value":"//*[@id=\"backBtn\"]"}
RESULT: {"using":"xpath","value":"//*[@id=\"backBtn\"]"}
COMMAND: POST /session/84d2e465ad1a756c73cdcf8ee9105872/elements - {"using":"xpath","value":"//*[@id=\"backBtn\"]"}
RESULT: {"using":"xpath","value":"//*[@id=\"backBtn\"]"}
COMMAND: POST /session/84d2e465ad1a756c73cdcf8ee9105872/elements - {"using":"xpath","value":"//*[@id=\"backBtn\"]"}
RESULT: {"using":"xpath","value":"//*[@id=\"backBtn\"]"}
COMMAND: POST /session/84d2e465ad1a756c73cdcf8ee9105872/elements - {"using":"xpath","value":"//*[@id=\"backBtn\"]"}
RESULT: {"using":"xpath","value":"//*[@id=\"backBtn\"]"}
COMMAND: POST /session/84d2e465ad1a756c73cdcf8ee9105872/elements - {"using":"xpath","value":"//*[@id=\"backBtn\"]"}
RESULT: {"using":"xpath","value":"//*[@id=\"backBtn\"]"}
COMMAND: POST /session/84d2e465ad1a756c73cdcf8ee9105872/elements - {"using":"xpath","value":"//*[@id=\"backBtn\"]"}
RESULT: {"using":"xpath","value":"//*[@id=\"backBtn\"]"}
COMMAND: POST /session/84d2e465ad1a756c73cdcf8ee9105872/elements - {"using":"xpath","value":"//*[@id=\"backBtn\"]"}
RESULT: {"using":"xpath","value":"//*[@id=\"backBtn\"]"}
COMMAND: POST /session/84d2e465ad1a756c73cdcf8ee9105872/elements - {"using":"xpath","value":"//*[@id=\"backBtn\"]"}
RESULT: {"using":"xpath","value":"//*[@id=\"backBtn\"]"}
COMMAND: POST /session/84d2e465ad1a756c73cdcf8ee9105872/elements - {"using":"xpath","value":"//*[@id=\"backBtn\"]"}
RESULT: {"using":"xpath","value":"//*[@id=\"backBtn\"]"}
COMMAND: POST /session/84d2e465ad1a756c73cdcf8ee9105872/elements - {"using":"xpath","value":"//*[@id=\"backBtn\"]"}
RESULT: {"using":"xpath","value":"//*[@id=\"backBtn\"]"}
COMMAND: POST /session/84d2e465ad1a756c73cdcf8ee9105872/elements - {"using":"xpath","value":"//*[@id=\"backBtn\"]"}
RESULT: {"using":"xpath","value":"//*[@id=\"backBtn\"]"}
COMMAND: POST /session/84d2e465ad1a756c73cdcf8ee9105872/elements - {"using":"xpath","value":"//*[@id=\"backBtn\"]"}
RESULT: {"using":"xpath","value":"//*[@id=\"backBtn\"]"}
COMMAND: POST /session/84d2e465ad1a756c73cdcf8ee9105872/elements - {"using":"xpath","value":"//*[@id=\"backBtn\"]"}
RESULT: {"using":"xpath","value":"//*[@id=\"backBtn\"]"}
COMMAND: POST /session/84d2e465ad1a756c73cdcf8ee9105872/elements - {"using":"xpath","value":"//*[@id=\"backBtn\"]"}
RESULT: {"using":"xpath","value":"//*[@id=\"backBtn\"]"}
COMMAND: POST /session/84d2e465ad1a756c73cdcf8ee9105872/elements - {"using":"xpath","value":"//*[@id=\"backBtn\"]"}
RESULT: {"using":"xpath","value":"//*[@id=\"backBtn\"]"}
COMMAND: POST /session/84d2e465ad1a756c73cdcf8ee9105872/elements - {"using":"xpath","value":"//*[@id=\"backBtn\"]"}
RESULT: {"using":"xpath","value":"//*[@id=\"backBtn\"]"}
]]></system-out>
    </testcase>
    <testcase classname="chrome.136_0_7103_93.windows.Sanity_Tests_US104253" name="Should open Manage Conditions Prices page" time="45.301">
      <system-out><![CDATA[
COMMAND: POST /session/84d2e465ad1a756c73cdcf8ee9105872/execute/async - {"script":"<script> [1562 bytes]","args":[{"selector":{"controlType":"sap.m.GenericTile","properties":{"header":"Manage Conditions & Prices"}},"wdio_ui5_key":"sapm.GenericTile{\"header\":\"Manage Conditions & Prices\"}"}]}
COMMAND: POST /session/84d2e465ad1a756c73cdcf8ee9105872/elements - {"using":"xpath","value":"//*[@id=\"backBtn\"]"}
RESULT: {"script":"<script> [1562 bytes]","args":[{"selector":{"controlType":"sap.m.GenericTile","properties":{"header":"Manage Conditions & Prices"}},"wdio_ui5_key":"sapm.GenericTile{\"header\":\"Manage Conditions & Prices\"}"}]}
RESULT: undefined
COMMAND: POST /session/84d2e465ad1a756c73cdcf8ee9105872/element - {"using":"xpath","value":"//*[@id=\"__tile53\"]"}
RESULT: {"using":"xpath","value":"//*[@id=\"backBtn\"]"}
RESULT: {"using":"xpath","value":"//*[@id=\"__tile53\"]"}
COMMAND: POST /session/84d2e465ad1a756c73cdcf8ee9105872/element/f.14F0DAFB548778C01F0F0F35C125AEB5.d.55B6BD48D7565107E1B4F23FF7CCF5D6.e.2908/click - {}
COMMAND: POST /session/84d2e465ad1a756c73cdcf8ee9105872/elements - {"using":"xpath","value":"//*[@id=\"backBtn\"]"}
RESULT: {}
COMMAND: GET /session/84d2e465ad1a756c73cdcf8ee9105872/screenshot - {}
RESULT: {"using":"xpath","value":"//*[@id=\"backBtn\"]"}
RESULT: {}
COMMAND: POST /session/84d2e465ad1a756c73cdcf8ee9105872/elements - {"using":"xpath","value":"//*[@id=\"backBtn\"]"}
RESULT: {"using":"xpath","value":"//*[@id=\"backBtn\"]"}
COMMAND: POST /session/84d2e465ad1a756c73cdcf8ee9105872/elements - {"using":"xpath","value":"//*[@id=\"backBtn\"]"}
RESULT: {"using":"xpath","value":"//*[@id=\"backBtn\"]"}
COMMAND: POST /session/84d2e465ad1a756c73cdcf8ee9105872/element - {"using":"xpath","value":"//*[@id=\"backBtn\"]"}
RESULT: {"using":"xpath","value":"//*[@id=\"backBtn\"]"}
COMMAND: POST /session/84d2e465ad1a756c73cdcf8ee9105872/element/f.14F0DAFB548778C01F0F0F35C125AEB5.d.55B6BD48D7565107E1B4F23FF7CCF5D6.e.2664/click - {}
COMMAND: POST /session/84d2e465ad1a756c73cdcf8ee9105872/element - {"using":"xpath","value":"//*[@id=\"backBtn\"]"}
RESULT: {"using":"xpath","value":"//*[@id=\"backBtn\"]"}
COMMAND: POST /session/84d2e465ad1a756c73cdcf8ee9105872/element/f.14F0DAFB548778C01F0F0F35C125AEB5.d.55B6BD48D7565107E1B4F23FF7CCF5D6.e.2911/click - {}
RESULT: {}
COMMAND: GET /session/84d2e465ad1a756c73cdcf8ee9105872/screenshot - {}
RESULT: {}
COMMAND: POST /session/84d2e465ad1a756c73cdcf8ee9105872/elements - {"using":"xpath","value":"//span[text()='Error']"}
RESULT: {"using":"xpath","value":"//span[text()='Error']"}
RESULT: undefined
COMMAND: POST /session/84d2e465ad1a756c73cdcf8ee9105872/element - {"using":"xpath","value":"//*[@id=\"__tile53\"]"}
RESULT: {"using":"xpath","value":"//*[@id=\"__tile53\"]"}
COMMAND: POST /session/84d2e465ad1a756c73cdcf8ee9105872/element/f.14F0DAFB548778C01F0F0F35C125AEB5.d.55B6BD48D7565107E1B4F23FF7CCF5D6.e.2908/click - {}
RESULT: {}
RESULT: undefined
COMMAND: POST /session/84d2e465ad1a756c73cdcf8ee9105872/element - {"using":"xpath","value":"//*[@id=\"__tile53\"]"}
COMMAND: GET /session/84d2e465ad1a756c73cdcf8ee9105872/screenshot - {}
RESULT: {"using":"xpath","value":"//*[@id=\"__tile53\"]"}
COMMAND: POST /session/84d2e465ad1a756c73cdcf8ee9105872/element/f.14F0DAFB548778C01F0F0F35C125AEB5.d.55B6BD48D7565107E1B4F23FF7CCF5D6.e.2908/click - {}
RESULT: {}
RESULT: undefined
COMMAND: POST /session/84d2e465ad1a756c73cdcf8ee9105872/execute/async - {"script":"<script> [6424 bytes]","args":[{"element-6066-11e4-a52e-4f735466cecf":"f.14F0DAFB548778C01F0F0F35C125AEB5.d.55B6BD48D7565107E1B4F23FF7CCF5D6.e.287"},"getTitle",[]]}
COMMAND: POST /session/84d2e465ad1a756c73cdcf8ee9105872/execute/async - {"script":"<script> [1562 bytes]","args":[{"selector":{"id":"shellAppTitle"},"wdio_ui5_key":"shellAppTitle"}]}
RESULT: {"script":"<script> [1562 bytes]","args":[{"selector":{"id":"shellAppTitle"},"wdio_ui5_key":"shellAppTitle"}]}
COMMAND: POST /session/84d2e465ad1a756c73cdcf8ee9105872/execute/async - {"script":"<script> [6424 bytes]","args":[{"element-6066-11e4-a52e-4f735466cecf":"f.14F0DAFB548778C01F0F0F35C125AEB5.d.55B6BD48D7565107E1B4F23FF7CCF5D6.e.3096"},"getTitle",[]]}
RESULT: {"script":"<script> [6424 bytes]","args":[{"element-6066-11e4-a52e-4f735466cecf":"f.14F0DAFB548778C01F0F0F35C125AEB5.d.55B6BD48D7565107E1B4F23FF7CCF5D6.e.3096"},"getTitle",[]]}
RESULT: undefined
COMMAND: POST /session/84d2e465ad1a756c73cdcf8ee9105872/element/f.14F0DAFB548778C01F0F0F35C125AEB5.d.55B6BD48D7565107E1B4F23FF7CCF5D6.e.2911/click - {}
RESULT: {}
COMMAND: GET /session/84d2e465ad1a756c73cdcf8ee9105872/screenshot - {}
RESULT: {}
]]></system-out>
    </testcase>
    <testcase classname="chrome.136_0_7103_93.windows.Sanity_Tests_US104253" name="Should open Billing Transfer page" time="36.014">
      <system-out><![CDATA[
COMMAND: POST /session/84d2e465ad1a756c73cdcf8ee9105872/execute/async - {"script":"<script> [1562 bytes]","args":[{"selector":{"controlType":"sap.m.GenericTile","properties":{"header":"Billing Transfer"}},"wdio_ui5_key":"sapm.GenericTile{\"header\":\"Billing Transfer\"}"}]}
RESULT: {"script":"<script> [1562 bytes]","args":[{"selector":{"controlType":"sap.m.GenericTile","properties":{"header":"Billing Transfer"}},"wdio_ui5_key":"sapm.GenericTile{\"header\":\"Billing Transfer\"}"}]}
RESULT: undefined
COMMAND: POST /session/84d2e465ad1a756c73cdcf8ee9105872/element - {"using":"xpath","value":"//*[@id=\"__tile50\"]"}
RESULT: {"using":"xpath","value":"//*[@id=\"__tile50\"]"}
COMMAND: POST /session/84d2e465ad1a756c73cdcf8ee9105872/element/f.14F0DAFB548778C01F0F0F35C125AEB5.d.55B6BD48D7565107E1B4F23FF7CCF5D6.e.3098/click - {}
RESULT: {}
COMMAND: GET /session/84d2e465ad1a756c73cdcf8ee9105872/screenshot - {}
RESULT: {}
COMMAND: POST /session/84d2e465ad1a756c73cdcf8ee9105872/elements - {"using":"xpath","value":"//span[text()='Error']"}
RESULT: {"using":"xpath","value":"//span[text()='Error']"}
RESULT: undefined
COMMAND: POST /session/84d2e465ad1a756c73cdcf8ee9105872/element - {"using":"xpath","value":"//*[@id=\"__tile50\"]"}
RESULT: {"using":"xpath","value":"//*[@id=\"__tile50\"]"}
COMMAND: POST /session/84d2e465ad1a756c73cdcf8ee9105872/element/f.14F0DAFB548778C01F0F0F35C125AEB5.d.55B6BD48D7565107E1B4F23FF7CCF5D6.e.3098/click - {}
RESULT: undefined
COMMAND: POST /session/84d2e465ad1a756c73cdcf8ee9105872/element - {"using":"xpath","value":"//*[@id=\"__tile50\"]"}
RESULT: {"using":"xpath","value":"//*[@id=\"__tile50\"]"}
COMMAND: POST /session/84d2e465ad1a756c73cdcf8ee9105872/element/f.14F0DAFB548778C01F0F0F35C125AEB5.d.55B6BD48D7565107E1B4F23FF7CCF5D6.e.3098/click - {}
RESULT: undefined
COMMAND: POST /session/84d2e465ad1a756c73cdcf8ee9105872/execute/async - {"script":"<script> [6424 bytes]","args":[{"element-6066-11e4-a52e-4f735466cecf":"f.14F0DAFB548778C01F0F0F35C125AEB5.d.55B6BD48D7565107E1B4F23FF7CCF5D6.e.287"},"getTitle",[]]}
COMMAND: POST /session/84d2e465ad1a756c73cdcf8ee9105872/execute/async - {"script":"<script> [1562 bytes]","args":[{"selector":{"id":"shellAppTitle"},"wdio_ui5_key":"shellAppTitle"}]}
RESULT: {"script":"<script> [1562 bytes]","args":[{"selector":{"id":"shellAppTitle"},"wdio_ui5_key":"shellAppTitle"}]}
COMMAND: POST /session/84d2e465ad1a756c73cdcf8ee9105872/execute/async - {"script":"<script> [6424 bytes]","args":[{"element-6066-11e4-a52e-4f735466cecf":"f.14F0DAFB548778C01F0F0F35C125AEB5.d.55B6BD48D7565107E1B4F23FF7CCF5D6.e.3285"},"getTitle",[]]}
RESULT: {"script":"<script> [6424 bytes]","args":[{"element-6066-11e4-a52e-4f735466cecf":"f.14F0DAFB548778C01F0F0F35C125AEB5.d.55B6BD48D7565107E1B4F23FF7CCF5D6.e.3285"},"getTitle",[]]}
RESULT: undefined
COMMAND: POST /session/84d2e465ad1a756c73cdcf8ee9105872/element/f.14F0DAFB548778C01F0F0F35C125AEB5.d.55B6BD48D7565107E1B4F23FF7CCF5D6.e.2911/click - {}
COMMAND: POST /session/84d2e465ad1a756c73cdcf8ee9105872/element - {"using":"xpath","value":"//*[@id=\"backBtn\"]"}
RESULT: {"using":"xpath","value":"//*[@id=\"backBtn\"]"}
COMMAND: POST /session/84d2e465ad1a756c73cdcf8ee9105872/element/f.14F0DAFB548778C01F0F0F35C125AEB5.d.55B6BD48D7565107E1B4F23FF7CCF5D6.e.2911/click - {}
COMMAND: POST /session/84d2e465ad1a756c73cdcf8ee9105872/element - {"using":"xpath","value":"//*[@id=\"backBtn\"]"}
RESULT: {"using":"xpath","value":"//*[@id=\"backBtn\"]"}
COMMAND: POST /session/84d2e465ad1a756c73cdcf8ee9105872/element/f.14F0DAFB548778C01F0F0F35C125AEB5.d.55B6BD48D7565107E1B4F23FF7CCF5D6.e.3286/click - {}
RESULT: {}
COMMAND: GET /session/84d2e465ad1a756c73cdcf8ee9105872/screenshot - {}
RESULT: {}
]]></system-out>
    </testcase>
    <testcase classname="chrome.136_0_7103_93.windows.Sanity_Tests_US104253" name="Should open Manage Pricing Rules page" time="35.929">
      <system-out><![CDATA[
COMMAND: POST /session/84d2e465ad1a756c73cdcf8ee9105872/execute/async - {"script":"<script> [1562 bytes]","args":[{"selector":{"controlType":"sap.m.GenericTile","properties":{"header":"Manage Pricing Rules"}},"wdio_ui5_key":"sapm.GenericTile{\"header\":\"Manage Pricing Rules\"}"}]}
RESULT: {"script":"<script> [1562 bytes]","args":[{"selector":{"controlType":"sap.m.GenericTile","properties":{"header":"Manage Pricing Rules"}},"wdio_ui5_key":"sapm.GenericTile{\"header\":\"Manage Pricing Rules\"}"}]}
RESULT: undefined
COMMAND: POST /session/84d2e465ad1a756c73cdcf8ee9105872/element - {"using":"xpath","value":"//*[@id=\"__tile55\"]"}
RESULT: {"using":"xpath","value":"//*[@id=\"__tile55\"]"}
COMMAND: POST /session/84d2e465ad1a756c73cdcf8ee9105872/element/f.14F0DAFB548778C01F0F0F35C125AEB5.d.55B6BD48D7565107E1B4F23FF7CCF5D6.e.3288/click - {}
RESULT: {}
COMMAND: GET /session/84d2e465ad1a756c73cdcf8ee9105872/screenshot - {}
RESULT: {}
COMMAND: POST /session/84d2e465ad1a756c73cdcf8ee9105872/elements - {"using":"xpath","value":"//span[text()='Error']"}
RESULT: {"using":"xpath","value":"//span[text()='Error']"}
RESULT: undefined
COMMAND: POST /session/84d2e465ad1a756c73cdcf8ee9105872/element - {"using":"xpath","value":"//*[@id=\"__tile55\"]"}
RESULT: {"using":"xpath","value":"//*[@id=\"__tile55\"]"}
COMMAND: POST /session/84d2e465ad1a756c73cdcf8ee9105872/element/f.14F0DAFB548778C01F0F0F35C125AEB5.d.55B6BD48D7565107E1B4F23FF7CCF5D6.e.3288/click - {}
RESULT: undefined
COMMAND: POST /session/84d2e465ad1a756c73cdcf8ee9105872/element - {"using":"xpath","value":"//*[@id=\"__tile55\"]"}
RESULT: {"using":"xpath","value":"//*[@id=\"__tile55\"]"}
COMMAND: POST /session/84d2e465ad1a756c73cdcf8ee9105872/element/f.14F0DAFB548778C01F0F0F35C125AEB5.d.55B6BD48D7565107E1B4F23FF7CCF5D6.e.3288/click - {}
RESULT: undefined
COMMAND: POST /session/84d2e465ad1a756c73cdcf8ee9105872/execute/async - {"script":"<script> [6424 bytes]","args":[{"element-6066-11e4-a52e-4f735466cecf":"f.14F0DAFB548778C01F0F0F35C125AEB5.d.55B6BD48D7565107E1B4F23FF7CCF5D6.e.287"},"getTitle",[]]}
COMMAND: POST /session/84d2e465ad1a756c73cdcf8ee9105872/execute/async - {"script":"<script> [1562 bytes]","args":[{"selector":{"id":"shellAppTitle"},"wdio_ui5_key":"shellAppTitle"}]}
RESULT: {"script":"<script> [1562 bytes]","args":[{"selector":{"id":"shellAppTitle"},"wdio_ui5_key":"shellAppTitle"}]}
COMMAND: POST /session/84d2e465ad1a756c73cdcf8ee9105872/execute/async - {"script":"<script> [6424 bytes]","args":[{"element-6066-11e4-a52e-4f735466cecf":"f.14F0DAFB548778C01F0F0F35C125AEB5.d.55B6BD48D7565107E1B4F23FF7CCF5D6.e.3371"},"getTitle",[]]}
RESULT: {"script":"<script> [6424 bytes]","args":[{"element-6066-11e4-a52e-4f735466cecf":"f.14F0DAFB548778C01F0F0F35C125AEB5.d.55B6BD48D7565107E1B4F23FF7CCF5D6.e.3371"},"getTitle",[]]}
RESULT: undefined
COMMAND: POST /session/84d2e465ad1a756c73cdcf8ee9105872/element/f.14F0DAFB548778C01F0F0F35C125AEB5.d.55B6BD48D7565107E1B4F23FF7CCF5D6.e.3286/click - {}
RESULT: {}
COMMAND: GET /session/84d2e465ad1a756c73cdcf8ee9105872/screenshot - {}
RESULT: {}
]]></system-out>
    </testcase>
    <testcase classname="chrome.136_0_7103_93.windows.Sanity_Tests_US104253" name="Should open Manage Price Determination Matrices page" time="36.04">
      <system-out><![CDATA[
COMMAND: POST /session/84d2e465ad1a756c73cdcf8ee9105872/execute/async - {"script":"<script> [1562 bytes]","args":[{"selector":{"controlType":"sap.m.GenericTile","properties":{"header":"Manage Price Determination Matrices"}},"wdio_ui5_key":"sapm.GenericTile{\"header\":\"Manage Price Determination Matrices\"}"}]}
RESULT: {"script":"<script> [1562 bytes]","args":[{"selector":{"controlType":"sap.m.GenericTile","properties":{"header":"Manage Price Determination Matrices"}},"wdio_ui5_key":"sapm.GenericTile{\"header\":\"Manage Price Determination Matrices\"}"}]}
RESULT: undefined
COMMAND: POST /session/84d2e465ad1a756c73cdcf8ee9105872/element - {"using":"xpath","value":"//*[@id=\"__tile54\"]"}
RESULT: {"using":"xpath","value":"//*[@id=\"__tile54\"]"}
COMMAND: POST /session/84d2e465ad1a756c73cdcf8ee9105872/element/f.14F0DAFB548778C01F0F0F35C125AEB5.d.55B6BD48D7565107E1B4F23FF7CCF5D6.e.3373/click - {}
RESULT: {}
COMMAND: GET /session/84d2e465ad1a756c73cdcf8ee9105872/screenshot - {}
RESULT: {}
COMMAND: POST /session/84d2e465ad1a756c73cdcf8ee9105872/elements - {"using":"xpath","value":"//span[text()='Error']"}
RESULT: {"using":"xpath","value":"//span[text()='Error']"}
RESULT: undefined
COMMAND: POST /session/84d2e465ad1a756c73cdcf8ee9105872/element - {"using":"xpath","value":"//*[@id=\"__tile54\"]"}
RESULT: {"using":"xpath","value":"//*[@id=\"__tile54\"]"}
COMMAND: POST /session/84d2e465ad1a756c73cdcf8ee9105872/element/f.14F0DAFB548778C01F0F0F35C125AEB5.d.55B6BD48D7565107E1B4F23FF7CCF5D6.e.3373/click - {}
RESULT: undefined
COMMAND: POST /session/84d2e465ad1a756c73cdcf8ee9105872/element - {"using":"xpath","value":"//*[@id=\"__tile54\"]"}
RESULT: {"using":"xpath","value":"//*[@id=\"__tile54\"]"}
COMMAND: POST /session/84d2e465ad1a756c73cdcf8ee9105872/element/f.14F0DAFB548778C01F0F0F35C125AEB5.d.55B6BD48D7565107E1B4F23FF7CCF5D6.e.3373/click - {}
RESULT: undefined
COMMAND: POST /session/84d2e465ad1a756c73cdcf8ee9105872/execute/async - {"script":"<script> [6424 bytes]","args":[{"element-6066-11e4-a52e-4f735466cecf":"f.14F0DAFB548778C01F0F0F35C125AEB5.d.55B6BD48D7565107E1B4F23FF7CCF5D6.e.287"},"getTitle",[]]}
COMMAND: POST /session/84d2e465ad1a756c73cdcf8ee9105872/execute/async - {"script":"<script> [1562 bytes]","args":[{"selector":{"id":"shellAppTitle"},"wdio_ui5_key":"shellAppTitle"}]}
RESULT: {"script":"<script> [1562 bytes]","args":[{"selector":{"id":"shellAppTitle"},"wdio_ui5_key":"shellAppTitle"}]}
COMMAND: POST /session/84d2e465ad1a756c73cdcf8ee9105872/execute/async - {"script":"<script> [6424 bytes]","args":[{"element-6066-11e4-a52e-4f735466cecf":"f.14F0DAFB548778C01F0F0F35C125AEB5.d.55B6BD48D7565107E1B4F23FF7CCF5D6.e.3458"},"getTitle",[]]}
RESULT: {"script":"<script> [6424 bytes]","args":[{"element-6066-11e4-a52e-4f735466cecf":"f.14F0DAFB548778C01F0F0F35C125AEB5.d.55B6BD48D7565107E1B4F23FF7CCF5D6.e.3458"},"getTitle",[]]}
RESULT: undefined
COMMAND: POST /session/84d2e465ad1a756c73cdcf8ee9105872/element/f.14F0DAFB548778C01F0F0F35C125AEB5.d.55B6BD48D7565107E1B4F23FF7CCF5D6.e.3286/click - {}
COMMAND: POST /session/84d2e465ad1a756c73cdcf8ee9105872/element - {"using":"xpath","value":"//*[@id=\"backBtn\"]"}
RESULT: {"using":"xpath","value":"//*[@id=\"backBtn\"]"}
COMMAND: POST /session/84d2e465ad1a756c73cdcf8ee9105872/element/f.14F0DAFB548778C01F0F0F35C125AEB5.d.55B6BD48D7565107E1B4F23FF7CCF5D6.e.3286/click - {}
COMMAND: POST /session/84d2e465ad1a756c73cdcf8ee9105872/element - {"using":"xpath","value":"//*[@id=\"backBtn\"]"}
RESULT: {"using":"xpath","value":"//*[@id=\"backBtn\"]"}
COMMAND: POST /session/84d2e465ad1a756c73cdcf8ee9105872/element/f.14F0DAFB548778C01F0F0F35C125AEB5.d.55B6BD48D7565107E1B4F23FF7CCF5D6.e.3459/click - {}
RESULT: {}
COMMAND: GET /session/84d2e465ad1a756c73cdcf8ee9105872/screenshot - {}
RESULT: {}
]]></system-out>
    </testcase>
    <testcase classname="chrome.136_0_7103_93.windows.Sanity_Tests_US104253" name="Should open Yard Overview page" time="41.488">
      <system-out><![CDATA[
COMMAND: POST /session/84d2e465ad1a756c73cdcf8ee9105872/execute/async - {"script":"<script> [1562 bytes]","args":[{"selector":{"controlType":"sap.m.GenericTile","properties":{"header":"Yard Overview"}},"wdio_ui5_key":"sapm.GenericTile{\"header\":\"Yard Overview\"}"}]}
RESULT: {"script":"<script> [1562 bytes]","args":[{"selector":{"controlType":"sap.m.GenericTile","properties":{"header":"Yard Overview"}},"wdio_ui5_key":"sapm.GenericTile{\"header\":\"Yard Overview\"}"}]}
RESULT: undefined
COMMAND: POST /session/84d2e465ad1a756c73cdcf8ee9105872/element - {"using":"xpath","value":"//*[@id=\"__tile102\"]"}
RESULT: {"using":"xpath","value":"//*[@id=\"__tile102\"]"}
COMMAND: POST /session/84d2e465ad1a756c73cdcf8ee9105872/element/f.14F0DAFB548778C01F0F0F35C125AEB5.d.55B6BD48D7565107E1B4F23FF7CCF5D6.e.3461/click - {}
RESULT: {}
COMMAND: GET /session/84d2e465ad1a756c73cdcf8ee9105872/screenshot - {}
RESULT: {}
COMMAND: POST /session/84d2e465ad1a756c73cdcf8ee9105872/elements - {"using":"xpath","value":"//span[text()='Error']"}
RESULT: {"using":"xpath","value":"//span[text()='Error']"}
RESULT: undefined
COMMAND: POST /session/84d2e465ad1a756c73cdcf8ee9105872/element - {"using":"xpath","value":"//*[@id=\"__tile102\"]"}
RESULT: {"using":"xpath","value":"//*[@id=\"__tile102\"]"}
COMMAND: POST /session/84d2e465ad1a756c73cdcf8ee9105872/element/f.14F0DAFB548778C01F0F0F35C125AEB5.d.55B6BD48D7565107E1B4F23FF7CCF5D6.e.3461/click - {}
RESULT: undefined
COMMAND: POST /session/84d2e465ad1a756c73cdcf8ee9105872/element - {"using":"xpath","value":"//*[@id=\"__tile102\"]"}
RESULT: {"using":"xpath","value":"//*[@id=\"__tile102\"]"}
COMMAND: POST /session/84d2e465ad1a756c73cdcf8ee9105872/element/f.14F0DAFB548778C01F0F0F35C125AEB5.d.55B6BD48D7565107E1B4F23FF7CCF5D6.e.3461/click - {}
RESULT: undefined
COMMAND: POST /session/84d2e465ad1a756c73cdcf8ee9105872/execute/async - {"script":"<script> [6424 bytes]","args":[{"element-6066-11e4-a52e-4f735466cecf":"f.14F0DAFB548778C01F0F0F35C125AEB5.d.55B6BD48D7565107E1B4F23FF7CCF5D6.e.287"},"getTitle",[]]}
COMMAND: POST /session/84d2e465ad1a756c73cdcf8ee9105872/execute/async - {"script":"<script> [1562 bytes]","args":[{"selector":{"id":"shellAppTitle"},"wdio_ui5_key":"shellAppTitle"}]}
RESULT: {"script":"<script> [1562 bytes]","args":[{"selector":{"id":"shellAppTitle"},"wdio_ui5_key":"shellAppTitle"}]}
COMMAND: POST /session/84d2e465ad1a756c73cdcf8ee9105872/execute/async - {"script":"<script> [6424 bytes]","args":[{"element-6066-11e4-a52e-4f735466cecf":"f.14F0DAFB548778C01F0F0F35C125AEB5.d.55B6BD48D7565107E1B4F23FF7CCF5D6.e.3527"},"getTitle",[]]}
RESULT: {"script":"<script> [6424 bytes]","args":[{"element-6066-11e4-a52e-4f735466cecf":"f.14F0DAFB548778C01F0F0F35C125AEB5.d.55B6BD48D7565107E1B4F23FF7CCF5D6.e.3527"},"getTitle",[]]}
RESULT: undefined
COMMAND: POST /session/84d2e465ad1a756c73cdcf8ee9105872/element/f.14F0DAFB548778C01F0F0F35C125AEB5.d.55B6BD48D7565107E1B4F23FF7CCF5D6.e.3459/click - {}
RESULT: {}
COMMAND: GET /session/84d2e465ad1a756c73cdcf8ee9105872/screenshot - {}
RESULT: {}
]]></system-out>
    </testcase>
    <testcase classname="chrome.136_0_7103_93.windows.Sanity_Tests_US104253" name="Should open Site Overview page" time="40.8">
      <system-out><![CDATA[
COMMAND: POST /session/84d2e465ad1a756c73cdcf8ee9105872/execute/async - {"script":"<script> [1562 bytes]","args":[{"selector":{"controlType":"sap.m.GenericTile","properties":{"header":"Site Overview"}},"wdio_ui5_key":"sapm.GenericTile{\"header\":\"Site Overview\"}"}]}
RESULT: {"script":"<script> [1562 bytes]","args":[{"selector":{"controlType":"sap.m.GenericTile","properties":{"header":"Site Overview"}},"wdio_ui5_key":"sapm.GenericTile{\"header\":\"Site Overview\"}"}]}
RESULT: undefined
COMMAND: POST /session/84d2e465ad1a756c73cdcf8ee9105872/element - {"using":"xpath","value":"//*[@id=\"__tile100\"]"}
RESULT: {"using":"xpath","value":"//*[@id=\"__tile100\"]"}
COMMAND: POST /session/84d2e465ad1a756c73cdcf8ee9105872/element/f.14F0DAFB548778C01F0F0F35C125AEB5.d.55B6BD48D7565107E1B4F23FF7CCF5D6.e.3530/click - {}
RESULT: {}
COMMAND: GET /session/84d2e465ad1a756c73cdcf8ee9105872/screenshot - {}
RESULT: {}
COMMAND: POST /session/84d2e465ad1a756c73cdcf8ee9105872/elements - {"using":"xpath","value":"//span[text()='Error']"}
RESULT: {"using":"xpath","value":"//span[text()='Error']"}
RESULT: undefined
COMMAND: POST /session/84d2e465ad1a756c73cdcf8ee9105872/element - {"using":"xpath","value":"//*[@id=\"__tile100\"]"}
RESULT: {"using":"xpath","value":"//*[@id=\"__tile100\"]"}
COMMAND: POST /session/84d2e465ad1a756c73cdcf8ee9105872/element/f.14F0DAFB548778C01F0F0F35C125AEB5.d.55B6BD48D7565107E1B4F23FF7CCF5D6.e.3530/click - {}
RESULT: undefined
COMMAND: POST /session/84d2e465ad1a756c73cdcf8ee9105872/element - {"using":"xpath","value":"//*[@id=\"__tile100\"]"}
RESULT: {"using":"xpath","value":"//*[@id=\"__tile100\"]"}
COMMAND: POST /session/84d2e465ad1a756c73cdcf8ee9105872/element/f.14F0DAFB548778C01F0F0F35C125AEB5.d.55B6BD48D7565107E1B4F23FF7CCF5D6.e.3530/click - {}
RESULT: undefined
COMMAND: POST /session/84d2e465ad1a756c73cdcf8ee9105872/execute/async - {"script":"<script> [6424 bytes]","args":[{"element-6066-11e4-a52e-4f735466cecf":"f.14F0DAFB548778C01F0F0F35C125AEB5.d.55B6BD48D7565107E1B4F23FF7CCF5D6.e.287"},"getTitle",[]]}
COMMAND: POST /session/84d2e465ad1a756c73cdcf8ee9105872/execute/async - {"script":"<script> [1562 bytes]","args":[{"selector":{"id":"shellAppTitle"},"wdio_ui5_key":"shellAppTitle"}]}
RESULT: {"script":"<script> [1562 bytes]","args":[{"selector":{"id":"shellAppTitle"},"wdio_ui5_key":"shellAppTitle"}]}
COMMAND: POST /session/84d2e465ad1a756c73cdcf8ee9105872/execute/async - {"script":"<script> [6424 bytes]","args":[{"element-6066-11e4-a52e-4f735466cecf":"f.14F0DAFB548778C01F0F0F35C125AEB5.d.55B6BD48D7565107E1B4F23FF7CCF5D6.e.3808"},"getTitle",[]]}
RESULT: {"script":"<script> [6424 bytes]","args":[{"element-6066-11e4-a52e-4f735466cecf":"f.14F0DAFB548778C01F0F0F35C125AEB5.d.55B6BD48D7565107E1B4F23FF7CCF5D6.e.3808"},"getTitle",[]]}
RESULT: undefined
COMMAND: POST /session/84d2e465ad1a756c73cdcf8ee9105872/element/f.14F0DAFB548778C01F0F0F35C125AEB5.d.55B6BD48D7565107E1B4F23FF7CCF5D6.e.3459/click - {}
COMMAND: POST /session/84d2e465ad1a756c73cdcf8ee9105872/element - {"using":"xpath","value":"//*[@id=\"backBtn\"]"}
RESULT: {"using":"xpath","value":"//*[@id=\"backBtn\"]"}
COMMAND: POST /session/84d2e465ad1a756c73cdcf8ee9105872/element/f.14F0DAFB548778C01F0F0F35C125AEB5.d.55B6BD48D7565107E1B4F23FF7CCF5D6.e.3459/click - {}
COMMAND: POST /session/84d2e465ad1a756c73cdcf8ee9105872/element - {"using":"xpath","value":"//*[@id=\"backBtn\"]"}
RESULT: {"using":"xpath","value":"//*[@id=\"backBtn\"]"}
COMMAND: POST /session/84d2e465ad1a756c73cdcf8ee9105872/element/f.14F0DAFB548778C01F0F0F35C125AEB5.d.55B6BD48D7565107E1B4F23FF7CCF5D6.e.3809/click - {}
RESULT: {}
COMMAND: GET /session/84d2e465ad1a756c73cdcf8ee9105872/screenshot - {}
RESULT: {}
]]></system-out>
    </testcase>
    <testcase classname="chrome.136_0_7103_93.windows.Sanity_Tests_US104253" name="Should open Trace Track Resources page" time="36.313">
      <system-out><![CDATA[
COMMAND: POST /session/84d2e465ad1a756c73cdcf8ee9105872/execute/async - {"script":"<script> [1562 bytes]","args":[{"selector":{"controlType":"sap.m.GenericTile","properties":{"header":"Trace & Track Resources"}},"wdio_ui5_key":"sapm.GenericTile{\"header\":\"Trace & Track Resources\"}"}]}
RESULT: {"script":"<script> [1562 bytes]","args":[{"selector":{"controlType":"sap.m.GenericTile","properties":{"header":"Trace & Track Resources"}},"wdio_ui5_key":"sapm.GenericTile{\"header\":\"Trace & Track Resources\"}"}]}
RESULT: undefined
COMMAND: POST /session/84d2e465ad1a756c73cdcf8ee9105872/element - {"using":"xpath","value":"//*[@id=\"__tile101\"]"}
RESULT: {"using":"xpath","value":"//*[@id=\"__tile101\"]"}
COMMAND: POST /session/84d2e465ad1a756c73cdcf8ee9105872/element/f.14F0DAFB548778C01F0F0F35C125AEB5.d.55B6BD48D7565107E1B4F23FF7CCF5D6.e.3811/click - {}
RESULT: {}
COMMAND: GET /session/84d2e465ad1a756c73cdcf8ee9105872/screenshot - {}
RESULT: {}
COMMAND: POST /session/84d2e465ad1a756c73cdcf8ee9105872/elements - {"using":"xpath","value":"//span[text()='Error']"}
RESULT: {"using":"xpath","value":"//span[text()='Error']"}
RESULT: undefined
COMMAND: POST /session/84d2e465ad1a756c73cdcf8ee9105872/element - {"using":"xpath","value":"//*[@id=\"__tile101\"]"}
RESULT: {"using":"xpath","value":"//*[@id=\"__tile101\"]"}
COMMAND: POST /session/84d2e465ad1a756c73cdcf8ee9105872/element/f.14F0DAFB548778C01F0F0F35C125AEB5.d.55B6BD48D7565107E1B4F23FF7CCF5D6.e.3811/click - {}
RESULT: undefined
COMMAND: POST /session/84d2e465ad1a756c73cdcf8ee9105872/element - {"using":"xpath","value":"//*[@id=\"__tile101\"]"}
RESULT: {"using":"xpath","value":"//*[@id=\"__tile101\"]"}
COMMAND: POST /session/84d2e465ad1a756c73cdcf8ee9105872/element/f.14F0DAFB548778C01F0F0F35C125AEB5.d.55B6BD48D7565107E1B4F23FF7CCF5D6.e.3811/click - {}
RESULT: undefined
COMMAND: POST /session/84d2e465ad1a756c73cdcf8ee9105872/execute/async - {"script":"<script> [6424 bytes]","args":[{"element-6066-11e4-a52e-4f735466cecf":"f.14F0DAFB548778C01F0F0F35C125AEB5.d.55B6BD48D7565107E1B4F23FF7CCF5D6.e.287"},"getTitle",[]]}
COMMAND: POST /session/84d2e465ad1a756c73cdcf8ee9105872/execute/async - {"script":"<script> [1562 bytes]","args":[{"selector":{"id":"shellAppTitle"},"wdio_ui5_key":"shellAppTitle"}]}
RESULT: {"script":"<script> [1562 bytes]","args":[{"selector":{"id":"shellAppTitle"},"wdio_ui5_key":"shellAppTitle"}]}
COMMAND: POST /session/84d2e465ad1a756c73cdcf8ee9105872/execute/async - {"script":"<script> [6424 bytes]","args":[{"element-6066-11e4-a52e-4f735466cecf":"f.14F0DAFB548778C01F0F0F35C125AEB5.d.55B6BD48D7565107E1B4F23FF7CCF5D6.e.3846"},"getTitle",[]]}
RESULT: {"script":"<script> [6424 bytes]","args":[{"element-6066-11e4-a52e-4f735466cecf":"f.14F0DAFB548778C01F0F0F35C125AEB5.d.55B6BD48D7565107E1B4F23FF7CCF5D6.e.3846"},"getTitle",[]]}
RESULT: undefined
COMMAND: POST /session/84d2e465ad1a756c73cdcf8ee9105872/element/f.14F0DAFB548778C01F0F0F35C125AEB5.d.55B6BD48D7565107E1B4F23FF7CCF5D6.e.3809/click - {}
RESULT: {}
COMMAND: GET /session/84d2e465ad1a756c73cdcf8ee9105872/screenshot - {}
RESULT: {}
]]></system-out>
    </testcase>
    <testcase classname="chrome.136_0_7103_93.windows.Sanity_Tests_US104253" name="Should open RU Inventory List page" time="36.374">
      <system-out><![CDATA[
COMMAND: POST /session/84d2e465ad1a756c73cdcf8ee9105872/execute/async - {"script":"<script> [1562 bytes]","args":[{"selector":{"controlType":"sap.m.GenericTile","properties":{"header":"RU Inventory List"}},"wdio_ui5_key":"sapm.GenericTile{\"header\":\"RU Inventory List\"}"}]}
RESULT: {"script":"<script> [1562 bytes]","args":[{"selector":{"controlType":"sap.m.GenericTile","properties":{"header":"RU Inventory List"}},"wdio_ui5_key":"sapm.GenericTile{\"header\":\"RU Inventory List\"}"}]}
RESULT: undefined
COMMAND: POST /session/84d2e465ad1a756c73cdcf8ee9105872/element - {"using":"xpath","value":"//*[@id=\"__tile99\"]"}
RESULT: {"using":"xpath","value":"//*[@id=\"__tile99\"]"}
COMMAND: POST /session/84d2e465ad1a756c73cdcf8ee9105872/element/f.14F0DAFB548778C01F0F0F35C125AEB5.d.55B6BD48D7565107E1B4F23FF7CCF5D6.e.3848/click - {}
RESULT: {}
COMMAND: GET /session/84d2e465ad1a756c73cdcf8ee9105872/screenshot - {}
RESULT: {}
COMMAND: POST /session/84d2e465ad1a756c73cdcf8ee9105872/elements - {"using":"xpath","value":"//span[text()='Error']"}
RESULT: {"using":"xpath","value":"//span[text()='Error']"}
RESULT: undefined
COMMAND: POST /session/84d2e465ad1a756c73cdcf8ee9105872/element - {"using":"xpath","value":"//*[@id=\"__tile99\"]"}
RESULT: {"using":"xpath","value":"//*[@id=\"__tile99\"]"}
COMMAND: POST /session/84d2e465ad1a756c73cdcf8ee9105872/element/f.14F0DAFB548778C01F0F0F35C125AEB5.d.55B6BD48D7565107E1B4F23FF7CCF5D6.e.3848/click - {}
RESULT: undefined
COMMAND: POST /session/84d2e465ad1a756c73cdcf8ee9105872/element - {"using":"xpath","value":"//*[@id=\"__tile99\"]"}
RESULT: {"using":"xpath","value":"//*[@id=\"__tile99\"]"}
COMMAND: POST /session/84d2e465ad1a756c73cdcf8ee9105872/element/f.14F0DAFB548778C01F0F0F35C125AEB5.d.55B6BD48D7565107E1B4F23FF7CCF5D6.e.3848/click - {}
RESULT: undefined
COMMAND: POST /session/84d2e465ad1a756c73cdcf8ee9105872/execute/async - {"script":"<script> [6424 bytes]","args":[{"element-6066-11e4-a52e-4f735466cecf":"f.14F0DAFB548778C01F0F0F35C125AEB5.d.55B6BD48D7565107E1B4F23FF7CCF5D6.e.287"},"getTitle",[]]}
COMMAND: POST /session/84d2e465ad1a756c73cdcf8ee9105872/execute/async - {"script":"<script> [1562 bytes]","args":[{"selector":{"id":"shellAppTitle"},"wdio_ui5_key":"shellAppTitle"}]}
RESULT: {"script":"<script> [1562 bytes]","args":[{"selector":{"id":"shellAppTitle"},"wdio_ui5_key":"shellAppTitle"}]}
COMMAND: POST /session/84d2e465ad1a756c73cdcf8ee9105872/execute/async - {"script":"<script> [6424 bytes]","args":[{"element-6066-11e4-a52e-4f735466cecf":"f.14F0DAFB548778C01F0F0F35C125AEB5.d.55B6BD48D7565107E1B4F23FF7CCF5D6.e.4046"},"getTitle",[]]}
RESULT: {"script":"<script> [6424 bytes]","args":[{"element-6066-11e4-a52e-4f735466cecf":"f.14F0DAFB548778C01F0F0F35C125AEB5.d.55B6BD48D7565107E1B4F23FF7CCF5D6.e.4046"},"getTitle",[]]}
RESULT: undefined
COMMAND: POST /session/84d2e465ad1a756c73cdcf8ee9105872/element/f.14F0DAFB548778C01F0F0F35C125AEB5.d.55B6BD48D7565107E1B4F23FF7CCF5D6.e.3809/click - {}
COMMAND: POST /session/84d2e465ad1a756c73cdcf8ee9105872/element - {"using":"xpath","value":"//*[@id=\"backBtn\"]"}
RESULT: {"using":"xpath","value":"//*[@id=\"backBtn\"]"}
COMMAND: POST /session/84d2e465ad1a756c73cdcf8ee9105872/element/f.14F0DAFB548778C01F0F0F35C125AEB5.d.55B6BD48D7565107E1B4F23FF7CCF5D6.e.3809/click - {}
COMMAND: POST /session/84d2e465ad1a756c73cdcf8ee9105872/element - {"using":"xpath","value":"//*[@id=\"backBtn\"]"}
RESULT: {"using":"xpath","value":"//*[@id=\"backBtn\"]"}
COMMAND: POST /session/84d2e465ad1a756c73cdcf8ee9105872/element/f.14F0DAFB548778C01F0F0F35C125AEB5.d.55B6BD48D7565107E1B4F23FF7CCF5D6.e.4047/click - {}
RESULT: {}
COMMAND: GET /session/84d2e465ad1a756c73cdcf8ee9105872/screenshot - {}
RESULT: {}
]]></system-out>
    </testcase>
    <testcase classname="chrome.136_0_7103_93.windows.Sanity_Tests_US104253" name="Should open Contracts Dashboard page" time="39.672">
      <system-out><![CDATA[
COMMAND: POST /session/84d2e465ad1a756c73cdcf8ee9105872/execute/async - {"script":"<script> [1562 bytes]","args":[{"selector":{"controlType":"sap.m.GenericTile","properties":{"header":"Contracts Dashboard"}},"wdio_ui5_key":"sapm.GenericTile{\"header\":\"Contracts Dashboard\"}"}]}
RESULT: {"script":"<script> [1562 bytes]","args":[{"selector":{"controlType":"sap.m.GenericTile","properties":{"header":"Contracts Dashboard"}},"wdio_ui5_key":"sapm.GenericTile{\"header\":\"Contracts Dashboard\"}"}]}
RESULT: undefined
COMMAND: POST /session/84d2e465ad1a756c73cdcf8ee9105872/element - {"using":"xpath","value":"//*[@id=\"__tile97\"]"}
RESULT: {"using":"xpath","value":"//*[@id=\"__tile97\"]"}
COMMAND: POST /session/84d2e465ad1a756c73cdcf8ee9105872/element/f.14F0DAFB548778C01F0F0F35C125AEB5.d.55B6BD48D7565107E1B4F23FF7CCF5D6.e.4049/click - {}
RESULT: {}
COMMAND: GET /session/84d2e465ad1a756c73cdcf8ee9105872/screenshot - {}
RESULT: {}
COMMAND: POST /session/84d2e465ad1a756c73cdcf8ee9105872/elements - {"using":"xpath","value":"//span[text()='Error']"}
RESULT: {"using":"xpath","value":"//span[text()='Error']"}
RESULT: undefined
COMMAND: POST /session/84d2e465ad1a756c73cdcf8ee9105872/element - {"using":"xpath","value":"//*[@id=\"__tile97\"]"}
RESULT: {"using":"xpath","value":"//*[@id=\"__tile97\"]"}
COMMAND: POST /session/84d2e465ad1a756c73cdcf8ee9105872/element/f.14F0DAFB548778C01F0F0F35C125AEB5.d.55B6BD48D7565107E1B4F23FF7CCF5D6.e.4049/click - {}
RESULT: undefined
COMMAND: POST /session/84d2e465ad1a756c73cdcf8ee9105872/element - {"using":"xpath","value":"//*[@id=\"__tile97\"]"}
RESULT: {"using":"xpath","value":"//*[@id=\"__tile97\"]"}
COMMAND: POST /session/84d2e465ad1a756c73cdcf8ee9105872/element/f.14F0DAFB548778C01F0F0F35C125AEB5.d.55B6BD48D7565107E1B4F23FF7CCF5D6.e.4049/click - {}
RESULT: undefined
COMMAND: POST /session/84d2e465ad1a756c73cdcf8ee9105872/execute/async - {"script":"<script> [6424 bytes]","args":[{"element-6066-11e4-a52e-4f735466cecf":"f.14F0DAFB548778C01F0F0F35C125AEB5.d.55B6BD48D7565107E1B4F23FF7CCF5D6.e.287"},"getTitle",[]]}
COMMAND: POST /session/84d2e465ad1a756c73cdcf8ee9105872/execute/async - {"script":"<script> [1562 bytes]","args":[{"selector":{"id":"shellAppTitle"},"wdio_ui5_key":"shellAppTitle"}]}
RESULT: {"script":"<script> [1562 bytes]","args":[{"selector":{"id":"shellAppTitle"},"wdio_ui5_key":"shellAppTitle"}]}
COMMAND: POST /session/84d2e465ad1a756c73cdcf8ee9105872/execute/async - {"script":"<script> [6424 bytes]","args":[{"element-6066-11e4-a52e-4f735466cecf":"f.14F0DAFB548778C01F0F0F35C125AEB5.d.55B6BD48D7565107E1B4F23FF7CCF5D6.e.4071"},"getTitle",[]]}
RESULT: {"script":"<script> [6424 bytes]","args":[{"element-6066-11e4-a52e-4f735466cecf":"f.14F0DAFB548778C01F0F0F35C125AEB5.d.55B6BD48D7565107E1B4F23FF7CCF5D6.e.4071"},"getTitle",[]]}
RESULT: undefined
COMMAND: POST /session/84d2e465ad1a756c73cdcf8ee9105872/element/f.14F0DAFB548778C01F0F0F35C125AEB5.d.55B6BD48D7565107E1B4F23FF7CCF5D6.e.4047/click - {}
RESULT: {}
COMMAND: GET /session/84d2e465ad1a756c73cdcf8ee9105872/screenshot - {}
RESULT: {}
]]></system-out>
    </testcase>
    <testcase classname="chrome.136_0_7103_93.windows.Sanity_Tests_US104253" name="Should open Bin Status Report page" time="36.599">
      <system-out><![CDATA[
COMMAND: POST /session/84d2e465ad1a756c73cdcf8ee9105872/execute/async - {"script":"<script> [1562 bytes]","args":[{"selector":{"controlType":"sap.m.GenericTile","properties":{"header":"Bin Status Report"}},"wdio_ui5_key":"sapm.GenericTile{\"header\":\"Bin Status Report\"}"}]}
RESULT: {"script":"<script> [1562 bytes]","args":[{"selector":{"controlType":"sap.m.GenericTile","properties":{"header":"Bin Status Report"}},"wdio_ui5_key":"sapm.GenericTile{\"header\":\"Bin Status Report\"}"}]}
RESULT: undefined
COMMAND: POST /session/84d2e465ad1a756c73cdcf8ee9105872/element - {"using":"xpath","value":"//*[@id=\"__tile104\"]"}
RESULT: {"using":"xpath","value":"//*[@id=\"__tile104\"]"}
COMMAND: POST /session/84d2e465ad1a756c73cdcf8ee9105872/element/f.14F0DAFB548778C01F0F0F35C125AEB5.d.55B6BD48D7565107E1B4F23FF7CCF5D6.e.4073/click - {}
RESULT: {}
COMMAND: GET /session/84d2e465ad1a756c73cdcf8ee9105872/screenshot - {}
RESULT: {}
COMMAND: POST /session/84d2e465ad1a756c73cdcf8ee9105872/elements - {"using":"xpath","value":"//span[text()='Error']"}
RESULT: {"using":"xpath","value":"//span[text()='Error']"}
RESULT: undefined
COMMAND: POST /session/84d2e465ad1a756c73cdcf8ee9105872/element - {"using":"xpath","value":"//*[@id=\"__tile104\"]"}
RESULT: {"using":"xpath","value":"//*[@id=\"__tile104\"]"}
COMMAND: POST /session/84d2e465ad1a756c73cdcf8ee9105872/element/f.14F0DAFB548778C01F0F0F35C125AEB5.d.55B6BD48D7565107E1B4F23FF7CCF5D6.e.4073/click - {}
RESULT: undefined
COMMAND: POST /session/84d2e465ad1a756c73cdcf8ee9105872/element - {"using":"xpath","value":"//*[@id=\"__tile104\"]"}
RESULT: {"using":"xpath","value":"//*[@id=\"__tile104\"]"}
COMMAND: POST /session/84d2e465ad1a756c73cdcf8ee9105872/element/f.14F0DAFB548778C01F0F0F35C125AEB5.d.55B6BD48D7565107E1B4F23FF7CCF5D6.e.4073/click - {}
RESULT: undefined
COMMAND: POST /session/84d2e465ad1a756c73cdcf8ee9105872/execute/async - {"script":"<script> [6424 bytes]","args":[{"element-6066-11e4-a52e-4f735466cecf":"f.14F0DAFB548778C01F0F0F35C125AEB5.d.55B6BD48D7565107E1B4F23FF7CCF5D6.e.287"},"getTitle",[]]}
COMMAND: POST /session/84d2e465ad1a756c73cdcf8ee9105872/execute/async - {"script":"<script> [1562 bytes]","args":[{"selector":{"id":"shellAppTitle"},"wdio_ui5_key":"shellAppTitle"}]}
RESULT: {"script":"<script> [1562 bytes]","args":[{"selector":{"id":"shellAppTitle"},"wdio_ui5_key":"shellAppTitle"}]}
COMMAND: POST /session/84d2e465ad1a756c73cdcf8ee9105872/execute/async - {"script":"<script> [6424 bytes]","args":[{"element-6066-11e4-a52e-4f735466cecf":"f.14F0DAFB548778C01F0F0F35C125AEB5.d.55B6BD48D7565107E1B4F23FF7CCF5D6.e.4174"},"getTitle",[]]}
RESULT: {"script":"<script> [6424 bytes]","args":[{"element-6066-11e4-a52e-4f735466cecf":"f.14F0DAFB548778C01F0F0F35C125AEB5.d.55B6BD48D7565107E1B4F23FF7CCF5D6.e.4174"},"getTitle",[]]}
RESULT: undefined
COMMAND: POST /session/84d2e465ad1a756c73cdcf8ee9105872/element/f.14F0DAFB548778C01F0F0F35C125AEB5.d.55B6BD48D7565107E1B4F23FF7CCF5D6.e.4047/click - {}
COMMAND: POST /session/84d2e465ad1a756c73cdcf8ee9105872/element - {"using":"xpath","value":"//*[@id=\"backBtn\"]"}
RESULT: {"using":"xpath","value":"//*[@id=\"backBtn\"]"}
COMMAND: POST /session/84d2e465ad1a756c73cdcf8ee9105872/element/f.14F0DAFB548778C01F0F0F35C125AEB5.d.55B6BD48D7565107E1B4F23FF7CCF5D6.e.4047/click - {}
COMMAND: POST /session/84d2e465ad1a756c73cdcf8ee9105872/element - {"using":"xpath","value":"//*[@id=\"backBtn\"]"}
RESULT: {"using":"xpath","value":"//*[@id=\"backBtn\"]"}
COMMAND: POST /session/84d2e465ad1a756c73cdcf8ee9105872/element/f.14F0DAFB548778C01F0F0F35C125AEB5.d.55B6BD48D7565107E1B4F23FF7CCF5D6.e.4175/click - {}
RESULT: {}
COMMAND: GET /session/84d2e465ad1a756c73cdcf8ee9105872/screenshot - {}
RESULT: {}
]]></system-out>
    </testcase>
    <testcase classname="chrome.136_0_7103_93.windows.Sanity_Tests_US104253" name="Should open Manage Warehouse Movements page" time="36.796">
      <system-out><![CDATA[
COMMAND: POST /session/84d2e465ad1a756c73cdcf8ee9105872/execute/async - {"script":"<script> [1562 bytes]","args":[{"selector":{"controlType":"sap.m.GenericTile","properties":{"header":"Manage Warehouse Movements"}},"wdio_ui5_key":"sapm.GenericTile{\"header\":\"Manage Warehouse Movements\"}"}]}
RESULT: {"script":"<script> [1562 bytes]","args":[{"selector":{"controlType":"sap.m.GenericTile","properties":{"header":"Manage Warehouse Movements"}},"wdio_ui5_key":"sapm.GenericTile{\"header\":\"Manage Warehouse Movements\"}"}]}
RESULT: undefined
COMMAND: POST /session/84d2e465ad1a756c73cdcf8ee9105872/element - {"using":"xpath","value":"//*[@id=\"__tile105\"]"}
RESULT: {"using":"xpath","value":"//*[@id=\"__tile105\"]"}
COMMAND: POST /session/84d2e465ad1a756c73cdcf8ee9105872/element/f.14F0DAFB548778C01F0F0F35C125AEB5.d.55B6BD48D7565107E1B4F23FF7CCF5D6.e.4179/click - {}
RESULT: {}
COMMAND: GET /session/84d2e465ad1a756c73cdcf8ee9105872/screenshot - {}
RESULT: {}
COMMAND: POST /session/84d2e465ad1a756c73cdcf8ee9105872/elements - {"using":"xpath","value":"//span[text()='Error']"}
RESULT: {"using":"xpath","value":"//span[text()='Error']"}
RESULT: undefined
COMMAND: POST /session/84d2e465ad1a756c73cdcf8ee9105872/element - {"using":"xpath","value":"//*[@id=\"__tile105\"]"}
RESULT: {"using":"xpath","value":"//*[@id=\"__tile105\"]"}
COMMAND: POST /session/84d2e465ad1a756c73cdcf8ee9105872/element/f.14F0DAFB548778C01F0F0F35C125AEB5.d.55B6BD48D7565107E1B4F23FF7CCF5D6.e.4179/click - {}
RESULT: undefined
COMMAND: POST /session/84d2e465ad1a756c73cdcf8ee9105872/element - {"using":"xpath","value":"//*[@id=\"__tile105\"]"}
RESULT: {"using":"xpath","value":"//*[@id=\"__tile105\"]"}
COMMAND: POST /session/84d2e465ad1a756c73cdcf8ee9105872/element/f.14F0DAFB548778C01F0F0F35C125AEB5.d.55B6BD48D7565107E1B4F23FF7CCF5D6.e.4179/click - {}
RESULT: undefined
COMMAND: POST /session/84d2e465ad1a756c73cdcf8ee9105872/execute/async - {"script":"<script> [6424 bytes]","args":[{"element-6066-11e4-a52e-4f735466cecf":"f.14F0DAFB548778C01F0F0F35C125AEB5.d.55B6BD48D7565107E1B4F23FF7CCF5D6.e.287"},"getTitle",[]]}
COMMAND: POST /session/84d2e465ad1a756c73cdcf8ee9105872/execute/async - {"script":"<script> [1562 bytes]","args":[{"selector":{"id":"shellAppTitle"},"wdio_ui5_key":"shellAppTitle"}]}
RESULT: {"script":"<script> [1562 bytes]","args":[{"selector":{"id":"shellAppTitle"},"wdio_ui5_key":"shellAppTitle"}]}
COMMAND: POST /session/84d2e465ad1a756c73cdcf8ee9105872/execute/async - {"script":"<script> [6424 bytes]","args":[{"element-6066-11e4-a52e-4f735466cecf":"f.14F0DAFB548778C01F0F0F35C125AEB5.d.55B6BD48D7565107E1B4F23FF7CCF5D6.e.4274"},"getTitle",[]]}
RESULT: {"script":"<script> [6424 bytes]","args":[{"element-6066-11e4-a52e-4f735466cecf":"f.14F0DAFB548778C01F0F0F35C125AEB5.d.55B6BD48D7565107E1B4F23FF7CCF5D6.e.4274"},"getTitle",[]]}
RESULT: undefined
COMMAND: POST /session/84d2e465ad1a756c73cdcf8ee9105872/element/f.14F0DAFB548778C01F0F0F35C125AEB5.d.55B6BD48D7565107E1B4F23FF7CCF5D6.e.4175/click - {}
RESULT: {}
COMMAND: GET /session/84d2e465ad1a756c73cdcf8ee9105872/screenshot - {}
RESULT: {}
]]></system-out>
    </testcase>
    <testcase classname="chrome.136_0_7103_93.windows.Sanity_Tests_US104253" name="Should open Bin Inventory List page" time="38.245">
      <system-out><![CDATA[
COMMAND: POST /session/84d2e465ad1a756c73cdcf8ee9105872/execute/async - {"script":"<script> [1562 bytes]","args":[{"selector":{"controlType":"sap.m.GenericTile","properties":{"header":"Bin Inventory List"}},"wdio_ui5_key":"sapm.GenericTile{\"header\":\"Bin Inventory List\"}"}]}
RESULT: {"script":"<script> [1562 bytes]","args":[{"selector":{"controlType":"sap.m.GenericTile","properties":{"header":"Bin Inventory List"}},"wdio_ui5_key":"sapm.GenericTile{\"header\":\"Bin Inventory List\"}"}]}
RESULT: undefined
COMMAND: POST /session/84d2e465ad1a756c73cdcf8ee9105872/element - {"using":"xpath","value":"//*[@id=\"__tile103\"]"}
RESULT: {"using":"xpath","value":"//*[@id=\"__tile103\"]"}
COMMAND: POST /session/84d2e465ad1a756c73cdcf8ee9105872/element/f.14F0DAFB548778C01F0F0F35C125AEB5.d.55B6BD48D7565107E1B4F23FF7CCF5D6.e.4276/click - {}
RESULT: {}
COMMAND: GET /session/84d2e465ad1a756c73cdcf8ee9105872/screenshot - {}
RESULT: {}
COMMAND: POST /session/84d2e465ad1a756c73cdcf8ee9105872/elements - {"using":"xpath","value":"//span[text()='Error']"}
RESULT: {"using":"xpath","value":"//span[text()='Error']"}
RESULT: undefined
COMMAND: POST /session/84d2e465ad1a756c73cdcf8ee9105872/element - {"using":"xpath","value":"//*[@id=\"__tile103\"]"}
RESULT: {"using":"xpath","value":"//*[@id=\"__tile103\"]"}
COMMAND: POST /session/84d2e465ad1a756c73cdcf8ee9105872/element/f.14F0DAFB548778C01F0F0F35C125AEB5.d.55B6BD48D7565107E1B4F23FF7CCF5D6.e.4276/click - {}
RESULT: undefined
COMMAND: POST /session/84d2e465ad1a756c73cdcf8ee9105872/element - {"using":"xpath","value":"//*[@id=\"__tile103\"]"}
RESULT: {"using":"xpath","value":"//*[@id=\"__tile103\"]"}
COMMAND: POST /session/84d2e465ad1a756c73cdcf8ee9105872/element/f.14F0DAFB548778C01F0F0F35C125AEB5.d.55B6BD48D7565107E1B4F23FF7CCF5D6.e.4276/click - {}
RESULT: undefined
COMMAND: POST /session/84d2e465ad1a756c73cdcf8ee9105872/execute/async - {"script":"<script> [6424 bytes]","args":[{"element-6066-11e4-a52e-4f735466cecf":"f.14F0DAFB548778C01F0F0F35C125AEB5.d.55B6BD48D7565107E1B4F23FF7CCF5D6.e.287"},"getTitle",[]]}
COMMAND: POST /session/84d2e465ad1a756c73cdcf8ee9105872/execute/async - {"script":"<script> [1562 bytes]","args":[{"selector":{"id":"shellAppTitle"},"wdio_ui5_key":"shellAppTitle"}]}
RESULT: {"script":"<script> [1562 bytes]","args":[{"selector":{"id":"shellAppTitle"},"wdio_ui5_key":"shellAppTitle"}]}
COMMAND: POST /session/84d2e465ad1a756c73cdcf8ee9105872/execute/async - {"script":"<script> [6424 bytes]","args":[{"element-6066-11e4-a52e-4f735466cecf":"f.14F0DAFB548778C01F0F0F35C125AEB5.d.55B6BD48D7565107E1B4F23FF7CCF5D6.e.4363"},"getTitle",[]]}
RESULT: {"script":"<script> [6424 bytes]","args":[{"element-6066-11e4-a52e-4f735466cecf":"f.14F0DAFB548778C01F0F0F35C125AEB5.d.55B6BD48D7565107E1B4F23FF7CCF5D6.e.4363"},"getTitle",[]]}
RESULT: undefined
COMMAND: POST /session/84d2e465ad1a756c73cdcf8ee9105872/element/f.14F0DAFB548778C01F0F0F35C125AEB5.d.55B6BD48D7565107E1B4F23FF7CCF5D6.e.4175/click - {}
COMMAND: POST /session/84d2e465ad1a756c73cdcf8ee9105872/element - {"using":"xpath","value":"//*[@id=\"backBtn\"]"}
RESULT: {"using":"xpath","value":"//*[@id=\"backBtn\"]"}
COMMAND: POST /session/84d2e465ad1a756c73cdcf8ee9105872/element/f.14F0DAFB548778C01F0F0F35C125AEB5.d.55B6BD48D7565107E1B4F23FF7CCF5D6.e.4175/click - {}
COMMAND: POST /session/84d2e465ad1a756c73cdcf8ee9105872/element - {"using":"xpath","value":"//*[@id=\"backBtn\"]"}
RESULT: {"using":"xpath","value":"//*[@id=\"backBtn\"]"}
COMMAND: POST /session/84d2e465ad1a756c73cdcf8ee9105872/element/f.14F0DAFB548778C01F0F0F35C125AEB5.d.55B6BD48D7565107E1B4F23FF7CCF5D6.e.4364/click - {}
RESULT: {}
COMMAND: GET /session/84d2e465ad1a756c73cdcf8ee9105872/screenshot - {}
RESULT: {}
]]></system-out>
    </testcase>
    <testcase classname="chrome.136_0_7103_93.windows.Sanity_Tests_US104253" name="Should open ISC Templates page" time="37.021">
      <system-out><![CDATA[
COMMAND: POST /session/84d2e465ad1a756c73cdcf8ee9105872/execute/async - {"script":"<script> [1562 bytes]","args":[{"selector":{"controlType":"sap.m.GenericTile","properties":{"header":"ISC Templates"}},"wdio_ui5_key":"sapm.GenericTile{\"header\":\"ISC Templates\"}"}]}
RESULT: {"script":"<script> [1562 bytes]","args":[{"selector":{"controlType":"sap.m.GenericTile","properties":{"header":"ISC Templates"}},"wdio_ui5_key":"sapm.GenericTile{\"header\":\"ISC Templates\"}"}]}
RESULT: undefined
COMMAND: POST /session/84d2e465ad1a756c73cdcf8ee9105872/element - {"using":"xpath","value":"//*[@id=\"__tile111\"]"}
RESULT: {"using":"xpath","value":"//*[@id=\"__tile111\"]"}
COMMAND: POST /session/84d2e465ad1a756c73cdcf8ee9105872/element/f.14F0DAFB548778C01F0F0F35C125AEB5.d.55B6BD48D7565107E1B4F23FF7CCF5D6.e.4366/click - {}
RESULT: {}
COMMAND: GET /session/84d2e465ad1a756c73cdcf8ee9105872/screenshot - {}
RESULT: {}
COMMAND: POST /session/84d2e465ad1a756c73cdcf8ee9105872/elements - {"using":"xpath","value":"//span[text()='Error']"}
RESULT: {"using":"xpath","value":"//span[text()='Error']"}
RESULT: undefined
COMMAND: POST /session/84d2e465ad1a756c73cdcf8ee9105872/element - {"using":"xpath","value":"//*[@id=\"__tile111\"]"}
RESULT: {"using":"xpath","value":"//*[@id=\"__tile111\"]"}
COMMAND: POST /session/84d2e465ad1a756c73cdcf8ee9105872/element/f.14F0DAFB548778C01F0F0F35C125AEB5.d.55B6BD48D7565107E1B4F23FF7CCF5D6.e.4366/click - {}
RESULT: undefined
COMMAND: POST /session/84d2e465ad1a756c73cdcf8ee9105872/element - {"using":"xpath","value":"//*[@id=\"__tile111\"]"}
RESULT: {"using":"xpath","value":"//*[@id=\"__tile111\"]"}
COMMAND: POST /session/84d2e465ad1a756c73cdcf8ee9105872/element/f.14F0DAFB548778C01F0F0F35C125AEB5.d.55B6BD48D7565107E1B4F23FF7CCF5D6.e.4366/click - {}
RESULT: undefined
COMMAND: POST /session/84d2e465ad1a756c73cdcf8ee9105872/execute/async - {"script":"<script> [6424 bytes]","args":[{"element-6066-11e4-a52e-4f735466cecf":"f.14F0DAFB548778C01F0F0F35C125AEB5.d.55B6BD48D7565107E1B4F23FF7CCF5D6.e.287"},"getTitle",[]]}
COMMAND: POST /session/84d2e465ad1a756c73cdcf8ee9105872/execute/async - {"script":"<script> [1562 bytes]","args":[{"selector":{"id":"shellAppTitle"},"wdio_ui5_key":"shellAppTitle"}]}
RESULT: {"script":"<script> [1562 bytes]","args":[{"selector":{"id":"shellAppTitle"},"wdio_ui5_key":"shellAppTitle"}]}
COMMAND: POST /session/84d2e465ad1a756c73cdcf8ee9105872/execute/async - {"script":"<script> [6424 bytes]","args":[{"element-6066-11e4-a52e-4f735466cecf":"f.14F0DAFB548778C01F0F0F35C125AEB5.d.55B6BD48D7565107E1B4F23FF7CCF5D6.e.4435"},"getTitle",[]]}
RESULT: {"script":"<script> [6424 bytes]","args":[{"element-6066-11e4-a52e-4f735466cecf":"f.14F0DAFB548778C01F0F0F35C125AEB5.d.55B6BD48D7565107E1B4F23FF7CCF5D6.e.4435"},"getTitle",[]]}
RESULT: undefined
COMMAND: POST /session/84d2e465ad1a756c73cdcf8ee9105872/element/f.14F0DAFB548778C01F0F0F35C125AEB5.d.55B6BD48D7565107E1B4F23FF7CCF5D6.e.4364/click - {}
RESULT: {}
COMMAND: GET /session/84d2e465ad1a756c73cdcf8ee9105872/screenshot - {}
RESULT: {}
]]></system-out>
    </testcase>
    <testcase classname="chrome.136_0_7103_93.windows.Sanity_Tests_US104253" name="Should open ISC Schedules page" time="36.596">
      <system-out><![CDATA[
COMMAND: POST /session/84d2e465ad1a756c73cdcf8ee9105872/execute/async - {"script":"<script> [1562 bytes]","args":[{"selector":{"controlType":"sap.m.GenericTile","properties":{"header":"ISC Schedules"}},"wdio_ui5_key":"sapm.GenericTile{\"header\":\"ISC Schedules\"}"}]}
RESULT: {"script":"<script> [1562 bytes]","args":[{"selector":{"controlType":"sap.m.GenericTile","properties":{"header":"ISC Schedules"}},"wdio_ui5_key":"sapm.GenericTile{\"header\":\"ISC Schedules\"}"}]}
RESULT: undefined
COMMAND: POST /session/84d2e465ad1a756c73cdcf8ee9105872/element - {"using":"xpath","value":"//*[@id=\"__tile109\"]"}
RESULT: {"using":"xpath","value":"//*[@id=\"__tile109\"]"}
COMMAND: POST /session/84d2e465ad1a756c73cdcf8ee9105872/element/f.14F0DAFB548778C01F0F0F35C125AEB5.d.55B6BD48D7565107E1B4F23FF7CCF5D6.e.4438/click - {}
RESULT: {}
COMMAND: GET /session/84d2e465ad1a756c73cdcf8ee9105872/screenshot - {}
RESULT: {}
COMMAND: POST /session/84d2e465ad1a756c73cdcf8ee9105872/elements - {"using":"xpath","value":"//span[text()='Error']"}
RESULT: {"using":"xpath","value":"//span[text()='Error']"}
RESULT: undefined
COMMAND: POST /session/84d2e465ad1a756c73cdcf8ee9105872/element - {"using":"xpath","value":"//*[@id=\"__tile109\"]"}
RESULT: {"using":"xpath","value":"//*[@id=\"__tile109\"]"}
COMMAND: POST /session/84d2e465ad1a756c73cdcf8ee9105872/element/f.14F0DAFB548778C01F0F0F35C125AEB5.d.55B6BD48D7565107E1B4F23FF7CCF5D6.e.4438/click - {}
RESULT: undefined
COMMAND: POST /session/84d2e465ad1a756c73cdcf8ee9105872/element - {"using":"xpath","value":"//*[@id=\"__tile109\"]"}
RESULT: {"using":"xpath","value":"//*[@id=\"__tile109\"]"}
COMMAND: POST /session/84d2e465ad1a756c73cdcf8ee9105872/element/f.14F0DAFB548778C01F0F0F35C125AEB5.d.55B6BD48D7565107E1B4F23FF7CCF5D6.e.4438/click - {}
RESULT: undefined
COMMAND: POST /session/84d2e465ad1a756c73cdcf8ee9105872/execute/async - {"script":"<script> [6424 bytes]","args":[{"element-6066-11e4-a52e-4f735466cecf":"f.14F0DAFB548778C01F0F0F35C125AEB5.d.55B6BD48D7565107E1B4F23FF7CCF5D6.e.287"},"getTitle",[]]}
COMMAND: POST /session/84d2e465ad1a756c73cdcf8ee9105872/execute/async - {"script":"<script> [1562 bytes]","args":[{"selector":{"id":"shellAppTitle"},"wdio_ui5_key":"shellAppTitle"}]}
RESULT: {"script":"<script> [1562 bytes]","args":[{"selector":{"id":"shellAppTitle"},"wdio_ui5_key":"shellAppTitle"}]}
COMMAND: POST /session/84d2e465ad1a756c73cdcf8ee9105872/execute/async - {"script":"<script> [6424 bytes]","args":[{"element-6066-11e4-a52e-4f735466cecf":"f.14F0DAFB548778C01F0F0F35C125AEB5.d.55B6BD48D7565107E1B4F23FF7CCF5D6.e.4519"},"getTitle",[]]}
RESULT: {"script":"<script> [6424 bytes]","args":[{"element-6066-11e4-a52e-4f735466cecf":"f.14F0DAFB548778C01F0F0F35C125AEB5.d.55B6BD48D7565107E1B4F23FF7CCF5D6.e.4519"},"getTitle",[]]}
RESULT: undefined
COMMAND: POST /session/84d2e465ad1a756c73cdcf8ee9105872/element/f.14F0DAFB548778C01F0F0F35C125AEB5.d.55B6BD48D7565107E1B4F23FF7CCF5D6.e.4364/click - {}
COMMAND: POST /session/84d2e465ad1a756c73cdcf8ee9105872/element - {"using":"xpath","value":"//*[@id=\"backBtn\"]"}
RESULT: {"using":"xpath","value":"//*[@id=\"backBtn\"]"}
COMMAND: POST /session/84d2e465ad1a756c73cdcf8ee9105872/element/f.14F0DAFB548778C01F0F0F35C125AEB5.d.55B6BD48D7565107E1B4F23FF7CCF5D6.e.4364/click - {}
COMMAND: POST /session/84d2e465ad1a756c73cdcf8ee9105872/element - {"using":"xpath","value":"//*[@id=\"backBtn\"]"}
RESULT: {"using":"xpath","value":"//*[@id=\"backBtn\"]"}
COMMAND: POST /session/84d2e465ad1a756c73cdcf8ee9105872/element/f.14F0DAFB548778C01F0F0F35C125AEB5.d.55B6BD48D7565107E1B4F23FF7CCF5D6.e.4520/click - {}
RESULT: {}
COMMAND: GET /session/84d2e465ad1a756c73cdcf8ee9105872/screenshot - {}
RESULT: {}
]]></system-out>
    </testcase>
    <testcase classname="chrome.136_0_7103_93.windows.Sanity_Tests_US104253" name="Should open ISC Dashboard page" time="38.125">
      <system-out><![CDATA[
COMMAND: POST /session/84d2e465ad1a756c73cdcf8ee9105872/execute/async - {"script":"<script> [1562 bytes]","args":[{"selector":{"controlType":"sap.m.GenericTile","properties":{"header":"ISC Dashboard"}},"wdio_ui5_key":"sapm.GenericTile{\"header\":\"ISC Dashboard\"}"}]}
RESULT: {"script":"<script> [1562 bytes]","args":[{"selector":{"controlType":"sap.m.GenericTile","properties":{"header":"ISC Dashboard"}},"wdio_ui5_key":"sapm.GenericTile{\"header\":\"ISC Dashboard\"}"}]}
RESULT: undefined
COMMAND: POST /session/84d2e465ad1a756c73cdcf8ee9105872/element - {"using":"xpath","value":"//*[@id=\"__tile106\"]"}
RESULT: {"using":"xpath","value":"//*[@id=\"__tile106\"]"}
COMMAND: POST /session/84d2e465ad1a756c73cdcf8ee9105872/element/f.14F0DAFB548778C01F0F0F35C125AEB5.d.55B6BD48D7565107E1B4F23FF7CCF5D6.e.4522/click - {}
RESULT: {}
COMMAND: GET /session/84d2e465ad1a756c73cdcf8ee9105872/screenshot - {}
RESULT: {}
COMMAND: POST /session/84d2e465ad1a756c73cdcf8ee9105872/elements - {"using":"xpath","value":"//span[text()='Error']"}
RESULT: {"using":"xpath","value":"//span[text()='Error']"}
RESULT: undefined
COMMAND: POST /session/84d2e465ad1a756c73cdcf8ee9105872/element - {"using":"xpath","value":"//*[@id=\"__tile106\"]"}
RESULT: {"using":"xpath","value":"//*[@id=\"__tile106\"]"}
COMMAND: POST /session/84d2e465ad1a756c73cdcf8ee9105872/element/f.14F0DAFB548778C01F0F0F35C125AEB5.d.55B6BD48D7565107E1B4F23FF7CCF5D6.e.4522/click - {}
RESULT: undefined
COMMAND: POST /session/84d2e465ad1a756c73cdcf8ee9105872/element - {"using":"xpath","value":"//*[@id=\"__tile106\"]"}
RESULT: {"using":"xpath","value":"//*[@id=\"__tile106\"]"}
COMMAND: POST /session/84d2e465ad1a756c73cdcf8ee9105872/element/f.14F0DAFB548778C01F0F0F35C125AEB5.d.55B6BD48D7565107E1B4F23FF7CCF5D6.e.4522/click - {}
RESULT: undefined
COMMAND: POST /session/84d2e465ad1a756c73cdcf8ee9105872/execute/async - {"script":"<script> [6424 bytes]","args":[{"element-6066-11e4-a52e-4f735466cecf":"f.14F0DAFB548778C01F0F0F35C125AEB5.d.55B6BD48D7565107E1B4F23FF7CCF5D6.e.287"},"getTitle",[]]}
COMMAND: POST /session/84d2e465ad1a756c73cdcf8ee9105872/execute/async - {"script":"<script> [1562 bytes]","args":[{"selector":{"id":"shellAppTitle"},"wdio_ui5_key":"shellAppTitle"}]}
RESULT: {"script":"<script> [1562 bytes]","args":[{"selector":{"id":"shellAppTitle"},"wdio_ui5_key":"shellAppTitle"}]}
COMMAND: POST /session/84d2e465ad1a756c73cdcf8ee9105872/execute/async - {"script":"<script> [6424 bytes]","args":[{"element-6066-11e4-a52e-4f735466cecf":"f.14F0DAFB548778C01F0F0F35C125AEB5.d.55B6BD48D7565107E1B4F23FF7CCF5D6.e.4638"},"getTitle",[]]}
RESULT: {"script":"<script> [6424 bytes]","args":[{"element-6066-11e4-a52e-4f735466cecf":"f.14F0DAFB548778C01F0F0F35C125AEB5.d.55B6BD48D7565107E1B4F23FF7CCF5D6.e.4638"},"getTitle",[]]}
RESULT: undefined
COMMAND: POST /session/84d2e465ad1a756c73cdcf8ee9105872/element/f.14F0DAFB548778C01F0F0F35C125AEB5.d.55B6BD48D7565107E1B4F23FF7CCF5D6.e.4520/click - {}
RESULT: {}
COMMAND: GET /session/84d2e465ad1a756c73cdcf8ee9105872/screenshot - {}
RESULT: {}
]]></system-out>
    </testcase>
    <testcase classname="chrome.136_0_7103_93.windows.Sanity_Tests_US104253" name="Should open ISC Orders page" time="42.481">
      <system-out><![CDATA[
COMMAND: POST /session/84d2e465ad1a756c73cdcf8ee9105872/execute/async - {"script":"<script> [1562 bytes]","args":[{"selector":{"controlType":"sap.m.GenericTile","properties":{"header":"ISC Orders"}},"wdio_ui5_key":"sapm.GenericTile{\"header\":\"ISC Orders\"}"}]}
RESULT: {"script":"<script> [1562 bytes]","args":[{"selector":{"controlType":"sap.m.GenericTile","properties":{"header":"ISC Orders"}},"wdio_ui5_key":"sapm.GenericTile{\"header\":\"ISC Orders\"}"}]}
RESULT: undefined
COMMAND: POST /session/84d2e465ad1a756c73cdcf8ee9105872/element - {"using":"xpath","value":"//*[@id=\"__tile108\"]"}
RESULT: {"using":"xpath","value":"//*[@id=\"__tile108\"]"}
COMMAND: POST /session/84d2e465ad1a756c73cdcf8ee9105872/element/f.14F0DAFB548778C01F0F0F35C125AEB5.d.55B6BD48D7565107E1B4F23FF7CCF5D6.e.4640/click - {}
RESULT: {}
COMMAND: GET /session/84d2e465ad1a756c73cdcf8ee9105872/screenshot - {}
RESULT: {}
COMMAND: POST /session/84d2e465ad1a756c73cdcf8ee9105872/elements - {"using":"xpath","value":"//span[text()='Error']"}
RESULT: {"using":"xpath","value":"//span[text()='Error']"}
RESULT: undefined
COMMAND: POST /session/84d2e465ad1a756c73cdcf8ee9105872/element - {"using":"xpath","value":"//*[@id=\"__tile108\"]"}
RESULT: {"using":"xpath","value":"//*[@id=\"__tile108\"]"}
COMMAND: POST /session/84d2e465ad1a756c73cdcf8ee9105872/element/f.14F0DAFB548778C01F0F0F35C125AEB5.d.55B6BD48D7565107E1B4F23FF7CCF5D6.e.4640/click - {}
RESULT: undefined
COMMAND: POST /session/84d2e465ad1a756c73cdcf8ee9105872/element - {"using":"xpath","value":"//*[@id=\"__tile108\"]"}
RESULT: {"using":"xpath","value":"//*[@id=\"__tile108\"]"}
COMMAND: POST /session/84d2e465ad1a756c73cdcf8ee9105872/element/f.14F0DAFB548778C01F0F0F35C125AEB5.d.55B6BD48D7565107E1B4F23FF7CCF5D6.e.4640/click - {}
RESULT: undefined
COMMAND: POST /session/84d2e465ad1a756c73cdcf8ee9105872/execute/async - {"script":"<script> [6424 bytes]","args":[{"element-6066-11e4-a52e-4f735466cecf":"f.14F0DAFB548778C01F0F0F35C125AEB5.d.55B6BD48D7565107E1B4F23FF7CCF5D6.e.287"},"getTitle",[]]}
COMMAND: POST /session/84d2e465ad1a756c73cdcf8ee9105872/execute/async - {"script":"<script> [1562 bytes]","args":[{"selector":{"id":"shellAppTitle"},"wdio_ui5_key":"shellAppTitle"}]}
RESULT: {"script":"<script> [1562 bytes]","args":[{"selector":{"id":"shellAppTitle"},"wdio_ui5_key":"shellAppTitle"}]}
COMMAND: POST /session/84d2e465ad1a756c73cdcf8ee9105872/execute/async - {"script":"<script> [6424 bytes]","args":[{"element-6066-11e4-a52e-4f735466cecf":"f.14F0DAFB548778C01F0F0F35C125AEB5.d.55B6BD48D7565107E1B4F23FF7CCF5D6.e.4744"},"getTitle",[]]}
RESULT: {"script":"<script> [6424 bytes]","args":[{"element-6066-11e4-a52e-4f735466cecf":"f.14F0DAFB548778C01F0F0F35C125AEB5.d.55B6BD48D7565107E1B4F23FF7CCF5D6.e.4744"},"getTitle",[]]}
RESULT: undefined
COMMAND: POST /session/84d2e465ad1a756c73cdcf8ee9105872/element/f.14F0DAFB548778C01F0F0F35C125AEB5.d.55B6BD48D7565107E1B4F23FF7CCF5D6.e.4520/click - {}
COMMAND: POST /session/84d2e465ad1a756c73cdcf8ee9105872/element - {"using":"xpath","value":"//*[@id=\"backBtn\"]"}
RESULT: {"using":"xpath","value":"//*[@id=\"backBtn\"]"}
COMMAND: POST /session/84d2e465ad1a756c73cdcf8ee9105872/element/f.14F0DAFB548778C01F0F0F35C125AEB5.d.55B6BD48D7565107E1B4F23FF7CCF5D6.e.4520/click - {}
COMMAND: POST /session/84d2e465ad1a756c73cdcf8ee9105872/element - {"using":"xpath","value":"//*[@id=\"backBtn\"]"}
RESULT: {"using":"xpath","value":"//*[@id=\"backBtn\"]"}
COMMAND: POST /session/84d2e465ad1a756c73cdcf8ee9105872/element/f.14F0DAFB548778C01F0F0F35C125AEB5.d.55B6BD48D7565107E1B4F23FF7CCF5D6.e.4745/click - {}
RESULT: {}
COMMAND: GET /session/84d2e465ad1a756c73cdcf8ee9105872/screenshot - {}
RESULT: {}
]]></system-out>
    </testcase>
    <testcase classname="chrome.136_0_7103_93.windows.Sanity_Tests_US104253" name="Should open ISC Tasks page" time="36.255">
      <system-out><![CDATA[
COMMAND: POST /session/84d2e465ad1a756c73cdcf8ee9105872/execute/async - {"script":"<script> [1562 bytes]","args":[{"selector":{"controlType":"sap.m.GenericTile","properties":{"header":"ISC Tasks"}},"wdio_ui5_key":"sapm.GenericTile{\"header\":\"ISC Tasks\"}"}]}
RESULT: {"script":"<script> [1562 bytes]","args":[{"selector":{"controlType":"sap.m.GenericTile","properties":{"header":"ISC Tasks"}},"wdio_ui5_key":"sapm.GenericTile{\"header\":\"ISC Tasks\"}"}]}
RESULT: undefined
COMMAND: POST /session/84d2e465ad1a756c73cdcf8ee9105872/element - {"using":"xpath","value":"//*[@id=\"__tile110\"]"}
RESULT: {"using":"xpath","value":"//*[@id=\"__tile110\"]"}
COMMAND: POST /session/84d2e465ad1a756c73cdcf8ee9105872/element/f.14F0DAFB548778C01F0F0F35C125AEB5.d.55B6BD48D7565107E1B4F23FF7CCF5D6.e.4747/click - {}
RESULT: {}
COMMAND: GET /session/84d2e465ad1a756c73cdcf8ee9105872/screenshot - {}
RESULT: {}
COMMAND: POST /session/84d2e465ad1a756c73cdcf8ee9105872/elements - {"using":"xpath","value":"//span[text()='Error']"}
RESULT: {"using":"xpath","value":"//span[text()='Error']"}
RESULT: undefined
COMMAND: POST /session/84d2e465ad1a756c73cdcf8ee9105872/element - {"using":"xpath","value":"//*[@id=\"__tile110\"]"}
RESULT: {"using":"xpath","value":"//*[@id=\"__tile110\"]"}
COMMAND: POST /session/84d2e465ad1a756c73cdcf8ee9105872/element/f.14F0DAFB548778C01F0F0F35C125AEB5.d.55B6BD48D7565107E1B4F23FF7CCF5D6.e.4747/click - {}
RESULT: undefined
COMMAND: POST /session/84d2e465ad1a756c73cdcf8ee9105872/element - {"using":"xpath","value":"//*[@id=\"__tile110\"]"}
RESULT: {"using":"xpath","value":"//*[@id=\"__tile110\"]"}
COMMAND: POST /session/84d2e465ad1a756c73cdcf8ee9105872/element/f.14F0DAFB548778C01F0F0F35C125AEB5.d.55B6BD48D7565107E1B4F23FF7CCF5D6.e.4747/click - {}
RESULT: undefined
COMMAND: POST /session/84d2e465ad1a756c73cdcf8ee9105872/execute/async - {"script":"<script> [6424 bytes]","args":[{"element-6066-11e4-a52e-4f735466cecf":"f.14F0DAFB548778C01F0F0F35C125AEB5.d.55B6BD48D7565107E1B4F23FF7CCF5D6.e.287"},"getTitle",[]]}
COMMAND: POST /session/84d2e465ad1a756c73cdcf8ee9105872/execute/async - {"script":"<script> [1562 bytes]","args":[{"selector":{"id":"shellAppTitle"},"wdio_ui5_key":"shellAppTitle"}]}
RESULT: {"script":"<script> [1562 bytes]","args":[{"selector":{"id":"shellAppTitle"},"wdio_ui5_key":"shellAppTitle"}]}
COMMAND: POST /session/84d2e465ad1a756c73cdcf8ee9105872/execute/async - {"script":"<script> [6424 bytes]","args":[{"element-6066-11e4-a52e-4f735466cecf":"f.14F0DAFB548778C01F0F0F35C125AEB5.d.55B6BD48D7565107E1B4F23FF7CCF5D6.e.4837"},"getTitle",[]]}
RESULT: {"script":"<script> [6424 bytes]","args":[{"element-6066-11e4-a52e-4f735466cecf":"f.14F0DAFB548778C01F0F0F35C125AEB5.d.55B6BD48D7565107E1B4F23FF7CCF5D6.e.4837"},"getTitle",[]]}
RESULT: undefined
COMMAND: POST /session/84d2e465ad1a756c73cdcf8ee9105872/element/f.14F0DAFB548778C01F0F0F35C125AEB5.d.55B6BD48D7565107E1B4F23FF7CCF5D6.e.4745/click - {}
RESULT: {}
COMMAND: GET /session/84d2e465ad1a756c73cdcf8ee9105872/screenshot - {}
RESULT: {}
]]></system-out>
    </testcase>
    <testcase classname="chrome.136_0_7103_93.windows.Sanity_Tests_US104253" name="Should open Manage Resource Logbook page" time="36.076">
      <system-out><![CDATA[
COMMAND: POST /session/84d2e465ad1a756c73cdcf8ee9105872/execute/async - {"script":"<script> [1562 bytes]","args":[{"selector":{"controlType":"sap.m.GenericTile","properties":{"header":"Manage Resource Logbook"}},"wdio_ui5_key":"sapm.GenericTile{\"header\":\"Manage Resource Logbook\"}"}]}
RESULT: {"script":"<script> [1562 bytes]","args":[{"selector":{"controlType":"sap.m.GenericTile","properties":{"header":"Manage Resource Logbook"}},"wdio_ui5_key":"sapm.GenericTile{\"header\":\"Manage Resource Logbook\"}"}]}
RESULT: undefined
COMMAND: POST /session/84d2e465ad1a756c73cdcf8ee9105872/element - {"using":"xpath","value":"//*[@id=\"__tile113\"]"}
RESULT: {"using":"xpath","value":"//*[@id=\"__tile113\"]"}
COMMAND: POST /session/84d2e465ad1a756c73cdcf8ee9105872/element/f.14F0DAFB548778C01F0F0F35C125AEB5.d.55B6BD48D7565107E1B4F23FF7CCF5D6.e.4839/click - {}
RESULT: {}
COMMAND: GET /session/84d2e465ad1a756c73cdcf8ee9105872/screenshot - {}
RESULT: {}
COMMAND: POST /session/84d2e465ad1a756c73cdcf8ee9105872/elements - {"using":"xpath","value":"//span[text()='Error']"}
RESULT: {"using":"xpath","value":"//span[text()='Error']"}
RESULT: undefined
COMMAND: POST /session/84d2e465ad1a756c73cdcf8ee9105872/element - {"using":"xpath","value":"//*[@id=\"__tile113\"]"}
RESULT: {"using":"xpath","value":"//*[@id=\"__tile113\"]"}
COMMAND: POST /session/84d2e465ad1a756c73cdcf8ee9105872/element/f.14F0DAFB548778C01F0F0F35C125AEB5.d.55B6BD48D7565107E1B4F23FF7CCF5D6.e.4839/click - {}
RESULT: undefined
COMMAND: POST /session/84d2e465ad1a756c73cdcf8ee9105872/element - {"using":"xpath","value":"//*[@id=\"__tile113\"]"}
RESULT: {"using":"xpath","value":"//*[@id=\"__tile113\"]"}
COMMAND: POST /session/84d2e465ad1a756c73cdcf8ee9105872/element/f.14F0DAFB548778C01F0F0F35C125AEB5.d.55B6BD48D7565107E1B4F23FF7CCF5D6.e.4839/click - {}
RESULT: undefined
COMMAND: POST /session/84d2e465ad1a756c73cdcf8ee9105872/execute/async - {"script":"<script> [6424 bytes]","args":[{"element-6066-11e4-a52e-4f735466cecf":"f.14F0DAFB548778C01F0F0F35C125AEB5.d.55B6BD48D7565107E1B4F23FF7CCF5D6.e.287"},"getTitle",[]]}
COMMAND: POST /session/84d2e465ad1a756c73cdcf8ee9105872/execute/async - {"script":"<script> [1562 bytes]","args":[{"selector":{"id":"shellAppTitle"},"wdio_ui5_key":"shellAppTitle"}]}
RESULT: {"script":"<script> [1562 bytes]","args":[{"selector":{"id":"shellAppTitle"},"wdio_ui5_key":"shellAppTitle"}]}
COMMAND: POST /session/84d2e465ad1a756c73cdcf8ee9105872/execute/async - {"script":"<script> [6424 bytes]","args":[{"element-6066-11e4-a52e-4f735466cecf":"f.14F0DAFB548778C01F0F0F35C125AEB5.d.55B6BD48D7565107E1B4F23FF7CCF5D6.e.4934"},"getTitle",[]]}
RESULT: {"script":"<script> [6424 bytes]","args":[{"element-6066-11e4-a52e-4f735466cecf":"f.14F0DAFB548778C01F0F0F35C125AEB5.d.55B6BD48D7565107E1B4F23FF7CCF5D6.e.4934"},"getTitle",[]]}
RESULT: undefined
COMMAND: POST /session/84d2e465ad1a756c73cdcf8ee9105872/element/f.14F0DAFB548778C01F0F0F35C125AEB5.d.55B6BD48D7565107E1B4F23FF7CCF5D6.e.4745/click - {}
COMMAND: POST /session/84d2e465ad1a756c73cdcf8ee9105872/element - {"using":"xpath","value":"//*[@id=\"backBtn\"]"}
RESULT: {"using":"xpath","value":"//*[@id=\"backBtn\"]"}
COMMAND: POST /session/84d2e465ad1a756c73cdcf8ee9105872/element/f.14F0DAFB548778C01F0F0F35C125AEB5.d.55B6BD48D7565107E1B4F23FF7CCF5D6.e.4745/click - {}
COMMAND: POST /session/84d2e465ad1a756c73cdcf8ee9105872/element - {"using":"xpath","value":"//*[@id=\"backBtn\"]"}
RESULT: {"using":"xpath","value":"//*[@id=\"backBtn\"]"}
COMMAND: POST /session/84d2e465ad1a756c73cdcf8ee9105872/element/f.14F0DAFB548778C01F0F0F35C125AEB5.d.55B6BD48D7565107E1B4F23FF7CCF5D6.e.4935/click - {}
RESULT: {}
COMMAND: GET /session/84d2e465ad1a756c73cdcf8ee9105872/screenshot - {}
RESULT: {}
]]></system-out>
    </testcase>
    <testcase classname="chrome.136_0_7103_93.windows.Sanity_Tests_US104253" name="Should open Manage Logbook page" time="36.671">
      <system-out><![CDATA[
COMMAND: POST /session/84d2e465ad1a756c73cdcf8ee9105872/execute/async - {"script":"<script> [1562 bytes]","args":[{"selector":{"controlType":"sap.m.GenericTile","properties":{"header":"Manage Logbook"}},"wdio_ui5_key":"sapm.GenericTile{\"header\":\"Manage Logbook\"}"}]}
RESULT: {"script":"<script> [1562 bytes]","args":[{"selector":{"controlType":"sap.m.GenericTile","properties":{"header":"Manage Logbook"}},"wdio_ui5_key":"sapm.GenericTile{\"header\":\"Manage Logbook\"}"}]}
RESULT: undefined
COMMAND: POST /session/84d2e465ad1a756c73cdcf8ee9105872/element - {"using":"xpath","value":"//*[@id=\"__tile112\"]"}
RESULT: {"using":"xpath","value":"//*[@id=\"__tile112\"]"}
COMMAND: POST /session/84d2e465ad1a756c73cdcf8ee9105872/element/f.14F0DAFB548778C01F0F0F35C125AEB5.d.55B6BD48D7565107E1B4F23FF7CCF5D6.e.4937/click - {}
RESULT: {}
COMMAND: GET /session/84d2e465ad1a756c73cdcf8ee9105872/screenshot - {}
RESULT: {}
COMMAND: POST /session/84d2e465ad1a756c73cdcf8ee9105872/elements - {"using":"xpath","value":"//span[text()='Error']"}
RESULT: {"using":"xpath","value":"//span[text()='Error']"}
RESULT: undefined
COMMAND: POST /session/84d2e465ad1a756c73cdcf8ee9105872/element - {"using":"xpath","value":"//*[@id=\"__tile112\"]"}
RESULT: {"using":"xpath","value":"//*[@id=\"__tile112\"]"}
COMMAND: POST /session/84d2e465ad1a756c73cdcf8ee9105872/element/f.14F0DAFB548778C01F0F0F35C125AEB5.d.55B6BD48D7565107E1B4F23FF7CCF5D6.e.4937/click - {}
RESULT: undefined
COMMAND: POST /session/84d2e465ad1a756c73cdcf8ee9105872/element - {"using":"xpath","value":"//*[@id=\"__tile112\"]"}
RESULT: {"using":"xpath","value":"//*[@id=\"__tile112\"]"}
COMMAND: POST /session/84d2e465ad1a756c73cdcf8ee9105872/element/f.14F0DAFB548778C01F0F0F35C125AEB5.d.55B6BD48D7565107E1B4F23FF7CCF5D6.e.4937/click - {}
RESULT: undefined
COMMAND: POST /session/84d2e465ad1a756c73cdcf8ee9105872/execute/async - {"script":"<script> [6424 bytes]","args":[{"element-6066-11e4-a52e-4f735466cecf":"f.14F0DAFB548778C01F0F0F35C125AEB5.d.55B6BD48D7565107E1B4F23FF7CCF5D6.e.287"},"getTitle",[]]}
COMMAND: POST /session/84d2e465ad1a756c73cdcf8ee9105872/execute/async - {"script":"<script> [1562 bytes]","args":[{"selector":{"id":"shellAppTitle"},"wdio_ui5_key":"shellAppTitle"}]}
RESULT: {"script":"<script> [1562 bytes]","args":[{"selector":{"id":"shellAppTitle"},"wdio_ui5_key":"shellAppTitle"}]}
COMMAND: POST /session/84d2e465ad1a756c73cdcf8ee9105872/execute/async - {"script":"<script> [6424 bytes]","args":[{"element-6066-11e4-a52e-4f735466cecf":"f.14F0DAFB548778C01F0F0F35C125AEB5.d.55B6BD48D7565107E1B4F23FF7CCF5D6.e.5162"},"getTitle",[]]}
RESULT: {"script":"<script> [6424 bytes]","args":[{"element-6066-11e4-a52e-4f735466cecf":"f.14F0DAFB548778C01F0F0F35C125AEB5.d.55B6BD48D7565107E1B4F23FF7CCF5D6.e.5162"},"getTitle",[]]}
RESULT: undefined
COMMAND: POST /session/84d2e465ad1a756c73cdcf8ee9105872/element/f.14F0DAFB548778C01F0F0F35C125AEB5.d.55B6BD48D7565107E1B4F23FF7CCF5D6.e.4935/click - {}
RESULT: {}
COMMAND: GET /session/84d2e465ad1a756c73cdcf8ee9105872/screenshot - {}
RESULT: {}
]]></system-out>
    </testcase>
    <testcase classname="chrome.136_0_7103_93.windows.Sanity_Tests_US104253" name="Should open ISC Orders Calendar page" time="35.858">
      <system-out><![CDATA[
COMMAND: POST /session/84d2e465ad1a756c73cdcf8ee9105872/execute/async - {"script":"<script> [1562 bytes]","args":[{"selector":{"controlType":"sap.m.GenericTile","properties":{"header":"ISC Orders Calendar"}},"wdio_ui5_key":"sapm.GenericTile{\"header\":\"ISC Orders Calendar\"}"}]}
RESULT: {"script":"<script> [1562 bytes]","args":[{"selector":{"controlType":"sap.m.GenericTile","properties":{"header":"ISC Orders Calendar"}},"wdio_ui5_key":"sapm.GenericTile{\"header\":\"ISC Orders Calendar\"}"}]}
RESULT: undefined
COMMAND: POST /session/84d2e465ad1a756c73cdcf8ee9105872/element - {"using":"xpath","value":"//*[@id=\"__tile107\"]"}
RESULT: {"using":"xpath","value":"//*[@id=\"__tile107\"]"}
COMMAND: POST /session/84d2e465ad1a756c73cdcf8ee9105872/element/f.14F0DAFB548778C01F0F0F35C125AEB5.d.55B6BD48D7565107E1B4F23FF7CCF5D6.e.5164/click - {}
RESULT: {}
COMMAND: GET /session/84d2e465ad1a756c73cdcf8ee9105872/screenshot - {}
RESULT: {}
COMMAND: POST /session/84d2e465ad1a756c73cdcf8ee9105872/elements - {"using":"xpath","value":"//span[text()='Error']"}
RESULT: {"using":"xpath","value":"//span[text()='Error']"}
RESULT: undefined
COMMAND: POST /session/84d2e465ad1a756c73cdcf8ee9105872/element - {"using":"xpath","value":"//*[@id=\"__tile107\"]"}
RESULT: {"using":"xpath","value":"//*[@id=\"__tile107\"]"}
COMMAND: POST /session/84d2e465ad1a756c73cdcf8ee9105872/element/f.14F0DAFB548778C01F0F0F35C125AEB5.d.55B6BD48D7565107E1B4F23FF7CCF5D6.e.5164/click - {}
RESULT: undefined
COMMAND: POST /session/84d2e465ad1a756c73cdcf8ee9105872/element - {"using":"xpath","value":"//*[@id=\"__tile107\"]"}
RESULT: {"using":"xpath","value":"//*[@id=\"__tile107\"]"}
COMMAND: POST /session/84d2e465ad1a756c73cdcf8ee9105872/element/f.14F0DAFB548778C01F0F0F35C125AEB5.d.55B6BD48D7565107E1B4F23FF7CCF5D6.e.5164/click - {}
RESULT: undefined
COMMAND: POST /session/84d2e465ad1a756c73cdcf8ee9105872/execute/async - {"script":"<script> [6424 bytes]","args":[{"element-6066-11e4-a52e-4f735466cecf":"f.14F0DAFB548778C01F0F0F35C125AEB5.d.55B6BD48D7565107E1B4F23FF7CCF5D6.e.287"},"getTitle",[]]}
COMMAND: POST /session/84d2e465ad1a756c73cdcf8ee9105872/execute/async - {"script":"<script> [1562 bytes]","args":[{"selector":{"id":"shellAppTitle"},"wdio_ui5_key":"shellAppTitle"}]}
RESULT: {"script":"<script> [1562 bytes]","args":[{"selector":{"id":"shellAppTitle"},"wdio_ui5_key":"shellAppTitle"}]}
COMMAND: POST /session/84d2e465ad1a756c73cdcf8ee9105872/execute/async - {"script":"<script> [6424 bytes]","args":[{"element-6066-11e4-a52e-4f735466cecf":"f.14F0DAFB548778C01F0F0F35C125AEB5.d.55B6BD48D7565107E1B4F23FF7CCF5D6.e.5374"},"getTitle",[]]}
RESULT: {"script":"<script> [6424 bytes]","args":[{"element-6066-11e4-a52e-4f735466cecf":"f.14F0DAFB548778C01F0F0F35C125AEB5.d.55B6BD48D7565107E1B4F23FF7CCF5D6.e.5374"},"getTitle",[]]}
RESULT: undefined
COMMAND: POST /session/84d2e465ad1a756c73cdcf8ee9105872/element/f.14F0DAFB548778C01F0F0F35C125AEB5.d.55B6BD48D7565107E1B4F23FF7CCF5D6.e.4935/click - {}
COMMAND: POST /session/84d2e465ad1a756c73cdcf8ee9105872/element - {"using":"xpath","value":"//*[@id=\"backBtn\"]"}
RESULT: {"using":"xpath","value":"//*[@id=\"backBtn\"]"}
COMMAND: POST /session/84d2e465ad1a756c73cdcf8ee9105872/element/f.14F0DAFB548778C01F0F0F35C125AEB5.d.55B6BD48D7565107E1B4F23FF7CCF5D6.e.4935/click - {}
COMMAND: POST /session/84d2e465ad1a756c73cdcf8ee9105872/element - {"using":"xpath","value":"//*[@id=\"backBtn\"]"}
RESULT: {"using":"xpath","value":"//*[@id=\"backBtn\"]"}
COMMAND: POST /session/84d2e465ad1a756c73cdcf8ee9105872/element/f.14F0DAFB548778C01F0F0F35C125AEB5.d.55B6BD48D7565107E1B4F23FF7CCF5D6.e.5375/click - {}
RESULT: {}
COMMAND: GET /session/84d2e465ad1a756c73cdcf8ee9105872/screenshot - {}
RESULT: {}
]]></system-out>
    </testcase>
    <testcase classname="chrome.136_0_7103_93.windows.Sanity_Tests_US104253" name="Should open Configure System page" time="37.751">
      <system-out><![CDATA[
COMMAND: POST /session/84d2e465ad1a756c73cdcf8ee9105872/execute/async - {"script":"<script> [1562 bytes]","args":[{"selector":{"controlType":"sap.m.GenericTile","properties":{"header":"Configure System"}},"wdio_ui5_key":"sapm.GenericTile{\"header\":\"Configure System\"}"}]}
RESULT: {"script":"<script> [1562 bytes]","args":[{"selector":{"controlType":"sap.m.GenericTile","properties":{"header":"Configure System"}},"wdio_ui5_key":"sapm.GenericTile{\"header\":\"Configure System\"}"}]}
RESULT: undefined
COMMAND: POST /session/84d2e465ad1a756c73cdcf8ee9105872/element - {"using":"xpath","value":"//*[@id=\"__tile114\"]"}
RESULT: {"using":"xpath","value":"//*[@id=\"__tile114\"]"}
COMMAND: POST /session/84d2e465ad1a756c73cdcf8ee9105872/element/f.14F0DAFB548778C01F0F0F35C125AEB5.d.55B6BD48D7565107E1B4F23FF7CCF5D6.e.5377/click - {}
RESULT: {}
COMMAND: GET /session/84d2e465ad1a756c73cdcf8ee9105872/screenshot - {}
RESULT: {}
COMMAND: POST /session/84d2e465ad1a756c73cdcf8ee9105872/elements - {"using":"xpath","value":"//span[text()='Error']"}
RESULT: {"using":"xpath","value":"//span[text()='Error']"}
RESULT: undefined
COMMAND: POST /session/84d2e465ad1a756c73cdcf8ee9105872/element - {"using":"xpath","value":"//*[@id=\"__tile114\"]"}
RESULT: {"using":"xpath","value":"//*[@id=\"__tile114\"]"}
COMMAND: POST /session/84d2e465ad1a756c73cdcf8ee9105872/element/f.14F0DAFB548778C01F0F0F35C125AEB5.d.55B6BD48D7565107E1B4F23FF7CCF5D6.e.5377/click - {}
RESULT: undefined
COMMAND: POST /session/84d2e465ad1a756c73cdcf8ee9105872/element - {"using":"xpath","value":"//*[@id=\"__tile114\"]"}
RESULT: {"using":"xpath","value":"//*[@id=\"__tile114\"]"}
COMMAND: POST /session/84d2e465ad1a756c73cdcf8ee9105872/element/f.14F0DAFB548778C01F0F0F35C125AEB5.d.55B6BD48D7565107E1B4F23FF7CCF5D6.e.5377/click - {}
RESULT: undefined
COMMAND: POST /session/84d2e465ad1a756c73cdcf8ee9105872/execute/async - {"script":"<script> [6424 bytes]","args":[{"element-6066-11e4-a52e-4f735466cecf":"f.14F0DAFB548778C01F0F0F35C125AEB5.d.55B6BD48D7565107E1B4F23FF7CCF5D6.e.287"},"getTitle",[]]}
COMMAND: POST /session/84d2e465ad1a756c73cdcf8ee9105872/execute/async - {"script":"<script> [1562 bytes]","args":[{"selector":{"id":"shellAppTitle"},"wdio_ui5_key":"shellAppTitle"}]}
RESULT: {"script":"<script> [1562 bytes]","args":[{"selector":{"id":"shellAppTitle"},"wdio_ui5_key":"shellAppTitle"}]}
COMMAND: POST /session/84d2e465ad1a756c73cdcf8ee9105872/execute/async - {"script":"<script> [6424 bytes]","args":[{"element-6066-11e4-a52e-4f735466cecf":"f.14F0DAFB548778C01F0F0F35C125AEB5.d.55B6BD48D7565107E1B4F23FF7CCF5D6.e.5416"},"getTitle",[]]}
RESULT: {"script":"<script> [6424 bytes]","args":[{"element-6066-11e4-a52e-4f735466cecf":"f.14F0DAFB548778C01F0F0F35C125AEB5.d.55B6BD48D7565107E1B4F23FF7CCF5D6.e.5416"},"getTitle",[]]}
RESULT: undefined
COMMAND: POST /session/84d2e465ad1a756c73cdcf8ee9105872/element/f.14F0DAFB548778C01F0F0F35C125AEB5.d.55B6BD48D7565107E1B4F23FF7CCF5D6.e.5375/click - {}
RESULT: {}
COMMAND: GET /session/84d2e465ad1a756c73cdcf8ee9105872/screenshot - {}
RESULT: {}
]]></system-out>
    </testcase>
    <testcase classname="chrome.136_0_7103_93.windows.Sanity_Tests_US104253" name="Should open Manage Classifications page" time="39.268">
      <system-out><![CDATA[
COMMAND: POST /session/84d2e465ad1a756c73cdcf8ee9105872/execute/async - {"script":"<script> [1562 bytes]","args":[{"selector":{"controlType":"sap.m.GenericTile","properties":{"header":"Manage Classifications"}},"wdio_ui5_key":"sapm.GenericTile{\"header\":\"Manage Classifications\"}"}]}
RESULT: {"script":"<script> [1562 bytes]","args":[{"selector":{"controlType":"sap.m.GenericTile","properties":{"header":"Manage Classifications"}},"wdio_ui5_key":"sapm.GenericTile{\"header\":\"Manage Classifications\"}"}]}
RESULT: undefined
COMMAND: POST /session/84d2e465ad1a756c73cdcf8ee9105872/element - {"using":"xpath","value":"//*[@id=\"__tile115\"]"}
RESULT: {"using":"xpath","value":"//*[@id=\"__tile115\"]"}
COMMAND: POST /session/84d2e465ad1a756c73cdcf8ee9105872/element/f.14F0DAFB548778C01F0F0F35C125AEB5.d.55B6BD48D7565107E1B4F23FF7CCF5D6.e.5420/click - {}
RESULT: {}
COMMAND: GET /session/84d2e465ad1a756c73cdcf8ee9105872/screenshot - {}
RESULT: {}
COMMAND: POST /session/84d2e465ad1a756c73cdcf8ee9105872/elements - {"using":"xpath","value":"//span[text()='Error']"}
RESULT: {"using":"xpath","value":"//span[text()='Error']"}
RESULT: undefined
COMMAND: POST /session/84d2e465ad1a756c73cdcf8ee9105872/element - {"using":"xpath","value":"//*[@id=\"__tile115\"]"}
RESULT: {"using":"xpath","value":"//*[@id=\"__tile115\"]"}
COMMAND: POST /session/84d2e465ad1a756c73cdcf8ee9105872/element/f.14F0DAFB548778C01F0F0F35C125AEB5.d.55B6BD48D7565107E1B4F23FF7CCF5D6.e.5420/click - {}
RESULT: undefined
COMMAND: POST /session/84d2e465ad1a756c73cdcf8ee9105872/element - {"using":"xpath","value":"//*[@id=\"__tile115\"]"}
RESULT: {"using":"xpath","value":"//*[@id=\"__tile115\"]"}
COMMAND: POST /session/84d2e465ad1a756c73cdcf8ee9105872/element/f.14F0DAFB548778C01F0F0F35C125AEB5.d.55B6BD48D7565107E1B4F23FF7CCF5D6.e.5420/click - {}
RESULT: undefined
COMMAND: POST /session/84d2e465ad1a756c73cdcf8ee9105872/execute/async - {"script":"<script> [6424 bytes]","args":[{"element-6066-11e4-a52e-4f735466cecf":"f.14F0DAFB548778C01F0F0F35C125AEB5.d.55B6BD48D7565107E1B4F23FF7CCF5D6.e.287"},"getTitle",[]]}
COMMAND: POST /session/84d2e465ad1a756c73cdcf8ee9105872/execute/async - {"script":"<script> [1562 bytes]","args":[{"selector":{"id":"shellAppTitle"},"wdio_ui5_key":"shellAppTitle"}]}
RESULT: {"script":"<script> [1562 bytes]","args":[{"selector":{"id":"shellAppTitle"},"wdio_ui5_key":"shellAppTitle"}]}
COMMAND: POST /session/84d2e465ad1a756c73cdcf8ee9105872/execute/async - {"script":"<script> [6424 bytes]","args":[{"element-6066-11e4-a52e-4f735466cecf":"f.14F0DAFB548778C01F0F0F35C125AEB5.d.55B6BD48D7565107E1B4F23FF7CCF5D6.e.5664"},"getTitle",[]]}
RESULT: {"script":"<script> [6424 bytes]","args":[{"element-6066-11e4-a52e-4f735466cecf":"f.14F0DAFB548778C01F0F0F35C125AEB5.d.55B6BD48D7565107E1B4F23FF7CCF5D6.e.5664"},"getTitle",[]]}
RESULT: undefined
COMMAND: POST /session/84d2e465ad1a756c73cdcf8ee9105872/element/f.14F0DAFB548778C01F0F0F35C125AEB5.d.55B6BD48D7565107E1B4F23FF7CCF5D6.e.5375/click - {}
COMMAND: POST /session/84d2e465ad1a756c73cdcf8ee9105872/element - {"using":"xpath","value":"//*[@id=\"backBtn\"]"}
RESULT: {"using":"xpath","value":"//*[@id=\"backBtn\"]"}
COMMAND: POST /session/84d2e465ad1a756c73cdcf8ee9105872/element/f.14F0DAFB548778C01F0F0F35C125AEB5.d.55B6BD48D7565107E1B4F23FF7CCF5D6.e.5375/click - {}
COMMAND: POST /session/84d2e465ad1a756c73cdcf8ee9105872/element - {"using":"xpath","value":"//*[@id=\"backBtn\"]"}
RESULT: {"using":"xpath","value":"//*[@id=\"backBtn\"]"}
COMMAND: POST /session/84d2e465ad1a756c73cdcf8ee9105872/element/f.14F0DAFB548778C01F0F0F35C125AEB5.d.55B6BD48D7565107E1B4F23FF7CCF5D6.e.5665/click - {}
RESULT: {}
COMMAND: GET /session/84d2e465ad1a756c73cdcf8ee9105872/screenshot - {}
RESULT: {}
]]></system-out>
    </testcase>
    <testcase classname="chrome.136_0_7103_93.windows.Sanity_Tests_US104253" name="Should open Data Explorer page" time="36.033">
      <system-out><![CDATA[
COMMAND: POST /session/84d2e465ad1a756c73cdcf8ee9105872/execute/async - {"script":"<script> [1562 bytes]","args":[{"selector":{"controlType":"sap.m.GenericTile","properties":{"header":"Data Explorer"}},"wdio_ui5_key":"sapm.GenericTile{\"header\":\"Data Explorer\"}"}]}
RESULT: {"script":"<script> [1562 bytes]","args":[{"selector":{"controlType":"sap.m.GenericTile","properties":{"header":"Data Explorer"}},"wdio_ui5_key":"sapm.GenericTile{\"header\":\"Data Explorer\"}"}]}
RESULT: undefined
COMMAND: POST /session/84d2e465ad1a756c73cdcf8ee9105872/element - {"using":"xpath","value":"//*[@id=\"__tile117\"]"}
RESULT: {"using":"xpath","value":"//*[@id=\"__tile117\"]"}
COMMAND: POST /session/84d2e465ad1a756c73cdcf8ee9105872/element/f.14F0DAFB548778C01F0F0F35C125AEB5.d.55B6BD48D7565107E1B4F23FF7CCF5D6.e.5667/click - {}
RESULT: {}
COMMAND: GET /session/84d2e465ad1a756c73cdcf8ee9105872/screenshot - {}
RESULT: {}
COMMAND: POST /session/84d2e465ad1a756c73cdcf8ee9105872/elements - {"using":"xpath","value":"//span[text()='Error']"}
RESULT: {"using":"xpath","value":"//span[text()='Error']"}
RESULT: undefined
COMMAND: POST /session/84d2e465ad1a756c73cdcf8ee9105872/element - {"using":"xpath","value":"//*[@id=\"__tile117\"]"}
RESULT: {"using":"xpath","value":"//*[@id=\"__tile117\"]"}
COMMAND: POST /session/84d2e465ad1a756c73cdcf8ee9105872/element/f.14F0DAFB548778C01F0F0F35C125AEB5.d.55B6BD48D7565107E1B4F23FF7CCF5D6.e.5667/click - {}
RESULT: undefined
COMMAND: POST /session/84d2e465ad1a756c73cdcf8ee9105872/element - {"using":"xpath","value":"//*[@id=\"__tile117\"]"}
RESULT: {"using":"xpath","value":"//*[@id=\"__tile117\"]"}
COMMAND: POST /session/84d2e465ad1a756c73cdcf8ee9105872/element/f.14F0DAFB548778C01F0F0F35C125AEB5.d.55B6BD48D7565107E1B4F23FF7CCF5D6.e.5667/click - {}
RESULT: undefined
COMMAND: POST /session/84d2e465ad1a756c73cdcf8ee9105872/execute/async - {"script":"<script> [6424 bytes]","args":[{"element-6066-11e4-a52e-4f735466cecf":"f.14F0DAFB548778C01F0F0F35C125AEB5.d.55B6BD48D7565107E1B4F23FF7CCF5D6.e.287"},"getTitle",[]]}
COMMAND: POST /session/84d2e465ad1a756c73cdcf8ee9105872/execute/async - {"script":"<script> [1562 bytes]","args":[{"selector":{"id":"shellAppTitle"},"wdio_ui5_key":"shellAppTitle"}]}
RESULT: {"script":"<script> [1562 bytes]","args":[{"selector":{"id":"shellAppTitle"},"wdio_ui5_key":"shellAppTitle"}]}
COMMAND: POST /session/84d2e465ad1a756c73cdcf8ee9105872/execute/async - {"script":"<script> [6424 bytes]","args":[{"element-6066-11e4-a52e-4f735466cecf":"f.14F0DAFB548778C01F0F0F35C125AEB5.d.55B6BD48D7565107E1B4F23FF7CCF5D6.e.5995"},"getTitle",[]]}
RESULT: {"script":"<script> [6424 bytes]","args":[{"element-6066-11e4-a52e-4f735466cecf":"f.14F0DAFB548778C01F0F0F35C125AEB5.d.55B6BD48D7565107E1B4F23FF7CCF5D6.e.5995"},"getTitle",[]]}
RESULT: undefined
COMMAND: POST /session/84d2e465ad1a756c73cdcf8ee9105872/element/f.14F0DAFB548778C01F0F0F35C125AEB5.d.55B6BD48D7565107E1B4F23FF7CCF5D6.e.5665/click - {}
RESULT: {}
COMMAND: GET /session/84d2e465ad1a756c73cdcf8ee9105872/screenshot - {}
RESULT: {}
]]></system-out>
    </testcase>
    <testcase classname="chrome.136_0_7103_93.windows.Sanity_Tests_US104253" name="Should open Performance Monitor page" time="35.929">
      <system-out><![CDATA[
COMMAND: POST /session/84d2e465ad1a756c73cdcf8ee9105872/execute/async - {"script":"<script> [1562 bytes]","args":[{"selector":{"controlType":"sap.m.GenericTile","properties":{"header":"Performance Monitor"}},"wdio_ui5_key":"sapm.GenericTile{\"header\":\"Performance Monitor\"}"}]}
RESULT: {"script":"<script> [1562 bytes]","args":[{"selector":{"controlType":"sap.m.GenericTile","properties":{"header":"Performance Monitor"}},"wdio_ui5_key":"sapm.GenericTile{\"header\":\"Performance Monitor\"}"}]}
RESULT: undefined
COMMAND: POST /session/84d2e465ad1a756c73cdcf8ee9105872/element - {"using":"xpath","value":"//*[@id=\"__tile116\"]"}
RESULT: {"using":"xpath","value":"//*[@id=\"__tile116\"]"}
COMMAND: POST /session/84d2e465ad1a756c73cdcf8ee9105872/element/f.14F0DAFB548778C01F0F0F35C125AEB5.d.55B6BD48D7565107E1B4F23FF7CCF5D6.e.5997/click - {}
RESULT: {}
COMMAND: GET /session/84d2e465ad1a756c73cdcf8ee9105872/screenshot - {}
RESULT: {}
COMMAND: POST /session/84d2e465ad1a756c73cdcf8ee9105872/elements - {"using":"xpath","value":"//span[text()='Error']"}
RESULT: {"using":"xpath","value":"//span[text()='Error']"}
RESULT: undefined
COMMAND: POST /session/84d2e465ad1a756c73cdcf8ee9105872/element - {"using":"xpath","value":"//*[@id=\"__tile116\"]"}
RESULT: {"using":"xpath","value":"//*[@id=\"__tile116\"]"}
COMMAND: POST /session/84d2e465ad1a756c73cdcf8ee9105872/element/f.14F0DAFB548778C01F0F0F35C125AEB5.d.55B6BD48D7565107E1B4F23FF7CCF5D6.e.5997/click - {}
RESULT: undefined
COMMAND: POST /session/84d2e465ad1a756c73cdcf8ee9105872/element - {"using":"xpath","value":"//*[@id=\"__tile116\"]"}
RESULT: {"using":"xpath","value":"//*[@id=\"__tile116\"]"}
COMMAND: POST /session/84d2e465ad1a756c73cdcf8ee9105872/element/f.14F0DAFB548778C01F0F0F35C125AEB5.d.55B6BD48D7565107E1B4F23FF7CCF5D6.e.5997/click - {}
RESULT: undefined
COMMAND: POST /session/84d2e465ad1a756c73cdcf8ee9105872/execute/async - {"script":"<script> [6424 bytes]","args":[{"element-6066-11e4-a52e-4f735466cecf":"f.14F0DAFB548778C01F0F0F35C125AEB5.d.55B6BD48D7565107E1B4F23FF7CCF5D6.e.287"},"getTitle",[]]}
COMMAND: POST /session/84d2e465ad1a756c73cdcf8ee9105872/execute/async - {"script":"<script> [1562 bytes]","args":[{"selector":{"id":"shellAppTitle"},"wdio_ui5_key":"shellAppTitle"}]}
RESULT: {"script":"<script> [1562 bytes]","args":[{"selector":{"id":"shellAppTitle"},"wdio_ui5_key":"shellAppTitle"}]}
COMMAND: POST /session/84d2e465ad1a756c73cdcf8ee9105872/execute/async - {"script":"<script> [6424 bytes]","args":[{"element-6066-11e4-a52e-4f735466cecf":"f.14F0DAFB548778C01F0F0F35C125AEB5.d.55B6BD48D7565107E1B4F23FF7CCF5D6.e.6036"},"getTitle",[]]}
RESULT: {"script":"<script> [6424 bytes]","args":[{"element-6066-11e4-a52e-4f735466cecf":"f.14F0DAFB548778C01F0F0F35C125AEB5.d.55B6BD48D7565107E1B4F23FF7CCF5D6.e.6036"},"getTitle",[]]}
RESULT: undefined
COMMAND: POST /session/84d2e465ad1a756c73cdcf8ee9105872/element/f.14F0DAFB548778C01F0F0F35C125AEB5.d.55B6BD48D7565107E1B4F23FF7CCF5D6.e.5665/click - {}
COMMAND: POST /session/84d2e465ad1a756c73cdcf8ee9105872/element - {"using":"xpath","value":"//*[@id=\"backBtn\"]"}
RESULT: {"using":"xpath","value":"//*[@id=\"backBtn\"]"}
COMMAND: POST /session/84d2e465ad1a756c73cdcf8ee9105872/element/f.14F0DAFB548778C01F0F0F35C125AEB5.d.55B6BD48D7565107E1B4F23FF7CCF5D6.e.5665/click - {}
COMMAND: POST /session/84d2e465ad1a756c73cdcf8ee9105872/element - {"using":"xpath","value":"//*[@id=\"backBtn\"]"}
RESULT: {"using":"xpath","value":"//*[@id=\"backBtn\"]"}
COMMAND: POST /session/84d2e465ad1a756c73cdcf8ee9105872/element/f.14F0DAFB548778C01F0F0F35C125AEB5.d.55B6BD48D7565107E1B4F23FF7CCF5D6.e.6037/click - {}
RESULT: {}
COMMAND: GET /session/84d2e465ad1a756c73cdcf8ee9105872/screenshot - {}
RESULT: {}
]]></system-out>
    </testcase>
    <testcase classname="chrome.136_0_7103_93.windows.Sanity_Tests_US104253" name="Should open Organizational Model page" time="38.474">
      <system-out><![CDATA[
COMMAND: POST /session/84d2e465ad1a756c73cdcf8ee9105872/execute/async - {"script":"<script> [1562 bytes]","args":[{"selector":{"controlType":"sap.m.GenericTile","properties":{"header":"Organizational Model"}},"wdio_ui5_key":"sapm.GenericTile{\"header\":\"Organizational Model\"}"}]}
RESULT: {"script":"<script> [1562 bytes]","args":[{"selector":{"controlType":"sap.m.GenericTile","properties":{"header":"Organizational Model"}},"wdio_ui5_key":"sapm.GenericTile{\"header\":\"Organizational Model\"}"}]}
RESULT: undefined
COMMAND: POST /session/84d2e465ad1a756c73cdcf8ee9105872/element - {"using":"xpath","value":"//*[@id=\"__tile120\"]"}
RESULT: {"using":"xpath","value":"//*[@id=\"__tile120\"]"}
COMMAND: POST /session/84d2e465ad1a756c73cdcf8ee9105872/element/f.14F0DAFB548778C01F0F0F35C125AEB5.d.55B6BD48D7565107E1B4F23FF7CCF5D6.e.6040/click - {}
RESULT: {}
COMMAND: GET /session/84d2e465ad1a756c73cdcf8ee9105872/screenshot - {}
RESULT: {}
COMMAND: POST /session/84d2e465ad1a756c73cdcf8ee9105872/elements - {"using":"xpath","value":"//span[text()='Error']"}
RESULT: {"using":"xpath","value":"//span[text()='Error']"}
RESULT: undefined
COMMAND: POST /session/84d2e465ad1a756c73cdcf8ee9105872/element - {"using":"xpath","value":"//*[@id=\"__tile120\"]"}
RESULT: {"using":"xpath","value":"//*[@id=\"__tile120\"]"}
COMMAND: POST /session/84d2e465ad1a756c73cdcf8ee9105872/element/f.14F0DAFB548778C01F0F0F35C125AEB5.d.55B6BD48D7565107E1B4F23FF7CCF5D6.e.6040/click - {}
RESULT: undefined
COMMAND: POST /session/84d2e465ad1a756c73cdcf8ee9105872/element - {"using":"xpath","value":"//*[@id=\"__tile120\"]"}
RESULT: {"using":"xpath","value":"//*[@id=\"__tile120\"]"}
COMMAND: POST /session/84d2e465ad1a756c73cdcf8ee9105872/element/f.14F0DAFB548778C01F0F0F35C125AEB5.d.55B6BD48D7565107E1B4F23FF7CCF5D6.e.6040/click - {}
RESULT: undefined
COMMAND: POST /session/84d2e465ad1a756c73cdcf8ee9105872/execute/async - {"script":"<script> [6424 bytes]","args":[{"element-6066-11e4-a52e-4f735466cecf":"f.14F0DAFB548778C01F0F0F35C125AEB5.d.55B6BD48D7565107E1B4F23FF7CCF5D6.e.287"},"getTitle",[]]}
COMMAND: POST /session/84d2e465ad1a756c73cdcf8ee9105872/execute/async - {"script":"<script> [1562 bytes]","args":[{"selector":{"id":"shellAppTitle"},"wdio_ui5_key":"shellAppTitle"}]}
RESULT: {"script":"<script> [1562 bytes]","args":[{"selector":{"id":"shellAppTitle"},"wdio_ui5_key":"shellAppTitle"}]}
COMMAND: POST /session/84d2e465ad1a756c73cdcf8ee9105872/execute/async - {"script":"<script> [6424 bytes]","args":[{"element-6066-11e4-a52e-4f735466cecf":"f.14F0DAFB548778C01F0F0F35C125AEB5.d.55B6BD48D7565107E1B4F23FF7CCF5D6.e.6057"},"getTitle",[]]}
RESULT: {"script":"<script> [6424 bytes]","args":[{"element-6066-11e4-a52e-4f735466cecf":"f.14F0DAFB548778C01F0F0F35C125AEB5.d.55B6BD48D7565107E1B4F23FF7CCF5D6.e.6057"},"getTitle",[]]}
RESULT: undefined
COMMAND: POST /session/84d2e465ad1a756c73cdcf8ee9105872/element/f.14F0DAFB548778C01F0F0F35C125AEB5.d.55B6BD48D7565107E1B4F23FF7CCF5D6.e.6037/click - {}
RESULT: {}
COMMAND: GET /session/84d2e465ad1a756c73cdcf8ee9105872/screenshot - {}
RESULT: {}
]]></system-out>
    </testcase>
    <testcase classname="chrome.136_0_7103_93.windows.Sanity_Tests_US104253" name="Should open Manage Roles page" time="36.773">
      <system-out><![CDATA[
COMMAND: POST /session/84d2e465ad1a756c73cdcf8ee9105872/execute/async - {"script":"<script> [1562 bytes]","args":[{"selector":{"controlType":"sap.m.GenericTile","properties":{"header":"Manage Roles"}},"wdio_ui5_key":"sapm.GenericTile{\"header\":\"Manage Roles\"}"}]}
RESULT: {"script":"<script> [1562 bytes]","args":[{"selector":{"controlType":"sap.m.GenericTile","properties":{"header":"Manage Roles"}},"wdio_ui5_key":"sapm.GenericTile{\"header\":\"Manage Roles\"}"}]}
RESULT: undefined
COMMAND: POST /session/84d2e465ad1a756c73cdcf8ee9105872/element - {"using":"xpath","value":"//*[@id=\"__tile119\"]"}
RESULT: {"using":"xpath","value":"//*[@id=\"__tile119\"]"}
COMMAND: POST /session/84d2e465ad1a756c73cdcf8ee9105872/element/f.14F0DAFB548778C01F0F0F35C125AEB5.d.55B6BD48D7565107E1B4F23FF7CCF5D6.e.6059/click - {}
RESULT: {}
COMMAND: GET /session/84d2e465ad1a756c73cdcf8ee9105872/screenshot - {}
RESULT: {}
COMMAND: POST /session/84d2e465ad1a756c73cdcf8ee9105872/elements - {"using":"xpath","value":"//span[text()='Error']"}
RESULT: {"using":"xpath","value":"//span[text()='Error']"}
RESULT: undefined
COMMAND: POST /session/84d2e465ad1a756c73cdcf8ee9105872/element - {"using":"xpath","value":"//*[@id=\"__tile119\"]"}
RESULT: {"using":"xpath","value":"//*[@id=\"__tile119\"]"}
COMMAND: POST /session/84d2e465ad1a756c73cdcf8ee9105872/element/f.14F0DAFB548778C01F0F0F35C125AEB5.d.55B6BD48D7565107E1B4F23FF7CCF5D6.e.6059/click - {}
RESULT: undefined
COMMAND: POST /session/84d2e465ad1a756c73cdcf8ee9105872/element - {"using":"xpath","value":"//*[@id=\"__tile119\"]"}
RESULT: {"using":"xpath","value":"//*[@id=\"__tile119\"]"}
COMMAND: POST /session/84d2e465ad1a756c73cdcf8ee9105872/element/f.14F0DAFB548778C01F0F0F35C125AEB5.d.55B6BD48D7565107E1B4F23FF7CCF5D6.e.6059/click - {}
RESULT: undefined
COMMAND: POST /session/84d2e465ad1a756c73cdcf8ee9105872/execute/async - {"script":"<script> [6424 bytes]","args":[{"element-6066-11e4-a52e-4f735466cecf":"f.14F0DAFB548778C01F0F0F35C125AEB5.d.55B6BD48D7565107E1B4F23FF7CCF5D6.e.287"},"getTitle",[]]}
COMMAND: POST /session/84d2e465ad1a756c73cdcf8ee9105872/execute/async - {"script":"<script> [1562 bytes]","args":[{"selector":{"id":"shellAppTitle"},"wdio_ui5_key":"shellAppTitle"}]}
RESULT: {"script":"<script> [1562 bytes]","args":[{"selector":{"id":"shellAppTitle"},"wdio_ui5_key":"shellAppTitle"}]}
COMMAND: POST /session/84d2e465ad1a756c73cdcf8ee9105872/execute/async - {"script":"<script> [6424 bytes]","args":[{"element-6066-11e4-a52e-4f735466cecf":"f.14F0DAFB548778C01F0F0F35C125AEB5.d.55B6BD48D7565107E1B4F23FF7CCF5D6.e.6104"},"getTitle",[]]}
RESULT: {"script":"<script> [6424 bytes]","args":[{"element-6066-11e4-a52e-4f735466cecf":"f.14F0DAFB548778C01F0F0F35C125AEB5.d.55B6BD48D7565107E1B4F23FF7CCF5D6.e.6104"},"getTitle",[]]}
RESULT: undefined
COMMAND: POST /session/84d2e465ad1a756c73cdcf8ee9105872/element/f.14F0DAFB548778C01F0F0F35C125AEB5.d.55B6BD48D7565107E1B4F23FF7CCF5D6.e.6037/click - {}
COMMAND: POST /session/84d2e465ad1a756c73cdcf8ee9105872/element - {"using":"xpath","value":"//*[@id=\"backBtn\"]"}
RESULT: {"using":"xpath","value":"//*[@id=\"backBtn\"]"}
COMMAND: POST /session/84d2e465ad1a756c73cdcf8ee9105872/element/f.14F0DAFB548778C01F0F0F35C125AEB5.d.55B6BD48D7565107E1B4F23FF7CCF5D6.e.6037/click - {}
COMMAND: POST /session/84d2e465ad1a756c73cdcf8ee9105872/element - {"using":"xpath","value":"//*[@id=\"backBtn\"]"}
RESULT: {"using":"xpath","value":"//*[@id=\"backBtn\"]"}
COMMAND: POST /session/84d2e465ad1a756c73cdcf8ee9105872/element/f.14F0DAFB548778C01F0F0F35C125AEB5.d.55B6BD48D7565107E1B4F23FF7CCF5D6.e.6105/click - {}
RESULT: {}
COMMAND: GET /session/84d2e465ad1a756c73cdcf8ee9105872/screenshot - {}
RESULT: {}
]]></system-out>
    </testcase>
    <testcase classname="chrome.136_0_7103_93.windows.Sanity_Tests_US104253" name="Should open Authorization Tables page" time="35.843">
      <system-out><![CDATA[
COMMAND: POST /session/84d2e465ad1a756c73cdcf8ee9105872/execute/async - {"script":"<script> [1562 bytes]","args":[{"selector":{"controlType":"sap.m.GenericTile","properties":{"header":"Authorization Tables"}},"wdio_ui5_key":"sapm.GenericTile{\"header\":\"Authorization Tables\"}"}]}
RESULT: {"script":"<script> [1562 bytes]","args":[{"selector":{"controlType":"sap.m.GenericTile","properties":{"header":"Authorization Tables"}},"wdio_ui5_key":"sapm.GenericTile{\"header\":\"Authorization Tables\"}"}]}
RESULT: undefined
COMMAND: POST /session/84d2e465ad1a756c73cdcf8ee9105872/element - {"using":"xpath","value":"//*[@id=\"__tile118\"]"}
RESULT: {"using":"xpath","value":"//*[@id=\"__tile118\"]"}
COMMAND: POST /session/84d2e465ad1a756c73cdcf8ee9105872/element/f.14F0DAFB548778C01F0F0F35C125AEB5.d.55B6BD48D7565107E1B4F23FF7CCF5D6.e.6107/click - {}
RESULT: {}
COMMAND: GET /session/84d2e465ad1a756c73cdcf8ee9105872/screenshot - {}
RESULT: {}
COMMAND: POST /session/84d2e465ad1a756c73cdcf8ee9105872/elements - {"using":"xpath","value":"//span[text()='Error']"}
RESULT: {"using":"xpath","value":"//span[text()='Error']"}
RESULT: undefined
COMMAND: POST /session/84d2e465ad1a756c73cdcf8ee9105872/element - {"using":"xpath","value":"//*[@id=\"__tile118\"]"}
RESULT: {"using":"xpath","value":"//*[@id=\"__tile118\"]"}
COMMAND: POST /session/84d2e465ad1a756c73cdcf8ee9105872/element/f.14F0DAFB548778C01F0F0F35C125AEB5.d.55B6BD48D7565107E1B4F23FF7CCF5D6.e.6107/click - {}
RESULT: undefined
COMMAND: POST /session/84d2e465ad1a756c73cdcf8ee9105872/element - {"using":"xpath","value":"//*[@id=\"__tile118\"]"}
RESULT: {"using":"xpath","value":"//*[@id=\"__tile118\"]"}
COMMAND: POST /session/84d2e465ad1a756c73cdcf8ee9105872/element/f.14F0DAFB548778C01F0F0F35C125AEB5.d.55B6BD48D7565107E1B4F23FF7CCF5D6.e.6107/click - {}
RESULT: undefined
COMMAND: POST /session/84d2e465ad1a756c73cdcf8ee9105872/execute/async - {"script":"<script> [6424 bytes]","args":[{"element-6066-11e4-a52e-4f735466cecf":"f.14F0DAFB548778C01F0F0F35C125AEB5.d.55B6BD48D7565107E1B4F23FF7CCF5D6.e.287"},"getTitle",[]]}
COMMAND: POST /session/84d2e465ad1a756c73cdcf8ee9105872/execute/async - {"script":"<script> [1562 bytes]","args":[{"selector":{"id":"shellAppTitle"},"wdio_ui5_key":"shellAppTitle"}]}
RESULT: {"script":"<script> [1562 bytes]","args":[{"selector":{"id":"shellAppTitle"},"wdio_ui5_key":"shellAppTitle"}]}
COMMAND: POST /session/84d2e465ad1a756c73cdcf8ee9105872/execute/async - {"script":"<script> [6424 bytes]","args":[{"element-6066-11e4-a52e-4f735466cecf":"f.14F0DAFB548778C01F0F0F35C125AEB5.d.55B6BD48D7565107E1B4F23FF7CCF5D6.e.6196"},"getTitle",[]]}
RESULT: {"script":"<script> [6424 bytes]","args":[{"element-6066-11e4-a52e-4f735466cecf":"f.14F0DAFB548778C01F0F0F35C125AEB5.d.55B6BD48D7565107E1B4F23FF7CCF5D6.e.6196"},"getTitle",[]]}
RESULT: undefined
COMMAND: POST /session/84d2e465ad1a756c73cdcf8ee9105872/element/f.14F0DAFB548778C01F0F0F35C125AEB5.d.55B6BD48D7565107E1B4F23FF7CCF5D6.e.6105/click - {}
RESULT: {}
COMMAND: GET /session/84d2e465ad1a756c73cdcf8ee9105872/screenshot - {}
RESULT: {}
]]></system-out>
    </testcase>
    <testcase classname="chrome.136_0_7103_93.windows.Sanity_Tests_US104253" name="Should open User Maintenance page" time="36.859">
      <system-out><![CDATA[
COMMAND: POST /session/84d2e465ad1a756c73cdcf8ee9105872/execute/async - {"script":"<script> [1562 bytes]","args":[{"selector":{"controlType":"sap.m.GenericTile","properties":{"header":"User Maintenance"}},"wdio_ui5_key":"sapm.GenericTile{\"header\":\"User Maintenance\"}"}]}
RESULT: {"script":"<script> [1562 bytes]","args":[{"selector":{"controlType":"sap.m.GenericTile","properties":{"header":"User Maintenance"}},"wdio_ui5_key":"sapm.GenericTile{\"header\":\"User Maintenance\"}"}]}
RESULT: undefined
COMMAND: POST /session/84d2e465ad1a756c73cdcf8ee9105872/element - {"using":"xpath","value":"//*[@id=\"__tile121\"]"}
RESULT: {"using":"xpath","value":"//*[@id=\"__tile121\"]"}
COMMAND: POST /session/84d2e465ad1a756c73cdcf8ee9105872/element/f.14F0DAFB548778C01F0F0F35C125AEB5.d.55B6BD48D7565107E1B4F23FF7CCF5D6.e.6198/click - {}
RESULT: {}
COMMAND: GET /session/84d2e465ad1a756c73cdcf8ee9105872/screenshot - {}
RESULT: {}
COMMAND: POST /session/84d2e465ad1a756c73cdcf8ee9105872/elements - {"using":"xpath","value":"//span[text()='Error']"}
RESULT: {"using":"xpath","value":"//span[text()='Error']"}
RESULT: undefined
COMMAND: POST /session/84d2e465ad1a756c73cdcf8ee9105872/element - {"using":"xpath","value":"//*[@id=\"__tile121\"]"}
RESULT: {"using":"xpath","value":"//*[@id=\"__tile121\"]"}
COMMAND: POST /session/84d2e465ad1a756c73cdcf8ee9105872/element/f.14F0DAFB548778C01F0F0F35C125AEB5.d.55B6BD48D7565107E1B4F23FF7CCF5D6.e.6198/click - {}
RESULT: undefined
COMMAND: POST /session/84d2e465ad1a756c73cdcf8ee9105872/element - {"using":"xpath","value":"//*[@id=\"__tile121\"]"}
RESULT: {"using":"xpath","value":"//*[@id=\"__tile121\"]"}
COMMAND: POST /session/84d2e465ad1a756c73cdcf8ee9105872/element/f.14F0DAFB548778C01F0F0F35C125AEB5.d.55B6BD48D7565107E1B4F23FF7CCF5D6.e.6198/click - {}
RESULT: undefined
COMMAND: POST /session/84d2e465ad1a756c73cdcf8ee9105872/execute/async - {"script":"<script> [6424 bytes]","args":[{"element-6066-11e4-a52e-4f735466cecf":"f.14F0DAFB548778C01F0F0F35C125AEB5.d.55B6BD48D7565107E1B4F23FF7CCF5D6.e.287"},"getTitle",[]]}
COMMAND: POST /session/84d2e465ad1a756c73cdcf8ee9105872/execute/async - {"script":"<script> [1562 bytes]","args":[{"selector":{"id":"shellAppTitle"},"wdio_ui5_key":"shellAppTitle"}]}
RESULT: {"script":"<script> [1562 bytes]","args":[{"selector":{"id":"shellAppTitle"},"wdio_ui5_key":"shellAppTitle"}]}
COMMAND: POST /session/84d2e465ad1a756c73cdcf8ee9105872/execute/async - {"script":"<script> [6424 bytes]","args":[{"element-6066-11e4-a52e-4f735466cecf":"f.14F0DAFB548778C01F0F0F35C125AEB5.d.55B6BD48D7565107E1B4F23FF7CCF5D6.e.6254"},"getTitle",[]]}
RESULT: {"script":"<script> [6424 bytes]","args":[{"element-6066-11e4-a52e-4f735466cecf":"f.14F0DAFB548778C01F0F0F35C125AEB5.d.55B6BD48D7565107E1B4F23FF7CCF5D6.e.6254"},"getTitle",[]]}
RESULT: undefined
COMMAND: POST /session/84d2e465ad1a756c73cdcf8ee9105872/element/f.14F0DAFB548778C01F0F0F35C125AEB5.d.55B6BD48D7565107E1B4F23FF7CCF5D6.e.6105/click - {}
COMMAND: POST /session/84d2e465ad1a756c73cdcf8ee9105872/element - {"using":"xpath","value":"//*[@id=\"backBtn\"]"}
RESULT: {"using":"xpath","value":"//*[@id=\"backBtn\"]"}
COMMAND: POST /session/84d2e465ad1a756c73cdcf8ee9105872/element/f.14F0DAFB548778C01F0F0F35C125AEB5.d.55B6BD48D7565107E1B4F23FF7CCF5D6.e.6105/click - {}
COMMAND: POST /session/84d2e465ad1a756c73cdcf8ee9105872/element - {"using":"xpath","value":"//*[@id=\"backBtn\"]"}
RESULT: {"using":"xpath","value":"//*[@id=\"backBtn\"]"}
COMMAND: POST /session/84d2e465ad1a756c73cdcf8ee9105872/element/f.14F0DAFB548778C01F0F0F35C125AEB5.d.55B6BD48D7565107E1B4F23FF7CCF5D6.e.6255/click - {}
RESULT: {}
COMMAND: GET /session/84d2e465ad1a756c73cdcf8ee9105872/screenshot - {}
RESULT: {}
]]></system-out>
    </testcase>
    <testcase classname="chrome.136_0_7103_93.windows.Sanity_Tests_US104253" name="Should open Schedule Jobs page" time="43.055">
      <system-out><![CDATA[
COMMAND: POST /session/84d2e465ad1a756c73cdcf8ee9105872/execute/async - {"script":"<script> [1562 bytes]","args":[{"selector":{"controlType":"sap.m.GenericTile","properties":{"header":"Schedule Jobs"}},"wdio_ui5_key":"sapm.GenericTile{\"header\":\"Schedule Jobs\"}"}]}
RESULT: {"script":"<script> [1562 bytes]","args":[{"selector":{"controlType":"sap.m.GenericTile","properties":{"header":"Schedule Jobs"}},"wdio_ui5_key":"sapm.GenericTile{\"header\":\"Schedule Jobs\"}"}]}
RESULT: undefined
COMMAND: POST /session/84d2e465ad1a756c73cdcf8ee9105872/element - {"using":"xpath","value":"//*[@id=\"__tile127\"]"}
RESULT: {"using":"xpath","value":"//*[@id=\"__tile127\"]"}
COMMAND: POST /session/84d2e465ad1a756c73cdcf8ee9105872/element/f.14F0DAFB548778C01F0F0F35C125AEB5.d.55B6BD48D7565107E1B4F23FF7CCF5D6.e.6259/click - {}
RESULT: {}
COMMAND: GET /session/84d2e465ad1a756c73cdcf8ee9105872/screenshot - {}
RESULT: {}
COMMAND: POST /session/84d2e465ad1a756c73cdcf8ee9105872/elements - {"using":"xpath","value":"//span[text()='Error']"}
RESULT: {"using":"xpath","value":"//span[text()='Error']"}
RESULT: undefined
COMMAND: POST /session/84d2e465ad1a756c73cdcf8ee9105872/element - {"using":"xpath","value":"//*[@id=\"__tile127\"]"}
RESULT: {"using":"xpath","value":"//*[@id=\"__tile127\"]"}
COMMAND: POST /session/84d2e465ad1a756c73cdcf8ee9105872/element/f.14F0DAFB548778C01F0F0F35C125AEB5.d.55B6BD48D7565107E1B4F23FF7CCF5D6.e.6259/click - {}
RESULT: undefined
COMMAND: POST /session/84d2e465ad1a756c73cdcf8ee9105872/element - {"using":"xpath","value":"//*[@id=\"__tile127\"]"}
RESULT: {"using":"xpath","value":"//*[@id=\"__tile127\"]"}
COMMAND: POST /session/84d2e465ad1a756c73cdcf8ee9105872/element/f.14F0DAFB548778C01F0F0F35C125AEB5.d.55B6BD48D7565107E1B4F23FF7CCF5D6.e.6259/click - {}
RESULT: undefined
COMMAND: POST /session/84d2e465ad1a756c73cdcf8ee9105872/execute/async - {"script":"<script> [6424 bytes]","args":[{"element-6066-11e4-a52e-4f735466cecf":"f.14F0DAFB548778C01F0F0F35C125AEB5.d.55B6BD48D7565107E1B4F23FF7CCF5D6.e.287"},"getTitle",[]]}
COMMAND: POST /session/84d2e465ad1a756c73cdcf8ee9105872/execute/async - {"script":"<script> [1562 bytes]","args":[{"selector":{"id":"shellAppTitle"},"wdio_ui5_key":"shellAppTitle"}]}
RESULT: {"script":"<script> [1562 bytes]","args":[{"selector":{"id":"shellAppTitle"},"wdio_ui5_key":"shellAppTitle"}]}
COMMAND: POST /session/84d2e465ad1a756c73cdcf8ee9105872/execute/async - {"script":"<script> [6424 bytes]","args":[{"element-6066-11e4-a52e-4f735466cecf":"f.14F0DAFB548778C01F0F0F35C125AEB5.d.55B6BD48D7565107E1B4F23FF7CCF5D6.e.6304"},"getTitle",[]]}
RESULT: {"script":"<script> [6424 bytes]","args":[{"element-6066-11e4-a52e-4f735466cecf":"f.14F0DAFB548778C01F0F0F35C125AEB5.d.55B6BD48D7565107E1B4F23FF7CCF5D6.e.6304"},"getTitle",[]]}
RESULT: undefined
COMMAND: POST /session/84d2e465ad1a756c73cdcf8ee9105872/element/f.14F0DAFB548778C01F0F0F35C125AEB5.d.55B6BD48D7565107E1B4F23FF7CCF5D6.e.6255/click - {}
COMMAND: POST /session/84d2e465ad1a756c73cdcf8ee9105872/element/f.14F0DAFB548778C01F0F0F35C125AEB5.d.55B6BD48D7565107E1B4F23FF7CCF5D6.e.6255/click - {}
RESULT: {}
COMMAND: GET /session/84d2e465ad1a756c73cdcf8ee9105872/screenshot - {}
COMMAND: POST /session/84d2e465ad1a756c73cdcf8ee9105872/element - {"using":"xpath","value":"//*[@id=\"backBtn\"]"}
RESULT: {}
RESULT: {"using":"xpath","value":"//*[@id=\"backBtn\"]"}
COMMAND: POST /session/84d2e465ad1a756c73cdcf8ee9105872/elements - {"using":"xpath","value":"//*[@id=\"backBtn\"]"}
RESULT: {"using":"xpath","value":"//*[@id=\"backBtn\"]"}
COMMAND: POST /session/84d2e465ad1a756c73cdcf8ee9105872/elements - {"using":"xpath","value":"//*[@id=\"backBtn\"]"}
RESULT: {"using":"xpath","value":"//*[@id=\"backBtn\"]"}
COMMAND: POST /session/84d2e465ad1a756c73cdcf8ee9105872/elements - {"using":"xpath","value":"//*[@id=\"backBtn\"]"}
RESULT: {"using":"xpath","value":"//*[@id=\"backBtn\"]"}
COMMAND: POST /session/84d2e465ad1a756c73cdcf8ee9105872/elements - {"using":"xpath","value":"//*[@id=\"backBtn\"]"}
RESULT: {"using":"xpath","value":"//*[@id=\"backBtn\"]"}
COMMAND: POST /session/84d2e465ad1a756c73cdcf8ee9105872/elements - {"using":"xpath","value":"//*[@id=\"backBtn\"]"}
RESULT: {"using":"xpath","value":"//*[@id=\"backBtn\"]"}
COMMAND: POST /session/84d2e465ad1a756c73cdcf8ee9105872/elements - {"using":"xpath","value":"//*[@id=\"backBtn\"]"}
RESULT: {"using":"xpath","value":"//*[@id=\"backBtn\"]"}
COMMAND: POST /session/84d2e465ad1a756c73cdcf8ee9105872/elements - {"using":"xpath","value":"//*[@id=\"backBtn\"]"}
RESULT: {"using":"xpath","value":"//*[@id=\"backBtn\"]"}
COMMAND: POST /session/84d2e465ad1a756c73cdcf8ee9105872/elements - {"using":"xpath","value":"//*[@id=\"backBtn\"]"}
RESULT: {"using":"xpath","value":"//*[@id=\"backBtn\"]"}
COMMAND: POST /session/84d2e465ad1a756c73cdcf8ee9105872/elements - {"using":"xpath","value":"//*[@id=\"backBtn\"]"}
RESULT: {"using":"xpath","value":"//*[@id=\"backBtn\"]"}
COMMAND: POST /session/84d2e465ad1a756c73cdcf8ee9105872/elements - {"using":"xpath","value":"//*[@id=\"backBtn\"]"}
RESULT: {"using":"xpath","value":"//*[@id=\"backBtn\"]"}
COMMAND: POST /session/84d2e465ad1a756c73cdcf8ee9105872/elements - {"using":"xpath","value":"//*[@id=\"backBtn\"]"}
RESULT: {"using":"xpath","value":"//*[@id=\"backBtn\"]"}
COMMAND: POST /session/84d2e465ad1a756c73cdcf8ee9105872/elements - {"using":"xpath","value":"//*[@id=\"backBtn\"]"}
RESULT: {"using":"xpath","value":"//*[@id=\"backBtn\"]"}
COMMAND: POST /session/84d2e465ad1a756c73cdcf8ee9105872/elements - {"using":"xpath","value":"//*[@id=\"backBtn\"]"}
RESULT: {"using":"xpath","value":"//*[@id=\"backBtn\"]"}
COMMAND: POST /session/84d2e465ad1a756c73cdcf8ee9105872/elements - {"using":"xpath","value":"//*[@id=\"backBtn\"]"}
RESULT: {"using":"xpath","value":"//*[@id=\"backBtn\"]"}
COMMAND: POST /session/84d2e465ad1a756c73cdcf8ee9105872/elements - {"using":"xpath","value":"//*[@id=\"backBtn\"]"}
RESULT: {"using":"xpath","value":"//*[@id=\"backBtn\"]"}
COMMAND: POST /session/84d2e465ad1a756c73cdcf8ee9105872/elements - {"using":"xpath","value":"//*[@id=\"backBtn\"]"}
RESULT: {"using":"xpath","value":"//*[@id=\"backBtn\"]"}
COMMAND: POST /session/84d2e465ad1a756c73cdcf8ee9105872/elements - {"using":"xpath","value":"//*[@id=\"backBtn\"]"}
RESULT: {"using":"xpath","value":"//*[@id=\"backBtn\"]"}
COMMAND: POST /session/84d2e465ad1a756c73cdcf8ee9105872/elements - {"using":"xpath","value":"//*[@id=\"backBtn\"]"}
RESULT: {"using":"xpath","value":"//*[@id=\"backBtn\"]"}
]]></system-out>
    </testcase>
    <testcase classname="chrome.136_0_7103_93.windows.Sanity_Tests_US104253" name="Should open Jobs Setup page" time="35.872">
      <system-out><![CDATA[
COMMAND: POST /session/84d2e465ad1a756c73cdcf8ee9105872/execute/async - {"script":"<script> [1562 bytes]","args":[{"selector":{"controlType":"sap.m.GenericTile","properties":{"header":"Jobs Setup"}},"wdio_ui5_key":"sapm.GenericTile{\"header\":\"Jobs Setup\"}"}]}
COMMAND: POST /session/84d2e465ad1a756c73cdcf8ee9105872/elements - {"using":"xpath","value":"//*[@id=\"backBtn\"]"}
RESULT: {"script":"<script> [1562 bytes]","args":[{"selector":{"controlType":"sap.m.GenericTile","properties":{"header":"Jobs Setup"}},"wdio_ui5_key":"sapm.GenericTile{\"header\":\"Jobs Setup\"}"}]}
RESULT: undefined
COMMAND: POST /session/84d2e465ad1a756c73cdcf8ee9105872/element - {"using":"xpath","value":"//*[@id=\"__tile128\"]"}
RESULT: {"using":"xpath","value":"//*[@id=\"backBtn\"]"}
RESULT: {"using":"xpath","value":"//*[@id=\"__tile128\"]"}
COMMAND: POST /session/84d2e465ad1a756c73cdcf8ee9105872/element/f.14F0DAFB548778C01F0F0F35C125AEB5.d.55B6BD48D7565107E1B4F23FF7CCF5D6.e.6306/click - {}
RESULT: {}
COMMAND: GET /session/84d2e465ad1a756c73cdcf8ee9105872/screenshot - {}
COMMAND: POST /session/84d2e465ad1a756c73cdcf8ee9105872/elements - {"using":"xpath","value":"//*[@id=\"backBtn\"]"}
RESULT: {}
RESULT: {"using":"xpath","value":"//*[@id=\"backBtn\"]"}
COMMAND: POST /session/84d2e465ad1a756c73cdcf8ee9105872/element - {"using":"xpath","value":"//*[@id=\"backBtn\"]"}
RESULT: {"using":"xpath","value":"//*[@id=\"backBtn\"]"}
COMMAND: POST /session/84d2e465ad1a756c73cdcf8ee9105872/element/f.14F0DAFB548778C01F0F0F35C125AEB5.d.55B6BD48D7565107E1B4F23FF7CCF5D6.e.6255/click - {}
COMMAND: POST /session/84d2e465ad1a756c73cdcf8ee9105872/element - {"using":"xpath","value":"//*[@id=\"backBtn\"]"}
RESULT: {"using":"xpath","value":"//*[@id=\"backBtn\"]"}
COMMAND: POST /session/84d2e465ad1a756c73cdcf8ee9105872/element/f.14F0DAFB548778C01F0F0F35C125AEB5.d.55B6BD48D7565107E1B4F23FF7CCF5D6.e.6498/click - {}
RESULT: {}
COMMAND: GET /session/84d2e465ad1a756c73cdcf8ee9105872/screenshot - {}
RESULT: {}
COMMAND: POST /session/84d2e465ad1a756c73cdcf8ee9105872/elements - {"using":"xpath","value":"//span[text()='Error']"}
RESULT: {"using":"xpath","value":"//span[text()='Error']"}
RESULT: undefined
COMMAND: POST /session/84d2e465ad1a756c73cdcf8ee9105872/element - {"using":"xpath","value":"//*[@id=\"__tile128\"]"}
RESULT: {"using":"xpath","value":"//*[@id=\"__tile128\"]"}
COMMAND: POST /session/84d2e465ad1a756c73cdcf8ee9105872/element/f.14F0DAFB548778C01F0F0F35C125AEB5.d.55B6BD48D7565107E1B4F23FF7CCF5D6.e.6306/click - {}
RESULT: undefined
COMMAND: POST /session/84d2e465ad1a756c73cdcf8ee9105872/element - {"using":"xpath","value":"//*[@id=\"__tile128\"]"}
RESULT: {"using":"xpath","value":"//*[@id=\"__tile128\"]"}
COMMAND: POST /session/84d2e465ad1a756c73cdcf8ee9105872/element/f.14F0DAFB548778C01F0F0F35C125AEB5.d.55B6BD48D7565107E1B4F23FF7CCF5D6.e.6306/click - {}
RESULT: undefined
COMMAND: POST /session/84d2e465ad1a756c73cdcf8ee9105872/execute/async - {"script":"<script> [6424 bytes]","args":[{"element-6066-11e4-a52e-4f735466cecf":"f.14F0DAFB548778C01F0F0F35C125AEB5.d.55B6BD48D7565107E1B4F23FF7CCF5D6.e.287"},"getTitle",[]]}
COMMAND: POST /session/84d2e465ad1a756c73cdcf8ee9105872/execute/async - {"script":"<script> [1562 bytes]","args":[{"selector":{"id":"shellAppTitle"},"wdio_ui5_key":"shellAppTitle"}]}
RESULT: {"script":"<script> [1562 bytes]","args":[{"selector":{"id":"shellAppTitle"},"wdio_ui5_key":"shellAppTitle"}]}
COMMAND: POST /session/84d2e465ad1a756c73cdcf8ee9105872/execute/async - {"script":"<script> [6424 bytes]","args":[{"element-6066-11e4-a52e-4f735466cecf":"f.14F0DAFB548778C01F0F0F35C125AEB5.d.55B6BD48D7565107E1B4F23FF7CCF5D6.e.6499"},"getTitle",[]]}
RESULT: {"script":"<script> [6424 bytes]","args":[{"element-6066-11e4-a52e-4f735466cecf":"f.14F0DAFB548778C01F0F0F35C125AEB5.d.55B6BD48D7565107E1B4F23FF7CCF5D6.e.6499"},"getTitle",[]]}
RESULT: undefined
COMMAND: POST /session/84d2e465ad1a756c73cdcf8ee9105872/element/f.14F0DAFB548778C01F0F0F35C125AEB5.d.55B6BD48D7565107E1B4F23FF7CCF5D6.e.6498/click - {}
COMMAND: POST /session/84d2e465ad1a756c73cdcf8ee9105872/element/f.14F0DAFB548778C01F0F0F35C125AEB5.d.55B6BD48D7565107E1B4F23FF7CCF5D6.e.6498/click - {}
RESULT: {}
COMMAND: GET /session/84d2e465ad1a756c73cdcf8ee9105872/screenshot - {}
RESULT: {}
COMMAND: GET /session/84d2e465ad1a756c73cdcf8ee9105872/screenshot - {}
RESULT: {}
RESULT: {}
]]></system-out>
    </testcase>
    <testcase classname="chrome.136_0_7103_93.windows.Sanity_Tests_US104253" name="Should open Target Systems Configuration page" time="35.993">
      <system-out><![CDATA[
COMMAND: POST /session/84d2e465ad1a756c73cdcf8ee9105872/execute/async - {"script":"<script> [1562 bytes]","args":[{"selector":{"controlType":"sap.m.GenericTile","properties":{"header":"Target Systems Configuration"}},"wdio_ui5_key":"sapm.GenericTile{\"header\":\"Target Systems Configuration\"}"}]}
RESULT: {"script":"<script> [1562 bytes]","args":[{"selector":{"controlType":"sap.m.GenericTile","properties":{"header":"Target Systems Configuration"}},"wdio_ui5_key":"sapm.GenericTile{\"header\":\"Target Systems Configuration\"}"}]}
RESULT: undefined
COMMAND: POST /session/84d2e465ad1a756c73cdcf8ee9105872/element - {"using":"xpath","value":"//*[@id=\"__tile129\"]"}
RESULT: {"using":"xpath","value":"//*[@id=\"__tile129\"]"}
COMMAND: POST /session/84d2e465ad1a756c73cdcf8ee9105872/element/f.14F0DAFB548778C01F0F0F35C125AEB5.d.55B6BD48D7565107E1B4F23FF7CCF5D6.e.6501/click - {}
RESULT: {}
COMMAND: GET /session/84d2e465ad1a756c73cdcf8ee9105872/screenshot - {}
RESULT: {}
COMMAND: POST /session/84d2e465ad1a756c73cdcf8ee9105872/elements - {"using":"xpath","value":"//span[text()='Error']"}
RESULT: {"using":"xpath","value":"//span[text()='Error']"}
RESULT: undefined
COMMAND: POST /session/84d2e465ad1a756c73cdcf8ee9105872/element - {"using":"xpath","value":"//*[@id=\"__tile129\"]"}
RESULT: {"using":"xpath","value":"//*[@id=\"__tile129\"]"}
COMMAND: POST /session/84d2e465ad1a756c73cdcf8ee9105872/element/f.14F0DAFB548778C01F0F0F35C125AEB5.d.55B6BD48D7565107E1B4F23FF7CCF5D6.e.6501/click - {}
RESULT: undefined
COMMAND: POST /session/84d2e465ad1a756c73cdcf8ee9105872/element - {"using":"xpath","value":"//*[@id=\"__tile129\"]"}
RESULT: {"using":"xpath","value":"//*[@id=\"__tile129\"]"}
COMMAND: POST /session/84d2e465ad1a756c73cdcf8ee9105872/element/f.14F0DAFB548778C01F0F0F35C125AEB5.d.55B6BD48D7565107E1B4F23FF7CCF5D6.e.6501/click - {}
RESULT: undefined
COMMAND: POST /session/84d2e465ad1a756c73cdcf8ee9105872/execute/async - {"script":"<script> [6424 bytes]","args":[{"element-6066-11e4-a52e-4f735466cecf":"f.14F0DAFB548778C01F0F0F35C125AEB5.d.55B6BD48D7565107E1B4F23FF7CCF5D6.e.287"},"getTitle",[]]}
COMMAND: POST /session/84d2e465ad1a756c73cdcf8ee9105872/execute/async - {"script":"<script> [1562 bytes]","args":[{"selector":{"id":"shellAppTitle"},"wdio_ui5_key":"shellAppTitle"}]}
RESULT: {"script":"<script> [1562 bytes]","args":[{"selector":{"id":"shellAppTitle"},"wdio_ui5_key":"shellAppTitle"}]}
COMMAND: POST /session/84d2e465ad1a756c73cdcf8ee9105872/execute/async - {"script":"<script> [6424 bytes]","args":[{"element-6066-11e4-a52e-4f735466cecf":"f.14F0DAFB548778C01F0F0F35C125AEB5.d.55B6BD48D7565107E1B4F23FF7CCF5D6.e.6577"},"getTitle",[]]}
RESULT: {"script":"<script> [6424 bytes]","args":[{"element-6066-11e4-a52e-4f735466cecf":"f.14F0DAFB548778C01F0F0F35C125AEB5.d.55B6BD48D7565107E1B4F23FF7CCF5D6.e.6577"},"getTitle",[]]}
RESULT: undefined
COMMAND: POST /session/84d2e465ad1a756c73cdcf8ee9105872/element/f.14F0DAFB548778C01F0F0F35C125AEB5.d.55B6BD48D7565107E1B4F23FF7CCF5D6.e.6498/click - {}
COMMAND: POST /session/84d2e465ad1a756c73cdcf8ee9105872/element/f.14F0DAFB548778C01F0F0F35C125AEB5.d.55B6BD48D7565107E1B4F23FF7CCF5D6.e.6498/click - {}
RESULT: {}
COMMAND: GET /session/84d2e465ad1a756c73cdcf8ee9105872/screenshot - {}
COMMAND: POST /session/84d2e465ad1a756c73cdcf8ee9105872/element - {"using":"xpath","value":"//*[@id=\"backBtn\"]"}
RESULT: {}
RESULT: {"using":"xpath","value":"//*[@id=\"backBtn\"]"}
COMMAND: POST /session/84d2e465ad1a756c73cdcf8ee9105872/elements - {"using":"xpath","value":"//*[@id=\"backBtn\"]"}
RESULT: {"using":"xpath","value":"//*[@id=\"backBtn\"]"}
COMMAND: POST /session/84d2e465ad1a756c73cdcf8ee9105872/elements - {"using":"xpath","value":"//*[@id=\"backBtn\"]"}
RESULT: {"using":"xpath","value":"//*[@id=\"backBtn\"]"}
COMMAND: POST /session/84d2e465ad1a756c73cdcf8ee9105872/elements - {"using":"xpath","value":"//*[@id=\"backBtn\"]"}
RESULT: {"using":"xpath","value":"//*[@id=\"backBtn\"]"}
COMMAND: POST /session/84d2e465ad1a756c73cdcf8ee9105872/elements - {"using":"xpath","value":"//*[@id=\"backBtn\"]"}
RESULT: {"using":"xpath","value":"//*[@id=\"backBtn\"]"}
COMMAND: POST /session/84d2e465ad1a756c73cdcf8ee9105872/elements - {"using":"xpath","value":"//*[@id=\"backBtn\"]"}
RESULT: {"using":"xpath","value":"//*[@id=\"backBtn\"]"}
COMMAND: POST /session/84d2e465ad1a756c73cdcf8ee9105872/elements - {"using":"xpath","value":"//*[@id=\"backBtn\"]"}
RESULT: {"using":"xpath","value":"//*[@id=\"backBtn\"]"}
COMMAND: POST /session/84d2e465ad1a756c73cdcf8ee9105872/elements - {"using":"xpath","value":"//*[@id=\"backBtn\"]"}
RESULT: {"using":"xpath","value":"//*[@id=\"backBtn\"]"}
COMMAND: POST /session/84d2e465ad1a756c73cdcf8ee9105872/elements - {"using":"xpath","value":"//*[@id=\"backBtn\"]"}
RESULT: {"using":"xpath","value":"//*[@id=\"backBtn\"]"}
COMMAND: POST /session/84d2e465ad1a756c73cdcf8ee9105872/elements - {"using":"xpath","value":"//*[@id=\"backBtn\"]"}
RESULT: {"using":"xpath","value":"//*[@id=\"backBtn\"]"}
COMMAND: POST /session/84d2e465ad1a756c73cdcf8ee9105872/elements - {"using":"xpath","value":"//*[@id=\"backBtn\"]"}
RESULT: {"using":"xpath","value":"//*[@id=\"backBtn\"]"}
COMMAND: POST /session/84d2e465ad1a756c73cdcf8ee9105872/elements - {"using":"xpath","value":"//*[@id=\"backBtn\"]"}
RESULT: {"using":"xpath","value":"//*[@id=\"backBtn\"]"}
COMMAND: POST /session/84d2e465ad1a756c73cdcf8ee9105872/elements - {"using":"xpath","value":"//*[@id=\"backBtn\"]"}
RESULT: {"using":"xpath","value":"//*[@id=\"backBtn\"]"}
COMMAND: POST /session/84d2e465ad1a756c73cdcf8ee9105872/elements - {"using":"xpath","value":"//*[@id=\"backBtn\"]"}
RESULT: {"using":"xpath","value":"//*[@id=\"backBtn\"]"}
COMMAND: POST /session/84d2e465ad1a756c73cdcf8ee9105872/elements - {"using":"xpath","value":"//*[@id=\"backBtn\"]"}
RESULT: {"using":"xpath","value":"//*[@id=\"backBtn\"]"}
COMMAND: POST /session/84d2e465ad1a756c73cdcf8ee9105872/elements - {"using":"xpath","value":"//*[@id=\"backBtn\"]"}
RESULT: {"using":"xpath","value":"//*[@id=\"backBtn\"]"}
COMMAND: POST /session/84d2e465ad1a756c73cdcf8ee9105872/elements - {"using":"xpath","value":"//*[@id=\"backBtn\"]"}
RESULT: {"using":"xpath","value":"//*[@id=\"backBtn\"]"}
COMMAND: POST /session/84d2e465ad1a756c73cdcf8ee9105872/elements - {"using":"xpath","value":"//*[@id=\"backBtn\"]"}
RESULT: {"using":"xpath","value":"//*[@id=\"backBtn\"]"}
COMMAND: POST /session/84d2e465ad1a756c73cdcf8ee9105872/elements - {"using":"xpath","value":"//*[@id=\"backBtn\"]"}
RESULT: {"using":"xpath","value":"//*[@id=\"backBtn\"]"}
COMMAND: POST /session/84d2e465ad1a756c73cdcf8ee9105872/elements - {"using":"xpath","value":"//*[@id=\"backBtn\"]"}
RESULT: {"using":"xpath","value":"//*[@id=\"backBtn\"]"}
COMMAND: POST /session/84d2e465ad1a756c73cdcf8ee9105872/elements - {"using":"xpath","value":"//*[@id=\"backBtn\"]"}
RESULT: {"using":"xpath","value":"//*[@id=\"backBtn\"]"}
COMMAND: POST /session/84d2e465ad1a756c73cdcf8ee9105872/elements - {"using":"xpath","value":"//*[@id=\"backBtn\"]"}
RESULT: {"using":"xpath","value":"//*[@id=\"backBtn\"]"}
COMMAND: POST /session/84d2e465ad1a756c73cdcf8ee9105872/elements - {"using":"xpath","value":"//*[@id=\"backBtn\"]"}
RESULT: {"using":"xpath","value":"//*[@id=\"backBtn\"]"}
COMMAND: POST /session/84d2e465ad1a756c73cdcf8ee9105872/elements - {"using":"xpath","value":"//*[@id=\"backBtn\"]"}
RESULT: {"using":"xpath","value":"//*[@id=\"backBtn\"]"}
COMMAND: POST /session/84d2e465ad1a756c73cdcf8ee9105872/elements - {"using":"xpath","value":"//*[@id=\"backBtn\"]"}
RESULT: {"using":"xpath","value":"//*[@id=\"backBtn\"]"}
COMMAND: POST /session/84d2e465ad1a756c73cdcf8ee9105872/elements - {"using":"xpath","value":"//*[@id=\"backBtn\"]"}
RESULT: {"using":"xpath","value":"//*[@id=\"backBtn\"]"}
COMMAND: POST /session/84d2e465ad1a756c73cdcf8ee9105872/elements - {"using":"xpath","value":"//*[@id=\"backBtn\"]"}
RESULT: {"using":"xpath","value":"//*[@id=\"backBtn\"]"}
COMMAND: POST /session/84d2e465ad1a756c73cdcf8ee9105872/elements - {"using":"xpath","value":"//*[@id=\"backBtn\"]"}
RESULT: {"using":"xpath","value":"//*[@id=\"backBtn\"]"}
COMMAND: POST /session/84d2e465ad1a756c73cdcf8ee9105872/elements - {"using":"xpath","value":"//*[@id=\"backBtn\"]"}
RESULT: {"using":"xpath","value":"//*[@id=\"backBtn\"]"}
COMMAND: POST /session/84d2e465ad1a756c73cdcf8ee9105872/elements - {"using":"xpath","value":"//*[@id=\"backBtn\"]"}
RESULT: {"using":"xpath","value":"//*[@id=\"backBtn\"]"}
COMMAND: POST /session/84d2e465ad1a756c73cdcf8ee9105872/elements - {"using":"xpath","value":"//*[@id=\"backBtn\"]"}
RESULT: {"using":"xpath","value":"//*[@id=\"backBtn\"]"}
COMMAND: POST /session/84d2e465ad1a756c73cdcf8ee9105872/elements - {"using":"xpath","value":"//*[@id=\"backBtn\"]"}
RESULT: {"using":"xpath","value":"//*[@id=\"backBtn\"]"}
COMMAND: POST /session/84d2e465ad1a756c73cdcf8ee9105872/elements - {"using":"xpath","value":"//*[@id=\"backBtn\"]"}
RESULT: {"using":"xpath","value":"//*[@id=\"backBtn\"]"}
COMMAND: POST /session/84d2e465ad1a756c73cdcf8ee9105872/elements - {"using":"xpath","value":"//*[@id=\"backBtn\"]"}
RESULT: {"using":"xpath","value":"//*[@id=\"backBtn\"]"}
COMMAND: POST /session/84d2e465ad1a756c73cdcf8ee9105872/elements - {"using":"xpath","value":"//*[@id=\"backBtn\"]"}
RESULT: {"using":"xpath","value":"//*[@id=\"backBtn\"]"}
COMMAND: POST /session/84d2e465ad1a756c73cdcf8ee9105872/elements - {"using":"xpath","value":"//*[@id=\"backBtn\"]"}
RESULT: {"using":"xpath","value":"//*[@id=\"backBtn\"]"}
COMMAND: POST /session/84d2e465ad1a756c73cdcf8ee9105872/elements - {"using":"xpath","value":"//*[@id=\"backBtn\"]"}
RESULT: {"using":"xpath","value":"//*[@id=\"backBtn\"]"}
COMMAND: POST /session/84d2e465ad1a756c73cdcf8ee9105872/elements - {"using":"xpath","value":"//*[@id=\"backBtn\"]"}
RESULT: {"using":"xpath","value":"//*[@id=\"backBtn\"]"}
COMMAND: POST /session/84d2e465ad1a756c73cdcf8ee9105872/elements - {"using":"xpath","value":"//*[@id=\"backBtn\"]"}
RESULT: {"using":"xpath","value":"//*[@id=\"backBtn\"]"}
COMMAND: POST /session/84d2e465ad1a756c73cdcf8ee9105872/elements - {"using":"xpath","value":"//*[@id=\"backBtn\"]"}
RESULT: {"using":"xpath","value":"//*[@id=\"backBtn\"]"}
COMMAND: DELETE /session/84d2e465ad1a756c73cdcf8ee9105872 - {}
COMMAND: POST /session/84d2e465ad1a756c73cdcf8ee9105872/elements - {"using":"xpath","value":"//*[@id=\"backBtn\"]"}
RESULT: {}
]]></system-out>
    </testcase>
  </testsuite>
</testsuites>