<?xml version="1.0" encoding="UTF-8"?>
<testsuites tests="2" failures="0" errors="0" skipped="0">
  <testsuite timestamp="2025-05-15T15:35:48" time="19.651" tests="2" failures="0" errors="0" skipped="0">
    <properties>
      <property name="specId" value="0" />
      <property name="suiteName" value="Check QaLive System is up, or stop pipeline" />
      <property name="capabilities" value="chrome.136_0_7103_93.windows" />
      <property name="file" value="file:///D:/a/1/s/test/specs/TECH/check-QaLive-up.spec.js" />
    </properties>
    <testcase classname="chrome.136_0_7103_93.windows.Check_QaLive_System_is_up,_or_stop_pipeline" name="should check for errors on the home page and stop pipeline if found" time="0.051">
      <system-out><![CDATA[
COMMAND: GET /session/5931c0fe1e9b2ca85be8d4f69dbc36b2/source - {}
RESULT: {}
]]></system-out>
    </testcase>
    <testcase classname="chrome.136_0_7103_93.windows.Check_QaLive_System_is_up,_or_stop_pipeline" name="should check if the number in the specified element is greater than 0" time="0.047">
      <system-out><![CDATA[
COMMAND: POST /session/5931c0fe1e9b2ca85be8d4f69dbc36b2/element - {"using":"css selector","value":"div.sapSuiteStackedMCBarLabel"}
RESULT: {"using":"css selector","value":"div.sapSuiteStackedMCBarLabel"}
COMMAND: GET /session/5931c0fe1e9b2ca85be8d4f69dbc36b2/element/f.E9B611F6585BB9E3AD3B293DC061861A.d.31585F793804EDE1E1377BAB3BBDB338.e.115/text - {}
RESULT: {}
COMMAND: DELETE /session/5931c0fe1e9b2ca85be8d4f69dbc36b2 - {}
RESULT: {}
]]></system-out>
    </testcase>
  </testsuite>
</testsuites>