<?xml version="1.0" encoding="UTF-8"?>
<testsuites tests="80" failures="7" errors="7" skipped="0">
  <testsuite timestamp="2025-05-16T16:23:28" time="797.756" tests="8" failures="0" errors="0" skipped="0">
    <properties>
      <property name="specId" value="0" />
      <property name="suiteName" value="Stock increase - with WHM US125587" />
      <property name="capabilities" value="chrome.136_0_7103_93.windows" />
      <property name="file" value="file:///D:/a/1/s/test/specs/HTR/stock-increase.spec.js" />
    </properties>
    <testcase classname="chrome.136_0_7103_93.windows.Stock_increase_-_with_WHM_US125587" name="Should create a new WHM yard" time="133.348">
      <system-out><![CDATA[
COMMAND: POST /session/d41a4ef9228655ec76246a5e56c44812/window/fullscreen - {}
RESULT: {}
COMMAND: POST /session/d41a4ef9228655ec76246a5e56c44812/execute/async - {"script":"<script> [1562 bytes]","args":[{"selector":{"controlType":"sap.m.GenericTile","properties":{"header":"Manage Yards"}},"wdio_ui5_key":"sapm.GenericTile{\"header\":\"Manage Yards\"}"}]}
RESULT: {"script":"<script> [1562 bytes]","args":[{"selector":{"controlType":"sap.m.GenericTile","properties":{"header":"Manage Yards"}},"wdio_ui5_key":"sapm.GenericTile{\"header\":\"Manage Yards\"}"}]}
RESULT: undefined
COMMAND: POST /session/d41a4ef9228655ec76246a5e56c44812/element - {"using":"xpath","value":"//*[@id=\"__tile41\"]"}
RESULT: {"using":"xpath","value":"//*[@id=\"__tile41\"]"}
COMMAND: POST /session/d41a4ef9228655ec76246a5e56c44812/element/f.8359050118E493E9D810750CB1F2C9B3.d.1868E7DE06A0E87AAA47DAC533C5BA88.e.134/click - {}
RESULT: {}
COMMAND: GET /session/d41a4ef9228655ec76246a5e56c44812/screenshot - {}
RESULT: {}
COMMAND: POST /session/d41a4ef9228655ec76246a5e56c44812/elements - {"using":"xpath","value":"//span[text()='Error']"}
RESULT: {"using":"xpath","value":"//span[text()='Error']"}
COMMAND: POST /session/d41a4ef9228655ec76246a5e56c44812/element - {"using":"xpath","value":"//button[@data-kt=\"addNewYardOverflowToolbarButton\"]"}
RESULT: {"using":"xpath","value":"//button[@data-kt=\"addNewYardOverflowToolbarButton\"]"}
COMMAND: POST /session/d41a4ef9228655ec76246a5e56c44812/elements - {"using":"xpath","value":"//button[@data-kt=\"addNewYardOverflowToolbarButton\"]"}
RESULT: {"using":"xpath","value":"//button[@data-kt=\"addNewYardOverflowToolbarButton\"]"}
COMMAND: POST /session/d41a4ef9228655ec76246a5e56c44812/elements - {"using":"xpath","value":"//button[@data-kt=\"addNewYardOverflowToolbarButton\"]"}
RESULT: {"using":"xpath","value":"//button[@data-kt=\"addNewYardOverflowToolbarButton\"]"}
COMMAND: POST /session/d41a4ef9228655ec76246a5e56c44812/elements - {"using":"xpath","value":"//button[@data-kt=\"addNewYardOverflowToolbarButton\"]"}
RESULT: {"using":"xpath","value":"//button[@data-kt=\"addNewYardOverflowToolbarButton\"]"}
COMMAND: POST /session/d41a4ef9228655ec76246a5e56c44812/elements - {"using":"xpath","value":"//button[@data-kt=\"addNewYardOverflowToolbarButton\"]"}
RESULT: {"using":"xpath","value":"//button[@data-kt=\"addNewYardOverflowToolbarButton\"]"}
COMMAND: POST /session/d41a4ef9228655ec76246a5e56c44812/elements - {"using":"xpath","value":"//button[@data-kt=\"addNewYardOverflowToolbarButton\"]"}
RESULT: {"using":"xpath","value":"//button[@data-kt=\"addNewYardOverflowToolbarButton\"]"}
COMMAND: POST /session/d41a4ef9228655ec76246a5e56c44812/elements - {"using":"xpath","value":"//button[@data-kt=\"addNewYardOverflowToolbarButton\"]"}
RESULT: {"using":"xpath","value":"//button[@data-kt=\"addNewYardOverflowToolbarButton\"]"}
COMMAND: POST /session/d41a4ef9228655ec76246a5e56c44812/elements - {"using":"xpath","value":"//button[@data-kt=\"addNewYardOverflowToolbarButton\"]"}
RESULT: {"using":"xpath","value":"//button[@data-kt=\"addNewYardOverflowToolbarButton\"]"}
COMMAND: POST /session/d41a4ef9228655ec76246a5e56c44812/elements - {"using":"xpath","value":"//button[@data-kt=\"addNewYardOverflowToolbarButton\"]"}
RESULT: {"using":"xpath","value":"//button[@data-kt=\"addNewYardOverflowToolbarButton\"]"}
COMMAND: POST /session/d41a4ef9228655ec76246a5e56c44812/elements - {"using":"xpath","value":"//button[@data-kt=\"addNewYardOverflowToolbarButton\"]"}
RESULT: {"using":"xpath","value":"//button[@data-kt=\"addNewYardOverflowToolbarButton\"]"}
COMMAND: POST /session/d41a4ef9228655ec76246a5e56c44812/elements - {"using":"xpath","value":"//button[@data-kt=\"addNewYardOverflowToolbarButton\"]"}
RESULT: {"using":"xpath","value":"//button[@data-kt=\"addNewYardOverflowToolbarButton\"]"}
COMMAND: POST /session/d41a4ef9228655ec76246a5e56c44812/elements - {"using":"xpath","value":"//button[@data-kt=\"addNewYardOverflowToolbarButton\"]"}
RESULT: {"using":"xpath","value":"//button[@data-kt=\"addNewYardOverflowToolbarButton\"]"}
COMMAND: POST /session/d41a4ef9228655ec76246a5e56c44812/elements - {"using":"xpath","value":"//button[@data-kt=\"addNewYardOverflowToolbarButton\"]"}
RESULT: {"using":"xpath","value":"//button[@data-kt=\"addNewYardOverflowToolbarButton\"]"}
COMMAND: POST /session/d41a4ef9228655ec76246a5e56c44812/elements - {"using":"xpath","value":"//button[@data-kt=\"addNewYardOverflowToolbarButton\"]"}
RESULT: {"using":"xpath","value":"//button[@data-kt=\"addNewYardOverflowToolbarButton\"]"}
COMMAND: POST /session/d41a4ef9228655ec76246a5e56c44812/element - {"using":"xpath","value":"//button[@data-kt=\"addNewYardOverflowToolbarButton\"]"}
RESULT: {"using":"xpath","value":"//button[@data-kt=\"addNewYardOverflowToolbarButton\"]"}
COMMAND: POST /session/d41a4ef9228655ec76246a5e56c44812/execute/sync - {"script":"<script> [8489 bytes]","args":[{"element-6066-11e4-a52e-4f735466cecf":"f.8359050118E493E9D810750CB1F2C9B3.d.1868E7DE06A0E87AAA47DAC533C5BA88.e.270","ELEMENT":"f.8359050118E493E9D810750CB1F2C9B3.d.1868E7DE06A0E87AAA47DAC533C5BA88.e.270"}]}
RESULT: {"script":"<script> [8489 bytes]","args":[{"element-6066-11e4-a52e-4f735466cecf":"f.8359050118E493E9D810750CB1F2C9B3.d.1868E7DE06A0E87AAA47DAC533C5BA88.e.270","ELEMENT":"f.8359050118E493E9D810750CB1F2C9B3.d.1868E7DE06A0E87AAA47DAC533C5BA88.e.270"}]}
COMMAND: GET /session/d41a4ef9228655ec76246a5e56c44812/element/f.8359050118E493E9D810750CB1F2C9B3.d.1868E7DE06A0E87AAA47DAC533C5BA88.e.270/enabled - {}
COMMAND: GET /session/d41a4ef9228655ec76246a5e56c44812/screenshot - {}
RESULT: {}
COMMAND: POST /session/d41a4ef9228655ec76246a5e56c44812/execute/sync - {"script":"<script> [8489 bytes]","args":[{"element-6066-11e4-a52e-4f735466cecf":"f.8359050118E493E9D810750CB1F2C9B3.d.1868E7DE06A0E87AAA47DAC533C5BA88.e.270","ELEMENT":"f.8359050118E493E9D810750CB1F2C9B3.d.1868E7DE06A0E87AAA47DAC533C5BA88.e.270"}]}
COMMAND: GET /session/d41a4ef9228655ec76246a5e56c44812/screenshot - {}
RESULT: {}
RESULT: {"script":"<script> [8489 bytes]","args":[{"element-6066-11e4-a52e-4f735466cecf":"f.8359050118E493E9D810750CB1F2C9B3.d.1868E7DE06A0E87AAA47DAC533C5BA88.e.270","ELEMENT":"f.8359050118E493E9D810750CB1F2C9B3.d.1868E7DE06A0E87AAA47DAC533C5BA88.e.270"}]}
COMMAND: POST /session/d41a4ef9228655ec76246a5e56c44812/execute/sync - {"script":"<script> [5351 bytes]","args":[{"element-6066-11e4-a52e-4f735466cecf":"f.8359050118E493E9D810750CB1F2C9B3.d.1868E7DE06A0E87AAA47DAC533C5BA88.e.270","ELEMENT":"f.8359050118E493E9D810750CB1F2C9B3.d.1868E7DE06A0E87AAA47DAC533C5BA88.e.270"}]}
COMMAND: GET /session/d41a4ef9228655ec76246a5e56c44812/screenshot - {}
RESULT: {}
RESULT: {"script":"<script> [5351 bytes]","args":[{"element-6066-11e4-a52e-4f735466cecf":"f.8359050118E493E9D810750CB1F2C9B3.d.1868E7DE06A0E87AAA47DAC533C5BA88.e.270","ELEMENT":"f.8359050118E493E9D810750CB1F2C9B3.d.1868E7DE06A0E87AAA47DAC533C5BA88.e.270"}]}
COMMAND: POST /session/d41a4ef9228655ec76246a5e56c44812/element/f.8359050118E493E9D810750CB1F2C9B3.d.1868E7DE06A0E87AAA47DAC533C5BA88.e.270/click - {}
COMMAND: GET /session/d41a4ef9228655ec76246a5e56c44812/screenshot - {}
RESULT: {}
RESULT: {}
COMMAND: GET /session/d41a4ef9228655ec76246a5e56c44812/screenshot - {}
RESULT: {}
COMMAND: POST /session/d41a4ef9228655ec76246a5e56c44812/element - {"using":"xpath","value":"//input[@id=\"application-manageyards-display-component---NewYard--yardId-inner\"]"}
RESULT: {}
RESULT: {"using":"xpath","value":"//input[@id=\"application-manageyards-display-component---NewYard--yardId-inner\"]"}
COMMAND: POST /session/d41a4ef9228655ec76246a5e56c44812/element - {"using":"xpath","value":"//input[@id=\"application-manageyards-display-component---NewYard--yardId-inner\"]"}
RESULT: {"using":"xpath","value":"//input[@id=\"application-manageyards-display-component---NewYard--yardId-inner\"]"}
COMMAND: POST /session/d41a4ef9228655ec76246a5e56c44812/execute/async - {"script":"<script> [1562 bytes]","args":[{"selector":{"id":"application-manageyards-display-component---NewYard--addressDetailDetailsName1","interaction":{"idSuffix":"inner"}},"wdio_ui5_key":"applicationmanageyards-display-component---NewYard--addressDetailDetailsName1"}]}
RESULT: {"script":"<script> [1562 bytes]","args":[{"selector":{"id":"application-manageyards-display-component---NewYard--addressDetailDetailsName1","interaction":{"idSuffix":"inner"}},"wdio_ui5_key":"applicationmanageyards-display-component---NewYard--addressDetailDetailsName1"}]}
RESULT: undefined
COMMAND: POST /session/d41a4ef9228655ec76246a5e56c44812/execute/async - {"script":"<script> [776 bytes]","args":[{"enterText":"Warehouse Managed WDIO","selector":{"id":"application-manageyards-display-component---NewYard--addressDetailDetailsName1","interaction":{"idSuffix":"inner"}},"clearTextFirst":true,"interactionType":"ENTER_TEXT"}]}
RESULT: {"script":"<script> [776 bytes]","args":[{"enterText":"Warehouse Managed WDIO","selector":{"id":"application-manageyards-display-component---NewYard--addressDetailDetailsName1","interaction":{"idSuffix":"inner"}},"clearTextFirst":true,"interactionType":"ENTER_TEXT"}]}
COMMAND: POST /session/d41a4ef9228655ec76246a5e56c44812/execute/async - {"script":"<script> [1562 bytes]","args":[{"selector":{"id":"application-manageyards-display-component---NewYard--addressDetailDetailsLanguage-arrow"},"wdio_ui5_key":"applicationmanageyards-display-component---NewYard--addressDetailDetailsLanguage-arrow"}]}
RESULT: {"script":"<script> [1562 bytes]","args":[{"selector":{"id":"application-manageyards-display-component---NewYard--addressDetailDetailsLanguage-arrow"},"wdio_ui5_key":"applicationmanageyards-display-component---NewYard--addressDetailDetailsLanguage-arrow"}]}
RESULT: undefined
COMMAND: POST /session/d41a4ef9228655ec76246a5e56c44812/element - {"using":"xpath","value":"//*[@id=\"application-manageyards-display-component---NewYard--addressDetailDetailsLanguage-arrow\"]"}
RESULT: {"using":"xpath","value":"//*[@id=\"application-manageyards-display-component---NewYard--addressDetailDetailsLanguage-arrow\"]"}
COMMAND: POST /session/d41a4ef9228655ec76246a5e56c44812/element/f.8359050118E493E9D810750CB1F2C9B3.d.1868E7DE06A0E87AAA47DAC533C5BA88.e.706/click - {}
RESULT: {}
COMMAND: POST /session/d41a4ef9228655ec76246a5e56c44812/element - {"using":"xpath","value":"//span[contains(text(), \"English\")]"}
COMMAND: GET /session/d41a4ef9228655ec76246a5e56c44812/screenshot - {}
RESULT: {"using":"xpath","value":"//span[contains(text(), \"English\")]"}
COMMAND: POST /session/d41a4ef9228655ec76246a5e56c44812/element/f.8359050118E493E9D810750CB1F2C9B3.d.1868E7DE06A0E87AAA47DAC533C5BA88.e.707/click - {}
RESULT: {}
RESULT: {}
COMMAND: POST /session/d41a4ef9228655ec76246a5e56c44812/execute/async - {"script":"<script> [1562 bytes]","args":[{"selector":{"id":"application-manageyards-display-component---NewYard--addressDetailDetailsCity1","interaction":{"idSuffix":"inner"}},"wdio_ui5_key":"applicationmanageyards-display-component---NewYard--addressDetailDetailsCity1"}]}
COMMAND: GET /session/d41a4ef9228655ec76246a5e56c44812/screenshot - {}
RESULT: {"script":"<script> [1562 bytes]","args":[{"selector":{"id":"application-manageyards-display-component---NewYard--addressDetailDetailsCity1","interaction":{"idSuffix":"inner"}},"wdio_ui5_key":"applicationmanageyards-display-component---NewYard--addressDetailDetailsCity1"}]}
RESULT: undefined
COMMAND: POST /session/d41a4ef9228655ec76246a5e56c44812/execute/async - {"script":"<script> [776 bytes]","args":[{"enterText":"Rosario","selector":{"id":"application-manageyards-display-component---NewYard--addressDetailDetailsCity1","interaction":{"idSuffix":"inner"}},"clearTextFirst":true,"interactionType":"ENTER_TEXT"}]}
RESULT: {}
RESULT: {"script":"<script> [776 bytes]","args":[{"enterText":"Rosario","selector":{"id":"application-manageyards-display-component---NewYard--addressDetailDetailsCity1","interaction":{"idSuffix":"inner"}},"clearTextFirst":true,"interactionType":"ENTER_TEXT"}]}
COMMAND: POST /session/d41a4ef9228655ec76246a5e56c44812/execute/async - {"script":"<script> [1562 bytes]","args":[{"selector":{"id":"application-manageyards-display-component---NewYard--addressDetailDetailsCountry-arrow"},"wdio_ui5_key":"applicationmanageyards-display-component---NewYard--addressDetailDetailsCountry-arrow"}]}
RESULT: {"script":"<script> [1562 bytes]","args":[{"selector":{"id":"application-manageyards-display-component---NewYard--addressDetailDetailsCountry-arrow"},"wdio_ui5_key":"applicationmanageyards-display-component---NewYard--addressDetailDetailsCountry-arrow"}]}
RESULT: undefined
COMMAND: POST /session/d41a4ef9228655ec76246a5e56c44812/element - {"using":"xpath","value":"//*[@id=\"application-manageyards-display-component---NewYard--addressDetailDetailsCountry-arrow\"]"}
RESULT: {"using":"xpath","value":"//*[@id=\"application-manageyards-display-component---NewYard--addressDetailDetailsCountry-arrow\"]"}
COMMAND: POST /session/d41a4ef9228655ec76246a5e56c44812/element/f.8359050118E493E9D810750CB1F2C9B3.d.1868E7DE06A0E87AAA47DAC533C5BA88.e.709/click - {}
RESULT: {}
COMMAND: POST /session/d41a4ef9228655ec76246a5e56c44812/element - {"using":"xpath","value":"//span[contains(text(), \"Argentina\")]"}
COMMAND: GET /session/d41a4ef9228655ec76246a5e56c44812/screenshot - {}
RESULT: {"using":"xpath","value":"//span[contains(text(), \"Argentina\")]"}
COMMAND: POST /session/d41a4ef9228655ec76246a5e56c44812/element/f.8359050118E493E9D810750CB1F2C9B3.d.1868E7DE06A0E87AAA47DAC533C5BA88.e.711/click - {}
RESULT: {}
RESULT: {}
COMMAND: POST /session/d41a4ef9228655ec76246a5e56c44812/execute/async - {"script":"<script> [1562 bytes]","args":[{"selector":{"id":"application-manageyards-display-component---NewYard--addressEditDetailsCostObjectCstType-arrow"},"wdio_ui5_key":"applicationmanageyards-display-component---NewYard--addressEditDetailsCostObjectCstType-arrow"}]}
COMMAND: GET /session/d41a4ef9228655ec76246a5e56c44812/screenshot - {}
RESULT: {"script":"<script> [1562 bytes]","args":[{"selector":{"id":"application-manageyards-display-component---NewYard--addressEditDetailsCostObjectCstType-arrow"},"wdio_ui5_key":"applicationmanageyards-display-component---NewYard--addressEditDetailsCostObjectCstType-arrow"}]}
RESULT: undefined
COMMAND: POST /session/d41a4ef9228655ec76246a5e56c44812/element - {"using":"xpath","value":"//*[@id=\"application-manageyards-display-component---NewYard--addressEditDetailsCostObjectCstType-arrow\"]"}
RESULT: {}
RESULT: {"using":"xpath","value":"//*[@id=\"application-manageyards-display-component---NewYard--addressEditDetailsCostObjectCstType-arrow\"]"}
COMMAND: POST /session/d41a4ef9228655ec76246a5e56c44812/element/f.8359050118E493E9D810750CB1F2C9B3.d.1868E7DE06A0E87AAA47DAC533C5BA88.e.712/click - {}
RESULT: {}
COMMAND: POST /session/d41a4ef9228655ec76246a5e56c44812/element - {"using":"xpath","value":"//span[contains(text(), \"Cost Center\")]"}
COMMAND: GET /session/d41a4ef9228655ec76246a5e56c44812/screenshot - {}
RESULT: {"using":"xpath","value":"//span[contains(text(), \"Cost Center\")]"}
COMMAND: POST /session/d41a4ef9228655ec76246a5e56c44812/element/f.8359050118E493E9D810750CB1F2C9B3.d.1868E7DE06A0E87AAA47DAC533C5BA88.e.713/click - {}
RESULT: {}
RESULT: {}
COMMAND: GET /session/d41a4ef9228655ec76246a5e56c44812/screenshot - {}
RESULT: {}
COMMAND: POST /session/d41a4ef9228655ec76246a5e56c44812/element - {"using":"xpath","value":"//span[@id=\"application-manageyards-display-component---NewYard--addressNewCostObjectCstID-vhi\"]"}
RESULT: {"using":"xpath","value":"//span[@id=\"application-manageyards-display-component---NewYard--addressNewCostObjectCstID-vhi\"]"}
COMMAND: POST /session/d41a4ef9228655ec76246a5e56c44812/execute/sync - {"script":"<script> [8489 bytes]","args":[{"element-6066-11e4-a52e-4f735466cecf":"f.8359050118E493E9D810750CB1F2C9B3.d.1868E7DE06A0E87AAA47DAC533C5BA88.e.717","ELEMENT":"f.8359050118E493E9D810750CB1F2C9B3.d.1868E7DE06A0E87AAA47DAC533C5BA88.e.717"}]}
RESULT: {"script":"<script> [8489 bytes]","args":[{"element-6066-11e4-a52e-4f735466cecf":"f.8359050118E493E9D810750CB1F2C9B3.d.1868E7DE06A0E87AAA47DAC533C5BA88.e.717","ELEMENT":"f.8359050118E493E9D810750CB1F2C9B3.d.1868E7DE06A0E87AAA47DAC533C5BA88.e.717"}]}
COMMAND: POST /session/d41a4ef9228655ec76246a5e56c44812/execute/async - {"script":"<script> [1562 bytes]","args":[{"selector":{"id":"application-manageyards-display-component---NewYard--addressNewCostObjectCstID-vhi"},"wdio_ui5_key":"applicationmanageyards-display-component---NewYard--addressNewCostObjectCstID-vhi"}]}
COMMAND: GET /session/d41a4ef9228655ec76246a5e56c44812/screenshot - {}
RESULT: {"script":"<script> [1562 bytes]","args":[{"selector":{"id":"application-manageyards-display-component---NewYard--addressNewCostObjectCstID-vhi"},"wdio_ui5_key":"applicationmanageyards-display-component---NewYard--addressNewCostObjectCstID-vhi"}]}
RESULT: undefined
COMMAND: POST /session/d41a4ef9228655ec76246a5e56c44812/element - {"using":"xpath","value":"//*[@id=\"application-manageyards-display-component---NewYard--addressNewCostObjectCstID-vhi\"]"}
RESULT: {}
RESULT: {"using":"xpath","value":"//*[@id=\"application-manageyards-display-component---NewYard--addressNewCostObjectCstID-vhi\"]"}
COMMAND: POST /session/d41a4ef9228655ec76246a5e56c44812/element/f.8359050118E493E9D810750CB1F2C9B3.d.1868E7DE06A0E87AAA47DAC533C5BA88.e.717/click - {}
RESULT: {}
COMMAND: GET /session/d41a4ef9228655ec76246a5e56c44812/screenshot - {}
RESULT: {}
COMMAND: POST /session/d41a4ef9228655ec76246a5e56c44812/execute/async - {"script":"<script> [1562 bytes]","args":[{"selector":{"controlType":"sap.m.SearchField","properties":{"placeholder":"Search"},"searchOpenDialogs":true,"interaction":{"idSuffix":"I"}},"wdio_ui5_key":"sapm.SearchField{\"placeholder\":\"Search\"}"}]}
RESULT: {"script":"<script> [1562 bytes]","args":[{"selector":{"controlType":"sap.m.SearchField","properties":{"placeholder":"Search"},"searchOpenDialogs":true,"interaction":{"idSuffix":"I"}},"wdio_ui5_key":"sapm.SearchField{\"placeholder\":\"Search\"}"}]}
RESULT: undefined
COMMAND: POST /session/d41a4ef9228655ec76246a5e56c44812/execute/async - {"script":"<script> [776 bytes]","args":[{"enterText":"bauh_b","selector":{"controlType":"sap.m.SearchField","properties":{"placeholder":"Search"},"searchOpenDialogs":true,"interaction":{"idSuffix":"I"}},"clearTextFirst":true,"interactionType":"ENTER_TEXT"}]}
RESULT: {"script":"<script> [776 bytes]","args":[{"enterText":"bauh_b","selector":{"controlType":"sap.m.SearchField","properties":{"placeholder":"Search"},"searchOpenDialogs":true,"interaction":{"idSuffix":"I"}},"clearTextFirst":true,"interactionType":"ENTER_TEXT"}]}
COMMAND: POST /session/d41a4ef9228655ec76246a5e56c44812/actions - {"actions":[{"id":"action1","type":"key","parameters":{},"actions":[{"type":"keyDown","value":"î€‡"},{"type":"pause","duration":10},{"type":"keyUp","value":"î€‡"}]}]}
RESULT: {"actions":[{"id":"action1","type":"key","parameters":{},"actions":[{"type":"keyDown","value":"î€‡"},{"type":"pause","duration":10},{"type":"keyUp","value":"î€‡"}]}]}
COMMAND: GET /session/d41a4ef9228655ec76246a5e56c44812/screenshot - {}
RESULT: {}
COMMAND: POST /session/d41a4ef9228655ec76246a5e56c44812/element - {"using":"xpath","value":"//span[contains(text(), \"Demo Yard\")]"}
RESULT: {"using":"xpath","value":"//span[contains(text(), \"Demo Yard\")]"}
COMMAND: POST /session/d41a4ef9228655ec76246a5e56c44812/element/f.8359050118E493E9D810750CB1F2C9B3.d.1868E7DE06A0E87AAA47DAC533C5BA88.e.758/click - {}
RESULT: {}
COMMAND: GET /session/d41a4ef9228655ec76246a5e56c44812/screenshot - {}
RESULT: {}
COMMAND: POST /session/d41a4ef9228655ec76246a5e56c44812/element - {"using":"xpath","value":"//bdi[contains(text(), \"OK\")]"}
RESULT: {"using":"xpath","value":"//bdi[contains(text(), \"OK\")]"}
COMMAND: POST /session/d41a4ef9228655ec76246a5e56c44812/element/f.8359050118E493E9D810750CB1F2C9B3.d.1868E7DE06A0E87AAA47DAC533C5BA88.e.759/click - {}
RESULT: {}
COMMAND: GET /session/d41a4ef9228655ec76246a5e56c44812/screenshot - {}
RESULT: {}
COMMAND: POST /session/d41a4ef9228655ec76246a5e56c44812/execute/async - {"script":"<script> [1562 bytes]","args":[{"selector":{"id":"application-manageyards-display-component---NewYard--addressEditDetailsCurrency-arrow"},"wdio_ui5_key":"applicationmanageyards-display-component---NewYard--addressEditDetailsCurrency-arrow"}]}
RESULT: {"script":"<script> [1562 bytes]","args":[{"selector":{"id":"application-manageyards-display-component---NewYard--addressEditDetailsCurrency-arrow"},"wdio_ui5_key":"applicationmanageyards-display-component---NewYard--addressEditDetailsCurrency-arrow"}]}
RESULT: undefined
COMMAND: POST /session/d41a4ef9228655ec76246a5e56c44812/element - {"using":"xpath","value":"//*[@id=\"application-manageyards-display-component---NewYard--addressEditDetailsCurrency-arrow\"]"}
RESULT: {"using":"xpath","value":"//*[@id=\"application-manageyards-display-component---NewYard--addressEditDetailsCurrency-arrow\"]"}
COMMAND: POST /session/d41a4ef9228655ec76246a5e56c44812/element/f.8359050118E493E9D810750CB1F2C9B3.d.1868E7DE06A0E87AAA47DAC533C5BA88.e.762/click - {}
RESULT: {}
COMMAND: POST /session/d41a4ef9228655ec76246a5e56c44812/element - {"using":"xpath","value":"//span[contains(text(), \"Euro\")]"}
COMMAND: GET /session/d41a4ef9228655ec76246a5e56c44812/screenshot - {}
RESULT: {"using":"xpath","value":"//span[contains(text(), \"Euro\")]"}
COMMAND: POST /session/d41a4ef9228655ec76246a5e56c44812/element/f.8359050118E493E9D810750CB1F2C9B3.d.1868E7DE06A0E87AAA47DAC533C5BA88.e.763/click - {}
RESULT: {}
RESULT: {}
COMMAND: POST /session/d41a4ef9228655ec76246a5e56c44812/execute/async - {"script":"<script> [1562 bytes]","args":[{"selector":{"controlType":"sap.m.Input","viewName":"etm.portal.ui.manageyards.view.New","viewId":"application-manageyards-display-component---NewYard","bindingPath":{"path":"","propertyPath":"/CONTROLLING_AREA","modelName":"NewYardModel"},"interaction":{"idSuffix":"inner"}},"wdio_ui5_key":"etmportal.ui.manageyards.view.Newsap.m.Input{\"path\":\"\",\"propertyPath\":\"/CONTROLLING_AREA\",\"modelName\":\"NewYardModel\"}"}]}
COMMAND: GET /session/d41a4ef9228655ec76246a5e56c44812/screenshot - {}
RESULT: {"script":"<script> [1562 bytes]","args":[{"selector":{"controlType":"sap.m.Input","viewName":"etm.portal.ui.manageyards.view.New","viewId":"application-manageyards-display-component---NewYard","bindingPath":{"path":"","propertyPath":"/CONTROLLING_AREA","modelName":"NewYardModel"},"interaction":{"idSuffix":"inner"}},"wdio_ui5_key":"etmportal.ui.manageyards.view.Newsap.m.Input{\"path\":\"\",\"propertyPath\":\"/CONTROLLING_AREA\",\"modelName\":\"NewYardModel\"}"}]}
RESULT: undefined
COMMAND: POST /session/d41a4ef9228655ec76246a5e56c44812/execute/async - {"script":"<script> [776 bytes]","args":[{"enterText":"Z001","selector":{"controlType":"sap.m.Input","viewName":"etm.portal.ui.manageyards.view.New","viewId":"application-manageyards-display-component---NewYard","bindingPath":{"path":"","propertyPath":"/CONTROLLING_AREA","modelName":"NewYardModel"},"interaction":{"idSuffix":"inner"}},"clearTextFirst":true,"interactionType":"ENTER_TEXT"}]}
RESULT: {}
RESULT: {"script":"<script> [776 bytes]","args":[{"enterText":"Z001","selector":{"controlType":"sap.m.Input","viewName":"etm.portal.ui.manageyards.view.New","viewId":"application-manageyards-display-component---NewYard","bindingPath":{"path":"","propertyPath":"/CONTROLLING_AREA","modelName":"NewYardModel"},"interaction":{"idSuffix":"inner"}},"clearTextFirst":true,"interactionType":"ENTER_TEXT"}]}
COMMAND: POST /session/d41a4ef9228655ec76246a5e56c44812/execute/async - {"script":"<script> [1562 bytes]","args":[{"selector":{"id":"application-manageyards-display-component---NewYard--companyCodeComboBox","interaction":{"idSuffix":"inner"}},"wdio_ui5_key":"applicationmanageyards-display-component---NewYard--companyCodeComboBox"}]}
RESULT: {"script":"<script> [1562 bytes]","args":[{"selector":{"id":"application-manageyards-display-component---NewYard--companyCodeComboBox","interaction":{"idSuffix":"inner"}},"wdio_ui5_key":"applicationmanageyards-display-component---NewYard--companyCodeComboBox"}]}
RESULT: undefined
COMMAND: POST /session/d41a4ef9228655ec76246a5e56c44812/execute/async - {"script":"<script> [776 bytes]","args":[{"enterText":"1000","selector":{"id":"application-manageyards-display-component---NewYard--companyCodeComboBox","interaction":{"idSuffix":"inner"}},"clearTextFirst":true,"interactionType":"ENTER_TEXT"}]}
RESULT: {"script":"<script> [776 bytes]","args":[{"enterText":"1000","selector":{"id":"application-manageyards-display-component---NewYard--companyCodeComboBox","interaction":{"idSuffix":"inner"}},"clearTextFirst":true,"interactionType":"ENTER_TEXT"}]}
COMMAND: POST /session/d41a4ef9228655ec76246a5e56c44812/execute/async - {"script":"<script> [1562 bytes]","args":[{"selector":{"controlType":"sap.m.Input","viewName":"etm.portal.ui.manageyards.view.New","viewId":"application-manageyards-display-component---NewYard","bindingPath":{"path":"","propertyPath":"/PLANT","modelName":"NewYardModel"},"interaction":{"idSuffix":"inner"}},"wdio_ui5_key":"etmportal.ui.manageyards.view.Newsap.m.Input{\"path\":\"\",\"propertyPath\":\"/PLANT\",\"modelName\":\"NewYardModel\"}"}]}
RESULT: {"script":"<script> [1562 bytes]","args":[{"selector":{"controlType":"sap.m.Input","viewName":"etm.portal.ui.manageyards.view.New","viewId":"application-manageyards-display-component---NewYard","bindingPath":{"path":"","propertyPath":"/PLANT","modelName":"NewYardModel"},"interaction":{"idSuffix":"inner"}},"wdio_ui5_key":"etmportal.ui.manageyards.view.Newsap.m.Input{\"path\":\"\",\"propertyPath\":\"/PLANT\",\"modelName\":\"NewYardModel\"}"}]}
RESULT: undefined
COMMAND: POST /session/d41a4ef9228655ec76246a5e56c44812/execute/async - {"script":"<script> [776 bytes]","args":[{"enterText":"1001","selector":{"controlType":"sap.m.Input","viewName":"etm.portal.ui.manageyards.view.New","viewId":"application-manageyards-display-component---NewYard","bindingPath":{"path":"","propertyPath":"/PLANT","modelName":"NewYardModel"},"interaction":{"idSuffix":"inner"}},"clearTextFirst":true,"interactionType":"ENTER_TEXT"}]}
RESULT: {"script":"<script> [776 bytes]","args":[{"enterText":"1001","selector":{"controlType":"sap.m.Input","viewName":"etm.portal.ui.manageyards.view.New","viewId":"application-manageyards-display-component---NewYard","bindingPath":{"path":"","propertyPath":"/PLANT","modelName":"NewYardModel"},"interaction":{"idSuffix":"inner"}},"clearTextFirst":true,"interactionType":"ENTER_TEXT"}]}
COMMAND: POST /session/d41a4ef9228655ec76246a5e56c44812/execute/async - {"script":"<script> [1562 bytes]","args":[{"selector":{"controlType":"sap.m.Input","viewName":"etm.portal.ui.manageyards.view.New","viewId":"application-manageyards-display-component---NewYard","bindingPath":{"path":"","propertyPath":"/SALES_AREA_VKORG","modelName":"NewYardModel"},"interaction":{"idSuffix":"inner"}},"wdio_ui5_key":"etmportal.ui.manageyards.view.Newsap.m.Input{\"path\":\"\",\"propertyPath\":\"/SALES_AREA_VKORG\",\"modelName\":\"NewYardModel\"}"}]}
RESULT: {"script":"<script> [1562 bytes]","args":[{"selector":{"controlType":"sap.m.Input","viewName":"etm.portal.ui.manageyards.view.New","viewId":"application-manageyards-display-component---NewYard","bindingPath":{"path":"","propertyPath":"/SALES_AREA_VKORG","modelName":"NewYardModel"},"interaction":{"idSuffix":"inner"}},"wdio_ui5_key":"etmportal.ui.manageyards.view.Newsap.m.Input{\"path\":\"\",\"propertyPath\":\"/SALES_AREA_VKORG\",\"modelName\":\"NewYardModel\"}"}]}
RESULT: undefined
COMMAND: POST /session/d41a4ef9228655ec76246a5e56c44812/execute/async - {"script":"<script> [776 bytes]","args":[{"enterText":"C002","selector":{"controlType":"sap.m.Input","viewName":"etm.portal.ui.manageyards.view.New","viewId":"application-manageyards-display-component---NewYard","bindingPath":{"path":"","propertyPath":"/SALES_AREA_VKORG","modelName":"NewYardModel"},"interaction":{"idSuffix":"inner"}},"clearTextFirst":true,"interactionType":"ENTER_TEXT"}]}
RESULT: {"script":"<script> [776 bytes]","args":[{"enterText":"C002","selector":{"controlType":"sap.m.Input","viewName":"etm.portal.ui.manageyards.view.New","viewId":"application-manageyards-display-component---NewYard","bindingPath":{"path":"","propertyPath":"/SALES_AREA_VKORG","modelName":"NewYardModel"},"interaction":{"idSuffix":"inner"}},"clearTextFirst":true,"interactionType":"ENTER_TEXT"}]}
COMMAND: POST /session/d41a4ef9228655ec76246a5e56c44812/execute/async - {"script":"<script> [1562 bytes]","args":[{"selector":{"controlType":"sap.m.Input","viewName":"etm.portal.ui.manageyards.view.New","viewId":"application-manageyards-display-component---NewYard","bindingPath":{"path":"","propertyPath":"/SALES_AREA_VTWEG","modelName":"NewYardModel"},"interaction":{"idSuffix":"inner"}},"wdio_ui5_key":"etmportal.ui.manageyards.view.Newsap.m.Input{\"path\":\"\",\"propertyPath\":\"/SALES_AREA_VTWEG\",\"modelName\":\"NewYardModel\"}"}]}
RESULT: {"script":"<script> [1562 bytes]","args":[{"selector":{"controlType":"sap.m.Input","viewName":"etm.portal.ui.manageyards.view.New","viewId":"application-manageyards-display-component---NewYard","bindingPath":{"path":"","propertyPath":"/SALES_AREA_VTWEG","modelName":"NewYardModel"},"interaction":{"idSuffix":"inner"}},"wdio_ui5_key":"etmportal.ui.manageyards.view.Newsap.m.Input{\"path\":\"\",\"propertyPath\":\"/SALES_AREA_VTWEG\",\"modelName\":\"NewYardModel\"}"}]}
RESULT: undefined
COMMAND: POST /session/d41a4ef9228655ec76246a5e56c44812/execute/async - {"script":"<script> [776 bytes]","args":[{"enterText":"C2","selector":{"controlType":"sap.m.Input","viewName":"etm.portal.ui.manageyards.view.New","viewId":"application-manageyards-display-component---NewYard","bindingPath":{"path":"","propertyPath":"/SALES_AREA_VTWEG","modelName":"NewYardModel"},"interaction":{"idSuffix":"inner"}},"clearTextFirst":true,"interactionType":"ENTER_TEXT"}]}
RESULT: {"script":"<script> [776 bytes]","args":[{"enterText":"C2","selector":{"controlType":"sap.m.Input","viewName":"etm.portal.ui.manageyards.view.New","viewId":"application-manageyards-display-component---NewYard","bindingPath":{"path":"","propertyPath":"/SALES_AREA_VTWEG","modelName":"NewYardModel"},"interaction":{"idSuffix":"inner"}},"clearTextFirst":true,"interactionType":"ENTER_TEXT"}]}
COMMAND: POST /session/d41a4ef9228655ec76246a5e56c44812/execute/async - {"script":"<script> [1562 bytes]","args":[{"selector":{"controlType":"sap.m.Input","viewName":"etm.portal.ui.manageyards.view.New","viewId":"application-manageyards-display-component---NewYard","bindingPath":{"path":"","propertyPath":"/SALES_AREA_SPART","modelName":"NewYardModel"},"interaction":{"idSuffix":"inner"}},"wdio_ui5_key":"etmportal.ui.manageyards.view.Newsap.m.Input{\"path\":\"\",\"propertyPath\":\"/SALES_AREA_SPART\",\"modelName\":\"NewYardModel\"}"}]}
RESULT: {"script":"<script> [1562 bytes]","args":[{"selector":{"controlType":"sap.m.Input","viewName":"etm.portal.ui.manageyards.view.New","viewId":"application-manageyards-display-component---NewYard","bindingPath":{"path":"","propertyPath":"/SALES_AREA_SPART","modelName":"NewYardModel"},"interaction":{"idSuffix":"inner"}},"wdio_ui5_key":"etmportal.ui.manageyards.view.Newsap.m.Input{\"path\":\"\",\"propertyPath\":\"/SALES_AREA_SPART\",\"modelName\":\"NewYardModel\"}"}]}
RESULT: undefined
COMMAND: POST /session/d41a4ef9228655ec76246a5e56c44812/execute/async - {"script":"<script> [776 bytes]","args":[{"enterText":"C2","selector":{"controlType":"sap.m.Input","viewName":"etm.portal.ui.manageyards.view.New","viewId":"application-manageyards-display-component---NewYard","bindingPath":{"path":"","propertyPath":"/SALES_AREA_SPART","modelName":"NewYardModel"},"interaction":{"idSuffix":"inner"}},"clearTextFirst":true,"interactionType":"ENTER_TEXT"}]}
RESULT: {"script":"<script> [776 bytes]","args":[{"enterText":"C2","selector":{"controlType":"sap.m.Input","viewName":"etm.portal.ui.manageyards.view.New","viewId":"application-manageyards-display-component---NewYard","bindingPath":{"path":"","propertyPath":"/SALES_AREA_SPART","modelName":"NewYardModel"},"interaction":{"idSuffix":"inner"}},"clearTextFirst":true,"interactionType":"ENTER_TEXT"}]}
COMMAND: POST /session/d41a4ef9228655ec76246a5e56c44812/execute/async - {"script":"<script> [1562 bytes]","args":[{"selector":{"controlType":"sap.m.Input","viewName":"etm.portal.ui.manageyards.view.New","viewId":"application-manageyards-display-component---NewYard","bindingPath":{"path":"","propertyPath":"/SHIP_POINT","modelName":"NewYardModel"},"interaction":{"idSuffix":"inner"}},"wdio_ui5_key":"etmportal.ui.manageyards.view.Newsap.m.Input{\"path\":\"\",\"propertyPath\":\"/SHIP_POINT\",\"modelName\":\"NewYardModel\"}"}]}
RESULT: {"script":"<script> [1562 bytes]","args":[{"selector":{"controlType":"sap.m.Input","viewName":"etm.portal.ui.manageyards.view.New","viewId":"application-manageyards-display-component---NewYard","bindingPath":{"path":"","propertyPath":"/SHIP_POINT","modelName":"NewYardModel"},"interaction":{"idSuffix":"inner"}},"wdio_ui5_key":"etmportal.ui.manageyards.view.Newsap.m.Input{\"path\":\"\",\"propertyPath\":\"/SHIP_POINT\",\"modelName\":\"NewYardModel\"}"}]}
RESULT: undefined
COMMAND: POST /session/d41a4ef9228655ec76246a5e56c44812/execute/async - {"script":"<script> [776 bytes]","args":[{"enterText":"1710","selector":{"controlType":"sap.m.Input","viewName":"etm.portal.ui.manageyards.view.New","viewId":"application-manageyards-display-component---NewYard","bindingPath":{"path":"","propertyPath":"/SHIP_POINT","modelName":"NewYardModel"},"interaction":{"idSuffix":"inner"}},"clearTextFirst":true,"interactionType":"ENTER_TEXT"}]}
RESULT: {"script":"<script> [776 bytes]","args":[{"enterText":"1710","selector":{"controlType":"sap.m.Input","viewName":"etm.portal.ui.manageyards.view.New","viewId":"application-manageyards-display-component---NewYard","bindingPath":{"path":"","propertyPath":"/SHIP_POINT","modelName":"NewYardModel"},"interaction":{"idSuffix":"inner"}},"clearTextFirst":true,"interactionType":"ENTER_TEXT"}]}
COMMAND: POST /session/d41a4ef9228655ec76246a5e56c44812/execute/async - {"script":"<script> [1562 bytes]","args":[{"selector":{"controlType":"sap.m.Input","viewName":"etm.portal.ui.manageyards.view.New","viewId":"application-manageyards-display-component---NewYard","bindingPath":{"path":"","propertyPath":"/DELIVERY_TYPE","modelName":"NewYardModel"},"interaction":{"idSuffix":"inner"}},"wdio_ui5_key":"etmportal.ui.manageyards.view.Newsap.m.Input{\"path\":\"\",\"propertyPath\":\"/DELIVERY_TYPE\",\"modelName\":\"NewYardModel\"}"}]}
RESULT: {"script":"<script> [1562 bytes]","args":[{"selector":{"controlType":"sap.m.Input","viewName":"etm.portal.ui.manageyards.view.New","viewId":"application-manageyards-display-component---NewYard","bindingPath":{"path":"","propertyPath":"/DELIVERY_TYPE","modelName":"NewYardModel"},"interaction":{"idSuffix":"inner"}},"wdio_ui5_key":"etmportal.ui.manageyards.view.Newsap.m.Input{\"path\":\"\",\"propertyPath\":\"/DELIVERY_TYPE\",\"modelName\":\"NewYardModel\"}"}]}
RESULT: undefined
COMMAND: POST /session/d41a4ef9228655ec76246a5e56c44812/execute/async - {"script":"<script> [776 bytes]","args":[{"enterText":"ZL01","selector":{"controlType":"sap.m.Input","viewName":"etm.portal.ui.manageyards.view.New","viewId":"application-manageyards-display-component---NewYard","bindingPath":{"path":"","propertyPath":"/DELIVERY_TYPE","modelName":"NewYardModel"},"interaction":{"idSuffix":"inner"}},"clearTextFirst":true,"interactionType":"ENTER_TEXT"}]}
RESULT: {"script":"<script> [776 bytes]","args":[{"enterText":"ZL01","selector":{"controlType":"sap.m.Input","viewName":"etm.portal.ui.manageyards.view.New","viewId":"application-manageyards-display-component---NewYard","bindingPath":{"path":"","propertyPath":"/DELIVERY_TYPE","modelName":"NewYardModel"},"interaction":{"idSuffix":"inner"}},"clearTextFirst":true,"interactionType":"ENTER_TEXT"}]}
COMMAND: POST /session/d41a4ef9228655ec76246a5e56c44812/execute/async - {"script":"<script> [1562 bytes]","args":[{"selector":{"controlType":"sap.m.Input","viewName":"etm.portal.ui.manageyards.view.New","viewId":"application-manageyards-display-component---NewYard","bindingPath":{"path":"","propertyPath":"/AUART","modelName":"NewYardModel"},"interaction":{"idSuffix":"inner"}},"wdio_ui5_key":"etmportal.ui.manageyards.view.Newsap.m.Input{\"path\":\"\",\"propertyPath\":\"/AUART\",\"modelName\":\"NewYardModel\"}"}]}
RESULT: {"script":"<script> [1562 bytes]","args":[{"selector":{"controlType":"sap.m.Input","viewName":"etm.portal.ui.manageyards.view.New","viewId":"application-manageyards-display-component---NewYard","bindingPath":{"path":"","propertyPath":"/AUART","modelName":"NewYardModel"},"interaction":{"idSuffix":"inner"}},"wdio_ui5_key":"etmportal.ui.manageyards.view.Newsap.m.Input{\"path\":\"\",\"propertyPath\":\"/AUART\",\"modelName\":\"NewYardModel\"}"}]}
RESULT: undefined
COMMAND: POST /session/d41a4ef9228655ec76246a5e56c44812/execute/async - {"script":"<script> [776 bytes]","args":[{"enterText":"TA","selector":{"controlType":"sap.m.Input","viewName":"etm.portal.ui.manageyards.view.New","viewId":"application-manageyards-display-component---NewYard","bindingPath":{"path":"","propertyPath":"/AUART","modelName":"NewYardModel"},"interaction":{"idSuffix":"inner"}},"clearTextFirst":true,"interactionType":"ENTER_TEXT"}]}
RESULT: {"script":"<script> [776 bytes]","args":[{"enterText":"TA","selector":{"controlType":"sap.m.Input","viewName":"etm.portal.ui.manageyards.view.New","viewId":"application-manageyards-display-component---NewYard","bindingPath":{"path":"","propertyPath":"/AUART","modelName":"NewYardModel"},"interaction":{"idSuffix":"inner"}},"clearTextFirst":true,"interactionType":"ENTER_TEXT"}]}
COMMAND: POST /session/d41a4ef9228655ec76246a5e56c44812/execute/async - {"script":"<script> [1562 bytes]","args":[{"selector":{"id":"application-manageyards-display-component---NewYard--whmCheckBox","interaction":{"idSuffix":"CbBg"}},"wdio_ui5_key":"applicationmanageyards-display-component---NewYard--whmCheckBox"}]}
RESULT: {"script":"<script> [1562 bytes]","args":[{"selector":{"id":"application-manageyards-display-component---NewYard--whmCheckBox","interaction":{"idSuffix":"CbBg"}},"wdio_ui5_key":"applicationmanageyards-display-component---NewYard--whmCheckBox"}]}
RESULT: undefined
COMMAND: POST /session/d41a4ef9228655ec76246a5e56c44812/element - {"using":"xpath","value":"//*[@id=\"application-manageyards-display-component---NewYard--whmCheckBox\"]"}
RESULT: {"using":"xpath","value":"//*[@id=\"application-manageyards-display-component---NewYard--whmCheckBox\"]"}
COMMAND: POST /session/d41a4ef9228655ec76246a5e56c44812/element/f.8359050118E493E9D810750CB1F2C9B3.d.1868E7DE06A0E87AAA47DAC533C5BA88.e.785/click - {}
RESULT: {}
COMMAND: GET /session/d41a4ef9228655ec76246a5e56c44812/screenshot - {}
RESULT: {}
COMMAND: POST /session/d41a4ef9228655ec76246a5e56c44812/element - {"using":"xpath","value":"//button[@data-kt=\"newYardSaveButton\"]"}
RESULT: {"using":"xpath","value":"//button[@data-kt=\"newYardSaveButton\"]"}
COMMAND: POST /session/d41a4ef9228655ec76246a5e56c44812/element/f.8359050118E493E9D810750CB1F2C9B3.d.1868E7DE06A0E87AAA47DAC533C5BA88.e.671/click - {}
RESULT: {}
COMMAND: GET /session/d41a4ef9228655ec76246a5e56c44812/screenshot - {}
RESULT: {}
COMMAND: POST /session/d41a4ef9228655ec76246a5e56c44812/element - {"using":"xpath","value":"//header[contains(@id, 'ObjectPageLayout-headerTitle')]/div[1]/div[2]/div[1]/span[1]"}
RESULT: {"using":"xpath","value":"//header[contains(@id, 'ObjectPageLayout-headerTitle')]/div[1]/div[2]/div[1]/span[1]"}
COMMAND: POST /session/d41a4ef9228655ec76246a5e56c44812/elements - {"using":"xpath","value":"//header[contains(@id, 'ObjectPageLayout-headerTitle')]/div[1]/div[2]/div[1]/span[1]"}
RESULT: {"using":"xpath","value":"//header[contains(@id, 'ObjectPageLayout-headerTitle')]/div[1]/div[2]/div[1]/span[1]"}
COMMAND: POST /session/d41a4ef9228655ec76246a5e56c44812/execute/sync - {"script":"<script> [56 bytes]","args":[{"element-6066-11e4-a52e-4f735466cecf":"f.8359050118E493E9D810750CB1F2C9B3.d.1868E7DE06A0E87AAA47DAC533C5BA88.e.994","ELEMENT":"f.8359050118E493E9D810750CB1F2C9B3.d.1868E7DE06A0E87AAA47DAC533C5BA88.e.994"}]}
RESULT: {"script":"<script> [56 bytes]","args":[{"element-6066-11e4-a52e-4f735466cecf":"f.8359050118E493E9D810750CB1F2C9B3.d.1868E7DE06A0E87AAA47DAC533C5BA88.e.994","ELEMENT":"f.8359050118E493E9D810750CB1F2C9B3.d.1868E7DE06A0E87AAA47DAC533C5BA88.e.994"}]}
COMMAND: GET /session/d41a4ef9228655ec76246a5e56c44812/screenshot - {}
RESULT: {}
COMMAND: POST /session/d41a4ef9228655ec76246a5e56c44812/element - {"using":"css selector","value":"#shell-header-logo"}
RESULT: {"using":"css selector","value":"#shell-header-logo"}
COMMAND: POST /session/d41a4ef9228655ec76246a5e56c44812/element/f.8359050118E493E9D810750CB1F2C9B3.d.1868E7DE06A0E87AAA47DAC533C5BA88.e.239/click - {}
RESULT: {}
COMMAND: GET /session/d41a4ef9228655ec76246a5e56c44812/screenshot - {}
RESULT: {}
COMMAND: POST /session/d41a4ef9228655ec76246a5e56c44812/execute/sync - {"script":"<script> [299 bytes]","args":[["getModel","getResource"]]}
RESULT: {"script":"<script> [299 bytes]","args":[["getModel","getResource"]]}
]]></system-out>
    </testcase>
    <testcase classname="chrome.136_0_7103_93.windows.Stock_increase_-_with_WHM_US125587" name="Should create a new external WHM partner" time="104.573">
      <system-out><![CDATA[
COMMAND: POST /session/d41a4ef9228655ec76246a5e56c44812/window/fullscreen - {}
COMMAND: GET /session/d41a4ef9228655ec76246a5e56c44812/screenshot - {}
RESULT: {}
COMMAND: POST /session/d41a4ef9228655ec76246a5e56c44812/execute/async - {"script":"<script> [1562 bytes]","args":[{"selector":{"controlType":"sap.m.GenericTile","properties":{"header":"Manage Partners"}},"wdio_ui5_key":"sapm.GenericTile{\"header\":\"Manage Partners\"}"}]}
RESULT: {}
RESULT: {"script":"<script> [1562 bytes]","args":[{"selector":{"controlType":"sap.m.GenericTile","properties":{"header":"Manage Partners"}},"wdio_ui5_key":"sapm.GenericTile{\"header\":\"Manage Partners\"}"}]}
RESULT: undefined
COMMAND: POST /session/d41a4ef9228655ec76246a5e56c44812/element - {"using":"xpath","value":"//*[@id=\"__tile38\"]"}
RESULT: {"using":"xpath","value":"//*[@id=\"__tile38\"]"}
COMMAND: POST /session/d41a4ef9228655ec76246a5e56c44812/element/f.8359050118E493E9D810750CB1F2C9B3.d.1868E7DE06A0E87AAA47DAC533C5BA88.e.125/click - {}
RESULT: {}
COMMAND: GET /session/d41a4ef9228655ec76246a5e56c44812/screenshot - {}
RESULT: {}
COMMAND: POST /session/d41a4ef9228655ec76246a5e56c44812/elements - {"using":"xpath","value":"//span[text()='Error']"}
RESULT: {"using":"xpath","value":"//span[text()='Error']"}
COMMAND: POST /session/d41a4ef9228655ec76246a5e56c44812/element - {"using":"xpath","value":"//button[@data-kt=\"addButton\"]"}
RESULT: {"using":"xpath","value":"//button[@data-kt=\"addButton\"]"}
COMMAND: POST /session/d41a4ef9228655ec76246a5e56c44812/elements - {"using":"xpath","value":"//button[@data-kt=\"addButton\"]"}
RESULT: {"using":"xpath","value":"//button[@data-kt=\"addButton\"]"}
COMMAND: POST /session/d41a4ef9228655ec76246a5e56c44812/elements - {"using":"xpath","value":"//button[@data-kt=\"addButton\"]"}
RESULT: {"using":"xpath","value":"//button[@data-kt=\"addButton\"]"}
COMMAND: POST /session/d41a4ef9228655ec76246a5e56c44812/elements - {"using":"xpath","value":"//button[@data-kt=\"addButton\"]"}
RESULT: {"using":"xpath","value":"//button[@data-kt=\"addButton\"]"}
COMMAND: POST /session/d41a4ef9228655ec76246a5e56c44812/elements - {"using":"xpath","value":"//button[@data-kt=\"addButton\"]"}
RESULT: {"using":"xpath","value":"//button[@data-kt=\"addButton\"]"}
COMMAND: POST /session/d41a4ef9228655ec76246a5e56c44812/element - {"using":"xpath","value":"//button[@data-kt=\"addButton\"]"}
RESULT: {"using":"xpath","value":"//button[@data-kt=\"addButton\"]"}
COMMAND: POST /session/d41a4ef9228655ec76246a5e56c44812/execute/sync - {"script":"<script> [8489 bytes]","args":[{"element-6066-11e4-a52e-4f735466cecf":"f.8359050118E493E9D810750CB1F2C9B3.d.1868E7DE06A0E87AAA47DAC533C5BA88.e.1032","ELEMENT":"f.8359050118E493E9D810750CB1F2C9B3.d.1868E7DE06A0E87AAA47DAC533C5BA88.e.1032"}]}
RESULT: {"script":"<script> [8489 bytes]","args":[{"element-6066-11e4-a52e-4f735466cecf":"f.8359050118E493E9D810750CB1F2C9B3.d.1868E7DE06A0E87AAA47DAC533C5BA88.e.1032","ELEMENT":"f.8359050118E493E9D810750CB1F2C9B3.d.1868E7DE06A0E87AAA47DAC533C5BA88.e.1032"}]}
COMMAND: GET /session/d41a4ef9228655ec76246a5e56c44812/element/f.8359050118E493E9D810750CB1F2C9B3.d.1868E7DE06A0E87AAA47DAC533C5BA88.e.1032/enabled - {}
COMMAND: GET /session/d41a4ef9228655ec76246a5e56c44812/screenshot - {}
RESULT: {}
COMMAND: POST /session/d41a4ef9228655ec76246a5e56c44812/execute/sync - {"script":"<script> [8489 bytes]","args":[{"element-6066-11e4-a52e-4f735466cecf":"f.8359050118E493E9D810750CB1F2C9B3.d.1868E7DE06A0E87AAA47DAC533C5BA88.e.1032","ELEMENT":"f.8359050118E493E9D810750CB1F2C9B3.d.1868E7DE06A0E87AAA47DAC533C5BA88.e.1032"}]}
COMMAND: GET /session/d41a4ef9228655ec76246a5e56c44812/screenshot - {}
RESULT: {}
RESULT: {"script":"<script> [8489 bytes]","args":[{"element-6066-11e4-a52e-4f735466cecf":"f.8359050118E493E9D810750CB1F2C9B3.d.1868E7DE06A0E87AAA47DAC533C5BA88.e.1032","ELEMENT":"f.8359050118E493E9D810750CB1F2C9B3.d.1868E7DE06A0E87AAA47DAC533C5BA88.e.1032"}]}
COMMAND: POST /session/d41a4ef9228655ec76246a5e56c44812/execute/sync - {"script":"<script> [5351 bytes]","args":[{"element-6066-11e4-a52e-4f735466cecf":"f.8359050118E493E9D810750CB1F2C9B3.d.1868E7DE06A0E87AAA47DAC533C5BA88.e.1032","ELEMENT":"f.8359050118E493E9D810750CB1F2C9B3.d.1868E7DE06A0E87AAA47DAC533C5BA88.e.1032"}]}
COMMAND: GET /session/d41a4ef9228655ec76246a5e56c44812/screenshot - {}
RESULT: {}
RESULT: {"script":"<script> [5351 bytes]","args":[{"element-6066-11e4-a52e-4f735466cecf":"f.8359050118E493E9D810750CB1F2C9B3.d.1868E7DE06A0E87AAA47DAC533C5BA88.e.1032","ELEMENT":"f.8359050118E493E9D810750CB1F2C9B3.d.1868E7DE06A0E87AAA47DAC533C5BA88.e.1032"}]}
COMMAND: POST /session/d41a4ef9228655ec76246a5e56c44812/element/f.8359050118E493E9D810750CB1F2C9B3.d.1868E7DE06A0E87AAA47DAC533C5BA88.e.1032/click - {}
RESULT: {}
COMMAND: GET /session/d41a4ef9228655ec76246a5e56c44812/screenshot - {}
RESULT: {}
COMMAND: GET /session/d41a4ef9228655ec76246a5e56c44812/screenshot - {}
RESULT: {}
COMMAND: POST /session/d41a4ef9228655ec76246a5e56c44812/execute/async - {"script":"<script> [1562 bytes]","args":[{"selector":{"id":"application-managepartners-display-component---NewPartner--addressDetailDetailsName1","interaction":{"idSuffix":"inner"}},"wdio_ui5_key":"applicationmanagepartners-display-component---NewPartner--addressDetailDetailsName1"}]}
RESULT: {}
RESULT: {"script":"<script> [1562 bytes]","args":[{"selector":{"id":"application-managepartners-display-component---NewPartner--addressDetailDetailsName1","interaction":{"idSuffix":"inner"}},"wdio_ui5_key":"applicationmanagepartners-display-component---NewPartner--addressDetailDetailsName1"}]}
RESULT: undefined
COMMAND: POST /session/d41a4ef9228655ec76246a5e56c44812/execute/async - {"script":"<script> [776 bytes]","args":[{"enterText":"External Partner WDIO","selector":{"id":"application-managepartners-display-component---NewPartner--addressDetailDetailsName1","interaction":{"idSuffix":"inner"}},"clearTextFirst":true,"interactionType":"ENTER_TEXT"}]}
RESULT: {"script":"<script> [776 bytes]","args":[{"enterText":"External Partner WDIO","selector":{"id":"application-managepartners-display-component---NewPartner--addressDetailDetailsName1","interaction":{"idSuffix":"inner"}},"clearTextFirst":true,"interactionType":"ENTER_TEXT"}]}
COMMAND: POST /session/d41a4ef9228655ec76246a5e56c44812/execute/async - {"script":"<script> [1562 bytes]","args":[{"selector":{"id":"application-managepartners-display-component---NewPartner--addressDetailDetailsLanguage-arrow"},"wdio_ui5_key":"applicationmanagepartners-display-component---NewPartner--addressDetailDetailsLanguage-arrow"}]}
RESULT: {"script":"<script> [1562 bytes]","args":[{"selector":{"id":"application-managepartners-display-component---NewPartner--addressDetailDetailsLanguage-arrow"},"wdio_ui5_key":"applicationmanagepartners-display-component---NewPartner--addressDetailDetailsLanguage-arrow"}]}
RESULT: undefined
COMMAND: POST /session/d41a4ef9228655ec76246a5e56c44812/element - {"using":"xpath","value":"//*[@id=\"application-managepartners-display-component---NewPartner--addressDetailDetailsLanguage-arrow\"]"}
RESULT: {"using":"xpath","value":"//*[@id=\"application-managepartners-display-component---NewPartner--addressDetailDetailsLanguage-arrow\"]"}
COMMAND: POST /session/d41a4ef9228655ec76246a5e56c44812/element/f.8359050118E493E9D810750CB1F2C9B3.d.1868E7DE06A0E87AAA47DAC533C5BA88.e.1487/click - {}
RESULT: {}
COMMAND: POST /session/d41a4ef9228655ec76246a5e56c44812/element - {"using":"xpath","value":"//span[contains(text(), \"English\")]"}
COMMAND: GET /session/d41a4ef9228655ec76246a5e56c44812/screenshot - {}
RESULT: {"using":"xpath","value":"//span[contains(text(), \"English\")]"}
COMMAND: POST /session/d41a4ef9228655ec76246a5e56c44812/element/f.8359050118E493E9D810750CB1F2C9B3.d.1868E7DE06A0E87AAA47DAC533C5BA88.e.1488/click - {}
RESULT: {}
RESULT: {}
COMMAND: GET /session/d41a4ef9228655ec76246a5e56c44812/screenshot - {}
RESULT: {}
COMMAND: POST /session/d41a4ef9228655ec76246a5e56c44812/execute/async - {"script":"<script> [1562 bytes]","args":[{"selector":{"id":"application-managepartners-display-component---NewPartner--addressDetailDetailsCity1","interaction":{"idSuffix":"inner"}},"wdio_ui5_key":"applicationmanagepartners-display-component---NewPartner--addressDetailDetailsCity1"}]}
RESULT: {"script":"<script> [1562 bytes]","args":[{"selector":{"id":"application-managepartners-display-component---NewPartner--addressDetailDetailsCity1","interaction":{"idSuffix":"inner"}},"wdio_ui5_key":"applicationmanagepartners-display-component---NewPartner--addressDetailDetailsCity1"}]}
RESULT: undefined
COMMAND: POST /session/d41a4ef9228655ec76246a5e56c44812/execute/async - {"script":"<script> [776 bytes]","args":[{"enterText":"Rosario","selector":{"id":"application-managepartners-display-component---NewPartner--addressDetailDetailsCity1","interaction":{"idSuffix":"inner"}},"clearTextFirst":true,"interactionType":"ENTER_TEXT"}]}
RESULT: {"script":"<script> [776 bytes]","args":[{"enterText":"Rosario","selector":{"id":"application-managepartners-display-component---NewPartner--addressDetailDetailsCity1","interaction":{"idSuffix":"inner"}},"clearTextFirst":true,"interactionType":"ENTER_TEXT"}]}
COMMAND: POST /session/d41a4ef9228655ec76246a5e56c44812/execute/async - {"script":"<script> [1562 bytes]","args":[{"selector":{"id":"application-managepartners-display-component---NewPartner--addressDetailDetailsCountry-arrow"},"wdio_ui5_key":"applicationmanagepartners-display-component---NewPartner--addressDetailDetailsCountry-arrow"}]}
RESULT: {"script":"<script> [1562 bytes]","args":[{"selector":{"id":"application-managepartners-display-component---NewPartner--addressDetailDetailsCountry-arrow"},"wdio_ui5_key":"applicationmanagepartners-display-component---NewPartner--addressDetailDetailsCountry-arrow"}]}
RESULT: undefined
COMMAND: POST /session/d41a4ef9228655ec76246a5e56c44812/element - {"using":"xpath","value":"//*[@id=\"application-managepartners-display-component---NewPartner--addressDetailDetailsCountry-arrow\"]"}
RESULT: {"using":"xpath","value":"//*[@id=\"application-managepartners-display-component---NewPartner--addressDetailDetailsCountry-arrow\"]"}
COMMAND: POST /session/d41a4ef9228655ec76246a5e56c44812/element/f.8359050118E493E9D810750CB1F2C9B3.d.1868E7DE06A0E87AAA47DAC533C5BA88.e.1476/click - {}
RESULT: {}
COMMAND: POST /session/d41a4ef9228655ec76246a5e56c44812/element - {"using":"xpath","value":"//span[contains(text(), \"Argentina\")]"}
COMMAND: GET /session/d41a4ef9228655ec76246a5e56c44812/screenshot - {}
RESULT: {"using":"xpath","value":"//span[contains(text(), \"Argentina\")]"}
COMMAND: POST /session/d41a4ef9228655ec76246a5e56c44812/element/f.8359050118E493E9D810750CB1F2C9B3.d.1868E7DE06A0E87AAA47DAC533C5BA88.e.1490/click - {}
RESULT: {}
RESULT: {}
COMMAND: GET /session/d41a4ef9228655ec76246a5e56c44812/screenshot - {}
RESULT: {}
COMMAND: POST /session/d41a4ef9228655ec76246a5e56c44812/element - {"using":"xpath","value":"//bdi[contains(text(), \"Commercial\")]"}
RESULT: {"using":"xpath","value":"//bdi[contains(text(), \"Commercial\")]"}
COMMAND: POST /session/d41a4ef9228655ec76246a5e56c44812/element/f.8359050118E493E9D810750CB1F2C9B3.d.1868E7DE06A0E87AAA47DAC533C5BA88.e.1491/click - {}
RESULT: {}
COMMAND: GET /session/d41a4ef9228655ec76246a5e56c44812/screenshot - {}
RESULT: {}
COMMAND: POST /session/d41a4ef9228655ec76246a5e56c44812/execute/async - {"script":"<script> [1562 bytes]","args":[{"selector":{"id":"application-managepartners-display-component---NewPartner--partnerDetailInternal-arrow"},"wdio_ui5_key":"applicationmanagepartners-display-component---NewPartner--partnerDetailInternal-arrow"}]}
RESULT: {"script":"<script> [1562 bytes]","args":[{"selector":{"id":"application-managepartners-display-component---NewPartner--partnerDetailInternal-arrow"},"wdio_ui5_key":"applicationmanagepartners-display-component---NewPartner--partnerDetailInternal-arrow"}]}
RESULT: undefined
COMMAND: POST /session/d41a4ef9228655ec76246a5e56c44812/element - {"using":"xpath","value":"//*[@id=\"application-managepartners-display-component---NewPartner--partnerDetailInternal-arrow\"]"}
RESULT: {"using":"xpath","value":"//*[@id=\"application-managepartners-display-component---NewPartner--partnerDetailInternal-arrow\"]"}
COMMAND: POST /session/d41a4ef9228655ec76246a5e56c44812/element/f.8359050118E493E9D810750CB1F2C9B3.d.1868E7DE06A0E87AAA47DAC533C5BA88.e.1497/click - {}
RESULT: {}
COMMAND: POST /session/d41a4ef9228655ec76246a5e56c44812/element - {"using":"xpath","value":"//span[contains(text(), \"External partner\")]"}
COMMAND: GET /session/d41a4ef9228655ec76246a5e56c44812/screenshot - {}
RESULT: {"using":"xpath","value":"//span[contains(text(), \"External partner\")]"}
COMMAND: POST /session/d41a4ef9228655ec76246a5e56c44812/element/f.8359050118E493E9D810750CB1F2C9B3.d.1868E7DE06A0E87AAA47DAC533C5BA88.e.1500/click - {}
RESULT: {}
RESULT: {}
COMMAND: POST /session/d41a4ef9228655ec76246a5e56c44812/execute/async - {"script":"<script> [1562 bytes]","args":[{"selector":{"id":"application-managepartners-display-component---NewPartner--partnerDetailsCurrency-arrow"},"wdio_ui5_key":"applicationmanagepartners-display-component---NewPartner--partnerDetailsCurrency-arrow"}]}
COMMAND: GET /session/d41a4ef9228655ec76246a5e56c44812/screenshot - {}
RESULT: {"script":"<script> [1562 bytes]","args":[{"selector":{"id":"application-managepartners-display-component---NewPartner--partnerDetailsCurrency-arrow"},"wdio_ui5_key":"applicationmanagepartners-display-component---NewPartner--partnerDetailsCurrency-arrow"}]}
RESULT: undefined
COMMAND: POST /session/d41a4ef9228655ec76246a5e56c44812/element - {"using":"xpath","value":"//*[@id=\"application-managepartners-display-component---NewPartner--partnerDetailsCurrency-arrow\"]"}
RESULT: {}
RESULT: {"using":"xpath","value":"//*[@id=\"application-managepartners-display-component---NewPartner--partnerDetailsCurrency-arrow\"]"}
COMMAND: POST /session/d41a4ef9228655ec76246a5e56c44812/element/f.8359050118E493E9D810750CB1F2C9B3.d.1868E7DE06A0E87AAA47DAC533C5BA88.e.1505/click - {}
RESULT: {}
COMMAND: POST /session/d41a4ef9228655ec76246a5e56c44812/element - {"using":"xpath","value":"//span[contains(text(), \"US Dollar\")]"}
COMMAND: GET /session/d41a4ef9228655ec76246a5e56c44812/screenshot - {}
RESULT: {"using":"xpath","value":"//span[contains(text(), \"US Dollar\")]"}
COMMAND: POST /session/d41a4ef9228655ec76246a5e56c44812/element/f.8359050118E493E9D810750CB1F2C9B3.d.1868E7DE06A0E87AAA47DAC533C5BA88.e.1506/click - {}
RESULT: {}
RESULT: {}
COMMAND: GET /session/d41a4ef9228655ec76246a5e56c44812/screenshot - {}
RESULT: {}
COMMAND: POST /session/d41a4ef9228655ec76246a5e56c44812/element - {"using":"xpath","value":"//input[@id=\"application-managepartners-display-component---NewPartner--companyCodeComboBox-inner\"]"}
RESULT: {"using":"xpath","value":"//input[@id=\"application-managepartners-display-component---NewPartner--companyCodeComboBox-inner\"]"}
COMMAND: POST /session/d41a4ef9228655ec76246a5e56c44812/element/f.8359050118E493E9D810750CB1F2C9B3.d.1868E7DE06A0E87AAA47DAC533C5BA88.e.1308/clear - {}
RESULT: {}
COMMAND: POST /session/d41a4ef9228655ec76246a5e56c44812/element/f.8359050118E493E9D810750CB1F2C9B3.d.1868E7DE06A0E87AAA47DAC533C5BA88.e.1308/value - {"text":"C002"}
COMMAND: GET /session/d41a4ef9228655ec76246a5e56c44812/screenshot - {}
RESULT: {"text":"C002"}
COMMAND: GET /session/d41a4ef9228655ec76246a5e56c44812/screenshot - {}
RESULT: {}
RESULT: {}
COMMAND: POST /session/d41a4ef9228655ec76246a5e56c44812/element - {"using":"xpath","value":"//li[.//span[text()= \"C002\"]]"}
RESULT: {"using":"xpath","value":"//li[.//span[text()= \"C002\"]]"}
COMMAND: POST /session/d41a4ef9228655ec76246a5e56c44812/element/f.8359050118E493E9D810750CB1F2C9B3.d.1868E7DE06A0E87AAA47DAC533C5BA88.e.1510/click - {}
RESULT: {}
COMMAND: GET /session/d41a4ef9228655ec76246a5e56c44812/screenshot - {}
RESULT: {}
COMMAND: POST /session/d41a4ef9228655ec76246a5e56c44812/execute/async - {"script":"<script> [1562 bytes]","args":[{"selector":{"id":"application-managepartners-display-component---NewPartner--btnAddTableRow-img"},"wdio_ui5_key":"applicationmanagepartners-display-component---NewPartner--btnAddTableRow-img"}]}
RESULT: {"script":"<script> [1562 bytes]","args":[{"selector":{"id":"application-managepartners-display-component---NewPartner--btnAddTableRow-img"},"wdio_ui5_key":"applicationmanagepartners-display-component---NewPartner--btnAddTableRow-img"}]}
RESULT: undefined
COMMAND: POST /session/d41a4ef9228655ec76246a5e56c44812/element - {"using":"xpath","value":"//*[@id=\"application-managepartners-display-component---NewPartner--btnAddTableRow-img\"]"}
RESULT: {"using":"xpath","value":"//*[@id=\"application-managepartners-display-component---NewPartner--btnAddTableRow-img\"]"}
COMMAND: POST /session/d41a4ef9228655ec76246a5e56c44812/element/f.8359050118E493E9D810750CB1F2C9B3.d.1868E7DE06A0E87AAA47DAC533C5BA88.e.1511/click - {}
RESULT: {}
COMMAND: GET /session/d41a4ef9228655ec76246a5e56c44812/screenshot - {}
RESULT: {}
COMMAND: POST /session/d41a4ef9228655ec76246a5e56c44812/element - {"using":"xpath","value":"//input[@id=\"application-managepartners-display-component---NewPartner--assignmentYard-application-managepartners-display-component---NewPartner--assignmentsTable-0-inner\"]"}
RESULT: {"using":"xpath","value":"//input[@id=\"application-managepartners-display-component---NewPartner--assignmentYard-application-managepartners-display-component---NewPartner--assignmentsTable-0-inner\"]"}
COMMAND: POST /session/d41a4ef9228655ec76246a5e56c44812/element/f.8359050118E493E9D810750CB1F2C9B3.d.1868E7DE06A0E87AAA47DAC533C5BA88.e.1514/clear - {}
RESULT: {}
COMMAND: POST /session/d41a4ef9228655ec76246a5e56c44812/element/f.8359050118E493E9D810750CB1F2C9B3.d.1868E7DE06A0E87AAA47DAC533C5BA88.e.1514/value - {"text":"471"}
COMMAND: GET /session/d41a4ef9228655ec76246a5e56c44812/screenshot - {}
RESULT: {"text":"471"}
COMMAND: GET /session/d41a4ef9228655ec76246a5e56c44812/screenshot - {}
RESULT: {}
RESULT: {}
COMMAND: POST /session/d41a4ef9228655ec76246a5e56c44812/element - {"using":"xpath","value":"//li[.//span[text()='471']]"}
RESULT: {"using":"xpath","value":"//li[.//span[text()='471']]"}
COMMAND: POST /session/d41a4ef9228655ec76246a5e56c44812/element/f.8359050118E493E9D810750CB1F2C9B3.d.1868E7DE06A0E87AAA47DAC533C5BA88.e.1522/click - {}
RESULT: {}
COMMAND: GET /session/d41a4ef9228655ec76246a5e56c44812/screenshot - {}
RESULT: {}
COMMAND: POST /session/d41a4ef9228655ec76246a5e56c44812/actions - {"actions":[{"id":"action2","type":"key","parameters":{},"actions":[{"type":"keyDown","value":"î€‡"},{"type":"pause","duration":10},{"type":"keyUp","value":"î€‡"}]}]}
RESULT: {"actions":[{"id":"action2","type":"key","parameters":{},"actions":[{"type":"keyDown","value":"î€‡"},{"type":"pause","duration":10},{"type":"keyUp","value":"î€‡"}]}]}
COMMAND: POST /session/d41a4ef9228655ec76246a5e56c44812/element - {"using":"xpath","value":"//td[contains(@id, \"assignmentsTable-0-cell2\")]/div/div"}
COMMAND: GET /session/d41a4ef9228655ec76246a5e56c44812/screenshot - {}
RESULT: {"using":"xpath","value":"//td[contains(@id, \"assignmentsTable-0-cell2\")]/div/div"}
COMMAND: POST /session/d41a4ef9228655ec76246a5e56c44812/element/f.8359050118E493E9D810750CB1F2C9B3.d.1868E7DE06A0E87AAA47DAC533C5BA88.e.1525/click - {}
RESULT: {}
RESULT: {}
COMMAND: GET /session/d41a4ef9228655ec76246a5e56c44812/screenshot - {}
RESULT: {}
COMMAND: POST /session/d41a4ef9228655ec76246a5e56c44812/element - {"using":"xpath","value":"//button[@data-kt=\"saveButton\"]"}
RESULT: {"using":"xpath","value":"//button[@data-kt=\"saveButton\"]"}
COMMAND: POST /session/d41a4ef9228655ec76246a5e56c44812/element/f.8359050118E493E9D810750CB1F2C9B3.d.1868E7DE06A0E87AAA47DAC533C5BA88.e.1353/click - {}
RESULT: {}
COMMAND: GET /session/d41a4ef9228655ec76246a5e56c44812/screenshot - {}
RESULT: {}
COMMAND: POST /session/d41a4ef9228655ec76246a5e56c44812/element - {"using":"xpath","value":"//header[contains(@id, 'ObjectPageLayout-headerTitle')]/div[1]/div[2]/div[2]/span[1]"}
RESULT: {"using":"xpath","value":"//header[contains(@id, 'ObjectPageLayout-headerTitle')]/div[1]/div[2]/div[2]/span[1]"}
COMMAND: POST /session/d41a4ef9228655ec76246a5e56c44812/elements - {"using":"xpath","value":"//header[contains(@id, 'ObjectPageLayout-headerTitle')]/div[1]/div[2]/div[2]/span[1]"}
RESULT: {"using":"xpath","value":"//header[contains(@id, 'ObjectPageLayout-headerTitle')]/div[1]/div[2]/div[2]/span[1]"}
COMMAND: POST /session/d41a4ef9228655ec76246a5e56c44812/execute/sync - {"script":"<script> [56 bytes]","args":[{"element-6066-11e4-a52e-4f735466cecf":"f.8359050118E493E9D810750CB1F2C9B3.d.1868E7DE06A0E87AAA47DAC533C5BA88.e.1685","ELEMENT":"f.8359050118E493E9D810750CB1F2C9B3.d.1868E7DE06A0E87AAA47DAC533C5BA88.e.1685"}]}
RESULT: {"script":"<script> [56 bytes]","args":[{"element-6066-11e4-a52e-4f735466cecf":"f.8359050118E493E9D810750CB1F2C9B3.d.1868E7DE06A0E87AAA47DAC533C5BA88.e.1685","ELEMENT":"f.8359050118E493E9D810750CB1F2C9B3.d.1868E7DE06A0E87AAA47DAC533C5BA88.e.1685"}]}
COMMAND: POST /session/d41a4ef9228655ec76246a5e56c44812/element - {"using":"css selector","value":"#shell-header-logo"}
COMMAND: GET /session/d41a4ef9228655ec76246a5e56c44812/screenshot - {}
RESULT: {"using":"css selector","value":"#shell-header-logo"}
COMMAND: POST /session/d41a4ef9228655ec76246a5e56c44812/element/f.8359050118E493E9D810750CB1F2C9B3.d.1868E7DE06A0E87AAA47DAC533C5BA88.e.998/click - {}
RESULT: {}
RESULT: {}
COMMAND: GET /session/d41a4ef9228655ec76246a5e56c44812/screenshot - {}
RESULT: {}
COMMAND: POST /session/d41a4ef9228655ec76246a5e56c44812/execute/sync - {"script":"<script> [299 bytes]","args":[["getModel","getResource"]]}
RESULT: {"script":"<script> [299 bytes]","args":[["getModel","getResource"]]}
]]></system-out>
    </testcase>
    <testcase classname="chrome.136_0_7103_93.windows.Stock_increase_-_with_WHM_US125587" name="Should create a new WHM site" time="109.705">
      <system-out><![CDATA[
COMMAND: GET /session/d41a4ef9228655ec76246a5e56c44812/screenshot - {}
COMMAND: POST /session/d41a4ef9228655ec76246a5e56c44812/execute/async - {"script":"<script> [1562 bytes]","args":[{"selector":{"controlType":"sap.m.GenericTile","properties":{"header":"Manage Sites"}},"wdio_ui5_key":"sapm.GenericTile{\"header\":\"Manage Sites\"}"}]}
RESULT: {}
RESULT: {"script":"<script> [1562 bytes]","args":[{"selector":{"controlType":"sap.m.GenericTile","properties":{"header":"Manage Sites"}},"wdio_ui5_key":"sapm.GenericTile{\"header\":\"Manage Sites\"}"}]}
RESULT: undefined
COMMAND: POST /session/d41a4ef9228655ec76246a5e56c44812/element - {"using":"xpath","value":"//*[@id=\"__tile40\"]"}
RESULT: {"using":"xpath","value":"//*[@id=\"__tile40\"]"}
COMMAND: POST /session/d41a4ef9228655ec76246a5e56c44812/element/f.8359050118E493E9D810750CB1F2C9B3.d.1868E7DE06A0E87AAA47DAC533C5BA88.e.131/click - {}
RESULT: {}
COMMAND: GET /session/d41a4ef9228655ec76246a5e56c44812/screenshot - {}
RESULT: {}
COMMAND: POST /session/d41a4ef9228655ec76246a5e56c44812/elements - {"using":"xpath","value":"//span[text()='Error']"}
RESULT: {"using":"xpath","value":"//span[text()='Error']"}
COMMAND: POST /session/d41a4ef9228655ec76246a5e56c44812/element - {"using":"xpath","value":"//button[@data-kt=\"addOverflowToolbarButton\"]"}
RESULT: {"using":"xpath","value":"//button[@data-kt=\"addOverflowToolbarButton\"]"}
COMMAND: POST /session/d41a4ef9228655ec76246a5e56c44812/elements - {"using":"xpath","value":"//button[@data-kt=\"addOverflowToolbarButton\"]"}
RESULT: {"using":"xpath","value":"//button[@data-kt=\"addOverflowToolbarButton\"]"}
COMMAND: POST /session/d41a4ef9228655ec76246a5e56c44812/execute/sync - {"script":"<script> [8489 bytes]","args":[{"element-6066-11e4-a52e-4f735466cecf":"f.8359050118E493E9D810750CB1F2C9B3.d.1868E7DE06A0E87AAA47DAC533C5BA88.e.1733","ELEMENT":"f.8359050118E493E9D810750CB1F2C9B3.d.1868E7DE06A0E87AAA47DAC533C5BA88.e.1733"}]}
RESULT: {"script":"<script> [8489 bytes]","args":[{"element-6066-11e4-a52e-4f735466cecf":"f.8359050118E493E9D810750CB1F2C9B3.d.1868E7DE06A0E87AAA47DAC533C5BA88.e.1733","ELEMENT":"f.8359050118E493E9D810750CB1F2C9B3.d.1868E7DE06A0E87AAA47DAC533C5BA88.e.1733"}]}
COMMAND: GET /session/d41a4ef9228655ec76246a5e56c44812/element/f.8359050118E493E9D810750CB1F2C9B3.d.1868E7DE06A0E87AAA47DAC533C5BA88.e.1733/enabled - {}
COMMAND: GET /session/d41a4ef9228655ec76246a5e56c44812/screenshot - {}
RESULT: {}
COMMAND: POST /session/d41a4ef9228655ec76246a5e56c44812/execute/sync - {"script":"<script> [8489 bytes]","args":[{"element-6066-11e4-a52e-4f735466cecf":"f.8359050118E493E9D810750CB1F2C9B3.d.1868E7DE06A0E87AAA47DAC533C5BA88.e.1733","ELEMENT":"f.8359050118E493E9D810750CB1F2C9B3.d.1868E7DE06A0E87AAA47DAC533C5BA88.e.1733"}]}
COMMAND: GET /session/d41a4ef9228655ec76246a5e56c44812/screenshot - {}
RESULT: {}
RESULT: {"script":"<script> [8489 bytes]","args":[{"element-6066-11e4-a52e-4f735466cecf":"f.8359050118E493E9D810750CB1F2C9B3.d.1868E7DE06A0E87AAA47DAC533C5BA88.e.1733","ELEMENT":"f.8359050118E493E9D810750CB1F2C9B3.d.1868E7DE06A0E87AAA47DAC533C5BA88.e.1733"}]}
COMMAND: POST /session/d41a4ef9228655ec76246a5e56c44812/execute/sync - {"script":"<script> [5351 bytes]","args":[{"element-6066-11e4-a52e-4f735466cecf":"f.8359050118E493E9D810750CB1F2C9B3.d.1868E7DE06A0E87AAA47DAC533C5BA88.e.1733","ELEMENT":"f.8359050118E493E9D810750CB1F2C9B3.d.1868E7DE06A0E87AAA47DAC533C5BA88.e.1733"}]}
COMMAND: GET /session/d41a4ef9228655ec76246a5e56c44812/screenshot - {}
RESULT: {}
RESULT: {"script":"<script> [5351 bytes]","args":[{"element-6066-11e4-a52e-4f735466cecf":"f.8359050118E493E9D810750CB1F2C9B3.d.1868E7DE06A0E87AAA47DAC533C5BA88.e.1733","ELEMENT":"f.8359050118E493E9D810750CB1F2C9B3.d.1868E7DE06A0E87AAA47DAC533C5BA88.e.1733"}]}
COMMAND: POST /session/d41a4ef9228655ec76246a5e56c44812/element/f.8359050118E493E9D810750CB1F2C9B3.d.1868E7DE06A0E87AAA47DAC533C5BA88.e.1733/click - {}
COMMAND: GET /session/d41a4ef9228655ec76246a5e56c44812/screenshot - {}
RESULT: {}
RESULT: {}
COMMAND: GET /session/d41a4ef9228655ec76246a5e56c44812/screenshot - {}
RESULT: {}
COMMAND: POST /session/d41a4ef9228655ec76246a5e56c44812/element - {"using":"xpath","value":"//input[@id=\"application-managesites-display-component---NewSite--siteId-inner\"]"}
RESULT: {}
RESULT: {"using":"xpath","value":"//input[@id=\"application-managesites-display-component---NewSite--siteId-inner\"]"}
COMMAND: POST /session/d41a4ef9228655ec76246a5e56c44812/element - {"using":"xpath","value":"//input[@id=\"application-managesites-display-component---NewSite--siteId-inner\"]"}
RESULT: {"using":"xpath","value":"//input[@id=\"application-managesites-display-component---NewSite--siteId-inner\"]"}
COMMAND: POST /session/d41a4ef9228655ec76246a5e56c44812/execute/async - {"script":"<script> [1562 bytes]","args":[{"selector":{"id":"application-managesites-display-component---NewSite--addressDetailDetailsName1","interaction":{"idSuffix":"inner"}},"wdio_ui5_key":"applicationmanagesites-display-component---NewSite--addressDetailDetailsName1"}]}
RESULT: {"script":"<script> [1562 bytes]","args":[{"selector":{"id":"application-managesites-display-component---NewSite--addressDetailDetailsName1","interaction":{"idSuffix":"inner"}},"wdio_ui5_key":"applicationmanagesites-display-component---NewSite--addressDetailDetailsName1"}]}
RESULT: undefined
COMMAND: POST /session/d41a4ef9228655ec76246a5e56c44812/execute/async - {"script":"<script> [776 bytes]","args":[{"enterText":"Warehouse Managed Site WDIO","selector":{"id":"application-managesites-display-component---NewSite--addressDetailDetailsName1","interaction":{"idSuffix":"inner"}},"clearTextFirst":true,"interactionType":"ENTER_TEXT"}]}
RESULT: {"script":"<script> [776 bytes]","args":[{"enterText":"Warehouse Managed Site WDIO","selector":{"id":"application-managesites-display-component---NewSite--addressDetailDetailsName1","interaction":{"idSuffix":"inner"}},"clearTextFirst":true,"interactionType":"ENTER_TEXT"}]}
COMMAND: POST /session/d41a4ef9228655ec76246a5e56c44812/execute/async - {"script":"<script> [1562 bytes]","args":[{"selector":{"id":"application-managesites-display-component---NewSite--addressDetailDetailsLanguage-arrow"},"wdio_ui5_key":"applicationmanagesites-display-component---NewSite--addressDetailDetailsLanguage-arrow"}]}
RESULT: {"script":"<script> [1562 bytes]","args":[{"selector":{"id":"application-managesites-display-component---NewSite--addressDetailDetailsLanguage-arrow"},"wdio_ui5_key":"applicationmanagesites-display-component---NewSite--addressDetailDetailsLanguage-arrow"}]}
RESULT: undefined
COMMAND: POST /session/d41a4ef9228655ec76246a5e56c44812/element - {"using":"xpath","value":"//*[@id=\"application-managesites-display-component---NewSite--addressDetailDetailsLanguage-arrow\"]"}
RESULT: {"using":"xpath","value":"//*[@id=\"application-managesites-display-component---NewSite--addressDetailDetailsLanguage-arrow\"]"}
COMMAND: POST /session/d41a4ef9228655ec76246a5e56c44812/element/f.8359050118E493E9D810750CB1F2C9B3.d.1868E7DE06A0E87AAA47DAC533C5BA88.e.2132/click - {}
RESULT: {}
COMMAND: POST /session/d41a4ef9228655ec76246a5e56c44812/element - {"using":"xpath","value":"//span[contains(text(), \"English\")]"}
COMMAND: GET /session/d41a4ef9228655ec76246a5e56c44812/screenshot - {}
RESULT: {"using":"xpath","value":"//span[contains(text(), \"English\")]"}
COMMAND: POST /session/d41a4ef9228655ec76246a5e56c44812/element/f.8359050118E493E9D810750CB1F2C9B3.d.1868E7DE06A0E87AAA47DAC533C5BA88.e.2133/click - {}
RESULT: {}
RESULT: {}
COMMAND: POST /session/d41a4ef9228655ec76246a5e56c44812/execute/async - {"script":"<script> [1562 bytes]","args":[{"selector":{"id":"application-managesites-display-component---NewSite--addressDetailDetailsCity1","interaction":{"idSuffix":"inner"}},"wdio_ui5_key":"applicationmanagesites-display-component---NewSite--addressDetailDetailsCity1"}]}
COMMAND: GET /session/d41a4ef9228655ec76246a5e56c44812/screenshot - {}
RESULT: {"script":"<script> [1562 bytes]","args":[{"selector":{"id":"application-managesites-display-component---NewSite--addressDetailDetailsCity1","interaction":{"idSuffix":"inner"}},"wdio_ui5_key":"applicationmanagesites-display-component---NewSite--addressDetailDetailsCity1"}]}
RESULT: undefined
COMMAND: POST /session/d41a4ef9228655ec76246a5e56c44812/execute/async - {"script":"<script> [776 bytes]","args":[{"enterText":"Rosario","selector":{"id":"application-managesites-display-component---NewSite--addressDetailDetailsCity1","interaction":{"idSuffix":"inner"}},"clearTextFirst":true,"interactionType":"ENTER_TEXT"}]}
RESULT: {}
RESULT: {"script":"<script> [776 bytes]","args":[{"enterText":"Rosario","selector":{"id":"application-managesites-display-component---NewSite--addressDetailDetailsCity1","interaction":{"idSuffix":"inner"}},"clearTextFirst":true,"interactionType":"ENTER_TEXT"}]}
COMMAND: POST /session/d41a4ef9228655ec76246a5e56c44812/execute/async - {"script":"<script> [1562 bytes]","args":[{"selector":{"id":"application-managesites-display-component---NewSite--addressDetailDetailsCountry-arrow"},"wdio_ui5_key":"applicationmanagesites-display-component---NewSite--addressDetailDetailsCountry-arrow"}]}
RESULT: {"script":"<script> [1562 bytes]","args":[{"selector":{"id":"application-managesites-display-component---NewSite--addressDetailDetailsCountry-arrow"},"wdio_ui5_key":"applicationmanagesites-display-component---NewSite--addressDetailDetailsCountry-arrow"}]}
RESULT: undefined
COMMAND: POST /session/d41a4ef9228655ec76246a5e56c44812/element - {"using":"xpath","value":"//*[@id=\"application-managesites-display-component---NewSite--addressDetailDetailsCountry-arrow\"]"}
RESULT: {"using":"xpath","value":"//*[@id=\"application-managesites-display-component---NewSite--addressDetailDetailsCountry-arrow\"]"}
COMMAND: POST /session/d41a4ef9228655ec76246a5e56c44812/element/f.8359050118E493E9D810750CB1F2C9B3.d.1868E7DE06A0E87AAA47DAC533C5BA88.e.2135/click - {}
RESULT: {}
COMMAND: POST /session/d41a4ef9228655ec76246a5e56c44812/element - {"using":"xpath","value":"//span[contains(text(), \"Argentina\")]"}
COMMAND: GET /session/d41a4ef9228655ec76246a5e56c44812/screenshot - {}
RESULT: {"using":"xpath","value":"//span[contains(text(), \"Argentina\")]"}
COMMAND: POST /session/d41a4ef9228655ec76246a5e56c44812/element/f.8359050118E493E9D810750CB1F2C9B3.d.1868E7DE06A0E87AAA47DAC533C5BA88.e.2136/click - {}
RESULT: {}
RESULT: {}
COMMAND: GET /session/d41a4ef9228655ec76246a5e56c44812/screenshot - {}
RESULT: {}
COMMAND: POST /session/d41a4ef9228655ec76246a5e56c44812/execute/async - {"script":"<script> [1562 bytes]","args":[{"selector":{"id":"application-managesites-display-component---NewSite--addressEditDetailsCostObjectCstType-arrow"},"wdio_ui5_key":"applicationmanagesites-display-component---NewSite--addressEditDetailsCostObjectCstType-arrow"}]}
RESULT: {"script":"<script> [1562 bytes]","args":[{"selector":{"id":"application-managesites-display-component---NewSite--addressEditDetailsCostObjectCstType-arrow"},"wdio_ui5_key":"applicationmanagesites-display-component---NewSite--addressEditDetailsCostObjectCstType-arrow"}]}
RESULT: undefined
COMMAND: POST /session/d41a4ef9228655ec76246a5e56c44812/element - {"using":"xpath","value":"//*[@id=\"application-managesites-display-component---NewSite--addressEditDetailsCostObjectCstType-arrow\"]"}
RESULT: {"using":"xpath","value":"//*[@id=\"application-managesites-display-component---NewSite--addressEditDetailsCostObjectCstType-arrow\"]"}
COMMAND: POST /session/d41a4ef9228655ec76246a5e56c44812/element/f.8359050118E493E9D810750CB1F2C9B3.d.1868E7DE06A0E87AAA47DAC533C5BA88.e.2138/click - {}
RESULT: {}
COMMAND: POST /session/d41a4ef9228655ec76246a5e56c44812/element - {"using":"xpath","value":"//span[contains(text(), \"Cost Center\")]"}
COMMAND: GET /session/d41a4ef9228655ec76246a5e56c44812/screenshot - {}
RESULT: {"using":"xpath","value":"//span[contains(text(), \"Cost Center\")]"}
COMMAND: POST /session/d41a4ef9228655ec76246a5e56c44812/element/f.8359050118E493E9D810750CB1F2C9B3.d.1868E7DE06A0E87AAA47DAC533C5BA88.e.2140/click - {}
RESULT: {}
RESULT: {}
COMMAND: GET /session/d41a4ef9228655ec76246a5e56c44812/screenshot - {}
RESULT: {}
COMMAND: POST /session/d41a4ef9228655ec76246a5e56c44812/element - {"using":"xpath","value":"//span[@id=\"application-managesites-display-component---NewSite--addressNewCostObjectCstID-vhi\"]"}
RESULT: {"using":"xpath","value":"//span[@id=\"application-managesites-display-component---NewSite--addressNewCostObjectCstID-vhi\"]"}
COMMAND: POST /session/d41a4ef9228655ec76246a5e56c44812/execute/sync - {"script":"<script> [8489 bytes]","args":[{"element-6066-11e4-a52e-4f735466cecf":"f.8359050118E493E9D810750CB1F2C9B3.d.1868E7DE06A0E87AAA47DAC533C5BA88.e.2144","ELEMENT":"f.8359050118E493E9D810750CB1F2C9B3.d.1868E7DE06A0E87AAA47DAC533C5BA88.e.2144"}]}
RESULT: {"script":"<script> [8489 bytes]","args":[{"element-6066-11e4-a52e-4f735466cecf":"f.8359050118E493E9D810750CB1F2C9B3.d.1868E7DE06A0E87AAA47DAC533C5BA88.e.2144","ELEMENT":"f.8359050118E493E9D810750CB1F2C9B3.d.1868E7DE06A0E87AAA47DAC533C5BA88.e.2144"}]}
COMMAND: POST /session/d41a4ef9228655ec76246a5e56c44812/execute/async - {"script":"<script> [1562 bytes]","args":[{"selector":{"id":"application-managesites-display-component---NewSite--addressNewCostObjectCstID-vhi"},"wdio_ui5_key":"applicationmanagesites-display-component---NewSite--addressNewCostObjectCstID-vhi"}]}
COMMAND: GET /session/d41a4ef9228655ec76246a5e56c44812/screenshot - {}
RESULT: {"script":"<script> [1562 bytes]","args":[{"selector":{"id":"application-managesites-display-component---NewSite--addressNewCostObjectCstID-vhi"},"wdio_ui5_key":"applicationmanagesites-display-component---NewSite--addressNewCostObjectCstID-vhi"}]}
RESULT: undefined
COMMAND: POST /session/d41a4ef9228655ec76246a5e56c44812/element - {"using":"xpath","value":"//*[@id=\"application-managesites-display-component---NewSite--addressNewCostObjectCstID-vhi\"]"}
RESULT: {}
RESULT: {"using":"xpath","value":"//*[@id=\"application-managesites-display-component---NewSite--addressNewCostObjectCstID-vhi\"]"}
COMMAND: POST /session/d41a4ef9228655ec76246a5e56c44812/element/f.8359050118E493E9D810750CB1F2C9B3.d.1868E7DE06A0E87AAA47DAC533C5BA88.e.2144/click - {}
RESULT: {}
COMMAND: GET /session/d41a4ef9228655ec76246a5e56c44812/screenshot - {}
RESULT: {}
RESULT: undefined
COMMAND: POST /session/d41a4ef9228655ec76246a5e56c44812/execute/async - {"script":"<script> [776 bytes]","args":[{"enterText":"10001013","selector":{"controlType":"sap.m.SearchField","properties":{"placeholder":"Search"},"searchOpenDialogs":true,"interaction":{"idSuffix":"I"}},"clearTextFirst":true,"interactionType":"ENTER_TEXT"}]}
RESULT: {"script":"<script> [776 bytes]","args":[{"enterText":"10001013","selector":{"controlType":"sap.m.SearchField","properties":{"placeholder":"Search"},"searchOpenDialogs":true,"interaction":{"idSuffix":"I"}},"clearTextFirst":true,"interactionType":"ENTER_TEXT"}]}
COMMAND: POST /session/d41a4ef9228655ec76246a5e56c44812/actions - {"actions":[{"id":"action3","type":"key","parameters":{},"actions":[{"type":"keyDown","value":"î€‡"},{"type":"pause","duration":10},{"type":"keyUp","value":"î€‡"}]}]}
RESULT: {"actions":[{"id":"action3","type":"key","parameters":{},"actions":[{"type":"keyDown","value":"î€‡"},{"type":"pause","duration":10},{"type":"keyUp","value":"î€‡"}]}]}
COMMAND: GET /session/d41a4ef9228655ec76246a5e56c44812/screenshot - {}
RESULT: {}
COMMAND: POST /session/d41a4ef9228655ec76246a5e56c44812/element - {"using":"xpath","value":"//span[contains(text(), \"General Management\")]"}
RESULT: {"using":"xpath","value":"//span[contains(text(), \"General Management\")]"}
COMMAND: POST /session/d41a4ef9228655ec76246a5e56c44812/element/f.8359050118E493E9D810750CB1F2C9B3.d.1868E7DE06A0E87AAA47DAC533C5BA88.e.2184/click - {}
RESULT: {}
COMMAND: GET /session/d41a4ef9228655ec76246a5e56c44812/screenshot - {}
RESULT: {}
COMMAND: POST /session/d41a4ef9228655ec76246a5e56c44812/element - {"using":"xpath","value":"//bdi[contains(text(), \"OK\")]"}
RESULT: {"using":"xpath","value":"//bdi[contains(text(), \"OK\")]"}
COMMAND: POST /session/d41a4ef9228655ec76246a5e56c44812/element/f.8359050118E493E9D810750CB1F2C9B3.d.1868E7DE06A0E87AAA47DAC533C5BA88.e.2185/click - {}
RESULT: {}
COMMAND: GET /session/d41a4ef9228655ec76246a5e56c44812/screenshot - {}
RESULT: {}
COMMAND: POST /session/d41a4ef9228655ec76246a5e56c44812/element - {"using":"xpath","value":"//input[@id=\"application-managesites-display-component---NewSite--addressDetailDetailsCalendar-inner\"]"}
RESULT: {"using":"xpath","value":"//input[@id=\"application-managesites-display-component---NewSite--addressDetailDetailsCalendar-inner\"]"}
COMMAND: POST /session/d41a4ef9228655ec76246a5e56c44812/element/f.8359050118E493E9D810750CB1F2C9B3.d.1868E7DE06A0E87AAA47DAC533C5BA88.e.1936/clear - {}
RESULT: {}
COMMAND: POST /session/d41a4ef9228655ec76246a5e56c44812/element/f.8359050118E493E9D810750CB1F2C9B3.d.1868E7DE06A0E87AAA47DAC533C5BA88.e.1936/value - {"text":"Unit"}
COMMAND: GET /session/d41a4ef9228655ec76246a5e56c44812/screenshot - {}
RESULT: {"text":"Unit"}
COMMAND: GET /session/d41a4ef9228655ec76246a5e56c44812/screenshot - {}
RESULT: {}
RESULT: {}
COMMAND: POST /session/d41a4ef9228655ec76246a5e56c44812/actions - {"actions":[{"id":"action4","type":"key","parameters":{},"actions":[{"type":"keyDown","value":"î€‡"},{"type":"pause","duration":10},{"type":"keyUp","value":"î€‡"}]}]}
RESULT: {"actions":[{"id":"action4","type":"key","parameters":{},"actions":[{"type":"keyDown","value":"î€‡"},{"type":"pause","duration":10},{"type":"keyUp","value":"î€‡"}]}]}
COMMAND: POST /session/d41a4ef9228655ec76246a5e56c44812/element - {"using":"xpath","value":"//input[@id=\"application-managesites-display-component---NewSite--addressDetailDetailsYard-inner\"]"}
COMMAND: GET /session/d41a4ef9228655ec76246a5e56c44812/screenshot - {}
RESULT: {"using":"xpath","value":"//input[@id=\"application-managesites-display-component---NewSite--addressDetailDetailsYard-inner\"]"}
COMMAND: POST /session/d41a4ef9228655ec76246a5e56c44812/element/f.8359050118E493E9D810750CB1F2C9B3.d.1868E7DE06A0E87AAA47DAC533C5BA88.e.1937/clear - {}
RESULT: {}
RESULT: {}
COMMAND: POST /session/d41a4ef9228655ec76246a5e56c44812/element/f.8359050118E493E9D810750CB1F2C9B3.d.1868E7DE06A0E87AAA47DAC533C5BA88.e.1937/value - {"text":"471"}
COMMAND: GET /session/d41a4ef9228655ec76246a5e56c44812/screenshot - {}
RESULT: {"text":"471"}
COMMAND: GET /session/d41a4ef9228655ec76246a5e56c44812/screenshot - {}
RESULT: {}
RESULT: {}
COMMAND: POST /session/d41a4ef9228655ec76246a5e56c44812/element - {"using":"xpath","value":"//li[.//span[text()='471']]"}
RESULT: {"using":"xpath","value":"//li[.//span[text()='471']]"}
COMMAND: POST /session/d41a4ef9228655ec76246a5e56c44812/element/f.8359050118E493E9D810750CB1F2C9B3.d.1868E7DE06A0E87AAA47DAC533C5BA88.e.2193/click - {}
RESULT: {}
COMMAND: GET /session/d41a4ef9228655ec76246a5e56c44812/screenshot - {}
RESULT: {}
COMMAND: POST /session/d41a4ef9228655ec76246a5e56c44812/element - {"using":"xpath","value":"//input[@id=\"application-managesites-display-component---NewSite--addressDetailDetailsPartner-inner\"]"}
RESULT: {"using":"xpath","value":"//input[@id=\"application-managesites-display-component---NewSite--addressDetailDetailsPartner-inner\"]"}
COMMAND: POST /session/d41a4ef9228655ec76246a5e56c44812/element - {"using":"xpath","value":"//input[@id=\"application-managesites-display-component---NewSite--addressDetailDetailsPartner-inner\"]"}
RESULT: {"using":"xpath","value":"//input[@id=\"application-managesites-display-component---NewSite--addressDetailDetailsPartner-inner\"]"}
COMMAND: POST /session/d41a4ef9228655ec76246a5e56c44812/execute/async - {"script":"<script> [1562 bytes]","args":[{"selector":{"id":"application-managesites-display-component---NewSite--siteWhmCheckBox-label","interaction":{"idSuffix":"bdi"}},"wdio_ui5_key":"applicationmanagesites-display-component---NewSite--siteWhmCheckBox-label"}]}
RESULT: {"script":"<script> [1562 bytes]","args":[{"selector":{"id":"application-managesites-display-component---NewSite--siteWhmCheckBox-label","interaction":{"idSuffix":"bdi"}},"wdio_ui5_key":"applicationmanagesites-display-component---NewSite--siteWhmCheckBox-label"}]}
RESULT: undefined
COMMAND: POST /session/d41a4ef9228655ec76246a5e56c44812/element - {"using":"xpath","value":"//*[@id=\"application-managesites-display-component---NewSite--siteWhmCheckBox-label\"]"}
RESULT: {"using":"xpath","value":"//*[@id=\"application-managesites-display-component---NewSite--siteWhmCheckBox-label\"]"}
COMMAND: POST /session/d41a4ef9228655ec76246a5e56c44812/element/f.8359050118E493E9D810750CB1F2C9B3.d.1868E7DE06A0E87AAA47DAC533C5BA88.e.2195/click - {}
RESULT: {}
COMMAND: GET /session/d41a4ef9228655ec76246a5e56c44812/screenshot - {}
RESULT: {}
COMMAND: POST /session/d41a4ef9228655ec76246a5e56c44812/element - {"using":"xpath","value":"//button[@data-kt=\"saveButton\"]"}
RESULT: {"using":"xpath","value":"//button[@data-kt=\"saveButton\"]"}
COMMAND: POST /session/d41a4ef9228655ec76246a5e56c44812/element/f.8359050118E493E9D810750CB1F2C9B3.d.1868E7DE06A0E87AAA47DAC533C5BA88.e.2070/click - {}
RESULT: {}
COMMAND: GET /session/d41a4ef9228655ec76246a5e56c44812/screenshot - {}
RESULT: {}
COMMAND: POST /session/d41a4ef9228655ec76246a5e56c44812/element - {"using":"xpath","value":"//header[contains(@id, 'ObjectPageLayout-headerTitle')]/div[1]/div[2]/div[2]/span[1]"}
RESULT: {"using":"xpath","value":"//header[contains(@id, 'ObjectPageLayout-headerTitle')]/div[1]/div[2]/div[2]/span[1]"}
COMMAND: POST /session/d41a4ef9228655ec76246a5e56c44812/elements - {"using":"xpath","value":"//header[contains(@id, 'ObjectPageLayout-headerTitle')]/div[1]/div[2]/div[2]/span[1]"}
RESULT: {"using":"xpath","value":"//header[contains(@id, 'ObjectPageLayout-headerTitle')]/div[1]/div[2]/div[2]/span[1]"}
COMMAND: POST /session/d41a4ef9228655ec76246a5e56c44812/execute/sync - {"script":"<script> [56 bytes]","args":[{"element-6066-11e4-a52e-4f735466cecf":"f.8359050118E493E9D810750CB1F2C9B3.d.1868E7DE06A0E87AAA47DAC533C5BA88.e.2400","ELEMENT":"f.8359050118E493E9D810750CB1F2C9B3.d.1868E7DE06A0E87AAA47DAC533C5BA88.e.2400"}]}
RESULT: {"script":"<script> [56 bytes]","args":[{"element-6066-11e4-a52e-4f735466cecf":"f.8359050118E493E9D810750CB1F2C9B3.d.1868E7DE06A0E87AAA47DAC533C5BA88.e.2400","ELEMENT":"f.8359050118E493E9D810750CB1F2C9B3.d.1868E7DE06A0E87AAA47DAC533C5BA88.e.2400"}]}
COMMAND: POST /session/d41a4ef9228655ec76246a5e56c44812/element - {"using":"css selector","value":"#shell-header-logo"}
COMMAND: GET /session/d41a4ef9228655ec76246a5e56c44812/screenshot - {}
RESULT: {"using":"css selector","value":"#shell-header-logo"}
COMMAND: POST /session/d41a4ef9228655ec76246a5e56c44812/element/f.8359050118E493E9D810750CB1F2C9B3.d.1868E7DE06A0E87AAA47DAC533C5BA88.e.1691/click - {}
RESULT: {}
RESULT: {}
COMMAND: GET /session/d41a4ef9228655ec76246a5e56c44812/screenshot - {}
RESULT: {}
COMMAND: POST /session/d41a4ef9228655ec76246a5e56c44812/execute/sync - {"script":"<script> [299 bytes]","args":[["getModel","getResource"]]}
RESULT: {"script":"<script> [299 bytes]","args":[["getModel","getResource"]]}
COMMAND: GET /session/d41a4ef9228655ec76246a5e56c44812/screenshot - {}
]]></system-out>
    </testcase>
    <testcase classname="chrome.136_0_7103_93.windows.Stock_increase_-_with_WHM_US125587" name="Should create a new material" time="121.301">
      <system-out><![CDATA[
COMMAND: POST /session/d41a4ef9228655ec76246a5e56c44812/execute/async - {"script":"<script> [1562 bytes]","args":[{"selector":{"controlType":"sap.m.GenericTile","properties":{"header":"Manage Resources"}},"wdio_ui5_key":"sapm.GenericTile{\"header\":\"Manage Resources\"}"}]}
RESULT: {}
RESULT: {"script":"<script> [1562 bytes]","args":[{"selector":{"controlType":"sap.m.GenericTile","properties":{"header":"Manage Resources"}},"wdio_ui5_key":"sapm.GenericTile{\"header\":\"Manage Resources\"}"}]}
RESULT: undefined
COMMAND: POST /session/d41a4ef9228655ec76246a5e56c44812/element - {"using":"xpath","value":"//*[@id=\"__tile39\"]"}
RESULT: {"using":"xpath","value":"//*[@id=\"__tile39\"]"}
COMMAND: POST /session/d41a4ef9228655ec76246a5e56c44812/element/f.8359050118E493E9D810750CB1F2C9B3.d.1868E7DE06A0E87AAA47DAC533C5BA88.e.128/click - {}
RESULT: {}
COMMAND: GET /session/d41a4ef9228655ec76246a5e56c44812/screenshot - {}
RESULT: {}
COMMAND: POST /session/d41a4ef9228655ec76246a5e56c44812/elements - {"using":"xpath","value":"//span[text()='Error']"}
RESULT: {"using":"xpath","value":"//span[text()='Error']"}
COMMAND: POST /session/d41a4ef9228655ec76246a5e56c44812/element - {"using":"xpath","value":"//button[@data-kt=\"addNewRUOverflowToolbarButton\"]"}
RESULT: {"using":"xpath","value":"//button[@data-kt=\"addNewRUOverflowToolbarButton\"]"}
COMMAND: POST /session/d41a4ef9228655ec76246a5e56c44812/elements - {"using":"xpath","value":"//button[@data-kt=\"addNewRUOverflowToolbarButton\"]"}
RESULT: {"using":"xpath","value":"//button[@data-kt=\"addNewRUOverflowToolbarButton\"]"}
COMMAND: POST /session/d41a4ef9228655ec76246a5e56c44812/elements - {"using":"xpath","value":"//button[@data-kt=\"addNewRUOverflowToolbarButton\"]"}
RESULT: {"using":"xpath","value":"//button[@data-kt=\"addNewRUOverflowToolbarButton\"]"}
COMMAND: POST /session/d41a4ef9228655ec76246a5e56c44812/element - {"using":"xpath","value":"//button[@data-kt=\"addNewRUOverflowToolbarButton\"]"}
RESULT: {"using":"xpath","value":"//button[@data-kt=\"addNewRUOverflowToolbarButton\"]"}
COMMAND: POST /session/d41a4ef9228655ec76246a5e56c44812/execute/sync - {"script":"<script> [8489 bytes]","args":[{"element-6066-11e4-a52e-4f735466cecf":"f.8359050118E493E9D810750CB1F2C9B3.d.1868E7DE06A0E87AAA47DAC533C5BA88.e.2433","ELEMENT":"f.8359050118E493E9D810750CB1F2C9B3.d.1868E7DE06A0E87AAA47DAC533C5BA88.e.2433"}]}
RESULT: {"script":"<script> [8489 bytes]","args":[{"element-6066-11e4-a52e-4f735466cecf":"f.8359050118E493E9D810750CB1F2C9B3.d.1868E7DE06A0E87AAA47DAC533C5BA88.e.2433","ELEMENT":"f.8359050118E493E9D810750CB1F2C9B3.d.1868E7DE06A0E87AAA47DAC533C5BA88.e.2433"}]}
COMMAND: GET /session/d41a4ef9228655ec76246a5e56c44812/element/f.8359050118E493E9D810750CB1F2C9B3.d.1868E7DE06A0E87AAA47DAC533C5BA88.e.2433/enabled - {}
COMMAND: GET /session/d41a4ef9228655ec76246a5e56c44812/screenshot - {}
RESULT: {}
COMMAND: POST /session/d41a4ef9228655ec76246a5e56c44812/execute/sync - {"script":"<script> [8489 bytes]","args":[{"element-6066-11e4-a52e-4f735466cecf":"f.8359050118E493E9D810750CB1F2C9B3.d.1868E7DE06A0E87AAA47DAC533C5BA88.e.2433","ELEMENT":"f.8359050118E493E9D810750CB1F2C9B3.d.1868E7DE06A0E87AAA47DAC533C5BA88.e.2433"}]}
COMMAND: GET /session/d41a4ef9228655ec76246a5e56c44812/screenshot - {}
RESULT: {}
RESULT: {"script":"<script> [8489 bytes]","args":[{"element-6066-11e4-a52e-4f735466cecf":"f.8359050118E493E9D810750CB1F2C9B3.d.1868E7DE06A0E87AAA47DAC533C5BA88.e.2433","ELEMENT":"f.8359050118E493E9D810750CB1F2C9B3.d.1868E7DE06A0E87AAA47DAC533C5BA88.e.2433"}]}
COMMAND: POST /session/d41a4ef9228655ec76246a5e56c44812/execute/sync - {"script":"<script> [5351 bytes]","args":[{"element-6066-11e4-a52e-4f735466cecf":"f.8359050118E493E9D810750CB1F2C9B3.d.1868E7DE06A0E87AAA47DAC533C5BA88.e.2433","ELEMENT":"f.8359050118E493E9D810750CB1F2C9B3.d.1868E7DE06A0E87AAA47DAC533C5BA88.e.2433"}]}
COMMAND: GET /session/d41a4ef9228655ec76246a5e56c44812/screenshot - {}
RESULT: {}
RESULT: {"script":"<script> [5351 bytes]","args":[{"element-6066-11e4-a52e-4f735466cecf":"f.8359050118E493E9D810750CB1F2C9B3.d.1868E7DE06A0E87AAA47DAC533C5BA88.e.2433","ELEMENT":"f.8359050118E493E9D810750CB1F2C9B3.d.1868E7DE06A0E87AAA47DAC533C5BA88.e.2433"}]}
COMMAND: POST /session/d41a4ef9228655ec76246a5e56c44812/element/f.8359050118E493E9D810750CB1F2C9B3.d.1868E7DE06A0E87AAA47DAC533C5BA88.e.2433/click - {}
COMMAND: GET /session/d41a4ef9228655ec76246a5e56c44812/screenshot - {}
RESULT: {}
RESULT: {}
COMMAND: GET /session/d41a4ef9228655ec76246a5e56c44812/screenshot - {}
COMMAND: POST /session/d41a4ef9228655ec76246a5e56c44812/execute/async - {"script":"<script> [1562 bytes]","args":[{"selector":{"id":"application-manageresources-display-component---newResourceUnit--TYPE-arrow"},"wdio_ui5_key":"applicationmanageresources-display-component---newResourceUnit--TYPE-arrow"}]}
RESULT: {}
RESULT: {}
RESULT: {"script":"<script> [1562 bytes]","args":[{"selector":{"id":"application-manageresources-display-component---newResourceUnit--TYPE-arrow"},"wdio_ui5_key":"applicationmanageresources-display-component---newResourceUnit--TYPE-arrow"}]}
RESULT: undefined
COMMAND: POST /session/d41a4ef9228655ec76246a5e56c44812/element - {"using":"xpath","value":"//*[@id=\"application-manageresources-display-component---newResourceUnit--TYPE-arrow\"]"}
RESULT: {"using":"xpath","value":"//*[@id=\"application-manageresources-display-component---newResourceUnit--TYPE-arrow\"]"}
COMMAND: POST /session/d41a4ef9228655ec76246a5e56c44812/element/f.8359050118E493E9D810750CB1F2C9B3.d.1868E7DE06A0E87AAA47DAC533C5BA88.e.2792/click - {}
RESULT: {}
COMMAND: POST /session/d41a4ef9228655ec76246a5e56c44812/element - {"using":"xpath","value":"//input[@id=\"application-manageresources-display-component---newResourceUnit--TYPE-inner\"]"}
COMMAND: GET /session/d41a4ef9228655ec76246a5e56c44812/screenshot - {}
RESULT: {"using":"xpath","value":"//input[@id=\"application-manageresources-display-component---newResourceUnit--TYPE-inner\"]"}
COMMAND: POST /session/d41a4ef9228655ec76246a5e56c44812/element/f.8359050118E493E9D810750CB1F2C9B3.d.1868E7DE06A0E87AAA47DAC533C5BA88.e.2786/clear - {}
RESULT: {}
RESULT: {}
COMMAND: POST /session/d41a4ef9228655ec76246a5e56c44812/element/f.8359050118E493E9D810750CB1F2C9B3.d.1868E7DE06A0E87AAA47DAC533C5BA88.e.2786/value - {"text":"Material"}
COMMAND: GET /session/d41a4ef9228655ec76246a5e56c44812/screenshot - {}
RESULT: {"text":"Material"}
COMMAND: GET /session/d41a4ef9228655ec76246a5e56c44812/screenshot - {}
RESULT: {}
RESULT: {}
COMMAND: POST /session/d41a4ef9228655ec76246a5e56c44812/actions - {"actions":[{"id":"action5","type":"key","parameters":{},"actions":[{"type":"keyDown","value":"î€‡"},{"type":"pause","duration":10},{"type":"keyUp","value":"î€‡"}]}]}
RESULT: {"actions":[{"id":"action5","type":"key","parameters":{},"actions":[{"type":"keyDown","value":"î€‡"},{"type":"pause","duration":10},{"type":"keyUp","value":"î€‡"}]}]}
COMMAND: POST /session/d41a4ef9228655ec76246a5e56c44812/execute/async - {"script":"<script> [1562 bytes]","args":[{"selector":{"id":"application-manageresources-display-component---newResourceUnit--SHORT_TEXT","interaction":{"idSuffix":"inner"}},"wdio_ui5_key":"applicationmanageresources-display-component---newResourceUnit--SHORT_TEXT"}]}
COMMAND: GET /session/d41a4ef9228655ec76246a5e56c44812/screenshot - {}
RESULT: {"script":"<script> [1562 bytes]","args":[{"selector":{"id":"application-manageresources-display-component---newResourceUnit--SHORT_TEXT","interaction":{"idSuffix":"inner"}},"wdio_ui5_key":"applicationmanageresources-display-component---newResourceUnit--SHORT_TEXT"}]}
RESULT: undefined
COMMAND: POST /session/d41a4ef9228655ec76246a5e56c44812/execute/async - {"script":"<script> [776 bytes]","args":[{"enterText":"Cement WDIO","selector":{"id":"application-manageresources-display-component---newResourceUnit--SHORT_TEXT","interaction":{"idSuffix":"inner"}},"clearTextFirst":true,"interactionType":"ENTER_TEXT"}]}
RESULT: {}
RESULT: {"script":"<script> [776 bytes]","args":[{"enterText":"Cement WDIO","selector":{"id":"application-manageresources-display-component---newResourceUnit--SHORT_TEXT","interaction":{"idSuffix":"inner"}},"clearTextFirst":true,"interactionType":"ENTER_TEXT"}]}
COMMAND: POST /session/d41a4ef9228655ec76246a5e56c44812/execute/async - {"script":"<script> [1562 bytes]","args":[{"selector":{"id":"application-manageresources-display-component---newResourceUnit--BASE_UNIT_OF_MEASURE","interaction":{"idSuffix":"inner"}},"wdio_ui5_key":"applicationmanageresources-display-component---newResourceUnit--BASE_UNIT_OF_MEASURE"}]}
RESULT: {"script":"<script> [1562 bytes]","args":[{"selector":{"id":"application-manageresources-display-component---newResourceUnit--BASE_UNIT_OF_MEASURE","interaction":{"idSuffix":"inner"}},"wdio_ui5_key":"applicationmanageresources-display-component---newResourceUnit--BASE_UNIT_OF_MEASURE"}]}
RESULT: undefined
COMMAND: POST /session/d41a4ef9228655ec76246a5e56c44812/execute/async - {"script":"<script> [776 bytes]","args":[{"enterText":"Piece","selector":{"id":"application-manageresources-display-component---newResourceUnit--BASE_UNIT_OF_MEASURE","interaction":{"idSuffix":"inner"}},"clearTextFirst":true,"interactionType":"ENTER_TEXT"}]}
RESULT: {"script":"<script> [776 bytes]","args":[{"enterText":"Piece","selector":{"id":"application-manageresources-display-component---newResourceUnit--BASE_UNIT_OF_MEASURE","interaction":{"idSuffix":"inner"}},"clearTextFirst":true,"interactionType":"ENTER_TEXT"}]}
COMMAND: POST /session/d41a4ef9228655ec76246a5e56c44812/execute/async - {"script":"<script> [1562 bytes]","args":[{"selector":{"id":"application-manageresources-display-component---newResourceUnit--WEIGHT_UNIT","interaction":{"idSuffix":"inner"}},"wdio_ui5_key":"applicationmanageresources-display-component---newResourceUnit--WEIGHT_UNIT"}]}
RESULT: {"script":"<script> [1562 bytes]","args":[{"selector":{"id":"application-manageresources-display-component---newResourceUnit--WEIGHT_UNIT","interaction":{"idSuffix":"inner"}},"wdio_ui5_key":"applicationmanageresources-display-component---newResourceUnit--WEIGHT_UNIT"}]}
RESULT: undefined
COMMAND: POST /session/d41a4ef9228655ec76246a5e56c44812/execute/async - {"script":"<script> [776 bytes]","args":[{"enterText":"Gram","selector":{"id":"application-manageresources-display-component---newResourceUnit--WEIGHT_UNIT","interaction":{"idSuffix":"inner"}},"clearTextFirst":true,"interactionType":"ENTER_TEXT"}]}
RESULT: {"script":"<script> [776 bytes]","args":[{"enterText":"Gram","selector":{"id":"application-manageresources-display-component---newResourceUnit--WEIGHT_UNIT","interaction":{"idSuffix":"inner"}},"clearTextFirst":true,"interactionType":"ENTER_TEXT"}]}
COMMAND: POST /session/d41a4ef9228655ec76246a5e56c44812/execute/async - {"script":"<script> [1562 bytes]","args":[{"selector":{"id":"application-manageresources-display-component---newResourceUnit--DIMENSION_UNIT","interaction":{"idSuffix":"inner"}},"wdio_ui5_key":"applicationmanageresources-display-component---newResourceUnit--DIMENSION_UNIT"}]}
RESULT: {"script":"<script> [1562 bytes]","args":[{"selector":{"id":"application-manageresources-display-component---newResourceUnit--DIMENSION_UNIT","interaction":{"idSuffix":"inner"}},"wdio_ui5_key":"applicationmanageresources-display-component---newResourceUnit--DIMENSION_UNIT"}]}
RESULT: undefined
COMMAND: POST /session/d41a4ef9228655ec76246a5e56c44812/execute/async - {"script":"<script> [776 bytes]","args":[{"enterText":"Meter","selector":{"id":"application-manageresources-display-component---newResourceUnit--DIMENSION_UNIT","interaction":{"idSuffix":"inner"}},"clearTextFirst":true,"interactionType":"ENTER_TEXT"}]}
RESULT: {"script":"<script> [776 bytes]","args":[{"enterText":"Meter","selector":{"id":"application-manageresources-display-component---newResourceUnit--DIMENSION_UNIT","interaction":{"idSuffix":"inner"}},"clearTextFirst":true,"interactionType":"ENTER_TEXT"}]}
COMMAND: POST /session/d41a4ef9228655ec76246a5e56c44812/execute/async - {"script":"<script> [1562 bytes]","args":[{"selector":{"id":"application-manageresources-display-component---newResourceUnit--newRRUPage-anchBar-application-manageresources-display-component---newResourceUnit--control-anchor","interaction":{"idSuffix":"BDI-content"}},"wdio_ui5_key":"applicationmanageresources-display-component---newResourceUnit--newRRUPage-anchBar-application-manageresources-display-component---newResourceUnit--control-anchor"}]}
RESULT: {"script":"<script> [1562 bytes]","args":[{"selector":{"id":"application-manageresources-display-component---newResourceUnit--newRRUPage-anchBar-application-manageresources-display-component---newResourceUnit--control-anchor","interaction":{"idSuffix":"BDI-content"}},"wdio_ui5_key":"applicationmanageresources-display-component---newResourceUnit--newRRUPage-anchBar-application-manageresources-display-component---newResourceUnit--control-anchor"}]}
RESULT: undefined
COMMAND: POST /session/d41a4ef9228655ec76246a5e56c44812/element - {"using":"xpath","value":"//*[@id=\"application-manageresources-display-component---newResourceUnit--newRRUPage-anchBar-application-manageresources-display-component---newResourceUnit--control-anchor\"]"}
RESULT: {"using":"xpath","value":"//*[@id=\"application-manageresources-display-component---newResourceUnit--newRRUPage-anchBar-application-manageresources-display-component---newResourceUnit--control-anchor\"]"}
COMMAND: POST /session/d41a4ef9228655ec76246a5e56c44812/element/f.8359050118E493E9D810750CB1F2C9B3.d.1868E7DE06A0E87AAA47DAC533C5BA88.e.2855/click - {}
RESULT: {}
COMMAND: POST /session/d41a4ef9228655ec76246a5e56c44812/execute/async - {"script":"<script> [1562 bytes]","args":[{"selector":{"id":"application-manageresources-display-component---newResourceUnit--PLANNING_GROUP","interaction":{"idSuffix":"inner"}},"wdio_ui5_key":"applicationmanageresources-display-component---newResourceUnit--PLANNING_GROUP"}]}
COMMAND: GET /session/d41a4ef9228655ec76246a5e56c44812/screenshot - {}
RESULT: {"script":"<script> [1562 bytes]","args":[{"selector":{"id":"application-manageresources-display-component---newResourceUnit--PLANNING_GROUP","interaction":{"idSuffix":"inner"}},"wdio_ui5_key":"applicationmanageresources-display-component---newResourceUnit--PLANNING_GROUP"}]}
RESULT: undefined
COMMAND: POST /session/d41a4ef9228655ec76246a5e56c44812/execute/async - {"script":"<script> [776 bytes]","args":[{"enterText":"Material","selector":{"id":"application-manageresources-display-component---newResourceUnit--PLANNING_GROUP","interaction":{"idSuffix":"inner"}},"clearTextFirst":true,"interactionType":"ENTER_TEXT"}]}
RESULT: {}
RESULT: {"script":"<script> [776 bytes]","args":[{"enterText":"Material","selector":{"id":"application-manageresources-display-component---newResourceUnit--PLANNING_GROUP","interaction":{"idSuffix":"inner"}},"clearTextFirst":true,"interactionType":"ENTER_TEXT"}]}
COMMAND: POST /session/d41a4ef9228655ec76246a5e56c44812/execute/async - {"script":"<script> [1562 bytes]","args":[{"selector":{"id":"application-manageresources-display-component---newResourceUnit--PLANNING_INDICATOR","interaction":{"idSuffix":"inner"}},"wdio_ui5_key":"applicationmanageresources-display-component---newResourceUnit--PLANNING_INDICATOR"}]}
RESULT: {"script":"<script> [1562 bytes]","args":[{"selector":{"id":"application-manageresources-display-component---newResourceUnit--PLANNING_INDICATOR","interaction":{"idSuffix":"inner"}},"wdio_ui5_key":"applicationmanageresources-display-component---newResourceUnit--PLANNING_INDICATOR"}]}
RESULT: undefined
COMMAND: POST /session/d41a4ef9228655ec76246a5e56c44812/execute/async - {"script":"<script> [776 bytes]","args":[{"enterText":"10 - infinite","selector":{"id":"application-manageresources-display-component---newResourceUnit--PLANNING_INDICATOR","interaction":{"idSuffix":"inner"}},"clearTextFirst":true,"interactionType":"ENTER_TEXT"}]}
RESULT: {"script":"<script> [776 bytes]","args":[{"enterText":"10 - infinite","selector":{"id":"application-manageresources-display-component---newResourceUnit--PLANNING_INDICATOR","interaction":{"idSuffix":"inner"}},"clearTextFirst":true,"interactionType":"ENTER_TEXT"}]}
COMMAND: POST /session/d41a4ef9228655ec76246a5e56c44812/element - {"using":"css selector","value":"#application-manageresources-display-component---newResourceUnit--btnAddTimeSegment"}
RESULT: {"using":"css selector","value":"#application-manageresources-display-component---newResourceUnit--btnAddTimeSegment"}
COMMAND: GET /session/d41a4ef9228655ec76246a5e56c44812/element/f.8359050118E493E9D810750CB1F2C9B3.d.1868E7DE06A0E87AAA47DAC533C5BA88.e.2865/rect - {}
RESULT: {}
COMMAND: GET /session/d41a4ef9228655ec76246a5e56c44812/window/rect - {}
RESULT: {}
COMMAND: POST /session/d41a4ef9228655ec76246a5e56c44812/execute/sync - {"script":"<script> [92 bytes]","args":[]}
RESULT: {"script":"<script> [92 bytes]","args":[]}
COMMAND: POST /session/d41a4ef9228655ec76246a5e56c44812/actions - {"actions":[{"id":"action6","type":"wheel","parameters":{},"actions":[{"type":"scroll","x":-1888,"y":-32,"deltaX":0,"deltaY":0,"duration":0,"origin":{"element-6066-11e4-a52e-4f735466cecf":"f.8359050118E493E9D810750CB1F2C9B3.d.1868E7DE06A0E87AAA47DAC533C5BA88.e.2865"}}]}]}
COMMAND: GET /session/d41a4ef9228655ec76246a5e56c44812/screenshot - {}
RESULT: {}
COMMAND: POST /session/d41a4ef9228655ec76246a5e56c44812/execute/sync - {"script":"<script> [79 bytes]","args":[{"element-6066-11e4-a52e-4f735466cecf":"f.8359050118E493E9D810750CB1F2C9B3.d.1868E7DE06A0E87AAA47DAC533C5BA88.e.2865","ELEMENT":"f.8359050118E493E9D810750CB1F2C9B3.d.1868E7DE06A0E87AAA47DAC533C5BA88.e.2865"},{"block":"start","inline":"nearest"}]}
RESULT: {"script":"<script> [79 bytes]","args":[{"element-6066-11e4-a52e-4f735466cecf":"f.8359050118E493E9D810750CB1F2C9B3.d.1868E7DE06A0E87AAA47DAC533C5BA88.e.2865","ELEMENT":"f.8359050118E493E9D810750CB1F2C9B3.d.1868E7DE06A0E87AAA47DAC533C5BA88.e.2865"},{"block":"start","inline":"nearest"}]}
COMMAND: POST /session/d41a4ef9228655ec76246a5e56c44812/execute/async - {"script":"<script> [1562 bytes]","args":[{"selector":{"id":"application-manageresources-display-component---newResourceUnit--btnAddTimeSegment","interaction":{"idSuffix":"inner"}},"wdio_ui5_key":"applicationmanageresources-display-component---newResourceUnit--btnAddTimeSegment"}]}
COMMAND: GET /session/d41a4ef9228655ec76246a5e56c44812/screenshot - {}
RESULT: {"script":"<script> [1562 bytes]","args":[{"selector":{"id":"application-manageresources-display-component---newResourceUnit--btnAddTimeSegment","interaction":{"idSuffix":"inner"}},"wdio_ui5_key":"applicationmanageresources-display-component---newResourceUnit--btnAddTimeSegment"}]}
RESULT: undefined
COMMAND: POST /session/d41a4ef9228655ec76246a5e56c44812/element - {"using":"xpath","value":"//*[@id=\"application-manageresources-display-component---newResourceUnit--btnAddTimeSegment\"]"}
RESULT: {}
RESULT: {"using":"xpath","value":"//*[@id=\"application-manageresources-display-component---newResourceUnit--btnAddTimeSegment\"]"}
COMMAND: POST /session/d41a4ef9228655ec76246a5e56c44812/element/f.8359050118E493E9D810750CB1F2C9B3.d.1868E7DE06A0E87AAA47DAC533C5BA88.e.2865/click - {}
RESULT: {}
COMMAND: GET /session/d41a4ef9228655ec76246a5e56c44812/screenshot - {}
RESULT: {}
COMMAND: POST /session/d41a4ef9228655ec76246a5e56c44812/element - {"using":"xpath","value":"//input[@id=\"application-manageresources-display-component---newResourceUnit--idRuTSAdmin-application-manageresources-display-component---newResourceUnit--RUTimeSegment-0-inner\"]"}
RESULT: {"using":"xpath","value":"//input[@id=\"application-manageresources-display-component---newResourceUnit--idRuTSAdmin-application-manageresources-display-component---newResourceUnit--RUTimeSegment-0-inner\"]"}
COMMAND: POST /session/d41a4ef9228655ec76246a5e56c44812/element/f.8359050118E493E9D810750CB1F2C9B3.d.1868E7DE06A0E87AAA47DAC533C5BA88.e.2870/clear - {}
RESULT: {}
COMMAND: POST /session/d41a4ef9228655ec76246a5e56c44812/element/f.8359050118E493E9D810750CB1F2C9B3.d.1868E7DE06A0E87AAA47DAC533C5BA88.e.2870/value - {"text":"471"}
COMMAND: GET /session/d41a4ef9228655ec76246a5e56c44812/screenshot - {}
RESULT: {"text":"471"}
COMMAND: GET /session/d41a4ef9228655ec76246a5e56c44812/screenshot - {}
RESULT: {}
RESULT: {}
COMMAND: POST /session/d41a4ef9228655ec76246a5e56c44812/element - {"using":"xpath","value":"//li[.//span[text()='471']]"}
RESULT: {"using":"xpath","value":"//li[.//span[text()='471']]"}
COMMAND: POST /session/d41a4ef9228655ec76246a5e56c44812/element/f.8359050118E493E9D810750CB1F2C9B3.d.1868E7DE06A0E87AAA47DAC533C5BA88.e.2879/click - {}
RESULT: {}
COMMAND: GET /session/d41a4ef9228655ec76246a5e56c44812/screenshot - {}
RESULT: {}
COMMAND: POST /session/d41a4ef9228655ec76246a5e56c44812/element - {"using":"xpath","value":"(//span[contains(@id, \"-application-manageresources-display-component---newResourceUnit--RUTimeSegment-0-arrow\")])[2]"}
RESULT: {"using":"xpath","value":"(//span[contains(@id, \"-application-manageresources-display-component---newResourceUnit--RUTimeSegment-0-arrow\")])[2]"}
COMMAND: POST /session/d41a4ef9228655ec76246a5e56c44812/element/f.8359050118E493E9D810750CB1F2C9B3.d.1868E7DE06A0E87AAA47DAC533C5BA88.e.2880/click - {}
RESULT: {}
COMMAND: POST /session/d41a4ef9228655ec76246a5e56c44812/element - {"using":"xpath","value":"//span[contains(text(), \"PM Order\")]"}
COMMAND: GET /session/d41a4ef9228655ec76246a5e56c44812/screenshot - {}
RESULT: {"using":"xpath","value":"//span[contains(text(), \"PM Order\")]"}
COMMAND: POST /session/d41a4ef9228655ec76246a5e56c44812/element/f.8359050118E493E9D810750CB1F2C9B3.d.1868E7DE06A0E87AAA47DAC533C5BA88.e.2881/click - {}
RESULT: {}
RESULT: {}
COMMAND: GET /session/d41a4ef9228655ec76246a5e56c44812/screenshot - {}
RESULT: {}
COMMAND: POST /session/d41a4ef9228655ec76246a5e56c44812/element - {"using":"xpath","value":"//td/div/div/div/span[contains(@id, \"newResourceUnit--RUTimeSegment-0-vhi\")][1]"}
RESULT: {"using":"xpath","value":"//td/div/div/div/span[contains(@id, \"newResourceUnit--RUTimeSegment-0-vhi\")][1]"}
COMMAND: GET /session/d41a4ef9228655ec76246a5e56c44812/element/f.8359050118E493E9D810750CB1F2C9B3.d.1868E7DE06A0E87AAA47DAC533C5BA88.e.2885/rect - {}
RESULT: {}
COMMAND: GET /session/d41a4ef9228655ec76246a5e56c44812/window/rect - {}
RESULT: {}
COMMAND: POST /session/d41a4ef9228655ec76246a5e56c44812/execute/sync - {"script":"<script> [92 bytes]","args":[]}
RESULT: {"script":"<script> [92 bytes]","args":[]}
COMMAND: POST /session/d41a4ef9228655ec76246a5e56c44812/actions - {"actions":[{"id":"action7","type":"wheel","parameters":{},"actions":[{"type":"scroll","x":-1888,"y":-24,"deltaX":0,"deltaY":0,"duration":0,"origin":{"element-6066-11e4-a52e-4f735466cecf":"f.8359050118E493E9D810750CB1F2C9B3.d.1868E7DE06A0E87AAA47DAC533C5BA88.e.2885"}}]}]}
COMMAND: GET /session/d41a4ef9228655ec76246a5e56c44812/screenshot - {}
RESULT: {}
COMMAND: POST /session/d41a4ef9228655ec76246a5e56c44812/execute/sync - {"script":"<script> [79 bytes]","args":[{"element-6066-11e4-a52e-4f735466cecf":"f.8359050118E493E9D810750CB1F2C9B3.d.1868E7DE06A0E87AAA47DAC533C5BA88.e.2885","ELEMENT":"f.8359050118E493E9D810750CB1F2C9B3.d.1868E7DE06A0E87AAA47DAC533C5BA88.e.2885"},{"block":"start","inline":"nearest"}]}
RESULT: {"script":"<script> [79 bytes]","args":[{"element-6066-11e4-a52e-4f735466cecf":"f.8359050118E493E9D810750CB1F2C9B3.d.1868E7DE06A0E87AAA47DAC533C5BA88.e.2885","ELEMENT":"f.8359050118E493E9D810750CB1F2C9B3.d.1868E7DE06A0E87AAA47DAC533C5BA88.e.2885"},{"block":"start","inline":"nearest"}]}
COMMAND: GET /session/d41a4ef9228655ec76246a5e56c44812/screenshot - {}
RESULT: {}
COMMAND: POST /session/d41a4ef9228655ec76246a5e56c44812/element/f.8359050118E493E9D810750CB1F2C9B3.d.1868E7DE06A0E87AAA47DAC533C5BA88.e.2885/click - {}
RESULT: {}
COMMAND: GET /session/d41a4ef9228655ec76246a5e56c44812/screenshot - {}
RESULT: {}
RESULT: undefined
COMMAND: POST /session/d41a4ef9228655ec76246a5e56c44812/execute/async - {"script":"<script> [776 bytes]","args":[{"enterText":"4000360","selector":{"controlType":"sap.m.SearchField","properties":{"placeholder":"Search"},"searchOpenDialogs":true,"interaction":{"idSuffix":"I"}},"clearTextFirst":true,"interactionType":"ENTER_TEXT"}]}
RESULT: {"script":"<script> [776 bytes]","args":[{"enterText":"4000360","selector":{"controlType":"sap.m.SearchField","properties":{"placeholder":"Search"},"searchOpenDialogs":true,"interaction":{"idSuffix":"I"}},"clearTextFirst":true,"interactionType":"ENTER_TEXT"}]}
COMMAND: POST /session/d41a4ef9228655ec76246a5e56c44812/actions - {"actions":[{"id":"action8","type":"key","parameters":{},"actions":[{"type":"keyDown","value":"î€‡"},{"type":"pause","duration":10},{"type":"keyUp","value":"î€‡"}]}]}
RESULT: {"actions":[{"id":"action8","type":"key","parameters":{},"actions":[{"type":"keyDown","value":"î€‡"},{"type":"pause","duration":10},{"type":"keyUp","value":"î€‡"}]}]}
COMMAND: GET /session/d41a4ef9228655ec76246a5e56c44812/screenshot - {}
RESULT: {}
COMMAND: POST /session/d41a4ef9228655ec76246a5e56c44812/element - {"using":"xpath","value":"//td/div/span[contains(text(), \"BGL Vehicles\")]"}
RESULT: {"using":"xpath","value":"//td/div/span[contains(text(), \"BGL Vehicles\")]"}
COMMAND: POST /session/d41a4ef9228655ec76246a5e56c44812/element/f.8359050118E493E9D810750CB1F2C9B3.d.1868E7DE06A0E87AAA47DAC533C5BA88.e.2904/click - {}
RESULT: {}
COMMAND: GET /session/d41a4ef9228655ec76246a5e56c44812/screenshot - {}
RESULT: {}
COMMAND: POST /session/d41a4ef9228655ec76246a5e56c44812/element - {"using":"xpath","value":"//bdi[contains(text(), \"OK\")]"}
RESULT: {"using":"xpath","value":"//bdi[contains(text(), \"OK\")]"}
COMMAND: POST /session/d41a4ef9228655ec76246a5e56c44812/element/f.8359050118E493E9D810750CB1F2C9B3.d.1868E7DE06A0E87AAA47DAC533C5BA88.e.2905/click - {}
RESULT: {}
COMMAND: GET /session/d41a4ef9228655ec76246a5e56c44812/screenshot - {}
RESULT: {}
COMMAND: POST /session/d41a4ef9228655ec76246a5e56c44812/element - {"using":"xpath","value":"//label[contains(@class, 'sapMLabelRequired') and .//bdi[contains(text(), 'Planned Retirement')]]"}
RESULT: {"using":"xpath","value":"//label[contains(@class, 'sapMLabelRequired') and .//bdi[contains(text(), 'Planned Retirement')]]"}
COMMAND: POST /session/d41a4ef9228655ec76246a5e56c44812/elements - {"using":"xpath","value":"//label[contains(@class, 'sapMLabelRequired') and .//bdi[contains(text(), 'Planned Retirement')]]"}
RESULT: {"using":"xpath","value":"//label[contains(@class, 'sapMLabelRequired') and .//bdi[contains(text(), 'Planned Retirement')]]"}
COMMAND: POST /session/d41a4ef9228655ec76246a5e56c44812/element - {"using":"xpath","value":"//button[@data-kt=\"resourceUnitSaveButton\"]"}
RESULT: {"using":"xpath","value":"//button[@data-kt=\"resourceUnitSaveButton\"]"}
COMMAND: POST /session/d41a4ef9228655ec76246a5e56c44812/element/f.8359050118E493E9D810750CB1F2C9B3.d.1868E7DE06A0E87AAA47DAC533C5BA88.e.2808/click - {}
RESULT: {}
COMMAND: GET /session/d41a4ef9228655ec76246a5e56c44812/screenshot - {}
RESULT: {}
COMMAND: POST /session/d41a4ef9228655ec76246a5e56c44812/element - {"using":"xpath","value":"//bdi[contains(text(), \"Close\")]"}
RESULT: {"using":"xpath","value":"//bdi[contains(text(), \"Close\")]"}
COMMAND: POST /session/d41a4ef9228655ec76246a5e56c44812/element/f.8359050118E493E9D810750CB1F2C9B3.d.1868E7DE06A0E87AAA47DAC533C5BA88.e.2912/click - {}
RESULT: {}
COMMAND: GET /session/d41a4ef9228655ec76246a5e56c44812/screenshot - {}
RESULT: {}
COMMAND: POST /session/d41a4ef9228655ec76246a5e56c44812/element - {"using":"xpath","value":"//header[contains(@id, 'detailRruPage-headerTitle')]/div[1]/div[2]/div[2]/span[1]"}
RESULT: {"using":"xpath","value":"//header[contains(@id, 'detailRruPage-headerTitle')]/div[1]/div[2]/div[2]/span[1]"}
COMMAND: POST /session/d41a4ef9228655ec76246a5e56c44812/elements - {"using":"xpath","value":"//header[contains(@id, 'detailRruPage-headerTitle')]/div[1]/div[2]/div[2]/span[1]"}
RESULT: {"using":"xpath","value":"//header[contains(@id, 'detailRruPage-headerTitle')]/div[1]/div[2]/div[2]/span[1]"}
COMMAND: POST /session/d41a4ef9228655ec76246a5e56c44812/execute/sync - {"script":"<script> [56 bytes]","args":[{"element-6066-11e4-a52e-4f735466cecf":"f.8359050118E493E9D810750CB1F2C9B3.d.1868E7DE06A0E87AAA47DAC533C5BA88.e.2944","ELEMENT":"f.8359050118E493E9D810750CB1F2C9B3.d.1868E7DE06A0E87AAA47DAC533C5BA88.e.2944"}]}
RESULT: {"script":"<script> [56 bytes]","args":[{"element-6066-11e4-a52e-4f735466cecf":"f.8359050118E493E9D810750CB1F2C9B3.d.1868E7DE06A0E87AAA47DAC533C5BA88.e.2944","ELEMENT":"f.8359050118E493E9D810750CB1F2C9B3.d.1868E7DE06A0E87AAA47DAC533C5BA88.e.2944"}]}
COMMAND: POST /session/d41a4ef9228655ec76246a5e56c44812/element - {"using":"css selector","value":"#shell-header-logo"}
COMMAND: GET /session/d41a4ef9228655ec76246a5e56c44812/screenshot - {}
RESULT: {"using":"css selector","value":"#shell-header-logo"}
COMMAND: POST /session/d41a4ef9228655ec76246a5e56c44812/element/f.8359050118E493E9D810750CB1F2C9B3.d.1868E7DE06A0E87AAA47DAC533C5BA88.e.2405/click - {}
RESULT: {}
RESULT: {}
COMMAND: GET /session/d41a4ef9228655ec76246a5e56c44812/screenshot - {}
RESULT: {}
]]></system-out>
    </testcase>
    <testcase classname="chrome.136_0_7103_93.windows.Stock_increase_-_with_WHM_US125587" name="Bin Status Report Should Create New Organization yard" time="87.206">
      <system-out><![CDATA[
COMMAND: POST /session/d41a4ef9228655ec76246a5e56c44812/execute/async - {"script":"<script> [1562 bytes]","args":[{"selector":{"controlType":"sap.m.GenericTile","properties":{"header":"Bin Status Report"}},"wdio_ui5_key":"sapm.GenericTile{\"header\":\"Bin Status Report\"}"}]}
RESULT: {"script":"<script> [1562 bytes]","args":[{"selector":{"controlType":"sap.m.GenericTile","properties":{"header":"Bin Status Report"}},"wdio_ui5_key":"sapm.GenericTile{\"header\":\"Bin Status Report\"}"}]}
RESULT: undefined
COMMAND: POST /session/d41a4ef9228655ec76246a5e56c44812/element - {"using":"xpath","value":"//*[@id=\"__tile104\"]"}
RESULT: {"using":"xpath","value":"//*[@id=\"__tile104\"]"}
COMMAND: POST /session/d41a4ef9228655ec76246a5e56c44812/element/f.8359050118E493E9D810750CB1F2C9B3.d.1868E7DE06A0E87AAA47DAC533C5BA88.e.2948/click - {}
RESULT: {}
COMMAND: GET /session/d41a4ef9228655ec76246a5e56c44812/screenshot - {}
RESULT: {}
COMMAND: POST /session/d41a4ef9228655ec76246a5e56c44812/elements - {"using":"xpath","value":"//span[text()='Error']"}
RESULT: {"using":"xpath","value":"//span[text()='Error']"}
COMMAND: POST /session/d41a4ef9228655ec76246a5e56c44812/element - {"using":"xpath","value":"//button[@id=\"application-binstatusreport-display-component---warehousing--createOrgBtn\"]"}
RESULT: {"using":"xpath","value":"//button[@id=\"application-binstatusreport-display-component---warehousing--createOrgBtn\"]"}
COMMAND: POST /session/d41a4ef9228655ec76246a5e56c44812/elements - {"using":"xpath","value":"//button[@id=\"application-binstatusreport-display-component---warehousing--createOrgBtn\"]"}
RESULT: {"using":"xpath","value":"//button[@id=\"application-binstatusreport-display-component---warehousing--createOrgBtn\"]"}
COMMAND: POST /session/d41a4ef9228655ec76246a5e56c44812/execute/sync - {"script":"<script> [8489 bytes]","args":[{"element-6066-11e4-a52e-4f735466cecf":"f.8359050118E493E9D810750CB1F2C9B3.d.1868E7DE06A0E87AAA47DAC533C5BA88.e.2986","ELEMENT":"f.8359050118E493E9D810750CB1F2C9B3.d.1868E7DE06A0E87AAA47DAC533C5BA88.e.2986"}]}
RESULT: {"script":"<script> [8489 bytes]","args":[{"element-6066-11e4-a52e-4f735466cecf":"f.8359050118E493E9D810750CB1F2C9B3.d.1868E7DE06A0E87AAA47DAC533C5BA88.e.2986","ELEMENT":"f.8359050118E493E9D810750CB1F2C9B3.d.1868E7DE06A0E87AAA47DAC533C5BA88.e.2986"}]}
COMMAND: GET /session/d41a4ef9228655ec76246a5e56c44812/element/f.8359050118E493E9D810750CB1F2C9B3.d.1868E7DE06A0E87AAA47DAC533C5BA88.e.2986/enabled - {}
COMMAND: GET /session/d41a4ef9228655ec76246a5e56c44812/screenshot - {}
RESULT: {}
COMMAND: POST /session/d41a4ef9228655ec76246a5e56c44812/execute/sync - {"script":"<script> [8489 bytes]","args":[{"element-6066-11e4-a52e-4f735466cecf":"f.8359050118E493E9D810750CB1F2C9B3.d.1868E7DE06A0E87AAA47DAC533C5BA88.e.2986","ELEMENT":"f.8359050118E493E9D810750CB1F2C9B3.d.1868E7DE06A0E87AAA47DAC533C5BA88.e.2986"}]}
COMMAND: GET /session/d41a4ef9228655ec76246a5e56c44812/screenshot - {}
RESULT: {}
RESULT: {"script":"<script> [8489 bytes]","args":[{"element-6066-11e4-a52e-4f735466cecf":"f.8359050118E493E9D810750CB1F2C9B3.d.1868E7DE06A0E87AAA47DAC533C5BA88.e.2986","ELEMENT":"f.8359050118E493E9D810750CB1F2C9B3.d.1868E7DE06A0E87AAA47DAC533C5BA88.e.2986"}]}
COMMAND: POST /session/d41a4ef9228655ec76246a5e56c44812/execute/sync - {"script":"<script> [5351 bytes]","args":[{"element-6066-11e4-a52e-4f735466cecf":"f.8359050118E493E9D810750CB1F2C9B3.d.1868E7DE06A0E87AAA47DAC533C5BA88.e.2986","ELEMENT":"f.8359050118E493E9D810750CB1F2C9B3.d.1868E7DE06A0E87AAA47DAC533C5BA88.e.2986"}]}
COMMAND: GET /session/d41a4ef9228655ec76246a5e56c44812/screenshot - {}
RESULT: {}
RESULT: {"script":"<script> [5351 bytes]","args":[{"element-6066-11e4-a52e-4f735466cecf":"f.8359050118E493E9D810750CB1F2C9B3.d.1868E7DE06A0E87AAA47DAC533C5BA88.e.2986","ELEMENT":"f.8359050118E493E9D810750CB1F2C9B3.d.1868E7DE06A0E87AAA47DAC533C5BA88.e.2986"}]}
COMMAND: GET /session/d41a4ef9228655ec76246a5e56c44812/screenshot - {}
RESULT: {}
RESULT: {}
COMMAND: POST /session/d41a4ef9228655ec76246a5e56c44812/element/f.8359050118E493E9D810750CB1F2C9B3.d.1868E7DE06A0E87AAA47DAC533C5BA88.e.2986/click - {}
RESULT: {}
COMMAND: GET /session/d41a4ef9228655ec76246a5e56c44812/screenshot - {}
RESULT: {}
COMMAND: POST /session/d41a4ef9228655ec76246a5e56c44812/execute/async - {"script":"<script> [1562 bytes]","args":[{"selector":{"id":"createOrganizationPop--sectionInput","searchOpenDialogs":true,"interaction":{"idSuffix":"inner"}},"wdio_ui5_key":"createOrganizationPopsectionInput"}]}
RESULT: {"script":"<script> [1562 bytes]","args":[{"selector":{"id":"createOrganizationPop--sectionInput","searchOpenDialogs":true,"interaction":{"idSuffix":"inner"}},"wdio_ui5_key":"createOrganizationPopsectionInput"}]}
RESULT: undefined
COMMAND: POST /session/d41a4ef9228655ec76246a5e56c44812/execute/async - {"script":"<script> [776 bytes]","args":[{"enterText":"WDIO-471","selector":{"id":"createOrganizationPop--sectionInput","searchOpenDialogs":true,"interaction":{"idSuffix":"inner"}},"clearTextFirst":true,"interactionType":"ENTER_TEXT"}]}
RESULT: {"script":"<script> [776 bytes]","args":[{"enterText":"WDIO-471","selector":{"id":"createOrganizationPop--sectionInput","searchOpenDialogs":true,"interaction":{"idSuffix":"inner"}},"clearTextFirst":true,"interactionType":"ENTER_TEXT"}]}
COMMAND: POST /session/d41a4ef9228655ec76246a5e56c44812/execute/async - {"script":"<script> [1562 bytes]","args":[{"selector":{"id":"createOrganizationPop--descriptionInput","searchOpenDialogs":true,"interaction":{"idSuffix":"inner"}},"wdio_ui5_key":"createOrganizationPopdescriptionInput"}]}
RESULT: {"script":"<script> [1562 bytes]","args":[{"selector":{"id":"createOrganizationPop--descriptionInput","searchOpenDialogs":true,"interaction":{"idSuffix":"inner"}},"wdio_ui5_key":"createOrganizationPopdescriptionInput"}]}
RESULT: undefined
COMMAND: POST /session/d41a4ef9228655ec76246a5e56c44812/execute/async - {"script":"<script> [776 bytes]","args":[{"enterText":"Shipping-471","selector":{"id":"createOrganizationPop--descriptionInput","searchOpenDialogs":true,"interaction":{"idSuffix":"inner"}},"clearTextFirst":true,"interactionType":"ENTER_TEXT"}]}
RESULT: {"script":"<script> [776 bytes]","args":[{"enterText":"Shipping-471","selector":{"id":"createOrganizationPop--descriptionInput","searchOpenDialogs":true,"interaction":{"idSuffix":"inner"}},"clearTextFirst":true,"interactionType":"ENTER_TEXT"}]}
COMMAND: POST /session/d41a4ef9228655ec76246a5e56c44812/element - {"using":"css selector","value":"#createOrganizationPop--yardOrg-inner"}
RESULT: {"using":"css selector","value":"#createOrganizationPop--yardOrg-inner"}
COMMAND: POST /session/d41a4ef9228655ec76246a5e56c44812/element/f.8359050118E493E9D810750CB1F2C9B3.d.1868E7DE06A0E87AAA47DAC533C5BA88.e.3041/clear - {}
RESULT: {}
COMMAND: POST /session/d41a4ef9228655ec76246a5e56c44812/element/f.8359050118E493E9D810750CB1F2C9B3.d.1868E7DE06A0E87AAA47DAC533C5BA88.e.3041/value - {"text":"471"}
COMMAND: GET /session/d41a4ef9228655ec76246a5e56c44812/screenshot - {}
RESULT: {"text":"471"}
COMMAND: GET /session/d41a4ef9228655ec76246a5e56c44812/screenshot - {}
RESULT: {}
RESULT: {}
COMMAND: POST /session/d41a4ef9228655ec76246a5e56c44812/actions - {"actions":[{"id":"action9","type":"key","parameters":{},"actions":[{"type":"keyDown","value":"î€‡"},{"type":"pause","duration":10},{"type":"keyUp","value":"î€‡"}]}]}
RESULT: {"actions":[{"id":"action9","type":"key","parameters":{},"actions":[{"type":"keyDown","value":"î€‡"},{"type":"pause","duration":10},{"type":"keyUp","value":"î€‡"}]}]}
COMMAND: POST /session/d41a4ef9228655ec76246a5e56c44812/execute/async - {"script":"<script> [1562 bytes]","args":[{"selector":{"id":"createOrganizationPop--grZone","searchOpenDialogs":true,"interaction":{"idSuffix":"CbBg"}},"wdio_ui5_key":"createOrganizationPopgrZone"}]}
COMMAND: GET /session/d41a4ef9228655ec76246a5e56c44812/screenshot - {}
RESULT: {"script":"<script> [1562 bytes]","args":[{"selector":{"id":"createOrganizationPop--grZone","searchOpenDialogs":true,"interaction":{"idSuffix":"CbBg"}},"wdio_ui5_key":"createOrganizationPopgrZone"}]}
RESULT: undefined
COMMAND: POST /session/d41a4ef9228655ec76246a5e56c44812/element - {"using":"xpath","value":"//*[@id=\"createOrganizationPop--grZone\"]"}
RESULT: {}
RESULT: {"using":"xpath","value":"//*[@id=\"createOrganizationPop--grZone\"]"}
COMMAND: POST /session/d41a4ef9228655ec76246a5e56c44812/element/f.8359050118E493E9D810750CB1F2C9B3.d.1868E7DE06A0E87AAA47DAC533C5BA88.e.3062/click - {}
RESULT: {}
COMMAND: GET /session/d41a4ef9228655ec76246a5e56c44812/screenshot - {}
RESULT: {}
COMMAND: POST /session/d41a4ef9228655ec76246a5e56c44812/execute/async - {"script":"<script> [1562 bytes]","args":[{"selector":{"id":"createOrganizationPop--giZone","searchOpenDialogs":true,"interaction":{"idSuffix":"CbBg"}},"wdio_ui5_key":"createOrganizationPopgiZone"}]}
RESULT: {"script":"<script> [1562 bytes]","args":[{"selector":{"id":"createOrganizationPop--giZone","searchOpenDialogs":true,"interaction":{"idSuffix":"CbBg"}},"wdio_ui5_key":"createOrganizationPopgiZone"}]}
RESULT: undefined
COMMAND: POST /session/d41a4ef9228655ec76246a5e56c44812/element - {"using":"xpath","value":"//*[@id=\"createOrganizationPop--giZone\"]"}
RESULT: {"using":"xpath","value":"//*[@id=\"createOrganizationPop--giZone\"]"}
COMMAND: POST /session/d41a4ef9228655ec76246a5e56c44812/element/f.8359050118E493E9D810750CB1F2C9B3.d.1868E7DE06A0E87AAA47DAC533C5BA88.e.3064/click - {}
RESULT: {}
COMMAND: GET /session/d41a4ef9228655ec76246a5e56c44812/screenshot - {}
RESULT: {}
COMMAND: POST /session/d41a4ef9228655ec76246a5e56c44812/execute/async - {"script":"<script> [1562 bytes]","args":[{"selector":{"id":"createOrganizationPop--binNoInput","searchOpenDialogs":true,"interaction":{"idSuffix":"inner"}},"wdio_ui5_key":"createOrganizationPopbinNoInput"}]}
RESULT: {"script":"<script> [1562 bytes]","args":[{"selector":{"id":"createOrganizationPop--binNoInput","searchOpenDialogs":true,"interaction":{"idSuffix":"inner"}},"wdio_ui5_key":"createOrganizationPopbinNoInput"}]}
RESULT: undefined
COMMAND: POST /session/d41a4ef9228655ec76246a5e56c44812/execute/async - {"script":"<script> [776 bytes]","args":[{"enterText":"Bin-Wd","selector":{"id":"createOrganizationPop--binNoInput","searchOpenDialogs":true,"interaction":{"idSuffix":"inner"}},"clearTextFirst":true,"interactionType":"ENTER_TEXT"}]}
RESULT: {"script":"<script> [776 bytes]","args":[{"enterText":"Bin-Wd","selector":{"id":"createOrganizationPop--binNoInput","searchOpenDialogs":true,"interaction":{"idSuffix":"inner"}},"clearTextFirst":true,"interactionType":"ENTER_TEXT"}]}
COMMAND: POST /session/d41a4ef9228655ec76246a5e56c44812/execute/async - {"script":"<script> [1562 bytes]","args":[{"selector":{"id":"createOrganizationPop--descriptionId","searchOpenDialogs":true,"interaction":{"idSuffix":"inner"}},"wdio_ui5_key":"createOrganizationPopdescriptionId"}]}
RESULT: {"script":"<script> [1562 bytes]","args":[{"selector":{"id":"createOrganizationPop--descriptionId","searchOpenDialogs":true,"interaction":{"idSuffix":"inner"}},"wdio_ui5_key":"createOrganizationPopdescriptionId"}]}
RESULT: undefined
COMMAND: POST /session/d41a4ef9228655ec76246a5e56c44812/execute/async - {"script":"<script> [776 bytes]","args":[{"enterText":"Shipping-Wd","selector":{"id":"createOrganizationPop--descriptionId","searchOpenDialogs":true,"interaction":{"idSuffix":"inner"}},"clearTextFirst":true,"interactionType":"ENTER_TEXT"}]}
RESULT: {"script":"<script> [776 bytes]","args":[{"enterText":"Shipping-Wd","selector":{"id":"createOrganizationPop--descriptionId","searchOpenDialogs":true,"interaction":{"idSuffix":"inner"}},"clearTextFirst":true,"interactionType":"ENTER_TEXT"}]}
COMMAND: POST /session/d41a4ef9228655ec76246a5e56c44812/execute/async - {"script":"<script> [1562 bytes]","args":[{"selector":{"controlType":"sap.m.CheckBox","viewName":"etm.portal.ui.binstatusreport.view.MasterWareBins","viewId":"application-binstatusreport-display-component---warehousing","bindingPath":{"path":"","propertyPath":"/ZONE","modelName":"newBin"},"searchOpenDialogs":true,"interaction":{"idSuffix":"CbBg"}},"wdio_ui5_key":"etmportal.ui.binstatusreport.view.MasterWareBinssap.m.CheckBox{\"path\":\"\",\"propertyPath\":\"/ZONE\",\"modelName\":\"newBin\"}"}]}
RESULT: {"script":"<script> [1562 bytes]","args":[{"selector":{"controlType":"sap.m.CheckBox","viewName":"etm.portal.ui.binstatusreport.view.MasterWareBins","viewId":"application-binstatusreport-display-component---warehousing","bindingPath":{"path":"","propertyPath":"/ZONE","modelName":"newBin"},"searchOpenDialogs":true,"interaction":{"idSuffix":"CbBg"}},"wdio_ui5_key":"etmportal.ui.binstatusreport.view.MasterWareBinssap.m.CheckBox{\"path\":\"\",\"propertyPath\":\"/ZONE\",\"modelName\":\"newBin\"}"}]}
RESULT: undefined
COMMAND: POST /session/d41a4ef9228655ec76246a5e56c44812/element - {"using":"xpath","value":"//*[@id=\"__box56\"]"}
RESULT: {"using":"xpath","value":"//*[@id=\"__box56\"]"}
COMMAND: POST /session/d41a4ef9228655ec76246a5e56c44812/element/f.8359050118E493E9D810750CB1F2C9B3.d.1868E7DE06A0E87AAA47DAC533C5BA88.e.3068/click - {}
RESULT: {}
COMMAND: GET /session/d41a4ef9228655ec76246a5e56c44812/screenshot - {}
RESULT: {}
COMMAND: POST /session/d41a4ef9228655ec76246a5e56c44812/execute/async - {"script":"<script> [1562 bytes]","args":[{"selector":{"id":"createOrganizationPop--binTypesCB","searchOpenDialogs":true,"interaction":{"idSuffix":"inner"}},"wdio_ui5_key":"createOrganizationPopbinTypesCB"}]}
RESULT: {"script":"<script> [1562 bytes]","args":[{"selector":{"id":"createOrganizationPop--binTypesCB","searchOpenDialogs":true,"interaction":{"idSuffix":"inner"}},"wdio_ui5_key":"createOrganizationPopbinTypesCB"}]}
RESULT: undefined
COMMAND: POST /session/d41a4ef9228655ec76246a5e56c44812/execute/async - {"script":"<script> [776 bytes]","args":[{"enterText":"1 - General / No capacity check","selector":{"id":"createOrganizationPop--binTypesCB","searchOpenDialogs":true,"interaction":{"idSuffix":"inner"}},"clearTextFirst":true,"interactionType":"ENTER_TEXT"}]}
RESULT: {"script":"<script> [776 bytes]","args":[{"enterText":"1 - General / No capacity check","selector":{"id":"createOrganizationPop--binTypesCB","searchOpenDialogs":true,"interaction":{"idSuffix":"inner"}},"clearTextFirst":true,"interactionType":"ENTER_TEXT"}]}
COMMAND: POST /session/d41a4ef9228655ec76246a5e56c44812/actions - {"actions":[{"id":"action10","type":"key","parameters":{},"actions":[{"type":"keyDown","value":"î€‡"},{"type":"pause","duration":10},{"type":"keyUp","value":"î€‡"}]}]}
RESULT: {"actions":[{"id":"action10","type":"key","parameters":{},"actions":[{"type":"keyDown","value":"î€‡"},{"type":"pause","duration":10},{"type":"keyUp","value":"î€‡"}]}]}
COMMAND: GET /session/d41a4ef9228655ec76246a5e56c44812/screenshot - {}
RESULT: {}
COMMAND: POST /session/d41a4ef9228655ec76246a5e56c44812/execute/async - {"script":"<script> [1562 bytes]","args":[{"selector":{"id":"createOrganizationPop--finishBtn","searchOpenDialogs":true,"interaction":{"idSuffix":"BDI-content"}},"wdio_ui5_key":"createOrganizationPopfinishBtn"}]}
RESULT: {"script":"<script> [1562 bytes]","args":[{"selector":{"id":"createOrganizationPop--finishBtn","searchOpenDialogs":true,"interaction":{"idSuffix":"BDI-content"}},"wdio_ui5_key":"createOrganizationPopfinishBtn"}]}
RESULT: undefined
COMMAND: POST /session/d41a4ef9228655ec76246a5e56c44812/element - {"using":"xpath","value":"//*[@id=\"createOrganizationPop--finishBtn\"]"}
RESULT: {"using":"xpath","value":"//*[@id=\"createOrganizationPop--finishBtn\"]"}
COMMAND: POST /session/d41a4ef9228655ec76246a5e56c44812/element/f.8359050118E493E9D810750CB1F2C9B3.d.1868E7DE06A0E87AAA47DAC533C5BA88.e.3076/click - {}
RESULT: {}
COMMAND: GET /session/d41a4ef9228655ec76246a5e56c44812/screenshot - {}
RESULT: {}
COMMAND: POST /session/d41a4ef9228655ec76246a5e56c44812/element - {"using":"css selector","value":"#shell-header-logo"}
RESULT: {"using":"css selector","value":"#shell-header-logo"}
COMMAND: POST /session/d41a4ef9228655ec76246a5e56c44812/element/f.8359050118E493E9D810750CB1F2C9B3.d.1868E7DE06A0E87AAA47DAC533C5BA88.e.2954/click - {}
RESULT: {}
COMMAND: GET /session/d41a4ef9228655ec76246a5e56c44812/screenshot - {}
RESULT: {}
]]></system-out>
    </testcase>
    <testcase classname="chrome.136_0_7103_93.windows.Stock_increase_-_with_WHM_US125587" name="Bin Status Report Should Create New Organization for Site" time="75.681">
      <system-out><![CDATA[
RESULT: undefined
COMMAND: POST /session/d41a4ef9228655ec76246a5e56c44812/element - {"using":"xpath","value":"//*[@id=\"__tile104\"]"}
RESULT: {"using":"xpath","value":"//*[@id=\"__tile104\"]"}
COMMAND: POST /session/d41a4ef9228655ec76246a5e56c44812/element/f.8359050118E493E9D810750CB1F2C9B3.d.1868E7DE06A0E87AAA47DAC533C5BA88.e.2948/click - {}
RESULT: {}
COMMAND: GET /session/d41a4ef9228655ec76246a5e56c44812/screenshot - {}
RESULT: {}
COMMAND: POST /session/d41a4ef9228655ec76246a5e56c44812/elements - {"using":"xpath","value":"//span[text()='Error']"}
RESULT: {"using":"xpath","value":"//span[text()='Error']"}
COMMAND: POST /session/d41a4ef9228655ec76246a5e56c44812/element - {"using":"xpath","value":"//button[@id=\"application-binstatusreport-display-component---warehousing--createOrgBtn\"]"}
RESULT: {"using":"xpath","value":"//button[@id=\"application-binstatusreport-display-component---warehousing--createOrgBtn\"]"}
COMMAND: POST /session/d41a4ef9228655ec76246a5e56c44812/elements - {"using":"xpath","value":"//button[@id=\"application-binstatusreport-display-component---warehousing--createOrgBtn\"]"}
RESULT: {"using":"xpath","value":"//button[@id=\"application-binstatusreport-display-component---warehousing--createOrgBtn\"]"}
COMMAND: POST /session/d41a4ef9228655ec76246a5e56c44812/execute/sync - {"script":"<script> [8489 bytes]","args":[{"element-6066-11e4-a52e-4f735466cecf":"f.8359050118E493E9D810750CB1F2C9B3.d.1868E7DE06A0E87AAA47DAC533C5BA88.e.3116","ELEMENT":"f.8359050118E493E9D810750CB1F2C9B3.d.1868E7DE06A0E87AAA47DAC533C5BA88.e.3116"}]}
RESULT: {"script":"<script> [8489 bytes]","args":[{"element-6066-11e4-a52e-4f735466cecf":"f.8359050118E493E9D810750CB1F2C9B3.d.1868E7DE06A0E87AAA47DAC533C5BA88.e.3116","ELEMENT":"f.8359050118E493E9D810750CB1F2C9B3.d.1868E7DE06A0E87AAA47DAC533C5BA88.e.3116"}]}
COMMAND: GET /session/d41a4ef9228655ec76246a5e56c44812/element/f.8359050118E493E9D810750CB1F2C9B3.d.1868E7DE06A0E87AAA47DAC533C5BA88.e.3116/enabled - {}
COMMAND: GET /session/d41a4ef9228655ec76246a5e56c44812/screenshot - {}
RESULT: {}
COMMAND: POST /session/d41a4ef9228655ec76246a5e56c44812/execute/sync - {"script":"<script> [8489 bytes]","args":[{"element-6066-11e4-a52e-4f735466cecf":"f.8359050118E493E9D810750CB1F2C9B3.d.1868E7DE06A0E87AAA47DAC533C5BA88.e.3116","ELEMENT":"f.8359050118E493E9D810750CB1F2C9B3.d.1868E7DE06A0E87AAA47DAC533C5BA88.e.3116"}]}
COMMAND: GET /session/d41a4ef9228655ec76246a5e56c44812/screenshot - {}
RESULT: {}
RESULT: {"script":"<script> [8489 bytes]","args":[{"element-6066-11e4-a52e-4f735466cecf":"f.8359050118E493E9D810750CB1F2C9B3.d.1868E7DE06A0E87AAA47DAC533C5BA88.e.3116","ELEMENT":"f.8359050118E493E9D810750CB1F2C9B3.d.1868E7DE06A0E87AAA47DAC533C5BA88.e.3116"}]}
COMMAND: POST /session/d41a4ef9228655ec76246a5e56c44812/execute/sync - {"script":"<script> [5351 bytes]","args":[{"element-6066-11e4-a52e-4f735466cecf":"f.8359050118E493E9D810750CB1F2C9B3.d.1868E7DE06A0E87AAA47DAC533C5BA88.e.3116","ELEMENT":"f.8359050118E493E9D810750CB1F2C9B3.d.1868E7DE06A0E87AAA47DAC533C5BA88.e.3116"}]}
COMMAND: GET /session/d41a4ef9228655ec76246a5e56c44812/screenshot - {}
RESULT: {}
RESULT: {"script":"<script> [5351 bytes]","args":[{"element-6066-11e4-a52e-4f735466cecf":"f.8359050118E493E9D810750CB1F2C9B3.d.1868E7DE06A0E87AAA47DAC533C5BA88.e.3116","ELEMENT":"f.8359050118E493E9D810750CB1F2C9B3.d.1868E7DE06A0E87AAA47DAC533C5BA88.e.3116"}]}
COMMAND: GET /session/d41a4ef9228655ec76246a5e56c44812/screenshot - {}
RESULT: {}
RESULT: {}
COMMAND: POST /session/d41a4ef9228655ec76246a5e56c44812/element/f.8359050118E493E9D810750CB1F2C9B3.d.1868E7DE06A0E87AAA47DAC533C5BA88.e.3116/click - {}
RESULT: {}
COMMAND: GET /session/d41a4ef9228655ec76246a5e56c44812/screenshot - {}
RESULT: {}
RESULT: undefined
COMMAND: POST /session/d41a4ef9228655ec76246a5e56c44812/execute/async - {"script":"<script> [776 bytes]","args":[{"enterText":"2220","selector":{"id":"createOrganizationPop--sectionInput","searchOpenDialogs":true,"interaction":{"idSuffix":"inner"}},"clearTextFirst":true,"interactionType":"ENTER_TEXT"}]}
RESULT: {"script":"<script> [776 bytes]","args":[{"enterText":"2220","selector":{"id":"createOrganizationPop--sectionInput","searchOpenDialogs":true,"interaction":{"idSuffix":"inner"}},"clearTextFirst":true,"interactionType":"ENTER_TEXT"}]}
RESULT: undefined
COMMAND: POST /session/d41a4ef9228655ec76246a5e56c44812/execute/async - {"script":"<script> [776 bytes]","args":[{"enterText":"WDIO-2220","selector":{"id":"createOrganizationPop--descriptionInput","searchOpenDialogs":true,"interaction":{"idSuffix":"inner"}},"clearTextFirst":true,"interactionType":"ENTER_TEXT"}]}
RESULT: {"script":"<script> [776 bytes]","args":[{"enterText":"WDIO-2220","selector":{"id":"createOrganizationPop--descriptionInput","searchOpenDialogs":true,"interaction":{"idSuffix":"inner"}},"clearTextFirst":true,"interactionType":"ENTER_TEXT"}]}
COMMAND: POST /session/d41a4ef9228655ec76246a5e56c44812/element - {"using":"css selector","value":"#createOrganizationPop--siteOrg-inner"}
RESULT: {"using":"css selector","value":"#createOrganizationPop--siteOrg-inner"}
COMMAND: POST /session/d41a4ef9228655ec76246a5e56c44812/element/f.8359050118E493E9D810750CB1F2C9B3.d.1868E7DE06A0E87AAA47DAC533C5BA88.e.3161/clear - {}
RESULT: {}
COMMAND: POST /session/d41a4ef9228655ec76246a5e56c44812/element/f.8359050118E493E9D810750CB1F2C9B3.d.1868E7DE06A0E87AAA47DAC533C5BA88.e.3161/value - {"text":"2220"}
COMMAND: GET /session/d41a4ef9228655ec76246a5e56c44812/screenshot - {}
RESULT: {"text":"2220"}
COMMAND: GET /session/d41a4ef9228655ec76246a5e56c44812/screenshot - {}
RESULT: {}
RESULT: {}
COMMAND: POST /session/d41a4ef9228655ec76246a5e56c44812/actions - {"actions":[{"id":"action11","type":"key","parameters":{},"actions":[{"type":"keyDown","value":"î€‡"},{"type":"pause","duration":10},{"type":"keyUp","value":"î€‡"}]}]}
RESULT: {"actions":[{"id":"action11","type":"key","parameters":{},"actions":[{"type":"keyDown","value":"î€‡"},{"type":"pause","duration":10},{"type":"keyUp","value":"î€‡"}]}]}
RESULT: undefined
COMMAND: POST /session/d41a4ef9228655ec76246a5e56c44812/element - {"using":"xpath","value":"//*[@id=\"createOrganizationPop--giZone\"]"}
COMMAND: GET /session/d41a4ef9228655ec76246a5e56c44812/screenshot - {}
RESULT: {"using":"xpath","value":"//*[@id=\"createOrganizationPop--giZone\"]"}
COMMAND: POST /session/d41a4ef9228655ec76246a5e56c44812/element/f.8359050118E493E9D810750CB1F2C9B3.d.1868E7DE06A0E87AAA47DAC533C5BA88.e.3179/click - {}
RESULT: {}
RESULT: {}
COMMAND: GET /session/d41a4ef9228655ec76246a5e56c44812/screenshot - {}
RESULT: {}
RESULT: undefined
COMMAND: POST /session/d41a4ef9228655ec76246a5e56c44812/execute/async - {"script":"<script> [776 bytes]","args":[{"enterText":"WD-BIN","selector":{"id":"createOrganizationPop--binNoInput","searchOpenDialogs":true,"interaction":{"idSuffix":"inner"}},"clearTextFirst":true,"interactionType":"ENTER_TEXT"}]}
RESULT: {"script":"<script> [776 bytes]","args":[{"enterText":"WD-BIN","selector":{"id":"createOrganizationPop--binNoInput","searchOpenDialogs":true,"interaction":{"idSuffix":"inner"}},"clearTextFirst":true,"interactionType":"ENTER_TEXT"}]}
RESULT: undefined
COMMAND: POST /session/d41a4ef9228655ec76246a5e56c44812/execute/async - {"script":"<script> [776 bytes]","args":[{"enterText":"WD-BIN","selector":{"id":"createOrganizationPop--descriptionId","searchOpenDialogs":true,"interaction":{"idSuffix":"inner"}},"clearTextFirst":true,"interactionType":"ENTER_TEXT"}]}
RESULT: {"script":"<script> [776 bytes]","args":[{"enterText":"WD-BIN","selector":{"id":"createOrganizationPop--descriptionId","searchOpenDialogs":true,"interaction":{"idSuffix":"inner"}},"clearTextFirst":true,"interactionType":"ENTER_TEXT"}]}
COMMAND: POST /session/d41a4ef9228655ec76246a5e56c44812/execute/async - {"script":"<script> [1562 bytes]","args":[{"selector":{"controlType":"sap.m.CheckBox","viewName":"etm.portal.ui.binstatusreport.view.MasterWareBins","viewId":"application-binstatusreport-display-component---warehousing","bindingPath":{"propertyPath":"/ZONE","modelName":"newBin"},"searchOpenDialogs":true,"interaction":{"idSuffix":"CbBg"}},"wdio_ui5_key":"etmportal.ui.binstatusreport.view.MasterWareBinssap.m.CheckBox{\"propertyPath\":\"/ZONE\",\"modelName\":\"newBin\"}"}]}
RESULT: {"script":"<script> [1562 bytes]","args":[{"selector":{"controlType":"sap.m.CheckBox","viewName":"etm.portal.ui.binstatusreport.view.MasterWareBins","viewId":"application-binstatusreport-display-component---warehousing","bindingPath":{"propertyPath":"/ZONE","modelName":"newBin"},"searchOpenDialogs":true,"interaction":{"idSuffix":"CbBg"}},"wdio_ui5_key":"etmportal.ui.binstatusreport.view.MasterWareBinssap.m.CheckBox{\"propertyPath\":\"/ZONE\",\"modelName\":\"newBin\"}"}]}
RESULT: undefined
COMMAND: POST /session/d41a4ef9228655ec76246a5e56c44812/element - {"using":"xpath","value":"//*[@id=\"__box68\"]"}
RESULT: {"using":"xpath","value":"//*[@id=\"__box68\"]"}
COMMAND: POST /session/d41a4ef9228655ec76246a5e56c44812/element/f.8359050118E493E9D810750CB1F2C9B3.d.1868E7DE06A0E87AAA47DAC533C5BA88.e.3181/click - {}
RESULT: {}
COMMAND: GET /session/d41a4ef9228655ec76246a5e56c44812/screenshot - {}
RESULT: {}
RESULT: undefined
COMMAND: POST /session/d41a4ef9228655ec76246a5e56c44812/execute/async - {"script":"<script> [776 bytes]","args":[{"enterText":"1 - General / No capacity check","selector":{"id":"createOrganizationPop--binTypesCB","searchOpenDialogs":true,"interaction":{"idSuffix":"inner"}},"clearTextFirst":true,"interactionType":"ENTER_TEXT"}]}
RESULT: {"script":"<script> [776 bytes]","args":[{"enterText":"1 - General / No capacity check","selector":{"id":"createOrganizationPop--binTypesCB","searchOpenDialogs":true,"interaction":{"idSuffix":"inner"}},"clearTextFirst":true,"interactionType":"ENTER_TEXT"}]}
COMMAND: POST /session/d41a4ef9228655ec76246a5e56c44812/execute/async - {"script":"<script> [1562 bytes]","args":[{"selector":{"id":"createOrganizationPop--capacityId","searchOpenDialogs":true,"interaction":{"idSuffix":"inner"}},"wdio_ui5_key":"createOrganizationPopcapacityId"}]}
RESULT: {"script":"<script> [1562 bytes]","args":[{"selector":{"id":"createOrganizationPop--capacityId","searchOpenDialogs":true,"interaction":{"idSuffix":"inner"}},"wdio_ui5_key":"createOrganizationPopcapacityId"}]}
RESULT: undefined
COMMAND: POST /session/d41a4ef9228655ec76246a5e56c44812/actions - {"actions":[{"id":"action12","type":"key","parameters":{},"actions":[{"type":"keyDown","value":"î€‡"},{"type":"pause","duration":10},{"type":"keyUp","value":"î€‡"}]}]}
RESULT: {"actions":[{"id":"action12","type":"key","parameters":{},"actions":[{"type":"keyDown","value":"î€‡"},{"type":"pause","duration":10},{"type":"keyUp","value":"î€‡"}]}]}
COMMAND: GET /session/d41a4ef9228655ec76246a5e56c44812/screenshot - {}
RESULT: {}
RESULT: undefined
COMMAND: POST /session/d41a4ef9228655ec76246a5e56c44812/element - {"using":"xpath","value":"//*[@id=\"createOrganizationPop--finishBtn\"]"}
RESULT: {"using":"xpath","value":"//*[@id=\"createOrganizationPop--finishBtn\"]"}
COMMAND: POST /session/d41a4ef9228655ec76246a5e56c44812/element/f.8359050118E493E9D810750CB1F2C9B3.d.1868E7DE06A0E87AAA47DAC533C5BA88.e.3187/click - {}
RESULT: {}
COMMAND: GET /session/d41a4ef9228655ec76246a5e56c44812/screenshot - {}
RESULT: {}
COMMAND: POST /session/d41a4ef9228655ec76246a5e56c44812/element - {"using":"css selector","value":"#shell-header-logo"}
RESULT: {"using":"css selector","value":"#shell-header-logo"}
COMMAND: POST /session/d41a4ef9228655ec76246a5e56c44812/element/f.8359050118E493E9D810750CB1F2C9B3.d.1868E7DE06A0E87AAA47DAC533C5BA88.e.3084/click - {}
RESULT: {}
COMMAND: GET /session/d41a4ef9228655ec76246a5e56c44812/screenshot - {}
RESULT: {}
]]></system-out>
    </testcase>
    <testcase classname="chrome.136_0_7103_93.windows.Stock_increase_-_with_WHM_US125587" name="Create a Warehouse Movement for created yard" time="48.443">
      <system-out><![CDATA[
COMMAND: POST /session/d41a4ef9228655ec76246a5e56c44812/execute/async - {"script":"<script> [1562 bytes]","args":[{"selector":{"controlType":"sap.m.GenericTile","properties":{"header":"Manage Warehouse Movements"}},"wdio_ui5_key":"sapm.GenericTile{\"header\":\"Manage Warehouse Movements\"}"}]}
RESULT: {"script":"<script> [1562 bytes]","args":[{"selector":{"controlType":"sap.m.GenericTile","properties":{"header":"Manage Warehouse Movements"}},"wdio_ui5_key":"sapm.GenericTile{\"header\":\"Manage Warehouse Movements\"}"}]}
RESULT: undefined
COMMAND: POST /session/d41a4ef9228655ec76246a5e56c44812/element - {"using":"xpath","value":"//*[@id=\"__tile105\"]"}
RESULT: {"using":"xpath","value":"//*[@id=\"__tile105\"]"}
COMMAND: POST /session/d41a4ef9228655ec76246a5e56c44812/element/f.8359050118E493E9D810750CB1F2C9B3.d.1868E7DE06A0E87AAA47DAC533C5BA88.e.3199/click - {}
RESULT: {}
COMMAND: GET /session/d41a4ef9228655ec76246a5e56c44812/screenshot - {}
RESULT: {}
COMMAND: POST /session/d41a4ef9228655ec76246a5e56c44812/elements - {"using":"xpath","value":"//span[text()='Error']"}
RESULT: {"using":"xpath","value":"//span[text()='Error']"}
COMMAND: POST /session/d41a4ef9228655ec76246a5e56c44812/element - {"using":"xpath","value":"//input[@id='application-warehousemovements-display-component---warehouseMovements--smartFilterBar-filterItemControl_BASIC-YARD-inner']"}
RESULT: {"using":"xpath","value":"//input[@id='application-warehousemovements-display-component---warehouseMovements--smartFilterBar-filterItemControl_BASIC-YARD-inner']"}
COMMAND: POST /session/d41a4ef9228655ec76246a5e56c44812/elements - {"using":"xpath","value":"//input[@id='application-warehousemovements-display-component---warehouseMovements--smartFilterBar-filterItemControl_BASIC-YARD-inner']"}
RESULT: {"using":"xpath","value":"//input[@id='application-warehousemovements-display-component---warehouseMovements--smartFilterBar-filterItemControl_BASIC-YARD-inner']"}
COMMAND: POST /session/d41a4ef9228655ec76246a5e56c44812/execute/sync - {"script":"<script> [8489 bytes]","args":[{"element-6066-11e4-a52e-4f735466cecf":"f.8359050118E493E9D810750CB1F2C9B3.d.1868E7DE06A0E87AAA47DAC533C5BA88.e.3221","ELEMENT":"f.8359050118E493E9D810750CB1F2C9B3.d.1868E7DE06A0E87AAA47DAC533C5BA88.e.3221"}]}
RESULT: {"script":"<script> [8489 bytes]","args":[{"element-6066-11e4-a52e-4f735466cecf":"f.8359050118E493E9D810750CB1F2C9B3.d.1868E7DE06A0E87AAA47DAC533C5BA88.e.3221","ELEMENT":"f.8359050118E493E9D810750CB1F2C9B3.d.1868E7DE06A0E87AAA47DAC533C5BA88.e.3221"}]}
COMMAND: GET /session/d41a4ef9228655ec76246a5e56c44812/element/f.8359050118E493E9D810750CB1F2C9B3.d.1868E7DE06A0E87AAA47DAC533C5BA88.e.3221/enabled - {}
COMMAND: GET /session/d41a4ef9228655ec76246a5e56c44812/screenshot - {}
RESULT: {}
COMMAND: POST /session/d41a4ef9228655ec76246a5e56c44812/execute/sync - {"script":"<script> [8489 bytes]","args":[{"element-6066-11e4-a52e-4f735466cecf":"f.8359050118E493E9D810750CB1F2C9B3.d.1868E7DE06A0E87AAA47DAC533C5BA88.e.3221","ELEMENT":"f.8359050118E493E9D810750CB1F2C9B3.d.1868E7DE06A0E87AAA47DAC533C5BA88.e.3221"}]}
COMMAND: GET /session/d41a4ef9228655ec76246a5e56c44812/screenshot - {}
RESULT: {}
RESULT: {"script":"<script> [8489 bytes]","args":[{"element-6066-11e4-a52e-4f735466cecf":"f.8359050118E493E9D810750CB1F2C9B3.d.1868E7DE06A0E87AAA47DAC533C5BA88.e.3221","ELEMENT":"f.8359050118E493E9D810750CB1F2C9B3.d.1868E7DE06A0E87AAA47DAC533C5BA88.e.3221"}]}
COMMAND: POST /session/d41a4ef9228655ec76246a5e56c44812/execute/sync - {"script":"<script> [5351 bytes]","args":[{"element-6066-11e4-a52e-4f735466cecf":"f.8359050118E493E9D810750CB1F2C9B3.d.1868E7DE06A0E87AAA47DAC533C5BA88.e.3221","ELEMENT":"f.8359050118E493E9D810750CB1F2C9B3.d.1868E7DE06A0E87AAA47DAC533C5BA88.e.3221"}]}
COMMAND: GET /session/d41a4ef9228655ec76246a5e56c44812/screenshot - {}
RESULT: {}
RESULT: {"script":"<script> [5351 bytes]","args":[{"element-6066-11e4-a52e-4f735466cecf":"f.8359050118E493E9D810750CB1F2C9B3.d.1868E7DE06A0E87AAA47DAC533C5BA88.e.3221","ELEMENT":"f.8359050118E493E9D810750CB1F2C9B3.d.1868E7DE06A0E87AAA47DAC533C5BA88.e.3221"}]}
COMMAND: GET /session/d41a4ef9228655ec76246a5e56c44812/screenshot - {}
RESULT: {}
RESULT: {}
COMMAND: POST /session/d41a4ef9228655ec76246a5e56c44812/element/f.8359050118E493E9D810750CB1F2C9B3.d.1868E7DE06A0E87AAA47DAC533C5BA88.e.3221/clear - {}
RESULT: {}
COMMAND: POST /session/d41a4ef9228655ec76246a5e56c44812/element/f.8359050118E493E9D810750CB1F2C9B3.d.1868E7DE06A0E87AAA47DAC533C5BA88.e.3221/value - {"text":"471"}
COMMAND: GET /session/d41a4ef9228655ec76246a5e56c44812/screenshot - {}
RESULT: {"text":"471"}
COMMAND: POST /session/d41a4ef9228655ec76246a5e56c44812/actions - {"actions":[{"id":"action13","type":"key","parameters":{},"actions":[{"type":"keyDown","value":"î€‡"},{"type":"pause","duration":10},{"type":"keyUp","value":"î€‡"}]}]}
COMMAND: GET /session/d41a4ef9228655ec76246a5e56c44812/screenshot - {}
RESULT: {}
RESULT: {"actions":[{"id":"action13","type":"key","parameters":{},"actions":[{"type":"keyDown","value":"î€‡"},{"type":"pause","duration":10},{"type":"keyUp","value":"î€‡"}]}]}
COMMAND: GET /session/d41a4ef9228655ec76246a5e56c44812/screenshot - {}
RESULT: {}
RESULT: {}
COMMAND: POST /session/d41a4ef9228655ec76246a5e56c44812/element - {"using":"xpath","value":"//button[contains(@data-kt, \"MasterMovementAddOverflowToolbarButton\")]"}
RESULT: {"using":"xpath","value":"//button[contains(@data-kt, \"MasterMovementAddOverflowToolbarButton\")]"}
COMMAND: POST /session/d41a4ef9228655ec76246a5e56c44812/element/f.8359050118E493E9D810750CB1F2C9B3.d.1868E7DE06A0E87AAA47DAC533C5BA88.e.3247/click - {}
RESULT: {}
COMMAND: GET /session/d41a4ef9228655ec76246a5e56c44812/screenshot - {}
RESULT: {}
COMMAND: POST /session/d41a4ef9228655ec76246a5e56c44812/element - {"using":"xpath","value":"//*[@id=\"application-warehousemovements-display-component---addMovement--sectionsList-arrow\"]"}
RESULT: {"using":"xpath","value":"//*[@id=\"application-warehousemovements-display-component---addMovement--sectionsList-arrow\"]"}
COMMAND: POST /session/d41a4ef9228655ec76246a5e56c44812/element/f.8359050118E493E9D810750CB1F2C9B3.d.1868E7DE06A0E87AAA47DAC533C5BA88.e.3392/click - {}
RESULT: {}
COMMAND: POST /session/d41a4ef9228655ec76246a5e56c44812/actions - {"actions":[{"id":"action14","type":"key","parameters":{},"actions":[{"type":"keyDown","value":"î€•"},{"type":"pause","duration":10},{"type":"keyUp","value":"î€•"}]}]}
COMMAND: GET /session/d41a4ef9228655ec76246a5e56c44812/screenshot - {}
RESULT: {"actions":[{"id":"action14","type":"key","parameters":{},"actions":[{"type":"keyDown","value":"î€•"},{"type":"pause","duration":10},{"type":"keyUp","value":"î€•"}]}]}
COMMAND: GET /session/d41a4ef9228655ec76246a5e56c44812/screenshot - {}
RESULT: {}
RESULT: {}
COMMAND: POST /session/d41a4ef9228655ec76246a5e56c44812/actions - {"actions":[{"id":"action15","type":"key","parameters":{},"actions":[{"type":"keyDown","value":"î€‡"},{"type":"pause","duration":10},{"type":"keyUp","value":"î€‡"}]}]}
RESULT: {"actions":[{"id":"action15","type":"key","parameters":{},"actions":[{"type":"keyDown","value":"î€‡"},{"type":"pause","duration":10},{"type":"keyUp","value":"î€‡"}]}]}
COMMAND: GET /session/d41a4ef9228655ec76246a5e56c44812/screenshot - {}
RESULT: {}
COMMAND: POST /session/d41a4ef9228655ec76246a5e56c44812/element - {"using":"xpath","value":"//*[@id=\"application-warehousemovements-display-component---addMovement--saveMovementBtn-BDI-content\" and text()=\"Save\"]"}
RESULT: {"using":"xpath","value":"//*[@id=\"application-warehousemovements-display-component---addMovement--saveMovementBtn-BDI-content\" and text()=\"Save\"]"}
COMMAND: POST /session/d41a4ef9228655ec76246a5e56c44812/element/f.8359050118E493E9D810750CB1F2C9B3.d.1868E7DE06A0E87AAA47DAC533C5BA88.e.3393/click - {}
RESULT: {}
COMMAND: GET /session/d41a4ef9228655ec76246a5e56c44812/screenshot - {}
RESULT: {}
COMMAND: POST /session/d41a4ef9228655ec76246a5e56c44812/element - {"using":"css selector","value":"#shell-header-logo"}
RESULT: {"using":"css selector","value":"#shell-header-logo"}
COMMAND: POST /session/d41a4ef9228655ec76246a5e56c44812/element/f.8359050118E493E9D810750CB1F2C9B3.d.1868E7DE06A0E87AAA47DAC533C5BA88.e.3202/click - {}
RESULT: {}
COMMAND: GET /session/d41a4ef9228655ec76246a5e56c44812/screenshot - {}
RESULT: {}
]]></system-out>
    </testcase>
    <testcase classname="chrome.136_0_7103_93.windows.Stock_increase_-_with_WHM_US125587" name="Should do a stock increase handover" time="96.033">
      <system-out><![CDATA[
COMMAND: POST /session/d41a4ef9228655ec76246a5e56c44812/execute/async - {"script":"<script> [1562 bytes]","args":[{"selector":{"controlType":"sap.m.GenericTile","properties":{"header":"Manage Handovers"}},"wdio_ui5_key":"sapm.GenericTile{\"header\":\"Manage Handovers\"}"}]}
RESULT: {"script":"<script> [1562 bytes]","args":[{"selector":{"controlType":"sap.m.GenericTile","properties":{"header":"Manage Handovers"}},"wdio_ui5_key":"sapm.GenericTile{\"header\":\"Manage Handovers\"}"}]}
RESULT: undefined
COMMAND: POST /session/d41a4ef9228655ec76246a5e56c44812/element - {"using":"xpath","value":"//*[@id=\"__tile132\"]"}
RESULT: {"using":"xpath","value":"//*[@id=\"__tile132\"]"}
COMMAND: POST /session/d41a4ef9228655ec76246a5e56c44812/element/f.8359050118E493E9D810750CB1F2C9B3.d.1868E7DE06A0E87AAA47DAC533C5BA88.e.213/click - {}
RESULT: {}
COMMAND: GET /session/d41a4ef9228655ec76246a5e56c44812/screenshot - {}
RESULT: {}
COMMAND: POST /session/d41a4ef9228655ec76246a5e56c44812/elements - {"using":"xpath","value":"//span[text()='Error']"}
RESULT: {"using":"xpath","value":"//span[text()='Error']"}
COMMAND: POST /session/d41a4ef9228655ec76246a5e56c44812/element - {"using":"xpath","value":"//button[@data-kt=\"masterHOAddButton\"]"}
RESULT: {"using":"xpath","value":"//button[@data-kt=\"masterHOAddButton\"]"}
COMMAND: POST /session/d41a4ef9228655ec76246a5e56c44812/elements - {"using":"xpath","value":"//button[@data-kt=\"masterHOAddButton\"]"}
RESULT: {"using":"xpath","value":"//button[@data-kt=\"masterHOAddButton\"]"}
COMMAND: POST /session/d41a4ef9228655ec76246a5e56c44812/elements - {"using":"xpath","value":"//button[@data-kt=\"masterHOAddButton\"]"}
RESULT: {"using":"xpath","value":"//button[@data-kt=\"masterHOAddButton\"]"}
COMMAND: POST /session/d41a4ef9228655ec76246a5e56c44812/element - {"using":"xpath","value":"//button[@data-kt=\"masterHOAddButton\"]"}
RESULT: {"using":"xpath","value":"//button[@data-kt=\"masterHOAddButton\"]"}
COMMAND: POST /session/d41a4ef9228655ec76246a5e56c44812/execute/sync - {"script":"<script> [8489 bytes]","args":[{"element-6066-11e4-a52e-4f735466cecf":"f.8359050118E493E9D810750CB1F2C9B3.d.1868E7DE06A0E87AAA47DAC533C5BA88.e.3500","ELEMENT":"f.8359050118E493E9D810750CB1F2C9B3.d.1868E7DE06A0E87AAA47DAC533C5BA88.e.3500"}]}
RESULT: {"script":"<script> [8489 bytes]","args":[{"element-6066-11e4-a52e-4f735466cecf":"f.8359050118E493E9D810750CB1F2C9B3.d.1868E7DE06A0E87AAA47DAC533C5BA88.e.3500","ELEMENT":"f.8359050118E493E9D810750CB1F2C9B3.d.1868E7DE06A0E87AAA47DAC533C5BA88.e.3500"}]}
COMMAND: GET /session/d41a4ef9228655ec76246a5e56c44812/element/f.8359050118E493E9D810750CB1F2C9B3.d.1868E7DE06A0E87AAA47DAC533C5BA88.e.3500/enabled - {}
COMMAND: GET /session/d41a4ef9228655ec76246a5e56c44812/screenshot - {}
RESULT: {}
COMMAND: POST /session/d41a4ef9228655ec76246a5e56c44812/execute/sync - {"script":"<script> [8489 bytes]","args":[{"element-6066-11e4-a52e-4f735466cecf":"f.8359050118E493E9D810750CB1F2C9B3.d.1868E7DE06A0E87AAA47DAC533C5BA88.e.3500","ELEMENT":"f.8359050118E493E9D810750CB1F2C9B3.d.1868E7DE06A0E87AAA47DAC533C5BA88.e.3500"}]}
COMMAND: GET /session/d41a4ef9228655ec76246a5e56c44812/screenshot - {}
RESULT: {}
RESULT: {"script":"<script> [8489 bytes]","args":[{"element-6066-11e4-a52e-4f735466cecf":"f.8359050118E493E9D810750CB1F2C9B3.d.1868E7DE06A0E87AAA47DAC533C5BA88.e.3500","ELEMENT":"f.8359050118E493E9D810750CB1F2C9B3.d.1868E7DE06A0E87AAA47DAC533C5BA88.e.3500"}]}
COMMAND: POST /session/d41a4ef9228655ec76246a5e56c44812/execute/sync - {"script":"<script> [5351 bytes]","args":[{"element-6066-11e4-a52e-4f735466cecf":"f.8359050118E493E9D810750CB1F2C9B3.d.1868E7DE06A0E87AAA47DAC533C5BA88.e.3500","ELEMENT":"f.8359050118E493E9D810750CB1F2C9B3.d.1868E7DE06A0E87AAA47DAC533C5BA88.e.3500"}]}
COMMAND: GET /session/d41a4ef9228655ec76246a5e56c44812/screenshot - {}
RESULT: {}
RESULT: {"script":"<script> [5351 bytes]","args":[{"element-6066-11e4-a52e-4f735466cecf":"f.8359050118E493E9D810750CB1F2C9B3.d.1868E7DE06A0E87AAA47DAC533C5BA88.e.3500","ELEMENT":"f.8359050118E493E9D810750CB1F2C9B3.d.1868E7DE06A0E87AAA47DAC533C5BA88.e.3500"}]}
COMMAND: POST /session/d41a4ef9228655ec76246a5e56c44812/element/f.8359050118E493E9D810750CB1F2C9B3.d.1868E7DE06A0E87AAA47DAC533C5BA88.e.3500/click - {}
COMMAND: GET /session/d41a4ef9228655ec76246a5e56c44812/screenshot - {}
RESULT: {}
RESULT: {}
COMMAND: GET /session/d41a4ef9228655ec76246a5e56c44812/screenshot - {}
RESULT: {}
COMMAND: POST /session/d41a4ef9228655ec76246a5e56c44812/element - {"using":"xpath","value":"//span[contains(@id ,\"AddNewHO--typeSelect-arrow\")]"}
RESULT: {}
RESULT: {"using":"xpath","value":"//span[contains(@id ,\"AddNewHO--typeSelect-arrow\")]"}
COMMAND: POST /session/d41a4ef9228655ec76246a5e56c44812/element/f.8359050118E493E9D810750CB1F2C9B3.d.1868E7DE06A0E87AAA47DAC533C5BA88.e.3857/click - {}
RESULT: {}
COMMAND: GET /session/d41a4ef9228655ec76246a5e56c44812/screenshot - {}
RESULT: {}
COMMAND: POST /session/d41a4ef9228655ec76246a5e56c44812/element - {"using":"xpath","value":"(//li[contains(text(), \"stock increase yard\")])[1]"}
RESULT: {"using":"xpath","value":"(//li[contains(text(), \"stock increase yard\")])[1]"}
COMMAND: POST /session/d41a4ef9228655ec76246a5e56c44812/element/f.8359050118E493E9D810750CB1F2C9B3.d.1868E7DE06A0E87AAA47DAC533C5BA88.e.3858/click - {}
RESULT: {}
COMMAND: GET /session/d41a4ef9228655ec76246a5e56c44812/screenshot - {}
RESULT: {}
COMMAND: POST /session/d41a4ef9228655ec76246a5e56c44812/execute/async - {"script":"<script> [1562 bytes]","args":[{"selector":{"id":"application-managehandovers-display-component---AddNewHO--dueDate","interaction":{"idSuffix":"inner"}},"wdio_ui5_key":"applicationmanagehandovers-display-component---AddNewHO--dueDate"}]}
RESULT: {"script":"<script> [1562 bytes]","args":[{"selector":{"id":"application-managehandovers-display-component---AddNewHO--dueDate","interaction":{"idSuffix":"inner"}},"wdio_ui5_key":"applicationmanagehandovers-display-component---AddNewHO--dueDate"}]}
RESULT: undefined
COMMAND: POST /session/d41a4ef9228655ec76246a5e56c44812/execute/async - {"script":"<script> [6424 bytes]","args":[{"element-6066-11e4-a52e-4f735466cecf":"f.8359050118E493E9D810750CB1F2C9B3.d.1868E7DE06A0E87AAA47DAC533C5BA88.e.3860"},"setValue",["5/16/25"]]}
RESULT: {"script":"<script> [6424 bytes]","args":[{"element-6066-11e4-a52e-4f735466cecf":"f.8359050118E493E9D810750CB1F2C9B3.d.1868E7DE06A0E87AAA47DAC533C5BA88.e.3860"},"setValue",["5/16/25"]]}
COMMAND: POST /session/d41a4ef9228655ec76246a5e56c44812/element - {"using":"xpath","value":"//input[@id=\"generalSectionFrg--receiveYard-inner\"]"}
RESULT: {"using":"xpath","value":"//input[@id=\"generalSectionFrg--receiveYard-inner\"]"}
COMMAND: POST /session/d41a4ef9228655ec76246a5e56c44812/element/f.8359050118E493E9D810750CB1F2C9B3.d.1868E7DE06A0E87AAA47DAC533C5BA88.e.3864/clear - {}
RESULT: {}
COMMAND: POST /session/d41a4ef9228655ec76246a5e56c44812/element/f.8359050118E493E9D810750CB1F2C9B3.d.1868E7DE06A0E87AAA47DAC533C5BA88.e.3864/value - {"text":"471"}
COMMAND: GET /session/d41a4ef9228655ec76246a5e56c44812/screenshot - {}
RESULT: {"text":"471"}
COMMAND: GET /session/d41a4ef9228655ec76246a5e56c44812/screenshot - {}
RESULT: {}
RESULT: {}
COMMAND: POST /session/d41a4ef9228655ec76246a5e56c44812/element - {"using":"xpath","value":"//li[.//span[text()='471']]"}
RESULT: {"using":"xpath","value":"//li[.//span[text()='471']]"}
COMMAND: POST /session/d41a4ef9228655ec76246a5e56c44812/element/f.8359050118E493E9D810750CB1F2C9B3.d.1868E7DE06A0E87AAA47DAC533C5BA88.e.3882/click - {}
RESULT: {}
COMMAND: GET /session/d41a4ef9228655ec76246a5e56c44812/screenshot - {}
RESULT: {}
COMMAND: POST /session/d41a4ef9228655ec76246a5e56c44812/execute/async - {"script":"<script> [1562 bytes]","args":[{"selector":{"id":"application-managehandovers-display-component---AddNewHO--ObjectPageLayout-anchBar-application-managehandovers-display-component---AddNewHO--section4-anchor","interaction":{"idSuffix":"BDI-content"}},"wdio_ui5_key":"applicationmanagehandovers-display-component---AddNewHO--ObjectPageLayout-anchBar-application-managehandovers-display-component---AddNewHO--section4-anchor"}]}
RESULT: {"script":"<script> [1562 bytes]","args":[{"selector":{"id":"application-managehandovers-display-component---AddNewHO--ObjectPageLayout-anchBar-application-managehandovers-display-component---AddNewHO--section4-anchor","interaction":{"idSuffix":"BDI-content"}},"wdio_ui5_key":"applicationmanagehandovers-display-component---AddNewHO--ObjectPageLayout-anchBar-application-managehandovers-display-component---AddNewHO--section4-anchor"}]}
RESULT: undefined
COMMAND: POST /session/d41a4ef9228655ec76246a5e56c44812/element - {"using":"xpath","value":"//*[@id=\"application-managehandovers-display-component---AddNewHO--ObjectPageLayout-anchBar-application-managehandovers-display-component---AddNewHO--section4-anchor\"]"}
RESULT: {"using":"xpath","value":"//*[@id=\"application-managehandovers-display-component---AddNewHO--ObjectPageLayout-anchBar-application-managehandovers-display-component---AddNewHO--section4-anchor\"]"}
COMMAND: POST /session/d41a4ef9228655ec76246a5e56c44812/element/f.8359050118E493E9D810750CB1F2C9B3.d.1868E7DE06A0E87AAA47DAC533C5BA88.e.3884/click - {}
RESULT: {}
COMMAND: POST /session/d41a4ef9228655ec76246a5e56c44812/element - {"using":"xpath","value":"//button[@aria-label=\"Add\"]"}
COMMAND: GET /session/d41a4ef9228655ec76246a5e56c44812/screenshot - {}
RESULT: {"using":"xpath","value":"//button[@aria-label=\"Add\"]"}
COMMAND: POST /session/d41a4ef9228655ec76246a5e56c44812/element/f.8359050118E493E9D810750CB1F2C9B3.d.1868E7DE06A0E87AAA47DAC533C5BA88.e.3886/click - {}
RESULT: {}
RESULT: {}
COMMAND: GET /session/d41a4ef9228655ec76246a5e56c44812/screenshot - {}
RESULT: {}
COMMAND: POST /session/d41a4ef9228655ec76246a5e56c44812/execute/async - {"script":"<script> [1562 bytes]","args":[{"selector":{"id":"application-managehandovers-display-component---AddNewHO--smartFilterBar-btnBasicSearch","searchOpenDialogs":true,"interaction":{"idSuffix":"I"}},"wdio_ui5_key":"applicationmanagehandovers-display-component---AddNewHO--smartFilterBar-btnBasicSearch"}]}
RESULT: {"script":"<script> [1562 bytes]","args":[{"selector":{"id":"application-managehandovers-display-component---AddNewHO--smartFilterBar-btnBasicSearch","searchOpenDialogs":true,"interaction":{"idSuffix":"I"}},"wdio_ui5_key":"applicationmanagehandovers-display-component---AddNewHO--smartFilterBar-btnBasicSearch"}]}
RESULT: undefined
COMMAND: POST /session/d41a4ef9228655ec76246a5e56c44812/execute/async - {"script":"<script> [776 bytes]","args":[{"enterText":"200231","selector":{"id":"application-managehandovers-display-component---AddNewHO--smartFilterBar-btnBasicSearch","searchOpenDialogs":true,"interaction":{"idSuffix":"I"}},"clearTextFirst":true,"interactionType":"ENTER_TEXT"}]}
RESULT: {"script":"<script> [776 bytes]","args":[{"enterText":"200231","selector":{"id":"application-managehandovers-display-component---AddNewHO--smartFilterBar-btnBasicSearch","searchOpenDialogs":true,"interaction":{"idSuffix":"I"}},"clearTextFirst":true,"interactionType":"ENTER_TEXT"}]}
COMMAND: POST /session/d41a4ef9228655ec76246a5e56c44812/actions - {"actions":[{"id":"action16","type":"key","parameters":{},"actions":[{"type":"keyDown","value":"î€‡"},{"type":"pause","duration":10},{"type":"keyUp","value":"î€‡"}]}]}
RESULT: {"actions":[{"id":"action16","type":"key","parameters":{},"actions":[{"type":"keyDown","value":"î€‡"},{"type":"pause","duration":10},{"type":"keyUp","value":"î€‡"}]}]}
COMMAND: GET /session/d41a4ef9228655ec76246a5e56c44812/screenshot - {}
RESULT: {}
COMMAND: POST /session/d41a4ef9228655ec76246a5e56c44812/execute/async - {"script":"<script> [1562 bytes]","args":[{"selector":{"id":"application-managehandovers-display-component---AddNewHO--popup-sa","searchOpenDialogs":true,"interaction":{"idSuffix":"CbBg"}},"wdio_ui5_key":"applicationmanagehandovers-display-component---AddNewHO--popup-sa"}]}
RESULT: {"script":"<script> [1562 bytes]","args":[{"selector":{"id":"application-managehandovers-display-component---AddNewHO--popup-sa","searchOpenDialogs":true,"interaction":{"idSuffix":"CbBg"}},"wdio_ui5_key":"applicationmanagehandovers-display-component---AddNewHO--popup-sa"}]}
RESULT: undefined
COMMAND: POST /session/d41a4ef9228655ec76246a5e56c44812/element - {"using":"xpath","value":"//*[@id=\"application-managehandovers-display-component---AddNewHO--popup-sa\"]"}
RESULT: {"using":"xpath","value":"//*[@id=\"application-managehandovers-display-component---AddNewHO--popup-sa\"]"}
COMMAND: POST /session/d41a4ef9228655ec76246a5e56c44812/element/f.8359050118E493E9D810750CB1F2C9B3.d.1868E7DE06A0E87AAA47DAC533C5BA88.e.4039/click - {}
RESULT: {}
COMMAND: GET /session/d41a4ef9228655ec76246a5e56c44812/screenshot - {}
RESULT: {}
COMMAND: POST /session/d41a4ef9228655ec76246a5e56c44812/element - {"using":"xpath","value":"//bdi[contains(text(), \"Select\")]"}
RESULT: {"using":"xpath","value":"//bdi[contains(text(), \"Select\")]"}
COMMAND: POST /session/d41a4ef9228655ec76246a5e56c44812/element/f.8359050118E493E9D810750CB1F2C9B3.d.1868E7DE06A0E87AAA47DAC533C5BA88.e.4040/click - {}
RESULT: {}
COMMAND: GET /session/d41a4ef9228655ec76246a5e56c44812/screenshot - {}
RESULT: {}
COMMAND: POST /session/d41a4ef9228655ec76246a5e56c44812/element - {"using":"xpath","value":"//button[@data-kt=\"AddNewHOSaveButton\"]"}
RESULT: {"using":"xpath","value":"//button[@data-kt=\"AddNewHOSaveButton\"]"}
COMMAND: POST /session/d41a4ef9228655ec76246a5e56c44812/element/f.8359050118E493E9D810750CB1F2C9B3.d.1868E7DE06A0E87AAA47DAC533C5BA88.e.4044/click - {}
RESULT: {}
COMMAND: GET /session/d41a4ef9228655ec76246a5e56c44812/screenshot - {}
RESULT: {}
COMMAND: POST /session/d41a4ef9228655ec76246a5e56c44812/execute/async - {"script":"<script> [1562 bytes]","args":[{"selector":{"id":"receiptDatePicker","viewName":"etm.portal.ui.managehandovers.view.DetailExecuteHO","interaction":{"idSuffix":"inner"}},"wdio_ui5_key":"receiptDatePickeretmportal.ui.managehandovers.view.DetailExecuteHO"}]}
RESULT: {"script":"<script> [1562 bytes]","args":[{"selector":{"id":"receiptDatePicker","viewName":"etm.portal.ui.managehandovers.view.DetailExecuteHO","interaction":{"idSuffix":"inner"}},"wdio_ui5_key":"receiptDatePickeretmportal.ui.managehandovers.view.DetailExecuteHO"}]}
RESULT: undefined
COMMAND: POST /session/d41a4ef9228655ec76246a5e56c44812/execute/async - {"script":"<script> [6424 bytes]","args":[{"element-6066-11e4-a52e-4f735466cecf":"f.8359050118E493E9D810750CB1F2C9B3.d.1868E7DE06A0E87AAA47DAC533C5BA88.e.4064"},"setValue",["5/16/25"]]}
RESULT: {"script":"<script> [6424 bytes]","args":[{"element-6066-11e4-a52e-4f735466cecf":"f.8359050118E493E9D810750CB1F2C9B3.d.1868E7DE06A0E87AAA47DAC533C5BA88.e.4064"},"setValue",["5/16/25"]]}
COMMAND: POST /session/d41a4ef9228655ec76246a5e56c44812/element - {"using":"xpath","value":"//button[@data-kt=\"PickingTableConfirmAllButton\"]"}
RESULT: {"using":"xpath","value":"//button[@data-kt=\"PickingTableConfirmAllButton\"]"}
COMMAND: POST /session/d41a4ef9228655ec76246a5e56c44812/element/f.8359050118E493E9D810750CB1F2C9B3.d.1868E7DE06A0E87AAA47DAC533C5BA88.e.4081/click - {}
RESULT: {}
COMMAND: GET /session/d41a4ef9228655ec76246a5e56c44812/screenshot - {}
RESULT: {}
COMMAND: POST /session/d41a4ef9228655ec76246a5e56c44812/element - {"using":"xpath","value":"//bdi[contains(text(), \"OK\")]"}
RESULT: {"using":"xpath","value":"//bdi[contains(text(), \"OK\")]"}
COMMAND: POST /session/d41a4ef9228655ec76246a5e56c44812/element/f.8359050118E493E9D810750CB1F2C9B3.d.1868E7DE06A0E87AAA47DAC533C5BA88.e.4083/click - {}
RESULT: {}
COMMAND: GET /session/d41a4ef9228655ec76246a5e56c44812/screenshot - {}
RESULT: {}
COMMAND: POST /session/d41a4ef9228655ec76246a5e56c44812/element - {"using":"xpath","value":"(//bdi[contains(text(), \"Receive\")])[2]"}
RESULT: {"using":"xpath","value":"(//bdi[contains(text(), \"Receive\")])[2]"}
COMMAND: POST /session/d41a4ef9228655ec76246a5e56c44812/element/f.8359050118E493E9D810750CB1F2C9B3.d.1868E7DE06A0E87AAA47DAC533C5BA88.e.4085/click - {}
RESULT: {}
COMMAND: GET /session/d41a4ef9228655ec76246a5e56c44812/screenshot - {}
RESULT: {}
COMMAND: POST /session/d41a4ef9228655ec76246a5e56c44812/element - {"using":"css selector","value":"#shell-header-logo"}
RESULT: {"using":"css selector","value":"#shell-header-logo"}
COMMAND: POST /session/d41a4ef9228655ec76246a5e56c44812/element/f.8359050118E493E9D810750CB1F2C9B3.d.1868E7DE06A0E87AAA47DAC533C5BA88.e.3461/click - {}
RESULT: {}
COMMAND: GET /session/d41a4ef9228655ec76246a5e56c44812/screenshot - {}
RESULT: {}
COMMAND: POST /session/d41a4ef9228655ec76246a5e56c44812/element - {"using":"css selector","value":"#j_username"}
COMMAND: POST /session/d41a4ef9228655ec76246a5e56c44812/url - {"url":"https://qa-testing-00-live-etm-ui.cfapps.eu10-004.hana.ondemand.com/"}
RESULT: {"using":"css selector","value":"#j_username"}
COMMAND: POST /session/d41a4ef9228655ec76246a5e56c44812/element - {"using":"css selector","value":"#j_username"}
RESULT: {"url":"https://qa-testing-00-live-etm-ui.cfapps.eu10-004.hana.ondemand.com/"}
RESULT: undefined
COMMAND: GET /session/d41a4ef9228655ec76246a5e56c44812/screenshot - {}
RESULT: {"using":"css selector","value":"#j_username"}
COMMAND: POST /session/d41a4ef9228655ec76246a5e56c44812/element - {"using":"css selector","value":"#shell-header-logo"}
RESULT: {}
RESULT: {"using":"css selector","value":"#shell-header-logo"}
COMMAND: POST /session/d41a4ef9228655ec76246a5e56c44812/execute/sync - {"script":"<script> [8489 bytes]","args":[{"element-6066-11e4-a52e-4f735466cecf":"f.8359050118E493E9D810750CB1F2C9B3.d.F08FA37DD110690681721D657B4DE733.e.4266","ELEMENT":"f.8359050118E493E9D810750CB1F2C9B3.d.F08FA37DD110690681721D657B4DE733.e.4266"}]}
RESULT: {"script":"<script> [8489 bytes]","args":[{"element-6066-11e4-a52e-4f735466cecf":"f.8359050118E493E9D810750CB1F2C9B3.d.F08FA37DD110690681721D657B4DE733.e.4266","ELEMENT":"f.8359050118E493E9D810750CB1F2C9B3.d.F08FA37DD110690681721D657B4DE733.e.4266"}]}
COMMAND: POST /session/d41a4ef9228655ec76246a5e56c44812/element - {"using":"css selector","value":"#shell-header-logo"}
COMMAND: GET /session/d41a4ef9228655ec76246a5e56c44812/screenshot - {}
RESULT: {"using":"css selector","value":"#shell-header-logo"}
COMMAND: POST /session/d41a4ef9228655ec76246a5e56c44812/execute/sync - {"script":"<script> [8489 bytes]","args":[{"element-6066-11e4-a52e-4f735466cecf":"f.8359050118E493E9D810750CB1F2C9B3.d.F08FA37DD110690681721D657B4DE733.e.4266","ELEMENT":"f.8359050118E493E9D810750CB1F2C9B3.d.F08FA37DD110690681721D657B4DE733.e.4266"}]}
RESULT: {}
RESULT: {"script":"<script> [8489 bytes]","args":[{"element-6066-11e4-a52e-4f735466cecf":"f.8359050118E493E9D810750CB1F2C9B3.d.F08FA37DD110690681721D657B4DE733.e.4266","ELEMENT":"f.8359050118E493E9D810750CB1F2C9B3.d.F08FA37DD110690681721D657B4DE733.e.4266"}]}
COMMAND: POST /session/d41a4ef9228655ec76246a5e56c44812/execute/sync - {"script":"<script> [5351 bytes]","args":[{"element-6066-11e4-a52e-4f735466cecf":"f.8359050118E493E9D810750CB1F2C9B3.d.F08FA37DD110690681721D657B4DE733.e.4266","ELEMENT":"f.8359050118E493E9D810750CB1F2C9B3.d.F08FA37DD110690681721D657B4DE733.e.4266"}]}
COMMAND: GET /session/d41a4ef9228655ec76246a5e56c44812/screenshot - {}
RESULT: {"script":"<script> [5351 bytes]","args":[{"element-6066-11e4-a52e-4f735466cecf":"f.8359050118E493E9D810750CB1F2C9B3.d.F08FA37DD110690681721D657B4DE733.e.4266","ELEMENT":"f.8359050118E493E9D810750CB1F2C9B3.d.F08FA37DD110690681721D657B4DE733.e.4266"}]}
COMMAND: POST /session/d41a4ef9228655ec76246a5e56c44812/element - {"using":"css selector","value":"#shell-header-logo"}
COMMAND: GET /session/d41a4ef9228655ec76246a5e56c44812/screenshot - {}
RESULT: {}
RESULT: {"using":"css selector","value":"#shell-header-logo"}
COMMAND: POST /session/d41a4ef9228655ec76246a5e56c44812/element/f.8359050118E493E9D810750CB1F2C9B3.d.F08FA37DD110690681721D657B4DE733.e.4266/click - {}
RESULT: {}
RESULT: {}
COMMAND: GET /session/d41a4ef9228655ec76246a5e56c44812/screenshot - {}
RESULT: {}
COMMAND: POST /session/d41a4ef9228655ec76246a5e56c44812/execute/async - {"script":"<script> [189 bytes]","args":[]}
RESULT: {"script":"<script> [189 bytes]","args":[]}
COMMAND: POST /session/d41a4ef9228655ec76246a5e56c44812/execute/async - {"script":"<script> [123 bytes]","args":[]}
RESULT: {"script":"<script> [123 bytes]","args":[]}
COMMAND: POST /session/d41a4ef9228655ec76246a5e56c44812/timeouts - {"script":"<number>"}
RESULT: {"script":"<number>"}
COMMAND: GET /session/d41a4ef9228655ec76246a5e56c44812/timeouts - {}
RESULT: {}
RESULT: undefined
COMMAND: POST /session/d41a4ef9228655ec76246a5e56c44812/execute/async - {"script":"<script> [2676 bytes]","args":[]}
RESULT: {"script":"<script> [2676 bytes]","args":[]}
COMMAND: POST /session/d41a4ef9228655ec76246a5e56c44812/execute/async - {"script":"<script> [2342 bytes]","args":[{"protocol":"http","hostname":"0.0.0.0","path":"/","capabilities":{"browserName":"chrome","goog:chromeOptions":{"binary":"C:\\Program Files\\Google\\Chrome\\Application\\chrome.exe","args":["--start-maximized"]}},"logLevel":"warn","connectionRetryTimeout":120000,"connectionRetryCount":3,"logLevels":{},"enableDirectConnect":true,"strictSSL":true,"_":"65 more keys: [\"cacheDir\",\"port\",\"requestedCapabilities\",\"automationProtocol\",\"baseUrl\",\"waitforInterval\",\"waitforTimeout\",\"onReload\",\"beforeCommand\",\"afterCommand\",\"rootDir\",\"specs\",\"suites\",\"exclude\",\"groupLogsByTestSpec\",\"excludeDriverLogs\",\"bail\",\"framework\",\"reporters\",\"services\",\"maxInstances\",\"maxInstancesPerCapability\",\"injectGlobals\",\"filesToWatch\",\"execArgv\",\"runnerEnv\",\"runner\",\"shard\",\"specFileRetries\",\"specFileRetriesDelay\",\"specFileRetriesDeferred\",\"reporterSyncInterval\",\"reporterSyncTimeout\",\"cucumberFeaturesWithLineNumbers\",\"autoCompileOpts\",\"mochaOpts\",\"jasmineOpts\",\"cucumberOpts\",\"onPrepare\",\"onWorkerStart\",\"onWorkerEnd\",\"before\",\"beforeSession\",\"beforeSuite\",\"beforeHook\",\"beforeTest\",\"afterTest\",\"afterHook\",\"afterSuite\",\"afterSession\",\"after\",\"onComplete\",\"beforeAssertion\",\"afterAssertion\",\"beforeFeature\",\"beforeScenario\",\"beforeStep\",\"afterStep\",\"afterScenario\",\"afterFeature\",\"_\",\"suite\",\"$0\",\"ignoredWorkerServices\",\"wdi5\"]"}]}
RESULT: {"script":"<script> [2342 bytes]","args":[{"protocol":"http","hostname":"0.0.0.0","path":"/","capabilities":{"browserName":"chrome","goog:chromeOptions":{"binary":"C:\\Program Files\\Google\\Chrome\\Application\\chrome.exe","args":["--start-maximized"]}},"logLevel":"warn","connectionRetryTimeout":120000,"connectionRetryCount":3,"logLevels":{},"enableDirectConnect":true,"strictSSL":true,"_":"65 more keys: [\"cacheDir\",\"port\",\"requestedCapabilities\",\"automationProtocol\",\"baseUrl\",\"waitforInterval\",\"waitforTimeout\",\"onReload\",\"beforeCommand\",\"afterCommand\",\"rootDir\",\"specs\",\"suites\",\"exclude\",\"groupLogsByTestSpec\",\"excludeDriverLogs\",\"bail\",\"framework\",\"reporters\",\"services\",\"maxInstances\",\"maxInstancesPerCapability\",\"injectGlobals\",\"filesToWatch\",\"execArgv\",\"runnerEnv\",\"runner\",\"shard\",\"specFileRetries\",\"specFileRetriesDelay\",\"specFileRetriesDeferred\",\"reporterSyncInterval\",\"reporterSyncTimeout\",\"cucumberFeaturesWithLineNumbers\",\"autoCompileOpts\",\"mochaOpts\",\"jasmineOpts\",\"cucumberOpts\",\"onPrepare\",\"onWorkerStart\",\"onWorkerEnd\",\"before\",\"beforeSession\",\"beforeSuite\",\"beforeHook\",\"beforeTest\",\"afterTest\",\"afterHook\",\"afterSuite\",\"afterSession\",\"after\",\"onComplete\",\"beforeAssertion\",\"afterAssertion\",\"beforeFeature\",\"beforeScenario\",\"beforeStep\",\"afterStep\",\"afterScenario\",\"afterFeature\",\"_\",\"suite\",\"$0\",\"ignoredWorkerServices\",\"wdi5\"]"}]}
COMMAND: POST /session/d41a4ef9228655ec76246a5e56c44812/execute/async - {"script":"<script> [21126 bytes]","args":[35000]}
RESULT: {"script":"<script> [21126 bytes]","args":[35000]}
COMMAND: POST /session/d41a4ef9228655ec76246a5e56c44812/window/maximize - {}
RESULT: {}
COMMAND: POST /session/d41a4ef9228655ec76246a5e56c44812/execute/async - {"script":"<script> [1562 bytes]","args":[{"selector":{"id":"shell-header","interaction":{"idSuffix":"icon"}},"wdio_ui5_key":"shellheader"}]}
COMMAND: GET /session/d41a4ef9228655ec76246a5e56c44812/screenshot - {}
RESULT: {"script":"<script> [1562 bytes]","args":[{"selector":{"id":"shell-header","interaction":{"idSuffix":"icon"}},"wdio_ui5_key":"shellheader"}]}
RESULT: undefined
COMMAND: POST /session/d41a4ef9228655ec76246a5e56c44812/window/fullscreen - {}
RESULT: {}
RESULT: {}
]]></system-out>
    </testcase>
  </testsuite>
  <testsuite timestamp="2025-05-16T16:36:46" time="143.028" tests="6" failures="0" errors="0" skipped="0">
    <properties>
      <property name="specId" value="0" />
      <property name="suiteName" value="Provide to Site w/ warehouse management w/ clarification US115878" />
      <property name="capabilities" value="chrome.136_0_7103_93.windows" />
      <property name="file" value="file:///D:/a/1/s/test/specs/HTR/provide-to-site-w-warehouse-w-clarification.spec.js" />
    </properties>
    <testcase classname="chrome.136_0_7103_93.windows.Provide_to_Site_w/_warehouse_management_w/_clarification_US115878" name="Should create a new WHM yard" time="0.02">
      <system-out><![CDATA[
COMMAND: POST /session/d41a4ef9228655ec76246a5e56c44812/window/fullscreen - {}
RESULT: {}
]]></system-out>
    </testcase>
    <testcase classname="chrome.136_0_7103_93.windows.Provide_to_Site_w/_warehouse_management_w/_clarification_US115878" name="Should create a new external WHM partner" time="0.005" />
    <testcase classname="chrome.136_0_7103_93.windows.Provide_to_Site_w/_warehouse_management_w/_clarification_US115878" name="Should create a new WHM site" time="0.006" />
    <testcase classname="chrome.136_0_7103_93.windows.Provide_to_Site_w/_warehouse_management_w/_clarification_US115878" name="Should create a new material" time="122.804">
      <system-out><![CDATA[
COMMAND: POST /session/d41a4ef9228655ec76246a5e56c44812/execute/async - {"script":"<script> [1562 bytes]","args":[{"selector":{"controlType":"sap.m.GenericTile","properties":{"header":"Manage Resources"}},"wdio_ui5_key":"sapm.GenericTile{\"header\":\"Manage Resources\"}"}]}
RESULT: {"script":"<script> [1562 bytes]","args":[{"selector":{"controlType":"sap.m.GenericTile","properties":{"header":"Manage Resources"}},"wdio_ui5_key":"sapm.GenericTile{\"header\":\"Manage Resources\"}"}]}
RESULT: undefined
COMMAND: POST /session/d41a4ef9228655ec76246a5e56c44812/element - {"using":"xpath","value":"//*[@id=\"__tile31\"]"}
RESULT: {"using":"xpath","value":"//*[@id=\"__tile31\"]"}
COMMAND: POST /session/d41a4ef9228655ec76246a5e56c44812/element/f.8359050118E493E9D810750CB1F2C9B3.d.F08FA37DD110690681721D657B4DE733.e.4286/click - {}
RESULT: {}
COMMAND: GET /session/d41a4ef9228655ec76246a5e56c44812/screenshot - {}
RESULT: {}
COMMAND: POST /session/d41a4ef9228655ec76246a5e56c44812/elements - {"using":"xpath","value":"//span[text()='Error']"}
RESULT: {"using":"xpath","value":"//span[text()='Error']"}
COMMAND: POST /session/d41a4ef9228655ec76246a5e56c44812/element - {"using":"xpath","value":"//button[@data-kt=\"addNewRUOverflowToolbarButton\"]"}
RESULT: {"using":"xpath","value":"//button[@data-kt=\"addNewRUOverflowToolbarButton\"]"}
COMMAND: POST /session/d41a4ef9228655ec76246a5e56c44812/elements - {"using":"xpath","value":"//button[@data-kt=\"addNewRUOverflowToolbarButton\"]"}
RESULT: {"using":"xpath","value":"//button[@data-kt=\"addNewRUOverflowToolbarButton\"]"}
COMMAND: POST /session/d41a4ef9228655ec76246a5e56c44812/execute/sync - {"script":"<script> [8489 bytes]","args":[{"element-6066-11e4-a52e-4f735466cecf":"f.8359050118E493E9D810750CB1F2C9B3.d.F08FA37DD110690681721D657B4DE733.e.4415","ELEMENT":"f.8359050118E493E9D810750CB1F2C9B3.d.F08FA37DD110690681721D657B4DE733.e.4415"}]}
RESULT: {"script":"<script> [8489 bytes]","args":[{"element-6066-11e4-a52e-4f735466cecf":"f.8359050118E493E9D810750CB1F2C9B3.d.F08FA37DD110690681721D657B4DE733.e.4415","ELEMENT":"f.8359050118E493E9D810750CB1F2C9B3.d.F08FA37DD110690681721D657B4DE733.e.4415"}]}
COMMAND: GET /session/d41a4ef9228655ec76246a5e56c44812/element/f.8359050118E493E9D810750CB1F2C9B3.d.F08FA37DD110690681721D657B4DE733.e.4415/enabled - {}
COMMAND: GET /session/d41a4ef9228655ec76246a5e56c44812/screenshot - {}
RESULT: {}
COMMAND: POST /session/d41a4ef9228655ec76246a5e56c44812/execute/sync - {"script":"<script> [8489 bytes]","args":[{"element-6066-11e4-a52e-4f735466cecf":"f.8359050118E493E9D810750CB1F2C9B3.d.F08FA37DD110690681721D657B4DE733.e.4415","ELEMENT":"f.8359050118E493E9D810750CB1F2C9B3.d.F08FA37DD110690681721D657B4DE733.e.4415"}]}
COMMAND: GET /session/d41a4ef9228655ec76246a5e56c44812/screenshot - {}
RESULT: {}
RESULT: {"script":"<script> [8489 bytes]","args":[{"element-6066-11e4-a52e-4f735466cecf":"f.8359050118E493E9D810750CB1F2C9B3.d.F08FA37DD110690681721D657B4DE733.e.4415","ELEMENT":"f.8359050118E493E9D810750CB1F2C9B3.d.F08FA37DD110690681721D657B4DE733.e.4415"}]}
COMMAND: POST /session/d41a4ef9228655ec76246a5e56c44812/execute/sync - {"script":"<script> [5351 bytes]","args":[{"element-6066-11e4-a52e-4f735466cecf":"f.8359050118E493E9D810750CB1F2C9B3.d.F08FA37DD110690681721D657B4DE733.e.4415","ELEMENT":"f.8359050118E493E9D810750CB1F2C9B3.d.F08FA37DD110690681721D657B4DE733.e.4415"}]}
COMMAND: GET /session/d41a4ef9228655ec76246a5e56c44812/screenshot - {}
RESULT: {}
RESULT: {"script":"<script> [5351 bytes]","args":[{"element-6066-11e4-a52e-4f735466cecf":"f.8359050118E493E9D810750CB1F2C9B3.d.F08FA37DD110690681721D657B4DE733.e.4415","ELEMENT":"f.8359050118E493E9D810750CB1F2C9B3.d.F08FA37DD110690681721D657B4DE733.e.4415"}]}
COMMAND: POST /session/d41a4ef9228655ec76246a5e56c44812/element/f.8359050118E493E9D810750CB1F2C9B3.d.F08FA37DD110690681721D657B4DE733.e.4415/click - {}
COMMAND: GET /session/d41a4ef9228655ec76246a5e56c44812/screenshot - {}
RESULT: {}
RESULT: {}
COMMAND: GET /session/d41a4ef9228655ec76246a5e56c44812/screenshot - {}
COMMAND: POST /session/d41a4ef9228655ec76246a5e56c44812/execute/async - {"script":"<script> [1562 bytes]","args":[{"selector":{"id":"application-manageresources-display-component---newResourceUnit--TYPE-arrow"},"wdio_ui5_key":"applicationmanageresources-display-component---newResourceUnit--TYPE-arrow"}]}
RESULT: {}
RESULT: {}
RESULT: {"script":"<script> [1562 bytes]","args":[{"selector":{"id":"application-manageresources-display-component---newResourceUnit--TYPE-arrow"},"wdio_ui5_key":"applicationmanageresources-display-component---newResourceUnit--TYPE-arrow"}]}
RESULT: undefined
COMMAND: POST /session/d41a4ef9228655ec76246a5e56c44812/element - {"using":"xpath","value":"//*[@id=\"application-manageresources-display-component---newResourceUnit--TYPE-arrow\"]"}
RESULT: {"using":"xpath","value":"//*[@id=\"application-manageresources-display-component---newResourceUnit--TYPE-arrow\"]"}
COMMAND: POST /session/d41a4ef9228655ec76246a5e56c44812/element/f.8359050118E493E9D810750CB1F2C9B3.d.F08FA37DD110690681721D657B4DE733.e.4584/click - {}
RESULT: {}
COMMAND: POST /session/d41a4ef9228655ec76246a5e56c44812/element - {"using":"xpath","value":"//input[@id=\"application-manageresources-display-component---newResourceUnit--TYPE-inner\"]"}
COMMAND: GET /session/d41a4ef9228655ec76246a5e56c44812/screenshot - {}
RESULT: {"using":"xpath","value":"//input[@id=\"application-manageresources-display-component---newResourceUnit--TYPE-inner\"]"}
COMMAND: POST /session/d41a4ef9228655ec76246a5e56c44812/element/f.8359050118E493E9D810750CB1F2C9B3.d.F08FA37DD110690681721D657B4DE733.e.4469/clear - {}
RESULT: {}
RESULT: {}
COMMAND: POST /session/d41a4ef9228655ec76246a5e56c44812/element/f.8359050118E493E9D810750CB1F2C9B3.d.F08FA37DD110690681721D657B4DE733.e.4469/value - {"text":"Material"}
COMMAND: GET /session/d41a4ef9228655ec76246a5e56c44812/screenshot - {}
RESULT: {"text":"Material"}
COMMAND: GET /session/d41a4ef9228655ec76246a5e56c44812/screenshot - {}
RESULT: {}
RESULT: {}
COMMAND: POST /session/d41a4ef9228655ec76246a5e56c44812/actions - {"actions":[{"id":"action17","type":"key","parameters":{},"actions":[{"type":"keyDown","value":"î€‡"},{"type":"pause","duration":10},{"type":"keyUp","value":"î€‡"}]}]}
RESULT: {"actions":[{"id":"action17","type":"key","parameters":{},"actions":[{"type":"keyDown","value":"î€‡"},{"type":"pause","duration":10},{"type":"keyUp","value":"î€‡"}]}]}
COMMAND: POST /session/d41a4ef9228655ec76246a5e56c44812/execute/async - {"script":"<script> [1562 bytes]","args":[{"selector":{"id":"application-manageresources-display-component---newResourceUnit--SHORT_TEXT","interaction":{"idSuffix":"inner"}},"wdio_ui5_key":"applicationmanageresources-display-component---newResourceUnit--SHORT_TEXT"}]}
COMMAND: GET /session/d41a4ef9228655ec76246a5e56c44812/screenshot - {}
RESULT: {"script":"<script> [1562 bytes]","args":[{"selector":{"id":"application-manageresources-display-component---newResourceUnit--SHORT_TEXT","interaction":{"idSuffix":"inner"}},"wdio_ui5_key":"applicationmanageresources-display-component---newResourceUnit--SHORT_TEXT"}]}
RESULT: undefined
COMMAND: POST /session/d41a4ef9228655ec76246a5e56c44812/execute/async - {"script":"<script> [776 bytes]","args":[{"enterText":"Cement WDIO","selector":{"id":"application-manageresources-display-component---newResourceUnit--SHORT_TEXT","interaction":{"idSuffix":"inner"}},"clearTextFirst":true,"interactionType":"ENTER_TEXT"}]}
RESULT: {}
RESULT: {"script":"<script> [776 bytes]","args":[{"enterText":"Cement WDIO","selector":{"id":"application-manageresources-display-component---newResourceUnit--SHORT_TEXT","interaction":{"idSuffix":"inner"}},"clearTextFirst":true,"interactionType":"ENTER_TEXT"}]}
COMMAND: POST /session/d41a4ef9228655ec76246a5e56c44812/execute/async - {"script":"<script> [1562 bytes]","args":[{"selector":{"id":"application-manageresources-display-component---newResourceUnit--BASE_UNIT_OF_MEASURE","interaction":{"idSuffix":"inner"}},"wdio_ui5_key":"applicationmanageresources-display-component---newResourceUnit--BASE_UNIT_OF_MEASURE"}]}
RESULT: {"script":"<script> [1562 bytes]","args":[{"selector":{"id":"application-manageresources-display-component---newResourceUnit--BASE_UNIT_OF_MEASURE","interaction":{"idSuffix":"inner"}},"wdio_ui5_key":"applicationmanageresources-display-component---newResourceUnit--BASE_UNIT_OF_MEASURE"}]}
RESULT: undefined
COMMAND: POST /session/d41a4ef9228655ec76246a5e56c44812/execute/async - {"script":"<script> [776 bytes]","args":[{"enterText":"Piece","selector":{"id":"application-manageresources-display-component---newResourceUnit--BASE_UNIT_OF_MEASURE","interaction":{"idSuffix":"inner"}},"clearTextFirst":true,"interactionType":"ENTER_TEXT"}]}
RESULT: {"script":"<script> [776 bytes]","args":[{"enterText":"Piece","selector":{"id":"application-manageresources-display-component---newResourceUnit--BASE_UNIT_OF_MEASURE","interaction":{"idSuffix":"inner"}},"clearTextFirst":true,"interactionType":"ENTER_TEXT"}]}
COMMAND: POST /session/d41a4ef9228655ec76246a5e56c44812/execute/async - {"script":"<script> [1562 bytes]","args":[{"selector":{"id":"application-manageresources-display-component---newResourceUnit--WEIGHT_UNIT","interaction":{"idSuffix":"inner"}},"wdio_ui5_key":"applicationmanageresources-display-component---newResourceUnit--WEIGHT_UNIT"}]}
RESULT: {"script":"<script> [1562 bytes]","args":[{"selector":{"id":"application-manageresources-display-component---newResourceUnit--WEIGHT_UNIT","interaction":{"idSuffix":"inner"}},"wdio_ui5_key":"applicationmanageresources-display-component---newResourceUnit--WEIGHT_UNIT"}]}
RESULT: undefined
COMMAND: POST /session/d41a4ef9228655ec76246a5e56c44812/execute/async - {"script":"<script> [776 bytes]","args":[{"enterText":"Gram","selector":{"id":"application-manageresources-display-component---newResourceUnit--WEIGHT_UNIT","interaction":{"idSuffix":"inner"}},"clearTextFirst":true,"interactionType":"ENTER_TEXT"}]}
RESULT: {"script":"<script> [776 bytes]","args":[{"enterText":"Gram","selector":{"id":"application-manageresources-display-component---newResourceUnit--WEIGHT_UNIT","interaction":{"idSuffix":"inner"}},"clearTextFirst":true,"interactionType":"ENTER_TEXT"}]}
COMMAND: POST /session/d41a4ef9228655ec76246a5e56c44812/execute/async - {"script":"<script> [1562 bytes]","args":[{"selector":{"id":"application-manageresources-display-component---newResourceUnit--DIMENSION_UNIT","interaction":{"idSuffix":"inner"}},"wdio_ui5_key":"applicationmanageresources-display-component---newResourceUnit--DIMENSION_UNIT"}]}
RESULT: {"script":"<script> [1562 bytes]","args":[{"selector":{"id":"application-manageresources-display-component---newResourceUnit--DIMENSION_UNIT","interaction":{"idSuffix":"inner"}},"wdio_ui5_key":"applicationmanageresources-display-component---newResourceUnit--DIMENSION_UNIT"}]}
RESULT: undefined
COMMAND: POST /session/d41a4ef9228655ec76246a5e56c44812/execute/async - {"script":"<script> [776 bytes]","args":[{"enterText":"Meter","selector":{"id":"application-manageresources-display-component---newResourceUnit--DIMENSION_UNIT","interaction":{"idSuffix":"inner"}},"clearTextFirst":true,"interactionType":"ENTER_TEXT"}]}
RESULT: {"script":"<script> [776 bytes]","args":[{"enterText":"Meter","selector":{"id":"application-manageresources-display-component---newResourceUnit--DIMENSION_UNIT","interaction":{"idSuffix":"inner"}},"clearTextFirst":true,"interactionType":"ENTER_TEXT"}]}
COMMAND: POST /session/d41a4ef9228655ec76246a5e56c44812/execute/async - {"script":"<script> [1562 bytes]","args":[{"selector":{"id":"application-manageresources-display-component---newResourceUnit--newRRUPage-anchBar-application-manageresources-display-component---newResourceUnit--control-anchor","interaction":{"idSuffix":"BDI-content"}},"wdio_ui5_key":"applicationmanageresources-display-component---newResourceUnit--newRRUPage-anchBar-application-manageresources-display-component---newResourceUnit--control-anchor"}]}
RESULT: {"script":"<script> [1562 bytes]","args":[{"selector":{"id":"application-manageresources-display-component---newResourceUnit--newRRUPage-anchBar-application-manageresources-display-component---newResourceUnit--control-anchor","interaction":{"idSuffix":"BDI-content"}},"wdio_ui5_key":"applicationmanageresources-display-component---newResourceUnit--newRRUPage-anchBar-application-manageresources-display-component---newResourceUnit--control-anchor"}]}
RESULT: undefined
COMMAND: POST /session/d41a4ef9228655ec76246a5e56c44812/element - {"using":"xpath","value":"//*[@id=\"application-manageresources-display-component---newResourceUnit--newRRUPage-anchBar-application-manageresources-display-component---newResourceUnit--control-anchor\"]"}
RESULT: {"using":"xpath","value":"//*[@id=\"application-manageresources-display-component---newResourceUnit--newRRUPage-anchBar-application-manageresources-display-component---newResourceUnit--control-anchor\"]"}
COMMAND: POST /session/d41a4ef9228655ec76246a5e56c44812/element/f.8359050118E493E9D810750CB1F2C9B3.d.F08FA37DD110690681721D657B4DE733.e.4650/click - {}
RESULT: {}
COMMAND: POST /session/d41a4ef9228655ec76246a5e56c44812/execute/async - {"script":"<script> [1562 bytes]","args":[{"selector":{"id":"application-manageresources-display-component---newResourceUnit--PLANNING_GROUP","interaction":{"idSuffix":"inner"}},"wdio_ui5_key":"applicationmanageresources-display-component---newResourceUnit--PLANNING_GROUP"}]}
COMMAND: GET /session/d41a4ef9228655ec76246a5e56c44812/screenshot - {}
RESULT: {"script":"<script> [1562 bytes]","args":[{"selector":{"id":"application-manageresources-display-component---newResourceUnit--PLANNING_GROUP","interaction":{"idSuffix":"inner"}},"wdio_ui5_key":"applicationmanageresources-display-component---newResourceUnit--PLANNING_GROUP"}]}
RESULT: undefined
COMMAND: POST /session/d41a4ef9228655ec76246a5e56c44812/execute/async - {"script":"<script> [776 bytes]","args":[{"enterText":"Material","selector":{"id":"application-manageresources-display-component---newResourceUnit--PLANNING_GROUP","interaction":{"idSuffix":"inner"}},"clearTextFirst":true,"interactionType":"ENTER_TEXT"}]}
RESULT: {}
RESULT: {"script":"<script> [776 bytes]","args":[{"enterText":"Material","selector":{"id":"application-manageresources-display-component---newResourceUnit--PLANNING_GROUP","interaction":{"idSuffix":"inner"}},"clearTextFirst":true,"interactionType":"ENTER_TEXT"}]}
COMMAND: POST /session/d41a4ef9228655ec76246a5e56c44812/execute/async - {"script":"<script> [1562 bytes]","args":[{"selector":{"id":"application-manageresources-display-component---newResourceUnit--PLANNING_INDICATOR","interaction":{"idSuffix":"inner"}},"wdio_ui5_key":"applicationmanageresources-display-component---newResourceUnit--PLANNING_INDICATOR"}]}
RESULT: {"script":"<script> [1562 bytes]","args":[{"selector":{"id":"application-manageresources-display-component---newResourceUnit--PLANNING_INDICATOR","interaction":{"idSuffix":"inner"}},"wdio_ui5_key":"applicationmanageresources-display-component---newResourceUnit--PLANNING_INDICATOR"}]}
RESULT: undefined
COMMAND: POST /session/d41a4ef9228655ec76246a5e56c44812/execute/async - {"script":"<script> [776 bytes]","args":[{"enterText":"10 - infinite","selector":{"id":"application-manageresources-display-component---newResourceUnit--PLANNING_INDICATOR","interaction":{"idSuffix":"inner"}},"clearTextFirst":true,"interactionType":"ENTER_TEXT"}]}
RESULT: {"script":"<script> [776 bytes]","args":[{"enterText":"10 - infinite","selector":{"id":"application-manageresources-display-component---newResourceUnit--PLANNING_INDICATOR","interaction":{"idSuffix":"inner"}},"clearTextFirst":true,"interactionType":"ENTER_TEXT"}]}
COMMAND: POST /session/d41a4ef9228655ec76246a5e56c44812/element - {"using":"css selector","value":"#application-manageresources-display-component---newResourceUnit--btnAddTimeSegment"}
RESULT: {"using":"css selector","value":"#application-manageresources-display-component---newResourceUnit--btnAddTimeSegment"}
COMMAND: GET /session/d41a4ef9228655ec76246a5e56c44812/element/f.8359050118E493E9D810750CB1F2C9B3.d.F08FA37DD110690681721D657B4DE733.e.4660/rect - {}
RESULT: {}
COMMAND: GET /session/d41a4ef9228655ec76246a5e56c44812/window/rect - {}
RESULT: {}
COMMAND: POST /session/d41a4ef9228655ec76246a5e56c44812/execute/sync - {"script":"<script> [92 bytes]","args":[]}
RESULT: {"script":"<script> [92 bytes]","args":[]}
COMMAND: POST /session/d41a4ef9228655ec76246a5e56c44812/actions - {"actions":[{"id":"action18","type":"wheel","parameters":{},"actions":[{"type":"scroll","x":-1888,"y":-32,"deltaX":0,"deltaY":0,"duration":0,"origin":{"element-6066-11e4-a52e-4f735466cecf":"f.8359050118E493E9D810750CB1F2C9B3.d.F08FA37DD110690681721D657B4DE733.e.4660"}}]}]}
COMMAND: GET /session/d41a4ef9228655ec76246a5e56c44812/screenshot - {}
RESULT: {}
COMMAND: POST /session/d41a4ef9228655ec76246a5e56c44812/execute/sync - {"script":"<script> [79 bytes]","args":[{"element-6066-11e4-a52e-4f735466cecf":"f.8359050118E493E9D810750CB1F2C9B3.d.F08FA37DD110690681721D657B4DE733.e.4660","ELEMENT":"f.8359050118E493E9D810750CB1F2C9B3.d.F08FA37DD110690681721D657B4DE733.e.4660"},{"block":"start","inline":"nearest"}]}
RESULT: {"script":"<script> [79 bytes]","args":[{"element-6066-11e4-a52e-4f735466cecf":"f.8359050118E493E9D810750CB1F2C9B3.d.F08FA37DD110690681721D657B4DE733.e.4660","ELEMENT":"f.8359050118E493E9D810750CB1F2C9B3.d.F08FA37DD110690681721D657B4DE733.e.4660"},{"block":"start","inline":"nearest"}]}
COMMAND: POST /session/d41a4ef9228655ec76246a5e56c44812/execute/async - {"script":"<script> [1562 bytes]","args":[{"selector":{"id":"application-manageresources-display-component---newResourceUnit--btnAddTimeSegment","interaction":{"idSuffix":"inner"}},"wdio_ui5_key":"applicationmanageresources-display-component---newResourceUnit--btnAddTimeSegment"}]}
COMMAND: GET /session/d41a4ef9228655ec76246a5e56c44812/screenshot - {}
RESULT: {"script":"<script> [1562 bytes]","args":[{"selector":{"id":"application-manageresources-display-component---newResourceUnit--btnAddTimeSegment","interaction":{"idSuffix":"inner"}},"wdio_ui5_key":"applicationmanageresources-display-component---newResourceUnit--btnAddTimeSegment"}]}
RESULT: undefined
COMMAND: POST /session/d41a4ef9228655ec76246a5e56c44812/element - {"using":"xpath","value":"//*[@id=\"application-manageresources-display-component---newResourceUnit--btnAddTimeSegment\"]"}
RESULT: {}
RESULT: {"using":"xpath","value":"//*[@id=\"application-manageresources-display-component---newResourceUnit--btnAddTimeSegment\"]"}
COMMAND: POST /session/d41a4ef9228655ec76246a5e56c44812/element/f.8359050118E493E9D810750CB1F2C9B3.d.F08FA37DD110690681721D657B4DE733.e.4660/click - {}
RESULT: {}
COMMAND: GET /session/d41a4ef9228655ec76246a5e56c44812/screenshot - {}
RESULT: {}
COMMAND: POST /session/d41a4ef9228655ec76246a5e56c44812/element - {"using":"xpath","value":"//input[@id=\"application-manageresources-display-component---newResourceUnit--idRuTSAdmin-application-manageresources-display-component---newResourceUnit--RUTimeSegment-0-inner\"]"}
RESULT: {"using":"xpath","value":"//input[@id=\"application-manageresources-display-component---newResourceUnit--idRuTSAdmin-application-manageresources-display-component---newResourceUnit--RUTimeSegment-0-inner\"]"}
COMMAND: POST /session/d41a4ef9228655ec76246a5e56c44812/element/f.8359050118E493E9D810750CB1F2C9B3.d.F08FA37DD110690681721D657B4DE733.e.4665/clear - {}
RESULT: {}
COMMAND: POST /session/d41a4ef9228655ec76246a5e56c44812/element/f.8359050118E493E9D810750CB1F2C9B3.d.F08FA37DD110690681721D657B4DE733.e.4665/value - {"text":"471"}
COMMAND: GET /session/d41a4ef9228655ec76246a5e56c44812/screenshot - {}
RESULT: {"text":"471"}
COMMAND: GET /session/d41a4ef9228655ec76246a5e56c44812/screenshot - {}
RESULT: {}
RESULT: {}
COMMAND: POST /session/d41a4ef9228655ec76246a5e56c44812/element - {"using":"xpath","value":"//li[.//span[text()='471']]"}
RESULT: {"using":"xpath","value":"//li[.//span[text()='471']]"}
COMMAND: POST /session/d41a4ef9228655ec76246a5e56c44812/element/f.8359050118E493E9D810750CB1F2C9B3.d.F08FA37DD110690681721D657B4DE733.e.4674/click - {}
RESULT: {}
COMMAND: GET /session/d41a4ef9228655ec76246a5e56c44812/screenshot - {}
RESULT: {}
COMMAND: POST /session/d41a4ef9228655ec76246a5e56c44812/element - {"using":"xpath","value":"(//span[contains(@id, \"-application-manageresources-display-component---newResourceUnit--RUTimeSegment-0-arrow\")])[2]"}
RESULT: {"using":"xpath","value":"(//span[contains(@id, \"-application-manageresources-display-component---newResourceUnit--RUTimeSegment-0-arrow\")])[2]"}
COMMAND: POST /session/d41a4ef9228655ec76246a5e56c44812/element/f.8359050118E493E9D810750CB1F2C9B3.d.F08FA37DD110690681721D657B4DE733.e.4675/click - {}
RESULT: {}
COMMAND: POST /session/d41a4ef9228655ec76246a5e56c44812/element - {"using":"xpath","value":"//span[contains(text(), \"PM Order\")]"}
COMMAND: GET /session/d41a4ef9228655ec76246a5e56c44812/screenshot - {}
RESULT: {"using":"xpath","value":"//span[contains(text(), \"PM Order\")]"}
COMMAND: POST /session/d41a4ef9228655ec76246a5e56c44812/element/f.8359050118E493E9D810750CB1F2C9B3.d.F08FA37DD110690681721D657B4DE733.e.4676/click - {}
RESULT: {}
RESULT: {}
COMMAND: GET /session/d41a4ef9228655ec76246a5e56c44812/screenshot - {}
RESULT: {}
COMMAND: POST /session/d41a4ef9228655ec76246a5e56c44812/element - {"using":"xpath","value":"//td/div/div/div/span[contains(@id, \"newResourceUnit--RUTimeSegment-0-vhi\")][1]"}
RESULT: {"using":"xpath","value":"//td/div/div/div/span[contains(@id, \"newResourceUnit--RUTimeSegment-0-vhi\")][1]"}
COMMAND: GET /session/d41a4ef9228655ec76246a5e56c44812/element/f.8359050118E493E9D810750CB1F2C9B3.d.F08FA37DD110690681721D657B4DE733.e.4680/rect - {}
RESULT: {}
COMMAND: GET /session/d41a4ef9228655ec76246a5e56c44812/window/rect - {}
RESULT: {}
COMMAND: POST /session/d41a4ef9228655ec76246a5e56c44812/execute/sync - {"script":"<script> [92 bytes]","args":[]}
RESULT: {"script":"<script> [92 bytes]","args":[]}
COMMAND: POST /session/d41a4ef9228655ec76246a5e56c44812/actions - {"actions":[{"id":"action19","type":"wheel","parameters":{},"actions":[{"type":"scroll","x":-1888,"y":-24,"deltaX":0,"deltaY":0,"duration":0,"origin":{"element-6066-11e4-a52e-4f735466cecf":"f.8359050118E493E9D810750CB1F2C9B3.d.F08FA37DD110690681721D657B4DE733.e.4680"}}]}]}
COMMAND: GET /session/d41a4ef9228655ec76246a5e56c44812/screenshot - {}
RESULT: {}
COMMAND: POST /session/d41a4ef9228655ec76246a5e56c44812/execute/sync - {"script":"<script> [79 bytes]","args":[{"element-6066-11e4-a52e-4f735466cecf":"f.8359050118E493E9D810750CB1F2C9B3.d.F08FA37DD110690681721D657B4DE733.e.4680","ELEMENT":"f.8359050118E493E9D810750CB1F2C9B3.d.F08FA37DD110690681721D657B4DE733.e.4680"},{"block":"start","inline":"nearest"}]}
RESULT: {"script":"<script> [79 bytes]","args":[{"element-6066-11e4-a52e-4f735466cecf":"f.8359050118E493E9D810750CB1F2C9B3.d.F08FA37DD110690681721D657B4DE733.e.4680","ELEMENT":"f.8359050118E493E9D810750CB1F2C9B3.d.F08FA37DD110690681721D657B4DE733.e.4680"},{"block":"start","inline":"nearest"}]}
COMMAND: GET /session/d41a4ef9228655ec76246a5e56c44812/screenshot - {}
RESULT: {}
COMMAND: POST /session/d41a4ef9228655ec76246a5e56c44812/element/f.8359050118E493E9D810750CB1F2C9B3.d.F08FA37DD110690681721D657B4DE733.e.4680/click - {}
RESULT: {}
COMMAND: GET /session/d41a4ef9228655ec76246a5e56c44812/screenshot - {}
RESULT: {}
COMMAND: POST /session/d41a4ef9228655ec76246a5e56c44812/execute/async - {"script":"<script> [1562 bytes]","args":[{"selector":{"controlType":"sap.m.SearchField","properties":{"placeholder":"Search"},"searchOpenDialogs":true,"interaction":{"idSuffix":"I"}},"wdio_ui5_key":"sapm.SearchField{\"placeholder\":\"Search\"}"}]}
RESULT: {"script":"<script> [1562 bytes]","args":[{"selector":{"controlType":"sap.m.SearchField","properties":{"placeholder":"Search"},"searchOpenDialogs":true,"interaction":{"idSuffix":"I"}},"wdio_ui5_key":"sapm.SearchField{\"placeholder\":\"Search\"}"}]}
RESULT: undefined
COMMAND: POST /session/d41a4ef9228655ec76246a5e56c44812/execute/async - {"script":"<script> [776 bytes]","args":[{"enterText":"4000360","selector":{"controlType":"sap.m.SearchField","properties":{"placeholder":"Search"},"searchOpenDialogs":true,"interaction":{"idSuffix":"I"}},"clearTextFirst":true,"interactionType":"ENTER_TEXT"}]}
RESULT: {"script":"<script> [776 bytes]","args":[{"enterText":"4000360","selector":{"controlType":"sap.m.SearchField","properties":{"placeholder":"Search"},"searchOpenDialogs":true,"interaction":{"idSuffix":"I"}},"clearTextFirst":true,"interactionType":"ENTER_TEXT"}]}
COMMAND: POST /session/d41a4ef9228655ec76246a5e56c44812/actions - {"actions":[{"id":"action20","type":"key","parameters":{},"actions":[{"type":"keyDown","value":"î€‡"},{"type":"pause","duration":10},{"type":"keyUp","value":"î€‡"}]}]}
RESULT: {"actions":[{"id":"action20","type":"key","parameters":{},"actions":[{"type":"keyDown","value":"î€‡"},{"type":"pause","duration":10},{"type":"keyUp","value":"î€‡"}]}]}
COMMAND: GET /session/d41a4ef9228655ec76246a5e56c44812/screenshot - {}
RESULT: {}
COMMAND: POST /session/d41a4ef9228655ec76246a5e56c44812/element - {"using":"xpath","value":"//td/div/span[contains(text(), \"BGL Vehicles\")]"}
RESULT: {"using":"xpath","value":"//td/div/span[contains(text(), \"BGL Vehicles\")]"}
COMMAND: POST /session/d41a4ef9228655ec76246a5e56c44812/element/f.8359050118E493E9D810750CB1F2C9B3.d.F08FA37DD110690681721D657B4DE733.e.4702/click - {}
RESULT: {}
COMMAND: GET /session/d41a4ef9228655ec76246a5e56c44812/screenshot - {}
RESULT: {}
COMMAND: POST /session/d41a4ef9228655ec76246a5e56c44812/element - {"using":"xpath","value":"//bdi[contains(text(), \"OK\")]"}
RESULT: {"using":"xpath","value":"//bdi[contains(text(), \"OK\")]"}
COMMAND: POST /session/d41a4ef9228655ec76246a5e56c44812/element/f.8359050118E493E9D810750CB1F2C9B3.d.F08FA37DD110690681721D657B4DE733.e.4703/click - {}
RESULT: {}
COMMAND: GET /session/d41a4ef9228655ec76246a5e56c44812/screenshot - {}
RESULT: {}
COMMAND: POST /session/d41a4ef9228655ec76246a5e56c44812/element - {"using":"xpath","value":"//label[contains(@class, 'sapMLabelRequired') and .//bdi[contains(text(), 'Planned Retirement')]]"}
RESULT: {"using":"xpath","value":"//label[contains(@class, 'sapMLabelRequired') and .//bdi[contains(text(), 'Planned Retirement')]]"}
COMMAND: POST /session/d41a4ef9228655ec76246a5e56c44812/elements - {"using":"xpath","value":"//label[contains(@class, 'sapMLabelRequired') and .//bdi[contains(text(), 'Planned Retirement')]]"}
RESULT: {"using":"xpath","value":"//label[contains(@class, 'sapMLabelRequired') and .//bdi[contains(text(), 'Planned Retirement')]]"}
COMMAND: POST /session/d41a4ef9228655ec76246a5e56c44812/element - {"using":"xpath","value":"//button[@data-kt=\"resourceUnitSaveButton\"]"}
RESULT: {"using":"xpath","value":"//button[@data-kt=\"resourceUnitSaveButton\"]"}
COMMAND: POST /session/d41a4ef9228655ec76246a5e56c44812/element/f.8359050118E493E9D810750CB1F2C9B3.d.F08FA37DD110690681721D657B4DE733.e.4603/click - {}
RESULT: {}
COMMAND: GET /session/d41a4ef9228655ec76246a5e56c44812/screenshot - {}
RESULT: {}
COMMAND: POST /session/d41a4ef9228655ec76246a5e56c44812/element - {"using":"xpath","value":"//bdi[contains(text(), \"Close\")]"}
RESULT: {"using":"xpath","value":"//bdi[contains(text(), \"Close\")]"}
COMMAND: POST /session/d41a4ef9228655ec76246a5e56c44812/element/f.8359050118E493E9D810750CB1F2C9B3.d.F08FA37DD110690681721D657B4DE733.e.4709/click - {}
RESULT: {}
COMMAND: GET /session/d41a4ef9228655ec76246a5e56c44812/screenshot - {}
RESULT: {}
COMMAND: POST /session/d41a4ef9228655ec76246a5e56c44812/element - {"using":"xpath","value":"//header[contains(@id, 'detailRruPage-headerTitle')]/div[1]/div[2]/div[2]/span[1]"}
RESULT: {"using":"xpath","value":"//header[contains(@id, 'detailRruPage-headerTitle')]/div[1]/div[2]/div[2]/span[1]"}
COMMAND: POST /session/d41a4ef9228655ec76246a5e56c44812/elements - {"using":"xpath","value":"//header[contains(@id, 'detailRruPage-headerTitle')]/div[1]/div[2]/div[2]/span[1]"}
RESULT: {"using":"xpath","value":"//header[contains(@id, 'detailRruPage-headerTitle')]/div[1]/div[2]/div[2]/span[1]"}
COMMAND: POST /session/d41a4ef9228655ec76246a5e56c44812/execute/sync - {"script":"<script> [56 bytes]","args":[{"element-6066-11e4-a52e-4f735466cecf":"f.8359050118E493E9D810750CB1F2C9B3.d.F08FA37DD110690681721D657B4DE733.e.4737","ELEMENT":"f.8359050118E493E9D810750CB1F2C9B3.d.F08FA37DD110690681721D657B4DE733.e.4737"}]}
RESULT: {"script":"<script> [56 bytes]","args":[{"element-6066-11e4-a52e-4f735466cecf":"f.8359050118E493E9D810750CB1F2C9B3.d.F08FA37DD110690681721D657B4DE733.e.4737","ELEMENT":"f.8359050118E493E9D810750CB1F2C9B3.d.F08FA37DD110690681721D657B4DE733.e.4737"}]}
COMMAND: POST /session/d41a4ef9228655ec76246a5e56c44812/element - {"using":"css selector","value":"#shell-header-logo"}
COMMAND: GET /session/d41a4ef9228655ec76246a5e56c44812/screenshot - {}
RESULT: {"using":"css selector","value":"#shell-header-logo"}
COMMAND: POST /session/d41a4ef9228655ec76246a5e56c44812/element/f.8359050118E493E9D810750CB1F2C9B3.d.F08FA37DD110690681721D657B4DE733.e.4266/click - {}
RESULT: {}
RESULT: {}
COMMAND: GET /session/d41a4ef9228655ec76246a5e56c44812/screenshot - {}
RESULT: {}
]]></system-out>
    </testcase>
    <testcase classname="chrome.136_0_7103_93.windows.Provide_to_Site_w/_warehouse_management_w/_clarification_US115878" name="Bin Status Report Should Create New Organization yard" time="0.006" />
    <testcase classname="chrome.136_0_7103_93.windows.Provide_to_Site_w/_warehouse_management_w/_clarification_US115878" name="Bin Status Report Should Create New Organization for Site" time="0.004" />
  </testsuite>
  <testsuite timestamp="2025-05-16T16:39:09" time="489.596" tests="6" failures="0" errors="0" skipped="0">
    <properties>
      <property name="specId" value="0" />
      <property name="suiteName" value="Provide to Site w/ warehouse management w clarification" />
      <property name="capabilities" value="chrome.136_0_7103_93.windows" />
      <property name="file" value="file:///D:/a/1/s/test/specs/HTR/provide-to-site-w-warehouse-w-clarification.spec.js" />
    </properties>
    <testcase classname="chrome.136_0_7103_93.windows.Provide_to_Site_w/_warehouse_management_w_clarification" name="Should do a stock increase handover" time="106.908">
      <system-out><![CDATA[
COMMAND: POST /session/d41a4ef9228655ec76246a5e56c44812/execute/async - {"script":"<script> [1562 bytes]","args":[{"selector":{"controlType":"sap.m.GenericTile","properties":{"header":"Manage Handovers"}},"wdio_ui5_key":"sapm.GenericTile{\"header\":\"Manage Handovers\"}"}]}
RESULT: {"script":"<script> [1562 bytes]","args":[{"selector":{"controlType":"sap.m.GenericTile","properties":{"header":"Manage Handovers"}},"wdio_ui5_key":"sapm.GenericTile{\"header\":\"Manage Handovers\"}"}]}
RESULT: undefined
COMMAND: POST /session/d41a4ef9228655ec76246a5e56c44812/element - {"using":"xpath","value":"//*[@id=\"__tile132\"]"}
RESULT: {"using":"xpath","value":"//*[@id=\"__tile132\"]"}
COMMAND: POST /session/d41a4ef9228655ec76246a5e56c44812/element/f.8359050118E493E9D810750CB1F2C9B3.d.F08FA37DD110690681721D657B4DE733.e.4313/click - {}
RESULT: {}
COMMAND: GET /session/d41a4ef9228655ec76246a5e56c44812/screenshot - {}
RESULT: {}
COMMAND: POST /session/d41a4ef9228655ec76246a5e56c44812/elements - {"using":"xpath","value":"//span[text()='Error']"}
RESULT: {"using":"xpath","value":"//span[text()='Error']"}
COMMAND: POST /session/d41a4ef9228655ec76246a5e56c44812/element - {"using":"xpath","value":"//button[@data-kt=\"masterHOAddButton\"]"}
RESULT: {"using":"xpath","value":"//button[@data-kt=\"masterHOAddButton\"]"}
COMMAND: POST /session/d41a4ef9228655ec76246a5e56c44812/elements - {"using":"xpath","value":"//button[@data-kt=\"masterHOAddButton\"]"}
RESULT: {"using":"xpath","value":"//button[@data-kt=\"masterHOAddButton\"]"}
COMMAND: POST /session/d41a4ef9228655ec76246a5e56c44812/execute/sync - {"script":"<script> [8489 bytes]","args":[{"element-6066-11e4-a52e-4f735466cecf":"f.8359050118E493E9D810750CB1F2C9B3.d.F08FA37DD110690681721D657B4DE733.e.4777","ELEMENT":"f.8359050118E493E9D810750CB1F2C9B3.d.F08FA37DD110690681721D657B4DE733.e.4777"}]}
RESULT: {"script":"<script> [8489 bytes]","args":[{"element-6066-11e4-a52e-4f735466cecf":"f.8359050118E493E9D810750CB1F2C9B3.d.F08FA37DD110690681721D657B4DE733.e.4777","ELEMENT":"f.8359050118E493E9D810750CB1F2C9B3.d.F08FA37DD110690681721D657B4DE733.e.4777"}]}
COMMAND: GET /session/d41a4ef9228655ec76246a5e56c44812/element/f.8359050118E493E9D810750CB1F2C9B3.d.F08FA37DD110690681721D657B4DE733.e.4777/enabled - {}
COMMAND: GET /session/d41a4ef9228655ec76246a5e56c44812/screenshot - {}
RESULT: {}
COMMAND: POST /session/d41a4ef9228655ec76246a5e56c44812/execute/sync - {"script":"<script> [8489 bytes]","args":[{"element-6066-11e4-a52e-4f735466cecf":"f.8359050118E493E9D810750CB1F2C9B3.d.F08FA37DD110690681721D657B4DE733.e.4777","ELEMENT":"f.8359050118E493E9D810750CB1F2C9B3.d.F08FA37DD110690681721D657B4DE733.e.4777"}]}
COMMAND: GET /session/d41a4ef9228655ec76246a5e56c44812/screenshot - {}
RESULT: {}
RESULT: {"script":"<script> [8489 bytes]","args":[{"element-6066-11e4-a52e-4f735466cecf":"f.8359050118E493E9D810750CB1F2C9B3.d.F08FA37DD110690681721D657B4DE733.e.4777","ELEMENT":"f.8359050118E493E9D810750CB1F2C9B3.d.F08FA37DD110690681721D657B4DE733.e.4777"}]}
COMMAND: POST /session/d41a4ef9228655ec76246a5e56c44812/execute/sync - {"script":"<script> [5351 bytes]","args":[{"element-6066-11e4-a52e-4f735466cecf":"f.8359050118E493E9D810750CB1F2C9B3.d.F08FA37DD110690681721D657B4DE733.e.4777","ELEMENT":"f.8359050118E493E9D810750CB1F2C9B3.d.F08FA37DD110690681721D657B4DE733.e.4777"}]}
COMMAND: GET /session/d41a4ef9228655ec76246a5e56c44812/screenshot - {}
RESULT: {}
RESULT: {"script":"<script> [5351 bytes]","args":[{"element-6066-11e4-a52e-4f735466cecf":"f.8359050118E493E9D810750CB1F2C9B3.d.F08FA37DD110690681721D657B4DE733.e.4777","ELEMENT":"f.8359050118E493E9D810750CB1F2C9B3.d.F08FA37DD110690681721D657B4DE733.e.4777"}]}
COMMAND: POST /session/d41a4ef9228655ec76246a5e56c44812/element/f.8359050118E493E9D810750CB1F2C9B3.d.F08FA37DD110690681721D657B4DE733.e.4777/click - {}
COMMAND: GET /session/d41a4ef9228655ec76246a5e56c44812/screenshot - {}
RESULT: {}
RESULT: {}
COMMAND: GET /session/d41a4ef9228655ec76246a5e56c44812/screenshot - {}
RESULT: {}
COMMAND: POST /session/d41a4ef9228655ec76246a5e56c44812/element - {"using":"xpath","value":"//span[contains(@id ,\"AddNewHO--typeSelect-arrow\")]"}
RESULT: {}
RESULT: {"using":"xpath","value":"//span[contains(@id ,\"AddNewHO--typeSelect-arrow\")]"}
COMMAND: POST /session/d41a4ef9228655ec76246a5e56c44812/element/f.8359050118E493E9D810750CB1F2C9B3.d.F08FA37DD110690681721D657B4DE733.e.5128/click - {}
RESULT: {}
COMMAND: GET /session/d41a4ef9228655ec76246a5e56c44812/screenshot - {}
RESULT: {}
COMMAND: POST /session/d41a4ef9228655ec76246a5e56c44812/element - {"using":"xpath","value":"(//li[contains(text(), \"stock increase yard\")])[1]"}
RESULT: {"using":"xpath","value":"(//li[contains(text(), \"stock increase yard\")])[1]"}
COMMAND: POST /session/d41a4ef9228655ec76246a5e56c44812/element/f.8359050118E493E9D810750CB1F2C9B3.d.F08FA37DD110690681721D657B4DE733.e.5129/click - {}
RESULT: {}
COMMAND: GET /session/d41a4ef9228655ec76246a5e56c44812/screenshot - {}
RESULT: {}
COMMAND: POST /session/d41a4ef9228655ec76246a5e56c44812/execute/async - {"script":"<script> [1562 bytes]","args":[{"selector":{"id":"application-managehandovers-display-component---AddNewHO--dueDate","interaction":{"idSuffix":"inner"}},"wdio_ui5_key":"applicationmanagehandovers-display-component---AddNewHO--dueDate"}]}
RESULT: {"script":"<script> [1562 bytes]","args":[{"selector":{"id":"application-managehandovers-display-component---AddNewHO--dueDate","interaction":{"idSuffix":"inner"}},"wdio_ui5_key":"applicationmanagehandovers-display-component---AddNewHO--dueDate"}]}
RESULT: undefined
COMMAND: POST /session/d41a4ef9228655ec76246a5e56c44812/execute/async - {"script":"<script> [6424 bytes]","args":[{"element-6066-11e4-a52e-4f735466cecf":"f.8359050118E493E9D810750CB1F2C9B3.d.F08FA37DD110690681721D657B4DE733.e.5133"},"setValue",["5/16/25"]]}
RESULT: {"script":"<script> [6424 bytes]","args":[{"element-6066-11e4-a52e-4f735466cecf":"f.8359050118E493E9D810750CB1F2C9B3.d.F08FA37DD110690681721D657B4DE733.e.5133"},"setValue",["5/16/25"]]}
COMMAND: POST /session/d41a4ef9228655ec76246a5e56c44812/element - {"using":"xpath","value":"//input[@id=\"generalSectionFrg--receiveYard-inner\"]"}
RESULT: {"using":"xpath","value":"//input[@id=\"generalSectionFrg--receiveYard-inner\"]"}
COMMAND: POST /session/d41a4ef9228655ec76246a5e56c44812/element/f.8359050118E493E9D810750CB1F2C9B3.d.F08FA37DD110690681721D657B4DE733.e.5137/clear - {}
RESULT: {}
COMMAND: POST /session/d41a4ef9228655ec76246a5e56c44812/element/f.8359050118E493E9D810750CB1F2C9B3.d.F08FA37DD110690681721D657B4DE733.e.5137/value - {"text":"471"}
COMMAND: GET /session/d41a4ef9228655ec76246a5e56c44812/screenshot - {}
RESULT: {"text":"471"}
COMMAND: GET /session/d41a4ef9228655ec76246a5e56c44812/screenshot - {}
RESULT: {}
RESULT: {}
COMMAND: POST /session/d41a4ef9228655ec76246a5e56c44812/element - {"using":"xpath","value":"//li[.//span[text()='471']]"}
RESULT: {"using":"xpath","value":"//li[.//span[text()='471']]"}
COMMAND: POST /session/d41a4ef9228655ec76246a5e56c44812/element/f.8359050118E493E9D810750CB1F2C9B3.d.F08FA37DD110690681721D657B4DE733.e.5153/click - {}
RESULT: {}
COMMAND: GET /session/d41a4ef9228655ec76246a5e56c44812/screenshot - {}
RESULT: {}
COMMAND: POST /session/d41a4ef9228655ec76246a5e56c44812/execute/async - {"script":"<script> [1562 bytes]","args":[{"selector":{"id":"application-managehandovers-display-component---AddNewHO--ObjectPageLayout-anchBar-application-managehandovers-display-component---AddNewHO--section4-anchor","interaction":{"idSuffix":"BDI-content"}},"wdio_ui5_key":"applicationmanagehandovers-display-component---AddNewHO--ObjectPageLayout-anchBar-application-managehandovers-display-component---AddNewHO--section4-anchor"}]}
RESULT: {"script":"<script> [1562 bytes]","args":[{"selector":{"id":"application-managehandovers-display-component---AddNewHO--ObjectPageLayout-anchBar-application-managehandovers-display-component---AddNewHO--section4-anchor","interaction":{"idSuffix":"BDI-content"}},"wdio_ui5_key":"applicationmanagehandovers-display-component---AddNewHO--ObjectPageLayout-anchBar-application-managehandovers-display-component---AddNewHO--section4-anchor"}]}
RESULT: undefined
COMMAND: POST /session/d41a4ef9228655ec76246a5e56c44812/element - {"using":"xpath","value":"//*[@id=\"application-managehandovers-display-component---AddNewHO--ObjectPageLayout-anchBar-application-managehandovers-display-component---AddNewHO--section4-anchor\"]"}
RESULT: {"using":"xpath","value":"//*[@id=\"application-managehandovers-display-component---AddNewHO--ObjectPageLayout-anchBar-application-managehandovers-display-component---AddNewHO--section4-anchor\"]"}
COMMAND: POST /session/d41a4ef9228655ec76246a5e56c44812/element/f.8359050118E493E9D810750CB1F2C9B3.d.F08FA37DD110690681721D657B4DE733.e.5155/click - {}
RESULT: {}
COMMAND: POST /session/d41a4ef9228655ec76246a5e56c44812/element - {"using":"xpath","value":"//button[@aria-label=\"Add\"]"}
COMMAND: GET /session/d41a4ef9228655ec76246a5e56c44812/screenshot - {}
RESULT: {}
RESULT: {"using":"xpath","value":"//button[@aria-label=\"Add\"]"}
COMMAND: POST /session/d41a4ef9228655ec76246a5e56c44812/element/f.8359050118E493E9D810750CB1F2C9B3.d.F08FA37DD110690681721D657B4DE733.e.5157/click - {}
RESULT: {}
COMMAND: GET /session/d41a4ef9228655ec76246a5e56c44812/screenshot - {}
RESULT: {}
COMMAND: POST /session/d41a4ef9228655ec76246a5e56c44812/execute/async - {"script":"<script> [1562 bytes]","args":[{"selector":{"id":"application-managehandovers-display-component---AddNewHO--smartFilterBar-btnBasicSearch","searchOpenDialogs":true,"interaction":{"idSuffix":"I"}},"wdio_ui5_key":"applicationmanagehandovers-display-component---AddNewHO--smartFilterBar-btnBasicSearch"}]}
RESULT: {"script":"<script> [1562 bytes]","args":[{"selector":{"id":"application-managehandovers-display-component---AddNewHO--smartFilterBar-btnBasicSearch","searchOpenDialogs":true,"interaction":{"idSuffix":"I"}},"wdio_ui5_key":"applicationmanagehandovers-display-component---AddNewHO--smartFilterBar-btnBasicSearch"}]}
RESULT: undefined
COMMAND: POST /session/d41a4ef9228655ec76246a5e56c44812/execute/async - {"script":"<script> [776 bytes]","args":[{"enterText":"200232","selector":{"id":"application-managehandovers-display-component---AddNewHO--smartFilterBar-btnBasicSearch","searchOpenDialogs":true,"interaction":{"idSuffix":"I"}},"clearTextFirst":true,"interactionType":"ENTER_TEXT"}]}
RESULT: {"script":"<script> [776 bytes]","args":[{"enterText":"200232","selector":{"id":"application-managehandovers-display-component---AddNewHO--smartFilterBar-btnBasicSearch","searchOpenDialogs":true,"interaction":{"idSuffix":"I"}},"clearTextFirst":true,"interactionType":"ENTER_TEXT"}]}
COMMAND: POST /session/d41a4ef9228655ec76246a5e56c44812/actions - {"actions":[{"id":"action21","type":"key","parameters":{},"actions":[{"type":"keyDown","value":"î€‡"},{"type":"pause","duration":10},{"type":"keyUp","value":"î€‡"}]}]}
RESULT: {"actions":[{"id":"action21","type":"key","parameters":{},"actions":[{"type":"keyDown","value":"î€‡"},{"type":"pause","duration":10},{"type":"keyUp","value":"î€‡"}]}]}
COMMAND: GET /session/d41a4ef9228655ec76246a5e56c44812/screenshot - {}
RESULT: {}
COMMAND: POST /session/d41a4ef9228655ec76246a5e56c44812/execute/async - {"script":"<script> [1562 bytes]","args":[{"selector":{"id":"application-managehandovers-display-component---AddNewHO--popup-sa","searchOpenDialogs":true,"interaction":{"idSuffix":"CbBg"}},"wdio_ui5_key":"applicationmanagehandovers-display-component---AddNewHO--popup-sa"}]}
RESULT: {"script":"<script> [1562 bytes]","args":[{"selector":{"id":"application-managehandovers-display-component---AddNewHO--popup-sa","searchOpenDialogs":true,"interaction":{"idSuffix":"CbBg"}},"wdio_ui5_key":"applicationmanagehandovers-display-component---AddNewHO--popup-sa"}]}
RESULT: undefined
COMMAND: POST /session/d41a4ef9228655ec76246a5e56c44812/element - {"using":"xpath","value":"//*[@id=\"application-managehandovers-display-component---AddNewHO--popup-sa\"]"}
RESULT: {"using":"xpath","value":"//*[@id=\"application-managehandovers-display-component---AddNewHO--popup-sa\"]"}
COMMAND: POST /session/d41a4ef9228655ec76246a5e56c44812/element/f.8359050118E493E9D810750CB1F2C9B3.d.F08FA37DD110690681721D657B4DE733.e.5310/click - {}
RESULT: {}
COMMAND: GET /session/d41a4ef9228655ec76246a5e56c44812/screenshot - {}
RESULT: {}
COMMAND: POST /session/d41a4ef9228655ec76246a5e56c44812/element - {"using":"xpath","value":"//bdi[contains(text(), \"Select\")]"}
RESULT: {"using":"xpath","value":"//bdi[contains(text(), \"Select\")]"}
COMMAND: POST /session/d41a4ef9228655ec76246a5e56c44812/element/f.8359050118E493E9D810750CB1F2C9B3.d.F08FA37DD110690681721D657B4DE733.e.5311/click - {}
RESULT: {}
COMMAND: GET /session/d41a4ef9228655ec76246a5e56c44812/screenshot - {}
RESULT: {}
COMMAND: POST /session/d41a4ef9228655ec76246a5e56c44812/element - {"using":"xpath","value":"//button[@data-kt=\"AddNewHOSaveButton\"]"}
RESULT: {"using":"xpath","value":"//button[@data-kt=\"AddNewHOSaveButton\"]"}
COMMAND: POST /session/d41a4ef9228655ec76246a5e56c44812/element/f.8359050118E493E9D810750CB1F2C9B3.d.F08FA37DD110690681721D657B4DE733.e.5315/click - {}
RESULT: {}
COMMAND: GET /session/d41a4ef9228655ec76246a5e56c44812/screenshot - {}
RESULT: {}
COMMAND: POST /session/d41a4ef9228655ec76246a5e56c44812/execute/async - {"script":"<script> [1562 bytes]","args":[{"selector":{"id":"receiptDatePicker","viewName":"etm.portal.ui.managehandovers.view.DetailExecuteHO","interaction":{"idSuffix":"inner"}},"wdio_ui5_key":"receiptDatePickeretmportal.ui.managehandovers.view.DetailExecuteHO"}]}
RESULT: {"script":"<script> [1562 bytes]","args":[{"selector":{"id":"receiptDatePicker","viewName":"etm.portal.ui.managehandovers.view.DetailExecuteHO","interaction":{"idSuffix":"inner"}},"wdio_ui5_key":"receiptDatePickeretmportal.ui.managehandovers.view.DetailExecuteHO"}]}
RESULT: undefined
COMMAND: POST /session/d41a4ef9228655ec76246a5e56c44812/execute/async - {"script":"<script> [6424 bytes]","args":[{"element-6066-11e4-a52e-4f735466cecf":"f.8359050118E493E9D810750CB1F2C9B3.d.F08FA37DD110690681721D657B4DE733.e.5334"},"setValue",["5/16/25"]]}
RESULT: {"script":"<script> [6424 bytes]","args":[{"element-6066-11e4-a52e-4f735466cecf":"f.8359050118E493E9D810750CB1F2C9B3.d.F08FA37DD110690681721D657B4DE733.e.5334"},"setValue",["5/16/25"]]}
COMMAND: POST /session/d41a4ef9228655ec76246a5e56c44812/element - {"using":"xpath","value":"//button[@data-kt=\"PickingTableConfirmAllButton\"]"}
RESULT: {"using":"xpath","value":"//button[@data-kt=\"PickingTableConfirmAllButton\"]"}
COMMAND: POST /session/d41a4ef9228655ec76246a5e56c44812/element/f.8359050118E493E9D810750CB1F2C9B3.d.F08FA37DD110690681721D657B4DE733.e.5350/click - {}
RESULT: {}
COMMAND: GET /session/d41a4ef9228655ec76246a5e56c44812/screenshot - {}
RESULT: {}
COMMAND: POST /session/d41a4ef9228655ec76246a5e56c44812/element - {"using":"xpath","value":"//bdi[contains(text(), \"OK\")]"}
RESULT: {"using":"xpath","value":"//bdi[contains(text(), \"OK\")]"}
COMMAND: POST /session/d41a4ef9228655ec76246a5e56c44812/element/f.8359050118E493E9D810750CB1F2C9B3.d.F08FA37DD110690681721D657B4DE733.e.5353/click - {}
RESULT: {}
COMMAND: GET /session/d41a4ef9228655ec76246a5e56c44812/screenshot - {}
RESULT: {}
COMMAND: POST /session/d41a4ef9228655ec76246a5e56c44812/element - {"using":"xpath","value":"(//bdi[contains(text(), \"Receive\")])[2]"}
RESULT: {"using":"xpath","value":"(//bdi[contains(text(), \"Receive\")])[2]"}
COMMAND: POST /session/d41a4ef9228655ec76246a5e56c44812/element/f.8359050118E493E9D810750CB1F2C9B3.d.F08FA37DD110690681721D657B4DE733.e.5354/click - {}
RESULT: {}
COMMAND: GET /session/d41a4ef9228655ec76246a5e56c44812/screenshot - {}
RESULT: {}
COMMAND: POST /session/d41a4ef9228655ec76246a5e56c44812/element - {"using":"css selector","value":"#shell-header-logo"}
RESULT: {"using":"css selector","value":"#shell-header-logo"}
COMMAND: POST /session/d41a4ef9228655ec76246a5e56c44812/element/f.8359050118E493E9D810750CB1F2C9B3.d.F08FA37DD110690681721D657B4DE733.e.4742/click - {}
RESULT: {}
COMMAND: GET /session/d41a4ef9228655ec76246a5e56c44812/screenshot - {}
RESULT: {}
]]></system-out>
    </testcase>
    <testcase classname="chrome.136_0_7103_93.windows.Provide_to_Site_w/_warehouse_management_w_clarification" name="Should create a new contract" time="61.445">
      <system-out><![CDATA[
COMMAND: POST /session/d41a4ef9228655ec76246a5e56c44812/execute/async - {"script":"<script> [1562 bytes]","args":[{"selector":{"controlType":"sap.m.GenericTile","properties":{"header":"Manage Contracts"}},"wdio_ui5_key":"sapm.GenericTile{\"header\":\"Manage Contracts\"}"}]}
RESULT: {"script":"<script> [1562 bytes]","args":[{"selector":{"controlType":"sap.m.GenericTile","properties":{"header":"Manage Contracts"}},"wdio_ui5_key":"sapm.GenericTile{\"header\":\"Manage Contracts\"}"}]}
RESULT: undefined
COMMAND: POST /session/d41a4ef9228655ec76246a5e56c44812/element - {"using":"xpath","value":"//*[@id=\"__tile130\"]"}
RESULT: {"using":"xpath","value":"//*[@id=\"__tile130\"]"}
COMMAND: POST /session/d41a4ef9228655ec76246a5e56c44812/element/f.8359050118E493E9D810750CB1F2C9B3.d.F08FA37DD110690681721D657B4DE733.e.4302/click - {}
RESULT: {}
COMMAND: GET /session/d41a4ef9228655ec76246a5e56c44812/screenshot - {}
RESULT: {}
COMMAND: POST /session/d41a4ef9228655ec76246a5e56c44812/elements - {"using":"xpath","value":"//span[text()='Error']"}
RESULT: {"using":"xpath","value":"//span[text()='Error']"}
COMMAND: POST /session/d41a4ef9228655ec76246a5e56c44812/element - {"using":"xpath","value":"//button[@data-kt=\"addButton\"]"}
RESULT: {"using":"xpath","value":"//button[@data-kt=\"addButton\"]"}
COMMAND: POST /session/d41a4ef9228655ec76246a5e56c44812/elements - {"using":"xpath","value":"//button[@data-kt=\"addButton\"]"}
RESULT: {"using":"xpath","value":"//button[@data-kt=\"addButton\"]"}
COMMAND: POST /session/d41a4ef9228655ec76246a5e56c44812/execute/sync - {"script":"<script> [8489 bytes]","args":[{"element-6066-11e4-a52e-4f735466cecf":"f.8359050118E493E9D810750CB1F2C9B3.d.F08FA37DD110690681721D657B4DE733.e.5576","ELEMENT":"f.8359050118E493E9D810750CB1F2C9B3.d.F08FA37DD110690681721D657B4DE733.e.5576"}]}
RESULT: {"script":"<script> [8489 bytes]","args":[{"element-6066-11e4-a52e-4f735466cecf":"f.8359050118E493E9D810750CB1F2C9B3.d.F08FA37DD110690681721D657B4DE733.e.5576","ELEMENT":"f.8359050118E493E9D810750CB1F2C9B3.d.F08FA37DD110690681721D657B4DE733.e.5576"}]}
COMMAND: GET /session/d41a4ef9228655ec76246a5e56c44812/element/f.8359050118E493E9D810750CB1F2C9B3.d.F08FA37DD110690681721D657B4DE733.e.5576/enabled - {}
COMMAND: GET /session/d41a4ef9228655ec76246a5e56c44812/screenshot - {}
RESULT: {}
COMMAND: POST /session/d41a4ef9228655ec76246a5e56c44812/execute/sync - {"script":"<script> [8489 bytes]","args":[{"element-6066-11e4-a52e-4f735466cecf":"f.8359050118E493E9D810750CB1F2C9B3.d.F08FA37DD110690681721D657B4DE733.e.5576","ELEMENT":"f.8359050118E493E9D810750CB1F2C9B3.d.F08FA37DD110690681721D657B4DE733.e.5576"}]}
COMMAND: GET /session/d41a4ef9228655ec76246a5e56c44812/screenshot - {}
RESULT: {}
RESULT: {"script":"<script> [8489 bytes]","args":[{"element-6066-11e4-a52e-4f735466cecf":"f.8359050118E493E9D810750CB1F2C9B3.d.F08FA37DD110690681721D657B4DE733.e.5576","ELEMENT":"f.8359050118E493E9D810750CB1F2C9B3.d.F08FA37DD110690681721D657B4DE733.e.5576"}]}
COMMAND: POST /session/d41a4ef9228655ec76246a5e56c44812/execute/sync - {"script":"<script> [5351 bytes]","args":[{"element-6066-11e4-a52e-4f735466cecf":"f.8359050118E493E9D810750CB1F2C9B3.d.F08FA37DD110690681721D657B4DE733.e.5576","ELEMENT":"f.8359050118E493E9D810750CB1F2C9B3.d.F08FA37DD110690681721D657B4DE733.e.5576"}]}
COMMAND: GET /session/d41a4ef9228655ec76246a5e56c44812/screenshot - {}
RESULT: {}
RESULT: {"script":"<script> [5351 bytes]","args":[{"element-6066-11e4-a52e-4f735466cecf":"f.8359050118E493E9D810750CB1F2C9B3.d.F08FA37DD110690681721D657B4DE733.e.5576","ELEMENT":"f.8359050118E493E9D810750CB1F2C9B3.d.F08FA37DD110690681721D657B4DE733.e.5576"}]}
COMMAND: GET /session/d41a4ef9228655ec76246a5e56c44812/screenshot - {}
RESULT: {}
RESULT: {}
COMMAND: POST /session/d41a4ef9228655ec76246a5e56c44812/element/f.8359050118E493E9D810750CB1F2C9B3.d.F08FA37DD110690681721D657B4DE733.e.5576/click - {}
RESULT: {}
COMMAND: GET /session/d41a4ef9228655ec76246a5e56c44812/screenshot - {}
COMMAND: POST /session/d41a4ef9228655ec76246a5e56c44812/execute/async - {"script":"<script> [1562 bytes]","args":[{"selector":{"id":"application-managecontracts-display-component---AddNewContract--projectDescription","interaction":{"idSuffix":"inner"}},"wdio_ui5_key":"applicationmanagecontracts-display-component---AddNewContract--projectDescription"}]}
RESULT: {}
RESULT: {"script":"<script> [1562 bytes]","args":[{"selector":{"id":"application-managecontracts-display-component---AddNewContract--projectDescription","interaction":{"idSuffix":"inner"}},"wdio_ui5_key":"applicationmanagecontracts-display-component---AddNewContract--projectDescription"}]}
RESULT: undefined
COMMAND: POST /session/d41a4ef9228655ec76246a5e56c44812/execute/async - {"script":"<script> [776 bytes]","args":[{"enterText":"Contract WDIO","selector":{"id":"application-managecontracts-display-component---AddNewContract--projectDescription","interaction":{"idSuffix":"inner"}},"clearTextFirst":true,"interactionType":"ENTER_TEXT"}]}
RESULT: {"script":"<script> [776 bytes]","args":[{"enterText":"Contract WDIO","selector":{"id":"application-managecontracts-display-component---AddNewContract--projectDescription","interaction":{"idSuffix":"inner"}},"clearTextFirst":true,"interactionType":"ENTER_TEXT"}]}
COMMAND: POST /session/d41a4ef9228655ec76246a5e56c44812/element - {"using":"xpath","value":"//input[@id=\"application-managecontracts-display-component---AddNewContract--site-inner\"]"}
RESULT: {"using":"xpath","value":"//input[@id=\"application-managecontracts-display-component---AddNewContract--site-inner\"]"}
COMMAND: POST /session/d41a4ef9228655ec76246a5e56c44812/element/f.8359050118E493E9D810750CB1F2C9B3.d.F08FA37DD110690681721D657B4DE733.e.5930/clear - {}
RESULT: {}
COMMAND: POST /session/d41a4ef9228655ec76246a5e56c44812/element/f.8359050118E493E9D810750CB1F2C9B3.d.F08FA37DD110690681721D657B4DE733.e.5930/value - {"text":"2220"}
COMMAND: GET /session/d41a4ef9228655ec76246a5e56c44812/screenshot - {}
RESULT: {"text":"2220"}
COMMAND: GET /session/d41a4ef9228655ec76246a5e56c44812/screenshot - {}
RESULT: {}
RESULT: {}
COMMAND: POST /session/d41a4ef9228655ec76246a5e56c44812/element - {"using":"xpath","value":"//li[.//span[text()='2220']]"}
RESULT: {"using":"xpath","value":"//li[.//span[text()='2220']]"}
COMMAND: POST /session/d41a4ef9228655ec76246a5e56c44812/element/f.8359050118E493E9D810750CB1F2C9B3.d.F08FA37DD110690681721D657B4DE733.e.5959/click - {}
RESULT: {}
COMMAND: GET /session/d41a4ef9228655ec76246a5e56c44812/screenshot - {}
RESULT: {}
COMMAND: POST /session/d41a4ef9228655ec76246a5e56c44812/element - {"using":"xpath","value":"//input[@id=\"application-managecontracts-display-component---AddNewContract--yardId-inner\"]"}
RESULT: {"using":"xpath","value":"//input[@id=\"application-managecontracts-display-component---AddNewContract--yardId-inner\"]"}
COMMAND: GET /session/d41a4ef9228655ec76246a5e56c44812/element/f.8359050118E493E9D810750CB1F2C9B3.d.F08FA37DD110690681721D657B4DE733.e.5931/property/value - {}
RESULT: {}
COMMAND: POST /session/d41a4ef9228655ec76246a5e56c44812/element - {"using":"xpath","value":"//input[@id=\"application-managecontracts-display-component---AddNewContract--customerSelect-inner\"]"}
COMMAND: GET /session/d41a4ef9228655ec76246a5e56c44812/screenshot - {}
RESULT: {"using":"xpath","value":"//input[@id=\"application-managecontracts-display-component---AddNewContract--customerSelect-inner\"]"}
COMMAND: POST /session/d41a4ef9228655ec76246a5e56c44812/element/f.8359050118E493E9D810750CB1F2C9B3.d.F08FA37DD110690681721D657B4DE733.e.5929/clear - {}
RESULT: {}
RESULT: {}
COMMAND: POST /session/d41a4ef9228655ec76246a5e56c44812/element/f.8359050118E493E9D810750CB1F2C9B3.d.F08FA37DD110690681721D657B4DE733.e.5929/value - {"text":"1260"}
COMMAND: GET /session/d41a4ef9228655ec76246a5e56c44812/screenshot - {}
RESULT: {"text":"1260"}
COMMAND: GET /session/d41a4ef9228655ec76246a5e56c44812/screenshot - {}
RESULT: {}
RESULT: {}
COMMAND: POST /session/d41a4ef9228655ec76246a5e56c44812/element - {"using":"xpath","value":"//li[.//span[text()='1260']]"}
RESULT: {"using":"xpath","value":"//li[.//span[text()='1260']]"}
COMMAND: POST /session/d41a4ef9228655ec76246a5e56c44812/element/f.8359050118E493E9D810750CB1F2C9B3.d.F08FA37DD110690681721D657B4DE733.e.5962/click - {}
RESULT: {}
COMMAND: GET /session/d41a4ef9228655ec76246a5e56c44812/screenshot - {}
RESULT: {}
COMMAND: POST /session/d41a4ef9228655ec76246a5e56c44812/element - {"using":"xpath","value":"//button[@data-kt=\"saveButton\"]"}
RESULT: {"using":"xpath","value":"//button[@data-kt=\"saveButton\"]"}
COMMAND: POST /session/d41a4ef9228655ec76246a5e56c44812/element/f.8359050118E493E9D810750CB1F2C9B3.d.F08FA37DD110690681721D657B4DE733.e.5963/click - {}
RESULT: {}
COMMAND: GET /session/d41a4ef9228655ec76246a5e56c44812/screenshot - {}
RESULT: {}
COMMAND: POST /session/d41a4ef9228655ec76246a5e56c44812/element - {"using":"xpath","value":"//span[contains(@id ,\"contractDetailTitleNoExpanded\")]"}
RESULT: {"using":"xpath","value":"//span[contains(@id ,\"contractDetailTitleNoExpanded\")]"}
COMMAND: POST /session/d41a4ef9228655ec76246a5e56c44812/elements - {"using":"xpath","value":"//span[contains(@id ,\"contractDetailTitleNoExpanded\")]"}
RESULT: {"using":"xpath","value":"//span[contains(@id ,\"contractDetailTitleNoExpanded\")]"}
COMMAND: POST /session/d41a4ef9228655ec76246a5e56c44812/execute/sync - {"script":"<script> [56 bytes]","args":[{"element-6066-11e4-a52e-4f735466cecf":"f.8359050118E493E9D810750CB1F2C9B3.d.F08FA37DD110690681721D657B4DE733.e.6035","ELEMENT":"f.8359050118E493E9D810750CB1F2C9B3.d.F08FA37DD110690681721D657B4DE733.e.6035"}]}
RESULT: {"script":"<script> [56 bytes]","args":[{"element-6066-11e4-a52e-4f735466cecf":"f.8359050118E493E9D810750CB1F2C9B3.d.F08FA37DD110690681721D657B4DE733.e.6035","ELEMENT":"f.8359050118E493E9D810750CB1F2C9B3.d.F08FA37DD110690681721D657B4DE733.e.6035"}]}
COMMAND: GET /session/d41a4ef9228655ec76246a5e56c44812/screenshot - {}
RESULT: {}
]]></system-out>
    </testcase>
    <testcase classname="chrome.136_0_7103_93.windows.Provide_to_Site_w/_warehouse_management_w_clarification" name="Should add equipment to the contract" time="57.535">
      <system-out><![CDATA[
COMMAND: POST /session/d41a4ef9228655ec76246a5e56c44812/element - {"using":"xpath","value":"//button[@data-kt=\"contractDetailEditBtnButton\"]"}
RESULT: {"using":"xpath","value":"//button[@data-kt=\"contractDetailEditBtnButton\"]"}
COMMAND: POST /session/d41a4ef9228655ec76246a5e56c44812/element/f.8359050118E493E9D810750CB1F2C9B3.d.F08FA37DD110690681721D657B4DE733.e.6036/click - {}
RESULT: {}
COMMAND: GET /session/d41a4ef9228655ec76246a5e56c44812/screenshot - {}
RESULT: {}
COMMAND: POST /session/d41a4ef9228655ec76246a5e56c44812/element - {"using":"xpath","value":"(//span[contains(text(), \"Additional Addresses\")])[2]"}
RESULT: {"using":"xpath","value":"(//span[contains(text(), \"Additional Addresses\")])[2]"}
COMMAND: POST /session/d41a4ef9228655ec76246a5e56c44812/element/f.8359050118E493E9D810750CB1F2C9B3.d.F08FA37DD110690681721D657B4DE733.e.6093/click - {}
RESULT: {}
COMMAND: GET /session/d41a4ef9228655ec76246a5e56c44812/screenshot - {}
RESULT: {}
COMMAND: POST /session/d41a4ef9228655ec76246a5e56c44812/element - {"using":"xpath","value":"//button[@data-kt=\"btnAddTableRowOverflowToolbarButton\"]"}
RESULT: {"using":"xpath","value":"//button[@data-kt=\"btnAddTableRowOverflowToolbarButton\"]"}
COMMAND: POST /session/d41a4ef9228655ec76246a5e56c44812/element/f.8359050118E493E9D810750CB1F2C9B3.d.F08FA37DD110690681721D657B4DE733.e.6095/click - {}
RESULT: {}
COMMAND: GET /session/d41a4ef9228655ec76246a5e56c44812/screenshot - {}
RESULT: {}
COMMAND: POST /session/d41a4ef9228655ec76246a5e56c44812/element - {"using":"xpath","value":"//div[(text() = 'Standard Entry' or . = 'Standard Entry')]"}
RESULT: {"using":"xpath","value":"//div[(text() = 'Standard Entry' or . = 'Standard Entry')]"}
COMMAND: POST /session/d41a4ef9228655ec76246a5e56c44812/element/f.8359050118E493E9D810750CB1F2C9B3.d.F08FA37DD110690681721D657B4DE733.e.6097/click - {}
RESULT: {}
COMMAND: GET /session/d41a4ef9228655ec76246a5e56c44812/screenshot - {}
RESULT: {}
COMMAND: POST /session/d41a4ef9228655ec76246a5e56c44812/element - {"using":"xpath","value":"//td[6]/div/div/div/span"}
RESULT: {"using":"xpath","value":"//td[6]/div/div/div/span"}
COMMAND: POST /session/d41a4ef9228655ec76246a5e56c44812/element/f.8359050118E493E9D810750CB1F2C9B3.d.F08FA37DD110690681721D657B4DE733.e.6109/click - {}
RESULT: {}
COMMAND: GET /session/d41a4ef9228655ec76246a5e56c44812/screenshot - {}
RESULT: {}
COMMAND: POST /session/d41a4ef9228655ec76246a5e56c44812/element - {"using":"xpath","value":"(//span[contains(text(), \"Material\")])"}
RESULT: {"using":"xpath","value":"(//span[contains(text(), \"Material\")])"}
COMMAND: POST /session/d41a4ef9228655ec76246a5e56c44812/element/f.8359050118E493E9D810750CB1F2C9B3.d.F08FA37DD110690681721D657B4DE733.e.6110/click - {}
RESULT: {}
COMMAND: GET /session/d41a4ef9228655ec76246a5e56c44812/screenshot - {}
RESULT: {}
COMMAND: POST /session/d41a4ef9228655ec76246a5e56c44812/element - {"using":"xpath","value":"//td[7]/div/div/input"}
RESULT: {"using":"xpath","value":"//td[7]/div/div/input"}
COMMAND: POST /session/d41a4ef9228655ec76246a5e56c44812/element/f.8359050118E493E9D810750CB1F2C9B3.d.F08FA37DD110690681721D657B4DE733.e.6113/clear - {}
RESULT: {}
COMMAND: POST /session/d41a4ef9228655ec76246a5e56c44812/element/f.8359050118E493E9D810750CB1F2C9B3.d.F08FA37DD110690681721D657B4DE733.e.6113/value - {"text":"200232"}
COMMAND: GET /session/d41a4ef9228655ec76246a5e56c44812/screenshot - {}
RESULT: {"text":"200232"}
COMMAND: GET /session/d41a4ef9228655ec76246a5e56c44812/screenshot - {}
RESULT: {}
RESULT: {}
COMMAND: POST /session/d41a4ef9228655ec76246a5e56c44812/actions - {"actions":[{"id":"action22","type":"key","parameters":{},"actions":[{"type":"keyDown","value":"î€‡"},{"type":"pause","duration":10},{"type":"keyUp","value":"î€‡"}]}]}
RESULT: {"actions":[{"id":"action22","type":"key","parameters":{},"actions":[{"type":"keyDown","value":"î€‡"},{"type":"pause","duration":10},{"type":"keyUp","value":"î€‡"}]}]}
COMMAND: GET /session/d41a4ef9228655ec76246a5e56c44812/screenshot - {}
RESULT: {}
COMMAND: POST /session/d41a4ef9228655ec76246a5e56c44812/execute/sync - {"script":"<script> [276 bytes]","args":["No pricing information was found"]}
RESULT: {"script":"<script> [276 bytes]","args":["No pricing information was found"]}
COMMAND: POST /session/d41a4ef9228655ec76246a5e56c44812/element - {"using":"xpath","value":"//bdi[contains(text(), \"OK\")]"}
COMMAND: GET /session/d41a4ef9228655ec76246a5e56c44812/screenshot - {}
RESULT: {"using":"xpath","value":"//bdi[contains(text(), \"OK\")]"}
COMMAND: POST /session/d41a4ef9228655ec76246a5e56c44812/element/f.8359050118E493E9D810750CB1F2C9B3.d.F08FA37DD110690681721D657B4DE733.e.6139/click - {}
RESULT: {}
RESULT: {}
COMMAND: GET /session/d41a4ef9228655ec76246a5e56c44812/screenshot - {}
RESULT: {}
COMMAND: POST /session/d41a4ef9228655ec76246a5e56c44812/element - {"using":"xpath","value":"(//button[@data-kt=\"saveButton\"])[2]"}
RESULT: {"using":"xpath","value":"(//button[@data-kt=\"saveButton\"])[2]"}
COMMAND: POST /session/d41a4ef9228655ec76246a5e56c44812/element/f.8359050118E493E9D810750CB1F2C9B3.d.F08FA37DD110690681721D657B4DE733.e.6140/click - {}
RESULT: {}
COMMAND: GET /session/d41a4ef9228655ec76246a5e56c44812/screenshot - {}
RESULT: {}
COMMAND: POST /session/d41a4ef9228655ec76246a5e56c44812/execute/sync - {"script":"<script> [276 bytes]","args":["Some contract items are having rental validity exceeding header rental validity"]}
RESULT: {"script":"<script> [276 bytes]","args":["Some contract items are having rental validity exceeding header rental validity"]}
COMMAND: GET /session/d41a4ef9228655ec76246a5e56c44812/screenshot - {}
RESULT: {}
COMMAND: POST /session/d41a4ef9228655ec76246a5e56c44812/element - {"using":"xpath","value":"//span[contains(@id ,\"contractItemsSmartTable-header-inner\")]"}
RESULT: {"using":"xpath","value":"//span[contains(@id ,\"contractItemsSmartTable-header-inner\")]"}
COMMAND: POST /session/d41a4ef9228655ec76246a5e56c44812/elements - {"using":"xpath","value":"//span[contains(@id ,\"contractItemsSmartTable-header-inner\")]"}
RESULT: {"using":"xpath","value":"//span[contains(@id ,\"contractItemsSmartTable-header-inner\")]"}
COMMAND: POST /session/d41a4ef9228655ec76246a5e56c44812/execute/sync - {"script":"<script> [56 bytes]","args":[{"element-6066-11e4-a52e-4f735466cecf":"f.8359050118E493E9D810750CB1F2C9B3.d.F08FA37DD110690681721D657B4DE733.e.6144","ELEMENT":"f.8359050118E493E9D810750CB1F2C9B3.d.F08FA37DD110690681721D657B4DE733.e.6144"}]}
RESULT: {"script":"<script> [56 bytes]","args":[{"element-6066-11e4-a52e-4f735466cecf":"f.8359050118E493E9D810750CB1F2C9B3.d.F08FA37DD110690681721D657B4DE733.e.6144","ELEMENT":"f.8359050118E493E9D810750CB1F2C9B3.d.F08FA37DD110690681721D657B4DE733.e.6144"}]}
COMMAND: GET /session/d41a4ef9228655ec76246a5e56c44812/screenshot - {}
]]></system-out>
    </testcase>
    <testcase classname="chrome.136_0_7103_93.windows.Provide_to_Site_w/_warehouse_management_w_clarification" name="Should provide to site" time="41.452">
      <system-out><![CDATA[
COMMAND: POST /session/d41a4ef9228655ec76246a5e56c44812/element - {"using":"xpath","value":"//button[@data-kt=\"provideButton\"]"}
RESULT: {}
RESULT: {"using":"xpath","value":"//button[@data-kt=\"provideButton\"]"}
COMMAND: POST /session/d41a4ef9228655ec76246a5e56c44812/element/f.8359050118E493E9D810750CB1F2C9B3.d.F08FA37DD110690681721D657B4DE733.e.6145/click - {}
RESULT: {}
COMMAND: GET /session/d41a4ef9228655ec76246a5e56c44812/screenshot - {}
RESULT: {}
RESULT: undefined
COMMAND: POST /session/d41a4ef9228655ec76246a5e56c44812/execute/async - {"script":"<script> [6424 bytes]","args":[{"element-6066-11e4-a52e-4f735466cecf":"f.8359050118E493E9D810750CB1F2C9B3.d.F08FA37DD110690681721D657B4DE733.e.5133"},"setValue",["05/16/25"]]}
COMMAND: POST /session/d41a4ef9228655ec76246a5e56c44812/execute/async - {"script":"<script> [1562 bytes]","args":[{"selector":{"id":"application-managehandovers-display-component---AddNewHO--dueDate","interaction":{"idSuffix":"inner"}},"wdio_ui5_key":"applicationmanagehandovers-display-component---AddNewHO--dueDate"}]}
RESULT: {"script":"<script> [1562 bytes]","args":[{"selector":{"id":"application-managehandovers-display-component---AddNewHO--dueDate","interaction":{"idSuffix":"inner"}},"wdio_ui5_key":"applicationmanagehandovers-display-component---AddNewHO--dueDate"}]}
COMMAND: POST /session/d41a4ef9228655ec76246a5e56c44812/execute/async - {"script":"<script> [6424 bytes]","args":[{"element-6066-11e4-a52e-4f735466cecf":"f.8359050118E493E9D810750CB1F2C9B3.d.F08FA37DD110690681721D657B4DE733.e.6202"},"setValue",["05/16/25"]]}
RESULT: {"script":"<script> [6424 bytes]","args":[{"element-6066-11e4-a52e-4f735466cecf":"f.8359050118E493E9D810750CB1F2C9B3.d.F08FA37DD110690681721D657B4DE733.e.6202"},"setValue",["05/16/25"]]}
COMMAND: POST /session/d41a4ef9228655ec76246a5e56c44812/element - {"using":"xpath","value":"//bdi[contains(text(), \"Instructions\")]"}
RESULT: {"using":"xpath","value":"//bdi[contains(text(), \"Instructions\")]"}
COMMAND: POST /session/d41a4ef9228655ec76246a5e56c44812/element/f.8359050118E493E9D810750CB1F2C9B3.d.F08FA37DD110690681721D657B4DE733.e.6462/click - {}
RESULT: {}
COMMAND: GET /session/d41a4ef9228655ec76246a5e56c44812/screenshot - {}
RESULT: {}
COMMAND: POST /session/d41a4ef9228655ec76246a5e56c44812/element - {"using":"xpath","value":"//button[@data-kt=\"AddNewHOProvideAddItemsButton\"]"}
RESULT: {"using":"xpath","value":"//button[@data-kt=\"AddNewHOProvideAddItemsButton\"]"}
COMMAND: POST /session/d41a4ef9228655ec76246a5e56c44812/element/f.8359050118E493E9D810750CB1F2C9B3.d.F08FA37DD110690681721D657B4DE733.e.6466/click - {}
RESULT: {}
COMMAND: GET /session/d41a4ef9228655ec76246a5e56c44812/screenshot - {}
RESULT: {}
RESULT: undefined
COMMAND: POST /session/d41a4ef9228655ec76246a5e56c44812/element - {"using":"xpath","value":"//*[@id=\"application-managehandovers-display-component---AddNewHO--popup-sa\"]"}
RESULT: {"using":"xpath","value":"//*[@id=\"application-managehandovers-display-component---AddNewHO--popup-sa\"]"}
COMMAND: POST /session/d41a4ef9228655ec76246a5e56c44812/element/f.8359050118E493E9D810750CB1F2C9B3.d.F08FA37DD110690681721D657B4DE733.e.6481/click - {}
RESULT: {}
COMMAND: GET /session/d41a4ef9228655ec76246a5e56c44812/screenshot - {}
RESULT: {}
COMMAND: POST /session/d41a4ef9228655ec76246a5e56c44812/element - {"using":"xpath","value":"//*[contains(@id ,\"BDI-content\")][contains(text(), \"Select\")]"}
RESULT: {"using":"xpath","value":"//*[contains(@id ,\"BDI-content\")][contains(text(), \"Select\")]"}
COMMAND: POST /session/d41a4ef9228655ec76246a5e56c44812/element/f.8359050118E493E9D810750CB1F2C9B3.d.F08FA37DD110690681721D657B4DE733.e.6483/click - {}
RESULT: {}
COMMAND: GET /session/d41a4ef9228655ec76246a5e56c44812/screenshot - {}
RESULT: {}
COMMAND: POST /session/d41a4ef9228655ec76246a5e56c44812/element - {"using":"xpath","value":"//bdi[(text() = 'Save' or . = 'Save')]"}
RESULT: {"using":"xpath","value":"//bdi[(text() = 'Save' or . = 'Save')]"}
COMMAND: POST /session/d41a4ef9228655ec76246a5e56c44812/element/f.8359050118E493E9D810750CB1F2C9B3.d.F08FA37DD110690681721D657B4DE733.e.6486/click - {}
RESULT: {}
COMMAND: GET /session/d41a4ef9228655ec76246a5e56c44812/screenshot - {}
RESULT: {}
]]></system-out>
    </testcase>
    <testcase classname="chrome.136_0_7103_93.windows.Provide_to_Site_w/_warehouse_management_w_clarification" name="Should test for Handover Execution" time="161.016">
      <system-out><![CDATA[
COMMAND: POST /session/d41a4ef9228655ec76246a5e56c44812/execute/async - {"script":"<script> [1562 bytes]","args":[{"selector":{"controlType":"sap.m.Link","viewName":"etm.portal.ui.managehandovers.view.DetailExecuteHO","bindingPath":{"path":"","propertyPath":"/wmDoc","modelName":"warehouseMovModel"}},"wdio_ui5_key":"etmportal.ui.managehandovers.view.DetailExecuteHOsap.m.Link{\"path\":\"\",\"propertyPath\":\"/wmDoc\",\"modelName\":\"warehouseMovModel\"}"}]}
RESULT: {"script":"<script> [1562 bytes]","args":[{"selector":{"controlType":"sap.m.Link","viewName":"etm.portal.ui.managehandovers.view.DetailExecuteHO","bindingPath":{"path":"","propertyPath":"/wmDoc","modelName":"warehouseMovModel"}},"wdio_ui5_key":"etmportal.ui.managehandovers.view.DetailExecuteHOsap.m.Link{\"path\":\"\",\"propertyPath\":\"/wmDoc\",\"modelName\":\"warehouseMovModel\"}"}]}
RESULT: undefined
COMMAND: POST /session/d41a4ef9228655ec76246a5e56c44812/element - {"using":"xpath","value":"//*[@id=\"__link81\"]"}
RESULT: {"using":"xpath","value":"//*[@id=\"__link81\"]"}
COMMAND: POST /session/d41a4ef9228655ec76246a5e56c44812/element/f.8359050118E493E9D810750CB1F2C9B3.d.F08FA37DD110690681721D657B4DE733.e.6520/click - {}
RESULT: {}
COMMAND: GET /session/d41a4ef9228655ec76246a5e56c44812/screenshot - {}
RESULT: {}
COMMAND: POST /session/d41a4ef9228655ec76246a5e56c44812/execute/async - {"script":"<script> [1562 bytes]","args":[{"selector":{"controlType":"sap.m.Link","viewName":"etm.portal.ui.managehandovers.view.DetailExecuteHO","properties":{"text":"Warehouse Overview"},"searchOpenDialogs":true},"wdio_ui5_key":"etmportal.ui.managehandovers.view.DetailExecuteHOsap.m.Link{\"text\":\"Warehouse Overview\"}"}]}
RESULT: {"script":"<script> [1562 bytes]","args":[{"selector":{"controlType":"sap.m.Link","viewName":"etm.portal.ui.managehandovers.view.DetailExecuteHO","properties":{"text":"Warehouse Overview"},"searchOpenDialogs":true},"wdio_ui5_key":"etmportal.ui.managehandovers.view.DetailExecuteHOsap.m.Link{\"text\":\"Warehouse Overview\"}"}]}
RESULT: undefined
COMMAND: POST /session/d41a4ef9228655ec76246a5e56c44812/element - {"using":"xpath","value":"//*[@id=\"__link96\"]"}
RESULT: {"using":"xpath","value":"//*[@id=\"__link96\"]"}
COMMAND: POST /session/d41a4ef9228655ec76246a5e56c44812/element/f.8359050118E493E9D810750CB1F2C9B3.d.F08FA37DD110690681721D657B4DE733.e.6524/click - {}
RESULT: {}
COMMAND: GET /session/d41a4ef9228655ec76246a5e56c44812/screenshot - {}
RESULT: {}
COMMAND: POST /session/d41a4ef9228655ec76246a5e56c44812/execute/async - {"script":"<script> [1562 bytes]","args":[{"selector":{"controlType":"sap.m.Button","viewName":"etm.portal.ui.warehousemovements.view.DisplayMovement","viewId":"application-warehousemovements-display-component---displayMovement","i18NText":{"propertyName":"text","key":"execution"},"interaction":{"idSuffix":"BDI-content"}},"wdio_ui5_key":"etmportal.ui.warehousemovements.view.DisplayMovementsap.m.Button{\"propertyName\":\"text\",\"key\":\"execution\"}"}]}
RESULT: {"script":"<script> [1562 bytes]","args":[{"selector":{"controlType":"sap.m.Button","viewName":"etm.portal.ui.warehousemovements.view.DisplayMovement","viewId":"application-warehousemovements-display-component---displayMovement","i18NText":{"propertyName":"text","key":"execution"},"interaction":{"idSuffix":"BDI-content"}},"wdio_ui5_key":"etmportal.ui.warehousemovements.view.DisplayMovementsap.m.Button{\"propertyName\":\"text\",\"key\":\"execution\"}"}]}
RESULT: undefined
COMMAND: POST /session/d41a4ef9228655ec76246a5e56c44812/element - {"using":"xpath","value":"//*[@id=\"__button219\"]"}
RESULT: {"using":"xpath","value":"//*[@id=\"__button219\"]"}
COMMAND: POST /session/d41a4ef9228655ec76246a5e56c44812/element/f.8359050118E493E9D810750CB1F2C9B3.d.F08FA37DD110690681721D657B4DE733.e.6654/click - {}
RESULT: {}
COMMAND: GET /session/d41a4ef9228655ec76246a5e56c44812/screenshot - {}
RESULT: {}
COMMAND: POST /session/d41a4ef9228655ec76246a5e56c44812/execute/async - {"script":"<script> [1562 bytes]","args":[{"selector":{"controlType":"sap.m.Button","viewName":"etm.portal.ui.warehousemovements.view.ExecuteMovement","viewId":"application-warehousemovements-display-component---executeMovement","properties":{"text":"Items"},"interaction":{"idSuffix":"BDI-content"}},"wdio_ui5_key":"etmportal.ui.warehousemovements.view.ExecuteMovementsap.m.Button{\"text\":\"Items\"}"}]}
RESULT: {"script":"<script> [1562 bytes]","args":[{"selector":{"controlType":"sap.m.Button","viewName":"etm.portal.ui.warehousemovements.view.ExecuteMovement","viewId":"application-warehousemovements-display-component---executeMovement","properties":{"text":"Items"},"interaction":{"idSuffix":"BDI-content"}},"wdio_ui5_key":"etmportal.ui.warehousemovements.view.ExecuteMovementsap.m.Button{\"text\":\"Items\"}"}]}
RESULT: undefined
COMMAND: POST /session/d41a4ef9228655ec76246a5e56c44812/element - {"using":"xpath","value":"//*[@id=\"__layout353-anchBar-application-warehousemovements-display-component---executeMovement--itemsSection-anchor\"]"}
RESULT: {"using":"xpath","value":"//*[@id=\"__layout353-anchBar-application-warehousemovements-display-component---executeMovement--itemsSection-anchor\"]"}
COMMAND: POST /session/d41a4ef9228655ec76246a5e56c44812/element/f.8359050118E493E9D810750CB1F2C9B3.d.F08FA37DD110690681721D657B4DE733.e.6750/click - {}
RESULT: {}
COMMAND: GET /session/d41a4ef9228655ec76246a5e56c44812/screenshot - {}
RESULT: {}
COMMAND: POST /session/d41a4ef9228655ec76246a5e56c44812/execute/async - {"script":"<script> [1562 bytes]","args":[{"selector":{"controlType":"sap.m.ToggleButton","viewName":"etm.portal.ui.warehousemovements.view.ExecuteMovement","viewId":"application-warehousemovements-display-component---executeMovement","bindingPath":{"propertyPath":"STATUS","modelName":"catalogModel"},"interaction":{"idSuffix":"BDI-content"}},"wdio_ui5_key":"etmportal.ui.warehousemovements.view.ExecuteMovementsap.m.ToggleButton{\"propertyPath\":\"STATUS\",\"modelName\":\"catalogModel\"}"}]}
RESULT: {"script":"<script> [1562 bytes]","args":[{"selector":{"controlType":"sap.m.ToggleButton","viewName":"etm.portal.ui.warehousemovements.view.ExecuteMovement","viewId":"application-warehousemovements-display-component---executeMovement","bindingPath":{"propertyPath":"STATUS","modelName":"catalogModel"},"interaction":{"idSuffix":"BDI-content"}},"wdio_ui5_key":"etmportal.ui.warehousemovements.view.ExecuteMovementsap.m.ToggleButton{\"propertyPath\":\"STATUS\",\"modelName\":\"catalogModel\"}"}]}
RESULT: undefined
COMMAND: POST /session/d41a4ef9228655ec76246a5e56c44812/element - {"using":"xpath","value":"//*[@id=\"__button242-__clone3012\"]"}
RESULT: {"using":"xpath","value":"//*[@id=\"__button242-__clone3012\"]"}
COMMAND: POST /session/d41a4ef9228655ec76246a5e56c44812/element/f.8359050118E493E9D810750CB1F2C9B3.d.F08FA37DD110690681721D657B4DE733.e.6722/click - {}
RESULT: {}
RESULT: undefined
COMMAND: POST /session/d41a4ef9228655ec76246a5e56c44812/element - {"using":"xpath","value":"//*[@id=\"__button242-__clone3012\"]"}
COMMAND: GET /session/d41a4ef9228655ec76246a5e56c44812/screenshot - {}
RESULT: {"using":"xpath","value":"//*[@id=\"__button242-__clone3012\"]"}
COMMAND: POST /session/d41a4ef9228655ec76246a5e56c44812/element/f.8359050118E493E9D810750CB1F2C9B3.d.F08FA37DD110690681721D657B4DE733.e.6722/click - {}
RESULT: {}
RESULT: {}
COMMAND: GET /session/d41a4ef9228655ec76246a5e56c44812/screenshot - {}
RESULT: {}
COMMAND: POST /session/d41a4ef9228655ec76246a5e56c44812/element - {"using":"xpath","value":"//section[contains(@id,\"FC-NoHead\")]/div[1]/div[5]/div[2]/span"}
RESULT: {"using":"xpath","value":"//section[contains(@id,\"FC-NoHead\")]/div[1]/div[5]/div[2]/span"}
COMMAND: POST /session/d41a4ef9228655ec76246a5e56c44812/elements - {"using":"xpath","value":"//section[contains(@id,\"FC-NoHead\")]/div[1]/div[5]/div[2]/span"}
RESULT: {"using":"xpath","value":"//section[contains(@id,\"FC-NoHead\")]/div[1]/div[5]/div[2]/span"}
COMMAND: POST /session/d41a4ef9228655ec76246a5e56c44812/execute/sync - {"script":"<script> [56 bytes]","args":[{"element-6066-11e4-a52e-4f735466cecf":"f.8359050118E493E9D810750CB1F2C9B3.d.F08FA37DD110690681721D657B4DE733.e.6757","ELEMENT":"f.8359050118E493E9D810750CB1F2C9B3.d.F08FA37DD110690681721D657B4DE733.e.6757"}]}
RESULT: {"script":"<script> [56 bytes]","args":[{"element-6066-11e4-a52e-4f735466cecf":"f.8359050118E493E9D810750CB1F2C9B3.d.F08FA37DD110690681721D657B4DE733.e.6757","ELEMENT":"f.8359050118E493E9D810750CB1F2C9B3.d.F08FA37DD110690681721D657B4DE733.e.6757"}]}
COMMAND: POST /session/d41a4ef9228655ec76246a5e56c44812/actions - {"actions":[{"id":"action23","type":"key","parameters":{},"actions":[{"type":"keyDown","value":"î€‡"},{"type":"pause","duration":10},{"type":"keyUp","value":"î€‡"}]}]}
COMMAND: GET /session/d41a4ef9228655ec76246a5e56c44812/screenshot - {}
RESULT: {"actions":[{"id":"action23","type":"key","parameters":{},"actions":[{"type":"keyDown","value":"î€‡"},{"type":"pause","duration":10},{"type":"keyUp","value":"î€‡"}]}]}
COMMAND: POST /session/d41a4ef9228655ec76246a5e56c44812/execute/async - {"script":"<script> [1562 bytes]","args":[{"selector":{"id":"application-warehousemovements-display-component---executeMovement--executeId","interaction":{"idSuffix":"BDI-content"}},"wdio_ui5_key":"applicationwarehousemovements-display-component---executeMovement--executeId"}]}
COMMAND: GET /session/d41a4ef9228655ec76246a5e56c44812/screenshot - {}
RESULT: {}
RESULT: {}
RESULT: {"script":"<script> [1562 bytes]","args":[{"selector":{"id":"application-warehousemovements-display-component---executeMovement--executeId","interaction":{"idSuffix":"BDI-content"}},"wdio_ui5_key":"applicationwarehousemovements-display-component---executeMovement--executeId"}]}
RESULT: undefined
COMMAND: POST /session/d41a4ef9228655ec76246a5e56c44812/element - {"using":"xpath","value":"//*[@id=\"application-warehousemovements-display-component---executeMovement--executeId\"]"}
RESULT: {"using":"xpath","value":"//*[@id=\"application-warehousemovements-display-component---executeMovement--executeId\"]"}
COMMAND: POST /session/d41a4ef9228655ec76246a5e56c44812/element/f.8359050118E493E9D810750CB1F2C9B3.d.F08FA37DD110690681721D657B4DE733.e.6716/click - {}
RESULT: {}
COMMAND: GET /session/d41a4ef9228655ec76246a5e56c44812/screenshot - {}
RESULT: {}
COMMAND: POST /session/d41a4ef9228655ec76246a5e56c44812/element - {"using":"css selector","value":"#shell-header-logo"}
RESULT: {"using":"css selector","value":"#shell-header-logo"}
COMMAND: POST /session/d41a4ef9228655ec76246a5e56c44812/element/f.8359050118E493E9D810750CB1F2C9B3.d.F08FA37DD110690681721D657B4DE733.e.5527/click - {}
RESULT: {}
COMMAND: GET /session/d41a4ef9228655ec76246a5e56c44812/screenshot - {}
RESULT: {}
RESULT: undefined
COMMAND: POST /session/d41a4ef9228655ec76246a5e56c44812/element - {"using":"xpath","value":"//*[@id=\"__tile132\"]"}
RESULT: {"using":"xpath","value":"//*[@id=\"__tile132\"]"}
COMMAND: POST /session/d41a4ef9228655ec76246a5e56c44812/element/f.8359050118E493E9D810750CB1F2C9B3.d.F08FA37DD110690681721D657B4DE733.e.4313/click - {}
RESULT: {}
COMMAND: GET /session/d41a4ef9228655ec76246a5e56c44812/screenshot - {}
RESULT: {}
COMMAND: POST /session/d41a4ef9228655ec76246a5e56c44812/elements - {"using":"xpath","value":"//span[text()='Error']"}
RESULT: {"using":"xpath","value":"//span[text()='Error']"}
COMMAND: POST /session/d41a4ef9228655ec76246a5e56c44812/execute/async - {"script":"<script> [1562 bytes]","args":[{"selector":{"controlType":"sap.m.SearchField","viewName":"etm.portal.ui.managehandovers.view.MasterHO","bindingPath":{"propertyPath":"/_BASIC_SEARCH_FIELD","modelName":"fi1t3rM0d31"},"interaction":{"idSuffix":"I"}},"wdio_ui5_key":"etmportal.ui.managehandovers.view.MasterHOsap.m.SearchField{\"propertyPath\":\"/_BASIC_SEARCH_FIELD\",\"modelName\":\"fi1t3rM0d31\"}"}]}
RESULT: {"script":"<script> [1562 bytes]","args":[{"selector":{"controlType":"sap.m.SearchField","viewName":"etm.portal.ui.managehandovers.view.MasterHO","bindingPath":{"propertyPath":"/_BASIC_SEARCH_FIELD","modelName":"fi1t3rM0d31"},"interaction":{"idSuffix":"I"}},"wdio_ui5_key":"etmportal.ui.managehandovers.view.MasterHOsap.m.SearchField{\"propertyPath\":\"/_BASIC_SEARCH_FIELD\",\"modelName\":\"fi1t3rM0d31\"}"}]}
RESULT: undefined
COMMAND: POST /session/d41a4ef9228655ec76246a5e56c44812/execute/async - {"script":"<script> [776 bytes]","args":[{"enterText":"30573","selector":{"controlType":"sap.m.SearchField","viewName":"etm.portal.ui.managehandovers.view.MasterHO","bindingPath":{"propertyPath":"/_BASIC_SEARCH_FIELD","modelName":"fi1t3rM0d31"},"interaction":{"idSuffix":"I"}},"clearTextFirst":true,"interactionType":"ENTER_TEXT"}]}
RESULT: {"script":"<script> [776 bytes]","args":[{"enterText":"30573","selector":{"controlType":"sap.m.SearchField","viewName":"etm.portal.ui.managehandovers.view.MasterHO","bindingPath":{"propertyPath":"/_BASIC_SEARCH_FIELD","modelName":"fi1t3rM0d31"},"interaction":{"idSuffix":"I"}},"clearTextFirst":true,"interactionType":"ENTER_TEXT"}]}
COMMAND: POST /session/d41a4ef9228655ec76246a5e56c44812/actions - {"actions":[{"id":"action24","type":"key","parameters":{},"actions":[{"type":"keyDown","value":"î€‡"},{"type":"pause","duration":10},{"type":"keyUp","value":"î€‡"}]}]}
RESULT: {"actions":[{"id":"action24","type":"key","parameters":{},"actions":[{"type":"keyDown","value":"î€‡"},{"type":"pause","duration":10},{"type":"keyUp","value":"î€‡"}]}]}
COMMAND: GET /session/d41a4ef9228655ec76246a5e56c44812/screenshot - {}
RESULT: {}
COMMAND: POST /session/d41a4ef9228655ec76246a5e56c44812/execute/async - {"script":"<script> [1562 bytes]","args":[{"selector":{"controlType":"sap.ui.core.Icon","viewName":"etm.portal.ui.managehandovers.view.MasterHO","properties":{"src":{"regex":{"source":"slim\\-arrow\\-right"}}}},"wdio_ui5_key":"etmportal.ui.managehandovers.view.MasterHOsap.ui.core.Icon{\"src\":{\"regex\":{\"source\":\"slim\\\\-arrow\\\\-right\"}}}"}]}
RESULT: {"script":"<script> [1562 bytes]","args":[{"selector":{"controlType":"sap.ui.core.Icon","viewName":"etm.portal.ui.managehandovers.view.MasterHO","properties":{"src":{"regex":{"source":"slim\\-arrow\\-right"}}}},"wdio_ui5_key":"etmportal.ui.managehandovers.view.MasterHOsap.ui.core.Icon{\"src\":{\"regex\":{\"source\":\"slim\\\\-arrow\\\\-right\"}}}"}]}
RESULT: undefined
COMMAND: POST /session/d41a4ef9228655ec76246a5e56c44812/element - {"using":"xpath","value":"//*[@id=\"__item1602-__clone3093-imgNav\"]"}
RESULT: {"using":"xpath","value":"//*[@id=\"__item1602-__clone3093-imgNav\"]"}
COMMAND: POST /session/d41a4ef9228655ec76246a5e56c44812/element/f.8359050118E493E9D810750CB1F2C9B3.d.F08FA37DD110690681721D657B4DE733.e.6947/click - {}
RESULT: {}
COMMAND: GET /session/d41a4ef9228655ec76246a5e56c44812/screenshot - {}
RESULT: {}
COMMAND: POST /session/d41a4ef9228655ec76246a5e56c44812/execute/async - {"script":"<script> [1562 bytes]","args":[{"selector":{"controlType":"sap.m.Button","viewName":"etm.portal.ui.managehandovers.view.DetailExecuteHO","i18NText":{"propertyName":"text","key":"confirmAll"},"interaction":{"idSuffix":"BDI-content"}},"wdio_ui5_key":"etmportal.ui.managehandovers.view.DetailExecuteHOsap.m.Button{\"propertyName\":\"text\",\"key\":\"confirmAll\"}"}]}
RESULT: {"script":"<script> [1562 bytes]","args":[{"selector":{"controlType":"sap.m.Button","viewName":"etm.portal.ui.managehandovers.view.DetailExecuteHO","i18NText":{"propertyName":"text","key":"confirmAll"},"interaction":{"idSuffix":"BDI-content"}},"wdio_ui5_key":"etmportal.ui.managehandovers.view.DetailExecuteHOsap.m.Button{\"propertyName\":\"text\",\"key\":\"confirmAll\"}"}]}
RESULT: undefined
COMMAND: POST /session/d41a4ef9228655ec76246a5e56c44812/element - {"using":"xpath","value":"//*[@id=\"__button280\"]"}
RESULT: {"using":"xpath","value":"//*[@id=\"__button280\"]"}
COMMAND: POST /session/d41a4ef9228655ec76246a5e56c44812/element/f.8359050118E493E9D810750CB1F2C9B3.d.F08FA37DD110690681721D657B4DE733.e.7035/click - {}
RESULT: {}
COMMAND: GET /session/d41a4ef9228655ec76246a5e56c44812/screenshot - {}
RESULT: {}
COMMAND: POST /session/d41a4ef9228655ec76246a5e56c44812/actions - {"actions":[{"id":"action25","type":"key","parameters":{},"actions":[{"type":"keyDown","value":"î€‡"},{"type":"pause","duration":10},{"type":"keyUp","value":"î€‡"}]}]}
RESULT: {"actions":[{"id":"action25","type":"key","parameters":{},"actions":[{"type":"keyDown","value":"î€‡"},{"type":"pause","duration":10},{"type":"keyUp","value":"î€‡"}]}]}
COMMAND: GET /session/d41a4ef9228655ec76246a5e56c44812/screenshot - {}
RESULT: {}
COMMAND: POST /session/d41a4ef9228655ec76246a5e56c44812/element - {"using":"xpath","value":"//button[@data-kt=\"execHoIssueButton\"]"}
RESULT: {"using":"xpath","value":"//button[@data-kt=\"execHoIssueButton\"]"}
COMMAND: POST /session/d41a4ef9228655ec76246a5e56c44812/element/f.8359050118E493E9D810750CB1F2C9B3.d.F08FA37DD110690681721D657B4DE733.e.7039/click - {}
RESULT: {}
COMMAND: GET /session/d41a4ef9228655ec76246a5e56c44812/screenshot - {}
RESULT: {}
RESULT: undefined
COMMAND: POST /session/d41a4ef9228655ec76246a5e56c44812/execute/async - {"script":"<script> [776 bytes]","args":[{"enterText":"30573","selector":{"controlType":"sap.m.SearchField","viewName":"etm.portal.ui.managehandovers.view.MasterHO","bindingPath":{"propertyPath":"/_BASIC_SEARCH_FIELD","modelName":"fi1t3rM0d31"},"interaction":{"idSuffix":"I"}},"clearTextFirst":true,"interactionType":"ENTER_TEXT"}]}
RESULT: {"script":"<script> [776 bytes]","args":[{"enterText":"30573","selector":{"controlType":"sap.m.SearchField","viewName":"etm.portal.ui.managehandovers.view.MasterHO","bindingPath":{"propertyPath":"/_BASIC_SEARCH_FIELD","modelName":"fi1t3rM0d31"},"interaction":{"idSuffix":"I"}},"clearTextFirst":true,"interactionType":"ENTER_TEXT"}]}
COMMAND: POST /session/d41a4ef9228655ec76246a5e56c44812/actions - {"actions":[{"id":"action26","type":"key","parameters":{},"actions":[{"type":"keyDown","value":"î€‡"},{"type":"pause","duration":10},{"type":"keyUp","value":"î€‡"}]}]}
RESULT: {"actions":[{"id":"action26","type":"key","parameters":{},"actions":[{"type":"keyDown","value":"î€‡"},{"type":"pause","duration":10},{"type":"keyUp","value":"î€‡"}]}]}
COMMAND: GET /session/d41a4ef9228655ec76246a5e56c44812/screenshot - {}
RESULT: {}
COMMAND: POST /session/d41a4ef9228655ec76246a5e56c44812/element - {"using":"xpath","value":"//span[(text() = '30573' or . = '30573')]"}
RESULT: {"using":"xpath","value":"//span[(text() = '30573' or . = '30573')]"}
COMMAND: POST /session/d41a4ef9228655ec76246a5e56c44812/element/f.8359050118E493E9D810750CB1F2C9B3.d.F08FA37DD110690681721D657B4DE733.e.7082/click - {}
RESULT: {}
COMMAND: GET /session/d41a4ef9228655ec76246a5e56c44812/screenshot - {}
RESULT: {}
COMMAND: POST /session/d41a4ef9228655ec76246a5e56c44812/element - {"using":"xpath","value":"//span[contains(text(), \"Instructions\")]"}
RESULT: {"using":"xpath","value":"//span[contains(text(), \"Instructions\")]"}
COMMAND: POST /session/d41a4ef9228655ec76246a5e56c44812/element/f.8359050118E493E9D810750CB1F2C9B3.d.F08FA37DD110690681721D657B4DE733.e.7120/click - {}
RESULT: {}
COMMAND: GET /session/d41a4ef9228655ec76246a5e56c44812/screenshot - {}
RESULT: {}
COMMAND: POST /session/d41a4ef9228655ec76246a5e56c44812/element - {"using":"xpath","value":"//span[contains(text(), \"Instructions\")]"}
RESULT: {"using":"xpath","value":"//span[contains(text(), \"Instructions\")]"}
COMMAND: POST /session/d41a4ef9228655ec76246a5e56c44812/element/f.8359050118E493E9D810750CB1F2C9B3.d.F08FA37DD110690681721D657B4DE733.e.7120/click - {}
RESULT: {}
COMMAND: GET /session/d41a4ef9228655ec76246a5e56c44812/screenshot - {}
RESULT: {}
COMMAND: POST /session/d41a4ef9228655ec76246a5e56c44812/execute/async - {"script":"<script> [1562 bytes]","args":[{"selector":{"controlType":"sap.m.ComboBox","viewName":"etm.portal.ui.managehandovers.view.DetailExecuteHO","bindingPath":{"propertyPath":"RECEIVING_SECTION","modelName":"catalogModel"},"interaction":{"idSuffix":"inner"}},"wdio_ui5_key":"etmportal.ui.managehandovers.view.DetailExecuteHOsap.m.ComboBox{\"propertyPath\":\"RECEIVING_SECTION\",\"modelName\":\"catalogModel\"}"}]}
RESULT: {"script":"<script> [1562 bytes]","args":[{"selector":{"controlType":"sap.m.ComboBox","viewName":"etm.portal.ui.managehandovers.view.DetailExecuteHO","bindingPath":{"propertyPath":"RECEIVING_SECTION","modelName":"catalogModel"},"interaction":{"idSuffix":"inner"}},"wdio_ui5_key":"etmportal.ui.managehandovers.view.DetailExecuteHOsap.m.ComboBox{\"propertyPath\":\"RECEIVING_SECTION\",\"modelName\":\"catalogModel\"}"}]}
RESULT: undefined
COMMAND: POST /session/d41a4ef9228655ec76246a5e56c44812/execute/async - {"script":"<script> [776 bytes]","args":[{"enterText":"WDIO-2220","selector":{"controlType":"sap.m.ComboBox","viewName":"etm.portal.ui.managehandovers.view.DetailExecuteHO","bindingPath":{"propertyPath":"RECEIVING_SECTION","modelName":"catalogModel"},"interaction":{"idSuffix":"inner"}},"clearTextFirst":true,"interactionType":"ENTER_TEXT"}]}
RESULT: {"script":"<script> [776 bytes]","args":[{"enterText":"WDIO-2220","selector":{"controlType":"sap.m.ComboBox","viewName":"etm.portal.ui.managehandovers.view.DetailExecuteHO","bindingPath":{"propertyPath":"RECEIVING_SECTION","modelName":"catalogModel"},"interaction":{"idSuffix":"inner"}},"clearTextFirst":true,"interactionType":"ENTER_TEXT"}]}
COMMAND: POST /session/d41a4ef9228655ec76246a5e56c44812/actions - {"actions":[{"id":"action27","type":"key","parameters":{},"actions":[{"type":"keyDown","value":"î€‡"},{"type":"pause","duration":10},{"type":"keyUp","value":"î€‡"}]}]}
RESULT: {"actions":[{"id":"action27","type":"key","parameters":{},"actions":[{"type":"keyDown","value":"î€‡"},{"type":"pause","duration":10},{"type":"keyUp","value":"î€‡"}]}]}
COMMAND: GET /session/d41a4ef9228655ec76246a5e56c44812/screenshot - {}
RESULT: {}
COMMAND: POST /session/d41a4ef9228655ec76246a5e56c44812/element - {"using":"xpath","value":"//button[@data-kt= \"execHoReceiveButton\"]"}
RESULT: {"using":"xpath","value":"//button[@data-kt= \"execHoReceiveButton\"]"}
COMMAND: POST /session/d41a4ef9228655ec76246a5e56c44812/element/f.8359050118E493E9D810750CB1F2C9B3.d.F08FA37DD110690681721D657B4DE733.e.7126/click - {}
RESULT: {}
COMMAND: GET /session/d41a4ef9228655ec76246a5e56c44812/screenshot - {}
RESULT: {}
COMMAND: POST /session/d41a4ef9228655ec76246a5e56c44812/execute/async - {"script":"<script> [1562 bytes]","args":[{"selector":{"controlType":"sap.m.Button","properties":{"text":"Continue"},"searchOpenDialogs":true,"interaction":{"idSuffix":"content"}},"wdio_ui5_key":"sapm.Button{\"text\":\"Continue\"}"}]}
RESULT: {"script":"<script> [1562 bytes]","args":[{"selector":{"controlType":"sap.m.Button","properties":{"text":"Continue"},"searchOpenDialogs":true,"interaction":{"idSuffix":"content"}},"wdio_ui5_key":"sapm.Button{\"text\":\"Continue\"}"}]}
RESULT: undefined
COMMAND: POST /session/d41a4ef9228655ec76246a5e56c44812/element - {"using":"xpath","value":"//*[@id=\"__mbox-btn-6\"]"}
RESULT: {"using":"xpath","value":"//*[@id=\"__mbox-btn-6\"]"}
COMMAND: POST /session/d41a4ef9228655ec76246a5e56c44812/element/f.8359050118E493E9D810750CB1F2C9B3.d.F08FA37DD110690681721D657B4DE733.e.7127/click - {}
RESULT: {}
COMMAND: GET /session/d41a4ef9228655ec76246a5e56c44812/screenshot - {}
RESULT: {}
COMMAND: POST /session/d41a4ef9228655ec76246a5e56c44812/element - {"using":"css selector","value":"#shell-header-logo"}
RESULT: {"using":"css selector","value":"#shell-header-logo"}
COMMAND: POST /session/d41a4ef9228655ec76246a5e56c44812/element/f.8359050118E493E9D810750CB1F2C9B3.d.F08FA37DD110690681721D657B4DE733.e.6836/click - {}
RESULT: {}
COMMAND: GET /session/d41a4ef9228655ec76246a5e56c44812/screenshot - {}
RESULT: {}
]]></system-out>
    </testcase>
    <testcase classname="chrome.136_0_7103_93.windows.Provide_to_Site_w/_warehouse_management_w_clarification" name="Should test for Clarification" time="61.232">
      <system-out><![CDATA[
RESULT: undefined
COMMAND: POST /session/d41a4ef9228655ec76246a5e56c44812/element - {"using":"xpath","value":"//*[@id=\"__tile132\"]"}
RESULT: {"using":"xpath","value":"//*[@id=\"__tile132\"]"}
COMMAND: POST /session/d41a4ef9228655ec76246a5e56c44812/element/f.8359050118E493E9D810750CB1F2C9B3.d.F08FA37DD110690681721D657B4DE733.e.4313/click - {}
RESULT: {}
COMMAND: GET /session/d41a4ef9228655ec76246a5e56c44812/screenshot - {}
RESULT: {}
COMMAND: POST /session/d41a4ef9228655ec76246a5e56c44812/elements - {"using":"xpath","value":"//span[text()='Error']"}
RESULT: {"using":"xpath","value":"//span[text()='Error']"}
RESULT: undefined
COMMAND: POST /session/d41a4ef9228655ec76246a5e56c44812/execute/async - {"script":"<script> [776 bytes]","args":[{"enterText":"30573","selector":{"controlType":"sap.m.SearchField","viewName":"etm.portal.ui.managehandovers.view.MasterHO","bindingPath":{"propertyPath":"/_BASIC_SEARCH_FIELD","modelName":"fi1t3rM0d31"},"interaction":{"idSuffix":"I"}},"clearTextFirst":true,"interactionType":"ENTER_TEXT"}]}
RESULT: {"script":"<script> [776 bytes]","args":[{"enterText":"30573","selector":{"controlType":"sap.m.SearchField","viewName":"etm.portal.ui.managehandovers.view.MasterHO","bindingPath":{"propertyPath":"/_BASIC_SEARCH_FIELD","modelName":"fi1t3rM0d31"},"interaction":{"idSuffix":"I"}},"clearTextFirst":true,"interactionType":"ENTER_TEXT"}]}
COMMAND: POST /session/d41a4ef9228655ec76246a5e56c44812/actions - {"actions":[{"id":"action28","type":"key","parameters":{},"actions":[{"type":"keyDown","value":"î€‡"},{"type":"pause","duration":10},{"type":"keyUp","value":"î€‡"}]}]}
RESULT: {"actions":[{"id":"action28","type":"key","parameters":{},"actions":[{"type":"keyDown","value":"î€‡"},{"type":"pause","duration":10},{"type":"keyUp","value":"î€‡"}]}]}
COMMAND: GET /session/d41a4ef9228655ec76246a5e56c44812/screenshot - {}
RESULT: {}
COMMAND: POST /session/d41a4ef9228655ec76246a5e56c44812/element - {"using":"xpath","value":"//span[(text() = '30573' or . = '30573')]"}
RESULT: {"using":"xpath","value":"//span[(text() = '30573' or . = '30573')]"}
COMMAND: POST /session/d41a4ef9228655ec76246a5e56c44812/element/f.8359050118E493E9D810750CB1F2C9B3.d.F08FA37DD110690681721D657B4DE733.e.7440/click - {}
RESULT: {}
COMMAND: GET /session/d41a4ef9228655ec76246a5e56c44812/screenshot - {}
RESULT: {}
COMMAND: POST /session/d41a4ef9228655ec76246a5e56c44812/element - {"using":"xpath","value":"//span[contains(text(), \"Instructions\")]"}
RESULT: {"using":"xpath","value":"//span[contains(text(), \"Instructions\")]"}
COMMAND: POST /session/d41a4ef9228655ec76246a5e56c44812/element/f.8359050118E493E9D810750CB1F2C9B3.d.F08FA37DD110690681721D657B4DE733.e.7520/click - {}
RESULT: {}
COMMAND: GET /session/d41a4ef9228655ec76246a5e56c44812/screenshot - {}
RESULT: {}
COMMAND: POST /session/d41a4ef9228655ec76246a5e56c44812/element - {"using":"xpath","value":"//span[contains(text(), \"Instructions\")]"}
RESULT: {"using":"xpath","value":"//span[contains(text(), \"Instructions\")]"}
COMMAND: POST /session/d41a4ef9228655ec76246a5e56c44812/element/f.8359050118E493E9D810750CB1F2C9B3.d.F08FA37DD110690681721D657B4DE733.e.7520/click - {}
RESULT: {}
COMMAND: GET /session/d41a4ef9228655ec76246a5e56c44812/screenshot - {}
RESULT: {}
COMMAND: POST /session/d41a4ef9228655ec76246a5e56c44812/element - {"using":"xpath","value":"//button[.//bdi[text() = \"Refuse\"]]"}
RESULT: {"using":"xpath","value":"//button[.//bdi[text() = \"Refuse\"]]"}
COMMAND: POST /session/d41a4ef9228655ec76246a5e56c44812/element/f.8359050118E493E9D810750CB1F2C9B3.d.F08FA37DD110690681721D657B4DE733.e.7525/click - {}
RESULT: {}
COMMAND: GET /session/d41a4ef9228655ec76246a5e56c44812/screenshot - {}
RESULT: {}
COMMAND: POST /session/d41a4ef9228655ec76246a5e56c44812/element - {"using":"xpath","value":"//button[@data-kt= \"execHoReceiveRefuseButton\"]"}
RESULT: {"using":"xpath","value":"//button[@data-kt= \"execHoReceiveRefuseButton\"]"}
COMMAND: POST /session/d41a4ef9228655ec76246a5e56c44812/element/f.8359050118E493E9D810750CB1F2C9B3.d.F08FA37DD110690681721D657B4DE733.e.7527/click - {}
RESULT: {}
COMMAND: GET /session/d41a4ef9228655ec76246a5e56c44812/screenshot - {}
RESULT: {}
COMMAND: POST /session/d41a4ef9228655ec76246a5e56c44812/element - {"using":"css selector","value":"#shell-header-logo"}
RESULT: {"using":"css selector","value":"#shell-header-logo"}
COMMAND: POST /session/d41a4ef9228655ec76246a5e56c44812/element/f.8359050118E493E9D810750CB1F2C9B3.d.F08FA37DD110690681721D657B4DE733.e.7169/click - {}
RESULT: {}
COMMAND: GET /session/d41a4ef9228655ec76246a5e56c44812/screenshot - {}
RESULT: {}
COMMAND: POST /session/d41a4ef9228655ec76246a5e56c44812/element - {"using":"css selector","value":"#j_username"}
COMMAND: POST /session/d41a4ef9228655ec76246a5e56c44812/url - {"url":"https://qa-testing-00-live-etm-ui.cfapps.eu10-004.hana.ondemand.com/"}
RESULT: {"using":"css selector","value":"#j_username"}
COMMAND: POST /session/d41a4ef9228655ec76246a5e56c44812/element - {"using":"css selector","value":"#j_username"}
RESULT: {"url":"https://qa-testing-00-live-etm-ui.cfapps.eu10-004.hana.ondemand.com/"}
RESULT: undefined
COMMAND: GET /session/d41a4ef9228655ec76246a5e56c44812/screenshot - {}
RESULT: {"using":"css selector","value":"#j_username"}
COMMAND: POST /session/d41a4ef9228655ec76246a5e56c44812/element - {"using":"css selector","value":"#shell-header-logo"}
RESULT: {}
RESULT: {"using":"css selector","value":"#shell-header-logo"}
COMMAND: POST /session/d41a4ef9228655ec76246a5e56c44812/execute/sync - {"script":"<script> [8489 bytes]","args":[{"element-6066-11e4-a52e-4f735466cecf":"f.8359050118E493E9D810750CB1F2C9B3.d.32DEDD56F9D48F190BD090D710E1A844.e.7579","ELEMENT":"f.8359050118E493E9D810750CB1F2C9B3.d.32DEDD56F9D48F190BD090D710E1A844.e.7579"}]}
RESULT: {"script":"<script> [8489 bytes]","args":[{"element-6066-11e4-a52e-4f735466cecf":"f.8359050118E493E9D810750CB1F2C9B3.d.32DEDD56F9D48F190BD090D710E1A844.e.7579","ELEMENT":"f.8359050118E493E9D810750CB1F2C9B3.d.32DEDD56F9D48F190BD090D710E1A844.e.7579"}]}
COMMAND: POST /session/d41a4ef9228655ec76246a5e56c44812/element - {"using":"css selector","value":"#shell-header-logo"}
COMMAND: GET /session/d41a4ef9228655ec76246a5e56c44812/screenshot - {}
RESULT: {"using":"css selector","value":"#shell-header-logo"}
COMMAND: POST /session/d41a4ef9228655ec76246a5e56c44812/execute/sync - {"script":"<script> [8489 bytes]","args":[{"element-6066-11e4-a52e-4f735466cecf":"f.8359050118E493E9D810750CB1F2C9B3.d.32DEDD56F9D48F190BD090D710E1A844.e.7579","ELEMENT":"f.8359050118E493E9D810750CB1F2C9B3.d.32DEDD56F9D48F190BD090D710E1A844.e.7579"}]}
RESULT: {}
RESULT: {"script":"<script> [8489 bytes]","args":[{"element-6066-11e4-a52e-4f735466cecf":"f.8359050118E493E9D810750CB1F2C9B3.d.32DEDD56F9D48F190BD090D710E1A844.e.7579","ELEMENT":"f.8359050118E493E9D810750CB1F2C9B3.d.32DEDD56F9D48F190BD090D710E1A844.e.7579"}]}
COMMAND: POST /session/d41a4ef9228655ec76246a5e56c44812/execute/sync - {"script":"<script> [5351 bytes]","args":[{"element-6066-11e4-a52e-4f735466cecf":"f.8359050118E493E9D810750CB1F2C9B3.d.32DEDD56F9D48F190BD090D710E1A844.e.7579","ELEMENT":"f.8359050118E493E9D810750CB1F2C9B3.d.32DEDD56F9D48F190BD090D710E1A844.e.7579"}]}
COMMAND: GET /session/d41a4ef9228655ec76246a5e56c44812/screenshot - {}
RESULT: {"script":"<script> [5351 bytes]","args":[{"element-6066-11e4-a52e-4f735466cecf":"f.8359050118E493E9D810750CB1F2C9B3.d.32DEDD56F9D48F190BD090D710E1A844.e.7579","ELEMENT":"f.8359050118E493E9D810750CB1F2C9B3.d.32DEDD56F9D48F190BD090D710E1A844.e.7579"}]}
COMMAND: POST /session/d41a4ef9228655ec76246a5e56c44812/element - {"using":"css selector","value":"#shell-header-logo"}
COMMAND: GET /session/d41a4ef9228655ec76246a5e56c44812/screenshot - {}
RESULT: {}
RESULT: {"using":"css selector","value":"#shell-header-logo"}
COMMAND: POST /session/d41a4ef9228655ec76246a5e56c44812/element/f.8359050118E493E9D810750CB1F2C9B3.d.32DEDD56F9D48F190BD090D710E1A844.e.7579/click - {}
RESULT: {}
RESULT: {}
COMMAND: GET /session/d41a4ef9228655ec76246a5e56c44812/screenshot - {}
RESULT: {}
COMMAND: POST /session/d41a4ef9228655ec76246a5e56c44812/execute/async - {"script":"<script> [189 bytes]","args":[]}
RESULT: {"script":"<script> [189 bytes]","args":[]}
COMMAND: POST /session/d41a4ef9228655ec76246a5e56c44812/execute/async - {"script":"<script> [123 bytes]","args":[]}
RESULT: {"script":"<script> [123 bytes]","args":[]}
COMMAND: POST /session/d41a4ef9228655ec76246a5e56c44812/timeouts - {"script":"<number>"}
RESULT: {"script":"<number>"}
COMMAND: GET /session/d41a4ef9228655ec76246a5e56c44812/timeouts - {}
RESULT: {}
RESULT: undefined
COMMAND: POST /session/d41a4ef9228655ec76246a5e56c44812/execute/async - {"script":"<script> [2676 bytes]","args":[]}
RESULT: {"script":"<script> [2676 bytes]","args":[]}
COMMAND: POST /session/d41a4ef9228655ec76246a5e56c44812/execute/async - {"script":"<script> [2342 bytes]","args":[{"protocol":"http","hostname":"0.0.0.0","path":"/","capabilities":{"browserName":"chrome","goog:chromeOptions":{"binary":"C:\\Program Files\\Google\\Chrome\\Application\\chrome.exe","args":["--start-maximized"]}},"logLevel":"warn","connectionRetryTimeout":120000,"connectionRetryCount":3,"logLevels":{},"enableDirectConnect":true,"strictSSL":true,"_":"65 more keys: [\"cacheDir\",\"port\",\"requestedCapabilities\",\"automationProtocol\",\"baseUrl\",\"waitforInterval\",\"waitforTimeout\",\"onReload\",\"beforeCommand\",\"afterCommand\",\"rootDir\",\"specs\",\"suites\",\"exclude\",\"groupLogsByTestSpec\",\"excludeDriverLogs\",\"bail\",\"framework\",\"reporters\",\"services\",\"maxInstances\",\"maxInstancesPerCapability\",\"injectGlobals\",\"filesToWatch\",\"execArgv\",\"runnerEnv\",\"runner\",\"shard\",\"specFileRetries\",\"specFileRetriesDelay\",\"specFileRetriesDeferred\",\"reporterSyncInterval\",\"reporterSyncTimeout\",\"cucumberFeaturesWithLineNumbers\",\"autoCompileOpts\",\"mochaOpts\",\"jasmineOpts\",\"cucumberOpts\",\"onPrepare\",\"onWorkerStart\",\"onWorkerEnd\",\"before\",\"beforeSession\",\"beforeSuite\",\"beforeHook\",\"beforeTest\",\"afterTest\",\"afterHook\",\"afterSuite\",\"afterSession\",\"after\",\"onComplete\",\"beforeAssertion\",\"afterAssertion\",\"beforeFeature\",\"beforeScenario\",\"beforeStep\",\"afterStep\",\"afterScenario\",\"afterFeature\",\"_\",\"suite\",\"$0\",\"ignoredWorkerServices\",\"wdi5\"]"}]}
RESULT: {"script":"<script> [2342 bytes]","args":[{"protocol":"http","hostname":"0.0.0.0","path":"/","capabilities":{"browserName":"chrome","goog:chromeOptions":{"binary":"C:\\Program Files\\Google\\Chrome\\Application\\chrome.exe","args":["--start-maximized"]}},"logLevel":"warn","connectionRetryTimeout":120000,"connectionRetryCount":3,"logLevels":{},"enableDirectConnect":true,"strictSSL":true,"_":"65 more keys: [\"cacheDir\",\"port\",\"requestedCapabilities\",\"automationProtocol\",\"baseUrl\",\"waitforInterval\",\"waitforTimeout\",\"onReload\",\"beforeCommand\",\"afterCommand\",\"rootDir\",\"specs\",\"suites\",\"exclude\",\"groupLogsByTestSpec\",\"excludeDriverLogs\",\"bail\",\"framework\",\"reporters\",\"services\",\"maxInstances\",\"maxInstancesPerCapability\",\"injectGlobals\",\"filesToWatch\",\"execArgv\",\"runnerEnv\",\"runner\",\"shard\",\"specFileRetries\",\"specFileRetriesDelay\",\"specFileRetriesDeferred\",\"reporterSyncInterval\",\"reporterSyncTimeout\",\"cucumberFeaturesWithLineNumbers\",\"autoCompileOpts\",\"mochaOpts\",\"jasmineOpts\",\"cucumberOpts\",\"onPrepare\",\"onWorkerStart\",\"onWorkerEnd\",\"before\",\"beforeSession\",\"beforeSuite\",\"beforeHook\",\"beforeTest\",\"afterTest\",\"afterHook\",\"afterSuite\",\"afterSession\",\"after\",\"onComplete\",\"beforeAssertion\",\"afterAssertion\",\"beforeFeature\",\"beforeScenario\",\"beforeStep\",\"afterStep\",\"afterScenario\",\"afterFeature\",\"_\",\"suite\",\"$0\",\"ignoredWorkerServices\",\"wdi5\"]"}]}
COMMAND: POST /session/d41a4ef9228655ec76246a5e56c44812/execute/async - {"script":"<script> [21126 bytes]","args":[35000]}
RESULT: {"script":"<script> [21126 bytes]","args":[35000]}
COMMAND: POST /session/d41a4ef9228655ec76246a5e56c44812/window/maximize - {}
RESULT: {}
COMMAND: POST /session/d41a4ef9228655ec76246a5e56c44812/execute/async - {"script":"<script> [1562 bytes]","args":[{"selector":{"id":"shell-header","interaction":{"idSuffix":"icon"}},"wdio_ui5_key":"shellheader"}]}
COMMAND: GET /session/d41a4ef9228655ec76246a5e56c44812/screenshot - {}
RESULT: {"script":"<script> [1562 bytes]","args":[{"selector":{"id":"shell-header","interaction":{"idSuffix":"icon"}},"wdio_ui5_key":"shellheader"}]}
RESULT: undefined
COMMAND: POST /session/d41a4ef9228655ec76246a5e56c44812/window/fullscreen - {}
RESULT: {}
RESULT: {}
]]></system-out>
    </testcase>
  </testsuite>
  <testsuite timestamp="2025-05-16T16:47:19" time="137.898" tests="6" failures="0" errors="0" skipped="0">
    <properties>
      <property name="specId" value="0" />
      <property name="suiteName" value="Provide to Site w/ warehouse management w/o clarification US113782 " />
      <property name="capabilities" value="chrome.136_0_7103_93.windows" />
      <property name="file" value="file:///D:/a/1/s/test/specs/HTR/provide-to-site-w-warehouse-wo-clarification.spec.js" />
    </properties>
    <testcase classname="chrome.136_0_7103_93.windows.Provide_to_Site_w/_warehouse_management_w/o_clarification_US113782_" name="Should create a new WHM yard" time="0.016">
      <system-out><![CDATA[
COMMAND: POST /session/d41a4ef9228655ec76246a5e56c44812/window/fullscreen - {}
RESULT: {}
]]></system-out>
    </testcase>
    <testcase classname="chrome.136_0_7103_93.windows.Provide_to_Site_w/_warehouse_management_w/o_clarification_US113782_" name="Should create a new external WHM partner" time="0.004" />
    <testcase classname="chrome.136_0_7103_93.windows.Provide_to_Site_w/_warehouse_management_w/o_clarification_US113782_" name="Should create a new WHM site" time="0.004" />
    <testcase classname="chrome.136_0_7103_93.windows.Provide_to_Site_w/_warehouse_management_w/o_clarification_US113782_" name="Should create a new material" time="121.973">
      <system-out><![CDATA[
COMMAND: POST /session/d41a4ef9228655ec76246a5e56c44812/execute/async - {"script":"<script> [1562 bytes]","args":[{"selector":{"controlType":"sap.m.GenericTile","properties":{"header":"Manage Resources"}},"wdio_ui5_key":"sapm.GenericTile{\"header\":\"Manage Resources\"}"}]}
RESULT: {"script":"<script> [1562 bytes]","args":[{"selector":{"controlType":"sap.m.GenericTile","properties":{"header":"Manage Resources"}},"wdio_ui5_key":"sapm.GenericTile{\"header\":\"Manage Resources\"}"}]}
RESULT: undefined
COMMAND: POST /session/d41a4ef9228655ec76246a5e56c44812/element - {"using":"xpath","value":"//*[@id=\"__tile31\"]"}
RESULT: {"using":"xpath","value":"//*[@id=\"__tile31\"]"}
COMMAND: POST /session/d41a4ef9228655ec76246a5e56c44812/element/f.8359050118E493E9D810750CB1F2C9B3.d.32DEDD56F9D48F190BD090D710E1A844.e.7606/click - {}
RESULT: {}
COMMAND: GET /session/d41a4ef9228655ec76246a5e56c44812/screenshot - {}
RESULT: {}
COMMAND: POST /session/d41a4ef9228655ec76246a5e56c44812/elements - {"using":"xpath","value":"//span[text()='Error']"}
RESULT: {"using":"xpath","value":"//span[text()='Error']"}
COMMAND: POST /session/d41a4ef9228655ec76246a5e56c44812/element - {"using":"xpath","value":"//button[@data-kt=\"addNewRUOverflowToolbarButton\"]"}
RESULT: {"using":"xpath","value":"//button[@data-kt=\"addNewRUOverflowToolbarButton\"]"}
COMMAND: POST /session/d41a4ef9228655ec76246a5e56c44812/elements - {"using":"xpath","value":"//button[@data-kt=\"addNewRUOverflowToolbarButton\"]"}
RESULT: {"using":"xpath","value":"//button[@data-kt=\"addNewRUOverflowToolbarButton\"]"}
COMMAND: POST /session/d41a4ef9228655ec76246a5e56c44812/execute/sync - {"script":"<script> [8489 bytes]","args":[{"element-6066-11e4-a52e-4f735466cecf":"f.8359050118E493E9D810750CB1F2C9B3.d.32DEDD56F9D48F190BD090D710E1A844.e.7733","ELEMENT":"f.8359050118E493E9D810750CB1F2C9B3.d.32DEDD56F9D48F190BD090D710E1A844.e.7733"}]}
RESULT: {"script":"<script> [8489 bytes]","args":[{"element-6066-11e4-a52e-4f735466cecf":"f.8359050118E493E9D810750CB1F2C9B3.d.32DEDD56F9D48F190BD090D710E1A844.e.7733","ELEMENT":"f.8359050118E493E9D810750CB1F2C9B3.d.32DEDD56F9D48F190BD090D710E1A844.e.7733"}]}
COMMAND: GET /session/d41a4ef9228655ec76246a5e56c44812/element/f.8359050118E493E9D810750CB1F2C9B3.d.32DEDD56F9D48F190BD090D710E1A844.e.7733/enabled - {}
COMMAND: GET /session/d41a4ef9228655ec76246a5e56c44812/screenshot - {}
RESULT: {}
COMMAND: POST /session/d41a4ef9228655ec76246a5e56c44812/execute/sync - {"script":"<script> [8489 bytes]","args":[{"element-6066-11e4-a52e-4f735466cecf":"f.8359050118E493E9D810750CB1F2C9B3.d.32DEDD56F9D48F190BD090D710E1A844.e.7733","ELEMENT":"f.8359050118E493E9D810750CB1F2C9B3.d.32DEDD56F9D48F190BD090D710E1A844.e.7733"}]}
COMMAND: GET /session/d41a4ef9228655ec76246a5e56c44812/screenshot - {}
RESULT: {}
RESULT: {"script":"<script> [8489 bytes]","args":[{"element-6066-11e4-a52e-4f735466cecf":"f.8359050118E493E9D810750CB1F2C9B3.d.32DEDD56F9D48F190BD090D710E1A844.e.7733","ELEMENT":"f.8359050118E493E9D810750CB1F2C9B3.d.32DEDD56F9D48F190BD090D710E1A844.e.7733"}]}
COMMAND: POST /session/d41a4ef9228655ec76246a5e56c44812/execute/sync - {"script":"<script> [5351 bytes]","args":[{"element-6066-11e4-a52e-4f735466cecf":"f.8359050118E493E9D810750CB1F2C9B3.d.32DEDD56F9D48F190BD090D710E1A844.e.7733","ELEMENT":"f.8359050118E493E9D810750CB1F2C9B3.d.32DEDD56F9D48F190BD090D710E1A844.e.7733"}]}
COMMAND: GET /session/d41a4ef9228655ec76246a5e56c44812/screenshot - {}
RESULT: {}
RESULT: {"script":"<script> [5351 bytes]","args":[{"element-6066-11e4-a52e-4f735466cecf":"f.8359050118E493E9D810750CB1F2C9B3.d.32DEDD56F9D48F190BD090D710E1A844.e.7733","ELEMENT":"f.8359050118E493E9D810750CB1F2C9B3.d.32DEDD56F9D48F190BD090D710E1A844.e.7733"}]}
COMMAND: POST /session/d41a4ef9228655ec76246a5e56c44812/element/f.8359050118E493E9D810750CB1F2C9B3.d.32DEDD56F9D48F190BD090D710E1A844.e.7733/click - {}
COMMAND: GET /session/d41a4ef9228655ec76246a5e56c44812/screenshot - {}
RESULT: {}
RESULT: {}
COMMAND: GET /session/d41a4ef9228655ec76246a5e56c44812/screenshot - {}
RESULT: {}
RESULT: {}
COMMAND: POST /session/d41a4ef9228655ec76246a5e56c44812/execute/async - {"script":"<script> [1562 bytes]","args":[{"selector":{"id":"application-manageresources-display-component---newResourceUnit--TYPE-arrow"},"wdio_ui5_key":"applicationmanageresources-display-component---newResourceUnit--TYPE-arrow"}]}
RESULT: {"script":"<script> [1562 bytes]","args":[{"selector":{"id":"application-manageresources-display-component---newResourceUnit--TYPE-arrow"},"wdio_ui5_key":"applicationmanageresources-display-component---newResourceUnit--TYPE-arrow"}]}
RESULT: undefined
COMMAND: POST /session/d41a4ef9228655ec76246a5e56c44812/element - {"using":"xpath","value":"//*[@id=\"application-manageresources-display-component---newResourceUnit--TYPE-arrow\"]"}
RESULT: {"using":"xpath","value":"//*[@id=\"application-manageresources-display-component---newResourceUnit--TYPE-arrow\"]"}
COMMAND: POST /session/d41a4ef9228655ec76246a5e56c44812/element/f.8359050118E493E9D810750CB1F2C9B3.d.32DEDD56F9D48F190BD090D710E1A844.e.8096/click - {}
RESULT: {}
COMMAND: POST /session/d41a4ef9228655ec76246a5e56c44812/element - {"using":"xpath","value":"//input[@id=\"application-manageresources-display-component---newResourceUnit--TYPE-inner\"]"}
COMMAND: GET /session/d41a4ef9228655ec76246a5e56c44812/screenshot - {}
RESULT: {"using":"xpath","value":"//input[@id=\"application-manageresources-display-component---newResourceUnit--TYPE-inner\"]"}
COMMAND: POST /session/d41a4ef9228655ec76246a5e56c44812/element/f.8359050118E493E9D810750CB1F2C9B3.d.32DEDD56F9D48F190BD090D710E1A844.e.8087/clear - {}
RESULT: {}
RESULT: {}
COMMAND: POST /session/d41a4ef9228655ec76246a5e56c44812/element/f.8359050118E493E9D810750CB1F2C9B3.d.32DEDD56F9D48F190BD090D710E1A844.e.8087/value - {"text":"Material"}
COMMAND: GET /session/d41a4ef9228655ec76246a5e56c44812/screenshot - {}
RESULT: {"text":"Material"}
COMMAND: GET /session/d41a4ef9228655ec76246a5e56c44812/screenshot - {}
RESULT: {}
RESULT: {}
COMMAND: POST /session/d41a4ef9228655ec76246a5e56c44812/actions - {"actions":[{"id":"action29","type":"key","parameters":{},"actions":[{"type":"keyDown","value":"î€‡"},{"type":"pause","duration":10},{"type":"keyUp","value":"î€‡"}]}]}
RESULT: {"actions":[{"id":"action29","type":"key","parameters":{},"actions":[{"type":"keyDown","value":"î€‡"},{"type":"pause","duration":10},{"type":"keyUp","value":"î€‡"}]}]}
COMMAND: POST /session/d41a4ef9228655ec76246a5e56c44812/execute/async - {"script":"<script> [1562 bytes]","args":[{"selector":{"id":"application-manageresources-display-component---newResourceUnit--SHORT_TEXT","interaction":{"idSuffix":"inner"}},"wdio_ui5_key":"applicationmanageresources-display-component---newResourceUnit--SHORT_TEXT"}]}
COMMAND: GET /session/d41a4ef9228655ec76246a5e56c44812/screenshot - {}
RESULT: {"script":"<script> [1562 bytes]","args":[{"selector":{"id":"application-manageresources-display-component---newResourceUnit--SHORT_TEXT","interaction":{"idSuffix":"inner"}},"wdio_ui5_key":"applicationmanageresources-display-component---newResourceUnit--SHORT_TEXT"}]}
RESULT: undefined
COMMAND: POST /session/d41a4ef9228655ec76246a5e56c44812/execute/async - {"script":"<script> [776 bytes]","args":[{"enterText":"Cement WDIO","selector":{"id":"application-manageresources-display-component---newResourceUnit--SHORT_TEXT","interaction":{"idSuffix":"inner"}},"clearTextFirst":true,"interactionType":"ENTER_TEXT"}]}
RESULT: {}
RESULT: {"script":"<script> [776 bytes]","args":[{"enterText":"Cement WDIO","selector":{"id":"application-manageresources-display-component---newResourceUnit--SHORT_TEXT","interaction":{"idSuffix":"inner"}},"clearTextFirst":true,"interactionType":"ENTER_TEXT"}]}
COMMAND: POST /session/d41a4ef9228655ec76246a5e56c44812/execute/async - {"script":"<script> [1562 bytes]","args":[{"selector":{"id":"application-manageresources-display-component---newResourceUnit--BASE_UNIT_OF_MEASURE","interaction":{"idSuffix":"inner"}},"wdio_ui5_key":"applicationmanageresources-display-component---newResourceUnit--BASE_UNIT_OF_MEASURE"}]}
RESULT: {"script":"<script> [1562 bytes]","args":[{"selector":{"id":"application-manageresources-display-component---newResourceUnit--BASE_UNIT_OF_MEASURE","interaction":{"idSuffix":"inner"}},"wdio_ui5_key":"applicationmanageresources-display-component---newResourceUnit--BASE_UNIT_OF_MEASURE"}]}
RESULT: undefined
COMMAND: POST /session/d41a4ef9228655ec76246a5e56c44812/execute/async - {"script":"<script> [776 bytes]","args":[{"enterText":"Piece","selector":{"id":"application-manageresources-display-component---newResourceUnit--BASE_UNIT_OF_MEASURE","interaction":{"idSuffix":"inner"}},"clearTextFirst":true,"interactionType":"ENTER_TEXT"}]}
RESULT: {"script":"<script> [776 bytes]","args":[{"enterText":"Piece","selector":{"id":"application-manageresources-display-component---newResourceUnit--BASE_UNIT_OF_MEASURE","interaction":{"idSuffix":"inner"}},"clearTextFirst":true,"interactionType":"ENTER_TEXT"}]}
COMMAND: POST /session/d41a4ef9228655ec76246a5e56c44812/execute/async - {"script":"<script> [1562 bytes]","args":[{"selector":{"id":"application-manageresources-display-component---newResourceUnit--WEIGHT_UNIT","interaction":{"idSuffix":"inner"}},"wdio_ui5_key":"applicationmanageresources-display-component---newResourceUnit--WEIGHT_UNIT"}]}
RESULT: {"script":"<script> [1562 bytes]","args":[{"selector":{"id":"application-manageresources-display-component---newResourceUnit--WEIGHT_UNIT","interaction":{"idSuffix":"inner"}},"wdio_ui5_key":"applicationmanageresources-display-component---newResourceUnit--WEIGHT_UNIT"}]}
RESULT: undefined
COMMAND: POST /session/d41a4ef9228655ec76246a5e56c44812/execute/async - {"script":"<script> [776 bytes]","args":[{"enterText":"Gram","selector":{"id":"application-manageresources-display-component---newResourceUnit--WEIGHT_UNIT","interaction":{"idSuffix":"inner"}},"clearTextFirst":true,"interactionType":"ENTER_TEXT"}]}
RESULT: {"script":"<script> [776 bytes]","args":[{"enterText":"Gram","selector":{"id":"application-manageresources-display-component---newResourceUnit--WEIGHT_UNIT","interaction":{"idSuffix":"inner"}},"clearTextFirst":true,"interactionType":"ENTER_TEXT"}]}
COMMAND: POST /session/d41a4ef9228655ec76246a5e56c44812/execute/async - {"script":"<script> [1562 bytes]","args":[{"selector":{"id":"application-manageresources-display-component---newResourceUnit--DIMENSION_UNIT","interaction":{"idSuffix":"inner"}},"wdio_ui5_key":"applicationmanageresources-display-component---newResourceUnit--DIMENSION_UNIT"}]}
RESULT: {"script":"<script> [1562 bytes]","args":[{"selector":{"id":"application-manageresources-display-component---newResourceUnit--DIMENSION_UNIT","interaction":{"idSuffix":"inner"}},"wdio_ui5_key":"applicationmanageresources-display-component---newResourceUnit--DIMENSION_UNIT"}]}
RESULT: undefined
COMMAND: POST /session/d41a4ef9228655ec76246a5e56c44812/execute/async - {"script":"<script> [776 bytes]","args":[{"enterText":"Meter","selector":{"id":"application-manageresources-display-component---newResourceUnit--DIMENSION_UNIT","interaction":{"idSuffix":"inner"}},"clearTextFirst":true,"interactionType":"ENTER_TEXT"}]}
RESULT: {"script":"<script> [776 bytes]","args":[{"enterText":"Meter","selector":{"id":"application-manageresources-display-component---newResourceUnit--DIMENSION_UNIT","interaction":{"idSuffix":"inner"}},"clearTextFirst":true,"interactionType":"ENTER_TEXT"}]}
COMMAND: POST /session/d41a4ef9228655ec76246a5e56c44812/execute/async - {"script":"<script> [1562 bytes]","args":[{"selector":{"id":"application-manageresources-display-component---newResourceUnit--newRRUPage-anchBar-application-manageresources-display-component---newResourceUnit--control-anchor","interaction":{"idSuffix":"BDI-content"}},"wdio_ui5_key":"applicationmanageresources-display-component---newResourceUnit--newRRUPage-anchBar-application-manageresources-display-component---newResourceUnit--control-anchor"}]}
RESULT: {"script":"<script> [1562 bytes]","args":[{"selector":{"id":"application-manageresources-display-component---newResourceUnit--newRRUPage-anchBar-application-manageresources-display-component---newResourceUnit--control-anchor","interaction":{"idSuffix":"BDI-content"}},"wdio_ui5_key":"applicationmanageresources-display-component---newResourceUnit--newRRUPage-anchBar-application-manageresources-display-component---newResourceUnit--control-anchor"}]}
RESULT: undefined
COMMAND: POST /session/d41a4ef9228655ec76246a5e56c44812/element - {"using":"xpath","value":"//*[@id=\"application-manageresources-display-component---newResourceUnit--newRRUPage-anchBar-application-manageresources-display-component---newResourceUnit--control-anchor\"]"}
RESULT: {"using":"xpath","value":"//*[@id=\"application-manageresources-display-component---newResourceUnit--newRRUPage-anchBar-application-manageresources-display-component---newResourceUnit--control-anchor\"]"}
COMMAND: POST /session/d41a4ef9228655ec76246a5e56c44812/element/f.8359050118E493E9D810750CB1F2C9B3.d.32DEDD56F9D48F190BD090D710E1A844.e.8162/click - {}
RESULT: {}
COMMAND: POST /session/d41a4ef9228655ec76246a5e56c44812/execute/async - {"script":"<script> [1562 bytes]","args":[{"selector":{"id":"application-manageresources-display-component---newResourceUnit--PLANNING_GROUP","interaction":{"idSuffix":"inner"}},"wdio_ui5_key":"applicationmanageresources-display-component---newResourceUnit--PLANNING_GROUP"}]}
COMMAND: GET /session/d41a4ef9228655ec76246a5e56c44812/screenshot - {}
RESULT: {"script":"<script> [1562 bytes]","args":[{"selector":{"id":"application-manageresources-display-component---newResourceUnit--PLANNING_GROUP","interaction":{"idSuffix":"inner"}},"wdio_ui5_key":"applicationmanageresources-display-component---newResourceUnit--PLANNING_GROUP"}]}
RESULT: undefined
COMMAND: POST /session/d41a4ef9228655ec76246a5e56c44812/execute/async - {"script":"<script> [776 bytes]","args":[{"enterText":"Material","selector":{"id":"application-manageresources-display-component---newResourceUnit--PLANNING_GROUP","interaction":{"idSuffix":"inner"}},"clearTextFirst":true,"interactionType":"ENTER_TEXT"}]}
RESULT: {}
RESULT: {"script":"<script> [776 bytes]","args":[{"enterText":"Material","selector":{"id":"application-manageresources-display-component---newResourceUnit--PLANNING_GROUP","interaction":{"idSuffix":"inner"}},"clearTextFirst":true,"interactionType":"ENTER_TEXT"}]}
COMMAND: POST /session/d41a4ef9228655ec76246a5e56c44812/execute/async - {"script":"<script> [1562 bytes]","args":[{"selector":{"id":"application-manageresources-display-component---newResourceUnit--PLANNING_INDICATOR","interaction":{"idSuffix":"inner"}},"wdio_ui5_key":"applicationmanageresources-display-component---newResourceUnit--PLANNING_INDICATOR"}]}
RESULT: {"script":"<script> [1562 bytes]","args":[{"selector":{"id":"application-manageresources-display-component---newResourceUnit--PLANNING_INDICATOR","interaction":{"idSuffix":"inner"}},"wdio_ui5_key":"applicationmanageresources-display-component---newResourceUnit--PLANNING_INDICATOR"}]}
RESULT: undefined
COMMAND: POST /session/d41a4ef9228655ec76246a5e56c44812/execute/async - {"script":"<script> [776 bytes]","args":[{"enterText":"10 - infinite","selector":{"id":"application-manageresources-display-component---newResourceUnit--PLANNING_INDICATOR","interaction":{"idSuffix":"inner"}},"clearTextFirst":true,"interactionType":"ENTER_TEXT"}]}
RESULT: {"script":"<script> [776 bytes]","args":[{"enterText":"10 - infinite","selector":{"id":"application-manageresources-display-component---newResourceUnit--PLANNING_INDICATOR","interaction":{"idSuffix":"inner"}},"clearTextFirst":true,"interactionType":"ENTER_TEXT"}]}
COMMAND: POST /session/d41a4ef9228655ec76246a5e56c44812/element - {"using":"css selector","value":"#application-manageresources-display-component---newResourceUnit--btnAddTimeSegment"}
RESULT: {"using":"css selector","value":"#application-manageresources-display-component---newResourceUnit--btnAddTimeSegment"}
COMMAND: GET /session/d41a4ef9228655ec76246a5e56c44812/element/f.8359050118E493E9D810750CB1F2C9B3.d.32DEDD56F9D48F190BD090D710E1A844.e.8172/rect - {}
RESULT: {}
COMMAND: GET /session/d41a4ef9228655ec76246a5e56c44812/window/rect - {}
RESULT: {}
COMMAND: POST /session/d41a4ef9228655ec76246a5e56c44812/execute/sync - {"script":"<script> [92 bytes]","args":[]}
RESULT: {"script":"<script> [92 bytes]","args":[]}
COMMAND: POST /session/d41a4ef9228655ec76246a5e56c44812/actions - {"actions":[{"id":"action30","type":"wheel","parameters":{},"actions":[{"type":"scroll","x":-1888,"y":-32,"deltaX":0,"deltaY":0,"duration":0,"origin":{"element-6066-11e4-a52e-4f735466cecf":"f.8359050118E493E9D810750CB1F2C9B3.d.32DEDD56F9D48F190BD090D710E1A844.e.8172"}}]}]}
COMMAND: GET /session/d41a4ef9228655ec76246a5e56c44812/screenshot - {}
RESULT: {}
COMMAND: POST /session/d41a4ef9228655ec76246a5e56c44812/execute/sync - {"script":"<script> [79 bytes]","args":[{"element-6066-11e4-a52e-4f735466cecf":"f.8359050118E493E9D810750CB1F2C9B3.d.32DEDD56F9D48F190BD090D710E1A844.e.8172","ELEMENT":"f.8359050118E493E9D810750CB1F2C9B3.d.32DEDD56F9D48F190BD090D710E1A844.e.8172"},{"block":"start","inline":"nearest"}]}
RESULT: {"script":"<script> [79 bytes]","args":[{"element-6066-11e4-a52e-4f735466cecf":"f.8359050118E493E9D810750CB1F2C9B3.d.32DEDD56F9D48F190BD090D710E1A844.e.8172","ELEMENT":"f.8359050118E493E9D810750CB1F2C9B3.d.32DEDD56F9D48F190BD090D710E1A844.e.8172"},{"block":"start","inline":"nearest"}]}
COMMAND: POST /session/d41a4ef9228655ec76246a5e56c44812/execute/async - {"script":"<script> [1562 bytes]","args":[{"selector":{"id":"application-manageresources-display-component---newResourceUnit--btnAddTimeSegment","interaction":{"idSuffix":"inner"}},"wdio_ui5_key":"applicationmanageresources-display-component---newResourceUnit--btnAddTimeSegment"}]}
COMMAND: GET /session/d41a4ef9228655ec76246a5e56c44812/screenshot - {}
RESULT: {"script":"<script> [1562 bytes]","args":[{"selector":{"id":"application-manageresources-display-component---newResourceUnit--btnAddTimeSegment","interaction":{"idSuffix":"inner"}},"wdio_ui5_key":"applicationmanageresources-display-component---newResourceUnit--btnAddTimeSegment"}]}
RESULT: undefined
COMMAND: POST /session/d41a4ef9228655ec76246a5e56c44812/element - {"using":"xpath","value":"//*[@id=\"application-manageresources-display-component---newResourceUnit--btnAddTimeSegment\"]"}
RESULT: {}
RESULT: {"using":"xpath","value":"//*[@id=\"application-manageresources-display-component---newResourceUnit--btnAddTimeSegment\"]"}
COMMAND: POST /session/d41a4ef9228655ec76246a5e56c44812/element/f.8359050118E493E9D810750CB1F2C9B3.d.32DEDD56F9D48F190BD090D710E1A844.e.8172/click - {}
RESULT: {}
COMMAND: GET /session/d41a4ef9228655ec76246a5e56c44812/screenshot - {}
RESULT: {}
COMMAND: POST /session/d41a4ef9228655ec76246a5e56c44812/element - {"using":"xpath","value":"//input[@id=\"application-manageresources-display-component---newResourceUnit--idRuTSAdmin-application-manageresources-display-component---newResourceUnit--RUTimeSegment-0-inner\"]"}
RESULT: {"using":"xpath","value":"//input[@id=\"application-manageresources-display-component---newResourceUnit--idRuTSAdmin-application-manageresources-display-component---newResourceUnit--RUTimeSegment-0-inner\"]"}
COMMAND: POST /session/d41a4ef9228655ec76246a5e56c44812/element/f.8359050118E493E9D810750CB1F2C9B3.d.32DEDD56F9D48F190BD090D710E1A844.e.8177/clear - {}
RESULT: {}
COMMAND: POST /session/d41a4ef9228655ec76246a5e56c44812/element/f.8359050118E493E9D810750CB1F2C9B3.d.32DEDD56F9D48F190BD090D710E1A844.e.8177/value - {"text":"471"}
COMMAND: GET /session/d41a4ef9228655ec76246a5e56c44812/screenshot - {}
RESULT: {"text":"471"}
COMMAND: GET /session/d41a4ef9228655ec76246a5e56c44812/screenshot - {}
RESULT: {}
RESULT: {}
COMMAND: POST /session/d41a4ef9228655ec76246a5e56c44812/element - {"using":"xpath","value":"//li[.//span[text()='471']]"}
RESULT: {"using":"xpath","value":"//li[.//span[text()='471']]"}
COMMAND: POST /session/d41a4ef9228655ec76246a5e56c44812/element/f.8359050118E493E9D810750CB1F2C9B3.d.32DEDD56F9D48F190BD090D710E1A844.e.8186/click - {}
RESULT: {}
COMMAND: GET /session/d41a4ef9228655ec76246a5e56c44812/screenshot - {}
RESULT: {}
COMMAND: POST /session/d41a4ef9228655ec76246a5e56c44812/element - {"using":"xpath","value":"(//span[contains(@id, \"-application-manageresources-display-component---newResourceUnit--RUTimeSegment-0-arrow\")])[2]"}
RESULT: {"using":"xpath","value":"(//span[contains(@id, \"-application-manageresources-display-component---newResourceUnit--RUTimeSegment-0-arrow\")])[2]"}
COMMAND: POST /session/d41a4ef9228655ec76246a5e56c44812/element/f.8359050118E493E9D810750CB1F2C9B3.d.32DEDD56F9D48F190BD090D710E1A844.e.8187/click - {}
RESULT: {}
COMMAND: POST /session/d41a4ef9228655ec76246a5e56c44812/element - {"using":"xpath","value":"//span[contains(text(), \"PM Order\")]"}
COMMAND: GET /session/d41a4ef9228655ec76246a5e56c44812/screenshot - {}
RESULT: {"using":"xpath","value":"//span[contains(text(), \"PM Order\")]"}
COMMAND: POST /session/d41a4ef9228655ec76246a5e56c44812/element/f.8359050118E493E9D810750CB1F2C9B3.d.32DEDD56F9D48F190BD090D710E1A844.e.8188/click - {}
RESULT: {}
RESULT: {}
COMMAND: GET /session/d41a4ef9228655ec76246a5e56c44812/screenshot - {}
RESULT: {}
COMMAND: POST /session/d41a4ef9228655ec76246a5e56c44812/element - {"using":"xpath","value":"//td/div/div/div/span[contains(@id, \"newResourceUnit--RUTimeSegment-0-vhi\")][1]"}
RESULT: {"using":"xpath","value":"//td/div/div/div/span[contains(@id, \"newResourceUnit--RUTimeSegment-0-vhi\")][1]"}
COMMAND: GET /session/d41a4ef9228655ec76246a5e56c44812/element/f.8359050118E493E9D810750CB1F2C9B3.d.32DEDD56F9D48F190BD090D710E1A844.e.8192/rect - {}
RESULT: {}
COMMAND: GET /session/d41a4ef9228655ec76246a5e56c44812/window/rect - {}
RESULT: {}
COMMAND: POST /session/d41a4ef9228655ec76246a5e56c44812/execute/sync - {"script":"<script> [92 bytes]","args":[]}
RESULT: {"script":"<script> [92 bytes]","args":[]}
COMMAND: POST /session/d41a4ef9228655ec76246a5e56c44812/actions - {"actions":[{"id":"action31","type":"wheel","parameters":{},"actions":[{"type":"scroll","x":-1888,"y":-24,"deltaX":0,"deltaY":0,"duration":0,"origin":{"element-6066-11e4-a52e-4f735466cecf":"f.8359050118E493E9D810750CB1F2C9B3.d.32DEDD56F9D48F190BD090D710E1A844.e.8192"}}]}]}
COMMAND: GET /session/d41a4ef9228655ec76246a5e56c44812/screenshot - {}
RESULT: {}
COMMAND: POST /session/d41a4ef9228655ec76246a5e56c44812/execute/sync - {"script":"<script> [79 bytes]","args":[{"element-6066-11e4-a52e-4f735466cecf":"f.8359050118E493E9D810750CB1F2C9B3.d.32DEDD56F9D48F190BD090D710E1A844.e.8192","ELEMENT":"f.8359050118E493E9D810750CB1F2C9B3.d.32DEDD56F9D48F190BD090D710E1A844.e.8192"},{"block":"start","inline":"nearest"}]}
RESULT: {"script":"<script> [79 bytes]","args":[{"element-6066-11e4-a52e-4f735466cecf":"f.8359050118E493E9D810750CB1F2C9B3.d.32DEDD56F9D48F190BD090D710E1A844.e.8192","ELEMENT":"f.8359050118E493E9D810750CB1F2C9B3.d.32DEDD56F9D48F190BD090D710E1A844.e.8192"},{"block":"start","inline":"nearest"}]}
COMMAND: GET /session/d41a4ef9228655ec76246a5e56c44812/screenshot - {}
RESULT: {}
COMMAND: POST /session/d41a4ef9228655ec76246a5e56c44812/element/f.8359050118E493E9D810750CB1F2C9B3.d.32DEDD56F9D48F190BD090D710E1A844.e.8192/click - {}
RESULT: {}
COMMAND: GET /session/d41a4ef9228655ec76246a5e56c44812/screenshot - {}
RESULT: {}
COMMAND: POST /session/d41a4ef9228655ec76246a5e56c44812/execute/async - {"script":"<script> [1562 bytes]","args":[{"selector":{"controlType":"sap.m.SearchField","properties":{"placeholder":"Search"},"searchOpenDialogs":true,"interaction":{"idSuffix":"I"}},"wdio_ui5_key":"sapm.SearchField{\"placeholder\":\"Search\"}"}]}
RESULT: {"script":"<script> [1562 bytes]","args":[{"selector":{"controlType":"sap.m.SearchField","properties":{"placeholder":"Search"},"searchOpenDialogs":true,"interaction":{"idSuffix":"I"}},"wdio_ui5_key":"sapm.SearchField{\"placeholder\":\"Search\"}"}]}
RESULT: undefined
COMMAND: POST /session/d41a4ef9228655ec76246a5e56c44812/execute/async - {"script":"<script> [776 bytes]","args":[{"enterText":"4000360","selector":{"controlType":"sap.m.SearchField","properties":{"placeholder":"Search"},"searchOpenDialogs":true,"interaction":{"idSuffix":"I"}},"clearTextFirst":true,"interactionType":"ENTER_TEXT"}]}
RESULT: {"script":"<script> [776 bytes]","args":[{"enterText":"4000360","selector":{"controlType":"sap.m.SearchField","properties":{"placeholder":"Search"},"searchOpenDialogs":true,"interaction":{"idSuffix":"I"}},"clearTextFirst":true,"interactionType":"ENTER_TEXT"}]}
COMMAND: POST /session/d41a4ef9228655ec76246a5e56c44812/actions - {"actions":[{"id":"action32","type":"key","parameters":{},"actions":[{"type":"keyDown","value":"î€‡"},{"type":"pause","duration":10},{"type":"keyUp","value":"î€‡"}]}]}
RESULT: {"actions":[{"id":"action32","type":"key","parameters":{},"actions":[{"type":"keyDown","value":"î€‡"},{"type":"pause","duration":10},{"type":"keyUp","value":"î€‡"}]}]}
COMMAND: GET /session/d41a4ef9228655ec76246a5e56c44812/screenshot - {}
RESULT: {}
COMMAND: POST /session/d41a4ef9228655ec76246a5e56c44812/element - {"using":"xpath","value":"//td/div/span[contains(text(), \"BGL Vehicles\")]"}
RESULT: {"using":"xpath","value":"//td/div/span[contains(text(), \"BGL Vehicles\")]"}
COMMAND: POST /session/d41a4ef9228655ec76246a5e56c44812/element/f.8359050118E493E9D810750CB1F2C9B3.d.32DEDD56F9D48F190BD090D710E1A844.e.8213/click - {}
RESULT: {}
COMMAND: GET /session/d41a4ef9228655ec76246a5e56c44812/screenshot - {}
RESULT: {}
COMMAND: POST /session/d41a4ef9228655ec76246a5e56c44812/element - {"using":"xpath","value":"//bdi[contains(text(), \"OK\")]"}
RESULT: {"using":"xpath","value":"//bdi[contains(text(), \"OK\")]"}
COMMAND: POST /session/d41a4ef9228655ec76246a5e56c44812/element/f.8359050118E493E9D810750CB1F2C9B3.d.32DEDD56F9D48F190BD090D710E1A844.e.8214/click - {}
RESULT: {}
COMMAND: GET /session/d41a4ef9228655ec76246a5e56c44812/screenshot - {}
RESULT: {}
COMMAND: POST /session/d41a4ef9228655ec76246a5e56c44812/element - {"using":"xpath","value":"//label[contains(@class, 'sapMLabelRequired') and .//bdi[contains(text(), 'Planned Retirement')]]"}
RESULT: {"using":"xpath","value":"//label[contains(@class, 'sapMLabelRequired') and .//bdi[contains(text(), 'Planned Retirement')]]"}
COMMAND: POST /session/d41a4ef9228655ec76246a5e56c44812/elements - {"using":"xpath","value":"//label[contains(@class, 'sapMLabelRequired') and .//bdi[contains(text(), 'Planned Retirement')]]"}
RESULT: {"using":"xpath","value":"//label[contains(@class, 'sapMLabelRequired') and .//bdi[contains(text(), 'Planned Retirement')]]"}
COMMAND: POST /session/d41a4ef9228655ec76246a5e56c44812/element - {"using":"xpath","value":"//button[@data-kt=\"resourceUnitSaveButton\"]"}
RESULT: {"using":"xpath","value":"//button[@data-kt=\"resourceUnitSaveButton\"]"}
COMMAND: POST /session/d41a4ef9228655ec76246a5e56c44812/element/f.8359050118E493E9D810750CB1F2C9B3.d.32DEDD56F9D48F190BD090D710E1A844.e.8114/click - {}
RESULT: {}
COMMAND: GET /session/d41a4ef9228655ec76246a5e56c44812/screenshot - {}
RESULT: {}
COMMAND: POST /session/d41a4ef9228655ec76246a5e56c44812/element - {"using":"xpath","value":"//bdi[contains(text(), \"Close\")]"}
RESULT: {"using":"xpath","value":"//bdi[contains(text(), \"Close\")]"}
COMMAND: POST /session/d41a4ef9228655ec76246a5e56c44812/element/f.8359050118E493E9D810750CB1F2C9B3.d.32DEDD56F9D48F190BD090D710E1A844.e.8220/click - {}
RESULT: {}
COMMAND: GET /session/d41a4ef9228655ec76246a5e56c44812/screenshot - {}
RESULT: {}
COMMAND: POST /session/d41a4ef9228655ec76246a5e56c44812/element - {"using":"xpath","value":"//header[contains(@id, 'detailRruPage-headerTitle')]/div[1]/div[2]/div[2]/span[1]"}
RESULT: {"using":"xpath","value":"//header[contains(@id, 'detailRruPage-headerTitle')]/div[1]/div[2]/div[2]/span[1]"}
COMMAND: POST /session/d41a4ef9228655ec76246a5e56c44812/elements - {"using":"xpath","value":"//header[contains(@id, 'detailRruPage-headerTitle')]/div[1]/div[2]/div[2]/span[1]"}
RESULT: {"using":"xpath","value":"//header[contains(@id, 'detailRruPage-headerTitle')]/div[1]/div[2]/div[2]/span[1]"}
COMMAND: POST /session/d41a4ef9228655ec76246a5e56c44812/execute/sync - {"script":"<script> [56 bytes]","args":[{"element-6066-11e4-a52e-4f735466cecf":"f.8359050118E493E9D810750CB1F2C9B3.d.32DEDD56F9D48F190BD090D710E1A844.e.8246","ELEMENT":"f.8359050118E493E9D810750CB1F2C9B3.d.32DEDD56F9D48F190BD090D710E1A844.e.8246"}]}
RESULT: {"script":"<script> [56 bytes]","args":[{"element-6066-11e4-a52e-4f735466cecf":"f.8359050118E493E9D810750CB1F2C9B3.d.32DEDD56F9D48F190BD090D710E1A844.e.8246","ELEMENT":"f.8359050118E493E9D810750CB1F2C9B3.d.32DEDD56F9D48F190BD090D710E1A844.e.8246"}]}
COMMAND: POST /session/d41a4ef9228655ec76246a5e56c44812/element - {"using":"css selector","value":"#shell-header-logo"}
COMMAND: GET /session/d41a4ef9228655ec76246a5e56c44812/screenshot - {}
RESULT: {"using":"css selector","value":"#shell-header-logo"}
COMMAND: POST /session/d41a4ef9228655ec76246a5e56c44812/element/f.8359050118E493E9D810750CB1F2C9B3.d.32DEDD56F9D48F190BD090D710E1A844.e.7579/click - {}
RESULT: {}
RESULT: {}
COMMAND: GET /session/d41a4ef9228655ec76246a5e56c44812/screenshot - {}
RESULT: {}
]]></system-out>
    </testcase>
    <testcase classname="chrome.136_0_7103_93.windows.Provide_to_Site_w/_warehouse_management_w/o_clarification_US113782_" name="Bin Status Report Should Create New Organization yard" time="0.006" />
    <testcase classname="chrome.136_0_7103_93.windows.Provide_to_Site_w/_warehouse_management_w/o_clarification_US113782_" name="Bin Status Report Should Create New Organization for Site" time="0.005" />
  </testsuite>
  <testsuite timestamp="2025-05-16T16:49:36" time="411.707" tests="5" failures="0" errors="0" skipped="0">
    <properties>
      <property name="specId" value="0" />
      <property name="suiteName" value="Provide to Site w/ warehouse management wo clarification" />
      <property name="capabilities" value="chrome.136_0_7103_93.windows" />
      <property name="file" value="file:///D:/a/1/s/test/specs/HTR/provide-to-site-w-warehouse-wo-clarification.spec.js" />
    </properties>
    <testcase classname="chrome.136_0_7103_93.windows.Provide_to_Site_w/_warehouse_management_wo_clarification" name="Should do a stock increase handover" time="98.601">
      <system-out><![CDATA[
COMMAND: POST /session/d41a4ef9228655ec76246a5e56c44812/execute/async - {"script":"<script> [1562 bytes]","args":[{"selector":{"controlType":"sap.m.GenericTile","properties":{"header":"Manage Handovers"}},"wdio_ui5_key":"sapm.GenericTile{\"header\":\"Manage Handovers\"}"}]}
RESULT: {"script":"<script> [1562 bytes]","args":[{"selector":{"controlType":"sap.m.GenericTile","properties":{"header":"Manage Handovers"}},"wdio_ui5_key":"sapm.GenericTile{\"header\":\"Manage Handovers\"}"}]}
RESULT: undefined
COMMAND: POST /session/d41a4ef9228655ec76246a5e56c44812/element - {"using":"xpath","value":"//*[@id=\"__tile133\"]"}
RESULT: {"using":"xpath","value":"//*[@id=\"__tile133\"]"}
COMMAND: POST /session/d41a4ef9228655ec76246a5e56c44812/element/f.8359050118E493E9D810750CB1F2C9B3.d.32DEDD56F9D48F190BD090D710E1A844.e.7632/click - {}
RESULT: {}
COMMAND: GET /session/d41a4ef9228655ec76246a5e56c44812/screenshot - {}
RESULT: {}
COMMAND: POST /session/d41a4ef9228655ec76246a5e56c44812/elements - {"using":"xpath","value":"//span[text()='Error']"}
RESULT: {"using":"xpath","value":"//span[text()='Error']"}
COMMAND: POST /session/d41a4ef9228655ec76246a5e56c44812/element - {"using":"xpath","value":"//button[@data-kt=\"masterHOAddButton\"]"}
RESULT: {"using":"xpath","value":"//button[@data-kt=\"masterHOAddButton\"]"}
COMMAND: POST /session/d41a4ef9228655ec76246a5e56c44812/elements - {"using":"xpath","value":"//button[@data-kt=\"masterHOAddButton\"]"}
RESULT: {"using":"xpath","value":"//button[@data-kt=\"masterHOAddButton\"]"}
COMMAND: POST /session/d41a4ef9228655ec76246a5e56c44812/elements - {"using":"xpath","value":"//button[@data-kt=\"masterHOAddButton\"]"}
RESULT: {"using":"xpath","value":"//button[@data-kt=\"masterHOAddButton\"]"}
COMMAND: POST /session/d41a4ef9228655ec76246a5e56c44812/elements - {"using":"xpath","value":"//button[@data-kt=\"masterHOAddButton\"]"}
RESULT: {"using":"xpath","value":"//button[@data-kt=\"masterHOAddButton\"]"}
COMMAND: POST /session/d41a4ef9228655ec76246a5e56c44812/element - {"using":"xpath","value":"//button[@data-kt=\"masterHOAddButton\"]"}
RESULT: {"using":"xpath","value":"//button[@data-kt=\"masterHOAddButton\"]"}
COMMAND: POST /session/d41a4ef9228655ec76246a5e56c44812/execute/sync - {"script":"<script> [8489 bytes]","args":[{"element-6066-11e4-a52e-4f735466cecf":"f.8359050118E493E9D810750CB1F2C9B3.d.32DEDD56F9D48F190BD090D710E1A844.e.8286","ELEMENT":"f.8359050118E493E9D810750CB1F2C9B3.d.32DEDD56F9D48F190BD090D710E1A844.e.8286"}]}
RESULT: {"script":"<script> [8489 bytes]","args":[{"element-6066-11e4-a52e-4f735466cecf":"f.8359050118E493E9D810750CB1F2C9B3.d.32DEDD56F9D48F190BD090D710E1A844.e.8286","ELEMENT":"f.8359050118E493E9D810750CB1F2C9B3.d.32DEDD56F9D48F190BD090D710E1A844.e.8286"}]}
COMMAND: GET /session/d41a4ef9228655ec76246a5e56c44812/element/f.8359050118E493E9D810750CB1F2C9B3.d.32DEDD56F9D48F190BD090D710E1A844.e.8286/enabled - {}
COMMAND: GET /session/d41a4ef9228655ec76246a5e56c44812/screenshot - {}
RESULT: {}
COMMAND: POST /session/d41a4ef9228655ec76246a5e56c44812/execute/sync - {"script":"<script> [8489 bytes]","args":[{"element-6066-11e4-a52e-4f735466cecf":"f.8359050118E493E9D810750CB1F2C9B3.d.32DEDD56F9D48F190BD090D710E1A844.e.8286","ELEMENT":"f.8359050118E493E9D810750CB1F2C9B3.d.32DEDD56F9D48F190BD090D710E1A844.e.8286"}]}
COMMAND: GET /session/d41a4ef9228655ec76246a5e56c44812/screenshot - {}
RESULT: {}
RESULT: {"script":"<script> [8489 bytes]","args":[{"element-6066-11e4-a52e-4f735466cecf":"f.8359050118E493E9D810750CB1F2C9B3.d.32DEDD56F9D48F190BD090D710E1A844.e.8286","ELEMENT":"f.8359050118E493E9D810750CB1F2C9B3.d.32DEDD56F9D48F190BD090D710E1A844.e.8286"}]}
COMMAND: POST /session/d41a4ef9228655ec76246a5e56c44812/execute/sync - {"script":"<script> [5351 bytes]","args":[{"element-6066-11e4-a52e-4f735466cecf":"f.8359050118E493E9D810750CB1F2C9B3.d.32DEDD56F9D48F190BD090D710E1A844.e.8286","ELEMENT":"f.8359050118E493E9D810750CB1F2C9B3.d.32DEDD56F9D48F190BD090D710E1A844.e.8286"}]}
COMMAND: GET /session/d41a4ef9228655ec76246a5e56c44812/screenshot - {}
RESULT: {}
RESULT: {"script":"<script> [5351 bytes]","args":[{"element-6066-11e4-a52e-4f735466cecf":"f.8359050118E493E9D810750CB1F2C9B3.d.32DEDD56F9D48F190BD090D710E1A844.e.8286","ELEMENT":"f.8359050118E493E9D810750CB1F2C9B3.d.32DEDD56F9D48F190BD090D710E1A844.e.8286"}]}
COMMAND: POST /session/d41a4ef9228655ec76246a5e56c44812/element/f.8359050118E493E9D810750CB1F2C9B3.d.32DEDD56F9D48F190BD090D710E1A844.e.8286/click - {}
COMMAND: GET /session/d41a4ef9228655ec76246a5e56c44812/screenshot - {}
RESULT: {}
RESULT: {}
COMMAND: GET /session/d41a4ef9228655ec76246a5e56c44812/screenshot - {}
COMMAND: POST /session/d41a4ef9228655ec76246a5e56c44812/element - {"using":"xpath","value":"//span[contains(@id ,\"AddNewHO--typeSelect-arrow\")]"}
RESULT: {}
RESULT: {}
RESULT: {"using":"xpath","value":"//span[contains(@id ,\"AddNewHO--typeSelect-arrow\")]"}
COMMAND: POST /session/d41a4ef9228655ec76246a5e56c44812/element/f.8359050118E493E9D810750CB1F2C9B3.d.32DEDD56F9D48F190BD090D710E1A844.e.8643/click - {}
RESULT: {}
COMMAND: GET /session/d41a4ef9228655ec76246a5e56c44812/screenshot - {}
RESULT: {}
COMMAND: POST /session/d41a4ef9228655ec76246a5e56c44812/element - {"using":"xpath","value":"(//li[contains(text(), \"stock increase yard\")])[1]"}
RESULT: {"using":"xpath","value":"(//li[contains(text(), \"stock increase yard\")])[1]"}
COMMAND: POST /session/d41a4ef9228655ec76246a5e56c44812/element/f.8359050118E493E9D810750CB1F2C9B3.d.32DEDD56F9D48F190BD090D710E1A844.e.8644/click - {}
RESULT: {}
COMMAND: GET /session/d41a4ef9228655ec76246a5e56c44812/screenshot - {}
RESULT: {}
COMMAND: POST /session/d41a4ef9228655ec76246a5e56c44812/execute/async - {"script":"<script> [1562 bytes]","args":[{"selector":{"id":"application-managehandovers-display-component---AddNewHO--dueDate","interaction":{"idSuffix":"inner"}},"wdio_ui5_key":"applicationmanagehandovers-display-component---AddNewHO--dueDate"}]}
RESULT: {"script":"<script> [1562 bytes]","args":[{"selector":{"id":"application-managehandovers-display-component---AddNewHO--dueDate","interaction":{"idSuffix":"inner"}},"wdio_ui5_key":"applicationmanagehandovers-display-component---AddNewHO--dueDate"}]}
RESULT: undefined
COMMAND: POST /session/d41a4ef9228655ec76246a5e56c44812/execute/async - {"script":"<script> [6424 bytes]","args":[{"element-6066-11e4-a52e-4f735466cecf":"f.8359050118E493E9D810750CB1F2C9B3.d.32DEDD56F9D48F190BD090D710E1A844.e.8646"},"setValue",["5/16/25"]]}
RESULT: {"script":"<script> [6424 bytes]","args":[{"element-6066-11e4-a52e-4f735466cecf":"f.8359050118E493E9D810750CB1F2C9B3.d.32DEDD56F9D48F190BD090D710E1A844.e.8646"},"setValue",["5/16/25"]]}
COMMAND: POST /session/d41a4ef9228655ec76246a5e56c44812/element - {"using":"xpath","value":"//input[@id=\"generalSectionFrg--receiveYard-inner\"]"}
RESULT: {"using":"xpath","value":"//input[@id=\"generalSectionFrg--receiveYard-inner\"]"}
COMMAND: POST /session/d41a4ef9228655ec76246a5e56c44812/element/f.8359050118E493E9D810750CB1F2C9B3.d.32DEDD56F9D48F190BD090D710E1A844.e.8650/clear - {}
RESULT: {}
COMMAND: POST /session/d41a4ef9228655ec76246a5e56c44812/element/f.8359050118E493E9D810750CB1F2C9B3.d.32DEDD56F9D48F190BD090D710E1A844.e.8650/value - {"text":"471"}
COMMAND: GET /session/d41a4ef9228655ec76246a5e56c44812/screenshot - {}
RESULT: {"text":"471"}
COMMAND: GET /session/d41a4ef9228655ec76246a5e56c44812/screenshot - {}
RESULT: {}
RESULT: {}
COMMAND: POST /session/d41a4ef9228655ec76246a5e56c44812/element - {"using":"xpath","value":"//li[.//span[text()='471']]"}
RESULT: {"using":"xpath","value":"//li[.//span[text()='471']]"}
COMMAND: POST /session/d41a4ef9228655ec76246a5e56c44812/element/f.8359050118E493E9D810750CB1F2C9B3.d.32DEDD56F9D48F190BD090D710E1A844.e.8666/click - {}
RESULT: {}
COMMAND: GET /session/d41a4ef9228655ec76246a5e56c44812/screenshot - {}
RESULT: {}
COMMAND: POST /session/d41a4ef9228655ec76246a5e56c44812/execute/async - {"script":"<script> [1562 bytes]","args":[{"selector":{"id":"application-managehandovers-display-component---AddNewHO--ObjectPageLayout-anchBar-application-managehandovers-display-component---AddNewHO--section4-anchor","interaction":{"idSuffix":"BDI-content"}},"wdio_ui5_key":"applicationmanagehandovers-display-component---AddNewHO--ObjectPageLayout-anchBar-application-managehandovers-display-component---AddNewHO--section4-anchor"}]}
RESULT: {"script":"<script> [1562 bytes]","args":[{"selector":{"id":"application-managehandovers-display-component---AddNewHO--ObjectPageLayout-anchBar-application-managehandovers-display-component---AddNewHO--section4-anchor","interaction":{"idSuffix":"BDI-content"}},"wdio_ui5_key":"applicationmanagehandovers-display-component---AddNewHO--ObjectPageLayout-anchBar-application-managehandovers-display-component---AddNewHO--section4-anchor"}]}
RESULT: undefined
COMMAND: POST /session/d41a4ef9228655ec76246a5e56c44812/element - {"using":"xpath","value":"//*[@id=\"application-managehandovers-display-component---AddNewHO--ObjectPageLayout-anchBar-application-managehandovers-display-component---AddNewHO--section4-anchor\"]"}
RESULT: {"using":"xpath","value":"//*[@id=\"application-managehandovers-display-component---AddNewHO--ObjectPageLayout-anchBar-application-managehandovers-display-component---AddNewHO--section4-anchor\"]"}
COMMAND: POST /session/d41a4ef9228655ec76246a5e56c44812/element/f.8359050118E493E9D810750CB1F2C9B3.d.32DEDD56F9D48F190BD090D710E1A844.e.8668/click - {}
RESULT: {}
COMMAND: POST /session/d41a4ef9228655ec76246a5e56c44812/element - {"using":"xpath","value":"//button[@aria-label=\"Add\"]"}
COMMAND: GET /session/d41a4ef9228655ec76246a5e56c44812/screenshot - {}
RESULT: {"using":"xpath","value":"//button[@aria-label=\"Add\"]"}
COMMAND: POST /session/d41a4ef9228655ec76246a5e56c44812/element/f.8359050118E493E9D810750CB1F2C9B3.d.32DEDD56F9D48F190BD090D710E1A844.e.8670/click - {}
RESULT: {}
RESULT: {}
COMMAND: GET /session/d41a4ef9228655ec76246a5e56c44812/screenshot - {}
RESULT: {}
COMMAND: POST /session/d41a4ef9228655ec76246a5e56c44812/execute/async - {"script":"<script> [1562 bytes]","args":[{"selector":{"id":"application-managehandovers-display-component---AddNewHO--smartFilterBar-btnBasicSearch","searchOpenDialogs":true,"interaction":{"idSuffix":"I"}},"wdio_ui5_key":"applicationmanagehandovers-display-component---AddNewHO--smartFilterBar-btnBasicSearch"}]}
RESULT: {"script":"<script> [1562 bytes]","args":[{"selector":{"id":"application-managehandovers-display-component---AddNewHO--smartFilterBar-btnBasicSearch","searchOpenDialogs":true,"interaction":{"idSuffix":"I"}},"wdio_ui5_key":"applicationmanagehandovers-display-component---AddNewHO--smartFilterBar-btnBasicSearch"}]}
RESULT: undefined
COMMAND: POST /session/d41a4ef9228655ec76246a5e56c44812/execute/async - {"script":"<script> [776 bytes]","args":[{"enterText":"200236","selector":{"id":"application-managehandovers-display-component---AddNewHO--smartFilterBar-btnBasicSearch","searchOpenDialogs":true,"interaction":{"idSuffix":"I"}},"clearTextFirst":true,"interactionType":"ENTER_TEXT"}]}
RESULT: {"script":"<script> [776 bytes]","args":[{"enterText":"200236","selector":{"id":"application-managehandovers-display-component---AddNewHO--smartFilterBar-btnBasicSearch","searchOpenDialogs":true,"interaction":{"idSuffix":"I"}},"clearTextFirst":true,"interactionType":"ENTER_TEXT"}]}
COMMAND: POST /session/d41a4ef9228655ec76246a5e56c44812/actions - {"actions":[{"id":"action33","type":"key","parameters":{},"actions":[{"type":"keyDown","value":"î€‡"},{"type":"pause","duration":10},{"type":"keyUp","value":"î€‡"}]}]}
RESULT: {"actions":[{"id":"action33","type":"key","parameters":{},"actions":[{"type":"keyDown","value":"î€‡"},{"type":"pause","duration":10},{"type":"keyUp","value":"î€‡"}]}]}
COMMAND: GET /session/d41a4ef9228655ec76246a5e56c44812/screenshot - {}
RESULT: {}
COMMAND: POST /session/d41a4ef9228655ec76246a5e56c44812/execute/async - {"script":"<script> [1562 bytes]","args":[{"selector":{"id":"application-managehandovers-display-component---AddNewHO--popup-sa","searchOpenDialogs":true,"interaction":{"idSuffix":"CbBg"}},"wdio_ui5_key":"applicationmanagehandovers-display-component---AddNewHO--popup-sa"}]}
RESULT: {"script":"<script> [1562 bytes]","args":[{"selector":{"id":"application-managehandovers-display-component---AddNewHO--popup-sa","searchOpenDialogs":true,"interaction":{"idSuffix":"CbBg"}},"wdio_ui5_key":"applicationmanagehandovers-display-component---AddNewHO--popup-sa"}]}
RESULT: undefined
COMMAND: POST /session/d41a4ef9228655ec76246a5e56c44812/element - {"using":"xpath","value":"//*[@id=\"application-managehandovers-display-component---AddNewHO--popup-sa\"]"}
RESULT: {"using":"xpath","value":"//*[@id=\"application-managehandovers-display-component---AddNewHO--popup-sa\"]"}
COMMAND: POST /session/d41a4ef9228655ec76246a5e56c44812/element/f.8359050118E493E9D810750CB1F2C9B3.d.32DEDD56F9D48F190BD090D710E1A844.e.8823/click - {}
RESULT: {}
COMMAND: GET /session/d41a4ef9228655ec76246a5e56c44812/screenshot - {}
RESULT: {}
COMMAND: POST /session/d41a4ef9228655ec76246a5e56c44812/element - {"using":"xpath","value":"//bdi[contains(text(), \"Select\")]"}
RESULT: {"using":"xpath","value":"//bdi[contains(text(), \"Select\")]"}
COMMAND: POST /session/d41a4ef9228655ec76246a5e56c44812/element/f.8359050118E493E9D810750CB1F2C9B3.d.32DEDD56F9D48F190BD090D710E1A844.e.8824/click - {}
RESULT: {}
COMMAND: GET /session/d41a4ef9228655ec76246a5e56c44812/screenshot - {}
RESULT: {}
COMMAND: POST /session/d41a4ef9228655ec76246a5e56c44812/element - {"using":"xpath","value":"//button[@data-kt=\"AddNewHOSaveButton\"]"}
RESULT: {"using":"xpath","value":"//button[@data-kt=\"AddNewHOSaveButton\"]"}
COMMAND: POST /session/d41a4ef9228655ec76246a5e56c44812/element/f.8359050118E493E9D810750CB1F2C9B3.d.32DEDD56F9D48F190BD090D710E1A844.e.8828/click - {}
RESULT: {}
COMMAND: GET /session/d41a4ef9228655ec76246a5e56c44812/screenshot - {}
RESULT: {}
COMMAND: POST /session/d41a4ef9228655ec76246a5e56c44812/execute/async - {"script":"<script> [1562 bytes]","args":[{"selector":{"id":"receiptDatePicker","viewName":"etm.portal.ui.managehandovers.view.DetailExecuteHO","interaction":{"idSuffix":"inner"}},"wdio_ui5_key":"receiptDatePickeretmportal.ui.managehandovers.view.DetailExecuteHO"}]}
RESULT: {"script":"<script> [1562 bytes]","args":[{"selector":{"id":"receiptDatePicker","viewName":"etm.portal.ui.managehandovers.view.DetailExecuteHO","interaction":{"idSuffix":"inner"}},"wdio_ui5_key":"receiptDatePickeretmportal.ui.managehandovers.view.DetailExecuteHO"}]}
RESULT: undefined
COMMAND: POST /session/d41a4ef9228655ec76246a5e56c44812/execute/async - {"script":"<script> [6424 bytes]","args":[{"element-6066-11e4-a52e-4f735466cecf":"f.8359050118E493E9D810750CB1F2C9B3.d.32DEDD56F9D48F190BD090D710E1A844.e.8845"},"setValue",["5/16/25"]]}
RESULT: {"script":"<script> [6424 bytes]","args":[{"element-6066-11e4-a52e-4f735466cecf":"f.8359050118E493E9D810750CB1F2C9B3.d.32DEDD56F9D48F190BD090D710E1A844.e.8845"},"setValue",["5/16/25"]]}
COMMAND: POST /session/d41a4ef9228655ec76246a5e56c44812/element - {"using":"xpath","value":"//button[@data-kt=\"PickingTableConfirmAllButton\"]"}
RESULT: {"using":"xpath","value":"//button[@data-kt=\"PickingTableConfirmAllButton\"]"}
COMMAND: POST /session/d41a4ef9228655ec76246a5e56c44812/element/f.8359050118E493E9D810750CB1F2C9B3.d.32DEDD56F9D48F190BD090D710E1A844.e.8865/click - {}
RESULT: {}
COMMAND: GET /session/d41a4ef9228655ec76246a5e56c44812/screenshot - {}
RESULT: {}
COMMAND: POST /session/d41a4ef9228655ec76246a5e56c44812/element - {"using":"xpath","value":"//bdi[contains(text(), \"OK\")]"}
RESULT: {"using":"xpath","value":"//bdi[contains(text(), \"OK\")]"}
COMMAND: POST /session/d41a4ef9228655ec76246a5e56c44812/element/f.8359050118E493E9D810750CB1F2C9B3.d.32DEDD56F9D48F190BD090D710E1A844.e.8867/click - {}
RESULT: {}
COMMAND: GET /session/d41a4ef9228655ec76246a5e56c44812/screenshot - {}
RESULT: {}
COMMAND: POST /session/d41a4ef9228655ec76246a5e56c44812/element - {"using":"xpath","value":"(//bdi[contains(text(), \"Receive\")])[2]"}
RESULT: {"using":"xpath","value":"(//bdi[contains(text(), \"Receive\")])[2]"}
COMMAND: POST /session/d41a4ef9228655ec76246a5e56c44812/element/f.8359050118E493E9D810750CB1F2C9B3.d.32DEDD56F9D48F190BD090D710E1A844.e.8869/click - {}
RESULT: {}
COMMAND: GET /session/d41a4ef9228655ec76246a5e56c44812/screenshot - {}
RESULT: {}
COMMAND: POST /session/d41a4ef9228655ec76246a5e56c44812/element - {"using":"css selector","value":"#shell-header-logo"}
RESULT: {"using":"css selector","value":"#shell-header-logo"}
COMMAND: POST /session/d41a4ef9228655ec76246a5e56c44812/element/f.8359050118E493E9D810750CB1F2C9B3.d.32DEDD56F9D48F190BD090D710E1A844.e.8249/click - {}
RESULT: {}
COMMAND: GET /session/d41a4ef9228655ec76246a5e56c44812/screenshot - {}
RESULT: {}
]]></system-out>
    </testcase>
    <testcase classname="chrome.136_0_7103_93.windows.Provide_to_Site_w/_warehouse_management_wo_clarification" name="Should create a new contract" time="65.634">
      <system-out><![CDATA[
COMMAND: POST /session/d41a4ef9228655ec76246a5e56c44812/execute/async - {"script":"<script> [1562 bytes]","args":[{"selector":{"controlType":"sap.m.GenericTile","properties":{"header":"Manage Contracts"}},"wdio_ui5_key":"sapm.GenericTile{\"header\":\"Manage Contracts\"}"}]}
RESULT: {"script":"<script> [1562 bytes]","args":[{"selector":{"controlType":"sap.m.GenericTile","properties":{"header":"Manage Contracts"}},"wdio_ui5_key":"sapm.GenericTile{\"header\":\"Manage Contracts\"}"}]}
RESULT: undefined
COMMAND: POST /session/d41a4ef9228655ec76246a5e56c44812/element - {"using":"xpath","value":"//*[@id=\"__tile130\"]"}
RESULT: {"using":"xpath","value":"//*[@id=\"__tile130\"]"}
COMMAND: POST /session/d41a4ef9228655ec76246a5e56c44812/element/f.8359050118E493E9D810750CB1F2C9B3.d.32DEDD56F9D48F190BD090D710E1A844.e.7621/click - {}
RESULT: {}
COMMAND: GET /session/d41a4ef9228655ec76246a5e56c44812/screenshot - {}
RESULT: {}
COMMAND: POST /session/d41a4ef9228655ec76246a5e56c44812/elements - {"using":"xpath","value":"//span[text()='Error']"}
RESULT: {"using":"xpath","value":"//span[text()='Error']"}
COMMAND: POST /session/d41a4ef9228655ec76246a5e56c44812/element - {"using":"xpath","value":"//button[@data-kt=\"addButton\"]"}
RESULT: {"using":"xpath","value":"//button[@data-kt=\"addButton\"]"}
COMMAND: POST /session/d41a4ef9228655ec76246a5e56c44812/elements - {"using":"xpath","value":"//button[@data-kt=\"addButton\"]"}
RESULT: {"using":"xpath","value":"//button[@data-kt=\"addButton\"]"}
COMMAND: POST /session/d41a4ef9228655ec76246a5e56c44812/execute/sync - {"script":"<script> [8489 bytes]","args":[{"element-6066-11e4-a52e-4f735466cecf":"f.8359050118E493E9D810750CB1F2C9B3.d.32DEDD56F9D48F190BD090D710E1A844.e.9204","ELEMENT":"f.8359050118E493E9D810750CB1F2C9B3.d.32DEDD56F9D48F190BD090D710E1A844.e.9204"}]}
RESULT: {"script":"<script> [8489 bytes]","args":[{"element-6066-11e4-a52e-4f735466cecf":"f.8359050118E493E9D810750CB1F2C9B3.d.32DEDD56F9D48F190BD090D710E1A844.e.9204","ELEMENT":"f.8359050118E493E9D810750CB1F2C9B3.d.32DEDD56F9D48F190BD090D710E1A844.e.9204"}]}
COMMAND: GET /session/d41a4ef9228655ec76246a5e56c44812/element/f.8359050118E493E9D810750CB1F2C9B3.d.32DEDD56F9D48F190BD090D710E1A844.e.9204/enabled - {}
COMMAND: GET /session/d41a4ef9228655ec76246a5e56c44812/screenshot - {}
RESULT: {}
COMMAND: POST /session/d41a4ef9228655ec76246a5e56c44812/execute/sync - {"script":"<script> [8489 bytes]","args":[{"element-6066-11e4-a52e-4f735466cecf":"f.8359050118E493E9D810750CB1F2C9B3.d.32DEDD56F9D48F190BD090D710E1A844.e.9204","ELEMENT":"f.8359050118E493E9D810750CB1F2C9B3.d.32DEDD56F9D48F190BD090D710E1A844.e.9204"}]}
COMMAND: GET /session/d41a4ef9228655ec76246a5e56c44812/screenshot - {}
RESULT: {}
RESULT: {"script":"<script> [8489 bytes]","args":[{"element-6066-11e4-a52e-4f735466cecf":"f.8359050118E493E9D810750CB1F2C9B3.d.32DEDD56F9D48F190BD090D710E1A844.e.9204","ELEMENT":"f.8359050118E493E9D810750CB1F2C9B3.d.32DEDD56F9D48F190BD090D710E1A844.e.9204"}]}
COMMAND: POST /session/d41a4ef9228655ec76246a5e56c44812/execute/sync - {"script":"<script> [5351 bytes]","args":[{"element-6066-11e4-a52e-4f735466cecf":"f.8359050118E493E9D810750CB1F2C9B3.d.32DEDD56F9D48F190BD090D710E1A844.e.9204","ELEMENT":"f.8359050118E493E9D810750CB1F2C9B3.d.32DEDD56F9D48F190BD090D710E1A844.e.9204"}]}
COMMAND: GET /session/d41a4ef9228655ec76246a5e56c44812/screenshot - {}
RESULT: {}
RESULT: {"script":"<script> [5351 bytes]","args":[{"element-6066-11e4-a52e-4f735466cecf":"f.8359050118E493E9D810750CB1F2C9B3.d.32DEDD56F9D48F190BD090D710E1A844.e.9204","ELEMENT":"f.8359050118E493E9D810750CB1F2C9B3.d.32DEDD56F9D48F190BD090D710E1A844.e.9204"}]}
COMMAND: GET /session/d41a4ef9228655ec76246a5e56c44812/screenshot - {}
RESULT: {}
RESULT: {}
COMMAND: POST /session/d41a4ef9228655ec76246a5e56c44812/element/f.8359050118E493E9D810750CB1F2C9B3.d.32DEDD56F9D48F190BD090D710E1A844.e.9204/click - {}
RESULT: {}
COMMAND: GET /session/d41a4ef9228655ec76246a5e56c44812/screenshot - {}
COMMAND: POST /session/d41a4ef9228655ec76246a5e56c44812/execute/async - {"script":"<script> [1562 bytes]","args":[{"selector":{"id":"application-managecontracts-display-component---AddNewContract--projectDescription","interaction":{"idSuffix":"inner"}},"wdio_ui5_key":"applicationmanagecontracts-display-component---AddNewContract--projectDescription"}]}
RESULT: {}
RESULT: {"script":"<script> [1562 bytes]","args":[{"selector":{"id":"application-managecontracts-display-component---AddNewContract--projectDescription","interaction":{"idSuffix":"inner"}},"wdio_ui5_key":"applicationmanagecontracts-display-component---AddNewContract--projectDescription"}]}
RESULT: undefined
COMMAND: POST /session/d41a4ef9228655ec76246a5e56c44812/execute/async - {"script":"<script> [776 bytes]","args":[{"enterText":"Contract WDIO","selector":{"id":"application-managecontracts-display-component---AddNewContract--projectDescription","interaction":{"idSuffix":"inner"}},"clearTextFirst":true,"interactionType":"ENTER_TEXT"}]}
RESULT: {"script":"<script> [776 bytes]","args":[{"enterText":"Contract WDIO","selector":{"id":"application-managecontracts-display-component---AddNewContract--projectDescription","interaction":{"idSuffix":"inner"}},"clearTextFirst":true,"interactionType":"ENTER_TEXT"}]}
COMMAND: POST /session/d41a4ef9228655ec76246a5e56c44812/element - {"using":"xpath","value":"//input[@id=\"application-managecontracts-display-component---AddNewContract--site-inner\"]"}
RESULT: {"using":"xpath","value":"//input[@id=\"application-managecontracts-display-component---AddNewContract--site-inner\"]"}
COMMAND: POST /session/d41a4ef9228655ec76246a5e56c44812/element/f.8359050118E493E9D810750CB1F2C9B3.d.32DEDD56F9D48F190BD090D710E1A844.e.9559/clear - {}
RESULT: {}
COMMAND: POST /session/d41a4ef9228655ec76246a5e56c44812/element/f.8359050118E493E9D810750CB1F2C9B3.d.32DEDD56F9D48F190BD090D710E1A844.e.9559/value - {"text":"2220"}
COMMAND: GET /session/d41a4ef9228655ec76246a5e56c44812/screenshot - {}
RESULT: {"text":"2220"}
COMMAND: GET /session/d41a4ef9228655ec76246a5e56c44812/screenshot - {}
RESULT: {}
RESULT: {}
COMMAND: POST /session/d41a4ef9228655ec76246a5e56c44812/element - {"using":"xpath","value":"//li[.//span[text()='2220']]"}
RESULT: {"using":"xpath","value":"//li[.//span[text()='2220']]"}
COMMAND: POST /session/d41a4ef9228655ec76246a5e56c44812/element/f.8359050118E493E9D810750CB1F2C9B3.d.32DEDD56F9D48F190BD090D710E1A844.e.9589/click - {}
RESULT: {}
COMMAND: GET /session/d41a4ef9228655ec76246a5e56c44812/screenshot - {}
RESULT: {}
COMMAND: POST /session/d41a4ef9228655ec76246a5e56c44812/element - {"using":"xpath","value":"//input[@id=\"application-managecontracts-display-component---AddNewContract--yardId-inner\"]"}
RESULT: {"using":"xpath","value":"//input[@id=\"application-managecontracts-display-component---AddNewContract--yardId-inner\"]"}
COMMAND: GET /session/d41a4ef9228655ec76246a5e56c44812/element/f.8359050118E493E9D810750CB1F2C9B3.d.32DEDD56F9D48F190BD090D710E1A844.e.9560/property/value - {}
RESULT: {}
COMMAND: POST /session/d41a4ef9228655ec76246a5e56c44812/element - {"using":"xpath","value":"//input[@id=\"application-managecontracts-display-component---AddNewContract--customerSelect-inner\"]"}
COMMAND: GET /session/d41a4ef9228655ec76246a5e56c44812/screenshot - {}
RESULT: {"using":"xpath","value":"//input[@id=\"application-managecontracts-display-component---AddNewContract--customerSelect-inner\"]"}
COMMAND: POST /session/d41a4ef9228655ec76246a5e56c44812/element/f.8359050118E493E9D810750CB1F2C9B3.d.32DEDD56F9D48F190BD090D710E1A844.e.9558/clear - {}
RESULT: {}
RESULT: {}
COMMAND: POST /session/d41a4ef9228655ec76246a5e56c44812/element/f.8359050118E493E9D810750CB1F2C9B3.d.32DEDD56F9D48F190BD090D710E1A844.e.9558/value - {"text":"1260"}
COMMAND: GET /session/d41a4ef9228655ec76246a5e56c44812/screenshot - {}
RESULT: {"text":"1260"}
COMMAND: GET /session/d41a4ef9228655ec76246a5e56c44812/screenshot - {}
RESULT: {}
RESULT: {}
COMMAND: POST /session/d41a4ef9228655ec76246a5e56c44812/element - {"using":"xpath","value":"//li[.//span[text()='1260']]"}
RESULT: {"using":"xpath","value":"//li[.//span[text()='1260']]"}
COMMAND: POST /session/d41a4ef9228655ec76246a5e56c44812/element/f.8359050118E493E9D810750CB1F2C9B3.d.32DEDD56F9D48F190BD090D710E1A844.e.9592/click - {}
RESULT: {}
COMMAND: GET /session/d41a4ef9228655ec76246a5e56c44812/screenshot - {}
RESULT: {}
COMMAND: POST /session/d41a4ef9228655ec76246a5e56c44812/element - {"using":"xpath","value":"//button[@data-kt=\"saveButton\"]"}
RESULT: {"using":"xpath","value":"//button[@data-kt=\"saveButton\"]"}
COMMAND: POST /session/d41a4ef9228655ec76246a5e56c44812/element/f.8359050118E493E9D810750CB1F2C9B3.d.32DEDD56F9D48F190BD090D710E1A844.e.9593/click - {}
RESULT: {}
COMMAND: GET /session/d41a4ef9228655ec76246a5e56c44812/screenshot - {}
RESULT: {}
COMMAND: POST /session/d41a4ef9228655ec76246a5e56c44812/element - {"using":"xpath","value":"//span[contains(@id ,\"contractDetailTitleNoExpanded\")]"}
RESULT: {"using":"xpath","value":"//span[contains(@id ,\"contractDetailTitleNoExpanded\")]"}
COMMAND: POST /session/d41a4ef9228655ec76246a5e56c44812/elements - {"using":"xpath","value":"//span[contains(@id ,\"contractDetailTitleNoExpanded\")]"}
RESULT: {"using":"xpath","value":"//span[contains(@id ,\"contractDetailTitleNoExpanded\")]"}
COMMAND: POST /session/d41a4ef9228655ec76246a5e56c44812/execute/sync - {"script":"<script> [56 bytes]","args":[{"element-6066-11e4-a52e-4f735466cecf":"f.8359050118E493E9D810750CB1F2C9B3.d.32DEDD56F9D48F190BD090D710E1A844.e.9665","ELEMENT":"f.8359050118E493E9D810750CB1F2C9B3.d.32DEDD56F9D48F190BD090D710E1A844.e.9665"}]}
RESULT: {"script":"<script> [56 bytes]","args":[{"element-6066-11e4-a52e-4f735466cecf":"f.8359050118E493E9D810750CB1F2C9B3.d.32DEDD56F9D48F190BD090D710E1A844.e.9665","ELEMENT":"f.8359050118E493E9D810750CB1F2C9B3.d.32DEDD56F9D48F190BD090D710E1A844.e.9665"}]}
COMMAND: GET /session/d41a4ef9228655ec76246a5e56c44812/screenshot - {}
RESULT: {}
]]></system-out>
    </testcase>
    <testcase classname="chrome.136_0_7103_93.windows.Provide_to_Site_w/_warehouse_management_wo_clarification" name="Should add equipment to the contract" time="59.119">
      <system-out><![CDATA[
COMMAND: POST /session/d41a4ef9228655ec76246a5e56c44812/element - {"using":"xpath","value":"//button[@data-kt=\"contractDetailEditBtnButton\"]"}
RESULT: {"using":"xpath","value":"//button[@data-kt=\"contractDetailEditBtnButton\"]"}
COMMAND: POST /session/d41a4ef9228655ec76246a5e56c44812/element/f.8359050118E493E9D810750CB1F2C9B3.d.32DEDD56F9D48F190BD090D710E1A844.e.9666/click - {}
RESULT: {}
COMMAND: GET /session/d41a4ef9228655ec76246a5e56c44812/screenshot - {}
RESULT: {}
COMMAND: POST /session/d41a4ef9228655ec76246a5e56c44812/element - {"using":"xpath","value":"(//span[contains(text(), \"Additional Addresses\")])[2]"}
RESULT: {"using":"xpath","value":"(//span[contains(text(), \"Additional Addresses\")])[2]"}
COMMAND: POST /session/d41a4ef9228655ec76246a5e56c44812/element/f.8359050118E493E9D810750CB1F2C9B3.d.32DEDD56F9D48F190BD090D710E1A844.e.9721/click - {}
RESULT: {}
COMMAND: GET /session/d41a4ef9228655ec76246a5e56c44812/screenshot - {}
RESULT: {}
COMMAND: POST /session/d41a4ef9228655ec76246a5e56c44812/element - {"using":"xpath","value":"//button[@data-kt=\"btnAddTableRowOverflowToolbarButton\"]"}
RESULT: {"using":"xpath","value":"//button[@data-kt=\"btnAddTableRowOverflowToolbarButton\"]"}
COMMAND: POST /session/d41a4ef9228655ec76246a5e56c44812/element/f.8359050118E493E9D810750CB1F2C9B3.d.32DEDD56F9D48F190BD090D710E1A844.e.9725/click - {}
RESULT: {}
COMMAND: GET /session/d41a4ef9228655ec76246a5e56c44812/screenshot - {}
RESULT: {}
COMMAND: POST /session/d41a4ef9228655ec76246a5e56c44812/element - {"using":"xpath","value":"//div[(text() = 'Standard Entry' or . = 'Standard Entry')]"}
RESULT: {"using":"xpath","value":"//div[(text() = 'Standard Entry' or . = 'Standard Entry')]"}
COMMAND: POST /session/d41a4ef9228655ec76246a5e56c44812/element/f.8359050118E493E9D810750CB1F2C9B3.d.32DEDD56F9D48F190BD090D710E1A844.e.9727/click - {}
RESULT: {}
COMMAND: GET /session/d41a4ef9228655ec76246a5e56c44812/screenshot - {}
RESULT: {}
COMMAND: POST /session/d41a4ef9228655ec76246a5e56c44812/element - {"using":"xpath","value":"//td[6]/div/div/div/span"}
RESULT: {"using":"xpath","value":"//td[6]/div/div/div/span"}
COMMAND: POST /session/d41a4ef9228655ec76246a5e56c44812/element/f.8359050118E493E9D810750CB1F2C9B3.d.32DEDD56F9D48F190BD090D710E1A844.e.9739/click - {}
RESULT: {}
COMMAND: GET /session/d41a4ef9228655ec76246a5e56c44812/screenshot - {}
RESULT: {}
COMMAND: POST /session/d41a4ef9228655ec76246a5e56c44812/element - {"using":"xpath","value":"(//span[contains(text(), \"Material\")])"}
RESULT: {"using":"xpath","value":"(//span[contains(text(), \"Material\")])"}
COMMAND: POST /session/d41a4ef9228655ec76246a5e56c44812/element/f.8359050118E493E9D810750CB1F2C9B3.d.32DEDD56F9D48F190BD090D710E1A844.e.9740/click - {}
RESULT: {}
COMMAND: GET /session/d41a4ef9228655ec76246a5e56c44812/screenshot - {}
RESULT: {}
COMMAND: POST /session/d41a4ef9228655ec76246a5e56c44812/element - {"using":"xpath","value":"//td[7]/div/div/input"}
RESULT: {"using":"xpath","value":"//td[7]/div/div/input"}
COMMAND: POST /session/d41a4ef9228655ec76246a5e56c44812/element/f.8359050118E493E9D810750CB1F2C9B3.d.32DEDD56F9D48F190BD090D710E1A844.e.9744/clear - {}
RESULT: {}
COMMAND: POST /session/d41a4ef9228655ec76246a5e56c44812/element/f.8359050118E493E9D810750CB1F2C9B3.d.32DEDD56F9D48F190BD090D710E1A844.e.9744/value - {"text":"200236"}
COMMAND: GET /session/d41a4ef9228655ec76246a5e56c44812/screenshot - {}
RESULT: {"text":"200236"}
COMMAND: GET /session/d41a4ef9228655ec76246a5e56c44812/screenshot - {}
RESULT: {}
RESULT: {}
COMMAND: POST /session/d41a4ef9228655ec76246a5e56c44812/actions - {"actions":[{"id":"action34","type":"key","parameters":{},"actions":[{"type":"keyDown","value":"î€‡"},{"type":"pause","duration":10},{"type":"keyUp","value":"î€‡"}]}]}
RESULT: {"actions":[{"id":"action34","type":"key","parameters":{},"actions":[{"type":"keyDown","value":"î€‡"},{"type":"pause","duration":10},{"type":"keyUp","value":"î€‡"}]}]}
COMMAND: GET /session/d41a4ef9228655ec76246a5e56c44812/screenshot - {}
RESULT: {}
COMMAND: POST /session/d41a4ef9228655ec76246a5e56c44812/execute/sync - {"script":"<script> [276 bytes]","args":["No pricing information was found"]}
RESULT: {"script":"<script> [276 bytes]","args":["No pricing information was found"]}
COMMAND: POST /session/d41a4ef9228655ec76246a5e56c44812/element - {"using":"xpath","value":"//bdi[contains(text(), \"OK\")]"}
COMMAND: GET /session/d41a4ef9228655ec76246a5e56c44812/screenshot - {}
RESULT: {"using":"xpath","value":"//bdi[contains(text(), \"OK\")]"}
COMMAND: POST /session/d41a4ef9228655ec76246a5e56c44812/element/f.8359050118E493E9D810750CB1F2C9B3.d.32DEDD56F9D48F190BD090D710E1A844.e.9770/click - {}
RESULT: {}
RESULT: {}
COMMAND: GET /session/d41a4ef9228655ec76246a5e56c44812/screenshot - {}
RESULT: {}
COMMAND: POST /session/d41a4ef9228655ec76246a5e56c44812/element - {"using":"xpath","value":"(//button[@data-kt=\"saveButton\"])[2]"}
RESULT: {"using":"xpath","value":"(//button[@data-kt=\"saveButton\"])[2]"}
COMMAND: POST /session/d41a4ef9228655ec76246a5e56c44812/element/f.8359050118E493E9D810750CB1F2C9B3.d.32DEDD56F9D48F190BD090D710E1A844.e.9771/click - {}
RESULT: {}
COMMAND: GET /session/d41a4ef9228655ec76246a5e56c44812/screenshot - {}
RESULT: {}
COMMAND: POST /session/d41a4ef9228655ec76246a5e56c44812/execute/sync - {"script":"<script> [276 bytes]","args":["Some contract items are having rental validity exceeding header rental validity"]}
RESULT: {"script":"<script> [276 bytes]","args":["Some contract items are having rental validity exceeding header rental validity"]}
COMMAND: GET /session/d41a4ef9228655ec76246a5e56c44812/screenshot - {}
RESULT: {}
COMMAND: POST /session/d41a4ef9228655ec76246a5e56c44812/element - {"using":"xpath","value":"//span[contains(@id ,\"contractItemsSmartTable-header-inner\")]"}
RESULT: {"using":"xpath","value":"//span[contains(@id ,\"contractItemsSmartTable-header-inner\")]"}
COMMAND: POST /session/d41a4ef9228655ec76246a5e56c44812/elements - {"using":"xpath","value":"//span[contains(@id ,\"contractItemsSmartTable-header-inner\")]"}
RESULT: {"using":"xpath","value":"//span[contains(@id ,\"contractItemsSmartTable-header-inner\")]"}
COMMAND: POST /session/d41a4ef9228655ec76246a5e56c44812/execute/sync - {"script":"<script> [56 bytes]","args":[{"element-6066-11e4-a52e-4f735466cecf":"f.8359050118E493E9D810750CB1F2C9B3.d.32DEDD56F9D48F190BD090D710E1A844.e.9775","ELEMENT":"f.8359050118E493E9D810750CB1F2C9B3.d.32DEDD56F9D48F190BD090D710E1A844.e.9775"}]}
RESULT: {"script":"<script> [56 bytes]","args":[{"element-6066-11e4-a52e-4f735466cecf":"f.8359050118E493E9D810750CB1F2C9B3.d.32DEDD56F9D48F190BD090D710E1A844.e.9775","ELEMENT":"f.8359050118E493E9D810750CB1F2C9B3.d.32DEDD56F9D48F190BD090D710E1A844.e.9775"}]}
]]></system-out>
    </testcase>
    <testcase classname="chrome.136_0_7103_93.windows.Provide_to_Site_w/_warehouse_management_wo_clarification" name="Should provide to site" time="38.771">
      <system-out><![CDATA[
COMMAND: POST /session/d41a4ef9228655ec76246a5e56c44812/element - {"using":"xpath","value":"//button[@data-kt=\"provideButton\"]"}
COMMAND: GET /session/d41a4ef9228655ec76246a5e56c44812/screenshot - {}
RESULT: {"using":"xpath","value":"//button[@data-kt=\"provideButton\"]"}
COMMAND: POST /session/d41a4ef9228655ec76246a5e56c44812/element/f.8359050118E493E9D810750CB1F2C9B3.d.32DEDD56F9D48F190BD090D710E1A844.e.9776/click - {}
RESULT: {}
RESULT: {}
COMMAND: GET /session/d41a4ef9228655ec76246a5e56c44812/screenshot - {}
RESULT: undefined
COMMAND: POST /session/d41a4ef9228655ec76246a5e56c44812/execute/async - {"script":"<script> [6424 bytes]","args":[{"element-6066-11e4-a52e-4f735466cecf":"f.8359050118E493E9D810750CB1F2C9B3.d.32DEDD56F9D48F190BD090D710E1A844.e.8646"},"setValue",["05/16/25"]]}
RESULT: {}
COMMAND: POST /session/d41a4ef9228655ec76246a5e56c44812/execute/async - {"script":"<script> [1562 bytes]","args":[{"selector":{"id":"application-managehandovers-display-component---AddNewHO--dueDate","interaction":{"idSuffix":"inner"}},"wdio_ui5_key":"applicationmanagehandovers-display-component---AddNewHO--dueDate"}]}
RESULT: {"script":"<script> [1562 bytes]","args":[{"selector":{"id":"application-managehandovers-display-component---AddNewHO--dueDate","interaction":{"idSuffix":"inner"}},"wdio_ui5_key":"applicationmanagehandovers-display-component---AddNewHO--dueDate"}]}
COMMAND: POST /session/d41a4ef9228655ec76246a5e56c44812/execute/async - {"script":"<script> [6424 bytes]","args":[{"element-6066-11e4-a52e-4f735466cecf":"f.8359050118E493E9D810750CB1F2C9B3.d.32DEDD56F9D48F190BD090D710E1A844.e.9833"},"setValue",["05/16/25"]]}
RESULT: {"script":"<script> [6424 bytes]","args":[{"element-6066-11e4-a52e-4f735466cecf":"f.8359050118E493E9D810750CB1F2C9B3.d.32DEDD56F9D48F190BD090D710E1A844.e.9833"},"setValue",["05/16/25"]]}
COMMAND: POST /session/d41a4ef9228655ec76246a5e56c44812/element - {"using":"xpath","value":"//bdi[contains(text(), \"Instructions\")]"}
RESULT: {"using":"xpath","value":"//bdi[contains(text(), \"Instructions\")]"}
COMMAND: POST /session/d41a4ef9228655ec76246a5e56c44812/element/f.8359050118E493E9D810750CB1F2C9B3.d.32DEDD56F9D48F190BD090D710E1A844.e.10081/click - {}
RESULT: {}
COMMAND: GET /session/d41a4ef9228655ec76246a5e56c44812/screenshot - {}
RESULT: {}
COMMAND: POST /session/d41a4ef9228655ec76246a5e56c44812/element - {"using":"xpath","value":"//button[@data-kt=\"AddNewHOProvideAddItemsButton\"]"}
RESULT: {"using":"xpath","value":"//button[@data-kt=\"AddNewHOProvideAddItemsButton\"]"}
COMMAND: POST /session/d41a4ef9228655ec76246a5e56c44812/element/f.8359050118E493E9D810750CB1F2C9B3.d.32DEDD56F9D48F190BD090D710E1A844.e.10085/click - {}
RESULT: {}
COMMAND: GET /session/d41a4ef9228655ec76246a5e56c44812/screenshot - {}
RESULT: {}
RESULT: undefined
COMMAND: POST /session/d41a4ef9228655ec76246a5e56c44812/element - {"using":"xpath","value":"//*[@id=\"application-managehandovers-display-component---AddNewHO--popup-sa\"]"}
RESULT: {"using":"xpath","value":"//*[@id=\"application-managehandovers-display-component---AddNewHO--popup-sa\"]"}
COMMAND: POST /session/d41a4ef9228655ec76246a5e56c44812/element/f.8359050118E493E9D810750CB1F2C9B3.d.32DEDD56F9D48F190BD090D710E1A844.e.10095/click - {}
RESULT: {}
COMMAND: GET /session/d41a4ef9228655ec76246a5e56c44812/screenshot - {}
RESULT: {}
COMMAND: POST /session/d41a4ef9228655ec76246a5e56c44812/element - {"using":"xpath","value":"//*[contains(@id ,\"BDI-content\")][contains(text(), \"Select\")]"}
RESULT: {"using":"xpath","value":"//*[contains(@id ,\"BDI-content\")][contains(text(), \"Select\")]"}
COMMAND: POST /session/d41a4ef9228655ec76246a5e56c44812/element/f.8359050118E493E9D810750CB1F2C9B3.d.32DEDD56F9D48F190BD090D710E1A844.e.10096/click - {}
RESULT: {}
COMMAND: GET /session/d41a4ef9228655ec76246a5e56c44812/screenshot - {}
RESULT: {}
COMMAND: POST /session/d41a4ef9228655ec76246a5e56c44812/element - {"using":"xpath","value":"//bdi[(text() = 'Save' or . = 'Save')]"}
RESULT: {"using":"xpath","value":"//bdi[(text() = 'Save' or . = 'Save')]"}
COMMAND: POST /session/d41a4ef9228655ec76246a5e56c44812/element/f.8359050118E493E9D810750CB1F2C9B3.d.32DEDD56F9D48F190BD090D710E1A844.e.10099/click - {}
RESULT: {}
COMMAND: GET /session/d41a4ef9228655ec76246a5e56c44812/screenshot - {}
RESULT: {}
]]></system-out>
    </testcase>
    <testcase classname="chrome.136_0_7103_93.windows.Provide_to_Site_w/_warehouse_management_wo_clarification" name="Should Test for Handover Execution" time="149.568">
      <system-out><![CDATA[
COMMAND: POST /session/d41a4ef9228655ec76246a5e56c44812/execute/async - {"script":"<script> [1562 bytes]","args":[{"selector":{"controlType":"sap.m.Link","viewName":"etm.portal.ui.managehandovers.view.DetailExecuteHO","bindingPath":{"path":"","propertyPath":"/wmDoc","modelName":"warehouseMovModel"}},"wdio_ui5_key":"etmportal.ui.managehandovers.view.DetailExecuteHOsap.m.Link{\"path\":\"\",\"propertyPath\":\"/wmDoc\",\"modelName\":\"warehouseMovModel\"}"}]}
RESULT: {"script":"<script> [1562 bytes]","args":[{"selector":{"controlType":"sap.m.Link","viewName":"etm.portal.ui.managehandovers.view.DetailExecuteHO","bindingPath":{"path":"","propertyPath":"/wmDoc","modelName":"warehouseMovModel"}},"wdio_ui5_key":"etmportal.ui.managehandovers.view.DetailExecuteHOsap.m.Link{\"path\":\"\",\"propertyPath\":\"/wmDoc\",\"modelName\":\"warehouseMovModel\"}"}]}
RESULT: undefined
COMMAND: POST /session/d41a4ef9228655ec76246a5e56c44812/element - {"using":"xpath","value":"//*[@id=\"__link81\"]"}
RESULT: {"using":"xpath","value":"//*[@id=\"__link81\"]"}
COMMAND: POST /session/d41a4ef9228655ec76246a5e56c44812/element/f.8359050118E493E9D810750CB1F2C9B3.d.32DEDD56F9D48F190BD090D710E1A844.e.10132/click - {}
RESULT: {}
COMMAND: GET /session/d41a4ef9228655ec76246a5e56c44812/screenshot - {}
RESULT: {}
COMMAND: POST /session/d41a4ef9228655ec76246a5e56c44812/execute/async - {"script":"<script> [1562 bytes]","args":[{"selector":{"controlType":"sap.m.Link","viewName":"etm.portal.ui.managehandovers.view.DetailExecuteHO","properties":{"text":"Warehouse Overview"},"searchOpenDialogs":true},"wdio_ui5_key":"etmportal.ui.managehandovers.view.DetailExecuteHOsap.m.Link{\"text\":\"Warehouse Overview\"}"}]}
RESULT: {"script":"<script> [1562 bytes]","args":[{"selector":{"controlType":"sap.m.Link","viewName":"etm.portal.ui.managehandovers.view.DetailExecuteHO","properties":{"text":"Warehouse Overview"},"searchOpenDialogs":true},"wdio_ui5_key":"etmportal.ui.managehandovers.view.DetailExecuteHOsap.m.Link{\"text\":\"Warehouse Overview\"}"}]}
RESULT: undefined
COMMAND: POST /session/d41a4ef9228655ec76246a5e56c44812/element - {"using":"xpath","value":"//*[@id=\"__link96\"]"}
RESULT: {"using":"xpath","value":"//*[@id=\"__link96\"]"}
COMMAND: POST /session/d41a4ef9228655ec76246a5e56c44812/element/f.8359050118E493E9D810750CB1F2C9B3.d.32DEDD56F9D48F190BD090D710E1A844.e.10134/click - {}
RESULT: {}
COMMAND: GET /session/d41a4ef9228655ec76246a5e56c44812/screenshot - {}
RESULT: {}
COMMAND: POST /session/d41a4ef9228655ec76246a5e56c44812/execute/async - {"script":"<script> [1562 bytes]","args":[{"selector":{"controlType":"sap.m.Button","viewName":"etm.portal.ui.warehousemovements.view.DisplayMovement","viewId":"application-warehousemovements-display-component---displayMovement","i18NText":{"propertyName":"text","key":"execution"},"interaction":{"idSuffix":"BDI-content"}},"wdio_ui5_key":"etmportal.ui.warehousemovements.view.DisplayMovementsap.m.Button{\"propertyName\":\"text\",\"key\":\"execution\"}"}]}
RESULT: {"script":"<script> [1562 bytes]","args":[{"selector":{"controlType":"sap.m.Button","viewName":"etm.portal.ui.warehousemovements.view.DisplayMovement","viewId":"application-warehousemovements-display-component---displayMovement","i18NText":{"propertyName":"text","key":"execution"},"interaction":{"idSuffix":"BDI-content"}},"wdio_ui5_key":"etmportal.ui.warehousemovements.view.DisplayMovementsap.m.Button{\"propertyName\":\"text\",\"key\":\"execution\"}"}]}
RESULT: undefined
COMMAND: POST /session/d41a4ef9228655ec76246a5e56c44812/element - {"using":"xpath","value":"//*[@id=\"__button219\"]"}
RESULT: {"using":"xpath","value":"//*[@id=\"__button219\"]"}
COMMAND: POST /session/d41a4ef9228655ec76246a5e56c44812/element/f.8359050118E493E9D810750CB1F2C9B3.d.32DEDD56F9D48F190BD090D710E1A844.e.10276/click - {}
RESULT: {}
COMMAND: GET /session/d41a4ef9228655ec76246a5e56c44812/screenshot - {}
RESULT: {}
COMMAND: POST /session/d41a4ef9228655ec76246a5e56c44812/execute/async - {"script":"<script> [1562 bytes]","args":[{"selector":{"controlType":"sap.m.Button","viewName":"etm.portal.ui.warehousemovements.view.ExecuteMovement","viewId":"application-warehousemovements-display-component---executeMovement","properties":{"text":"Items"},"interaction":{"idSuffix":"BDI-content"}},"wdio_ui5_key":"etmportal.ui.warehousemovements.view.ExecuteMovementsap.m.Button{\"text\":\"Items\"}"}]}
RESULT: {"script":"<script> [1562 bytes]","args":[{"selector":{"controlType":"sap.m.Button","viewName":"etm.portal.ui.warehousemovements.view.ExecuteMovement","viewId":"application-warehousemovements-display-component---executeMovement","properties":{"text":"Items"},"interaction":{"idSuffix":"BDI-content"}},"wdio_ui5_key":"etmportal.ui.warehousemovements.view.ExecuteMovementsap.m.Button{\"text\":\"Items\"}"}]}
RESULT: undefined
COMMAND: POST /session/d41a4ef9228655ec76246a5e56c44812/element - {"using":"xpath","value":"//*[@id=\"__layout353-anchBar-application-warehousemovements-display-component---executeMovement--itemsSection-anchor\"]"}
RESULT: {"using":"xpath","value":"//*[@id=\"__layout353-anchBar-application-warehousemovements-display-component---executeMovement--itemsSection-anchor\"]"}
COMMAND: POST /session/d41a4ef9228655ec76246a5e56c44812/element/f.8359050118E493E9D810750CB1F2C9B3.d.32DEDD56F9D48F190BD090D710E1A844.e.10372/click - {}
RESULT: {}
COMMAND: GET /session/d41a4ef9228655ec76246a5e56c44812/screenshot - {}
RESULT: {}
COMMAND: POST /session/d41a4ef9228655ec76246a5e56c44812/execute/async - {"script":"<script> [1562 bytes]","args":[{"selector":{"controlType":"sap.m.ToggleButton","viewName":"etm.portal.ui.warehousemovements.view.ExecuteMovement","viewId":"application-warehousemovements-display-component---executeMovement","bindingPath":{"propertyPath":"STATUS","modelName":"catalogModel"},"interaction":{"idSuffix":"BDI-content"}},"wdio_ui5_key":"etmportal.ui.warehousemovements.view.ExecuteMovementsap.m.ToggleButton{\"propertyPath\":\"STATUS\",\"modelName\":\"catalogModel\"}"}]}
RESULT: {"script":"<script> [1562 bytes]","args":[{"selector":{"controlType":"sap.m.ToggleButton","viewName":"etm.portal.ui.warehousemovements.view.ExecuteMovement","viewId":"application-warehousemovements-display-component---executeMovement","bindingPath":{"propertyPath":"STATUS","modelName":"catalogModel"},"interaction":{"idSuffix":"BDI-content"}},"wdio_ui5_key":"etmportal.ui.warehousemovements.view.ExecuteMovementsap.m.ToggleButton{\"propertyPath\":\"STATUS\",\"modelName\":\"catalogModel\"}"}]}
RESULT: undefined
COMMAND: POST /session/d41a4ef9228655ec76246a5e56c44812/element - {"using":"xpath","value":"//*[@id=\"__button242-__clone3483\"]"}
RESULT: {"using":"xpath","value":"//*[@id=\"__button242-__clone3483\"]"}
COMMAND: POST /session/d41a4ef9228655ec76246a5e56c44812/element/f.8359050118E493E9D810750CB1F2C9B3.d.32DEDD56F9D48F190BD090D710E1A844.e.10379/click - {}
RESULT: {}
RESULT: undefined
COMMAND: POST /session/d41a4ef9228655ec76246a5e56c44812/element - {"using":"xpath","value":"//*[@id=\"__button242-__clone3483\"]"}
COMMAND: GET /session/d41a4ef9228655ec76246a5e56c44812/screenshot - {}
RESULT: {"using":"xpath","value":"//*[@id=\"__button242-__clone3483\"]"}
COMMAND: POST /session/d41a4ef9228655ec76246a5e56c44812/element/f.8359050118E493E9D810750CB1F2C9B3.d.32DEDD56F9D48F190BD090D710E1A844.e.10379/click - {}
RESULT: {}
RESULT: {}
COMMAND: GET /session/d41a4ef9228655ec76246a5e56c44812/screenshot - {}
RESULT: {}
RESULT: undefined
COMMAND: POST /session/d41a4ef9228655ec76246a5e56c44812/execute/async - {"script":"<script> [6424 bytes]","args":[{"element-6066-11e4-a52e-4f735466cecf":"f.8359050118E493E9D810750CB1F2C9B3.d.32DEDD56F9D48F190BD090D710E1A844.e.10378"},"getText",[]]}
RESULT: {"script":"<script> [6424 bytes]","args":[{"element-6066-11e4-a52e-4f735466cecf":"f.8359050118E493E9D810750CB1F2C9B3.d.32DEDD56F9D48F190BD090D710E1A844.e.10378"},"getText",[]]}
COMMAND: POST /session/d41a4ef9228655ec76246a5e56c44812/element - {"using":"xpath","value":"//section[contains(@id,\"FC-NoHead\")]/div[1]/div[5]/div[2]/span"}
RESULT: {"using":"xpath","value":"//section[contains(@id,\"FC-NoHead\")]/div[1]/div[5]/div[2]/span"}
COMMAND: POST /session/d41a4ef9228655ec76246a5e56c44812/elements - {"using":"xpath","value":"//section[contains(@id,\"FC-NoHead\")]/div[1]/div[5]/div[2]/span"}
RESULT: {"using":"xpath","value":"//section[contains(@id,\"FC-NoHead\")]/div[1]/div[5]/div[2]/span"}
COMMAND: POST /session/d41a4ef9228655ec76246a5e56c44812/execute/sync - {"script":"<script> [56 bytes]","args":[{"element-6066-11e4-a52e-4f735466cecf":"f.8359050118E493E9D810750CB1F2C9B3.d.32DEDD56F9D48F190BD090D710E1A844.e.10381","ELEMENT":"f.8359050118E493E9D810750CB1F2C9B3.d.32DEDD56F9D48F190BD090D710E1A844.e.10381"}]}
RESULT: {"script":"<script> [56 bytes]","args":[{"element-6066-11e4-a52e-4f735466cecf":"f.8359050118E493E9D810750CB1F2C9B3.d.32DEDD56F9D48F190BD090D710E1A844.e.10381","ELEMENT":"f.8359050118E493E9D810750CB1F2C9B3.d.32DEDD56F9D48F190BD090D710E1A844.e.10381"}]}
COMMAND: POST /session/d41a4ef9228655ec76246a5e56c44812/actions - {"actions":[{"id":"action35","type":"key","parameters":{},"actions":[{"type":"keyDown","value":"î€‡"},{"type":"pause","duration":10},{"type":"keyUp","value":"î€‡"}]}]}
COMMAND: GET /session/d41a4ef9228655ec76246a5e56c44812/screenshot - {}
RESULT: {"actions":[{"id":"action35","type":"key","parameters":{},"actions":[{"type":"keyDown","value":"î€‡"},{"type":"pause","duration":10},{"type":"keyUp","value":"î€‡"}]}]}
COMMAND: POST /session/d41a4ef9228655ec76246a5e56c44812/execute/async - {"script":"<script> [1562 bytes]","args":[{"selector":{"id":"application-warehousemovements-display-component---executeMovement--executeId","interaction":{"idSuffix":"BDI-content"}},"wdio_ui5_key":"applicationwarehousemovements-display-component---executeMovement--executeId"}]}
COMMAND: GET /session/d41a4ef9228655ec76246a5e56c44812/screenshot - {}
RESULT: {}
RESULT: {"script":"<script> [1562 bytes]","args":[{"selector":{"id":"application-warehousemovements-display-component---executeMovement--executeId","interaction":{"idSuffix":"BDI-content"}},"wdio_ui5_key":"applicationwarehousemovements-display-component---executeMovement--executeId"}]}
RESULT: undefined
COMMAND: POST /session/d41a4ef9228655ec76246a5e56c44812/element - {"using":"xpath","value":"//*[@id=\"application-warehousemovements-display-component---executeMovement--executeId\"]"}
RESULT: {}
RESULT: {"using":"xpath","value":"//*[@id=\"application-warehousemovements-display-component---executeMovement--executeId\"]"}
COMMAND: POST /session/d41a4ef9228655ec76246a5e56c44812/element/f.8359050118E493E9D810750CB1F2C9B3.d.32DEDD56F9D48F190BD090D710E1A844.e.10365/click - {}
RESULT: {}
COMMAND: GET /session/d41a4ef9228655ec76246a5e56c44812/screenshot - {}
COMMAND: POST /session/d41a4ef9228655ec76246a5e56c44812/element - {"using":"css selector","value":"#shell-header-logo"}
RESULT: {}
RESULT: {"using":"css selector","value":"#shell-header-logo"}
COMMAND: POST /session/d41a4ef9228655ec76246a5e56c44812/element/f.8359050118E493E9D810750CB1F2C9B3.d.32DEDD56F9D48F190BD090D710E1A844.e.9154/click - {}
RESULT: {}
COMMAND: GET /session/d41a4ef9228655ec76246a5e56c44812/screenshot - {}
RESULT: {}
RESULT: undefined
COMMAND: POST /session/d41a4ef9228655ec76246a5e56c44812/element - {"using":"xpath","value":"//*[@id=\"__tile133\"]"}
RESULT: {"using":"xpath","value":"//*[@id=\"__tile133\"]"}
COMMAND: POST /session/d41a4ef9228655ec76246a5e56c44812/element/f.8359050118E493E9D810750CB1F2C9B3.d.32DEDD56F9D48F190BD090D710E1A844.e.7632/click - {}
RESULT: {}
COMMAND: GET /session/d41a4ef9228655ec76246a5e56c44812/screenshot - {}
RESULT: {}
COMMAND: POST /session/d41a4ef9228655ec76246a5e56c44812/elements - {"using":"xpath","value":"//span[text()='Error']"}
RESULT: {"using":"xpath","value":"//span[text()='Error']"}
COMMAND: POST /session/d41a4ef9228655ec76246a5e56c44812/execute/async - {"script":"<script> [1562 bytes]","args":[{"selector":{"controlType":"sap.m.SearchField","viewName":"etm.portal.ui.managehandovers.view.MasterHO","bindingPath":{"propertyPath":"/_BASIC_SEARCH_FIELD","modelName":"fi1t3rM0d31"},"interaction":{"idSuffix":"I"}},"wdio_ui5_key":"etmportal.ui.managehandovers.view.MasterHOsap.m.SearchField{\"propertyPath\":\"/_BASIC_SEARCH_FIELD\",\"modelName\":\"fi1t3rM0d31\"}"}]}
RESULT: {"script":"<script> [1562 bytes]","args":[{"selector":{"controlType":"sap.m.SearchField","viewName":"etm.portal.ui.managehandovers.view.MasterHO","bindingPath":{"propertyPath":"/_BASIC_SEARCH_FIELD","modelName":"fi1t3rM0d31"},"interaction":{"idSuffix":"I"}},"wdio_ui5_key":"etmportal.ui.managehandovers.view.MasterHOsap.m.SearchField{\"propertyPath\":\"/_BASIC_SEARCH_FIELD\",\"modelName\":\"fi1t3rM0d31\"}"}]}
RESULT: undefined
COMMAND: POST /session/d41a4ef9228655ec76246a5e56c44812/execute/async - {"script":"<script> [776 bytes]","args":[{"enterText":"30582","selector":{"controlType":"sap.m.SearchField","viewName":"etm.portal.ui.managehandovers.view.MasterHO","bindingPath":{"propertyPath":"/_BASIC_SEARCH_FIELD","modelName":"fi1t3rM0d31"},"interaction":{"idSuffix":"I"}},"clearTextFirst":true,"interactionType":"ENTER_TEXT"}]}
RESULT: {"script":"<script> [776 bytes]","args":[{"enterText":"30582","selector":{"controlType":"sap.m.SearchField","viewName":"etm.portal.ui.managehandovers.view.MasterHO","bindingPath":{"propertyPath":"/_BASIC_SEARCH_FIELD","modelName":"fi1t3rM0d31"},"interaction":{"idSuffix":"I"}},"clearTextFirst":true,"interactionType":"ENTER_TEXT"}]}
COMMAND: POST /session/d41a4ef9228655ec76246a5e56c44812/actions - {"actions":[{"id":"action36","type":"key","parameters":{},"actions":[{"type":"keyDown","value":"î€‡"},{"type":"pause","duration":10},{"type":"keyUp","value":"î€‡"}]}]}
RESULT: {"actions":[{"id":"action36","type":"key","parameters":{},"actions":[{"type":"keyDown","value":"î€‡"},{"type":"pause","duration":10},{"type":"keyUp","value":"î€‡"}]}]}
COMMAND: GET /session/d41a4ef9228655ec76246a5e56c44812/screenshot - {}
RESULT: {}
COMMAND: POST /session/d41a4ef9228655ec76246a5e56c44812/execute/async - {"script":"<script> [1562 bytes]","args":[{"selector":{"controlType":"sap.ui.core.Icon","viewName":"etm.portal.ui.managehandovers.view.MasterHO","properties":{"src":{"regex":{"source":"slim\\-arrow\\-right"}}}},"wdio_ui5_key":"etmportal.ui.managehandovers.view.MasterHOsap.ui.core.Icon{\"src\":{\"regex\":{\"source\":\"slim\\\\-arrow\\\\-right\"}}}"}]}
RESULT: {"script":"<script> [1562 bytes]","args":[{"selector":{"controlType":"sap.ui.core.Icon","viewName":"etm.portal.ui.managehandovers.view.MasterHO","properties":{"src":{"regex":{"source":"slim\\-arrow\\-right"}}}},"wdio_ui5_key":"etmportal.ui.managehandovers.view.MasterHOsap.ui.core.Icon{\"src\":{\"regex\":{\"source\":\"slim\\\\-arrow\\\\-right\"}}}"}]}
RESULT: undefined
COMMAND: POST /session/d41a4ef9228655ec76246a5e56c44812/element - {"using":"xpath","value":"//*[@id=\"__item2069-__clone3562-imgNav\"]"}
RESULT: {"using":"xpath","value":"//*[@id=\"__item2069-__clone3562-imgNav\"]"}
COMMAND: POST /session/d41a4ef9228655ec76246a5e56c44812/element/f.8359050118E493E9D810750CB1F2C9B3.d.32DEDD56F9D48F190BD090D710E1A844.e.10698/click - {}
RESULT: {}
COMMAND: GET /session/d41a4ef9228655ec76246a5e56c44812/screenshot - {}
RESULT: {}
COMMAND: POST /session/d41a4ef9228655ec76246a5e56c44812/execute/async - {"script":"<script> [1562 bytes]","args":[{"selector":{"controlType":"sap.m.Button","viewName":"etm.portal.ui.managehandovers.view.DetailExecuteHO","i18NText":{"propertyName":"text","key":"confirmAll"},"interaction":{"idSuffix":"BDI-content"}},"wdio_ui5_key":"etmportal.ui.managehandovers.view.DetailExecuteHOsap.m.Button{\"propertyName\":\"text\",\"key\":\"confirmAll\"}"}]}
RESULT: {"script":"<script> [1562 bytes]","args":[{"selector":{"controlType":"sap.m.Button","viewName":"etm.portal.ui.managehandovers.view.DetailExecuteHO","i18NText":{"propertyName":"text","key":"confirmAll"},"interaction":{"idSuffix":"BDI-content"}},"wdio_ui5_key":"etmportal.ui.managehandovers.view.DetailExecuteHOsap.m.Button{\"propertyName\":\"text\",\"key\":\"confirmAll\"}"}]}
RESULT: undefined
COMMAND: POST /session/d41a4ef9228655ec76246a5e56c44812/element - {"using":"xpath","value":"//*[@id=\"__button280\"]"}
RESULT: {"using":"xpath","value":"//*[@id=\"__button280\"]"}
COMMAND: POST /session/d41a4ef9228655ec76246a5e56c44812/element/f.8359050118E493E9D810750CB1F2C9B3.d.32DEDD56F9D48F190BD090D710E1A844.e.10780/click - {}
RESULT: {}
COMMAND: GET /session/d41a4ef9228655ec76246a5e56c44812/screenshot - {}
RESULT: {}
COMMAND: POST /session/d41a4ef9228655ec76246a5e56c44812/actions - {"actions":[{"id":"action37","type":"key","parameters":{},"actions":[{"type":"keyDown","value":"î€‡"},{"type":"pause","duration":10},{"type":"keyUp","value":"î€‡"}]}]}
RESULT: {"actions":[{"id":"action37","type":"key","parameters":{},"actions":[{"type":"keyDown","value":"î€‡"},{"type":"pause","duration":10},{"type":"keyUp","value":"î€‡"}]}]}
COMMAND: GET /session/d41a4ef9228655ec76246a5e56c44812/screenshot - {}
RESULT: {}
COMMAND: POST /session/d41a4ef9228655ec76246a5e56c44812/element - {"using":"xpath","value":"//button[@data-kt=\"execHoIssueButton\"]"}
RESULT: {"using":"xpath","value":"//button[@data-kt=\"execHoIssueButton\"]"}
COMMAND: POST /session/d41a4ef9228655ec76246a5e56c44812/element/f.8359050118E493E9D810750CB1F2C9B3.d.32DEDD56F9D48F190BD090D710E1A844.e.10788/click - {}
RESULT: {}
COMMAND: GET /session/d41a4ef9228655ec76246a5e56c44812/screenshot - {}
RESULT: {}
RESULT: undefined
COMMAND: POST /session/d41a4ef9228655ec76246a5e56c44812/execute/async - {"script":"<script> [776 bytes]","args":[{"enterText":"30582","selector":{"controlType":"sap.m.SearchField","viewName":"etm.portal.ui.managehandovers.view.MasterHO","bindingPath":{"propertyPath":"/_BASIC_SEARCH_FIELD","modelName":"fi1t3rM0d31"},"interaction":{"idSuffix":"I"}},"clearTextFirst":true,"interactionType":"ENTER_TEXT"}]}
RESULT: {"script":"<script> [776 bytes]","args":[{"enterText":"30582","selector":{"controlType":"sap.m.SearchField","viewName":"etm.portal.ui.managehandovers.view.MasterHO","bindingPath":{"propertyPath":"/_BASIC_SEARCH_FIELD","modelName":"fi1t3rM0d31"},"interaction":{"idSuffix":"I"}},"clearTextFirst":true,"interactionType":"ENTER_TEXT"}]}
COMMAND: POST /session/d41a4ef9228655ec76246a5e56c44812/actions - {"actions":[{"id":"action38","type":"key","parameters":{},"actions":[{"type":"keyDown","value":"î€‡"},{"type":"pause","duration":10},{"type":"keyUp","value":"î€‡"}]}]}
RESULT: {"actions":[{"id":"action38","type":"key","parameters":{},"actions":[{"type":"keyDown","value":"î€‡"},{"type":"pause","duration":10},{"type":"keyUp","value":"î€‡"}]}]}
COMMAND: GET /session/d41a4ef9228655ec76246a5e56c44812/screenshot - {}
RESULT: {}
COMMAND: POST /session/d41a4ef9228655ec76246a5e56c44812/element - {"using":"xpath","value":"//span[(text() = '30582' or . = '30582')]"}
RESULT: {"using":"xpath","value":"//span[(text() = '30582' or . = '30582')]"}
COMMAND: POST /session/d41a4ef9228655ec76246a5e56c44812/element/f.8359050118E493E9D810750CB1F2C9B3.d.32DEDD56F9D48F190BD090D710E1A844.e.10839/click - {}
RESULT: {}
COMMAND: GET /session/d41a4ef9228655ec76246a5e56c44812/screenshot - {}
RESULT: {}
COMMAND: POST /session/d41a4ef9228655ec76246a5e56c44812/element - {"using":"xpath","value":"//span[contains(text(), \"Instructions\")]"}
RESULT: {"using":"xpath","value":"//span[contains(text(), \"Instructions\")]"}
COMMAND: POST /session/d41a4ef9228655ec76246a5e56c44812/element/f.8359050118E493E9D810750CB1F2C9B3.d.32DEDD56F9D48F190BD090D710E1A844.e.10867/click - {}
RESULT: {}
COMMAND: GET /session/d41a4ef9228655ec76246a5e56c44812/screenshot - {}
RESULT: {}
COMMAND: POST /session/d41a4ef9228655ec76246a5e56c44812/element - {"using":"xpath","value":"//span[contains(text(), \"Instructions\")]"}
RESULT: {"using":"xpath","value":"//span[contains(text(), \"Instructions\")]"}
COMMAND: POST /session/d41a4ef9228655ec76246a5e56c44812/element/f.8359050118E493E9D810750CB1F2C9B3.d.32DEDD56F9D48F190BD090D710E1A844.e.10867/click - {}
RESULT: {}
COMMAND: GET /session/d41a4ef9228655ec76246a5e56c44812/screenshot - {}
RESULT: {}
COMMAND: POST /session/d41a4ef9228655ec76246a5e56c44812/execute/async - {"script":"<script> [1562 bytes]","args":[{"selector":{"controlType":"sap.m.ComboBox","viewName":"etm.portal.ui.managehandovers.view.DetailExecuteHO","bindingPath":{"propertyPath":"RECEIVING_SECTION","modelName":"catalogModel"},"interaction":{"idSuffix":"inner"}},"wdio_ui5_key":"etmportal.ui.managehandovers.view.DetailExecuteHOsap.m.ComboBox{\"propertyPath\":\"RECEIVING_SECTION\",\"modelName\":\"catalogModel\"}"}]}
RESULT: {"script":"<script> [1562 bytes]","args":[{"selector":{"controlType":"sap.m.ComboBox","viewName":"etm.portal.ui.managehandovers.view.DetailExecuteHO","bindingPath":{"propertyPath":"RECEIVING_SECTION","modelName":"catalogModel"},"interaction":{"idSuffix":"inner"}},"wdio_ui5_key":"etmportal.ui.managehandovers.view.DetailExecuteHOsap.m.ComboBox{\"propertyPath\":\"RECEIVING_SECTION\",\"modelName\":\"catalogModel\"}"}]}
RESULT: undefined
COMMAND: POST /session/d41a4ef9228655ec76246a5e56c44812/execute/async - {"script":"<script> [776 bytes]","args":[{"enterText":"WDIO-2220","selector":{"controlType":"sap.m.ComboBox","viewName":"etm.portal.ui.managehandovers.view.DetailExecuteHO","bindingPath":{"propertyPath":"RECEIVING_SECTION","modelName":"catalogModel"},"interaction":{"idSuffix":"inner"}},"clearTextFirst":true,"interactionType":"ENTER_TEXT"}]}
RESULT: {"script":"<script> [776 bytes]","args":[{"enterText":"WDIO-2220","selector":{"controlType":"sap.m.ComboBox","viewName":"etm.portal.ui.managehandovers.view.DetailExecuteHO","bindingPath":{"propertyPath":"RECEIVING_SECTION","modelName":"catalogModel"},"interaction":{"idSuffix":"inner"}},"clearTextFirst":true,"interactionType":"ENTER_TEXT"}]}
COMMAND: POST /session/d41a4ef9228655ec76246a5e56c44812/actions - {"actions":[{"id":"action39","type":"key","parameters":{},"actions":[{"type":"keyDown","value":"î€‡"},{"type":"pause","duration":10},{"type":"keyUp","value":"î€‡"}]}]}
RESULT: {"actions":[{"id":"action39","type":"key","parameters":{},"actions":[{"type":"keyDown","value":"î€‡"},{"type":"pause","duration":10},{"type":"keyUp","value":"î€‡"}]}]}
COMMAND: GET /session/d41a4ef9228655ec76246a5e56c44812/screenshot - {}
RESULT: {}
COMMAND: POST /session/d41a4ef9228655ec76246a5e56c44812/element - {"using":"xpath","value":"//button[@data-kt= \"execHoReceiveButton\"]"}
RESULT: {"using":"xpath","value":"//button[@data-kt= \"execHoReceiveButton\"]"}
COMMAND: POST /session/d41a4ef9228655ec76246a5e56c44812/element/f.8359050118E493E9D810750CB1F2C9B3.d.32DEDD56F9D48F190BD090D710E1A844.e.10873/click - {}
RESULT: {}
COMMAND: GET /session/d41a4ef9228655ec76246a5e56c44812/screenshot - {}
RESULT: {}
COMMAND: POST /session/d41a4ef9228655ec76246a5e56c44812/execute/async - {"script":"<script> [1562 bytes]","args":[{"selector":{"controlType":"sap.m.Button","properties":{"text":"Continue"},"searchOpenDialogs":true,"interaction":{"idSuffix":"content"}},"wdio_ui5_key":"sapm.Button{\"text\":\"Continue\"}"}]}
RESULT: {"script":"<script> [1562 bytes]","args":[{"selector":{"controlType":"sap.m.Button","properties":{"text":"Continue"},"searchOpenDialogs":true,"interaction":{"idSuffix":"content"}},"wdio_ui5_key":"sapm.Button{\"text\":\"Continue\"}"}]}
RESULT: undefined
COMMAND: POST /session/d41a4ef9228655ec76246a5e56c44812/element - {"using":"xpath","value":"//*[@id=\"__mbox-btn-6\"]"}
RESULT: {"using":"xpath","value":"//*[@id=\"__mbox-btn-6\"]"}
COMMAND: POST /session/d41a4ef9228655ec76246a5e56c44812/element/f.8359050118E493E9D810750CB1F2C9B3.d.32DEDD56F9D48F190BD090D710E1A844.e.10874/click - {}
RESULT: {}
COMMAND: GET /session/d41a4ef9228655ec76246a5e56c44812/screenshot - {}
RESULT: {}
COMMAND: POST /session/d41a4ef9228655ec76246a5e56c44812/element - {"using":"css selector","value":"#shell-header-logo"}
RESULT: {"using":"css selector","value":"#shell-header-logo"}
COMMAND: POST /session/d41a4ef9228655ec76246a5e56c44812/element/f.8359050118E493E9D810750CB1F2C9B3.d.32DEDD56F9D48F190BD090D710E1A844.e.10445/click - {}
RESULT: {}
COMMAND: GET /session/d41a4ef9228655ec76246a5e56c44812/screenshot - {}
RESULT: {}
COMMAND: POST /session/d41a4ef9228655ec76246a5e56c44812/element - {"using":"css selector","value":"#j_username"}
COMMAND: POST /session/d41a4ef9228655ec76246a5e56c44812/url - {"url":"https://qa-testing-00-live-etm-ui.cfapps.eu10-004.hana.ondemand.com/"}
RESULT: {"using":"css selector","value":"#j_username"}
COMMAND: POST /session/d41a4ef9228655ec76246a5e56c44812/element - {"using":"css selector","value":"#j_username"}
RESULT: {"url":"https://qa-testing-00-live-etm-ui.cfapps.eu10-004.hana.ondemand.com/"}
RESULT: undefined
COMMAND: GET /session/d41a4ef9228655ec76246a5e56c44812/screenshot - {}
RESULT: {"using":"css selector","value":"#j_username"}
COMMAND: POST /session/d41a4ef9228655ec76246a5e56c44812/element - {"using":"css selector","value":"#shell-header-logo"}
RESULT: {}
RESULT: {"using":"css selector","value":"#shell-header-logo"}
COMMAND: POST /session/d41a4ef9228655ec76246a5e56c44812/execute/sync - {"script":"<script> [8489 bytes]","args":[{"element-6066-11e4-a52e-4f735466cecf":"f.8359050118E493E9D810750CB1F2C9B3.d.936F150364AD1100DA0AD217BD6317EC.e.10936","ELEMENT":"f.8359050118E493E9D810750CB1F2C9B3.d.936F150364AD1100DA0AD217BD6317EC.e.10936"}]}
RESULT: {"script":"<script> [8489 bytes]","args":[{"element-6066-11e4-a52e-4f735466cecf":"f.8359050118E493E9D810750CB1F2C9B3.d.936F150364AD1100DA0AD217BD6317EC.e.10936","ELEMENT":"f.8359050118E493E9D810750CB1F2C9B3.d.936F150364AD1100DA0AD217BD6317EC.e.10936"}]}
COMMAND: POST /session/d41a4ef9228655ec76246a5e56c44812/element - {"using":"css selector","value":"#shell-header-logo"}
COMMAND: GET /session/d41a4ef9228655ec76246a5e56c44812/screenshot - {}
RESULT: {"using":"css selector","value":"#shell-header-logo"}
COMMAND: POST /session/d41a4ef9228655ec76246a5e56c44812/execute/sync - {"script":"<script> [8489 bytes]","args":[{"element-6066-11e4-a52e-4f735466cecf":"f.8359050118E493E9D810750CB1F2C9B3.d.936F150364AD1100DA0AD217BD6317EC.e.10936","ELEMENT":"f.8359050118E493E9D810750CB1F2C9B3.d.936F150364AD1100DA0AD217BD6317EC.e.10936"}]}
RESULT: {}
RESULT: {"script":"<script> [8489 bytes]","args":[{"element-6066-11e4-a52e-4f735466cecf":"f.8359050118E493E9D810750CB1F2C9B3.d.936F150364AD1100DA0AD217BD6317EC.e.10936","ELEMENT":"f.8359050118E493E9D810750CB1F2C9B3.d.936F150364AD1100DA0AD217BD6317EC.e.10936"}]}
COMMAND: POST /session/d41a4ef9228655ec76246a5e56c44812/execute/sync - {"script":"<script> [5351 bytes]","args":[{"element-6066-11e4-a52e-4f735466cecf":"f.8359050118E493E9D810750CB1F2C9B3.d.936F150364AD1100DA0AD217BD6317EC.e.10936","ELEMENT":"f.8359050118E493E9D810750CB1F2C9B3.d.936F150364AD1100DA0AD217BD6317EC.e.10936"}]}
COMMAND: GET /session/d41a4ef9228655ec76246a5e56c44812/screenshot - {}
RESULT: {}
RESULT: {"script":"<script> [5351 bytes]","args":[{"element-6066-11e4-a52e-4f735466cecf":"f.8359050118E493E9D810750CB1F2C9B3.d.936F150364AD1100DA0AD217BD6317EC.e.10936","ELEMENT":"f.8359050118E493E9D810750CB1F2C9B3.d.936F150364AD1100DA0AD217BD6317EC.e.10936"}]}
COMMAND: POST /session/d41a4ef9228655ec76246a5e56c44812/element - {"using":"css selector","value":"#shell-header-logo"}
COMMAND: GET /session/d41a4ef9228655ec76246a5e56c44812/screenshot - {}
RESULT: {"using":"css selector","value":"#shell-header-logo"}
COMMAND: POST /session/d41a4ef9228655ec76246a5e56c44812/element/f.8359050118E493E9D810750CB1F2C9B3.d.936F150364AD1100DA0AD217BD6317EC.e.10936/click - {}
RESULT: {}
RESULT: {}
COMMAND: GET /session/d41a4ef9228655ec76246a5e56c44812/screenshot - {}
RESULT: {}
COMMAND: POST /session/d41a4ef9228655ec76246a5e56c44812/execute/async - {"script":"<script> [189 bytes]","args":[]}
RESULT: {"script":"<script> [189 bytes]","args":[]}
COMMAND: POST /session/d41a4ef9228655ec76246a5e56c44812/execute/async - {"script":"<script> [123 bytes]","args":[]}
RESULT: {"script":"<script> [123 bytes]","args":[]}
COMMAND: POST /session/d41a4ef9228655ec76246a5e56c44812/timeouts - {"script":"<number>"}
RESULT: {"script":"<number>"}
COMMAND: GET /session/d41a4ef9228655ec76246a5e56c44812/timeouts - {}
RESULT: {}
RESULT: undefined
COMMAND: POST /session/d41a4ef9228655ec76246a5e56c44812/execute/async - {"script":"<script> [2676 bytes]","args":[]}
RESULT: {"script":"<script> [2676 bytes]","args":[]}
COMMAND: POST /session/d41a4ef9228655ec76246a5e56c44812/execute/async - {"script":"<script> [2342 bytes]","args":[{"protocol":"http","hostname":"0.0.0.0","path":"/","capabilities":{"browserName":"chrome","goog:chromeOptions":{"binary":"C:\\Program Files\\Google\\Chrome\\Application\\chrome.exe","args":["--start-maximized"]}},"logLevel":"warn","connectionRetryTimeout":120000,"connectionRetryCount":3,"logLevels":{},"enableDirectConnect":true,"strictSSL":true,"_":"65 more keys: [\"cacheDir\",\"port\",\"requestedCapabilities\",\"automationProtocol\",\"baseUrl\",\"waitforInterval\",\"waitforTimeout\",\"onReload\",\"beforeCommand\",\"afterCommand\",\"rootDir\",\"specs\",\"suites\",\"exclude\",\"groupLogsByTestSpec\",\"excludeDriverLogs\",\"bail\",\"framework\",\"reporters\",\"services\",\"maxInstances\",\"maxInstancesPerCapability\",\"injectGlobals\",\"filesToWatch\",\"execArgv\",\"runnerEnv\",\"runner\",\"shard\",\"specFileRetries\",\"specFileRetriesDelay\",\"specFileRetriesDeferred\",\"reporterSyncInterval\",\"reporterSyncTimeout\",\"cucumberFeaturesWithLineNumbers\",\"autoCompileOpts\",\"mochaOpts\",\"jasmineOpts\",\"cucumberOpts\",\"onPrepare\",\"onWorkerStart\",\"onWorkerEnd\",\"before\",\"beforeSession\",\"beforeSuite\",\"beforeHook\",\"beforeTest\",\"afterTest\",\"afterHook\",\"afterSuite\",\"afterSession\",\"after\",\"onComplete\",\"beforeAssertion\",\"afterAssertion\",\"beforeFeature\",\"beforeScenario\",\"beforeStep\",\"afterStep\",\"afterScenario\",\"afterFeature\",\"_\",\"suite\",\"$0\",\"ignoredWorkerServices\",\"wdi5\"]"}]}
RESULT: {"script":"<script> [2342 bytes]","args":[{"protocol":"http","hostname":"0.0.0.0","path":"/","capabilities":{"browserName":"chrome","goog:chromeOptions":{"binary":"C:\\Program Files\\Google\\Chrome\\Application\\chrome.exe","args":["--start-maximized"]}},"logLevel":"warn","connectionRetryTimeout":120000,"connectionRetryCount":3,"logLevels":{},"enableDirectConnect":true,"strictSSL":true,"_":"65 more keys: [\"cacheDir\",\"port\",\"requestedCapabilities\",\"automationProtocol\",\"baseUrl\",\"waitforInterval\",\"waitforTimeout\",\"onReload\",\"beforeCommand\",\"afterCommand\",\"rootDir\",\"specs\",\"suites\",\"exclude\",\"groupLogsByTestSpec\",\"excludeDriverLogs\",\"bail\",\"framework\",\"reporters\",\"services\",\"maxInstances\",\"maxInstancesPerCapability\",\"injectGlobals\",\"filesToWatch\",\"execArgv\",\"runnerEnv\",\"runner\",\"shard\",\"specFileRetries\",\"specFileRetriesDelay\",\"specFileRetriesDeferred\",\"reporterSyncInterval\",\"reporterSyncTimeout\",\"cucumberFeaturesWithLineNumbers\",\"autoCompileOpts\",\"mochaOpts\",\"jasmineOpts\",\"cucumberOpts\",\"onPrepare\",\"onWorkerStart\",\"onWorkerEnd\",\"before\",\"beforeSession\",\"beforeSuite\",\"beforeHook\",\"beforeTest\",\"afterTest\",\"afterHook\",\"afterSuite\",\"afterSession\",\"after\",\"onComplete\",\"beforeAssertion\",\"afterAssertion\",\"beforeFeature\",\"beforeScenario\",\"beforeStep\",\"afterStep\",\"afterScenario\",\"afterFeature\",\"_\",\"suite\",\"$0\",\"ignoredWorkerServices\",\"wdi5\"]"}]}
COMMAND: POST /session/d41a4ef9228655ec76246a5e56c44812/execute/async - {"script":"<script> [21126 bytes]","args":[35000]}
RESULT: {"script":"<script> [21126 bytes]","args":[35000]}
COMMAND: POST /session/d41a4ef9228655ec76246a5e56c44812/window/maximize - {}
RESULT: {}
COMMAND: POST /session/d41a4ef9228655ec76246a5e56c44812/execute/async - {"script":"<script> [1562 bytes]","args":[{"selector":{"id":"shell-header","interaction":{"idSuffix":"icon"}},"wdio_ui5_key":"shellheader"}]}
COMMAND: GET /session/d41a4ef9228655ec76246a5e56c44812/screenshot - {}
RESULT: {"script":"<script> [1562 bytes]","args":[{"selector":{"id":"shell-header","interaction":{"idSuffix":"icon"}},"wdio_ui5_key":"shellheader"}]}
RESULT: undefined
COMMAND: POST /session/d41a4ef9228655ec76246a5e56c44812/window/fullscreen - {}
RESULT: {}
RESULT: {}
]]></system-out>
    </testcase>
  </testsuite>
  <testsuite timestamp="2025-05-16T16:56:28" time="543.112" tests="4" failures="0" errors="0" skipped="0">
    <properties>
      <property name="specId" value="0" />
      <property name="suiteName" value="Provide to Site w/o warehouse management w/ clarification US116605" />
      <property name="capabilities" value="chrome.136_0_7103_93.windows" />
      <property name="file" value="file:///D:/a/1/s/test/specs/HTR/provide-to-site-wo-warehouse-w-clarification.spec.js" />
    </properties>
    <testcase classname="chrome.136_0_7103_93.windows.Provide_to_Site_w/o_warehouse_management_w/_clarification_US116605" name="Should create a new yard" time="129.996">
      <system-out><![CDATA[
COMMAND: POST /session/d41a4ef9228655ec76246a5e56c44812/window/fullscreen - {}
RESULT: {}
COMMAND: POST /session/d41a4ef9228655ec76246a5e56c44812/execute/async - {"script":"<script> [1562 bytes]","args":[{"selector":{"controlType":"sap.m.GenericTile","properties":{"header":"Manage Yards"}},"wdio_ui5_key":"sapm.GenericTile{\"header\":\"Manage Yards\"}"}]}
RESULT: {"script":"<script> [1562 bytes]","args":[{"selector":{"controlType":"sap.m.GenericTile","properties":{"header":"Manage Yards"}},"wdio_ui5_key":"sapm.GenericTile{\"header\":\"Manage Yards\"}"}]}
RESULT: undefined
COMMAND: POST /session/d41a4ef9228655ec76246a5e56c44812/element - {"using":"xpath","value":"//*[@id=\"__tile33\"]"}
RESULT: {"using":"xpath","value":"//*[@id=\"__tile33\"]"}
COMMAND: POST /session/d41a4ef9228655ec76246a5e56c44812/element/f.8359050118E493E9D810750CB1F2C9B3.d.936F150364AD1100DA0AD217BD6317EC.e.10963/click - {}
RESULT: {}
COMMAND: GET /session/d41a4ef9228655ec76246a5e56c44812/screenshot - {}
RESULT: {}
COMMAND: POST /session/d41a4ef9228655ec76246a5e56c44812/elements - {"using":"xpath","value":"//span[text()='Error']"}
RESULT: {"using":"xpath","value":"//span[text()='Error']"}
COMMAND: POST /session/d41a4ef9228655ec76246a5e56c44812/element - {"using":"xpath","value":"//button[@data-kt=\"addNewYardOverflowToolbarButton\"]"}
RESULT: {"using":"xpath","value":"//button[@data-kt=\"addNewYardOverflowToolbarButton\"]"}
COMMAND: POST /session/d41a4ef9228655ec76246a5e56c44812/elements - {"using":"xpath","value":"//button[@data-kt=\"addNewYardOverflowToolbarButton\"]"}
RESULT: {"using":"xpath","value":"//button[@data-kt=\"addNewYardOverflowToolbarButton\"]"}
COMMAND: POST /session/d41a4ef9228655ec76246a5e56c44812/element - {"using":"xpath","value":"//button[@data-kt=\"addNewYardOverflowToolbarButton\"]"}
RESULT: {"using":"xpath","value":"//button[@data-kt=\"addNewYardOverflowToolbarButton\"]"}
COMMAND: POST /session/d41a4ef9228655ec76246a5e56c44812/execute/sync - {"script":"<script> [8489 bytes]","args":[{"element-6066-11e4-a52e-4f735466cecf":"f.8359050118E493E9D810750CB1F2C9B3.d.936F150364AD1100DA0AD217BD6317EC.e.11100","ELEMENT":"f.8359050118E493E9D810750CB1F2C9B3.d.936F150364AD1100DA0AD217BD6317EC.e.11100"}]}
RESULT: {"script":"<script> [8489 bytes]","args":[{"element-6066-11e4-a52e-4f735466cecf":"f.8359050118E493E9D810750CB1F2C9B3.d.936F150364AD1100DA0AD217BD6317EC.e.11100","ELEMENT":"f.8359050118E493E9D810750CB1F2C9B3.d.936F150364AD1100DA0AD217BD6317EC.e.11100"}]}
COMMAND: GET /session/d41a4ef9228655ec76246a5e56c44812/element/f.8359050118E493E9D810750CB1F2C9B3.d.936F150364AD1100DA0AD217BD6317EC.e.11100/enabled - {}
COMMAND: GET /session/d41a4ef9228655ec76246a5e56c44812/screenshot - {}
RESULT: {}
COMMAND: POST /session/d41a4ef9228655ec76246a5e56c44812/execute/sync - {"script":"<script> [8489 bytes]","args":[{"element-6066-11e4-a52e-4f735466cecf":"f.8359050118E493E9D810750CB1F2C9B3.d.936F150364AD1100DA0AD217BD6317EC.e.11100","ELEMENT":"f.8359050118E493E9D810750CB1F2C9B3.d.936F150364AD1100DA0AD217BD6317EC.e.11100"}]}
COMMAND: GET /session/d41a4ef9228655ec76246a5e56c44812/screenshot - {}
RESULT: {}
RESULT: {"script":"<script> [8489 bytes]","args":[{"element-6066-11e4-a52e-4f735466cecf":"f.8359050118E493E9D810750CB1F2C9B3.d.936F150364AD1100DA0AD217BD6317EC.e.11100","ELEMENT":"f.8359050118E493E9D810750CB1F2C9B3.d.936F150364AD1100DA0AD217BD6317EC.e.11100"}]}
COMMAND: POST /session/d41a4ef9228655ec76246a5e56c44812/execute/sync - {"script":"<script> [5351 bytes]","args":[{"element-6066-11e4-a52e-4f735466cecf":"f.8359050118E493E9D810750CB1F2C9B3.d.936F150364AD1100DA0AD217BD6317EC.e.11100","ELEMENT":"f.8359050118E493E9D810750CB1F2C9B3.d.936F150364AD1100DA0AD217BD6317EC.e.11100"}]}
COMMAND: GET /session/d41a4ef9228655ec76246a5e56c44812/screenshot - {}
RESULT: {}
RESULT: {"script":"<script> [5351 bytes]","args":[{"element-6066-11e4-a52e-4f735466cecf":"f.8359050118E493E9D810750CB1F2C9B3.d.936F150364AD1100DA0AD217BD6317EC.e.11100","ELEMENT":"f.8359050118E493E9D810750CB1F2C9B3.d.936F150364AD1100DA0AD217BD6317EC.e.11100"}]}
COMMAND: POST /session/d41a4ef9228655ec76246a5e56c44812/element/f.8359050118E493E9D810750CB1F2C9B3.d.936F150364AD1100DA0AD217BD6317EC.e.11100/click - {}
COMMAND: GET /session/d41a4ef9228655ec76246a5e56c44812/screenshot - {}
RESULT: {}
RESULT: {}
COMMAND: GET /session/d41a4ef9228655ec76246a5e56c44812/screenshot - {}
RESULT: {}
COMMAND: POST /session/d41a4ef9228655ec76246a5e56c44812/element - {"using":"xpath","value":"//input[@id=\"application-manageyards-display-component---NewYard--yardId-inner\"]"}
RESULT: {}
RESULT: {"using":"xpath","value":"//input[@id=\"application-manageyards-display-component---NewYard--yardId-inner\"]"}
COMMAND: POST /session/d41a4ef9228655ec76246a5e56c44812/element - {"using":"xpath","value":"//input[@id=\"application-manageyards-display-component---NewYard--yardId-inner\"]"}
RESULT: {"using":"xpath","value":"//input[@id=\"application-manageyards-display-component---NewYard--yardId-inner\"]"}
COMMAND: POST /session/d41a4ef9228655ec76246a5e56c44812/execute/async - {"script":"<script> [1562 bytes]","args":[{"selector":{"id":"application-manageyards-display-component---NewYard--addressDetailDetailsName1","interaction":{"idSuffix":"inner"}},"wdio_ui5_key":"applicationmanageyards-display-component---NewYard--addressDetailDetailsName1"}]}
RESULT: {"script":"<script> [1562 bytes]","args":[{"selector":{"id":"application-manageyards-display-component---NewYard--addressDetailDetailsName1","interaction":{"idSuffix":"inner"}},"wdio_ui5_key":"applicationmanageyards-display-component---NewYard--addressDetailDetailsName1"}]}
RESULT: undefined
COMMAND: POST /session/d41a4ef9228655ec76246a5e56c44812/execute/async - {"script":"<script> [776 bytes]","args":[{"enterText":"Other Yard WDIO","selector":{"id":"application-manageyards-display-component---NewYard--addressDetailDetailsName1","interaction":{"idSuffix":"inner"}},"clearTextFirst":true,"interactionType":"ENTER_TEXT"}]}
RESULT: {"script":"<script> [776 bytes]","args":[{"enterText":"Other Yard WDIO","selector":{"id":"application-manageyards-display-component---NewYard--addressDetailDetailsName1","interaction":{"idSuffix":"inner"}},"clearTextFirst":true,"interactionType":"ENTER_TEXT"}]}
COMMAND: POST /session/d41a4ef9228655ec76246a5e56c44812/execute/async - {"script":"<script> [1562 bytes]","args":[{"selector":{"id":"application-manageyards-display-component---NewYard--addressDetailDetailsLanguage-arrow"},"wdio_ui5_key":"applicationmanageyards-display-component---NewYard--addressDetailDetailsLanguage-arrow"}]}
RESULT: {"script":"<script> [1562 bytes]","args":[{"selector":{"id":"application-manageyards-display-component---NewYard--addressDetailDetailsLanguage-arrow"},"wdio_ui5_key":"applicationmanageyards-display-component---NewYard--addressDetailDetailsLanguage-arrow"}]}
RESULT: undefined
COMMAND: POST /session/d41a4ef9228655ec76246a5e56c44812/element - {"using":"xpath","value":"//*[@id=\"application-manageyards-display-component---NewYard--addressDetailDetailsLanguage-arrow\"]"}
RESULT: {"using":"xpath","value":"//*[@id=\"application-manageyards-display-component---NewYard--addressDetailDetailsLanguage-arrow\"]"}
COMMAND: POST /session/d41a4ef9228655ec76246a5e56c44812/element/f.8359050118E493E9D810750CB1F2C9B3.d.936F150364AD1100DA0AD217BD6317EC.e.11519/click - {}
RESULT: {}
COMMAND: POST /session/d41a4ef9228655ec76246a5e56c44812/element - {"using":"xpath","value":"//span[contains(text(), \"English\")]"}
COMMAND: GET /session/d41a4ef9228655ec76246a5e56c44812/screenshot - {}
RESULT: {"using":"xpath","value":"//span[contains(text(), \"English\")]"}
COMMAND: POST /session/d41a4ef9228655ec76246a5e56c44812/element/f.8359050118E493E9D810750CB1F2C9B3.d.936F150364AD1100DA0AD217BD6317EC.e.11520/click - {}
RESULT: {}
RESULT: {}
COMMAND: POST /session/d41a4ef9228655ec76246a5e56c44812/execute/async - {"script":"<script> [1562 bytes]","args":[{"selector":{"id":"application-manageyards-display-component---NewYard--addressDetailDetailsCity1","interaction":{"idSuffix":"inner"}},"wdio_ui5_key":"applicationmanageyards-display-component---NewYard--addressDetailDetailsCity1"}]}
COMMAND: GET /session/d41a4ef9228655ec76246a5e56c44812/screenshot - {}
RESULT: {"script":"<script> [1562 bytes]","args":[{"selector":{"id":"application-manageyards-display-component---NewYard--addressDetailDetailsCity1","interaction":{"idSuffix":"inner"}},"wdio_ui5_key":"applicationmanageyards-display-component---NewYard--addressDetailDetailsCity1"}]}
RESULT: undefined
COMMAND: POST /session/d41a4ef9228655ec76246a5e56c44812/execute/async - {"script":"<script> [776 bytes]","args":[{"enterText":"Rosario","selector":{"id":"application-manageyards-display-component---NewYard--addressDetailDetailsCity1","interaction":{"idSuffix":"inner"}},"clearTextFirst":true,"interactionType":"ENTER_TEXT"}]}
RESULT: {}
RESULT: {"script":"<script> [776 bytes]","args":[{"enterText":"Rosario","selector":{"id":"application-manageyards-display-component---NewYard--addressDetailDetailsCity1","interaction":{"idSuffix":"inner"}},"clearTextFirst":true,"interactionType":"ENTER_TEXT"}]}
COMMAND: POST /session/d41a4ef9228655ec76246a5e56c44812/execute/async - {"script":"<script> [1562 bytes]","args":[{"selector":{"id":"application-manageyards-display-component---NewYard--addressDetailDetailsCountry-arrow"},"wdio_ui5_key":"applicationmanageyards-display-component---NewYard--addressDetailDetailsCountry-arrow"}]}
RESULT: {"script":"<script> [1562 bytes]","args":[{"selector":{"id":"application-manageyards-display-component---NewYard--addressDetailDetailsCountry-arrow"},"wdio_ui5_key":"applicationmanageyards-display-component---NewYard--addressDetailDetailsCountry-arrow"}]}
RESULT: undefined
COMMAND: POST /session/d41a4ef9228655ec76246a5e56c44812/element - {"using":"xpath","value":"//*[@id=\"application-manageyards-display-component---NewYard--addressDetailDetailsCountry-arrow\"]"}
RESULT: {"using":"xpath","value":"//*[@id=\"application-manageyards-display-component---NewYard--addressDetailDetailsCountry-arrow\"]"}
COMMAND: POST /session/d41a4ef9228655ec76246a5e56c44812/element/f.8359050118E493E9D810750CB1F2C9B3.d.936F150364AD1100DA0AD217BD6317EC.e.11522/click - {}
RESULT: {}
COMMAND: POST /session/d41a4ef9228655ec76246a5e56c44812/element - {"using":"xpath","value":"//span[contains(text(), \"Argentina\")]"}
COMMAND: GET /session/d41a4ef9228655ec76246a5e56c44812/screenshot - {}
RESULT: {"using":"xpath","value":"//span[contains(text(), \"Argentina\")]"}
COMMAND: POST /session/d41a4ef9228655ec76246a5e56c44812/element/f.8359050118E493E9D810750CB1F2C9B3.d.936F150364AD1100DA0AD217BD6317EC.e.11524/click - {}
RESULT: {}
RESULT: {}
COMMAND: POST /session/d41a4ef9228655ec76246a5e56c44812/execute/async - {"script":"<script> [1562 bytes]","args":[{"selector":{"id":"application-manageyards-display-component---NewYard--addressEditDetailsCostObjectCstType-arrow"},"wdio_ui5_key":"applicationmanageyards-display-component---NewYard--addressEditDetailsCostObjectCstType-arrow"}]}
COMMAND: GET /session/d41a4ef9228655ec76246a5e56c44812/screenshot - {}
RESULT: {"script":"<script> [1562 bytes]","args":[{"selector":{"id":"application-manageyards-display-component---NewYard--addressEditDetailsCostObjectCstType-arrow"},"wdio_ui5_key":"applicationmanageyards-display-component---NewYard--addressEditDetailsCostObjectCstType-arrow"}]}
RESULT: undefined
COMMAND: POST /session/d41a4ef9228655ec76246a5e56c44812/element - {"using":"xpath","value":"//*[@id=\"application-manageyards-display-component---NewYard--addressEditDetailsCostObjectCstType-arrow\"]"}
RESULT: {}
RESULT: {"using":"xpath","value":"//*[@id=\"application-manageyards-display-component---NewYard--addressEditDetailsCostObjectCstType-arrow\"]"}
COMMAND: POST /session/d41a4ef9228655ec76246a5e56c44812/element/f.8359050118E493E9D810750CB1F2C9B3.d.936F150364AD1100DA0AD217BD6317EC.e.11525/click - {}
RESULT: {}
COMMAND: POST /session/d41a4ef9228655ec76246a5e56c44812/element - {"using":"xpath","value":"//span[contains(text(), \"Cost Center\")]"}
COMMAND: GET /session/d41a4ef9228655ec76246a5e56c44812/screenshot - {}
RESULT: {"using":"xpath","value":"//span[contains(text(), \"Cost Center\")]"}
COMMAND: POST /session/d41a4ef9228655ec76246a5e56c44812/element/f.8359050118E493E9D810750CB1F2C9B3.d.936F150364AD1100DA0AD217BD6317EC.e.11526/click - {}
RESULT: {}
RESULT: {}
COMMAND: GET /session/d41a4ef9228655ec76246a5e56c44812/screenshot - {}
RESULT: {}
COMMAND: POST /session/d41a4ef9228655ec76246a5e56c44812/element - {"using":"xpath","value":"//span[@id=\"application-manageyards-display-component---NewYard--addressNewCostObjectCstID-vhi\"]"}
RESULT: {"using":"xpath","value":"//span[@id=\"application-manageyards-display-component---NewYard--addressNewCostObjectCstID-vhi\"]"}
COMMAND: POST /session/d41a4ef9228655ec76246a5e56c44812/execute/sync - {"script":"<script> [8489 bytes]","args":[{"element-6066-11e4-a52e-4f735466cecf":"f.8359050118E493E9D810750CB1F2C9B3.d.936F150364AD1100DA0AD217BD6317EC.e.11530","ELEMENT":"f.8359050118E493E9D810750CB1F2C9B3.d.936F150364AD1100DA0AD217BD6317EC.e.11530"}]}
RESULT: {"script":"<script> [8489 bytes]","args":[{"element-6066-11e4-a52e-4f735466cecf":"f.8359050118E493E9D810750CB1F2C9B3.d.936F150364AD1100DA0AD217BD6317EC.e.11530","ELEMENT":"f.8359050118E493E9D810750CB1F2C9B3.d.936F150364AD1100DA0AD217BD6317EC.e.11530"}]}
COMMAND: POST /session/d41a4ef9228655ec76246a5e56c44812/execute/async - {"script":"<script> [1562 bytes]","args":[{"selector":{"id":"application-manageyards-display-component---NewYard--addressNewCostObjectCstID-vhi"},"wdio_ui5_key":"applicationmanageyards-display-component---NewYard--addressNewCostObjectCstID-vhi"}]}
COMMAND: GET /session/d41a4ef9228655ec76246a5e56c44812/screenshot - {}
RESULT: {"script":"<script> [1562 bytes]","args":[{"selector":{"id":"application-manageyards-display-component---NewYard--addressNewCostObjectCstID-vhi"},"wdio_ui5_key":"applicationmanageyards-display-component---NewYard--addressNewCostObjectCstID-vhi"}]}
RESULT: undefined
COMMAND: POST /session/d41a4ef9228655ec76246a5e56c44812/element - {"using":"xpath","value":"//*[@id=\"application-manageyards-display-component---NewYard--addressNewCostObjectCstID-vhi\"]"}
RESULT: {}
RESULT: {"using":"xpath","value":"//*[@id=\"application-manageyards-display-component---NewYard--addressNewCostObjectCstID-vhi\"]"}
COMMAND: POST /session/d41a4ef9228655ec76246a5e56c44812/element/f.8359050118E493E9D810750CB1F2C9B3.d.936F150364AD1100DA0AD217BD6317EC.e.11530/click - {}
RESULT: {}
COMMAND: GET /session/d41a4ef9228655ec76246a5e56c44812/screenshot - {}
RESULT: {}
COMMAND: POST /session/d41a4ef9228655ec76246a5e56c44812/execute/async - {"script":"<script> [1562 bytes]","args":[{"selector":{"controlType":"sap.m.SearchField","properties":{"placeholder":"Search"},"searchOpenDialogs":true,"interaction":{"idSuffix":"I"}},"wdio_ui5_key":"sapm.SearchField{\"placeholder\":\"Search\"}"}]}
RESULT: {"script":"<script> [1562 bytes]","args":[{"selector":{"controlType":"sap.m.SearchField","properties":{"placeholder":"Search"},"searchOpenDialogs":true,"interaction":{"idSuffix":"I"}},"wdio_ui5_key":"sapm.SearchField{\"placeholder\":\"Search\"}"}]}
RESULT: undefined
COMMAND: POST /session/d41a4ef9228655ec76246a5e56c44812/execute/async - {"script":"<script> [776 bytes]","args":[{"enterText":"bauh_b","selector":{"controlType":"sap.m.SearchField","properties":{"placeholder":"Search"},"searchOpenDialogs":true,"interaction":{"idSuffix":"I"}},"clearTextFirst":true,"interactionType":"ENTER_TEXT"}]}
RESULT: {"script":"<script> [776 bytes]","args":[{"enterText":"bauh_b","selector":{"controlType":"sap.m.SearchField","properties":{"placeholder":"Search"},"searchOpenDialogs":true,"interaction":{"idSuffix":"I"}},"clearTextFirst":true,"interactionType":"ENTER_TEXT"}]}
COMMAND: POST /session/d41a4ef9228655ec76246a5e56c44812/actions - {"actions":[{"id":"action40","type":"key","parameters":{},"actions":[{"type":"keyDown","value":"î€‡"},{"type":"pause","duration":10},{"type":"keyUp","value":"î€‡"}]}]}
RESULT: {"actions":[{"id":"action40","type":"key","parameters":{},"actions":[{"type":"keyDown","value":"î€‡"},{"type":"pause","duration":10},{"type":"keyUp","value":"î€‡"}]}]}
COMMAND: GET /session/d41a4ef9228655ec76246a5e56c44812/screenshot - {}
RESULT: {}
COMMAND: POST /session/d41a4ef9228655ec76246a5e56c44812/element - {"using":"xpath","value":"//span[contains(text(), \"Demo Yard\")]"}
RESULT: {"using":"xpath","value":"//span[contains(text(), \"Demo Yard\")]"}
COMMAND: POST /session/d41a4ef9228655ec76246a5e56c44812/element/f.8359050118E493E9D810750CB1F2C9B3.d.936F150364AD1100DA0AD217BD6317EC.e.11570/click - {}
RESULT: {}
COMMAND: GET /session/d41a4ef9228655ec76246a5e56c44812/screenshot - {}
RESULT: {}
COMMAND: POST /session/d41a4ef9228655ec76246a5e56c44812/element - {"using":"xpath","value":"//bdi[contains(text(), \"OK\")]"}
RESULT: {"using":"xpath","value":"//bdi[contains(text(), \"OK\")]"}
COMMAND: POST /session/d41a4ef9228655ec76246a5e56c44812/element/f.8359050118E493E9D810750CB1F2C9B3.d.936F150364AD1100DA0AD217BD6317EC.e.11571/click - {}
RESULT: {}
COMMAND: GET /session/d41a4ef9228655ec76246a5e56c44812/screenshot - {}
RESULT: {}
COMMAND: POST /session/d41a4ef9228655ec76246a5e56c44812/execute/async - {"script":"<script> [1562 bytes]","args":[{"selector":{"id":"application-manageyards-display-component---NewYard--addressEditDetailsCurrency-arrow"},"wdio_ui5_key":"applicationmanageyards-display-component---NewYard--addressEditDetailsCurrency-arrow"}]}
RESULT: {"script":"<script> [1562 bytes]","args":[{"selector":{"id":"application-manageyards-display-component---NewYard--addressEditDetailsCurrency-arrow"},"wdio_ui5_key":"applicationmanageyards-display-component---NewYard--addressEditDetailsCurrency-arrow"}]}
RESULT: undefined
COMMAND: POST /session/d41a4ef9228655ec76246a5e56c44812/element - {"using":"xpath","value":"//*[@id=\"application-manageyards-display-component---NewYard--addressEditDetailsCurrency-arrow\"]"}
RESULT: {"using":"xpath","value":"//*[@id=\"application-manageyards-display-component---NewYard--addressEditDetailsCurrency-arrow\"]"}
COMMAND: POST /session/d41a4ef9228655ec76246a5e56c44812/element/f.8359050118E493E9D810750CB1F2C9B3.d.936F150364AD1100DA0AD217BD6317EC.e.11574/click - {}
RESULT: {}
COMMAND: POST /session/d41a4ef9228655ec76246a5e56c44812/element - {"using":"xpath","value":"//span[contains(text(), \"Euro\")]"}
COMMAND: GET /session/d41a4ef9228655ec76246a5e56c44812/screenshot - {}
RESULT: {"using":"xpath","value":"//span[contains(text(), \"Euro\")]"}
COMMAND: POST /session/d41a4ef9228655ec76246a5e56c44812/element/f.8359050118E493E9D810750CB1F2C9B3.d.936F150364AD1100DA0AD217BD6317EC.e.11575/click - {}
RESULT: {}
RESULT: {}
COMMAND: POST /session/d41a4ef9228655ec76246a5e56c44812/execute/async - {"script":"<script> [1562 bytes]","args":[{"selector":{"controlType":"sap.m.Input","viewName":"etm.portal.ui.manageyards.view.New","viewId":"application-manageyards-display-component---NewYard","bindingPath":{"path":"","propertyPath":"/CONTROLLING_AREA","modelName":"NewYardModel"},"interaction":{"idSuffix":"inner"}},"wdio_ui5_key":"etmportal.ui.manageyards.view.Newsap.m.Input{\"path\":\"\",\"propertyPath\":\"/CONTROLLING_AREA\",\"modelName\":\"NewYardModel\"}"}]}
COMMAND: GET /session/d41a4ef9228655ec76246a5e56c44812/screenshot - {}
RESULT: {"script":"<script> [1562 bytes]","args":[{"selector":{"controlType":"sap.m.Input","viewName":"etm.portal.ui.manageyards.view.New","viewId":"application-manageyards-display-component---NewYard","bindingPath":{"path":"","propertyPath":"/CONTROLLING_AREA","modelName":"NewYardModel"},"interaction":{"idSuffix":"inner"}},"wdio_ui5_key":"etmportal.ui.manageyards.view.Newsap.m.Input{\"path\":\"\",\"propertyPath\":\"/CONTROLLING_AREA\",\"modelName\":\"NewYardModel\"}"}]}
RESULT: undefined
COMMAND: POST /session/d41a4ef9228655ec76246a5e56c44812/execute/async - {"script":"<script> [776 bytes]","args":[{"enterText":"Z001","selector":{"controlType":"sap.m.Input","viewName":"etm.portal.ui.manageyards.view.New","viewId":"application-manageyards-display-component---NewYard","bindingPath":{"path":"","propertyPath":"/CONTROLLING_AREA","modelName":"NewYardModel"},"interaction":{"idSuffix":"inner"}},"clearTextFirst":true,"interactionType":"ENTER_TEXT"}]}
RESULT: {}
RESULT: {"script":"<script> [776 bytes]","args":[{"enterText":"Z001","selector":{"controlType":"sap.m.Input","viewName":"etm.portal.ui.manageyards.view.New","viewId":"application-manageyards-display-component---NewYard","bindingPath":{"path":"","propertyPath":"/CONTROLLING_AREA","modelName":"NewYardModel"},"interaction":{"idSuffix":"inner"}},"clearTextFirst":true,"interactionType":"ENTER_TEXT"}]}
COMMAND: POST /session/d41a4ef9228655ec76246a5e56c44812/execute/async - {"script":"<script> [1562 bytes]","args":[{"selector":{"id":"application-manageyards-display-component---NewYard--companyCodeComboBox","interaction":{"idSuffix":"inner"}},"wdio_ui5_key":"applicationmanageyards-display-component---NewYard--companyCodeComboBox"}]}
RESULT: {"script":"<script> [1562 bytes]","args":[{"selector":{"id":"application-manageyards-display-component---NewYard--companyCodeComboBox","interaction":{"idSuffix":"inner"}},"wdio_ui5_key":"applicationmanageyards-display-component---NewYard--companyCodeComboBox"}]}
RESULT: undefined
COMMAND: POST /session/d41a4ef9228655ec76246a5e56c44812/execute/async - {"script":"<script> [776 bytes]","args":[{"enterText":"1000","selector":{"id":"application-manageyards-display-component---NewYard--companyCodeComboBox","interaction":{"idSuffix":"inner"}},"clearTextFirst":true,"interactionType":"ENTER_TEXT"}]}
RESULT: {"script":"<script> [776 bytes]","args":[{"enterText":"1000","selector":{"id":"application-manageyards-display-component---NewYard--companyCodeComboBox","interaction":{"idSuffix":"inner"}},"clearTextFirst":true,"interactionType":"ENTER_TEXT"}]}
COMMAND: POST /session/d41a4ef9228655ec76246a5e56c44812/execute/async - {"script":"<script> [1562 bytes]","args":[{"selector":{"controlType":"sap.m.Input","viewName":"etm.portal.ui.manageyards.view.New","viewId":"application-manageyards-display-component---NewYard","bindingPath":{"path":"","propertyPath":"/PLANT","modelName":"NewYardModel"},"interaction":{"idSuffix":"inner"}},"wdio_ui5_key":"etmportal.ui.manageyards.view.Newsap.m.Input{\"path\":\"\",\"propertyPath\":\"/PLANT\",\"modelName\":\"NewYardModel\"}"}]}
RESULT: {"script":"<script> [1562 bytes]","args":[{"selector":{"controlType":"sap.m.Input","viewName":"etm.portal.ui.manageyards.view.New","viewId":"application-manageyards-display-component---NewYard","bindingPath":{"path":"","propertyPath":"/PLANT","modelName":"NewYardModel"},"interaction":{"idSuffix":"inner"}},"wdio_ui5_key":"etmportal.ui.manageyards.view.Newsap.m.Input{\"path\":\"\",\"propertyPath\":\"/PLANT\",\"modelName\":\"NewYardModel\"}"}]}
RESULT: undefined
COMMAND: POST /session/d41a4ef9228655ec76246a5e56c44812/execute/async - {"script":"<script> [776 bytes]","args":[{"enterText":"1001","selector":{"controlType":"sap.m.Input","viewName":"etm.portal.ui.manageyards.view.New","viewId":"application-manageyards-display-component---NewYard","bindingPath":{"path":"","propertyPath":"/PLANT","modelName":"NewYardModel"},"interaction":{"idSuffix":"inner"}},"clearTextFirst":true,"interactionType":"ENTER_TEXT"}]}
RESULT: {"script":"<script> [776 bytes]","args":[{"enterText":"1001","selector":{"controlType":"sap.m.Input","viewName":"etm.portal.ui.manageyards.view.New","viewId":"application-manageyards-display-component---NewYard","bindingPath":{"path":"","propertyPath":"/PLANT","modelName":"NewYardModel"},"interaction":{"idSuffix":"inner"}},"clearTextFirst":true,"interactionType":"ENTER_TEXT"}]}
COMMAND: POST /session/d41a4ef9228655ec76246a5e56c44812/execute/async - {"script":"<script> [1562 bytes]","args":[{"selector":{"controlType":"sap.m.Input","viewName":"etm.portal.ui.manageyards.view.New","viewId":"application-manageyards-display-component---NewYard","bindingPath":{"path":"","propertyPath":"/SALES_AREA_VKORG","modelName":"NewYardModel"},"interaction":{"idSuffix":"inner"}},"wdio_ui5_key":"etmportal.ui.manageyards.view.Newsap.m.Input{\"path\":\"\",\"propertyPath\":\"/SALES_AREA_VKORG\",\"modelName\":\"NewYardModel\"}"}]}
RESULT: {"script":"<script> [1562 bytes]","args":[{"selector":{"controlType":"sap.m.Input","viewName":"etm.portal.ui.manageyards.view.New","viewId":"application-manageyards-display-component---NewYard","bindingPath":{"path":"","propertyPath":"/SALES_AREA_VKORG","modelName":"NewYardModel"},"interaction":{"idSuffix":"inner"}},"wdio_ui5_key":"etmportal.ui.manageyards.view.Newsap.m.Input{\"path\":\"\",\"propertyPath\":\"/SALES_AREA_VKORG\",\"modelName\":\"NewYardModel\"}"}]}
RESULT: undefined
COMMAND: POST /session/d41a4ef9228655ec76246a5e56c44812/execute/async - {"script":"<script> [776 bytes]","args":[{"enterText":"C002","selector":{"controlType":"sap.m.Input","viewName":"etm.portal.ui.manageyards.view.New","viewId":"application-manageyards-display-component---NewYard","bindingPath":{"path":"","propertyPath":"/SALES_AREA_VKORG","modelName":"NewYardModel"},"interaction":{"idSuffix":"inner"}},"clearTextFirst":true,"interactionType":"ENTER_TEXT"}]}
RESULT: {"script":"<script> [776 bytes]","args":[{"enterText":"C002","selector":{"controlType":"sap.m.Input","viewName":"etm.portal.ui.manageyards.view.New","viewId":"application-manageyards-display-component---NewYard","bindingPath":{"path":"","propertyPath":"/SALES_AREA_VKORG","modelName":"NewYardModel"},"interaction":{"idSuffix":"inner"}},"clearTextFirst":true,"interactionType":"ENTER_TEXT"}]}
COMMAND: POST /session/d41a4ef9228655ec76246a5e56c44812/execute/async - {"script":"<script> [1562 bytes]","args":[{"selector":{"controlType":"sap.m.Input","viewName":"etm.portal.ui.manageyards.view.New","viewId":"application-manageyards-display-component---NewYard","bindingPath":{"path":"","propertyPath":"/SALES_AREA_VTWEG","modelName":"NewYardModel"},"interaction":{"idSuffix":"inner"}},"wdio_ui5_key":"etmportal.ui.manageyards.view.Newsap.m.Input{\"path\":\"\",\"propertyPath\":\"/SALES_AREA_VTWEG\",\"modelName\":\"NewYardModel\"}"}]}
RESULT: {"script":"<script> [1562 bytes]","args":[{"selector":{"controlType":"sap.m.Input","viewName":"etm.portal.ui.manageyards.view.New","viewId":"application-manageyards-display-component---NewYard","bindingPath":{"path":"","propertyPath":"/SALES_AREA_VTWEG","modelName":"NewYardModel"},"interaction":{"idSuffix":"inner"}},"wdio_ui5_key":"etmportal.ui.manageyards.view.Newsap.m.Input{\"path\":\"\",\"propertyPath\":\"/SALES_AREA_VTWEG\",\"modelName\":\"NewYardModel\"}"}]}
RESULT: undefined
COMMAND: POST /session/d41a4ef9228655ec76246a5e56c44812/execute/async - {"script":"<script> [776 bytes]","args":[{"enterText":"C2","selector":{"controlType":"sap.m.Input","viewName":"etm.portal.ui.manageyards.view.New","viewId":"application-manageyards-display-component---NewYard","bindingPath":{"path":"","propertyPath":"/SALES_AREA_VTWEG","modelName":"NewYardModel"},"interaction":{"idSuffix":"inner"}},"clearTextFirst":true,"interactionType":"ENTER_TEXT"}]}
RESULT: {"script":"<script> [776 bytes]","args":[{"enterText":"C2","selector":{"controlType":"sap.m.Input","viewName":"etm.portal.ui.manageyards.view.New","viewId":"application-manageyards-display-component---NewYard","bindingPath":{"path":"","propertyPath":"/SALES_AREA_VTWEG","modelName":"NewYardModel"},"interaction":{"idSuffix":"inner"}},"clearTextFirst":true,"interactionType":"ENTER_TEXT"}]}
COMMAND: POST /session/d41a4ef9228655ec76246a5e56c44812/execute/async - {"script":"<script> [1562 bytes]","args":[{"selector":{"controlType":"sap.m.Input","viewName":"etm.portal.ui.manageyards.view.New","viewId":"application-manageyards-display-component---NewYard","bindingPath":{"path":"","propertyPath":"/SALES_AREA_SPART","modelName":"NewYardModel"},"interaction":{"idSuffix":"inner"}},"wdio_ui5_key":"etmportal.ui.manageyards.view.Newsap.m.Input{\"path\":\"\",\"propertyPath\":\"/SALES_AREA_SPART\",\"modelName\":\"NewYardModel\"}"}]}
RESULT: {"script":"<script> [1562 bytes]","args":[{"selector":{"controlType":"sap.m.Input","viewName":"etm.portal.ui.manageyards.view.New","viewId":"application-manageyards-display-component---NewYard","bindingPath":{"path":"","propertyPath":"/SALES_AREA_SPART","modelName":"NewYardModel"},"interaction":{"idSuffix":"inner"}},"wdio_ui5_key":"etmportal.ui.manageyards.view.Newsap.m.Input{\"path\":\"\",\"propertyPath\":\"/SALES_AREA_SPART\",\"modelName\":\"NewYardModel\"}"}]}
RESULT: undefined
COMMAND: POST /session/d41a4ef9228655ec76246a5e56c44812/execute/async - {"script":"<script> [776 bytes]","args":[{"enterText":"C2","selector":{"controlType":"sap.m.Input","viewName":"etm.portal.ui.manageyards.view.New","viewId":"application-manageyards-display-component---NewYard","bindingPath":{"path":"","propertyPath":"/SALES_AREA_SPART","modelName":"NewYardModel"},"interaction":{"idSuffix":"inner"}},"clearTextFirst":true,"interactionType":"ENTER_TEXT"}]}
RESULT: {"script":"<script> [776 bytes]","args":[{"enterText":"C2","selector":{"controlType":"sap.m.Input","viewName":"etm.portal.ui.manageyards.view.New","viewId":"application-manageyards-display-component---NewYard","bindingPath":{"path":"","propertyPath":"/SALES_AREA_SPART","modelName":"NewYardModel"},"interaction":{"idSuffix":"inner"}},"clearTextFirst":true,"interactionType":"ENTER_TEXT"}]}
COMMAND: POST /session/d41a4ef9228655ec76246a5e56c44812/execute/async - {"script":"<script> [1562 bytes]","args":[{"selector":{"controlType":"sap.m.Input","viewName":"etm.portal.ui.manageyards.view.New","viewId":"application-manageyards-display-component---NewYard","bindingPath":{"path":"","propertyPath":"/SHIP_POINT","modelName":"NewYardModel"},"interaction":{"idSuffix":"inner"}},"wdio_ui5_key":"etmportal.ui.manageyards.view.Newsap.m.Input{\"path\":\"\",\"propertyPath\":\"/SHIP_POINT\",\"modelName\":\"NewYardModel\"}"}]}
RESULT: {"script":"<script> [1562 bytes]","args":[{"selector":{"controlType":"sap.m.Input","viewName":"etm.portal.ui.manageyards.view.New","viewId":"application-manageyards-display-component---NewYard","bindingPath":{"path":"","propertyPath":"/SHIP_POINT","modelName":"NewYardModel"},"interaction":{"idSuffix":"inner"}},"wdio_ui5_key":"etmportal.ui.manageyards.view.Newsap.m.Input{\"path\":\"\",\"propertyPath\":\"/SHIP_POINT\",\"modelName\":\"NewYardModel\"}"}]}
RESULT: undefined
COMMAND: POST /session/d41a4ef9228655ec76246a5e56c44812/execute/async - {"script":"<script> [776 bytes]","args":[{"enterText":"1710","selector":{"controlType":"sap.m.Input","viewName":"etm.portal.ui.manageyards.view.New","viewId":"application-manageyards-display-component---NewYard","bindingPath":{"path":"","propertyPath":"/SHIP_POINT","modelName":"NewYardModel"},"interaction":{"idSuffix":"inner"}},"clearTextFirst":true,"interactionType":"ENTER_TEXT"}]}
RESULT: {"script":"<script> [776 bytes]","args":[{"enterText":"1710","selector":{"controlType":"sap.m.Input","viewName":"etm.portal.ui.manageyards.view.New","viewId":"application-manageyards-display-component---NewYard","bindingPath":{"path":"","propertyPath":"/SHIP_POINT","modelName":"NewYardModel"},"interaction":{"idSuffix":"inner"}},"clearTextFirst":true,"interactionType":"ENTER_TEXT"}]}
COMMAND: POST /session/d41a4ef9228655ec76246a5e56c44812/execute/async - {"script":"<script> [1562 bytes]","args":[{"selector":{"controlType":"sap.m.Input","viewName":"etm.portal.ui.manageyards.view.New","viewId":"application-manageyards-display-component---NewYard","bindingPath":{"path":"","propertyPath":"/DELIVERY_TYPE","modelName":"NewYardModel"},"interaction":{"idSuffix":"inner"}},"wdio_ui5_key":"etmportal.ui.manageyards.view.Newsap.m.Input{\"path\":\"\",\"propertyPath\":\"/DELIVERY_TYPE\",\"modelName\":\"NewYardModel\"}"}]}
RESULT: {"script":"<script> [1562 bytes]","args":[{"selector":{"controlType":"sap.m.Input","viewName":"etm.portal.ui.manageyards.view.New","viewId":"application-manageyards-display-component---NewYard","bindingPath":{"path":"","propertyPath":"/DELIVERY_TYPE","modelName":"NewYardModel"},"interaction":{"idSuffix":"inner"}},"wdio_ui5_key":"etmportal.ui.manageyards.view.Newsap.m.Input{\"path\":\"\",\"propertyPath\":\"/DELIVERY_TYPE\",\"modelName\":\"NewYardModel\"}"}]}
RESULT: undefined
COMMAND: POST /session/d41a4ef9228655ec76246a5e56c44812/execute/async - {"script":"<script> [776 bytes]","args":[{"enterText":"ZL01","selector":{"controlType":"sap.m.Input","viewName":"etm.portal.ui.manageyards.view.New","viewId":"application-manageyards-display-component---NewYard","bindingPath":{"path":"","propertyPath":"/DELIVERY_TYPE","modelName":"NewYardModel"},"interaction":{"idSuffix":"inner"}},"clearTextFirst":true,"interactionType":"ENTER_TEXT"}]}
RESULT: {"script":"<script> [776 bytes]","args":[{"enterText":"ZL01","selector":{"controlType":"sap.m.Input","viewName":"etm.portal.ui.manageyards.view.New","viewId":"application-manageyards-display-component---NewYard","bindingPath":{"path":"","propertyPath":"/DELIVERY_TYPE","modelName":"NewYardModel"},"interaction":{"idSuffix":"inner"}},"clearTextFirst":true,"interactionType":"ENTER_TEXT"}]}
COMMAND: POST /session/d41a4ef9228655ec76246a5e56c44812/execute/async - {"script":"<script> [1562 bytes]","args":[{"selector":{"controlType":"sap.m.Input","viewName":"etm.portal.ui.manageyards.view.New","viewId":"application-manageyards-display-component---NewYard","bindingPath":{"path":"","propertyPath":"/AUART","modelName":"NewYardModel"},"interaction":{"idSuffix":"inner"}},"wdio_ui5_key":"etmportal.ui.manageyards.view.Newsap.m.Input{\"path\":\"\",\"propertyPath\":\"/AUART\",\"modelName\":\"NewYardModel\"}"}]}
RESULT: {"script":"<script> [1562 bytes]","args":[{"selector":{"controlType":"sap.m.Input","viewName":"etm.portal.ui.manageyards.view.New","viewId":"application-manageyards-display-component---NewYard","bindingPath":{"path":"","propertyPath":"/AUART","modelName":"NewYardModel"},"interaction":{"idSuffix":"inner"}},"wdio_ui5_key":"etmportal.ui.manageyards.view.Newsap.m.Input{\"path\":\"\",\"propertyPath\":\"/AUART\",\"modelName\":\"NewYardModel\"}"}]}
RESULT: undefined
COMMAND: POST /session/d41a4ef9228655ec76246a5e56c44812/execute/async - {"script":"<script> [776 bytes]","args":[{"enterText":"TA","selector":{"controlType":"sap.m.Input","viewName":"etm.portal.ui.manageyards.view.New","viewId":"application-manageyards-display-component---NewYard","bindingPath":{"path":"","propertyPath":"/AUART","modelName":"NewYardModel"},"interaction":{"idSuffix":"inner"}},"clearTextFirst":true,"interactionType":"ENTER_TEXT"}]}
RESULT: {"script":"<script> [776 bytes]","args":[{"enterText":"TA","selector":{"controlType":"sap.m.Input","viewName":"etm.portal.ui.manageyards.view.New","viewId":"application-manageyards-display-component---NewYard","bindingPath":{"path":"","propertyPath":"/AUART","modelName":"NewYardModel"},"interaction":{"idSuffix":"inner"}},"clearTextFirst":true,"interactionType":"ENTER_TEXT"}]}
COMMAND: POST /session/d41a4ef9228655ec76246a5e56c44812/element - {"using":"xpath","value":"//button[@data-kt=\"newYardSaveButton\"]"}
RESULT: {"using":"xpath","value":"//button[@data-kt=\"newYardSaveButton\"]"}
COMMAND: POST /session/d41a4ef9228655ec76246a5e56c44812/element/f.8359050118E493E9D810750CB1F2C9B3.d.936F150364AD1100DA0AD217BD6317EC.e.11482/click - {}
RESULT: {}
COMMAND: GET /session/d41a4ef9228655ec76246a5e56c44812/screenshot - {}
RESULT: {}
COMMAND: POST /session/d41a4ef9228655ec76246a5e56c44812/element - {"using":"xpath","value":"//header[contains(@id, 'ObjectPageLayout-headerTitle')]/div[1]/div[2]/div[1]/span[1]"}
RESULT: {"using":"xpath","value":"//header[contains(@id, 'ObjectPageLayout-headerTitle')]/div[1]/div[2]/div[1]/span[1]"}
COMMAND: POST /session/d41a4ef9228655ec76246a5e56c44812/elements - {"using":"xpath","value":"//header[contains(@id, 'ObjectPageLayout-headerTitle')]/div[1]/div[2]/div[1]/span[1]"}
RESULT: {"using":"xpath","value":"//header[contains(@id, 'ObjectPageLayout-headerTitle')]/div[1]/div[2]/div[1]/span[1]"}
COMMAND: POST /session/d41a4ef9228655ec76246a5e56c44812/execute/sync - {"script":"<script> [56 bytes]","args":[{"element-6066-11e4-a52e-4f735466cecf":"f.8359050118E493E9D810750CB1F2C9B3.d.936F150364AD1100DA0AD217BD6317EC.e.11800","ELEMENT":"f.8359050118E493E9D810750CB1F2C9B3.d.936F150364AD1100DA0AD217BD6317EC.e.11800"}]}
RESULT: {"script":"<script> [56 bytes]","args":[{"element-6066-11e4-a52e-4f735466cecf":"f.8359050118E493E9D810750CB1F2C9B3.d.936F150364AD1100DA0AD217BD6317EC.e.11800","ELEMENT":"f.8359050118E493E9D810750CB1F2C9B3.d.936F150364AD1100DA0AD217BD6317EC.e.11800"}]}
COMMAND: GET /session/d41a4ef9228655ec76246a5e56c44812/screenshot - {}
RESULT: {}
COMMAND: POST /session/d41a4ef9228655ec76246a5e56c44812/element - {"using":"css selector","value":"#shell-header-logo"}
RESULT: {"using":"css selector","value":"#shell-header-logo"}
COMMAND: POST /session/d41a4ef9228655ec76246a5e56c44812/element/f.8359050118E493E9D810750CB1F2C9B3.d.936F150364AD1100DA0AD217BD6317EC.e.10936/click - {}
RESULT: {}
COMMAND: GET /session/d41a4ef9228655ec76246a5e56c44812/screenshot - {}
RESULT: {}
COMMAND: POST /session/d41a4ef9228655ec76246a5e56c44812/execute/sync - {"script":"<script> [299 bytes]","args":[["getModel","getResource"]]}
RESULT: {"script":"<script> [299 bytes]","args":[["getModel","getResource"]]}
]]></system-out>
    </testcase>
    <testcase classname="chrome.136_0_7103_93.windows.Provide_to_Site_w/o_warehouse_management_w/_clarification_US116605" name="Should create a new external partner" time="95.818">
      <system-out><![CDATA[
COMMAND: GET /session/d41a4ef9228655ec76246a5e56c44812/screenshot - {}
COMMAND: POST /session/d41a4ef9228655ec76246a5e56c44812/window/fullscreen - {}
RESULT: {}
RESULT: {}
COMMAND: POST /session/d41a4ef9228655ec76246a5e56c44812/execute/async - {"script":"<script> [1562 bytes]","args":[{"selector":{"controlType":"sap.m.GenericTile","properties":{"header":"Manage Partners"}},"wdio_ui5_key":"sapm.GenericTile{\"header\":\"Manage Partners\"}"}]}
RESULT: {"script":"<script> [1562 bytes]","args":[{"selector":{"controlType":"sap.m.GenericTile","properties":{"header":"Manage Partners"}},"wdio_ui5_key":"sapm.GenericTile{\"header\":\"Manage Partners\"}"}]}
RESULT: undefined
COMMAND: POST /session/d41a4ef9228655ec76246a5e56c44812/element - {"using":"xpath","value":"//*[@id=\"__tile30\"]"}
RESULT: {"using":"xpath","value":"//*[@id=\"__tile30\"]"}
COMMAND: POST /session/d41a4ef9228655ec76246a5e56c44812/element/f.8359050118E493E9D810750CB1F2C9B3.d.936F150364AD1100DA0AD217BD6317EC.e.10954/click - {}
RESULT: {}
COMMAND: GET /session/d41a4ef9228655ec76246a5e56c44812/screenshot - {}
RESULT: {}
COMMAND: POST /session/d41a4ef9228655ec76246a5e56c44812/elements - {"using":"xpath","value":"//span[text()='Error']"}
RESULT: {"using":"xpath","value":"//span[text()='Error']"}
COMMAND: POST /session/d41a4ef9228655ec76246a5e56c44812/element - {"using":"xpath","value":"//button[@data-kt=\"addButton\"]"}
RESULT: {"using":"xpath","value":"//button[@data-kt=\"addButton\"]"}
COMMAND: POST /session/d41a4ef9228655ec76246a5e56c44812/elements - {"using":"xpath","value":"//button[@data-kt=\"addButton\"]"}
RESULT: {"using":"xpath","value":"//button[@data-kt=\"addButton\"]"}
COMMAND: POST /session/d41a4ef9228655ec76246a5e56c44812/execute/sync - {"script":"<script> [8489 bytes]","args":[{"element-6066-11e4-a52e-4f735466cecf":"f.8359050118E493E9D810750CB1F2C9B3.d.936F150364AD1100DA0AD217BD6317EC.e.11837","ELEMENT":"f.8359050118E493E9D810750CB1F2C9B3.d.936F150364AD1100DA0AD217BD6317EC.e.11837"}]}
RESULT: {"script":"<script> [8489 bytes]","args":[{"element-6066-11e4-a52e-4f735466cecf":"f.8359050118E493E9D810750CB1F2C9B3.d.936F150364AD1100DA0AD217BD6317EC.e.11837","ELEMENT":"f.8359050118E493E9D810750CB1F2C9B3.d.936F150364AD1100DA0AD217BD6317EC.e.11837"}]}
COMMAND: GET /session/d41a4ef9228655ec76246a5e56c44812/element/f.8359050118E493E9D810750CB1F2C9B3.d.936F150364AD1100DA0AD217BD6317EC.e.11837/enabled - {}
COMMAND: GET /session/d41a4ef9228655ec76246a5e56c44812/screenshot - {}
RESULT: {}
COMMAND: POST /session/d41a4ef9228655ec76246a5e56c44812/execute/sync - {"script":"<script> [8489 bytes]","args":[{"element-6066-11e4-a52e-4f735466cecf":"f.8359050118E493E9D810750CB1F2C9B3.d.936F150364AD1100DA0AD217BD6317EC.e.11837","ELEMENT":"f.8359050118E493E9D810750CB1F2C9B3.d.936F150364AD1100DA0AD217BD6317EC.e.11837"}]}
COMMAND: GET /session/d41a4ef9228655ec76246a5e56c44812/screenshot - {}
RESULT: {}
RESULT: {"script":"<script> [8489 bytes]","args":[{"element-6066-11e4-a52e-4f735466cecf":"f.8359050118E493E9D810750CB1F2C9B3.d.936F150364AD1100DA0AD217BD6317EC.e.11837","ELEMENT":"f.8359050118E493E9D810750CB1F2C9B3.d.936F150364AD1100DA0AD217BD6317EC.e.11837"}]}
COMMAND: POST /session/d41a4ef9228655ec76246a5e56c44812/execute/sync - {"script":"<script> [5351 bytes]","args":[{"element-6066-11e4-a52e-4f735466cecf":"f.8359050118E493E9D810750CB1F2C9B3.d.936F150364AD1100DA0AD217BD6317EC.e.11837","ELEMENT":"f.8359050118E493E9D810750CB1F2C9B3.d.936F150364AD1100DA0AD217BD6317EC.e.11837"}]}
COMMAND: GET /session/d41a4ef9228655ec76246a5e56c44812/screenshot - {}
RESULT: {}
RESULT: {"script":"<script> [5351 bytes]","args":[{"element-6066-11e4-a52e-4f735466cecf":"f.8359050118E493E9D810750CB1F2C9B3.d.936F150364AD1100DA0AD217BD6317EC.e.11837","ELEMENT":"f.8359050118E493E9D810750CB1F2C9B3.d.936F150364AD1100DA0AD217BD6317EC.e.11837"}]}
COMMAND: POST /session/d41a4ef9228655ec76246a5e56c44812/element/f.8359050118E493E9D810750CB1F2C9B3.d.936F150364AD1100DA0AD217BD6317EC.e.11837/click - {}
COMMAND: GET /session/d41a4ef9228655ec76246a5e56c44812/screenshot - {}
RESULT: {}
RESULT: {}
COMMAND: GET /session/d41a4ef9228655ec76246a5e56c44812/screenshot - {}
COMMAND: POST /session/d41a4ef9228655ec76246a5e56c44812/execute/async - {"script":"<script> [1562 bytes]","args":[{"selector":{"id":"application-managepartners-display-component---NewPartner--addressDetailDetailsName1","interaction":{"idSuffix":"inner"}},"wdio_ui5_key":"applicationmanagepartners-display-component---NewPartner--addressDetailDetailsName1"}]}
RESULT: {}
RESULT: {}
RESULT: {"script":"<script> [1562 bytes]","args":[{"selector":{"id":"application-managepartners-display-component---NewPartner--addressDetailDetailsName1","interaction":{"idSuffix":"inner"}},"wdio_ui5_key":"applicationmanagepartners-display-component---NewPartner--addressDetailDetailsName1"}]}
RESULT: undefined
COMMAND: POST /session/d41a4ef9228655ec76246a5e56c44812/execute/async - {"script":"<script> [776 bytes]","args":[{"enterText":"External Partner WDIO","selector":{"id":"application-managepartners-display-component---NewPartner--addressDetailDetailsName1","interaction":{"idSuffix":"inner"}},"clearTextFirst":true,"interactionType":"ENTER_TEXT"}]}
RESULT: {"script":"<script> [776 bytes]","args":[{"enterText":"External Partner WDIO","selector":{"id":"application-managepartners-display-component---NewPartner--addressDetailDetailsName1","interaction":{"idSuffix":"inner"}},"clearTextFirst":true,"interactionType":"ENTER_TEXT"}]}
COMMAND: POST /session/d41a4ef9228655ec76246a5e56c44812/execute/async - {"script":"<script> [1562 bytes]","args":[{"selector":{"id":"application-managepartners-display-component---NewPartner--addressDetailDetailsLanguage-arrow"},"wdio_ui5_key":"applicationmanagepartners-display-component---NewPartner--addressDetailDetailsLanguage-arrow"}]}
RESULT: {"script":"<script> [1562 bytes]","args":[{"selector":{"id":"application-managepartners-display-component---NewPartner--addressDetailDetailsLanguage-arrow"},"wdio_ui5_key":"applicationmanagepartners-display-component---NewPartner--addressDetailDetailsLanguage-arrow"}]}
RESULT: undefined
COMMAND: POST /session/d41a4ef9228655ec76246a5e56c44812/element - {"using":"xpath","value":"//*[@id=\"application-managepartners-display-component---NewPartner--addressDetailDetailsLanguage-arrow\"]"}
RESULT: {"using":"xpath","value":"//*[@id=\"application-managepartners-display-component---NewPartner--addressDetailDetailsLanguage-arrow\"]"}
COMMAND: POST /session/d41a4ef9228655ec76246a5e56c44812/element/f.8359050118E493E9D810750CB1F2C9B3.d.936F150364AD1100DA0AD217BD6317EC.e.12291/click - {}
RESULT: {}
COMMAND: POST /session/d41a4ef9228655ec76246a5e56c44812/element - {"using":"xpath","value":"//span[contains(text(), \"English\")]"}
COMMAND: GET /session/d41a4ef9228655ec76246a5e56c44812/screenshot - {}
RESULT: {"using":"xpath","value":"//span[contains(text(), \"English\")]"}
COMMAND: POST /session/d41a4ef9228655ec76246a5e56c44812/element/f.8359050118E493E9D810750CB1F2C9B3.d.936F150364AD1100DA0AD217BD6317EC.e.12292/click - {}
RESULT: {}
RESULT: {}
COMMAND: GET /session/d41a4ef9228655ec76246a5e56c44812/screenshot - {}
RESULT: {}
COMMAND: POST /session/d41a4ef9228655ec76246a5e56c44812/execute/async - {"script":"<script> [1562 bytes]","args":[{"selector":{"id":"application-managepartners-display-component---NewPartner--addressDetailDetailsCity1","interaction":{"idSuffix":"inner"}},"wdio_ui5_key":"applicationmanagepartners-display-component---NewPartner--addressDetailDetailsCity1"}]}
RESULT: {"script":"<script> [1562 bytes]","args":[{"selector":{"id":"application-managepartners-display-component---NewPartner--addressDetailDetailsCity1","interaction":{"idSuffix":"inner"}},"wdio_ui5_key":"applicationmanagepartners-display-component---NewPartner--addressDetailDetailsCity1"}]}
RESULT: undefined
COMMAND: POST /session/d41a4ef9228655ec76246a5e56c44812/execute/async - {"script":"<script> [776 bytes]","args":[{"enterText":"Rosario","selector":{"id":"application-managepartners-display-component---NewPartner--addressDetailDetailsCity1","interaction":{"idSuffix":"inner"}},"clearTextFirst":true,"interactionType":"ENTER_TEXT"}]}
RESULT: {"script":"<script> [776 bytes]","args":[{"enterText":"Rosario","selector":{"id":"application-managepartners-display-component---NewPartner--addressDetailDetailsCity1","interaction":{"idSuffix":"inner"}},"clearTextFirst":true,"interactionType":"ENTER_TEXT"}]}
COMMAND: POST /session/d41a4ef9228655ec76246a5e56c44812/execute/async - {"script":"<script> [1562 bytes]","args":[{"selector":{"id":"application-managepartners-display-component---NewPartner--addressDetailDetailsCountry-arrow"},"wdio_ui5_key":"applicationmanagepartners-display-component---NewPartner--addressDetailDetailsCountry-arrow"}]}
RESULT: {"script":"<script> [1562 bytes]","args":[{"selector":{"id":"application-managepartners-display-component---NewPartner--addressDetailDetailsCountry-arrow"},"wdio_ui5_key":"applicationmanagepartners-display-component---NewPartner--addressDetailDetailsCountry-arrow"}]}
RESULT: undefined
COMMAND: POST /session/d41a4ef9228655ec76246a5e56c44812/element - {"using":"xpath","value":"//*[@id=\"application-managepartners-display-component---NewPartner--addressDetailDetailsCountry-arrow\"]"}
RESULT: {"using":"xpath","value":"//*[@id=\"application-managepartners-display-component---NewPartner--addressDetailDetailsCountry-arrow\"]"}
COMMAND: POST /session/d41a4ef9228655ec76246a5e56c44812/element/f.8359050118E493E9D810750CB1F2C9B3.d.936F150364AD1100DA0AD217BD6317EC.e.12278/click - {}
RESULT: {}
COMMAND: POST /session/d41a4ef9228655ec76246a5e56c44812/element - {"using":"xpath","value":"//span[contains(text(), \"Argentina\")]"}
COMMAND: GET /session/d41a4ef9228655ec76246a5e56c44812/screenshot - {}
RESULT: {"using":"xpath","value":"//span[contains(text(), \"Argentina\")]"}
COMMAND: POST /session/d41a4ef9228655ec76246a5e56c44812/element/f.8359050118E493E9D810750CB1F2C9B3.d.936F150364AD1100DA0AD217BD6317EC.e.12294/click - {}
RESULT: {}
RESULT: {}
COMMAND: GET /session/d41a4ef9228655ec76246a5e56c44812/screenshot - {}
RESULT: {}
COMMAND: POST /session/d41a4ef9228655ec76246a5e56c44812/element - {"using":"xpath","value":"//bdi[contains(text(), \"Commercial\")]"}
RESULT: {"using":"xpath","value":"//bdi[contains(text(), \"Commercial\")]"}
COMMAND: POST /session/d41a4ef9228655ec76246a5e56c44812/element/f.8359050118E493E9D810750CB1F2C9B3.d.936F150364AD1100DA0AD217BD6317EC.e.12295/click - {}
RESULT: {}
COMMAND: GET /session/d41a4ef9228655ec76246a5e56c44812/screenshot - {}
RESULT: {}
COMMAND: POST /session/d41a4ef9228655ec76246a5e56c44812/execute/async - {"script":"<script> [1562 bytes]","args":[{"selector":{"id":"application-managepartners-display-component---NewPartner--partnerDetailInternal-arrow"},"wdio_ui5_key":"applicationmanagepartners-display-component---NewPartner--partnerDetailInternal-arrow"}]}
RESULT: {"script":"<script> [1562 bytes]","args":[{"selector":{"id":"application-managepartners-display-component---NewPartner--partnerDetailInternal-arrow"},"wdio_ui5_key":"applicationmanagepartners-display-component---NewPartner--partnerDetailInternal-arrow"}]}
RESULT: undefined
COMMAND: POST /session/d41a4ef9228655ec76246a5e56c44812/element - {"using":"xpath","value":"//*[@id=\"application-managepartners-display-component---NewPartner--partnerDetailInternal-arrow\"]"}
RESULT: {"using":"xpath","value":"//*[@id=\"application-managepartners-display-component---NewPartner--partnerDetailInternal-arrow\"]"}
COMMAND: POST /session/d41a4ef9228655ec76246a5e56c44812/element/f.8359050118E493E9D810750CB1F2C9B3.d.936F150364AD1100DA0AD217BD6317EC.e.12300/click - {}
RESULT: {}
COMMAND: POST /session/d41a4ef9228655ec76246a5e56c44812/element - {"using":"xpath","value":"//span[contains(text(), \"External partner\")]"}
COMMAND: GET /session/d41a4ef9228655ec76246a5e56c44812/screenshot - {}
RESULT: {"using":"xpath","value":"//span[contains(text(), \"External partner\")]"}
COMMAND: POST /session/d41a4ef9228655ec76246a5e56c44812/element/f.8359050118E493E9D810750CB1F2C9B3.d.936F150364AD1100DA0AD217BD6317EC.e.12303/click - {}
RESULT: {}
RESULT: {}
COMMAND: POST /session/d41a4ef9228655ec76246a5e56c44812/execute/async - {"script":"<script> [1562 bytes]","args":[{"selector":{"id":"application-managepartners-display-component---NewPartner--partnerDetailsCurrency-arrow"},"wdio_ui5_key":"applicationmanagepartners-display-component---NewPartner--partnerDetailsCurrency-arrow"}]}
COMMAND: GET /session/d41a4ef9228655ec76246a5e56c44812/screenshot - {}
RESULT: {"script":"<script> [1562 bytes]","args":[{"selector":{"id":"application-managepartners-display-component---NewPartner--partnerDetailsCurrency-arrow"},"wdio_ui5_key":"applicationmanagepartners-display-component---NewPartner--partnerDetailsCurrency-arrow"}]}
RESULT: undefined
COMMAND: POST /session/d41a4ef9228655ec76246a5e56c44812/element - {"using":"xpath","value":"//*[@id=\"application-managepartners-display-component---NewPartner--partnerDetailsCurrency-arrow\"]"}
RESULT: {}
RESULT: {"using":"xpath","value":"//*[@id=\"application-managepartners-display-component---NewPartner--partnerDetailsCurrency-arrow\"]"}
COMMAND: POST /session/d41a4ef9228655ec76246a5e56c44812/element/f.8359050118E493E9D810750CB1F2C9B3.d.936F150364AD1100DA0AD217BD6317EC.e.12308/click - {}
RESULT: {}
COMMAND: POST /session/d41a4ef9228655ec76246a5e56c44812/element - {"using":"xpath","value":"//span[contains(text(), \"US Dollar\")]"}
COMMAND: GET /session/d41a4ef9228655ec76246a5e56c44812/screenshot - {}
RESULT: {"using":"xpath","value":"//span[contains(text(), \"US Dollar\")]"}
COMMAND: POST /session/d41a4ef9228655ec76246a5e56c44812/element/f.8359050118E493E9D810750CB1F2C9B3.d.936F150364AD1100DA0AD217BD6317EC.e.12309/click - {}
RESULT: {}
RESULT: {}
COMMAND: GET /session/d41a4ef9228655ec76246a5e56c44812/screenshot - {}
RESULT: {}
COMMAND: POST /session/d41a4ef9228655ec76246a5e56c44812/element - {"using":"xpath","value":"//input[@id=\"application-managepartners-display-component---NewPartner--companyCodeComboBox-inner\"]"}
RESULT: {"using":"xpath","value":"//input[@id=\"application-managepartners-display-component---NewPartner--companyCodeComboBox-inner\"]"}
COMMAND: POST /session/d41a4ef9228655ec76246a5e56c44812/element/f.8359050118E493E9D810750CB1F2C9B3.d.936F150364AD1100DA0AD217BD6317EC.e.12160/clear - {}
RESULT: {}
COMMAND: POST /session/d41a4ef9228655ec76246a5e56c44812/element/f.8359050118E493E9D810750CB1F2C9B3.d.936F150364AD1100DA0AD217BD6317EC.e.12160/value - {"text":"C002"}
COMMAND: GET /session/d41a4ef9228655ec76246a5e56c44812/screenshot - {}
RESULT: {"text":"C002"}
COMMAND: GET /session/d41a4ef9228655ec76246a5e56c44812/screenshot - {}
RESULT: {}
RESULT: {}
COMMAND: POST /session/d41a4ef9228655ec76246a5e56c44812/element - {"using":"xpath","value":"//li[.//span[text()= \"C002\"]]"}
RESULT: {"using":"xpath","value":"//li[.//span[text()= \"C002\"]]"}
COMMAND: POST /session/d41a4ef9228655ec76246a5e56c44812/element/f.8359050118E493E9D810750CB1F2C9B3.d.936F150364AD1100DA0AD217BD6317EC.e.12313/click - {}
RESULT: {}
COMMAND: GET /session/d41a4ef9228655ec76246a5e56c44812/screenshot - {}
RESULT: {}
COMMAND: POST /session/d41a4ef9228655ec76246a5e56c44812/execute/async - {"script":"<script> [1562 bytes]","args":[{"selector":{"id":"application-managepartners-display-component---NewPartner--btnAddTableRow-img"},"wdio_ui5_key":"applicationmanagepartners-display-component---NewPartner--btnAddTableRow-img"}]}
RESULT: {"script":"<script> [1562 bytes]","args":[{"selector":{"id":"application-managepartners-display-component---NewPartner--btnAddTableRow-img"},"wdio_ui5_key":"applicationmanagepartners-display-component---NewPartner--btnAddTableRow-img"}]}
RESULT: undefined
COMMAND: POST /session/d41a4ef9228655ec76246a5e56c44812/element - {"using":"xpath","value":"//*[@id=\"application-managepartners-display-component---NewPartner--btnAddTableRow-img\"]"}
RESULT: {"using":"xpath","value":"//*[@id=\"application-managepartners-display-component---NewPartner--btnAddTableRow-img\"]"}
COMMAND: POST /session/d41a4ef9228655ec76246a5e56c44812/element/f.8359050118E493E9D810750CB1F2C9B3.d.936F150364AD1100DA0AD217BD6317EC.e.12314/click - {}
RESULT: {}
COMMAND: GET /session/d41a4ef9228655ec76246a5e56c44812/screenshot - {}
RESULT: {}
COMMAND: POST /session/d41a4ef9228655ec76246a5e56c44812/element - {"using":"xpath","value":"//input[@id=\"application-managepartners-display-component---NewPartner--assignmentYard-application-managepartners-display-component---NewPartner--assignmentsTable-0-inner\"]"}
RESULT: {"using":"xpath","value":"//input[@id=\"application-managepartners-display-component---NewPartner--assignmentYard-application-managepartners-display-component---NewPartner--assignmentsTable-0-inner\"]"}
COMMAND: POST /session/d41a4ef9228655ec76246a5e56c44812/element/f.8359050118E493E9D810750CB1F2C9B3.d.936F150364AD1100DA0AD217BD6317EC.e.12317/clear - {}
RESULT: {}
COMMAND: POST /session/d41a4ef9228655ec76246a5e56c44812/element/f.8359050118E493E9D810750CB1F2C9B3.d.936F150364AD1100DA0AD217BD6317EC.e.12317/value - {"text":"476"}
COMMAND: GET /session/d41a4ef9228655ec76246a5e56c44812/screenshot - {}
RESULT: {"text":"476"}
COMMAND: GET /session/d41a4ef9228655ec76246a5e56c44812/screenshot - {}
RESULT: {}
RESULT: {}
COMMAND: POST /session/d41a4ef9228655ec76246a5e56c44812/element - {"using":"xpath","value":"//li[.//span[text()='476']]"}
RESULT: {"using":"xpath","value":"//li[.//span[text()='476']]"}
COMMAND: POST /session/d41a4ef9228655ec76246a5e56c44812/element/f.8359050118E493E9D810750CB1F2C9B3.d.936F150364AD1100DA0AD217BD6317EC.e.12325/click - {}
RESULT: {}
COMMAND: GET /session/d41a4ef9228655ec76246a5e56c44812/screenshot - {}
RESULT: {}
COMMAND: POST /session/d41a4ef9228655ec76246a5e56c44812/actions - {"actions":[{"id":"action41","type":"key","parameters":{},"actions":[{"type":"keyDown","value":"î€‡"},{"type":"pause","duration":10},{"type":"keyUp","value":"î€‡"}]}]}
RESULT: {"actions":[{"id":"action41","type":"key","parameters":{},"actions":[{"type":"keyDown","value":"î€‡"},{"type":"pause","duration":10},{"type":"keyUp","value":"î€‡"}]}]}
COMMAND: POST /session/d41a4ef9228655ec76246a5e56c44812/element - {"using":"xpath","value":"//td[contains(@id, \"assignmentsTable-0-cell2\")]/div/div"}
COMMAND: GET /session/d41a4ef9228655ec76246a5e56c44812/screenshot - {}
RESULT: {"using":"xpath","value":"//td[contains(@id, \"assignmentsTable-0-cell2\")]/div/div"}
COMMAND: POST /session/d41a4ef9228655ec76246a5e56c44812/element/f.8359050118E493E9D810750CB1F2C9B3.d.936F150364AD1100DA0AD217BD6317EC.e.12328/click - {}
RESULT: {}
RESULT: {}
COMMAND: GET /session/d41a4ef9228655ec76246a5e56c44812/screenshot - {}
RESULT: {}
COMMAND: POST /session/d41a4ef9228655ec76246a5e56c44812/element - {"using":"xpath","value":"//button[@data-kt=\"saveButton\"]"}
RESULT: {"using":"xpath","value":"//button[@data-kt=\"saveButton\"]"}
COMMAND: POST /session/d41a4ef9228655ec76246a5e56c44812/element/f.8359050118E493E9D810750CB1F2C9B3.d.936F150364AD1100DA0AD217BD6317EC.e.12171/click - {}
RESULT: {}
COMMAND: GET /session/d41a4ef9228655ec76246a5e56c44812/screenshot - {}
RESULT: {}
COMMAND: POST /session/d41a4ef9228655ec76246a5e56c44812/element - {"using":"xpath","value":"//header[contains(@id, 'ObjectPageLayout-headerTitle')]/div[1]/div[2]/div[2]/span[1]"}
RESULT: {"using":"xpath","value":"//header[contains(@id, 'ObjectPageLayout-headerTitle')]/div[1]/div[2]/div[2]/span[1]"}
COMMAND: POST /session/d41a4ef9228655ec76246a5e56c44812/elements - {"using":"xpath","value":"//header[contains(@id, 'ObjectPageLayout-headerTitle')]/div[1]/div[2]/div[2]/span[1]"}
RESULT: {"using":"xpath","value":"//header[contains(@id, 'ObjectPageLayout-headerTitle')]/div[1]/div[2]/div[2]/span[1]"}
COMMAND: POST /session/d41a4ef9228655ec76246a5e56c44812/execute/sync - {"script":"<script> [56 bytes]","args":[{"element-6066-11e4-a52e-4f735466cecf":"f.8359050118E493E9D810750CB1F2C9B3.d.936F150364AD1100DA0AD217BD6317EC.e.12491","ELEMENT":"f.8359050118E493E9D810750CB1F2C9B3.d.936F150364AD1100DA0AD217BD6317EC.e.12491"}]}
RESULT: {"script":"<script> [56 bytes]","args":[{"element-6066-11e4-a52e-4f735466cecf":"f.8359050118E493E9D810750CB1F2C9B3.d.936F150364AD1100DA0AD217BD6317EC.e.12491","ELEMENT":"f.8359050118E493E9D810750CB1F2C9B3.d.936F150364AD1100DA0AD217BD6317EC.e.12491"}]}
COMMAND: POST /session/d41a4ef9228655ec76246a5e56c44812/element - {"using":"css selector","value":"#shell-header-logo"}
COMMAND: GET /session/d41a4ef9228655ec76246a5e56c44812/screenshot - {}
RESULT: {"using":"css selector","value":"#shell-header-logo"}
COMMAND: POST /session/d41a4ef9228655ec76246a5e56c44812/element/f.8359050118E493E9D810750CB1F2C9B3.d.936F150364AD1100DA0AD217BD6317EC.e.11804/click - {}
RESULT: {}
RESULT: {}
COMMAND: GET /session/d41a4ef9228655ec76246a5e56c44812/screenshot - {}
RESULT: {}
COMMAND: POST /session/d41a4ef9228655ec76246a5e56c44812/execute/sync - {"script":"<script> [299 bytes]","args":[["getModel","getResource"]]}
RESULT: {"script":"<script> [299 bytes]","args":[["getModel","getResource"]]}
]]></system-out>
    </testcase>
    <testcase classname="chrome.136_0_7103_93.windows.Provide_to_Site_w/o_warehouse_management_w/_clarification_US116605" name="Should create a new site" time="157.991">
      <system-out><![CDATA[
COMMAND: POST /session/d41a4ef9228655ec76246a5e56c44812/execute/async - {"script":"<script> [1562 bytes]","args":[{"selector":{"controlType":"sap.m.GenericTile","properties":{"header":"Manage Sites"}},"wdio_ui5_key":"sapm.GenericTile{\"header\":\"Manage Sites\"}"}]}
COMMAND: GET /session/d41a4ef9228655ec76246a5e56c44812/screenshot - {}
RESULT: {"script":"<script> [1562 bytes]","args":[{"selector":{"controlType":"sap.m.GenericTile","properties":{"header":"Manage Sites"}},"wdio_ui5_key":"sapm.GenericTile{\"header\":\"Manage Sites\"}"}]}
RESULT: undefined
COMMAND: POST /session/d41a4ef9228655ec76246a5e56c44812/element - {"using":"xpath","value":"//*[@id=\"__tile32\"]"}
RESULT: {}
RESULT: {"using":"xpath","value":"//*[@id=\"__tile32\"]"}
COMMAND: POST /session/d41a4ef9228655ec76246a5e56c44812/element/f.8359050118E493E9D810750CB1F2C9B3.d.936F150364AD1100DA0AD217BD6317EC.e.10960/click - {}
RESULT: {}
COMMAND: GET /session/d41a4ef9228655ec76246a5e56c44812/screenshot - {}
RESULT: {}
COMMAND: POST /session/d41a4ef9228655ec76246a5e56c44812/elements - {"using":"xpath","value":"//span[text()='Error']"}
RESULT: {"using":"xpath","value":"//span[text()='Error']"}
COMMAND: POST /session/d41a4ef9228655ec76246a5e56c44812/element - {"using":"xpath","value":"//button[@data-kt=\"addOverflowToolbarButton\"]"}
RESULT: {"using":"xpath","value":"//button[@data-kt=\"addOverflowToolbarButton\"]"}
COMMAND: POST /session/d41a4ef9228655ec76246a5e56c44812/elements - {"using":"xpath","value":"//button[@data-kt=\"addOverflowToolbarButton\"]"}
RESULT: {"using":"xpath","value":"//button[@data-kt=\"addOverflowToolbarButton\"]"}
COMMAND: POST /session/d41a4ef9228655ec76246a5e56c44812/execute/sync - {"script":"<script> [8489 bytes]","args":[{"element-6066-11e4-a52e-4f735466cecf":"f.8359050118E493E9D810750CB1F2C9B3.d.936F150364AD1100DA0AD217BD6317EC.e.12539","ELEMENT":"f.8359050118E493E9D810750CB1F2C9B3.d.936F150364AD1100DA0AD217BD6317EC.e.12539"}]}
RESULT: {"script":"<script> [8489 bytes]","args":[{"element-6066-11e4-a52e-4f735466cecf":"f.8359050118E493E9D810750CB1F2C9B3.d.936F150364AD1100DA0AD217BD6317EC.e.12539","ELEMENT":"f.8359050118E493E9D810750CB1F2C9B3.d.936F150364AD1100DA0AD217BD6317EC.e.12539"}]}
COMMAND: GET /session/d41a4ef9228655ec76246a5e56c44812/element/f.8359050118E493E9D810750CB1F2C9B3.d.936F150364AD1100DA0AD217BD6317EC.e.12539/enabled - {}
COMMAND: GET /session/d41a4ef9228655ec76246a5e56c44812/screenshot - {}
RESULT: {}
COMMAND: POST /session/d41a4ef9228655ec76246a5e56c44812/execute/sync - {"script":"<script> [8489 bytes]","args":[{"element-6066-11e4-a52e-4f735466cecf":"f.8359050118E493E9D810750CB1F2C9B3.d.936F150364AD1100DA0AD217BD6317EC.e.12539","ELEMENT":"f.8359050118E493E9D810750CB1F2C9B3.d.936F150364AD1100DA0AD217BD6317EC.e.12539"}]}
COMMAND: GET /session/d41a4ef9228655ec76246a5e56c44812/screenshot - {}
RESULT: {}
RESULT: {"script":"<script> [8489 bytes]","args":[{"element-6066-11e4-a52e-4f735466cecf":"f.8359050118E493E9D810750CB1F2C9B3.d.936F150364AD1100DA0AD217BD6317EC.e.12539","ELEMENT":"f.8359050118E493E9D810750CB1F2C9B3.d.936F150364AD1100DA0AD217BD6317EC.e.12539"}]}
COMMAND: POST /session/d41a4ef9228655ec76246a5e56c44812/execute/sync - {"script":"<script> [5351 bytes]","args":[{"element-6066-11e4-a52e-4f735466cecf":"f.8359050118E493E9D810750CB1F2C9B3.d.936F150364AD1100DA0AD217BD6317EC.e.12539","ELEMENT":"f.8359050118E493E9D810750CB1F2C9B3.d.936F150364AD1100DA0AD217BD6317EC.e.12539"}]}
COMMAND: GET /session/d41a4ef9228655ec76246a5e56c44812/screenshot - {}
RESULT: {}
RESULT: {"script":"<script> [5351 bytes]","args":[{"element-6066-11e4-a52e-4f735466cecf":"f.8359050118E493E9D810750CB1F2C9B3.d.936F150364AD1100DA0AD217BD6317EC.e.12539","ELEMENT":"f.8359050118E493E9D810750CB1F2C9B3.d.936F150364AD1100DA0AD217BD6317EC.e.12539"}]}
COMMAND: POST /session/d41a4ef9228655ec76246a5e56c44812/element/f.8359050118E493E9D810750CB1F2C9B3.d.936F150364AD1100DA0AD217BD6317EC.e.12539/click - {}
COMMAND: GET /session/d41a4ef9228655ec76246a5e56c44812/screenshot - {}
RESULT: {}
RESULT: {}
COMMAND: GET /session/d41a4ef9228655ec76246a5e56c44812/screenshot - {}
COMMAND: POST /session/d41a4ef9228655ec76246a5e56c44812/element - {"using":"xpath","value":"//input[@id=\"application-managesites-display-component---NewSite--siteId-inner\"]"}
RESULT: {}
RESULT: {}
RESULT: {"using":"xpath","value":"//input[@id=\"application-managesites-display-component---NewSite--siteId-inner\"]"}
COMMAND: POST /session/d41a4ef9228655ec76246a5e56c44812/element - {"using":"xpath","value":"//input[@id=\"application-managesites-display-component---NewSite--siteId-inner\"]"}
RESULT: {"using":"xpath","value":"//input[@id=\"application-managesites-display-component---NewSite--siteId-inner\"]"}
COMMAND: POST /session/d41a4ef9228655ec76246a5e56c44812/execute/async - {"script":"<script> [1562 bytes]","args":[{"selector":{"id":"application-managesites-display-component---NewSite--addressDetailDetailsName1","interaction":{"idSuffix":"inner"}},"wdio_ui5_key":"applicationmanagesites-display-component---NewSite--addressDetailDetailsName1"}]}
RESULT: {"script":"<script> [1562 bytes]","args":[{"selector":{"id":"application-managesites-display-component---NewSite--addressDetailDetailsName1","interaction":{"idSuffix":"inner"}},"wdio_ui5_key":"applicationmanagesites-display-component---NewSite--addressDetailDetailsName1"}]}
RESULT: undefined
COMMAND: POST /session/d41a4ef9228655ec76246a5e56c44812/execute/async - {"script":"<script> [776 bytes]","args":[{"enterText":"Other Type Site WDIO","selector":{"id":"application-managesites-display-component---NewSite--addressDetailDetailsName1","interaction":{"idSuffix":"inner"}},"clearTextFirst":true,"interactionType":"ENTER_TEXT"}]}
RESULT: {"script":"<script> [776 bytes]","args":[{"enterText":"Other Type Site WDIO","selector":{"id":"application-managesites-display-component---NewSite--addressDetailDetailsName1","interaction":{"idSuffix":"inner"}},"clearTextFirst":true,"interactionType":"ENTER_TEXT"}]}
COMMAND: POST /session/d41a4ef9228655ec76246a5e56c44812/execute/async - {"script":"<script> [1562 bytes]","args":[{"selector":{"id":"application-managesites-display-component---NewSite--addressDetailDetailsLanguage-arrow"},"wdio_ui5_key":"applicationmanagesites-display-component---NewSite--addressDetailDetailsLanguage-arrow"}]}
RESULT: {"script":"<script> [1562 bytes]","args":[{"selector":{"id":"application-managesites-display-component---NewSite--addressDetailDetailsLanguage-arrow"},"wdio_ui5_key":"applicationmanagesites-display-component---NewSite--addressDetailDetailsLanguage-arrow"}]}
RESULT: undefined
COMMAND: POST /session/d41a4ef9228655ec76246a5e56c44812/element - {"using":"xpath","value":"//*[@id=\"application-managesites-display-component---NewSite--addressDetailDetailsLanguage-arrow\"]"}
RESULT: {"using":"xpath","value":"//*[@id=\"application-managesites-display-component---NewSite--addressDetailDetailsLanguage-arrow\"]"}
COMMAND: POST /session/d41a4ef9228655ec76246a5e56c44812/element/f.8359050118E493E9D810750CB1F2C9B3.d.936F150364AD1100DA0AD217BD6317EC.e.12945/click - {}
RESULT: {}
COMMAND: POST /session/d41a4ef9228655ec76246a5e56c44812/element - {"using":"xpath","value":"//span[contains(text(), \"English\")]"}
COMMAND: GET /session/d41a4ef9228655ec76246a5e56c44812/screenshot - {}
RESULT: {"using":"xpath","value":"//span[contains(text(), \"English\")]"}
COMMAND: POST /session/d41a4ef9228655ec76246a5e56c44812/element/f.8359050118E493E9D810750CB1F2C9B3.d.936F150364AD1100DA0AD217BD6317EC.e.12946/click - {}
RESULT: {}
RESULT: {}
COMMAND: POST /session/d41a4ef9228655ec76246a5e56c44812/execute/async - {"script":"<script> [1562 bytes]","args":[{"selector":{"id":"application-managesites-display-component---NewSite--addressDetailDetailsCity1","interaction":{"idSuffix":"inner"}},"wdio_ui5_key":"applicationmanagesites-display-component---NewSite--addressDetailDetailsCity1"}]}
COMMAND: GET /session/d41a4ef9228655ec76246a5e56c44812/screenshot - {}
RESULT: {"script":"<script> [1562 bytes]","args":[{"selector":{"id":"application-managesites-display-component---NewSite--addressDetailDetailsCity1","interaction":{"idSuffix":"inner"}},"wdio_ui5_key":"applicationmanagesites-display-component---NewSite--addressDetailDetailsCity1"}]}
RESULT: undefined
COMMAND: POST /session/d41a4ef9228655ec76246a5e56c44812/execute/async - {"script":"<script> [776 bytes]","args":[{"enterText":"Rosario","selector":{"id":"application-managesites-display-component---NewSite--addressDetailDetailsCity1","interaction":{"idSuffix":"inner"}},"clearTextFirst":true,"interactionType":"ENTER_TEXT"}]}
RESULT: {}
RESULT: {"script":"<script> [776 bytes]","args":[{"enterText":"Rosario","selector":{"id":"application-managesites-display-component---NewSite--addressDetailDetailsCity1","interaction":{"idSuffix":"inner"}},"clearTextFirst":true,"interactionType":"ENTER_TEXT"}]}
COMMAND: POST /session/d41a4ef9228655ec76246a5e56c44812/execute/async - {"script":"<script> [1562 bytes]","args":[{"selector":{"id":"application-managesites-display-component---NewSite--addressDetailDetailsCountry-arrow"},"wdio_ui5_key":"applicationmanagesites-display-component---NewSite--addressDetailDetailsCountry-arrow"}]}
RESULT: {"script":"<script> [1562 bytes]","args":[{"selector":{"id":"application-managesites-display-component---NewSite--addressDetailDetailsCountry-arrow"},"wdio_ui5_key":"applicationmanagesites-display-component---NewSite--addressDetailDetailsCountry-arrow"}]}
RESULT: undefined
COMMAND: POST /session/d41a4ef9228655ec76246a5e56c44812/element - {"using":"xpath","value":"//*[@id=\"application-managesites-display-component---NewSite--addressDetailDetailsCountry-arrow\"]"}
RESULT: {"using":"xpath","value":"//*[@id=\"application-managesites-display-component---NewSite--addressDetailDetailsCountry-arrow\"]"}
COMMAND: POST /session/d41a4ef9228655ec76246a5e56c44812/element/f.8359050118E493E9D810750CB1F2C9B3.d.936F150364AD1100DA0AD217BD6317EC.e.12948/click - {}
RESULT: {}
COMMAND: POST /session/d41a4ef9228655ec76246a5e56c44812/element - {"using":"xpath","value":"//span[contains(text(), \"Argentina\")]"}
COMMAND: GET /session/d41a4ef9228655ec76246a5e56c44812/screenshot - {}
RESULT: {"using":"xpath","value":"//span[contains(text(), \"Argentina\")]"}
COMMAND: POST /session/d41a4ef9228655ec76246a5e56c44812/element/f.8359050118E493E9D810750CB1F2C9B3.d.936F150364AD1100DA0AD217BD6317EC.e.12949/click - {}
RESULT: {}
RESULT: {}
COMMAND: GET /session/d41a4ef9228655ec76246a5e56c44812/screenshot - {}
RESULT: {}
COMMAND: POST /session/d41a4ef9228655ec76246a5e56c44812/execute/async - {"script":"<script> [1562 bytes]","args":[{"selector":{"id":"application-managesites-display-component---NewSite--addressEditDetailsCostObjectCstType-arrow"},"wdio_ui5_key":"applicationmanagesites-display-component---NewSite--addressEditDetailsCostObjectCstType-arrow"}]}
RESULT: {"script":"<script> [1562 bytes]","args":[{"selector":{"id":"application-managesites-display-component---NewSite--addressEditDetailsCostObjectCstType-arrow"},"wdio_ui5_key":"applicationmanagesites-display-component---NewSite--addressEditDetailsCostObjectCstType-arrow"}]}
RESULT: undefined
COMMAND: POST /session/d41a4ef9228655ec76246a5e56c44812/element - {"using":"xpath","value":"//*[@id=\"application-managesites-display-component---NewSite--addressEditDetailsCostObjectCstType-arrow\"]"}
RESULT: {"using":"xpath","value":"//*[@id=\"application-managesites-display-component---NewSite--addressEditDetailsCostObjectCstType-arrow\"]"}
COMMAND: POST /session/d41a4ef9228655ec76246a5e56c44812/element/f.8359050118E493E9D810750CB1F2C9B3.d.936F150364AD1100DA0AD217BD6317EC.e.12951/click - {}
RESULT: {}
COMMAND: POST /session/d41a4ef9228655ec76246a5e56c44812/element - {"using":"xpath","value":"//span[contains(text(), \"Cost Center\")]"}
COMMAND: GET /session/d41a4ef9228655ec76246a5e56c44812/screenshot - {}
RESULT: {"using":"xpath","value":"//span[contains(text(), \"Cost Center\")]"}
COMMAND: POST /session/d41a4ef9228655ec76246a5e56c44812/element/f.8359050118E493E9D810750CB1F2C9B3.d.936F150364AD1100DA0AD217BD6317EC.e.12952/click - {}
RESULT: {}
RESULT: {}
COMMAND: GET /session/d41a4ef9228655ec76246a5e56c44812/screenshot - {}
RESULT: {}
COMMAND: POST /session/d41a4ef9228655ec76246a5e56c44812/element - {"using":"xpath","value":"//span[@id=\"application-managesites-display-component---NewSite--addressNewCostObjectCstID-vhi\"]"}
RESULT: {"using":"xpath","value":"//span[@id=\"application-managesites-display-component---NewSite--addressNewCostObjectCstID-vhi\"]"}
COMMAND: POST /session/d41a4ef9228655ec76246a5e56c44812/execute/sync - {"script":"<script> [8489 bytes]","args":[{"element-6066-11e4-a52e-4f735466cecf":"f.8359050118E493E9D810750CB1F2C9B3.d.936F150364AD1100DA0AD217BD6317EC.e.12957","ELEMENT":"f.8359050118E493E9D810750CB1F2C9B3.d.936F150364AD1100DA0AD217BD6317EC.e.12957"}]}
RESULT: {"script":"<script> [8489 bytes]","args":[{"element-6066-11e4-a52e-4f735466cecf":"f.8359050118E493E9D810750CB1F2C9B3.d.936F150364AD1100DA0AD217BD6317EC.e.12957","ELEMENT":"f.8359050118E493E9D810750CB1F2C9B3.d.936F150364AD1100DA0AD217BD6317EC.e.12957"}]}
COMMAND: POST /session/d41a4ef9228655ec76246a5e56c44812/execute/async - {"script":"<script> [1562 bytes]","args":[{"selector":{"id":"application-managesites-display-component---NewSite--addressNewCostObjectCstID-vhi"},"wdio_ui5_key":"applicationmanagesites-display-component---NewSite--addressNewCostObjectCstID-vhi"}]}
COMMAND: GET /session/d41a4ef9228655ec76246a5e56c44812/screenshot - {}
RESULT: {"script":"<script> [1562 bytes]","args":[{"selector":{"id":"application-managesites-display-component---NewSite--addressNewCostObjectCstID-vhi"},"wdio_ui5_key":"applicationmanagesites-display-component---NewSite--addressNewCostObjectCstID-vhi"}]}
RESULT: undefined
COMMAND: POST /session/d41a4ef9228655ec76246a5e56c44812/element - {"using":"xpath","value":"//*[@id=\"application-managesites-display-component---NewSite--addressNewCostObjectCstID-vhi\"]"}
RESULT: {}
RESULT: {"using":"xpath","value":"//*[@id=\"application-managesites-display-component---NewSite--addressNewCostObjectCstID-vhi\"]"}
COMMAND: POST /session/d41a4ef9228655ec76246a5e56c44812/element/f.8359050118E493E9D810750CB1F2C9B3.d.936F150364AD1100DA0AD217BD6317EC.e.12957/click - {}
RESULT: {}
COMMAND: GET /session/d41a4ef9228655ec76246a5e56c44812/screenshot - {}
RESULT: {}
RESULT: undefined
COMMAND: POST /session/d41a4ef9228655ec76246a5e56c44812/execute/async - {"script":"<script> [776 bytes]","args":[{"enterText":"10001013","selector":{"controlType":"sap.m.SearchField","properties":{"placeholder":"Search"},"searchOpenDialogs":true,"interaction":{"idSuffix":"I"}},"clearTextFirst":true,"interactionType":"ENTER_TEXT"}]}
RESULT: {"script":"<script> [776 bytes]","args":[{"enterText":"10001013","selector":{"controlType":"sap.m.SearchField","properties":{"placeholder":"Search"},"searchOpenDialogs":true,"interaction":{"idSuffix":"I"}},"clearTextFirst":true,"interactionType":"ENTER_TEXT"}]}
COMMAND: POST /session/d41a4ef9228655ec76246a5e56c44812/actions - {"actions":[{"id":"action42","type":"key","parameters":{},"actions":[{"type":"keyDown","value":"î€‡"},{"type":"pause","duration":10},{"type":"keyUp","value":"î€‡"}]}]}
RESULT: {"actions":[{"id":"action42","type":"key","parameters":{},"actions":[{"type":"keyDown","value":"î€‡"},{"type":"pause","duration":10},{"type":"keyUp","value":"î€‡"}]}]}
COMMAND: GET /session/d41a4ef9228655ec76246a5e56c44812/screenshot - {}
RESULT: {}
COMMAND: POST /session/d41a4ef9228655ec76246a5e56c44812/element - {"using":"xpath","value":"//span[contains(text(), \"General Management\")]"}
RESULT: {"using":"xpath","value":"//span[contains(text(), \"General Management\")]"}
COMMAND: POST /session/d41a4ef9228655ec76246a5e56c44812/element/f.8359050118E493E9D810750CB1F2C9B3.d.936F150364AD1100DA0AD217BD6317EC.e.12996/click - {}
RESULT: {}
COMMAND: GET /session/d41a4ef9228655ec76246a5e56c44812/screenshot - {}
RESULT: {}
COMMAND: POST /session/d41a4ef9228655ec76246a5e56c44812/element - {"using":"xpath","value":"//bdi[contains(text(), \"OK\")]"}
RESULT: {"using":"xpath","value":"//bdi[contains(text(), \"OK\")]"}
COMMAND: POST /session/d41a4ef9228655ec76246a5e56c44812/element/f.8359050118E493E9D810750CB1F2C9B3.d.936F150364AD1100DA0AD217BD6317EC.e.12997/click - {}
RESULT: {}
COMMAND: GET /session/d41a4ef9228655ec76246a5e56c44812/screenshot - {}
RESULT: {}
COMMAND: POST /session/d41a4ef9228655ec76246a5e56c44812/element - {"using":"xpath","value":"//input[@id=\"application-managesites-display-component---NewSite--addressDetailDetailsCalendar-inner\"]"}
RESULT: {"using":"xpath","value":"//input[@id=\"application-managesites-display-component---NewSite--addressDetailDetailsCalendar-inner\"]"}
COMMAND: POST /session/d41a4ef9228655ec76246a5e56c44812/element/f.8359050118E493E9D810750CB1F2C9B3.d.936F150364AD1100DA0AD217BD6317EC.e.12742/clear - {}
RESULT: {}
COMMAND: POST /session/d41a4ef9228655ec76246a5e56c44812/element/f.8359050118E493E9D810750CB1F2C9B3.d.936F150364AD1100DA0AD217BD6317EC.e.12742/value - {"text":"Unit"}
COMMAND: GET /session/d41a4ef9228655ec76246a5e56c44812/screenshot - {}
RESULT: {"text":"Unit"}
COMMAND: GET /session/d41a4ef9228655ec76246a5e56c44812/screenshot - {}
RESULT: {}
RESULT: {}
COMMAND: POST /session/d41a4ef9228655ec76246a5e56c44812/actions - {"actions":[{"id":"action43","type":"key","parameters":{},"actions":[{"type":"keyDown","value":"î€‡"},{"type":"pause","duration":10},{"type":"keyUp","value":"î€‡"}]}]}
RESULT: {"actions":[{"id":"action43","type":"key","parameters":{},"actions":[{"type":"keyDown","value":"î€‡"},{"type":"pause","duration":10},{"type":"keyUp","value":"î€‡"}]}]}
COMMAND: POST /session/d41a4ef9228655ec76246a5e56c44812/element - {"using":"xpath","value":"//input[@id=\"application-managesites-display-component---NewSite--addressDetailDetailsYard-inner\"]"}
COMMAND: GET /session/d41a4ef9228655ec76246a5e56c44812/screenshot - {}
RESULT: {"using":"xpath","value":"//input[@id=\"application-managesites-display-component---NewSite--addressDetailDetailsYard-inner\"]"}
COMMAND: POST /session/d41a4ef9228655ec76246a5e56c44812/element/f.8359050118E493E9D810750CB1F2C9B3.d.936F150364AD1100DA0AD217BD6317EC.e.12743/clear - {}
RESULT: {}
RESULT: {}
COMMAND: POST /session/d41a4ef9228655ec76246a5e56c44812/element/f.8359050118E493E9D810750CB1F2C9B3.d.936F150364AD1100DA0AD217BD6317EC.e.12743/value - {"text":"476"}
COMMAND: GET /session/d41a4ef9228655ec76246a5e56c44812/screenshot - {}
RESULT: {"text":"476"}
COMMAND: GET /session/d41a4ef9228655ec76246a5e56c44812/screenshot - {}
RESULT: {}
RESULT: {}
COMMAND: POST /session/d41a4ef9228655ec76246a5e56c44812/element - {"using":"xpath","value":"//li[.//span[text()='476']]"}
RESULT: {"using":"xpath","value":"//li[.//span[text()='476']]"}
COMMAND: POST /session/d41a4ef9228655ec76246a5e56c44812/element/f.8359050118E493E9D810750CB1F2C9B3.d.936F150364AD1100DA0AD217BD6317EC.e.13005/click - {}
RESULT: {}
COMMAND: GET /session/d41a4ef9228655ec76246a5e56c44812/screenshot - {}
RESULT: {}
COMMAND: POST /session/d41a4ef9228655ec76246a5e56c44812/element - {"using":"xpath","value":"//input[@id=\"application-managesites-display-component---NewSite--addressDetailDetailsPartner-inner\"]"}
RESULT: {"using":"xpath","value":"//input[@id=\"application-managesites-display-component---NewSite--addressDetailDetailsPartner-inner\"]"}
COMMAND: POST /session/d41a4ef9228655ec76246a5e56c44812/element - {"using":"xpath","value":"//input[@id=\"application-managesites-display-component---NewSite--addressDetailDetailsPartner-inner\"]"}
RESULT: {"using":"xpath","value":"//input[@id=\"application-managesites-display-component---NewSite--addressDetailDetailsPartner-inner\"]"}
COMMAND: POST /session/d41a4ef9228655ec76246a5e56c44812/element - {"using":"xpath","value":"//button[@data-kt=\"saveButton\"]"}
RESULT: {"using":"xpath","value":"//button[@data-kt=\"saveButton\"]"}
COMMAND: POST /session/d41a4ef9228655ec76246a5e56c44812/element/f.8359050118E493E9D810750CB1F2C9B3.d.936F150364AD1100DA0AD217BD6317EC.e.12883/click - {}
RESULT: {}
COMMAND: GET /session/d41a4ef9228655ec76246a5e56c44812/screenshot - {}
RESULT: {}
COMMAND: POST /session/d41a4ef9228655ec76246a5e56c44812/element - {"using":"xpath","value":"//header[contains(@id, 'ObjectPageLayout-headerTitle')]/div[1]/div[2]/div[2]/span[1]"}
RESULT: {"using":"xpath","value":"//header[contains(@id, 'ObjectPageLayout-headerTitle')]/div[1]/div[2]/div[2]/span[1]"}
COMMAND: POST /session/d41a4ef9228655ec76246a5e56c44812/elements - {"using":"xpath","value":"//header[contains(@id, 'ObjectPageLayout-headerTitle')]/div[1]/div[2]/div[2]/span[1]"}
RESULT: {"using":"xpath","value":"//header[contains(@id, 'ObjectPageLayout-headerTitle')]/div[1]/div[2]/div[2]/span[1]"}
COMMAND: POST /session/d41a4ef9228655ec76246a5e56c44812/execute/sync - {"script":"<script> [56 bytes]","args":[{"element-6066-11e4-a52e-4f735466cecf":"f.8359050118E493E9D810750CB1F2C9B3.d.936F150364AD1100DA0AD217BD6317EC.e.13207","ELEMENT":"f.8359050118E493E9D810750CB1F2C9B3.d.936F150364AD1100DA0AD217BD6317EC.e.13207"}]}
RESULT: {"script":"<script> [56 bytes]","args":[{"element-6066-11e4-a52e-4f735466cecf":"f.8359050118E493E9D810750CB1F2C9B3.d.936F150364AD1100DA0AD217BD6317EC.e.13207","ELEMENT":"f.8359050118E493E9D810750CB1F2C9B3.d.936F150364AD1100DA0AD217BD6317EC.e.13207"}]}
COMMAND: POST /session/d41a4ef9228655ec76246a5e56c44812/element - {"using":"css selector","value":"#shell-header-logo"}
COMMAND: GET /session/d41a4ef9228655ec76246a5e56c44812/screenshot - {}
RESULT: {"using":"css selector","value":"#shell-header-logo"}
COMMAND: POST /session/d41a4ef9228655ec76246a5e56c44812/element/f.8359050118E493E9D810750CB1F2C9B3.d.936F150364AD1100DA0AD217BD6317EC.e.12496/click - {}
RESULT: {}
RESULT: {}
COMMAND: GET /session/d41a4ef9228655ec76246a5e56c44812/screenshot - {}
RESULT: {}
COMMAND: POST /session/d41a4ef9228655ec76246a5e56c44812/execute/sync - {"script":"<script> [299 bytes]","args":[["getModel","getResource"]]}
RESULT: {"script":"<script> [299 bytes]","args":[["getModel","getResource"]]}
COMMAND: POST /session/d41a4ef9228655ec76246a5e56c44812/actions - {"actions":[{"id":"action44","type":"key","parameters":{},"actions":[{"type":"keyDown","value":"î€‡"},{"type":"pause","duration":10},{"type":"keyUp","value":"î€‡"}]}]}
COMMAND: GET /session/d41a4ef9228655ec76246a5e56c44812/screenshot - {}
RESULT: {"actions":[{"id":"action44","type":"key","parameters":{},"actions":[{"type":"keyDown","value":"î€‡"},{"type":"pause","duration":10},{"type":"keyUp","value":"î€‡"}]}]}
COMMAND: GET /session/d41a4ef9228655ec76246a5e56c44812/screenshot - {}
RESULT: {}
RESULT: {}
COMMAND: POST /session/d41a4ef9228655ec76246a5e56c44812/refresh - {}
RESULT: {}
COMMAND: GET /session/d41a4ef9228655ec76246a5e56c44812/screenshot - {}
RESULT: {}
COMMAND: POST /session/d41a4ef9228655ec76246a5e56c44812/refresh - {}
RESULT: {}
COMMAND: GET /session/d41a4ef9228655ec76246a5e56c44812/screenshot - {}
RESULT: {}
COMMAND: POST /session/d41a4ef9228655ec76246a5e56c44812/window/fullscreen - {}
RESULT: {}
COMMAND: POST /session/d41a4ef9228655ec76246a5e56c44812/execute/async - {"script":"<script> [189 bytes]","args":[]}
RESULT: {"script":"<script> [189 bytes]","args":[]}
COMMAND: POST /session/d41a4ef9228655ec76246a5e56c44812/execute/async - {"script":"<script> [123 bytes]","args":[]}
RESULT: {"script":"<script> [123 bytes]","args":[]}
COMMAND: POST /session/d41a4ef9228655ec76246a5e56c44812/timeouts - {"script":"<number>"}
RESULT: {"script":"<number>"}
COMMAND: GET /session/d41a4ef9228655ec76246a5e56c44812/timeouts - {}
RESULT: {}
RESULT: undefined
COMMAND: POST /session/d41a4ef9228655ec76246a5e56c44812/execute/async - {"script":"<script> [2676 bytes]","args":[]}
RESULT: {"script":"<script> [2676 bytes]","args":[]}
COMMAND: POST /session/d41a4ef9228655ec76246a5e56c44812/execute/async - {"script":"<script> [2342 bytes]","args":[{"protocol":"http","hostname":"0.0.0.0","path":"/","capabilities":{"browserName":"chrome","goog:chromeOptions":{"binary":"C:\\Program Files\\Google\\Chrome\\Application\\chrome.exe","args":["--start-maximized"]}},"logLevel":"warn","connectionRetryTimeout":120000,"connectionRetryCount":3,"logLevels":{},"enableDirectConnect":true,"strictSSL":true,"_":"65 more keys: [\"cacheDir\",\"port\",\"requestedCapabilities\",\"automationProtocol\",\"baseUrl\",\"waitforInterval\",\"waitforTimeout\",\"onReload\",\"beforeCommand\",\"afterCommand\",\"rootDir\",\"specs\",\"suites\",\"exclude\",\"groupLogsByTestSpec\",\"excludeDriverLogs\",\"bail\",\"framework\",\"reporters\",\"services\",\"maxInstances\",\"maxInstancesPerCapability\",\"injectGlobals\",\"filesToWatch\",\"execArgv\",\"runnerEnv\",\"runner\",\"shard\",\"specFileRetries\",\"specFileRetriesDelay\",\"specFileRetriesDeferred\",\"reporterSyncInterval\",\"reporterSyncTimeout\",\"cucumberFeaturesWithLineNumbers\",\"autoCompileOpts\",\"mochaOpts\",\"jasmineOpts\",\"cucumberOpts\",\"onPrepare\",\"onWorkerStart\",\"onWorkerEnd\",\"before\",\"beforeSession\",\"beforeSuite\",\"beforeHook\",\"beforeTest\",\"afterTest\",\"afterHook\",\"afterSuite\",\"afterSession\",\"after\",\"onComplete\",\"beforeAssertion\",\"afterAssertion\",\"beforeFeature\",\"beforeScenario\",\"beforeStep\",\"afterStep\",\"afterScenario\",\"afterFeature\",\"_\",\"suite\",\"$0\",\"ignoredWorkerServices\",\"wdi5\"]"}]}
RESULT: {"script":"<script> [2342 bytes]","args":[{"protocol":"http","hostname":"0.0.0.0","path":"/","capabilities":{"browserName":"chrome","goog:chromeOptions":{"binary":"C:\\Program Files\\Google\\Chrome\\Application\\chrome.exe","args":["--start-maximized"]}},"logLevel":"warn","connectionRetryTimeout":120000,"connectionRetryCount":3,"logLevels":{},"enableDirectConnect":true,"strictSSL":true,"_":"65 more keys: [\"cacheDir\",\"port\",\"requestedCapabilities\",\"automationProtocol\",\"baseUrl\",\"waitforInterval\",\"waitforTimeout\",\"onReload\",\"beforeCommand\",\"afterCommand\",\"rootDir\",\"specs\",\"suites\",\"exclude\",\"groupLogsByTestSpec\",\"excludeDriverLogs\",\"bail\",\"framework\",\"reporters\",\"services\",\"maxInstances\",\"maxInstancesPerCapability\",\"injectGlobals\",\"filesToWatch\",\"execArgv\",\"runnerEnv\",\"runner\",\"shard\",\"specFileRetries\",\"specFileRetriesDelay\",\"specFileRetriesDeferred\",\"reporterSyncInterval\",\"reporterSyncTimeout\",\"cucumberFeaturesWithLineNumbers\",\"autoCompileOpts\",\"mochaOpts\",\"jasmineOpts\",\"cucumberOpts\",\"onPrepare\",\"onWorkerStart\",\"onWorkerEnd\",\"before\",\"beforeSession\",\"beforeSuite\",\"beforeHook\",\"beforeTest\",\"afterTest\",\"afterHook\",\"afterSuite\",\"afterSession\",\"after\",\"onComplete\",\"beforeAssertion\",\"afterAssertion\",\"beforeFeature\",\"beforeScenario\",\"beforeStep\",\"afterStep\",\"afterScenario\",\"afterFeature\",\"_\",\"suite\",\"$0\",\"ignoredWorkerServices\",\"wdi5\"]"}]}
COMMAND: POST /session/d41a4ef9228655ec76246a5e56c44812/execute/async - {"script":"<script> [21126 bytes]","args":[35000]}
RESULT: {"script":"<script> [21126 bytes]","args":[35000]}
COMMAND: POST /session/d41a4ef9228655ec76246a5e56c44812/window/fullscreen - {}
RESULT: {}
]]></system-out>
    </testcase>
    <testcase classname="chrome.136_0_7103_93.windows.Provide_to_Site_w/o_warehouse_management_w/_clarification_US116605" name="Should create a new material" time="142.885">
      <system-out><![CDATA[
COMMAND: POST /session/d41a4ef9228655ec76246a5e56c44812/execute/async - {"script":"<script> [1562 bytes]","args":[{"selector":{"controlType":"sap.m.GenericTile","properties":{"header":"Manage Resources"}},"wdio_ui5_key":"sapm.GenericTile{\"header\":\"Manage Resources\"}"}]}
RESULT: {"script":"<script> [1562 bytes]","args":[{"selector":{"controlType":"sap.m.GenericTile","properties":{"header":"Manage Resources"}},"wdio_ui5_key":"sapm.GenericTile{\"header\":\"Manage Resources\"}"}]}
RESULT: undefined
COMMAND: POST /session/d41a4ef9228655ec76246a5e56c44812/element - {"using":"xpath","value":"//*[@id=\"__tile31\"]"}
RESULT: {"using":"xpath","value":"//*[@id=\"__tile31\"]"}
COMMAND: POST /session/d41a4ef9228655ec76246a5e56c44812/element/f.8359050118E493E9D810750CB1F2C9B3.d.8B01ABA4F862FE54879379537EBE0FA2.e.13278/click - {}
RESULT: {}
COMMAND: GET /session/d41a4ef9228655ec76246a5e56c44812/screenshot - {}
RESULT: {}
COMMAND: POST /session/d41a4ef9228655ec76246a5e56c44812/elements - {"using":"xpath","value":"//span[text()='Error']"}
RESULT: {"using":"xpath","value":"//span[text()='Error']"}
COMMAND: POST /session/d41a4ef9228655ec76246a5e56c44812/element - {"using":"xpath","value":"//button[@data-kt=\"addNewRUOverflowToolbarButton\"]"}
RESULT: {"using":"xpath","value":"//button[@data-kt=\"addNewRUOverflowToolbarButton\"]"}
COMMAND: POST /session/d41a4ef9228655ec76246a5e56c44812/elements - {"using":"xpath","value":"//button[@data-kt=\"addNewRUOverflowToolbarButton\"]"}
RESULT: {"using":"xpath","value":"//button[@data-kt=\"addNewRUOverflowToolbarButton\"]"}
COMMAND: POST /session/d41a4ef9228655ec76246a5e56c44812/elements - {"using":"xpath","value":"//button[@data-kt=\"addNewRUOverflowToolbarButton\"]"}
RESULT: {"using":"xpath","value":"//button[@data-kt=\"addNewRUOverflowToolbarButton\"]"}
COMMAND: POST /session/d41a4ef9228655ec76246a5e56c44812/elements - {"using":"xpath","value":"//button[@data-kt=\"addNewRUOverflowToolbarButton\"]"}
RESULT: {"using":"xpath","value":"//button[@data-kt=\"addNewRUOverflowToolbarButton\"]"}
COMMAND: POST /session/d41a4ef9228655ec76246a5e56c44812/elements - {"using":"xpath","value":"//button[@data-kt=\"addNewRUOverflowToolbarButton\"]"}
RESULT: {"using":"xpath","value":"//button[@data-kt=\"addNewRUOverflowToolbarButton\"]"}
COMMAND: POST /session/d41a4ef9228655ec76246a5e56c44812/elements - {"using":"xpath","value":"//button[@data-kt=\"addNewRUOverflowToolbarButton\"]"}
RESULT: {"using":"xpath","value":"//button[@data-kt=\"addNewRUOverflowToolbarButton\"]"}
COMMAND: POST /session/d41a4ef9228655ec76246a5e56c44812/elements - {"using":"xpath","value":"//button[@data-kt=\"addNewRUOverflowToolbarButton\"]"}
RESULT: {"using":"xpath","value":"//button[@data-kt=\"addNewRUOverflowToolbarButton\"]"}
COMMAND: POST /session/d41a4ef9228655ec76246a5e56c44812/elements - {"using":"xpath","value":"//button[@data-kt=\"addNewRUOverflowToolbarButton\"]"}
RESULT: {"using":"xpath","value":"//button[@data-kt=\"addNewRUOverflowToolbarButton\"]"}
COMMAND: POST /session/d41a4ef9228655ec76246a5e56c44812/elements - {"using":"xpath","value":"//button[@data-kt=\"addNewRUOverflowToolbarButton\"]"}
RESULT: {"using":"xpath","value":"//button[@data-kt=\"addNewRUOverflowToolbarButton\"]"}
COMMAND: POST /session/d41a4ef9228655ec76246a5e56c44812/elements - {"using":"xpath","value":"//button[@data-kt=\"addNewRUOverflowToolbarButton\"]"}
RESULT: {"using":"xpath","value":"//button[@data-kt=\"addNewRUOverflowToolbarButton\"]"}
COMMAND: POST /session/d41a4ef9228655ec76246a5e56c44812/elements - {"using":"xpath","value":"//button[@data-kt=\"addNewRUOverflowToolbarButton\"]"}
RESULT: {"using":"xpath","value":"//button[@data-kt=\"addNewRUOverflowToolbarButton\"]"}
COMMAND: POST /session/d41a4ef9228655ec76246a5e56c44812/elements - {"using":"xpath","value":"//button[@data-kt=\"addNewRUOverflowToolbarButton\"]"}
RESULT: {"using":"xpath","value":"//button[@data-kt=\"addNewRUOverflowToolbarButton\"]"}
COMMAND: POST /session/d41a4ef9228655ec76246a5e56c44812/elements - {"using":"xpath","value":"//button[@data-kt=\"addNewRUOverflowToolbarButton\"]"}
RESULT: {"using":"xpath","value":"//button[@data-kt=\"addNewRUOverflowToolbarButton\"]"}
COMMAND: POST /session/d41a4ef9228655ec76246a5e56c44812/elements - {"using":"xpath","value":"//button[@data-kt=\"addNewRUOverflowToolbarButton\"]"}
RESULT: {"using":"xpath","value":"//button[@data-kt=\"addNewRUOverflowToolbarButton\"]"}
COMMAND: POST /session/d41a4ef9228655ec76246a5e56c44812/elements - {"using":"xpath","value":"//button[@data-kt=\"addNewRUOverflowToolbarButton\"]"}
RESULT: {"using":"xpath","value":"//button[@data-kt=\"addNewRUOverflowToolbarButton\"]"}
COMMAND: POST /session/d41a4ef9228655ec76246a5e56c44812/elements - {"using":"xpath","value":"//button[@data-kt=\"addNewRUOverflowToolbarButton\"]"}
RESULT: {"using":"xpath","value":"//button[@data-kt=\"addNewRUOverflowToolbarButton\"]"}
COMMAND: POST /session/d41a4ef9228655ec76246a5e56c44812/elements - {"using":"xpath","value":"//button[@data-kt=\"addNewRUOverflowToolbarButton\"]"}
RESULT: {"using":"xpath","value":"//button[@data-kt=\"addNewRUOverflowToolbarButton\"]"}
COMMAND: POST /session/d41a4ef9228655ec76246a5e56c44812/elements - {"using":"xpath","value":"//button[@data-kt=\"addNewRUOverflowToolbarButton\"]"}
RESULT: {"using":"xpath","value":"//button[@data-kt=\"addNewRUOverflowToolbarButton\"]"}
COMMAND: POST /session/d41a4ef9228655ec76246a5e56c44812/elements - {"using":"xpath","value":"//button[@data-kt=\"addNewRUOverflowToolbarButton\"]"}
RESULT: {"using":"xpath","value":"//button[@data-kt=\"addNewRUOverflowToolbarButton\"]"}
COMMAND: POST /session/d41a4ef9228655ec76246a5e56c44812/elements - {"using":"xpath","value":"//button[@data-kt=\"addNewRUOverflowToolbarButton\"]"}
RESULT: {"using":"xpath","value":"//button[@data-kt=\"addNewRUOverflowToolbarButton\"]"}
COMMAND: POST /session/d41a4ef9228655ec76246a5e56c44812/elements - {"using":"xpath","value":"//button[@data-kt=\"addNewRUOverflowToolbarButton\"]"}
RESULT: {"using":"xpath","value":"//button[@data-kt=\"addNewRUOverflowToolbarButton\"]"}
COMMAND: POST /session/d41a4ef9228655ec76246a5e56c44812/elements - {"using":"xpath","value":"//button[@data-kt=\"addNewRUOverflowToolbarButton\"]"}
RESULT: {"using":"xpath","value":"//button[@data-kt=\"addNewRUOverflowToolbarButton\"]"}
COMMAND: POST /session/d41a4ef9228655ec76246a5e56c44812/elements - {"using":"xpath","value":"//button[@data-kt=\"addNewRUOverflowToolbarButton\"]"}
RESULT: {"using":"xpath","value":"//button[@data-kt=\"addNewRUOverflowToolbarButton\"]"}
COMMAND: POST /session/d41a4ef9228655ec76246a5e56c44812/elements - {"using":"xpath","value":"//button[@data-kt=\"addNewRUOverflowToolbarButton\"]"}
RESULT: {"using":"xpath","value":"//button[@data-kt=\"addNewRUOverflowToolbarButton\"]"}
COMMAND: POST /session/d41a4ef9228655ec76246a5e56c44812/elements - {"using":"xpath","value":"//button[@data-kt=\"addNewRUOverflowToolbarButton\"]"}
RESULT: {"using":"xpath","value":"//button[@data-kt=\"addNewRUOverflowToolbarButton\"]"}
COMMAND: POST /session/d41a4ef9228655ec76246a5e56c44812/elements - {"using":"xpath","value":"//button[@data-kt=\"addNewRUOverflowToolbarButton\"]"}
RESULT: {"using":"xpath","value":"//button[@data-kt=\"addNewRUOverflowToolbarButton\"]"}
COMMAND: POST /session/d41a4ef9228655ec76246a5e56c44812/elements - {"using":"xpath","value":"//button[@data-kt=\"addNewRUOverflowToolbarButton\"]"}
RESULT: {"using":"xpath","value":"//button[@data-kt=\"addNewRUOverflowToolbarButton\"]"}
COMMAND: POST /session/d41a4ef9228655ec76246a5e56c44812/elements - {"using":"xpath","value":"//button[@data-kt=\"addNewRUOverflowToolbarButton\"]"}
RESULT: {"using":"xpath","value":"//button[@data-kt=\"addNewRUOverflowToolbarButton\"]"}
COMMAND: POST /session/d41a4ef9228655ec76246a5e56c44812/elements - {"using":"xpath","value":"//button[@data-kt=\"addNewRUOverflowToolbarButton\"]"}
RESULT: {"using":"xpath","value":"//button[@data-kt=\"addNewRUOverflowToolbarButton\"]"}
COMMAND: POST /session/d41a4ef9228655ec76246a5e56c44812/elements - {"using":"xpath","value":"//button[@data-kt=\"addNewRUOverflowToolbarButton\"]"}
RESULT: {"using":"xpath","value":"//button[@data-kt=\"addNewRUOverflowToolbarButton\"]"}
COMMAND: POST /session/d41a4ef9228655ec76246a5e56c44812/elements - {"using":"xpath","value":"//button[@data-kt=\"addNewRUOverflowToolbarButton\"]"}
RESULT: {"using":"xpath","value":"//button[@data-kt=\"addNewRUOverflowToolbarButton\"]"}
COMMAND: POST /session/d41a4ef9228655ec76246a5e56c44812/element - {"using":"xpath","value":"//button[@data-kt=\"addNewRUOverflowToolbarButton\"]"}
RESULT: {"using":"xpath","value":"//button[@data-kt=\"addNewRUOverflowToolbarButton\"]"}
COMMAND: POST /session/d41a4ef9228655ec76246a5e56c44812/execute/sync - {"script":"<script> [8489 bytes]","args":[{"element-6066-11e4-a52e-4f735466cecf":"f.8359050118E493E9D810750CB1F2C9B3.d.8B01ABA4F862FE54879379537EBE0FA2.e.13397","ELEMENT":"f.8359050118E493E9D810750CB1F2C9B3.d.8B01ABA4F862FE54879379537EBE0FA2.e.13397"}]}
RESULT: {"script":"<script> [8489 bytes]","args":[{"element-6066-11e4-a52e-4f735466cecf":"f.8359050118E493E9D810750CB1F2C9B3.d.8B01ABA4F862FE54879379537EBE0FA2.e.13397","ELEMENT":"f.8359050118E493E9D810750CB1F2C9B3.d.8B01ABA4F862FE54879379537EBE0FA2.e.13397"}]}
COMMAND: GET /session/d41a4ef9228655ec76246a5e56c44812/element/f.8359050118E493E9D810750CB1F2C9B3.d.8B01ABA4F862FE54879379537EBE0FA2.e.13397/enabled - {}
COMMAND: GET /session/d41a4ef9228655ec76246a5e56c44812/screenshot - {}
RESULT: {}
COMMAND: POST /session/d41a4ef9228655ec76246a5e56c44812/execute/sync - {"script":"<script> [8489 bytes]","args":[{"element-6066-11e4-a52e-4f735466cecf":"f.8359050118E493E9D810750CB1F2C9B3.d.8B01ABA4F862FE54879379537EBE0FA2.e.13397","ELEMENT":"f.8359050118E493E9D810750CB1F2C9B3.d.8B01ABA4F862FE54879379537EBE0FA2.e.13397"}]}
COMMAND: GET /session/d41a4ef9228655ec76246a5e56c44812/screenshot - {}
RESULT: {}
RESULT: {"script":"<script> [8489 bytes]","args":[{"element-6066-11e4-a52e-4f735466cecf":"f.8359050118E493E9D810750CB1F2C9B3.d.8B01ABA4F862FE54879379537EBE0FA2.e.13397","ELEMENT":"f.8359050118E493E9D810750CB1F2C9B3.d.8B01ABA4F862FE54879379537EBE0FA2.e.13397"}]}
COMMAND: POST /session/d41a4ef9228655ec76246a5e56c44812/execute/sync - {"script":"<script> [5351 bytes]","args":[{"element-6066-11e4-a52e-4f735466cecf":"f.8359050118E493E9D810750CB1F2C9B3.d.8B01ABA4F862FE54879379537EBE0FA2.e.13397","ELEMENT":"f.8359050118E493E9D810750CB1F2C9B3.d.8B01ABA4F862FE54879379537EBE0FA2.e.13397"}]}
COMMAND: GET /session/d41a4ef9228655ec76246a5e56c44812/screenshot - {}
RESULT: {}
RESULT: {"script":"<script> [5351 bytes]","args":[{"element-6066-11e4-a52e-4f735466cecf":"f.8359050118E493E9D810750CB1F2C9B3.d.8B01ABA4F862FE54879379537EBE0FA2.e.13397","ELEMENT":"f.8359050118E493E9D810750CB1F2C9B3.d.8B01ABA4F862FE54879379537EBE0FA2.e.13397"}]}
COMMAND: POST /session/d41a4ef9228655ec76246a5e56c44812/element/f.8359050118E493E9D810750CB1F2C9B3.d.8B01ABA4F862FE54879379537EBE0FA2.e.13397/click - {}
COMMAND: GET /session/d41a4ef9228655ec76246a5e56c44812/screenshot - {}
RESULT: {}
RESULT: {}
COMMAND: GET /session/d41a4ef9228655ec76246a5e56c44812/screenshot - {}
RESULT: {}
COMMAND: POST /session/d41a4ef9228655ec76246a5e56c44812/execute/async - {"script":"<script> [1562 bytes]","args":[{"selector":{"id":"application-manageresources-display-component---newResourceUnit--TYPE-arrow"},"wdio_ui5_key":"applicationmanageresources-display-component---newResourceUnit--TYPE-arrow"}]}
RESULT: {}
RESULT: {"script":"<script> [1562 bytes]","args":[{"selector":{"id":"application-manageresources-display-component---newResourceUnit--TYPE-arrow"},"wdio_ui5_key":"applicationmanageresources-display-component---newResourceUnit--TYPE-arrow"}]}
RESULT: undefined
COMMAND: POST /session/d41a4ef9228655ec76246a5e56c44812/element - {"using":"xpath","value":"//*[@id=\"application-manageresources-display-component---newResourceUnit--TYPE-arrow\"]"}
RESULT: {"using":"xpath","value":"//*[@id=\"application-manageresources-display-component---newResourceUnit--TYPE-arrow\"]"}
COMMAND: POST /session/d41a4ef9228655ec76246a5e56c44812/element/f.8359050118E493E9D810750CB1F2C9B3.d.8B01ABA4F862FE54879379537EBE0FA2.e.13748/click - {}
RESULT: {}
COMMAND: POST /session/d41a4ef9228655ec76246a5e56c44812/element - {"using":"xpath","value":"//input[@id=\"application-manageresources-display-component---newResourceUnit--TYPE-inner\"]"}
COMMAND: GET /session/d41a4ef9228655ec76246a5e56c44812/screenshot - {}
RESULT: {"using":"xpath","value":"//input[@id=\"application-manageresources-display-component---newResourceUnit--TYPE-inner\"]"}
COMMAND: POST /session/d41a4ef9228655ec76246a5e56c44812/element/f.8359050118E493E9D810750CB1F2C9B3.d.8B01ABA4F862FE54879379537EBE0FA2.e.13739/clear - {}
RESULT: {}
RESULT: {}
COMMAND: POST /session/d41a4ef9228655ec76246a5e56c44812/element/f.8359050118E493E9D810750CB1F2C9B3.d.8B01ABA4F862FE54879379537EBE0FA2.e.13739/value - {"text":"Material"}
COMMAND: GET /session/d41a4ef9228655ec76246a5e56c44812/screenshot - {}
RESULT: {"text":"Material"}
COMMAND: GET /session/d41a4ef9228655ec76246a5e56c44812/screenshot - {}
RESULT: {}
RESULT: {}
COMMAND: POST /session/d41a4ef9228655ec76246a5e56c44812/actions - {"actions":[{"id":"action45","type":"key","parameters":{},"actions":[{"type":"keyDown","value":"î€‡"},{"type":"pause","duration":10},{"type":"keyUp","value":"î€‡"}]}]}
RESULT: {"actions":[{"id":"action45","type":"key","parameters":{},"actions":[{"type":"keyDown","value":"î€‡"},{"type":"pause","duration":10},{"type":"keyUp","value":"î€‡"}]}]}
COMMAND: POST /session/d41a4ef9228655ec76246a5e56c44812/execute/async - {"script":"<script> [1562 bytes]","args":[{"selector":{"id":"application-manageresources-display-component---newResourceUnit--SHORT_TEXT","interaction":{"idSuffix":"inner"}},"wdio_ui5_key":"applicationmanageresources-display-component---newResourceUnit--SHORT_TEXT"}]}
COMMAND: GET /session/d41a4ef9228655ec76246a5e56c44812/screenshot - {}
RESULT: {"script":"<script> [1562 bytes]","args":[{"selector":{"id":"application-manageresources-display-component---newResourceUnit--SHORT_TEXT","interaction":{"idSuffix":"inner"}},"wdio_ui5_key":"applicationmanageresources-display-component---newResourceUnit--SHORT_TEXT"}]}
RESULT: undefined
COMMAND: POST /session/d41a4ef9228655ec76246a5e56c44812/execute/async - {"script":"<script> [776 bytes]","args":[{"enterText":"Cement WDIO","selector":{"id":"application-manageresources-display-component---newResourceUnit--SHORT_TEXT","interaction":{"idSuffix":"inner"}},"clearTextFirst":true,"interactionType":"ENTER_TEXT"}]}
RESULT: {}
RESULT: {"script":"<script> [776 bytes]","args":[{"enterText":"Cement WDIO","selector":{"id":"application-manageresources-display-component---newResourceUnit--SHORT_TEXT","interaction":{"idSuffix":"inner"}},"clearTextFirst":true,"interactionType":"ENTER_TEXT"}]}
COMMAND: POST /session/d41a4ef9228655ec76246a5e56c44812/execute/async - {"script":"<script> [1562 bytes]","args":[{"selector":{"id":"application-manageresources-display-component---newResourceUnit--BASE_UNIT_OF_MEASURE","interaction":{"idSuffix":"inner"}},"wdio_ui5_key":"applicationmanageresources-display-component---newResourceUnit--BASE_UNIT_OF_MEASURE"}]}
RESULT: {"script":"<script> [1562 bytes]","args":[{"selector":{"id":"application-manageresources-display-component---newResourceUnit--BASE_UNIT_OF_MEASURE","interaction":{"idSuffix":"inner"}},"wdio_ui5_key":"applicationmanageresources-display-component---newResourceUnit--BASE_UNIT_OF_MEASURE"}]}
RESULT: undefined
COMMAND: POST /session/d41a4ef9228655ec76246a5e56c44812/execute/async - {"script":"<script> [776 bytes]","args":[{"enterText":"Piece","selector":{"id":"application-manageresources-display-component---newResourceUnit--BASE_UNIT_OF_MEASURE","interaction":{"idSuffix":"inner"}},"clearTextFirst":true,"interactionType":"ENTER_TEXT"}]}
RESULT: {"script":"<script> [776 bytes]","args":[{"enterText":"Piece","selector":{"id":"application-manageresources-display-component---newResourceUnit--BASE_UNIT_OF_MEASURE","interaction":{"idSuffix":"inner"}},"clearTextFirst":true,"interactionType":"ENTER_TEXT"}]}
COMMAND: POST /session/d41a4ef9228655ec76246a5e56c44812/execute/async - {"script":"<script> [1562 bytes]","args":[{"selector":{"id":"application-manageresources-display-component---newResourceUnit--WEIGHT_UNIT","interaction":{"idSuffix":"inner"}},"wdio_ui5_key":"applicationmanageresources-display-component---newResourceUnit--WEIGHT_UNIT"}]}
RESULT: {"script":"<script> [1562 bytes]","args":[{"selector":{"id":"application-manageresources-display-component---newResourceUnit--WEIGHT_UNIT","interaction":{"idSuffix":"inner"}},"wdio_ui5_key":"applicationmanageresources-display-component---newResourceUnit--WEIGHT_UNIT"}]}
RESULT: undefined
COMMAND: POST /session/d41a4ef9228655ec76246a5e56c44812/execute/async - {"script":"<script> [776 bytes]","args":[{"enterText":"Gram","selector":{"id":"application-manageresources-display-component---newResourceUnit--WEIGHT_UNIT","interaction":{"idSuffix":"inner"}},"clearTextFirst":true,"interactionType":"ENTER_TEXT"}]}
RESULT: {"script":"<script> [776 bytes]","args":[{"enterText":"Gram","selector":{"id":"application-manageresources-display-component---newResourceUnit--WEIGHT_UNIT","interaction":{"idSuffix":"inner"}},"clearTextFirst":true,"interactionType":"ENTER_TEXT"}]}
COMMAND: POST /session/d41a4ef9228655ec76246a5e56c44812/execute/async - {"script":"<script> [1562 bytes]","args":[{"selector":{"id":"application-manageresources-display-component---newResourceUnit--DIMENSION_UNIT","interaction":{"idSuffix":"inner"}},"wdio_ui5_key":"applicationmanageresources-display-component---newResourceUnit--DIMENSION_UNIT"}]}
RESULT: {"script":"<script> [1562 bytes]","args":[{"selector":{"id":"application-manageresources-display-component---newResourceUnit--DIMENSION_UNIT","interaction":{"idSuffix":"inner"}},"wdio_ui5_key":"applicationmanageresources-display-component---newResourceUnit--DIMENSION_UNIT"}]}
RESULT: undefined
COMMAND: POST /session/d41a4ef9228655ec76246a5e56c44812/execute/async - {"script":"<script> [776 bytes]","args":[{"enterText":"Meter","selector":{"id":"application-manageresources-display-component---newResourceUnit--DIMENSION_UNIT","interaction":{"idSuffix":"inner"}},"clearTextFirst":true,"interactionType":"ENTER_TEXT"}]}
RESULT: {"script":"<script> [776 bytes]","args":[{"enterText":"Meter","selector":{"id":"application-manageresources-display-component---newResourceUnit--DIMENSION_UNIT","interaction":{"idSuffix":"inner"}},"clearTextFirst":true,"interactionType":"ENTER_TEXT"}]}
COMMAND: POST /session/d41a4ef9228655ec76246a5e56c44812/execute/async - {"script":"<script> [1562 bytes]","args":[{"selector":{"id":"application-manageresources-display-component---newResourceUnit--newRRUPage-anchBar-application-manageresources-display-component---newResourceUnit--control-anchor","interaction":{"idSuffix":"BDI-content"}},"wdio_ui5_key":"applicationmanageresources-display-component---newResourceUnit--newRRUPage-anchBar-application-manageresources-display-component---newResourceUnit--control-anchor"}]}
RESULT: {"script":"<script> [1562 bytes]","args":[{"selector":{"id":"application-manageresources-display-component---newResourceUnit--newRRUPage-anchBar-application-manageresources-display-component---newResourceUnit--control-anchor","interaction":{"idSuffix":"BDI-content"}},"wdio_ui5_key":"applicationmanageresources-display-component---newResourceUnit--newRRUPage-anchBar-application-manageresources-display-component---newResourceUnit--control-anchor"}]}
RESULT: undefined
COMMAND: POST /session/d41a4ef9228655ec76246a5e56c44812/element - {"using":"xpath","value":"//*[@id=\"application-manageresources-display-component---newResourceUnit--newRRUPage-anchBar-application-manageresources-display-component---newResourceUnit--control-anchor\"]"}
RESULT: {"using":"xpath","value":"//*[@id=\"application-manageresources-display-component---newResourceUnit--newRRUPage-anchBar-application-manageresources-display-component---newResourceUnit--control-anchor\"]"}
COMMAND: POST /session/d41a4ef9228655ec76246a5e56c44812/element/f.8359050118E493E9D810750CB1F2C9B3.d.8B01ABA4F862FE54879379537EBE0FA2.e.13813/click - {}
RESULT: {}
COMMAND: POST /session/d41a4ef9228655ec76246a5e56c44812/execute/async - {"script":"<script> [1562 bytes]","args":[{"selector":{"id":"application-manageresources-display-component---newResourceUnit--PLANNING_GROUP","interaction":{"idSuffix":"inner"}},"wdio_ui5_key":"applicationmanageresources-display-component---newResourceUnit--PLANNING_GROUP"}]}
COMMAND: GET /session/d41a4ef9228655ec76246a5e56c44812/screenshot - {}
RESULT: {"script":"<script> [1562 bytes]","args":[{"selector":{"id":"application-manageresources-display-component---newResourceUnit--PLANNING_GROUP","interaction":{"idSuffix":"inner"}},"wdio_ui5_key":"applicationmanageresources-display-component---newResourceUnit--PLANNING_GROUP"}]}
RESULT: undefined
COMMAND: POST /session/d41a4ef9228655ec76246a5e56c44812/execute/async - {"script":"<script> [776 bytes]","args":[{"enterText":"Material","selector":{"id":"application-manageresources-display-component---newResourceUnit--PLANNING_GROUP","interaction":{"idSuffix":"inner"}},"clearTextFirst":true,"interactionType":"ENTER_TEXT"}]}
RESULT: {}
RESULT: {"script":"<script> [776 bytes]","args":[{"enterText":"Material","selector":{"id":"application-manageresources-display-component---newResourceUnit--PLANNING_GROUP","interaction":{"idSuffix":"inner"}},"clearTextFirst":true,"interactionType":"ENTER_TEXT"}]}
COMMAND: POST /session/d41a4ef9228655ec76246a5e56c44812/execute/async - {"script":"<script> [1562 bytes]","args":[{"selector":{"id":"application-manageresources-display-component---newResourceUnit--PLANNING_INDICATOR","interaction":{"idSuffix":"inner"}},"wdio_ui5_key":"applicationmanageresources-display-component---newResourceUnit--PLANNING_INDICATOR"}]}
RESULT: {"script":"<script> [1562 bytes]","args":[{"selector":{"id":"application-manageresources-display-component---newResourceUnit--PLANNING_INDICATOR","interaction":{"idSuffix":"inner"}},"wdio_ui5_key":"applicationmanageresources-display-component---newResourceUnit--PLANNING_INDICATOR"}]}
RESULT: undefined
COMMAND: POST /session/d41a4ef9228655ec76246a5e56c44812/execute/async - {"script":"<script> [776 bytes]","args":[{"enterText":"10 - infinite","selector":{"id":"application-manageresources-display-component---newResourceUnit--PLANNING_INDICATOR","interaction":{"idSuffix":"inner"}},"clearTextFirst":true,"interactionType":"ENTER_TEXT"}]}
RESULT: {"script":"<script> [776 bytes]","args":[{"enterText":"10 - infinite","selector":{"id":"application-manageresources-display-component---newResourceUnit--PLANNING_INDICATOR","interaction":{"idSuffix":"inner"}},"clearTextFirst":true,"interactionType":"ENTER_TEXT"}]}
COMMAND: POST /session/d41a4ef9228655ec76246a5e56c44812/element - {"using":"css selector","value":"#application-manageresources-display-component---newResourceUnit--btnAddTimeSegment"}
RESULT: {"using":"css selector","value":"#application-manageresources-display-component---newResourceUnit--btnAddTimeSegment"}
COMMAND: GET /session/d41a4ef9228655ec76246a5e56c44812/element/f.8359050118E493E9D810750CB1F2C9B3.d.8B01ABA4F862FE54879379537EBE0FA2.e.13821/rect - {}
RESULT: {}
COMMAND: GET /session/d41a4ef9228655ec76246a5e56c44812/window/rect - {}
RESULT: {}
COMMAND: POST /session/d41a4ef9228655ec76246a5e56c44812/execute/sync - {"script":"<script> [92 bytes]","args":[]}
RESULT: {"script":"<script> [92 bytes]","args":[]}
COMMAND: POST /session/d41a4ef9228655ec76246a5e56c44812/actions - {"actions":[{"id":"action46","type":"wheel","parameters":{},"actions":[{"type":"scroll","x":-1888,"y":-32,"deltaX":0,"deltaY":0,"duration":0,"origin":{"element-6066-11e4-a52e-4f735466cecf":"f.8359050118E493E9D810750CB1F2C9B3.d.8B01ABA4F862FE54879379537EBE0FA2.e.13821"}}]}]}
COMMAND: GET /session/d41a4ef9228655ec76246a5e56c44812/screenshot - {}
RESULT: {}
COMMAND: POST /session/d41a4ef9228655ec76246a5e56c44812/execute/sync - {"script":"<script> [79 bytes]","args":[{"element-6066-11e4-a52e-4f735466cecf":"f.8359050118E493E9D810750CB1F2C9B3.d.8B01ABA4F862FE54879379537EBE0FA2.e.13821","ELEMENT":"f.8359050118E493E9D810750CB1F2C9B3.d.8B01ABA4F862FE54879379537EBE0FA2.e.13821"},{"block":"start","inline":"nearest"}]}
RESULT: {"script":"<script> [79 bytes]","args":[{"element-6066-11e4-a52e-4f735466cecf":"f.8359050118E493E9D810750CB1F2C9B3.d.8B01ABA4F862FE54879379537EBE0FA2.e.13821","ELEMENT":"f.8359050118E493E9D810750CB1F2C9B3.d.8B01ABA4F862FE54879379537EBE0FA2.e.13821"},{"block":"start","inline":"nearest"}]}
COMMAND: POST /session/d41a4ef9228655ec76246a5e56c44812/execute/async - {"script":"<script> [1562 bytes]","args":[{"selector":{"id":"application-manageresources-display-component---newResourceUnit--btnAddTimeSegment","interaction":{"idSuffix":"inner"}},"wdio_ui5_key":"applicationmanageresources-display-component---newResourceUnit--btnAddTimeSegment"}]}
COMMAND: GET /session/d41a4ef9228655ec76246a5e56c44812/screenshot - {}
RESULT: {"script":"<script> [1562 bytes]","args":[{"selector":{"id":"application-manageresources-display-component---newResourceUnit--btnAddTimeSegment","interaction":{"idSuffix":"inner"}},"wdio_ui5_key":"applicationmanageresources-display-component---newResourceUnit--btnAddTimeSegment"}]}
RESULT: undefined
COMMAND: POST /session/d41a4ef9228655ec76246a5e56c44812/element - {"using":"xpath","value":"//*[@id=\"application-manageresources-display-component---newResourceUnit--btnAddTimeSegment\"]"}
RESULT: {}
RESULT: {"using":"xpath","value":"//*[@id=\"application-manageresources-display-component---newResourceUnit--btnAddTimeSegment\"]"}
COMMAND: POST /session/d41a4ef9228655ec76246a5e56c44812/element/f.8359050118E493E9D810750CB1F2C9B3.d.8B01ABA4F862FE54879379537EBE0FA2.e.13821/click - {}
RESULT: {}
COMMAND: GET /session/d41a4ef9228655ec76246a5e56c44812/screenshot - {}
RESULT: {}
COMMAND: POST /session/d41a4ef9228655ec76246a5e56c44812/element - {"using":"xpath","value":"//input[@id=\"application-manageresources-display-component---newResourceUnit--idRuTSAdmin-application-manageresources-display-component---newResourceUnit--RUTimeSegment-0-inner\"]"}
RESULT: {"using":"xpath","value":"//input[@id=\"application-manageresources-display-component---newResourceUnit--idRuTSAdmin-application-manageresources-display-component---newResourceUnit--RUTimeSegment-0-inner\"]"}
COMMAND: POST /session/d41a4ef9228655ec76246a5e56c44812/element/f.8359050118E493E9D810750CB1F2C9B3.d.8B01ABA4F862FE54879379537EBE0FA2.e.13826/clear - {}
RESULT: {}
COMMAND: POST /session/d41a4ef9228655ec76246a5e56c44812/element/f.8359050118E493E9D810750CB1F2C9B3.d.8B01ABA4F862FE54879379537EBE0FA2.e.13826/value - {"text":"476"}
COMMAND: GET /session/d41a4ef9228655ec76246a5e56c44812/screenshot - {}
RESULT: {"text":"476"}
COMMAND: GET /session/d41a4ef9228655ec76246a5e56c44812/screenshot - {}
RESULT: {}
RESULT: {}
COMMAND: POST /session/d41a4ef9228655ec76246a5e56c44812/element - {"using":"xpath","value":"//li[.//span[text()='476']]"}
RESULT: {"using":"xpath","value":"//li[.//span[text()='476']]"}
COMMAND: POST /session/d41a4ef9228655ec76246a5e56c44812/element/f.8359050118E493E9D810750CB1F2C9B3.d.8B01ABA4F862FE54879379537EBE0FA2.e.13835/click - {}
RESULT: {}
COMMAND: GET /session/d41a4ef9228655ec76246a5e56c44812/screenshot - {}
RESULT: {}
COMMAND: POST /session/d41a4ef9228655ec76246a5e56c44812/element - {"using":"xpath","value":"(//span[contains(@id, \"-application-manageresources-display-component---newResourceUnit--RUTimeSegment-0-arrow\")])[2]"}
RESULT: {"using":"xpath","value":"(//span[contains(@id, \"-application-manageresources-display-component---newResourceUnit--RUTimeSegment-0-arrow\")])[2]"}
COMMAND: POST /session/d41a4ef9228655ec76246a5e56c44812/element/f.8359050118E493E9D810750CB1F2C9B3.d.8B01ABA4F862FE54879379537EBE0FA2.e.13836/click - {}
RESULT: {}
COMMAND: POST /session/d41a4ef9228655ec76246a5e56c44812/element - {"using":"xpath","value":"//span[contains(text(), \"PM Order\")]"}
COMMAND: GET /session/d41a4ef9228655ec76246a5e56c44812/screenshot - {}
RESULT: {"using":"xpath","value":"//span[contains(text(), \"PM Order\")]"}
COMMAND: POST /session/d41a4ef9228655ec76246a5e56c44812/element/f.8359050118E493E9D810750CB1F2C9B3.d.8B01ABA4F862FE54879379537EBE0FA2.e.13837/click - {}
RESULT: {}
RESULT: {}
COMMAND: GET /session/d41a4ef9228655ec76246a5e56c44812/screenshot - {}
RESULT: {}
COMMAND: POST /session/d41a4ef9228655ec76246a5e56c44812/element - {"using":"xpath","value":"//td/div/div/div/span[contains(@id, \"newResourceUnit--RUTimeSegment-0-vhi\")][1]"}
RESULT: {"using":"xpath","value":"//td/div/div/div/span[contains(@id, \"newResourceUnit--RUTimeSegment-0-vhi\")][1]"}
COMMAND: GET /session/d41a4ef9228655ec76246a5e56c44812/element/f.8359050118E493E9D810750CB1F2C9B3.d.8B01ABA4F862FE54879379537EBE0FA2.e.13841/rect - {}
RESULT: {}
COMMAND: GET /session/d41a4ef9228655ec76246a5e56c44812/window/rect - {}
RESULT: {}
COMMAND: POST /session/d41a4ef9228655ec76246a5e56c44812/execute/sync - {"script":"<script> [92 bytes]","args":[]}
RESULT: {"script":"<script> [92 bytes]","args":[]}
COMMAND: POST /session/d41a4ef9228655ec76246a5e56c44812/actions - {"actions":[{"id":"action47","type":"wheel","parameters":{},"actions":[{"type":"scroll","x":-1888,"y":-24,"deltaX":0,"deltaY":0,"duration":0,"origin":{"element-6066-11e4-a52e-4f735466cecf":"f.8359050118E493E9D810750CB1F2C9B3.d.8B01ABA4F862FE54879379537EBE0FA2.e.13841"}}]}]}
COMMAND: GET /session/d41a4ef9228655ec76246a5e56c44812/screenshot - {}
RESULT: {}
COMMAND: POST /session/d41a4ef9228655ec76246a5e56c44812/execute/sync - {"script":"<script> [79 bytes]","args":[{"element-6066-11e4-a52e-4f735466cecf":"f.8359050118E493E9D810750CB1F2C9B3.d.8B01ABA4F862FE54879379537EBE0FA2.e.13841","ELEMENT":"f.8359050118E493E9D810750CB1F2C9B3.d.8B01ABA4F862FE54879379537EBE0FA2.e.13841"},{"block":"start","inline":"nearest"}]}
RESULT: {"script":"<script> [79 bytes]","args":[{"element-6066-11e4-a52e-4f735466cecf":"f.8359050118E493E9D810750CB1F2C9B3.d.8B01ABA4F862FE54879379537EBE0FA2.e.13841","ELEMENT":"f.8359050118E493E9D810750CB1F2C9B3.d.8B01ABA4F862FE54879379537EBE0FA2.e.13841"},{"block":"start","inline":"nearest"}]}
COMMAND: GET /session/d41a4ef9228655ec76246a5e56c44812/screenshot - {}
RESULT: {}
COMMAND: POST /session/d41a4ef9228655ec76246a5e56c44812/element/f.8359050118E493E9D810750CB1F2C9B3.d.8B01ABA4F862FE54879379537EBE0FA2.e.13841/click - {}
RESULT: {}
COMMAND: GET /session/d41a4ef9228655ec76246a5e56c44812/screenshot - {}
RESULT: {}
COMMAND: POST /session/d41a4ef9228655ec76246a5e56c44812/execute/async - {"script":"<script> [1562 bytes]","args":[{"selector":{"controlType":"sap.m.SearchField","properties":{"placeholder":"Search"},"searchOpenDialogs":true,"interaction":{"idSuffix":"I"}},"wdio_ui5_key":"sapm.SearchField{\"placeholder\":\"Search\"}"}]}
RESULT: {"script":"<script> [1562 bytes]","args":[{"selector":{"controlType":"sap.m.SearchField","properties":{"placeholder":"Search"},"searchOpenDialogs":true,"interaction":{"idSuffix":"I"}},"wdio_ui5_key":"sapm.SearchField{\"placeholder\":\"Search\"}"}]}
RESULT: undefined
COMMAND: POST /session/d41a4ef9228655ec76246a5e56c44812/execute/async - {"script":"<script> [776 bytes]","args":[{"enterText":"4000360","selector":{"controlType":"sap.m.SearchField","properties":{"placeholder":"Search"},"searchOpenDialogs":true,"interaction":{"idSuffix":"I"}},"clearTextFirst":true,"interactionType":"ENTER_TEXT"}]}
RESULT: {"script":"<script> [776 bytes]","args":[{"enterText":"4000360","selector":{"controlType":"sap.m.SearchField","properties":{"placeholder":"Search"},"searchOpenDialogs":true,"interaction":{"idSuffix":"I"}},"clearTextFirst":true,"interactionType":"ENTER_TEXT"}]}
COMMAND: POST /session/d41a4ef9228655ec76246a5e56c44812/actions - {"actions":[{"id":"action48","type":"key","parameters":{},"actions":[{"type":"keyDown","value":"î€‡"},{"type":"pause","duration":10},{"type":"keyUp","value":"î€‡"}]}]}
RESULT: {"actions":[{"id":"action48","type":"key","parameters":{},"actions":[{"type":"keyDown","value":"î€‡"},{"type":"pause","duration":10},{"type":"keyUp","value":"î€‡"}]}]}
COMMAND: GET /session/d41a4ef9228655ec76246a5e56c44812/screenshot - {}
RESULT: {}
COMMAND: POST /session/d41a4ef9228655ec76246a5e56c44812/element - {"using":"xpath","value":"//td/div/span[contains(text(), \"BGL Vehicles\")]"}
RESULT: {"using":"xpath","value":"//td/div/span[contains(text(), \"BGL Vehicles\")]"}
COMMAND: POST /session/d41a4ef9228655ec76246a5e56c44812/element/f.8359050118E493E9D810750CB1F2C9B3.d.8B01ABA4F862FE54879379537EBE0FA2.e.13862/click - {}
RESULT: {}
COMMAND: GET /session/d41a4ef9228655ec76246a5e56c44812/screenshot - {}
RESULT: {}
COMMAND: POST /session/d41a4ef9228655ec76246a5e56c44812/element - {"using":"xpath","value":"//bdi[contains(text(), \"OK\")]"}
RESULT: {"using":"xpath","value":"//bdi[contains(text(), \"OK\")]"}
COMMAND: POST /session/d41a4ef9228655ec76246a5e56c44812/element/f.8359050118E493E9D810750CB1F2C9B3.d.8B01ABA4F862FE54879379537EBE0FA2.e.13863/click - {}
RESULT: {}
COMMAND: GET /session/d41a4ef9228655ec76246a5e56c44812/screenshot - {}
RESULT: {}
COMMAND: POST /session/d41a4ef9228655ec76246a5e56c44812/element - {"using":"xpath","value":"//label[contains(@class, 'sapMLabelRequired') and .//bdi[contains(text(), 'Planned Retirement')]]"}
RESULT: {"using":"xpath","value":"//label[contains(@class, 'sapMLabelRequired') and .//bdi[contains(text(), 'Planned Retirement')]]"}
COMMAND: POST /session/d41a4ef9228655ec76246a5e56c44812/elements - {"using":"xpath","value":"//label[contains(@class, 'sapMLabelRequired') and .//bdi[contains(text(), 'Planned Retirement')]]"}
RESULT: {"using":"xpath","value":"//label[contains(@class, 'sapMLabelRequired') and .//bdi[contains(text(), 'Planned Retirement')]]"}
COMMAND: POST /session/d41a4ef9228655ec76246a5e56c44812/element - {"using":"xpath","value":"//button[@data-kt=\"resourceUnitSaveButton\"]"}
RESULT: {"using":"xpath","value":"//button[@data-kt=\"resourceUnitSaveButton\"]"}
COMMAND: POST /session/d41a4ef9228655ec76246a5e56c44812/element/f.8359050118E493E9D810750CB1F2C9B3.d.8B01ABA4F862FE54879379537EBE0FA2.e.13765/click - {}
RESULT: {}
COMMAND: GET /session/d41a4ef9228655ec76246a5e56c44812/screenshot - {}
RESULT: {}
COMMAND: POST /session/d41a4ef9228655ec76246a5e56c44812/element - {"using":"xpath","value":"//bdi[contains(text(), \"Close\")]"}
RESULT: {"using":"xpath","value":"//bdi[contains(text(), \"Close\")]"}
COMMAND: POST /session/d41a4ef9228655ec76246a5e56c44812/element/f.8359050118E493E9D810750CB1F2C9B3.d.8B01ABA4F862FE54879379537EBE0FA2.e.13869/click - {}
RESULT: {}
COMMAND: GET /session/d41a4ef9228655ec76246a5e56c44812/screenshot - {}
RESULT: {}
COMMAND: POST /session/d41a4ef9228655ec76246a5e56c44812/element - {"using":"xpath","value":"//header[contains(@id, 'detailRruPage-headerTitle')]/div[1]/div[2]/div[2]/span[1]"}
RESULT: {"using":"xpath","value":"//header[contains(@id, 'detailRruPage-headerTitle')]/div[1]/div[2]/div[2]/span[1]"}
COMMAND: POST /session/d41a4ef9228655ec76246a5e56c44812/elements - {"using":"xpath","value":"//header[contains(@id, 'detailRruPage-headerTitle')]/div[1]/div[2]/div[2]/span[1]"}
RESULT: {"using":"xpath","value":"//header[contains(@id, 'detailRruPage-headerTitle')]/div[1]/div[2]/div[2]/span[1]"}
COMMAND: POST /session/d41a4ef9228655ec76246a5e56c44812/execute/sync - {"script":"<script> [56 bytes]","args":[{"element-6066-11e4-a52e-4f735466cecf":"f.8359050118E493E9D810750CB1F2C9B3.d.8B01ABA4F862FE54879379537EBE0FA2.e.13897","ELEMENT":"f.8359050118E493E9D810750CB1F2C9B3.d.8B01ABA4F862FE54879379537EBE0FA2.e.13897"}]}
RESULT: {"script":"<script> [56 bytes]","args":[{"element-6066-11e4-a52e-4f735466cecf":"f.8359050118E493E9D810750CB1F2C9B3.d.8B01ABA4F862FE54879379537EBE0FA2.e.13897","ELEMENT":"f.8359050118E493E9D810750CB1F2C9B3.d.8B01ABA4F862FE54879379537EBE0FA2.e.13897"}]}
COMMAND: POST /session/d41a4ef9228655ec76246a5e56c44812/element - {"using":"css selector","value":"#shell-header-logo"}
COMMAND: GET /session/d41a4ef9228655ec76246a5e56c44812/screenshot - {}
RESULT: {"using":"css selector","value":"#shell-header-logo"}
COMMAND: POST /session/d41a4ef9228655ec76246a5e56c44812/element/f.8359050118E493E9D810750CB1F2C9B3.d.8B01ABA4F862FE54879379537EBE0FA2.e.13355/click - {}
RESULT: {}
RESULT: {}
COMMAND: GET /session/d41a4ef9228655ec76246a5e56c44812/screenshot - {}
RESULT: {}
]]></system-out>
    </testcase>
  </testsuite>
  <testsuite timestamp="2025-05-16T17:05:31" time="362.804" tests="6" failures="0" errors="0" skipped="0">
    <properties>
      <property name="specId" value="0" />
      <property name="suiteName" value="Provide to Site w/o warehouse management w clarification" />
      <property name="capabilities" value="chrome.136_0_7103_93.windows" />
      <property name="file" value="file:///D:/a/1/s/test/specs/HTR/provide-to-site-wo-warehouse-w-clarification.spec.js" />
    </properties>
    <testcase classname="chrome.136_0_7103_93.windows.Provide_to_Site_w/o_warehouse_management_w_clarification" name="Should do a stock increase handover" time="87.692">
      <system-out><![CDATA[
COMMAND: POST /session/d41a4ef9228655ec76246a5e56c44812/execute/async - {"script":"<script> [1562 bytes]","args":[{"selector":{"controlType":"sap.m.GenericTile","properties":{"header":"Manage Handovers"}},"wdio_ui5_key":"sapm.GenericTile{\"header\":\"Manage Handovers\"}"}]}
RESULT: {"script":"<script> [1562 bytes]","args":[{"selector":{"controlType":"sap.m.GenericTile","properties":{"header":"Manage Handovers"}},"wdio_ui5_key":"sapm.GenericTile{\"header\":\"Manage Handovers\"}"}]}
RESULT: undefined
COMMAND: POST /session/d41a4ef9228655ec76246a5e56c44812/element - {"using":"xpath","value":"//*[@id=\"__tile133\"]"}
RESULT: {"using":"xpath","value":"//*[@id=\"__tile133\"]"}
COMMAND: POST /session/d41a4ef9228655ec76246a5e56c44812/element/f.8359050118E493E9D810750CB1F2C9B3.d.8B01ABA4F862FE54879379537EBE0FA2.e.13305/click - {}
RESULT: {}
COMMAND: GET /session/d41a4ef9228655ec76246a5e56c44812/screenshot - {}
RESULT: {}
COMMAND: POST /session/d41a4ef9228655ec76246a5e56c44812/elements - {"using":"xpath","value":"//span[text()='Error']"}
RESULT: {"using":"xpath","value":"//span[text()='Error']"}
COMMAND: POST /session/d41a4ef9228655ec76246a5e56c44812/element - {"using":"xpath","value":"//button[@data-kt=\"masterHOAddButton\"]"}
RESULT: {"using":"xpath","value":"//button[@data-kt=\"masterHOAddButton\"]"}
COMMAND: POST /session/d41a4ef9228655ec76246a5e56c44812/elements - {"using":"xpath","value":"//button[@data-kt=\"masterHOAddButton\"]"}
RESULT: {"using":"xpath","value":"//button[@data-kt=\"masterHOAddButton\"]"}
COMMAND: POST /session/d41a4ef9228655ec76246a5e56c44812/execute/sync - {"script":"<script> [8489 bytes]","args":[{"element-6066-11e4-a52e-4f735466cecf":"f.8359050118E493E9D810750CB1F2C9B3.d.8B01ABA4F862FE54879379537EBE0FA2.e.13937","ELEMENT":"f.8359050118E493E9D810750CB1F2C9B3.d.8B01ABA4F862FE54879379537EBE0FA2.e.13937"}]}
RESULT: {"script":"<script> [8489 bytes]","args":[{"element-6066-11e4-a52e-4f735466cecf":"f.8359050118E493E9D810750CB1F2C9B3.d.8B01ABA4F862FE54879379537EBE0FA2.e.13937","ELEMENT":"f.8359050118E493E9D810750CB1F2C9B3.d.8B01ABA4F862FE54879379537EBE0FA2.e.13937"}]}
COMMAND: GET /session/d41a4ef9228655ec76246a5e56c44812/element/f.8359050118E493E9D810750CB1F2C9B3.d.8B01ABA4F862FE54879379537EBE0FA2.e.13937/enabled - {}
COMMAND: GET /session/d41a4ef9228655ec76246a5e56c44812/screenshot - {}
RESULT: {}
COMMAND: POST /session/d41a4ef9228655ec76246a5e56c44812/execute/sync - {"script":"<script> [8489 bytes]","args":[{"element-6066-11e4-a52e-4f735466cecf":"f.8359050118E493E9D810750CB1F2C9B3.d.8B01ABA4F862FE54879379537EBE0FA2.e.13937","ELEMENT":"f.8359050118E493E9D810750CB1F2C9B3.d.8B01ABA4F862FE54879379537EBE0FA2.e.13937"}]}
COMMAND: GET /session/d41a4ef9228655ec76246a5e56c44812/screenshot - {}
RESULT: {}
RESULT: {"script":"<script> [8489 bytes]","args":[{"element-6066-11e4-a52e-4f735466cecf":"f.8359050118E493E9D810750CB1F2C9B3.d.8B01ABA4F862FE54879379537EBE0FA2.e.13937","ELEMENT":"f.8359050118E493E9D810750CB1F2C9B3.d.8B01ABA4F862FE54879379537EBE0FA2.e.13937"}]}
COMMAND: POST /session/d41a4ef9228655ec76246a5e56c44812/execute/sync - {"script":"<script> [5351 bytes]","args":[{"element-6066-11e4-a52e-4f735466cecf":"f.8359050118E493E9D810750CB1F2C9B3.d.8B01ABA4F862FE54879379537EBE0FA2.e.13937","ELEMENT":"f.8359050118E493E9D810750CB1F2C9B3.d.8B01ABA4F862FE54879379537EBE0FA2.e.13937"}]}
COMMAND: GET /session/d41a4ef9228655ec76246a5e56c44812/screenshot - {}
RESULT: {}
RESULT: {"script":"<script> [5351 bytes]","args":[{"element-6066-11e4-a52e-4f735466cecf":"f.8359050118E493E9D810750CB1F2C9B3.d.8B01ABA4F862FE54879379537EBE0FA2.e.13937","ELEMENT":"f.8359050118E493E9D810750CB1F2C9B3.d.8B01ABA4F862FE54879379537EBE0FA2.e.13937"}]}
COMMAND: POST /session/d41a4ef9228655ec76246a5e56c44812/element/f.8359050118E493E9D810750CB1F2C9B3.d.8B01ABA4F862FE54879379537EBE0FA2.e.13937/click - {}
COMMAND: GET /session/d41a4ef9228655ec76246a5e56c44812/screenshot - {}
RESULT: {}
RESULT: {}
RESULT: {}
COMMAND: GET /session/d41a4ef9228655ec76246a5e56c44812/screenshot - {}
RESULT: {}
COMMAND: POST /session/d41a4ef9228655ec76246a5e56c44812/element - {"using":"xpath","value":"//span[contains(@id ,\"AddNewHO--typeSelect-arrow\")]"}
RESULT: {"using":"xpath","value":"//span[contains(@id ,\"AddNewHO--typeSelect-arrow\")]"}
COMMAND: POST /session/d41a4ef9228655ec76246a5e56c44812/element/f.8359050118E493E9D810750CB1F2C9B3.d.8B01ABA4F862FE54879379537EBE0FA2.e.14288/click - {}
RESULT: {}
COMMAND: GET /session/d41a4ef9228655ec76246a5e56c44812/screenshot - {}
RESULT: {}
COMMAND: POST /session/d41a4ef9228655ec76246a5e56c44812/element - {"using":"xpath","value":"(//li[contains(text(), \"stock increase yard\")])[1]"}
RESULT: {"using":"xpath","value":"(//li[contains(text(), \"stock increase yard\")])[1]"}
COMMAND: POST /session/d41a4ef9228655ec76246a5e56c44812/element/f.8359050118E493E9D810750CB1F2C9B3.d.8B01ABA4F862FE54879379537EBE0FA2.e.14289/click - {}
RESULT: {}
COMMAND: GET /session/d41a4ef9228655ec76246a5e56c44812/screenshot - {}
RESULT: {}
COMMAND: POST /session/d41a4ef9228655ec76246a5e56c44812/execute/async - {"script":"<script> [1562 bytes]","args":[{"selector":{"id":"application-managehandovers-display-component---AddNewHO--dueDate","interaction":{"idSuffix":"inner"}},"wdio_ui5_key":"applicationmanagehandovers-display-component---AddNewHO--dueDate"}]}
RESULT: {"script":"<script> [1562 bytes]","args":[{"selector":{"id":"application-managehandovers-display-component---AddNewHO--dueDate","interaction":{"idSuffix":"inner"}},"wdio_ui5_key":"applicationmanagehandovers-display-component---AddNewHO--dueDate"}]}
RESULT: undefined
COMMAND: POST /session/d41a4ef9228655ec76246a5e56c44812/execute/async - {"script":"<script> [6424 bytes]","args":[{"element-6066-11e4-a52e-4f735466cecf":"f.8359050118E493E9D810750CB1F2C9B3.d.8B01ABA4F862FE54879379537EBE0FA2.e.14291"},"setValue",["5/16/25"]]}
RESULT: {"script":"<script> [6424 bytes]","args":[{"element-6066-11e4-a52e-4f735466cecf":"f.8359050118E493E9D810750CB1F2C9B3.d.8B01ABA4F862FE54879379537EBE0FA2.e.14291"},"setValue",["5/16/25"]]}
COMMAND: POST /session/d41a4ef9228655ec76246a5e56c44812/element - {"using":"xpath","value":"//input[@id=\"generalSectionFrg--receiveYard-inner\"]"}
RESULT: {"using":"xpath","value":"//input[@id=\"generalSectionFrg--receiveYard-inner\"]"}
COMMAND: POST /session/d41a4ef9228655ec76246a5e56c44812/element/f.8359050118E493E9D810750CB1F2C9B3.d.8B01ABA4F862FE54879379537EBE0FA2.e.14295/clear - {}
RESULT: {}
COMMAND: POST /session/d41a4ef9228655ec76246a5e56c44812/element/f.8359050118E493E9D810750CB1F2C9B3.d.8B01ABA4F862FE54879379537EBE0FA2.e.14295/value - {"text":"476"}
COMMAND: GET /session/d41a4ef9228655ec76246a5e56c44812/screenshot - {}
RESULT: {"text":"476"}
COMMAND: GET /session/d41a4ef9228655ec76246a5e56c44812/screenshot - {}
RESULT: {}
RESULT: {}
COMMAND: POST /session/d41a4ef9228655ec76246a5e56c44812/element - {"using":"xpath","value":"//li[.//span[text()='476']]"}
RESULT: {"using":"xpath","value":"//li[.//span[text()='476']]"}
COMMAND: POST /session/d41a4ef9228655ec76246a5e56c44812/element/f.8359050118E493E9D810750CB1F2C9B3.d.8B01ABA4F862FE54879379537EBE0FA2.e.14313/click - {}
RESULT: {}
COMMAND: GET /session/d41a4ef9228655ec76246a5e56c44812/screenshot - {}
RESULT: {}
COMMAND: POST /session/d41a4ef9228655ec76246a5e56c44812/execute/async - {"script":"<script> [1562 bytes]","args":[{"selector":{"id":"application-managehandovers-display-component---AddNewHO--ObjectPageLayout-anchBar-application-managehandovers-display-component---AddNewHO--section4-anchor","interaction":{"idSuffix":"BDI-content"}},"wdio_ui5_key":"applicationmanagehandovers-display-component---AddNewHO--ObjectPageLayout-anchBar-application-managehandovers-display-component---AddNewHO--section4-anchor"}]}
RESULT: {"script":"<script> [1562 bytes]","args":[{"selector":{"id":"application-managehandovers-display-component---AddNewHO--ObjectPageLayout-anchBar-application-managehandovers-display-component---AddNewHO--section4-anchor","interaction":{"idSuffix":"BDI-content"}},"wdio_ui5_key":"applicationmanagehandovers-display-component---AddNewHO--ObjectPageLayout-anchBar-application-managehandovers-display-component---AddNewHO--section4-anchor"}]}
RESULT: undefined
COMMAND: POST /session/d41a4ef9228655ec76246a5e56c44812/element - {"using":"xpath","value":"//*[@id=\"application-managehandovers-display-component---AddNewHO--ObjectPageLayout-anchBar-application-managehandovers-display-component---AddNewHO--section4-anchor\"]"}
RESULT: {"using":"xpath","value":"//*[@id=\"application-managehandovers-display-component---AddNewHO--ObjectPageLayout-anchBar-application-managehandovers-display-component---AddNewHO--section4-anchor\"]"}
COMMAND: POST /session/d41a4ef9228655ec76246a5e56c44812/element/f.8359050118E493E9D810750CB1F2C9B3.d.8B01ABA4F862FE54879379537EBE0FA2.e.14315/click - {}
RESULT: {}
COMMAND: POST /session/d41a4ef9228655ec76246a5e56c44812/element - {"using":"xpath","value":"//button[@aria-label=\"Add\"]"}
COMMAND: GET /session/d41a4ef9228655ec76246a5e56c44812/screenshot - {}
RESULT: {"using":"xpath","value":"//button[@aria-label=\"Add\"]"}
COMMAND: POST /session/d41a4ef9228655ec76246a5e56c44812/element/f.8359050118E493E9D810750CB1F2C9B3.d.8B01ABA4F862FE54879379537EBE0FA2.e.14317/click - {}
RESULT: {}
RESULT: {}
COMMAND: GET /session/d41a4ef9228655ec76246a5e56c44812/screenshot - {}
RESULT: {}
COMMAND: POST /session/d41a4ef9228655ec76246a5e56c44812/execute/async - {"script":"<script> [1562 bytes]","args":[{"selector":{"id":"application-managehandovers-display-component---AddNewHO--smartFilterBar-btnBasicSearch","searchOpenDialogs":true,"interaction":{"idSuffix":"I"}},"wdio_ui5_key":"applicationmanagehandovers-display-component---AddNewHO--smartFilterBar-btnBasicSearch"}]}
RESULT: {"script":"<script> [1562 bytes]","args":[{"selector":{"id":"application-managehandovers-display-component---AddNewHO--smartFilterBar-btnBasicSearch","searchOpenDialogs":true,"interaction":{"idSuffix":"I"}},"wdio_ui5_key":"applicationmanagehandovers-display-component---AddNewHO--smartFilterBar-btnBasicSearch"}]}
RESULT: undefined
COMMAND: POST /session/d41a4ef9228655ec76246a5e56c44812/execute/async - {"script":"<script> [776 bytes]","args":[{"enterText":"200239","selector":{"id":"application-managehandovers-display-component---AddNewHO--smartFilterBar-btnBasicSearch","searchOpenDialogs":true,"interaction":{"idSuffix":"I"}},"clearTextFirst":true,"interactionType":"ENTER_TEXT"}]}
RESULT: {"script":"<script> [776 bytes]","args":[{"enterText":"200239","selector":{"id":"application-managehandovers-display-component---AddNewHO--smartFilterBar-btnBasicSearch","searchOpenDialogs":true,"interaction":{"idSuffix":"I"}},"clearTextFirst":true,"interactionType":"ENTER_TEXT"}]}
COMMAND: POST /session/d41a4ef9228655ec76246a5e56c44812/actions - {"actions":[{"id":"action49","type":"key","parameters":{},"actions":[{"type":"keyDown","value":"î€‡"},{"type":"pause","duration":10},{"type":"keyUp","value":"î€‡"}]}]}
RESULT: {"actions":[{"id":"action49","type":"key","parameters":{},"actions":[{"type":"keyDown","value":"î€‡"},{"type":"pause","duration":10},{"type":"keyUp","value":"î€‡"}]}]}
COMMAND: GET /session/d41a4ef9228655ec76246a5e56c44812/screenshot - {}
RESULT: {}
COMMAND: POST /session/d41a4ef9228655ec76246a5e56c44812/execute/async - {"script":"<script> [1562 bytes]","args":[{"selector":{"id":"application-managehandovers-display-component---AddNewHO--popup-sa","searchOpenDialogs":true,"interaction":{"idSuffix":"CbBg"}},"wdio_ui5_key":"applicationmanagehandovers-display-component---AddNewHO--popup-sa"}]}
RESULT: {"script":"<script> [1562 bytes]","args":[{"selector":{"id":"application-managehandovers-display-component---AddNewHO--popup-sa","searchOpenDialogs":true,"interaction":{"idSuffix":"CbBg"}},"wdio_ui5_key":"applicationmanagehandovers-display-component---AddNewHO--popup-sa"}]}
RESULT: undefined
COMMAND: POST /session/d41a4ef9228655ec76246a5e56c44812/element - {"using":"xpath","value":"//*[@id=\"application-managehandovers-display-component---AddNewHO--popup-sa\"]"}
RESULT: {"using":"xpath","value":"//*[@id=\"application-managehandovers-display-component---AddNewHO--popup-sa\"]"}
COMMAND: POST /session/d41a4ef9228655ec76246a5e56c44812/element/f.8359050118E493E9D810750CB1F2C9B3.d.8B01ABA4F862FE54879379537EBE0FA2.e.14469/click - {}
RESULT: {}
COMMAND: GET /session/d41a4ef9228655ec76246a5e56c44812/screenshot - {}
RESULT: {}
COMMAND: POST /session/d41a4ef9228655ec76246a5e56c44812/element - {"using":"xpath","value":"//bdi[contains(text(), \"Select\")]"}
RESULT: {"using":"xpath","value":"//bdi[contains(text(), \"Select\")]"}
COMMAND: POST /session/d41a4ef9228655ec76246a5e56c44812/element/f.8359050118E493E9D810750CB1F2C9B3.d.8B01ABA4F862FE54879379537EBE0FA2.e.14470/click - {}
RESULT: {}
COMMAND: GET /session/d41a4ef9228655ec76246a5e56c44812/screenshot - {}
RESULT: {}
COMMAND: POST /session/d41a4ef9228655ec76246a5e56c44812/element - {"using":"xpath","value":"//button[@data-kt=\"AddNewHOSaveButton\"]"}
RESULT: {"using":"xpath","value":"//button[@data-kt=\"AddNewHOSaveButton\"]"}
COMMAND: POST /session/d41a4ef9228655ec76246a5e56c44812/element/f.8359050118E493E9D810750CB1F2C9B3.d.8B01ABA4F862FE54879379537EBE0FA2.e.14474/click - {}
RESULT: {}
COMMAND: GET /session/d41a4ef9228655ec76246a5e56c44812/screenshot - {}
RESULT: {}
COMMAND: POST /session/d41a4ef9228655ec76246a5e56c44812/execute/async - {"script":"<script> [1562 bytes]","args":[{"selector":{"id":"receiptDatePicker","viewName":"etm.portal.ui.managehandovers.view.DetailExecuteHO","interaction":{"idSuffix":"inner"}},"wdio_ui5_key":"receiptDatePickeretmportal.ui.managehandovers.view.DetailExecuteHO"}]}
RESULT: {"script":"<script> [1562 bytes]","args":[{"selector":{"id":"receiptDatePicker","viewName":"etm.portal.ui.managehandovers.view.DetailExecuteHO","interaction":{"idSuffix":"inner"}},"wdio_ui5_key":"receiptDatePickeretmportal.ui.managehandovers.view.DetailExecuteHO"}]}
RESULT: undefined
COMMAND: POST /session/d41a4ef9228655ec76246a5e56c44812/execute/async - {"script":"<script> [6424 bytes]","args":[{"element-6066-11e4-a52e-4f735466cecf":"f.8359050118E493E9D810750CB1F2C9B3.d.8B01ABA4F862FE54879379537EBE0FA2.e.14493"},"setValue",["5/16/25"]]}
RESULT: {"script":"<script> [6424 bytes]","args":[{"element-6066-11e4-a52e-4f735466cecf":"f.8359050118E493E9D810750CB1F2C9B3.d.8B01ABA4F862FE54879379537EBE0FA2.e.14493"},"setValue",["5/16/25"]]}
COMMAND: POST /session/d41a4ef9228655ec76246a5e56c44812/element - {"using":"xpath","value":"//button[@data-kt=\"PickingTableConfirmAllButton\"]"}
RESULT: {"using":"xpath","value":"//button[@data-kt=\"PickingTableConfirmAllButton\"]"}
COMMAND: POST /session/d41a4ef9228655ec76246a5e56c44812/element/f.8359050118E493E9D810750CB1F2C9B3.d.8B01ABA4F862FE54879379537EBE0FA2.e.14506/click - {}
RESULT: {}
COMMAND: GET /session/d41a4ef9228655ec76246a5e56c44812/screenshot - {}
RESULT: {}
COMMAND: POST /session/d41a4ef9228655ec76246a5e56c44812/element - {"using":"xpath","value":"//bdi[contains(text(), \"OK\")]"}
RESULT: {"using":"xpath","value":"//bdi[contains(text(), \"OK\")]"}
COMMAND: POST /session/d41a4ef9228655ec76246a5e56c44812/element/f.8359050118E493E9D810750CB1F2C9B3.d.8B01ABA4F862FE54879379537EBE0FA2.e.14508/click - {}
RESULT: {}
COMMAND: GET /session/d41a4ef9228655ec76246a5e56c44812/screenshot - {}
RESULT: {}
COMMAND: POST /session/d41a4ef9228655ec76246a5e56c44812/element - {"using":"xpath","value":"(//bdi[contains(text(), \"Receive\")])[2]"}
RESULT: {"using":"xpath","value":"(//bdi[contains(text(), \"Receive\")])[2]"}
COMMAND: POST /session/d41a4ef9228655ec76246a5e56c44812/element/f.8359050118E493E9D810750CB1F2C9B3.d.8B01ABA4F862FE54879379537EBE0FA2.e.14510/click - {}
RESULT: {}
COMMAND: GET /session/d41a4ef9228655ec76246a5e56c44812/screenshot - {}
RESULT: {}
COMMAND: POST /session/d41a4ef9228655ec76246a5e56c44812/element - {"using":"css selector","value":"#shell-header-logo"}
RESULT: {"using":"css selector","value":"#shell-header-logo"}
COMMAND: POST /session/d41a4ef9228655ec76246a5e56c44812/element/f.8359050118E493E9D810750CB1F2C9B3.d.8B01ABA4F862FE54879379537EBE0FA2.e.13900/click - {}
RESULT: {}
COMMAND: GET /session/d41a4ef9228655ec76246a5e56c44812/screenshot - {}
RESULT: {}
]]></system-out>
    </testcase>
    <testcase classname="chrome.136_0_7103_93.windows.Provide_to_Site_w/o_warehouse_management_w_clarification" name="Should create a new contract" time="59.3">
      <system-out><![CDATA[
COMMAND: POST /session/d41a4ef9228655ec76246a5e56c44812/execute/async - {"script":"<script> [1562 bytes]","args":[{"selector":{"controlType":"sap.m.GenericTile","properties":{"header":"Manage Contracts"}},"wdio_ui5_key":"sapm.GenericTile{\"header\":\"Manage Contracts\"}"}]}
RESULT: {"script":"<script> [1562 bytes]","args":[{"selector":{"controlType":"sap.m.GenericTile","properties":{"header":"Manage Contracts"}},"wdio_ui5_key":"sapm.GenericTile{\"header\":\"Manage Contracts\"}"}]}
RESULT: undefined
COMMAND: POST /session/d41a4ef9228655ec76246a5e56c44812/element - {"using":"xpath","value":"//*[@id=\"__tile130\"]"}
RESULT: {"using":"xpath","value":"//*[@id=\"__tile130\"]"}
COMMAND: POST /session/d41a4ef9228655ec76246a5e56c44812/element/f.8359050118E493E9D810750CB1F2C9B3.d.8B01ABA4F862FE54879379537EBE0FA2.e.13294/click - {}
RESULT: {}
COMMAND: GET /session/d41a4ef9228655ec76246a5e56c44812/screenshot - {}
RESULT: {}
COMMAND: POST /session/d41a4ef9228655ec76246a5e56c44812/elements - {"using":"xpath","value":"//span[text()='Error']"}
RESULT: {"using":"xpath","value":"//span[text()='Error']"}
COMMAND: POST /session/d41a4ef9228655ec76246a5e56c44812/element - {"using":"xpath","value":"//button[@data-kt=\"addButton\"]"}
RESULT: {"using":"xpath","value":"//button[@data-kt=\"addButton\"]"}
COMMAND: POST /session/d41a4ef9228655ec76246a5e56c44812/elements - {"using":"xpath","value":"//button[@data-kt=\"addButton\"]"}
RESULT: {"using":"xpath","value":"//button[@data-kt=\"addButton\"]"}
COMMAND: POST /session/d41a4ef9228655ec76246a5e56c44812/execute/sync - {"script":"<script> [8489 bytes]","args":[{"element-6066-11e4-a52e-4f735466cecf":"f.8359050118E493E9D810750CB1F2C9B3.d.8B01ABA4F862FE54879379537EBE0FA2.e.14729","ELEMENT":"f.8359050118E493E9D810750CB1F2C9B3.d.8B01ABA4F862FE54879379537EBE0FA2.e.14729"}]}
RESULT: {"script":"<script> [8489 bytes]","args":[{"element-6066-11e4-a52e-4f735466cecf":"f.8359050118E493E9D810750CB1F2C9B3.d.8B01ABA4F862FE54879379537EBE0FA2.e.14729","ELEMENT":"f.8359050118E493E9D810750CB1F2C9B3.d.8B01ABA4F862FE54879379537EBE0FA2.e.14729"}]}
COMMAND: GET /session/d41a4ef9228655ec76246a5e56c44812/element/f.8359050118E493E9D810750CB1F2C9B3.d.8B01ABA4F862FE54879379537EBE0FA2.e.14729/enabled - {}
COMMAND: GET /session/d41a4ef9228655ec76246a5e56c44812/screenshot - {}
RESULT: {}
COMMAND: POST /session/d41a4ef9228655ec76246a5e56c44812/execute/sync - {"script":"<script> [8489 bytes]","args":[{"element-6066-11e4-a52e-4f735466cecf":"f.8359050118E493E9D810750CB1F2C9B3.d.8B01ABA4F862FE54879379537EBE0FA2.e.14729","ELEMENT":"f.8359050118E493E9D810750CB1F2C9B3.d.8B01ABA4F862FE54879379537EBE0FA2.e.14729"}]}
COMMAND: GET /session/d41a4ef9228655ec76246a5e56c44812/screenshot - {}
RESULT: {}
RESULT: {"script":"<script> [8489 bytes]","args":[{"element-6066-11e4-a52e-4f735466cecf":"f.8359050118E493E9D810750CB1F2C9B3.d.8B01ABA4F862FE54879379537EBE0FA2.e.14729","ELEMENT":"f.8359050118E493E9D810750CB1F2C9B3.d.8B01ABA4F862FE54879379537EBE0FA2.e.14729"}]}
COMMAND: POST /session/d41a4ef9228655ec76246a5e56c44812/execute/sync - {"script":"<script> [5351 bytes]","args":[{"element-6066-11e4-a52e-4f735466cecf":"f.8359050118E493E9D810750CB1F2C9B3.d.8B01ABA4F862FE54879379537EBE0FA2.e.14729","ELEMENT":"f.8359050118E493E9D810750CB1F2C9B3.d.8B01ABA4F862FE54879379537EBE0FA2.e.14729"}]}
COMMAND: GET /session/d41a4ef9228655ec76246a5e56c44812/screenshot - {}
RESULT: {}
RESULT: {"script":"<script> [5351 bytes]","args":[{"element-6066-11e4-a52e-4f735466cecf":"f.8359050118E493E9D810750CB1F2C9B3.d.8B01ABA4F862FE54879379537EBE0FA2.e.14729","ELEMENT":"f.8359050118E493E9D810750CB1F2C9B3.d.8B01ABA4F862FE54879379537EBE0FA2.e.14729"}]}
COMMAND: GET /session/d41a4ef9228655ec76246a5e56c44812/screenshot - {}
RESULT: {}
RESULT: {}
COMMAND: POST /session/d41a4ef9228655ec76246a5e56c44812/element/f.8359050118E493E9D810750CB1F2C9B3.d.8B01ABA4F862FE54879379537EBE0FA2.e.14729/click - {}
RESULT: {}
COMMAND: GET /session/d41a4ef9228655ec76246a5e56c44812/screenshot - {}
COMMAND: POST /session/d41a4ef9228655ec76246a5e56c44812/execute/async - {"script":"<script> [1562 bytes]","args":[{"selector":{"id":"application-managecontracts-display-component---AddNewContract--projectDescription","interaction":{"idSuffix":"inner"}},"wdio_ui5_key":"applicationmanagecontracts-display-component---AddNewContract--projectDescription"}]}
RESULT: {}
RESULT: {"script":"<script> [1562 bytes]","args":[{"selector":{"id":"application-managecontracts-display-component---AddNewContract--projectDescription","interaction":{"idSuffix":"inner"}},"wdio_ui5_key":"applicationmanagecontracts-display-component---AddNewContract--projectDescription"}]}
RESULT: undefined
COMMAND: POST /session/d41a4ef9228655ec76246a5e56c44812/execute/async - {"script":"<script> [776 bytes]","args":[{"enterText":"Contract WDIO","selector":{"id":"application-managecontracts-display-component---AddNewContract--projectDescription","interaction":{"idSuffix":"inner"}},"clearTextFirst":true,"interactionType":"ENTER_TEXT"}]}
RESULT: {"script":"<script> [776 bytes]","args":[{"enterText":"Contract WDIO","selector":{"id":"application-managecontracts-display-component---AddNewContract--projectDescription","interaction":{"idSuffix":"inner"}},"clearTextFirst":true,"interactionType":"ENTER_TEXT"}]}
COMMAND: POST /session/d41a4ef9228655ec76246a5e56c44812/element - {"using":"xpath","value":"//input[@id=\"application-managecontracts-display-component---AddNewContract--site-inner\"]"}
RESULT: {"using":"xpath","value":"//input[@id=\"application-managecontracts-display-component---AddNewContract--site-inner\"]"}
COMMAND: POST /session/d41a4ef9228655ec76246a5e56c44812/element/f.8359050118E493E9D810750CB1F2C9B3.d.8B01ABA4F862FE54879379537EBE0FA2.e.15086/clear - {}
RESULT: {}
COMMAND: POST /session/d41a4ef9228655ec76246a5e56c44812/element/f.8359050118E493E9D810750CB1F2C9B3.d.8B01ABA4F862FE54879379537EBE0FA2.e.15086/value - {"text":"2223"}
COMMAND: GET /session/d41a4ef9228655ec76246a5e56c44812/screenshot - {}
RESULT: {"text":"2223"}
COMMAND: GET /session/d41a4ef9228655ec76246a5e56c44812/screenshot - {}
RESULT: {}
RESULT: {}
COMMAND: POST /session/d41a4ef9228655ec76246a5e56c44812/element - {"using":"xpath","value":"//li[.//span[text()='2223']]"}
RESULT: {"using":"xpath","value":"//li[.//span[text()='2223']]"}
COMMAND: POST /session/d41a4ef9228655ec76246a5e56c44812/element/f.8359050118E493E9D810750CB1F2C9B3.d.8B01ABA4F862FE54879379537EBE0FA2.e.15123/click - {}
RESULT: {}
COMMAND: GET /session/d41a4ef9228655ec76246a5e56c44812/screenshot - {}
RESULT: {}
COMMAND: POST /session/d41a4ef9228655ec76246a5e56c44812/element - {"using":"xpath","value":"//input[@id=\"application-managecontracts-display-component---AddNewContract--yardId-inner\"]"}
RESULT: {"using":"xpath","value":"//input[@id=\"application-managecontracts-display-component---AddNewContract--yardId-inner\"]"}
COMMAND: GET /session/d41a4ef9228655ec76246a5e56c44812/element/f.8359050118E493E9D810750CB1F2C9B3.d.8B01ABA4F862FE54879379537EBE0FA2.e.15087/property/value - {}
RESULT: {}
COMMAND: POST /session/d41a4ef9228655ec76246a5e56c44812/element - {"using":"xpath","value":"//input[@id=\"application-managecontracts-display-component---AddNewContract--customerSelect-inner\"]"}
RESULT: {"using":"xpath","value":"//input[@id=\"application-managecontracts-display-component---AddNewContract--customerSelect-inner\"]"}
COMMAND: POST /session/d41a4ef9228655ec76246a5e56c44812/element/f.8359050118E493E9D810750CB1F2C9B3.d.8B01ABA4F862FE54879379537EBE0FA2.e.15085/clear - {}
COMMAND: GET /session/d41a4ef9228655ec76246a5e56c44812/screenshot - {}
RESULT: {}
COMMAND: POST /session/d41a4ef9228655ec76246a5e56c44812/element/f.8359050118E493E9D810750CB1F2C9B3.d.8B01ABA4F862FE54879379537EBE0FA2.e.15085/value - {"text":"1263"}
COMMAND: GET /session/d41a4ef9228655ec76246a5e56c44812/screenshot - {}
RESULT: {}
RESULT: {"text":"1263"}
COMMAND: GET /session/d41a4ef9228655ec76246a5e56c44812/screenshot - {}
RESULT: {}
RESULT: {}
COMMAND: POST /session/d41a4ef9228655ec76246a5e56c44812/element - {"using":"xpath","value":"//li[.//span[text()='1263']]"}
RESULT: {"using":"xpath","value":"//li[.//span[text()='1263']]"}
COMMAND: POST /session/d41a4ef9228655ec76246a5e56c44812/element/f.8359050118E493E9D810750CB1F2C9B3.d.8B01ABA4F862FE54879379537EBE0FA2.e.15126/click - {}
RESULT: {}
COMMAND: GET /session/d41a4ef9228655ec76246a5e56c44812/screenshot - {}
RESULT: {}
COMMAND: POST /session/d41a4ef9228655ec76246a5e56c44812/element - {"using":"xpath","value":"//button[@data-kt=\"saveButton\"]"}
RESULT: {"using":"xpath","value":"//button[@data-kt=\"saveButton\"]"}
COMMAND: POST /session/d41a4ef9228655ec76246a5e56c44812/element/f.8359050118E493E9D810750CB1F2C9B3.d.8B01ABA4F862FE54879379537EBE0FA2.e.15127/click - {}
RESULT: {}
COMMAND: GET /session/d41a4ef9228655ec76246a5e56c44812/screenshot - {}
RESULT: {}
COMMAND: POST /session/d41a4ef9228655ec76246a5e56c44812/element - {"using":"xpath","value":"//span[contains(@id ,\"contractDetailTitleNoExpanded\")]"}
RESULT: {"using":"xpath","value":"//span[contains(@id ,\"contractDetailTitleNoExpanded\")]"}
COMMAND: POST /session/d41a4ef9228655ec76246a5e56c44812/elements - {"using":"xpath","value":"//span[contains(@id ,\"contractDetailTitleNoExpanded\")]"}
RESULT: {"using":"xpath","value":"//span[contains(@id ,\"contractDetailTitleNoExpanded\")]"}
COMMAND: POST /session/d41a4ef9228655ec76246a5e56c44812/execute/sync - {"script":"<script> [56 bytes]","args":[{"element-6066-11e4-a52e-4f735466cecf":"f.8359050118E493E9D810750CB1F2C9B3.d.8B01ABA4F862FE54879379537EBE0FA2.e.15199","ELEMENT":"f.8359050118E493E9D810750CB1F2C9B3.d.8B01ABA4F862FE54879379537EBE0FA2.e.15199"}]}
RESULT: {"script":"<script> [56 bytes]","args":[{"element-6066-11e4-a52e-4f735466cecf":"f.8359050118E493E9D810750CB1F2C9B3.d.8B01ABA4F862FE54879379537EBE0FA2.e.15199","ELEMENT":"f.8359050118E493E9D810750CB1F2C9B3.d.8B01ABA4F862FE54879379537EBE0FA2.e.15199"}]}
COMMAND: GET /session/d41a4ef9228655ec76246a5e56c44812/screenshot - {}
RESULT: {}
]]></system-out>
    </testcase>
    <testcase classname="chrome.136_0_7103_93.windows.Provide_to_Site_w/o_warehouse_management_w_clarification" name="Should add equipment to the contract" time="56.086">
      <system-out><![CDATA[
COMMAND: POST /session/d41a4ef9228655ec76246a5e56c44812/element - {"using":"xpath","value":"//button[@data-kt=\"contractDetailEditBtnButton\"]"}
RESULT: {"using":"xpath","value":"//button[@data-kt=\"contractDetailEditBtnButton\"]"}
COMMAND: POST /session/d41a4ef9228655ec76246a5e56c44812/element/f.8359050118E493E9D810750CB1F2C9B3.d.8B01ABA4F862FE54879379537EBE0FA2.e.15200/click - {}
RESULT: {}
COMMAND: GET /session/d41a4ef9228655ec76246a5e56c44812/screenshot - {}
RESULT: {}
COMMAND: POST /session/d41a4ef9228655ec76246a5e56c44812/element - {"using":"xpath","value":"(//span[contains(text(), \"Additional Addresses\")])[2]"}
RESULT: {"using":"xpath","value":"(//span[contains(text(), \"Additional Addresses\")])[2]"}
COMMAND: POST /session/d41a4ef9228655ec76246a5e56c44812/element/f.8359050118E493E9D810750CB1F2C9B3.d.8B01ABA4F862FE54879379537EBE0FA2.e.15256/click - {}
RESULT: {}
COMMAND: GET /session/d41a4ef9228655ec76246a5e56c44812/screenshot - {}
RESULT: {}
COMMAND: POST /session/d41a4ef9228655ec76246a5e56c44812/element - {"using":"xpath","value":"//button[@data-kt=\"btnAddTableRowOverflowToolbarButton\"]"}
RESULT: {"using":"xpath","value":"//button[@data-kt=\"btnAddTableRowOverflowToolbarButton\"]"}
COMMAND: POST /session/d41a4ef9228655ec76246a5e56c44812/element/f.8359050118E493E9D810750CB1F2C9B3.d.8B01ABA4F862FE54879379537EBE0FA2.e.15258/click - {}
RESULT: {}
COMMAND: GET /session/d41a4ef9228655ec76246a5e56c44812/screenshot - {}
RESULT: {}
COMMAND: POST /session/d41a4ef9228655ec76246a5e56c44812/element - {"using":"xpath","value":"//div[(text() = 'Standard Entry' or . = 'Standard Entry')]"}
RESULT: {"using":"xpath","value":"//div[(text() = 'Standard Entry' or . = 'Standard Entry')]"}
COMMAND: POST /session/d41a4ef9228655ec76246a5e56c44812/element/f.8359050118E493E9D810750CB1F2C9B3.d.8B01ABA4F862FE54879379537EBE0FA2.e.15260/click - {}
RESULT: {}
COMMAND: GET /session/d41a4ef9228655ec76246a5e56c44812/screenshot - {}
RESULT: {}
COMMAND: POST /session/d41a4ef9228655ec76246a5e56c44812/element - {"using":"xpath","value":"//td[6]/div/div/div/span"}
RESULT: {"using":"xpath","value":"//td[6]/div/div/div/span"}
COMMAND: POST /session/d41a4ef9228655ec76246a5e56c44812/element/f.8359050118E493E9D810750CB1F2C9B3.d.8B01ABA4F862FE54879379537EBE0FA2.e.15272/click - {}
RESULT: {}
COMMAND: GET /session/d41a4ef9228655ec76246a5e56c44812/screenshot - {}
RESULT: {}
COMMAND: POST /session/d41a4ef9228655ec76246a5e56c44812/element - {"using":"xpath","value":"(//span[contains(text(), \"Material\")])"}
RESULT: {"using":"xpath","value":"(//span[contains(text(), \"Material\")])"}
COMMAND: POST /session/d41a4ef9228655ec76246a5e56c44812/element/f.8359050118E493E9D810750CB1F2C9B3.d.8B01ABA4F862FE54879379537EBE0FA2.e.15273/click - {}
RESULT: {}
COMMAND: GET /session/d41a4ef9228655ec76246a5e56c44812/screenshot - {}
RESULT: {}
COMMAND: POST /session/d41a4ef9228655ec76246a5e56c44812/element - {"using":"xpath","value":"//td[7]/div/div/input"}
RESULT: {"using":"xpath","value":"//td[7]/div/div/input"}
COMMAND: POST /session/d41a4ef9228655ec76246a5e56c44812/element/f.8359050118E493E9D810750CB1F2C9B3.d.8B01ABA4F862FE54879379537EBE0FA2.e.15277/clear - {}
RESULT: {}
COMMAND: POST /session/d41a4ef9228655ec76246a5e56c44812/element/f.8359050118E493E9D810750CB1F2C9B3.d.8B01ABA4F862FE54879379537EBE0FA2.e.15277/value - {"text":"200239"}
COMMAND: GET /session/d41a4ef9228655ec76246a5e56c44812/screenshot - {}
RESULT: {"text":"200239"}
COMMAND: GET /session/d41a4ef9228655ec76246a5e56c44812/screenshot - {}
RESULT: {}
RESULT: {}
COMMAND: POST /session/d41a4ef9228655ec76246a5e56c44812/actions - {"actions":[{"id":"action50","type":"key","parameters":{},"actions":[{"type":"keyDown","value":"î€‡"},{"type":"pause","duration":10},{"type":"keyUp","value":"î€‡"}]}]}
RESULT: {"actions":[{"id":"action50","type":"key","parameters":{},"actions":[{"type":"keyDown","value":"î€‡"},{"type":"pause","duration":10},{"type":"keyUp","value":"î€‡"}]}]}
COMMAND: GET /session/d41a4ef9228655ec76246a5e56c44812/screenshot - {}
RESULT: {}
COMMAND: POST /session/d41a4ef9228655ec76246a5e56c44812/execute/sync - {"script":"<script> [276 bytes]","args":["No pricing information was found"]}
RESULT: {"script":"<script> [276 bytes]","args":["No pricing information was found"]}
COMMAND: POST /session/d41a4ef9228655ec76246a5e56c44812/element - {"using":"xpath","value":"//bdi[contains(text(), \"OK\")]"}
COMMAND: GET /session/d41a4ef9228655ec76246a5e56c44812/screenshot - {}
RESULT: {"using":"xpath","value":"//bdi[contains(text(), \"OK\")]"}
COMMAND: POST /session/d41a4ef9228655ec76246a5e56c44812/element/f.8359050118E493E9D810750CB1F2C9B3.d.8B01ABA4F862FE54879379537EBE0FA2.e.15303/click - {}
RESULT: {}
RESULT: {}
COMMAND: GET /session/d41a4ef9228655ec76246a5e56c44812/screenshot - {}
RESULT: {}
COMMAND: POST /session/d41a4ef9228655ec76246a5e56c44812/element - {"using":"xpath","value":"(//button[@data-kt=\"saveButton\"])[2]"}
RESULT: {"using":"xpath","value":"(//button[@data-kt=\"saveButton\"])[2]"}
COMMAND: POST /session/d41a4ef9228655ec76246a5e56c44812/element/f.8359050118E493E9D810750CB1F2C9B3.d.8B01ABA4F862FE54879379537EBE0FA2.e.15304/click - {}
RESULT: {}
COMMAND: GET /session/d41a4ef9228655ec76246a5e56c44812/screenshot - {}
RESULT: {}
COMMAND: POST /session/d41a4ef9228655ec76246a5e56c44812/execute/sync - {"script":"<script> [276 bytes]","args":["Some contract items are having rental validity exceeding header rental validity"]}
RESULT: {"script":"<script> [276 bytes]","args":["Some contract items are having rental validity exceeding header rental validity"]}
COMMAND: GET /session/d41a4ef9228655ec76246a5e56c44812/screenshot - {}
RESULT: {}
COMMAND: POST /session/d41a4ef9228655ec76246a5e56c44812/element - {"using":"xpath","value":"//span[contains(@id ,\"contractItemsSmartTable-header-inner\")]"}
RESULT: {"using":"xpath","value":"//span[contains(@id ,\"contractItemsSmartTable-header-inner\")]"}
COMMAND: POST /session/d41a4ef9228655ec76246a5e56c44812/elements - {"using":"xpath","value":"//span[contains(@id ,\"contractItemsSmartTable-header-inner\")]"}
RESULT: {"using":"xpath","value":"//span[contains(@id ,\"contractItemsSmartTable-header-inner\")]"}
COMMAND: POST /session/d41a4ef9228655ec76246a5e56c44812/execute/sync - {"script":"<script> [56 bytes]","args":[{"element-6066-11e4-a52e-4f735466cecf":"f.8359050118E493E9D810750CB1F2C9B3.d.8B01ABA4F862FE54879379537EBE0FA2.e.15308","ELEMENT":"f.8359050118E493E9D810750CB1F2C9B3.d.8B01ABA4F862FE54879379537EBE0FA2.e.15308"}]}
RESULT: {"script":"<script> [56 bytes]","args":[{"element-6066-11e4-a52e-4f735466cecf":"f.8359050118E493E9D810750CB1F2C9B3.d.8B01ABA4F862FE54879379537EBE0FA2.e.15308","ELEMENT":"f.8359050118E493E9D810750CB1F2C9B3.d.8B01ABA4F862FE54879379537EBE0FA2.e.15308"}]}
COMMAND: GET /session/d41a4ef9228655ec76246a5e56c44812/screenshot - {}
]]></system-out>
    </testcase>
    <testcase classname="chrome.136_0_7103_93.windows.Provide_to_Site_w/o_warehouse_management_w_clarification" name="Should do provide to site" time="146.552">
      <system-out><![CDATA[
COMMAND: POST /session/d41a4ef9228655ec76246a5e56c44812/element - {"using":"xpath","value":"//button[@data-kt=\"provideButton\"]"}
RESULT: {}
RESULT: {"using":"xpath","value":"//button[@data-kt=\"provideButton\"]"}
COMMAND: POST /session/d41a4ef9228655ec76246a5e56c44812/element/f.8359050118E493E9D810750CB1F2C9B3.d.8B01ABA4F862FE54879379537EBE0FA2.e.15309/click - {}
RESULT: {}
COMMAND: GET /session/d41a4ef9228655ec76246a5e56c44812/screenshot - {}
RESULT: {}
COMMAND: POST /session/d41a4ef9228655ec76246a5e56c44812/element - {"using":"xpath","value":"(//div[contains(@id, \"application-managehandovers-display-component---AddNewHO--oneStep-CbBg\")])"}
RESULT: {"using":"xpath","value":"(//div[contains(@id, \"application-managehandovers-display-component---AddNewHO--oneStep-CbBg\")])"}
COMMAND: POST /session/d41a4ef9228655ec76246a5e56c44812/element - {"using":"xpath","value":"(//div[contains(@id, \"application-managehandovers-display-component---AddNewHO--oneStep-CbBg\")])/input"}
RESULT: {"using":"xpath","value":"(//div[contains(@id, \"application-managehandovers-display-component---AddNewHO--oneStep-CbBg\")])/input"}
COMMAND: GET /session/d41a4ef9228655ec76246a5e56c44812/element/f.8359050118E493E9D810750CB1F2C9B3.d.8B01ABA4F862FE54879379537EBE0FA2.e.15401/attribute/checked - {}
RESULT: {}
RESULT: undefined
COMMAND: POST /session/d41a4ef9228655ec76246a5e56c44812/execute/async - {"script":"<script> [6424 bytes]","args":[{"element-6066-11e4-a52e-4f735466cecf":"f.8359050118E493E9D810750CB1F2C9B3.d.8B01ABA4F862FE54879379537EBE0FA2.e.14291"},"setValue",["05/16/25"]]}
COMMAND: POST /session/d41a4ef9228655ec76246a5e56c44812/element/f.8359050118E493E9D810750CB1F2C9B3.d.8B01ABA4F862FE54879379537EBE0FA2.e.15622/click - {}
COMMAND: POST /session/d41a4ef9228655ec76246a5e56c44812/execute/async - {"script":"<script> [1562 bytes]","args":[{"selector":{"id":"application-managehandovers-display-component---AddNewHO--dueDate","interaction":{"idSuffix":"inner"}},"wdio_ui5_key":"applicationmanagehandovers-display-component---AddNewHO--dueDate"}]}
RESULT: {}
COMMAND: GET /session/d41a4ef9228655ec76246a5e56c44812/screenshot - {}
RESULT: {"script":"<script> [1562 bytes]","args":[{"selector":{"id":"application-managehandovers-display-component---AddNewHO--dueDate","interaction":{"idSuffix":"inner"}},"wdio_ui5_key":"applicationmanagehandovers-display-component---AddNewHO--dueDate"}]}
COMMAND: POST /session/d41a4ef9228655ec76246a5e56c44812/execute/async - {"script":"<script> [6424 bytes]","args":[{"element-6066-11e4-a52e-4f735466cecf":"f.8359050118E493E9D810750CB1F2C9B3.d.8B01ABA4F862FE54879379537EBE0FA2.e.15399"},"setValue",["05/16/25"]]}
RESULT: {}
RESULT: {"script":"<script> [6424 bytes]","args":[{"element-6066-11e4-a52e-4f735466cecf":"f.8359050118E493E9D810750CB1F2C9B3.d.8B01ABA4F862FE54879379537EBE0FA2.e.15399"},"setValue",["05/16/25"]]}
COMMAND: POST /session/d41a4ef9228655ec76246a5e56c44812/element - {"using":"xpath","value":"//bdi[contains(text(), \"Instructions\")]"}
RESULT: {"using":"xpath","value":"//bdi[contains(text(), \"Instructions\")]"}
COMMAND: POST /session/d41a4ef9228655ec76246a5e56c44812/element/f.8359050118E493E9D810750CB1F2C9B3.d.8B01ABA4F862FE54879379537EBE0FA2.e.15624/click - {}
RESULT: {}
COMMAND: GET /session/d41a4ef9228655ec76246a5e56c44812/screenshot - {}
RESULT: {}
COMMAND: POST /session/d41a4ef9228655ec76246a5e56c44812/element - {"using":"xpath","value":"//button[@data-kt=\"AddNewHOProvideAddItemsButton\"]"}
RESULT: {"using":"xpath","value":"//button[@data-kt=\"AddNewHOProvideAddItemsButton\"]"}
COMMAND: POST /session/d41a4ef9228655ec76246a5e56c44812/element/f.8359050118E493E9D810750CB1F2C9B3.d.8B01ABA4F862FE54879379537EBE0FA2.e.15628/click - {}
RESULT: {}
COMMAND: GET /session/d41a4ef9228655ec76246a5e56c44812/screenshot - {}
RESULT: {}
RESULT: undefined
COMMAND: POST /session/d41a4ef9228655ec76246a5e56c44812/element - {"using":"xpath","value":"//*[@id=\"application-managehandovers-display-component---AddNewHO--popup-sa\"]"}
RESULT: {"using":"xpath","value":"//*[@id=\"application-managehandovers-display-component---AddNewHO--popup-sa\"]"}
COMMAND: POST /session/d41a4ef9228655ec76246a5e56c44812/element/f.8359050118E493E9D810750CB1F2C9B3.d.8B01ABA4F862FE54879379537EBE0FA2.e.15637/click - {}
RESULT: {}
COMMAND: GET /session/d41a4ef9228655ec76246a5e56c44812/screenshot - {}
RESULT: {}
COMMAND: POST /session/d41a4ef9228655ec76246a5e56c44812/element - {"using":"xpath","value":"//*[contains(@id ,\"BDI-content\")][contains(text(), \"Select\")]"}
RESULT: {"using":"xpath","value":"//*[contains(@id ,\"BDI-content\")][contains(text(), \"Select\")]"}
COMMAND: POST /session/d41a4ef9228655ec76246a5e56c44812/element/f.8359050118E493E9D810750CB1F2C9B3.d.8B01ABA4F862FE54879379537EBE0FA2.e.15639/click - {}
RESULT: {}
COMMAND: GET /session/d41a4ef9228655ec76246a5e56c44812/screenshot - {}
RESULT: {}
COMMAND: POST /session/d41a4ef9228655ec76246a5e56c44812/execute/async - {"script":"<script> [1562 bytes]","args":[{"selector":{"id":"application-managehandovers-display-component---AddNewHO--confirmCreationButton","interaction":{"idSuffix":"BDI-content"}},"wdio_ui5_key":"applicationmanagehandovers-display-component---AddNewHO--confirmCreationButton"}]}
RESULT: {"script":"<script> [1562 bytes]","args":[{"selector":{"id":"application-managehandovers-display-component---AddNewHO--confirmCreationButton","interaction":{"idSuffix":"BDI-content"}},"wdio_ui5_key":"applicationmanagehandovers-display-component---AddNewHO--confirmCreationButton"}]}
RESULT: undefined
COMMAND: POST /session/d41a4ef9228655ec76246a5e56c44812/element - {"using":"xpath","value":"//*[@id=\"application-managehandovers-display-component---AddNewHO--confirmCreationButton\"]"}
RESULT: {"using":"xpath","value":"//*[@id=\"application-managehandovers-display-component---AddNewHO--confirmCreationButton\"]"}
COMMAND: POST /session/d41a4ef9228655ec76246a5e56c44812/element/f.8359050118E493E9D810750CB1F2C9B3.d.8B01ABA4F862FE54879379537EBE0FA2.e.15444/click - {}
RESULT: {}
COMMAND: GET /session/d41a4ef9228655ec76246a5e56c44812/screenshot - {}
RESULT: {}
COMMAND: POST /session/d41a4ef9228655ec76246a5e56c44812/execute/async - {"script":"<script> [1562 bytes]","args":[{"selector":{"id":"issueDatePicker","viewName":"etm.portal.ui.managehandovers.view.DetailExecuteHO","interaction":{"idSuffix":"inner"}},"wdio_ui5_key":"issueDatePickeretmportal.ui.managehandovers.view.DetailExecuteHO"}]}
RESULT: {"script":"<script> [1562 bytes]","args":[{"selector":{"id":"issueDatePicker","viewName":"etm.portal.ui.managehandovers.view.DetailExecuteHO","interaction":{"idSuffix":"inner"}},"wdio_ui5_key":"issueDatePickeretmportal.ui.managehandovers.view.DetailExecuteHO"}]}
RESULT: undefined
COMMAND: POST /session/d41a4ef9228655ec76246a5e56c44812/execute/async - {"script":"<script> [776 bytes]","args":[{"enterText":"5/16/25","selector":{"id":"issueDatePicker","viewName":"etm.portal.ui.managehandovers.view.DetailExecuteHO","interaction":{"idSuffix":"inner"}},"clearTextFirst":true,"interactionType":"ENTER_TEXT"}]}
RESULT: {"script":"<script> [776 bytes]","args":[{"enterText":"5/16/25","selector":{"id":"issueDatePicker","viewName":"etm.portal.ui.managehandovers.view.DetailExecuteHO","interaction":{"idSuffix":"inner"}},"clearTextFirst":true,"interactionType":"ENTER_TEXT"}]}
COMMAND: POST /session/d41a4ef9228655ec76246a5e56c44812/element - {"using":"xpath","value":"//bdi[contains(text(), \"OK\")]"}
RESULT: {"using":"xpath","value":"//bdi[contains(text(), \"OK\")]"}
COMMAND: POST /session/d41a4ef9228655ec76246a5e56c44812/element/f.8359050118E493E9D810750CB1F2C9B3.d.8B01ABA4F862FE54879379537EBE0FA2.e.15684/click - {}
RESULT: {}
COMMAND: GET /session/d41a4ef9228655ec76246a5e56c44812/screenshot - {}
RESULT: {}
COMMAND: POST /session/d41a4ef9228655ec76246a5e56c44812/element - {"using":"xpath","value":"//button[@data-kt=\"PickingTableConfirmAllButton\"]"}
RESULT: {"using":"xpath","value":"//button[@data-kt=\"PickingTableConfirmAllButton\"]"}
COMMAND: POST /session/d41a4ef9228655ec76246a5e56c44812/element/f.8359050118E493E9D810750CB1F2C9B3.d.8B01ABA4F862FE54879379537EBE0FA2.e.15691/click - {}
RESULT: {}
COMMAND: GET /session/d41a4ef9228655ec76246a5e56c44812/screenshot - {}
RESULT: {}
COMMAND: POST /session/d41a4ef9228655ec76246a5e56c44812/element - {"using":"xpath","value":"//bdi[contains(text(), \"OK\")]"}
RESULT: {"using":"xpath","value":"//bdi[contains(text(), \"OK\")]"}
COMMAND: POST /session/d41a4ef9228655ec76246a5e56c44812/element/f.8359050118E493E9D810750CB1F2C9B3.d.8B01ABA4F862FE54879379537EBE0FA2.e.15694/click - {}
RESULT: {}
COMMAND: GET /session/d41a4ef9228655ec76246a5e56c44812/screenshot - {}
RESULT: {}
COMMAND: POST /session/d41a4ef9228655ec76246a5e56c44812/element - {"using":"xpath","value":"//button[@data-kt=\"execHoPickButton\"]"}
RESULT: {"using":"xpath","value":"//button[@data-kt=\"execHoPickButton\"]"}
COMMAND: POST /session/d41a4ef9228655ec76246a5e56c44812/element/f.8359050118E493E9D810750CB1F2C9B3.d.8B01ABA4F862FE54879379537EBE0FA2.e.15696/click - {}
RESULT: {}
COMMAND: GET /session/d41a4ef9228655ec76246a5e56c44812/screenshot - {}
RESULT: {}
COMMAND: POST /session/d41a4ef9228655ec76246a5e56c44812/element - {"using":"xpath","value":"//span[contains(@id ,\"filterItemControl_BASIC-RECEIVE_CONTRACT-vhi\")]"}
RESULT: {"using":"xpath","value":"//span[contains(@id ,\"filterItemControl_BASIC-RECEIVE_CONTRACT-vhi\")]"}
COMMAND: POST /session/d41a4ef9228655ec76246a5e56c44812/element/f.8359050118E493E9D810750CB1F2C9B3.d.8B01ABA4F862FE54879379537EBE0FA2.e.16055/click - {}
RESULT: {}
COMMAND: GET /session/d41a4ef9228655ec76246a5e56c44812/screenshot - {}
RESULT: {}
COMMAND: POST /session/d41a4ef9228655ec76246a5e56c44812/execute/async - {"script":"<script> [1562 bytes]","args":[{"selector":{"controlType":"sap.m.SearchField","viewName":"etm.portal.ui.managehandovers.view.MasterHO","bindingPath":{"path":"","propertyPath":"/_BASIC_SEARCH_FIELD","modelName":"fi1t3rM0d31"},"searchOpenDialogs":true,"interaction":{"idSuffix":"I"}},"wdio_ui5_key":"etmportal.ui.managehandovers.view.MasterHOsap.m.SearchField{\"path\":\"\",\"propertyPath\":\"/_BASIC_SEARCH_FIELD\",\"modelName\":\"fi1t3rM0d31\"}"}]}
RESULT: {"script":"<script> [1562 bytes]","args":[{"selector":{"controlType":"sap.m.SearchField","viewName":"etm.portal.ui.managehandovers.view.MasterHO","bindingPath":{"path":"","propertyPath":"/_BASIC_SEARCH_FIELD","modelName":"fi1t3rM0d31"},"searchOpenDialogs":true,"interaction":{"idSuffix":"I"}},"wdio_ui5_key":"etmportal.ui.managehandovers.view.MasterHOsap.m.SearchField{\"path\":\"\",\"propertyPath\":\"/_BASIC_SEARCH_FIELD\",\"modelName\":\"fi1t3rM0d31\"}"}]}
RESULT: undefined
COMMAND: POST /session/d41a4ef9228655ec76246a5e56c44812/execute/async - {"script":"<script> [776 bytes]","args":[{"enterText":"10310","selector":{"controlType":"sap.m.SearchField","viewName":"etm.portal.ui.managehandovers.view.MasterHO","bindingPath":{"path":"","propertyPath":"/_BASIC_SEARCH_FIELD","modelName":"fi1t3rM0d31"},"searchOpenDialogs":true,"interaction":{"idSuffix":"I"}},"clearTextFirst":true,"interactionType":"ENTER_TEXT"}]}
RESULT: {"script":"<script> [776 bytes]","args":[{"enterText":"10310","selector":{"controlType":"sap.m.SearchField","viewName":"etm.portal.ui.managehandovers.view.MasterHO","bindingPath":{"path":"","propertyPath":"/_BASIC_SEARCH_FIELD","modelName":"fi1t3rM0d31"},"searchOpenDialogs":true,"interaction":{"idSuffix":"I"}},"clearTextFirst":true,"interactionType":"ENTER_TEXT"}]}
COMMAND: POST /session/d41a4ef9228655ec76246a5e56c44812/actions - {"actions":[{"id":"action51","type":"key","parameters":{},"actions":[{"type":"keyDown","value":"î€‡"},{"type":"pause","duration":10},{"type":"keyUp","value":"î€‡"}]}]}
RESULT: {"actions":[{"id":"action51","type":"key","parameters":{},"actions":[{"type":"keyDown","value":"î€‡"},{"type":"pause","duration":10},{"type":"keyUp","value":"î€‡"}]}]}
COMMAND: GET /session/d41a4ef9228655ec76246a5e56c44812/screenshot - {}
RESULT: {}
COMMAND: POST /session/d41a4ef9228655ec76246a5e56c44812/element - {"using":"xpath","value":"//div[contains(@id, 'filterItemControl_BASIC-RECEIVE_CONTRACT-valueHelpDialog-table-rowsel0')]"}
RESULT: {"using":"xpath","value":"//div[contains(@id, 'filterItemControl_BASIC-RECEIVE_CONTRACT-valueHelpDialog-table-rowsel0')]"}
COMMAND: POST /session/d41a4ef9228655ec76246a5e56c44812/element/f.8359050118E493E9D810750CB1F2C9B3.d.8B01ABA4F862FE54879379537EBE0FA2.e.16063/click - {}
RESULT: {}
COMMAND: GET /session/d41a4ef9228655ec76246a5e56c44812/screenshot - {}
RESULT: {}
COMMAND: POST /session/d41a4ef9228655ec76246a5e56c44812/element - {"using":"xpath","value":"//bdi[contains(text(), \"OK\")]"}
RESULT: {"using":"xpath","value":"//bdi[contains(text(), \"OK\")]"}
COMMAND: POST /session/d41a4ef9228655ec76246a5e56c44812/element/f.8359050118E493E9D810750CB1F2C9B3.d.8B01ABA4F862FE54879379537EBE0FA2.e.16065/click - {}
RESULT: {}
COMMAND: GET /session/d41a4ef9228655ec76246a5e56c44812/screenshot - {}
RESULT: {}
COMMAND: POST /session/d41a4ef9228655ec76246a5e56c44812/element - {"using":"xpath","value":"//span[contains(@id, \"smartTable-header-inner\")]"}
RESULT: {"using":"xpath","value":"//span[contains(@id, \"smartTable-header-inner\")]"}
COMMAND: POST /session/d41a4ef9228655ec76246a5e56c44812/elements - {"using":"xpath","value":"//span[contains(@id, \"smartTable-header-inner\")]"}
RESULT: {"using":"xpath","value":"//span[contains(@id, \"smartTable-header-inner\")]"}
COMMAND: POST /session/d41a4ef9228655ec76246a5e56c44812/execute/sync - {"script":"<script> [56 bytes]","args":[{"element-6066-11e4-a52e-4f735466cecf":"f.8359050118E493E9D810750CB1F2C9B3.d.8B01ABA4F862FE54879379537EBE0FA2.e.16092","ELEMENT":"f.8359050118E493E9D810750CB1F2C9B3.d.8B01ABA4F862FE54879379537EBE0FA2.e.16092"}]}
RESULT: {"script":"<script> [56 bytes]","args":[{"element-6066-11e4-a52e-4f735466cecf":"f.8359050118E493E9D810750CB1F2C9B3.d.8B01ABA4F862FE54879379537EBE0FA2.e.16092","ELEMENT":"f.8359050118E493E9D810750CB1F2C9B3.d.8B01ABA4F862FE54879379537EBE0FA2.e.16092"}]}
COMMAND: POST /session/d41a4ef9228655ec76246a5e56c44812/element - {"using":"xpath","value":"//table[contains(@id, \"customHandovers\")]//tbody/tr[1]/td[2]/span"}
COMMAND: GET /session/d41a4ef9228655ec76246a5e56c44812/screenshot - {}
RESULT: {"using":"xpath","value":"//table[contains(@id, \"customHandovers\")]//tbody/tr[1]/td[2]/span"}
COMMAND: POST /session/d41a4ef9228655ec76246a5e56c44812/execute/sync - {"script":"<script> [56 bytes]","args":[{"element-6066-11e4-a52e-4f735466cecf":"f.8359050118E493E9D810750CB1F2C9B3.d.8B01ABA4F862FE54879379537EBE0FA2.e.16093","ELEMENT":"f.8359050118E493E9D810750CB1F2C9B3.d.8B01ABA4F862FE54879379537EBE0FA2.e.16093"}]}
RESULT: {}
RESULT: {"script":"<script> [56 bytes]","args":[{"element-6066-11e4-a52e-4f735466cecf":"f.8359050118E493E9D810750CB1F2C9B3.d.8B01ABA4F862FE54879379537EBE0FA2.e.16093","ELEMENT":"f.8359050118E493E9D810750CB1F2C9B3.d.8B01ABA4F862FE54879379537EBE0FA2.e.16093"}]}
COMMAND: POST /session/d41a4ef9228655ec76246a5e56c44812/element - {"using":"xpath","value":"(//span[contains(@id, \"imgNav\")])[1]"}
COMMAND: GET /session/d41a4ef9228655ec76246a5e56c44812/screenshot - {}
RESULT: {"using":"xpath","value":"(//span[contains(@id, \"imgNav\")])[1]"}
COMMAND: POST /session/d41a4ef9228655ec76246a5e56c44812/element/f.8359050118E493E9D810750CB1F2C9B3.d.8B01ABA4F862FE54879379537EBE0FA2.e.16090/click - {}
RESULT: {}
RESULT: {}
COMMAND: GET /session/d41a4ef9228655ec76246a5e56c44812/screenshot - {}
RESULT: {}
RESULT: undefined
COMMAND: POST /session/d41a4ef9228655ec76246a5e56c44812/execute/async - {"script":"<script> [776 bytes]","args":[{"enterText":"5/16/25","selector":{"id":"issueDatePicker","viewName":"etm.portal.ui.managehandovers.view.DetailExecuteHO","interaction":{"idSuffix":"inner"}},"clearTextFirst":true,"interactionType":"ENTER_TEXT"}]}
RESULT: {"script":"<script> [776 bytes]","args":[{"enterText":"5/16/25","selector":{"id":"issueDatePicker","viewName":"etm.portal.ui.managehandovers.view.DetailExecuteHO","interaction":{"idSuffix":"inner"}},"clearTextFirst":true,"interactionType":"ENTER_TEXT"}]}
COMMAND: POST /session/d41a4ef9228655ec76246a5e56c44812/element - {"using":"xpath","value":"//button[@data-kt=\"PickingTableConfirmAllButton\"]"}
RESULT: {"using":"xpath","value":"//button[@data-kt=\"PickingTableConfirmAllButton\"]"}
COMMAND: POST /session/d41a4ef9228655ec76246a5e56c44812/element/f.8359050118E493E9D810750CB1F2C9B3.d.8B01ABA4F862FE54879379537EBE0FA2.e.16134/click - {}
RESULT: {}
COMMAND: GET /session/d41a4ef9228655ec76246a5e56c44812/screenshot - {}
RESULT: {}
COMMAND: POST /session/d41a4ef9228655ec76246a5e56c44812/element - {"using":"xpath","value":"//bdi[contains(text(), \"OK\")]"}
RESULT: {"using":"xpath","value":"//bdi[contains(text(), \"OK\")]"}
COMMAND: POST /session/d41a4ef9228655ec76246a5e56c44812/element/f.8359050118E493E9D810750CB1F2C9B3.d.8B01ABA4F862FE54879379537EBE0FA2.e.16137/click - {}
RESULT: {}
COMMAND: GET /session/d41a4ef9228655ec76246a5e56c44812/screenshot - {}
RESULT: {}
COMMAND: POST /session/d41a4ef9228655ec76246a5e56c44812/element - {"using":"xpath","value":"//button[@data-kt=\"execHoIssueButton\"]"}
RESULT: {"using":"xpath","value":"//button[@data-kt=\"execHoIssueButton\"]"}
COMMAND: POST /session/d41a4ef9228655ec76246a5e56c44812/element/f.8359050118E493E9D810750CB1F2C9B3.d.8B01ABA4F862FE54879379537EBE0FA2.e.16139/click - {}
RESULT: {}
COMMAND: GET /session/d41a4ef9228655ec76246a5e56c44812/screenshot - {}
RESULT: {}
COMMAND: POST /session/d41a4ef9228655ec76246a5e56c44812/element - {"using":"xpath","value":"//input[contains(@id ,\"smartFilterBar-btnBasicSearch-I\")]"}
RESULT: {"using":"xpath","value":"//input[contains(@id ,\"smartFilterBar-btnBasicSearch-I\")]"}
COMMAND: POST /session/d41a4ef9228655ec76246a5e56c44812/elements - {"using":"xpath","value":"//input[contains(@id ,\"smartFilterBar-btnBasicSearch-I\")]"}
RESULT: {"using":"xpath","value":"//input[contains(@id ,\"smartFilterBar-btnBasicSearch-I\")]"}
COMMAND: POST /session/d41a4ef9228655ec76246a5e56c44812/execute/sync - {"script":"<script> [8489 bytes]","args":[{"element-6066-11e4-a52e-4f735466cecf":"f.8359050118E493E9D810750CB1F2C9B3.d.8B01ABA4F862FE54879379537EBE0FA2.e.15398","ELEMENT":"f.8359050118E493E9D810750CB1F2C9B3.d.8B01ABA4F862FE54879379537EBE0FA2.e.15398"}]}
RESULT: {"script":"<script> [8489 bytes]","args":[{"element-6066-11e4-a52e-4f735466cecf":"f.8359050118E493E9D810750CB1F2C9B3.d.8B01ABA4F862FE54879379537EBE0FA2.e.15398","ELEMENT":"f.8359050118E493E9D810750CB1F2C9B3.d.8B01ABA4F862FE54879379537EBE0FA2.e.15398"}]}
COMMAND: GET /session/d41a4ef9228655ec76246a5e56c44812/element/f.8359050118E493E9D810750CB1F2C9B3.d.8B01ABA4F862FE54879379537EBE0FA2.e.15398/enabled - {}
COMMAND: GET /session/d41a4ef9228655ec76246a5e56c44812/screenshot - {}
RESULT: {}
COMMAND: POST /session/d41a4ef9228655ec76246a5e56c44812/element/f.8359050118E493E9D810750CB1F2C9B3.d.8B01ABA4F862FE54879379537EBE0FA2.e.15398/clear - {}
COMMAND: GET /session/d41a4ef9228655ec76246a5e56c44812/screenshot - {}
RESULT: {}
RESULT: {}
COMMAND: POST /session/d41a4ef9228655ec76246a5e56c44812/element/f.8359050118E493E9D810750CB1F2C9B3.d.8B01ABA4F862FE54879379537EBE0FA2.e.15398/value - {"text":"30585"}
COMMAND: GET /session/d41a4ef9228655ec76246a5e56c44812/screenshot - {}
RESULT: {}
RESULT: {"text":"30585"}
COMMAND: GET /session/d41a4ef9228655ec76246a5e56c44812/screenshot - {}
RESULT: {}
RESULT: {}
COMMAND: POST /session/d41a4ef9228655ec76246a5e56c44812/actions - {"actions":[{"id":"action52","type":"key","parameters":{},"actions":[{"type":"keyDown","value":"î€‡"},{"type":"pause","duration":10},{"type":"keyUp","value":"î€‡"}]}]}
RESULT: {"actions":[{"id":"action52","type":"key","parameters":{},"actions":[{"type":"keyDown","value":"î€‡"},{"type":"pause","duration":10},{"type":"keyUp","value":"î€‡"}]}]}
COMMAND: GET /session/d41a4ef9228655ec76246a5e56c44812/screenshot - {}
RESULT: {}
COMMAND: POST /session/d41a4ef9228655ec76246a5e56c44812/element - {"using":"xpath","value":"//span[contains(@id, \"smartTable-header-inner\")]"}
RESULT: {"using":"xpath","value":"//span[contains(@id, \"smartTable-header-inner\")]"}
COMMAND: POST /session/d41a4ef9228655ec76246a5e56c44812/elements - {"using":"xpath","value":"//span[contains(@id, \"smartTable-header-inner\")]"}
RESULT: {"using":"xpath","value":"//span[contains(@id, \"smartTable-header-inner\")]"}
COMMAND: POST /session/d41a4ef9228655ec76246a5e56c44812/execute/sync - {"script":"<script> [56 bytes]","args":[{"element-6066-11e4-a52e-4f735466cecf":"f.8359050118E493E9D810750CB1F2C9B3.d.8B01ABA4F862FE54879379537EBE0FA2.e.16092","ELEMENT":"f.8359050118E493E9D810750CB1F2C9B3.d.8B01ABA4F862FE54879379537EBE0FA2.e.16092"}]}
RESULT: {"script":"<script> [56 bytes]","args":[{"element-6066-11e4-a52e-4f735466cecf":"f.8359050118E493E9D810750CB1F2C9B3.d.8B01ABA4F862FE54879379537EBE0FA2.e.16092","ELEMENT":"f.8359050118E493E9D810750CB1F2C9B3.d.8B01ABA4F862FE54879379537EBE0FA2.e.16092"}]}
COMMAND: POST /session/d41a4ef9228655ec76246a5e56c44812/elements - {"using":"xpath","value":"//thead[contains(@class, \"sapMTableTH\")]/tr/th"}
COMMAND: GET /session/d41a4ef9228655ec76246a5e56c44812/screenshot - {}
RESULT: {"using":"xpath","value":"//thead[contains(@class, \"sapMTableTH\")]/tr/th"}
COMMAND: GET /session/d41a4ef9228655ec76246a5e56c44812/element/f.8359050118E493E9D810750CB1F2C9B3.d.8B01ABA4F862FE54879379537EBE0FA2.e.16189/text - {}
RESULT: {}
RESULT: {}
COMMAND: GET /session/d41a4ef9228655ec76246a5e56c44812/element/f.8359050118E493E9D810750CB1F2C9B3.d.8B01ABA4F862FE54879379537EBE0FA2.e.16190/text - {}
RESULT: {}
COMMAND: GET /session/d41a4ef9228655ec76246a5e56c44812/element/f.8359050118E493E9D810750CB1F2C9B3.d.8B01ABA4F862FE54879379537EBE0FA2.e.15392/text - {}
RESULT: {}
COMMAND: GET /session/d41a4ef9228655ec76246a5e56c44812/element/f.8359050118E493E9D810750CB1F2C9B3.d.8B01ABA4F862FE54879379537EBE0FA2.e.15394/text - {}
RESULT: {}
COMMAND: GET /session/d41a4ef9228655ec76246a5e56c44812/element/f.8359050118E493E9D810750CB1F2C9B3.d.8B01ABA4F862FE54879379537EBE0FA2.e.16144/text - {}
RESULT: {}
COMMAND: GET /session/d41a4ef9228655ec76246a5e56c44812/element/f.8359050118E493E9D810750CB1F2C9B3.d.8B01ABA4F862FE54879379537EBE0FA2.e.16145/text - {}
RESULT: {}
COMMAND: GET /session/d41a4ef9228655ec76246a5e56c44812/element/f.8359050118E493E9D810750CB1F2C9B3.d.8B01ABA4F862FE54879379537EBE0FA2.e.16146/text - {}
RESULT: {}
COMMAND: GET /session/d41a4ef9228655ec76246a5e56c44812/element/f.8359050118E493E9D810750CB1F2C9B3.d.8B01ABA4F862FE54879379537EBE0FA2.e.16147/text - {}
RESULT: {}
COMMAND: GET /session/d41a4ef9228655ec76246a5e56c44812/element/f.8359050118E493E9D810750CB1F2C9B3.d.8B01ABA4F862FE54879379537EBE0FA2.e.16148/text - {}
RESULT: {}
COMMAND: GET /session/d41a4ef9228655ec76246a5e56c44812/element/f.8359050118E493E9D810750CB1F2C9B3.d.8B01ABA4F862FE54879379537EBE0FA2.e.16149/text - {}
RESULT: {}
COMMAND: GET /session/d41a4ef9228655ec76246a5e56c44812/element/f.8359050118E493E9D810750CB1F2C9B3.d.8B01ABA4F862FE54879379537EBE0FA2.e.16150/text - {}
RESULT: {}
COMMAND: GET /session/d41a4ef9228655ec76246a5e56c44812/element/f.8359050118E493E9D810750CB1F2C9B3.d.8B01ABA4F862FE54879379537EBE0FA2.e.16151/text - {}
RESULT: {}
COMMAND: GET /session/d41a4ef9228655ec76246a5e56c44812/element/f.8359050118E493E9D810750CB1F2C9B3.d.8B01ABA4F862FE54879379537EBE0FA2.e.16152/text - {}
RESULT: {}
COMMAND: GET /session/d41a4ef9228655ec76246a5e56c44812/element/f.8359050118E493E9D810750CB1F2C9B3.d.8B01ABA4F862FE54879379537EBE0FA2.e.15395/text - {}
RESULT: {}
COMMAND: POST /session/d41a4ef9228655ec76246a5e56c44812/element - {"using":"xpath","value":"//tbody[contains(@id, \"customHandoversTable-tblBody\")]/tr[1]/td[14]/div/span"}
RESULT: {"using":"xpath","value":"//tbody[contains(@id, \"customHandoversTable-tblBody\")]/tr[1]/td[14]/div/span"}
COMMAND: POST /session/d41a4ef9228655ec76246a5e56c44812/execute/sync - {"script":"<script> [56 bytes]","args":[{"element-6066-11e4-a52e-4f735466cecf":"f.8359050118E493E9D810750CB1F2C9B3.d.8B01ABA4F862FE54879379537EBE0FA2.e.16242","ELEMENT":"f.8359050118E493E9D810750CB1F2C9B3.d.8B01ABA4F862FE54879379537EBE0FA2.e.16242"}]}
RESULT: {"script":"<script> [56 bytes]","args":[{"element-6066-11e4-a52e-4f735466cecf":"f.8359050118E493E9D810750CB1F2C9B3.d.8B01ABA4F862FE54879379537EBE0FA2.e.16242","ELEMENT":"f.8359050118E493E9D810750CB1F2C9B3.d.8B01ABA4F862FE54879379537EBE0FA2.e.16242"}]}
COMMAND: POST /session/d41a4ef9228655ec76246a5e56c44812/element - {"using":"xpath","value":"(//span[contains(@id, \"imgNav\")])[1]"}
COMMAND: GET /session/d41a4ef9228655ec76246a5e56c44812/screenshot - {}
RESULT: {"using":"xpath","value":"(//span[contains(@id, \"imgNav\")])[1]"}
COMMAND: POST /session/d41a4ef9228655ec76246a5e56c44812/element/f.8359050118E493E9D810750CB1F2C9B3.d.8B01ABA4F862FE54879379537EBE0FA2.e.16185/click - {}
RESULT: {}
RESULT: {}
COMMAND: GET /session/d41a4ef9228655ec76246a5e56c44812/screenshot - {}
RESULT: {}
RESULT: undefined
COMMAND: POST /session/d41a4ef9228655ec76246a5e56c44812/execute/async - {"script":"<script> [776 bytes]","args":[{"enterText":"05/16/25","selector":{"id":"receiptDatePicker","viewName":"etm.portal.ui.managehandovers.view.DetailExecuteHO","interaction":{"idSuffix":"inner"}},"clearTextFirst":true,"interactionType":"ENTER_TEXT"}]}
RESULT: {"script":"<script> [776 bytes]","args":[{"enterText":"05/16/25","selector":{"id":"receiptDatePicker","viewName":"etm.portal.ui.managehandovers.view.DetailExecuteHO","interaction":{"idSuffix":"inner"}},"clearTextFirst":true,"interactionType":"ENTER_TEXT"}]}
COMMAND: POST /session/d41a4ef9228655ec76246a5e56c44812/element - {"using":"xpath","value":"//bdi[contains(text(), \"OK\")]"}
RESULT: {"using":"xpath","value":"//bdi[contains(text(), \"OK\")]"}
COMMAND: POST /session/d41a4ef9228655ec76246a5e56c44812/element/f.8359050118E493E9D810750CB1F2C9B3.d.8B01ABA4F862FE54879379537EBE0FA2.e.16262/click - {}
RESULT: {}
COMMAND: GET /session/d41a4ef9228655ec76246a5e56c44812/screenshot - {}
RESULT: {}
COMMAND: POST /session/d41a4ef9228655ec76246a5e56c44812/element - {"using":"xpath","value":"//button[@data-kt=\"PickingTableConfirmAllButton\"]"}
RESULT: {"using":"xpath","value":"//button[@data-kt=\"PickingTableConfirmAllButton\"]"}
COMMAND: POST /session/d41a4ef9228655ec76246a5e56c44812/element/f.8359050118E493E9D810750CB1F2C9B3.d.8B01ABA4F862FE54879379537EBE0FA2.e.16249/click - {}
RESULT: {}
COMMAND: GET /session/d41a4ef9228655ec76246a5e56c44812/screenshot - {}
RESULT: {}
COMMAND: POST /session/d41a4ef9228655ec76246a5e56c44812/element - {"using":"xpath","value":"//bdi[contains(text(), \"OK\")]"}
RESULT: {"using":"xpath","value":"//bdi[contains(text(), \"OK\")]"}
COMMAND: POST /session/d41a4ef9228655ec76246a5e56c44812/element/f.8359050118E493E9D810750CB1F2C9B3.d.8B01ABA4F862FE54879379537EBE0FA2.e.16273/click - {}
RESULT: {}
COMMAND: GET /session/d41a4ef9228655ec76246a5e56c44812/screenshot - {}
RESULT: {}
COMMAND: POST /session/d41a4ef9228655ec76246a5e56c44812/element - {"using":"xpath","value":"//button[@data-kt= \"execHoReceiveButton\"]"}
RESULT: {"using":"xpath","value":"//button[@data-kt= \"execHoReceiveButton\"]"}
COMMAND: POST /session/d41a4ef9228655ec76246a5e56c44812/element/f.8359050118E493E9D810750CB1F2C9B3.d.8B01ABA4F862FE54879379537EBE0FA2.e.16274/click - {}
RESULT: {}
COMMAND: GET /session/d41a4ef9228655ec76246a5e56c44812/screenshot - {}
RESULT: {}
COMMAND: POST /session/d41a4ef9228655ec76246a5e56c44812/element - {"using":"xpath","value":"//input[contains(@id ,\"smartFilterBar-btnBasicSearch-I\")]"}
RESULT: {"using":"xpath","value":"//input[contains(@id ,\"smartFilterBar-btnBasicSearch-I\")]"}
COMMAND: POST /session/d41a4ef9228655ec76246a5e56c44812/elements - {"using":"xpath","value":"//input[contains(@id ,\"smartFilterBar-btnBasicSearch-I\")]"}
RESULT: {"using":"xpath","value":"//input[contains(@id ,\"smartFilterBar-btnBasicSearch-I\")]"}
COMMAND: POST /session/d41a4ef9228655ec76246a5e56c44812/execute/sync - {"script":"<script> [8489 bytes]","args":[{"element-6066-11e4-a52e-4f735466cecf":"f.8359050118E493E9D810750CB1F2C9B3.d.8B01ABA4F862FE54879379537EBE0FA2.e.15398","ELEMENT":"f.8359050118E493E9D810750CB1F2C9B3.d.8B01ABA4F862FE54879379537EBE0FA2.e.15398"}]}
RESULT: {"script":"<script> [8489 bytes]","args":[{"element-6066-11e4-a52e-4f735466cecf":"f.8359050118E493E9D810750CB1F2C9B3.d.8B01ABA4F862FE54879379537EBE0FA2.e.15398","ELEMENT":"f.8359050118E493E9D810750CB1F2C9B3.d.8B01ABA4F862FE54879379537EBE0FA2.e.15398"}]}
COMMAND: GET /session/d41a4ef9228655ec76246a5e56c44812/element/f.8359050118E493E9D810750CB1F2C9B3.d.8B01ABA4F862FE54879379537EBE0FA2.e.15398/enabled - {}
COMMAND: GET /session/d41a4ef9228655ec76246a5e56c44812/screenshot - {}
RESULT: {}
COMMAND: POST /session/d41a4ef9228655ec76246a5e56c44812/element/f.8359050118E493E9D810750CB1F2C9B3.d.8B01ABA4F862FE54879379537EBE0FA2.e.15398/clear - {}
COMMAND: GET /session/d41a4ef9228655ec76246a5e56c44812/screenshot - {}
RESULT: {}
RESULT: {}
COMMAND: POST /session/d41a4ef9228655ec76246a5e56c44812/element/f.8359050118E493E9D810750CB1F2C9B3.d.8B01ABA4F862FE54879379537EBE0FA2.e.15398/value - {"text":"30585"}
COMMAND: GET /session/d41a4ef9228655ec76246a5e56c44812/screenshot - {}
RESULT: {}
RESULT: {"text":"30585"}
COMMAND: GET /session/d41a4ef9228655ec76246a5e56c44812/screenshot - {}
RESULT: {}
RESULT: {}
COMMAND: POST /session/d41a4ef9228655ec76246a5e56c44812/actions - {"actions":[{"id":"action53","type":"key","parameters":{},"actions":[{"type":"keyDown","value":"î€‡"},{"type":"pause","duration":10},{"type":"keyUp","value":"î€‡"}]}]}
RESULT: {"actions":[{"id":"action53","type":"key","parameters":{},"actions":[{"type":"keyDown","value":"î€‡"},{"type":"pause","duration":10},{"type":"keyUp","value":"î€‡"}]}]}
COMMAND: GET /session/d41a4ef9228655ec76246a5e56c44812/screenshot - {}
RESULT: {}
COMMAND: POST /session/d41a4ef9228655ec76246a5e56c44812/element - {"using":"xpath","value":"//span[contains(@id, \"smartTable-header-inner\")]"}
RESULT: {"using":"xpath","value":"//span[contains(@id, \"smartTable-header-inner\")]"}
COMMAND: POST /session/d41a4ef9228655ec76246a5e56c44812/elements - {"using":"xpath","value":"//span[contains(@id, \"smartTable-header-inner\")]"}
RESULT: {"using":"xpath","value":"//span[contains(@id, \"smartTable-header-inner\")]"}
COMMAND: POST /session/d41a4ef9228655ec76246a5e56c44812/execute/sync - {"script":"<script> [56 bytes]","args":[{"element-6066-11e4-a52e-4f735466cecf":"f.8359050118E493E9D810750CB1F2C9B3.d.8B01ABA4F862FE54879379537EBE0FA2.e.16092","ELEMENT":"f.8359050118E493E9D810750CB1F2C9B3.d.8B01ABA4F862FE54879379537EBE0FA2.e.16092"}]}
RESULT: {"script":"<script> [56 bytes]","args":[{"element-6066-11e4-a52e-4f735466cecf":"f.8359050118E493E9D810750CB1F2C9B3.d.8B01ABA4F862FE54879379537EBE0FA2.e.16092","ELEMENT":"f.8359050118E493E9D810750CB1F2C9B3.d.8B01ABA4F862FE54879379537EBE0FA2.e.16092"}]}
COMMAND: POST /session/d41a4ef9228655ec76246a5e56c44812/elements - {"using":"xpath","value":"//thead[contains(@class, \"sapMTableTH\")]/tr/th"}
COMMAND: GET /session/d41a4ef9228655ec76246a5e56c44812/screenshot - {}
RESULT: {"using":"xpath","value":"//thead[contains(@class, \"sapMTableTH\")]/tr/th"}
COMMAND: GET /session/d41a4ef9228655ec76246a5e56c44812/element/f.8359050118E493E9D810750CB1F2C9B3.d.8B01ABA4F862FE54879379537EBE0FA2.e.16189/text - {}
RESULT: {}
RESULT: {}
COMMAND: GET /session/d41a4ef9228655ec76246a5e56c44812/element/f.8359050118E493E9D810750CB1F2C9B3.d.8B01ABA4F862FE54879379537EBE0FA2.e.16190/text - {}
RESULT: {}
COMMAND: GET /session/d41a4ef9228655ec76246a5e56c44812/element/f.8359050118E493E9D810750CB1F2C9B3.d.8B01ABA4F862FE54879379537EBE0FA2.e.15392/text - {}
RESULT: {}
COMMAND: GET /session/d41a4ef9228655ec76246a5e56c44812/element/f.8359050118E493E9D810750CB1F2C9B3.d.8B01ABA4F862FE54879379537EBE0FA2.e.15394/text - {}
RESULT: {}
COMMAND: GET /session/d41a4ef9228655ec76246a5e56c44812/element/f.8359050118E493E9D810750CB1F2C9B3.d.8B01ABA4F862FE54879379537EBE0FA2.e.16279/text - {}
RESULT: {}
COMMAND: GET /session/d41a4ef9228655ec76246a5e56c44812/element/f.8359050118E493E9D810750CB1F2C9B3.d.8B01ABA4F862FE54879379537EBE0FA2.e.16280/text - {}
RESULT: {}
COMMAND: GET /session/d41a4ef9228655ec76246a5e56c44812/element/f.8359050118E493E9D810750CB1F2C9B3.d.8B01ABA4F862FE54879379537EBE0FA2.e.16281/text - {}
RESULT: {}
COMMAND: GET /session/d41a4ef9228655ec76246a5e56c44812/element/f.8359050118E493E9D810750CB1F2C9B3.d.8B01ABA4F862FE54879379537EBE0FA2.e.16282/text - {}
RESULT: {}
COMMAND: GET /session/d41a4ef9228655ec76246a5e56c44812/element/f.8359050118E493E9D810750CB1F2C9B3.d.8B01ABA4F862FE54879379537EBE0FA2.e.16283/text - {}
RESULT: {}
COMMAND: GET /session/d41a4ef9228655ec76246a5e56c44812/element/f.8359050118E493E9D810750CB1F2C9B3.d.8B01ABA4F862FE54879379537EBE0FA2.e.16284/text - {}
RESULT: {}
COMMAND: GET /session/d41a4ef9228655ec76246a5e56c44812/element/f.8359050118E493E9D810750CB1F2C9B3.d.8B01ABA4F862FE54879379537EBE0FA2.e.16285/text - {}
RESULT: {}
COMMAND: GET /session/d41a4ef9228655ec76246a5e56c44812/element/f.8359050118E493E9D810750CB1F2C9B3.d.8B01ABA4F862FE54879379537EBE0FA2.e.16286/text - {}
RESULT: {}
COMMAND: GET /session/d41a4ef9228655ec76246a5e56c44812/element/f.8359050118E493E9D810750CB1F2C9B3.d.8B01ABA4F862FE54879379537EBE0FA2.e.16287/text - {}
RESULT: {}
COMMAND: GET /session/d41a4ef9228655ec76246a5e56c44812/element/f.8359050118E493E9D810750CB1F2C9B3.d.8B01ABA4F862FE54879379537EBE0FA2.e.15395/text - {}
RESULT: {}
COMMAND: POST /session/d41a4ef9228655ec76246a5e56c44812/element - {"using":"xpath","value":"//tbody[contains(@id, \"customHandoversTable-tblBody\")]/tr[1]/td[14]/div/span"}
RESULT: {"using":"xpath","value":"//tbody[contains(@id, \"customHandoversTable-tblBody\")]/tr[1]/td[14]/div/span"}
COMMAND: POST /session/d41a4ef9228655ec76246a5e56c44812/execute/sync - {"script":"<script> [56 bytes]","args":[{"element-6066-11e4-a52e-4f735466cecf":"f.8359050118E493E9D810750CB1F2C9B3.d.8B01ABA4F862FE54879379537EBE0FA2.e.16329","ELEMENT":"f.8359050118E493E9D810750CB1F2C9B3.d.8B01ABA4F862FE54879379537EBE0FA2.e.16329"}]}
RESULT: {"script":"<script> [56 bytes]","args":[{"element-6066-11e4-a52e-4f735466cecf":"f.8359050118E493E9D810750CB1F2C9B3.d.8B01ABA4F862FE54879379537EBE0FA2.e.16329","ELEMENT":"f.8359050118E493E9D810750CB1F2C9B3.d.8B01ABA4F862FE54879379537EBE0FA2.e.16329"}]}
COMMAND: GET /session/d41a4ef9228655ec76246a5e56c44812/screenshot - {}
]]></system-out>
    </testcase>
    <testcase classname="chrome.136_0_7103_93.windows.Provide_to_Site_w/o_warehouse_management_w_clarification" name="Should Test for Handover Execution" time="13.156">
      <system-out><![CDATA[
COMMAND: POST /session/d41a4ef9228655ec76246a5e56c44812/element - {"using":"xpath","value":"(//span[contains(@id, \"imgNav\")])[1]"}
RESULT: {}
RESULT: {"using":"xpath","value":"(//span[contains(@id, \"imgNav\")])[1]"}
COMMAND: POST /session/d41a4ef9228655ec76246a5e56c44812/element/f.8359050118E493E9D810750CB1F2C9B3.d.8B01ABA4F862FE54879379537EBE0FA2.e.16330/click - {}
RESULT: {}
COMMAND: GET /session/d41a4ef9228655ec76246a5e56c44812/screenshot - {}
RESULT: {}
COMMAND: POST /session/d41a4ef9228655ec76246a5e56c44812/element - {"using":"css selector","value":"#shell-header-logo"}
RESULT: {"using":"css selector","value":"#shell-header-logo"}
COMMAND: POST /session/d41a4ef9228655ec76246a5e56c44812/element/f.8359050118E493E9D810750CB1F2C9B3.d.8B01ABA4F862FE54879379537EBE0FA2.e.14681/click - {}
RESULT: {}
COMMAND: GET /session/d41a4ef9228655ec76246a5e56c44812/screenshot - {}
RESULT: {}
]]></system-out>
    </testcase>
    <testcase classname="chrome.136_0_7103_93.windows.Provide_to_Site_w/o_warehouse_management_w_clarification" name="Should test for Clarification" time="0.006">
      <system-out><![CDATA[
COMMAND: POST /session/d41a4ef9228655ec76246a5e56c44812/element - {"using":"css selector","value":"#j_username"}
COMMAND: POST /session/d41a4ef9228655ec76246a5e56c44812/url - {"url":"https://qa-testing-00-live-etm-ui.cfapps.eu10-004.hana.ondemand.com/"}
RESULT: {"using":"css selector","value":"#j_username"}
COMMAND: POST /session/d41a4ef9228655ec76246a5e56c44812/element - {"using":"css selector","value":"#j_username"}
RESULT: {"url":"https://qa-testing-00-live-etm-ui.cfapps.eu10-004.hana.ondemand.com/"}
RESULT: undefined
COMMAND: GET /session/d41a4ef9228655ec76246a5e56c44812/screenshot - {}
RESULT: {"using":"css selector","value":"#j_username"}
COMMAND: POST /session/d41a4ef9228655ec76246a5e56c44812/element - {"using":"css selector","value":"#shell-header-logo"}
RESULT: {}
RESULT: {"using":"css selector","value":"#shell-header-logo"}
COMMAND: POST /session/d41a4ef9228655ec76246a5e56c44812/execute/sync - {"script":"<script> [8489 bytes]","args":[{"element-6066-11e4-a52e-4f735466cecf":"f.8359050118E493E9D810750CB1F2C9B3.d.6DA54F81E0A3223E527C17195DD9364C.e.16387","ELEMENT":"f.8359050118E493E9D810750CB1F2C9B3.d.6DA54F81E0A3223E527C17195DD9364C.e.16387"}]}
RESULT: {"script":"<script> [8489 bytes]","args":[{"element-6066-11e4-a52e-4f735466cecf":"f.8359050118E493E9D810750CB1F2C9B3.d.6DA54F81E0A3223E527C17195DD9364C.e.16387","ELEMENT":"f.8359050118E493E9D810750CB1F2C9B3.d.6DA54F81E0A3223E527C17195DD9364C.e.16387"}]}
COMMAND: POST /session/d41a4ef9228655ec76246a5e56c44812/element - {"using":"css selector","value":"#shell-header-logo"}
COMMAND: GET /session/d41a4ef9228655ec76246a5e56c44812/screenshot - {}
RESULT: {"using":"css selector","value":"#shell-header-logo"}
COMMAND: POST /session/d41a4ef9228655ec76246a5e56c44812/execute/sync - {"script":"<script> [8489 bytes]","args":[{"element-6066-11e4-a52e-4f735466cecf":"f.8359050118E493E9D810750CB1F2C9B3.d.6DA54F81E0A3223E527C17195DD9364C.e.16387","ELEMENT":"f.8359050118E493E9D810750CB1F2C9B3.d.6DA54F81E0A3223E527C17195DD9364C.e.16387"}]}
RESULT: {}
RESULT: {"script":"<script> [8489 bytes]","args":[{"element-6066-11e4-a52e-4f735466cecf":"f.8359050118E493E9D810750CB1F2C9B3.d.6DA54F81E0A3223E527C17195DD9364C.e.16387","ELEMENT":"f.8359050118E493E9D810750CB1F2C9B3.d.6DA54F81E0A3223E527C17195DD9364C.e.16387"}]}
COMMAND: POST /session/d41a4ef9228655ec76246a5e56c44812/execute/sync - {"script":"<script> [5351 bytes]","args":[{"element-6066-11e4-a52e-4f735466cecf":"f.8359050118E493E9D810750CB1F2C9B3.d.6DA54F81E0A3223E527C17195DD9364C.e.16387","ELEMENT":"f.8359050118E493E9D810750CB1F2C9B3.d.6DA54F81E0A3223E527C17195DD9364C.e.16387"}]}
COMMAND: GET /session/d41a4ef9228655ec76246a5e56c44812/screenshot - {}
RESULT: {"script":"<script> [5351 bytes]","args":[{"element-6066-11e4-a52e-4f735466cecf":"f.8359050118E493E9D810750CB1F2C9B3.d.6DA54F81E0A3223E527C17195DD9364C.e.16387","ELEMENT":"f.8359050118E493E9D810750CB1F2C9B3.d.6DA54F81E0A3223E527C17195DD9364C.e.16387"}]}
COMMAND: POST /session/d41a4ef9228655ec76246a5e56c44812/element - {"using":"css selector","value":"#shell-header-logo"}
COMMAND: GET /session/d41a4ef9228655ec76246a5e56c44812/screenshot - {}
RESULT: {}
RESULT: {"using":"css selector","value":"#shell-header-logo"}
COMMAND: POST /session/d41a4ef9228655ec76246a5e56c44812/element/f.8359050118E493E9D810750CB1F2C9B3.d.6DA54F81E0A3223E527C17195DD9364C.e.16387/click - {}
RESULT: {}
RESULT: {}
COMMAND: GET /session/d41a4ef9228655ec76246a5e56c44812/screenshot - {}
RESULT: {}
COMMAND: POST /session/d41a4ef9228655ec76246a5e56c44812/execute/async - {"script":"<script> [189 bytes]","args":[]}
RESULT: {"script":"<script> [189 bytes]","args":[]}
COMMAND: POST /session/d41a4ef9228655ec76246a5e56c44812/execute/async - {"script":"<script> [123 bytes]","args":[]}
RESULT: {"script":"<script> [123 bytes]","args":[]}
COMMAND: POST /session/d41a4ef9228655ec76246a5e56c44812/timeouts - {"script":"<number>"}
RESULT: {"script":"<number>"}
COMMAND: GET /session/d41a4ef9228655ec76246a5e56c44812/timeouts - {}
RESULT: {}
RESULT: undefined
COMMAND: POST /session/d41a4ef9228655ec76246a5e56c44812/execute/async - {"script":"<script> [2676 bytes]","args":[]}
RESULT: {"script":"<script> [2676 bytes]","args":[]}
COMMAND: POST /session/d41a4ef9228655ec76246a5e56c44812/execute/async - {"script":"<script> [2342 bytes]","args":[{"protocol":"http","hostname":"0.0.0.0","path":"/","capabilities":{"browserName":"chrome","goog:chromeOptions":{"binary":"C:\\Program Files\\Google\\Chrome\\Application\\chrome.exe","args":["--start-maximized"]}},"logLevel":"warn","connectionRetryTimeout":120000,"connectionRetryCount":3,"logLevels":{},"enableDirectConnect":true,"strictSSL":true,"_":"65 more keys: [\"cacheDir\",\"port\",\"requestedCapabilities\",\"automationProtocol\",\"baseUrl\",\"waitforInterval\",\"waitforTimeout\",\"onReload\",\"beforeCommand\",\"afterCommand\",\"rootDir\",\"specs\",\"suites\",\"exclude\",\"groupLogsByTestSpec\",\"excludeDriverLogs\",\"bail\",\"framework\",\"reporters\",\"services\",\"maxInstances\",\"maxInstancesPerCapability\",\"injectGlobals\",\"filesToWatch\",\"execArgv\",\"runnerEnv\",\"runner\",\"shard\",\"specFileRetries\",\"specFileRetriesDelay\",\"specFileRetriesDeferred\",\"reporterSyncInterval\",\"reporterSyncTimeout\",\"cucumberFeaturesWithLineNumbers\",\"autoCompileOpts\",\"mochaOpts\",\"jasmineOpts\",\"cucumberOpts\",\"onPrepare\",\"onWorkerStart\",\"onWorkerEnd\",\"before\",\"beforeSession\",\"beforeSuite\",\"beforeHook\",\"beforeTest\",\"afterTest\",\"afterHook\",\"afterSuite\",\"afterSession\",\"after\",\"onComplete\",\"beforeAssertion\",\"afterAssertion\",\"beforeFeature\",\"beforeScenario\",\"beforeStep\",\"afterStep\",\"afterScenario\",\"afterFeature\",\"_\",\"suite\",\"$0\",\"ignoredWorkerServices\",\"wdi5\"]"}]}
RESULT: {"script":"<script> [2342 bytes]","args":[{"protocol":"http","hostname":"0.0.0.0","path":"/","capabilities":{"browserName":"chrome","goog:chromeOptions":{"binary":"C:\\Program Files\\Google\\Chrome\\Application\\chrome.exe","args":["--start-maximized"]}},"logLevel":"warn","connectionRetryTimeout":120000,"connectionRetryCount":3,"logLevels":{},"enableDirectConnect":true,"strictSSL":true,"_":"65 more keys: [\"cacheDir\",\"port\",\"requestedCapabilities\",\"automationProtocol\",\"baseUrl\",\"waitforInterval\",\"waitforTimeout\",\"onReload\",\"beforeCommand\",\"afterCommand\",\"rootDir\",\"specs\",\"suites\",\"exclude\",\"groupLogsByTestSpec\",\"excludeDriverLogs\",\"bail\",\"framework\",\"reporters\",\"services\",\"maxInstances\",\"maxInstancesPerCapability\",\"injectGlobals\",\"filesToWatch\",\"execArgv\",\"runnerEnv\",\"runner\",\"shard\",\"specFileRetries\",\"specFileRetriesDelay\",\"specFileRetriesDeferred\",\"reporterSyncInterval\",\"reporterSyncTimeout\",\"cucumberFeaturesWithLineNumbers\",\"autoCompileOpts\",\"mochaOpts\",\"jasmineOpts\",\"cucumberOpts\",\"onPrepare\",\"onWorkerStart\",\"onWorkerEnd\",\"before\",\"beforeSession\",\"beforeSuite\",\"beforeHook\",\"beforeTest\",\"afterTest\",\"afterHook\",\"afterSuite\",\"afterSession\",\"after\",\"onComplete\",\"beforeAssertion\",\"afterAssertion\",\"beforeFeature\",\"beforeScenario\",\"beforeStep\",\"afterStep\",\"afterScenario\",\"afterFeature\",\"_\",\"suite\",\"$0\",\"ignoredWorkerServices\",\"wdi5\"]"}]}
COMMAND: POST /session/d41a4ef9228655ec76246a5e56c44812/execute/async - {"script":"<script> [21126 bytes]","args":[35000]}
RESULT: {"script":"<script> [21126 bytes]","args":[35000]}
COMMAND: POST /session/d41a4ef9228655ec76246a5e56c44812/window/maximize - {}
RESULT: {}
COMMAND: POST /session/d41a4ef9228655ec76246a5e56c44812/execute/async - {"script":"<script> [1562 bytes]","args":[{"selector":{"id":"shell-header","interaction":{"idSuffix":"icon"}},"wdio_ui5_key":"shellheader"}]}
COMMAND: GET /session/d41a4ef9228655ec76246a5e56c44812/screenshot - {}
RESULT: {"script":"<script> [1562 bytes]","args":[{"selector":{"id":"shell-header","interaction":{"idSuffix":"icon"}},"wdio_ui5_key":"shellheader"}]}
RESULT: undefined
COMMAND: POST /session/d41a4ef9228655ec76246a5e56c44812/window/fullscreen - {}
RESULT: {}
RESULT: {}
]]></system-out>
    </testcase>
  </testsuite>
  <testsuite timestamp="2025-05-16T17:11:34" time="144.884" tests="4" failures="0" errors="0" skipped="0">
    <properties>
      <property name="specId" value="0" />
      <property name="suiteName" value="Provide to Site w/o warehouse management w/o clarification US116612" />
      <property name="capabilities" value="chrome.136_0_7103_93.windows" />
      <property name="file" value="file:///D:/a/1/s/test/specs/HTR/provide-to-site-wo-warehouse-wo-clarification.spec.js" />
    </properties>
    <testcase classname="chrome.136_0_7103_93.windows.Provide_to_Site_w/o_warehouse_management_w/o_clarification_US116612" name="Should create a new yard" time="0.024">
      <system-out><![CDATA[
COMMAND: POST /session/d41a4ef9228655ec76246a5e56c44812/window/fullscreen - {}
RESULT: {}
]]></system-out>
    </testcase>
    <testcase classname="chrome.136_0_7103_93.windows.Provide_to_Site_w/o_warehouse_management_w/o_clarification_US116612" name="Should create a new external partner" time="0.004" />
    <testcase classname="chrome.136_0_7103_93.windows.Provide_to_Site_w/o_warehouse_management_w/o_clarification_US116612" name="Should create a new site" time="0.004" />
    <testcase classname="chrome.136_0_7103_93.windows.Provide_to_Site_w/o_warehouse_management_w/o_clarification_US116612" name="Should create a new material" time="126.891">
      <system-out><![CDATA[
COMMAND: POST /session/d41a4ef9228655ec76246a5e56c44812/execute/async - {"script":"<script> [1562 bytes]","args":[{"selector":{"controlType":"sap.m.GenericTile","properties":{"header":"Manage Resources"}},"wdio_ui5_key":"sapm.GenericTile{\"header\":\"Manage Resources\"}"}]}
RESULT: {"script":"<script> [1562 bytes]","args":[{"selector":{"controlType":"sap.m.GenericTile","properties":{"header":"Manage Resources"}},"wdio_ui5_key":"sapm.GenericTile{\"header\":\"Manage Resources\"}"}]}
RESULT: undefined
COMMAND: POST /session/d41a4ef9228655ec76246a5e56c44812/element - {"using":"xpath","value":"//*[@id=\"__tile31\"]"}
RESULT: {"using":"xpath","value":"//*[@id=\"__tile31\"]"}
COMMAND: POST /session/d41a4ef9228655ec76246a5e56c44812/element/f.8359050118E493E9D810750CB1F2C9B3.d.6DA54F81E0A3223E527C17195DD9364C.e.16406/click - {}
RESULT: {}
COMMAND: GET /session/d41a4ef9228655ec76246a5e56c44812/screenshot - {}
RESULT: {}
COMMAND: POST /session/d41a4ef9228655ec76246a5e56c44812/elements - {"using":"xpath","value":"//span[text()='Error']"}
RESULT: {"using":"xpath","value":"//span[text()='Error']"}
COMMAND: POST /session/d41a4ef9228655ec76246a5e56c44812/element - {"using":"xpath","value":"//button[@data-kt=\"addNewRUOverflowToolbarButton\"]"}
RESULT: {"using":"xpath","value":"//button[@data-kt=\"addNewRUOverflowToolbarButton\"]"}
COMMAND: POST /session/d41a4ef9228655ec76246a5e56c44812/elements - {"using":"xpath","value":"//button[@data-kt=\"addNewRUOverflowToolbarButton\"]"}
RESULT: {"using":"xpath","value":"//button[@data-kt=\"addNewRUOverflowToolbarButton\"]"}
COMMAND: POST /session/d41a4ef9228655ec76246a5e56c44812/elements - {"using":"xpath","value":"//button[@data-kt=\"addNewRUOverflowToolbarButton\"]"}
RESULT: {"using":"xpath","value":"//button[@data-kt=\"addNewRUOverflowToolbarButton\"]"}
COMMAND: POST /session/d41a4ef9228655ec76246a5e56c44812/elements - {"using":"xpath","value":"//button[@data-kt=\"addNewRUOverflowToolbarButton\"]"}
RESULT: {"using":"xpath","value":"//button[@data-kt=\"addNewRUOverflowToolbarButton\"]"}
COMMAND: POST /session/d41a4ef9228655ec76246a5e56c44812/elements - {"using":"xpath","value":"//button[@data-kt=\"addNewRUOverflowToolbarButton\"]"}
RESULT: {"using":"xpath","value":"//button[@data-kt=\"addNewRUOverflowToolbarButton\"]"}
COMMAND: POST /session/d41a4ef9228655ec76246a5e56c44812/element - {"using":"xpath","value":"//button[@data-kt=\"addNewRUOverflowToolbarButton\"]"}
RESULT: {"using":"xpath","value":"//button[@data-kt=\"addNewRUOverflowToolbarButton\"]"}
COMMAND: POST /session/d41a4ef9228655ec76246a5e56c44812/execute/sync - {"script":"<script> [8489 bytes]","args":[{"element-6066-11e4-a52e-4f735466cecf":"f.8359050118E493E9D810750CB1F2C9B3.d.6DA54F81E0A3223E527C17195DD9364C.e.16547","ELEMENT":"f.8359050118E493E9D810750CB1F2C9B3.d.6DA54F81E0A3223E527C17195DD9364C.e.16547"}]}
RESULT: {"script":"<script> [8489 bytes]","args":[{"element-6066-11e4-a52e-4f735466cecf":"f.8359050118E493E9D810750CB1F2C9B3.d.6DA54F81E0A3223E527C17195DD9364C.e.16547","ELEMENT":"f.8359050118E493E9D810750CB1F2C9B3.d.6DA54F81E0A3223E527C17195DD9364C.e.16547"}]}
COMMAND: GET /session/d41a4ef9228655ec76246a5e56c44812/element/f.8359050118E493E9D810750CB1F2C9B3.d.6DA54F81E0A3223E527C17195DD9364C.e.16547/enabled - {}
COMMAND: GET /session/d41a4ef9228655ec76246a5e56c44812/screenshot - {}
RESULT: {}
COMMAND: POST /session/d41a4ef9228655ec76246a5e56c44812/execute/sync - {"script":"<script> [8489 bytes]","args":[{"element-6066-11e4-a52e-4f735466cecf":"f.8359050118E493E9D810750CB1F2C9B3.d.6DA54F81E0A3223E527C17195DD9364C.e.16547","ELEMENT":"f.8359050118E493E9D810750CB1F2C9B3.d.6DA54F81E0A3223E527C17195DD9364C.e.16547"}]}
COMMAND: GET /session/d41a4ef9228655ec76246a5e56c44812/screenshot - {}
RESULT: {}
RESULT: {"script":"<script> [8489 bytes]","args":[{"element-6066-11e4-a52e-4f735466cecf":"f.8359050118E493E9D810750CB1F2C9B3.d.6DA54F81E0A3223E527C17195DD9364C.e.16547","ELEMENT":"f.8359050118E493E9D810750CB1F2C9B3.d.6DA54F81E0A3223E527C17195DD9364C.e.16547"}]}
COMMAND: POST /session/d41a4ef9228655ec76246a5e56c44812/execute/sync - {"script":"<script> [5351 bytes]","args":[{"element-6066-11e4-a52e-4f735466cecf":"f.8359050118E493E9D810750CB1F2C9B3.d.6DA54F81E0A3223E527C17195DD9364C.e.16547","ELEMENT":"f.8359050118E493E9D810750CB1F2C9B3.d.6DA54F81E0A3223E527C17195DD9364C.e.16547"}]}
COMMAND: GET /session/d41a4ef9228655ec76246a5e56c44812/screenshot - {}
RESULT: {}
RESULT: {"script":"<script> [5351 bytes]","args":[{"element-6066-11e4-a52e-4f735466cecf":"f.8359050118E493E9D810750CB1F2C9B3.d.6DA54F81E0A3223E527C17195DD9364C.e.16547","ELEMENT":"f.8359050118E493E9D810750CB1F2C9B3.d.6DA54F81E0A3223E527C17195DD9364C.e.16547"}]}
COMMAND: POST /session/d41a4ef9228655ec76246a5e56c44812/element/f.8359050118E493E9D810750CB1F2C9B3.d.6DA54F81E0A3223E527C17195DD9364C.e.16547/click - {}
COMMAND: GET /session/d41a4ef9228655ec76246a5e56c44812/screenshot - {}
RESULT: {}
RESULT: {}
COMMAND: GET /session/d41a4ef9228655ec76246a5e56c44812/screenshot - {}
COMMAND: POST /session/d41a4ef9228655ec76246a5e56c44812/execute/async - {"script":"<script> [1562 bytes]","args":[{"selector":{"id":"application-manageresources-display-component---newResourceUnit--TYPE-arrow"},"wdio_ui5_key":"applicationmanageresources-display-component---newResourceUnit--TYPE-arrow"}]}
RESULT: {}
RESULT: {}
RESULT: {"script":"<script> [1562 bytes]","args":[{"selector":{"id":"application-manageresources-display-component---newResourceUnit--TYPE-arrow"},"wdio_ui5_key":"applicationmanageresources-display-component---newResourceUnit--TYPE-arrow"}]}
RESULT: undefined
COMMAND: POST /session/d41a4ef9228655ec76246a5e56c44812/element - {"using":"xpath","value":"//*[@id=\"application-manageresources-display-component---newResourceUnit--TYPE-arrow\"]"}
RESULT: {"using":"xpath","value":"//*[@id=\"application-manageresources-display-component---newResourceUnit--TYPE-arrow\"]"}
COMMAND: POST /session/d41a4ef9228655ec76246a5e56c44812/element/f.8359050118E493E9D810750CB1F2C9B3.d.6DA54F81E0A3223E527C17195DD9364C.e.16897/click - {}
RESULT: {}
COMMAND: POST /session/d41a4ef9228655ec76246a5e56c44812/element - {"using":"xpath","value":"//input[@id=\"application-manageresources-display-component---newResourceUnit--TYPE-inner\"]"}
COMMAND: GET /session/d41a4ef9228655ec76246a5e56c44812/screenshot - {}
RESULT: {"using":"xpath","value":"//input[@id=\"application-manageresources-display-component---newResourceUnit--TYPE-inner\"]"}
COMMAND: POST /session/d41a4ef9228655ec76246a5e56c44812/element/f.8359050118E493E9D810750CB1F2C9B3.d.6DA54F81E0A3223E527C17195DD9364C.e.16888/clear - {}
RESULT: {}
RESULT: {}
COMMAND: POST /session/d41a4ef9228655ec76246a5e56c44812/element/f.8359050118E493E9D810750CB1F2C9B3.d.6DA54F81E0A3223E527C17195DD9364C.e.16888/value - {"text":"Material"}
COMMAND: GET /session/d41a4ef9228655ec76246a5e56c44812/screenshot - {}
RESULT: {"text":"Material"}
COMMAND: GET /session/d41a4ef9228655ec76246a5e56c44812/screenshot - {}
RESULT: {}
RESULT: {}
COMMAND: POST /session/d41a4ef9228655ec76246a5e56c44812/actions - {"actions":[{"id":"action54","type":"key","parameters":{},"actions":[{"type":"keyDown","value":"î€‡"},{"type":"pause","duration":10},{"type":"keyUp","value":"î€‡"}]}]}
RESULT: {"actions":[{"id":"action54","type":"key","parameters":{},"actions":[{"type":"keyDown","value":"î€‡"},{"type":"pause","duration":10},{"type":"keyUp","value":"î€‡"}]}]}
COMMAND: POST /session/d41a4ef9228655ec76246a5e56c44812/execute/async - {"script":"<script> [1562 bytes]","args":[{"selector":{"id":"application-manageresources-display-component---newResourceUnit--SHORT_TEXT","interaction":{"idSuffix":"inner"}},"wdio_ui5_key":"applicationmanageresources-display-component---newResourceUnit--SHORT_TEXT"}]}
COMMAND: GET /session/d41a4ef9228655ec76246a5e56c44812/screenshot - {}
RESULT: {}
RESULT: {"script":"<script> [1562 bytes]","args":[{"selector":{"id":"application-manageresources-display-component---newResourceUnit--SHORT_TEXT","interaction":{"idSuffix":"inner"}},"wdio_ui5_key":"applicationmanageresources-display-component---newResourceUnit--SHORT_TEXT"}]}
RESULT: undefined
COMMAND: POST /session/d41a4ef9228655ec76246a5e56c44812/execute/async - {"script":"<script> [776 bytes]","args":[{"enterText":"Cement WDIO","selector":{"id":"application-manageresources-display-component---newResourceUnit--SHORT_TEXT","interaction":{"idSuffix":"inner"}},"clearTextFirst":true,"interactionType":"ENTER_TEXT"}]}
RESULT: {"script":"<script> [776 bytes]","args":[{"enterText":"Cement WDIO","selector":{"id":"application-manageresources-display-component---newResourceUnit--SHORT_TEXT","interaction":{"idSuffix":"inner"}},"clearTextFirst":true,"interactionType":"ENTER_TEXT"}]}
COMMAND: POST /session/d41a4ef9228655ec76246a5e56c44812/execute/async - {"script":"<script> [1562 bytes]","args":[{"selector":{"id":"application-manageresources-display-component---newResourceUnit--BASE_UNIT_OF_MEASURE","interaction":{"idSuffix":"inner"}},"wdio_ui5_key":"applicationmanageresources-display-component---newResourceUnit--BASE_UNIT_OF_MEASURE"}]}
RESULT: {"script":"<script> [1562 bytes]","args":[{"selector":{"id":"application-manageresources-display-component---newResourceUnit--BASE_UNIT_OF_MEASURE","interaction":{"idSuffix":"inner"}},"wdio_ui5_key":"applicationmanageresources-display-component---newResourceUnit--BASE_UNIT_OF_MEASURE"}]}
RESULT: undefined
COMMAND: POST /session/d41a4ef9228655ec76246a5e56c44812/execute/async - {"script":"<script> [776 bytes]","args":[{"enterText":"Piece","selector":{"id":"application-manageresources-display-component---newResourceUnit--BASE_UNIT_OF_MEASURE","interaction":{"idSuffix":"inner"}},"clearTextFirst":true,"interactionType":"ENTER_TEXT"}]}
RESULT: {"script":"<script> [776 bytes]","args":[{"enterText":"Piece","selector":{"id":"application-manageresources-display-component---newResourceUnit--BASE_UNIT_OF_MEASURE","interaction":{"idSuffix":"inner"}},"clearTextFirst":true,"interactionType":"ENTER_TEXT"}]}
COMMAND: POST /session/d41a4ef9228655ec76246a5e56c44812/execute/async - {"script":"<script> [1562 bytes]","args":[{"selector":{"id":"application-manageresources-display-component---newResourceUnit--WEIGHT_UNIT","interaction":{"idSuffix":"inner"}},"wdio_ui5_key":"applicationmanageresources-display-component---newResourceUnit--WEIGHT_UNIT"}]}
RESULT: {"script":"<script> [1562 bytes]","args":[{"selector":{"id":"application-manageresources-display-component---newResourceUnit--WEIGHT_UNIT","interaction":{"idSuffix":"inner"}},"wdio_ui5_key":"applicationmanageresources-display-component---newResourceUnit--WEIGHT_UNIT"}]}
RESULT: undefined
COMMAND: POST /session/d41a4ef9228655ec76246a5e56c44812/execute/async - {"script":"<script> [776 bytes]","args":[{"enterText":"Gram","selector":{"id":"application-manageresources-display-component---newResourceUnit--WEIGHT_UNIT","interaction":{"idSuffix":"inner"}},"clearTextFirst":true,"interactionType":"ENTER_TEXT"}]}
RESULT: {"script":"<script> [776 bytes]","args":[{"enterText":"Gram","selector":{"id":"application-manageresources-display-component---newResourceUnit--WEIGHT_UNIT","interaction":{"idSuffix":"inner"}},"clearTextFirst":true,"interactionType":"ENTER_TEXT"}]}
COMMAND: POST /session/d41a4ef9228655ec76246a5e56c44812/execute/async - {"script":"<script> [1562 bytes]","args":[{"selector":{"id":"application-manageresources-display-component---newResourceUnit--DIMENSION_UNIT","interaction":{"idSuffix":"inner"}},"wdio_ui5_key":"applicationmanageresources-display-component---newResourceUnit--DIMENSION_UNIT"}]}
RESULT: {"script":"<script> [1562 bytes]","args":[{"selector":{"id":"application-manageresources-display-component---newResourceUnit--DIMENSION_UNIT","interaction":{"idSuffix":"inner"}},"wdio_ui5_key":"applicationmanageresources-display-component---newResourceUnit--DIMENSION_UNIT"}]}
RESULT: undefined
COMMAND: POST /session/d41a4ef9228655ec76246a5e56c44812/execute/async - {"script":"<script> [776 bytes]","args":[{"enterText":"Meter","selector":{"id":"application-manageresources-display-component---newResourceUnit--DIMENSION_UNIT","interaction":{"idSuffix":"inner"}},"clearTextFirst":true,"interactionType":"ENTER_TEXT"}]}
RESULT: {"script":"<script> [776 bytes]","args":[{"enterText":"Meter","selector":{"id":"application-manageresources-display-component---newResourceUnit--DIMENSION_UNIT","interaction":{"idSuffix":"inner"}},"clearTextFirst":true,"interactionType":"ENTER_TEXT"}]}
COMMAND: POST /session/d41a4ef9228655ec76246a5e56c44812/execute/async - {"script":"<script> [1562 bytes]","args":[{"selector":{"id":"application-manageresources-display-component---newResourceUnit--newRRUPage-anchBar-application-manageresources-display-component---newResourceUnit--control-anchor","interaction":{"idSuffix":"BDI-content"}},"wdio_ui5_key":"applicationmanageresources-display-component---newResourceUnit--newRRUPage-anchBar-application-manageresources-display-component---newResourceUnit--control-anchor"}]}
RESULT: {"script":"<script> [1562 bytes]","args":[{"selector":{"id":"application-manageresources-display-component---newResourceUnit--newRRUPage-anchBar-application-manageresources-display-component---newResourceUnit--control-anchor","interaction":{"idSuffix":"BDI-content"}},"wdio_ui5_key":"applicationmanageresources-display-component---newResourceUnit--newRRUPage-anchBar-application-manageresources-display-component---newResourceUnit--control-anchor"}]}
RESULT: undefined
COMMAND: POST /session/d41a4ef9228655ec76246a5e56c44812/element - {"using":"xpath","value":"//*[@id=\"application-manageresources-display-component---newResourceUnit--newRRUPage-anchBar-application-manageresources-display-component---newResourceUnit--control-anchor\"]"}
RESULT: {"using":"xpath","value":"//*[@id=\"application-manageresources-display-component---newResourceUnit--newRRUPage-anchBar-application-manageresources-display-component---newResourceUnit--control-anchor\"]"}
COMMAND: POST /session/d41a4ef9228655ec76246a5e56c44812/element/f.8359050118E493E9D810750CB1F2C9B3.d.6DA54F81E0A3223E527C17195DD9364C.e.16962/click - {}
RESULT: {}
COMMAND: POST /session/d41a4ef9228655ec76246a5e56c44812/execute/async - {"script":"<script> [1562 bytes]","args":[{"selector":{"id":"application-manageresources-display-component---newResourceUnit--PLANNING_GROUP","interaction":{"idSuffix":"inner"}},"wdio_ui5_key":"applicationmanageresources-display-component---newResourceUnit--PLANNING_GROUP"}]}
COMMAND: GET /session/d41a4ef9228655ec76246a5e56c44812/screenshot - {}
RESULT: {"script":"<script> [1562 bytes]","args":[{"selector":{"id":"application-manageresources-display-component---newResourceUnit--PLANNING_GROUP","interaction":{"idSuffix":"inner"}},"wdio_ui5_key":"applicationmanageresources-display-component---newResourceUnit--PLANNING_GROUP"}]}
RESULT: undefined
COMMAND: POST /session/d41a4ef9228655ec76246a5e56c44812/execute/async - {"script":"<script> [776 bytes]","args":[{"enterText":"Material","selector":{"id":"application-manageresources-display-component---newResourceUnit--PLANNING_GROUP","interaction":{"idSuffix":"inner"}},"clearTextFirst":true,"interactionType":"ENTER_TEXT"}]}
RESULT: {}
RESULT: {"script":"<script> [776 bytes]","args":[{"enterText":"Material","selector":{"id":"application-manageresources-display-component---newResourceUnit--PLANNING_GROUP","interaction":{"idSuffix":"inner"}},"clearTextFirst":true,"interactionType":"ENTER_TEXT"}]}
COMMAND: POST /session/d41a4ef9228655ec76246a5e56c44812/execute/async - {"script":"<script> [1562 bytes]","args":[{"selector":{"id":"application-manageresources-display-component---newResourceUnit--PLANNING_INDICATOR","interaction":{"idSuffix":"inner"}},"wdio_ui5_key":"applicationmanageresources-display-component---newResourceUnit--PLANNING_INDICATOR"}]}
RESULT: {"script":"<script> [1562 bytes]","args":[{"selector":{"id":"application-manageresources-display-component---newResourceUnit--PLANNING_INDICATOR","interaction":{"idSuffix":"inner"}},"wdio_ui5_key":"applicationmanageresources-display-component---newResourceUnit--PLANNING_INDICATOR"}]}
RESULT: undefined
COMMAND: POST /session/d41a4ef9228655ec76246a5e56c44812/execute/async - {"script":"<script> [776 bytes]","args":[{"enterText":"10 - infinite","selector":{"id":"application-manageresources-display-component---newResourceUnit--PLANNING_INDICATOR","interaction":{"idSuffix":"inner"}},"clearTextFirst":true,"interactionType":"ENTER_TEXT"}]}
RESULT: {"script":"<script> [776 bytes]","args":[{"enterText":"10 - infinite","selector":{"id":"application-manageresources-display-component---newResourceUnit--PLANNING_INDICATOR","interaction":{"idSuffix":"inner"}},"clearTextFirst":true,"interactionType":"ENTER_TEXT"}]}
COMMAND: POST /session/d41a4ef9228655ec76246a5e56c44812/element - {"using":"css selector","value":"#application-manageresources-display-component---newResourceUnit--btnAddTimeSegment"}
RESULT: {"using":"css selector","value":"#application-manageresources-display-component---newResourceUnit--btnAddTimeSegment"}
COMMAND: GET /session/d41a4ef9228655ec76246a5e56c44812/element/f.8359050118E493E9D810750CB1F2C9B3.d.6DA54F81E0A3223E527C17195DD9364C.e.16971/rect - {}
RESULT: {}
COMMAND: GET /session/d41a4ef9228655ec76246a5e56c44812/window/rect - {}
RESULT: {}
COMMAND: POST /session/d41a4ef9228655ec76246a5e56c44812/execute/sync - {"script":"<script> [92 bytes]","args":[]}
RESULT: {"script":"<script> [92 bytes]","args":[]}
COMMAND: POST /session/d41a4ef9228655ec76246a5e56c44812/actions - {"actions":[{"id":"action55","type":"wheel","parameters":{},"actions":[{"type":"scroll","x":-1888,"y":-32,"deltaX":0,"deltaY":0,"duration":0,"origin":{"element-6066-11e4-a52e-4f735466cecf":"f.8359050118E493E9D810750CB1F2C9B3.d.6DA54F81E0A3223E527C17195DD9364C.e.16971"}}]}]}
COMMAND: GET /session/d41a4ef9228655ec76246a5e56c44812/screenshot - {}
RESULT: {}
COMMAND: POST /session/d41a4ef9228655ec76246a5e56c44812/execute/sync - {"script":"<script> [79 bytes]","args":[{"element-6066-11e4-a52e-4f735466cecf":"f.8359050118E493E9D810750CB1F2C9B3.d.6DA54F81E0A3223E527C17195DD9364C.e.16971","ELEMENT":"f.8359050118E493E9D810750CB1F2C9B3.d.6DA54F81E0A3223E527C17195DD9364C.e.16971"},{"block":"start","inline":"nearest"}]}
RESULT: {"script":"<script> [79 bytes]","args":[{"element-6066-11e4-a52e-4f735466cecf":"f.8359050118E493E9D810750CB1F2C9B3.d.6DA54F81E0A3223E527C17195DD9364C.e.16971","ELEMENT":"f.8359050118E493E9D810750CB1F2C9B3.d.6DA54F81E0A3223E527C17195DD9364C.e.16971"},{"block":"start","inline":"nearest"}]}
COMMAND: POST /session/d41a4ef9228655ec76246a5e56c44812/execute/async - {"script":"<script> [1562 bytes]","args":[{"selector":{"id":"application-manageresources-display-component---newResourceUnit--btnAddTimeSegment","interaction":{"idSuffix":"inner"}},"wdio_ui5_key":"applicationmanageresources-display-component---newResourceUnit--btnAddTimeSegment"}]}
COMMAND: GET /session/d41a4ef9228655ec76246a5e56c44812/screenshot - {}
RESULT: {"script":"<script> [1562 bytes]","args":[{"selector":{"id":"application-manageresources-display-component---newResourceUnit--btnAddTimeSegment","interaction":{"idSuffix":"inner"}},"wdio_ui5_key":"applicationmanageresources-display-component---newResourceUnit--btnAddTimeSegment"}]}
RESULT: undefined
COMMAND: POST /session/d41a4ef9228655ec76246a5e56c44812/element - {"using":"xpath","value":"//*[@id=\"application-manageresources-display-component---newResourceUnit--btnAddTimeSegment\"]"}
RESULT: {}
RESULT: {"using":"xpath","value":"//*[@id=\"application-manageresources-display-component---newResourceUnit--btnAddTimeSegment\"]"}
COMMAND: POST /session/d41a4ef9228655ec76246a5e56c44812/element/f.8359050118E493E9D810750CB1F2C9B3.d.6DA54F81E0A3223E527C17195DD9364C.e.16971/click - {}
RESULT: {}
COMMAND: GET /session/d41a4ef9228655ec76246a5e56c44812/screenshot - {}
RESULT: {}
COMMAND: POST /session/d41a4ef9228655ec76246a5e56c44812/element - {"using":"xpath","value":"//input[@id=\"application-manageresources-display-component---newResourceUnit--idRuTSAdmin-application-manageresources-display-component---newResourceUnit--RUTimeSegment-0-inner\"]"}
RESULT: {"using":"xpath","value":"//input[@id=\"application-manageresources-display-component---newResourceUnit--idRuTSAdmin-application-manageresources-display-component---newResourceUnit--RUTimeSegment-0-inner\"]"}
COMMAND: POST /session/d41a4ef9228655ec76246a5e56c44812/element/f.8359050118E493E9D810750CB1F2C9B3.d.6DA54F81E0A3223E527C17195DD9364C.e.16976/clear - {}
RESULT: {}
COMMAND: POST /session/d41a4ef9228655ec76246a5e56c44812/element/f.8359050118E493E9D810750CB1F2C9B3.d.6DA54F81E0A3223E527C17195DD9364C.e.16976/value - {"text":"476"}
COMMAND: GET /session/d41a4ef9228655ec76246a5e56c44812/screenshot - {}
RESULT: {"text":"476"}
COMMAND: GET /session/d41a4ef9228655ec76246a5e56c44812/screenshot - {}
RESULT: {}
RESULT: {}
COMMAND: POST /session/d41a4ef9228655ec76246a5e56c44812/element - {"using":"xpath","value":"//li[.//span[text()='476']]"}
RESULT: {"using":"xpath","value":"//li[.//span[text()='476']]"}
COMMAND: POST /session/d41a4ef9228655ec76246a5e56c44812/element/f.8359050118E493E9D810750CB1F2C9B3.d.6DA54F81E0A3223E527C17195DD9364C.e.16985/click - {}
RESULT: {}
COMMAND: GET /session/d41a4ef9228655ec76246a5e56c44812/screenshot - {}
RESULT: {}
COMMAND: POST /session/d41a4ef9228655ec76246a5e56c44812/element - {"using":"xpath","value":"(//span[contains(@id, \"-application-manageresources-display-component---newResourceUnit--RUTimeSegment-0-arrow\")])[2]"}
RESULT: {"using":"xpath","value":"(//span[contains(@id, \"-application-manageresources-display-component---newResourceUnit--RUTimeSegment-0-arrow\")])[2]"}
COMMAND: POST /session/d41a4ef9228655ec76246a5e56c44812/element/f.8359050118E493E9D810750CB1F2C9B3.d.6DA54F81E0A3223E527C17195DD9364C.e.16986/click - {}
RESULT: {}
COMMAND: POST /session/d41a4ef9228655ec76246a5e56c44812/element - {"using":"xpath","value":"//span[contains(text(), \"PM Order\")]"}
COMMAND: GET /session/d41a4ef9228655ec76246a5e56c44812/screenshot - {}
RESULT: {"using":"xpath","value":"//span[contains(text(), \"PM Order\")]"}
COMMAND: POST /session/d41a4ef9228655ec76246a5e56c44812/element/f.8359050118E493E9D810750CB1F2C9B3.d.6DA54F81E0A3223E527C17195DD9364C.e.16987/click - {}
RESULT: {}
RESULT: {}
COMMAND: GET /session/d41a4ef9228655ec76246a5e56c44812/screenshot - {}
RESULT: {}
COMMAND: POST /session/d41a4ef9228655ec76246a5e56c44812/element - {"using":"xpath","value":"//td/div/div/div/span[contains(@id, \"newResourceUnit--RUTimeSegment-0-vhi\")][1]"}
RESULT: {"using":"xpath","value":"//td/div/div/div/span[contains(@id, \"newResourceUnit--RUTimeSegment-0-vhi\")][1]"}
COMMAND: GET /session/d41a4ef9228655ec76246a5e56c44812/element/f.8359050118E493E9D810750CB1F2C9B3.d.6DA54F81E0A3223E527C17195DD9364C.e.16991/rect - {}
RESULT: {}
COMMAND: GET /session/d41a4ef9228655ec76246a5e56c44812/window/rect - {}
RESULT: {}
COMMAND: POST /session/d41a4ef9228655ec76246a5e56c44812/execute/sync - {"script":"<script> [92 bytes]","args":[]}
RESULT: {"script":"<script> [92 bytes]","args":[]}
COMMAND: POST /session/d41a4ef9228655ec76246a5e56c44812/actions - {"actions":[{"id":"action56","type":"wheel","parameters":{},"actions":[{"type":"scroll","x":-1888,"y":-24,"deltaX":0,"deltaY":0,"duration":0,"origin":{"element-6066-11e4-a52e-4f735466cecf":"f.8359050118E493E9D810750CB1F2C9B3.d.6DA54F81E0A3223E527C17195DD9364C.e.16991"}}]}]}
COMMAND: GET /session/d41a4ef9228655ec76246a5e56c44812/screenshot - {}
RESULT: {}
COMMAND: POST /session/d41a4ef9228655ec76246a5e56c44812/execute/sync - {"script":"<script> [79 bytes]","args":[{"element-6066-11e4-a52e-4f735466cecf":"f.8359050118E493E9D810750CB1F2C9B3.d.6DA54F81E0A3223E527C17195DD9364C.e.16991","ELEMENT":"f.8359050118E493E9D810750CB1F2C9B3.d.6DA54F81E0A3223E527C17195DD9364C.e.16991"},{"block":"start","inline":"nearest"}]}
RESULT: {"script":"<script> [79 bytes]","args":[{"element-6066-11e4-a52e-4f735466cecf":"f.8359050118E493E9D810750CB1F2C9B3.d.6DA54F81E0A3223E527C17195DD9364C.e.16991","ELEMENT":"f.8359050118E493E9D810750CB1F2C9B3.d.6DA54F81E0A3223E527C17195DD9364C.e.16991"},{"block":"start","inline":"nearest"}]}
COMMAND: GET /session/d41a4ef9228655ec76246a5e56c44812/screenshot - {}
RESULT: {}
COMMAND: POST /session/d41a4ef9228655ec76246a5e56c44812/element/f.8359050118E493E9D810750CB1F2C9B3.d.6DA54F81E0A3223E527C17195DD9364C.e.16991/click - {}
RESULT: {}
COMMAND: GET /session/d41a4ef9228655ec76246a5e56c44812/screenshot - {}
RESULT: {}
COMMAND: POST /session/d41a4ef9228655ec76246a5e56c44812/execute/async - {"script":"<script> [1562 bytes]","args":[{"selector":{"controlType":"sap.m.SearchField","properties":{"placeholder":"Search"},"searchOpenDialogs":true,"interaction":{"idSuffix":"I"}},"wdio_ui5_key":"sapm.SearchField{\"placeholder\":\"Search\"}"}]}
RESULT: {"script":"<script> [1562 bytes]","args":[{"selector":{"controlType":"sap.m.SearchField","properties":{"placeholder":"Search"},"searchOpenDialogs":true,"interaction":{"idSuffix":"I"}},"wdio_ui5_key":"sapm.SearchField{\"placeholder\":\"Search\"}"}]}
RESULT: undefined
COMMAND: POST /session/d41a4ef9228655ec76246a5e56c44812/execute/async - {"script":"<script> [776 bytes]","args":[{"enterText":"4000360","selector":{"controlType":"sap.m.SearchField","properties":{"placeholder":"Search"},"searchOpenDialogs":true,"interaction":{"idSuffix":"I"}},"clearTextFirst":true,"interactionType":"ENTER_TEXT"}]}
RESULT: {"script":"<script> [776 bytes]","args":[{"enterText":"4000360","selector":{"controlType":"sap.m.SearchField","properties":{"placeholder":"Search"},"searchOpenDialogs":true,"interaction":{"idSuffix":"I"}},"clearTextFirst":true,"interactionType":"ENTER_TEXT"}]}
COMMAND: POST /session/d41a4ef9228655ec76246a5e56c44812/actions - {"actions":[{"id":"action57","type":"key","parameters":{},"actions":[{"type":"keyDown","value":"î€‡"},{"type":"pause","duration":10},{"type":"keyUp","value":"î€‡"}]}]}
RESULT: {"actions":[{"id":"action57","type":"key","parameters":{},"actions":[{"type":"keyDown","value":"î€‡"},{"type":"pause","duration":10},{"type":"keyUp","value":"î€‡"}]}]}
COMMAND: GET /session/d41a4ef9228655ec76246a5e56c44812/screenshot - {}
RESULT: {}
COMMAND: POST /session/d41a4ef9228655ec76246a5e56c44812/element - {"using":"xpath","value":"//td/div/span[contains(text(), \"BGL Vehicles\")]"}
RESULT: {"using":"xpath","value":"//td/div/span[contains(text(), \"BGL Vehicles\")]"}
COMMAND: POST /session/d41a4ef9228655ec76246a5e56c44812/element/f.8359050118E493E9D810750CB1F2C9B3.d.6DA54F81E0A3223E527C17195DD9364C.e.17012/click - {}
RESULT: {}
COMMAND: GET /session/d41a4ef9228655ec76246a5e56c44812/screenshot - {}
RESULT: {}
COMMAND: POST /session/d41a4ef9228655ec76246a5e56c44812/element - {"using":"xpath","value":"//bdi[contains(text(), \"OK\")]"}
RESULT: {"using":"xpath","value":"//bdi[contains(text(), \"OK\")]"}
COMMAND: POST /session/d41a4ef9228655ec76246a5e56c44812/element/f.8359050118E493E9D810750CB1F2C9B3.d.6DA54F81E0A3223E527C17195DD9364C.e.17013/click - {}
RESULT: {}
COMMAND: GET /session/d41a4ef9228655ec76246a5e56c44812/screenshot - {}
RESULT: {}
COMMAND: POST /session/d41a4ef9228655ec76246a5e56c44812/element - {"using":"xpath","value":"//label[contains(@class, 'sapMLabelRequired') and .//bdi[contains(text(), 'Planned Retirement')]]"}
RESULT: {"using":"xpath","value":"//label[contains(@class, 'sapMLabelRequired') and .//bdi[contains(text(), 'Planned Retirement')]]"}
COMMAND: POST /session/d41a4ef9228655ec76246a5e56c44812/elements - {"using":"xpath","value":"//label[contains(@class, 'sapMLabelRequired') and .//bdi[contains(text(), 'Planned Retirement')]]"}
RESULT: {"using":"xpath","value":"//label[contains(@class, 'sapMLabelRequired') and .//bdi[contains(text(), 'Planned Retirement')]]"}
COMMAND: POST /session/d41a4ef9228655ec76246a5e56c44812/element - {"using":"xpath","value":"//button[@data-kt=\"resourceUnitSaveButton\"]"}
RESULT: {"using":"xpath","value":"//button[@data-kt=\"resourceUnitSaveButton\"]"}
COMMAND: POST /session/d41a4ef9228655ec76246a5e56c44812/element/f.8359050118E493E9D810750CB1F2C9B3.d.6DA54F81E0A3223E527C17195DD9364C.e.16914/click - {}
RESULT: {}
COMMAND: GET /session/d41a4ef9228655ec76246a5e56c44812/screenshot - {}
RESULT: {}
COMMAND: POST /session/d41a4ef9228655ec76246a5e56c44812/element - {"using":"xpath","value":"//bdi[contains(text(), \"Close\")]"}
RESULT: {"using":"xpath","value":"//bdi[contains(text(), \"Close\")]"}
COMMAND: POST /session/d41a4ef9228655ec76246a5e56c44812/element/f.8359050118E493E9D810750CB1F2C9B3.d.6DA54F81E0A3223E527C17195DD9364C.e.17019/click - {}
RESULT: {}
COMMAND: GET /session/d41a4ef9228655ec76246a5e56c44812/screenshot - {}
RESULT: {}
COMMAND: POST /session/d41a4ef9228655ec76246a5e56c44812/element - {"using":"xpath","value":"//header[contains(@id, 'detailRruPage-headerTitle')]/div[1]/div[2]/div[2]/span[1]"}
RESULT: {"using":"xpath","value":"//header[contains(@id, 'detailRruPage-headerTitle')]/div[1]/div[2]/div[2]/span[1]"}
COMMAND: POST /session/d41a4ef9228655ec76246a5e56c44812/elements - {"using":"xpath","value":"//header[contains(@id, 'detailRruPage-headerTitle')]/div[1]/div[2]/div[2]/span[1]"}
RESULT: {"using":"xpath","value":"//header[contains(@id, 'detailRruPage-headerTitle')]/div[1]/div[2]/div[2]/span[1]"}
COMMAND: POST /session/d41a4ef9228655ec76246a5e56c44812/execute/sync - {"script":"<script> [56 bytes]","args":[{"element-6066-11e4-a52e-4f735466cecf":"f.8359050118E493E9D810750CB1F2C9B3.d.6DA54F81E0A3223E527C17195DD9364C.e.17053","ELEMENT":"f.8359050118E493E9D810750CB1F2C9B3.d.6DA54F81E0A3223E527C17195DD9364C.e.17053"}]}
RESULT: {"script":"<script> [56 bytes]","args":[{"element-6066-11e4-a52e-4f735466cecf":"f.8359050118E493E9D810750CB1F2C9B3.d.6DA54F81E0A3223E527C17195DD9364C.e.17053","ELEMENT":"f.8359050118E493E9D810750CB1F2C9B3.d.6DA54F81E0A3223E527C17195DD9364C.e.17053"}]}
COMMAND: POST /session/d41a4ef9228655ec76246a5e56c44812/element - {"using":"css selector","value":"#shell-header-logo"}
COMMAND: GET /session/d41a4ef9228655ec76246a5e56c44812/screenshot - {}
RESULT: {"using":"css selector","value":"#shell-header-logo"}
COMMAND: POST /session/d41a4ef9228655ec76246a5e56c44812/element/f.8359050118E493E9D810750CB1F2C9B3.d.6DA54F81E0A3223E527C17195DD9364C.e.16387/click - {}
RESULT: {}
RESULT: {}
COMMAND: GET /session/d41a4ef9228655ec76246a5e56c44812/screenshot - {}
RESULT: {}
]]></system-out>
    </testcase>
  </testsuite>
  <testsuite timestamp="2025-05-16T17:13:59" time="361.559" tests="6" failures="0" errors="0" skipped="0">
    <properties>
      <property name="specId" value="0" />
      <property name="suiteName" value="Provide to Site w/o warehouse management w/o clarification" />
      <property name="capabilities" value="chrome.136_0_7103_93.windows" />
      <property name="file" value="file:///D:/a/1/s/test/specs/HTR/provide-to-site-wo-warehouse-wo-clarification.spec.js" />
    </properties>
    <testcase classname="chrome.136_0_7103_93.windows.Provide_to_Site_w/o_warehouse_management_w/o_clarification" name="Should do a stock increase handover" time="91.474">
      <system-out><![CDATA[
COMMAND: POST /session/d41a4ef9228655ec76246a5e56c44812/execute/async - {"script":"<script> [1562 bytes]","args":[{"selector":{"controlType":"sap.m.GenericTile","properties":{"header":"Manage Handovers"}},"wdio_ui5_key":"sapm.GenericTile{\"header\":\"Manage Handovers\"}"}]}
RESULT: {"script":"<script> [1562 bytes]","args":[{"selector":{"controlType":"sap.m.GenericTile","properties":{"header":"Manage Handovers"}},"wdio_ui5_key":"sapm.GenericTile{\"header\":\"Manage Handovers\"}"}]}
RESULT: undefined
COMMAND: POST /session/d41a4ef9228655ec76246a5e56c44812/element - {"using":"xpath","value":"//*[@id=\"__tile131\"]"}
RESULT: {"using":"xpath","value":"//*[@id=\"__tile131\"]"}
COMMAND: POST /session/d41a4ef9228655ec76246a5e56c44812/element/f.8359050118E493E9D810750CB1F2C9B3.d.6DA54F81E0A3223E527C17195DD9364C.e.16433/click - {}
RESULT: {}
COMMAND: GET /session/d41a4ef9228655ec76246a5e56c44812/screenshot - {}
COMMAND: POST /session/d41a4ef9228655ec76246a5e56c44812/elements - {"using":"xpath","value":"//span[text()='Error']"}
RESULT: {}
RESULT: {"using":"xpath","value":"//span[text()='Error']"}
COMMAND: POST /session/d41a4ef9228655ec76246a5e56c44812/element - {"using":"xpath","value":"//button[@data-kt=\"masterHOAddButton\"]"}
RESULT: {"using":"xpath","value":"//button[@data-kt=\"masterHOAddButton\"]"}
COMMAND: POST /session/d41a4ef9228655ec76246a5e56c44812/elements - {"using":"xpath","value":"//button[@data-kt=\"masterHOAddButton\"]"}
RESULT: {"using":"xpath","value":"//button[@data-kt=\"masterHOAddButton\"]"}
COMMAND: POST /session/d41a4ef9228655ec76246a5e56c44812/execute/sync - {"script":"<script> [8489 bytes]","args":[{"element-6066-11e4-a52e-4f735466cecf":"f.8359050118E493E9D810750CB1F2C9B3.d.6DA54F81E0A3223E527C17195DD9364C.e.17093","ELEMENT":"f.8359050118E493E9D810750CB1F2C9B3.d.6DA54F81E0A3223E527C17195DD9364C.e.17093"}]}
RESULT: {"script":"<script> [8489 bytes]","args":[{"element-6066-11e4-a52e-4f735466cecf":"f.8359050118E493E9D810750CB1F2C9B3.d.6DA54F81E0A3223E527C17195DD9364C.e.17093","ELEMENT":"f.8359050118E493E9D810750CB1F2C9B3.d.6DA54F81E0A3223E527C17195DD9364C.e.17093"}]}
COMMAND: GET /session/d41a4ef9228655ec76246a5e56c44812/element/f.8359050118E493E9D810750CB1F2C9B3.d.6DA54F81E0A3223E527C17195DD9364C.e.17093/enabled - {}
COMMAND: GET /session/d41a4ef9228655ec76246a5e56c44812/screenshot - {}
RESULT: {}
COMMAND: POST /session/d41a4ef9228655ec76246a5e56c44812/execute/sync - {"script":"<script> [8489 bytes]","args":[{"element-6066-11e4-a52e-4f735466cecf":"f.8359050118E493E9D810750CB1F2C9B3.d.6DA54F81E0A3223E527C17195DD9364C.e.17093","ELEMENT":"f.8359050118E493E9D810750CB1F2C9B3.d.6DA54F81E0A3223E527C17195DD9364C.e.17093"}]}
COMMAND: GET /session/d41a4ef9228655ec76246a5e56c44812/screenshot - {}
RESULT: {}
RESULT: {"script":"<script> [8489 bytes]","args":[{"element-6066-11e4-a52e-4f735466cecf":"f.8359050118E493E9D810750CB1F2C9B3.d.6DA54F81E0A3223E527C17195DD9364C.e.17093","ELEMENT":"f.8359050118E493E9D810750CB1F2C9B3.d.6DA54F81E0A3223E527C17195DD9364C.e.17093"}]}
COMMAND: POST /session/d41a4ef9228655ec76246a5e56c44812/execute/sync - {"script":"<script> [5351 bytes]","args":[{"element-6066-11e4-a52e-4f735466cecf":"f.8359050118E493E9D810750CB1F2C9B3.d.6DA54F81E0A3223E527C17195DD9364C.e.17093","ELEMENT":"f.8359050118E493E9D810750CB1F2C9B3.d.6DA54F81E0A3223E527C17195DD9364C.e.17093"}]}
COMMAND: GET /session/d41a4ef9228655ec76246a5e56c44812/screenshot - {}
RESULT: {}
RESULT: {"script":"<script> [5351 bytes]","args":[{"element-6066-11e4-a52e-4f735466cecf":"f.8359050118E493E9D810750CB1F2C9B3.d.6DA54F81E0A3223E527C17195DD9364C.e.17093","ELEMENT":"f.8359050118E493E9D810750CB1F2C9B3.d.6DA54F81E0A3223E527C17195DD9364C.e.17093"}]}
COMMAND: POST /session/d41a4ef9228655ec76246a5e56c44812/element/f.8359050118E493E9D810750CB1F2C9B3.d.6DA54F81E0A3223E527C17195DD9364C.e.17093/click - {}
COMMAND: GET /session/d41a4ef9228655ec76246a5e56c44812/screenshot - {}
RESULT: {}
RESULT: {}
COMMAND: GET /session/d41a4ef9228655ec76246a5e56c44812/screenshot - {}
RESULT: {}
RESULT: {}
COMMAND: POST /session/d41a4ef9228655ec76246a5e56c44812/element - {"using":"xpath","value":"//span[contains(@id ,\"AddNewHO--typeSelect-arrow\")]"}
RESULT: {"using":"xpath","value":"//span[contains(@id ,\"AddNewHO--typeSelect-arrow\")]"}
COMMAND: POST /session/d41a4ef9228655ec76246a5e56c44812/element/f.8359050118E493E9D810750CB1F2C9B3.d.6DA54F81E0A3223E527C17195DD9364C.e.17446/click - {}
RESULT: {}
COMMAND: GET /session/d41a4ef9228655ec76246a5e56c44812/screenshot - {}
RESULT: {}
COMMAND: POST /session/d41a4ef9228655ec76246a5e56c44812/element - {"using":"xpath","value":"(//li[contains(text(), \"stock increase yard\")])[1]"}
RESULT: {"using":"xpath","value":"(//li[contains(text(), \"stock increase yard\")])[1]"}
COMMAND: POST /session/d41a4ef9228655ec76246a5e56c44812/element/f.8359050118E493E9D810750CB1F2C9B3.d.6DA54F81E0A3223E527C17195DD9364C.e.17447/click - {}
RESULT: {}
COMMAND: GET /session/d41a4ef9228655ec76246a5e56c44812/screenshot - {}
RESULT: {}
COMMAND: POST /session/d41a4ef9228655ec76246a5e56c44812/execute/async - {"script":"<script> [1562 bytes]","args":[{"selector":{"id":"application-managehandovers-display-component---AddNewHO--dueDate","interaction":{"idSuffix":"inner"}},"wdio_ui5_key":"applicationmanagehandovers-display-component---AddNewHO--dueDate"}]}
RESULT: {"script":"<script> [1562 bytes]","args":[{"selector":{"id":"application-managehandovers-display-component---AddNewHO--dueDate","interaction":{"idSuffix":"inner"}},"wdio_ui5_key":"applicationmanagehandovers-display-component---AddNewHO--dueDate"}]}
RESULT: undefined
COMMAND: POST /session/d41a4ef9228655ec76246a5e56c44812/execute/async - {"script":"<script> [6424 bytes]","args":[{"element-6066-11e4-a52e-4f735466cecf":"f.8359050118E493E9D810750CB1F2C9B3.d.6DA54F81E0A3223E527C17195DD9364C.e.17449"},"setValue",["5/16/25"]]}
RESULT: {"script":"<script> [6424 bytes]","args":[{"element-6066-11e4-a52e-4f735466cecf":"f.8359050118E493E9D810750CB1F2C9B3.d.6DA54F81E0A3223E527C17195DD9364C.e.17449"},"setValue",["5/16/25"]]}
COMMAND: POST /session/d41a4ef9228655ec76246a5e56c44812/element - {"using":"xpath","value":"//input[@id=\"generalSectionFrg--receiveYard-inner\"]"}
RESULT: {"using":"xpath","value":"//input[@id=\"generalSectionFrg--receiveYard-inner\"]"}
COMMAND: POST /session/d41a4ef9228655ec76246a5e56c44812/element/f.8359050118E493E9D810750CB1F2C9B3.d.6DA54F81E0A3223E527C17195DD9364C.e.17453/clear - {}
RESULT: {}
COMMAND: POST /session/d41a4ef9228655ec76246a5e56c44812/element/f.8359050118E493E9D810750CB1F2C9B3.d.6DA54F81E0A3223E527C17195DD9364C.e.17453/value - {"text":"476"}
COMMAND: GET /session/d41a4ef9228655ec76246a5e56c44812/screenshot - {}
RESULT: {"text":"476"}
COMMAND: GET /session/d41a4ef9228655ec76246a5e56c44812/screenshot - {}
RESULT: {}
RESULT: {}
COMMAND: POST /session/d41a4ef9228655ec76246a5e56c44812/element - {"using":"xpath","value":"//li[.//span[text()='476']]"}
RESULT: {"using":"xpath","value":"//li[.//span[text()='476']]"}
COMMAND: POST /session/d41a4ef9228655ec76246a5e56c44812/element/f.8359050118E493E9D810750CB1F2C9B3.d.6DA54F81E0A3223E527C17195DD9364C.e.17469/click - {}
RESULT: {}
COMMAND: GET /session/d41a4ef9228655ec76246a5e56c44812/screenshot - {}
RESULT: {}
COMMAND: POST /session/d41a4ef9228655ec76246a5e56c44812/execute/async - {"script":"<script> [1562 bytes]","args":[{"selector":{"id":"application-managehandovers-display-component---AddNewHO--ObjectPageLayout-anchBar-application-managehandovers-display-component---AddNewHO--section4-anchor","interaction":{"idSuffix":"BDI-content"}},"wdio_ui5_key":"applicationmanagehandovers-display-component---AddNewHO--ObjectPageLayout-anchBar-application-managehandovers-display-component---AddNewHO--section4-anchor"}]}
RESULT: {"script":"<script> [1562 bytes]","args":[{"selector":{"id":"application-managehandovers-display-component---AddNewHO--ObjectPageLayout-anchBar-application-managehandovers-display-component---AddNewHO--section4-anchor","interaction":{"idSuffix":"BDI-content"}},"wdio_ui5_key":"applicationmanagehandovers-display-component---AddNewHO--ObjectPageLayout-anchBar-application-managehandovers-display-component---AddNewHO--section4-anchor"}]}
RESULT: undefined
COMMAND: POST /session/d41a4ef9228655ec76246a5e56c44812/element - {"using":"xpath","value":"//*[@id=\"application-managehandovers-display-component---AddNewHO--ObjectPageLayout-anchBar-application-managehandovers-display-component---AddNewHO--section4-anchor\"]"}
RESULT: {"using":"xpath","value":"//*[@id=\"application-managehandovers-display-component---AddNewHO--ObjectPageLayout-anchBar-application-managehandovers-display-component---AddNewHO--section4-anchor\"]"}
COMMAND: POST /session/d41a4ef9228655ec76246a5e56c44812/element/f.8359050118E493E9D810750CB1F2C9B3.d.6DA54F81E0A3223E527C17195DD9364C.e.17471/click - {}
RESULT: {}
COMMAND: POST /session/d41a4ef9228655ec76246a5e56c44812/element - {"using":"xpath","value":"//button[@aria-label=\"Add\"]"}
COMMAND: GET /session/d41a4ef9228655ec76246a5e56c44812/screenshot - {}
RESULT: {"using":"xpath","value":"//button[@aria-label=\"Add\"]"}
COMMAND: POST /session/d41a4ef9228655ec76246a5e56c44812/element/f.8359050118E493E9D810750CB1F2C9B3.d.6DA54F81E0A3223E527C17195DD9364C.e.17473/click - {}
RESULT: {}
RESULT: {}
COMMAND: GET /session/d41a4ef9228655ec76246a5e56c44812/screenshot - {}
RESULT: {}
COMMAND: POST /session/d41a4ef9228655ec76246a5e56c44812/execute/async - {"script":"<script> [1562 bytes]","args":[{"selector":{"id":"application-managehandovers-display-component---AddNewHO--smartFilterBar-btnBasicSearch","searchOpenDialogs":true,"interaction":{"idSuffix":"I"}},"wdio_ui5_key":"applicationmanagehandovers-display-component---AddNewHO--smartFilterBar-btnBasicSearch"}]}
RESULT: {"script":"<script> [1562 bytes]","args":[{"selector":{"id":"application-managehandovers-display-component---AddNewHO--smartFilterBar-btnBasicSearch","searchOpenDialogs":true,"interaction":{"idSuffix":"I"}},"wdio_ui5_key":"applicationmanagehandovers-display-component---AddNewHO--smartFilterBar-btnBasicSearch"}]}
RESULT: undefined
COMMAND: POST /session/d41a4ef9228655ec76246a5e56c44812/execute/async - {"script":"<script> [776 bytes]","args":[{"enterText":"200240","selector":{"id":"application-managehandovers-display-component---AddNewHO--smartFilterBar-btnBasicSearch","searchOpenDialogs":true,"interaction":{"idSuffix":"I"}},"clearTextFirst":true,"interactionType":"ENTER_TEXT"}]}
RESULT: {"script":"<script> [776 bytes]","args":[{"enterText":"200240","selector":{"id":"application-managehandovers-display-component---AddNewHO--smartFilterBar-btnBasicSearch","searchOpenDialogs":true,"interaction":{"idSuffix":"I"}},"clearTextFirst":true,"interactionType":"ENTER_TEXT"}]}
COMMAND: POST /session/d41a4ef9228655ec76246a5e56c44812/actions - {"actions":[{"id":"action58","type":"key","parameters":{},"actions":[{"type":"keyDown","value":"î€‡"},{"type":"pause","duration":10},{"type":"keyUp","value":"î€‡"}]}]}
RESULT: {"actions":[{"id":"action58","type":"key","parameters":{},"actions":[{"type":"keyDown","value":"î€‡"},{"type":"pause","duration":10},{"type":"keyUp","value":"î€‡"}]}]}
COMMAND: GET /session/d41a4ef9228655ec76246a5e56c44812/screenshot - {}
RESULT: {}
COMMAND: POST /session/d41a4ef9228655ec76246a5e56c44812/execute/async - {"script":"<script> [1562 bytes]","args":[{"selector":{"id":"application-managehandovers-display-component---AddNewHO--popup-sa","searchOpenDialogs":true,"interaction":{"idSuffix":"CbBg"}},"wdio_ui5_key":"applicationmanagehandovers-display-component---AddNewHO--popup-sa"}]}
RESULT: {"script":"<script> [1562 bytes]","args":[{"selector":{"id":"application-managehandovers-display-component---AddNewHO--popup-sa","searchOpenDialogs":true,"interaction":{"idSuffix":"CbBg"}},"wdio_ui5_key":"applicationmanagehandovers-display-component---AddNewHO--popup-sa"}]}
RESULT: undefined
COMMAND: POST /session/d41a4ef9228655ec76246a5e56c44812/element - {"using":"xpath","value":"//*[@id=\"application-managehandovers-display-component---AddNewHO--popup-sa\"]"}
RESULT: {"using":"xpath","value":"//*[@id=\"application-managehandovers-display-component---AddNewHO--popup-sa\"]"}
COMMAND: POST /session/d41a4ef9228655ec76246a5e56c44812/element/f.8359050118E493E9D810750CB1F2C9B3.d.6DA54F81E0A3223E527C17195DD9364C.e.17628/click - {}
RESULT: {}
COMMAND: GET /session/d41a4ef9228655ec76246a5e56c44812/screenshot - {}
RESULT: {}
COMMAND: POST /session/d41a4ef9228655ec76246a5e56c44812/element - {"using":"xpath","value":"//bdi[contains(text(), \"Select\")]"}
RESULT: {"using":"xpath","value":"//bdi[contains(text(), \"Select\")]"}
COMMAND: POST /session/d41a4ef9228655ec76246a5e56c44812/element/f.8359050118E493E9D810750CB1F2C9B3.d.6DA54F81E0A3223E527C17195DD9364C.e.17629/click - {}
RESULT: {}
COMMAND: GET /session/d41a4ef9228655ec76246a5e56c44812/screenshot - {}
RESULT: {}
COMMAND: POST /session/d41a4ef9228655ec76246a5e56c44812/element - {"using":"xpath","value":"//button[@data-kt=\"AddNewHOSaveButton\"]"}
RESULT: {"using":"xpath","value":"//button[@data-kt=\"AddNewHOSaveButton\"]"}
COMMAND: POST /session/d41a4ef9228655ec76246a5e56c44812/element/f.8359050118E493E9D810750CB1F2C9B3.d.6DA54F81E0A3223E527C17195DD9364C.e.17633/click - {}
RESULT: {}
COMMAND: GET /session/d41a4ef9228655ec76246a5e56c44812/screenshot - {}
RESULT: {}
COMMAND: POST /session/d41a4ef9228655ec76246a5e56c44812/execute/async - {"script":"<script> [1562 bytes]","args":[{"selector":{"id":"receiptDatePicker","viewName":"etm.portal.ui.managehandovers.view.DetailExecuteHO","interaction":{"idSuffix":"inner"}},"wdio_ui5_key":"receiptDatePickeretmportal.ui.managehandovers.view.DetailExecuteHO"}]}
RESULT: {"script":"<script> [1562 bytes]","args":[{"selector":{"id":"receiptDatePicker","viewName":"etm.portal.ui.managehandovers.view.DetailExecuteHO","interaction":{"idSuffix":"inner"}},"wdio_ui5_key":"receiptDatePickeretmportal.ui.managehandovers.view.DetailExecuteHO"}]}
RESULT: undefined
COMMAND: POST /session/d41a4ef9228655ec76246a5e56c44812/execute/async - {"script":"<script> [6424 bytes]","args":[{"element-6066-11e4-a52e-4f735466cecf":"f.8359050118E493E9D810750CB1F2C9B3.d.6DA54F81E0A3223E527C17195DD9364C.e.17668"},"setValue",["5/16/25"]]}
RESULT: {"script":"<script> [6424 bytes]","args":[{"element-6066-11e4-a52e-4f735466cecf":"f.8359050118E493E9D810750CB1F2C9B3.d.6DA54F81E0A3223E527C17195DD9364C.e.17668"},"setValue",["5/16/25"]]}
COMMAND: POST /session/d41a4ef9228655ec76246a5e56c44812/element - {"using":"xpath","value":"//button[@data-kt=\"PickingTableConfirmAllButton\"]"}
RESULT: {"using":"xpath","value":"//button[@data-kt=\"PickingTableConfirmAllButton\"]"}
COMMAND: POST /session/d41a4ef9228655ec76246a5e56c44812/element/f.8359050118E493E9D810750CB1F2C9B3.d.6DA54F81E0A3223E527C17195DD9364C.e.17681/click - {}
RESULT: {}
COMMAND: GET /session/d41a4ef9228655ec76246a5e56c44812/screenshot - {}
RESULT: {}
COMMAND: POST /session/d41a4ef9228655ec76246a5e56c44812/element - {"using":"xpath","value":"//bdi[contains(text(), \"OK\")]"}
RESULT: {"using":"xpath","value":"//bdi[contains(text(), \"OK\")]"}
COMMAND: POST /session/d41a4ef9228655ec76246a5e56c44812/element/f.8359050118E493E9D810750CB1F2C9B3.d.6DA54F81E0A3223E527C17195DD9364C.e.17684/click - {}
RESULT: {}
COMMAND: GET /session/d41a4ef9228655ec76246a5e56c44812/screenshot - {}
RESULT: {}
COMMAND: POST /session/d41a4ef9228655ec76246a5e56c44812/element - {"using":"xpath","value":"(//bdi[contains(text(), \"Receive\")])[2]"}
RESULT: {"using":"xpath","value":"(//bdi[contains(text(), \"Receive\")])[2]"}
COMMAND: POST /session/d41a4ef9228655ec76246a5e56c44812/element/f.8359050118E493E9D810750CB1F2C9B3.d.6DA54F81E0A3223E527C17195DD9364C.e.17685/click - {}
RESULT: {}
COMMAND: GET /session/d41a4ef9228655ec76246a5e56c44812/screenshot - {}
RESULT: {}
COMMAND: POST /session/d41a4ef9228655ec76246a5e56c44812/element - {"using":"css selector","value":"#shell-header-logo"}
RESULT: {"using":"css selector","value":"#shell-header-logo"}
COMMAND: POST /session/d41a4ef9228655ec76246a5e56c44812/element/f.8359050118E493E9D810750CB1F2C9B3.d.6DA54F81E0A3223E527C17195DD9364C.e.17058/click - {}
RESULT: {}
COMMAND: GET /session/d41a4ef9228655ec76246a5e56c44812/screenshot - {}
RESULT: {}
]]></system-out>
    </testcase>
    <testcase classname="chrome.136_0_7103_93.windows.Provide_to_Site_w/o_warehouse_management_w/o_clarification" name="Should create a new contract" time="60.447">
      <system-out><![CDATA[
COMMAND: POST /session/d41a4ef9228655ec76246a5e56c44812/execute/async - {"script":"<script> [1562 bytes]","args":[{"selector":{"controlType":"sap.m.GenericTile","properties":{"header":"Manage Contracts"}},"wdio_ui5_key":"sapm.GenericTile{\"header\":\"Manage Contracts\"}"}]}
RESULT: {"script":"<script> [1562 bytes]","args":[{"selector":{"controlType":"sap.m.GenericTile","properties":{"header":"Manage Contracts"}},"wdio_ui5_key":"sapm.GenericTile{\"header\":\"Manage Contracts\"}"}]}
RESULT: undefined
COMMAND: POST /session/d41a4ef9228655ec76246a5e56c44812/element - {"using":"xpath","value":"//*[@id=\"__tile132\"]"}
RESULT: {"using":"xpath","value":"//*[@id=\"__tile132\"]"}
COMMAND: POST /session/d41a4ef9228655ec76246a5e56c44812/element/f.8359050118E493E9D810750CB1F2C9B3.d.6DA54F81E0A3223E527C17195DD9364C.e.16422/click - {}
RESULT: {}
COMMAND: GET /session/d41a4ef9228655ec76246a5e56c44812/screenshot - {}
RESULT: {}
COMMAND: POST /session/d41a4ef9228655ec76246a5e56c44812/elements - {"using":"xpath","value":"//span[text()='Error']"}
RESULT: {"using":"xpath","value":"//span[text()='Error']"}
COMMAND: POST /session/d41a4ef9228655ec76246a5e56c44812/element - {"using":"xpath","value":"//button[@data-kt=\"addButton\"]"}
RESULT: {"using":"xpath","value":"//button[@data-kt=\"addButton\"]"}
COMMAND: POST /session/d41a4ef9228655ec76246a5e56c44812/elements - {"using":"xpath","value":"//button[@data-kt=\"addButton\"]"}
RESULT: {"using":"xpath","value":"//button[@data-kt=\"addButton\"]"}
COMMAND: POST /session/d41a4ef9228655ec76246a5e56c44812/execute/sync - {"script":"<script> [8489 bytes]","args":[{"element-6066-11e4-a52e-4f735466cecf":"f.8359050118E493E9D810750CB1F2C9B3.d.6DA54F81E0A3223E527C17195DD9364C.e.18026","ELEMENT":"f.8359050118E493E9D810750CB1F2C9B3.d.6DA54F81E0A3223E527C17195DD9364C.e.18026"}]}
RESULT: {"script":"<script> [8489 bytes]","args":[{"element-6066-11e4-a52e-4f735466cecf":"f.8359050118E493E9D810750CB1F2C9B3.d.6DA54F81E0A3223E527C17195DD9364C.e.18026","ELEMENT":"f.8359050118E493E9D810750CB1F2C9B3.d.6DA54F81E0A3223E527C17195DD9364C.e.18026"}]}
COMMAND: GET /session/d41a4ef9228655ec76246a5e56c44812/element/f.8359050118E493E9D810750CB1F2C9B3.d.6DA54F81E0A3223E527C17195DD9364C.e.18026/enabled - {}
COMMAND: GET /session/d41a4ef9228655ec76246a5e56c44812/screenshot - {}
RESULT: {}
COMMAND: POST /session/d41a4ef9228655ec76246a5e56c44812/execute/sync - {"script":"<script> [8489 bytes]","args":[{"element-6066-11e4-a52e-4f735466cecf":"f.8359050118E493E9D810750CB1F2C9B3.d.6DA54F81E0A3223E527C17195DD9364C.e.18026","ELEMENT":"f.8359050118E493E9D810750CB1F2C9B3.d.6DA54F81E0A3223E527C17195DD9364C.e.18026"}]}
COMMAND: GET /session/d41a4ef9228655ec76246a5e56c44812/screenshot - {}
RESULT: {}
RESULT: {"script":"<script> [8489 bytes]","args":[{"element-6066-11e4-a52e-4f735466cecf":"f.8359050118E493E9D810750CB1F2C9B3.d.6DA54F81E0A3223E527C17195DD9364C.e.18026","ELEMENT":"f.8359050118E493E9D810750CB1F2C9B3.d.6DA54F81E0A3223E527C17195DD9364C.e.18026"}]}
COMMAND: POST /session/d41a4ef9228655ec76246a5e56c44812/execute/sync - {"script":"<script> [5351 bytes]","args":[{"element-6066-11e4-a52e-4f735466cecf":"f.8359050118E493E9D810750CB1F2C9B3.d.6DA54F81E0A3223E527C17195DD9364C.e.18026","ELEMENT":"f.8359050118E493E9D810750CB1F2C9B3.d.6DA54F81E0A3223E527C17195DD9364C.e.18026"}]}
COMMAND: GET /session/d41a4ef9228655ec76246a5e56c44812/screenshot - {}
RESULT: {}
RESULT: {"script":"<script> [5351 bytes]","args":[{"element-6066-11e4-a52e-4f735466cecf":"f.8359050118E493E9D810750CB1F2C9B3.d.6DA54F81E0A3223E527C17195DD9364C.e.18026","ELEMENT":"f.8359050118E493E9D810750CB1F2C9B3.d.6DA54F81E0A3223E527C17195DD9364C.e.18026"}]}
COMMAND: GET /session/d41a4ef9228655ec76246a5e56c44812/screenshot - {}
RESULT: {}
RESULT: {}
COMMAND: POST /session/d41a4ef9228655ec76246a5e56c44812/element/f.8359050118E493E9D810750CB1F2C9B3.d.6DA54F81E0A3223E527C17195DD9364C.e.18026/click - {}
RESULT: {}
COMMAND: GET /session/d41a4ef9228655ec76246a5e56c44812/screenshot - {}
COMMAND: POST /session/d41a4ef9228655ec76246a5e56c44812/execute/async - {"script":"<script> [1562 bytes]","args":[{"selector":{"id":"application-managecontracts-display-component---AddNewContract--projectDescription","interaction":{"idSuffix":"inner"}},"wdio_ui5_key":"applicationmanagecontracts-display-component---AddNewContract--projectDescription"}]}
RESULT: {}
RESULT: {"script":"<script> [1562 bytes]","args":[{"selector":{"id":"application-managecontracts-display-component---AddNewContract--projectDescription","interaction":{"idSuffix":"inner"}},"wdio_ui5_key":"applicationmanagecontracts-display-component---AddNewContract--projectDescription"}]}
RESULT: undefined
COMMAND: POST /session/d41a4ef9228655ec76246a5e56c44812/execute/async - {"script":"<script> [776 bytes]","args":[{"enterText":"Contract WDIO","selector":{"id":"application-managecontracts-display-component---AddNewContract--projectDescription","interaction":{"idSuffix":"inner"}},"clearTextFirst":true,"interactionType":"ENTER_TEXT"}]}
RESULT: {"script":"<script> [776 bytes]","args":[{"enterText":"Contract WDIO","selector":{"id":"application-managecontracts-display-component---AddNewContract--projectDescription","interaction":{"idSuffix":"inner"}},"clearTextFirst":true,"interactionType":"ENTER_TEXT"}]}
COMMAND: POST /session/d41a4ef9228655ec76246a5e56c44812/element - {"using":"xpath","value":"//input[@id=\"application-managecontracts-display-component---AddNewContract--site-inner\"]"}
RESULT: {"using":"xpath","value":"//input[@id=\"application-managecontracts-display-component---AddNewContract--site-inner\"]"}
COMMAND: POST /session/d41a4ef9228655ec76246a5e56c44812/element/f.8359050118E493E9D810750CB1F2C9B3.d.6DA54F81E0A3223E527C17195DD9364C.e.18383/clear - {}
RESULT: {}
COMMAND: POST /session/d41a4ef9228655ec76246a5e56c44812/element/f.8359050118E493E9D810750CB1F2C9B3.d.6DA54F81E0A3223E527C17195DD9364C.e.18383/value - {"text":"2223"}
COMMAND: GET /session/d41a4ef9228655ec76246a5e56c44812/screenshot - {}
RESULT: {"text":"2223"}
COMMAND: GET /session/d41a4ef9228655ec76246a5e56c44812/screenshot - {}
RESULT: {}
RESULT: {}
COMMAND: POST /session/d41a4ef9228655ec76246a5e56c44812/element - {"using":"xpath","value":"//li[.//span[text()='2223']]"}
RESULT: {"using":"xpath","value":"//li[.//span[text()='2223']]"}
COMMAND: POST /session/d41a4ef9228655ec76246a5e56c44812/element/f.8359050118E493E9D810750CB1F2C9B3.d.6DA54F81E0A3223E527C17195DD9364C.e.18416/click - {}
RESULT: {}
COMMAND: GET /session/d41a4ef9228655ec76246a5e56c44812/screenshot - {}
RESULT: {}
COMMAND: POST /session/d41a4ef9228655ec76246a5e56c44812/element - {"using":"xpath","value":"//input[@id=\"application-managecontracts-display-component---AddNewContract--yardId-inner\"]"}
RESULT: {"using":"xpath","value":"//input[@id=\"application-managecontracts-display-component---AddNewContract--yardId-inner\"]"}
COMMAND: GET /session/d41a4ef9228655ec76246a5e56c44812/element/f.8359050118E493E9D810750CB1F2C9B3.d.6DA54F81E0A3223E527C17195DD9364C.e.18384/property/value - {}
RESULT: {}
COMMAND: POST /session/d41a4ef9228655ec76246a5e56c44812/element - {"using":"xpath","value":"//input[@id=\"application-managecontracts-display-component---AddNewContract--customerSelect-inner\"]"}
COMMAND: GET /session/d41a4ef9228655ec76246a5e56c44812/screenshot - {}
RESULT: {"using":"xpath","value":"//input[@id=\"application-managecontracts-display-component---AddNewContract--customerSelect-inner\"]"}
COMMAND: POST /session/d41a4ef9228655ec76246a5e56c44812/element/f.8359050118E493E9D810750CB1F2C9B3.d.6DA54F81E0A3223E527C17195DD9364C.e.18382/clear - {}
RESULT: {}
RESULT: {}
COMMAND: POST /session/d41a4ef9228655ec76246a5e56c44812/element/f.8359050118E493E9D810750CB1F2C9B3.d.6DA54F81E0A3223E527C17195DD9364C.e.18382/value - {"text":"1263"}
COMMAND: GET /session/d41a4ef9228655ec76246a5e56c44812/screenshot - {}
RESULT: {"text":"1263"}
COMMAND: GET /session/d41a4ef9228655ec76246a5e56c44812/screenshot - {}
RESULT: {}
RESULT: {}
COMMAND: POST /session/d41a4ef9228655ec76246a5e56c44812/element - {"using":"xpath","value":"//li[.//span[text()='1263']]"}
RESULT: {"using":"xpath","value":"//li[.//span[text()='1263']]"}
COMMAND: POST /session/d41a4ef9228655ec76246a5e56c44812/element/f.8359050118E493E9D810750CB1F2C9B3.d.6DA54F81E0A3223E527C17195DD9364C.e.18419/click - {}
RESULT: {}
COMMAND: GET /session/d41a4ef9228655ec76246a5e56c44812/screenshot - {}
RESULT: {}
COMMAND: POST /session/d41a4ef9228655ec76246a5e56c44812/element - {"using":"xpath","value":"//button[@data-kt=\"saveButton\"]"}
RESULT: {"using":"xpath","value":"//button[@data-kt=\"saveButton\"]"}
COMMAND: POST /session/d41a4ef9228655ec76246a5e56c44812/element/f.8359050118E493E9D810750CB1F2C9B3.d.6DA54F81E0A3223E527C17195DD9364C.e.18420/click - {}
RESULT: {}
COMMAND: GET /session/d41a4ef9228655ec76246a5e56c44812/screenshot - {}
RESULT: {}
COMMAND: POST /session/d41a4ef9228655ec76246a5e56c44812/element - {"using":"xpath","value":"//span[contains(@id ,\"contractDetailTitleNoExpanded\")]"}
RESULT: {"using":"xpath","value":"//span[contains(@id ,\"contractDetailTitleNoExpanded\")]"}
COMMAND: POST /session/d41a4ef9228655ec76246a5e56c44812/elements - {"using":"xpath","value":"//span[contains(@id ,\"contractDetailTitleNoExpanded\")]"}
RESULT: {"using":"xpath","value":"//span[contains(@id ,\"contractDetailTitleNoExpanded\")]"}
COMMAND: POST /session/d41a4ef9228655ec76246a5e56c44812/execute/sync - {"script":"<script> [56 bytes]","args":[{"element-6066-11e4-a52e-4f735466cecf":"f.8359050118E493E9D810750CB1F2C9B3.d.6DA54F81E0A3223E527C17195DD9364C.e.18450","ELEMENT":"f.8359050118E493E9D810750CB1F2C9B3.d.6DA54F81E0A3223E527C17195DD9364C.e.18450"}]}
RESULT: {"script":"<script> [56 bytes]","args":[{"element-6066-11e4-a52e-4f735466cecf":"f.8359050118E493E9D810750CB1F2C9B3.d.6DA54F81E0A3223E527C17195DD9364C.e.18450","ELEMENT":"f.8359050118E493E9D810750CB1F2C9B3.d.6DA54F81E0A3223E527C17195DD9364C.e.18450"}]}
COMMAND: GET /session/d41a4ef9228655ec76246a5e56c44812/screenshot - {}
RESULT: {}
]]></system-out>
    </testcase>
    <testcase classname="chrome.136_0_7103_93.windows.Provide_to_Site_w/o_warehouse_management_w/o_clarification" name="Should add equipment to the contract" time="59.48">
      <system-out><![CDATA[
COMMAND: POST /session/d41a4ef9228655ec76246a5e56c44812/element - {"using":"xpath","value":"//button[@data-kt=\"contractDetailEditBtnButton\"]"}
RESULT: {"using":"xpath","value":"//button[@data-kt=\"contractDetailEditBtnButton\"]"}
COMMAND: POST /session/d41a4ef9228655ec76246a5e56c44812/element/f.8359050118E493E9D810750CB1F2C9B3.d.6DA54F81E0A3223E527C17195DD9364C.e.18453/click - {}
RESULT: {}
COMMAND: GET /session/d41a4ef9228655ec76246a5e56c44812/screenshot - {}
RESULT: {}
COMMAND: POST /session/d41a4ef9228655ec76246a5e56c44812/element - {"using":"xpath","value":"(//span[contains(text(), \"Additional Addresses\")])[2]"}
RESULT: {"using":"xpath","value":"(//span[contains(text(), \"Additional Addresses\")])[2]"}
COMMAND: POST /session/d41a4ef9228655ec76246a5e56c44812/element/f.8359050118E493E9D810750CB1F2C9B3.d.6DA54F81E0A3223E527C17195DD9364C.e.18509/click - {}
RESULT: {}
COMMAND: GET /session/d41a4ef9228655ec76246a5e56c44812/screenshot - {}
RESULT: {}
COMMAND: POST /session/d41a4ef9228655ec76246a5e56c44812/element - {"using":"xpath","value":"//button[@data-kt=\"btnAddTableRowOverflowToolbarButton\"]"}
RESULT: {"using":"xpath","value":"//button[@data-kt=\"btnAddTableRowOverflowToolbarButton\"]"}
COMMAND: POST /session/d41a4ef9228655ec76246a5e56c44812/element/f.8359050118E493E9D810750CB1F2C9B3.d.6DA54F81E0A3223E527C17195DD9364C.e.18512/click - {}
RESULT: {}
COMMAND: GET /session/d41a4ef9228655ec76246a5e56c44812/screenshot - {}
RESULT: {}
COMMAND: POST /session/d41a4ef9228655ec76246a5e56c44812/element - {"using":"xpath","value":"//div[(text() = 'Standard Entry' or . = 'Standard Entry')]"}
RESULT: {"using":"xpath","value":"//div[(text() = 'Standard Entry' or . = 'Standard Entry')]"}
COMMAND: POST /session/d41a4ef9228655ec76246a5e56c44812/element/f.8359050118E493E9D810750CB1F2C9B3.d.6DA54F81E0A3223E527C17195DD9364C.e.18514/click - {}
RESULT: {}
COMMAND: GET /session/d41a4ef9228655ec76246a5e56c44812/screenshot - {}
RESULT: {}
COMMAND: POST /session/d41a4ef9228655ec76246a5e56c44812/element - {"using":"xpath","value":"//td[6]/div/div/div/span"}
RESULT: {"using":"xpath","value":"//td[6]/div/div/div/span"}
COMMAND: POST /session/d41a4ef9228655ec76246a5e56c44812/element/f.8359050118E493E9D810750CB1F2C9B3.d.6DA54F81E0A3223E527C17195DD9364C.e.18526/click - {}
RESULT: {}
COMMAND: GET /session/d41a4ef9228655ec76246a5e56c44812/screenshot - {}
RESULT: {}
COMMAND: POST /session/d41a4ef9228655ec76246a5e56c44812/element - {"using":"xpath","value":"(//span[contains(text(), \"Material\")])"}
RESULT: {"using":"xpath","value":"(//span[contains(text(), \"Material\")])"}
COMMAND: POST /session/d41a4ef9228655ec76246a5e56c44812/element/f.8359050118E493E9D810750CB1F2C9B3.d.6DA54F81E0A3223E527C17195DD9364C.e.18527/click - {}
RESULT: {}
COMMAND: GET /session/d41a4ef9228655ec76246a5e56c44812/screenshot - {}
RESULT: {}
COMMAND: POST /session/d41a4ef9228655ec76246a5e56c44812/element - {"using":"xpath","value":"//td[7]/div/div/input"}
RESULT: {"using":"xpath","value":"//td[7]/div/div/input"}
COMMAND: POST /session/d41a4ef9228655ec76246a5e56c44812/element/f.8359050118E493E9D810750CB1F2C9B3.d.6DA54F81E0A3223E527C17195DD9364C.e.18531/clear - {}
RESULT: {}
COMMAND: POST /session/d41a4ef9228655ec76246a5e56c44812/element/f.8359050118E493E9D810750CB1F2C9B3.d.6DA54F81E0A3223E527C17195DD9364C.e.18531/value - {"text":"200240"}
COMMAND: GET /session/d41a4ef9228655ec76246a5e56c44812/screenshot - {}
RESULT: {"text":"200240"}
COMMAND: GET /session/d41a4ef9228655ec76246a5e56c44812/screenshot - {}
RESULT: {}
RESULT: {}
COMMAND: POST /session/d41a4ef9228655ec76246a5e56c44812/actions - {"actions":[{"id":"action59","type":"key","parameters":{},"actions":[{"type":"keyDown","value":"î€‡"},{"type":"pause","duration":10},{"type":"keyUp","value":"î€‡"}]}]}
RESULT: {"actions":[{"id":"action59","type":"key","parameters":{},"actions":[{"type":"keyDown","value":"î€‡"},{"type":"pause","duration":10},{"type":"keyUp","value":"î€‡"}]}]}
COMMAND: GET /session/d41a4ef9228655ec76246a5e56c44812/screenshot - {}
RESULT: {}
COMMAND: POST /session/d41a4ef9228655ec76246a5e56c44812/execute/sync - {"script":"<script> [276 bytes]","args":["No pricing information was found"]}
RESULT: {"script":"<script> [276 bytes]","args":["No pricing information was found"]}
COMMAND: POST /session/d41a4ef9228655ec76246a5e56c44812/element - {"using":"xpath","value":"//bdi[contains(text(), \"OK\")]"}
COMMAND: GET /session/d41a4ef9228655ec76246a5e56c44812/screenshot - {}
RESULT: {"using":"xpath","value":"//bdi[contains(text(), \"OK\")]"}
COMMAND: POST /session/d41a4ef9228655ec76246a5e56c44812/element/f.8359050118E493E9D810750CB1F2C9B3.d.6DA54F81E0A3223E527C17195DD9364C.e.18557/click - {}
RESULT: {}
RESULT: {}
COMMAND: GET /session/d41a4ef9228655ec76246a5e56c44812/screenshot - {}
RESULT: {}
COMMAND: POST /session/d41a4ef9228655ec76246a5e56c44812/element - {"using":"xpath","value":"(//button[@data-kt=\"saveButton\"])[2]"}
RESULT: {"using":"xpath","value":"(//button[@data-kt=\"saveButton\"])[2]"}
COMMAND: POST /session/d41a4ef9228655ec76246a5e56c44812/element/f.8359050118E493E9D810750CB1F2C9B3.d.6DA54F81E0A3223E527C17195DD9364C.e.18558/click - {}
RESULT: {}
COMMAND: GET /session/d41a4ef9228655ec76246a5e56c44812/screenshot - {}
RESULT: {}
COMMAND: POST /session/d41a4ef9228655ec76246a5e56c44812/execute/sync - {"script":"<script> [276 bytes]","args":["Some contract items are having rental validity exceeding header rental validity"]}
RESULT: {"script":"<script> [276 bytes]","args":["Some contract items are having rental validity exceeding header rental validity"]}
COMMAND: GET /session/d41a4ef9228655ec76246a5e56c44812/screenshot - {}
RESULT: {}
COMMAND: POST /session/d41a4ef9228655ec76246a5e56c44812/element - {"using":"xpath","value":"//span[contains(@id ,\"contractItemsSmartTable-header-inner\")]"}
RESULT: {"using":"xpath","value":"//span[contains(@id ,\"contractItemsSmartTable-header-inner\")]"}
COMMAND: POST /session/d41a4ef9228655ec76246a5e56c44812/elements - {"using":"xpath","value":"//span[contains(@id ,\"contractItemsSmartTable-header-inner\")]"}
RESULT: {"using":"xpath","value":"//span[contains(@id ,\"contractItemsSmartTable-header-inner\")]"}
COMMAND: POST /session/d41a4ef9228655ec76246a5e56c44812/execute/sync - {"script":"<script> [56 bytes]","args":[{"element-6066-11e4-a52e-4f735466cecf":"f.8359050118E493E9D810750CB1F2C9B3.d.6DA54F81E0A3223E527C17195DD9364C.e.18562","ELEMENT":"f.8359050118E493E9D810750CB1F2C9B3.d.6DA54F81E0A3223E527C17195DD9364C.e.18562"}]}
RESULT: {"script":"<script> [56 bytes]","args":[{"element-6066-11e4-a52e-4f735466cecf":"f.8359050118E493E9D810750CB1F2C9B3.d.6DA54F81E0A3223E527C17195DD9364C.e.18562","ELEMENT":"f.8359050118E493E9D810750CB1F2C9B3.d.6DA54F81E0A3223E527C17195DD9364C.e.18562"}]}
]]></system-out>
    </testcase>
    <testcase classname="chrome.136_0_7103_93.windows.Provide_to_Site_w/o_warehouse_management_w/o_clarification" name="Should do provide to site" time="137.28">
      <system-out><![CDATA[
COMMAND: GET /session/d41a4ef9228655ec76246a5e56c44812/screenshot - {}
COMMAND: POST /session/d41a4ef9228655ec76246a5e56c44812/element - {"using":"xpath","value":"//button[@data-kt=\"provideButton\"]"}
RESULT: {}
RESULT: {"using":"xpath","value":"//button[@data-kt=\"provideButton\"]"}
COMMAND: POST /session/d41a4ef9228655ec76246a5e56c44812/element/f.8359050118E493E9D810750CB1F2C9B3.d.6DA54F81E0A3223E527C17195DD9364C.e.18563/click - {}
RESULT: {}
COMMAND: GET /session/d41a4ef9228655ec76246a5e56c44812/screenshot - {}
COMMAND: POST /session/d41a4ef9228655ec76246a5e56c44812/element - {"using":"xpath","value":"(//div[contains(@id, \"application-managehandovers-display-component---AddNewHO--oneStep-CbBg\")])"}
RESULT: {}
RESULT: {"using":"xpath","value":"(//div[contains(@id, \"application-managehandovers-display-component---AddNewHO--oneStep-CbBg\")])"}
COMMAND: POST /session/d41a4ef9228655ec76246a5e56c44812/element - {"using":"xpath","value":"(//div[contains(@id, \"application-managehandovers-display-component---AddNewHO--oneStep-CbBg\")])/input"}
RESULT: {"using":"xpath","value":"(//div[contains(@id, \"application-managehandovers-display-component---AddNewHO--oneStep-CbBg\")])/input"}
COMMAND: GET /session/d41a4ef9228655ec76246a5e56c44812/element/f.8359050118E493E9D810750CB1F2C9B3.d.6DA54F81E0A3223E527C17195DD9364C.e.18655/attribute/checked - {}
RESULT: {}
RESULT: undefined
COMMAND: POST /session/d41a4ef9228655ec76246a5e56c44812/execute/async - {"script":"<script> [6424 bytes]","args":[{"element-6066-11e4-a52e-4f735466cecf":"f.8359050118E493E9D810750CB1F2C9B3.d.6DA54F81E0A3223E527C17195DD9364C.e.17449"},"setValue",["05/16/25"]]}
COMMAND: POST /session/d41a4ef9228655ec76246a5e56c44812/element/f.8359050118E493E9D810750CB1F2C9B3.d.6DA54F81E0A3223E527C17195DD9364C.e.18860/click - {}
COMMAND: POST /session/d41a4ef9228655ec76246a5e56c44812/execute/async - {"script":"<script> [1562 bytes]","args":[{"selector":{"id":"application-managehandovers-display-component---AddNewHO--dueDate","interaction":{"idSuffix":"inner"}},"wdio_ui5_key":"applicationmanagehandovers-display-component---AddNewHO--dueDate"}]}
RESULT: {}
COMMAND: GET /session/d41a4ef9228655ec76246a5e56c44812/screenshot - {}
RESULT: {"script":"<script> [1562 bytes]","args":[{"selector":{"id":"application-managehandovers-display-component---AddNewHO--dueDate","interaction":{"idSuffix":"inner"}},"wdio_ui5_key":"applicationmanagehandovers-display-component---AddNewHO--dueDate"}]}
COMMAND: POST /session/d41a4ef9228655ec76246a5e56c44812/execute/async - {"script":"<script> [6424 bytes]","args":[{"element-6066-11e4-a52e-4f735466cecf":"f.8359050118E493E9D810750CB1F2C9B3.d.6DA54F81E0A3223E527C17195DD9364C.e.18653"},"setValue",["05/16/25"]]}
RESULT: {}
RESULT: {"script":"<script> [6424 bytes]","args":[{"element-6066-11e4-a52e-4f735466cecf":"f.8359050118E493E9D810750CB1F2C9B3.d.6DA54F81E0A3223E527C17195DD9364C.e.18653"},"setValue",["05/16/25"]]}
COMMAND: POST /session/d41a4ef9228655ec76246a5e56c44812/element - {"using":"xpath","value":"//bdi[contains(text(), \"Instructions\")]"}
RESULT: {"using":"xpath","value":"//bdi[contains(text(), \"Instructions\")]"}
COMMAND: POST /session/d41a4ef9228655ec76246a5e56c44812/element/f.8359050118E493E9D810750CB1F2C9B3.d.6DA54F81E0A3223E527C17195DD9364C.e.18869/click - {}
RESULT: {}
COMMAND: GET /session/d41a4ef9228655ec76246a5e56c44812/screenshot - {}
RESULT: {}
COMMAND: POST /session/d41a4ef9228655ec76246a5e56c44812/element - {"using":"xpath","value":"//button[@data-kt=\"AddNewHOProvideAddItemsButton\"]"}
RESULT: {"using":"xpath","value":"//button[@data-kt=\"AddNewHOProvideAddItemsButton\"]"}
COMMAND: POST /session/d41a4ef9228655ec76246a5e56c44812/element/f.8359050118E493E9D810750CB1F2C9B3.d.6DA54F81E0A3223E527C17195DD9364C.e.18874/click - {}
RESULT: {}
COMMAND: GET /session/d41a4ef9228655ec76246a5e56c44812/screenshot - {}
RESULT: {}
RESULT: undefined
COMMAND: POST /session/d41a4ef9228655ec76246a5e56c44812/element - {"using":"xpath","value":"//*[@id=\"application-managehandovers-display-component---AddNewHO--popup-sa\"]"}
RESULT: {"using":"xpath","value":"//*[@id=\"application-managehandovers-display-component---AddNewHO--popup-sa\"]"}
COMMAND: POST /session/d41a4ef9228655ec76246a5e56c44812/element/f.8359050118E493E9D810750CB1F2C9B3.d.6DA54F81E0A3223E527C17195DD9364C.e.18884/click - {}
RESULT: {}
COMMAND: GET /session/d41a4ef9228655ec76246a5e56c44812/screenshot - {}
RESULT: {}
COMMAND: POST /session/d41a4ef9228655ec76246a5e56c44812/element - {"using":"xpath","value":"//*[contains(@id ,\"BDI-content\")][contains(text(), \"Select\")]"}
RESULT: {"using":"xpath","value":"//*[contains(@id ,\"BDI-content\")][contains(text(), \"Select\")]"}
COMMAND: POST /session/d41a4ef9228655ec76246a5e56c44812/element/f.8359050118E493E9D810750CB1F2C9B3.d.6DA54F81E0A3223E527C17195DD9364C.e.18885/click - {}
RESULT: {}
COMMAND: GET /session/d41a4ef9228655ec76246a5e56c44812/screenshot - {}
RESULT: {}
COMMAND: POST /session/d41a4ef9228655ec76246a5e56c44812/execute/async - {"script":"<script> [1562 bytes]","args":[{"selector":{"id":"application-managehandovers-display-component---AddNewHO--confirmCreationButton","interaction":{"idSuffix":"BDI-content"}},"wdio_ui5_key":"applicationmanagehandovers-display-component---AddNewHO--confirmCreationButton"}]}
RESULT: {"script":"<script> [1562 bytes]","args":[{"selector":{"id":"application-managehandovers-display-component---AddNewHO--confirmCreationButton","interaction":{"idSuffix":"BDI-content"}},"wdio_ui5_key":"applicationmanagehandovers-display-component---AddNewHO--confirmCreationButton"}]}
RESULT: undefined
COMMAND: POST /session/d41a4ef9228655ec76246a5e56c44812/element - {"using":"xpath","value":"//*[@id=\"application-managehandovers-display-component---AddNewHO--confirmCreationButton\"]"}
RESULT: {"using":"xpath","value":"//*[@id=\"application-managehandovers-display-component---AddNewHO--confirmCreationButton\"]"}
COMMAND: POST /session/d41a4ef9228655ec76246a5e56c44812/element/f.8359050118E493E9D810750CB1F2C9B3.d.6DA54F81E0A3223E527C17195DD9364C.e.18697/click - {}
RESULT: {}
COMMAND: GET /session/d41a4ef9228655ec76246a5e56c44812/screenshot - {}
RESULT: {}
COMMAND: POST /session/d41a4ef9228655ec76246a5e56c44812/execute/async - {"script":"<script> [1562 bytes]","args":[{"selector":{"id":"issueDatePicker","viewName":"etm.portal.ui.managehandovers.view.DetailExecuteHO","interaction":{"idSuffix":"inner"}},"wdio_ui5_key":"issueDatePickeretmportal.ui.managehandovers.view.DetailExecuteHO"}]}
RESULT: {"script":"<script> [1562 bytes]","args":[{"selector":{"id":"issueDatePicker","viewName":"etm.portal.ui.managehandovers.view.DetailExecuteHO","interaction":{"idSuffix":"inner"}},"wdio_ui5_key":"issueDatePickeretmportal.ui.managehandovers.view.DetailExecuteHO"}]}
RESULT: undefined
COMMAND: POST /session/d41a4ef9228655ec76246a5e56c44812/execute/async - {"script":"<script> [776 bytes]","args":[{"enterText":"5/16/25","selector":{"id":"issueDatePicker","viewName":"etm.portal.ui.managehandovers.view.DetailExecuteHO","interaction":{"idSuffix":"inner"}},"clearTextFirst":true,"interactionType":"ENTER_TEXT"}]}
RESULT: {"script":"<script> [776 bytes]","args":[{"enterText":"5/16/25","selector":{"id":"issueDatePicker","viewName":"etm.portal.ui.managehandovers.view.DetailExecuteHO","interaction":{"idSuffix":"inner"}},"clearTextFirst":true,"interactionType":"ENTER_TEXT"}]}
COMMAND: POST /session/d41a4ef9228655ec76246a5e56c44812/element - {"using":"xpath","value":"//bdi[contains(text(), \"OK\")]"}
RESULT: {"using":"xpath","value":"//bdi[contains(text(), \"OK\")]"}
COMMAND: POST /session/d41a4ef9228655ec76246a5e56c44812/element/f.8359050118E493E9D810750CB1F2C9B3.d.6DA54F81E0A3223E527C17195DD9364C.e.18925/click - {}
RESULT: {}
COMMAND: GET /session/d41a4ef9228655ec76246a5e56c44812/screenshot - {}
RESULT: {}
COMMAND: POST /session/d41a4ef9228655ec76246a5e56c44812/element - {"using":"xpath","value":"//button[@data-kt=\"PickingTableConfirmAllButton\"]"}
RESULT: {"using":"xpath","value":"//button[@data-kt=\"PickingTableConfirmAllButton\"]"}
COMMAND: POST /session/d41a4ef9228655ec76246a5e56c44812/element/f.8359050118E493E9D810750CB1F2C9B3.d.6DA54F81E0A3223E527C17195DD9364C.e.18931/click - {}
RESULT: {}
COMMAND: GET /session/d41a4ef9228655ec76246a5e56c44812/screenshot - {}
RESULT: {}
COMMAND: POST /session/d41a4ef9228655ec76246a5e56c44812/element - {"using":"xpath","value":"//bdi[contains(text(), \"OK\")]"}
RESULT: {"using":"xpath","value":"//bdi[contains(text(), \"OK\")]"}
COMMAND: POST /session/d41a4ef9228655ec76246a5e56c44812/element/f.8359050118E493E9D810750CB1F2C9B3.d.6DA54F81E0A3223E527C17195DD9364C.e.18934/click - {}
RESULT: {}
COMMAND: GET /session/d41a4ef9228655ec76246a5e56c44812/screenshot - {}
RESULT: {}
COMMAND: POST /session/d41a4ef9228655ec76246a5e56c44812/element - {"using":"xpath","value":"//button[@data-kt=\"execHoPickButton\"]"}
RESULT: {"using":"xpath","value":"//button[@data-kt=\"execHoPickButton\"]"}
COMMAND: POST /session/d41a4ef9228655ec76246a5e56c44812/element/f.8359050118E493E9D810750CB1F2C9B3.d.6DA54F81E0A3223E527C17195DD9364C.e.18936/click - {}
RESULT: {}
COMMAND: GET /session/d41a4ef9228655ec76246a5e56c44812/screenshot - {}
RESULT: {}
COMMAND: POST /session/d41a4ef9228655ec76246a5e56c44812/element - {"using":"xpath","value":"//span[contains(@id ,\"filterItemControl_BASIC-RECEIVE_CONTRACT-vhi\")]"}
RESULT: {"using":"xpath","value":"//span[contains(@id ,\"filterItemControl_BASIC-RECEIVE_CONTRACT-vhi\")]"}
COMMAND: POST /session/d41a4ef9228655ec76246a5e56c44812/element/f.8359050118E493E9D810750CB1F2C9B3.d.6DA54F81E0A3223E527C17195DD9364C.e.19293/click - {}
RESULT: {}
COMMAND: GET /session/d41a4ef9228655ec76246a5e56c44812/screenshot - {}
RESULT: {}
COMMAND: POST /session/d41a4ef9228655ec76246a5e56c44812/execute/async - {"script":"<script> [1562 bytes]","args":[{"selector":{"controlType":"sap.m.SearchField","viewName":"etm.portal.ui.managehandovers.view.MasterHO","bindingPath":{"path":"","propertyPath":"/_BASIC_SEARCH_FIELD","modelName":"fi1t3rM0d31"},"searchOpenDialogs":true,"interaction":{"idSuffix":"I"}},"wdio_ui5_key":"etmportal.ui.managehandovers.view.MasterHOsap.m.SearchField{\"path\":\"\",\"propertyPath\":\"/_BASIC_SEARCH_FIELD\",\"modelName\":\"fi1t3rM0d31\"}"}]}
RESULT: {"script":"<script> [1562 bytes]","args":[{"selector":{"controlType":"sap.m.SearchField","viewName":"etm.portal.ui.managehandovers.view.MasterHO","bindingPath":{"path":"","propertyPath":"/_BASIC_SEARCH_FIELD","modelName":"fi1t3rM0d31"},"searchOpenDialogs":true,"interaction":{"idSuffix":"I"}},"wdio_ui5_key":"etmportal.ui.managehandovers.view.MasterHOsap.m.SearchField{\"path\":\"\",\"propertyPath\":\"/_BASIC_SEARCH_FIELD\",\"modelName\":\"fi1t3rM0d31\"}"}]}
RESULT: undefined
COMMAND: POST /session/d41a4ef9228655ec76246a5e56c44812/execute/async - {"script":"<script> [776 bytes]","args":[{"enterText":"10311","selector":{"controlType":"sap.m.SearchField","viewName":"etm.portal.ui.managehandovers.view.MasterHO","bindingPath":{"path":"","propertyPath":"/_BASIC_SEARCH_FIELD","modelName":"fi1t3rM0d31"},"searchOpenDialogs":true,"interaction":{"idSuffix":"I"}},"clearTextFirst":true,"interactionType":"ENTER_TEXT"}]}
RESULT: {"script":"<script> [776 bytes]","args":[{"enterText":"10311","selector":{"controlType":"sap.m.SearchField","viewName":"etm.portal.ui.managehandovers.view.MasterHO","bindingPath":{"path":"","propertyPath":"/_BASIC_SEARCH_FIELD","modelName":"fi1t3rM0d31"},"searchOpenDialogs":true,"interaction":{"idSuffix":"I"}},"clearTextFirst":true,"interactionType":"ENTER_TEXT"}]}
COMMAND: POST /session/d41a4ef9228655ec76246a5e56c44812/actions - {"actions":[{"id":"action60","type":"key","parameters":{},"actions":[{"type":"keyDown","value":"î€‡"},{"type":"pause","duration":10},{"type":"keyUp","value":"î€‡"}]}]}
RESULT: {"actions":[{"id":"action60","type":"key","parameters":{},"actions":[{"type":"keyDown","value":"î€‡"},{"type":"pause","duration":10},{"type":"keyUp","value":"î€‡"}]}]}
COMMAND: GET /session/d41a4ef9228655ec76246a5e56c44812/screenshot - {}
RESULT: {}
COMMAND: POST /session/d41a4ef9228655ec76246a5e56c44812/element - {"using":"xpath","value":"//div[contains(@id, 'filterItemControl_BASIC-RECEIVE_CONTRACT-valueHelpDialog-table-rowsel0')]"}
RESULT: {"using":"xpath","value":"//div[contains(@id, 'filterItemControl_BASIC-RECEIVE_CONTRACT-valueHelpDialog-table-rowsel0')]"}
COMMAND: POST /session/d41a4ef9228655ec76246a5e56c44812/element/f.8359050118E493E9D810750CB1F2C9B3.d.6DA54F81E0A3223E527C17195DD9364C.e.19302/click - {}
RESULT: {}
COMMAND: GET /session/d41a4ef9228655ec76246a5e56c44812/screenshot - {}
RESULT: {}
COMMAND: POST /session/d41a4ef9228655ec76246a5e56c44812/element - {"using":"xpath","value":"//bdi[contains(text(), \"OK\")]"}
RESULT: {"using":"xpath","value":"//bdi[contains(text(), \"OK\")]"}
COMMAND: POST /session/d41a4ef9228655ec76246a5e56c44812/element/f.8359050118E493E9D810750CB1F2C9B3.d.6DA54F81E0A3223E527C17195DD9364C.e.19304/click - {}
RESULT: {}
COMMAND: GET /session/d41a4ef9228655ec76246a5e56c44812/screenshot - {}
RESULT: {}
COMMAND: POST /session/d41a4ef9228655ec76246a5e56c44812/element - {"using":"xpath","value":"//span[contains(@id, \"smartTable-header-inner\")]"}
RESULT: {"using":"xpath","value":"//span[contains(@id, \"smartTable-header-inner\")]"}
COMMAND: POST /session/d41a4ef9228655ec76246a5e56c44812/elements - {"using":"xpath","value":"//span[contains(@id, \"smartTable-header-inner\")]"}
RESULT: {"using":"xpath","value":"//span[contains(@id, \"smartTable-header-inner\")]"}
COMMAND: POST /session/d41a4ef9228655ec76246a5e56c44812/execute/sync - {"script":"<script> [56 bytes]","args":[{"element-6066-11e4-a52e-4f735466cecf":"f.8359050118E493E9D810750CB1F2C9B3.d.6DA54F81E0A3223E527C17195DD9364C.e.19330","ELEMENT":"f.8359050118E493E9D810750CB1F2C9B3.d.6DA54F81E0A3223E527C17195DD9364C.e.19330"}]}
RESULT: {"script":"<script> [56 bytes]","args":[{"element-6066-11e4-a52e-4f735466cecf":"f.8359050118E493E9D810750CB1F2C9B3.d.6DA54F81E0A3223E527C17195DD9364C.e.19330","ELEMENT":"f.8359050118E493E9D810750CB1F2C9B3.d.6DA54F81E0A3223E527C17195DD9364C.e.19330"}]}
COMMAND: POST /session/d41a4ef9228655ec76246a5e56c44812/element - {"using":"xpath","value":"//table[contains(@id, \"customHandovers\")]//tbody/tr[1]/td[2]/span"}
COMMAND: GET /session/d41a4ef9228655ec76246a5e56c44812/screenshot - {}
RESULT: {"using":"xpath","value":"//table[contains(@id, \"customHandovers\")]//tbody/tr[1]/td[2]/span"}
COMMAND: POST /session/d41a4ef9228655ec76246a5e56c44812/execute/sync - {"script":"<script> [56 bytes]","args":[{"element-6066-11e4-a52e-4f735466cecf":"f.8359050118E493E9D810750CB1F2C9B3.d.6DA54F81E0A3223E527C17195DD9364C.e.19331","ELEMENT":"f.8359050118E493E9D810750CB1F2C9B3.d.6DA54F81E0A3223E527C17195DD9364C.e.19331"}]}
RESULT: {}
RESULT: {"script":"<script> [56 bytes]","args":[{"element-6066-11e4-a52e-4f735466cecf":"f.8359050118E493E9D810750CB1F2C9B3.d.6DA54F81E0A3223E527C17195DD9364C.e.19331","ELEMENT":"f.8359050118E493E9D810750CB1F2C9B3.d.6DA54F81E0A3223E527C17195DD9364C.e.19331"}]}
COMMAND: POST /session/d41a4ef9228655ec76246a5e56c44812/element - {"using":"xpath","value":"(//span[contains(@id, \"imgNav\")])[1]"}
COMMAND: GET /session/d41a4ef9228655ec76246a5e56c44812/screenshot - {}
RESULT: {"using":"xpath","value":"(//span[contains(@id, \"imgNav\")])[1]"}
COMMAND: POST /session/d41a4ef9228655ec76246a5e56c44812/element/f.8359050118E493E9D810750CB1F2C9B3.d.6DA54F81E0A3223E527C17195DD9364C.e.19327/click - {}
RESULT: {}
RESULT: {}
COMMAND: GET /session/d41a4ef9228655ec76246a5e56c44812/screenshot - {}
RESULT: {}
RESULT: undefined
COMMAND: POST /session/d41a4ef9228655ec76246a5e56c44812/execute/async - {"script":"<script> [776 bytes]","args":[{"enterText":"5/16/25","selector":{"id":"issueDatePicker","viewName":"etm.portal.ui.managehandovers.view.DetailExecuteHO","interaction":{"idSuffix":"inner"}},"clearTextFirst":true,"interactionType":"ENTER_TEXT"}]}
RESULT: {"script":"<script> [776 bytes]","args":[{"enterText":"5/16/25","selector":{"id":"issueDatePicker","viewName":"etm.portal.ui.managehandovers.view.DetailExecuteHO","interaction":{"idSuffix":"inner"}},"clearTextFirst":true,"interactionType":"ENTER_TEXT"}]}
COMMAND: POST /session/d41a4ef9228655ec76246a5e56c44812/element - {"using":"xpath","value":"//button[@data-kt=\"PickingTableConfirmAllButton\"]"}
RESULT: {"using":"xpath","value":"//button[@data-kt=\"PickingTableConfirmAllButton\"]"}
COMMAND: POST /session/d41a4ef9228655ec76246a5e56c44812/element/f.8359050118E493E9D810750CB1F2C9B3.d.6DA54F81E0A3223E527C17195DD9364C.e.19348/click - {}
RESULT: {}
COMMAND: GET /session/d41a4ef9228655ec76246a5e56c44812/screenshot - {}
RESULT: {}
COMMAND: POST /session/d41a4ef9228655ec76246a5e56c44812/element - {"using":"xpath","value":"//bdi[contains(text(), \"OK\")]"}
RESULT: {"using":"xpath","value":"//bdi[contains(text(), \"OK\")]"}
COMMAND: POST /session/d41a4ef9228655ec76246a5e56c44812/element/f.8359050118E493E9D810750CB1F2C9B3.d.6DA54F81E0A3223E527C17195DD9364C.e.19376/click - {}
RESULT: {}
COMMAND: GET /session/d41a4ef9228655ec76246a5e56c44812/screenshot - {}
RESULT: {}
COMMAND: POST /session/d41a4ef9228655ec76246a5e56c44812/element - {"using":"xpath","value":"//button[@data-kt=\"execHoIssueButton\"]"}
RESULT: {"using":"xpath","value":"//button[@data-kt=\"execHoIssueButton\"]"}
COMMAND: POST /session/d41a4ef9228655ec76246a5e56c44812/element/f.8359050118E493E9D810750CB1F2C9B3.d.6DA54F81E0A3223E527C17195DD9364C.e.19377/click - {}
RESULT: {}
COMMAND: GET /session/d41a4ef9228655ec76246a5e56c44812/screenshot - {}
RESULT: {}
COMMAND: POST /session/d41a4ef9228655ec76246a5e56c44812/element - {"using":"xpath","value":"//input[contains(@id ,\"smartFilterBar-btnBasicSearch-I\")]"}
RESULT: {"using":"xpath","value":"//input[contains(@id ,\"smartFilterBar-btnBasicSearch-I\")]"}
COMMAND: POST /session/d41a4ef9228655ec76246a5e56c44812/elements - {"using":"xpath","value":"//input[contains(@id ,\"smartFilterBar-btnBasicSearch-I\")]"}
RESULT: {"using":"xpath","value":"//input[contains(@id ,\"smartFilterBar-btnBasicSearch-I\")]"}
COMMAND: POST /session/d41a4ef9228655ec76246a5e56c44812/execute/sync - {"script":"<script> [8489 bytes]","args":[{"element-6066-11e4-a52e-4f735466cecf":"f.8359050118E493E9D810750CB1F2C9B3.d.6DA54F81E0A3223E527C17195DD9364C.e.18652","ELEMENT":"f.8359050118E493E9D810750CB1F2C9B3.d.6DA54F81E0A3223E527C17195DD9364C.e.18652"}]}
RESULT: {"script":"<script> [8489 bytes]","args":[{"element-6066-11e4-a52e-4f735466cecf":"f.8359050118E493E9D810750CB1F2C9B3.d.6DA54F81E0A3223E527C17195DD9364C.e.18652","ELEMENT":"f.8359050118E493E9D810750CB1F2C9B3.d.6DA54F81E0A3223E527C17195DD9364C.e.18652"}]}
COMMAND: GET /session/d41a4ef9228655ec76246a5e56c44812/element/f.8359050118E493E9D810750CB1F2C9B3.d.6DA54F81E0A3223E527C17195DD9364C.e.18652/enabled - {}
COMMAND: GET /session/d41a4ef9228655ec76246a5e56c44812/screenshot - {}
RESULT: {}
COMMAND: POST /session/d41a4ef9228655ec76246a5e56c44812/element/f.8359050118E493E9D810750CB1F2C9B3.d.6DA54F81E0A3223E527C17195DD9364C.e.18652/clear - {}
COMMAND: GET /session/d41a4ef9228655ec76246a5e56c44812/screenshot - {}
RESULT: {}
RESULT: {}
COMMAND: POST /session/d41a4ef9228655ec76246a5e56c44812/element/f.8359050118E493E9D810750CB1F2C9B3.d.6DA54F81E0A3223E527C17195DD9364C.e.18652/value - {"text":"30587"}
COMMAND: GET /session/d41a4ef9228655ec76246a5e56c44812/screenshot - {}
RESULT: {}
RESULT: {"text":"30587"}
COMMAND: GET /session/d41a4ef9228655ec76246a5e56c44812/screenshot - {}
RESULT: {}
RESULT: {}
COMMAND: POST /session/d41a4ef9228655ec76246a5e56c44812/actions - {"actions":[{"id":"action61","type":"key","parameters":{},"actions":[{"type":"keyDown","value":"î€‡"},{"type":"pause","duration":10},{"type":"keyUp","value":"î€‡"}]}]}
RESULT: {"actions":[{"id":"action61","type":"key","parameters":{},"actions":[{"type":"keyDown","value":"î€‡"},{"type":"pause","duration":10},{"type":"keyUp","value":"î€‡"}]}]}
COMMAND: GET /session/d41a4ef9228655ec76246a5e56c44812/screenshot - {}
RESULT: {}
COMMAND: POST /session/d41a4ef9228655ec76246a5e56c44812/element - {"using":"xpath","value":"//span[contains(@id, \"smartTable-header-inner\")]"}
RESULT: {"using":"xpath","value":"//span[contains(@id, \"smartTable-header-inner\")]"}
COMMAND: POST /session/d41a4ef9228655ec76246a5e56c44812/elements - {"using":"xpath","value":"//span[contains(@id, \"smartTable-header-inner\")]"}
RESULT: {"using":"xpath","value":"//span[contains(@id, \"smartTable-header-inner\")]"}
COMMAND: POST /session/d41a4ef9228655ec76246a5e56c44812/execute/sync - {"script":"<script> [56 bytes]","args":[{"element-6066-11e4-a52e-4f735466cecf":"f.8359050118E493E9D810750CB1F2C9B3.d.6DA54F81E0A3223E527C17195DD9364C.e.19330","ELEMENT":"f.8359050118E493E9D810750CB1F2C9B3.d.6DA54F81E0A3223E527C17195DD9364C.e.19330"}]}
RESULT: {"script":"<script> [56 bytes]","args":[{"element-6066-11e4-a52e-4f735466cecf":"f.8359050118E493E9D810750CB1F2C9B3.d.6DA54F81E0A3223E527C17195DD9364C.e.19330","ELEMENT":"f.8359050118E493E9D810750CB1F2C9B3.d.6DA54F81E0A3223E527C17195DD9364C.e.19330"}]}
COMMAND: POST /session/d41a4ef9228655ec76246a5e56c44812/elements - {"using":"xpath","value":"//thead[contains(@class, \"sapMTableTH\")]/tr/th"}
COMMAND: GET /session/d41a4ef9228655ec76246a5e56c44812/screenshot - {}
RESULT: {"using":"xpath","value":"//thead[contains(@class, \"sapMTableTH\")]/tr/th"}
COMMAND: GET /session/d41a4ef9228655ec76246a5e56c44812/element/f.8359050118E493E9D810750CB1F2C9B3.d.6DA54F81E0A3223E527C17195DD9364C.e.19414/text - {}
RESULT: {}
RESULT: {}
COMMAND: GET /session/d41a4ef9228655ec76246a5e56c44812/element/f.8359050118E493E9D810750CB1F2C9B3.d.6DA54F81E0A3223E527C17195DD9364C.e.19415/text - {}
RESULT: {}
COMMAND: GET /session/d41a4ef9228655ec76246a5e56c44812/element/f.8359050118E493E9D810750CB1F2C9B3.d.6DA54F81E0A3223E527C17195DD9364C.e.18646/text - {}
RESULT: {}
COMMAND: GET /session/d41a4ef9228655ec76246a5e56c44812/element/f.8359050118E493E9D810750CB1F2C9B3.d.6DA54F81E0A3223E527C17195DD9364C.e.18648/text - {}
RESULT: {}
COMMAND: GET /session/d41a4ef9228655ec76246a5e56c44812/element/f.8359050118E493E9D810750CB1F2C9B3.d.6DA54F81E0A3223E527C17195DD9364C.e.19382/text - {}
RESULT: {}
COMMAND: GET /session/d41a4ef9228655ec76246a5e56c44812/element/f.8359050118E493E9D810750CB1F2C9B3.d.6DA54F81E0A3223E527C17195DD9364C.e.19383/text - {}
RESULT: {}
COMMAND: GET /session/d41a4ef9228655ec76246a5e56c44812/element/f.8359050118E493E9D810750CB1F2C9B3.d.6DA54F81E0A3223E527C17195DD9364C.e.19384/text - {}
RESULT: {}
COMMAND: GET /session/d41a4ef9228655ec76246a5e56c44812/element/f.8359050118E493E9D810750CB1F2C9B3.d.6DA54F81E0A3223E527C17195DD9364C.e.19385/text - {}
RESULT: {}
COMMAND: GET /session/d41a4ef9228655ec76246a5e56c44812/element/f.8359050118E493E9D810750CB1F2C9B3.d.6DA54F81E0A3223E527C17195DD9364C.e.19386/text - {}
RESULT: {}
COMMAND: GET /session/d41a4ef9228655ec76246a5e56c44812/element/f.8359050118E493E9D810750CB1F2C9B3.d.6DA54F81E0A3223E527C17195DD9364C.e.19387/text - {}
RESULT: {}
COMMAND: GET /session/d41a4ef9228655ec76246a5e56c44812/element/f.8359050118E493E9D810750CB1F2C9B3.d.6DA54F81E0A3223E527C17195DD9364C.e.19388/text - {}
RESULT: {}
COMMAND: GET /session/d41a4ef9228655ec76246a5e56c44812/element/f.8359050118E493E9D810750CB1F2C9B3.d.6DA54F81E0A3223E527C17195DD9364C.e.19389/text - {}
RESULT: {}
COMMAND: GET /session/d41a4ef9228655ec76246a5e56c44812/element/f.8359050118E493E9D810750CB1F2C9B3.d.6DA54F81E0A3223E527C17195DD9364C.e.19390/text - {}
RESULT: {}
COMMAND: GET /session/d41a4ef9228655ec76246a5e56c44812/element/f.8359050118E493E9D810750CB1F2C9B3.d.6DA54F81E0A3223E527C17195DD9364C.e.18649/text - {}
RESULT: {}
COMMAND: POST /session/d41a4ef9228655ec76246a5e56c44812/element - {"using":"xpath","value":"//tbody[contains(@id, \"customHandoversTable-tblBody\")]/tr[1]/td[14]/div/span"}
RESULT: {"using":"xpath","value":"//tbody[contains(@id, \"customHandoversTable-tblBody\")]/tr[1]/td[14]/div/span"}
COMMAND: POST /session/d41a4ef9228655ec76246a5e56c44812/execute/sync - {"script":"<script> [56 bytes]","args":[{"element-6066-11e4-a52e-4f735466cecf":"f.8359050118E493E9D810750CB1F2C9B3.d.6DA54F81E0A3223E527C17195DD9364C.e.19467","ELEMENT":"f.8359050118E493E9D810750CB1F2C9B3.d.6DA54F81E0A3223E527C17195DD9364C.e.19467"}]}
RESULT: {"script":"<script> [56 bytes]","args":[{"element-6066-11e4-a52e-4f735466cecf":"f.8359050118E493E9D810750CB1F2C9B3.d.6DA54F81E0A3223E527C17195DD9364C.e.19467","ELEMENT":"f.8359050118E493E9D810750CB1F2C9B3.d.6DA54F81E0A3223E527C17195DD9364C.e.19467"}]}
COMMAND: POST /session/d41a4ef9228655ec76246a5e56c44812/element - {"using":"xpath","value":"(//span[contains(@id, \"imgNav\")])[1]"}
COMMAND: GET /session/d41a4ef9228655ec76246a5e56c44812/screenshot - {}
RESULT: {"using":"xpath","value":"(//span[contains(@id, \"imgNav\")])[1]"}
COMMAND: POST /session/d41a4ef9228655ec76246a5e56c44812/element/f.8359050118E493E9D810750CB1F2C9B3.d.6DA54F81E0A3223E527C17195DD9364C.e.19468/click - {}
RESULT: {}
RESULT: {}
COMMAND: GET /session/d41a4ef9228655ec76246a5e56c44812/screenshot - {}
RESULT: {}
RESULT: undefined
COMMAND: POST /session/d41a4ef9228655ec76246a5e56c44812/execute/async - {"script":"<script> [776 bytes]","args":[{"enterText":"05/16/25","selector":{"id":"receiptDatePicker","viewName":"etm.portal.ui.managehandovers.view.DetailExecuteHO","interaction":{"idSuffix":"inner"}},"clearTextFirst":true,"interactionType":"ENTER_TEXT"}]}
RESULT: {"script":"<script> [776 bytes]","args":[{"enterText":"05/16/25","selector":{"id":"receiptDatePicker","viewName":"etm.portal.ui.managehandovers.view.DetailExecuteHO","interaction":{"idSuffix":"inner"}},"clearTextFirst":true,"interactionType":"ENTER_TEXT"}]}
COMMAND: POST /session/d41a4ef9228655ec76246a5e56c44812/element - {"using":"xpath","value":"//bdi[contains(text(), \"OK\")]"}
RESULT: {"using":"xpath","value":"//bdi[contains(text(), \"OK\")]"}
COMMAND: POST /session/d41a4ef9228655ec76246a5e56c44812/element/f.8359050118E493E9D810750CB1F2C9B3.d.6DA54F81E0A3223E527C17195DD9364C.e.19501/click - {}
RESULT: {}
COMMAND: GET /session/d41a4ef9228655ec76246a5e56c44812/screenshot - {}
RESULT: {}
COMMAND: POST /session/d41a4ef9228655ec76246a5e56c44812/element - {"using":"xpath","value":"//button[@data-kt=\"PickingTableConfirmAllButton\"]"}
RESULT: {"using":"xpath","value":"//button[@data-kt=\"PickingTableConfirmAllButton\"]"}
COMMAND: POST /session/d41a4ef9228655ec76246a5e56c44812/element/f.8359050118E493E9D810750CB1F2C9B3.d.6DA54F81E0A3223E527C17195DD9364C.e.19487/click - {}
RESULT: {}
COMMAND: GET /session/d41a4ef9228655ec76246a5e56c44812/screenshot - {}
RESULT: {}
COMMAND: POST /session/d41a4ef9228655ec76246a5e56c44812/element - {"using":"xpath","value":"//bdi[contains(text(), \"OK\")]"}
RESULT: {"using":"xpath","value":"//bdi[contains(text(), \"OK\")]"}
COMMAND: POST /session/d41a4ef9228655ec76246a5e56c44812/element/f.8359050118E493E9D810750CB1F2C9B3.d.6DA54F81E0A3223E527C17195DD9364C.e.19512/click - {}
RESULT: {}
COMMAND: GET /session/d41a4ef9228655ec76246a5e56c44812/screenshot - {}
RESULT: {}
COMMAND: POST /session/d41a4ef9228655ec76246a5e56c44812/element - {"using":"xpath","value":"//button[@data-kt= \"execHoReceiveButton\"]"}
RESULT: {"using":"xpath","value":"//button[@data-kt= \"execHoReceiveButton\"]"}
COMMAND: POST /session/d41a4ef9228655ec76246a5e56c44812/element/f.8359050118E493E9D810750CB1F2C9B3.d.6DA54F81E0A3223E527C17195DD9364C.e.19514/click - {}
RESULT: {}
COMMAND: GET /session/d41a4ef9228655ec76246a5e56c44812/screenshot - {}
RESULT: {}
COMMAND: POST /session/d41a4ef9228655ec76246a5e56c44812/element - {"using":"xpath","value":"//input[contains(@id ,\"smartFilterBar-btnBasicSearch-I\")]"}
RESULT: {"using":"xpath","value":"//input[contains(@id ,\"smartFilterBar-btnBasicSearch-I\")]"}
COMMAND: POST /session/d41a4ef9228655ec76246a5e56c44812/elements - {"using":"xpath","value":"//input[contains(@id ,\"smartFilterBar-btnBasicSearch-I\")]"}
RESULT: {"using":"xpath","value":"//input[contains(@id ,\"smartFilterBar-btnBasicSearch-I\")]"}
COMMAND: POST /session/d41a4ef9228655ec76246a5e56c44812/execute/sync - {"script":"<script> [8489 bytes]","args":[{"element-6066-11e4-a52e-4f735466cecf":"f.8359050118E493E9D810750CB1F2C9B3.d.6DA54F81E0A3223E527C17195DD9364C.e.18652","ELEMENT":"f.8359050118E493E9D810750CB1F2C9B3.d.6DA54F81E0A3223E527C17195DD9364C.e.18652"}]}
RESULT: {"script":"<script> [8489 bytes]","args":[{"element-6066-11e4-a52e-4f735466cecf":"f.8359050118E493E9D810750CB1F2C9B3.d.6DA54F81E0A3223E527C17195DD9364C.e.18652","ELEMENT":"f.8359050118E493E9D810750CB1F2C9B3.d.6DA54F81E0A3223E527C17195DD9364C.e.18652"}]}
COMMAND: GET /session/d41a4ef9228655ec76246a5e56c44812/element/f.8359050118E493E9D810750CB1F2C9B3.d.6DA54F81E0A3223E527C17195DD9364C.e.18652/enabled - {}
COMMAND: GET /session/d41a4ef9228655ec76246a5e56c44812/screenshot - {}
RESULT: {}
COMMAND: POST /session/d41a4ef9228655ec76246a5e56c44812/element/f.8359050118E493E9D810750CB1F2C9B3.d.6DA54F81E0A3223E527C17195DD9364C.e.18652/clear - {}
COMMAND: GET /session/d41a4ef9228655ec76246a5e56c44812/screenshot - {}
RESULT: {}
RESULT: {}
COMMAND: POST /session/d41a4ef9228655ec76246a5e56c44812/element/f.8359050118E493E9D810750CB1F2C9B3.d.6DA54F81E0A3223E527C17195DD9364C.e.18652/value - {"text":"30587"}
COMMAND: GET /session/d41a4ef9228655ec76246a5e56c44812/screenshot - {}
RESULT: {}
RESULT: {"text":"30587"}
COMMAND: GET /session/d41a4ef9228655ec76246a5e56c44812/screenshot - {}
RESULT: {}
RESULT: {}
COMMAND: POST /session/d41a4ef9228655ec76246a5e56c44812/actions - {"actions":[{"id":"action62","type":"key","parameters":{},"actions":[{"type":"keyDown","value":"î€‡"},{"type":"pause","duration":10},{"type":"keyUp","value":"î€‡"}]}]}
RESULT: {"actions":[{"id":"action62","type":"key","parameters":{},"actions":[{"type":"keyDown","value":"î€‡"},{"type":"pause","duration":10},{"type":"keyUp","value":"î€‡"}]}]}
COMMAND: GET /session/d41a4ef9228655ec76246a5e56c44812/screenshot - {}
RESULT: {}
COMMAND: POST /session/d41a4ef9228655ec76246a5e56c44812/element - {"using":"xpath","value":"//span[contains(@id, \"smartTable-header-inner\")]"}
RESULT: {"using":"xpath","value":"//span[contains(@id, \"smartTable-header-inner\")]"}
COMMAND: POST /session/d41a4ef9228655ec76246a5e56c44812/elements - {"using":"xpath","value":"//span[contains(@id, \"smartTable-header-inner\")]"}
RESULT: {"using":"xpath","value":"//span[contains(@id, \"smartTable-header-inner\")]"}
COMMAND: POST /session/d41a4ef9228655ec76246a5e56c44812/execute/sync - {"script":"<script> [56 bytes]","args":[{"element-6066-11e4-a52e-4f735466cecf":"f.8359050118E493E9D810750CB1F2C9B3.d.6DA54F81E0A3223E527C17195DD9364C.e.19330","ELEMENT":"f.8359050118E493E9D810750CB1F2C9B3.d.6DA54F81E0A3223E527C17195DD9364C.e.19330"}]}
RESULT: {"script":"<script> [56 bytes]","args":[{"element-6066-11e4-a52e-4f735466cecf":"f.8359050118E493E9D810750CB1F2C9B3.d.6DA54F81E0A3223E527C17195DD9364C.e.19330","ELEMENT":"f.8359050118E493E9D810750CB1F2C9B3.d.6DA54F81E0A3223E527C17195DD9364C.e.19330"}]}
COMMAND: POST /session/d41a4ef9228655ec76246a5e56c44812/elements - {"using":"xpath","value":"//thead[contains(@class, \"sapMTableTH\")]/tr/th"}
COMMAND: GET /session/d41a4ef9228655ec76246a5e56c44812/screenshot - {}
RESULT: {"using":"xpath","value":"//thead[contains(@class, \"sapMTableTH\")]/tr/th"}
COMMAND: GET /session/d41a4ef9228655ec76246a5e56c44812/element/f.8359050118E493E9D810750CB1F2C9B3.d.6DA54F81E0A3223E527C17195DD9364C.e.19414/text - {}
RESULT: {}
RESULT: {}
COMMAND: GET /session/d41a4ef9228655ec76246a5e56c44812/element/f.8359050118E493E9D810750CB1F2C9B3.d.6DA54F81E0A3223E527C17195DD9364C.e.19415/text - {}
RESULT: {}
COMMAND: GET /session/d41a4ef9228655ec76246a5e56c44812/element/f.8359050118E493E9D810750CB1F2C9B3.d.6DA54F81E0A3223E527C17195DD9364C.e.18646/text - {}
RESULT: {}
COMMAND: GET /session/d41a4ef9228655ec76246a5e56c44812/element/f.8359050118E493E9D810750CB1F2C9B3.d.6DA54F81E0A3223E527C17195DD9364C.e.18648/text - {}
RESULT: {}
COMMAND: GET /session/d41a4ef9228655ec76246a5e56c44812/element/f.8359050118E493E9D810750CB1F2C9B3.d.6DA54F81E0A3223E527C17195DD9364C.e.19519/text - {}
RESULT: {}
COMMAND: GET /session/d41a4ef9228655ec76246a5e56c44812/element/f.8359050118E493E9D810750CB1F2C9B3.d.6DA54F81E0A3223E527C17195DD9364C.e.19520/text - {}
RESULT: {}
COMMAND: GET /session/d41a4ef9228655ec76246a5e56c44812/element/f.8359050118E493E9D810750CB1F2C9B3.d.6DA54F81E0A3223E527C17195DD9364C.e.19521/text - {}
RESULT: {}
COMMAND: GET /session/d41a4ef9228655ec76246a5e56c44812/element/f.8359050118E493E9D810750CB1F2C9B3.d.6DA54F81E0A3223E527C17195DD9364C.e.19522/text - {}
RESULT: {}
COMMAND: GET /session/d41a4ef9228655ec76246a5e56c44812/element/f.8359050118E493E9D810750CB1F2C9B3.d.6DA54F81E0A3223E527C17195DD9364C.e.19523/text - {}
RESULT: {}
COMMAND: GET /session/d41a4ef9228655ec76246a5e56c44812/element/f.8359050118E493E9D810750CB1F2C9B3.d.6DA54F81E0A3223E527C17195DD9364C.e.19524/text - {}
RESULT: {}
COMMAND: GET /session/d41a4ef9228655ec76246a5e56c44812/element/f.8359050118E493E9D810750CB1F2C9B3.d.6DA54F81E0A3223E527C17195DD9364C.e.19525/text - {}
RESULT: {}
COMMAND: GET /session/d41a4ef9228655ec76246a5e56c44812/element/f.8359050118E493E9D810750CB1F2C9B3.d.6DA54F81E0A3223E527C17195DD9364C.e.19526/text - {}
RESULT: {}
COMMAND: GET /session/d41a4ef9228655ec76246a5e56c44812/element/f.8359050118E493E9D810750CB1F2C9B3.d.6DA54F81E0A3223E527C17195DD9364C.e.19527/text - {}
RESULT: {}
COMMAND: GET /session/d41a4ef9228655ec76246a5e56c44812/element/f.8359050118E493E9D810750CB1F2C9B3.d.6DA54F81E0A3223E527C17195DD9364C.e.18649/text - {}
RESULT: {}
COMMAND: POST /session/d41a4ef9228655ec76246a5e56c44812/element - {"using":"xpath","value":"//tbody[contains(@id, \"customHandoversTable-tblBody\")]/tr[1]/td[14]/div/span"}
RESULT: {"using":"xpath","value":"//tbody[contains(@id, \"customHandoversTable-tblBody\")]/tr[1]/td[14]/div/span"}
COMMAND: POST /session/d41a4ef9228655ec76246a5e56c44812/execute/sync - {"script":"<script> [56 bytes]","args":[{"element-6066-11e4-a52e-4f735466cecf":"f.8359050118E493E9D810750CB1F2C9B3.d.6DA54F81E0A3223E527C17195DD9364C.e.19568","ELEMENT":"f.8359050118E493E9D810750CB1F2C9B3.d.6DA54F81E0A3223E527C17195DD9364C.e.19568"}]}
RESULT: {"script":"<script> [56 bytes]","args":[{"element-6066-11e4-a52e-4f735466cecf":"f.8359050118E493E9D810750CB1F2C9B3.d.6DA54F81E0A3223E527C17195DD9364C.e.19568","ELEMENT":"f.8359050118E493E9D810750CB1F2C9B3.d.6DA54F81E0A3223E527C17195DD9364C.e.19568"}]}
]]></system-out>
    </testcase>
    <testcase classname="chrome.136_0_7103_93.windows.Provide_to_Site_w/o_warehouse_management_w/o_clarification" name="Should Test for Handover Execution" time="12.866">
      <system-out><![CDATA[
COMMAND: GET /session/d41a4ef9228655ec76246a5e56c44812/screenshot - {}
COMMAND: POST /session/d41a4ef9228655ec76246a5e56c44812/element - {"using":"xpath","value":"(//span[contains(@id, \"imgNav\")])[1]"}
RESULT: {}
RESULT: {"using":"xpath","value":"(//span[contains(@id, \"imgNav\")])[1]"}
COMMAND: POST /session/d41a4ef9228655ec76246a5e56c44812/element/f.8359050118E493E9D810750CB1F2C9B3.d.6DA54F81E0A3223E527C17195DD9364C.e.19569/click - {}
RESULT: {}
COMMAND: GET /session/d41a4ef9228655ec76246a5e56c44812/screenshot - {}
RESULT: {}
COMMAND: POST /session/d41a4ef9228655ec76246a5e56c44812/element - {"using":"css selector","value":"#shell-header-logo"}
RESULT: {"using":"css selector","value":"#shell-header-logo"}
COMMAND: POST /session/d41a4ef9228655ec76246a5e56c44812/element/f.8359050118E493E9D810750CB1F2C9B3.d.6DA54F81E0A3223E527C17195DD9364C.e.17976/click - {}
RESULT: {}
COMMAND: GET /session/d41a4ef9228655ec76246a5e56c44812/screenshot - {}
RESULT: {}
]]></system-out>
    </testcase>
    <testcase classname="chrome.136_0_7103_93.windows.Provide_to_Site_w/o_warehouse_management_w/o_clarification" name="Should test for Clarification" time="0.006">
      <system-out><![CDATA[
COMMAND: POST /session/d41a4ef9228655ec76246a5e56c44812/element - {"using":"css selector","value":"#j_username"}
COMMAND: POST /session/d41a4ef9228655ec76246a5e56c44812/url - {"url":"https://qa-testing-00-live-etm-ui.cfapps.eu10-004.hana.ondemand.com/"}
RESULT: {"using":"css selector","value":"#j_username"}
COMMAND: POST /session/d41a4ef9228655ec76246a5e56c44812/element - {"using":"css selector","value":"#j_username"}
RESULT: {"url":"https://qa-testing-00-live-etm-ui.cfapps.eu10-004.hana.ondemand.com/"}
RESULT: undefined
COMMAND: GET /session/d41a4ef9228655ec76246a5e56c44812/screenshot - {}
RESULT: {"using":"css selector","value":"#j_username"}
COMMAND: POST /session/d41a4ef9228655ec76246a5e56c44812/element - {"using":"css selector","value":"#shell-header-logo"}
RESULT: {}
RESULT: {"using":"css selector","value":"#shell-header-logo"}
COMMAND: POST /session/d41a4ef9228655ec76246a5e56c44812/execute/sync - {"script":"<script> [8489 bytes]","args":[{"element-6066-11e4-a52e-4f735466cecf":"f.8359050118E493E9D810750CB1F2C9B3.d.41F4D43514AEAACAB01A603F4411ED22.e.19614","ELEMENT":"f.8359050118E493E9D810750CB1F2C9B3.d.41F4D43514AEAACAB01A603F4411ED22.e.19614"}]}
RESULT: {"script":"<script> [8489 bytes]","args":[{"element-6066-11e4-a52e-4f735466cecf":"f.8359050118E493E9D810750CB1F2C9B3.d.41F4D43514AEAACAB01A603F4411ED22.e.19614","ELEMENT":"f.8359050118E493E9D810750CB1F2C9B3.d.41F4D43514AEAACAB01A603F4411ED22.e.19614"}]}
COMMAND: POST /session/d41a4ef9228655ec76246a5e56c44812/element - {"using":"css selector","value":"#shell-header-logo"}
COMMAND: GET /session/d41a4ef9228655ec76246a5e56c44812/screenshot - {}
RESULT: {"using":"css selector","value":"#shell-header-logo"}
COMMAND: POST /session/d41a4ef9228655ec76246a5e56c44812/execute/sync - {"script":"<script> [8489 bytes]","args":[{"element-6066-11e4-a52e-4f735466cecf":"f.8359050118E493E9D810750CB1F2C9B3.d.41F4D43514AEAACAB01A603F4411ED22.e.19614","ELEMENT":"f.8359050118E493E9D810750CB1F2C9B3.d.41F4D43514AEAACAB01A603F4411ED22.e.19614"}]}
RESULT: {}
RESULT: {"script":"<script> [8489 bytes]","args":[{"element-6066-11e4-a52e-4f735466cecf":"f.8359050118E493E9D810750CB1F2C9B3.d.41F4D43514AEAACAB01A603F4411ED22.e.19614","ELEMENT":"f.8359050118E493E9D810750CB1F2C9B3.d.41F4D43514AEAACAB01A603F4411ED22.e.19614"}]}
COMMAND: POST /session/d41a4ef9228655ec76246a5e56c44812/execute/sync - {"script":"<script> [5351 bytes]","args":[{"element-6066-11e4-a52e-4f735466cecf":"f.8359050118E493E9D810750CB1F2C9B3.d.41F4D43514AEAACAB01A603F4411ED22.e.19614","ELEMENT":"f.8359050118E493E9D810750CB1F2C9B3.d.41F4D43514AEAACAB01A603F4411ED22.e.19614"}]}
COMMAND: GET /session/d41a4ef9228655ec76246a5e56c44812/screenshot - {}
RESULT: {"script":"<script> [5351 bytes]","args":[{"element-6066-11e4-a52e-4f735466cecf":"f.8359050118E493E9D810750CB1F2C9B3.d.41F4D43514AEAACAB01A603F4411ED22.e.19614","ELEMENT":"f.8359050118E493E9D810750CB1F2C9B3.d.41F4D43514AEAACAB01A603F4411ED22.e.19614"}]}
COMMAND: POST /session/d41a4ef9228655ec76246a5e56c44812/element - {"using":"css selector","value":"#shell-header-logo"}
COMMAND: GET /session/d41a4ef9228655ec76246a5e56c44812/screenshot - {}
RESULT: {}
RESULT: {"using":"css selector","value":"#shell-header-logo"}
COMMAND: POST /session/d41a4ef9228655ec76246a5e56c44812/element/f.8359050118E493E9D810750CB1F2C9B3.d.41F4D43514AEAACAB01A603F4411ED22.e.19614/click - {}
RESULT: {}
RESULT: {}
COMMAND: GET /session/d41a4ef9228655ec76246a5e56c44812/screenshot - {}
RESULT: {}
COMMAND: POST /session/d41a4ef9228655ec76246a5e56c44812/execute/async - {"script":"<script> [189 bytes]","args":[]}
RESULT: {"script":"<script> [189 bytes]","args":[]}
COMMAND: POST /session/d41a4ef9228655ec76246a5e56c44812/execute/async - {"script":"<script> [123 bytes]","args":[]}
RESULT: {"script":"<script> [123 bytes]","args":[]}
COMMAND: POST /session/d41a4ef9228655ec76246a5e56c44812/timeouts - {"script":"<number>"}
RESULT: {"script":"<number>"}
COMMAND: GET /session/d41a4ef9228655ec76246a5e56c44812/timeouts - {}
RESULT: {}
RESULT: undefined
COMMAND: POST /session/d41a4ef9228655ec76246a5e56c44812/execute/async - {"script":"<script> [2676 bytes]","args":[]}
RESULT: {"script":"<script> [2676 bytes]","args":[]}
COMMAND: POST /session/d41a4ef9228655ec76246a5e56c44812/execute/async - {"script":"<script> [2342 bytes]","args":[{"protocol":"http","hostname":"0.0.0.0","path":"/","capabilities":{"browserName":"chrome","goog:chromeOptions":{"binary":"C:\\Program Files\\Google\\Chrome\\Application\\chrome.exe","args":["--start-maximized"]}},"logLevel":"warn","connectionRetryTimeout":120000,"connectionRetryCount":3,"logLevels":{},"enableDirectConnect":true,"strictSSL":true,"_":"65 more keys: [\"cacheDir\",\"port\",\"requestedCapabilities\",\"automationProtocol\",\"baseUrl\",\"waitforInterval\",\"waitforTimeout\",\"onReload\",\"beforeCommand\",\"afterCommand\",\"rootDir\",\"specs\",\"suites\",\"exclude\",\"groupLogsByTestSpec\",\"excludeDriverLogs\",\"bail\",\"framework\",\"reporters\",\"services\",\"maxInstances\",\"maxInstancesPerCapability\",\"injectGlobals\",\"filesToWatch\",\"execArgv\",\"runnerEnv\",\"runner\",\"shard\",\"specFileRetries\",\"specFileRetriesDelay\",\"specFileRetriesDeferred\",\"reporterSyncInterval\",\"reporterSyncTimeout\",\"cucumberFeaturesWithLineNumbers\",\"autoCompileOpts\",\"mochaOpts\",\"jasmineOpts\",\"cucumberOpts\",\"onPrepare\",\"onWorkerStart\",\"onWorkerEnd\",\"before\",\"beforeSession\",\"beforeSuite\",\"beforeHook\",\"beforeTest\",\"afterTest\",\"afterHook\",\"afterSuite\",\"afterSession\",\"after\",\"onComplete\",\"beforeAssertion\",\"afterAssertion\",\"beforeFeature\",\"beforeScenario\",\"beforeStep\",\"afterStep\",\"afterScenario\",\"afterFeature\",\"_\",\"suite\",\"$0\",\"ignoredWorkerServices\",\"wdi5\"]"}]}
RESULT: {"script":"<script> [2342 bytes]","args":[{"protocol":"http","hostname":"0.0.0.0","path":"/","capabilities":{"browserName":"chrome","goog:chromeOptions":{"binary":"C:\\Program Files\\Google\\Chrome\\Application\\chrome.exe","args":["--start-maximized"]}},"logLevel":"warn","connectionRetryTimeout":120000,"connectionRetryCount":3,"logLevels":{},"enableDirectConnect":true,"strictSSL":true,"_":"65 more keys: [\"cacheDir\",\"port\",\"requestedCapabilities\",\"automationProtocol\",\"baseUrl\",\"waitforInterval\",\"waitforTimeout\",\"onReload\",\"beforeCommand\",\"afterCommand\",\"rootDir\",\"specs\",\"suites\",\"exclude\",\"groupLogsByTestSpec\",\"excludeDriverLogs\",\"bail\",\"framework\",\"reporters\",\"services\",\"maxInstances\",\"maxInstancesPerCapability\",\"injectGlobals\",\"filesToWatch\",\"execArgv\",\"runnerEnv\",\"runner\",\"shard\",\"specFileRetries\",\"specFileRetriesDelay\",\"specFileRetriesDeferred\",\"reporterSyncInterval\",\"reporterSyncTimeout\",\"cucumberFeaturesWithLineNumbers\",\"autoCompileOpts\",\"mochaOpts\",\"jasmineOpts\",\"cucumberOpts\",\"onPrepare\",\"onWorkerStart\",\"onWorkerEnd\",\"before\",\"beforeSession\",\"beforeSuite\",\"beforeHook\",\"beforeTest\",\"afterTest\",\"afterHook\",\"afterSuite\",\"afterSession\",\"after\",\"onComplete\",\"beforeAssertion\",\"afterAssertion\",\"beforeFeature\",\"beforeScenario\",\"beforeStep\",\"afterStep\",\"afterScenario\",\"afterFeature\",\"_\",\"suite\",\"$0\",\"ignoredWorkerServices\",\"wdi5\"]"}]}
COMMAND: POST /session/d41a4ef9228655ec76246a5e56c44812/execute/async - {"script":"<script> [21126 bytes]","args":[35000]}
RESULT: {"script":"<script> [21126 bytes]","args":[35000]}
COMMAND: POST /session/d41a4ef9228655ec76246a5e56c44812/window/maximize - {}
RESULT: {}
COMMAND: POST /session/d41a4ef9228655ec76246a5e56c44812/execute/async - {"script":"<script> [1562 bytes]","args":[{"selector":{"id":"shell-header","interaction":{"idSuffix":"icon"}},"wdio_ui5_key":"shellheader"}]}
COMMAND: GET /session/d41a4ef9228655ec76246a5e56c44812/screenshot - {}
RESULT: {"script":"<script> [1562 bytes]","args":[{"selector":{"id":"shell-header","interaction":{"idSuffix":"icon"}},"wdio_ui5_key":"shellheader"}]}
RESULT: undefined
COMMAND: POST /session/d41a4ef9228655ec76246a5e56c44812/refresh - {}
RESULT: {}
RESULT: {}
COMMAND: GET /session/d41a4ef9228655ec76246a5e56c44812/screenshot - {}
RESULT: {}
COMMAND: POST /session/d41a4ef9228655ec76246a5e56c44812/refresh - {}
RESULT: {}
COMMAND: GET /session/d41a4ef9228655ec76246a5e56c44812/screenshot - {}
RESULT: {}
COMMAND: POST /session/d41a4ef9228655ec76246a5e56c44812/window/fullscreen - {}
RESULT: {}
COMMAND: POST /session/d41a4ef9228655ec76246a5e56c44812/execute/async - {"script":"<script> [189 bytes]","args":[]}
RESULT: {"script":"<script> [189 bytes]","args":[]}
COMMAND: POST /session/d41a4ef9228655ec76246a5e56c44812/execute/async - {"script":"<script> [123 bytes]","args":[]}
RESULT: {"script":"<script> [123 bytes]","args":[]}
COMMAND: POST /session/d41a4ef9228655ec76246a5e56c44812/timeouts - {"script":"<number>"}
RESULT: {"script":"<number>"}
COMMAND: GET /session/d41a4ef9228655ec76246a5e56c44812/timeouts - {}
RESULT: {}
RESULT: undefined
COMMAND: POST /session/d41a4ef9228655ec76246a5e56c44812/execute/async - {"script":"<script> [2676 bytes]","args":[]}
RESULT: {"script":"<script> [2676 bytes]","args":[]}
COMMAND: POST /session/d41a4ef9228655ec76246a5e56c44812/execute/async - {"script":"<script> [2342 bytes]","args":[{"protocol":"http","hostname":"0.0.0.0","path":"/","capabilities":{"browserName":"chrome","goog:chromeOptions":{"binary":"C:\\Program Files\\Google\\Chrome\\Application\\chrome.exe","args":["--start-maximized"]}},"logLevel":"warn","connectionRetryTimeout":120000,"connectionRetryCount":3,"logLevels":{},"enableDirectConnect":true,"strictSSL":true,"_":"65 more keys: [\"cacheDir\",\"port\",\"requestedCapabilities\",\"automationProtocol\",\"baseUrl\",\"waitforInterval\",\"waitforTimeout\",\"onReload\",\"beforeCommand\",\"afterCommand\",\"rootDir\",\"specs\",\"suites\",\"exclude\",\"groupLogsByTestSpec\",\"excludeDriverLogs\",\"bail\",\"framework\",\"reporters\",\"services\",\"maxInstances\",\"maxInstancesPerCapability\",\"injectGlobals\",\"filesToWatch\",\"execArgv\",\"runnerEnv\",\"runner\",\"shard\",\"specFileRetries\",\"specFileRetriesDelay\",\"specFileRetriesDeferred\",\"reporterSyncInterval\",\"reporterSyncTimeout\",\"cucumberFeaturesWithLineNumbers\",\"autoCompileOpts\",\"mochaOpts\",\"jasmineOpts\",\"cucumberOpts\",\"onPrepare\",\"onWorkerStart\",\"onWorkerEnd\",\"before\",\"beforeSession\",\"beforeSuite\",\"beforeHook\",\"beforeTest\",\"afterTest\",\"afterHook\",\"afterSuite\",\"afterSession\",\"after\",\"onComplete\",\"beforeAssertion\",\"afterAssertion\",\"beforeFeature\",\"beforeScenario\",\"beforeStep\",\"afterStep\",\"afterScenario\",\"afterFeature\",\"_\",\"suite\",\"$0\",\"ignoredWorkerServices\",\"wdi5\"]"}]}
RESULT: {"script":"<script> [2342 bytes]","args":[{"protocol":"http","hostname":"0.0.0.0","path":"/","capabilities":{"browserName":"chrome","goog:chromeOptions":{"binary":"C:\\Program Files\\Google\\Chrome\\Application\\chrome.exe","args":["--start-maximized"]}},"logLevel":"warn","connectionRetryTimeout":120000,"connectionRetryCount":3,"logLevels":{},"enableDirectConnect":true,"strictSSL":true,"_":"65 more keys: [\"cacheDir\",\"port\",\"requestedCapabilities\",\"automationProtocol\",\"baseUrl\",\"waitforInterval\",\"waitforTimeout\",\"onReload\",\"beforeCommand\",\"afterCommand\",\"rootDir\",\"specs\",\"suites\",\"exclude\",\"groupLogsByTestSpec\",\"excludeDriverLogs\",\"bail\",\"framework\",\"reporters\",\"services\",\"maxInstances\",\"maxInstancesPerCapability\",\"injectGlobals\",\"filesToWatch\",\"execArgv\",\"runnerEnv\",\"runner\",\"shard\",\"specFileRetries\",\"specFileRetriesDelay\",\"specFileRetriesDeferred\",\"reporterSyncInterval\",\"reporterSyncTimeout\",\"cucumberFeaturesWithLineNumbers\",\"autoCompileOpts\",\"mochaOpts\",\"jasmineOpts\",\"cucumberOpts\",\"onPrepare\",\"onWorkerStart\",\"onWorkerEnd\",\"before\",\"beforeSession\",\"beforeSuite\",\"beforeHook\",\"beforeTest\",\"afterTest\",\"afterHook\",\"afterSuite\",\"afterSession\",\"after\",\"onComplete\",\"beforeAssertion\",\"afterAssertion\",\"beforeFeature\",\"beforeScenario\",\"beforeStep\",\"afterStep\",\"afterScenario\",\"afterFeature\",\"_\",\"suite\",\"$0\",\"ignoredWorkerServices\",\"wdi5\"]"}]}
COMMAND: POST /session/d41a4ef9228655ec76246a5e56c44812/execute/async - {"script":"<script> [21126 bytes]","args":[35000]}
RESULT: {"script":"<script> [21126 bytes]","args":[35000]}
]]></system-out>
    </testcase>
  </testsuite>
  <testsuite timestamp="2025-05-16T17:20:00" time="185.363" tests="6" failures="0" errors="0" skipped="0">
    <properties>
      <property name="specId" value="0" />
      <property name="suiteName" value="Return from Site w/ warehouse management w/ clarification US125588" />
      <property name="capabilities" value="chrome.136_0_7103_93.windows" />
      <property name="file" value="file:///D:/a/1/s/test/specs/HTR/return-from-site-w-warehouse-management-w-clarification.spec.js" />
    </properties>
    <testcase classname="chrome.136_0_7103_93.windows.Return_from_Site_w/_warehouse_management_w/_clarification_US125588" name="Should create a new WHM yard" time="0.031">
      <system-out><![CDATA[
COMMAND: POST /session/d41a4ef9228655ec76246a5e56c44812/window/fullscreen - {}
RESULT: {}
]]></system-out>
    </testcase>
    <testcase classname="chrome.136_0_7103_93.windows.Return_from_Site_w/_warehouse_management_w/_clarification_US125588" name="Should create a new external WHM partner" time="0.004" />
    <testcase classname="chrome.136_0_7103_93.windows.Return_from_Site_w/_warehouse_management_w/_clarification_US125588" name="Should create a new WHM site" time="0.007" />
    <testcase classname="chrome.136_0_7103_93.windows.Return_from_Site_w/_warehouse_management_w/_clarification_US125588" name="Should create a new material" time="133.314">
      <system-out><![CDATA[
COMMAND: POST /session/d41a4ef9228655ec76246a5e56c44812/execute/async - {"script":"<script> [1562 bytes]","args":[{"selector":{"controlType":"sap.m.GenericTile","properties":{"header":"Manage Resources"}},"wdio_ui5_key":"sapm.GenericTile{\"header\":\"Manage Resources\"}"}]}
RESULT: {"script":"<script> [1562 bytes]","args":[{"selector":{"controlType":"sap.m.GenericTile","properties":{"header":"Manage Resources"}},"wdio_ui5_key":"sapm.GenericTile{\"header\":\"Manage Resources\"}"}]}
RESULT: undefined
COMMAND: POST /session/d41a4ef9228655ec76246a5e56c44812/element - {"using":"xpath","value":"//*[@id=\"__tile39\"]"}
RESULT: {"using":"xpath","value":"//*[@id=\"__tile39\"]"}
COMMAND: POST /session/d41a4ef9228655ec76246a5e56c44812/element/f.8359050118E493E9D810750CB1F2C9B3.d.30F7E9FAAA6BDCE0960CB4E1B248CC86.e.19768/click - {}
RESULT: {}
COMMAND: GET /session/d41a4ef9228655ec76246a5e56c44812/screenshot - {}
RESULT: {}
COMMAND: POST /session/d41a4ef9228655ec76246a5e56c44812/elements - {"using":"xpath","value":"//span[text()='Error']"}
RESULT: {"using":"xpath","value":"//span[text()='Error']"}
COMMAND: POST /session/d41a4ef9228655ec76246a5e56c44812/element - {"using":"xpath","value":"//button[@data-kt=\"addNewRUOverflowToolbarButton\"]"}
RESULT: {"using":"xpath","value":"//button[@data-kt=\"addNewRUOverflowToolbarButton\"]"}
COMMAND: POST /session/d41a4ef9228655ec76246a5e56c44812/elements - {"using":"xpath","value":"//button[@data-kt=\"addNewRUOverflowToolbarButton\"]"}
RESULT: {"using":"xpath","value":"//button[@data-kt=\"addNewRUOverflowToolbarButton\"]"}
COMMAND: POST /session/d41a4ef9228655ec76246a5e56c44812/elements - {"using":"xpath","value":"//button[@data-kt=\"addNewRUOverflowToolbarButton\"]"}
RESULT: {"using":"xpath","value":"//button[@data-kt=\"addNewRUOverflowToolbarButton\"]"}
COMMAND: POST /session/d41a4ef9228655ec76246a5e56c44812/elements - {"using":"xpath","value":"//button[@data-kt=\"addNewRUOverflowToolbarButton\"]"}
RESULT: {"using":"xpath","value":"//button[@data-kt=\"addNewRUOverflowToolbarButton\"]"}
COMMAND: POST /session/d41a4ef9228655ec76246a5e56c44812/elements - {"using":"xpath","value":"//button[@data-kt=\"addNewRUOverflowToolbarButton\"]"}
RESULT: {"using":"xpath","value":"//button[@data-kt=\"addNewRUOverflowToolbarButton\"]"}
COMMAND: POST /session/d41a4ef9228655ec76246a5e56c44812/elements - {"using":"xpath","value":"//button[@data-kt=\"addNewRUOverflowToolbarButton\"]"}
RESULT: {"using":"xpath","value":"//button[@data-kt=\"addNewRUOverflowToolbarButton\"]"}
COMMAND: POST /session/d41a4ef9228655ec76246a5e56c44812/elements - {"using":"xpath","value":"//button[@data-kt=\"addNewRUOverflowToolbarButton\"]"}
RESULT: {"using":"xpath","value":"//button[@data-kt=\"addNewRUOverflowToolbarButton\"]"}
COMMAND: POST /session/d41a4ef9228655ec76246a5e56c44812/elements - {"using":"xpath","value":"//button[@data-kt=\"addNewRUOverflowToolbarButton\"]"}
RESULT: {"using":"xpath","value":"//button[@data-kt=\"addNewRUOverflowToolbarButton\"]"}
COMMAND: POST /session/d41a4ef9228655ec76246a5e56c44812/elements - {"using":"xpath","value":"//button[@data-kt=\"addNewRUOverflowToolbarButton\"]"}
RESULT: {"using":"xpath","value":"//button[@data-kt=\"addNewRUOverflowToolbarButton\"]"}
COMMAND: POST /session/d41a4ef9228655ec76246a5e56c44812/elements - {"using":"xpath","value":"//button[@data-kt=\"addNewRUOverflowToolbarButton\"]"}
RESULT: {"using":"xpath","value":"//button[@data-kt=\"addNewRUOverflowToolbarButton\"]"}
COMMAND: POST /session/d41a4ef9228655ec76246a5e56c44812/elements - {"using":"xpath","value":"//button[@data-kt=\"addNewRUOverflowToolbarButton\"]"}
RESULT: {"using":"xpath","value":"//button[@data-kt=\"addNewRUOverflowToolbarButton\"]"}
COMMAND: POST /session/d41a4ef9228655ec76246a5e56c44812/elements - {"using":"xpath","value":"//button[@data-kt=\"addNewRUOverflowToolbarButton\"]"}
RESULT: {"using":"xpath","value":"//button[@data-kt=\"addNewRUOverflowToolbarButton\"]"}
COMMAND: POST /session/d41a4ef9228655ec76246a5e56c44812/elements - {"using":"xpath","value":"//button[@data-kt=\"addNewRUOverflowToolbarButton\"]"}
RESULT: {"using":"xpath","value":"//button[@data-kt=\"addNewRUOverflowToolbarButton\"]"}
COMMAND: POST /session/d41a4ef9228655ec76246a5e56c44812/elements - {"using":"xpath","value":"//button[@data-kt=\"addNewRUOverflowToolbarButton\"]"}
RESULT: {"using":"xpath","value":"//button[@data-kt=\"addNewRUOverflowToolbarButton\"]"}
COMMAND: POST /session/d41a4ef9228655ec76246a5e56c44812/elements - {"using":"xpath","value":"//button[@data-kt=\"addNewRUOverflowToolbarButton\"]"}
RESULT: {"using":"xpath","value":"//button[@data-kt=\"addNewRUOverflowToolbarButton\"]"}
COMMAND: POST /session/d41a4ef9228655ec76246a5e56c44812/elements - {"using":"xpath","value":"//button[@data-kt=\"addNewRUOverflowToolbarButton\"]"}
RESULT: {"using":"xpath","value":"//button[@data-kt=\"addNewRUOverflowToolbarButton\"]"}
COMMAND: POST /session/d41a4ef9228655ec76246a5e56c44812/elements - {"using":"xpath","value":"//button[@data-kt=\"addNewRUOverflowToolbarButton\"]"}
RESULT: {"using":"xpath","value":"//button[@data-kt=\"addNewRUOverflowToolbarButton\"]"}
COMMAND: POST /session/d41a4ef9228655ec76246a5e56c44812/elements - {"using":"xpath","value":"//button[@data-kt=\"addNewRUOverflowToolbarButton\"]"}
RESULT: {"using":"xpath","value":"//button[@data-kt=\"addNewRUOverflowToolbarButton\"]"}
COMMAND: POST /session/d41a4ef9228655ec76246a5e56c44812/elements - {"using":"xpath","value":"//button[@data-kt=\"addNewRUOverflowToolbarButton\"]"}
RESULT: {"using":"xpath","value":"//button[@data-kt=\"addNewRUOverflowToolbarButton\"]"}
COMMAND: POST /session/d41a4ef9228655ec76246a5e56c44812/elements - {"using":"xpath","value":"//button[@data-kt=\"addNewRUOverflowToolbarButton\"]"}
RESULT: {"using":"xpath","value":"//button[@data-kt=\"addNewRUOverflowToolbarButton\"]"}
COMMAND: POST /session/d41a4ef9228655ec76246a5e56c44812/elements - {"using":"xpath","value":"//button[@data-kt=\"addNewRUOverflowToolbarButton\"]"}
RESULT: {"using":"xpath","value":"//button[@data-kt=\"addNewRUOverflowToolbarButton\"]"}
COMMAND: POST /session/d41a4ef9228655ec76246a5e56c44812/elements - {"using":"xpath","value":"//button[@data-kt=\"addNewRUOverflowToolbarButton\"]"}
RESULT: {"using":"xpath","value":"//button[@data-kt=\"addNewRUOverflowToolbarButton\"]"}
COMMAND: POST /session/d41a4ef9228655ec76246a5e56c44812/elements - {"using":"xpath","value":"//button[@data-kt=\"addNewRUOverflowToolbarButton\"]"}
RESULT: {"using":"xpath","value":"//button[@data-kt=\"addNewRUOverflowToolbarButton\"]"}
COMMAND: POST /session/d41a4ef9228655ec76246a5e56c44812/elements - {"using":"xpath","value":"//button[@data-kt=\"addNewRUOverflowToolbarButton\"]"}
RESULT: {"using":"xpath","value":"//button[@data-kt=\"addNewRUOverflowToolbarButton\"]"}
COMMAND: POST /session/d41a4ef9228655ec76246a5e56c44812/elements - {"using":"xpath","value":"//button[@data-kt=\"addNewRUOverflowToolbarButton\"]"}
RESULT: {"using":"xpath","value":"//button[@data-kt=\"addNewRUOverflowToolbarButton\"]"}
COMMAND: POST /session/d41a4ef9228655ec76246a5e56c44812/elements - {"using":"xpath","value":"//button[@data-kt=\"addNewRUOverflowToolbarButton\"]"}
RESULT: {"using":"xpath","value":"//button[@data-kt=\"addNewRUOverflowToolbarButton\"]"}
COMMAND: POST /session/d41a4ef9228655ec76246a5e56c44812/element - {"using":"xpath","value":"//button[@data-kt=\"addNewRUOverflowToolbarButton\"]"}
RESULT: {"using":"xpath","value":"//button[@data-kt=\"addNewRUOverflowToolbarButton\"]"}
COMMAND: POST /session/d41a4ef9228655ec76246a5e56c44812/execute/sync - {"script":"<script> [8489 bytes]","args":[{"element-6066-11e4-a52e-4f735466cecf":"f.8359050118E493E9D810750CB1F2C9B3.d.30F7E9FAAA6BDCE0960CB4E1B248CC86.e.19919","ELEMENT":"f.8359050118E493E9D810750CB1F2C9B3.d.30F7E9FAAA6BDCE0960CB4E1B248CC86.e.19919"}]}
RESULT: {"script":"<script> [8489 bytes]","args":[{"element-6066-11e4-a52e-4f735466cecf":"f.8359050118E493E9D810750CB1F2C9B3.d.30F7E9FAAA6BDCE0960CB4E1B248CC86.e.19919","ELEMENT":"f.8359050118E493E9D810750CB1F2C9B3.d.30F7E9FAAA6BDCE0960CB4E1B248CC86.e.19919"}]}
COMMAND: GET /session/d41a4ef9228655ec76246a5e56c44812/element/f.8359050118E493E9D810750CB1F2C9B3.d.30F7E9FAAA6BDCE0960CB4E1B248CC86.e.19919/enabled - {}
COMMAND: GET /session/d41a4ef9228655ec76246a5e56c44812/screenshot - {}
RESULT: {}
COMMAND: POST /session/d41a4ef9228655ec76246a5e56c44812/execute/sync - {"script":"<script> [8489 bytes]","args":[{"element-6066-11e4-a52e-4f735466cecf":"f.8359050118E493E9D810750CB1F2C9B3.d.30F7E9FAAA6BDCE0960CB4E1B248CC86.e.19919","ELEMENT":"f.8359050118E493E9D810750CB1F2C9B3.d.30F7E9FAAA6BDCE0960CB4E1B248CC86.e.19919"}]}
COMMAND: GET /session/d41a4ef9228655ec76246a5e56c44812/screenshot - {}
RESULT: {}
RESULT: {"script":"<script> [8489 bytes]","args":[{"element-6066-11e4-a52e-4f735466cecf":"f.8359050118E493E9D810750CB1F2C9B3.d.30F7E9FAAA6BDCE0960CB4E1B248CC86.e.19919","ELEMENT":"f.8359050118E493E9D810750CB1F2C9B3.d.30F7E9FAAA6BDCE0960CB4E1B248CC86.e.19919"}]}
COMMAND: POST /session/d41a4ef9228655ec76246a5e56c44812/execute/sync - {"script":"<script> [5351 bytes]","args":[{"element-6066-11e4-a52e-4f735466cecf":"f.8359050118E493E9D810750CB1F2C9B3.d.30F7E9FAAA6BDCE0960CB4E1B248CC86.e.19919","ELEMENT":"f.8359050118E493E9D810750CB1F2C9B3.d.30F7E9FAAA6BDCE0960CB4E1B248CC86.e.19919"}]}
COMMAND: GET /session/d41a4ef9228655ec76246a5e56c44812/screenshot - {}
RESULT: {}
RESULT: {"script":"<script> [5351 bytes]","args":[{"element-6066-11e4-a52e-4f735466cecf":"f.8359050118E493E9D810750CB1F2C9B3.d.30F7E9FAAA6BDCE0960CB4E1B248CC86.e.19919","ELEMENT":"f.8359050118E493E9D810750CB1F2C9B3.d.30F7E9FAAA6BDCE0960CB4E1B248CC86.e.19919"}]}
COMMAND: POST /session/d41a4ef9228655ec76246a5e56c44812/element/f.8359050118E493E9D810750CB1F2C9B3.d.30F7E9FAAA6BDCE0960CB4E1B248CC86.e.19919/click - {}
COMMAND: GET /session/d41a4ef9228655ec76246a5e56c44812/screenshot - {}
RESULT: {}
RESULT: {}
COMMAND: GET /session/d41a4ef9228655ec76246a5e56c44812/screenshot - {}
RESULT: {}
COMMAND: POST /session/d41a4ef9228655ec76246a5e56c44812/execute/async - {"script":"<script> [1562 bytes]","args":[{"selector":{"id":"application-manageresources-display-component---newResourceUnit--TYPE-arrow"},"wdio_ui5_key":"applicationmanageresources-display-component---newResourceUnit--TYPE-arrow"}]}
RESULT: {}
RESULT: {"script":"<script> [1562 bytes]","args":[{"selector":{"id":"application-manageresources-display-component---newResourceUnit--TYPE-arrow"},"wdio_ui5_key":"applicationmanageresources-display-component---newResourceUnit--TYPE-arrow"}]}
RESULT: undefined
COMMAND: POST /session/d41a4ef9228655ec76246a5e56c44812/element - {"using":"xpath","value":"//*[@id=\"application-manageresources-display-component---newResourceUnit--TYPE-arrow\"]"}
RESULT: {"using":"xpath","value":"//*[@id=\"application-manageresources-display-component---newResourceUnit--TYPE-arrow\"]"}
COMMAND: POST /session/d41a4ef9228655ec76246a5e56c44812/element/f.8359050118E493E9D810750CB1F2C9B3.d.30F7E9FAAA6BDCE0960CB4E1B248CC86.e.20264/click - {}
RESULT: {}
COMMAND: POST /session/d41a4ef9228655ec76246a5e56c44812/element - {"using":"xpath","value":"//input[@id=\"application-manageresources-display-component---newResourceUnit--TYPE-inner\"]"}
COMMAND: GET /session/d41a4ef9228655ec76246a5e56c44812/screenshot - {}
RESULT: {"using":"xpath","value":"//input[@id=\"application-manageresources-display-component---newResourceUnit--TYPE-inner\"]"}
COMMAND: POST /session/d41a4ef9228655ec76246a5e56c44812/element/f.8359050118E493E9D810750CB1F2C9B3.d.30F7E9FAAA6BDCE0960CB4E1B248CC86.e.20260/clear - {}
RESULT: {}
RESULT: {}
COMMAND: POST /session/d41a4ef9228655ec76246a5e56c44812/element/f.8359050118E493E9D810750CB1F2C9B3.d.30F7E9FAAA6BDCE0960CB4E1B248CC86.e.20260/value - {"text":"Material"}
COMMAND: GET /session/d41a4ef9228655ec76246a5e56c44812/screenshot - {}
RESULT: {"text":"Material"}
COMMAND: GET /session/d41a4ef9228655ec76246a5e56c44812/screenshot - {}
RESULT: {}
RESULT: {}
COMMAND: POST /session/d41a4ef9228655ec76246a5e56c44812/actions - {"actions":[{"id":"action63","type":"key","parameters":{},"actions":[{"type":"keyDown","value":"î€‡"},{"type":"pause","duration":10},{"type":"keyUp","value":"î€‡"}]}]}
RESULT: {"actions":[{"id":"action63","type":"key","parameters":{},"actions":[{"type":"keyDown","value":"î€‡"},{"type":"pause","duration":10},{"type":"keyUp","value":"î€‡"}]}]}
COMMAND: POST /session/d41a4ef9228655ec76246a5e56c44812/execute/async - {"script":"<script> [1562 bytes]","args":[{"selector":{"id":"application-manageresources-display-component---newResourceUnit--SHORT_TEXT","interaction":{"idSuffix":"inner"}},"wdio_ui5_key":"applicationmanageresources-display-component---newResourceUnit--SHORT_TEXT"}]}
COMMAND: GET /session/d41a4ef9228655ec76246a5e56c44812/screenshot - {}
RESULT: {"script":"<script> [1562 bytes]","args":[{"selector":{"id":"application-manageresources-display-component---newResourceUnit--SHORT_TEXT","interaction":{"idSuffix":"inner"}},"wdio_ui5_key":"applicationmanageresources-display-component---newResourceUnit--SHORT_TEXT"}]}
RESULT: undefined
COMMAND: POST /session/d41a4ef9228655ec76246a5e56c44812/execute/async - {"script":"<script> [776 bytes]","args":[{"enterText":"Cement WDIO","selector":{"id":"application-manageresources-display-component---newResourceUnit--SHORT_TEXT","interaction":{"idSuffix":"inner"}},"clearTextFirst":true,"interactionType":"ENTER_TEXT"}]}
RESULT: {}
RESULT: {"script":"<script> [776 bytes]","args":[{"enterText":"Cement WDIO","selector":{"id":"application-manageresources-display-component---newResourceUnit--SHORT_TEXT","interaction":{"idSuffix":"inner"}},"clearTextFirst":true,"interactionType":"ENTER_TEXT"}]}
COMMAND: POST /session/d41a4ef9228655ec76246a5e56c44812/execute/async - {"script":"<script> [1562 bytes]","args":[{"selector":{"id":"application-manageresources-display-component---newResourceUnit--BASE_UNIT_OF_MEASURE","interaction":{"idSuffix":"inner"}},"wdio_ui5_key":"applicationmanageresources-display-component---newResourceUnit--BASE_UNIT_OF_MEASURE"}]}
RESULT: {"script":"<script> [1562 bytes]","args":[{"selector":{"id":"application-manageresources-display-component---newResourceUnit--BASE_UNIT_OF_MEASURE","interaction":{"idSuffix":"inner"}},"wdio_ui5_key":"applicationmanageresources-display-component---newResourceUnit--BASE_UNIT_OF_MEASURE"}]}
RESULT: undefined
COMMAND: POST /session/d41a4ef9228655ec76246a5e56c44812/execute/async - {"script":"<script> [776 bytes]","args":[{"enterText":"Piece","selector":{"id":"application-manageresources-display-component---newResourceUnit--BASE_UNIT_OF_MEASURE","interaction":{"idSuffix":"inner"}},"clearTextFirst":true,"interactionType":"ENTER_TEXT"}]}
RESULT: {"script":"<script> [776 bytes]","args":[{"enterText":"Piece","selector":{"id":"application-manageresources-display-component---newResourceUnit--BASE_UNIT_OF_MEASURE","interaction":{"idSuffix":"inner"}},"clearTextFirst":true,"interactionType":"ENTER_TEXT"}]}
COMMAND: POST /session/d41a4ef9228655ec76246a5e56c44812/execute/async - {"script":"<script> [1562 bytes]","args":[{"selector":{"id":"application-manageresources-display-component---newResourceUnit--WEIGHT_UNIT","interaction":{"idSuffix":"inner"}},"wdio_ui5_key":"applicationmanageresources-display-component---newResourceUnit--WEIGHT_UNIT"}]}
RESULT: {"script":"<script> [1562 bytes]","args":[{"selector":{"id":"application-manageresources-display-component---newResourceUnit--WEIGHT_UNIT","interaction":{"idSuffix":"inner"}},"wdio_ui5_key":"applicationmanageresources-display-component---newResourceUnit--WEIGHT_UNIT"}]}
RESULT: undefined
COMMAND: POST /session/d41a4ef9228655ec76246a5e56c44812/execute/async - {"script":"<script> [776 bytes]","args":[{"enterText":"Gram","selector":{"id":"application-manageresources-display-component---newResourceUnit--WEIGHT_UNIT","interaction":{"idSuffix":"inner"}},"clearTextFirst":true,"interactionType":"ENTER_TEXT"}]}
RESULT: {"script":"<script> [776 bytes]","args":[{"enterText":"Gram","selector":{"id":"application-manageresources-display-component---newResourceUnit--WEIGHT_UNIT","interaction":{"idSuffix":"inner"}},"clearTextFirst":true,"interactionType":"ENTER_TEXT"}]}
COMMAND: POST /session/d41a4ef9228655ec76246a5e56c44812/execute/async - {"script":"<script> [1562 bytes]","args":[{"selector":{"id":"application-manageresources-display-component---newResourceUnit--DIMENSION_UNIT","interaction":{"idSuffix":"inner"}},"wdio_ui5_key":"applicationmanageresources-display-component---newResourceUnit--DIMENSION_UNIT"}]}
RESULT: {"script":"<script> [1562 bytes]","args":[{"selector":{"id":"application-manageresources-display-component---newResourceUnit--DIMENSION_UNIT","interaction":{"idSuffix":"inner"}},"wdio_ui5_key":"applicationmanageresources-display-component---newResourceUnit--DIMENSION_UNIT"}]}
RESULT: undefined
COMMAND: POST /session/d41a4ef9228655ec76246a5e56c44812/execute/async - {"script":"<script> [776 bytes]","args":[{"enterText":"Meter","selector":{"id":"application-manageresources-display-component---newResourceUnit--DIMENSION_UNIT","interaction":{"idSuffix":"inner"}},"clearTextFirst":true,"interactionType":"ENTER_TEXT"}]}
RESULT: {"script":"<script> [776 bytes]","args":[{"enterText":"Meter","selector":{"id":"application-manageresources-display-component---newResourceUnit--DIMENSION_UNIT","interaction":{"idSuffix":"inner"}},"clearTextFirst":true,"interactionType":"ENTER_TEXT"}]}
COMMAND: POST /session/d41a4ef9228655ec76246a5e56c44812/execute/async - {"script":"<script> [1562 bytes]","args":[{"selector":{"id":"application-manageresources-display-component---newResourceUnit--newRRUPage-anchBar-application-manageresources-display-component---newResourceUnit--control-anchor","interaction":{"idSuffix":"BDI-content"}},"wdio_ui5_key":"applicationmanageresources-display-component---newResourceUnit--newRRUPage-anchBar-application-manageresources-display-component---newResourceUnit--control-anchor"}]}
RESULT: {"script":"<script> [1562 bytes]","args":[{"selector":{"id":"application-manageresources-display-component---newResourceUnit--newRRUPage-anchBar-application-manageresources-display-component---newResourceUnit--control-anchor","interaction":{"idSuffix":"BDI-content"}},"wdio_ui5_key":"applicationmanageresources-display-component---newResourceUnit--newRRUPage-anchBar-application-manageresources-display-component---newResourceUnit--control-anchor"}]}
RESULT: undefined
COMMAND: POST /session/d41a4ef9228655ec76246a5e56c44812/element - {"using":"xpath","value":"//*[@id=\"application-manageresources-display-component---newResourceUnit--newRRUPage-anchBar-application-manageresources-display-component---newResourceUnit--control-anchor\"]"}
RESULT: {"using":"xpath","value":"//*[@id=\"application-manageresources-display-component---newResourceUnit--newRRUPage-anchBar-application-manageresources-display-component---newResourceUnit--control-anchor\"]"}
COMMAND: POST /session/d41a4ef9228655ec76246a5e56c44812/element/f.8359050118E493E9D810750CB1F2C9B3.d.30F7E9FAAA6BDCE0960CB4E1B248CC86.e.20330/click - {}
RESULT: {}
COMMAND: POST /session/d41a4ef9228655ec76246a5e56c44812/execute/async - {"script":"<script> [1562 bytes]","args":[{"selector":{"id":"application-manageresources-display-component---newResourceUnit--PLANNING_GROUP","interaction":{"idSuffix":"inner"}},"wdio_ui5_key":"applicationmanageresources-display-component---newResourceUnit--PLANNING_GROUP"}]}
COMMAND: GET /session/d41a4ef9228655ec76246a5e56c44812/screenshot - {}
RESULT: {"script":"<script> [1562 bytes]","args":[{"selector":{"id":"application-manageresources-display-component---newResourceUnit--PLANNING_GROUP","interaction":{"idSuffix":"inner"}},"wdio_ui5_key":"applicationmanageresources-display-component---newResourceUnit--PLANNING_GROUP"}]}
RESULT: undefined
COMMAND: POST /session/d41a4ef9228655ec76246a5e56c44812/execute/async - {"script":"<script> [776 bytes]","args":[{"enterText":"Material","selector":{"id":"application-manageresources-display-component---newResourceUnit--PLANNING_GROUP","interaction":{"idSuffix":"inner"}},"clearTextFirst":true,"interactionType":"ENTER_TEXT"}]}
RESULT: {}
RESULT: {"script":"<script> [776 bytes]","args":[{"enterText":"Material","selector":{"id":"application-manageresources-display-component---newResourceUnit--PLANNING_GROUP","interaction":{"idSuffix":"inner"}},"clearTextFirst":true,"interactionType":"ENTER_TEXT"}]}
COMMAND: POST /session/d41a4ef9228655ec76246a5e56c44812/execute/async - {"script":"<script> [1562 bytes]","args":[{"selector":{"id":"application-manageresources-display-component---newResourceUnit--PLANNING_INDICATOR","interaction":{"idSuffix":"inner"}},"wdio_ui5_key":"applicationmanageresources-display-component---newResourceUnit--PLANNING_INDICATOR"}]}
RESULT: {"script":"<script> [1562 bytes]","args":[{"selector":{"id":"application-manageresources-display-component---newResourceUnit--PLANNING_INDICATOR","interaction":{"idSuffix":"inner"}},"wdio_ui5_key":"applicationmanageresources-display-component---newResourceUnit--PLANNING_INDICATOR"}]}
RESULT: undefined
COMMAND: POST /session/d41a4ef9228655ec76246a5e56c44812/execute/async - {"script":"<script> [776 bytes]","args":[{"enterText":"10 - infinite","selector":{"id":"application-manageresources-display-component---newResourceUnit--PLANNING_INDICATOR","interaction":{"idSuffix":"inner"}},"clearTextFirst":true,"interactionType":"ENTER_TEXT"}]}
RESULT: {"script":"<script> [776 bytes]","args":[{"enterText":"10 - infinite","selector":{"id":"application-manageresources-display-component---newResourceUnit--PLANNING_INDICATOR","interaction":{"idSuffix":"inner"}},"clearTextFirst":true,"interactionType":"ENTER_TEXT"}]}
COMMAND: POST /session/d41a4ef9228655ec76246a5e56c44812/element - {"using":"css selector","value":"#application-manageresources-display-component---newResourceUnit--btnAddTimeSegment"}
RESULT: {"using":"css selector","value":"#application-manageresources-display-component---newResourceUnit--btnAddTimeSegment"}
COMMAND: GET /session/d41a4ef9228655ec76246a5e56c44812/element/f.8359050118E493E9D810750CB1F2C9B3.d.30F7E9FAAA6BDCE0960CB4E1B248CC86.e.20338/rect - {}
RESULT: {}
COMMAND: GET /session/d41a4ef9228655ec76246a5e56c44812/window/rect - {}
RESULT: {}
COMMAND: POST /session/d41a4ef9228655ec76246a5e56c44812/execute/sync - {"script":"<script> [92 bytes]","args":[]}
RESULT: {"script":"<script> [92 bytes]","args":[]}
COMMAND: POST /session/d41a4ef9228655ec76246a5e56c44812/actions - {"actions":[{"id":"action64","type":"wheel","parameters":{},"actions":[{"type":"scroll","x":-1888,"y":-32,"deltaX":0,"deltaY":0,"duration":0,"origin":{"element-6066-11e4-a52e-4f735466cecf":"f.8359050118E493E9D810750CB1F2C9B3.d.30F7E9FAAA6BDCE0960CB4E1B248CC86.e.20338"}}]}]}
COMMAND: GET /session/d41a4ef9228655ec76246a5e56c44812/screenshot - {}
RESULT: {}
COMMAND: POST /session/d41a4ef9228655ec76246a5e56c44812/execute/sync - {"script":"<script> [79 bytes]","args":[{"element-6066-11e4-a52e-4f735466cecf":"f.8359050118E493E9D810750CB1F2C9B3.d.30F7E9FAAA6BDCE0960CB4E1B248CC86.e.20338","ELEMENT":"f.8359050118E493E9D810750CB1F2C9B3.d.30F7E9FAAA6BDCE0960CB4E1B248CC86.e.20338"},{"block":"start","inline":"nearest"}]}
RESULT: {"script":"<script> [79 bytes]","args":[{"element-6066-11e4-a52e-4f735466cecf":"f.8359050118E493E9D810750CB1F2C9B3.d.30F7E9FAAA6BDCE0960CB4E1B248CC86.e.20338","ELEMENT":"f.8359050118E493E9D810750CB1F2C9B3.d.30F7E9FAAA6BDCE0960CB4E1B248CC86.e.20338"},{"block":"start","inline":"nearest"}]}
COMMAND: POST /session/d41a4ef9228655ec76246a5e56c44812/execute/async - {"script":"<script> [1562 bytes]","args":[{"selector":{"id":"application-manageresources-display-component---newResourceUnit--btnAddTimeSegment","interaction":{"idSuffix":"inner"}},"wdio_ui5_key":"applicationmanageresources-display-component---newResourceUnit--btnAddTimeSegment"}]}
COMMAND: GET /session/d41a4ef9228655ec76246a5e56c44812/screenshot - {}
RESULT: {"script":"<script> [1562 bytes]","args":[{"selector":{"id":"application-manageresources-display-component---newResourceUnit--btnAddTimeSegment","interaction":{"idSuffix":"inner"}},"wdio_ui5_key":"applicationmanageresources-display-component---newResourceUnit--btnAddTimeSegment"}]}
RESULT: undefined
COMMAND: POST /session/d41a4ef9228655ec76246a5e56c44812/element - {"using":"xpath","value":"//*[@id=\"application-manageresources-display-component---newResourceUnit--btnAddTimeSegment\"]"}
RESULT: {}
RESULT: {"using":"xpath","value":"//*[@id=\"application-manageresources-display-component---newResourceUnit--btnAddTimeSegment\"]"}
COMMAND: POST /session/d41a4ef9228655ec76246a5e56c44812/element/f.8359050118E493E9D810750CB1F2C9B3.d.30F7E9FAAA6BDCE0960CB4E1B248CC86.e.20338/click - {}
RESULT: {}
COMMAND: GET /session/d41a4ef9228655ec76246a5e56c44812/screenshot - {}
RESULT: {}
COMMAND: POST /session/d41a4ef9228655ec76246a5e56c44812/element - {"using":"xpath","value":"//input[@id=\"application-manageresources-display-component---newResourceUnit--idRuTSAdmin-application-manageresources-display-component---newResourceUnit--RUTimeSegment-0-inner\"]"}
RESULT: {"using":"xpath","value":"//input[@id=\"application-manageresources-display-component---newResourceUnit--idRuTSAdmin-application-manageresources-display-component---newResourceUnit--RUTimeSegment-0-inner\"]"}
COMMAND: POST /session/d41a4ef9228655ec76246a5e56c44812/element/f.8359050118E493E9D810750CB1F2C9B3.d.30F7E9FAAA6BDCE0960CB4E1B248CC86.e.20343/clear - {}
RESULT: {}
COMMAND: POST /session/d41a4ef9228655ec76246a5e56c44812/element/f.8359050118E493E9D810750CB1F2C9B3.d.30F7E9FAAA6BDCE0960CB4E1B248CC86.e.20343/value - {"text":"471"}
COMMAND: GET /session/d41a4ef9228655ec76246a5e56c44812/screenshot - {}
RESULT: {"text":"471"}
COMMAND: GET /session/d41a4ef9228655ec76246a5e56c44812/screenshot - {}
RESULT: {}
RESULT: {}
COMMAND: POST /session/d41a4ef9228655ec76246a5e56c44812/element - {"using":"xpath","value":"//li[.//span[text()='471']]"}
RESULT: {"using":"xpath","value":"//li[.//span[text()='471']]"}
COMMAND: POST /session/d41a4ef9228655ec76246a5e56c44812/element/f.8359050118E493E9D810750CB1F2C9B3.d.30F7E9FAAA6BDCE0960CB4E1B248CC86.e.20352/click - {}
RESULT: {}
COMMAND: GET /session/d41a4ef9228655ec76246a5e56c44812/screenshot - {}
RESULT: {}
COMMAND: POST /session/d41a4ef9228655ec76246a5e56c44812/element - {"using":"xpath","value":"(//span[contains(@id, \"-application-manageresources-display-component---newResourceUnit--RUTimeSegment-0-arrow\")])[2]"}
RESULT: {"using":"xpath","value":"(//span[contains(@id, \"-application-manageresources-display-component---newResourceUnit--RUTimeSegment-0-arrow\")])[2]"}
COMMAND: POST /session/d41a4ef9228655ec76246a5e56c44812/element/f.8359050118E493E9D810750CB1F2C9B3.d.30F7E9FAAA6BDCE0960CB4E1B248CC86.e.20353/click - {}
RESULT: {}
COMMAND: POST /session/d41a4ef9228655ec76246a5e56c44812/element - {"using":"xpath","value":"//span[contains(text(), \"PM Order\")]"}
COMMAND: GET /session/d41a4ef9228655ec76246a5e56c44812/screenshot - {}
RESULT: {"using":"xpath","value":"//span[contains(text(), \"PM Order\")]"}
COMMAND: POST /session/d41a4ef9228655ec76246a5e56c44812/element/f.8359050118E493E9D810750CB1F2C9B3.d.30F7E9FAAA6BDCE0960CB4E1B248CC86.e.20354/click - {}
RESULT: {}
RESULT: {}
COMMAND: GET /session/d41a4ef9228655ec76246a5e56c44812/screenshot - {}
RESULT: {}
COMMAND: POST /session/d41a4ef9228655ec76246a5e56c44812/element - {"using":"xpath","value":"//td/div/div/div/span[contains(@id, \"newResourceUnit--RUTimeSegment-0-vhi\")][1]"}
RESULT: {"using":"xpath","value":"//td/div/div/div/span[contains(@id, \"newResourceUnit--RUTimeSegment-0-vhi\")][1]"}
COMMAND: GET /session/d41a4ef9228655ec76246a5e56c44812/element/f.8359050118E493E9D810750CB1F2C9B3.d.30F7E9FAAA6BDCE0960CB4E1B248CC86.e.20358/rect - {}
RESULT: {}
COMMAND: GET /session/d41a4ef9228655ec76246a5e56c44812/window/rect - {}
RESULT: {}
COMMAND: POST /session/d41a4ef9228655ec76246a5e56c44812/execute/sync - {"script":"<script> [92 bytes]","args":[]}
RESULT: {"script":"<script> [92 bytes]","args":[]}
COMMAND: POST /session/d41a4ef9228655ec76246a5e56c44812/actions - {"actions":[{"id":"action65","type":"wheel","parameters":{},"actions":[{"type":"scroll","x":-1888,"y":-24,"deltaX":0,"deltaY":0,"duration":0,"origin":{"element-6066-11e4-a52e-4f735466cecf":"f.8359050118E493E9D810750CB1F2C9B3.d.30F7E9FAAA6BDCE0960CB4E1B248CC86.e.20358"}}]}]}
COMMAND: GET /session/d41a4ef9228655ec76246a5e56c44812/screenshot - {}
RESULT: {}
COMMAND: POST /session/d41a4ef9228655ec76246a5e56c44812/execute/sync - {"script":"<script> [79 bytes]","args":[{"element-6066-11e4-a52e-4f735466cecf":"f.8359050118E493E9D810750CB1F2C9B3.d.30F7E9FAAA6BDCE0960CB4E1B248CC86.e.20358","ELEMENT":"f.8359050118E493E9D810750CB1F2C9B3.d.30F7E9FAAA6BDCE0960CB4E1B248CC86.e.20358"},{"block":"start","inline":"nearest"}]}
RESULT: {"script":"<script> [79 bytes]","args":[{"element-6066-11e4-a52e-4f735466cecf":"f.8359050118E493E9D810750CB1F2C9B3.d.30F7E9FAAA6BDCE0960CB4E1B248CC86.e.20358","ELEMENT":"f.8359050118E493E9D810750CB1F2C9B3.d.30F7E9FAAA6BDCE0960CB4E1B248CC86.e.20358"},{"block":"start","inline":"nearest"}]}
COMMAND: GET /session/d41a4ef9228655ec76246a5e56c44812/screenshot - {}
RESULT: {}
COMMAND: POST /session/d41a4ef9228655ec76246a5e56c44812/element/f.8359050118E493E9D810750CB1F2C9B3.d.30F7E9FAAA6BDCE0960CB4E1B248CC86.e.20358/click - {}
RESULT: {}
COMMAND: GET /session/d41a4ef9228655ec76246a5e56c44812/screenshot - {}
RESULT: {}
COMMAND: POST /session/d41a4ef9228655ec76246a5e56c44812/execute/async - {"script":"<script> [1562 bytes]","args":[{"selector":{"controlType":"sap.m.SearchField","properties":{"placeholder":"Search"},"searchOpenDialogs":true,"interaction":{"idSuffix":"I"}},"wdio_ui5_key":"sapm.SearchField{\"placeholder\":\"Search\"}"}]}
RESULT: {"script":"<script> [1562 bytes]","args":[{"selector":{"controlType":"sap.m.SearchField","properties":{"placeholder":"Search"},"searchOpenDialogs":true,"interaction":{"idSuffix":"I"}},"wdio_ui5_key":"sapm.SearchField{\"placeholder\":\"Search\"}"}]}
RESULT: undefined
COMMAND: POST /session/d41a4ef9228655ec76246a5e56c44812/execute/async - {"script":"<script> [776 bytes]","args":[{"enterText":"4000360","selector":{"controlType":"sap.m.SearchField","properties":{"placeholder":"Search"},"searchOpenDialogs":true,"interaction":{"idSuffix":"I"}},"clearTextFirst":true,"interactionType":"ENTER_TEXT"}]}
RESULT: {"script":"<script> [776 bytes]","args":[{"enterText":"4000360","selector":{"controlType":"sap.m.SearchField","properties":{"placeholder":"Search"},"searchOpenDialogs":true,"interaction":{"idSuffix":"I"}},"clearTextFirst":true,"interactionType":"ENTER_TEXT"}]}
COMMAND: POST /session/d41a4ef9228655ec76246a5e56c44812/actions - {"actions":[{"id":"action66","type":"key","parameters":{},"actions":[{"type":"keyDown","value":"î€‡"},{"type":"pause","duration":10},{"type":"keyUp","value":"î€‡"}]}]}
RESULT: {"actions":[{"id":"action66","type":"key","parameters":{},"actions":[{"type":"keyDown","value":"î€‡"},{"type":"pause","duration":10},{"type":"keyUp","value":"î€‡"}]}]}
COMMAND: GET /session/d41a4ef9228655ec76246a5e56c44812/screenshot - {}
RESULT: {}
COMMAND: POST /session/d41a4ef9228655ec76246a5e56c44812/element - {"using":"xpath","value":"//td/div/span[contains(text(), \"BGL Vehicles\")]"}
RESULT: {"using":"xpath","value":"//td/div/span[contains(text(), \"BGL Vehicles\")]"}
COMMAND: POST /session/d41a4ef9228655ec76246a5e56c44812/element/f.8359050118E493E9D810750CB1F2C9B3.d.30F7E9FAAA6BDCE0960CB4E1B248CC86.e.20378/click - {}
RESULT: {}
COMMAND: GET /session/d41a4ef9228655ec76246a5e56c44812/screenshot - {}
RESULT: {}
COMMAND: POST /session/d41a4ef9228655ec76246a5e56c44812/element - {"using":"xpath","value":"//bdi[contains(text(), \"OK\")]"}
RESULT: {"using":"xpath","value":"//bdi[contains(text(), \"OK\")]"}
COMMAND: POST /session/d41a4ef9228655ec76246a5e56c44812/element/f.8359050118E493E9D810750CB1F2C9B3.d.30F7E9FAAA6BDCE0960CB4E1B248CC86.e.20379/click - {}
RESULT: {}
COMMAND: GET /session/d41a4ef9228655ec76246a5e56c44812/screenshot - {}
RESULT: {}
COMMAND: POST /session/d41a4ef9228655ec76246a5e56c44812/element - {"using":"xpath","value":"//label[contains(@class, 'sapMLabelRequired') and .//bdi[contains(text(), 'Planned Retirement')]]"}
RESULT: {"using":"xpath","value":"//label[contains(@class, 'sapMLabelRequired') and .//bdi[contains(text(), 'Planned Retirement')]]"}
COMMAND: POST /session/d41a4ef9228655ec76246a5e56c44812/elements - {"using":"xpath","value":"//label[contains(@class, 'sapMLabelRequired') and .//bdi[contains(text(), 'Planned Retirement')]]"}
RESULT: {"using":"xpath","value":"//label[contains(@class, 'sapMLabelRequired') and .//bdi[contains(text(), 'Planned Retirement')]]"}
COMMAND: POST /session/d41a4ef9228655ec76246a5e56c44812/element - {"using":"xpath","value":"//button[@data-kt=\"resourceUnitSaveButton\"]"}
RESULT: {"using":"xpath","value":"//button[@data-kt=\"resourceUnitSaveButton\"]"}
COMMAND: POST /session/d41a4ef9228655ec76246a5e56c44812/element/f.8359050118E493E9D810750CB1F2C9B3.d.30F7E9FAAA6BDCE0960CB4E1B248CC86.e.20282/click - {}
RESULT: {}
COMMAND: GET /session/d41a4ef9228655ec76246a5e56c44812/screenshot - {}
RESULT: {}
COMMAND: POST /session/d41a4ef9228655ec76246a5e56c44812/element - {"using":"xpath","value":"//bdi[contains(text(), \"Close\")]"}
RESULT: {"using":"xpath","value":"//bdi[contains(text(), \"Close\")]"}
COMMAND: POST /session/d41a4ef9228655ec76246a5e56c44812/element/f.8359050118E493E9D810750CB1F2C9B3.d.30F7E9FAAA6BDCE0960CB4E1B248CC86.e.20385/click - {}
RESULT: {}
COMMAND: GET /session/d41a4ef9228655ec76246a5e56c44812/screenshot - {}
RESULT: {}
COMMAND: POST /session/d41a4ef9228655ec76246a5e56c44812/element - {"using":"xpath","value":"//header[contains(@id, 'detailRruPage-headerTitle')]/div[1]/div[2]/div[2]/span[1]"}
RESULT: {"using":"xpath","value":"//header[contains(@id, 'detailRruPage-headerTitle')]/div[1]/div[2]/div[2]/span[1]"}
COMMAND: POST /session/d41a4ef9228655ec76246a5e56c44812/elements - {"using":"xpath","value":"//header[contains(@id, 'detailRruPage-headerTitle')]/div[1]/div[2]/div[2]/span[1]"}
RESULT: {"using":"xpath","value":"//header[contains(@id, 'detailRruPage-headerTitle')]/div[1]/div[2]/div[2]/span[1]"}
COMMAND: POST /session/d41a4ef9228655ec76246a5e56c44812/execute/sync - {"script":"<script> [56 bytes]","args":[{"element-6066-11e4-a52e-4f735466cecf":"f.8359050118E493E9D810750CB1F2C9B3.d.30F7E9FAAA6BDCE0960CB4E1B248CC86.e.20413","ELEMENT":"f.8359050118E493E9D810750CB1F2C9B3.d.30F7E9FAAA6BDCE0960CB4E1B248CC86.e.20413"}]}
RESULT: {"script":"<script> [56 bytes]","args":[{"element-6066-11e4-a52e-4f735466cecf":"f.8359050118E493E9D810750CB1F2C9B3.d.30F7E9FAAA6BDCE0960CB4E1B248CC86.e.20413","ELEMENT":"f.8359050118E493E9D810750CB1F2C9B3.d.30F7E9FAAA6BDCE0960CB4E1B248CC86.e.20413"}]}
COMMAND: POST /session/d41a4ef9228655ec76246a5e56c44812/element - {"using":"css selector","value":"#shell-header-logo"}
COMMAND: GET /session/d41a4ef9228655ec76246a5e56c44812/screenshot - {}
RESULT: {"using":"css selector","value":"#shell-header-logo"}
COMMAND: POST /session/d41a4ef9228655ec76246a5e56c44812/element/f.8359050118E493E9D810750CB1F2C9B3.d.30F7E9FAAA6BDCE0960CB4E1B248CC86.e.19877/click - {}
RESULT: {}
RESULT: {}
COMMAND: GET /session/d41a4ef9228655ec76246a5e56c44812/screenshot - {}
RESULT: {}
]]></system-out>
    </testcase>
    <testcase classname="chrome.136_0_7103_93.windows.Return_from_Site_w/_warehouse_management_w/_clarification_US125588" name="Bin Status Report Should Create New Organization yard" time="0.005" />
    <testcase classname="chrome.136_0_7103_93.windows.Return_from_Site_w/_warehouse_management_w/_clarification_US125588" name="Bin Status Report Should Create New Organization for Site" time="0.005" />
  </testsuite>
  <testsuite timestamp="2025-05-16T17:23:06" time="472.782" tests="7" failures="6" errors="6" skipped="0">
    <properties>
      <property name="specId" value="0" />
      <property name="suiteName" value="Return from Site w/ warehouse management w clarification" />
      <property name="capabilities" value="chrome.136_0_7103_93.windows" />
      <property name="file" value="file:///D:/a/1/s/test/specs/HTR/return-from-site-w-warehouse-management-w-clarification.spec.js" />
    </properties>
    <testcase classname="chrome.136_0_7103_93.windows.Return_from_Site_w/_warehouse_management_w_clarification" name="Should do a stock increase handover" time="91.313">
      <system-out><![CDATA[
COMMAND: POST /session/d41a4ef9228655ec76246a5e56c44812/execute/async - {"script":"<script> [1562 bytes]","args":[{"selector":{"controlType":"sap.m.GenericTile","properties":{"header":"Manage Handovers"}},"wdio_ui5_key":"sapm.GenericTile{\"header\":\"Manage Handovers\"}"}]}
RESULT: {"script":"<script> [1562 bytes]","args":[{"selector":{"controlType":"sap.m.GenericTile","properties":{"header":"Manage Handovers"}},"wdio_ui5_key":"sapm.GenericTile{\"header\":\"Manage Handovers\"}"}]}
RESULT: undefined
COMMAND: POST /session/d41a4ef9228655ec76246a5e56c44812/element - {"using":"xpath","value":"//*[@id=\"__tile133\"]"}
RESULT: {"using":"xpath","value":"//*[@id=\"__tile133\"]"}
COMMAND: POST /session/d41a4ef9228655ec76246a5e56c44812/element/f.8359050118E493E9D810750CB1F2C9B3.d.30F7E9FAAA6BDCE0960CB4E1B248CC86.e.19853/click - {}
RESULT: {}
COMMAND: GET /session/d41a4ef9228655ec76246a5e56c44812/screenshot - {}
RESULT: {}
COMMAND: POST /session/d41a4ef9228655ec76246a5e56c44812/elements - {"using":"xpath","value":"//span[text()='Error']"}
RESULT: {"using":"xpath","value":"//span[text()='Error']"}
COMMAND: POST /session/d41a4ef9228655ec76246a5e56c44812/element - {"using":"xpath","value":"//button[@data-kt=\"masterHOAddButton\"]"}
RESULT: {"using":"xpath","value":"//button[@data-kt=\"masterHOAddButton\"]"}
COMMAND: POST /session/d41a4ef9228655ec76246a5e56c44812/elements - {"using":"xpath","value":"//button[@data-kt=\"masterHOAddButton\"]"}
RESULT: {"using":"xpath","value":"//button[@data-kt=\"masterHOAddButton\"]"}
COMMAND: POST /session/d41a4ef9228655ec76246a5e56c44812/execute/sync - {"script":"<script> [8489 bytes]","args":[{"element-6066-11e4-a52e-4f735466cecf":"f.8359050118E493E9D810750CB1F2C9B3.d.30F7E9FAAA6BDCE0960CB4E1B248CC86.e.20453","ELEMENT":"f.8359050118E493E9D810750CB1F2C9B3.d.30F7E9FAAA6BDCE0960CB4E1B248CC86.e.20453"}]}
RESULT: {"script":"<script> [8489 bytes]","args":[{"element-6066-11e4-a52e-4f735466cecf":"f.8359050118E493E9D810750CB1F2C9B3.d.30F7E9FAAA6BDCE0960CB4E1B248CC86.e.20453","ELEMENT":"f.8359050118E493E9D810750CB1F2C9B3.d.30F7E9FAAA6BDCE0960CB4E1B248CC86.e.20453"}]}
COMMAND: GET /session/d41a4ef9228655ec76246a5e56c44812/element/f.8359050118E493E9D810750CB1F2C9B3.d.30F7E9FAAA6BDCE0960CB4E1B248CC86.e.20453/enabled - {}
COMMAND: GET /session/d41a4ef9228655ec76246a5e56c44812/screenshot - {}
RESULT: {}
COMMAND: POST /session/d41a4ef9228655ec76246a5e56c44812/execute/sync - {"script":"<script> [8489 bytes]","args":[{"element-6066-11e4-a52e-4f735466cecf":"f.8359050118E493E9D810750CB1F2C9B3.d.30F7E9FAAA6BDCE0960CB4E1B248CC86.e.20453","ELEMENT":"f.8359050118E493E9D810750CB1F2C9B3.d.30F7E9FAAA6BDCE0960CB4E1B248CC86.e.20453"}]}
COMMAND: GET /session/d41a4ef9228655ec76246a5e56c44812/screenshot - {}
RESULT: {}
RESULT: {"script":"<script> [8489 bytes]","args":[{"element-6066-11e4-a52e-4f735466cecf":"f.8359050118E493E9D810750CB1F2C9B3.d.30F7E9FAAA6BDCE0960CB4E1B248CC86.e.20453","ELEMENT":"f.8359050118E493E9D810750CB1F2C9B3.d.30F7E9FAAA6BDCE0960CB4E1B248CC86.e.20453"}]}
COMMAND: POST /session/d41a4ef9228655ec76246a5e56c44812/execute/sync - {"script":"<script> [5351 bytes]","args":[{"element-6066-11e4-a52e-4f735466cecf":"f.8359050118E493E9D810750CB1F2C9B3.d.30F7E9FAAA6BDCE0960CB4E1B248CC86.e.20453","ELEMENT":"f.8359050118E493E9D810750CB1F2C9B3.d.30F7E9FAAA6BDCE0960CB4E1B248CC86.e.20453"}]}
COMMAND: GET /session/d41a4ef9228655ec76246a5e56c44812/screenshot - {}
RESULT: {}
RESULT: {"script":"<script> [5351 bytes]","args":[{"element-6066-11e4-a52e-4f735466cecf":"f.8359050118E493E9D810750CB1F2C9B3.d.30F7E9FAAA6BDCE0960CB4E1B248CC86.e.20453","ELEMENT":"f.8359050118E493E9D810750CB1F2C9B3.d.30F7E9FAAA6BDCE0960CB4E1B248CC86.e.20453"}]}
COMMAND: POST /session/d41a4ef9228655ec76246a5e56c44812/element/f.8359050118E493E9D810750CB1F2C9B3.d.30F7E9FAAA6BDCE0960CB4E1B248CC86.e.20453/click - {}
COMMAND: GET /session/d41a4ef9228655ec76246a5e56c44812/screenshot - {}
RESULT: {}
RESULT: {}
COMMAND: GET /session/d41a4ef9228655ec76246a5e56c44812/screenshot - {}
RESULT: {}
RESULT: {}
COMMAND: POST /session/d41a4ef9228655ec76246a5e56c44812/element - {"using":"xpath","value":"//span[contains(@id ,\"AddNewHO--typeSelect-arrow\")]"}
RESULT: {"using":"xpath","value":"//span[contains(@id ,\"AddNewHO--typeSelect-arrow\")]"}
COMMAND: POST /session/d41a4ef9228655ec76246a5e56c44812/element/f.8359050118E493E9D810750CB1F2C9B3.d.30F7E9FAAA6BDCE0960CB4E1B248CC86.e.20806/click - {}
RESULT: {}
COMMAND: GET /session/d41a4ef9228655ec76246a5e56c44812/screenshot - {}
RESULT: {}
COMMAND: POST /session/d41a4ef9228655ec76246a5e56c44812/element - {"using":"xpath","value":"(//li[contains(text(), \"stock increase yard\")])[1]"}
RESULT: {"using":"xpath","value":"(//li[contains(text(), \"stock increase yard\")])[1]"}
COMMAND: POST /session/d41a4ef9228655ec76246a5e56c44812/element/f.8359050118E493E9D810750CB1F2C9B3.d.30F7E9FAAA6BDCE0960CB4E1B248CC86.e.20807/click - {}
RESULT: {}
COMMAND: GET /session/d41a4ef9228655ec76246a5e56c44812/screenshot - {}
RESULT: {}
COMMAND: POST /session/d41a4ef9228655ec76246a5e56c44812/execute/async - {"script":"<script> [1562 bytes]","args":[{"selector":{"id":"application-managehandovers-display-component---AddNewHO--dueDate","interaction":{"idSuffix":"inner"}},"wdio_ui5_key":"applicationmanagehandovers-display-component---AddNewHO--dueDate"}]}
RESULT: {"script":"<script> [1562 bytes]","args":[{"selector":{"id":"application-managehandovers-display-component---AddNewHO--dueDate","interaction":{"idSuffix":"inner"}},"wdio_ui5_key":"applicationmanagehandovers-display-component---AddNewHO--dueDate"}]}
RESULT: undefined
COMMAND: POST /session/d41a4ef9228655ec76246a5e56c44812/execute/async - {"script":"<script> [6424 bytes]","args":[{"element-6066-11e4-a52e-4f735466cecf":"f.8359050118E493E9D810750CB1F2C9B3.d.30F7E9FAAA6BDCE0960CB4E1B248CC86.e.20809"},"setValue",["5/16/25"]]}
RESULT: {"script":"<script> [6424 bytes]","args":[{"element-6066-11e4-a52e-4f735466cecf":"f.8359050118E493E9D810750CB1F2C9B3.d.30F7E9FAAA6BDCE0960CB4E1B248CC86.e.20809"},"setValue",["5/16/25"]]}
COMMAND: POST /session/d41a4ef9228655ec76246a5e56c44812/element - {"using":"xpath","value":"//input[@id=\"generalSectionFrg--receiveYard-inner\"]"}
RESULT: {"using":"xpath","value":"//input[@id=\"generalSectionFrg--receiveYard-inner\"]"}
COMMAND: POST /session/d41a4ef9228655ec76246a5e56c44812/element/f.8359050118E493E9D810750CB1F2C9B3.d.30F7E9FAAA6BDCE0960CB4E1B248CC86.e.20813/clear - {}
RESULT: {}
COMMAND: POST /session/d41a4ef9228655ec76246a5e56c44812/element/f.8359050118E493E9D810750CB1F2C9B3.d.30F7E9FAAA6BDCE0960CB4E1B248CC86.e.20813/value - {"text":"471"}
COMMAND: GET /session/d41a4ef9228655ec76246a5e56c44812/screenshot - {}
RESULT: {"text":"471"}
COMMAND: GET /session/d41a4ef9228655ec76246a5e56c44812/screenshot - {}
RESULT: {}
RESULT: {}
COMMAND: POST /session/d41a4ef9228655ec76246a5e56c44812/element - {"using":"xpath","value":"//li[.//span[text()='471']]"}
RESULT: {"using":"xpath","value":"//li[.//span[text()='471']]"}
COMMAND: POST /session/d41a4ef9228655ec76246a5e56c44812/element/f.8359050118E493E9D810750CB1F2C9B3.d.30F7E9FAAA6BDCE0960CB4E1B248CC86.e.20829/click - {}
RESULT: {}
COMMAND: GET /session/d41a4ef9228655ec76246a5e56c44812/screenshot - {}
RESULT: {}
COMMAND: POST /session/d41a4ef9228655ec76246a5e56c44812/execute/async - {"script":"<script> [1562 bytes]","args":[{"selector":{"id":"application-managehandovers-display-component---AddNewHO--ObjectPageLayout-anchBar-application-managehandovers-display-component---AddNewHO--section4-anchor","interaction":{"idSuffix":"BDI-content"}},"wdio_ui5_key":"applicationmanagehandovers-display-component---AddNewHO--ObjectPageLayout-anchBar-application-managehandovers-display-component---AddNewHO--section4-anchor"}]}
RESULT: {"script":"<script> [1562 bytes]","args":[{"selector":{"id":"application-managehandovers-display-component---AddNewHO--ObjectPageLayout-anchBar-application-managehandovers-display-component---AddNewHO--section4-anchor","interaction":{"idSuffix":"BDI-content"}},"wdio_ui5_key":"applicationmanagehandovers-display-component---AddNewHO--ObjectPageLayout-anchBar-application-managehandovers-display-component---AddNewHO--section4-anchor"}]}
RESULT: undefined
COMMAND: POST /session/d41a4ef9228655ec76246a5e56c44812/element - {"using":"xpath","value":"//*[@id=\"application-managehandovers-display-component---AddNewHO--ObjectPageLayout-anchBar-application-managehandovers-display-component---AddNewHO--section4-anchor\"]"}
RESULT: {"using":"xpath","value":"//*[@id=\"application-managehandovers-display-component---AddNewHO--ObjectPageLayout-anchBar-application-managehandovers-display-component---AddNewHO--section4-anchor\"]"}
COMMAND: POST /session/d41a4ef9228655ec76246a5e56c44812/element/f.8359050118E493E9D810750CB1F2C9B3.d.30F7E9FAAA6BDCE0960CB4E1B248CC86.e.20831/click - {}
RESULT: {}
COMMAND: POST /session/d41a4ef9228655ec76246a5e56c44812/element - {"using":"xpath","value":"//button[@aria-label=\"Add\"]"}
COMMAND: GET /session/d41a4ef9228655ec76246a5e56c44812/screenshot - {}
RESULT: {"using":"xpath","value":"//button[@aria-label=\"Add\"]"}
COMMAND: POST /session/d41a4ef9228655ec76246a5e56c44812/element/f.8359050118E493E9D810750CB1F2C9B3.d.30F7E9FAAA6BDCE0960CB4E1B248CC86.e.20833/click - {}
RESULT: {}
RESULT: {}
COMMAND: GET /session/d41a4ef9228655ec76246a5e56c44812/screenshot - {}
RESULT: {}
COMMAND: POST /session/d41a4ef9228655ec76246a5e56c44812/execute/async - {"script":"<script> [1562 bytes]","args":[{"selector":{"id":"application-managehandovers-display-component---AddNewHO--smartFilterBar-btnBasicSearch","searchOpenDialogs":true,"interaction":{"idSuffix":"I"}},"wdio_ui5_key":"applicationmanagehandovers-display-component---AddNewHO--smartFilterBar-btnBasicSearch"}]}
RESULT: {"script":"<script> [1562 bytes]","args":[{"selector":{"id":"application-managehandovers-display-component---AddNewHO--smartFilterBar-btnBasicSearch","searchOpenDialogs":true,"interaction":{"idSuffix":"I"}},"wdio_ui5_key":"applicationmanagehandovers-display-component---AddNewHO--smartFilterBar-btnBasicSearch"}]}
RESULT: undefined
COMMAND: POST /session/d41a4ef9228655ec76246a5e56c44812/execute/async - {"script":"<script> [776 bytes]","args":[{"enterText":"200241","selector":{"id":"application-managehandovers-display-component---AddNewHO--smartFilterBar-btnBasicSearch","searchOpenDialogs":true,"interaction":{"idSuffix":"I"}},"clearTextFirst":true,"interactionType":"ENTER_TEXT"}]}
RESULT: {"script":"<script> [776 bytes]","args":[{"enterText":"200241","selector":{"id":"application-managehandovers-display-component---AddNewHO--smartFilterBar-btnBasicSearch","searchOpenDialogs":true,"interaction":{"idSuffix":"I"}},"clearTextFirst":true,"interactionType":"ENTER_TEXT"}]}
COMMAND: POST /session/d41a4ef9228655ec76246a5e56c44812/actions - {"actions":[{"id":"action67","type":"key","parameters":{},"actions":[{"type":"keyDown","value":"î€‡"},{"type":"pause","duration":10},{"type":"keyUp","value":"î€‡"}]}]}
RESULT: {"actions":[{"id":"action67","type":"key","parameters":{},"actions":[{"type":"keyDown","value":"î€‡"},{"type":"pause","duration":10},{"type":"keyUp","value":"î€‡"}]}]}
COMMAND: GET /session/d41a4ef9228655ec76246a5e56c44812/screenshot - {}
RESULT: {}
COMMAND: POST /session/d41a4ef9228655ec76246a5e56c44812/execute/async - {"script":"<script> [1562 bytes]","args":[{"selector":{"id":"application-managehandovers-display-component---AddNewHO--popup-sa","searchOpenDialogs":true,"interaction":{"idSuffix":"CbBg"}},"wdio_ui5_key":"applicationmanagehandovers-display-component---AddNewHO--popup-sa"}]}
RESULT: {"script":"<script> [1562 bytes]","args":[{"selector":{"id":"application-managehandovers-display-component---AddNewHO--popup-sa","searchOpenDialogs":true,"interaction":{"idSuffix":"CbBg"}},"wdio_ui5_key":"applicationmanagehandovers-display-component---AddNewHO--popup-sa"}]}
RESULT: undefined
COMMAND: POST /session/d41a4ef9228655ec76246a5e56c44812/element - {"using":"xpath","value":"//*[@id=\"application-managehandovers-display-component---AddNewHO--popup-sa\"]"}
RESULT: {"using":"xpath","value":"//*[@id=\"application-managehandovers-display-component---AddNewHO--popup-sa\"]"}
COMMAND: POST /session/d41a4ef9228655ec76246a5e56c44812/element/f.8359050118E493E9D810750CB1F2C9B3.d.30F7E9FAAA6BDCE0960CB4E1B248CC86.e.20986/click - {}
RESULT: {}
COMMAND: GET /session/d41a4ef9228655ec76246a5e56c44812/screenshot - {}
RESULT: {}
COMMAND: POST /session/d41a4ef9228655ec76246a5e56c44812/element - {"using":"xpath","value":"//bdi[contains(text(), \"Select\")]"}
RESULT: {"using":"xpath","value":"//bdi[contains(text(), \"Select\")]"}
COMMAND: POST /session/d41a4ef9228655ec76246a5e56c44812/element/f.8359050118E493E9D810750CB1F2C9B3.d.30F7E9FAAA6BDCE0960CB4E1B248CC86.e.20987/click - {}
RESULT: {}
COMMAND: GET /session/d41a4ef9228655ec76246a5e56c44812/screenshot - {}
RESULT: {}
COMMAND: POST /session/d41a4ef9228655ec76246a5e56c44812/element - {"using":"xpath","value":"//button[@data-kt=\"AddNewHOSaveButton\"]"}
RESULT: {"using":"xpath","value":"//button[@data-kt=\"AddNewHOSaveButton\"]"}
COMMAND: POST /session/d41a4ef9228655ec76246a5e56c44812/element/f.8359050118E493E9D810750CB1F2C9B3.d.30F7E9FAAA6BDCE0960CB4E1B248CC86.e.20991/click - {}
RESULT: {}
COMMAND: GET /session/d41a4ef9228655ec76246a5e56c44812/screenshot - {}
COMMAND: POST /session/d41a4ef9228655ec76246a5e56c44812/execute/async - {"script":"<script> [1562 bytes]","args":[{"selector":{"id":"receiptDatePicker","viewName":"etm.portal.ui.managehandovers.view.DetailExecuteHO","interaction":{"idSuffix":"inner"}},"wdio_ui5_key":"receiptDatePickeretmportal.ui.managehandovers.view.DetailExecuteHO"}]}
RESULT: {}
RESULT: {"script":"<script> [1562 bytes]","args":[{"selector":{"id":"receiptDatePicker","viewName":"etm.portal.ui.managehandovers.view.DetailExecuteHO","interaction":{"idSuffix":"inner"}},"wdio_ui5_key":"receiptDatePickeretmportal.ui.managehandovers.view.DetailExecuteHO"}]}
RESULT: undefined
COMMAND: POST /session/d41a4ef9228655ec76246a5e56c44812/execute/async - {"script":"<script> [6424 bytes]","args":[{"element-6066-11e4-a52e-4f735466cecf":"f.8359050118E493E9D810750CB1F2C9B3.d.30F7E9FAAA6BDCE0960CB4E1B248CC86.e.21007"},"setValue",["5/16/25"]]}
RESULT: {"script":"<script> [6424 bytes]","args":[{"element-6066-11e4-a52e-4f735466cecf":"f.8359050118E493E9D810750CB1F2C9B3.d.30F7E9FAAA6BDCE0960CB4E1B248CC86.e.21007"},"setValue",["5/16/25"]]}
COMMAND: POST /session/d41a4ef9228655ec76246a5e56c44812/element - {"using":"xpath","value":"//button[@data-kt=\"PickingTableConfirmAllButton\"]"}
RESULT: {"using":"xpath","value":"//button[@data-kt=\"PickingTableConfirmAllButton\"]"}
COMMAND: POST /session/d41a4ef9228655ec76246a5e56c44812/element/f.8359050118E493E9D810750CB1F2C9B3.d.30F7E9FAAA6BDCE0960CB4E1B248CC86.e.21024/click - {}
RESULT: {}
COMMAND: GET /session/d41a4ef9228655ec76246a5e56c44812/screenshot - {}
RESULT: {}
COMMAND: POST /session/d41a4ef9228655ec76246a5e56c44812/element - {"using":"xpath","value":"//bdi[contains(text(), \"OK\")]"}
RESULT: {"using":"xpath","value":"//bdi[contains(text(), \"OK\")]"}
COMMAND: POST /session/d41a4ef9228655ec76246a5e56c44812/element/f.8359050118E493E9D810750CB1F2C9B3.d.30F7E9FAAA6BDCE0960CB4E1B248CC86.e.21026/click - {}
RESULT: {}
COMMAND: GET /session/d41a4ef9228655ec76246a5e56c44812/screenshot - {}
RESULT: {}
COMMAND: POST /session/d41a4ef9228655ec76246a5e56c44812/element - {"using":"xpath","value":"(//bdi[contains(text(), \"Receive\")])[2]"}
RESULT: {"using":"xpath","value":"(//bdi[contains(text(), \"Receive\")])[2]"}
COMMAND: POST /session/d41a4ef9228655ec76246a5e56c44812/element/f.8359050118E493E9D810750CB1F2C9B3.d.30F7E9FAAA6BDCE0960CB4E1B248CC86.e.21028/click - {}
RESULT: {}
COMMAND: GET /session/d41a4ef9228655ec76246a5e56c44812/screenshot - {}
RESULT: {}
COMMAND: POST /session/d41a4ef9228655ec76246a5e56c44812/element - {"using":"css selector","value":"#shell-header-logo"}
RESULT: {"using":"css selector","value":"#shell-header-logo"}
COMMAND: POST /session/d41a4ef9228655ec76246a5e56c44812/element/f.8359050118E493E9D810750CB1F2C9B3.d.30F7E9FAAA6BDCE0960CB4E1B248CC86.e.20416/click - {}
RESULT: {}
COMMAND: GET /session/d41a4ef9228655ec76246a5e56c44812/screenshot - {}
RESULT: {}
]]></system-out>
    </testcase>
  </testsuite>
  <testsuite timestamp="2025-05-16T17:30:59" time="460.327" tests="9" failures="0" errors="0" skipped="0">
    <properties>
      <property name="specId" value="0" />
      <property name="suiteName" value="Create masterdata for Yard Overview - trigger provide US130988" />
      <property name="capabilities" value="chrome.136_0_7103_93.windows" />
      <property name="file" value="file:///D:/a/1/s/test/specs/HTR/stock-decrease.spec.js" />
    </properties>
    <testcase classname="chrome.136_0_7103_93.windows.Create_masterdata_for_Yard_Overview_-_trigger_provide_US130988" name="Should create a new WHM yard" time="0.015">
      <system-out><![CDATA[
COMMAND: POST /session/d41a4ef9228655ec76246a5e56c44812/window/fullscreen - {}
RESULT: {}
]]></system-out>
    </testcase>
    <testcase classname="chrome.136_0_7103_93.windows.Create_masterdata_for_Yard_Overview_-_trigger_provide_US130988" name="Should create a new partner" time="0.004" />
    <testcase classname="chrome.136_0_7103_93.windows.Create_masterdata_for_Yard_Overview_-_trigger_provide_US130988" name="Should create a new site" time="0.004" />
    <testcase classname="chrome.136_0_7103_93.windows.Create_masterdata_for_Yard_Overview_-_trigger_provide_US130988" name="Should create a new material" time="132.903">
      <system-out><![CDATA[
COMMAND: POST /session/d41a4ef9228655ec76246a5e56c44812/execute/async - {"script":"<script> [1562 bytes]","args":[{"selector":{"controlType":"sap.m.GenericTile","properties":{"header":"Manage Resources"}},"wdio_ui5_key":"sapm.GenericTile{\"header\":\"Manage Resources\"}"}]}
RESULT: {"script":"<script> [1562 bytes]","args":[{"selector":{"controlType":"sap.m.GenericTile","properties":{"header":"Manage Resources"}},"wdio_ui5_key":"sapm.GenericTile{\"header\":\"Manage Resources\"}"}]}
RESULT: undefined
COMMAND: POST /session/d41a4ef9228655ec76246a5e56c44812/element - {"using":"xpath","value":"//*[@id=\"__tile31\"]"}
RESULT: {"using":"xpath","value":"//*[@id=\"__tile31\"]"}
COMMAND: POST /session/d41a4ef9228655ec76246a5e56c44812/element/f.8359050118E493E9D810750CB1F2C9B3.d.C4EE1C598DC9CCB2A6A1D1515DF10363.e.21321/click - {}
RESULT: {}
COMMAND: GET /session/d41a4ef9228655ec76246a5e56c44812/screenshot - {}
RESULT: {}
COMMAND: POST /session/d41a4ef9228655ec76246a5e56c44812/elements - {"using":"xpath","value":"//span[text()='Error']"}
RESULT: {"using":"xpath","value":"//span[text()='Error']"}
COMMAND: POST /session/d41a4ef9228655ec76246a5e56c44812/element - {"using":"xpath","value":"//button[@data-kt=\"addNewRUOverflowToolbarButton\"]"}
RESULT: {"using":"xpath","value":"//button[@data-kt=\"addNewRUOverflowToolbarButton\"]"}
COMMAND: POST /session/d41a4ef9228655ec76246a5e56c44812/elements - {"using":"xpath","value":"//button[@data-kt=\"addNewRUOverflowToolbarButton\"]"}
RESULT: {"using":"xpath","value":"//button[@data-kt=\"addNewRUOverflowToolbarButton\"]"}
COMMAND: POST /session/d41a4ef9228655ec76246a5e56c44812/execute/sync - {"script":"<script> [8489 bytes]","args":[{"element-6066-11e4-a52e-4f735466cecf":"f.8359050118E493E9D810750CB1F2C9B3.d.C4EE1C598DC9CCB2A6A1D1515DF10363.e.21452","ELEMENT":"f.8359050118E493E9D810750CB1F2C9B3.d.C4EE1C598DC9CCB2A6A1D1515DF10363.e.21452"}]}
RESULT: {"script":"<script> [8489 bytes]","args":[{"element-6066-11e4-a52e-4f735466cecf":"f.8359050118E493E9D810750CB1F2C9B3.d.C4EE1C598DC9CCB2A6A1D1515DF10363.e.21452","ELEMENT":"f.8359050118E493E9D810750CB1F2C9B3.d.C4EE1C598DC9CCB2A6A1D1515DF10363.e.21452"}]}
COMMAND: GET /session/d41a4ef9228655ec76246a5e56c44812/element/f.8359050118E493E9D810750CB1F2C9B3.d.C4EE1C598DC9CCB2A6A1D1515DF10363.e.21452/enabled - {}
COMMAND: GET /session/d41a4ef9228655ec76246a5e56c44812/screenshot - {}
RESULT: {}
COMMAND: POST /session/d41a4ef9228655ec76246a5e56c44812/execute/sync - {"script":"<script> [8489 bytes]","args":[{"element-6066-11e4-a52e-4f735466cecf":"f.8359050118E493E9D810750CB1F2C9B3.d.C4EE1C598DC9CCB2A6A1D1515DF10363.e.21452","ELEMENT":"f.8359050118E493E9D810750CB1F2C9B3.d.C4EE1C598DC9CCB2A6A1D1515DF10363.e.21452"}]}
COMMAND: GET /session/d41a4ef9228655ec76246a5e56c44812/screenshot - {}
RESULT: {}
RESULT: {"script":"<script> [8489 bytes]","args":[{"element-6066-11e4-a52e-4f735466cecf":"f.8359050118E493E9D810750CB1F2C9B3.d.C4EE1C598DC9CCB2A6A1D1515DF10363.e.21452","ELEMENT":"f.8359050118E493E9D810750CB1F2C9B3.d.C4EE1C598DC9CCB2A6A1D1515DF10363.e.21452"}]}
COMMAND: POST /session/d41a4ef9228655ec76246a5e56c44812/execute/sync - {"script":"<script> [5351 bytes]","args":[{"element-6066-11e4-a52e-4f735466cecf":"f.8359050118E493E9D810750CB1F2C9B3.d.C4EE1C598DC9CCB2A6A1D1515DF10363.e.21452","ELEMENT":"f.8359050118E493E9D810750CB1F2C9B3.d.C4EE1C598DC9CCB2A6A1D1515DF10363.e.21452"}]}
RESULT: {}
COMMAND: GET /session/d41a4ef9228655ec76246a5e56c44812/screenshot - {}
RESULT: {"script":"<script> [5351 bytes]","args":[{"element-6066-11e4-a52e-4f735466cecf":"f.8359050118E493E9D810750CB1F2C9B3.d.C4EE1C598DC9CCB2A6A1D1515DF10363.e.21452","ELEMENT":"f.8359050118E493E9D810750CB1F2C9B3.d.C4EE1C598DC9CCB2A6A1D1515DF10363.e.21452"}]}
COMMAND: POST /session/d41a4ef9228655ec76246a5e56c44812/element/f.8359050118E493E9D810750CB1F2C9B3.d.C4EE1C598DC9CCB2A6A1D1515DF10363.e.21452/click - {}
COMMAND: GET /session/d41a4ef9228655ec76246a5e56c44812/screenshot - {}
RESULT: {}
RESULT: {}
COMMAND: GET /session/d41a4ef9228655ec76246a5e56c44812/screenshot - {}
COMMAND: POST /session/d41a4ef9228655ec76246a5e56c44812/execute/async - {"script":"<script> [1562 bytes]","args":[{"selector":{"id":"application-manageresources-display-component---newResourceUnit--TYPE-arrow"},"wdio_ui5_key":"applicationmanageresources-display-component---newResourceUnit--TYPE-arrow"}]}
RESULT: {}
RESULT: {}
RESULT: {"script":"<script> [1562 bytes]","args":[{"selector":{"id":"application-manageresources-display-component---newResourceUnit--TYPE-arrow"},"wdio_ui5_key":"applicationmanageresources-display-component---newResourceUnit--TYPE-arrow"}]}
RESULT: undefined
COMMAND: POST /session/d41a4ef9228655ec76246a5e56c44812/element - {"using":"xpath","value":"//*[@id=\"application-manageresources-display-component---newResourceUnit--TYPE-arrow\"]"}
RESULT: {"using":"xpath","value":"//*[@id=\"application-manageresources-display-component---newResourceUnit--TYPE-arrow\"]"}
COMMAND: POST /session/d41a4ef9228655ec76246a5e56c44812/element/f.8359050118E493E9D810750CB1F2C9B3.d.C4EE1C598DC9CCB2A6A1D1515DF10363.e.21808/click - {}
RESULT: {}
COMMAND: POST /session/d41a4ef9228655ec76246a5e56c44812/element - {"using":"xpath","value":"//input[@id=\"application-manageresources-display-component---newResourceUnit--TYPE-inner\"]"}
COMMAND: GET /session/d41a4ef9228655ec76246a5e56c44812/screenshot - {}
RESULT: {"using":"xpath","value":"//input[@id=\"application-manageresources-display-component---newResourceUnit--TYPE-inner\"]"}
COMMAND: POST /session/d41a4ef9228655ec76246a5e56c44812/element/f.8359050118E493E9D810750CB1F2C9B3.d.C4EE1C598DC9CCB2A6A1D1515DF10363.e.21804/clear - {}
RESULT: {}
RESULT: {}
COMMAND: POST /session/d41a4ef9228655ec76246a5e56c44812/element/f.8359050118E493E9D810750CB1F2C9B3.d.C4EE1C598DC9CCB2A6A1D1515DF10363.e.21804/value - {"text":"Material"}
COMMAND: GET /session/d41a4ef9228655ec76246a5e56c44812/screenshot - {}
RESULT: {"text":"Material"}
COMMAND: GET /session/d41a4ef9228655ec76246a5e56c44812/screenshot - {}
RESULT: {}
RESULT: {}
COMMAND: POST /session/d41a4ef9228655ec76246a5e56c44812/actions - {"actions":[{"id":"action69","type":"key","parameters":{},"actions":[{"type":"keyDown","value":"î€‡"},{"type":"pause","duration":10},{"type":"keyUp","value":"î€‡"}]}]}
RESULT: {"actions":[{"id":"action69","type":"key","parameters":{},"actions":[{"type":"keyDown","value":"î€‡"},{"type":"pause","duration":10},{"type":"keyUp","value":"î€‡"}]}]}
COMMAND: POST /session/d41a4ef9228655ec76246a5e56c44812/execute/async - {"script":"<script> [1562 bytes]","args":[{"selector":{"id":"application-manageresources-display-component---newResourceUnit--SHORT_TEXT","interaction":{"idSuffix":"inner"}},"wdio_ui5_key":"applicationmanageresources-display-component---newResourceUnit--SHORT_TEXT"}]}
COMMAND: GET /session/d41a4ef9228655ec76246a5e56c44812/screenshot - {}
RESULT: {"script":"<script> [1562 bytes]","args":[{"selector":{"id":"application-manageresources-display-component---newResourceUnit--SHORT_TEXT","interaction":{"idSuffix":"inner"}},"wdio_ui5_key":"applicationmanageresources-display-component---newResourceUnit--SHORT_TEXT"}]}
RESULT: undefined
COMMAND: POST /session/d41a4ef9228655ec76246a5e56c44812/execute/async - {"script":"<script> [776 bytes]","args":[{"enterText":"Cement WDIO","selector":{"id":"application-manageresources-display-component---newResourceUnit--SHORT_TEXT","interaction":{"idSuffix":"inner"}},"clearTextFirst":true,"interactionType":"ENTER_TEXT"}]}
RESULT: {}
RESULT: {"script":"<script> [776 bytes]","args":[{"enterText":"Cement WDIO","selector":{"id":"application-manageresources-display-component---newResourceUnit--SHORT_TEXT","interaction":{"idSuffix":"inner"}},"clearTextFirst":true,"interactionType":"ENTER_TEXT"}]}
COMMAND: POST /session/d41a4ef9228655ec76246a5e56c44812/execute/async - {"script":"<script> [1562 bytes]","args":[{"selector":{"id":"application-manageresources-display-component---newResourceUnit--BASE_UNIT_OF_MEASURE","interaction":{"idSuffix":"inner"}},"wdio_ui5_key":"applicationmanageresources-display-component---newResourceUnit--BASE_UNIT_OF_MEASURE"}]}
RESULT: {"script":"<script> [1562 bytes]","args":[{"selector":{"id":"application-manageresources-display-component---newResourceUnit--BASE_UNIT_OF_MEASURE","interaction":{"idSuffix":"inner"}},"wdio_ui5_key":"applicationmanageresources-display-component---newResourceUnit--BASE_UNIT_OF_MEASURE"}]}
RESULT: undefined
COMMAND: POST /session/d41a4ef9228655ec76246a5e56c44812/execute/async - {"script":"<script> [776 bytes]","args":[{"enterText":"Piece","selector":{"id":"application-manageresources-display-component---newResourceUnit--BASE_UNIT_OF_MEASURE","interaction":{"idSuffix":"inner"}},"clearTextFirst":true,"interactionType":"ENTER_TEXT"}]}
RESULT: {"script":"<script> [776 bytes]","args":[{"enterText":"Piece","selector":{"id":"application-manageresources-display-component---newResourceUnit--BASE_UNIT_OF_MEASURE","interaction":{"idSuffix":"inner"}},"clearTextFirst":true,"interactionType":"ENTER_TEXT"}]}
COMMAND: POST /session/d41a4ef9228655ec76246a5e56c44812/execute/async - {"script":"<script> [1562 bytes]","args":[{"selector":{"id":"application-manageresources-display-component---newResourceUnit--WEIGHT_UNIT","interaction":{"idSuffix":"inner"}},"wdio_ui5_key":"applicationmanageresources-display-component---newResourceUnit--WEIGHT_UNIT"}]}
RESULT: {"script":"<script> [1562 bytes]","args":[{"selector":{"id":"application-manageresources-display-component---newResourceUnit--WEIGHT_UNIT","interaction":{"idSuffix":"inner"}},"wdio_ui5_key":"applicationmanageresources-display-component---newResourceUnit--WEIGHT_UNIT"}]}
RESULT: undefined
COMMAND: POST /session/d41a4ef9228655ec76246a5e56c44812/execute/async - {"script":"<script> [776 bytes]","args":[{"enterText":"Gram","selector":{"id":"application-manageresources-display-component---newResourceUnit--WEIGHT_UNIT","interaction":{"idSuffix":"inner"}},"clearTextFirst":true,"interactionType":"ENTER_TEXT"}]}
RESULT: {"script":"<script> [776 bytes]","args":[{"enterText":"Gram","selector":{"id":"application-manageresources-display-component---newResourceUnit--WEIGHT_UNIT","interaction":{"idSuffix":"inner"}},"clearTextFirst":true,"interactionType":"ENTER_TEXT"}]}
COMMAND: POST /session/d41a4ef9228655ec76246a5e56c44812/execute/async - {"script":"<script> [1562 bytes]","args":[{"selector":{"id":"application-manageresources-display-component---newResourceUnit--DIMENSION_UNIT","interaction":{"idSuffix":"inner"}},"wdio_ui5_key":"applicationmanageresources-display-component---newResourceUnit--DIMENSION_UNIT"}]}
RESULT: {"script":"<script> [1562 bytes]","args":[{"selector":{"id":"application-manageresources-display-component---newResourceUnit--DIMENSION_UNIT","interaction":{"idSuffix":"inner"}},"wdio_ui5_key":"applicationmanageresources-display-component---newResourceUnit--DIMENSION_UNIT"}]}
RESULT: undefined
COMMAND: POST /session/d41a4ef9228655ec76246a5e56c44812/execute/async - {"script":"<script> [776 bytes]","args":[{"enterText":"Meter","selector":{"id":"application-manageresources-display-component---newResourceUnit--DIMENSION_UNIT","interaction":{"idSuffix":"inner"}},"clearTextFirst":true,"interactionType":"ENTER_TEXT"}]}
RESULT: {"script":"<script> [776 bytes]","args":[{"enterText":"Meter","selector":{"id":"application-manageresources-display-component---newResourceUnit--DIMENSION_UNIT","interaction":{"idSuffix":"inner"}},"clearTextFirst":true,"interactionType":"ENTER_TEXT"}]}
COMMAND: POST /session/d41a4ef9228655ec76246a5e56c44812/execute/async - {"script":"<script> [1562 bytes]","args":[{"selector":{"id":"application-manageresources-display-component---newResourceUnit--newRRUPage-anchBar-application-manageresources-display-component---newResourceUnit--control-anchor","interaction":{"idSuffix":"BDI-content"}},"wdio_ui5_key":"applicationmanageresources-display-component---newResourceUnit--newRRUPage-anchBar-application-manageresources-display-component---newResourceUnit--control-anchor"}]}
RESULT: {"script":"<script> [1562 bytes]","args":[{"selector":{"id":"application-manageresources-display-component---newResourceUnit--newRRUPage-anchBar-application-manageresources-display-component---newResourceUnit--control-anchor","interaction":{"idSuffix":"BDI-content"}},"wdio_ui5_key":"applicationmanageresources-display-component---newResourceUnit--newRRUPage-anchBar-application-manageresources-display-component---newResourceUnit--control-anchor"}]}
RESULT: undefined
COMMAND: POST /session/d41a4ef9228655ec76246a5e56c44812/element - {"using":"xpath","value":"//*[@id=\"application-manageresources-display-component---newResourceUnit--newRRUPage-anchBar-application-manageresources-display-component---newResourceUnit--control-anchor\"]"}
RESULT: {"using":"xpath","value":"//*[@id=\"application-manageresources-display-component---newResourceUnit--newRRUPage-anchBar-application-manageresources-display-component---newResourceUnit--control-anchor\"]"}
COMMAND: POST /session/d41a4ef9228655ec76246a5e56c44812/element/f.8359050118E493E9D810750CB1F2C9B3.d.C4EE1C598DC9CCB2A6A1D1515DF10363.e.21873/click - {}
RESULT: {}
COMMAND: POST /session/d41a4ef9228655ec76246a5e56c44812/execute/async - {"script":"<script> [1562 bytes]","args":[{"selector":{"id":"application-manageresources-display-component---newResourceUnit--PLANNING_GROUP","interaction":{"idSuffix":"inner"}},"wdio_ui5_key":"applicationmanageresources-display-component---newResourceUnit--PLANNING_GROUP"}]}
COMMAND: GET /session/d41a4ef9228655ec76246a5e56c44812/screenshot - {}
RESULT: {"script":"<script> [1562 bytes]","args":[{"selector":{"id":"application-manageresources-display-component---newResourceUnit--PLANNING_GROUP","interaction":{"idSuffix":"inner"}},"wdio_ui5_key":"applicationmanageresources-display-component---newResourceUnit--PLANNING_GROUP"}]}
RESULT: undefined
COMMAND: POST /session/d41a4ef9228655ec76246a5e56c44812/execute/async - {"script":"<script> [776 bytes]","args":[{"enterText":"Material","selector":{"id":"application-manageresources-display-component---newResourceUnit--PLANNING_GROUP","interaction":{"idSuffix":"inner"}},"clearTextFirst":true,"interactionType":"ENTER_TEXT"}]}
RESULT: {}
RESULT: {"script":"<script> [776 bytes]","args":[{"enterText":"Material","selector":{"id":"application-manageresources-display-component---newResourceUnit--PLANNING_GROUP","interaction":{"idSuffix":"inner"}},"clearTextFirst":true,"interactionType":"ENTER_TEXT"}]}
COMMAND: POST /session/d41a4ef9228655ec76246a5e56c44812/execute/async - {"script":"<script> [1562 bytes]","args":[{"selector":{"id":"application-manageresources-display-component---newResourceUnit--PLANNING_INDICATOR","interaction":{"idSuffix":"inner"}},"wdio_ui5_key":"applicationmanageresources-display-component---newResourceUnit--PLANNING_INDICATOR"}]}
RESULT: {"script":"<script> [1562 bytes]","args":[{"selector":{"id":"application-manageresources-display-component---newResourceUnit--PLANNING_INDICATOR","interaction":{"idSuffix":"inner"}},"wdio_ui5_key":"applicationmanageresources-display-component---newResourceUnit--PLANNING_INDICATOR"}]}
RESULT: undefined
COMMAND: POST /session/d41a4ef9228655ec76246a5e56c44812/execute/async - {"script":"<script> [776 bytes]","args":[{"enterText":"10 - infinite","selector":{"id":"application-manageresources-display-component---newResourceUnit--PLANNING_INDICATOR","interaction":{"idSuffix":"inner"}},"clearTextFirst":true,"interactionType":"ENTER_TEXT"}]}
RESULT: {"script":"<script> [776 bytes]","args":[{"enterText":"10 - infinite","selector":{"id":"application-manageresources-display-component---newResourceUnit--PLANNING_INDICATOR","interaction":{"idSuffix":"inner"}},"clearTextFirst":true,"interactionType":"ENTER_TEXT"}]}
COMMAND: POST /session/d41a4ef9228655ec76246a5e56c44812/element - {"using":"css selector","value":"#application-manageresources-display-component---newResourceUnit--btnAddTimeSegment"}
RESULT: {"using":"css selector","value":"#application-manageresources-display-component---newResourceUnit--btnAddTimeSegment"}
COMMAND: GET /session/d41a4ef9228655ec76246a5e56c44812/element/f.8359050118E493E9D810750CB1F2C9B3.d.C4EE1C598DC9CCB2A6A1D1515DF10363.e.21881/rect - {}
RESULT: {}
COMMAND: GET /session/d41a4ef9228655ec76246a5e56c44812/window/rect - {}
RESULT: {}
COMMAND: POST /session/d41a4ef9228655ec76246a5e56c44812/execute/sync - {"script":"<script> [92 bytes]","args":[]}
RESULT: {"script":"<script> [92 bytes]","args":[]}
COMMAND: POST /session/d41a4ef9228655ec76246a5e56c44812/actions - {"actions":[{"id":"action70","type":"wheel","parameters":{},"actions":[{"type":"scroll","x":-1888,"y":-32,"deltaX":0,"deltaY":0,"duration":0,"origin":{"element-6066-11e4-a52e-4f735466cecf":"f.8359050118E493E9D810750CB1F2C9B3.d.C4EE1C598DC9CCB2A6A1D1515DF10363.e.21881"}}]}]}
COMMAND: GET /session/d41a4ef9228655ec76246a5e56c44812/screenshot - {}
RESULT: {}
COMMAND: POST /session/d41a4ef9228655ec76246a5e56c44812/execute/sync - {"script":"<script> [79 bytes]","args":[{"element-6066-11e4-a52e-4f735466cecf":"f.8359050118E493E9D810750CB1F2C9B3.d.C4EE1C598DC9CCB2A6A1D1515DF10363.e.21881","ELEMENT":"f.8359050118E493E9D810750CB1F2C9B3.d.C4EE1C598DC9CCB2A6A1D1515DF10363.e.21881"},{"block":"start","inline":"nearest"}]}
RESULT: {"script":"<script> [79 bytes]","args":[{"element-6066-11e4-a52e-4f735466cecf":"f.8359050118E493E9D810750CB1F2C9B3.d.C4EE1C598DC9CCB2A6A1D1515DF10363.e.21881","ELEMENT":"f.8359050118E493E9D810750CB1F2C9B3.d.C4EE1C598DC9CCB2A6A1D1515DF10363.e.21881"},{"block":"start","inline":"nearest"}]}
COMMAND: POST /session/d41a4ef9228655ec76246a5e56c44812/execute/async - {"script":"<script> [1562 bytes]","args":[{"selector":{"id":"application-manageresources-display-component---newResourceUnit--btnAddTimeSegment","interaction":{"idSuffix":"inner"}},"wdio_ui5_key":"applicationmanageresources-display-component---newResourceUnit--btnAddTimeSegment"}]}
COMMAND: GET /session/d41a4ef9228655ec76246a5e56c44812/screenshot - {}
RESULT: {"script":"<script> [1562 bytes]","args":[{"selector":{"id":"application-manageresources-display-component---newResourceUnit--btnAddTimeSegment","interaction":{"idSuffix":"inner"}},"wdio_ui5_key":"applicationmanageresources-display-component---newResourceUnit--btnAddTimeSegment"}]}
RESULT: undefined
COMMAND: POST /session/d41a4ef9228655ec76246a5e56c44812/element - {"using":"xpath","value":"//*[@id=\"application-manageresources-display-component---newResourceUnit--btnAddTimeSegment\"]"}
RESULT: {}
RESULT: {"using":"xpath","value":"//*[@id=\"application-manageresources-display-component---newResourceUnit--btnAddTimeSegment\"]"}
COMMAND: POST /session/d41a4ef9228655ec76246a5e56c44812/element/f.8359050118E493E9D810750CB1F2C9B3.d.C4EE1C598DC9CCB2A6A1D1515DF10363.e.21881/click - {}
RESULT: {}
COMMAND: GET /session/d41a4ef9228655ec76246a5e56c44812/screenshot - {}
RESULT: {}
COMMAND: POST /session/d41a4ef9228655ec76246a5e56c44812/element - {"using":"xpath","value":"//input[@id=\"application-manageresources-display-component---newResourceUnit--idRuTSAdmin-application-manageresources-display-component---newResourceUnit--RUTimeSegment-0-inner\"]"}
RESULT: {"using":"xpath","value":"//input[@id=\"application-manageresources-display-component---newResourceUnit--idRuTSAdmin-application-manageresources-display-component---newResourceUnit--RUTimeSegment-0-inner\"]"}
COMMAND: POST /session/d41a4ef9228655ec76246a5e56c44812/element/f.8359050118E493E9D810750CB1F2C9B3.d.C4EE1C598DC9CCB2A6A1D1515DF10363.e.21886/clear - {}
RESULT: {}
COMMAND: POST /session/d41a4ef9228655ec76246a5e56c44812/element/f.8359050118E493E9D810750CB1F2C9B3.d.C4EE1C598DC9CCB2A6A1D1515DF10363.e.21886/value - {"text":"471"}
COMMAND: GET /session/d41a4ef9228655ec76246a5e56c44812/screenshot - {}
RESULT: {"text":"471"}
COMMAND: GET /session/d41a4ef9228655ec76246a5e56c44812/screenshot - {}
RESULT: {}
RESULT: {}
COMMAND: POST /session/d41a4ef9228655ec76246a5e56c44812/element - {"using":"xpath","value":"//li[.//span[text()='471']]"}
RESULT: {"using":"xpath","value":"//li[.//span[text()='471']]"}
COMMAND: POST /session/d41a4ef9228655ec76246a5e56c44812/element/f.8359050118E493E9D810750CB1F2C9B3.d.C4EE1C598DC9CCB2A6A1D1515DF10363.e.21895/click - {}
RESULT: {}
COMMAND: GET /session/d41a4ef9228655ec76246a5e56c44812/screenshot - {}
RESULT: {}
COMMAND: POST /session/d41a4ef9228655ec76246a5e56c44812/element - {"using":"xpath","value":"(//span[contains(@id, \"-application-manageresources-display-component---newResourceUnit--RUTimeSegment-0-arrow\")])[2]"}
RESULT: {"using":"xpath","value":"(//span[contains(@id, \"-application-manageresources-display-component---newResourceUnit--RUTimeSegment-0-arrow\")])[2]"}
COMMAND: POST /session/d41a4ef9228655ec76246a5e56c44812/element/f.8359050118E493E9D810750CB1F2C9B3.d.C4EE1C598DC9CCB2A6A1D1515DF10363.e.21896/click - {}
RESULT: {}
COMMAND: POST /session/d41a4ef9228655ec76246a5e56c44812/element - {"using":"xpath","value":"//span[contains(text(), \"PM Order\")]"}
COMMAND: GET /session/d41a4ef9228655ec76246a5e56c44812/screenshot - {}
RESULT: {"using":"xpath","value":"//span[contains(text(), \"PM Order\")]"}
COMMAND: POST /session/d41a4ef9228655ec76246a5e56c44812/element/f.8359050118E493E9D810750CB1F2C9B3.d.C4EE1C598DC9CCB2A6A1D1515DF10363.e.21897/click - {}
RESULT: {}
RESULT: {}
COMMAND: GET /session/d41a4ef9228655ec76246a5e56c44812/screenshot - {}
RESULT: {}
COMMAND: POST /session/d41a4ef9228655ec76246a5e56c44812/element - {"using":"xpath","value":"//td/div/div/div/span[contains(@id, \"newResourceUnit--RUTimeSegment-0-vhi\")][1]"}
RESULT: {"using":"xpath","value":"//td/div/div/div/span[contains(@id, \"newResourceUnit--RUTimeSegment-0-vhi\")][1]"}
COMMAND: GET /session/d41a4ef9228655ec76246a5e56c44812/element/f.8359050118E493E9D810750CB1F2C9B3.d.C4EE1C598DC9CCB2A6A1D1515DF10363.e.21901/rect - {}
RESULT: {}
COMMAND: GET /session/d41a4ef9228655ec76246a5e56c44812/window/rect - {}
RESULT: {}
COMMAND: POST /session/d41a4ef9228655ec76246a5e56c44812/execute/sync - {"script":"<script> [92 bytes]","args":[]}
RESULT: {"script":"<script> [92 bytes]","args":[]}
COMMAND: POST /session/d41a4ef9228655ec76246a5e56c44812/actions - {"actions":[{"id":"action71","type":"wheel","parameters":{},"actions":[{"type":"scroll","x":-1888,"y":-24,"deltaX":0,"deltaY":0,"duration":0,"origin":{"element-6066-11e4-a52e-4f735466cecf":"f.8359050118E493E9D810750CB1F2C9B3.d.C4EE1C598DC9CCB2A6A1D1515DF10363.e.21901"}}]}]}
COMMAND: GET /session/d41a4ef9228655ec76246a5e56c44812/screenshot - {}
RESULT: {}
COMMAND: POST /session/d41a4ef9228655ec76246a5e56c44812/execute/sync - {"script":"<script> [79 bytes]","args":[{"element-6066-11e4-a52e-4f735466cecf":"f.8359050118E493E9D810750CB1F2C9B3.d.C4EE1C598DC9CCB2A6A1D1515DF10363.e.21901","ELEMENT":"f.8359050118E493E9D810750CB1F2C9B3.d.C4EE1C598DC9CCB2A6A1D1515DF10363.e.21901"},{"block":"start","inline":"nearest"}]}
RESULT: {"script":"<script> [79 bytes]","args":[{"element-6066-11e4-a52e-4f735466cecf":"f.8359050118E493E9D810750CB1F2C9B3.d.C4EE1C598DC9CCB2A6A1D1515DF10363.e.21901","ELEMENT":"f.8359050118E493E9D810750CB1F2C9B3.d.C4EE1C598DC9CCB2A6A1D1515DF10363.e.21901"},{"block":"start","inline":"nearest"}]}
COMMAND: GET /session/d41a4ef9228655ec76246a5e56c44812/screenshot - {}
RESULT: {}
COMMAND: POST /session/d41a4ef9228655ec76246a5e56c44812/element/f.8359050118E493E9D810750CB1F2C9B3.d.C4EE1C598DC9CCB2A6A1D1515DF10363.e.21901/click - {}
RESULT: {}
COMMAND: GET /session/d41a4ef9228655ec76246a5e56c44812/screenshot - {}
RESULT: {}
COMMAND: POST /session/d41a4ef9228655ec76246a5e56c44812/execute/async - {"script":"<script> [1562 bytes]","args":[{"selector":{"controlType":"sap.m.SearchField","properties":{"placeholder":"Search"},"searchOpenDialogs":true,"interaction":{"idSuffix":"I"}},"wdio_ui5_key":"sapm.SearchField{\"placeholder\":\"Search\"}"}]}
RESULT: {"script":"<script> [1562 bytes]","args":[{"selector":{"controlType":"sap.m.SearchField","properties":{"placeholder":"Search"},"searchOpenDialogs":true,"interaction":{"idSuffix":"I"}},"wdio_ui5_key":"sapm.SearchField{\"placeholder\":\"Search\"}"}]}
RESULT: undefined
COMMAND: POST /session/d41a4ef9228655ec76246a5e56c44812/execute/async - {"script":"<script> [776 bytes]","args":[{"enterText":"4000360","selector":{"controlType":"sap.m.SearchField","properties":{"placeholder":"Search"},"searchOpenDialogs":true,"interaction":{"idSuffix":"I"}},"clearTextFirst":true,"interactionType":"ENTER_TEXT"}]}
RESULT: {"script":"<script> [776 bytes]","args":[{"enterText":"4000360","selector":{"controlType":"sap.m.SearchField","properties":{"placeholder":"Search"},"searchOpenDialogs":true,"interaction":{"idSuffix":"I"}},"clearTextFirst":true,"interactionType":"ENTER_TEXT"}]}
COMMAND: POST /session/d41a4ef9228655ec76246a5e56c44812/actions - {"actions":[{"id":"action72","type":"key","parameters":{},"actions":[{"type":"keyDown","value":"î€‡"},{"type":"pause","duration":10},{"type":"keyUp","value":"î€‡"}]}]}
RESULT: {"actions":[{"id":"action72","type":"key","parameters":{},"actions":[{"type":"keyDown","value":"î€‡"},{"type":"pause","duration":10},{"type":"keyUp","value":"î€‡"}]}]}
COMMAND: GET /session/d41a4ef9228655ec76246a5e56c44812/screenshot - {}
RESULT: {}
COMMAND: POST /session/d41a4ef9228655ec76246a5e56c44812/element - {"using":"xpath","value":"//td/div/span[contains(text(), \"BGL Vehicles\")]"}
RESULT: {"using":"xpath","value":"//td/div/span[contains(text(), \"BGL Vehicles\")]"}
COMMAND: POST /session/d41a4ef9228655ec76246a5e56c44812/element/f.8359050118E493E9D810750CB1F2C9B3.d.C4EE1C598DC9CCB2A6A1D1515DF10363.e.21922/click - {}
RESULT: {}
COMMAND: GET /session/d41a4ef9228655ec76246a5e56c44812/screenshot - {}
RESULT: {}
COMMAND: POST /session/d41a4ef9228655ec76246a5e56c44812/element - {"using":"xpath","value":"//bdi[contains(text(), \"OK\")]"}
RESULT: {"using":"xpath","value":"//bdi[contains(text(), \"OK\")]"}
COMMAND: POST /session/d41a4ef9228655ec76246a5e56c44812/element/f.8359050118E493E9D810750CB1F2C9B3.d.C4EE1C598DC9CCB2A6A1D1515DF10363.e.21923/click - {}
RESULT: {}
COMMAND: GET /session/d41a4ef9228655ec76246a5e56c44812/screenshot - {}
RESULT: {}
COMMAND: POST /session/d41a4ef9228655ec76246a5e56c44812/element - {"using":"xpath","value":"//label[contains(@class, 'sapMLabelRequired') and .//bdi[contains(text(), 'Planned Retirement')]]"}
RESULT: {"using":"xpath","value":"//label[contains(@class, 'sapMLabelRequired') and .//bdi[contains(text(), 'Planned Retirement')]]"}
COMMAND: POST /session/d41a4ef9228655ec76246a5e56c44812/elements - {"using":"xpath","value":"//label[contains(@class, 'sapMLabelRequired') and .//bdi[contains(text(), 'Planned Retirement')]]"}
RESULT: {"using":"xpath","value":"//label[contains(@class, 'sapMLabelRequired') and .//bdi[contains(text(), 'Planned Retirement')]]"}
COMMAND: POST /session/d41a4ef9228655ec76246a5e56c44812/element - {"using":"xpath","value":"//button[@data-kt=\"resourceUnitSaveButton\"]"}
RESULT: {"using":"xpath","value":"//button[@data-kt=\"resourceUnitSaveButton\"]"}
COMMAND: POST /session/d41a4ef9228655ec76246a5e56c44812/element/f.8359050118E493E9D810750CB1F2C9B3.d.C4EE1C598DC9CCB2A6A1D1515DF10363.e.21825/click - {}
RESULT: {}
COMMAND: GET /session/d41a4ef9228655ec76246a5e56c44812/screenshot - {}
RESULT: {}
COMMAND: POST /session/d41a4ef9228655ec76246a5e56c44812/element - {"using":"xpath","value":"//bdi[contains(text(), \"Close\")]"}
RESULT: {"using":"xpath","value":"//bdi[contains(text(), \"Close\")]"}
COMMAND: POST /session/d41a4ef9228655ec76246a5e56c44812/element/f.8359050118E493E9D810750CB1F2C9B3.d.C4EE1C598DC9CCB2A6A1D1515DF10363.e.21930/click - {}
RESULT: {}
COMMAND: GET /session/d41a4ef9228655ec76246a5e56c44812/screenshot - {}
RESULT: {}
COMMAND: POST /session/d41a4ef9228655ec76246a5e56c44812/element - {"using":"xpath","value":"//header[contains(@id, 'detailRruPage-headerTitle')]/div[1]/div[2]/div[2]/span[1]"}
RESULT: {"using":"xpath","value":"//header[contains(@id, 'detailRruPage-headerTitle')]/div[1]/div[2]/div[2]/span[1]"}
COMMAND: POST /session/d41a4ef9228655ec76246a5e56c44812/elements - {"using":"xpath","value":"//header[contains(@id, 'detailRruPage-headerTitle')]/div[1]/div[2]/div[2]/span[1]"}
RESULT: {"using":"xpath","value":"//header[contains(@id, 'detailRruPage-headerTitle')]/div[1]/div[2]/div[2]/span[1]"}
COMMAND: POST /session/d41a4ef9228655ec76246a5e56c44812/execute/sync - {"script":"<script> [56 bytes]","args":[{"element-6066-11e4-a52e-4f735466cecf":"f.8359050118E493E9D810750CB1F2C9B3.d.C4EE1C598DC9CCB2A6A1D1515DF10363.e.21958","ELEMENT":"f.8359050118E493E9D810750CB1F2C9B3.d.C4EE1C598DC9CCB2A6A1D1515DF10363.e.21958"}]}
RESULT: {"script":"<script> [56 bytes]","args":[{"element-6066-11e4-a52e-4f735466cecf":"f.8359050118E493E9D810750CB1F2C9B3.d.C4EE1C598DC9CCB2A6A1D1515DF10363.e.21958","ELEMENT":"f.8359050118E493E9D810750CB1F2C9B3.d.C4EE1C598DC9CCB2A6A1D1515DF10363.e.21958"}]}
COMMAND: POST /session/d41a4ef9228655ec76246a5e56c44812/element - {"using":"css selector","value":"#shell-header-logo"}
COMMAND: GET /session/d41a4ef9228655ec76246a5e56c44812/screenshot - {}
RESULT: {"using":"css selector","value":"#shell-header-logo"}
COMMAND: POST /session/d41a4ef9228655ec76246a5e56c44812/element/f.8359050118E493E9D810750CB1F2C9B3.d.C4EE1C598DC9CCB2A6A1D1515DF10363.e.21305/click - {}
RESULT: {}
RESULT: {}
COMMAND: GET /session/d41a4ef9228655ec76246a5e56c44812/screenshot - {}
RESULT: {}
]]></system-out>
    </testcase>
    <testcase classname="chrome.136_0_7103_93.windows.Create_masterdata_for_Yard_Overview_-_trigger_provide_US130988" name="Bin Status Report Should Create New Organization yard" time="0.007" />
    <testcase classname="chrome.136_0_7103_93.windows.Create_masterdata_for_Yard_Overview_-_trigger_provide_US130988" name="Create a Warehouse Movement for created yard" time="45.687">
      <system-out><![CDATA[
COMMAND: POST /session/d41a4ef9228655ec76246a5e56c44812/execute/async - {"script":"<script> [1562 bytes]","args":[{"selector":{"controlType":"sap.m.GenericTile","properties":{"header":"Manage Warehouse Movements"}},"wdio_ui5_key":"sapm.GenericTile{\"header\":\"Manage Warehouse Movements\"}"}]}
RESULT: {"script":"<script> [1562 bytes]","args":[{"selector":{"controlType":"sap.m.GenericTile","properties":{"header":"Manage Warehouse Movements"}},"wdio_ui5_key":"sapm.GenericTile{\"header\":\"Manage Warehouse Movements\"}"}]}
RESULT: undefined
COMMAND: POST /session/d41a4ef9228655ec76246a5e56c44812/element - {"using":"xpath","value":"//*[@id=\"__tile105\"]"}
RESULT: {"using":"xpath","value":"//*[@id=\"__tile105\"]"}
COMMAND: POST /session/d41a4ef9228655ec76246a5e56c44812/element/f.8359050118E493E9D810750CB1F2C9B3.d.C4EE1C598DC9CCB2A6A1D1515DF10363.e.21960/click - {}
RESULT: {}
COMMAND: POST /session/d41a4ef9228655ec76246a5e56c44812/element - {"using":"xpath","value":"//input[@id='application-warehousemovements-display-component---warehouseMovements--smartFilterBar-filterItemControl_BASIC-YARD-inner']"}
COMMAND: GET /session/d41a4ef9228655ec76246a5e56c44812/screenshot - {}
RESULT: {"using":"xpath","value":"//input[@id='application-warehousemovements-display-component---warehouseMovements--smartFilterBar-filterItemControl_BASIC-YARD-inner']"}
COMMAND: POST /session/d41a4ef9228655ec76246a5e56c44812/elements - {"using":"xpath","value":"//input[@id='application-warehousemovements-display-component---warehouseMovements--smartFilterBar-filterItemControl_BASIC-YARD-inner']"}
RESULT: {}
RESULT: {"using":"xpath","value":"//input[@id='application-warehousemovements-display-component---warehouseMovements--smartFilterBar-filterItemControl_BASIC-YARD-inner']"}
COMMAND: POST /session/d41a4ef9228655ec76246a5e56c44812/elements - {"using":"xpath","value":"//input[@id='application-warehousemovements-display-component---warehouseMovements--smartFilterBar-filterItemControl_BASIC-YARD-inner']"}
RESULT: {"using":"xpath","value":"//input[@id='application-warehousemovements-display-component---warehouseMovements--smartFilterBar-filterItemControl_BASIC-YARD-inner']"}
COMMAND: POST /session/d41a4ef9228655ec76246a5e56c44812/elements - {"using":"xpath","value":"//input[@id='application-warehousemovements-display-component---warehouseMovements--smartFilterBar-filterItemControl_BASIC-YARD-inner']"}
RESULT: {"using":"xpath","value":"//input[@id='application-warehousemovements-display-component---warehouseMovements--smartFilterBar-filterItemControl_BASIC-YARD-inner']"}
COMMAND: POST /session/d41a4ef9228655ec76246a5e56c44812/elements - {"using":"xpath","value":"//input[@id='application-warehousemovements-display-component---warehouseMovements--smartFilterBar-filterItemControl_BASIC-YARD-inner']"}
RESULT: {"using":"xpath","value":"//input[@id='application-warehousemovements-display-component---warehouseMovements--smartFilterBar-filterItemControl_BASIC-YARD-inner']"}
COMMAND: POST /session/d41a4ef9228655ec76246a5e56c44812/elements - {"using":"xpath","value":"//input[@id='application-warehousemovements-display-component---warehouseMovements--smartFilterBar-filterItemControl_BASIC-YARD-inner']"}
RESULT: {"using":"xpath","value":"//input[@id='application-warehousemovements-display-component---warehouseMovements--smartFilterBar-filterItemControl_BASIC-YARD-inner']"}
COMMAND: POST /session/d41a4ef9228655ec76246a5e56c44812/elements - {"using":"xpath","value":"//input[@id='application-warehousemovements-display-component---warehouseMovements--smartFilterBar-filterItemControl_BASIC-YARD-inner']"}
RESULT: {"using":"xpath","value":"//input[@id='application-warehousemovements-display-component---warehouseMovements--smartFilterBar-filterItemControl_BASIC-YARD-inner']"}
COMMAND: POST /session/d41a4ef9228655ec76246a5e56c44812/element - {"using":"xpath","value":"//input[@id='application-warehousemovements-display-component---warehouseMovements--smartFilterBar-filterItemControl_BASIC-YARD-inner']"}
RESULT: {"using":"xpath","value":"//input[@id='application-warehousemovements-display-component---warehouseMovements--smartFilterBar-filterItemControl_BASIC-YARD-inner']"}
COMMAND: POST /session/d41a4ef9228655ec76246a5e56c44812/execute/sync - {"script":"<script> [8489 bytes]","args":[{"element-6066-11e4-a52e-4f735466cecf":"f.8359050118E493E9D810750CB1F2C9B3.d.C4EE1C598DC9CCB2A6A1D1515DF10363.e.21969","ELEMENT":"f.8359050118E493E9D810750CB1F2C9B3.d.C4EE1C598DC9CCB2A6A1D1515DF10363.e.21969"}]}
RESULT: {"script":"<script> [8489 bytes]","args":[{"element-6066-11e4-a52e-4f735466cecf":"f.8359050118E493E9D810750CB1F2C9B3.d.C4EE1C598DC9CCB2A6A1D1515DF10363.e.21969","ELEMENT":"f.8359050118E493E9D810750CB1F2C9B3.d.C4EE1C598DC9CCB2A6A1D1515DF10363.e.21969"}]}
COMMAND: GET /session/d41a4ef9228655ec76246a5e56c44812/element/f.8359050118E493E9D810750CB1F2C9B3.d.C4EE1C598DC9CCB2A6A1D1515DF10363.e.21969/enabled - {}
COMMAND: GET /session/d41a4ef9228655ec76246a5e56c44812/screenshot - {}
RESULT: {}
COMMAND: POST /session/d41a4ef9228655ec76246a5e56c44812/execute/sync - {"script":"<script> [8489 bytes]","args":[{"element-6066-11e4-a52e-4f735466cecf":"f.8359050118E493E9D810750CB1F2C9B3.d.C4EE1C598DC9CCB2A6A1D1515DF10363.e.21969","ELEMENT":"f.8359050118E493E9D810750CB1F2C9B3.d.C4EE1C598DC9CCB2A6A1D1515DF10363.e.21969"}]}
COMMAND: GET /session/d41a4ef9228655ec76246a5e56c44812/screenshot - {}
RESULT: {}
RESULT: {"script":"<script> [8489 bytes]","args":[{"element-6066-11e4-a52e-4f735466cecf":"f.8359050118E493E9D810750CB1F2C9B3.d.C4EE1C598DC9CCB2A6A1D1515DF10363.e.21969","ELEMENT":"f.8359050118E493E9D810750CB1F2C9B3.d.C4EE1C598DC9CCB2A6A1D1515DF10363.e.21969"}]}
COMMAND: POST /session/d41a4ef9228655ec76246a5e56c44812/execute/sync - {"script":"<script> [5351 bytes]","args":[{"element-6066-11e4-a52e-4f735466cecf":"f.8359050118E493E9D810750CB1F2C9B3.d.C4EE1C598DC9CCB2A6A1D1515DF10363.e.21969","ELEMENT":"f.8359050118E493E9D810750CB1F2C9B3.d.C4EE1C598DC9CCB2A6A1D1515DF10363.e.21969"}]}
COMMAND: GET /session/d41a4ef9228655ec76246a5e56c44812/screenshot - {}
RESULT: {}
RESULT: {"script":"<script> [5351 bytes]","args":[{"element-6066-11e4-a52e-4f735466cecf":"f.8359050118E493E9D810750CB1F2C9B3.d.C4EE1C598DC9CCB2A6A1D1515DF10363.e.21969","ELEMENT":"f.8359050118E493E9D810750CB1F2C9B3.d.C4EE1C598DC9CCB2A6A1D1515DF10363.e.21969"}]}
COMMAND: GET /session/d41a4ef9228655ec76246a5e56c44812/screenshot - {}
RESULT: {}
RESULT: {}
COMMAND: POST /session/d41a4ef9228655ec76246a5e56c44812/element/f.8359050118E493E9D810750CB1F2C9B3.d.C4EE1C598DC9CCB2A6A1D1515DF10363.e.21969/clear - {}
RESULT: {}
COMMAND: POST /session/d41a4ef9228655ec76246a5e56c44812/element/f.8359050118E493E9D810750CB1F2C9B3.d.C4EE1C598DC9CCB2A6A1D1515DF10363.e.21969/value - {"text":"471"}
COMMAND: GET /session/d41a4ef9228655ec76246a5e56c44812/screenshot - {}
RESULT: {"text":"471"}
COMMAND: POST /session/d41a4ef9228655ec76246a5e56c44812/actions - {"actions":[{"id":"action73","type":"key","parameters":{},"actions":[{"type":"keyDown","value":"î€‡"},{"type":"pause","duration":10},{"type":"keyUp","value":"î€‡"}]}]}
COMMAND: GET /session/d41a4ef9228655ec76246a5e56c44812/screenshot - {}
RESULT: {}
RESULT: {"actions":[{"id":"action73","type":"key","parameters":{},"actions":[{"type":"keyDown","value":"î€‡"},{"type":"pause","duration":10},{"type":"keyUp","value":"î€‡"}]}]}
COMMAND: GET /session/d41a4ef9228655ec76246a5e56c44812/screenshot - {}
RESULT: {}
RESULT: {}
COMMAND: POST /session/d41a4ef9228655ec76246a5e56c44812/element - {"using":"xpath","value":"//button[contains(@data-kt, \"MasterMovementAddOverflowToolbarButton\")]"}
RESULT: {"using":"xpath","value":"//button[contains(@data-kt, \"MasterMovementAddOverflowToolbarButton\")]"}
COMMAND: POST /session/d41a4ef9228655ec76246a5e56c44812/element/f.8359050118E493E9D810750CB1F2C9B3.d.C4EE1C598DC9CCB2A6A1D1515DF10363.e.22004/click - {}
RESULT: {}
COMMAND: GET /session/d41a4ef9228655ec76246a5e56c44812/screenshot - {}
RESULT: {}
COMMAND: POST /session/d41a4ef9228655ec76246a5e56c44812/element - {"using":"xpath","value":"//*[@id=\"application-warehousemovements-display-component---addMovement--sectionsList-arrow\"]"}
RESULT: {"using":"xpath","value":"//*[@id=\"application-warehousemovements-display-component---addMovement--sectionsList-arrow\"]"}
COMMAND: POST /session/d41a4ef9228655ec76246a5e56c44812/element/f.8359050118E493E9D810750CB1F2C9B3.d.C4EE1C598DC9CCB2A6A1D1515DF10363.e.22214/click - {}
RESULT: {}
COMMAND: POST /session/d41a4ef9228655ec76246a5e56c44812/actions - {"actions":[{"id":"action74","type":"key","parameters":{},"actions":[{"type":"keyDown","value":"î€•"},{"type":"pause","duration":10},{"type":"keyUp","value":"î€•"}]}]}
COMMAND: GET /session/d41a4ef9228655ec76246a5e56c44812/screenshot - {}
RESULT: {"actions":[{"id":"action74","type":"key","parameters":{},"actions":[{"type":"keyDown","value":"î€•"},{"type":"pause","duration":10},{"type":"keyUp","value":"î€•"}]}]}
COMMAND: GET /session/d41a4ef9228655ec76246a5e56c44812/screenshot - {}
RESULT: {}
RESULT: {}
COMMAND: POST /session/d41a4ef9228655ec76246a5e56c44812/actions - {"actions":[{"id":"action75","type":"key","parameters":{},"actions":[{"type":"keyDown","value":"î€‡"},{"type":"pause","duration":10},{"type":"keyUp","value":"î€‡"}]}]}
RESULT: {"actions":[{"id":"action75","type":"key","parameters":{},"actions":[{"type":"keyDown","value":"î€‡"},{"type":"pause","duration":10},{"type":"keyUp","value":"î€‡"}]}]}
COMMAND: GET /session/d41a4ef9228655ec76246a5e56c44812/screenshot - {}
RESULT: {}
COMMAND: POST /session/d41a4ef9228655ec76246a5e56c44812/element - {"using":"xpath","value":"//*[@id=\"application-warehousemovements-display-component---addMovement--saveMovementBtn-BDI-content\" and text()=\"Save\"]"}
RESULT: {"using":"xpath","value":"//*[@id=\"application-warehousemovements-display-component---addMovement--saveMovementBtn-BDI-content\" and text()=\"Save\"]"}
COMMAND: POST /session/d41a4ef9228655ec76246a5e56c44812/element/f.8359050118E493E9D810750CB1F2C9B3.d.C4EE1C598DC9CCB2A6A1D1515DF10363.e.22215/click - {}
RESULT: {}
COMMAND: GET /session/d41a4ef9228655ec76246a5e56c44812/screenshot - {}
RESULT: {}
COMMAND: POST /session/d41a4ef9228655ec76246a5e56c44812/element - {"using":"css selector","value":"#shell-header-logo"}
RESULT: {"using":"css selector","value":"#shell-header-logo"}
COMMAND: POST /session/d41a4ef9228655ec76246a5e56c44812/element/f.8359050118E493E9D810750CB1F2C9B3.d.C4EE1C598DC9CCB2A6A1D1515DF10363.e.21964/click - {}
RESULT: {}
COMMAND: GET /session/d41a4ef9228655ec76246a5e56c44812/screenshot - {}
RESULT: {}
]]></system-out>
    </testcase>
    <testcase classname="chrome.136_0_7103_93.windows.Create_masterdata_for_Yard_Overview_-_trigger_provide_US130988" name="Should do a stock increase handover for equipment" time="90.745">
      <system-out><![CDATA[
COMMAND: POST /session/d41a4ef9228655ec76246a5e56c44812/execute/async - {"script":"<script> [1562 bytes]","args":[{"selector":{"controlType":"sap.m.GenericTile","properties":{"header":"Manage Handovers"}},"wdio_ui5_key":"sapm.GenericTile{\"header\":\"Manage Handovers\"}"}]}
RESULT: {"script":"<script> [1562 bytes]","args":[{"selector":{"controlType":"sap.m.GenericTile","properties":{"header":"Manage Handovers"}},"wdio_ui5_key":"sapm.GenericTile{\"header\":\"Manage Handovers\"}"}]}
RESULT: undefined
COMMAND: POST /session/d41a4ef9228655ec76246a5e56c44812/element - {"using":"xpath","value":"//*[@id=\"__tile133\"]"}
RESULT: {"using":"xpath","value":"//*[@id=\"__tile133\"]"}
COMMAND: POST /session/d41a4ef9228655ec76246a5e56c44812/element/f.8359050118E493E9D810750CB1F2C9B3.d.C4EE1C598DC9CCB2A6A1D1515DF10363.e.21348/click - {}
RESULT: {}
COMMAND: GET /session/d41a4ef9228655ec76246a5e56c44812/screenshot - {}
RESULT: {}
COMMAND: POST /session/d41a4ef9228655ec76246a5e56c44812/elements - {"using":"xpath","value":"//span[text()='Error']"}
RESULT: {"using":"xpath","value":"//span[text()='Error']"}
COMMAND: POST /session/d41a4ef9228655ec76246a5e56c44812/element - {"using":"xpath","value":"//button[@data-kt=\"masterHOAddButton\"]"}
RESULT: {"using":"xpath","value":"//button[@data-kt=\"masterHOAddButton\"]"}
COMMAND: POST /session/d41a4ef9228655ec76246a5e56c44812/elements - {"using":"xpath","value":"//button[@data-kt=\"masterHOAddButton\"]"}
RESULT: {"using":"xpath","value":"//button[@data-kt=\"masterHOAddButton\"]"}
COMMAND: POST /session/d41a4ef9228655ec76246a5e56c44812/execute/sync - {"script":"<script> [8489 bytes]","args":[{"element-6066-11e4-a52e-4f735466cecf":"f.8359050118E493E9D810750CB1F2C9B3.d.C4EE1C598DC9CCB2A6A1D1515DF10363.e.22366","ELEMENT":"f.8359050118E493E9D810750CB1F2C9B3.d.C4EE1C598DC9CCB2A6A1D1515DF10363.e.22366"}]}
RESULT: {"script":"<script> [8489 bytes]","args":[{"element-6066-11e4-a52e-4f735466cecf":"f.8359050118E493E9D810750CB1F2C9B3.d.C4EE1C598DC9CCB2A6A1D1515DF10363.e.22366","ELEMENT":"f.8359050118E493E9D810750CB1F2C9B3.d.C4EE1C598DC9CCB2A6A1D1515DF10363.e.22366"}]}
COMMAND: GET /session/d41a4ef9228655ec76246a5e56c44812/element/f.8359050118E493E9D810750CB1F2C9B3.d.C4EE1C598DC9CCB2A6A1D1515DF10363.e.22366/enabled - {}
COMMAND: GET /session/d41a4ef9228655ec76246a5e56c44812/screenshot - {}
RESULT: {}
COMMAND: POST /session/d41a4ef9228655ec76246a5e56c44812/execute/sync - {"script":"<script> [8489 bytes]","args":[{"element-6066-11e4-a52e-4f735466cecf":"f.8359050118E493E9D810750CB1F2C9B3.d.C4EE1C598DC9CCB2A6A1D1515DF10363.e.22366","ELEMENT":"f.8359050118E493E9D810750CB1F2C9B3.d.C4EE1C598DC9CCB2A6A1D1515DF10363.e.22366"}]}
COMMAND: GET /session/d41a4ef9228655ec76246a5e56c44812/screenshot - {}
RESULT: {}
RESULT: {"script":"<script> [8489 bytes]","args":[{"element-6066-11e4-a52e-4f735466cecf":"f.8359050118E493E9D810750CB1F2C9B3.d.C4EE1C598DC9CCB2A6A1D1515DF10363.e.22366","ELEMENT":"f.8359050118E493E9D810750CB1F2C9B3.d.C4EE1C598DC9CCB2A6A1D1515DF10363.e.22366"}]}
COMMAND: POST /session/d41a4ef9228655ec76246a5e56c44812/execute/sync - {"script":"<script> [5351 bytes]","args":[{"element-6066-11e4-a52e-4f735466cecf":"f.8359050118E493E9D810750CB1F2C9B3.d.C4EE1C598DC9CCB2A6A1D1515DF10363.e.22366","ELEMENT":"f.8359050118E493E9D810750CB1F2C9B3.d.C4EE1C598DC9CCB2A6A1D1515DF10363.e.22366"}]}
COMMAND: GET /session/d41a4ef9228655ec76246a5e56c44812/screenshot - {}
RESULT: {}
RESULT: {"script":"<script> [5351 bytes]","args":[{"element-6066-11e4-a52e-4f735466cecf":"f.8359050118E493E9D810750CB1F2C9B3.d.C4EE1C598DC9CCB2A6A1D1515DF10363.e.22366","ELEMENT":"f.8359050118E493E9D810750CB1F2C9B3.d.C4EE1C598DC9CCB2A6A1D1515DF10363.e.22366"}]}
COMMAND: POST /session/d41a4ef9228655ec76246a5e56c44812/element/f.8359050118E493E9D810750CB1F2C9B3.d.C4EE1C598DC9CCB2A6A1D1515DF10363.e.22366/click - {}
COMMAND: GET /session/d41a4ef9228655ec76246a5e56c44812/screenshot - {}
RESULT: {}
RESULT: {}
COMMAND: GET /session/d41a4ef9228655ec76246a5e56c44812/screenshot - {}
COMMAND: POST /session/d41a4ef9228655ec76246a5e56c44812/element - {"using":"xpath","value":"//span[contains(@id ,\"AddNewHO--typeSelect-arrow\")]"}
RESULT: {}
RESULT: {}
RESULT: {"using":"xpath","value":"//span[contains(@id ,\"AddNewHO--typeSelect-arrow\")]"}
COMMAND: POST /session/d41a4ef9228655ec76246a5e56c44812/element/f.8359050118E493E9D810750CB1F2C9B3.d.C4EE1C598DC9CCB2A6A1D1515DF10363.e.22719/click - {}
RESULT: {}
COMMAND: GET /session/d41a4ef9228655ec76246a5e56c44812/screenshot - {}
RESULT: {}
COMMAND: POST /session/d41a4ef9228655ec76246a5e56c44812/element - {"using":"xpath","value":"(//li[contains(text(), \"stock increase yard\")])[1]"}
RESULT: {"using":"xpath","value":"(//li[contains(text(), \"stock increase yard\")])[1]"}
COMMAND: POST /session/d41a4ef9228655ec76246a5e56c44812/element/f.8359050118E493E9D810750CB1F2C9B3.d.C4EE1C598DC9CCB2A6A1D1515DF10363.e.22720/click - {}
RESULT: {}
COMMAND: GET /session/d41a4ef9228655ec76246a5e56c44812/screenshot - {}
RESULT: {}
COMMAND: POST /session/d41a4ef9228655ec76246a5e56c44812/execute/async - {"script":"<script> [1562 bytes]","args":[{"selector":{"id":"application-managehandovers-display-component---AddNewHO--dueDate","interaction":{"idSuffix":"inner"}},"wdio_ui5_key":"applicationmanagehandovers-display-component---AddNewHO--dueDate"}]}
RESULT: {"script":"<script> [1562 bytes]","args":[{"selector":{"id":"application-managehandovers-display-component---AddNewHO--dueDate","interaction":{"idSuffix":"inner"}},"wdio_ui5_key":"applicationmanagehandovers-display-component---AddNewHO--dueDate"}]}
RESULT: undefined
COMMAND: POST /session/d41a4ef9228655ec76246a5e56c44812/execute/async - {"script":"<script> [6424 bytes]","args":[{"element-6066-11e4-a52e-4f735466cecf":"f.8359050118E493E9D810750CB1F2C9B3.d.C4EE1C598DC9CCB2A6A1D1515DF10363.e.22722"},"setValue",["5/16/25"]]}
RESULT: {"script":"<script> [6424 bytes]","args":[{"element-6066-11e4-a52e-4f735466cecf":"f.8359050118E493E9D810750CB1F2C9B3.d.C4EE1C598DC9CCB2A6A1D1515DF10363.e.22722"},"setValue",["5/16/25"]]}
COMMAND: POST /session/d41a4ef9228655ec76246a5e56c44812/element - {"using":"xpath","value":"//input[@id=\"generalSectionFrg--receiveYard-inner\"]"}
RESULT: {"using":"xpath","value":"//input[@id=\"generalSectionFrg--receiveYard-inner\"]"}
COMMAND: POST /session/d41a4ef9228655ec76246a5e56c44812/element/f.8359050118E493E9D810750CB1F2C9B3.d.C4EE1C598DC9CCB2A6A1D1515DF10363.e.22726/clear - {}
RESULT: {}
COMMAND: POST /session/d41a4ef9228655ec76246a5e56c44812/element/f.8359050118E493E9D810750CB1F2C9B3.d.C4EE1C598DC9CCB2A6A1D1515DF10363.e.22726/value - {"text":"471"}
COMMAND: GET /session/d41a4ef9228655ec76246a5e56c44812/screenshot - {}
RESULT: {"text":"471"}
COMMAND: GET /session/d41a4ef9228655ec76246a5e56c44812/screenshot - {}
RESULT: {}
RESULT: {}
COMMAND: POST /session/d41a4ef9228655ec76246a5e56c44812/element - {"using":"xpath","value":"//li[.//span[text()='471']]"}
RESULT: {"using":"xpath","value":"//li[.//span[text()='471']]"}
COMMAND: POST /session/d41a4ef9228655ec76246a5e56c44812/element/f.8359050118E493E9D810750CB1F2C9B3.d.C4EE1C598DC9CCB2A6A1D1515DF10363.e.22744/click - {}
RESULT: {}
COMMAND: GET /session/d41a4ef9228655ec76246a5e56c44812/screenshot - {}
RESULT: {}
COMMAND: POST /session/d41a4ef9228655ec76246a5e56c44812/execute/async - {"script":"<script> [1562 bytes]","args":[{"selector":{"id":"application-managehandovers-display-component---AddNewHO--ObjectPageLayout-anchBar-application-managehandovers-display-component---AddNewHO--section4-anchor","interaction":{"idSuffix":"BDI-content"}},"wdio_ui5_key":"applicationmanagehandovers-display-component---AddNewHO--ObjectPageLayout-anchBar-application-managehandovers-display-component---AddNewHO--section4-anchor"}]}
RESULT: {"script":"<script> [1562 bytes]","args":[{"selector":{"id":"application-managehandovers-display-component---AddNewHO--ObjectPageLayout-anchBar-application-managehandovers-display-component---AddNewHO--section4-anchor","interaction":{"idSuffix":"BDI-content"}},"wdio_ui5_key":"applicationmanagehandovers-display-component---AddNewHO--ObjectPageLayout-anchBar-application-managehandovers-display-component---AddNewHO--section4-anchor"}]}
RESULT: undefined
COMMAND: POST /session/d41a4ef9228655ec76246a5e56c44812/element - {"using":"xpath","value":"//*[@id=\"application-managehandovers-display-component---AddNewHO--ObjectPageLayout-anchBar-application-managehandovers-display-component---AddNewHO--section4-anchor\"]"}
RESULT: {"using":"xpath","value":"//*[@id=\"application-managehandovers-display-component---AddNewHO--ObjectPageLayout-anchBar-application-managehandovers-display-component---AddNewHO--section4-anchor\"]"}
COMMAND: POST /session/d41a4ef9228655ec76246a5e56c44812/element/f.8359050118E493E9D810750CB1F2C9B3.d.C4EE1C598DC9CCB2A6A1D1515DF10363.e.22746/click - {}
RESULT: {}
COMMAND: POST /session/d41a4ef9228655ec76246a5e56c44812/element - {"using":"xpath","value":"//button[@aria-label=\"Add\"]"}
COMMAND: GET /session/d41a4ef9228655ec76246a5e56c44812/screenshot - {}
RESULT: {"using":"xpath","value":"//button[@aria-label=\"Add\"]"}
COMMAND: POST /session/d41a4ef9228655ec76246a5e56c44812/element/f.8359050118E493E9D810750CB1F2C9B3.d.C4EE1C598DC9CCB2A6A1D1515DF10363.e.22748/click - {}
RESULT: {}
RESULT: {}
COMMAND: GET /session/d41a4ef9228655ec76246a5e56c44812/screenshot - {}
RESULT: {}
COMMAND: POST /session/d41a4ef9228655ec76246a5e56c44812/execute/async - {"script":"<script> [1562 bytes]","args":[{"selector":{"id":"application-managehandovers-display-component---AddNewHO--smartFilterBar-btnBasicSearch","searchOpenDialogs":true,"interaction":{"idSuffix":"I"}},"wdio_ui5_key":"applicationmanagehandovers-display-component---AddNewHO--smartFilterBar-btnBasicSearch"}]}
RESULT: {"script":"<script> [1562 bytes]","args":[{"selector":{"id":"application-managehandovers-display-component---AddNewHO--smartFilterBar-btnBasicSearch","searchOpenDialogs":true,"interaction":{"idSuffix":"I"}},"wdio_ui5_key":"applicationmanagehandovers-display-component---AddNewHO--smartFilterBar-btnBasicSearch"}]}
RESULT: undefined
COMMAND: POST /session/d41a4ef9228655ec76246a5e56c44812/execute/async - {"script":"<script> [776 bytes]","args":[{"enterText":"200242","selector":{"id":"application-managehandovers-display-component---AddNewHO--smartFilterBar-btnBasicSearch","searchOpenDialogs":true,"interaction":{"idSuffix":"I"}},"clearTextFirst":true,"interactionType":"ENTER_TEXT"}]}
RESULT: {"script":"<script> [776 bytes]","args":[{"enterText":"200242","selector":{"id":"application-managehandovers-display-component---AddNewHO--smartFilterBar-btnBasicSearch","searchOpenDialogs":true,"interaction":{"idSuffix":"I"}},"clearTextFirst":true,"interactionType":"ENTER_TEXT"}]}
COMMAND: POST /session/d41a4ef9228655ec76246a5e56c44812/actions - {"actions":[{"id":"action76","type":"key","parameters":{},"actions":[{"type":"keyDown","value":"î€‡"},{"type":"pause","duration":10},{"type":"keyUp","value":"î€‡"}]}]}
RESULT: {"actions":[{"id":"action76","type":"key","parameters":{},"actions":[{"type":"keyDown","value":"î€‡"},{"type":"pause","duration":10},{"type":"keyUp","value":"î€‡"}]}]}
COMMAND: GET /session/d41a4ef9228655ec76246a5e56c44812/screenshot - {}
RESULT: {}
COMMAND: POST /session/d41a4ef9228655ec76246a5e56c44812/execute/async - {"script":"<script> [1562 bytes]","args":[{"selector":{"id":"application-managehandovers-display-component---AddNewHO--popup-sa","searchOpenDialogs":true,"interaction":{"idSuffix":"CbBg"}},"wdio_ui5_key":"applicationmanagehandovers-display-component---AddNewHO--popup-sa"}]}
RESULT: {"script":"<script> [1562 bytes]","args":[{"selector":{"id":"application-managehandovers-display-component---AddNewHO--popup-sa","searchOpenDialogs":true,"interaction":{"idSuffix":"CbBg"}},"wdio_ui5_key":"applicationmanagehandovers-display-component---AddNewHO--popup-sa"}]}
RESULT: undefined
COMMAND: POST /session/d41a4ef9228655ec76246a5e56c44812/element - {"using":"xpath","value":"//*[@id=\"application-managehandovers-display-component---AddNewHO--popup-sa\"]"}
RESULT: {"using":"xpath","value":"//*[@id=\"application-managehandovers-display-component---AddNewHO--popup-sa\"]"}
COMMAND: POST /session/d41a4ef9228655ec76246a5e56c44812/element/f.8359050118E493E9D810750CB1F2C9B3.d.C4EE1C598DC9CCB2A6A1D1515DF10363.e.22900/click - {}
RESULT: {}
COMMAND: GET /session/d41a4ef9228655ec76246a5e56c44812/screenshot - {}
RESULT: {}
COMMAND: POST /session/d41a4ef9228655ec76246a5e56c44812/element - {"using":"xpath","value":"//bdi[contains(text(), \"Select\")]"}
RESULT: {"using":"xpath","value":"//bdi[contains(text(), \"Select\")]"}
COMMAND: POST /session/d41a4ef9228655ec76246a5e56c44812/element/f.8359050118E493E9D810750CB1F2C9B3.d.C4EE1C598DC9CCB2A6A1D1515DF10363.e.22901/click - {}
RESULT: {}
COMMAND: GET /session/d41a4ef9228655ec76246a5e56c44812/screenshot - {}
RESULT: {}
COMMAND: POST /session/d41a4ef9228655ec76246a5e56c44812/element - {"using":"xpath","value":"//button[@data-kt=\"AddNewHOSaveButton\"]"}
RESULT: {"using":"xpath","value":"//button[@data-kt=\"AddNewHOSaveButton\"]"}
COMMAND: POST /session/d41a4ef9228655ec76246a5e56c44812/element/f.8359050118E493E9D810750CB1F2C9B3.d.C4EE1C598DC9CCB2A6A1D1515DF10363.e.22905/click - {}
RESULT: {}
COMMAND: GET /session/d41a4ef9228655ec76246a5e56c44812/screenshot - {}
RESULT: {}
COMMAND: POST /session/d41a4ef9228655ec76246a5e56c44812/execute/async - {"script":"<script> [1562 bytes]","args":[{"selector":{"id":"receiptDatePicker","viewName":"etm.portal.ui.managehandovers.view.DetailExecuteHO","interaction":{"idSuffix":"inner"}},"wdio_ui5_key":"receiptDatePickeretmportal.ui.managehandovers.view.DetailExecuteHO"}]}
RESULT: {"script":"<script> [1562 bytes]","args":[{"selector":{"id":"receiptDatePicker","viewName":"etm.portal.ui.managehandovers.view.DetailExecuteHO","interaction":{"idSuffix":"inner"}},"wdio_ui5_key":"receiptDatePickeretmportal.ui.managehandovers.view.DetailExecuteHO"}]}
RESULT: undefined
COMMAND: POST /session/d41a4ef9228655ec76246a5e56c44812/execute/async - {"script":"<script> [6424 bytes]","args":[{"element-6066-11e4-a52e-4f735466cecf":"f.8359050118E493E9D810750CB1F2C9B3.d.C4EE1C598DC9CCB2A6A1D1515DF10363.e.22927"},"setValue",["5/16/25"]]}
RESULT: {"script":"<script> [6424 bytes]","args":[{"element-6066-11e4-a52e-4f735466cecf":"f.8359050118E493E9D810750CB1F2C9B3.d.C4EE1C598DC9CCB2A6A1D1515DF10363.e.22927"},"setValue",["5/16/25"]]}
COMMAND: POST /session/d41a4ef9228655ec76246a5e56c44812/element - {"using":"xpath","value":"//button[@data-kt=\"PickingTableConfirmAllButton\"]"}
RESULT: {"using":"xpath","value":"//button[@data-kt=\"PickingTableConfirmAllButton\"]"}
COMMAND: POST /session/d41a4ef9228655ec76246a5e56c44812/element/f.8359050118E493E9D810750CB1F2C9B3.d.C4EE1C598DC9CCB2A6A1D1515DF10363.e.22944/click - {}
RESULT: {}
COMMAND: GET /session/d41a4ef9228655ec76246a5e56c44812/screenshot - {}
RESULT: {}
COMMAND: POST /session/d41a4ef9228655ec76246a5e56c44812/element - {"using":"xpath","value":"//bdi[contains(text(), \"OK\")]"}
RESULT: {"using":"xpath","value":"//bdi[contains(text(), \"OK\")]"}
COMMAND: POST /session/d41a4ef9228655ec76246a5e56c44812/element/f.8359050118E493E9D810750CB1F2C9B3.d.C4EE1C598DC9CCB2A6A1D1515DF10363.e.22946/click - {}
RESULT: {}
COMMAND: GET /session/d41a4ef9228655ec76246a5e56c44812/screenshot - {}
RESULT: {}
COMMAND: POST /session/d41a4ef9228655ec76246a5e56c44812/element - {"using":"xpath","value":"(//bdi[contains(text(), \"Receive\")])[2]"}
RESULT: {"using":"xpath","value":"(//bdi[contains(text(), \"Receive\")])[2]"}
COMMAND: POST /session/d41a4ef9228655ec76246a5e56c44812/element/f.8359050118E493E9D810750CB1F2C9B3.d.C4EE1C598DC9CCB2A6A1D1515DF10363.e.22948/click - {}
RESULT: {}
COMMAND: GET /session/d41a4ef9228655ec76246a5e56c44812/screenshot - {}
RESULT: {}
COMMAND: POST /session/d41a4ef9228655ec76246a5e56c44812/element - {"using":"css selector","value":"#shell-header-logo"}
RESULT: {"using":"css selector","value":"#shell-header-logo"}
COMMAND: POST /session/d41a4ef9228655ec76246a5e56c44812/element/f.8359050118E493E9D810750CB1F2C9B3.d.C4EE1C598DC9CCB2A6A1D1515DF10363.e.22331/click - {}
RESULT: {}
COMMAND: GET /session/d41a4ef9228655ec76246a5e56c44812/screenshot - {}
RESULT: {}
]]></system-out>
    </testcase>
    <testcase classname="chrome.136_0_7103_93.windows.Create_masterdata_for_Yard_Overview_-_trigger_provide_US130988" name="Set status to defect" time="59.038">
      <system-out><![CDATA[
COMMAND: POST /session/d41a4ef9228655ec76246a5e56c44812/execute/async - {"script":"<script> [1562 bytes]","args":[{"selector":{"controlType":"sap.m.GenericTile","properties":{"header":"Manage States & Performance"}},"wdio_ui5_key":"sapm.GenericTile{\"header\":\"Manage States & Performance\"}"}]}
RESULT: {"script":"<script> [1562 bytes]","args":[{"selector":{"controlType":"sap.m.GenericTile","properties":{"header":"Manage States & Performance"}},"wdio_ui5_key":"sapm.GenericTile{\"header\":\"Manage States & Performance\"}"}]}
RESULT: undefined
COMMAND: POST /session/d41a4ef9228655ec76246a5e56c44812/element - {"using":"xpath","value":"//*[@id=\"__tile96\"]"}
RESULT: {"using":"xpath","value":"//*[@id=\"__tile96\"]"}
COMMAND: POST /session/d41a4ef9228655ec76246a5e56c44812/element/f.8359050118E493E9D810750CB1F2C9B3.d.C4EE1C598DC9CCB2A6A1D1515DF10363.e.21393/click - {}
RESULT: {}
COMMAND: GET /session/d41a4ef9228655ec76246a5e56c44812/screenshot - {}
RESULT: {}
COMMAND: POST /session/d41a4ef9228655ec76246a5e56c44812/elements - {"using":"xpath","value":"//span[text()='Error']"}
RESULT: {"using":"xpath","value":"//span[text()='Error']"}
COMMAND: POST /session/d41a4ef9228655ec76246a5e56c44812/execute/async - {"script":"<script> [1562 bytes]","args":[{"selector":{"controlType":"sap.ui.core.Icon","viewName":"etm.portal.ui.managestatesandperformance.view.Master","viewId":"application-managestatesandperformance-display-component---stateAndPerform","properties":{"src":{"regex":{"source":"inventory"}}}},"wdio_ui5_key":"etmportal.ui.managestatesandperformance.view.Mastersap.ui.core.Icon{\"src\":{\"regex\":{\"source\":\"inventory\"}}}"}]}
RESULT: {"script":"<script> [1562 bytes]","args":[{"selector":{"controlType":"sap.ui.core.Icon","viewName":"etm.portal.ui.managestatesandperformance.view.Master","viewId":"application-managestatesandperformance-display-component---stateAndPerform","properties":{"src":{"regex":{"source":"inventory"}}}},"wdio_ui5_key":"etmportal.ui.managestatesandperformance.view.Mastersap.ui.core.Icon{\"src\":{\"regex\":{\"source\":\"inventory\"}}}"}]}
RESULT: undefined
COMMAND: POST /session/d41a4ef9228655ec76246a5e56c44812/element - {"using":"xpath","value":"//*[@id=\"__filter57-icon\"]"}
RESULT: {"using":"xpath","value":"//*[@id=\"__filter57-icon\"]"}
COMMAND: POST /session/d41a4ef9228655ec76246a5e56c44812/element/f.8359050118E493E9D810750CB1F2C9B3.d.C4EE1C598DC9CCB2A6A1D1515DF10363.e.23189/click - {}
RESULT: {}
COMMAND: POST /session/d41a4ef9228655ec76246a5e56c44812/execute/async - {"script":"<script> [1562 bytes]","args":[{"selector":{"id":"application-managestatesandperformance-display-component---stateAndPerform--smartFilterBarYard-btnBasicSearch","interaction":{"idSuffix":"I"}},"wdio_ui5_key":"applicationmanagestatesandperformance-display-component---stateAndPerform--smartFilterBarYard-btnBasicSearch"}]}
COMMAND: GET /session/d41a4ef9228655ec76246a5e56c44812/screenshot - {}
RESULT: {"script":"<script> [1562 bytes]","args":[{"selector":{"id":"application-managestatesandperformance-display-component---stateAndPerform--smartFilterBarYard-btnBasicSearch","interaction":{"idSuffix":"I"}},"wdio_ui5_key":"applicationmanagestatesandperformance-display-component---stateAndPerform--smartFilterBarYard-btnBasicSearch"}]}
RESULT: undefined
COMMAND: POST /session/d41a4ef9228655ec76246a5e56c44812/execute/async - {"script":"<script> [776 bytes]","args":[{"enterText":"200242","selector":{"id":"application-managestatesandperformance-display-component---stateAndPerform--smartFilterBarYard-btnBasicSearch","interaction":{"idSuffix":"I"}},"clearTextFirst":true,"interactionType":"ENTER_TEXT"}]}
RESULT: {}
RESULT: {"script":"<script> [776 bytes]","args":[{"enterText":"200242","selector":{"id":"application-managestatesandperformance-display-component---stateAndPerform--smartFilterBarYard-btnBasicSearch","interaction":{"idSuffix":"I"}},"clearTextFirst":true,"interactionType":"ENTER_TEXT"}]}
COMMAND: POST /session/d41a4ef9228655ec76246a5e56c44812/actions - {"actions":[{"id":"action77","type":"key","parameters":{},"actions":[{"type":"keyDown","value":"î€‡"},{"type":"pause","duration":10},{"type":"keyUp","value":"î€‡"}]}]}
RESULT: {"actions":[{"id":"action77","type":"key","parameters":{},"actions":[{"type":"keyDown","value":"î€‡"},{"type":"pause","duration":10},{"type":"keyUp","value":"î€‡"}]}]}
COMMAND: GET /session/d41a4ef9228655ec76246a5e56c44812/screenshot - {}
RESULT: {}
COMMAND: POST /session/d41a4ef9228655ec76246a5e56c44812/element - {"using":"xpath","value":"(//span[contains(@id, \"imgNav\")])[1]"}
RESULT: {"using":"xpath","value":"(//span[contains(@id, \"imgNav\")])[1]"}
COMMAND: POST /session/d41a4ef9228655ec76246a5e56c44812/element/f.8359050118E493E9D810750CB1F2C9B3.d.C4EE1C598DC9CCB2A6A1D1515DF10363.e.23269/click - {}
RESULT: {}
COMMAND: GET /session/d41a4ef9228655ec76246a5e56c44812/screenshot - {}
RESULT: {}
COMMAND: POST /session/d41a4ef9228655ec76246a5e56c44812/execute/async - {"script":"<script> [1562 bytes]","args":[{"selector":{"controlType":"sap.m.Button","viewName":"etm.portal.ui.managestatesandperformance.view.Detail","viewId":"application-managestatesandperformance-display-component---detailStateAndPerform","i18NText":{"propertyName":"text","key":"createStateChange"},"interaction":{"idSuffix":"content"}},"wdio_ui5_key":"etmportal.ui.managestatesandperformance.view.Detailsap.m.Button{\"propertyName\":\"text\",\"key\":\"createStateChange\"}"}]}
RESULT: {"script":"<script> [1562 bytes]","args":[{"selector":{"controlType":"sap.m.Button","viewName":"etm.portal.ui.managestatesandperformance.view.Detail","viewId":"application-managestatesandperformance-display-component---detailStateAndPerform","i18NText":{"propertyName":"text","key":"createStateChange"},"interaction":{"idSuffix":"content"}},"wdio_ui5_key":"etmportal.ui.managestatesandperformance.view.Detailsap.m.Button{\"propertyName\":\"text\",\"key\":\"createStateChange\"}"}]}
RESULT: undefined
COMMAND: POST /session/d41a4ef9228655ec76246a5e56c44812/element - {"using":"xpath","value":"//*[@id=\"__button163\"]"}
RESULT: {"using":"xpath","value":"//*[@id=\"__button163\"]"}
COMMAND: POST /session/d41a4ef9228655ec76246a5e56c44812/element/f.8359050118E493E9D810750CB1F2C9B3.d.C4EE1C598DC9CCB2A6A1D1515DF10363.e.23314/click - {}
RESULT: {}
COMMAND: GET /session/d41a4ef9228655ec76246a5e56c44812/screenshot - {}
RESULT: {}
COMMAND: POST /session/d41a4ef9228655ec76246a5e56c44812/execute/async - {"script":"<script> [1562 bytes]","args":[{"selector":{"id":"addStateDialog--stateSelect","searchOpenDialogs":true,"interaction":{"idSuffix":"arrow"}},"wdio_ui5_key":"addStateDialogstateSelect"}]}
RESULT: {"script":"<script> [1562 bytes]","args":[{"selector":{"id":"addStateDialog--stateSelect","searchOpenDialogs":true,"interaction":{"idSuffix":"arrow"}},"wdio_ui5_key":"addStateDialogstateSelect"}]}
RESULT: undefined
COMMAND: POST /session/d41a4ef9228655ec76246a5e56c44812/element - {"using":"xpath","value":"//*[@id=\"addStateDialog--stateSelect\"]"}
RESULT: {"using":"xpath","value":"//*[@id=\"addStateDialog--stateSelect\"]"}
COMMAND: POST /session/d41a4ef9228655ec76246a5e56c44812/element/f.8359050118E493E9D810750CB1F2C9B3.d.C4EE1C598DC9CCB2A6A1D1515DF10363.e.23347/click - {}
RESULT: {}
COMMAND: GET /session/d41a4ef9228655ec76246a5e56c44812/screenshot - {}
RESULT: {}
COMMAND: POST /session/d41a4ef9228655ec76246a5e56c44812/element - {"using":"xpath","value":"//li[text()=\"defect\"]"}
RESULT: {"using":"xpath","value":"//li[text()=\"defect\"]"}
COMMAND: POST /session/d41a4ef9228655ec76246a5e56c44812/element/f.8359050118E493E9D810750CB1F2C9B3.d.C4EE1C598DC9CCB2A6A1D1515DF10363.e.23349/click - {}
RESULT: {}
COMMAND: GET /session/d41a4ef9228655ec76246a5e56c44812/screenshot - {}
RESULT: {}
COMMAND: POST /session/d41a4ef9228655ec76246a5e56c44812/element - {"using":"xpath","value":"//span[contains(@id,\"incrementBtn\")]"}
RESULT: {"using":"xpath","value":"//span[contains(@id,\"incrementBtn\")]"}
COMMAND: POST /session/d41a4ef9228655ec76246a5e56c44812/element/f.8359050118E493E9D810750CB1F2C9B3.d.C4EE1C598DC9CCB2A6A1D1515DF10363.e.23351/click - {}
RESULT: {}
COMMAND: GET /session/d41a4ef9228655ec76246a5e56c44812/screenshot - {}
RESULT: {}
COMMAND: POST /session/d41a4ef9228655ec76246a5e56c44812/element - {"using":"xpath","value":"//button[@data-kt=\"confirmAddStateButton\"]"}
RESULT: {"using":"xpath","value":"//button[@data-kt=\"confirmAddStateButton\"]"}
COMMAND: POST /session/d41a4ef9228655ec76246a5e56c44812/element/f.8359050118E493E9D810750CB1F2C9B3.d.C4EE1C598DC9CCB2A6A1D1515DF10363.e.23352/click - {}
RESULT: {}
COMMAND: GET /session/d41a4ef9228655ec76246a5e56c44812/screenshot - {}
RESULT: {}
COMMAND: POST /session/d41a4ef9228655ec76246a5e56c44812/element - {"using":"css selector","value":"#shell-header-logo"}
RESULT: {"using":"css selector","value":"#shell-header-logo"}
COMMAND: POST /session/d41a4ef9228655ec76246a5e56c44812/element/f.8359050118E493E9D810750CB1F2C9B3.d.C4EE1C598DC9CCB2A6A1D1515DF10363.e.23122/click - {}
RESULT: {}
COMMAND: GET /session/d41a4ef9228655ec76246a5e56c44812/screenshot - {}
RESULT: {}
]]></system-out>
    </testcase>
    <testcase classname="chrome.136_0_7103_93.windows.Create_masterdata_for_Yard_Overview_-_trigger_provide_US130988" name="Should do a Stock Decrease" time="110.735">
      <system-out><![CDATA[
RESULT: undefined
COMMAND: POST /session/d41a4ef9228655ec76246a5e56c44812/element - {"using":"xpath","value":"//*[@id=\"__tile133\"]"}
RESULT: {"using":"xpath","value":"//*[@id=\"__tile133\"]"}
COMMAND: POST /session/d41a4ef9228655ec76246a5e56c44812/element/f.8359050118E493E9D810750CB1F2C9B3.d.C4EE1C598DC9CCB2A6A1D1515DF10363.e.21348/click - {}
RESULT: {}
COMMAND: GET /session/d41a4ef9228655ec76246a5e56c44812/screenshot - {}
RESULT: {}
COMMAND: POST /session/d41a4ef9228655ec76246a5e56c44812/elements - {"using":"xpath","value":"//span[text()='Error']"}
RESULT: {"using":"xpath","value":"//span[text()='Error']"}
COMMAND: POST /session/d41a4ef9228655ec76246a5e56c44812/element - {"using":"xpath","value":"//button[@data-kt=\"masterHOAddButton\"]"}
RESULT: {"using":"xpath","value":"//button[@data-kt=\"masterHOAddButton\"]"}
COMMAND: POST /session/d41a4ef9228655ec76246a5e56c44812/elements - {"using":"xpath","value":"//button[@data-kt=\"masterHOAddButton\"]"}
RESULT: {"using":"xpath","value":"//button[@data-kt=\"masterHOAddButton\"]"}
COMMAND: POST /session/d41a4ef9228655ec76246a5e56c44812/execute/sync - {"script":"<script> [8489 bytes]","args":[{"element-6066-11e4-a52e-4f735466cecf":"f.8359050118E493E9D810750CB1F2C9B3.d.C4EE1C598DC9CCB2A6A1D1515DF10363.e.23414","ELEMENT":"f.8359050118E493E9D810750CB1F2C9B3.d.C4EE1C598DC9CCB2A6A1D1515DF10363.e.23414"}]}
RESULT: {"script":"<script> [8489 bytes]","args":[{"element-6066-11e4-a52e-4f735466cecf":"f.8359050118E493E9D810750CB1F2C9B3.d.C4EE1C598DC9CCB2A6A1D1515DF10363.e.23414","ELEMENT":"f.8359050118E493E9D810750CB1F2C9B3.d.C4EE1C598DC9CCB2A6A1D1515DF10363.e.23414"}]}
COMMAND: GET /session/d41a4ef9228655ec76246a5e56c44812/element/f.8359050118E493E9D810750CB1F2C9B3.d.C4EE1C598DC9CCB2A6A1D1515DF10363.e.23414/enabled - {}
COMMAND: GET /session/d41a4ef9228655ec76246a5e56c44812/screenshot - {}
RESULT: {}
COMMAND: POST /session/d41a4ef9228655ec76246a5e56c44812/execute/sync - {"script":"<script> [8489 bytes]","args":[{"element-6066-11e4-a52e-4f735466cecf":"f.8359050118E493E9D810750CB1F2C9B3.d.C4EE1C598DC9CCB2A6A1D1515DF10363.e.23414","ELEMENT":"f.8359050118E493E9D810750CB1F2C9B3.d.C4EE1C598DC9CCB2A6A1D1515DF10363.e.23414"}]}
COMMAND: GET /session/d41a4ef9228655ec76246a5e56c44812/screenshot - {}
RESULT: {}
RESULT: {"script":"<script> [8489 bytes]","args":[{"element-6066-11e4-a52e-4f735466cecf":"f.8359050118E493E9D810750CB1F2C9B3.d.C4EE1C598DC9CCB2A6A1D1515DF10363.e.23414","ELEMENT":"f.8359050118E493E9D810750CB1F2C9B3.d.C4EE1C598DC9CCB2A6A1D1515DF10363.e.23414"}]}
COMMAND: POST /session/d41a4ef9228655ec76246a5e56c44812/execute/sync - {"script":"<script> [5351 bytes]","args":[{"element-6066-11e4-a52e-4f735466cecf":"f.8359050118E493E9D810750CB1F2C9B3.d.C4EE1C598DC9CCB2A6A1D1515DF10363.e.23414","ELEMENT":"f.8359050118E493E9D810750CB1F2C9B3.d.C4EE1C598DC9CCB2A6A1D1515DF10363.e.23414"}]}
COMMAND: GET /session/d41a4ef9228655ec76246a5e56c44812/screenshot - {}
RESULT: {}
RESULT: {"script":"<script> [5351 bytes]","args":[{"element-6066-11e4-a52e-4f735466cecf":"f.8359050118E493E9D810750CB1F2C9B3.d.C4EE1C598DC9CCB2A6A1D1515DF10363.e.23414","ELEMENT":"f.8359050118E493E9D810750CB1F2C9B3.d.C4EE1C598DC9CCB2A6A1D1515DF10363.e.23414"}]}
COMMAND: POST /session/d41a4ef9228655ec76246a5e56c44812/element/f.8359050118E493E9D810750CB1F2C9B3.d.C4EE1C598DC9CCB2A6A1D1515DF10363.e.23414/click - {}
COMMAND: GET /session/d41a4ef9228655ec76246a5e56c44812/screenshot - {}
RESULT: {}
RESULT: {}
COMMAND: GET /session/d41a4ef9228655ec76246a5e56c44812/screenshot - {}
RESULT: {}
COMMAND: POST /session/d41a4ef9228655ec76246a5e56c44812/element - {"using":"xpath","value":"//span[contains(@id ,\"AddNewHO--typeSelect-arrow\")]"}
RESULT: {}
RESULT: {"using":"xpath","value":"//span[contains(@id ,\"AddNewHO--typeSelect-arrow\")]"}
COMMAND: POST /session/d41a4ef9228655ec76246a5e56c44812/element/f.8359050118E493E9D810750CB1F2C9B3.d.C4EE1C598DC9CCB2A6A1D1515DF10363.e.23817/click - {}
RESULT: {}
COMMAND: GET /session/d41a4ef9228655ec76246a5e56c44812/screenshot - {}
RESULT: {}
COMMAND: POST /session/d41a4ef9228655ec76246a5e56c44812/element - {"using":"xpath","value":"(//li[contains(text(), \"stock decrease yard\")])[1]"}
RESULT: {"using":"xpath","value":"(//li[contains(text(), \"stock decrease yard\")])[1]"}
COMMAND: POST /session/d41a4ef9228655ec76246a5e56c44812/element/f.8359050118E493E9D810750CB1F2C9B3.d.C4EE1C598DC9CCB2A6A1D1515DF10363.e.23818/click - {}
RESULT: {}
COMMAND: GET /session/d41a4ef9228655ec76246a5e56c44812/screenshot - {}
RESULT: {}
RESULT: undefined
COMMAND: POST /session/d41a4ef9228655ec76246a5e56c44812/execute/async - {"script":"<script> [6424 bytes]","args":[{"element-6066-11e4-a52e-4f735466cecf":"f.8359050118E493E9D810750CB1F2C9B3.d.C4EE1C598DC9CCB2A6A1D1515DF10363.e.22722"},"setValue",["5/16/25"]]}
COMMAND: POST /session/d41a4ef9228655ec76246a5e56c44812/execute/async - {"script":"<script> [1562 bytes]","args":[{"selector":{"id":"application-managehandovers-display-component---AddNewHO--dueDate","interaction":{"idSuffix":"inner"}},"wdio_ui5_key":"applicationmanagehandovers-display-component---AddNewHO--dueDate"}]}
RESULT: {"script":"<script> [1562 bytes]","args":[{"selector":{"id":"application-managehandovers-display-component---AddNewHO--dueDate","interaction":{"idSuffix":"inner"}},"wdio_ui5_key":"applicationmanagehandovers-display-component---AddNewHO--dueDate"}]}
COMMAND: POST /session/d41a4ef9228655ec76246a5e56c44812/execute/async - {"script":"<script> [6424 bytes]","args":[{"element-6066-11e4-a52e-4f735466cecf":"f.8359050118E493E9D810750CB1F2C9B3.d.C4EE1C598DC9CCB2A6A1D1515DF10363.e.23832"},"setValue",["5/16/25"]]}
RESULT: {"script":"<script> [6424 bytes]","args":[{"element-6066-11e4-a52e-4f735466cecf":"f.8359050118E493E9D810750CB1F2C9B3.d.C4EE1C598DC9CCB2A6A1D1515DF10363.e.23832"},"setValue",["5/16/25"]]}
COMMAND: POST /session/d41a4ef9228655ec76246a5e56c44812/element - {"using":"xpath","value":"//input[@id=\"generalSectionFrg--sendYard-inner\"]"}
RESULT: {"using":"xpath","value":"//input[@id=\"generalSectionFrg--sendYard-inner\"]"}
COMMAND: POST /session/d41a4ef9228655ec76246a5e56c44812/element/f.8359050118E493E9D810750CB1F2C9B3.d.C4EE1C598DC9CCB2A6A1D1515DF10363.e.23836/clear - {}
RESULT: {}
COMMAND: POST /session/d41a4ef9228655ec76246a5e56c44812/element/f.8359050118E493E9D810750CB1F2C9B3.d.C4EE1C598DC9CCB2A6A1D1515DF10363.e.23836/value - {"text":"471"}
COMMAND: GET /session/d41a4ef9228655ec76246a5e56c44812/screenshot - {}
RESULT: {"text":"471"}
COMMAND: GET /session/d41a4ef9228655ec76246a5e56c44812/screenshot - {}
RESULT: {}
RESULT: {}
COMMAND: POST /session/d41a4ef9228655ec76246a5e56c44812/element - {"using":"xpath","value":"//li[.//span[text()='471']]"}
RESULT: {"using":"xpath","value":"//li[.//span[text()='471']]"}
COMMAND: POST /session/d41a4ef9228655ec76246a5e56c44812/element/f.8359050118E493E9D810750CB1F2C9B3.d.C4EE1C598DC9CCB2A6A1D1515DF10363.e.23854/click - {}
RESULT: {}
COMMAND: GET /session/d41a4ef9228655ec76246a5e56c44812/screenshot - {}
RESULT: {}
COMMAND: POST /session/d41a4ef9228655ec76246a5e56c44812/execute/async - {"script":"<script> [1562 bytes]","args":[{"selector":{"controlType":"sap.ui.core.Icon","viewName":"etm.portal.ui.managehandovers.view.AddNewHO","viewId":"application-managehandovers-display-component---AddNewHO","properties":{"src":{"regex":{"source":"slim\\-arrow\\-down"}}},"ancestor":{"controlType":"etm.portal.ui.reusables.customControls.LiveSearchComboBox","viewName":"etm.portal.ui.managehandovers.view.AddNewHO","viewId":"application-managehandovers-display-component---AddNewHO","bindingPath":{"path":"","propertyPath":"/FORWARDER","modelName":"hoItemsModel"}}},"wdio_ui5_key":"etmportal.ui.managehandovers.view.AddNewHOsap.ui.core.Icon{\"src\":{\"regex\":{\"source\":\"slim\\\\-arrow\\\\-down\"}}}{\"controlType\":\"etm.portal.ui.reusables.customControls.LiveSearchComboBox\",\"viewName\":\"etm.portal.ui.managehandovers.view.AddNewHO\",\"viewId\":\"application-managehandovers-display-component---AddNewHO\",\"bindingPath\":{\"path\":\"\",\"propertyPath\":\"/FORWARDER\",\"modelName\":\"hoItemsModel\"}}"}]}
RESULT: {"script":"<script> [1562 bytes]","args":[{"selector":{"controlType":"sap.ui.core.Icon","viewName":"etm.portal.ui.managehandovers.view.AddNewHO","viewId":"application-managehandovers-display-component---AddNewHO","properties":{"src":{"regex":{"source":"slim\\-arrow\\-down"}}},"ancestor":{"controlType":"etm.portal.ui.reusables.customControls.LiveSearchComboBox","viewName":"etm.portal.ui.managehandovers.view.AddNewHO","viewId":"application-managehandovers-display-component---AddNewHO","bindingPath":{"path":"","propertyPath":"/FORWARDER","modelName":"hoItemsModel"}}},"wdio_ui5_key":"etmportal.ui.managehandovers.view.AddNewHOsap.ui.core.Icon{\"src\":{\"regex\":{\"source\":\"slim\\\\-arrow\\\\-down\"}}}{\"controlType\":\"etm.portal.ui.reusables.customControls.LiveSearchComboBox\",\"viewName\":\"etm.portal.ui.managehandovers.view.AddNewHO\",\"viewId\":\"application-managehandovers-display-component---AddNewHO\",\"bindingPath\":{\"path\":\"\",\"propertyPath\":\"/FORWARDER\",\"modelName\":\"hoItemsModel\"}}"}]}
RESULT: undefined
COMMAND: POST /session/d41a4ef9228655ec76246a5e56c44812/element - {"using":"xpath","value":"//*[@id=\"__box41-arrow\"]"}
RESULT: {"using":"xpath","value":"//*[@id=\"__box41-arrow\"]"}
COMMAND: POST /session/d41a4ef9228655ec76246a5e56c44812/element/f.8359050118E493E9D810750CB1F2C9B3.d.C4EE1C598DC9CCB2A6A1D1515DF10363.e.23855/click - {}
RESULT: {}
COMMAND: GET /session/d41a4ef9228655ec76246a5e56c44812/screenshot - {}
RESULT: {}
COMMAND: POST /session/d41a4ef9228655ec76246a5e56c44812/execute/async - {"script":"<script> [1562 bytes]","args":[{"selector":{"controlType":"sap.m.StandardListItem","viewName":"etm.portal.ui.managehandovers.view.AddNewHO","viewId":"application-managehandovers-display-component---AddNewHO","properties":{"title":"1002 - Test "},"searchOpenDialogs":true,"interaction":{"idSuffix":"content"}},"wdio_ui5_key":"etmportal.ui.managehandovers.view.AddNewHOsap.m.StandardListItem{\"title\":\"1002 - Test \"}"}]}
RESULT: {"script":"<script> [1562 bytes]","args":[{"selector":{"controlType":"sap.m.StandardListItem","viewName":"etm.portal.ui.managehandovers.view.AddNewHO","viewId":"application-managehandovers-display-component---AddNewHO","properties":{"title":"1002 - Test "},"searchOpenDialogs":true,"interaction":{"idSuffix":"content"}},"wdio_ui5_key":"etmportal.ui.managehandovers.view.AddNewHOsap.m.StandardListItem{\"title\":\"1002 - Test \"}"}]}
RESULT: undefined
COMMAND: POST /session/d41a4ef9228655ec76246a5e56c44812/element - {"using":"xpath","value":"//*[@id=\"__item1111\"]"}
RESULT: {"using":"xpath","value":"//*[@id=\"__item1111\"]"}
COMMAND: POST /session/d41a4ef9228655ec76246a5e56c44812/element/f.8359050118E493E9D810750CB1F2C9B3.d.C4EE1C598DC9CCB2A6A1D1515DF10363.e.23858/click - {}
RESULT: {}
COMMAND: GET /session/d41a4ef9228655ec76246a5e56c44812/screenshot - {}
RESULT: {}
COMMAND: POST /session/d41a4ef9228655ec76246a5e56c44812/execute/async - {"script":"<script> [1562 bytes]","args":[{"selector":{"controlType":"sap.m.Input","viewName":"etm.portal.ui.managehandovers.view.AddNewHO","viewId":"application-managehandovers-display-component---AddNewHO","bindingPath":{"path":"","propertyPath":"/DRIVER","modelName":"hoItemsModel"},"interaction":{"idSuffix":"inner"}},"wdio_ui5_key":"etmportal.ui.managehandovers.view.AddNewHOsap.m.Input{\"path\":\"\",\"propertyPath\":\"/DRIVER\",\"modelName\":\"hoItemsModel\"}"}]}
RESULT: {"script":"<script> [1562 bytes]","args":[{"selector":{"controlType":"sap.m.Input","viewName":"etm.portal.ui.managehandovers.view.AddNewHO","viewId":"application-managehandovers-display-component---AddNewHO","bindingPath":{"path":"","propertyPath":"/DRIVER","modelName":"hoItemsModel"},"interaction":{"idSuffix":"inner"}},"wdio_ui5_key":"etmportal.ui.managehandovers.view.AddNewHOsap.m.Input{\"path\":\"\",\"propertyPath\":\"/DRIVER\",\"modelName\":\"hoItemsModel\"}"}]}
RESULT: undefined
COMMAND: POST /session/d41a4ef9228655ec76246a5e56c44812/execute/async - {"script":"<script> [776 bytes]","args":[{"enterText":"StockDecrease Driver","selector":{"controlType":"sap.m.Input","viewName":"etm.portal.ui.managehandovers.view.AddNewHO","viewId":"application-managehandovers-display-component---AddNewHO","bindingPath":{"path":"","propertyPath":"/DRIVER","modelName":"hoItemsModel"},"interaction":{"idSuffix":"inner"}},"clearTextFirst":true,"interactionType":"ENTER_TEXT"}]}
RESULT: {"script":"<script> [776 bytes]","args":[{"enterText":"StockDecrease Driver","selector":{"controlType":"sap.m.Input","viewName":"etm.portal.ui.managehandovers.view.AddNewHO","viewId":"application-managehandovers-display-component---AddNewHO","bindingPath":{"path":"","propertyPath":"/DRIVER","modelName":"hoItemsModel"},"interaction":{"idSuffix":"inner"}},"clearTextFirst":true,"interactionType":"ENTER_TEXT"}]}
COMMAND: POST /session/d41a4ef9228655ec76246a5e56c44812/execute/async - {"script":"<script> [1562 bytes]","args":[{"selector":{"id":"application-managehandovers-display-component---AddNewHO--responsibleCB-arrow"},"wdio_ui5_key":"applicationmanagehandovers-display-component---AddNewHO--responsibleCB-arrow"}]}
RESULT: {"script":"<script> [1562 bytes]","args":[{"selector":{"id":"application-managehandovers-display-component---AddNewHO--responsibleCB-arrow"},"wdio_ui5_key":"applicationmanagehandovers-display-component---AddNewHO--responsibleCB-arrow"}]}
RESULT: undefined
COMMAND: POST /session/d41a4ef9228655ec76246a5e56c44812/element - {"using":"xpath","value":"//*[@id=\"application-managehandovers-display-component---AddNewHO--responsibleCB-arrow\"]"}
RESULT: {"using":"xpath","value":"//*[@id=\"application-managehandovers-display-component---AddNewHO--responsibleCB-arrow\"]"}
COMMAND: POST /session/d41a4ef9228655ec76246a5e56c44812/element/f.8359050118E493E9D810750CB1F2C9B3.d.C4EE1C598DC9CCB2A6A1D1515DF10363.e.23860/click - {}
RESULT: {}
COMMAND: GET /session/d41a4ef9228655ec76246a5e56c44812/screenshot - {}
RESULT: {}
COMMAND: POST /session/d41a4ef9228655ec76246a5e56c44812/execute/async - {"script":"<script> [1562 bytes]","args":[{"selector":{"controlType":"sap.m.StandardListItem","viewName":"etm.portal.ui.managehandovers.view.AddNewHO","viewId":"application-managehandovers-display-component---AddNewHO","properties":{"title":"1 - Test unit Update "},"searchOpenDialogs":true},"wdio_ui5_key":"etmportal.ui.managehandovers.view.AddNewHOsap.m.StandardListItem{\"title\":\"1 - Test unit Update \"}"}]}
RESULT: {"script":"<script> [1562 bytes]","args":[{"selector":{"controlType":"sap.m.StandardListItem","viewName":"etm.portal.ui.managehandovers.view.AddNewHO","viewId":"application-managehandovers-display-component---AddNewHO","properties":{"title":"1 - Test unit Update "},"searchOpenDialogs":true},"wdio_ui5_key":"etmportal.ui.managehandovers.view.AddNewHOsap.m.StandardListItem{\"title\":\"1 - Test unit Update \"}"}]}
RESULT: undefined
COMMAND: POST /session/d41a4ef9228655ec76246a5e56c44812/element - {"using":"xpath","value":"//*[@id=\"__item1210\"]"}
RESULT: {"using":"xpath","value":"//*[@id=\"__item1210\"]"}
COMMAND: POST /session/d41a4ef9228655ec76246a5e56c44812/element/f.8359050118E493E9D810750CB1F2C9B3.d.C4EE1C598DC9CCB2A6A1D1515DF10363.e.23861/click - {}
RESULT: {}
COMMAND: GET /session/d41a4ef9228655ec76246a5e56c44812/screenshot - {}
RESULT: {}
RESULT: undefined
COMMAND: POST /session/d41a4ef9228655ec76246a5e56c44812/element - {"using":"xpath","value":"//*[@id=\"application-managehandovers-display-component---AddNewHO--ObjectPageLayout-anchBar-application-managehandovers-display-component---AddNewHO--section4-anchor\"]"}
RESULT: {"using":"xpath","value":"//*[@id=\"application-managehandovers-display-component---AddNewHO--ObjectPageLayout-anchBar-application-managehandovers-display-component---AddNewHO--section4-anchor\"]"}
COMMAND: POST /session/d41a4ef9228655ec76246a5e56c44812/element/f.8359050118E493E9D810750CB1F2C9B3.d.C4EE1C598DC9CCB2A6A1D1515DF10363.e.23862/click - {}
RESULT: {}
COMMAND: GET /session/d41a4ef9228655ec76246a5e56c44812/screenshot - {}
RESULT: {}
COMMAND: POST /session/d41a4ef9228655ec76246a5e56c44812/execute/async - {"script":"<script> [1562 bytes]","args":[{"selector":{"controlType":"sap.ui.core.Icon","viewName":"etm.portal.ui.managehandovers.view.AddNewHO","viewId":"application-managehandovers-display-component---AddNewHO","properties":{"src":{"regex":{"source":"add"}}}},"wdio_ui5_key":"etmportal.ui.managehandovers.view.AddNewHOsap.ui.core.Icon{\"src\":{\"regex\":{\"source\":\"add\"}}}"}]}
RESULT: {"script":"<script> [1562 bytes]","args":[{"selector":{"controlType":"sap.ui.core.Icon","viewName":"etm.portal.ui.managehandovers.view.AddNewHO","viewId":"application-managehandovers-display-component---AddNewHO","properties":{"src":{"regex":{"source":"add"}}}},"wdio_ui5_key":"etmportal.ui.managehandovers.view.AddNewHOsap.ui.core.Icon{\"src\":{\"regex\":{\"source\":\"add\"}}}"}]}
RESULT: undefined
COMMAND: POST /session/d41a4ef9228655ec76246a5e56c44812/element - {"using":"xpath","value":"//*[@id=\"__button193-img\"]"}
RESULT: {"using":"xpath","value":"//*[@id=\"__button193-img\"]"}
COMMAND: POST /session/d41a4ef9228655ec76246a5e56c44812/element/f.8359050118E493E9D810750CB1F2C9B3.d.C4EE1C598DC9CCB2A6A1D1515DF10363.e.23866/click - {}
RESULT: {}
RESULT: undefined
COMMAND: POST /session/d41a4ef9228655ec76246a5e56c44812/execute/async - {"script":"<script> [776 bytes]","args":[{"enterText":"200242","selector":{"id":"application-managehandovers-display-component---AddNewHO--smartFilterBar-btnBasicSearch","searchOpenDialogs":true,"interaction":{"idSuffix":"I"}},"clearTextFirst":true,"interactionType":"ENTER_TEXT"}]}
COMMAND: GET /session/d41a4ef9228655ec76246a5e56c44812/screenshot - {}
RESULT: {"script":"<script> [776 bytes]","args":[{"enterText":"200242","selector":{"id":"application-managehandovers-display-component---AddNewHO--smartFilterBar-btnBasicSearch","searchOpenDialogs":true,"interaction":{"idSuffix":"I"}},"clearTextFirst":true,"interactionType":"ENTER_TEXT"}]}
RESULT: {}
RESULT: undefined
COMMAND: POST /session/d41a4ef9228655ec76246a5e56c44812/element - {"using":"xpath","value":"//*[@id=\"application-managehandovers-display-component---AddNewHO--popup-sa\"]"}
RESULT: {"using":"xpath","value":"//*[@id=\"application-managehandovers-display-component---AddNewHO--popup-sa\"]"}
COMMAND: POST /session/d41a4ef9228655ec76246a5e56c44812/element/f.8359050118E493E9D810750CB1F2C9B3.d.C4EE1C598DC9CCB2A6A1D1515DF10363.e.23903/click - {}
RESULT: {}
COMMAND: GET /session/d41a4ef9228655ec76246a5e56c44812/screenshot - {}
RESULT: {}
COMMAND: POST /session/d41a4ef9228655ec76246a5e56c44812/element - {"using":"xpath","value":"//*[contains(@id ,\"BDI-content\")][contains(text(), \"Select\")]"}
RESULT: {"using":"xpath","value":"//*[contains(@id ,\"BDI-content\")][contains(text(), \"Select\")]"}
COMMAND: POST /session/d41a4ef9228655ec76246a5e56c44812/element/f.8359050118E493E9D810750CB1F2C9B3.d.C4EE1C598DC9CCB2A6A1D1515DF10363.e.23904/click - {}
RESULT: {}
COMMAND: POST /session/d41a4ef9228655ec76246a5e56c44812/execute/async - {"script":"<script> [1562 bytes]","args":[{"selector":{"controlType":"sap.m.Button","viewName":"etm.portal.ui.managehandovers.view.AddNewHO","viewId":"application-managehandovers-display-component---AddNewHO","bindingPath":{"path":"/items/0","propertyPath":"QUANTITY","modelName":"hoItemsModel"},"interaction":{"idSuffix":"inner"}},"wdio_ui5_key":"etmportal.ui.managehandovers.view.AddNewHOsap.m.Button{\"path\":\"/items/0\",\"propertyPath\":\"QUANTITY\",\"modelName\":\"hoItemsModel\"}"}]}
COMMAND: GET /session/d41a4ef9228655ec76246a5e56c44812/screenshot - {}
RESULT: {"script":"<script> [1562 bytes]","args":[{"selector":{"controlType":"sap.m.Button","viewName":"etm.portal.ui.managehandovers.view.AddNewHO","viewId":"application-managehandovers-display-component---AddNewHO","bindingPath":{"path":"/items/0","propertyPath":"QUANTITY","modelName":"hoItemsModel"},"interaction":{"idSuffix":"inner"}},"wdio_ui5_key":"etmportal.ui.managehandovers.view.AddNewHOsap.m.Button{\"path\":\"/items/0\",\"propertyPath\":\"QUANTITY\",\"modelName\":\"hoItemsModel\"}"}]}
RESULT: undefined
COMMAND: POST /session/d41a4ef9228655ec76246a5e56c44812/element - {"using":"xpath","value":"//*[@id=\"__button194-__clone2408\"]"}
RESULT: {}
RESULT: {"using":"xpath","value":"//*[@id=\"__button194-__clone2408\"]"}
COMMAND: POST /session/d41a4ef9228655ec76246a5e56c44812/element/f.8359050118E493E9D810750CB1F2C9B3.d.C4EE1C598DC9CCB2A6A1D1515DF10363.e.23908/click - {}
RESULT: {}
COMMAND: POST /session/d41a4ef9228655ec76246a5e56c44812/execute/async - {"script":"<script> [1562 bytes]","args":[{"selector":{"controlType":"sap.m.NumericInput","viewName":"etm.portal.ui.managehandovers.view.AddNewHO","viewId":"application-managehandovers-display-component---AddNewHO","properties":{"value":"0"},"searchOpenDialogs":true,"interaction":{"idSuffix":"inner"}},"wdio_ui5_key":"etmportal.ui.managehandovers.view.AddNewHOsap.m.NumericInput{\"value\":\"0\"}"}]}
COMMAND: GET /session/d41a4ef9228655ec76246a5e56c44812/screenshot - {}
RESULT: {"script":"<script> [1562 bytes]","args":[{"selector":{"controlType":"sap.m.NumericInput","viewName":"etm.portal.ui.managehandovers.view.AddNewHO","viewId":"application-managehandovers-display-component---AddNewHO","properties":{"value":"0"},"searchOpenDialogs":true,"interaction":{"idSuffix":"inner"}},"wdio_ui5_key":"etmportal.ui.managehandovers.view.AddNewHOsap.m.NumericInput{\"value\":\"0\"}"}]}
RESULT: undefined
COMMAND: POST /session/d41a4ef9228655ec76246a5e56c44812/execute/async - {"script":"<script> [776 bytes]","args":[{"enterText":"1","selector":{"controlType":"sap.m.NumericInput","viewName":"etm.portal.ui.managehandovers.view.AddNewHO","viewId":"application-managehandovers-display-component---AddNewHO","properties":{"value":"0"},"searchOpenDialogs":true,"interaction":{"idSuffix":"inner"}},"clearTextFirst":true,"interactionType":"ENTER_TEXT"}]}
RESULT: {}
RESULT: {"script":"<script> [776 bytes]","args":[{"enterText":"1","selector":{"controlType":"sap.m.NumericInput","viewName":"etm.portal.ui.managehandovers.view.AddNewHO","viewId":"application-managehandovers-display-component---AddNewHO","properties":{"value":"0"},"searchOpenDialogs":true,"interaction":{"idSuffix":"inner"}},"clearTextFirst":true,"interactionType":"ENTER_TEXT"}]}
COMMAND: POST /session/d41a4ef9228655ec76246a5e56c44812/execute/async - {"script":"<script> [1562 bytes]","args":[{"selector":{"controlType":"sap.m.Button","viewName":"etm.portal.ui.managehandovers.view.AddNewHO","viewId":"application-managehandovers-display-component---AddNewHO","i18NText":{"propertyName":"text","key":"confirm"},"searchOpenDialogs":true,"interaction":{"idSuffix":"BDI-content"}},"wdio_ui5_key":"etmportal.ui.managehandovers.view.AddNewHOsap.m.Button{\"propertyName\":\"text\",\"key\":\"confirm\"}"}]}
RESULT: {"script":"<script> [1562 bytes]","args":[{"selector":{"controlType":"sap.m.Button","viewName":"etm.portal.ui.managehandovers.view.AddNewHO","viewId":"application-managehandovers-display-component---AddNewHO","i18NText":{"propertyName":"text","key":"confirm"},"searchOpenDialogs":true,"interaction":{"idSuffix":"BDI-content"}},"wdio_ui5_key":"etmportal.ui.managehandovers.view.AddNewHOsap.m.Button{\"propertyName\":\"text\",\"key\":\"confirm\"}"}]}
RESULT: undefined
COMMAND: POST /session/d41a4ef9228655ec76246a5e56c44812/element - {"using":"xpath","value":"//*[@id=\"__button197\"]"}
RESULT: {"using":"xpath","value":"//*[@id=\"__button197\"]"}
COMMAND: POST /session/d41a4ef9228655ec76246a5e56c44812/element/f.8359050118E493E9D810750CB1F2C9B3.d.C4EE1C598DC9CCB2A6A1D1515DF10363.e.23909/click - {}
RESULT: {}
COMMAND: POST /session/d41a4ef9228655ec76246a5e56c44812/execute/async - {"script":"<script> [1562 bytes]","args":[{"selector":{"id":"application-managehandovers-display-component---AddNewHO--confirmCreationButton","interaction":{"idSuffix":"inner"}},"wdio_ui5_key":"applicationmanagehandovers-display-component---AddNewHO--confirmCreationButton"}]}
COMMAND: GET /session/d41a4ef9228655ec76246a5e56c44812/screenshot - {}
RESULT: {"script":"<script> [1562 bytes]","args":[{"selector":{"id":"application-managehandovers-display-component---AddNewHO--confirmCreationButton","interaction":{"idSuffix":"inner"}},"wdio_ui5_key":"applicationmanagehandovers-display-component---AddNewHO--confirmCreationButton"}]}
RESULT: undefined
COMMAND: POST /session/d41a4ef9228655ec76246a5e56c44812/element - {"using":"xpath","value":"//*[@id=\"application-managehandovers-display-component---AddNewHO--confirmCreationButton\"]"}
RESULT: {}
RESULT: {"using":"xpath","value":"//*[@id=\"application-managehandovers-display-component---AddNewHO--confirmCreationButton\"]"}
COMMAND: POST /session/d41a4ef9228655ec76246a5e56c44812/element/f.8359050118E493E9D810750CB1F2C9B3.d.C4EE1C598DC9CCB2A6A1D1515DF10363.e.23920/click - {}
RESULT: {}
COMMAND: GET /session/d41a4ef9228655ec76246a5e56c44812/screenshot - {}
RESULT: {}
RESULT: undefined
COMMAND: POST /session/d41a4ef9228655ec76246a5e56c44812/execute/async - {"script":"<script> [776 bytes]","args":[{"enterText":"5/16/25","selector":{"id":"receiptDatePicker","viewName":"etm.portal.ui.managehandovers.view.DetailExecuteHO","interaction":{"idSuffix":"inner"}},"clearTextFirst":true,"interactionType":"ENTER_TEXT"}]}
RESULT: {"script":"<script> [776 bytes]","args":[{"enterText":"5/16/25","selector":{"id":"receiptDatePicker","viewName":"etm.portal.ui.managehandovers.view.DetailExecuteHO","interaction":{"idSuffix":"inner"}},"clearTextFirst":true,"interactionType":"ENTER_TEXT"}]}
COMMAND: POST /session/d41a4ef9228655ec76246a5e56c44812/execute/async - {"script":"<script> [1562 bytes]","args":[{"selector":{"controlType":"sap.m.Button","viewName":"etm.portal.ui.managehandovers.view.DetailExecuteHO","i18NText":{"propertyName":"text","key":"confirmAll"},"interaction":{"idSuffix":"BDI-content"}},"wdio_ui5_key":"etmportal.ui.managehandovers.view.DetailExecuteHOsap.m.Button{\"propertyName\":\"text\",\"key\":\"confirmAll\"}"}]}
RESULT: {"script":"<script> [1562 bytes]","args":[{"selector":{"controlType":"sap.m.Button","viewName":"etm.portal.ui.managehandovers.view.DetailExecuteHO","i18NText":{"propertyName":"text","key":"confirmAll"},"interaction":{"idSuffix":"BDI-content"}},"wdio_ui5_key":"etmportal.ui.managehandovers.view.DetailExecuteHOsap.m.Button{\"propertyName\":\"text\",\"key\":\"confirmAll\"}"}]}
RESULT: undefined
COMMAND: POST /session/d41a4ef9228655ec76246a5e56c44812/element - {"using":"xpath","value":"//*[@id=\"__button225\"]"}
RESULT: {"using":"xpath","value":"//*[@id=\"__button225\"]"}
COMMAND: POST /session/d41a4ef9228655ec76246a5e56c44812/element/f.8359050118E493E9D810750CB1F2C9B3.d.C4EE1C598DC9CCB2A6A1D1515DF10363.e.23952/click - {}
RESULT: {}
COMMAND: GET /session/d41a4ef9228655ec76246a5e56c44812/screenshot - {}
RESULT: {}
COMMAND: POST /session/d41a4ef9228655ec76246a5e56c44812/execute/async - {"script":"<script> [1562 bytes]","args":[{"selector":{"controlType":"sap.m.Button","properties":{"text":"OK"},"searchOpenDialogs":true,"interaction":{"idSuffix":"inner"}},"wdio_ui5_key":"sapm.Button{\"text\":\"OK\"}"}]}
RESULT: {"script":"<script> [1562 bytes]","args":[{"selector":{"controlType":"sap.m.Button","properties":{"text":"OK"},"searchOpenDialogs":true,"interaction":{"idSuffix":"inner"}},"wdio_ui5_key":"sapm.Button{\"text\":\"OK\"}"}]}
RESULT: undefined
COMMAND: POST /session/d41a4ef9228655ec76246a5e56c44812/element - {"using":"xpath","value":"//*[@id=\"__mbox-btn-3\"]"}
RESULT: {"using":"xpath","value":"//*[@id=\"__mbox-btn-3\"]"}
COMMAND: POST /session/d41a4ef9228655ec76246a5e56c44812/element/f.8359050118E493E9D810750CB1F2C9B3.d.C4EE1C598DC9CCB2A6A1D1515DF10363.e.23953/click - {}
RESULT: {}
COMMAND: GET /session/d41a4ef9228655ec76246a5e56c44812/screenshot - {}
RESULT: {}
COMMAND: POST /session/d41a4ef9228655ec76246a5e56c44812/element - {"using":"xpath","value":"//bdi[contains(text(), \"Issue\")]"}
RESULT: {"using":"xpath","value":"//bdi[contains(text(), \"Issue\")]"}
COMMAND: POST /session/d41a4ef9228655ec76246a5e56c44812/element/f.8359050118E493E9D810750CB1F2C9B3.d.C4EE1C598DC9CCB2A6A1D1515DF10363.e.23956/click - {}
RESULT: {}
COMMAND: GET /session/d41a4ef9228655ec76246a5e56c44812/screenshot - {}
RESULT: {}
COMMAND: POST /session/d41a4ef9228655ec76246a5e56c44812/element - {"using":"css selector","value":"#shell-header-logo"}
RESULT: {"using":"css selector","value":"#shell-header-logo"}
COMMAND: POST /session/d41a4ef9228655ec76246a5e56c44812/element/f.8359050118E493E9D810750CB1F2C9B3.d.C4EE1C598DC9CCB2A6A1D1515DF10363.e.23372/click - {}
RESULT: {}
COMMAND: GET /session/d41a4ef9228655ec76246a5e56c44812/screenshot - {}
RESULT: {}
COMMAND: POST /session/d41a4ef9228655ec76246a5e56c44812/element - {"using":"css selector","value":"#j_username"}
COMMAND: POST /session/d41a4ef9228655ec76246a5e56c44812/url - {"url":"https://qa-testing-00-live-etm-ui.cfapps.eu10-004.hana.ondemand.com/"}
RESULT: {"using":"css selector","value":"#j_username"}
COMMAND: POST /session/d41a4ef9228655ec76246a5e56c44812/element - {"using":"css selector","value":"#j_username"}
RESULT: {"url":"https://qa-testing-00-live-etm-ui.cfapps.eu10-004.hana.ondemand.com/"}
RESULT: undefined
COMMAND: GET /session/d41a4ef9228655ec76246a5e56c44812/screenshot - {}
RESULT: {"using":"css selector","value":"#j_username"}
COMMAND: POST /session/d41a4ef9228655ec76246a5e56c44812/element - {"using":"css selector","value":"#shell-header-logo"}
RESULT: {}
RESULT: {"using":"css selector","value":"#shell-header-logo"}
COMMAND: POST /session/d41a4ef9228655ec76246a5e56c44812/execute/sync - {"script":"<script> [8489 bytes]","args":[{"element-6066-11e4-a52e-4f735466cecf":"f.8359050118E493E9D810750CB1F2C9B3.d.15365CCA131820B1A70DB9523227D897.e.24133","ELEMENT":"f.8359050118E493E9D810750CB1F2C9B3.d.15365CCA131820B1A70DB9523227D897.e.24133"}]}
RESULT: {"script":"<script> [8489 bytes]","args":[{"element-6066-11e4-a52e-4f735466cecf":"f.8359050118E493E9D810750CB1F2C9B3.d.15365CCA131820B1A70DB9523227D897.e.24133","ELEMENT":"f.8359050118E493E9D810750CB1F2C9B3.d.15365CCA131820B1A70DB9523227D897.e.24133"}]}
COMMAND: POST /session/d41a4ef9228655ec76246a5e56c44812/element - {"using":"css selector","value":"#shell-header-logo"}
COMMAND: GET /session/d41a4ef9228655ec76246a5e56c44812/screenshot - {}
RESULT: {"using":"css selector","value":"#shell-header-logo"}
COMMAND: POST /session/d41a4ef9228655ec76246a5e56c44812/execute/sync - {"script":"<script> [8489 bytes]","args":[{"element-6066-11e4-a52e-4f735466cecf":"f.8359050118E493E9D810750CB1F2C9B3.d.15365CCA131820B1A70DB9523227D897.e.24133","ELEMENT":"f.8359050118E493E9D810750CB1F2C9B3.d.15365CCA131820B1A70DB9523227D897.e.24133"}]}
RESULT: {}
RESULT: {"script":"<script> [8489 bytes]","args":[{"element-6066-11e4-a52e-4f735466cecf":"f.8359050118E493E9D810750CB1F2C9B3.d.15365CCA131820B1A70DB9523227D897.e.24133","ELEMENT":"f.8359050118E493E9D810750CB1F2C9B3.d.15365CCA131820B1A70DB9523227D897.e.24133"}]}
COMMAND: POST /session/d41a4ef9228655ec76246a5e56c44812/execute/sync - {"script":"<script> [5351 bytes]","args":[{"element-6066-11e4-a52e-4f735466cecf":"f.8359050118E493E9D810750CB1F2C9B3.d.15365CCA131820B1A70DB9523227D897.e.24133","ELEMENT":"f.8359050118E493E9D810750CB1F2C9B3.d.15365CCA131820B1A70DB9523227D897.e.24133"}]}
COMMAND: GET /session/d41a4ef9228655ec76246a5e56c44812/screenshot - {}
RESULT: {"script":"<script> [5351 bytes]","args":[{"element-6066-11e4-a52e-4f735466cecf":"f.8359050118E493E9D810750CB1F2C9B3.d.15365CCA131820B1A70DB9523227D897.e.24133","ELEMENT":"f.8359050118E493E9D810750CB1F2C9B3.d.15365CCA131820B1A70DB9523227D897.e.24133"}]}
COMMAND: POST /session/d41a4ef9228655ec76246a5e56c44812/element - {"using":"css selector","value":"#shell-header-logo"}
COMMAND: GET /session/d41a4ef9228655ec76246a5e56c44812/screenshot - {}
RESULT: {}
RESULT: {"using":"css selector","value":"#shell-header-logo"}
COMMAND: POST /session/d41a4ef9228655ec76246a5e56c44812/element/f.8359050118E493E9D810750CB1F2C9B3.d.15365CCA131820B1A70DB9523227D897.e.24133/click - {}
RESULT: {}
RESULT: {}
COMMAND: GET /session/d41a4ef9228655ec76246a5e56c44812/screenshot - {}
RESULT: {}
COMMAND: POST /session/d41a4ef9228655ec76246a5e56c44812/execute/async - {"script":"<script> [189 bytes]","args":[]}
RESULT: {"script":"<script> [189 bytes]","args":[]}
COMMAND: POST /session/d41a4ef9228655ec76246a5e56c44812/execute/async - {"script":"<script> [123 bytes]","args":[]}
RESULT: {"script":"<script> [123 bytes]","args":[]}
COMMAND: POST /session/d41a4ef9228655ec76246a5e56c44812/timeouts - {"script":"<number>"}
RESULT: {"script":"<number>"}
COMMAND: GET /session/d41a4ef9228655ec76246a5e56c44812/timeouts - {}
RESULT: {}
RESULT: undefined
COMMAND: POST /session/d41a4ef9228655ec76246a5e56c44812/execute/async - {"script":"<script> [2676 bytes]","args":[]}
RESULT: {"script":"<script> [2676 bytes]","args":[]}
COMMAND: POST /session/d41a4ef9228655ec76246a5e56c44812/execute/async - {"script":"<script> [2342 bytes]","args":[{"protocol":"http","hostname":"0.0.0.0","path":"/","capabilities":{"browserName":"chrome","goog:chromeOptions":{"binary":"C:\\Program Files\\Google\\Chrome\\Application\\chrome.exe","args":["--start-maximized"]}},"logLevel":"warn","connectionRetryTimeout":120000,"connectionRetryCount":3,"logLevels":{},"enableDirectConnect":true,"strictSSL":true,"_":"65 more keys: [\"cacheDir\",\"port\",\"requestedCapabilities\",\"automationProtocol\",\"baseUrl\",\"waitforInterval\",\"waitforTimeout\",\"onReload\",\"beforeCommand\",\"afterCommand\",\"rootDir\",\"specs\",\"suites\",\"exclude\",\"groupLogsByTestSpec\",\"excludeDriverLogs\",\"bail\",\"framework\",\"reporters\",\"services\",\"maxInstances\",\"maxInstancesPerCapability\",\"injectGlobals\",\"filesToWatch\",\"execArgv\",\"runnerEnv\",\"runner\",\"shard\",\"specFileRetries\",\"specFileRetriesDelay\",\"specFileRetriesDeferred\",\"reporterSyncInterval\",\"reporterSyncTimeout\",\"cucumberFeaturesWithLineNumbers\",\"autoCompileOpts\",\"mochaOpts\",\"jasmineOpts\",\"cucumberOpts\",\"onPrepare\",\"onWorkerStart\",\"onWorkerEnd\",\"before\",\"beforeSession\",\"beforeSuite\",\"beforeHook\",\"beforeTest\",\"afterTest\",\"afterHook\",\"afterSuite\",\"afterSession\",\"after\",\"onComplete\",\"beforeAssertion\",\"afterAssertion\",\"beforeFeature\",\"beforeScenario\",\"beforeStep\",\"afterStep\",\"afterScenario\",\"afterFeature\",\"_\",\"suite\",\"$0\",\"ignoredWorkerServices\",\"wdi5\"]"}]}
RESULT: {"script":"<script> [2342 bytes]","args":[{"protocol":"http","hostname":"0.0.0.0","path":"/","capabilities":{"browserName":"chrome","goog:chromeOptions":{"binary":"C:\\Program Files\\Google\\Chrome\\Application\\chrome.exe","args":["--start-maximized"]}},"logLevel":"warn","connectionRetryTimeout":120000,"connectionRetryCount":3,"logLevels":{},"enableDirectConnect":true,"strictSSL":true,"_":"65 more keys: [\"cacheDir\",\"port\",\"requestedCapabilities\",\"automationProtocol\",\"baseUrl\",\"waitforInterval\",\"waitforTimeout\",\"onReload\",\"beforeCommand\",\"afterCommand\",\"rootDir\",\"specs\",\"suites\",\"exclude\",\"groupLogsByTestSpec\",\"excludeDriverLogs\",\"bail\",\"framework\",\"reporters\",\"services\",\"maxInstances\",\"maxInstancesPerCapability\",\"injectGlobals\",\"filesToWatch\",\"execArgv\",\"runnerEnv\",\"runner\",\"shard\",\"specFileRetries\",\"specFileRetriesDelay\",\"specFileRetriesDeferred\",\"reporterSyncInterval\",\"reporterSyncTimeout\",\"cucumberFeaturesWithLineNumbers\",\"autoCompileOpts\",\"mochaOpts\",\"jasmineOpts\",\"cucumberOpts\",\"onPrepare\",\"onWorkerStart\",\"onWorkerEnd\",\"before\",\"beforeSession\",\"beforeSuite\",\"beforeHook\",\"beforeTest\",\"afterTest\",\"afterHook\",\"afterSuite\",\"afterSession\",\"after\",\"onComplete\",\"beforeAssertion\",\"afterAssertion\",\"beforeFeature\",\"beforeScenario\",\"beforeStep\",\"afterStep\",\"afterScenario\",\"afterFeature\",\"_\",\"suite\",\"$0\",\"ignoredWorkerServices\",\"wdi5\"]"}]}
COMMAND: POST /session/d41a4ef9228655ec76246a5e56c44812/execute/async - {"script":"<script> [21126 bytes]","args":[35000]}
RESULT: {"script":"<script> [21126 bytes]","args":[35000]}
COMMAND: POST /session/d41a4ef9228655ec76246a5e56c44812/window/maximize - {}
RESULT: {}
COMMAND: POST /session/d41a4ef9228655ec76246a5e56c44812/execute/async - {"script":"<script> [1562 bytes]","args":[{"selector":{"id":"shell-header","interaction":{"idSuffix":"icon"}},"wdio_ui5_key":"shellheader"}]}
COMMAND: GET /session/d41a4ef9228655ec76246a5e56c44812/screenshot - {}
RESULT: {"script":"<script> [1562 bytes]","args":[{"selector":{"id":"shell-header","interaction":{"idSuffix":"icon"}},"wdio_ui5_key":"shellheader"}]}
RESULT: undefined
COMMAND: POST /session/d41a4ef9228655ec76246a5e56c44812/window/fullscreen - {}
RESULT: {}
RESULT: {}
]]></system-out>
    </testcase>
  </testsuite>
  <testsuite timestamp="2025-05-16T17:38:39" time="653.875" tests="7" failures="1" errors="1" skipped="0">
    <properties>
      <property name="specId" value="0" />
      <property name="suiteName" value="Transfer Yard to Yard US131076" />
      <property name="capabilities" value="chrome.136_0_7103_93.windows" />
      <property name="file" value="file:///D:/a/1/s/test/specs/HTR/transfer-yard-to-yard.spec.js" />
    </properties>
    <testcase classname="chrome.136_0_7103_93.windows.Transfer_Yard_to_Yard_US131076" name="Should create a new yard" time="0.013">
      <system-out><![CDATA[
COMMAND: POST /session/d41a4ef9228655ec76246a5e56c44812/window/fullscreen - {}
RESULT: {}
]]></system-out>
    </testcase>
    <testcase classname="chrome.136_0_7103_93.windows.Transfer_Yard_to_Yard_US131076" name="Should create a new 2nd yard" time="129.115">
      <system-out><![CDATA[
COMMAND: POST /session/d41a4ef9228655ec76246a5e56c44812/window/fullscreen - {}
RESULT: {}
COMMAND: POST /session/d41a4ef9228655ec76246a5e56c44812/execute/async - {"script":"<script> [1562 bytes]","args":[{"selector":{"controlType":"sap.m.GenericTile","properties":{"header":"Manage Yards"}},"wdio_ui5_key":"sapm.GenericTile{\"header\":\"Manage Yards\"}"}]}
RESULT: {"script":"<script> [1562 bytes]","args":[{"selector":{"controlType":"sap.m.GenericTile","properties":{"header":"Manage Yards"}},"wdio_ui5_key":"sapm.GenericTile{\"header\":\"Manage Yards\"}"}]}
RESULT: undefined
COMMAND: POST /session/d41a4ef9228655ec76246a5e56c44812/element - {"using":"xpath","value":"//*[@id=\"__tile33\"]"}
RESULT: {"using":"xpath","value":"//*[@id=\"__tile33\"]"}
COMMAND: POST /session/d41a4ef9228655ec76246a5e56c44812/element/f.8359050118E493E9D810750CB1F2C9B3.d.15365CCA131820B1A70DB9523227D897.e.24163/click - {}
RESULT: {}
COMMAND: GET /session/d41a4ef9228655ec76246a5e56c44812/screenshot - {}
RESULT: {}
COMMAND: POST /session/d41a4ef9228655ec76246a5e56c44812/elements - {"using":"xpath","value":"//span[text()='Error']"}
RESULT: {"using":"xpath","value":"//span[text()='Error']"}
COMMAND: POST /session/d41a4ef9228655ec76246a5e56c44812/element - {"using":"xpath","value":"//button[@data-kt=\"addNewYardOverflowToolbarButton\"]"}
RESULT: {"using":"xpath","value":"//button[@data-kt=\"addNewYardOverflowToolbarButton\"]"}
COMMAND: POST /session/d41a4ef9228655ec76246a5e56c44812/elements - {"using":"xpath","value":"//button[@data-kt=\"addNewYardOverflowToolbarButton\"]"}
RESULT: {"using":"xpath","value":"//button[@data-kt=\"addNewYardOverflowToolbarButton\"]"}
COMMAND: POST /session/d41a4ef9228655ec76246a5e56c44812/elements - {"using":"xpath","value":"//button[@data-kt=\"addNewYardOverflowToolbarButton\"]"}
RESULT: {"using":"xpath","value":"//button[@data-kt=\"addNewYardOverflowToolbarButton\"]"}
COMMAND: POST /session/d41a4ef9228655ec76246a5e56c44812/element - {"using":"xpath","value":"//button[@data-kt=\"addNewYardOverflowToolbarButton\"]"}
RESULT: {"using":"xpath","value":"//button[@data-kt=\"addNewYardOverflowToolbarButton\"]"}
COMMAND: POST /session/d41a4ef9228655ec76246a5e56c44812/execute/sync - {"script":"<script> [8489 bytes]","args":[{"element-6066-11e4-a52e-4f735466cecf":"f.8359050118E493E9D810750CB1F2C9B3.d.15365CCA131820B1A70DB9523227D897.e.24297","ELEMENT":"f.8359050118E493E9D810750CB1F2C9B3.d.15365CCA131820B1A70DB9523227D897.e.24297"}]}
RESULT: {"script":"<script> [8489 bytes]","args":[{"element-6066-11e4-a52e-4f735466cecf":"f.8359050118E493E9D810750CB1F2C9B3.d.15365CCA131820B1A70DB9523227D897.e.24297","ELEMENT":"f.8359050118E493E9D810750CB1F2C9B3.d.15365CCA131820B1A70DB9523227D897.e.24297"}]}
COMMAND: GET /session/d41a4ef9228655ec76246a5e56c44812/element/f.8359050118E493E9D810750CB1F2C9B3.d.15365CCA131820B1A70DB9523227D897.e.24297/enabled - {}
COMMAND: GET /session/d41a4ef9228655ec76246a5e56c44812/screenshot - {}
RESULT: {}
COMMAND: POST /session/d41a4ef9228655ec76246a5e56c44812/execute/sync - {"script":"<script> [8489 bytes]","args":[{"element-6066-11e4-a52e-4f735466cecf":"f.8359050118E493E9D810750CB1F2C9B3.d.15365CCA131820B1A70DB9523227D897.e.24297","ELEMENT":"f.8359050118E493E9D810750CB1F2C9B3.d.15365CCA131820B1A70DB9523227D897.e.24297"}]}
COMMAND: GET /session/d41a4ef9228655ec76246a5e56c44812/screenshot - {}
RESULT: {}
RESULT: {"script":"<script> [8489 bytes]","args":[{"element-6066-11e4-a52e-4f735466cecf":"f.8359050118E493E9D810750CB1F2C9B3.d.15365CCA131820B1A70DB9523227D897.e.24297","ELEMENT":"f.8359050118E493E9D810750CB1F2C9B3.d.15365CCA131820B1A70DB9523227D897.e.24297"}]}
COMMAND: POST /session/d41a4ef9228655ec76246a5e56c44812/execute/sync - {"script":"<script> [5351 bytes]","args":[{"element-6066-11e4-a52e-4f735466cecf":"f.8359050118E493E9D810750CB1F2C9B3.d.15365CCA131820B1A70DB9523227D897.e.24297","ELEMENT":"f.8359050118E493E9D810750CB1F2C9B3.d.15365CCA131820B1A70DB9523227D897.e.24297"}]}
COMMAND: GET /session/d41a4ef9228655ec76246a5e56c44812/screenshot - {}
RESULT: {}
RESULT: {"script":"<script> [5351 bytes]","args":[{"element-6066-11e4-a52e-4f735466cecf":"f.8359050118E493E9D810750CB1F2C9B3.d.15365CCA131820B1A70DB9523227D897.e.24297","ELEMENT":"f.8359050118E493E9D810750CB1F2C9B3.d.15365CCA131820B1A70DB9523227D897.e.24297"}]}
COMMAND: POST /session/d41a4ef9228655ec76246a5e56c44812/element/f.8359050118E493E9D810750CB1F2C9B3.d.15365CCA131820B1A70DB9523227D897.e.24297/click - {}
COMMAND: GET /session/d41a4ef9228655ec76246a5e56c44812/screenshot - {}
RESULT: {}
RESULT: {}
COMMAND: GET /session/d41a4ef9228655ec76246a5e56c44812/screenshot - {}
RESULT: {}
COMMAND: POST /session/d41a4ef9228655ec76246a5e56c44812/element - {"using":"xpath","value":"//input[@id=\"application-manageyards-display-component---NewYard--yardId-inner\"]"}
RESULT: {}
RESULT: {"using":"xpath","value":"//input[@id=\"application-manageyards-display-component---NewYard--yardId-inner\"]"}
COMMAND: POST /session/d41a4ef9228655ec76246a5e56c44812/element - {"using":"xpath","value":"//input[@id=\"application-manageyards-display-component---NewYard--yardId-inner\"]"}
RESULT: {"using":"xpath","value":"//input[@id=\"application-manageyards-display-component---NewYard--yardId-inner\"]"}
COMMAND: POST /session/d41a4ef9228655ec76246a5e56c44812/execute/async - {"script":"<script> [1562 bytes]","args":[{"selector":{"id":"application-manageyards-display-component---NewYard--addressDetailDetailsName1","interaction":{"idSuffix":"inner"}},"wdio_ui5_key":"applicationmanageyards-display-component---NewYard--addressDetailDetailsName1"}]}
RESULT: {"script":"<script> [1562 bytes]","args":[{"selector":{"id":"application-manageyards-display-component---NewYard--addressDetailDetailsName1","interaction":{"idSuffix":"inner"}},"wdio_ui5_key":"applicationmanageyards-display-component---NewYard--addressDetailDetailsName1"}]}
RESULT: undefined
COMMAND: POST /session/d41a4ef9228655ec76246a5e56c44812/execute/async - {"script":"<script> [776 bytes]","args":[{"enterText":"Intracompany Yard wdIO","selector":{"id":"application-manageyards-display-component---NewYard--addressDetailDetailsName1","interaction":{"idSuffix":"inner"}},"clearTextFirst":true,"interactionType":"ENTER_TEXT"}]}
RESULT: {"script":"<script> [776 bytes]","args":[{"enterText":"Intracompany Yard wdIO","selector":{"id":"application-manageyards-display-component---NewYard--addressDetailDetailsName1","interaction":{"idSuffix":"inner"}},"clearTextFirst":true,"interactionType":"ENTER_TEXT"}]}
COMMAND: POST /session/d41a4ef9228655ec76246a5e56c44812/execute/async - {"script":"<script> [1562 bytes]","args":[{"selector":{"id":"application-manageyards-display-component---NewYard--addressDetailDetailsLanguage-arrow"},"wdio_ui5_key":"applicationmanageyards-display-component---NewYard--addressDetailDetailsLanguage-arrow"}]}
RESULT: {"script":"<script> [1562 bytes]","args":[{"selector":{"id":"application-manageyards-display-component---NewYard--addressDetailDetailsLanguage-arrow"},"wdio_ui5_key":"applicationmanageyards-display-component---NewYard--addressDetailDetailsLanguage-arrow"}]}
RESULT: undefined
COMMAND: POST /session/d41a4ef9228655ec76246a5e56c44812/element - {"using":"xpath","value":"//*[@id=\"application-manageyards-display-component---NewYard--addressDetailDetailsLanguage-arrow\"]"}
RESULT: {"using":"xpath","value":"//*[@id=\"application-manageyards-display-component---NewYard--addressDetailDetailsLanguage-arrow\"]"}
COMMAND: POST /session/d41a4ef9228655ec76246a5e56c44812/element/f.8359050118E493E9D810750CB1F2C9B3.d.15365CCA131820B1A70DB9523227D897.e.24723/click - {}
RESULT: {}
COMMAND: POST /session/d41a4ef9228655ec76246a5e56c44812/element - {"using":"xpath","value":"//span[contains(text(), \"English\")]"}
COMMAND: GET /session/d41a4ef9228655ec76246a5e56c44812/screenshot - {}
RESULT: {"using":"xpath","value":"//span[contains(text(), \"English\")]"}
COMMAND: POST /session/d41a4ef9228655ec76246a5e56c44812/element/f.8359050118E493E9D810750CB1F2C9B3.d.15365CCA131820B1A70DB9523227D897.e.24724/click - {}
RESULT: {}
RESULT: {}
COMMAND: POST /session/d41a4ef9228655ec76246a5e56c44812/execute/async - {"script":"<script> [1562 bytes]","args":[{"selector":{"id":"application-manageyards-display-component---NewYard--addressDetailDetailsCity1","interaction":{"idSuffix":"inner"}},"wdio_ui5_key":"applicationmanageyards-display-component---NewYard--addressDetailDetailsCity1"}]}
COMMAND: GET /session/d41a4ef9228655ec76246a5e56c44812/screenshot - {}
RESULT: {"script":"<script> [1562 bytes]","args":[{"selector":{"id":"application-manageyards-display-component---NewYard--addressDetailDetailsCity1","interaction":{"idSuffix":"inner"}},"wdio_ui5_key":"applicationmanageyards-display-component---NewYard--addressDetailDetailsCity1"}]}
RESULT: undefined
COMMAND: POST /session/d41a4ef9228655ec76246a5e56c44812/execute/async - {"script":"<script> [776 bytes]","args":[{"enterText":"Rosario","selector":{"id":"application-manageyards-display-component---NewYard--addressDetailDetailsCity1","interaction":{"idSuffix":"inner"}},"clearTextFirst":true,"interactionType":"ENTER_TEXT"}]}
RESULT: {}
RESULT: {"script":"<script> [776 bytes]","args":[{"enterText":"Rosario","selector":{"id":"application-manageyards-display-component---NewYard--addressDetailDetailsCity1","interaction":{"idSuffix":"inner"}},"clearTextFirst":true,"interactionType":"ENTER_TEXT"}]}
COMMAND: POST /session/d41a4ef9228655ec76246a5e56c44812/execute/async - {"script":"<script> [1562 bytes]","args":[{"selector":{"id":"application-manageyards-display-component---NewYard--addressDetailDetailsCountry-arrow"},"wdio_ui5_key":"applicationmanageyards-display-component---NewYard--addressDetailDetailsCountry-arrow"}]}
RESULT: {"script":"<script> [1562 bytes]","args":[{"selector":{"id":"application-manageyards-display-component---NewYard--addressDetailDetailsCountry-arrow"},"wdio_ui5_key":"applicationmanageyards-display-component---NewYard--addressDetailDetailsCountry-arrow"}]}
RESULT: undefined
COMMAND: POST /session/d41a4ef9228655ec76246a5e56c44812/element - {"using":"xpath","value":"//*[@id=\"application-manageyards-display-component---NewYard--addressDetailDetailsCountry-arrow\"]"}
RESULT: {"using":"xpath","value":"//*[@id=\"application-manageyards-display-component---NewYard--addressDetailDetailsCountry-arrow\"]"}
COMMAND: POST /session/d41a4ef9228655ec76246a5e56c44812/element/f.8359050118E493E9D810750CB1F2C9B3.d.15365CCA131820B1A70DB9523227D897.e.24726/click - {}
RESULT: {}
COMMAND: POST /session/d41a4ef9228655ec76246a5e56c44812/element - {"using":"xpath","value":"//span[contains(text(), \"Argentina\")]"}
COMMAND: GET /session/d41a4ef9228655ec76246a5e56c44812/screenshot - {}
RESULT: {"using":"xpath","value":"//span[contains(text(), \"Argentina\")]"}
COMMAND: POST /session/d41a4ef9228655ec76246a5e56c44812/element/f.8359050118E493E9D810750CB1F2C9B3.d.15365CCA131820B1A70DB9523227D897.e.24727/click - {}
RESULT: {}
RESULT: {}
COMMAND: POST /session/d41a4ef9228655ec76246a5e56c44812/execute/async - {"script":"<script> [1562 bytes]","args":[{"selector":{"id":"application-manageyards-display-component---NewYard--addressEditDetailsCostObjectCstType-arrow"},"wdio_ui5_key":"applicationmanageyards-display-component---NewYard--addressEditDetailsCostObjectCstType-arrow"}]}
COMMAND: GET /session/d41a4ef9228655ec76246a5e56c44812/screenshot - {}
RESULT: {"script":"<script> [1562 bytes]","args":[{"selector":{"id":"application-manageyards-display-component---NewYard--addressEditDetailsCostObjectCstType-arrow"},"wdio_ui5_key":"applicationmanageyards-display-component---NewYard--addressEditDetailsCostObjectCstType-arrow"}]}
RESULT: undefined
COMMAND: POST /session/d41a4ef9228655ec76246a5e56c44812/element - {"using":"xpath","value":"//*[@id=\"application-manageyards-display-component---NewYard--addressEditDetailsCostObjectCstType-arrow\"]"}
RESULT: {}
RESULT: {"using":"xpath","value":"//*[@id=\"application-manageyards-display-component---NewYard--addressEditDetailsCostObjectCstType-arrow\"]"}
COMMAND: POST /session/d41a4ef9228655ec76246a5e56c44812/element/f.8359050118E493E9D810750CB1F2C9B3.d.15365CCA131820B1A70DB9523227D897.e.24729/click - {}
RESULT: {}
COMMAND: POST /session/d41a4ef9228655ec76246a5e56c44812/element - {"using":"xpath","value":"//span[contains(text(), \"Cost Center\")]"}
COMMAND: GET /session/d41a4ef9228655ec76246a5e56c44812/screenshot - {}
RESULT: {"using":"xpath","value":"//span[contains(text(), \"Cost Center\")]"}
COMMAND: POST /session/d41a4ef9228655ec76246a5e56c44812/element/f.8359050118E493E9D810750CB1F2C9B3.d.15365CCA131820B1A70DB9523227D897.e.24730/click - {}
RESULT: {}
RESULT: {}
COMMAND: GET /session/d41a4ef9228655ec76246a5e56c44812/screenshot - {}
RESULT: {}
COMMAND: POST /session/d41a4ef9228655ec76246a5e56c44812/element - {"using":"xpath","value":"//span[@id=\"application-manageyards-display-component---NewYard--addressNewCostObjectCstID-vhi\"]"}
RESULT: {"using":"xpath","value":"//span[@id=\"application-manageyards-display-component---NewYard--addressNewCostObjectCstID-vhi\"]"}
COMMAND: POST /session/d41a4ef9228655ec76246a5e56c44812/execute/sync - {"script":"<script> [8489 bytes]","args":[{"element-6066-11e4-a52e-4f735466cecf":"f.8359050118E493E9D810750CB1F2C9B3.d.15365CCA131820B1A70DB9523227D897.e.24734","ELEMENT":"f.8359050118E493E9D810750CB1F2C9B3.d.15365CCA131820B1A70DB9523227D897.e.24734"}]}
RESULT: {"script":"<script> [8489 bytes]","args":[{"element-6066-11e4-a52e-4f735466cecf":"f.8359050118E493E9D810750CB1F2C9B3.d.15365CCA131820B1A70DB9523227D897.e.24734","ELEMENT":"f.8359050118E493E9D810750CB1F2C9B3.d.15365CCA131820B1A70DB9523227D897.e.24734"}]}
COMMAND: POST /session/d41a4ef9228655ec76246a5e56c44812/execute/async - {"script":"<script> [1562 bytes]","args":[{"selector":{"id":"application-manageyards-display-component---NewYard--addressNewCostObjectCstID-vhi"},"wdio_ui5_key":"applicationmanageyards-display-component---NewYard--addressNewCostObjectCstID-vhi"}]}
COMMAND: GET /session/d41a4ef9228655ec76246a5e56c44812/screenshot - {}
RESULT: {"script":"<script> [1562 bytes]","args":[{"selector":{"id":"application-manageyards-display-component---NewYard--addressNewCostObjectCstID-vhi"},"wdio_ui5_key":"applicationmanageyards-display-component---NewYard--addressNewCostObjectCstID-vhi"}]}
RESULT: undefined
COMMAND: POST /session/d41a4ef9228655ec76246a5e56c44812/element - {"using":"xpath","value":"//*[@id=\"application-manageyards-display-component---NewYard--addressNewCostObjectCstID-vhi\"]"}
RESULT: {}
RESULT: {"using":"xpath","value":"//*[@id=\"application-manageyards-display-component---NewYard--addressNewCostObjectCstID-vhi\"]"}
COMMAND: POST /session/d41a4ef9228655ec76246a5e56c44812/element/f.8359050118E493E9D810750CB1F2C9B3.d.15365CCA131820B1A70DB9523227D897.e.24734/click - {}
RESULT: {}
COMMAND: GET /session/d41a4ef9228655ec76246a5e56c44812/screenshot - {}
RESULT: {}
COMMAND: POST /session/d41a4ef9228655ec76246a5e56c44812/execute/async - {"script":"<script> [1562 bytes]","args":[{"selector":{"controlType":"sap.m.SearchField","properties":{"placeholder":"Search"},"searchOpenDialogs":true,"interaction":{"idSuffix":"I"}},"wdio_ui5_key":"sapm.SearchField{\"placeholder\":\"Search\"}"}]}
RESULT: {"script":"<script> [1562 bytes]","args":[{"selector":{"controlType":"sap.m.SearchField","properties":{"placeholder":"Search"},"searchOpenDialogs":true,"interaction":{"idSuffix":"I"}},"wdio_ui5_key":"sapm.SearchField{\"placeholder\":\"Search\"}"}]}
RESULT: undefined
COMMAND: POST /session/d41a4ef9228655ec76246a5e56c44812/execute/async - {"script":"<script> [776 bytes]","args":[{"enterText":"bauh_b","selector":{"controlType":"sap.m.SearchField","properties":{"placeholder":"Search"},"searchOpenDialogs":true,"interaction":{"idSuffix":"I"}},"clearTextFirst":true,"interactionType":"ENTER_TEXT"}]}
RESULT: {"script":"<script> [776 bytes]","args":[{"enterText":"bauh_b","selector":{"controlType":"sap.m.SearchField","properties":{"placeholder":"Search"},"searchOpenDialogs":true,"interaction":{"idSuffix":"I"}},"clearTextFirst":true,"interactionType":"ENTER_TEXT"}]}
COMMAND: POST /session/d41a4ef9228655ec76246a5e56c44812/actions - {"actions":[{"id":"action78","type":"key","parameters":{},"actions":[{"type":"keyDown","value":"î€‡"},{"type":"pause","duration":10},{"type":"keyUp","value":"î€‡"}]}]}
RESULT: {"actions":[{"id":"action78","type":"key","parameters":{},"actions":[{"type":"keyDown","value":"î€‡"},{"type":"pause","duration":10},{"type":"keyUp","value":"î€‡"}]}]}
COMMAND: GET /session/d41a4ef9228655ec76246a5e56c44812/screenshot - {}
RESULT: {}
COMMAND: POST /session/d41a4ef9228655ec76246a5e56c44812/element - {"using":"xpath","value":"//span[contains(text(), \"Demo Yard\")]"}
RESULT: {"using":"xpath","value":"//span[contains(text(), \"Demo Yard\")]"}
COMMAND: POST /session/d41a4ef9228655ec76246a5e56c44812/element/f.8359050118E493E9D810750CB1F2C9B3.d.15365CCA131820B1A70DB9523227D897.e.24774/click - {}
RESULT: {}
COMMAND: GET /session/d41a4ef9228655ec76246a5e56c44812/screenshot - {}
RESULT: {}
COMMAND: POST /session/d41a4ef9228655ec76246a5e56c44812/element - {"using":"xpath","value":"//bdi[contains(text(), \"OK\")]"}
RESULT: {"using":"xpath","value":"//bdi[contains(text(), \"OK\")]"}
COMMAND: POST /session/d41a4ef9228655ec76246a5e56c44812/element/f.8359050118E493E9D810750CB1F2C9B3.d.15365CCA131820B1A70DB9523227D897.e.24775/click - {}
RESULT: {}
COMMAND: GET /session/d41a4ef9228655ec76246a5e56c44812/screenshot - {}
RESULT: {}
COMMAND: POST /session/d41a4ef9228655ec76246a5e56c44812/execute/async - {"script":"<script> [1562 bytes]","args":[{"selector":{"id":"application-manageyards-display-component---NewYard--addressEditDetailsCurrency-arrow"},"wdio_ui5_key":"applicationmanageyards-display-component---NewYard--addressEditDetailsCurrency-arrow"}]}
RESULT: {"script":"<script> [1562 bytes]","args":[{"selector":{"id":"application-manageyards-display-component---NewYard--addressEditDetailsCurrency-arrow"},"wdio_ui5_key":"applicationmanageyards-display-component---NewYard--addressEditDetailsCurrency-arrow"}]}
RESULT: undefined
COMMAND: POST /session/d41a4ef9228655ec76246a5e56c44812/element - {"using":"xpath","value":"//*[@id=\"application-manageyards-display-component---NewYard--addressEditDetailsCurrency-arrow\"]"}
RESULT: {"using":"xpath","value":"//*[@id=\"application-manageyards-display-component---NewYard--addressEditDetailsCurrency-arrow\"]"}
COMMAND: POST /session/d41a4ef9228655ec76246a5e56c44812/element/f.8359050118E493E9D810750CB1F2C9B3.d.15365CCA131820B1A70DB9523227D897.e.24778/click - {}
RESULT: {}
COMMAND: POST /session/d41a4ef9228655ec76246a5e56c44812/element - {"using":"xpath","value":"//span[contains(text(), \"Euro\")]"}
COMMAND: GET /session/d41a4ef9228655ec76246a5e56c44812/screenshot - {}
RESULT: {"using":"xpath","value":"//span[contains(text(), \"Euro\")]"}
COMMAND: POST /session/d41a4ef9228655ec76246a5e56c44812/element/f.8359050118E493E9D810750CB1F2C9B3.d.15365CCA131820B1A70DB9523227D897.e.24779/click - {}
RESULT: {}
RESULT: {}
COMMAND: POST /session/d41a4ef9228655ec76246a5e56c44812/execute/async - {"script":"<script> [1562 bytes]","args":[{"selector":{"controlType":"sap.m.Input","viewName":"etm.portal.ui.manageyards.view.New","viewId":"application-manageyards-display-component---NewYard","bindingPath":{"path":"","propertyPath":"/CONTROLLING_AREA","modelName":"NewYardModel"},"interaction":{"idSuffix":"inner"}},"wdio_ui5_key":"etmportal.ui.manageyards.view.Newsap.m.Input{\"path\":\"\",\"propertyPath\":\"/CONTROLLING_AREA\",\"modelName\":\"NewYardModel\"}"}]}
COMMAND: GET /session/d41a4ef9228655ec76246a5e56c44812/screenshot - {}
RESULT: {"script":"<script> [1562 bytes]","args":[{"selector":{"controlType":"sap.m.Input","viewName":"etm.portal.ui.manageyards.view.New","viewId":"application-manageyards-display-component---NewYard","bindingPath":{"path":"","propertyPath":"/CONTROLLING_AREA","modelName":"NewYardModel"},"interaction":{"idSuffix":"inner"}},"wdio_ui5_key":"etmportal.ui.manageyards.view.Newsap.m.Input{\"path\":\"\",\"propertyPath\":\"/CONTROLLING_AREA\",\"modelName\":\"NewYardModel\"}"}]}
RESULT: undefined
COMMAND: POST /session/d41a4ef9228655ec76246a5e56c44812/execute/async - {"script":"<script> [776 bytes]","args":[{"enterText":"Z001","selector":{"controlType":"sap.m.Input","viewName":"etm.portal.ui.manageyards.view.New","viewId":"application-manageyards-display-component---NewYard","bindingPath":{"path":"","propertyPath":"/CONTROLLING_AREA","modelName":"NewYardModel"},"interaction":{"idSuffix":"inner"}},"clearTextFirst":true,"interactionType":"ENTER_TEXT"}]}
RESULT: {}
RESULT: {"script":"<script> [776 bytes]","args":[{"enterText":"Z001","selector":{"controlType":"sap.m.Input","viewName":"etm.portal.ui.manageyards.view.New","viewId":"application-manageyards-display-component---NewYard","bindingPath":{"path":"","propertyPath":"/CONTROLLING_AREA","modelName":"NewYardModel"},"interaction":{"idSuffix":"inner"}},"clearTextFirst":true,"interactionType":"ENTER_TEXT"}]}
COMMAND: POST /session/d41a4ef9228655ec76246a5e56c44812/execute/async - {"script":"<script> [1562 bytes]","args":[{"selector":{"id":"application-manageyards-display-component---NewYard--companyCodeComboBox","interaction":{"idSuffix":"inner"}},"wdio_ui5_key":"applicationmanageyards-display-component---NewYard--companyCodeComboBox"}]}
RESULT: {"script":"<script> [1562 bytes]","args":[{"selector":{"id":"application-manageyards-display-component---NewYard--companyCodeComboBox","interaction":{"idSuffix":"inner"}},"wdio_ui5_key":"applicationmanageyards-display-component---NewYard--companyCodeComboBox"}]}
RESULT: undefined
COMMAND: POST /session/d41a4ef9228655ec76246a5e56c44812/execute/async - {"script":"<script> [776 bytes]","args":[{"enterText":"1000","selector":{"id":"application-manageyards-display-component---NewYard--companyCodeComboBox","interaction":{"idSuffix":"inner"}},"clearTextFirst":true,"interactionType":"ENTER_TEXT"}]}
RESULT: {"script":"<script> [776 bytes]","args":[{"enterText":"1000","selector":{"id":"application-manageyards-display-component---NewYard--companyCodeComboBox","interaction":{"idSuffix":"inner"}},"clearTextFirst":true,"interactionType":"ENTER_TEXT"}]}
COMMAND: POST /session/d41a4ef9228655ec76246a5e56c44812/execute/async - {"script":"<script> [1562 bytes]","args":[{"selector":{"controlType":"sap.m.Input","viewName":"etm.portal.ui.manageyards.view.New","viewId":"application-manageyards-display-component---NewYard","bindingPath":{"path":"","propertyPath":"/PLANT","modelName":"NewYardModel"},"interaction":{"idSuffix":"inner"}},"wdio_ui5_key":"etmportal.ui.manageyards.view.Newsap.m.Input{\"path\":\"\",\"propertyPath\":\"/PLANT\",\"modelName\":\"NewYardModel\"}"}]}
RESULT: {"script":"<script> [1562 bytes]","args":[{"selector":{"controlType":"sap.m.Input","viewName":"etm.portal.ui.manageyards.view.New","viewId":"application-manageyards-display-component---NewYard","bindingPath":{"path":"","propertyPath":"/PLANT","modelName":"NewYardModel"},"interaction":{"idSuffix":"inner"}},"wdio_ui5_key":"etmportal.ui.manageyards.view.Newsap.m.Input{\"path\":\"\",\"propertyPath\":\"/PLANT\",\"modelName\":\"NewYardModel\"}"}]}
RESULT: undefined
COMMAND: POST /session/d41a4ef9228655ec76246a5e56c44812/execute/async - {"script":"<script> [776 bytes]","args":[{"enterText":"1001","selector":{"controlType":"sap.m.Input","viewName":"etm.portal.ui.manageyards.view.New","viewId":"application-manageyards-display-component---NewYard","bindingPath":{"path":"","propertyPath":"/PLANT","modelName":"NewYardModel"},"interaction":{"idSuffix":"inner"}},"clearTextFirst":true,"interactionType":"ENTER_TEXT"}]}
RESULT: {"script":"<script> [776 bytes]","args":[{"enterText":"1001","selector":{"controlType":"sap.m.Input","viewName":"etm.portal.ui.manageyards.view.New","viewId":"application-manageyards-display-component---NewYard","bindingPath":{"path":"","propertyPath":"/PLANT","modelName":"NewYardModel"},"interaction":{"idSuffix":"inner"}},"clearTextFirst":true,"interactionType":"ENTER_TEXT"}]}
COMMAND: POST /session/d41a4ef9228655ec76246a5e56c44812/execute/async - {"script":"<script> [1562 bytes]","args":[{"selector":{"controlType":"sap.m.Input","viewName":"etm.portal.ui.manageyards.view.New","viewId":"application-manageyards-display-component---NewYard","bindingPath":{"path":"","propertyPath":"/SALES_AREA_VKORG","modelName":"NewYardModel"},"interaction":{"idSuffix":"inner"}},"wdio_ui5_key":"etmportal.ui.manageyards.view.Newsap.m.Input{\"path\":\"\",\"propertyPath\":\"/SALES_AREA_VKORG\",\"modelName\":\"NewYardModel\"}"}]}
RESULT: {"script":"<script> [1562 bytes]","args":[{"selector":{"controlType":"sap.m.Input","viewName":"etm.portal.ui.manageyards.view.New","viewId":"application-manageyards-display-component---NewYard","bindingPath":{"path":"","propertyPath":"/SALES_AREA_VKORG","modelName":"NewYardModel"},"interaction":{"idSuffix":"inner"}},"wdio_ui5_key":"etmportal.ui.manageyards.view.Newsap.m.Input{\"path\":\"\",\"propertyPath\":\"/SALES_AREA_VKORG\",\"modelName\":\"NewYardModel\"}"}]}
RESULT: undefined
COMMAND: POST /session/d41a4ef9228655ec76246a5e56c44812/execute/async - {"script":"<script> [776 bytes]","args":[{"enterText":"C002","selector":{"controlType":"sap.m.Input","viewName":"etm.portal.ui.manageyards.view.New","viewId":"application-manageyards-display-component---NewYard","bindingPath":{"path":"","propertyPath":"/SALES_AREA_VKORG","modelName":"NewYardModel"},"interaction":{"idSuffix":"inner"}},"clearTextFirst":true,"interactionType":"ENTER_TEXT"}]}
RESULT: {"script":"<script> [776 bytes]","args":[{"enterText":"C002","selector":{"controlType":"sap.m.Input","viewName":"etm.portal.ui.manageyards.view.New","viewId":"application-manageyards-display-component---NewYard","bindingPath":{"path":"","propertyPath":"/SALES_AREA_VKORG","modelName":"NewYardModel"},"interaction":{"idSuffix":"inner"}},"clearTextFirst":true,"interactionType":"ENTER_TEXT"}]}
COMMAND: POST /session/d41a4ef9228655ec76246a5e56c44812/execute/async - {"script":"<script> [1562 bytes]","args":[{"selector":{"controlType":"sap.m.Input","viewName":"etm.portal.ui.manageyards.view.New","viewId":"application-manageyards-display-component---NewYard","bindingPath":{"path":"","propertyPath":"/SALES_AREA_VTWEG","modelName":"NewYardModel"},"interaction":{"idSuffix":"inner"}},"wdio_ui5_key":"etmportal.ui.manageyards.view.Newsap.m.Input{\"path\":\"\",\"propertyPath\":\"/SALES_AREA_VTWEG\",\"modelName\":\"NewYardModel\"}"}]}
RESULT: {"script":"<script> [1562 bytes]","args":[{"selector":{"controlType":"sap.m.Input","viewName":"etm.portal.ui.manageyards.view.New","viewId":"application-manageyards-display-component---NewYard","bindingPath":{"path":"","propertyPath":"/SALES_AREA_VTWEG","modelName":"NewYardModel"},"interaction":{"idSuffix":"inner"}},"wdio_ui5_key":"etmportal.ui.manageyards.view.Newsap.m.Input{\"path\":\"\",\"propertyPath\":\"/SALES_AREA_VTWEG\",\"modelName\":\"NewYardModel\"}"}]}
RESULT: undefined
COMMAND: POST /session/d41a4ef9228655ec76246a5e56c44812/execute/async - {"script":"<script> [776 bytes]","args":[{"enterText":"C2","selector":{"controlType":"sap.m.Input","viewName":"etm.portal.ui.manageyards.view.New","viewId":"application-manageyards-display-component---NewYard","bindingPath":{"path":"","propertyPath":"/SALES_AREA_VTWEG","modelName":"NewYardModel"},"interaction":{"idSuffix":"inner"}},"clearTextFirst":true,"interactionType":"ENTER_TEXT"}]}
RESULT: {"script":"<script> [776 bytes]","args":[{"enterText":"C2","selector":{"controlType":"sap.m.Input","viewName":"etm.portal.ui.manageyards.view.New","viewId":"application-manageyards-display-component---NewYard","bindingPath":{"path":"","propertyPath":"/SALES_AREA_VTWEG","modelName":"NewYardModel"},"interaction":{"idSuffix":"inner"}},"clearTextFirst":true,"interactionType":"ENTER_TEXT"}]}
COMMAND: POST /session/d41a4ef9228655ec76246a5e56c44812/execute/async - {"script":"<script> [1562 bytes]","args":[{"selector":{"controlType":"sap.m.Input","viewName":"etm.portal.ui.manageyards.view.New","viewId":"application-manageyards-display-component---NewYard","bindingPath":{"path":"","propertyPath":"/SALES_AREA_SPART","modelName":"NewYardModel"},"interaction":{"idSuffix":"inner"}},"wdio_ui5_key":"etmportal.ui.manageyards.view.Newsap.m.Input{\"path\":\"\",\"propertyPath\":\"/SALES_AREA_SPART\",\"modelName\":\"NewYardModel\"}"}]}
RESULT: {"script":"<script> [1562 bytes]","args":[{"selector":{"controlType":"sap.m.Input","viewName":"etm.portal.ui.manageyards.view.New","viewId":"application-manageyards-display-component---NewYard","bindingPath":{"path":"","propertyPath":"/SALES_AREA_SPART","modelName":"NewYardModel"},"interaction":{"idSuffix":"inner"}},"wdio_ui5_key":"etmportal.ui.manageyards.view.Newsap.m.Input{\"path\":\"\",\"propertyPath\":\"/SALES_AREA_SPART\",\"modelName\":\"NewYardModel\"}"}]}
RESULT: undefined
COMMAND: POST /session/d41a4ef9228655ec76246a5e56c44812/execute/async - {"script":"<script> [776 bytes]","args":[{"enterText":"C2","selector":{"controlType":"sap.m.Input","viewName":"etm.portal.ui.manageyards.view.New","viewId":"application-manageyards-display-component---NewYard","bindingPath":{"path":"","propertyPath":"/SALES_AREA_SPART","modelName":"NewYardModel"},"interaction":{"idSuffix":"inner"}},"clearTextFirst":true,"interactionType":"ENTER_TEXT"}]}
RESULT: {"script":"<script> [776 bytes]","args":[{"enterText":"C2","selector":{"controlType":"sap.m.Input","viewName":"etm.portal.ui.manageyards.view.New","viewId":"application-manageyards-display-component---NewYard","bindingPath":{"path":"","propertyPath":"/SALES_AREA_SPART","modelName":"NewYardModel"},"interaction":{"idSuffix":"inner"}},"clearTextFirst":true,"interactionType":"ENTER_TEXT"}]}
COMMAND: POST /session/d41a4ef9228655ec76246a5e56c44812/execute/async - {"script":"<script> [1562 bytes]","args":[{"selector":{"controlType":"sap.m.Input","viewName":"etm.portal.ui.manageyards.view.New","viewId":"application-manageyards-display-component---NewYard","bindingPath":{"path":"","propertyPath":"/SHIP_POINT","modelName":"NewYardModel"},"interaction":{"idSuffix":"inner"}},"wdio_ui5_key":"etmportal.ui.manageyards.view.Newsap.m.Input{\"path\":\"\",\"propertyPath\":\"/SHIP_POINT\",\"modelName\":\"NewYardModel\"}"}]}
RESULT: {"script":"<script> [1562 bytes]","args":[{"selector":{"controlType":"sap.m.Input","viewName":"etm.portal.ui.manageyards.view.New","viewId":"application-manageyards-display-component---NewYard","bindingPath":{"path":"","propertyPath":"/SHIP_POINT","modelName":"NewYardModel"},"interaction":{"idSuffix":"inner"}},"wdio_ui5_key":"etmportal.ui.manageyards.view.Newsap.m.Input{\"path\":\"\",\"propertyPath\":\"/SHIP_POINT\",\"modelName\":\"NewYardModel\"}"}]}
RESULT: undefined
COMMAND: POST /session/d41a4ef9228655ec76246a5e56c44812/execute/async - {"script":"<script> [776 bytes]","args":[{"enterText":"1710","selector":{"controlType":"sap.m.Input","viewName":"etm.portal.ui.manageyards.view.New","viewId":"application-manageyards-display-component---NewYard","bindingPath":{"path":"","propertyPath":"/SHIP_POINT","modelName":"NewYardModel"},"interaction":{"idSuffix":"inner"}},"clearTextFirst":true,"interactionType":"ENTER_TEXT"}]}
RESULT: {"script":"<script> [776 bytes]","args":[{"enterText":"1710","selector":{"controlType":"sap.m.Input","viewName":"etm.portal.ui.manageyards.view.New","viewId":"application-manageyards-display-component---NewYard","bindingPath":{"path":"","propertyPath":"/SHIP_POINT","modelName":"NewYardModel"},"interaction":{"idSuffix":"inner"}},"clearTextFirst":true,"interactionType":"ENTER_TEXT"}]}
COMMAND: POST /session/d41a4ef9228655ec76246a5e56c44812/execute/async - {"script":"<script> [1562 bytes]","args":[{"selector":{"controlType":"sap.m.Input","viewName":"etm.portal.ui.manageyards.view.New","viewId":"application-manageyards-display-component---NewYard","bindingPath":{"path":"","propertyPath":"/DELIVERY_TYPE","modelName":"NewYardModel"},"interaction":{"idSuffix":"inner"}},"wdio_ui5_key":"etmportal.ui.manageyards.view.Newsap.m.Input{\"path\":\"\",\"propertyPath\":\"/DELIVERY_TYPE\",\"modelName\":\"NewYardModel\"}"}]}
RESULT: {"script":"<script> [1562 bytes]","args":[{"selector":{"controlType":"sap.m.Input","viewName":"etm.portal.ui.manageyards.view.New","viewId":"application-manageyards-display-component---NewYard","bindingPath":{"path":"","propertyPath":"/DELIVERY_TYPE","modelName":"NewYardModel"},"interaction":{"idSuffix":"inner"}},"wdio_ui5_key":"etmportal.ui.manageyards.view.Newsap.m.Input{\"path\":\"\",\"propertyPath\":\"/DELIVERY_TYPE\",\"modelName\":\"NewYardModel\"}"}]}
RESULT: undefined
COMMAND: POST /session/d41a4ef9228655ec76246a5e56c44812/execute/async - {"script":"<script> [776 bytes]","args":[{"enterText":"ZL01","selector":{"controlType":"sap.m.Input","viewName":"etm.portal.ui.manageyards.view.New","viewId":"application-manageyards-display-component---NewYard","bindingPath":{"path":"","propertyPath":"/DELIVERY_TYPE","modelName":"NewYardModel"},"interaction":{"idSuffix":"inner"}},"clearTextFirst":true,"interactionType":"ENTER_TEXT"}]}
RESULT: {"script":"<script> [776 bytes]","args":[{"enterText":"ZL01","selector":{"controlType":"sap.m.Input","viewName":"etm.portal.ui.manageyards.view.New","viewId":"application-manageyards-display-component---NewYard","bindingPath":{"path":"","propertyPath":"/DELIVERY_TYPE","modelName":"NewYardModel"},"interaction":{"idSuffix":"inner"}},"clearTextFirst":true,"interactionType":"ENTER_TEXT"}]}
COMMAND: POST /session/d41a4ef9228655ec76246a5e56c44812/execute/async - {"script":"<script> [1562 bytes]","args":[{"selector":{"controlType":"sap.m.Input","viewName":"etm.portal.ui.manageyards.view.New","viewId":"application-manageyards-display-component---NewYard","bindingPath":{"path":"","propertyPath":"/AUART","modelName":"NewYardModel"},"interaction":{"idSuffix":"inner"}},"wdio_ui5_key":"etmportal.ui.manageyards.view.Newsap.m.Input{\"path\":\"\",\"propertyPath\":\"/AUART\",\"modelName\":\"NewYardModel\"}"}]}
RESULT: {"script":"<script> [1562 bytes]","args":[{"selector":{"controlType":"sap.m.Input","viewName":"etm.portal.ui.manageyards.view.New","viewId":"application-manageyards-display-component---NewYard","bindingPath":{"path":"","propertyPath":"/AUART","modelName":"NewYardModel"},"interaction":{"idSuffix":"inner"}},"wdio_ui5_key":"etmportal.ui.manageyards.view.Newsap.m.Input{\"path\":\"\",\"propertyPath\":\"/AUART\",\"modelName\":\"NewYardModel\"}"}]}
RESULT: undefined
COMMAND: POST /session/d41a4ef9228655ec76246a5e56c44812/execute/async - {"script":"<script> [776 bytes]","args":[{"enterText":"TA","selector":{"controlType":"sap.m.Input","viewName":"etm.portal.ui.manageyards.view.New","viewId":"application-manageyards-display-component---NewYard","bindingPath":{"path":"","propertyPath":"/AUART","modelName":"NewYardModel"},"interaction":{"idSuffix":"inner"}},"clearTextFirst":true,"interactionType":"ENTER_TEXT"}]}
RESULT: {"script":"<script> [776 bytes]","args":[{"enterText":"TA","selector":{"controlType":"sap.m.Input","viewName":"etm.portal.ui.manageyards.view.New","viewId":"application-manageyards-display-component---NewYard","bindingPath":{"path":"","propertyPath":"/AUART","modelName":"NewYardModel"},"interaction":{"idSuffix":"inner"}},"clearTextFirst":true,"interactionType":"ENTER_TEXT"}]}
COMMAND: POST /session/d41a4ef9228655ec76246a5e56c44812/element - {"using":"xpath","value":"//button[@data-kt=\"newYardSaveButton\"]"}
RESULT: {"using":"xpath","value":"//button[@data-kt=\"newYardSaveButton\"]"}
COMMAND: POST /session/d41a4ef9228655ec76246a5e56c44812/element/f.8359050118E493E9D810750CB1F2C9B3.d.15365CCA131820B1A70DB9523227D897.e.24686/click - {}
RESULT: {}
COMMAND: GET /session/d41a4ef9228655ec76246a5e56c44812/screenshot - {}
RESULT: {}
COMMAND: POST /session/d41a4ef9228655ec76246a5e56c44812/element - {"using":"xpath","value":"//header[contains(@id, 'ObjectPageLayout-headerTitle')]/div[1]/div[2]/div[1]/span[1]"}
RESULT: {"using":"xpath","value":"//header[contains(@id, 'ObjectPageLayout-headerTitle')]/div[1]/div[2]/div[1]/span[1]"}
COMMAND: POST /session/d41a4ef9228655ec76246a5e56c44812/elements - {"using":"xpath","value":"//header[contains(@id, 'ObjectPageLayout-headerTitle')]/div[1]/div[2]/div[1]/span[1]"}
RESULT: {"using":"xpath","value":"//header[contains(@id, 'ObjectPageLayout-headerTitle')]/div[1]/div[2]/div[1]/span[1]"}
COMMAND: POST /session/d41a4ef9228655ec76246a5e56c44812/execute/sync - {"script":"<script> [56 bytes]","args":[{"element-6066-11e4-a52e-4f735466cecf":"f.8359050118E493E9D810750CB1F2C9B3.d.15365CCA131820B1A70DB9523227D897.e.25005","ELEMENT":"f.8359050118E493E9D810750CB1F2C9B3.d.15365CCA131820B1A70DB9523227D897.e.25005"}]}
RESULT: {"script":"<script> [56 bytes]","args":[{"element-6066-11e4-a52e-4f735466cecf":"f.8359050118E493E9D810750CB1F2C9B3.d.15365CCA131820B1A70DB9523227D897.e.25005","ELEMENT":"f.8359050118E493E9D810750CB1F2C9B3.d.15365CCA131820B1A70DB9523227D897.e.25005"}]}
COMMAND: GET /session/d41a4ef9228655ec76246a5e56c44812/screenshot - {}
RESULT: {}
COMMAND: POST /session/d41a4ef9228655ec76246a5e56c44812/element - {"using":"css selector","value":"#shell-header-logo"}
RESULT: {"using":"css selector","value":"#shell-header-logo"}
COMMAND: POST /session/d41a4ef9228655ec76246a5e56c44812/element/f.8359050118E493E9D810750CB1F2C9B3.d.15365CCA131820B1A70DB9523227D897.e.24133/click - {}
RESULT: {}
COMMAND: GET /session/d41a4ef9228655ec76246a5e56c44812/screenshot - {}
RESULT: {}
COMMAND: POST /session/d41a4ef9228655ec76246a5e56c44812/execute/sync - {"script":"<script> [299 bytes]","args":[["getModel","getResource"]]}
RESULT: {"script":"<script> [299 bytes]","args":[["getModel","getResource"]]}
]]></system-out>
    </testcase>
    <testcase classname="chrome.136_0_7103_93.windows.Transfer_Yard_to_Yard_US131076" name="Should create an equipment" time="147.855">
      <system-out><![CDATA[
COMMAND: POST /session/d41a4ef9228655ec76246a5e56c44812/execute/async - {"script":"<script> [1562 bytes]","args":[{"selector":{"controlType":"sap.m.GenericTile","properties":{"header":"Manage Resources"}},"wdio_ui5_key":"sapm.GenericTile{\"header\":\"Manage Resources\"}"}]}
COMMAND: GET /session/d41a4ef9228655ec76246a5e56c44812/screenshot - {}
RESULT: {"script":"<script> [1562 bytes]","args":[{"selector":{"controlType":"sap.m.GenericTile","properties":{"header":"Manage Resources"}},"wdio_ui5_key":"sapm.GenericTile{\"header\":\"Manage Resources\"}"}]}
RESULT: undefined
COMMAND: POST /session/d41a4ef9228655ec76246a5e56c44812/element - {"using":"xpath","value":"//*[@id=\"__tile31\"]"}
RESULT: {}
RESULT: {"using":"xpath","value":"//*[@id=\"__tile31\"]"}
COMMAND: POST /session/d41a4ef9228655ec76246a5e56c44812/element/f.8359050118E493E9D810750CB1F2C9B3.d.15365CCA131820B1A70DB9523227D897.e.24157/click - {}
RESULT: {}
COMMAND: GET /session/d41a4ef9228655ec76246a5e56c44812/screenshot - {}
RESULT: {}
COMMAND: POST /session/d41a4ef9228655ec76246a5e56c44812/elements - {"using":"xpath","value":"//span[text()='Error']"}
RESULT: {"using":"xpath","value":"//span[text()='Error']"}
COMMAND: POST /session/d41a4ef9228655ec76246a5e56c44812/element - {"using":"xpath","value":"//button[@data-kt=\"addNewRUOverflowToolbarButton\"]"}
RESULT: {"using":"xpath","value":"//button[@data-kt=\"addNewRUOverflowToolbarButton\"]"}
COMMAND: POST /session/d41a4ef9228655ec76246a5e56c44812/elements - {"using":"xpath","value":"//button[@data-kt=\"addNewRUOverflowToolbarButton\"]"}
RESULT: {"using":"xpath","value":"//button[@data-kt=\"addNewRUOverflowToolbarButton\"]"}
COMMAND: POST /session/d41a4ef9228655ec76246a5e56c44812/execute/sync - {"script":"<script> [8489 bytes]","args":[{"element-6066-11e4-a52e-4f735466cecf":"f.8359050118E493E9D810750CB1F2C9B3.d.15365CCA131820B1A70DB9523227D897.e.25036","ELEMENT":"f.8359050118E493E9D810750CB1F2C9B3.d.15365CCA131820B1A70DB9523227D897.e.25036"}]}
RESULT: {"script":"<script> [8489 bytes]","args":[{"element-6066-11e4-a52e-4f735466cecf":"f.8359050118E493E9D810750CB1F2C9B3.d.15365CCA131820B1A70DB9523227D897.e.25036","ELEMENT":"f.8359050118E493E9D810750CB1F2C9B3.d.15365CCA131820B1A70DB9523227D897.e.25036"}]}
COMMAND: GET /session/d41a4ef9228655ec76246a5e56c44812/element/f.8359050118E493E9D810750CB1F2C9B3.d.15365CCA131820B1A70DB9523227D897.e.25036/enabled - {}
COMMAND: GET /session/d41a4ef9228655ec76246a5e56c44812/screenshot - {}
RESULT: {}
COMMAND: POST /session/d41a4ef9228655ec76246a5e56c44812/execute/sync - {"script":"<script> [8489 bytes]","args":[{"element-6066-11e4-a52e-4f735466cecf":"f.8359050118E493E9D810750CB1F2C9B3.d.15365CCA131820B1A70DB9523227D897.e.25036","ELEMENT":"f.8359050118E493E9D810750CB1F2C9B3.d.15365CCA131820B1A70DB9523227D897.e.25036"}]}
COMMAND: GET /session/d41a4ef9228655ec76246a5e56c44812/screenshot - {}
RESULT: {}
RESULT: {"script":"<script> [8489 bytes]","args":[{"element-6066-11e4-a52e-4f735466cecf":"f.8359050118E493E9D810750CB1F2C9B3.d.15365CCA131820B1A70DB9523227D897.e.25036","ELEMENT":"f.8359050118E493E9D810750CB1F2C9B3.d.15365CCA131820B1A70DB9523227D897.e.25036"}]}
COMMAND: POST /session/d41a4ef9228655ec76246a5e56c44812/execute/sync - {"script":"<script> [5351 bytes]","args":[{"element-6066-11e4-a52e-4f735466cecf":"f.8359050118E493E9D810750CB1F2C9B3.d.15365CCA131820B1A70DB9523227D897.e.25036","ELEMENT":"f.8359050118E493E9D810750CB1F2C9B3.d.15365CCA131820B1A70DB9523227D897.e.25036"}]}
COMMAND: GET /session/d41a4ef9228655ec76246a5e56c44812/screenshot - {}
RESULT: {}
RESULT: {"script":"<script> [5351 bytes]","args":[{"element-6066-11e4-a52e-4f735466cecf":"f.8359050118E493E9D810750CB1F2C9B3.d.15365CCA131820B1A70DB9523227D897.e.25036","ELEMENT":"f.8359050118E493E9D810750CB1F2C9B3.d.15365CCA131820B1A70DB9523227D897.e.25036"}]}
COMMAND: POST /session/d41a4ef9228655ec76246a5e56c44812/element/f.8359050118E493E9D810750CB1F2C9B3.d.15365CCA131820B1A70DB9523227D897.e.25036/click - {}
COMMAND: GET /session/d41a4ef9228655ec76246a5e56c44812/screenshot - {}
RESULT: {}
RESULT: {}
COMMAND: GET /session/d41a4ef9228655ec76246a5e56c44812/screenshot - {}
COMMAND: POST /session/d41a4ef9228655ec76246a5e56c44812/execute/async - {"script":"<script> [1562 bytes]","args":[{"selector":{"id":"application-manageresources-display-component---newResourceUnit--TYPE-arrow"},"wdio_ui5_key":"applicationmanageresources-display-component---newResourceUnit--TYPE-arrow"}]}
RESULT: {}
RESULT: {}
RESULT: {"script":"<script> [1562 bytes]","args":[{"selector":{"id":"application-manageresources-display-component---newResourceUnit--TYPE-arrow"},"wdio_ui5_key":"applicationmanageresources-display-component---newResourceUnit--TYPE-arrow"}]}
RESULT: undefined
COMMAND: POST /session/d41a4ef9228655ec76246a5e56c44812/element - {"using":"xpath","value":"//*[@id=\"application-manageresources-display-component---newResourceUnit--TYPE-arrow\"]"}
RESULT: {"using":"xpath","value":"//*[@id=\"application-manageresources-display-component---newResourceUnit--TYPE-arrow\"]"}
COMMAND: POST /session/d41a4ef9228655ec76246a5e56c44812/element/f.8359050118E493E9D810750CB1F2C9B3.d.15365CCA131820B1A70DB9523227D897.e.25395/click - {}
RESULT: {}
COMMAND: POST /session/d41a4ef9228655ec76246a5e56c44812/element - {"using":"xpath","value":"//input[@id=\"application-manageresources-display-component---newResourceUnit--TYPE-inner\"]"}
COMMAND: GET /session/d41a4ef9228655ec76246a5e56c44812/screenshot - {}
RESULT: {"using":"xpath","value":"//input[@id=\"application-manageresources-display-component---newResourceUnit--TYPE-inner\"]"}
COMMAND: POST /session/d41a4ef9228655ec76246a5e56c44812/element/f.8359050118E493E9D810750CB1F2C9B3.d.15365CCA131820B1A70DB9523227D897.e.25388/clear - {}
RESULT: {}
RESULT: {}
COMMAND: POST /session/d41a4ef9228655ec76246a5e56c44812/element/f.8359050118E493E9D810750CB1F2C9B3.d.15365CCA131820B1A70DB9523227D897.e.25388/value - {"text":"Equipment"}
COMMAND: GET /session/d41a4ef9228655ec76246a5e56c44812/screenshot - {}
RESULT: {"text":"Equipment"}
COMMAND: GET /session/d41a4ef9228655ec76246a5e56c44812/screenshot - {}
RESULT: {}
RESULT: {}
COMMAND: POST /session/d41a4ef9228655ec76246a5e56c44812/actions - {"actions":[{"id":"action79","type":"key","parameters":{},"actions":[{"type":"keyDown","value":"î€‡"},{"type":"pause","duration":10},{"type":"keyUp","value":"î€‡"}]}]}
RESULT: {"actions":[{"id":"action79","type":"key","parameters":{},"actions":[{"type":"keyDown","value":"î€‡"},{"type":"pause","duration":10},{"type":"keyUp","value":"î€‡"}]}]}
COMMAND: POST /session/d41a4ef9228655ec76246a5e56c44812/execute/async - {"script":"<script> [1562 bytes]","args":[{"selector":{"id":"application-manageresources-display-component---newResourceUnit--resourceId","interaction":{"idSuffix":"inner"}},"wdio_ui5_key":"applicationmanageresources-display-component---newResourceUnit--resourceId"}]}
COMMAND: GET /session/d41a4ef9228655ec76246a5e56c44812/screenshot - {}
RESULT: {"script":"<script> [1562 bytes]","args":[{"selector":{"id":"application-manageresources-display-component---newResourceUnit--resourceId","interaction":{"idSuffix":"inner"}},"wdio_ui5_key":"applicationmanageresources-display-component---newResourceUnit--resourceId"}]}
RESULT: undefined
COMMAND: POST /session/d41a4ef9228655ec76246a5e56c44812/execute/async - {"script":"<script> [776 bytes]","args":[{"enterText":"2JakvzDdKz","selector":{"id":"application-manageresources-display-component---newResourceUnit--resourceId","interaction":{"idSuffix":"inner"}},"clearTextFirst":true,"interactionType":"ENTER_TEXT"}]}
RESULT: {}
RESULT: {"script":"<script> [776 bytes]","args":[{"enterText":"2JakvzDdKz","selector":{"id":"application-manageresources-display-component---newResourceUnit--resourceId","interaction":{"idSuffix":"inner"}},"clearTextFirst":true,"interactionType":"ENTER_TEXT"}]}
COMMAND: POST /session/d41a4ef9228655ec76246a5e56c44812/execute/async - {"script":"<script> [1562 bytes]","args":[{"selector":{"id":"application-manageresources-display-component---newResourceUnit--SHORT_TEXT","interaction":{"idSuffix":"inner"}},"wdio_ui5_key":"applicationmanageresources-display-component---newResourceUnit--SHORT_TEXT"}]}
RESULT: {"script":"<script> [1562 bytes]","args":[{"selector":{"id":"application-manageresources-display-component---newResourceUnit--SHORT_TEXT","interaction":{"idSuffix":"inner"}},"wdio_ui5_key":"applicationmanageresources-display-component---newResourceUnit--SHORT_TEXT"}]}
RESULT: undefined
COMMAND: POST /session/d41a4ef9228655ec76246a5e56c44812/execute/async - {"script":"<script> [776 bytes]","args":[{"enterText":"Intercompany Equipment WDIO","selector":{"id":"application-manageresources-display-component---newResourceUnit--SHORT_TEXT","interaction":{"idSuffix":"inner"}},"clearTextFirst":true,"interactionType":"ENTER_TEXT"}]}
RESULT: {"script":"<script> [776 bytes]","args":[{"enterText":"Intercompany Equipment WDIO","selector":{"id":"application-manageresources-display-component---newResourceUnit--SHORT_TEXT","interaction":{"idSuffix":"inner"}},"clearTextFirst":true,"interactionType":"ENTER_TEXT"}]}
COMMAND: POST /session/d41a4ef9228655ec76246a5e56c44812/execute/async - {"script":"<script> [1562 bytes]","args":[{"selector":{"id":"application-manageresources-display-component---newResourceUnit--BASE_UNIT_OF_MEASURE","interaction":{"idSuffix":"inner"}},"wdio_ui5_key":"applicationmanageresources-display-component---newResourceUnit--BASE_UNIT_OF_MEASURE"}]}
RESULT: {"script":"<script> [1562 bytes]","args":[{"selector":{"id":"application-manageresources-display-component---newResourceUnit--BASE_UNIT_OF_MEASURE","interaction":{"idSuffix":"inner"}},"wdio_ui5_key":"applicationmanageresources-display-component---newResourceUnit--BASE_UNIT_OF_MEASURE"}]}
RESULT: undefined
COMMAND: POST /session/d41a4ef9228655ec76246a5e56c44812/execute/async - {"script":"<script> [776 bytes]","args":[{"enterText":"Piece","selector":{"id":"application-manageresources-display-component---newResourceUnit--BASE_UNIT_OF_MEASURE","interaction":{"idSuffix":"inner"}},"clearTextFirst":true,"interactionType":"ENTER_TEXT"}]}
RESULT: {"script":"<script> [776 bytes]","args":[{"enterText":"Piece","selector":{"id":"application-manageresources-display-component---newResourceUnit--BASE_UNIT_OF_MEASURE","interaction":{"idSuffix":"inner"}},"clearTextFirst":true,"interactionType":"ENTER_TEXT"}]}
COMMAND: POST /session/d41a4ef9228655ec76246a5e56c44812/execute/async - {"script":"<script> [1562 bytes]","args":[{"selector":{"id":"application-manageresources-display-component---newResourceUnit--WEIGHT_UNIT","interaction":{"idSuffix":"inner"}},"wdio_ui5_key":"applicationmanageresources-display-component---newResourceUnit--WEIGHT_UNIT"}]}
RESULT: {"script":"<script> [1562 bytes]","args":[{"selector":{"id":"application-manageresources-display-component---newResourceUnit--WEIGHT_UNIT","interaction":{"idSuffix":"inner"}},"wdio_ui5_key":"applicationmanageresources-display-component---newResourceUnit--WEIGHT_UNIT"}]}
RESULT: undefined
COMMAND: POST /session/d41a4ef9228655ec76246a5e56c44812/execute/async - {"script":"<script> [776 bytes]","args":[{"enterText":"Gram","selector":{"id":"application-manageresources-display-component---newResourceUnit--WEIGHT_UNIT","interaction":{"idSuffix":"inner"}},"clearTextFirst":true,"interactionType":"ENTER_TEXT"}]}
RESULT: {"script":"<script> [776 bytes]","args":[{"enterText":"Gram","selector":{"id":"application-manageresources-display-component---newResourceUnit--WEIGHT_UNIT","interaction":{"idSuffix":"inner"}},"clearTextFirst":true,"interactionType":"ENTER_TEXT"}]}
COMMAND: POST /session/d41a4ef9228655ec76246a5e56c44812/execute/async - {"script":"<script> [1562 bytes]","args":[{"selector":{"id":"application-manageresources-display-component---newResourceUnit--DIMENSION_UNIT","interaction":{"idSuffix":"inner"}},"wdio_ui5_key":"applicationmanageresources-display-component---newResourceUnit--DIMENSION_UNIT"}]}
RESULT: {"script":"<script> [1562 bytes]","args":[{"selector":{"id":"application-manageresources-display-component---newResourceUnit--DIMENSION_UNIT","interaction":{"idSuffix":"inner"}},"wdio_ui5_key":"applicationmanageresources-display-component---newResourceUnit--DIMENSION_UNIT"}]}
RESULT: undefined
COMMAND: POST /session/d41a4ef9228655ec76246a5e56c44812/execute/async - {"script":"<script> [776 bytes]","args":[{"enterText":"Meter","selector":{"id":"application-manageresources-display-component---newResourceUnit--DIMENSION_UNIT","interaction":{"idSuffix":"inner"}},"clearTextFirst":true,"interactionType":"ENTER_TEXT"}]}
RESULT: {"script":"<script> [776 bytes]","args":[{"enterText":"Meter","selector":{"id":"application-manageresources-display-component---newResourceUnit--DIMENSION_UNIT","interaction":{"idSuffix":"inner"}},"clearTextFirst":true,"interactionType":"ENTER_TEXT"}]}
COMMAND: POST /session/d41a4ef9228655ec76246a5e56c44812/execute/async - {"script":"<script> [1562 bytes]","args":[{"selector":{"id":"application-manageresources-display-component---newResourceUnit--newRRUPage-anchBar-application-manageresources-display-component---newResourceUnit--control-anchor","interaction":{"idSuffix":"BDI-content"}},"wdio_ui5_key":"applicationmanageresources-display-component---newResourceUnit--newRRUPage-anchBar-application-manageresources-display-component---newResourceUnit--control-anchor"}]}
RESULT: {"script":"<script> [1562 bytes]","args":[{"selector":{"id":"application-manageresources-display-component---newResourceUnit--newRRUPage-anchBar-application-manageresources-display-component---newResourceUnit--control-anchor","interaction":{"idSuffix":"BDI-content"}},"wdio_ui5_key":"applicationmanageresources-display-component---newResourceUnit--newRRUPage-anchBar-application-manageresources-display-component---newResourceUnit--control-anchor"}]}
RESULT: undefined
COMMAND: POST /session/d41a4ef9228655ec76246a5e56c44812/element - {"using":"xpath","value":"//*[@id=\"application-manageresources-display-component---newResourceUnit--newRRUPage-anchBar-application-manageresources-display-component---newResourceUnit--control-anchor\"]"}
RESULT: {"using":"xpath","value":"//*[@id=\"application-manageresources-display-component---newResourceUnit--newRRUPage-anchBar-application-manageresources-display-component---newResourceUnit--control-anchor\"]"}
COMMAND: POST /session/d41a4ef9228655ec76246a5e56c44812/element/f.8359050118E493E9D810750CB1F2C9B3.d.15365CCA131820B1A70DB9523227D897.e.25526/click - {}
RESULT: {}
COMMAND: POST /session/d41a4ef9228655ec76246a5e56c44812/execute/async - {"script":"<script> [1562 bytes]","args":[{"selector":{"id":"application-manageresources-display-component---newResourceUnit--PLANNING_GROUP","interaction":{"idSuffix":"inner"}},"wdio_ui5_key":"applicationmanageresources-display-component---newResourceUnit--PLANNING_GROUP"}]}
COMMAND: GET /session/d41a4ef9228655ec76246a5e56c44812/screenshot - {}
RESULT: {"script":"<script> [1562 bytes]","args":[{"selector":{"id":"application-manageresources-display-component---newResourceUnit--PLANNING_GROUP","interaction":{"idSuffix":"inner"}},"wdio_ui5_key":"applicationmanageresources-display-component---newResourceUnit--PLANNING_GROUP"}]}
RESULT: undefined
COMMAND: POST /session/d41a4ef9228655ec76246a5e56c44812/execute/async - {"script":"<script> [776 bytes]","args":[{"enterText":"Heavy Equi","selector":{"id":"application-manageresources-display-component---newResourceUnit--PLANNING_GROUP","interaction":{"idSuffix":"inner"}},"clearTextFirst":true,"interactionType":"ENTER_TEXT"}]}
RESULT: {}
RESULT: {"script":"<script> [776 bytes]","args":[{"enterText":"Heavy Equi","selector":{"id":"application-manageresources-display-component---newResourceUnit--PLANNING_GROUP","interaction":{"idSuffix":"inner"}},"clearTextFirst":true,"interactionType":"ENTER_TEXT"}]}
COMMAND: POST /session/d41a4ef9228655ec76246a5e56c44812/execute/async - {"script":"<script> [1562 bytes]","args":[{"selector":{"id":"application-manageresources-display-component---newResourceUnit--ITEM_TYPE-arrow"},"wdio_ui5_key":"applicationmanageresources-display-component---newResourceUnit--ITEM_TYPE-arrow"}]}
RESULT: {"script":"<script> [1562 bytes]","args":[{"selector":{"id":"application-manageresources-display-component---newResourceUnit--ITEM_TYPE-arrow"},"wdio_ui5_key":"applicationmanageresources-display-component---newResourceUnit--ITEM_TYPE-arrow"}]}
RESULT: undefined
COMMAND: POST /session/d41a4ef9228655ec76246a5e56c44812/element - {"using":"xpath","value":"//*[@id=\"application-manageresources-display-component---newResourceUnit--ITEM_TYPE-arrow\"]"}
RESULT: {"using":"xpath","value":"//*[@id=\"application-manageresources-display-component---newResourceUnit--ITEM_TYPE-arrow\"]"}
COMMAND: POST /session/d41a4ef9228655ec76246a5e56c44812/element/f.8359050118E493E9D810750CB1F2C9B3.d.15365CCA131820B1A70DB9523227D897.e.25533/click - {}
RESULT: {}
COMMAND: POST /session/d41a4ef9228655ec76246a5e56c44812/element - {"using":"xpath","value":"(//span[contains(text(), \"Resource Unit\")])[2]"}
COMMAND: GET /session/d41a4ef9228655ec76246a5e56c44812/screenshot - {}
RESULT: {"using":"xpath","value":"(//span[contains(text(), \"Resource Unit\")])[2]"}
COMMAND: POST /session/d41a4ef9228655ec76246a5e56c44812/element/f.8359050118E493E9D810750CB1F2C9B3.d.15365CCA131820B1A70DB9523227D897.e.25534/click - {}
RESULT: {}
RESULT: {}
COMMAND: GET /session/d41a4ef9228655ec76246a5e56c44812/screenshot - {}
RESULT: {}
COMMAND: POST /session/d41a4ef9228655ec76246a5e56c44812/element - {"using":"css selector","value":"#application-manageresources-display-component---newResourceUnit--btnAddTimeSegment"}
RESULT: {"using":"css selector","value":"#application-manageresources-display-component---newResourceUnit--btnAddTimeSegment"}
COMMAND: GET /session/d41a4ef9228655ec76246a5e56c44812/element/f.8359050118E493E9D810750CB1F2C9B3.d.15365CCA131820B1A70DB9523227D897.e.25535/rect - {}
RESULT: {}
COMMAND: GET /session/d41a4ef9228655ec76246a5e56c44812/window/rect - {}
RESULT: {}
COMMAND: POST /session/d41a4ef9228655ec76246a5e56c44812/execute/sync - {"script":"<script> [92 bytes]","args":[]}
RESULT: {"script":"<script> [92 bytes]","args":[]}
COMMAND: POST /session/d41a4ef9228655ec76246a5e56c44812/actions - {"actions":[{"id":"action80","type":"wheel","parameters":{},"actions":[{"type":"scroll","x":-1888,"y":-32,"deltaX":0,"deltaY":0,"duration":0,"origin":{"element-6066-11e4-a52e-4f735466cecf":"f.8359050118E493E9D810750CB1F2C9B3.d.15365CCA131820B1A70DB9523227D897.e.25535"}}]}]}
COMMAND: GET /session/d41a4ef9228655ec76246a5e56c44812/screenshot - {}
RESULT: {}
COMMAND: POST /session/d41a4ef9228655ec76246a5e56c44812/execute/sync - {"script":"<script> [79 bytes]","args":[{"element-6066-11e4-a52e-4f735466cecf":"f.8359050118E493E9D810750CB1F2C9B3.d.15365CCA131820B1A70DB9523227D897.e.25535","ELEMENT":"f.8359050118E493E9D810750CB1F2C9B3.d.15365CCA131820B1A70DB9523227D897.e.25535"},{"block":"start","inline":"nearest"}]}
RESULT: {"script":"<script> [79 bytes]","args":[{"element-6066-11e4-a52e-4f735466cecf":"f.8359050118E493E9D810750CB1F2C9B3.d.15365CCA131820B1A70DB9523227D897.e.25535","ELEMENT":"f.8359050118E493E9D810750CB1F2C9B3.d.15365CCA131820B1A70DB9523227D897.e.25535"},{"block":"start","inline":"nearest"}]}
COMMAND: POST /session/d41a4ef9228655ec76246a5e56c44812/execute/async - {"script":"<script> [1562 bytes]","args":[{"selector":{"id":"application-manageresources-display-component---newResourceUnit--btnAddTimeSegment","interaction":{"idSuffix":"inner"}},"wdio_ui5_key":"applicationmanageresources-display-component---newResourceUnit--btnAddTimeSegment"}]}
COMMAND: GET /session/d41a4ef9228655ec76246a5e56c44812/screenshot - {}
RESULT: {"script":"<script> [1562 bytes]","args":[{"selector":{"id":"application-manageresources-display-component---newResourceUnit--btnAddTimeSegment","interaction":{"idSuffix":"inner"}},"wdio_ui5_key":"applicationmanageresources-display-component---newResourceUnit--btnAddTimeSegment"}]}
RESULT: undefined
COMMAND: POST /session/d41a4ef9228655ec76246a5e56c44812/element - {"using":"xpath","value":"//*[@id=\"application-manageresources-display-component---newResourceUnit--btnAddTimeSegment\"]"}
RESULT: {}
RESULT: {"using":"xpath","value":"//*[@id=\"application-manageresources-display-component---newResourceUnit--btnAddTimeSegment\"]"}
COMMAND: POST /session/d41a4ef9228655ec76246a5e56c44812/element/f.8359050118E493E9D810750CB1F2C9B3.d.15365CCA131820B1A70DB9523227D897.e.25535/click - {}
RESULT: {}
COMMAND: GET /session/d41a4ef9228655ec76246a5e56c44812/screenshot - {}
RESULT: {}
COMMAND: POST /session/d41a4ef9228655ec76246a5e56c44812/element - {"using":"xpath","value":"//input[@id=\"application-manageresources-display-component---newResourceUnit--idRuTSAdmin-application-manageresources-display-component---newResourceUnit--RUTimeSegment-0-inner\"]"}
RESULT: {"using":"xpath","value":"//input[@id=\"application-manageresources-display-component---newResourceUnit--idRuTSAdmin-application-manageresources-display-component---newResourceUnit--RUTimeSegment-0-inner\"]"}
COMMAND: POST /session/d41a4ef9228655ec76246a5e56c44812/element/f.8359050118E493E9D810750CB1F2C9B3.d.15365CCA131820B1A70DB9523227D897.e.25541/clear - {}
RESULT: {}
COMMAND: POST /session/d41a4ef9228655ec76246a5e56c44812/element/f.8359050118E493E9D810750CB1F2C9B3.d.15365CCA131820B1A70DB9523227D897.e.25541/value - {"text":"476"}
COMMAND: GET /session/d41a4ef9228655ec76246a5e56c44812/screenshot - {}
RESULT: {"text":"476"}
COMMAND: GET /session/d41a4ef9228655ec76246a5e56c44812/screenshot - {}
RESULT: {}
RESULT: {}
COMMAND: POST /session/d41a4ef9228655ec76246a5e56c44812/element - {"using":"xpath","value":"//li[.//span[text()='476']]"}
RESULT: {"using":"xpath","value":"//li[.//span[text()='476']]"}
COMMAND: POST /session/d41a4ef9228655ec76246a5e56c44812/element/f.8359050118E493E9D810750CB1F2C9B3.d.15365CCA131820B1A70DB9523227D897.e.25555/click - {}
RESULT: {}
COMMAND: GET /session/d41a4ef9228655ec76246a5e56c44812/screenshot - {}
RESULT: {}
COMMAND: POST /session/d41a4ef9228655ec76246a5e56c44812/element - {"using":"xpath","value":"(//span[contains(@id, \"-application-manageresources-display-component---newResourceUnit--RUTimeSegment-0-arrow\")])[6]"}
RESULT: {"using":"xpath","value":"(//span[contains(@id, \"-application-manageresources-display-component---newResourceUnit--RUTimeSegment-0-arrow\")])[6]"}
COMMAND: POST /session/d41a4ef9228655ec76246a5e56c44812/element/f.8359050118E493E9D810750CB1F2C9B3.d.15365CCA131820B1A70DB9523227D897.e.25556/click - {}
RESULT: {}
COMMAND: GET /session/d41a4ef9228655ec76246a5e56c44812/screenshot - {}
RESULT: {}
COMMAND: POST /session/d41a4ef9228655ec76246a5e56c44812/element - {"using":"xpath","value":"//span[contains(text(), \"PM Order\")]"}
RESULT: {"using":"xpath","value":"//span[contains(text(), \"PM Order\")]"}
COMMAND: POST /session/d41a4ef9228655ec76246a5e56c44812/element/f.8359050118E493E9D810750CB1F2C9B3.d.15365CCA131820B1A70DB9523227D897.e.25559/click - {}
RESULT: {}
COMMAND: GET /session/d41a4ef9228655ec76246a5e56c44812/screenshot - {}
RESULT: {}
COMMAND: POST /session/d41a4ef9228655ec76246a5e56c44812/element - {"using":"xpath","value":"(//span[contains(@id ,\"manageresources-display-component---newResourceUnit--RUTimeSegment-0-vhi\")])[1]"}
RESULT: {"using":"xpath","value":"(//span[contains(@id ,\"manageresources-display-component---newResourceUnit--RUTimeSegment-0-vhi\")])[1]"}
COMMAND: GET /session/d41a4ef9228655ec76246a5e56c44812/element/f.8359050118E493E9D810750CB1F2C9B3.d.15365CCA131820B1A70DB9523227D897.e.25563/rect - {}
RESULT: {}
COMMAND: GET /session/d41a4ef9228655ec76246a5e56c44812/window/rect - {}
RESULT: {}
COMMAND: POST /session/d41a4ef9228655ec76246a5e56c44812/execute/sync - {"script":"<script> [92 bytes]","args":[]}
RESULT: {"script":"<script> [92 bytes]","args":[]}
COMMAND: POST /session/d41a4ef9228655ec76246a5e56c44812/actions - {"actions":[{"id":"action81","type":"wheel","parameters":{},"actions":[{"type":"scroll","x":-869,"y":-24,"deltaX":0,"deltaY":0,"duration":0,"origin":{"element-6066-11e4-a52e-4f735466cecf":"f.8359050118E493E9D810750CB1F2C9B3.d.15365CCA131820B1A70DB9523227D897.e.25563"}}]}]}
COMMAND: GET /session/d41a4ef9228655ec76246a5e56c44812/screenshot - {}
RESULT: {"actions":[{"id":"action81","type":"wheel","parameters":{},"actions":[{"type":"scroll","x":-869,"y":-24,"deltaX":0,"deltaY":0,"duration":0,"origin":{"element-6066-11e4-a52e-4f735466cecf":"f.8359050118E493E9D810750CB1F2C9B3.d.15365CCA131820B1A70DB9523227D897.e.25563"}}]}]}
COMMAND: DELETE /session/d41a4ef9228655ec76246a5e56c44812/actions - {}
COMMAND: GET /session/d41a4ef9228655ec76246a5e56c44812/screenshot - {}
RESULT: {}
RESULT: {}
COMMAND: GET /session/d41a4ef9228655ec76246a5e56c44812/screenshot - {}
RESULT: {}
RESULT: {}
COMMAND: POST /session/d41a4ef9228655ec76246a5e56c44812/element/f.8359050118E493E9D810750CB1F2C9B3.d.15365CCA131820B1A70DB9523227D897.e.25563/click - {}
RESULT: {}
COMMAND: GET /session/d41a4ef9228655ec76246a5e56c44812/screenshot - {}
RESULT: {}
RESULT: undefined
COMMAND: POST /session/d41a4ef9228655ec76246a5e56c44812/execute/async - {"script":"<script> [776 bytes]","args":[{"enterText":"4000360","selector":{"controlType":"sap.m.SearchField","properties":{"placeholder":"Search"},"searchOpenDialogs":true,"interaction":{"idSuffix":"I"}},"clearTextFirst":true,"interactionType":"ENTER_TEXT"}]}
RESULT: {"script":"<script> [776 bytes]","args":[{"enterText":"4000360","selector":{"controlType":"sap.m.SearchField","properties":{"placeholder":"Search"},"searchOpenDialogs":true,"interaction":{"idSuffix":"I"}},"clearTextFirst":true,"interactionType":"ENTER_TEXT"}]}
COMMAND: POST /session/d41a4ef9228655ec76246a5e56c44812/actions - {"actions":[{"id":"action82","type":"key","parameters":{},"actions":[{"type":"keyDown","value":"î€‡"},{"type":"pause","duration":10},{"type":"keyUp","value":"î€‡"}]}]}
RESULT: {"actions":[{"id":"action82","type":"key","parameters":{},"actions":[{"type":"keyDown","value":"î€‡"},{"type":"pause","duration":10},{"type":"keyUp","value":"î€‡"}]}]}
COMMAND: GET /session/d41a4ef9228655ec76246a5e56c44812/screenshot - {}
RESULT: {}
COMMAND: POST /session/d41a4ef9228655ec76246a5e56c44812/element - {"using":"xpath","value":"//td/div/span[contains(text(), \"BGL Vehicles\")]"}
RESULT: {"using":"xpath","value":"//td/div/span[contains(text(), \"BGL Vehicles\")]"}
COMMAND: POST /session/d41a4ef9228655ec76246a5e56c44812/element/f.8359050118E493E9D810750CB1F2C9B3.d.15365CCA131820B1A70DB9523227D897.e.25582/click - {}
RESULT: {}
COMMAND: GET /session/d41a4ef9228655ec76246a5e56c44812/screenshot - {}
RESULT: {}
COMMAND: POST /session/d41a4ef9228655ec76246a5e56c44812/element - {"using":"xpath","value":"//bdi[contains(text(), \"OK\")]"}
RESULT: {"using":"xpath","value":"//bdi[contains(text(), \"OK\")]"}
COMMAND: POST /session/d41a4ef9228655ec76246a5e56c44812/element/f.8359050118E493E9D810750CB1F2C9B3.d.15365CCA131820B1A70DB9523227D897.e.25583/click - {}
RESULT: {}
COMMAND: GET /session/d41a4ef9228655ec76246a5e56c44812/screenshot - {}
RESULT: {}
COMMAND: POST /session/d41a4ef9228655ec76246a5e56c44812/execute/async - {"script":"<script> [1562 bytes]","args":[{"selector":{"id":"application-manageresources-display-component---newResourceUnit--newRRUPage-anchBar-application-manageresources-display-component---newResourceUnit--resource-anchor","interaction":{"idSuffix":"BDI-content"}},"wdio_ui5_key":"applicationmanageresources-display-component---newResourceUnit--newRRUPage-anchBar-application-manageresources-display-component---newResourceUnit--resource-anchor"}]}
RESULT: {"script":"<script> [1562 bytes]","args":[{"selector":{"id":"application-manageresources-display-component---newResourceUnit--newRRUPage-anchBar-application-manageresources-display-component---newResourceUnit--resource-anchor","interaction":{"idSuffix":"BDI-content"}},"wdio_ui5_key":"applicationmanageresources-display-component---newResourceUnit--newRRUPage-anchBar-application-manageresources-display-component---newResourceUnit--resource-anchor"}]}
RESULT: undefined
COMMAND: POST /session/d41a4ef9228655ec76246a5e56c44812/element - {"using":"xpath","value":"//*[@id=\"application-manageresources-display-component---newResourceUnit--newRRUPage-anchBar-application-manageresources-display-component---newResourceUnit--resource-anchor\"]"}
RESULT: {"using":"xpath","value":"//*[@id=\"application-manageresources-display-component---newResourceUnit--newRRUPage-anchBar-application-manageresources-display-component---newResourceUnit--resource-anchor\"]"}
COMMAND: POST /session/d41a4ef9228655ec76246a5e56c44812/element/f.8359050118E493E9D810750CB1F2C9B3.d.15365CCA131820B1A70DB9523227D897.e.25587/click - {}
RESULT: {}
COMMAND: POST /session/d41a4ef9228655ec76246a5e56c44812/execute/async - {"script":"<script> [1562 bytes]","args":[{"selector":{"id":"application-manageresources-display-component---newResourceUnit--PLANNED_DELIVERY_DATE","interaction":{"idSuffix":"inner"}},"wdio_ui5_key":"applicationmanageresources-display-component---newResourceUnit--PLANNED_DELIVERY_DATE"}]}
COMMAND: GET /session/d41a4ef9228655ec76246a5e56c44812/screenshot - {}
RESULT: {}
RESULT: {"script":"<script> [1562 bytes]","args":[{"selector":{"id":"application-manageresources-display-component---newResourceUnit--PLANNED_DELIVERY_DATE","interaction":{"idSuffix":"inner"}},"wdio_ui5_key":"applicationmanageresources-display-component---newResourceUnit--PLANNED_DELIVERY_DATE"}]}
RESULT: undefined
COMMAND: POST /session/d41a4ef9228655ec76246a5e56c44812/execute/async - {"script":"<script> [6424 bytes]","args":[{"element-6066-11e4-a52e-4f735466cecf":"f.8359050118E493E9D810750CB1F2C9B3.d.15365CCA131820B1A70DB9523227D897.e.25451"},"setValue",["5/16/25"]]}
RESULT: {"script":"<script> [6424 bytes]","args":[{"element-6066-11e4-a52e-4f735466cecf":"f.8359050118E493E9D810750CB1F2C9B3.d.15365CCA131820B1A70DB9523227D897.e.25451"},"setValue",["5/16/25"]]}
COMMAND: POST /session/d41a4ef9228655ec76246a5e56c44812/element - {"using":"xpath","value":"//label[contains(@class, 'sapMLabelRequired') and .//bdi[contains(text(), 'Planned Retirement')]]"}
RESULT: {"using":"xpath","value":"//label[contains(@class, 'sapMLabelRequired') and .//bdi[contains(text(), 'Planned Retirement')]]"}
COMMAND: POST /session/d41a4ef9228655ec76246a5e56c44812/elements - {"using":"xpath","value":"//label[contains(@class, 'sapMLabelRequired') and .//bdi[contains(text(), 'Planned Retirement')]]"}
RESULT: {"using":"xpath","value":"//label[contains(@class, 'sapMLabelRequired') and .//bdi[contains(text(), 'Planned Retirement')]]"}
COMMAND: POST /session/d41a4ef9228655ec76246a5e56c44812/element - {"using":"xpath","value":"//button[@data-kt=\"resourceUnitSaveButton\"]"}
RESULT: {"using":"xpath","value":"//button[@data-kt=\"resourceUnitSaveButton\"]"}
COMMAND: POST /session/d41a4ef9228655ec76246a5e56c44812/element/f.8359050118E493E9D810750CB1F2C9B3.d.15365CCA131820B1A70DB9523227D897.e.25412/click - {}
RESULT: {}
COMMAND: GET /session/d41a4ef9228655ec76246a5e56c44812/screenshot - {}
RESULT: {}
COMMAND: POST /session/d41a4ef9228655ec76246a5e56c44812/element - {"using":"xpath","value":"//bdi[contains(text(), \"Close\")]"}
RESULT: {"using":"xpath","value":"//bdi[contains(text(), \"Close\")]"}
COMMAND: POST /session/d41a4ef9228655ec76246a5e56c44812/element/f.8359050118E493E9D810750CB1F2C9B3.d.15365CCA131820B1A70DB9523227D897.e.25596/click - {}
RESULT: {}
COMMAND: GET /session/d41a4ef9228655ec76246a5e56c44812/screenshot - {}
RESULT: {}
COMMAND: POST /session/d41a4ef9228655ec76246a5e56c44812/element - {"using":"xpath","value":"(//button[contains(@id ,\"actionsToolbar-overflowButton\")])[1]"}
RESULT: {"using":"xpath","value":"(//button[contains(@id ,\"actionsToolbar-overflowButton\")])[1]"}
COMMAND: POST /session/d41a4ef9228655ec76246a5e56c44812/element/f.8359050118E493E9D810750CB1F2C9B3.d.15365CCA131820B1A70DB9523227D897.e.25625/click - {}
RESULT: {}
COMMAND: GET /session/d41a4ef9228655ec76246a5e56c44812/screenshot - {}
RESULT: {}
COMMAND: POST /session/d41a4ef9228655ec76246a5e56c44812/element - {"using":"xpath","value":"//button[@data-kt=\"priceInfoButton\"]"}
RESULT: {"using":"xpath","value":"//button[@data-kt=\"priceInfoButton\"]"}
COMMAND: POST /session/d41a4ef9228655ec76246a5e56c44812/element/f.8359050118E493E9D810750CB1F2C9B3.d.15365CCA131820B1A70DB9523227D897.e.25627/click - {}
RESULT: {}
COMMAND: GET /session/d41a4ef9228655ec76246a5e56c44812/screenshot - {}
RESULT: {}
COMMAND: POST /session/d41a4ef9228655ec76246a5e56c44812/element - {"using":"css selector","value":"#shell-header-logo"}
RESULT: {"using":"css selector","value":"#shell-header-logo"}
COMMAND: POST /session/d41a4ef9228655ec76246a5e56c44812/element/f.8359050118E493E9D810750CB1F2C9B3.d.15365CCA131820B1A70DB9523227D897.e.25009/click - {}
RESULT: {}
COMMAND: GET /session/d41a4ef9228655ec76246a5e56c44812/screenshot - {}
RESULT: {}
]]></system-out>
    </testcase>
    <testcase classname="chrome.136_0_7103_93.windows.Transfer_Yard_to_Yard_US131076" name="Prereq Should create a new equipment multipart" time="124.015">
      <system-out><![CDATA[
RESULT: undefined
COMMAND: POST /session/d41a4ef9228655ec76246a5e56c44812/element - {"using":"xpath","value":"//*[@id=\"__tile31\"]"}
RESULT: {"using":"xpath","value":"//*[@id=\"__tile31\"]"}
COMMAND: POST /session/d41a4ef9228655ec76246a5e56c44812/element/f.8359050118E493E9D810750CB1F2C9B3.d.15365CCA131820B1A70DB9523227D897.e.24157/click - {}
RESULT: {}
COMMAND: GET /session/d41a4ef9228655ec76246a5e56c44812/screenshot - {}
RESULT: {}
COMMAND: POST /session/d41a4ef9228655ec76246a5e56c44812/elements - {"using":"xpath","value":"//span[text()='Error']"}
RESULT: {"using":"xpath","value":"//span[text()='Error']"}
COMMAND: POST /session/d41a4ef9228655ec76246a5e56c44812/element - {"using":"xpath","value":"//button[@data-kt=\"addNewRUOverflowToolbarButton\"]"}
RESULT: {"using":"xpath","value":"//button[@data-kt=\"addNewRUOverflowToolbarButton\"]"}
COMMAND: POST /session/d41a4ef9228655ec76246a5e56c44812/elements - {"using":"xpath","value":"//button[@data-kt=\"addNewRUOverflowToolbarButton\"]"}
RESULT: {"using":"xpath","value":"//button[@data-kt=\"addNewRUOverflowToolbarButton\"]"}
COMMAND: POST /session/d41a4ef9228655ec76246a5e56c44812/execute/sync - {"script":"<script> [8489 bytes]","args":[{"element-6066-11e4-a52e-4f735466cecf":"f.8359050118E493E9D810750CB1F2C9B3.d.15365CCA131820B1A70DB9523227D897.e.25706","ELEMENT":"f.8359050118E493E9D810750CB1F2C9B3.d.15365CCA131820B1A70DB9523227D897.e.25706"}]}
RESULT: {"script":"<script> [8489 bytes]","args":[{"element-6066-11e4-a52e-4f735466cecf":"f.8359050118E493E9D810750CB1F2C9B3.d.15365CCA131820B1A70DB9523227D897.e.25706","ELEMENT":"f.8359050118E493E9D810750CB1F2C9B3.d.15365CCA131820B1A70DB9523227D897.e.25706"}]}
COMMAND: GET /session/d41a4ef9228655ec76246a5e56c44812/element/f.8359050118E493E9D810750CB1F2C9B3.d.15365CCA131820B1A70DB9523227D897.e.25706/enabled - {}
COMMAND: GET /session/d41a4ef9228655ec76246a5e56c44812/screenshot - {}
RESULT: {}
COMMAND: POST /session/d41a4ef9228655ec76246a5e56c44812/execute/sync - {"script":"<script> [8489 bytes]","args":[{"element-6066-11e4-a52e-4f735466cecf":"f.8359050118E493E9D810750CB1F2C9B3.d.15365CCA131820B1A70DB9523227D897.e.25706","ELEMENT":"f.8359050118E493E9D810750CB1F2C9B3.d.15365CCA131820B1A70DB9523227D897.e.25706"}]}
COMMAND: GET /session/d41a4ef9228655ec76246a5e56c44812/screenshot - {}
RESULT: {}
RESULT: {"script":"<script> [8489 bytes]","args":[{"element-6066-11e4-a52e-4f735466cecf":"f.8359050118E493E9D810750CB1F2C9B3.d.15365CCA131820B1A70DB9523227D897.e.25706","ELEMENT":"f.8359050118E493E9D810750CB1F2C9B3.d.15365CCA131820B1A70DB9523227D897.e.25706"}]}
COMMAND: POST /session/d41a4ef9228655ec76246a5e56c44812/execute/sync - {"script":"<script> [5351 bytes]","args":[{"element-6066-11e4-a52e-4f735466cecf":"f.8359050118E493E9D810750CB1F2C9B3.d.15365CCA131820B1A70DB9523227D897.e.25706","ELEMENT":"f.8359050118E493E9D810750CB1F2C9B3.d.15365CCA131820B1A70DB9523227D897.e.25706"}]}
COMMAND: GET /session/d41a4ef9228655ec76246a5e56c44812/screenshot - {}
RESULT: {}
RESULT: {"script":"<script> [5351 bytes]","args":[{"element-6066-11e4-a52e-4f735466cecf":"f.8359050118E493E9D810750CB1F2C9B3.d.15365CCA131820B1A70DB9523227D897.e.25706","ELEMENT":"f.8359050118E493E9D810750CB1F2C9B3.d.15365CCA131820B1A70DB9523227D897.e.25706"}]}
COMMAND: POST /session/d41a4ef9228655ec76246a5e56c44812/element/f.8359050118E493E9D810750CB1F2C9B3.d.15365CCA131820B1A70DB9523227D897.e.25706/click - {}
COMMAND: GET /session/d41a4ef9228655ec76246a5e56c44812/screenshot - {}
RESULT: {}
RESULT: {}
COMMAND: GET /session/d41a4ef9228655ec76246a5e56c44812/screenshot - {}
RESULT: undefined
COMMAND: POST /session/d41a4ef9228655ec76246a5e56c44812/element - {"using":"xpath","value":"//*[@id=\"application-manageresources-display-component---newResourceUnit--TYPE-arrow\"]"}
RESULT: {}
RESULT: {}
RESULT: {"using":"xpath","value":"//*[@id=\"application-manageresources-display-component---newResourceUnit--TYPE-arrow\"]"}
COMMAND: POST /session/d41a4ef9228655ec76246a5e56c44812/element/f.8359050118E493E9D810750CB1F2C9B3.d.15365CCA131820B1A70DB9523227D897.e.26055/click - {}
RESULT: {}
COMMAND: POST /session/d41a4ef9228655ec76246a5e56c44812/element - {"using":"xpath","value":"//input[@id=\"application-manageresources-display-component---newResourceUnit--TYPE-inner\"]"}
COMMAND: GET /session/d41a4ef9228655ec76246a5e56c44812/screenshot - {}
RESULT: {"using":"xpath","value":"//input[@id=\"application-manageresources-display-component---newResourceUnit--TYPE-inner\"]"}
COMMAND: POST /session/d41a4ef9228655ec76246a5e56c44812/element/f.8359050118E493E9D810750CB1F2C9B3.d.15365CCA131820B1A70DB9523227D897.e.26050/clear - {}
RESULT: {}
RESULT: {}
COMMAND: POST /session/d41a4ef9228655ec76246a5e56c44812/element/f.8359050118E493E9D810750CB1F2C9B3.d.15365CCA131820B1A70DB9523227D897.e.26050/value - {"text":"Equi Multipart"}
COMMAND: GET /session/d41a4ef9228655ec76246a5e56c44812/screenshot - {}
RESULT: {"text":"Equi Multipart"}
COMMAND: GET /session/d41a4ef9228655ec76246a5e56c44812/screenshot - {}
RESULT: {}
RESULT: {}
COMMAND: POST /session/d41a4ef9228655ec76246a5e56c44812/actions - {"actions":[{"id":"action83","type":"key","parameters":{},"actions":[{"type":"keyDown","value":"î€‡"},{"type":"pause","duration":10},{"type":"keyUp","value":"î€‡"}]}]}
RESULT: {"actions":[{"id":"action83","type":"key","parameters":{},"actions":[{"type":"keyDown","value":"î€‡"},{"type":"pause","duration":10},{"type":"keyUp","value":"î€‡"}]}]}
RESULT: undefined
COMMAND: POST /session/d41a4ef9228655ec76246a5e56c44812/execute/async - {"script":"<script> [776 bytes]","args":[{"enterText":"Equipment Multipart WDIO","selector":{"id":"application-manageresources-display-component---newResourceUnit--SHORT_TEXT","interaction":{"idSuffix":"inner"}},"clearTextFirst":true,"interactionType":"ENTER_TEXT"}]}
COMMAND: GET /session/d41a4ef9228655ec76246a5e56c44812/screenshot - {}
RESULT: {"script":"<script> [776 bytes]","args":[{"enterText":"Equipment Multipart WDIO","selector":{"id":"application-manageresources-display-component---newResourceUnit--SHORT_TEXT","interaction":{"idSuffix":"inner"}},"clearTextFirst":true,"interactionType":"ENTER_TEXT"}]}
RESULT: undefined
COMMAND: POST /session/d41a4ef9228655ec76246a5e56c44812/execute/async - {"script":"<script> [776 bytes]","args":[{"enterText":"Piece","selector":{"id":"application-manageresources-display-component---newResourceUnit--BASE_UNIT_OF_MEASURE","interaction":{"idSuffix":"inner"}},"clearTextFirst":true,"interactionType":"ENTER_TEXT"}]}
RESULT: {}
RESULT: {"script":"<script> [776 bytes]","args":[{"enterText":"Piece","selector":{"id":"application-manageresources-display-component---newResourceUnit--BASE_UNIT_OF_MEASURE","interaction":{"idSuffix":"inner"}},"clearTextFirst":true,"interactionType":"ENTER_TEXT"}]}
RESULT: undefined
COMMAND: POST /session/d41a4ef9228655ec76246a5e56c44812/execute/async - {"script":"<script> [776 bytes]","args":[{"enterText":"Gram","selector":{"id":"application-manageresources-display-component---newResourceUnit--WEIGHT_UNIT","interaction":{"idSuffix":"inner"}},"clearTextFirst":true,"interactionType":"ENTER_TEXT"}]}
RESULT: {"script":"<script> [776 bytes]","args":[{"enterText":"Gram","selector":{"id":"application-manageresources-display-component---newResourceUnit--WEIGHT_UNIT","interaction":{"idSuffix":"inner"}},"clearTextFirst":true,"interactionType":"ENTER_TEXT"}]}
RESULT: undefined
COMMAND: POST /session/d41a4ef9228655ec76246a5e56c44812/execute/async - {"script":"<script> [776 bytes]","args":[{"enterText":"Meter","selector":{"id":"application-manageresources-display-component---newResourceUnit--DIMENSION_UNIT","interaction":{"idSuffix":"inner"}},"clearTextFirst":true,"interactionType":"ENTER_TEXT"}]}
RESULT: {"script":"<script> [776 bytes]","args":[{"enterText":"Meter","selector":{"id":"application-manageresources-display-component---newResourceUnit--DIMENSION_UNIT","interaction":{"idSuffix":"inner"}},"clearTextFirst":true,"interactionType":"ENTER_TEXT"}]}
RESULT: undefined
COMMAND: POST /session/d41a4ef9228655ec76246a5e56c44812/element - {"using":"xpath","value":"//*[@id=\"application-manageresources-display-component---newResourceUnit--newRRUPage-anchBar-application-manageresources-display-component---newResourceUnit--control-anchor\"]"}
RESULT: {"using":"xpath","value":"//*[@id=\"application-manageresources-display-component---newResourceUnit--newRRUPage-anchBar-application-manageresources-display-component---newResourceUnit--control-anchor\"]"}
COMMAND: POST /session/d41a4ef9228655ec76246a5e56c44812/element/f.8359050118E493E9D810750CB1F2C9B3.d.15365CCA131820B1A70DB9523227D897.e.26117/click - {}
RESULT: {}
RESULT: undefined
COMMAND: POST /session/d41a4ef9228655ec76246a5e56c44812/execute/async - {"script":"<script> [776 bytes]","args":[{"enterText":"Heavy Equi","selector":{"id":"application-manageresources-display-component---newResourceUnit--PLANNING_GROUP","interaction":{"idSuffix":"inner"}},"clearTextFirst":true,"interactionType":"ENTER_TEXT"}]}
COMMAND: GET /session/d41a4ef9228655ec76246a5e56c44812/screenshot - {}
RESULT: {"script":"<script> [776 bytes]","args":[{"enterText":"Heavy Equi","selector":{"id":"application-manageresources-display-component---newResourceUnit--PLANNING_GROUP","interaction":{"idSuffix":"inner"}},"clearTextFirst":true,"interactionType":"ENTER_TEXT"}]}
RESULT: {}
COMMAND: POST /session/d41a4ef9228655ec76246a5e56c44812/execute/async - {"script":"<script> [1562 bytes]","args":[{"selector":{"id":"application-manageresources-display-component---newResourceUnit--PLANNING_INDICATOR","interaction":{"idSuffix":"inner"}},"wdio_ui5_key":"applicationmanageresources-display-component---newResourceUnit--PLANNING_INDICATOR"}]}
RESULT: {"script":"<script> [1562 bytes]","args":[{"selector":{"id":"application-manageresources-display-component---newResourceUnit--PLANNING_INDICATOR","interaction":{"idSuffix":"inner"}},"wdio_ui5_key":"applicationmanageresources-display-component---newResourceUnit--PLANNING_INDICATOR"}]}
RESULT: undefined
COMMAND: POST /session/d41a4ef9228655ec76246a5e56c44812/execute/async - {"script":"<script> [776 bytes]","args":[{"enterText":"10 - infinite","selector":{"id":"application-manageresources-display-component---newResourceUnit--PLANNING_INDICATOR","interaction":{"idSuffix":"inner"}},"clearTextFirst":true,"interactionType":"ENTER_TEXT"}]}
RESULT: {"script":"<script> [776 bytes]","args":[{"enterText":"10 - infinite","selector":{"id":"application-manageresources-display-component---newResourceUnit--PLANNING_INDICATOR","interaction":{"idSuffix":"inner"}},"clearTextFirst":true,"interactionType":"ENTER_TEXT"}]}
RESULT: undefined
COMMAND: POST /session/d41a4ef9228655ec76246a5e56c44812/element - {"using":"xpath","value":"//*[@id=\"application-manageresources-display-component---newResourceUnit--ITEM_TYPE-arrow\"]"}
RESULT: {"using":"xpath","value":"//*[@id=\"application-manageresources-display-component---newResourceUnit--ITEM_TYPE-arrow\"]"}
COMMAND: POST /session/d41a4ef9228655ec76246a5e56c44812/element/f.8359050118E493E9D810750CB1F2C9B3.d.15365CCA131820B1A70DB9523227D897.e.26124/click - {}
RESULT: {}
COMMAND: GET /session/d41a4ef9228655ec76246a5e56c44812/screenshot - {}
RESULT: {}
COMMAND: POST /session/d41a4ef9228655ec76246a5e56c44812/execute/async - {"script":"<script> [1562 bytes]","args":[{"selector":{"controlType":"sap.m.StandardListItem","viewName":"reusables.view.manageresources.NewResourceUnit","viewId":"application-manageresources-display-component---newResourceUnit","properties":{"title":"Pool Equipment"},"searchOpenDialogs":true,"interaction":{"idSuffix":"content"}},"wdio_ui5_key":"reusablesview.manageresources.NewResourceUnitsap.m.StandardListItem{\"title\":\"Pool Equipment\"}"}]}
RESULT: {"script":"<script> [1562 bytes]","args":[{"selector":{"controlType":"sap.m.StandardListItem","viewName":"reusables.view.manageresources.NewResourceUnit","viewId":"application-manageresources-display-component---newResourceUnit","properties":{"title":"Pool Equipment"},"searchOpenDialogs":true,"interaction":{"idSuffix":"content"}},"wdio_ui5_key":"reusablesview.manageresources.NewResourceUnitsap.m.StandardListItem{\"title\":\"Pool Equipment\"}"}]}
RESULT: undefined
COMMAND: POST /session/d41a4ef9228655ec76246a5e56c44812/element - {"using":"xpath","value":"//*[@id=\"__item1367\"]"}
RESULT: {"using":"xpath","value":"//*[@id=\"__item1367\"]"}
COMMAND: POST /session/d41a4ef9228655ec76246a5e56c44812/element/f.8359050118E493E9D810750CB1F2C9B3.d.15365CCA131820B1A70DB9523227D897.e.26126/click - {}
RESULT: {}
COMMAND: GET /session/d41a4ef9228655ec76246a5e56c44812/screenshot - {}
RESULT: {}
COMMAND: POST /session/d41a4ef9228655ec76246a5e56c44812/element - {"using":"css selector","value":"#application-manageresources-display-component---newResourceUnit--btnAddTimeSegment"}
RESULT: {"using":"css selector","value":"#application-manageresources-display-component---newResourceUnit--btnAddTimeSegment"}
COMMAND: GET /session/d41a4ef9228655ec76246a5e56c44812/element/f.8359050118E493E9D810750CB1F2C9B3.d.15365CCA131820B1A70DB9523227D897.e.26127/rect - {}
RESULT: {}
COMMAND: GET /session/d41a4ef9228655ec76246a5e56c44812/window/rect - {}
RESULT: {}
COMMAND: POST /session/d41a4ef9228655ec76246a5e56c44812/execute/sync - {"script":"<script> [92 bytes]","args":[]}
RESULT: {"script":"<script> [92 bytes]","args":[]}
COMMAND: POST /session/d41a4ef9228655ec76246a5e56c44812/actions - {"actions":[{"id":"action84","type":"wheel","parameters":{},"actions":[{"type":"scroll","x":-1888,"y":-32,"deltaX":0,"deltaY":0,"duration":0,"origin":{"element-6066-11e4-a52e-4f735466cecf":"f.8359050118E493E9D810750CB1F2C9B3.d.15365CCA131820B1A70DB9523227D897.e.26127"}}]}]}
COMMAND: GET /session/d41a4ef9228655ec76246a5e56c44812/screenshot - {}
RESULT: {}
COMMAND: POST /session/d41a4ef9228655ec76246a5e56c44812/execute/sync - {"script":"<script> [79 bytes]","args":[{"element-6066-11e4-a52e-4f735466cecf":"f.8359050118E493E9D810750CB1F2C9B3.d.15365CCA131820B1A70DB9523227D897.e.26127","ELEMENT":"f.8359050118E493E9D810750CB1F2C9B3.d.15365CCA131820B1A70DB9523227D897.e.26127"},{"block":"start","inline":"nearest"}]}
RESULT: {"script":"<script> [79 bytes]","args":[{"element-6066-11e4-a52e-4f735466cecf":"f.8359050118E493E9D810750CB1F2C9B3.d.15365CCA131820B1A70DB9523227D897.e.26127","ELEMENT":"f.8359050118E493E9D810750CB1F2C9B3.d.15365CCA131820B1A70DB9523227D897.e.26127"},{"block":"start","inline":"nearest"}]}
RESULT: undefined
COMMAND: POST /session/d41a4ef9228655ec76246a5e56c44812/element - {"using":"xpath","value":"//*[@id=\"application-manageresources-display-component---newResourceUnit--btnAddTimeSegment\"]"}
COMMAND: GET /session/d41a4ef9228655ec76246a5e56c44812/screenshot - {}
RESULT: {"using":"xpath","value":"//*[@id=\"application-manageresources-display-component---newResourceUnit--btnAddTimeSegment\"]"}
COMMAND: POST /session/d41a4ef9228655ec76246a5e56c44812/element/f.8359050118E493E9D810750CB1F2C9B3.d.15365CCA131820B1A70DB9523227D897.e.26127/click - {}
RESULT: {}
RESULT: {}
COMMAND: GET /session/d41a4ef9228655ec76246a5e56c44812/screenshot - {}
RESULT: {}
COMMAND: POST /session/d41a4ef9228655ec76246a5e56c44812/element - {"using":"xpath","value":"//input[@id=\"application-manageresources-display-component---newResourceUnit--idRuTSAdmin-application-manageresources-display-component---newResourceUnit--RUTimeSegment-0-inner\"]"}
RESULT: {"using":"xpath","value":"//input[@id=\"application-manageresources-display-component---newResourceUnit--idRuTSAdmin-application-manageresources-display-component---newResourceUnit--RUTimeSegment-0-inner\"]"}
COMMAND: POST /session/d41a4ef9228655ec76246a5e56c44812/element/f.8359050118E493E9D810750CB1F2C9B3.d.15365CCA131820B1A70DB9523227D897.e.26132/clear - {}
RESULT: {}
COMMAND: POST /session/d41a4ef9228655ec76246a5e56c44812/element/f.8359050118E493E9D810750CB1F2C9B3.d.15365CCA131820B1A70DB9523227D897.e.26132/value - {"text":"476"}
COMMAND: GET /session/d41a4ef9228655ec76246a5e56c44812/screenshot - {}
RESULT: {}
RESULT: {"text":"476"}
COMMAND: GET /session/d41a4ef9228655ec76246a5e56c44812/screenshot - {}
RESULT: {}
COMMAND: POST /session/d41a4ef9228655ec76246a5e56c44812/element - {"using":"xpath","value":"//li[.//span[text()='476']]"}
RESULT: {"using":"xpath","value":"//li[.//span[text()='476']]"}
COMMAND: POST /session/d41a4ef9228655ec76246a5e56c44812/element/f.8359050118E493E9D810750CB1F2C9B3.d.15365CCA131820B1A70DB9523227D897.e.26145/click - {}
RESULT: {}
COMMAND: GET /session/d41a4ef9228655ec76246a5e56c44812/screenshot - {}
RESULT: {}
COMMAND: POST /session/d41a4ef9228655ec76246a5e56c44812/element - {"using":"xpath","value":"(//span[contains(@id, \"-application-manageresources-display-component---newResourceUnit--RUTimeSegment-0-arrow\")])[5]"}
RESULT: {"using":"xpath","value":"(//span[contains(@id, \"-application-manageresources-display-component---newResourceUnit--RUTimeSegment-0-arrow\")])[5]"}
COMMAND: POST /session/d41a4ef9228655ec76246a5e56c44812/element/f.8359050118E493E9D810750CB1F2C9B3.d.15365CCA131820B1A70DB9523227D897.e.26146/click - {}
RESULT: {}
COMMAND: GET /session/d41a4ef9228655ec76246a5e56c44812/screenshot - {}
RESULT: {}
COMMAND: POST /session/d41a4ef9228655ec76246a5e56c44812/element - {"using":"xpath","value":"//span[contains(text(), \"PM Order\")]"}
RESULT: {"using":"xpath","value":"//span[contains(text(), \"PM Order\")]"}
COMMAND: POST /session/d41a4ef9228655ec76246a5e56c44812/element/f.8359050118E493E9D810750CB1F2C9B3.d.15365CCA131820B1A70DB9523227D897.e.26147/click - {}
RESULT: {}
COMMAND: GET /session/d41a4ef9228655ec76246a5e56c44812/screenshot - {}
RESULT: {}
COMMAND: POST /session/d41a4ef9228655ec76246a5e56c44812/element - {"using":"xpath","value":"(//span[contains(@id ,\"manageresources-display-component---newResourceUnit--RUTimeSegment-0-vhi\")])[1]"}
RESULT: {"using":"xpath","value":"(//span[contains(@id ,\"manageresources-display-component---newResourceUnit--RUTimeSegment-0-vhi\")])[1]"}
COMMAND: GET /session/d41a4ef9228655ec76246a5e56c44812/element/f.8359050118E493E9D810750CB1F2C9B3.d.15365CCA131820B1A70DB9523227D897.e.26151/rect - {}
RESULT: {}
COMMAND: GET /session/d41a4ef9228655ec76246a5e56c44812/window/rect - {}
RESULT: {}
COMMAND: POST /session/d41a4ef9228655ec76246a5e56c44812/execute/sync - {"script":"<script> [92 bytes]","args":[]}
RESULT: {"script":"<script> [92 bytes]","args":[]}
COMMAND: POST /session/d41a4ef9228655ec76246a5e56c44812/actions - {"actions":[{"id":"action85","type":"wheel","parameters":{},"actions":[{"type":"scroll","x":-1888,"y":-24,"deltaX":0,"deltaY":0,"duration":0,"origin":{"element-6066-11e4-a52e-4f735466cecf":"f.8359050118E493E9D810750CB1F2C9B3.d.15365CCA131820B1A70DB9523227D897.e.26151"}}]}]}
COMMAND: GET /session/d41a4ef9228655ec76246a5e56c44812/screenshot - {}
RESULT: {}
COMMAND: POST /session/d41a4ef9228655ec76246a5e56c44812/execute/sync - {"script":"<script> [79 bytes]","args":[{"element-6066-11e4-a52e-4f735466cecf":"f.8359050118E493E9D810750CB1F2C9B3.d.15365CCA131820B1A70DB9523227D897.e.26151","ELEMENT":"f.8359050118E493E9D810750CB1F2C9B3.d.15365CCA131820B1A70DB9523227D897.e.26151"},{"block":"start","inline":"nearest"}]}
RESULT: {"script":"<script> [79 bytes]","args":[{"element-6066-11e4-a52e-4f735466cecf":"f.8359050118E493E9D810750CB1F2C9B3.d.15365CCA131820B1A70DB9523227D897.e.26151","ELEMENT":"f.8359050118E493E9D810750CB1F2C9B3.d.15365CCA131820B1A70DB9523227D897.e.26151"},{"block":"start","inline":"nearest"}]}
COMMAND: GET /session/d41a4ef9228655ec76246a5e56c44812/screenshot - {}
RESULT: {}
COMMAND: POST /session/d41a4ef9228655ec76246a5e56c44812/element/f.8359050118E493E9D810750CB1F2C9B3.d.15365CCA131820B1A70DB9523227D897.e.26151/click - {}
RESULT: {}
COMMAND: GET /session/d41a4ef9228655ec76246a5e56c44812/screenshot - {}
RESULT: {}
RESULT: undefined
COMMAND: POST /session/d41a4ef9228655ec76246a5e56c44812/execute/async - {"script":"<script> [776 bytes]","args":[{"enterText":"4000360","selector":{"controlType":"sap.m.SearchField","properties":{"placeholder":"Search"},"searchOpenDialogs":true,"interaction":{"idSuffix":"I"}},"clearTextFirst":true,"interactionType":"ENTER_TEXT"}]}
RESULT: {"script":"<script> [776 bytes]","args":[{"enterText":"4000360","selector":{"controlType":"sap.m.SearchField","properties":{"placeholder":"Search"},"searchOpenDialogs":true,"interaction":{"idSuffix":"I"}},"clearTextFirst":true,"interactionType":"ENTER_TEXT"}]}
COMMAND: POST /session/d41a4ef9228655ec76246a5e56c44812/actions - {"actions":[{"id":"action86","type":"key","parameters":{},"actions":[{"type":"keyDown","value":"î€‡"},{"type":"pause","duration":10},{"type":"keyUp","value":"î€‡"}]}]}
RESULT: {"actions":[{"id":"action86","type":"key","parameters":{},"actions":[{"type":"keyDown","value":"î€‡"},{"type":"pause","duration":10},{"type":"keyUp","value":"î€‡"}]}]}
COMMAND: GET /session/d41a4ef9228655ec76246a5e56c44812/screenshot - {}
RESULT: {}
COMMAND: POST /session/d41a4ef9228655ec76246a5e56c44812/element - {"using":"xpath","value":"//td/div/span[contains(text(), \"BGL Vehicles\")]"}
RESULT: {"using":"xpath","value":"//td/div/span[contains(text(), \"BGL Vehicles\")]"}
COMMAND: POST /session/d41a4ef9228655ec76246a5e56c44812/element/f.8359050118E493E9D810750CB1F2C9B3.d.15365CCA131820B1A70DB9523227D897.e.26171/click - {}
RESULT: {}
COMMAND: GET /session/d41a4ef9228655ec76246a5e56c44812/screenshot - {}
RESULT: {}
COMMAND: POST /session/d41a4ef9228655ec76246a5e56c44812/element - {"using":"xpath","value":"//bdi[contains(text(), \"OK\")]"}
RESULT: {"using":"xpath","value":"//bdi[contains(text(), \"OK\")]"}
COMMAND: POST /session/d41a4ef9228655ec76246a5e56c44812/element/f.8359050118E493E9D810750CB1F2C9B3.d.15365CCA131820B1A70DB9523227D897.e.26172/click - {}
RESULT: {}
COMMAND: GET /session/d41a4ef9228655ec76246a5e56c44812/screenshot - {}
RESULT: {}
COMMAND: POST /session/d41a4ef9228655ec76246a5e56c44812/element - {"using":"xpath","value":"//label[contains(@class, 'sapMLabelRequired') and .//bdi[contains(text(), 'Planned Retirement')]]"}
RESULT: {"using":"xpath","value":"//label[contains(@class, 'sapMLabelRequired') and .//bdi[contains(text(), 'Planned Retirement')]]"}
COMMAND: POST /session/d41a4ef9228655ec76246a5e56c44812/elements - {"using":"xpath","value":"//label[contains(@class, 'sapMLabelRequired') and .//bdi[contains(text(), 'Planned Retirement')]]"}
RESULT: {"using":"xpath","value":"//label[contains(@class, 'sapMLabelRequired') and .//bdi[contains(text(), 'Planned Retirement')]]"}
COMMAND: POST /session/d41a4ef9228655ec76246a5e56c44812/element - {"using":"xpath","value":"//button[@data-kt=\"resourceUnitSaveButton\"]"}
RESULT: {"using":"xpath","value":"//button[@data-kt=\"resourceUnitSaveButton\"]"}
COMMAND: POST /session/d41a4ef9228655ec76246a5e56c44812/element/f.8359050118E493E9D810750CB1F2C9B3.d.15365CCA131820B1A70DB9523227D897.e.26071/click - {}
RESULT: {}
COMMAND: GET /session/d41a4ef9228655ec76246a5e56c44812/screenshot - {}
RESULT: {}
COMMAND: POST /session/d41a4ef9228655ec76246a5e56c44812/element - {"using":"xpath","value":"//bdi[contains(text(), \"Close\")]"}
RESULT: {"using":"xpath","value":"//bdi[contains(text(), \"Close\")]"}
COMMAND: POST /session/d41a4ef9228655ec76246a5e56c44812/element/f.8359050118E493E9D810750CB1F2C9B3.d.15365CCA131820B1A70DB9523227D897.e.26179/click - {}
RESULT: {}
COMMAND: GET /session/d41a4ef9228655ec76246a5e56c44812/screenshot - {}
RESULT: {}
COMMAND: POST /session/d41a4ef9228655ec76246a5e56c44812/element - {"using":"xpath","value":"//header[contains(@id, 'detailRruPage-headerTitle')]/div[1]/div[2]/div[2]/span[1]"}
RESULT: {"using":"xpath","value":"//header[contains(@id, 'detailRruPage-headerTitle')]/div[1]/div[2]/div[2]/span[1]"}
COMMAND: POST /session/d41a4ef9228655ec76246a5e56c44812/elements - {"using":"xpath","value":"//header[contains(@id, 'detailRruPage-headerTitle')]/div[1]/div[2]/div[2]/span[1]"}
RESULT: {"using":"xpath","value":"//header[contains(@id, 'detailRruPage-headerTitle')]/div[1]/div[2]/div[2]/span[1]"}
COMMAND: POST /session/d41a4ef9228655ec76246a5e56c44812/execute/sync - {"script":"<script> [56 bytes]","args":[{"element-6066-11e4-a52e-4f735466cecf":"f.8359050118E493E9D810750CB1F2C9B3.d.15365CCA131820B1A70DB9523227D897.e.26208","ELEMENT":"f.8359050118E493E9D810750CB1F2C9B3.d.15365CCA131820B1A70DB9523227D897.e.26208"}]}
RESULT: {"script":"<script> [56 bytes]","args":[{"element-6066-11e4-a52e-4f735466cecf":"f.8359050118E493E9D810750CB1F2C9B3.d.15365CCA131820B1A70DB9523227D897.e.26208","ELEMENT":"f.8359050118E493E9D810750CB1F2C9B3.d.15365CCA131820B1A70DB9523227D897.e.26208"}]}
COMMAND: POST /session/d41a4ef9228655ec76246a5e56c44812/element - {"using":"css selector","value":"#shell-header-logo"}
COMMAND: GET /session/d41a4ef9228655ec76246a5e56c44812/screenshot - {}
RESULT: {"using":"css selector","value":"#shell-header-logo"}
COMMAND: POST /session/d41a4ef9228655ec76246a5e56c44812/element/f.8359050118E493E9D810750CB1F2C9B3.d.15365CCA131820B1A70DB9523227D897.e.25667/click - {}
RESULT: {}
RESULT: {}
COMMAND: GET /session/d41a4ef9228655ec76246a5e56c44812/screenshot - {}
RESULT: {}
]]></system-out>
    </testcase>
    <testcase classname="chrome.136_0_7103_93.windows.Transfer_Yard_to_Yard_US131076" name="Should do a stock increase handover for equipment" time="82.925">
      <system-out><![CDATA[
COMMAND: POST /session/d41a4ef9228655ec76246a5e56c44812/execute/async - {"script":"<script> [1562 bytes]","args":[{"selector":{"controlType":"sap.m.GenericTile","properties":{"header":"Manage Handovers"}},"wdio_ui5_key":"sapm.GenericTile{\"header\":\"Manage Handovers\"}"}]}
RESULT: {"script":"<script> [1562 bytes]","args":[{"selector":{"controlType":"sap.m.GenericTile","properties":{"header":"Manage Handovers"}},"wdio_ui5_key":"sapm.GenericTile{\"header\":\"Manage Handovers\"}"}]}
RESULT: undefined
COMMAND: POST /session/d41a4ef9228655ec76246a5e56c44812/element - {"using":"xpath","value":"//*[@id=\"__tile131\"]"}
RESULT: {"using":"xpath","value":"//*[@id=\"__tile131\"]"}
COMMAND: POST /session/d41a4ef9228655ec76246a5e56c44812/element/f.8359050118E493E9D810750CB1F2C9B3.d.15365CCA131820B1A70DB9523227D897.e.24184/click - {}
RESULT: {}
COMMAND: GET /session/d41a4ef9228655ec76246a5e56c44812/screenshot - {}
RESULT: {}
COMMAND: POST /session/d41a4ef9228655ec76246a5e56c44812/elements - {"using":"xpath","value":"//span[text()='Error']"}
RESULT: {"using":"xpath","value":"//span[text()='Error']"}
COMMAND: POST /session/d41a4ef9228655ec76246a5e56c44812/element - {"using":"xpath","value":"//button[@data-kt=\"masterHOAddButton\"]"}
RESULT: {"using":"xpath","value":"//button[@data-kt=\"masterHOAddButton\"]"}
COMMAND: POST /session/d41a4ef9228655ec76246a5e56c44812/elements - {"using":"xpath","value":"//button[@data-kt=\"masterHOAddButton\"]"}
RESULT: {"using":"xpath","value":"//button[@data-kt=\"masterHOAddButton\"]"}
COMMAND: POST /session/d41a4ef9228655ec76246a5e56c44812/execute/sync - {"script":"<script> [8489 bytes]","args":[{"element-6066-11e4-a52e-4f735466cecf":"f.8359050118E493E9D810750CB1F2C9B3.d.15365CCA131820B1A70DB9523227D897.e.26248","ELEMENT":"f.8359050118E493E9D810750CB1F2C9B3.d.15365CCA131820B1A70DB9523227D897.e.26248"}]}
RESULT: {"script":"<script> [8489 bytes]","args":[{"element-6066-11e4-a52e-4f735466cecf":"f.8359050118E493E9D810750CB1F2C9B3.d.15365CCA131820B1A70DB9523227D897.e.26248","ELEMENT":"f.8359050118E493E9D810750CB1F2C9B3.d.15365CCA131820B1A70DB9523227D897.e.26248"}]}
COMMAND: GET /session/d41a4ef9228655ec76246a5e56c44812/element/f.8359050118E493E9D810750CB1F2C9B3.d.15365CCA131820B1A70DB9523227D897.e.26248/enabled - {}
COMMAND: GET /session/d41a4ef9228655ec76246a5e56c44812/screenshot - {}
RESULT: {}
COMMAND: POST /session/d41a4ef9228655ec76246a5e56c44812/execute/sync - {"script":"<script> [8489 bytes]","args":[{"element-6066-11e4-a52e-4f735466cecf":"f.8359050118E493E9D810750CB1F2C9B3.d.15365CCA131820B1A70DB9523227D897.e.26248","ELEMENT":"f.8359050118E493E9D810750CB1F2C9B3.d.15365CCA131820B1A70DB9523227D897.e.26248"}]}
COMMAND: GET /session/d41a4ef9228655ec76246a5e56c44812/screenshot - {}
RESULT: {}
RESULT: {"script":"<script> [8489 bytes]","args":[{"element-6066-11e4-a52e-4f735466cecf":"f.8359050118E493E9D810750CB1F2C9B3.d.15365CCA131820B1A70DB9523227D897.e.26248","ELEMENT":"f.8359050118E493E9D810750CB1F2C9B3.d.15365CCA131820B1A70DB9523227D897.e.26248"}]}
COMMAND: POST /session/d41a4ef9228655ec76246a5e56c44812/execute/sync - {"script":"<script> [5351 bytes]","args":[{"element-6066-11e4-a52e-4f735466cecf":"f.8359050118E493E9D810750CB1F2C9B3.d.15365CCA131820B1A70DB9523227D897.e.26248","ELEMENT":"f.8359050118E493E9D810750CB1F2C9B3.d.15365CCA131820B1A70DB9523227D897.e.26248"}]}
COMMAND: GET /session/d41a4ef9228655ec76246a5e56c44812/screenshot - {}
RESULT: {}
RESULT: {"script":"<script> [5351 bytes]","args":[{"element-6066-11e4-a52e-4f735466cecf":"f.8359050118E493E9D810750CB1F2C9B3.d.15365CCA131820B1A70DB9523227D897.e.26248","ELEMENT":"f.8359050118E493E9D810750CB1F2C9B3.d.15365CCA131820B1A70DB9523227D897.e.26248"}]}
COMMAND: POST /session/d41a4ef9228655ec76246a5e56c44812/element/f.8359050118E493E9D810750CB1F2C9B3.d.15365CCA131820B1A70DB9523227D897.e.26248/click - {}
COMMAND: GET /session/d41a4ef9228655ec76246a5e56c44812/screenshot - {}
RESULT: {}
RESULT: {}
COMMAND: GET /session/d41a4ef9228655ec76246a5e56c44812/screenshot - {}
RESULT: {}
RESULT: {}
COMMAND: POST /session/d41a4ef9228655ec76246a5e56c44812/element - {"using":"xpath","value":"//span[contains(@id ,\"AddNewHO--typeSelect-arrow\")]"}
RESULT: {"using":"xpath","value":"//span[contains(@id ,\"AddNewHO--typeSelect-arrow\")]"}
COMMAND: POST /session/d41a4ef9228655ec76246a5e56c44812/element/f.8359050118E493E9D810750CB1F2C9B3.d.15365CCA131820B1A70DB9523227D897.e.26582/click - {}
RESULT: {}
COMMAND: GET /session/d41a4ef9228655ec76246a5e56c44812/screenshot - {}
RESULT: {}
COMMAND: POST /session/d41a4ef9228655ec76246a5e56c44812/element - {"using":"xpath","value":"(//li[contains(text(), \"stock increase yard\")])[1]"}
RESULT: {"using":"xpath","value":"(//li[contains(text(), \"stock increase yard\")])[1]"}
COMMAND: POST /session/d41a4ef9228655ec76246a5e56c44812/element/f.8359050118E493E9D810750CB1F2C9B3.d.15365CCA131820B1A70DB9523227D897.e.26583/click - {}
RESULT: {}
COMMAND: GET /session/d41a4ef9228655ec76246a5e56c44812/screenshot - {}
RESULT: {}
COMMAND: POST /session/d41a4ef9228655ec76246a5e56c44812/execute/async - {"script":"<script> [1562 bytes]","args":[{"selector":{"id":"application-managehandovers-display-component---AddNewHO--dueDate","interaction":{"idSuffix":"inner"}},"wdio_ui5_key":"applicationmanagehandovers-display-component---AddNewHO--dueDate"}]}
RESULT: {"script":"<script> [1562 bytes]","args":[{"selector":{"id":"application-managehandovers-display-component---AddNewHO--dueDate","interaction":{"idSuffix":"inner"}},"wdio_ui5_key":"applicationmanagehandovers-display-component---AddNewHO--dueDate"}]}
RESULT: undefined
COMMAND: POST /session/d41a4ef9228655ec76246a5e56c44812/execute/async - {"script":"<script> [6424 bytes]","args":[{"element-6066-11e4-a52e-4f735466cecf":"f.8359050118E493E9D810750CB1F2C9B3.d.15365CCA131820B1A70DB9523227D897.e.26585"},"setValue",["5/16/25"]]}
RESULT: {"script":"<script> [6424 bytes]","args":[{"element-6066-11e4-a52e-4f735466cecf":"f.8359050118E493E9D810750CB1F2C9B3.d.15365CCA131820B1A70DB9523227D897.e.26585"},"setValue",["5/16/25"]]}
COMMAND: POST /session/d41a4ef9228655ec76246a5e56c44812/element - {"using":"xpath","value":"//input[@id=\"generalSectionFrg--receiveYard-inner\"]"}
RESULT: {"using":"xpath","value":"//input[@id=\"generalSectionFrg--receiveYard-inner\"]"}
COMMAND: POST /session/d41a4ef9228655ec76246a5e56c44812/element/f.8359050118E493E9D810750CB1F2C9B3.d.15365CCA131820B1A70DB9523227D897.e.26589/clear - {}
RESULT: {}
COMMAND: POST /session/d41a4ef9228655ec76246a5e56c44812/element/f.8359050118E493E9D810750CB1F2C9B3.d.15365CCA131820B1A70DB9523227D897.e.26589/value - {"text":"476"}
COMMAND: GET /session/d41a4ef9228655ec76246a5e56c44812/screenshot - {}
RESULT: {"text":"476"}
COMMAND: GET /session/d41a4ef9228655ec76246a5e56c44812/screenshot - {}
RESULT: {}
RESULT: {}
COMMAND: POST /session/d41a4ef9228655ec76246a5e56c44812/element - {"using":"xpath","value":"//li[.//span[text()='476']]"}
RESULT: {"using":"xpath","value":"//li[.//span[text()='476']]"}
COMMAND: POST /session/d41a4ef9228655ec76246a5e56c44812/element/f.8359050118E493E9D810750CB1F2C9B3.d.15365CCA131820B1A70DB9523227D897.e.26605/click - {}
RESULT: {}
COMMAND: GET /session/d41a4ef9228655ec76246a5e56c44812/screenshot - {}
RESULT: {}
COMMAND: POST /session/d41a4ef9228655ec76246a5e56c44812/execute/async - {"script":"<script> [1562 bytes]","args":[{"selector":{"id":"application-managehandovers-display-component---AddNewHO--ObjectPageLayout-anchBar-application-managehandovers-display-component---AddNewHO--section4-anchor","interaction":{"idSuffix":"BDI-content"}},"wdio_ui5_key":"applicationmanagehandovers-display-component---AddNewHO--ObjectPageLayout-anchBar-application-managehandovers-display-component---AddNewHO--section4-anchor"}]}
RESULT: {"script":"<script> [1562 bytes]","args":[{"selector":{"id":"application-managehandovers-display-component---AddNewHO--ObjectPageLayout-anchBar-application-managehandovers-display-component---AddNewHO--section4-anchor","interaction":{"idSuffix":"BDI-content"}},"wdio_ui5_key":"applicationmanagehandovers-display-component---AddNewHO--ObjectPageLayout-anchBar-application-managehandovers-display-component---AddNewHO--section4-anchor"}]}
RESULT: undefined
COMMAND: POST /session/d41a4ef9228655ec76246a5e56c44812/element - {"using":"xpath","value":"//*[@id=\"application-managehandovers-display-component---AddNewHO--ObjectPageLayout-anchBar-application-managehandovers-display-component---AddNewHO--section4-anchor\"]"}
RESULT: {"using":"xpath","value":"//*[@id=\"application-managehandovers-display-component---AddNewHO--ObjectPageLayout-anchBar-application-managehandovers-display-component---AddNewHO--section4-anchor\"]"}
COMMAND: POST /session/d41a4ef9228655ec76246a5e56c44812/element/f.8359050118E493E9D810750CB1F2C9B3.d.15365CCA131820B1A70DB9523227D897.e.26607/click - {}
RESULT: {}
COMMAND: POST /session/d41a4ef9228655ec76246a5e56c44812/element - {"using":"xpath","value":"//button[@aria-label=\"Add\"]"}
COMMAND: GET /session/d41a4ef9228655ec76246a5e56c44812/screenshot - {}
RESULT: {"using":"xpath","value":"//button[@aria-label=\"Add\"]"}
COMMAND: POST /session/d41a4ef9228655ec76246a5e56c44812/element/f.8359050118E493E9D810750CB1F2C9B3.d.15365CCA131820B1A70DB9523227D897.e.26609/click - {}
RESULT: {}
RESULT: {}
COMMAND: GET /session/d41a4ef9228655ec76246a5e56c44812/screenshot - {}
RESULT: {}
COMMAND: POST /session/d41a4ef9228655ec76246a5e56c44812/execute/async - {"script":"<script> [1562 bytes]","args":[{"selector":{"id":"application-managehandovers-display-component---AddNewHO--smartFilterBar-btnBasicSearch","searchOpenDialogs":true,"interaction":{"idSuffix":"I"}},"wdio_ui5_key":"applicationmanagehandovers-display-component---AddNewHO--smartFilterBar-btnBasicSearch"}]}
RESULT: {"script":"<script> [1562 bytes]","args":[{"selector":{"id":"application-managehandovers-display-component---AddNewHO--smartFilterBar-btnBasicSearch","searchOpenDialogs":true,"interaction":{"idSuffix":"I"}},"wdio_ui5_key":"applicationmanagehandovers-display-component---AddNewHO--smartFilterBar-btnBasicSearch"}]}
RESULT: undefined
COMMAND: POST /session/d41a4ef9228655ec76246a5e56c44812/execute/async - {"script":"<script> [776 bytes]","args":[{"enterText":"2JakvzDdKz","selector":{"id":"application-managehandovers-display-component---AddNewHO--smartFilterBar-btnBasicSearch","searchOpenDialogs":true,"interaction":{"idSuffix":"I"}},"clearTextFirst":true,"interactionType":"ENTER_TEXT"}]}
RESULT: {"script":"<script> [776 bytes]","args":[{"enterText":"2JakvzDdKz","selector":{"id":"application-managehandovers-display-component---AddNewHO--smartFilterBar-btnBasicSearch","searchOpenDialogs":true,"interaction":{"idSuffix":"I"}},"clearTextFirst":true,"interactionType":"ENTER_TEXT"}]}
COMMAND: POST /session/d41a4ef9228655ec76246a5e56c44812/actions - {"actions":[{"id":"action87","type":"key","parameters":{},"actions":[{"type":"keyDown","value":"î€‡"},{"type":"pause","duration":10},{"type":"keyUp","value":"î€‡"}]}]}
RESULT: {"actions":[{"id":"action87","type":"key","parameters":{},"actions":[{"type":"keyDown","value":"î€‡"},{"type":"pause","duration":10},{"type":"keyUp","value":"î€‡"}]}]}
COMMAND: GET /session/d41a4ef9228655ec76246a5e56c44812/screenshot - {}
RESULT: {}
COMMAND: POST /session/d41a4ef9228655ec76246a5e56c44812/execute/async - {"script":"<script> [1562 bytes]","args":[{"selector":{"id":"application-managehandovers-display-component---AddNewHO--popup-sa","searchOpenDialogs":true,"interaction":{"idSuffix":"CbBg"}},"wdio_ui5_key":"applicationmanagehandovers-display-component---AddNewHO--popup-sa"}]}
RESULT: {"script":"<script> [1562 bytes]","args":[{"selector":{"id":"application-managehandovers-display-component---AddNewHO--popup-sa","searchOpenDialogs":true,"interaction":{"idSuffix":"CbBg"}},"wdio_ui5_key":"applicationmanagehandovers-display-component---AddNewHO--popup-sa"}]}
RESULT: undefined
COMMAND: POST /session/d41a4ef9228655ec76246a5e56c44812/element - {"using":"xpath","value":"//*[@id=\"application-managehandovers-display-component---AddNewHO--popup-sa\"]"}
RESULT: {"using":"xpath","value":"//*[@id=\"application-managehandovers-display-component---AddNewHO--popup-sa\"]"}
COMMAND: POST /session/d41a4ef9228655ec76246a5e56c44812/element/f.8359050118E493E9D810750CB1F2C9B3.d.15365CCA131820B1A70DB9523227D897.e.26764/click - {}
RESULT: {}
COMMAND: GET /session/d41a4ef9228655ec76246a5e56c44812/screenshot - {}
RESULT: {}
COMMAND: POST /session/d41a4ef9228655ec76246a5e56c44812/element - {"using":"xpath","value":"//bdi[contains(text(), \"Select\")]"}
RESULT: {"using":"xpath","value":"//bdi[contains(text(), \"Select\")]"}
COMMAND: POST /session/d41a4ef9228655ec76246a5e56c44812/element/f.8359050118E493E9D810750CB1F2C9B3.d.15365CCA131820B1A70DB9523227D897.e.26765/click - {}
RESULT: {}
COMMAND: GET /session/d41a4ef9228655ec76246a5e56c44812/screenshot - {}
RESULT: {}
COMMAND: POST /session/d41a4ef9228655ec76246a5e56c44812/element - {"using":"xpath","value":"//button[@data-kt=\"AddNewHOSaveButton\"]"}
RESULT: {"using":"xpath","value":"//button[@data-kt=\"AddNewHOSaveButton\"]"}
COMMAND: POST /session/d41a4ef9228655ec76246a5e56c44812/element/f.8359050118E493E9D810750CB1F2C9B3.d.15365CCA131820B1A70DB9523227D897.e.26769/click - {}
RESULT: {}
COMMAND: GET /session/d41a4ef9228655ec76246a5e56c44812/screenshot - {}
RESULT: {}
COMMAND: POST /session/d41a4ef9228655ec76246a5e56c44812/execute/async - {"script":"<script> [1562 bytes]","args":[{"selector":{"id":"receiptDatePicker","viewName":"etm.portal.ui.managehandovers.view.DetailExecuteHO","interaction":{"idSuffix":"inner"}},"wdio_ui5_key":"receiptDatePickeretmportal.ui.managehandovers.view.DetailExecuteHO"}]}
RESULT: {"script":"<script> [1562 bytes]","args":[{"selector":{"id":"receiptDatePicker","viewName":"etm.portal.ui.managehandovers.view.DetailExecuteHO","interaction":{"idSuffix":"inner"}},"wdio_ui5_key":"receiptDatePickeretmportal.ui.managehandovers.view.DetailExecuteHO"}]}
RESULT: undefined
COMMAND: POST /session/d41a4ef9228655ec76246a5e56c44812/execute/async - {"script":"<script> [6424 bytes]","args":[{"element-6066-11e4-a52e-4f735466cecf":"f.8359050118E493E9D810750CB1F2C9B3.d.15365CCA131820B1A70DB9523227D897.e.26789"},"setValue",["5/16/25"]]}
RESULT: {"script":"<script> [6424 bytes]","args":[{"element-6066-11e4-a52e-4f735466cecf":"f.8359050118E493E9D810750CB1F2C9B3.d.15365CCA131820B1A70DB9523227D897.e.26789"},"setValue",["5/16/25"]]}
COMMAND: POST /session/d41a4ef9228655ec76246a5e56c44812/element - {"using":"xpath","value":"//button[@data-kt=\"PickingTableConfirmAllButton\"]"}
RESULT: {"using":"xpath","value":"//button[@data-kt=\"PickingTableConfirmAllButton\"]"}
COMMAND: POST /session/d41a4ef9228655ec76246a5e56c44812/element/f.8359050118E493E9D810750CB1F2C9B3.d.15365CCA131820B1A70DB9523227D897.e.26803/click - {}
RESULT: {}
COMMAND: GET /session/d41a4ef9228655ec76246a5e56c44812/screenshot - {}
RESULT: {}
COMMAND: POST /session/d41a4ef9228655ec76246a5e56c44812/element - {"using":"xpath","value":"//bdi[contains(text(), \"OK\")]"}
RESULT: {"using":"xpath","value":"//bdi[contains(text(), \"OK\")]"}
COMMAND: POST /session/d41a4ef9228655ec76246a5e56c44812/element/f.8359050118E493E9D810750CB1F2C9B3.d.15365CCA131820B1A70DB9523227D897.e.26805/click - {}
RESULT: {}
COMMAND: GET /session/d41a4ef9228655ec76246a5e56c44812/screenshot - {}
RESULT: {}
COMMAND: POST /session/d41a4ef9228655ec76246a5e56c44812/element - {"using":"xpath","value":"(//bdi[contains(text(), \"Receive\")])[2]"}
RESULT: {"using":"xpath","value":"(//bdi[contains(text(), \"Receive\")])[2]"}
COMMAND: POST /session/d41a4ef9228655ec76246a5e56c44812/element/f.8359050118E493E9D810750CB1F2C9B3.d.15365CCA131820B1A70DB9523227D897.e.26807/click - {}
RESULT: {}
COMMAND: GET /session/d41a4ef9228655ec76246a5e56c44812/screenshot - {}
RESULT: {}
COMMAND: POST /session/d41a4ef9228655ec76246a5e56c44812/element - {"using":"css selector","value":"#shell-header-logo"}
RESULT: {"using":"css selector","value":"#shell-header-logo"}
COMMAND: POST /session/d41a4ef9228655ec76246a5e56c44812/element/f.8359050118E493E9D810750CB1F2C9B3.d.15365CCA131820B1A70DB9523227D897.e.26211/click - {}
RESULT: {}
COMMAND: GET /session/d41a4ef9228655ec76246a5e56c44812/screenshot - {}
RESULT: {}
]]></system-out>
    </testcase>
    <testcase classname="chrome.136_0_7103_93.windows.Transfer_Yard_to_Yard_US131076" name="Should do a stock increase handover for equipment multipart" time="93.5">
      <system-out><![CDATA[
RESULT: undefined
COMMAND: POST /session/d41a4ef9228655ec76246a5e56c44812/element - {"using":"xpath","value":"//*[@id=\"__tile131\"]"}
RESULT: {"using":"xpath","value":"//*[@id=\"__tile131\"]"}
COMMAND: POST /session/d41a4ef9228655ec76246a5e56c44812/element/f.8359050118E493E9D810750CB1F2C9B3.d.15365CCA131820B1A70DB9523227D897.e.24184/click - {}
RESULT: {}
COMMAND: GET /session/d41a4ef9228655ec76246a5e56c44812/screenshot - {}
RESULT: {}
COMMAND: POST /session/d41a4ef9228655ec76246a5e56c44812/elements - {"using":"xpath","value":"//span[text()='Error']"}
RESULT: {"using":"xpath","value":"//span[text()='Error']"}
COMMAND: POST /session/d41a4ef9228655ec76246a5e56c44812/element - {"using":"xpath","value":"//button[@data-kt=\"masterHOAddButton\"]"}
RESULT: {"using":"xpath","value":"//button[@data-kt=\"masterHOAddButton\"]"}
COMMAND: POST /session/d41a4ef9228655ec76246a5e56c44812/elements - {"using":"xpath","value":"//button[@data-kt=\"masterHOAddButton\"]"}
RESULT: {"using":"xpath","value":"//button[@data-kt=\"masterHOAddButton\"]"}
COMMAND: POST /session/d41a4ef9228655ec76246a5e56c44812/execute/sync - {"script":"<script> [8489 bytes]","args":[{"element-6066-11e4-a52e-4f735466cecf":"f.8359050118E493E9D810750CB1F2C9B3.d.15365CCA131820B1A70DB9523227D897.e.27033","ELEMENT":"f.8359050118E493E9D810750CB1F2C9B3.d.15365CCA131820B1A70DB9523227D897.e.27033"}]}
RESULT: {"script":"<script> [8489 bytes]","args":[{"element-6066-11e4-a52e-4f735466cecf":"f.8359050118E493E9D810750CB1F2C9B3.d.15365CCA131820B1A70DB9523227D897.e.27033","ELEMENT":"f.8359050118E493E9D810750CB1F2C9B3.d.15365CCA131820B1A70DB9523227D897.e.27033"}]}
COMMAND: GET /session/d41a4ef9228655ec76246a5e56c44812/element/f.8359050118E493E9D810750CB1F2C9B3.d.15365CCA131820B1A70DB9523227D897.e.27033/enabled - {}
COMMAND: GET /session/d41a4ef9228655ec76246a5e56c44812/screenshot - {}
RESULT: {}
COMMAND: POST /session/d41a4ef9228655ec76246a5e56c44812/execute/sync - {"script":"<script> [8489 bytes]","args":[{"element-6066-11e4-a52e-4f735466cecf":"f.8359050118E493E9D810750CB1F2C9B3.d.15365CCA131820B1A70DB9523227D897.e.27033","ELEMENT":"f.8359050118E493E9D810750CB1F2C9B3.d.15365CCA131820B1A70DB9523227D897.e.27033"}]}
COMMAND: GET /session/d41a4ef9228655ec76246a5e56c44812/screenshot - {}
RESULT: {}
RESULT: {"script":"<script> [8489 bytes]","args":[{"element-6066-11e4-a52e-4f735466cecf":"f.8359050118E493E9D810750CB1F2C9B3.d.15365CCA131820B1A70DB9523227D897.e.27033","ELEMENT":"f.8359050118E493E9D810750CB1F2C9B3.d.15365CCA131820B1A70DB9523227D897.e.27033"}]}
COMMAND: POST /session/d41a4ef9228655ec76246a5e56c44812/execute/sync - {"script":"<script> [5351 bytes]","args":[{"element-6066-11e4-a52e-4f735466cecf":"f.8359050118E493E9D810750CB1F2C9B3.d.15365CCA131820B1A70DB9523227D897.e.27033","ELEMENT":"f.8359050118E493E9D810750CB1F2C9B3.d.15365CCA131820B1A70DB9523227D897.e.27033"}]}
COMMAND: GET /session/d41a4ef9228655ec76246a5e56c44812/screenshot - {}
RESULT: {}
RESULT: {"script":"<script> [5351 bytes]","args":[{"element-6066-11e4-a52e-4f735466cecf":"f.8359050118E493E9D810750CB1F2C9B3.d.15365CCA131820B1A70DB9523227D897.e.27033","ELEMENT":"f.8359050118E493E9D810750CB1F2C9B3.d.15365CCA131820B1A70DB9523227D897.e.27033"}]}
COMMAND: POST /session/d41a4ef9228655ec76246a5e56c44812/element/f.8359050118E493E9D810750CB1F2C9B3.d.15365CCA131820B1A70DB9523227D897.e.27033/click - {}
COMMAND: GET /session/d41a4ef9228655ec76246a5e56c44812/screenshot - {}
RESULT: {}
RESULT: {}
COMMAND: GET /session/d41a4ef9228655ec76246a5e56c44812/screenshot - {}
COMMAND: POST /session/d41a4ef9228655ec76246a5e56c44812/element - {"using":"xpath","value":"//span[contains(@id ,\"AddNewHO--typeSelect-arrow\")]"}
RESULT: {}
RESULT: {}
RESULT: {"using":"xpath","value":"//span[contains(@id ,\"AddNewHO--typeSelect-arrow\")]"}
COMMAND: POST /session/d41a4ef9228655ec76246a5e56c44812/element/f.8359050118E493E9D810750CB1F2C9B3.d.15365CCA131820B1A70DB9523227D897.e.27464/click - {}
RESULT: {}
COMMAND: GET /session/d41a4ef9228655ec76246a5e56c44812/screenshot - {}
RESULT: {}
COMMAND: POST /session/d41a4ef9228655ec76246a5e56c44812/element - {"using":"xpath","value":"(//li[contains(text(), \"stock increase yard\")])[1]"}
RESULT: {"using":"xpath","value":"(//li[contains(text(), \"stock increase yard\")])[1]"}
COMMAND: POST /session/d41a4ef9228655ec76246a5e56c44812/element/f.8359050118E493E9D810750CB1F2C9B3.d.15365CCA131820B1A70DB9523227D897.e.27465/click - {}
RESULT: {}
COMMAND: GET /session/d41a4ef9228655ec76246a5e56c44812/screenshot - {}
RESULT: {}
RESULT: undefined
COMMAND: POST /session/d41a4ef9228655ec76246a5e56c44812/execute/async - {"script":"<script> [6424 bytes]","args":[{"element-6066-11e4-a52e-4f735466cecf":"f.8359050118E493E9D810750CB1F2C9B3.d.15365CCA131820B1A70DB9523227D897.e.26585"},"setValue",["5/16/25"]]}
COMMAND: POST /session/d41a4ef9228655ec76246a5e56c44812/execute/async - {"script":"<script> [1562 bytes]","args":[{"selector":{"id":"application-managehandovers-display-component---AddNewHO--dueDate","interaction":{"idSuffix":"inner"}},"wdio_ui5_key":"applicationmanagehandovers-display-component---AddNewHO--dueDate"}]}
RESULT: {"script":"<script> [1562 bytes]","args":[{"selector":{"id":"application-managehandovers-display-component---AddNewHO--dueDate","interaction":{"idSuffix":"inner"}},"wdio_ui5_key":"applicationmanagehandovers-display-component---AddNewHO--dueDate"}]}
COMMAND: POST /session/d41a4ef9228655ec76246a5e56c44812/execute/async - {"script":"<script> [6424 bytes]","args":[{"element-6066-11e4-a52e-4f735466cecf":"f.8359050118E493E9D810750CB1F2C9B3.d.15365CCA131820B1A70DB9523227D897.e.27467"},"setValue",["5/16/25"]]}
RESULT: {"script":"<script> [6424 bytes]","args":[{"element-6066-11e4-a52e-4f735466cecf":"f.8359050118E493E9D810750CB1F2C9B3.d.15365CCA131820B1A70DB9523227D897.e.27467"},"setValue",["5/16/25"]]}
COMMAND: POST /session/d41a4ef9228655ec76246a5e56c44812/element - {"using":"xpath","value":"//input[@id=\"generalSectionFrg--receiveYard-inner\"]"}
RESULT: {"using":"xpath","value":"//input[@id=\"generalSectionFrg--receiveYard-inner\"]"}
COMMAND: POST /session/d41a4ef9228655ec76246a5e56c44812/element/f.8359050118E493E9D810750CB1F2C9B3.d.15365CCA131820B1A70DB9523227D897.e.27471/clear - {}
RESULT: {}
COMMAND: POST /session/d41a4ef9228655ec76246a5e56c44812/element/f.8359050118E493E9D810750CB1F2C9B3.d.15365CCA131820B1A70DB9523227D897.e.27471/value - {"text":"476"}
COMMAND: GET /session/d41a4ef9228655ec76246a5e56c44812/screenshot - {}
RESULT: {"text":"476"}
COMMAND: GET /session/d41a4ef9228655ec76246a5e56c44812/screenshot - {}
RESULT: {}
RESULT: {}
COMMAND: POST /session/d41a4ef9228655ec76246a5e56c44812/element - {"using":"xpath","value":"//li[.//span[text()='476']]"}
RESULT: {"using":"xpath","value":"//li[.//span[text()='476']]"}
COMMAND: POST /session/d41a4ef9228655ec76246a5e56c44812/element/f.8359050118E493E9D810750CB1F2C9B3.d.15365CCA131820B1A70DB9523227D897.e.27487/click - {}
RESULT: {}
COMMAND: GET /session/d41a4ef9228655ec76246a5e56c44812/screenshot - {}
RESULT: {}
RESULT: undefined
COMMAND: POST /session/d41a4ef9228655ec76246a5e56c44812/element - {"using":"xpath","value":"//*[@id=\"application-managehandovers-display-component---AddNewHO--ObjectPageLayout-anchBar-application-managehandovers-display-component---AddNewHO--section4-anchor\"]"}
RESULT: {"using":"xpath","value":"//*[@id=\"application-managehandovers-display-component---AddNewHO--ObjectPageLayout-anchBar-application-managehandovers-display-component---AddNewHO--section4-anchor\"]"}
COMMAND: POST /session/d41a4ef9228655ec76246a5e56c44812/element/f.8359050118E493E9D810750CB1F2C9B3.d.15365CCA131820B1A70DB9523227D897.e.27488/click - {}
RESULT: {}
COMMAND: POST /session/d41a4ef9228655ec76246a5e56c44812/element - {"using":"xpath","value":"//button[@aria-label=\"Add\"]"}
COMMAND: GET /session/d41a4ef9228655ec76246a5e56c44812/screenshot - {}
RESULT: {"using":"xpath","value":"//button[@aria-label=\"Add\"]"}
COMMAND: POST /session/d41a4ef9228655ec76246a5e56c44812/element/f.8359050118E493E9D810750CB1F2C9B3.d.15365CCA131820B1A70DB9523227D897.e.27490/click - {}
RESULT: {}
RESULT: {}
COMMAND: GET /session/d41a4ef9228655ec76246a5e56c44812/screenshot - {}
RESULT: {}
RESULT: undefined
COMMAND: POST /session/d41a4ef9228655ec76246a5e56c44812/execute/async - {"script":"<script> [776 bytes]","args":[{"enterText":"400038","selector":{"id":"application-managehandovers-display-component---AddNewHO--smartFilterBar-btnBasicSearch","searchOpenDialogs":true,"interaction":{"idSuffix":"I"}},"clearTextFirst":true,"interactionType":"ENTER_TEXT"}]}
RESULT: {"script":"<script> [776 bytes]","args":[{"enterText":"400038","selector":{"id":"application-managehandovers-display-component---AddNewHO--smartFilterBar-btnBasicSearch","searchOpenDialogs":true,"interaction":{"idSuffix":"I"}},"clearTextFirst":true,"interactionType":"ENTER_TEXT"}]}
COMMAND: POST /session/d41a4ef9228655ec76246a5e56c44812/actions - {"actions":[{"id":"action88","type":"key","parameters":{},"actions":[{"type":"keyDown","value":"î€‡"},{"type":"pause","duration":10},{"type":"keyUp","value":"î€‡"}]}]}
RESULT: {"actions":[{"id":"action88","type":"key","parameters":{},"actions":[{"type":"keyDown","value":"î€‡"},{"type":"pause","duration":10},{"type":"keyUp","value":"î€‡"}]}]}
COMMAND: GET /session/d41a4ef9228655ec76246a5e56c44812/screenshot - {}
RESULT: {}
RESULT: undefined
COMMAND: POST /session/d41a4ef9228655ec76246a5e56c44812/element - {"using":"xpath","value":"//*[@id=\"application-managehandovers-display-component---AddNewHO--popup-sa\"]"}
RESULT: {"using":"xpath","value":"//*[@id=\"application-managehandovers-display-component---AddNewHO--popup-sa\"]"}
COMMAND: POST /session/d41a4ef9228655ec76246a5e56c44812/element/f.8359050118E493E9D810750CB1F2C9B3.d.15365CCA131820B1A70DB9523227D897.e.27641/click - {}
RESULT: {}
COMMAND: GET /session/d41a4ef9228655ec76246a5e56c44812/screenshot - {}
RESULT: {}
COMMAND: POST /session/d41a4ef9228655ec76246a5e56c44812/element - {"using":"xpath","value":"//bdi[contains(text(), \"Select\")]"}
RESULT: {"using":"xpath","value":"//bdi[contains(text(), \"Select\")]"}
COMMAND: POST /session/d41a4ef9228655ec76246a5e56c44812/element/f.8359050118E493E9D810750CB1F2C9B3.d.15365CCA131820B1A70DB9523227D897.e.27642/click - {}
RESULT: {}
COMMAND: GET /session/d41a4ef9228655ec76246a5e56c44812/screenshot - {}
RESULT: {}
COMMAND: POST /session/d41a4ef9228655ec76246a5e56c44812/element - {"using":"xpath","value":"//button[@data-kt=\"AddNewHOSaveButton\"]"}
RESULT: {"using":"xpath","value":"//button[@data-kt=\"AddNewHOSaveButton\"]"}
COMMAND: POST /session/d41a4ef9228655ec76246a5e56c44812/element/f.8359050118E493E9D810750CB1F2C9B3.d.15365CCA131820B1A70DB9523227D897.e.27646/click - {}
RESULT: {}
COMMAND: GET /session/d41a4ef9228655ec76246a5e56c44812/screenshot - {}
RESULT: undefined
COMMAND: POST /session/d41a4ef9228655ec76246a5e56c44812/execute/async - {"script":"<script> [6424 bytes]","args":[{"element-6066-11e4-a52e-4f735466cecf":"f.8359050118E493E9D810750CB1F2C9B3.d.15365CCA131820B1A70DB9523227D897.e.26789"},"setValue",["5/16/25"]]}
RESULT: {}
COMMAND: POST /session/d41a4ef9228655ec76246a5e56c44812/execute/async - {"script":"<script> [1562 bytes]","args":[{"selector":{"id":"receiptDatePicker","viewName":"etm.portal.ui.managehandovers.view.DetailExecuteHO","interaction":{"idSuffix":"inner"}},"wdio_ui5_key":"receiptDatePickeretmportal.ui.managehandovers.view.DetailExecuteHO"}]}
RESULT: {"script":"<script> [1562 bytes]","args":[{"selector":{"id":"receiptDatePicker","viewName":"etm.portal.ui.managehandovers.view.DetailExecuteHO","interaction":{"idSuffix":"inner"}},"wdio_ui5_key":"receiptDatePickeretmportal.ui.managehandovers.view.DetailExecuteHO"}]}
COMMAND: POST /session/d41a4ef9228655ec76246a5e56c44812/execute/async - {"script":"<script> [6424 bytes]","args":[{"element-6066-11e4-a52e-4f735466cecf":"f.8359050118E493E9D810750CB1F2C9B3.d.15365CCA131820B1A70DB9523227D897.e.27682"},"setValue",["5/16/25"]]}
RESULT: {"script":"<script> [6424 bytes]","args":[{"element-6066-11e4-a52e-4f735466cecf":"f.8359050118E493E9D810750CB1F2C9B3.d.15365CCA131820B1A70DB9523227D897.e.27682"},"setValue",["5/16/25"]]}
COMMAND: POST /session/d41a4ef9228655ec76246a5e56c44812/element - {"using":"xpath","value":"//button[@data-kt=\"PickingTableConfirmAllButton\"]"}
RESULT: {"using":"xpath","value":"//button[@data-kt=\"PickingTableConfirmAllButton\"]"}
COMMAND: POST /session/d41a4ef9228655ec76246a5e56c44812/element/f.8359050118E493E9D810750CB1F2C9B3.d.15365CCA131820B1A70DB9523227D897.e.27695/click - {}
RESULT: {}
COMMAND: GET /session/d41a4ef9228655ec76246a5e56c44812/screenshot - {}
RESULT: {}
COMMAND: POST /session/d41a4ef9228655ec76246a5e56c44812/element - {"using":"xpath","value":"//bdi[contains(text(), \"OK\")]"}
RESULT: {"using":"xpath","value":"//bdi[contains(text(), \"OK\")]"}
COMMAND: POST /session/d41a4ef9228655ec76246a5e56c44812/element/f.8359050118E493E9D810750CB1F2C9B3.d.15365CCA131820B1A70DB9523227D897.e.27697/click - {}
RESULT: {}
COMMAND: GET /session/d41a4ef9228655ec76246a5e56c44812/screenshot - {}
RESULT: {}
COMMAND: POST /session/d41a4ef9228655ec76246a5e56c44812/element - {"using":"xpath","value":"(//bdi[contains(text(), \"Receive\")])[2]"}
RESULT: {"using":"xpath","value":"(//bdi[contains(text(), \"Receive\")])[2]"}
COMMAND: POST /session/d41a4ef9228655ec76246a5e56c44812/element/f.8359050118E493E9D810750CB1F2C9B3.d.15365CCA131820B1A70DB9523227D897.e.27699/click - {}
RESULT: {}
COMMAND: GET /session/d41a4ef9228655ec76246a5e56c44812/screenshot - {}
RESULT: {}
COMMAND: POST /session/d41a4ef9228655ec76246a5e56c44812/element - {"using":"css selector","value":"#shell-header-logo"}
RESULT: {"using":"css selector","value":"#shell-header-logo"}
COMMAND: POST /session/d41a4ef9228655ec76246a5e56c44812/element/f.8359050118E493E9D810750CB1F2C9B3.d.15365CCA131820B1A70DB9523227D897.e.26998/click - {}
RESULT: {}
COMMAND: GET /session/d41a4ef9228655ec76246a5e56c44812/screenshot - {}
RESULT: {}
]]></system-out>
    </testcase>
  </testsuite>
</testsuites>