<?xml version="1.0" encoding="UTF-8"?>
<testsuites tests="6" failures="0" errors="0" skipped="0">
  <testsuite timestamp="2025-05-25T16:29:48" time="996.861" tests="6" failures="0" errors="0" skipped="0">
    <properties>
      <property name="specId" value="0"/>
      <property name="suiteName" value="RU Inventory Mass State Change Multiple Items US151066"/>
      <property name="capabilities" value="chrome.136_0_7103_93.windows"/>
      <property name="file" value="file:///D:/a/1/s/test/specs/HTR/ru-inv-list-mass-state-change.spec.js"/>
    </properties>
    <testcase classname="chrome.136_0_7103_93.windows.RU_Inventory_Mass_State_Change_Multiple_Items_US151066" name="Step 1 Should do a RU inventory mass state change on chosen yard 109 with the resources available one equipment multipart one tool pool" time="262.559">
      <system-out><![CDATA[
COMMAND: POST /session/a25f034dab13e07f92a88167585c034b/execute/async - {"script":"<script> [1562 bytes]","args":[{"selector":{"controlType":"sap.m.GenericTile","properties":{"header":"RU Inventory List"}},"wdio_ui5_key":"sapm.GenericTile{\"header\":\"RU Inventory List\"}"}]}
RESULT: {"script":"<script> [1562 bytes]","args":[{"selector":{"controlType":"sap.m.GenericTile","properties":{"header":"RU Inventory List"}},"wdio_ui5_key":"sapm.GenericTile{\"header\":\"RU Inventory List\"}"}]}
RESULT: undefined
COMMAND: POST /session/a25f034dab13e07f92a88167585c034b/element - {"using":"xpath","value":"//*[@id=\"__tile99\"]"}
RESULT: {"using":"xpath","value":"//*[@id=\"__tile99\"]"}
COMMAND: POST /session/a25f034dab13e07f92a88167585c034b/element/f.7B06FBE6B2D8891648293552B7C1D2EE.d.616E0BCD4502D8B43A52409B441156A6.e.256/click - {}
RESULT: {}
COMMAND: GET /session/a25f034dab13e07f92a88167585c034b/screenshot - {}
RESULT: {}
COMMAND: POST /session/a25f034dab13e07f92a88167585c034b/elements - {"using":"xpath","value":"//span[text()='Error']"}
RESULT: {"using":"xpath","value":"//span[text()='Error']"}
COMMAND: POST /session/a25f034dab13e07f92a88167585c034b/element - {"using":"xpath","value":"//button[contains(@id, \"massStateBtn\")]"}
RESULT: {"using":"xpath","value":"//button[contains(@id, \"massStateBtn\")]"}
COMMAND: POST /session/a25f034dab13e07f92a88167585c034b/elements - {"using":"xpath","value":"//button[contains(@id, \"massStateBtn\")]"}
RESULT: {"using":"xpath","value":"//button[contains(@id, \"massStateBtn\")]"}
COMMAND: POST /session/a25f034dab13e07f92a88167585c034b/execute/sync - {"script":"<script> [8489 bytes]","args":[{"element-6066-11e4-a52e-4f735466cecf":"f.7B06FBE6B2D8891648293552B7C1D2EE.d.616E0BCD4502D8B43A52409B441156A6.e.291","ELEMENT":"f.7B06FBE6B2D8891648293552B7C1D2EE.d.616E0BCD4502D8B43A52409B441156A6.e.291"}]}
RESULT: {"script":"<script> [8489 bytes]","args":[{"element-6066-11e4-a52e-4f735466cecf":"f.7B06FBE6B2D8891648293552B7C1D2EE.d.616E0BCD4502D8B43A52409B441156A6.e.291","ELEMENT":"f.7B06FBE6B2D8891648293552B7C1D2EE.d.616E0BCD4502D8B43A52409B441156A6.e.291"}]}
COMMAND: GET /session/a25f034dab13e07f92a88167585c034b/element/f.7B06FBE6B2D8891648293552B7C1D2EE.d.616E0BCD4502D8B43A52409B441156A6.e.291/enabled - {}
COMMAND: GET /session/a25f034dab13e07f92a88167585c034b/screenshot - {}
RESULT: {}
COMMAND: POST /session/a25f034dab13e07f92a88167585c034b/execute/sync - {"script":"<script> [8489 bytes]","args":[{"element-6066-11e4-a52e-4f735466cecf":"f.7B06FBE6B2D8891648293552B7C1D2EE.d.616E0BCD4502D8B43A52409B441156A6.e.291","ELEMENT":"f.7B06FBE6B2D8891648293552B7C1D2EE.d.616E0BCD4502D8B43A52409B441156A6.e.291"}]}
COMMAND: GET /session/a25f034dab13e07f92a88167585c034b/screenshot - {}
RESULT: {}
RESULT: {"script":"<script> [8489 bytes]","args":[{"element-6066-11e4-a52e-4f735466cecf":"f.7B06FBE6B2D8891648293552B7C1D2EE.d.616E0BCD4502D8B43A52409B441156A6.e.291","ELEMENT":"f.7B06FBE6B2D8891648293552B7C1D2EE.d.616E0BCD4502D8B43A52409B441156A6.e.291"}]}
COMMAND: POST /session/a25f034dab13e07f92a88167585c034b/execute/sync - {"script":"<script> [5351 bytes]","args":[{"element-6066-11e4-a52e-4f735466cecf":"f.7B06FBE6B2D8891648293552B7C1D2EE.d.616E0BCD4502D8B43A52409B441156A6.e.291","ELEMENT":"f.7B06FBE6B2D8891648293552B7C1D2EE.d.616E0BCD4502D8B43A52409B441156A6.e.291"}]}
COMMAND: GET /session/a25f034dab13e07f92a88167585c034b/screenshot - {}
RESULT: {}
RESULT: {"script":"<script> [5351 bytes]","args":[{"element-6066-11e4-a52e-4f735466cecf":"f.7B06FBE6B2D8891648293552B7C1D2EE.d.616E0BCD4502D8B43A52409B441156A6.e.291","ELEMENT":"f.7B06FBE6B2D8891648293552B7C1D2EE.d.616E0BCD4502D8B43A52409B441156A6.e.291"}]}
COMMAND: POST /session/a25f034dab13e07f92a88167585c034b/element/f.7B06FBE6B2D8891648293552B7C1D2EE.d.616E0BCD4502D8B43A52409B441156A6.e.291/click - {}
COMMAND: GET /session/a25f034dab13e07f92a88167585c034b/screenshot - {}
RESULT: {}
RESULT: {}
COMMAND: GET /session/a25f034dab13e07f92a88167585c034b/screenshot - {}
RESULT: {}
RESULT: {}
COMMAND: POST /session/a25f034dab13e07f92a88167585c034b/execute/async - {"script":"<script> [1562 bytes]","args":[{"selector":{"id":"application-ruinventorylist-display-component---Master--ruLocationTypeComboBox-arrow"},"wdio_ui5_key":"applicationruinventorylist-display-component---Master--ruLocationTypeComboBox-arrow"}]}
RESULT: {"script":"<script> [1562 bytes]","args":[{"selector":{"id":"application-ruinventorylist-display-component---Master--ruLocationTypeComboBox-arrow"},"wdio_ui5_key":"applicationruinventorylist-display-component---Master--ruLocationTypeComboBox-arrow"}]}
RESULT: undefined
COMMAND: POST /session/a25f034dab13e07f92a88167585c034b/element - {"using":"xpath","value":"//*[@id=\"application-ruinventorylist-display-component---Master--ruLocationTypeComboBox-arrow\"]"}
RESULT: {"using":"xpath","value":"//*[@id=\"application-ruinventorylist-display-component---Master--ruLocationTypeComboBox-arrow\"]"}
COMMAND: POST /session/a25f034dab13e07f92a88167585c034b/element/f.7B06FBE6B2D8891648293552B7C1D2EE.d.616E0BCD4502D8B43A52409B441156A6.e.644/click - {}
RESULT: {}
COMMAND: GET /session/a25f034dab13e07f92a88167585c034b/screenshot - {}
RESULT: {}
COMMAND: POST /session/a25f034dab13e07f92a88167585c034b/element - {"using":"xpath","value":"//li[.//span[text()='Yard']]"}
RESULT: {"using":"xpath","value":"//li[.//span[text()='Yard']]"}
COMMAND: POST /session/a25f034dab13e07f92a88167585c034b/element/f.7B06FBE6B2D8891648293552B7C1D2EE.d.616E0BCD4502D8B43A52409B441156A6.e.645/click - {}
RESULT: {}
COMMAND: GET /session/a25f034dab13e07f92a88167585c034b/screenshot - {}
RESULT: {}
COMMAND: POST /session/a25f034dab13e07f92a88167585c034b/execute/async - {"script":"<script> [1562 bytes]","args":[{"selector":{"id":"application-ruinventorylist-display-component---Master--smartFilterBar-filterItemControl_BASIC-YARD-vhi"},"wdio_ui5_key":"applicationruinventorylist-display-component---Master--smartFilterBar-filterItemControl_BASIC-YARD-vhi"}]}
RESULT: {"script":"<script> [1562 bytes]","args":[{"selector":{"id":"application-ruinventorylist-display-component---Master--smartFilterBar-filterItemControl_BASIC-YARD-vhi"},"wdio_ui5_key":"applicationruinventorylist-display-component---Master--smartFilterBar-filterItemControl_BASIC-YARD-vhi"}]}
RESULT: undefined
COMMAND: POST /session/a25f034dab13e07f92a88167585c034b/element - {"using":"xpath","value":"//*[@id=\"application-ruinventorylist-display-component---Master--smartFilterBar-filterItemControl_BASIC-YARD-vhi\"]"}
RESULT: {"using":"xpath","value":"//*[@id=\"application-ruinventorylist-display-component---Master--smartFilterBar-filterItemControl_BASIC-YARD-vhi\"]"}
COMMAND: POST /session/a25f034dab13e07f92a88167585c034b/element/f.7B06FBE6B2D8891648293552B7C1D2EE.d.616E0BCD4502D8B43A52409B441156A6.e.679/click - {}
RESULT: {}
COMMAND: GET /session/a25f034dab13e07f92a88167585c034b/screenshot - {}
RESULT: {}
COMMAND: POST /session/a25f034dab13e07f92a88167585c034b/execute/async - {"script":"<script> [1562 bytes]","args":[{"selector":{"id":"application-ruinventorylist-display-component---Master--smartFilterBar-filterItemControl_BASIC-YARD-valueHelpDialog-smartFilterBar-btnBasicSearch","searchOpenDialogs":true,"interaction":{"idSuffix":"I"}},"wdio_ui5_key":"applicationruinventorylist-display-component---Master--smartFilterBar-filterItemControl_BASIC-YARD-valueHelpDialog-smartFilterBar-btnBasicSearch"}]}
RESULT: {"script":"<script> [1562 bytes]","args":[{"selector":{"id":"application-ruinventorylist-display-component---Master--smartFilterBar-filterItemControl_BASIC-YARD-valueHelpDialog-smartFilterBar-btnBasicSearch","searchOpenDialogs":true,"interaction":{"idSuffix":"I"}},"wdio_ui5_key":"applicationruinventorylist-display-component---Master--smartFilterBar-filterItemControl_BASIC-YARD-valueHelpDialog-smartFilterBar-btnBasicSearch"}]}
RESULT: undefined
COMMAND: POST /session/a25f034dab13e07f92a88167585c034b/execute/async - {"script":"<script> [776 bytes]","args":[{"enterText":"109","selector":{"id":"application-ruinventorylist-display-component---Master--smartFilterBar-filterItemControl_BASIC-YARD-valueHelpDialog-smartFilterBar-btnBasicSearch","searchOpenDialogs":true,"interaction":{"idSuffix":"I"}},"clearTextFirst":true,"interactionType":"ENTER_TEXT"}]}
RESULT: {"script":"<script> [776 bytes]","args":[{"enterText":"109","selector":{"id":"application-ruinventorylist-display-component---Master--smartFilterBar-filterItemControl_BASIC-YARD-valueHelpDialog-smartFilterBar-btnBasicSearch","searchOpenDialogs":true,"interaction":{"idSuffix":"I"}},"clearTextFirst":true,"interactionType":"ENTER_TEXT"}]}
COMMAND: POST /session/a25f034dab13e07f92a88167585c034b/actions - {"actions":[{"id":"action1","type":"key","parameters":{},"actions":[{"type":"keyDown","value":""},{"type":"pause","duration":10},{"type":"keyUp","value":""}]}]}
RESULT: {"actions":[{"id":"action1","type":"key","parameters":{},"actions":[{"type":"keyDown","value":""},{"type":"pause","duration":10},{"type":"keyUp","value":""}]}]}
COMMAND: GET /session/a25f034dab13e07f92a88167585c034b/screenshot - {}
RESULT: {}
COMMAND: POST /session/a25f034dab13e07f92a88167585c034b/elements - {"using":"xpath","value":"//table[contains(@id, \"filterItemControl_BASIC-YARD-valueHelpDialog-table-table\")]/tbody/tr"}
RESULT: {"using":"xpath","value":"//table[contains(@id, \"filterItemControl_BASIC-YARD-valueHelpDialog-table-table\")]/tbody/tr"}
COMMAND: POST /session/a25f034dab13e07f92a88167585c034b/element - {"using":"xpath","value":"//table[contains(@id, \"filterItemControl_BASIC-YARD-valueHelpDialog-table-table\")]/tbody/tr[1]/td[1]/div/span"}
RESULT: {"using":"xpath","value":"//table[contains(@id, \"filterItemControl_BASIC-YARD-valueHelpDialog-table-table\")]/tbody/tr[1]/td[1]/div/span"}
COMMAND: POST /session/a25f034dab13e07f92a88167585c034b/elements - {"using":"xpath","value":"//table[contains(@id, \"filterItemControl_BASIC-YARD-valueHelpDialog-table-table\")]/tbody/tr[1]/td[1]/div/span"}
RESULT: {"using":"xpath","value":"//table[contains(@id, \"filterItemControl_BASIC-YARD-valueHelpDialog-table-table\")]/tbody/tr[1]/td[1]/div/span"}
COMMAND: POST /session/a25f034dab13e07f92a88167585c034b/execute/sync - {"script":"<script> [56 bytes]","args":[{"element-6066-11e4-a52e-4f735466cecf":"f.7B06FBE6B2D8891648293552B7C1D2EE.d.616E0BCD4502D8B43A52409B441156A6.e.702","ELEMENT":"f.7B06FBE6B2D8891648293552B7C1D2EE.d.616E0BCD4502D8B43A52409B441156A6.e.702"}]}
RESULT: {"script":"<script> [56 bytes]","args":[{"element-6066-11e4-a52e-4f735466cecf":"f.7B06FBE6B2D8891648293552B7C1D2EE.d.616E0BCD4502D8B43A52409B441156A6.e.702","ELEMENT":"f.7B06FBE6B2D8891648293552B7C1D2EE.d.616E0BCD4502D8B43A52409B441156A6.e.702"}]}
COMMAND: POST /session/a25f034dab13e07f92a88167585c034b/element - {"using":"xpath","value":"//div[contains(@id, \"filterItemControl_BASIC-YARD-valueHelpDialog-table-rowsel0\")]"}
COMMAND: GET /session/a25f034dab13e07f92a88167585c034b/screenshot - {}
RESULT: {"using":"xpath","value":"//div[contains(@id, \"filterItemControl_BASIC-YARD-valueHelpDialog-table-rowsel0\")]"}
COMMAND: POST /session/a25f034dab13e07f92a88167585c034b/element/f.7B06FBE6B2D8891648293552B7C1D2EE.d.616E0BCD4502D8B43A52409B441156A6.e.703/click - {}
RESULT: {}
RESULT: {}
COMMAND: GET /session/a25f034dab13e07f92a88167585c034b/screenshot - {}
RESULT: {}
COMMAND: POST /session/a25f034dab13e07f92a88167585c034b/element - {"using":"xpath","value":"//div[contains(@id, \"smartFilterBar-filterItemControl_BASIC-YARD-valueHelpDialog-smartFilterBar-btnBasicSearch-reset\")]"}
RESULT: {"using":"xpath","value":"//div[contains(@id, \"smartFilterBar-filterItemControl_BASIC-YARD-valueHelpDialog-smartFilterBar-btnBasicSearch-reset\")]"}
COMMAND: POST /session/a25f034dab13e07f92a88167585c034b/element/f.7B06FBE6B2D8891648293552B7C1D2EE.d.616E0BCD4502D8B43A52409B441156A6.e.705/click - {}
RESULT: {}
RESULT: undefined
COMMAND: POST /session/a25f034dab13e07f92a88167585c034b/execute/async - {"script":"<script> [776 bytes]","args":[{"enterText":"OPA5_BST01_YARD1","selector":{"id":"application-ruinventorylist-display-component---Master--smartFilterBar-filterItemControl_BASIC-YARD-valueHelpDialog-smartFilterBar-btnBasicSearch","searchOpenDialogs":true,"interaction":{"idSuffix":"I"}},"clearTextFirst":true,"interactionType":"ENTER_TEXT"}]}
COMMAND: GET /session/a25f034dab13e07f92a88167585c034b/screenshot - {}
RESULT: {"script":"<script> [776 bytes]","args":[{"enterText":"OPA5_BST01_YARD1","selector":{"id":"application-ruinventorylist-display-component---Master--smartFilterBar-filterItemControl_BASIC-YARD-valueHelpDialog-smartFilterBar-btnBasicSearch","searchOpenDialogs":true,"interaction":{"idSuffix":"I"}},"clearTextFirst":true,"interactionType":"ENTER_TEXT"}]}
COMMAND: POST /session/a25f034dab13e07f92a88167585c034b/actions - {"actions":[{"id":"action2","type":"key","parameters":{},"actions":[{"type":"keyDown","value":""},{"type":"pause","duration":10},{"type":"keyUp","value":""}]}]}
RESULT: {}
RESULT: {"actions":[{"id":"action2","type":"key","parameters":{},"actions":[{"type":"keyDown","value":""},{"type":"pause","duration":10},{"type":"keyUp","value":""}]}]}
COMMAND: GET /session/a25f034dab13e07f92a88167585c034b/screenshot - {}
RESULT: {}
COMMAND: POST /session/a25f034dab13e07f92a88167585c034b/elements - {"using":"xpath","value":"//table[contains(@id, \"filterItemControl_BASIC-YARD-valueHelpDialog-table-table\")]/tbody/tr"}
RESULT: {"using":"xpath","value":"//table[contains(@id, \"filterItemControl_BASIC-YARD-valueHelpDialog-table-table\")]/tbody/tr"}
COMMAND: POST /session/a25f034dab13e07f92a88167585c034b/element - {"using":"xpath","value":"//table[contains(@id, \"filterItemControl_BASIC-YARD-valueHelpDialog-table-table\")]/tbody/tr[1]/td[1]/div/span"}
RESULT: {"using":"xpath","value":"//table[contains(@id, \"filterItemControl_BASIC-YARD-valueHelpDialog-table-table\")]/tbody/tr[1]/td[1]/div/span"}
COMMAND: POST /session/a25f034dab13e07f92a88167585c034b/elements - {"using":"xpath","value":"//table[contains(@id, \"filterItemControl_BASIC-YARD-valueHelpDialog-table-table\")]/tbody/tr[1]/td[1]/div/span"}
RESULT: {"using":"xpath","value":"//table[contains(@id, \"filterItemControl_BASIC-YARD-valueHelpDialog-table-table\")]/tbody/tr[1]/td[1]/div/span"}
COMMAND: POST /session/a25f034dab13e07f92a88167585c034b/execute/sync - {"script":"<script> [56 bytes]","args":[{"element-6066-11e4-a52e-4f735466cecf":"f.7B06FBE6B2D8891648293552B7C1D2EE.d.616E0BCD4502D8B43A52409B441156A6.e.702","ELEMENT":"f.7B06FBE6B2D8891648293552B7C1D2EE.d.616E0BCD4502D8B43A52409B441156A6.e.702"}]}
RESULT: {"script":"<script> [56 bytes]","args":[{"element-6066-11e4-a52e-4f735466cecf":"f.7B06FBE6B2D8891648293552B7C1D2EE.d.616E0BCD4502D8B43A52409B441156A6.e.702","ELEMENT":"f.7B06FBE6B2D8891648293552B7C1D2EE.d.616E0BCD4502D8B43A52409B441156A6.e.702"}]}
COMMAND: POST /session/a25f034dab13e07f92a88167585c034b/element - {"using":"xpath","value":"//div[contains(@id, \"filterItemControl_BASIC-YARD-valueHelpDialog-table-rowsel0\")]"}
COMMAND: GET /session/a25f034dab13e07f92a88167585c034b/screenshot - {}
RESULT: {"using":"xpath","value":"//div[contains(@id, \"filterItemControl_BASIC-YARD-valueHelpDialog-table-rowsel0\")]"}
COMMAND: POST /session/a25f034dab13e07f92a88167585c034b/element/f.7B06FBE6B2D8891648293552B7C1D2EE.d.616E0BCD4502D8B43A52409B441156A6.e.703/click - {}
RESULT: {}
RESULT: {}
COMMAND: GET /session/a25f034dab13e07f92a88167585c034b/screenshot - {}
RESULT: {}
COMMAND: POST /session/a25f034dab13e07f92a88167585c034b/element - {"using":"xpath","value":"(//bdi[contains(text(), \"OK\")])[1]"}
RESULT: {"using":"xpath","value":"(//bdi[contains(text(), \"OK\")])[1]"}
COMMAND: POST /session/a25f034dab13e07f92a88167585c034b/element/f.7B06FBE6B2D8891648293552B7C1D2EE.d.616E0BCD4502D8B43A52409B441156A6.e.706/click - {}
RESULT: {}
COMMAND: GET /session/a25f034dab13e07f92a88167585c034b/screenshot - {}
RESULT: {}
COMMAND: POST /session/a25f034dab13e07f92a88167585c034b/element - {"using":"xpath","value":"//span[@id=\"application-ruinventorylist-display-component---Master--smartTableRuInventoryList-header-inner\"]"}
RESULT: {"using":"xpath","value":"//span[@id=\"application-ruinventorylist-display-component---Master--smartTableRuInventoryList-header-inner\"]"}
COMMAND: POST /session/a25f034dab13e07f92a88167585c034b/elements - {"using":"xpath","value":"//span[@id=\"application-ruinventorylist-display-component---Master--smartTableRuInventoryList-header-inner\"]"}
RESULT: {"using":"xpath","value":"//span[@id=\"application-ruinventorylist-display-component---Master--smartTableRuInventoryList-header-inner\"]"}
COMMAND: POST /session/a25f034dab13e07f92a88167585c034b/execute/sync - {"script":"<script> [56 bytes]","args":[{"element-6066-11e4-a52e-4f735466cecf":"f.7B06FBE6B2D8891648293552B7C1D2EE.d.616E0BCD4502D8B43A52409B441156A6.e.844","ELEMENT":"f.7B06FBE6B2D8891648293552B7C1D2EE.d.616E0BCD4502D8B43A52409B441156A6.e.844"}]}
RESULT: {"script":"<script> [56 bytes]","args":[{"element-6066-11e4-a52e-4f735466cecf":"f.7B06FBE6B2D8891648293552B7C1D2EE.d.616E0BCD4502D8B43A52409B441156A6.e.844","ELEMENT":"f.7B06FBE6B2D8891648293552B7C1D2EE.d.616E0BCD4502D8B43A52409B441156A6.e.844"}]}
COMMAND: POST /session/a25f034dab13e07f92a88167585c034b/execute/async - {"script":"<script> [1562 bytes]","args":[{"selector":{"id":"application-ruinventorylist-display-component---Master--smartFilterBar-btnBasicSearch","interaction":{"idSuffix":"I"}},"wdio_ui5_key":"applicationruinventorylist-display-component---Master--smartFilterBar-btnBasicSearch"}]}
COMMAND: GET /session/a25f034dab13e07f92a88167585c034b/screenshot - {}
RESULT: {"script":"<script> [1562 bytes]","args":[{"selector":{"id":"application-ruinventorylist-display-component---Master--smartFilterBar-btnBasicSearch","interaction":{"idSuffix":"I"}},"wdio_ui5_key":"applicationruinventorylist-display-component---Master--smartFilterBar-btnBasicSearch"}]}
RESULT: undefined
COMMAND: POST /session/a25f034dab13e07f92a88167585c034b/execute/async - {"script":"<script> [776 bytes]","args":[{"enterText":"600002","selector":{"id":"application-ruinventorylist-display-component---Master--smartFilterBar-btnBasicSearch","interaction":{"idSuffix":"I"}},"clearTextFirst":true,"interactionType":"ENTER_TEXT"}]}
RESULT: {}
RESULT: {"script":"<script> [776 bytes]","args":[{"enterText":"600002","selector":{"id":"application-ruinventorylist-display-component---Master--smartFilterBar-btnBasicSearch","interaction":{"idSuffix":"I"}},"clearTextFirst":true,"interactionType":"ENTER_TEXT"}]}
COMMAND: POST /session/a25f034dab13e07f92a88167585c034b/actions - {"actions":[{"id":"action3","type":"key","parameters":{},"actions":[{"type":"keyDown","value":""},{"type":"pause","duration":10},{"type":"keyUp","value":""}]}]}
RESULT: {"actions":[{"id":"action3","type":"key","parameters":{},"actions":[{"type":"keyDown","value":""},{"type":"pause","duration":10},{"type":"keyUp","value":""}]}]}
COMMAND: GET /session/a25f034dab13e07f92a88167585c034b/screenshot - {}
RESULT: {}
COMMAND: POST /session/a25f034dab13e07f92a88167585c034b/element - {"using":"xpath","value":"//span[@id=\"application-ruinventorylist-display-component---Master--smartTableRuInventoryList-header-inner\"]"}
RESULT: {"using":"xpath","value":"//span[@id=\"application-ruinventorylist-display-component---Master--smartTableRuInventoryList-header-inner\"]"}
COMMAND: POST /session/a25f034dab13e07f92a88167585c034b/elements - {"using":"xpath","value":"//span[@id=\"application-ruinventorylist-display-component---Master--smartTableRuInventoryList-header-inner\"]"}
RESULT: {"using":"xpath","value":"//span[@id=\"application-ruinventorylist-display-component---Master--smartTableRuInventoryList-header-inner\"]"}
COMMAND: POST /session/a25f034dab13e07f92a88167585c034b/execute/sync - {"script":"<script> [56 bytes]","args":[{"element-6066-11e4-a52e-4f735466cecf":"f.7B06FBE6B2D8891648293552B7C1D2EE.d.616E0BCD4502D8B43A52409B441156A6.e.844","ELEMENT":"f.7B06FBE6B2D8891648293552B7C1D2EE.d.616E0BCD4502D8B43A52409B441156A6.e.844"}]}
RESULT: {"script":"<script> [56 bytes]","args":[{"element-6066-11e4-a52e-4f735466cecf":"f.7B06FBE6B2D8891648293552B7C1D2EE.d.616E0BCD4502D8B43A52409B441156A6.e.844","ELEMENT":"f.7B06FBE6B2D8891648293552B7C1D2EE.d.616E0BCD4502D8B43A52409B441156A6.e.844"}]}
COMMAND: POST /session/a25f034dab13e07f92a88167585c034b/element - {"using":"xpath","value":"//table[contains(@id, \"application-ruinventorylist-display-component---Master--tableRuInventoryList-listUl\")]/tbody/tr[1]/td[2]/div/div"}
COMMAND: GET /session/a25f034dab13e07f92a88167585c034b/screenshot - {}
RESULT: {"using":"xpath","value":"//table[contains(@id, \"application-ruinventorylist-display-component---Master--tableRuInventoryList-listUl\")]/tbody/tr[1]/td[2]/div/div"}
COMMAND: POST /session/a25f034dab13e07f92a88167585c034b/element/f.7B06FBE6B2D8891648293552B7C1D2EE.d.616E0BCD4502D8B43A52409B441156A6.e.852/click - {}
RESULT: {}
RESULT: {}
COMMAND: GET /session/a25f034dab13e07f92a88167585c034b/screenshot - {}
RESULT: {}
COMMAND: POST /session/a25f034dab13e07f92a88167585c034b/element - {"using":"xpath","value":"//div[contains(@id, \"smartFilterBar-btnBasicSearch-reset\")]"}
RESULT: {"using":"xpath","value":"//div[contains(@id, \"smartFilterBar-btnBasicSearch-reset\")]"}
COMMAND: POST /session/a25f034dab13e07f92a88167585c034b/element/f.7B06FBE6B2D8891648293552B7C1D2EE.d.616E0BCD4502D8B43A52409B441156A6.e.862/click - {}
RESULT: {}
COMMAND: GET /session/a25f034dab13e07f92a88167585c034b/screenshot - {}
RESULT: {}
RESULT: undefined
COMMAND: POST /session/a25f034dab13e07f92a88167585c034b/execute/async - {"script":"<script> [776 bytes]","args":[{"enterText":"401002","selector":{"id":"application-ruinventorylist-display-component---Master--smartFilterBar-btnBasicSearch","interaction":{"idSuffix":"I"}},"clearTextFirst":true,"interactionType":"ENTER_TEXT"}]}
RESULT: {"script":"<script> [776 bytes]","args":[{"enterText":"401002","selector":{"id":"application-ruinventorylist-display-component---Master--smartFilterBar-btnBasicSearch","interaction":{"idSuffix":"I"}},"clearTextFirst":true,"interactionType":"ENTER_TEXT"}]}
COMMAND: POST /session/a25f034dab13e07f92a88167585c034b/actions - {"actions":[{"id":"action4","type":"key","parameters":{},"actions":[{"type":"keyDown","value":""},{"type":"pause","duration":10},{"type":"keyUp","value":""}]}]}
RESULT: {"actions":[{"id":"action4","type":"key","parameters":{},"actions":[{"type":"keyDown","value":""},{"type":"pause","duration":10},{"type":"keyUp","value":""}]}]}
COMMAND: GET /session/a25f034dab13e07f92a88167585c034b/screenshot - {}
RESULT: {}
COMMAND: POST /session/a25f034dab13e07f92a88167585c034b/element - {"using":"xpath","value":"//span[@id=\"application-ruinventorylist-display-component---Master--smartTableRuInventoryList-header-inner\"]"}
RESULT: {"using":"xpath","value":"//span[@id=\"application-ruinventorylist-display-component---Master--smartTableRuInventoryList-header-inner\"]"}
COMMAND: POST /session/a25f034dab13e07f92a88167585c034b/elements - {"using":"xpath","value":"//span[@id=\"application-ruinventorylist-display-component---Master--smartTableRuInventoryList-header-inner\"]"}
RESULT: {"using":"xpath","value":"//span[@id=\"application-ruinventorylist-display-component---Master--smartTableRuInventoryList-header-inner\"]"}
COMMAND: POST /session/a25f034dab13e07f92a88167585c034b/execute/sync - {"script":"<script> [56 bytes]","args":[{"element-6066-11e4-a52e-4f735466cecf":"f.7B06FBE6B2D8891648293552B7C1D2EE.d.616E0BCD4502D8B43A52409B441156A6.e.844","ELEMENT":"f.7B06FBE6B2D8891648293552B7C1D2EE.d.616E0BCD4502D8B43A52409B441156A6.e.844"}]}
RESULT: {"script":"<script> [56 bytes]","args":[{"element-6066-11e4-a52e-4f735466cecf":"f.7B06FBE6B2D8891648293552B7C1D2EE.d.616E0BCD4502D8B43A52409B441156A6.e.844","ELEMENT":"f.7B06FBE6B2D8891648293552B7C1D2EE.d.616E0BCD4502D8B43A52409B441156A6.e.844"}]}
COMMAND: POST /session/a25f034dab13e07f92a88167585c034b/element - {"using":"xpath","value":"//table[contains(@id, \"application-ruinventorylist-display-component---Master--tableRuInventoryList-listUl\")]/tbody/tr[1]/td[2]/div/div"}
COMMAND: GET /session/a25f034dab13e07f92a88167585c034b/screenshot - {}
RESULT: {"using":"xpath","value":"//table[contains(@id, \"application-ruinventorylist-display-component---Master--tableRuInventoryList-listUl\")]/tbody/tr[1]/td[2]/div/div"}
COMMAND: POST /session/a25f034dab13e07f92a88167585c034b/element/f.7B06FBE6B2D8891648293552B7C1D2EE.d.616E0BCD4502D8B43A52409B441156A6.e.994/click - {}
RESULT: {}
RESULT: {}
COMMAND: GET /session/a25f034dab13e07f92a88167585c034b/screenshot - {}
RESULT: {}
COMMAND: POST /session/a25f034dab13e07f92a88167585c034b/element - {"using":"xpath","value":"//div[contains(@id, \"smartFilterBar-btnBasicSearch-reset\")]"}
RESULT: {"using":"xpath","value":"//div[contains(@id, \"smartFilterBar-btnBasicSearch-reset\")]"}
COMMAND: POST /session/a25f034dab13e07f92a88167585c034b/element/f.7B06FBE6B2D8891648293552B7C1D2EE.d.616E0BCD4502D8B43A52409B441156A6.e.862/click - {}
RESULT: {}
COMMAND: GET /session/a25f034dab13e07f92a88167585c034b/screenshot - {}
RESULT: {}
COMMAND: POST /session/a25f034dab13e07f92a88167585c034b/element/f.7B06FBE6B2D8891648293552B7C1D2EE.d.616E0BCD4502D8B43A52409B441156A6.e.291/click - {}
RESULT: {}
COMMAND: GET /session/a25f034dab13e07f92a88167585c034b/screenshot - {}
RESULT: {}
COMMAND: POST /session/a25f034dab13e07f92a88167585c034b/execute/async - {"script":"<script> [1562 bytes]","args":[{"selector":{"controlType":"sap.m.Title","viewName":"etm.portal.ui.ruinventorylist.view.Master","viewId":"application-ruinventorylist-display-component---Master","properties":{"text":"Mass State Change"},"searchOpenDialogs":true},"wdio_ui5_key":"etmportal.ui.ruinventorylist.view.Mastersap.m.Title{\"text\":\"Mass State Change\"}"}]}
RESULT: {"script":"<script> [1562 bytes]","args":[{"selector":{"controlType":"sap.m.Title","viewName":"etm.portal.ui.ruinventorylist.view.Master","viewId":"application-ruinventorylist-display-component---Master","properties":{"text":"Mass State Change"},"searchOpenDialogs":true},"wdio_ui5_key":"etmportal.ui.ruinventorylist.view.Mastersap.m.Title{\"text\":\"Mass State Change\"}"}]}
RESULT: undefined
COMMAND: POST /session/a25f034dab13e07f92a88167585c034b/execute/async - {"script":"<script> [6424 bytes]","args":[{"element-6066-11e4-a52e-4f735466cecf":"f.7B06FBE6B2D8891648293552B7C1D2EE.d.616E0BCD4502D8B43A52409B441156A6.e.1148"},"getText",[]]}
RESULT: {"script":"<script> [6424 bytes]","args":[{"element-6066-11e4-a52e-4f735466cecf":"f.7B06FBE6B2D8891648293552B7C1D2EE.d.616E0BCD4502D8B43A52409B441156A6.e.1148"},"getText",[]]}
COMMAND: POST /session/a25f034dab13e07f92a88167585c034b/element - {"using":"xpath","value":"(//bdi[contains(text(), \"OK\")])[1]"}
RESULT: {"using":"xpath","value":"(//bdi[contains(text(), \"OK\")])[1]"}
COMMAND: POST /session/a25f034dab13e07f92a88167585c034b/element/f.7B06FBE6B2D8891648293552B7C1D2EE.d.616E0BCD4502D8B43A52409B441156A6.e.1149/click - {}
RESULT: {}
COMMAND: GET /session/a25f034dab13e07f92a88167585c034b/screenshot - {}
RESULT: {}
COMMAND: POST /session/a25f034dab13e07f92a88167585c034b/element - {"using":"css selector","value":"div.sapMMessageBoxError"}
RESULT: {"using":"css selector","value":"div.sapMMessageBoxError"}
COMMAND: POST /session/a25f034dab13e07f92a88167585c034b/elements - {"using":"css selector","value":"div.sapMMessageBoxError"}
RESULT: {"using":"css selector","value":"div.sapMMessageBoxError"}
COMMAND: POST /session/a25f034dab13e07f92a88167585c034b/element - {"using":"xpath","value":"(//bdi[contains(text(), \"Close\")])[1]"}
RESULT: {"using":"xpath","value":"(//bdi[contains(text(), \"Close\")])[1]"}
COMMAND: POST /session/a25f034dab13e07f92a88167585c034b/element/f.7B06FBE6B2D8891648293552B7C1D2EE.d.616E0BCD4502D8B43A52409B441156A6.e.1154/click - {}
RESULT: {}
COMMAND: GET /session/a25f034dab13e07f92a88167585c034b/screenshot - {}
RESULT: {}
COMMAND: POST /session/a25f034dab13e07f92a88167585c034b/execute/async - {"script":"<script> [1562 bytes]","args":[{"selector":{"id":"application-ruinventorylist-display-component---Master--ruStateTypes-arrow","searchOpenDialogs":true},"wdio_ui5_key":"applicationruinventorylist-display-component---Master--ruStateTypes-arrow"}]}
RESULT: {"script":"<script> [1562 bytes]","args":[{"selector":{"id":"application-ruinventorylist-display-component---Master--ruStateTypes-arrow","searchOpenDialogs":true},"wdio_ui5_key":"applicationruinventorylist-display-component---Master--ruStateTypes-arrow"}]}
RESULT: undefined
COMMAND: POST /session/a25f034dab13e07f92a88167585c034b/element - {"using":"xpath","value":"//*[@id=\"application-ruinventorylist-display-component---Master--ruStateTypes-arrow\"]"}
RESULT: {"using":"xpath","value":"//*[@id=\"application-ruinventorylist-display-component---Master--ruStateTypes-arrow\"]"}
COMMAND: POST /session/a25f034dab13e07f92a88167585c034b/element/f.7B06FBE6B2D8891648293552B7C1D2EE.d.616E0BCD4502D8B43A52409B441156A6.e.1155/click - {}
RESULT: {}
COMMAND: GET /session/a25f034dab13e07f92a88167585c034b/screenshot - {}
RESULT: {}
COMMAND: POST /session/a25f034dab13e07f92a88167585c034b/element - {"using":"xpath","value":"//li[.//span[text()=\"defect\"]]"}
RESULT: {"using":"xpath","value":"//li[.//span[text()=\"defect\"]]"}
COMMAND: POST /session/a25f034dab13e07f92a88167585c034b/element/f.7B06FBE6B2D8891648293552B7C1D2EE.d.616E0BCD4502D8B43A52409B441156A6.e.1156/click - {}
RESULT: {}
COMMAND: GET /session/a25f034dab13e07f92a88167585c034b/screenshot - {}
RESULT: {}
COMMAND: POST /session/a25f034dab13e07f92a88167585c034b/element - {"using":"xpath","value":"(//span[@data-kt=\"trashMassStateChangeIcon\"])[1]"}
RESULT: {"using":"xpath","value":"(//span[@data-kt=\"trashMassStateChangeIcon\"])[1]"}
COMMAND: POST /session/a25f034dab13e07f92a88167585c034b/element/f.7B06FBE6B2D8891648293552B7C1D2EE.d.616E0BCD4502D8B43A52409B441156A6.e.1157/click - {}
RESULT: {}
COMMAND: GET /session/a25f034dab13e07f92a88167585c034b/screenshot - {}
RESULT: {}
COMMAND: POST /session/a25f034dab13e07f92a88167585c034b/element - {"using":"xpath","value":"//table[contains(@id, \"massStateChangeTable-listUl\")]/tbody/tr[1]/td[11]/div/div/div/input"}
RESULT: {"using":"xpath","value":"//table[contains(@id, \"massStateChangeTable-listUl\")]/tbody/tr[1]/td[11]/div/div/div/input"}
COMMAND: GET /session/a25f034dab13e07f92a88167585c034b/element/f.7B06FBE6B2D8891648293552B7C1D2EE.d.616E0BCD4502D8B43A52409B441156A6.e.1141/property/value - {}
RESULT: {}
COMMAND: POST /session/a25f034dab13e07f92a88167585c034b/element - {"using":"xpath","value":"(//span[@data-kt=\"trashMassStateChangeIcon\"])[2]"}
COMMAND: GET /session/a25f034dab13e07f92a88167585c034b/screenshot - {}
RESULT: {"using":"xpath","value":"(//span[@data-kt=\"trashMassStateChangeIcon\"])[2]"}
COMMAND: POST /session/a25f034dab13e07f92a88167585c034b/element/f.7B06FBE6B2D8891648293552B7C1D2EE.d.616E0BCD4502D8B43A52409B441156A6.e.1159/click - {}
RESULT: {}
RESULT: {}
COMMAND: GET /session/a25f034dab13e07f92a88167585c034b/screenshot - {}
RESULT: {}
COMMAND: POST /session/a25f034dab13e07f92a88167585c034b/element - {"using":"xpath","value":"//table[contains(@id, \"massStateChangeTable-listUl\")]/tbody/tr[2]/td[11]/div/div/div/input"}
RESULT: {"using":"xpath","value":"//table[contains(@id, \"massStateChangeTable-listUl\")]/tbody/tr[2]/td[11]/div/div/div/input"}
COMMAND: GET /session/a25f034dab13e07f92a88167585c034b/element/f.7B06FBE6B2D8891648293552B7C1D2EE.d.616E0BCD4502D8B43A52409B441156A6.e.1145/property/value - {}
RESULT: {}
COMMAND: POST /session/a25f034dab13e07f92a88167585c034b/element - {"using":"xpath","value":"//table[contains(@id, \"massStateChangeTable-listUl\")]/tbody/tr[1]/td[10]/div/span/span[1]"}
COMMAND: GET /session/a25f034dab13e07f92a88167585c034b/screenshot - {}
RESULT: {"using":"xpath","value":"//table[contains(@id, \"massStateChangeTable-listUl\")]/tbody/tr[1]/td[10]/div/span/span[1]"}
COMMAND: POST /session/a25f034dab13e07f92a88167585c034b/execute/sync - {"script":"<script> [56 bytes]","args":[{"element-6066-11e4-a52e-4f735466cecf":"f.7B06FBE6B2D8891648293552B7C1D2EE.d.616E0BCD4502D8B43A52409B441156A6.e.1161","ELEMENT":"f.7B06FBE6B2D8891648293552B7C1D2EE.d.616E0BCD4502D8B43A52409B441156A6.e.1161"}]}
RESULT: {}
RESULT: {"script":"<script> [56 bytes]","args":[{"element-6066-11e4-a52e-4f735466cecf":"f.7B06FBE6B2D8891648293552B7C1D2EE.d.616E0BCD4502D8B43A52409B441156A6.e.1161","ELEMENT":"f.7B06FBE6B2D8891648293552B7C1D2EE.d.616E0BCD4502D8B43A52409B441156A6.e.1161"}]}
COMMAND: POST /session/a25f034dab13e07f92a88167585c034b/element - {"using":"xpath","value":"//table[contains(@id, \"massStateChangeTable-listUl\")]/tbody/tr[1]/td[11]/div/div/div/div[2]/span"}
COMMAND: GET /session/a25f034dab13e07f92a88167585c034b/screenshot - {}
RESULT: {"using":"xpath","value":"//table[contains(@id, \"massStateChangeTable-listUl\")]/tbody/tr[1]/td[11]/div/div/div/div[2]/span"}
COMMAND: POST /session/a25f034dab13e07f92a88167585c034b/element/f.7B06FBE6B2D8891648293552B7C1D2EE.d.616E0BCD4502D8B43A52409B441156A6.e.1162/click - {}
RESULT: {}
RESULT: {}
COMMAND: GET /session/a25f034dab13e07f92a88167585c034b/screenshot - {}
RESULT: {}
COMMAND: POST /session/a25f034dab13e07f92a88167585c034b/element - {"using":"xpath","value":"//table[contains(@id, \"massStateChangeTable-listUl\")]/tbody/tr[1]/td[11]/div/div/div/div[2]/span"}
RESULT: {"using":"xpath","value":"//table[contains(@id, \"massStateChangeTable-listUl\")]/tbody/tr[1]/td[11]/div/div/div/div[2]/span"}
COMMAND: POST /session/a25f034dab13e07f92a88167585c034b/element/f.7B06FBE6B2D8891648293552B7C1D2EE.d.616E0BCD4502D8B43A52409B441156A6.e.1162/click - {}
RESULT: {}
COMMAND: GET /session/a25f034dab13e07f92a88167585c034b/screenshot - {}
RESULT: {}
COMMAND: POST /session/a25f034dab13e07f92a88167585c034b/element - {"using":"xpath","value":"//table[contains(@id, \"massStateChangeTable-listUl\")]/tbody/tr[1]/td[11]/div/div/div/div[2]/span"}
RESULT: {"using":"xpath","value":"//table[contains(@id, \"massStateChangeTable-listUl\")]/tbody/tr[1]/td[11]/div/div/div/div[2]/span"}
COMMAND: POST /session/a25f034dab13e07f92a88167585c034b/element/f.7B06FBE6B2D8891648293552B7C1D2EE.d.616E0BCD4502D8B43A52409B441156A6.e.1162/click - {}
RESULT: {}
COMMAND: GET /session/a25f034dab13e07f92a88167585c034b/screenshot - {}
RESULT: {}
COMMAND: POST /session/a25f034dab13e07f92a88167585c034b/element - {"using":"xpath","value":"//table[contains(@id, \"massStateChangeTable-listUl\")]/tbody/tr[1]/td[11]/div/div/div/div[2]/span"}
RESULT: {"using":"xpath","value":"//table[contains(@id, \"massStateChangeTable-listUl\")]/tbody/tr[1]/td[11]/div/div/div/div[2]/span"}
COMMAND: POST /session/a25f034dab13e07f92a88167585c034b/element/f.7B06FBE6B2D8891648293552B7C1D2EE.d.616E0BCD4502D8B43A52409B441156A6.e.1162/click - {}
RESULT: {}
COMMAND: GET /session/a25f034dab13e07f92a88167585c034b/screenshot - {}
RESULT: {}
COMMAND: POST /session/a25f034dab13e07f92a88167585c034b/element - {"using":"xpath","value":"//table[contains(@id, \"massStateChangeTable-listUl\")]/tbody/tr[1]/td[11]/div/div/div/div[2]/span"}
RESULT: {"using":"xpath","value":"//table[contains(@id, \"massStateChangeTable-listUl\")]/tbody/tr[1]/td[11]/div/div/div/div[2]/span"}
COMMAND: POST /session/a25f034dab13e07f92a88167585c034b/element/f.7B06FBE6B2D8891648293552B7C1D2EE.d.616E0BCD4502D8B43A52409B441156A6.e.1162/click - {}
RESULT: {}
COMMAND: GET /session/a25f034dab13e07f92a88167585c034b/screenshot - {}
RESULT: {}
COMMAND: POST /session/a25f034dab13e07f92a88167585c034b/element - {"using":"xpath","value":"//table[contains(@id, \"massStateChangeTable-listUl\")]/tbody/tr[1]/td[11]/div/div/div/div[2]/span"}
RESULT: {"using":"xpath","value":"//table[contains(@id, \"massStateChangeTable-listUl\")]/tbody/tr[1]/td[11]/div/div/div/div[2]/span"}
COMMAND: POST /session/a25f034dab13e07f92a88167585c034b/element/f.7B06FBE6B2D8891648293552B7C1D2EE.d.616E0BCD4502D8B43A52409B441156A6.e.1162/click - {}
RESULT: {}
COMMAND: GET /session/a25f034dab13e07f92a88167585c034b/screenshot - {}
RESULT: {}
COMMAND: POST /session/a25f034dab13e07f92a88167585c034b/element - {"using":"xpath","value":"//table[contains(@id, \"massStateChangeTable-listUl\")]/tbody/tr[1]/td[11]/div/div/div/div[2]/span"}
RESULT: {"using":"xpath","value":"//table[contains(@id, \"massStateChangeTable-listUl\")]/tbody/tr[1]/td[11]/div/div/div/div[2]/span"}
COMMAND: POST /session/a25f034dab13e07f92a88167585c034b/element/f.7B06FBE6B2D8891648293552B7C1D2EE.d.616E0BCD4502D8B43A52409B441156A6.e.1162/click - {}
RESULT: {}
COMMAND: GET /session/a25f034dab13e07f92a88167585c034b/screenshot - {}
RESULT: {}
COMMAND: POST /session/a25f034dab13e07f92a88167585c034b/element - {"using":"xpath","value":"//table[contains(@id, \"massStateChangeTable-listUl\")]/tbody/tr[1]/td[11]/div/div/div/div[2]/span"}
RESULT: {"using":"xpath","value":"//table[contains(@id, \"massStateChangeTable-listUl\")]/tbody/tr[1]/td[11]/div/div/div/div[2]/span"}
COMMAND: POST /session/a25f034dab13e07f92a88167585c034b/element/f.7B06FBE6B2D8891648293552B7C1D2EE.d.616E0BCD4502D8B43A52409B441156A6.e.1162/click - {}
RESULT: {}
COMMAND: GET /session/a25f034dab13e07f92a88167585c034b/screenshot - {}
RESULT: {}
COMMAND: POST /session/a25f034dab13e07f92a88167585c034b/element - {"using":"xpath","value":"//table[contains(@id, \"massStateChangeTable-listUl\")]/tbody/tr[1]/td[11]/div/div/div/div[2]/span"}
RESULT: {"using":"xpath","value":"//table[contains(@id, \"massStateChangeTable-listUl\")]/tbody/tr[1]/td[11]/div/div/div/div[2]/span"}
COMMAND: POST /session/a25f034dab13e07f92a88167585c034b/element/f.7B06FBE6B2D8891648293552B7C1D2EE.d.616E0BCD4502D8B43A52409B441156A6.e.1162/click - {}
RESULT: {}
COMMAND: GET /session/a25f034dab13e07f92a88167585c034b/screenshot - {}
RESULT: {}
COMMAND: POST /session/a25f034dab13e07f92a88167585c034b/element - {"using":"xpath","value":"//table[contains(@id, \"massStateChangeTable-listUl\")]/tbody/tr[1]/td[11]/div/div/div/div[2]/span"}
RESULT: {"using":"xpath","value":"//table[contains(@id, \"massStateChangeTable-listUl\")]/tbody/tr[1]/td[11]/div/div/div/div[2]/span"}
COMMAND: POST /session/a25f034dab13e07f92a88167585c034b/element/f.7B06FBE6B2D8891648293552B7C1D2EE.d.616E0BCD4502D8B43A52409B441156A6.e.1162/click - {}
RESULT: {}
COMMAND: GET /session/a25f034dab13e07f92a88167585c034b/screenshot - {}
RESULT: {}
COMMAND: POST /session/a25f034dab13e07f92a88167585c034b/element - {"using":"xpath","value":"//table[contains(@id, \"massStateChangeTable-listUl\")]/tbody/tr[1]/td[11]/div/div/div/div[2]/span"}
RESULT: {"using":"xpath","value":"//table[contains(@id, \"massStateChangeTable-listUl\")]/tbody/tr[1]/td[11]/div/div/div/div[2]/span"}
COMMAND: POST /session/a25f034dab13e07f92a88167585c034b/element/f.7B06FBE6B2D8891648293552B7C1D2EE.d.616E0BCD4502D8B43A52409B441156A6.e.1162/click - {}
RESULT: {}
COMMAND: GET /session/a25f034dab13e07f92a88167585c034b/screenshot - {}
RESULT: {}
COMMAND: POST /session/a25f034dab13e07f92a88167585c034b/element - {"using":"xpath","value":"//table[contains(@id, \"massStateChangeTable-listUl\")]/tbody/tr[1]/td[11]/div/div/div/div[2]/span"}
RESULT: {"using":"xpath","value":"//table[contains(@id, \"massStateChangeTable-listUl\")]/tbody/tr[1]/td[11]/div/div/div/div[2]/span"}
COMMAND: POST /session/a25f034dab13e07f92a88167585c034b/element/f.7B06FBE6B2D8891648293552B7C1D2EE.d.616E0BCD4502D8B43A52409B441156A6.e.1162/click - {}
RESULT: {}
COMMAND: GET /session/a25f034dab13e07f92a88167585c034b/screenshot - {}
RESULT: {}
COMMAND: POST /session/a25f034dab13e07f92a88167585c034b/element - {"using":"xpath","value":"//table[contains(@id, \"massStateChangeTable-listUl\")]/tbody/tr[1]/td[11]/div/div/div/div[2]/span"}
RESULT: {"using":"xpath","value":"//table[contains(@id, \"massStateChangeTable-listUl\")]/tbody/tr[1]/td[11]/div/div/div/div[2]/span"}
COMMAND: POST /session/a25f034dab13e07f92a88167585c034b/element/f.7B06FBE6B2D8891648293552B7C1D2EE.d.616E0BCD4502D8B43A52409B441156A6.e.1162/click - {}
RESULT: {}
COMMAND: GET /session/a25f034dab13e07f92a88167585c034b/screenshot - {}
RESULT: {}
COMMAND: POST /session/a25f034dab13e07f92a88167585c034b/element - {"using":"xpath","value":"//table[contains(@id, \"massStateChangeTable-listUl\")]/tbody/tr[1]/td[11]/div/div/div/div[2]/span"}
RESULT: {"using":"xpath","value":"//table[contains(@id, \"massStateChangeTable-listUl\")]/tbody/tr[1]/td[11]/div/div/div/div[2]/span"}
COMMAND: POST /session/a25f034dab13e07f92a88167585c034b/element/f.7B06FBE6B2D8891648293552B7C1D2EE.d.616E0BCD4502D8B43A52409B441156A6.e.1162/click - {}
RESULT: {}
COMMAND: GET /session/a25f034dab13e07f92a88167585c034b/screenshot - {}
RESULT: {}
COMMAND: POST /session/a25f034dab13e07f92a88167585c034b/element - {"using":"xpath","value":"//table[contains(@id, \"massStateChangeTable-listUl\")]/tbody/tr[1]/td[11]/div/div/div/div[2]/span"}
RESULT: {"using":"xpath","value":"//table[contains(@id, \"massStateChangeTable-listUl\")]/tbody/tr[1]/td[11]/div/div/div/div[2]/span"}
COMMAND: POST /session/a25f034dab13e07f92a88167585c034b/element/f.7B06FBE6B2D8891648293552B7C1D2EE.d.616E0BCD4502D8B43A52409B441156A6.e.1162/click - {}
RESULT: {}
COMMAND: GET /session/a25f034dab13e07f92a88167585c034b/screenshot - {}
RESULT: {}
COMMAND: POST /session/a25f034dab13e07f92a88167585c034b/element - {"using":"xpath","value":"//table[contains(@id, \"massStateChangeTable-listUl\")]/tbody/tr[1]/td[11]/div/div/div/div[2]/span"}
RESULT: {"using":"xpath","value":"//table[contains(@id, \"massStateChangeTable-listUl\")]/tbody/tr[1]/td[11]/div/div/div/div[2]/span"}
COMMAND: POST /session/a25f034dab13e07f92a88167585c034b/element/f.7B06FBE6B2D8891648293552B7C1D2EE.d.616E0BCD4502D8B43A52409B441156A6.e.1162/click - {}
RESULT: {}
COMMAND: GET /session/a25f034dab13e07f92a88167585c034b/screenshot - {}
RESULT: {}
COMMAND: POST /session/a25f034dab13e07f92a88167585c034b/element - {"using":"xpath","value":"//table[contains(@id, \"massStateChangeTable-listUl\")]/tbody/tr[1]/td[11]/div/div/div/div[2]/span"}
RESULT: {"using":"xpath","value":"//table[contains(@id, \"massStateChangeTable-listUl\")]/tbody/tr[1]/td[11]/div/div/div/div[2]/span"}
COMMAND: POST /session/a25f034dab13e07f92a88167585c034b/element/f.7B06FBE6B2D8891648293552B7C1D2EE.d.616E0BCD4502D8B43A52409B441156A6.e.1162/click - {}
RESULT: {}
COMMAND: GET /session/a25f034dab13e07f92a88167585c034b/screenshot - {}
RESULT: {}
COMMAND: POST /session/a25f034dab13e07f92a88167585c034b/element - {"using":"xpath","value":"//table[contains(@id, \"massStateChangeTable-listUl\")]/tbody/tr[1]/td[11]/div/div/div/div[2]/span"}
RESULT: {"using":"xpath","value":"//table[contains(@id, \"massStateChangeTable-listUl\")]/tbody/tr[1]/td[11]/div/div/div/div[2]/span"}
COMMAND: POST /session/a25f034dab13e07f92a88167585c034b/element/f.7B06FBE6B2D8891648293552B7C1D2EE.d.616E0BCD4502D8B43A52409B441156A6.e.1162/click - {}
RESULT: {}
COMMAND: GET /session/a25f034dab13e07f92a88167585c034b/screenshot - {}
RESULT: {}
COMMAND: POST /session/a25f034dab13e07f92a88167585c034b/element - {"using":"xpath","value":"//table[contains(@id, \"massStateChangeTable-listUl\")]/tbody/tr[1]/td[11]/div/div/div/div[2]/span"}
RESULT: {"using":"xpath","value":"//table[contains(@id, \"massStateChangeTable-listUl\")]/tbody/tr[1]/td[11]/div/div/div/div[2]/span"}
COMMAND: POST /session/a25f034dab13e07f92a88167585c034b/element/f.7B06FBE6B2D8891648293552B7C1D2EE.d.616E0BCD4502D8B43A52409B441156A6.e.1162/click - {}
RESULT: {}
COMMAND: GET /session/a25f034dab13e07f92a88167585c034b/screenshot - {}
RESULT: {}
COMMAND: POST /session/a25f034dab13e07f92a88167585c034b/element - {"using":"xpath","value":"//table[contains(@id, \"massStateChangeTable-listUl\")]/tbody/tr[1]/td[11]/div/div/div/div[2]/span"}
RESULT: {"using":"xpath","value":"//table[contains(@id, \"massStateChangeTable-listUl\")]/tbody/tr[1]/td[11]/div/div/div/div[2]/span"}
COMMAND: POST /session/a25f034dab13e07f92a88167585c034b/element/f.7B06FBE6B2D8891648293552B7C1D2EE.d.616E0BCD4502D8B43A52409B441156A6.e.1162/click - {}
RESULT: {}
COMMAND: GET /session/a25f034dab13e07f92a88167585c034b/screenshot - {}
RESULT: {}
COMMAND: POST /session/a25f034dab13e07f92a88167585c034b/element - {"using":"xpath","value":"//table[contains(@id, \"massStateChangeTable-listUl\")]/tbody/tr[1]/td[11]/div/div/div/div[2]/span"}
RESULT: {"using":"xpath","value":"//table[contains(@id, \"massStateChangeTable-listUl\")]/tbody/tr[1]/td[11]/div/div/div/div[2]/span"}
COMMAND: POST /session/a25f034dab13e07f92a88167585c034b/element/f.7B06FBE6B2D8891648293552B7C1D2EE.d.616E0BCD4502D8B43A52409B441156A6.e.1162/click - {}
RESULT: {}
COMMAND: GET /session/a25f034dab13e07f92a88167585c034b/screenshot - {}
RESULT: {}
COMMAND: POST /session/a25f034dab13e07f92a88167585c034b/element - {"using":"xpath","value":"//table[contains(@id, \"massStateChangeTable-listUl\")]/tbody/tr[1]/td[11]/div/div/div/div[2]/span"}
RESULT: {"using":"xpath","value":"//table[contains(@id, \"massStateChangeTable-listUl\")]/tbody/tr[1]/td[11]/div/div/div/div[2]/span"}
COMMAND: POST /session/a25f034dab13e07f92a88167585c034b/element/f.7B06FBE6B2D8891648293552B7C1D2EE.d.616E0BCD4502D8B43A52409B441156A6.e.1162/click - {}
RESULT: {}
COMMAND: GET /session/a25f034dab13e07f92a88167585c034b/screenshot - {}
RESULT: {}
COMMAND: POST /session/a25f034dab13e07f92a88167585c034b/element - {"using":"xpath","value":"//table[contains(@id, \"massStateChangeTable-listUl\")]/tbody/tr[1]/td[11]/div/div/div/div[2]/span"}
RESULT: {"using":"xpath","value":"//table[contains(@id, \"massStateChangeTable-listUl\")]/tbody/tr[1]/td[11]/div/div/div/div[2]/span"}
COMMAND: POST /session/a25f034dab13e07f92a88167585c034b/element/f.7B06FBE6B2D8891648293552B7C1D2EE.d.616E0BCD4502D8B43A52409B441156A6.e.1162/click - {}
RESULT: {}
COMMAND: GET /session/a25f034dab13e07f92a88167585c034b/screenshot - {}
RESULT: {}
COMMAND: POST /session/a25f034dab13e07f92a88167585c034b/element - {"using":"xpath","value":"//table[contains(@id, \"massStateChangeTable-listUl\")]/tbody/tr[1]/td[11]/div/div/div/div[2]/span"}
RESULT: {"using":"xpath","value":"//table[contains(@id, \"massStateChangeTable-listUl\")]/tbody/tr[1]/td[11]/div/div/div/div[2]/span"}
COMMAND: POST /session/a25f034dab13e07f92a88167585c034b/element/f.7B06FBE6B2D8891648293552B7C1D2EE.d.616E0BCD4502D8B43A52409B441156A6.e.1162/click - {}
RESULT: {}
COMMAND: GET /session/a25f034dab13e07f92a88167585c034b/screenshot - {}
RESULT: {}
COMMAND: POST /session/a25f034dab13e07f92a88167585c034b/element - {"using":"xpath","value":"//table[contains(@id, \"massStateChangeTable-listUl\")]/tbody/tr[1]/td[11]/div/div/div/div[2]/span"}
RESULT: {"using":"xpath","value":"//table[contains(@id, \"massStateChangeTable-listUl\")]/tbody/tr[1]/td[11]/div/div/div/div[2]/span"}
COMMAND: POST /session/a25f034dab13e07f92a88167585c034b/element/f.7B06FBE6B2D8891648293552B7C1D2EE.d.616E0BCD4502D8B43A52409B441156A6.e.1162/click - {}
RESULT: {}
COMMAND: GET /session/a25f034dab13e07f92a88167585c034b/screenshot - {}
RESULT: {}
COMMAND: POST /session/a25f034dab13e07f92a88167585c034b/element - {"using":"xpath","value":"//table[contains(@id, \"massStateChangeTable-listUl\")]/tbody/tr[1]/td[11]/div/div/div/div[2]/span"}
RESULT: {"using":"xpath","value":"//table[contains(@id, \"massStateChangeTable-listUl\")]/tbody/tr[1]/td[11]/div/div/div/div[2]/span"}
COMMAND: POST /session/a25f034dab13e07f92a88167585c034b/element/f.7B06FBE6B2D8891648293552B7C1D2EE.d.616E0BCD4502D8B43A52409B441156A6.e.1162/click - {}
RESULT: {}
COMMAND: GET /session/a25f034dab13e07f92a88167585c034b/screenshot - {}
RESULT: {}
COMMAND: POST /session/a25f034dab13e07f92a88167585c034b/element - {"using":"xpath","value":"//table[contains(@id, \"massStateChangeTable-listUl\")]/tbody/tr[1]/td[11]/div/div/div/div[2]/span"}
RESULT: {"using":"xpath","value":"//table[contains(@id, \"massStateChangeTable-listUl\")]/tbody/tr[1]/td[11]/div/div/div/div[2]/span"}
COMMAND: POST /session/a25f034dab13e07f92a88167585c034b/element/f.7B06FBE6B2D8891648293552B7C1D2EE.d.616E0BCD4502D8B43A52409B441156A6.e.1162/click - {}
RESULT: {}
COMMAND: GET /session/a25f034dab13e07f92a88167585c034b/screenshot - {}
RESULT: {}
COMMAND: POST /session/a25f034dab13e07f92a88167585c034b/element - {"using":"xpath","value":"//table[contains(@id, \"massStateChangeTable-listUl\")]/tbody/tr[1]/td[11]/div/div/div/div[2]/span"}
RESULT: {"using":"xpath","value":"//table[contains(@id, \"massStateChangeTable-listUl\")]/tbody/tr[1]/td[11]/div/div/div/div[2]/span"}
COMMAND: POST /session/a25f034dab13e07f92a88167585c034b/element/f.7B06FBE6B2D8891648293552B7C1D2EE.d.616E0BCD4502D8B43A52409B441156A6.e.1162/click - {}
RESULT: {}
COMMAND: GET /session/a25f034dab13e07f92a88167585c034b/screenshot - {}
RESULT: {}
COMMAND: POST /session/a25f034dab13e07f92a88167585c034b/element - {"using":"xpath","value":"//table[contains(@id, \"massStateChangeTable-listUl\")]/tbody/tr[1]/td[11]/div/div/div/div[2]/span"}
RESULT: {"using":"xpath","value":"//table[contains(@id, \"massStateChangeTable-listUl\")]/tbody/tr[1]/td[11]/div/div/div/div[2]/span"}
COMMAND: POST /session/a25f034dab13e07f92a88167585c034b/element/f.7B06FBE6B2D8891648293552B7C1D2EE.d.616E0BCD4502D8B43A52409B441156A6.e.1162/click - {}
RESULT: {}
COMMAND: GET /session/a25f034dab13e07f92a88167585c034b/screenshot - {}
RESULT: {}
COMMAND: POST /session/a25f034dab13e07f92a88167585c034b/element - {"using":"xpath","value":"//table[contains(@id, \"massStateChangeTable-listUl\")]/tbody/tr[1]/td[11]/div/div/div/div[2]/span"}
RESULT: {"using":"xpath","value":"//table[contains(@id, \"massStateChangeTable-listUl\")]/tbody/tr[1]/td[11]/div/div/div/div[2]/span"}
COMMAND: POST /session/a25f034dab13e07f92a88167585c034b/element/f.7B06FBE6B2D8891648293552B7C1D2EE.d.616E0BCD4502D8B43A52409B441156A6.e.1162/click - {}
RESULT: {}
COMMAND: GET /session/a25f034dab13e07f92a88167585c034b/screenshot - {}
RESULT: {}
COMMAND: POST /session/a25f034dab13e07f92a88167585c034b/element - {"using":"xpath","value":"//table[contains(@id, \"massStateChangeTable-listUl\")]/tbody/tr[1]/td[11]/div/div/div/div[2]/span"}
RESULT: {"using":"xpath","value":"//table[contains(@id, \"massStateChangeTable-listUl\")]/tbody/tr[1]/td[11]/div/div/div/div[2]/span"}
COMMAND: POST /session/a25f034dab13e07f92a88167585c034b/element/f.7B06FBE6B2D8891648293552B7C1D2EE.d.616E0BCD4502D8B43A52409B441156A6.e.1162/click - {}
RESULT: {}
COMMAND: GET /session/a25f034dab13e07f92a88167585c034b/screenshot - {}
RESULT: {}
COMMAND: POST /session/a25f034dab13e07f92a88167585c034b/element - {"using":"xpath","value":"//table[contains(@id, \"massStateChangeTable-listUl\")]/tbody/tr[1]/td[11]/div/div/div/div[2]/span"}
RESULT: {"using":"xpath","value":"//table[contains(@id, \"massStateChangeTable-listUl\")]/tbody/tr[1]/td[11]/div/div/div/div[2]/span"}
COMMAND: POST /session/a25f034dab13e07f92a88167585c034b/element/f.7B06FBE6B2D8891648293552B7C1D2EE.d.616E0BCD4502D8B43A52409B441156A6.e.1162/click - {}
RESULT: {}
COMMAND: GET /session/a25f034dab13e07f92a88167585c034b/screenshot - {}
RESULT: {}
COMMAND: POST /session/a25f034dab13e07f92a88167585c034b/element - {"using":"xpath","value":"//table[contains(@id, \"massStateChangeTable-listUl\")]/tbody/tr[1]/td[11]/div/div/div/div[2]/span"}
RESULT: {"using":"xpath","value":"//table[contains(@id, \"massStateChangeTable-listUl\")]/tbody/tr[1]/td[11]/div/div/div/div[2]/span"}
COMMAND: POST /session/a25f034dab13e07f92a88167585c034b/element/f.7B06FBE6B2D8891648293552B7C1D2EE.d.616E0BCD4502D8B43A52409B441156A6.e.1162/click - {}
RESULT: {}
COMMAND: GET /session/a25f034dab13e07f92a88167585c034b/screenshot - {}
RESULT: {}
COMMAND: POST /session/a25f034dab13e07f92a88167585c034b/element - {"using":"xpath","value":"//table[contains(@id, \"massStateChangeTable-listUl\")]/tbody/tr[1]/td[11]/div/div/div/div[2]/span"}
RESULT: {"using":"xpath","value":"//table[contains(@id, \"massStateChangeTable-listUl\")]/tbody/tr[1]/td[11]/div/div/div/div[2]/span"}
COMMAND: POST /session/a25f034dab13e07f92a88167585c034b/element/f.7B06FBE6B2D8891648293552B7C1D2EE.d.616E0BCD4502D8B43A52409B441156A6.e.1162/click - {}
RESULT: {}
COMMAND: GET /session/a25f034dab13e07f92a88167585c034b/screenshot - {}
RESULT: {}
COMMAND: POST /session/a25f034dab13e07f92a88167585c034b/element - {"using":"xpath","value":"//table[contains(@id, \"massStateChangeTable-listUl\")]/tbody/tr[1]/td[11]/div/div/div/div[2]/span"}
RESULT: {"using":"xpath","value":"//table[contains(@id, \"massStateChangeTable-listUl\")]/tbody/tr[1]/td[11]/div/div/div/div[2]/span"}
COMMAND: POST /session/a25f034dab13e07f92a88167585c034b/element/f.7B06FBE6B2D8891648293552B7C1D2EE.d.616E0BCD4502D8B43A52409B441156A6.e.1162/click - {}
RESULT: {}
COMMAND: GET /session/a25f034dab13e07f92a88167585c034b/screenshot - {}
RESULT: {}
COMMAND: POST /session/a25f034dab13e07f92a88167585c034b/element - {"using":"xpath","value":"//table[contains(@id, \"massStateChangeTable-listUl\")]/tbody/tr[1]/td[11]/div/div/div/div[2]/span"}
RESULT: {"using":"xpath","value":"//table[contains(@id, \"massStateChangeTable-listUl\")]/tbody/tr[1]/td[11]/div/div/div/div[2]/span"}
COMMAND: POST /session/a25f034dab13e07f92a88167585c034b/element/f.7B06FBE6B2D8891648293552B7C1D2EE.d.616E0BCD4502D8B43A52409B441156A6.e.1162/click - {}
RESULT: {}
COMMAND: GET /session/a25f034dab13e07f92a88167585c034b/screenshot - {}
RESULT: {}
COMMAND: POST /session/a25f034dab13e07f92a88167585c034b/element - {"using":"xpath","value":"//table[contains(@id, \"massStateChangeTable-listUl\")]/tbody/tr[1]/td[11]/div/div/div/div[2]/span"}
RESULT: {"using":"xpath","value":"//table[contains(@id, \"massStateChangeTable-listUl\")]/tbody/tr[1]/td[11]/div/div/div/div[2]/span"}
COMMAND: POST /session/a25f034dab13e07f92a88167585c034b/element/f.7B06FBE6B2D8891648293552B7C1D2EE.d.616E0BCD4502D8B43A52409B441156A6.e.1162/click - {}
RESULT: {}
COMMAND: GET /session/a25f034dab13e07f92a88167585c034b/screenshot - {}
RESULT: {}
COMMAND: POST /session/a25f034dab13e07f92a88167585c034b/element - {"using":"xpath","value":"//table[contains(@id, \"massStateChangeTable-listUl\")]/tbody/tr[1]/td[11]/div/div/div/div[2]/span"}
RESULT: {"using":"xpath","value":"//table[contains(@id, \"massStateChangeTable-listUl\")]/tbody/tr[1]/td[11]/div/div/div/div[2]/span"}
COMMAND: POST /session/a25f034dab13e07f92a88167585c034b/element/f.7B06FBE6B2D8891648293552B7C1D2EE.d.616E0BCD4502D8B43A52409B441156A6.e.1162/click - {}
RESULT: {}
COMMAND: GET /session/a25f034dab13e07f92a88167585c034b/screenshot - {}
RESULT: {}
COMMAND: POST /session/a25f034dab13e07f92a88167585c034b/element - {"using":"xpath","value":"//table[contains(@id, \"massStateChangeTable-listUl\")]/tbody/tr[1]/td[11]/div/div/div/div[2]/span"}
RESULT: {"using":"xpath","value":"//table[contains(@id, \"massStateChangeTable-listUl\")]/tbody/tr[1]/td[11]/div/div/div/div[2]/span"}
COMMAND: POST /session/a25f034dab13e07f92a88167585c034b/element/f.7B06FBE6B2D8891648293552B7C1D2EE.d.616E0BCD4502D8B43A52409B441156A6.e.1162/click - {}
RESULT: {}
COMMAND: GET /session/a25f034dab13e07f92a88167585c034b/screenshot - {}
RESULT: {}
COMMAND: POST /session/a25f034dab13e07f92a88167585c034b/element - {"using":"xpath","value":"//table[contains(@id, \"massStateChangeTable-listUl\")]/tbody/tr[1]/td[11]/div/div/div/div[2]/span"}
RESULT: {"using":"xpath","value":"//table[contains(@id, \"massStateChangeTable-listUl\")]/tbody/tr[1]/td[11]/div/div/div/div[2]/span"}
COMMAND: POST /session/a25f034dab13e07f92a88167585c034b/element/f.7B06FBE6B2D8891648293552B7C1D2EE.d.616E0BCD4502D8B43A52409B441156A6.e.1162/click - {}
RESULT: {}
COMMAND: GET /session/a25f034dab13e07f92a88167585c034b/screenshot - {}
RESULT: {}
COMMAND: POST /session/a25f034dab13e07f92a88167585c034b/element - {"using":"xpath","value":"//table[contains(@id, \"massStateChangeTable-listUl\")]/tbody/tr[1]/td[11]/div/div/div/div[2]/span"}
RESULT: {"using":"xpath","value":"//table[contains(@id, \"massStateChangeTable-listUl\")]/tbody/tr[1]/td[11]/div/div/div/div[2]/span"}
COMMAND: POST /session/a25f034dab13e07f92a88167585c034b/element/f.7B06FBE6B2D8891648293552B7C1D2EE.d.616E0BCD4502D8B43A52409B441156A6.e.1162/click - {}
RESULT: {}
COMMAND: GET /session/a25f034dab13e07f92a88167585c034b/screenshot - {}
RESULT: {}
COMMAND: POST /session/a25f034dab13e07f92a88167585c034b/element - {"using":"xpath","value":"//table[contains(@id, \"massStateChangeTable-listUl\")]/tbody/tr[1]/td[11]/div/div/div/div[2]/span"}
RESULT: {"using":"xpath","value":"//table[contains(@id, \"massStateChangeTable-listUl\")]/tbody/tr[1]/td[11]/div/div/div/div[2]/span"}
COMMAND: POST /session/a25f034dab13e07f92a88167585c034b/element/f.7B06FBE6B2D8891648293552B7C1D2EE.d.616E0BCD4502D8B43A52409B441156A6.e.1162/click - {}
RESULT: {}
COMMAND: GET /session/a25f034dab13e07f92a88167585c034b/screenshot - {}
RESULT: {}
COMMAND: POST /session/a25f034dab13e07f92a88167585c034b/element - {"using":"xpath","value":"//table[contains(@id, \"massStateChangeTable-listUl\")]/tbody/tr[1]/td[11]/div/div/div/div[2]/span"}
RESULT: {"using":"xpath","value":"//table[contains(@id, \"massStateChangeTable-listUl\")]/tbody/tr[1]/td[11]/div/div/div/div[2]/span"}
COMMAND: POST /session/a25f034dab13e07f92a88167585c034b/element/f.7B06FBE6B2D8891648293552B7C1D2EE.d.616E0BCD4502D8B43A52409B441156A6.e.1162/click - {}
RESULT: {}
COMMAND: GET /session/a25f034dab13e07f92a88167585c034b/screenshot - {}
RESULT: {}
COMMAND: POST /session/a25f034dab13e07f92a88167585c034b/element - {"using":"xpath","value":"//table[contains(@id, \"massStateChangeTable-listUl\")]/tbody/tr[1]/td[11]/div/div/div/div[2]/span"}
RESULT: {"using":"xpath","value":"//table[contains(@id, \"massStateChangeTable-listUl\")]/tbody/tr[1]/td[11]/div/div/div/div[2]/span"}
COMMAND: POST /session/a25f034dab13e07f92a88167585c034b/element/f.7B06FBE6B2D8891648293552B7C1D2EE.d.616E0BCD4502D8B43A52409B441156A6.e.1162/click - {}
RESULT: {}
COMMAND: GET /session/a25f034dab13e07f92a88167585c034b/screenshot - {}
RESULT: {}
COMMAND: POST /session/a25f034dab13e07f92a88167585c034b/element - {"using":"xpath","value":"//table[contains(@id, \"massStateChangeTable-listUl\")]/tbody/tr[1]/td[11]/div/div/div/div[2]/span"}
RESULT: {"using":"xpath","value":"//table[contains(@id, \"massStateChangeTable-listUl\")]/tbody/tr[1]/td[11]/div/div/div/div[2]/span"}
COMMAND: POST /session/a25f034dab13e07f92a88167585c034b/element/f.7B06FBE6B2D8891648293552B7C1D2EE.d.616E0BCD4502D8B43A52409B441156A6.e.1162/click - {}
RESULT: {}
COMMAND: GET /session/a25f034dab13e07f92a88167585c034b/screenshot - {}
RESULT: {}
COMMAND: POST /session/a25f034dab13e07f92a88167585c034b/element - {"using":"xpath","value":"//table[contains(@id, \"massStateChangeTable-listUl\")]/tbody/tr[1]/td[11]/div/div/div/div[2]/span"}
RESULT: {"using":"xpath","value":"//table[contains(@id, \"massStateChangeTable-listUl\")]/tbody/tr[1]/td[11]/div/div/div/div[2]/span"}
COMMAND: POST /session/a25f034dab13e07f92a88167585c034b/element/f.7B06FBE6B2D8891648293552B7C1D2EE.d.616E0BCD4502D8B43A52409B441156A6.e.1162/click - {}
RESULT: {}
COMMAND: GET /session/a25f034dab13e07f92a88167585c034b/screenshot - {}
RESULT: {}
COMMAND: POST /session/a25f034dab13e07f92a88167585c034b/element - {"using":"xpath","value":"//table[contains(@id, \"massStateChangeTable-listUl\")]/tbody/tr[1]/td[11]/div/div/div/div[2]/span"}
RESULT: {"using":"xpath","value":"//table[contains(@id, \"massStateChangeTable-listUl\")]/tbody/tr[1]/td[11]/div/div/div/div[2]/span"}
COMMAND: POST /session/a25f034dab13e07f92a88167585c034b/element/f.7B06FBE6B2D8891648293552B7C1D2EE.d.616E0BCD4502D8B43A52409B441156A6.e.1162/click - {}
RESULT: {}
COMMAND: GET /session/a25f034dab13e07f92a88167585c034b/screenshot - {}
RESULT: {}
COMMAND: POST /session/a25f034dab13e07f92a88167585c034b/element - {"using":"xpath","value":"//table[contains(@id, \"massStateChangeTable-listUl\")]/tbody/tr[1]/td[11]/div/div/div/div[2]/span"}
RESULT: {"using":"xpath","value":"//table[contains(@id, \"massStateChangeTable-listUl\")]/tbody/tr[1]/td[11]/div/div/div/div[2]/span"}
COMMAND: POST /session/a25f034dab13e07f92a88167585c034b/element/f.7B06FBE6B2D8891648293552B7C1D2EE.d.616E0BCD4502D8B43A52409B441156A6.e.1162/click - {}
RESULT: {}
COMMAND: GET /session/a25f034dab13e07f92a88167585c034b/screenshot - {}
RESULT: {}
COMMAND: POST /session/a25f034dab13e07f92a88167585c034b/element - {"using":"xpath","value":"//table[contains(@id, \"massStateChangeTable-listUl\")]/tbody/tr[1]/td[11]/div/div/div/div[2]/span"}
RESULT: {"using":"xpath","value":"//table[contains(@id, \"massStateChangeTable-listUl\")]/tbody/tr[1]/td[11]/div/div/div/div[2]/span"}
COMMAND: POST /session/a25f034dab13e07f92a88167585c034b/element/f.7B06FBE6B2D8891648293552B7C1D2EE.d.616E0BCD4502D8B43A52409B441156A6.e.1162/click - {}
RESULT: {}
COMMAND: GET /session/a25f034dab13e07f92a88167585c034b/screenshot - {}
RESULT: {}
COMMAND: POST /session/a25f034dab13e07f92a88167585c034b/element - {"using":"xpath","value":"//table[contains(@id, \"massStateChangeTable-listUl\")]/tbody/tr[1]/td[11]/div/div/div/div[2]/span"}
RESULT: {"using":"xpath","value":"//table[contains(@id, \"massStateChangeTable-listUl\")]/tbody/tr[1]/td[11]/div/div/div/div[2]/span"}
COMMAND: POST /session/a25f034dab13e07f92a88167585c034b/element/f.7B06FBE6B2D8891648293552B7C1D2EE.d.616E0BCD4502D8B43A52409B441156A6.e.1162/click - {}
RESULT: {}
COMMAND: GET /session/a25f034dab13e07f92a88167585c034b/screenshot - {}
RESULT: {}
COMMAND: POST /session/a25f034dab13e07f92a88167585c034b/element - {"using":"xpath","value":"//table[contains(@id, \"massStateChangeTable-listUl\")]/tbody/tr[2]/td[11]/div/div/div/div[2]/span"}
RESULT: {"using":"xpath","value":"//table[contains(@id, \"massStateChangeTable-listUl\")]/tbody/tr[2]/td[11]/div/div/div/div[2]/span"}
COMMAND: POST /session/a25f034dab13e07f92a88167585c034b/element/f.7B06FBE6B2D8891648293552B7C1D2EE.d.616E0BCD4502D8B43A52409B441156A6.e.1163/click - {}
RESULT: {}
COMMAND: GET /session/a25f034dab13e07f92a88167585c034b/screenshot - {}
RESULT: {}
COMMAND: POST /session/a25f034dab13e07f92a88167585c034b/element - {"using":"xpath","value":"//table[contains(@id, \"massStateChangeTable-listUl\")]/tbody/tr[1]/td[11]/div/div/div/input"}
RESULT: {"using":"xpath","value":"//table[contains(@id, \"massStateChangeTable-listUl\")]/tbody/tr[1]/td[11]/div/div/div/input"}
COMMAND: GET /session/a25f034dab13e07f92a88167585c034b/element/f.7B06FBE6B2D8891648293552B7C1D2EE.d.616E0BCD4502D8B43A52409B441156A6.e.1141/property/value - {}
RESULT: {}
COMMAND: POST /session/a25f034dab13e07f92a88167585c034b/element - {"using":"xpath","value":"//table[contains(@id, \"massStateChangeTable-listUl\")]/tbody/tr[2]/td[11]/div/div/div/input"}
COMMAND: GET /session/a25f034dab13e07f92a88167585c034b/screenshot - {}
RESULT: {"using":"xpath","value":"//table[contains(@id, \"massStateChangeTable-listUl\")]/tbody/tr[2]/td[11]/div/div/div/input"}
COMMAND: GET /session/a25f034dab13e07f92a88167585c034b/element/f.7B06FBE6B2D8891648293552B7C1D2EE.d.616E0BCD4502D8B43A52409B441156A6.e.1145/property/value - {}
RESULT: {}
RESULT: {}
COMMAND: POST /session/a25f034dab13e07f92a88167585c034b/element - {"using":"xpath","value":"(//bdi[contains(text(), \"OK\")])[1]"}
COMMAND: GET /session/a25f034dab13e07f92a88167585c034b/screenshot - {}
RESULT: {"using":"xpath","value":"(//bdi[contains(text(), \"OK\")])[1]"}
COMMAND: POST /session/a25f034dab13e07f92a88167585c034b/element/f.7B06FBE6B2D8891648293552B7C1D2EE.d.616E0BCD4502D8B43A52409B441156A6.e.1149/click - {}
RESULT: {}
RESULT: {}
COMMAND: GET /session/a25f034dab13e07f92a88167585c034b/screenshot - {}
RESULT: {}
COMMAND: POST /session/a25f034dab13e07f92a88167585c034b/element - {"using":"xpath","value":"(//bdi[contains(text(), \"OK\")])[2]"}
RESULT: {"using":"xpath","value":"(//bdi[contains(text(), \"OK\")])[2]"}
COMMAND: POST /session/a25f034dab13e07f92a88167585c034b/element/f.7B06FBE6B2D8891648293552B7C1D2EE.d.616E0BCD4502D8B43A52409B441156A6.e.1166/click - {}
RESULT: {}
COMMAND: GET /session/a25f034dab13e07f92a88167585c034b/screenshot - {}
RESULT: {}
RESULT: undefined
COMMAND: POST /session/a25f034dab13e07f92a88167585c034b/execute/async - {"script":"<script> [776 bytes]","args":[{"enterText":"600002","selector":{"id":"application-ruinventorylist-display-component---Master--smartFilterBar-btnBasicSearch","interaction":{"idSuffix":"I"}},"clearTextFirst":true,"interactionType":"ENTER_TEXT"}]}
RESULT: {"script":"<script> [776 bytes]","args":[{"enterText":"600002","selector":{"id":"application-ruinventorylist-display-component---Master--smartFilterBar-btnBasicSearch","interaction":{"idSuffix":"I"}},"clearTextFirst":true,"interactionType":"ENTER_TEXT"}]}
COMMAND: POST /session/a25f034dab13e07f92a88167585c034b/actions - {"actions":[{"id":"action5","type":"key","parameters":{},"actions":[{"type":"keyDown","value":""},{"type":"pause","duration":10},{"type":"keyUp","value":""}]}]}
RESULT: {"actions":[{"id":"action5","type":"key","parameters":{},"actions":[{"type":"keyDown","value":""},{"type":"pause","duration":10},{"type":"keyUp","value":""}]}]}
COMMAND: GET /session/a25f034dab13e07f92a88167585c034b/screenshot - {}
RESULT: {}
COMMAND: POST /session/a25f034dab13e07f92a88167585c034b/element - {"using":"xpath","value":"//span[@id=\"application-ruinventorylist-display-component---Master--smartTableRuInventoryList-header-inner\"]"}
RESULT: {"using":"xpath","value":"//span[@id=\"application-ruinventorylist-display-component---Master--smartTableRuInventoryList-header-inner\"]"}
COMMAND: POST /session/a25f034dab13e07f92a88167585c034b/elements - {"using":"xpath","value":"//span[@id=\"application-ruinventorylist-display-component---Master--smartTableRuInventoryList-header-inner\"]"}
RESULT: {"using":"xpath","value":"//span[@id=\"application-ruinventorylist-display-component---Master--smartTableRuInventoryList-header-inner\"]"}
COMMAND: POST /session/a25f034dab13e07f92a88167585c034b/execute/sync - {"script":"<script> [56 bytes]","args":[{"element-6066-11e4-a52e-4f735466cecf":"f.7B06FBE6B2D8891648293552B7C1D2EE.d.616E0BCD4502D8B43A52409B441156A6.e.844","ELEMENT":"f.7B06FBE6B2D8891648293552B7C1D2EE.d.616E0BCD4502D8B43A52409B441156A6.e.844"}]}
RESULT: {"script":"<script> [56 bytes]","args":[{"element-6066-11e4-a52e-4f735466cecf":"f.7B06FBE6B2D8891648293552B7C1D2EE.d.616E0BCD4502D8B43A52409B441156A6.e.844","ELEMENT":"f.7B06FBE6B2D8891648293552B7C1D2EE.d.616E0BCD4502D8B43A52409B441156A6.e.844"}]}
COMMAND: POST /session/a25f034dab13e07f92a88167585c034b/element - {"using":"xpath","value":"//table[contains(@id, \"application-ruinventorylist-display-component---Master--tableRuInventoryList-listUl\")]/tbody/tr[1]/td[6]/div/span"}
COMMAND: GET /session/a25f034dab13e07f92a88167585c034b/screenshot - {}
RESULT: {"using":"xpath","value":"//table[contains(@id, \"application-ruinventorylist-display-component---Master--tableRuInventoryList-listUl\")]/tbody/tr[1]/td[6]/div/span"}
COMMAND: POST /session/a25f034dab13e07f92a88167585c034b/execute/sync - {"script":"<script> [56 bytes]","args":[{"element-6066-11e4-a52e-4f735466cecf":"f.7B06FBE6B2D8891648293552B7C1D2EE.d.616E0BCD4502D8B43A52409B441156A6.e.1186","ELEMENT":"f.7B06FBE6B2D8891648293552B7C1D2EE.d.616E0BCD4502D8B43A52409B441156A6.e.1186"}]}
RESULT: {}
RESULT: {"script":"<script> [56 bytes]","args":[{"element-6066-11e4-a52e-4f735466cecf":"f.7B06FBE6B2D8891648293552B7C1D2EE.d.616E0BCD4502D8B43A52409B441156A6.e.1186","ELEMENT":"f.7B06FBE6B2D8891648293552B7C1D2EE.d.616E0BCD4502D8B43A52409B441156A6.e.1186"}]}
COMMAND: POST /session/a25f034dab13e07f92a88167585c034b/element - {"using":"xpath","value":"//div[contains(@id, \"smartFilterBar-btnBasicSearch-reset\")]"}
COMMAND: GET /session/a25f034dab13e07f92a88167585c034b/screenshot - {}
RESULT: {"using":"xpath","value":"//div[contains(@id, \"smartFilterBar-btnBasicSearch-reset\")]"}
COMMAND: POST /session/a25f034dab13e07f92a88167585c034b/element/f.7B06FBE6B2D8891648293552B7C1D2EE.d.616E0BCD4502D8B43A52409B441156A6.e.862/click - {}
RESULT: {}
RESULT: {}
COMMAND: GET /session/a25f034dab13e07f92a88167585c034b/screenshot - {}
RESULT: {}
RESULT: undefined
COMMAND: POST /session/a25f034dab13e07f92a88167585c034b/execute/async - {"script":"<script> [776 bytes]","args":[{"enterText":"401002","selector":{"id":"application-ruinventorylist-display-component---Master--smartFilterBar-btnBasicSearch","interaction":{"idSuffix":"I"}},"clearTextFirst":true,"interactionType":"ENTER_TEXT"}]}
RESULT: {"script":"<script> [776 bytes]","args":[{"enterText":"401002","selector":{"id":"application-ruinventorylist-display-component---Master--smartFilterBar-btnBasicSearch","interaction":{"idSuffix":"I"}},"clearTextFirst":true,"interactionType":"ENTER_TEXT"}]}
COMMAND: POST /session/a25f034dab13e07f92a88167585c034b/actions - {"actions":[{"id":"action6","type":"key","parameters":{},"actions":[{"type":"keyDown","value":""},{"type":"pause","duration":10},{"type":"keyUp","value":""}]}]}
RESULT: {"actions":[{"id":"action6","type":"key","parameters":{},"actions":[{"type":"keyDown","value":""},{"type":"pause","duration":10},{"type":"keyUp","value":""}]}]}
COMMAND: GET /session/a25f034dab13e07f92a88167585c034b/screenshot - {}
RESULT: {}
COMMAND: POST /session/a25f034dab13e07f92a88167585c034b/element - {"using":"xpath","value":"//span[@id=\"application-ruinventorylist-display-component---Master--smartTableRuInventoryList-header-inner\"]"}
RESULT: {"using":"xpath","value":"//span[@id=\"application-ruinventorylist-display-component---Master--smartTableRuInventoryList-header-inner\"]"}
COMMAND: POST /session/a25f034dab13e07f92a88167585c034b/elements - {"using":"xpath","value":"//span[@id=\"application-ruinventorylist-display-component---Master--smartTableRuInventoryList-header-inner\"]"}
RESULT: {"using":"xpath","value":"//span[@id=\"application-ruinventorylist-display-component---Master--smartTableRuInventoryList-header-inner\"]"}
COMMAND: POST /session/a25f034dab13e07f92a88167585c034b/execute/sync - {"script":"<script> [56 bytes]","args":[{"element-6066-11e4-a52e-4f735466cecf":"f.7B06FBE6B2D8891648293552B7C1D2EE.d.616E0BCD4502D8B43A52409B441156A6.e.844","ELEMENT":"f.7B06FBE6B2D8891648293552B7C1D2EE.d.616E0BCD4502D8B43A52409B441156A6.e.844"}]}
RESULT: {"script":"<script> [56 bytes]","args":[{"element-6066-11e4-a52e-4f735466cecf":"f.7B06FBE6B2D8891648293552B7C1D2EE.d.616E0BCD4502D8B43A52409B441156A6.e.844","ELEMENT":"f.7B06FBE6B2D8891648293552B7C1D2EE.d.616E0BCD4502D8B43A52409B441156A6.e.844"}]}
COMMAND: POST /session/a25f034dab13e07f92a88167585c034b/element - {"using":"xpath","value":"//table[contains(@id, \"application-ruinventorylist-display-component---Master--tableRuInventoryList-listUl\")]/tbody/tr[1]/td[6]/div/span"}
COMMAND: GET /session/a25f034dab13e07f92a88167585c034b/screenshot - {}
RESULT: {"using":"xpath","value":"//table[contains(@id, \"application-ruinventorylist-display-component---Master--tableRuInventoryList-listUl\")]/tbody/tr[1]/td[6]/div/span"}
COMMAND: POST /session/a25f034dab13e07f92a88167585c034b/execute/sync - {"script":"<script> [56 bytes]","args":[{"element-6066-11e4-a52e-4f735466cecf":"f.7B06FBE6B2D8891648293552B7C1D2EE.d.616E0BCD4502D8B43A52409B441156A6.e.1266","ELEMENT":"f.7B06FBE6B2D8891648293552B7C1D2EE.d.616E0BCD4502D8B43A52409B441156A6.e.1266"}]}
RESULT: {}
RESULT: {"script":"<script> [56 bytes]","args":[{"element-6066-11e4-a52e-4f735466cecf":"f.7B06FBE6B2D8891648293552B7C1D2EE.d.616E0BCD4502D8B43A52409B441156A6.e.1266","ELEMENT":"f.7B06FBE6B2D8891648293552B7C1D2EE.d.616E0BCD4502D8B43A52409B441156A6.e.1266"}]}
COMMAND: POST /session/a25f034dab13e07f92a88167585c034b/element - {"using":"xpath","value":"//div[contains(@id, \"smartFilterBar-btnBasicSearch-reset\")]"}
COMMAND: GET /session/a25f034dab13e07f92a88167585c034b/screenshot - {}
RESULT: {"using":"xpath","value":"//div[contains(@id, \"smartFilterBar-btnBasicSearch-reset\")]"}
COMMAND: POST /session/a25f034dab13e07f92a88167585c034b/element/f.7B06FBE6B2D8891648293552B7C1D2EE.d.616E0BCD4502D8B43A52409B441156A6.e.862/click - {}
RESULT: {}
RESULT: {}
COMMAND: GET /session/a25f034dab13e07f92a88167585c034b/screenshot - {}
RESULT: {}
COMMAND: POST /session/a25f034dab13e07f92a88167585c034b/element/f.7B06FBE6B2D8891648293552B7C1D2EE.d.616E0BCD4502D8B43A52409B441156A6.e.291/click - {}
RESULT: {}
COMMAND: GET /session/a25f034dab13e07f92a88167585c034b/screenshot - {}
RESULT: {}
RESULT: undefined
COMMAND: POST /session/a25f034dab13e07f92a88167585c034b/execute/async - {"script":"<script> [776 bytes]","args":[{"enterText":"600002","selector":{"id":"application-ruinventorylist-display-component---Master--smartFilterBar-btnBasicSearch","interaction":{"idSuffix":"I"}},"clearTextFirst":true,"interactionType":"ENTER_TEXT"}]}
RESULT: {"script":"<script> [776 bytes]","args":[{"enterText":"600002","selector":{"id":"application-ruinventorylist-display-component---Master--smartFilterBar-btnBasicSearch","interaction":{"idSuffix":"I"}},"clearTextFirst":true,"interactionType":"ENTER_TEXT"}]}
COMMAND: POST /session/a25f034dab13e07f92a88167585c034b/actions - {"actions":[{"id":"action7","type":"key","parameters":{},"actions":[{"type":"keyDown","value":""},{"type":"pause","duration":10},{"type":"keyUp","value":""}]}]}
RESULT: {"actions":[{"id":"action7","type":"key","parameters":{},"actions":[{"type":"keyDown","value":""},{"type":"pause","duration":10},{"type":"keyUp","value":""}]}]}
COMMAND: GET /session/a25f034dab13e07f92a88167585c034b/screenshot - {}
RESULT: {}
COMMAND: POST /session/a25f034dab13e07f92a88167585c034b/element - {"using":"xpath","value":"//span[@id=\"application-ruinventorylist-display-component---Master--smartTableRuInventoryList-header-inner\"]"}
RESULT: {"using":"xpath","value":"//span[@id=\"application-ruinventorylist-display-component---Master--smartTableRuInventoryList-header-inner\"]"}
COMMAND: POST /session/a25f034dab13e07f92a88167585c034b/elements - {"using":"xpath","value":"//span[@id=\"application-ruinventorylist-display-component---Master--smartTableRuInventoryList-header-inner\"]"}
RESULT: {"using":"xpath","value":"//span[@id=\"application-ruinventorylist-display-component---Master--smartTableRuInventoryList-header-inner\"]"}
COMMAND: POST /session/a25f034dab13e07f92a88167585c034b/execute/sync - {"script":"<script> [56 bytes]","args":[{"element-6066-11e4-a52e-4f735466cecf":"f.7B06FBE6B2D8891648293552B7C1D2EE.d.616E0BCD4502D8B43A52409B441156A6.e.844","ELEMENT":"f.7B06FBE6B2D8891648293552B7C1D2EE.d.616E0BCD4502D8B43A52409B441156A6.e.844"}]}
RESULT: {"script":"<script> [56 bytes]","args":[{"element-6066-11e4-a52e-4f735466cecf":"f.7B06FBE6B2D8891648293552B7C1D2EE.d.616E0BCD4502D8B43A52409B441156A6.e.844","ELEMENT":"f.7B06FBE6B2D8891648293552B7C1D2EE.d.616E0BCD4502D8B43A52409B441156A6.e.844"}]}
COMMAND: POST /session/a25f034dab13e07f92a88167585c034b/element - {"using":"xpath","value":"//table[contains(@id, \"application-ruinventorylist-display-component---Master--tableRuInventoryList-listUl\")]/tbody/tr[1]/td[2]/div/div"}
COMMAND: GET /session/a25f034dab13e07f92a88167585c034b/screenshot - {}
RESULT: {"using":"xpath","value":"//table[contains(@id, \"application-ruinventorylist-display-component---Master--tableRuInventoryList-listUl\")]/tbody/tr[1]/td[2]/div/div"}
COMMAND: POST /session/a25f034dab13e07f92a88167585c034b/element/f.7B06FBE6B2D8891648293552B7C1D2EE.d.616E0BCD4502D8B43A52409B441156A6.e.1511/click - {}
RESULT: {}
RESULT: {}
COMMAND: GET /session/a25f034dab13e07f92a88167585c034b/screenshot - {}
RESULT: {}
COMMAND: POST /session/a25f034dab13e07f92a88167585c034b/element - {"using":"xpath","value":"//div[contains(@id, \"smartFilterBar-btnBasicSearch-reset\")]"}
RESULT: {"using":"xpath","value":"//div[contains(@id, \"smartFilterBar-btnBasicSearch-reset\")]"}
COMMAND: POST /session/a25f034dab13e07f92a88167585c034b/element/f.7B06FBE6B2D8891648293552B7C1D2EE.d.616E0BCD4502D8B43A52409B441156A6.e.862/click - {}
RESULT: {}
COMMAND: GET /session/a25f034dab13e07f92a88167585c034b/screenshot - {}
RESULT: {}
RESULT: undefined
COMMAND: POST /session/a25f034dab13e07f92a88167585c034b/execute/async - {"script":"<script> [776 bytes]","args":[{"enterText":"401002","selector":{"id":"application-ruinventorylist-display-component---Master--smartFilterBar-btnBasicSearch","interaction":{"idSuffix":"I"}},"clearTextFirst":true,"interactionType":"ENTER_TEXT"}]}
RESULT: {"script":"<script> [776 bytes]","args":[{"enterText":"401002","selector":{"id":"application-ruinventorylist-display-component---Master--smartFilterBar-btnBasicSearch","interaction":{"idSuffix":"I"}},"clearTextFirst":true,"interactionType":"ENTER_TEXT"}]}
COMMAND: POST /session/a25f034dab13e07f92a88167585c034b/actions - {"actions":[{"id":"action8","type":"key","parameters":{},"actions":[{"type":"keyDown","value":""},{"type":"pause","duration":10},{"type":"keyUp","value":""}]}]}
RESULT: {"actions":[{"id":"action8","type":"key","parameters":{},"actions":[{"type":"keyDown","value":""},{"type":"pause","duration":10},{"type":"keyUp","value":""}]}]}
COMMAND: GET /session/a25f034dab13e07f92a88167585c034b/screenshot - {}
RESULT: {}
COMMAND: POST /session/a25f034dab13e07f92a88167585c034b/element - {"using":"xpath","value":"//span[@id=\"application-ruinventorylist-display-component---Master--smartTableRuInventoryList-header-inner\"]"}
RESULT: {"using":"xpath","value":"//span[@id=\"application-ruinventorylist-display-component---Master--smartTableRuInventoryList-header-inner\"]"}
COMMAND: POST /session/a25f034dab13e07f92a88167585c034b/elements - {"using":"xpath","value":"//span[@id=\"application-ruinventorylist-display-component---Master--smartTableRuInventoryList-header-inner\"]"}
RESULT: {"using":"xpath","value":"//span[@id=\"application-ruinventorylist-display-component---Master--smartTableRuInventoryList-header-inner\"]"}
COMMAND: POST /session/a25f034dab13e07f92a88167585c034b/execute/sync - {"script":"<script> [56 bytes]","args":[{"element-6066-11e4-a52e-4f735466cecf":"f.7B06FBE6B2D8891648293552B7C1D2EE.d.616E0BCD4502D8B43A52409B441156A6.e.844","ELEMENT":"f.7B06FBE6B2D8891648293552B7C1D2EE.d.616E0BCD4502D8B43A52409B441156A6.e.844"}]}
RESULT: {"script":"<script> [56 bytes]","args":[{"element-6066-11e4-a52e-4f735466cecf":"f.7B06FBE6B2D8891648293552B7C1D2EE.d.616E0BCD4502D8B43A52409B441156A6.e.844","ELEMENT":"f.7B06FBE6B2D8891648293552B7C1D2EE.d.616E0BCD4502D8B43A52409B441156A6.e.844"}]}
COMMAND: POST /session/a25f034dab13e07f92a88167585c034b/element - {"using":"xpath","value":"//table[contains(@id, \"application-ruinventorylist-display-component---Master--tableRuInventoryList-listUl\")]/tbody/tr[1]/td[2]/div/div"}
COMMAND: GET /session/a25f034dab13e07f92a88167585c034b/screenshot - {}
RESULT: {"using":"xpath","value":"//table[contains(@id, \"application-ruinventorylist-display-component---Master--tableRuInventoryList-listUl\")]/tbody/tr[1]/td[2]/div/div"}
COMMAND: POST /session/a25f034dab13e07f92a88167585c034b/element/f.7B06FBE6B2D8891648293552B7C1D2EE.d.616E0BCD4502D8B43A52409B441156A6.e.1651/click - {}
RESULT: {}
RESULT: {}
COMMAND: GET /session/a25f034dab13e07f92a88167585c034b/screenshot - {}
RESULT: {}
COMMAND: POST /session/a25f034dab13e07f92a88167585c034b/element - {"using":"xpath","value":"//div[contains(@id, \"smartFilterBar-btnBasicSearch-reset\")]"}
RESULT: {"using":"xpath","value":"//div[contains(@id, \"smartFilterBar-btnBasicSearch-reset\")]"}
COMMAND: POST /session/a25f034dab13e07f92a88167585c034b/element/f.7B06FBE6B2D8891648293552B7C1D2EE.d.616E0BCD4502D8B43A52409B441156A6.e.862/click - {}
RESULT: {}
COMMAND: GET /session/a25f034dab13e07f92a88167585c034b/screenshot - {}
RESULT: {}
COMMAND: POST /session/a25f034dab13e07f92a88167585c034b/element/f.7B06FBE6B2D8891648293552B7C1D2EE.d.616E0BCD4502D8B43A52409B441156A6.e.291/click - {}
RESULT: {}
COMMAND: GET /session/a25f034dab13e07f92a88167585c034b/screenshot - {}
RESULT: {}
RESULT: undefined
COMMAND: POST /session/a25f034dab13e07f92a88167585c034b/element - {"using":"xpath","value":"//*[@id=\"application-ruinventorylist-display-component---Master--ruStateTypes-arrow\"]"}
RESULT: {"using":"xpath","value":"//*[@id=\"application-ruinventorylist-display-component---Master--ruStateTypes-arrow\"]"}
COMMAND: POST /session/a25f034dab13e07f92a88167585c034b/element/f.7B06FBE6B2D8891648293552B7C1D2EE.d.616E0BCD4502D8B43A52409B441156A6.e.1803/click - {}
RESULT: {}
COMMAND: GET /session/a25f034dab13e07f92a88167585c034b/screenshot - {}
RESULT: {}
COMMAND: POST /session/a25f034dab13e07f92a88167585c034b/element - {"using":"xpath","value":"//li[.//span[text()=\"available\"]]"}
RESULT: {"using":"xpath","value":"//li[.//span[text()=\"available\"]]"}
COMMAND: POST /session/a25f034dab13e07f92a88167585c034b/element/f.7B06FBE6B2D8891648293552B7C1D2EE.d.616E0BCD4502D8B43A52409B441156A6.e.1804/click - {}
RESULT: {}
COMMAND: GET /session/a25f034dab13e07f92a88167585c034b/screenshot - {}
RESULT: {}
COMMAND: POST /session/a25f034dab13e07f92a88167585c034b/element - {"using":"xpath","value":"(//bdi[contains(text(), \"OK\")])[1]"}
RESULT: {"using":"xpath","value":"(//bdi[contains(text(), \"OK\")])[1]"}
COMMAND: POST /session/a25f034dab13e07f92a88167585c034b/element/f.7B06FBE6B2D8891648293552B7C1D2EE.d.616E0BCD4502D8B43A52409B441156A6.e.1805/click - {}
RESULT: {}
COMMAND: GET /session/a25f034dab13e07f92a88167585c034b/screenshot - {}
RESULT: {}
COMMAND: POST /session/a25f034dab13e07f92a88167585c034b/element - {"using":"xpath","value":"(//bdi[contains(text(), \"OK\")])[2]"}
RESULT: {"using":"xpath","value":"(//bdi[contains(text(), \"OK\")])[2]"}
COMMAND: POST /session/a25f034dab13e07f92a88167585c034b/element/f.7B06FBE6B2D8891648293552B7C1D2EE.d.616E0BCD4502D8B43A52409B441156A6.e.1810/click - {}
RESULT: {}
COMMAND: GET /session/a25f034dab13e07f92a88167585c034b/screenshot - {}
RESULT: {}
RESULT: undefined
COMMAND: POST /session/a25f034dab13e07f92a88167585c034b/execute/async - {"script":"<script> [776 bytes]","args":[{"enterText":"600002","selector":{"id":"application-ruinventorylist-display-component---Master--smartFilterBar-btnBasicSearch","interaction":{"idSuffix":"I"}},"clearTextFirst":true,"interactionType":"ENTER_TEXT"}]}
RESULT: {"script":"<script> [776 bytes]","args":[{"enterText":"600002","selector":{"id":"application-ruinventorylist-display-component---Master--smartFilterBar-btnBasicSearch","interaction":{"idSuffix":"I"}},"clearTextFirst":true,"interactionType":"ENTER_TEXT"}]}
COMMAND: POST /session/a25f034dab13e07f92a88167585c034b/actions - {"actions":[{"id":"action9","type":"key","parameters":{},"actions":[{"type":"keyDown","value":""},{"type":"pause","duration":10},{"type":"keyUp","value":""}]}]}
RESULT: {"actions":[{"id":"action9","type":"key","parameters":{},"actions":[{"type":"keyDown","value":""},{"type":"pause","duration":10},{"type":"keyUp","value":""}]}]}
COMMAND: GET /session/a25f034dab13e07f92a88167585c034b/screenshot - {}
RESULT: {}
COMMAND: POST /session/a25f034dab13e07f92a88167585c034b/element - {"using":"xpath","value":"//span[@id=\"application-ruinventorylist-display-component---Master--smartTableRuInventoryList-header-inner\"]"}
RESULT: {"using":"xpath","value":"//span[@id=\"application-ruinventorylist-display-component---Master--smartTableRuInventoryList-header-inner\"]"}
COMMAND: POST /session/a25f034dab13e07f92a88167585c034b/elements - {"using":"xpath","value":"//span[@id=\"application-ruinventorylist-display-component---Master--smartTableRuInventoryList-header-inner\"]"}
RESULT: {"using":"xpath","value":"//span[@id=\"application-ruinventorylist-display-component---Master--smartTableRuInventoryList-header-inner\"]"}
COMMAND: POST /session/a25f034dab13e07f92a88167585c034b/execute/sync - {"script":"<script> [56 bytes]","args":[{"element-6066-11e4-a52e-4f735466cecf":"f.7B06FBE6B2D8891648293552B7C1D2EE.d.616E0BCD4502D8B43A52409B441156A6.e.844","ELEMENT":"f.7B06FBE6B2D8891648293552B7C1D2EE.d.616E0BCD4502D8B43A52409B441156A6.e.844"}]}
RESULT: {"script":"<script> [56 bytes]","args":[{"element-6066-11e4-a52e-4f735466cecf":"f.7B06FBE6B2D8891648293552B7C1D2EE.d.616E0BCD4502D8B43A52409B441156A6.e.844","ELEMENT":"f.7B06FBE6B2D8891648293552B7C1D2EE.d.616E0BCD4502D8B43A52409B441156A6.e.844"}]}
COMMAND: POST /session/a25f034dab13e07f92a88167585c034b/element - {"using":"xpath","value":"//table[contains(@id, \"application-ruinventorylist-display-component---Master--tableRuInventoryList-listUl\")]/tbody/tr[1]/td[6]/div/span"}
COMMAND: GET /session/a25f034dab13e07f92a88167585c034b/screenshot - {}
RESULT: {"using":"xpath","value":"//table[contains(@id, \"application-ruinventorylist-display-component---Master--tableRuInventoryList-listUl\")]/tbody/tr[1]/td[6]/div/span"}
COMMAND: POST /session/a25f034dab13e07f92a88167585c034b/execute/sync - {"script":"<script> [56 bytes]","args":[{"element-6066-11e4-a52e-4f735466cecf":"f.7B06FBE6B2D8891648293552B7C1D2EE.d.616E0BCD4502D8B43A52409B441156A6.e.1832","ELEMENT":"f.7B06FBE6B2D8891648293552B7C1D2EE.d.616E0BCD4502D8B43A52409B441156A6.e.1832"}]}
RESULT: {}
RESULT: {"script":"<script> [56 bytes]","args":[{"element-6066-11e4-a52e-4f735466cecf":"f.7B06FBE6B2D8891648293552B7C1D2EE.d.616E0BCD4502D8B43A52409B441156A6.e.1832","ELEMENT":"f.7B06FBE6B2D8891648293552B7C1D2EE.d.616E0BCD4502D8B43A52409B441156A6.e.1832"}]}
COMMAND: POST /session/a25f034dab13e07f92a88167585c034b/element - {"using":"xpath","value":"//div[contains(@id, \"smartFilterBar-btnBasicSearch-reset\")]"}
COMMAND: GET /session/a25f034dab13e07f92a88167585c034b/screenshot - {}
RESULT: {"using":"xpath","value":"//div[contains(@id, \"smartFilterBar-btnBasicSearch-reset\")]"}
COMMAND: POST /session/a25f034dab13e07f92a88167585c034b/element/f.7B06FBE6B2D8891648293552B7C1D2EE.d.616E0BCD4502D8B43A52409B441156A6.e.862/click - {}
RESULT: {}
RESULT: {}
COMMAND: GET /session/a25f034dab13e07f92a88167585c034b/screenshot - {}
RESULT: {}
RESULT: undefined
COMMAND: POST /session/a25f034dab13e07f92a88167585c034b/execute/async - {"script":"<script> [776 bytes]","args":[{"enterText":"401002","selector":{"id":"application-ruinventorylist-display-component---Master--smartFilterBar-btnBasicSearch","interaction":{"idSuffix":"I"}},"clearTextFirst":true,"interactionType":"ENTER_TEXT"}]}
RESULT: {"script":"<script> [776 bytes]","args":[{"enterText":"401002","selector":{"id":"application-ruinventorylist-display-component---Master--smartFilterBar-btnBasicSearch","interaction":{"idSuffix":"I"}},"clearTextFirst":true,"interactionType":"ENTER_TEXT"}]}
COMMAND: POST /session/a25f034dab13e07f92a88167585c034b/actions - {"actions":[{"id":"action10","type":"key","parameters":{},"actions":[{"type":"keyDown","value":""},{"type":"pause","duration":10},{"type":"keyUp","value":""}]}]}
RESULT: {"actions":[{"id":"action10","type":"key","parameters":{},"actions":[{"type":"keyDown","value":""},{"type":"pause","duration":10},{"type":"keyUp","value":""}]}]}
COMMAND: GET /session/a25f034dab13e07f92a88167585c034b/screenshot - {}
RESULT: {}
COMMAND: POST /session/a25f034dab13e07f92a88167585c034b/element - {"using":"xpath","value":"//span[@id=\"application-ruinventorylist-display-component---Master--smartTableRuInventoryList-header-inner\"]"}
RESULT: {"using":"xpath","value":"//span[@id=\"application-ruinventorylist-display-component---Master--smartTableRuInventoryList-header-inner\"]"}
COMMAND: POST /session/a25f034dab13e07f92a88167585c034b/elements - {"using":"xpath","value":"//span[@id=\"application-ruinventorylist-display-component---Master--smartTableRuInventoryList-header-inner\"]"}
RESULT: {"using":"xpath","value":"//span[@id=\"application-ruinventorylist-display-component---Master--smartTableRuInventoryList-header-inner\"]"}
COMMAND: POST /session/a25f034dab13e07f92a88167585c034b/execute/sync - {"script":"<script> [56 bytes]","args":[{"element-6066-11e4-a52e-4f735466cecf":"f.7B06FBE6B2D8891648293552B7C1D2EE.d.616E0BCD4502D8B43A52409B441156A6.e.844","ELEMENT":"f.7B06FBE6B2D8891648293552B7C1D2EE.d.616E0BCD4502D8B43A52409B441156A6.e.844"}]}
RESULT: {"script":"<script> [56 bytes]","args":[{"element-6066-11e4-a52e-4f735466cecf":"f.7B06FBE6B2D8891648293552B7C1D2EE.d.616E0BCD4502D8B43A52409B441156A6.e.844","ELEMENT":"f.7B06FBE6B2D8891648293552B7C1D2EE.d.616E0BCD4502D8B43A52409B441156A6.e.844"}]}
COMMAND: POST /session/a25f034dab13e07f92a88167585c034b/element - {"using":"xpath","value":"//table[contains(@id, \"application-ruinventorylist-display-component---Master--tableRuInventoryList-listUl\")]/tbody/tr[1]/td[6]/div/span"}
COMMAND: GET /session/a25f034dab13e07f92a88167585c034b/screenshot - {}
RESULT: {"using":"xpath","value":"//table[contains(@id, \"application-ruinventorylist-display-component---Master--tableRuInventoryList-listUl\")]/tbody/tr[1]/td[6]/div/span"}
COMMAND: POST /session/a25f034dab13e07f92a88167585c034b/execute/sync - {"script":"<script> [56 bytes]","args":[{"element-6066-11e4-a52e-4f735466cecf":"f.7B06FBE6B2D8891648293552B7C1D2EE.d.616E0BCD4502D8B43A52409B441156A6.e.1914","ELEMENT":"f.7B06FBE6B2D8891648293552B7C1D2EE.d.616E0BCD4502D8B43A52409B441156A6.e.1914"}]}
RESULT: {}
RESULT: {"script":"<script> [56 bytes]","args":[{"element-6066-11e4-a52e-4f735466cecf":"f.7B06FBE6B2D8891648293552B7C1D2EE.d.616E0BCD4502D8B43A52409B441156A6.e.1914","ELEMENT":"f.7B06FBE6B2D8891648293552B7C1D2EE.d.616E0BCD4502D8B43A52409B441156A6.e.1914"}]}
COMMAND: POST /session/a25f034dab13e07f92a88167585c034b/element - {"using":"xpath","value":"//div[contains(@id, \"smartFilterBar-btnBasicSearch-reset\")]"}
COMMAND: GET /session/a25f034dab13e07f92a88167585c034b/screenshot - {}
RESULT: {"using":"xpath","value":"//div[contains(@id, \"smartFilterBar-btnBasicSearch-reset\")]"}
COMMAND: POST /session/a25f034dab13e07f92a88167585c034b/element/f.7B06FBE6B2D8891648293552B7C1D2EE.d.616E0BCD4502D8B43A52409B441156A6.e.862/click - {}
RESULT: {}
RESULT: {}
COMMAND: GET /session/a25f034dab13e07f92a88167585c034b/screenshot - {}
RESULT: {}
COMMAND: POST /session/a25f034dab13e07f92a88167585c034b/element - {"using":"css selector","value":"#shell-header-logo"}
RESULT: {"using":"css selector","value":"#shell-header-logo"}
COMMAND: POST /session/a25f034dab13e07f92a88167585c034b/element/f.7B06FBE6B2D8891648293552B7C1D2EE.d.616E0BCD4502D8B43A52409B441156A6.e.260/click - {}
RESULT: {}
COMMAND: GET /session/a25f034dab13e07f92a88167585c034b/screenshot - {}
RESULT: {}
]]></system-out>
    </testcase>
    <testcase classname="chrome.136_0_7103_93.windows.RU_Inventory_Mass_State_Change_Multiple_Items_US151066" name="Prerequisite Step 2 Should create a new equipment" time="135.458">
      <system-out><![CDATA[
COMMAND: POST /session/a25f034dab13e07f92a88167585c034b/execute/async - {"script":"<script> [1562 bytes]","args":[{"selector":{"controlType":"sap.m.GenericTile","properties":{"header":"Manage Resources"}},"wdio_ui5_key":"sapm.GenericTile{\"header\":\"Manage Resources\"}"}]}
RESULT: {"script":"<script> [1562 bytes]","args":[{"selector":{"controlType":"sap.m.GenericTile","properties":{"header":"Manage Resources"}},"wdio_ui5_key":"sapm.GenericTile{\"header\":\"Manage Resources\"}"}]}
RESULT: undefined
COMMAND: POST /session/a25f034dab13e07f92a88167585c034b/element - {"using":"xpath","value":"//*[@id=\"__tile39\"]"}
RESULT: {"using":"xpath","value":"//*[@id=\"__tile39\"]"}
COMMAND: POST /session/a25f034dab13e07f92a88167585c034b/element/f.7B06FBE6B2D8891648293552B7C1D2EE.d.616E0BCD4502D8B43A52409B441156A6.e.144/click - {}
RESULT: {}
COMMAND: GET /session/a25f034dab13e07f92a88167585c034b/screenshot - {}
RESULT: {}
COMMAND: POST /session/a25f034dab13e07f92a88167585c034b/elements - {"using":"xpath","value":"//span[text()='Error']"}
RESULT: {"using":"xpath","value":"//span[text()='Error']"}
COMMAND: POST /session/a25f034dab13e07f92a88167585c034b/element - {"using":"xpath","value":"//button[@data-kt=\"addNewRUOverflowToolbarButton\"]"}
RESULT: {"using":"xpath","value":"//button[@data-kt=\"addNewRUOverflowToolbarButton\"]"}
COMMAND: POST /session/a25f034dab13e07f92a88167585c034b/elements - {"using":"xpath","value":"//button[@data-kt=\"addNewRUOverflowToolbarButton\"]"}
RESULT: {"using":"xpath","value":"//button[@data-kt=\"addNewRUOverflowToolbarButton\"]"}
COMMAND: POST /session/a25f034dab13e07f92a88167585c034b/execute/sync - {"script":"<script> [8489 bytes]","args":[{"element-6066-11e4-a52e-4f735466cecf":"f.7B06FBE6B2D8891648293552B7C1D2EE.d.616E0BCD4502D8B43A52409B441156A6.e.2028","ELEMENT":"f.7B06FBE6B2D8891648293552B7C1D2EE.d.616E0BCD4502D8B43A52409B441156A6.e.2028"}]}
RESULT: {"script":"<script> [8489 bytes]","args":[{"element-6066-11e4-a52e-4f735466cecf":"f.7B06FBE6B2D8891648293552B7C1D2EE.d.616E0BCD4502D8B43A52409B441156A6.e.2028","ELEMENT":"f.7B06FBE6B2D8891648293552B7C1D2EE.d.616E0BCD4502D8B43A52409B441156A6.e.2028"}]}
COMMAND: GET /session/a25f034dab13e07f92a88167585c034b/element/f.7B06FBE6B2D8891648293552B7C1D2EE.d.616E0BCD4502D8B43A52409B441156A6.e.2028/enabled - {}
COMMAND: GET /session/a25f034dab13e07f92a88167585c034b/screenshot - {}
RESULT: {}
COMMAND: POST /session/a25f034dab13e07f92a88167585c034b/execute/sync - {"script":"<script> [8489 bytes]","args":[{"element-6066-11e4-a52e-4f735466cecf":"f.7B06FBE6B2D8891648293552B7C1D2EE.d.616E0BCD4502D8B43A52409B441156A6.e.2028","ELEMENT":"f.7B06FBE6B2D8891648293552B7C1D2EE.d.616E0BCD4502D8B43A52409B441156A6.e.2028"}]}
COMMAND: GET /session/a25f034dab13e07f92a88167585c034b/screenshot - {}
RESULT: {}
RESULT: {"script":"<script> [8489 bytes]","args":[{"element-6066-11e4-a52e-4f735466cecf":"f.7B06FBE6B2D8891648293552B7C1D2EE.d.616E0BCD4502D8B43A52409B441156A6.e.2028","ELEMENT":"f.7B06FBE6B2D8891648293552B7C1D2EE.d.616E0BCD4502D8B43A52409B441156A6.e.2028"}]}
COMMAND: POST /session/a25f034dab13e07f92a88167585c034b/execute/sync - {"script":"<script> [5351 bytes]","args":[{"element-6066-11e4-a52e-4f735466cecf":"f.7B06FBE6B2D8891648293552B7C1D2EE.d.616E0BCD4502D8B43A52409B441156A6.e.2028","ELEMENT":"f.7B06FBE6B2D8891648293552B7C1D2EE.d.616E0BCD4502D8B43A52409B441156A6.e.2028"}]}
COMMAND: GET /session/a25f034dab13e07f92a88167585c034b/screenshot - {}
RESULT: {}
RESULT: {"script":"<script> [5351 bytes]","args":[{"element-6066-11e4-a52e-4f735466cecf":"f.7B06FBE6B2D8891648293552B7C1D2EE.d.616E0BCD4502D8B43A52409B441156A6.e.2028","ELEMENT":"f.7B06FBE6B2D8891648293552B7C1D2EE.d.616E0BCD4502D8B43A52409B441156A6.e.2028"}]}
COMMAND: POST /session/a25f034dab13e07f92a88167585c034b/element/f.7B06FBE6B2D8891648293552B7C1D2EE.d.616E0BCD4502D8B43A52409B441156A6.e.2028/click - {}
COMMAND: GET /session/a25f034dab13e07f92a88167585c034b/screenshot - {}
RESULT: {}
RESULT: {}
COMMAND: GET /session/a25f034dab13e07f92a88167585c034b/screenshot - {}
RESULT: {}
RESULT: {}
COMMAND: POST /session/a25f034dab13e07f92a88167585c034b/execute/async - {"script":"<script> [1562 bytes]","args":[{"selector":{"id":"application-manageresources-display-component---newResourceUnit--TYPE-arrow"},"wdio_ui5_key":"applicationmanageresources-display-component---newResourceUnit--TYPE-arrow"}]}
RESULT: {"script":"<script> [1562 bytes]","args":[{"selector":{"id":"application-manageresources-display-component---newResourceUnit--TYPE-arrow"},"wdio_ui5_key":"applicationmanageresources-display-component---newResourceUnit--TYPE-arrow"}]}
RESULT: undefined
COMMAND: POST /session/a25f034dab13e07f92a88167585c034b/element - {"using":"xpath","value":"//*[@id=\"application-manageresources-display-component---newResourceUnit--TYPE-arrow\"]"}
RESULT: {"using":"xpath","value":"//*[@id=\"application-manageresources-display-component---newResourceUnit--TYPE-arrow\"]"}
COMMAND: POST /session/a25f034dab13e07f92a88167585c034b/element/f.7B06FBE6B2D8891648293552B7C1D2EE.d.616E0BCD4502D8B43A52409B441156A6.e.2376/click - {}
RESULT: {}
COMMAND: POST /session/a25f034dab13e07f92a88167585c034b/element - {"using":"xpath","value":"//input[@id=\"application-manageresources-display-component---newResourceUnit--TYPE-inner\"]"}
COMMAND: GET /session/a25f034dab13e07f92a88167585c034b/screenshot - {}
RESULT: {"using":"xpath","value":"//input[@id=\"application-manageresources-display-component---newResourceUnit--TYPE-inner\"]"}
COMMAND: POST /session/a25f034dab13e07f92a88167585c034b/element/f.7B06FBE6B2D8891648293552B7C1D2EE.d.616E0BCD4502D8B43A52409B441156A6.e.2369/clear - {}
RESULT: {}
RESULT: {}
COMMAND: POST /session/a25f034dab13e07f92a88167585c034b/element/f.7B06FBE6B2D8891648293552B7C1D2EE.d.616E0BCD4502D8B43A52409B441156A6.e.2369/value - {"text":"Equipment"}
COMMAND: GET /session/a25f034dab13e07f92a88167585c034b/screenshot - {}
RESULT: {"text":"Equipment"}
COMMAND: GET /session/a25f034dab13e07f92a88167585c034b/screenshot - {}
RESULT: {}
RESULT: {}
COMMAND: POST /session/a25f034dab13e07f92a88167585c034b/actions - {"actions":[{"id":"action11","type":"key","parameters":{},"actions":[{"type":"keyDown","value":""},{"type":"pause","duration":10},{"type":"keyUp","value":""}]}]}
RESULT: {"actions":[{"id":"action11","type":"key","parameters":{},"actions":[{"type":"keyDown","value":""},{"type":"pause","duration":10},{"type":"keyUp","value":""}]}]}
COMMAND: POST /session/a25f034dab13e07f92a88167585c034b/execute/async - {"script":"<script> [1562 bytes]","args":[{"selector":{"id":"application-manageresources-display-component---newResourceUnit--resourceId","interaction":{"idSuffix":"inner"}},"wdio_ui5_key":"applicationmanageresources-display-component---newResourceUnit--resourceId"}]}
COMMAND: GET /session/a25f034dab13e07f92a88167585c034b/screenshot - {}
RESULT: {"script":"<script> [1562 bytes]","args":[{"selector":{"id":"application-manageresources-display-component---newResourceUnit--resourceId","interaction":{"idSuffix":"inner"}},"wdio_ui5_key":"applicationmanageresources-display-component---newResourceUnit--resourceId"}]}
RESULT: undefined
COMMAND: POST /session/a25f034dab13e07f92a88167585c034b/execute/async - {"script":"<script> [776 bytes]","args":[{"enterText":"PSY5Cc8krJ","selector":{"id":"application-manageresources-display-component---newResourceUnit--resourceId","interaction":{"idSuffix":"inner"}},"clearTextFirst":true,"interactionType":"ENTER_TEXT"}]}
RESULT: {}
RESULT: {"script":"<script> [776 bytes]","args":[{"enterText":"PSY5Cc8krJ","selector":{"id":"application-manageresources-display-component---newResourceUnit--resourceId","interaction":{"idSuffix":"inner"}},"clearTextFirst":true,"interactionType":"ENTER_TEXT"}]}
COMMAND: POST /session/a25f034dab13e07f92a88167585c034b/execute/async - {"script":"<script> [1562 bytes]","args":[{"selector":{"id":"application-manageresources-display-component---newResourceUnit--SHORT_TEXT","interaction":{"idSuffix":"inner"}},"wdio_ui5_key":"applicationmanageresources-display-component---newResourceUnit--SHORT_TEXT"}]}
RESULT: {"script":"<script> [1562 bytes]","args":[{"selector":{"id":"application-manageresources-display-component---newResourceUnit--SHORT_TEXT","interaction":{"idSuffix":"inner"}},"wdio_ui5_key":"applicationmanageresources-display-component---newResourceUnit--SHORT_TEXT"}]}
RESULT: undefined
COMMAND: POST /session/a25f034dab13e07f92a88167585c034b/execute/async - {"script":"<script> [776 bytes]","args":[{"enterText":"Intercompany Equipment WDIO","selector":{"id":"application-manageresources-display-component---newResourceUnit--SHORT_TEXT","interaction":{"idSuffix":"inner"}},"clearTextFirst":true,"interactionType":"ENTER_TEXT"}]}
RESULT: {"script":"<script> [776 bytes]","args":[{"enterText":"Intercompany Equipment WDIO","selector":{"id":"application-manageresources-display-component---newResourceUnit--SHORT_TEXT","interaction":{"idSuffix":"inner"}},"clearTextFirst":true,"interactionType":"ENTER_TEXT"}]}
COMMAND: POST /session/a25f034dab13e07f92a88167585c034b/execute/async - {"script":"<script> [1562 bytes]","args":[{"selector":{"id":"application-manageresources-display-component---newResourceUnit--BASE_UNIT_OF_MEASURE","interaction":{"idSuffix":"inner"}},"wdio_ui5_key":"applicationmanageresources-display-component---newResourceUnit--BASE_UNIT_OF_MEASURE"}]}
RESULT: {"script":"<script> [1562 bytes]","args":[{"selector":{"id":"application-manageresources-display-component---newResourceUnit--BASE_UNIT_OF_MEASURE","interaction":{"idSuffix":"inner"}},"wdio_ui5_key":"applicationmanageresources-display-component---newResourceUnit--BASE_UNIT_OF_MEASURE"}]}
RESULT: undefined
COMMAND: POST /session/a25f034dab13e07f92a88167585c034b/execute/async - {"script":"<script> [776 bytes]","args":[{"enterText":"Piece","selector":{"id":"application-manageresources-display-component---newResourceUnit--BASE_UNIT_OF_MEASURE","interaction":{"idSuffix":"inner"}},"clearTextFirst":true,"interactionType":"ENTER_TEXT"}]}
RESULT: {"script":"<script> [776 bytes]","args":[{"enterText":"Piece","selector":{"id":"application-manageresources-display-component---newResourceUnit--BASE_UNIT_OF_MEASURE","interaction":{"idSuffix":"inner"}},"clearTextFirst":true,"interactionType":"ENTER_TEXT"}]}
COMMAND: POST /session/a25f034dab13e07f92a88167585c034b/execute/async - {"script":"<script> [1562 bytes]","args":[{"selector":{"id":"application-manageresources-display-component---newResourceUnit--WEIGHT_UNIT","interaction":{"idSuffix":"inner"}},"wdio_ui5_key":"applicationmanageresources-display-component---newResourceUnit--WEIGHT_UNIT"}]}
RESULT: {"script":"<script> [1562 bytes]","args":[{"selector":{"id":"application-manageresources-display-component---newResourceUnit--WEIGHT_UNIT","interaction":{"idSuffix":"inner"}},"wdio_ui5_key":"applicationmanageresources-display-component---newResourceUnit--WEIGHT_UNIT"}]}
RESULT: undefined
COMMAND: POST /session/a25f034dab13e07f92a88167585c034b/execute/async - {"script":"<script> [776 bytes]","args":[{"enterText":"Gram","selector":{"id":"application-manageresources-display-component---newResourceUnit--WEIGHT_UNIT","interaction":{"idSuffix":"inner"}},"clearTextFirst":true,"interactionType":"ENTER_TEXT"}]}
RESULT: {"script":"<script> [776 bytes]","args":[{"enterText":"Gram","selector":{"id":"application-manageresources-display-component---newResourceUnit--WEIGHT_UNIT","interaction":{"idSuffix":"inner"}},"clearTextFirst":true,"interactionType":"ENTER_TEXT"}]}
COMMAND: POST /session/a25f034dab13e07f92a88167585c034b/execute/async - {"script":"<script> [1562 bytes]","args":[{"selector":{"id":"application-manageresources-display-component---newResourceUnit--DIMENSION_UNIT","interaction":{"idSuffix":"inner"}},"wdio_ui5_key":"applicationmanageresources-display-component---newResourceUnit--DIMENSION_UNIT"}]}
RESULT: {"script":"<script> [1562 bytes]","args":[{"selector":{"id":"application-manageresources-display-component---newResourceUnit--DIMENSION_UNIT","interaction":{"idSuffix":"inner"}},"wdio_ui5_key":"applicationmanageresources-display-component---newResourceUnit--DIMENSION_UNIT"}]}
RESULT: undefined
COMMAND: POST /session/a25f034dab13e07f92a88167585c034b/execute/async - {"script":"<script> [776 bytes]","args":[{"enterText":"Meter","selector":{"id":"application-manageresources-display-component---newResourceUnit--DIMENSION_UNIT","interaction":{"idSuffix":"inner"}},"clearTextFirst":true,"interactionType":"ENTER_TEXT"}]}
RESULT: {"script":"<script> [776 bytes]","args":[{"enterText":"Meter","selector":{"id":"application-manageresources-display-component---newResourceUnit--DIMENSION_UNIT","interaction":{"idSuffix":"inner"}},"clearTextFirst":true,"interactionType":"ENTER_TEXT"}]}
COMMAND: POST /session/a25f034dab13e07f92a88167585c034b/execute/async - {"script":"<script> [1562 bytes]","args":[{"selector":{"id":"application-manageresources-display-component---newResourceUnit--newRRUPage-anchBar-application-manageresources-display-component---newResourceUnit--control-anchor","interaction":{"idSuffix":"BDI-content"}},"wdio_ui5_key":"applicationmanageresources-display-component---newResourceUnit--newRRUPage-anchBar-application-manageresources-display-component---newResourceUnit--control-anchor"}]}
RESULT: {"script":"<script> [1562 bytes]","args":[{"selector":{"id":"application-manageresources-display-component---newResourceUnit--newRRUPage-anchBar-application-manageresources-display-component---newResourceUnit--control-anchor","interaction":{"idSuffix":"BDI-content"}},"wdio_ui5_key":"applicationmanageresources-display-component---newResourceUnit--newRRUPage-anchBar-application-manageresources-display-component---newResourceUnit--control-anchor"}]}
RESULT: undefined
COMMAND: POST /session/a25f034dab13e07f92a88167585c034b/element - {"using":"xpath","value":"//*[@id=\"application-manageresources-display-component---newResourceUnit--newRRUPage-anchBar-application-manageresources-display-component---newResourceUnit--control-anchor\"]"}
RESULT: {"using":"xpath","value":"//*[@id=\"application-manageresources-display-component---newResourceUnit--newRRUPage-anchBar-application-manageresources-display-component---newResourceUnit--control-anchor\"]"}
COMMAND: POST /session/a25f034dab13e07f92a88167585c034b/element/f.7B06FBE6B2D8891648293552B7C1D2EE.d.616E0BCD4502D8B43A52409B441156A6.e.2536/click - {}
RESULT: {}
COMMAND: POST /session/a25f034dab13e07f92a88167585c034b/execute/async - {"script":"<script> [1562 bytes]","args":[{"selector":{"id":"application-manageresources-display-component---newResourceUnit--PLANNING_GROUP","interaction":{"idSuffix":"inner"}},"wdio_ui5_key":"applicationmanageresources-display-component---newResourceUnit--PLANNING_GROUP"}]}
COMMAND: GET /session/a25f034dab13e07f92a88167585c034b/screenshot - {}
RESULT: {"script":"<script> [1562 bytes]","args":[{"selector":{"id":"application-manageresources-display-component---newResourceUnit--PLANNING_GROUP","interaction":{"idSuffix":"inner"}},"wdio_ui5_key":"applicationmanageresources-display-component---newResourceUnit--PLANNING_GROUP"}]}
RESULT: undefined
COMMAND: POST /session/a25f034dab13e07f92a88167585c034b/execute/async - {"script":"<script> [776 bytes]","args":[{"enterText":"Heavy Equi","selector":{"id":"application-manageresources-display-component---newResourceUnit--PLANNING_GROUP","interaction":{"idSuffix":"inner"}},"clearTextFirst":true,"interactionType":"ENTER_TEXT"}]}
RESULT: {}
RESULT: {"script":"<script> [776 bytes]","args":[{"enterText":"Heavy Equi","selector":{"id":"application-manageresources-display-component---newResourceUnit--PLANNING_GROUP","interaction":{"idSuffix":"inner"}},"clearTextFirst":true,"interactionType":"ENTER_TEXT"}]}
COMMAND: POST /session/a25f034dab13e07f92a88167585c034b/execute/async - {"script":"<script> [1562 bytes]","args":[{"selector":{"id":"application-manageresources-display-component---newResourceUnit--ITEM_TYPE-arrow"},"wdio_ui5_key":"applicationmanageresources-display-component---newResourceUnit--ITEM_TYPE-arrow"}]}
RESULT: {"script":"<script> [1562 bytes]","args":[{"selector":{"id":"application-manageresources-display-component---newResourceUnit--ITEM_TYPE-arrow"},"wdio_ui5_key":"applicationmanageresources-display-component---newResourceUnit--ITEM_TYPE-arrow"}]}
RESULT: undefined
COMMAND: POST /session/a25f034dab13e07f92a88167585c034b/element - {"using":"xpath","value":"//*[@id=\"application-manageresources-display-component---newResourceUnit--ITEM_TYPE-arrow\"]"}
RESULT: {"using":"xpath","value":"//*[@id=\"application-manageresources-display-component---newResourceUnit--ITEM_TYPE-arrow\"]"}
COMMAND: POST /session/a25f034dab13e07f92a88167585c034b/element/f.7B06FBE6B2D8891648293552B7C1D2EE.d.616E0BCD4502D8B43A52409B441156A6.e.2543/click - {}
RESULT: {}
COMMAND: POST /session/a25f034dab13e07f92a88167585c034b/element - {"using":"xpath","value":"(//span[contains(text(), \"Resource Unit\")])[2]"}
COMMAND: GET /session/a25f034dab13e07f92a88167585c034b/screenshot - {}
RESULT: {"using":"xpath","value":"(//span[contains(text(), \"Resource Unit\")])[2]"}
COMMAND: POST /session/a25f034dab13e07f92a88167585c034b/element/f.7B06FBE6B2D8891648293552B7C1D2EE.d.616E0BCD4502D8B43A52409B441156A6.e.2544/click - {}
RESULT: {}
RESULT: {}
COMMAND: GET /session/a25f034dab13e07f92a88167585c034b/screenshot - {}
RESULT: {}
COMMAND: POST /session/a25f034dab13e07f92a88167585c034b/element - {"using":"css selector","value":"#application-manageresources-display-component---newResourceUnit--btnAddTimeSegment"}
RESULT: {"using":"css selector","value":"#application-manageresources-display-component---newResourceUnit--btnAddTimeSegment"}
COMMAND: GET /session/a25f034dab13e07f92a88167585c034b/element/f.7B06FBE6B2D8891648293552B7C1D2EE.d.616E0BCD4502D8B43A52409B441156A6.e.2551/rect - {}
RESULT: {}
COMMAND: GET /session/a25f034dab13e07f92a88167585c034b/window/rect - {}
RESULT: {}
COMMAND: POST /session/a25f034dab13e07f92a88167585c034b/execute/sync - {"script":"<script> [92 bytes]","args":[]}
RESULT: {"script":"<script> [92 bytes]","args":[]}
COMMAND: POST /session/a25f034dab13e07f92a88167585c034b/actions - {"actions":[{"id":"action12","type":"wheel","parameters":{},"actions":[{"type":"scroll","x":-1888,"y":-32,"deltaX":0,"deltaY":0,"duration":0,"origin":{"element-6066-11e4-a52e-4f735466cecf":"f.7B06FBE6B2D8891648293552B7C1D2EE.d.616E0BCD4502D8B43A52409B441156A6.e.2551"}}]}]}
COMMAND: GET /session/a25f034dab13e07f92a88167585c034b/screenshot - {}
RESULT: {}
COMMAND: POST /session/a25f034dab13e07f92a88167585c034b/execute/sync - {"script":"<script> [79 bytes]","args":[{"element-6066-11e4-a52e-4f735466cecf":"f.7B06FBE6B2D8891648293552B7C1D2EE.d.616E0BCD4502D8B43A52409B441156A6.e.2551","ELEMENT":"f.7B06FBE6B2D8891648293552B7C1D2EE.d.616E0BCD4502D8B43A52409B441156A6.e.2551"},{"block":"start","inline":"nearest"}]}
RESULT: {"script":"<script> [79 bytes]","args":[{"element-6066-11e4-a52e-4f735466cecf":"f.7B06FBE6B2D8891648293552B7C1D2EE.d.616E0BCD4502D8B43A52409B441156A6.e.2551","ELEMENT":"f.7B06FBE6B2D8891648293552B7C1D2EE.d.616E0BCD4502D8B43A52409B441156A6.e.2551"},{"block":"start","inline":"nearest"}]}
COMMAND: POST /session/a25f034dab13e07f92a88167585c034b/execute/async - {"script":"<script> [1562 bytes]","args":[{"selector":{"id":"application-manageresources-display-component---newResourceUnit--btnAddTimeSegment","interaction":{"idSuffix":"inner"}},"wdio_ui5_key":"applicationmanageresources-display-component---newResourceUnit--btnAddTimeSegment"}]}
COMMAND: GET /session/a25f034dab13e07f92a88167585c034b/screenshot - {}
RESULT: {"script":"<script> [1562 bytes]","args":[{"selector":{"id":"application-manageresources-display-component---newResourceUnit--btnAddTimeSegment","interaction":{"idSuffix":"inner"}},"wdio_ui5_key":"applicationmanageresources-display-component---newResourceUnit--btnAddTimeSegment"}]}
RESULT: undefined
COMMAND: POST /session/a25f034dab13e07f92a88167585c034b/element - {"using":"xpath","value":"//*[@id=\"application-manageresources-display-component---newResourceUnit--btnAddTimeSegment\"]"}
RESULT: {}
RESULT: {"using":"xpath","value":"//*[@id=\"application-manageresources-display-component---newResourceUnit--btnAddTimeSegment\"]"}
COMMAND: POST /session/a25f034dab13e07f92a88167585c034b/element/f.7B06FBE6B2D8891648293552B7C1D2EE.d.616E0BCD4502D8B43A52409B441156A6.e.2551/click - {}
RESULT: {}
COMMAND: GET /session/a25f034dab13e07f92a88167585c034b/screenshot - {}
RESULT: {}
COMMAND: POST /session/a25f034dab13e07f92a88167585c034b/element - {"using":"xpath","value":"//input[@id=\"application-manageresources-display-component---newResourceUnit--idRuTSAdmin-application-manageresources-display-component---newResourceUnit--RUTimeSegment-0-inner\"]"}
RESULT: {"using":"xpath","value":"//input[@id=\"application-manageresources-display-component---newResourceUnit--idRuTSAdmin-application-manageresources-display-component---newResourceUnit--RUTimeSegment-0-inner\"]"}
COMMAND: POST /session/a25f034dab13e07f92a88167585c034b/element/f.7B06FBE6B2D8891648293552B7C1D2EE.d.616E0BCD4502D8B43A52409B441156A6.e.2557/clear - {}
RESULT: {}
COMMAND: POST /session/a25f034dab13e07f92a88167585c034b/element/f.7B06FBE6B2D8891648293552B7C1D2EE.d.616E0BCD4502D8B43A52409B441156A6.e.2557/value - {"text":"109"}
COMMAND: GET /session/a25f034dab13e07f92a88167585c034b/screenshot - {}
RESULT: {"text":"109"}
COMMAND: GET /session/a25f034dab13e07f92a88167585c034b/screenshot - {}
RESULT: {}
RESULT: {}
COMMAND: POST /session/a25f034dab13e07f92a88167585c034b/element - {"using":"xpath","value":"//li[.//span[text()='109']]"}
RESULT: {"using":"xpath","value":"//li[.//span[text()='109']]"}
COMMAND: POST /session/a25f034dab13e07f92a88167585c034b/element/f.7B06FBE6B2D8891648293552B7C1D2EE.d.616E0BCD4502D8B43A52409B441156A6.e.2569/click - {}
RESULT: {}
COMMAND: GET /session/a25f034dab13e07f92a88167585c034b/screenshot - {}
RESULT: {}
COMMAND: POST /session/a25f034dab13e07f92a88167585c034b/element - {"using":"xpath","value":"(//span[contains(@id, \"-application-manageresources-display-component---newResourceUnit--RUTimeSegment-0-arrow\")])[6]"}
RESULT: {"using":"xpath","value":"(//span[contains(@id, \"-application-manageresources-display-component---newResourceUnit--RUTimeSegment-0-arrow\")])[6]"}
COMMAND: POST /session/a25f034dab13e07f92a88167585c034b/element/f.7B06FBE6B2D8891648293552B7C1D2EE.d.616E0BCD4502D8B43A52409B441156A6.e.2570/click - {}
RESULT: {}
COMMAND: GET /session/a25f034dab13e07f92a88167585c034b/screenshot - {}
RESULT: {}
COMMAND: POST /session/a25f034dab13e07f92a88167585c034b/element - {"using":"xpath","value":"//span[contains(text(), \"PM Order\")]"}
RESULT: {"using":"xpath","value":"//span[contains(text(), \"PM Order\")]"}
COMMAND: POST /session/a25f034dab13e07f92a88167585c034b/element/f.7B06FBE6B2D8891648293552B7C1D2EE.d.616E0BCD4502D8B43A52409B441156A6.e.2573/click - {}
RESULT: {}
COMMAND: GET /session/a25f034dab13e07f92a88167585c034b/screenshot - {}
RESULT: {}
COMMAND: POST /session/a25f034dab13e07f92a88167585c034b/element - {"using":"xpath","value":"(//span[contains(@id ,\"manageresources-display-component---newResourceUnit--RUTimeSegment-0-vhi\")])[1]"}
RESULT: {"using":"xpath","value":"(//span[contains(@id ,\"manageresources-display-component---newResourceUnit--RUTimeSegment-0-vhi\")])[1]"}
COMMAND: GET /session/a25f034dab13e07f92a88167585c034b/element/f.7B06FBE6B2D8891648293552B7C1D2EE.d.616E0BCD4502D8B43A52409B441156A6.e.2577/rect - {}
RESULT: {}
COMMAND: GET /session/a25f034dab13e07f92a88167585c034b/window/rect - {}
RESULT: {}
COMMAND: POST /session/a25f034dab13e07f92a88167585c034b/execute/sync - {"script":"<script> [92 bytes]","args":[]}
RESULT: {"script":"<script> [92 bytes]","args":[]}
COMMAND: POST /session/a25f034dab13e07f92a88167585c034b/actions - {"actions":[{"id":"action13","type":"wheel","parameters":{},"actions":[{"type":"scroll","x":-869,"y":-24,"deltaX":0,"deltaY":0,"duration":0,"origin":{"element-6066-11e4-a52e-4f735466cecf":"f.7B06FBE6B2D8891648293552B7C1D2EE.d.616E0BCD4502D8B43A52409B441156A6.e.2577"}}]}]}
COMMAND: GET /session/a25f034dab13e07f92a88167585c034b/screenshot - {}
RESULT: {"actions":[{"id":"action13","type":"wheel","parameters":{},"actions":[{"type":"scroll","x":-869,"y":-24,"deltaX":0,"deltaY":0,"duration":0,"origin":{"element-6066-11e4-a52e-4f735466cecf":"f.7B06FBE6B2D8891648293552B7C1D2EE.d.616E0BCD4502D8B43A52409B441156A6.e.2577"}}]}]}
COMMAND: DELETE /session/a25f034dab13e07f92a88167585c034b/actions - {}
COMMAND: GET /session/a25f034dab13e07f92a88167585c034b/screenshot - {}
RESULT: {}
RESULT: {}
COMMAND: GET /session/a25f034dab13e07f92a88167585c034b/screenshot - {}
RESULT: {}
RESULT: {}
COMMAND: POST /session/a25f034dab13e07f92a88167585c034b/element/f.7B06FBE6B2D8891648293552B7C1D2EE.d.616E0BCD4502D8B43A52409B441156A6.e.2577/click - {}
RESULT: {}
COMMAND: GET /session/a25f034dab13e07f92a88167585c034b/screenshot - {}
RESULT: {}
COMMAND: POST /session/a25f034dab13e07f92a88167585c034b/execute/async - {"script":"<script> [1562 bytes]","args":[{"selector":{"controlType":"sap.m.SearchField","properties":{"placeholder":"Search"},"searchOpenDialogs":true,"interaction":{"idSuffix":"I"}},"wdio_ui5_key":"sapm.SearchField{\"placeholder\":\"Search\"}"}]}
RESULT: {"script":"<script> [1562 bytes]","args":[{"selector":{"controlType":"sap.m.SearchField","properties":{"placeholder":"Search"},"searchOpenDialogs":true,"interaction":{"idSuffix":"I"}},"wdio_ui5_key":"sapm.SearchField{\"placeholder\":\"Search\"}"}]}
RESULT: undefined
COMMAND: POST /session/a25f034dab13e07f92a88167585c034b/execute/async - {"script":"<script> [776 bytes]","args":[{"enterText":"4000360","selector":{"controlType":"sap.m.SearchField","properties":{"placeholder":"Search"},"searchOpenDialogs":true,"interaction":{"idSuffix":"I"}},"clearTextFirst":true,"interactionType":"ENTER_TEXT"}]}
RESULT: {"script":"<script> [776 bytes]","args":[{"enterText":"4000360","selector":{"controlType":"sap.m.SearchField","properties":{"placeholder":"Search"},"searchOpenDialogs":true,"interaction":{"idSuffix":"I"}},"clearTextFirst":true,"interactionType":"ENTER_TEXT"}]}
COMMAND: POST /session/a25f034dab13e07f92a88167585c034b/actions - {"actions":[{"id":"action14","type":"key","parameters":{},"actions":[{"type":"keyDown","value":""},{"type":"pause","duration":10},{"type":"keyUp","value":""}]}]}
RESULT: {"actions":[{"id":"action14","type":"key","parameters":{},"actions":[{"type":"keyDown","value":""},{"type":"pause","duration":10},{"type":"keyUp","value":""}]}]}
COMMAND: GET /session/a25f034dab13e07f92a88167585c034b/screenshot - {}
RESULT: {}
COMMAND: POST /session/a25f034dab13e07f92a88167585c034b/element - {"using":"xpath","value":"//td/div/span[contains(text(), \"BGL Vehicles\")]"}
RESULT: {"using":"xpath","value":"//td/div/span[contains(text(), \"BGL Vehicles\")]"}
COMMAND: POST /session/a25f034dab13e07f92a88167585c034b/element/f.7B06FBE6B2D8891648293552B7C1D2EE.d.616E0BCD4502D8B43A52409B441156A6.e.2597/click - {}
RESULT: {}
COMMAND: GET /session/a25f034dab13e07f92a88167585c034b/screenshot - {}
RESULT: {}
COMMAND: POST /session/a25f034dab13e07f92a88167585c034b/element - {"using":"xpath","value":"//bdi[contains(text(), \"OK\")]"}
RESULT: {"using":"xpath","value":"//bdi[contains(text(), \"OK\")]"}
COMMAND: POST /session/a25f034dab13e07f92a88167585c034b/element/f.7B06FBE6B2D8891648293552B7C1D2EE.d.616E0BCD4502D8B43A52409B441156A6.e.2598/click - {}
RESULT: {}
COMMAND: GET /session/a25f034dab13e07f92a88167585c034b/screenshot - {}
RESULT: {}
COMMAND: POST /session/a25f034dab13e07f92a88167585c034b/execute/async - {"script":"<script> [1562 bytes]","args":[{"selector":{"id":"application-manageresources-display-component---newResourceUnit--newRRUPage-anchBar-application-manageresources-display-component---newResourceUnit--resource-anchor","interaction":{"idSuffix":"BDI-content"}},"wdio_ui5_key":"applicationmanageresources-display-component---newResourceUnit--newRRUPage-anchBar-application-manageresources-display-component---newResourceUnit--resource-anchor"}]}
RESULT: {"script":"<script> [1562 bytes]","args":[{"selector":{"id":"application-manageresources-display-component---newResourceUnit--newRRUPage-anchBar-application-manageresources-display-component---newResourceUnit--resource-anchor","interaction":{"idSuffix":"BDI-content"}},"wdio_ui5_key":"applicationmanageresources-display-component---newResourceUnit--newRRUPage-anchBar-application-manageresources-display-component---newResourceUnit--resource-anchor"}]}
RESULT: undefined
COMMAND: POST /session/a25f034dab13e07f92a88167585c034b/element - {"using":"xpath","value":"//*[@id=\"application-manageresources-display-component---newResourceUnit--newRRUPage-anchBar-application-manageresources-display-component---newResourceUnit--resource-anchor\"]"}
RESULT: {"using":"xpath","value":"//*[@id=\"application-manageresources-display-component---newResourceUnit--newRRUPage-anchBar-application-manageresources-display-component---newResourceUnit--resource-anchor\"]"}
COMMAND: POST /session/a25f034dab13e07f92a88167585c034b/element/f.7B06FBE6B2D8891648293552B7C1D2EE.d.616E0BCD4502D8B43A52409B441156A6.e.2602/click - {}
RESULT: {}
COMMAND: POST /session/a25f034dab13e07f92a88167585c034b/execute/async - {"script":"<script> [1562 bytes]","args":[{"selector":{"id":"application-manageresources-display-component---newResourceUnit--PLANNED_DELIVERY_DATE","interaction":{"idSuffix":"inner"}},"wdio_ui5_key":"applicationmanageresources-display-component---newResourceUnit--PLANNED_DELIVERY_DATE"}]}
COMMAND: GET /session/a25f034dab13e07f92a88167585c034b/screenshot - {}
RESULT: {"script":"<script> [1562 bytes]","args":[{"selector":{"id":"application-manageresources-display-component---newResourceUnit--PLANNED_DELIVERY_DATE","interaction":{"idSuffix":"inner"}},"wdio_ui5_key":"applicationmanageresources-display-component---newResourceUnit--PLANNED_DELIVERY_DATE"}]}
RESULT: undefined
COMMAND: POST /session/a25f034dab13e07f92a88167585c034b/execute/async - {"script":"<script> [6424 bytes]","args":[{"element-6066-11e4-a52e-4f735466cecf":"f.7B06FBE6B2D8891648293552B7C1D2EE.d.616E0BCD4502D8B43A52409B441156A6.e.2435"},"setValue",["5/25/25"]]}
RESULT: {}
RESULT: {"script":"<script> [6424 bytes]","args":[{"element-6066-11e4-a52e-4f735466cecf":"f.7B06FBE6B2D8891648293552B7C1D2EE.d.616E0BCD4502D8B43A52409B441156A6.e.2435"},"setValue",["5/25/25"]]}
COMMAND: POST /session/a25f034dab13e07f92a88167585c034b/element - {"using":"xpath","value":"//label[contains(@class, 'sapMLabelRequired') and .//bdi[contains(text(), 'Planned Retirement')]]"}
RESULT: {"using":"xpath","value":"//label[contains(@class, 'sapMLabelRequired') and .//bdi[contains(text(), 'Planned Retirement')]]"}
COMMAND: POST /session/a25f034dab13e07f92a88167585c034b/elements - {"using":"xpath","value":"//label[contains(@class, 'sapMLabelRequired') and .//bdi[contains(text(), 'Planned Retirement')]]"}
RESULT: {"using":"xpath","value":"//label[contains(@class, 'sapMLabelRequired') and .//bdi[contains(text(), 'Planned Retirement')]]"}
COMMAND: POST /session/a25f034dab13e07f92a88167585c034b/element - {"using":"xpath","value":"//button[@data-kt=\"resourceUnitSaveButton\"]"}
RESULT: {"using":"xpath","value":"//button[@data-kt=\"resourceUnitSaveButton\"]"}
COMMAND: POST /session/a25f034dab13e07f92a88167585c034b/element/f.7B06FBE6B2D8891648293552B7C1D2EE.d.616E0BCD4502D8B43A52409B441156A6.e.2395/click - {}
RESULT: {}
COMMAND: GET /session/a25f034dab13e07f92a88167585c034b/screenshot - {}
RESULT: {}
COMMAND: POST /session/a25f034dab13e07f92a88167585c034b/element - {"using":"xpath","value":"//bdi[contains(text(), \"Close\")]"}
RESULT: {"using":"xpath","value":"//bdi[contains(text(), \"Close\")]"}
COMMAND: POST /session/a25f034dab13e07f92a88167585c034b/element/f.7B06FBE6B2D8891648293552B7C1D2EE.d.616E0BCD4502D8B43A52409B441156A6.e.2610/click - {}
RESULT: {}
COMMAND: GET /session/a25f034dab13e07f92a88167585c034b/screenshot - {}
RESULT: {}
COMMAND: POST /session/a25f034dab13e07f92a88167585c034b/element - {"using":"xpath","value":"(//button[contains(@id ,\"actionsToolbar-overflowButton\")])[1]"}
RESULT: {"using":"xpath","value":"(//button[contains(@id ,\"actionsToolbar-overflowButton\")])[1]"}
COMMAND: POST /session/a25f034dab13e07f92a88167585c034b/element/f.7B06FBE6B2D8891648293552B7C1D2EE.d.616E0BCD4502D8B43A52409B441156A6.e.2668/click - {}
RESULT: {}
COMMAND: GET /session/a25f034dab13e07f92a88167585c034b/screenshot - {}
RESULT: {}
COMMAND: POST /session/a25f034dab13e07f92a88167585c034b/element - {"using":"xpath","value":"//button[@data-kt=\"priceInfoButton\"]"}
RESULT: {"using":"xpath","value":"//button[@data-kt=\"priceInfoButton\"]"}
COMMAND: POST /session/a25f034dab13e07f92a88167585c034b/element/f.7B06FBE6B2D8891648293552B7C1D2EE.d.616E0BCD4502D8B43A52409B441156A6.e.2670/click - {}
RESULT: {}
COMMAND: GET /session/a25f034dab13e07f92a88167585c034b/screenshot - {}
RESULT: {}
COMMAND: POST /session/a25f034dab13e07f92a88167585c034b/element - {"using":"css selector","value":"#shell-header-logo"}
RESULT: {"using":"css selector","value":"#shell-header-logo"}
COMMAND: POST /session/a25f034dab13e07f92a88167585c034b/element/f.7B06FBE6B2D8891648293552B7C1D2EE.d.616E0BCD4502D8B43A52409B441156A6.e.1986/click - {}
RESULT: {}
COMMAND: GET /session/a25f034dab13e07f92a88167585c034b/screenshot - {}
RESULT: {}
]]></system-out>
    </testcase>
    <testcase classname="chrome.136_0_7103_93.windows.RU_Inventory_Mass_State_Change_Multiple_Items_US151066" name="Prerequisite Step 2 Should create a new material" time="103.169">
      <system-out><![CDATA[
RESULT: undefined
COMMAND: POST /session/a25f034dab13e07f92a88167585c034b/element - {"using":"xpath","value":"//*[@id=\"__tile39\"]"}
RESULT: {"using":"xpath","value":"//*[@id=\"__tile39\"]"}
COMMAND: POST /session/a25f034dab13e07f92a88167585c034b/element/f.7B06FBE6B2D8891648293552B7C1D2EE.d.616E0BCD4502D8B43A52409B441156A6.e.144/click - {}
RESULT: {}
COMMAND: GET /session/a25f034dab13e07f92a88167585c034b/screenshot - {}
RESULT: {}
COMMAND: POST /session/a25f034dab13e07f92a88167585c034b/elements - {"using":"xpath","value":"//span[text()='Error']"}
RESULT: {"using":"xpath","value":"//span[text()='Error']"}
COMMAND: POST /session/a25f034dab13e07f92a88167585c034b/element - {"using":"xpath","value":"//button[@data-kt=\"addNewRUOverflowToolbarButton\"]"}
RESULT: {"using":"xpath","value":"//button[@data-kt=\"addNewRUOverflowToolbarButton\"]"}
COMMAND: POST /session/a25f034dab13e07f92a88167585c034b/elements - {"using":"xpath","value":"//button[@data-kt=\"addNewRUOverflowToolbarButton\"]"}
RESULT: {"using":"xpath","value":"//button[@data-kt=\"addNewRUOverflowToolbarButton\"]"}
COMMAND: POST /session/a25f034dab13e07f92a88167585c034b/execute/sync - {"script":"<script> [8489 bytes]","args":[{"element-6066-11e4-a52e-4f735466cecf":"f.7B06FBE6B2D8891648293552B7C1D2EE.d.616E0BCD4502D8B43A52409B441156A6.e.2714","ELEMENT":"f.7B06FBE6B2D8891648293552B7C1D2EE.d.616E0BCD4502D8B43A52409B441156A6.e.2714"}]}
RESULT: {"script":"<script> [8489 bytes]","args":[{"element-6066-11e4-a52e-4f735466cecf":"f.7B06FBE6B2D8891648293552B7C1D2EE.d.616E0BCD4502D8B43A52409B441156A6.e.2714","ELEMENT":"f.7B06FBE6B2D8891648293552B7C1D2EE.d.616E0BCD4502D8B43A52409B441156A6.e.2714"}]}
COMMAND: GET /session/a25f034dab13e07f92a88167585c034b/element/f.7B06FBE6B2D8891648293552B7C1D2EE.d.616E0BCD4502D8B43A52409B441156A6.e.2714/enabled - {}
COMMAND: GET /session/a25f034dab13e07f92a88167585c034b/screenshot - {}
RESULT: {}
COMMAND: POST /session/a25f034dab13e07f92a88167585c034b/execute/sync - {"script":"<script> [8489 bytes]","args":[{"element-6066-11e4-a52e-4f735466cecf":"f.7B06FBE6B2D8891648293552B7C1D2EE.d.616E0BCD4502D8B43A52409B441156A6.e.2714","ELEMENT":"f.7B06FBE6B2D8891648293552B7C1D2EE.d.616E0BCD4502D8B43A52409B441156A6.e.2714"}]}
COMMAND: GET /session/a25f034dab13e07f92a88167585c034b/screenshot - {}
RESULT: {}
RESULT: {"script":"<script> [8489 bytes]","args":[{"element-6066-11e4-a52e-4f735466cecf":"f.7B06FBE6B2D8891648293552B7C1D2EE.d.616E0BCD4502D8B43A52409B441156A6.e.2714","ELEMENT":"f.7B06FBE6B2D8891648293552B7C1D2EE.d.616E0BCD4502D8B43A52409B441156A6.e.2714"}]}
COMMAND: POST /session/a25f034dab13e07f92a88167585c034b/execute/sync - {"script":"<script> [5351 bytes]","args":[{"element-6066-11e4-a52e-4f735466cecf":"f.7B06FBE6B2D8891648293552B7C1D2EE.d.616E0BCD4502D8B43A52409B441156A6.e.2714","ELEMENT":"f.7B06FBE6B2D8891648293552B7C1D2EE.d.616E0BCD4502D8B43A52409B441156A6.e.2714"}]}
COMMAND: GET /session/a25f034dab13e07f92a88167585c034b/screenshot - {}
RESULT: {}
RESULT: {"script":"<script> [5351 bytes]","args":[{"element-6066-11e4-a52e-4f735466cecf":"f.7B06FBE6B2D8891648293552B7C1D2EE.d.616E0BCD4502D8B43A52409B441156A6.e.2714","ELEMENT":"f.7B06FBE6B2D8891648293552B7C1D2EE.d.616E0BCD4502D8B43A52409B441156A6.e.2714"}]}
COMMAND: POST /session/a25f034dab13e07f92a88167585c034b/element/f.7B06FBE6B2D8891648293552B7C1D2EE.d.616E0BCD4502D8B43A52409B441156A6.e.2714/click - {}
COMMAND: GET /session/a25f034dab13e07f92a88167585c034b/screenshot - {}
RESULT: {}
RESULT: {}
COMMAND: GET /session/a25f034dab13e07f92a88167585c034b/screenshot - {}
RESULT: {}
RESULT: undefined
COMMAND: POST /session/a25f034dab13e07f92a88167585c034b/element - {"using":"xpath","value":"//*[@id=\"application-manageresources-display-component---newResourceUnit--TYPE-arrow\"]"}
RESULT: {}
RESULT: {"using":"xpath","value":"//*[@id=\"application-manageresources-display-component---newResourceUnit--TYPE-arrow\"]"}
COMMAND: POST /session/a25f034dab13e07f92a88167585c034b/element/f.7B06FBE6B2D8891648293552B7C1D2EE.d.616E0BCD4502D8B43A52409B441156A6.e.3065/click - {}
RESULT: {}
COMMAND: POST /session/a25f034dab13e07f92a88167585c034b/element - {"using":"xpath","value":"//input[@id=\"application-manageresources-display-component---newResourceUnit--TYPE-inner\"]"}
COMMAND: GET /session/a25f034dab13e07f92a88167585c034b/screenshot - {}
RESULT: {"using":"xpath","value":"//input[@id=\"application-manageresources-display-component---newResourceUnit--TYPE-inner\"]"}
COMMAND: POST /session/a25f034dab13e07f92a88167585c034b/element/f.7B06FBE6B2D8891648293552B7C1D2EE.d.616E0BCD4502D8B43A52409B441156A6.e.3052/clear - {}
RESULT: {}
RESULT: {}
COMMAND: POST /session/a25f034dab13e07f92a88167585c034b/element/f.7B06FBE6B2D8891648293552B7C1D2EE.d.616E0BCD4502D8B43A52409B441156A6.e.3052/value - {"text":"Material"}
COMMAND: GET /session/a25f034dab13e07f92a88167585c034b/screenshot - {}
RESULT: {"text":"Material"}
COMMAND: GET /session/a25f034dab13e07f92a88167585c034b/screenshot - {}
RESULT: {}
RESULT: {}
COMMAND: POST /session/a25f034dab13e07f92a88167585c034b/actions - {"actions":[{"id":"action15","type":"key","parameters":{},"actions":[{"type":"keyDown","value":""},{"type":"pause","duration":10},{"type":"keyUp","value":""}]}]}
RESULT: {"actions":[{"id":"action15","type":"key","parameters":{},"actions":[{"type":"keyDown","value":""},{"type":"pause","duration":10},{"type":"keyUp","value":""}]}]}
RESULT: undefined
COMMAND: POST /session/a25f034dab13e07f92a88167585c034b/execute/async - {"script":"<script> [776 bytes]","args":[{"enterText":"Cement WDIO","selector":{"id":"application-manageresources-display-component---newResourceUnit--SHORT_TEXT","interaction":{"idSuffix":"inner"}},"clearTextFirst":true,"interactionType":"ENTER_TEXT"}]}
COMMAND: GET /session/a25f034dab13e07f92a88167585c034b/screenshot - {}
RESULT: {"script":"<script> [776 bytes]","args":[{"enterText":"Cement WDIO","selector":{"id":"application-manageresources-display-component---newResourceUnit--SHORT_TEXT","interaction":{"idSuffix":"inner"}},"clearTextFirst":true,"interactionType":"ENTER_TEXT"}]}
RESULT: undefined
COMMAND: POST /session/a25f034dab13e07f92a88167585c034b/execute/async - {"script":"<script> [776 bytes]","args":[{"enterText":"Piece","selector":{"id":"application-manageresources-display-component---newResourceUnit--BASE_UNIT_OF_MEASURE","interaction":{"idSuffix":"inner"}},"clearTextFirst":true,"interactionType":"ENTER_TEXT"}]}
RESULT: {}
RESULT: {"script":"<script> [776 bytes]","args":[{"enterText":"Piece","selector":{"id":"application-manageresources-display-component---newResourceUnit--BASE_UNIT_OF_MEASURE","interaction":{"idSuffix":"inner"}},"clearTextFirst":true,"interactionType":"ENTER_TEXT"}]}
RESULT: undefined
COMMAND: POST /session/a25f034dab13e07f92a88167585c034b/execute/async - {"script":"<script> [776 bytes]","args":[{"enterText":"Gram","selector":{"id":"application-manageresources-display-component---newResourceUnit--WEIGHT_UNIT","interaction":{"idSuffix":"inner"}},"clearTextFirst":true,"interactionType":"ENTER_TEXT"}]}
RESULT: {"script":"<script> [776 bytes]","args":[{"enterText":"Gram","selector":{"id":"application-manageresources-display-component---newResourceUnit--WEIGHT_UNIT","interaction":{"idSuffix":"inner"}},"clearTextFirst":true,"interactionType":"ENTER_TEXT"}]}
RESULT: undefined
COMMAND: POST /session/a25f034dab13e07f92a88167585c034b/execute/async - {"script":"<script> [776 bytes]","args":[{"enterText":"Meter","selector":{"id":"application-manageresources-display-component---newResourceUnit--DIMENSION_UNIT","interaction":{"idSuffix":"inner"}},"clearTextFirst":true,"interactionType":"ENTER_TEXT"}]}
RESULT: {"script":"<script> [776 bytes]","args":[{"enterText":"Meter","selector":{"id":"application-manageresources-display-component---newResourceUnit--DIMENSION_UNIT","interaction":{"idSuffix":"inner"}},"clearTextFirst":true,"interactionType":"ENTER_TEXT"}]}
RESULT: undefined
COMMAND: POST /session/a25f034dab13e07f92a88167585c034b/element - {"using":"xpath","value":"//*[@id=\"application-manageresources-display-component---newResourceUnit--newRRUPage-anchBar-application-manageresources-display-component---newResourceUnit--control-anchor\"]"}
RESULT: {"using":"xpath","value":"//*[@id=\"application-manageresources-display-component---newResourceUnit--newRRUPage-anchBar-application-manageresources-display-component---newResourceUnit--control-anchor\"]"}
COMMAND: POST /session/a25f034dab13e07f92a88167585c034b/element/f.7B06FBE6B2D8891648293552B7C1D2EE.d.616E0BCD4502D8B43A52409B441156A6.e.3194/click - {}
RESULT: {}
RESULT: undefined
COMMAND: POST /session/a25f034dab13e07f92a88167585c034b/execute/async - {"script":"<script> [776 bytes]","args":[{"enterText":"Material","selector":{"id":"application-manageresources-display-component---newResourceUnit--PLANNING_GROUP","interaction":{"idSuffix":"inner"}},"clearTextFirst":true,"interactionType":"ENTER_TEXT"}]}
COMMAND: GET /session/a25f034dab13e07f92a88167585c034b/screenshot - {}
RESULT: {"script":"<script> [776 bytes]","args":[{"enterText":"Material","selector":{"id":"application-manageresources-display-component---newResourceUnit--PLANNING_GROUP","interaction":{"idSuffix":"inner"}},"clearTextFirst":true,"interactionType":"ENTER_TEXT"}]}
RESULT: {}
COMMAND: POST /session/a25f034dab13e07f92a88167585c034b/execute/async - {"script":"<script> [1562 bytes]","args":[{"selector":{"id":"application-manageresources-display-component---newResourceUnit--PLANNING_INDICATOR","interaction":{"idSuffix":"inner"}},"wdio_ui5_key":"applicationmanageresources-display-component---newResourceUnit--PLANNING_INDICATOR"}]}
RESULT: {"script":"<script> [1562 bytes]","args":[{"selector":{"id":"application-manageresources-display-component---newResourceUnit--PLANNING_INDICATOR","interaction":{"idSuffix":"inner"}},"wdio_ui5_key":"applicationmanageresources-display-component---newResourceUnit--PLANNING_INDICATOR"}]}
RESULT: undefined
COMMAND: POST /session/a25f034dab13e07f92a88167585c034b/execute/async - {"script":"<script> [776 bytes]","args":[{"enterText":"10 - infinite","selector":{"id":"application-manageresources-display-component---newResourceUnit--PLANNING_INDICATOR","interaction":{"idSuffix":"inner"}},"clearTextFirst":true,"interactionType":"ENTER_TEXT"}]}
RESULT: {"script":"<script> [776 bytes]","args":[{"enterText":"10 - infinite","selector":{"id":"application-manageresources-display-component---newResourceUnit--PLANNING_INDICATOR","interaction":{"idSuffix":"inner"}},"clearTextFirst":true,"interactionType":"ENTER_TEXT"}]}
COMMAND: POST /session/a25f034dab13e07f92a88167585c034b/element - {"using":"css selector","value":"#application-manageresources-display-component---newResourceUnit--btnAddTimeSegment"}
RESULT: {"using":"css selector","value":"#application-manageresources-display-component---newResourceUnit--btnAddTimeSegment"}
COMMAND: GET /session/a25f034dab13e07f92a88167585c034b/element/f.7B06FBE6B2D8891648293552B7C1D2EE.d.616E0BCD4502D8B43A52409B441156A6.e.3201/rect - {}
RESULT: {}
COMMAND: GET /session/a25f034dab13e07f92a88167585c034b/window/rect - {}
RESULT: {}
COMMAND: POST /session/a25f034dab13e07f92a88167585c034b/execute/sync - {"script":"<script> [92 bytes]","args":[]}
RESULT: {"script":"<script> [92 bytes]","args":[]}
COMMAND: POST /session/a25f034dab13e07f92a88167585c034b/actions - {"actions":[{"id":"action16","type":"wheel","parameters":{},"actions":[{"type":"scroll","x":-1888,"y":-32,"deltaX":0,"deltaY":0,"duration":0,"origin":{"element-6066-11e4-a52e-4f735466cecf":"f.7B06FBE6B2D8891648293552B7C1D2EE.d.616E0BCD4502D8B43A52409B441156A6.e.3201"}}]}]}
COMMAND: GET /session/a25f034dab13e07f92a88167585c034b/screenshot - {}
RESULT: {}
COMMAND: POST /session/a25f034dab13e07f92a88167585c034b/execute/sync - {"script":"<script> [79 bytes]","args":[{"element-6066-11e4-a52e-4f735466cecf":"f.7B06FBE6B2D8891648293552B7C1D2EE.d.616E0BCD4502D8B43A52409B441156A6.e.3201","ELEMENT":"f.7B06FBE6B2D8891648293552B7C1D2EE.d.616E0BCD4502D8B43A52409B441156A6.e.3201"},{"block":"start","inline":"nearest"}]}
RESULT: {"script":"<script> [79 bytes]","args":[{"element-6066-11e4-a52e-4f735466cecf":"f.7B06FBE6B2D8891648293552B7C1D2EE.d.616E0BCD4502D8B43A52409B441156A6.e.3201","ELEMENT":"f.7B06FBE6B2D8891648293552B7C1D2EE.d.616E0BCD4502D8B43A52409B441156A6.e.3201"},{"block":"start","inline":"nearest"}]}
RESULT: undefined
COMMAND: POST /session/a25f034dab13e07f92a88167585c034b/element - {"using":"xpath","value":"//*[@id=\"application-manageresources-display-component---newResourceUnit--btnAddTimeSegment\"]"}
COMMAND: GET /session/a25f034dab13e07f92a88167585c034b/screenshot - {}
RESULT: {"using":"xpath","value":"//*[@id=\"application-manageresources-display-component---newResourceUnit--btnAddTimeSegment\"]"}
COMMAND: POST /session/a25f034dab13e07f92a88167585c034b/element/f.7B06FBE6B2D8891648293552B7C1D2EE.d.616E0BCD4502D8B43A52409B441156A6.e.3201/click - {}
RESULT: {}
RESULT: {}
COMMAND: GET /session/a25f034dab13e07f92a88167585c034b/screenshot - {}
RESULT: {}
COMMAND: POST /session/a25f034dab13e07f92a88167585c034b/element - {"using":"xpath","value":"//input[@id=\"application-manageresources-display-component---newResourceUnit--idRuTSAdmin-application-manageresources-display-component---newResourceUnit--RUTimeSegment-0-inner\"]"}
RESULT: {"using":"xpath","value":"//input[@id=\"application-manageresources-display-component---newResourceUnit--idRuTSAdmin-application-manageresources-display-component---newResourceUnit--RUTimeSegment-0-inner\"]"}
COMMAND: POST /session/a25f034dab13e07f92a88167585c034b/element/f.7B06FBE6B2D8891648293552B7C1D2EE.d.616E0BCD4502D8B43A52409B441156A6.e.3203/clear - {}
RESULT: {}
COMMAND: POST /session/a25f034dab13e07f92a88167585c034b/element/f.7B06FBE6B2D8891648293552B7C1D2EE.d.616E0BCD4502D8B43A52409B441156A6.e.3203/value - {"text":"109"}
COMMAND: GET /session/a25f034dab13e07f92a88167585c034b/screenshot - {}
RESULT: {"text":"109"}
COMMAND: GET /session/a25f034dab13e07f92a88167585c034b/screenshot - {}
RESULT: {}
RESULT: {}
COMMAND: POST /session/a25f034dab13e07f92a88167585c034b/element - {"using":"xpath","value":"//li[.//span[text()='109']]"}
RESULT: {"using":"xpath","value":"//li[.//span[text()='109']]"}
COMMAND: POST /session/a25f034dab13e07f92a88167585c034b/element/f.7B06FBE6B2D8891648293552B7C1D2EE.d.616E0BCD4502D8B43A52409B441156A6.e.3214/click - {}
RESULT: {}
COMMAND: GET /session/a25f034dab13e07f92a88167585c034b/screenshot - {}
RESULT: {}
COMMAND: POST /session/a25f034dab13e07f92a88167585c034b/element - {"using":"xpath","value":"(//span[contains(@id, \"-application-manageresources-display-component---newResourceUnit--RUTimeSegment-0-arrow\")])[2]"}
RESULT: {"using":"xpath","value":"(//span[contains(@id, \"-application-manageresources-display-component---newResourceUnit--RUTimeSegment-0-arrow\")])[2]"}
COMMAND: POST /session/a25f034dab13e07f92a88167585c034b/element/f.7B06FBE6B2D8891648293552B7C1D2EE.d.616E0BCD4502D8B43A52409B441156A6.e.3215/click - {}
RESULT: {}
COMMAND: POST /session/a25f034dab13e07f92a88167585c034b/element - {"using":"xpath","value":"//span[contains(text(), \"PM Order\")]"}
COMMAND: GET /session/a25f034dab13e07f92a88167585c034b/screenshot - {}
RESULT: {"using":"xpath","value":"//span[contains(text(), \"PM Order\")]"}
COMMAND: POST /session/a25f034dab13e07f92a88167585c034b/element/f.7B06FBE6B2D8891648293552B7C1D2EE.d.616E0BCD4502D8B43A52409B441156A6.e.3216/click - {}
RESULT: {}
RESULT: {}
COMMAND: GET /session/a25f034dab13e07f92a88167585c034b/screenshot - {}
RESULT: {}
COMMAND: POST /session/a25f034dab13e07f92a88167585c034b/element - {"using":"xpath","value":"//td/div/div/div/span[contains(@id, \"newResourceUnit--RUTimeSegment-0-vhi\")][1]"}
RESULT: {"using":"xpath","value":"//td/div/div/div/span[contains(@id, \"newResourceUnit--RUTimeSegment-0-vhi\")][1]"}
COMMAND: GET /session/a25f034dab13e07f92a88167585c034b/element/f.7B06FBE6B2D8891648293552B7C1D2EE.d.616E0BCD4502D8B43A52409B441156A6.e.3220/rect - {}
RESULT: {}
COMMAND: GET /session/a25f034dab13e07f92a88167585c034b/window/rect - {}
RESULT: {}
COMMAND: POST /session/a25f034dab13e07f92a88167585c034b/execute/sync - {"script":"<script> [92 bytes]","args":[]}
RESULT: {"script":"<script> [92 bytes]","args":[]}
COMMAND: POST /session/a25f034dab13e07f92a88167585c034b/actions - {"actions":[{"id":"action17","type":"wheel","parameters":{},"actions":[{"type":"scroll","x":-1888,"y":-24,"deltaX":0,"deltaY":0,"duration":0,"origin":{"element-6066-11e4-a52e-4f735466cecf":"f.7B06FBE6B2D8891648293552B7C1D2EE.d.616E0BCD4502D8B43A52409B441156A6.e.3220"}}]}]}
COMMAND: GET /session/a25f034dab13e07f92a88167585c034b/screenshot - {}
RESULT: {}
COMMAND: POST /session/a25f034dab13e07f92a88167585c034b/execute/sync - {"script":"<script> [79 bytes]","args":[{"element-6066-11e4-a52e-4f735466cecf":"f.7B06FBE6B2D8891648293552B7C1D2EE.d.616E0BCD4502D8B43A52409B441156A6.e.3220","ELEMENT":"f.7B06FBE6B2D8891648293552B7C1D2EE.d.616E0BCD4502D8B43A52409B441156A6.e.3220"},{"block":"start","inline":"nearest"}]}
RESULT: {"script":"<script> [79 bytes]","args":[{"element-6066-11e4-a52e-4f735466cecf":"f.7B06FBE6B2D8891648293552B7C1D2EE.d.616E0BCD4502D8B43A52409B441156A6.e.3220","ELEMENT":"f.7B06FBE6B2D8891648293552B7C1D2EE.d.616E0BCD4502D8B43A52409B441156A6.e.3220"},{"block":"start","inline":"nearest"}]}
COMMAND: GET /session/a25f034dab13e07f92a88167585c034b/screenshot - {}
RESULT: {}
COMMAND: POST /session/a25f034dab13e07f92a88167585c034b/element/f.7B06FBE6B2D8891648293552B7C1D2EE.d.616E0BCD4502D8B43A52409B441156A6.e.3220/click - {}
RESULT: {}
COMMAND: GET /session/a25f034dab13e07f92a88167585c034b/screenshot - {}
RESULT: {}
RESULT: undefined
COMMAND: POST /session/a25f034dab13e07f92a88167585c034b/execute/async - {"script":"<script> [776 bytes]","args":[{"enterText":"4000360","selector":{"controlType":"sap.m.SearchField","properties":{"placeholder":"Search"},"searchOpenDialogs":true,"interaction":{"idSuffix":"I"}},"clearTextFirst":true,"interactionType":"ENTER_TEXT"}]}
RESULT: {"script":"<script> [776 bytes]","args":[{"enterText":"4000360","selector":{"controlType":"sap.m.SearchField","properties":{"placeholder":"Search"},"searchOpenDialogs":true,"interaction":{"idSuffix":"I"}},"clearTextFirst":true,"interactionType":"ENTER_TEXT"}]}
COMMAND: POST /session/a25f034dab13e07f92a88167585c034b/actions - {"actions":[{"id":"action18","type":"key","parameters":{},"actions":[{"type":"keyDown","value":""},{"type":"pause","duration":10},{"type":"keyUp","value":""}]}]}
RESULT: {"actions":[{"id":"action18","type":"key","parameters":{},"actions":[{"type":"keyDown","value":""},{"type":"pause","duration":10},{"type":"keyUp","value":""}]}]}
COMMAND: GET /session/a25f034dab13e07f92a88167585c034b/screenshot - {}
RESULT: {}
COMMAND: POST /session/a25f034dab13e07f92a88167585c034b/element - {"using":"xpath","value":"//td/div/span[contains(text(), \"BGL Vehicles\")]"}
RESULT: {"using":"xpath","value":"//td/div/span[contains(text(), \"BGL Vehicles\")]"}
COMMAND: POST /session/a25f034dab13e07f92a88167585c034b/element/f.7B06FBE6B2D8891648293552B7C1D2EE.d.616E0BCD4502D8B43A52409B441156A6.e.3239/click - {}
RESULT: {}
COMMAND: GET /session/a25f034dab13e07f92a88167585c034b/screenshot - {}
RESULT: {}
COMMAND: POST /session/a25f034dab13e07f92a88167585c034b/element - {"using":"xpath","value":"//bdi[contains(text(), \"OK\")]"}
RESULT: {"using":"xpath","value":"//bdi[contains(text(), \"OK\")]"}
COMMAND: POST /session/a25f034dab13e07f92a88167585c034b/element/f.7B06FBE6B2D8891648293552B7C1D2EE.d.616E0BCD4502D8B43A52409B441156A6.e.3240/click - {}
RESULT: {}
COMMAND: GET /session/a25f034dab13e07f92a88167585c034b/screenshot - {}
RESULT: {}
COMMAND: POST /session/a25f034dab13e07f92a88167585c034b/element - {"using":"xpath","value":"//label[contains(@class, 'sapMLabelRequired') and .//bdi[contains(text(), 'Planned Retirement')]]"}
RESULT: {"using":"xpath","value":"//label[contains(@class, 'sapMLabelRequired') and .//bdi[contains(text(), 'Planned Retirement')]]"}
COMMAND: POST /session/a25f034dab13e07f92a88167585c034b/elements - {"using":"xpath","value":"//label[contains(@class, 'sapMLabelRequired') and .//bdi[contains(text(), 'Planned Retirement')]]"}
RESULT: {"using":"xpath","value":"//label[contains(@class, 'sapMLabelRequired') and .//bdi[contains(text(), 'Planned Retirement')]]"}
COMMAND: POST /session/a25f034dab13e07f92a88167585c034b/element - {"using":"xpath","value":"//button[@data-kt=\"resourceUnitSaveButton\"]"}
RESULT: {"using":"xpath","value":"//button[@data-kt=\"resourceUnitSaveButton\"]"}
COMMAND: POST /session/a25f034dab13e07f92a88167585c034b/element/f.7B06FBE6B2D8891648293552B7C1D2EE.d.616E0BCD4502D8B43A52409B441156A6.e.3086/click - {}
RESULT: {}
COMMAND: GET /session/a25f034dab13e07f92a88167585c034b/screenshot - {}
RESULT: {}
COMMAND: POST /session/a25f034dab13e07f92a88167585c034b/element - {"using":"xpath","value":"//bdi[contains(text(), \"Close\")]"}
RESULT: {"using":"xpath","value":"//bdi[contains(text(), \"Close\")]"}
COMMAND: POST /session/a25f034dab13e07f92a88167585c034b/element/f.7B06FBE6B2D8891648293552B7C1D2EE.d.616E0BCD4502D8B43A52409B441156A6.e.3246/click - {}
RESULT: {}
COMMAND: GET /session/a25f034dab13e07f92a88167585c034b/screenshot - {}
RESULT: {}
COMMAND: POST /session/a25f034dab13e07f92a88167585c034b/element - {"using":"xpath","value":"//header[contains(@id, 'detailRruPage-headerTitle')]/div[1]/div[2]/div[2]/span[1]"}
RESULT: {"using":"xpath","value":"//header[contains(@id, 'detailRruPage-headerTitle')]/div[1]/div[2]/div[2]/span[1]"}
COMMAND: POST /session/a25f034dab13e07f92a88167585c034b/elements - {"using":"xpath","value":"//header[contains(@id, 'detailRruPage-headerTitle')]/div[1]/div[2]/div[2]/span[1]"}
RESULT: {"using":"xpath","value":"//header[contains(@id, 'detailRruPage-headerTitle')]/div[1]/div[2]/div[2]/span[1]"}
COMMAND: POST /session/a25f034dab13e07f92a88167585c034b/execute/sync - {"script":"<script> [56 bytes]","args":[{"element-6066-11e4-a52e-4f735466cecf":"f.7B06FBE6B2D8891648293552B7C1D2EE.d.616E0BCD4502D8B43A52409B441156A6.e.3270","ELEMENT":"f.7B06FBE6B2D8891648293552B7C1D2EE.d.616E0BCD4502D8B43A52409B441156A6.e.3270"}]}
RESULT: {"script":"<script> [56 bytes]","args":[{"element-6066-11e4-a52e-4f735466cecf":"f.7B06FBE6B2D8891648293552B7C1D2EE.d.616E0BCD4502D8B43A52409B441156A6.e.3270","ELEMENT":"f.7B06FBE6B2D8891648293552B7C1D2EE.d.616E0BCD4502D8B43A52409B441156A6.e.3270"}]}
COMMAND: POST /session/a25f034dab13e07f92a88167585c034b/element - {"using":"css selector","value":"#shell-header-logo"}
COMMAND: GET /session/a25f034dab13e07f92a88167585c034b/screenshot - {}
RESULT: {"using":"css selector","value":"#shell-header-logo"}
COMMAND: POST /session/a25f034dab13e07f92a88167585c034b/element/f.7B06FBE6B2D8891648293552B7C1D2EE.d.616E0BCD4502D8B43A52409B441156A6.e.2675/click - {}
RESULT: {}
RESULT: {}
COMMAND: GET /session/a25f034dab13e07f92a88167585c034b/screenshot - {}
RESULT: {}
]]></system-out>
    </testcase>
    <testcase classname="chrome.136_0_7103_93.windows.RU_Inventory_Mass_State_Change_Multiple_Items_US151066" name="Prerequisite Step 2 Should do a stock increase handover for the equipment" time="88.065">
      <system-out><![CDATA[
COMMAND: POST /session/a25f034dab13e07f92a88167585c034b/execute/async - {"script":"<script> [1562 bytes]","args":[{"selector":{"controlType":"sap.m.GenericTile","properties":{"header":"Manage Handovers"}},"wdio_ui5_key":"sapm.GenericTile{\"header\":\"Manage Handovers\"}"}]}
RESULT: {"script":"<script> [1562 bytes]","args":[{"selector":{"controlType":"sap.m.GenericTile","properties":{"header":"Manage Handovers"}},"wdio_ui5_key":"sapm.GenericTile{\"header\":\"Manage Handovers\"}"}]}
RESULT: undefined
COMMAND: POST /session/a25f034dab13e07f92a88167585c034b/element - {"using":"xpath","value":"//*[@id=\"__tile130\"]"}
RESULT: {"using":"xpath","value":"//*[@id=\"__tile130\"]"}
COMMAND: POST /session/a25f034dab13e07f92a88167585c034b/element/f.7B06FBE6B2D8891648293552B7C1D2EE.d.616E0BCD4502D8B43A52409B441156A6.e.232/click - {}
RESULT: {}
COMMAND: GET /session/a25f034dab13e07f92a88167585c034b/screenshot - {}
RESULT: {}
COMMAND: POST /session/a25f034dab13e07f92a88167585c034b/elements - {"using":"xpath","value":"//span[text()='Error']"}
RESULT: {"using":"xpath","value":"//span[text()='Error']"}
COMMAND: POST /session/a25f034dab13e07f92a88167585c034b/element - {"using":"xpath","value":"//button[@data-kt=\"masterHOAddButton\"]"}
RESULT: {"using":"xpath","value":"//button[@data-kt=\"masterHOAddButton\"]"}
COMMAND: POST /session/a25f034dab13e07f92a88167585c034b/elements - {"using":"xpath","value":"//button[@data-kt=\"masterHOAddButton\"]"}
RESULT: {"using":"xpath","value":"//button[@data-kt=\"masterHOAddButton\"]"}
COMMAND: POST /session/a25f034dab13e07f92a88167585c034b/execute/sync - {"script":"<script> [8489 bytes]","args":[{"element-6066-11e4-a52e-4f735466cecf":"f.7B06FBE6B2D8891648293552B7C1D2EE.d.616E0BCD4502D8B43A52409B441156A6.e.3309","ELEMENT":"f.7B06FBE6B2D8891648293552B7C1D2EE.d.616E0BCD4502D8B43A52409B441156A6.e.3309"}]}
RESULT: {"script":"<script> [8489 bytes]","args":[{"element-6066-11e4-a52e-4f735466cecf":"f.7B06FBE6B2D8891648293552B7C1D2EE.d.616E0BCD4502D8B43A52409B441156A6.e.3309","ELEMENT":"f.7B06FBE6B2D8891648293552B7C1D2EE.d.616E0BCD4502D8B43A52409B441156A6.e.3309"}]}
COMMAND: GET /session/a25f034dab13e07f92a88167585c034b/element/f.7B06FBE6B2D8891648293552B7C1D2EE.d.616E0BCD4502D8B43A52409B441156A6.e.3309/enabled - {}
COMMAND: GET /session/a25f034dab13e07f92a88167585c034b/screenshot - {}
RESULT: {}
COMMAND: POST /session/a25f034dab13e07f92a88167585c034b/execute/sync - {"script":"<script> [8489 bytes]","args":[{"element-6066-11e4-a52e-4f735466cecf":"f.7B06FBE6B2D8891648293552B7C1D2EE.d.616E0BCD4502D8B43A52409B441156A6.e.3309","ELEMENT":"f.7B06FBE6B2D8891648293552B7C1D2EE.d.616E0BCD4502D8B43A52409B441156A6.e.3309"}]}
COMMAND: GET /session/a25f034dab13e07f92a88167585c034b/screenshot - {}
RESULT: {}
RESULT: {"script":"<script> [8489 bytes]","args":[{"element-6066-11e4-a52e-4f735466cecf":"f.7B06FBE6B2D8891648293552B7C1D2EE.d.616E0BCD4502D8B43A52409B441156A6.e.3309","ELEMENT":"f.7B06FBE6B2D8891648293552B7C1D2EE.d.616E0BCD4502D8B43A52409B441156A6.e.3309"}]}
COMMAND: POST /session/a25f034dab13e07f92a88167585c034b/execute/sync - {"script":"<script> [5351 bytes]","args":[{"element-6066-11e4-a52e-4f735466cecf":"f.7B06FBE6B2D8891648293552B7C1D2EE.d.616E0BCD4502D8B43A52409B441156A6.e.3309","ELEMENT":"f.7B06FBE6B2D8891648293552B7C1D2EE.d.616E0BCD4502D8B43A52409B441156A6.e.3309"}]}
COMMAND: GET /session/a25f034dab13e07f92a88167585c034b/screenshot - {}
RESULT: {}
RESULT: {"script":"<script> [5351 bytes]","args":[{"element-6066-11e4-a52e-4f735466cecf":"f.7B06FBE6B2D8891648293552B7C1D2EE.d.616E0BCD4502D8B43A52409B441156A6.e.3309","ELEMENT":"f.7B06FBE6B2D8891648293552B7C1D2EE.d.616E0BCD4502D8B43A52409B441156A6.e.3309"}]}
COMMAND: POST /session/a25f034dab13e07f92a88167585c034b/element/f.7B06FBE6B2D8891648293552B7C1D2EE.d.616E0BCD4502D8B43A52409B441156A6.e.3309/click - {}
COMMAND: GET /session/a25f034dab13e07f92a88167585c034b/screenshot - {}
RESULT: {}
RESULT: {}
COMMAND: GET /session/a25f034dab13e07f92a88167585c034b/screenshot - {}
RESULT: {}
RESULT: {}
COMMAND: POST /session/a25f034dab13e07f92a88167585c034b/element - {"using":"xpath","value":"//span[contains(@id ,\"AddNewHO--typeSelect-arrow\")]"}
RESULT: {"using":"xpath","value":"//span[contains(@id ,\"AddNewHO--typeSelect-arrow\")]"}
COMMAND: POST /session/a25f034dab13e07f92a88167585c034b/element/f.7B06FBE6B2D8891648293552B7C1D2EE.d.616E0BCD4502D8B43A52409B441156A6.e.3671/click - {}
RESULT: {}
COMMAND: GET /session/a25f034dab13e07f92a88167585c034b/screenshot - {}
RESULT: {}
COMMAND: POST /session/a25f034dab13e07f92a88167585c034b/element - {"using":"xpath","value":"(//li[contains(text(), \"stock increase yard\")])[1]"}
RESULT: {"using":"xpath","value":"(//li[contains(text(), \"stock increase yard\")])[1]"}
COMMAND: POST /session/a25f034dab13e07f92a88167585c034b/element/f.7B06FBE6B2D8891648293552B7C1D2EE.d.616E0BCD4502D8B43A52409B441156A6.e.3672/click - {}
RESULT: {}
COMMAND: GET /session/a25f034dab13e07f92a88167585c034b/screenshot - {}
RESULT: {}
COMMAND: POST /session/a25f034dab13e07f92a88167585c034b/execute/async - {"script":"<script> [1562 bytes]","args":[{"selector":{"id":"application-managehandovers-display-component---AddNewHO--dueDate","interaction":{"idSuffix":"inner"}},"wdio_ui5_key":"applicationmanagehandovers-display-component---AddNewHO--dueDate"}]}
RESULT: {"script":"<script> [1562 bytes]","args":[{"selector":{"id":"application-managehandovers-display-component---AddNewHO--dueDate","interaction":{"idSuffix":"inner"}},"wdio_ui5_key":"applicationmanagehandovers-display-component---AddNewHO--dueDate"}]}
RESULT: undefined
COMMAND: POST /session/a25f034dab13e07f92a88167585c034b/execute/async - {"script":"<script> [6424 bytes]","args":[{"element-6066-11e4-a52e-4f735466cecf":"f.7B06FBE6B2D8891648293552B7C1D2EE.d.616E0BCD4502D8B43A52409B441156A6.e.3674"},"setValue",["5/25/25"]]}
RESULT: {"script":"<script> [6424 bytes]","args":[{"element-6066-11e4-a52e-4f735466cecf":"f.7B06FBE6B2D8891648293552B7C1D2EE.d.616E0BCD4502D8B43A52409B441156A6.e.3674"},"setValue",["5/25/25"]]}
COMMAND: POST /session/a25f034dab13e07f92a88167585c034b/element - {"using":"xpath","value":"//input[@id=\"generalSectionFrg--receiveYard-inner\"]"}
RESULT: {"using":"xpath","value":"//input[@id=\"generalSectionFrg--receiveYard-inner\"]"}
COMMAND: POST /session/a25f034dab13e07f92a88167585c034b/element/f.7B06FBE6B2D8891648293552B7C1D2EE.d.616E0BCD4502D8B43A52409B441156A6.e.3680/clear - {}
RESULT: {}
COMMAND: POST /session/a25f034dab13e07f92a88167585c034b/element/f.7B06FBE6B2D8891648293552B7C1D2EE.d.616E0BCD4502D8B43A52409B441156A6.e.3680/value - {"text":"109"}
COMMAND: GET /session/a25f034dab13e07f92a88167585c034b/screenshot - {}
RESULT: {"text":"109"}
COMMAND: GET /session/a25f034dab13e07f92a88167585c034b/screenshot - {}
RESULT: {}
RESULT: {}
COMMAND: POST /session/a25f034dab13e07f92a88167585c034b/element - {"using":"xpath","value":"//li[.//span[text()='109']]"}
RESULT: {"using":"xpath","value":"//li[.//span[text()='109']]"}
COMMAND: POST /session/a25f034dab13e07f92a88167585c034b/element/f.7B06FBE6B2D8891648293552B7C1D2EE.d.616E0BCD4502D8B43A52409B441156A6.e.3698/click - {}
RESULT: {}
COMMAND: GET /session/a25f034dab13e07f92a88167585c034b/screenshot - {}
RESULT: {}
COMMAND: POST /session/a25f034dab13e07f92a88167585c034b/execute/async - {"script":"<script> [1562 bytes]","args":[{"selector":{"id":"application-managehandovers-display-component---AddNewHO--ObjectPageLayout-anchBar-application-managehandovers-display-component---AddNewHO--section4-anchor","interaction":{"idSuffix":"BDI-content"}},"wdio_ui5_key":"applicationmanagehandovers-display-component---AddNewHO--ObjectPageLayout-anchBar-application-managehandovers-display-component---AddNewHO--section4-anchor"}]}
RESULT: {"script":"<script> [1562 bytes]","args":[{"selector":{"id":"application-managehandovers-display-component---AddNewHO--ObjectPageLayout-anchBar-application-managehandovers-display-component---AddNewHO--section4-anchor","interaction":{"idSuffix":"BDI-content"}},"wdio_ui5_key":"applicationmanagehandovers-display-component---AddNewHO--ObjectPageLayout-anchBar-application-managehandovers-display-component---AddNewHO--section4-anchor"}]}
RESULT: undefined
COMMAND: POST /session/a25f034dab13e07f92a88167585c034b/element - {"using":"xpath","value":"//*[@id=\"application-managehandovers-display-component---AddNewHO--ObjectPageLayout-anchBar-application-managehandovers-display-component---AddNewHO--section4-anchor\"]"}
RESULT: {"using":"xpath","value":"//*[@id=\"application-managehandovers-display-component---AddNewHO--ObjectPageLayout-anchBar-application-managehandovers-display-component---AddNewHO--section4-anchor\"]"}
COMMAND: POST /session/a25f034dab13e07f92a88167585c034b/element/f.7B06FBE6B2D8891648293552B7C1D2EE.d.616E0BCD4502D8B43A52409B441156A6.e.3700/click - {}
RESULT: {}
COMMAND: POST /session/a25f034dab13e07f92a88167585c034b/element - {"using":"xpath","value":"//button[@aria-label=\"Add\"]"}
COMMAND: GET /session/a25f034dab13e07f92a88167585c034b/screenshot - {}
RESULT: {"using":"xpath","value":"//button[@aria-label=\"Add\"]"}
COMMAND: POST /session/a25f034dab13e07f92a88167585c034b/element/f.7B06FBE6B2D8891648293552B7C1D2EE.d.616E0BCD4502D8B43A52409B441156A6.e.3702/click - {}
RESULT: {}
RESULT: {}
COMMAND: GET /session/a25f034dab13e07f92a88167585c034b/screenshot - {}
RESULT: {}
COMMAND: POST /session/a25f034dab13e07f92a88167585c034b/execute/async - {"script":"<script> [1562 bytes]","args":[{"selector":{"id":"application-managehandovers-display-component---AddNewHO--smartFilterBar-btnBasicSearch","searchOpenDialogs":true,"interaction":{"idSuffix":"I"}},"wdio_ui5_key":"applicationmanagehandovers-display-component---AddNewHO--smartFilterBar-btnBasicSearch"}]}
RESULT: {"script":"<script> [1562 bytes]","args":[{"selector":{"id":"application-managehandovers-display-component---AddNewHO--smartFilterBar-btnBasicSearch","searchOpenDialogs":true,"interaction":{"idSuffix":"I"}},"wdio_ui5_key":"applicationmanagehandovers-display-component---AddNewHO--smartFilterBar-btnBasicSearch"}]}
RESULT: undefined
COMMAND: POST /session/a25f034dab13e07f92a88167585c034b/execute/async - {"script":"<script> [776 bytes]","args":[{"enterText":"PSY5Cc8krJ","selector":{"id":"application-managehandovers-display-component---AddNewHO--smartFilterBar-btnBasicSearch","searchOpenDialogs":true,"interaction":{"idSuffix":"I"}},"clearTextFirst":true,"interactionType":"ENTER_TEXT"}]}
RESULT: {"script":"<script> [776 bytes]","args":[{"enterText":"PSY5Cc8krJ","selector":{"id":"application-managehandovers-display-component---AddNewHO--smartFilterBar-btnBasicSearch","searchOpenDialogs":true,"interaction":{"idSuffix":"I"}},"clearTextFirst":true,"interactionType":"ENTER_TEXT"}]}
COMMAND: POST /session/a25f034dab13e07f92a88167585c034b/actions - {"actions":[{"id":"action19","type":"key","parameters":{},"actions":[{"type":"keyDown","value":""},{"type":"pause","duration":10},{"type":"keyUp","value":""}]}]}
RESULT: {"actions":[{"id":"action19","type":"key","parameters":{},"actions":[{"type":"keyDown","value":""},{"type":"pause","duration":10},{"type":"keyUp","value":""}]}]}
COMMAND: GET /session/a25f034dab13e07f92a88167585c034b/screenshot - {}
RESULT: {}
COMMAND: POST /session/a25f034dab13e07f92a88167585c034b/execute/async - {"script":"<script> [1562 bytes]","args":[{"selector":{"id":"application-managehandovers-display-component---AddNewHO--popup-sa","searchOpenDialogs":true,"interaction":{"idSuffix":"CbBg"}},"wdio_ui5_key":"applicationmanagehandovers-display-component---AddNewHO--popup-sa"}]}
RESULT: {"script":"<script> [1562 bytes]","args":[{"selector":{"id":"application-managehandovers-display-component---AddNewHO--popup-sa","searchOpenDialogs":true,"interaction":{"idSuffix":"CbBg"}},"wdio_ui5_key":"applicationmanagehandovers-display-component---AddNewHO--popup-sa"}]}
RESULT: undefined
COMMAND: POST /session/a25f034dab13e07f92a88167585c034b/element - {"using":"xpath","value":"//*[@id=\"application-managehandovers-display-component---AddNewHO--popup-sa\"]"}
RESULT: {"using":"xpath","value":"//*[@id=\"application-managehandovers-display-component---AddNewHO--popup-sa\"]"}
COMMAND: POST /session/a25f034dab13e07f92a88167585c034b/element/f.7B06FBE6B2D8891648293552B7C1D2EE.d.616E0BCD4502D8B43A52409B441156A6.e.3853/click - {}
RESULT: {}
COMMAND: GET /session/a25f034dab13e07f92a88167585c034b/screenshot - {}
RESULT: {}
COMMAND: POST /session/a25f034dab13e07f92a88167585c034b/element - {"using":"xpath","value":"//bdi[contains(text(), \"Select\")]"}
RESULT: {"using":"xpath","value":"//bdi[contains(text(), \"Select\")]"}
COMMAND: POST /session/a25f034dab13e07f92a88167585c034b/element/f.7B06FBE6B2D8891648293552B7C1D2EE.d.616E0BCD4502D8B43A52409B441156A6.e.3854/click - {}
RESULT: {}
COMMAND: GET /session/a25f034dab13e07f92a88167585c034b/screenshot - {}
RESULT: {}
COMMAND: POST /session/a25f034dab13e07f92a88167585c034b/element - {"using":"xpath","value":"//button[@data-kt=\"AddNewHOSaveButton\"]"}
RESULT: {"using":"xpath","value":"//button[@data-kt=\"AddNewHOSaveButton\"]"}
COMMAND: POST /session/a25f034dab13e07f92a88167585c034b/element/f.7B06FBE6B2D8891648293552B7C1D2EE.d.616E0BCD4502D8B43A52409B441156A6.e.3858/click - {}
RESULT: {}
COMMAND: GET /session/a25f034dab13e07f92a88167585c034b/screenshot - {}
RESULT: {}
COMMAND: POST /session/a25f034dab13e07f92a88167585c034b/execute/async - {"script":"<script> [1562 bytes]","args":[{"selector":{"id":"receiptDatePicker","viewName":"etm.portal.ui.managehandovers.view.DetailExecuteHO","interaction":{"idSuffix":"inner"}},"wdio_ui5_key":"receiptDatePickeretmportal.ui.managehandovers.view.DetailExecuteHO"}]}
RESULT: {"script":"<script> [1562 bytes]","args":[{"selector":{"id":"receiptDatePicker","viewName":"etm.portal.ui.managehandovers.view.DetailExecuteHO","interaction":{"idSuffix":"inner"}},"wdio_ui5_key":"receiptDatePickeretmportal.ui.managehandovers.view.DetailExecuteHO"}]}
RESULT: undefined
COMMAND: POST /session/a25f034dab13e07f92a88167585c034b/execute/async - {"script":"<script> [6424 bytes]","args":[{"element-6066-11e4-a52e-4f735466cecf":"f.7B06FBE6B2D8891648293552B7C1D2EE.d.616E0BCD4502D8B43A52409B441156A6.e.3888"},"setValue",["5/25/25"]]}
RESULT: {"script":"<script> [6424 bytes]","args":[{"element-6066-11e4-a52e-4f735466cecf":"f.7B06FBE6B2D8891648293552B7C1D2EE.d.616E0BCD4502D8B43A52409B441156A6.e.3888"},"setValue",["5/25/25"]]}
COMMAND: POST /session/a25f034dab13e07f92a88167585c034b/element - {"using":"xpath","value":"//button[@data-kt=\"ReceivingTableConfirmAllButton\"]"}
RESULT: {"using":"xpath","value":"//button[@data-kt=\"ReceivingTableConfirmAllButton\"]"}
COMMAND: POST /session/a25f034dab13e07f92a88167585c034b/element/f.7B06FBE6B2D8891648293552B7C1D2EE.d.616E0BCD4502D8B43A52409B441156A6.e.3903/click - {}
RESULT: {}
COMMAND: GET /session/a25f034dab13e07f92a88167585c034b/screenshot - {}
RESULT: {}
COMMAND: POST /session/a25f034dab13e07f92a88167585c034b/element - {"using":"xpath","value":"//bdi[contains(text(), \"OK\")]"}
RESULT: {"using":"xpath","value":"//bdi[contains(text(), \"OK\")]"}
COMMAND: POST /session/a25f034dab13e07f92a88167585c034b/element/f.7B06FBE6B2D8891648293552B7C1D2EE.d.616E0BCD4502D8B43A52409B441156A6.e.3905/click - {}
RESULT: {}
COMMAND: GET /session/a25f034dab13e07f92a88167585c034b/screenshot - {}
RESULT: {}
COMMAND: POST /session/a25f034dab13e07f92a88167585c034b/element - {"using":"xpath","value":"(//bdi[contains(text(), \"Receive\")])[2]"}
RESULT: {"using":"xpath","value":"(//bdi[contains(text(), \"Receive\")])[2]"}
COMMAND: POST /session/a25f034dab13e07f92a88167585c034b/element/f.7B06FBE6B2D8891648293552B7C1D2EE.d.616E0BCD4502D8B43A52409B441156A6.e.3907/click - {}
RESULT: {}
COMMAND: GET /session/a25f034dab13e07f92a88167585c034b/screenshot - {}
RESULT: {}
COMMAND: POST /session/a25f034dab13e07f92a88167585c034b/element - {"using":"css selector","value":"#shell-header-logo"}
RESULT: {"using":"css selector","value":"#shell-header-logo"}
COMMAND: POST /session/a25f034dab13e07f92a88167585c034b/element/f.7B06FBE6B2D8891648293552B7C1D2EE.d.616E0BCD4502D8B43A52409B441156A6.e.3274/click - {}
RESULT: {}
COMMAND: GET /session/a25f034dab13e07f92a88167585c034b/screenshot - {}
RESULT: {}
]]></system-out>
    </testcase>
    <testcase classname="chrome.136_0_7103_93.windows.RU_Inventory_Mass_State_Change_Multiple_Items_US151066" name="Prerequisite Step 2 Should do a stock increase handover for the material" time="84.205">
      <system-out><![CDATA[
RESULT: undefined
COMMAND: POST /session/a25f034dab13e07f92a88167585c034b/element - {"using":"xpath","value":"//*[@id=\"__tile130\"]"}
RESULT: {"using":"xpath","value":"//*[@id=\"__tile130\"]"}
COMMAND: POST /session/a25f034dab13e07f92a88167585c034b/element/f.7B06FBE6B2D8891648293552B7C1D2EE.d.616E0BCD4502D8B43A52409B441156A6.e.232/click - {}
RESULT: {}
COMMAND: GET /session/a25f034dab13e07f92a88167585c034b/screenshot - {}
RESULT: {}
COMMAND: POST /session/a25f034dab13e07f92a88167585c034b/elements - {"using":"xpath","value":"//span[text()='Error']"}
RESULT: {"using":"xpath","value":"//span[text()='Error']"}
COMMAND: POST /session/a25f034dab13e07f92a88167585c034b/element - {"using":"xpath","value":"//button[@data-kt=\"masterHOAddButton\"]"}
RESULT: {"using":"xpath","value":"//button[@data-kt=\"masterHOAddButton\"]"}
COMMAND: POST /session/a25f034dab13e07f92a88167585c034b/elements - {"using":"xpath","value":"//button[@data-kt=\"masterHOAddButton\"]"}
RESULT: {"using":"xpath","value":"//button[@data-kt=\"masterHOAddButton\"]"}
COMMAND: POST /session/a25f034dab13e07f92a88167585c034b/execute/sync - {"script":"<script> [8489 bytes]","args":[{"element-6066-11e4-a52e-4f735466cecf":"f.7B06FBE6B2D8891648293552B7C1D2EE.d.616E0BCD4502D8B43A52409B441156A6.e.4231","ELEMENT":"f.7B06FBE6B2D8891648293552B7C1D2EE.d.616E0BCD4502D8B43A52409B441156A6.e.4231"}]}
RESULT: {"script":"<script> [8489 bytes]","args":[{"element-6066-11e4-a52e-4f735466cecf":"f.7B06FBE6B2D8891648293552B7C1D2EE.d.616E0BCD4502D8B43A52409B441156A6.e.4231","ELEMENT":"f.7B06FBE6B2D8891648293552B7C1D2EE.d.616E0BCD4502D8B43A52409B441156A6.e.4231"}]}
COMMAND: GET /session/a25f034dab13e07f92a88167585c034b/element/f.7B06FBE6B2D8891648293552B7C1D2EE.d.616E0BCD4502D8B43A52409B441156A6.e.4231/enabled - {}
COMMAND: GET /session/a25f034dab13e07f92a88167585c034b/screenshot - {}
RESULT: {}
COMMAND: POST /session/a25f034dab13e07f92a88167585c034b/execute/sync - {"script":"<script> [8489 bytes]","args":[{"element-6066-11e4-a52e-4f735466cecf":"f.7B06FBE6B2D8891648293552B7C1D2EE.d.616E0BCD4502D8B43A52409B441156A6.e.4231","ELEMENT":"f.7B06FBE6B2D8891648293552B7C1D2EE.d.616E0BCD4502D8B43A52409B441156A6.e.4231"}]}
COMMAND: GET /session/a25f034dab13e07f92a88167585c034b/screenshot - {}
RESULT: {}
RESULT: {"script":"<script> [8489 bytes]","args":[{"element-6066-11e4-a52e-4f735466cecf":"f.7B06FBE6B2D8891648293552B7C1D2EE.d.616E0BCD4502D8B43A52409B441156A6.e.4231","ELEMENT":"f.7B06FBE6B2D8891648293552B7C1D2EE.d.616E0BCD4502D8B43A52409B441156A6.e.4231"}]}
COMMAND: POST /session/a25f034dab13e07f92a88167585c034b/execute/sync - {"script":"<script> [5351 bytes]","args":[{"element-6066-11e4-a52e-4f735466cecf":"f.7B06FBE6B2D8891648293552B7C1D2EE.d.616E0BCD4502D8B43A52409B441156A6.e.4231","ELEMENT":"f.7B06FBE6B2D8891648293552B7C1D2EE.d.616E0BCD4502D8B43A52409B441156A6.e.4231"}]}
COMMAND: GET /session/a25f034dab13e07f92a88167585c034b/screenshot - {}
RESULT: {}
RESULT: {"script":"<script> [5351 bytes]","args":[{"element-6066-11e4-a52e-4f735466cecf":"f.7B06FBE6B2D8891648293552B7C1D2EE.d.616E0BCD4502D8B43A52409B441156A6.e.4231","ELEMENT":"f.7B06FBE6B2D8891648293552B7C1D2EE.d.616E0BCD4502D8B43A52409B441156A6.e.4231"}]}
COMMAND: POST /session/a25f034dab13e07f92a88167585c034b/element/f.7B06FBE6B2D8891648293552B7C1D2EE.d.616E0BCD4502D8B43A52409B441156A6.e.4231/click - {}
COMMAND: GET /session/a25f034dab13e07f92a88167585c034b/screenshot - {}
RESULT: {}
RESULT: {}
COMMAND: GET /session/a25f034dab13e07f92a88167585c034b/screenshot - {}
RESULT: {}
RESULT: {}
COMMAND: POST /session/a25f034dab13e07f92a88167585c034b/element - {"using":"xpath","value":"//span[contains(@id ,\"AddNewHO--typeSelect-arrow\")]"}
RESULT: {"using":"xpath","value":"//span[contains(@id ,\"AddNewHO--typeSelect-arrow\")]"}
COMMAND: POST /session/a25f034dab13e07f92a88167585c034b/element/f.7B06FBE6B2D8891648293552B7C1D2EE.d.616E0BCD4502D8B43A52409B441156A6.e.4642/click - {}
RESULT: {}
COMMAND: GET /session/a25f034dab13e07f92a88167585c034b/screenshot - {}
RESULT: {}
COMMAND: POST /session/a25f034dab13e07f92a88167585c034b/element - {"using":"xpath","value":"(//li[contains(text(), \"stock increase yard\")])[1]"}
RESULT: {"using":"xpath","value":"(//li[contains(text(), \"stock increase yard\")])[1]"}
COMMAND: POST /session/a25f034dab13e07f92a88167585c034b/element/f.7B06FBE6B2D8891648293552B7C1D2EE.d.616E0BCD4502D8B43A52409B441156A6.e.4643/click - {}
RESULT: {}
COMMAND: GET /session/a25f034dab13e07f92a88167585c034b/screenshot - {}
RESULT: {}
RESULT: undefined
COMMAND: POST /session/a25f034dab13e07f92a88167585c034b/execute/async - {"script":"<script> [6424 bytes]","args":[{"element-6066-11e4-a52e-4f735466cecf":"f.7B06FBE6B2D8891648293552B7C1D2EE.d.616E0BCD4502D8B43A52409B441156A6.e.3674"},"setValue",["5/25/25"]]}
COMMAND: POST /session/a25f034dab13e07f92a88167585c034b/execute/async - {"script":"<script> [1562 bytes]","args":[{"selector":{"id":"application-managehandovers-display-component---AddNewHO--dueDate","interaction":{"idSuffix":"inner"}},"wdio_ui5_key":"applicationmanagehandovers-display-component---AddNewHO--dueDate"}]}
RESULT: {"script":"<script> [1562 bytes]","args":[{"selector":{"id":"application-managehandovers-display-component---AddNewHO--dueDate","interaction":{"idSuffix":"inner"}},"wdio_ui5_key":"applicationmanagehandovers-display-component---AddNewHO--dueDate"}]}
COMMAND: POST /session/a25f034dab13e07f92a88167585c034b/execute/async - {"script":"<script> [6424 bytes]","args":[{"element-6066-11e4-a52e-4f735466cecf":"f.7B06FBE6B2D8891648293552B7C1D2EE.d.616E0BCD4502D8B43A52409B441156A6.e.4645"},"setValue",["5/25/25"]]}
RESULT: {"script":"<script> [6424 bytes]","args":[{"element-6066-11e4-a52e-4f735466cecf":"f.7B06FBE6B2D8891648293552B7C1D2EE.d.616E0BCD4502D8B43A52409B441156A6.e.4645"},"setValue",["5/25/25"]]}
COMMAND: POST /session/a25f034dab13e07f92a88167585c034b/element - {"using":"xpath","value":"//input[@id=\"generalSectionFrg--receiveYard-inner\"]"}
RESULT: {"using":"xpath","value":"//input[@id=\"generalSectionFrg--receiveYard-inner\"]"}
COMMAND: POST /session/a25f034dab13e07f92a88167585c034b/element/f.7B06FBE6B2D8891648293552B7C1D2EE.d.616E0BCD4502D8B43A52409B441156A6.e.4651/clear - {}
RESULT: {}
COMMAND: POST /session/a25f034dab13e07f92a88167585c034b/element/f.7B06FBE6B2D8891648293552B7C1D2EE.d.616E0BCD4502D8B43A52409B441156A6.e.4651/value - {"text":"109"}
COMMAND: GET /session/a25f034dab13e07f92a88167585c034b/screenshot - {}
RESULT: {"text":"109"}
COMMAND: GET /session/a25f034dab13e07f92a88167585c034b/screenshot - {}
RESULT: {}
RESULT: {}
COMMAND: POST /session/a25f034dab13e07f92a88167585c034b/element - {"using":"xpath","value":"//li[.//span[text()='109']]"}
RESULT: {"using":"xpath","value":"//li[.//span[text()='109']]"}
COMMAND: POST /session/a25f034dab13e07f92a88167585c034b/element/f.7B06FBE6B2D8891648293552B7C1D2EE.d.616E0BCD4502D8B43A52409B441156A6.e.4667/click - {}
RESULT: {}
COMMAND: GET /session/a25f034dab13e07f92a88167585c034b/screenshot - {}
RESULT: {}
RESULT: undefined
COMMAND: POST /session/a25f034dab13e07f92a88167585c034b/element - {"using":"xpath","value":"//*[@id=\"application-managehandovers-display-component---AddNewHO--ObjectPageLayout-anchBar-application-managehandovers-display-component---AddNewHO--section4-anchor\"]"}
RESULT: {"using":"xpath","value":"//*[@id=\"application-managehandovers-display-component---AddNewHO--ObjectPageLayout-anchBar-application-managehandovers-display-component---AddNewHO--section4-anchor\"]"}
COMMAND: POST /session/a25f034dab13e07f92a88167585c034b/element/f.7B06FBE6B2D8891648293552B7C1D2EE.d.616E0BCD4502D8B43A52409B441156A6.e.4668/click - {}
RESULT: {}
COMMAND: POST /session/a25f034dab13e07f92a88167585c034b/element - {"using":"xpath","value":"//button[@aria-label=\"Add\"]"}
COMMAND: GET /session/a25f034dab13e07f92a88167585c034b/screenshot - {}
RESULT: {"using":"xpath","value":"//button[@aria-label=\"Add\"]"}
COMMAND: POST /session/a25f034dab13e07f92a88167585c034b/element/f.7B06FBE6B2D8891648293552B7C1D2EE.d.616E0BCD4502D8B43A52409B441156A6.e.4670/click - {}
RESULT: {}
RESULT: {}
COMMAND: GET /session/a25f034dab13e07f92a88167585c034b/screenshot - {}
RESULT: {}
RESULT: undefined
COMMAND: POST /session/a25f034dab13e07f92a88167585c034b/execute/async - {"script":"<script> [776 bytes]","args":[{"enterText":"200127","selector":{"id":"application-managehandovers-display-component---AddNewHO--smartFilterBar-btnBasicSearch","searchOpenDialogs":true,"interaction":{"idSuffix":"I"}},"clearTextFirst":true,"interactionType":"ENTER_TEXT"}]}
RESULT: {"script":"<script> [776 bytes]","args":[{"enterText":"200127","selector":{"id":"application-managehandovers-display-component---AddNewHO--smartFilterBar-btnBasicSearch","searchOpenDialogs":true,"interaction":{"idSuffix":"I"}},"clearTextFirst":true,"interactionType":"ENTER_TEXT"}]}
COMMAND: POST /session/a25f034dab13e07f92a88167585c034b/actions - {"actions":[{"id":"action20","type":"key","parameters":{},"actions":[{"type":"keyDown","value":""},{"type":"pause","duration":10},{"type":"keyUp","value":""}]}]}
RESULT: {"actions":[{"id":"action20","type":"key","parameters":{},"actions":[{"type":"keyDown","value":""},{"type":"pause","duration":10},{"type":"keyUp","value":""}]}]}
COMMAND: GET /session/a25f034dab13e07f92a88167585c034b/screenshot - {}
RESULT: {}
RESULT: undefined
COMMAND: POST /session/a25f034dab13e07f92a88167585c034b/element - {"using":"xpath","value":"//*[@id=\"application-managehandovers-display-component---AddNewHO--popup-sa\"]"}
RESULT: {"using":"xpath","value":"//*[@id=\"application-managehandovers-display-component---AddNewHO--popup-sa\"]"}
COMMAND: POST /session/a25f034dab13e07f92a88167585c034b/element/f.7B06FBE6B2D8891648293552B7C1D2EE.d.616E0BCD4502D8B43A52409B441156A6.e.4820/click - {}
RESULT: {}
COMMAND: GET /session/a25f034dab13e07f92a88167585c034b/screenshot - {}
RESULT: {}
COMMAND: POST /session/a25f034dab13e07f92a88167585c034b/element - {"using":"xpath","value":"//bdi[contains(text(), \"Select\")]"}
RESULT: {"using":"xpath","value":"//bdi[contains(text(), \"Select\")]"}
COMMAND: POST /session/a25f034dab13e07f92a88167585c034b/element/f.7B06FBE6B2D8891648293552B7C1D2EE.d.616E0BCD4502D8B43A52409B441156A6.e.4821/click - {}
RESULT: {}
COMMAND: GET /session/a25f034dab13e07f92a88167585c034b/screenshot - {}
RESULT: {}
COMMAND: POST /session/a25f034dab13e07f92a88167585c034b/element - {"using":"xpath","value":"//button[@data-kt=\"AddNewHOSaveButton\"]"}
RESULT: {"using":"xpath","value":"//button[@data-kt=\"AddNewHOSaveButton\"]"}
COMMAND: POST /session/a25f034dab13e07f92a88167585c034b/element/f.7B06FBE6B2D8891648293552B7C1D2EE.d.616E0BCD4502D8B43A52409B441156A6.e.4825/click - {}
RESULT: {}
COMMAND: GET /session/a25f034dab13e07f92a88167585c034b/screenshot - {}
RESULT: {}
RESULT: undefined
COMMAND: POST /session/a25f034dab13e07f92a88167585c034b/execute/async - {"script":"<script> [6424 bytes]","args":[{"element-6066-11e4-a52e-4f735466cecf":"f.7B06FBE6B2D8891648293552B7C1D2EE.d.616E0BCD4502D8B43A52409B441156A6.e.3888"},"setValue",["5/25/25"]]}
COMMAND: POST /session/a25f034dab13e07f92a88167585c034b/execute/async - {"script":"<script> [1562 bytes]","args":[{"selector":{"id":"receiptDatePicker","viewName":"etm.portal.ui.managehandovers.view.DetailExecuteHO","interaction":{"idSuffix":"inner"}},"wdio_ui5_key":"receiptDatePickeretmportal.ui.managehandovers.view.DetailExecuteHO"}]}
RESULT: {"script":"<script> [1562 bytes]","args":[{"selector":{"id":"receiptDatePicker","viewName":"etm.portal.ui.managehandovers.view.DetailExecuteHO","interaction":{"idSuffix":"inner"}},"wdio_ui5_key":"receiptDatePickeretmportal.ui.managehandovers.view.DetailExecuteHO"}]}
COMMAND: POST /session/a25f034dab13e07f92a88167585c034b/execute/async - {"script":"<script> [6424 bytes]","args":[{"element-6066-11e4-a52e-4f735466cecf":"f.7B06FBE6B2D8891648293552B7C1D2EE.d.616E0BCD4502D8B43A52409B441156A6.e.4854"},"setValue",["5/25/25"]]}
RESULT: {"script":"<script> [6424 bytes]","args":[{"element-6066-11e4-a52e-4f735466cecf":"f.7B06FBE6B2D8891648293552B7C1D2EE.d.616E0BCD4502D8B43A52409B441156A6.e.4854"},"setValue",["5/25/25"]]}
COMMAND: POST /session/a25f034dab13e07f92a88167585c034b/element - {"using":"xpath","value":"//button[@data-kt=\"ReceivingTableConfirmAllButton\"]"}
RESULT: {"using":"xpath","value":"//button[@data-kt=\"ReceivingTableConfirmAllButton\"]"}
COMMAND: POST /session/a25f034dab13e07f92a88167585c034b/element/f.7B06FBE6B2D8891648293552B7C1D2EE.d.616E0BCD4502D8B43A52409B441156A6.e.4868/click - {}
RESULT: {}
COMMAND: GET /session/a25f034dab13e07f92a88167585c034b/screenshot - {}
RESULT: {}
COMMAND: POST /session/a25f034dab13e07f92a88167585c034b/element - {"using":"xpath","value":"//bdi[contains(text(), \"OK\")]"}
RESULT: {"using":"xpath","value":"//bdi[contains(text(), \"OK\")]"}
COMMAND: POST /session/a25f034dab13e07f92a88167585c034b/element/f.7B06FBE6B2D8891648293552B7C1D2EE.d.616E0BCD4502D8B43A52409B441156A6.e.4870/click - {}
RESULT: {}
COMMAND: GET /session/a25f034dab13e07f92a88167585c034b/screenshot - {}
RESULT: {}
COMMAND: POST /session/a25f034dab13e07f92a88167585c034b/element - {"using":"xpath","value":"(//bdi[contains(text(), \"Receive\")])[2]"}
RESULT: {"using":"xpath","value":"(//bdi[contains(text(), \"Receive\")])[2]"}
COMMAND: POST /session/a25f034dab13e07f92a88167585c034b/element/f.7B06FBE6B2D8891648293552B7C1D2EE.d.616E0BCD4502D8B43A52409B441156A6.e.4872/click - {}
RESULT: {}
COMMAND: GET /session/a25f034dab13e07f92a88167585c034b/screenshot - {}
RESULT: {}
COMMAND: POST /session/a25f034dab13e07f92a88167585c034b/element - {"using":"css selector","value":"#shell-header-logo"}
RESULT: {"using":"css selector","value":"#shell-header-logo"}
COMMAND: POST /session/a25f034dab13e07f92a88167585c034b/element/f.7B06FBE6B2D8891648293552B7C1D2EE.d.616E0BCD4502D8B43A52409B441156A6.e.4181/click - {}
RESULT: {}
COMMAND: GET /session/a25f034dab13e07f92a88167585c034b/screenshot - {}
RESULT: {}
]]></system-out>
    </testcase>
    <testcase classname="chrome.136_0_7103_93.windows.RU_Inventory_Mass_State_Change_Multiple_Items_US151066" name="Step 2 Should do a RU inventory mass state change on chosen yard 109 with the resources created one equipment one material the existing ones too" time="267.822">
      <system-out><![CDATA[
RESULT: undefined
COMMAND: POST /session/a25f034dab13e07f92a88167585c034b/element - {"using":"xpath","value":"//*[@id=\"__tile99\"]"}
RESULT: {"using":"xpath","value":"//*[@id=\"__tile99\"]"}
COMMAND: POST /session/a25f034dab13e07f92a88167585c034b/element/f.7B06FBE6B2D8891648293552B7C1D2EE.d.616E0BCD4502D8B43A52409B441156A6.e.256/click - {}
RESULT: {}
COMMAND: GET /session/a25f034dab13e07f92a88167585c034b/screenshot - {}
RESULT: {}
COMMAND: POST /session/a25f034dab13e07f92a88167585c034b/elements - {"using":"xpath","value":"//span[text()='Error']"}
RESULT: {"using":"xpath","value":"//span[text()='Error']"}
COMMAND: POST /session/a25f034dab13e07f92a88167585c034b/element - {"using":"xpath","value":"//button[contains(@id, \"massStateBtn\")]"}
RESULT: {"using":"xpath","value":"//button[contains(@id, \"massStateBtn\")]"}
COMMAND: POST /session/a25f034dab13e07f92a88167585c034b/elements - {"using":"xpath","value":"//button[contains(@id, \"massStateBtn\")]"}
RESULT: {"using":"xpath","value":"//button[contains(@id, \"massStateBtn\")]"}
COMMAND: POST /session/a25f034dab13e07f92a88167585c034b/execute/sync - {"script":"<script> [8489 bytes]","args":[{"element-6066-11e4-a52e-4f735466cecf":"f.7B06FBE6B2D8891648293552B7C1D2EE.d.616E0BCD4502D8B43A52409B441156A6.e.5097","ELEMENT":"f.7B06FBE6B2D8891648293552B7C1D2EE.d.616E0BCD4502D8B43A52409B441156A6.e.5097"}]}
RESULT: {"script":"<script> [8489 bytes]","args":[{"element-6066-11e4-a52e-4f735466cecf":"f.7B06FBE6B2D8891648293552B7C1D2EE.d.616E0BCD4502D8B43A52409B441156A6.e.5097","ELEMENT":"f.7B06FBE6B2D8891648293552B7C1D2EE.d.616E0BCD4502D8B43A52409B441156A6.e.5097"}]}
COMMAND: GET /session/a25f034dab13e07f92a88167585c034b/element/f.7B06FBE6B2D8891648293552B7C1D2EE.d.616E0BCD4502D8B43A52409B441156A6.e.5097/enabled - {}
COMMAND: GET /session/a25f034dab13e07f92a88167585c034b/screenshot - {}
RESULT: {}
COMMAND: POST /session/a25f034dab13e07f92a88167585c034b/execute/sync - {"script":"<script> [8489 bytes]","args":[{"element-6066-11e4-a52e-4f735466cecf":"f.7B06FBE6B2D8891648293552B7C1D2EE.d.616E0BCD4502D8B43A52409B441156A6.e.5097","ELEMENT":"f.7B06FBE6B2D8891648293552B7C1D2EE.d.616E0BCD4502D8B43A52409B441156A6.e.5097"}]}
COMMAND: GET /session/a25f034dab13e07f92a88167585c034b/screenshot - {}
RESULT: {}
RESULT: {"script":"<script> [8489 bytes]","args":[{"element-6066-11e4-a52e-4f735466cecf":"f.7B06FBE6B2D8891648293552B7C1D2EE.d.616E0BCD4502D8B43A52409B441156A6.e.5097","ELEMENT":"f.7B06FBE6B2D8891648293552B7C1D2EE.d.616E0BCD4502D8B43A52409B441156A6.e.5097"}]}
COMMAND: POST /session/a25f034dab13e07f92a88167585c034b/execute/sync - {"script":"<script> [5351 bytes]","args":[{"element-6066-11e4-a52e-4f735466cecf":"f.7B06FBE6B2D8891648293552B7C1D2EE.d.616E0BCD4502D8B43A52409B441156A6.e.5097","ELEMENT":"f.7B06FBE6B2D8891648293552B7C1D2EE.d.616E0BCD4502D8B43A52409B441156A6.e.5097"}]}
COMMAND: GET /session/a25f034dab13e07f92a88167585c034b/screenshot - {}
RESULT: {}
RESULT: {"script":"<script> [5351 bytes]","args":[{"element-6066-11e4-a52e-4f735466cecf":"f.7B06FBE6B2D8891648293552B7C1D2EE.d.616E0BCD4502D8B43A52409B441156A6.e.5097","ELEMENT":"f.7B06FBE6B2D8891648293552B7C1D2EE.d.616E0BCD4502D8B43A52409B441156A6.e.5097"}]}
COMMAND: POST /session/a25f034dab13e07f92a88167585c034b/element/f.7B06FBE6B2D8891648293552B7C1D2EE.d.616E0BCD4502D8B43A52409B441156A6.e.5097/click - {}
COMMAND: GET /session/a25f034dab13e07f92a88167585c034b/screenshot - {}
RESULT: {}
RESULT: {}
COMMAND: GET /session/a25f034dab13e07f92a88167585c034b/screenshot - {}
RESULT: {}
RESULT: {}
RESULT: undefined
COMMAND: POST /session/a25f034dab13e07f92a88167585c034b/element - {"using":"xpath","value":"//*[@id=\"application-ruinventorylist-display-component---Master--ruLocationTypeComboBox-arrow\"]"}
RESULT: {"using":"xpath","value":"//*[@id=\"application-ruinventorylist-display-component---Master--ruLocationTypeComboBox-arrow\"]"}
COMMAND: POST /session/a25f034dab13e07f92a88167585c034b/element/f.7B06FBE6B2D8891648293552B7C1D2EE.d.616E0BCD4502D8B43A52409B441156A6.e.5548/click - {}
RESULT: {}
COMMAND: GET /session/a25f034dab13e07f92a88167585c034b/screenshot - {}
RESULT: {}
COMMAND: POST /session/a25f034dab13e07f92a88167585c034b/element - {"using":"xpath","value":"//li[.//span[text()='Yard']]"}
RESULT: {"using":"xpath","value":"//li[.//span[text()='Yard']]"}
COMMAND: POST /session/a25f034dab13e07f92a88167585c034b/element/f.7B06FBE6B2D8891648293552B7C1D2EE.d.616E0BCD4502D8B43A52409B441156A6.e.5549/click - {}
RESULT: {}
COMMAND: GET /session/a25f034dab13e07f92a88167585c034b/screenshot - {}
RESULT: {}
RESULT: undefined
COMMAND: POST /session/a25f034dab13e07f92a88167585c034b/element - {"using":"xpath","value":"//*[@id=\"application-ruinventorylist-display-component---Master--smartFilterBar-filterItemControl_BASIC-YARD-vhi\"]"}
RESULT: {"using":"xpath","value":"//*[@id=\"application-ruinventorylist-display-component---Master--smartFilterBar-filterItemControl_BASIC-YARD-vhi\"]"}
COMMAND: POST /session/a25f034dab13e07f92a88167585c034b/element/f.7B06FBE6B2D8891648293552B7C1D2EE.d.616E0BCD4502D8B43A52409B441156A6.e.5580/click - {}
RESULT: {}
COMMAND: GET /session/a25f034dab13e07f92a88167585c034b/screenshot - {}
RESULT: {}
RESULT: undefined
COMMAND: POST /session/a25f034dab13e07f92a88167585c034b/execute/async - {"script":"<script> [776 bytes]","args":[{"enterText":"109","selector":{"id":"application-ruinventorylist-display-component---Master--smartFilterBar-filterItemControl_BASIC-YARD-valueHelpDialog-smartFilterBar-btnBasicSearch","searchOpenDialogs":true,"interaction":{"idSuffix":"I"}},"clearTextFirst":true,"interactionType":"ENTER_TEXT"}]}
RESULT: {"script":"<script> [776 bytes]","args":[{"enterText":"109","selector":{"id":"application-ruinventorylist-display-component---Master--smartFilterBar-filterItemControl_BASIC-YARD-valueHelpDialog-smartFilterBar-btnBasicSearch","searchOpenDialogs":true,"interaction":{"idSuffix":"I"}},"clearTextFirst":true,"interactionType":"ENTER_TEXT"}]}
COMMAND: POST /session/a25f034dab13e07f92a88167585c034b/actions - {"actions":[{"id":"action21","type":"key","parameters":{},"actions":[{"type":"keyDown","value":""},{"type":"pause","duration":10},{"type":"keyUp","value":""}]}]}
RESULT: {"actions":[{"id":"action21","type":"key","parameters":{},"actions":[{"type":"keyDown","value":""},{"type":"pause","duration":10},{"type":"keyUp","value":""}]}]}
COMMAND: GET /session/a25f034dab13e07f92a88167585c034b/screenshot - {}
RESULT: {}
COMMAND: POST /session/a25f034dab13e07f92a88167585c034b/elements - {"using":"xpath","value":"//table[contains(@id, \"filterItemControl_BASIC-YARD-valueHelpDialog-table-table\")]/tbody/tr"}
RESULT: {"using":"xpath","value":"//table[contains(@id, \"filterItemControl_BASIC-YARD-valueHelpDialog-table-table\")]/tbody/tr"}
COMMAND: POST /session/a25f034dab13e07f92a88167585c034b/element - {"using":"xpath","value":"//table[contains(@id, \"filterItemControl_BASIC-YARD-valueHelpDialog-table-table\")]/tbody/tr[1]/td[1]/div/span"}
RESULT: {"using":"xpath","value":"//table[contains(@id, \"filterItemControl_BASIC-YARD-valueHelpDialog-table-table\")]/tbody/tr[1]/td[1]/div/span"}
COMMAND: POST /session/a25f034dab13e07f92a88167585c034b/elements - {"using":"xpath","value":"//table[contains(@id, \"filterItemControl_BASIC-YARD-valueHelpDialog-table-table\")]/tbody/tr[1]/td[1]/div/span"}
RESULT: {"using":"xpath","value":"//table[contains(@id, \"filterItemControl_BASIC-YARD-valueHelpDialog-table-table\")]/tbody/tr[1]/td[1]/div/span"}
COMMAND: POST /session/a25f034dab13e07f92a88167585c034b/execute/sync - {"script":"<script> [56 bytes]","args":[{"element-6066-11e4-a52e-4f735466cecf":"f.7B06FBE6B2D8891648293552B7C1D2EE.d.616E0BCD4502D8B43A52409B441156A6.e.5600","ELEMENT":"f.7B06FBE6B2D8891648293552B7C1D2EE.d.616E0BCD4502D8B43A52409B441156A6.e.5600"}]}
RESULT: {"script":"<script> [56 bytes]","args":[{"element-6066-11e4-a52e-4f735466cecf":"f.7B06FBE6B2D8891648293552B7C1D2EE.d.616E0BCD4502D8B43A52409B441156A6.e.5600","ELEMENT":"f.7B06FBE6B2D8891648293552B7C1D2EE.d.616E0BCD4502D8B43A52409B441156A6.e.5600"}]}
COMMAND: POST /session/a25f034dab13e07f92a88167585c034b/element - {"using":"xpath","value":"//div[contains(@id, \"filterItemControl_BASIC-YARD-valueHelpDialog-table-rowsel0\")]"}
COMMAND: GET /session/a25f034dab13e07f92a88167585c034b/screenshot - {}
RESULT: {"using":"xpath","value":"//div[contains(@id, \"filterItemControl_BASIC-YARD-valueHelpDialog-table-rowsel0\")]"}
COMMAND: POST /session/a25f034dab13e07f92a88167585c034b/element/f.7B06FBE6B2D8891648293552B7C1D2EE.d.616E0BCD4502D8B43A52409B441156A6.e.5601/click - {}
RESULT: {}
RESULT: {}
COMMAND: GET /session/a25f034dab13e07f92a88167585c034b/screenshot - {}
RESULT: {}
COMMAND: POST /session/a25f034dab13e07f92a88167585c034b/element - {"using":"xpath","value":"//div[contains(@id, \"smartFilterBar-filterItemControl_BASIC-YARD-valueHelpDialog-smartFilterBar-btnBasicSearch-reset\")]"}
RESULT: {"using":"xpath","value":"//div[contains(@id, \"smartFilterBar-filterItemControl_BASIC-YARD-valueHelpDialog-smartFilterBar-btnBasicSearch-reset\")]"}
COMMAND: POST /session/a25f034dab13e07f92a88167585c034b/element/f.7B06FBE6B2D8891648293552B7C1D2EE.d.616E0BCD4502D8B43A52409B441156A6.e.5603/click - {}
RESULT: {}
RESULT: undefined
COMMAND: POST /session/a25f034dab13e07f92a88167585c034b/execute/async - {"script":"<script> [776 bytes]","args":[{"enterText":"OPA5_BST01_YARD1","selector":{"id":"application-ruinventorylist-display-component---Master--smartFilterBar-filterItemControl_BASIC-YARD-valueHelpDialog-smartFilterBar-btnBasicSearch","searchOpenDialogs":true,"interaction":{"idSuffix":"I"}},"clearTextFirst":true,"interactionType":"ENTER_TEXT"}]}
COMMAND: GET /session/a25f034dab13e07f92a88167585c034b/screenshot - {}
RESULT: {"script":"<script> [776 bytes]","args":[{"enterText":"OPA5_BST01_YARD1","selector":{"id":"application-ruinventorylist-display-component---Master--smartFilterBar-filterItemControl_BASIC-YARD-valueHelpDialog-smartFilterBar-btnBasicSearch","searchOpenDialogs":true,"interaction":{"idSuffix":"I"}},"clearTextFirst":true,"interactionType":"ENTER_TEXT"}]}
COMMAND: POST /session/a25f034dab13e07f92a88167585c034b/actions - {"actions":[{"id":"action22","type":"key","parameters":{},"actions":[{"type":"keyDown","value":""},{"type":"pause","duration":10},{"type":"keyUp","value":""}]}]}
RESULT: {}
RESULT: {"actions":[{"id":"action22","type":"key","parameters":{},"actions":[{"type":"keyDown","value":""},{"type":"pause","duration":10},{"type":"keyUp","value":""}]}]}
COMMAND: GET /session/a25f034dab13e07f92a88167585c034b/screenshot - {}
RESULT: {}
COMMAND: POST /session/a25f034dab13e07f92a88167585c034b/elements - {"using":"xpath","value":"//table[contains(@id, \"filterItemControl_BASIC-YARD-valueHelpDialog-table-table\")]/tbody/tr"}
RESULT: {"using":"xpath","value":"//table[contains(@id, \"filterItemControl_BASIC-YARD-valueHelpDialog-table-table\")]/tbody/tr"}
COMMAND: POST /session/a25f034dab13e07f92a88167585c034b/element - {"using":"xpath","value":"//table[contains(@id, \"filterItemControl_BASIC-YARD-valueHelpDialog-table-table\")]/tbody/tr[1]/td[1]/div/span"}
RESULT: {"using":"xpath","value":"//table[contains(@id, \"filterItemControl_BASIC-YARD-valueHelpDialog-table-table\")]/tbody/tr[1]/td[1]/div/span"}
COMMAND: POST /session/a25f034dab13e07f92a88167585c034b/elements - {"using":"xpath","value":"//table[contains(@id, \"filterItemControl_BASIC-YARD-valueHelpDialog-table-table\")]/tbody/tr[1]/td[1]/div/span"}
RESULT: {"using":"xpath","value":"//table[contains(@id, \"filterItemControl_BASIC-YARD-valueHelpDialog-table-table\")]/tbody/tr[1]/td[1]/div/span"}
COMMAND: POST /session/a25f034dab13e07f92a88167585c034b/execute/sync - {"script":"<script> [56 bytes]","args":[{"element-6066-11e4-a52e-4f735466cecf":"f.7B06FBE6B2D8891648293552B7C1D2EE.d.616E0BCD4502D8B43A52409B441156A6.e.5600","ELEMENT":"f.7B06FBE6B2D8891648293552B7C1D2EE.d.616E0BCD4502D8B43A52409B441156A6.e.5600"}]}
RESULT: {"script":"<script> [56 bytes]","args":[{"element-6066-11e4-a52e-4f735466cecf":"f.7B06FBE6B2D8891648293552B7C1D2EE.d.616E0BCD4502D8B43A52409B441156A6.e.5600","ELEMENT":"f.7B06FBE6B2D8891648293552B7C1D2EE.d.616E0BCD4502D8B43A52409B441156A6.e.5600"}]}
COMMAND: POST /session/a25f034dab13e07f92a88167585c034b/element - {"using":"xpath","value":"//div[contains(@id, \"filterItemControl_BASIC-YARD-valueHelpDialog-table-rowsel0\")]"}
COMMAND: GET /session/a25f034dab13e07f92a88167585c034b/screenshot - {}
RESULT: {"using":"xpath","value":"//div[contains(@id, \"filterItemControl_BASIC-YARD-valueHelpDialog-table-rowsel0\")]"}
COMMAND: POST /session/a25f034dab13e07f92a88167585c034b/element/f.7B06FBE6B2D8891648293552B7C1D2EE.d.616E0BCD4502D8B43A52409B441156A6.e.5601/click - {}
RESULT: {}
RESULT: {}
COMMAND: GET /session/a25f034dab13e07f92a88167585c034b/screenshot - {}
RESULT: {}
COMMAND: POST /session/a25f034dab13e07f92a88167585c034b/element - {"using":"xpath","value":"(//bdi[contains(text(), \"OK\")])[1]"}
RESULT: {"using":"xpath","value":"(//bdi[contains(text(), \"OK\")])[1]"}
COMMAND: POST /session/a25f034dab13e07f92a88167585c034b/element/f.7B06FBE6B2D8891648293552B7C1D2EE.d.616E0BCD4502D8B43A52409B441156A6.e.5604/click - {}
RESULT: {}
COMMAND: GET /session/a25f034dab13e07f92a88167585c034b/screenshot - {}
RESULT: {}
COMMAND: POST /session/a25f034dab13e07f92a88167585c034b/element - {"using":"xpath","value":"//span[@id=\"application-ruinventorylist-display-component---Master--smartTableRuInventoryList-header-inner\"]"}
RESULT: {"using":"xpath","value":"//span[@id=\"application-ruinventorylist-display-component---Master--smartTableRuInventoryList-header-inner\"]"}
COMMAND: POST /session/a25f034dab13e07f92a88167585c034b/elements - {"using":"xpath","value":"//span[@id=\"application-ruinventorylist-display-component---Master--smartTableRuInventoryList-header-inner\"]"}
RESULT: {"using":"xpath","value":"//span[@id=\"application-ruinventorylist-display-component---Master--smartTableRuInventoryList-header-inner\"]"}
COMMAND: POST /session/a25f034dab13e07f92a88167585c034b/execute/sync - {"script":"<script> [56 bytes]","args":[{"element-6066-11e4-a52e-4f735466cecf":"f.7B06FBE6B2D8891648293552B7C1D2EE.d.616E0BCD4502D8B43A52409B441156A6.e.5743","ELEMENT":"f.7B06FBE6B2D8891648293552B7C1D2EE.d.616E0BCD4502D8B43A52409B441156A6.e.5743"}]}
RESULT: {"script":"<script> [56 bytes]","args":[{"element-6066-11e4-a52e-4f735466cecf":"f.7B06FBE6B2D8891648293552B7C1D2EE.d.616E0BCD4502D8B43A52409B441156A6.e.5743","ELEMENT":"f.7B06FBE6B2D8891648293552B7C1D2EE.d.616E0BCD4502D8B43A52409B441156A6.e.5743"}]}
RESULT: undefined
COMMAND: POST /session/a25f034dab13e07f92a88167585c034b/execute/async - {"script":"<script> [776 bytes]","args":[{"enterText":"600002","selector":{"id":"application-ruinventorylist-display-component---Master--smartFilterBar-btnBasicSearch","interaction":{"idSuffix":"I"}},"clearTextFirst":true,"interactionType":"ENTER_TEXT"}]}
COMMAND: GET /session/a25f034dab13e07f92a88167585c034b/screenshot - {}
RESULT: {"script":"<script> [776 bytes]","args":[{"enterText":"600002","selector":{"id":"application-ruinventorylist-display-component---Master--smartFilterBar-btnBasicSearch","interaction":{"idSuffix":"I"}},"clearTextFirst":true,"interactionType":"ENTER_TEXT"}]}
COMMAND: POST /session/a25f034dab13e07f92a88167585c034b/actions - {"actions":[{"id":"action23","type":"key","parameters":{},"actions":[{"type":"keyDown","value":""},{"type":"pause","duration":10},{"type":"keyUp","value":""}]}]}
RESULT: {}
RESULT: {"actions":[{"id":"action23","type":"key","parameters":{},"actions":[{"type":"keyDown","value":""},{"type":"pause","duration":10},{"type":"keyUp","value":""}]}]}
COMMAND: GET /session/a25f034dab13e07f92a88167585c034b/screenshot - {}
RESULT: {}
COMMAND: POST /session/a25f034dab13e07f92a88167585c034b/element - {"using":"xpath","value":"//span[@id=\"application-ruinventorylist-display-component---Master--smartTableRuInventoryList-header-inner\"]"}
RESULT: {"using":"xpath","value":"//span[@id=\"application-ruinventorylist-display-component---Master--smartTableRuInventoryList-header-inner\"]"}
COMMAND: POST /session/a25f034dab13e07f92a88167585c034b/elements - {"using":"xpath","value":"//span[@id=\"application-ruinventorylist-display-component---Master--smartTableRuInventoryList-header-inner\"]"}
RESULT: {"using":"xpath","value":"//span[@id=\"application-ruinventorylist-display-component---Master--smartTableRuInventoryList-header-inner\"]"}
COMMAND: POST /session/a25f034dab13e07f92a88167585c034b/execute/sync - {"script":"<script> [56 bytes]","args":[{"element-6066-11e4-a52e-4f735466cecf":"f.7B06FBE6B2D8891648293552B7C1D2EE.d.616E0BCD4502D8B43A52409B441156A6.e.5743","ELEMENT":"f.7B06FBE6B2D8891648293552B7C1D2EE.d.616E0BCD4502D8B43A52409B441156A6.e.5743"}]}
RESULT: {"script":"<script> [56 bytes]","args":[{"element-6066-11e4-a52e-4f735466cecf":"f.7B06FBE6B2D8891648293552B7C1D2EE.d.616E0BCD4502D8B43A52409B441156A6.e.5743","ELEMENT":"f.7B06FBE6B2D8891648293552B7C1D2EE.d.616E0BCD4502D8B43A52409B441156A6.e.5743"}]}
COMMAND: POST /session/a25f034dab13e07f92a88167585c034b/element - {"using":"xpath","value":"//table[contains(@id, \"application-ruinventorylist-display-component---Master--tableRuInventoryList-listUl\")]/tbody/tr[1]/td[2]/div/div"}
COMMAND: GET /session/a25f034dab13e07f92a88167585c034b/screenshot - {}
RESULT: {"using":"xpath","value":"//table[contains(@id, \"application-ruinventorylist-display-component---Master--tableRuInventoryList-listUl\")]/tbody/tr[1]/td[2]/div/div"}
COMMAND: POST /session/a25f034dab13e07f92a88167585c034b/element/f.7B06FBE6B2D8891648293552B7C1D2EE.d.616E0BCD4502D8B43A52409B441156A6.e.5749/click - {}
RESULT: {}
RESULT: {}
COMMAND: GET /session/a25f034dab13e07f92a88167585c034b/screenshot - {}
RESULT: {}
COMMAND: POST /session/a25f034dab13e07f92a88167585c034b/element - {"using":"xpath","value":"//div[contains(@id, \"smartFilterBar-btnBasicSearch-reset\")]"}
RESULT: {"using":"xpath","value":"//div[contains(@id, \"smartFilterBar-btnBasicSearch-reset\")]"}
COMMAND: POST /session/a25f034dab13e07f92a88167585c034b/element/f.7B06FBE6B2D8891648293552B7C1D2EE.d.616E0BCD4502D8B43A52409B441156A6.e.5759/click - {}
RESULT: {}
COMMAND: GET /session/a25f034dab13e07f92a88167585c034b/screenshot - {}
RESULT: {}
RESULT: undefined
COMMAND: POST /session/a25f034dab13e07f92a88167585c034b/execute/async - {"script":"<script> [776 bytes]","args":[{"enterText":"401002","selector":{"id":"application-ruinventorylist-display-component---Master--smartFilterBar-btnBasicSearch","interaction":{"idSuffix":"I"}},"clearTextFirst":true,"interactionType":"ENTER_TEXT"}]}
RESULT: {"script":"<script> [776 bytes]","args":[{"enterText":"401002","selector":{"id":"application-ruinventorylist-display-component---Master--smartFilterBar-btnBasicSearch","interaction":{"idSuffix":"I"}},"clearTextFirst":true,"interactionType":"ENTER_TEXT"}]}
COMMAND: POST /session/a25f034dab13e07f92a88167585c034b/actions - {"actions":[{"id":"action24","type":"key","parameters":{},"actions":[{"type":"keyDown","value":""},{"type":"pause","duration":10},{"type":"keyUp","value":""}]}]}
RESULT: {"actions":[{"id":"action24","type":"key","parameters":{},"actions":[{"type":"keyDown","value":""},{"type":"pause","duration":10},{"type":"keyUp","value":""}]}]}
COMMAND: GET /session/a25f034dab13e07f92a88167585c034b/screenshot - {}
RESULT: {}
COMMAND: POST /session/a25f034dab13e07f92a88167585c034b/element - {"using":"xpath","value":"//span[@id=\"application-ruinventorylist-display-component---Master--smartTableRuInventoryList-header-inner\"]"}
RESULT: {"using":"xpath","value":"//span[@id=\"application-ruinventorylist-display-component---Master--smartTableRuInventoryList-header-inner\"]"}
COMMAND: POST /session/a25f034dab13e07f92a88167585c034b/elements - {"using":"xpath","value":"//span[@id=\"application-ruinventorylist-display-component---Master--smartTableRuInventoryList-header-inner\"]"}
RESULT: {"using":"xpath","value":"//span[@id=\"application-ruinventorylist-display-component---Master--smartTableRuInventoryList-header-inner\"]"}
COMMAND: POST /session/a25f034dab13e07f92a88167585c034b/execute/sync - {"script":"<script> [56 bytes]","args":[{"element-6066-11e4-a52e-4f735466cecf":"f.7B06FBE6B2D8891648293552B7C1D2EE.d.616E0BCD4502D8B43A52409B441156A6.e.5743","ELEMENT":"f.7B06FBE6B2D8891648293552B7C1D2EE.d.616E0BCD4502D8B43A52409B441156A6.e.5743"}]}
RESULT: {"script":"<script> [56 bytes]","args":[{"element-6066-11e4-a52e-4f735466cecf":"f.7B06FBE6B2D8891648293552B7C1D2EE.d.616E0BCD4502D8B43A52409B441156A6.e.5743","ELEMENT":"f.7B06FBE6B2D8891648293552B7C1D2EE.d.616E0BCD4502D8B43A52409B441156A6.e.5743"}]}
COMMAND: POST /session/a25f034dab13e07f92a88167585c034b/element - {"using":"xpath","value":"//table[contains(@id, \"application-ruinventorylist-display-component---Master--tableRuInventoryList-listUl\")]/tbody/tr[1]/td[2]/div/div"}
COMMAND: GET /session/a25f034dab13e07f92a88167585c034b/screenshot - {}
RESULT: {"using":"xpath","value":"//table[contains(@id, \"application-ruinventorylist-display-component---Master--tableRuInventoryList-listUl\")]/tbody/tr[1]/td[2]/div/div"}
COMMAND: POST /session/a25f034dab13e07f92a88167585c034b/element/f.7B06FBE6B2D8891648293552B7C1D2EE.d.616E0BCD4502D8B43A52409B441156A6.e.5898/click - {}
RESULT: {}
RESULT: {}
COMMAND: GET /session/a25f034dab13e07f92a88167585c034b/screenshot - {}
RESULT: {}
COMMAND: POST /session/a25f034dab13e07f92a88167585c034b/element - {"using":"xpath","value":"//div[contains(@id, \"smartFilterBar-btnBasicSearch-reset\")]"}
RESULT: {"using":"xpath","value":"//div[contains(@id, \"smartFilterBar-btnBasicSearch-reset\")]"}
COMMAND: POST /session/a25f034dab13e07f92a88167585c034b/element/f.7B06FBE6B2D8891648293552B7C1D2EE.d.616E0BCD4502D8B43A52409B441156A6.e.5759/click - {}
RESULT: {}
COMMAND: GET /session/a25f034dab13e07f92a88167585c034b/screenshot - {}
RESULT: {}
RESULT: undefined
COMMAND: POST /session/a25f034dab13e07f92a88167585c034b/execute/async - {"script":"<script> [776 bytes]","args":[{"enterText":"PSY5Cc8krJ","selector":{"id":"application-ruinventorylist-display-component---Master--smartFilterBar-btnBasicSearch","interaction":{"idSuffix":"I"}},"clearTextFirst":true,"interactionType":"ENTER_TEXT"}]}
RESULT: {"script":"<script> [776 bytes]","args":[{"enterText":"PSY5Cc8krJ","selector":{"id":"application-ruinventorylist-display-component---Master--smartFilterBar-btnBasicSearch","interaction":{"idSuffix":"I"}},"clearTextFirst":true,"interactionType":"ENTER_TEXT"}]}
COMMAND: POST /session/a25f034dab13e07f92a88167585c034b/actions - {"actions":[{"id":"action25","type":"key","parameters":{},"actions":[{"type":"keyDown","value":""},{"type":"pause","duration":10},{"type":"keyUp","value":""}]}]}
RESULT: {"actions":[{"id":"action25","type":"key","parameters":{},"actions":[{"type":"keyDown","value":""},{"type":"pause","duration":10},{"type":"keyUp","value":""}]}]}
COMMAND: GET /session/a25f034dab13e07f92a88167585c034b/screenshot - {}
RESULT: {}
COMMAND: POST /session/a25f034dab13e07f92a88167585c034b/element - {"using":"xpath","value":"//span[@id=\"application-ruinventorylist-display-component---Master--smartTableRuInventoryList-header-inner\"]"}
RESULT: {"using":"xpath","value":"//span[@id=\"application-ruinventorylist-display-component---Master--smartTableRuInventoryList-header-inner\"]"}
COMMAND: POST /session/a25f034dab13e07f92a88167585c034b/elements - {"using":"xpath","value":"//span[@id=\"application-ruinventorylist-display-component---Master--smartTableRuInventoryList-header-inner\"]"}
RESULT: {"using":"xpath","value":"//span[@id=\"application-ruinventorylist-display-component---Master--smartTableRuInventoryList-header-inner\"]"}
COMMAND: POST /session/a25f034dab13e07f92a88167585c034b/execute/sync - {"script":"<script> [56 bytes]","args":[{"element-6066-11e4-a52e-4f735466cecf":"f.7B06FBE6B2D8891648293552B7C1D2EE.d.616E0BCD4502D8B43A52409B441156A6.e.5743","ELEMENT":"f.7B06FBE6B2D8891648293552B7C1D2EE.d.616E0BCD4502D8B43A52409B441156A6.e.5743"}]}
RESULT: {"script":"<script> [56 bytes]","args":[{"element-6066-11e4-a52e-4f735466cecf":"f.7B06FBE6B2D8891648293552B7C1D2EE.d.616E0BCD4502D8B43A52409B441156A6.e.5743","ELEMENT":"f.7B06FBE6B2D8891648293552B7C1D2EE.d.616E0BCD4502D8B43A52409B441156A6.e.5743"}]}
COMMAND: POST /session/a25f034dab13e07f92a88167585c034b/element - {"using":"xpath","value":"//table[contains(@id, \"application-ruinventorylist-display-component---Master--tableRuInventoryList-listUl\")]/tbody/tr[1]/td[2]/div/div"}
COMMAND: GET /session/a25f034dab13e07f92a88167585c034b/screenshot - {}
RESULT: {"using":"xpath","value":"//table[contains(@id, \"application-ruinventorylist-display-component---Master--tableRuInventoryList-listUl\")]/tbody/tr[1]/td[2]/div/div"}
COMMAND: POST /session/a25f034dab13e07f92a88167585c034b/element/f.7B06FBE6B2D8891648293552B7C1D2EE.d.616E0BCD4502D8B43A52409B441156A6.e.6042/click - {}
RESULT: {}
RESULT: {}
COMMAND: GET /session/a25f034dab13e07f92a88167585c034b/screenshot - {}
RESULT: {}
COMMAND: POST /session/a25f034dab13e07f92a88167585c034b/element - {"using":"xpath","value":"//div[contains(@id, \"smartFilterBar-btnBasicSearch-reset\")]"}
RESULT: {"using":"xpath","value":"//div[contains(@id, \"smartFilterBar-btnBasicSearch-reset\")]"}
COMMAND: POST /session/a25f034dab13e07f92a88167585c034b/element/f.7B06FBE6B2D8891648293552B7C1D2EE.d.616E0BCD4502D8B43A52409B441156A6.e.5759/click - {}
RESULT: {}
COMMAND: GET /session/a25f034dab13e07f92a88167585c034b/screenshot - {}
RESULT: {}
RESULT: undefined
COMMAND: POST /session/a25f034dab13e07f92a88167585c034b/execute/async - {"script":"<script> [776 bytes]","args":[{"enterText":"200127","selector":{"id":"application-ruinventorylist-display-component---Master--smartFilterBar-btnBasicSearch","interaction":{"idSuffix":"I"}},"clearTextFirst":true,"interactionType":"ENTER_TEXT"}]}
RESULT: {"script":"<script> [776 bytes]","args":[{"enterText":"200127","selector":{"id":"application-ruinventorylist-display-component---Master--smartFilterBar-btnBasicSearch","interaction":{"idSuffix":"I"}},"clearTextFirst":true,"interactionType":"ENTER_TEXT"}]}
COMMAND: POST /session/a25f034dab13e07f92a88167585c034b/actions - {"actions":[{"id":"action26","type":"key","parameters":{},"actions":[{"type":"keyDown","value":""},{"type":"pause","duration":10},{"type":"keyUp","value":""}]}]}
RESULT: {"actions":[{"id":"action26","type":"key","parameters":{},"actions":[{"type":"keyDown","value":""},{"type":"pause","duration":10},{"type":"keyUp","value":""}]}]}
COMMAND: GET /session/a25f034dab13e07f92a88167585c034b/screenshot - {}
RESULT: {}
COMMAND: POST /session/a25f034dab13e07f92a88167585c034b/element - {"using":"xpath","value":"//span[@id=\"application-ruinventorylist-display-component---Master--smartTableRuInventoryList-header-inner\"]"}
RESULT: {"using":"xpath","value":"//span[@id=\"application-ruinventorylist-display-component---Master--smartTableRuInventoryList-header-inner\"]"}
COMMAND: POST /session/a25f034dab13e07f92a88167585c034b/elements - {"using":"xpath","value":"//span[@id=\"application-ruinventorylist-display-component---Master--smartTableRuInventoryList-header-inner\"]"}
RESULT: {"using":"xpath","value":"//span[@id=\"application-ruinventorylist-display-component---Master--smartTableRuInventoryList-header-inner\"]"}
COMMAND: POST /session/a25f034dab13e07f92a88167585c034b/execute/sync - {"script":"<script> [56 bytes]","args":[{"element-6066-11e4-a52e-4f735466cecf":"f.7B06FBE6B2D8891648293552B7C1D2EE.d.616E0BCD4502D8B43A52409B441156A6.e.5743","ELEMENT":"f.7B06FBE6B2D8891648293552B7C1D2EE.d.616E0BCD4502D8B43A52409B441156A6.e.5743"}]}
RESULT: {"script":"<script> [56 bytes]","args":[{"element-6066-11e4-a52e-4f735466cecf":"f.7B06FBE6B2D8891648293552B7C1D2EE.d.616E0BCD4502D8B43A52409B441156A6.e.5743","ELEMENT":"f.7B06FBE6B2D8891648293552B7C1D2EE.d.616E0BCD4502D8B43A52409B441156A6.e.5743"}]}
COMMAND: POST /session/a25f034dab13e07f92a88167585c034b/element - {"using":"xpath","value":"//table[contains(@id, \"application-ruinventorylist-display-component---Master--tableRuInventoryList-listUl\")]/tbody/tr[1]/td[2]/div/div"}
COMMAND: GET /session/a25f034dab13e07f92a88167585c034b/screenshot - {}
RESULT: {"using":"xpath","value":"//table[contains(@id, \"application-ruinventorylist-display-component---Master--tableRuInventoryList-listUl\")]/tbody/tr[1]/td[2]/div/div"}
COMMAND: POST /session/a25f034dab13e07f92a88167585c034b/element/f.7B06FBE6B2D8891648293552B7C1D2EE.d.616E0BCD4502D8B43A52409B441156A6.e.6186/click - {}
RESULT: {}
RESULT: {}
COMMAND: GET /session/a25f034dab13e07f92a88167585c034b/screenshot - {}
RESULT: {}
COMMAND: POST /session/a25f034dab13e07f92a88167585c034b/element - {"using":"xpath","value":"//div[contains(@id, \"smartFilterBar-btnBasicSearch-reset\")]"}
RESULT: {"using":"xpath","value":"//div[contains(@id, \"smartFilterBar-btnBasicSearch-reset\")]"}
COMMAND: POST /session/a25f034dab13e07f92a88167585c034b/element/f.7B06FBE6B2D8891648293552B7C1D2EE.d.616E0BCD4502D8B43A52409B441156A6.e.5759/click - {}
RESULT: {}
COMMAND: GET /session/a25f034dab13e07f92a88167585c034b/screenshot - {}
RESULT: {}
COMMAND: POST /session/a25f034dab13e07f92a88167585c034b/element/f.7B06FBE6B2D8891648293552B7C1D2EE.d.616E0BCD4502D8B43A52409B441156A6.e.5097/click - {}
RESULT: {}
COMMAND: GET /session/a25f034dab13e07f92a88167585c034b/screenshot - {}
RESULT: {}
COMMAND: POST /session/a25f034dab13e07f92a88167585c034b/execute/async - {"script":"<script> [1562 bytes]","args":[{"selector":{"id":"application-ruinventorylist-display-component---Master--effectiveDate","searchOpenDialogs":true,"interaction":{"idSuffix":"inner"}},"wdio_ui5_key":"applicationruinventorylist-display-component---Master--effectiveDate"}]}
RESULT: {"script":"<script> [1562 bytes]","args":[{"selector":{"id":"application-ruinventorylist-display-component---Master--effectiveDate","searchOpenDialogs":true,"interaction":{"idSuffix":"inner"}},"wdio_ui5_key":"applicationruinventorylist-display-component---Master--effectiveDate"}]}
RESULT: undefined
COMMAND: POST /session/a25f034dab13e07f92a88167585c034b/execute/async - {"script":"<script> [776 bytes]","args":[{"enterText":"05/24/25","selector":{"id":"application-ruinventorylist-display-component---Master--effectiveDate","searchOpenDialogs":true,"interaction":{"idSuffix":"inner"}},"clearTextFirst":true,"interactionType":"ENTER_TEXT"}]}
RESULT: {"script":"<script> [776 bytes]","args":[{"enterText":"05/24/25","selector":{"id":"application-ruinventorylist-display-component---Master--effectiveDate","searchOpenDialogs":true,"interaction":{"idSuffix":"inner"}},"clearTextFirst":true,"interactionType":"ENTER_TEXT"}]}
COMMAND: POST /session/a25f034dab13e07f92a88167585c034b/element - {"using":"xpath","value":"//span[contains(@data-kt,\"correctionMassStateChangeIcon\")]"}
RESULT: {"using":"xpath","value":"//span[contains(@data-kt,\"correctionMassStateChangeIcon\")]"}
COMMAND: POST /session/a25f034dab13e07f92a88167585c034b/elements - {"using":"xpath","value":"//span[contains(@data-kt,\"correctionMassStateChangeIcon\")]"}
RESULT: {"using":"xpath","value":"//span[contains(@data-kt,\"correctionMassStateChangeIcon\")]"}
COMMAND: POST /session/a25f034dab13e07f92a88167585c034b/elements - {"using":"xpath","value":"//span[contains(@data-kt,\"correctionMassStateChangeIcon\")]"}
RESULT: {"using":"xpath","value":"//span[contains(@data-kt,\"correctionMassStateChangeIcon\")]"}
RESULT: undefined
COMMAND: POST /session/a25f034dab13e07f92a88167585c034b/element - {"using":"xpath","value":"//*[@id=\"application-ruinventorylist-display-component---Master--ruStateTypes-arrow\"]"}
RESULT: {"using":"xpath","value":"//*[@id=\"application-ruinventorylist-display-component---Master--ruStateTypes-arrow\"]"}
COMMAND: POST /session/a25f034dab13e07f92a88167585c034b/element/f.7B06FBE6B2D8891648293552B7C1D2EE.d.616E0BCD4502D8B43A52409B441156A6.e.6369/click - {}
RESULT: {}
COMMAND: GET /session/a25f034dab13e07f92a88167585c034b/screenshot - {}
RESULT: {}
COMMAND: POST /session/a25f034dab13e07f92a88167585c034b/element - {"using":"xpath","value":"//li[.//span[text()=\"defect\"]]"}
RESULT: {"using":"xpath","value":"//li[.//span[text()=\"defect\"]]"}
COMMAND: POST /session/a25f034dab13e07f92a88167585c034b/element/f.7B06FBE6B2D8891648293552B7C1D2EE.d.616E0BCD4502D8B43A52409B441156A6.e.6370/click - {}
RESULT: {}
COMMAND: GET /session/a25f034dab13e07f92a88167585c034b/screenshot - {}
RESULT: {}
COMMAND: POST /session/a25f034dab13e07f92a88167585c034b/element - {"using":"xpath","value":"(//bdi[contains(text(), \"OK\")])[1]"}
RESULT: {"using":"xpath","value":"(//bdi[contains(text(), \"OK\")])[1]"}
COMMAND: POST /session/a25f034dab13e07f92a88167585c034b/element/f.7B06FBE6B2D8891648293552B7C1D2EE.d.616E0BCD4502D8B43A52409B441156A6.e.6371/click - {}
RESULT: {}
COMMAND: GET /session/a25f034dab13e07f92a88167585c034b/screenshot - {}
RESULT: {}
COMMAND: POST /session/a25f034dab13e07f92a88167585c034b/element - {"using":"css selector","value":"div.sapMMessageBoxError"}
RESULT: {"using":"css selector","value":"div.sapMMessageBoxError"}
COMMAND: POST /session/a25f034dab13e07f92a88167585c034b/elements - {"using":"css selector","value":"div.sapMMessageBoxError"}
RESULT: {"using":"css selector","value":"div.sapMMessageBoxError"}
COMMAND: POST /session/a25f034dab13e07f92a88167585c034b/element - {"using":"xpath","value":"//div[contains(@class, \"sapMMessageBoxError\")]/section/div/div/span"}
RESULT: {"using":"xpath","value":"//div[contains(@class, \"sapMMessageBoxError\")]/section/div/div/span"}
COMMAND: POST /session/a25f034dab13e07f92a88167585c034b/execute/sync - {"script":"<script> [56 bytes]","args":[{"element-6066-11e4-a52e-4f735466cecf":"f.7B06FBE6B2D8891648293552B7C1D2EE.d.616E0BCD4502D8B43A52409B441156A6.e.6375","ELEMENT":"f.7B06FBE6B2D8891648293552B7C1D2EE.d.616E0BCD4502D8B43A52409B441156A6.e.6375"}]}
RESULT: {"script":"<script> [56 bytes]","args":[{"element-6066-11e4-a52e-4f735466cecf":"f.7B06FBE6B2D8891648293552B7C1D2EE.d.616E0BCD4502D8B43A52409B441156A6.e.6375","ELEMENT":"f.7B06FBE6B2D8891648293552B7C1D2EE.d.616E0BCD4502D8B43A52409B441156A6.e.6375"}]}
COMMAND: POST /session/a25f034dab13e07f92a88167585c034b/element - {"using":"xpath","value":"(//bdi[contains(text(), \"Close\")])[1]"}
COMMAND: GET /session/a25f034dab13e07f92a88167585c034b/screenshot - {}
RESULT: {"using":"xpath","value":"(//bdi[contains(text(), \"Close\")])[1]"}
COMMAND: POST /session/a25f034dab13e07f92a88167585c034b/element/f.7B06FBE6B2D8891648293552B7C1D2EE.d.616E0BCD4502D8B43A52409B441156A6.e.6376/click - {}
RESULT: {}
RESULT: {}
COMMAND: GET /session/a25f034dab13e07f92a88167585c034b/screenshot - {}
RESULT: {}
RESULT: undefined
COMMAND: POST /session/a25f034dab13e07f92a88167585c034b/execute/async - {"script":"<script> [776 bytes]","args":[{"enterText":"05/25/25","selector":{"id":"application-ruinventorylist-display-component---Master--effectiveDate","searchOpenDialogs":true,"interaction":{"idSuffix":"inner"}},"clearTextFirst":true,"interactionType":"ENTER_TEXT"}]}
RESULT: {"script":"<script> [776 bytes]","args":[{"enterText":"05/25/25","selector":{"id":"application-ruinventorylist-display-component---Master--effectiveDate","searchOpenDialogs":true,"interaction":{"idSuffix":"inner"}},"clearTextFirst":true,"interactionType":"ENTER_TEXT"}]}
COMMAND: POST /session/a25f034dab13e07f92a88167585c034b/element - {"using":"xpath","value":"(//bdi[contains(text(), \"OK\")])[1]"}
RESULT: {"using":"xpath","value":"(//bdi[contains(text(), \"OK\")])[1]"}
COMMAND: POST /session/a25f034dab13e07f92a88167585c034b/element/f.7B06FBE6B2D8891648293552B7C1D2EE.d.616E0BCD4502D8B43A52409B441156A6.e.6371/click - {}
RESULT: {}
COMMAND: GET /session/a25f034dab13e07f92a88167585c034b/screenshot - {}
RESULT: {}
COMMAND: POST /session/a25f034dab13e07f92a88167585c034b/element - {"using":"xpath","value":"(//bdi[contains(text(), \"OK\")])[2]"}
RESULT: {"using":"xpath","value":"(//bdi[contains(text(), \"OK\")])[2]"}
COMMAND: POST /session/a25f034dab13e07f92a88167585c034b/element/f.7B06FBE6B2D8891648293552B7C1D2EE.d.616E0BCD4502D8B43A52409B441156A6.e.6419/click - {}
RESULT: {}
COMMAND: GET /session/a25f034dab13e07f92a88167585c034b/screenshot - {}
RESULT: {}
RESULT: undefined
COMMAND: POST /session/a25f034dab13e07f92a88167585c034b/execute/async - {"script":"<script> [776 bytes]","args":[{"enterText":"600002","selector":{"id":"application-ruinventorylist-display-component---Master--smartFilterBar-btnBasicSearch","interaction":{"idSuffix":"I"}},"clearTextFirst":true,"interactionType":"ENTER_TEXT"}]}
RESULT: {"script":"<script> [776 bytes]","args":[{"enterText":"600002","selector":{"id":"application-ruinventorylist-display-component---Master--smartFilterBar-btnBasicSearch","interaction":{"idSuffix":"I"}},"clearTextFirst":true,"interactionType":"ENTER_TEXT"}]}
COMMAND: POST /session/a25f034dab13e07f92a88167585c034b/actions - {"actions":[{"id":"action27","type":"key","parameters":{},"actions":[{"type":"keyDown","value":""},{"type":"pause","duration":10},{"type":"keyUp","value":""}]}]}
RESULT: {"actions":[{"id":"action27","type":"key","parameters":{},"actions":[{"type":"keyDown","value":""},{"type":"pause","duration":10},{"type":"keyUp","value":""}]}]}
COMMAND: GET /session/a25f034dab13e07f92a88167585c034b/screenshot - {}
RESULT: {}
COMMAND: POST /session/a25f034dab13e07f92a88167585c034b/element - {"using":"xpath","value":"//span[@id=\"application-ruinventorylist-display-component---Master--smartTableRuInventoryList-header-inner\"]"}
RESULT: {"using":"xpath","value":"//span[@id=\"application-ruinventorylist-display-component---Master--smartTableRuInventoryList-header-inner\"]"}
COMMAND: POST /session/a25f034dab13e07f92a88167585c034b/elements - {"using":"xpath","value":"//span[@id=\"application-ruinventorylist-display-component---Master--smartTableRuInventoryList-header-inner\"]"}
RESULT: {"using":"xpath","value":"//span[@id=\"application-ruinventorylist-display-component---Master--smartTableRuInventoryList-header-inner\"]"}
COMMAND: POST /session/a25f034dab13e07f92a88167585c034b/execute/sync - {"script":"<script> [56 bytes]","args":[{"element-6066-11e4-a52e-4f735466cecf":"f.7B06FBE6B2D8891648293552B7C1D2EE.d.616E0BCD4502D8B43A52409B441156A6.e.5743","ELEMENT":"f.7B06FBE6B2D8891648293552B7C1D2EE.d.616E0BCD4502D8B43A52409B441156A6.e.5743"}]}
RESULT: {"script":"<script> [56 bytes]","args":[{"element-6066-11e4-a52e-4f735466cecf":"f.7B06FBE6B2D8891648293552B7C1D2EE.d.616E0BCD4502D8B43A52409B441156A6.e.5743","ELEMENT":"f.7B06FBE6B2D8891648293552B7C1D2EE.d.616E0BCD4502D8B43A52409B441156A6.e.5743"}]}
COMMAND: POST /session/a25f034dab13e07f92a88167585c034b/element - {"using":"xpath","value":"//table[contains(@id, \"application-ruinventorylist-display-component---Master--tableRuInventoryList-listUl\")]/tbody/tr[1]/td[6]/div/span"}
COMMAND: GET /session/a25f034dab13e07f92a88167585c034b/screenshot - {}
RESULT: {"using":"xpath","value":"//table[contains(@id, \"application-ruinventorylist-display-component---Master--tableRuInventoryList-listUl\")]/tbody/tr[1]/td[6]/div/span"}
COMMAND: POST /session/a25f034dab13e07f92a88167585c034b/execute/sync - {"script":"<script> [56 bytes]","args":[{"element-6066-11e4-a52e-4f735466cecf":"f.7B06FBE6B2D8891648293552B7C1D2EE.d.616E0BCD4502D8B43A52409B441156A6.e.6438","ELEMENT":"f.7B06FBE6B2D8891648293552B7C1D2EE.d.616E0BCD4502D8B43A52409B441156A6.e.6438"}]}
RESULT: {}
RESULT: {"script":"<script> [56 bytes]","args":[{"element-6066-11e4-a52e-4f735466cecf":"f.7B06FBE6B2D8891648293552B7C1D2EE.d.616E0BCD4502D8B43A52409B441156A6.e.6438","ELEMENT":"f.7B06FBE6B2D8891648293552B7C1D2EE.d.616E0BCD4502D8B43A52409B441156A6.e.6438"}]}
COMMAND: POST /session/a25f034dab13e07f92a88167585c034b/element - {"using":"xpath","value":"//div[contains(@id, \"smartFilterBar-btnBasicSearch-reset\")]"}
COMMAND: GET /session/a25f034dab13e07f92a88167585c034b/screenshot - {}
RESULT: {"using":"xpath","value":"//div[contains(@id, \"smartFilterBar-btnBasicSearch-reset\")]"}
COMMAND: POST /session/a25f034dab13e07f92a88167585c034b/element/f.7B06FBE6B2D8891648293552B7C1D2EE.d.616E0BCD4502D8B43A52409B441156A6.e.5759/click - {}
RESULT: {}
RESULT: {}
COMMAND: GET /session/a25f034dab13e07f92a88167585c034b/screenshot - {}
RESULT: {}
RESULT: undefined
COMMAND: POST /session/a25f034dab13e07f92a88167585c034b/execute/async - {"script":"<script> [776 bytes]","args":[{"enterText":"401002","selector":{"id":"application-ruinventorylist-display-component---Master--smartFilterBar-btnBasicSearch","interaction":{"idSuffix":"I"}},"clearTextFirst":true,"interactionType":"ENTER_TEXT"}]}
RESULT: {"script":"<script> [776 bytes]","args":[{"enterText":"401002","selector":{"id":"application-ruinventorylist-display-component---Master--smartFilterBar-btnBasicSearch","interaction":{"idSuffix":"I"}},"clearTextFirst":true,"interactionType":"ENTER_TEXT"}]}
COMMAND: POST /session/a25f034dab13e07f92a88167585c034b/actions - {"actions":[{"id":"action28","type":"key","parameters":{},"actions":[{"type":"keyDown","value":""},{"type":"pause","duration":10},{"type":"keyUp","value":""}]}]}
RESULT: {"actions":[{"id":"action28","type":"key","parameters":{},"actions":[{"type":"keyDown","value":""},{"type":"pause","duration":10},{"type":"keyUp","value":""}]}]}
COMMAND: GET /session/a25f034dab13e07f92a88167585c034b/screenshot - {}
RESULT: {}
COMMAND: POST /session/a25f034dab13e07f92a88167585c034b/element - {"using":"xpath","value":"//span[@id=\"application-ruinventorylist-display-component---Master--smartTableRuInventoryList-header-inner\"]"}
RESULT: {"using":"xpath","value":"//span[@id=\"application-ruinventorylist-display-component---Master--smartTableRuInventoryList-header-inner\"]"}
COMMAND: POST /session/a25f034dab13e07f92a88167585c034b/elements - {"using":"xpath","value":"//span[@id=\"application-ruinventorylist-display-component---Master--smartTableRuInventoryList-header-inner\"]"}
RESULT: {"using":"xpath","value":"//span[@id=\"application-ruinventorylist-display-component---Master--smartTableRuInventoryList-header-inner\"]"}
COMMAND: POST /session/a25f034dab13e07f92a88167585c034b/execute/sync - {"script":"<script> [56 bytes]","args":[{"element-6066-11e4-a52e-4f735466cecf":"f.7B06FBE6B2D8891648293552B7C1D2EE.d.616E0BCD4502D8B43A52409B441156A6.e.5743","ELEMENT":"f.7B06FBE6B2D8891648293552B7C1D2EE.d.616E0BCD4502D8B43A52409B441156A6.e.5743"}]}
RESULT: {"script":"<script> [56 bytes]","args":[{"element-6066-11e4-a52e-4f735466cecf":"f.7B06FBE6B2D8891648293552B7C1D2EE.d.616E0BCD4502D8B43A52409B441156A6.e.5743","ELEMENT":"f.7B06FBE6B2D8891648293552B7C1D2EE.d.616E0BCD4502D8B43A52409B441156A6.e.5743"}]}
COMMAND: POST /session/a25f034dab13e07f92a88167585c034b/element - {"using":"xpath","value":"//table[contains(@id, \"application-ruinventorylist-display-component---Master--tableRuInventoryList-listUl\")]/tbody/tr[1]/td[6]/div/span"}
COMMAND: GET /session/a25f034dab13e07f92a88167585c034b/screenshot - {}
RESULT: {"using":"xpath","value":"//table[contains(@id, \"application-ruinventorylist-display-component---Master--tableRuInventoryList-listUl\")]/tbody/tr[1]/td[6]/div/span"}
COMMAND: POST /session/a25f034dab13e07f92a88167585c034b/execute/sync - {"script":"<script> [56 bytes]","args":[{"element-6066-11e4-a52e-4f735466cecf":"f.7B06FBE6B2D8891648293552B7C1D2EE.d.616E0BCD4502D8B43A52409B441156A6.e.6518","ELEMENT":"f.7B06FBE6B2D8891648293552B7C1D2EE.d.616E0BCD4502D8B43A52409B441156A6.e.6518"}]}
RESULT: {}
RESULT: {"script":"<script> [56 bytes]","args":[{"element-6066-11e4-a52e-4f735466cecf":"f.7B06FBE6B2D8891648293552B7C1D2EE.d.616E0BCD4502D8B43A52409B441156A6.e.6518","ELEMENT":"f.7B06FBE6B2D8891648293552B7C1D2EE.d.616E0BCD4502D8B43A52409B441156A6.e.6518"}]}
COMMAND: POST /session/a25f034dab13e07f92a88167585c034b/element - {"using":"xpath","value":"//div[contains(@id, \"smartFilterBar-btnBasicSearch-reset\")]"}
COMMAND: GET /session/a25f034dab13e07f92a88167585c034b/screenshot - {}
RESULT: {"using":"xpath","value":"//div[contains(@id, \"smartFilterBar-btnBasicSearch-reset\")]"}
COMMAND: POST /session/a25f034dab13e07f92a88167585c034b/element/f.7B06FBE6B2D8891648293552B7C1D2EE.d.616E0BCD4502D8B43A52409B441156A6.e.5759/click - {}
RESULT: {}
RESULT: {}
COMMAND: GET /session/a25f034dab13e07f92a88167585c034b/screenshot - {}
RESULT: {}
RESULT: undefined
COMMAND: POST /session/a25f034dab13e07f92a88167585c034b/execute/async - {"script":"<script> [776 bytes]","args":[{"enterText":"PSY5Cc8krJ","selector":{"id":"application-ruinventorylist-display-component---Master--smartFilterBar-btnBasicSearch","interaction":{"idSuffix":"I"}},"clearTextFirst":true,"interactionType":"ENTER_TEXT"}]}
RESULT: {"script":"<script> [776 bytes]","args":[{"enterText":"PSY5Cc8krJ","selector":{"id":"application-ruinventorylist-display-component---Master--smartFilterBar-btnBasicSearch","interaction":{"idSuffix":"I"}},"clearTextFirst":true,"interactionType":"ENTER_TEXT"}]}
COMMAND: POST /session/a25f034dab13e07f92a88167585c034b/actions - {"actions":[{"id":"action29","type":"key","parameters":{},"actions":[{"type":"keyDown","value":""},{"type":"pause","duration":10},{"type":"keyUp","value":""}]}]}
RESULT: {"actions":[{"id":"action29","type":"key","parameters":{},"actions":[{"type":"keyDown","value":""},{"type":"pause","duration":10},{"type":"keyUp","value":""}]}]}
COMMAND: GET /session/a25f034dab13e07f92a88167585c034b/screenshot - {}
RESULT: {}
COMMAND: POST /session/a25f034dab13e07f92a88167585c034b/element - {"using":"xpath","value":"//span[@id=\"application-ruinventorylist-display-component---Master--smartTableRuInventoryList-header-inner\"]"}
RESULT: {"using":"xpath","value":"//span[@id=\"application-ruinventorylist-display-component---Master--smartTableRuInventoryList-header-inner\"]"}
COMMAND: POST /session/a25f034dab13e07f92a88167585c034b/elements - {"using":"xpath","value":"//span[@id=\"application-ruinventorylist-display-component---Master--smartTableRuInventoryList-header-inner\"]"}
RESULT: {"using":"xpath","value":"//span[@id=\"application-ruinventorylist-display-component---Master--smartTableRuInventoryList-header-inner\"]"}
COMMAND: POST /session/a25f034dab13e07f92a88167585c034b/execute/sync - {"script":"<script> [56 bytes]","args":[{"element-6066-11e4-a52e-4f735466cecf":"f.7B06FBE6B2D8891648293552B7C1D2EE.d.616E0BCD4502D8B43A52409B441156A6.e.5743","ELEMENT":"f.7B06FBE6B2D8891648293552B7C1D2EE.d.616E0BCD4502D8B43A52409B441156A6.e.5743"}]}
RESULT: {"script":"<script> [56 bytes]","args":[{"element-6066-11e4-a52e-4f735466cecf":"f.7B06FBE6B2D8891648293552B7C1D2EE.d.616E0BCD4502D8B43A52409B441156A6.e.5743","ELEMENT":"f.7B06FBE6B2D8891648293552B7C1D2EE.d.616E0BCD4502D8B43A52409B441156A6.e.5743"}]}
COMMAND: POST /session/a25f034dab13e07f92a88167585c034b/element - {"using":"xpath","value":"//table[contains(@id, \"application-ruinventorylist-display-component---Master--tableRuInventoryList-listUl\")]/tbody/tr[1]/td[6]/div/span"}
COMMAND: GET /session/a25f034dab13e07f92a88167585c034b/screenshot - {}
RESULT: {"using":"xpath","value":"//table[contains(@id, \"application-ruinventorylist-display-component---Master--tableRuInventoryList-listUl\")]/tbody/tr[1]/td[6]/div/span"}
COMMAND: POST /session/a25f034dab13e07f92a88167585c034b/execute/sync - {"script":"<script> [56 bytes]","args":[{"element-6066-11e4-a52e-4f735466cecf":"f.7B06FBE6B2D8891648293552B7C1D2EE.d.616E0BCD4502D8B43A52409B441156A6.e.6599","ELEMENT":"f.7B06FBE6B2D8891648293552B7C1D2EE.d.616E0BCD4502D8B43A52409B441156A6.e.6599"}]}
RESULT: {}
RESULT: {"script":"<script> [56 bytes]","args":[{"element-6066-11e4-a52e-4f735466cecf":"f.7B06FBE6B2D8891648293552B7C1D2EE.d.616E0BCD4502D8B43A52409B441156A6.e.6599","ELEMENT":"f.7B06FBE6B2D8891648293552B7C1D2EE.d.616E0BCD4502D8B43A52409B441156A6.e.6599"}]}
COMMAND: POST /session/a25f034dab13e07f92a88167585c034b/element - {"using":"xpath","value":"//div[contains(@id, \"smartFilterBar-btnBasicSearch-reset\")]"}
COMMAND: GET /session/a25f034dab13e07f92a88167585c034b/screenshot - {}
RESULT: {"using":"xpath","value":"//div[contains(@id, \"smartFilterBar-btnBasicSearch-reset\")]"}
COMMAND: POST /session/a25f034dab13e07f92a88167585c034b/element/f.7B06FBE6B2D8891648293552B7C1D2EE.d.616E0BCD4502D8B43A52409B441156A6.e.5759/click - {}
RESULT: {}
RESULT: {}
COMMAND: GET /session/a25f034dab13e07f92a88167585c034b/screenshot - {}
RESULT: {}
RESULT: undefined
COMMAND: POST /session/a25f034dab13e07f92a88167585c034b/execute/async - {"script":"<script> [776 bytes]","args":[{"enterText":"200127","selector":{"id":"application-ruinventorylist-display-component---Master--smartFilterBar-btnBasicSearch","interaction":{"idSuffix":"I"}},"clearTextFirst":true,"interactionType":"ENTER_TEXT"}]}
RESULT: {"script":"<script> [776 bytes]","args":[{"enterText":"200127","selector":{"id":"application-ruinventorylist-display-component---Master--smartFilterBar-btnBasicSearch","interaction":{"idSuffix":"I"}},"clearTextFirst":true,"interactionType":"ENTER_TEXT"}]}
COMMAND: POST /session/a25f034dab13e07f92a88167585c034b/actions - {"actions":[{"id":"action30","type":"key","parameters":{},"actions":[{"type":"keyDown","value":""},{"type":"pause","duration":10},{"type":"keyUp","value":""}]}]}
RESULT: {"actions":[{"id":"action30","type":"key","parameters":{},"actions":[{"type":"keyDown","value":""},{"type":"pause","duration":10},{"type":"keyUp","value":""}]}]}
COMMAND: GET /session/a25f034dab13e07f92a88167585c034b/screenshot - {}
RESULT: {}
COMMAND: POST /session/a25f034dab13e07f92a88167585c034b/element - {"using":"xpath","value":"//span[@id=\"application-ruinventorylist-display-component---Master--smartTableRuInventoryList-header-inner\"]"}
RESULT: {"using":"xpath","value":"//span[@id=\"application-ruinventorylist-display-component---Master--smartTableRuInventoryList-header-inner\"]"}
COMMAND: POST /session/a25f034dab13e07f92a88167585c034b/elements - {"using":"xpath","value":"//span[@id=\"application-ruinventorylist-display-component---Master--smartTableRuInventoryList-header-inner\"]"}
RESULT: {"using":"xpath","value":"//span[@id=\"application-ruinventorylist-display-component---Master--smartTableRuInventoryList-header-inner\"]"}
COMMAND: POST /session/a25f034dab13e07f92a88167585c034b/execute/sync - {"script":"<script> [56 bytes]","args":[{"element-6066-11e4-a52e-4f735466cecf":"f.7B06FBE6B2D8891648293552B7C1D2EE.d.616E0BCD4502D8B43A52409B441156A6.e.5743","ELEMENT":"f.7B06FBE6B2D8891648293552B7C1D2EE.d.616E0BCD4502D8B43A52409B441156A6.e.5743"}]}
RESULT: {"script":"<script> [56 bytes]","args":[{"element-6066-11e4-a52e-4f735466cecf":"f.7B06FBE6B2D8891648293552B7C1D2EE.d.616E0BCD4502D8B43A52409B441156A6.e.5743","ELEMENT":"f.7B06FBE6B2D8891648293552B7C1D2EE.d.616E0BCD4502D8B43A52409B441156A6.e.5743"}]}
COMMAND: POST /session/a25f034dab13e07f92a88167585c034b/element - {"using":"xpath","value":"//table[contains(@id, \"application-ruinventorylist-display-component---Master--tableRuInventoryList-listUl\")]/tbody/tr[1]/td[6]/div/span"}
COMMAND: GET /session/a25f034dab13e07f92a88167585c034b/screenshot - {}
RESULT: {"using":"xpath","value":"//table[contains(@id, \"application-ruinventorylist-display-component---Master--tableRuInventoryList-listUl\")]/tbody/tr[1]/td[6]/div/span"}
COMMAND: POST /session/a25f034dab13e07f92a88167585c034b/execute/sync - {"script":"<script> [56 bytes]","args":[{"element-6066-11e4-a52e-4f735466cecf":"f.7B06FBE6B2D8891648293552B7C1D2EE.d.616E0BCD4502D8B43A52409B441156A6.e.6681","ELEMENT":"f.7B06FBE6B2D8891648293552B7C1D2EE.d.616E0BCD4502D8B43A52409B441156A6.e.6681"}]}
RESULT: {}
RESULT: {"script":"<script> [56 bytes]","args":[{"element-6066-11e4-a52e-4f735466cecf":"f.7B06FBE6B2D8891648293552B7C1D2EE.d.616E0BCD4502D8B43A52409B441156A6.e.6681","ELEMENT":"f.7B06FBE6B2D8891648293552B7C1D2EE.d.616E0BCD4502D8B43A52409B441156A6.e.6681"}]}
COMMAND: POST /session/a25f034dab13e07f92a88167585c034b/element - {"using":"xpath","value":"//div[contains(@id, \"smartFilterBar-btnBasicSearch-reset\")]"}
COMMAND: GET /session/a25f034dab13e07f92a88167585c034b/screenshot - {}
RESULT: {"using":"xpath","value":"//div[contains(@id, \"smartFilterBar-btnBasicSearch-reset\")]"}
COMMAND: POST /session/a25f034dab13e07f92a88167585c034b/element/f.7B06FBE6B2D8891648293552B7C1D2EE.d.616E0BCD4502D8B43A52409B441156A6.e.5759/click - {}
RESULT: {}
RESULT: {}
COMMAND: GET /session/a25f034dab13e07f92a88167585c034b/screenshot - {}
RESULT: {}
COMMAND: POST /session/a25f034dab13e07f92a88167585c034b/element/f.7B06FBE6B2D8891648293552B7C1D2EE.d.616E0BCD4502D8B43A52409B441156A6.e.5097/click - {}
RESULT: {}
COMMAND: GET /session/a25f034dab13e07f92a88167585c034b/screenshot - {}
RESULT: {}
RESULT: undefined
COMMAND: POST /session/a25f034dab13e07f92a88167585c034b/execute/async - {"script":"<script> [776 bytes]","args":[{"enterText":"600002","selector":{"id":"application-ruinventorylist-display-component---Master--smartFilterBar-btnBasicSearch","interaction":{"idSuffix":"I"}},"clearTextFirst":true,"interactionType":"ENTER_TEXT"}]}
RESULT: {"script":"<script> [776 bytes]","args":[{"enterText":"600002","selector":{"id":"application-ruinventorylist-display-component---Master--smartFilterBar-btnBasicSearch","interaction":{"idSuffix":"I"}},"clearTextFirst":true,"interactionType":"ENTER_TEXT"}]}
COMMAND: POST /session/a25f034dab13e07f92a88167585c034b/actions - {"actions":[{"id":"action31","type":"key","parameters":{},"actions":[{"type":"keyDown","value":""},{"type":"pause","duration":10},{"type":"keyUp","value":""}]}]}
RESULT: {"actions":[{"id":"action31","type":"key","parameters":{},"actions":[{"type":"keyDown","value":""},{"type":"pause","duration":10},{"type":"keyUp","value":""}]}]}
COMMAND: GET /session/a25f034dab13e07f92a88167585c034b/screenshot - {}
RESULT: {}
COMMAND: POST /session/a25f034dab13e07f92a88167585c034b/element - {"using":"xpath","value":"//span[@id=\"application-ruinventorylist-display-component---Master--smartTableRuInventoryList-header-inner\"]"}
RESULT: {"using":"xpath","value":"//span[@id=\"application-ruinventorylist-display-component---Master--smartTableRuInventoryList-header-inner\"]"}
COMMAND: POST /session/a25f034dab13e07f92a88167585c034b/elements - {"using":"xpath","value":"//span[@id=\"application-ruinventorylist-display-component---Master--smartTableRuInventoryList-header-inner\"]"}
RESULT: {"using":"xpath","value":"//span[@id=\"application-ruinventorylist-display-component---Master--smartTableRuInventoryList-header-inner\"]"}
COMMAND: POST /session/a25f034dab13e07f92a88167585c034b/execute/sync - {"script":"<script> [56 bytes]","args":[{"element-6066-11e4-a52e-4f735466cecf":"f.7B06FBE6B2D8891648293552B7C1D2EE.d.616E0BCD4502D8B43A52409B441156A6.e.5743","ELEMENT":"f.7B06FBE6B2D8891648293552B7C1D2EE.d.616E0BCD4502D8B43A52409B441156A6.e.5743"}]}
RESULT: {"script":"<script> [56 bytes]","args":[{"element-6066-11e4-a52e-4f735466cecf":"f.7B06FBE6B2D8891648293552B7C1D2EE.d.616E0BCD4502D8B43A52409B441156A6.e.5743","ELEMENT":"f.7B06FBE6B2D8891648293552B7C1D2EE.d.616E0BCD4502D8B43A52409B441156A6.e.5743"}]}
COMMAND: POST /session/a25f034dab13e07f92a88167585c034b/element - {"using":"xpath","value":"//table[contains(@id, \"application-ruinventorylist-display-component---Master--tableRuInventoryList-listUl\")]/tbody/tr[1]/td[2]/div/div"}
COMMAND: GET /session/a25f034dab13e07f92a88167585c034b/screenshot - {}
RESULT: {"using":"xpath","value":"//table[contains(@id, \"application-ruinventorylist-display-component---Master--tableRuInventoryList-listUl\")]/tbody/tr[1]/td[2]/div/div"}
COMMAND: POST /session/a25f034dab13e07f92a88167585c034b/element/f.7B06FBE6B2D8891648293552B7C1D2EE.d.616E0BCD4502D8B43A52409B441156A6.e.6928/click - {}
RESULT: {}
RESULT: {}
COMMAND: GET /session/a25f034dab13e07f92a88167585c034b/screenshot - {}
RESULT: {}
COMMAND: POST /session/a25f034dab13e07f92a88167585c034b/element - {"using":"xpath","value":"//div[contains(@id, \"smartFilterBar-btnBasicSearch-reset\")]"}
RESULT: {"using":"xpath","value":"//div[contains(@id, \"smartFilterBar-btnBasicSearch-reset\")]"}
COMMAND: POST /session/a25f034dab13e07f92a88167585c034b/element/f.7B06FBE6B2D8891648293552B7C1D2EE.d.616E0BCD4502D8B43A52409B441156A6.e.5759/click - {}
RESULT: {}
COMMAND: GET /session/a25f034dab13e07f92a88167585c034b/screenshot - {}
RESULT: {}
RESULT: undefined
COMMAND: POST /session/a25f034dab13e07f92a88167585c034b/execute/async - {"script":"<script> [776 bytes]","args":[{"enterText":"401002","selector":{"id":"application-ruinventorylist-display-component---Master--smartFilterBar-btnBasicSearch","interaction":{"idSuffix":"I"}},"clearTextFirst":true,"interactionType":"ENTER_TEXT"}]}
RESULT: {"script":"<script> [776 bytes]","args":[{"enterText":"401002","selector":{"id":"application-ruinventorylist-display-component---Master--smartFilterBar-btnBasicSearch","interaction":{"idSuffix":"I"}},"clearTextFirst":true,"interactionType":"ENTER_TEXT"}]}
COMMAND: POST /session/a25f034dab13e07f92a88167585c034b/actions - {"actions":[{"id":"action32","type":"key","parameters":{},"actions":[{"type":"keyDown","value":""},{"type":"pause","duration":10},{"type":"keyUp","value":""}]}]}
RESULT: {"actions":[{"id":"action32","type":"key","parameters":{},"actions":[{"type":"keyDown","value":""},{"type":"pause","duration":10},{"type":"keyUp","value":""}]}]}
COMMAND: GET /session/a25f034dab13e07f92a88167585c034b/screenshot - {}
RESULT: {}
COMMAND: POST /session/a25f034dab13e07f92a88167585c034b/element - {"using":"xpath","value":"//span[@id=\"application-ruinventorylist-display-component---Master--smartTableRuInventoryList-header-inner\"]"}
RESULT: {"using":"xpath","value":"//span[@id=\"application-ruinventorylist-display-component---Master--smartTableRuInventoryList-header-inner\"]"}
COMMAND: POST /session/a25f034dab13e07f92a88167585c034b/elements - {"using":"xpath","value":"//span[@id=\"application-ruinventorylist-display-component---Master--smartTableRuInventoryList-header-inner\"]"}
RESULT: {"using":"xpath","value":"//span[@id=\"application-ruinventorylist-display-component---Master--smartTableRuInventoryList-header-inner\"]"}
COMMAND: POST /session/a25f034dab13e07f92a88167585c034b/execute/sync - {"script":"<script> [56 bytes]","args":[{"element-6066-11e4-a52e-4f735466cecf":"f.7B06FBE6B2D8891648293552B7C1D2EE.d.616E0BCD4502D8B43A52409B441156A6.e.5743","ELEMENT":"f.7B06FBE6B2D8891648293552B7C1D2EE.d.616E0BCD4502D8B43A52409B441156A6.e.5743"}]}
RESULT: {"script":"<script> [56 bytes]","args":[{"element-6066-11e4-a52e-4f735466cecf":"f.7B06FBE6B2D8891648293552B7C1D2EE.d.616E0BCD4502D8B43A52409B441156A6.e.5743","ELEMENT":"f.7B06FBE6B2D8891648293552B7C1D2EE.d.616E0BCD4502D8B43A52409B441156A6.e.5743"}]}
COMMAND: POST /session/a25f034dab13e07f92a88167585c034b/element - {"using":"xpath","value":"//table[contains(@id, \"application-ruinventorylist-display-component---Master--tableRuInventoryList-listUl\")]/tbody/tr[1]/td[2]/div/div"}
COMMAND: GET /session/a25f034dab13e07f92a88167585c034b/screenshot - {}
RESULT: {"using":"xpath","value":"//table[contains(@id, \"application-ruinventorylist-display-component---Master--tableRuInventoryList-listUl\")]/tbody/tr[1]/td[2]/div/div"}
COMMAND: POST /session/a25f034dab13e07f92a88167585c034b/element/f.7B06FBE6B2D8891648293552B7C1D2EE.d.616E0BCD4502D8B43A52409B441156A6.e.7072/click - {}
RESULT: {}
RESULT: {}
COMMAND: GET /session/a25f034dab13e07f92a88167585c034b/screenshot - {}
RESULT: {}
COMMAND: POST /session/a25f034dab13e07f92a88167585c034b/element - {"using":"xpath","value":"//div[contains(@id, \"smartFilterBar-btnBasicSearch-reset\")]"}
RESULT: {"using":"xpath","value":"//div[contains(@id, \"smartFilterBar-btnBasicSearch-reset\")]"}
COMMAND: POST /session/a25f034dab13e07f92a88167585c034b/element/f.7B06FBE6B2D8891648293552B7C1D2EE.d.616E0BCD4502D8B43A52409B441156A6.e.5759/click - {}
RESULT: {}
COMMAND: GET /session/a25f034dab13e07f92a88167585c034b/screenshot - {}
RESULT: {}
RESULT: undefined
COMMAND: POST /session/a25f034dab13e07f92a88167585c034b/execute/async - {"script":"<script> [776 bytes]","args":[{"enterText":"PSY5Cc8krJ","selector":{"id":"application-ruinventorylist-display-component---Master--smartFilterBar-btnBasicSearch","interaction":{"idSuffix":"I"}},"clearTextFirst":true,"interactionType":"ENTER_TEXT"}]}
RESULT: {"script":"<script> [776 bytes]","args":[{"enterText":"PSY5Cc8krJ","selector":{"id":"application-ruinventorylist-display-component---Master--smartFilterBar-btnBasicSearch","interaction":{"idSuffix":"I"}},"clearTextFirst":true,"interactionType":"ENTER_TEXT"}]}
COMMAND: POST /session/a25f034dab13e07f92a88167585c034b/actions - {"actions":[{"id":"action33","type":"key","parameters":{},"actions":[{"type":"keyDown","value":""},{"type":"pause","duration":10},{"type":"keyUp","value":""}]}]}
RESULT: {"actions":[{"id":"action33","type":"key","parameters":{},"actions":[{"type":"keyDown","value":""},{"type":"pause","duration":10},{"type":"keyUp","value":""}]}]}
COMMAND: GET /session/a25f034dab13e07f92a88167585c034b/screenshot - {}
RESULT: {}
COMMAND: POST /session/a25f034dab13e07f92a88167585c034b/element - {"using":"xpath","value":"//span[@id=\"application-ruinventorylist-display-component---Master--smartTableRuInventoryList-header-inner\"]"}
RESULT: {"using":"xpath","value":"//span[@id=\"application-ruinventorylist-display-component---Master--smartTableRuInventoryList-header-inner\"]"}
COMMAND: POST /session/a25f034dab13e07f92a88167585c034b/elements - {"using":"xpath","value":"//span[@id=\"application-ruinventorylist-display-component---Master--smartTableRuInventoryList-header-inner\"]"}
RESULT: {"using":"xpath","value":"//span[@id=\"application-ruinventorylist-display-component---Master--smartTableRuInventoryList-header-inner\"]"}
COMMAND: POST /session/a25f034dab13e07f92a88167585c034b/execute/sync - {"script":"<script> [56 bytes]","args":[{"element-6066-11e4-a52e-4f735466cecf":"f.7B06FBE6B2D8891648293552B7C1D2EE.d.616E0BCD4502D8B43A52409B441156A6.e.5743","ELEMENT":"f.7B06FBE6B2D8891648293552B7C1D2EE.d.616E0BCD4502D8B43A52409B441156A6.e.5743"}]}
RESULT: {"script":"<script> [56 bytes]","args":[{"element-6066-11e4-a52e-4f735466cecf":"f.7B06FBE6B2D8891648293552B7C1D2EE.d.616E0BCD4502D8B43A52409B441156A6.e.5743","ELEMENT":"f.7B06FBE6B2D8891648293552B7C1D2EE.d.616E0BCD4502D8B43A52409B441156A6.e.5743"}]}
COMMAND: POST /session/a25f034dab13e07f92a88167585c034b/element - {"using":"xpath","value":"//table[contains(@id, \"application-ruinventorylist-display-component---Master--tableRuInventoryList-listUl\")]/tbody/tr[1]/td[2]/div/div"}
COMMAND: GET /session/a25f034dab13e07f92a88167585c034b/screenshot - {}
RESULT: {"using":"xpath","value":"//table[contains(@id, \"application-ruinventorylist-display-component---Master--tableRuInventoryList-listUl\")]/tbody/tr[1]/td[2]/div/div"}
COMMAND: POST /session/a25f034dab13e07f92a88167585c034b/element/f.7B06FBE6B2D8891648293552B7C1D2EE.d.616E0BCD4502D8B43A52409B441156A6.e.7218/click - {}
RESULT: {}
RESULT: {}
COMMAND: GET /session/a25f034dab13e07f92a88167585c034b/screenshot - {}
RESULT: {}
COMMAND: POST /session/a25f034dab13e07f92a88167585c034b/element - {"using":"xpath","value":"//div[contains(@id, \"smartFilterBar-btnBasicSearch-reset\")]"}
RESULT: {"using":"xpath","value":"//div[contains(@id, \"smartFilterBar-btnBasicSearch-reset\")]"}
COMMAND: POST /session/a25f034dab13e07f92a88167585c034b/element/f.7B06FBE6B2D8891648293552B7C1D2EE.d.616E0BCD4502D8B43A52409B441156A6.e.5759/click - {}
RESULT: {}
COMMAND: GET /session/a25f034dab13e07f92a88167585c034b/screenshot - {}
RESULT: {}
RESULT: undefined
COMMAND: POST /session/a25f034dab13e07f92a88167585c034b/execute/async - {"script":"<script> [776 bytes]","args":[{"enterText":"200127","selector":{"id":"application-ruinventorylist-display-component---Master--smartFilterBar-btnBasicSearch","interaction":{"idSuffix":"I"}},"clearTextFirst":true,"interactionType":"ENTER_TEXT"}]}
RESULT: {"script":"<script> [776 bytes]","args":[{"enterText":"200127","selector":{"id":"application-ruinventorylist-display-component---Master--smartFilterBar-btnBasicSearch","interaction":{"idSuffix":"I"}},"clearTextFirst":true,"interactionType":"ENTER_TEXT"}]}
COMMAND: POST /session/a25f034dab13e07f92a88167585c034b/actions - {"actions":[{"id":"action34","type":"key","parameters":{},"actions":[{"type":"keyDown","value":""},{"type":"pause","duration":10},{"type":"keyUp","value":""}]}]}
RESULT: {"actions":[{"id":"action34","type":"key","parameters":{},"actions":[{"type":"keyDown","value":""},{"type":"pause","duration":10},{"type":"keyUp","value":""}]}]}
COMMAND: GET /session/a25f034dab13e07f92a88167585c034b/screenshot - {}
RESULT: {}
COMMAND: POST /session/a25f034dab13e07f92a88167585c034b/element - {"using":"xpath","value":"//span[@id=\"application-ruinventorylist-display-component---Master--smartTableRuInventoryList-header-inner\"]"}
RESULT: {"using":"xpath","value":"//span[@id=\"application-ruinventorylist-display-component---Master--smartTableRuInventoryList-header-inner\"]"}
COMMAND: POST /session/a25f034dab13e07f92a88167585c034b/elements - {"using":"xpath","value":"//span[@id=\"application-ruinventorylist-display-component---Master--smartTableRuInventoryList-header-inner\"]"}
RESULT: {"using":"xpath","value":"//span[@id=\"application-ruinventorylist-display-component---Master--smartTableRuInventoryList-header-inner\"]"}
COMMAND: POST /session/a25f034dab13e07f92a88167585c034b/execute/sync - {"script":"<script> [56 bytes]","args":[{"element-6066-11e4-a52e-4f735466cecf":"f.7B06FBE6B2D8891648293552B7C1D2EE.d.616E0BCD4502D8B43A52409B441156A6.e.5743","ELEMENT":"f.7B06FBE6B2D8891648293552B7C1D2EE.d.616E0BCD4502D8B43A52409B441156A6.e.5743"}]}
RESULT: {"script":"<script> [56 bytes]","args":[{"element-6066-11e4-a52e-4f735466cecf":"f.7B06FBE6B2D8891648293552B7C1D2EE.d.616E0BCD4502D8B43A52409B441156A6.e.5743","ELEMENT":"f.7B06FBE6B2D8891648293552B7C1D2EE.d.616E0BCD4502D8B43A52409B441156A6.e.5743"}]}
COMMAND: POST /session/a25f034dab13e07f92a88167585c034b/element - {"using":"xpath","value":"//table[contains(@id, \"application-ruinventorylist-display-component---Master--tableRuInventoryList-listUl\")]/tbody/tr[1]/td[2]/div/div"}
COMMAND: GET /session/a25f034dab13e07f92a88167585c034b/screenshot - {}
RESULT: {"using":"xpath","value":"//table[contains(@id, \"application-ruinventorylist-display-component---Master--tableRuInventoryList-listUl\")]/tbody/tr[1]/td[2]/div/div"}
COMMAND: POST /session/a25f034dab13e07f92a88167585c034b/element/f.7B06FBE6B2D8891648293552B7C1D2EE.d.616E0BCD4502D8B43A52409B441156A6.e.7364/click - {}
RESULT: {}
RESULT: {}
COMMAND: GET /session/a25f034dab13e07f92a88167585c034b/screenshot - {}
RESULT: {}
COMMAND: POST /session/a25f034dab13e07f92a88167585c034b/element - {"using":"xpath","value":"//div[contains(@id, \"smartFilterBar-btnBasicSearch-reset\")]"}
RESULT: {"using":"xpath","value":"//div[contains(@id, \"smartFilterBar-btnBasicSearch-reset\")]"}
COMMAND: POST /session/a25f034dab13e07f92a88167585c034b/element/f.7B06FBE6B2D8891648293552B7C1D2EE.d.616E0BCD4502D8B43A52409B441156A6.e.5759/click - {}
RESULT: {}
COMMAND: GET /session/a25f034dab13e07f92a88167585c034b/screenshot - {}
RESULT: {}
COMMAND: POST /session/a25f034dab13e07f92a88167585c034b/element/f.7B06FBE6B2D8891648293552B7C1D2EE.d.616E0BCD4502D8B43A52409B441156A6.e.5097/click - {}
RESULT: {}
COMMAND: GET /session/a25f034dab13e07f92a88167585c034b/screenshot - {}
RESULT: {}
RESULT: undefined
COMMAND: POST /session/a25f034dab13e07f92a88167585c034b/element - {"using":"xpath","value":"//*[@id=\"application-ruinventorylist-display-component---Master--ruStateTypes-arrow\"]"}
RESULT: {"using":"xpath","value":"//*[@id=\"application-ruinventorylist-display-component---Master--ruStateTypes-arrow\"]"}
COMMAND: POST /session/a25f034dab13e07f92a88167585c034b/element/f.7B06FBE6B2D8891648293552B7C1D2EE.d.616E0BCD4502D8B43A52409B441156A6.e.7527/click - {}
RESULT: {}
COMMAND: GET /session/a25f034dab13e07f92a88167585c034b/screenshot - {}
RESULT: {}
COMMAND: POST /session/a25f034dab13e07f92a88167585c034b/element - {"using":"xpath","value":"//li[.//span[text()=\"available\"]]"}
RESULT: {"using":"xpath","value":"//li[.//span[text()=\"available\"]]"}
COMMAND: POST /session/a25f034dab13e07f92a88167585c034b/element/f.7B06FBE6B2D8891648293552B7C1D2EE.d.616E0BCD4502D8B43A52409B441156A6.e.7528/click - {}
RESULT: {}
COMMAND: GET /session/a25f034dab13e07f92a88167585c034b/screenshot - {}
RESULT: {}
COMMAND: POST /session/a25f034dab13e07f92a88167585c034b/element - {"using":"xpath","value":"(//bdi[contains(text(), \"OK\")])[1]"}
RESULT: {"using":"xpath","value":"(//bdi[contains(text(), \"OK\")])[1]"}
COMMAND: POST /session/a25f034dab13e07f92a88167585c034b/element/f.7B06FBE6B2D8891648293552B7C1D2EE.d.616E0BCD4502D8B43A52409B441156A6.e.7529/click - {}
RESULT: {}
COMMAND: GET /session/a25f034dab13e07f92a88167585c034b/screenshot - {}
RESULT: {}
COMMAND: POST /session/a25f034dab13e07f92a88167585c034b/element - {"using":"xpath","value":"(//bdi[contains(text(), \"OK\")])[2]"}
RESULT: {"using":"xpath","value":"(//bdi[contains(text(), \"OK\")])[2]"}
COMMAND: POST /session/a25f034dab13e07f92a88167585c034b/element/f.7B06FBE6B2D8891648293552B7C1D2EE.d.616E0BCD4502D8B43A52409B441156A6.e.7533/click - {}
RESULT: {}
COMMAND: GET /session/a25f034dab13e07f92a88167585c034b/screenshot - {}
RESULT: {}
RESULT: undefined
COMMAND: POST /session/a25f034dab13e07f92a88167585c034b/execute/async - {"script":"<script> [776 bytes]","args":[{"enterText":"600002","selector":{"id":"application-ruinventorylist-display-component---Master--smartFilterBar-btnBasicSearch","interaction":{"idSuffix":"I"}},"clearTextFirst":true,"interactionType":"ENTER_TEXT"}]}
RESULT: {"script":"<script> [776 bytes]","args":[{"enterText":"600002","selector":{"id":"application-ruinventorylist-display-component---Master--smartFilterBar-btnBasicSearch","interaction":{"idSuffix":"I"}},"clearTextFirst":true,"interactionType":"ENTER_TEXT"}]}
COMMAND: POST /session/a25f034dab13e07f92a88167585c034b/actions - {"actions":[{"id":"action35","type":"key","parameters":{},"actions":[{"type":"keyDown","value":""},{"type":"pause","duration":10},{"type":"keyUp","value":""}]}]}
RESULT: {"actions":[{"id":"action35","type":"key","parameters":{},"actions":[{"type":"keyDown","value":""},{"type":"pause","duration":10},{"type":"keyUp","value":""}]}]}
COMMAND: GET /session/a25f034dab13e07f92a88167585c034b/screenshot - {}
RESULT: {}
COMMAND: POST /session/a25f034dab13e07f92a88167585c034b/element - {"using":"xpath","value":"//span[@id=\"application-ruinventorylist-display-component---Master--smartTableRuInventoryList-header-inner\"]"}
RESULT: {"using":"xpath","value":"//span[@id=\"application-ruinventorylist-display-component---Master--smartTableRuInventoryList-header-inner\"]"}
COMMAND: POST /session/a25f034dab13e07f92a88167585c034b/elements - {"using":"xpath","value":"//span[@id=\"application-ruinventorylist-display-component---Master--smartTableRuInventoryList-header-inner\"]"}
RESULT: {"using":"xpath","value":"//span[@id=\"application-ruinventorylist-display-component---Master--smartTableRuInventoryList-header-inner\"]"}
COMMAND: POST /session/a25f034dab13e07f92a88167585c034b/execute/sync - {"script":"<script> [56 bytes]","args":[{"element-6066-11e4-a52e-4f735466cecf":"f.7B06FBE6B2D8891648293552B7C1D2EE.d.616E0BCD4502D8B43A52409B441156A6.e.5743","ELEMENT":"f.7B06FBE6B2D8891648293552B7C1D2EE.d.616E0BCD4502D8B43A52409B441156A6.e.5743"}]}
RESULT: {"script":"<script> [56 bytes]","args":[{"element-6066-11e4-a52e-4f735466cecf":"f.7B06FBE6B2D8891648293552B7C1D2EE.d.616E0BCD4502D8B43A52409B441156A6.e.5743","ELEMENT":"f.7B06FBE6B2D8891648293552B7C1D2EE.d.616E0BCD4502D8B43A52409B441156A6.e.5743"}]}
COMMAND: POST /session/a25f034dab13e07f92a88167585c034b/element - {"using":"xpath","value":"//table[contains(@id, \"application-ruinventorylist-display-component---Master--tableRuInventoryList-listUl\")]/tbody/tr[1]/td[6]/div/span"}
COMMAND: GET /session/a25f034dab13e07f92a88167585c034b/screenshot - {}
RESULT: {"using":"xpath","value":"//table[contains(@id, \"application-ruinventorylist-display-component---Master--tableRuInventoryList-listUl\")]/tbody/tr[1]/td[6]/div/span"}
COMMAND: POST /session/a25f034dab13e07f92a88167585c034b/execute/sync - {"script":"<script> [56 bytes]","args":[{"element-6066-11e4-a52e-4f735466cecf":"f.7B06FBE6B2D8891648293552B7C1D2EE.d.616E0BCD4502D8B43A52409B441156A6.e.7553","ELEMENT":"f.7B06FBE6B2D8891648293552B7C1D2EE.d.616E0BCD4502D8B43A52409B441156A6.e.7553"}]}
RESULT: {}
RESULT: {"script":"<script> [56 bytes]","args":[{"element-6066-11e4-a52e-4f735466cecf":"f.7B06FBE6B2D8891648293552B7C1D2EE.d.616E0BCD4502D8B43A52409B441156A6.e.7553","ELEMENT":"f.7B06FBE6B2D8891648293552B7C1D2EE.d.616E0BCD4502D8B43A52409B441156A6.e.7553"}]}
COMMAND: POST /session/a25f034dab13e07f92a88167585c034b/element - {"using":"xpath","value":"//div[contains(@id, \"smartFilterBar-btnBasicSearch-reset\")]"}
COMMAND: GET /session/a25f034dab13e07f92a88167585c034b/screenshot - {}
RESULT: {"using":"xpath","value":"//div[contains(@id, \"smartFilterBar-btnBasicSearch-reset\")]"}
COMMAND: POST /session/a25f034dab13e07f92a88167585c034b/element/f.7B06FBE6B2D8891648293552B7C1D2EE.d.616E0BCD4502D8B43A52409B441156A6.e.5759/click - {}
RESULT: {}
RESULT: {}
COMMAND: GET /session/a25f034dab13e07f92a88167585c034b/screenshot - {}
RESULT: {}
RESULT: undefined
COMMAND: POST /session/a25f034dab13e07f92a88167585c034b/execute/async - {"script":"<script> [776 bytes]","args":[{"enterText":"401002","selector":{"id":"application-ruinventorylist-display-component---Master--smartFilterBar-btnBasicSearch","interaction":{"idSuffix":"I"}},"clearTextFirst":true,"interactionType":"ENTER_TEXT"}]}
RESULT: {"script":"<script> [776 bytes]","args":[{"enterText":"401002","selector":{"id":"application-ruinventorylist-display-component---Master--smartFilterBar-btnBasicSearch","interaction":{"idSuffix":"I"}},"clearTextFirst":true,"interactionType":"ENTER_TEXT"}]}
COMMAND: POST /session/a25f034dab13e07f92a88167585c034b/actions - {"actions":[{"id":"action36","type":"key","parameters":{},"actions":[{"type":"keyDown","value":""},{"type":"pause","duration":10},{"type":"keyUp","value":""}]}]}
RESULT: {"actions":[{"id":"action36","type":"key","parameters":{},"actions":[{"type":"keyDown","value":""},{"type":"pause","duration":10},{"type":"keyUp","value":""}]}]}
COMMAND: GET /session/a25f034dab13e07f92a88167585c034b/screenshot - {}
RESULT: {}
COMMAND: POST /session/a25f034dab13e07f92a88167585c034b/element - {"using":"xpath","value":"//span[@id=\"application-ruinventorylist-display-component---Master--smartTableRuInventoryList-header-inner\"]"}
RESULT: {"using":"xpath","value":"//span[@id=\"application-ruinventorylist-display-component---Master--smartTableRuInventoryList-header-inner\"]"}
COMMAND: POST /session/a25f034dab13e07f92a88167585c034b/elements - {"using":"xpath","value":"//span[@id=\"application-ruinventorylist-display-component---Master--smartTableRuInventoryList-header-inner\"]"}
RESULT: {"using":"xpath","value":"//span[@id=\"application-ruinventorylist-display-component---Master--smartTableRuInventoryList-header-inner\"]"}
COMMAND: POST /session/a25f034dab13e07f92a88167585c034b/execute/sync - {"script":"<script> [56 bytes]","args":[{"element-6066-11e4-a52e-4f735466cecf":"f.7B06FBE6B2D8891648293552B7C1D2EE.d.616E0BCD4502D8B43A52409B441156A6.e.5743","ELEMENT":"f.7B06FBE6B2D8891648293552B7C1D2EE.d.616E0BCD4502D8B43A52409B441156A6.e.5743"}]}
RESULT: {"script":"<script> [56 bytes]","args":[{"element-6066-11e4-a52e-4f735466cecf":"f.7B06FBE6B2D8891648293552B7C1D2EE.d.616E0BCD4502D8B43A52409B441156A6.e.5743","ELEMENT":"f.7B06FBE6B2D8891648293552B7C1D2EE.d.616E0BCD4502D8B43A52409B441156A6.e.5743"}]}
COMMAND: POST /session/a25f034dab13e07f92a88167585c034b/element - {"using":"xpath","value":"//table[contains(@id, \"application-ruinventorylist-display-component---Master--tableRuInventoryList-listUl\")]/tbody/tr[1]/td[6]/div/span"}
COMMAND: GET /session/a25f034dab13e07f92a88167585c034b/screenshot - {}
RESULT: {"using":"xpath","value":"//table[contains(@id, \"application-ruinventorylist-display-component---Master--tableRuInventoryList-listUl\")]/tbody/tr[1]/td[6]/div/span"}
COMMAND: POST /session/a25f034dab13e07f92a88167585c034b/execute/sync - {"script":"<script> [56 bytes]","args":[{"element-6066-11e4-a52e-4f735466cecf":"f.7B06FBE6B2D8891648293552B7C1D2EE.d.616E0BCD4502D8B43A52409B441156A6.e.7635","ELEMENT":"f.7B06FBE6B2D8891648293552B7C1D2EE.d.616E0BCD4502D8B43A52409B441156A6.e.7635"}]}
RESULT: {}
RESULT: {"script":"<script> [56 bytes]","args":[{"element-6066-11e4-a52e-4f735466cecf":"f.7B06FBE6B2D8891648293552B7C1D2EE.d.616E0BCD4502D8B43A52409B441156A6.e.7635","ELEMENT":"f.7B06FBE6B2D8891648293552B7C1D2EE.d.616E0BCD4502D8B43A52409B441156A6.e.7635"}]}
COMMAND: POST /session/a25f034dab13e07f92a88167585c034b/element - {"using":"xpath","value":"//div[contains(@id, \"smartFilterBar-btnBasicSearch-reset\")]"}
COMMAND: GET /session/a25f034dab13e07f92a88167585c034b/screenshot - {}
RESULT: {"using":"xpath","value":"//div[contains(@id, \"smartFilterBar-btnBasicSearch-reset\")]"}
COMMAND: POST /session/a25f034dab13e07f92a88167585c034b/element/f.7B06FBE6B2D8891648293552B7C1D2EE.d.616E0BCD4502D8B43A52409B441156A6.e.5759/click - {}
RESULT: {}
RESULT: {}
COMMAND: GET /session/a25f034dab13e07f92a88167585c034b/screenshot - {}
RESULT: {}
RESULT: undefined
COMMAND: POST /session/a25f034dab13e07f92a88167585c034b/execute/async - {"script":"<script> [776 bytes]","args":[{"enterText":"PSY5Cc8krJ","selector":{"id":"application-ruinventorylist-display-component---Master--smartFilterBar-btnBasicSearch","interaction":{"idSuffix":"I"}},"clearTextFirst":true,"interactionType":"ENTER_TEXT"}]}
RESULT: {"script":"<script> [776 bytes]","args":[{"enterText":"PSY5Cc8krJ","selector":{"id":"application-ruinventorylist-display-component---Master--smartFilterBar-btnBasicSearch","interaction":{"idSuffix":"I"}},"clearTextFirst":true,"interactionType":"ENTER_TEXT"}]}
COMMAND: POST /session/a25f034dab13e07f92a88167585c034b/actions - {"actions":[{"id":"action37","type":"key","parameters":{},"actions":[{"type":"keyDown","value":""},{"type":"pause","duration":10},{"type":"keyUp","value":""}]}]}
RESULT: {"actions":[{"id":"action37","type":"key","parameters":{},"actions":[{"type":"keyDown","value":""},{"type":"pause","duration":10},{"type":"keyUp","value":""}]}]}
COMMAND: GET /session/a25f034dab13e07f92a88167585c034b/screenshot - {}
RESULT: {}
COMMAND: POST /session/a25f034dab13e07f92a88167585c034b/element - {"using":"xpath","value":"//span[@id=\"application-ruinventorylist-display-component---Master--smartTableRuInventoryList-header-inner\"]"}
RESULT: {"using":"xpath","value":"//span[@id=\"application-ruinventorylist-display-component---Master--smartTableRuInventoryList-header-inner\"]"}
COMMAND: POST /session/a25f034dab13e07f92a88167585c034b/elements - {"using":"xpath","value":"//span[@id=\"application-ruinventorylist-display-component---Master--smartTableRuInventoryList-header-inner\"]"}
RESULT: {"using":"xpath","value":"//span[@id=\"application-ruinventorylist-display-component---Master--smartTableRuInventoryList-header-inner\"]"}
COMMAND: POST /session/a25f034dab13e07f92a88167585c034b/execute/sync - {"script":"<script> [56 bytes]","args":[{"element-6066-11e4-a52e-4f735466cecf":"f.7B06FBE6B2D8891648293552B7C1D2EE.d.616E0BCD4502D8B43A52409B441156A6.e.5743","ELEMENT":"f.7B06FBE6B2D8891648293552B7C1D2EE.d.616E0BCD4502D8B43A52409B441156A6.e.5743"}]}
RESULT: {"script":"<script> [56 bytes]","args":[{"element-6066-11e4-a52e-4f735466cecf":"f.7B06FBE6B2D8891648293552B7C1D2EE.d.616E0BCD4502D8B43A52409B441156A6.e.5743","ELEMENT":"f.7B06FBE6B2D8891648293552B7C1D2EE.d.616E0BCD4502D8B43A52409B441156A6.e.5743"}]}
COMMAND: POST /session/a25f034dab13e07f92a88167585c034b/element - {"using":"xpath","value":"//table[contains(@id, \"application-ruinventorylist-display-component---Master--tableRuInventoryList-listUl\")]/tbody/tr[1]/td[6]/div/span"}
COMMAND: GET /session/a25f034dab13e07f92a88167585c034b/screenshot - {}
RESULT: {"using":"xpath","value":"//table[contains(@id, \"application-ruinventorylist-display-component---Master--tableRuInventoryList-listUl\")]/tbody/tr[1]/td[6]/div/span"}
COMMAND: POST /session/a25f034dab13e07f92a88167585c034b/execute/sync - {"script":"<script> [56 bytes]","args":[{"element-6066-11e4-a52e-4f735466cecf":"f.7B06FBE6B2D8891648293552B7C1D2EE.d.616E0BCD4502D8B43A52409B441156A6.e.7716","ELEMENT":"f.7B06FBE6B2D8891648293552B7C1D2EE.d.616E0BCD4502D8B43A52409B441156A6.e.7716"}]}
RESULT: {}
RESULT: {"script":"<script> [56 bytes]","args":[{"element-6066-11e4-a52e-4f735466cecf":"f.7B06FBE6B2D8891648293552B7C1D2EE.d.616E0BCD4502D8B43A52409B441156A6.e.7716","ELEMENT":"f.7B06FBE6B2D8891648293552B7C1D2EE.d.616E0BCD4502D8B43A52409B441156A6.e.7716"}]}
COMMAND: POST /session/a25f034dab13e07f92a88167585c034b/element - {"using":"xpath","value":"//div[contains(@id, \"smartFilterBar-btnBasicSearch-reset\")]"}
COMMAND: GET /session/a25f034dab13e07f92a88167585c034b/screenshot - {}
RESULT: {"using":"xpath","value":"//div[contains(@id, \"smartFilterBar-btnBasicSearch-reset\")]"}
COMMAND: POST /session/a25f034dab13e07f92a88167585c034b/element/f.7B06FBE6B2D8891648293552B7C1D2EE.d.616E0BCD4502D8B43A52409B441156A6.e.5759/click - {}
RESULT: {}
RESULT: {}
COMMAND: GET /session/a25f034dab13e07f92a88167585c034b/screenshot - {}
RESULT: {}
RESULT: undefined
COMMAND: POST /session/a25f034dab13e07f92a88167585c034b/execute/async - {"script":"<script> [776 bytes]","args":[{"enterText":"200127","selector":{"id":"application-ruinventorylist-display-component---Master--smartFilterBar-btnBasicSearch","interaction":{"idSuffix":"I"}},"clearTextFirst":true,"interactionType":"ENTER_TEXT"}]}
RESULT: {"script":"<script> [776 bytes]","args":[{"enterText":"200127","selector":{"id":"application-ruinventorylist-display-component---Master--smartFilterBar-btnBasicSearch","interaction":{"idSuffix":"I"}},"clearTextFirst":true,"interactionType":"ENTER_TEXT"}]}
COMMAND: POST /session/a25f034dab13e07f92a88167585c034b/actions - {"actions":[{"id":"action38","type":"key","parameters":{},"actions":[{"type":"keyDown","value":""},{"type":"pause","duration":10},{"type":"keyUp","value":""}]}]}
RESULT: {"actions":[{"id":"action38","type":"key","parameters":{},"actions":[{"type":"keyDown","value":""},{"type":"pause","duration":10},{"type":"keyUp","value":""}]}]}
COMMAND: GET /session/a25f034dab13e07f92a88167585c034b/screenshot - {}
RESULT: {}
COMMAND: POST /session/a25f034dab13e07f92a88167585c034b/element - {"using":"xpath","value":"//span[@id=\"application-ruinventorylist-display-component---Master--smartTableRuInventoryList-header-inner\"]"}
RESULT: {"using":"xpath","value":"//span[@id=\"application-ruinventorylist-display-component---Master--smartTableRuInventoryList-header-inner\"]"}
COMMAND: POST /session/a25f034dab13e07f92a88167585c034b/elements - {"using":"xpath","value":"//span[@id=\"application-ruinventorylist-display-component---Master--smartTableRuInventoryList-header-inner\"]"}
RESULT: {"using":"xpath","value":"//span[@id=\"application-ruinventorylist-display-component---Master--smartTableRuInventoryList-header-inner\"]"}
COMMAND: POST /session/a25f034dab13e07f92a88167585c034b/execute/sync - {"script":"<script> [56 bytes]","args":[{"element-6066-11e4-a52e-4f735466cecf":"f.7B06FBE6B2D8891648293552B7C1D2EE.d.616E0BCD4502D8B43A52409B441156A6.e.5743","ELEMENT":"f.7B06FBE6B2D8891648293552B7C1D2EE.d.616E0BCD4502D8B43A52409B441156A6.e.5743"}]}
RESULT: {"script":"<script> [56 bytes]","args":[{"element-6066-11e4-a52e-4f735466cecf":"f.7B06FBE6B2D8891648293552B7C1D2EE.d.616E0BCD4502D8B43A52409B441156A6.e.5743","ELEMENT":"f.7B06FBE6B2D8891648293552B7C1D2EE.d.616E0BCD4502D8B43A52409B441156A6.e.5743"}]}
COMMAND: POST /session/a25f034dab13e07f92a88167585c034b/element - {"using":"xpath","value":"//table[contains(@id, \"application-ruinventorylist-display-component---Master--tableRuInventoryList-listUl\")]/tbody/tr[1]/td[6]/div/span"}
COMMAND: GET /session/a25f034dab13e07f92a88167585c034b/screenshot - {}
RESULT: {"using":"xpath","value":"//table[contains(@id, \"application-ruinventorylist-display-component---Master--tableRuInventoryList-listUl\")]/tbody/tr[1]/td[6]/div/span"}
COMMAND: POST /session/a25f034dab13e07f92a88167585c034b/execute/sync - {"script":"<script> [56 bytes]","args":[{"element-6066-11e4-a52e-4f735466cecf":"f.7B06FBE6B2D8891648293552B7C1D2EE.d.616E0BCD4502D8B43A52409B441156A6.e.7799","ELEMENT":"f.7B06FBE6B2D8891648293552B7C1D2EE.d.616E0BCD4502D8B43A52409B441156A6.e.7799"}]}
RESULT: {}
RESULT: {"script":"<script> [56 bytes]","args":[{"element-6066-11e4-a52e-4f735466cecf":"f.7B06FBE6B2D8891648293552B7C1D2EE.d.616E0BCD4502D8B43A52409B441156A6.e.7799","ELEMENT":"f.7B06FBE6B2D8891648293552B7C1D2EE.d.616E0BCD4502D8B43A52409B441156A6.e.7799"}]}
COMMAND: POST /session/a25f034dab13e07f92a88167585c034b/element - {"using":"xpath","value":"//div[contains(@id, \"smartFilterBar-btnBasicSearch-reset\")]"}
COMMAND: GET /session/a25f034dab13e07f92a88167585c034b/screenshot - {}
RESULT: {"using":"xpath","value":"//div[contains(@id, \"smartFilterBar-btnBasicSearch-reset\")]"}
COMMAND: POST /session/a25f034dab13e07f92a88167585c034b/element/f.7B06FBE6B2D8891648293552B7C1D2EE.d.616E0BCD4502D8B43A52409B441156A6.e.5759/click - {}
RESULT: {}
RESULT: {}
COMMAND: GET /session/a25f034dab13e07f92a88167585c034b/screenshot - {}
RESULT: {}
COMMAND: POST /session/a25f034dab13e07f92a88167585c034b/element - {"using":"css selector","value":"#shell-header-logo"}
RESULT: {"using":"css selector","value":"#shell-header-logo"}
COMMAND: POST /session/a25f034dab13e07f92a88167585c034b/element/f.7B06FBE6B2D8891648293552B7C1D2EE.d.616E0BCD4502D8B43A52409B441156A6.e.5044/click - {}
RESULT: {}
COMMAND: GET /session/a25f034dab13e07f92a88167585c034b/screenshot - {}
RESULT: {}
COMMAND: DELETE /session/a25f034dab13e07f92a88167585c034b - {}
RESULT: {}
]]></system-out>
    </testcase>
  </testsuite>
</testsuites>