<?xml version="1.0" encoding="UTF-8"?>
<testsuites tests="24" failures="0" errors="0" skipped="0">
  <testsuite timestamp="2025-05-25T15:37:50" time="695.955" tests="5" failures="0" errors="0" skipped="0">
    <properties>
      <property name="specId" value="0"/>
      <property name="suiteName" value="Manage Requests Tags Tests US120163"/>
      <property name="capabilities" value="chrome.136_0_7103_93.windows"/>
      <property name="file" value="file:///D:/a/1/s/test/specs/R2C/create-request-Tags.spec.js"/>
    </properties>
    <testcase classname="chrome.136_0_7103_93.windows.Manage_Requests_Tags_Tests_US120163" name="Should create a new yard" time="133.166">
      <system-out><![CDATA[
COMMAND: POST /session/c52f3edd894b3289261c0762f3735e7d/execute/async - {"script":"<script> [1562 bytes]","args":[{"selector":{"controlType":"sap.m.GenericTile","properties":{"header":"Manage Yards"}},"wdio_ui5_key":"sapm.GenericTile{\"header\":\"Manage Yards\"}"}]}
RESULT: {"script":"<script> [1562 bytes]","args":[{"selector":{"controlType":"sap.m.GenericTile","properties":{"header":"Manage Yards"}},"wdio_ui5_key":"sapm.GenericTile{\"header\":\"Manage Yards\"}"}]}
RESULT: undefined
COMMAND: POST /session/c52f3edd894b3289261c0762f3735e7d/element - {"using":"xpath","value":"//*[@id=\"__tile41\"]"}
RESULT: {"using":"xpath","value":"//*[@id=\"__tile41\"]"}
COMMAND: POST /session/c52f3edd894b3289261c0762f3735e7d/element/f.00CEB3DD14B2376F96DB663D79287A8F.d.447F2A9E5FFE71769A4E4D174B974243.e.112/click - {}
RESULT: {}
COMMAND: GET /session/c52f3edd894b3289261c0762f3735e7d/screenshot - {}
RESULT: {}
COMMAND: POST /session/c52f3edd894b3289261c0762f3735e7d/elements - {"using":"xpath","value":"//span[text()='Error']"}
RESULT: {"using":"xpath","value":"//span[text()='Error']"}
COMMAND: POST /session/c52f3edd894b3289261c0762f3735e7d/execute/async - {"script":"<script> [1562 bytes]","args":[{"selector":{"controlType":"sap.ui.core.Icon","viewName":"etm.portal.ui.manageyards.view.Master","viewId":"application-manageyards-display-component---masterYard","properties":{"src":{"regex":{"source":"add"}}}},"wdio_ui5_key":"etmportal.ui.manageyards.view.Mastersap.ui.core.Icon{\"src\":{\"regex\":{\"source\":\"add\"}}}"}]}
RESULT: {"script":"<script> [1562 bytes]","args":[{"selector":{"controlType":"sap.ui.core.Icon","viewName":"etm.portal.ui.manageyards.view.Master","viewId":"application-manageyards-display-component---masterYard","properties":{"src":{"regex":{"source":"add"}}}},"wdio_ui5_key":"etmportal.ui.manageyards.view.Mastersap.ui.core.Icon{\"src\":{\"regex\":{\"source\":\"add\"}}}"}]}
RESULT: undefined
COMMAND: POST /session/c52f3edd894b3289261c0762f3735e7d/element - {"using":"xpath","value":"//*[@id=\"__button4-img\"]"}
RESULT: {"using":"xpath","value":"//*[@id=\"__button4-img\"]"}
COMMAND: POST /session/c52f3edd894b3289261c0762f3735e7d/element/f.00CEB3DD14B2376F96DB663D79287A8F.d.447F2A9E5FFE71769A4E4D174B974243.e.258/click - {}
RESULT: {}
COMMAND: GET /session/c52f3edd894b3289261c0762f3735e7d/screenshot - {}
RESULT: {}
COMMAND: POST /session/c52f3edd894b3289261c0762f3735e7d/execute/async - {"script":"<script> [1562 bytes]","args":[{"selector":{"id":"application-manageyards-display-component---NewYard--yardId","interaction":{"idSuffix":"inner"}},"wdio_ui5_key":"applicationmanageyards-display-component---NewYard--yardId"}]}
RESULT: {"script":"<script> [1562 bytes]","args":[{"selector":{"id":"application-manageyards-display-component---NewYard--yardId","interaction":{"idSuffix":"inner"}},"wdio_ui5_key":"applicationmanageyards-display-component---NewYard--yardId"}]}
RESULT: undefined
COMMAND: POST /session/c52f3edd894b3289261c0762f3735e7d/element - {"using":"xpath","value":"//*[@id=\"application-manageyards-display-component---NewYard--addressDetailDetailsName1-inner\"]"}
RESULT: {"using":"xpath","value":"//*[@id=\"application-manageyards-display-component---NewYard--addressDetailDetailsName1-inner\"]"}
COMMAND: POST /session/c52f3edd894b3289261c0762f3735e7d/element/f.00CEB3DD14B2376F96DB663D79287A8F.d.447F2A9E5FFE71769A4E4D174B974243.e.371/clear - {}
RESULT: {}
COMMAND: POST /session/c52f3edd894b3289261c0762f3735e7d/element/f.00CEB3DD14B2376F96DB663D79287A8F.d.447F2A9E5FFE71769A4E4D174B974243.e.371/value - {"text":"WebdriverYard13qkk"}
COMMAND: GET /session/c52f3edd894b3289261c0762f3735e7d/screenshot - {}
RESULT: {"text":"WebdriverYard13qkk"}
COMMAND: POST /session/c52f3edd894b3289261c0762f3735e7d/element - {"using":"xpath","value":"//*[@id=\"application-manageyards-display-component---NewYard--addressDetailDetailsLanguage-inner\"]"}
COMMAND: GET /session/c52f3edd894b3289261c0762f3735e7d/screenshot - {}
RESULT: {}
RESULT: {"using":"xpath","value":"//*[@id=\"application-manageyards-display-component---NewYard--addressDetailDetailsLanguage-inner\"]"}
COMMAND: POST /session/c52f3edd894b3289261c0762f3735e7d/element/f.00CEB3DD14B2376F96DB663D79287A8F.d.447F2A9E5FFE71769A4E4D174B974243.e.372/clear - {}
RESULT: {}
RESULT: {}
COMMAND: POST /session/c52f3edd894b3289261c0762f3735e7d/element/f.00CEB3DD14B2376F96DB663D79287A8F.d.447F2A9E5FFE71769A4E4D174B974243.e.372/value - {"text":"Romanian"}
COMMAND: GET /session/c52f3edd894b3289261c0762f3735e7d/screenshot - {}
RESULT: {}
RESULT: {"text":"Romanian"}
COMMAND: POST /session/c52f3edd894b3289261c0762f3735e7d/element - {"using":"xpath","value":"//input[contains(@id ,\"application-manageyards-display-component---NewYard--addressDetailDetailsName1-inner\")]"}
COMMAND: GET /session/c52f3edd894b3289261c0762f3735e7d/screenshot - {}
RESULT: {"using":"xpath","value":"//input[contains(@id ,\"application-manageyards-display-component---NewYard--addressDetailDetailsName1-inner\")]"}
COMMAND: GET /session/c52f3edd894b3289261c0762f3735e7d/element/f.00CEB3DD14B2376F96DB663D79287A8F.d.447F2A9E5FFE71769A4E4D174B974243.e.371/property/value - {}
RESULT: {}
RESULT: {}
COMMAND: GET /session/c52f3edd894b3289261c0762f3735e7d/screenshot - {}
RESULT: {}
COMMAND: POST /session/c52f3edd894b3289261c0762f3735e7d/element - {"using":"xpath","value":"//*[@id=\"application-manageyards-display-component---NewYard--addressDetailDetailsCity1-inner\"]"}
RESULT: {"using":"xpath","value":"//*[@id=\"application-manageyards-display-component---NewYard--addressDetailDetailsCity1-inner\"]"}
COMMAND: POST /session/c52f3edd894b3289261c0762f3735e7d/element/f.00CEB3DD14B2376F96DB663D79287A8F.d.447F2A9E5FFE71769A4E4D174B974243.e.374/clear - {}
RESULT: {}
COMMAND: POST /session/c52f3edd894b3289261c0762f3735e7d/element/f.00CEB3DD14B2376F96DB663D79287A8F.d.447F2A9E5FFE71769A4E4D174B974243.e.374/value - {"text":"Bucuresti"}
COMMAND: GET /session/c52f3edd894b3289261c0762f3735e7d/screenshot - {}
RESULT: {"text":"Bucuresti"}
COMMAND: GET /session/c52f3edd894b3289261c0762f3735e7d/screenshot - {}
RESULT: {}
RESULT: {}
COMMAND: POST /session/c52f3edd894b3289261c0762f3735e7d/element - {"using":"xpath","value":"//*[@id=\"application-manageyards-display-component---NewYard--addressDetailDetailsCountry-inner\"]"}
RESULT: {"using":"xpath","value":"//*[@id=\"application-manageyards-display-component---NewYard--addressDetailDetailsCountry-inner\"]"}
COMMAND: POST /session/c52f3edd894b3289261c0762f3735e7d/element/f.00CEB3DD14B2376F96DB663D79287A8F.d.447F2A9E5FFE71769A4E4D174B974243.e.378/clear - {}
RESULT: {}
COMMAND: POST /session/c52f3edd894b3289261c0762f3735e7d/element/f.00CEB3DD14B2376F96DB663D79287A8F.d.447F2A9E5FFE71769A4E4D174B974243.e.378/value - {"text":"Romania"}
COMMAND: GET /session/c52f3edd894b3289261c0762f3735e7d/screenshot - {}
RESULT: {"text":"Romania"}
COMMAND: GET /session/c52f3edd894b3289261c0762f3735e7d/screenshot - {}
RESULT: {}
RESULT: {}
COMMAND: POST /session/c52f3edd894b3289261c0762f3735e7d/element - {"using":"xpath","value":"//div[contains(text(), \"Commercial\")]"}
RESULT: {"using":"xpath","value":"//div[contains(text(), \"Commercial\")]"}
COMMAND: GET /session/c52f3edd894b3289261c0762f3735e7d/element/f.00CEB3DD14B2376F96DB663D79287A8F.d.447F2A9E5FFE71769A4E4D174B974243.e.564/rect - {}
RESULT: {}
COMMAND: GET /session/c52f3edd894b3289261c0762f3735e7d/window/rect - {}
RESULT: {}
COMMAND: POST /session/c52f3edd894b3289261c0762f3735e7d/execute/sync - {"script":"<script> [92 bytes]","args":[]}
RESULT: {"script":"<script> [92 bytes]","args":[]}
COMMAND: POST /session/c52f3edd894b3289261c0762f3735e7d/actions - {"actions":[{"id":"action1","type":"wheel","parameters":{},"actions":[{"type":"scroll","x":-1841,"y":-44,"deltaX":0,"deltaY":0,"duration":0,"origin":{"element-6066-11e4-a52e-4f735466cecf":"f.00CEB3DD14B2376F96DB663D79287A8F.d.447F2A9E5FFE71769A4E4D174B974243.e.564"}}]}]}
COMMAND: GET /session/c52f3edd894b3289261c0762f3735e7d/screenshot - {}
RESULT: {}
COMMAND: POST /session/c52f3edd894b3289261c0762f3735e7d/execute/sync - {"script":"<script> [79 bytes]","args":[{"element-6066-11e4-a52e-4f735466cecf":"f.00CEB3DD14B2376F96DB663D79287A8F.d.447F2A9E5FFE71769A4E4D174B974243.e.564","ELEMENT":"f.00CEB3DD14B2376F96DB663D79287A8F.d.447F2A9E5FFE71769A4E4D174B974243.e.564"},{"block":"start","inline":"nearest"}]}
RESULT: {"script":"<script> [79 bytes]","args":[{"element-6066-11e4-a52e-4f735466cecf":"f.00CEB3DD14B2376F96DB663D79287A8F.d.447F2A9E5FFE71769A4E4D174B974243.e.564","ELEMENT":"f.00CEB3DD14B2376F96DB663D79287A8F.d.447F2A9E5FFE71769A4E4D174B974243.e.564"},{"block":"start","inline":"nearest"}]}
COMMAND: GET /session/c52f3edd894b3289261c0762f3735e7d/screenshot - {}
RESULT: {}
COMMAND: POST /session/c52f3edd894b3289261c0762f3735e7d/execute/async - {"script":"<script> [1562 bytes]","args":[{"selector":{"id":"application-manageyards-display-component---NewYard--addressEditDetailsCostObjectCstType-arrow"},"wdio_ui5_key":"applicationmanageyards-display-component---NewYard--addressEditDetailsCostObjectCstType-arrow"}]}
RESULT: {"script":"<script> [1562 bytes]","args":[{"selector":{"id":"application-manageyards-display-component---NewYard--addressEditDetailsCostObjectCstType-arrow"},"wdio_ui5_key":"applicationmanageyards-display-component---NewYard--addressEditDetailsCostObjectCstType-arrow"}]}
RESULT: undefined
COMMAND: POST /session/c52f3edd894b3289261c0762f3735e7d/element - {"using":"xpath","value":"//*[@id=\"application-manageyards-display-component---NewYard--addressEditDetailsCostObjectCstType-arrow\"]"}
RESULT: {"using":"xpath","value":"//*[@id=\"application-manageyards-display-component---NewYard--addressEditDetailsCostObjectCstType-arrow\"]"}
COMMAND: POST /session/c52f3edd894b3289261c0762f3735e7d/element/f.00CEB3DD14B2376F96DB663D79287A8F.d.447F2A9E5FFE71769A4E4D174B974243.e.572/click - {}
RESULT: {}
COMMAND: POST /session/c52f3edd894b3289261c0762f3735e7d/element - {"using":"xpath","value":"//span[contains(text(), \"Cost Center\")]"}
COMMAND: GET /session/c52f3edd894b3289261c0762f3735e7d/screenshot - {}
RESULT: {"using":"xpath","value":"//span[contains(text(), \"Cost Center\")]"}
COMMAND: POST /session/c52f3edd894b3289261c0762f3735e7d/element/f.00CEB3DD14B2376F96DB663D79287A8F.d.447F2A9E5FFE71769A4E4D174B974243.e.573/click - {}
RESULT: {}
RESULT: {}
COMMAND: GET /session/c52f3edd894b3289261c0762f3735e7d/screenshot - {}
RESULT: {}
COMMAND: POST /session/c52f3edd894b3289261c0762f3735e7d/execute/async - {"script":"<script> [1562 bytes]","args":[{"selector":{"id":"application-manageyards-display-component---NewYard--addressNewCostObjectCstID-vhi"},"wdio_ui5_key":"applicationmanageyards-display-component---NewYard--addressNewCostObjectCstID-vhi"}]}
RESULT: {"script":"<script> [1562 bytes]","args":[{"selector":{"id":"application-manageyards-display-component---NewYard--addressNewCostObjectCstID-vhi"},"wdio_ui5_key":"applicationmanageyards-display-component---NewYard--addressNewCostObjectCstID-vhi"}]}
RESULT: undefined
COMMAND: POST /session/c52f3edd894b3289261c0762f3735e7d/element - {"using":"xpath","value":"//*[@id=\"application-manageyards-display-component---NewYard--addressNewCostObjectCstID-vhi\"]"}
RESULT: {"using":"xpath","value":"//*[@id=\"application-manageyards-display-component---NewYard--addressNewCostObjectCstID-vhi\"]"}
COMMAND: POST /session/c52f3edd894b3289261c0762f3735e7d/element/f.00CEB3DD14B2376F96DB663D79287A8F.d.447F2A9E5FFE71769A4E4D174B974243.e.588/click - {}
RESULT: {}
COMMAND: GET /session/c52f3edd894b3289261c0762f3735e7d/screenshot - {}
RESULT: {}
COMMAND: POST /session/c52f3edd894b3289261c0762f3735e7d/execute/async - {"script":"<script> [1562 bytes]","args":[{"selector":{"controlType":"sap.m.SearchField","properties":{"placeholder":"Search"},"searchOpenDialogs":true,"interaction":{"idSuffix":"I"}},"wdio_ui5_key":"sapm.SearchField{\"placeholder\":\"Search\"}"}]}
RESULT: {"script":"<script> [1562 bytes]","args":[{"selector":{"controlType":"sap.m.SearchField","properties":{"placeholder":"Search"},"searchOpenDialogs":true,"interaction":{"idSuffix":"I"}},"wdio_ui5_key":"sapm.SearchField{\"placeholder\":\"Search\"}"}]}
RESULT: undefined
COMMAND: POST /session/c52f3edd894b3289261c0762f3735e7d/execute/async - {"script":"<script> [776 bytes]","args":[{"enterText":"10001013","selector":{"controlType":"sap.m.SearchField","properties":{"placeholder":"Search"},"searchOpenDialogs":true,"interaction":{"idSuffix":"I"}},"clearTextFirst":true,"interactionType":"ENTER_TEXT"}]}
RESULT: {"script":"<script> [776 bytes]","args":[{"enterText":"10001013","selector":{"controlType":"sap.m.SearchField","properties":{"placeholder":"Search"},"searchOpenDialogs":true,"interaction":{"idSuffix":"I"}},"clearTextFirst":true,"interactionType":"ENTER_TEXT"}]}
COMMAND: POST /session/c52f3edd894b3289261c0762f3735e7d/actions - {"actions":[{"id":"action2","type":"key","parameters":{},"actions":[{"type":"keyDown","value":""},{"type":"pause","duration":10},{"type":"keyUp","value":""}]}]}
RESULT: {"actions":[{"id":"action2","type":"key","parameters":{},"actions":[{"type":"keyDown","value":""},{"type":"pause","duration":10},{"type":"keyUp","value":""}]}]}
COMMAND: GET /session/c52f3edd894b3289261c0762f3735e7d/screenshot - {}
RESULT: {}
COMMAND: POST /session/c52f3edd894b3289261c0762f3735e7d/element - {"using":"xpath","value":"//span[contains(text(), \"General Management\")]"}
RESULT: {"using":"xpath","value":"//span[contains(text(), \"General Management\")]"}
COMMAND: POST /session/c52f3edd894b3289261c0762f3735e7d/element/f.00CEB3DD14B2376F96DB663D79287A8F.d.447F2A9E5FFE71769A4E4D174B974243.e.628/click - {}
RESULT: {}
COMMAND: GET /session/c52f3edd894b3289261c0762f3735e7d/screenshot - {}
RESULT: {}
COMMAND: POST /session/c52f3edd894b3289261c0762f3735e7d/element - {"using":"xpath","value":"//bdi[contains(text(), \"OK\")]"}
RESULT: {"using":"xpath","value":"//bdi[contains(text(), \"OK\")]"}
COMMAND: POST /session/c52f3edd894b3289261c0762f3735e7d/element/f.00CEB3DD14B2376F96DB663D79287A8F.d.447F2A9E5FFE71769A4E4D174B974243.e.629/click - {}
RESULT: {}
COMMAND: GET /session/c52f3edd894b3289261c0762f3735e7d/screenshot - {}
RESULT: {}
COMMAND: POST /session/c52f3edd894b3289261c0762f3735e7d/execute/async - {"script":"<script> [1562 bytes]","args":[{"selector":{"controlType":"sap.m.Button","viewName":"etm.portal.ui.manageyards.view.New","viewId":"application-manageyards-display-component---NewYard","i18NText":{"propertyName":"text","key":"save"},"interaction":{"idSuffix":"inner"}},"wdio_ui5_key":"etmportal.ui.manageyards.view.Newsap.m.Button{\"propertyName\":\"text\",\"key\":\"save\"}"}]}
RESULT: {"script":"<script> [1562 bytes]","args":[{"selector":{"controlType":"sap.m.Button","viewName":"etm.portal.ui.manageyards.view.New","viewId":"application-manageyards-display-component---NewYard","i18NText":{"propertyName":"text","key":"save"},"interaction":{"idSuffix":"inner"}},"wdio_ui5_key":"etmportal.ui.manageyards.view.Newsap.m.Button{\"propertyName\":\"text\",\"key\":\"save\"}"}]}
RESULT: undefined
COMMAND: POST /session/c52f3edd894b3289261c0762f3735e7d/element - {"using":"xpath","value":"//*[@id=\"__button18\"]"}
RESULT: {"using":"xpath","value":"//*[@id=\"__button18\"]"}
COMMAND: POST /session/c52f3edd894b3289261c0762f3735e7d/element/f.00CEB3DD14B2376F96DB663D79287A8F.d.447F2A9E5FFE71769A4E4D174B974243.e.544/click - {}
RESULT: {}
COMMAND: GET /session/c52f3edd894b3289261c0762f3735e7d/screenshot - {}
RESULT: {}
COMMAND: POST /session/c52f3edd894b3289261c0762f3735e7d/element - {"using":"xpath","value":"//header/div/div[2]/div[2]/span"}
RESULT: {"using":"xpath","value":"//header/div/div[2]/div[2]/span"}
COMMAND: GET /session/c52f3edd894b3289261c0762f3735e7d/element/f.00CEB3DD14B2376F96DB663D79287A8F.d.447F2A9E5FFE71769A4E4D174B974243.e.825/text - {}
RESULT: {}
COMMAND: POST /session/c52f3edd894b3289261c0762f3735e7d/execute/async - {"script":"<script> [1562 bytes]","args":[{"selector":{"controlType":"sap.m.OverflowToolbarButton","viewName":"etm.portal.ui.manageyards.view.Detail","viewId":"application-manageyards-display-component---detailYard","i18NText":{"propertyName":"tooltip","key":"closeColumn"},"interaction":{"idSuffix":"inner"}},"wdio_ui5_key":"etmportal.ui.manageyards.view.Detailsap.m.OverflowToolbarButton{\"propertyName\":\"tooltip\",\"key\":\"closeColumn\"}"}]}
RESULT: {"script":"<script> [1562 bytes]","args":[{"selector":{"controlType":"sap.m.OverflowToolbarButton","viewName":"etm.portal.ui.manageyards.view.Detail","viewId":"application-manageyards-display-component---detailYard","i18NText":{"propertyName":"tooltip","key":"closeColumn"},"interaction":{"idSuffix":"inner"}},"wdio_ui5_key":"etmportal.ui.manageyards.view.Detailsap.m.OverflowToolbarButton{\"propertyName\":\"tooltip\",\"key\":\"closeColumn\"}"}]}
RESULT: undefined
COMMAND: POST /session/c52f3edd894b3289261c0762f3735e7d/element - {"using":"xpath","value":"//*[@id=\"__button42\"]"}
RESULT: {"using":"xpath","value":"//*[@id=\"__button42\"]"}
COMMAND: POST /session/c52f3edd894b3289261c0762f3735e7d/element/f.00CEB3DD14B2376F96DB663D79287A8F.d.447F2A9E5FFE71769A4E4D174B974243.e.827/click - {}
RESULT: {}
COMMAND: GET /session/c52f3edd894b3289261c0762f3735e7d/screenshot - {}
RESULT: {}
COMMAND: POST /session/c52f3edd894b3289261c0762f3735e7d/element - {"using":"css selector","value":"#shell-header-logo"}
RESULT: {"using":"css selector","value":"#shell-header-logo"}
COMMAND: POST /session/c52f3edd894b3289261c0762f3735e7d/element/f.00CEB3DD14B2376F96DB663D79287A8F.d.447F2A9E5FFE71769A4E4D174B974243.e.115/click - {}
RESULT: {}
COMMAND: GET /session/c52f3edd894b3289261c0762f3735e7d/screenshot - {}
RESULT: {}
COMMAND: POST /session/c52f3edd894b3289261c0762f3735e7d/refresh - {}
RESULT: {}
COMMAND: GET /session/c52f3edd894b3289261c0762f3735e7d/screenshot - {}
RESULT: {}
COMMAND: POST /session/c52f3edd894b3289261c0762f3735e7d/execute/async - {"script":"<script> [189 bytes]","args":[]}
RESULT: {"script":"<script> [189 bytes]","args":[]}
COMMAND: POST /session/c52f3edd894b3289261c0762f3735e7d/execute/async - {"script":"<script> [123 bytes]","args":[]}
RESULT: {"script":"<script> [123 bytes]","args":[]}
COMMAND: POST /session/c52f3edd894b3289261c0762f3735e7d/timeouts - {"script":"<number>"}
RESULT: {"script":"<number>"}
COMMAND: GET /session/c52f3edd894b3289261c0762f3735e7d/timeouts - {}
RESULT: {}
RESULT: undefined
COMMAND: POST /session/c52f3edd894b3289261c0762f3735e7d/execute/async - {"script":"<script> [2676 bytes]","args":[]}
RESULT: {"script":"<script> [2676 bytes]","args":[]}
COMMAND: POST /session/c52f3edd894b3289261c0762f3735e7d/execute/async - {"script":"<script> [2342 bytes]","args":[{"protocol":"http","hostname":"0.0.0.0","path":"/","capabilities":{"browserName":"chrome","goog:chromeOptions":{"binary":"C:\\Program Files\\Google\\Chrome\\Application\\chrome.exe","args":["--start-maximized"]}},"logLevel":"warn","connectionRetryTimeout":120000,"connectionRetryCount":3,"logLevels":{},"enableDirectConnect":true,"strictSSL":true,"_":"65 more keys: [\"cacheDir\",\"port\",\"requestedCapabilities\",\"automationProtocol\",\"baseUrl\",\"waitforInterval\",\"waitforTimeout\",\"onReload\",\"beforeCommand\",\"afterCommand\",\"rootDir\",\"specs\",\"suites\",\"exclude\",\"groupLogsByTestSpec\",\"excludeDriverLogs\",\"bail\",\"framework\",\"reporters\",\"services\",\"maxInstances\",\"maxInstancesPerCapability\",\"injectGlobals\",\"filesToWatch\",\"execArgv\",\"runnerEnv\",\"runner\",\"shard\",\"specFileRetries\",\"specFileRetriesDelay\",\"specFileRetriesDeferred\",\"reporterSyncInterval\",\"reporterSyncTimeout\",\"cucumberFeaturesWithLineNumbers\",\"autoCompileOpts\",\"mochaOpts\",\"jasmineOpts\",\"cucumberOpts\",\"onPrepare\",\"onWorkerStart\",\"onWorkerEnd\",\"before\",\"beforeSession\",\"beforeSuite\",\"beforeHook\",\"beforeTest\",\"afterTest\",\"afterHook\",\"afterSuite\",\"afterSession\",\"after\",\"onComplete\",\"beforeAssertion\",\"afterAssertion\",\"beforeFeature\",\"beforeScenario\",\"beforeStep\",\"afterStep\",\"afterScenario\",\"afterFeature\",\"_\",\"suite\",\"$0\",\"ignoredWorkerServices\",\"wdi5\"]"}]}
RESULT: {"script":"<script> [2342 bytes]","args":[{"protocol":"http","hostname":"0.0.0.0","path":"/","capabilities":{"browserName":"chrome","goog:chromeOptions":{"binary":"C:\\Program Files\\Google\\Chrome\\Application\\chrome.exe","args":["--start-maximized"]}},"logLevel":"warn","connectionRetryTimeout":120000,"connectionRetryCount":3,"logLevels":{},"enableDirectConnect":true,"strictSSL":true,"_":"65 more keys: [\"cacheDir\",\"port\",\"requestedCapabilities\",\"automationProtocol\",\"baseUrl\",\"waitforInterval\",\"waitforTimeout\",\"onReload\",\"beforeCommand\",\"afterCommand\",\"rootDir\",\"specs\",\"suites\",\"exclude\",\"groupLogsByTestSpec\",\"excludeDriverLogs\",\"bail\",\"framework\",\"reporters\",\"services\",\"maxInstances\",\"maxInstancesPerCapability\",\"injectGlobals\",\"filesToWatch\",\"execArgv\",\"runnerEnv\",\"runner\",\"shard\",\"specFileRetries\",\"specFileRetriesDelay\",\"specFileRetriesDeferred\",\"reporterSyncInterval\",\"reporterSyncTimeout\",\"cucumberFeaturesWithLineNumbers\",\"autoCompileOpts\",\"mochaOpts\",\"jasmineOpts\",\"cucumberOpts\",\"onPrepare\",\"onWorkerStart\",\"onWorkerEnd\",\"before\",\"beforeSession\",\"beforeSuite\",\"beforeHook\",\"beforeTest\",\"afterTest\",\"afterHook\",\"afterSuite\",\"afterSession\",\"after\",\"onComplete\",\"beforeAssertion\",\"afterAssertion\",\"beforeFeature\",\"beforeScenario\",\"beforeStep\",\"afterStep\",\"afterScenario\",\"afterFeature\",\"_\",\"suite\",\"$0\",\"ignoredWorkerServices\",\"wdi5\"]"}]}
COMMAND: POST /session/c52f3edd894b3289261c0762f3735e7d/execute/async - {"script":"<script> [21126 bytes]","args":[35000]}
RESULT: {"script":"<script> [21126 bytes]","args":[35000]}
]]></system-out>
    </testcase>
    <testcase classname="chrome.136_0_7103_93.windows.Manage_Requests_Tags_Tests_US120163" name="Should create a new partner" time="91.881">
      <system-out><![CDATA[
COMMAND: POST /session/c52f3edd894b3289261c0762f3735e7d/execute/async - {"script":"<script> [1562 bytes]","args":[{"selector":{"controlType":"sap.m.GenericTile","properties":{"header":"Manage Partners"}},"wdio_ui5_key":"sapm.GenericTile{\"header\":\"Manage Partners\"}"}]}
RESULT: {"script":"<script> [1562 bytes]","args":[{"selector":{"controlType":"sap.m.GenericTile","properties":{"header":"Manage Partners"}},"wdio_ui5_key":"sapm.GenericTile{\"header\":\"Manage Partners\"}"}]}
RESULT: undefined
COMMAND: POST /session/c52f3edd894b3289261c0762f3735e7d/element - {"using":"xpath","value":"//*[@id=\"__tile38\"]"}
RESULT: {"using":"xpath","value":"//*[@id=\"__tile38\"]"}
COMMAND: POST /session/c52f3edd894b3289261c0762f3735e7d/element/f.00CEB3DD14B2376F96DB663D79287A8F.d.22D2C7FE6F615D69E976AE7F84238243.e.1179/click - {}
RESULT: {}
COMMAND: GET /session/c52f3edd894b3289261c0762f3735e7d/screenshot - {}
RESULT: {}
COMMAND: POST /session/c52f3edd894b3289261c0762f3735e7d/elements - {"using":"xpath","value":"//span[text()='Error']"}
RESULT: {"using":"xpath","value":"//span[text()='Error']"}
COMMAND: POST /session/c52f3edd894b3289261c0762f3735e7d/execute/async - {"script":"<script> [1562 bytes]","args":[{"selector":{"controlType":"sap.ui.core.Icon","viewName":"etm.portal.ui.managepartners.view.Master","viewId":"application-managepartners-display-component---masterPtm","properties":{"src":{"regex":{"source":"add"}}}},"wdio_ui5_key":"etmportal.ui.managepartners.view.Mastersap.ui.core.Icon{\"src\":{\"regex\":{\"source\":\"add\"}}}"}]}
RESULT: {"script":"<script> [1562 bytes]","args":[{"selector":{"controlType":"sap.ui.core.Icon","viewName":"etm.portal.ui.managepartners.view.Master","viewId":"application-managepartners-display-component---masterPtm","properties":{"src":{"regex":{"source":"add"}}}},"wdio_ui5_key":"etmportal.ui.managepartners.view.Mastersap.ui.core.Icon{\"src\":{\"regex\":{\"source\":\"add\"}}}"}]}
RESULT: undefined
COMMAND: POST /session/c52f3edd894b3289261c0762f3735e7d/element - {"using":"xpath","value":"//*[@id=\"__button4-img\"]"}
RESULT: {"using":"xpath","value":"//*[@id=\"__button4-img\"]"}
COMMAND: POST /session/c52f3edd894b3289261c0762f3735e7d/element/f.00CEB3DD14B2376F96DB663D79287A8F.d.22D2C7FE6F615D69E976AE7F84238243.e.1230/click - {}
RESULT: {}
COMMAND: GET /session/c52f3edd894b3289261c0762f3735e7d/screenshot - {}
RESULT: {}
COMMAND: POST /session/c52f3edd894b3289261c0762f3735e7d/execute/async - {"script":"<script> [1562 bytes]","args":[{"selector":{"id":"application-managepartners-display-component---NewPartner--partnerId","interaction":{"idSuffix":"inner"}},"wdio_ui5_key":"applicationmanagepartners-display-component---NewPartner--partnerId"}]}
RESULT: {"script":"<script> [1562 bytes]","args":[{"selector":{"id":"application-managepartners-display-component---NewPartner--partnerId","interaction":{"idSuffix":"inner"}},"wdio_ui5_key":"applicationmanagepartners-display-component---NewPartner--partnerId"}]}
RESULT: undefined
COMMAND: POST /session/c52f3edd894b3289261c0762f3735e7d/execute/async - {"script":"<script> [1562 bytes]","args":[{"selector":{"id":"application-managepartners-display-component---NewPartner--addressDetailDetailsName1","interaction":{"idSuffix":"inner"}},"wdio_ui5_key":"applicationmanagepartners-display-component---NewPartner--addressDetailDetailsName1"}]}
RESULT: {"script":"<script> [1562 bytes]","args":[{"selector":{"id":"application-managepartners-display-component---NewPartner--addressDetailDetailsName1","interaction":{"idSuffix":"inner"}},"wdio_ui5_key":"applicationmanagepartners-display-component---NewPartner--addressDetailDetailsName1"}]}
RESULT: undefined
COMMAND: POST /session/c52f3edd894b3289261c0762f3735e7d/execute/async - {"script":"<script> [776 bytes]","args":[{"enterText":"WebdriverPartnerhszcf","selector":{"id":"application-managepartners-display-component---NewPartner--addressDetailDetailsName1","interaction":{"idSuffix":"inner"}},"clearTextFirst":true,"interactionType":"ENTER_TEXT"}]}
RESULT: {"script":"<script> [776 bytes]","args":[{"enterText":"WebdriverPartnerhszcf","selector":{"id":"application-managepartners-display-component---NewPartner--addressDetailDetailsName1","interaction":{"idSuffix":"inner"}},"clearTextFirst":true,"interactionType":"ENTER_TEXT"}]}
COMMAND: POST /session/c52f3edd894b3289261c0762f3735e7d/execute/async - {"script":"<script> [1562 bytes]","args":[{"selector":{"id":"application-managepartners-display-component---NewPartner--addressDetailDetailsLanguage","interaction":{"idSuffix":"inner"}},"wdio_ui5_key":"applicationmanagepartners-display-component---NewPartner--addressDetailDetailsLanguage"}]}
RESULT: {"script":"<script> [1562 bytes]","args":[{"selector":{"id":"application-managepartners-display-component---NewPartner--addressDetailDetailsLanguage","interaction":{"idSuffix":"inner"}},"wdio_ui5_key":"applicationmanagepartners-display-component---NewPartner--addressDetailDetailsLanguage"}]}
RESULT: undefined
COMMAND: POST /session/c52f3edd894b3289261c0762f3735e7d/execute/async - {"script":"<script> [776 bytes]","args":[{"enterText":"Romanian","selector":{"id":"application-managepartners-display-component---NewPartner--addressDetailDetailsLanguage","interaction":{"idSuffix":"inner"}},"clearTextFirst":true,"interactionType":"ENTER_TEXT"}]}
RESULT: {"script":"<script> [776 bytes]","args":[{"enterText":"Romanian","selector":{"id":"application-managepartners-display-component---NewPartner--addressDetailDetailsLanguage","interaction":{"idSuffix":"inner"}},"clearTextFirst":true,"interactionType":"ENTER_TEXT"}]}
COMMAND: POST /session/c52f3edd894b3289261c0762f3735e7d/element - {"using":"xpath","value":"//input[contains(@id ,\"application-managepartners-display-component---NewPartner--addressDetailDetailsName1-inner\")]"}
RESULT: {"using":"xpath","value":"//input[contains(@id ,\"application-managepartners-display-component---NewPartner--addressDetailDetailsName1-inner\")]"}
COMMAND: GET /session/c52f3edd894b3289261c0762f3735e7d/element/f.00CEB3DD14B2376F96DB663D79287A8F.d.22D2C7FE6F615D69E976AE7F84238243.e.1404/property/value - {}
RESULT: {}
COMMAND: POST /session/c52f3edd894b3289261c0762f3735e7d/execute/async - {"script":"<script> [1562 bytes]","args":[{"selector":{"id":"application-managepartners-display-component---NewPartner--addressDetailDetailsCity1","interaction":{"idSuffix":"inner"}},"wdio_ui5_key":"applicationmanagepartners-display-component---NewPartner--addressDetailDetailsCity1"}]}
COMMAND: GET /session/c52f3edd894b3289261c0762f3735e7d/screenshot - {}
RESULT: {"script":"<script> [1562 bytes]","args":[{"selector":{"id":"application-managepartners-display-component---NewPartner--addressDetailDetailsCity1","interaction":{"idSuffix":"inner"}},"wdio_ui5_key":"applicationmanagepartners-display-component---NewPartner--addressDetailDetailsCity1"}]}
RESULT: undefined
COMMAND: POST /session/c52f3edd894b3289261c0762f3735e7d/execute/async - {"script":"<script> [776 bytes]","args":[{"enterText":"Bucharest","selector":{"id":"application-managepartners-display-component---NewPartner--addressDetailDetailsCity1","interaction":{"idSuffix":"inner"}},"clearTextFirst":true,"interactionType":"ENTER_TEXT"}]}
RESULT: {}
RESULT: {"script":"<script> [776 bytes]","args":[{"enterText":"Bucharest","selector":{"id":"application-managepartners-display-component---NewPartner--addressDetailDetailsCity1","interaction":{"idSuffix":"inner"}},"clearTextFirst":true,"interactionType":"ENTER_TEXT"}]}
COMMAND: POST /session/c52f3edd894b3289261c0762f3735e7d/execute/async - {"script":"<script> [1562 bytes]","args":[{"selector":{"id":"application-managepartners-display-component---NewPartner--addressDetailDetailsCountry","interaction":{"idSuffix":"inner"}},"wdio_ui5_key":"applicationmanagepartners-display-component---NewPartner--addressDetailDetailsCountry"}]}
RESULT: {"script":"<script> [1562 bytes]","args":[{"selector":{"id":"application-managepartners-display-component---NewPartner--addressDetailDetailsCountry","interaction":{"idSuffix":"inner"}},"wdio_ui5_key":"applicationmanagepartners-display-component---NewPartner--addressDetailDetailsCountry"}]}
RESULT: undefined
COMMAND: POST /session/c52f3edd894b3289261c0762f3735e7d/execute/async - {"script":"<script> [6424 bytes]","args":[{"element-6066-11e4-a52e-4f735466cecf":"f.00CEB3DD14B2376F96DB663D79287A8F.d.22D2C7FE6F615D69E976AE7F84238243.e.1411"},"setValue",["Romania"]]}
RESULT: {"script":"<script> [6424 bytes]","args":[{"element-6066-11e4-a52e-4f735466cecf":"f.00CEB3DD14B2376F96DB663D79287A8F.d.22D2C7FE6F615D69E976AE7F84238243.e.1411"},"setValue",["Romania"]]}
COMMAND: POST /session/c52f3edd894b3289261c0762f3735e7d/execute/async - {"script":"<script> [1562 bytes]","args":[{"selector":{"id":"application-managepartners-display-component---NewPartner--partnerDetailInternal","interaction":{"idSuffix":"inner"}},"wdio_ui5_key":"applicationmanagepartners-display-component---NewPartner--partnerDetailInternal"}]}
RESULT: {"script":"<script> [1562 bytes]","args":[{"selector":{"id":"application-managepartners-display-component---NewPartner--partnerDetailInternal","interaction":{"idSuffix":"inner"}},"wdio_ui5_key":"applicationmanagepartners-display-component---NewPartner--partnerDetailInternal"}]}
RESULT: undefined
COMMAND: POST /session/c52f3edd894b3289261c0762f3735e7d/execute/async - {"script":"<script> [776 bytes]","args":[{"enterText":"External partner","selector":{"id":"application-managepartners-display-component---NewPartner--partnerDetailInternal","interaction":{"idSuffix":"inner"}},"clearTextFirst":true,"interactionType":"ENTER_TEXT"}]}
RESULT: {"script":"<script> [776 bytes]","args":[{"enterText":"External partner","selector":{"id":"application-managepartners-display-component---NewPartner--partnerDetailInternal","interaction":{"idSuffix":"inner"}},"clearTextFirst":true,"interactionType":"ENTER_TEXT"}]}
COMMAND: POST /session/c52f3edd894b3289261c0762f3735e7d/execute/async - {"script":"<script> [1562 bytes]","args":[{"selector":{"id":"application-managepartners-display-component---NewPartner--partnerDetailsCurrency","interaction":{"idSuffix":"inner"}},"wdio_ui5_key":"applicationmanagepartners-display-component---NewPartner--partnerDetailsCurrency"}]}
RESULT: {"script":"<script> [1562 bytes]","args":[{"selector":{"id":"application-managepartners-display-component---NewPartner--partnerDetailsCurrency","interaction":{"idSuffix":"inner"}},"wdio_ui5_key":"applicationmanagepartners-display-component---NewPartner--partnerDetailsCurrency"}]}
RESULT: undefined
COMMAND: POST /session/c52f3edd894b3289261c0762f3735e7d/execute/async - {"script":"<script> [776 bytes]","args":[{"enterText":"Euro","selector":{"id":"application-managepartners-display-component---NewPartner--partnerDetailsCurrency","interaction":{"idSuffix":"inner"}},"clearTextFirst":true,"interactionType":"ENTER_TEXT"}]}
RESULT: {"script":"<script> [776 bytes]","args":[{"enterText":"Euro","selector":{"id":"application-managepartners-display-component---NewPartner--partnerDetailsCurrency","interaction":{"idSuffix":"inner"}},"clearTextFirst":true,"interactionType":"ENTER_TEXT"}]}
COMMAND: POST /session/c52f3edd894b3289261c0762f3735e7d/execute/async - {"script":"<script> [1562 bytes]","args":[{"selector":{"controlType":"sap.m.Button","viewName":"etm.portal.ui.managepartners.view.NewPartner","viewId":"application-managepartners-display-component---NewPartner","properties":{"text":"Commercial"},"interaction":{"idSuffix":"BDI-content"}},"wdio_ui5_key":"etmportal.ui.managepartners.view.NewPartnersap.m.Button{\"text\":\"Commercial\"}"}]}
RESULT: {"script":"<script> [1562 bytes]","args":[{"selector":{"controlType":"sap.m.Button","viewName":"etm.portal.ui.managepartners.view.NewPartner","viewId":"application-managepartners-display-component---NewPartner","properties":{"text":"Commercial"},"interaction":{"idSuffix":"BDI-content"}},"wdio_ui5_key":"etmportal.ui.managepartners.view.NewPartnersap.m.Button{\"text\":\"Commercial\"}"}]}
RESULT: undefined
COMMAND: POST /session/c52f3edd894b3289261c0762f3735e7d/element - {"using":"xpath","value":"//*[@id=\"application-managepartners-display-component---NewPartner--ObjectPageLayout-anchBar-__section5-anchor\"]"}
RESULT: {"using":"xpath","value":"//*[@id=\"application-managepartners-display-component---NewPartner--ObjectPageLayout-anchBar-__section5-anchor\"]"}
COMMAND: POST /session/c52f3edd894b3289261c0762f3735e7d/element/f.00CEB3DD14B2376F96DB663D79287A8F.d.22D2C7FE6F615D69E976AE7F84238243.e.1652/click - {}
RESULT: {}
COMMAND: GET /session/c52f3edd894b3289261c0762f3735e7d/screenshot - {}
RESULT: {}
COMMAND: POST /session/c52f3edd894b3289261c0762f3735e7d/execute/async - {"script":"<script> [1562 bytes]","args":[{"selector":{"id":"application-managepartners-display-component---NewPartner--btnAddTableRow-img"},"wdio_ui5_key":"applicationmanagepartners-display-component---NewPartner--btnAddTableRow-img"}]}
RESULT: {"script":"<script> [1562 bytes]","args":[{"selector":{"id":"application-managepartners-display-component---NewPartner--btnAddTableRow-img"},"wdio_ui5_key":"applicationmanagepartners-display-component---NewPartner--btnAddTableRow-img"}]}
RESULT: undefined
COMMAND: POST /session/c52f3edd894b3289261c0762f3735e7d/element - {"using":"xpath","value":"//*[@id=\"application-managepartners-display-component---NewPartner--btnAddTableRow-img\"]"}
RESULT: {"using":"xpath","value":"//*[@id=\"application-managepartners-display-component---NewPartner--btnAddTableRow-img\"]"}
COMMAND: POST /session/c52f3edd894b3289261c0762f3735e7d/element/f.00CEB3DD14B2376F96DB663D79287A8F.d.22D2C7FE6F615D69E976AE7F84238243.e.1658/click - {}
RESULT: {}
COMMAND: POST /session/c52f3edd894b3289261c0762f3735e7d/element - {"using":"xpath","value":"//input[contains(@id ,\"application-managepartners-display-component---NewPartner--assignmentYard-application-managepartners-display-component---NewPartner\")]"}
COMMAND: GET /session/c52f3edd894b3289261c0762f3735e7d/screenshot - {}
RESULT: {"using":"xpath","value":"//input[contains(@id ,\"application-managepartners-display-component---NewPartner--assignmentYard-application-managepartners-display-component---NewPartner\")]"}
COMMAND: POST /session/c52f3edd894b3289261c0762f3735e7d/element/f.00CEB3DD14B2376F96DB663D79287A8F.d.22D2C7FE6F615D69E976AE7F84238243.e.1661/clear - {}
RESULT: {}
RESULT: {}
COMMAND: POST /session/c52f3edd894b3289261c0762f3735e7d/element/f.00CEB3DD14B2376F96DB663D79287A8F.d.22D2C7FE6F615D69E976AE7F84238243.e.1661/value - {"text":"WebdriverYard13qkk"}
COMMAND: GET /session/c52f3edd894b3289261c0762f3735e7d/screenshot - {}
RESULT: {"text":"WebdriverYard13qkk"}
COMMAND: GET /session/c52f3edd894b3289261c0762f3735e7d/screenshot - {}
RESULT: {}
RESULT: {}
COMMAND: POST /session/c52f3edd894b3289261c0762f3735e7d/execute/async - {"script":"<script> [1562 bytes]","args":[{"selector":{"controlType":"sap.m.Button","viewName":"etm.portal.ui.managepartners.view.NewPartner","viewId":"application-managepartners-display-component---NewPartner","i18NText":{"propertyName":"text","key":"save"},"interaction":{"idSuffix":"BDI-content"}},"wdio_ui5_key":"etmportal.ui.managepartners.view.NewPartnersap.m.Button{\"propertyName\":\"text\",\"key\":\"save\"}"}]}
RESULT: {"script":"<script> [1562 bytes]","args":[{"selector":{"controlType":"sap.m.Button","viewName":"etm.portal.ui.managepartners.view.NewPartner","viewId":"application-managepartners-display-component---NewPartner","i18NText":{"propertyName":"text","key":"save"},"interaction":{"idSuffix":"BDI-content"}},"wdio_ui5_key":"etmportal.ui.managepartners.view.NewPartnersap.m.Button{\"propertyName\":\"text\",\"key\":\"save\"}"}]}
RESULT: undefined
COMMAND: POST /session/c52f3edd894b3289261c0762f3735e7d/element - {"using":"xpath","value":"//*[@id=\"__button12\"]"}
RESULT: {"using":"xpath","value":"//*[@id=\"__button12\"]"}
COMMAND: POST /session/c52f3edd894b3289261c0762f3735e7d/element/f.00CEB3DD14B2376F96DB663D79287A8F.d.22D2C7FE6F615D69E976AE7F84238243.e.1623/click - {}
RESULT: {}
COMMAND: GET /session/c52f3edd894b3289261c0762f3735e7d/screenshot - {}
RESULT: {}
COMMAND: POST /session/c52f3edd894b3289261c0762f3735e7d/element - {"using":"xpath","value":"//header/div/div[2]/div[2]/span"}
RESULT: {"using":"xpath","value":"//header/div/div[2]/div[2]/span"}
COMMAND: GET /session/c52f3edd894b3289261c0762f3735e7d/element/f.00CEB3DD14B2376F96DB663D79287A8F.d.22D2C7FE6F615D69E976AE7F84238243.e.1835/text - {}
RESULT: {}
COMMAND: POST /session/c52f3edd894b3289261c0762f3735e7d/element - {"using":"xpath","value":"//header/div/div/div/div/div/div[2]/div/span"}
RESULT: {"using":"xpath","value":"//header/div/div/div/div/div/div[2]/div/span"}
COMMAND: GET /session/c52f3edd894b3289261c0762f3735e7d/element/f.00CEB3DD14B2376F96DB663D79287A8F.d.22D2C7FE6F615D69E976AE7F84238243.e.1836/text - {}
RESULT: {}
COMMAND: POST /session/c52f3edd894b3289261c0762f3735e7d/execute/async - {"script":"<script> [1562 bytes]","args":[{"selector":{"id":"application-managepartners-display-component---detailPtm--partnerType"},"wdio_ui5_key":"applicationmanagepartners-display-component---detailPtm--partnerType"}]}
RESULT: {"script":"<script> [1562 bytes]","args":[{"selector":{"id":"application-managepartners-display-component---detailPtm--partnerType"},"wdio_ui5_key":"applicationmanagepartners-display-component---detailPtm--partnerType"}]}
RESULT: undefined
COMMAND: POST /session/c52f3edd894b3289261c0762f3735e7d/execute/async - {"script":"<script> [6424 bytes]","args":[{"element-6066-11e4-a52e-4f735466cecf":"f.00CEB3DD14B2376F96DB663D79287A8F.d.22D2C7FE6F615D69E976AE7F84238243.e.1837"},"getText",[]]}
RESULT: {"script":"<script> [6424 bytes]","args":[{"element-6066-11e4-a52e-4f735466cecf":"f.00CEB3DD14B2376F96DB663D79287A8F.d.22D2C7FE6F615D69E976AE7F84238243.e.1837"},"getText",[]]}
COMMAND: POST /session/c52f3edd894b3289261c0762f3735e7d/element - {"using":"css selector","value":"#shell-header-logo"}
RESULT: {"using":"css selector","value":"#shell-header-logo"}
COMMAND: POST /session/c52f3edd894b3289261c0762f3735e7d/element/f.00CEB3DD14B2376F96DB663D79287A8F.d.22D2C7FE6F615D69E976AE7F84238243.e.1181/click - {}
RESULT: {}
COMMAND: GET /session/c52f3edd894b3289261c0762f3735e7d/screenshot - {}
RESULT: {}
]]></system-out>
    </testcase>
    <testcase classname="chrome.136_0_7103_93.windows.Manage_Requests_Tags_Tests_US120163" name="Should create a new site" time="100.284">
      <system-out><![CDATA[
COMMAND: POST /session/c52f3edd894b3289261c0762f3735e7d/execute/async - {"script":"<script> [1562 bytes]","args":[{"selector":{"controlType":"sap.m.GenericTile","properties":{"header":"Manage Sites"}},"wdio_ui5_key":"sapm.GenericTile{\"header\":\"Manage Sites\"}"}]}
RESULT: {"script":"<script> [1562 bytes]","args":[{"selector":{"controlType":"sap.m.GenericTile","properties":{"header":"Manage Sites"}},"wdio_ui5_key":"sapm.GenericTile{\"header\":\"Manage Sites\"}"}]}
RESULT: undefined
COMMAND: POST /session/c52f3edd894b3289261c0762f3735e7d/element - {"using":"xpath","value":"//*[@id=\"__tile40\"]"}
RESULT: {"using":"xpath","value":"//*[@id=\"__tile40\"]"}
COMMAND: POST /session/c52f3edd894b3289261c0762f3735e7d/element/f.00CEB3DD14B2376F96DB663D79287A8F.d.22D2C7FE6F615D69E976AE7F84238243.e.1839/click - {}
RESULT: {}
COMMAND: GET /session/c52f3edd894b3289261c0762f3735e7d/screenshot - {}
RESULT: {}
COMMAND: POST /session/c52f3edd894b3289261c0762f3735e7d/elements - {"using":"xpath","value":"//span[text()='Error']"}
RESULT: {"using":"xpath","value":"//span[text()='Error']"}
COMMAND: POST /session/c52f3edd894b3289261c0762f3735e7d/execute/async - {"script":"<script> [1562 bytes]","args":[{"selector":{"controlType":"sap.ui.core.Icon","viewName":"etm.portal.ui.managesites.view.Master","viewId":"application-managesites-display-component---masterSite","properties":{"src":{"regex":{"source":"add"}}}},"wdio_ui5_key":"etmportal.ui.managesites.view.Mastersap.ui.core.Icon{\"src\":{\"regex\":{\"source\":\"add\"}}}"}]}
RESULT: {"script":"<script> [1562 bytes]","args":[{"selector":{"controlType":"sap.ui.core.Icon","viewName":"etm.portal.ui.managesites.view.Master","viewId":"application-managesites-display-component---masterSite","properties":{"src":{"regex":{"source":"add"}}}},"wdio_ui5_key":"etmportal.ui.managesites.view.Mastersap.ui.core.Icon{\"src\":{\"regex\":{\"source\":\"add\"}}}"}]}
RESULT: undefined
COMMAND: POST /session/c52f3edd894b3289261c0762f3735e7d/element - {"using":"xpath","value":"//*[@id=\"__button52-img\"]"}
RESULT: {"using":"xpath","value":"//*[@id=\"__button52-img\"]"}
COMMAND: POST /session/c52f3edd894b3289261c0762f3735e7d/element/f.00CEB3DD14B2376F96DB663D79287A8F.d.22D2C7FE6F615D69E976AE7F84238243.e.1887/click - {}
RESULT: {}
COMMAND: POST /session/c52f3edd894b3289261c0762f3735e7d/execute/async - {"script":"<script> [1562 bytes]","args":[{"selector":{"id":"application-managesites-display-component---NewSite--siteId","interaction":{"idSuffix":"inner"}},"wdio_ui5_key":"applicationmanagesites-display-component---NewSite--siteId"}]}
COMMAND: GET /session/c52f3edd894b3289261c0762f3735e7d/screenshot - {}
RESULT: {"script":"<script> [1562 bytes]","args":[{"selector":{"id":"application-managesites-display-component---NewSite--siteId","interaction":{"idSuffix":"inner"}},"wdio_ui5_key":"applicationmanagesites-display-component---NewSite--siteId"}]}
RESULT: undefined
COMMAND: POST /session/c52f3edd894b3289261c0762f3735e7d/execute/async - {"script":"<script> [1562 bytes]","args":[{"selector":{"id":"application-managesites-display-component---NewSite--addressDetailDetailsName1","interaction":{"idSuffix":"inner"}},"wdio_ui5_key":"applicationmanagesites-display-component---NewSite--addressDetailDetailsName1"}]}
RESULT: {}
RESULT: {"script":"<script> [1562 bytes]","args":[{"selector":{"id":"application-managesites-display-component---NewSite--addressDetailDetailsName1","interaction":{"idSuffix":"inner"}},"wdio_ui5_key":"applicationmanagesites-display-component---NewSite--addressDetailDetailsName1"}]}
RESULT: undefined
COMMAND: POST /session/c52f3edd894b3289261c0762f3735e7d/execute/async - {"script":"<script> [776 bytes]","args":[{"enterText":"WebdriverSitept89b","selector":{"id":"application-managesites-display-component---NewSite--addressDetailDetailsName1","interaction":{"idSuffix":"inner"}},"clearTextFirst":true,"interactionType":"ENTER_TEXT"}]}
RESULT: {"script":"<script> [776 bytes]","args":[{"enterText":"WebdriverSitept89b","selector":{"id":"application-managesites-display-component---NewSite--addressDetailDetailsName1","interaction":{"idSuffix":"inner"}},"clearTextFirst":true,"interactionType":"ENTER_TEXT"}]}
COMMAND: POST /session/c52f3edd894b3289261c0762f3735e7d/execute/async - {"script":"<script> [1562 bytes]","args":[{"selector":{"id":"application-managesites-display-component---NewSite--addressDetailDetailsLanguage","interaction":{"idSuffix":"inner"}},"wdio_ui5_key":"applicationmanagesites-display-component---NewSite--addressDetailDetailsLanguage"}]}
RESULT: {"script":"<script> [1562 bytes]","args":[{"selector":{"id":"application-managesites-display-component---NewSite--addressDetailDetailsLanguage","interaction":{"idSuffix":"inner"}},"wdio_ui5_key":"applicationmanagesites-display-component---NewSite--addressDetailDetailsLanguage"}]}
RESULT: undefined
COMMAND: POST /session/c52f3edd894b3289261c0762f3735e7d/execute/async - {"script":"<script> [776 bytes]","args":[{"enterText":"Romanian","selector":{"id":"application-managesites-display-component---NewSite--addressDetailDetailsLanguage","interaction":{"idSuffix":"inner"}},"clearTextFirst":true,"interactionType":"ENTER_TEXT"}]}
RESULT: {"script":"<script> [776 bytes]","args":[{"enterText":"Romanian","selector":{"id":"application-managesites-display-component---NewSite--addressDetailDetailsLanguage","interaction":{"idSuffix":"inner"}},"clearTextFirst":true,"interactionType":"ENTER_TEXT"}]}
COMMAND: POST /session/c52f3edd894b3289261c0762f3735e7d/execute/async - {"script":"<script> [1562 bytes]","args":[{"selector":{"id":"application-managesites-display-component---NewSite--addressDetailDetailsCity1","interaction":{"idSuffix":"inner"}},"wdio_ui5_key":"applicationmanagesites-display-component---NewSite--addressDetailDetailsCity1"}]}
RESULT: {"script":"<script> [1562 bytes]","args":[{"selector":{"id":"application-managesites-display-component---NewSite--addressDetailDetailsCity1","interaction":{"idSuffix":"inner"}},"wdio_ui5_key":"applicationmanagesites-display-component---NewSite--addressDetailDetailsCity1"}]}
RESULT: undefined
COMMAND: POST /session/c52f3edd894b3289261c0762f3735e7d/execute/async - {"script":"<script> [776 bytes]","args":[{"enterText":"Bucharest","selector":{"id":"application-managesites-display-component---NewSite--addressDetailDetailsCity1","interaction":{"idSuffix":"inner"}},"clearTextFirst":true,"interactionType":"ENTER_TEXT"}]}
RESULT: {"script":"<script> [776 bytes]","args":[{"enterText":"Bucharest","selector":{"id":"application-managesites-display-component---NewSite--addressDetailDetailsCity1","interaction":{"idSuffix":"inner"}},"clearTextFirst":true,"interactionType":"ENTER_TEXT"}]}
COMMAND: POST /session/c52f3edd894b3289261c0762f3735e7d/execute/async - {"script":"<script> [1562 bytes]","args":[{"selector":{"id":"application-managesites-display-component---NewSite--addressDetailDetailsCountry","interaction":{"idSuffix":"inner"}},"wdio_ui5_key":"applicationmanagesites-display-component---NewSite--addressDetailDetailsCountry"}]}
RESULT: {"script":"<script> [1562 bytes]","args":[{"selector":{"id":"application-managesites-display-component---NewSite--addressDetailDetailsCountry","interaction":{"idSuffix":"inner"}},"wdio_ui5_key":"applicationmanagesites-display-component---NewSite--addressDetailDetailsCountry"}]}
RESULT: undefined
COMMAND: POST /session/c52f3edd894b3289261c0762f3735e7d/execute/async - {"script":"<script> [776 bytes]","args":[{"enterText":"Romania","selector":{"id":"application-managesites-display-component---NewSite--addressDetailDetailsCountry","interaction":{"idSuffix":"inner"}},"clearTextFirst":true,"interactionType":"ENTER_TEXT"}]}
RESULT: {"script":"<script> [776 bytes]","args":[{"enterText":"Romania","selector":{"id":"application-managesites-display-component---NewSite--addressDetailDetailsCountry","interaction":{"idSuffix":"inner"}},"clearTextFirst":true,"interactionType":"ENTER_TEXT"}]}
COMMAND: POST /session/c52f3edd894b3289261c0762f3735e7d/element - {"using":"css selector","value":"#application-managesites-display-component---NewSite--addressDetailDetailsCalendar-inner"}
RESULT: {"using":"css selector","value":"#application-managesites-display-component---NewSite--addressDetailDetailsCalendar-inner"}
COMMAND: POST /session/c52f3edd894b3289261c0762f3735e7d/element/f.00CEB3DD14B2376F96DB663D79287A8F.d.22D2C7FE6F615D69E976AE7F84238243.e.2272/clear - {}
RESULT: {}
COMMAND: POST /session/c52f3edd894b3289261c0762f3735e7d/element/f.00CEB3DD14B2376F96DB663D79287A8F.d.22D2C7FE6F615D69E976AE7F84238243.e.2272/value - {"text":"Germany"}
COMMAND: GET /session/c52f3edd894b3289261c0762f3735e7d/screenshot - {}
RESULT: {"text":"Germany"}
COMMAND: POST /session/c52f3edd894b3289261c0762f3735e7d/execute/async - {"script":"<script> [1562 bytes]","args":[{"selector":{"id":"application-managesites-display-component---NewSite--addressEditDetailsCostObjectCstType-arrow"},"wdio_ui5_key":"applicationmanagesites-display-component---NewSite--addressEditDetailsCostObjectCstType-arrow"}]}
COMMAND: GET /session/c52f3edd894b3289261c0762f3735e7d/screenshot - {}
RESULT: {}
RESULT: {"script":"<script> [1562 bytes]","args":[{"selector":{"id":"application-managesites-display-component---NewSite--addressEditDetailsCostObjectCstType-arrow"},"wdio_ui5_key":"applicationmanagesites-display-component---NewSite--addressEditDetailsCostObjectCstType-arrow"}]}
RESULT: undefined
COMMAND: POST /session/c52f3edd894b3289261c0762f3735e7d/element - {"using":"xpath","value":"//*[@id=\"application-managesites-display-component---NewSite--addressEditDetailsCostObjectCstType-arrow\"]"}
RESULT: {}
RESULT: {"using":"xpath","value":"//*[@id=\"application-managesites-display-component---NewSite--addressEditDetailsCostObjectCstType-arrow\"]"}
COMMAND: POST /session/c52f3edd894b3289261c0762f3735e7d/element/f.00CEB3DD14B2376F96DB663D79287A8F.d.22D2C7FE6F615D69E976AE7F84238243.e.2481/click - {}
RESULT: {}
COMMAND: POST /session/c52f3edd894b3289261c0762f3735e7d/element - {"using":"xpath","value":"//span[contains(text(), \"Work Breakdown Structure\")]"}
COMMAND: GET /session/c52f3edd894b3289261c0762f3735e7d/screenshot - {}
RESULT: {"using":"xpath","value":"//span[contains(text(), \"Work Breakdown Structure\")]"}
COMMAND: POST /session/c52f3edd894b3289261c0762f3735e7d/element/f.00CEB3DD14B2376F96DB663D79287A8F.d.22D2C7FE6F615D69E976AE7F84238243.e.2482/click - {}
RESULT: {}
RESULT: {}
COMMAND: GET /session/c52f3edd894b3289261c0762f3735e7d/screenshot - {}
RESULT: {}
COMMAND: POST /session/c52f3edd894b3289261c0762f3735e7d/execute/async - {"script":"<script> [1562 bytes]","args":[{"selector":{"id":"application-managesites-display-component---NewSite--addressNewCostObjectCstID-vhi"},"wdio_ui5_key":"applicationmanagesites-display-component---NewSite--addressNewCostObjectCstID-vhi"}]}
RESULT: {"script":"<script> [1562 bytes]","args":[{"selector":{"id":"application-managesites-display-component---NewSite--addressNewCostObjectCstID-vhi"},"wdio_ui5_key":"applicationmanagesites-display-component---NewSite--addressNewCostObjectCstID-vhi"}]}
RESULT: undefined
COMMAND: POST /session/c52f3edd894b3289261c0762f3735e7d/element - {"using":"xpath","value":"//*[@id=\"application-managesites-display-component---NewSite--addressNewCostObjectCstID-vhi\"]"}
RESULT: {"using":"xpath","value":"//*[@id=\"application-managesites-display-component---NewSite--addressNewCostObjectCstID-vhi\"]"}
COMMAND: POST /session/c52f3edd894b3289261c0762f3735e7d/element/f.00CEB3DD14B2376F96DB663D79287A8F.d.22D2C7FE6F615D69E976AE7F84238243.e.2487/click - {}
RESULT: {}
COMMAND: GET /session/c52f3edd894b3289261c0762f3735e7d/screenshot - {}
RESULT: {}
COMMAND: POST /session/c52f3edd894b3289261c0762f3735e7d/execute/async - {"script":"<script> [1562 bytes]","args":[{"selector":{"controlType":"sap.m.SearchField","properties":{"placeholder":"Search"},"searchOpenDialogs":true,"interaction":{"idSuffix":"I"}},"wdio_ui5_key":"sapm.SearchField{\"placeholder\":\"Search\"}"}]}
RESULT: {"script":"<script> [1562 bytes]","args":[{"selector":{"controlType":"sap.m.SearchField","properties":{"placeholder":"Search"},"searchOpenDialogs":true,"interaction":{"idSuffix":"I"}},"wdio_ui5_key":"sapm.SearchField{\"placeholder\":\"Search\"}"}]}
RESULT: undefined
COMMAND: POST /session/c52f3edd894b3289261c0762f3735e7d/execute/async - {"script":"<script> [776 bytes]","args":[{"enterText":"A1-000100-01","selector":{"controlType":"sap.m.SearchField","properties":{"placeholder":"Search"},"searchOpenDialogs":true,"interaction":{"idSuffix":"I"}},"clearTextFirst":true,"interactionType":"ENTER_TEXT"}]}
RESULT: {"script":"<script> [776 bytes]","args":[{"enterText":"A1-000100-01","selector":{"controlType":"sap.m.SearchField","properties":{"placeholder":"Search"},"searchOpenDialogs":true,"interaction":{"idSuffix":"I"}},"clearTextFirst":true,"interactionType":"ENTER_TEXT"}]}
COMMAND: POST /session/c52f3edd894b3289261c0762f3735e7d/actions - {"actions":[{"id":"action3","type":"key","parameters":{},"actions":[{"type":"keyDown","value":""},{"type":"pause","duration":10},{"type":"keyUp","value":""}]}]}
RESULT: {"actions":[{"id":"action3","type":"key","parameters":{},"actions":[{"type":"keyDown","value":""},{"type":"pause","duration":10},{"type":"keyUp","value":""}]}]}
COMMAND: GET /session/c52f3edd894b3289261c0762f3735e7d/screenshot - {}
RESULT: {}
COMMAND: POST /session/c52f3edd894b3289261c0762f3735e7d/element - {"using":"xpath","value":"//span[contains(text(), \"Template for ETO-Process\")]"}
RESULT: {"using":"xpath","value":"//span[contains(text(), \"Template for ETO-Process\")]"}
COMMAND: POST /session/c52f3edd894b3289261c0762f3735e7d/element/f.00CEB3DD14B2376F96DB663D79287A8F.d.22D2C7FE6F615D69E976AE7F84238243.e.2507/click - {}
RESULT: {}
COMMAND: GET /session/c52f3edd894b3289261c0762f3735e7d/screenshot - {}
RESULT: {}
COMMAND: POST /session/c52f3edd894b3289261c0762f3735e7d/element - {"using":"xpath","value":"//bdi[contains(text(), \"OK\")]"}
RESULT: {"using":"xpath","value":"//bdi[contains(text(), \"OK\")]"}
COMMAND: POST /session/c52f3edd894b3289261c0762f3735e7d/element/f.00CEB3DD14B2376F96DB663D79287A8F.d.22D2C7FE6F615D69E976AE7F84238243.e.2508/click - {}
RESULT: {}
COMMAND: GET /session/c52f3edd894b3289261c0762f3735e7d/screenshot - {}
RESULT: {}
COMMAND: POST /session/c52f3edd894b3289261c0762f3735e7d/element - {"using":"xpath","value":"//input[@id=\"application-managesites-display-component---NewSite--addressDetailDetailsYard-inner\"]"}
RESULT: {"using":"xpath","value":"//input[@id=\"application-managesites-display-component---NewSite--addressDetailDetailsYard-inner\"]"}
COMMAND: POST /session/c52f3edd894b3289261c0762f3735e7d/element/f.00CEB3DD14B2376F96DB663D79287A8F.d.22D2C7FE6F615D69E976AE7F84238243.e.2273/value - {"text":"WebdriverYard13qkk"}
RESULT: {"text":"WebdriverYard13qkk"}
COMMAND: GET /session/c52f3edd894b3289261c0762f3735e7d/screenshot - {}
RESULT: {}
COMMAND: POST /session/c52f3edd894b3289261c0762f3735e7d/actions - {"actions":[{"id":"action4","type":"key","parameters":{},"actions":[{"type":"keyDown","value":""},{"type":"pause","duration":10},{"type":"keyUp","value":""}]}]}
RESULT: {"actions":[{"id":"action4","type":"key","parameters":{},"actions":[{"type":"keyDown","value":""},{"type":"pause","duration":10},{"type":"keyUp","value":""}]}]}
COMMAND: GET /session/c52f3edd894b3289261c0762f3735e7d/screenshot - {}
RESULT: {}
COMMAND: POST /session/c52f3edd894b3289261c0762f3735e7d/element - {"using":"xpath","value":"//input[@id=\"application-managesites-display-component---NewSite--addressDetailDetailsPartner-inner\"]"}
RESULT: {"using":"xpath","value":"//input[@id=\"application-managesites-display-component---NewSite--addressDetailDetailsPartner-inner\"]"}
COMMAND: POST /session/c52f3edd894b3289261c0762f3735e7d/elements - {"using":"xpath","value":"//input[@id=\"application-managesites-display-component---NewSite--addressDetailDetailsPartner-inner\"]"}
RESULT: {"using":"xpath","value":"//input[@id=\"application-managesites-display-component---NewSite--addressDetailDetailsPartner-inner\"]"}
COMMAND: POST /session/c52f3edd894b3289261c0762f3735e7d/execute/async - {"script":"<script> [1562 bytes]","args":[{"selector":{"controlType":"sap.m.Button","viewName":"etm.portal.ui.managesites.view.NewSmartSite","viewId":"application-managesites-display-component---NewSite","properties":{"text":"Commercial"},"interaction":{"idSuffix":"BDI-content"}},"wdio_ui5_key":"etmportal.ui.managesites.view.NewSmartSitesap.m.Button{\"text\":\"Commercial\"}"}]}
RESULT: {"script":"<script> [1562 bytes]","args":[{"selector":{"controlType":"sap.m.Button","viewName":"etm.portal.ui.managesites.view.NewSmartSite","viewId":"application-managesites-display-component---NewSite","properties":{"text":"Commercial"},"interaction":{"idSuffix":"BDI-content"}},"wdio_ui5_key":"etmportal.ui.managesites.view.NewSmartSitesap.m.Button{\"text\":\"Commercial\"}"}]}
RESULT: undefined
COMMAND: POST /session/c52f3edd894b3289261c0762f3735e7d/element - {"using":"xpath","value":"//*[@id=\"application-managesites-display-component---NewSite--ObjectPageLayout-anchBar-__section31-anchor\"]"}
RESULT: {"using":"xpath","value":"//*[@id=\"application-managesites-display-component---NewSite--ObjectPageLayout-anchBar-__section31-anchor\"]"}
COMMAND: POST /session/c52f3edd894b3289261c0762f3735e7d/element/f.00CEB3DD14B2376F96DB663D79287A8F.d.22D2C7FE6F615D69E976AE7F84238243.e.2515/click - {}
RESULT: {}
COMMAND: POST /session/c52f3edd894b3289261c0762f3735e7d/execute/async - {"script":"<script> [1562 bytes]","args":[{"selector":{"controlType":"sap.m.Button","viewName":"etm.portal.ui.managesites.view.NewSmartSite","viewId":"application-managesites-display-component---NewSite","i18NText":{"propertyName":"text","key":"save"},"interaction":{"idSuffix":"BDI-content"}},"wdio_ui5_key":"etmportal.ui.managesites.view.NewSmartSitesap.m.Button{\"propertyName\":\"text\",\"key\":\"save\"}"}]}
COMMAND: GET /session/c52f3edd894b3289261c0762f3735e7d/screenshot - {}
RESULT: {"script":"<script> [1562 bytes]","args":[{"selector":{"controlType":"sap.m.Button","viewName":"etm.portal.ui.managesites.view.NewSmartSite","viewId":"application-managesites-display-component---NewSite","i18NText":{"propertyName":"text","key":"save"},"interaction":{"idSuffix":"BDI-content"}},"wdio_ui5_key":"etmportal.ui.managesites.view.NewSmartSitesap.m.Button{\"propertyName\":\"text\",\"key\":\"save\"}"}]}
RESULT: undefined
COMMAND: POST /session/c52f3edd894b3289261c0762f3735e7d/element - {"using":"xpath","value":"//*[@id=\"__button64\"]"}
RESULT: {}
RESULT: {"using":"xpath","value":"//*[@id=\"__button64\"]"}
COMMAND: POST /session/c52f3edd894b3289261c0762f3735e7d/element/f.00CEB3DD14B2376F96DB663D79287A8F.d.22D2C7FE6F615D69E976AE7F84238243.e.2455/click - {}
RESULT: {}
COMMAND: GET /session/c52f3edd894b3289261c0762f3735e7d/screenshot - {}
RESULT: {}
COMMAND: POST /session/c52f3edd894b3289261c0762f3735e7d/execute/async - {"script":"<script> [1562 bytes]","args":[{"selector":{"id":"application-managesites-display-component---detailSite--addressDetailDetailsYardText"},"wdio_ui5_key":"applicationmanagesites-display-component---detailSite--addressDetailDetailsYardText"}]}
RESULT: {"script":"<script> [1562 bytes]","args":[{"selector":{"id":"application-managesites-display-component---detailSite--addressDetailDetailsYardText"},"wdio_ui5_key":"applicationmanagesites-display-component---detailSite--addressDetailDetailsYardText"}]}
RESULT: undefined
COMMAND: POST /session/c52f3edd894b3289261c0762f3735e7d/element - {"using":"xpath","value":"//header/div/div[2]/div[2]/span"}
RESULT: {"using":"xpath","value":"//header/div/div[2]/div[2]/span"}
COMMAND: GET /session/c52f3edd894b3289261c0762f3735e7d/element/f.00CEB3DD14B2376F96DB663D79287A8F.d.22D2C7FE6F615D69E976AE7F84238243.e.2716/text - {}
RESULT: {}
COMMAND: POST /session/c52f3edd894b3289261c0762f3735e7d/element - {"using":"xpath","value":"//header/div/div/div/div/div/div[2]/div/span"}
RESULT: {"using":"xpath","value":"//header/div/div/div/div/div/div[2]/div/span"}
COMMAND: GET /session/c52f3edd894b3289261c0762f3735e7d/element/f.00CEB3DD14B2376F96DB663D79287A8F.d.22D2C7FE6F615D69E976AE7F84238243.e.2717/text - {}
RESULT: {}
COMMAND: POST /session/c52f3edd894b3289261c0762f3735e7d/element - {"using":"css selector","value":"#shell-header-logo"}
RESULT: {"using":"css selector","value":"#shell-header-logo"}
COMMAND: POST /session/c52f3edd894b3289261c0762f3735e7d/element/f.00CEB3DD14B2376F96DB663D79287A8F.d.22D2C7FE6F615D69E976AE7F84238243.e.1842/click - {}
RESULT: {}
COMMAND: GET /session/c52f3edd894b3289261c0762f3735e7d/screenshot - {}
RESULT: {}
]]></system-out>
    </testcase>
    <testcase classname="chrome.136_0_7103_93.windows.Manage_Requests_Tags_Tests_US120163" name="Should Create New Request Tags" time="219.647">
      <system-out><![CDATA[
COMMAND: POST /session/c52f3edd894b3289261c0762f3735e7d/execute/async - {"script":"<script> [1562 bytes]","args":[{"selector":{"controlType":"sap.m.GenericTile","properties":{"header":"Manage Requests"}},"wdio_ui5_key":"sapm.GenericTile{\"header\":\"Manage Requests\"}"}]}
RESULT: {"script":"<script> [1562 bytes]","args":[{"selector":{"controlType":"sap.m.GenericTile","properties":{"header":"Manage Requests"}},"wdio_ui5_key":"sapm.GenericTile{\"header\":\"Manage Requests\"}"}]}
RESULT: undefined
COMMAND: POST /session/c52f3edd894b3289261c0762f3735e7d/element - {"using":"xpath","value":"//*[@id=\"__tile47\"]"}
RESULT: {"using":"xpath","value":"//*[@id=\"__tile47\"]"}
COMMAND: POST /session/c52f3edd894b3289261c0762f3735e7d/element/f.00CEB3DD14B2376F96DB663D79287A8F.d.22D2C7FE6F615D69E976AE7F84238243.e.2719/click - {}
RESULT: {}
COMMAND: GET /session/c52f3edd894b3289261c0762f3735e7d/screenshot - {}
RESULT: {}
COMMAND: POST /session/c52f3edd894b3289261c0762f3735e7d/elements - {"using":"xpath","value":"//span[text()='Error']"}
RESULT: {"using":"xpath","value":"//span[text()='Error']"}
COMMAND: POST /session/c52f3edd894b3289261c0762f3735e7d/element - {"using":"xpath","value":"//button[contains(@data-kt ,\"btnCreateNewOverflowToolbarButton\")]"}
COMMAND: POST /session/c52f3edd894b3289261c0762f3735e7d/element - {"using":"xpath","value":"(//span[contains(@class ,\"sapMObjStatusText\")])[1]"}
RESULT: {"using":"xpath","value":"//button[contains(@data-kt ,\"btnCreateNewOverflowToolbarButton\")]"}
COMMAND: POST /session/c52f3edd894b3289261c0762f3735e7d/element/f.00CEB3DD14B2376F96DB663D79287A8F.d.22D2C7FE6F615D69E976AE7F84238243.e.2775/click - {}
RESULT: {"using":"xpath","value":"(//span[contains(@class ,\"sapMObjStatusText\")])[1]"}
COMMAND: POST /session/c52f3edd894b3289261c0762f3735e7d/execute/sync - {"script":"<script> [8489 bytes]","args":[{"element-6066-11e4-a52e-4f735466cecf":"f.00CEB3DD14B2376F96DB663D79287A8F.d.22D2C7FE6F615D69E976AE7F84238243.e.2813","ELEMENT":"f.00CEB3DD14B2376F96DB663D79287A8F.d.22D2C7FE6F615D69E976AE7F84238243.e.2813"}]}
RESULT: {}
COMMAND: GET /session/c52f3edd894b3289261c0762f3735e7d/screenshot - {}
RESULT: {"script":"<script> [8489 bytes]","args":[{"element-6066-11e4-a52e-4f735466cecf":"f.00CEB3DD14B2376F96DB663D79287A8F.d.22D2C7FE6F615D69E976AE7F84238243.e.2813","ELEMENT":"f.00CEB3DD14B2376F96DB663D79287A8F.d.22D2C7FE6F615D69E976AE7F84238243.e.2813"}]}
COMMAND: GET /session/c52f3edd894b3289261c0762f3735e7d/screenshot - {}
RESULT: {}
RESULT: {}
COMMAND: POST /session/c52f3edd894b3289261c0762f3735e7d/element - {"using":"xpath","value":"//input[contains(@id ,\"yardId-inner\")]"}
RESULT: {"using":"xpath","value":"//input[contains(@id ,\"yardId-inner\")]"}
COMMAND: POST /session/c52f3edd894b3289261c0762f3735e7d/execute/sync - {"script":"<script> [8489 bytes]","args":[{"element-6066-11e4-a52e-4f735466cecf":"f.00CEB3DD14B2376F96DB663D79287A8F.d.22D2C7FE6F615D69E976AE7F84238243.e.2915","ELEMENT":"f.00CEB3DD14B2376F96DB663D79287A8F.d.22D2C7FE6F615D69E976AE7F84238243.e.2915"}]}
RESULT: {"script":"<script> [8489 bytes]","args":[{"element-6066-11e4-a52e-4f735466cecf":"f.00CEB3DD14B2376F96DB663D79287A8F.d.22D2C7FE6F615D69E976AE7F84238243.e.2915","ELEMENT":"f.00CEB3DD14B2376F96DB663D79287A8F.d.22D2C7FE6F615D69E976AE7F84238243.e.2915"}]}
COMMAND: POST /session/c52f3edd894b3289261c0762f3735e7d/element - {"using":"xpath","value":"//input[contains(@id ,\"yardId-inner\")]"}
COMMAND: GET /session/c52f3edd894b3289261c0762f3735e7d/screenshot - {}
RESULT: {"using":"xpath","value":"//input[contains(@id ,\"yardId-inner\")]"}
COMMAND: GET /session/c52f3edd894b3289261c0762f3735e7d/element/f.00CEB3DD14B2376F96DB663D79287A8F.d.22D2C7FE6F615D69E976AE7F84238243.e.2915/enabled - {}
RESULT: {}
RESULT: {}
COMMAND: POST /session/c52f3edd894b3289261c0762f3735e7d/element/f.00CEB3DD14B2376F96DB663D79287A8F.d.22D2C7FE6F615D69E976AE7F84238243.e.2915/clear - {}
COMMAND: GET /session/c52f3edd894b3289261c0762f3735e7d/screenshot - {}
RESULT: {}
COMMAND: POST /session/c52f3edd894b3289261c0762f3735e7d/element/f.00CEB3DD14B2376F96DB663D79287A8F.d.22D2C7FE6F615D69E976AE7F84238243.e.2915/value - {"text":"WebdriverYard13qkk"}
COMMAND: GET /session/c52f3edd894b3289261c0762f3735e7d/screenshot - {}
RESULT: {}
RESULT: {"text":"WebdriverYard13qkk"}
COMMAND: GET /session/c52f3edd894b3289261c0762f3735e7d/screenshot - {}
RESULT: {}
RESULT: {}
COMMAND: POST /session/c52f3edd894b3289261c0762f3735e7d/element - {"using":"xpath","value":"//input[contains(@id ,\"customerNumber-inner\")]"}
RESULT: {"using":"xpath","value":"//input[contains(@id ,\"customerNumber-inner\")]"}
COMMAND: POST /session/c52f3edd894b3289261c0762f3735e7d/element/f.00CEB3DD14B2376F96DB663D79287A8F.d.22D2C7FE6F615D69E976AE7F84238243.e.2909/value - {"text":"WebdriverPartnerhszcf"}
COMMAND: POST /session/c52f3edd894b3289261c0762f3735e7d/actions - {"actions":[{"id":"action5","type":"key","parameters":{},"actions":[{"type":"keyDown","value":""},{"type":"pause","duration":10},{"type":"keyUp","value":""}]}]}
RESULT: {"text":"WebdriverPartnerhszcf"}
COMMAND: GET /session/c52f3edd894b3289261c0762f3735e7d/screenshot - {}
RESULT: {"actions":[{"id":"action5","type":"key","parameters":{},"actions":[{"type":"keyDown","value":""},{"type":"pause","duration":10},{"type":"keyUp","value":""}]}]}
COMMAND: GET /session/c52f3edd894b3289261c0762f3735e7d/screenshot - {}
RESULT: {}
RESULT: {}
COMMAND: POST /session/c52f3edd894b3289261c0762f3735e7d/element/f.00CEB3DD14B2376F96DB663D79287A8F.d.22D2C7FE6F615D69E976AE7F84238243.e.2915/clear - {}
RESULT: {}
COMMAND: POST /session/c52f3edd894b3289261c0762f3735e7d/element/f.00CEB3DD14B2376F96DB663D79287A8F.d.22D2C7FE6F615D69E976AE7F84238243.e.2915/clear - {}
RESULT: {}
COMMAND: POST /session/c52f3edd894b3289261c0762f3735e7d/element/f.00CEB3DD14B2376F96DB663D79287A8F.d.22D2C7FE6F615D69E976AE7F84238243.e.2915/value - {"text":"WebdriverYard13qkk"}
RESULT: {"text":"WebdriverYard13qkk"}
COMMAND: GET /session/c52f3edd894b3289261c0762f3735e7d/screenshot - {}
COMMAND: GET /session/c52f3edd894b3289261c0762f3735e7d/screenshot - {}
COMMAND: GET /session/c52f3edd894b3289261c0762f3735e7d/screenshot - {}
RESULT: {}
RESULT: {}
RESULT: {}
COMMAND: POST /session/c52f3edd894b3289261c0762f3735e7d/actions - {"actions":[{"id":"action6","type":"key","parameters":{},"actions":[{"type":"keyDown","value":""},{"type":"pause","duration":10},{"type":"keyUp","value":""}]}]}
RESULT: {"actions":[{"id":"action6","type":"key","parameters":{},"actions":[{"type":"keyDown","value":""},{"type":"pause","duration":10},{"type":"keyUp","value":""}]}]}
COMMAND: GET /session/c52f3edd894b3289261c0762f3735e7d/screenshot - {}
RESULT: {}
COMMAND: GET /session/c52f3edd894b3289261c0762f3735e7d/element/f.00CEB3DD14B2376F96DB663D79287A8F.d.22D2C7FE6F615D69E976AE7F84238243.e.2909/property/value - {}
RESULT: {}
COMMAND: POST /session/c52f3edd894b3289261c0762f3735e7d/element/f.00CEB3DD14B2376F96DB663D79287A8F.d.22D2C7FE6F615D69E976AE7F84238243.e.2909/clear - {}
COMMAND: GET /session/c52f3edd894b3289261c0762f3735e7d/screenshot - {}
RESULT: {}
COMMAND: GET /session/c52f3edd894b3289261c0762f3735e7d/screenshot - {}
RESULT: {}
RESULT: {}
COMMAND: POST /session/c52f3edd894b3289261c0762f3735e7d/actions - {"actions":[{"id":"action7","type":"key","parameters":{},"actions":[{"type":"keyDown","value":""},{"type":"pause","duration":10},{"type":"keyUp","value":""}]}]}
RESULT: {"actions":[{"id":"action7","type":"key","parameters":{},"actions":[{"type":"keyDown","value":""},{"type":"pause","duration":10},{"type":"keyUp","value":""}]}]}
COMMAND: GET /session/c52f3edd894b3289261c0762f3735e7d/screenshot - {}
RESULT: {}
COMMAND: POST /session/c52f3edd894b3289261c0762f3735e7d/element/f.00CEB3DD14B2376F96DB663D79287A8F.d.22D2C7FE6F615D69E976AE7F84238243.e.2909/value - {"text":"WebdriverPartnerhszcf"}
RESULT: {"text":"WebdriverPartnerhszcf"}
COMMAND: GET /session/c52f3edd894b3289261c0762f3735e7d/screenshot - {}
RESULT: {}
COMMAND: POST /session/c52f3edd894b3289261c0762f3735e7d/actions - {"actions":[{"id":"action8","type":"key","parameters":{},"actions":[{"type":"keyDown","value":""},{"type":"pause","duration":10},{"type":"keyUp","value":""}]}]}
RESULT: {"actions":[{"id":"action8","type":"key","parameters":{},"actions":[{"type":"keyDown","value":""},{"type":"pause","duration":10},{"type":"keyUp","value":""}]}]}
COMMAND: GET /session/c52f3edd894b3289261c0762f3735e7d/screenshot - {}
RESULT: {}
COMMAND: POST /session/c52f3edd894b3289261c0762f3735e7d/element - {"using":"xpath","value":"//input[contains(@id ,\"requestSiteId-inner\")]"}
RESULT: {"using":"xpath","value":"//input[contains(@id ,\"requestSiteId-inner\")]"}
COMMAND: POST /session/c52f3edd894b3289261c0762f3735e7d/element/f.00CEB3DD14B2376F96DB663D79287A8F.d.22D2C7FE6F615D69E976AE7F84238243.e.2908/value - {"text":"WebdriverSitept89b"}
RESULT: {"text":"WebdriverSitept89b"}
COMMAND: GET /session/c52f3edd894b3289261c0762f3735e7d/screenshot - {}
RESULT: {}
COMMAND: POST /session/c52f3edd894b3289261c0762f3735e7d/actions - {"actions":[{"id":"action9","type":"key","parameters":{},"actions":[{"type":"keyDown","value":""},{"type":"pause","duration":10},{"type":"keyUp","value":""}]}]}
RESULT: {"actions":[{"id":"action9","type":"key","parameters":{},"actions":[{"type":"keyDown","value":""},{"type":"pause","duration":10},{"type":"keyUp","value":""}]}]}
COMMAND: GET /session/c52f3edd894b3289261c0762f3735e7d/screenshot - {}
RESULT: {}
COMMAND: POST /session/c52f3edd894b3289261c0762f3735e7d/execute/async - {"script":"<script> [1562 bytes]","args":[{"selector":{"controlType":"sap.m.Input","viewName":"etm.portal.ui.managerequests.view.NewRequest","bindingPath":{"path":"","propertyPath":"/DESCRIPTION","modelName":"oNewRequestModel"},"interaction":{"idSuffix":"inner"}},"wdio_ui5_key":"etmportal.ui.managerequests.view.NewRequestsap.m.Input{\"path\":\"\",\"propertyPath\":\"/DESCRIPTION\",\"modelName\":\"oNewRequestModel\"}"}]}
RESULT: {"script":"<script> [1562 bytes]","args":[{"selector":{"controlType":"sap.m.Input","viewName":"etm.portal.ui.managerequests.view.NewRequest","bindingPath":{"path":"","propertyPath":"/DESCRIPTION","modelName":"oNewRequestModel"},"interaction":{"idSuffix":"inner"}},"wdio_ui5_key":"etmportal.ui.managerequests.view.NewRequestsap.m.Input{\"path\":\"\",\"propertyPath\":\"/DESCRIPTION\",\"modelName\":\"oNewRequestModel\"}"}]}
RESULT: undefined
COMMAND: POST /session/c52f3edd894b3289261c0762f3735e7d/execute/async - {"script":"<script> [776 bytes]","args":[{"enterText":"Wdi5 Tags Test","selector":{"controlType":"sap.m.Input","viewName":"etm.portal.ui.managerequests.view.NewRequest","bindingPath":{"path":"","propertyPath":"/DESCRIPTION","modelName":"oNewRequestModel"},"interaction":{"idSuffix":"inner"}},"clearTextFirst":true,"interactionType":"ENTER_TEXT"}]}
RESULT: {"script":"<script> [776 bytes]","args":[{"enterText":"Wdi5 Tags Test","selector":{"controlType":"sap.m.Input","viewName":"etm.portal.ui.managerequests.view.NewRequest","bindingPath":{"path":"","propertyPath":"/DESCRIPTION","modelName":"oNewRequestModel"},"interaction":{"idSuffix":"inner"}},"clearTextFirst":true,"interactionType":"ENTER_TEXT"}]}
COMMAND: POST /session/c52f3edd894b3289261c0762f3735e7d/execute/async - {"script":"<script> [1562 bytes]","args":[{"selector":{"id":"tagInputAdd","viewName":"etm.portal.ui.managerequests.view.NewRequest","interaction":{"idSuffix":"inner"}},"wdio_ui5_key":"tagInputAddetmportal.ui.managerequests.view.NewRequest"}]}
RESULT: {"script":"<script> [1562 bytes]","args":[{"selector":{"id":"tagInputAdd","viewName":"etm.portal.ui.managerequests.view.NewRequest","interaction":{"idSuffix":"inner"}},"wdio_ui5_key":"tagInputAddetmportal.ui.managerequests.view.NewRequest"}]}
RESULT: undefined
COMMAND: POST /session/c52f3edd894b3289261c0762f3735e7d/execute/async - {"script":"<script> [776 bytes]","args":[{"enterText":"RefTag","selector":{"id":"tagInputAdd","viewName":"etm.portal.ui.managerequests.view.NewRequest","interaction":{"idSuffix":"inner"}},"clearTextFirst":true,"interactionType":"ENTER_TEXT"}]}
RESULT: {"script":"<script> [776 bytes]","args":[{"enterText":"RefTag","selector":{"id":"tagInputAdd","viewName":"etm.portal.ui.managerequests.view.NewRequest","interaction":{"idSuffix":"inner"}},"clearTextFirst":true,"interactionType":"ENTER_TEXT"}]}
COMMAND: POST /session/c52f3edd894b3289261c0762f3735e7d/actions - {"actions":[{"id":"action10","type":"key","parameters":{},"actions":[{"type":"keyDown","value":""},{"type":"pause","duration":10},{"type":"keyUp","value":""}]}]}
RESULT: {"actions":[{"id":"action10","type":"key","parameters":{},"actions":[{"type":"keyDown","value":""},{"type":"pause","duration":10},{"type":"keyUp","value":""}]}]}
COMMAND: GET /session/c52f3edd894b3289261c0762f3735e7d/screenshot - {}
RESULT: {}
RESULT: undefined
COMMAND: POST /session/c52f3edd894b3289261c0762f3735e7d/execute/async - {"script":"<script> [776 bytes]","args":[{"enterText":"tag-header","selector":{"id":"tagInputAdd","viewName":"etm.portal.ui.managerequests.view.NewRequest","interaction":{"idSuffix":"inner"}},"clearTextFirst":true,"interactionType":"ENTER_TEXT"}]}
RESULT: {"script":"<script> [776 bytes]","args":[{"enterText":"tag-header","selector":{"id":"tagInputAdd","viewName":"etm.portal.ui.managerequests.view.NewRequest","interaction":{"idSuffix":"inner"}},"clearTextFirst":true,"interactionType":"ENTER_TEXT"}]}
COMMAND: POST /session/c52f3edd894b3289261c0762f3735e7d/actions - {"actions":[{"id":"action11","type":"key","parameters":{},"actions":[{"type":"keyDown","value":""},{"type":"pause","duration":10},{"type":"keyUp","value":""}]}]}
RESULT: {"actions":[{"id":"action11","type":"key","parameters":{},"actions":[{"type":"keyDown","value":""},{"type":"pause","duration":10},{"type":"keyUp","value":""}]}]}
COMMAND: GET /session/c52f3edd894b3289261c0762f3735e7d/screenshot - {}
RESULT: {}
RESULT: undefined
COMMAND: POST /session/c52f3edd894b3289261c0762f3735e7d/execute/async - {"script":"<script> [776 bytes]","args":[{"enterText":"tag-duplicate","selector":{"id":"tagInputAdd","viewName":"etm.portal.ui.managerequests.view.NewRequest","interaction":{"idSuffix":"inner"}},"clearTextFirst":true,"interactionType":"ENTER_TEXT"}]}
RESULT: {"script":"<script> [776 bytes]","args":[{"enterText":"tag-duplicate","selector":{"id":"tagInputAdd","viewName":"etm.portal.ui.managerequests.view.NewRequest","interaction":{"idSuffix":"inner"}},"clearTextFirst":true,"interactionType":"ENTER_TEXT"}]}
COMMAND: POST /session/c52f3edd894b3289261c0762f3735e7d/actions - {"actions":[{"id":"action12","type":"key","parameters":{},"actions":[{"type":"keyDown","value":""},{"type":"pause","duration":10},{"type":"keyUp","value":""}]}]}
RESULT: {"actions":[{"id":"action12","type":"key","parameters":{},"actions":[{"type":"keyDown","value":""},{"type":"pause","duration":10},{"type":"keyUp","value":""}]}]}
COMMAND: GET /session/c52f3edd894b3289261c0762f3735e7d/screenshot - {}
RESULT: {}
COMMAND: POST /session/c52f3edd894b3289261c0762f3735e7d/execute/async - {"script":"<script> [1562 bytes]","args":[{"selector":{"id":"tagsLayoutAdd","viewName":"etm.portal.ui.managerequests.view.NewRequest"},"wdio_ui5_key":"tagsLayoutAddetmportal.ui.managerequests.view.NewRequest"}]}
RESULT: {"script":"<script> [1562 bytes]","args":[{"selector":{"id":"tagsLayoutAdd","viewName":"etm.portal.ui.managerequests.view.NewRequest"},"wdio_ui5_key":"tagsLayoutAddetmportal.ui.managerequests.view.NewRequest"}]}
RESULT: undefined
COMMAND: POST /session/c52f3edd894b3289261c0762f3735e7d/execute/async - {"script":"<script> [6424 bytes]","args":[{"element-6066-11e4-a52e-4f735466cecf":"f.00CEB3DD14B2376F96DB663D79287A8F.d.22D2C7FE6F615D69E976AE7F84238243.e.3055"},"getTokens",[]]}
RESULT: {"script":"<script> [6424 bytes]","args":[{"element-6066-11e4-a52e-4f735466cecf":"f.00CEB3DD14B2376F96DB663D79287A8F.d.22D2C7FE6F615D69E976AE7F84238243.e.3055"},"getTokens",[]]}
COMMAND: POST /session/c52f3edd894b3289261c0762f3735e7d/execute/async - {"script":"<script> [1562 bytes]","args":[{"wdio_ui5_key":"__token9","selector":{"id":"__token9"}}]}
COMMAND: POST /session/c52f3edd894b3289261c0762f3735e7d/execute/async - {"script":"<script> [1562 bytes]","args":[{"wdio_ui5_key":"__token10","selector":{"id":"__token10"}}]}
COMMAND: POST /session/c52f3edd894b3289261c0762f3735e7d/execute/async - {"script":"<script> [1562 bytes]","args":[{"wdio_ui5_key":"__token8","selector":{"id":"__token8"}}]}
RESULT: {"script":"<script> [1562 bytes]","args":[{"wdio_ui5_key":"__token9","selector":{"id":"__token9"}}]}
RESULT: undefined
RESULT: {"script":"<script> [1562 bytes]","args":[{"wdio_ui5_key":"__token10","selector":{"id":"__token10"}}]}
RESULT: undefined
RESULT: {"script":"<script> [1562 bytes]","args":[{"wdio_ui5_key":"__token8","selector":{"id":"__token8"}}]}
RESULT: undefined
COMMAND: POST /session/c52f3edd894b3289261c0762f3735e7d/execute/async - {"script":"<script> [1562 bytes]","args":[{"selector":{"controlType":"sap.ui.core.Icon","viewName":"etm.portal.ui.managerequests.view.NewRequest","properties":{"src":{"regex":{"source":"decline"}}},"ancestor":{"controlType":"sap.m.Token","viewName":"etm.portal.ui.managerequests.view.NewRequest","properties":{"text":"tag-duplicate"}}},"wdio_ui5_key":"etmportal.ui.managerequests.view.NewRequestsap.ui.core.Icon{\"src\":{\"regex\":{\"source\":\"decline\"}}}{\"controlType\":\"sap.m.Token\",\"viewName\":\"etm.portal.ui.managerequests.view.NewRequest\",\"properties\":{\"text\":\"tag-duplicate\"}}"}]}
RESULT: {"script":"<script> [1562 bytes]","args":[{"selector":{"controlType":"sap.ui.core.Icon","viewName":"etm.portal.ui.managerequests.view.NewRequest","properties":{"src":{"regex":{"source":"decline"}}},"ancestor":{"controlType":"sap.m.Token","viewName":"etm.portal.ui.managerequests.view.NewRequest","properties":{"text":"tag-duplicate"}}},"wdio_ui5_key":"etmportal.ui.managerequests.view.NewRequestsap.ui.core.Icon{\"src\":{\"regex\":{\"source\":\"decline\"}}}{\"controlType\":\"sap.m.Token\",\"viewName\":\"etm.portal.ui.managerequests.view.NewRequest\",\"properties\":{\"text\":\"tag-duplicate\"}}"}]}
RESULT: undefined
COMMAND: POST /session/c52f3edd894b3289261c0762f3735e7d/element - {"using":"xpath","value":"//*[@id=\"__token10-icon\"]"}
RESULT: {"using":"xpath","value":"//*[@id=\"__token10-icon\"]"}
COMMAND: POST /session/c52f3edd894b3289261c0762f3735e7d/element/f.00CEB3DD14B2376F96DB663D79287A8F.d.22D2C7FE6F615D69E976AE7F84238243.e.3078/click - {}
RESULT: {}
COMMAND: POST /session/c52f3edd894b3289261c0762f3735e7d/execute/async - {"script":"<script> [1562 bytes]","args":[{"selector":{"controlType":"sap.ui.core.Icon","viewName":"etm.portal.ui.managerequests.view.NewRequest","properties":{"src":{"regex":{"source":"decline"}}},"ancestor":{"controlType":"sap.m.Token","viewName":"etm.portal.ui.managerequests.view.NewRequest","properties":{"text":"tag1"}}},"wdio_ui5_key":"etmportal.ui.managerequests.view.NewRequestsap.ui.core.Icon{\"src\":{\"regex\":{\"source\":\"decline\"}}}{\"controlType\":\"sap.m.Token\",\"viewName\":\"etm.portal.ui.managerequests.view.NewRequest\",\"properties\":{\"text\":\"tag1\"}}"}]}
COMMAND: GET /session/c52f3edd894b3289261c0762f3735e7d/screenshot - {}
RESULT: {"script":"<script> [1562 bytes]","args":[{"selector":{"controlType":"sap.ui.core.Icon","viewName":"etm.portal.ui.managerequests.view.NewRequest","properties":{"src":{"regex":{"source":"decline"}}},"ancestor":{"controlType":"sap.m.Token","viewName":"etm.portal.ui.managerequests.view.NewRequest","properties":{"text":"tag1"}}},"wdio_ui5_key":"etmportal.ui.managerequests.view.NewRequestsap.ui.core.Icon{\"src\":{\"regex\":{\"source\":\"decline\"}}}{\"controlType\":\"sap.m.Token\",\"viewName\":\"etm.portal.ui.managerequests.view.NewRequest\",\"properties\":{\"text\":\"tag1\"}}"}]}
RESULT: undefined
RESULT: {}
COMMAND: POST /session/c52f3edd894b3289261c0762f3735e7d/actions - {"actions":[{"id":"action13","type":"key","parameters":{},"actions":[{"type":"keyDown","value":""},{"type":"pause","duration":10},{"type":"keyUp","value":""}]}]}
RESULT: {"actions":[{"id":"action13","type":"key","parameters":{},"actions":[{"type":"keyDown","value":""},{"type":"pause","duration":10},{"type":"keyUp","value":""}]}]}
COMMAND: GET /session/c52f3edd894b3289261c0762f3735e7d/screenshot - {}
RESULT: {}
RESULT: undefined
COMMAND: POST /session/c52f3edd894b3289261c0762f3735e7d/execute/async - {"script":"<script> [6424 bytes]","args":[{"element-6066-11e4-a52e-4f735466cecf":"f.00CEB3DD14B2376F96DB663D79287A8F.d.22D2C7FE6F615D69E976AE7F84238243.e.3055"},"getTokens",[]]}
RESULT: {"script":"<script> [6424 bytes]","args":[{"element-6066-11e4-a52e-4f735466cecf":"f.00CEB3DD14B2376F96DB663D79287A8F.d.22D2C7FE6F615D69E976AE7F84238243.e.3055"},"getTokens",[]]}
RESULT: undefined
RESULT: undefined
COMMAND: POST /session/c52f3edd894b3289261c0762f3735e7d/execute/async - {"script":"<script> [1562 bytes]","args":[{"selector":{"controlType":"sap.m.Button","viewName":"etm.portal.ui.managerequests.view.NewRequest","properties":{"text":"Items"},"interaction":{"idSuffix":"BDI-content"}},"wdio_ui5_key":"etmportal.ui.managerequests.view.NewRequestsap.m.Button{\"text\":\"Items\"}"}]}
RESULT: {"script":"<script> [1562 bytes]","args":[{"selector":{"controlType":"sap.m.Button","viewName":"etm.portal.ui.managerequests.view.NewRequest","properties":{"text":"Items"},"interaction":{"idSuffix":"BDI-content"}},"wdio_ui5_key":"etmportal.ui.managerequests.view.NewRequestsap.m.Button{\"text\":\"Items\"}"}]}
RESULT: undefined
COMMAND: POST /session/c52f3edd894b3289261c0762f3735e7d/element - {"using":"xpath","value":"//*[@id=\"__xmlview59--newRequestPage-anchBar-__xmlview59--requestItemsSection-anchor\"]"}
RESULT: {"using":"xpath","value":"//*[@id=\"__xmlview59--newRequestPage-anchBar-__xmlview59--requestItemsSection-anchor\"]"}
COMMAND: POST /session/c52f3edd894b3289261c0762f3735e7d/element/f.00CEB3DD14B2376F96DB663D79287A8F.d.22D2C7FE6F615D69E976AE7F84238243.e.3085/click - {}
RESULT: {}
COMMAND: GET /session/c52f3edd894b3289261c0762f3735e7d/screenshot - {}
RESULT: {}
COMMAND: POST /session/c52f3edd894b3289261c0762f3735e7d/execute/async - {"script":"<script> [1562 bytes]","args":[{"selector":{"controlType":"sap.ui.core.Icon","viewName":"etm.portal.ui.managerequests.view.NewRequest","properties":{"src":{"regex":{"source":"inspect"}}}},"wdio_ui5_key":"etmportal.ui.managerequests.view.NewRequestsap.ui.core.Icon{\"src\":{\"regex\":{\"source\":\"inspect\"}}}"}]}
RESULT: {"script":"<script> [1562 bytes]","args":[{"selector":{"controlType":"sap.ui.core.Icon","viewName":"etm.portal.ui.managerequests.view.NewRequest","properties":{"src":{"regex":{"source":"inspect"}}}},"wdio_ui5_key":"etmportal.ui.managerequests.view.NewRequestsap.ui.core.Icon{\"src\":{\"regex\":{\"source\":\"inspect\"}}}"}]}
RESULT: undefined
COMMAND: POST /session/c52f3edd894b3289261c0762f3735e7d/element - {"using":"xpath","value":"//*[@id=\"__button114-img\"]"}
RESULT: {"using":"xpath","value":"//*[@id=\"__button114-img\"]"}
COMMAND: POST /session/c52f3edd894b3289261c0762f3735e7d/element/f.00CEB3DD14B2376F96DB663D79287A8F.d.22D2C7FE6F615D69E976AE7F84238243.e.3090/click - {}
RESULT: {}
COMMAND: GET /session/c52f3edd894b3289261c0762f3735e7d/screenshot - {}
RESULT: {}
COMMAND: POST /session/c52f3edd894b3289261c0762f3735e7d/execute/async - {"script":"<script> [1562 bytes]","args":[{"selector":{"controlType":"sap.ui.core.Icon","viewName":"etm.portal.ui.managerequests.view.NewRequest","properties":{"src":{"regex":{"source":"add"}}}},"wdio_ui5_key":"etmportal.ui.managerequests.view.NewRequestsap.ui.core.Icon{\"src\":{\"regex\":{\"source\":\"add\"}}}"}]}
RESULT: {"script":"<script> [1562 bytes]","args":[{"selector":{"controlType":"sap.ui.core.Icon","viewName":"etm.portal.ui.managerequests.view.NewRequest","properties":{"src":{"regex":{"source":"add"}}}},"wdio_ui5_key":"etmportal.ui.managerequests.view.NewRequestsap.ui.core.Icon{\"src\":{\"regex\":{\"source\":\"add\"}}}"}]}
RESULT: undefined
COMMAND: POST /session/c52f3edd894b3289261c0762f3735e7d/element - {"using":"xpath","value":"//*[@id=\"__xmlview59--btnAddTableRow-img\"]"}
RESULT: {"using":"xpath","value":"//*[@id=\"__xmlview59--btnAddTableRow-img\"]"}
COMMAND: POST /session/c52f3edd894b3289261c0762f3735e7d/element/f.00CEB3DD14B2376F96DB663D79287A8F.d.22D2C7FE6F615D69E976AE7F84238243.e.3098/click - {}
RESULT: {}
COMMAND: GET /session/c52f3edd894b3289261c0762f3735e7d/screenshot - {}
RESULT: {}
COMMAND: POST /session/c52f3edd894b3289261c0762f3735e7d/execute/async - {"script":"<script> [1562 bytes]","args":[{"selector":{"controlType":"sap.ui.unified.MenuItem","viewName":"etm.portal.ui.managerequests.view.NewRequest","i18NText":{"propertyName":"text","key":"standardEntry"},"searchOpenDialogs":true,"interaction":{"idSuffix":"txt"}},"wdio_ui5_key":"etmportal.ui.managerequests.view.NewRequestsap.ui.unified.MenuItem{\"propertyName\":\"text\",\"key\":\"standardEntry\"}"}]}
RESULT: {"script":"<script> [1562 bytes]","args":[{"selector":{"controlType":"sap.ui.unified.MenuItem","viewName":"etm.portal.ui.managerequests.view.NewRequest","i18NText":{"propertyName":"text","key":"standardEntry"},"searchOpenDialogs":true,"interaction":{"idSuffix":"txt"}},"wdio_ui5_key":"etmportal.ui.managerequests.view.NewRequestsap.ui.unified.MenuItem{\"propertyName\":\"text\",\"key\":\"standardEntry\"}"}]}
RESULT: undefined
COMMAND: POST /session/c52f3edd894b3289261c0762f3735e7d/element - {"using":"xpath","value":"//*[@id=\"__item1089\"]"}
RESULT: {"using":"xpath","value":"//*[@id=\"__item1089\"]"}
COMMAND: POST /session/c52f3edd894b3289261c0762f3735e7d/element/f.00CEB3DD14B2376F96DB663D79287A8F.d.22D2C7FE6F615D69E976AE7F84238243.e.3101/click - {}
RESULT: {}
COMMAND: GET /session/c52f3edd894b3289261c0762f3735e7d/screenshot - {}
RESULT: {}
RESULT: undefined
COMMAND: POST /session/c52f3edd894b3289261c0762f3735e7d/element - {"using":"xpath","value":"//*[@id=\"__xmlview59--btnAddTableRow-img\"]"}
RESULT: {"using":"xpath","value":"//*[@id=\"__xmlview59--btnAddTableRow-img\"]"}
COMMAND: POST /session/c52f3edd894b3289261c0762f3735e7d/element/f.00CEB3DD14B2376F96DB663D79287A8F.d.22D2C7FE6F615D69E976AE7F84238243.e.3098/click - {}
RESULT: {}
COMMAND: GET /session/c52f3edd894b3289261c0762f3735e7d/screenshot - {}
RESULT: {}
RESULT: undefined
COMMAND: POST /session/c52f3edd894b3289261c0762f3735e7d/element - {"using":"xpath","value":"//*[@id=\"__item1089\"]"}
RESULT: {"using":"xpath","value":"//*[@id=\"__item1089\"]"}
COMMAND: POST /session/c52f3edd894b3289261c0762f3735e7d/element/f.00CEB3DD14B2376F96DB663D79287A8F.d.22D2C7FE6F615D69E976AE7F84238243.e.3122/click - {}
RESULT: {}
COMMAND: GET /session/c52f3edd894b3289261c0762f3735e7d/screenshot - {}
RESULT: {}
COMMAND: POST /session/c52f3edd894b3289261c0762f3735e7d/element - {"using":"xpath","value":"(//input[contains(@id ,\"requestItemsTable-0-inner\")])[5]"}
RESULT: {"using":"xpath","value":"(//input[contains(@id ,\"requestItemsTable-0-inner\")])[5]"}
COMMAND: POST /session/c52f3edd894b3289261c0762f3735e7d/element/f.00CEB3DD14B2376F96DB663D79287A8F.d.22D2C7FE6F615D69E976AE7F84238243.e.3113/clear - {}
RESULT: {}
COMMAND: POST /session/c52f3edd894b3289261c0762f3735e7d/element/f.00CEB3DD14B2376F96DB663D79287A8F.d.22D2C7FE6F615D69E976AE7F84238243.e.3113/value - {"text":"1000001"}
COMMAND: GET /session/c52f3edd894b3289261c0762f3735e7d/screenshot - {}
RESULT: {"text":"1000001"}
COMMAND: GET /session/c52f3edd894b3289261c0762f3735e7d/screenshot - {}
RESULT: {}
RESULT: {}
COMMAND: POST /session/c52f3edd894b3289261c0762f3735e7d/actions - {"actions":[{"id":"action14","type":"key","parameters":{},"actions":[{"type":"keyDown","value":""},{"type":"pause","duration":10},{"type":"keyUp","value":""}]}]}
RESULT: {"actions":[{"id":"action14","type":"key","parameters":{},"actions":[{"type":"keyDown","value":""},{"type":"pause","duration":10},{"type":"keyUp","value":""}]}]}
COMMAND: POST /session/c52f3edd894b3289261c0762f3735e7d/element - {"using":"xpath","value":"(//input[contains(@id ,\"requestItemsTable-1-inner\")])[5]"}
COMMAND: GET /session/c52f3edd894b3289261c0762f3735e7d/screenshot - {}
RESULT: {"using":"xpath","value":"(//input[contains(@id ,\"requestItemsTable-1-inner\")])[5]"}
COMMAND: POST /session/c52f3edd894b3289261c0762f3735e7d/element/f.00CEB3DD14B2376F96DB663D79287A8F.d.22D2C7FE6F615D69E976AE7F84238243.e.3128/clear - {}
RESULT: {}
RESULT: {}
COMMAND: POST /session/c52f3edd894b3289261c0762f3735e7d/element/f.00CEB3DD14B2376F96DB663D79287A8F.d.22D2C7FE6F615D69E976AE7F84238243.e.3128/value - {"text":"1000002"}
COMMAND: GET /session/c52f3edd894b3289261c0762f3735e7d/screenshot - {}
RESULT: {"text":"1000002"}
COMMAND: GET /session/c52f3edd894b3289261c0762f3735e7d/screenshot - {}
RESULT: {}
RESULT: {}
COMMAND: POST /session/c52f3edd894b3289261c0762f3735e7d/actions - {"actions":[{"id":"action15","type":"key","parameters":{},"actions":[{"type":"keyDown","value":""},{"type":"pause","duration":10},{"type":"keyUp","value":""}]}]}
RESULT: {"actions":[{"id":"action15","type":"key","parameters":{},"actions":[{"type":"keyDown","value":""},{"type":"pause","duration":10},{"type":"keyUp","value":""}]}]}
COMMAND: POST /session/c52f3edd894b3289261c0762f3735e7d/execute/async - {"script":"<script> [1562 bytes]","args":[{"selector":{"controlType":"sap.m.Input","viewName":"etm.portal.ui.managerequests.view.NewRequest","bindingPath":{"path":"","propertyPath":"/Tags","modelName":"catalogModel"},"ancestor":{"controlType":"sap.m.ColumnListItem","viewName":"etm.portal.ui.managerequests.view.NewRequest","bindingPath":{"modelName":"newRequestItems","path":"/RequestItems/0"},"ancestor":{"id":"requestItemsTable","viewName":"etm.portal.ui.managerequests.view.NewRequest"}},"interaction":{"idSuffix":"inner"}},"wdio_ui5_key":"etmportal.ui.managerequests.view.NewRequestsap.m.Input{\"path\":\"\",\"propertyPath\":\"/Tags\",\"modelName\":\"catalogModel\"}{\"controlType\":\"sap.m.ColumnListItem\",\"viewName\":\"etm.portal.ui.managerequests.view.NewRequest\",\"bindingPath\":{\"modelName\":\"newRequestItems\",\"path\":\"/RequestItems/0\"},\"ancestor\":{\"id\":\"requestItemsTable\",\"viewName\":\"etm.portal.ui.managerequests.view.NewRequest\"}}"}]}
COMMAND: GET /session/c52f3edd894b3289261c0762f3735e7d/screenshot - {}
RESULT: {"script":"<script> [1562 bytes]","args":[{"selector":{"controlType":"sap.m.Input","viewName":"etm.portal.ui.managerequests.view.NewRequest","bindingPath":{"path":"","propertyPath":"/Tags","modelName":"catalogModel"},"ancestor":{"controlType":"sap.m.ColumnListItem","viewName":"etm.portal.ui.managerequests.view.NewRequest","bindingPath":{"modelName":"newRequestItems","path":"/RequestItems/0"},"ancestor":{"id":"requestItemsTable","viewName":"etm.portal.ui.managerequests.view.NewRequest"}},"interaction":{"idSuffix":"inner"}},"wdio_ui5_key":"etmportal.ui.managerequests.view.NewRequestsap.m.Input{\"path\":\"\",\"propertyPath\":\"/Tags\",\"modelName\":\"catalogModel\"}{\"controlType\":\"sap.m.ColumnListItem\",\"viewName\":\"etm.portal.ui.managerequests.view.NewRequest\",\"bindingPath\":{\"modelName\":\"newRequestItems\",\"path\":\"/RequestItems/0\"},\"ancestor\":{\"id\":\"requestItemsTable\",\"viewName\":\"etm.portal.ui.managerequests.view.NewRequest\"}}"}]}
RESULT: undefined
COMMAND: POST /session/c52f3edd894b3289261c0762f3735e7d/execute/async - {"script":"<script> [776 bytes]","args":[{"enterText":"tag1","selector":{"controlType":"sap.m.Input","viewName":"etm.portal.ui.managerequests.view.NewRequest","bindingPath":{"path":"","propertyPath":"/Tags","modelName":"catalogModel"},"ancestor":{"controlType":"sap.m.ColumnListItem","viewName":"etm.portal.ui.managerequests.view.NewRequest","bindingPath":{"modelName":"newRequestItems","path":"/RequestItems/0"},"ancestor":{"id":"requestItemsTable","viewName":"etm.portal.ui.managerequests.view.NewRequest"}},"interaction":{"idSuffix":"inner"}},"clearTextFirst":true,"interactionType":"ENTER_TEXT"}]}
RESULT: {}
RESULT: {"script":"<script> [776 bytes]","args":[{"enterText":"tag1","selector":{"controlType":"sap.m.Input","viewName":"etm.portal.ui.managerequests.view.NewRequest","bindingPath":{"path":"","propertyPath":"/Tags","modelName":"catalogModel"},"ancestor":{"controlType":"sap.m.ColumnListItem","viewName":"etm.portal.ui.managerequests.view.NewRequest","bindingPath":{"modelName":"newRequestItems","path":"/RequestItems/0"},"ancestor":{"id":"requestItemsTable","viewName":"etm.portal.ui.managerequests.view.NewRequest"}},"interaction":{"idSuffix":"inner"}},"clearTextFirst":true,"interactionType":"ENTER_TEXT"}]}
COMMAND: POST /session/c52f3edd894b3289261c0762f3735e7d/actions - {"actions":[{"id":"action16","type":"key","parameters":{},"actions":[{"type":"keyDown","value":""},{"type":"pause","duration":10},{"type":"keyUp","value":""}]}]}
RESULT: {"actions":[{"id":"action16","type":"key","parameters":{},"actions":[{"type":"keyDown","value":""},{"type":"pause","duration":10},{"type":"keyUp","value":""}]}]}
RESULT: undefined
COMMAND: POST /session/c52f3edd894b3289261c0762f3735e7d/execute/async - {"script":"<script> [776 bytes]","args":[{"enterText":"tag-duplicate","selector":{"controlType":"sap.m.Input","viewName":"etm.portal.ui.managerequests.view.NewRequest","bindingPath":{"path":"","propertyPath":"/Tags","modelName":"catalogModel"},"ancestor":{"controlType":"sap.m.ColumnListItem","viewName":"etm.portal.ui.managerequests.view.NewRequest","bindingPath":{"modelName":"newRequestItems","path":"/RequestItems/0"},"ancestor":{"id":"requestItemsTable","viewName":"etm.portal.ui.managerequests.view.NewRequest"}},"interaction":{"idSuffix":"inner"}},"clearTextFirst":true,"interactionType":"ENTER_TEXT"}]}
COMMAND: GET /session/c52f3edd894b3289261c0762f3735e7d/screenshot - {}
RESULT: {"script":"<script> [776 bytes]","args":[{"enterText":"tag-duplicate","selector":{"controlType":"sap.m.Input","viewName":"etm.portal.ui.managerequests.view.NewRequest","bindingPath":{"path":"","propertyPath":"/Tags","modelName":"catalogModel"},"ancestor":{"controlType":"sap.m.ColumnListItem","viewName":"etm.portal.ui.managerequests.view.NewRequest","bindingPath":{"modelName":"newRequestItems","path":"/RequestItems/0"},"ancestor":{"id":"requestItemsTable","viewName":"etm.portal.ui.managerequests.view.NewRequest"}},"interaction":{"idSuffix":"inner"}},"clearTextFirst":true,"interactionType":"ENTER_TEXT"}]}
RESULT: {}
COMMAND: POST /session/c52f3edd894b3289261c0762f3735e7d/actions - {"actions":[{"id":"action17","type":"key","parameters":{},"actions":[{"type":"keyDown","value":""},{"type":"pause","duration":10},{"type":"keyUp","value":""}]}]}
RESULT: {"actions":[{"id":"action17","type":"key","parameters":{},"actions":[{"type":"keyDown","value":""},{"type":"pause","duration":10},{"type":"keyUp","value":""}]}]}
COMMAND: GET /session/c52f3edd894b3289261c0762f3735e7d/screenshot - {}
RESULT: {}
COMMAND: POST /session/c52f3edd894b3289261c0762f3735e7d/execute/async - {"script":"<script> [1562 bytes]","args":[{"selector":{"controlType":"sap.m.Input","viewName":"etm.portal.ui.managerequests.view.NewRequest","bindingPath":{"path":"","propertyPath":"/Tags","modelName":"catalogModel"},"ancestor":{"controlType":"sap.m.ColumnListItem","viewName":"etm.portal.ui.managerequests.view.NewRequest","bindingPath":{"modelName":"newRequestItems","path":"/RequestItems/1"},"ancestor":{"id":"requestItemsTable","viewName":"etm.portal.ui.managerequests.view.NewRequest"}},"interaction":{"idSuffix":"inner"}},"wdio_ui5_key":"etmportal.ui.managerequests.view.NewRequestsap.m.Input{\"path\":\"\",\"propertyPath\":\"/Tags\",\"modelName\":\"catalogModel\"}{\"controlType\":\"sap.m.ColumnListItem\",\"viewName\":\"etm.portal.ui.managerequests.view.NewRequest\",\"bindingPath\":{\"modelName\":\"newRequestItems\",\"path\":\"/RequestItems/1\"},\"ancestor\":{\"id\":\"requestItemsTable\",\"viewName\":\"etm.portal.ui.managerequests.view.NewRequest\"}}"}]}
RESULT: {"script":"<script> [1562 bytes]","args":[{"selector":{"controlType":"sap.m.Input","viewName":"etm.portal.ui.managerequests.view.NewRequest","bindingPath":{"path":"","propertyPath":"/Tags","modelName":"catalogModel"},"ancestor":{"controlType":"sap.m.ColumnListItem","viewName":"etm.portal.ui.managerequests.view.NewRequest","bindingPath":{"modelName":"newRequestItems","path":"/RequestItems/1"},"ancestor":{"id":"requestItemsTable","viewName":"etm.portal.ui.managerequests.view.NewRequest"}},"interaction":{"idSuffix":"inner"}},"wdio_ui5_key":"etmportal.ui.managerequests.view.NewRequestsap.m.Input{\"path\":\"\",\"propertyPath\":\"/Tags\",\"modelName\":\"catalogModel\"}{\"controlType\":\"sap.m.ColumnListItem\",\"viewName\":\"etm.portal.ui.managerequests.view.NewRequest\",\"bindingPath\":{\"modelName\":\"newRequestItems\",\"path\":\"/RequestItems/1\"},\"ancestor\":{\"id\":\"requestItemsTable\",\"viewName\":\"etm.portal.ui.managerequests.view.NewRequest\"}}"}]}
RESULT: undefined
COMMAND: POST /session/c52f3edd894b3289261c0762f3735e7d/execute/async - {"script":"<script> [776 bytes]","args":[{"enterText":"tag1","selector":{"controlType":"sap.m.Input","viewName":"etm.portal.ui.managerequests.view.NewRequest","bindingPath":{"path":"","propertyPath":"/Tags","modelName":"catalogModel"},"ancestor":{"controlType":"sap.m.ColumnListItem","viewName":"etm.portal.ui.managerequests.view.NewRequest","bindingPath":{"modelName":"newRequestItems","path":"/RequestItems/1"},"ancestor":{"id":"requestItemsTable","viewName":"etm.portal.ui.managerequests.view.NewRequest"}},"interaction":{"idSuffix":"inner"}},"clearTextFirst":true,"interactionType":"ENTER_TEXT"}]}
RESULT: {"script":"<script> [776 bytes]","args":[{"enterText":"tag1","selector":{"controlType":"sap.m.Input","viewName":"etm.portal.ui.managerequests.view.NewRequest","bindingPath":{"path":"","propertyPath":"/Tags","modelName":"catalogModel"},"ancestor":{"controlType":"sap.m.ColumnListItem","viewName":"etm.portal.ui.managerequests.view.NewRequest","bindingPath":{"modelName":"newRequestItems","path":"/RequestItems/1"},"ancestor":{"id":"requestItemsTable","viewName":"etm.portal.ui.managerequests.view.NewRequest"}},"interaction":{"idSuffix":"inner"}},"clearTextFirst":true,"interactionType":"ENTER_TEXT"}]}
COMMAND: POST /session/c52f3edd894b3289261c0762f3735e7d/actions - {"actions":[{"id":"action18","type":"key","parameters":{},"actions":[{"type":"keyDown","value":""},{"type":"pause","duration":10},{"type":"keyUp","value":""}]}]}
RESULT: {"actions":[{"id":"action18","type":"key","parameters":{},"actions":[{"type":"keyDown","value":""},{"type":"pause","duration":10},{"type":"keyUp","value":""}]}]}
RESULT: undefined
COMMAND: POST /session/c52f3edd894b3289261c0762f3735e7d/execute/async - {"script":"<script> [776 bytes]","args":[{"enterText":"tag-duplicate","selector":{"controlType":"sap.m.Input","viewName":"etm.portal.ui.managerequests.view.NewRequest","bindingPath":{"path":"","propertyPath":"/Tags","modelName":"catalogModel"},"ancestor":{"controlType":"sap.m.ColumnListItem","viewName":"etm.portal.ui.managerequests.view.NewRequest","bindingPath":{"modelName":"newRequestItems","path":"/RequestItems/1"},"ancestor":{"id":"requestItemsTable","viewName":"etm.portal.ui.managerequests.view.NewRequest"}},"interaction":{"idSuffix":"inner"}},"clearTextFirst":true,"interactionType":"ENTER_TEXT"}]}
COMMAND: GET /session/c52f3edd894b3289261c0762f3735e7d/screenshot - {}
RESULT: {"script":"<script> [776 bytes]","args":[{"enterText":"tag-duplicate","selector":{"controlType":"sap.m.Input","viewName":"etm.portal.ui.managerequests.view.NewRequest","bindingPath":{"path":"","propertyPath":"/Tags","modelName":"catalogModel"},"ancestor":{"controlType":"sap.m.ColumnListItem","viewName":"etm.portal.ui.managerequests.view.NewRequest","bindingPath":{"modelName":"newRequestItems","path":"/RequestItems/1"},"ancestor":{"id":"requestItemsTable","viewName":"etm.portal.ui.managerequests.view.NewRequest"}},"interaction":{"idSuffix":"inner"}},"clearTextFirst":true,"interactionType":"ENTER_TEXT"}]}
RESULT: {}
COMMAND: POST /session/c52f3edd894b3289261c0762f3735e7d/actions - {"actions":[{"id":"action19","type":"key","parameters":{},"actions":[{"type":"keyDown","value":""},{"type":"pause","duration":10},{"type":"keyUp","value":""}]}]}
RESULT: {"actions":[{"id":"action19","type":"key","parameters":{},"actions":[{"type":"keyDown","value":""},{"type":"pause","duration":10},{"type":"keyUp","value":""}]}]}
COMMAND: GET /session/c52f3edd894b3289261c0762f3735e7d/screenshot - {}
RESULT: {}
COMMAND: POST /session/c52f3edd894b3289261c0762f3735e7d/execute/async - {"script":"<script> [1562 bytes]","args":[{"selector":{"controlType":"sap.ui.core.Icon","viewName":"etm.portal.ui.managerequests.view.NewRequest","properties":{"src":{"regex":{"source":"slim\\-arrow\\-down"}}},"ancestor":{"controlType":"sap.m.Button","viewName":"etm.portal.ui.managerequests.view.NewRequest","properties":{"icon":"sap-icon://slim-arrow-down"}}},"wdio_ui5_key":"etmportal.ui.managerequests.view.NewRequestsap.ui.core.Icon{\"src\":{\"regex\":{\"source\":\"slim\\\\-arrow\\\\-down\"}}}{\"controlType\":\"sap.m.Button\",\"viewName\":\"etm.portal.ui.managerequests.view.NewRequest\",\"properties\":{\"icon\":\"sap-icon://slim-arrow-down\"}}"}]}
RESULT: {"script":"<script> [1562 bytes]","args":[{"selector":{"controlType":"sap.ui.core.Icon","viewName":"etm.portal.ui.managerequests.view.NewRequest","properties":{"src":{"regex":{"source":"slim\\-arrow\\-down"}}},"ancestor":{"controlType":"sap.m.Button","viewName":"etm.portal.ui.managerequests.view.NewRequest","properties":{"icon":"sap-icon://slim-arrow-down"}}},"wdio_ui5_key":"etmportal.ui.managerequests.view.NewRequestsap.ui.core.Icon{\"src\":{\"regex\":{\"source\":\"slim\\\\-arrow\\\\-down\"}}}{\"controlType\":\"sap.m.Button\",\"viewName\":\"etm.portal.ui.managerequests.view.NewRequest\",\"properties\":{\"icon\":\"sap-icon://slim-arrow-down\"}}"}]}
RESULT: undefined
COMMAND: POST /session/c52f3edd894b3289261c0762f3735e7d/element - {"using":"xpath","value":"//*[@id=\"__title25-expandBtn-img\"]"}
RESULT: {"using":"xpath","value":"//*[@id=\"__title25-expandBtn-img\"]"}
COMMAND: POST /session/c52f3edd894b3289261c0762f3735e7d/element/f.00CEB3DD14B2376F96DB663D79287A8F.d.22D2C7FE6F615D69E976AE7F84238243.e.3174/click - {}
RESULT: {}
COMMAND: GET /session/c52f3edd894b3289261c0762f3735e7d/screenshot - {}
RESULT: {}
COMMAND: POST /session/c52f3edd894b3289261c0762f3735e7d/element - {"using":"xpath","value":"//div[contains(@data-kt ,\"splitAllocationObjectStatus\")]"}
RESULT: {"using":"xpath","value":"//div[contains(@data-kt ,\"splitAllocationObjectStatus\")]"}
COMMAND: POST /session/c52f3edd894b3289261c0762f3735e7d/elements - {"using":"xpath","value":"//div[contains(@data-kt ,\"splitAllocationObjectStatus\")]"}
RESULT: {"using":"xpath","value":"//div[contains(@data-kt ,\"splitAllocationObjectStatus\")]"}
COMMAND: POST /session/c52f3edd894b3289261c0762f3735e7d/execute/async - {"script":"<script> [1562 bytes]","args":[{"selector":{"controlType":"sap.ui.core.Icon","viewName":"etm.portal.ui.managerequests.view.NewRequest","properties":{"src":{"regex":{"source":"message\\-error"}}},"ancestor":{"controlType":"sap.m.ColumnListItem","viewName":"etm.portal.ui.managerequests.view.NewRequest","bindingPath":{"modelName":"newRequestItems","path":"/RequestItems/0"},"ancestor":{"id":"requestItemsTable","viewName":"etm.portal.ui.managerequests.view.NewRequest"}}},"wdio_ui5_key":"etmportal.ui.managerequests.view.NewRequestsap.ui.core.Icon{\"src\":{\"regex\":{\"source\":\"message\\\\-error\"}}}{\"controlType\":\"sap.m.ColumnListItem\",\"viewName\":\"etm.portal.ui.managerequests.view.NewRequest\",\"bindingPath\":{\"modelName\":\"newRequestItems\",\"path\":\"/RequestItems/0\"},\"ancestor\":{\"id\":\"requestItemsTable\",\"viewName\":\"etm.portal.ui.managerequests.view.NewRequest\"}}"}]}
RESULT: {"script":"<script> [1562 bytes]","args":[{"selector":{"controlType":"sap.ui.core.Icon","viewName":"etm.portal.ui.managerequests.view.NewRequest","properties":{"src":{"regex":{"source":"message\\-error"}}},"ancestor":{"controlType":"sap.m.ColumnListItem","viewName":"etm.portal.ui.managerequests.view.NewRequest","bindingPath":{"modelName":"newRequestItems","path":"/RequestItems/0"},"ancestor":{"id":"requestItemsTable","viewName":"etm.portal.ui.managerequests.view.NewRequest"}}},"wdio_ui5_key":"etmportal.ui.managerequests.view.NewRequestsap.ui.core.Icon{\"src\":{\"regex\":{\"source\":\"message\\\\-error\"}}}{\"controlType\":\"sap.m.ColumnListItem\",\"viewName\":\"etm.portal.ui.managerequests.view.NewRequest\",\"bindingPath\":{\"modelName\":\"newRequestItems\",\"path\":\"/RequestItems/0\"},\"ancestor\":{\"id\":\"requestItemsTable\",\"viewName\":\"etm.portal.ui.managerequests.view.NewRequest\"}}"}]}
RESULT: undefined
COMMAND: POST /session/c52f3edd894b3289261c0762f3735e7d/element - {"using":"xpath","value":"//*[@id=\"__status6-__xmlview59--requestItemsTable-0-icon\"]"}
RESULT: {"using":"xpath","value":"//*[@id=\"__status6-__xmlview59--requestItemsTable-0-icon\"]"}
COMMAND: POST /session/c52f3edd894b3289261c0762f3735e7d/element/f.00CEB3DD14B2376F96DB663D79287A8F.d.22D2C7FE6F615D69E976AE7F84238243.e.3155/click - {}
RESULT: {}
COMMAND: GET /session/c52f3edd894b3289261c0762f3735e7d/screenshot - {}
RESULT: {}
COMMAND: POST /session/c52f3edd894b3289261c0762f3735e7d/execute/async - {"script":"<script> [1562 bytes]","args":[{"selector":{"id":"costObjectAdminTypeComboBox","viewName":"etm.portal.ui.managerequests.view.NewRequest","searchOpenDialogs":true,"interaction":{"idSuffix":"inner"}},"wdio_ui5_key":"costObjectAdminTypeComboBoxetmportal.ui.managerequests.view.NewRequest"}]}
RESULT: {"script":"<script> [1562 bytes]","args":[{"selector":{"id":"costObjectAdminTypeComboBox","viewName":"etm.portal.ui.managerequests.view.NewRequest","searchOpenDialogs":true,"interaction":{"idSuffix":"inner"}},"wdio_ui5_key":"costObjectAdminTypeComboBoxetmportal.ui.managerequests.view.NewRequest"}]}
RESULT: undefined
COMMAND: POST /session/c52f3edd894b3289261c0762f3735e7d/execute/async - {"script":"<script> [776 bytes]","args":[{"enterText":"Cost Center","selector":{"id":"costObjectAdminTypeComboBox","viewName":"etm.portal.ui.managerequests.view.NewRequest","searchOpenDialogs":true,"interaction":{"idSuffix":"inner"}},"clearTextFirst":true,"interactionType":"ENTER_TEXT"}]}
RESULT: {"script":"<script> [776 bytes]","args":[{"enterText":"Cost Center","selector":{"id":"costObjectAdminTypeComboBox","viewName":"etm.portal.ui.managerequests.view.NewRequest","searchOpenDialogs":true,"interaction":{"idSuffix":"inner"}},"clearTextFirst":true,"interactionType":"ENTER_TEXT"}]}
COMMAND: POST /session/c52f3edd894b3289261c0762f3735e7d/actions - {"actions":[{"id":"action20","type":"key","parameters":{},"actions":[{"type":"keyDown","value":""},{"type":"pause","duration":10},{"type":"keyUp","value":""}]}]}
RESULT: {"actions":[{"id":"action20","type":"key","parameters":{},"actions":[{"type":"keyDown","value":""},{"type":"pause","duration":10},{"type":"keyUp","value":""}]}]}
COMMAND: GET /session/c52f3edd894b3289261c0762f3735e7d/screenshot - {}
RESULT: {}
COMMAND: POST /session/c52f3edd894b3289261c0762f3735e7d/execute/async - {"script":"<script> [1562 bytes]","args":[{"selector":{"id":"costObjectIdComboBox","viewName":"etm.portal.ui.managerequests.view.NewRequest","searchOpenDialogs":true,"interaction":{"idSuffix":"inner"}},"wdio_ui5_key":"costObjectIdComboBoxetmportal.ui.managerequests.view.NewRequest"}]}
RESULT: {"script":"<script> [1562 bytes]","args":[{"selector":{"id":"costObjectIdComboBox","viewName":"etm.portal.ui.managerequests.view.NewRequest","searchOpenDialogs":true,"interaction":{"idSuffix":"inner"}},"wdio_ui5_key":"costObjectIdComboBoxetmportal.ui.managerequests.view.NewRequest"}]}
RESULT: undefined
COMMAND: POST /session/c52f3edd894b3289261c0762f3735e7d/execute/async - {"script":"<script> [776 bytes]","args":[{"enterText":"1001 - 1001","selector":{"id":"costObjectIdComboBox","viewName":"etm.portal.ui.managerequests.view.NewRequest","searchOpenDialogs":true,"interaction":{"idSuffix":"inner"}},"clearTextFirst":true,"interactionType":"ENTER_TEXT"}]}
RESULT: {"script":"<script> [776 bytes]","args":[{"enterText":"1001 - 1001","selector":{"id":"costObjectIdComboBox","viewName":"etm.portal.ui.managerequests.view.NewRequest","searchOpenDialogs":true,"interaction":{"idSuffix":"inner"}},"clearTextFirst":true,"interactionType":"ENTER_TEXT"}]}
COMMAND: POST /session/c52f3edd894b3289261c0762f3735e7d/actions - {"actions":[{"id":"action21","type":"key","parameters":{},"actions":[{"type":"keyDown","value":""},{"type":"pause","duration":10},{"type":"keyUp","value":""}]}]}
RESULT: {"actions":[{"id":"action21","type":"key","parameters":{},"actions":[{"type":"keyDown","value":""},{"type":"pause","duration":10},{"type":"keyUp","value":""}]}]}
COMMAND: GET /session/c52f3edd894b3289261c0762f3735e7d/screenshot - {}
RESULT: {}
COMMAND: POST /session/c52f3edd894b3289261c0762f3735e7d/element - {"using":"xpath","value":"(//bdi[(text() = 'Save' or . = 'Save')])[1]"}
RESULT: {"using":"xpath","value":"(//bdi[(text() = 'Save' or . = 'Save')])[1]"}
COMMAND: POST /session/c52f3edd894b3289261c0762f3735e7d/element/f.00CEB3DD14B2376F96DB663D79287A8F.d.22D2C7FE6F615D69E976AE7F84238243.e.3194/click - {}
RESULT: {}
COMMAND: POST /session/c52f3edd894b3289261c0762f3735e7d/execute/async - {"script":"<script> [1562 bytes]","args":[{"selector":{"controlType":"sap.ui.core.Icon","viewName":"etm.portal.ui.managerequests.view.NewRequest","properties":{"src":{"regex":{"source":"message\\-error"}}},"ancestor":{"controlType":"sap.m.ColumnListItem","viewName":"etm.portal.ui.managerequests.view.NewRequest","bindingPath":{"modelName":"newRequestItems","path":"/RequestItems/1"},"ancestor":{"id":"requestItemsTable","viewName":"etm.portal.ui.managerequests.view.NewRequest"}}},"wdio_ui5_key":"etmportal.ui.managerequests.view.NewRequestsap.ui.core.Icon{\"src\":{\"regex\":{\"source\":\"message\\\\-error\"}}}{\"controlType\":\"sap.m.ColumnListItem\",\"viewName\":\"etm.portal.ui.managerequests.view.NewRequest\",\"bindingPath\":{\"modelName\":\"newRequestItems\",\"path\":\"/RequestItems/1\"},\"ancestor\":{\"id\":\"requestItemsTable\",\"viewName\":\"etm.portal.ui.managerequests.view.NewRequest\"}}"}]}
COMMAND: GET /session/c52f3edd894b3289261c0762f3735e7d/screenshot - {}
RESULT: {"script":"<script> [1562 bytes]","args":[{"selector":{"controlType":"sap.ui.core.Icon","viewName":"etm.portal.ui.managerequests.view.NewRequest","properties":{"src":{"regex":{"source":"message\\-error"}}},"ancestor":{"controlType":"sap.m.ColumnListItem","viewName":"etm.portal.ui.managerequests.view.NewRequest","bindingPath":{"modelName":"newRequestItems","path":"/RequestItems/1"},"ancestor":{"id":"requestItemsTable","viewName":"etm.portal.ui.managerequests.view.NewRequest"}}},"wdio_ui5_key":"etmportal.ui.managerequests.view.NewRequestsap.ui.core.Icon{\"src\":{\"regex\":{\"source\":\"message\\\\-error\"}}}{\"controlType\":\"sap.m.ColumnListItem\",\"viewName\":\"etm.portal.ui.managerequests.view.NewRequest\",\"bindingPath\":{\"modelName\":\"newRequestItems\",\"path\":\"/RequestItems/1\"},\"ancestor\":{\"id\":\"requestItemsTable\",\"viewName\":\"etm.portal.ui.managerequests.view.NewRequest\"}}"}]}
RESULT: undefined
COMMAND: POST /session/c52f3edd894b3289261c0762f3735e7d/element - {"using":"xpath","value":"//*[@id=\"__status6-__xmlview59--requestItemsTable-1-icon\"]"}
RESULT: {}
RESULT: {"using":"xpath","value":"//*[@id=\"__status6-__xmlview59--requestItemsTable-1-icon\"]"}
COMMAND: POST /session/c52f3edd894b3289261c0762f3735e7d/element/f.00CEB3DD14B2376F96DB663D79287A8F.d.22D2C7FE6F615D69E976AE7F84238243.e.3172/click - {}
RESULT: {}
COMMAND: GET /session/c52f3edd894b3289261c0762f3735e7d/screenshot - {}
RESULT: {}
RESULT: undefined
COMMAND: POST /session/c52f3edd894b3289261c0762f3735e7d/execute/async - {"script":"<script> [776 bytes]","args":[{"enterText":"Cost Center","selector":{"id":"costObjectAdminTypeComboBox","viewName":"etm.portal.ui.managerequests.view.NewRequest","searchOpenDialogs":true,"interaction":{"idSuffix":"inner"}},"clearTextFirst":true,"interactionType":"ENTER_TEXT"}]}
RESULT: {"script":"<script> [776 bytes]","args":[{"enterText":"Cost Center","selector":{"id":"costObjectAdminTypeComboBox","viewName":"etm.portal.ui.managerequests.view.NewRequest","searchOpenDialogs":true,"interaction":{"idSuffix":"inner"}},"clearTextFirst":true,"interactionType":"ENTER_TEXT"}]}
COMMAND: POST /session/c52f3edd894b3289261c0762f3735e7d/actions - {"actions":[{"id":"action22","type":"key","parameters":{},"actions":[{"type":"keyDown","value":""},{"type":"pause","duration":10},{"type":"keyUp","value":""}]}]}
RESULT: {"actions":[{"id":"action22","type":"key","parameters":{},"actions":[{"type":"keyDown","value":""},{"type":"pause","duration":10},{"type":"keyUp","value":""}]}]}
COMMAND: GET /session/c52f3edd894b3289261c0762f3735e7d/screenshot - {}
RESULT: {}
RESULT: undefined
COMMAND: POST /session/c52f3edd894b3289261c0762f3735e7d/execute/async - {"script":"<script> [776 bytes]","args":[{"enterText":"1001 - 1001","selector":{"id":"costObjectIdComboBox","viewName":"etm.portal.ui.managerequests.view.NewRequest","searchOpenDialogs":true,"interaction":{"idSuffix":"inner"}},"clearTextFirst":true,"interactionType":"ENTER_TEXT"}]}
RESULT: {"script":"<script> [776 bytes]","args":[{"enterText":"1001 - 1001","selector":{"id":"costObjectIdComboBox","viewName":"etm.portal.ui.managerequests.view.NewRequest","searchOpenDialogs":true,"interaction":{"idSuffix":"inner"}},"clearTextFirst":true,"interactionType":"ENTER_TEXT"}]}
COMMAND: POST /session/c52f3edd894b3289261c0762f3735e7d/actions - {"actions":[{"id":"action23","type":"key","parameters":{},"actions":[{"type":"keyDown","value":""},{"type":"pause","duration":10},{"type":"keyUp","value":""}]}]}
RESULT: {"actions":[{"id":"action23","type":"key","parameters":{},"actions":[{"type":"keyDown","value":""},{"type":"pause","duration":10},{"type":"keyUp","value":""}]}]}
COMMAND: GET /session/c52f3edd894b3289261c0762f3735e7d/screenshot - {}
RESULT: {}
COMMAND: POST /session/c52f3edd894b3289261c0762f3735e7d/element - {"using":"xpath","value":"(//bdi[(text() = 'Save' or . = 'Save')])[1]"}
RESULT: {"using":"xpath","value":"(//bdi[(text() = 'Save' or . = 'Save')])[1]"}
COMMAND: POST /session/c52f3edd894b3289261c0762f3735e7d/element/f.00CEB3DD14B2376F96DB663D79287A8F.d.22D2C7FE6F615D69E976AE7F84238243.e.3210/click - {}
RESULT: {}
COMMAND: POST /session/c52f3edd894b3289261c0762f3735e7d/execute/async - {"script":"<script> [1562 bytes]","args":[{"selector":{"controlType":"sap.ui.core.Icon","viewName":"etm.portal.ui.managerequests.view.NewRequest","properties":{"src":{"regex":{"source":"decline"}}},"ancestor":{"controlType":"sap.m.Token","viewName":"etm.portal.ui.managerequests.view.NewRequest","bindingPath":{"path":"/RequestItems/0/TOKENS/0","propertyPath":"TAG","modelName":"newRequestItems"}}},"wdio_ui5_key":"etmportal.ui.managerequests.view.NewRequestsap.ui.core.Icon{\"src\":{\"regex\":{\"source\":\"decline\"}}}{\"controlType\":\"sap.m.Token\",\"viewName\":\"etm.portal.ui.managerequests.view.NewRequest\",\"bindingPath\":{\"path\":\"/RequestItems/0/TOKENS/0\",\"propertyPath\":\"TAG\",\"modelName\":\"newRequestItems\"}}"}]}
COMMAND: GET /session/c52f3edd894b3289261c0762f3735e7d/screenshot - {}
RESULT: {"script":"<script> [1562 bytes]","args":[{"selector":{"controlType":"sap.ui.core.Icon","viewName":"etm.portal.ui.managerequests.view.NewRequest","properties":{"src":{"regex":{"source":"decline"}}},"ancestor":{"controlType":"sap.m.Token","viewName":"etm.portal.ui.managerequests.view.NewRequest","bindingPath":{"path":"/RequestItems/0/TOKENS/0","propertyPath":"TAG","modelName":"newRequestItems"}}},"wdio_ui5_key":"etmportal.ui.managerequests.view.NewRequestsap.ui.core.Icon{\"src\":{\"regex\":{\"source\":\"decline\"}}}{\"controlType\":\"sap.m.Token\",\"viewName\":\"etm.portal.ui.managerequests.view.NewRequest\",\"bindingPath\":{\"path\":\"/RequestItems/0/TOKENS/0\",\"propertyPath\":\"TAG\",\"modelName\":\"newRequestItems\"}}"}]}
RESULT: undefined
COMMAND: POST /session/c52f3edd894b3289261c0762f3735e7d/element - {"using":"xpath","value":"//*[@id=\"__token7-__tokenizer62-__xmlview59--requestItemsTable-0-0-icon\"]"}
RESULT: {}
RESULT: {"using":"xpath","value":"//*[@id=\"__token7-__tokenizer62-__xmlview59--requestItemsTable-0-0-icon\"]"}
COMMAND: POST /session/c52f3edd894b3289261c0762f3735e7d/element/f.00CEB3DD14B2376F96DB663D79287A8F.d.22D2C7FE6F615D69E976AE7F84238243.e.3212/click - {}
RESULT: {}
COMMAND: GET /session/c52f3edd894b3289261c0762f3735e7d/screenshot - {}
RESULT: {}
COMMAND: POST /session/c52f3edd894b3289261c0762f3735e7d/actions - {"actions":[{"id":"action24","type":"key","parameters":{},"actions":[{"type":"keyDown","value":""},{"type":"pause","duration":10},{"type":"keyUp","value":""}]}]}
RESULT: {"actions":[{"id":"action24","type":"key","parameters":{},"actions":[{"type":"keyDown","value":""},{"type":"pause","duration":10},{"type":"keyUp","value":""}]}]}
COMMAND: GET /session/c52f3edd894b3289261c0762f3735e7d/screenshot - {}
RESULT: {}
COMMAND: POST /session/c52f3edd894b3289261c0762f3735e7d/execute/async - {"script":"<script> [1562 bytes]","args":[{"selector":{"controlType":"sap.m.Tokenizer","viewName":"etm.portal.ui.managerequests.view.NewRequest","bindingPath":{"path":"/RequestItems/0","propertyPath":"TOKENS","modelName":"newRequestItems"}},"wdio_ui5_key":"etmportal.ui.managerequests.view.NewRequestsap.m.Tokenizer{\"path\":\"/RequestItems/0\",\"propertyPath\":\"TOKENS\",\"modelName\":\"newRequestItems\"}"}]}
RESULT: {"script":"<script> [1562 bytes]","args":[{"selector":{"controlType":"sap.m.Tokenizer","viewName":"etm.portal.ui.managerequests.view.NewRequest","bindingPath":{"path":"/RequestItems/0","propertyPath":"TOKENS","modelName":"newRequestItems"}},"wdio_ui5_key":"etmportal.ui.managerequests.view.NewRequestsap.m.Tokenizer{\"path\":\"/RequestItems/0\",\"propertyPath\":\"TOKENS\",\"modelName\":\"newRequestItems\"}"}]}
RESULT: undefined
COMMAND: POST /session/c52f3edd894b3289261c0762f3735e7d/execute/async - {"script":"<script> [6424 bytes]","args":[{"element-6066-11e4-a52e-4f735466cecf":"f.00CEB3DD14B2376F96DB663D79287A8F.d.22D2C7FE6F615D69E976AE7F84238243.e.3218"},"getTokens",[]]}
RESULT: {"script":"<script> [6424 bytes]","args":[{"element-6066-11e4-a52e-4f735466cecf":"f.00CEB3DD14B2376F96DB663D79287A8F.d.22D2C7FE6F615D69E976AE7F84238243.e.3218"},"getTokens",[]]}
COMMAND: POST /session/c52f3edd894b3289261c0762f3735e7d/execute/async - {"script":"<script> [1562 bytes]","args":[{"wdio_ui5_key":"__token7-__tokenizer62-__xmlview59--requestItemsTable-0-0","selector":{"id":"__token7-__tokenizer62-__xmlview59--requestItemsTable-0-0"}}]}
RESULT: {"script":"<script> [1562 bytes]","args":[{"wdio_ui5_key":"__token7-__tokenizer62-__xmlview59--requestItemsTable-0-0","selector":{"id":"__token7-__tokenizer62-__xmlview59--requestItemsTable-0-0"}}]}
RESULT: undefined
RESULT: undefined
COMMAND: POST /session/c52f3edd894b3289261c0762f3735e7d/execute/async - {"script":"<script> [776 bytes]","args":[{"enterText":"tagRequest1","selector":{"controlType":"sap.m.Input","viewName":"etm.portal.ui.managerequests.view.NewRequest","bindingPath":{"path":"","propertyPath":"/Tags","modelName":"catalogModel"},"ancestor":{"controlType":"sap.m.ColumnListItem","viewName":"etm.portal.ui.managerequests.view.NewRequest","bindingPath":{"modelName":"newRequestItems","path":"/RequestItems/0"},"ancestor":{"id":"requestItemsTable","viewName":"etm.portal.ui.managerequests.view.NewRequest"}},"interaction":{"idSuffix":"inner"}},"clearTextFirst":true,"interactionType":"ENTER_TEXT"}]}
RESULT: {"script":"<script> [776 bytes]","args":[{"enterText":"tagRequest1","selector":{"controlType":"sap.m.Input","viewName":"etm.portal.ui.managerequests.view.NewRequest","bindingPath":{"path":"","propertyPath":"/Tags","modelName":"catalogModel"},"ancestor":{"controlType":"sap.m.ColumnListItem","viewName":"etm.portal.ui.managerequests.view.NewRequest","bindingPath":{"modelName":"newRequestItems","path":"/RequestItems/0"},"ancestor":{"id":"requestItemsTable","viewName":"etm.portal.ui.managerequests.view.NewRequest"}},"interaction":{"idSuffix":"inner"}},"clearTextFirst":true,"interactionType":"ENTER_TEXT"}]}
COMMAND: POST /session/c52f3edd894b3289261c0762f3735e7d/actions - {"actions":[{"id":"action25","type":"key","parameters":{},"actions":[{"type":"keyDown","value":""},{"type":"pause","duration":10},{"type":"keyUp","value":""}]}]}
RESULT: {"actions":[{"id":"action25","type":"key","parameters":{},"actions":[{"type":"keyDown","value":""},{"type":"pause","duration":10},{"type":"keyUp","value":""}]}]}
COMMAND: GET /session/c52f3edd894b3289261c0762f3735e7d/screenshot - {}
RESULT: {}
RESULT: undefined
COMMAND: POST /session/c52f3edd894b3289261c0762f3735e7d/execute/async - {"script":"<script> [6424 bytes]","args":[{"element-6066-11e4-a52e-4f735466cecf":"f.00CEB3DD14B2376F96DB663D79287A8F.d.22D2C7FE6F615D69E976AE7F84238243.e.3218"},"getTokens",[]]}
RESULT: {"script":"<script> [6424 bytes]","args":[{"element-6066-11e4-a52e-4f735466cecf":"f.00CEB3DD14B2376F96DB663D79287A8F.d.22D2C7FE6F615D69E976AE7F84238243.e.3218"},"getTokens",[]]}
COMMAND: POST /session/c52f3edd894b3289261c0762f3735e7d/execute/async - {"script":"<script> [1562 bytes]","args":[{"wdio_ui5_key":"__token7-__tokenizer62-__xmlview59--requestItemsTable-0-1","selector":{"id":"__token7-__tokenizer62-__xmlview59--requestItemsTable-0-1"}}]}
RESULT: undefined
RESULT: {"script":"<script> [1562 bytes]","args":[{"wdio_ui5_key":"__token7-__tokenizer62-__xmlview59--requestItemsTable-0-1","selector":{"id":"__token7-__tokenizer62-__xmlview59--requestItemsTable-0-1"}}]}
RESULT: undefined
COMMAND: POST /session/c52f3edd894b3289261c0762f3735e7d/execute/async - {"script":"<script> [1562 bytes]","args":[{"selector":{"controlType":"sap.ui.core.Icon","viewName":"etm.portal.ui.managerequests.view.NewRequest","properties":{"src":{"regex":{"source":"decline"}}},"ancestor":{"controlType":"sap.m.Token","viewName":"etm.portal.ui.managerequests.view.NewRequest","bindingPath":{"path":"/RequestItems/1/TOKENS/0","propertyPath":"TAG","modelName":"newRequestItems"}}},"wdio_ui5_key":"etmportal.ui.managerequests.view.NewRequestsap.ui.core.Icon{\"src\":{\"regex\":{\"source\":\"decline\"}}}{\"controlType\":\"sap.m.Token\",\"viewName\":\"etm.portal.ui.managerequests.view.NewRequest\",\"bindingPath\":{\"path\":\"/RequestItems/1/TOKENS/0\",\"propertyPath\":\"TAG\",\"modelName\":\"newRequestItems\"}}"}]}
RESULT: {"script":"<script> [1562 bytes]","args":[{"selector":{"controlType":"sap.ui.core.Icon","viewName":"etm.portal.ui.managerequests.view.NewRequest","properties":{"src":{"regex":{"source":"decline"}}},"ancestor":{"controlType":"sap.m.Token","viewName":"etm.portal.ui.managerequests.view.NewRequest","bindingPath":{"path":"/RequestItems/1/TOKENS/0","propertyPath":"TAG","modelName":"newRequestItems"}}},"wdio_ui5_key":"etmportal.ui.managerequests.view.NewRequestsap.ui.core.Icon{\"src\":{\"regex\":{\"source\":\"decline\"}}}{\"controlType\":\"sap.m.Token\",\"viewName\":\"etm.portal.ui.managerequests.view.NewRequest\",\"bindingPath\":{\"path\":\"/RequestItems/1/TOKENS/0\",\"propertyPath\":\"TAG\",\"modelName\":\"newRequestItems\"}}"}]}
RESULT: undefined
COMMAND: POST /session/c52f3edd894b3289261c0762f3735e7d/element - {"using":"xpath","value":"//*[@id=\"__token7-__tokenizer62-__xmlview59--requestItemsTable-1-0-icon\"]"}
RESULT: {"using":"xpath","value":"//*[@id=\"__token7-__tokenizer62-__xmlview59--requestItemsTable-1-0-icon\"]"}
COMMAND: POST /session/c52f3edd894b3289261c0762f3735e7d/element/f.00CEB3DD14B2376F96DB663D79287A8F.d.22D2C7FE6F615D69E976AE7F84238243.e.3220/click - {}
RESULT: {}
COMMAND: GET /session/c52f3edd894b3289261c0762f3735e7d/screenshot - {}
RESULT: {}
COMMAND: POST /session/c52f3edd894b3289261c0762f3735e7d/actions - {"actions":[{"id":"action26","type":"key","parameters":{},"actions":[{"type":"keyDown","value":""},{"type":"pause","duration":10},{"type":"keyUp","value":""}]}]}
RESULT: {"actions":[{"id":"action26","type":"key","parameters":{},"actions":[{"type":"keyDown","value":""},{"type":"pause","duration":10},{"type":"keyUp","value":""}]}]}
COMMAND: GET /session/c52f3edd894b3289261c0762f3735e7d/screenshot - {}
RESULT: {}
COMMAND: POST /session/c52f3edd894b3289261c0762f3735e7d/execute/async - {"script":"<script> [1562 bytes]","args":[{"selector":{"controlType":"sap.m.Tokenizer","viewName":"etm.portal.ui.managerequests.view.NewRequest","bindingPath":{"path":"/RequestItems/1","propertyPath":"TOKENS","modelName":"newRequestItems"}},"wdio_ui5_key":"etmportal.ui.managerequests.view.NewRequestsap.m.Tokenizer{\"path\":\"/RequestItems/1\",\"propertyPath\":\"TOKENS\",\"modelName\":\"newRequestItems\"}"}]}
RESULT: {"script":"<script> [1562 bytes]","args":[{"selector":{"controlType":"sap.m.Tokenizer","viewName":"etm.portal.ui.managerequests.view.NewRequest","bindingPath":{"path":"/RequestItems/1","propertyPath":"TOKENS","modelName":"newRequestItems"}},"wdio_ui5_key":"etmportal.ui.managerequests.view.NewRequestsap.m.Tokenizer{\"path\":\"/RequestItems/1\",\"propertyPath\":\"TOKENS\",\"modelName\":\"newRequestItems\"}"}]}
RESULT: undefined
COMMAND: POST /session/c52f3edd894b3289261c0762f3735e7d/execute/async - {"script":"<script> [6424 bytes]","args":[{"element-6066-11e4-a52e-4f735466cecf":"f.00CEB3DD14B2376F96DB663D79287A8F.d.22D2C7FE6F615D69E976AE7F84238243.e.3226"},"getTokens",[]]}
RESULT: {"script":"<script> [6424 bytes]","args":[{"element-6066-11e4-a52e-4f735466cecf":"f.00CEB3DD14B2376F96DB663D79287A8F.d.22D2C7FE6F615D69E976AE7F84238243.e.3226"},"getTokens",[]]}
COMMAND: POST /session/c52f3edd894b3289261c0762f3735e7d/execute/async - {"script":"<script> [1562 bytes]","args":[{"wdio_ui5_key":"__token7-__tokenizer62-__xmlview59--requestItemsTable-1-0","selector":{"id":"__token7-__tokenizer62-__xmlview59--requestItemsTable-1-0"}}]}
RESULT: {"script":"<script> [1562 bytes]","args":[{"wdio_ui5_key":"__token7-__tokenizer62-__xmlview59--requestItemsTable-1-0","selector":{"id":"__token7-__tokenizer62-__xmlview59--requestItemsTable-1-0"}}]}
RESULT: undefined
RESULT: undefined
COMMAND: POST /session/c52f3edd894b3289261c0762f3735e7d/execute/async - {"script":"<script> [776 bytes]","args":[{"enterText":"tagRequest1","selector":{"controlType":"sap.m.Input","viewName":"etm.portal.ui.managerequests.view.NewRequest","bindingPath":{"path":"","propertyPath":"/Tags","modelName":"catalogModel"},"ancestor":{"controlType":"sap.m.ColumnListItem","viewName":"etm.portal.ui.managerequests.view.NewRequest","bindingPath":{"modelName":"newRequestItems","path":"/RequestItems/1"},"ancestor":{"id":"requestItemsTable","viewName":"etm.portal.ui.managerequests.view.NewRequest"}},"interaction":{"idSuffix":"inner"}},"clearTextFirst":true,"interactionType":"ENTER_TEXT"}]}
RESULT: {"script":"<script> [776 bytes]","args":[{"enterText":"tagRequest1","selector":{"controlType":"sap.m.Input","viewName":"etm.portal.ui.managerequests.view.NewRequest","bindingPath":{"path":"","propertyPath":"/Tags","modelName":"catalogModel"},"ancestor":{"controlType":"sap.m.ColumnListItem","viewName":"etm.portal.ui.managerequests.view.NewRequest","bindingPath":{"modelName":"newRequestItems","path":"/RequestItems/1"},"ancestor":{"id":"requestItemsTable","viewName":"etm.portal.ui.managerequests.view.NewRequest"}},"interaction":{"idSuffix":"inner"}},"clearTextFirst":true,"interactionType":"ENTER_TEXT"}]}
COMMAND: POST /session/c52f3edd894b3289261c0762f3735e7d/actions - {"actions":[{"id":"action27","type":"key","parameters":{},"actions":[{"type":"keyDown","value":""},{"type":"pause","duration":10},{"type":"keyUp","value":""}]}]}
RESULT: {"actions":[{"id":"action27","type":"key","parameters":{},"actions":[{"type":"keyDown","value":""},{"type":"pause","duration":10},{"type":"keyUp","value":""}]}]}
COMMAND: GET /session/c52f3edd894b3289261c0762f3735e7d/screenshot - {}
RESULT: {}
RESULT: undefined
COMMAND: POST /session/c52f3edd894b3289261c0762f3735e7d/execute/async - {"script":"<script> [6424 bytes]","args":[{"element-6066-11e4-a52e-4f735466cecf":"f.00CEB3DD14B2376F96DB663D79287A8F.d.22D2C7FE6F615D69E976AE7F84238243.e.3226"},"getTokens",[]]}
RESULT: {"script":"<script> [6424 bytes]","args":[{"element-6066-11e4-a52e-4f735466cecf":"f.00CEB3DD14B2376F96DB663D79287A8F.d.22D2C7FE6F615D69E976AE7F84238243.e.3226"},"getTokens",[]]}
COMMAND: POST /session/c52f3edd894b3289261c0762f3735e7d/execute/async - {"script":"<script> [1562 bytes]","args":[{"wdio_ui5_key":"__token7-__tokenizer62-__xmlview59--requestItemsTable-1-1","selector":{"id":"__token7-__tokenizer62-__xmlview59--requestItemsTable-1-1"}}]}
RESULT: undefined
RESULT: {"script":"<script> [1562 bytes]","args":[{"wdio_ui5_key":"__token7-__tokenizer62-__xmlview59--requestItemsTable-1-1","selector":{"id":"__token7-__tokenizer62-__xmlview59--requestItemsTable-1-1"}}]}
RESULT: undefined
COMMAND: POST /session/c52f3edd894b3289261c0762f3735e7d/execute/async - {"script":"<script> [1562 bytes]","args":[{"selector":{"controlType":"sap.m.Button","viewName":"etm.portal.ui.managerequests.view.NewRequest","properties":{"text":"Save"},"i18NText":{"propertyName":"tooltip","key":"save"},"interaction":{"idSuffix":"BDI-content"}},"wdio_ui5_key":"etmportal.ui.managerequests.view.NewRequestsap.m.Button{\"propertyName\":\"tooltip\",\"key\":\"save\"}{\"text\":\"Save\"}"}]}
RESULT: {"script":"<script> [1562 bytes]","args":[{"selector":{"controlType":"sap.m.Button","viewName":"etm.portal.ui.managerequests.view.NewRequest","properties":{"text":"Save"},"i18NText":{"propertyName":"tooltip","key":"save"},"interaction":{"idSuffix":"BDI-content"}},"wdio_ui5_key":"etmportal.ui.managerequests.view.NewRequestsap.m.Button{\"propertyName\":\"tooltip\",\"key\":\"save\"}{\"text\":\"Save\"}"}]}
RESULT: undefined
COMMAND: POST /session/c52f3edd894b3289261c0762f3735e7d/element - {"using":"xpath","value":"//*[@id=\"__button117\"]"}
RESULT: {"using":"xpath","value":"//*[@id=\"__button117\"]"}
COMMAND: POST /session/c52f3edd894b3289261c0762f3735e7d/element/f.00CEB3DD14B2376F96DB663D79287A8F.d.22D2C7FE6F615D69E976AE7F84238243.e.3002/click - {}
RESULT: {}
COMMAND: GET /session/c52f3edd894b3289261c0762f3735e7d/screenshot - {}
RESULT: {}
COMMAND: POST /session/c52f3edd894b3289261c0762f3735e7d/element - {"using":"xpath","value":"//bdi[contains(@id ,\"BDI-content\")][contains(text(), \"Close\")]"}
RESULT: {"using":"xpath","value":"//bdi[contains(@id ,\"BDI-content\")][contains(text(), \"Close\")]"}
COMMAND: POST /session/c52f3edd894b3289261c0762f3735e7d/element/f.00CEB3DD14B2376F96DB663D79287A8F.d.22D2C7FE6F615D69E976AE7F84238243.e.3235/click - {}
RESULT: {}
COMMAND: GET /session/c52f3edd894b3289261c0762f3735e7d/screenshot - {}
RESULT: {}
]]></system-out>
    </testcase>
    <testcase classname="chrome.136_0_7103_93.windows.Manage_Requests_Tags_Tests_US120163" name="Should Edit Request Tags" time="111.256">
      <system-out><![CDATA[
COMMAND: POST /session/c52f3edd894b3289261c0762f3735e7d/execute/async - {"script":"<script> [1562 bytes]","args":[{"selector":{"controlType":"sap.ui.core.Icon","viewName":"etm.portal.ui.managerequests.view.Detail","properties":{"src":{"regex":{"source":"overflow"}}}},"wdio_ui5_key":"etmportal.ui.managerequests.view.Detailsap.ui.core.Icon{\"src\":{\"regex\":{\"source\":\"overflow\"}}}"}]}
RESULT: {"script":"<script> [1562 bytes]","args":[{"selector":{"controlType":"sap.ui.core.Icon","viewName":"etm.portal.ui.managerequests.view.Detail","properties":{"src":{"regex":{"source":"overflow"}}}},"wdio_ui5_key":"etmportal.ui.managerequests.view.Detailsap.ui.core.Icon{\"src\":{\"regex\":{\"source\":\"overflow\"}}}"}]}
RESULT: undefined
COMMAND: POST /session/c52f3edd894b3289261c0762f3735e7d/element - {"using":"xpath","value":"//*[@id=\"__xmlview60--detailHeaderTitle-_actionsToolbar-overflowButton-img\"]"}
RESULT: {"using":"xpath","value":"//*[@id=\"__xmlview60--detailHeaderTitle-_actionsToolbar-overflowButton-img\"]"}
COMMAND: POST /session/c52f3edd894b3289261c0762f3735e7d/element/f.00CEB3DD14B2376F96DB663D79287A8F.d.22D2C7FE6F615D69E976AE7F84238243.e.3362/click - {}
RESULT: {}
COMMAND: GET /session/c52f3edd894b3289261c0762f3735e7d/screenshot - {}
RESULT: {}
COMMAND: POST /session/c52f3edd894b3289261c0762f3735e7d/execute/async - {"script":"<script> [1562 bytes]","args":[{"selector":{"controlType":"sap.uxap.ObjectPageHeaderActionButton","viewName":"etm.portal.ui.managerequests.view.Detail","i18NText":{"propertyName":"text","key":"edit"},"searchOpenDialogs":true,"interaction":{"idSuffix":"inner"}},"wdio_ui5_key":"etmportal.ui.managerequests.view.Detailsap.uxap.ObjectPageHeaderActionButton{\"propertyName\":\"text\",\"key\":\"edit\"}"}]}
RESULT: {"script":"<script> [1562 bytes]","args":[{"selector":{"controlType":"sap.uxap.ObjectPageHeaderActionButton","viewName":"etm.portal.ui.managerequests.view.Detail","i18NText":{"propertyName":"text","key":"edit"},"searchOpenDialogs":true,"interaction":{"idSuffix":"inner"}},"wdio_ui5_key":"etmportal.ui.managerequests.view.Detailsap.uxap.ObjectPageHeaderActionButton{\"propertyName\":\"text\",\"key\":\"edit\"}"}]}
RESULT: undefined
COMMAND: POST /session/c52f3edd894b3289261c0762f3735e7d/element - {"using":"xpath","value":"//*[@id=\"__button138\"]"}
RESULT: {"using":"xpath","value":"//*[@id=\"__button138\"]"}
COMMAND: POST /session/c52f3edd894b3289261c0762f3735e7d/element/f.00CEB3DD14B2376F96DB663D79287A8F.d.22D2C7FE6F615D69E976AE7F84238243.e.3364/click - {}
RESULT: {}
COMMAND: GET /session/c52f3edd894b3289261c0762f3735e7d/screenshot - {}
RESULT: {}
COMMAND: POST /session/c52f3edd894b3289261c0762f3735e7d/execute/async - {"script":"<script> [1562 bytes]","args":[{"selector":{"controlType":"sap.ui.core.Icon","viewName":"etm.portal.ui.managerequests.view.Edit","properties":{"src":{"regex":{"source":"decline"}}},"ancestor":{"controlType":"sap.m.Token","viewName":"etm.portal.ui.managerequests.view.Edit","bindingPath":{"propertyPath":"TAG","modelName":"catalogModel"},"properties":{"text":"RefTag"}}},"wdio_ui5_key":"etmportal.ui.managerequests.view.Editsap.ui.core.Icon{\"src\":{\"regex\":{\"source\":\"decline\"}}}{\"controlType\":\"sap.m.Token\",\"viewName\":\"etm.portal.ui.managerequests.view.Edit\",\"bindingPath\":{\"propertyPath\":\"TAG\",\"modelName\":\"catalogModel\"},\"properties\":{\"text\":\"RefTag\"}}"}]}
RESULT: {"script":"<script> [1562 bytes]","args":[{"selector":{"controlType":"sap.ui.core.Icon","viewName":"etm.portal.ui.managerequests.view.Edit","properties":{"src":{"regex":{"source":"decline"}}},"ancestor":{"controlType":"sap.m.Token","viewName":"etm.portal.ui.managerequests.view.Edit","bindingPath":{"propertyPath":"TAG","modelName":"catalogModel"},"properties":{"text":"RefTag"}}},"wdio_ui5_key":"etmportal.ui.managerequests.view.Editsap.ui.core.Icon{\"src\":{\"regex\":{\"source\":\"decline\"}}}{\"controlType\":\"sap.m.Token\",\"viewName\":\"etm.portal.ui.managerequests.view.Edit\",\"bindingPath\":{\"propertyPath\":\"TAG\",\"modelName\":\"catalogModel\"},\"properties\":{\"text\":\"RefTag\"}}"}]}
RESULT: undefined
COMMAND: POST /session/c52f3edd894b3289261c0762f3735e7d/element - {"using":"xpath","value":"//*[@id=\"__token13-__tokenizer64-0-icon\"]"}
RESULT: {"using":"xpath","value":"//*[@id=\"__token13-__tokenizer64-0-icon\"]"}
COMMAND: POST /session/c52f3edd894b3289261c0762f3735e7d/element/f.00CEB3DD14B2376F96DB663D79287A8F.d.22D2C7FE6F615D69E976AE7F84238243.e.3473/click - {}
RESULT: {}
COMMAND: POST /session/c52f3edd894b3289261c0762f3735e7d/execute/async - {"script":"<script> [1562 bytes]","args":[{"selector":{"id":"tagMultiInputRequests","viewName":"etm.portal.ui.managerequests.view.Edit","interaction":{"idSuffix":"inner"}},"wdio_ui5_key":"tagMultiInputRequestsetmportal.ui.managerequests.view.Edit"}]}
COMMAND: GET /session/c52f3edd894b3289261c0762f3735e7d/screenshot - {}
RESULT: {"script":"<script> [1562 bytes]","args":[{"selector":{"id":"tagMultiInputRequests","viewName":"etm.portal.ui.managerequests.view.Edit","interaction":{"idSuffix":"inner"}},"wdio_ui5_key":"tagMultiInputRequestsetmportal.ui.managerequests.view.Edit"}]}
RESULT: undefined
COMMAND: POST /session/c52f3edd894b3289261c0762f3735e7d/execute/async - {"script":"<script> [6424 bytes]","args":[{"element-6066-11e4-a52e-4f735466cecf":"f.00CEB3DD14B2376F96DB663D79287A8F.d.22D2C7FE6F615D69E976AE7F84238243.e.3398"},"getTokens",[]]}
RESULT: {}
RESULT: {"script":"<script> [6424 bytes]","args":[{"element-6066-11e4-a52e-4f735466cecf":"f.00CEB3DD14B2376F96DB663D79287A8F.d.22D2C7FE6F615D69E976AE7F84238243.e.3398"},"getTokens",[]]}
COMMAND: POST /session/c52f3edd894b3289261c0762f3735e7d/execute/async - {"script":"<script> [1562 bytes]","args":[{"wdio_ui5_key":"__token13-__tokenizer64-1","selector":{"id":"__token13-__tokenizer64-1"}}]}
RESULT: {"script":"<script> [1562 bytes]","args":[{"wdio_ui5_key":"__token13-__tokenizer64-1","selector":{"id":"__token13-__tokenizer64-1"}}]}
RESULT: undefined
RESULT: undefined
COMMAND: POST /session/c52f3edd894b3289261c0762f3735e7d/execute/async - {"script":"<script> [776 bytes]","args":[{"enterText":"RefTag","selector":{"id":"tagMultiInputRequests","viewName":"etm.portal.ui.managerequests.view.Edit","interaction":{"idSuffix":"inner"}},"clearTextFirst":true,"interactionType":"ENTER_TEXT"}]}
RESULT: {"script":"<script> [776 bytes]","args":[{"enterText":"RefTag","selector":{"id":"tagMultiInputRequests","viewName":"etm.portal.ui.managerequests.view.Edit","interaction":{"idSuffix":"inner"}},"clearTextFirst":true,"interactionType":"ENTER_TEXT"}]}
COMMAND: POST /session/c52f3edd894b3289261c0762f3735e7d/actions - {"actions":[{"id":"action28","type":"key","parameters":{},"actions":[{"type":"keyDown","value":""},{"type":"pause","duration":10},{"type":"keyUp","value":""}]}]}
RESULT: {"actions":[{"id":"action28","type":"key","parameters":{},"actions":[{"type":"keyDown","value":""},{"type":"pause","duration":10},{"type":"keyUp","value":""}]}]}
COMMAND: GET /session/c52f3edd894b3289261c0762f3735e7d/screenshot - {}
RESULT: {}
RESULT: undefined
COMMAND: POST /session/c52f3edd894b3289261c0762f3735e7d/execute/async - {"script":"<script> [6424 bytes]","args":[{"element-6066-11e4-a52e-4f735466cecf":"f.00CEB3DD14B2376F96DB663D79287A8F.d.22D2C7FE6F615D69E976AE7F84238243.e.3398"},"getTokens",[]]}
RESULT: {"script":"<script> [6424 bytes]","args":[{"element-6066-11e4-a52e-4f735466cecf":"f.00CEB3DD14B2376F96DB663D79287A8F.d.22D2C7FE6F615D69E976AE7F84238243.e.3398"},"getTokens",[]]}
COMMAND: POST /session/c52f3edd894b3289261c0762f3735e7d/execute/async - {"script":"<script> [1562 bytes]","args":[{"wdio_ui5_key":"__token16","selector":{"id":"__token16"}}]}
RESULT: undefined
RESULT: {"script":"<script> [1562 bytes]","args":[{"wdio_ui5_key":"__token16","selector":{"id":"__token16"}}]}
RESULT: undefined
COMMAND: POST /session/c52f3edd894b3289261c0762f3735e7d/execute/async - {"script":"<script> [1562 bytes]","args":[{"selector":{"controlType":"sap.m.Button","viewName":"etm.portal.ui.managerequests.view.Edit","properties":{"text":"Items (2)"},"interaction":{"idSuffix":"BDI-content"}},"wdio_ui5_key":"etmportal.ui.managerequests.view.Editsap.m.Button{\"text\":\"Items (2)\"}"}]}
RESULT: {"script":"<script> [1562 bytes]","args":[{"selector":{"controlType":"sap.m.Button","viewName":"etm.portal.ui.managerequests.view.Edit","properties":{"text":"Items (2)"},"interaction":{"idSuffix":"BDI-content"}},"wdio_ui5_key":"etmportal.ui.managerequests.view.Editsap.m.Button{\"text\":\"Items (2)\"}"}]}
RESULT: undefined
COMMAND: POST /session/c52f3edd894b3289261c0762f3735e7d/element - {"using":"xpath","value":"//*[@id=\"__xmlview61--editRequestPage-anchBar-__xmlview61--requestItemsSection-anchor\"]"}
RESULT: {"using":"xpath","value":"//*[@id=\"__xmlview61--editRequestPage-anchBar-__xmlview61--requestItemsSection-anchor\"]"}
COMMAND: POST /session/c52f3edd894b3289261c0762f3735e7d/element/f.00CEB3DD14B2376F96DB663D79287A8F.d.22D2C7FE6F615D69E976AE7F84238243.e.3478/click - {}
RESULT: {}
COMMAND: GET /session/c52f3edd894b3289261c0762f3735e7d/screenshot - {}
RESULT: {}
COMMAND: POST /session/c52f3edd894b3289261c0762f3735e7d/execute/async - {"script":"<script> [1562 bytes]","args":[{"selector":{"controlType":"sap.ui.core.Icon","viewName":"etm.portal.ui.managerequests.view.Edit","properties":{"src":{"regex":{"source":"inspect"}}}},"wdio_ui5_key":"etmportal.ui.managerequests.view.Editsap.ui.core.Icon{\"src\":{\"regex\":{\"source\":\"inspect\"}}}"}]}
RESULT: {"script":"<script> [1562 bytes]","args":[{"selector":{"controlType":"sap.ui.core.Icon","viewName":"etm.portal.ui.managerequests.view.Edit","properties":{"src":{"regex":{"source":"inspect"}}}},"wdio_ui5_key":"etmportal.ui.managerequests.view.Editsap.ui.core.Icon{\"src\":{\"regex\":{\"source\":\"inspect\"}}}"}]}
RESULT: undefined
COMMAND: POST /session/c52f3edd894b3289261c0762f3735e7d/element - {"using":"xpath","value":"//*[@id=\"__button165-img\"]"}
RESULT: {"using":"xpath","value":"//*[@id=\"__button165-img\"]"}
COMMAND: POST /session/c52f3edd894b3289261c0762f3735e7d/element/f.00CEB3DD14B2376F96DB663D79287A8F.d.22D2C7FE6F615D69E976AE7F84238243.e.3484/click - {}
RESULT: {}
COMMAND: GET /session/c52f3edd894b3289261c0762f3735e7d/screenshot - {}
RESULT: {}
COMMAND: POST /session/c52f3edd894b3289261c0762f3735e7d/execute/async - {"script":"<script> [1562 bytes]","args":[{"selector":{"controlType":"sap.m.Tokenizer","viewName":"etm.portal.ui.managerequests.view.Edit","bindingPath":{"path":"/RequestItems/0","propertyPath":"LINK_TO_TAGS","modelName":"RequestItemsModel"}},"wdio_ui5_key":"etmportal.ui.managerequests.view.Editsap.m.Tokenizer{\"path\":\"/RequestItems/0\",\"propertyPath\":\"LINK_TO_TAGS\",\"modelName\":\"RequestItemsModel\"}"}]}
RESULT: {"script":"<script> [1562 bytes]","args":[{"selector":{"controlType":"sap.m.Tokenizer","viewName":"etm.portal.ui.managerequests.view.Edit","bindingPath":{"path":"/RequestItems/0","propertyPath":"LINK_TO_TAGS","modelName":"RequestItemsModel"}},"wdio_ui5_key":"etmportal.ui.managerequests.view.Editsap.m.Tokenizer{\"path\":\"/RequestItems/0\",\"propertyPath\":\"LINK_TO_TAGS\",\"modelName\":\"RequestItemsModel\"}"}]}
RESULT: undefined
COMMAND: POST /session/c52f3edd894b3289261c0762f3735e7d/element - {"using":"xpath","value":"//*[@id=\"__tokenizer66\"]"}
RESULT: {"using":"xpath","value":"//*[@id=\"__tokenizer66\"]"}
COMMAND: POST /session/c52f3edd894b3289261c0762f3735e7d/element/f.00CEB3DD14B2376F96DB663D79287A8F.d.22D2C7FE6F615D69E976AE7F84238243.e.3486/click - {}
RESULT: {}
COMMAND: GET /session/c52f3edd894b3289261c0762f3735e7d/screenshot - {}
RESULT: {}
COMMAND: POST /session/c52f3edd894b3289261c0762f3735e7d/execute/async - {"script":"<script> [1562 bytes]","args":[{"selector":{"controlType":"sap.ui.core.Icon","viewName":"etm.portal.ui.managerequests.view.Edit","properties":{"src":{"regex":{"source":"decline"}}},"searchOpenDialogs":true,"ancestor":{"controlType":"sap.m.StandardListItem","viewName":"etm.portal.ui.managerequests.view.Edit","properties":{"title":"tag-duplicate"},"searchOpenDialogs":true}},"wdio_ui5_key":"etmportal.ui.managerequests.view.Editsap.ui.core.Icon{\"src\":{\"regex\":{\"source\":\"decline\"}}}{\"controlType\":\"sap.m.StandardListItem\",\"viewName\":\"etm.portal.ui.managerequests.view.Edit\",\"properties\":{\"title\":\"tag-duplicate\"},\"searchOpenDialogs\":true}"}]}
RESULT: {"script":"<script> [1562 bytes]","args":[{"selector":{"controlType":"sap.ui.core.Icon","viewName":"etm.portal.ui.managerequests.view.Edit","properties":{"src":{"regex":{"source":"decline"}}},"searchOpenDialogs":true,"ancestor":{"controlType":"sap.m.StandardListItem","viewName":"etm.portal.ui.managerequests.view.Edit","properties":{"title":"tag-duplicate"},"searchOpenDialogs":true}},"wdio_ui5_key":"etmportal.ui.managerequests.view.Editsap.ui.core.Icon{\"src\":{\"regex\":{\"source\":\"decline\"}}}{\"controlType\":\"sap.m.StandardListItem\",\"viewName\":\"etm.portal.ui.managerequests.view.Edit\",\"properties\":{\"title\":\"tag-duplicate\"},\"searchOpenDialogs\":true}"}]}
RESULT: undefined
COMMAND: POST /session/c52f3edd894b3289261c0762f3735e7d/element - {"using":"xpath","value":"//*[@id=\"__item1535-imgDel-img\"]"}
RESULT: {"using":"xpath","value":"//*[@id=\"__item1535-imgDel-img\"]"}
COMMAND: POST /session/c52f3edd894b3289261c0762f3735e7d/element/f.00CEB3DD14B2376F96DB663D79287A8F.d.22D2C7FE6F615D69E976AE7F84238243.e.3489/click - {}
RESULT: {}
COMMAND: GET /session/c52f3edd894b3289261c0762f3735e7d/screenshot - {}
RESULT: {}
COMMAND: POST /session/c52f3edd894b3289261c0762f3735e7d/actions - {"actions":[{"id":"action29","type":"key","parameters":{},"actions":[{"type":"keyDown","value":""},{"type":"pause","duration":10},{"type":"keyUp","value":""}]}]}
RESULT: {"actions":[{"id":"action29","type":"key","parameters":{},"actions":[{"type":"keyDown","value":""},{"type":"pause","duration":10},{"type":"keyUp","value":""}]}]}
COMMAND: POST /session/c52f3edd894b3289261c0762f3735e7d/execute/async - {"script":"<script> [1562 bytes]","args":[{"selector":{"controlType":"sap.m.Tokenizer","viewName":"etm.portal.ui.managerequests.view.Edit","bindingPath":{"path":"/RequestItems/1","propertyPath":"LINK_TO_TAGS","modelName":"RequestItemsModel"}},"wdio_ui5_key":"etmportal.ui.managerequests.view.Editsap.m.Tokenizer{\"path\":\"/RequestItems/1\",\"propertyPath\":\"LINK_TO_TAGS\",\"modelName\":\"RequestItemsModel\"}"}]}
COMMAND: GET /session/c52f3edd894b3289261c0762f3735e7d/screenshot - {}
RESULT: {"script":"<script> [1562 bytes]","args":[{"selector":{"controlType":"sap.m.Tokenizer","viewName":"etm.portal.ui.managerequests.view.Edit","bindingPath":{"path":"/RequestItems/1","propertyPath":"LINK_TO_TAGS","modelName":"RequestItemsModel"}},"wdio_ui5_key":"etmportal.ui.managerequests.view.Editsap.m.Tokenizer{\"path\":\"/RequestItems/1\",\"propertyPath\":\"LINK_TO_TAGS\",\"modelName\":\"RequestItemsModel\"}"}]}
RESULT: undefined
COMMAND: POST /session/c52f3edd894b3289261c0762f3735e7d/element - {"using":"xpath","value":"//*[@id=\"__tokenizer67\"]"}
RESULT: {}
RESULT: {"using":"xpath","value":"//*[@id=\"__tokenizer67\"]"}
COMMAND: POST /session/c52f3edd894b3289261c0762f3735e7d/element/f.00CEB3DD14B2376F96DB663D79287A8F.d.22D2C7FE6F615D69E976AE7F84238243.e.3492/click - {}
RESULT: {}
COMMAND: GET /session/c52f3edd894b3289261c0762f3735e7d/screenshot - {}
RESULT: {}
COMMAND: POST /session/c52f3edd894b3289261c0762f3735e7d/execute/async - {"script":"<script> [1562 bytes]","args":[{"selector":{"controlType":"sap.ui.core.Icon","viewName":"etm.portal.ui.managerequests.view.Edit","properties":{"src":{"regex":{"source":"decline"}}},"searchOpenDialogs":true,"ancestor":{"controlType":"sap.m.StandardListItem","viewName":"etm.portal.ui.managerequests.view.Edit","properties":{"title":"tagRequest1"},"searchOpenDialogs":true}},"wdio_ui5_key":"etmportal.ui.managerequests.view.Editsap.ui.core.Icon{\"src\":{\"regex\":{\"source\":\"decline\"}}}{\"controlType\":\"sap.m.StandardListItem\",\"viewName\":\"etm.portal.ui.managerequests.view.Edit\",\"properties\":{\"title\":\"tagRequest1\"},\"searchOpenDialogs\":true}"}]}
RESULT: {"script":"<script> [1562 bytes]","args":[{"selector":{"controlType":"sap.ui.core.Icon","viewName":"etm.portal.ui.managerequests.view.Edit","properties":{"src":{"regex":{"source":"decline"}}},"searchOpenDialogs":true,"ancestor":{"controlType":"sap.m.StandardListItem","viewName":"etm.portal.ui.managerequests.view.Edit","properties":{"title":"tagRequest1"},"searchOpenDialogs":true}},"wdio_ui5_key":"etmportal.ui.managerequests.view.Editsap.ui.core.Icon{\"src\":{\"regex\":{\"source\":\"decline\"}}}{\"controlType\":\"sap.m.StandardListItem\",\"viewName\":\"etm.portal.ui.managerequests.view.Edit\",\"properties\":{\"title\":\"tagRequest1\"},\"searchOpenDialogs\":true}"}]}
RESULT: undefined
COMMAND: POST /session/c52f3edd894b3289261c0762f3735e7d/element - {"using":"xpath","value":"//*[@id=\"__item1543-imgDel-img\"]"}
RESULT: {"using":"xpath","value":"//*[@id=\"__item1543-imgDel-img\"]"}
COMMAND: POST /session/c52f3edd894b3289261c0762f3735e7d/element/f.00CEB3DD14B2376F96DB663D79287A8F.d.22D2C7FE6F615D69E976AE7F84238243.e.3495/click - {}
RESULT: {}
COMMAND: GET /session/c52f3edd894b3289261c0762f3735e7d/screenshot - {}
RESULT: {}
COMMAND: POST /session/c52f3edd894b3289261c0762f3735e7d/execute/async - {"script":"<script> [1562 bytes]","args":[{"selector":{"controlType":"sap.ui.core.Icon","viewName":"etm.portal.ui.managerequests.view.Edit","properties":{"src":{"regex":{"source":"decline"}}},"searchOpenDialogs":true,"ancestor":{"controlType":"sap.m.StandardListItem","viewName":"etm.portal.ui.managerequests.view.Edit","properties":{"title":"RefTag"},"searchOpenDialogs":true}},"wdio_ui5_key":"etmportal.ui.managerequests.view.Editsap.ui.core.Icon{\"src\":{\"regex\":{\"source\":\"decline\"}}}{\"controlType\":\"sap.m.StandardListItem\",\"viewName\":\"etm.portal.ui.managerequests.view.Edit\",\"properties\":{\"title\":\"RefTag\"},\"searchOpenDialogs\":true}"}]}
RESULT: {"script":"<script> [1562 bytes]","args":[{"selector":{"controlType":"sap.ui.core.Icon","viewName":"etm.portal.ui.managerequests.view.Edit","properties":{"src":{"regex":{"source":"decline"}}},"searchOpenDialogs":true,"ancestor":{"controlType":"sap.m.StandardListItem","viewName":"etm.portal.ui.managerequests.view.Edit","properties":{"title":"RefTag"},"searchOpenDialogs":true}},"wdio_ui5_key":"etmportal.ui.managerequests.view.Editsap.ui.core.Icon{\"src\":{\"regex\":{\"source\":\"decline\"}}}{\"controlType\":\"sap.m.StandardListItem\",\"viewName\":\"etm.portal.ui.managerequests.view.Edit\",\"properties\":{\"title\":\"RefTag\"},\"searchOpenDialogs\":true}"}]}
RESULT: undefined
COMMAND: POST /session/c52f3edd894b3289261c0762f3735e7d/element - {"using":"xpath","value":"//*[@id=\"__item1547-imgDel-img\"]"}
RESULT: {"using":"xpath","value":"//*[@id=\"__item1547-imgDel-img\"]"}
COMMAND: POST /session/c52f3edd894b3289261c0762f3735e7d/element/f.00CEB3DD14B2376F96DB663D79287A8F.d.22D2C7FE6F615D69E976AE7F84238243.e.3498/click - {}
RESULT: {}
COMMAND: GET /session/c52f3edd894b3289261c0762f3735e7d/screenshot - {}
RESULT: {}
COMMAND: POST /session/c52f3edd894b3289261c0762f3735e7d/execute/async - {"script":"<script> [1562 bytes]","args":[{"selector":{"controlType":"sap.ui.core.Icon","viewName":"etm.portal.ui.managerequests.view.Edit","properties":{"src":{"regex":{"source":"decline"}}},"searchOpenDialogs":true,"ancestor":{"controlType":"sap.m.StandardListItem","viewName":"etm.portal.ui.managerequests.view.Edit","properties":{"title":"tag-header"},"searchOpenDialogs":true}},"wdio_ui5_key":"etmportal.ui.managerequests.view.Editsap.ui.core.Icon{\"src\":{\"regex\":{\"source\":\"decline\"}}}{\"controlType\":\"sap.m.StandardListItem\",\"viewName\":\"etm.portal.ui.managerequests.view.Edit\",\"properties\":{\"title\":\"tag-header\"},\"searchOpenDialogs\":true}"}]}
RESULT: {"script":"<script> [1562 bytes]","args":[{"selector":{"controlType":"sap.ui.core.Icon","viewName":"etm.portal.ui.managerequests.view.Edit","properties":{"src":{"regex":{"source":"decline"}}},"searchOpenDialogs":true,"ancestor":{"controlType":"sap.m.StandardListItem","viewName":"etm.portal.ui.managerequests.view.Edit","properties":{"title":"tag-header"},"searchOpenDialogs":true}},"wdio_ui5_key":"etmportal.ui.managerequests.view.Editsap.ui.core.Icon{\"src\":{\"regex\":{\"source\":\"decline\"}}}{\"controlType\":\"sap.m.StandardListItem\",\"viewName\":\"etm.portal.ui.managerequests.view.Edit\",\"properties\":{\"title\":\"tag-header\"},\"searchOpenDialogs\":true}"}]}
RESULT: undefined
COMMAND: POST /session/c52f3edd894b3289261c0762f3735e7d/element - {"using":"xpath","value":"//*[@id=\"__item1550-imgDel-img\"]"}
RESULT: {"using":"xpath","value":"//*[@id=\"__item1550-imgDel-img\"]"}
COMMAND: POST /session/c52f3edd894b3289261c0762f3735e7d/element/f.00CEB3DD14B2376F96DB663D79287A8F.d.22D2C7FE6F615D69E976AE7F84238243.e.3501/click - {}
RESULT: {}
COMMAND: GET /session/c52f3edd894b3289261c0762f3735e7d/screenshot - {}
RESULT: {}
COMMAND: POST /session/c52f3edd894b3289261c0762f3735e7d/actions - {"actions":[{"id":"action30","type":"key","parameters":{},"actions":[{"type":"keyDown","value":""},{"type":"pause","duration":10},{"type":"keyUp","value":""}]}]}
RESULT: {"actions":[{"id":"action30","type":"key","parameters":{},"actions":[{"type":"keyDown","value":""},{"type":"pause","duration":10},{"type":"keyUp","value":""}]}]}
COMMAND: POST /session/c52f3edd894b3289261c0762f3735e7d/actions - {"actions":[{"id":"action31","type":"key","parameters":{},"actions":[{"type":"keyDown","value":""},{"type":"pause","duration":10},{"type":"keyUp","value":""}]}]}
COMMAND: GET /session/c52f3edd894b3289261c0762f3735e7d/screenshot - {}
RESULT: {"actions":[{"id":"action31","type":"key","parameters":{},"actions":[{"type":"keyDown","value":""},{"type":"pause","duration":10},{"type":"keyUp","value":""}]}]}
COMMAND: GET /session/c52f3edd894b3289261c0762f3735e7d/screenshot - {}
RESULT: {}
RESULT: {}
COMMAND: POST /session/c52f3edd894b3289261c0762f3735e7d/execute/async - {"script":"<script> [1562 bytes]","args":[{"selector":{"controlType":"sap.m.Button","viewName":"etm.portal.ui.managerequests.view.Edit","i18NText":{"propertyName":"tooltip","key":"save"},"interaction":{"idSuffix":"BDI-content"}},"wdio_ui5_key":"etmportal.ui.managerequests.view.Editsap.m.Button{\"propertyName\":\"tooltip\",\"key\":\"save\"}"}]}
RESULT: {"script":"<script> [1562 bytes]","args":[{"selector":{"controlType":"sap.m.Button","viewName":"etm.portal.ui.managerequests.view.Edit","i18NText":{"propertyName":"tooltip","key":"save"},"interaction":{"idSuffix":"BDI-content"}},"wdio_ui5_key":"etmportal.ui.managerequests.view.Editsap.m.Button{\"propertyName\":\"tooltip\",\"key\":\"save\"}"}]}
RESULT: undefined
COMMAND: POST /session/c52f3edd894b3289261c0762f3735e7d/element - {"using":"xpath","value":"//*[@id=\"__xmlview61--saveButtonId\"]"}
RESULT: {"using":"xpath","value":"//*[@id=\"__xmlview61--saveButtonId\"]"}
COMMAND: POST /session/c52f3edd894b3289261c0762f3735e7d/element/f.00CEB3DD14B2376F96DB663D79287A8F.d.22D2C7FE6F615D69E976AE7F84238243.e.3406/click - {}
RESULT: {}
COMMAND: GET /session/c52f3edd894b3289261c0762f3735e7d/screenshot - {}
RESULT: {}
COMMAND: POST /session/c52f3edd894b3289261c0762f3735e7d/execute/async - {"script":"<script> [1562 bytes]","args":[{"selector":{"id":"tagsLayoutViewMode","viewName":"etm.portal.ui.managerequests.view.Detail"},"wdio_ui5_key":"tagsLayoutViewModeetmportal.ui.managerequests.view.Detail"}]}
RESULT: {"script":"<script> [1562 bytes]","args":[{"selector":{"id":"tagsLayoutViewMode","viewName":"etm.portal.ui.managerequests.view.Detail"},"wdio_ui5_key":"tagsLayoutViewModeetmportal.ui.managerequests.view.Detail"}]}
RESULT: undefined
COMMAND: POST /session/c52f3edd894b3289261c0762f3735e7d/execute/async - {"script":"<script> [6424 bytes]","args":[{"element-6066-11e4-a52e-4f735466cecf":"f.00CEB3DD14B2376F96DB663D79287A8F.d.22D2C7FE6F615D69E976AE7F84238243.e.3628"},"getTokens",[]]}
RESULT: {"script":"<script> [6424 bytes]","args":[{"element-6066-11e4-a52e-4f735466cecf":"f.00CEB3DD14B2376F96DB663D79287A8F.d.22D2C7FE6F615D69E976AE7F84238243.e.3628"},"getTokens",[]]}
COMMAND: POST /session/c52f3edd894b3289261c0762f3735e7d/execute/async - {"script":"<script> [1562 bytes]","args":[{"wdio_ui5_key":"__token11-__xmlview60--tagsLayoutViewMode-1","selector":{"id":"__token11-__xmlview60--tagsLayoutViewMode-1"}}]}
COMMAND: POST /session/c52f3edd894b3289261c0762f3735e7d/execute/async - {"script":"<script> [1562 bytes]","args":[{"wdio_ui5_key":"__token11-__xmlview60--tagsLayoutViewMode-0","selector":{"id":"__token11-__xmlview60--tagsLayoutViewMode-0"}}]}
RESULT: {"script":"<script> [1562 bytes]","args":[{"wdio_ui5_key":"__token11-__xmlview60--tagsLayoutViewMode-1","selector":{"id":"__token11-__xmlview60--tagsLayoutViewMode-1"}}]}
RESULT: undefined
RESULT: {"script":"<script> [1562 bytes]","args":[{"wdio_ui5_key":"__token11-__xmlview60--tagsLayoutViewMode-0","selector":{"id":"__token11-__xmlview60--tagsLayoutViewMode-0"}}]}
RESULT: undefined
COMMAND: POST /session/c52f3edd894b3289261c0762f3735e7d/execute/async - {"script":"<script> [1562 bytes]","args":[{"selector":{"controlType":"sap.m.OverflowToolbarButton","viewName":"etm.portal.ui.managerequests.view.Detail","properties":{"text":"Settings"},"interaction":{"idSuffix":"inner"}},"wdio_ui5_key":"etmportal.ui.managerequests.view.Detailsap.m.OverflowToolbarButton{\"text\":\"Settings\"}"}]}
RESULT: {"script":"<script> [1562 bytes]","args":[{"selector":{"controlType":"sap.m.OverflowToolbarButton","viewName":"etm.portal.ui.managerequests.view.Detail","properties":{"text":"Settings"},"interaction":{"idSuffix":"inner"}},"wdio_ui5_key":"etmportal.ui.managerequests.view.Detailsap.m.OverflowToolbarButton{\"text\":\"Settings\"}"}]}
RESULT: undefined
COMMAND: POST /session/c52f3edd894b3289261c0762f3735e7d/element - {"using":"xpath","value":"//*[@id=\"__xmlview60--smartTableRequestItems-btnPersonalisation\"]"}
RESULT: {"using":"xpath","value":"//*[@id=\"__xmlview60--smartTableRequestItems-btnPersonalisation\"]"}
COMMAND: POST /session/c52f3edd894b3289261c0762f3735e7d/element/f.00CEB3DD14B2376F96DB663D79287A8F.d.22D2C7FE6F615D69E976AE7F84238243.e.3632/click - {}
RESULT: {}
COMMAND: POST /session/c52f3edd894b3289261c0762f3735e7d/execute/async - {"script":"<script> [1562 bytes]","args":[{"selector":{"controlType":"sap.m.SearchField","viewName":"etm.portal.ui.managerequests.view.Detail","searchOpenDialogs":true,"interaction":{"idSuffix":"I"}},"wdio_ui5_key":"etmportal.ui.managerequests.view.Detailsap.m.SearchField"}]}
COMMAND: GET /session/c52f3edd894b3289261c0762f3735e7d/screenshot - {}
RESULT: {"script":"<script> [1562 bytes]","args":[{"selector":{"controlType":"sap.m.SearchField","viewName":"etm.portal.ui.managerequests.view.Detail","searchOpenDialogs":true,"interaction":{"idSuffix":"I"}},"wdio_ui5_key":"etmportal.ui.managerequests.view.Detailsap.m.SearchField"}]}
RESULT: undefined
COMMAND: POST /session/c52f3edd894b3289261c0762f3735e7d/execute/async - {"script":"<script> [776 bytes]","args":[{"enterText":"tag","selector":{"controlType":"sap.m.SearchField","viewName":"etm.portal.ui.managerequests.view.Detail","searchOpenDialogs":true,"interaction":{"idSuffix":"I"}},"clearTextFirst":true,"interactionType":"ENTER_TEXT"}]}
RESULT: {}
RESULT: {"script":"<script> [776 bytes]","args":[{"enterText":"tag","selector":{"controlType":"sap.m.SearchField","viewName":"etm.portal.ui.managerequests.view.Detail","searchOpenDialogs":true,"interaction":{"idSuffix":"I"}},"clearTextFirst":true,"interactionType":"ENTER_TEXT"}]}
COMMAND: POST /session/c52f3edd894b3289261c0762f3735e7d/element - {"using":"xpath","value":"//div[contains(@id ,\"innerSelectionPanelTable-0-selectMulti-CbBg\")]"}
RESULT: {"using":"xpath","value":"//div[contains(@id ,\"innerSelectionPanelTable-0-selectMulti-CbBg\")]"}
COMMAND: POST /session/c52f3edd894b3289261c0762f3735e7d/element/f.00CEB3DD14B2376F96DB663D79287A8F.d.22D2C7FE6F615D69E976AE7F84238243.e.3669/click - {}
RESULT: {}
COMMAND: POST /session/c52f3edd894b3289261c0762f3735e7d/execute/async - {"script":"<script> [1562 bytes]","args":[{"selector":{"controlType":"sap.m.Button","viewName":"etm.portal.ui.managerequests.view.Detail","properties":{"text":"OK"},"searchOpenDialogs":true,"interaction":{"idSuffix":"BDI-content"}},"wdio_ui5_key":"etmportal.ui.managerequests.view.Detailsap.m.Button{\"text\":\"OK\"}"}]}
COMMAND: GET /session/c52f3edd894b3289261c0762f3735e7d/screenshot - {}
RESULT: {"script":"<script> [1562 bytes]","args":[{"selector":{"controlType":"sap.m.Button","viewName":"etm.portal.ui.managerequests.view.Detail","properties":{"text":"OK"},"searchOpenDialogs":true,"interaction":{"idSuffix":"BDI-content"}},"wdio_ui5_key":"etmportal.ui.managerequests.view.Detailsap.m.Button{\"text\":\"OK\"}"}]}
RESULT: undefined
COMMAND: POST /session/c52f3edd894b3289261c0762f3735e7d/element - {"using":"xpath","value":"//*[@id=\"__popup378-confirmBtn\"]"}
RESULT: {}
RESULT: {"using":"xpath","value":"//*[@id=\"__popup378-confirmBtn\"]"}
COMMAND: POST /session/c52f3edd894b3289261c0762f3735e7d/element/f.00CEB3DD14B2376F96DB663D79287A8F.d.22D2C7FE6F615D69E976AE7F84238243.e.3674/click - {}
RESULT: {}
COMMAND: GET /session/c52f3edd894b3289261c0762f3735e7d/screenshot - {}
RESULT: {}
COMMAND: POST /session/c52f3edd894b3289261c0762f3735e7d/execute/async - {"script":"<script> [1562 bytes]","args":[{"selector":{"controlType":"sap.m.Text","viewName":"etm.portal.ui.managerequests.view.Detail","bindingPath":{"propertyPath":"NO","modelName":"catalogModel"}},"wdio_ui5_key":"etmportal.ui.managerequests.view.Detailsap.m.Text{\"propertyPath\":\"NO\",\"modelName\":\"catalogModel\"}"}]}
RESULT: {"script":"<script> [1562 bytes]","args":[{"selector":{"controlType":"sap.m.Text","viewName":"etm.portal.ui.managerequests.view.Detail","bindingPath":{"propertyPath":"NO","modelName":"catalogModel"}},"wdio_ui5_key":"etmportal.ui.managerequests.view.Detailsap.m.Text{\"propertyPath\":\"NO\",\"modelName\":\"catalogModel\"}"}]}
RESULT: undefined
COMMAND: POST /session/c52f3edd894b3289261c0762f3735e7d/execute/async - {"script":"<script> [6424 bytes]","args":[{"element-6066-11e4-a52e-4f735466cecf":"f.00CEB3DD14B2376F96DB663D79287A8F.d.22D2C7FE6F615D69E976AE7F84238243.e.3686"},"getText",[]]}
RESULT: {"script":"<script> [6424 bytes]","args":[{"element-6066-11e4-a52e-4f735466cecf":"f.00CEB3DD14B2376F96DB663D79287A8F.d.22D2C7FE6F615D69E976AE7F84238243.e.3686"},"getText",[]]}
COMMAND: POST /session/c52f3edd894b3289261c0762f3735e7d/execute/async - {"script":"<script> [1562 bytes]","args":[{"selector":{"controlType":"sap.m.Tokenizer","viewName":"etm.portal.ui.managerequests.view.Detail","bindingPath":{"path":"/SmartRequestItemsPlanningBoard(ITEM=10m,REQUEST='20101')","propertyPath":"LINK_TO_TAGS"}},"wdio_ui5_key":"etmportal.ui.managerequests.view.Detailsap.m.Tokenizer{\"path\":\"/SmartRequestItemsPlanningBoard(ITEM=10m,REQUEST='20101')\",\"propertyPath\":\"LINK_TO_TAGS\"}"}]}
RESULT: {"script":"<script> [1562 bytes]","args":[{"selector":{"controlType":"sap.m.Tokenizer","viewName":"etm.portal.ui.managerequests.view.Detail","bindingPath":{"path":"/SmartRequestItemsPlanningBoard(ITEM=10m,REQUEST='20101')","propertyPath":"LINK_TO_TAGS"}},"wdio_ui5_key":"etmportal.ui.managerequests.view.Detailsap.m.Tokenizer{\"path\":\"/SmartRequestItemsPlanningBoard(ITEM=10m,REQUEST='20101')\",\"propertyPath\":\"LINK_TO_TAGS\"}"}]}
RESULT: undefined
COMMAND: POST /session/c52f3edd894b3289261c0762f3735e7d/execute/async - {"script":"<script> [6424 bytes]","args":[{"element-6066-11e4-a52e-4f735466cecf":"f.00CEB3DD14B2376F96DB663D79287A8F.d.22D2C7FE6F615D69E976AE7F84238243.e.3687"},"getTokens",[]]}
RESULT: {"script":"<script> [6424 bytes]","args":[{"element-6066-11e4-a52e-4f735466cecf":"f.00CEB3DD14B2376F96DB663D79287A8F.d.22D2C7FE6F615D69E976AE7F84238243.e.3687"},"getTokens",[]]}
COMMAND: POST /session/c52f3edd894b3289261c0762f3735e7d/execute/async - {"script":"<script> [1562 bytes]","args":[{"wdio_ui5_key":"__token12-__tokenizer63-__clone4442-1","selector":{"id":"__token12-__tokenizer63-__clone4442-1"}}]}
COMMAND: POST /session/c52f3edd894b3289261c0762f3735e7d/execute/async - {"script":"<script> [1562 bytes]","args":[{"wdio_ui5_key":"__token12-__tokenizer63-__clone4442-2","selector":{"id":"__token12-__tokenizer63-__clone4442-2"}}]}
COMMAND: POST /session/c52f3edd894b3289261c0762f3735e7d/execute/async - {"script":"<script> [1562 bytes]","args":[{"wdio_ui5_key":"__token12-__tokenizer63-__clone4442-0","selector":{"id":"__token12-__tokenizer63-__clone4442-0"}}]}
RESULT: {"script":"<script> [1562 bytes]","args":[{"wdio_ui5_key":"__token12-__tokenizer63-__clone4442-0","selector":{"id":"__token12-__tokenizer63-__clone4442-0"}}]}
RESULT: undefined
RESULT: {"script":"<script> [1562 bytes]","args":[{"wdio_ui5_key":"__token12-__tokenizer63-__clone4442-2","selector":{"id":"__token12-__tokenizer63-__clone4442-2"}}]}
RESULT: undefined
RESULT: {"script":"<script> [1562 bytes]","args":[{"wdio_ui5_key":"__token12-__tokenizer63-__clone4442-1","selector":{"id":"__token12-__tokenizer63-__clone4442-1"}}]}
RESULT: undefined
COMMAND: POST /session/c52f3edd894b3289261c0762f3735e7d/element - {"using":"xpath","value":"(//span[contains(text(), \"tag-header\")])[2]"}
RESULT: {"using":"xpath","value":"(//span[contains(text(), \"tag-header\")])[2]"}
COMMAND: POST /session/c52f3edd894b3289261c0762f3735e7d/elements - {"using":"xpath","value":"(//span[contains(text(), \"tag-header\")])[2]"}
RESULT: {"using":"xpath","value":"(//span[contains(text(), \"tag-header\")])[2]"}
COMMAND: POST /session/c52f3edd894b3289261c0762f3735e7d/execute/async - {"script":"<script> [1562 bytes]","args":[{"selector":{"controlType":"sap.m.Tokenizer","viewName":"etm.portal.ui.managerequests.view.Detail","bindingPath":{"path":"/SmartRequestItemsPlanningBoard(ITEM=20m,REQUEST='20101')","propertyPath":"LINK_TO_TAGS"}},"wdio_ui5_key":"etmportal.ui.managerequests.view.Detailsap.m.Tokenizer{\"path\":\"/SmartRequestItemsPlanningBoard(ITEM=20m,REQUEST='20101')\",\"propertyPath\":\"LINK_TO_TAGS\"}"}]}
RESULT: {"script":"<script> [1562 bytes]","args":[{"selector":{"controlType":"sap.m.Tokenizer","viewName":"etm.portal.ui.managerequests.view.Detail","bindingPath":{"path":"/SmartRequestItemsPlanningBoard(ITEM=20m,REQUEST='20101')","propertyPath":"LINK_TO_TAGS"}},"wdio_ui5_key":"etmportal.ui.managerequests.view.Detailsap.m.Tokenizer{\"path\":\"/SmartRequestItemsPlanningBoard(ITEM=20m,REQUEST='20101')\",\"propertyPath\":\"LINK_TO_TAGS\"}"}]}
RESULT: undefined
COMMAND: POST /session/c52f3edd894b3289261c0762f3735e7d/execute/async - {"script":"<script> [6424 bytes]","args":[{"element-6066-11e4-a52e-4f735466cecf":"f.00CEB3DD14B2376F96DB663D79287A8F.d.22D2C7FE6F615D69E976AE7F84238243.e.3692"},"getTokens",[]]}
RESULT: {"script":"<script> [6424 bytes]","args":[{"element-6066-11e4-a52e-4f735466cecf":"f.00CEB3DD14B2376F96DB663D79287A8F.d.22D2C7FE6F615D69E976AE7F84238243.e.3692"},"getTokens",[]]}
COMMAND: POST /session/c52f3edd894b3289261c0762f3735e7d/element - {"using":"css selector","value":"#shell-header-logo"}
RESULT: {"using":"css selector","value":"#shell-header-logo"}
COMMAND: POST /session/c52f3edd894b3289261c0762f3735e7d/element/f.00CEB3DD14B2376F96DB663D79287A8F.d.22D2C7FE6F615D69E976AE7F84238243.e.2721/click - {}
RESULT: {}
COMMAND: GET /session/c52f3edd894b3289261c0762f3735e7d/screenshot - {}
RESULT: {}
]]></system-out>
    </testcase>
  </testsuite>
  <testsuite timestamp="2025-05-25T15:49:26" time="582.819" tests="4" failures="0" errors="0" skipped="0">
    <properties>
      <property name="specId" value="0"/>
      <property name="suiteName" value="Manage request + Contract processing pick up option US120163 "/>
      <property name="capabilities" value="chrome.136_0_7103_93.windows"/>
      <property name="file" value="file:///D:/a/1/s/test/specs/R2C/create-request-Pickup.spec.js"/>
    </properties>
    <testcase classname="chrome.136_0_7103_93.windows.Manage_request_+_Contract_processing_pick_up_option_US120163_" name="Should create a new contract" time="63.979">
      <system-out><![CDATA[
COMMAND: POST /session/c52f3edd894b3289261c0762f3735e7d/execute/async - {"script":"<script> [1562 bytes]","args":[{"selector":{"controlType":"sap.m.Text","viewName":"etm.portal.ui.managecontractstile.view.Master","properties":{"text":"Manage Contracts"},"interaction":{"idSuffix":"inner"}},"wdio_ui5_key":"etmportal.ui.managecontractstile.view.Mastersap.m.Text{\"text\":\"Manage Contracts\"}"}]}
RESULT: {"script":"<script> [1562 bytes]","args":[{"selector":{"controlType":"sap.m.Text","viewName":"etm.portal.ui.managecontractstile.view.Master","properties":{"text":"Manage Contracts"},"interaction":{"idSuffix":"inner"}},"wdio_ui5_key":"etmportal.ui.managecontractstile.view.Mastersap.m.Text{\"text\":\"Manage Contracts\"}"}]}
RESULT: undefined
COMMAND: POST /session/c52f3edd894b3289261c0762f3735e7d/element - {"using":"xpath","value":"//*[@id=\"__tile130-title\"]"}
RESULT: {"using":"xpath","value":"//*[@id=\"__tile130-title\"]"}
COMMAND: POST /session/c52f3edd894b3289261c0762f3735e7d/element/f.00CEB3DD14B2376F96DB663D79287A8F.d.22D2C7FE6F615D69E976AE7F84238243.e.3696/click - {}
RESULT: {}
COMMAND: GET /session/c52f3edd894b3289261c0762f3735e7d/screenshot - {}
RESULT: {}
COMMAND: POST /session/c52f3edd894b3289261c0762f3735e7d/execute/async - {"script":"<script> [1562 bytes]","args":[{"selector":{"controlType":"sap.ui.core.Icon","viewName":"etm.portal.ui.managecontracts.view.Master","properties":{"src":{"regex":{"source":"add"}}}},"wdio_ui5_key":"etmportal.ui.managecontracts.view.Mastersap.ui.core.Icon{\"src\":{\"regex\":{\"source\":\"add\"}}}"}]}
RESULT: {"script":"<script> [1562 bytes]","args":[{"selector":{"controlType":"sap.ui.core.Icon","viewName":"etm.portal.ui.managecontracts.view.Master","properties":{"src":{"regex":{"source":"add"}}}},"wdio_ui5_key":"etmportal.ui.managecontracts.view.Mastersap.ui.core.Icon{\"src\":{\"regex\":{\"source\":\"add\"}}}"}]}
RESULT: undefined
COMMAND: POST /session/c52f3edd894b3289261c0762f3735e7d/element - {"using":"xpath","value":"//*[@id=\"__button187-img\"]"}
RESULT: {"using":"xpath","value":"//*[@id=\"__button187-img\"]"}
COMMAND: POST /session/c52f3edd894b3289261c0762f3735e7d/element/f.00CEB3DD14B2376F96DB663D79287A8F.d.22D2C7FE6F615D69E976AE7F84238243.e.3750/click - {}
RESULT: {}
COMMAND: POST /session/c52f3edd894b3289261c0762f3735e7d/execute/async - {"script":"<script> [1562 bytes]","args":[{"selector":{"id":"application-managecontracts-display-component---AddNewContract--projectDescription","interaction":{"idSuffix":"inner"}},"wdio_ui5_key":"applicationmanagecontracts-display-component---AddNewContract--projectDescription"}]}
COMMAND: GET /session/c52f3edd894b3289261c0762f3735e7d/screenshot - {}
RESULT: {"script":"<script> [1562 bytes]","args":[{"selector":{"id":"application-managecontracts-display-component---AddNewContract--projectDescription","interaction":{"idSuffix":"inner"}},"wdio_ui5_key":"applicationmanagecontracts-display-component---AddNewContract--projectDescription"}]}
RESULT: undefined
COMMAND: POST /session/c52f3edd894b3289261c0762f3735e7d/execute/async - {"script":"<script> [776 bytes]","args":[{"enterText":"PickupContractg203bl","selector":{"id":"application-managecontracts-display-component---AddNewContract--projectDescription","interaction":{"idSuffix":"inner"}},"clearTextFirst":true,"interactionType":"ENTER_TEXT"}]}
RESULT: {}
RESULT: {"script":"<script> [776 bytes]","args":[{"enterText":"PickupContractg203bl","selector":{"id":"application-managecontracts-display-component---AddNewContract--projectDescription","interaction":{"idSuffix":"inner"}},"clearTextFirst":true,"interactionType":"ENTER_TEXT"}]}
COMMAND: POST /session/c52f3edd894b3289261c0762f3735e7d/element - {"using":"xpath","value":"//input[contains(@id ,\"application-managecontracts-display-component---AddNewContract--yardId-inner\")]"}
RESULT: {"using":"xpath","value":"//input[contains(@id ,\"application-managecontracts-display-component---AddNewContract--yardId-inner\")]"}
COMMAND: POST /session/c52f3edd894b3289261c0762f3735e7d/element/f.00CEB3DD14B2376F96DB663D79287A8F.d.22D2C7FE6F615D69E976AE7F84238243.e.4011/value - {"text":"WebdriverYard13qkk"}
RESULT: {"text":"WebdriverYard13qkk"}
COMMAND: GET /session/c52f3edd894b3289261c0762f3735e7d/screenshot - {}
RESULT: {}
COMMAND: POST /session/c52f3edd894b3289261c0762f3735e7d/actions - {"actions":[{"id":"action32","type":"key","parameters":{},"actions":[{"type":"keyDown","value":""},{"type":"pause","duration":10},{"type":"keyUp","value":""}]}]}
RESULT: {"actions":[{"id":"action32","type":"key","parameters":{},"actions":[{"type":"keyDown","value":""},{"type":"pause","duration":10},{"type":"keyUp","value":""}]}]}
COMMAND: GET /session/c52f3edd894b3289261c0762f3735e7d/screenshot - {}
RESULT: {}
COMMAND: POST /session/c52f3edd894b3289261c0762f3735e7d/element - {"using":"xpath","value":"//input[contains(@id ,\"application-managecontracts-display-component---AddNewContract--customerSelect-inner\")]"}
RESULT: {"using":"xpath","value":"//input[contains(@id ,\"application-managecontracts-display-component---AddNewContract--customerSelect-inner\")]"}
COMMAND: POST /session/c52f3edd894b3289261c0762f3735e7d/element/f.00CEB3DD14B2376F96DB663D79287A8F.d.22D2C7FE6F615D69E976AE7F84238243.e.4009/value - {"text":"WebdriverPartnerhszcf"}
RESULT: {"text":"WebdriverPartnerhszcf"}
COMMAND: GET /session/c52f3edd894b3289261c0762f3735e7d/screenshot - {}
RESULT: {}
COMMAND: POST /session/c52f3edd894b3289261c0762f3735e7d/actions - {"actions":[{"id":"action33","type":"key","parameters":{},"actions":[{"type":"keyDown","value":""},{"type":"pause","duration":10},{"type":"keyUp","value":""}]}]}
RESULT: {"actions":[{"id":"action33","type":"key","parameters":{},"actions":[{"type":"keyDown","value":""},{"type":"pause","duration":10},{"type":"keyUp","value":""}]}]}
COMMAND: GET /session/c52f3edd894b3289261c0762f3735e7d/screenshot - {}
RESULT: {}
COMMAND: POST /session/c52f3edd894b3289261c0762f3735e7d/element - {"using":"xpath","value":"//input[contains(@id ,\"application-managecontracts-display-component---AddNewContract--site-inner\")]"}
RESULT: {"using":"xpath","value":"//input[contains(@id ,\"application-managecontracts-display-component---AddNewContract--site-inner\")]"}
COMMAND: POST /session/c52f3edd894b3289261c0762f3735e7d/element/f.00CEB3DD14B2376F96DB663D79287A8F.d.22D2C7FE6F615D69E976AE7F84238243.e.4010/value - {"text":"WebdriverSitept89b"}
RESULT: {"text":"WebdriverSitept89b"}
COMMAND: GET /session/c52f3edd894b3289261c0762f3735e7d/screenshot - {}
RESULT: {}
COMMAND: POST /session/c52f3edd894b3289261c0762f3735e7d/actions - {"actions":[{"id":"action34","type":"key","parameters":{},"actions":[{"type":"keyDown","value":""},{"type":"pause","duration":10},{"type":"keyUp","value":""}]}]}
RESULT: {"actions":[{"id":"action34","type":"key","parameters":{},"actions":[{"type":"keyDown","value":""},{"type":"pause","duration":10},{"type":"keyUp","value":""}]}]}
COMMAND: GET /session/c52f3edd894b3289261c0762f3735e7d/screenshot - {}
RESULT: {}
COMMAND: POST /session/c52f3edd894b3289261c0762f3735e7d/execute/async - {"script":"<script> [1562 bytes]","args":[{"selector":{"id":"application-managecontracts-display-component---AddNewContract--saveBtn","interaction":{"idSuffix":"BDI-content"}},"wdio_ui5_key":"applicationmanagecontracts-display-component---AddNewContract--saveBtn"}]}
RESULT: {"script":"<script> [1562 bytes]","args":[{"selector":{"id":"application-managecontracts-display-component---AddNewContract--saveBtn","interaction":{"idSuffix":"BDI-content"}},"wdio_ui5_key":"applicationmanagecontracts-display-component---AddNewContract--saveBtn"}]}
RESULT: undefined
COMMAND: POST /session/c52f3edd894b3289261c0762f3735e7d/element - {"using":"xpath","value":"//*[@id=\"application-managecontracts-display-component---AddNewContract--saveBtn\"]"}
RESULT: {"using":"xpath","value":"//*[@id=\"application-managecontracts-display-component---AddNewContract--saveBtn\"]"}
COMMAND: POST /session/c52f3edd894b3289261c0762f3735e7d/element/f.00CEB3DD14B2376F96DB663D79287A8F.d.22D2C7FE6F615D69E976AE7F84238243.e.4087/click - {}
RESULT: {}
COMMAND: GET /session/c52f3edd894b3289261c0762f3735e7d/screenshot - {}
RESULT: {}
COMMAND: POST /session/c52f3edd894b3289261c0762f3735e7d/element - {"using":"xpath","value":"//span[contains(@id ,\"contractDetailTitleNoExpanded\")]"}
RESULT: {"using":"xpath","value":"//span[contains(@id ,\"contractDetailTitleNoExpanded\")]"}
COMMAND: GET /session/c52f3edd894b3289261c0762f3735e7d/element/f.00CEB3DD14B2376F96DB663D79287A8F.d.22D2C7FE6F615D69E976AE7F84238243.e.4168/text - {}
RESULT: {}
COMMAND: POST /session/c52f3edd894b3289261c0762f3735e7d/element - {"using":"css selector","value":"#shell-header-logo"}
RESULT: {"using":"css selector","value":"#shell-header-logo"}
COMMAND: POST /session/c52f3edd894b3289261c0762f3735e7d/element/f.00CEB3DD14B2376F96DB663D79287A8F.d.22D2C7FE6F615D69E976AE7F84238243.e.3699/click - {}
RESULT: {}
COMMAND: GET /session/c52f3edd894b3289261c0762f3735e7d/screenshot - {}
RESULT: {}
]]></system-out>
    </testcase>
    <testcase classname="chrome.136_0_7103_93.windows.Manage_request_+_Contract_processing_pick_up_option_US120163_" name="Should create a new material" time="148.329">
      <system-out><![CDATA[
COMMAND: POST /session/c52f3edd894b3289261c0762f3735e7d/execute/async - {"script":"<script> [1562 bytes]","args":[{"selector":{"controlType":"sap.m.GenericTile","properties":{"header":"Manage Resources"}},"wdio_ui5_key":"sapm.GenericTile{\"header\":\"Manage Resources\"}"}]}
RESULT: {"script":"<script> [1562 bytes]","args":[{"selector":{"controlType":"sap.m.GenericTile","properties":{"header":"Manage Resources"}},"wdio_ui5_key":"sapm.GenericTile{\"header\":\"Manage Resources\"}"}]}
RESULT: undefined
COMMAND: POST /session/c52f3edd894b3289261c0762f3735e7d/element - {"using":"xpath","value":"//*[@id=\"__tile39\"]"}
RESULT: {"using":"xpath","value":"//*[@id=\"__tile39\"]"}
COMMAND: POST /session/c52f3edd894b3289261c0762f3735e7d/element/f.00CEB3DD14B2376F96DB663D79287A8F.d.22D2C7FE6F615D69E976AE7F84238243.e.4170/click - {}
RESULT: {}
COMMAND: GET /session/c52f3edd894b3289261c0762f3735e7d/screenshot - {}
RESULT: {}
COMMAND: POST /session/c52f3edd894b3289261c0762f3735e7d/elements - {"using":"xpath","value":"//span[text()='Error']"}
RESULT: {"using":"xpath","value":"//span[text()='Error']"}
COMMAND: POST /session/c52f3edd894b3289261c0762f3735e7d/element - {"using":"xpath","value":"//button[@data-kt=\"addNewRUOverflowToolbarButton\"]"}
RESULT: {"using":"xpath","value":"//button[@data-kt=\"addNewRUOverflowToolbarButton\"]"}
COMMAND: POST /session/c52f3edd894b3289261c0762f3735e7d/execute/sync - {"script":"<script> [8489 bytes]","args":[{"element-6066-11e4-a52e-4f735466cecf":"f.00CEB3DD14B2376F96DB663D79287A8F.d.22D2C7FE6F615D69E976AE7F84238243.e.4211","ELEMENT":"f.00CEB3DD14B2376F96DB663D79287A8F.d.22D2C7FE6F615D69E976AE7F84238243.e.4211"}]}
RESULT: {"script":"<script> [8489 bytes]","args":[{"element-6066-11e4-a52e-4f735466cecf":"f.00CEB3DD14B2376F96DB663D79287A8F.d.22D2C7FE6F615D69E976AE7F84238243.e.4211","ELEMENT":"f.00CEB3DD14B2376F96DB663D79287A8F.d.22D2C7FE6F615D69E976AE7F84238243.e.4211"}]}
COMMAND: POST /session/c52f3edd894b3289261c0762f3735e7d/element/f.00CEB3DD14B2376F96DB663D79287A8F.d.22D2C7FE6F615D69E976AE7F84238243.e.4211/click - {}
COMMAND: GET /session/c52f3edd894b3289261c0762f3735e7d/screenshot - {}
RESULT: {}
COMMAND: POST /session/c52f3edd894b3289261c0762f3735e7d/execute/async - {"script":"<script> [1562 bytes]","args":[{"selector":{"id":"application-manageresources-display-component---newResourceUnit--TYPE-arrow"},"wdio_ui5_key":"applicationmanageresources-display-component---newResourceUnit--TYPE-arrow"}]}
COMMAND: GET /session/c52f3edd894b3289261c0762f3735e7d/screenshot - {}
RESULT: {}
RESULT: {"script":"<script> [1562 bytes]","args":[{"selector":{"id":"application-manageresources-display-component---newResourceUnit--TYPE-arrow"},"wdio_ui5_key":"applicationmanageresources-display-component---newResourceUnit--TYPE-arrow"}]}
RESULT: undefined
COMMAND: POST /session/c52f3edd894b3289261c0762f3735e7d/element - {"using":"xpath","value":"//*[@id=\"application-manageresources-display-component---newResourceUnit--TYPE-arrow\"]"}
RESULT: {}
RESULT: {"using":"xpath","value":"//*[@id=\"application-manageresources-display-component---newResourceUnit--TYPE-arrow\"]"}
COMMAND: POST /session/c52f3edd894b3289261c0762f3735e7d/element/f.00CEB3DD14B2376F96DB663D79287A8F.d.22D2C7FE6F615D69E976AE7F84238243.e.4526/click - {}
RESULT: {}
COMMAND: POST /session/c52f3edd894b3289261c0762f3735e7d/execute/async - {"script":"<script> [1562 bytes]","args":[{"selector":{"controlType":"sap.m.StandardListItem","viewName":"reusables.view.manageresources.NewResourceUnit","viewId":"application-manageresources-display-component---newResourceUnit","properties":{"title":"Material"},"searchOpenDialogs":true,"interaction":{"idSuffix":"titleText"}},"wdio_ui5_key":"reusablesview.manageresources.NewResourceUnitsap.m.StandardListItem{\"title\":\"Material\"}"}]}
COMMAND: GET /session/c52f3edd894b3289261c0762f3735e7d/screenshot - {}
RESULT: {"script":"<script> [1562 bytes]","args":[{"selector":{"controlType":"sap.m.StandardListItem","viewName":"reusables.view.manageresources.NewResourceUnit","viewId":"application-manageresources-display-component---newResourceUnit","properties":{"title":"Material"},"searchOpenDialogs":true,"interaction":{"idSuffix":"titleText"}},"wdio_ui5_key":"reusablesview.manageresources.NewResourceUnitsap.m.StandardListItem{\"title\":\"Material\"}"}]}
RESULT: undefined
COMMAND: POST /session/c52f3edd894b3289261c0762f3735e7d/element - {"using":"xpath","value":"//*[@id=\"__item2382\"]"}
RESULT: {}
RESULT: {"using":"xpath","value":"//*[@id=\"__item2382\"]"}
COMMAND: POST /session/c52f3edd894b3289261c0762f3735e7d/element/f.00CEB3DD14B2376F96DB663D79287A8F.d.22D2C7FE6F615D69E976AE7F84238243.e.4529/click - {}
RESULT: {}
COMMAND: POST /session/c52f3edd894b3289261c0762f3735e7d/execute/async - {"script":"<script> [1562 bytes]","args":[{"selector":{"id":"application-manageresources-display-component---newResourceUnit--SHORT_TEXT","interaction":{"idSuffix":"inner"}},"wdio_ui5_key":"applicationmanageresources-display-component---newResourceUnit--SHORT_TEXT"}]}
COMMAND: GET /session/c52f3edd894b3289261c0762f3735e7d/screenshot - {}
RESULT: {"script":"<script> [1562 bytes]","args":[{"selector":{"id":"application-manageresources-display-component---newResourceUnit--SHORT_TEXT","interaction":{"idSuffix":"inner"}},"wdio_ui5_key":"applicationmanageresources-display-component---newResourceUnit--SHORT_TEXT"}]}
RESULT: undefined
COMMAND: POST /session/c52f3edd894b3289261c0762f3735e7d/execute/async - {"script":"<script> [776 bytes]","args":[{"enterText":"WebdriverRUR2Ct59w1","selector":{"id":"application-manageresources-display-component---newResourceUnit--SHORT_TEXT","interaction":{"idSuffix":"inner"}},"clearTextFirst":true,"interactionType":"ENTER_TEXT"}]}
RESULT: {}
RESULT: {"script":"<script> [776 bytes]","args":[{"enterText":"WebdriverRUR2Ct59w1","selector":{"id":"application-manageresources-display-component---newResourceUnit--SHORT_TEXT","interaction":{"idSuffix":"inner"}},"clearTextFirst":true,"interactionType":"ENTER_TEXT"}]}
COMMAND: POST /session/c52f3edd894b3289261c0762f3735e7d/execute/async - {"script":"<script> [1562 bytes]","args":[{"selector":{"id":"application-manageresources-display-component---newResourceUnit--BASE_UNIT_OF_MEASURE-arrow"},"wdio_ui5_key":"applicationmanageresources-display-component---newResourceUnit--BASE_UNIT_OF_MEASURE-arrow"}]}
RESULT: {"script":"<script> [1562 bytes]","args":[{"selector":{"id":"application-manageresources-display-component---newResourceUnit--BASE_UNIT_OF_MEASURE-arrow"},"wdio_ui5_key":"applicationmanageresources-display-component---newResourceUnit--BASE_UNIT_OF_MEASURE-arrow"}]}
RESULT: undefined
COMMAND: POST /session/c52f3edd894b3289261c0762f3735e7d/element - {"using":"xpath","value":"//*[@id=\"application-manageresources-display-component---newResourceUnit--BASE_UNIT_OF_MEASURE-arrow\"]"}
RESULT: {"using":"xpath","value":"//*[@id=\"application-manageresources-display-component---newResourceUnit--BASE_UNIT_OF_MEASURE-arrow\"]"}
COMMAND: POST /session/c52f3edd894b3289261c0762f3735e7d/element/f.00CEB3DD14B2376F96DB663D79287A8F.d.22D2C7FE6F615D69E976AE7F84238243.e.4649/click - {}
RESULT: {}
COMMAND: POST /session/c52f3edd894b3289261c0762f3735e7d/execute/async - {"script":"<script> [1562 bytes]","args":[{"selector":{"controlType":"sap.m.StandardListItem","viewName":"reusables.view.manageresources.NewResourceUnit","viewId":"application-manageresources-display-component---newResourceUnit","properties":{"title":"Piece"},"searchOpenDialogs":true,"interaction":{"idSuffix":"titleText"}},"wdio_ui5_key":"reusablesview.manageresources.NewResourceUnitsap.m.StandardListItem{\"title\":\"Piece\"}"}]}
COMMAND: GET /session/c52f3edd894b3289261c0762f3735e7d/screenshot - {}
RESULT: {"script":"<script> [1562 bytes]","args":[{"selector":{"controlType":"sap.m.StandardListItem","viewName":"reusables.view.manageresources.NewResourceUnit","viewId":"application-manageresources-display-component---newResourceUnit","properties":{"title":"Piece"},"searchOpenDialogs":true,"interaction":{"idSuffix":"titleText"}},"wdio_ui5_key":"reusablesview.manageresources.NewResourceUnitsap.m.StandardListItem{\"title\":\"Piece\"}"}]}
RESULT: undefined
COMMAND: POST /session/c52f3edd894b3289261c0762f3735e7d/element - {"using":"xpath","value":"//*[@id=\"__item2435\"]"}
RESULT: {}
RESULT: {"using":"xpath","value":"//*[@id=\"__item2435\"]"}
COMMAND: POST /session/c52f3edd894b3289261c0762f3735e7d/element/f.00CEB3DD14B2376F96DB663D79287A8F.d.22D2C7FE6F615D69E976AE7F84238243.e.4651/click - {}
RESULT: {}
COMMAND: POST /session/c52f3edd894b3289261c0762f3735e7d/element - {"using":"xpath","value":"//input[contains(@id ,\"application-manageresources-display-component---newResourceUnit--SHORT_TEXT-inner\")]"}
COMMAND: GET /session/c52f3edd894b3289261c0762f3735e7d/screenshot - {}
RESULT: {"using":"xpath","value":"//input[contains(@id ,\"application-manageresources-display-component---newResourceUnit--SHORT_TEXT-inner\")]"}
COMMAND: GET /session/c52f3edd894b3289261c0762f3735e7d/element/f.00CEB3DD14B2376F96DB663D79287A8F.d.22D2C7FE6F615D69E976AE7F84238243.e.4546/property/value - {}
RESULT: {}
RESULT: {}
COMMAND: POST /session/c52f3edd894b3289261c0762f3735e7d/execute/async - {"script":"<script> [1562 bytes]","args":[{"selector":{"id":"application-manageresources-display-component---newResourceUnit--WEIGHT_UNIT-arrow"},"wdio_ui5_key":"applicationmanageresources-display-component---newResourceUnit--WEIGHT_UNIT-arrow"}]}
COMMAND: GET /session/c52f3edd894b3289261c0762f3735e7d/screenshot - {}
RESULT: {"script":"<script> [1562 bytes]","args":[{"selector":{"id":"application-manageresources-display-component---newResourceUnit--WEIGHT_UNIT-arrow"},"wdio_ui5_key":"applicationmanageresources-display-component---newResourceUnit--WEIGHT_UNIT-arrow"}]}
RESULT: undefined
COMMAND: POST /session/c52f3edd894b3289261c0762f3735e7d/element - {"using":"xpath","value":"//*[@id=\"application-manageresources-display-component---newResourceUnit--WEIGHT_UNIT-arrow\"]"}
RESULT: {}
RESULT: {"using":"xpath","value":"//*[@id=\"application-manageresources-display-component---newResourceUnit--WEIGHT_UNIT-arrow\"]"}
COMMAND: POST /session/c52f3edd894b3289261c0762f3735e7d/element/f.00CEB3DD14B2376F96DB663D79287A8F.d.22D2C7FE6F615D69E976AE7F84238243.e.4652/click - {}
RESULT: {}
COMMAND: POST /session/c52f3edd894b3289261c0762f3735e7d/execute/async - {"script":"<script> [1562 bytes]","args":[{"selector":{"controlType":"sap.m.StandardListItem","viewName":"reusables.view.manageresources.NewResourceUnit","viewId":"application-manageresources-display-component---newResourceUnit","properties":{"title":"Gram"},"searchOpenDialogs":true,"interaction":{"idSuffix":"content"}},"wdio_ui5_key":"reusablesview.manageresources.NewResourceUnitsap.m.StandardListItem{\"title\":\"Gram\"}"}]}
COMMAND: GET /session/c52f3edd894b3289261c0762f3735e7d/screenshot - {}
RESULT: {"script":"<script> [1562 bytes]","args":[{"selector":{"controlType":"sap.m.StandardListItem","viewName":"reusables.view.manageresources.NewResourceUnit","viewId":"application-manageresources-display-component---newResourceUnit","properties":{"title":"Gram"},"searchOpenDialogs":true,"interaction":{"idSuffix":"content"}},"wdio_ui5_key":"reusablesview.manageresources.NewResourceUnitsap.m.StandardListItem{\"title\":\"Gram\"}"}]}
RESULT: undefined
COMMAND: POST /session/c52f3edd894b3289261c0762f3735e7d/element - {"using":"xpath","value":"//*[@id=\"__item2500\"]"}
RESULT: {}
RESULT: {"using":"xpath","value":"//*[@id=\"__item2500\"]"}
COMMAND: POST /session/c52f3edd894b3289261c0762f3735e7d/element/f.00CEB3DD14B2376F96DB663D79287A8F.d.22D2C7FE6F615D69E976AE7F84238243.e.4654/click - {}
RESULT: {}
COMMAND: POST /session/c52f3edd894b3289261c0762f3735e7d/execute/async - {"script":"<script> [1562 bytes]","args":[{"selector":{"id":"application-manageresources-display-component---newResourceUnit--newRRUPage-OPHeaderContent-collapseBtn-img"},"wdio_ui5_key":"applicationmanageresources-display-component---newResourceUnit--newRRUPage-OPHeaderContent-collapseBtn-img"}]}
COMMAND: GET /session/c52f3edd894b3289261c0762f3735e7d/screenshot - {}
RESULT: {"script":"<script> [1562 bytes]","args":[{"selector":{"id":"application-manageresources-display-component---newResourceUnit--newRRUPage-OPHeaderContent-collapseBtn-img"},"wdio_ui5_key":"applicationmanageresources-display-component---newResourceUnit--newRRUPage-OPHeaderContent-collapseBtn-img"}]}
RESULT: undefined
COMMAND: POST /session/c52f3edd894b3289261c0762f3735e7d/element - {"using":"xpath","value":"//*[@id=\"application-manageresources-display-component---newResourceUnit--newRRUPage-OPHeaderContent-collapseBtn-img\"]"}
RESULT: {}
RESULT: {"using":"xpath","value":"//*[@id=\"application-manageresources-display-component---newResourceUnit--newRRUPage-OPHeaderContent-collapseBtn-img\"]"}
COMMAND: POST /session/c52f3edd894b3289261c0762f3735e7d/element/f.00CEB3DD14B2376F96DB663D79287A8F.d.22D2C7FE6F615D69E976AE7F84238243.e.4536/click - {}
RESULT: {}
COMMAND: GET /session/c52f3edd894b3289261c0762f3735e7d/screenshot - {}
RESULT: {}
COMMAND: POST /session/c52f3edd894b3289261c0762f3735e7d/element - {"using":"xpath","value":"(//span[contains(@id ,\"application-manageresources-display-component---newResourceUnit--DIMENSION_UNIT-arrow\")])[1]"}
RESULT: {"using":"xpath","value":"(//span[contains(@id ,\"application-manageresources-display-component---newResourceUnit--DIMENSION_UNIT-arrow\")])[1]"}
COMMAND: POST /session/c52f3edd894b3289261c0762f3735e7d/element/f.00CEB3DD14B2376F96DB663D79287A8F.d.22D2C7FE6F615D69E976AE7F84238243.e.4658/click - {}
RESULT: {}
COMMAND: GET /session/c52f3edd894b3289261c0762f3735e7d/screenshot - {}
RESULT: {}
COMMAND: POST /session/c52f3edd894b3289261c0762f3735e7d/execute/async - {"script":"<script> [1562 bytes]","args":[{"selector":{"controlType":"sap.m.StandardListItem","viewName":"reusables.view.manageresources.NewResourceUnit","viewId":"application-manageresources-display-component---newResourceUnit","properties":{"title":"Centimeter"},"searchOpenDialogs":true,"interaction":{"idSuffix":"titleText"}},"wdio_ui5_key":"reusablesview.manageresources.NewResourceUnitsap.m.StandardListItem{\"title\":\"Centimeter\"}"}]}
RESULT: {"script":"<script> [1562 bytes]","args":[{"selector":{"controlType":"sap.m.StandardListItem","viewName":"reusables.view.manageresources.NewResourceUnit","viewId":"application-manageresources-display-component---newResourceUnit","properties":{"title":"Centimeter"},"searchOpenDialogs":true,"interaction":{"idSuffix":"titleText"}},"wdio_ui5_key":"reusablesview.manageresources.NewResourceUnitsap.m.StandardListItem{\"title\":\"Centimeter\"}"}]}
RESULT: undefined
COMMAND: POST /session/c52f3edd894b3289261c0762f3735e7d/element - {"using":"xpath","value":"//*[@id=\"__item2503\"]"}
RESULT: {"using":"xpath","value":"//*[@id=\"__item2503\"]"}
COMMAND: POST /session/c52f3edd894b3289261c0762f3735e7d/element/f.00CEB3DD14B2376F96DB663D79287A8F.d.22D2C7FE6F615D69E976AE7F84238243.e.4662/click - {}
RESULT: {}
COMMAND: POST /session/c52f3edd894b3289261c0762f3735e7d/execute/async - {"script":"<script> [1562 bytes]","args":[{"selector":{"id":"application-manageresources-display-component---newResourceUnit--newRRUPage-anchBar-application-manageresources-display-component---newResourceUnit--reference-anchor","interaction":{"idSuffix":"BDI-content"}},"wdio_ui5_key":"applicationmanageresources-display-component---newResourceUnit--newRRUPage-anchBar-application-manageresources-display-component---newResourceUnit--reference-anchor"}]}
COMMAND: GET /session/c52f3edd894b3289261c0762f3735e7d/screenshot - {}
RESULT: {"script":"<script> [1562 bytes]","args":[{"selector":{"id":"application-manageresources-display-component---newResourceUnit--newRRUPage-anchBar-application-manageresources-display-component---newResourceUnit--reference-anchor","interaction":{"idSuffix":"BDI-content"}},"wdio_ui5_key":"applicationmanageresources-display-component---newResourceUnit--newRRUPage-anchBar-application-manageresources-display-component---newResourceUnit--reference-anchor"}]}
RESULT: undefined
COMMAND: POST /session/c52f3edd894b3289261c0762f3735e7d/element - {"using":"xpath","value":"//*[@id=\"application-manageresources-display-component---newResourceUnit--newRRUPage-anchBar-application-manageresources-display-component---newResourceUnit--reference-anchor\"]"}
RESULT: {}
RESULT: {"using":"xpath","value":"//*[@id=\"application-manageresources-display-component---newResourceUnit--newRRUPage-anchBar-application-manageresources-display-component---newResourceUnit--reference-anchor\"]"}
COMMAND: POST /session/c52f3edd894b3289261c0762f3735e7d/element/f.00CEB3DD14B2376F96DB663D79287A8F.d.22D2C7FE6F615D69E976AE7F84238243.e.4664/click - {}
RESULT: {}
COMMAND: POST /session/c52f3edd894b3289261c0762f3735e7d/execute/async - {"script":"<script> [1562 bytes]","args":[{"selector":{"id":"application-manageresources-display-component---newResourceUnit--PLANNING_GROUP-arrow"},"wdio_ui5_key":"applicationmanageresources-display-component---newResourceUnit--PLANNING_GROUP-arrow"}]}
COMMAND: GET /session/c52f3edd894b3289261c0762f3735e7d/screenshot - {}
RESULT: {"script":"<script> [1562 bytes]","args":[{"selector":{"id":"application-manageresources-display-component---newResourceUnit--PLANNING_GROUP-arrow"},"wdio_ui5_key":"applicationmanageresources-display-component---newResourceUnit--PLANNING_GROUP-arrow"}]}
RESULT: undefined
COMMAND: POST /session/c52f3edd894b3289261c0762f3735e7d/element - {"using":"xpath","value":"//*[@id=\"application-manageresources-display-component---newResourceUnit--PLANNING_GROUP-arrow\"]"}
RESULT: {}
RESULT: {"using":"xpath","value":"//*[@id=\"application-manageresources-display-component---newResourceUnit--PLANNING_GROUP-arrow\"]"}
COMMAND: POST /session/c52f3edd894b3289261c0762f3735e7d/element/f.00CEB3DD14B2376F96DB663D79287A8F.d.22D2C7FE6F615D69E976AE7F84238243.e.4668/click - {}
RESULT: {}
COMMAND: POST /session/c52f3edd894b3289261c0762f3735e7d/execute/async - {"script":"<script> [1562 bytes]","args":[{"selector":{"controlType":"sap.m.StandardListItem","viewName":"reusables.view.manageresources.NewResourceUnit","viewId":"application-manageresources-display-component---newResourceUnit","properties":{"title":"Heavy Equi"},"searchOpenDialogs":true,"interaction":{"idSuffix":"content"}},"wdio_ui5_key":"reusablesview.manageresources.NewResourceUnitsap.m.StandardListItem{\"title\":\"Heavy Equi\"}"}]}
COMMAND: GET /session/c52f3edd894b3289261c0762f3735e7d/screenshot - {}
RESULT: {"script":"<script> [1562 bytes]","args":[{"selector":{"controlType":"sap.m.StandardListItem","viewName":"reusables.view.manageresources.NewResourceUnit","viewId":"application-manageresources-display-component---newResourceUnit","properties":{"title":"Heavy Equi"},"searchOpenDialogs":true,"interaction":{"idSuffix":"content"}},"wdio_ui5_key":"reusablesview.manageresources.NewResourceUnitsap.m.StandardListItem{\"title\":\"Heavy Equi\"}"}]}
RESULT: undefined
COMMAND: POST /session/c52f3edd894b3289261c0762f3735e7d/element - {"using":"xpath","value":"//*[@id=\"__item2511\"]"}
RESULT: {}
RESULT: {"using":"xpath","value":"//*[@id=\"__item2511\"]"}
COMMAND: POST /session/c52f3edd894b3289261c0762f3735e7d/element/f.00CEB3DD14B2376F96DB663D79287A8F.d.22D2C7FE6F615D69E976AE7F84238243.e.4670/click - {}
RESULT: {}
COMMAND: GET /session/c52f3edd894b3289261c0762f3735e7d/screenshot - {}
RESULT: {}
COMMAND: POST /session/c52f3edd894b3289261c0762f3735e7d/execute/async - {"script":"<script> [1562 bytes]","args":[{"selector":{"id":"application-manageresources-display-component---newResourceUnit--PLANNING_INDICATOR-arrow"},"wdio_ui5_key":"applicationmanageresources-display-component---newResourceUnit--PLANNING_INDICATOR-arrow"}]}
RESULT: {"script":"<script> [1562 bytes]","args":[{"selector":{"id":"application-manageresources-display-component---newResourceUnit--PLANNING_INDICATOR-arrow"},"wdio_ui5_key":"applicationmanageresources-display-component---newResourceUnit--PLANNING_INDICATOR-arrow"}]}
RESULT: undefined
COMMAND: POST /session/c52f3edd894b3289261c0762f3735e7d/element - {"using":"xpath","value":"//*[@id=\"application-manageresources-display-component---newResourceUnit--PLANNING_INDICATOR-arrow\"]"}
RESULT: {"using":"xpath","value":"//*[@id=\"application-manageresources-display-component---newResourceUnit--PLANNING_INDICATOR-arrow\"]"}
COMMAND: POST /session/c52f3edd894b3289261c0762f3735e7d/element/f.00CEB3DD14B2376F96DB663D79287A8F.d.22D2C7FE6F615D69E976AE7F84238243.e.4671/click - {}
RESULT: {}
COMMAND: POST /session/c52f3edd894b3289261c0762f3735e7d/execute/async - {"script":"<script> [1562 bytes]","args":[{"selector":{"controlType":"sap.m.StandardListItem","viewName":"reusables.view.manageresources.NewResourceUnit","viewId":"application-manageresources-display-component---newResourceUnit","properties":{"title":"10 - infinite"},"searchOpenDialogs":true,"interaction":{"idSuffix":"content"}},"wdio_ui5_key":"reusablesview.manageresources.NewResourceUnitsap.m.StandardListItem{\"title\":\"10 - infinite\"}"}]}
COMMAND: GET /session/c52f3edd894b3289261c0762f3735e7d/screenshot - {}
RESULT: {"script":"<script> [1562 bytes]","args":[{"selector":{"controlType":"sap.m.StandardListItem","viewName":"reusables.view.manageresources.NewResourceUnit","viewId":"application-manageresources-display-component---newResourceUnit","properties":{"title":"10 - infinite"},"searchOpenDialogs":true,"interaction":{"idSuffix":"content"}},"wdio_ui5_key":"reusablesview.manageresources.NewResourceUnitsap.m.StandardListItem{\"title\":\"10 - infinite\"}"}]}
RESULT: undefined
COMMAND: POST /session/c52f3edd894b3289261c0762f3735e7d/element - {"using":"xpath","value":"//*[@id=\"__item2521\"]"}
RESULT: {}
RESULT: {"using":"xpath","value":"//*[@id=\"__item2521\"]"}
COMMAND: POST /session/c52f3edd894b3289261c0762f3735e7d/element/f.00CEB3DD14B2376F96DB663D79287A8F.d.22D2C7FE6F615D69E976AE7F84238243.e.4673/click - {}
RESULT: {}
COMMAND: GET /session/c52f3edd894b3289261c0762f3735e7d/screenshot - {}
RESULT: {}
COMMAND: POST /session/c52f3edd894b3289261c0762f3735e7d/element - {"using":"xpath","value":"//bdi[contains(text(), \"Time Segment\")]"}
RESULT: {"using":"xpath","value":"//bdi[contains(text(), \"Time Segment\")]"}
COMMAND: GET /session/c52f3edd894b3289261c0762f3735e7d/element/f.00CEB3DD14B2376F96DB663D79287A8F.d.22D2C7FE6F615D69E976AE7F84238243.e.4674/rect - {}
RESULT: {}
COMMAND: GET /session/c52f3edd894b3289261c0762f3735e7d/window/rect - {}
RESULT: {}
COMMAND: POST /session/c52f3edd894b3289261c0762f3735e7d/execute/sync - {"script":"<script> [92 bytes]","args":[]}
RESULT: {"script":"<script> [92 bytes]","args":[]}
COMMAND: POST /session/c52f3edd894b3289261c0762f3735e7d/actions - {"actions":[{"id":"action35","type":"wheel","parameters":{},"actions":[{"type":"scroll","x":-1820,"y":-21,"deltaX":0,"deltaY":0,"duration":0,"origin":{"element-6066-11e4-a52e-4f735466cecf":"f.00CEB3DD14B2376F96DB663D79287A8F.d.22D2C7FE6F615D69E976AE7F84238243.e.4674"}}]}]}
COMMAND: GET /session/c52f3edd894b3289261c0762f3735e7d/screenshot - {}
RESULT: {}
COMMAND: POST /session/c52f3edd894b3289261c0762f3735e7d/execute/sync - {"script":"<script> [79 bytes]","args":[{"element-6066-11e4-a52e-4f735466cecf":"f.00CEB3DD14B2376F96DB663D79287A8F.d.22D2C7FE6F615D69E976AE7F84238243.e.4674","ELEMENT":"f.00CEB3DD14B2376F96DB663D79287A8F.d.22D2C7FE6F615D69E976AE7F84238243.e.4674"},{"block":"start","inline":"nearest"}]}
RESULT: {"script":"<script> [79 bytes]","args":[{"element-6066-11e4-a52e-4f735466cecf":"f.00CEB3DD14B2376F96DB663D79287A8F.d.22D2C7FE6F615D69E976AE7F84238243.e.4674","ELEMENT":"f.00CEB3DD14B2376F96DB663D79287A8F.d.22D2C7FE6F615D69E976AE7F84238243.e.4674"},{"block":"start","inline":"nearest"}]}
COMMAND: GET /session/c52f3edd894b3289261c0762f3735e7d/screenshot - {}
RESULT: {}
COMMAND: POST /session/c52f3edd894b3289261c0762f3735e7d/element - {"using":"xpath","value":"//span[@id=\"application-manageresources-display-component---newResourceUnit--btnAddTimeSegment-img\"]"}
RESULT: {"using":"xpath","value":"//span[@id=\"application-manageresources-display-component---newResourceUnit--btnAddTimeSegment-img\"]"}
COMMAND: POST /session/c52f3edd894b3289261c0762f3735e7d/execute/sync - {"script":"<script> [8489 bytes]","args":[{"element-6066-11e4-a52e-4f735466cecf":"f.00CEB3DD14B2376F96DB663D79287A8F.d.22D2C7FE6F615D69E976AE7F84238243.e.4677","ELEMENT":"f.00CEB3DD14B2376F96DB663D79287A8F.d.22D2C7FE6F615D69E976AE7F84238243.e.4677"}]}
RESULT: {"script":"<script> [8489 bytes]","args":[{"element-6066-11e4-a52e-4f735466cecf":"f.00CEB3DD14B2376F96DB663D79287A8F.d.22D2C7FE6F615D69E976AE7F84238243.e.4677","ELEMENT":"f.00CEB3DD14B2376F96DB663D79287A8F.d.22D2C7FE6F615D69E976AE7F84238243.e.4677"}]}
COMMAND: POST /session/c52f3edd894b3289261c0762f3735e7d/element/f.00CEB3DD14B2376F96DB663D79287A8F.d.22D2C7FE6F615D69E976AE7F84238243.e.4677/click - {}
COMMAND: GET /session/c52f3edd894b3289261c0762f3735e7d/screenshot - {}
RESULT: {}
COMMAND: GET /session/c52f3edd894b3289261c0762f3735e7d/screenshot - {}
RESULT: {}
COMMAND: POST /session/c52f3edd894b3289261c0762f3735e7d/element - {"using":"xpath","value":"//input[@id=\"application-manageresources-display-component---newResourceUnit--idRuTSAdmin-application-manageresources-display-component---newResourceUnit--RUTimeSegment-0-inner\"]"}
RESULT: {}
RESULT: {"using":"xpath","value":"//input[@id=\"application-manageresources-display-component---newResourceUnit--idRuTSAdmin-application-manageresources-display-component---newResourceUnit--RUTimeSegment-0-inner\"]"}
COMMAND: POST /session/c52f3edd894b3289261c0762f3735e7d/element/f.00CEB3DD14B2376F96DB663D79287A8F.d.22D2C7FE6F615D69E976AE7F84238243.e.4680/clear - {}
RESULT: {}
COMMAND: POST /session/c52f3edd894b3289261c0762f3735e7d/element/f.00CEB3DD14B2376F96DB663D79287A8F.d.22D2C7FE6F615D69E976AE7F84238243.e.4680/value - {"text":"WebdriverYard13qkk"}
COMMAND: GET /session/c52f3edd894b3289261c0762f3735e7d/screenshot - {}
RESULT: {"text":"WebdriverYard13qkk"}
COMMAND: GET /session/c52f3edd894b3289261c0762f3735e7d/screenshot - {}
RESULT: {}
RESULT: {}
COMMAND: POST /session/c52f3edd894b3289261c0762f3735e7d/actions - {"actions":[{"id":"action36","type":"key","parameters":{},"actions":[{"type":"keyDown","value":""},{"type":"pause","duration":10},{"type":"keyUp","value":""}]}]}
RESULT: {"actions":[{"id":"action36","type":"key","parameters":{},"actions":[{"type":"keyDown","value":""},{"type":"pause","duration":10},{"type":"keyUp","value":""}]}]}
COMMAND: GET /session/c52f3edd894b3289261c0762f3735e7d/screenshot - {}
RESULT: {}
COMMAND: POST /session/c52f3edd894b3289261c0762f3735e7d/execute/async - {"script":"<script> [1562 bytes]","args":[{"selector":{"controlType":"sap.m.Button","viewName":"reusables.view.manageresources.NewResourceUnit","viewId":"application-manageresources-display-component---newResourceUnit","i18NText":{"propertyName":"tooltip","key":"save"},"interaction":{"idSuffix":"BDI-content"}},"wdio_ui5_key":"reusablesview.manageresources.NewResourceUnitsap.m.Button{\"propertyName\":\"tooltip\",\"key\":\"save\"}"}]}
RESULT: {"script":"<script> [1562 bytes]","args":[{"selector":{"controlType":"sap.m.Button","viewName":"reusables.view.manageresources.NewResourceUnit","viewId":"application-manageresources-display-component---newResourceUnit","i18NText":{"propertyName":"tooltip","key":"save"},"interaction":{"idSuffix":"BDI-content"}},"wdio_ui5_key":"reusablesview.manageresources.NewResourceUnitsap.m.Button{\"propertyName\":\"tooltip\",\"key\":\"save\"}"}]}
RESULT: undefined
COMMAND: POST /session/c52f3edd894b3289261c0762f3735e7d/element - {"using":"xpath","value":"//*[@id=\"application-manageresources-display-component---newResourceUnit--createRuButton\"]"}
RESULT: {"using":"xpath","value":"//*[@id=\"application-manageresources-display-component---newResourceUnit--createRuButton\"]"}
COMMAND: POST /session/c52f3edd894b3289261c0762f3735e7d/element/f.00CEB3DD14B2376F96DB663D79287A8F.d.22D2C7FE6F615D69E976AE7F84238243.e.4542/click - {}
RESULT: {}
COMMAND: GET /session/c52f3edd894b3289261c0762f3735e7d/screenshot - {}
RESULT: {}
COMMAND: POST /session/c52f3edd894b3289261c0762f3735e7d/execute/async - {"script":"<script> [1562 bytes]","args":[{"selector":{"controlType":"sap.m.Title","properties":{"text":"Success"},"searchOpenDialogs":true},"wdio_ui5_key":"sapm.Title{\"text\":\"Success\"}"}]}
RESULT: {"script":"<script> [1562 bytes]","args":[{"selector":{"controlType":"sap.m.Title","properties":{"text":"Success"},"searchOpenDialogs":true},"wdio_ui5_key":"sapm.Title{\"text\":\"Success\"}"}]}
RESULT: undefined
COMMAND: POST /session/c52f3edd894b3289261c0762f3735e7d/execute/async - {"script":"<script> [6424 bytes]","args":[{"element-6066-11e4-a52e-4f735466cecf":"f.00CEB3DD14B2376F96DB663D79287A8F.d.22D2C7FE6F615D69E976AE7F84238243.e.4695"},"getText",[]]}
RESULT: {"script":"<script> [6424 bytes]","args":[{"element-6066-11e4-a52e-4f735466cecf":"f.00CEB3DD14B2376F96DB663D79287A8F.d.22D2C7FE6F615D69E976AE7F84238243.e.4695"},"getText",[]]}
COMMAND: POST /session/c52f3edd894b3289261c0762f3735e7d/element - {"using":"xpath","value":"//*[contains(@id, '__text') and (contains(text(), 'successfully created') or contains(., 'successfully created'))]"}
RESULT: {"using":"xpath","value":"//*[contains(@id, '__text') and (contains(text(), 'successfully created') or contains(., 'successfully created'))]"}
COMMAND: GET /session/c52f3edd894b3289261c0762f3735e7d/element/f.00CEB3DD14B2376F96DB663D79287A8F.d.22D2C7FE6F615D69E976AE7F84238243.e.4694/text - {}
RESULT: {}
COMMAND: POST /session/c52f3edd894b3289261c0762f3735e7d/execute/async - {"script":"<script> [1562 bytes]","args":[{"selector":{"controlType":"sap.m.Button","properties":{"text":"Close"},"searchOpenDialogs":true,"interaction":{"idSuffix":"BDI-content"}},"wdio_ui5_key":"sapm.Button{\"text\":\"Close\"}"}]}
RESULT: {"script":"<script> [1562 bytes]","args":[{"selector":{"controlType":"sap.m.Button","properties":{"text":"Close"},"searchOpenDialogs":true,"interaction":{"idSuffix":"BDI-content"}},"wdio_ui5_key":"sapm.Button{\"text\":\"Close\"}"}]}
RESULT: undefined
COMMAND: POST /session/c52f3edd894b3289261c0762f3735e7d/element - {"using":"xpath","value":"//*[@id=\"__mbox-btn-1\"]"}
RESULT: {"using":"xpath","value":"//*[@id=\"__mbox-btn-1\"]"}
COMMAND: POST /session/c52f3edd894b3289261c0762f3735e7d/element/f.00CEB3DD14B2376F96DB663D79287A8F.d.22D2C7FE6F615D69E976AE7F84238243.e.4692/click - {}
RESULT: {}
COMMAND: GET /session/c52f3edd894b3289261c0762f3735e7d/screenshot - {}
RESULT: {}
COMMAND: POST /session/c52f3edd894b3289261c0762f3735e7d/execute/async - {"script":"<script> [1562 bytes]","args":[{"selector":{"controlType":"sap.ui.core.Icon","viewName":"etm.portal.ui.manageresources.view.Detail","viewId":"application-manageresources-display-component---detailRU","properties":{"src":{"regex":{"source":"overflow"}}}},"wdio_ui5_key":"etmportal.ui.manageresources.view.Detailsap.ui.core.Icon{\"src\":{\"regex\":{\"source\":\"overflow\"}}}"}]}
RESULT: {"script":"<script> [1562 bytes]","args":[{"selector":{"controlType":"sap.ui.core.Icon","viewName":"etm.portal.ui.manageresources.view.Detail","viewId":"application-manageresources-display-component---detailRU","properties":{"src":{"regex":{"source":"overflow"}}}},"wdio_ui5_key":"etmportal.ui.manageresources.view.Detailsap.ui.core.Icon{\"src\":{\"regex\":{\"source\":\"overflow\"}}}"}]}
RESULT: undefined
COMMAND: POST /session/c52f3edd894b3289261c0762f3735e7d/element - {"using":"xpath","value":"//*[@id=\"__title81-_actionsToolbar-overflowButton-img\"]"}
RESULT: {"using":"xpath","value":"//*[@id=\"__title81-_actionsToolbar-overflowButton-img\"]"}
COMMAND: POST /session/c52f3edd894b3289261c0762f3735e7d/element/f.00CEB3DD14B2376F96DB663D79287A8F.d.22D2C7FE6F615D69E976AE7F84238243.e.4728/click - {}
RESULT: {}
COMMAND: POST /session/c52f3edd894b3289261c0762f3735e7d/execute/async - {"script":"<script> [1562 bytes]","args":[{"selector":{"controlType":"sap.m.Button","viewName":"etm.portal.ui.manageresources.view.Detail","viewId":"application-manageresources-display-component---detailRU","i18NText":{"propertyName":"tooltip","key":"closeColumn"},"searchOpenDialogs":true,"interaction":{"idSuffix":"inner"}},"wdio_ui5_key":"etmportal.ui.manageresources.view.Detailsap.m.Button{\"propertyName\":\"tooltip\",\"key\":\"closeColumn\"}"}]}
COMMAND: GET /session/c52f3edd894b3289261c0762f3735e7d/screenshot - {}
RESULT: {"script":"<script> [1562 bytes]","args":[{"selector":{"controlType":"sap.m.Button","viewName":"etm.portal.ui.manageresources.view.Detail","viewId":"application-manageresources-display-component---detailRU","i18NText":{"propertyName":"tooltip","key":"closeColumn"},"searchOpenDialogs":true,"interaction":{"idSuffix":"inner"}},"wdio_ui5_key":"etmportal.ui.manageresources.view.Detailsap.m.Button{\"propertyName\":\"tooltip\",\"key\":\"closeColumn\"}"}]}
RESULT: undefined
COMMAND: POST /session/c52f3edd894b3289261c0762f3735e7d/element - {"using":"xpath","value":"//*[@id=\"__button257\"]"}
RESULT: {}
RESULT: {"using":"xpath","value":"//*[@id=\"__button257\"]"}
COMMAND: POST /session/c52f3edd894b3289261c0762f3735e7d/element/f.00CEB3DD14B2376F96DB663D79287A8F.d.22D2C7FE6F615D69E976AE7F84238243.e.4732/click - {}
RESULT: {}
COMMAND: GET /session/c52f3edd894b3289261c0762f3735e7d/screenshot - {}
RESULT: {}
COMMAND: POST /session/c52f3edd894b3289261c0762f3735e7d/refresh - {}
RESULT: {}
COMMAND: GET /session/c52f3edd894b3289261c0762f3735e7d/screenshot - {}
RESULT: {}
COMMAND: POST /session/c52f3edd894b3289261c0762f3735e7d/execute/async - {"script":"<script> [189 bytes]","args":[]}
RESULT: {"script":"<script> [189 bytes]","args":[]}
COMMAND: POST /session/c52f3edd894b3289261c0762f3735e7d/execute/async - {"script":"<script> [123 bytes]","args":[]}
RESULT: {"script":"<script> [123 bytes]","args":[]}
COMMAND: POST /session/c52f3edd894b3289261c0762f3735e7d/timeouts - {"script":"<number>"}
RESULT: {"script":"<number>"}
COMMAND: GET /session/c52f3edd894b3289261c0762f3735e7d/timeouts - {}
RESULT: {}
RESULT: undefined
COMMAND: POST /session/c52f3edd894b3289261c0762f3735e7d/execute/async - {"script":"<script> [2676 bytes]","args":[]}
RESULT: {"script":"<script> [2676 bytes]","args":[]}
COMMAND: POST /session/c52f3edd894b3289261c0762f3735e7d/execute/async - {"script":"<script> [2342 bytes]","args":[{"protocol":"http","hostname":"0.0.0.0","path":"/","capabilities":{"browserName":"chrome","goog:chromeOptions":{"binary":"C:\\Program Files\\Google\\Chrome\\Application\\chrome.exe","args":["--start-maximized"]}},"logLevel":"warn","connectionRetryTimeout":120000,"connectionRetryCount":3,"logLevels":{},"enableDirectConnect":true,"strictSSL":true,"_":"65 more keys: [\"cacheDir\",\"port\",\"requestedCapabilities\",\"automationProtocol\",\"baseUrl\",\"waitforInterval\",\"waitforTimeout\",\"onReload\",\"beforeCommand\",\"afterCommand\",\"rootDir\",\"specs\",\"suites\",\"exclude\",\"groupLogsByTestSpec\",\"excludeDriverLogs\",\"bail\",\"framework\",\"reporters\",\"services\",\"maxInstances\",\"maxInstancesPerCapability\",\"injectGlobals\",\"filesToWatch\",\"execArgv\",\"runnerEnv\",\"runner\",\"shard\",\"specFileRetries\",\"specFileRetriesDelay\",\"specFileRetriesDeferred\",\"reporterSyncInterval\",\"reporterSyncTimeout\",\"cucumberFeaturesWithLineNumbers\",\"autoCompileOpts\",\"mochaOpts\",\"jasmineOpts\",\"cucumberOpts\",\"onPrepare\",\"onWorkerStart\",\"onWorkerEnd\",\"before\",\"beforeSession\",\"beforeSuite\",\"beforeHook\",\"beforeTest\",\"afterTest\",\"afterHook\",\"afterSuite\",\"afterSession\",\"after\",\"onComplete\",\"beforeAssertion\",\"afterAssertion\",\"beforeFeature\",\"beforeScenario\",\"beforeStep\",\"afterStep\",\"afterScenario\",\"afterFeature\",\"_\",\"suite\",\"$0\",\"ignoredWorkerServices\",\"wdi5\"]"}]}
RESULT: {"script":"<script> [2342 bytes]","args":[{"protocol":"http","hostname":"0.0.0.0","path":"/","capabilities":{"browserName":"chrome","goog:chromeOptions":{"binary":"C:\\Program Files\\Google\\Chrome\\Application\\chrome.exe","args":["--start-maximized"]}},"logLevel":"warn","connectionRetryTimeout":120000,"connectionRetryCount":3,"logLevels":{},"enableDirectConnect":true,"strictSSL":true,"_":"65 more keys: [\"cacheDir\",\"port\",\"requestedCapabilities\",\"automationProtocol\",\"baseUrl\",\"waitforInterval\",\"waitforTimeout\",\"onReload\",\"beforeCommand\",\"afterCommand\",\"rootDir\",\"specs\",\"suites\",\"exclude\",\"groupLogsByTestSpec\",\"excludeDriverLogs\",\"bail\",\"framework\",\"reporters\",\"services\",\"maxInstances\",\"maxInstancesPerCapability\",\"injectGlobals\",\"filesToWatch\",\"execArgv\",\"runnerEnv\",\"runner\",\"shard\",\"specFileRetries\",\"specFileRetriesDelay\",\"specFileRetriesDeferred\",\"reporterSyncInterval\",\"reporterSyncTimeout\",\"cucumberFeaturesWithLineNumbers\",\"autoCompileOpts\",\"mochaOpts\",\"jasmineOpts\",\"cucumberOpts\",\"onPrepare\",\"onWorkerStart\",\"onWorkerEnd\",\"before\",\"beforeSession\",\"beforeSuite\",\"beforeHook\",\"beforeTest\",\"afterTest\",\"afterHook\",\"afterSuite\",\"afterSession\",\"after\",\"onComplete\",\"beforeAssertion\",\"afterAssertion\",\"beforeFeature\",\"beforeScenario\",\"beforeStep\",\"afterStep\",\"afterScenario\",\"afterFeature\",\"_\",\"suite\",\"$0\",\"ignoredWorkerServices\",\"wdi5\"]"}]}
COMMAND: POST /session/c52f3edd894b3289261c0762f3735e7d/execute/async - {"script":"<script> [21126 bytes]","args":[35000]}
RESULT: {"script":"<script> [21126 bytes]","args":[35000]}
COMMAND: POST /session/c52f3edd894b3289261c0762f3735e7d/element - {"using":"css selector","value":"#shell-header-logo"}
RESULT: {"using":"css selector","value":"#shell-header-logo"}
COMMAND: POST /session/c52f3edd894b3289261c0762f3735e7d/element/f.00CEB3DD14B2376F96DB663D79287A8F.d.C0CDEBD86EBCA029942F5773AE177F99.e.4833/click - {}
RESULT: {}
COMMAND: GET /session/c52f3edd894b3289261c0762f3735e7d/screenshot - {}
RESULT: {}
COMMAND: POST /session/c52f3edd894b3289261c0762f3735e7d/element - {"using":"css selector","value":"#shell-header-logo"}
RESULT: {"using":"css selector","value":"#shell-header-logo"}
COMMAND: POST /session/c52f3edd894b3289261c0762f3735e7d/element/f.00CEB3DD14B2376F96DB663D79287A8F.d.C0CDEBD86EBCA029942F5773AE177F99.e.5007/click - {}
RESULT: {}
COMMAND: GET /session/c52f3edd894b3289261c0762f3735e7d/screenshot - {}
RESULT: {}
]]></system-out>
    </testcase>
    <testcase classname="chrome.136_0_7103_93.windows.Manage_request_+_Contract_processing_pick_up_option_US120163_" name="Should Create New Request pick up option" time="184.231">
      <system-out><![CDATA[
COMMAND: POST /session/c52f3edd894b3289261c0762f3735e7d/element - {"using":"css selector","value":"#shell-header-logo"}
RESULT: {"using":"css selector","value":"#shell-header-logo"}
COMMAND: POST /session/c52f3edd894b3289261c0762f3735e7d/element/f.00CEB3DD14B2376F96DB663D79287A8F.d.C0CDEBD86EBCA029942F5773AE177F99.e.5007/click - {}
RESULT: {}
COMMAND: GET /session/c52f3edd894b3289261c0762f3735e7d/screenshot - {}
RESULT: {}
COMMAND: POST /session/c52f3edd894b3289261c0762f3735e7d/execute/async - {"script":"<script> [1562 bytes]","args":[{"selector":{"controlType":"sap.m.GenericTile","properties":{"header":"Manage Requests"}},"wdio_ui5_key":"sapm.GenericTile{\"header\":\"Manage Requests\"}"}]}
RESULT: {"script":"<script> [1562 bytes]","args":[{"selector":{"controlType":"sap.m.GenericTile","properties":{"header":"Manage Requests"}},"wdio_ui5_key":"sapm.GenericTile{\"header\":\"Manage Requests\"}"}]}
RESULT: undefined
COMMAND: POST /session/c52f3edd894b3289261c0762f3735e7d/element - {"using":"xpath","value":"//*[@id=\"__tile47\"]"}
RESULT: {"using":"xpath","value":"//*[@id=\"__tile47\"]"}
COMMAND: POST /session/c52f3edd894b3289261c0762f3735e7d/element/f.00CEB3DD14B2376F96DB663D79287A8F.d.C0CDEBD86EBCA029942F5773AE177F99.e.5020/click - {}
RESULT: {}
COMMAND: GET /session/c52f3edd894b3289261c0762f3735e7d/screenshot - {}
RESULT: {}
COMMAND: POST /session/c52f3edd894b3289261c0762f3735e7d/elements - {"using":"xpath","value":"//span[text()='Error']"}
RESULT: {"using":"xpath","value":"//span[text()='Error']"}
COMMAND: POST /session/c52f3edd894b3289261c0762f3735e7d/refresh - {}
RESULT: {}
COMMAND: GET /session/c52f3edd894b3289261c0762f3735e7d/screenshot - {}
RESULT: {}
COMMAND: POST /session/c52f3edd894b3289261c0762f3735e7d/execute/async - {"script":"<script> [189 bytes]","args":[]}
RESULT: {"script":"<script> [189 bytes]","args":[]}
COMMAND: POST /session/c52f3edd894b3289261c0762f3735e7d/execute/async - {"script":"<script> [123 bytes]","args":[]}
RESULT: {"script":"<script> [123 bytes]","args":[]}
COMMAND: POST /session/c52f3edd894b3289261c0762f3735e7d/timeouts - {"script":"<number>"}
RESULT: {"script":"<number>"}
COMMAND: GET /session/c52f3edd894b3289261c0762f3735e7d/timeouts - {}
RESULT: {}
RESULT: undefined
COMMAND: POST /session/c52f3edd894b3289261c0762f3735e7d/execute/async - {"script":"<script> [2676 bytes]","args":[]}
RESULT: {"script":"<script> [2676 bytes]","args":[]}
COMMAND: POST /session/c52f3edd894b3289261c0762f3735e7d/execute/async - {"script":"<script> [2342 bytes]","args":[{"protocol":"http","hostname":"0.0.0.0","path":"/","capabilities":{"browserName":"chrome","goog:chromeOptions":{"binary":"C:\\Program Files\\Google\\Chrome\\Application\\chrome.exe","args":["--start-maximized"]}},"logLevel":"warn","connectionRetryTimeout":120000,"connectionRetryCount":3,"logLevels":{},"enableDirectConnect":true,"strictSSL":true,"_":"65 more keys: [\"cacheDir\",\"port\",\"requestedCapabilities\",\"automationProtocol\",\"baseUrl\",\"waitforInterval\",\"waitforTimeout\",\"onReload\",\"beforeCommand\",\"afterCommand\",\"rootDir\",\"specs\",\"suites\",\"exclude\",\"groupLogsByTestSpec\",\"excludeDriverLogs\",\"bail\",\"framework\",\"reporters\",\"services\",\"maxInstances\",\"maxInstancesPerCapability\",\"injectGlobals\",\"filesToWatch\",\"execArgv\",\"runnerEnv\",\"runner\",\"shard\",\"specFileRetries\",\"specFileRetriesDelay\",\"specFileRetriesDeferred\",\"reporterSyncInterval\",\"reporterSyncTimeout\",\"cucumberFeaturesWithLineNumbers\",\"autoCompileOpts\",\"mochaOpts\",\"jasmineOpts\",\"cucumberOpts\",\"onPrepare\",\"onWorkerStart\",\"onWorkerEnd\",\"before\",\"beforeSession\",\"beforeSuite\",\"beforeHook\",\"beforeTest\",\"afterTest\",\"afterHook\",\"afterSuite\",\"afterSession\",\"after\",\"onComplete\",\"beforeAssertion\",\"afterAssertion\",\"beforeFeature\",\"beforeScenario\",\"beforeStep\",\"afterStep\",\"afterScenario\",\"afterFeature\",\"_\",\"suite\",\"$0\",\"ignoredWorkerServices\",\"wdi5\"]"}]}
RESULT: {"script":"<script> [2342 bytes]","args":[{"protocol":"http","hostname":"0.0.0.0","path":"/","capabilities":{"browserName":"chrome","goog:chromeOptions":{"binary":"C:\\Program Files\\Google\\Chrome\\Application\\chrome.exe","args":["--start-maximized"]}},"logLevel":"warn","connectionRetryTimeout":120000,"connectionRetryCount":3,"logLevels":{},"enableDirectConnect":true,"strictSSL":true,"_":"65 more keys: [\"cacheDir\",\"port\",\"requestedCapabilities\",\"automationProtocol\",\"baseUrl\",\"waitforInterval\",\"waitforTimeout\",\"onReload\",\"beforeCommand\",\"afterCommand\",\"rootDir\",\"specs\",\"suites\",\"exclude\",\"groupLogsByTestSpec\",\"excludeDriverLogs\",\"bail\",\"framework\",\"reporters\",\"services\",\"maxInstances\",\"maxInstancesPerCapability\",\"injectGlobals\",\"filesToWatch\",\"execArgv\",\"runnerEnv\",\"runner\",\"shard\",\"specFileRetries\",\"specFileRetriesDelay\",\"specFileRetriesDeferred\",\"reporterSyncInterval\",\"reporterSyncTimeout\",\"cucumberFeaturesWithLineNumbers\",\"autoCompileOpts\",\"mochaOpts\",\"jasmineOpts\",\"cucumberOpts\",\"onPrepare\",\"onWorkerStart\",\"onWorkerEnd\",\"before\",\"beforeSession\",\"beforeSuite\",\"beforeHook\",\"beforeTest\",\"afterTest\",\"afterHook\",\"afterSuite\",\"afterSession\",\"after\",\"onComplete\",\"beforeAssertion\",\"afterAssertion\",\"beforeFeature\",\"beforeScenario\",\"beforeStep\",\"afterStep\",\"afterScenario\",\"afterFeature\",\"_\",\"suite\",\"$0\",\"ignoredWorkerServices\",\"wdi5\"]"}]}
COMMAND: POST /session/c52f3edd894b3289261c0762f3735e7d/execute/async - {"script":"<script> [21126 bytes]","args":[35000]}
RESULT: {"script":"<script> [21126 bytes]","args":[35000]}
COMMAND: POST /session/c52f3edd894b3289261c0762f3735e7d/element - {"using":"xpath","value":"//button[contains(@data-kt ,\"btnCreateNewOverflowToolbarButton\")]"}
COMMAND: POST /session/c52f3edd894b3289261c0762f3735e7d/element - {"using":"xpath","value":"(//span[contains(@class ,\"sapMObjStatusText\")])[1]"}
RESULT: {"using":"xpath","value":"//button[contains(@data-kt ,\"btnCreateNewOverflowToolbarButton\")]"}
COMMAND: POST /session/c52f3edd894b3289261c0762f3735e7d/element/f.00CEB3DD14B2376F96DB663D79287A8F.d.9F62E26E7F12575BC031B655968E7424.e.5173/click - {}
RESULT: {"using":"xpath","value":"(//span[contains(@class ,\"sapMObjStatusText\")])[1]"}
COMMAND: POST /session/c52f3edd894b3289261c0762f3735e7d/execute/sync - {"script":"<script> [8489 bytes]","args":[{"element-6066-11e4-a52e-4f735466cecf":"f.00CEB3DD14B2376F96DB663D79287A8F.d.9F62E26E7F12575BC031B655968E7424.e.5211","ELEMENT":"f.00CEB3DD14B2376F96DB663D79287A8F.d.9F62E26E7F12575BC031B655968E7424.e.5211"}]}
RESULT: {}
RESULT: {"script":"<script> [8489 bytes]","args":[{"element-6066-11e4-a52e-4f735466cecf":"f.00CEB3DD14B2376F96DB663D79287A8F.d.9F62E26E7F12575BC031B655968E7424.e.5211","ELEMENT":"f.00CEB3DD14B2376F96DB663D79287A8F.d.9F62E26E7F12575BC031B655968E7424.e.5211"}]}
COMMAND: GET /session/c52f3edd894b3289261c0762f3735e7d/screenshot - {}
COMMAND: GET /session/c52f3edd894b3289261c0762f3735e7d/screenshot - {}
RESULT: {}
RESULT: {}
COMMAND: POST /session/c52f3edd894b3289261c0762f3735e7d/element - {"using":"xpath","value":"//input[contains(@id ,\"yardId-inner\")]"}
RESULT: {"using":"xpath","value":"//input[contains(@id ,\"yardId-inner\")]"}
COMMAND: POST /session/c52f3edd894b3289261c0762f3735e7d/execute/sync - {"script":"<script> [8489 bytes]","args":[{"element-6066-11e4-a52e-4f735466cecf":"f.00CEB3DD14B2376F96DB663D79287A8F.d.9F62E26E7F12575BC031B655968E7424.e.5313","ELEMENT":"f.00CEB3DD14B2376F96DB663D79287A8F.d.9F62E26E7F12575BC031B655968E7424.e.5313"}]}
RESULT: {"script":"<script> [8489 bytes]","args":[{"element-6066-11e4-a52e-4f735466cecf":"f.00CEB3DD14B2376F96DB663D79287A8F.d.9F62E26E7F12575BC031B655968E7424.e.5313","ELEMENT":"f.00CEB3DD14B2376F96DB663D79287A8F.d.9F62E26E7F12575BC031B655968E7424.e.5313"}]}
COMMAND: POST /session/c52f3edd894b3289261c0762f3735e7d/element - {"using":"xpath","value":"//input[contains(@id ,\"requestContractNo-inner\")]"}
COMMAND: POST /session/c52f3edd894b3289261c0762f3735e7d/element - {"using":"xpath","value":"//input[contains(@id ,\"yardId-inner\")]"}
COMMAND: GET /session/c52f3edd894b3289261c0762f3735e7d/screenshot - {}
RESULT: {"using":"xpath","value":"//input[contains(@id ,\"yardId-inner\")]"}
COMMAND: GET /session/c52f3edd894b3289261c0762f3735e7d/element/f.00CEB3DD14B2376F96DB663D79287A8F.d.9F62E26E7F12575BC031B655968E7424.e.5313/enabled - {}
RESULT: {"using":"xpath","value":"//input[contains(@id ,\"requestContractNo-inner\")]"}
COMMAND: POST /session/c52f3edd894b3289261c0762f3735e7d/element/f.00CEB3DD14B2376F96DB663D79287A8F.d.9F62E26E7F12575BC031B655968E7424.e.5308/value - {"text":"10204"}
RESULT: {}
RESULT: {}
COMMAND: GET /session/c52f3edd894b3289261c0762f3735e7d/screenshot - {}
RESULT: {"text":"10204"}
COMMAND: GET /session/c52f3edd894b3289261c0762f3735e7d/screenshot - {}
RESULT: {}
RESULT: {}
COMMAND: POST /session/c52f3edd894b3289261c0762f3735e7d/actions - {"actions":[{"id":"action37","type":"key","parameters":{},"actions":[{"type":"keyDown","value":""},{"type":"pause","duration":10},{"type":"keyUp","value":""}]}]}
RESULT: {"actions":[{"id":"action37","type":"key","parameters":{},"actions":[{"type":"keyDown","value":""},{"type":"pause","duration":10},{"type":"keyUp","value":""}]}]}
COMMAND: GET /session/c52f3edd894b3289261c0762f3735e7d/screenshot - {}
RESULT: {}
COMMAND: POST /session/c52f3edd894b3289261c0762f3735e7d/execute/async - {"script":"<script> [1562 bytes]","args":[{"selector":{"controlType":"sap.m.Button","viewName":"etm.portal.ui.managerequests.view.NewRequest","properties":{"text":"Items"},"interaction":{"idSuffix":"BDI-content"}},"wdio_ui5_key":"etmportal.ui.managerequests.view.NewRequestsap.m.Button{\"text\":\"Items\"}"}]}
RESULT: {"script":"<script> [1562 bytes]","args":[{"selector":{"controlType":"sap.m.Button","viewName":"etm.portal.ui.managerequests.view.NewRequest","properties":{"text":"Items"},"interaction":{"idSuffix":"BDI-content"}},"wdio_ui5_key":"etmportal.ui.managerequests.view.NewRequestsap.m.Button{\"text\":\"Items\"}"}]}
RESULT: undefined
COMMAND: POST /session/c52f3edd894b3289261c0762f3735e7d/element - {"using":"xpath","value":"//*[@id=\"__xmlview1--newRequestPage-anchBar-__xmlview1--requestItemsSection-anchor\"]"}
RESULT: {"using":"xpath","value":"//*[@id=\"__xmlview1--newRequestPage-anchBar-__xmlview1--requestItemsSection-anchor\"]"}
COMMAND: POST /session/c52f3edd894b3289261c0762f3735e7d/element/f.00CEB3DD14B2376F96DB663D79287A8F.d.9F62E26E7F12575BC031B655968E7424.e.5477/click - {}
RESULT: {}
COMMAND: GET /session/c52f3edd894b3289261c0762f3735e7d/screenshot - {}
RESULT: {}
COMMAND: POST /session/c52f3edd894b3289261c0762f3735e7d/execute/async - {"script":"<script> [1562 bytes]","args":[{"selector":{"controlType":"sap.ui.core.Icon","viewName":"etm.portal.ui.managerequests.view.NewRequest","properties":{"src":{"regex":{"source":"inspect"}}}},"wdio_ui5_key":"etmportal.ui.managerequests.view.NewRequestsap.ui.core.Icon{\"src\":{\"regex\":{\"source\":\"inspect\"}}}"}]}
RESULT: {"script":"<script> [1562 bytes]","args":[{"selector":{"controlType":"sap.ui.core.Icon","viewName":"etm.portal.ui.managerequests.view.NewRequest","properties":{"src":{"regex":{"source":"inspect"}}}},"wdio_ui5_key":"etmportal.ui.managerequests.view.NewRequestsap.ui.core.Icon{\"src\":{\"regex\":{\"source\":\"inspect\"}}}"}]}
RESULT: undefined
COMMAND: POST /session/c52f3edd894b3289261c0762f3735e7d/element - {"using":"xpath","value":"//*[@id=\"__button8-img\"]"}
RESULT: {"using":"xpath","value":"//*[@id=\"__button8-img\"]"}
COMMAND: POST /session/c52f3edd894b3289261c0762f3735e7d/element/f.00CEB3DD14B2376F96DB663D79287A8F.d.9F62E26E7F12575BC031B655968E7424.e.5482/click - {}
RESULT: {}
COMMAND: GET /session/c52f3edd894b3289261c0762f3735e7d/screenshot - {}
RESULT: {}
COMMAND: POST /session/c52f3edd894b3289261c0762f3735e7d/execute/async - {"script":"<script> [1562 bytes]","args":[{"selector":{"controlType":"sap.ui.core.Icon","viewName":"etm.portal.ui.managerequests.view.NewRequest","properties":{"src":{"regex":{"source":"add"}}}},"wdio_ui5_key":"etmportal.ui.managerequests.view.NewRequestsap.ui.core.Icon{\"src\":{\"regex\":{\"source\":\"add\"}}}"}]}
RESULT: {"script":"<script> [1562 bytes]","args":[{"selector":{"controlType":"sap.ui.core.Icon","viewName":"etm.portal.ui.managerequests.view.NewRequest","properties":{"src":{"regex":{"source":"add"}}}},"wdio_ui5_key":"etmportal.ui.managerequests.view.NewRequestsap.ui.core.Icon{\"src\":{\"regex\":{\"source\":\"add\"}}}"}]}
RESULT: undefined
COMMAND: POST /session/c52f3edd894b3289261c0762f3735e7d/element - {"using":"xpath","value":"//*[@id=\"__xmlview1--btnAddTableRow-img\"]"}
RESULT: {"using":"xpath","value":"//*[@id=\"__xmlview1--btnAddTableRow-img\"]"}
COMMAND: POST /session/c52f3edd894b3289261c0762f3735e7d/element/f.00CEB3DD14B2376F96DB663D79287A8F.d.9F62E26E7F12575BC031B655968E7424.e.5490/click - {}
RESULT: {}
COMMAND: GET /session/c52f3edd894b3289261c0762f3735e7d/screenshot - {}
RESULT: {}
COMMAND: POST /session/c52f3edd894b3289261c0762f3735e7d/execute/async - {"script":"<script> [1562 bytes]","args":[{"selector":{"controlType":"sap.ui.unified.MenuItem","viewName":"etm.portal.ui.managerequests.view.NewRequest","i18NText":{"propertyName":"text","key":"standardEntry"},"searchOpenDialogs":true,"interaction":{"idSuffix":"txt"}},"wdio_ui5_key":"etmportal.ui.managerequests.view.NewRequestsap.ui.unified.MenuItem{\"propertyName\":\"text\",\"key\":\"standardEntry\"}"}]}
RESULT: {"script":"<script> [1562 bytes]","args":[{"selector":{"controlType":"sap.ui.unified.MenuItem","viewName":"etm.portal.ui.managerequests.view.NewRequest","i18NText":{"propertyName":"text","key":"standardEntry"},"searchOpenDialogs":true,"interaction":{"idSuffix":"txt"}},"wdio_ui5_key":"etmportal.ui.managerequests.view.NewRequestsap.ui.unified.MenuItem{\"propertyName\":\"text\",\"key\":\"standardEntry\"}"}]}
RESULT: undefined
COMMAND: POST /session/c52f3edd894b3289261c0762f3735e7d/element - {"using":"xpath","value":"//*[@id=\"__item177\"]"}
RESULT: {"using":"xpath","value":"//*[@id=\"__item177\"]"}
COMMAND: POST /session/c52f3edd894b3289261c0762f3735e7d/element/f.00CEB3DD14B2376F96DB663D79287A8F.d.9F62E26E7F12575BC031B655968E7424.e.5494/click - {}
RESULT: {}
COMMAND: GET /session/c52f3edd894b3289261c0762f3735e7d/screenshot - {}
RESULT: {}
RESULT: undefined
COMMAND: POST /session/c52f3edd894b3289261c0762f3735e7d/element - {"using":"xpath","value":"//*[@id=\"__xmlview1--btnAddTableRow-img\"]"}
RESULT: {"using":"xpath","value":"//*[@id=\"__xmlview1--btnAddTableRow-img\"]"}
COMMAND: POST /session/c52f3edd894b3289261c0762f3735e7d/element/f.00CEB3DD14B2376F96DB663D79287A8F.d.9F62E26E7F12575BC031B655968E7424.e.5490/click - {}
RESULT: {}
COMMAND: GET /session/c52f3edd894b3289261c0762f3735e7d/screenshot - {}
RESULT: {}
RESULT: undefined
COMMAND: POST /session/c52f3edd894b3289261c0762f3735e7d/element - {"using":"xpath","value":"//*[@id=\"__item177\"]"}
RESULT: {"using":"xpath","value":"//*[@id=\"__item177\"]"}
COMMAND: POST /session/c52f3edd894b3289261c0762f3735e7d/element/f.00CEB3DD14B2376F96DB663D79287A8F.d.9F62E26E7F12575BC031B655968E7424.e.5515/click - {}
RESULT: {}
COMMAND: GET /session/c52f3edd894b3289261c0762f3735e7d/screenshot - {}
RESULT: {}
COMMAND: POST /session/c52f3edd894b3289261c0762f3735e7d/element - {"using":"xpath","value":"(//input[contains(@id ,\"requestItemsTable-0-inner\")])[5]"}
RESULT: {"using":"xpath","value":"(//input[contains(@id ,\"requestItemsTable-0-inner\")])[5]"}
COMMAND: POST /session/c52f3edd894b3289261c0762f3735e7d/element/f.00CEB3DD14B2376F96DB663D79287A8F.d.9F62E26E7F12575BC031B655968E7424.e.5506/clear - {}
RESULT: {}
COMMAND: POST /session/c52f3edd894b3289261c0762f3735e7d/element/f.00CEB3DD14B2376F96DB663D79287A8F.d.9F62E26E7F12575BC031B655968E7424.e.5506/value - {"text":"1000001"}
COMMAND: GET /session/c52f3edd894b3289261c0762f3735e7d/screenshot - {}
RESULT: {"text":"1000001"}
COMMAND: GET /session/c52f3edd894b3289261c0762f3735e7d/screenshot - {}
RESULT: {}
RESULT: {}
COMMAND: POST /session/c52f3edd894b3289261c0762f3735e7d/actions - {"actions":[{"id":"action38","type":"key","parameters":{},"actions":[{"type":"keyDown","value":""},{"type":"pause","duration":10},{"type":"keyUp","value":""}]}]}
RESULT: {"actions":[{"id":"action38","type":"key","parameters":{},"actions":[{"type":"keyDown","value":""},{"type":"pause","duration":10},{"type":"keyUp","value":""}]}]}
COMMAND: POST /session/c52f3edd894b3289261c0762f3735e7d/element - {"using":"xpath","value":"(//input[contains(@id ,\"requestItemsTable-1-inner\")])[5]"}
COMMAND: GET /session/c52f3edd894b3289261c0762f3735e7d/screenshot - {}
RESULT: {"using":"xpath","value":"(//input[contains(@id ,\"requestItemsTable-1-inner\")])[5]"}
COMMAND: POST /session/c52f3edd894b3289261c0762f3735e7d/element/f.00CEB3DD14B2376F96DB663D79287A8F.d.9F62E26E7F12575BC031B655968E7424.e.5521/clear - {}
RESULT: {}
RESULT: {}
COMMAND: POST /session/c52f3edd894b3289261c0762f3735e7d/element/f.00CEB3DD14B2376F96DB663D79287A8F.d.9F62E26E7F12575BC031B655968E7424.e.5521/value - {"text":"200124"}
COMMAND: GET /session/c52f3edd894b3289261c0762f3735e7d/screenshot - {}
RESULT: {"text":"200124"}
COMMAND: GET /session/c52f3edd894b3289261c0762f3735e7d/screenshot - {}
RESULT: {}
RESULT: {}
COMMAND: POST /session/c52f3edd894b3289261c0762f3735e7d/actions - {"actions":[{"id":"action39","type":"key","parameters":{},"actions":[{"type":"keyDown","value":""},{"type":"pause","duration":10},{"type":"keyUp","value":""}]}]}
RESULT: {"actions":[{"id":"action39","type":"key","parameters":{},"actions":[{"type":"keyDown","value":""},{"type":"pause","duration":10},{"type":"keyUp","value":""}]}]}
COMMAND: POST /session/c52f3edd894b3289261c0762f3735e7d/element - {"using":"xpath","value":"//div[contains(@data-kt ,\"splitAllocationObjectStatus\")]"}
COMMAND: GET /session/c52f3edd894b3289261c0762f3735e7d/screenshot - {}
RESULT: {"using":"xpath","value":"//div[contains(@data-kt ,\"splitAllocationObjectStatus\")]"}
COMMAND: POST /session/c52f3edd894b3289261c0762f3735e7d/elements - {"using":"xpath","value":"//div[contains(@data-kt ,\"splitAllocationObjectStatus\")]"}
RESULT: {}
RESULT: {"using":"xpath","value":"//div[contains(@data-kt ,\"splitAllocationObjectStatus\")]"}
COMMAND: POST /session/c52f3edd894b3289261c0762f3735e7d/execute/async - {"script":"<script> [1562 bytes]","args":[{"selector":{"controlType":"sap.ui.core.Icon","viewName":"etm.portal.ui.managerequests.view.NewRequest","properties":{"src":{"regex":{"source":"message\\-error"}}},"ancestor":{"controlType":"sap.m.ColumnListItem","viewName":"etm.portal.ui.managerequests.view.NewRequest","bindingPath":{"modelName":"newRequestItems","path":"/RequestItems/0"},"ancestor":{"id":"requestItemsTable","viewName":"etm.portal.ui.managerequests.view.NewRequest"}}},"wdio_ui5_key":"etmportal.ui.managerequests.view.NewRequestsap.ui.core.Icon{\"src\":{\"regex\":{\"source\":\"message\\\\-error\"}}}{\"controlType\":\"sap.m.ColumnListItem\",\"viewName\":\"etm.portal.ui.managerequests.view.NewRequest\",\"bindingPath\":{\"modelName\":\"newRequestItems\",\"path\":\"/RequestItems/0\"},\"ancestor\":{\"id\":\"requestItemsTable\",\"viewName\":\"etm.portal.ui.managerequests.view.NewRequest\"}}"}]}
RESULT: {"script":"<script> [1562 bytes]","args":[{"selector":{"controlType":"sap.ui.core.Icon","viewName":"etm.portal.ui.managerequests.view.NewRequest","properties":{"src":{"regex":{"source":"message\\-error"}}},"ancestor":{"controlType":"sap.m.ColumnListItem","viewName":"etm.portal.ui.managerequests.view.NewRequest","bindingPath":{"modelName":"newRequestItems","path":"/RequestItems/0"},"ancestor":{"id":"requestItemsTable","viewName":"etm.portal.ui.managerequests.view.NewRequest"}}},"wdio_ui5_key":"etmportal.ui.managerequests.view.NewRequestsap.ui.core.Icon{\"src\":{\"regex\":{\"source\":\"message\\\\-error\"}}}{\"controlType\":\"sap.m.ColumnListItem\",\"viewName\":\"etm.portal.ui.managerequests.view.NewRequest\",\"bindingPath\":{\"modelName\":\"newRequestItems\",\"path\":\"/RequestItems/0\"},\"ancestor\":{\"id\":\"requestItemsTable\",\"viewName\":\"etm.portal.ui.managerequests.view.NewRequest\"}}"}]}
RESULT: undefined
COMMAND: POST /session/c52f3edd894b3289261c0762f3735e7d/element - {"using":"xpath","value":"//*[@id=\"__status4-__xmlview1--requestItemsTable-0-icon\"]"}
RESULT: {"using":"xpath","value":"//*[@id=\"__status4-__xmlview1--requestItemsTable-0-icon\"]"}
COMMAND: POST /session/c52f3edd894b3289261c0762f3735e7d/element/f.00CEB3DD14B2376F96DB663D79287A8F.d.9F62E26E7F12575BC031B655968E7424.e.5533/click - {}
RESULT: {}
COMMAND: GET /session/c52f3edd894b3289261c0762f3735e7d/screenshot - {}
RESULT: {}
COMMAND: POST /session/c52f3edd894b3289261c0762f3735e7d/execute/async - {"script":"<script> [1562 bytes]","args":[{"selector":{"id":"costObjectAdminTypeComboBox","viewName":"etm.portal.ui.managerequests.view.NewRequest","searchOpenDialogs":true,"interaction":{"idSuffix":"inner"}},"wdio_ui5_key":"costObjectAdminTypeComboBoxetmportal.ui.managerequests.view.NewRequest"}]}
RESULT: {"script":"<script> [1562 bytes]","args":[{"selector":{"id":"costObjectAdminTypeComboBox","viewName":"etm.portal.ui.managerequests.view.NewRequest","searchOpenDialogs":true,"interaction":{"idSuffix":"inner"}},"wdio_ui5_key":"costObjectAdminTypeComboBoxetmportal.ui.managerequests.view.NewRequest"}]}
RESULT: undefined
COMMAND: POST /session/c52f3edd894b3289261c0762f3735e7d/execute/async - {"script":"<script> [776 bytes]","args":[{"enterText":"Cost Center","selector":{"id":"costObjectAdminTypeComboBox","viewName":"etm.portal.ui.managerequests.view.NewRequest","searchOpenDialogs":true,"interaction":{"idSuffix":"inner"}},"clearTextFirst":true,"interactionType":"ENTER_TEXT"}]}
RESULT: {"script":"<script> [776 bytes]","args":[{"enterText":"Cost Center","selector":{"id":"costObjectAdminTypeComboBox","viewName":"etm.portal.ui.managerequests.view.NewRequest","searchOpenDialogs":true,"interaction":{"idSuffix":"inner"}},"clearTextFirst":true,"interactionType":"ENTER_TEXT"}]}
COMMAND: POST /session/c52f3edd894b3289261c0762f3735e7d/actions - {"actions":[{"id":"action40","type":"key","parameters":{},"actions":[{"type":"keyDown","value":""},{"type":"pause","duration":10},{"type":"keyUp","value":""}]}]}
RESULT: {"actions":[{"id":"action40","type":"key","parameters":{},"actions":[{"type":"keyDown","value":""},{"type":"pause","duration":10},{"type":"keyUp","value":""}]}]}
COMMAND: GET /session/c52f3edd894b3289261c0762f3735e7d/screenshot - {}
RESULT: {}
COMMAND: POST /session/c52f3edd894b3289261c0762f3735e7d/execute/async - {"script":"<script> [1562 bytes]","args":[{"selector":{"id":"costObjectIdComboBox","viewName":"etm.portal.ui.managerequests.view.NewRequest","searchOpenDialogs":true,"interaction":{"idSuffix":"inner"}},"wdio_ui5_key":"costObjectIdComboBoxetmportal.ui.managerequests.view.NewRequest"}]}
RESULT: {"script":"<script> [1562 bytes]","args":[{"selector":{"id":"costObjectIdComboBox","viewName":"etm.portal.ui.managerequests.view.NewRequest","searchOpenDialogs":true,"interaction":{"idSuffix":"inner"}},"wdio_ui5_key":"costObjectIdComboBoxetmportal.ui.managerequests.view.NewRequest"}]}
RESULT: undefined
COMMAND: POST /session/c52f3edd894b3289261c0762f3735e7d/execute/async - {"script":"<script> [776 bytes]","args":[{"enterText":"1001 - 1001","selector":{"id":"costObjectIdComboBox","viewName":"etm.portal.ui.managerequests.view.NewRequest","searchOpenDialogs":true,"interaction":{"idSuffix":"inner"}},"clearTextFirst":true,"interactionType":"ENTER_TEXT"}]}
RESULT: {"script":"<script> [776 bytes]","args":[{"enterText":"1001 - 1001","selector":{"id":"costObjectIdComboBox","viewName":"etm.portal.ui.managerequests.view.NewRequest","searchOpenDialogs":true,"interaction":{"idSuffix":"inner"}},"clearTextFirst":true,"interactionType":"ENTER_TEXT"}]}
COMMAND: POST /session/c52f3edd894b3289261c0762f3735e7d/actions - {"actions":[{"id":"action41","type":"key","parameters":{},"actions":[{"type":"keyDown","value":""},{"type":"pause","duration":10},{"type":"keyUp","value":""}]}]}
RESULT: {"actions":[{"id":"action41","type":"key","parameters":{},"actions":[{"type":"keyDown","value":""},{"type":"pause","duration":10},{"type":"keyUp","value":""}]}]}
COMMAND: GET /session/c52f3edd894b3289261c0762f3735e7d/screenshot - {}
RESULT: {}
COMMAND: POST /session/c52f3edd894b3289261c0762f3735e7d/element - {"using":"xpath","value":"(//bdi[(text() = 'Save' or . = 'Save')])[1]"}
RESULT: {"using":"xpath","value":"(//bdi[(text() = 'Save' or . = 'Save')])[1]"}
COMMAND: POST /session/c52f3edd894b3289261c0762f3735e7d/element/f.00CEB3DD14B2376F96DB663D79287A8F.d.9F62E26E7F12575BC031B655968E7424.e.5549/click - {}
RESULT: {}
COMMAND: POST /session/c52f3edd894b3289261c0762f3735e7d/execute/async - {"script":"<script> [1562 bytes]","args":[{"selector":{"controlType":"sap.ui.core.Icon","viewName":"etm.portal.ui.managerequests.view.NewRequest","properties":{"src":{"regex":{"source":"message\\-error"}}},"ancestor":{"controlType":"sap.m.ColumnListItem","viewName":"etm.portal.ui.managerequests.view.NewRequest","bindingPath":{"modelName":"newRequestItems","path":"/RequestItems/1"},"ancestor":{"id":"requestItemsTable","viewName":"etm.portal.ui.managerequests.view.NewRequest"}}},"wdio_ui5_key":"etmportal.ui.managerequests.view.NewRequestsap.ui.core.Icon{\"src\":{\"regex\":{\"source\":\"message\\\\-error\"}}}{\"controlType\":\"sap.m.ColumnListItem\",\"viewName\":\"etm.portal.ui.managerequests.view.NewRequest\",\"bindingPath\":{\"modelName\":\"newRequestItems\",\"path\":\"/RequestItems/1\"},\"ancestor\":{\"id\":\"requestItemsTable\",\"viewName\":\"etm.portal.ui.managerequests.view.NewRequest\"}}"}]}
COMMAND: GET /session/c52f3edd894b3289261c0762f3735e7d/screenshot - {}
RESULT: {"script":"<script> [1562 bytes]","args":[{"selector":{"controlType":"sap.ui.core.Icon","viewName":"etm.portal.ui.managerequests.view.NewRequest","properties":{"src":{"regex":{"source":"message\\-error"}}},"ancestor":{"controlType":"sap.m.ColumnListItem","viewName":"etm.portal.ui.managerequests.view.NewRequest","bindingPath":{"modelName":"newRequestItems","path":"/RequestItems/1"},"ancestor":{"id":"requestItemsTable","viewName":"etm.portal.ui.managerequests.view.NewRequest"}}},"wdio_ui5_key":"etmportal.ui.managerequests.view.NewRequestsap.ui.core.Icon{\"src\":{\"regex\":{\"source\":\"message\\\\-error\"}}}{\"controlType\":\"sap.m.ColumnListItem\",\"viewName\":\"etm.portal.ui.managerequests.view.NewRequest\",\"bindingPath\":{\"modelName\":\"newRequestItems\",\"path\":\"/RequestItems/1\"},\"ancestor\":{\"id\":\"requestItemsTable\",\"viewName\":\"etm.portal.ui.managerequests.view.NewRequest\"}}"}]}
RESULT: undefined
COMMAND: POST /session/c52f3edd894b3289261c0762f3735e7d/element - {"using":"xpath","value":"//*[@id=\"__status4-__xmlview1--requestItemsTable-1-icon\"]"}
RESULT: {}
RESULT: {"using":"xpath","value":"//*[@id=\"__status4-__xmlview1--requestItemsTable-1-icon\"]"}
COMMAND: POST /session/c52f3edd894b3289261c0762f3735e7d/element/f.00CEB3DD14B2376F96DB663D79287A8F.d.9F62E26E7F12575BC031B655968E7424.e.5552/click - {}
RESULT: {}
COMMAND: GET /session/c52f3edd894b3289261c0762f3735e7d/screenshot - {}
RESULT: {}
RESULT: undefined
COMMAND: POST /session/c52f3edd894b3289261c0762f3735e7d/execute/async - {"script":"<script> [776 bytes]","args":[{"enterText":"Cost Center","selector":{"id":"costObjectAdminTypeComboBox","viewName":"etm.portal.ui.managerequests.view.NewRequest","searchOpenDialogs":true,"interaction":{"idSuffix":"inner"}},"clearTextFirst":true,"interactionType":"ENTER_TEXT"}]}
RESULT: {"script":"<script> [776 bytes]","args":[{"enterText":"Cost Center","selector":{"id":"costObjectAdminTypeComboBox","viewName":"etm.portal.ui.managerequests.view.NewRequest","searchOpenDialogs":true,"interaction":{"idSuffix":"inner"}},"clearTextFirst":true,"interactionType":"ENTER_TEXT"}]}
COMMAND: POST /session/c52f3edd894b3289261c0762f3735e7d/actions - {"actions":[{"id":"action42","type":"key","parameters":{},"actions":[{"type":"keyDown","value":""},{"type":"pause","duration":10},{"type":"keyUp","value":""}]}]}
RESULT: {"actions":[{"id":"action42","type":"key","parameters":{},"actions":[{"type":"keyDown","value":""},{"type":"pause","duration":10},{"type":"keyUp","value":""}]}]}
COMMAND: GET /session/c52f3edd894b3289261c0762f3735e7d/screenshot - {}
RESULT: {}
RESULT: undefined
COMMAND: POST /session/c52f3edd894b3289261c0762f3735e7d/execute/async - {"script":"<script> [776 bytes]","args":[{"enterText":"1001 - 1001","selector":{"id":"costObjectIdComboBox","viewName":"etm.portal.ui.managerequests.view.NewRequest","searchOpenDialogs":true,"interaction":{"idSuffix":"inner"}},"clearTextFirst":true,"interactionType":"ENTER_TEXT"}]}
RESULT: {"script":"<script> [776 bytes]","args":[{"enterText":"1001 - 1001","selector":{"id":"costObjectIdComboBox","viewName":"etm.portal.ui.managerequests.view.NewRequest","searchOpenDialogs":true,"interaction":{"idSuffix":"inner"}},"clearTextFirst":true,"interactionType":"ENTER_TEXT"}]}
COMMAND: POST /session/c52f3edd894b3289261c0762f3735e7d/actions - {"actions":[{"id":"action43","type":"key","parameters":{},"actions":[{"type":"keyDown","value":""},{"type":"pause","duration":10},{"type":"keyUp","value":""}]}]}
RESULT: {"actions":[{"id":"action43","type":"key","parameters":{},"actions":[{"type":"keyDown","value":""},{"type":"pause","duration":10},{"type":"keyUp","value":""}]}]}
COMMAND: GET /session/c52f3edd894b3289261c0762f3735e7d/screenshot - {}
RESULT: {}
COMMAND: POST /session/c52f3edd894b3289261c0762f3735e7d/element - {"using":"xpath","value":"(//bdi[(text() = 'Save' or . = 'Save')])[1]"}
RESULT: {"using":"xpath","value":"(//bdi[(text() = 'Save' or . = 'Save')])[1]"}
COMMAND: POST /session/c52f3edd894b3289261c0762f3735e7d/element/f.00CEB3DD14B2376F96DB663D79287A8F.d.9F62E26E7F12575BC031B655968E7424.e.5565/click - {}
RESULT: {}
COMMAND: GET /session/c52f3edd894b3289261c0762f3735e7d/screenshot - {}
RESULT: {}
COMMAND: POST /session/c52f3edd894b3289261c0762f3735e7d/execute/async - {"script":"<script> [1562 bytes]","args":[{"selector":{"controlType":"sap.m.Button","viewName":"etm.portal.ui.managerequests.view.NewRequest","bindingPath":{"path":"/RequestItems/0","propertyPath":"PICK_UP","modelName":"newRequestItems"},"interaction":{"idSuffix":"BDI-content"}},"wdio_ui5_key":"etmportal.ui.managerequests.view.NewRequestsap.m.Button{\"path\":\"/RequestItems/0\",\"propertyPath\":\"PICK_UP\",\"modelName\":\"newRequestItems\"}"}]}
RESULT: {"script":"<script> [1562 bytes]","args":[{"selector":{"controlType":"sap.m.Button","viewName":"etm.portal.ui.managerequests.view.NewRequest","bindingPath":{"path":"/RequestItems/0","propertyPath":"PICK_UP","modelName":"newRequestItems"},"interaction":{"idSuffix":"BDI-content"}},"wdio_ui5_key":"etmportal.ui.managerequests.view.NewRequestsap.m.Button{\"path\":\"/RequestItems/0\",\"propertyPath\":\"PICK_UP\",\"modelName\":\"newRequestItems\"}"}]}
RESULT: undefined
COMMAND: POST /session/c52f3edd894b3289261c0762f3735e7d/element - {"using":"xpath","value":"//*[@id=\"__xmlview1--pickUpItemButton-__xmlview1--requestItemsTable-0\"]"}
RESULT: {"using":"xpath","value":"//*[@id=\"__xmlview1--pickUpItemButton-__xmlview1--requestItemsTable-0\"]"}
COMMAND: POST /session/c52f3edd894b3289261c0762f3735e7d/element/f.00CEB3DD14B2376F96DB663D79287A8F.d.9F62E26E7F12575BC031B655968E7424.e.5569/click - {}
RESULT: {}
COMMAND: GET /session/c52f3edd894b3289261c0762f3735e7d/screenshot - {}
RESULT: {}
COMMAND: POST /session/c52f3edd894b3289261c0762f3735e7d/execute/async - {"script":"<script> [1562 bytes]","args":[{"selector":{"controlType":"sap.m.Button","viewName":"etm.portal.ui.managerequests.view.NewRequest","properties":{"text":"Save"},"i18NText":{"propertyName":"tooltip","key":"save"},"interaction":{"idSuffix":"BDI-content"}},"wdio_ui5_key":"etmportal.ui.managerequests.view.NewRequestsap.m.Button{\"propertyName\":\"tooltip\",\"key\":\"save\"}{\"text\":\"Save\"}"}]}
RESULT: {"script":"<script> [1562 bytes]","args":[{"selector":{"controlType":"sap.m.Button","viewName":"etm.portal.ui.managerequests.view.NewRequest","properties":{"text":"Save"},"i18NText":{"propertyName":"tooltip","key":"save"},"interaction":{"idSuffix":"BDI-content"}},"wdio_ui5_key":"etmportal.ui.managerequests.view.NewRequestsap.m.Button{\"propertyName\":\"tooltip\",\"key\":\"save\"}{\"text\":\"Save\"}"}]}
RESULT: undefined
COMMAND: POST /session/c52f3edd894b3289261c0762f3735e7d/element - {"using":"xpath","value":"//*[@id=\"__button11\"]"}
RESULT: {"using":"xpath","value":"//*[@id=\"__button11\"]"}
COMMAND: POST /session/c52f3edd894b3289261c0762f3735e7d/element/f.00CEB3DD14B2376F96DB663D79287A8F.d.9F62E26E7F12575BC031B655968E7424.e.5409/click - {}
RESULT: {}
COMMAND: GET /session/c52f3edd894b3289261c0762f3735e7d/screenshot - {}
RESULT: {}
COMMAND: POST /session/c52f3edd894b3289261c0762f3735e7d/execute/async - {"script":"<script> [1562 bytes]","args":[{"selector":{"controlType":"sap.m.Text","searchOpenDialogs":true},"wdio_ui5_key":"sapm.Text"}]}
RESULT: {"script":"<script> [1562 bytes]","args":[{"selector":{"controlType":"sap.m.Text","searchOpenDialogs":true},"wdio_ui5_key":"sapm.Text"}]}
RESULT: undefined
COMMAND: POST /session/c52f3edd894b3289261c0762f3735e7d/execute/async - {"script":"<script> [6424 bytes]","args":[{"element-6066-11e4-a52e-4f735466cecf":"f.00CEB3DD14B2376F96DB663D79287A8F.d.9F62E26E7F12575BC031B655968E7424.e.5572"},"getText",[]]}
RESULT: {"script":"<script> [6424 bytes]","args":[{"element-6066-11e4-a52e-4f735466cecf":"f.00CEB3DD14B2376F96DB663D79287A8F.d.9F62E26E7F12575BC031B655968E7424.e.5572"},"getText",[]]}
COMMAND: POST /session/c52f3edd894b3289261c0762f3735e7d/execute/async - {"script":"<script> [1562 bytes]","args":[{"selector":{"controlType":"sap.m.Button","properties":{"text":"Close"},"searchOpenDialogs":true,"interaction":{"idSuffix":"BDI-content"}},"wdio_ui5_key":"sapm.Button{\"text\":\"Close\"}"}]}
RESULT: {"script":"<script> [1562 bytes]","args":[{"selector":{"controlType":"sap.m.Button","properties":{"text":"Close"},"searchOpenDialogs":true,"interaction":{"idSuffix":"BDI-content"}},"wdio_ui5_key":"sapm.Button{\"text\":\"Close\"}"}]}
RESULT: undefined
COMMAND: POST /session/c52f3edd894b3289261c0762f3735e7d/element - {"using":"xpath","value":"//*[@id=\"__mbox-btn-0\"]"}
RESULT: {"using":"xpath","value":"//*[@id=\"__mbox-btn-0\"]"}
COMMAND: POST /session/c52f3edd894b3289261c0762f3735e7d/element/f.00CEB3DD14B2376F96DB663D79287A8F.d.9F62E26E7F12575BC031B655968E7424.e.5571/click - {}
RESULT: {}
COMMAND: GET /session/c52f3edd894b3289261c0762f3735e7d/screenshot - {}
RESULT: {}
COMMAND: POST /session/c52f3edd894b3289261c0762f3735e7d/execute/async - {"script":"<script> [1562 bytes]","args":[{"selector":{"controlType":"sap.m.Button","viewName":"etm.portal.ui.managerequests.view.Detail","bindingPath":{"path":"/SmartRequestItemsPlanningBoard(ITEM=10m,REQUEST='20103')","propertyPath":"PICK_UP"}},"wdio_ui5_key":"etmportal.ui.managerequests.view.Detailsap.m.Button{\"path\":\"/SmartRequestItemsPlanningBoard(ITEM=10m,REQUEST='20103')\",\"propertyPath\":\"PICK_UP\"}"}]}
RESULT: {"script":"<script> [1562 bytes]","args":[{"selector":{"controlType":"sap.m.Button","viewName":"etm.portal.ui.managerequests.view.Detail","bindingPath":{"path":"/SmartRequestItemsPlanningBoard(ITEM=10m,REQUEST='20103')","propertyPath":"PICK_UP"}},"wdio_ui5_key":"etmportal.ui.managerequests.view.Detailsap.m.Button{\"path\":\"/SmartRequestItemsPlanningBoard(ITEM=10m,REQUEST='20103')\",\"propertyPath\":\"PICK_UP\"}"}]}
RESULT: undefined
COMMAND: POST /session/c52f3edd894b3289261c0762f3735e7d/execute/async - {"script":"<script> [6424 bytes]","args":[{"element-6066-11e4-a52e-4f735466cecf":"f.00CEB3DD14B2376F96DB663D79287A8F.d.9F62E26E7F12575BC031B655968E7424.e.5696"},"getType",[]]}
RESULT: {"script":"<script> [6424 bytes]","args":[{"element-6066-11e4-a52e-4f735466cecf":"f.00CEB3DD14B2376F96DB663D79287A8F.d.9F62E26E7F12575BC031B655968E7424.e.5696"},"getType",[]]}
COMMAND: POST /session/c52f3edd894b3289261c0762f3735e7d/execute/async - {"script":"<script> [1562 bytes]","args":[{"selector":{"controlType":"sap.m.Button","viewName":"etm.portal.ui.managerequests.view.Detail","bindingPath":{"path":"/SmartRequestItemsPlanningBoard(ITEM=20m,REQUEST='20103')","propertyPath":"PICK_UP"}},"wdio_ui5_key":"etmportal.ui.managerequests.view.Detailsap.m.Button{\"path\":\"/SmartRequestItemsPlanningBoard(ITEM=20m,REQUEST='20103')\",\"propertyPath\":\"PICK_UP\"}"}]}
RESULT: {"script":"<script> [1562 bytes]","args":[{"selector":{"controlType":"sap.m.Button","viewName":"etm.portal.ui.managerequests.view.Detail","bindingPath":{"path":"/SmartRequestItemsPlanningBoard(ITEM=20m,REQUEST='20103')","propertyPath":"PICK_UP"}},"wdio_ui5_key":"etmportal.ui.managerequests.view.Detailsap.m.Button{\"path\":\"/SmartRequestItemsPlanningBoard(ITEM=20m,REQUEST='20103')\",\"propertyPath\":\"PICK_UP\"}"}]}
RESULT: undefined
COMMAND: POST /session/c52f3edd894b3289261c0762f3735e7d/execute/async - {"script":"<script> [6424 bytes]","args":[{"element-6066-11e4-a52e-4f735466cecf":"f.00CEB3DD14B2376F96DB663D79287A8F.d.9F62E26E7F12575BC031B655968E7424.e.5697"},"getType",[]]}
RESULT: {"script":"<script> [6424 bytes]","args":[{"element-6066-11e4-a52e-4f735466cecf":"f.00CEB3DD14B2376F96DB663D79287A8F.d.9F62E26E7F12575BC031B655968E7424.e.5697"},"getType",[]]}
COMMAND: POST /session/c52f3edd894b3289261c0762f3735e7d/execute/async - {"script":"<script> [1562 bytes]","args":[{"selector":{"id":"pickUpSwitchHeader","viewName":"etm.portal.ui.managerequests.view.Detail","interaction":{"idSuffix":"handle"}},"wdio_ui5_key":"pickUpSwitchHeaderetmportal.ui.managerequests.view.Detail"}]}
RESULT: {"script":"<script> [1562 bytes]","args":[{"selector":{"id":"pickUpSwitchHeader","viewName":"etm.portal.ui.managerequests.view.Detail","interaction":{"idSuffix":"handle"}},"wdio_ui5_key":"pickUpSwitchHeaderetmportal.ui.managerequests.view.Detail"}]}
RESULT: undefined
COMMAND: POST /session/c52f3edd894b3289261c0762f3735e7d/element - {"using":"xpath","value":"//*[@id=\"__xmlview2--pickUpSwitchHeader\"]"}
RESULT: {"using":"xpath","value":"//*[@id=\"__xmlview2--pickUpSwitchHeader\"]"}
COMMAND: POST /session/c52f3edd894b3289261c0762f3735e7d/element/f.00CEB3DD14B2376F96DB663D79287A8F.d.9F62E26E7F12575BC031B655968E7424.e.5651/click - {}
RESULT: {}
COMMAND: POST /session/c52f3edd894b3289261c0762f3735e7d/execute/async - {"script":"<script> [1562 bytes]","args":[{"selector":{"controlType":"sap.ui.core.Icon","viewName":"etm.portal.ui.managerequests.view.Detail","properties":{"src":{"regex":{"source":"pushpin\\-off"}}}},"wdio_ui5_key":"etmportal.ui.managerequests.view.Detailsap.ui.core.Icon{\"src\":{\"regex\":{\"source\":\"pushpin\\\\-off\"}}}"}]}
COMMAND: GET /session/c52f3edd894b3289261c0762f3735e7d/screenshot - {}
RESULT: {"script":"<script> [1562 bytes]","args":[{"selector":{"controlType":"sap.ui.core.Icon","viewName":"etm.portal.ui.managerequests.view.Detail","properties":{"src":{"regex":{"source":"pushpin\\-off"}}}},"wdio_ui5_key":"etmportal.ui.managerequests.view.Detailsap.ui.core.Icon{\"src\":{\"regex\":{\"source\":\"pushpin\\\\-off\"}}}"}]}
RESULT: undefined
COMMAND: POST /session/c52f3edd894b3289261c0762f3735e7d/element - {"using":"xpath","value":"//*[@id=\"__xmlview2--detailRequestPage-OPHeaderContent-pinBtn-img\"]"}
RESULT: {}
RESULT: {"using":"xpath","value":"//*[@id=\"__xmlview2--detailRequestPage-OPHeaderContent-pinBtn-img\"]"}
COMMAND: POST /session/c52f3edd894b3289261c0762f3735e7d/element/f.00CEB3DD14B2376F96DB663D79287A8F.d.9F62E26E7F12575BC031B655968E7424.e.5659/click - {}
RESULT: {}
RESULT: undefined
COMMAND: POST /session/c52f3edd894b3289261c0762f3735e7d/execute/async - {"script":"<script> [6424 bytes]","args":[{"element-6066-11e4-a52e-4f735466cecf":"f.00CEB3DD14B2376F96DB663D79287A8F.d.9F62E26E7F12575BC031B655968E7424.e.5696"},"getType",[]]}
COMMAND: GET /session/c52f3edd894b3289261c0762f3735e7d/screenshot - {}
RESULT: {"script":"<script> [6424 bytes]","args":[{"element-6066-11e4-a52e-4f735466cecf":"f.00CEB3DD14B2376F96DB663D79287A8F.d.9F62E26E7F12575BC031B655968E7424.e.5696"},"getType",[]]}
RESULT: undefined
COMMAND: POST /session/c52f3edd894b3289261c0762f3735e7d/execute/async - {"script":"<script> [6424 bytes]","args":[{"element-6066-11e4-a52e-4f735466cecf":"f.00CEB3DD14B2376F96DB663D79287A8F.d.9F62E26E7F12575BC031B655968E7424.e.5697"},"getType",[]]}
RESULT: {}
RESULT: {"script":"<script> [6424 bytes]","args":[{"element-6066-11e4-a52e-4f735466cecf":"f.00CEB3DD14B2376F96DB663D79287A8F.d.9F62E26E7F12575BC031B655968E7424.e.5697"},"getType",[]]}
COMMAND: POST /session/c52f3edd894b3289261c0762f3735e7d/execute/async - {"script":"<script> [1562 bytes]","args":[{"selector":{"controlType":"sap.ui.core.Icon","viewName":"etm.portal.ui.managerequests.view.Detail","properties":{"src":{"regex":{"source":"date\\-time"}}},"ancestor":{"controlType":"sap.m.ColumnListItem","viewName":"etm.portal.ui.managerequests.view.Detail","bindingPath":{"path":"/SmartRequestItemsPlanningBoard(ITEM=10m,REQUEST='20103')"},"ancestor":{"id":"requestItemsTable","viewName":"etm.portal.ui.managerequests.view.Detail"}}},"wdio_ui5_key":"etmportal.ui.managerequests.view.Detailsap.ui.core.Icon{\"src\":{\"regex\":{\"source\":\"date\\\\-time\"}}}{\"controlType\":\"sap.m.ColumnListItem\",\"viewName\":\"etm.portal.ui.managerequests.view.Detail\",\"bindingPath\":{\"path\":\"/SmartRequestItemsPlanningBoard(ITEM=10m,REQUEST='20103')\"},\"ancestor\":{\"id\":\"requestItemsTable\",\"viewName\":\"etm.portal.ui.managerequests.view.Detail\"}}"}]}
RESULT: {"script":"<script> [1562 bytes]","args":[{"selector":{"controlType":"sap.ui.core.Icon","viewName":"etm.portal.ui.managerequests.view.Detail","properties":{"src":{"regex":{"source":"date\\-time"}}},"ancestor":{"controlType":"sap.m.ColumnListItem","viewName":"etm.portal.ui.managerequests.view.Detail","bindingPath":{"path":"/SmartRequestItemsPlanningBoard(ITEM=10m,REQUEST='20103')"},"ancestor":{"id":"requestItemsTable","viewName":"etm.portal.ui.managerequests.view.Detail"}}},"wdio_ui5_key":"etmportal.ui.managerequests.view.Detailsap.ui.core.Icon{\"src\":{\"regex\":{\"source\":\"date\\\\-time\"}}}{\"controlType\":\"sap.m.ColumnListItem\",\"viewName\":\"etm.portal.ui.managerequests.view.Detail\",\"bindingPath\":{\"path\":\"/SmartRequestItemsPlanningBoard(ITEM=10m,REQUEST='20103')\"},\"ancestor\":{\"id\":\"requestItemsTable\",\"viewName\":\"etm.portal.ui.managerequests.view.Detail\"}}"}]}
RESULT: undefined
COMMAND: POST /session/c52f3edd894b3289261c0762f3735e7d/element - {"using":"xpath","value":"//*[@id=\"__button39-__clone1825-img\"]"}
RESULT: {"using":"xpath","value":"//*[@id=\"__button39-__clone1825-img\"]"}
COMMAND: POST /session/c52f3edd894b3289261c0762f3735e7d/element/f.00CEB3DD14B2376F96DB663D79287A8F.d.9F62E26E7F12575BC031B655968E7424.e.5705/click - {}
RESULT: {}
COMMAND: POST /session/c52f3edd894b3289261c0762f3735e7d/execute/async - {"script":"<script> [1562 bytes]","args":[{"selector":{"controlType":"sap.m.Button","viewName":"etm.portal.ui.managerequests.view.Detail","properties":{"text":"Close"},"searchOpenDialogs":true,"interaction":{"idSuffix":"inner"}},"wdio_ui5_key":"etmportal.ui.managerequests.view.Detailsap.m.Button{\"text\":\"Close\"}"}]}
COMMAND: GET /session/c52f3edd894b3289261c0762f3735e7d/screenshot - {}
RESULT: {"script":"<script> [1562 bytes]","args":[{"selector":{"controlType":"sap.m.Button","viewName":"etm.portal.ui.managerequests.view.Detail","properties":{"text":"Close"},"searchOpenDialogs":true,"interaction":{"idSuffix":"inner"}},"wdio_ui5_key":"etmportal.ui.managerequests.view.Detailsap.m.Button{\"text\":\"Close\"}"}]}
RESULT: undefined
COMMAND: POST /session/c52f3edd894b3289261c0762f3735e7d/element - {"using":"xpath","value":"//*[@id=\"__button49\"]"}
RESULT: {}
RESULT: {"using":"xpath","value":"//*[@id=\"__button49\"]"}
COMMAND: POST /session/c52f3edd894b3289261c0762f3735e7d/element/f.00CEB3DD14B2376F96DB663D79287A8F.d.9F62E26E7F12575BC031B655968E7424.e.5707/click - {}
RESULT: {}
COMMAND: POST /session/c52f3edd894b3289261c0762f3735e7d/execute/async - {"script":"<script> [1562 bytes]","args":[{"selector":{"controlType":"sap.ui.core.Icon","viewName":"etm.portal.ui.managerequests.view.Detail","properties":{"src":{"regex":{"source":"date\\-time"}}},"ancestor":{"controlType":"sap.m.ColumnListItem","viewName":"etm.portal.ui.managerequests.view.Detail","bindingPath":{"path":"/SmartRequestItemsPlanningBoard(ITEM=20m,REQUEST='20103')"},"ancestor":{"id":"requestItemsTable","viewName":"etm.portal.ui.managerequests.view.Detail"}}},"wdio_ui5_key":"etmportal.ui.managerequests.view.Detailsap.ui.core.Icon{\"src\":{\"regex\":{\"source\":\"date\\\\-time\"}}}{\"controlType\":\"sap.m.ColumnListItem\",\"viewName\":\"etm.portal.ui.managerequests.view.Detail\",\"bindingPath\":{\"path\":\"/SmartRequestItemsPlanningBoard(ITEM=20m,REQUEST='20103')\"},\"ancestor\":{\"id\":\"requestItemsTable\",\"viewName\":\"etm.portal.ui.managerequests.view.Detail\"}}"}]}
COMMAND: GET /session/c52f3edd894b3289261c0762f3735e7d/screenshot - {}
RESULT: {"script":"<script> [1562 bytes]","args":[{"selector":{"controlType":"sap.ui.core.Icon","viewName":"etm.portal.ui.managerequests.view.Detail","properties":{"src":{"regex":{"source":"date\\-time"}}},"ancestor":{"controlType":"sap.m.ColumnListItem","viewName":"etm.portal.ui.managerequests.view.Detail","bindingPath":{"path":"/SmartRequestItemsPlanningBoard(ITEM=20m,REQUEST='20103')"},"ancestor":{"id":"requestItemsTable","viewName":"etm.portal.ui.managerequests.view.Detail"}}},"wdio_ui5_key":"etmportal.ui.managerequests.view.Detailsap.ui.core.Icon{\"src\":{\"regex\":{\"source\":\"date\\\\-time\"}}}{\"controlType\":\"sap.m.ColumnListItem\",\"viewName\":\"etm.portal.ui.managerequests.view.Detail\",\"bindingPath\":{\"path\":\"/SmartRequestItemsPlanningBoard(ITEM=20m,REQUEST='20103')\"},\"ancestor\":{\"id\":\"requestItemsTable\",\"viewName\":\"etm.portal.ui.managerequests.view.Detail\"}}"}]}
RESULT: undefined
COMMAND: POST /session/c52f3edd894b3289261c0762f3735e7d/element - {"using":"xpath","value":"//*[@id=\"__button39-__clone1826-img\"]"}
RESULT: {}
RESULT: {"using":"xpath","value":"//*[@id=\"__button39-__clone1826-img\"]"}
COMMAND: POST /session/c52f3edd894b3289261c0762f3735e7d/element/f.00CEB3DD14B2376F96DB663D79287A8F.d.9F62E26E7F12575BC031B655968E7424.e.5714/click - {}
RESULT: {}
RESULT: undefined
COMMAND: POST /session/c52f3edd894b3289261c0762f3735e7d/element - {"using":"xpath","value":"//*[@id=\"__button49\"]"}
COMMAND: GET /session/c52f3edd894b3289261c0762f3735e7d/screenshot - {}
RESULT: {"using":"xpath","value":"//*[@id=\"__button49\"]"}
COMMAND: POST /session/c52f3edd894b3289261c0762f3735e7d/elements - {"using":"xpath","value":"//*[@id=\"__button49\"]"}
RESULT: {}
RESULT: {"using":"xpath","value":"//*[@id=\"__button49\"]"}
COMMAND: POST /session/c52f3edd894b3289261c0762f3735e7d/element - {"using":"xpath","value":"//*[@id=\"__button49\"]"}
RESULT: {"using":"xpath","value":"//*[@id=\"__button49\"]"}
COMMAND: POST /session/c52f3edd894b3289261c0762f3735e7d/element/f.00CEB3DD14B2376F96DB663D79287A8F.d.9F62E26E7F12575BC031B655968E7424.e.5721/click - {}
RESULT: {}
COMMAND: POST /session/c52f3edd894b3289261c0762f3735e7d/execute/async - {"script":"<script> [189 bytes]","args":[]}
COMMAND: GET /session/c52f3edd894b3289261c0762f3735e7d/screenshot - {}
RESULT: {"script":"<script> [189 bytes]","args":[]}
COMMAND: POST /session/c52f3edd894b3289261c0762f3735e7d/execute/async - {"script":"<script> [123 bytes]","args":[]}
RESULT: {}
RESULT: {"script":"<script> [123 bytes]","args":[]}
COMMAND: POST /session/c52f3edd894b3289261c0762f3735e7d/timeouts - {"script":"<number>"}
RESULT: {"script":"<number>"}
COMMAND: GET /session/c52f3edd894b3289261c0762f3735e7d/timeouts - {}
RESULT: {}
RESULT: undefined
COMMAND: POST /session/c52f3edd894b3289261c0762f3735e7d/execute/async - {"script":"<script> [2676 bytes]","args":[]}
RESULT: {"script":"<script> [2676 bytes]","args":[]}
COMMAND: POST /session/c52f3edd894b3289261c0762f3735e7d/execute/async - {"script":"<script> [2342 bytes]","args":[{"protocol":"http","hostname":"0.0.0.0","path":"/","capabilities":{"browserName":"chrome","goog:chromeOptions":{"binary":"C:\\Program Files\\Google\\Chrome\\Application\\chrome.exe","args":["--start-maximized"]}},"logLevel":"warn","connectionRetryTimeout":120000,"connectionRetryCount":3,"logLevels":{},"enableDirectConnect":true,"strictSSL":true,"_":"65 more keys: [\"cacheDir\",\"port\",\"requestedCapabilities\",\"automationProtocol\",\"baseUrl\",\"waitforInterval\",\"waitforTimeout\",\"onReload\",\"beforeCommand\",\"afterCommand\",\"rootDir\",\"specs\",\"suites\",\"exclude\",\"groupLogsByTestSpec\",\"excludeDriverLogs\",\"bail\",\"framework\",\"reporters\",\"services\",\"maxInstances\",\"maxInstancesPerCapability\",\"injectGlobals\",\"filesToWatch\",\"execArgv\",\"runnerEnv\",\"runner\",\"shard\",\"specFileRetries\",\"specFileRetriesDelay\",\"specFileRetriesDeferred\",\"reporterSyncInterval\",\"reporterSyncTimeout\",\"cucumberFeaturesWithLineNumbers\",\"autoCompileOpts\",\"mochaOpts\",\"jasmineOpts\",\"cucumberOpts\",\"onPrepare\",\"onWorkerStart\",\"onWorkerEnd\",\"before\",\"beforeSession\",\"beforeSuite\",\"beforeHook\",\"beforeTest\",\"afterTest\",\"afterHook\",\"afterSuite\",\"afterSession\",\"after\",\"onComplete\",\"beforeAssertion\",\"afterAssertion\",\"beforeFeature\",\"beforeScenario\",\"beforeStep\",\"afterStep\",\"afterScenario\",\"afterFeature\",\"_\",\"suite\",\"$0\",\"ignoredWorkerServices\",\"wdi5\"]"}]}
RESULT: {"script":"<script> [2342 bytes]","args":[{"protocol":"http","hostname":"0.0.0.0","path":"/","capabilities":{"browserName":"chrome","goog:chromeOptions":{"binary":"C:\\Program Files\\Google\\Chrome\\Application\\chrome.exe","args":["--start-maximized"]}},"logLevel":"warn","connectionRetryTimeout":120000,"connectionRetryCount":3,"logLevels":{},"enableDirectConnect":true,"strictSSL":true,"_":"65 more keys: [\"cacheDir\",\"port\",\"requestedCapabilities\",\"automationProtocol\",\"baseUrl\",\"waitforInterval\",\"waitforTimeout\",\"onReload\",\"beforeCommand\",\"afterCommand\",\"rootDir\",\"specs\",\"suites\",\"exclude\",\"groupLogsByTestSpec\",\"excludeDriverLogs\",\"bail\",\"framework\",\"reporters\",\"services\",\"maxInstances\",\"maxInstancesPerCapability\",\"injectGlobals\",\"filesToWatch\",\"execArgv\",\"runnerEnv\",\"runner\",\"shard\",\"specFileRetries\",\"specFileRetriesDelay\",\"specFileRetriesDeferred\",\"reporterSyncInterval\",\"reporterSyncTimeout\",\"cucumberFeaturesWithLineNumbers\",\"autoCompileOpts\",\"mochaOpts\",\"jasmineOpts\",\"cucumberOpts\",\"onPrepare\",\"onWorkerStart\",\"onWorkerEnd\",\"before\",\"beforeSession\",\"beforeSuite\",\"beforeHook\",\"beforeTest\",\"afterTest\",\"afterHook\",\"afterSuite\",\"afterSession\",\"after\",\"onComplete\",\"beforeAssertion\",\"afterAssertion\",\"beforeFeature\",\"beforeScenario\",\"beforeStep\",\"afterStep\",\"afterScenario\",\"afterFeature\",\"_\",\"suite\",\"$0\",\"ignoredWorkerServices\",\"wdi5\"]"}]}
COMMAND: POST /session/c52f3edd894b3289261c0762f3735e7d/execute/async - {"script":"<script> [21126 bytes]","args":[35000]}
RESULT: {"script":"<script> [21126 bytes]","args":[35000]}
COMMAND: POST /session/c52f3edd894b3289261c0762f3735e7d/execute/async - {"script":"<script> [1562 bytes]","args":[{"selector":{"controlType":"sap.m.Button","viewName":"etm.portal.ui.managerequests.view.Detail","bindingPath":{"path":"/SmartRequestItemsPlanningBoard(ITEM=10m,REQUEST='20103')","propertyPath":"PICK_UP"}},"wdio_ui5_key":"etmportal.ui.managerequests.view.Detailsap.m.Button{\"path\":\"/SmartRequestItemsPlanningBoard(ITEM=10m,REQUEST='20103')\",\"propertyPath\":\"PICK_UP\"}"}]}
RESULT: {"script":"<script> [1562 bytes]","args":[{"selector":{"controlType":"sap.m.Button","viewName":"etm.portal.ui.managerequests.view.Detail","bindingPath":{"path":"/SmartRequestItemsPlanningBoard(ITEM=10m,REQUEST='20103')","propertyPath":"PICK_UP"}},"wdio_ui5_key":"etmportal.ui.managerequests.view.Detailsap.m.Button{\"path\":\"/SmartRequestItemsPlanningBoard(ITEM=10m,REQUEST='20103')\",\"propertyPath\":\"PICK_UP\"}"}]}
RESULT: undefined
COMMAND: POST /session/c52f3edd894b3289261c0762f3735e7d/execute/async - {"script":"<script> [6424 bytes]","args":[{"element-6066-11e4-a52e-4f735466cecf":"f.00CEB3DD14B2376F96DB663D79287A8F.d.9F62E26E7F12575BC031B655968E7424.e.5696"},"getType",[]]}
RESULT: {"script":"<script> [6424 bytes]","args":[{"element-6066-11e4-a52e-4f735466cecf":"f.00CEB3DD14B2376F96DB663D79287A8F.d.9F62E26E7F12575BC031B655968E7424.e.5696"},"getType",[]]}
COMMAND: POST /session/c52f3edd894b3289261c0762f3735e7d/execute/async - {"script":"<script> [1562 bytes]","args":[{"selector":{"controlType":"sap.m.Button","viewName":"etm.portal.ui.managerequests.view.Detail","bindingPath":{"path":"/SmartRequestItemsPlanningBoard(ITEM=20m,REQUEST='20103')","propertyPath":"PICK_UP"}},"wdio_ui5_key":"etmportal.ui.managerequests.view.Detailsap.m.Button{\"path\":\"/SmartRequestItemsPlanningBoard(ITEM=20m,REQUEST='20103')\",\"propertyPath\":\"PICK_UP\"}"}]}
RESULT: {"script":"<script> [1562 bytes]","args":[{"selector":{"controlType":"sap.m.Button","viewName":"etm.portal.ui.managerequests.view.Detail","bindingPath":{"path":"/SmartRequestItemsPlanningBoard(ITEM=20m,REQUEST='20103')","propertyPath":"PICK_UP"}},"wdio_ui5_key":"etmportal.ui.managerequests.view.Detailsap.m.Button{\"path\":\"/SmartRequestItemsPlanningBoard(ITEM=20m,REQUEST='20103')\",\"propertyPath\":\"PICK_UP\"}"}]}
RESULT: undefined
COMMAND: POST /session/c52f3edd894b3289261c0762f3735e7d/execute/async - {"script":"<script> [6424 bytes]","args":[{"element-6066-11e4-a52e-4f735466cecf":"f.00CEB3DD14B2376F96DB663D79287A8F.d.9F62E26E7F12575BC031B655968E7424.e.5697"},"getType",[]]}
RESULT: {"script":"<script> [6424 bytes]","args":[{"element-6066-11e4-a52e-4f735466cecf":"f.00CEB3DD14B2376F96DB663D79287A8F.d.9F62E26E7F12575BC031B655968E7424.e.5697"},"getType",[]]}
]]></system-out>
    </testcase>
    <testcase classname="chrome.136_0_7103_93.windows.Manage_request_+_Contract_processing_pick_up_option_US120163_" name="Should Contract processing pick up option" time="178.382">
      <system-out><![CDATA[
COMMAND: POST /session/c52f3edd894b3289261c0762f3735e7d/execute/async - {"script":"<script> [1562 bytes]","args":[{"selector":{"id":"requestContractNo","viewName":"etm.portal.ui.managerequests.view.Detail"},"wdio_ui5_key":"requestContractNoetmportal.ui.managerequests.view.Detail"}]}
RESULT: {"script":"<script> [1562 bytes]","args":[{"selector":{"id":"requestContractNo","viewName":"etm.portal.ui.managerequests.view.Detail"},"wdio_ui5_key":"requestContractNoetmportal.ui.managerequests.view.Detail"}]}
RESULT: undefined
COMMAND: POST /session/c52f3edd894b3289261c0762f3735e7d/element - {"using":"xpath","value":"//*[@id=\"__xmlview2--requestContractNo\"]"}
RESULT: {"using":"xpath","value":"//*[@id=\"__xmlview2--requestContractNo\"]"}
COMMAND: POST /session/c52f3edd894b3289261c0762f3735e7d/element/f.00CEB3DD14B2376F96DB663D79287A8F.d.9F62E26E7F12575BC031B655968E7424.e.5726/click - {}
RESULT: {}
COMMAND: POST /session/c52f3edd894b3289261c0762f3735e7d/execute/async - {"script":"<script> [1562 bytes]","args":[{"selector":{"controlType":"sap.m.Link","viewName":"etm.portal.ui.managerequests.view.Detail","properties":{"text":"Contract Overview"},"searchOpenDialogs":true},"wdio_ui5_key":"etmportal.ui.managerequests.view.Detailsap.m.Link{\"text\":\"Contract Overview\"}"}]}
COMMAND: GET /session/c52f3edd894b3289261c0762f3735e7d/screenshot - {}
RESULT: {"script":"<script> [1562 bytes]","args":[{"selector":{"controlType":"sap.m.Link","viewName":"etm.portal.ui.managerequests.view.Detail","properties":{"text":"Contract Overview"},"searchOpenDialogs":true},"wdio_ui5_key":"etmportal.ui.managerequests.view.Detailsap.m.Link{\"text\":\"Contract Overview\"}"}]}
RESULT: undefined
COMMAND: POST /session/c52f3edd894b3289261c0762f3735e7d/element - {"using":"xpath","value":"//*[@id=\"__link8\"]"}
RESULT: {}
RESULT: {"using":"xpath","value":"//*[@id=\"__link8\"]"}
COMMAND: POST /session/c52f3edd894b3289261c0762f3735e7d/element/f.00CEB3DD14B2376F96DB663D79287A8F.d.9F62E26E7F12575BC031B655968E7424.e.5728/click - {}
RESULT: {}
COMMAND: GET /session/c52f3edd894b3289261c0762f3735e7d/screenshot - {}
RESULT: {}
COMMAND: POST /session/c52f3edd894b3289261c0762f3735e7d/element - {"using":"xpath","value":"//div[contains(@id ,\"headerBillingItemsTabFilter-text\")]"}
RESULT: {"using":"xpath","value":"//div[contains(@id ,\"headerBillingItemsTabFilter-text\")]"}
COMMAND: POST /session/c52f3edd894b3289261c0762f3735e7d/element/f.00CEB3DD14B2376F96DB663D79287A8F.d.9F62E26E7F12575BC031B655968E7424.e.5885/click - {}
RESULT: {}
COMMAND: GET /session/c52f3edd894b3289261c0762f3735e7d/screenshot - {}
RESULT: {}
COMMAND: POST /session/c52f3edd894b3289261c0762f3735e7d/execute/async - {"script":"<script> [1562 bytes]","args":[{"selector":{"id":"addRequestItemBtn","viewName":"etm.portal.ui.managecontracts.view.Detail","interaction":{"idSuffix":"BDI-content"}},"wdio_ui5_key":"addRequestItemBtnetmportal.ui.managecontracts.view.Detail"}]}
RESULT: {"script":"<script> [1562 bytes]","args":[{"selector":{"id":"addRequestItemBtn","viewName":"etm.portal.ui.managecontracts.view.Detail","interaction":{"idSuffix":"BDI-content"}},"wdio_ui5_key":"addRequestItemBtnetmportal.ui.managecontracts.view.Detail"}]}
RESULT: undefined
COMMAND: POST /session/c52f3edd894b3289261c0762f3735e7d/element - {"using":"xpath","value":"//*[@id=\"__xmlview4--addRequestItemBtn\"]"}
RESULT: {"using":"xpath","value":"//*[@id=\"__xmlview4--addRequestItemBtn\"]"}
COMMAND: POST /session/c52f3edd894b3289261c0762f3735e7d/element/f.00CEB3DD14B2376F96DB663D79287A8F.d.9F62E26E7F12575BC031B655968E7424.e.5820/click - {}
RESULT: {}
COMMAND: GET /session/c52f3edd894b3289261c0762f3735e7d/screenshot - {}
RESULT: {}
COMMAND: POST /session/c52f3edd894b3289261c0762f3735e7d/element - {"using":"xpath","value":"//div[contains(@id ,\"popupRequestTable-sa-CbBg\")]"}
RESULT: {"using":"xpath","value":"//div[contains(@id ,\"popupRequestTable-sa-CbBg\")]"}
COMMAND: POST /session/c52f3edd894b3289261c0762f3735e7d/element/f.00CEB3DD14B2376F96DB663D79287A8F.d.9F62E26E7F12575BC031B655968E7424.e.5963/click - {}
RESULT: {}
COMMAND: GET /session/c52f3edd894b3289261c0762f3735e7d/screenshot - {}
RESULT: {}
COMMAND: POST /session/c52f3edd894b3289261c0762f3735e7d/execute/async - {"script":"<script> [1562 bytes]","args":[{"selector":{"controlType":"sap.m.Button","viewName":"etm.portal.ui.managecontracts.view.Detail","i18NText":{"propertyName":"text","key":"selectionDone"},"searchOpenDialogs":true,"interaction":{"idSuffix":"content"}},"wdio_ui5_key":"etmportal.ui.managecontracts.view.Detailsap.m.Button{\"propertyName\":\"text\",\"key\":\"selectionDone\"}"}]}
RESULT: {"script":"<script> [1562 bytes]","args":[{"selector":{"controlType":"sap.m.Button","viewName":"etm.portal.ui.managecontracts.view.Detail","i18NText":{"propertyName":"text","key":"selectionDone"},"searchOpenDialogs":true,"interaction":{"idSuffix":"content"}},"wdio_ui5_key":"etmportal.ui.managecontracts.view.Detailsap.m.Button{\"propertyName\":\"text\",\"key\":\"selectionDone\"}"}]}
RESULT: undefined
COMMAND: POST /session/c52f3edd894b3289261c0762f3735e7d/element - {"using":"xpath","value":"//*[@id=\"__button64\"]"}
RESULT: {"using":"xpath","value":"//*[@id=\"__button64\"]"}
COMMAND: POST /session/c52f3edd894b3289261c0762f3735e7d/element/f.00CEB3DD14B2376F96DB663D79287A8F.d.9F62E26E7F12575BC031B655968E7424.e.5965/click - {}
RESULT: {}
COMMAND: POST /session/c52f3edd894b3289261c0762f3735e7d/execute/async - {"script":"<script> [1562 bytes]","args":[{"selector":{"controlType":"sap.m.Button","properties":{"text":"OK"},"searchOpenDialogs":true,"interaction":{"idSuffix":"inner"}},"wdio_ui5_key":"sapm.Button{\"text\":\"OK\"}"}]}
COMMAND: GET /session/c52f3edd894b3289261c0762f3735e7d/screenshot - {}
RESULT: {"script":"<script> [1562 bytes]","args":[{"selector":{"controlType":"sap.m.Button","properties":{"text":"OK"},"searchOpenDialogs":true,"interaction":{"idSuffix":"inner"}},"wdio_ui5_key":"sapm.Button{\"text\":\"OK\"}"}]}
RESULT: undefined
COMMAND: POST /session/c52f3edd894b3289261c0762f3735e7d/element - {"using":"xpath","value":"//*[@id=\"__mbox-btn-1\"]"}
RESULT: {}
RESULT: {"using":"xpath","value":"//*[@id=\"__mbox-btn-1\"]"}
COMMAND: POST /session/c52f3edd894b3289261c0762f3735e7d/element/f.00CEB3DD14B2376F96DB663D79287A8F.d.9F62E26E7F12575BC031B655968E7424.e.5967/click - {}
RESULT: {}
COMMAND: GET /session/c52f3edd894b3289261c0762f3735e7d/screenshot - {}
RESULT: {}
COMMAND: POST /session/c52f3edd894b3289261c0762f3735e7d/element - {"using":"xpath","value":"//div[contains(@id ,\"headerBillingItemsTabFilter-text\")]"}
RESULT: {"using":"xpath","value":"//div[contains(@id ,\"headerBillingItemsTabFilter-text\")]"}
COMMAND: POST /session/c52f3edd894b3289261c0762f3735e7d/element/f.00CEB3DD14B2376F96DB663D79287A8F.d.9F62E26E7F12575BC031B655968E7424.e.5885/click - {}
RESULT: {}
COMMAND: GET /session/c52f3edd894b3289261c0762f3735e7d/screenshot - {}
RESULT: {}
COMMAND: POST /session/c52f3edd894b3289261c0762f3735e7d/element - {"using":"xpath","value":"//button[contains(@data-kt ,\"refreshButton\")]"}
RESULT: {"using":"xpath","value":"//button[contains(@data-kt ,\"refreshButton\")]"}
COMMAND: POST /session/c52f3edd894b3289261c0762f3735e7d/element/f.00CEB3DD14B2376F96DB663D79287A8F.d.9F62E26E7F12575BC031B655968E7424.e.5817/click - {}
RESULT: {}
COMMAND: GET /session/c52f3edd894b3289261c0762f3735e7d/screenshot - {}
RESULT: {}
COMMAND: POST /session/c52f3edd894b3289261c0762f3735e7d/element - {"using":"xpath","value":"//div[contains(@id ,\"headerBillingItemsTabFilter-text\")]"}
RESULT: {"using":"xpath","value":"//div[contains(@id ,\"headerBillingItemsTabFilter-text\")]"}
COMMAND: POST /session/c52f3edd894b3289261c0762f3735e7d/element/f.00CEB3DD14B2376F96DB663D79287A8F.d.9F62E26E7F12575BC031B655968E7424.e.5885/click - {}
RESULT: {}
COMMAND: GET /session/c52f3edd894b3289261c0762f3735e7d/screenshot - {}
RESULT: {}
COMMAND: POST /session/c52f3edd894b3289261c0762f3735e7d/execute/async - {"script":"<script> [1562 bytes]","args":[{"selector":{"id":"contractDetailProvideButton","viewName":"etm.portal.ui.managecontracts.view.Detail","interaction":{"idSuffix":"BDI-content"}},"wdio_ui5_key":"contractDetailProvideButtonetmportal.ui.managecontracts.view.Detail"}]}
RESULT: {"script":"<script> [1562 bytes]","args":[{"selector":{"id":"contractDetailProvideButton","viewName":"etm.portal.ui.managecontracts.view.Detail","interaction":{"idSuffix":"BDI-content"}},"wdio_ui5_key":"contractDetailProvideButtonetmportal.ui.managecontracts.view.Detail"}]}
RESULT: undefined
COMMAND: POST /session/c52f3edd894b3289261c0762f3735e7d/element - {"using":"xpath","value":"//*[@id=\"__xmlview4--contractDetailProvideButton\"]"}
RESULT: {"using":"xpath","value":"//*[@id=\"__xmlview4--contractDetailProvideButton\"]"}
COMMAND: POST /session/c52f3edd894b3289261c0762f3735e7d/element/f.00CEB3DD14B2376F96DB663D79287A8F.d.9F62E26E7F12575BC031B655968E7424.e.5826/click - {}
RESULT: {}
COMMAND: GET /session/c52f3edd894b3289261c0762f3735e7d/screenshot - {}
RESULT: {}
COMMAND: POST /session/c52f3edd894b3289261c0762f3735e7d/execute/async - {"script":"<script> [1562 bytes]","args":[{"selector":{"id":"application-managehandovers-display-component---AddNewHO--pickUpCheckbox","interaction":{"idSuffix":"CbBg"}},"wdio_ui5_key":"applicationmanagehandovers-display-component---AddNewHO--pickUpCheckbox"}]}
RESULT: {"script":"<script> [1562 bytes]","args":[{"selector":{"id":"application-managehandovers-display-component---AddNewHO--pickUpCheckbox","interaction":{"idSuffix":"CbBg"}},"wdio_ui5_key":"applicationmanagehandovers-display-component---AddNewHO--pickUpCheckbox"}]}
RESULT: undefined
COMMAND: POST /session/c52f3edd894b3289261c0762f3735e7d/element - {"using":"xpath","value":"//*[@id=\"application-managehandovers-display-component---AddNewHO--pickUpCheckbox\"]"}
RESULT: {"using":"xpath","value":"//*[@id=\"application-managehandovers-display-component---AddNewHO--pickUpCheckbox\"]"}
COMMAND: POST /session/c52f3edd894b3289261c0762f3735e7d/element/f.00CEB3DD14B2376F96DB663D79287A8F.d.9F62E26E7F12575BC031B655968E7424.e.6147/click - {}
RESULT: {}
COMMAND: POST /session/c52f3edd894b3289261c0762f3735e7d/execute/async - {"script":"<script> [1562 bytes]","args":[{"selector":{"id":"application-managehandovers-display-component---AddNewHO--ObjectPageLayout-anchBar-application-managehandovers-display-component---AddNewHO--section4-anchor","interaction":{"idSuffix":"content"}},"wdio_ui5_key":"applicationmanagehandovers-display-component---AddNewHO--ObjectPageLayout-anchBar-application-managehandovers-display-component---AddNewHO--section4-anchor"}]}
COMMAND: GET /session/c52f3edd894b3289261c0762f3735e7d/screenshot - {}
RESULT: {"script":"<script> [1562 bytes]","args":[{"selector":{"id":"application-managehandovers-display-component---AddNewHO--ObjectPageLayout-anchBar-application-managehandovers-display-component---AddNewHO--section4-anchor","interaction":{"idSuffix":"content"}},"wdio_ui5_key":"applicationmanagehandovers-display-component---AddNewHO--ObjectPageLayout-anchBar-application-managehandovers-display-component---AddNewHO--section4-anchor"}]}
RESULT: undefined
COMMAND: POST /session/c52f3edd894b3289261c0762f3735e7d/element - {"using":"xpath","value":"//*[@id=\"application-managehandovers-display-component---AddNewHO--ObjectPageLayout-anchBar-application-managehandovers-display-component---AddNewHO--section4-anchor\"]"}
RESULT: {}
RESULT: {"using":"xpath","value":"//*[@id=\"application-managehandovers-display-component---AddNewHO--ObjectPageLayout-anchBar-application-managehandovers-display-component---AddNewHO--section4-anchor\"]"}
COMMAND: POST /session/c52f3edd894b3289261c0762f3735e7d/element/f.00CEB3DD14B2376F96DB663D79287A8F.d.9F62E26E7F12575BC031B655968E7424.e.6151/click - {}
RESULT: {}
COMMAND: POST /session/c52f3edd894b3289261c0762f3735e7d/execute/async - {"script":"<script> [1562 bytes]","args":[{"selector":{"controlType":"sap.m.Button","viewName":"etm.portal.ui.managehandovers.view.AddNewHO","viewId":"application-managehandovers-display-component---AddNewHO","i18NText":{"propertyName":"tooltip","key":"addItems"},"interaction":{"idSuffix":"inner"}},"wdio_ui5_key":"etmportal.ui.managehandovers.view.AddNewHOsap.m.Button{\"propertyName\":\"tooltip\",\"key\":\"addItems\"}"}]}
COMMAND: GET /session/c52f3edd894b3289261c0762f3735e7d/screenshot - {}
RESULT: {"script":"<script> [1562 bytes]","args":[{"selector":{"controlType":"sap.m.Button","viewName":"etm.portal.ui.managehandovers.view.AddNewHO","viewId":"application-managehandovers-display-component---AddNewHO","i18NText":{"propertyName":"tooltip","key":"addItems"},"interaction":{"idSuffix":"inner"}},"wdio_ui5_key":"etmportal.ui.managehandovers.view.AddNewHOsap.m.Button{\"propertyName\":\"tooltip\",\"key\":\"addItems\"}"}]}
RESULT: undefined
COMMAND: POST /session/c52f3edd894b3289261c0762f3735e7d/element - {"using":"xpath","value":"//*[@id=\"__button81\"]"}
RESULT: {}
RESULT: {"using":"xpath","value":"//*[@id=\"__button81\"]"}
COMMAND: POST /session/c52f3edd894b3289261c0762f3735e7d/element/f.00CEB3DD14B2376F96DB663D79287A8F.d.9F62E26E7F12575BC031B655968E7424.e.6155/click - {}
RESULT: {}
COMMAND: POST /session/c52f3edd894b3289261c0762f3735e7d/execute/async - {"script":"<script> [1562 bytes]","args":[{"selector":{"id":"application-managehandovers-display-component---AddNewHO--smartTableHOPopup-header","searchOpenDialogs":true},"wdio_ui5_key":"applicationmanagehandovers-display-component---AddNewHO--smartTableHOPopup-header"}]}
COMMAND: GET /session/c52f3edd894b3289261c0762f3735e7d/screenshot - {}
RESULT: {"script":"<script> [1562 bytes]","args":[{"selector":{"id":"application-managehandovers-display-component---AddNewHO--smartTableHOPopup-header","searchOpenDialogs":true},"wdio_ui5_key":"applicationmanagehandovers-display-component---AddNewHO--smartTableHOPopup-header"}]}
RESULT: undefined
COMMAND: POST /session/c52f3edd894b3289261c0762f3735e7d/execute/async - {"script":"<script> [6424 bytes]","args":[{"element-6066-11e4-a52e-4f735466cecf":"f.00CEB3DD14B2376F96DB663D79287A8F.d.9F62E26E7F12575BC031B655968E7424.e.6171"},"getText",[]]}
RESULT: {}
RESULT: {"script":"<script> [6424 bytes]","args":[{"element-6066-11e4-a52e-4f735466cecf":"f.00CEB3DD14B2376F96DB663D79287A8F.d.9F62E26E7F12575BC031B655968E7424.e.6171"},"getText",[]]}
COMMAND: POST /session/c52f3edd894b3289261c0762f3735e7d/actions - {"actions":[{"id":"action44","type":"key","parameters":{},"actions":[{"type":"keyDown","value":""},{"type":"pause","duration":10},{"type":"keyUp","value":""}]}]}
RESULT: {"actions":[{"id":"action44","type":"key","parameters":{},"actions":[{"type":"keyDown","value":""},{"type":"pause","duration":10},{"type":"keyUp","value":""}]}]}
COMMAND: GET /session/c52f3edd894b3289261c0762f3735e7d/screenshot - {}
RESULT: {}
COMMAND: POST /session/c52f3edd894b3289261c0762f3735e7d/execute/async - {"script":"<script> [1562 bytes]","args":[{"selector":{"id":"backBtn"},"wdio_ui5_key":"backBtn"}]}
RESULT: {"script":"<script> [1562 bytes]","args":[{"selector":{"id":"backBtn"},"wdio_ui5_key":"backBtn"}]}
RESULT: undefined
COMMAND: POST /session/c52f3edd894b3289261c0762f3735e7d/element - {"using":"xpath","value":"//*[@id=\"backBtn\"]"}
RESULT: {"using":"xpath","value":"//*[@id=\"backBtn\"]"}
COMMAND: POST /session/c52f3edd894b3289261c0762f3735e7d/element/f.00CEB3DD14B2376F96DB663D79287A8F.d.9F62E26E7F12575BC031B655968E7424.e.6172/click - {}
RESULT: {}
COMMAND: GET /session/c52f3edd894b3289261c0762f3735e7d/screenshot - {}
COMMAND: POST /session/c52f3edd894b3289261c0762f3735e7d/refresh - {}
RESULT: {}
RESULT: {}
COMMAND: GET /session/c52f3edd894b3289261c0762f3735e7d/screenshot - {}
RESULT: {}
COMMAND: POST /session/c52f3edd894b3289261c0762f3735e7d/execute/async - {"script":"<script> [189 bytes]","args":[]}
RESULT: {"script":"<script> [189 bytes]","args":[]}
COMMAND: POST /session/c52f3edd894b3289261c0762f3735e7d/execute/async - {"script":"<script> [123 bytes]","args":[]}
RESULT: {"script":"<script> [123 bytes]","args":[]}
COMMAND: POST /session/c52f3edd894b3289261c0762f3735e7d/timeouts - {"script":"<number>"}
RESULT: {"script":"<number>"}
COMMAND: GET /session/c52f3edd894b3289261c0762f3735e7d/timeouts - {}
RESULT: {}
RESULT: undefined
COMMAND: POST /session/c52f3edd894b3289261c0762f3735e7d/execute/async - {"script":"<script> [2676 bytes]","args":[]}
RESULT: {"script":"<script> [2676 bytes]","args":[]}
COMMAND: POST /session/c52f3edd894b3289261c0762f3735e7d/execute/async - {"script":"<script> [2342 bytes]","args":[{"protocol":"http","hostname":"0.0.0.0","path":"/","capabilities":{"browserName":"chrome","goog:chromeOptions":{"binary":"C:\\Program Files\\Google\\Chrome\\Application\\chrome.exe","args":["--start-maximized"]}},"logLevel":"warn","connectionRetryTimeout":120000,"connectionRetryCount":3,"logLevels":{},"enableDirectConnect":true,"strictSSL":true,"_":"65 more keys: [\"cacheDir\",\"port\",\"requestedCapabilities\",\"automationProtocol\",\"baseUrl\",\"waitforInterval\",\"waitforTimeout\",\"onReload\",\"beforeCommand\",\"afterCommand\",\"rootDir\",\"specs\",\"suites\",\"exclude\",\"groupLogsByTestSpec\",\"excludeDriverLogs\",\"bail\",\"framework\",\"reporters\",\"services\",\"maxInstances\",\"maxInstancesPerCapability\",\"injectGlobals\",\"filesToWatch\",\"execArgv\",\"runnerEnv\",\"runner\",\"shard\",\"specFileRetries\",\"specFileRetriesDelay\",\"specFileRetriesDeferred\",\"reporterSyncInterval\",\"reporterSyncTimeout\",\"cucumberFeaturesWithLineNumbers\",\"autoCompileOpts\",\"mochaOpts\",\"jasmineOpts\",\"cucumberOpts\",\"onPrepare\",\"onWorkerStart\",\"onWorkerEnd\",\"before\",\"beforeSession\",\"beforeSuite\",\"beforeHook\",\"beforeTest\",\"afterTest\",\"afterHook\",\"afterSuite\",\"afterSession\",\"after\",\"onComplete\",\"beforeAssertion\",\"afterAssertion\",\"beforeFeature\",\"beforeScenario\",\"beforeStep\",\"afterStep\",\"afterScenario\",\"afterFeature\",\"_\",\"suite\",\"$0\",\"ignoredWorkerServices\",\"wdi5\"]"}]}
RESULT: {"script":"<script> [2342 bytes]","args":[{"protocol":"http","hostname":"0.0.0.0","path":"/","capabilities":{"browserName":"chrome","goog:chromeOptions":{"binary":"C:\\Program Files\\Google\\Chrome\\Application\\chrome.exe","args":["--start-maximized"]}},"logLevel":"warn","connectionRetryTimeout":120000,"connectionRetryCount":3,"logLevels":{},"enableDirectConnect":true,"strictSSL":true,"_":"65 more keys: [\"cacheDir\",\"port\",\"requestedCapabilities\",\"automationProtocol\",\"baseUrl\",\"waitforInterval\",\"waitforTimeout\",\"onReload\",\"beforeCommand\",\"afterCommand\",\"rootDir\",\"specs\",\"suites\",\"exclude\",\"groupLogsByTestSpec\",\"excludeDriverLogs\",\"bail\",\"framework\",\"reporters\",\"services\",\"maxInstances\",\"maxInstancesPerCapability\",\"injectGlobals\",\"filesToWatch\",\"execArgv\",\"runnerEnv\",\"runner\",\"shard\",\"specFileRetries\",\"specFileRetriesDelay\",\"specFileRetriesDeferred\",\"reporterSyncInterval\",\"reporterSyncTimeout\",\"cucumberFeaturesWithLineNumbers\",\"autoCompileOpts\",\"mochaOpts\",\"jasmineOpts\",\"cucumberOpts\",\"onPrepare\",\"onWorkerStart\",\"onWorkerEnd\",\"before\",\"beforeSession\",\"beforeSuite\",\"beforeHook\",\"beforeTest\",\"afterTest\",\"afterHook\",\"afterSuite\",\"afterSession\",\"after\",\"onComplete\",\"beforeAssertion\",\"afterAssertion\",\"beforeFeature\",\"beforeScenario\",\"beforeStep\",\"afterStep\",\"afterScenario\",\"afterFeature\",\"_\",\"suite\",\"$0\",\"ignoredWorkerServices\",\"wdi5\"]"}]}
COMMAND: POST /session/c52f3edd894b3289261c0762f3735e7d/execute/async - {"script":"<script> [21126 bytes]","args":[35000]}
RESULT: {"script":"<script> [21126 bytes]","args":[35000]}
COMMAND: POST /session/c52f3edd894b3289261c0762f3735e7d/element - {"using":"xpath","value":"//div[contains(@id ,\"headerBillingItemsTabFilter-text\")]"}
RESULT: {"using":"xpath","value":"//div[contains(@id ,\"headerBillingItemsTabFilter-text\")]"}
COMMAND: POST /session/c52f3edd894b3289261c0762f3735e7d/element/f.00CEB3DD14B2376F96DB663D79287A8F.d.A824894EA4D0C51F9F15E57DCF0BE785.e.6476/click - {}
RESULT: {}
COMMAND: GET /session/c52f3edd894b3289261c0762f3735e7d/screenshot - {}
RESULT: {}
COMMAND: POST /session/c52f3edd894b3289261c0762f3735e7d/execute/async - {"script":"<script> [1562 bytes]","args":[{"selector":{"id":"revertPlanningBtn","viewName":"etm.portal.ui.managecontracts.view.Detail","interaction":{"idSuffix":"BDI-content"}},"wdio_ui5_key":"revertPlanningBtnetmportal.ui.managecontracts.view.Detail"}]}
RESULT: {"script":"<script> [1562 bytes]","args":[{"selector":{"id":"revertPlanningBtn","viewName":"etm.portal.ui.managecontracts.view.Detail","interaction":{"idSuffix":"BDI-content"}},"wdio_ui5_key":"revertPlanningBtnetmportal.ui.managecontracts.view.Detail"}]}
RESULT: undefined
COMMAND: POST /session/c52f3edd894b3289261c0762f3735e7d/element - {"using":"xpath","value":"//*[@id=\"__xmlview1--revertPlanningBtn\"]"}
RESULT: {"using":"xpath","value":"//*[@id=\"__xmlview1--revertPlanningBtn\"]"}
COMMAND: POST /session/c52f3edd894b3289261c0762f3735e7d/element/f.00CEB3DD14B2376F96DB663D79287A8F.d.A824894EA4D0C51F9F15E57DCF0BE785.e.6444/click - {}
RESULT: {}
COMMAND: GET /session/c52f3edd894b3289261c0762f3735e7d/screenshot - {}
RESULT: {}
COMMAND: POST /session/c52f3edd894b3289261c0762f3735e7d/actions - {"actions":[{"id":"action45","type":"key","parameters":{},"actions":[{"type":"keyDown","value":""},{"type":"pause","duration":10},{"type":"keyUp","value":""}]}]}
RESULT: {"actions":[{"id":"action45","type":"key","parameters":{},"actions":[{"type":"keyDown","value":""},{"type":"pause","duration":10},{"type":"keyUp","value":""}]}]}
COMMAND: GET /session/c52f3edd894b3289261c0762f3735e7d/screenshot - {}
RESULT: {}
COMMAND: POST /session/c52f3edd894b3289261c0762f3735e7d/element - {"using":"xpath","value":"//div[contains(@id ,\"ProductsTable-sa-CbBg\")]"}
RESULT: {"using":"xpath","value":"//div[contains(@id ,\"ProductsTable-sa-CbBg\")]"}
COMMAND: POST /session/c52f3edd894b3289261c0762f3735e7d/element/f.00CEB3DD14B2376F96DB663D79287A8F.d.A824894EA4D0C51F9F15E57DCF0BE785.e.6594/click - {}
RESULT: {}
COMMAND: GET /session/c52f3edd894b3289261c0762f3735e7d/screenshot - {}
RESULT: {}
COMMAND: POST /session/c52f3edd894b3289261c0762f3735e7d/execute/async - {"script":"<script> [1562 bytes]","args":[{"selector":{"id":"executeRevertPlanningBtn","viewName":"etm.portal.ui.managecontracts.view.Detail","interaction":{"idSuffix":"BDI-content"}},"wdio_ui5_key":"executeRevertPlanningBtnetmportal.ui.managecontracts.view.Detail"}]}
RESULT: {"script":"<script> [1562 bytes]","args":[{"selector":{"id":"executeRevertPlanningBtn","viewName":"etm.portal.ui.managecontracts.view.Detail","interaction":{"idSuffix":"BDI-content"}},"wdio_ui5_key":"executeRevertPlanningBtnetmportal.ui.managecontracts.view.Detail"}]}
RESULT: undefined
COMMAND: POST /session/c52f3edd894b3289261c0762f3735e7d/element - {"using":"xpath","value":"//*[@id=\"__xmlview1--executeRevertPlanningBtn\"]"}
RESULT: {"using":"xpath","value":"//*[@id=\"__xmlview1--executeRevertPlanningBtn\"]"}
COMMAND: POST /session/c52f3edd894b3289261c0762f3735e7d/element/f.00CEB3DD14B2376F96DB663D79287A8F.d.A824894EA4D0C51F9F15E57DCF0BE785.e.6593/click - {}
RESULT: {}
COMMAND: GET /session/c52f3edd894b3289261c0762f3735e7d/screenshot - {}
RESULT: {}
COMMAND: POST /session/c52f3edd894b3289261c0762f3735e7d/actions - {"actions":[{"id":"action46","type":"key","parameters":{},"actions":[{"type":"keyDown","value":""},{"type":"pause","duration":10},{"type":"keyUp","value":""}]}]}
RESULT: {"actions":[{"id":"action46","type":"key","parameters":{},"actions":[{"type":"keyDown","value":""},{"type":"pause","duration":10},{"type":"keyUp","value":""}]}]}
COMMAND: POST /session/c52f3edd894b3289261c0762f3735e7d/execute/async - {"script":"<script> [1562 bytes]","args":[{"selector":{"id":"backBtn"},"wdio_ui5_key":"backBtn"}]}
COMMAND: GET /session/c52f3edd894b3289261c0762f3735e7d/screenshot - {}
RESULT: {"script":"<script> [1562 bytes]","args":[{"selector":{"id":"backBtn"},"wdio_ui5_key":"backBtn"}]}
RESULT: undefined
COMMAND: POST /session/c52f3edd894b3289261c0762f3735e7d/element - {"using":"xpath","value":"//*[@id=\"backBtn\"]"}
RESULT: {}
RESULT: {"using":"xpath","value":"//*[@id=\"backBtn\"]"}
COMMAND: POST /session/c52f3edd894b3289261c0762f3735e7d/element/f.00CEB3DD14B2376F96DB663D79287A8F.d.A824894EA4D0C51F9F15E57DCF0BE785.e.6605/click - {}
RESULT: {}
COMMAND: GET /session/c52f3edd894b3289261c0762f3735e7d/screenshot - {}
RESULT: {}
COMMAND: POST /session/c52f3edd894b3289261c0762f3735e7d/refresh - {}
RESULT: {}
COMMAND: GET /session/c52f3edd894b3289261c0762f3735e7d/screenshot - {}
RESULT: {}
COMMAND: POST /session/c52f3edd894b3289261c0762f3735e7d/execute/async - {"script":"<script> [189 bytes]","args":[]}
RESULT: {"script":"<script> [189 bytes]","args":[]}
COMMAND: POST /session/c52f3edd894b3289261c0762f3735e7d/execute/async - {"script":"<script> [123 bytes]","args":[]}
RESULT: {"script":"<script> [123 bytes]","args":[]}
COMMAND: POST /session/c52f3edd894b3289261c0762f3735e7d/timeouts - {"script":"<number>"}
RESULT: {"script":"<number>"}
COMMAND: GET /session/c52f3edd894b3289261c0762f3735e7d/timeouts - {}
RESULT: {}
RESULT: undefined
COMMAND: POST /session/c52f3edd894b3289261c0762f3735e7d/execute/async - {"script":"<script> [2676 bytes]","args":[]}
RESULT: {"script":"<script> [2676 bytes]","args":[]}
COMMAND: POST /session/c52f3edd894b3289261c0762f3735e7d/execute/async - {"script":"<script> [2342 bytes]","args":[{"protocol":"http","hostname":"0.0.0.0","path":"/","capabilities":{"browserName":"chrome","goog:chromeOptions":{"binary":"C:\\Program Files\\Google\\Chrome\\Application\\chrome.exe","args":["--start-maximized"]}},"logLevel":"warn","connectionRetryTimeout":120000,"connectionRetryCount":3,"logLevels":{},"enableDirectConnect":true,"strictSSL":true,"_":"65 more keys: [\"cacheDir\",\"port\",\"requestedCapabilities\",\"automationProtocol\",\"baseUrl\",\"waitforInterval\",\"waitforTimeout\",\"onReload\",\"beforeCommand\",\"afterCommand\",\"rootDir\",\"specs\",\"suites\",\"exclude\",\"groupLogsByTestSpec\",\"excludeDriverLogs\",\"bail\",\"framework\",\"reporters\",\"services\",\"maxInstances\",\"maxInstancesPerCapability\",\"injectGlobals\",\"filesToWatch\",\"execArgv\",\"runnerEnv\",\"runner\",\"shard\",\"specFileRetries\",\"specFileRetriesDelay\",\"specFileRetriesDeferred\",\"reporterSyncInterval\",\"reporterSyncTimeout\",\"cucumberFeaturesWithLineNumbers\",\"autoCompileOpts\",\"mochaOpts\",\"jasmineOpts\",\"cucumberOpts\",\"onPrepare\",\"onWorkerStart\",\"onWorkerEnd\",\"before\",\"beforeSession\",\"beforeSuite\",\"beforeHook\",\"beforeTest\",\"afterTest\",\"afterHook\",\"afterSuite\",\"afterSession\",\"after\",\"onComplete\",\"beforeAssertion\",\"afterAssertion\",\"beforeFeature\",\"beforeScenario\",\"beforeStep\",\"afterStep\",\"afterScenario\",\"afterFeature\",\"_\",\"suite\",\"$0\",\"ignoredWorkerServices\",\"wdi5\"]"}]}
RESULT: {"script":"<script> [2342 bytes]","args":[{"protocol":"http","hostname":"0.0.0.0","path":"/","capabilities":{"browserName":"chrome","goog:chromeOptions":{"binary":"C:\\Program Files\\Google\\Chrome\\Application\\chrome.exe","args":["--start-maximized"]}},"logLevel":"warn","connectionRetryTimeout":120000,"connectionRetryCount":3,"logLevels":{},"enableDirectConnect":true,"strictSSL":true,"_":"65 more keys: [\"cacheDir\",\"port\",\"requestedCapabilities\",\"automationProtocol\",\"baseUrl\",\"waitforInterval\",\"waitforTimeout\",\"onReload\",\"beforeCommand\",\"afterCommand\",\"rootDir\",\"specs\",\"suites\",\"exclude\",\"groupLogsByTestSpec\",\"excludeDriverLogs\",\"bail\",\"framework\",\"reporters\",\"services\",\"maxInstances\",\"maxInstancesPerCapability\",\"injectGlobals\",\"filesToWatch\",\"execArgv\",\"runnerEnv\",\"runner\",\"shard\",\"specFileRetries\",\"specFileRetriesDelay\",\"specFileRetriesDeferred\",\"reporterSyncInterval\",\"reporterSyncTimeout\",\"cucumberFeaturesWithLineNumbers\",\"autoCompileOpts\",\"mochaOpts\",\"jasmineOpts\",\"cucumberOpts\",\"onPrepare\",\"onWorkerStart\",\"onWorkerEnd\",\"before\",\"beforeSession\",\"beforeSuite\",\"beforeHook\",\"beforeTest\",\"afterTest\",\"afterHook\",\"afterSuite\",\"afterSession\",\"after\",\"onComplete\",\"beforeAssertion\",\"afterAssertion\",\"beforeFeature\",\"beforeScenario\",\"beforeStep\",\"afterStep\",\"afterScenario\",\"afterFeature\",\"_\",\"suite\",\"$0\",\"ignoredWorkerServices\",\"wdi5\"]"}]}
COMMAND: POST /session/c52f3edd894b3289261c0762f3735e7d/execute/async - {"script":"<script> [21126 bytes]","args":[35000]}
RESULT: {"script":"<script> [21126 bytes]","args":[35000]}
COMMAND: POST /session/c52f3edd894b3289261c0762f3735e7d/execute/async - {"script":"<script> [1562 bytes]","args":[{"selector":{"controlType":"sap.m.ObjectStatus","viewName":"etm.portal.ui.managerequests.view.Detail","bindingPath":{"path":"/RequestHeaders('20103')","propertyPath":"LINK_TO_STATUS/DESCRIPTION","modelName":"catalogModel"}},"wdio_ui5_key":"etmportal.ui.managerequests.view.Detailsap.m.ObjectStatus{\"path\":\"/RequestHeaders('20103')\",\"propertyPath\":\"LINK_TO_STATUS/DESCRIPTION\",\"modelName\":\"catalogModel\"}"}]}
RESULT: {"script":"<script> [1562 bytes]","args":[{"selector":{"controlType":"sap.m.ObjectStatus","viewName":"etm.portal.ui.managerequests.view.Detail","bindingPath":{"path":"/RequestHeaders('20103')","propertyPath":"LINK_TO_STATUS/DESCRIPTION","modelName":"catalogModel"}},"wdio_ui5_key":"etmportal.ui.managerequests.view.Detailsap.m.ObjectStatus{\"path\":\"/RequestHeaders('20103')\",\"propertyPath\":\"LINK_TO_STATUS/DESCRIPTION\",\"modelName\":\"catalogModel\"}"}]}
RESULT: undefined
COMMAND: POST /session/c52f3edd894b3289261c0762f3735e7d/execute/async - {"script":"<script> [6424 bytes]","args":[{"element-6066-11e4-a52e-4f735466cecf":"f.00CEB3DD14B2376F96DB663D79287A8F.d.7967419443862D9AF2C03A9E546A65A9.e.6820"},"getText",[]]}
RESULT: {"script":"<script> [6424 bytes]","args":[{"element-6066-11e4-a52e-4f735466cecf":"f.00CEB3DD14B2376F96DB663D79287A8F.d.7967419443862D9AF2C03A9E546A65A9.e.6820"},"getText",[]]}
COMMAND: POST /session/c52f3edd894b3289261c0762f3735e7d/execute/async - {"script":"<script> [1562 bytes]","args":[{"selector":{"controlType":"sap.m.Button","viewName":"etm.portal.ui.managerequests.view.Detail","bindingPath":{"path":"/SmartRequestItemsPlanningBoard(ITEM=10m,REQUEST='20103')","propertyPath":"PICK_UP"}},"wdio_ui5_key":"etmportal.ui.managerequests.view.Detailsap.m.Button{\"path\":\"/SmartRequestItemsPlanningBoard(ITEM=10m,REQUEST='20103')\",\"propertyPath\":\"PICK_UP\"}"}]}
RESULT: {"script":"<script> [1562 bytes]","args":[{"selector":{"controlType":"sap.m.Button","viewName":"etm.portal.ui.managerequests.view.Detail","bindingPath":{"path":"/SmartRequestItemsPlanningBoard(ITEM=10m,REQUEST='20103')","propertyPath":"PICK_UP"}},"wdio_ui5_key":"etmportal.ui.managerequests.view.Detailsap.m.Button{\"path\":\"/SmartRequestItemsPlanningBoard(ITEM=10m,REQUEST='20103')\",\"propertyPath\":\"PICK_UP\"}"}]}
RESULT: undefined
COMMAND: POST /session/c52f3edd894b3289261c0762f3735e7d/execute/async - {"script":"<script> [6424 bytes]","args":[{"element-6066-11e4-a52e-4f735466cecf":"f.00CEB3DD14B2376F96DB663D79287A8F.d.7967419443862D9AF2C03A9E546A65A9.e.6799"},"getType",[]]}
RESULT: {"script":"<script> [6424 bytes]","args":[{"element-6066-11e4-a52e-4f735466cecf":"f.00CEB3DD14B2376F96DB663D79287A8F.d.7967419443862D9AF2C03A9E546A65A9.e.6799"},"getType",[]]}
COMMAND: POST /session/c52f3edd894b3289261c0762f3735e7d/execute/async - {"script":"<script> [1562 bytes]","args":[{"selector":{"controlType":"sap.m.Button","viewName":"etm.portal.ui.managerequests.view.Detail","bindingPath":{"path":"/SmartRequestItemsPlanningBoard(ITEM=20m,REQUEST='20103')","propertyPath":"PICK_UP"}},"wdio_ui5_key":"etmportal.ui.managerequests.view.Detailsap.m.Button{\"path\":\"/SmartRequestItemsPlanningBoard(ITEM=20m,REQUEST='20103')\",\"propertyPath\":\"PICK_UP\"}"}]}
RESULT: {"script":"<script> [1562 bytes]","args":[{"selector":{"controlType":"sap.m.Button","viewName":"etm.portal.ui.managerequests.view.Detail","bindingPath":{"path":"/SmartRequestItemsPlanningBoard(ITEM=20m,REQUEST='20103')","propertyPath":"PICK_UP"}},"wdio_ui5_key":"etmportal.ui.managerequests.view.Detailsap.m.Button{\"path\":\"/SmartRequestItemsPlanningBoard(ITEM=20m,REQUEST='20103')\",\"propertyPath\":\"PICK_UP\"}"}]}
RESULT: undefined
COMMAND: POST /session/c52f3edd894b3289261c0762f3735e7d/execute/async - {"script":"<script> [6424 bytes]","args":[{"element-6066-11e4-a52e-4f735466cecf":"f.00CEB3DD14B2376F96DB663D79287A8F.d.7967419443862D9AF2C03A9E546A65A9.e.6821"},"getType",[]]}
RESULT: {"script":"<script> [6424 bytes]","args":[{"element-6066-11e4-a52e-4f735466cecf":"f.00CEB3DD14B2376F96DB663D79287A8F.d.7967419443862D9AF2C03A9E546A65A9.e.6821"},"getType",[]]}
COMMAND: POST /session/c52f3edd894b3289261c0762f3735e7d/element - {"using":"css selector","value":"#shell-header-logo"}
RESULT: {"using":"css selector","value":"#shell-header-logo"}
COMMAND: POST /session/c52f3edd894b3289261c0762f3735e7d/element/f.00CEB3DD14B2376F96DB663D79287A8F.d.7967419443862D9AF2C03A9E546A65A9.e.6613/click - {}
RESULT: {}
COMMAND: GET /session/c52f3edd894b3289261c0762f3735e7d/screenshot - {}
RESULT: {}
COMMAND: POST /session/c52f3edd894b3289261c0762f3735e7d/execute/async - {"script":"<script> [1562 bytes]","args":[{"selector":{"controlType":"sap.m.GenericTile","properties":{"header":"Manage Classifications"}},"wdio_ui5_key":"sapm.GenericTile{\"header\":\"Manage Classifications\"}"}]}
RESULT: {"script":"<script> [1562 bytes]","args":[{"selector":{"controlType":"sap.m.GenericTile","properties":{"header":"Manage Classifications"}},"wdio_ui5_key":"sapm.GenericTile{\"header\":\"Manage Classifications\"}"}]}
RESULT: undefined
COMMAND: POST /session/c52f3edd894b3289261c0762f3735e7d/element - {"using":"xpath","value":"//*[@id=\"__tile115\"]"}
RESULT: {"using":"xpath","value":"//*[@id=\"__tile115\"]"}
COMMAND: POST /session/c52f3edd894b3289261c0762f3735e7d/element/f.00CEB3DD14B2376F96DB663D79287A8F.d.7967419443862D9AF2C03A9E546A65A9.e.6834/click - {}
RESULT: {}
COMMAND: GET /session/c52f3edd894b3289261c0762f3735e7d/screenshot - {}
RESULT: {}
COMMAND: POST /session/c52f3edd894b3289261c0762f3735e7d/elements - {"using":"xpath","value":"//span[text()='Error']"}
RESULT: {"using":"xpath","value":"//span[text()='Error']"}
]]></system-out>
    </testcase>
  </testsuite>
  <testsuite timestamp="2025-05-25T15:59:09" time="411.318" tests="4" failures="0" errors="0" skipped="0">
    <properties>
      <property name="specId" value="0"/>
      <property name="suiteName" value="Manage requests - requests specifications US141095"/>
      <property name="capabilities" value="chrome.136_0_7103_93.windows"/>
      <property name="file" value="file:///D:/a/1/s/test/specs/R2C/manage-requests-request-specifications.spec.js"/>
    </properties>
    <testcase classname="chrome.136_0_7103_93.windows.Manage_requests_-_requests_specifications_US141095" name="Should create a new classification of type request item" time="46.232">
      <system-out><![CDATA[
COMMAND: POST /session/c52f3edd894b3289261c0762f3735e7d/execute/async - {"script":"<script> [1562 bytes]","args":[{"selector":{"controlType":"sap.ui.core.Icon","viewName":"etm.portal.ui.manageclassifications.view.Master","viewId":"application-manageclassifications-display-component---classificationMaster","properties":{"src":{"regex":{"source":"add"}}}},"wdio_ui5_key":"etmportal.ui.manageclassifications.view.Mastersap.ui.core.Icon{\"src\":{\"regex\":{\"source\":\"add\"}}}"}]}
RESULT: {"script":"<script> [1562 bytes]","args":[{"selector":{"controlType":"sap.ui.core.Icon","viewName":"etm.portal.ui.manageclassifications.view.Master","viewId":"application-manageclassifications-display-component---classificationMaster","properties":{"src":{"regex":{"source":"add"}}}},"wdio_ui5_key":"etmportal.ui.manageclassifications.view.Mastersap.ui.core.Icon{\"src\":{\"regex\":{\"source\":\"add\"}}}"}]}
RESULT: undefined
COMMAND: POST /session/c52f3edd894b3289261c0762f3735e7d/element - {"using":"xpath","value":"//*[@id=\"__button27-img\"]"}
RESULT: {"using":"xpath","value":"//*[@id=\"__button27-img\"]"}
COMMAND: POST /session/c52f3edd894b3289261c0762f3735e7d/element/f.00CEB3DD14B2376F96DB663D79287A8F.d.7967419443862D9AF2C03A9E546A65A9.e.6894/click - {}
RESULT: {}
COMMAND: POST /session/c52f3edd894b3289261c0762f3735e7d/execute/async - {"script":"<script> [1562 bytes]","args":[{"selector":{"id":"application-manageclassifications-display-component---classificationCreate--classHeaderName","interaction":{"idSuffix":"inner"}},"wdio_ui5_key":"applicationmanageclassifications-display-component---classificationCreate--classHeaderName"}]}
COMMAND: GET /session/c52f3edd894b3289261c0762f3735e7d/screenshot - {}
RESULT: {"script":"<script> [1562 bytes]","args":[{"selector":{"id":"application-manageclassifications-display-component---classificationCreate--classHeaderName","interaction":{"idSuffix":"inner"}},"wdio_ui5_key":"applicationmanageclassifications-display-component---classificationCreate--classHeaderName"}]}
RESULT: undefined
COMMAND: POST /session/c52f3edd894b3289261c0762f3735e7d/execute/async - {"script":"<script> [776 bytes]","args":[{"enterText":"WebdriverItemClassaislb","selector":{"id":"application-manageclassifications-display-component---classificationCreate--classHeaderName","interaction":{"idSuffix":"inner"}},"clearTextFirst":true,"interactionType":"ENTER_TEXT"}]}
RESULT: {}
RESULT: {"script":"<script> [776 bytes]","args":[{"enterText":"WebdriverItemClassaislb","selector":{"id":"application-manageclassifications-display-component---classificationCreate--classHeaderName","interaction":{"idSuffix":"inner"}},"clearTextFirst":true,"interactionType":"ENTER_TEXT"}]}
COMMAND: POST /session/c52f3edd894b3289261c0762f3735e7d/execute/async - {"script":"<script> [1562 bytes]","args":[{"selector":{"controlType":"sap.ui.core.Icon","viewName":"etm.portal.ui.manageclassifications.view.Create","viewId":"application-manageclassifications-display-component---classificationCreate","properties":{"src":{"regex":{"source":"slim\\-arrow\\-down"}}}},"wdio_ui5_key":"etmportal.ui.manageclassifications.view.Createsap.ui.core.Icon{\"src\":{\"regex\":{\"source\":\"slim\\\\-arrow\\\\-down\"}}}"}]}
RESULT: {"script":"<script> [1562 bytes]","args":[{"selector":{"controlType":"sap.ui.core.Icon","viewName":"etm.portal.ui.manageclassifications.view.Create","viewId":"application-manageclassifications-display-component---classificationCreate","properties":{"src":{"regex":{"source":"slim\\-arrow\\-down"}}}},"wdio_ui5_key":"etmportal.ui.manageclassifications.view.Createsap.ui.core.Icon{\"src\":{\"regex\":{\"source\":\"slim\\\\-arrow\\\\-down\"}}}"}]}
RESULT: undefined
COMMAND: POST /session/c52f3edd894b3289261c0762f3735e7d/element - {"using":"xpath","value":"//*[@id=\"__box12-arrow\"]"}
RESULT: {"using":"xpath","value":"//*[@id=\"__box12-arrow\"]"}
COMMAND: POST /session/c52f3edd894b3289261c0762f3735e7d/element/f.00CEB3DD14B2376F96DB663D79287A8F.d.7967419443862D9AF2C03A9E546A65A9.e.7278/click - {}
RESULT: {}
COMMAND: POST /session/c52f3edd894b3289261c0762f3735e7d/execute/async - {"script":"<script> [1562 bytes]","args":[{"selector":{"controlType":"sap.m.StandardListItem","viewName":"etm.portal.ui.manageclassifications.view.Create","viewId":"application-manageclassifications-display-component---classificationCreate","properties":{"title":"Request Item Specifications"},"searchOpenDialogs":true,"interaction":{"idSuffix":"titleText"}},"wdio_ui5_key":"etmportal.ui.manageclassifications.view.Createsap.m.StandardListItem{\"title\":\"Request Item Specifications\"}"}]}
COMMAND: GET /session/c52f3edd894b3289261c0762f3735e7d/screenshot - {}
RESULT: {"script":"<script> [1562 bytes]","args":[{"selector":{"controlType":"sap.m.StandardListItem","viewName":"etm.portal.ui.manageclassifications.view.Create","viewId":"application-manageclassifications-display-component---classificationCreate","properties":{"title":"Request Item Specifications"},"searchOpenDialogs":true,"interaction":{"idSuffix":"titleText"}},"wdio_ui5_key":"etmportal.ui.manageclassifications.view.Createsap.m.StandardListItem{\"title\":\"Request Item Specifications\"}"}]}
RESULT: undefined
COMMAND: POST /session/c52f3edd894b3289261c0762f3735e7d/element - {"using":"xpath","value":"//*[@id=\"__item85\"]"}
RESULT: {}
RESULT: {"using":"xpath","value":"//*[@id=\"__item85\"]"}
COMMAND: POST /session/c52f3edd894b3289261c0762f3735e7d/element/f.00CEB3DD14B2376F96DB663D79287A8F.d.7967419443862D9AF2C03A9E546A65A9.e.7327/click - {}
RESULT: {}
COMMAND: POST /session/c52f3edd894b3289261c0762f3735e7d/execute/async - {"script":"<script> [1562 bytes]","args":[{"selector":{"controlType":"sap.ui.core.Icon","viewName":"etm.portal.ui.manageclassifications.view.Create","viewId":"application-manageclassifications-display-component---classificationCreate","properties":{"src":{"regex":{"source":"add"}}}},"wdio_ui5_key":"etmportal.ui.manageclassifications.view.Createsap.ui.core.Icon{\"src\":{\"regex\":{\"source\":\"add\"}}}"}]}
COMMAND: GET /session/c52f3edd894b3289261c0762f3735e7d/screenshot - {}
RESULT: {"script":"<script> [1562 bytes]","args":[{"selector":{"controlType":"sap.ui.core.Icon","viewName":"etm.portal.ui.manageclassifications.view.Create","viewId":"application-manageclassifications-display-component---classificationCreate","properties":{"src":{"regex":{"source":"add"}}}},"wdio_ui5_key":"etmportal.ui.manageclassifications.view.Createsap.ui.core.Icon{\"src\":{\"regex\":{\"source\":\"add\"}}}"}]}
RESULT: undefined
COMMAND: POST /session/c52f3edd894b3289261c0762f3735e7d/element - {"using":"xpath","value":"//*[@id=\"__button32-img\"]"}
RESULT: {}
RESULT: {"using":"xpath","value":"//*[@id=\"__button32-img\"]"}
COMMAND: POST /session/c52f3edd894b3289261c0762f3735e7d/element/f.00CEB3DD14B2376F96DB663D79287A8F.d.7967419443862D9AF2C03A9E546A65A9.e.7281/click - {}
RESULT: {}
COMMAND: POST /session/c52f3edd894b3289261c0762f3735e7d/execute/async - {"script":"<script> [1562 bytes]","args":[{"selector":{"controlType":"sap.m.Input","viewName":"etm.portal.ui.manageclassifications.view.Create","viewId":"application-manageclassifications-display-component---classificationCreate","bindingPath":{"path":"/0","propertyPath":"PROPERTY","modelName":"newConfigModel"},"interaction":{"idSuffix":"inner"}},"wdio_ui5_key":"etmportal.ui.manageclassifications.view.Createsap.m.Input{\"path\":\"/0\",\"propertyPath\":\"PROPERTY\",\"modelName\":\"newConfigModel\"}"}]}
COMMAND: GET /session/c52f3edd894b3289261c0762f3735e7d/screenshot - {}
RESULT: {"script":"<script> [1562 bytes]","args":[{"selector":{"controlType":"sap.m.Input","viewName":"etm.portal.ui.manageclassifications.view.Create","viewId":"application-manageclassifications-display-component---classificationCreate","bindingPath":{"path":"/0","propertyPath":"PROPERTY","modelName":"newConfigModel"},"interaction":{"idSuffix":"inner"}},"wdio_ui5_key":"etmportal.ui.manageclassifications.view.Createsap.m.Input{\"path\":\"/0\",\"propertyPath\":\"PROPERTY\",\"modelName\":\"newConfigModel\"}"}]}
RESULT: undefined
COMMAND: POST /session/c52f3edd894b3289261c0762f3735e7d/execute/async - {"script":"<script> [776 bytes]","args":[{"enterText":"Color","selector":{"controlType":"sap.m.Input","viewName":"etm.portal.ui.manageclassifications.view.Create","viewId":"application-manageclassifications-display-component---classificationCreate","bindingPath":{"path":"/0","propertyPath":"PROPERTY","modelName":"newConfigModel"},"interaction":{"idSuffix":"inner"}},"clearTextFirst":true,"interactionType":"ENTER_TEXT"}]}
RESULT: {}
RESULT: {"script":"<script> [776 bytes]","args":[{"enterText":"Color","selector":{"controlType":"sap.m.Input","viewName":"etm.portal.ui.manageclassifications.view.Create","viewId":"application-manageclassifications-display-component---classificationCreate","bindingPath":{"path":"/0","propertyPath":"PROPERTY","modelName":"newConfigModel"},"interaction":{"idSuffix":"inner"}},"clearTextFirst":true,"interactionType":"ENTER_TEXT"}]}
COMMAND: POST /session/c52f3edd894b3289261c0762f3735e7d/execute/async - {"script":"<script> [1562 bytes]","args":[{"selector":{"controlType":"sap.m.Input","viewName":"etm.portal.ui.manageclassifications.view.Create","viewId":"application-manageclassifications-display-component---classificationCreate","bindingPath":{"path":"/0","propertyPath":"DESCRIPTION","modelName":"newConfigModel"},"interaction":{"idSuffix":"inner"}},"wdio_ui5_key":"etmportal.ui.manageclassifications.view.Createsap.m.Input{\"path\":\"/0\",\"propertyPath\":\"DESCRIPTION\",\"modelName\":\"newConfigModel\"}"}]}
RESULT: {"script":"<script> [1562 bytes]","args":[{"selector":{"controlType":"sap.m.Input","viewName":"etm.portal.ui.manageclassifications.view.Create","viewId":"application-manageclassifications-display-component---classificationCreate","bindingPath":{"path":"/0","propertyPath":"DESCRIPTION","modelName":"newConfigModel"},"interaction":{"idSuffix":"inner"}},"wdio_ui5_key":"etmportal.ui.manageclassifications.view.Createsap.m.Input{\"path\":\"/0\",\"propertyPath\":\"DESCRIPTION\",\"modelName\":\"newConfigModel\"}"}]}
RESULT: undefined
COMMAND: POST /session/c52f3edd894b3289261c0762f3735e7d/execute/async - {"script":"<script> [776 bytes]","args":[{"enterText":"Color","selector":{"controlType":"sap.m.Input","viewName":"etm.portal.ui.manageclassifications.view.Create","viewId":"application-manageclassifications-display-component---classificationCreate","bindingPath":{"path":"/0","propertyPath":"DESCRIPTION","modelName":"newConfigModel"},"interaction":{"idSuffix":"inner"}},"clearTextFirst":true,"interactionType":"ENTER_TEXT"}]}
RESULT: {"script":"<script> [776 bytes]","args":[{"enterText":"Color","selector":{"controlType":"sap.m.Input","viewName":"etm.portal.ui.manageclassifications.view.Create","viewId":"application-manageclassifications-display-component---classificationCreate","bindingPath":{"path":"/0","propertyPath":"DESCRIPTION","modelName":"newConfigModel"},"interaction":{"idSuffix":"inner"}},"clearTextFirst":true,"interactionType":"ENTER_TEXT"}]}
COMMAND: POST /session/c52f3edd894b3289261c0762f3735e7d/execute/async - {"script":"<script> [1562 bytes]","args":[{"selector":{"controlType":"sap.ui.core.Icon","viewName":"etm.portal.ui.manageclassifications.view.Create","viewId":"application-manageclassifications-display-component---classificationCreate","properties":{"src":{"regex":{"source":"slim\\-arrow\\-down"}}},"ancestor":{"controlType":"sap.m.ComboBox","viewName":"etm.portal.ui.manageclassifications.view.Create","viewId":"application-manageclassifications-display-component---classificationCreate","bindingPath":{"path":"/0","propertyPath":"VALUE_TYPE","modelName":"newConfigModel"}}},"wdio_ui5_key":"etmportal.ui.manageclassifications.view.Createsap.ui.core.Icon{\"src\":{\"regex\":{\"source\":\"slim\\\\-arrow\\\\-down\"}}}{\"controlType\":\"sap.m.ComboBox\",\"viewName\":\"etm.portal.ui.manageclassifications.view.Create\",\"viewId\":\"application-manageclassifications-display-component---classificationCreate\",\"bindingPath\":{\"path\":\"/0\",\"propertyPath\":\"VALUE_TYPE\",\"modelName\":\"newConfigModel\"}}"}]}
RESULT: {"script":"<script> [1562 bytes]","args":[{"selector":{"controlType":"sap.ui.core.Icon","viewName":"etm.portal.ui.manageclassifications.view.Create","viewId":"application-manageclassifications-display-component---classificationCreate","properties":{"src":{"regex":{"source":"slim\\-arrow\\-down"}}},"ancestor":{"controlType":"sap.m.ComboBox","viewName":"etm.portal.ui.manageclassifications.view.Create","viewId":"application-manageclassifications-display-component---classificationCreate","bindingPath":{"path":"/0","propertyPath":"VALUE_TYPE","modelName":"newConfigModel"}}},"wdio_ui5_key":"etmportal.ui.manageclassifications.view.Createsap.ui.core.Icon{\"src\":{\"regex\":{\"source\":\"slim\\\\-arrow\\\\-down\"}}}{\"controlType\":\"sap.m.ComboBox\",\"viewName\":\"etm.portal.ui.manageclassifications.view.Create\",\"viewId\":\"application-manageclassifications-display-component---classificationCreate\",\"bindingPath\":{\"path\":\"/0\",\"propertyPath\":\"VALUE_TYPE\",\"modelName\":\"newConfigModel\"}}"}]}
RESULT: undefined
COMMAND: POST /session/c52f3edd894b3289261c0762f3735e7d/element - {"using":"xpath","value":"//*[@id=\"__box13-application-manageclassifications-display-component---classificationCreate--configurationList-0-arrow\"]"}
RESULT: {"using":"xpath","value":"//*[@id=\"__box13-application-manageclassifications-display-component---classificationCreate--configurationList-0-arrow\"]"}
COMMAND: POST /session/c52f3edd894b3289261c0762f3735e7d/element/f.00CEB3DD14B2376F96DB663D79287A8F.d.7967419443862D9AF2C03A9E546A65A9.e.7336/click - {}
RESULT: {}
COMMAND: POST /session/c52f3edd894b3289261c0762f3735e7d/execute/async - {"script":"<script> [1562 bytes]","args":[{"selector":{"controlType":"sap.m.StandardListItem","viewName":"etm.portal.ui.manageclassifications.view.Create","viewId":"application-manageclassifications-display-component---classificationCreate","properties":{"title":"Dropdown"},"searchOpenDialogs":true,"interaction":{"idSuffix":"titleText"}},"wdio_ui5_key":"etmportal.ui.manageclassifications.view.Createsap.m.StandardListItem{\"title\":\"Dropdown\"}"}]}
COMMAND: GET /session/c52f3edd894b3289261c0762f3735e7d/screenshot - {}
RESULT: {"script":"<script> [1562 bytes]","args":[{"selector":{"controlType":"sap.m.StandardListItem","viewName":"etm.portal.ui.manageclassifications.view.Create","viewId":"application-manageclassifications-display-component---classificationCreate","properties":{"title":"Dropdown"},"searchOpenDialogs":true,"interaction":{"idSuffix":"titleText"}},"wdio_ui5_key":"etmportal.ui.manageclassifications.view.Createsap.m.StandardListItem{\"title\":\"Dropdown\"}"}]}
RESULT: undefined
COMMAND: POST /session/c52f3edd894b3289261c0762f3735e7d/element - {"using":"xpath","value":"//*[@id=\"__item93\"]"}
RESULT: {}
RESULT: {"using":"xpath","value":"//*[@id=\"__item93\"]"}
COMMAND: POST /session/c52f3edd894b3289261c0762f3735e7d/element/f.00CEB3DD14B2376F96DB663D79287A8F.d.7967419443862D9AF2C03A9E546A65A9.e.7338/click - {}
RESULT: {}
COMMAND: POST /session/c52f3edd894b3289261c0762f3735e7d/execute/async - {"script":"<script> [1562 bytes]","args":[{"selector":{"controlType":"sap.ui.core.Icon","viewName":"etm.portal.ui.manageclassifications.view.Create","viewId":"application-manageclassifications-display-component---classificationCreate","properties":{"src":{"regex":{"source":"crm\\-service\\-manager"}}}},"wdio_ui5_key":"etmportal.ui.manageclassifications.view.Createsap.ui.core.Icon{\"src\":{\"regex\":{\"source\":\"crm\\\\-service\\\\-manager\"}}}"}]}
COMMAND: GET /session/c52f3edd894b3289261c0762f3735e7d/screenshot - {}
RESULT: {"script":"<script> [1562 bytes]","args":[{"selector":{"controlType":"sap.ui.core.Icon","viewName":"etm.portal.ui.manageclassifications.view.Create","viewId":"application-manageclassifications-display-component---classificationCreate","properties":{"src":{"regex":{"source":"crm\\-service\\-manager"}}}},"wdio_ui5_key":"etmportal.ui.manageclassifications.view.Createsap.ui.core.Icon{\"src\":{\"regex\":{\"source\":\"crm\\\\-service\\\\-manager\"}}}"}]}
RESULT: undefined
COMMAND: POST /session/c52f3edd894b3289261c0762f3735e7d/element - {"using":"xpath","value":"//*[@id=\"__button34-application-manageclassifications-display-component---classificationCreate--configurationList-0-img\"]"}
RESULT: {}
RESULT: {"using":"xpath","value":"//*[@id=\"__button34-application-manageclassifications-display-component---classificationCreate--configurationList-0-img\"]"}
COMMAND: POST /session/c52f3edd894b3289261c0762f3735e7d/element/f.00CEB3DD14B2376F96DB663D79287A8F.d.7967419443862D9AF2C03A9E546A65A9.e.7340/click - {}
RESULT: {}
COMMAND: POST /session/c52f3edd894b3289261c0762f3735e7d/element - {"using":"xpath","value":"//button[@title=\"Add additional value\"]"}
COMMAND: GET /session/c52f3edd894b3289261c0762f3735e7d/screenshot - {}
RESULT: {"using":"xpath","value":"//button[@title=\"Add additional value\"]"}
COMMAND: POST /session/c52f3edd894b3289261c0762f3735e7d/element/f.00CEB3DD14B2376F96DB663D79287A8F.d.7967419443862D9AF2C03A9E546A65A9.e.7341/click - {}
RESULT: {}
RESULT: {}
COMMAND: POST /session/c52f3edd894b3289261c0762f3735e7d/execute/async - {"script":"<script> [1562 bytes]","args":[{"selector":{"controlType":"sap.m.Input","viewName":"etm.portal.ui.manageclassifications.view.Create","viewId":"application-manageclassifications-display-component---classificationCreate","bindingPath":{"path":"/VALUES/0","propertyPath":"VALUE","modelName":"dropdownValuesModel"},"searchOpenDialogs":true,"interaction":{"idSuffix":"inner"}},"wdio_ui5_key":"etmportal.ui.manageclassifications.view.Createsap.m.Input{\"path\":\"/VALUES/0\",\"propertyPath\":\"VALUE\",\"modelName\":\"dropdownValuesModel\"}"}]}
COMMAND: GET /session/c52f3edd894b3289261c0762f3735e7d/screenshot - {}
RESULT: {"script":"<script> [1562 bytes]","args":[{"selector":{"controlType":"sap.m.Input","viewName":"etm.portal.ui.manageclassifications.view.Create","viewId":"application-manageclassifications-display-component---classificationCreate","bindingPath":{"path":"/VALUES/0","propertyPath":"VALUE","modelName":"dropdownValuesModel"},"searchOpenDialogs":true,"interaction":{"idSuffix":"inner"}},"wdio_ui5_key":"etmportal.ui.manageclassifications.view.Createsap.m.Input{\"path\":\"/VALUES/0\",\"propertyPath\":\"VALUE\",\"modelName\":\"dropdownValuesModel\"}"}]}
RESULT: undefined
COMMAND: POST /session/c52f3edd894b3289261c0762f3735e7d/execute/async - {"script":"<script> [776 bytes]","args":[{"enterText":"1","selector":{"controlType":"sap.m.Input","viewName":"etm.portal.ui.manageclassifications.view.Create","viewId":"application-manageclassifications-display-component---classificationCreate","bindingPath":{"path":"/VALUES/0","propertyPath":"VALUE","modelName":"dropdownValuesModel"},"searchOpenDialogs":true,"interaction":{"idSuffix":"inner"}},"clearTextFirst":true,"interactionType":"ENTER_TEXT"}]}
RESULT: {}
RESULT: {"script":"<script> [776 bytes]","args":[{"enterText":"1","selector":{"controlType":"sap.m.Input","viewName":"etm.portal.ui.manageclassifications.view.Create","viewId":"application-manageclassifications-display-component---classificationCreate","bindingPath":{"path":"/VALUES/0","propertyPath":"VALUE","modelName":"dropdownValuesModel"},"searchOpenDialogs":true,"interaction":{"idSuffix":"inner"}},"clearTextFirst":true,"interactionType":"ENTER_TEXT"}]}
COMMAND: POST /session/c52f3edd894b3289261c0762f3735e7d/execute/async - {"script":"<script> [1562 bytes]","args":[{"selector":{"controlType":"sap.m.Input","viewName":"etm.portal.ui.manageclassifications.view.Create","viewId":"application-manageclassifications-display-component---classificationCreate","bindingPath":{"path":"/VALUES/0","propertyPath":"TEXT","modelName":"dropdownValuesModel"},"searchOpenDialogs":true,"interaction":{"idSuffix":"inner"}},"wdio_ui5_key":"etmportal.ui.manageclassifications.view.Createsap.m.Input{\"path\":\"/VALUES/0\",\"propertyPath\":\"TEXT\",\"modelName\":\"dropdownValuesModel\"}"}]}
RESULT: {"script":"<script> [1562 bytes]","args":[{"selector":{"controlType":"sap.m.Input","viewName":"etm.portal.ui.manageclassifications.view.Create","viewId":"application-manageclassifications-display-component---classificationCreate","bindingPath":{"path":"/VALUES/0","propertyPath":"TEXT","modelName":"dropdownValuesModel"},"searchOpenDialogs":true,"interaction":{"idSuffix":"inner"}},"wdio_ui5_key":"etmportal.ui.manageclassifications.view.Createsap.m.Input{\"path\":\"/VALUES/0\",\"propertyPath\":\"TEXT\",\"modelName\":\"dropdownValuesModel\"}"}]}
RESULT: undefined
COMMAND: POST /session/c52f3edd894b3289261c0762f3735e7d/execute/async - {"script":"<script> [776 bytes]","args":[{"enterText":"blue","selector":{"controlType":"sap.m.Input","viewName":"etm.portal.ui.manageclassifications.view.Create","viewId":"application-manageclassifications-display-component---classificationCreate","bindingPath":{"path":"/VALUES/0","propertyPath":"TEXT","modelName":"dropdownValuesModel"},"searchOpenDialogs":true,"interaction":{"idSuffix":"inner"}},"clearTextFirst":true,"interactionType":"ENTER_TEXT"}]}
RESULT: {"script":"<script> [776 bytes]","args":[{"enterText":"blue","selector":{"controlType":"sap.m.Input","viewName":"etm.portal.ui.manageclassifications.view.Create","viewId":"application-manageclassifications-display-component---classificationCreate","bindingPath":{"path":"/VALUES/0","propertyPath":"TEXT","modelName":"dropdownValuesModel"},"searchOpenDialogs":true,"interaction":{"idSuffix":"inner"}},"clearTextFirst":true,"interactionType":"ENTER_TEXT"}]}
COMMAND: POST /session/c52f3edd894b3289261c0762f3735e7d/element - {"using":"xpath","value":"//button[@title=\"Add additional value\"]"}
RESULT: {"using":"xpath","value":"//button[@title=\"Add additional value\"]"}
COMMAND: POST /session/c52f3edd894b3289261c0762f3735e7d/element/f.00CEB3DD14B2376F96DB663D79287A8F.d.7967419443862D9AF2C03A9E546A65A9.e.7341/click - {}
RESULT: {}
COMMAND: POST /session/c52f3edd894b3289261c0762f3735e7d/execute/async - {"script":"<script> [1562 bytes]","args":[{"selector":{"controlType":"sap.m.Input","viewName":"etm.portal.ui.manageclassifications.view.Create","viewId":"application-manageclassifications-display-component---classificationCreate","bindingPath":{"path":"/VALUES/1","propertyPath":"VALUE","modelName":"dropdownValuesModel"},"searchOpenDialogs":true,"interaction":{"idSuffix":"inner"}},"wdio_ui5_key":"etmportal.ui.manageclassifications.view.Createsap.m.Input{\"path\":\"/VALUES/1\",\"propertyPath\":\"VALUE\",\"modelName\":\"dropdownValuesModel\"}"}]}
COMMAND: GET /session/c52f3edd894b3289261c0762f3735e7d/screenshot - {}
RESULT: {"script":"<script> [1562 bytes]","args":[{"selector":{"controlType":"sap.m.Input","viewName":"etm.portal.ui.manageclassifications.view.Create","viewId":"application-manageclassifications-display-component---classificationCreate","bindingPath":{"path":"/VALUES/1","propertyPath":"VALUE","modelName":"dropdownValuesModel"},"searchOpenDialogs":true,"interaction":{"idSuffix":"inner"}},"wdio_ui5_key":"etmportal.ui.manageclassifications.view.Createsap.m.Input{\"path\":\"/VALUES/1\",\"propertyPath\":\"VALUE\",\"modelName\":\"dropdownValuesModel\"}"}]}
RESULT: undefined
COMMAND: POST /session/c52f3edd894b3289261c0762f3735e7d/execute/async - {"script":"<script> [776 bytes]","args":[{"enterText":"2","selector":{"controlType":"sap.m.Input","viewName":"etm.portal.ui.manageclassifications.view.Create","viewId":"application-manageclassifications-display-component---classificationCreate","bindingPath":{"path":"/VALUES/1","propertyPath":"VALUE","modelName":"dropdownValuesModel"},"searchOpenDialogs":true,"interaction":{"idSuffix":"inner"}},"clearTextFirst":true,"interactionType":"ENTER_TEXT"}]}
RESULT: {}
RESULT: {"script":"<script> [776 bytes]","args":[{"enterText":"2","selector":{"controlType":"sap.m.Input","viewName":"etm.portal.ui.manageclassifications.view.Create","viewId":"application-manageclassifications-display-component---classificationCreate","bindingPath":{"path":"/VALUES/1","propertyPath":"VALUE","modelName":"dropdownValuesModel"},"searchOpenDialogs":true,"interaction":{"idSuffix":"inner"}},"clearTextFirst":true,"interactionType":"ENTER_TEXT"}]}
COMMAND: POST /session/c52f3edd894b3289261c0762f3735e7d/execute/async - {"script":"<script> [1562 bytes]","args":[{"selector":{"controlType":"sap.m.Input","viewName":"etm.portal.ui.manageclassifications.view.Create","viewId":"application-manageclassifications-display-component---classificationCreate","bindingPath":{"path":"/VALUES/1","propertyPath":"TEXT","modelName":"dropdownValuesModel"},"searchOpenDialogs":true,"interaction":{"idSuffix":"inner"}},"wdio_ui5_key":"etmportal.ui.manageclassifications.view.Createsap.m.Input{\"path\":\"/VALUES/1\",\"propertyPath\":\"TEXT\",\"modelName\":\"dropdownValuesModel\"}"}]}
RESULT: {"script":"<script> [1562 bytes]","args":[{"selector":{"controlType":"sap.m.Input","viewName":"etm.portal.ui.manageclassifications.view.Create","viewId":"application-manageclassifications-display-component---classificationCreate","bindingPath":{"path":"/VALUES/1","propertyPath":"TEXT","modelName":"dropdownValuesModel"},"searchOpenDialogs":true,"interaction":{"idSuffix":"inner"}},"wdio_ui5_key":"etmportal.ui.manageclassifications.view.Createsap.m.Input{\"path\":\"/VALUES/1\",\"propertyPath\":\"TEXT\",\"modelName\":\"dropdownValuesModel\"}"}]}
RESULT: undefined
COMMAND: POST /session/c52f3edd894b3289261c0762f3735e7d/execute/async - {"script":"<script> [776 bytes]","args":[{"enterText":"red","selector":{"controlType":"sap.m.Input","viewName":"etm.portal.ui.manageclassifications.view.Create","viewId":"application-manageclassifications-display-component---classificationCreate","bindingPath":{"path":"/VALUES/1","propertyPath":"TEXT","modelName":"dropdownValuesModel"},"searchOpenDialogs":true,"interaction":{"idSuffix":"inner"}},"clearTextFirst":true,"interactionType":"ENTER_TEXT"}]}
RESULT: {"script":"<script> [776 bytes]","args":[{"enterText":"red","selector":{"controlType":"sap.m.Input","viewName":"etm.portal.ui.manageclassifications.view.Create","viewId":"application-manageclassifications-display-component---classificationCreate","bindingPath":{"path":"/VALUES/1","propertyPath":"TEXT","modelName":"dropdownValuesModel"},"searchOpenDialogs":true,"interaction":{"idSuffix":"inner"}},"clearTextFirst":true,"interactionType":"ENTER_TEXT"}]}
COMMAND: POST /session/c52f3edd894b3289261c0762f3735e7d/execute/async - {"script":"<script> [1562 bytes]","args":[{"selector":{"controlType":"sap.m.Button","viewName":"etm.portal.ui.manageclassifications.view.Create","viewId":"application-manageclassifications-display-component---classificationCreate","i18NText":{"propertyName":"text","key":"save"},"searchOpenDialogs":true,"interaction":{"idSuffix":"BDI-content"}},"wdio_ui5_key":"etmportal.ui.manageclassifications.view.Createsap.m.Button{\"propertyName\":\"text\",\"key\":\"save\"}"}]}
RESULT: {"script":"<script> [1562 bytes]","args":[{"selector":{"controlType":"sap.m.Button","viewName":"etm.portal.ui.manageclassifications.view.Create","viewId":"application-manageclassifications-display-component---classificationCreate","i18NText":{"propertyName":"text","key":"save"},"searchOpenDialogs":true,"interaction":{"idSuffix":"BDI-content"}},"wdio_ui5_key":"etmportal.ui.manageclassifications.view.Createsap.m.Button{\"propertyName\":\"text\",\"key\":\"save\"}"}]}
RESULT: undefined
COMMAND: POST /session/c52f3edd894b3289261c0762f3735e7d/element - {"using":"xpath","value":"//*[@id=\"__button44\"]"}
RESULT: {"using":"xpath","value":"//*[@id=\"__button44\"]"}
COMMAND: POST /session/c52f3edd894b3289261c0762f3735e7d/element/f.00CEB3DD14B2376F96DB663D79287A8F.d.7967419443862D9AF2C03A9E546A65A9.e.7362/click - {}
RESULT: {}
COMMAND: GET /session/c52f3edd894b3289261c0762f3735e7d/screenshot - {}
RESULT: {}
COMMAND: POST /session/c52f3edd894b3289261c0762f3735e7d/element - {"using":"xpath","value":"//button[@title=\"Save\"]"}
RESULT: {"using":"xpath","value":"//button[@title=\"Save\"]"}
COMMAND: POST /session/c52f3edd894b3289261c0762f3735e7d/element/f.00CEB3DD14B2376F96DB663D79287A8F.d.7967419443862D9AF2C03A9E546A65A9.e.7288/click - {}
RESULT: {}
COMMAND: GET /session/c52f3edd894b3289261c0762f3735e7d/screenshot - {}
RESULT: {}
COMMAND: POST /session/c52f3edd894b3289261c0762f3735e7d/execute/async - {"script":"<script> [1562 bytes]","args":[{"selector":{"id":"application-manageclassifications-display-component---classificationMaster--smartFilterBar-btnBasicSearch","interaction":{"idSuffix":"I"}},"wdio_ui5_key":"applicationmanageclassifications-display-component---classificationMaster--smartFilterBar-btnBasicSearch"}]}
RESULT: {"script":"<script> [1562 bytes]","args":[{"selector":{"id":"application-manageclassifications-display-component---classificationMaster--smartFilterBar-btnBasicSearch","interaction":{"idSuffix":"I"}},"wdio_ui5_key":"applicationmanageclassifications-display-component---classificationMaster--smartFilterBar-btnBasicSearch"}]}
RESULT: undefined
COMMAND: POST /session/c52f3edd894b3289261c0762f3735e7d/execute/async - {"script":"<script> [776 bytes]","args":[{"enterText":"WebdriverItemClassaislb","selector":{"id":"application-manageclassifications-display-component---classificationMaster--smartFilterBar-btnBasicSearch","interaction":{"idSuffix":"I"}},"clearTextFirst":true,"interactionType":"ENTER_TEXT"}]}
RESULT: {"script":"<script> [776 bytes]","args":[{"enterText":"WebdriverItemClassaislb","selector":{"id":"application-manageclassifications-display-component---classificationMaster--smartFilterBar-btnBasicSearch","interaction":{"idSuffix":"I"}},"clearTextFirst":true,"interactionType":"ENTER_TEXT"}]}
COMMAND: POST /session/c52f3edd894b3289261c0762f3735e7d/actions - {"actions":[{"id":"action47","type":"key","parameters":{},"actions":[{"type":"keyDown","value":""},{"type":"pause","duration":10},{"type":"keyUp","value":""}]}]}
RESULT: {"actions":[{"id":"action47","type":"key","parameters":{},"actions":[{"type":"keyDown","value":""},{"type":"pause","duration":10},{"type":"keyUp","value":""}]}]}
COMMAND: POST /session/c52f3edd894b3289261c0762f3735e7d/execute/async - {"script":"<script> [1562 bytes]","args":[{"selector":{"id":"application-manageclassifications-display-component---classificationMaster--smartTable-header"},"wdio_ui5_key":"applicationmanageclassifications-display-component---classificationMaster--smartTable-header"}]}
COMMAND: GET /session/c52f3edd894b3289261c0762f3735e7d/screenshot - {}
RESULT: {"script":"<script> [1562 bytes]","args":[{"selector":{"id":"application-manageclassifications-display-component---classificationMaster--smartTable-header"},"wdio_ui5_key":"applicationmanageclassifications-display-component---classificationMaster--smartTable-header"}]}
RESULT: undefined
COMMAND: POST /session/c52f3edd894b3289261c0762f3735e7d/execute/async - {"script":"<script> [6424 bytes]","args":[{"element-6066-11e4-a52e-4f735466cecf":"f.00CEB3DD14B2376F96DB663D79287A8F.d.7967419443862D9AF2C03A9E546A65A9.e.7531"},"getText",[]]}
RESULT: {}
RESULT: {"script":"<script> [6424 bytes]","args":[{"element-6066-11e4-a52e-4f735466cecf":"f.00CEB3DD14B2376F96DB663D79287A8F.d.7967419443862D9AF2C03A9E546A65A9.e.7531"},"getText",[]]}
COMMAND: POST /session/c52f3edd894b3289261c0762f3735e7d/element - {"using":"css selector","value":"#shell-header-logo"}
RESULT: {"using":"css selector","value":"#shell-header-logo"}
COMMAND: POST /session/c52f3edd894b3289261c0762f3735e7d/element/f.00CEB3DD14B2376F96DB663D79287A8F.d.7967419443862D9AF2C03A9E546A65A9.e.6845/click - {}
RESULT: {}
COMMAND: GET /session/c52f3edd894b3289261c0762f3735e7d/screenshot - {}
RESULT: {}
]]></system-out>
    </testcase>
    <testcase classname="chrome.136_0_7103_93.windows.Manage_requests_-_requests_specifications_US141095" name="Should create a new section and a catalog item" time="138.277">
      <system-out><![CDATA[
COMMAND: POST /session/c52f3edd894b3289261c0762f3735e7d/execute/async - {"script":"<script> [1562 bytes]","args":[{"selector":{"controlType":"sap.m.GenericTile","properties":{"header":"Manage Catalogs"}},"wdio_ui5_key":"sapm.GenericTile{\"header\":\"Manage Catalogs\"}"}]}
RESULT: {"script":"<script> [1562 bytes]","args":[{"selector":{"controlType":"sap.m.GenericTile","properties":{"header":"Manage Catalogs"}},"wdio_ui5_key":"sapm.GenericTile{\"header\":\"Manage Catalogs\"}"}]}
RESULT: undefined
COMMAND: POST /session/c52f3edd894b3289261c0762f3735e7d/element - {"using":"xpath","value":"//*[@id=\"__tile37\"]"}
RESULT: {"using":"xpath","value":"//*[@id=\"__tile37\"]"}
COMMAND: POST /session/c52f3edd894b3289261c0762f3735e7d/element/f.00CEB3DD14B2376F96DB663D79287A8F.d.7967419443862D9AF2C03A9E546A65A9.e.7535/click - {}
RESULT: {}
COMMAND: GET /session/c52f3edd894b3289261c0762f3735e7d/screenshot - {}
RESULT: {}
COMMAND: POST /session/c52f3edd894b3289261c0762f3735e7d/elements - {"using":"xpath","value":"//span[text()='Error']"}
RESULT: {"using":"xpath","value":"//span[text()='Error']"}
COMMAND: POST /session/c52f3edd894b3289261c0762f3735e7d/execute/async - {"script":"<script> [1562 bytes]","args":[{"selector":{"controlType":"sap.m.Text","viewName":"etm.portal.ui.managecatalogs.view.MasterCatalogs","viewId":"application-managecatalogs-display-component---masterCatalogs","bindingPath":{"path":"/Catalogs('0D7502D073D53A0F1700BE067B89AFF9')","propertyPath":"DESCRIPTION","modelName":"catalogModel"}},"wdio_ui5_key":"etmportal.ui.managecatalogs.view.MasterCatalogssap.m.Text{\"path\":\"/Catalogs('0D7502D073D53A0F1700BE067B89AFF9')\",\"propertyPath\":\"DESCRIPTION\",\"modelName\":\"catalogModel\"}"}]}
RESULT: {"script":"<script> [1562 bytes]","args":[{"selector":{"controlType":"sap.m.Text","viewName":"etm.portal.ui.managecatalogs.view.MasterCatalogs","viewId":"application-managecatalogs-display-component---masterCatalogs","bindingPath":{"path":"/Catalogs('0D7502D073D53A0F1700BE067B89AFF9')","propertyPath":"DESCRIPTION","modelName":"catalogModel"}},"wdio_ui5_key":"etmportal.ui.managecatalogs.view.MasterCatalogssap.m.Text{\"path\":\"/Catalogs('0D7502D073D53A0F1700BE067B89AFF9')\",\"propertyPath\":\"DESCRIPTION\",\"modelName\":\"catalogModel\"}"}]}
RESULT: undefined
COMMAND: POST /session/c52f3edd894b3289261c0762f3735e7d/element - {"using":"xpath","value":"//*[@id=\"__text434-application-managecatalogs-display-component---masterCatalogs--CatalogsTable-11\"]"}
RESULT: {"using":"xpath","value":"//*[@id=\"__text434-application-managecatalogs-display-component---masterCatalogs--CatalogsTable-11\"]"}
COMMAND: POST /session/c52f3edd894b3289261c0762f3735e7d/element/f.00CEB3DD14B2376F96DB663D79287A8F.d.7967419443862D9AF2C03A9E546A65A9.e.7603/click - {}
RESULT: {}
COMMAND: POST /session/c52f3edd894b3289261c0762f3735e7d/execute/async - {"script":"<script> [1562 bytes]","args":[{"selector":{"controlType":"sap.ui.layout.HorizontalLayout","viewName":"etm.portal.ui.managecatalogs.view.MasterItems","viewId":"application-managecatalogs-display-component---masterCatalogItems","ancestor":{"id":"application-managecatalogs-display-component---masterCatalogItems--idCatalogItemsTree-rows-row0"}},"wdio_ui5_key":"etmportal.ui.managecatalogs.view.MasterItemssap.ui.layout.HorizontalLayout{\"id\":\"application-managecatalogs-display-component---masterCatalogItems--idCatalogItemsTree-rows-row0\"}"}]}
COMMAND: GET /session/c52f3edd894b3289261c0762f3735e7d/screenshot - {}
RESULT: {"script":"<script> [1562 bytes]","args":[{"selector":{"controlType":"sap.ui.layout.HorizontalLayout","viewName":"etm.portal.ui.managecatalogs.view.MasterItems","viewId":"application-managecatalogs-display-component---masterCatalogItems","ancestor":{"id":"application-managecatalogs-display-component---masterCatalogItems--idCatalogItemsTree-rows-row0"}},"wdio_ui5_key":"etmportal.ui.managecatalogs.view.MasterItemssap.ui.layout.HorizontalLayout{\"id\":\"application-managecatalogs-display-component---masterCatalogItems--idCatalogItemsTree-rows-row0\"}"}]}
RESULT: undefined
COMMAND: POST /session/c52f3edd894b3289261c0762f3735e7d/element - {"using":"xpath","value":"//*[@id=\"__layout40-__clone396\"]"}
RESULT: {}
RESULT: {"using":"xpath","value":"//*[@id=\"__layout40-__clone396\"]"}
COMMAND: POST /session/c52f3edd894b3289261c0762f3735e7d/element/f.00CEB3DD14B2376F96DB663D79287A8F.d.7967419443862D9AF2C03A9E546A65A9.e.7638/click - {}
RESULT: {}
COMMAND: GET /session/c52f3edd894b3289261c0762f3735e7d/screenshot - {}
COMMAND: POST /session/c52f3edd894b3289261c0762f3735e7d/execute/async - {"script":"<script> [1562 bytes]","args":[{"selector":{"controlType":"sap.m.Button","viewName":"etm.portal.ui.managecatalogs.view.Detail","viewId":"application-managecatalogs-display-component---detailCatalog","i18NText":{"propertyName":"text","key":"edit"},"interaction":{"idSuffix":"BDI-content"}},"wdio_ui5_key":"etmportal.ui.managecatalogs.view.Detailsap.m.Button{\"propertyName\":\"text\",\"key\":\"edit\"}"}]}
RESULT: {}
RESULT: {"script":"<script> [1562 bytes]","args":[{"selector":{"controlType":"sap.m.Button","viewName":"etm.portal.ui.managecatalogs.view.Detail","viewId":"application-managecatalogs-display-component---detailCatalog","i18NText":{"propertyName":"text","key":"edit"},"interaction":{"idSuffix":"BDI-content"}},"wdio_ui5_key":"etmportal.ui.managecatalogs.view.Detailsap.m.Button{\"propertyName\":\"text\",\"key\":\"edit\"}"}]}
RESULT: undefined
COMMAND: POST /session/c52f3edd894b3289261c0762f3735e7d/element - {"using":"xpath","value":"//*[@id=\"__button88\"]"}
RESULT: {"using":"xpath","value":"//*[@id=\"__button88\"]"}
COMMAND: POST /session/c52f3edd894b3289261c0762f3735e7d/element/f.00CEB3DD14B2376F96DB663D79287A8F.d.7967419443862D9AF2C03A9E546A65A9.e.7754/click - {}
RESULT: {}
COMMAND: GET /session/c52f3edd894b3289261c0762f3735e7d/screenshot - {}
RESULT: {}
COMMAND: POST /session/c52f3edd894b3289261c0762f3735e7d/element - {"using":"xpath","value":"//bdi[contains(text(), \"Unlock\")]"}
RESULT: {"using":"xpath","value":"//bdi[contains(text(), \"Unlock\")]"}
COMMAND: POST /session/c52f3edd894b3289261c0762f3735e7d/elements - {"using":"xpath","value":"//bdi[contains(text(), \"Unlock\")]"}
RESULT: {"using":"xpath","value":"//bdi[contains(text(), \"Unlock\")]"}
COMMAND: POST /session/c52f3edd894b3289261c0762f3735e7d/execute/async - {"script":"<script> [1562 bytes]","args":[{"selector":{"controlType":"sap.ui.core.Icon","viewName":"etm.portal.ui.managecatalogs.view.Detail","viewId":"application-managecatalogs-display-component---detailCatalog","properties":{"src":{"regex":{"source":"add\\-folder"}}}},"wdio_ui5_key":"etmportal.ui.managecatalogs.view.Detailsap.ui.core.Icon{\"src\":{\"regex\":{\"source\":\"add\\\\-folder\"}}}"}]}
RESULT: {"script":"<script> [1562 bytes]","args":[{"selector":{"controlType":"sap.ui.core.Icon","viewName":"etm.portal.ui.managecatalogs.view.Detail","viewId":"application-managecatalogs-display-component---detailCatalog","properties":{"src":{"regex":{"source":"add\\-folder"}}}},"wdio_ui5_key":"etmportal.ui.managecatalogs.view.Detailsap.ui.core.Icon{\"src\":{\"regex\":{\"source\":\"add\\\\-folder\"}}}"}]}
RESULT: undefined
COMMAND: POST /session/c52f3edd894b3289261c0762f3735e7d/element - {"using":"xpath","value":"//*[@id=\"__button96-img\"]"}
RESULT: {"using":"xpath","value":"//*[@id=\"__button96-img\"]"}
COMMAND: POST /session/c52f3edd894b3289261c0762f3735e7d/element/f.00CEB3DD14B2376F96DB663D79287A8F.d.7967419443862D9AF2C03A9E546A65A9.e.7762/click - {}
RESULT: {}
COMMAND: GET /session/c52f3edd894b3289261c0762f3735e7d/screenshot - {}
RESULT: {}
COMMAND: POST /session/c52f3edd894b3289261c0762f3735e7d/execute/async - {"script":"<script> [1562 bytes]","args":[{"selector":{"id":"application-managecatalogs-display-component---detailCatalog--numberInput","searchOpenDialogs":true,"interaction":{"idSuffix":"inner"}},"wdio_ui5_key":"applicationmanagecatalogs-display-component---detailCatalog--numberInput"}]}
RESULT: {"script":"<script> [1562 bytes]","args":[{"selector":{"id":"application-managecatalogs-display-component---detailCatalog--numberInput","searchOpenDialogs":true,"interaction":{"idSuffix":"inner"}},"wdio_ui5_key":"applicationmanagecatalogs-display-component---detailCatalog--numberInput"}]}
RESULT: undefined
COMMAND: POST /session/c52f3edd894b3289261c0762f3735e7d/execute/async - {"script":"<script> [776 bytes]","args":[{"enterText":"Sectionyka1v","selector":{"id":"application-managecatalogs-display-component---detailCatalog--numberInput","searchOpenDialogs":true,"interaction":{"idSuffix":"inner"}},"clearTextFirst":true,"interactionType":"ENTER_TEXT"}]}
RESULT: {"script":"<script> [776 bytes]","args":[{"enterText":"Sectionyka1v","selector":{"id":"application-managecatalogs-display-component---detailCatalog--numberInput","searchOpenDialogs":true,"interaction":{"idSuffix":"inner"}},"clearTextFirst":true,"interactionType":"ENTER_TEXT"}]}
COMMAND: POST /session/c52f3edd894b3289261c0762f3735e7d/element - {"using":"css selector","value":"#application-managecatalogs-display-component---detailCatalog--nameInput-inner"}
RESULT: {"using":"css selector","value":"#application-managecatalogs-display-component---detailCatalog--nameInput-inner"}
COMMAND: POST /session/c52f3edd894b3289261c0762f3735e7d/elements - {"using":"css selector","value":"#application-managecatalogs-display-component---detailCatalog--nameInput-inner"}
RESULT: {"using":"css selector","value":"#application-managecatalogs-display-component---detailCatalog--nameInput-inner"}
COMMAND: POST /session/c52f3edd894b3289261c0762f3735e7d/element/f.00CEB3DD14B2376F96DB663D79287A8F.d.7967419443862D9AF2C03A9E546A65A9.e.7766/clear - {}
RESULT: {}
COMMAND: POST /session/c52f3edd894b3289261c0762f3735e7d/element/f.00CEB3DD14B2376F96DB663D79287A8F.d.7967419443862D9AF2C03A9E546A65A9.e.7766/value - {"text":"Webdrivervogaag"}
COMMAND: GET /session/c52f3edd894b3289261c0762f3735e7d/screenshot - {}
RESULT: {"text":"Webdrivervogaag"}
COMMAND: POST /session/c52f3edd894b3289261c0762f3735e7d/execute/async - {"script":"<script> [1562 bytes]","args":[{"selector":{"controlType":"sap.m.Button","viewName":"etm.portal.ui.managecatalogs.view.Detail","viewId":"application-managecatalogs-display-component---detailCatalog","i18NText":{"propertyName":"text","key":"create"},"searchOpenDialogs":true,"interaction":{"idSuffix":"BDI-content"}},"wdio_ui5_key":"etmportal.ui.managecatalogs.view.Detailsap.m.Button{\"propertyName\":\"text\",\"key\":\"create\"}"}]}
COMMAND: GET /session/c52f3edd894b3289261c0762f3735e7d/screenshot - {}
RESULT: {}
RESULT: {"script":"<script> [1562 bytes]","args":[{"selector":{"controlType":"sap.m.Button","viewName":"etm.portal.ui.managecatalogs.view.Detail","viewId":"application-managecatalogs-display-component---detailCatalog","i18NText":{"propertyName":"text","key":"create"},"searchOpenDialogs":true,"interaction":{"idSuffix":"BDI-content"}},"wdio_ui5_key":"etmportal.ui.managecatalogs.view.Detailsap.m.Button{\"propertyName\":\"text\",\"key\":\"create\"}"}]}
RESULT: undefined
COMMAND: POST /session/c52f3edd894b3289261c0762f3735e7d/element - {"using":"xpath","value":"//*[@id=\"__button66\"]"}
RESULT: {}
RESULT: {"using":"xpath","value":"//*[@id=\"__button66\"]"}
COMMAND: POST /session/c52f3edd894b3289261c0762f3735e7d/element/f.00CEB3DD14B2376F96DB663D79287A8F.d.7967419443862D9AF2C03A9E546A65A9.e.7771/click - {}
RESULT: {}
COMMAND: GET /session/c52f3edd894b3289261c0762f3735e7d/screenshot - {}
RESULT: {}
COMMAND: POST /session/c52f3edd894b3289261c0762f3735e7d/element - {"using":"xpath","value":"//button[@title=\"Save\"]"}
RESULT: {"using":"xpath","value":"//button[@title=\"Save\"]"}
COMMAND: POST /session/c52f3edd894b3289261c0762f3735e7d/element/f.00CEB3DD14B2376F96DB663D79287A8F.d.7967419443862D9AF2C03A9E546A65A9.e.7772/click - {}
RESULT: {}
COMMAND: POST /session/c52f3edd894b3289261c0762f3735e7d/execute/async - {"script":"<script> [1562 bytes]","args":[{"selector":{"controlType":"sap.ui.core.Icon","viewName":"etm.portal.ui.managecatalogs.view.Detail","viewId":"application-managecatalogs-display-component---detailCatalog","properties":{"src":{"regex":{"source":"decline"}}}},"wdio_ui5_key":"etmportal.ui.managecatalogs.view.Detailsap.ui.core.Icon{\"src\":{\"regex\":{\"source\":\"decline\"}}}"}]}
COMMAND: GET /session/c52f3edd894b3289261c0762f3735e7d/screenshot - {}
RESULT: {"script":"<script> [1562 bytes]","args":[{"selector":{"controlType":"sap.ui.core.Icon","viewName":"etm.portal.ui.managecatalogs.view.Detail","viewId":"application-managecatalogs-display-component---detailCatalog","properties":{"src":{"regex":{"source":"decline"}}}},"wdio_ui5_key":"etmportal.ui.managecatalogs.view.Detailsap.ui.core.Icon{\"src\":{\"regex\":{\"source\":\"decline\"}}}"}]}
RESULT: undefined
COMMAND: POST /session/c52f3edd894b3289261c0762f3735e7d/element - {"using":"xpath","value":"//*[@id=\"__button91-img\"]"}
RESULT: {}
RESULT: {"using":"xpath","value":"//*[@id=\"__button91-img\"]"}
COMMAND: POST /session/c52f3edd894b3289261c0762f3735e7d/element/f.00CEB3DD14B2376F96DB663D79287A8F.d.7967419443862D9AF2C03A9E546A65A9.e.7777/click - {}
RESULT: {}
COMMAND: GET /session/c52f3edd894b3289261c0762f3735e7d/screenshot - {}
RESULT: {}
COMMAND: POST /session/c52f3edd894b3289261c0762f3735e7d/execute/async - {"script":"<script> [1562 bytes]","args":[{"selector":{"controlType":"sap.ui.core.Icon","viewName":"etm.portal.ui.managecatalogs.view.MasterItems","viewId":"application-managecatalogs-display-component---masterCatalogItems","properties":{"src":{"regex":{"source":"refresh"}}}},"wdio_ui5_key":"etmportal.ui.managecatalogs.view.MasterItemssap.ui.core.Icon{\"src\":{\"regex\":{\"source\":\"refresh\"}}}"}]}
RESULT: {"script":"<script> [1562 bytes]","args":[{"selector":{"controlType":"sap.ui.core.Icon","viewName":"etm.portal.ui.managecatalogs.view.MasterItems","viewId":"application-managecatalogs-display-component---masterCatalogItems","properties":{"src":{"regex":{"source":"refresh"}}}},"wdio_ui5_key":"etmportal.ui.managecatalogs.view.MasterItemssap.ui.core.Icon{\"src\":{\"regex\":{\"source\":\"refresh\"}}}"}]}
RESULT: undefined
COMMAND: POST /session/c52f3edd894b3289261c0762f3735e7d/element - {"using":"xpath","value":"//*[@id=\"__button64-img\"]"}
RESULT: {"using":"xpath","value":"//*[@id=\"__button64-img\"]"}
COMMAND: POST /session/c52f3edd894b3289261c0762f3735e7d/element/f.00CEB3DD14B2376F96DB663D79287A8F.d.7967419443862D9AF2C03A9E546A65A9.e.7813/click - {}
RESULT: {}
COMMAND: POST /session/c52f3edd894b3289261c0762f3735e7d/execute/async - {"script":"<script> [1562 bytes]","args":[{"selector":{"id":"application-managecatalogs-display-component---masterCatalogItems--searchItemsField","interaction":{"idSuffix":"I"}},"wdio_ui5_key":"applicationmanagecatalogs-display-component---masterCatalogItems--searchItemsField"}]}
COMMAND: GET /session/c52f3edd894b3289261c0762f3735e7d/screenshot - {}
RESULT: {"script":"<script> [1562 bytes]","args":[{"selector":{"id":"application-managecatalogs-display-component---masterCatalogItems--searchItemsField","interaction":{"idSuffix":"I"}},"wdio_ui5_key":"applicationmanagecatalogs-display-component---masterCatalogItems--searchItemsField"}]}
RESULT: undefined
COMMAND: POST /session/c52f3edd894b3289261c0762f3735e7d/execute/async - {"script":"<script> [776 bytes]","args":[{"enterText":"Webdrivervogaag","selector":{"id":"application-managecatalogs-display-component---masterCatalogItems--searchItemsField","interaction":{"idSuffix":"I"}},"clearTextFirst":true,"interactionType":"ENTER_TEXT"}]}
RESULT: {}
RESULT: {"script":"<script> [776 bytes]","args":[{"enterText":"Webdrivervogaag","selector":{"id":"application-managecatalogs-display-component---masterCatalogItems--searchItemsField","interaction":{"idSuffix":"I"}},"clearTextFirst":true,"interactionType":"ENTER_TEXT"}]}
COMMAND: POST /session/c52f3edd894b3289261c0762f3735e7d/actions - {"actions":[{"id":"action48","type":"key","parameters":{},"actions":[{"type":"keyDown","value":""},{"type":"pause","duration":10},{"type":"keyUp","value":""}]}]}
RESULT: {"actions":[{"id":"action48","type":"key","parameters":{},"actions":[{"type":"keyDown","value":""},{"type":"pause","duration":10},{"type":"keyUp","value":""}]}]}
COMMAND: POST /session/c52f3edd894b3289261c0762f3735e7d/element - {"using":"xpath","value":"(//span[contains(text(), \"Webdrivervogaag\")])[1]"}
COMMAND: GET /session/c52f3edd894b3289261c0762f3735e7d/screenshot - {}
RESULT: {"using":"xpath","value":"(//span[contains(text(), \"Webdrivervogaag\")])[1]"}
COMMAND: POST /session/c52f3edd894b3289261c0762f3735e7d/element/f.00CEB3DD14B2376F96DB663D79287A8F.d.7967419443862D9AF2C03A9E546A65A9.e.7816/click - {}
RESULT: {}
RESULT: {}
COMMAND: GET /session/c52f3edd894b3289261c0762f3735e7d/screenshot - {}
RESULT: {}
RESULT: undefined
COMMAND: POST /session/c52f3edd894b3289261c0762f3735e7d/element - {"using":"xpath","value":"//*[@id=\"__button88\"]"}
RESULT: {"using":"xpath","value":"//*[@id=\"__button88\"]"}
COMMAND: POST /session/c52f3edd894b3289261c0762f3735e7d/element/f.00CEB3DD14B2376F96DB663D79287A8F.d.7967419443862D9AF2C03A9E546A65A9.e.7849/click - {}
RESULT: {}
COMMAND: GET /session/c52f3edd894b3289261c0762f3735e7d/screenshot - {}
RESULT: {}
RESULT: undefined
COMMAND: POST /session/c52f3edd894b3289261c0762f3735e7d/element - {"using":"xpath","value":"//*[@id=\"__button96-img\"]"}
RESULT: {"using":"xpath","value":"//*[@id=\"__button96-img\"]"}
COMMAND: POST /session/c52f3edd894b3289261c0762f3735e7d/element/f.00CEB3DD14B2376F96DB663D79287A8F.d.7967419443862D9AF2C03A9E546A65A9.e.7904/click - {}
RESULT: {}
COMMAND: GET /session/c52f3edd894b3289261c0762f3735e7d/screenshot - {}
RESULT: {}
RESULT: undefined
COMMAND: POST /session/c52f3edd894b3289261c0762f3735e7d/execute/async - {"script":"<script> [776 bytes]","args":[{"enterText":"SecondSection2kncl","selector":{"id":"application-managecatalogs-display-component---detailCatalog--numberInput","searchOpenDialogs":true,"interaction":{"idSuffix":"inner"}},"clearTextFirst":true,"interactionType":"ENTER_TEXT"}]}
RESULT: {"script":"<script> [776 bytes]","args":[{"enterText":"SecondSection2kncl","selector":{"id":"application-managecatalogs-display-component---detailCatalog--numberInput","searchOpenDialogs":true,"interaction":{"idSuffix":"inner"}},"clearTextFirst":true,"interactionType":"ENTER_TEXT"}]}
COMMAND: POST /session/c52f3edd894b3289261c0762f3735e7d/element - {"using":"xpath","value":"//input[contains(@id ,\"application-managecatalogs-display-component---detailCatalog--nameInput-inner\")]"}
RESULT: {"using":"xpath","value":"//input[contains(@id ,\"application-managecatalogs-display-component---detailCatalog--nameInput-inner\")]"}
COMMAND: POST /session/c52f3edd894b3289261c0762f3735e7d/elements - {"using":"xpath","value":"//input[contains(@id ,\"application-managecatalogs-display-component---detailCatalog--nameInput-inner\")]"}
RESULT: {"using":"xpath","value":"//input[contains(@id ,\"application-managecatalogs-display-component---detailCatalog--nameInput-inner\")]"}
COMMAND: POST /session/c52f3edd894b3289261c0762f3735e7d/element/f.00CEB3DD14B2376F96DB663D79287A8F.d.7967419443862D9AF2C03A9E546A65A9.e.7908/clear - {}
RESULT: {}
COMMAND: POST /session/c52f3edd894b3289261c0762f3735e7d/element/f.00CEB3DD14B2376F96DB663D79287A8F.d.7967419443862D9AF2C03A9E546A65A9.e.7908/value - {"text":"webdriversecond7xa57g"}
COMMAND: GET /session/c52f3edd894b3289261c0762f3735e7d/screenshot - {}
RESULT: {"text":"webdriversecond7xa57g"}
RESULT: undefined
COMMAND: POST /session/c52f3edd894b3289261c0762f3735e7d/element - {"using":"xpath","value":"//*[@id=\"__button66\"]"}
RESULT: {}
COMMAND: GET /session/c52f3edd894b3289261c0762f3735e7d/screenshot - {}
RESULT: {"using":"xpath","value":"//*[@id=\"__button66\"]"}
COMMAND: POST /session/c52f3edd894b3289261c0762f3735e7d/element/f.00CEB3DD14B2376F96DB663D79287A8F.d.7967419443862D9AF2C03A9E546A65A9.e.7912/click - {}
RESULT: {}
RESULT: {}
COMMAND: GET /session/c52f3edd894b3289261c0762f3735e7d/screenshot - {}
RESULT: {}
COMMAND: POST /session/c52f3edd894b3289261c0762f3735e7d/element - {"using":"xpath","value":"//button[@title=\"Save\"]"}
RESULT: {"using":"xpath","value":"//button[@title=\"Save\"]"}
COMMAND: POST /session/c52f3edd894b3289261c0762f3735e7d/element/f.00CEB3DD14B2376F96DB663D79287A8F.d.7967419443862D9AF2C03A9E546A65A9.e.7889/click - {}
RESULT: {}
COMMAND: GET /session/c52f3edd894b3289261c0762f3735e7d/screenshot - {}
RESULT: {}
RESULT: undefined
COMMAND: POST /session/c52f3edd894b3289261c0762f3735e7d/element - {"using":"xpath","value":"//*[@id=\"__button91-img\"]"}
RESULT: {"using":"xpath","value":"//*[@id=\"__button91-img\"]"}
COMMAND: POST /session/c52f3edd894b3289261c0762f3735e7d/element/f.00CEB3DD14B2376F96DB663D79287A8F.d.7967419443862D9AF2C03A9E546A65A9.e.7856/click - {}
RESULT: {}
COMMAND: GET /session/c52f3edd894b3289261c0762f3735e7d/screenshot - {}
RESULT: {}
RESULT: undefined
COMMAND: POST /session/c52f3edd894b3289261c0762f3735e7d/element - {"using":"xpath","value":"//*[@id=\"__button64-img\"]"}
RESULT: {"using":"xpath","value":"//*[@id=\"__button64-img\"]"}
COMMAND: POST /session/c52f3edd894b3289261c0762f3735e7d/element/f.00CEB3DD14B2376F96DB663D79287A8F.d.7967419443862D9AF2C03A9E546A65A9.e.7950/click - {}
RESULT: {}
COMMAND: GET /session/c52f3edd894b3289261c0762f3735e7d/screenshot - {}
RESULT: {}
RESULT: undefined
COMMAND: POST /session/c52f3edd894b3289261c0762f3735e7d/execute/async - {"script":"<script> [776 bytes]","args":[{"enterText":"SecondSection2kncl","selector":{"id":"application-managecatalogs-display-component---masterCatalogItems--searchItemsField","interaction":{"idSuffix":"I"}},"clearTextFirst":true,"interactionType":"ENTER_TEXT"}]}
RESULT: {"script":"<script> [776 bytes]","args":[{"enterText":"SecondSection2kncl","selector":{"id":"application-managecatalogs-display-component---masterCatalogItems--searchItemsField","interaction":{"idSuffix":"I"}},"clearTextFirst":true,"interactionType":"ENTER_TEXT"}]}
COMMAND: POST /session/c52f3edd894b3289261c0762f3735e7d/actions - {"actions":[{"id":"action49","type":"key","parameters":{},"actions":[{"type":"keyDown","value":""},{"type":"pause","duration":10},{"type":"keyUp","value":""}]}]}
RESULT: {"actions":[{"id":"action49","type":"key","parameters":{},"actions":[{"type":"keyDown","value":""},{"type":"pause","duration":10},{"type":"keyUp","value":""}]}]}
COMMAND: POST /session/c52f3edd894b3289261c0762f3735e7d/element - {"using":"xpath","value":"(//span[contains(text(), \"SecondSection2kncl\")])[1]"}
COMMAND: GET /session/c52f3edd894b3289261c0762f3735e7d/screenshot - {}
RESULT: {"using":"xpath","value":"(//span[contains(text(), \"SecondSection2kncl\")])[1]"}
COMMAND: POST /session/c52f3edd894b3289261c0762f3735e7d/element/f.00CEB3DD14B2376F96DB663D79287A8F.d.7967419443862D9AF2C03A9E546A65A9.e.7953/click - {}
RESULT: {}
RESULT: {}
COMMAND: POST /session/c52f3edd894b3289261c0762f3735e7d/element - {"using":"xpath","value":"(//span[contains(text(), \"SecondSection2kncl\")])[1]"}
COMMAND: GET /session/c52f3edd894b3289261c0762f3735e7d/screenshot - {}
RESULT: {"using":"xpath","value":"(//span[contains(text(), \"SecondSection2kncl\")])[1]"}
COMMAND: GET /session/c52f3edd894b3289261c0762f3735e7d/element/f.00CEB3DD14B2376F96DB663D79287A8F.d.7967419443862D9AF2C03A9E546A65A9.e.7953/text - {}
RESULT: {}
COMMAND: POST /session/c52f3edd894b3289261c0762f3735e7d/element - {"using":"xpath","value":"(//span[contains(text(), \"SecondSection2kncl\")])[1]"}
RESULT: {"using":"xpath","value":"(//span[contains(text(), \"SecondSection2kncl\")])[1]"}
COMMAND: GET /session/c52f3edd894b3289261c0762f3735e7d/element/f.00CEB3DD14B2376F96DB663D79287A8F.d.7967419443862D9AF2C03A9E546A65A9.e.7953/text - {}
COMMAND: POST /session/c52f3edd894b3289261c0762f3735e7d/element - {"using":"xpath","value":"(//span[contains(text(), \"SecondSection2kncl\")])[1]"}
RESULT: {"using":"xpath","value":"(//span[contains(text(), \"SecondSection2kncl\")])[1]"}
COMMAND: GET /session/c52f3edd894b3289261c0762f3735e7d/element/f.00CEB3DD14B2376F96DB663D79287A8F.d.7967419443862D9AF2C03A9E546A65A9.e.8005/text - {}
RESULT: {}
COMMAND: POST /session/c52f3edd894b3289261c0762f3735e7d/refresh - {}
RESULT: {}
COMMAND: GET /session/c52f3edd894b3289261c0762f3735e7d/screenshot - {}
RESULT: {}
COMMAND: POST /session/c52f3edd894b3289261c0762f3735e7d/execute/async - {"script":"<script> [189 bytes]","args":[]}
RESULT: {"script":"<script> [189 bytes]","args":[]}
COMMAND: POST /session/c52f3edd894b3289261c0762f3735e7d/execute/async - {"script":"<script> [123 bytes]","args":[]}
RESULT: {"script":"<script> [123 bytes]","args":[]}
COMMAND: POST /session/c52f3edd894b3289261c0762f3735e7d/timeouts - {"script":"<number>"}
RESULT: {"script":"<number>"}
COMMAND: GET /session/c52f3edd894b3289261c0762f3735e7d/timeouts - {}
RESULT: {}
RESULT: undefined
COMMAND: POST /session/c52f3edd894b3289261c0762f3735e7d/execute/async - {"script":"<script> [2676 bytes]","args":[]}
RESULT: {"script":"<script> [2676 bytes]","args":[]}
COMMAND: POST /session/c52f3edd894b3289261c0762f3735e7d/execute/async - {"script":"<script> [2342 bytes]","args":[{"protocol":"http","hostname":"0.0.0.0","path":"/","capabilities":{"browserName":"chrome","goog:chromeOptions":{"binary":"C:\\Program Files\\Google\\Chrome\\Application\\chrome.exe","args":["--start-maximized"]}},"logLevel":"warn","connectionRetryTimeout":120000,"connectionRetryCount":3,"logLevels":{},"enableDirectConnect":true,"strictSSL":true,"_":"65 more keys: [\"cacheDir\",\"port\",\"requestedCapabilities\",\"automationProtocol\",\"baseUrl\",\"waitforInterval\",\"waitforTimeout\",\"onReload\",\"beforeCommand\",\"afterCommand\",\"rootDir\",\"specs\",\"suites\",\"exclude\",\"groupLogsByTestSpec\",\"excludeDriverLogs\",\"bail\",\"framework\",\"reporters\",\"services\",\"maxInstances\",\"maxInstancesPerCapability\",\"injectGlobals\",\"filesToWatch\",\"execArgv\",\"runnerEnv\",\"runner\",\"shard\",\"specFileRetries\",\"specFileRetriesDelay\",\"specFileRetriesDeferred\",\"reporterSyncInterval\",\"reporterSyncTimeout\",\"cucumberFeaturesWithLineNumbers\",\"autoCompileOpts\",\"mochaOpts\",\"jasmineOpts\",\"cucumberOpts\",\"onPrepare\",\"onWorkerStart\",\"onWorkerEnd\",\"before\",\"beforeSession\",\"beforeSuite\",\"beforeHook\",\"beforeTest\",\"afterTest\",\"afterHook\",\"afterSuite\",\"afterSession\",\"after\",\"onComplete\",\"beforeAssertion\",\"afterAssertion\",\"beforeFeature\",\"beforeScenario\",\"beforeStep\",\"afterStep\",\"afterScenario\",\"afterFeature\",\"_\",\"suite\",\"$0\",\"ignoredWorkerServices\",\"wdi5\"]"}]}
RESULT: {"script":"<script> [2342 bytes]","args":[{"protocol":"http","hostname":"0.0.0.0","path":"/","capabilities":{"browserName":"chrome","goog:chromeOptions":{"binary":"C:\\Program Files\\Google\\Chrome\\Application\\chrome.exe","args":["--start-maximized"]}},"logLevel":"warn","connectionRetryTimeout":120000,"connectionRetryCount":3,"logLevels":{},"enableDirectConnect":true,"strictSSL":true,"_":"65 more keys: [\"cacheDir\",\"port\",\"requestedCapabilities\",\"automationProtocol\",\"baseUrl\",\"waitforInterval\",\"waitforTimeout\",\"onReload\",\"beforeCommand\",\"afterCommand\",\"rootDir\",\"specs\",\"suites\",\"exclude\",\"groupLogsByTestSpec\",\"excludeDriverLogs\",\"bail\",\"framework\",\"reporters\",\"services\",\"maxInstances\",\"maxInstancesPerCapability\",\"injectGlobals\",\"filesToWatch\",\"execArgv\",\"runnerEnv\",\"runner\",\"shard\",\"specFileRetries\",\"specFileRetriesDelay\",\"specFileRetriesDeferred\",\"reporterSyncInterval\",\"reporterSyncTimeout\",\"cucumberFeaturesWithLineNumbers\",\"autoCompileOpts\",\"mochaOpts\",\"jasmineOpts\",\"cucumberOpts\",\"onPrepare\",\"onWorkerStart\",\"onWorkerEnd\",\"before\",\"beforeSession\",\"beforeSuite\",\"beforeHook\",\"beforeTest\",\"afterTest\",\"afterHook\",\"afterSuite\",\"afterSession\",\"after\",\"onComplete\",\"beforeAssertion\",\"afterAssertion\",\"beforeFeature\",\"beforeScenario\",\"beforeStep\",\"afterStep\",\"afterScenario\",\"afterFeature\",\"_\",\"suite\",\"$0\",\"ignoredWorkerServices\",\"wdi5\"]"}]}
COMMAND: POST /session/c52f3edd894b3289261c0762f3735e7d/execute/async - {"script":"<script> [21126 bytes]","args":[35000]}
RESULT: {"script":"<script> [21126 bytes]","args":[35000]}
COMMAND: POST /session/c52f3edd894b3289261c0762f3735e7d/execute/async - {"script":"<script> [1562 bytes]","args":[{"selector":{"controlType":"sap.m.Button","viewName":"etm.portal.ui.managecatalogs.view.Detail","viewId":"application-managecatalogs-display-component---detailCatalog","i18NText":{"propertyName":"text","key":"edit"},"interaction":{"idSuffix":"BDI-content"}},"wdio_ui5_key":"etmportal.ui.managecatalogs.view.Detailsap.m.Button{\"propertyName\":\"text\",\"key\":\"edit\"}"}]}
RESULT: {"script":"<script> [1562 bytes]","args":[{"selector":{"controlType":"sap.m.Button","viewName":"etm.portal.ui.managecatalogs.view.Detail","viewId":"application-managecatalogs-display-component---detailCatalog","i18NText":{"propertyName":"text","key":"edit"},"interaction":{"idSuffix":"BDI-content"}},"wdio_ui5_key":"etmportal.ui.managecatalogs.view.Detailsap.m.Button{\"propertyName\":\"text\",\"key\":\"edit\"}"}]}
RESULT: undefined
COMMAND: POST /session/c52f3edd894b3289261c0762f3735e7d/element - {"using":"xpath","value":"//*[@id=\"__button25\"]"}
RESULT: {"using":"xpath","value":"//*[@id=\"__button25\"]"}
COMMAND: POST /session/c52f3edd894b3289261c0762f3735e7d/element/f.00CEB3DD14B2376F96DB663D79287A8F.d.17735BC2A3C5AB1A7D873D00A55405E9.e.8064/click - {}
RESULT: {}
COMMAND: POST /session/c52f3edd894b3289261c0762f3735e7d/execute/async - {"script":"<script> [1562 bytes]","args":[{"selector":{"controlType":"sap.ui.core.Icon","viewName":"etm.portal.ui.managecatalogs.view.Detail","viewId":"application-managecatalogs-display-component---detailCatalog","properties":{"src":{"regex":{"source":"add\\-document"}}}},"wdio_ui5_key":"etmportal.ui.managecatalogs.view.Detailsap.ui.core.Icon{\"src\":{\"regex\":{\"source\":\"add\\\\-document\"}}}"}]}
COMMAND: GET /session/c52f3edd894b3289261c0762f3735e7d/screenshot - {}
RESULT: {"script":"<script> [1562 bytes]","args":[{"selector":{"controlType":"sap.ui.core.Icon","viewName":"etm.portal.ui.managecatalogs.view.Detail","viewId":"application-managecatalogs-display-component---detailCatalog","properties":{"src":{"regex":{"source":"add\\-document"}}}},"wdio_ui5_key":"etmportal.ui.managecatalogs.view.Detailsap.ui.core.Icon{\"src\":{\"regex\":{\"source\":\"add\\\\-document\"}}}"}]}
RESULT: undefined
COMMAND: POST /session/c52f3edd894b3289261c0762f3735e7d/element - {"using":"xpath","value":"//*[@id=\"__button34-img\"]"}
RESULT: {}
RESULT: {"using":"xpath","value":"//*[@id=\"__button34-img\"]"}
COMMAND: POST /session/c52f3edd894b3289261c0762f3735e7d/element/f.00CEB3DD14B2376F96DB663D79287A8F.d.17735BC2A3C5AB1A7D873D00A55405E9.e.8071/click - {}
RESULT: {}
COMMAND: POST /session/c52f3edd894b3289261c0762f3735e7d/execute/async - {"script":"<script> [1562 bytes]","args":[{"selector":{"id":"application-managecatalogs-display-component---detailCatalog--newItemNumberInput","searchOpenDialogs":true,"interaction":{"idSuffix":"inner"}},"wdio_ui5_key":"applicationmanagecatalogs-display-component---detailCatalog--newItemNumberInput"}]}
COMMAND: GET /session/c52f3edd894b3289261c0762f3735e7d/screenshot - {}
RESULT: {"script":"<script> [1562 bytes]","args":[{"selector":{"id":"application-managecatalogs-display-component---detailCatalog--newItemNumberInput","searchOpenDialogs":true,"interaction":{"idSuffix":"inner"}},"wdio_ui5_key":"applicationmanagecatalogs-display-component---detailCatalog--newItemNumberInput"}]}
RESULT: undefined
COMMAND: POST /session/c52f3edd894b3289261c0762f3735e7d/execute/async - {"script":"<script> [776 bytes]","args":[{"enterText":"catalogItemaqzq5","selector":{"id":"application-managecatalogs-display-component---detailCatalog--newItemNumberInput","searchOpenDialogs":true,"interaction":{"idSuffix":"inner"}},"clearTextFirst":true,"interactionType":"ENTER_TEXT"}]}
RESULT: {}
RESULT: {"script":"<script> [776 bytes]","args":[{"enterText":"catalogItemaqzq5","selector":{"id":"application-managecatalogs-display-component---detailCatalog--newItemNumberInput","searchOpenDialogs":true,"interaction":{"idSuffix":"inner"}},"clearTextFirst":true,"interactionType":"ENTER_TEXT"}]}
COMMAND: POST /session/c52f3edd894b3289261c0762f3735e7d/execute/async - {"script":"<script> [1562 bytes]","args":[{"selector":{"controlType":"sap.m.Input","viewName":"etm.portal.ui.managecatalogs.view.Detail","viewId":"application-managecatalogs-display-component---detailCatalog","bindingPath":{"path":"","propertyPath":"/DESCRIPTION"},"searchOpenDialogs":true,"interaction":{"idSuffix":"inner"}},"wdio_ui5_key":"etmportal.ui.managecatalogs.view.Detailsap.m.Input{\"path\":\"\",\"propertyPath\":\"/DESCRIPTION\"}"}]}
RESULT: {"script":"<script> [1562 bytes]","args":[{"selector":{"controlType":"sap.m.Input","viewName":"etm.portal.ui.managecatalogs.view.Detail","viewId":"application-managecatalogs-display-component---detailCatalog","bindingPath":{"path":"","propertyPath":"/DESCRIPTION"},"searchOpenDialogs":true,"interaction":{"idSuffix":"inner"}},"wdio_ui5_key":"etmportal.ui.managecatalogs.view.Detailsap.m.Input{\"path\":\"\",\"propertyPath\":\"/DESCRIPTION\"}"}]}
RESULT: undefined
COMMAND: POST /session/c52f3edd894b3289261c0762f3735e7d/execute/async - {"script":"<script> [776 bytes]","args":[{"enterText":"catalogItemNamegnz9c","selector":{"controlType":"sap.m.Input","viewName":"etm.portal.ui.managecatalogs.view.Detail","viewId":"application-managecatalogs-display-component---detailCatalog","bindingPath":{"path":"","propertyPath":"/DESCRIPTION"},"searchOpenDialogs":true,"interaction":{"idSuffix":"inner"}},"clearTextFirst":true,"interactionType":"ENTER_TEXT"}]}
RESULT: {"script":"<script> [776 bytes]","args":[{"enterText":"catalogItemNamegnz9c","selector":{"controlType":"sap.m.Input","viewName":"etm.portal.ui.managecatalogs.view.Detail","viewId":"application-managecatalogs-display-component---detailCatalog","bindingPath":{"path":"","propertyPath":"/DESCRIPTION"},"searchOpenDialogs":true,"interaction":{"idSuffix":"inner"}},"clearTextFirst":true,"interactionType":"ENTER_TEXT"}]}
COMMAND: POST /session/c52f3edd894b3289261c0762f3735e7d/execute/async - {"script":"<script> [1562 bytes]","args":[{"selector":{"controlType":"sap.m.Button","viewName":"etm.portal.ui.managecatalogs.view.Detail","viewId":"application-managecatalogs-display-component---detailCatalog","i18NText":{"propertyName":"text","key":"create"},"searchOpenDialogs":true,"interaction":{"idSuffix":"BDI-content"}},"wdio_ui5_key":"etmportal.ui.managecatalogs.view.Detailsap.m.Button{\"propertyName\":\"text\",\"key\":\"create\"}"}]}
RESULT: {"script":"<script> [1562 bytes]","args":[{"selector":{"controlType":"sap.m.Button","viewName":"etm.portal.ui.managecatalogs.view.Detail","viewId":"application-managecatalogs-display-component---detailCatalog","i18NText":{"propertyName":"text","key":"create"},"searchOpenDialogs":true,"interaction":{"idSuffix":"BDI-content"}},"wdio_ui5_key":"etmportal.ui.managecatalogs.view.Detailsap.m.Button{\"propertyName\":\"text\",\"key\":\"create\"}"}]}
RESULT: undefined
COMMAND: POST /session/c52f3edd894b3289261c0762f3735e7d/element - {"using":"xpath","value":"//*[@id=\"__button9\"]"}
RESULT: {"using":"xpath","value":"//*[@id=\"__button9\"]"}
COMMAND: POST /session/c52f3edd894b3289261c0762f3735e7d/element/f.00CEB3DD14B2376F96DB663D79287A8F.d.17735BC2A3C5AB1A7D873D00A55405E9.e.8080/click - {}
RESULT: {}
COMMAND: GET /session/c52f3edd894b3289261c0762f3735e7d/screenshot - {}
RESULT: {}
COMMAND: POST /session/c52f3edd894b3289261c0762f3735e7d/element - {"using":"xpath","value":"//button[@title=\"Save\"]"}
RESULT: {"using":"xpath","value":"//button[@title=\"Save\"]"}
COMMAND: POST /session/c52f3edd894b3289261c0762f3735e7d/element/f.00CEB3DD14B2376F96DB663D79287A8F.d.17735BC2A3C5AB1A7D873D00A55405E9.e.8081/click - {}
RESULT: {}
COMMAND: GET /session/c52f3edd894b3289261c0762f3735e7d/screenshot - {}
RESULT: {}
COMMAND: POST /session/c52f3edd894b3289261c0762f3735e7d/execute/async - {"script":"<script> [1562 bytes]","args":[{"selector":{"controlType":"sap.ui.core.Icon","viewName":"etm.portal.ui.managecatalogs.view.Detail","viewId":"application-managecatalogs-display-component---detailCatalog","properties":{"src":{"regex":{"source":"decline"}}}},"wdio_ui5_key":"etmportal.ui.managecatalogs.view.Detailsap.ui.core.Icon{\"src\":{\"regex\":{\"source\":\"decline\"}}}"}]}
RESULT: {"script":"<script> [1562 bytes]","args":[{"selector":{"controlType":"sap.ui.core.Icon","viewName":"etm.portal.ui.managecatalogs.view.Detail","viewId":"application-managecatalogs-display-component---detailCatalog","properties":{"src":{"regex":{"source":"decline"}}}},"wdio_ui5_key":"etmportal.ui.managecatalogs.view.Detailsap.ui.core.Icon{\"src\":{\"regex\":{\"source\":\"decline\"}}}"}]}
RESULT: undefined
COMMAND: POST /session/c52f3edd894b3289261c0762f3735e7d/element - {"using":"xpath","value":"//*[@id=\"__button28-img\"]"}
RESULT: {"using":"xpath","value":"//*[@id=\"__button28-img\"]"}
COMMAND: POST /session/c52f3edd894b3289261c0762f3735e7d/element/f.00CEB3DD14B2376F96DB663D79287A8F.d.17735BC2A3C5AB1A7D873D00A55405E9.e.8088/click - {}
RESULT: {}
COMMAND: GET /session/c52f3edd894b3289261c0762f3735e7d/screenshot - {}
RESULT: {}
COMMAND: POST /session/c52f3edd894b3289261c0762f3735e7d/execute/async - {"script":"<script> [1562 bytes]","args":[{"selector":{"controlType":"sap.ui.core.Icon","viewName":"etm.portal.ui.managecatalogs.view.MasterItems","viewId":"application-managecatalogs-display-component---masterCatalogItems","properties":{"src":{"regex":{"source":"refresh"}}}},"wdio_ui5_key":"etmportal.ui.managecatalogs.view.MasterItemssap.ui.core.Icon{\"src\":{\"regex\":{\"source\":\"refresh\"}}}"}]}
RESULT: {"script":"<script> [1562 bytes]","args":[{"selector":{"controlType":"sap.ui.core.Icon","viewName":"etm.portal.ui.managecatalogs.view.MasterItems","viewId":"application-managecatalogs-display-component---masterCatalogItems","properties":{"src":{"regex":{"source":"refresh"}}}},"wdio_ui5_key":"etmportal.ui.managecatalogs.view.MasterItemssap.ui.core.Icon{\"src\":{\"regex\":{\"source\":\"refresh\"}}}"}]}
RESULT: undefined
COMMAND: POST /session/c52f3edd894b3289261c0762f3735e7d/element - {"using":"xpath","value":"//*[@id=\"__button1-img\"]"}
RESULT: {"using":"xpath","value":"//*[@id=\"__button1-img\"]"}
COMMAND: POST /session/c52f3edd894b3289261c0762f3735e7d/element/f.00CEB3DD14B2376F96DB663D79287A8F.d.17735BC2A3C5AB1A7D873D00A55405E9.e.8096/click - {}
RESULT: {}
COMMAND: GET /session/c52f3edd894b3289261c0762f3735e7d/screenshot - {}
RESULT: {}
COMMAND: POST /session/c52f3edd894b3289261c0762f3735e7d/execute/async - {"script":"<script> [1562 bytes]","args":[{"selector":{"id":"application-managecatalogs-display-component---masterCatalogItems--searchItemsField","interaction":{"idSuffix":"I"}},"wdio_ui5_key":"applicationmanagecatalogs-display-component---masterCatalogItems--searchItemsField"}]}
RESULT: {"script":"<script> [1562 bytes]","args":[{"selector":{"id":"application-managecatalogs-display-component---masterCatalogItems--searchItemsField","interaction":{"idSuffix":"I"}},"wdio_ui5_key":"applicationmanagecatalogs-display-component---masterCatalogItems--searchItemsField"}]}
RESULT: undefined
COMMAND: POST /session/c52f3edd894b3289261c0762f3735e7d/execute/async - {"script":"<script> [776 bytes]","args":[{"enterText":"catalogItemNamegnz9c","selector":{"id":"application-managecatalogs-display-component---masterCatalogItems--searchItemsField","interaction":{"idSuffix":"I"}},"clearTextFirst":true,"interactionType":"ENTER_TEXT"}]}
RESULT: {"script":"<script> [776 bytes]","args":[{"enterText":"catalogItemNamegnz9c","selector":{"id":"application-managecatalogs-display-component---masterCatalogItems--searchItemsField","interaction":{"idSuffix":"I"}},"clearTextFirst":true,"interactionType":"ENTER_TEXT"}]}
COMMAND: POST /session/c52f3edd894b3289261c0762f3735e7d/actions - {"actions":[{"id":"action50","type":"key","parameters":{},"actions":[{"type":"keyDown","value":""},{"type":"pause","duration":10},{"type":"keyUp","value":""}]}]}
RESULT: {"actions":[{"id":"action50","type":"key","parameters":{},"actions":[{"type":"keyDown","value":""},{"type":"pause","duration":10},{"type":"keyUp","value":""}]}]}
COMMAND: POST /session/c52f3edd894b3289261c0762f3735e7d/element - {"using":"xpath","value":"(//span[contains(text(), \"catalogItemNamegnz9c\")])[1]"}
COMMAND: GET /session/c52f3edd894b3289261c0762f3735e7d/screenshot - {}
RESULT: {"using":"xpath","value":"(//span[contains(text(), \"catalogItemNamegnz9c\")])[1]"}
COMMAND: POST /session/c52f3edd894b3289261c0762f3735e7d/element/f.00CEB3DD14B2376F96DB663D79287A8F.d.17735BC2A3C5AB1A7D873D00A55405E9.e.8134/click - {}
RESULT: {}
RESULT: {}
COMMAND: GET /session/c52f3edd894b3289261c0762f3735e7d/screenshot - {}
COMMAND: POST /session/c52f3edd894b3289261c0762f3735e7d/element - {"using":"xpath","value":"//span[contains(text(), \"catalogItemaqzq5\")]"}
RESULT: {}
RESULT: {"using":"xpath","value":"//span[contains(text(), \"catalogItemaqzq5\")]"}
COMMAND: GET /session/c52f3edd894b3289261c0762f3735e7d/element/f.00CEB3DD14B2376F96DB663D79287A8F.d.17735BC2A3C5AB1A7D873D00A55405E9.e.8187/text - {}
RESULT: {}
]]></system-out>
    </testcase>
    <testcase classname="chrome.136_0_7103_93.windows.Manage_requests_-_requests_specifications_US141095" name="Should add the classification to the catalog item" time="40.487">
      <system-out><![CDATA[
RESULT: undefined
COMMAND: POST /session/c52f3edd894b3289261c0762f3735e7d/element - {"using":"xpath","value":"//*[@id=\"__button25\"]"}
RESULT: {"using":"xpath","value":"//*[@id=\"__button25\"]"}
COMMAND: POST /session/c52f3edd894b3289261c0762f3735e7d/element/f.00CEB3DD14B2376F96DB663D79287A8F.d.17735BC2A3C5AB1A7D873D00A55405E9.e.8195/click - {}
RESULT: {}
COMMAND: GET /session/c52f3edd894b3289261c0762f3735e7d/screenshot - {}
RESULT: {}
COMMAND: POST /session/c52f3edd894b3289261c0762f3735e7d/execute/async - {"script":"<script> [1562 bytes]","args":[{"selector":{"id":"application-managecatalogs-display-component---detailCatalog--BASE_UNIT_OF_MEASURE-arrow"},"wdio_ui5_key":"applicationmanagecatalogs-display-component---detailCatalog--BASE_UNIT_OF_MEASURE-arrow"}]}
RESULT: {"script":"<script> [1562 bytes]","args":[{"selector":{"id":"application-managecatalogs-display-component---detailCatalog--BASE_UNIT_OF_MEASURE-arrow"},"wdio_ui5_key":"applicationmanagecatalogs-display-component---detailCatalog--BASE_UNIT_OF_MEASURE-arrow"}]}
RESULT: undefined
COMMAND: POST /session/c52f3edd894b3289261c0762f3735e7d/element - {"using":"xpath","value":"//*[@id=\"application-managecatalogs-display-component---detailCatalog--BASE_UNIT_OF_MEASURE-arrow\"]"}
RESULT: {"using":"xpath","value":"//*[@id=\"application-managecatalogs-display-component---detailCatalog--BASE_UNIT_OF_MEASURE-arrow\"]"}
COMMAND: POST /session/c52f3edd894b3289261c0762f3735e7d/element/f.00CEB3DD14B2376F96DB663D79287A8F.d.17735BC2A3C5AB1A7D873D00A55405E9.e.8225/click - {}
RESULT: {}
COMMAND: POST /session/c52f3edd894b3289261c0762f3735e7d/execute/async - {"script":"<script> [1562 bytes]","args":[{"selector":{"controlType":"sap.m.StandardListItem","viewName":"etm.portal.ui.managecatalogs.view.Detail","viewId":"application-managecatalogs-display-component---detailCatalog","properties":{"title":"Piece"},"searchOpenDialogs":true,"interaction":{"idSuffix":"titleText"}},"wdio_ui5_key":"etmportal.ui.managecatalogs.view.Detailsap.m.StandardListItem{\"title\":\"Piece\"}"}]}
COMMAND: GET /session/c52f3edd894b3289261c0762f3735e7d/screenshot - {}
RESULT: {"script":"<script> [1562 bytes]","args":[{"selector":{"controlType":"sap.m.StandardListItem","viewName":"etm.portal.ui.managecatalogs.view.Detail","viewId":"application-managecatalogs-display-component---detailCatalog","properties":{"title":"Piece"},"searchOpenDialogs":true,"interaction":{"idSuffix":"titleText"}},"wdio_ui5_key":"etmportal.ui.managecatalogs.view.Detailsap.m.StandardListItem{\"title\":\"Piece\"}"}]}
RESULT: undefined
COMMAND: POST /session/c52f3edd894b3289261c0762f3735e7d/element - {"using":"xpath","value":"//*[@id=\"__item218\"]"}
RESULT: {}
RESULT: {"using":"xpath","value":"//*[@id=\"__item218\"]"}
COMMAND: POST /session/c52f3edd894b3289261c0762f3735e7d/element/f.00CEB3DD14B2376F96DB663D79287A8F.d.17735BC2A3C5AB1A7D873D00A55405E9.e.8229/click - {}
RESULT: {}
COMMAND: POST /session/c52f3edd894b3289261c0762f3735e7d/element - {"using":"xpath","value":"//button[contains(@data-kt ,\"ClassificationAddClassButton\")]"}
COMMAND: GET /session/c52f3edd894b3289261c0762f3735e7d/screenshot - {}
RESULT: {"using":"xpath","value":"//button[contains(@data-kt ,\"ClassificationAddClassButton\")]"}
COMMAND: POST /session/c52f3edd894b3289261c0762f3735e7d/element/f.00CEB3DD14B2376F96DB663D79287A8F.d.17735BC2A3C5AB1A7D873D00A55405E9.e.8230/click - {}
RESULT: {}
RESULT: {}
COMMAND: GET /session/c52f3edd894b3289261c0762f3735e7d/screenshot - {}
RESULT: {}
COMMAND: POST /session/c52f3edd894b3289261c0762f3735e7d/element - {"using":"xpath","value":"//input[contains(@id ,\"searchField-I\")]"}
RESULT: {"using":"xpath","value":"//input[contains(@id ,\"searchField-I\")]"}
COMMAND: POST /session/c52f3edd894b3289261c0762f3735e7d/element/f.00CEB3DD14B2376F96DB663D79287A8F.d.17735BC2A3C5AB1A7D873D00A55405E9.e.8235/value - {"text":"WebdriverItemClassaislb"}
RESULT: {"text":"WebdriverItemClassaislb"}
COMMAND: POST /session/c52f3edd894b3289261c0762f3735e7d/actions - {"actions":[{"id":"action51","type":"key","parameters":{},"actions":[{"type":"keyDown","value":""},{"type":"pause","duration":10},{"type":"keyUp","value":""}]}]}
COMMAND: GET /session/c52f3edd894b3289261c0762f3735e7d/screenshot - {}
RESULT: {"actions":[{"id":"action51","type":"key","parameters":{},"actions":[{"type":"keyDown","value":""},{"type":"pause","duration":10},{"type":"keyUp","value":""}]}]}
COMMAND: GET /session/c52f3edd894b3289261c0762f3735e7d/screenshot - {}
RESULT: {}
RESULT: {}
COMMAND: POST /session/c52f3edd894b3289261c0762f3735e7d/element - {"using":"xpath","value":"//span[contains(text(), \"WebdriverItemClassaislb\")]"}
RESULT: {"using":"xpath","value":"//span[contains(text(), \"WebdriverItemClassaislb\")]"}
COMMAND: POST /session/c52f3edd894b3289261c0762f3735e7d/element/f.00CEB3DD14B2376F96DB663D79287A8F.d.17735BC2A3C5AB1A7D873D00A55405E9.e.8270/click - {}
RESULT: {}
COMMAND: GET /session/c52f3edd894b3289261c0762f3735e7d/screenshot - {}
RESULT: {}
COMMAND: POST /session/c52f3edd894b3289261c0762f3735e7d/execute/async - {"script":"<script> [1562 bytes]","args":[{"selector":{"controlType":"sap.m.Button","viewName":"etm.portal.ui.managecatalogs.view.Detail","viewId":"application-managecatalogs-display-component---detailCatalog","properties":{"text":"Classification"},"interaction":{"idSuffix":"BDI-content"}},"wdio_ui5_key":"etmportal.ui.managecatalogs.view.Detailsap.m.Button{\"text\":\"Classification\"}"}]}
RESULT: {"script":"<script> [1562 bytes]","args":[{"selector":{"controlType":"sap.m.Button","viewName":"etm.portal.ui.managecatalogs.view.Detail","viewId":"application-managecatalogs-display-component---detailCatalog","properties":{"text":"Classification"},"interaction":{"idSuffix":"BDI-content"}},"wdio_ui5_key":"etmportal.ui.managecatalogs.view.Detailsap.m.Button{\"text\":\"Classification\"}"}]}
RESULT: undefined
COMMAND: POST /session/c52f3edd894b3289261c0762f3735e7d/element - {"using":"xpath","value":"//*[@id=\"application-managecatalogs-display-component---detailCatalog--ObjectPageLayout-anchBar-__section3-anchor\"]"}
RESULT: {"using":"xpath","value":"//*[@id=\"application-managecatalogs-display-component---detailCatalog--ObjectPageLayout-anchBar-__section3-anchor\"]"}
COMMAND: POST /session/c52f3edd894b3289261c0762f3735e7d/element/f.00CEB3DD14B2376F96DB663D79287A8F.d.17735BC2A3C5AB1A7D873D00A55405E9.e.8275/click - {}
RESULT: {}
COMMAND: POST /session/c52f3edd894b3289261c0762f3735e7d/execute/async - {"script":"<script> [1562 bytes]","args":[{"selector":{"controlType":"sap.ui.core.Icon","viewName":"etm.portal.ui.managecatalogs.view.Detail","viewId":"application-managecatalogs-display-component---detailCatalog","properties":{"src":{"regex":{"source":"slim\\-arrow\\-right"}}},"ancestor":{"controlType":"sap.m.Panel","viewName":"etm.portal.ui.managecatalogs.view.Detail","viewId":"application-managecatalogs-display-component---detailCatalog"}},"wdio_ui5_key":"etmportal.ui.managecatalogs.view.Detailsap.ui.core.Icon{\"src\":{\"regex\":{\"source\":\"slim\\\\-arrow\\\\-right\"}}}{\"controlType\":\"sap.m.Panel\",\"viewName\":\"etm.portal.ui.managecatalogs.view.Detail\",\"viewId\":\"application-managecatalogs-display-component---detailCatalog\"}"}]}
COMMAND: GET /session/c52f3edd894b3289261c0762f3735e7d/screenshot - {}
RESULT: {"script":"<script> [1562 bytes]","args":[{"selector":{"controlType":"sap.ui.core.Icon","viewName":"etm.portal.ui.managecatalogs.view.Detail","viewId":"application-managecatalogs-display-component---detailCatalog","properties":{"src":{"regex":{"source":"slim\\-arrow\\-right"}}},"ancestor":{"controlType":"sap.m.Panel","viewName":"etm.portal.ui.managecatalogs.view.Detail","viewId":"application-managecatalogs-display-component---detailCatalog"}},"wdio_ui5_key":"etmportal.ui.managecatalogs.view.Detailsap.ui.core.Icon{\"src\":{\"regex\":{\"source\":\"slim\\\\-arrow\\\\-right\"}}}{\"controlType\":\"sap.m.Panel\",\"viewName\":\"etm.portal.ui.managecatalogs.view.Detail\",\"viewId\":\"application-managecatalogs-display-component---detailCatalog\"}"}]}
RESULT: undefined
COMMAND: POST /session/c52f3edd894b3289261c0762f3735e7d/element - {"using":"xpath","value":"//*[@id=\"__panel0-__layout17-0-expandButton-img\"]"}
RESULT: {}
RESULT: {"using":"xpath","value":"//*[@id=\"__panel0-__layout17-0-expandButton-img\"]"}
COMMAND: POST /session/c52f3edd894b3289261c0762f3735e7d/element/f.00CEB3DD14B2376F96DB663D79287A8F.d.17735BC2A3C5AB1A7D873D00A55405E9.e.8281/click - {}
RESULT: {}
COMMAND: POST /session/c52f3edd894b3289261c0762f3735e7d/execute/async - {"script":"<script> [1562 bytes]","args":[{"selector":{"controlType":"sap.ui.core.Icon","viewName":"etm.portal.ui.managecatalogs.view.Detail","viewId":"application-managecatalogs-display-component---detailCatalog","properties":{"src":{"regex":{"source":"slim\\-arrow\\-down"}}},"ancestor":{"controlType":"sap.m.ColumnListItem","viewName":"etm.portal.ui.managecatalogs.view.Detail","viewId":"application-managecatalogs-display-component---detailCatalog","bindingPath":{"modelName":"classModel","path":"/data/0/PROPERTIES/0"},"ancestor":{"controlType":"sap.m.Table","viewName":"etm.portal.ui.managecatalogs.view.Detail","viewId":"application-managecatalogs-display-component---detailCatalog","bindingPath":{"path":"/data/0","propertyPath":"PROPERTIES","modelName":"classModel"}}}},"wdio_ui5_key":"etmportal.ui.managecatalogs.view.Detailsap.ui.core.Icon{\"src\":{\"regex\":{\"source\":\"slim\\\\-arrow\\\\-down\"}}}{\"controlType\":\"sap.m.ColumnListItem\",\"viewName\":\"etm.portal.ui.managecatalogs.view.Detail\",\"viewId\":\"application-managecatalogs-display-component---detailCatalog\",\"bindingPath\":{\"modelName\":\"classModel\",\"path\":\"/data/0/PROPERTIES/0\"},\"ancestor\":{\"controlType\":\"sap.m.Table\",\"viewName\":\"etm.portal.ui.managecatalogs.view.Detail\",\"viewId\":\"application-managecatalogs-display-component---detailCatalog\",\"bindingPath\":{\"path\":\"/data/0\",\"propertyPath\":\"PROPERTIES\",\"modelName\":\"classModel\"}}}"}]}
COMMAND: GET /session/c52f3edd894b3289261c0762f3735e7d/screenshot - {}
RESULT: {"script":"<script> [1562 bytes]","args":[{"selector":{"controlType":"sap.ui.core.Icon","viewName":"etm.portal.ui.managecatalogs.view.Detail","viewId":"application-managecatalogs-display-component---detailCatalog","properties":{"src":{"regex":{"source":"slim\\-arrow\\-down"}}},"ancestor":{"controlType":"sap.m.ColumnListItem","viewName":"etm.portal.ui.managecatalogs.view.Detail","viewId":"application-managecatalogs-display-component---detailCatalog","bindingPath":{"modelName":"classModel","path":"/data/0/PROPERTIES/0"},"ancestor":{"controlType":"sap.m.Table","viewName":"etm.portal.ui.managecatalogs.view.Detail","viewId":"application-managecatalogs-display-component---detailCatalog","bindingPath":{"path":"/data/0","propertyPath":"PROPERTIES","modelName":"classModel"}}}},"wdio_ui5_key":"etmportal.ui.managecatalogs.view.Detailsap.ui.core.Icon{\"src\":{\"regex\":{\"source\":\"slim\\\\-arrow\\\\-down\"}}}{\"controlType\":\"sap.m.ColumnListItem\",\"viewName\":\"etm.portal.ui.managecatalogs.view.Detail\",\"viewId\":\"application-managecatalogs-display-component---detailCatalog\",\"bindingPath\":{\"modelName\":\"classModel\",\"path\":\"/data/0/PROPERTIES/0\"},\"ancestor\":{\"controlType\":\"sap.m.Table\",\"viewName\":\"etm.portal.ui.managecatalogs.view.Detail\",\"viewId\":\"application-managecatalogs-display-component---detailCatalog\",\"bindingPath\":{\"path\":\"/data/0\",\"propertyPath\":\"PROPERTIES\",\"modelName\":\"classModel\"}}}"}]}
RESULT: undefined
COMMAND: POST /session/c52f3edd894b3289261c0762f3735e7d/element - {"using":"xpath","value":"//*[@id=\"__box31-arrow\"]"}
RESULT: {}
RESULT: {"using":"xpath","value":"//*[@id=\"__box31-arrow\"]"}
COMMAND: POST /session/c52f3edd894b3289261c0762f3735e7d/element/f.00CEB3DD14B2376F96DB663D79287A8F.d.17735BC2A3C5AB1A7D873D00A55405E9.e.8294/click - {}
RESULT: {}
COMMAND: POST /session/c52f3edd894b3289261c0762f3735e7d/execute/async - {"script":"<script> [1562 bytes]","args":[{"selector":{"controlType":"sap.m.StandardListItem","viewName":"etm.portal.ui.managecatalogs.view.Detail","viewId":"application-managecatalogs-display-component---detailCatalog","properties":{"title":"red"},"searchOpenDialogs":true,"interaction":{"idSuffix":"content"}},"wdio_ui5_key":"etmportal.ui.managecatalogs.view.Detailsap.m.StandardListItem{\"title\":\"red\"}"}]}
COMMAND: GET /session/c52f3edd894b3289261c0762f3735e7d/screenshot - {}
RESULT: {"script":"<script> [1562 bytes]","args":[{"selector":{"controlType":"sap.m.StandardListItem","viewName":"etm.portal.ui.managecatalogs.view.Detail","viewId":"application-managecatalogs-display-component---detailCatalog","properties":{"title":"red"},"searchOpenDialogs":true,"interaction":{"idSuffix":"content"}},"wdio_ui5_key":"etmportal.ui.managecatalogs.view.Detailsap.m.StandardListItem{\"title\":\"red\"}"}]}
RESULT: undefined
COMMAND: POST /session/c52f3edd894b3289261c0762f3735e7d/element - {"using":"xpath","value":"//*[@id=\"__item226\"]"}
RESULT: {}
RESULT: {"using":"xpath","value":"//*[@id=\"__item226\"]"}
COMMAND: POST /session/c52f3edd894b3289261c0762f3735e7d/element/f.00CEB3DD14B2376F96DB663D79287A8F.d.17735BC2A3C5AB1A7D873D00A55405E9.e.8297/click - {}
RESULT: {}
COMMAND: GET /session/c52f3edd894b3289261c0762f3735e7d/screenshot - {}
RESULT: {}
COMMAND: POST /session/c52f3edd894b3289261c0762f3735e7d/execute/async - {"script":"<script> [1562 bytes]","args":[{"selector":{"controlType":"sap.m.Button","viewName":"etm.portal.ui.managecatalogs.view.Detail","viewId":"application-managecatalogs-display-component---detailCatalog","i18NText":{"propertyName":"text","key":"save"},"interaction":{"idSuffix":"BDI-content"}},"wdio_ui5_key":"etmportal.ui.managecatalogs.view.Detailsap.m.Button{\"propertyName\":\"text\",\"key\":\"save\"}"}]}
RESULT: {"script":"<script> [1562 bytes]","args":[{"selector":{"controlType":"sap.m.Button","viewName":"etm.portal.ui.managecatalogs.view.Detail","viewId":"application-managecatalogs-display-component---detailCatalog","i18NText":{"propertyName":"text","key":"save"},"interaction":{"idSuffix":"BDI-content"}},"wdio_ui5_key":"etmportal.ui.managecatalogs.view.Detailsap.m.Button{\"propertyName\":\"text\",\"key\":\"save\"}"}]}
RESULT: undefined
COMMAND: POST /session/c52f3edd894b3289261c0762f3735e7d/element - {"using":"xpath","value":"//*[@id=\"__button43\"]"}
RESULT: {"using":"xpath","value":"//*[@id=\"__button43\"]"}
COMMAND: POST /session/c52f3edd894b3289261c0762f3735e7d/element/f.00CEB3DD14B2376F96DB663D79287A8F.d.17735BC2A3C5AB1A7D873D00A55405E9.e.8199/click - {}
RESULT: {}
COMMAND: GET /session/c52f3edd894b3289261c0762f3735e7d/screenshot - {}
RESULT: {}
COMMAND: POST /session/c52f3edd894b3289261c0762f3735e7d/element - {"using":"css selector","value":"#shell-header-logo"}
RESULT: {"using":"css selector","value":"#shell-header-logo"}
COMMAND: POST /session/c52f3edd894b3289261c0762f3735e7d/element/f.00CEB3DD14B2376F96DB663D79287A8F.d.17735BC2A3C5AB1A7D873D00A55405E9.e.8027/click - {}
RESULT: {}
COMMAND: GET /session/c52f3edd894b3289261c0762f3735e7d/screenshot - {}
RESULT: {}
]]></system-out>
    </testcase>
    <testcase classname="chrome.136_0_7103_93.windows.Manage_requests_-_requests_specifications_US141095" name="Should create a new request and add the catalog item with the specifications" time="154.744">
      <system-out><![CDATA[
COMMAND: POST /session/c52f3edd894b3289261c0762f3735e7d/execute/async - {"script":"<script> [1562 bytes]","args":[{"selector":{"controlType":"sap.m.GenericTile","properties":{"header":"Manage Requests"}},"wdio_ui5_key":"sapm.GenericTile{\"header\":\"Manage Requests\"}"}]}
RESULT: {"script":"<script> [1562 bytes]","args":[{"selector":{"controlType":"sap.m.GenericTile","properties":{"header":"Manage Requests"}},"wdio_ui5_key":"sapm.GenericTile{\"header\":\"Manage Requests\"}"}]}
RESULT: undefined
COMMAND: POST /session/c52f3edd894b3289261c0762f3735e7d/element - {"using":"xpath","value":"//*[@id=\"__tile47\"]"}
RESULT: {"using":"xpath","value":"//*[@id=\"__tile47\"]"}
COMMAND: POST /session/c52f3edd894b3289261c0762f3735e7d/element/f.00CEB3DD14B2376F96DB663D79287A8F.d.17735BC2A3C5AB1A7D873D00A55405E9.e.8325/click - {}
RESULT: {}
COMMAND: GET /session/c52f3edd894b3289261c0762f3735e7d/screenshot - {}
RESULT: {}
COMMAND: POST /session/c52f3edd894b3289261c0762f3735e7d/elements - {"using":"xpath","value":"//span[text()='Error']"}
RESULT: {"using":"xpath","value":"//span[text()='Error']"}
COMMAND: POST /session/c52f3edd894b3289261c0762f3735e7d/element - {"using":"xpath","value":"//button[contains(@data-kt ,\"btnCreateNewOverflowToolbarButton\")]"}
COMMAND: POST /session/c52f3edd894b3289261c0762f3735e7d/element - {"using":"xpath","value":"(//span[contains(@class ,\"sapMObjStatusText\")])[1]"}
RESULT: {"using":"xpath","value":"//button[contains(@data-kt ,\"btnCreateNewOverflowToolbarButton\")]"}
COMMAND: POST /session/c52f3edd894b3289261c0762f3735e7d/element/f.00CEB3DD14B2376F96DB663D79287A8F.d.17735BC2A3C5AB1A7D873D00A55405E9.e.8382/click - {}
RESULT: {"using":"xpath","value":"(//span[contains(@class ,\"sapMObjStatusText\")])[1]"}
COMMAND: POST /session/c52f3edd894b3289261c0762f3735e7d/execute/sync - {"script":"<script> [8489 bytes]","args":[{"element-6066-11e4-a52e-4f735466cecf":"f.00CEB3DD14B2376F96DB663D79287A8F.d.17735BC2A3C5AB1A7D873D00A55405E9.e.8420","ELEMENT":"f.00CEB3DD14B2376F96DB663D79287A8F.d.17735BC2A3C5AB1A7D873D00A55405E9.e.8420"}]}
RESULT: {}
COMMAND: GET /session/c52f3edd894b3289261c0762f3735e7d/screenshot - {}
RESULT: {"script":"<script> [8489 bytes]","args":[{"element-6066-11e4-a52e-4f735466cecf":"f.00CEB3DD14B2376F96DB663D79287A8F.d.17735BC2A3C5AB1A7D873D00A55405E9.e.8420","ELEMENT":"f.00CEB3DD14B2376F96DB663D79287A8F.d.17735BC2A3C5AB1A7D873D00A55405E9.e.8420"}]}
COMMAND: GET /session/c52f3edd894b3289261c0762f3735e7d/screenshot - {}
RESULT: {}
RESULT: {}
COMMAND: POST /session/c52f3edd894b3289261c0762f3735e7d/element - {"using":"xpath","value":"//input[contains(@id ,\"yardId-inner\")]"}
RESULT: {"using":"xpath","value":"//input[contains(@id ,\"yardId-inner\")]"}
COMMAND: POST /session/c52f3edd894b3289261c0762f3735e7d/execute/sync - {"script":"<script> [8489 bytes]","args":[{"element-6066-11e4-a52e-4f735466cecf":"f.00CEB3DD14B2376F96DB663D79287A8F.d.17735BC2A3C5AB1A7D873D00A55405E9.e.8502","ELEMENT":"f.00CEB3DD14B2376F96DB663D79287A8F.d.17735BC2A3C5AB1A7D873D00A55405E9.e.8502"}]}
RESULT: {"script":"<script> [8489 bytes]","args":[{"element-6066-11e4-a52e-4f735466cecf":"f.00CEB3DD14B2376F96DB663D79287A8F.d.17735BC2A3C5AB1A7D873D00A55405E9.e.8502","ELEMENT":"f.00CEB3DD14B2376F96DB663D79287A8F.d.17735BC2A3C5AB1A7D873D00A55405E9.e.8502"}]}
COMMAND: POST /session/c52f3edd894b3289261c0762f3735e7d/element - {"using":"xpath","value":"//input[contains(@id ,\"yardId-inner\")]"}
COMMAND: GET /session/c52f3edd894b3289261c0762f3735e7d/screenshot - {}
RESULT: {"using":"xpath","value":"//input[contains(@id ,\"yardId-inner\")]"}
COMMAND: GET /session/c52f3edd894b3289261c0762f3735e7d/element/f.00CEB3DD14B2376F96DB663D79287A8F.d.17735BC2A3C5AB1A7D873D00A55405E9.e.8502/enabled - {}
RESULT: {}
RESULT: {}
COMMAND: POST /session/c52f3edd894b3289261c0762f3735e7d/element/f.00CEB3DD14B2376F96DB663D79287A8F.d.17735BC2A3C5AB1A7D873D00A55405E9.e.8502/clear - {}
COMMAND: GET /session/c52f3edd894b3289261c0762f3735e7d/screenshot - {}
RESULT: {}
COMMAND: POST /session/c52f3edd894b3289261c0762f3735e7d/element/f.00CEB3DD14B2376F96DB663D79287A8F.d.17735BC2A3C5AB1A7D873D00A55405E9.e.8502/value - {"text":"WebdriverYard13qkk"}
COMMAND: GET /session/c52f3edd894b3289261c0762f3735e7d/screenshot - {}
RESULT: {}
RESULT: {"text":"WebdriverYard13qkk"}
COMMAND: GET /session/c52f3edd894b3289261c0762f3735e7d/screenshot - {}
RESULT: {}
RESULT: {}
COMMAND: POST /session/c52f3edd894b3289261c0762f3735e7d/actions - {"actions":[{"id":"action52","type":"key","parameters":{},"actions":[{"type":"keyDown","value":""},{"type":"pause","duration":10},{"type":"keyUp","value":""}]}]}
COMMAND: POST /session/c52f3edd894b3289261c0762f3735e7d/element - {"using":"xpath","value":"//input[contains(@id ,\"customerNumber-inner\")]"}
RESULT: {"actions":[{"id":"action52","type":"key","parameters":{},"actions":[{"type":"keyDown","value":""},{"type":"pause","duration":10},{"type":"keyUp","value":""}]}]}
COMMAND: GET /session/c52f3edd894b3289261c0762f3735e7d/screenshot - {}
RESULT: {"using":"xpath","value":"//input[contains(@id ,\"customerNumber-inner\")]"}
COMMAND: POST /session/c52f3edd894b3289261c0762f3735e7d/element/f.00CEB3DD14B2376F96DB663D79287A8F.d.17735BC2A3C5AB1A7D873D00A55405E9.e.8496/value - {"text":"WebdriverPartnerhszcf"}
RESULT: {}
RESULT: {"text":"WebdriverPartnerhszcf"}
COMMAND: GET /session/c52f3edd894b3289261c0762f3735e7d/screenshot - {}
RESULT: {}
COMMAND: POST /session/c52f3edd894b3289261c0762f3735e7d/actions - {"actions":[{"id":"action53","type":"key","parameters":{},"actions":[{"type":"keyDown","value":""},{"type":"pause","duration":10},{"type":"keyUp","value":""}]}]}
RESULT: {"actions":[{"id":"action53","type":"key","parameters":{},"actions":[{"type":"keyDown","value":""},{"type":"pause","duration":10},{"type":"keyUp","value":""}]}]}
COMMAND: GET /session/c52f3edd894b3289261c0762f3735e7d/screenshot - {}
RESULT: {}
COMMAND: POST /session/c52f3edd894b3289261c0762f3735e7d/element - {"using":"xpath","value":"//input[contains(@id ,\"requestSiteId-inner\")]"}
RESULT: {"using":"xpath","value":"//input[contains(@id ,\"requestSiteId-inner\")]"}
COMMAND: POST /session/c52f3edd894b3289261c0762f3735e7d/element/f.00CEB3DD14B2376F96DB663D79287A8F.d.17735BC2A3C5AB1A7D873D00A55405E9.e.8495/value - {"text":"WebdriverSitept89b"}
RESULT: {"text":"WebdriverSitept89b"}
COMMAND: GET /session/c52f3edd894b3289261c0762f3735e7d/screenshot - {}
RESULT: {}
COMMAND: POST /session/c52f3edd894b3289261c0762f3735e7d/actions - {"actions":[{"id":"action54","type":"key","parameters":{},"actions":[{"type":"keyDown","value":""},{"type":"pause","duration":10},{"type":"keyUp","value":""}]}]}
RESULT: {"actions":[{"id":"action54","type":"key","parameters":{},"actions":[{"type":"keyDown","value":""},{"type":"pause","duration":10},{"type":"keyUp","value":""}]}]}
COMMAND: POST /session/c52f3edd894b3289261c0762f3735e7d/execute/async - {"script":"<script> [1562 bytes]","args":[{"selector":{"controlType":"sap.ui.core.Icon","viewName":"etm.portal.ui.managerequests.view.NewRequest","properties":{"src":{"regex":{"source":"add"}}}},"wdio_ui5_key":"etmportal.ui.managerequests.view.NewRequestsap.ui.core.Icon{\"src\":{\"regex\":{\"source\":\"add\"}}}"}]}
COMMAND: GET /session/c52f3edd894b3289261c0762f3735e7d/screenshot - {}
RESULT: {"script":"<script> [1562 bytes]","args":[{"selector":{"controlType":"sap.ui.core.Icon","viewName":"etm.portal.ui.managerequests.view.NewRequest","properties":{"src":{"regex":{"source":"add"}}}},"wdio_ui5_key":"etmportal.ui.managerequests.view.NewRequestsap.ui.core.Icon{\"src\":{\"regex\":{\"source\":\"add\"}}}"}]}
RESULT: undefined
COMMAND: POST /session/c52f3edd894b3289261c0762f3735e7d/element - {"using":"xpath","value":"//*[@id=\"__xmlview59--btnAddTableRow-img\"]"}
RESULT: {}
RESULT: {"using":"xpath","value":"//*[@id=\"__xmlview59--btnAddTableRow-img\"]"}
COMMAND: POST /session/c52f3edd894b3289261c0762f3735e7d/element/f.00CEB3DD14B2376F96DB663D79287A8F.d.17735BC2A3C5AB1A7D873D00A55405E9.e.8675/click - {}
RESULT: {}
COMMAND: GET /session/c52f3edd894b3289261c0762f3735e7d/screenshot - {}
RESULT: {}
COMMAND: POST /session/c52f3edd894b3289261c0762f3735e7d/actions - {"actions":[{"id":"action55","type":"key","parameters":{},"actions":[{"type":"keyDown","value":""},{"type":"pause","duration":10},{"type":"keyUp","value":""}]}]}
RESULT: {"actions":[{"id":"action55","type":"key","parameters":{},"actions":[{"type":"keyDown","value":""},{"type":"pause","duration":10},{"type":"keyUp","value":""}]}]}
COMMAND: POST /session/c52f3edd894b3289261c0762f3735e7d/actions - {"actions":[{"id":"action56","type":"key","parameters":{},"actions":[{"type":"keyDown","value":""},{"type":"pause","duration":10},{"type":"keyUp","value":""}]}]}
COMMAND: GET /session/c52f3edd894b3289261c0762f3735e7d/screenshot - {}
RESULT: {"actions":[{"id":"action56","type":"key","parameters":{},"actions":[{"type":"keyDown","value":""},{"type":"pause","duration":10},{"type":"keyUp","value":""}]}]}
COMMAND: POST /session/c52f3edd894b3289261c0762f3735e7d/element - {"using":"xpath","value":"(//input[contains(@id ,\"requestItemsTable-0-inner\")])[1]"}
COMMAND: GET /session/c52f3edd894b3289261c0762f3735e7d/screenshot - {}
RESULT: {}
RESULT: {"using":"xpath","value":"(//input[contains(@id ,\"requestItemsTable-0-inner\")])[1]"}
COMMAND: POST /session/c52f3edd894b3289261c0762f3735e7d/element/f.00CEB3DD14B2376F96DB663D79287A8F.d.17735BC2A3C5AB1A7D873D00A55405E9.e.8680/clear - {}
RESULT: {}
RESULT: {}
COMMAND: POST /session/c52f3edd894b3289261c0762f3735e7d/element/f.00CEB3DD14B2376F96DB663D79287A8F.d.17735BC2A3C5AB1A7D873D00A55405E9.e.8680/value - {"text":"catalogItemNamegnz9c"}
COMMAND: GET /session/c52f3edd894b3289261c0762f3735e7d/screenshot - {}
RESULT: {"text":"catalogItemNamegnz9c"}
COMMAND: GET /session/c52f3edd894b3289261c0762f3735e7d/screenshot - {}
RESULT: {}
RESULT: {}
COMMAND: POST /session/c52f3edd894b3289261c0762f3735e7d/actions - {"actions":[{"id":"action57","type":"key","parameters":{},"actions":[{"type":"keyDown","value":""},{"type":"pause","duration":10},{"type":"keyUp","value":""}]}]}
RESULT: {"actions":[{"id":"action57","type":"key","parameters":{},"actions":[{"type":"keyDown","value":""},{"type":"pause","duration":10},{"type":"keyUp","value":""}]}]}
COMMAND: GET /session/c52f3edd894b3289261c0762f3735e7d/screenshot - {}
RESULT: {}
COMMAND: POST /session/c52f3edd894b3289261c0762f3735e7d/execute/async - {"script":"<script> [1562 bytes]","args":[{"selector":{"controlType":"sap.m.Button","viewName":"etm.portal.ui.managerequests.view.NewRequest","i18NText":{"propertyName":"text","key":"requestSpecifications"},"interaction":{"idSuffix":"BDI-content"}},"wdio_ui5_key":"etmportal.ui.managerequests.view.NewRequestsap.m.Button{\"propertyName\":\"text\",\"key\":\"requestSpecifications\"}"}]}
RESULT: {"script":"<script> [1562 bytes]","args":[{"selector":{"controlType":"sap.m.Button","viewName":"etm.portal.ui.managerequests.view.NewRequest","i18NText":{"propertyName":"text","key":"requestSpecifications"},"interaction":{"idSuffix":"BDI-content"}},"wdio_ui5_key":"etmportal.ui.managerequests.view.NewRequestsap.m.Button{\"propertyName\":\"text\",\"key\":\"requestSpecifications\"}"}]}
RESULT: undefined
COMMAND: POST /session/c52f3edd894b3289261c0762f3735e7d/element - {"using":"xpath","value":"//*[@id=\"__button78-__xmlview59--requestItemsTable-0\"]"}
RESULT: {"using":"xpath","value":"//*[@id=\"__button78-__xmlview59--requestItemsTable-0\"]"}
COMMAND: POST /session/c52f3edd894b3289261c0762f3735e7d/element/f.00CEB3DD14B2376F96DB663D79287A8F.d.17735BC2A3C5AB1A7D873D00A55405E9.e.8694/click - {}
RESULT: {}
COMMAND: GET /session/c52f3edd894b3289261c0762f3735e7d/screenshot - {}
RESULT: {}
COMMAND: POST /session/c52f3edd894b3289261c0762f3735e7d/element - {"using":"xpath","value":"//input[@value=\"red\"]"}
RESULT: {"using":"xpath","value":"//input[@value=\"red\"]"}
COMMAND: POST /session/c52f3edd894b3289261c0762f3735e7d/elements - {"using":"xpath","value":"//input[@value=\"red\"]"}
RESULT: {"using":"xpath","value":"//input[@value=\"red\"]"}
COMMAND: POST /session/c52f3edd894b3289261c0762f3735e7d/execute/async - {"script":"<script> [1562 bytes]","args":[{"selector":{"controlType":"sap.m.Text","viewName":"etm.portal.ui.managerequests.view.NewRequest","bindingPath":{"path":"/currentEntries/0/PROPERTIES/0","propertyPath":"DESCRIPTION","modelName":"techSpecsClassificationModel"},"searchOpenDialogs":true},"wdio_ui5_key":"etmportal.ui.managerequests.view.NewRequestsap.m.Text{\"path\":\"/currentEntries/0/PROPERTIES/0\",\"propertyPath\":\"DESCRIPTION\",\"modelName\":\"techSpecsClassificationModel\"}"}]}
RESULT: {"script":"<script> [1562 bytes]","args":[{"selector":{"controlType":"sap.m.Text","viewName":"etm.portal.ui.managerequests.view.NewRequest","bindingPath":{"path":"/currentEntries/0/PROPERTIES/0","propertyPath":"DESCRIPTION","modelName":"techSpecsClassificationModel"},"searchOpenDialogs":true},"wdio_ui5_key":"etmportal.ui.managerequests.view.NewRequestsap.m.Text{\"path\":\"/currentEntries/0/PROPERTIES/0\",\"propertyPath\":\"DESCRIPTION\",\"modelName\":\"techSpecsClassificationModel\"}"}]}
RESULT: undefined
COMMAND: POST /session/c52f3edd894b3289261c0762f3735e7d/execute/async - {"script":"<script> [6424 bytes]","args":[{"element-6066-11e4-a52e-4f735466cecf":"f.00CEB3DD14B2376F96DB663D79287A8F.d.17735BC2A3C5AB1A7D873D00A55405E9.e.8703"},"getText",[]]}
RESULT: {"script":"<script> [6424 bytes]","args":[{"element-6066-11e4-a52e-4f735466cecf":"f.00CEB3DD14B2376F96DB663D79287A8F.d.17735BC2A3C5AB1A7D873D00A55405E9.e.8703"},"getText",[]]}
COMMAND: POST /session/c52f3edd894b3289261c0762f3735e7d/execute/async - {"script":"<script> [1562 bytes]","args":[{"selector":{"controlType":"sap.ui.core.Icon","viewName":"etm.portal.ui.managerequests.view.NewRequest","properties":{"src":{"regex":{"source":"slim\\-arrow\\-down"}}},"searchOpenDialogs":true},"wdio_ui5_key":"etmportal.ui.managerequests.view.NewRequestsap.ui.core.Icon{\"src\":{\"regex\":{\"source\":\"slim\\\\-arrow\\\\-down\"}}}"}]}
RESULT: {"script":"<script> [1562 bytes]","args":[{"selector":{"controlType":"sap.ui.core.Icon","viewName":"etm.portal.ui.managerequests.view.NewRequest","properties":{"src":{"regex":{"source":"slim\\-arrow\\-down"}}},"searchOpenDialogs":true},"wdio_ui5_key":"etmportal.ui.managerequests.view.NewRequestsap.ui.core.Icon{\"src\":{\"regex\":{\"source\":\"slim\\\\-arrow\\\\-down\"}}}"}]}
RESULT: undefined
COMMAND: POST /session/c52f3edd894b3289261c0762f3735e7d/element - {"using":"xpath","value":"//*[@id=\"__box58-arrow\"]"}
RESULT: {"using":"xpath","value":"//*[@id=\"__box58-arrow\"]"}
COMMAND: POST /session/c52f3edd894b3289261c0762f3735e7d/element/f.00CEB3DD14B2376F96DB663D79287A8F.d.17735BC2A3C5AB1A7D873D00A55405E9.e.8704/click - {}
RESULT: {}
COMMAND: POST /session/c52f3edd894b3289261c0762f3735e7d/execute/async - {"script":"<script> [1562 bytes]","args":[{"selector":{"controlType":"sap.m.StandardListItem","viewName":"etm.portal.ui.managerequests.view.NewRequest","properties":{"title":"blue"},"searchOpenDialogs":true,"interaction":{"idSuffix":"content"}},"wdio_ui5_key":"etmportal.ui.managerequests.view.NewRequestsap.m.StandardListItem{\"title\":\"blue\"}"}]}
COMMAND: GET /session/c52f3edd894b3289261c0762f3735e7d/screenshot - {}
RESULT: {"script":"<script> [1562 bytes]","args":[{"selector":{"controlType":"sap.m.StandardListItem","viewName":"etm.portal.ui.managerequests.view.NewRequest","properties":{"title":"blue"},"searchOpenDialogs":true,"interaction":{"idSuffix":"content"}},"wdio_ui5_key":"etmportal.ui.managerequests.view.NewRequestsap.m.StandardListItem{\"title\":\"blue\"}"}]}
RESULT: undefined
COMMAND: POST /session/c52f3edd894b3289261c0762f3735e7d/element - {"using":"xpath","value":"//*[@id=\"__item706\"]"}
RESULT: {}
RESULT: {"using":"xpath","value":"//*[@id=\"__item706\"]"}
COMMAND: POST /session/c52f3edd894b3289261c0762f3735e7d/element/f.00CEB3DD14B2376F96DB663D79287A8F.d.17735BC2A3C5AB1A7D873D00A55405E9.e.8706/click - {}
RESULT: {}
COMMAND: GET /session/c52f3edd894b3289261c0762f3735e7d/screenshot - {}
RESULT: {}
COMMAND: POST /session/c52f3edd894b3289261c0762f3735e7d/execute/async - {"script":"<script> [1562 bytes]","args":[{"selector":{"id":"saveButton","viewName":"etm.portal.ui.managerequests.view.NewRequest","searchOpenDialogs":true,"interaction":{"idSuffix":"BDI-content"}},"wdio_ui5_key":"saveButtonetmportal.ui.managerequests.view.NewRequest"}]}
RESULT: {"script":"<script> [1562 bytes]","args":[{"selector":{"id":"saveButton","viewName":"etm.portal.ui.managerequests.view.NewRequest","searchOpenDialogs":true,"interaction":{"idSuffix":"BDI-content"}},"wdio_ui5_key":"saveButtonetmportal.ui.managerequests.view.NewRequest"}]}
RESULT: undefined
COMMAND: POST /session/c52f3edd894b3289261c0762f3735e7d/element - {"using":"xpath","value":"//*[@id=\"__xmlview59--saveButton\"]"}
RESULT: {"using":"xpath","value":"//*[@id=\"__xmlview59--saveButton\"]"}
COMMAND: POST /session/c52f3edd894b3289261c0762f3735e7d/element/f.00CEB3DD14B2376F96DB663D79287A8F.d.17735BC2A3C5AB1A7D873D00A55405E9.e.8700/click - {}
RESULT: {}
COMMAND: POST /session/c52f3edd894b3289261c0762f3735e7d/execute/async - {"script":"<script> [1562 bytes]","args":[{"selector":{"controlType":"sap.ui.core.Icon","viewName":"etm.portal.ui.managerequests.view.NewRequest","properties":{"src":{"regex":{"source":"slim\\-arrow\\-down"}}},"ancestor":{"controlType":"sap.m.Button","viewName":"etm.portal.ui.managerequests.view.NewRequest","properties":{"icon":"sap-icon://slim-arrow-down"}}},"wdio_ui5_key":"etmportal.ui.managerequests.view.NewRequestsap.ui.core.Icon{\"src\":{\"regex\":{\"source\":\"slim\\\\-arrow\\\\-down\"}}}{\"controlType\":\"sap.m.Button\",\"viewName\":\"etm.portal.ui.managerequests.view.NewRequest\",\"properties\":{\"icon\":\"sap-icon://slim-arrow-down\"}}"}]}
COMMAND: GET /session/c52f3edd894b3289261c0762f3735e7d/screenshot - {}
RESULT: {"script":"<script> [1562 bytes]","args":[{"selector":{"controlType":"sap.ui.core.Icon","viewName":"etm.portal.ui.managerequests.view.NewRequest","properties":{"src":{"regex":{"source":"slim\\-arrow\\-down"}}},"ancestor":{"controlType":"sap.m.Button","viewName":"etm.portal.ui.managerequests.view.NewRequest","properties":{"icon":"sap-icon://slim-arrow-down"}}},"wdio_ui5_key":"etmportal.ui.managerequests.view.NewRequestsap.ui.core.Icon{\"src\":{\"regex\":{\"source\":\"slim\\\\-arrow\\\\-down\"}}}{\"controlType\":\"sap.m.Button\",\"viewName\":\"etm.portal.ui.managerequests.view.NewRequest\",\"properties\":{\"icon\":\"sap-icon://slim-arrow-down\"}}"}]}
RESULT: undefined
RESULT: {}
COMMAND: POST /session/c52f3edd894b3289261c0762f3735e7d/element - {"using":"xpath","value":"//div[contains(@data-kt ,\"splitAllocationObjectStatus\")]"}
RESULT: {"using":"xpath","value":"//div[contains(@data-kt ,\"splitAllocationObjectStatus\")]"}
COMMAND: POST /session/c52f3edd894b3289261c0762f3735e7d/elements - {"using":"xpath","value":"//div[contains(@data-kt ,\"splitAllocationObjectStatus\")]"}
RESULT: {"using":"xpath","value":"//div[contains(@data-kt ,\"splitAllocationObjectStatus\")]"}
COMMAND: POST /session/c52f3edd894b3289261c0762f3735e7d/execute/async - {"script":"<script> [1562 bytes]","args":[{"selector":{"controlType":"sap.ui.core.Icon","viewName":"etm.portal.ui.managerequests.view.NewRequest","properties":{"src":{"regex":{"source":"message\\-error"}}}},"wdio_ui5_key":"etmportal.ui.managerequests.view.NewRequestsap.ui.core.Icon{\"src\":{\"regex\":{\"source\":\"message\\\\-error\"}}}"}]}
RESULT: {"script":"<script> [1562 bytes]","args":[{"selector":{"controlType":"sap.ui.core.Icon","viewName":"etm.portal.ui.managerequests.view.NewRequest","properties":{"src":{"regex":{"source":"message\\-error"}}}},"wdio_ui5_key":"etmportal.ui.managerequests.view.NewRequestsap.ui.core.Icon{\"src\":{\"regex\":{\"source\":\"message\\\\-error\"}}}"}]}
RESULT: undefined
COMMAND: POST /session/c52f3edd894b3289261c0762f3735e7d/element - {"using":"xpath","value":"//*[@id=\"__status4-__xmlview59--requestItemsTable-0-icon\"]"}
RESULT: {"using":"xpath","value":"//*[@id=\"__status4-__xmlview59--requestItemsTable-0-icon\"]"}
COMMAND: POST /session/c52f3edd894b3289261c0762f3735e7d/element/f.00CEB3DD14B2376F96DB663D79287A8F.d.17735BC2A3C5AB1A7D873D00A55405E9.e.8709/click - {}
RESULT: {}
COMMAND: POST /session/c52f3edd894b3289261c0762f3735e7d/execute/async - {"script":"<script> [1562 bytes]","args":[{"selector":{"controlType":"sap.ui.core.Icon","viewName":"etm.portal.ui.managerequests.view.NewRequest","properties":{"src":{"regex":{"source":"slim\\-arrow\\-down"}}},"searchOpenDialogs":true,"ancestor":{"id":"costObjectAdminTypeComboBox","viewName":"etm.portal.ui.managerequests.view.NewRequest","searchOpenDialogs":true}},"wdio_ui5_key":"etmportal.ui.managerequests.view.NewRequestsap.ui.core.Icon{\"src\":{\"regex\":{\"source\":\"slim\\\\-arrow\\\\-down\"}}}{\"id\":\"costObjectAdminTypeComboBox\",\"viewName\":\"etm.portal.ui.managerequests.view.NewRequest\",\"searchOpenDialogs\":true}"}]}
COMMAND: GET /session/c52f3edd894b3289261c0762f3735e7d/screenshot - {}
RESULT: {"script":"<script> [1562 bytes]","args":[{"selector":{"controlType":"sap.ui.core.Icon","viewName":"etm.portal.ui.managerequests.view.NewRequest","properties":{"src":{"regex":{"source":"slim\\-arrow\\-down"}}},"searchOpenDialogs":true,"ancestor":{"id":"costObjectAdminTypeComboBox","viewName":"etm.portal.ui.managerequests.view.NewRequest","searchOpenDialogs":true}},"wdio_ui5_key":"etmportal.ui.managerequests.view.NewRequestsap.ui.core.Icon{\"src\":{\"regex\":{\"source\":\"slim\\\\-arrow\\\\-down\"}}}{\"id\":\"costObjectAdminTypeComboBox\",\"viewName\":\"etm.portal.ui.managerequests.view.NewRequest\",\"searchOpenDialogs\":true}"}]}
RESULT: undefined
COMMAND: POST /session/c52f3edd894b3289261c0762f3735e7d/element - {"using":"xpath","value":"//*[@id=\"__xmlview59--costObjectAdminTypeComboBox-arrow\"]"}
RESULT: {}
RESULT: {"using":"xpath","value":"//*[@id=\"__xmlview59--costObjectAdminTypeComboBox-arrow\"]"}
COMMAND: POST /session/c52f3edd894b3289261c0762f3735e7d/element/f.00CEB3DD14B2376F96DB663D79287A8F.d.17735BC2A3C5AB1A7D873D00A55405E9.e.8713/click - {}
RESULT: {}
COMMAND: POST /session/c52f3edd894b3289261c0762f3735e7d/execute/async - {"script":"<script> [1562 bytes]","args":[{"selector":{"controlType":"sap.m.StandardListItem","viewName":"etm.portal.ui.managerequests.view.NewRequest","properties":{"title":"Cost Center"},"searchOpenDialogs":true,"interaction":{"idSuffix":"titleText"}},"wdio_ui5_key":"etmportal.ui.managerequests.view.NewRequestsap.m.StandardListItem{\"title\":\"Cost Center\"}"}]}
COMMAND: GET /session/c52f3edd894b3289261c0762f3735e7d/screenshot - {}
RESULT: {"script":"<script> [1562 bytes]","args":[{"selector":{"controlType":"sap.m.StandardListItem","viewName":"etm.portal.ui.managerequests.view.NewRequest","properties":{"title":"Cost Center"},"searchOpenDialogs":true,"interaction":{"idSuffix":"titleText"}},"wdio_ui5_key":"etmportal.ui.managerequests.view.NewRequestsap.m.StandardListItem{\"title\":\"Cost Center\"}"}]}
RESULT: undefined
COMMAND: POST /session/c52f3edd894b3289261c0762f3735e7d/element - {"using":"xpath","value":"//*[@id=\"__item709\"]"}
RESULT: {}
RESULT: {"using":"xpath","value":"//*[@id=\"__item709\"]"}
COMMAND: POST /session/c52f3edd894b3289261c0762f3735e7d/element/f.00CEB3DD14B2376F96DB663D79287A8F.d.17735BC2A3C5AB1A7D873D00A55405E9.e.8716/click - {}
RESULT: {}
COMMAND: GET /session/c52f3edd894b3289261c0762f3735e7d/screenshot - {}
RESULT: {}
COMMAND: POST /session/c52f3edd894b3289261c0762f3735e7d/execute/async - {"script":"<script> [1562 bytes]","args":[{"selector":{"controlType":"sap.ui.core.Icon","viewName":"etm.portal.ui.managerequests.view.NewRequest","properties":{"src":{"regex":{"source":"value\\-help"}}},"searchOpenDialogs":true},"wdio_ui5_key":"etmportal.ui.managerequests.view.NewRequestsap.ui.core.Icon{\"src\":{\"regex\":{\"source\":\"value\\\\-help\"}}}"}]}
RESULT: {"script":"<script> [1562 bytes]","args":[{"selector":{"controlType":"sap.ui.core.Icon","viewName":"etm.portal.ui.managerequests.view.NewRequest","properties":{"src":{"regex":{"source":"value\\-help"}}},"searchOpenDialogs":true},"wdio_ui5_key":"etmportal.ui.managerequests.view.NewRequestsap.ui.core.Icon{\"src\":{\"regex\":{\"source\":\"value\\\\-help\"}}}"}]}
RESULT: undefined
COMMAND: POST /session/c52f3edd894b3289261c0762f3735e7d/element - {"using":"xpath","value":"//*[@id=\"__xmlview59--costObjectIdComboBox-vhi\"]"}
RESULT: {"using":"xpath","value":"//*[@id=\"__xmlview59--costObjectIdComboBox-vhi\"]"}
COMMAND: POST /session/c52f3edd894b3289261c0762f3735e7d/element/f.00CEB3DD14B2376F96DB663D79287A8F.d.17735BC2A3C5AB1A7D873D00A55405E9.e.8723/click - {}
RESULT: {}
COMMAND: POST /session/c52f3edd894b3289261c0762f3735e7d/execute/async - {"script":"<script> [1562 bytes]","args":[{"selector":{"controlType":"sap.m.SearchField","properties":{"placeholder":"Search"},"searchOpenDialogs":true,"interaction":{"idSuffix":"I"}},"wdio_ui5_key":"sapm.SearchField{\"placeholder\":\"Search\"}"}]}
COMMAND: GET /session/c52f3edd894b3289261c0762f3735e7d/screenshot - {}
RESULT: {"script":"<script> [1562 bytes]","args":[{"selector":{"controlType":"sap.m.SearchField","properties":{"placeholder":"Search"},"searchOpenDialogs":true,"interaction":{"idSuffix":"I"}},"wdio_ui5_key":"sapm.SearchField{\"placeholder\":\"Search\"}"}]}
RESULT: undefined
COMMAND: POST /session/c52f3edd894b3289261c0762f3735e7d/execute/async - {"script":"<script> [776 bytes]","args":[{"enterText":"10001010","selector":{"controlType":"sap.m.SearchField","properties":{"placeholder":"Search"},"searchOpenDialogs":true,"interaction":{"idSuffix":"I"}},"clearTextFirst":true,"interactionType":"ENTER_TEXT"}]}
RESULT: {}
RESULT: {"script":"<script> [776 bytes]","args":[{"enterText":"10001010","selector":{"controlType":"sap.m.SearchField","properties":{"placeholder":"Search"},"searchOpenDialogs":true,"interaction":{"idSuffix":"I"}},"clearTextFirst":true,"interactionType":"ENTER_TEXT"}]}
COMMAND: POST /session/c52f3edd894b3289261c0762f3735e7d/actions - {"actions":[{"id":"action58","type":"key","parameters":{},"actions":[{"type":"keyDown","value":""},{"type":"pause","duration":10},{"type":"keyUp","value":""}]}]}
RESULT: {"actions":[{"id":"action58","type":"key","parameters":{},"actions":[{"type":"keyDown","value":""},{"type":"pause","duration":10},{"type":"keyUp","value":""}]}]}
COMMAND: GET /session/c52f3edd894b3289261c0762f3735e7d/screenshot - {}
RESULT: {}
COMMAND: POST /session/c52f3edd894b3289261c0762f3735e7d/execute/async - {"script":"<script> [1562 bytes]","args":[{"selector":{"controlType":"sap.m.Text","bindingPath":{"path":"/C_CostCtrValueHelp(CostCenter='10001010',ControllingArea='Z001')","propertyPath":"CostCenterName","modelName":"CostCenterModel"},"searchOpenDialogs":true},"wdio_ui5_key":"sapm.Text{\"path\":\"/C_CostCtrValueHelp(CostCenter='10001010',ControllingArea='Z001')\",\"propertyPath\":\"CostCenterName\",\"modelName\":\"CostCenterModel\"}"}]}
RESULT: {"script":"<script> [1562 bytes]","args":[{"selector":{"controlType":"sap.m.Text","bindingPath":{"path":"/C_CostCtrValueHelp(CostCenter='10001010',ControllingArea='Z001')","propertyPath":"CostCenterName","modelName":"CostCenterModel"},"searchOpenDialogs":true},"wdio_ui5_key":"sapm.Text{\"path\":\"/C_CostCtrValueHelp(CostCenter='10001010',ControllingArea='Z001')\",\"propertyPath\":\"CostCenterName\",\"modelName\":\"CostCenterModel\"}"}]}
RESULT: undefined
COMMAND: POST /session/c52f3edd894b3289261c0762f3735e7d/element - {"using":"xpath","value":"//*[@id=\"__text550-__clone921\"]"}
RESULT: {"using":"xpath","value":"//*[@id=\"__text550-__clone921\"]"}
COMMAND: POST /session/c52f3edd894b3289261c0762f3735e7d/element/f.00CEB3DD14B2376F96DB663D79287A8F.d.17735BC2A3C5AB1A7D873D00A55405E9.e.8763/click - {}
RESULT: {}
COMMAND: POST /session/c52f3edd894b3289261c0762f3735e7d/execute/async - {"script":"<script> [1562 bytes]","args":[{"selector":{"controlType":"sap.m.Button","properties":{"text":"OK"},"searchOpenDialogs":true,"interaction":{"idSuffix":"BDI-content"}},"wdio_ui5_key":"sapm.Button{\"text\":\"OK\"}"}]}
COMMAND: GET /session/c52f3edd894b3289261c0762f3735e7d/screenshot - {}
RESULT: {"script":"<script> [1562 bytes]","args":[{"selector":{"controlType":"sap.m.Button","properties":{"text":"OK"},"searchOpenDialogs":true,"interaction":{"idSuffix":"BDI-content"}},"wdio_ui5_key":"sapm.Button{\"text\":\"OK\"}"}]}
RESULT: undefined
COMMAND: POST /session/c52f3edd894b3289261c0762f3735e7d/element - {"using":"xpath","value":"//*[@id=\"__dialog2-ok\"]"}
RESULT: {}
RESULT: {"using":"xpath","value":"//*[@id=\"__dialog2-ok\"]"}
COMMAND: POST /session/c52f3edd894b3289261c0762f3735e7d/element/f.00CEB3DD14B2376F96DB663D79287A8F.d.17735BC2A3C5AB1A7D873D00A55405E9.e.8765/click - {}
RESULT: {}
COMMAND: GET /session/c52f3edd894b3289261c0762f3735e7d/screenshot - {}
RESULT: {}
COMMAND: POST /session/c52f3edd894b3289261c0762f3735e7d/execute/async - {"script":"<script> [1562 bytes]","args":[{"selector":{"controlType":"sap.m.Button","viewName":"etm.portal.ui.managerequests.view.NewRequest","i18NText":{"propertyName":"text","key":"save"},"searchOpenDialogs":true,"interaction":{"idSuffix":"BDI-content"}},"wdio_ui5_key":"etmportal.ui.managerequests.view.NewRequestsap.m.Button{\"propertyName\":\"text\",\"key\":\"save\"}"}]}
RESULT: {"script":"<script> [1562 bytes]","args":[{"selector":{"controlType":"sap.m.Button","viewName":"etm.portal.ui.managerequests.view.NewRequest","i18NText":{"propertyName":"text","key":"save"},"searchOpenDialogs":true,"interaction":{"idSuffix":"BDI-content"}},"wdio_ui5_key":"etmportal.ui.managerequests.view.NewRequestsap.m.Button{\"propertyName\":\"text\",\"key\":\"save\"}"}]}
RESULT: undefined
COMMAND: POST /session/c52f3edd894b3289261c0762f3735e7d/element - {"using":"xpath","value":"//*[@id=\"__button91\"]"}
RESULT: {"using":"xpath","value":"//*[@id=\"__button91\"]"}
COMMAND: POST /session/c52f3edd894b3289261c0762f3735e7d/element/f.00CEB3DD14B2376F96DB663D79287A8F.d.17735BC2A3C5AB1A7D873D00A55405E9.e.8769/click - {}
RESULT: {}
COMMAND: GET /session/c52f3edd894b3289261c0762f3735e7d/screenshot - {}
RESULT: {}
COMMAND: POST /session/c52f3edd894b3289261c0762f3735e7d/execute/async - {"script":"<script> [1562 bytes]","args":[{"selector":{"controlType":"sap.m.Button","viewName":"etm.portal.ui.managerequests.view.NewRequest","i18NText":{"propertyName":"tooltip","key":"save"},"interaction":{"idSuffix":"content"}},"wdio_ui5_key":"etmportal.ui.managerequests.view.NewRequestsap.m.Button{\"propertyName\":\"tooltip\",\"key\":\"save\"}"}]}
RESULT: {"script":"<script> [1562 bytes]","args":[{"selector":{"controlType":"sap.m.Button","viewName":"etm.portal.ui.managerequests.view.NewRequest","i18NText":{"propertyName":"tooltip","key":"save"},"interaction":{"idSuffix":"content"}},"wdio_ui5_key":"etmportal.ui.managerequests.view.NewRequestsap.m.Button{\"propertyName\":\"tooltip\",\"key\":\"save\"}"}]}
RESULT: undefined
COMMAND: POST /session/c52f3edd894b3289261c0762f3735e7d/element - {"using":"xpath","value":"//*[@id=\"__button80\"]"}
RESULT: {"using":"xpath","value":"//*[@id=\"__button80\"]"}
COMMAND: POST /session/c52f3edd894b3289261c0762f3735e7d/element/f.00CEB3DD14B2376F96DB663D79287A8F.d.17735BC2A3C5AB1A7D873D00A55405E9.e.8603/click - {}
RESULT: {}
COMMAND: GET /session/c52f3edd894b3289261c0762f3735e7d/screenshot - {}
RESULT: {}
COMMAND: POST /session/c52f3edd894b3289261c0762f3735e7d/execute/async - {"script":"<script> [1562 bytes]","args":[{"selector":{"controlType":"sap.m.Title","properties":{"text":"Success"},"searchOpenDialogs":true},"wdio_ui5_key":"sapm.Title{\"text\":\"Success\"}"}]}
RESULT: {"script":"<script> [1562 bytes]","args":[{"selector":{"controlType":"sap.m.Title","properties":{"text":"Success"},"searchOpenDialogs":true},"wdio_ui5_key":"sapm.Title{\"text\":\"Success\"}"}]}
RESULT: undefined
COMMAND: POST /session/c52f3edd894b3289261c0762f3735e7d/execute/async - {"script":"<script> [6424 bytes]","args":[{"element-6066-11e4-a52e-4f735466cecf":"f.00CEB3DD14B2376F96DB663D79287A8F.d.17735BC2A3C5AB1A7D873D00A55405E9.e.8774"},"getText",[]]}
RESULT: {"script":"<script> [6424 bytes]","args":[{"element-6066-11e4-a52e-4f735466cecf":"f.00CEB3DD14B2376F96DB663D79287A8F.d.17735BC2A3C5AB1A7D873D00A55405E9.e.8774"},"getText",[]]}
COMMAND: POST /session/c52f3edd894b3289261c0762f3735e7d/execute/async - {"script":"<script> [1562 bytes]","args":[{"selector":{"controlType":"sap.m.Button","properties":{"text":"Close"},"searchOpenDialogs":true,"interaction":{"idSuffix":"BDI-content"}},"wdio_ui5_key":"sapm.Button{\"text\":\"Close\"}"}]}
RESULT: {"script":"<script> [1562 bytes]","args":[{"selector":{"controlType":"sap.m.Button","properties":{"text":"Close"},"searchOpenDialogs":true,"interaction":{"idSuffix":"BDI-content"}},"wdio_ui5_key":"sapm.Button{\"text\":\"Close\"}"}]}
RESULT: undefined
COMMAND: POST /session/c52f3edd894b3289261c0762f3735e7d/element - {"using":"xpath","value":"//*[@id=\"__mbox-btn-0\"]"}
RESULT: {"using":"xpath","value":"//*[@id=\"__mbox-btn-0\"]"}
COMMAND: POST /session/c52f3edd894b3289261c0762f3735e7d/element/f.00CEB3DD14B2376F96DB663D79287A8F.d.17735BC2A3C5AB1A7D873D00A55405E9.e.8773/click - {}
RESULT: {}
COMMAND: GET /session/c52f3edd894b3289261c0762f3735e7d/screenshot - {}
RESULT: {}
COMMAND: POST /session/c52f3edd894b3289261c0762f3735e7d/execute/async - {"script":"<script> [1562 bytes]","args":[{"selector":{"controlType":"sap.m.Button","viewName":"etm.portal.ui.managerequests.view.Detail","i18NText":{"propertyName":"text","key":"requestSpecifications"},"interaction":{"idSuffix":"BDI-content"}},"wdio_ui5_key":"etmportal.ui.managerequests.view.Detailsap.m.Button{\"propertyName\":\"text\",\"key\":\"requestSpecifications\"}"}]}
RESULT: {"script":"<script> [1562 bytes]","args":[{"selector":{"controlType":"sap.m.Button","viewName":"etm.portal.ui.managerequests.view.Detail","i18NText":{"propertyName":"text","key":"requestSpecifications"},"interaction":{"idSuffix":"BDI-content"}},"wdio_ui5_key":"etmportal.ui.managerequests.view.Detailsap.m.Button{\"propertyName\":\"text\",\"key\":\"requestSpecifications\"}"}]}
RESULT: undefined
COMMAND: POST /session/c52f3edd894b3289261c0762f3735e7d/element - {"using":"xpath","value":"//*[@id=\"__button107-__clone960\"]"}
RESULT: {"using":"xpath","value":"//*[@id=\"__button107-__clone960\"]"}
COMMAND: POST /session/c52f3edd894b3289261c0762f3735e7d/element/f.00CEB3DD14B2376F96DB663D79287A8F.d.17735BC2A3C5AB1A7D873D00A55405E9.e.8890/click - {}
RESULT: {}
COMMAND: GET /session/c52f3edd894b3289261c0762f3735e7d/screenshot - {}
RESULT: {}
COMMAND: POST /session/c52f3edd894b3289261c0762f3735e7d/element - {"using":"xpath","value":"//input[@value=\"blue\"]"}
RESULT: {"using":"xpath","value":"//input[@value=\"blue\"]"}
COMMAND: POST /session/c52f3edd894b3289261c0762f3735e7d/elements - {"using":"xpath","value":"//input[@value=\"blue\"]"}
RESULT: {"using":"xpath","value":"//input[@value=\"blue\"]"}
COMMAND: POST /session/c52f3edd894b3289261c0762f3735e7d/execute/async - {"script":"<script> [1562 bytes]","args":[{"selector":{"id":"cancelRequestSpecificationsButton","viewName":"etm.portal.ui.managerequests.view.Detail","searchOpenDialogs":true,"interaction":{"idSuffix":"BDI-content"}},"wdio_ui5_key":"cancelRequestSpecificationsButtonetmportal.ui.managerequests.view.Detail"}]}
RESULT: {"script":"<script> [1562 bytes]","args":[{"selector":{"id":"cancelRequestSpecificationsButton","viewName":"etm.portal.ui.managerequests.view.Detail","searchOpenDialogs":true,"interaction":{"idSuffix":"BDI-content"}},"wdio_ui5_key":"cancelRequestSpecificationsButtonetmportal.ui.managerequests.view.Detail"}]}
RESULT: undefined
COMMAND: POST /session/c52f3edd894b3289261c0762f3735e7d/element - {"using":"xpath","value":"//*[@id=\"__xmlview60--cancelRequestSpecificationsButton\"]"}
RESULT: {"using":"xpath","value":"//*[@id=\"__xmlview60--cancelRequestSpecificationsButton\"]"}
COMMAND: POST /session/c52f3edd894b3289261c0762f3735e7d/element/f.00CEB3DD14B2376F96DB663D79287A8F.d.17735BC2A3C5AB1A7D873D00A55405E9.e.8902/click - {}
RESULT: {}
COMMAND: POST /session/c52f3edd894b3289261c0762f3735e7d/element - {"using":"css selector","value":"#shell-header-logo"}
COMMAND: GET /session/c52f3edd894b3289261c0762f3735e7d/screenshot - {}
RESULT: {"using":"css selector","value":"#shell-header-logo"}
COMMAND: POST /session/c52f3edd894b3289261c0762f3735e7d/element/f.00CEB3DD14B2376F96DB663D79287A8F.d.17735BC2A3C5AB1A7D873D00A55405E9.e.8327/click - {}
RESULT: {}
RESULT: {}
COMMAND: GET /session/c52f3edd894b3289261c0762f3735e7d/screenshot - {}
RESULT: {}
]]></system-out>
    </testcase>
  </testsuite>
  <testsuite timestamp="2025-05-25T16:06:00" time="366.403" tests="3" failures="0" errors="0" skipped="0">
    <properties>
      <property name="specId" value="0"/>
      <property name="suiteName" value="Reserve/Unreserve request item via reserve option US139161"/>
      <property name="capabilities" value="chrome.136_0_7103_93.windows"/>
      <property name="file" value="file:///D:/a/1/s/test/specs/R2C/reserve-unreserve-request-item-via-reserve-option.spec.js"/>
    </properties>
    <testcase classname="chrome.136_0_7103_93.windows.Reserve/Unreserve_request_item_via_reserve_option_US139161" name="Should add the material to the catalog item" time="92.359">
      <system-out><![CDATA[
COMMAND: POST /session/c52f3edd894b3289261c0762f3735e7d/execute/async - {"script":"<script> [1562 bytes]","args":[{"selector":{"controlType":"sap.m.GenericTile","properties":{"header":"Manage Catalogs"}},"wdio_ui5_key":"sapm.GenericTile{\"header\":\"Manage Catalogs\"}"}]}
RESULT: {"script":"<script> [1562 bytes]","args":[{"selector":{"controlType":"sap.m.GenericTile","properties":{"header":"Manage Catalogs"}},"wdio_ui5_key":"sapm.GenericTile{\"header\":\"Manage Catalogs\"}"}]}
RESULT: undefined
COMMAND: POST /session/c52f3edd894b3289261c0762f3735e7d/element - {"using":"xpath","value":"//*[@id=\"__tile37\"]"}
RESULT: {"using":"xpath","value":"//*[@id=\"__tile37\"]"}
COMMAND: POST /session/c52f3edd894b3289261c0762f3735e7d/element/f.00CEB3DD14B2376F96DB663D79287A8F.d.17735BC2A3C5AB1A7D873D00A55405E9.e.8909/click - {}
RESULT: {}
COMMAND: GET /session/c52f3edd894b3289261c0762f3735e7d/screenshot - {}
RESULT: {}
COMMAND: POST /session/c52f3edd894b3289261c0762f3735e7d/elements - {"using":"xpath","value":"//span[text()='Error']"}
RESULT: {"using":"xpath","value":"//span[text()='Error']"}
COMMAND: POST /session/c52f3edd894b3289261c0762f3735e7d/execute/async - {"script":"<script> [1562 bytes]","args":[{"selector":{"controlType":"sap.m.Text","viewName":"etm.portal.ui.managecatalogs.view.MasterCatalogs","viewId":"application-managecatalogs-display-component---masterCatalogs","bindingPath":{"path":"/Catalogs('0D7502D073D53A0F1700BE067B89AFF9')","propertyPath":"DESCRIPTION","modelName":"catalogModel"}},"wdio_ui5_key":"etmportal.ui.managecatalogs.view.MasterCatalogssap.m.Text{\"path\":\"/Catalogs('0D7502D073D53A0F1700BE067B89AFF9')\",\"propertyPath\":\"DESCRIPTION\",\"modelName\":\"catalogModel\"}"}]}
RESULT: {"script":"<script> [1562 bytes]","args":[{"selector":{"controlType":"sap.m.Text","viewName":"etm.portal.ui.managecatalogs.view.MasterCatalogs","viewId":"application-managecatalogs-display-component---masterCatalogs","bindingPath":{"path":"/Catalogs('0D7502D073D53A0F1700BE067B89AFF9')","propertyPath":"DESCRIPTION","modelName":"catalogModel"}},"wdio_ui5_key":"etmportal.ui.managecatalogs.view.MasterCatalogssap.m.Text{\"path\":\"/Catalogs('0D7502D073D53A0F1700BE067B89AFF9')\",\"propertyPath\":\"DESCRIPTION\",\"modelName\":\"catalogModel\"}"}]}
RESULT: undefined
COMMAND: POST /session/c52f3edd894b3289261c0762f3735e7d/element - {"using":"xpath","value":"//*[@id=\"__text685-application-managecatalogs-display-component---masterCatalogs--CatalogsTable-11\"]"}
RESULT: {"using":"xpath","value":"//*[@id=\"__text685-application-managecatalogs-display-component---masterCatalogs--CatalogsTable-11\"]"}
COMMAND: POST /session/c52f3edd894b3289261c0762f3735e7d/element/f.00CEB3DD14B2376F96DB663D79287A8F.d.17735BC2A3C5AB1A7D873D00A55405E9.e.8978/click - {}
RESULT: {}
RESULT: undefined
COMMAND: POST /session/c52f3edd894b3289261c0762f3735e7d/execute/async - {"script":"<script> [776 bytes]","args":[{"enterText":"catalogItemaqzq5","selector":{"id":"application-managecatalogs-display-component---masterCatalogItems--searchItemsField","interaction":{"idSuffix":"I"}},"clearTextFirst":true,"interactionType":"ENTER_TEXT"}]}
COMMAND: GET /session/c52f3edd894b3289261c0762f3735e7d/screenshot - {}
RESULT: {"script":"<script> [776 bytes]","args":[{"enterText":"catalogItemaqzq5","selector":{"id":"application-managecatalogs-display-component---masterCatalogItems--searchItemsField","interaction":{"idSuffix":"I"}},"clearTextFirst":true,"interactionType":"ENTER_TEXT"}]}
COMMAND: POST /session/c52f3edd894b3289261c0762f3735e7d/actions - {"actions":[{"id":"action59","type":"key","parameters":{},"actions":[{"type":"keyDown","value":""},{"type":"pause","duration":10},{"type":"keyUp","value":""}]}]}
RESULT: {}
RESULT: {"actions":[{"id":"action59","type":"key","parameters":{},"actions":[{"type":"keyDown","value":""},{"type":"pause","duration":10},{"type":"keyUp","value":""}]}]}
COMMAND: POST /session/c52f3edd894b3289261c0762f3735e7d/element - {"using":"xpath","value":"(//span[contains(text(), \"catalogItemaqzq5\")])[1]"}
COMMAND: GET /session/c52f3edd894b3289261c0762f3735e7d/screenshot - {}
RESULT: {"using":"xpath","value":"(//span[contains(text(), \"catalogItemaqzq5\")])[1]"}
COMMAND: POST /session/c52f3edd894b3289261c0762f3735e7d/element/f.00CEB3DD14B2376F96DB663D79287A8F.d.17735BC2A3C5AB1A7D873D00A55405E9.e.9016/click - {}
RESULT: {}
RESULT: {}
COMMAND: GET /session/c52f3edd894b3289261c0762f3735e7d/screenshot - {}
RESULT: {}
COMMAND: POST /session/c52f3edd894b3289261c0762f3735e7d/element - {"using":"xpath","value":"//*[contains(@id ,\"BDI-content\")][contains(text(), \"Edit\")]"}
RESULT: {"using":"xpath","value":"//*[contains(@id ,\"BDI-content\")][contains(text(), \"Edit\")]"}
COMMAND: POST /session/c52f3edd894b3289261c0762f3735e7d/element/f.00CEB3DD14B2376F96DB663D79287A8F.d.17735BC2A3C5AB1A7D873D00A55405E9.e.9096/click - {}
RESULT: {}
COMMAND: GET /session/c52f3edd894b3289261c0762f3735e7d/screenshot - {}
RESULT: {}
COMMAND: POST /session/c52f3edd894b3289261c0762f3735e7d/element - {"using":"xpath","value":"//bdi[contains(text(), \"Assigned Resources\")]"}
RESULT: {"using":"xpath","value":"//bdi[contains(text(), \"Assigned Resources\")]"}
COMMAND: POST /session/c52f3edd894b3289261c0762f3735e7d/element/f.00CEB3DD14B2376F96DB663D79287A8F.d.17735BC2A3C5AB1A7D873D00A55405E9.e.9121/click - {}
RESULT: {}
COMMAND: GET /session/c52f3edd894b3289261c0762f3735e7d/screenshot - {}
RESULT: {}
COMMAND: POST /session/c52f3edd894b3289261c0762f3735e7d/element - {"using":"xpath","value":"//button[contains(@data-kt ,\"catalogItemAssignRuButton\")]"}
RESULT: {"using":"xpath","value":"//button[contains(@data-kt ,\"catalogItemAssignRuButton\")]"}
COMMAND: POST /session/c52f3edd894b3289261c0762f3735e7d/element/f.00CEB3DD14B2376F96DB663D79287A8F.d.17735BC2A3C5AB1A7D873D00A55405E9.e.9127/click - {}
RESULT: {}
COMMAND: GET /session/c52f3edd894b3289261c0762f3735e7d/screenshot - {}
RESULT: {}
COMMAND: POST /session/c52f3edd894b3289261c0762f3735e7d/actions - {"actions":[{"id":"action60","type":"key","parameters":{},"actions":[{"type":"keyDown","value":""},{"type":"pause","duration":10},{"type":"keyUp","value":""}]}]}
RESULT: {"actions":[{"id":"action60","type":"key","parameters":{},"actions":[{"type":"keyDown","value":""},{"type":"pause","duration":10},{"type":"keyUp","value":""}]}]}
COMMAND: GET /session/c52f3edd894b3289261c0762f3735e7d/screenshot - {}
RESULT: {}
COMMAND: POST /session/c52f3edd894b3289261c0762f3735e7d/execute/async - {"script":"<script> [1562 bytes]","args":[{"selector":{"id":"application-managecatalogs-display-component---detailCatalog--assignRUSearchField-vhi","searchOpenDialogs":true},"wdio_ui5_key":"applicationmanagecatalogs-display-component---detailCatalog--assignRUSearchField-vhi"}]}
RESULT: {"script":"<script> [1562 bytes]","args":[{"selector":{"id":"application-managecatalogs-display-component---detailCatalog--assignRUSearchField-vhi","searchOpenDialogs":true},"wdio_ui5_key":"applicationmanagecatalogs-display-component---detailCatalog--assignRUSearchField-vhi"}]}
RESULT: undefined
COMMAND: POST /session/c52f3edd894b3289261c0762f3735e7d/element - {"using":"xpath","value":"//*[@id=\"application-managecatalogs-display-component---detailCatalog--assignRUSearchField-vhi\"]"}
RESULT: {"using":"xpath","value":"//*[@id=\"application-managecatalogs-display-component---detailCatalog--assignRUSearchField-vhi\"]"}
COMMAND: POST /session/c52f3edd894b3289261c0762f3735e7d/element/f.00CEB3DD14B2376F96DB663D79287A8F.d.17735BC2A3C5AB1A7D873D00A55405E9.e.9143/click - {}
RESULT: {}
COMMAND: GET /session/c52f3edd894b3289261c0762f3735e7d/screenshot - {}
RESULT: {}
COMMAND: POST /session/c52f3edd894b3289261c0762f3735e7d/element - {"using":"xpath","value":"//input[contains(@id ,\"searchField-I\")]"}
RESULT: {"using":"xpath","value":"//input[contains(@id ,\"searchField-I\")]"}
COMMAND: POST /session/c52f3edd894b3289261c0762f3735e7d/element/f.00CEB3DD14B2376F96DB663D79287A8F.d.17735BC2A3C5AB1A7D873D00A55405E9.e.9147/clear - {}
RESULT: {}
COMMAND: POST /session/c52f3edd894b3289261c0762f3735e7d/element/f.00CEB3DD14B2376F96DB663D79287A8F.d.17735BC2A3C5AB1A7D873D00A55405E9.e.9147/value - {"text":"WebdriverRUR2Ct59w1"}
COMMAND: GET /session/c52f3edd894b3289261c0762f3735e7d/screenshot - {}
RESULT: {"text":"WebdriverRUR2Ct59w1"}
COMMAND: GET /session/c52f3edd894b3289261c0762f3735e7d/screenshot - {}
RESULT: {}
RESULT: {}
COMMAND: POST /session/c52f3edd894b3289261c0762f3735e7d/actions - {"actions":[{"id":"action61","type":"key","parameters":{},"actions":[{"type":"keyDown","value":""},{"type":"pause","duration":10},{"type":"keyUp","value":""}]}]}
RESULT: {"actions":[{"id":"action61","type":"key","parameters":{},"actions":[{"type":"keyDown","value":""},{"type":"pause","duration":10},{"type":"keyUp","value":""}]}]}
COMMAND: GET /session/c52f3edd894b3289261c0762f3735e7d/screenshot - {}
RESULT: {}
COMMAND: POST /session/c52f3edd894b3289261c0762f3735e7d/actions - {"actions":[{"id":"action62","type":"key","parameters":{},"actions":[{"type":"keyDown","value":""},{"type":"pause","duration":10},{"type":"keyUp","value":""}]}]}
RESULT: {"actions":[{"id":"action62","type":"key","parameters":{},"actions":[{"type":"keyDown","value":""},{"type":"pause","duration":10},{"type":"keyUp","value":""}]}]}
COMMAND: GET /session/c52f3edd894b3289261c0762f3735e7d/screenshot - {}
RESULT: {}
COMMAND: POST /session/c52f3edd894b3289261c0762f3735e7d/actions - {"actions":[{"id":"action63","type":"key","parameters":{},"actions":[{"type":"keyDown","value":""},{"type":"pause","duration":10},{"type":"keyUp","value":""}]}]}
RESULT: {"actions":[{"id":"action63","type":"key","parameters":{},"actions":[{"type":"keyDown","value":""},{"type":"pause","duration":10},{"type":"keyUp","value":""}]}]}
COMMAND: GET /session/c52f3edd894b3289261c0762f3735e7d/screenshot - {}
RESULT: {}
COMMAND: POST /session/c52f3edd894b3289261c0762f3735e7d/element - {"using":"xpath","value":"//bdi[contains(@id ,\"application-managecatalogs-display-component---detailCatalog--RUAssignmentSaveButton-BDI-content\")]"}
RESULT: {"using":"xpath","value":"//bdi[contains(@id ,\"application-managecatalogs-display-component---detailCatalog--RUAssignmentSaveButton-BDI-content\")]"}
COMMAND: POST /session/c52f3edd894b3289261c0762f3735e7d/element/f.00CEB3DD14B2376F96DB663D79287A8F.d.17735BC2A3C5AB1A7D873D00A55405E9.e.9177/click - {}
RESULT: {}
COMMAND: GET /session/c52f3edd894b3289261c0762f3735e7d/screenshot - {}
RESULT: {}
COMMAND: POST /session/c52f3edd894b3289261c0762f3735e7d/element - {"using":"xpath","value":"//bdi[contains(text(), \"Save\")]"}
RESULT: {"using":"xpath","value":"//bdi[contains(text(), \"Save\")]"}
COMMAND: POST /session/c52f3edd894b3289261c0762f3735e7d/element/f.00CEB3DD14B2376F96DB663D79287A8F.d.17735BC2A3C5AB1A7D873D00A55405E9.e.9196/click - {}
RESULT: {}
COMMAND: GET /session/c52f3edd894b3289261c0762f3735e7d/screenshot - {}
RESULT: {}
COMMAND: POST /session/c52f3edd894b3289261c0762f3735e7d/element - {"using":"css selector","value":"#shell-header-logo"}
RESULT: {"using":"css selector","value":"#shell-header-logo"}
COMMAND: POST /session/c52f3edd894b3289261c0762f3735e7d/element/f.00CEB3DD14B2376F96DB663D79287A8F.d.17735BC2A3C5AB1A7D873D00A55405E9.e.8913/click - {}
RESULT: {}
COMMAND: GET /session/c52f3edd894b3289261c0762f3735e7d/screenshot - {}
RESULT: {}
COMMAND: POST /session/c52f3edd894b3289261c0762f3735e7d/refresh - {}
RESULT: {}
COMMAND: GET /session/c52f3edd894b3289261c0762f3735e7d/screenshot - {}
RESULT: {}
COMMAND: POST /session/c52f3edd894b3289261c0762f3735e7d/execute/async - {"script":"<script> [189 bytes]","args":[]}
RESULT: {"script":"<script> [189 bytes]","args":[]}
COMMAND: POST /session/c52f3edd894b3289261c0762f3735e7d/execute/async - {"script":"<script> [123 bytes]","args":[]}
RESULT: {"script":"<script> [123 bytes]","args":[]}
COMMAND: POST /session/c52f3edd894b3289261c0762f3735e7d/timeouts - {"script":"<number>"}
RESULT: {"script":"<number>"}
COMMAND: GET /session/c52f3edd894b3289261c0762f3735e7d/timeouts - {}
RESULT: {}
RESULT: undefined
COMMAND: POST /session/c52f3edd894b3289261c0762f3735e7d/execute/async - {"script":"<script> [2676 bytes]","args":[]}
RESULT: {"script":"<script> [2676 bytes]","args":[]}
COMMAND: POST /session/c52f3edd894b3289261c0762f3735e7d/execute/async - {"script":"<script> [2342 bytes]","args":[{"protocol":"http","hostname":"0.0.0.0","path":"/","capabilities":{"browserName":"chrome","goog:chromeOptions":{"binary":"C:\\Program Files\\Google\\Chrome\\Application\\chrome.exe","args":["--start-maximized"]}},"logLevel":"warn","connectionRetryTimeout":120000,"connectionRetryCount":3,"logLevels":{},"enableDirectConnect":true,"strictSSL":true,"_":"65 more keys: [\"cacheDir\",\"port\",\"requestedCapabilities\",\"automationProtocol\",\"baseUrl\",\"waitforInterval\",\"waitforTimeout\",\"onReload\",\"beforeCommand\",\"afterCommand\",\"rootDir\",\"specs\",\"suites\",\"exclude\",\"groupLogsByTestSpec\",\"excludeDriverLogs\",\"bail\",\"framework\",\"reporters\",\"services\",\"maxInstances\",\"maxInstancesPerCapability\",\"injectGlobals\",\"filesToWatch\",\"execArgv\",\"runnerEnv\",\"runner\",\"shard\",\"specFileRetries\",\"specFileRetriesDelay\",\"specFileRetriesDeferred\",\"reporterSyncInterval\",\"reporterSyncTimeout\",\"cucumberFeaturesWithLineNumbers\",\"autoCompileOpts\",\"mochaOpts\",\"jasmineOpts\",\"cucumberOpts\",\"onPrepare\",\"onWorkerStart\",\"onWorkerEnd\",\"before\",\"beforeSession\",\"beforeSuite\",\"beforeHook\",\"beforeTest\",\"afterTest\",\"afterHook\",\"afterSuite\",\"afterSession\",\"after\",\"onComplete\",\"beforeAssertion\",\"afterAssertion\",\"beforeFeature\",\"beforeScenario\",\"beforeStep\",\"afterStep\",\"afterScenario\",\"afterFeature\",\"_\",\"suite\",\"$0\",\"ignoredWorkerServices\",\"wdi5\"]"}]}
RESULT: {"script":"<script> [2342 bytes]","args":[{"protocol":"http","hostname":"0.0.0.0","path":"/","capabilities":{"browserName":"chrome","goog:chromeOptions":{"binary":"C:\\Program Files\\Google\\Chrome\\Application\\chrome.exe","args":["--start-maximized"]}},"logLevel":"warn","connectionRetryTimeout":120000,"connectionRetryCount":3,"logLevels":{},"enableDirectConnect":true,"strictSSL":true,"_":"65 more keys: [\"cacheDir\",\"port\",\"requestedCapabilities\",\"automationProtocol\",\"baseUrl\",\"waitforInterval\",\"waitforTimeout\",\"onReload\",\"beforeCommand\",\"afterCommand\",\"rootDir\",\"specs\",\"suites\",\"exclude\",\"groupLogsByTestSpec\",\"excludeDriverLogs\",\"bail\",\"framework\",\"reporters\",\"services\",\"maxInstances\",\"maxInstancesPerCapability\",\"injectGlobals\",\"filesToWatch\",\"execArgv\",\"runnerEnv\",\"runner\",\"shard\",\"specFileRetries\",\"specFileRetriesDelay\",\"specFileRetriesDeferred\",\"reporterSyncInterval\",\"reporterSyncTimeout\",\"cucumberFeaturesWithLineNumbers\",\"autoCompileOpts\",\"mochaOpts\",\"jasmineOpts\",\"cucumberOpts\",\"onPrepare\",\"onWorkerStart\",\"onWorkerEnd\",\"before\",\"beforeSession\",\"beforeSuite\",\"beforeHook\",\"beforeTest\",\"afterTest\",\"afterHook\",\"afterSuite\",\"afterSession\",\"after\",\"onComplete\",\"beforeAssertion\",\"afterAssertion\",\"beforeFeature\",\"beforeScenario\",\"beforeStep\",\"afterStep\",\"afterScenario\",\"afterFeature\",\"_\",\"suite\",\"$0\",\"ignoredWorkerServices\",\"wdi5\"]"}]}
COMMAND: POST /session/c52f3edd894b3289261c0762f3735e7d/execute/async - {"script":"<script> [21126 bytes]","args":[35000]}
RESULT: {"script":"<script> [21126 bytes]","args":[35000]}
]]></system-out>
    </testcase>
    <testcase classname="chrome.136_0_7103_93.windows.Reserve/Unreserve_request_item_via_reserve_option_US139161" name="Should create a new request with a catalog item that can be planned" time="163.063">
      <system-out><![CDATA[
COMMAND: POST /session/c52f3edd894b3289261c0762f3735e7d/execute/async - {"script":"<script> [1562 bytes]","args":[{"selector":{"controlType":"sap.m.GenericTile","properties":{"header":"Manage Requests"}},"wdio_ui5_key":"sapm.GenericTile{\"header\":\"Manage Requests\"}"}]}
RESULT: {"script":"<script> [1562 bytes]","args":[{"selector":{"controlType":"sap.m.GenericTile","properties":{"header":"Manage Requests"}},"wdio_ui5_key":"sapm.GenericTile{\"header\":\"Manage Requests\"}"}]}
RESULT: undefined
COMMAND: POST /session/c52f3edd894b3289261c0762f3735e7d/element - {"using":"xpath","value":"//*[@id=\"__tile47\"]"}
RESULT: {"using":"xpath","value":"//*[@id=\"__tile47\"]"}
COMMAND: POST /session/c52f3edd894b3289261c0762f3735e7d/element/f.00CEB3DD14B2376F96DB663D79287A8F.d.8E53822CFB7232A1F4C07566E0194F79.e.9233/click - {}
RESULT: {}
COMMAND: GET /session/c52f3edd894b3289261c0762f3735e7d/screenshot - {}
RESULT: {}
COMMAND: POST /session/c52f3edd894b3289261c0762f3735e7d/elements - {"using":"xpath","value":"//span[text()='Error']"}
RESULT: {"using":"xpath","value":"//span[text()='Error']"}
COMMAND: POST /session/c52f3edd894b3289261c0762f3735e7d/element - {"using":"xpath","value":"//button[contains(@data-kt ,\"btnCreateNewOverflowToolbarButton\")]"}
COMMAND: POST /session/c52f3edd894b3289261c0762f3735e7d/element - {"using":"xpath","value":"(//span[contains(@class ,\"sapMObjStatusText\")])[1]"}
RESULT: {"using":"xpath","value":"//button[contains(@data-kt ,\"btnCreateNewOverflowToolbarButton\")]"}
COMMAND: POST /session/c52f3edd894b3289261c0762f3735e7d/element/f.00CEB3DD14B2376F96DB663D79287A8F.d.8E53822CFB7232A1F4C07566E0194F79.e.9289/click - {}
RESULT: {"using":"xpath","value":"(//span[contains(@class ,\"sapMObjStatusText\")])[1]"}
COMMAND: POST /session/c52f3edd894b3289261c0762f3735e7d/execute/sync - {"script":"<script> [8489 bytes]","args":[{"element-6066-11e4-a52e-4f735466cecf":"f.00CEB3DD14B2376F96DB663D79287A8F.d.8E53822CFB7232A1F4C07566E0194F79.e.9328","ELEMENT":"f.00CEB3DD14B2376F96DB663D79287A8F.d.8E53822CFB7232A1F4C07566E0194F79.e.9328"}]}
RESULT: {}
COMMAND: GET /session/c52f3edd894b3289261c0762f3735e7d/screenshot - {}
COMMAND: POST /session/c52f3edd894b3289261c0762f3735e7d/element - {"using":"xpath","value":"(//span[contains(@class ,\"sapMObjStatusText\")])[1]"}
RESULT: {}
RESULT: {"using":"xpath","value":"(//span[contains(@class ,\"sapMObjStatusText\")])[1]"}
COMMAND: POST /session/c52f3edd894b3289261c0762f3735e7d/execute/sync - {"script":"<script> [8489 bytes]","args":[{"element-6066-11e4-a52e-4f735466cecf":"f.00CEB3DD14B2376F96DB663D79287A8F.d.8E53822CFB7232A1F4C07566E0194F79.e.9568","ELEMENT":"f.00CEB3DD14B2376F96DB663D79287A8F.d.8E53822CFB7232A1F4C07566E0194F79.e.9568"}]}
RESULT: {"script":"<script> [8489 bytes]","args":[{"element-6066-11e4-a52e-4f735466cecf":"f.00CEB3DD14B2376F96DB663D79287A8F.d.8E53822CFB7232A1F4C07566E0194F79.e.9568","ELEMENT":"f.00CEB3DD14B2376F96DB663D79287A8F.d.8E53822CFB7232A1F4C07566E0194F79.e.9568"}]}
COMMAND: GET /session/c52f3edd894b3289261c0762f3735e7d/screenshot - {}
RESULT: {}
COMMAND: POST /session/c52f3edd894b3289261c0762f3735e7d/element - {"using":"xpath","value":"//input[contains(@id ,\"yardId-inner\")]"}
RESULT: {"using":"xpath","value":"//input[contains(@id ,\"yardId-inner\")]"}
COMMAND: POST /session/c52f3edd894b3289261c0762f3735e7d/execute/sync - {"script":"<script> [8489 bytes]","args":[{"element-6066-11e4-a52e-4f735466cecf":"f.00CEB3DD14B2376F96DB663D79287A8F.d.8E53822CFB7232A1F4C07566E0194F79.e.9420","ELEMENT":"f.00CEB3DD14B2376F96DB663D79287A8F.d.8E53822CFB7232A1F4C07566E0194F79.e.9420"}]}
RESULT: {"script":"<script> [8489 bytes]","args":[{"element-6066-11e4-a52e-4f735466cecf":"f.00CEB3DD14B2376F96DB663D79287A8F.d.8E53822CFB7232A1F4C07566E0194F79.e.9420","ELEMENT":"f.00CEB3DD14B2376F96DB663D79287A8F.d.8E53822CFB7232A1F4C07566E0194F79.e.9420"}]}
COMMAND: POST /session/c52f3edd894b3289261c0762f3735e7d/element - {"using":"xpath","value":"//input[contains(@id ,\"yardId-inner\")]"}
COMMAND: GET /session/c52f3edd894b3289261c0762f3735e7d/screenshot - {}
RESULT: {"using":"xpath","value":"//input[contains(@id ,\"yardId-inner\")]"}
COMMAND: GET /session/c52f3edd894b3289261c0762f3735e7d/element/f.00CEB3DD14B2376F96DB663D79287A8F.d.8E53822CFB7232A1F4C07566E0194F79.e.9420/enabled - {}
RESULT: {}
RESULT: {}
COMMAND: POST /session/c52f3edd894b3289261c0762f3735e7d/element/f.00CEB3DD14B2376F96DB663D79287A8F.d.8E53822CFB7232A1F4C07566E0194F79.e.9420/clear - {}
COMMAND: GET /session/c52f3edd894b3289261c0762f3735e7d/screenshot - {}
RESULT: {}
COMMAND: POST /session/c52f3edd894b3289261c0762f3735e7d/element/f.00CEB3DD14B2376F96DB663D79287A8F.d.8E53822CFB7232A1F4C07566E0194F79.e.9420/value - {"text":"WebdriverYard13qkk"}
COMMAND: GET /session/c52f3edd894b3289261c0762f3735e7d/screenshot - {}
RESULT: {}
RESULT: {"text":"WebdriverYard13qkk"}
COMMAND: GET /session/c52f3edd894b3289261c0762f3735e7d/screenshot - {}
RESULT: {}
RESULT: {}
COMMAND: POST /session/c52f3edd894b3289261c0762f3735e7d/actions - {"actions":[{"id":"action64","type":"key","parameters":{},"actions":[{"type":"keyDown","value":""},{"type":"pause","duration":10},{"type":"keyUp","value":""}]}]}
COMMAND: POST /session/c52f3edd894b3289261c0762f3735e7d/element - {"using":"xpath","value":"//input[contains(@id ,\"customerNumber-inner\")]"}
RESULT: {"actions":[{"id":"action64","type":"key","parameters":{},"actions":[{"type":"keyDown","value":""},{"type":"pause","duration":10},{"type":"keyUp","value":""}]}]}
RESULT: {"using":"xpath","value":"//input[contains(@id ,\"customerNumber-inner\")]"}
COMMAND: POST /session/c52f3edd894b3289261c0762f3735e7d/element/f.00CEB3DD14B2376F96DB663D79287A8F.d.8E53822CFB7232A1F4C07566E0194F79.e.9414/value - {"text":"WebdriverPartnerhszcf"}
COMMAND: GET /session/c52f3edd894b3289261c0762f3735e7d/screenshot - {}
RESULT: {"text":"WebdriverPartnerhszcf"}
COMMAND: GET /session/c52f3edd894b3289261c0762f3735e7d/screenshot - {}
RESULT: {}
RESULT: {}
COMMAND: POST /session/c52f3edd894b3289261c0762f3735e7d/actions - {"actions":[{"id":"action65","type":"key","parameters":{},"actions":[{"type":"keyDown","value":""},{"type":"pause","duration":10},{"type":"keyUp","value":""}]}]}
RESULT: {"actions":[{"id":"action65","type":"key","parameters":{},"actions":[{"type":"keyDown","value":""},{"type":"pause","duration":10},{"type":"keyUp","value":""}]}]}
COMMAND: GET /session/c52f3edd894b3289261c0762f3735e7d/screenshot - {}
RESULT: {}
COMMAND: GET /session/c52f3edd894b3289261c0762f3735e7d/element/f.00CEB3DD14B2376F96DB663D79287A8F.d.8E53822CFB7232A1F4C07566E0194F79.e.9414/property/value - {}
RESULT: {}
COMMAND: GET /session/c52f3edd894b3289261c0762f3735e7d/screenshot - {}
RESULT: {}
COMMAND: POST /session/c52f3edd894b3289261c0762f3735e7d/element - {"using":"xpath","value":"//input[contains(@id ,\"requestSiteId-inner\")]"}
RESULT: {"using":"xpath","value":"//input[contains(@id ,\"requestSiteId-inner\")]"}
COMMAND: POST /session/c52f3edd894b3289261c0762f3735e7d/element/f.00CEB3DD14B2376F96DB663D79287A8F.d.8E53822CFB7232A1F4C07566E0194F79.e.9413/value - {"text":"WebdriverSitept89b"}
RESULT: {"text":"WebdriverSitept89b"}
COMMAND: GET /session/c52f3edd894b3289261c0762f3735e7d/screenshot - {}
RESULT: {}
COMMAND: POST /session/c52f3edd894b3289261c0762f3735e7d/actions - {"actions":[{"id":"action66","type":"key","parameters":{},"actions":[{"type":"keyDown","value":""},{"type":"pause","duration":10},{"type":"keyUp","value":""}]}]}
RESULT: {"actions":[{"id":"action66","type":"key","parameters":{},"actions":[{"type":"keyDown","value":""},{"type":"pause","duration":10},{"type":"keyUp","value":""}]}]}
COMMAND: GET /session/c52f3edd894b3289261c0762f3735e7d/screenshot - {}
RESULT: {}
COMMAND: POST /session/c52f3edd894b3289261c0762f3735e7d/element - {"using":"xpath","value":"//button[contains(@data-kt ,\"requestItemAddOverflowToolbarButton\")]"}
RESULT: {"using":"xpath","value":"//button[contains(@data-kt ,\"requestItemAddOverflowToolbarButton\")]"}
COMMAND: POST /session/c52f3edd894b3289261c0762f3735e7d/element/f.00CEB3DD14B2376F96DB663D79287A8F.d.8E53822CFB7232A1F4C07566E0194F79.e.9578/click - {}
RESULT: {}
COMMAND: GET /session/c52f3edd894b3289261c0762f3735e7d/screenshot - {}
RESULT: {}
COMMAND: POST /session/c52f3edd894b3289261c0762f3735e7d/actions - {"actions":[{"id":"action67","type":"key","parameters":{},"actions":[{"type":"keyDown","value":""},{"type":"pause","duration":10},{"type":"keyUp","value":""}]}]}
RESULT: {"actions":[{"id":"action67","type":"key","parameters":{},"actions":[{"type":"keyDown","value":""},{"type":"pause","duration":10},{"type":"keyUp","value":""}]}]}
COMMAND: POST /session/c52f3edd894b3289261c0762f3735e7d/actions - {"actions":[{"id":"action68","type":"key","parameters":{},"actions":[{"type":"keyDown","value":""},{"type":"pause","duration":10},{"type":"keyUp","value":""}]}]}
COMMAND: GET /session/c52f3edd894b3289261c0762f3735e7d/screenshot - {}
RESULT: {"actions":[{"id":"action68","type":"key","parameters":{},"actions":[{"type":"keyDown","value":""},{"type":"pause","duration":10},{"type":"keyUp","value":""}]}]}
COMMAND: POST /session/c52f3edd894b3289261c0762f3735e7d/element - {"using":"xpath","value":"(//input[contains(@id ,\"requestItemsTable-0-inner\")])[1]"}
COMMAND: GET /session/c52f3edd894b3289261c0762f3735e7d/screenshot - {}
RESULT: {}
RESULT: {"using":"xpath","value":"(//input[contains(@id ,\"requestItemsTable-0-inner\")])[1]"}
COMMAND: POST /session/c52f3edd894b3289261c0762f3735e7d/element/f.00CEB3DD14B2376F96DB663D79287A8F.d.8E53822CFB7232A1F4C07566E0194F79.e.9582/clear - {}
RESULT: {}
RESULT: {}
COMMAND: POST /session/c52f3edd894b3289261c0762f3735e7d/element/f.00CEB3DD14B2376F96DB663D79287A8F.d.8E53822CFB7232A1F4C07566E0194F79.e.9582/value - {"text":"catalogItemaqzq5"}
COMMAND: GET /session/c52f3edd894b3289261c0762f3735e7d/screenshot - {}
RESULT: {"text":"catalogItemaqzq5"}
COMMAND: GET /session/c52f3edd894b3289261c0762f3735e7d/screenshot - {}
RESULT: {}
RESULT: {}
COMMAND: POST /session/c52f3edd894b3289261c0762f3735e7d/actions - {"actions":[{"id":"action69","type":"key","parameters":{},"actions":[{"type":"keyDown","value":""},{"type":"pause","duration":10},{"type":"keyUp","value":""}]}]}
RESULT: {"actions":[{"id":"action69","type":"key","parameters":{},"actions":[{"type":"keyDown","value":""},{"type":"pause","duration":10},{"type":"keyUp","value":""}]}]}
COMMAND: GET /session/c52f3edd894b3289261c0762f3735e7d/screenshot - {}
RESULT: {}
COMMAND: POST /session/c52f3edd894b3289261c0762f3735e7d/execute/async - {"script":"<script> [1562 bytes]","args":[{"selector":{"controlType":"sap.ui.core.Icon","viewName":"etm.portal.ui.managerequests.view.NewRequest","properties":{"src":{"regex":{"source":"slim\\-arrow\\-down"}}},"ancestor":{"controlType":"sap.m.Button","viewName":"etm.portal.ui.managerequests.view.NewRequest","properties":{"icon":"sap-icon://slim-arrow-down"}}},"wdio_ui5_key":"etmportal.ui.managerequests.view.NewRequestsap.ui.core.Icon{\"src\":{\"regex\":{\"source\":\"slim\\\\-arrow\\\\-down\"}}}{\"controlType\":\"sap.m.Button\",\"viewName\":\"etm.portal.ui.managerequests.view.NewRequest\",\"properties\":{\"icon\":\"sap-icon://slim-arrow-down\"}}"}]}
RESULT: {"script":"<script> [1562 bytes]","args":[{"selector":{"controlType":"sap.ui.core.Icon","viewName":"etm.portal.ui.managerequests.view.NewRequest","properties":{"src":{"regex":{"source":"slim\\-arrow\\-down"}}},"ancestor":{"controlType":"sap.m.Button","viewName":"etm.portal.ui.managerequests.view.NewRequest","properties":{"icon":"sap-icon://slim-arrow-down"}}},"wdio_ui5_key":"etmportal.ui.managerequests.view.NewRequestsap.ui.core.Icon{\"src\":{\"regex\":{\"source\":\"slim\\\\-arrow\\\\-down\"}}}{\"controlType\":\"sap.m.Button\",\"viewName\":\"etm.portal.ui.managerequests.view.NewRequest\",\"properties\":{\"icon\":\"sap-icon://slim-arrow-down\"}}"}]}
RESULT: undefined
COMMAND: POST /session/c52f3edd894b3289261c0762f3735e7d/element - {"using":"xpath","value":"//div[contains(@data-kt ,\"splitAllocationObjectStatus\")]"}
RESULT: {"using":"xpath","value":"//div[contains(@data-kt ,\"splitAllocationObjectStatus\")]"}
COMMAND: POST /session/c52f3edd894b3289261c0762f3735e7d/elements - {"using":"xpath","value":"//div[contains(@data-kt ,\"splitAllocationObjectStatus\")]"}
RESULT: {"using":"xpath","value":"//div[contains(@data-kt ,\"splitAllocationObjectStatus\")]"}
COMMAND: POST /session/c52f3edd894b3289261c0762f3735e7d/execute/async - {"script":"<script> [1562 bytes]","args":[{"selector":{"controlType":"sap.ui.core.Icon","viewName":"etm.portal.ui.managerequests.view.NewRequest","properties":{"src":{"regex":{"source":"message\\-error"}}}},"wdio_ui5_key":"etmportal.ui.managerequests.view.NewRequestsap.ui.core.Icon{\"src\":{\"regex\":{\"source\":\"message\\\\-error\"}}}"}]}
RESULT: {"script":"<script> [1562 bytes]","args":[{"selector":{"controlType":"sap.ui.core.Icon","viewName":"etm.portal.ui.managerequests.view.NewRequest","properties":{"src":{"regex":{"source":"message\\-error"}}}},"wdio_ui5_key":"etmportal.ui.managerequests.view.NewRequestsap.ui.core.Icon{\"src\":{\"regex\":{\"source\":\"message\\\\-error\"}}}"}]}
RESULT: undefined
COMMAND: POST /session/c52f3edd894b3289261c0762f3735e7d/element - {"using":"xpath","value":"//*[@id=\"__status4-__xmlview59--requestItemsTable-0-icon\"]"}
RESULT: {"using":"xpath","value":"//*[@id=\"__status4-__xmlview59--requestItemsTable-0-icon\"]"}
COMMAND: POST /session/c52f3edd894b3289261c0762f3735e7d/element/f.00CEB3DD14B2376F96DB663D79287A8F.d.8E53822CFB7232A1F4C07566E0194F79.e.9597/click - {}
RESULT: {}
COMMAND: POST /session/c52f3edd894b3289261c0762f3735e7d/execute/async - {"script":"<script> [1562 bytes]","args":[{"selector":{"controlType":"sap.ui.core.Icon","viewName":"etm.portal.ui.managerequests.view.NewRequest","properties":{"src":{"regex":{"source":"slim\\-arrow\\-down"}}},"searchOpenDialogs":true,"ancestor":{"id":"costObjectAdminTypeComboBox","viewName":"etm.portal.ui.managerequests.view.NewRequest","searchOpenDialogs":true}},"wdio_ui5_key":"etmportal.ui.managerequests.view.NewRequestsap.ui.core.Icon{\"src\":{\"regex\":{\"source\":\"slim\\\\-arrow\\\\-down\"}}}{\"id\":\"costObjectAdminTypeComboBox\",\"viewName\":\"etm.portal.ui.managerequests.view.NewRequest\",\"searchOpenDialogs\":true}"}]}
COMMAND: GET /session/c52f3edd894b3289261c0762f3735e7d/screenshot - {}
RESULT: {"script":"<script> [1562 bytes]","args":[{"selector":{"controlType":"sap.ui.core.Icon","viewName":"etm.portal.ui.managerequests.view.NewRequest","properties":{"src":{"regex":{"source":"slim\\-arrow\\-down"}}},"searchOpenDialogs":true,"ancestor":{"id":"costObjectAdminTypeComboBox","viewName":"etm.portal.ui.managerequests.view.NewRequest","searchOpenDialogs":true}},"wdio_ui5_key":"etmportal.ui.managerequests.view.NewRequestsap.ui.core.Icon{\"src\":{\"regex\":{\"source\":\"slim\\\\-arrow\\\\-down\"}}}{\"id\":\"costObjectAdminTypeComboBox\",\"viewName\":\"etm.portal.ui.managerequests.view.NewRequest\",\"searchOpenDialogs\":true}"}]}
RESULT: undefined
COMMAND: POST /session/c52f3edd894b3289261c0762f3735e7d/element - {"using":"xpath","value":"//*[@id=\"__xmlview59--costObjectAdminTypeComboBox-arrow\"]"}
RESULT: {}
RESULT: {"using":"xpath","value":"//*[@id=\"__xmlview59--costObjectAdminTypeComboBox-arrow\"]"}
COMMAND: POST /session/c52f3edd894b3289261c0762f3735e7d/element/f.00CEB3DD14B2376F96DB663D79287A8F.d.8E53822CFB7232A1F4C07566E0194F79.e.9602/click - {}
RESULT: {}
COMMAND: POST /session/c52f3edd894b3289261c0762f3735e7d/execute/async - {"script":"<script> [1562 bytes]","args":[{"selector":{"controlType":"sap.m.StandardListItem","viewName":"etm.portal.ui.managerequests.view.NewRequest","properties":{"title":"Cost Center"},"searchOpenDialogs":true,"interaction":{"idSuffix":"titleText"}},"wdio_ui5_key":"etmportal.ui.managerequests.view.NewRequestsap.m.StandardListItem{\"title\":\"Cost Center\"}"}]}
COMMAND: GET /session/c52f3edd894b3289261c0762f3735e7d/screenshot - {}
RESULT: {"script":"<script> [1562 bytes]","args":[{"selector":{"controlType":"sap.m.StandardListItem","viewName":"etm.portal.ui.managerequests.view.NewRequest","properties":{"title":"Cost Center"},"searchOpenDialogs":true,"interaction":{"idSuffix":"titleText"}},"wdio_ui5_key":"etmportal.ui.managerequests.view.NewRequestsap.m.StandardListItem{\"title\":\"Cost Center\"}"}]}
RESULT: undefined
COMMAND: POST /session/c52f3edd894b3289261c0762f3735e7d/element - {"using":"xpath","value":"//*[@id=\"__item455\"]"}
RESULT: {}
RESULT: {"using":"xpath","value":"//*[@id=\"__item455\"]"}
COMMAND: POST /session/c52f3edd894b3289261c0762f3735e7d/element/f.00CEB3DD14B2376F96DB663D79287A8F.d.8E53822CFB7232A1F4C07566E0194F79.e.9604/click - {}
RESULT: {}
COMMAND: GET /session/c52f3edd894b3289261c0762f3735e7d/screenshot - {}
RESULT: {}
COMMAND: POST /session/c52f3edd894b3289261c0762f3735e7d/execute/async - {"script":"<script> [1562 bytes]","args":[{"selector":{"controlType":"sap.ui.core.Icon","viewName":"etm.portal.ui.managerequests.view.NewRequest","properties":{"src":{"regex":{"source":"value\\-help"}}},"searchOpenDialogs":true},"wdio_ui5_key":"etmportal.ui.managerequests.view.NewRequestsap.ui.core.Icon{\"src\":{\"regex\":{\"source\":\"value\\\\-help\"}}}"}]}
RESULT: {"script":"<script> [1562 bytes]","args":[{"selector":{"controlType":"sap.ui.core.Icon","viewName":"etm.portal.ui.managerequests.view.NewRequest","properties":{"src":{"regex":{"source":"value\\-help"}}},"searchOpenDialogs":true},"wdio_ui5_key":"etmportal.ui.managerequests.view.NewRequestsap.ui.core.Icon{\"src\":{\"regex\":{\"source\":\"value\\\\-help\"}}}"}]}
RESULT: undefined
COMMAND: POST /session/c52f3edd894b3289261c0762f3735e7d/element - {"using":"xpath","value":"//*[@id=\"__xmlview59--costObjectIdComboBox-vhi\"]"}
RESULT: {"using":"xpath","value":"//*[@id=\"__xmlview59--costObjectIdComboBox-vhi\"]"}
COMMAND: POST /session/c52f3edd894b3289261c0762f3735e7d/element/f.00CEB3DD14B2376F96DB663D79287A8F.d.8E53822CFB7232A1F4C07566E0194F79.e.9611/click - {}
RESULT: {}
COMMAND: POST /session/c52f3edd894b3289261c0762f3735e7d/execute/async - {"script":"<script> [1562 bytes]","args":[{"selector":{"controlType":"sap.m.SearchField","properties":{"placeholder":"Search"},"searchOpenDialogs":true,"interaction":{"idSuffix":"I"}},"wdio_ui5_key":"sapm.SearchField{\"placeholder\":\"Search\"}"}]}
COMMAND: GET /session/c52f3edd894b3289261c0762f3735e7d/screenshot - {}
RESULT: {"script":"<script> [1562 bytes]","args":[{"selector":{"controlType":"sap.m.SearchField","properties":{"placeholder":"Search"},"searchOpenDialogs":true,"interaction":{"idSuffix":"I"}},"wdio_ui5_key":"sapm.SearchField{\"placeholder\":\"Search\"}"}]}
RESULT: undefined
COMMAND: POST /session/c52f3edd894b3289261c0762f3735e7d/execute/async - {"script":"<script> [776 bytes]","args":[{"enterText":"10001010","selector":{"controlType":"sap.m.SearchField","properties":{"placeholder":"Search"},"searchOpenDialogs":true,"interaction":{"idSuffix":"I"}},"clearTextFirst":true,"interactionType":"ENTER_TEXT"}]}
RESULT: {}
RESULT: {"script":"<script> [776 bytes]","args":[{"enterText":"10001010","selector":{"controlType":"sap.m.SearchField","properties":{"placeholder":"Search"},"searchOpenDialogs":true,"interaction":{"idSuffix":"I"}},"clearTextFirst":true,"interactionType":"ENTER_TEXT"}]}
COMMAND: POST /session/c52f3edd894b3289261c0762f3735e7d/actions - {"actions":[{"id":"action70","type":"key","parameters":{},"actions":[{"type":"keyDown","value":""},{"type":"pause","duration":10},{"type":"keyUp","value":""}]}]}
RESULT: {"actions":[{"id":"action70","type":"key","parameters":{},"actions":[{"type":"keyDown","value":""},{"type":"pause","duration":10},{"type":"keyUp","value":""}]}]}
COMMAND: GET /session/c52f3edd894b3289261c0762f3735e7d/screenshot - {}
RESULT: {}
COMMAND: POST /session/c52f3edd894b3289261c0762f3735e7d/execute/async - {"script":"<script> [1562 bytes]","args":[{"selector":{"controlType":"sap.m.Text","bindingPath":{"path":"/C_CostCtrValueHelp(CostCenter='10001010',ControllingArea='Z001')","propertyPath":"CostCenterName","modelName":"CostCenterModel"},"searchOpenDialogs":true},"wdio_ui5_key":"sapm.Text{\"path\":\"/C_CostCtrValueHelp(CostCenter='10001010',ControllingArea='Z001')\",\"propertyPath\":\"CostCenterName\",\"modelName\":\"CostCenterModel\"}"}]}
RESULT: {"script":"<script> [1562 bytes]","args":[{"selector":{"controlType":"sap.m.Text","bindingPath":{"path":"/C_CostCtrValueHelp(CostCenter='10001010',ControllingArea='Z001')","propertyPath":"CostCenterName","modelName":"CostCenterModel"},"searchOpenDialogs":true},"wdio_ui5_key":"sapm.Text{\"path\":\"/C_CostCtrValueHelp(CostCenter='10001010',ControllingArea='Z001')\",\"propertyPath\":\"CostCenterName\",\"modelName\":\"CostCenterModel\"}"}]}
RESULT: undefined
COMMAND: POST /session/c52f3edd894b3289261c0762f3735e7d/element - {"using":"xpath","value":"//*[@id=\"__text291-__clone593\"]"}
RESULT: {"using":"xpath","value":"//*[@id=\"__text291-__clone593\"]"}
COMMAND: POST /session/c52f3edd894b3289261c0762f3735e7d/element/f.00CEB3DD14B2376F96DB663D79287A8F.d.8E53822CFB7232A1F4C07566E0194F79.e.9650/click - {}
RESULT: {}
COMMAND: POST /session/c52f3edd894b3289261c0762f3735e7d/execute/async - {"script":"<script> [1562 bytes]","args":[{"selector":{"controlType":"sap.m.Button","properties":{"text":"OK"},"searchOpenDialogs":true,"interaction":{"idSuffix":"BDI-content"}},"wdio_ui5_key":"sapm.Button{\"text\":\"OK\"}"}]}
COMMAND: GET /session/c52f3edd894b3289261c0762f3735e7d/screenshot - {}
RESULT: {"script":"<script> [1562 bytes]","args":[{"selector":{"controlType":"sap.m.Button","properties":{"text":"OK"},"searchOpenDialogs":true,"interaction":{"idSuffix":"BDI-content"}},"wdio_ui5_key":"sapm.Button{\"text\":\"OK\"}"}]}
RESULT: undefined
COMMAND: POST /session/c52f3edd894b3289261c0762f3735e7d/element - {"using":"xpath","value":"//*[@id=\"__dialog1-ok\"]"}
RESULT: {}
RESULT: {"using":"xpath","value":"//*[@id=\"__dialog1-ok\"]"}
COMMAND: POST /session/c52f3edd894b3289261c0762f3735e7d/element/f.00CEB3DD14B2376F96DB663D79287A8F.d.8E53822CFB7232A1F4C07566E0194F79.e.9652/click - {}
RESULT: {}
COMMAND: GET /session/c52f3edd894b3289261c0762f3735e7d/screenshot - {}
RESULT: {}
COMMAND: POST /session/c52f3edd894b3289261c0762f3735e7d/execute/async - {"script":"<script> [1562 bytes]","args":[{"selector":{"controlType":"sap.m.Button","viewName":"etm.portal.ui.managerequests.view.NewRequest","i18NText":{"propertyName":"text","key":"save"},"searchOpenDialogs":true,"interaction":{"idSuffix":"BDI-content"}},"wdio_ui5_key":"etmportal.ui.managerequests.view.NewRequestsap.m.Button{\"propertyName\":\"text\",\"key\":\"save\"}"}]}
RESULT: {"script":"<script> [1562 bytes]","args":[{"selector":{"controlType":"sap.m.Button","viewName":"etm.portal.ui.managerequests.view.NewRequest","i18NText":{"propertyName":"text","key":"save"},"searchOpenDialogs":true,"interaction":{"idSuffix":"BDI-content"}},"wdio_ui5_key":"etmportal.ui.managerequests.view.NewRequestsap.m.Button{\"propertyName\":\"text\",\"key\":\"save\"}"}]}
RESULT: undefined
COMMAND: POST /session/c52f3edd894b3289261c0762f3735e7d/element - {"using":"xpath","value":"//*[@id=\"__button24\"]"}
RESULT: {"using":"xpath","value":"//*[@id=\"__button24\"]"}
COMMAND: POST /session/c52f3edd894b3289261c0762f3735e7d/element/f.00CEB3DD14B2376F96DB663D79287A8F.d.8E53822CFB7232A1F4C07566E0194F79.e.9656/click - {}
RESULT: {}
COMMAND: GET /session/c52f3edd894b3289261c0762f3735e7d/screenshot - {}
RESULT: {}
COMMAND: POST /session/c52f3edd894b3289261c0762f3735e7d/element - {"using":"xpath","value":"(//bdi[contains(text() ,\"Save\")])[1]"}
RESULT: {"using":"xpath","value":"(//bdi[contains(text() ,\"Save\")])[1]"}
COMMAND: POST /session/c52f3edd894b3289261c0762f3735e7d/element/f.00CEB3DD14B2376F96DB663D79287A8F.d.8E53822CFB7232A1F4C07566E0194F79.e.9659/click - {}
RESULT: {}
COMMAND: GET /session/c52f3edd894b3289261c0762f3735e7d/screenshot - {}
RESULT: {}
COMMAND: POST /session/c52f3edd894b3289261c0762f3735e7d/execute/async - {"script":"<script> [1562 bytes]","args":[{"selector":{"controlType":"sap.m.Title","properties":{"text":"Success"},"searchOpenDialogs":true},"wdio_ui5_key":"sapm.Title{\"text\":\"Success\"}"}]}
RESULT: {"script":"<script> [1562 bytes]","args":[{"selector":{"controlType":"sap.m.Title","properties":{"text":"Success"},"searchOpenDialogs":true},"wdio_ui5_key":"sapm.Title{\"text\":\"Success\"}"}]}
RESULT: undefined
COMMAND: POST /session/c52f3edd894b3289261c0762f3735e7d/execute/async - {"script":"<script> [6424 bytes]","args":[{"element-6066-11e4-a52e-4f735466cecf":"f.00CEB3DD14B2376F96DB663D79287A8F.d.8E53822CFB7232A1F4C07566E0194F79.e.9663"},"getText",[]]}
RESULT: {"script":"<script> [6424 bytes]","args":[{"element-6066-11e4-a52e-4f735466cecf":"f.00CEB3DD14B2376F96DB663D79287A8F.d.8E53822CFB7232A1F4C07566E0194F79.e.9663"},"getText",[]]}
COMMAND: POST /session/c52f3edd894b3289261c0762f3735e7d/execute/async - {"script":"<script> [1562 bytes]","args":[{"selector":{"controlType":"sap.m.Button","properties":{"text":"Close"},"searchOpenDialogs":true,"interaction":{"idSuffix":"BDI-content"}},"wdio_ui5_key":"sapm.Button{\"text\":\"Close\"}"}]}
RESULT: {"script":"<script> [1562 bytes]","args":[{"selector":{"controlType":"sap.m.Button","properties":{"text":"Close"},"searchOpenDialogs":true,"interaction":{"idSuffix":"BDI-content"}},"wdio_ui5_key":"sapm.Button{\"text\":\"Close\"}"}]}
RESULT: undefined
COMMAND: POST /session/c52f3edd894b3289261c0762f3735e7d/element - {"using":"xpath","value":"//*[@id=\"__mbox-btn-0\"]"}
RESULT: {"using":"xpath","value":"//*[@id=\"__mbox-btn-0\"]"}
COMMAND: POST /session/c52f3edd894b3289261c0762f3735e7d/element/f.00CEB3DD14B2376F96DB663D79287A8F.d.8E53822CFB7232A1F4C07566E0194F79.e.9661/click - {}
RESULT: {}
COMMAND: GET /session/c52f3edd894b3289261c0762f3735e7d/screenshot - {}
RESULT: {}
]]></system-out>
    </testcase>
    <testcase classname="chrome.136_0_7103_93.windows.Reserve/Unreserve_request_item_via_reserve_option_US139161" name="Should navigate to planning board and reserve the resource" time="106.49">
      <system-out><![CDATA[
COMMAND: POST /session/c52f3edd894b3289261c0762f3735e7d/execute/async - {"script":"<script> [1562 bytes]","args":[{"selector":{"controlType":"sap.m.Button","viewName":"etm.portal.ui.managerequests.view.Detail","i18NText":{"propertyName":"text","key":"planningSituation"},"interaction":{"idSuffix":"BDI-content"}},"wdio_ui5_key":"etmportal.ui.managerequests.view.Detailsap.m.Button{\"propertyName\":\"text\",\"key\":\"planningSituation\"}"}]}
RESULT: {"script":"<script> [1562 bytes]","args":[{"selector":{"controlType":"sap.m.Button","viewName":"etm.portal.ui.managerequests.view.Detail","i18NText":{"propertyName":"text","key":"planningSituation"},"interaction":{"idSuffix":"BDI-content"}},"wdio_ui5_key":"etmportal.ui.managerequests.view.Detailsap.m.Button{\"propertyName\":\"text\",\"key\":\"planningSituation\"}"}]}
RESULT: undefined
COMMAND: POST /session/c52f3edd894b3289261c0762f3735e7d/element - {"using":"xpath","value":"//*[@id=\"__button27\"]"}
RESULT: {"using":"xpath","value":"//*[@id=\"__button27\"]"}
COMMAND: POST /session/c52f3edd894b3289261c0762f3735e7d/element/f.00CEB3DD14B2376F96DB663D79287A8F.d.8E53822CFB7232A1F4C07566E0194F79.e.9687/click - {}
RESULT: {}
COMMAND: GET /session/c52f3edd894b3289261c0762f3735e7d/screenshot - {}
RESULT: {}
COMMAND: POST /session/c52f3edd894b3289261c0762f3735e7d/element - {"using":"xpath","value":"(//span[contains(@title ,\"WebdriverYard13qkk\")])[1]"}
RESULT: {"using":"xpath","value":"(//span[contains(@title ,\"WebdriverYard13qkk\")])[1]"}
COMMAND: POST /session/c52f3edd894b3289261c0762f3735e7d/elements - {"using":"xpath","value":"(//span[contains(@title ,\"WebdriverYard13qkk\")])[1]"}
RESULT: {"using":"xpath","value":"(//span[contains(@title ,\"WebdriverYard13qkk\")])[1]"}
COMMAND: POST /session/c52f3edd894b3289261c0762f3735e7d/elements - {"using":"xpath","value":"(//span[contains(@title ,\"WebdriverYard13qkk\")])[1]"}
RESULT: {"using":"xpath","value":"(//span[contains(@title ,\"WebdriverYard13qkk\")])[1]"}
COMMAND: POST /session/c52f3edd894b3289261c0762f3735e7d/elements - {"using":"xpath","value":"(//span[contains(@title ,\"WebdriverYard13qkk\")])[1]"}
RESULT: {"using":"xpath","value":"(//span[contains(@title ,\"WebdriverYard13qkk\")])[1]"}
COMMAND: POST /session/c52f3edd894b3289261c0762f3735e7d/elements - {"using":"xpath","value":"(//span[contains(@title ,\"WebdriverYard13qkk\")])[1]"}
RESULT: {"using":"xpath","value":"(//span[contains(@title ,\"WebdriverYard13qkk\")])[1]"}
COMMAND: POST /session/c52f3edd894b3289261c0762f3735e7d/elements - {"using":"xpath","value":"(//span[contains(@title ,\"WebdriverYard13qkk\")])[1]"}
RESULT: {"using":"xpath","value":"(//span[contains(@title ,\"WebdriverYard13qkk\")])[1]"}
COMMAND: POST /session/c52f3edd894b3289261c0762f3735e7d/elements - {"using":"xpath","value":"(//span[contains(@title ,\"WebdriverYard13qkk\")])[1]"}
RESULT: {"using":"xpath","value":"(//span[contains(@title ,\"WebdriverYard13qkk\")])[1]"}
COMMAND: POST /session/c52f3edd894b3289261c0762f3735e7d/elements - {"using":"xpath","value":"(//span[contains(@title ,\"WebdriverYard13qkk\")])[1]"}
RESULT: {"using":"xpath","value":"(//span[contains(@title ,\"WebdriverYard13qkk\")])[1]"}
COMMAND: POST /session/c52f3edd894b3289261c0762f3735e7d/elements - {"using":"xpath","value":"(//span[contains(@title ,\"WebdriverYard13qkk\")])[1]"}
RESULT: {"using":"xpath","value":"(//span[contains(@title ,\"WebdriverYard13qkk\")])[1]"}
COMMAND: POST /session/c52f3edd894b3289261c0762f3735e7d/elements - {"using":"xpath","value":"(//span[contains(@title ,\"WebdriverYard13qkk\")])[1]"}
RESULT: {"using":"xpath","value":"(//span[contains(@title ,\"WebdriverYard13qkk\")])[1]"}
COMMAND: POST /session/c52f3edd894b3289261c0762f3735e7d/elements - {"using":"xpath","value":"(//span[contains(@title ,\"WebdriverYard13qkk\")])[1]"}
RESULT: {"using":"xpath","value":"(//span[contains(@title ,\"WebdriverYard13qkk\")])[1]"}
COMMAND: POST /session/c52f3edd894b3289261c0762f3735e7d/elements - {"using":"xpath","value":"(//span[contains(@title ,\"WebdriverYard13qkk\")])[1]"}
RESULT: {"using":"xpath","value":"(//span[contains(@title ,\"WebdriverYard13qkk\")])[1]"}
COMMAND: POST /session/c52f3edd894b3289261c0762f3735e7d/elements - {"using":"xpath","value":"(//span[contains(@title ,\"WebdriverYard13qkk\")])[1]"}
RESULT: {"using":"xpath","value":"(//span[contains(@title ,\"WebdriverYard13qkk\")])[1]"}
COMMAND: POST /session/c52f3edd894b3289261c0762f3735e7d/elements - {"using":"xpath","value":"(//span[contains(@title ,\"WebdriverYard13qkk\")])[1]"}
RESULT: {"using":"xpath","value":"(//span[contains(@title ,\"WebdriverYard13qkk\")])[1]"}
COMMAND: POST /session/c52f3edd894b3289261c0762f3735e7d/elements - {"using":"xpath","value":"(//span[contains(@title ,\"WebdriverYard13qkk\")])[1]"}
RESULT: {"using":"xpath","value":"(//span[contains(@title ,\"WebdriverYard13qkk\")])[1]"}
COMMAND: POST /session/c52f3edd894b3289261c0762f3735e7d/elements - {"using":"xpath","value":"(//span[contains(@title ,\"WebdriverYard13qkk\")])[1]"}
RESULT: {"using":"xpath","value":"(//span[contains(@title ,\"WebdriverYard13qkk\")])[1]"}
COMMAND: POST /session/c52f3edd894b3289261c0762f3735e7d/elements - {"using":"xpath","value":"(//span[contains(@title ,\"WebdriverYard13qkk\")])[1]"}
RESULT: {"using":"xpath","value":"(//span[contains(@title ,\"WebdriverYard13qkk\")])[1]"}
COMMAND: POST /session/c52f3edd894b3289261c0762f3735e7d/elements - {"using":"xpath","value":"(//span[contains(@title ,\"WebdriverYard13qkk\")])[1]"}
RESULT: {"using":"xpath","value":"(//span[contains(@title ,\"WebdriverYard13qkk\")])[1]"}
COMMAND: POST /session/c52f3edd894b3289261c0762f3735e7d/elements - {"using":"xpath","value":"(//span[contains(@title ,\"WebdriverYard13qkk\")])[1]"}
RESULT: {"using":"xpath","value":"(//span[contains(@title ,\"WebdriverYard13qkk\")])[1]"}
COMMAND: POST /session/c52f3edd894b3289261c0762f3735e7d/elements - {"using":"xpath","value":"(//span[contains(@title ,\"WebdriverYard13qkk\")])[1]"}
RESULT: {"using":"xpath","value":"(//span[contains(@title ,\"WebdriverYard13qkk\")])[1]"}
COMMAND: POST /session/c52f3edd894b3289261c0762f3735e7d/elements - {"using":"xpath","value":"(//span[contains(@title ,\"WebdriverYard13qkk\")])[1]"}
RESULT: {"using":"xpath","value":"(//span[contains(@title ,\"WebdriverYard13qkk\")])[1]"}
COMMAND: POST /session/c52f3edd894b3289261c0762f3735e7d/elements - {"using":"xpath","value":"(//span[contains(@title ,\"WebdriverYard13qkk\")])[1]"}
RESULT: {"using":"xpath","value":"(//span[contains(@title ,\"WebdriverYard13qkk\")])[1]"}
COMMAND: POST /session/c52f3edd894b3289261c0762f3735e7d/elements - {"using":"xpath","value":"(//span[contains(@title ,\"WebdriverYard13qkk\")])[1]"}
RESULT: {"using":"xpath","value":"(//span[contains(@title ,\"WebdriverYard13qkk\")])[1]"}
COMMAND: POST /session/c52f3edd894b3289261c0762f3735e7d/elements - {"using":"xpath","value":"(//span[contains(@title ,\"WebdriverYard13qkk\")])[1]"}
RESULT: {"using":"xpath","value":"(//span[contains(@title ,\"WebdriverYard13qkk\")])[1]"}
COMMAND: POST /session/c52f3edd894b3289261c0762f3735e7d/elements - {"using":"xpath","value":"(//span[contains(@title ,\"WebdriverYard13qkk\")])[1]"}
RESULT: {"using":"xpath","value":"(//span[contains(@title ,\"WebdriverYard13qkk\")])[1]"}
COMMAND: POST /session/c52f3edd894b3289261c0762f3735e7d/elements - {"using":"xpath","value":"(//span[contains(@title ,\"WebdriverYard13qkk\")])[1]"}
RESULT: {"using":"xpath","value":"(//span[contains(@title ,\"WebdriverYard13qkk\")])[1]"}
COMMAND: POST /session/c52f3edd894b3289261c0762f3735e7d/elements - {"using":"xpath","value":"(//span[contains(@title ,\"WebdriverYard13qkk\")])[1]"}
RESULT: {"using":"xpath","value":"(//span[contains(@title ,\"WebdriverYard13qkk\")])[1]"}
COMMAND: POST /session/c52f3edd894b3289261c0762f3735e7d/elements - {"using":"xpath","value":"(//span[contains(@title ,\"WebdriverYard13qkk\")])[1]"}
RESULT: {"using":"xpath","value":"(//span[contains(@title ,\"WebdriverYard13qkk\")])[1]"}
COMMAND: POST /session/c52f3edd894b3289261c0762f3735e7d/elements - {"using":"xpath","value":"(//span[contains(@title ,\"WebdriverYard13qkk\")])[1]"}
RESULT: {"using":"xpath","value":"(//span[contains(@title ,\"WebdriverYard13qkk\")])[1]"}
COMMAND: POST /session/c52f3edd894b3289261c0762f3735e7d/elements - {"using":"xpath","value":"(//span[contains(@title ,\"WebdriverYard13qkk\")])[1]"}
RESULT: {"using":"xpath","value":"(//span[contains(@title ,\"WebdriverYard13qkk\")])[1]"}
COMMAND: POST /session/c52f3edd894b3289261c0762f3735e7d/elements - {"using":"xpath","value":"(//span[contains(@title ,\"WebdriverYard13qkk\")])[1]"}
RESULT: {"using":"xpath","value":"(//span[contains(@title ,\"WebdriverYard13qkk\")])[1]"}
COMMAND: POST /session/c52f3edd894b3289261c0762f3735e7d/elements - {"using":"xpath","value":"(//span[contains(@title ,\"WebdriverYard13qkk\")])[1]"}
RESULT: {"using":"xpath","value":"(//span[contains(@title ,\"WebdriverYard13qkk\")])[1]"}
COMMAND: POST /session/c52f3edd894b3289261c0762f3735e7d/elements - {"using":"xpath","value":"(//span[contains(@title ,\"WebdriverYard13qkk\")])[1]"}
RESULT: {"using":"xpath","value":"(//span[contains(@title ,\"WebdriverYard13qkk\")])[1]"}
COMMAND: POST /session/c52f3edd894b3289261c0762f3735e7d/elements - {"using":"xpath","value":"(//span[contains(@title ,\"WebdriverYard13qkk\")])[1]"}
RESULT: {"using":"xpath","value":"(//span[contains(@title ,\"WebdriverYard13qkk\")])[1]"}
COMMAND: POST /session/c52f3edd894b3289261c0762f3735e7d/element - {"using":"xpath","value":"(//span[contains(@title ,\"WebdriverYard13qkk\")])[1]"}
RESULT: {"using":"xpath","value":"(//span[contains(@title ,\"WebdriverYard13qkk\")])[1]"}
COMMAND: POST /session/c52f3edd894b3289261c0762f3735e7d/execute/sync - {"script":"<script> [8489 bytes]","args":[{"element-6066-11e4-a52e-4f735466cecf":"f.00CEB3DD14B2376F96DB663D79287A8F.d.8E53822CFB7232A1F4C07566E0194F79.e.10086","ELEMENT":"f.00CEB3DD14B2376F96DB663D79287A8F.d.8E53822CFB7232A1F4C07566E0194F79.e.10086"}]}
RESULT: {"script":"<script> [8489 bytes]","args":[{"element-6066-11e4-a52e-4f735466cecf":"f.00CEB3DD14B2376F96DB663D79287A8F.d.8E53822CFB7232A1F4C07566E0194F79.e.10086","ELEMENT":"f.00CEB3DD14B2376F96DB663D79287A8F.d.8E53822CFB7232A1F4C07566E0194F79.e.10086"}]}
COMMAND: POST /session/c52f3edd894b3289261c0762f3735e7d/element - {"using":"xpath","value":"(//span[contains(@title ,\"WebdriverYard13qkk\")])[1]"}
COMMAND: GET /session/c52f3edd894b3289261c0762f3735e7d/screenshot - {}
RESULT: {"using":"xpath","value":"(//span[contains(@title ,\"WebdriverYard13qkk\")])[1]"}
COMMAND: POST /session/c52f3edd894b3289261c0762f3735e7d/actions - {"actions":[{"id":"action71","type":"pointer","parameters":{"pointerType":"mouse"},"actions":[{"type":"pointerMove","button":0,"width":0,"height":0,"pressure":0,"tangentialPressure":0,"tiltX":0,"tiltY":0,"twist":0,"altitudeAngle":0,"_":"5 more keys: [\"azimuthAngle\",\"x\",\"y\",\"duration\",\"origin\"]"},{"type":"pointerDown","button":2,"width":0,"height":0,"pressure":0,"tangentialPressure":0,"tiltX":0,"tiltY":0,"twist":0,"altitudeAngle":0,"_":"1 more keys: [\"azimuthAngle\"]"},{"type":"pointerUp","button":2}]}]}
RESULT: {}
RESULT: {"actions":[{"id":"action71","type":"pointer","parameters":{"pointerType":"mouse"},"actions":[{"type":"pointerMove","button":0,"width":0,"height":0,"pressure":0,"tangentialPressure":0,"tiltX":0,"tiltY":0,"twist":0,"altitudeAngle":0,"_":"5 more keys: [\"azimuthAngle\",\"x\",\"y\",\"duration\",\"origin\"]"},{"type":"pointerDown","button":2,"width":0,"height":0,"pressure":0,"tangentialPressure":0,"tiltX":0,"tiltY":0,"twist":0,"altitudeAngle":0,"_":"1 more keys: [\"azimuthAngle\"]"},{"type":"pointerUp","button":2}]}]}
COMMAND: DELETE /session/c52f3edd894b3289261c0762f3735e7d/actions - {}
COMMAND: GET /session/c52f3edd894b3289261c0762f3735e7d/screenshot - {}
RESULT: {}
COMMAND: GET /session/c52f3edd894b3289261c0762f3735e7d/screenshot - {}
RESULT: {}
RESULT: {}
COMMAND: POST /session/c52f3edd894b3289261c0762f3735e7d/actions - {"actions":[{"id":"action72","type":"key","parameters":{},"actions":[{"type":"keyDown","value":""},{"type":"pause","duration":10},{"type":"keyUp","value":""}]}]}
RESULT: {"actions":[{"id":"action72","type":"key","parameters":{},"actions":[{"type":"keyDown","value":""},{"type":"pause","duration":10},{"type":"keyUp","value":""}]}]}
COMMAND: GET /session/c52f3edd894b3289261c0762f3735e7d/screenshot - {}
RESULT: {}
COMMAND: POST /session/c52f3edd894b3289261c0762f3735e7d/actions - {"actions":[{"id":"action73","type":"key","parameters":{},"actions":[{"type":"keyDown","value":""},{"type":"pause","duration":10},{"type":"keyUp","value":""}]}]}
RESULT: {"actions":[{"id":"action73","type":"key","parameters":{},"actions":[{"type":"keyDown","value":""},{"type":"pause","duration":10},{"type":"keyUp","value":""}]}]}
COMMAND: GET /session/c52f3edd894b3289261c0762f3735e7d/screenshot - {}
RESULT: {}
COMMAND: POST /session/c52f3edd894b3289261c0762f3735e7d/execute/async - {"script":"<script> [1562 bytes]","args":[{"selector":{"id":"application-planningboard-display-component---pB_RequestHeader--RUreservationComment","searchOpenDialogs":true,"interaction":{"idSuffix":"inner"}},"wdio_ui5_key":"applicationplanningboard-display-component---pB_RequestHeader--RUreservationComment"}]}
RESULT: {"script":"<script> [1562 bytes]","args":[{"selector":{"id":"application-planningboard-display-component---pB_RequestHeader--RUreservationComment","searchOpenDialogs":true,"interaction":{"idSuffix":"inner"}},"wdio_ui5_key":"applicationplanningboard-display-component---pB_RequestHeader--RUreservationComment"}]}
RESULT: undefined
COMMAND: POST /session/c52f3edd894b3289261c0762f3735e7d/execute/async - {"script":"<script> [776 bytes]","args":[{"enterText":"WdIORes1lh9gm","selector":{"id":"application-planningboard-display-component---pB_RequestHeader--RUreservationComment","searchOpenDialogs":true,"interaction":{"idSuffix":"inner"}},"clearTextFirst":true,"interactionType":"ENTER_TEXT"}]}
RESULT: {"script":"<script> [776 bytes]","args":[{"enterText":"WdIORes1lh9gm","selector":{"id":"application-planningboard-display-component---pB_RequestHeader--RUreservationComment","searchOpenDialogs":true,"interaction":{"idSuffix":"inner"}},"clearTextFirst":true,"interactionType":"ENTER_TEXT"}]}
COMMAND: POST /session/c52f3edd894b3289261c0762f3735e7d/execute/async - {"script":"<script> [1562 bytes]","args":[{"selector":{"controlType":"sap.m.Button","viewName":"etm.portal.ui.planningboard.view.detail.RequestHeader","viewId":"application-planningboard-display-component---pB_RequestHeader","properties":{"text":"Ok"},"searchOpenDialogs":true,"interaction":{"idSuffix":"BDI-content"}},"wdio_ui5_key":"etmportal.ui.planningboard.view.detail.RequestHeadersap.m.Button{\"text\":\"Ok\"}"}]}
RESULT: {"script":"<script> [1562 bytes]","args":[{"selector":{"controlType":"sap.m.Button","viewName":"etm.portal.ui.planningboard.view.detail.RequestHeader","viewId":"application-planningboard-display-component---pB_RequestHeader","properties":{"text":"Ok"},"searchOpenDialogs":true,"interaction":{"idSuffix":"BDI-content"}},"wdio_ui5_key":"etmportal.ui.planningboard.view.detail.RequestHeadersap.m.Button{\"text\":\"Ok\"}"}]}
RESULT: undefined
COMMAND: POST /session/c52f3edd894b3289261c0762f3735e7d/element - {"using":"xpath","value":"//*[@id=\"__button192\"]"}
RESULT: {"using":"xpath","value":"//*[@id=\"__button192\"]"}
COMMAND: POST /session/c52f3edd894b3289261c0762f3735e7d/element/f.00CEB3DD14B2376F96DB663D79287A8F.d.8E53822CFB7232A1F4C07566E0194F79.e.10099/click - {}
RESULT: {}
COMMAND: GET /session/c52f3edd894b3289261c0762f3735e7d/screenshot - {}
RESULT: {}
COMMAND: POST /session/c52f3edd894b3289261c0762f3735e7d/element - {"using":"xpath","value":"//span[contains(@title ,\"WebdriverYard13qkk\")]"}
RESULT: {"using":"xpath","value":"//span[contains(@title ,\"WebdriverYard13qkk\")]"}
COMMAND: POST /session/c52f3edd894b3289261c0762f3735e7d/actions - {"actions":[{"id":"action74","type":"pointer","parameters":{"pointerType":"mouse"},"actions":[{"type":"pointerMove","button":0,"width":0,"height":0,"pressure":0,"tangentialPressure":0,"tiltX":0,"tiltY":0,"twist":0,"altitudeAngle":0,"_":"5 more keys: [\"azimuthAngle\",\"x\",\"y\",\"duration\",\"origin\"]"},{"type":"pointerDown","button":2,"width":0,"height":0,"pressure":0,"tangentialPressure":0,"tiltX":0,"tiltY":0,"twist":0,"altitudeAngle":0,"_":"1 more keys: [\"azimuthAngle\"]"},{"type":"pointerUp","button":2}]}]}
RESULT: {"actions":[{"id":"action74","type":"pointer","parameters":{"pointerType":"mouse"},"actions":[{"type":"pointerMove","button":0,"width":0,"height":0,"pressure":0,"tangentialPressure":0,"tiltX":0,"tiltY":0,"twist":0,"altitudeAngle":0,"_":"5 more keys: [\"azimuthAngle\",\"x\",\"y\",\"duration\",\"origin\"]"},{"type":"pointerDown","button":2,"width":0,"height":0,"pressure":0,"tangentialPressure":0,"tiltX":0,"tiltY":0,"twist":0,"altitudeAngle":0,"_":"1 more keys: [\"azimuthAngle\"]"},{"type":"pointerUp","button":2}]}]}
COMMAND: DELETE /session/c52f3edd894b3289261c0762f3735e7d/actions - {}
COMMAND: GET /session/c52f3edd894b3289261c0762f3735e7d/screenshot - {}
RESULT: {}
COMMAND: GET /session/c52f3edd894b3289261c0762f3735e7d/screenshot - {}
RESULT: {}
RESULT: {}
COMMAND: POST /session/c52f3edd894b3289261c0762f3735e7d/actions - {"actions":[{"id":"action75","type":"key","parameters":{},"actions":[{"type":"keyDown","value":""},{"type":"pause","duration":10},{"type":"keyUp","value":""}]}]}
RESULT: {"actions":[{"id":"action75","type":"key","parameters":{},"actions":[{"type":"keyDown","value":""},{"type":"pause","duration":10},{"type":"keyUp","value":""}]}]}
COMMAND: GET /session/c52f3edd894b3289261c0762f3735e7d/screenshot - {}
RESULT: {}
COMMAND: POST /session/c52f3edd894b3289261c0762f3735e7d/actions - {"actions":[{"id":"action76","type":"key","parameters":{},"actions":[{"type":"keyDown","value":""},{"type":"pause","duration":10},{"type":"keyUp","value":""}]}]}
RESULT: {"actions":[{"id":"action76","type":"key","parameters":{},"actions":[{"type":"keyDown","value":""},{"type":"pause","duration":10},{"type":"keyUp","value":""}]}]}
COMMAND: GET /session/c52f3edd894b3289261c0762f3735e7d/screenshot - {}
RESULT: {}
RESULT: undefined
COMMAND: POST /session/c52f3edd894b3289261c0762f3735e7d/execute/async - {"script":"<script> [776 bytes]","args":[{"enterText":"WdIORes22luqn","selector":{"id":"application-planningboard-display-component---pB_RequestHeader--RUreservationComment","searchOpenDialogs":true,"interaction":{"idSuffix":"inner"}},"clearTextFirst":true,"interactionType":"ENTER_TEXT"}]}
RESULT: {"script":"<script> [776 bytes]","args":[{"enterText":"WdIORes22luqn","selector":{"id":"application-planningboard-display-component---pB_RequestHeader--RUreservationComment","searchOpenDialogs":true,"interaction":{"idSuffix":"inner"}},"clearTextFirst":true,"interactionType":"ENTER_TEXT"}]}
RESULT: undefined
COMMAND: POST /session/c52f3edd894b3289261c0762f3735e7d/element - {"using":"xpath","value":"//*[@id=\"__button192\"]"}
RESULT: {"using":"xpath","value":"//*[@id=\"__button192\"]"}
COMMAND: POST /session/c52f3edd894b3289261c0762f3735e7d/element/f.00CEB3DD14B2376F96DB663D79287A8F.d.8E53822CFB7232A1F4C07566E0194F79.e.10176/click - {}
RESULT: {}
COMMAND: GET /session/c52f3edd894b3289261c0762f3735e7d/screenshot - {}
RESULT: {}
COMMAND: POST /session/c52f3edd894b3289261c0762f3735e7d/execute/async - {"script":"<script> [1562 bytes]","args":[{"selector":{"controlType":"sap.m.Button","viewName":"etm.portal.ui.planningboard.view.detail.RequestHeader","viewId":"application-planningboard-display-component---pB_RequestHeader","i18NText":{"propertyName":"text","key":"close"},"ancestor":{"id":"application-planningboard-display-component---pB_RequestHeader--requestItemDetails"},"interaction":{"idSuffix":"BDI-content"}},"wdio_ui5_key":"etmportal.ui.planningboard.view.detail.RequestHeadersap.m.Button{\"propertyName\":\"text\",\"key\":\"close\"}{\"id\":\"application-planningboard-display-component---pB_RequestHeader--requestItemDetails\"}"}]}
RESULT: {"script":"<script> [1562 bytes]","args":[{"selector":{"controlType":"sap.m.Button","viewName":"etm.portal.ui.planningboard.view.detail.RequestHeader","viewId":"application-planningboard-display-component---pB_RequestHeader","i18NText":{"propertyName":"text","key":"close"},"ancestor":{"id":"application-planningboard-display-component---pB_RequestHeader--requestItemDetails"},"interaction":{"idSuffix":"BDI-content"}},"wdio_ui5_key":"etmportal.ui.planningboard.view.detail.RequestHeadersap.m.Button{\"propertyName\":\"text\",\"key\":\"close\"}{\"id\":\"application-planningboard-display-component---pB_RequestHeader--requestItemDetails\"}"}]}
RESULT: undefined
COMMAND: POST /session/c52f3edd894b3289261c0762f3735e7d/element - {"using":"xpath","value":"//*[@id=\"__button68\"]"}
RESULT: {"using":"xpath","value":"//*[@id=\"__button68\"]"}
COMMAND: POST /session/c52f3edd894b3289261c0762f3735e7d/element/f.00CEB3DD14B2376F96DB663D79287A8F.d.8E53822CFB7232A1F4C07566E0194F79.e.9966/click - {}
RESULT: {}
COMMAND: GET /session/c52f3edd894b3289261c0762f3735e7d/screenshot - {}
RESULT: {}
COMMAND: POST /session/c52f3edd894b3289261c0762f3735e7d/execute/async - {"script":"<script> [1562 bytes]","args":[{"selector":{"id":"application-planningboard-display-component---pB_Master--selectView","interaction":{"idSuffix":"arrow"}},"wdio_ui5_key":"applicationplanningboard-display-component---pB_Master--selectView"}]}
RESULT: {"script":"<script> [1562 bytes]","args":[{"selector":{"id":"application-planningboard-display-component---pB_Master--selectView","interaction":{"idSuffix":"arrow"}},"wdio_ui5_key":"applicationplanningboard-display-component---pB_Master--selectView"}]}
RESULT: undefined
COMMAND: POST /session/c52f3edd894b3289261c0762f3735e7d/element - {"using":"xpath","value":"//*[@id=\"application-planningboard-display-component---pB_Master--selectView\"]"}
RESULT: {"using":"xpath","value":"//*[@id=\"application-planningboard-display-component---pB_Master--selectView\"]"}
COMMAND: POST /session/c52f3edd894b3289261c0762f3735e7d/element/f.00CEB3DD14B2376F96DB663D79287A8F.d.8E53822CFB7232A1F4C07566E0194F79.e.10332/click - {}
RESULT: {}
COMMAND: GET /session/c52f3edd894b3289261c0762f3735e7d/screenshot - {}
RESULT: {}
COMMAND: POST /session/c52f3edd894b3289261c0762f3735e7d/execute/async - {"script":"<script> [1562 bytes]","args":[{"selector":{"controlType":"sap.ui.core.Item","viewName":"etm.portal.ui.planningboard.view.Master","viewId":"application-planningboard-display-component---pB_Master","i18NText":{"propertyName":"text","key":"manageReservations"},"searchOpenDialogs":true},"wdio_ui5_key":"etmportal.ui.planningboard.view.Mastersap.ui.core.Item{\"propertyName\":\"text\",\"key\":\"manageReservations\"}"}]}
RESULT: {"script":"<script> [1562 bytes]","args":[{"selector":{"controlType":"sap.ui.core.Item","viewName":"etm.portal.ui.planningboard.view.Master","viewId":"application-planningboard-display-component---pB_Master","i18NText":{"propertyName":"text","key":"manageReservations"},"searchOpenDialogs":true},"wdio_ui5_key":"etmportal.ui.planningboard.view.Mastersap.ui.core.Item{\"propertyName\":\"text\",\"key\":\"manageReservations\"}"}]}
RESULT: undefined
COMMAND: POST /session/c52f3edd894b3289261c0762f3735e7d/element - {"using":"xpath","value":"//*[@id=\"__item505\"]"}
RESULT: {"using":"xpath","value":"//*[@id=\"__item505\"]"}
COMMAND: POST /session/c52f3edd894b3289261c0762f3735e7d/element/f.00CEB3DD14B2376F96DB663D79287A8F.d.8E53822CFB7232A1F4C07566E0194F79.e.10335/click - {}
RESULT: {}
COMMAND: GET /session/c52f3edd894b3289261c0762f3735e7d/screenshot - {}
RESULT: {}
COMMAND: POST /session/c52f3edd894b3289261c0762f3735e7d/element - {"using":"xpath","value":"//span[contains(@id ,\"clone\")][contains(text(), \"WdIORes1lh9gm\")]"}
RESULT: {"using":"xpath","value":"//span[contains(@id ,\"clone\")][contains(text(), \"WdIORes1lh9gm\")]"}
COMMAND: GET /session/c52f3edd894b3289261c0762f3735e7d/element/f.00CEB3DD14B2376F96DB663D79287A8F.d.8E53822CFB7232A1F4C07566E0194F79.e.10351/text - {}
RESULT: {}
COMMAND: POST /session/c52f3edd894b3289261c0762f3735e7d/element - {"using":"xpath","value":"//span[contains(@id ,\"clone\")][contains(text(), \"WdIORes22luqn\")]"}
RESULT: {"using":"xpath","value":"//span[contains(@id ,\"clone\")][contains(text(), \"WdIORes22luqn\")]"}
COMMAND: POST /session/c52f3edd894b3289261c0762f3735e7d/element/f.00CEB3DD14B2376F96DB663D79287A8F.d.8E53822CFB7232A1F4C07566E0194F79.e.10352/click - {}
RESULT: {}
COMMAND: GET /session/c52f3edd894b3289261c0762f3735e7d/screenshot - {}
RESULT: {}
COMMAND: POST /session/c52f3edd894b3289261c0762f3735e7d/actions - {"actions":[{"id":"action77","type":"key","parameters":{},"actions":[{"type":"keyDown","value":""},{"type":"pause","duration":10},{"type":"keyUp","value":""}]}]}
RESULT: {"actions":[{"id":"action77","type":"key","parameters":{},"actions":[{"type":"keyDown","value":""},{"type":"pause","duration":10},{"type":"keyUp","value":""}]}]}
COMMAND: GET /session/c52f3edd894b3289261c0762f3735e7d/screenshot - {}
RESULT: {}
COMMAND: POST /session/c52f3edd894b3289261c0762f3735e7d/execute/async - {"script":"<script> [1562 bytes]","args":[{"selector":{"controlType":"sap.m.Button","viewName":"etm.portal.ui.planningboard.view.detail.Planning","viewId":"application-planningboard-display-component---pB_Planning","i18NText":{"propertyName":"text","key":"unplan"},"interaction":{"idSuffix":"BDI-content"}},"wdio_ui5_key":"etmportal.ui.planningboard.view.detail.Planningsap.m.Button{\"propertyName\":\"text\",\"key\":\"unplan\"}"}]}
RESULT: {"script":"<script> [1562 bytes]","args":[{"selector":{"controlType":"sap.m.Button","viewName":"etm.portal.ui.planningboard.view.detail.Planning","viewId":"application-planningboard-display-component---pB_Planning","i18NText":{"propertyName":"text","key":"unplan"},"interaction":{"idSuffix":"BDI-content"}},"wdio_ui5_key":"etmportal.ui.planningboard.view.detail.Planningsap.m.Button{\"propertyName\":\"text\",\"key\":\"unplan\"}"}]}
RESULT: undefined
COMMAND: POST /session/c52f3edd894b3289261c0762f3735e7d/element - {"using":"xpath","value":"//*[@id=\"__button258\"]"}
RESULT: {"using":"xpath","value":"//*[@id=\"__button258\"]"}
COMMAND: POST /session/c52f3edd894b3289261c0762f3735e7d/element/f.00CEB3DD14B2376F96DB663D79287A8F.d.8E53822CFB7232A1F4C07566E0194F79.e.10386/click - {}
RESULT: {}
COMMAND: GET /session/c52f3edd894b3289261c0762f3735e7d/screenshot - {}
RESULT: {}
COMMAND: POST /session/c52f3edd894b3289261c0762f3735e7d/element - {"using":"xpath","value":"//span[contains(@id ,\"clone\")][contains(text(), \"WdIORes22luqn\")]"}
RESULT: {"using":"xpath","value":"//span[contains(@id ,\"clone\")][contains(text(), \"WdIORes22luqn\")]"}
COMMAND: POST /session/c52f3edd894b3289261c0762f3735e7d/element - {"using":"xpath","value":"//span[contains(@id ,\"clone\")][contains(text(), \"WdIORes22luqn\")]"}
RESULT: {"using":"xpath","value":"//span[contains(@id ,\"clone\")][contains(text(), \"WdIORes22luqn\")]"}
COMMAND: POST /session/c52f3edd894b3289261c0762f3735e7d/element - {"using":"xpath","value":"//span[contains(@id ,\"clone\")][contains(text(), \"WdIORes1lh9gm\")]"}
RESULT: {"using":"xpath","value":"//span[contains(@id ,\"clone\")][contains(text(), \"WdIORes1lh9gm\")]"}
COMMAND: POST /session/c52f3edd894b3289261c0762f3735e7d/element/f.00CEB3DD14B2376F96DB663D79287A8F.d.8E53822CFB7232A1F4C07566E0194F79.e.10450/click - {}
RESULT: {}
COMMAND: GET /session/c52f3edd894b3289261c0762f3735e7d/screenshot - {}
RESULT: {}
COMMAND: POST /session/c52f3edd894b3289261c0762f3735e7d/actions - {"actions":[{"id":"action78","type":"key","parameters":{},"actions":[{"type":"keyDown","value":""},{"type":"pause","duration":10},{"type":"keyUp","value":""}]}]}
RESULT: {"actions":[{"id":"action78","type":"key","parameters":{},"actions":[{"type":"keyDown","value":""},{"type":"pause","duration":10},{"type":"keyUp","value":""}]}]}
COMMAND: GET /session/c52f3edd894b3289261c0762f3735e7d/screenshot - {}
RESULT: {}
]]></system-out>
    </testcase>
  </testsuite>
  <testsuite timestamp="2025-05-25T16:12:06" time="31.028" tests="1" failures="0" errors="0" skipped="0">
    <properties>
      <property name="specId" value="0"/>
      <property name="suiteName" value="Reserve/Unreserve request item via reserve option US139161"/>
      <property name="capabilities" value="chrome.136_0_7103_93.windows"/>
      <property name="file" value="file:///D:/a/1/s/test/specs/R2C/manage-reservations-view-planning-board.spec.js"/>
    </properties>
    <testcase classname="chrome.136_0_7103_93.windows.Reserve/Unreserve_request_item_via_reserve_option_US139161" name="Should open a reservation to verify and edit the details" time="31.026">
      <system-out><![CDATA[
COMMAND: POST /session/c52f3edd894b3289261c0762f3735e7d/element - {"using":"xpath","value":"//button[contains(@data-kt, \"editButton\")]"}
RESULT: {"using":"xpath","value":"//button[contains(@data-kt, \"editButton\")]"}
COMMAND: POST /session/c52f3edd894b3289261c0762f3735e7d/execute/sync - {"script":"<script> [8489 bytes]","args":[{"element-6066-11e4-a52e-4f735466cecf":"f.00CEB3DD14B2376F96DB663D79287A8F.d.8E53822CFB7232A1F4C07566E0194F79.e.10503","ELEMENT":"f.00CEB3DD14B2376F96DB663D79287A8F.d.8E53822CFB7232A1F4C07566E0194F79.e.10503"}]}
RESULT: {"script":"<script> [8489 bytes]","args":[{"element-6066-11e4-a52e-4f735466cecf":"f.00CEB3DD14B2376F96DB663D79287A8F.d.8E53822CFB7232A1F4C07566E0194F79.e.10503","ELEMENT":"f.00CEB3DD14B2376F96DB663D79287A8F.d.8E53822CFB7232A1F4C07566E0194F79.e.10503"}]}
COMMAND: POST /session/c52f3edd894b3289261c0762f3735e7d/element - {"using":"xpath","value":"//button[contains(@data-kt, \"unplanButton\")]"}
COMMAND: GET /session/c52f3edd894b3289261c0762f3735e7d/screenshot - {}
RESULT: {"using":"xpath","value":"//button[contains(@data-kt, \"unplanButton\")]"}
COMMAND: POST /session/c52f3edd894b3289261c0762f3735e7d/execute/sync - {"script":"<script> [8489 bytes]","args":[{"element-6066-11e4-a52e-4f735466cecf":"f.00CEB3DD14B2376F96DB663D79287A8F.d.8E53822CFB7232A1F4C07566E0194F79.e.10505","ELEMENT":"f.00CEB3DD14B2376F96DB663D79287A8F.d.8E53822CFB7232A1F4C07566E0194F79.e.10505"}]}
RESULT: {}
RESULT: {"script":"<script> [8489 bytes]","args":[{"element-6066-11e4-a52e-4f735466cecf":"f.00CEB3DD14B2376F96DB663D79287A8F.d.8E53822CFB7232A1F4C07566E0194F79.e.10505","ELEMENT":"f.00CEB3DD14B2376F96DB663D79287A8F.d.8E53822CFB7232A1F4C07566E0194F79.e.10505"}]}
COMMAND: POST /session/c52f3edd894b3289261c0762f3735e7d/element - {"using":"xpath","value":"//button[contains(@data-kt, \"editButton\")]"}
COMMAND: GET /session/c52f3edd894b3289261c0762f3735e7d/screenshot - {}
RESULT: {"using":"xpath","value":"//button[contains(@data-kt, \"editButton\")]"}
COMMAND: POST /session/c52f3edd894b3289261c0762f3735e7d/element/f.00CEB3DD14B2376F96DB663D79287A8F.d.8E53822CFB7232A1F4C07566E0194F79.e.10503/click - {}
RESULT: {}
RESULT: {}
COMMAND: POST /session/c52f3edd894b3289261c0762f3735e7d/element - {"using":"xpath","value":"(//input[contains(@id ,\"picker\")][contains(@aria-roledescription ,\"Date Input\")])[4]"}
COMMAND: GET /session/c52f3edd894b3289261c0762f3735e7d/screenshot - {}
RESULT: {"using":"xpath","value":"(//input[contains(@id ,\"picker\")][contains(@aria-roledescription ,\"Date Input\")])[4]"}
COMMAND: POST /session/c52f3edd894b3289261c0762f3735e7d/element/f.00CEB3DD14B2376F96DB663D79287A8F.d.8E53822CFB7232A1F4C07566E0194F79.e.10472/clear - {}
RESULT: {}
RESULT: {}
COMMAND: POST /session/c52f3edd894b3289261c0762f3735e7d/element/f.00CEB3DD14B2376F96DB663D79287A8F.d.8E53822CFB7232A1F4C07566E0194F79.e.10472/value - {"text":"5/27/25"}
COMMAND: GET /session/c52f3edd894b3289261c0762f3735e7d/screenshot - {}
RESULT: {"text":"5/27/25"}
COMMAND: GET /session/c52f3edd894b3289261c0762f3735e7d/screenshot - {}
RESULT: {}
RESULT: {}
COMMAND: POST /session/c52f3edd894b3289261c0762f3735e7d/element - {"using":"xpath","value":"//bdi[contains(text(), \"Save\")]"}
RESULT: {"using":"xpath","value":"//bdi[contains(text(), \"Save\")]"}
COMMAND: POST /session/c52f3edd894b3289261c0762f3735e7d/element/f.00CEB3DD14B2376F96DB663D79287A8F.d.8E53822CFB7232A1F4C07566E0194F79.e.10527/click - {}
RESULT: {}
COMMAND: GET /session/c52f3edd894b3289261c0762f3735e7d/screenshot - {}
RESULT: {}
COMMAND: POST /session/c52f3edd894b3289261c0762f3735e7d/element - {"using":"xpath","value":"(//input[contains(@id ,\"picker\")][contains(@aria-roledescription ,\"Date Input\")])[4]"}
RESULT: {"using":"xpath","value":"(//input[contains(@id ,\"picker\")][contains(@aria-roledescription ,\"Date Input\")])[4]"}
COMMAND: GET /session/c52f3edd894b3289261c0762f3735e7d/element/f.00CEB3DD14B2376F96DB663D79287A8F.d.8E53822CFB7232A1F4C07566E0194F79.e.10472/property/value - {}
RESULT: {}
COMMAND: GET /session/c52f3edd894b3289261c0762f3735e7d/screenshot - {}
RESULT: {}
COMMAND: POST /session/c52f3edd894b3289261c0762f3735e7d/element - {"using":"xpath","value":"//bdi[contains(text(), \"Unplan\")]"}
RESULT: {"using":"xpath","value":"//bdi[contains(text(), \"Unplan\")]"}
COMMAND: POST /session/c52f3edd894b3289261c0762f3735e7d/element/f.00CEB3DD14B2376F96DB663D79287A8F.d.8E53822CFB7232A1F4C07566E0194F79.e.10539/click - {}
RESULT: {}
COMMAND: GET /session/c52f3edd894b3289261c0762f3735e7d/screenshot - {}
RESULT: {}
COMMAND: POST /session/c52f3edd894b3289261c0762f3735e7d/element - {"using":"css selector","value":"#shell-header-logo"}
RESULT: {"using":"css selector","value":"#shell-header-logo"}
COMMAND: POST /session/c52f3edd894b3289261c0762f3735e7d/element/f.00CEB3DD14B2376F96DB663D79287A8F.d.8E53822CFB7232A1F4C07566E0194F79.e.9234/click - {}
RESULT: {}
COMMAND: GET /session/c52f3edd894b3289261c0762f3735e7d/screenshot - {}
RESULT: {}
]]></system-out>
    </testcase>
  </testsuite>
  <testsuite timestamp="2025-05-25T16:12:37" time="464.772" tests="4" failures="0" errors="0" skipped="0">
    <properties>
      <property name="specId" value="0"/>
      <property name="suiteName" value="Process request items into an existing quotation US120163"/>
      <property name="capabilities" value="chrome.136_0_7103_93.windows"/>
      <property name="file" value="file:///D:/a/1/s/test/specs/R2C/process-request-items-into-existing-quotation.spec.js"/>
    </properties>
    <testcase classname="chrome.136_0_7103_93.windows.Process_request_items_into_an_existing_quotation_US120163" name="Should create a new quotation" time="101.56">
      <system-out><![CDATA[
COMMAND: POST /session/c52f3edd894b3289261c0762f3735e7d/execute/async - {"script":"<script> [1562 bytes]","args":[{"selector":{"controlType":"sap.m.GenericTile","properties":{"header":"Manage Quotations"}},"wdio_ui5_key":"sapm.GenericTile{\"header\":\"Manage Quotations\"}"}]}
RESULT: {"script":"<script> [1562 bytes]","args":[{"selector":{"controlType":"sap.m.GenericTile","properties":{"header":"Manage Quotations"}},"wdio_ui5_key":"sapm.GenericTile{\"header\":\"Manage Quotations\"}"}]}
RESULT: undefined
COMMAND: POST /session/c52f3edd894b3289261c0762f3735e7d/element - {"using":"xpath","value":"//*[@id=\"__tile131\"]"}
RESULT: {"using":"xpath","value":"//*[@id=\"__tile131\"]"}
COMMAND: POST /session/c52f3edd894b3289261c0762f3735e7d/element/f.00CEB3DD14B2376F96DB663D79287A8F.d.8E53822CFB7232A1F4C07566E0194F79.e.10592/click - {}
RESULT: {}
COMMAND: GET /session/c52f3edd894b3289261c0762f3735e7d/screenshot - {}
RESULT: {}
COMMAND: POST /session/c52f3edd894b3289261c0762f3735e7d/elements - {"using":"xpath","value":"//span[text()='Error']"}
RESULT: {"using":"xpath","value":"//span[text()='Error']"}
COMMAND: POST /session/c52f3edd894b3289261c0762f3735e7d/element - {"using":"xpath","value":"//button[contains(@title ,\"Add New Contract\")]"}
RESULT: {"using":"xpath","value":"//button[contains(@title ,\"Add New Contract\")]"}
COMMAND: POST /session/c52f3edd894b3289261c0762f3735e7d/element/f.00CEB3DD14B2376F96DB663D79287A8F.d.8E53822CFB7232A1F4C07566E0194F79.e.10632/click - {}
RESULT: {}
COMMAND: GET /session/c52f3edd894b3289261c0762f3735e7d/screenshot - {}
RESULT: {}
COMMAND: POST /session/c52f3edd894b3289261c0762f3735e7d/element - {"using":"xpath","value":"//input[contains(@id ,\"application-managequotations-display-component---AddNewContract--projectDescription-inner\")]"}
RESULT: {"using":"xpath","value":"//input[contains(@id ,\"application-managequotations-display-component---AddNewContract--projectDescription-inner\")]"}
COMMAND: POST /session/c52f3edd894b3289261c0762f3735e7d/element/f.00CEB3DD14B2376F96DB663D79287A8F.d.8E53822CFB7232A1F4C07566E0194F79.e.10894/value - {"text":"WdIOQuotationeabcl"}
RESULT: {"text":"WdIOQuotationeabcl"}
COMMAND: GET /session/c52f3edd894b3289261c0762f3735e7d/screenshot - {}
RESULT: {}
COMMAND: POST /session/c52f3edd894b3289261c0762f3735e7d/element - {"using":"xpath","value":"//input[contains(@id ,\"application-managequotations-display-component---AddNewContract--yardId-inner\")]"}
RESULT: {"using":"xpath","value":"//input[contains(@id ,\"application-managequotations-display-component---AddNewContract--yardId-inner\")]"}
COMMAND: POST /session/c52f3edd894b3289261c0762f3735e7d/element/f.00CEB3DD14B2376F96DB663D79287A8F.d.8E53822CFB7232A1F4C07566E0194F79.e.10897/value - {"text":"WebdriverYard13qkk"}
RESULT: {"text":"WebdriverYard13qkk"}
COMMAND: GET /session/c52f3edd894b3289261c0762f3735e7d/screenshot - {}
RESULT: {}
COMMAND: POST /session/c52f3edd894b3289261c0762f3735e7d/actions - {"actions":[{"id":"action79","type":"key","parameters":{},"actions":[{"type":"keyDown","value":""},{"type":"pause","duration":10},{"type":"keyUp","value":""}]}]}
RESULT: {"actions":[{"id":"action79","type":"key","parameters":{},"actions":[{"type":"keyDown","value":""},{"type":"pause","duration":10},{"type":"keyUp","value":""}]}]}
COMMAND: GET /session/c52f3edd894b3289261c0762f3735e7d/screenshot - {}
RESULT: {}
COMMAND: POST /session/c52f3edd894b3289261c0762f3735e7d/element - {"using":"xpath","value":"//input[contains(@id ,\"application-managequotations-display-component---AddNewContract--customerSelect-inner\")]"}
RESULT: {"using":"xpath","value":"//input[contains(@id ,\"application-managequotations-display-component---AddNewContract--customerSelect-inner\")]"}
COMMAND: POST /session/c52f3edd894b3289261c0762f3735e7d/element/f.00CEB3DD14B2376F96DB663D79287A8F.d.8E53822CFB7232A1F4C07566E0194F79.e.10895/value - {"text":"WebdriverPartnerhszcf"}
RESULT: {"text":"WebdriverPartnerhszcf"}
COMMAND: GET /session/c52f3edd894b3289261c0762f3735e7d/screenshot - {}
RESULT: {}
COMMAND: POST /session/c52f3edd894b3289261c0762f3735e7d/actions - {"actions":[{"id":"action80","type":"key","parameters":{},"actions":[{"type":"keyDown","value":""},{"type":"pause","duration":10},{"type":"keyUp","value":""}]}]}
RESULT: {"actions":[{"id":"action80","type":"key","parameters":{},"actions":[{"type":"keyDown","value":""},{"type":"pause","duration":10},{"type":"keyUp","value":""}]}]}
COMMAND: GET /session/c52f3edd894b3289261c0762f3735e7d/screenshot - {}
RESULT: {}
COMMAND: POST /session/c52f3edd894b3289261c0762f3735e7d/element - {"using":"xpath","value":"//input[contains(@id ,\"application-managequotations-display-component---AddNewContract--site-inner\")]"}
RESULT: {"using":"xpath","value":"//input[contains(@id ,\"application-managequotations-display-component---AddNewContract--site-inner\")]"}
COMMAND: POST /session/c52f3edd894b3289261c0762f3735e7d/element/f.00CEB3DD14B2376F96DB663D79287A8F.d.8E53822CFB7232A1F4C07566E0194F79.e.10896/value - {"text":"WebdriverSitept89b"}
RESULT: {"text":"WebdriverSitept89b"}
COMMAND: GET /session/c52f3edd894b3289261c0762f3735e7d/screenshot - {}
RESULT: {}
COMMAND: POST /session/c52f3edd894b3289261c0762f3735e7d/actions - {"actions":[{"id":"action81","type":"key","parameters":{},"actions":[{"type":"keyDown","value":""},{"type":"pause","duration":10},{"type":"keyUp","value":""}]}]}
RESULT: {"actions":[{"id":"action81","type":"key","parameters":{},"actions":[{"type":"keyDown","value":""},{"type":"pause","duration":10},{"type":"keyUp","value":""}]}]}
COMMAND: GET /session/c52f3edd894b3289261c0762f3735e7d/screenshot - {}
RESULT: {}
COMMAND: POST /session/c52f3edd894b3289261c0762f3735e7d/element - {"using":"xpath","value":"//bdi[contains(text(), \"Save\")]"}
RESULT: {"using":"xpath","value":"//bdi[contains(text(), \"Save\")]"}
COMMAND: POST /session/c52f3edd894b3289261c0762f3735e7d/element/f.00CEB3DD14B2376F96DB663D79287A8F.d.8E53822CFB7232A1F4C07566E0194F79.e.10988/click - {}
RESULT: {}
COMMAND: GET /session/c52f3edd894b3289261c0762f3735e7d/screenshot - {}
RESULT: {}
COMMAND: POST /session/c52f3edd894b3289261c0762f3735e7d/element - {"using":"css selector","value":"#shell-header-logo"}
RESULT: {"using":"css selector","value":"#shell-header-logo"}
COMMAND: POST /session/c52f3edd894b3289261c0762f3735e7d/element/f.00CEB3DD14B2376F96DB663D79287A8F.d.8E53822CFB7232A1F4C07566E0194F79.e.10594/click - {}
RESULT: {}
COMMAND: GET /session/c52f3edd894b3289261c0762f3735e7d/screenshot - {}
RESULT: {}
COMMAND: POST /session/c52f3edd894b3289261c0762f3735e7d/refresh - {}
RESULT: {}
COMMAND: GET /session/c52f3edd894b3289261c0762f3735e7d/screenshot - {}
RESULT: {}
COMMAND: POST /session/c52f3edd894b3289261c0762f3735e7d/execute/async - {"script":"<script> [189 bytes]","args":[]}
RESULT: {"script":"<script> [189 bytes]","args":[]}
COMMAND: POST /session/c52f3edd894b3289261c0762f3735e7d/execute/async - {"script":"<script> [123 bytes]","args":[]}
RESULT: {"script":"<script> [123 bytes]","args":[]}
COMMAND: POST /session/c52f3edd894b3289261c0762f3735e7d/timeouts - {"script":"<number>"}
RESULT: {"script":"<number>"}
COMMAND: GET /session/c52f3edd894b3289261c0762f3735e7d/timeouts - {}
RESULT: {}
RESULT: undefined
COMMAND: POST /session/c52f3edd894b3289261c0762f3735e7d/execute/async - {"script":"<script> [2676 bytes]","args":[]}
RESULT: {"script":"<script> [2676 bytes]","args":[]}
COMMAND: POST /session/c52f3edd894b3289261c0762f3735e7d/execute/async - {"script":"<script> [2342 bytes]","args":[{"protocol":"http","hostname":"0.0.0.0","path":"/","capabilities":{"browserName":"chrome","goog:chromeOptions":{"binary":"C:\\Program Files\\Google\\Chrome\\Application\\chrome.exe","args":["--start-maximized"]}},"logLevel":"warn","connectionRetryTimeout":120000,"connectionRetryCount":3,"logLevels":{},"enableDirectConnect":true,"strictSSL":true,"_":"65 more keys: [\"cacheDir\",\"port\",\"requestedCapabilities\",\"automationProtocol\",\"baseUrl\",\"waitforInterval\",\"waitforTimeout\",\"onReload\",\"beforeCommand\",\"afterCommand\",\"rootDir\",\"specs\",\"suites\",\"exclude\",\"groupLogsByTestSpec\",\"excludeDriverLogs\",\"bail\",\"framework\",\"reporters\",\"services\",\"maxInstances\",\"maxInstancesPerCapability\",\"injectGlobals\",\"filesToWatch\",\"execArgv\",\"runnerEnv\",\"runner\",\"shard\",\"specFileRetries\",\"specFileRetriesDelay\",\"specFileRetriesDeferred\",\"reporterSyncInterval\",\"reporterSyncTimeout\",\"cucumberFeaturesWithLineNumbers\",\"autoCompileOpts\",\"mochaOpts\",\"jasmineOpts\",\"cucumberOpts\",\"onPrepare\",\"onWorkerStart\",\"onWorkerEnd\",\"before\",\"beforeSession\",\"beforeSuite\",\"beforeHook\",\"beforeTest\",\"afterTest\",\"afterHook\",\"afterSuite\",\"afterSession\",\"after\",\"onComplete\",\"beforeAssertion\",\"afterAssertion\",\"beforeFeature\",\"beforeScenario\",\"beforeStep\",\"afterStep\",\"afterScenario\",\"afterFeature\",\"_\",\"suite\",\"$0\",\"ignoredWorkerServices\",\"wdi5\"]"}]}
RESULT: {"script":"<script> [2342 bytes]","args":[{"protocol":"http","hostname":"0.0.0.0","path":"/","capabilities":{"browserName":"chrome","goog:chromeOptions":{"binary":"C:\\Program Files\\Google\\Chrome\\Application\\chrome.exe","args":["--start-maximized"]}},"logLevel":"warn","connectionRetryTimeout":120000,"connectionRetryCount":3,"logLevels":{},"enableDirectConnect":true,"strictSSL":true,"_":"65 more keys: [\"cacheDir\",\"port\",\"requestedCapabilities\",\"automationProtocol\",\"baseUrl\",\"waitforInterval\",\"waitforTimeout\",\"onReload\",\"beforeCommand\",\"afterCommand\",\"rootDir\",\"specs\",\"suites\",\"exclude\",\"groupLogsByTestSpec\",\"excludeDriverLogs\",\"bail\",\"framework\",\"reporters\",\"services\",\"maxInstances\",\"maxInstancesPerCapability\",\"injectGlobals\",\"filesToWatch\",\"execArgv\",\"runnerEnv\",\"runner\",\"shard\",\"specFileRetries\",\"specFileRetriesDelay\",\"specFileRetriesDeferred\",\"reporterSyncInterval\",\"reporterSyncTimeout\",\"cucumberFeaturesWithLineNumbers\",\"autoCompileOpts\",\"mochaOpts\",\"jasmineOpts\",\"cucumberOpts\",\"onPrepare\",\"onWorkerStart\",\"onWorkerEnd\",\"before\",\"beforeSession\",\"beforeSuite\",\"beforeHook\",\"beforeTest\",\"afterTest\",\"afterHook\",\"afterSuite\",\"afterSession\",\"after\",\"onComplete\",\"beforeAssertion\",\"afterAssertion\",\"beforeFeature\",\"beforeScenario\",\"beforeStep\",\"afterStep\",\"afterScenario\",\"afterFeature\",\"_\",\"suite\",\"$0\",\"ignoredWorkerServices\",\"wdi5\"]"}]}
COMMAND: POST /session/c52f3edd894b3289261c0762f3735e7d/execute/async - {"script":"<script> [21126 bytes]","args":[35000]}
RESULT: {"script":"<script> [21126 bytes]","args":[35000]}
]]></system-out>
    </testcase>
    <testcase classname="chrome.136_0_7103_93.windows.Process_request_items_into_an_existing_quotation_US120163" name="Should create a new request with catalog items and plan it" time="241.552">
      <system-out><![CDATA[
COMMAND: POST /session/c52f3edd894b3289261c0762f3735e7d/execute/async - {"script":"<script> [1562 bytes]","args":[{"selector":{"controlType":"sap.m.GenericTile","properties":{"header":"Manage Requests"}},"wdio_ui5_key":"sapm.GenericTile{\"header\":\"Manage Requests\"}"}]}
RESULT: {"script":"<script> [1562 bytes]","args":[{"selector":{"controlType":"sap.m.GenericTile","properties":{"header":"Manage Requests"}},"wdio_ui5_key":"sapm.GenericTile{\"header\":\"Manage Requests\"}"}]}
RESULT: undefined
COMMAND: POST /session/c52f3edd894b3289261c0762f3735e7d/element - {"using":"xpath","value":"//*[@id=\"__tile47\"]"}
RESULT: {"using":"xpath","value":"//*[@id=\"__tile47\"]"}
COMMAND: POST /session/c52f3edd894b3289261c0762f3735e7d/element/f.00CEB3DD14B2376F96DB663D79287A8F.d.C13426F8BA146B301F00EBC9BD27101C.e.11076/click - {}
RESULT: {}
COMMAND: GET /session/c52f3edd894b3289261c0762f3735e7d/screenshot - {}
RESULT: {}
COMMAND: POST /session/c52f3edd894b3289261c0762f3735e7d/elements - {"using":"xpath","value":"//span[text()='Error']"}
RESULT: {"using":"xpath","value":"//span[text()='Error']"}
COMMAND: POST /session/c52f3edd894b3289261c0762f3735e7d/element - {"using":"xpath","value":"(//span[contains(@class ,\"sapMObjStatusText\")])[1]"}
RESULT: {"using":"xpath","value":"(//span[contains(@class ,\"sapMObjStatusText\")])[1]"}
COMMAND: POST /session/c52f3edd894b3289261c0762f3735e7d/execute/sync - {"script":"<script> [8489 bytes]","args":[{"element-6066-11e4-a52e-4f735466cecf":"f.00CEB3DD14B2376F96DB663D79287A8F.d.C13426F8BA146B301F00EBC9BD27101C.e.11170","ELEMENT":"f.00CEB3DD14B2376F96DB663D79287A8F.d.C13426F8BA146B301F00EBC9BD27101C.e.11170"}]}
RESULT: {"script":"<script> [8489 bytes]","args":[{"element-6066-11e4-a52e-4f735466cecf":"f.00CEB3DD14B2376F96DB663D79287A8F.d.C13426F8BA146B301F00EBC9BD27101C.e.11170","ELEMENT":"f.00CEB3DD14B2376F96DB663D79287A8F.d.C13426F8BA146B301F00EBC9BD27101C.e.11170"}]}
COMMAND: POST /session/c52f3edd894b3289261c0762f3735e7d/element - {"using":"xpath","value":"//button[contains(@data-kt ,\"btnCreateNewOverflowToolbarButton\")]"}
COMMAND: GET /session/c52f3edd894b3289261c0762f3735e7d/screenshot - {}
RESULT: {"using":"xpath","value":"//button[contains(@data-kt ,\"btnCreateNewOverflowToolbarButton\")]"}
COMMAND: POST /session/c52f3edd894b3289261c0762f3735e7d/element/f.00CEB3DD14B2376F96DB663D79287A8F.d.C13426F8BA146B301F00EBC9BD27101C.e.11133/click - {}
RESULT: {}
RESULT: {}
COMMAND: GET /session/c52f3edd894b3289261c0762f3735e7d/screenshot - {}
RESULT: {}
COMMAND: POST /session/c52f3edd894b3289261c0762f3735e7d/element - {"using":"xpath","value":"//input[contains(@id ,\"yardId-inner\")]"}
RESULT: {"using":"xpath","value":"//input[contains(@id ,\"yardId-inner\")]"}
COMMAND: POST /session/c52f3edd894b3289261c0762f3735e7d/execute/sync - {"script":"<script> [8489 bytes]","args":[{"element-6066-11e4-a52e-4f735466cecf":"f.00CEB3DD14B2376F96DB663D79287A8F.d.C13426F8BA146B301F00EBC9BD27101C.e.11272","ELEMENT":"f.00CEB3DD14B2376F96DB663D79287A8F.d.C13426F8BA146B301F00EBC9BD27101C.e.11272"}]}
RESULT: {"script":"<script> [8489 bytes]","args":[{"element-6066-11e4-a52e-4f735466cecf":"f.00CEB3DD14B2376F96DB663D79287A8F.d.C13426F8BA146B301F00EBC9BD27101C.e.11272","ELEMENT":"f.00CEB3DD14B2376F96DB663D79287A8F.d.C13426F8BA146B301F00EBC9BD27101C.e.11272"}]}
COMMAND: POST /session/c52f3edd894b3289261c0762f3735e7d/element - {"using":"xpath","value":"//input[contains(@id ,\"yardId-inner\")]"}
COMMAND: GET /session/c52f3edd894b3289261c0762f3735e7d/screenshot - {}
RESULT: {"using":"xpath","value":"//input[contains(@id ,\"yardId-inner\")]"}
COMMAND: GET /session/c52f3edd894b3289261c0762f3735e7d/element/f.00CEB3DD14B2376F96DB663D79287A8F.d.C13426F8BA146B301F00EBC9BD27101C.e.11272/enabled - {}
RESULT: {}
RESULT: {}
COMMAND: POST /session/c52f3edd894b3289261c0762f3735e7d/element/f.00CEB3DD14B2376F96DB663D79287A8F.d.C13426F8BA146B301F00EBC9BD27101C.e.11272/clear - {}
COMMAND: GET /session/c52f3edd894b3289261c0762f3735e7d/screenshot - {}
RESULT: {}
COMMAND: POST /session/c52f3edd894b3289261c0762f3735e7d/element/f.00CEB3DD14B2376F96DB663D79287A8F.d.C13426F8BA146B301F00EBC9BD27101C.e.11272/value - {"text":"WebdriverYard13qkk"}
COMMAND: GET /session/c52f3edd894b3289261c0762f3735e7d/screenshot - {}
RESULT: {}
RESULT: {"text":"WebdriverYard13qkk"}
COMMAND: GET /session/c52f3edd894b3289261c0762f3735e7d/screenshot - {}
RESULT: {}
RESULT: {}
COMMAND: POST /session/c52f3edd894b3289261c0762f3735e7d/actions - {"actions":[{"id":"action82","type":"key","parameters":{},"actions":[{"type":"keyDown","value":""},{"type":"pause","duration":10},{"type":"keyUp","value":""}]}]}
RESULT: {"actions":[{"id":"action82","type":"key","parameters":{},"actions":[{"type":"keyDown","value":""},{"type":"pause","duration":10},{"type":"keyUp","value":""}]}]}
COMMAND: GET /session/c52f3edd894b3289261c0762f3735e7d/screenshot - {}
RESULT: {}
COMMAND: POST /session/c52f3edd894b3289261c0762f3735e7d/element - {"using":"xpath","value":"//input[contains(@id ,\"customerNumber-inner\")]"}
RESULT: {"using":"xpath","value":"//input[contains(@id ,\"customerNumber-inner\")]"}
COMMAND: POST /session/c52f3edd894b3289261c0762f3735e7d/element/f.00CEB3DD14B2376F96DB663D79287A8F.d.C13426F8BA146B301F00EBC9BD27101C.e.11266/value - {"text":"WebdriverPartnerhszcf"}
RESULT: {"text":"WebdriverPartnerhszcf"}
COMMAND: GET /session/c52f3edd894b3289261c0762f3735e7d/screenshot - {}
RESULT: {}
COMMAND: POST /session/c52f3edd894b3289261c0762f3735e7d/actions - {"actions":[{"id":"action83","type":"key","parameters":{},"actions":[{"type":"keyDown","value":""},{"type":"pause","duration":10},{"type":"keyUp","value":""}]}]}
RESULT: {"actions":[{"id":"action83","type":"key","parameters":{},"actions":[{"type":"keyDown","value":""},{"type":"pause","duration":10},{"type":"keyUp","value":""}]}]}
COMMAND: GET /session/c52f3edd894b3289261c0762f3735e7d/screenshot - {}
RESULT: {}
COMMAND: GET /session/c52f3edd894b3289261c0762f3735e7d/element/f.00CEB3DD14B2376F96DB663D79287A8F.d.C13426F8BA146B301F00EBC9BD27101C.e.11266/property/value - {}
RESULT: {}
COMMAND: POST /session/c52f3edd894b3289261c0762f3735e7d/element/f.00CEB3DD14B2376F96DB663D79287A8F.d.C13426F8BA146B301F00EBC9BD27101C.e.11266/value - {"text":"WebdriverPartnerhszcf"}
COMMAND: GET /session/c52f3edd894b3289261c0762f3735e7d/screenshot - {}
RESULT: {"text":"WebdriverPartnerhszcf"}
COMMAND: GET /session/c52f3edd894b3289261c0762f3735e7d/screenshot - {}
RESULT: {}
RESULT: {}
COMMAND: POST /session/c52f3edd894b3289261c0762f3735e7d/actions - {"actions":[{"id":"action84","type":"key","parameters":{},"actions":[{"type":"keyDown","value":""},{"type":"pause","duration":10},{"type":"keyUp","value":""}]}]}
RESULT: {"actions":[{"id":"action84","type":"key","parameters":{},"actions":[{"type":"keyDown","value":""},{"type":"pause","duration":10},{"type":"keyUp","value":""}]}]}
COMMAND: GET /session/c52f3edd894b3289261c0762f3735e7d/screenshot - {}
RESULT: {}
COMMAND: POST /session/c52f3edd894b3289261c0762f3735e7d/element - {"using":"xpath","value":"//input[contains(@id ,\"requestSiteId-inner\")]"}
RESULT: {"using":"xpath","value":"//input[contains(@id ,\"requestSiteId-inner\")]"}
COMMAND: POST /session/c52f3edd894b3289261c0762f3735e7d/element/f.00CEB3DD14B2376F96DB663D79287A8F.d.C13426F8BA146B301F00EBC9BD27101C.e.11265/value - {"text":"WebdriverSitept89b"}
RESULT: {"text":"WebdriverSitept89b"}
COMMAND: GET /session/c52f3edd894b3289261c0762f3735e7d/screenshot - {}
RESULT: {}
COMMAND: POST /session/c52f3edd894b3289261c0762f3735e7d/actions - {"actions":[{"id":"action85","type":"key","parameters":{},"actions":[{"type":"keyDown","value":""},{"type":"pause","duration":10},{"type":"keyUp","value":""}]}]}
RESULT: {"actions":[{"id":"action85","type":"key","parameters":{},"actions":[{"type":"keyDown","value":""},{"type":"pause","duration":10},{"type":"keyUp","value":""}]}]}
COMMAND: GET /session/c52f3edd894b3289261c0762f3735e7d/screenshot - {}
RESULT: {}
COMMAND: POST /session/c52f3edd894b3289261c0762f3735e7d/element - {"using":"xpath","value":"//button[contains(@data-kt ,\"requestItemAddOverflowToolbarButton\")]"}
RESULT: {"using":"xpath","value":"//button[contains(@data-kt ,\"requestItemAddOverflowToolbarButton\")]"}
COMMAND: POST /session/c52f3edd894b3289261c0762f3735e7d/element/f.00CEB3DD14B2376F96DB663D79287A8F.d.C13426F8BA146B301F00EBC9BD27101C.e.11420/click - {}
RESULT: {}
COMMAND: GET /session/c52f3edd894b3289261c0762f3735e7d/screenshot - {}
RESULT: {}
COMMAND: POST /session/c52f3edd894b3289261c0762f3735e7d/actions - {"actions":[{"id":"action86","type":"key","parameters":{},"actions":[{"type":"keyDown","value":""},{"type":"pause","duration":10},{"type":"keyUp","value":""}]}]}
RESULT: {"actions":[{"id":"action86","type":"key","parameters":{},"actions":[{"type":"keyDown","value":""},{"type":"pause","duration":10},{"type":"keyUp","value":""}]}]}
COMMAND: POST /session/c52f3edd894b3289261c0762f3735e7d/actions - {"actions":[{"id":"action87","type":"key","parameters":{},"actions":[{"type":"keyDown","value":""},{"type":"pause","duration":10},{"type":"keyUp","value":""}]}]}
COMMAND: GET /session/c52f3edd894b3289261c0762f3735e7d/screenshot - {}
RESULT: {"actions":[{"id":"action87","type":"key","parameters":{},"actions":[{"type":"keyDown","value":""},{"type":"pause","duration":10},{"type":"keyUp","value":""}]}]}
COMMAND: GET /session/c52f3edd894b3289261c0762f3735e7d/screenshot - {}
RESULT: {}
RESULT: {}
COMMAND: POST /session/c52f3edd894b3289261c0762f3735e7d/element - {"using":"xpath","value":"(//input[contains(@id ,\"requestItemsTable-0-inner\")])[1]"}
RESULT: {"using":"xpath","value":"(//input[contains(@id ,\"requestItemsTable-0-inner\")])[1]"}
COMMAND: POST /session/c52f3edd894b3289261c0762f3735e7d/element/f.00CEB3DD14B2376F96DB663D79287A8F.d.C13426F8BA146B301F00EBC9BD27101C.e.11424/clear - {}
RESULT: {}
COMMAND: POST /session/c52f3edd894b3289261c0762f3735e7d/element/f.00CEB3DD14B2376F96DB663D79287A8F.d.C13426F8BA146B301F00EBC9BD27101C.e.11424/value - {"text":"catalogItemaqzq5"}
COMMAND: GET /session/c52f3edd894b3289261c0762f3735e7d/screenshot - {}
RESULT: {"text":"catalogItemaqzq5"}
COMMAND: GET /session/c52f3edd894b3289261c0762f3735e7d/screenshot - {}
RESULT: {}
RESULT: {}
COMMAND: POST /session/c52f3edd894b3289261c0762f3735e7d/actions - {"actions":[{"id":"action88","type":"key","parameters":{},"actions":[{"type":"keyDown","value":""},{"type":"pause","duration":10},{"type":"keyUp","value":""}]}]}
RESULT: {"actions":[{"id":"action88","type":"key","parameters":{},"actions":[{"type":"keyDown","value":""},{"type":"pause","duration":10},{"type":"keyUp","value":""}]}]}
COMMAND: GET /session/c52f3edd894b3289261c0762f3735e7d/screenshot - {}
RESULT: {}
COMMAND: POST /session/c52f3edd894b3289261c0762f3735e7d/execute/async - {"script":"<script> [1562 bytes]","args":[{"selector":{"controlType":"sap.ui.core.Icon","viewName":"etm.portal.ui.managerequests.view.NewRequest","properties":{"src":{"regex":{"source":"slim\\-arrow\\-down"}}},"ancestor":{"controlType":"sap.m.Button","viewName":"etm.portal.ui.managerequests.view.NewRequest","properties":{"icon":"sap-icon://slim-arrow-down"}}},"wdio_ui5_key":"etmportal.ui.managerequests.view.NewRequestsap.ui.core.Icon{\"src\":{\"regex\":{\"source\":\"slim\\\\-arrow\\\\-down\"}}}{\"controlType\":\"sap.m.Button\",\"viewName\":\"etm.portal.ui.managerequests.view.NewRequest\",\"properties\":{\"icon\":\"sap-icon://slim-arrow-down\"}}"}]}
RESULT: {"script":"<script> [1562 bytes]","args":[{"selector":{"controlType":"sap.ui.core.Icon","viewName":"etm.portal.ui.managerequests.view.NewRequest","properties":{"src":{"regex":{"source":"slim\\-arrow\\-down"}}},"ancestor":{"controlType":"sap.m.Button","viewName":"etm.portal.ui.managerequests.view.NewRequest","properties":{"icon":"sap-icon://slim-arrow-down"}}},"wdio_ui5_key":"etmportal.ui.managerequests.view.NewRequestsap.ui.core.Icon{\"src\":{\"regex\":{\"source\":\"slim\\\\-arrow\\\\-down\"}}}{\"controlType\":\"sap.m.Button\",\"viewName\":\"etm.portal.ui.managerequests.view.NewRequest\",\"properties\":{\"icon\":\"sap-icon://slim-arrow-down\"}}"}]}
RESULT: undefined
COMMAND: POST /session/c52f3edd894b3289261c0762f3735e7d/element - {"using":"xpath","value":"//div[contains(@data-kt ,\"splitAllocationObjectStatus\")]"}
RESULT: {"using":"xpath","value":"//div[contains(@data-kt ,\"splitAllocationObjectStatus\")]"}
COMMAND: POST /session/c52f3edd894b3289261c0762f3735e7d/elements - {"using":"xpath","value":"//div[contains(@data-kt ,\"splitAllocationObjectStatus\")]"}
RESULT: {"using":"xpath","value":"//div[contains(@data-kt ,\"splitAllocationObjectStatus\")]"}
COMMAND: POST /session/c52f3edd894b3289261c0762f3735e7d/execute/async - {"script":"<script> [1562 bytes]","args":[{"selector":{"controlType":"sap.ui.core.Icon","viewName":"etm.portal.ui.managerequests.view.NewRequest","properties":{"src":{"regex":{"source":"message\\-error"}}}},"wdio_ui5_key":"etmportal.ui.managerequests.view.NewRequestsap.ui.core.Icon{\"src\":{\"regex\":{\"source\":\"message\\\\-error\"}}}"}]}
RESULT: {"script":"<script> [1562 bytes]","args":[{"selector":{"controlType":"sap.ui.core.Icon","viewName":"etm.portal.ui.managerequests.view.NewRequest","properties":{"src":{"regex":{"source":"message\\-error"}}}},"wdio_ui5_key":"etmportal.ui.managerequests.view.NewRequestsap.ui.core.Icon{\"src\":{\"regex\":{\"source\":\"message\\\\-error\"}}}"}]}
RESULT: undefined
COMMAND: POST /session/c52f3edd894b3289261c0762f3735e7d/element - {"using":"xpath","value":"//*[@id=\"__status4-__xmlview59--requestItemsTable-0-icon\"]"}
RESULT: {"using":"xpath","value":"//*[@id=\"__status4-__xmlview59--requestItemsTable-0-icon\"]"}
COMMAND: POST /session/c52f3edd894b3289261c0762f3735e7d/element/f.00CEB3DD14B2376F96DB663D79287A8F.d.C13426F8BA146B301F00EBC9BD27101C.e.11439/click - {}
RESULT: {}
COMMAND: POST /session/c52f3edd894b3289261c0762f3735e7d/execute/async - {"script":"<script> [1562 bytes]","args":[{"selector":{"controlType":"sap.ui.core.Icon","viewName":"etm.portal.ui.managerequests.view.NewRequest","properties":{"src":{"regex":{"source":"slim\\-arrow\\-down"}}},"searchOpenDialogs":true,"ancestor":{"id":"costObjectAdminTypeComboBox","viewName":"etm.portal.ui.managerequests.view.NewRequest","searchOpenDialogs":true}},"wdio_ui5_key":"etmportal.ui.managerequests.view.NewRequestsap.ui.core.Icon{\"src\":{\"regex\":{\"source\":\"slim\\\\-arrow\\\\-down\"}}}{\"id\":\"costObjectAdminTypeComboBox\",\"viewName\":\"etm.portal.ui.managerequests.view.NewRequest\",\"searchOpenDialogs\":true}"}]}
COMMAND: GET /session/c52f3edd894b3289261c0762f3735e7d/screenshot - {}
RESULT: {"script":"<script> [1562 bytes]","args":[{"selector":{"controlType":"sap.ui.core.Icon","viewName":"etm.portal.ui.managerequests.view.NewRequest","properties":{"src":{"regex":{"source":"slim\\-arrow\\-down"}}},"searchOpenDialogs":true,"ancestor":{"id":"costObjectAdminTypeComboBox","viewName":"etm.portal.ui.managerequests.view.NewRequest","searchOpenDialogs":true}},"wdio_ui5_key":"etmportal.ui.managerequests.view.NewRequestsap.ui.core.Icon{\"src\":{\"regex\":{\"source\":\"slim\\\\-arrow\\\\-down\"}}}{\"id\":\"costObjectAdminTypeComboBox\",\"viewName\":\"etm.portal.ui.managerequests.view.NewRequest\",\"searchOpenDialogs\":true}"}]}
RESULT: undefined
COMMAND: POST /session/c52f3edd894b3289261c0762f3735e7d/element - {"using":"xpath","value":"//*[@id=\"__xmlview59--costObjectAdminTypeComboBox-arrow\"]"}
RESULT: {}
RESULT: {"using":"xpath","value":"//*[@id=\"__xmlview59--costObjectAdminTypeComboBox-arrow\"]"}
COMMAND: POST /session/c52f3edd894b3289261c0762f3735e7d/element/f.00CEB3DD14B2376F96DB663D79287A8F.d.C13426F8BA146B301F00EBC9BD27101C.e.11443/click - {}
RESULT: {}
COMMAND: POST /session/c52f3edd894b3289261c0762f3735e7d/execute/async - {"script":"<script> [1562 bytes]","args":[{"selector":{"controlType":"sap.m.StandardListItem","viewName":"etm.portal.ui.managerequests.view.NewRequest","properties":{"title":"Cost Center"},"searchOpenDialogs":true,"interaction":{"idSuffix":"titleText"}},"wdio_ui5_key":"etmportal.ui.managerequests.view.NewRequestsap.m.StandardListItem{\"title\":\"Cost Center\"}"}]}
COMMAND: GET /session/c52f3edd894b3289261c0762f3735e7d/screenshot - {}
RESULT: {"script":"<script> [1562 bytes]","args":[{"selector":{"controlType":"sap.m.StandardListItem","viewName":"etm.portal.ui.managerequests.view.NewRequest","properties":{"title":"Cost Center"},"searchOpenDialogs":true,"interaction":{"idSuffix":"titleText"}},"wdio_ui5_key":"etmportal.ui.managerequests.view.NewRequestsap.m.StandardListItem{\"title\":\"Cost Center\"}"}]}
RESULT: undefined
COMMAND: POST /session/c52f3edd894b3289261c0762f3735e7d/element - {"using":"xpath","value":"//*[@id=\"__item456\"]"}
RESULT: {}
RESULT: {"using":"xpath","value":"//*[@id=\"__item456\"]"}
COMMAND: POST /session/c52f3edd894b3289261c0762f3735e7d/element/f.00CEB3DD14B2376F96DB663D79287A8F.d.C13426F8BA146B301F00EBC9BD27101C.e.11446/click - {}
RESULT: {}
COMMAND: GET /session/c52f3edd894b3289261c0762f3735e7d/screenshot - {}
RESULT: {}
COMMAND: POST /session/c52f3edd894b3289261c0762f3735e7d/execute/async - {"script":"<script> [1562 bytes]","args":[{"selector":{"controlType":"sap.ui.core.Icon","viewName":"etm.portal.ui.managerequests.view.NewRequest","properties":{"src":{"regex":{"source":"value\\-help"}}},"searchOpenDialogs":true},"wdio_ui5_key":"etmportal.ui.managerequests.view.NewRequestsap.ui.core.Icon{\"src\":{\"regex\":{\"source\":\"value\\\\-help\"}}}"}]}
RESULT: {"script":"<script> [1562 bytes]","args":[{"selector":{"controlType":"sap.ui.core.Icon","viewName":"etm.portal.ui.managerequests.view.NewRequest","properties":{"src":{"regex":{"source":"value\\-help"}}},"searchOpenDialogs":true},"wdio_ui5_key":"etmportal.ui.managerequests.view.NewRequestsap.ui.core.Icon{\"src\":{\"regex\":{\"source\":\"value\\\\-help\"}}}"}]}
RESULT: undefined
COMMAND: POST /session/c52f3edd894b3289261c0762f3735e7d/element - {"using":"xpath","value":"//*[@id=\"__xmlview59--costObjectIdComboBox-vhi\"]"}
RESULT: {"using":"xpath","value":"//*[@id=\"__xmlview59--costObjectIdComboBox-vhi\"]"}
COMMAND: POST /session/c52f3edd894b3289261c0762f3735e7d/element/f.00CEB3DD14B2376F96DB663D79287A8F.d.C13426F8BA146B301F00EBC9BD27101C.e.11453/click - {}
RESULT: {}
COMMAND: POST /session/c52f3edd894b3289261c0762f3735e7d/execute/async - {"script":"<script> [1562 bytes]","args":[{"selector":{"controlType":"sap.m.SearchField","properties":{"placeholder":"Search"},"searchOpenDialogs":true,"interaction":{"idSuffix":"I"}},"wdio_ui5_key":"sapm.SearchField{\"placeholder\":\"Search\"}"}]}
COMMAND: GET /session/c52f3edd894b3289261c0762f3735e7d/screenshot - {}
RESULT: {"script":"<script> [1562 bytes]","args":[{"selector":{"controlType":"sap.m.SearchField","properties":{"placeholder":"Search"},"searchOpenDialogs":true,"interaction":{"idSuffix":"I"}},"wdio_ui5_key":"sapm.SearchField{\"placeholder\":\"Search\"}"}]}
RESULT: undefined
COMMAND: POST /session/c52f3edd894b3289261c0762f3735e7d/execute/async - {"script":"<script> [776 bytes]","args":[{"enterText":"10001010","selector":{"controlType":"sap.m.SearchField","properties":{"placeholder":"Search"},"searchOpenDialogs":true,"interaction":{"idSuffix":"I"}},"clearTextFirst":true,"interactionType":"ENTER_TEXT"}]}
RESULT: {}
RESULT: {"script":"<script> [776 bytes]","args":[{"enterText":"10001010","selector":{"controlType":"sap.m.SearchField","properties":{"placeholder":"Search"},"searchOpenDialogs":true,"interaction":{"idSuffix":"I"}},"clearTextFirst":true,"interactionType":"ENTER_TEXT"}]}
COMMAND: POST /session/c52f3edd894b3289261c0762f3735e7d/actions - {"actions":[{"id":"action89","type":"key","parameters":{},"actions":[{"type":"keyDown","value":""},{"type":"pause","duration":10},{"type":"keyUp","value":""}]}]}
RESULT: {"actions":[{"id":"action89","type":"key","parameters":{},"actions":[{"type":"keyDown","value":""},{"type":"pause","duration":10},{"type":"keyUp","value":""}]}]}
COMMAND: GET /session/c52f3edd894b3289261c0762f3735e7d/screenshot - {}
RESULT: {}
COMMAND: POST /session/c52f3edd894b3289261c0762f3735e7d/execute/async - {"script":"<script> [1562 bytes]","args":[{"selector":{"controlType":"sap.m.Text","bindingPath":{"path":"/C_CostCtrValueHelp(CostCenter='10001010',ControllingArea='Z001')","propertyPath":"CostCenterName","modelName":"CostCenterModel"},"searchOpenDialogs":true},"wdio_ui5_key":"sapm.Text{\"path\":\"/C_CostCtrValueHelp(CostCenter='10001010',ControllingArea='Z001')\",\"propertyPath\":\"CostCenterName\",\"modelName\":\"CostCenterModel\"}"}]}
RESULT: {"script":"<script> [1562 bytes]","args":[{"selector":{"controlType":"sap.m.Text","bindingPath":{"path":"/C_CostCtrValueHelp(CostCenter='10001010',ControllingArea='Z001')","propertyPath":"CostCenterName","modelName":"CostCenterModel"},"searchOpenDialogs":true},"wdio_ui5_key":"sapm.Text{\"path\":\"/C_CostCtrValueHelp(CostCenter='10001010',ControllingArea='Z001')\",\"propertyPath\":\"CostCenterName\",\"modelName\":\"CostCenterModel\"}"}]}
RESULT: undefined
COMMAND: POST /session/c52f3edd894b3289261c0762f3735e7d/element - {"using":"xpath","value":"//*[@id=\"__text291-__clone594\"]"}
RESULT: {"using":"xpath","value":"//*[@id=\"__text291-__clone594\"]"}
COMMAND: POST /session/c52f3edd894b3289261c0762f3735e7d/element/f.00CEB3DD14B2376F96DB663D79287A8F.d.C13426F8BA146B301F00EBC9BD27101C.e.11493/click - {}
RESULT: {}
COMMAND: POST /session/c52f3edd894b3289261c0762f3735e7d/execute/async - {"script":"<script> [1562 bytes]","args":[{"selector":{"controlType":"sap.m.Button","properties":{"text":"OK"},"searchOpenDialogs":true,"interaction":{"idSuffix":"BDI-content"}},"wdio_ui5_key":"sapm.Button{\"text\":\"OK\"}"}]}
COMMAND: GET /session/c52f3edd894b3289261c0762f3735e7d/screenshot - {}
RESULT: {"script":"<script> [1562 bytes]","args":[{"selector":{"controlType":"sap.m.Button","properties":{"text":"OK"},"searchOpenDialogs":true,"interaction":{"idSuffix":"BDI-content"}},"wdio_ui5_key":"sapm.Button{\"text\":\"OK\"}"}]}
RESULT: undefined
COMMAND: POST /session/c52f3edd894b3289261c0762f3735e7d/element - {"using":"xpath","value":"//*[@id=\"__dialog1-ok\"]"}
RESULT: {}
RESULT: {"using":"xpath","value":"//*[@id=\"__dialog1-ok\"]"}
COMMAND: POST /session/c52f3edd894b3289261c0762f3735e7d/element/f.00CEB3DD14B2376F96DB663D79287A8F.d.C13426F8BA146B301F00EBC9BD27101C.e.11495/click - {}
RESULT: {}
COMMAND: GET /session/c52f3edd894b3289261c0762f3735e7d/screenshot - {}
RESULT: {}
COMMAND: POST /session/c52f3edd894b3289261c0762f3735e7d/execute/async - {"script":"<script> [1562 bytes]","args":[{"selector":{"controlType":"sap.m.Button","viewName":"etm.portal.ui.managerequests.view.NewRequest","i18NText":{"propertyName":"text","key":"save"},"searchOpenDialogs":true,"interaction":{"idSuffix":"BDI-content"}},"wdio_ui5_key":"etmportal.ui.managerequests.view.NewRequestsap.m.Button{\"propertyName\":\"text\",\"key\":\"save\"}"}]}
RESULT: {"script":"<script> [1562 bytes]","args":[{"selector":{"controlType":"sap.m.Button","viewName":"etm.portal.ui.managerequests.view.NewRequest","i18NText":{"propertyName":"text","key":"save"},"searchOpenDialogs":true,"interaction":{"idSuffix":"BDI-content"}},"wdio_ui5_key":"etmportal.ui.managerequests.view.NewRequestsap.m.Button{\"propertyName\":\"text\",\"key\":\"save\"}"}]}
RESULT: undefined
COMMAND: POST /session/c52f3edd894b3289261c0762f3735e7d/element - {"using":"xpath","value":"//*[@id=\"__button24\"]"}
RESULT: {"using":"xpath","value":"//*[@id=\"__button24\"]"}
COMMAND: POST /session/c52f3edd894b3289261c0762f3735e7d/element/f.00CEB3DD14B2376F96DB663D79287A8F.d.C13426F8BA146B301F00EBC9BD27101C.e.11499/click - {}
RESULT: {}
COMMAND: GET /session/c52f3edd894b3289261c0762f3735e7d/screenshot - {}
RESULT: {}
COMMAND: POST /session/c52f3edd894b3289261c0762f3735e7d/element - {"using":"xpath","value":"(//bdi[contains(text() ,\"Save\")])[1]"}
RESULT: {"using":"xpath","value":"(//bdi[contains(text() ,\"Save\")])[1]"}
COMMAND: POST /session/c52f3edd894b3289261c0762f3735e7d/element/f.00CEB3DD14B2376F96DB663D79287A8F.d.C13426F8BA146B301F00EBC9BD27101C.e.11502/click - {}
RESULT: {}
COMMAND: GET /session/c52f3edd894b3289261c0762f3735e7d/screenshot - {}
RESULT: {}
COMMAND: POST /session/c52f3edd894b3289261c0762f3735e7d/execute/async - {"script":"<script> [1562 bytes]","args":[{"selector":{"controlType":"sap.m.Title","properties":{"text":"Success"},"searchOpenDialogs":true},"wdio_ui5_key":"sapm.Title{\"text\":\"Success\"}"}]}
RESULT: {"script":"<script> [1562 bytes]","args":[{"selector":{"controlType":"sap.m.Title","properties":{"text":"Success"},"searchOpenDialogs":true},"wdio_ui5_key":"sapm.Title{\"text\":\"Success\"}"}]}
RESULT: undefined
COMMAND: POST /session/c52f3edd894b3289261c0762f3735e7d/execute/async - {"script":"<script> [6424 bytes]","args":[{"element-6066-11e4-a52e-4f735466cecf":"f.00CEB3DD14B2376F96DB663D79287A8F.d.C13426F8BA146B301F00EBC9BD27101C.e.11505"},"getText",[]]}
RESULT: {"script":"<script> [6424 bytes]","args":[{"element-6066-11e4-a52e-4f735466cecf":"f.00CEB3DD14B2376F96DB663D79287A8F.d.C13426F8BA146B301F00EBC9BD27101C.e.11505"},"getText",[]]}
COMMAND: POST /session/c52f3edd894b3289261c0762f3735e7d/execute/async - {"script":"<script> [1562 bytes]","args":[{"selector":{"controlType":"sap.m.Button","properties":{"text":"Close"},"searchOpenDialogs":true,"interaction":{"idSuffix":"BDI-content"}},"wdio_ui5_key":"sapm.Button{\"text\":\"Close\"}"}]}
RESULT: {"script":"<script> [1562 bytes]","args":[{"selector":{"controlType":"sap.m.Button","properties":{"text":"Close"},"searchOpenDialogs":true,"interaction":{"idSuffix":"BDI-content"}},"wdio_ui5_key":"sapm.Button{\"text\":\"Close\"}"}]}
RESULT: undefined
COMMAND: POST /session/c52f3edd894b3289261c0762f3735e7d/element - {"using":"xpath","value":"//*[@id=\"__mbox-btn-0\"]"}
RESULT: {"using":"xpath","value":"//*[@id=\"__mbox-btn-0\"]"}
COMMAND: POST /session/c52f3edd894b3289261c0762f3735e7d/element/f.00CEB3DD14B2376F96DB663D79287A8F.d.C13426F8BA146B301F00EBC9BD27101C.e.11504/click - {}
RESULT: {}
COMMAND: GET /session/c52f3edd894b3289261c0762f3735e7d/screenshot - {}
RESULT: {}
COMMAND: POST /session/c52f3edd894b3289261c0762f3735e7d/execute/async - {"script":"<script> [1562 bytes]","args":[{"selector":{"controlType":"sap.m.Text","viewName":"etm.portal.ui.managerequests.view.Detail","bindingPath":{"propertyPath":"NO","modelName":"catalogModel"}},"wdio_ui5_key":"etmportal.ui.managerequests.view.Detailsap.m.Text{\"propertyPath\":\"NO\",\"modelName\":\"catalogModel\"}"}]}
RESULT: {"script":"<script> [1562 bytes]","args":[{"selector":{"controlType":"sap.m.Text","viewName":"etm.portal.ui.managerequests.view.Detail","bindingPath":{"propertyPath":"NO","modelName":"catalogModel"}},"wdio_ui5_key":"etmportal.ui.managerequests.view.Detailsap.m.Text{\"propertyPath\":\"NO\",\"modelName\":\"catalogModel\"}"}]}
RESULT: undefined
COMMAND: POST /session/c52f3edd894b3289261c0762f3735e7d/execute/async - {"script":"<script> [6424 bytes]","args":[{"element-6066-11e4-a52e-4f735466cecf":"f.00CEB3DD14B2376F96DB663D79287A8F.d.C13426F8BA146B301F00EBC9BD27101C.e.11633"},"getText",[]]}
RESULT: {"script":"<script> [6424 bytes]","args":[{"element-6066-11e4-a52e-4f735466cecf":"f.00CEB3DD14B2376F96DB663D79287A8F.d.C13426F8BA146B301F00EBC9BD27101C.e.11633"},"getText",[]]}
COMMAND: POST /session/c52f3edd894b3289261c0762f3735e7d/execute/async - {"script":"<script> [1562 bytes]","args":[{"selector":{"controlType":"sap.ui.core.Icon","viewName":"etm.portal.ui.managerequests.view.Detail","properties":{"src":{"regex":{"source":"date\\-time"}}},"ancestor":{"controlType":"sap.m.ColumnListItem","viewName":"etm.portal.ui.managerequests.view.Detail","bindingPath":{"path":"/SmartRequestItemsPlanningBoard(ITEM=10m,REQUEST='20106')"},"ancestor":{"id":"requestItemsTable","viewName":"etm.portal.ui.managerequests.view.Detail"}}},"wdio_ui5_key":"etmportal.ui.managerequests.view.Detailsap.ui.core.Icon{\"src\":{\"regex\":{\"source\":\"date\\\\-time\"}}}{\"controlType\":\"sap.m.ColumnListItem\",\"viewName\":\"etm.portal.ui.managerequests.view.Detail\",\"bindingPath\":{\"path\":\"/SmartRequestItemsPlanningBoard(ITEM=10m,REQUEST='20106')\"},\"ancestor\":{\"id\":\"requestItemsTable\",\"viewName\":\"etm.portal.ui.managerequests.view.Detail\"}}"}]}
RESULT: {"script":"<script> [1562 bytes]","args":[{"selector":{"controlType":"sap.ui.core.Icon","viewName":"etm.portal.ui.managerequests.view.Detail","properties":{"src":{"regex":{"source":"date\\-time"}}},"ancestor":{"controlType":"sap.m.ColumnListItem","viewName":"etm.portal.ui.managerequests.view.Detail","bindingPath":{"path":"/SmartRequestItemsPlanningBoard(ITEM=10m,REQUEST='20106')"},"ancestor":{"id":"requestItemsTable","viewName":"etm.portal.ui.managerequests.view.Detail"}}},"wdio_ui5_key":"etmportal.ui.managerequests.view.Detailsap.ui.core.Icon{\"src\":{\"regex\":{\"source\":\"date\\\\-time\"}}}{\"controlType\":\"sap.m.ColumnListItem\",\"viewName\":\"etm.portal.ui.managerequests.view.Detail\",\"bindingPath\":{\"path\":\"/SmartRequestItemsPlanningBoard(ITEM=10m,REQUEST='20106')\"},\"ancestor\":{\"id\":\"requestItemsTable\",\"viewName\":\"etm.portal.ui.managerequests.view.Detail\"}}"}]}
RESULT: undefined
COMMAND: POST /session/c52f3edd894b3289261c0762f3735e7d/element - {"using":"xpath","value":"//*[@id=\"__button39-__clone633-img\"]"}
RESULT: {"using":"xpath","value":"//*[@id=\"__button39-__clone633-img\"]"}
COMMAND: POST /session/c52f3edd894b3289261c0762f3735e7d/element/f.00CEB3DD14B2376F96DB663D79287A8F.d.C13426F8BA146B301F00EBC9BD27101C.e.11634/click - {}
RESULT: {}
COMMAND: POST /session/c52f3edd894b3289261c0762f3735e7d/execute/async - {"script":"<script> [1562 bytes]","args":[{"selector":{"controlType":"sap.m.Button","viewName":"etm.portal.ui.managerequests.view.Detail","properties":{"text":"Close"},"searchOpenDialogs":true,"interaction":{"idSuffix":"BDI-content"}},"wdio_ui5_key":"etmportal.ui.managerequests.view.Detailsap.m.Button{\"text\":\"Close\"}"}]}
COMMAND: GET /session/c52f3edd894b3289261c0762f3735e7d/screenshot - {}
RESULT: {"script":"<script> [1562 bytes]","args":[{"selector":{"controlType":"sap.m.Button","viewName":"etm.portal.ui.managerequests.view.Detail","properties":{"text":"Close"},"searchOpenDialogs":true,"interaction":{"idSuffix":"BDI-content"}},"wdio_ui5_key":"etmportal.ui.managerequests.view.Detailsap.m.Button{\"text\":\"Close\"}"}]}
RESULT: undefined
COMMAND: POST /session/c52f3edd894b3289261c0762f3735e7d/element - {"using":"xpath","value":"//*[@id=\"__button49\"]"}
RESULT: {}
RESULT: {"using":"xpath","value":"//*[@id=\"__button49\"]"}
COMMAND: POST /session/c52f3edd894b3289261c0762f3735e7d/element/f.00CEB3DD14B2376F96DB663D79287A8F.d.C13426F8BA146B301F00EBC9BD27101C.e.11636/click - {}
RESULT: {}
COMMAND: GET /session/c52f3edd894b3289261c0762f3735e7d/screenshot - {}
RESULT: {}
COMMAND: POST /session/c52f3edd894b3289261c0762f3735e7d/refresh - {}
RESULT: {}
COMMAND: GET /session/c52f3edd894b3289261c0762f3735e7d/screenshot - {}
RESULT: {}
COMMAND: POST /session/c52f3edd894b3289261c0762f3735e7d/execute/async - {"script":"<script> [189 bytes]","args":[]}
RESULT: {"script":"<script> [189 bytes]","args":[]}
COMMAND: POST /session/c52f3edd894b3289261c0762f3735e7d/execute/async - {"script":"<script> [123 bytes]","args":[]}
RESULT: {"script":"<script> [123 bytes]","args":[]}
COMMAND: POST /session/c52f3edd894b3289261c0762f3735e7d/timeouts - {"script":"<number>"}
RESULT: {"script":"<number>"}
COMMAND: GET /session/c52f3edd894b3289261c0762f3735e7d/timeouts - {}
RESULT: {}
RESULT: undefined
COMMAND: POST /session/c52f3edd894b3289261c0762f3735e7d/execute/async - {"script":"<script> [2676 bytes]","args":[]}
RESULT: {"script":"<script> [2676 bytes]","args":[]}
COMMAND: POST /session/c52f3edd894b3289261c0762f3735e7d/execute/async - {"script":"<script> [2342 bytes]","args":[{"protocol":"http","hostname":"0.0.0.0","path":"/","capabilities":{"browserName":"chrome","goog:chromeOptions":{"binary":"C:\\Program Files\\Google\\Chrome\\Application\\chrome.exe","args":["--start-maximized"]}},"logLevel":"warn","connectionRetryTimeout":120000,"connectionRetryCount":3,"logLevels":{},"enableDirectConnect":true,"strictSSL":true,"_":"65 more keys: [\"cacheDir\",\"port\",\"requestedCapabilities\",\"automationProtocol\",\"baseUrl\",\"waitforInterval\",\"waitforTimeout\",\"onReload\",\"beforeCommand\",\"afterCommand\",\"rootDir\",\"specs\",\"suites\",\"exclude\",\"groupLogsByTestSpec\",\"excludeDriverLogs\",\"bail\",\"framework\",\"reporters\",\"services\",\"maxInstances\",\"maxInstancesPerCapability\",\"injectGlobals\",\"filesToWatch\",\"execArgv\",\"runnerEnv\",\"runner\",\"shard\",\"specFileRetries\",\"specFileRetriesDelay\",\"specFileRetriesDeferred\",\"reporterSyncInterval\",\"reporterSyncTimeout\",\"cucumberFeaturesWithLineNumbers\",\"autoCompileOpts\",\"mochaOpts\",\"jasmineOpts\",\"cucumberOpts\",\"onPrepare\",\"onWorkerStart\",\"onWorkerEnd\",\"before\",\"beforeSession\",\"beforeSuite\",\"beforeHook\",\"beforeTest\",\"afterTest\",\"afterHook\",\"afterSuite\",\"afterSession\",\"after\",\"onComplete\",\"beforeAssertion\",\"afterAssertion\",\"beforeFeature\",\"beforeScenario\",\"beforeStep\",\"afterStep\",\"afterScenario\",\"afterFeature\",\"_\",\"suite\",\"$0\",\"ignoredWorkerServices\",\"wdi5\"]"}]}
RESULT: {"script":"<script> [2342 bytes]","args":[{"protocol":"http","hostname":"0.0.0.0","path":"/","capabilities":{"browserName":"chrome","goog:chromeOptions":{"binary":"C:\\Program Files\\Google\\Chrome\\Application\\chrome.exe","args":["--start-maximized"]}},"logLevel":"warn","connectionRetryTimeout":120000,"connectionRetryCount":3,"logLevels":{},"enableDirectConnect":true,"strictSSL":true,"_":"65 more keys: [\"cacheDir\",\"port\",\"requestedCapabilities\",\"automationProtocol\",\"baseUrl\",\"waitforInterval\",\"waitforTimeout\",\"onReload\",\"beforeCommand\",\"afterCommand\",\"rootDir\",\"specs\",\"suites\",\"exclude\",\"groupLogsByTestSpec\",\"excludeDriverLogs\",\"bail\",\"framework\",\"reporters\",\"services\",\"maxInstances\",\"maxInstancesPerCapability\",\"injectGlobals\",\"filesToWatch\",\"execArgv\",\"runnerEnv\",\"runner\",\"shard\",\"specFileRetries\",\"specFileRetriesDelay\",\"specFileRetriesDeferred\",\"reporterSyncInterval\",\"reporterSyncTimeout\",\"cucumberFeaturesWithLineNumbers\",\"autoCompileOpts\",\"mochaOpts\",\"jasmineOpts\",\"cucumberOpts\",\"onPrepare\",\"onWorkerStart\",\"onWorkerEnd\",\"before\",\"beforeSession\",\"beforeSuite\",\"beforeHook\",\"beforeTest\",\"afterTest\",\"afterHook\",\"afterSuite\",\"afterSession\",\"after\",\"onComplete\",\"beforeAssertion\",\"afterAssertion\",\"beforeFeature\",\"beforeScenario\",\"beforeStep\",\"afterStep\",\"afterScenario\",\"afterFeature\",\"_\",\"suite\",\"$0\",\"ignoredWorkerServices\",\"wdi5\"]"}]}
COMMAND: POST /session/c52f3edd894b3289261c0762f3735e7d/execute/async - {"script":"<script> [21126 bytes]","args":[35000]}
RESULT: {"script":"<script> [21126 bytes]","args":[35000]}
]]></system-out>
    </testcase>
    <testcase classname="chrome.136_0_7103_93.windows.Process_request_items_into_an_existing_quotation_US120163" name="Should process the request into an existing quotation" time="75.327">
      <system-out><![CDATA[
COMMAND: GET /session/c52f3edd894b3289261c0762f3735e7d/window - {}
RESULT: {}
COMMAND: POST /session/c52f3edd894b3289261c0762f3735e7d/element - {"using":"xpath","value":"//span[contains(@id ,\"detailHeaderTitle-_actionsToolbar-overflowButton-img\")]"}
RESULT: {"using":"xpath","value":"//span[contains(@id ,\"detailHeaderTitle-_actionsToolbar-overflowButton-img\")]"}
COMMAND: POST /session/c52f3edd894b3289261c0762f3735e7d/element/f.00CEB3DD14B2376F96DB663D79287A8F.d.067BA261573B92AE4AA31318912B16BF.e.11846/click - {}
RESULT: {}
COMMAND: GET /session/c52f3edd894b3289261c0762f3735e7d/screenshot - {}
RESULT: {}
COMMAND: POST /session/c52f3edd894b3289261c0762f3735e7d/element - {"using":"xpath","value":"//span[contains(@id ,\"actionsMenuButton-internalSplitBtn-arrowButton-img\")]"}
RESULT: {"using":"xpath","value":"//span[contains(@id ,\"actionsMenuButton-internalSplitBtn-arrowButton-img\")]"}
COMMAND: POST /session/c52f3edd894b3289261c0762f3735e7d/element/f.00CEB3DD14B2376F96DB663D79287A8F.d.067BA261573B92AE4AA31318912B16BF.e.11850/click - {}
RESULT: {}
COMMAND: GET /session/c52f3edd894b3289261c0762f3735e7d/screenshot - {}
RESULT: {}
COMMAND: POST /session/c52f3edd894b3289261c0762f3735e7d/actions - {"actions":[{"id":"action90","type":"key","parameters":{},"actions":[{"type":"keyDown","value":""},{"type":"pause","duration":10},{"type":"keyUp","value":""}]}]}
RESULT: {"actions":[{"id":"action90","type":"key","parameters":{},"actions":[{"type":"keyDown","value":""},{"type":"pause","duration":10},{"type":"keyUp","value":""}]}]}
COMMAND: GET /session/c52f3edd894b3289261c0762f3735e7d/screenshot - {}
RESULT: {}
COMMAND: POST /session/c52f3edd894b3289261c0762f3735e7d/actions - {"actions":[{"id":"action91","type":"key","parameters":{},"actions":[{"type":"keyDown","value":""},{"type":"pause","duration":10},{"type":"keyUp","value":""}]}]}
RESULT: {"actions":[{"id":"action91","type":"key","parameters":{},"actions":[{"type":"keyDown","value":""},{"type":"pause","duration":10},{"type":"keyUp","value":""}]}]}
COMMAND: GET /session/c52f3edd894b3289261c0762f3735e7d/screenshot - {}
RESULT: {}
COMMAND: POST /session/c52f3edd894b3289261c0762f3735e7d/actions - {"actions":[{"id":"action92","type":"key","parameters":{},"actions":[{"type":"keyDown","value":""},{"type":"pause","duration":10},{"type":"keyUp","value":""}]}]}
RESULT: {"actions":[{"id":"action92","type":"key","parameters":{},"actions":[{"type":"keyDown","value":""},{"type":"pause","duration":10},{"type":"keyUp","value":""}]}]}
COMMAND: GET /session/c52f3edd894b3289261c0762f3735e7d/screenshot - {}
RESULT: {}
COMMAND: POST /session/c52f3edd894b3289261c0762f3735e7d/actions - {"actions":[{"id":"action93","type":"key","parameters":{},"actions":[{"type":"keyDown","value":""},{"type":"pause","duration":10},{"type":"keyUp","value":""}]}]}
RESULT: {"actions":[{"id":"action93","type":"key","parameters":{},"actions":[{"type":"keyDown","value":""},{"type":"pause","duration":10},{"type":"keyUp","value":""}]}]}
COMMAND: GET /session/c52f3edd894b3289261c0762f3735e7d/screenshot - {}
RESULT: {}
COMMAND: POST /session/c52f3edd894b3289261c0762f3735e7d/element - {"using":"xpath","value":"//input[contains(@id ,\"quotationsSearchField-I\")]"}
RESULT: {"using":"xpath","value":"//input[contains(@id ,\"quotationsSearchField-I\")]"}
COMMAND: POST /session/c52f3edd894b3289261c0762f3735e7d/element/f.00CEB3DD14B2376F96DB663D79287A8F.d.067BA261573B92AE4AA31318912B16BF.e.11853/clear - {}
RESULT: {}
COMMAND: POST /session/c52f3edd894b3289261c0762f3735e7d/element/f.00CEB3DD14B2376F96DB663D79287A8F.d.067BA261573B92AE4AA31318912B16BF.e.11853/value - {"text":"WdIOQuotationeabcl"}
COMMAND: GET /session/c52f3edd894b3289261c0762f3735e7d/screenshot - {}
RESULT: {"text":"WdIOQuotationeabcl"}
COMMAND: GET /session/c52f3edd894b3289261c0762f3735e7d/screenshot - {}
RESULT: {}
RESULT: {}
COMMAND: POST /session/c52f3edd894b3289261c0762f3735e7d/actions - {"actions":[{"id":"action94","type":"key","parameters":{},"actions":[{"type":"keyDown","value":""},{"type":"pause","duration":10},{"type":"keyUp","value":""}]}]}
RESULT: {"actions":[{"id":"action94","type":"key","parameters":{},"actions":[{"type":"keyDown","value":""},{"type":"pause","duration":10},{"type":"keyUp","value":""}]}]}
COMMAND: GET /session/c52f3edd894b3289261c0762f3735e7d/screenshot - {}
RESULT: {}
COMMAND: POST /session/c52f3edd894b3289261c0762f3735e7d/element - {"using":"xpath","value":"//div[contains(@id ,\"selectSingle\")]"}
RESULT: {"using":"xpath","value":"//div[contains(@id ,\"selectSingle\")]"}
COMMAND: POST /session/c52f3edd894b3289261c0762f3735e7d/element/f.00CEB3DD14B2376F96DB663D79287A8F.d.067BA261573B92AE4AA31318912B16BF.e.11865/click - {}
RESULT: {}
COMMAND: GET /session/c52f3edd894b3289261c0762f3735e7d/screenshot - {}
RESULT: {}
COMMAND: POST /session/c52f3edd894b3289261c0762f3735e7d/element - {"using":"xpath","value":"//bdi[contains(text() ,\"Selection Done\")]"}
RESULT: {"using":"xpath","value":"//bdi[contains(text() ,\"Selection Done\")]"}
COMMAND: POST /session/c52f3edd894b3289261c0762f3735e7d/element/f.00CEB3DD14B2376F96DB663D79287A8F.d.067BA261573B92AE4AA31318912B16BF.e.11866/click - {}
RESULT: {}
COMMAND: GET /session/c52f3edd894b3289261c0762f3735e7d/screenshot - {}
RESULT: {}
COMMAND: POST /session/c52f3edd894b3289261c0762f3735e7d/actions - {"actions":[{"id":"action95","type":"key","parameters":{},"actions":[{"type":"keyDown","value":""},{"type":"pause","duration":10},{"type":"keyUp","value":""}]}]}
RESULT: {"actions":[{"id":"action95","type":"key","parameters":{},"actions":[{"type":"keyDown","value":""},{"type":"pause","duration":10},{"type":"keyUp","value":""}]}]}
COMMAND: GET /session/c52f3edd894b3289261c0762f3735e7d/screenshot - {}
RESULT: {}
COMMAND: POST /session/c52f3edd894b3289261c0762f3735e7d/actions - {"actions":[{"id":"action96","type":"key","parameters":{},"actions":[{"type":"keyDown","value":""},{"type":"pause","duration":10},{"type":"keyUp","value":""}]}]}
RESULT: {"actions":[{"id":"action96","type":"key","parameters":{},"actions":[{"type":"keyDown","value":""},{"type":"pause","duration":10},{"type":"keyUp","value":""}]}]}
COMMAND: GET /session/c52f3edd894b3289261c0762f3735e7d/screenshot - {}
RESULT: {}
COMMAND: GET /session/c52f3edd894b3289261c0762f3735e7d/window/handles - {}
RESULT: {}
COMMAND: GET /session/c52f3edd894b3289261c0762f3735e7d/window/handles - {}
RESULT: {}
COMMAND: POST /session/c52f3edd894b3289261c0762f3735e7d/window - {"handle":"229B40DD27797060D8225FEE637D58C9"}
RESULT: {"handle":"229B40DD27797060D8225FEE637D58C9"}
COMMAND: GET /session/c52f3edd894b3289261c0762f3735e7d/url - {}
RESULT: {}
COMMAND: GET /session/c52f3edd894b3289261c0762f3735e7d/screenshot - {}
RESULT: {}
COMMAND: POST /session/c52f3edd894b3289261c0762f3735e7d/element - {"using":"xpath","value":"//span[contains(text(), \"Header Billing Items\")]"}
RESULT: {"using":"xpath","value":"//span[contains(text(), \"Header Billing Items\")]"}
COMMAND: POST /session/c52f3edd894b3289261c0762f3735e7d/element/f.229B40DD27797060D8225FEE637D58C9.d.49045486FF31D5FCF50CDB43E6DFC36A.e.12055/click - {}
RESULT: {}
COMMAND: GET /session/c52f3edd894b3289261c0762f3735e7d/screenshot - {}
RESULT: {}
COMMAND: POST /session/c52f3edd894b3289261c0762f3735e7d/element - {"using":"xpath","value":"//span[contains(@id ,\"contractItemsSmartTable-header-inner\")]"}
RESULT: {"using":"xpath","value":"//span[contains(@id ,\"contractItemsSmartTable-header-inner\")]"}
COMMAND: GET /session/c52f3edd894b3289261c0762f3735e7d/element/f.229B40DD27797060D8225FEE637D58C9.d.49045486FF31D5FCF50CDB43E6DFC36A.e.12057/text - {}
RESULT: {}
COMMAND: POST /session/c52f3edd894b3289261c0762f3735e7d/element - {"using":"xpath","value":"//span[@class=\"sapMObjStatusText\"][contains(text(), \"proposed\")]"}
RESULT: {"using":"xpath","value":"//span[@class=\"sapMObjStatusText\"][contains(text(), \"proposed\")]"}
COMMAND: GET /session/c52f3edd894b3289261c0762f3735e7d/element/f.229B40DD27797060D8225FEE637D58C9.d.49045486FF31D5FCF50CDB43E6DFC36A.e.12058/text - {}
RESULT: {}
COMMAND: DELETE /session/c52f3edd894b3289261c0762f3735e7d/window - {}
RESULT: {}
COMMAND: POST /session/c52f3edd894b3289261c0762f3735e7d/window - {"handle":"00CEB3DD14B2376F96DB663D79287A8F"}
RESULT: {"handle":"00CEB3DD14B2376F96DB663D79287A8F"}
COMMAND: GET /session/c52f3edd894b3289261c0762f3735e7d/url - {}
RESULT: {}
COMMAND: GET /session/c52f3edd894b3289261c0762f3735e7d/screenshot - {}
RESULT: {}
]]></system-out>
    </testcase>
    <testcase classname="chrome.136_0_7103_93.windows.Process_request_items_into_an_existing_quotation_US120163" name="Should navigate back to the request and check the request and item statuses" time="41.625">
      <system-out><![CDATA[
COMMAND: POST /session/c52f3edd894b3289261c0762f3735e7d/refresh - {}
RESULT: {}
COMMAND: GET /session/c52f3edd894b3289261c0762f3735e7d/screenshot - {}
RESULT: {}
COMMAND: POST /session/c52f3edd894b3289261c0762f3735e7d/execute/async - {"script":"<script> [189 bytes]","args":[]}
RESULT: {"script":"<script> [189 bytes]","args":[]}
COMMAND: POST /session/c52f3edd894b3289261c0762f3735e7d/execute/async - {"script":"<script> [123 bytes]","args":[]}
RESULT: {"script":"<script> [123 bytes]","args":[]}
COMMAND: POST /session/c52f3edd894b3289261c0762f3735e7d/timeouts - {"script":"<number>"}
RESULT: {"script":"<number>"}
COMMAND: GET /session/c52f3edd894b3289261c0762f3735e7d/timeouts - {}
RESULT: {}
RESULT: undefined
COMMAND: POST /session/c52f3edd894b3289261c0762f3735e7d/execute/async - {"script":"<script> [2676 bytes]","args":[]}
RESULT: {"script":"<script> [2676 bytes]","args":[]}
COMMAND: POST /session/c52f3edd894b3289261c0762f3735e7d/execute/async - {"script":"<script> [2342 bytes]","args":[{"protocol":"http","hostname":"0.0.0.0","path":"/","capabilities":{"browserName":"chrome","goog:chromeOptions":{"binary":"C:\\Program Files\\Google\\Chrome\\Application\\chrome.exe","args":["--start-maximized"]}},"logLevel":"warn","connectionRetryTimeout":120000,"connectionRetryCount":3,"logLevels":{},"enableDirectConnect":true,"strictSSL":true,"_":"65 more keys: [\"cacheDir\",\"port\",\"requestedCapabilities\",\"automationProtocol\",\"baseUrl\",\"waitforInterval\",\"waitforTimeout\",\"onReload\",\"beforeCommand\",\"afterCommand\",\"rootDir\",\"specs\",\"suites\",\"exclude\",\"groupLogsByTestSpec\",\"excludeDriverLogs\",\"bail\",\"framework\",\"reporters\",\"services\",\"maxInstances\",\"maxInstancesPerCapability\",\"injectGlobals\",\"filesToWatch\",\"execArgv\",\"runnerEnv\",\"runner\",\"shard\",\"specFileRetries\",\"specFileRetriesDelay\",\"specFileRetriesDeferred\",\"reporterSyncInterval\",\"reporterSyncTimeout\",\"cucumberFeaturesWithLineNumbers\",\"autoCompileOpts\",\"mochaOpts\",\"jasmineOpts\",\"cucumberOpts\",\"onPrepare\",\"onWorkerStart\",\"onWorkerEnd\",\"before\",\"beforeSession\",\"beforeSuite\",\"beforeHook\",\"beforeTest\",\"afterTest\",\"afterHook\",\"afterSuite\",\"afterSession\",\"after\",\"onComplete\",\"beforeAssertion\",\"afterAssertion\",\"beforeFeature\",\"beforeScenario\",\"beforeStep\",\"afterStep\",\"afterScenario\",\"afterFeature\",\"_\",\"suite\",\"$0\",\"ignoredWorkerServices\",\"wdi5\"]"}]}
RESULT: {"script":"<script> [2342 bytes]","args":[{"protocol":"http","hostname":"0.0.0.0","path":"/","capabilities":{"browserName":"chrome","goog:chromeOptions":{"binary":"C:\\Program Files\\Google\\Chrome\\Application\\chrome.exe","args":["--start-maximized"]}},"logLevel":"warn","connectionRetryTimeout":120000,"connectionRetryCount":3,"logLevels":{},"enableDirectConnect":true,"strictSSL":true,"_":"65 more keys: [\"cacheDir\",\"port\",\"requestedCapabilities\",\"automationProtocol\",\"baseUrl\",\"waitforInterval\",\"waitforTimeout\",\"onReload\",\"beforeCommand\",\"afterCommand\",\"rootDir\",\"specs\",\"suites\",\"exclude\",\"groupLogsByTestSpec\",\"excludeDriverLogs\",\"bail\",\"framework\",\"reporters\",\"services\",\"maxInstances\",\"maxInstancesPerCapability\",\"injectGlobals\",\"filesToWatch\",\"execArgv\",\"runnerEnv\",\"runner\",\"shard\",\"specFileRetries\",\"specFileRetriesDelay\",\"specFileRetriesDeferred\",\"reporterSyncInterval\",\"reporterSyncTimeout\",\"cucumberFeaturesWithLineNumbers\",\"autoCompileOpts\",\"mochaOpts\",\"jasmineOpts\",\"cucumberOpts\",\"onPrepare\",\"onWorkerStart\",\"onWorkerEnd\",\"before\",\"beforeSession\",\"beforeSuite\",\"beforeHook\",\"beforeTest\",\"afterTest\",\"afterHook\",\"afterSuite\",\"afterSession\",\"after\",\"onComplete\",\"beforeAssertion\",\"afterAssertion\",\"beforeFeature\",\"beforeScenario\",\"beforeStep\",\"afterStep\",\"afterScenario\",\"afterFeature\",\"_\",\"suite\",\"$0\",\"ignoredWorkerServices\",\"wdi5\"]"}]}
COMMAND: POST /session/c52f3edd894b3289261c0762f3735e7d/execute/async - {"script":"<script> [21126 bytes]","args":[35000]}
RESULT: {"script":"<script> [21126 bytes]","args":[35000]}
COMMAND: POST /session/c52f3edd894b3289261c0762f3735e7d/execute/async - {"script":"<script> [1562 bytes]","args":[{"selector":{"controlType":"sap.m.Text","viewName":"etm.portal.ui.managerequests.view.Detail","bindingPath":{"path":"/SmartRequestItemsPlanningBoard(ITEM=10m,REQUEST='20106')","propertyPath":"STATUS_DESC"}},"wdio_ui5_key":"etmportal.ui.managerequests.view.Detailsap.m.Text{\"path\":\"/SmartRequestItemsPlanningBoard(ITEM=10m,REQUEST='20106')\",\"propertyPath\":\"STATUS_DESC\"}"}]}
RESULT: {"script":"<script> [1562 bytes]","args":[{"selector":{"controlType":"sap.m.Text","viewName":"etm.portal.ui.managerequests.view.Detail","bindingPath":{"path":"/SmartRequestItemsPlanningBoard(ITEM=10m,REQUEST='20106')","propertyPath":"STATUS_DESC"}},"wdio_ui5_key":"etmportal.ui.managerequests.view.Detailsap.m.Text{\"path\":\"/SmartRequestItemsPlanningBoard(ITEM=10m,REQUEST='20106')\",\"propertyPath\":\"STATUS_DESC\"}"}]}
RESULT: undefined
COMMAND: POST /session/c52f3edd894b3289261c0762f3735e7d/execute/async - {"script":"<script> [6424 bytes]","args":[{"element-6066-11e4-a52e-4f735466cecf":"f.00CEB3DD14B2376F96DB663D79287A8F.d.D186AA96F7516F5451F7BB9EECB62A58.e.12254"},"getText",[]]}
RESULT: {"script":"<script> [6424 bytes]","args":[{"element-6066-11e4-a52e-4f735466cecf":"f.00CEB3DD14B2376F96DB663D79287A8F.d.D186AA96F7516F5451F7BB9EECB62A58.e.12254"},"getText",[]]}
COMMAND: POST /session/c52f3edd894b3289261c0762f3735e7d/execute/async - {"script":"<script> [1562 bytes]","args":[{"selector":{"controlType":"sap.m.ObjectStatus","viewName":"etm.portal.ui.managerequests.view.Detail","bindingPath":{"path":"/RequestHeaders('20106')","propertyPath":"LINK_TO_STATUS/DESCRIPTION","modelName":"catalogModel"}},"wdio_ui5_key":"etmportal.ui.managerequests.view.Detailsap.m.ObjectStatus{\"path\":\"/RequestHeaders('20106')\",\"propertyPath\":\"LINK_TO_STATUS/DESCRIPTION\",\"modelName\":\"catalogModel\"}"}]}
RESULT: {"script":"<script> [1562 bytes]","args":[{"selector":{"controlType":"sap.m.ObjectStatus","viewName":"etm.portal.ui.managerequests.view.Detail","bindingPath":{"path":"/RequestHeaders('20106')","propertyPath":"LINK_TO_STATUS/DESCRIPTION","modelName":"catalogModel"}},"wdio_ui5_key":"etmportal.ui.managerequests.view.Detailsap.m.ObjectStatus{\"path\":\"/RequestHeaders('20106')\",\"propertyPath\":\"LINK_TO_STATUS/DESCRIPTION\",\"modelName\":\"catalogModel\"}"}]}
RESULT: undefined
COMMAND: POST /session/c52f3edd894b3289261c0762f3735e7d/execute/async - {"script":"<script> [6424 bytes]","args":[{"element-6066-11e4-a52e-4f735466cecf":"f.00CEB3DD14B2376F96DB663D79287A8F.d.D186AA96F7516F5451F7BB9EECB62A58.e.12255"},"getText",[]]}
RESULT: {"script":"<script> [6424 bytes]","args":[{"element-6066-11e4-a52e-4f735466cecf":"f.00CEB3DD14B2376F96DB663D79287A8F.d.D186AA96F7516F5451F7BB9EECB62A58.e.12255"},"getText",[]]}
COMMAND: POST /session/c52f3edd894b3289261c0762f3735e7d/element - {"using":"css selector","value":"#shell-header-logo"}
RESULT: {"using":"css selector","value":"#shell-header-logo"}
COMMAND: POST /session/c52f3edd894b3289261c0762f3735e7d/element/f.00CEB3DD14B2376F96DB663D79287A8F.d.D186AA96F7516F5451F7BB9EECB62A58.e.12065/click - {}
RESULT: {}
COMMAND: GET /session/c52f3edd894b3289261c0762f3735e7d/screenshot - {}
RESULT: {}
COMMAND: POST /session/c52f3edd894b3289261c0762f3735e7d/refresh - {}
RESULT: {}
COMMAND: GET /session/c52f3edd894b3289261c0762f3735e7d/screenshot - {}
RESULT: {}
COMMAND: POST /session/c52f3edd894b3289261c0762f3735e7d/execute/async - {"script":"<script> [189 bytes]","args":[]}
RESULT: {"script":"<script> [189 bytes]","args":[]}
COMMAND: POST /session/c52f3edd894b3289261c0762f3735e7d/execute/async - {"script":"<script> [123 bytes]","args":[]}
RESULT: {"script":"<script> [123 bytes]","args":[]}
COMMAND: POST /session/c52f3edd894b3289261c0762f3735e7d/timeouts - {"script":"<number>"}
RESULT: {"script":"<number>"}
COMMAND: GET /session/c52f3edd894b3289261c0762f3735e7d/timeouts - {}
RESULT: {}
RESULT: undefined
COMMAND: POST /session/c52f3edd894b3289261c0762f3735e7d/execute/async - {"script":"<script> [2676 bytes]","args":[]}
RESULT: {"script":"<script> [2676 bytes]","args":[]}
COMMAND: POST /session/c52f3edd894b3289261c0762f3735e7d/execute/async - {"script":"<script> [2342 bytes]","args":[{"protocol":"http","hostname":"0.0.0.0","path":"/","capabilities":{"browserName":"chrome","goog:chromeOptions":{"binary":"C:\\Program Files\\Google\\Chrome\\Application\\chrome.exe","args":["--start-maximized"]}},"logLevel":"warn","connectionRetryTimeout":120000,"connectionRetryCount":3,"logLevels":{},"enableDirectConnect":true,"strictSSL":true,"_":"65 more keys: [\"cacheDir\",\"port\",\"requestedCapabilities\",\"automationProtocol\",\"baseUrl\",\"waitforInterval\",\"waitforTimeout\",\"onReload\",\"beforeCommand\",\"afterCommand\",\"rootDir\",\"specs\",\"suites\",\"exclude\",\"groupLogsByTestSpec\",\"excludeDriverLogs\",\"bail\",\"framework\",\"reporters\",\"services\",\"maxInstances\",\"maxInstancesPerCapability\",\"injectGlobals\",\"filesToWatch\",\"execArgv\",\"runnerEnv\",\"runner\",\"shard\",\"specFileRetries\",\"specFileRetriesDelay\",\"specFileRetriesDeferred\",\"reporterSyncInterval\",\"reporterSyncTimeout\",\"cucumberFeaturesWithLineNumbers\",\"autoCompileOpts\",\"mochaOpts\",\"jasmineOpts\",\"cucumberOpts\",\"onPrepare\",\"onWorkerStart\",\"onWorkerEnd\",\"before\",\"beforeSession\",\"beforeSuite\",\"beforeHook\",\"beforeTest\",\"afterTest\",\"afterHook\",\"afterSuite\",\"afterSession\",\"after\",\"onComplete\",\"beforeAssertion\",\"afterAssertion\",\"beforeFeature\",\"beforeScenario\",\"beforeStep\",\"afterStep\",\"afterScenario\",\"afterFeature\",\"_\",\"suite\",\"$0\",\"ignoredWorkerServices\",\"wdi5\"]"}]}
RESULT: {"script":"<script> [2342 bytes]","args":[{"protocol":"http","hostname":"0.0.0.0","path":"/","capabilities":{"browserName":"chrome","goog:chromeOptions":{"binary":"C:\\Program Files\\Google\\Chrome\\Application\\chrome.exe","args":["--start-maximized"]}},"logLevel":"warn","connectionRetryTimeout":120000,"connectionRetryCount":3,"logLevels":{},"enableDirectConnect":true,"strictSSL":true,"_":"65 more keys: [\"cacheDir\",\"port\",\"requestedCapabilities\",\"automationProtocol\",\"baseUrl\",\"waitforInterval\",\"waitforTimeout\",\"onReload\",\"beforeCommand\",\"afterCommand\",\"rootDir\",\"specs\",\"suites\",\"exclude\",\"groupLogsByTestSpec\",\"excludeDriverLogs\",\"bail\",\"framework\",\"reporters\",\"services\",\"maxInstances\",\"maxInstancesPerCapability\",\"injectGlobals\",\"filesToWatch\",\"execArgv\",\"runnerEnv\",\"runner\",\"shard\",\"specFileRetries\",\"specFileRetriesDelay\",\"specFileRetriesDeferred\",\"reporterSyncInterval\",\"reporterSyncTimeout\",\"cucumberFeaturesWithLineNumbers\",\"autoCompileOpts\",\"mochaOpts\",\"jasmineOpts\",\"cucumberOpts\",\"onPrepare\",\"onWorkerStart\",\"onWorkerEnd\",\"before\",\"beforeSession\",\"beforeSuite\",\"beforeHook\",\"beforeTest\",\"afterTest\",\"afterHook\",\"afterSuite\",\"afterSession\",\"after\",\"onComplete\",\"beforeAssertion\",\"afterAssertion\",\"beforeFeature\",\"beforeScenario\",\"beforeStep\",\"afterStep\",\"afterScenario\",\"afterFeature\",\"_\",\"suite\",\"$0\",\"ignoredWorkerServices\",\"wdi5\"]"}]}
COMMAND: POST /session/c52f3edd894b3289261c0762f3735e7d/execute/async - {"script":"<script> [21126 bytes]","args":[35000]}
RESULT: {"script":"<script> [21126 bytes]","args":[35000]}
]]></system-out>
    </testcase>
  </testsuite>
  <testsuite timestamp="2025-05-25T16:20:22" time="318.415" tests="3" failures="0" errors="0" skipped="0">
    <properties>
      <property name="specId" value="0"/>
      <property name="suiteName" value="Process request items into new quotation US120163"/>
      <property name="capabilities" value="chrome.136_0_7103_93.windows"/>
      <property name="file" value="file:///D:/a/1/s/test/specs/R2C/process-request-items-into-new-quotation.spec.js"/>
    </properties>
    <testcase classname="chrome.136_0_7103_93.windows.Process_request_items_into_new_quotation_US120163" name="Should create a new request with catalog items and plan it" time="197.704">
      <system-out><![CDATA[
COMMAND: POST /session/c52f3edd894b3289261c0762f3735e7d/execute/async - {"script":"<script> [1562 bytes]","args":[{"selector":{"controlType":"sap.m.GenericTile","properties":{"header":"Manage Requests"}},"wdio_ui5_key":"sapm.GenericTile{\"header\":\"Manage Requests\"}"}]}
RESULT: {"script":"<script> [1562 bytes]","args":[{"selector":{"controlType":"sap.m.GenericTile","properties":{"header":"Manage Requests"}},"wdio_ui5_key":"sapm.GenericTile{\"header\":\"Manage Requests\"}"}]}
RESULT: undefined
COMMAND: POST /session/c52f3edd894b3289261c0762f3735e7d/element - {"using":"xpath","value":"//*[@id=\"__tile47\"]"}
RESULT: {"using":"xpath","value":"//*[@id=\"__tile47\"]"}
COMMAND: POST /session/c52f3edd894b3289261c0762f3735e7d/element/f.00CEB3DD14B2376F96DB663D79287A8F.d.0C023ADC3FD4136E1CF9256FCE350117.e.12284/click - {}
RESULT: {}
COMMAND: GET /session/c52f3edd894b3289261c0762f3735e7d/screenshot - {}
RESULT: {}
COMMAND: POST /session/c52f3edd894b3289261c0762f3735e7d/elements - {"using":"xpath","value":"//span[text()='Error']"}
RESULT: {"using":"xpath","value":"//span[text()='Error']"}
COMMAND: POST /session/c52f3edd894b3289261c0762f3735e7d/element - {"using":"xpath","value":"//button[contains(@data-kt ,\"btnCreateNewOverflowToolbarButton\")]"}
COMMAND: POST /session/c52f3edd894b3289261c0762f3735e7d/element - {"using":"xpath","value":"(//span[contains(@class ,\"sapMObjStatusText\")])[1]"}
RESULT: {"using":"xpath","value":"//button[contains(@data-kt ,\"btnCreateNewOverflowToolbarButton\")]"}
COMMAND: POST /session/c52f3edd894b3289261c0762f3735e7d/element/f.00CEB3DD14B2376F96DB663D79287A8F.d.0C023ADC3FD4136E1CF9256FCE350117.e.12341/click - {}
RESULT: {"using":"xpath","value":"(//span[contains(@class ,\"sapMObjStatusText\")])[1]"}
COMMAND: POST /session/c52f3edd894b3289261c0762f3735e7d/execute/sync - {"script":"<script> [8489 bytes]","args":[{"element-6066-11e4-a52e-4f735466cecf":"f.00CEB3DD14B2376F96DB663D79287A8F.d.0C023ADC3FD4136E1CF9256FCE350117.e.12378","ELEMENT":"f.00CEB3DD14B2376F96DB663D79287A8F.d.0C023ADC3FD4136E1CF9256FCE350117.e.12378"}]}
RESULT: {"script":"<script> [8489 bytes]","args":[{"element-6066-11e4-a52e-4f735466cecf":"f.00CEB3DD14B2376F96DB663D79287A8F.d.0C023ADC3FD4136E1CF9256FCE350117.e.12378","ELEMENT":"f.00CEB3DD14B2376F96DB663D79287A8F.d.0C023ADC3FD4136E1CF9256FCE350117.e.12378"}]}
RESULT: {}
COMMAND: GET /session/c52f3edd894b3289261c0762f3735e7d/screenshot - {}
COMMAND: GET /session/c52f3edd894b3289261c0762f3735e7d/screenshot - {}
RESULT: {}
RESULT: {}
COMMAND: POST /session/c52f3edd894b3289261c0762f3735e7d/element - {"using":"xpath","value":"//input[contains(@id ,\"yardId-inner\")]"}
RESULT: {"using":"xpath","value":"//input[contains(@id ,\"yardId-inner\")]"}
COMMAND: POST /session/c52f3edd894b3289261c0762f3735e7d/execute/sync - {"script":"<script> [8489 bytes]","args":[{"element-6066-11e4-a52e-4f735466cecf":"f.00CEB3DD14B2376F96DB663D79287A8F.d.0C023ADC3FD4136E1CF9256FCE350117.e.12480","ELEMENT":"f.00CEB3DD14B2376F96DB663D79287A8F.d.0C023ADC3FD4136E1CF9256FCE350117.e.12480"}]}
RESULT: {"script":"<script> [8489 bytes]","args":[{"element-6066-11e4-a52e-4f735466cecf":"f.00CEB3DD14B2376F96DB663D79287A8F.d.0C023ADC3FD4136E1CF9256FCE350117.e.12480","ELEMENT":"f.00CEB3DD14B2376F96DB663D79287A8F.d.0C023ADC3FD4136E1CF9256FCE350117.e.12480"}]}
COMMAND: POST /session/c52f3edd894b3289261c0762f3735e7d/element - {"using":"xpath","value":"//input[contains(@id ,\"yardId-inner\")]"}
COMMAND: GET /session/c52f3edd894b3289261c0762f3735e7d/screenshot - {}
RESULT: {"using":"xpath","value":"//input[contains(@id ,\"yardId-inner\")]"}
COMMAND: GET /session/c52f3edd894b3289261c0762f3735e7d/element/f.00CEB3DD14B2376F96DB663D79287A8F.d.0C023ADC3FD4136E1CF9256FCE350117.e.12480/enabled - {}
RESULT: {}
RESULT: {}
COMMAND: POST /session/c52f3edd894b3289261c0762f3735e7d/element/f.00CEB3DD14B2376F96DB663D79287A8F.d.0C023ADC3FD4136E1CF9256FCE350117.e.12480/clear - {}
COMMAND: GET /session/c52f3edd894b3289261c0762f3735e7d/screenshot - {}
RESULT: {}
COMMAND: POST /session/c52f3edd894b3289261c0762f3735e7d/element/f.00CEB3DD14B2376F96DB663D79287A8F.d.0C023ADC3FD4136E1CF9256FCE350117.e.12480/value - {"text":"WebdriverYard13qkk"}
COMMAND: GET /session/c52f3edd894b3289261c0762f3735e7d/screenshot - {}
RESULT: {}
RESULT: {"text":"WebdriverYard13qkk"}
COMMAND: GET /session/c52f3edd894b3289261c0762f3735e7d/screenshot - {}
RESULT: {}
RESULT: {}
COMMAND: POST /session/c52f3edd894b3289261c0762f3735e7d/element - {"using":"xpath","value":"//input[contains(@id ,\"customerNumber-inner\")]"}
RESULT: {"using":"xpath","value":"//input[contains(@id ,\"customerNumber-inner\")]"}
COMMAND: POST /session/c52f3edd894b3289261c0762f3735e7d/element/f.00CEB3DD14B2376F96DB663D79287A8F.d.0C023ADC3FD4136E1CF9256FCE350117.e.12474/value - {"text":"WebdriverPartnerhszcf"}
COMMAND: POST /session/c52f3edd894b3289261c0762f3735e7d/actions - {"actions":[{"id":"action97","type":"key","parameters":{},"actions":[{"type":"keyDown","value":""},{"type":"pause","duration":10},{"type":"keyUp","value":""}]}]}
RESULT: {"actions":[{"id":"action97","type":"key","parameters":{},"actions":[{"type":"keyDown","value":""},{"type":"pause","duration":10},{"type":"keyUp","value":""}]}]}
COMMAND: GET /session/c52f3edd894b3289261c0762f3735e7d/screenshot - {}
RESULT: {"text":"WebdriverPartnerhszcf"}
COMMAND: GET /session/c52f3edd894b3289261c0762f3735e7d/screenshot - {}
RESULT: {}
RESULT: {}
COMMAND: POST /session/c52f3edd894b3289261c0762f3735e7d/element/f.00CEB3DD14B2376F96DB663D79287A8F.d.0C023ADC3FD4136E1CF9256FCE350117.e.12480/clear - {}
RESULT: {}
COMMAND: POST /session/c52f3edd894b3289261c0762f3735e7d/element/f.00CEB3DD14B2376F96DB663D79287A8F.d.0C023ADC3FD4136E1CF9256FCE350117.e.12480/clear - {}
COMMAND: GET /session/c52f3edd894b3289261c0762f3735e7d/screenshot - {}
RESULT: {}
COMMAND: POST /session/c52f3edd894b3289261c0762f3735e7d/element/f.00CEB3DD14B2376F96DB663D79287A8F.d.0C023ADC3FD4136E1CF9256FCE350117.e.12480/value - {"text":"WebdriverYard13qkk"}
COMMAND: GET /session/c52f3edd894b3289261c0762f3735e7d/screenshot - {}
RESULT: {}
RESULT: {"text":"WebdriverYard13qkk"}
COMMAND: GET /session/c52f3edd894b3289261c0762f3735e7d/screenshot - {}
RESULT: {}
RESULT: {}
COMMAND: POST /session/c52f3edd894b3289261c0762f3735e7d/actions - {"actions":[{"id":"action98","type":"key","parameters":{},"actions":[{"type":"keyDown","value":""},{"type":"pause","duration":10},{"type":"keyUp","value":""}]}]}
RESULT: {"actions":[{"id":"action98","type":"key","parameters":{},"actions":[{"type":"keyDown","value":""},{"type":"pause","duration":10},{"type":"keyUp","value":""}]}]}
COMMAND: GET /session/c52f3edd894b3289261c0762f3735e7d/screenshot - {}
RESULT: {}
COMMAND: POST /session/c52f3edd894b3289261c0762f3735e7d/actions - {"actions":[{"id":"action99","type":"key","parameters":{},"actions":[{"type":"keyDown","value":""},{"type":"pause","duration":10},{"type":"keyUp","value":""}]}]}
RESULT: {"actions":[{"id":"action99","type":"key","parameters":{},"actions":[{"type":"keyDown","value":""},{"type":"pause","duration":10},{"type":"keyUp","value":""}]}]}
COMMAND: GET /session/c52f3edd894b3289261c0762f3735e7d/screenshot - {}
RESULT: {}
COMMAND: GET /session/c52f3edd894b3289261c0762f3735e7d/element/f.00CEB3DD14B2376F96DB663D79287A8F.d.0C023ADC3FD4136E1CF9256FCE350117.e.12474/property/value - {}
RESULT: {}
COMMAND: POST /session/c52f3edd894b3289261c0762f3735e7d/element - {"using":"xpath","value":"//input[contains(@id ,\"requestSiteId-inner\")]"}
COMMAND: GET /session/c52f3edd894b3289261c0762f3735e7d/screenshot - {}
RESULT: {"using":"xpath","value":"//input[contains(@id ,\"requestSiteId-inner\")]"}
COMMAND: POST /session/c52f3edd894b3289261c0762f3735e7d/element/f.00CEB3DD14B2376F96DB663D79287A8F.d.0C023ADC3FD4136E1CF9256FCE350117.e.12473/value - {"text":"WebdriverSitept89b"}
RESULT: {}
RESULT: {"text":"WebdriverSitept89b"}
COMMAND: GET /session/c52f3edd894b3289261c0762f3735e7d/screenshot - {}
RESULT: {}
COMMAND: POST /session/c52f3edd894b3289261c0762f3735e7d/actions - {"actions":[{"id":"action100","type":"key","parameters":{},"actions":[{"type":"keyDown","value":""},{"type":"pause","duration":10},{"type":"keyUp","value":""}]}]}
RESULT: {"actions":[{"id":"action100","type":"key","parameters":{},"actions":[{"type":"keyDown","value":""},{"type":"pause","duration":10},{"type":"keyUp","value":""}]}]}
COMMAND: GET /session/c52f3edd894b3289261c0762f3735e7d/screenshot - {}
RESULT: {}
COMMAND: POST /session/c52f3edd894b3289261c0762f3735e7d/element - {"using":"xpath","value":"//button[contains(@data-kt ,\"requestItemAddOverflowToolbarButton\")]"}
RESULT: {"using":"xpath","value":"//button[contains(@data-kt ,\"requestItemAddOverflowToolbarButton\")]"}
COMMAND: POST /session/c52f3edd894b3289261c0762f3735e7d/element/f.00CEB3DD14B2376F96DB663D79287A8F.d.0C023ADC3FD4136E1CF9256FCE350117.e.12631/click - {}
RESULT: {}
COMMAND: GET /session/c52f3edd894b3289261c0762f3735e7d/screenshot - {}
RESULT: {}
COMMAND: POST /session/c52f3edd894b3289261c0762f3735e7d/actions - {"actions":[{"id":"action101","type":"key","parameters":{},"actions":[{"type":"keyDown","value":""},{"type":"pause","duration":10},{"type":"keyUp","value":""}]}]}
RESULT: {"actions":[{"id":"action101","type":"key","parameters":{},"actions":[{"type":"keyDown","value":""},{"type":"pause","duration":10},{"type":"keyUp","value":""}]}]}
COMMAND: POST /session/c52f3edd894b3289261c0762f3735e7d/actions - {"actions":[{"id":"action102","type":"key","parameters":{},"actions":[{"type":"keyDown","value":""},{"type":"pause","duration":10},{"type":"keyUp","value":""}]}]}
COMMAND: GET /session/c52f3edd894b3289261c0762f3735e7d/screenshot - {}
RESULT: {"actions":[{"id":"action102","type":"key","parameters":{},"actions":[{"type":"keyDown","value":""},{"type":"pause","duration":10},{"type":"keyUp","value":""}]}]}
COMMAND: GET /session/c52f3edd894b3289261c0762f3735e7d/screenshot - {}
RESULT: {}
RESULT: {}
COMMAND: POST /session/c52f3edd894b3289261c0762f3735e7d/element - {"using":"xpath","value":"(//input[contains(@id ,\"requestItemsTable-0-inner\")])[1]"}
RESULT: {"using":"xpath","value":"(//input[contains(@id ,\"requestItemsTable-0-inner\")])[1]"}
COMMAND: POST /session/c52f3edd894b3289261c0762f3735e7d/element/f.00CEB3DD14B2376F96DB663D79287A8F.d.0C023ADC3FD4136E1CF9256FCE350117.e.12635/clear - {}
RESULT: {}
COMMAND: POST /session/c52f3edd894b3289261c0762f3735e7d/element/f.00CEB3DD14B2376F96DB663D79287A8F.d.0C023ADC3FD4136E1CF9256FCE350117.e.12635/value - {"text":"catalogItemaqzq5"}
COMMAND: GET /session/c52f3edd894b3289261c0762f3735e7d/screenshot - {}
RESULT: {"text":"catalogItemaqzq5"}
COMMAND: GET /session/c52f3edd894b3289261c0762f3735e7d/screenshot - {}
RESULT: {}
RESULT: {}
COMMAND: POST /session/c52f3edd894b3289261c0762f3735e7d/actions - {"actions":[{"id":"action103","type":"key","parameters":{},"actions":[{"type":"keyDown","value":""},{"type":"pause","duration":10},{"type":"keyUp","value":""}]}]}
RESULT: {"actions":[{"id":"action103","type":"key","parameters":{},"actions":[{"type":"keyDown","value":""},{"type":"pause","duration":10},{"type":"keyUp","value":""}]}]}
COMMAND: GET /session/c52f3edd894b3289261c0762f3735e7d/screenshot - {}
RESULT: {}
COMMAND: POST /session/c52f3edd894b3289261c0762f3735e7d/execute/async - {"script":"<script> [1562 bytes]","args":[{"selector":{"controlType":"sap.ui.core.Icon","viewName":"etm.portal.ui.managerequests.view.NewRequest","properties":{"src":{"regex":{"source":"slim\\-arrow\\-down"}}},"ancestor":{"controlType":"sap.m.Button","viewName":"etm.portal.ui.managerequests.view.NewRequest","properties":{"icon":"sap-icon://slim-arrow-down"}}},"wdio_ui5_key":"etmportal.ui.managerequests.view.NewRequestsap.ui.core.Icon{\"src\":{\"regex\":{\"source\":\"slim\\\\-arrow\\\\-down\"}}}{\"controlType\":\"sap.m.Button\",\"viewName\":\"etm.portal.ui.managerequests.view.NewRequest\",\"properties\":{\"icon\":\"sap-icon://slim-arrow-down\"}}"}]}
RESULT: {"script":"<script> [1562 bytes]","args":[{"selector":{"controlType":"sap.ui.core.Icon","viewName":"etm.portal.ui.managerequests.view.NewRequest","properties":{"src":{"regex":{"source":"slim\\-arrow\\-down"}}},"ancestor":{"controlType":"sap.m.Button","viewName":"etm.portal.ui.managerequests.view.NewRequest","properties":{"icon":"sap-icon://slim-arrow-down"}}},"wdio_ui5_key":"etmportal.ui.managerequests.view.NewRequestsap.ui.core.Icon{\"src\":{\"regex\":{\"source\":\"slim\\\\-arrow\\\\-down\"}}}{\"controlType\":\"sap.m.Button\",\"viewName\":\"etm.portal.ui.managerequests.view.NewRequest\",\"properties\":{\"icon\":\"sap-icon://slim-arrow-down\"}}"}]}
RESULT: undefined
COMMAND: POST /session/c52f3edd894b3289261c0762f3735e7d/element - {"using":"xpath","value":"//div[contains(@data-kt ,\"splitAllocationObjectStatus\")]"}
RESULT: {"using":"xpath","value":"//div[contains(@data-kt ,\"splitAllocationObjectStatus\")]"}
COMMAND: POST /session/c52f3edd894b3289261c0762f3735e7d/elements - {"using":"xpath","value":"//div[contains(@data-kt ,\"splitAllocationObjectStatus\")]"}
RESULT: {"using":"xpath","value":"//div[contains(@data-kt ,\"splitAllocationObjectStatus\")]"}
COMMAND: POST /session/c52f3edd894b3289261c0762f3735e7d/execute/async - {"script":"<script> [1562 bytes]","args":[{"selector":{"controlType":"sap.ui.core.Icon","viewName":"etm.portal.ui.managerequests.view.NewRequest","properties":{"src":{"regex":{"source":"message\\-error"}}}},"wdio_ui5_key":"etmportal.ui.managerequests.view.NewRequestsap.ui.core.Icon{\"src\":{\"regex\":{\"source\":\"message\\\\-error\"}}}"}]}
RESULT: {"script":"<script> [1562 bytes]","args":[{"selector":{"controlType":"sap.ui.core.Icon","viewName":"etm.portal.ui.managerequests.view.NewRequest","properties":{"src":{"regex":{"source":"message\\-error"}}}},"wdio_ui5_key":"etmportal.ui.managerequests.view.NewRequestsap.ui.core.Icon{\"src\":{\"regex\":{\"source\":\"message\\\\-error\"}}}"}]}
RESULT: undefined
COMMAND: POST /session/c52f3edd894b3289261c0762f3735e7d/element - {"using":"xpath","value":"//*[@id=\"__status4-__xmlview59--requestItemsTable-0-icon\"]"}
RESULT: {"using":"xpath","value":"//*[@id=\"__status4-__xmlview59--requestItemsTable-0-icon\"]"}
COMMAND: POST /session/c52f3edd894b3289261c0762f3735e7d/element/f.00CEB3DD14B2376F96DB663D79287A8F.d.0C023ADC3FD4136E1CF9256FCE350117.e.12650/click - {}
RESULT: {}
COMMAND: POST /session/c52f3edd894b3289261c0762f3735e7d/execute/async - {"script":"<script> [1562 bytes]","args":[{"selector":{"controlType":"sap.ui.core.Icon","viewName":"etm.portal.ui.managerequests.view.NewRequest","properties":{"src":{"regex":{"source":"slim\\-arrow\\-down"}}},"searchOpenDialogs":true,"ancestor":{"id":"costObjectAdminTypeComboBox","viewName":"etm.portal.ui.managerequests.view.NewRequest","searchOpenDialogs":true}},"wdio_ui5_key":"etmportal.ui.managerequests.view.NewRequestsap.ui.core.Icon{\"src\":{\"regex\":{\"source\":\"slim\\\\-arrow\\\\-down\"}}}{\"id\":\"costObjectAdminTypeComboBox\",\"viewName\":\"etm.portal.ui.managerequests.view.NewRequest\",\"searchOpenDialogs\":true}"}]}
COMMAND: GET /session/c52f3edd894b3289261c0762f3735e7d/screenshot - {}
RESULT: {"script":"<script> [1562 bytes]","args":[{"selector":{"controlType":"sap.ui.core.Icon","viewName":"etm.portal.ui.managerequests.view.NewRequest","properties":{"src":{"regex":{"source":"slim\\-arrow\\-down"}}},"searchOpenDialogs":true,"ancestor":{"id":"costObjectAdminTypeComboBox","viewName":"etm.portal.ui.managerequests.view.NewRequest","searchOpenDialogs":true}},"wdio_ui5_key":"etmportal.ui.managerequests.view.NewRequestsap.ui.core.Icon{\"src\":{\"regex\":{\"source\":\"slim\\\\-arrow\\\\-down\"}}}{\"id\":\"costObjectAdminTypeComboBox\",\"viewName\":\"etm.portal.ui.managerequests.view.NewRequest\",\"searchOpenDialogs\":true}"}]}
RESULT: undefined
COMMAND: POST /session/c52f3edd894b3289261c0762f3735e7d/element - {"using":"xpath","value":"//*[@id=\"__xmlview59--costObjectAdminTypeComboBox-arrow\"]"}
RESULT: {}
RESULT: {"using":"xpath","value":"//*[@id=\"__xmlview59--costObjectAdminTypeComboBox-arrow\"]"}
COMMAND: POST /session/c52f3edd894b3289261c0762f3735e7d/element/f.00CEB3DD14B2376F96DB663D79287A8F.d.0C023ADC3FD4136E1CF9256FCE350117.e.12655/click - {}
RESULT: {}
COMMAND: POST /session/c52f3edd894b3289261c0762f3735e7d/execute/async - {"script":"<script> [1562 bytes]","args":[{"selector":{"controlType":"sap.m.StandardListItem","viewName":"etm.portal.ui.managerequests.view.NewRequest","properties":{"title":"Cost Center"},"searchOpenDialogs":true,"interaction":{"idSuffix":"titleText"}},"wdio_ui5_key":"etmportal.ui.managerequests.view.NewRequestsap.m.StandardListItem{\"title\":\"Cost Center\"}"}]}
COMMAND: GET /session/c52f3edd894b3289261c0762f3735e7d/screenshot - {}
RESULT: {"script":"<script> [1562 bytes]","args":[{"selector":{"controlType":"sap.m.StandardListItem","viewName":"etm.portal.ui.managerequests.view.NewRequest","properties":{"title":"Cost Center"},"searchOpenDialogs":true,"interaction":{"idSuffix":"titleText"}},"wdio_ui5_key":"etmportal.ui.managerequests.view.NewRequestsap.m.StandardListItem{\"title\":\"Cost Center\"}"}]}
RESULT: undefined
COMMAND: POST /session/c52f3edd894b3289261c0762f3735e7d/element - {"using":"xpath","value":"//*[@id=\"__item457\"]"}
RESULT: {}
RESULT: {"using":"xpath","value":"//*[@id=\"__item457\"]"}
COMMAND: POST /session/c52f3edd894b3289261c0762f3735e7d/element/f.00CEB3DD14B2376F96DB663D79287A8F.d.0C023ADC3FD4136E1CF9256FCE350117.e.12658/click - {}
RESULT: {}
COMMAND: GET /session/c52f3edd894b3289261c0762f3735e7d/screenshot - {}
RESULT: {}
COMMAND: POST /session/c52f3edd894b3289261c0762f3735e7d/execute/async - {"script":"<script> [1562 bytes]","args":[{"selector":{"controlType":"sap.ui.core.Icon","viewName":"etm.portal.ui.managerequests.view.NewRequest","properties":{"src":{"regex":{"source":"value\\-help"}}},"searchOpenDialogs":true},"wdio_ui5_key":"etmportal.ui.managerequests.view.NewRequestsap.ui.core.Icon{\"src\":{\"regex\":{\"source\":\"value\\\\-help\"}}}"}]}
RESULT: {"script":"<script> [1562 bytes]","args":[{"selector":{"controlType":"sap.ui.core.Icon","viewName":"etm.portal.ui.managerequests.view.NewRequest","properties":{"src":{"regex":{"source":"value\\-help"}}},"searchOpenDialogs":true},"wdio_ui5_key":"etmportal.ui.managerequests.view.NewRequestsap.ui.core.Icon{\"src\":{\"regex\":{\"source\":\"value\\\\-help\"}}}"}]}
RESULT: undefined
COMMAND: POST /session/c52f3edd894b3289261c0762f3735e7d/element - {"using":"xpath","value":"//*[@id=\"__xmlview59--costObjectIdComboBox-vhi\"]"}
RESULT: {"using":"xpath","value":"//*[@id=\"__xmlview59--costObjectIdComboBox-vhi\"]"}
COMMAND: POST /session/c52f3edd894b3289261c0762f3735e7d/element/f.00CEB3DD14B2376F96DB663D79287A8F.d.0C023ADC3FD4136E1CF9256FCE350117.e.12666/click - {}
RESULT: {}
COMMAND: POST /session/c52f3edd894b3289261c0762f3735e7d/execute/async - {"script":"<script> [1562 bytes]","args":[{"selector":{"controlType":"sap.m.SearchField","properties":{"placeholder":"Search"},"searchOpenDialogs":true,"interaction":{"idSuffix":"I"}},"wdio_ui5_key":"sapm.SearchField{\"placeholder\":\"Search\"}"}]}
COMMAND: GET /session/c52f3edd894b3289261c0762f3735e7d/screenshot - {}
RESULT: {"script":"<script> [1562 bytes]","args":[{"selector":{"controlType":"sap.m.SearchField","properties":{"placeholder":"Search"},"searchOpenDialogs":true,"interaction":{"idSuffix":"I"}},"wdio_ui5_key":"sapm.SearchField{\"placeholder\":\"Search\"}"}]}
RESULT: undefined
COMMAND: POST /session/c52f3edd894b3289261c0762f3735e7d/execute/async - {"script":"<script> [776 bytes]","args":[{"enterText":"10001010","selector":{"controlType":"sap.m.SearchField","properties":{"placeholder":"Search"},"searchOpenDialogs":true,"interaction":{"idSuffix":"I"}},"clearTextFirst":true,"interactionType":"ENTER_TEXT"}]}
RESULT: {}
RESULT: {"script":"<script> [776 bytes]","args":[{"enterText":"10001010","selector":{"controlType":"sap.m.SearchField","properties":{"placeholder":"Search"},"searchOpenDialogs":true,"interaction":{"idSuffix":"I"}},"clearTextFirst":true,"interactionType":"ENTER_TEXT"}]}
COMMAND: POST /session/c52f3edd894b3289261c0762f3735e7d/actions - {"actions":[{"id":"action104","type":"key","parameters":{},"actions":[{"type":"keyDown","value":""},{"type":"pause","duration":10},{"type":"keyUp","value":""}]}]}
RESULT: {"actions":[{"id":"action104","type":"key","parameters":{},"actions":[{"type":"keyDown","value":""},{"type":"pause","duration":10},{"type":"keyUp","value":""}]}]}
COMMAND: GET /session/c52f3edd894b3289261c0762f3735e7d/screenshot - {}
RESULT: {}
COMMAND: POST /session/c52f3edd894b3289261c0762f3735e7d/execute/async - {"script":"<script> [1562 bytes]","args":[{"selector":{"controlType":"sap.m.Text","bindingPath":{"path":"/C_CostCtrValueHelp(CostCenter='10001010',ControllingArea='Z001')","propertyPath":"CostCenterName","modelName":"CostCenterModel"},"searchOpenDialogs":true},"wdio_ui5_key":"sapm.Text{\"path\":\"/C_CostCtrValueHelp(CostCenter='10001010',ControllingArea='Z001')\",\"propertyPath\":\"CostCenterName\",\"modelName\":\"CostCenterModel\"}"}]}
RESULT: {"script":"<script> [1562 bytes]","args":[{"selector":{"controlType":"sap.m.Text","bindingPath":{"path":"/C_CostCtrValueHelp(CostCenter='10001010',ControllingArea='Z001')","propertyPath":"CostCenterName","modelName":"CostCenterModel"},"searchOpenDialogs":true},"wdio_ui5_key":"sapm.Text{\"path\":\"/C_CostCtrValueHelp(CostCenter='10001010',ControllingArea='Z001')\",\"propertyPath\":\"CostCenterName\",\"modelName\":\"CostCenterModel\"}"}]}
RESULT: undefined
COMMAND: POST /session/c52f3edd894b3289261c0762f3735e7d/element - {"using":"xpath","value":"//*[@id=\"__text291-__clone595\"]"}
RESULT: {"using":"xpath","value":"//*[@id=\"__text291-__clone595\"]"}
COMMAND: POST /session/c52f3edd894b3289261c0762f3735e7d/element/f.00CEB3DD14B2376F96DB663D79287A8F.d.0C023ADC3FD4136E1CF9256FCE350117.e.12706/click - {}
RESULT: {}
COMMAND: POST /session/c52f3edd894b3289261c0762f3735e7d/execute/async - {"script":"<script> [1562 bytes]","args":[{"selector":{"controlType":"sap.m.Button","properties":{"text":"OK"},"searchOpenDialogs":true,"interaction":{"idSuffix":"BDI-content"}},"wdio_ui5_key":"sapm.Button{\"text\":\"OK\"}"}]}
COMMAND: GET /session/c52f3edd894b3289261c0762f3735e7d/screenshot - {}
RESULT: {"script":"<script> [1562 bytes]","args":[{"selector":{"controlType":"sap.m.Button","properties":{"text":"OK"},"searchOpenDialogs":true,"interaction":{"idSuffix":"BDI-content"}},"wdio_ui5_key":"sapm.Button{\"text\":\"OK\"}"}]}
RESULT: undefined
COMMAND: POST /session/c52f3edd894b3289261c0762f3735e7d/element - {"using":"xpath","value":"//*[@id=\"__dialog1-ok\"]"}
RESULT: {}
RESULT: {"using":"xpath","value":"//*[@id=\"__dialog1-ok\"]"}
COMMAND: POST /session/c52f3edd894b3289261c0762f3735e7d/element/f.00CEB3DD14B2376F96DB663D79287A8F.d.0C023ADC3FD4136E1CF9256FCE350117.e.12708/click - {}
RESULT: {}
COMMAND: GET /session/c52f3edd894b3289261c0762f3735e7d/screenshot - {}
RESULT: {}
COMMAND: POST /session/c52f3edd894b3289261c0762f3735e7d/execute/async - {"script":"<script> [1562 bytes]","args":[{"selector":{"controlType":"sap.m.Button","viewName":"etm.portal.ui.managerequests.view.NewRequest","i18NText":{"propertyName":"text","key":"save"},"searchOpenDialogs":true,"interaction":{"idSuffix":"BDI-content"}},"wdio_ui5_key":"etmportal.ui.managerequests.view.NewRequestsap.m.Button{\"propertyName\":\"text\",\"key\":\"save\"}"}]}
RESULT: {"script":"<script> [1562 bytes]","args":[{"selector":{"controlType":"sap.m.Button","viewName":"etm.portal.ui.managerequests.view.NewRequest","i18NText":{"propertyName":"text","key":"save"},"searchOpenDialogs":true,"interaction":{"idSuffix":"BDI-content"}},"wdio_ui5_key":"etmportal.ui.managerequests.view.NewRequestsap.m.Button{\"propertyName\":\"text\",\"key\":\"save\"}"}]}
RESULT: undefined
COMMAND: POST /session/c52f3edd894b3289261c0762f3735e7d/element - {"using":"xpath","value":"//*[@id=\"__button24\"]"}
RESULT: {"using":"xpath","value":"//*[@id=\"__button24\"]"}
COMMAND: POST /session/c52f3edd894b3289261c0762f3735e7d/element/f.00CEB3DD14B2376F96DB663D79287A8F.d.0C023ADC3FD4136E1CF9256FCE350117.e.12712/click - {}
RESULT: {}
COMMAND: GET /session/c52f3edd894b3289261c0762f3735e7d/screenshot - {}
RESULT: {}
COMMAND: POST /session/c52f3edd894b3289261c0762f3735e7d/element - {"using":"xpath","value":"(//bdi[contains(text() ,\"Save\")])[1]"}
RESULT: {"using":"xpath","value":"(//bdi[contains(text() ,\"Save\")])[1]"}
COMMAND: POST /session/c52f3edd894b3289261c0762f3735e7d/element/f.00CEB3DD14B2376F96DB663D79287A8F.d.0C023ADC3FD4136E1CF9256FCE350117.e.12714/click - {}
RESULT: {}
COMMAND: GET /session/c52f3edd894b3289261c0762f3735e7d/screenshot - {}
RESULT: {}
COMMAND: POST /session/c52f3edd894b3289261c0762f3735e7d/execute/async - {"script":"<script> [1562 bytes]","args":[{"selector":{"controlType":"sap.m.Title","properties":{"text":"Success"},"searchOpenDialogs":true},"wdio_ui5_key":"sapm.Title{\"text\":\"Success\"}"}]}
RESULT: {"script":"<script> [1562 bytes]","args":[{"selector":{"controlType":"sap.m.Title","properties":{"text":"Success"},"searchOpenDialogs":true},"wdio_ui5_key":"sapm.Title{\"text\":\"Success\"}"}]}
RESULT: undefined
COMMAND: POST /session/c52f3edd894b3289261c0762f3735e7d/execute/async - {"script":"<script> [6424 bytes]","args":[{"element-6066-11e4-a52e-4f735466cecf":"f.00CEB3DD14B2376F96DB663D79287A8F.d.0C023ADC3FD4136E1CF9256FCE350117.e.12717"},"getText",[]]}
RESULT: {"script":"<script> [6424 bytes]","args":[{"element-6066-11e4-a52e-4f735466cecf":"f.00CEB3DD14B2376F96DB663D79287A8F.d.0C023ADC3FD4136E1CF9256FCE350117.e.12717"},"getText",[]]}
COMMAND: POST /session/c52f3edd894b3289261c0762f3735e7d/execute/async - {"script":"<script> [1562 bytes]","args":[{"selector":{"controlType":"sap.m.Button","properties":{"text":"Close"},"searchOpenDialogs":true,"interaction":{"idSuffix":"BDI-content"}},"wdio_ui5_key":"sapm.Button{\"text\":\"Close\"}"}]}
RESULT: {"script":"<script> [1562 bytes]","args":[{"selector":{"controlType":"sap.m.Button","properties":{"text":"Close"},"searchOpenDialogs":true,"interaction":{"idSuffix":"BDI-content"}},"wdio_ui5_key":"sapm.Button{\"text\":\"Close\"}"}]}
RESULT: undefined
COMMAND: POST /session/c52f3edd894b3289261c0762f3735e7d/element - {"using":"xpath","value":"//*[@id=\"__mbox-btn-0\"]"}
RESULT: {"using":"xpath","value":"//*[@id=\"__mbox-btn-0\"]"}
COMMAND: POST /session/c52f3edd894b3289261c0762f3735e7d/element/f.00CEB3DD14B2376F96DB663D79287A8F.d.0C023ADC3FD4136E1CF9256FCE350117.e.12716/click - {}
RESULT: {}
COMMAND: GET /session/c52f3edd894b3289261c0762f3735e7d/screenshot - {}
RESULT: {}
COMMAND: POST /session/c52f3edd894b3289261c0762f3735e7d/execute/async - {"script":"<script> [1562 bytes]","args":[{"selector":{"controlType":"sap.m.Text","viewName":"etm.portal.ui.managerequests.view.Detail","bindingPath":{"propertyPath":"NO","modelName":"catalogModel"}},"wdio_ui5_key":"etmportal.ui.managerequests.view.Detailsap.m.Text{\"propertyPath\":\"NO\",\"modelName\":\"catalogModel\"}"}]}
RESULT: {"script":"<script> [1562 bytes]","args":[{"selector":{"controlType":"sap.m.Text","viewName":"etm.portal.ui.managerequests.view.Detail","bindingPath":{"propertyPath":"NO","modelName":"catalogModel"}},"wdio_ui5_key":"etmportal.ui.managerequests.view.Detailsap.m.Text{\"propertyPath\":\"NO\",\"modelName\":\"catalogModel\"}"}]}
RESULT: undefined
COMMAND: POST /session/c52f3edd894b3289261c0762f3735e7d/execute/async - {"script":"<script> [6424 bytes]","args":[{"element-6066-11e4-a52e-4f735466cecf":"f.00CEB3DD14B2376F96DB663D79287A8F.d.0C023ADC3FD4136E1CF9256FCE350117.e.12844"},"getText",[]]}
RESULT: {"script":"<script> [6424 bytes]","args":[{"element-6066-11e4-a52e-4f735466cecf":"f.00CEB3DD14B2376F96DB663D79287A8F.d.0C023ADC3FD4136E1CF9256FCE350117.e.12844"},"getText",[]]}
COMMAND: POST /session/c52f3edd894b3289261c0762f3735e7d/execute/async - {"script":"<script> [1562 bytes]","args":[{"selector":{"controlType":"sap.ui.core.Icon","viewName":"etm.portal.ui.managerequests.view.Detail","properties":{"src":{"regex":{"source":"date\\-time"}}},"ancestor":{"controlType":"sap.m.ColumnListItem","viewName":"etm.portal.ui.managerequests.view.Detail","bindingPath":{"path":"/SmartRequestItemsPlanningBoard(ITEM=10m,REQUEST='20108')"},"ancestor":{"id":"requestItemsTable","viewName":"etm.portal.ui.managerequests.view.Detail"}}},"wdio_ui5_key":"etmportal.ui.managerequests.view.Detailsap.ui.core.Icon{\"src\":{\"regex\":{\"source\":\"date\\\\-time\"}}}{\"controlType\":\"sap.m.ColumnListItem\",\"viewName\":\"etm.portal.ui.managerequests.view.Detail\",\"bindingPath\":{\"path\":\"/SmartRequestItemsPlanningBoard(ITEM=10m,REQUEST='20108')\"},\"ancestor\":{\"id\":\"requestItemsTable\",\"viewName\":\"etm.portal.ui.managerequests.view.Detail\"}}"}]}
RESULT: {"script":"<script> [1562 bytes]","args":[{"selector":{"controlType":"sap.ui.core.Icon","viewName":"etm.portal.ui.managerequests.view.Detail","properties":{"src":{"regex":{"source":"date\\-time"}}},"ancestor":{"controlType":"sap.m.ColumnListItem","viewName":"etm.portal.ui.managerequests.view.Detail","bindingPath":{"path":"/SmartRequestItemsPlanningBoard(ITEM=10m,REQUEST='20108')"},"ancestor":{"id":"requestItemsTable","viewName":"etm.portal.ui.managerequests.view.Detail"}}},"wdio_ui5_key":"etmportal.ui.managerequests.view.Detailsap.ui.core.Icon{\"src\":{\"regex\":{\"source\":\"date\\\\-time\"}}}{\"controlType\":\"sap.m.ColumnListItem\",\"viewName\":\"etm.portal.ui.managerequests.view.Detail\",\"bindingPath\":{\"path\":\"/SmartRequestItemsPlanningBoard(ITEM=10m,REQUEST='20108')\"},\"ancestor\":{\"id\":\"requestItemsTable\",\"viewName\":\"etm.portal.ui.managerequests.view.Detail\"}}"}]}
RESULT: undefined
COMMAND: POST /session/c52f3edd894b3289261c0762f3735e7d/element - {"using":"xpath","value":"//*[@id=\"__button39-__clone634-img\"]"}
RESULT: {"using":"xpath","value":"//*[@id=\"__button39-__clone634-img\"]"}
COMMAND: POST /session/c52f3edd894b3289261c0762f3735e7d/element/f.00CEB3DD14B2376F96DB663D79287A8F.d.0C023ADC3FD4136E1CF9256FCE350117.e.12845/click - {}
RESULT: {}
COMMAND: POST /session/c52f3edd894b3289261c0762f3735e7d/execute/async - {"script":"<script> [1562 bytes]","args":[{"selector":{"controlType":"sap.m.Button","viewName":"etm.portal.ui.managerequests.view.Detail","properties":{"text":"Close"},"searchOpenDialogs":true,"interaction":{"idSuffix":"BDI-content"}},"wdio_ui5_key":"etmportal.ui.managerequests.view.Detailsap.m.Button{\"text\":\"Close\"}"}]}
COMMAND: GET /session/c52f3edd894b3289261c0762f3735e7d/screenshot - {}
RESULT: {"script":"<script> [1562 bytes]","args":[{"selector":{"controlType":"sap.m.Button","viewName":"etm.portal.ui.managerequests.view.Detail","properties":{"text":"Close"},"searchOpenDialogs":true,"interaction":{"idSuffix":"BDI-content"}},"wdio_ui5_key":"etmportal.ui.managerequests.view.Detailsap.m.Button{\"text\":\"Close\"}"}]}
RESULT: undefined
COMMAND: POST /session/c52f3edd894b3289261c0762f3735e7d/element - {"using":"xpath","value":"//*[@id=\"__button49\"]"}
RESULT: {}
RESULT: {"using":"xpath","value":"//*[@id=\"__button49\"]"}
COMMAND: POST /session/c52f3edd894b3289261c0762f3735e7d/element/f.00CEB3DD14B2376F96DB663D79287A8F.d.0C023ADC3FD4136E1CF9256FCE350117.e.12848/click - {}
RESULT: {}
COMMAND: POST /session/c52f3edd894b3289261c0762f3735e7d/refresh - {}
COMMAND: GET /session/c52f3edd894b3289261c0762f3735e7d/screenshot - {}
RESULT: {}
COMMAND: GET /session/c52f3edd894b3289261c0762f3735e7d/screenshot - {}
RESULT: {}
RESULT: {}
COMMAND: POST /session/c52f3edd894b3289261c0762f3735e7d/execute/async - {"script":"<script> [189 bytes]","args":[]}
RESULT: {"script":"<script> [189 bytes]","args":[]}
COMMAND: POST /session/c52f3edd894b3289261c0762f3735e7d/execute/async - {"script":"<script> [123 bytes]","args":[]}
RESULT: {"script":"<script> [123 bytes]","args":[]}
COMMAND: POST /session/c52f3edd894b3289261c0762f3735e7d/timeouts - {"script":"<number>"}
RESULT: {"script":"<number>"}
COMMAND: GET /session/c52f3edd894b3289261c0762f3735e7d/timeouts - {}
RESULT: {}
RESULT: undefined
COMMAND: POST /session/c52f3edd894b3289261c0762f3735e7d/execute/async - {"script":"<script> [2676 bytes]","args":[]}
RESULT: {"script":"<script> [2676 bytes]","args":[]}
COMMAND: POST /session/c52f3edd894b3289261c0762f3735e7d/execute/async - {"script":"<script> [2342 bytes]","args":[{"protocol":"http","hostname":"0.0.0.0","path":"/","capabilities":{"browserName":"chrome","goog:chromeOptions":{"binary":"C:\\Program Files\\Google\\Chrome\\Application\\chrome.exe","args":["--start-maximized"]}},"logLevel":"warn","connectionRetryTimeout":120000,"connectionRetryCount":3,"logLevels":{},"enableDirectConnect":true,"strictSSL":true,"_":"65 more keys: [\"cacheDir\",\"port\",\"requestedCapabilities\",\"automationProtocol\",\"baseUrl\",\"waitforInterval\",\"waitforTimeout\",\"onReload\",\"beforeCommand\",\"afterCommand\",\"rootDir\",\"specs\",\"suites\",\"exclude\",\"groupLogsByTestSpec\",\"excludeDriverLogs\",\"bail\",\"framework\",\"reporters\",\"services\",\"maxInstances\",\"maxInstancesPerCapability\",\"injectGlobals\",\"filesToWatch\",\"execArgv\",\"runnerEnv\",\"runner\",\"shard\",\"specFileRetries\",\"specFileRetriesDelay\",\"specFileRetriesDeferred\",\"reporterSyncInterval\",\"reporterSyncTimeout\",\"cucumberFeaturesWithLineNumbers\",\"autoCompileOpts\",\"mochaOpts\",\"jasmineOpts\",\"cucumberOpts\",\"onPrepare\",\"onWorkerStart\",\"onWorkerEnd\",\"before\",\"beforeSession\",\"beforeSuite\",\"beforeHook\",\"beforeTest\",\"afterTest\",\"afterHook\",\"afterSuite\",\"afterSession\",\"after\",\"onComplete\",\"beforeAssertion\",\"afterAssertion\",\"beforeFeature\",\"beforeScenario\",\"beforeStep\",\"afterStep\",\"afterScenario\",\"afterFeature\",\"_\",\"suite\",\"$0\",\"ignoredWorkerServices\",\"wdi5\"]"}]}
RESULT: {"script":"<script> [2342 bytes]","args":[{"protocol":"http","hostname":"0.0.0.0","path":"/","capabilities":{"browserName":"chrome","goog:chromeOptions":{"binary":"C:\\Program Files\\Google\\Chrome\\Application\\chrome.exe","args":["--start-maximized"]}},"logLevel":"warn","connectionRetryTimeout":120000,"connectionRetryCount":3,"logLevels":{},"enableDirectConnect":true,"strictSSL":true,"_":"65 more keys: [\"cacheDir\",\"port\",\"requestedCapabilities\",\"automationProtocol\",\"baseUrl\",\"waitforInterval\",\"waitforTimeout\",\"onReload\",\"beforeCommand\",\"afterCommand\",\"rootDir\",\"specs\",\"suites\",\"exclude\",\"groupLogsByTestSpec\",\"excludeDriverLogs\",\"bail\",\"framework\",\"reporters\",\"services\",\"maxInstances\",\"maxInstancesPerCapability\",\"injectGlobals\",\"filesToWatch\",\"execArgv\",\"runnerEnv\",\"runner\",\"shard\",\"specFileRetries\",\"specFileRetriesDelay\",\"specFileRetriesDeferred\",\"reporterSyncInterval\",\"reporterSyncTimeout\",\"cucumberFeaturesWithLineNumbers\",\"autoCompileOpts\",\"mochaOpts\",\"jasmineOpts\",\"cucumberOpts\",\"onPrepare\",\"onWorkerStart\",\"onWorkerEnd\",\"before\",\"beforeSession\",\"beforeSuite\",\"beforeHook\",\"beforeTest\",\"afterTest\",\"afterHook\",\"afterSuite\",\"afterSession\",\"after\",\"onComplete\",\"beforeAssertion\",\"afterAssertion\",\"beforeFeature\",\"beforeScenario\",\"beforeStep\",\"afterStep\",\"afterScenario\",\"afterFeature\",\"_\",\"suite\",\"$0\",\"ignoredWorkerServices\",\"wdi5\"]"}]}
COMMAND: POST /session/c52f3edd894b3289261c0762f3735e7d/execute/async - {"script":"<script> [21126 bytes]","args":[35000]}
RESULT: {"script":"<script> [21126 bytes]","args":[35000]}
]]></system-out>
    </testcase>
    <testcase classname="chrome.136_0_7103_93.windows.Process_request_items_into_new_quotation_US120163" name="Should process the request into a new quotation" time="53.135">
      <system-out><![CDATA[
COMMAND: GET /session/c52f3edd894b3289261c0762f3735e7d/window - {}
RESULT: {}
COMMAND: POST /session/c52f3edd894b3289261c0762f3735e7d/element - {"using":"xpath","value":"//span[contains(@id ,\"detailHeaderTitle-_actionsToolbar-overflowButton-img\")]"}
RESULT: {"using":"xpath","value":"//span[contains(@id ,\"detailHeaderTitle-_actionsToolbar-overflowButton-img\")]"}
COMMAND: POST /session/c52f3edd894b3289261c0762f3735e7d/element/f.00CEB3DD14B2376F96DB663D79287A8F.d.0E110F4126FE2E20BF5DC75195F91AB7.e.13068/click - {}
RESULT: {}
COMMAND: GET /session/c52f3edd894b3289261c0762f3735e7d/screenshot - {}
RESULT: {}
COMMAND: POST /session/c52f3edd894b3289261c0762f3735e7d/element - {"using":"xpath","value":"//span[contains(@id ,\"actionsMenuButton-internalSplitBtn-arrowButton-img\")]"}
RESULT: {"using":"xpath","value":"//span[contains(@id ,\"actionsMenuButton-internalSplitBtn-arrowButton-img\")]"}
COMMAND: POST /session/c52f3edd894b3289261c0762f3735e7d/element/f.00CEB3DD14B2376F96DB663D79287A8F.d.0E110F4126FE2E20BF5DC75195F91AB7.e.13072/click - {}
RESULT: {}
COMMAND: GET /session/c52f3edd894b3289261c0762f3735e7d/screenshot - {}
RESULT: {}
COMMAND: POST /session/c52f3edd894b3289261c0762f3735e7d/actions - {"actions":[{"id":"action105","type":"key","parameters":{},"actions":[{"type":"keyDown","value":""},{"type":"pause","duration":10},{"type":"keyUp","value":""}]}]}
RESULT: {"actions":[{"id":"action105","type":"key","parameters":{},"actions":[{"type":"keyDown","value":""},{"type":"pause","duration":10},{"type":"keyUp","value":""}]}]}
COMMAND: GET /session/c52f3edd894b3289261c0762f3735e7d/screenshot - {}
RESULT: {}
COMMAND: POST /session/c52f3edd894b3289261c0762f3735e7d/actions - {"actions":[{"id":"action106","type":"key","parameters":{},"actions":[{"type":"keyDown","value":""},{"type":"pause","duration":10},{"type":"keyUp","value":""}]}]}
RESULT: {"actions":[{"id":"action106","type":"key","parameters":{},"actions":[{"type":"keyDown","value":""},{"type":"pause","duration":10},{"type":"keyUp","value":""}]}]}
COMMAND: GET /session/c52f3edd894b3289261c0762f3735e7d/screenshot - {}
RESULT: {}
COMMAND: POST /session/c52f3edd894b3289261c0762f3735e7d/actions - {"actions":[{"id":"action107","type":"key","parameters":{},"actions":[{"type":"keyDown","value":""},{"type":"pause","duration":10},{"type":"keyUp","value":""}]}]}
RESULT: {"actions":[{"id":"action107","type":"key","parameters":{},"actions":[{"type":"keyDown","value":""},{"type":"pause","duration":10},{"type":"keyUp","value":""}]}]}
COMMAND: GET /session/c52f3edd894b3289261c0762f3735e7d/screenshot - {}
RESULT: {}
COMMAND: POST /session/c52f3edd894b3289261c0762f3735e7d/actions - {"actions":[{"id":"action108","type":"key","parameters":{},"actions":[{"type":"keyDown","value":""},{"type":"pause","duration":10},{"type":"keyUp","value":""}]}]}
RESULT: {"actions":[{"id":"action108","type":"key","parameters":{},"actions":[{"type":"keyDown","value":""},{"type":"pause","duration":10},{"type":"keyUp","value":""}]}]}
COMMAND: GET /session/c52f3edd894b3289261c0762f3735e7d/screenshot - {}
RESULT: {}
COMMAND: POST /session/c52f3edd894b3289261c0762f3735e7d/actions - {"actions":[{"id":"action109","type":"key","parameters":{},"actions":[{"type":"keyDown","value":""},{"type":"pause","duration":10},{"type":"keyUp","value":""}]}]}
RESULT: {"actions":[{"id":"action109","type":"key","parameters":{},"actions":[{"type":"keyDown","value":""},{"type":"pause","duration":10},{"type":"keyUp","value":""}]}]}
COMMAND: GET /session/c52f3edd894b3289261c0762f3735e7d/screenshot - {}
RESULT: {}
COMMAND: GET /session/c52f3edd894b3289261c0762f3735e7d/window/handles - {}
RESULT: {}
COMMAND: GET /session/c52f3edd894b3289261c0762f3735e7d/window/handles - {}
RESULT: {}
COMMAND: POST /session/c52f3edd894b3289261c0762f3735e7d/window - {"handle":"3F5288151349DEB7A3D01C37BF3D14D1"}
RESULT: {"handle":"3F5288151349DEB7A3D01C37BF3D14D1"}
COMMAND: GET /session/c52f3edd894b3289261c0762f3735e7d/url - {}
RESULT: {}
COMMAND: GET /session/c52f3edd894b3289261c0762f3735e7d/screenshot - {}
RESULT: {}
COMMAND: POST /session/c52f3edd894b3289261c0762f3735e7d/element - {"using":"xpath","value":"//span[contains(text(), \"Header Billing Items\")]"}
RESULT: {"using":"xpath","value":"//span[contains(text(), \"Header Billing Items\")]"}
COMMAND: POST /session/c52f3edd894b3289261c0762f3735e7d/element/f.3F5288151349DEB7A3D01C37BF3D14D1.d.7DAFD9F86D0257A680BBCA6FF63047A4.e.13299/click - {}
RESULT: {}
COMMAND: GET /session/c52f3edd894b3289261c0762f3735e7d/screenshot - {}
RESULT: {}
COMMAND: POST /session/c52f3edd894b3289261c0762f3735e7d/element - {"using":"xpath","value":"//span[contains(@id ,\"contractItemsSmartTable-header-inner\")]"}
RESULT: {"using":"xpath","value":"//span[contains(@id ,\"contractItemsSmartTable-header-inner\")]"}
COMMAND: GET /session/c52f3edd894b3289261c0762f3735e7d/element/f.3F5288151349DEB7A3D01C37BF3D14D1.d.7DAFD9F86D0257A680BBCA6FF63047A4.e.13303/text - {}
RESULT: {}
COMMAND: POST /session/c52f3edd894b3289261c0762f3735e7d/element - {"using":"xpath","value":"//span[@class=\"sapMObjStatusText\"][contains(text(), \"proposed\")]"}
RESULT: {"using":"xpath","value":"//span[@class=\"sapMObjStatusText\"][contains(text(), \"proposed\")]"}
COMMAND: GET /session/c52f3edd894b3289261c0762f3735e7d/element/f.3F5288151349DEB7A3D01C37BF3D14D1.d.7DAFD9F86D0257A680BBCA6FF63047A4.e.13304/text - {}
RESULT: {}
COMMAND: DELETE /session/c52f3edd894b3289261c0762f3735e7d/window - {}
RESULT: {}
COMMAND: POST /session/c52f3edd894b3289261c0762f3735e7d/window - {"handle":"00CEB3DD14B2376F96DB663D79287A8F"}
RESULT: {"handle":"00CEB3DD14B2376F96DB663D79287A8F"}
COMMAND: GET /session/c52f3edd894b3289261c0762f3735e7d/url - {}
RESULT: {}
COMMAND: GET /session/c52f3edd894b3289261c0762f3735e7d/screenshot - {}
RESULT: {}
]]></system-out>
    </testcase>
    <testcase classname="chrome.136_0_7103_93.windows.Process_request_items_into_new_quotation_US120163" name="Should navigate back to the request and check the request and item statuses" time="31.102">
      <system-out><![CDATA[
COMMAND: POST /session/c52f3edd894b3289261c0762f3735e7d/refresh - {}
RESULT: {}
COMMAND: GET /session/c52f3edd894b3289261c0762f3735e7d/screenshot - {}
RESULT: {}
COMMAND: POST /session/c52f3edd894b3289261c0762f3735e7d/execute/async - {"script":"<script> [189 bytes]","args":[]}
RESULT: {"script":"<script> [189 bytes]","args":[]}
COMMAND: POST /session/c52f3edd894b3289261c0762f3735e7d/execute/async - {"script":"<script> [123 bytes]","args":[]}
RESULT: {"script":"<script> [123 bytes]","args":[]}
COMMAND: POST /session/c52f3edd894b3289261c0762f3735e7d/timeouts - {"script":"<number>"}
RESULT: {"script":"<number>"}
COMMAND: GET /session/c52f3edd894b3289261c0762f3735e7d/timeouts - {}
RESULT: {}
RESULT: undefined
COMMAND: POST /session/c52f3edd894b3289261c0762f3735e7d/execute/async - {"script":"<script> [2676 bytes]","args":[]}
RESULT: {"script":"<script> [2676 bytes]","args":[]}
COMMAND: POST /session/c52f3edd894b3289261c0762f3735e7d/execute/async - {"script":"<script> [2342 bytes]","args":[{"protocol":"http","hostname":"0.0.0.0","path":"/","capabilities":{"browserName":"chrome","goog:chromeOptions":{"binary":"C:\\Program Files\\Google\\Chrome\\Application\\chrome.exe","args":["--start-maximized"]}},"logLevel":"warn","connectionRetryTimeout":120000,"connectionRetryCount":3,"logLevels":{},"enableDirectConnect":true,"strictSSL":true,"_":"65 more keys: [\"cacheDir\",\"port\",\"requestedCapabilities\",\"automationProtocol\",\"baseUrl\",\"waitforInterval\",\"waitforTimeout\",\"onReload\",\"beforeCommand\",\"afterCommand\",\"rootDir\",\"specs\",\"suites\",\"exclude\",\"groupLogsByTestSpec\",\"excludeDriverLogs\",\"bail\",\"framework\",\"reporters\",\"services\",\"maxInstances\",\"maxInstancesPerCapability\",\"injectGlobals\",\"filesToWatch\",\"execArgv\",\"runnerEnv\",\"runner\",\"shard\",\"specFileRetries\",\"specFileRetriesDelay\",\"specFileRetriesDeferred\",\"reporterSyncInterval\",\"reporterSyncTimeout\",\"cucumberFeaturesWithLineNumbers\",\"autoCompileOpts\",\"mochaOpts\",\"jasmineOpts\",\"cucumberOpts\",\"onPrepare\",\"onWorkerStart\",\"onWorkerEnd\",\"before\",\"beforeSession\",\"beforeSuite\",\"beforeHook\",\"beforeTest\",\"afterTest\",\"afterHook\",\"afterSuite\",\"afterSession\",\"after\",\"onComplete\",\"beforeAssertion\",\"afterAssertion\",\"beforeFeature\",\"beforeScenario\",\"beforeStep\",\"afterStep\",\"afterScenario\",\"afterFeature\",\"_\",\"suite\",\"$0\",\"ignoredWorkerServices\",\"wdi5\"]"}]}
RESULT: {"script":"<script> [2342 bytes]","args":[{"protocol":"http","hostname":"0.0.0.0","path":"/","capabilities":{"browserName":"chrome","goog:chromeOptions":{"binary":"C:\\Program Files\\Google\\Chrome\\Application\\chrome.exe","args":["--start-maximized"]}},"logLevel":"warn","connectionRetryTimeout":120000,"connectionRetryCount":3,"logLevels":{},"enableDirectConnect":true,"strictSSL":true,"_":"65 more keys: [\"cacheDir\",\"port\",\"requestedCapabilities\",\"automationProtocol\",\"baseUrl\",\"waitforInterval\",\"waitforTimeout\",\"onReload\",\"beforeCommand\",\"afterCommand\",\"rootDir\",\"specs\",\"suites\",\"exclude\",\"groupLogsByTestSpec\",\"excludeDriverLogs\",\"bail\",\"framework\",\"reporters\",\"services\",\"maxInstances\",\"maxInstancesPerCapability\",\"injectGlobals\",\"filesToWatch\",\"execArgv\",\"runnerEnv\",\"runner\",\"shard\",\"specFileRetries\",\"specFileRetriesDelay\",\"specFileRetriesDeferred\",\"reporterSyncInterval\",\"reporterSyncTimeout\",\"cucumberFeaturesWithLineNumbers\",\"autoCompileOpts\",\"mochaOpts\",\"jasmineOpts\",\"cucumberOpts\",\"onPrepare\",\"onWorkerStart\",\"onWorkerEnd\",\"before\",\"beforeSession\",\"beforeSuite\",\"beforeHook\",\"beforeTest\",\"afterTest\",\"afterHook\",\"afterSuite\",\"afterSession\",\"after\",\"onComplete\",\"beforeAssertion\",\"afterAssertion\",\"beforeFeature\",\"beforeScenario\",\"beforeStep\",\"afterStep\",\"afterScenario\",\"afterFeature\",\"_\",\"suite\",\"$0\",\"ignoredWorkerServices\",\"wdi5\"]"}]}
COMMAND: POST /session/c52f3edd894b3289261c0762f3735e7d/execute/async - {"script":"<script> [21126 bytes]","args":[35000]}
RESULT: {"script":"<script> [21126 bytes]","args":[35000]}
COMMAND: POST /session/c52f3edd894b3289261c0762f3735e7d/execute/async - {"script":"<script> [1562 bytes]","args":[{"selector":{"controlType":"sap.m.Text","viewName":"etm.portal.ui.managerequests.view.Detail","bindingPath":{"path":"/SmartRequestItemsPlanningBoard(ITEM=10m,REQUEST='20108')","propertyPath":"STATUS_DESC"}},"wdio_ui5_key":"etmportal.ui.managerequests.view.Detailsap.m.Text{\"path\":\"/SmartRequestItemsPlanningBoard(ITEM=10m,REQUEST='20108')\",\"propertyPath\":\"STATUS_DESC\"}"}]}
RESULT: {"script":"<script> [1562 bytes]","args":[{"selector":{"controlType":"sap.m.Text","viewName":"etm.portal.ui.managerequests.view.Detail","bindingPath":{"path":"/SmartRequestItemsPlanningBoard(ITEM=10m,REQUEST='20108')","propertyPath":"STATUS_DESC"}},"wdio_ui5_key":"etmportal.ui.managerequests.view.Detailsap.m.Text{\"path\":\"/SmartRequestItemsPlanningBoard(ITEM=10m,REQUEST='20108')\",\"propertyPath\":\"STATUS_DESC\"}"}]}
RESULT: undefined
COMMAND: POST /session/c52f3edd894b3289261c0762f3735e7d/execute/async - {"script":"<script> [6424 bytes]","args":[{"element-6066-11e4-a52e-4f735466cecf":"f.00CEB3DD14B2376F96DB663D79287A8F.d.56C88DB0A7568EE0FF4172AC15FD7E0F.e.13516"},"getText",[]]}
RESULT: {"script":"<script> [6424 bytes]","args":[{"element-6066-11e4-a52e-4f735466cecf":"f.00CEB3DD14B2376F96DB663D79287A8F.d.56C88DB0A7568EE0FF4172AC15FD7E0F.e.13516"},"getText",[]]}
COMMAND: POST /session/c52f3edd894b3289261c0762f3735e7d/execute/async - {"script":"<script> [1562 bytes]","args":[{"selector":{"controlType":"sap.m.ObjectStatus","viewName":"etm.portal.ui.managerequests.view.Detail","bindingPath":{"path":"/RequestHeaders('20108')","propertyPath":"LINK_TO_STATUS/DESCRIPTION","modelName":"catalogModel"}},"wdio_ui5_key":"etmportal.ui.managerequests.view.Detailsap.m.ObjectStatus{\"path\":\"/RequestHeaders('20108')\",\"propertyPath\":\"LINK_TO_STATUS/DESCRIPTION\",\"modelName\":\"catalogModel\"}"}]}
RESULT: {"script":"<script> [1562 bytes]","args":[{"selector":{"controlType":"sap.m.ObjectStatus","viewName":"etm.portal.ui.managerequests.view.Detail","bindingPath":{"path":"/RequestHeaders('20108')","propertyPath":"LINK_TO_STATUS/DESCRIPTION","modelName":"catalogModel"}},"wdio_ui5_key":"etmportal.ui.managerequests.view.Detailsap.m.ObjectStatus{\"path\":\"/RequestHeaders('20108')\",\"propertyPath\":\"LINK_TO_STATUS/DESCRIPTION\",\"modelName\":\"catalogModel\"}"}]}
RESULT: undefined
COMMAND: POST /session/c52f3edd894b3289261c0762f3735e7d/execute/async - {"script":"<script> [6424 bytes]","args":[{"element-6066-11e4-a52e-4f735466cecf":"f.00CEB3DD14B2376F96DB663D79287A8F.d.56C88DB0A7568EE0FF4172AC15FD7E0F.e.13517"},"getText",[]]}
RESULT: {"script":"<script> [6424 bytes]","args":[{"element-6066-11e4-a52e-4f735466cecf":"f.00CEB3DD14B2376F96DB663D79287A8F.d.56C88DB0A7568EE0FF4172AC15FD7E0F.e.13517"},"getText",[]]}
COMMAND: DELETE /session/c52f3edd894b3289261c0762f3735e7d - {}
RESULT: {}
]]></system-out>
    </testcase>
  </testsuite>
</testsuites>